<?xml version="1.0" encoding="UTF-8"?>
<quiz>
<!-- question: 0  -->
  <question type="category">
    <category>
      <text>$course$/top/Výchozí v B192-2011068</text>
    </category>
    <info format="html">
      <text><![CDATA[Výchozí kategorie pro úlohy sdílené v kontextu "B192-2011068".]]></text>
    </info>
    <idnumber></idnumber>
  </question>

<!-- question: 0  -->
  <question type="category">
    <category>
      <text>$course$/top/Výchozí v B192-2011068/OM/Téma 6/křivkový-vektorová-kružnice</text>
    </category>
    <info format="html">
      <text></text>
    </info>
    <idnumber></idnumber>
  </question>

<!-- question: 137814  -->
  <question type="formulas">
    <name>
      <text>křivkový vektorová 5 (kružnice)</text>
    </name>
    <questiontext format="html">
      <text><![CDATA[<p>Vypočtěte křivkový integrál $$\int_C\ (y,\ x)\ {\rm d}\vec s,$$ $$\mbox{ kde křivka } C =\{[x,\ y]\in\mathbb E_2: x^2 + y^2 = {a2},\ x\geq 0,\ y\geq 0\},\ \mbox{počáteční bod je }A = [{a},\ 0].$$ <br></p>]]></text>
    </questiontext>
    <generalfeedback format="html">
      <text><![CDATA[<p>Možný postup.<br></p><p>1. Navrhněte parametrizaci \(P(t)\) kružnice, například $$P(t) = [{a}\cos t ,\&nbsp; {a}\sin t],\ t\in\langle 0,\ \frac \pi 2\rangle .$$<br></p><p>2. Určete tečný vektor \(\dot{P}(t) = (-{a}\sin t,\ {a}\cos t) \).</p><p>3. Vyjádřete integrovanou funkci pomocí zvolené parametrizace, \(\vec f(P(t))\), a \( {\rm d} \vec s = \dot{P}(t)\ {\rm d}t\).</p><p>4. Převeďte křivkový integrál na Riemannův integrál $$\displaystyle \int_C \ (y,\ x)\ {\rm d}\vec s = \int_0^{\frac\pi 2}\ \vec f(P(t))\cdot \dot P(t) {\rm d} t$$<br></p>]]></text>
    </generalfeedback>
    <defaultgrade>1.0000000</defaultgrade>
    <penalty>0.0000000</penalty>
    <hidden>0</hidden>
    <idnumber></idnumber>
    <correctfeedback format="html">
      <text>Vaše odpověď je správná.</text>
    </correctfeedback>
    <partiallycorrectfeedback format="html">
      <text>Vaše odpověď je částečně správná.</text>
    </partiallycorrectfeedback>
    <incorrectfeedback format="html">
      <text>Vaše odpověď je chybná.</text>
    </incorrectfeedback>
    <shownumcorrect/>
<varsrandom><text>a={2:5}</text>
</varsrandom>
<varsglobal><text>a2=a*a;
V=0;</text>
</varsglobal>
<answernumbering><text>abc</text>
</answernumbering>
<answers>
 <partindex>
  <text>0</text>
 </partindex>
 <placeholder>
  <text></text>
 </placeholder>
 <answermark>
  <text>1</text>
 </answermark>
 <answertype>
  <text>10</text>
 </answertype>
 <numbox>
  <text>1</text>
 </numbox>
 <vars1>
  <text></text>
 </vars1>
 <answer>
  <text>V</text>
 </answer>
 <vars2>
  <text></text>
 </vars2>
 <correctness>
  <text><![CDATA[_relerr < 0.01]]></text>
 </correctness>
 <unitpenalty>
  <text>1</text>
 </unitpenalty>
 <postunit>
  <text></text>
 </postunit>
 <ruleid>
  <text>1</text>
 </ruleid>
 <otherrule>
  <text></text>
 </otherrule>
 <subqtext format="html">
<text><![CDATA[<p>Výsledek: {_0}<br></p>]]></text>
 </subqtext>
 <feedback format="html">
<text></text>
 </feedback>
 <correctfeedback format="html">
<text></text>
 </correctfeedback>
 <partiallycorrectfeedback format="html">
<text></text>
 </partiallycorrectfeedback>
 <incorrectfeedback format="html">
<text></text>
 </incorrectfeedback>
</answers>
  </question>

<!-- question: 137815  -->
  <question type="formulas">
    <name>
      <text>křivkový vektorová 6 (kružnice)</text>
    </name>
    <questiontext format="html">
      <text><![CDATA[<p>Vypočtěte křivkový integrál $$\int_C\ \left(\frac{x}{(x^2+y^2)^3},\ \frac{-y}{(x^2+y^2)^3}\right)\ {\rm d}\vec s,$$ $$\mbox{ kde křivka } C =\{[x,\ y]\in\mathbb E_2: x^2 + y^2 = {a2},\ x\geq 0,\ y\geq 0\},\ \mbox{počáteční bod je }A = [{a},\ 0].$$ <br></p>]]></text>
    </questiontext>
    <generalfeedback format="html">
      <text><![CDATA[<p>Možný postup.<br></p><p>1. Navrhněte parametrizaci \(P(t)\) kružnice, například $$P(t) = [{a}\cos t ,\&nbsp; {a}\sin t],\ t\in\langle 0,\ \frac \pi 2\rangle .$$<br></p><p>2. Určete tečný vektor \(\dot{P}(t) = (-{a}\sin t,\ {a}\cos t) \).</p><p>3. Vyjádřete integrovanou funkci pomocí zvolené parametrizace, \(\vec f(P(t))\), a \( {\rm d} \vec s = \dot{P}(t)\ {\rm d}t\).</p><p>4. Převeďte křivkový integrál na Riemannův integrál $$\displaystyle \int_C \ \left(\frac{x}{(x^2+y^2)^3},\ \frac{-y}{(x^2+y^2)^3}\right)\ {\rm d}\vec s = \int_0^{\frac\pi 2}\ \vec f(P(t))\cdot \dot P(t) {\rm d} t$$<br></p>]]></text>
    </generalfeedback>
    <defaultgrade>1.0000000</defaultgrade>
    <penalty>0.0000000</penalty>
    <hidden>0</hidden>
    <idnumber></idnumber>
    <correctfeedback format="html">
      <text>Vaše odpověď je správná.</text>
    </correctfeedback>
    <partiallycorrectfeedback format="html">
      <text>Vaše odpověď je částečně správná.</text>
    </partiallycorrectfeedback>
    <incorrectfeedback format="html">
      <text>Vaše odpověď je chybná.</text>
    </incorrectfeedback>
    <shownumcorrect/>
<varsrandom><text>a={2:5}</text>
</varsrandom>
<varsglobal><text>a2=a*a;
V=-1/(a2*a2);</text>
</varsglobal>
<answernumbering><text>abc</text>
</answernumbering>
<answers>
 <partindex>
  <text>0</text>
 </partindex>
 <placeholder>
  <text></text>
 </placeholder>
 <answermark>
  <text>1</text>
 </answermark>
 <answertype>
  <text>10</text>
 </answertype>
 <numbox>
  <text>1</text>
 </numbox>
 <vars1>
  <text></text>
 </vars1>
 <answer>
  <text>V</text>
 </answer>
 <vars2>
  <text></text>
 </vars2>
 <correctness>
  <text><![CDATA[_relerr < 0.01]]></text>
 </correctness>
 <unitpenalty>
  <text>1</text>
 </unitpenalty>
 <postunit>
  <text></text>
 </postunit>
 <ruleid>
  <text>1</text>
 </ruleid>
 <otherrule>
  <text></text>
 </otherrule>
 <subqtext format="html">
<text><![CDATA[<p>Výsledek: {_0}<br></p>]]></text>
 </subqtext>
 <feedback format="html">
<text></text>
 </feedback>
 <correctfeedback format="html">
<text></text>
 </correctfeedback>
 <partiallycorrectfeedback format="html">
<text></text>
 </partiallycorrectfeedback>
 <incorrectfeedback format="html">
<text></text>
 </incorrectfeedback>
</answers>
  </question>

<!-- question: 137817  -->
  <question type="formulas">
    <name>
      <text>křivkový vektorová 7 (elipsa)</text>
    </name>
    <questiontext format="html">
      <text><![CDATA[<p>Vypočtěte křivkový integrál $$\int_C\ (xy - 1,\ x^2y)\ {\rm d}\vec s,$$ $$\mbox{ kde křivka } C =\{[x,\ y]\in\mathbb E_2: \frac{x^2}{{a2}} + \frac{y^2}{{b2}} = 1\},\ \mbox{ od }A = [{a},\ 0] \mbox{ do } B=[0,\ {b}].$$ <br></p>]]></text>
    </questiontext>
    <generalfeedback format="html">
      <text><![CDATA[<p>Možný postup.<br></p><p>1. Navrhněte parametrizaci \(P(t)\) kružnice, například $$P(t) = [{a}\cos t ,\&nbsp; {b}\sin t],\ t\in\langle 0,\ \frac \pi 2\rangle .$$<br></p><p>2. Určete tečný vektor \(\dot{P}(t) = (-{a}\sin t,\ {b}\cos t) \).</p><p>3. Vyjádřete integrovanou funkci pomocí zvolené parametrizace, \(\vec f(P(t))\), a \( {\rm d} \vec s = \dot{P}(t)\ {\rm d}t\).</p><p>4. Převeďte křivkový integrál na Riemannův integrál $$\displaystyle \int_C \ (xy - 1,\ x^2y)\ {\rm d}\vec s = \int_0^{\frac\pi 2}\ \vec f(P(t))\cdot \dot P(t) {\rm d} t$$<br></p>]]></text>
    </generalfeedback>
    <defaultgrade>1.0000000</defaultgrade>
    <penalty>0.0000000</penalty>
    <hidden>0</hidden>
    <idnumber></idnumber>
    <correctfeedback format="html">
      <text>Vaše odpověď je správná.</text>
    </correctfeedback>
    <partiallycorrectfeedback format="html">
      <text>Vaše odpověď je částečně správná.</text>
    </partiallycorrectfeedback>
    <incorrectfeedback format="html">
      <text>Vaše odpověď je chybná.</text>
    </incorrectfeedback>
    <shownumcorrect/>
<varsrandom><text>a={2:5} ; </text>
</varsrandom>
<varsglobal><text>b=a+1;
a2=a*a; b2 = b*b;
V=a2*b2/4 -a2*b/3 + a;</text>
</varsglobal>
<answernumbering><text>abc</text>
</answernumbering>
<answers>
 <partindex>
  <text>0</text>
 </partindex>
 <placeholder>
  <text></text>
 </placeholder>
 <answermark>
  <text>1</text>
 </answermark>
 <answertype>
  <text>10</text>
 </answertype>
 <numbox>
  <text>1</text>
 </numbox>
 <vars1>
  <text></text>
 </vars1>
 <answer>
  <text>V</text>
 </answer>
 <vars2>
  <text></text>
 </vars2>
 <correctness>
  <text><![CDATA[_relerr < 0.01]]></text>
 </correctness>
 <unitpenalty>
  <text>1</text>
 </unitpenalty>
 <postunit>
  <text></text>
 </postunit>
 <ruleid>
  <text>1</text>
 </ruleid>
 <otherrule>
  <text></text>
 </otherrule>
 <subqtext format="html">
<text><![CDATA[<p>Výsledek: {_0}<br></p>]]></text>
 </subqtext>
 <feedback format="html">
<text></text>
 </feedback>
 <correctfeedback format="html">
<text></text>
 </correctfeedback>
 <partiallycorrectfeedback format="html">
<text></text>
 </partiallycorrectfeedback>
 <incorrectfeedback format="html">
<text></text>
 </incorrectfeedback>
</answers>
  </question>

</quiz>