<?xml version="1.0" encoding="UTF-8"?>
<quiz>
<!-- question: 0  -->
  <question type="category">
    <category>
      <text>$course$/top/Výchozí v B192-2011068</text>
    </category>
    <info format="html">
      <text><![CDATA[Výchozí kategorie pro úlohy sdílené v kontextu "B192-2011068".]]></text>
    </info>
    <idnumber></idnumber>
  </question>

<!-- question: 0  -->
  <question type="category">
    <category>
      <text>$course$/top/Výchozí v B192-2011068/OM/Téma 5/trojny_kvadr</text>
    </category>
    <info format="html">
      <text>Výpočet trojného integrálu - množina integrace je kvádr.</text>
    </info>
    <idnumber></idnumber>
  </question>

<!-- question: 134858  -->
  <question type="formulas">
    <name>
      <text>trojny 1</text>
    </name>
    <questiontext format="html">
      <text><![CDATA[<p>Vypočtěte integrál $$\iiint_W \ln x^{yz}\ {\rm d}x{\rm d}y{\rm d}z,$$ $$\mbox{kde }\&nbsp; W = \{[x,y,z]\in\mathbb{E}_3:\ x\in\langle 1,\ 2\rangle,\ y\in\langle 0,\ 1\rangle,\ z\in\langle 0,\ 1\rangle \} $$<br></p>]]></text>
    </questiontext>
    <generalfeedback format="html">
      <text></text>
    </generalfeedback>
    <defaultgrade>1.0000000</defaultgrade>
    <penalty>0.3333333</penalty>
    <hidden>0</hidden>
    <idnumber></idnumber>
    <correctfeedback format="html">
      <text>Vaše odpověď je správná.</text>
    </correctfeedback>
    <partiallycorrectfeedback format="html">
      <text>Vaše odpověď je částečně správná.</text>
    </partiallycorrectfeedback>
    <incorrectfeedback format="html">
      <text>Vaše odpověď je chybná.</text>
    </incorrectfeedback>
    <shownumcorrect/>
<varsrandom><text></text>
</varsrandom>
<varsglobal><text></text>
</varsglobal>
<answernumbering><text>abc</text>
</answernumbering>
<answers>
 <partindex>
  <text>0</text>
 </partindex>
 <placeholder>
  <text></text>
 </placeholder>
 <answermark>
  <text>1</text>
 </answermark>
 <answertype>
  <text>10</text>
 </answertype>
 <numbox>
  <text>1</text>
 </numbox>
 <vars1>
  <text></text>
 </vars1>
 <answer>
  <text>0.25*(log(4) -1)</text>
 </answer>
 <vars2>
  <text></text>
 </vars2>
 <correctness>
  <text><![CDATA[_relerr < 0.01]]></text>
 </correctness>
 <unitpenalty>
  <text>1</text>
 </unitpenalty>
 <postunit>
  <text></text>
 </postunit>
 <ruleid>
  <text>1</text>
 </ruleid>
 <otherrule>
  <text></text>
 </otherrule>
 <subqtext format="html">
<text><![CDATA[<p>Výsledek {_0}<br></p>]]></text>
 </subqtext>
 <feedback format="html">
<text></text>
 </feedback>
 <correctfeedback format="html">
<text></text>
 </correctfeedback>
 <partiallycorrectfeedback format="html">
<text></text>
 </partiallycorrectfeedback>
 <incorrectfeedback format="html">
<text></text>
 </incorrectfeedback>
</answers>
  </question>

<!-- question: 134869  -->
  <question type="formulas">
    <name>
      <text>trojny 10</text>
    </name>
    <questiontext format="html">
      <text><![CDATA[<p>Vypočtěte integrál $$\iiint_W (x+y)\ {\rm d}x{\rm d}y{\rm d}z,$$ $$\mbox{kde }\&nbsp; W = \{[x,y,z]\in\mathbb{E}_3:\ x\in\langle 0,\ 1\rangle,\ y\in\langle 0,\ 2\rangle,\ z\in\langle 0\ 3\rangle \} $$<br></p>]]></text>
    </questiontext>
    <generalfeedback format="html">
      <text></text>
    </generalfeedback>
    <defaultgrade>1.0000000</defaultgrade>
    <penalty>0.3333333</penalty>
    <hidden>0</hidden>
    <idnumber></idnumber>
    <correctfeedback format="html">
      <text>Vaše odpověď je správná.</text>
    </correctfeedback>
    <partiallycorrectfeedback format="html">
      <text>Vaše odpověď je částečně správná.</text>
    </partiallycorrectfeedback>
    <incorrectfeedback format="html">
      <text>Vaše odpověď je chybná.</text>
    </incorrectfeedback>
    <shownumcorrect/>
<varsrandom><text></text>
</varsrandom>
<varsglobal><text></text>
</varsglobal>
<answernumbering><text>abc</text>
</answernumbering>
<answers>
 <partindex>
  <text>0</text>
 </partindex>
 <placeholder>
  <text></text>
 </placeholder>
 <answermark>
  <text>1</text>
 </answermark>
 <answertype>
  <text>10</text>
 </answertype>
 <numbox>
  <text>1</text>
 </numbox>
 <vars1>
  <text></text>
 </vars1>
 <answer>
  <text>9</text>
 </answer>
 <vars2>
  <text></text>
 </vars2>
 <correctness>
  <text><![CDATA[_relerr < 0.01]]></text>
 </correctness>
 <unitpenalty>
  <text>1</text>
 </unitpenalty>
 <postunit>
  <text></text>
 </postunit>
 <ruleid>
  <text>1</text>
 </ruleid>
 <otherrule>
  <text></text>
 </otherrule>
 <subqtext format="html">
<text><![CDATA[<p>Výsledek {_0}<br></p>]]></text>
 </subqtext>
 <feedback format="html">
<text></text>
 </feedback>
 <correctfeedback format="html">
<text></text>
 </correctfeedback>
 <partiallycorrectfeedback format="html">
<text></text>
 </partiallycorrectfeedback>
 <incorrectfeedback format="html">
<text></text>
 </incorrectfeedback>
</answers>
  </question>

<!-- question: 134871  -->
  <question type="formulas">
    <name>
      <text>trojny 11</text>
    </name>
    <questiontext format="html">
      <text><![CDATA[<p>Vypočtěte integrál $$\iiint_W \frac{1}{1-x-y}\ {\rm d}x{\rm d}y{\rm d}z,$$ $$\mbox{kde }\&nbsp; W = \{[x,y,z]\in\mathbb{E}_3:\ x\in\langle 0,\ 1\rangle,\ y\in\langle 2,\ 5\rangle,\ z\in\langle 2\ 4\rangle \} $$<br></p>]]></text>
    </questiontext>
    <generalfeedback format="html">
      <text></text>
    </generalfeedback>
    <defaultgrade>1.0000000</defaultgrade>
    <penalty>0.3333333</penalty>
    <hidden>0</hidden>
    <idnumber></idnumber>
    <correctfeedback format="html">
      <text>Vaše odpověď je správná.</text>
    </correctfeedback>
    <partiallycorrectfeedback format="html">
      <text>Vaše odpověď je částečně správná.</text>
    </partiallycorrectfeedback>
    <incorrectfeedback format="html">
      <text>Vaše odpověď je chybná.</text>
    </incorrectfeedback>
    <shownumcorrect/>
<varsrandom><text></text>
</varsrandom>
<varsglobal><text></text>
</varsglobal>
<answernumbering><text>abc</text>
</answernumbering>
<answers>
 <partindex>
  <text>0</text>
 </partindex>
 <placeholder>
  <text></text>
 </placeholder>
 <answermark>
  <text>1</text>
 </answermark>
 <answertype>
  <text>10</text>
 </answertype>
 <numbox>
  <text>1</text>
 </numbox>
 <vars1>
  <text></text>
 </vars1>
 <answer>
  <text>10*log(0.8)</text>
 </answer>
 <vars2>
  <text></text>
 </vars2>
 <correctness>
  <text><![CDATA[_relerr < 0.01]]></text>
 </correctness>
 <unitpenalty>
  <text>1</text>
 </unitpenalty>
 <postunit>
  <text></text>
 </postunit>
 <ruleid>
  <text>1</text>
 </ruleid>
 <otherrule>
  <text></text>
 </otherrule>
 <subqtext format="html">
<text><![CDATA[<p>Výsledek {_0}<br></p>]]></text>
 </subqtext>
 <feedback format="html">
<text></text>
 </feedback>
 <correctfeedback format="html">
<text></text>
 </correctfeedback>
 <partiallycorrectfeedback format="html">
<text></text>
 </partiallycorrectfeedback>
 <incorrectfeedback format="html">
<text></text>
 </incorrectfeedback>
</answers>
  </question>

<!-- question: 134872  -->
  <question type="formulas">
    <name>
      <text>trojny 12</text>
    </name>
    <questiontext format="html">
      <text><![CDATA[<p>Vypočtěte integrál $$\iiint_W \left(\frac 1x + \frac 1y + \frac 1z\right) {\rm d}x{\rm d}y{\rm d}z,$$ $$\mbox{kde }\&nbsp; W = \{[x,y,z]\in\mathbb{E}_3:\ x\in\langle 1,\ 2\rangle,\ y\in\langle 1,\ 2\rangle,\ z\in\langle 1\ 2\rangle \} $$<br></p>]]></text>
    </questiontext>
    <generalfeedback format="html">
      <text></text>
    </generalfeedback>
    <defaultgrade>1.0000000</defaultgrade>
    <penalty>0.3333333</penalty>
    <hidden>0</hidden>
    <idnumber></idnumber>
    <correctfeedback format="html">
      <text>Vaše odpověď je správná.</text>
    </correctfeedback>
    <partiallycorrectfeedback format="html">
      <text>Vaše odpověď je částečně správná.</text>
    </partiallycorrectfeedback>
    <incorrectfeedback format="html">
      <text>Vaše odpověď je chybná.</text>
    </incorrectfeedback>
    <shownumcorrect/>
<varsrandom><text></text>
</varsrandom>
<varsglobal><text></text>
</varsglobal>
<answernumbering><text>abc</text>
</answernumbering>
<answers>
 <partindex>
  <text>0</text>
 </partindex>
 <placeholder>
  <text></text>
 </placeholder>
 <answermark>
  <text>1</text>
 </answermark>
 <answertype>
  <text>10</text>
 </answertype>
 <numbox>
  <text>1</text>
 </numbox>
 <vars1>
  <text></text>
 </vars1>
 <answer>
  <text>3*log(2)</text>
 </answer>
 <vars2>
  <text></text>
 </vars2>
 <correctness>
  <text><![CDATA[_relerr < 0.01]]></text>
 </correctness>
 <unitpenalty>
  <text>1</text>
 </unitpenalty>
 <postunit>
  <text></text>
 </postunit>
 <ruleid>
  <text>1</text>
 </ruleid>
 <otherrule>
  <text></text>
 </otherrule>
 <subqtext format="html">
<text><![CDATA[<p>Výsledek {_0}<br></p>]]></text>
 </subqtext>
 <feedback format="html">
<text></text>
 </feedback>
 <correctfeedback format="html">
<text></text>
 </correctfeedback>
 <partiallycorrectfeedback format="html">
<text></text>
 </partiallycorrectfeedback>
 <incorrectfeedback format="html">
<text></text>
 </incorrectfeedback>
</answers>
  </question>

<!-- question: 134873  -->
  <question type="formulas">
    <name>
      <text>trojny 13</text>
    </name>
    <questiontext format="html">
      <text><![CDATA[<p>Vypočtěte integrál $$\iiint_W \left(x^2+y^2+z^2\right) {\rm d}x{\rm d}y{\rm d}z,$$ $$\mbox{kde }\&nbsp; W = \{[x,y,z]\in\mathbb{E}_3:\ x\in\langle -1,\ 1\rangle,\ y\in\langle 0,\ 2\rangle,\ z\in\langle 0\ 1\rangle \} $$<br></p>]]></text>
    </questiontext>
    <generalfeedback format="html">
      <text></text>
    </generalfeedback>
    <defaultgrade>1.0000000</defaultgrade>
    <penalty>0.3333333</penalty>
    <hidden>0</hidden>
    <idnumber></idnumber>
    <correctfeedback format="html">
      <text>Vaše odpověď je správná.</text>
    </correctfeedback>
    <partiallycorrectfeedback format="html">
      <text>Vaše odpověď je částečně správná.</text>
    </partiallycorrectfeedback>
    <incorrectfeedback format="html">
      <text>Vaše odpověď je chybná.</text>
    </incorrectfeedback>
    <shownumcorrect/>
<varsrandom><text></text>
</varsrandom>
<varsglobal><text></text>
</varsglobal>
<answernumbering><text>abc</text>
</answernumbering>
<answers>
 <partindex>
  <text>0</text>
 </partindex>
 <placeholder>
  <text></text>
 </placeholder>
 <answermark>
  <text>1</text>
 </answermark>
 <answertype>
  <text>10</text>
 </answertype>
 <numbox>
  <text>1</text>
 </numbox>
 <vars1>
  <text></text>
 </vars1>
 <answer>
  <text>8</text>
 </answer>
 <vars2>
  <text></text>
 </vars2>
 <correctness>
  <text><![CDATA[_relerr < 0.01]]></text>
 </correctness>
 <unitpenalty>
  <text>1</text>
 </unitpenalty>
 <postunit>
  <text></text>
 </postunit>
 <ruleid>
  <text>1</text>
 </ruleid>
 <otherrule>
  <text></text>
 </otherrule>
 <subqtext format="html">
<text><![CDATA[<p>Výsledek {_0}<br></p>]]></text>
 </subqtext>
 <feedback format="html">
<text></text>
 </feedback>
 <correctfeedback format="html">
<text></text>
 </correctfeedback>
 <partiallycorrectfeedback format="html">
<text></text>
 </partiallycorrectfeedback>
 <incorrectfeedback format="html">
<text></text>
 </incorrectfeedback>
</answers>
  </question>

<!-- question: 134877  -->
  <question type="formulas">
    <name>
      <text>trojny 14</text>
    </name>
    <questiontext format="html">
      <text><![CDATA[<p>Vypočtěte integrál $$\iiint_W (x-2z)\sin(x+y) {\rm d}x{\rm d}y{\rm d}z,$$ $$\mbox{kde }\&nbsp; W = \{[x,y,z]\in\mathbb{E}_3:\ x\in\langle 0,\ \pi\rangle,\ y\in\langle 0,\ \frac \pi 2\rangle,\ z\in\langle 0\ 2\rangle \} $$<br></p>]]></text>
    </questiontext>
    <generalfeedback format="html">
      <text></text>
    </generalfeedback>
    <defaultgrade>1.0000000</defaultgrade>
    <penalty>0.3333333</penalty>
    <hidden>0</hidden>
    <idnumber></idnumber>
    <correctfeedback format="html">
      <text>Vaše odpověď je správná.</text>
    </correctfeedback>
    <partiallycorrectfeedback format="html">
      <text>Vaše odpověď je částečně správná.</text>
    </partiallycorrectfeedback>
    <incorrectfeedback format="html">
      <text>Vaše odpověď je chybná.</text>
    </incorrectfeedback>
    <shownumcorrect/>
<varsrandom><text></text>
</varsrandom>
<varsglobal><text></text>
</varsglobal>
<answernumbering><text>abc</text>
</answernumbering>
<answers>
 <partindex>
  <text>0</text>
 </partindex>
 <placeholder>
  <text></text>
 </placeholder>
 <answermark>
  <text>1</text>
 </answermark>
 <answertype>
  <text>10</text>
 </answertype>
 <numbox>
  <text>1</text>
 </numbox>
 <vars1>
  <text></text>
 </vars1>
 <answer>
  <text>2*pi() -12</text>
 </answer>
 <vars2>
  <text></text>
 </vars2>
 <correctness>
  <text><![CDATA[_relerr < 0.01]]></text>
 </correctness>
 <unitpenalty>
  <text>1</text>
 </unitpenalty>
 <postunit>
  <text></text>
 </postunit>
 <ruleid>
  <text>1</text>
 </ruleid>
 <otherrule>
  <text></text>
 </otherrule>
 <subqtext format="html">
<text><![CDATA[<p>Výsledek {_0}<br></p>]]></text>
 </subqtext>
 <feedback format="html">
<text></text>
 </feedback>
 <correctfeedback format="html">
<text></text>
 </correctfeedback>
 <partiallycorrectfeedback format="html">
<text></text>
 </partiallycorrectfeedback>
 <incorrectfeedback format="html">
<text></text>
 </incorrectfeedback>
</answers>
  </question>

<!-- question: 134878  -->
  <question type="formulas">
    <name>
      <text>trojny 15</text>
    </name>
    <questiontext format="html">
      <text><![CDATA[<p>Vypočtěte integrál $$\iiint_W xyz\ {\rm d}x{\rm d}y{\rm d}z,$$ $$\mbox{kde }\&nbsp; W = \{[x,y,z]\in\mathbb{E}_3:\ x\in\langle 0,\ 2\rangle,\ y\in\langle 1,\ 3\rangle,\ z\in\langle 1,\ 3\rangle \} $$<br></p>]]></text>
    </questiontext>
    <generalfeedback format="html">
      <text></text>
    </generalfeedback>
    <defaultgrade>1.0000000</defaultgrade>
    <penalty>0.3333333</penalty>
    <hidden>0</hidden>
    <idnumber></idnumber>
    <correctfeedback format="html">
      <text>Vaše odpověď je správná.</text>
    </correctfeedback>
    <partiallycorrectfeedback format="html">
      <text>Vaše odpověď je částečně správná.</text>
    </partiallycorrectfeedback>
    <incorrectfeedback format="html">
      <text>Vaše odpověď je chybná.</text>
    </incorrectfeedback>
    <shownumcorrect/>
<varsrandom><text></text>
</varsrandom>
<varsglobal><text></text>
</varsglobal>
<answernumbering><text>abc</text>
</answernumbering>
<answers>
 <partindex>
  <text>0</text>
 </partindex>
 <placeholder>
  <text></text>
 </placeholder>
 <answermark>
  <text>1</text>
 </answermark>
 <answertype>
  <text>10</text>
 </answertype>
 <numbox>
  <text>1</text>
 </numbox>
 <vars1>
  <text></text>
 </vars1>
 <answer>
  <text>32</text>
 </answer>
 <vars2>
  <text></text>
 </vars2>
 <correctness>
  <text><![CDATA[_relerr < 0.01]]></text>
 </correctness>
 <unitpenalty>
  <text>1</text>
 </unitpenalty>
 <postunit>
  <text></text>
 </postunit>
 <ruleid>
  <text>1</text>
 </ruleid>
 <otherrule>
  <text></text>
 </otherrule>
 <subqtext format="html">
<text><![CDATA[<p>Výsledek {_0}<br></p>]]></text>
 </subqtext>
 <feedback format="html">
<text></text>
 </feedback>
 <correctfeedback format="html">
<text></text>
 </correctfeedback>
 <partiallycorrectfeedback format="html">
<text></text>
 </partiallycorrectfeedback>
 <incorrectfeedback format="html">
<text></text>
 </incorrectfeedback>
</answers>
  </question>

<!-- question: 134879  -->
  <question type="formulas">
    <name>
      <text>trojny 16</text>
    </name>
    <questiontext format="html">
      <text><![CDATA[<p>Vypočtěte integrál $$\iiint_W (x+y+z)\ {\rm d}x{\rm d}y{\rm d}z,$$ $$\mbox{kde }\&nbsp; W = \{[x,y,z]\in\mathbb{E}_3:\ x\in\langle 0,\ 1\rangle,\ y\in\langle 0,\ 2\rangle,\ z\in\langle 0\ 3\rangle \} $$<br></p>]]></text>
    </questiontext>
    <generalfeedback format="html">
      <text></text>
    </generalfeedback>
    <defaultgrade>1.0000000</defaultgrade>
    <penalty>0.3333333</penalty>
    <hidden>0</hidden>
    <idnumber></idnumber>
    <correctfeedback format="html">
      <text>Vaše odpověď je správná.</text>
    </correctfeedback>
    <partiallycorrectfeedback format="html">
      <text>Vaše odpověď je částečně správná.</text>
    </partiallycorrectfeedback>
    <incorrectfeedback format="html">
      <text>Vaše odpověď je chybná.</text>
    </incorrectfeedback>
    <shownumcorrect/>
<varsrandom><text></text>
</varsrandom>
<varsglobal><text></text>
</varsglobal>
<answernumbering><text>abc</text>
</answernumbering>
<answers>
 <partindex>
  <text>0</text>
 </partindex>
 <placeholder>
  <text></text>
 </placeholder>
 <answermark>
  <text>1</text>
 </answermark>
 <answertype>
  <text>10</text>
 </answertype>
 <numbox>
  <text>1</text>
 </numbox>
 <vars1>
  <text></text>
 </vars1>
 <answer>
  <text>18</text>
 </answer>
 <vars2>
  <text></text>
 </vars2>
 <correctness>
  <text><![CDATA[_relerr < 0.01]]></text>
 </correctness>
 <unitpenalty>
  <text>1</text>
 </unitpenalty>
 <postunit>
  <text></text>
 </postunit>
 <ruleid>
  <text>1</text>
 </ruleid>
 <otherrule>
  <text></text>
 </otherrule>
 <subqtext format="html">
<text><![CDATA[<p>Výsledek {_0}<br></p>]]></text>
 </subqtext>
 <feedback format="html">
<text></text>
 </feedback>
 <correctfeedback format="html">
<text></text>
 </correctfeedback>
 <partiallycorrectfeedback format="html">
<text></text>
 </partiallycorrectfeedback>
 <incorrectfeedback format="html">
<text></text>
 </incorrectfeedback>
</answers>
  </question>

<!-- question: 134880  -->
  <question type="formulas">
    <name>
      <text>trojny 17</text>
    </name>
    <questiontext format="html">
      <text><![CDATA[<p>Vypočtěte integrál $$\iiint_W \sqrt{xyz}\ {\rm d}x{\rm d}y{\rm d}z,$$ $$\mbox{kde }\&nbsp; W = \{[x,y,z]\in\mathbb{E}_3:\ x\in\langle 0,\ 1\rangle,\ y\in\langle 0,\ 9\rangle,\ z\in\langle 0,\ 16\rangle \} $$<br></p>]]></text>
    </questiontext>
    <generalfeedback format="html">
      <text></text>
    </generalfeedback>
    <defaultgrade>1.0000000</defaultgrade>
    <penalty>0.3333333</penalty>
    <hidden>0</hidden>
    <idnumber></idnumber>
    <correctfeedback format="html">
      <text>Vaše odpověď je správná.</text>
    </correctfeedback>
    <partiallycorrectfeedback format="html">
      <text>Vaše odpověď je částečně správná.</text>
    </partiallycorrectfeedback>
    <incorrectfeedback format="html">
      <text>Vaše odpověď je chybná.</text>
    </incorrectfeedback>
    <shownumcorrect/>
<varsrandom><text></text>
</varsrandom>
<varsglobal><text></text>
</varsglobal>
<answernumbering><text>abc</text>
</answernumbering>
<answers>
 <partindex>
  <text>0</text>
 </partindex>
 <placeholder>
  <text></text>
 </placeholder>
 <answermark>
  <text>1</text>
 </answermark>
 <answertype>
  <text>10</text>
 </answertype>
 <numbox>
  <text>1</text>
 </numbox>
 <vars1>
  <text></text>
 </vars1>
 <answer>
  <text>512</text>
 </answer>
 <vars2>
  <text></text>
 </vars2>
 <correctness>
  <text><![CDATA[_relerr < 0.01]]></text>
 </correctness>
 <unitpenalty>
  <text>1</text>
 </unitpenalty>
 <postunit>
  <text></text>
 </postunit>
 <ruleid>
  <text>1</text>
 </ruleid>
 <otherrule>
  <text></text>
 </otherrule>
 <subqtext format="html">
<text><![CDATA[<p>Výsledek {_0}<br></p>]]></text>
 </subqtext>
 <feedback format="html">
<text></text>
 </feedback>
 <correctfeedback format="html">
<text></text>
 </correctfeedback>
 <partiallycorrectfeedback format="html">
<text></text>
 </partiallycorrectfeedback>
 <incorrectfeedback format="html">
<text></text>
 </incorrectfeedback>
</answers>
  </question>

<!-- question: 134881  -->
  <question type="formulas">
    <name>
      <text>trojny 18</text>
    </name>
    <questiontext format="html">
      <text><![CDATA[<p>Vypočtěte integrál $$\iiint_W \sin^2x\cdot\sin^2y\cdot z\ {\rm d}x{\rm d}y{\rm d}z,$$ $$\mbox{kde }\&nbsp; W = \{[x,y,z]\in\mathbb{E}_3:\ x\in\langle 0,\ \pi\rangle,\ y\in\langle 0,\ \pi\rangle,\ z\in\langle 0,\ \pi\rangle \} $$<br></p>]]></text>
    </questiontext>
    <generalfeedback format="html">
      <text></text>
    </generalfeedback>
    <defaultgrade>1.0000000</defaultgrade>
    <penalty>0.3333333</penalty>
    <hidden>0</hidden>
    <idnumber></idnumber>
    <correctfeedback format="html">
      <text>Vaše odpověď je správná.</text>
    </correctfeedback>
    <partiallycorrectfeedback format="html">
      <text>Vaše odpověď je částečně správná.</text>
    </partiallycorrectfeedback>
    <incorrectfeedback format="html">
      <text>Vaše odpověď je chybná.</text>
    </incorrectfeedback>
    <shownumcorrect/>
<varsrandom><text></text>
</varsrandom>
<varsglobal><text></text>
</varsglobal>
<answernumbering><text>abc</text>
</answernumbering>
<answers>
 <partindex>
  <text>0</text>
 </partindex>
 <placeholder>
  <text></text>
 </placeholder>
 <answermark>
  <text>1</text>
 </answermark>
 <answertype>
  <text>10</text>
 </answertype>
 <numbox>
  <text>1</text>
 </numbox>
 <vars1>
  <text></text>
 </vars1>
 <answer>
  <text>pi()*pi()*pi()*pi()*0.125</text>
 </answer>
 <vars2>
  <text></text>
 </vars2>
 <correctness>
  <text><![CDATA[_relerr < 0.01]]></text>
 </correctness>
 <unitpenalty>
  <text>1</text>
 </unitpenalty>
 <postunit>
  <text></text>
 </postunit>
 <ruleid>
  <text>1</text>
 </ruleid>
 <otherrule>
  <text></text>
 </otherrule>
 <subqtext format="html">
<text><![CDATA[<p>Výsledek {_0}<br></p>]]></text>
 </subqtext>
 <feedback format="html">
<text></text>
 </feedback>
 <correctfeedback format="html">
<text></text>
 </correctfeedback>
 <partiallycorrectfeedback format="html">
<text></text>
 </partiallycorrectfeedback>
 <incorrectfeedback format="html">
<text></text>
 </incorrectfeedback>
</answers>
  </question>

<!-- question: 134882  -->
  <question type="formulas">
    <name>
      <text>trojny 19</text>
    </name>
    <questiontext format="html">
      <text><![CDATA[<p>Vypočtěte integrál $$\iiint_W e^{x+y+z}\ {\rm d}x{\rm d}y{\rm d}z,$$ $$\mbox{kde }\&nbsp; W = \{[x,y,z]\in\mathbb{E}_3:\ x\in\langle 0,\ 1\rangle,\ y\in\langle 0,\ 1\rangle,\ z\in\langle 0,\ 1\rangle \} $$<br></p>]]></text>
    </questiontext>
    <generalfeedback format="html">
      <text></text>
    </generalfeedback>
    <defaultgrade>1.0000000</defaultgrade>
    <penalty>0.3333333</penalty>
    <hidden>0</hidden>
    <idnumber></idnumber>
    <correctfeedback format="html">
      <text>Vaše odpověď je správná.</text>
    </correctfeedback>
    <partiallycorrectfeedback format="html">
      <text>Vaše odpověď je částečně správná.</text>
    </partiallycorrectfeedback>
    <incorrectfeedback format="html">
      <text>Vaše odpověď je chybná.</text>
    </incorrectfeedback>
    <shownumcorrect/>
<varsrandom><text></text>
</varsrandom>
<varsglobal><text></text>
</varsglobal>
<answernumbering><text>abc</text>
</answernumbering>
<answers>
 <partindex>
  <text>0</text>
 </partindex>
 <placeholder>
  <text></text>
 </placeholder>
 <answermark>
  <text>1</text>
 </answermark>
 <answertype>
  <text>10</text>
 </answertype>
 <numbox>
  <text>1</text>
 </numbox>
 <vars1>
  <text></text>
 </vars1>
 <answer>
  <text>(exp(1)-1)*(exp(1)-1)*(exp(1)-1)</text>
 </answer>
 <vars2>
  <text></text>
 </vars2>
 <correctness>
  <text><![CDATA[_relerr < 0.01]]></text>
 </correctness>
 <unitpenalty>
  <text>1</text>
 </unitpenalty>
 <postunit>
  <text></text>
 </postunit>
 <ruleid>
  <text>1</text>
 </ruleid>
 <otherrule>
  <text></text>
 </otherrule>
 <subqtext format="html">
<text><![CDATA[<p>Výsledek {_0}<br></p>]]></text>
 </subqtext>
 <feedback format="html">
<text></text>
 </feedback>
 <correctfeedback format="html">
<text></text>
 </correctfeedback>
 <partiallycorrectfeedback format="html">
<text></text>
 </partiallycorrectfeedback>
 <incorrectfeedback format="html">
<text></text>
 </incorrectfeedback>
</answers>
  </question>

<!-- question: 134859  -->
  <question type="formulas">
    <name>
      <text>trojny 2</text>
    </name>
    <questiontext format="html">
      <text><![CDATA[<p>Vypočtěte integrál $$\iiint_W \left(\frac 1x + \frac 2y + \frac 3z\right)\ {\rm d}x{\rm d}y{\rm d}z,$$ $$\mbox{kde }\&nbsp; W = \{[x,y,z]\in\mathbb{E}_3:\ x\in\langle 1,\ 2\rangle,\ y\in\langle 1,\ 2\rangle,\ z\in\langle 1,\ 2\rangle \} $$<br></p>]]></text>
    </questiontext>
    <generalfeedback format="html">
      <text></text>
    </generalfeedback>
    <defaultgrade>1.0000000</defaultgrade>
    <penalty>0.3333333</penalty>
    <hidden>0</hidden>
    <idnumber></idnumber>
    <correctfeedback format="html">
      <text>Vaše odpověď je správná.</text>
    </correctfeedback>
    <partiallycorrectfeedback format="html">
      <text>Vaše odpověď je částečně správná.</text>
    </partiallycorrectfeedback>
    <incorrectfeedback format="html">
      <text>Vaše odpověď je chybná.</text>
    </incorrectfeedback>
    <shownumcorrect/>
<varsrandom><text></text>
</varsrandom>
<varsglobal><text></text>
</varsglobal>
<answernumbering><text>abc</text>
</answernumbering>
<answers>
 <partindex>
  <text>0</text>
 </partindex>
 <placeholder>
  <text></text>
 </placeholder>
 <answermark>
  <text>1</text>
 </answermark>
 <answertype>
  <text>10</text>
 </answertype>
 <numbox>
  <text>1</text>
 </numbox>
 <vars1>
  <text></text>
 </vars1>
 <answer>
  <text>6*log(2)</text>
 </answer>
 <vars2>
  <text></text>
 </vars2>
 <correctness>
  <text><![CDATA[_relerr < 0.01]]></text>
 </correctness>
 <unitpenalty>
  <text>1</text>
 </unitpenalty>
 <postunit>
  <text></text>
 </postunit>
 <ruleid>
  <text>1</text>
 </ruleid>
 <otherrule>
  <text></text>
 </otherrule>
 <subqtext format="html">
<text><![CDATA[<p>Výsledek {_0}<br></p>]]></text>
 </subqtext>
 <feedback format="html">
<text></text>
 </feedback>
 <correctfeedback format="html">
<text></text>
 </correctfeedback>
 <partiallycorrectfeedback format="html">
<text></text>
 </partiallycorrectfeedback>
 <incorrectfeedback format="html">
<text></text>
 </incorrectfeedback>
</answers>
  </question>

<!-- question: 134883  -->
  <question type="formulas">
    <name>
      <text>trojny 20</text>
    </name>
    <questiontext format="html">
      <text><![CDATA[<p>Vypočtěte integrál $$\iiint_W \frac{x^2z^3}{1+y^2}\ {\rm d}x{\rm d}y{\rm d}z,$$ $$\mbox{kde }\&nbsp; W = \{[x,y,z]\in\mathbb{E}_3:\ x\in\langle 0,\ 1\rangle,\ y\in\langle 0,\ 1\rangle,\ z\in\langle 0,\ 1\rangle \} $$<br></p>]]></text>
    </questiontext>
    <generalfeedback format="html">
      <text></text>
    </generalfeedback>
    <defaultgrade>1.0000000</defaultgrade>
    <penalty>0.3333333</penalty>
    <hidden>0</hidden>
    <idnumber></idnumber>
    <correctfeedback format="html">
      <text>Vaše odpověď je správná.</text>
    </correctfeedback>
    <partiallycorrectfeedback format="html">
      <text>Vaše odpověď je částečně správná.</text>
    </partiallycorrectfeedback>
    <incorrectfeedback format="html">
      <text>Vaše odpověď je chybná.</text>
    </incorrectfeedback>
    <shownumcorrect/>
<varsrandom><text></text>
</varsrandom>
<varsglobal><text></text>
</varsglobal>
<answernumbering><text>abc</text>
</answernumbering>
<answers>
 <partindex>
  <text>0</text>
 </partindex>
 <placeholder>
  <text></text>
 </placeholder>
 <answermark>
  <text>1</text>
 </answermark>
 <answertype>
  <text>10</text>
 </answertype>
 <numbox>
  <text>1</text>
 </numbox>
 <vars1>
  <text></text>
 </vars1>
 <answer>
  <text>pi()/48</text>
 </answer>
 <vars2>
  <text></text>
 </vars2>
 <correctness>
  <text><![CDATA[_relerr < 0.01]]></text>
 </correctness>
 <unitpenalty>
  <text>1</text>
 </unitpenalty>
 <postunit>
  <text></text>
 </postunit>
 <ruleid>
  <text>1</text>
 </ruleid>
 <otherrule>
  <text></text>
 </otherrule>
 <subqtext format="html">
<text><![CDATA[<p>Výsledek {_0}<br></p>]]></text>
 </subqtext>
 <feedback format="html">
<text></text>
 </feedback>
 <correctfeedback format="html">
<text></text>
 </correctfeedback>
 <partiallycorrectfeedback format="html">
<text></text>
 </partiallycorrectfeedback>
 <incorrectfeedback format="html">
<text></text>
 </incorrectfeedback>
</answers>
  </question>

<!-- question: 134884  -->
  <question type="formulas">
    <name>
      <text>trojny 21</text>
    </name>
    <questiontext format="html">
      <text><![CDATA[<p>Vypočtěte integrál $$\iiint_W \left( x^2 + \frac{1}{\sqrt{1-y^2}}+ 2z\right) {\rm d}x{\rm d}y{\rm d}z,$$ $$\mbox{kde }\&nbsp; W = \{[x,y,z]\in\mathbb{E}_3:\ x\in\langle 0,\ 1\rangle,\ y\in\langle 0,\ \frac 12\rangle,\ z\in\langle 0\ 1\rangle \} $$<br></p>]]></text>
    </questiontext>
    <generalfeedback format="html">
      <text></text>
    </generalfeedback>
    <defaultgrade>1.0000000</defaultgrade>
    <penalty>0.3333333</penalty>
    <hidden>0</hidden>
    <idnumber></idnumber>
    <correctfeedback format="html">
      <text>Vaše odpověď je správná.</text>
    </correctfeedback>
    <partiallycorrectfeedback format="html">
      <text>Vaše odpověď je částečně správná.</text>
    </partiallycorrectfeedback>
    <incorrectfeedback format="html">
      <text>Vaše odpověď je chybná.</text>
    </incorrectfeedback>
    <shownumcorrect/>
<varsrandom><text></text>
</varsrandom>
<varsglobal><text></text>
</varsglobal>
<answernumbering><text>abc</text>
</answernumbering>
<answers>
 <partindex>
  <text>0</text>
 </partindex>
 <placeholder>
  <text></text>
 </placeholder>
 <answermark>
  <text>1</text>
 </answermark>
 <answertype>
  <text>10</text>
 </answertype>
 <numbox>
  <text>1</text>
 </numbox>
 <vars1>
  <text></text>
 </vars1>
 <answer>
  <text>(4 + pi())/6</text>
 </answer>
 <vars2>
  <text></text>
 </vars2>
 <correctness>
  <text><![CDATA[_relerr < 0.01]]></text>
 </correctness>
 <unitpenalty>
  <text>1</text>
 </unitpenalty>
 <postunit>
  <text></text>
 </postunit>
 <ruleid>
  <text>1</text>
 </ruleid>
 <otherrule>
  <text></text>
 </otherrule>
 <subqtext format="html">
<text><![CDATA[<p>Výsledek {_0}<br></p>]]></text>
 </subqtext>
 <feedback format="html">
<text></text>
 </feedback>
 <correctfeedback format="html">
<text></text>
 </correctfeedback>
 <partiallycorrectfeedback format="html">
<text></text>
 </partiallycorrectfeedback>
 <incorrectfeedback format="html">
<text></text>
 </incorrectfeedback>
</answers>
  </question>

<!-- question: 134860  -->
  <question type="formulas">
    <name>
      <text>trojny 3</text>
    </name>
    <questiontext format="html">
      <text><![CDATA[<p>Vypočtěte integrál $$\iiint_W xy^2z\ {\rm d}x{\rm d}y{\rm d}z,$$ $$\mbox{kde }\&nbsp; W = \{[x,y,z]\in\mathbb{E}_3:\ x\in\langle 0,\ 2\rangle,\ y\in\langle 1,\ 3\rangle,\ z\in\langle 1,\ 2\rangle \} $$<br></p>]]></text>
    </questiontext>
    <generalfeedback format="html">
      <text></text>
    </generalfeedback>
    <defaultgrade>1.0000000</defaultgrade>
    <penalty>0.3333333</penalty>
    <hidden>0</hidden>
    <idnumber></idnumber>
    <correctfeedback format="html">
      <text>Vaše odpověď je správná.</text>
    </correctfeedback>
    <partiallycorrectfeedback format="html">
      <text>Vaše odpověď je částečně správná.</text>
    </partiallycorrectfeedback>
    <incorrectfeedback format="html">
      <text>Vaše odpověď je chybná.</text>
    </incorrectfeedback>
    <shownumcorrect/>
<varsrandom><text></text>
</varsrandom>
<varsglobal><text></text>
</varsglobal>
<answernumbering><text>abc</text>
</answernumbering>
<answers>
 <partindex>
  <text>0</text>
 </partindex>
 <placeholder>
  <text></text>
 </placeholder>
 <answermark>
  <text>1</text>
 </answermark>
 <answertype>
  <text>10</text>
 </answertype>
 <numbox>
  <text>1</text>
 </numbox>
 <vars1>
  <text></text>
 </vars1>
 <answer>
  <text>26</text>
 </answer>
 <vars2>
  <text></text>
 </vars2>
 <correctness>
  <text><![CDATA[_relerr < 0.01]]></text>
 </correctness>
 <unitpenalty>
  <text>1</text>
 </unitpenalty>
 <postunit>
  <text></text>
 </postunit>
 <ruleid>
  <text>1</text>
 </ruleid>
 <otherrule>
  <text></text>
 </otherrule>
 <subqtext format="html">
<text><![CDATA[<p>Výsledek {_0}<br></p>]]></text>
 </subqtext>
 <feedback format="html">
<text></text>
 </feedback>
 <correctfeedback format="html">
<text></text>
 </correctfeedback>
 <partiallycorrectfeedback format="html">
<text></text>
 </partiallycorrectfeedback>
 <incorrectfeedback format="html">
<text></text>
 </incorrectfeedback>
</answers>
  </question>

<!-- question: 134861  -->
  <question type="formulas">
    <name>
      <text>trojny 4</text>
    </name>
    <questiontext format="html">
      <text><![CDATA[<p>Vypočtěte integrál $$\iiint_W \ {\rm d}x{\rm d}y{\rm d}z,$$ $$\mbox{kde }\&nbsp; W = \{[x,y,z]\in\mathbb{E}_3:\ x\in\langle 0,\ 2\rangle,\ y\in\langle 0,\ 3\rangle,\ z\in\langle 0,\ 5\rangle \} $$<br></p>]]></text>
    </questiontext>
    <generalfeedback format="html">
      <text></text>
    </generalfeedback>
    <defaultgrade>1.0000000</defaultgrade>
    <penalty>0.3333333</penalty>
    <hidden>0</hidden>
    <idnumber></idnumber>
    <correctfeedback format="html">
      <text>Vaše odpověď je správná.</text>
    </correctfeedback>
    <partiallycorrectfeedback format="html">
      <text>Vaše odpověď je částečně správná.</text>
    </partiallycorrectfeedback>
    <incorrectfeedback format="html">
      <text>Vaše odpověď je chybná.</text>
    </incorrectfeedback>
    <shownumcorrect/>
<varsrandom><text></text>
</varsrandom>
<varsglobal><text></text>
</varsglobal>
<answernumbering><text>abc</text>
</answernumbering>
<answers>
 <partindex>
  <text>0</text>
 </partindex>
 <placeholder>
  <text></text>
 </placeholder>
 <answermark>
  <text>1</text>
 </answermark>
 <answertype>
  <text>10</text>
 </answertype>
 <numbox>
  <text>1</text>
 </numbox>
 <vars1>
  <text></text>
 </vars1>
 <answer>
  <text>30</text>
 </answer>
 <vars2>
  <text></text>
 </vars2>
 <correctness>
  <text><![CDATA[_relerr < 0.01]]></text>
 </correctness>
 <unitpenalty>
  <text>1</text>
 </unitpenalty>
 <postunit>
  <text></text>
 </postunit>
 <ruleid>
  <text>1</text>
 </ruleid>
 <otherrule>
  <text></text>
 </otherrule>
 <subqtext format="html">
<text><![CDATA[<p>Výsledek {_0}<br></p>]]></text>
 </subqtext>
 <feedback format="html">
<text></text>
 </feedback>
 <correctfeedback format="html">
<text></text>
 </correctfeedback>
 <partiallycorrectfeedback format="html">
<text></text>
 </partiallycorrectfeedback>
 <incorrectfeedback format="html">
<text></text>
 </incorrectfeedback>
</answers>
  </question>

<!-- question: 134863  -->
  <question type="formulas">
    <name>
      <text>trojny 5</text>
    </name>
    <questiontext format="html">
      <text><![CDATA[<p>Vypočtěte integrál $$\iiint_W xy^2\sqrt z\ {\rm d}x{\rm d}y{\rm d}z,$$ $$\mbox{kde }\&nbsp; W = \{[x,y,z]\in\mathbb{E}_3:\ x\in\langle -2,\ 1\rangle,\ y\in\langle 1,\ 3\rangle,\ z\in\langle 2,\ 4\rangle \} $$<br></p>]]></text>
    </questiontext>
    <generalfeedback format="html">
      <text></text>
    </generalfeedback>
    <defaultgrade>1.0000000</defaultgrade>
    <penalty>0.3333333</penalty>
    <hidden>0</hidden>
    <idnumber></idnumber>
    <correctfeedback format="html">
      <text>Vaše odpověď je správná.</text>
    </correctfeedback>
    <partiallycorrectfeedback format="html">
      <text>Vaše odpověď je částečně správná.</text>
    </partiallycorrectfeedback>
    <incorrectfeedback format="html">
      <text>Vaše odpověď je chybná.</text>
    </incorrectfeedback>
    <shownumcorrect/>
<varsrandom><text></text>
</varsrandom>
<varsglobal><text></text>
</varsglobal>
<answernumbering><text>abc</text>
</answernumbering>
<answers>
 <partindex>
  <text>0</text>
 </partindex>
 <placeholder>
  <text></text>
 </placeholder>
 <answermark>
  <text>1</text>
 </answermark>
 <answertype>
  <text>10</text>
 </answertype>
 <numbox>
  <text>1</text>
 </numbox>
 <vars1>
  <text></text>
 </vars1>
 <answer>
  <text>52*(sqrt(2)-4)/3</text>
 </answer>
 <vars2>
  <text></text>
 </vars2>
 <correctness>
  <text><![CDATA[_relerr < 0.01]]></text>
 </correctness>
 <unitpenalty>
  <text>1</text>
 </unitpenalty>
 <postunit>
  <text></text>
 </postunit>
 <ruleid>
  <text>1</text>
 </ruleid>
 <otherrule>
  <text></text>
 </otherrule>
 <subqtext format="html">
<text><![CDATA[<p>Výsledek {_0}<br></p>]]></text>
 </subqtext>
 <feedback format="html">
<text></text>
 </feedback>
 <correctfeedback format="html">
<text></text>
 </correctfeedback>
 <partiallycorrectfeedback format="html">
<text></text>
 </partiallycorrectfeedback>
 <incorrectfeedback format="html">
<text></text>
 </incorrectfeedback>
</answers>
  </question>

<!-- question: 134864  -->
  <question type="formulas">
    <name>
      <text>trojny 6</text>
    </name>
    <questiontext format="html">
      <text><![CDATA[<p>Vypočtěte integrál $$\iiint_W e^{3x+2y+z}\ {\rm d}x{\rm d}y{\rm d}z,$$ $$\mbox{kde }\&nbsp; W = \{[x,y,z]\in\mathbb{E}_3:\ x\in\langle -2,\ 1\rangle,\ y\in\langle 1,\ 3\rangle,\ z\in\langle 2,\ 4\rangle \} $$<br></p>]]></text>
    </questiontext>
    <generalfeedback format="html">
      <text></text>
    </generalfeedback>
    <defaultgrade>1.0000000</defaultgrade>
    <penalty>0.3333333</penalty>
    <hidden>0</hidden>
    <idnumber></idnumber>
    <correctfeedback format="html">
      <text>Vaše odpověď je správná.</text>
    </correctfeedback>
    <partiallycorrectfeedback format="html">
      <text>Vaše odpověď je částečně správná.</text>
    </partiallycorrectfeedback>
    <incorrectfeedback format="html">
      <text>Vaše odpověď je chybná.</text>
    </incorrectfeedback>
    <shownumcorrect/>
<varsrandom><text></text>
</varsrandom>
<varsglobal><text></text>
</varsglobal>
<answernumbering><text>abc</text>
</answernumbering>
<answers>
 <partindex>
  <text>0</text>
 </partindex>
 <placeholder>
  <text></text>
 </placeholder>
 <answermark>
  <text>1</text>
 </answermark>
 <answertype>
  <text>10</text>
 </answertype>
 <numbox>
  <text>1</text>
 </numbox>
 <vars1>
  <text></text>
 </vars1>
 <answer>
  <text>(exp(3)-1)*(exp(2)-1)*(exp(1)-1)/6</text>
 </answer>
 <vars2>
  <text></text>
 </vars2>
 <correctness>
  <text><![CDATA[_relerr < 0.01]]></text>
 </correctness>
 <unitpenalty>
  <text>1</text>
 </unitpenalty>
 <postunit>
  <text></text>
 </postunit>
 <ruleid>
  <text>1</text>
 </ruleid>
 <otherrule>
  <text></text>
 </otherrule>
 <subqtext format="html">
<text><![CDATA[<p>Výsledek {_0}<br></p>]]></text>
 </subqtext>
 <feedback format="html">
<text></text>
 </feedback>
 <correctfeedback format="html">
<text></text>
 </correctfeedback>
 <partiallycorrectfeedback format="html">
<text></text>
 </partiallycorrectfeedback>
 <incorrectfeedback format="html">
<text></text>
 </incorrectfeedback>
</answers>
  </question>

<!-- question: 134865  -->
  <question type="formulas">
    <name>
      <text>trojny 7</text>
    </name>
    <questiontext format="html">
      <text><![CDATA[<p>Vypočtěte integrál $$\iiint_W y^2z\cos x\ {\rm d}x{\rm d}y{\rm d}z,$$ $$\mbox{kde }\&nbsp; W = \{[x,y,z]\in\mathbb{E}_3:\ x\in\langle 0,\ 2\pi\rangle,\ y\in\langle 0,\ 1\rangle,\ z\in\langle -1,\ 1\rangle \} $$<br></p>]]></text>
    </questiontext>
    <generalfeedback format="html">
      <text></text>
    </generalfeedback>
    <defaultgrade>1.0000000</defaultgrade>
    <penalty>0.3333333</penalty>
    <hidden>0</hidden>
    <idnumber></idnumber>
    <correctfeedback format="html">
      <text>Vaše odpověď je správná.</text>
    </correctfeedback>
    <partiallycorrectfeedback format="html">
      <text>Vaše odpověď je částečně správná.</text>
    </partiallycorrectfeedback>
    <incorrectfeedback format="html">
      <text>Vaše odpověď je chybná.</text>
    </incorrectfeedback>
    <shownumcorrect/>
<varsrandom><text></text>
</varsrandom>
<varsglobal><text></text>
</varsglobal>
<answernumbering><text>abc</text>
</answernumbering>
<answers>
 <partindex>
  <text>0</text>
 </partindex>
 <placeholder>
  <text></text>
 </placeholder>
 <answermark>
  <text>1</text>
 </answermark>
 <answertype>
  <text>10</text>
 </answertype>
 <numbox>
  <text>1</text>
 </numbox>
 <vars1>
  <text></text>
 </vars1>
 <answer>
  <text>0</text>
 </answer>
 <vars2>
  <text></text>
 </vars2>
 <correctness>
  <text><![CDATA[_relerr < 0.01]]></text>
 </correctness>
 <unitpenalty>
  <text>1</text>
 </unitpenalty>
 <postunit>
  <text></text>
 </postunit>
 <ruleid>
  <text>1</text>
 </ruleid>
 <otherrule>
  <text></text>
 </otherrule>
 <subqtext format="html">
<text><![CDATA[<p>Výsledek {_0}<br></p>]]></text>
 </subqtext>
 <feedback format="html">
<text></text>
 </feedback>
 <correctfeedback format="html">
<text></text>
 </correctfeedback>
 <partiallycorrectfeedback format="html">
<text></text>
 </partiallycorrectfeedback>
 <incorrectfeedback format="html">
<text></text>
 </incorrectfeedback>
</answers>
  </question>

<!-- question: 134866  -->
  <question type="formulas">
    <name>
      <text>trojny 8</text>
    </name>
    <questiontext format="html">
      <text><![CDATA[<p>Vypočtěte integrál $$\iiint_W 12xy^2z^3\ {\rm d}x{\rm d}y{\rm d}z,$$ $$\mbox{kde }\&nbsp; W = \{[x,y,z]\in\mathbb{E}_3:\ x\in\langle -1,\ 2\rangle,\ y\in\langle 0,\ 3\rangle,\ z\in\langle -1,\ 2\rangle \} $$<br></p>]]></text>
    </questiontext>
    <generalfeedback format="html">
      <text></text>
    </generalfeedback>
    <defaultgrade>1.0000000</defaultgrade>
    <penalty>0.3333333</penalty>
    <hidden>0</hidden>
    <idnumber></idnumber>
    <correctfeedback format="html">
      <text>Vaše odpověď je správná.</text>
    </correctfeedback>
    <partiallycorrectfeedback format="html">
      <text>Vaše odpověď je částečně správná.</text>
    </partiallycorrectfeedback>
    <incorrectfeedback format="html">
      <text>Vaše odpověď je chybná.</text>
    </incorrectfeedback>
    <shownumcorrect/>
<varsrandom><text></text>
</varsrandom>
<varsglobal><text></text>
</varsglobal>
<answernumbering><text>abc</text>
</answernumbering>
<answers>
 <partindex>
  <text>0</text>
 </partindex>
 <placeholder>
  <text></text>
 </placeholder>
 <answermark>
  <text>1</text>
 </answermark>
 <answertype>
  <text>10</text>
 </answertype>
 <numbox>
  <text>1</text>
 </numbox>
 <vars1>
  <text></text>
 </vars1>
 <answer>
  <text>1215/2</text>
 </answer>
 <vars2>
  <text></text>
 </vars2>
 <correctness>
  <text><![CDATA[_relerr < 0.01]]></text>
 </correctness>
 <unitpenalty>
  <text>1</text>
 </unitpenalty>
 <postunit>
  <text></text>
 </postunit>
 <ruleid>
  <text>1</text>
 </ruleid>
 <otherrule>
  <text></text>
 </otherrule>
 <subqtext format="html">
<text><![CDATA[<p>Výsledek {_0}<br></p>]]></text>
 </subqtext>
 <feedback format="html">
<text></text>
 </feedback>
 <correctfeedback format="html">
<text></text>
 </correctfeedback>
 <partiallycorrectfeedback format="html">
<text></text>
 </partiallycorrectfeedback>
 <incorrectfeedback format="html">
<text></text>
 </incorrectfeedback>
</answers>
  </question>

<!-- question: 134868  -->
  <question type="formulas">
    <name>
      <text>trojny 9</text>
    </name>
    <questiontext format="html">
      <text><![CDATA[<p>Vypočtěte integrál $$\iiint_W 4x^2+4xy+y^2 -8x-4y+1\ {\rm d}x{\rm d}y{\rm d}z,$$ $$\mbox{kde }\&nbsp; W = \{[x,y,z]\in\mathbb{E}_3:\ x\in\langle 0,\ 1\rangle,\ y\in\langle 0,\ 2\rangle,\ z\in\langle 0\ 3\rangle \} $$<br></p>]]></text>
    </questiontext>
    <generalfeedback format="html">
      <text></text>
    </generalfeedback>
    <defaultgrade>1.0000000</defaultgrade>
    <penalty>0.3333333</penalty>
    <hidden>0</hidden>
    <idnumber></idnumber>
    <correctfeedback format="html">
      <text>Vaše odpověď je správná.</text>
    </correctfeedback>
    <partiallycorrectfeedback format="html">
      <text>Vaše odpověď je částečně správná.</text>
    </partiallycorrectfeedback>
    <incorrectfeedback format="html">
      <text>Vaše odpověď je chybná.</text>
    </incorrectfeedback>
    <shownumcorrect/>
<varsrandom><text></text>
</varsrandom>
<varsglobal><text></text>
</varsglobal>
<answernumbering><text>abc</text>
</answernumbering>
<answers>
 <partindex>
  <text>0</text>
 </partindex>
 <placeholder>
  <text></text>
 </placeholder>
 <answermark>
  <text>1</text>
 </answermark>
 <answertype>
  <text>10</text>
 </answertype>
 <numbox>
  <text>1</text>
 </numbox>
 <vars1>
  <text></text>
 </vars1>
 <answer>
  <text>-14</text>
 </answer>
 <vars2>
  <text></text>
 </vars2>
 <correctness>
  <text><![CDATA[_relerr < 0.01]]></text>
 </correctness>
 <unitpenalty>
  <text>1</text>
 </unitpenalty>
 <postunit>
  <text></text>
 </postunit>
 <ruleid>
  <text>1</text>
 </ruleid>
 <otherrule>
  <text></text>
 </otherrule>
 <subqtext format="html">
<text><![CDATA[<p>Výsledek {_0}<br></p>]]></text>
 </subqtext>
 <feedback format="html">
<text></text>
 </feedback>
 <correctfeedback format="html">
<text></text>
 </correctfeedback>
 <partiallycorrectfeedback format="html">
<text></text>
 </partiallycorrectfeedback>
 <incorrectfeedback format="html">
<text></text>
 </incorrectfeedback>
</answers>
  </question>

<!-- question: 0  -->
  <question type="category">
    <category>
      <text>$course$/top/Výchozí v B192-2011068/OM/Téma 5/trojny_EOI</text>
    </category>
    <info format="html">
      <text>Výpočet trojného integrálu v kartézských souřadnicích.</text>
    </info>
    <idnumber></idnumber>
  </question>

<!-- question: 134945  -->
  <question type="formulas">
    <name>
      <text>trojný EOI 1</text>
    </name>
    <questiontext format="html">
      <text><![CDATA[<p>Vypočtěte $$\iiint_W \left(x^2 + y^2\right){\rm d}x{\rm d}y{\rm d}z,$$ $$\mbox{kde } W \mbox{ je ohraničena: } x=0,\ y=0,\ z=0,\ x+y=2,\ x+y-z = 0$$<br></p>]]></text>
    </questiontext>
    <generalfeedback format="html">
      <text></text>
    </generalfeedback>
    <defaultgrade>1.0000000</defaultgrade>
    <penalty>0.0000000</penalty>
    <hidden>0</hidden>
    <idnumber></idnumber>
    <correctfeedback format="html">
      <text>Vaše odpověď je správná.</text>
    </correctfeedback>
    <partiallycorrectfeedback format="html">
      <text>Vaše odpověď je částečně správná.</text>
    </partiallycorrectfeedback>
    <incorrectfeedback format="html">
      <text>Vaše odpověď je chybná.</text>
    </incorrectfeedback>
    <shownumcorrect/>
<varsrandom><text></text>
</varsrandom>
<varsglobal><text></text>
</varsglobal>
<answernumbering><text>abc</text>
</answernumbering>
<answers>
 <partindex>
  <text>0</text>
 </partindex>
 <placeholder>
  <text></text>
 </placeholder>
 <answermark>
  <text>1</text>
 </answermark>
 <answertype>
  <text>10</text>
 </answertype>
 <numbox>
  <text>1</text>
 </numbox>
 <vars1>
  <text></text>
 </vars1>
 <answer>
  <text>64/15</text>
 </answer>
 <vars2>
  <text></text>
 </vars2>
 <correctness>
  <text><![CDATA[_relerr < 0.01]]></text>
 </correctness>
 <unitpenalty>
  <text>1</text>
 </unitpenalty>
 <postunit>
  <text></text>
 </postunit>
 <ruleid>
  <text>1</text>
 </ruleid>
 <otherrule>
  <text></text>
 </otherrule>
 <subqtext format="html">
<text><![CDATA[<p>Výsledek: {_0}<br></p>]]></text>
 </subqtext>
 <feedback format="html">
<text></text>
 </feedback>
 <correctfeedback format="html">
<text></text>
 </correctfeedback>
 <partiallycorrectfeedback format="html">
<text></text>
 </partiallycorrectfeedback>
 <incorrectfeedback format="html">
<text></text>
 </incorrectfeedback>
</answers>
  </question>

<!-- question: 134970  -->
  <question type="formulas">
    <name>
      <text>trojný EOI 10</text>
    </name>
    <questiontext format="html">
      <text><![CDATA[<p>Vypočtěte $$\iiint_W \frac{1}{(1+x+y+z)^3}\ {\rm d}x{\rm d}y{\rm d}z,$$ $$\mbox{kde } W \mbox{ je ohraničená plochami: } x=0,\ y=0,\ z=0,\ x+y+z=1$$<br></p>]]></text>
    </questiontext>
    <generalfeedback format="html">
      <text></text>
    </generalfeedback>
    <defaultgrade>1.0000000</defaultgrade>
    <penalty>0.0000000</penalty>
    <hidden>0</hidden>
    <idnumber></idnumber>
    <correctfeedback format="html">
      <text>Vaše odpověď je správná.</text>
    </correctfeedback>
    <partiallycorrectfeedback format="html">
      <text>Vaše odpověď je částečně správná.</text>
    </partiallycorrectfeedback>
    <incorrectfeedback format="html">
      <text>Vaše odpověď je chybná.</text>
    </incorrectfeedback>
    <shownumcorrect/>
<varsrandom><text></text>
</varsrandom>
<varsglobal><text></text>
</varsglobal>
<answernumbering><text>abc</text>
</answernumbering>
<answers>
 <partindex>
  <text>0</text>
 </partindex>
 <placeholder>
  <text></text>
 </placeholder>
 <answermark>
  <text>1</text>
 </answermark>
 <answertype>
  <text>10</text>
 </answertype>
 <numbox>
  <text>1</text>
 </numbox>
 <vars1>
  <text></text>
 </vars1>
 <answer>
  <text>0.5*log(2)-5/16</text>
 </answer>
 <vars2>
  <text></text>
 </vars2>
 <correctness>
  <text><![CDATA[_relerr < 0.01]]></text>
 </correctness>
 <unitpenalty>
  <text>1</text>
 </unitpenalty>
 <postunit>
  <text></text>
 </postunit>
 <ruleid>
  <text>1</text>
 </ruleid>
 <otherrule>
  <text></text>
 </otherrule>
 <subqtext format="html">
<text><![CDATA[<p>Výsledek: {_0}<br></p>]]></text>
 </subqtext>
 <feedback format="html">
<text></text>
 </feedback>
 <correctfeedback format="html">
<text></text>
 </correctfeedback>
 <partiallycorrectfeedback format="html">
<text></text>
 </partiallycorrectfeedback>
 <incorrectfeedback format="html">
<text></text>
 </incorrectfeedback>
</answers>
  </question>

<!-- question: 134971  -->
  <question type="formulas">
    <name>
      <text>trojný EOI 11</text>
    </name>
    <questiontext format="html">
      <text><![CDATA[<p>Vypočtěte $$\iiint_W y\cos(x+z)\ {\rm d}x{\rm d}y{\rm d}z,$$ $$\mbox{kde } W \mbox{ je ohraničená plochami: } y=0,\ y=\sqrt{x},\ z=0,\ x+z=\frac \pi 2$$<br></p>]]></text>
    </questiontext>
    <generalfeedback format="html">
      <text></text>
    </generalfeedback>
    <defaultgrade>1.0000000</defaultgrade>
    <penalty>0.0000000</penalty>
    <hidden>0</hidden>
    <idnumber></idnumber>
    <correctfeedback format="html">
      <text>Vaše odpověď je správná.</text>
    </correctfeedback>
    <partiallycorrectfeedback format="html">
      <text>Vaše odpověď je částečně správná.</text>
    </partiallycorrectfeedback>
    <incorrectfeedback format="html">
      <text>Vaše odpověď je chybná.</text>
    </incorrectfeedback>
    <shownumcorrect/>
<varsrandom><text></text>
</varsrandom>
<varsglobal><text></text>
</varsglobal>
<answernumbering><text>abc</text>
</answernumbering>
<answers>
 <partindex>
  <text>0</text>
 </partindex>
 <placeholder>
  <text></text>
 </placeholder>
 <answermark>
  <text>1</text>
 </answermark>
 <answertype>
  <text>10</text>
 </answertype>
 <numbox>
  <text>1</text>
 </numbox>
 <vars1>
  <text></text>
 </vars1>
 <answer>
  <text>pi()*pi()/16 -0.5</text>
 </answer>
 <vars2>
  <text></text>
 </vars2>
 <correctness>
  <text><![CDATA[_relerr < 0.01]]></text>
 </correctness>
 <unitpenalty>
  <text>1</text>
 </unitpenalty>
 <postunit>
  <text></text>
 </postunit>
 <ruleid>
  <text>1</text>
 </ruleid>
 <otherrule>
  <text></text>
 </otherrule>
 <subqtext format="html">
<text><![CDATA[<p>Výsledek: {_0}<br></p>]]></text>
 </subqtext>
 <feedback format="html">
<text></text>
 </feedback>
 <correctfeedback format="html">
<text></text>
 </correctfeedback>
 <partiallycorrectfeedback format="html">
<text></text>
 </partiallycorrectfeedback>
 <incorrectfeedback format="html">
<text></text>
 </incorrectfeedback>
</answers>
  </question>

<!-- question: 134979  -->
  <question type="formulas">
    <name>
      <text>trojný EOI 12</text>
    </name>
    <questiontext format="html">
      <text><![CDATA[<p>Vypočtěte $$\iiint_W x^2yz^3\ {\rm d}x{\rm d}y{\rm d}z,$$ $$\mbox{kde } W \mbox{ je ohraničená plochami: } x=0,\ y=0,\ z=0,\ z=xy,\ y=1,\ y=x$$<br></p>]]></text>
    </questiontext>
    <generalfeedback format="html">
      <text></text>
    </generalfeedback>
    <defaultgrade>1.0000000</defaultgrade>
    <penalty>0.0000000</penalty>
    <hidden>0</hidden>
    <idnumber></idnumber>
    <correctfeedback format="html">
      <text>Vaše odpověď je správná.</text>
    </correctfeedback>
    <partiallycorrectfeedback format="html">
      <text>Vaše odpověď je částečně správná.</text>
    </partiallycorrectfeedback>
    <incorrectfeedback format="html">
      <text>Vaše odpověď je chybná.</text>
    </incorrectfeedback>
    <shownumcorrect/>
<varsrandom><text></text>
</varsrandom>
<varsglobal><text></text>
</varsglobal>
<answernumbering><text>abc</text>
</answernumbering>
<answers>
 <partindex>
  <text>0</text>
 </partindex>
 <placeholder>
  <text></text>
 </placeholder>
 <answermark>
  <text>1</text>
 </answermark>
 <answertype>
  <text>10</text>
 </answertype>
 <numbox>
  <text>1</text>
 </numbox>
 <vars1>
  <text></text>
 </vars1>
 <answer>
  <text>1/364</text>
 </answer>
 <vars2>
  <text></text>
 </vars2>
 <correctness>
  <text><![CDATA[_relerr < 0.01]]></text>
 </correctness>
 <unitpenalty>
  <text>1</text>
 </unitpenalty>
 <postunit>
  <text></text>
 </postunit>
 <ruleid>
  <text>1</text>
 </ruleid>
 <otherrule>
  <text></text>
 </otherrule>
 <subqtext format="html">
<text><![CDATA[<p>Výsledek: {_0}<br></p>]]></text>
 </subqtext>
 <feedback format="html">
<text></text>
 </feedback>
 <correctfeedback format="html">
<text></text>
 </correctfeedback>
 <partiallycorrectfeedback format="html">
<text></text>
 </partiallycorrectfeedback>
 <incorrectfeedback format="html">
<text></text>
 </incorrectfeedback>
</answers>
  </question>

<!-- question: 134981  -->
  <question type="formulas">
    <name>
      <text>trojný EOI 13</text>
    </name>
    <questiontext format="html">
      <text><![CDATA[<p>Vypočtěte $$\iiint_W xy\ {\rm d}x{\rm d}y{\rm d}z,$$ $$\mbox{kde } W \mbox{ je ohraničená plochami: } x=0,\ y=0,\ z=0,\ x+y=1,\ z=1+x^2+y^2$$<br></p>]]></text>
    </questiontext>
    <generalfeedback format="html">
      <text></text>
    </generalfeedback>
    <defaultgrade>1.0000000</defaultgrade>
    <penalty>0.0000000</penalty>
    <hidden>0</hidden>
    <idnumber></idnumber>
    <correctfeedback format="html">
      <text>Vaše odpověď je správná.</text>
    </correctfeedback>
    <partiallycorrectfeedback format="html">
      <text>Vaše odpověď je částečně správná.</text>
    </partiallycorrectfeedback>
    <incorrectfeedback format="html">
      <text>Vaše odpověď je chybná.</text>
    </incorrectfeedback>
    <shownumcorrect/>
<varsrandom><text></text>
</varsrandom>
<varsglobal><text></text>
</varsglobal>
<answernumbering><text>abc</text>
</answernumbering>
<answers>
 <partindex>
  <text>0</text>
 </partindex>
 <placeholder>
  <text></text>
 </placeholder>
 <answermark>
  <text>1</text>
 </answermark>
 <answertype>
  <text>10</text>
 </answertype>
 <numbox>
  <text>1</text>
 </numbox>
 <vars1>
  <text></text>
 </vars1>
 <answer>
  <text>7/120</text>
 </answer>
 <vars2>
  <text></text>
 </vars2>
 <correctness>
  <text><![CDATA[_relerr < 0.01]]></text>
 </correctness>
 <unitpenalty>
  <text>1</text>
 </unitpenalty>
 <postunit>
  <text></text>
 </postunit>
 <ruleid>
  <text>1</text>
 </ruleid>
 <otherrule>
  <text></text>
 </otherrule>
 <subqtext format="html">
<text><![CDATA[<p>Výsledek: {_0}<br></p>]]></text>
 </subqtext>
 <feedback format="html">
<text></text>
 </feedback>
 <correctfeedback format="html">
<text></text>
 </correctfeedback>
 <partiallycorrectfeedback format="html">
<text></text>
 </partiallycorrectfeedback>
 <incorrectfeedback format="html">
<text></text>
 </incorrectfeedback>
</answers>
  </question>

<!-- question: 134983  -->
  <question type="formulas">
    <name>
      <text>trojný EOI 14</text>
    </name>
    <questiontext format="html">
      <text><![CDATA[<p>Vypočtěte $$\iiint_W \frac{x+y}{4+z}\ {\rm d}x{\rm d}y{\rm d}z,$$ $$\mbox{kde } W \mbox{ je ohraničená plochami: } x=0,\ y=0,\ z=0,\ z=4,\ x+y=3$$<br></p>]]></text>
    </questiontext>
    <generalfeedback format="html">
      <text></text>
    </generalfeedback>
    <defaultgrade>1.0000000</defaultgrade>
    <penalty>0.0000000</penalty>
    <hidden>0</hidden>
    <idnumber></idnumber>
    <correctfeedback format="html">
      <text>Vaše odpověď je správná.</text>
    </correctfeedback>
    <partiallycorrectfeedback format="html">
      <text>Vaše odpověď je částečně správná.</text>
    </partiallycorrectfeedback>
    <incorrectfeedback format="html">
      <text>Vaše odpověď je chybná.</text>
    </incorrectfeedback>
    <shownumcorrect/>
<varsrandom><text></text>
</varsrandom>
<varsglobal><text></text>
</varsglobal>
<answernumbering><text>abc</text>
</answernumbering>
<answers>
 <partindex>
  <text>0</text>
 </partindex>
 <placeholder>
  <text></text>
 </placeholder>
 <answermark>
  <text>1</text>
 </answermark>
 <answertype>
  <text>10</text>
 </answertype>
 <numbox>
  <text>1</text>
 </numbox>
 <vars1>
  <text></text>
 </vars1>
 <answer>
  <text>9*log(2)</text>
 </answer>
 <vars2>
  <text></text>
 </vars2>
 <correctness>
  <text><![CDATA[_relerr < 0.01]]></text>
 </correctness>
 <unitpenalty>
  <text>1</text>
 </unitpenalty>
 <postunit>
  <text></text>
 </postunit>
 <ruleid>
  <text>1</text>
 </ruleid>
 <otherrule>
  <text></text>
 </otherrule>
 <subqtext format="html">
<text><![CDATA[<p>Výsledek: {_0}<br></p>]]></text>
 </subqtext>
 <feedback format="html">
<text></text>
 </feedback>
 <correctfeedback format="html">
<text></text>
 </correctfeedback>
 <partiallycorrectfeedback format="html">
<text></text>
 </partiallycorrectfeedback>
 <incorrectfeedback format="html">
<text></text>
 </incorrectfeedback>
</answers>
  </question>

<!-- question: 134984  -->
  <question type="formulas">
    <name>
      <text>trojný EOI 15</text>
    </name>
    <questiontext format="html">
      <text><![CDATA[<p>Vypočtěte $$\iiint_W xyz\ {\rm d}x{\rm d}y{\rm d}z,$$ $$\mbox{kde } W \mbox{ je ohraničená plochami: } x=0,\ y=0,\ z=0,\ x=1,\ y=x,\ z=y$$<br></p>]]></text>
    </questiontext>
    <generalfeedback format="html">
      <text></text>
    </generalfeedback>
    <defaultgrade>1.0000000</defaultgrade>
    <penalty>0.0000000</penalty>
    <hidden>0</hidden>
    <idnumber></idnumber>
    <correctfeedback format="html">
      <text>Vaše odpověď je správná.</text>
    </correctfeedback>
    <partiallycorrectfeedback format="html">
      <text>Vaše odpověď je částečně správná.</text>
    </partiallycorrectfeedback>
    <incorrectfeedback format="html">
      <text>Vaše odpověď je chybná.</text>
    </incorrectfeedback>
    <shownumcorrect/>
<varsrandom><text></text>
</varsrandom>
<varsglobal><text></text>
</varsglobal>
<answernumbering><text>abc</text>
</answernumbering>
<answers>
 <partindex>
  <text>0</text>
 </partindex>
 <placeholder>
  <text></text>
 </placeholder>
 <answermark>
  <text>1</text>
 </answermark>
 <answertype>
  <text>10</text>
 </answertype>
 <numbox>
  <text>1</text>
 </numbox>
 <vars1>
  <text></text>
 </vars1>
 <answer>
  <text>1/48</text>
 </answer>
 <vars2>
  <text></text>
 </vars2>
 <correctness>
  <text><![CDATA[_relerr < 0.01]]></text>
 </correctness>
 <unitpenalty>
  <text>1</text>
 </unitpenalty>
 <postunit>
  <text></text>
 </postunit>
 <ruleid>
  <text>1</text>
 </ruleid>
 <otherrule>
  <text></text>
 </otherrule>
 <subqtext format="html">
<text><![CDATA[<p>Výsledek: {_0}<br></p>]]></text>
 </subqtext>
 <feedback format="html">
<text></text>
 </feedback>
 <correctfeedback format="html">
<text></text>
 </correctfeedback>
 <partiallycorrectfeedback format="html">
<text></text>
 </partiallycorrectfeedback>
 <incorrectfeedback format="html">
<text></text>
 </incorrectfeedback>
</answers>
  </question>

<!-- question: 134985  -->
  <question type="formulas">
    <name>
      <text>trojný EOI 16</text>
    </name>
    <questiontext format="html">
      <text><![CDATA[<p>Vypočtěte $$\iiint_W (x+z)\ {\rm d}x{\rm d}y{\rm d}z,$$ $$\mbox{kde } W \mbox{ je ohraničená plochami: } x=1,\ y=0,\ z=0,\ x=2,\ y=x,\ z=y$$<br></p>]]></text>
    </questiontext>
    <generalfeedback format="html">
      <text></text>
    </generalfeedback>
    <defaultgrade>1.0000000</defaultgrade>
    <penalty>0.0000000</penalty>
    <hidden>0</hidden>
    <idnumber></idnumber>
    <correctfeedback format="html">
      <text>Vaše odpověď je správná.</text>
    </correctfeedback>
    <partiallycorrectfeedback format="html">
      <text>Vaše odpověď je částečně správná.</text>
    </partiallycorrectfeedback>
    <incorrectfeedback format="html">
      <text>Vaše odpověď je chybná.</text>
    </incorrectfeedback>
    <shownumcorrect/>
<varsrandom><text></text>
</varsrandom>
<varsglobal><text></text>
</varsglobal>
<answernumbering><text>abc</text>
</answernumbering>
<answers>
 <partindex>
  <text>0</text>
 </partindex>
 <placeholder>
  <text></text>
 </placeholder>
 <answermark>
  <text>1</text>
 </answermark>
 <answertype>
  <text>10</text>
 </answertype>
 <numbox>
  <text>1</text>
 </numbox>
 <vars1>
  <text></text>
 </vars1>
 <answer>
  <text>5/2</text>
 </answer>
 <vars2>
  <text></text>
 </vars2>
 <correctness>
  <text><![CDATA[_relerr < 0.01]]></text>
 </correctness>
 <unitpenalty>
  <text>1</text>
 </unitpenalty>
 <postunit>
  <text></text>
 </postunit>
 <ruleid>
  <text>1</text>
 </ruleid>
 <otherrule>
  <text></text>
 </otherrule>
 <subqtext format="html">
<text><![CDATA[<p>Výsledek: {_0}<br></p>]]></text>
 </subqtext>
 <feedback format="html">
<text></text>
 </feedback>
 <correctfeedback format="html">
<text></text>
 </correctfeedback>
 <partiallycorrectfeedback format="html">
<text></text>
 </partiallycorrectfeedback>
 <incorrectfeedback format="html">
<text></text>
 </incorrectfeedback>
</answers>
  </question>

<!-- question: 134986  -->
  <question type="formulas">
    <name>
      <text>trojný EOI 17</text>
    </name>
    <questiontext format="html">
      <text><![CDATA[<p>Vypočtěte $$\iiint_W xy\ {\rm d}x{\rm d}y{\rm d}z,$$ $$\mbox{kde } W \mbox{ je ohraničená plochami: } x=0,\ y=0,\ z=0, (z\geq 0),\ x+y=1,\ z=xy$$<br></p>]]></text>
    </questiontext>
    <generalfeedback format="html">
      <text></text>
    </generalfeedback>
    <defaultgrade>1.0000000</defaultgrade>
    <penalty>0.0000000</penalty>
    <hidden>0</hidden>
    <idnumber></idnumber>
    <correctfeedback format="html">
      <text>Vaše odpověď je správná.</text>
    </correctfeedback>
    <partiallycorrectfeedback format="html">
      <text>Vaše odpověď je částečně správná.</text>
    </partiallycorrectfeedback>
    <incorrectfeedback format="html">
      <text>Vaše odpověď je chybná.</text>
    </incorrectfeedback>
    <shownumcorrect/>
<varsrandom><text></text>
</varsrandom>
<varsglobal><text></text>
</varsglobal>
<answernumbering><text>abc</text>
</answernumbering>
<answers>
 <partindex>
  <text>0</text>
 </partindex>
 <placeholder>
  <text></text>
 </placeholder>
 <answermark>
  <text>1</text>
 </answermark>
 <answertype>
  <text>10</text>
 </answertype>
 <numbox>
  <text>1</text>
 </numbox>
 <vars1>
  <text></text>
 </vars1>
 <answer>
  <text>1/180</text>
 </answer>
 <vars2>
  <text></text>
 </vars2>
 <correctness>
  <text><![CDATA[_relerr < 0.01]]></text>
 </correctness>
 <unitpenalty>
  <text>1</text>
 </unitpenalty>
 <postunit>
  <text></text>
 </postunit>
 <ruleid>
  <text>1</text>
 </ruleid>
 <otherrule>
  <text></text>
 </otherrule>
 <subqtext format="html">
<text><![CDATA[<p>Výsledek: {_0}<br></p>]]></text>
 </subqtext>
 <feedback format="html">
<text></text>
 </feedback>
 <correctfeedback format="html">
<text></text>
 </correctfeedback>
 <partiallycorrectfeedback format="html">
<text></text>
 </partiallycorrectfeedback>
 <incorrectfeedback format="html">
<text></text>
 </incorrectfeedback>
</answers>
  </question>

<!-- question: 134987  -->
  <question type="formulas">
    <name>
      <text>trojný EOI 18</text>
    </name>
    <questiontext format="html">
      <text><![CDATA[<p>Vypočtěte $$\iiint_W \frac{x+z}{4+y}\ {\rm d}x{\rm d}y{\rm d}z,$$ $$\mbox{kde } W \mbox{ je ohraničená plochami: } x=0,\ y=0,\ z=0,\ y=4,\ x+z=3$$<br></p>]]></text>
    </questiontext>
    <generalfeedback format="html">
      <text></text>
    </generalfeedback>
    <defaultgrade>1.0000000</defaultgrade>
    <penalty>0.0000000</penalty>
    <hidden>0</hidden>
    <idnumber></idnumber>
    <correctfeedback format="html">
      <text>Vaše odpověď je správná.</text>
    </correctfeedback>
    <partiallycorrectfeedback format="html">
      <text>Vaše odpověď je částečně správná.</text>
    </partiallycorrectfeedback>
    <incorrectfeedback format="html">
      <text>Vaše odpověď je chybná.</text>
    </incorrectfeedback>
    <shownumcorrect/>
<varsrandom><text></text>
</varsrandom>
<varsglobal><text></text>
</varsglobal>
<answernumbering><text>abc</text>
</answernumbering>
<answers>
 <partindex>
  <text>0</text>
 </partindex>
 <placeholder>
  <text></text>
 </placeholder>
 <answermark>
  <text>1</text>
 </answermark>
 <answertype>
  <text>10</text>
 </answertype>
 <numbox>
  <text>1</text>
 </numbox>
 <vars1>
  <text></text>
 </vars1>
 <answer>
  <text>9*log(2)</text>
 </answer>
 <vars2>
  <text></text>
 </vars2>
 <correctness>
  <text><![CDATA[_relerr < 0.01]]></text>
 </correctness>
 <unitpenalty>
  <text>1</text>
 </unitpenalty>
 <postunit>
  <text></text>
 </postunit>
 <ruleid>
  <text>1</text>
 </ruleid>
 <otherrule>
  <text></text>
 </otherrule>
 <subqtext format="html">
<text><![CDATA[<p>Výsledek: {_0}<br></p>]]></text>
 </subqtext>
 <feedback format="html">
<text></text>
 </feedback>
 <correctfeedback format="html">
<text></text>
 </correctfeedback>
 <partiallycorrectfeedback format="html">
<text></text>
 </partiallycorrectfeedback>
 <incorrectfeedback format="html">
<text></text>
 </incorrectfeedback>
</answers>
  </question>

<!-- question: 134988  -->
  <question type="formulas">
    <name>
      <text>trojný EOI 19</text>
    </name>
    <questiontext format="html">
      <text><![CDATA[<p>Vypočtěte $$\iiint_W x\ {\rm d}x{\rm d}y{\rm d}z,$$ $$\mbox{kde } W \mbox{ je ohraničená plochami: } x=0,\ y=0,\ z=0, \ x+2y+3z=6$$<br></p>]]></text>
    </questiontext>
    <generalfeedback format="html">
      <text></text>
    </generalfeedback>
    <defaultgrade>1.0000000</defaultgrade>
    <penalty>0.0000000</penalty>
    <hidden>0</hidden>
    <idnumber></idnumber>
    <correctfeedback format="html">
      <text>Vaše odpověď je správná.</text>
    </correctfeedback>
    <partiallycorrectfeedback format="html">
      <text>Vaše odpověď je částečně správná.</text>
    </partiallycorrectfeedback>
    <incorrectfeedback format="html">
      <text>Vaše odpověď je chybná.</text>
    </incorrectfeedback>
    <shownumcorrect/>
<varsrandom><text></text>
</varsrandom>
<varsglobal><text></text>
</varsglobal>
<answernumbering><text>abc</text>
</answernumbering>
<answers>
 <partindex>
  <text>0</text>
 </partindex>
 <placeholder>
  <text></text>
 </placeholder>
 <answermark>
  <text>1</text>
 </answermark>
 <answertype>
  <text>10</text>
 </answertype>
 <numbox>
  <text>1</text>
 </numbox>
 <vars1>
  <text></text>
 </vars1>
 <answer>
  <text>9</text>
 </answer>
 <vars2>
  <text></text>
 </vars2>
 <correctness>
  <text><![CDATA[_relerr < 0.01]]></text>
 </correctness>
 <unitpenalty>
  <text>1</text>
 </unitpenalty>
 <postunit>
  <text></text>
 </postunit>
 <ruleid>
  <text>1</text>
 </ruleid>
 <otherrule>
  <text></text>
 </otherrule>
 <subqtext format="html">
<text><![CDATA[<p>Výsledek: {_0}<br></p>]]></text>
 </subqtext>
 <feedback format="html">
<text></text>
 </feedback>
 <correctfeedback format="html">
<text></text>
 </correctfeedback>
 <partiallycorrectfeedback format="html">
<text></text>
 </partiallycorrectfeedback>
 <incorrectfeedback format="html">
<text></text>
 </incorrectfeedback>
</answers>
  </question>

<!-- question: 134946  -->
  <question type="formulas">
    <name>
      <text>trojný EOI 2</text>
    </name>
    <questiontext format="html">
      <text><![CDATA[<p>Vypočtěte $$\iiint_W x\ {\rm d}x{\rm d}y{\rm d}z,$$ $$\mbox{kde } W \mbox{ je zadaná nerovnicemi: } 0\leq x\leq 1,\ 0\leq y\leq 1-x,\ 0\leq z\leq x+y$$<br></p>]]></text>
    </questiontext>
    <generalfeedback format="html">
      <text></text>
    </generalfeedback>
    <defaultgrade>1.0000000</defaultgrade>
    <penalty>0.0000000</penalty>
    <hidden>0</hidden>
    <idnumber></idnumber>
    <correctfeedback format="html">
      <text>Vaše odpověď je správná.</text>
    </correctfeedback>
    <partiallycorrectfeedback format="html">
      <text>Vaše odpověď je částečně správná.</text>
    </partiallycorrectfeedback>
    <incorrectfeedback format="html">
      <text>Vaše odpověď je chybná.</text>
    </incorrectfeedback>
    <shownumcorrect/>
<varsrandom><text></text>
</varsrandom>
<varsglobal><text></text>
</varsglobal>
<answernumbering><text>abc</text>
</answernumbering>
<answers>
 <partindex>
  <text>0</text>
 </partindex>
 <placeholder>
  <text></text>
 </placeholder>
 <answermark>
  <text>1</text>
 </answermark>
 <answertype>
  <text>10</text>
 </answertype>
 <numbox>
  <text>1</text>
 </numbox>
 <vars1>
  <text></text>
 </vars1>
 <answer>
  <text>1/8</text>
 </answer>
 <vars2>
  <text></text>
 </vars2>
 <correctness>
  <text><![CDATA[_relerr < 0.01]]></text>
 </correctness>
 <unitpenalty>
  <text>1</text>
 </unitpenalty>
 <postunit>
  <text></text>
 </postunit>
 <ruleid>
  <text>1</text>
 </ruleid>
 <otherrule>
  <text></text>
 </otherrule>
 <subqtext format="html">
<text><![CDATA[<p>Výsledek: {_0}<br></p>]]></text>
 </subqtext>
 <feedback format="html">
<text></text>
 </feedback>
 <correctfeedback format="html">
<text></text>
 </correctfeedback>
 <partiallycorrectfeedback format="html">
<text></text>
 </partiallycorrectfeedback>
 <incorrectfeedback format="html">
<text></text>
 </incorrectfeedback>
</answers>
  </question>

<!-- question: 134949  -->
  <question type="formulas">
    <name>
      <text>trojný EOI 20</text>
    </name>
    <questiontext format="html">
      <text><![CDATA[<p>Vypočtěte $$\iiint_W \frac{1}{(1+x+y+z)^2}\ {\rm d}x{\rm d}y{\rm d}z,$$ $$\mbox{kde } W \mbox{ je zadaná nerovnicemi: } 0\leq x\leq 1,\ 0\leq y\leq 1-x,\ 0\leq z\leq 1-x-y$$<br></p>]]></text>
    </questiontext>
    <generalfeedback format="html">
      <text></text>
    </generalfeedback>
    <defaultgrade>1.0000000</defaultgrade>
    <penalty>0.0000000</penalty>
    <hidden>0</hidden>
    <idnumber></idnumber>
    <correctfeedback format="html">
      <text>Vaše odpověď je správná.</text>
    </correctfeedback>
    <partiallycorrectfeedback format="html">
      <text>Vaše odpověď je částečně správná.</text>
    </partiallycorrectfeedback>
    <incorrectfeedback format="html">
      <text>Vaše odpověď je chybná.</text>
    </incorrectfeedback>
    <shownumcorrect/>
<varsrandom><text></text>
</varsrandom>
<varsglobal><text></text>
</varsglobal>
<answernumbering><text>abc</text>
</answernumbering>
<answers>
 <partindex>
  <text>0</text>
 </partindex>
 <placeholder>
  <text></text>
 </placeholder>
 <answermark>
  <text>1</text>
 </answermark>
 <answertype>
  <text>10</text>
 </answertype>
 <numbox>
  <text>1</text>
 </numbox>
 <vars1>
  <text></text>
 </vars1>
 <answer>
  <text>0.75-log(2)</text>
 </answer>
 <vars2>
  <text></text>
 </vars2>
 <correctness>
  <text><![CDATA[_relerr < 0.01]]></text>
 </correctness>
 <unitpenalty>
  <text>1</text>
 </unitpenalty>
 <postunit>
  <text></text>
 </postunit>
 <ruleid>
  <text>1</text>
 </ruleid>
 <otherrule>
  <text></text>
 </otherrule>
 <subqtext format="html">
<text><![CDATA[<p>Výsledek: {_0}<br></p>]]></text>
 </subqtext>
 <feedback format="html">
<text></text>
 </feedback>
 <correctfeedback format="html">
<text></text>
 </correctfeedback>
 <partiallycorrectfeedback format="html">
<text></text>
 </partiallycorrectfeedback>
 <incorrectfeedback format="html">
<text></text>
 </incorrectfeedback>
</answers>
  </question>

<!-- question: 134947  -->
  <question type="formulas">
    <name>
      <text>trojný EOI 3</text>
    </name>
    <questiontext format="html">
      <text><![CDATA[<p>Vypočtěte $$\iiint_W xyz\ {\rm d}x{\rm d}y{\rm d}z,$$ $$\mbox{kde } W \mbox{ je zadaná nerovnicemi: } 0\leq x\leq 1,\ 0\leq y\leq x,\ 0\leq z\leq xy$$<br></p>]]></text>
    </questiontext>
    <generalfeedback format="html">
      <text></text>
    </generalfeedback>
    <defaultgrade>1.0000000</defaultgrade>
    <penalty>0.0000000</penalty>
    <hidden>0</hidden>
    <idnumber></idnumber>
    <correctfeedback format="html">
      <text>Vaše odpověď je správná.</text>
    </correctfeedback>
    <partiallycorrectfeedback format="html">
      <text>Vaše odpověď je částečně správná.</text>
    </partiallycorrectfeedback>
    <incorrectfeedback format="html">
      <text>Vaše odpověď je chybná.</text>
    </incorrectfeedback>
    <shownumcorrect/>
<varsrandom><text></text>
</varsrandom>
<varsglobal><text></text>
</varsglobal>
<answernumbering><text>abc</text>
</answernumbering>
<answers>
 <partindex>
  <text>0</text>
 </partindex>
 <placeholder>
  <text></text>
 </placeholder>
 <answermark>
  <text>1</text>
 </answermark>
 <answertype>
  <text>10</text>
 </answertype>
 <numbox>
  <text>1</text>
 </numbox>
 <vars1>
  <text></text>
 </vars1>
 <answer>
  <text>1/64</text>
 </answer>
 <vars2>
  <text></text>
 </vars2>
 <correctness>
  <text><![CDATA[_relerr < 0.01]]></text>
 </correctness>
 <unitpenalty>
  <text>1</text>
 </unitpenalty>
 <postunit>
  <text></text>
 </postunit>
 <ruleid>
  <text>1</text>
 </ruleid>
 <otherrule>
  <text></text>
 </otherrule>
 <subqtext format="html">
<text><![CDATA[<p>Výsledek: {_0}<br></p>]]></text>
 </subqtext>
 <feedback format="html">
<text></text>
 </feedback>
 <correctfeedback format="html">
<text></text>
 </correctfeedback>
 <partiallycorrectfeedback format="html">
<text></text>
 </partiallycorrectfeedback>
 <incorrectfeedback format="html">
<text></text>
 </incorrectfeedback>
</answers>
  </question>

<!-- question: 134948  -->
  <question type="formulas">
    <name>
      <text>trojný EOI 4</text>
    </name>
    <questiontext format="html">
      <text><![CDATA[<p>Vypočtěte $$\iiint_W x^3y^2z\ {\rm d}x{\rm d}y{\rm d}z,$$ $$\mbox{kde } W \mbox{ je zadaná nerovnicemi: } 0\leq x\leq 1,\ 0\leq y\leq x,\ 0\leq z\leq xy$$<br></p>]]></text>
    </questiontext>
    <generalfeedback format="html">
      <text></text>
    </generalfeedback>
    <defaultgrade>1.0000000</defaultgrade>
    <penalty>0.0000000</penalty>
    <hidden>0</hidden>
    <idnumber></idnumber>
    <correctfeedback format="html">
      <text>Vaše odpověď je správná.</text>
    </correctfeedback>
    <partiallycorrectfeedback format="html">
      <text>Vaše odpověď je částečně správná.</text>
    </partiallycorrectfeedback>
    <incorrectfeedback format="html">
      <text>Vaše odpověď je chybná.</text>
    </incorrectfeedback>
    <shownumcorrect/>
<varsrandom><text></text>
</varsrandom>
<varsglobal><text></text>
</varsglobal>
<answernumbering><text>abc</text>
</answernumbering>
<answers>
 <partindex>
  <text>0</text>
 </partindex>
 <placeholder>
  <text></text>
 </placeholder>
 <answermark>
  <text>1</text>
 </answermark>
 <answertype>
  <text>10</text>
 </answertype>
 <numbox>
  <text>1</text>
 </numbox>
 <vars1>
  <text></text>
 </vars1>
 <answer>
  <text>1/110</text>
 </answer>
 <vars2>
  <text></text>
 </vars2>
 <correctness>
  <text><![CDATA[_relerr < 0.01]]></text>
 </correctness>
 <unitpenalty>
  <text>1</text>
 </unitpenalty>
 <postunit>
  <text></text>
 </postunit>
 <ruleid>
  <text>1</text>
 </ruleid>
 <otherrule>
  <text></text>
 </otherrule>
 <subqtext format="html">
<text><![CDATA[<p>Výsledek: {_0}<br></p>]]></text>
 </subqtext>
 <feedback format="html">
<text></text>
 </feedback>
 <correctfeedback format="html">
<text></text>
 </correctfeedback>
 <partiallycorrectfeedback format="html">
<text></text>
 </partiallycorrectfeedback>
 <incorrectfeedback format="html">
<text></text>
 </incorrectfeedback>
</answers>
  </question>

<!-- question: 134950  -->
  <question type="formulas">
    <name>
      <text>trojný EOI 5</text>
    </name>
    <questiontext format="html">
      <text><![CDATA[<p>Vypočtěte $$\iiint_W z\sin x\ {\rm d}x{\rm d}y{\rm d}z,$$ $$\mbox{kde } W \mbox{ je zadaná nerovnicemi: } 0\leq x\leq \pi,\ 0\leq y\leq \frac\pi 2\ ,\ 0\leq z\leq \sqrt{\sin x\sin y}$$<br></p>]]></text>
    </questiontext>
    <generalfeedback format="html">
      <text></text>
    </generalfeedback>
    <defaultgrade>1.0000000</defaultgrade>
    <penalty>0.0000000</penalty>
    <hidden>0</hidden>
    <idnumber></idnumber>
    <correctfeedback format="html">
      <text>Vaše odpověď je správná.</text>
    </correctfeedback>
    <partiallycorrectfeedback format="html">
      <text>Vaše odpověď je částečně správná.</text>
    </partiallycorrectfeedback>
    <incorrectfeedback format="html">
      <text>Vaše odpověď je chybná.</text>
    </incorrectfeedback>
    <shownumcorrect/>
<varsrandom><text></text>
</varsrandom>
<varsglobal><text></text>
</varsglobal>
<answernumbering><text>abc</text>
</answernumbering>
<answers>
 <partindex>
  <text>0</text>
 </partindex>
 <placeholder>
  <text></text>
 </placeholder>
 <answermark>
  <text>1</text>
 </answermark>
 <answertype>
  <text>10</text>
 </answertype>
 <numbox>
  <text>1</text>
 </numbox>
 <vars1>
  <text></text>
 </vars1>
 <answer>
  <text>0.25*pi()</text>
 </answer>
 <vars2>
  <text></text>
 </vars2>
 <correctness>
  <text><![CDATA[_relerr < 0.01]]></text>
 </correctness>
 <unitpenalty>
  <text>1</text>
 </unitpenalty>
 <postunit>
  <text></text>
 </postunit>
 <ruleid>
  <text>1</text>
 </ruleid>
 <otherrule>
  <text></text>
 </otherrule>
 <subqtext format="html">
<text><![CDATA[<p>Výsledek: {_0}<br></p>]]></text>
 </subqtext>
 <feedback format="html">
<text></text>
 </feedback>
 <correctfeedback format="html">
<text></text>
 </correctfeedback>
 <partiallycorrectfeedback format="html">
<text></text>
 </partiallycorrectfeedback>
 <incorrectfeedback format="html">
<text></text>
 </incorrectfeedback>
</answers>
  </question>

<!-- question: 134951  -->
  <question type="formulas">
    <name>
      <text>trojný EOI 6</text>
    </name>
    <questiontext format="html">
      <text><![CDATA[<p>Vypočtěte $$\iiint_W xz\ {\rm d}x{\rm d}y{\rm d}z,$$ $$\mbox{kde } W \mbox{ je zadaná nerovnicemi: } $$ $$0\leq x\leq 1,\ 0\leq y\leq \sqrt{1-x^2},\ \sqrt{x^2+y^2}\leq z\leq \sqrt{2-x^2-y^2}$$<br></p>]]></text>
    </questiontext>
    <generalfeedback format="html">
      <text></text>
    </generalfeedback>
    <defaultgrade>1.0000000</defaultgrade>
    <penalty>0.0000000</penalty>
    <hidden>0</hidden>
    <idnumber></idnumber>
    <correctfeedback format="html">
      <text>Vaše odpověď je správná.</text>
    </correctfeedback>
    <partiallycorrectfeedback format="html">
      <text>Vaše odpověď je částečně správná.</text>
    </partiallycorrectfeedback>
    <incorrectfeedback format="html">
      <text>Vaše odpověď je chybná.</text>
    </incorrectfeedback>
    <shownumcorrect/>
<varsrandom><text></text>
</varsrandom>
<varsglobal><text></text>
</varsglobal>
<answernumbering><text>abc</text>
</answernumbering>
<answers>
 <partindex>
  <text>0</text>
 </partindex>
 <placeholder>
  <text></text>
 </placeholder>
 <answermark>
  <text>1</text>
 </answermark>
 <answertype>
  <text>10</text>
 </answertype>
 <numbox>
  <text>1</text>
 </numbox>
 <vars1>
  <text></text>
 </vars1>
 <answer>
  <text>2/15</text>
 </answer>
 <vars2>
  <text></text>
 </vars2>
 <correctness>
  <text><![CDATA[_relerr < 0.01]]></text>
 </correctness>
 <unitpenalty>
  <text>1</text>
 </unitpenalty>
 <postunit>
  <text></text>
 </postunit>
 <ruleid>
  <text>1</text>
 </ruleid>
 <otherrule>
  <text></text>
 </otherrule>
 <subqtext format="html">
<text><![CDATA[<p>Výsledek: {_0}<br></p>]]></text>
 </subqtext>
 <feedback format="html">
<text></text>
 </feedback>
 <correctfeedback format="html">
<text></text>
 </correctfeedback>
 <partiallycorrectfeedback format="html">
<text></text>
 </partiallycorrectfeedback>
 <incorrectfeedback format="html">
<text></text>
 </incorrectfeedback>
</answers>
  </question>

<!-- question: 134952  -->
  <question type="formulas">
    <name>
      <text>trojný EOI 7</text>
    </name>
    <questiontext format="html">
      <text><![CDATA[<p>Vypočtěte $$\iiint_W \frac{1}{1+x+y}\ {\rm d}x{\rm d}y{\rm d}z,$$ $$\mbox{kde } W \mbox{ je zadaná nerovnicemi: }x\geq 0,\ y\geq 0,\ x+y+z\leq 1$$<br></p>]]></text>
    </questiontext>
    <generalfeedback format="html">
      <text></text>
    </generalfeedback>
    <defaultgrade>1.0000000</defaultgrade>
    <penalty>0.0000000</penalty>
    <hidden>0</hidden>
    <idnumber></idnumber>
    <correctfeedback format="html">
      <text>Vaše odpověď je správná.</text>
    </correctfeedback>
    <partiallycorrectfeedback format="html">
      <text>Vaše odpověď je částečně správná.</text>
    </partiallycorrectfeedback>
    <incorrectfeedback format="html">
      <text>Vaše odpověď je chybná.</text>
    </incorrectfeedback>
    <shownumcorrect/>
<varsrandom><text></text>
</varsrandom>
<varsglobal><text></text>
</varsglobal>
<answernumbering><text>abc</text>
</answernumbering>
<answers>
 <partindex>
  <text>0</text>
 </partindex>
 <placeholder>
  <text></text>
 </placeholder>
 <answermark>
  <text>1</text>
 </answermark>
 <answertype>
  <text>10</text>
 </answertype>
 <numbox>
  <text>1</text>
 </numbox>
 <vars1>
  <text></text>
 </vars1>
 <answer>
  <text>1.5 -log(2)</text>
 </answer>
 <vars2>
  <text></text>
 </vars2>
 <correctness>
  <text><![CDATA[_relerr < 0.01]]></text>
 </correctness>
 <unitpenalty>
  <text>1</text>
 </unitpenalty>
 <postunit>
  <text></text>
 </postunit>
 <ruleid>
  <text>1</text>
 </ruleid>
 <otherrule>
  <text></text>
 </otherrule>
 <subqtext format="html">
<text><![CDATA[<p>Výsledek: {_0}<br></p>]]></text>
 </subqtext>
 <feedback format="html">
<text></text>
 </feedback>
 <correctfeedback format="html">
<text></text>
 </correctfeedback>
 <partiallycorrectfeedback format="html">
<text></text>
 </partiallycorrectfeedback>
 <incorrectfeedback format="html">
<text></text>
 </incorrectfeedback>
</answers>
  </question>

<!-- question: 134958  -->
  <question type="formulas">
    <name>
      <text>trojný EOI 8</text>
    </name>
    <questiontext format="html">
      <text><![CDATA[<p>Vypočtěte $$\iiint_W \left(2x + 3y -z\right)\ {\rm d}x{\rm d}y{\rm d}z,$$ $$\mbox{kde } W \mbox{ je ohraničena plochami: } z=0,\ z=1,\ x=0,\ y=0,\ x+y=2$$<br></p>]]></text>
    </questiontext>
    <generalfeedback format="html">
      <text></text>
    </generalfeedback>
    <defaultgrade>1.0000000</defaultgrade>
    <penalty>0.0000000</penalty>
    <hidden>0</hidden>
    <idnumber></idnumber>
    <correctfeedback format="html">
      <text>Vaše odpověď je správná.</text>
    </correctfeedback>
    <partiallycorrectfeedback format="html">
      <text>Vaše odpověď je částečně správná.</text>
    </partiallycorrectfeedback>
    <incorrectfeedback format="html">
      <text>Vaše odpověď je chybná.</text>
    </incorrectfeedback>
    <shownumcorrect/>
<varsrandom><text></text>
</varsrandom>
<varsglobal><text></text>
</varsglobal>
<answernumbering><text>abc</text>
</answernumbering>
<answers>
 <partindex>
  <text>0</text>
 </partindex>
 <placeholder>
  <text></text>
 </placeholder>
 <answermark>
  <text>1</text>
 </answermark>
 <answertype>
  <text>10</text>
 </answertype>
 <numbox>
  <text>1</text>
 </numbox>
 <vars1>
  <text></text>
 </vars1>
 <answer>
  <text>17/3</text>
 </answer>
 <vars2>
  <text></text>
 </vars2>
 <correctness>
  <text><![CDATA[_relerr < 0.01]]></text>
 </correctness>
 <unitpenalty>
  <text>1</text>
 </unitpenalty>
 <postunit>
  <text></text>
 </postunit>
 <ruleid>
  <text>1</text>
 </ruleid>
 <otherrule>
  <text></text>
 </otherrule>
 <subqtext format="html">
<text><![CDATA[<p>Výsledek: {_0}<br></p>]]></text>
 </subqtext>
 <feedback format="html">
<text></text>
 </feedback>
 <correctfeedback format="html">
<text></text>
 </correctfeedback>
 <partiallycorrectfeedback format="html">
<text></text>
 </partiallycorrectfeedback>
 <incorrectfeedback format="html">
<text></text>
 </incorrectfeedback>
</answers>
  </question>

<!-- question: 134968  -->
  <question type="formulas">
    <name>
      <text>trojný EOI 9</text>
    </name>
    <questiontext format="html">
      <text><![CDATA[<p>Vypočtěte $$\iiint_W \frac{1}{(1+z)^3}\ {\rm d}x{\rm d}y{\rm d}z,$$ $$\mbox{kde } W \mbox{ je ohraničená plochami: } x=0,\ y=0,\ z=0,\ x+y+z=1$$<br></p>]]></text>
    </questiontext>
    <generalfeedback format="html">
      <text></text>
    </generalfeedback>
    <defaultgrade>1.0000000</defaultgrade>
    <penalty>0.0000000</penalty>
    <hidden>0</hidden>
    <idnumber></idnumber>
    <correctfeedback format="html">
      <text>Vaše odpověď je správná.</text>
    </correctfeedback>
    <partiallycorrectfeedback format="html">
      <text>Vaše odpověď je částečně správná.</text>
    </partiallycorrectfeedback>
    <incorrectfeedback format="html">
      <text>Vaše odpověď je chybná.</text>
    </incorrectfeedback>
    <shownumcorrect/>
<varsrandom><text></text>
</varsrandom>
<varsglobal><text></text>
</varsglobal>
<answernumbering><text>abc</text>
</answernumbering>
<answers>
 <partindex>
  <text>0</text>
 </partindex>
 <placeholder>
  <text></text>
 </placeholder>
 <answermark>
  <text>1</text>
 </answermark>
 <answertype>
  <text>10</text>
 </answertype>
 <numbox>
  <text>1</text>
 </numbox>
 <vars1>
  <text></text>
 </vars1>
 <answer>
  <text>log(2)/2-0.25</text>
 </answer>
 <vars2>
  <text></text>
 </vars2>
 <correctness>
  <text><![CDATA[_relerr < 0.01]]></text>
 </correctness>
 <unitpenalty>
  <text>1</text>
 </unitpenalty>
 <postunit>
  <text></text>
 </postunit>
 <ruleid>
  <text>1</text>
 </ruleid>
 <otherrule>
  <text></text>
 </otherrule>
 <subqtext format="html">
<text><![CDATA[<p>Výsledek: {_0}<br></p>]]></text>
 </subqtext>
 <feedback format="html">
<text></text>
 </feedback>
 <correctfeedback format="html">
<text></text>
 </correctfeedback>
 <partiallycorrectfeedback format="html">
<text></text>
 </partiallycorrectfeedback>
 <incorrectfeedback format="html">
<text></text>
 </incorrectfeedback>
</answers>
  </question>

<!-- question: 0  -->
  <question type="category">
    <category>
      <text>$course$/top/Výchozí v B192-2011068/OM/Téma 5/trojny_cylindricke</text>
    </category>
    <info format="html">
      <text>Výpočet trojného integrálu v cylindrických souřadnicích.</text>
    </info>
    <idnumber></idnumber>
  </question>

<!-- question: 135008  -->
  <question type="formulas">
    <name>
      <text>cylindrické 1</text>
    </name>
    <questiontext format="html">
      <text><![CDATA[<p>Vypočtěte integrál $$\iiint_W\ {\rm d}x{\rm d}y{\rm d}z,$$ $$\mbox{ kde }W \mbox{ je ohraničená plochami: } x^2 + y^2 = 1,\ z=0,\ z=1$$</p><p><br></p>]]></text>
    </questiontext>
    <generalfeedback format="html">
      <text><![CDATA[<p>Doporučení: zvolte cylindrické souřadnice a odpovídající meze:$$\begin{array}{l} x = r\cos\varphi\\ y = r\sin\varphi\\ z = z\end{array},\quad \begin{array}{c}0\leq r\leq 1\\0\leq \varphi\leq 2\pi\\0\leq z\leq 1\end{array}\ \mbox{, potom } {\rm d}x{\rm d}y{\rm d}z = r\ {\rm d}r{\rm d}\varphi{\rm d}z$$</p><p>Integrál&nbsp; převedeme na $$\int_0^{2\pi}\left(\int_0^1\left(\int_0^1\ r\ {\rm d}z\right){\rm d}r\right){\rm d}\varphi$$<br></p><p><br></p>]]></text>
    </generalfeedback>
    <defaultgrade>1.0000000</defaultgrade>
    <penalty>0.0000000</penalty>
    <hidden>0</hidden>
    <idnumber></idnumber>
    <correctfeedback format="html">
      <text>Vaše odpověď je správná.</text>
    </correctfeedback>
    <partiallycorrectfeedback format="html">
      <text>Vaše odpověď je částečně správná.</text>
    </partiallycorrectfeedback>
    <incorrectfeedback format="html">
      <text>Vaše odpověď je chybná.</text>
    </incorrectfeedback>
    <shownumcorrect/>
<varsrandom><text></text>
</varsrandom>
<varsglobal><text></text>
</varsglobal>
<answernumbering><text>abc</text>
</answernumbering>
<answers>
 <partindex>
  <text>0</text>
 </partindex>
 <placeholder>
  <text></text>
 </placeholder>
 <answermark>
  <text>1</text>
 </answermark>
 <answertype>
  <text>10</text>
 </answertype>
 <numbox>
  <text>1</text>
 </numbox>
 <vars1>
  <text></text>
 </vars1>
 <answer>
  <text>pi()</text>
 </answer>
 <vars2>
  <text></text>
 </vars2>
 <correctness>
  <text><![CDATA[_relerr < 0.01]]></text>
 </correctness>
 <unitpenalty>
  <text>1</text>
 </unitpenalty>
 <postunit>
  <text></text>
 </postunit>
 <ruleid>
  <text>1</text>
 </ruleid>
 <otherrule>
  <text></text>
 </otherrule>
 <subqtext format="html">
<text><![CDATA[<p>Výsledek : {_0}<br></p>]]></text>
 </subqtext>
 <feedback format="html">
<text></text>
 </feedback>
 <correctfeedback format="html">
<text></text>
 </correctfeedback>
 <partiallycorrectfeedback format="html">
<text></text>
 </partiallycorrectfeedback>
 <incorrectfeedback format="html">
<text></text>
 </incorrectfeedback>
</answers>
  </question>

<!-- question: 135040  -->
  <question type="formulas">
    <name>
      <text>cylindrické 10</text>
    </name>
    <questiontext format="html">
      <text><![CDATA[<p>Vypočtěte integrál $$\iiint_W\ z\ {\rm d}x{\rm d}y{\rm d}z,$$ $$\mbox{ kde }W \mbox{ je zadaná nerovnicemi }$$ $$&nbsp; x^2 + y^2 \leq 9,\ x\leq y\leq x\sqrt{3},\ \ 0\leq z\leq {V}$$</p>]]></text>
    </questiontext>
    <generalfeedback format="html">
      <text><![CDATA[<p>Doporučení: zvolte cylindrické souřadnice a odpovídající meze: 
$$\begin{array}{l} x = r\cos\varphi\\ y = r\sin\varphi\\ z = 
z\end{array},\quad \begin{array}{c}0\leq r\leq 3\\\frac \pi 4\leq\varphi\leq \frac\pi 3\\0\leq z\leq {V}\end{array}$$</p><p>Nerovnice (meze) pro \(\varphi\) určíme z nerovnic \( x\leq y\leq x\sqrt{3} \) v proměnných \(r, \varphi\):$$ r\cos \varphi \leq&nbsp; r\sin\varphi\leq \sqrt 3 r\cos\varphi \ \Rightarrow\ 1\leq {\rm tg}\varphi \leq \sqrt 3\ \Rightarrow \frac \pi 4 \leq \varphi\leq \frac\pi 3$$ <br></p>]]></text>
    </generalfeedback>
    <defaultgrade>1.0000000</defaultgrade>
    <penalty>0.0000000</penalty>
    <hidden>0</hidden>
    <idnumber></idnumber>
    <correctfeedback format="html">
      <text>Vaše odpověď je správná.</text>
    </correctfeedback>
    <partiallycorrectfeedback format="html">
      <text>Vaše odpověď je částečně správná.</text>
    </partiallycorrectfeedback>
    <incorrectfeedback format="html">
      <text>Vaše odpověď je chybná.</text>
    </incorrectfeedback>
    <shownumcorrect/>
<varsrandom><text>V={1:6}</text>
</varsrandom>
<varsglobal><text></text>
</varsglobal>
<answernumbering><text>abc</text>
</answernumbering>
<answers>
 <partindex>
  <text>0</text>
 </partindex>
 <placeholder>
  <text></text>
 </placeholder>
 <answermark>
  <text>1</text>
 </answermark>
 <answertype>
  <text>10</text>
 </answertype>
 <numbox>
  <text>1</text>
 </numbox>
 <vars1>
  <text></text>
 </vars1>
 <answer>
  <text>pi()*9*V*V/48</text>
 </answer>
 <vars2>
  <text></text>
 </vars2>
 <correctness>
  <text><![CDATA[_relerr < 0.01]]></text>
 </correctness>
 <unitpenalty>
  <text>1</text>
 </unitpenalty>
 <postunit>
  <text></text>
 </postunit>
 <ruleid>
  <text>1</text>
 </ruleid>
 <otherrule>
  <text></text>
 </otherrule>
 <subqtext format="html">
<text><![CDATA[<p>Výsledek : {_0}<br></p>]]></text>
 </subqtext>
 <feedback format="html">
<text></text>
 </feedback>
 <correctfeedback format="html">
<text></text>
 </correctfeedback>
 <partiallycorrectfeedback format="html">
<text></text>
 </partiallycorrectfeedback>
 <incorrectfeedback format="html">
<text></text>
 </incorrectfeedback>
</answers>
  </question>

<!-- question: 135009  -->
  <question type="formulas">
    <name>
      <text>cylindrické 2</text>
    </name>
    <questiontext format="html">
      <text><![CDATA[<p>Vypočtěte integrál $$\iiint_W\ (x^2+y^2)\ {\rm d}x{\rm d}y{\rm d}z,$$ $$\mbox{ kde }W \mbox{ je ohraničená plochami } z=\frac12 \left( x^2 + y^2\right),\ z=2$$</p><p><br></p>]]></text>
    </questiontext>
    <generalfeedback format="html">
      <text><![CDATA[<p>Doporučení: zvolte cylindrické souřadnice $$\begin{array}{l} x = r\cos\varphi\\ y = r\sin\varphi\\ z = z\end{array}$$</p><p>Parabolická plocha \(\displaystyle z=\frac12 \left( x^2 + y^2\right) \) je shora ohraničena rovinou \(z=2\). <br></p><p>Průsečík těchto ploch je \(\displaystyle 2 = \frac 12 \left( x^2 + y^2\right)\), tj. \(\displaystyle x^2 + y^2 = 4\).</p><p>Proto meze pro \(r, \varphi, z\) jsou: $$\begin{array}{c}0\leq r\leq 2\\0\leq \varphi\leq 2\pi\\\frac 12 r^2\leq z\leq 2\end{array}$$<br></p>]]></text>
    </generalfeedback>
    <defaultgrade>1.0000000</defaultgrade>
    <penalty>0.0000000</penalty>
    <hidden>0</hidden>
    <idnumber></idnumber>
    <correctfeedback format="html">
      <text>Vaše odpověď je správná.</text>
    </correctfeedback>
    <partiallycorrectfeedback format="html">
      <text>Vaše odpověď je částečně správná.</text>
    </partiallycorrectfeedback>
    <incorrectfeedback format="html">
      <text>Vaše odpověď je chybná.</text>
    </incorrectfeedback>
    <shownumcorrect/>
<varsrandom><text></text>
</varsrandom>
<varsglobal><text></text>
</varsglobal>
<answernumbering><text>abc</text>
</answernumbering>
<answers>
 <partindex>
  <text>0</text>
 </partindex>
 <placeholder>
  <text></text>
 </placeholder>
 <answermark>
  <text>1</text>
 </answermark>
 <answertype>
  <text>10</text>
 </answertype>
 <numbox>
  <text>1</text>
 </numbox>
 <vars1>
  <text></text>
 </vars1>
 <answer>
  <text>pi()*16/3</text>
 </answer>
 <vars2>
  <text></text>
 </vars2>
 <correctness>
  <text><![CDATA[_relerr < 0.01]]></text>
 </correctness>
 <unitpenalty>
  <text>1</text>
 </unitpenalty>
 <postunit>
  <text></text>
 </postunit>
 <ruleid>
  <text>1</text>
 </ruleid>
 <otherrule>
  <text></text>
 </otherrule>
 <subqtext format="html">
<text><![CDATA[<p>Výsledek : {_0}<br></p>]]></text>
 </subqtext>
 <feedback format="html">
<text></text>
 </feedback>
 <correctfeedback format="html">
<text></text>
 </correctfeedback>
 <partiallycorrectfeedback format="html">
<text></text>
 </partiallycorrectfeedback>
 <incorrectfeedback format="html">
<text></text>
 </incorrectfeedback>
</answers>
  </question>

<!-- question: 135010  -->
  <question type="formulas">
    <name>
      <text>cylindrické 3</text>
    </name>
    <questiontext format="html">
      <text><![CDATA[<p>Vypočtěte integrál $$\iiint_W\ z\ {\rm d}x{\rm d}y{\rm d}z,$$ $$\mbox{ kde }W \mbox{ je zadaná nerovnicemi } -2\leq x\leq 2,\ 0\leq y\leq \sqrt{4-x^2},\ 0\leq z\leq 2$$</p>]]></text>
    </questiontext>
    <generalfeedback format="html">
      <text><![CDATA[<p>Doporučení: zvolte cylindrické souřadnice $$\begin{array}{l} x = r\cos\varphi\\ y = r\sin\varphi\\ z = z\end{array}$$</p><p>Z nerovnic \(\displaystyle&nbsp; -2\leq x\leq 2,\ 0\leq y\leq \sqrt{4-x^2}\) určíme průmět v rovině \(z=0\): $$x^2 + y^2 \leq 4, y\geq 0$$.</p><p>Proto pro \(\varphi\) platí: \(0\leq \varphi\leq \pi\).<br></p>]]></text>
    </generalfeedback>
    <defaultgrade>1.0000000</defaultgrade>
    <penalty>0.0000000</penalty>
    <hidden>0</hidden>
    <idnumber></idnumber>
    <correctfeedback format="html">
      <text>Vaše odpověď je správná.</text>
    </correctfeedback>
    <partiallycorrectfeedback format="html">
      <text>Vaše odpověď je částečně správná.</text>
    </partiallycorrectfeedback>
    <incorrectfeedback format="html">
      <text>Vaše odpověď je chybná.</text>
    </incorrectfeedback>
    <shownumcorrect/>
<varsrandom><text></text>
</varsrandom>
<varsglobal><text></text>
</varsglobal>
<answernumbering><text>abc</text>
</answernumbering>
<answers>
 <partindex>
  <text>0</text>
 </partindex>
 <placeholder>
  <text></text>
 </placeholder>
 <answermark>
  <text>1</text>
 </answermark>
 <answertype>
  <text>10</text>
 </answertype>
 <numbox>
  <text>1</text>
 </numbox>
 <vars1>
  <text></text>
 </vars1>
 <answer>
  <text>pi()*4</text>
 </answer>
 <vars2>
  <text></text>
 </vars2>
 <correctness>
  <text><![CDATA[_relerr < 0.01]]></text>
 </correctness>
 <unitpenalty>
  <text>1</text>
 </unitpenalty>
 <postunit>
  <text></text>
 </postunit>
 <ruleid>
  <text>1</text>
 </ruleid>
 <otherrule>
  <text></text>
 </otherrule>
 <subqtext format="html">
<text><![CDATA[<p>Výsledek : {_0}<br></p>]]></text>
 </subqtext>
 <feedback format="html">
<text></text>
 </feedback>
 <correctfeedback format="html">
<text></text>
 </correctfeedback>
 <partiallycorrectfeedback format="html">
<text></text>
 </partiallycorrectfeedback>
 <incorrectfeedback format="html">
<text></text>
 </incorrectfeedback>
</answers>
  </question>

<!-- question: 135011  -->
  <question type="formulas">
    <name>
      <text>cylindrické 4</text>
    </name>
    <questiontext format="html">
      <text><![CDATA[<p>Vypočtěte integrál $$\iiint_W\ z\sqrt{x^2+y^2}\ {\rm d}x{\rm d}y{\rm d}z,$$ $$\mbox{ kde }W \mbox{ je zadaná nerovnicemi } 0\leq z\leq 1, 0\leq x\leq 2,\ 0\leq y\leq \sqrt{2x - x^2}$$</p>]]></text>
    </questiontext>
    <generalfeedback format="html">
      <text><![CDATA[<p>Doporučení: zvolte cylindrické souřadnice a odpovídající meze: 
$$\begin{array}{l} x = r\cos\varphi\\ y = r\sin\varphi\\ z = 
z\end{array},\quad \begin{array}{c}0\leq r\leq 
2\cos\varphi\\0\leq\varphi\leq \frac \pi 2\\0\leq z\leq 1\end{array}$$</p><p>Meze \(r\) a \(\varphi\) určujeme z nerovnic $$0\leq x\leq 2,\ 0\leq y\leq \sqrt{2x - x^2} \ \mbox{ tj. } x^2 + y^2 \leq 2x,\ x\geq 0,\ y\geq 0$$<br></p><p>Integrand \(\displaystyle z\sqrt{x^2 + y^2}\) zapíšeme v nových souřadnicích \(z \cdot r\) a nezapomeneme na jakobián, který je \(r\).</p><p>Počítáme integrál $$\int_0^1\ z\ {\rm d}z\cdot\int_0^{\frac \pi2}\left(\int_0^{2\cos\varphi}\ r^2\ {\rm d}r\right){\rm d}\varphi$$<br></p>]]></text>
    </generalfeedback>
    <defaultgrade>1.0000000</defaultgrade>
    <penalty>0.0000000</penalty>
    <hidden>0</hidden>
    <idnumber></idnumber>
    <correctfeedback format="html">
      <text>Vaše odpověď je správná.</text>
    </correctfeedback>
    <partiallycorrectfeedback format="html">
      <text>Vaše odpověď je částečně správná.</text>
    </partiallycorrectfeedback>
    <incorrectfeedback format="html">
      <text>Vaše odpověď je chybná.</text>
    </incorrectfeedback>
    <shownumcorrect/>
<varsrandom><text></text>
</varsrandom>
<varsglobal><text></text>
</varsglobal>
<answernumbering><text>abc</text>
</answernumbering>
<answers>
 <partindex>
  <text>0</text>
 </partindex>
 <placeholder>
  <text></text>
 </placeholder>
 <answermark>
  <text>1</text>
 </answermark>
 <answertype>
  <text>10</text>
 </answertype>
 <numbox>
  <text>1</text>
 </numbox>
 <vars1>
  <text></text>
 </vars1>
 <answer>
  <text>8/9</text>
 </answer>
 <vars2>
  <text></text>
 </vars2>
 <correctness>
  <text><![CDATA[_relerr < 0.01]]></text>
 </correctness>
 <unitpenalty>
  <text>1</text>
 </unitpenalty>
 <postunit>
  <text></text>
 </postunit>
 <ruleid>
  <text>1</text>
 </ruleid>
 <otherrule>
  <text></text>
 </otherrule>
 <subqtext format="html">
<text><![CDATA[<p>Výsledek : {_0}<br></p>]]></text>
 </subqtext>
 <feedback format="html">
<text></text>
 </feedback>
 <correctfeedback format="html">
<text></text>
 </correctfeedback>
 <partiallycorrectfeedback format="html">
<text></text>
 </partiallycorrectfeedback>
 <incorrectfeedback format="html">
<text></text>
 </incorrectfeedback>
</answers>
  </question>

<!-- question: 135028  -->
  <question type="formulas">
    <name>
      <text>cylindrické 5</text>
    </name>
    <questiontext format="html">
      <text><![CDATA[<p>Vypočtěte integrál $$\iiint_W\ z\left(x^2+y^2\right)\ {\rm d}x{\rm d}y{\rm d}z,$$ $$\mbox{ kde }W \mbox{ je zadaná nerovnicemi }$$ $$ 0\leq x\leq 1,\ 0\leq y\leq \sqrt{1 - x^2},\ 0\leq z\leq \sqrt{1-x^2-y^2}$$</p>]]></text>
    </questiontext>
    <generalfeedback format="html">
      <text><![CDATA[<p>Doporučení: zvolte cylindrické souřadnice a odpovídající meze: 
$$\begin{array}{l} x = r\cos\varphi\\ y = r\sin\varphi\\ z = 
z\end{array},\quad \begin{array}{c}0\leq r\leq 1\\0\leq\varphi\leq \frac \pi 2\\0\leq z\leq \sqrt{1-r^2}\end{array}$$</p><p>Meze \(r\) a \(\varphi\) určujeme z nerovnic $$0\leq x\leq 1,\ 0\leq y\leq \sqrt{1- x^2} \ \mbox{ tj. } x^2 + y^2 \leq 1,\ x\geq 0,\ y\geq 0$$<br></p><p>Integrand \(\displaystyle z\left(x^2 + y^2\right)\) zapíšeme v nových souřadnicích \(z \cdot r^2\) a nezapomeneme na jakobián, který je \(r\).</p><p>Počítáme integrál $$\int_0^{\frac \pi 2}\ {\rm d}\varphi\cdot\int_0^1\left(\int_0^{\sqrt{1-r^2}}\ zr^3\ {\rm d}z\right){\rm d}r$$<br></p>]]></text>
    </generalfeedback>
    <defaultgrade>1.0000000</defaultgrade>
    <penalty>0.0000000</penalty>
    <hidden>0</hidden>
    <idnumber></idnumber>
    <correctfeedback format="html">
      <text>Vaše odpověď je správná.</text>
    </correctfeedback>
    <partiallycorrectfeedback format="html">
      <text>Vaše odpověď je částečně správná.</text>
    </partiallycorrectfeedback>
    <incorrectfeedback format="html">
      <text>Vaše odpověď je chybná.</text>
    </incorrectfeedback>
    <shownumcorrect/>
<varsrandom><text></text>
</varsrandom>
<varsglobal><text></text>
</varsglobal>
<answernumbering><text>abc</text>
</answernumbering>
<answers>
 <partindex>
  <text>0</text>
 </partindex>
 <placeholder>
  <text></text>
 </placeholder>
 <answermark>
  <text>1</text>
 </answermark>
 <answertype>
  <text>10</text>
 </answertype>
 <numbox>
  <text>1</text>
 </numbox>
 <vars1>
  <text></text>
 </vars1>
 <answer>
  <text>pi()/48</text>
 </answer>
 <vars2>
  <text></text>
 </vars2>
 <correctness>
  <text><![CDATA[_relerr < 0.01]]></text>
 </correctness>
 <unitpenalty>
  <text>1</text>
 </unitpenalty>
 <postunit>
  <text></text>
 </postunit>
 <ruleid>
  <text>1</text>
 </ruleid>
 <otherrule>
  <text></text>
 </otherrule>
 <subqtext format="html">
<text><![CDATA[<p>Výsledek : {_0}<br></p>]]></text>
 </subqtext>
 <feedback format="html">
<text></text>
 </feedback>
 <correctfeedback format="html">
<text></text>
 </correctfeedback>
 <partiallycorrectfeedback format="html">
<text></text>
 </partiallycorrectfeedback>
 <incorrectfeedback format="html">
<text></text>
 </incorrectfeedback>
</answers>
  </question>

<!-- question: 135030  -->
  <question type="formulas">
    <name>
      <text>cylindrické 6</text>
    </name>
    <questiontext format="html">
      <text><![CDATA[<p>Vypočtěte integrál $$\iiint_W\ \ {\rm d}x{\rm d}y{\rm d}z,$$ $$\mbox{ kde }W \mbox{ je zadaná nerovnicemi }$$ $$&nbsp; x\geq 0,\ x^2 + y^2 \leq 1,\ 0\leq z\leq 6$$</p>]]></text>
    </questiontext>
    <generalfeedback format="html">
      <text><![CDATA[<p>Doporučení: zvolte cylindrické souřadnice a odpovídající meze: 
$$\begin{array}{l} x = r\cos\varphi\\ y = r\sin\varphi\\ z = 
z\end{array},\quad \begin{array}{c}0\leq r\leq 1\\-\frac \pi 2\leq\varphi\leq \frac\pi 2\\0\leq z\leq 6\end{array}$$</p>]]></text>
    </generalfeedback>
    <defaultgrade>1.0000000</defaultgrade>
    <penalty>0.0000000</penalty>
    <hidden>0</hidden>
    <idnumber></idnumber>
    <correctfeedback format="html">
      <text>Vaše odpověď je správná.</text>
    </correctfeedback>
    <partiallycorrectfeedback format="html">
      <text>Vaše odpověď je částečně správná.</text>
    </partiallycorrectfeedback>
    <incorrectfeedback format="html">
      <text>Vaše odpověď je chybná.</text>
    </incorrectfeedback>
    <shownumcorrect/>
<varsrandom><text></text>
</varsrandom>
<varsglobal><text></text>
</varsglobal>
<answernumbering><text>abc</text>
</answernumbering>
<answers>
 <partindex>
  <text>0</text>
 </partindex>
 <placeholder>
  <text></text>
 </placeholder>
 <answermark>
  <text>1</text>
 </answermark>
 <answertype>
  <text>10</text>
 </answertype>
 <numbox>
  <text>1</text>
 </numbox>
 <vars1>
  <text></text>
 </vars1>
 <answer>
  <text>pi()*3</text>
 </answer>
 <vars2>
  <text></text>
 </vars2>
 <correctness>
  <text><![CDATA[_relerr < 0.01]]></text>
 </correctness>
 <unitpenalty>
  <text>1</text>
 </unitpenalty>
 <postunit>
  <text></text>
 </postunit>
 <ruleid>
  <text>1</text>
 </ruleid>
 <otherrule>
  <text></text>
 </otherrule>
 <subqtext format="html">
<text><![CDATA[<p>Výsledek : {_0}<br></p>]]></text>
 </subqtext>
 <feedback format="html">
<text></text>
 </feedback>
 <correctfeedback format="html">
<text></text>
 </correctfeedback>
 <partiallycorrectfeedback format="html">
<text></text>
 </partiallycorrectfeedback>
 <incorrectfeedback format="html">
<text></text>
 </incorrectfeedback>
</answers>
  </question>

<!-- question: 135033  -->
  <question type="formulas">
    <name>
      <text>cylindrické 7 (dutý válec)</text>
    </name>
    <questiontext format="html">
      <text><![CDATA[<p>Vypočtěte integrál $$\iiint_W\ \ {\rm d}x{\rm d}y{\rm d}z,$$ $$\mbox{ kde }W \mbox{ je zadaná nerovnicemi }$$ $$&nbsp; {A2}\leq&nbsp; x^2 + y^2 \leq {B2},\ 0\leq z\leq {V}$$</p>]]></text>
    </questiontext>
    <generalfeedback format="html">
      <text><![CDATA[<p>Doporučení: zvolte cylindrické souřadnice a odpovídající meze: 
$$\begin{array}{l} x = r\cos\varphi\\ y = r\sin\varphi\\ z = 
z\end{array},\quad \begin{array}{c}{A}\leq r\leq {B}\\0\leq\varphi\leq 2\pi\\0\leq z\leq {V}\end{array}$$</p>]]></text>
    </generalfeedback>
    <defaultgrade>1.0000000</defaultgrade>
    <penalty>0.0000000</penalty>
    <hidden>0</hidden>
    <idnumber></idnumber>
    <correctfeedback format="html">
      <text>Vaše odpověď je správná.</text>
    </correctfeedback>
    <partiallycorrectfeedback format="html">
      <text>Vaše odpověď je částečně správná.</text>
    </partiallycorrectfeedback>
    <incorrectfeedback format="html">
      <text>Vaše odpověď je chybná.</text>
    </incorrectfeedback>
    <shownumcorrect/>
<varsrandom><text>V={1:6};
A={1,2,3};
B={4,5,6};</text>
</varsrandom>
<varsglobal><text>A2 = A*A; B2 = B*B;</text>
</varsglobal>
<answernumbering><text>abc</text>
</answernumbering>
<answers>
 <partindex>
  <text>0</text>
 </partindex>
 <placeholder>
  <text></text>
 </placeholder>
 <answermark>
  <text>1</text>
 </answermark>
 <answertype>
  <text>10</text>
 </answertype>
 <numbox>
  <text>1</text>
 </numbox>
 <vars1>
  <text></text>
 </vars1>
 <answer>
  <text>pi()*(B2-A2)*V</text>
 </answer>
 <vars2>
  <text></text>
 </vars2>
 <correctness>
  <text><![CDATA[_relerr < 0.01]]></text>
 </correctness>
 <unitpenalty>
  <text>1</text>
 </unitpenalty>
 <postunit>
  <text></text>
 </postunit>
 <ruleid>
  <text>1</text>
 </ruleid>
 <otherrule>
  <text></text>
 </otherrule>
 <subqtext format="html">
<text><![CDATA[<p>Výsledek : {_0}<br></p>]]></text>
 </subqtext>
 <feedback format="html">
<text></text>
 </feedback>
 <correctfeedback format="html">
<text></text>
 </correctfeedback>
 <partiallycorrectfeedback format="html">
<text></text>
 </partiallycorrectfeedback>
 <incorrectfeedback format="html">
<text></text>
 </incorrectfeedback>
</answers>
  </question>

<!-- question: 135038  -->
  <question type="formulas">
    <name>
      <text>cylindrické 8 (zobecněné)</text>
    </name>
    <questiontext format="html">
      <text><![CDATA[<p>Vypočtěte integrál $$\iiint_W\ \left({C}x + y - z\right)\ {\rm d}x{\rm d}y{\rm d}z,$$ $$\mbox{ kde }W \mbox{ je zadaná nerovnicemi }$$ $${A2}x^2 + {B2}y^2 \leq {AB2} ,\ x\geq 0,\ y\geq {C}x,\ 0\leq z\leq {V}$$</p>]]></text>
    </questiontext>
    <generalfeedback format="html">
      <text><![CDATA[<p>Doporučení: zvolte zobecněné cylindrické souřadnice a odpovídající meze: 
$$\begin{array}{l} x = {B}r\cos\varphi\\ y = {A}r\sin\varphi\\ z = 
z\end{array},\quad \begin{array}{c}0\leq r\leq 1\\\frac \pi 4\leq\varphi\leq \frac\pi 2\\0\leq z\leq {V}\end{array}$$</p><p>Nezapomeňte, že \( {\rm d}x{\rm d}y{\rm d}z = {B}\cdot {A}\cdot r\ {\rm d}r{\rm d}\varphi{\rm d}z\)</p>]]></text>
    </generalfeedback>
    <defaultgrade>1.0000000</defaultgrade>
    <penalty>0.0000000</penalty>
    <hidden>0</hidden>
    <idnumber></idnumber>
    <correctfeedback format="html">
      <text>Vaše odpověď je správná.</text>
    </correctfeedback>
    <partiallycorrectfeedback format="html">
      <text>Vaše odpověď je částečně správná.</text>
    </partiallycorrectfeedback>
    <incorrectfeedback format="html">
      <text>Vaše odpověď je chybná.</text>
    </incorrectfeedback>
    <shownumcorrect/>
<varsrandom><text>A={3, 5, 7};
B={1, 2, 4};</text>
</varsrandom>
<varsglobal><text>V = A-1;
A2 = A*A;
B2 = B*B;
AB2 = A2*B2;
C = A/B;</text>
</varsglobal>
<answernumbering><text>abc</text>
</answernumbering>
<answers>
 <partindex>
  <text>0</text>
 </partindex>
 <placeholder>
  <text></text>
 </placeholder>
 <answermark>
  <text>1</text>
 </answermark>
 <answertype>
  <text>10</text>
 </answertype>
 <numbox>
  <text>1</text>
 </numbox>
 <vars1>
  <text></text>
 </vars1>
 <answer>
  <text>V*B*A*A/3 - A*B*V*V*pi()/16</text>
 </answer>
 <vars2>
  <text></text>
 </vars2>
 <correctness>
  <text><![CDATA[_relerr < 0.01]]></text>
 </correctness>
 <unitpenalty>
  <text>1</text>
 </unitpenalty>
 <postunit>
  <text></text>
 </postunit>
 <ruleid>
  <text>1</text>
 </ruleid>
 <otherrule>
  <text></text>
 </otherrule>
 <subqtext format="html">
<text><![CDATA[<p>Výsledek : {_0}<br></p>]]></text>
 </subqtext>
 <feedback format="html">
<text></text>
 </feedback>
 <correctfeedback format="html">
<text></text>
 </correctfeedback>
 <partiallycorrectfeedback format="html">
<text></text>
 </partiallycorrectfeedback>
 <incorrectfeedback format="html">
<text></text>
 </incorrectfeedback>
</answers>
  </question>

<!-- question: 135034  -->
  <question type="formulas">
    <name>
      <text>cylindrické 9 (dutý válec)</text>
    </name>
    <questiontext format="html">
      <text><![CDATA[<p>Vypočtěte integrál $$\iiint_W\ (x+y)\ {\rm d}x{\rm d}y{\rm d}z,$$ $$\mbox{ kde }W \mbox{ je zadaná nerovnicemi }$$ $$&nbsp; {A2}\leq&nbsp; x^2 + y^2 \leq {B2},\ y\geq x,\ y\geq -x,\ 0\leq z\leq {V} $$</p>]]></text>
    </questiontext>
    <generalfeedback format="html">
      <text><![CDATA[<p>Doporučení: zvolte cylindrické souřadnice a odpovídající meze: 
$$\begin{array}{l} x = r\cos\varphi\\ y = r\sin\varphi\\ z = 
z\end{array},\quad \begin{array}{c}{A}\leq r\leq {B}\\\frac \pi 4\leq\varphi\leq \frac{3\pi} {4}\\0\leq z\leq {V}\end{array}$$</p>]]></text>
    </generalfeedback>
    <defaultgrade>1.0000000</defaultgrade>
    <penalty>0.0000000</penalty>
    <hidden>0</hidden>
    <idnumber></idnumber>
    <correctfeedback format="html">
      <text>Vaše odpověď je správná.</text>
    </correctfeedback>
    <partiallycorrectfeedback format="html">
      <text>Vaše odpověď je částečně správná.</text>
    </partiallycorrectfeedback>
    <incorrectfeedback format="html">
      <text>Vaše odpověď je chybná.</text>
    </incorrectfeedback>
    <shownumcorrect/>
<varsrandom><text>V={1:6};
A={1,2,3};
B={4,5,6};</text>
</varsrandom>
<varsglobal><text>A2 = A*A; B2 = B*B; A3 = A2*A; B3 = B2*B;</text>
</varsglobal>
<answernumbering><text>abc</text>
</answernumbering>
<answers>
 <partindex>
  <text>0</text>
 </partindex>
 <placeholder>
  <text></text>
 </placeholder>
 <answermark>
  <text>1</text>
 </answermark>
 <answertype>
  <text>10</text>
 </answertype>
 <numbox>
  <text>1</text>
 </numbox>
 <vars1>
  <text></text>
 </vars1>
 <answer>
  <text>\sqrt(2)*V*(B3-A3)/3</text>
 </answer>
 <vars2>
  <text></text>
 </vars2>
 <correctness>
  <text><![CDATA[_relerr < 0.01]]></text>
 </correctness>
 <unitpenalty>
  <text>1</text>
 </unitpenalty>
 <postunit>
  <text></text>
 </postunit>
 <ruleid>
  <text>1</text>
 </ruleid>
 <otherrule>
  <text></text>
 </otherrule>
 <subqtext format="html">
<text><![CDATA[<p>Výsledek : {_0}<br></p>]]></text>
 </subqtext>
 <feedback format="html">
<text></text>
 </feedback>
 <correctfeedback format="html">
<text></text>
 </correctfeedback>
 <partiallycorrectfeedback format="html">
<text></text>
 </partiallycorrectfeedback>
 <incorrectfeedback format="html">
<text></text>
 </incorrectfeedback>
</answers>
  </question>

<!-- question: 0  -->
  <question type="category">
    <category>
      <text>$course$/top/Výchozí v B192-2011068/OM/Téma 5/trojny_sfericke</text>
    </category>
    <info format="html">
      <text>Výpočet trojného integrálu ve sférických souřadnicích.</text>
    </info>
    <idnumber></idnumber>
  </question>

<!-- question: 135081  -->
  <question type="formulas">
    <name>
      <text>sférické 1. (koule - 1.oktant)</text>
    </name>
    <questiontext format="html">
      <text><![CDATA[<p>Vypočítejte integrál $$\iiint_W\ \sqrt{x^2+y^2+z^2}\ {\rm d}x{\rm d}y{\rm d}z,$$ $$\mbox{kde }W = \{[x,y,z]\in\mathbb E_3:\ x^2+y^2+z^2\leq {R2},\ x\geq0,\ y\geq0,\ z\geq 0\} $$</p>]]></text>
    </questiontext>
    <generalfeedback format="html">
      <text><![CDATA[<p>Je vhodné použít sférické souřadnice: 
$$\begin{array}{l}x = r\cos\varphi\cos\vartheta\\y=r\sin\varphi\cos\vartheta\\z = r\sin\vartheta\end{array},
\quad {\rm d}x{\rm d}y{\rm d}z = r^2\cos\vartheta\ {\rm d}r{\rm d}\varphi{\rm d}\vartheta,\quad 
\begin{array}{c} 0\leq r \leq {R}\\0\leq \varphi\leq \frac \pi 2\\0\leq\vartheta\leq \frac\pi 2\end{array}$$
</p><p>Při takové volbě počítáme:&nbsp; $$\int_0^{\frac \pi 2}\ {\rm d}\varphi \cdot \int_0^{\frac \pi 2}\ \cos\vartheta\ {\rm d}\vartheta \cdot\int_0^{{R}}\ r^3\ {\rm d}r$$<br></p>]]></text>
    </generalfeedback>
    <defaultgrade>1.0000000</defaultgrade>
    <penalty>0.3333333</penalty>
    <hidden>0</hidden>
    <idnumber></idnumber>
    <correctfeedback format="html">
      <text>Vaše odpověď je správná.</text>
    </correctfeedback>
    <partiallycorrectfeedback format="html">
      <text>Vaše odpověď je částečně správná.</text>
    </partiallycorrectfeedback>
    <incorrectfeedback format="html">
      <text>Vaše odpověď je chybná.</text>
    </incorrectfeedback>
    <shownumcorrect/>
<varsrandom><text>R={1:6}</text>
</varsrandom>
<varsglobal><text>R2 = R*R;</text>
</varsglobal>
<answernumbering><text>abc</text>
</answernumbering>
<answers>
 <partindex>
  <text>0</text>
 </partindex>
 <placeholder>
  <text></text>
 </placeholder>
 <answermark>
  <text>1</text>
 </answermark>
 <answertype>
  <text>10</text>
 </answertype>
 <numbox>
  <text>1</text>
 </numbox>
 <vars1>
  <text></text>
 </vars1>
 <answer>
  <text>pi()*pow(R,4)/8</text>
 </answer>
 <vars2>
  <text></text>
 </vars2>
 <correctness>
  <text><![CDATA[_relerr < 0.01]]></text>
 </correctness>
 <unitpenalty>
  <text>1</text>
 </unitpenalty>
 <postunit>
  <text></text>
 </postunit>
 <ruleid>
  <text>1</text>
 </ruleid>
 <otherrule>
  <text></text>
 </otherrule>
 <subqtext format="html">
<text><![CDATA[<p>Výsledek: {_0}<br></p>]]></text>
 </subqtext>
 <feedback format="html">
<text></text>
 </feedback>
 <correctfeedback format="html">
<text></text>
 </correctfeedback>
 <partiallycorrectfeedback format="html">
<text></text>
 </partiallycorrectfeedback>
 <incorrectfeedback format="html">
<text></text>
 </incorrectfeedback>
</answers>
  </question>

<!-- question: 135132  -->
  <question type="formulas">
    <name>
      <text>sférické 10. special</text>
    </name>
    <questiontext format="html">
      <text><![CDATA[<p>Vypočítejte integrál $$\iiint_W\ \ {\rm d}x{\rm d}y{\rm d}z,$$ $$\mbox{kde }W \mbox{ je omezená plochou } \left( x^2+y^2+z^2\right)^3 = (x^2+y^2)^2,\ z\geq 0$$</p>]]></text>
    </questiontext>
    <generalfeedback format="html">
      <text><![CDATA[<p>Je vhodné použít sférické souřadnice: 
$$\begin{array}{l}x = r\cos\varphi\cos\vartheta\\y=r\sin\varphi\cos\vartheta\\z = r\sin\vartheta\end{array},
\quad {\rm d}x{\rm d}y{\rm d}z = r^2\cos\vartheta\ {\rm d}r{\rm d}\varphi{\rm d}\vartheta,\quad 
\begin{array}{c} 0\leq r \leq \cos^2\vartheta\\0\leq \varphi\leq 2\pi \\0\leq\vartheta\leq \frac\pi 2\end{array}$$
</p><p>Při takové volbě počítáme:&nbsp; 
$$\int_{0}^{2\pi } \int_{0}^{\frac \pi 2}\int_0^{\cos^2\vartheta}\ r^2 \cos\vartheta \ {\rm d}r&nbsp; {\rm d}\vartheta {\rm d}\varphi$$<br></p>]]></text>
    </generalfeedback>
    <defaultgrade>1.0000000</defaultgrade>
    <penalty>0.3333333</penalty>
    <hidden>0</hidden>
    <idnumber></idnumber>
    <correctfeedback format="html">
      <text>Vaše odpověď je správná.</text>
    </correctfeedback>
    <partiallycorrectfeedback format="html">
      <text>Vaše odpověď je částečně správná.</text>
    </partiallycorrectfeedback>
    <incorrectfeedback format="html">
      <text>Vaše odpověď je chybná.</text>
    </incorrectfeedback>
    <shownumcorrect/>
<varsrandom><text>R={1:6}</text>
</varsrandom>
<varsglobal><text>R2 = R*R;</text>
</varsglobal>
<answernumbering><text>abc</text>
</answernumbering>
<answers>
 <partindex>
  <text>0</text>
 </partindex>
 <placeholder>
  <text></text>
 </placeholder>
 <answermark>
  <text>1</text>
 </answermark>
 <answertype>
  <text>10</text>
 </answertype>
 <numbox>
  <text>1</text>
 </numbox>
 <vars1>
  <text></text>
 </vars1>
 <answer>
  <text>pi()*32/105</text>
 </answer>
 <vars2>
  <text></text>
 </vars2>
 <correctness>
  <text><![CDATA[_relerr < 0.01]]></text>
 </correctness>
 <unitpenalty>
  <text>1</text>
 </unitpenalty>
 <postunit>
  <text></text>
 </postunit>
 <ruleid>
  <text>1</text>
 </ruleid>
 <otherrule>
  <text></text>
 </otherrule>
 <subqtext format="html">
<text><![CDATA[<p>Výsledek: {_0}<br></p>]]></text>
 </subqtext>
 <feedback format="html">
<text></text>
 </feedback>
 <correctfeedback format="html">
<text></text>
 </correctfeedback>
 <partiallycorrectfeedback format="html">
<text></text>
 </partiallycorrectfeedback>
 <incorrectfeedback format="html">
<text></text>
 </incorrectfeedback>
</answers>
  </question>

<!-- question: 135135  -->
  <question type="formulas">
    <name>
      <text>sférické 11. (elipsoid - celý)</text>
    </name>
    <questiontext format="html">
      <text><![CDATA[<p>Vypočítejte integrál $$\iiint_W\ x^2+y^2\ {\rm d}x{\rm d}y{\rm d}z,$$ $${kde }W = \{[x,y,z]\in\mathbb E_3:\&nbsp; \frac{x^2}{{A2}}+\frac{y^2}{{B2}}+\frac{z^2}{{C2}}\leq 1\} $$</p>]]></text>
    </questiontext>
    <generalfeedback format="html">
      <text><![CDATA[<p>Je vhodné použít zobecněné sférické souřadnice: 
$$\begin{array}{l}x = {A} r\cos\varphi\cos\vartheta\\y={B} r\sin\varphi\cos\vartheta\\z = {C} r\sin\vartheta\end{array},
\quad {\rm d}x{\rm d}y{\rm d}z ={A}{B}{C} r^2\cos\vartheta\ {\rm d}r{\rm d}\varphi{\rm d}\vartheta,\ \quad
\begin{array}{c} 0\leq r \leq 1\\0\leq \varphi\leq 2\pi\\-\frac \pi 2\leq\vartheta\leq \frac\pi 2\end{array}$$
</p><p>Při takové volbě počítáme:&nbsp; $${A4C}\int_0^{2\pi}\&nbsp; {\rm d}\varphi \cdot \int_{-\frac \pi 2}^{\frac \pi 2}\ \cos^3\vartheta\ {\rm d}\vartheta \cdot\int_0^1\ r^4\ {\rm d}r$$<br></p>]]></text>
    </generalfeedback>
    <defaultgrade>1.0000000</defaultgrade>
    <penalty>0.3333333</penalty>
    <hidden>0</hidden>
    <idnumber></idnumber>
    <correctfeedback format="html">
      <text>Vaše odpověď je správná.</text>
    </correctfeedback>
    <partiallycorrectfeedback format="html">
      <text>Vaše odpověď je částečně správná.</text>
    </partiallycorrectfeedback>
    <incorrectfeedback format="html">
      <text>Vaše odpověď je chybná.</text>
    </incorrectfeedback>
    <shownumcorrect/>
<varsrandom><text>A={2:5};
</text>
</varsrandom>
<varsglobal><text>A2 = A*A;
B=A; B2 = B*B; 
C = A+1; C2 = C*C; 
A4C = pow(A,4)*C;</text>
</varsglobal>
<answernumbering><text>abc</text>
</answernumbering>
<answers>
 <partindex>
  <text>0</text>
 </partindex>
 <placeholder>
  <text></text>
 </placeholder>
 <answermark>
  <text>1</text>
 </answermark>
 <answertype>
  <text>10</text>
 </answertype>
 <numbox>
  <text>1</text>
 </numbox>
 <vars1>
  <text></text>
 </vars1>
 <answer>
  <text>pi()*A4C*8/15</text>
 </answer>
 <vars2>
  <text></text>
 </vars2>
 <correctness>
  <text><![CDATA[_relerr < 0.01]]></text>
 </correctness>
 <unitpenalty>
  <text>1</text>
 </unitpenalty>
 <postunit>
  <text></text>
 </postunit>
 <ruleid>
  <text>1</text>
 </ruleid>
 <otherrule>
  <text></text>
 </otherrule>
 <subqtext format="html">
<text><![CDATA[<p>Výsledek: {_0}<br></p>]]></text>
 </subqtext>
 <feedback format="html">
<text></text>
 </feedback>
 <correctfeedback format="html">
<text></text>
 </correctfeedback>
 <partiallycorrectfeedback format="html">
<text></text>
 </partiallycorrectfeedback>
 <incorrectfeedback format="html">
<text></text>
 </incorrectfeedback>
</answers>
  </question>

<!-- question: 135082  -->
  <question type="formulas">
    <name>
      <text>sférické 2. (koule - 1.oktant)</text>
    </name>
    <questiontext format="html">
      <text><![CDATA[<p>Vypočítejte integrál $$\iiint_W\ z\ {\rm d}x{\rm d}y{\rm d}z,$$&nbsp; $$\mbox{kde }W = \{[x,y,z]\in\mathbb E_3:\ x^2+y^2+z^2\leq {R2},\ x\geq0,\ y\geq0,\ z\geq 0\} $$</p>]]></text>
    </questiontext>
    <generalfeedback format="html">
      <text><![CDATA[<p>Je vhodné použít sférické souřadnice: 
$$\begin{array}{l}x = r\cos\varphi\cos\vartheta\\y=r\sin\varphi\cos\vartheta\\z = r\sin\vartheta\end{array},
\quad {\rm d}x{\rm d}y{\rm d}z = r^2\cos\vartheta\ {\rm d}r{\rm d}\varphi{\rm d}\vartheta,\quad 
\begin{array}{c} 0\leq r \leq {R}\\0\leq \varphi\leq \frac \pi 2\\0\leq\vartheta\leq \frac\pi 2\end{array}$$
</p><p>Při takové volbě počítáme:&nbsp; $$\int_0^{\frac \pi 2}\ {\rm d}\varphi \cdot \int_0^{\frac \pi 2}\ \sin\vartheta\cos\vartheta\ {\rm d}\vartheta \cdot\int_0^{{R}}\ r^3\ {\rm d}r$$<br></p>]]></text>
    </generalfeedback>
    <defaultgrade>1.0000000</defaultgrade>
    <penalty>0.3333333</penalty>
    <hidden>0</hidden>
    <idnumber></idnumber>
    <correctfeedback format="html">
      <text>Vaše odpověď je správná.</text>
    </correctfeedback>
    <partiallycorrectfeedback format="html">
      <text>Vaše odpověď je částečně správná.</text>
    </partiallycorrectfeedback>
    <incorrectfeedback format="html">
      <text>Vaše odpověď je chybná.</text>
    </incorrectfeedback>
    <shownumcorrect/>
<varsrandom><text>R={1:6}</text>
</varsrandom>
<varsglobal><text>R2 = R*R;</text>
</varsglobal>
<answernumbering><text>abc</text>
</answernumbering>
<answers>
 <partindex>
  <text>0</text>
 </partindex>
 <placeholder>
  <text></text>
 </placeholder>
 <answermark>
  <text>1</text>
 </answermark>
 <answertype>
  <text>10</text>
 </answertype>
 <numbox>
  <text>1</text>
 </numbox>
 <vars1>
  <text></text>
 </vars1>
 <answer>
  <text>pi()*pow(R,4)/16</text>
 </answer>
 <vars2>
  <text></text>
 </vars2>
 <correctness>
  <text><![CDATA[_relerr < 0.01]]></text>
 </correctness>
 <unitpenalty>
  <text>1</text>
 </unitpenalty>
 <postunit>
  <text></text>
 </postunit>
 <ruleid>
  <text>1</text>
 </ruleid>
 <otherrule>
  <text></text>
 </otherrule>
 <subqtext format="html">
<text><![CDATA[<p>Výsledek: {_0}<br></p>]]></text>
 </subqtext>
 <feedback format="html">
<text></text>
 </feedback>
 <correctfeedback format="html">
<text></text>
 </correctfeedback>
 <partiallycorrectfeedback format="html">
<text></text>
 </partiallycorrectfeedback>
 <incorrectfeedback format="html">
<text></text>
 </incorrectfeedback>
</answers>
  </question>

<!-- question: 135083  -->
  <question type="formulas">
    <name>
      <text>sférické 3. (koule - 1.oktant)</text>
    </name>
    <questiontext format="html">
      <text><![CDATA[<p>Vypočítejte integrál $$\iiint_W\ xyz\ {\rm d}x{\rm d}y{\rm d}z,$$&nbsp; $$\mbox{kde }W = \{[x,y,z]\in\mathbb E_3:\ x^2+y^2+z^2\leq {R2},\ x\geq0,\ y\geq0,\ z\geq 0\} $$</p>]]></text>
    </questiontext>
    <generalfeedback format="html">
      <text><![CDATA[<p>Je vhodné použít sférické souřadnice: 
$$\begin{array}{l}x = r\cos\varphi\cos\vartheta\\y=r\sin\varphi\cos\vartheta\\z = r\sin\vartheta\end{array},
\quad {\rm d}x{\rm d}y{\rm d}z = r^2\cos\vartheta\ {\rm d}r{\rm d}\varphi{\rm d}\vartheta,\quad
\begin{array}{c} 0\leq r \leq {R}\\0\leq \varphi\leq \frac \pi 2\\0\leq\vartheta\leq \frac\pi 2\end{array}$$
</p><p>Při takové volbě počítáme:&nbsp; $$\int_0^{\frac \pi 2}\ \sin\varphi\cos\varphi\ {\rm d}\varphi \cdot \int_0^{\frac \pi 2}\ \cos^3\vartheta\sin\vartheta\ {\rm d}\vartheta \cdot\int_0^{{R}}\ r^5\ {\rm d}r$$<br></p>]]></text>
    </generalfeedback>
    <defaultgrade>1.0000000</defaultgrade>
    <penalty>0.0000000</penalty>
    <hidden>0</hidden>
    <idnumber></idnumber>
    <correctfeedback format="html">
      <text>Vaše odpověď je správná.</text>
    </correctfeedback>
    <partiallycorrectfeedback format="html">
      <text>Vaše odpověď je částečně správná.</text>
    </partiallycorrectfeedback>
    <incorrectfeedback format="html">
      <text>Vaše odpověď je chybná.</text>
    </incorrectfeedback>
    <shownumcorrect/>
<varsrandom><text>R={1:6}</text>
</varsrandom>
<varsglobal><text>R2 = R*R;</text>
</varsglobal>
<answernumbering><text>abc</text>
</answernumbering>
<answers>
 <partindex>
  <text>0</text>
 </partindex>
 <placeholder>
  <text></text>
 </placeholder>
 <answermark>
  <text>1</text>
 </answermark>
 <answertype>
  <text>10</text>
 </answertype>
 <numbox>
  <text>1</text>
 </numbox>
 <vars1>
  <text></text>
 </vars1>
 <answer>
  <text>pow(R,6)/48</text>
 </answer>
 <vars2>
  <text></text>
 </vars2>
 <correctness>
  <text><![CDATA[_relerr < 0.01]]></text>
 </correctness>
 <unitpenalty>
  <text>1</text>
 </unitpenalty>
 <postunit>
  <text></text>
 </postunit>
 <ruleid>
  <text>1</text>
 </ruleid>
 <otherrule>
  <text></text>
 </otherrule>
 <subqtext format="html">
<text><![CDATA[<p>Výsledek: {_0}<br></p>]]></text>
 </subqtext>
 <feedback format="html">
<text></text>
 </feedback>
 <correctfeedback format="html">
<text></text>
 </correctfeedback>
 <partiallycorrectfeedback format="html">
<text></text>
 </partiallycorrectfeedback>
 <incorrectfeedback format="html">
<text></text>
 </incorrectfeedback>
</answers>
  </question>

<!-- question: 135084  -->
  <question type="formulas">
    <name>
      <text>sférické 4. (koule - čtvrtina)</text>
    </name>
    <questiontext format="html">
      <text><![CDATA[<p>Vypočítejte integrál $$\iiint_W\ z\ {\rm d}x{\rm d}y{\rm d}z,$$ $$\mbox{kde }W = \{[x,y,z]\in\mathbb E_3:\ x^2+y^2+z^2\leq {R2},\ x\geq0,\&nbsp; z\geq 0\} $$</p>]]></text>
    </questiontext>
    <generalfeedback format="html">
      <text><![CDATA[<p>Je vhodné použít sférické souřadnice: 
$$\begin{array}{l}x = r\cos\varphi\cos\vartheta\\y=r\sin\varphi\cos\vartheta\\z = r\sin\vartheta\end{array},
\quad {\rm d}x{\rm d}y{\rm d}z = r^2\cos\vartheta\ {\rm d}r{\rm d}\varphi{\rm d}\vartheta,\quad 
\begin{array}{c} 0\leq r \leq {R}\\-\frac \pi2\leq \varphi\leq \frac \pi 2\\0\leq\vartheta\leq \frac\pi 2\end{array}$$
</p><p>Při takové volbě počítáme:&nbsp; $$\int_{-\frac \pi 2}^{\frac \pi 2}\&nbsp; {\rm d}\varphi \cdot \int_0^{\frac \pi 2}\ \sin\vartheta\cos\vartheta\ {\rm d}\vartheta \cdot\int_0^{{R}}\ r^3\ {\rm d}r$$<br></p>]]></text>
    </generalfeedback>
    <defaultgrade>1.0000000</defaultgrade>
    <penalty>0.3333333</penalty>
    <hidden>0</hidden>
    <idnumber></idnumber>
    <correctfeedback format="html">
      <text>Vaše odpověď je správná.</text>
    </correctfeedback>
    <partiallycorrectfeedback format="html">
      <text>Vaše odpověď je částečně správná.</text>
    </partiallycorrectfeedback>
    <incorrectfeedback format="html">
      <text>Vaše odpověď je chybná.</text>
    </incorrectfeedback>
    <shownumcorrect/>
<varsrandom><text>R={1:6}</text>
</varsrandom>
<varsglobal><text>R2 = R*R;</text>
</varsglobal>
<answernumbering><text>abc</text>
</answernumbering>
<answers>
 <partindex>
  <text>0</text>
 </partindex>
 <placeholder>
  <text></text>
 </placeholder>
 <answermark>
  <text>1</text>
 </answermark>
 <answertype>
  <text>10</text>
 </answertype>
 <numbox>
  <text>1</text>
 </numbox>
 <vars1>
  <text></text>
 </vars1>
 <answer>
  <text>pi()*pow(R,4)/8</text>
 </answer>
 <vars2>
  <text></text>
 </vars2>
 <correctness>
  <text><![CDATA[_relerr < 0.01]]></text>
 </correctness>
 <unitpenalty>
  <text>1</text>
 </unitpenalty>
 <postunit>
  <text></text>
 </postunit>
 <ruleid>
  <text>1</text>
 </ruleid>
 <otherrule>
  <text></text>
 </otherrule>
 <subqtext format="html">
<text><![CDATA[<p>Výsledek: {_0}<br></p>]]></text>
 </subqtext>
 <feedback format="html">
<text></text>
 </feedback>
 <correctfeedback format="html">
<text></text>
 </correctfeedback>
 <partiallycorrectfeedback format="html">
<text></text>
 </partiallycorrectfeedback>
 <incorrectfeedback format="html">
<text></text>
 </incorrectfeedback>
</answers>
  </question>

<!-- question: 135095  -->
  <question type="formulas">
    <name>
      <text>sférické 5. (mezikoulí - celé)</text>
    </name>
    <questiontext format="html">
      <text><![CDATA[<p>Vypočítejte integrál $$\iiint_W\ x^2+y^2+z^2\ {\rm d}x{\rm d}y{\rm d}z,$$ kde $$W = \{[x,y,z]\in\mathbb E_3:\ {A2}\leq x^2+y^2+z^2\leq {B2}\} $$</p>]]></text>
    </questiontext>
    <generalfeedback format="html">
      <text><![CDATA[<p>Je vhodné použít sférické souřadnice: 
$$\begin{array}{l}x = r\cos\varphi\cos\vartheta\\y=r\sin\varphi\cos\vartheta\\z = r\sin\vartheta\end{array},
\quad {\rm d}x{\rm d}y{\rm d}z = r^2\cos\vartheta\ {\rm d}r{\rm d}\varphi{\rm d}\vartheta,\ \quad
\begin{array}{c} {A}\leq r \leq {B}\\0\leq \varphi\leq 2\pi\\-\frac \pi 2\leq\vartheta\leq \frac\pi 2\end{array}$$
</p><p>Při takové volbě počítáme:&nbsp; $$\int_0^{2\pi}\&nbsp; {\rm d}\varphi \cdot \int_{-\frac \pi 2}^{\frac \pi 2}\ \cos\vartheta\ {\rm d}\vartheta \cdot\int_{{A}}^{{B}}\ r^4\ {\rm d}r$$<br></p>]]></text>
    </generalfeedback>
    <defaultgrade>1.0000000</defaultgrade>
    <penalty>0.3333333</penalty>
    <hidden>0</hidden>
    <idnumber></idnumber>
    <correctfeedback format="html">
      <text>Vaše odpověď je správná.</text>
    </correctfeedback>
    <partiallycorrectfeedback format="html">
      <text>Vaše odpověď je částečně správná.</text>
    </partiallycorrectfeedback>
    <incorrectfeedback format="html">
      <text>Vaše odpověď je chybná.</text>
    </incorrectfeedback>
    <shownumcorrect/>
<varsrandom><text>A={1:3};
B={4:6};</text>
</varsrandom>
<varsglobal><text>A2 = A*A;
B2 = B*B;</text>
</varsglobal>
<answernumbering><text>abc</text>
</answernumbering>
<answers>
 <partindex>
  <text>0</text>
 </partindex>
 <placeholder>
  <text></text>
 </placeholder>
 <answermark>
  <text>1</text>
 </answermark>
 <answertype>
  <text>10</text>
 </answertype>
 <numbox>
  <text>1</text>
 </numbox>
 <vars1>
  <text></text>
 </vars1>
 <answer>
  <text>pi()*(pow(B,5) - pow(A,5))*0.8</text>
 </answer>
 <vars2>
  <text></text>
 </vars2>
 <correctness>
  <text><![CDATA[_relerr < 0.01]]></text>
 </correctness>
 <unitpenalty>
  <text>1</text>
 </unitpenalty>
 <postunit>
  <text></text>
 </postunit>
 <ruleid>
  <text>1</text>
 </ruleid>
 <otherrule>
  <text></text>
 </otherrule>
 <subqtext format="html">
<text><![CDATA[<p>Výsledek: {_0}<br></p>]]></text>
 </subqtext>
 <feedback format="html">
<text></text>
 </feedback>
 <correctfeedback format="html">
<text></text>
 </correctfeedback>
 <partiallycorrectfeedback format="html">
<text></text>
 </partiallycorrectfeedback>
 <incorrectfeedback format="html">
<text></text>
 </incorrectfeedback>
</answers>
  </question>

<!-- question: 135096  -->
  <question type="formulas">
    <name>
      <text>sférické 6. (mezikoulí - polovina)</text>
    </name>
    <questiontext format="html">
      <text><![CDATA[<p>Vypočítejte integrál $$\iiint_W\ x^2+y^2\ {\rm d}x{\rm d}y{\rm d}z,$$ kde $$W = \{[x,y,z]\in\mathbb E_3:\ {A2}\leq x^2+y^2+z^2\leq {B2},\&nbsp; z\geq 0\} $$</p>]]></text>
    </questiontext>
    <generalfeedback format="html">
      <text><![CDATA[<p>Je vhodné použít sférické souřadnice: 
$$\begin{array}{l}x = r\cos\varphi\cos\vartheta\\y=r\sin\varphi\cos\vartheta\\z = r\sin\vartheta\end{array},
\quad {\rm d}x{\rm d}y{\rm d}z = r^2\cos\vartheta\ {\rm d}r{\rm d}\varphi{\rm d}\vartheta,\quad
\begin{array}{c} {A}\leq r \leq {B}\\0\leq \varphi\leq&nbsp; 2\pi\\0\leq\vartheta\leq \frac\pi 2\end{array}$$
</p><p>Při takové volbě počítáme:&nbsp; $$\int_0^{2\pi}\&nbsp; {\rm d}\varphi \cdot \int_{0}^{\frac \pi 2}\ \cos^3\vartheta\ {\rm d}\vartheta \cdot\int_{{A}}^{{B}}\ r^4\ {\rm d}r$$<br></p>]]></text>
    </generalfeedback>
    <defaultgrade>1.0000000</defaultgrade>
    <penalty>0.3333333</penalty>
    <hidden>0</hidden>
    <idnumber></idnumber>
    <correctfeedback format="html">
      <text>Vaše odpověď je správná.</text>
    </correctfeedback>
    <partiallycorrectfeedback format="html">
      <text>Vaše odpověď je částečně správná.</text>
    </partiallycorrectfeedback>
    <incorrectfeedback format="html">
      <text>Vaše odpověď je chybná.</text>
    </incorrectfeedback>
    <shownumcorrect/>
<varsrandom><text>A={1:3};
B={4:6};</text>
</varsrandom>
<varsglobal><text>A2 = A*A;
B2 = B*B;</text>
</varsglobal>
<answernumbering><text>abc</text>
</answernumbering>
<answers>
 <partindex>
  <text>0</text>
 </partindex>
 <placeholder>
  <text></text>
 </placeholder>
 <answermark>
  <text>1</text>
 </answermark>
 <answertype>
  <text>10</text>
 </answertype>
 <numbox>
  <text>1</text>
 </numbox>
 <vars1>
  <text></text>
 </vars1>
 <answer>
  <text>4*pi()*(pow(B,5) - pow(A,5))/15</text>
 </answer>
 <vars2>
  <text></text>
 </vars2>
 <correctness>
  <text><![CDATA[_relerr < 0.01]]></text>
 </correctness>
 <unitpenalty>
  <text>1</text>
 </unitpenalty>
 <postunit>
  <text></text>
 </postunit>
 <ruleid>
  <text>1</text>
 </ruleid>
 <otherrule>
  <text></text>
 </otherrule>
 <subqtext format="html">
<text><![CDATA[<p>Výsledek: {_0}<br></p>]]></text>
 </subqtext>
 <feedback format="html">
<text></text>
 </feedback>
 <correctfeedback format="html">
<text></text>
 </correctfeedback>
 <partiallycorrectfeedback format="html">
<text></text>
 </partiallycorrectfeedback>
 <incorrectfeedback format="html">
<text></text>
 </incorrectfeedback>
</answers>
  </question>

<!-- question: 135097  -->
  <question type="formulas">
    <name>
      <text>sférické 7. (mezikoulí - osmina - 1. oktant)</text>
    </name>
    <questiontext format="html">
      <text><![CDATA[<p>Vypočítejte integrál $$\iiint_W\ z^2\ {\rm d}x{\rm d}y{\rm d}z,$$ kde $$W = \{[x,y,z]\in\mathbb E_3:\ {A2}\leq x^2+y^2+z^2\leq {B2},\ x\geq0,\ y\geq 0,\ z\geq 0\} $$</p>]]></text>
    </questiontext>
    <generalfeedback format="html">
      <text><![CDATA[<p>Je vhodné použít sférické souřadnice: 
$$\begin{array}{l}x = r\cos\varphi\cos\vartheta\\y=r\sin\varphi\cos\vartheta\\z = r\sin\vartheta\end{array},
\quad {\rm d}x{\rm d}y{\rm d}z = r^2\cos\vartheta\ {\rm d}r{\rm d}\varphi{\rm d}\vartheta,\quad
\begin{array}{c} {A}\leq r \leq {B}\\0\leq \varphi\leq&nbsp; \frac\pi 2\\0\leq\vartheta\leq \frac\pi 2\end{array}$$
</p><p>Při takové volbě počítáme:&nbsp; $$\int_0^{\frac\pi 2}\&nbsp; {\rm d}\varphi \cdot \int_{0}^{\frac \pi 2}\ \sin^2\vartheta\cos\vartheta\ {\rm d}\vartheta \cdot\int_{{A}}^{{B}}\ r^4\ {\rm d}r$$<br></p>]]></text>
    </generalfeedback>
    <defaultgrade>1.0000000</defaultgrade>
    <penalty>0.3333333</penalty>
    <hidden>0</hidden>
    <idnumber></idnumber>
    <correctfeedback format="html">
      <text>Vaše odpověď je správná.</text>
    </correctfeedback>
    <partiallycorrectfeedback format="html">
      <text>Vaše odpověď je částečně správná.</text>
    </partiallycorrectfeedback>
    <incorrectfeedback format="html">
      <text>Vaše odpověď je chybná.</text>
    </incorrectfeedback>
    <shownumcorrect/>
<varsrandom><text>A={1:3};
B={4:6};</text>
</varsrandom>
<varsglobal><text>A2 = A*A;
B2 = B*B;</text>
</varsglobal>
<answernumbering><text>abc</text>
</answernumbering>
<answers>
 <partindex>
  <text>0</text>
 </partindex>
 <placeholder>
  <text></text>
 </placeholder>
 <answermark>
  <text>1</text>
 </answermark>
 <answertype>
  <text>10</text>
 </answertype>
 <numbox>
  <text>1</text>
 </numbox>
 <vars1>
  <text></text>
 </vars1>
 <answer>
  <text>pi()*(pow(B,5) - pow(A,5))/30</text>
 </answer>
 <vars2>
  <text></text>
 </vars2>
 <correctness>
  <text><![CDATA[_relerr < 0.01]]></text>
 </correctness>
 <unitpenalty>
  <text>1</text>
 </unitpenalty>
 <postunit>
  <text></text>
 </postunit>
 <ruleid>
  <text>1</text>
 </ruleid>
 <otherrule>
  <text></text>
 </otherrule>
 <subqtext format="html">
<text><![CDATA[<p>Výsledek: {_0}<br></p>]]></text>
 </subqtext>
 <feedback format="html">
<text></text>
 </feedback>
 <correctfeedback format="html">
<text></text>
 </correctfeedback>
 <partiallycorrectfeedback format="html">
<text></text>
 </partiallycorrectfeedback>
 <incorrectfeedback format="html">
<text></text>
 </incorrectfeedback>
</answers>
  </question>

<!-- question: 135098  -->
  <question type="formulas">
    <name>
      <text>sférické 8. (koule - dílek)</text>
    </name>
    <questiontext format="html">
      <text><![CDATA[<p>Vypočítejte integrál $$\iiint_W\ \frac{1}{1+x^2+y^2+z^2}\ {\rm d}x{\rm d}y{\rm d}z,$$ kde $$W = \{[x,y,z]\in\mathbb E_3:\ x^2+y^2+z^2\leq {R2},\ 0\leq x\leq y\leq x\sqrt 3,\ z\geq 0\} $$</p>]]></text>
    </questiontext>
    <generalfeedback format="html">
      <text><![CDATA[<p>Je vhodné použít sférické souřadnice: 
$$\begin{array}{l}x = r\cos\varphi\cos\vartheta\\y=r\sin\varphi\cos\vartheta\\z = r\sin\vartheta\end{array},
\quad {\rm d}x{\rm d}y{\rm d}z = r^2\cos\vartheta\ {\rm d}r{\rm d}\varphi{\rm d}\vartheta,\quad
\begin{array}{c} 0\leq r \leq {R}\\\frac \pi 4\leq \varphi\leq \frac \pi 3\\0\leq\vartheta\leq \frac\pi 2\end{array}$$
</p><p>Při takové volbě počítáme:&nbsp; $$\int_{\frac \pi 4}^{\frac \pi 3}\ {\rm d}\varphi \cdot \int_0^{\frac \pi 2}\ \cos\vartheta\ {\rm d}\vartheta \cdot\int_0^{{R}}\ \frac{r^2}{1+r^2}\ {\rm d}r$$<br></p>]]></text>
    </generalfeedback>
    <defaultgrade>1.0000000</defaultgrade>
    <penalty>0.3333333</penalty>
    <hidden>0</hidden>
    <idnumber></idnumber>
    <correctfeedback format="html">
      <text>Vaše odpověď je správná.</text>
    </correctfeedback>
    <partiallycorrectfeedback format="html">
      <text>Vaše odpověď je částečně správná.</text>
    </partiallycorrectfeedback>
    <incorrectfeedback format="html">
      <text>Vaše odpověď je chybná.</text>
    </incorrectfeedback>
    <shownumcorrect/>
<varsrandom><text>R={1:6}</text>
</varsrandom>
<varsglobal><text>R2 = R*R;</text>
</varsglobal>
<answernumbering><text>abc</text>
</answernumbering>
<answers>
 <partindex>
  <text>0</text>
 </partindex>
 <placeholder>
  <text></text>
 </placeholder>
 <answermark>
  <text>1</text>
 </answermark>
 <answertype>
  <text>10</text>
 </answertype>
 <numbox>
  <text>1</text>
 </numbox>
 <vars1>
  <text></text>
 </vars1>
 <answer>
  <text>pi()/12*(R-atan(R))</text>
 </answer>
 <vars2>
  <text></text>
 </vars2>
 <correctness>
  <text><![CDATA[_relerr < 0.01]]></text>
 </correctness>
 <unitpenalty>
  <text>1</text>
 </unitpenalty>
 <postunit>
  <text></text>
 </postunit>
 <ruleid>
  <text>1</text>
 </ruleid>
 <otherrule>
  <text></text>
 </otherrule>
 <subqtext format="html">
<text><![CDATA[<p>Výsledek: {_0}<br></p>]]></text>
 </subqtext>
 <feedback format="html">
<text></text>
 </feedback>
 <correctfeedback format="html">
<text></text>
 </correctfeedback>
 <partiallycorrectfeedback format="html">
<text></text>
 </partiallycorrectfeedback>
 <incorrectfeedback format="html">
<text></text>
 </incorrectfeedback>
</answers>
  </question>

<!-- question: 135099  -->
  <question type="formulas">
    <name>
      <text>sférické 9. special</text>
    </name>
    <questiontext format="html">
      <text><![CDATA[<p>Vypočítejte integrál $$\iiint_W\ \ {\rm d}x{\rm d}y{\rm d}z,$$ $$\mbox{kde }W \mbox{ je omezená plochou } \left( x^2+y^2+z^2\right)^2 = 3x$$</p>]]></text>
    </questiontext>
    <generalfeedback format="html">
      <text><![CDATA[<p>Je vhodné použít sférické souřadnice: 
$$\begin{array}{l}x = r\cos\varphi\cos\vartheta\\y=r\sin\varphi\cos\vartheta\\z = r\sin\vartheta\end{array},
\quad {\rm d}x{\rm d}y{\rm d}z = r^2\cos\vartheta\ {\rm d}r{\rm d}\varphi{\rm d}\vartheta,\ 
\begin{array}{c} 0\leq r \leq \sqrt[3]{3\cos\vartheta\cos\varphi}\\-\frac \pi 2\leq \varphi\leq \frac \pi 2\\-\frac\pi 2\leq\vartheta\leq \frac\pi 2\end{array}$$
</p><p>Při takové volbě počítáme:&nbsp; 
$$\int_{-\frac \pi 2}^{\frac \pi 2} \int_{-\frac \pi 2}^{\frac \pi 2}\int_0^{\sqrt[3]{3\cos\vartheta\cos\varphi}}\ r^2 \cos\vartheta \ {\rm d}r {\rm d}\varphi {\rm d}\vartheta $$<br></p>]]></text>
    </generalfeedback>
    <defaultgrade>1.0000000</defaultgrade>
    <penalty>0.3333333</penalty>
    <hidden>0</hidden>
    <idnumber></idnumber>
    <correctfeedback format="html">
      <text>Vaše odpověď je správná.</text>
    </correctfeedback>
    <partiallycorrectfeedback format="html">
      <text>Vaše odpověď je částečně správná.</text>
    </partiallycorrectfeedback>
    <incorrectfeedback format="html">
      <text>Vaše odpověď je chybná.</text>
    </incorrectfeedback>
    <shownumcorrect/>
<varsrandom><text>R={1:6}</text>
</varsrandom>
<varsglobal><text>R2 = R*R;</text>
</varsglobal>
<answernumbering><text>abc</text>
</answernumbering>
<answers>
 <partindex>
  <text>0</text>
 </partindex>
 <placeholder>
  <text></text>
 </placeholder>
 <answermark>
  <text>1</text>
 </answermark>
 <answertype>
  <text>10</text>
 </answertype>
 <numbox>
  <text>1</text>
 </numbox>
 <vars1>
  <text></text>
 </vars1>
 <answer>
  <text>pi()</text>
 </answer>
 <vars2>
  <text></text>
 </vars2>
 <correctness>
  <text><![CDATA[_relerr < 0.01]]></text>
 </correctness>
 <unitpenalty>
  <text>1</text>
 </unitpenalty>
 <postunit>
  <text></text>
 </postunit>
 <ruleid>
  <text>1</text>
 </ruleid>
 <otherrule>
  <text></text>
 </otherrule>
 <subqtext format="html">
<text><![CDATA[<p>Výsledek: {_0}<br></p>]]></text>
 </subqtext>
 <feedback format="html">
<text></text>
 </feedback>
 <correctfeedback format="html">
<text></text>
 </correctfeedback>
 <partiallycorrectfeedback format="html">
<text></text>
 </partiallycorrectfeedback>
 <incorrectfeedback format="html">
<text></text>
 </incorrectfeedback>
</answers>
  </question>

<!-- question: 0  -->
  <question type="category">
    <category>
      <text>$course$/top/Výchozí v B192-2011068/OM/Téma 5</text>
    </category>
    <info format="html">
      <text>Trojný integrál</text>
    </info>
    <idnumber></idnumber>
  </question>

<!-- question: 204452  -->
  <question type="formulas">
    <name>
      <text>trojný (4a)</text>
    </name>
    <questiontext format="html">
      <text><![CDATA[Je zadáno těleso \(\displaystyle M=\bigl\{[x,y,z]\in\mathbb E_3;\ x^2+y^2\leq {a2},\ y\geq x, y\leq x\sqrt{3},\ 0\leq z\leq {h} \bigl\}\).<p> Načrtněte těleso  \(M\) a zakreslete též jeho průmět \(M_{xy}\) do roviny \(z=0\). Oba náčrtky uveďte v odevzdávaném řešení.</p><p></p><p><b>a)</b> Vypočítejte plošný obsah \(M_{xy}\). <br></p><p>Zdůvodnění výsledku zapište do odevzdávaného řešení. Zde uveďte pouze výsledek výpočtu. {#prumet}</p><p></p><p><b>b) </b>Vypočítejte statický moment tohoto tělesa \(M\) vzhledem k rovině \(z=0\), jestliže hustota \(\rho (x,y,z)=1\). Podrobný postup zapište do odevzdávaného řešení, zde uveďte pouze výsledek.{#integral}<br></p><p></p><br><p></p><br><p></p>]]></text>
    </questiontext>
    <generalfeedback format="html">
      <text></text>
    </generalfeedback>
    <defaultgrade>17.0000000</defaultgrade>
    <penalty>0.3333333</penalty>
    <hidden>0</hidden>
    <idnumber></idnumber>
    <correctfeedback format="html">
      <text>Vaše odpověď je správná.</text>
    </correctfeedback>
    <partiallycorrectfeedback format="html">
      <text>Vaše odpověď je částečně správná.</text>
    </partiallycorrectfeedback>
    <incorrectfeedback format="html">
      <text>Vaše odpověď je chybná.</text>
    </incorrectfeedback>
    <shownumcorrect/>
<varsrandom><text>a={1:6};  h={1:6};</text>
</varsrandom>
<varsglobal><text> a2=a*a; Mxy=pi()*a2/24;
V=pi()*a2*h*h/48;</text>
</varsglobal>
<answernumbering><text>abc</text>
</answernumbering>
<answers>
 <partindex>
  <text>0</text>
 </partindex>
 <placeholder>
  <text>#prumet</text>
 </placeholder>
 <answermark>
  <text>5</text>
 </answermark>
 <answertype>
  <text>100</text>
 </answertype>
 <numbox>
  <text>1</text>
 </numbox>
 <vars1>
  <text></text>
 </vars1>
 <answer>
  <text>Mxy</text>
 </answer>
 <vars2>
  <text></text>
 </vars2>
 <correctness>
  <text><![CDATA[_relerr < 0.01]]></text>
 </correctness>
 <unitpenalty>
  <text>1</text>
 </unitpenalty>
 <postunit>
  <text></text>
 </postunit>
 <ruleid>
  <text>1</text>
 </ruleid>
 <otherrule>
  <text></text>
 </otherrule>
 <subqtext format="html">
<text><![CDATA[&nbsp;Výsledek je {_0}.<br>]]></text>
 </subqtext>
 <feedback format="html">
<text></text>
 </feedback>
 <correctfeedback format="html">
<text></text>
 </correctfeedback>
 <partiallycorrectfeedback format="html">
<text></text>
 </partiallycorrectfeedback>
 <incorrectfeedback format="html">
<text></text>
 </incorrectfeedback>
</answers>
<answers>
 <partindex>
  <text>1</text>
 </partindex>
 <placeholder>
  <text>#integral</text>
 </placeholder>
 <answermark>
  <text>12</text>
 </answermark>
 <answertype>
  <text>100</text>
 </answertype>
 <numbox>
  <text>1</text>
 </numbox>
 <vars1>
  <text></text>
 </vars1>
 <answer>
  <text>V</text>
 </answer>
 <vars2>
  <text></text>
 </vars2>
 <correctness>
  <text><![CDATA[_relerr < 0.01]]></text>
 </correctness>
 <unitpenalty>
  <text>1</text>
 </unitpenalty>
 <postunit>
  <text></text>
 </postunit>
 <ruleid>
  <text>1</text>
 </ruleid>
 <otherrule>
  <text></text>
 </otherrule>
 <subqtext format="html">
<text><![CDATA[Výsledek je {_0}.<br>]]></text>
 </subqtext>
 <feedback format="html">
<text></text>
 </feedback>
 <correctfeedback format="html">
<text></text>
 </correctfeedback>
 <partiallycorrectfeedback format="html">
<text></text>
 </partiallycorrectfeedback>
 <incorrectfeedback format="html">
<text></text>
 </incorrectfeedback>
</answers>
  </question>

<!-- question: 204453  -->
  <question type="formulas">
    <name>
      <text>trojný (4b)</text>
    </name>
    <questiontext format="html">
      <text><![CDATA[Je zadáno těleso \(\displaystyle M=\bigl\{[x,y,z]\in\mathbb E_3;\ {a2}\leq&nbsp; x^2 + y^2 \leq {b2},\ y\geq x,\ y\geq -x,\ 0\leq z\leq {h} \bigl\}\).<p> Načrtněte těleso  \(M\) a zakreslete též jeho průmět \(M_{xy}\) do roviny \(z=0\). Oba náčrtky uveďte v odevzdávaném řešení.</p><p></p><p><b>a)</b> Vypočítejte plošný obsah \(M_{xy}\). <br></p><p>Zdůvodnění výsledku zapište do odevzdávaného řešení. Zde uveďte pouze výsledek výpočtu. {#prumet}</p><p></p><p><b>b) </b>Vypočítejte integrál&nbsp; \(\displaystyle \iiint_M\ (x+y)\ {\rm d}x{\rm d}y{\rm d}z\). Podrobný postup zapište do odevzdávaného řešení, zde uveďte pouze výsledek.{#integral}<br></p><p></p><br><p></p><br><p></p>]]></text>
    </questiontext>
    <generalfeedback format="html">
      <text></text>
    </generalfeedback>
    <defaultgrade>17.0000000</defaultgrade>
    <penalty>0.3333333</penalty>
    <hidden>0</hidden>
    <idnumber></idnumber>
    <correctfeedback format="html">
      <text>Vaše odpověď je správná.</text>
    </correctfeedback>
    <partiallycorrectfeedback format="html">
      <text>Vaše odpověď je částečně správná.</text>
    </partiallycorrectfeedback>
    <incorrectfeedback format="html">
      <text>Vaše odpověď je chybná.</text>
    </incorrectfeedback>
    <shownumcorrect/>
<varsrandom><text>h={1:6};
a={1:4}; q={1:3};</text>
</varsrandom>
<varsglobal><text> a2=a*a; b=a+q; b2=b*b;
Mxy=pi()*(b*b-a2)/4;
V=\sqrt(2)*h*(b*b*b-a*a*a)/3</text>
</varsglobal>
<answernumbering><text>abc</text>
</answernumbering>
<answers>
 <partindex>
  <text>0</text>
 </partindex>
 <placeholder>
  <text>#prumet</text>
 </placeholder>
 <answermark>
  <text>6</text>
 </answermark>
 <answertype>
  <text>100</text>
 </answertype>
 <numbox>
  <text>1</text>
 </numbox>
 <vars1>
  <text></text>
 </vars1>
 <answer>
  <text>Mxy</text>
 </answer>
 <vars2>
  <text></text>
 </vars2>
 <correctness>
  <text><![CDATA[_relerr < 0.01]]></text>
 </correctness>
 <unitpenalty>
  <text>1</text>
 </unitpenalty>
 <postunit>
  <text></text>
 </postunit>
 <ruleid>
  <text>1</text>
 </ruleid>
 <otherrule>
  <text></text>
 </otherrule>
 <subqtext format="html">
<text><![CDATA[&nbsp;Výsledek je {_0}.<br>]]></text>
 </subqtext>
 <feedback format="html">
<text></text>
 </feedback>
 <correctfeedback format="html">
<text></text>
 </correctfeedback>
 <partiallycorrectfeedback format="html">
<text></text>
 </partiallycorrectfeedback>
 <incorrectfeedback format="html">
<text></text>
 </incorrectfeedback>
</answers>
<answers>
 <partindex>
  <text>1</text>
 </partindex>
 <placeholder>
  <text>#integral</text>
 </placeholder>
 <answermark>
  <text>11</text>
 </answermark>
 <answertype>
  <text>100</text>
 </answertype>
 <numbox>
  <text>1</text>
 </numbox>
 <vars1>
  <text></text>
 </vars1>
 <answer>
  <text>V</text>
 </answer>
 <vars2>
  <text></text>
 </vars2>
 <correctness>
  <text><![CDATA[_relerr < 0.01]]></text>
 </correctness>
 <unitpenalty>
  <text>1</text>
 </unitpenalty>
 <postunit>
  <text></text>
 </postunit>
 <ruleid>
  <text>1</text>
 </ruleid>
 <otherrule>
  <text></text>
 </otherrule>
 <subqtext format="html">
<text><![CDATA[Výsledek je {_0}.<br>]]></text>
 </subqtext>
 <feedback format="html">
<text></text>
 </feedback>
 <correctfeedback format="html">
<text></text>
 </correctfeedback>
 <partiallycorrectfeedback format="html">
<text></text>
 </partiallycorrectfeedback>
 <incorrectfeedback format="html">
<text></text>
 </incorrectfeedback>
</answers>
  </question>

<!-- question: 204450  -->
  <question type="formulas">
    <name>
      <text>trojný (MII_A_27.5.19)</text>
    </name>
    <questiontext format="html">
      <text><![CDATA[Je dáno těleso \(M=\{[x,y,z]\in \mathbb E_{3};
2x+y\leq 4, \; x \geq 0, \; y \geq 0, \;0 \leq z \leq xy \}\). <br><p><b>a)</b> Načrtněte průmět \(M_{xy}\) tělesa \(M\) do roviny \(z=0\).</p><p>Vypočítejte plošný obsah \(M_{xy}\). Zdůvodnění výsledku zapište do odevzdávaného řešení. Zde uveďte pouze výsledek výpočtu. {#prumet}</p><b>b</b>) Vypočítejte integrál \(\displaystyle \iiint_{M}x^2\,{\rm d} x\, {\rm d} y\, {\rm d} z\){#integral}<p></p><p><b>c)</b> Označte možný fyzikální význam integrálu, který jste vypočítali v úloze b). Do odevzdávaného řešení uveďte i jiné možnosti. {#vyznam}<br></p><p></p>]]></text>
    </questiontext>
    <generalfeedback format="html">
      <text></text>
    </generalfeedback>
    <defaultgrade>17.0000000</defaultgrade>
    <penalty>0.3333333</penalty>
    <hidden>0</hidden>
    <idnumber></idnumber>
    <correctfeedback format="html">
      <text>Vaše odpověď je správná.</text>
    </correctfeedback>
    <partiallycorrectfeedback format="html">
      <text>Vaše odpověď je částečně správná.</text>
    </partiallycorrectfeedback>
    <incorrectfeedback format="html">
      <text>Vaše odpověď je chybná.</text>
    </incorrectfeedback>
    <shownumcorrect/>
<varsrandom><text>ans_order=shuffle([0:3]);</text>
</varsrandom>
<varsglobal><text><![CDATA[Ax=0; Ay=0; Bx=2;By=0; Cx=0;Cy=4;
Mxy=(Bx-Ax)*(Cy-By)/2;
V=32/15;
ans_inv=inv(ans_order);
answers=["Hmotnost tělesa ve tvaru množiny \\(M\\), jehož hustota \\(\\rho(x,y)\\) v každém bodě [x,y] je \\(x^2\\).", "Statický moment tělesa ve tvaru množiny \\(M\\) vzhledem k rovině \\(yz\\), jehož hustota \\(\\rho(x,y)\\) v každém bodě [x,y] je \\(y\\).", "Statický moment desky ve tvaru množiny \\(D\\) vzhledem k rovině \\(xz\\), jehož hustota \\(\\rho(x,y)\\) v každém bodě [x,y] je \\(x\\)"];
ans_permuted=sublist(answers,ans_order);
ans=ans_inv[0];]]></text>
</varsglobal>
<answernumbering><text>none</text>
</answernumbering>
<answers>
 <partindex>
  <text>0</text>
 </partindex>
 <placeholder>
  <text>#prumet</text>
 </placeholder>
 <answermark>
  <text>3</text>
 </answermark>
 <answertype>
  <text>100</text>
 </answertype>
 <numbox>
  <text>1</text>
 </numbox>
 <vars1>
  <text></text>
 </vars1>
 <answer>
  <text>Mxy</text>
 </answer>
 <vars2>
  <text></text>
 </vars2>
 <correctness>
  <text><![CDATA[_relerr < 0.01]]></text>
 </correctness>
 <unitpenalty>
  <text>1</text>
 </unitpenalty>
 <postunit>
  <text></text>
 </postunit>
 <ruleid>
  <text>1</text>
 </ruleid>
 <otherrule>
  <text></text>
 </otherrule>
 <subqtext format="html">
<text><![CDATA[<p>Výsledek je {_0}.<br></p>]]></text>
 </subqtext>
 <feedback format="html">
<text></text>
 </feedback>
 <correctfeedback format="html">
<text></text>
 </correctfeedback>
 <partiallycorrectfeedback format="html">
<text></text>
 </partiallycorrectfeedback>
 <incorrectfeedback format="html">
<text></text>
 </incorrectfeedback>
</answers>
<answers>
 <partindex>
  <text>1</text>
 </partindex>
 <placeholder>
  <text>#integral</text>
 </placeholder>
 <answermark>
  <text>11</text>
 </answermark>
 <answertype>
  <text>100</text>
 </answertype>
 <numbox>
  <text>1</text>
 </numbox>
 <vars1>
  <text></text>
 </vars1>
 <answer>
  <text>V</text>
 </answer>
 <vars2>
  <text></text>
 </vars2>
 <correctness>
  <text><![CDATA[_relerr < 0.01]]></text>
 </correctness>
 <unitpenalty>
  <text>1</text>
 </unitpenalty>
 <postunit>
  <text></text>
 </postunit>
 <ruleid>
  <text>1</text>
 </ruleid>
 <otherrule>
  <text></text>
 </otherrule>
 <subqtext format="html">
<text><![CDATA[<p>Výsledek je {_0}.<br></p>]]></text>
 </subqtext>
 <feedback format="html">
<text></text>
 </feedback>
 <correctfeedback format="html">
<text></text>
 </correctfeedback>
 <partiallycorrectfeedback format="html">
<text></text>
 </partiallycorrectfeedback>
 <incorrectfeedback format="html">
<text></text>
 </incorrectfeedback>
</answers>
<answers>
 <partindex>
  <text>2</text>
 </partindex>
 <placeholder>
  <text>#vyznam</text>
 </placeholder>
 <answermark>
  <text>3</text>
 </answermark>
 <answertype>
  <text>0</text>
 </answertype>
 <numbox>
  <text>1</text>
 </numbox>
 <vars1>
  <text></text>
 </vars1>
 <answer>
  <text>ans</text>
 </answer>
 <vars2>
  <text></text>
 </vars2>
 <correctness>
  <text>_err == 0</text>
 </correctness>
 <unitpenalty>
  <text>1</text>
 </unitpenalty>
 <postunit>
  <text></text>
 </postunit>
 <ruleid>
  <text>1</text>
 </ruleid>
 <otherrule>
  <text></text>
 </otherrule>
 <subqtext format="html">
<text><![CDATA[<p>{_0:ans_permuted}<br></p>]]></text>
 </subqtext>
 <feedback format="html">
<text></text>
 </feedback>
 <correctfeedback format="html">
<text></text>
 </correctfeedback>
 <partiallycorrectfeedback format="html">
<text></text>
 </partiallycorrectfeedback>
 <incorrectfeedback format="html">
<text></text>
 </incorrectfeedback>
</answers>
  </question>

<!-- question: 204447  -->
  <question type="formulas">
    <name>
      <text>trojný (upr. MII_A_06_6_19)</text>
    </name>
    <questiontext format="html">
      <text><![CDATA[Je zadáno těleso \(W=\{[x;\,y;\,z]\subset\mathbb E_{3};\&nbsp; z\geq \sqrt{x^2+y^2}\wedge x^2+y^2+z^2\leq 1) \} \). Těleso je omezeno  (kuželovou) plochou \(z=\sqrt{x^{2}+y^{2}}\) a (kulovou) plochou \(x^{2}+y^{2}+z^{2}=1\). Těleso má konstantní hustotu \(\rho(x,y,z)=1\).

<p><b>a)</b> Užijte trojný integrál (ve sférických souřadnicích) a vypočtěte hmotnost \(m\) tělesa \(W\). {#hmotnost}<br></p>
<p><b>b)</b> Vypočtěte statický moment \(M_{xy}\) tělesa \(W\) vzhledem k rovině \(xy\). {#moment}<br></p>
<p><b>c)</b> Určete \(z\)-ovou souřadnici těžiště tělesa \(W\), tzn. nalezněte \(z_{_{T}}\). {#souradnice}</p><p>Do odevzdávaného souboru zapište podrobný postup řešení. Používáte li transformace nebo substituce, pečlivě je zapisujte a uvádějte rozsah jednotlivých proměnných. <br></p>]]></text>
    </questiontext>
    <generalfeedback format="html">
      <text></text>
    </generalfeedback>
    <defaultgrade>17.0000000</defaultgrade>
    <penalty>0.3333333</penalty>
    <hidden>0</hidden>
    <idnumber></idnumber>
    <correctfeedback format="html">
      <text>Vaše odpověď je správná.</text>
    </correctfeedback>
    <partiallycorrectfeedback format="html">
      <text>Vaše odpověď je částečně správná.</text>
    </partiallycorrectfeedback>
    <incorrectfeedback format="html">
      <text>Vaše odpověď je chybná.</text>
    </incorrectfeedback>
    <shownumcorrect/>
<varsrandom><text>#rho</text>
</varsrandom>
<varsglobal><text>rho = 1;
V1 = rho*pi()*2/3*(1-sqrt(2)/2); #hm
V2 = rho*pi()/8; #mom
V3 = V2/V1; #sour</text>
</varsglobal>
<answernumbering><text>abc</text>
</answernumbering>
<answers>
 <partindex>
  <text>0</text>
 </partindex>
 <placeholder>
  <text>#hmotnost</text>
 </placeholder>
 <answermark>
  <text>7</text>
 </answermark>
 <answertype>
  <text>100</text>
 </answertype>
 <numbox>
  <text>1</text>
 </numbox>
 <vars1>
  <text></text>
 </vars1>
 <answer>
  <text>V1</text>
 </answer>
 <vars2>
  <text></text>
 </vars2>
 <correctness>
  <text><![CDATA[_relerr < 0.01]]></text>
 </correctness>
 <unitpenalty>
  <text>1</text>
 </unitpenalty>
 <postunit>
  <text></text>
 </postunit>
 <ruleid>
  <text>1</text>
 </ruleid>
 <otherrule>
  <text></text>
 </otherrule>
 <subqtext format="html">
<text><![CDATA[<p>Hmotnost tělesa \(W\) je&nbsp; {_0}.<br></p>]]></text>
 </subqtext>
 <feedback format="html">
<text></text>
 </feedback>
 <correctfeedback format="html">
<text></text>
 </correctfeedback>
 <partiallycorrectfeedback format="html">
<text></text>
 </partiallycorrectfeedback>
 <incorrectfeedback format="html">
<text></text>
 </incorrectfeedback>
</answers>
<answers>
 <partindex>
  <text>1</text>
 </partindex>
 <placeholder>
  <text>#moment</text>
 </placeholder>
 <answermark>
  <text>7</text>
 </answermark>
 <answertype>
  <text>100</text>
 </answertype>
 <numbox>
  <text>1</text>
 </numbox>
 <vars1>
  <text></text>
 </vars1>
 <answer>
  <text>V2</text>
 </answer>
 <vars2>
  <text></text>
 </vars2>
 <correctness>
  <text><![CDATA[_relerr < 0.01]]></text>
 </correctness>
 <unitpenalty>
  <text>1</text>
 </unitpenalty>
 <postunit>
  <text></text>
 </postunit>
 <ruleid>
  <text>1</text>
 </ruleid>
 <otherrule>
  <text></text>
 </otherrule>
 <subqtext format="html">
<text><![CDATA[<p>Statický moment \(M_{xy}\) tělesa \(W\) vzhledem k rovině \(xy\) je {_0}.<br></p>]]></text>
 </subqtext>
 <feedback format="html">
<text></text>
 </feedback>
 <correctfeedback format="html">
<text></text>
 </correctfeedback>
 <partiallycorrectfeedback format="html">
<text></text>
 </partiallycorrectfeedback>
 <incorrectfeedback format="html">
<text></text>
 </incorrectfeedback>
</answers>
<answers>
 <partindex>
  <text>2</text>
 </partindex>
 <placeholder>
  <text>#souradnice</text>
 </placeholder>
 <answermark>
  <text>3</text>
 </answermark>
 <answertype>
  <text>100</text>
 </answertype>
 <numbox>
  <text>1</text>
 </numbox>
 <vars1>
  <text></text>
 </vars1>
 <answer>
  <text>V3</text>
 </answer>
 <vars2>
  <text></text>
 </vars2>
 <correctness>
  <text><![CDATA[_relerr < 0.01]]></text>
 </correctness>
 <unitpenalty>
  <text>1</text>
 </unitpenalty>
 <postunit>
  <text></text>
 </postunit>
 <ruleid>
  <text>1</text>
 </ruleid>
 <otherrule>
  <text></text>
 </otherrule>
 <subqtext format="html">
<text><![CDATA[<p>\(z\)-ová souřadnici těžiště tělesa \(W\) je {_0}.<br></p>]]></text>
 </subqtext>
 <feedback format="html">
<text></text>
 </feedback>
 <correctfeedback format="html">
<text></text>
 </correctfeedback>
 <partiallycorrectfeedback format="html">
<text></text>
 </partiallycorrectfeedback>
 <incorrectfeedback format="html">
<text></text>
 </incorrectfeedback>
</answers>
  </question>

<!-- question: 204451  -->
  <question type="formulas">
    <name>
      <text>trojný (upr. MII_A_10_6_19)(param)</text>
    </name>
    <questiontext format="html">
      <text><![CDATA[Je zadáno těleso \(\displaystyle M=\{\, [x,y,z]\in \mathbb E_{3};\ {a}\leq x^2+y^2+z^2\leq {b},\ z\geq 0\}\). <br><p>Transformujte integrál 
\(\displaystyle \iiint_{M} \, \frac{{c}}{\sqrt{(x^2+y^2+z^2)^3}} \; \rm d
 
x\, \rm d y\, \rm d z\) do sférických souřadnic a tento integrál  
vypočítejte. Podrobný postup výpočtu zapište do odevzdávaného řešení. 
Zde uveďte pouze výsledek výpočtu.{#integral}<br></p><br>]]></text>
    </questiontext>
    <generalfeedback format="html">
      <text></text>
    </generalfeedback>
    <defaultgrade>17.0000000</defaultgrade>
    <penalty>0.3333333</penalty>
    <hidden>0</hidden>
    <idnumber></idnumber>
    <correctfeedback format="html">
      <text>Vaše odpověď je správná.</text>
    </correctfeedback>
    <partiallycorrectfeedback format="html">
      <text>Vaše odpověď je částečně správná.</text>
    </partiallycorrectfeedback>
    <incorrectfeedback format="html">
      <text>Vaše odpověď je chybná.</text>
    </incorrectfeedback>
    <shownumcorrect/>
<varsrandom><text>a={1:4}; q={1:10}; c={1:13};</text>
</varsrandom>
<varsglobal><text>#a=1; q=7; c=1;
b=a+q;
V=c*2*pi()*log(sqrt(b)/sqrt(a));</text>
</varsglobal>
<answernumbering><text>abc</text>
</answernumbering>
<answers>
 <partindex>
  <text>0</text>
 </partindex>
 <placeholder>
  <text>#integral</text>
 </placeholder>
 <answermark>
  <text>17</text>
 </answermark>
 <answertype>
  <text>100</text>
 </answertype>
 <numbox>
  <text>1</text>
 </numbox>
 <vars1>
  <text></text>
 </vars1>
 <answer>
  <text>V</text>
 </answer>
 <vars2>
  <text></text>
 </vars2>
 <correctness>
  <text><![CDATA[_relerr < 0.01]]></text>
 </correctness>
 <unitpenalty>
  <text>1</text>
 </unitpenalty>
 <postunit>
  <text></text>
 </postunit>
 <ruleid>
  <text>1</text>
 </ruleid>
 <otherrule>
  <text></text>
 </otherrule>
 <subqtext format="html">
<text><![CDATA[<p>\(\displaystyle \iiint_{M} \, \frac{{c}}{\sqrt{(x^2+y^2+z^2)^3}} \; \rm d x\, \rm d y\, \rm d z =\)&nbsp; {_0}.<br></p>]]></text>
 </subqtext>
 <feedback format="html">
<text></text>
 </feedback>
 <correctfeedback format="html">
<text></text>
 </correctfeedback>
 <partiallycorrectfeedback format="html">
<text></text>
 </partiallycorrectfeedback>
 <incorrectfeedback format="html">
<text></text>
 </incorrectfeedback>
</answers>
  </question>

<!-- question: 204449  -->
  <question type="formulas">
    <name>
      <text>trojný (upr. MII_A_16.6.19)</text>
    </name>
    <questiontext format="html">
      <text><![CDATA[Je dáno těleso \(\displaystyle M=\left\{ [x,y,z]\in \mathbb E_3; \ y\geq 1,\ y\leq x,\ y\leq 8-x,\ 0\leq z\leq 
2+\frac1y\right\} \). <br><p><b>a) </b>Načrtněte průmět \(M_{xy}\) tělesa \(M\) do roviny \(z=0\).</p><p>Vypočítejte plošný obsah \(M_{xy}\). <br></p><p>Zdůvodnění výsledku zapište do odevzdávaného řešení. Zde uveďte pouze výsledek výpočtu. {#prumet}</p><b>b</b>) Určete objem tělesa \(M\).{#integral}<p></p>]]></text>
    </questiontext>
    <generalfeedback format="html">
      <text></text>
    </generalfeedback>
    <defaultgrade>17.0000000</defaultgrade>
    <penalty>0.3333333</penalty>
    <hidden>0</hidden>
    <idnumber></idnumber>
    <correctfeedback format="html">
      <text>Vaše odpověď je správná.</text>
    </correctfeedback>
    <partiallycorrectfeedback format="html">
      <text>Vaše odpověď je částečně správná.</text>
    </partiallycorrectfeedback>
    <incorrectfeedback format="html">
      <text>Vaše odpověď je chybná.</text>
    </incorrectfeedback>
    <shownumcorrect/>
<varsrandom><text></text>
</varsrandom>
<varsglobal><text>Ax=1; Ay=1; Bx=7;By=1; Cx=4;Cy=4;
Mxy=(Bx-Ax)*(Cy-By)/2;
V=12+16*log(2);</text>
</varsglobal>
<answernumbering><text>abc</text>
</answernumbering>
<answers>
 <partindex>
  <text>0</text>
 </partindex>
 <placeholder>
  <text>#prumet</text>
 </placeholder>
 <answermark>
  <text>4</text>
 </answermark>
 <answertype>
  <text>100</text>
 </answertype>
 <numbox>
  <text>1</text>
 </numbox>
 <vars1>
  <text></text>
 </vars1>
 <answer>
  <text>Mxy</text>
 </answer>
 <vars2>
  <text></text>
 </vars2>
 <correctness>
  <text><![CDATA[_relerr < 0.01]]></text>
 </correctness>
 <unitpenalty>
  <text>1</text>
 </unitpenalty>
 <postunit>
  <text></text>
 </postunit>
 <ruleid>
  <text>1</text>
 </ruleid>
 <otherrule>
  <text></text>
 </otherrule>
 <subqtext format="html">
<text><![CDATA[<p>Výsledek je {_0}.<br></p>]]></text>
 </subqtext>
 <feedback format="html">
<text></text>
 </feedback>
 <correctfeedback format="html">
<text></text>
 </correctfeedback>
 <partiallycorrectfeedback format="html">
<text></text>
 </partiallycorrectfeedback>
 <incorrectfeedback format="html">
<text></text>
 </incorrectfeedback>
</answers>
<answers>
 <partindex>
  <text>1</text>
 </partindex>
 <placeholder>
  <text>#integral</text>
 </placeholder>
 <answermark>
  <text>13</text>
 </answermark>
 <answertype>
  <text>100</text>
 </answertype>
 <numbox>
  <text>1</text>
 </numbox>
 <vars1>
  <text></text>
 </vars1>
 <answer>
  <text>V</text>
 </answer>
 <vars2>
  <text></text>
 </vars2>
 <correctness>
  <text><![CDATA[_relerr < 0.01]]></text>
 </correctness>
 <unitpenalty>
  <text>1</text>
 </unitpenalty>
 <postunit>
  <text></text>
 </postunit>
 <ruleid>
  <text>1</text>
 </ruleid>
 <otherrule>
  <text></text>
 </otherrule>
 <subqtext format="html">
<text><![CDATA[<p>Výsledek je {_0}.<br></p>]]></text>
 </subqtext>
 <feedback format="html">
<text></text>
 </feedback>
 <correctfeedback format="html">
<text></text>
 </correctfeedback>
 <partiallycorrectfeedback format="html">
<text></text>
 </partiallycorrectfeedback>
 <incorrectfeedback format="html">
<text></text>
 </incorrectfeedback>
</answers>
  </question>

<!-- question: 204448  -->
  <question type="formulas">
    <name>
      <text>trojný (upr. MII_A_27_6_17)</text>
    </name>
    <questiontext format="html">
      <text><![CDATA[Je zadáno těleso \(\displaystyle M=\bigl\{[x,y,z]\in\mathbb E_3;\&nbsp; 0 \leq z \leq {a}-\sqrt{x^2+y^2} \bigl\}\).<p> Načrtněte těleso  \(M\) a zakreslete též jeho průmět \(M_{xy}\) do roviny \(z=0\). Oba náčrtky uveďte v odevzdávaném řešení.</p><p></p><p><b>a)</b> Vypočítejte plošný obsah \(M_{xy}\). <br></p><p>Zdůvodnění výsledku zapište do odevzdávaného řešení. Zde uveďte pouze výsledek výpočtu. {#prumet}</p><p></p><p><b>b) </b>Vypočítejte statický moment tohoto tělesa \(M\) vzhledem k rovině \(z=0\), jestliže hustota \(\rho (x,y,z)={a}+x^2+y^2\). Podrobný postup zapište do odevzdávaného řešení, zde uveďte pouze výsledek.{#integral}<br></p><p></p><br><p></p><br><p></p>]]></text>
    </questiontext>
    <generalfeedback format="html">
      <text><![CDATA[<p>Výsledky : \(M_{xy} = \pi \cdot {a}^2\), statický moment: \(\pi\left(\frac{{{a}}^5}{12} + \frac{{{a}}^6}{60}\right)\).<br></p>]]></text>
    </generalfeedback>
    <defaultgrade>17.0000000</defaultgrade>
    <penalty>0.3333333</penalty>
    <hidden>0</hidden>
    <idnumber></idnumber>
    <correctfeedback format="html">
      <text>Vaše odpověď je správná.</text>
    </correctfeedback>
    <partiallycorrectfeedback format="html">
      <text>Vaše odpověď je částečně správná.</text>
    </partiallycorrectfeedback>
    <incorrectfeedback format="html">
      <text>Vaše odpověď je chybná.</text>
    </incorrectfeedback>
    <shownumcorrect/>
<varsrandom><text></text>
</varsrandom>
<varsglobal><text>a=2; 
a2=a*a; Mxy=pi()*a2;
V=pi()*(pow(a,5)/12 + pow(a,6)/60)</text>
</varsglobal>
<answernumbering><text>abc</text>
</answernumbering>
<answers>
 <partindex>
  <text>0</text>
 </partindex>
 <placeholder>
  <text>#prumet</text>
 </placeholder>
 <answermark>
  <text>4</text>
 </answermark>
 <answertype>
  <text>100</text>
 </answertype>
 <numbox>
  <text>1</text>
 </numbox>
 <vars1>
  <text></text>
 </vars1>
 <answer>
  <text>Mxy</text>
 </answer>
 <vars2>
  <text></text>
 </vars2>
 <correctness>
  <text><![CDATA[_relerr < 0.01]]></text>
 </correctness>
 <unitpenalty>
  <text>1</text>
 </unitpenalty>
 <postunit>
  <text></text>
 </postunit>
 <ruleid>
  <text>1</text>
 </ruleid>
 <otherrule>
  <text></text>
 </otherrule>
 <subqtext format="html">
<text><![CDATA[&nbsp;Výsledek je {_0}.<br>]]></text>
 </subqtext>
 <feedback format="html">
<text></text>
 </feedback>
 <correctfeedback format="html">
<text></text>
 </correctfeedback>
 <partiallycorrectfeedback format="html">
<text></text>
 </partiallycorrectfeedback>
 <incorrectfeedback format="html">
<text></text>
 </incorrectfeedback>
</answers>
<answers>
 <partindex>
  <text>1</text>
 </partindex>
 <placeholder>
  <text>#integral</text>
 </placeholder>
 <answermark>
  <text>13</text>
 </answermark>
 <answertype>
  <text>100</text>
 </answertype>
 <numbox>
  <text>1</text>
 </numbox>
 <vars1>
  <text></text>
 </vars1>
 <answer>
  <text>V</text>
 </answer>
 <vars2>
  <text></text>
 </vars2>
 <correctness>
  <text><![CDATA[_relerr < 0.01]]></text>
 </correctness>
 <unitpenalty>
  <text>1</text>
 </unitpenalty>
 <postunit>
  <text></text>
 </postunit>
 <ruleid>
  <text>1</text>
 </ruleid>
 <otherrule>
  <text></text>
 </otherrule>
 <subqtext format="html">
<text><![CDATA[Výsledek je {_0}.<br>]]></text>
 </subqtext>
 <feedback format="html">
<text></text>
 </feedback>
 <correctfeedback format="html">
<text></text>
 </correctfeedback>
 <partiallycorrectfeedback format="html">
<text></text>
 </partiallycorrectfeedback>
 <incorrectfeedback format="html">
<text></text>
 </incorrectfeedback>
</answers>
  </question>

<!-- question: 204457  -->
  <question type="formulas">
    <name>
      <text>trojný (upr. MII_A_27_6_17)</text>
    </name>
    <questiontext format="html">
      <text><![CDATA[Je zadáno těleso \(\displaystyle W=\bigl\{[x,y,z]\in\mathbb E_3;\&nbsp; 0 \leq z \leq {a}-\sqrt{x^2+y^2} \bigl\}\).
<p> Načrtněte těleso \(W\) a zakreslete též jeho průmět \(W_{xy}\) do roviny \(z=0\). Oba náčrtky uveďte v odevzdávaném řešení.</p>
<!--
<p><b>a)</b> Vypočítejte plošný obsah \(M_{xy}\). <br></p>
<p>Zdůvodnění výsledku zapište do odevzdávaného řešení. Zde uveďte pouze výsledek výpočtu. {prumet}</p>-->
<p><b>a)</b> Vypočítejte statický moment tohoto tělesa \(W\) vzhledem k rovině \(xy\), jestliže hustota \(\rho (x,y,z)={a}+x^2+y^2\).{#integral}</p>
<p><b>b)</b>Vypočtěte hmotnost tohoto tělesa při hustotě \(\rho (x,y,z)={a}+x^2+y^2\).{#hmotnost}</p>
<p><b>c)</b>Určete \(z\)-ovou souřadnici těžiště tělesa \(M\), tzn. nalezněte \(z_{_{T}}\). {#souradnice}</p>
<p>Podrobný postup výpočtů zapište do odevzdávaného řešení.</p>]]></text>
    </questiontext>
    <generalfeedback format="html">
      <text><![CDATA[<p>Výsledky : <!--\(M_{xy} = \pi \cdot {a}^2\),--> statický moment: \(\displaystyle M_{xy}=\pi\left(\frac{{{a}}^5}{12} + \frac{{{a}}^6}{60}\right)\).</p>
<p>hmotnost: \(\displaystyle m= \pi\frac{{a}^4}{3}+ \pi\frac{{a}^5}{10}\).</p>
<p> \(\displaystyle z_T = \frac{M_{xy}}{m}\).</p>]]></text>
    </generalfeedback>
    <defaultgrade>17.0000000</defaultgrade>
    <penalty>0.3333333</penalty>
    <hidden>0</hidden>
    <idnumber></idnumber>
    <correctfeedback format="html">
      <text>Vaše odpověď je správná.</text>
    </correctfeedback>
    <partiallycorrectfeedback format="html">
      <text>Vaše odpověď je částečně správná.</text>
    </partiallycorrectfeedback>
    <incorrectfeedback format="html">
      <text>Vaše odpověď je chybná.</text>
    </incorrectfeedback>
    <shownumcorrect/>
<varsrandom><text>a={1,2};</text>
</varsrandom>
<varsglobal><text>#a=2; 
a2=a*a; Mxy=pi()*a2;
V=pi()*(pow(a,5)/12 + pow(a,6)/60);
hmotnost = pi()*a**4*(a/10+1/3);
souradnice = V/hmotnost;</text>
</varsglobal>
<answernumbering><text>abc</text>
</answernumbering>
<answers>
 <partindex>
  <text>0</text>
 </partindex>
 <placeholder>
  <text>#integral</text>
 </placeholder>
 <answermark>
  <text>9</text>
 </answermark>
 <answertype>
  <text>100</text>
 </answertype>
 <numbox>
  <text>1</text>
 </numbox>
 <vars1>
  <text></text>
 </vars1>
 <answer>
  <text>V</text>
 </answer>
 <vars2>
  <text></text>
 </vars2>
 <correctness>
  <text><![CDATA[_relerr < 0.01]]></text>
 </correctness>
 <unitpenalty>
  <text>1</text>
 </unitpenalty>
 <postunit>
  <text></text>
 </postunit>
 <ruleid>
  <text>1</text>
 </ruleid>
 <otherrule>
  <text></text>
 </otherrule>
 <subqtext format="html">
<text><![CDATA[Statický moment tělesa je {_0}.<br>]]></text>
 </subqtext>
 <feedback format="html">
<text></text>
 </feedback>
 <correctfeedback format="html">
<text></text>
 </correctfeedback>
 <partiallycorrectfeedback format="html">
<text></text>
 </partiallycorrectfeedback>
 <incorrectfeedback format="html">
<text></text>
 </incorrectfeedback>
</answers>
<answers>
 <partindex>
  <text>1</text>
 </partindex>
 <placeholder>
  <text>#hmotnost</text>
 </placeholder>
 <answermark>
  <text>6</text>
 </answermark>
 <answertype>
  <text>100</text>
 </answertype>
 <numbox>
  <text>1</text>
 </numbox>
 <vars1>
  <text></text>
 </vars1>
 <answer>
  <text>hmotnost</text>
 </answer>
 <vars2>
  <text></text>
 </vars2>
 <correctness>
  <text><![CDATA[_relerr < 0.01]]></text>
 </correctness>
 <unitpenalty>
  <text>1</text>
 </unitpenalty>
 <postunit>
  <text></text>
 </postunit>
 <ruleid>
  <text>1</text>
 </ruleid>
 <otherrule>
  <text></text>
 </otherrule>
 <subqtext format="html">
<text><![CDATA[&nbsp;Hmotnost tělesa je {_0}.<br>]]></text>
 </subqtext>
 <feedback format="html">
<text></text>
 </feedback>
 <correctfeedback format="html">
<text></text>
 </correctfeedback>
 <partiallycorrectfeedback format="html">
<text></text>
 </partiallycorrectfeedback>
 <incorrectfeedback format="html">
<text></text>
 </incorrectfeedback>
</answers>
<answers>
 <partindex>
  <text>2</text>
 </partindex>
 <placeholder>
  <text>#souradnice</text>
 </placeholder>
 <answermark>
  <text>2</text>
 </answermark>
 <answertype>
  <text>100</text>
 </answertype>
 <numbox>
  <text>1</text>
 </numbox>
 <vars1>
  <text></text>
 </vars1>
 <answer>
  <text>souradnice</text>
 </answer>
 <vars2>
  <text></text>
 </vars2>
 <correctness>
  <text><![CDATA[_relerr < 0.01]]></text>
 </correctness>
 <unitpenalty>
  <text>1</text>
 </unitpenalty>
 <postunit>
  <text></text>
 </postunit>
 <ruleid>
  <text>1</text>
 </ruleid>
 <otherrule>
  <text></text>
 </otherrule>
 <subqtext format="html">
<text><![CDATA[<p dir="ltr" style="text-align: left;">Souřadnice těžiště \(z_T&nbsp; =\) {_0}<br></p>]]></text>
 </subqtext>
 <feedback format="html">
<text></text>
 </feedback>
 <correctfeedback format="html">
<text></text>
 </correctfeedback>
 <partiallycorrectfeedback format="html">
<text></text>
 </partiallycorrectfeedback>
 <incorrectfeedback format="html">
<text></text>
 </incorrectfeedback>
</answers>
  </question>

<!-- question: 204454  -->
  <question type="formulas">
    <name>
      <text>trojný (upr. MII_B_06_06_19)</text>
    </name>
    <questiontext format="html">
      <text><![CDATA[<p><b>a)</b> Vypočítejte trojný integrál \(\displaystyle{\iiint_{M}6xy\; {\rm d}x{\rm d}y{\rm d}z}\), kde
$$M=\{[x;y,z]\in\mathbb E_{3}: 0\leq x\leq 1; 0\leq y \leq \sqrt{x}; 0\leq z \leq 1+x+y\}\quad $$
Podrobný postup řešení zapište v odevzdávaném souboru, zde uveďte pouze výsledek. {#integral}</p><p><b>b)</b> Vyberte (jeden) možný fyzikální význam integrálu z bodu a).{#vyznam}</p>]]></text>
    </questiontext>
    <generalfeedback format="html">
      <text><![CDATA[<p>UPOZORNĚNÍ: všechno kromě "žádný ..." je obodováno jako "správné"!</p><p>Výsledek integrace je \(\frac{65}{28}\).<br></p>]]></text>
    </generalfeedback>
    <defaultgrade>17.0000000</defaultgrade>
    <penalty>0.3333333</penalty>
    <hidden>0</hidden>
    <idnumber></idnumber>
    <correctfeedback format="html">
      <text>Vaše odpověď je správná.</text>
    </correctfeedback>
    <partiallycorrectfeedback format="html">
      <text>Vaše odpověď je částečně správná.</text>
    </partiallycorrectfeedback>
    <incorrectfeedback format="html">
      <text>Vaše odpověď je chybná.</text>
    </incorrectfeedback>
    <shownumcorrect/>
<varsrandom><text>ans_order=shuffle([0:4]);</text>
</varsrandom>
<varsglobal><text><![CDATA[V=65/28;

ans_inv=inv(ans_order);
vyznam=["Hmotnost tělesa ve tvaru množiny \\(M\\), jehož hustota \\(\\rho(x,y)\\) v každém bodě [x,y] je \\(6xy\\).",
"Statický moment  tělesa ve tvaru \\(M\\) vzhledem k rovině \\(xz\\), jehož hustota \\(\\rho(x,y)\\)v každém bodě [x,y] je \\(6x\\).",
 "Statický moment tělesa ve tvaru \\(M\\) vzhledem k rovině \\(yz\\), jehož hustota  \\(\\rho(x,y)\\) v každém bodě [x,y] je \\(6y\\).",
 "Žádný z uvedených pro množinu \\(M\\) a integrovanou funkci."];
vyznam_permuted=sublist(vyznam,ans_order);
spatne=ans_inv[3];
#UPOZORNĚNÍ: všechno kromě "žádný ..." je obodováno jako "správné"!]]></text>
</varsglobal>
<answernumbering><text>none</text>
</answernumbering>
<answers>
 <partindex>
  <text>0</text>
 </partindex>
 <placeholder>
  <text>#integral</text>
 </placeholder>
 <answermark>
  <text>13</text>
 </answermark>
 <answertype>
  <text>100</text>
 </answertype>
 <numbox>
  <text>1</text>
 </numbox>
 <vars1>
  <text></text>
 </vars1>
 <answer>
  <text>V</text>
 </answer>
 <vars2>
  <text></text>
 </vars2>
 <correctness>
  <text><![CDATA[_relerr < 0.01]]></text>
 </correctness>
 <unitpenalty>
  <text>1</text>
 </unitpenalty>
 <postunit>
  <text></text>
 </postunit>
 <ruleid>
  <text>1</text>
 </ruleid>
 <otherrule>
  <text></text>
 </otherrule>
 <subqtext format="html">
<text><![CDATA[<p>{_0}<br></p>]]></text>
 </subqtext>
 <feedback format="html">
<text></text>
 </feedback>
 <correctfeedback format="html">
<text></text>
 </correctfeedback>
 <partiallycorrectfeedback format="html">
<text></text>
 </partiallycorrectfeedback>
 <incorrectfeedback format="html">
<text></text>
 </incorrectfeedback>
</answers>
<answers>
 <partindex>
  <text>1</text>
 </partindex>
 <placeholder>
  <text>#vyznam</text>
 </placeholder>
 <answermark>
  <text>4</text>
 </answermark>
 <answertype>
  <text>0</text>
 </answertype>
 <numbox>
  <text>1</text>
 </numbox>
 <vars1>
  <text></text>
 </vars1>
 <answer>
  <text>3</text>
 </answer>
 <vars2>
  <text>Criterion = _0 != spatne;</text>
 </vars2>
 <correctness>
  <text>_0 != spatne</text>
 </correctness>
 <unitpenalty>
  <text>1</text>
 </unitpenalty>
 <postunit>
  <text></text>
 </postunit>
 <ruleid>
  <text>1</text>
 </ruleid>
 <otherrule>
  <text></text>
 </otherrule>
 <subqtext format="html">
<text>{_0:vyznam_permuted}</text>
 </subqtext>
 <feedback format="html">
<text></text>
 </feedback>
 <correctfeedback format="html">
<text></text>
 </correctfeedback>
 <partiallycorrectfeedback format="html">
<text></text>
 </partiallycorrectfeedback>
 <incorrectfeedback format="html">
<text></text>
 </incorrectfeedback>
</answers>
  </question>

<!-- question: 204456  -->
  <question type="formulas">
    <name>
      <text>trojný (upr. MII_B_10_6_19)</text>
    </name>
    <questiontext format="html">
      <text><![CDATA[Je zadáno těleso \(\displaystyle M=\bigl\{[x,y,z]\in\mathbb E_3;\ x^2 + y^2 \leq {a2}, \, 0 \leq z \leq {b2}-x^2-y^2 \bigl\}\).<p> Načrtněte těleso  \(M\) a zakreslete též jeho průmět \(M_{xy}\) do roviny \(z=0\). Oba náčrtky uveďte v odevzdávaném řešení.</p><p></p><p><b>a)</b> Vypočítejte plošný obsah \(M_{xy}\). <br></p><p>Zdůvodnění výsledku zapište do odevzdávaného řešení. Zde uveďte pouze výsledek výpočtu.{#Mxy}</p><p></p><p><b>b) </b>Vypočítejte objem tohoto tělesa \(M\).</p><p>Podrobný postup zapište do odevzdávaného řešení, zde uveďte pouze výsledek.{#objem}</p><br><p></p><br><p></p>]]></text>
    </questiontext>
    <generalfeedback format="html">
      <text><![CDATA[<p>Výsledky a) \({a2}\pi\), b) {vysl}\(\pi\).<br></p><p><br></p>]]></text>
    </generalfeedback>
    <defaultgrade>17.0000000</defaultgrade>
    <penalty>0.3333333</penalty>
    <hidden>0</hidden>
    <idnumber></idnumber>
    <correctfeedback format="html">
      <text>Vaše odpověď je správná.</text>
    </correctfeedback>
    <partiallycorrectfeedback format="html">
      <text>Vaše odpověď je částečně správná.</text>
    </partiallycorrectfeedback>
    <incorrectfeedback format="html">
      <text>Vaše odpověď je chybná.</text>
    </incorrectfeedback>
    <shownumcorrect/>
<varsrandom><text>a={1:4}; q={1:10};</text>
</varsrandom>
<varsglobal><text>#a=sqrt(6);  b =3;  a2=round(a*a,0); #dle písemky
b=a+q; 
a2=a*a; b2=b*b; 
Mxy= pi()*a2;                      # OPRAVENO, BYLO Mxy=pi()*b2;
V=pi()*(a2*b2-0.5*a2*a2); #NEZMĚNĚNO
vysl=a2*b2-0.5*a2*a2;</text>
</varsglobal>
<answernumbering><text>abc</text>
</answernumbering>
<answers>
 <partindex>
  <text>0</text>
 </partindex>
 <placeholder>
  <text>#Mxy</text>
 </placeholder>
 <answermark>
  <text>4</text>
 </answermark>
 <answertype>
  <text>100</text>
 </answertype>
 <numbox>
  <text>1</text>
 </numbox>
 <vars1>
  <text></text>
 </vars1>
 <answer>
  <text>Mxy</text>
 </answer>
 <vars2>
  <text></text>
 </vars2>
 <correctness>
  <text><![CDATA[_relerr < 0.01]]></text>
 </correctness>
 <unitpenalty>
  <text>1</text>
 </unitpenalty>
 <postunit>
  <text></text>
 </postunit>
 <ruleid>
  <text>1</text>
 </ruleid>
 <otherrule>
  <text></text>
 </otherrule>
 <subqtext format="html">
<text><![CDATA[&nbsp;Výsledek : {_0}.<br>]]></text>
 </subqtext>
 <feedback format="html">
<text></text>
 </feedback>
 <correctfeedback format="html">
<text></text>
 </correctfeedback>
 <partiallycorrectfeedback format="html">
<text></text>
 </partiallycorrectfeedback>
 <incorrectfeedback format="html">
<text></text>
 </incorrectfeedback>
</answers>
<answers>
 <partindex>
  <text>1</text>
 </partindex>
 <placeholder>
  <text>#objem</text>
 </placeholder>
 <answermark>
  <text>13</text>
 </answermark>
 <answertype>
  <text>100</text>
 </answertype>
 <numbox>
  <text>1</text>
 </numbox>
 <vars1>
  <text></text>
 </vars1>
 <answer>
  <text>V</text>
 </answer>
 <vars2>
  <text></text>
 </vars2>
 <correctness>
  <text><![CDATA[_relerr < 0.01]]></text>
 </correctness>
 <unitpenalty>
  <text>1</text>
 </unitpenalty>
 <postunit>
  <text></text>
 </postunit>
 <ruleid>
  <text>1</text>
 </ruleid>
 <otherrule>
  <text></text>
 </otherrule>
 <subqtext format="html">
<text><![CDATA[Objem tělesa \(M\) je {_0}.<br>]]></text>
 </subqtext>
 <feedback format="html">
<text></text>
 </feedback>
 <correctfeedback format="html">
<text></text>
 </correctfeedback>
 <partiallycorrectfeedback format="html">
<text></text>
 </partiallycorrectfeedback>
 <incorrectfeedback format="html">
<text></text>
 </incorrectfeedback>
</answers>
  </question>

<!-- question: 204455  -->
  <question type="formulas">
    <name>
      <text>trojný (upr. MII_B_27_6_17)</text>
    </name>
    <questiontext format="html">
      <text><![CDATA[Je zadáno těleso \(\displaystyle D=\{[x,y,z]\in \mathbb E_{3}; x^2+y^2 \leq z^2 \leq {a2}, z\geq 0\,\}\). <br><p>Načrtněte těleso  \(D\) a zakreslete též jeho průmět \(D_{xy}\) do roviny \(z=0\). Oba náčrtky uveďte v odevzdávaném řešení.</p><p></p><p><b>a)</b> Vypočítejte plošný obsah \(D_{xy}\). <br></p><p>Zdůvodnění výsledku zapište do odevzdávaného řešení. Zde uveďte pouze výsledek výpočtu.{#Dxy}</p><p></p><p><b>b) </b>Vypočítejte \(\displaystyle \iiint_D \ (x^2+y^2)\, {\rm d}x {\rm d}y {\rm d}z\).</p><p>Podrobný postup zapište do odevzdávaného řešení, zde uveďte pouze výsledek.{#integral}</p><p><b>c)</b> Vyberte možný fyzikální význam vypočítaného integrálu.{#vyznam}<br></p><br><p></p><br><p></p>]]></text>
    </questiontext>
    <generalfeedback format="html">
      <text><![CDATA[<p>Výsledky: a) {a2}\(\pi\), b){vysl}\(\cdot\frac{\pi}{10}\) c) moment setrvačnosti...<br></p>]]></text>
    </generalfeedback>
    <defaultgrade>17.0000000</defaultgrade>
    <penalty>0.3333333</penalty>
    <hidden>0</hidden>
    <idnumber></idnumber>
    <correctfeedback format="html">
      <text>Vaše odpověď je správná.</text>
    </correctfeedback>
    <partiallycorrectfeedback format="html">
      <text>Vaše odpověď je částečně správná.</text>
    </partiallycorrectfeedback>
    <incorrectfeedback format="html">
      <text>Vaše odpověď je chybná.</text>
    </incorrectfeedback>
    <shownumcorrect/>
<varsrandom><text>a={1:5}; 
ans_order=shuffle([0:3]);</text>
</varsrandom>
<varsglobal><text><![CDATA[ a2=a*a; 
Dxy=pi()*a2;
V=pi()*pow(a,5)/10 ;  #łOPRAVENO; BYLO: V=2*pi()*pow(a,5)/10;
ans_inv=inv(ans_order);
answers=["Statický moment vzhledem k ose \\(x\\) nehomogenního tělesa ve tvaru \\(D\\), jehož hustota \\(\\rho(x,y,z)\\) je \\(x^2 +y^2\\).",
"Moment setrvačnosti vzhledem k ose \\(z\\) tělesa ve tvaru \\(D\\), jehož hustota \\(\\rho(x,y) =1\\).",
"Žádná z uvedených možností."];
ans_permuted=sublist(answers,ans_order);
ans = ans_inv[1];
#VYZNAM : integrovana fce: x^2+y^2 :hmotnost v nabídce není, rho je 1, rho*(x^2+y^2) ... m.setrv, osa z

vysl=pow(a,5);
]]></text>
</varsglobal>
<answernumbering><text>abc</text>
</answernumbering>
<answers>
 <partindex>
  <text>0</text>
 </partindex>
 <placeholder>
  <text>#Dxy</text>
 </placeholder>
 <answermark>
  <text>3</text>
 </answermark>
 <answertype>
  <text>100</text>
 </answertype>
 <numbox>
  <text>1</text>
 </numbox>
 <vars1>
  <text></text>
 </vars1>
 <answer>
  <text>Dxy</text>
 </answer>
 <vars2>
  <text></text>
 </vars2>
 <correctness>
  <text><![CDATA[_relerr < 0.01]]></text>
 </correctness>
 <unitpenalty>
  <text>1</text>
 </unitpenalty>
 <postunit>
  <text></text>
 </postunit>
 <ruleid>
  <text>1</text>
 </ruleid>
 <otherrule>
  <text></text>
 </otherrule>
 <subqtext format="html">
<text><![CDATA[&nbsp;Výsledek : {_0}.<br>]]></text>
 </subqtext>
 <feedback format="html">
<text></text>
 </feedback>
 <correctfeedback format="html">
<text></text>
 </correctfeedback>
 <partiallycorrectfeedback format="html">
<text></text>
 </partiallycorrectfeedback>
 <incorrectfeedback format="html">
<text></text>
 </incorrectfeedback>
</answers>
<answers>
 <partindex>
  <text>1</text>
 </partindex>
 <placeholder>
  <text>#integral</text>
 </placeholder>
 <answermark>
  <text>11</text>
 </answermark>
 <answertype>
  <text>100</text>
 </answertype>
 <numbox>
  <text>1</text>
 </numbox>
 <vars1>
  <text></text>
 </vars1>
 <answer>
  <text>V</text>
 </answer>
 <vars2>
  <text></text>
 </vars2>
 <correctness>
  <text><![CDATA[_relerr < 0.01]]></text>
 </correctness>
 <unitpenalty>
  <text>1</text>
 </unitpenalty>
 <postunit>
  <text></text>
 </postunit>
 <ruleid>
  <text>1</text>
 </ruleid>
 <otherrule>
  <text></text>
 </otherrule>
 <subqtext format="html">
<text><![CDATA[Výsledek  je {_0}.<br>]]></text>
 </subqtext>
 <feedback format="html">
<text></text>
 </feedback>
 <correctfeedback format="html">
<text></text>
 </correctfeedback>
 <partiallycorrectfeedback format="html">
<text></text>
 </partiallycorrectfeedback>
 <incorrectfeedback format="html">
<text></text>
 </incorrectfeedback>
</answers>
<answers>
 <partindex>
  <text>2</text>
 </partindex>
 <placeholder>
  <text>#vyznam</text>
 </placeholder>
 <answermark>
  <text>3</text>
 </answermark>
 <answertype>
  <text>0</text>
 </answertype>
 <numbox>
  <text>1</text>
 </numbox>
 <vars1>
  <text></text>
 </vars1>
 <answer>
  <text>ans</text>
 </answer>
 <vars2>
  <text></text>
 </vars2>
 <correctness>
  <text><![CDATA[_relerr < 0.01]]></text>
 </correctness>
 <unitpenalty>
  <text>1</text>
 </unitpenalty>
 <postunit>
  <text></text>
 </postunit>
 <ruleid>
  <text>1</text>
 </ruleid>
 <otherrule>
  <text></text>
 </otherrule>
 <subqtext format="html">
<text><![CDATA[<p>{_0:ans_permuted}<br></p>]]></text>
 </subqtext>
 <feedback format="html">
<text></text>
 </feedback>
 <correctfeedback format="html">
<text></text>
 </correctfeedback>
 <partiallycorrectfeedback format="html">
<text></text>
 </partiallycorrectfeedback>
 <incorrectfeedback format="html">
<text></text>
 </incorrectfeedback>
</answers>
  </question>

</quiz>