<?xml version="1.0" encoding="UTF-8"?>
<quiz>
<!-- question: 0  -->
  <question type="category">
    <category>
      <text>$course$/top/Výchozí v B192-2011068</text>
    </category>
    <info format="html">
      <text><![CDATA[Výchozí kategorie pro úlohy sdílené v kontextu "B192-2011068".]]></text>
    </info>
    <idnumber></idnumber>
  </question>

<!-- question: 0  -->
  <question type="category">
    <category>
      <text>$course$/top/Výchozí v B192-2011068/OM/Téma 6/křivkový-skalární-úsečka</text>
    </category>
    <info format="html">
      <text>Výpočet křivkového integrálu skalární funkce, křivka je úsečka.</text>
    </info>
    <idnumber></idnumber>
  </question>

<!-- question: 135826  -->
  <question type="formulas">
    <name>
      <text>křivkový skalární 1 (úsečka)</text>
    </name>
    <questiontext format="html">
      <text><![CDATA[<p>Vypočtěte křivkový integrál $$\int_C\ (x+z)\ {\rm d}s,$$ $$\mbox{ kde křivka } C \mbox{ úsečka } \overline{AB},\ A = [1,\ 2,\ 3],\ B=[3,\ 2,\ 1].$$<br></p>]]></text>
    </questiontext>
    <generalfeedback format="html">
      <text><![CDATA[<p>Postup.<br></p><p>1. Navrhněte parametrizaci \(P(t)\) úsečky \(\ \overline{AB}\), například \(\displaystyle X = A + t(B-A),\ t\in\langle 0,\ 1\rangle\).</p><p>2. Určete tečný vektor \(\dot{P}(t)\) a jeho velikost \( \|\dot{P}(t)\|\).</p><p>3. Vyjádřete integrovanou funkci pomocí zvolené parametrizace a \( {\rm d} s = \|\dot{P}(t)\| {\rm d} t\).</p><p>4. Převeďte křivkový integrál na Riemannův integrál $$\displaystyle \int_C \ (x+z)\ {\rm d}s = \int_0^1\ f(P(t))\ \|\dot P(t)\| {\rm d} t$$<br></p>]]></text>
    </generalfeedback>
    <defaultgrade>1.0000000</defaultgrade>
    <penalty>0.0000000</penalty>
    <hidden>0</hidden>
    <idnumber></idnumber>
    <correctfeedback format="html">
      <text>Vaše odpověď je správná.</text>
    </correctfeedback>
    <partiallycorrectfeedback format="html">
      <text>Vaše odpověď je částečně správná.</text>
    </partiallycorrectfeedback>
    <incorrectfeedback format="html">
      <text>Vaše odpověď je chybná.</text>
    </incorrectfeedback>
    <shownumcorrect/>
<varsrandom><text></text>
</varsrandom>
<varsglobal><text>V=8*sqrt(2)</text>
</varsglobal>
<answernumbering><text>abc</text>
</answernumbering>
<answers>
 <partindex>
  <text>0</text>
 </partindex>
 <placeholder>
  <text></text>
 </placeholder>
 <answermark>
  <text>1</text>
 </answermark>
 <answertype>
  <text>10</text>
 </answertype>
 <numbox>
  <text>1</text>
 </numbox>
 <vars1>
  <text></text>
 </vars1>
 <answer>
  <text>V</text>
 </answer>
 <vars2>
  <text></text>
 </vars2>
 <correctness>
  <text><![CDATA[_relerr < 0.01]]></text>
 </correctness>
 <unitpenalty>
  <text>1</text>
 </unitpenalty>
 <postunit>
  <text></text>
 </postunit>
 <ruleid>
  <text>1</text>
 </ruleid>
 <otherrule>
  <text></text>
 </otherrule>
 <subqtext format="html">
<text><![CDATA[<p>Výsledek: {_0}<br></p>]]></text>
 </subqtext>
 <feedback format="html">
<text></text>
 </feedback>
 <correctfeedback format="html">
<text></text>
 </correctfeedback>
 <partiallycorrectfeedback format="html">
<text></text>
 </partiallycorrectfeedback>
 <incorrectfeedback format="html">
<text></text>
 </incorrectfeedback>
</answers>
  </question>

<!-- question: 135827  -->
  <question type="formulas">
    <name>
      <text>křivkový skalární 2 (úsečka)</text>
    </name>
    <questiontext format="html">
      <text><![CDATA[<p>Vypočtěte křivkový integrál $$\int_C\ \frac{1}{x-y}\ {\rm d}s,$$ $$\mbox{ kde křivka } C \mbox{ úsečka } \overline{AB},\ A = [0,\ -1],\ B=[2,\ 0].$$<br></p>]]></text>
    </questiontext>
    <generalfeedback format="html">
      <text><![CDATA[<p>Postup.<br></p><p>1. Navrhněte parametrizaci \(P(t)\) úsečky \(\ \overline{AB}\), například \(\displaystyle X = A + t(B-A),\ t\in\langle 0,\ 1\rangle\).</p><p>2. Určete tečný vektor \(\dot{P}(t)\) a jeho velikost \( \|\dot{P}(t)\|\).</p><p>3. Vyjádřete integrovanou funkci pomocí zvolené parametrizace a \( {\rm d} s = \|\dot{P}(t)\| {\rm d} t\).</p><p>4. Převeďte křivkový integrál na Riemannův integrál $$\displaystyle \int_C \ \frac{1}{x-y}\ {\rm d}s = \int_0^1\ f(P(t))\ \|\dot P(t)\| {\rm d} t$$<br></p>]]></text>
    </generalfeedback>
    <defaultgrade>1.0000000</defaultgrade>
    <penalty>0.0000000</penalty>
    <hidden>0</hidden>
    <idnumber></idnumber>
    <correctfeedback format="html">
      <text>Vaše odpověď je správná.</text>
    </correctfeedback>
    <partiallycorrectfeedback format="html">
      <text>Vaše odpověď je částečně správná.</text>
    </partiallycorrectfeedback>
    <incorrectfeedback format="html">
      <text>Vaše odpověď je chybná.</text>
    </incorrectfeedback>
    <shownumcorrect/>
<varsrandom><text></text>
</varsrandom>
<varsglobal><text>V=sqrt(5)*log(2)</text>
</varsglobal>
<answernumbering><text>abc</text>
</answernumbering>
<answers>
 <partindex>
  <text>0</text>
 </partindex>
 <placeholder>
  <text></text>
 </placeholder>
 <answermark>
  <text>1</text>
 </answermark>
 <answertype>
  <text>10</text>
 </answertype>
 <numbox>
  <text>1</text>
 </numbox>
 <vars1>
  <text></text>
 </vars1>
 <answer>
  <text>V</text>
 </answer>
 <vars2>
  <text></text>
 </vars2>
 <correctness>
  <text><![CDATA[_relerr < 0.01]]></text>
 </correctness>
 <unitpenalty>
  <text>1</text>
 </unitpenalty>
 <postunit>
  <text></text>
 </postunit>
 <ruleid>
  <text>1</text>
 </ruleid>
 <otherrule>
  <text></text>
 </otherrule>
 <subqtext format="html">
<text><![CDATA[<p>Výsledek: {_0}<br></p>]]></text>
 </subqtext>
 <feedback format="html">
<text></text>
 </feedback>
 <correctfeedback format="html">
<text></text>
 </correctfeedback>
 <partiallycorrectfeedback format="html">
<text></text>
 </partiallycorrectfeedback>
 <incorrectfeedback format="html">
<text></text>
 </incorrectfeedback>
</answers>
  </question>

<!-- question: 135828  -->
  <question type="formulas">
    <name>
      <text>křivkový skalární 3 (úsečka)</text>
    </name>
    <questiontext format="html">
      <text><![CDATA[<p>Vypočtěte křivkový integrál $$\int_C\ (x^2 +y +3z)\ {\rm d}s,$$ $$\mbox{ kde křivka } C \mbox{ úsečka } \overline{AB},\ A = [{ax},\ {ay},\ {az}],\ B=[{bx},\ {by},\ {bz}].$$<br></p>]]></text>
    </questiontext>
    <generalfeedback format="html">
      <text><![CDATA[<p>Možný postup.<br></p><p>1. Navrhněte parametrizaci \(P(t)\) úsečky \(\ \overline{AB}\), například \(\displaystyle X = A + t(B-A),\ t\in\langle 0,\ 1\rangle\), $$P(t) = [{ax}+t({abx}) ,\ {ay}+t({aby}),\ {az} +t({abz})].$$<br></p><p>2. Určete tečný vektor \(\dot{P}(t) = ({abx},\ {aby},\ {abz}) \) a jeho velikost \( \|\dot{P}(t)\| = \displaystyle \sqrt {({abx})^2 + ({aby})^2 + ({abz})^2}\).</p><p>3. Vyjádřete integrovanou funkci pomocí zvolené parametrizace, $$f(P(t)) = \left(({ax} + t({abx}))^2 +({ay}) + t({aby}) + 3({az} + t({abz}))\right) $$ a \( {\rm d} s = \|\dot{P}(t)\| {\rm d} t\).</p><p>4. Převeďte křivkový integrál na Riemannův integrál $$\displaystyle \int_C \ (x^2 +y +3z)\ {\rm d}s = \int_0^1\ f(P(t))\ \|\dot P(t)\| {\rm d} t$$<br></p>]]></text>
    </generalfeedback>
    <defaultgrade>1.0000000</defaultgrade>
    <penalty>0.0000000</penalty>
    <hidden>0</hidden>
    <idnumber></idnumber>
    <correctfeedback format="html">
      <text>Vaše odpověď je správná.</text>
    </correctfeedback>
    <partiallycorrectfeedback format="html">
      <text>Vaše odpověď je částečně správná.</text>
    </partiallycorrectfeedback>
    <incorrectfeedback format="html">
      <text>Vaše odpověď je chybná.</text>
    </incorrectfeedback>
    <shownumcorrect/>
<varsrandom><text>ax={-2:2}; ay={-2:2}; az={-2:2}; q={-2,-1,1,2}
</text>
</varsrandom>
<varsglobal><text>bx=ax+q; by=ay+q; bz=az+q;
abx=(bx)-(ax); aby=(by)-(ay); abz = (bz)-(az);
dP=sqrt(abx*abx+aby*aby+abz*abz);
V=dP*(ax*ax+ay+3*az + abx + 0.5*aby+1.5*abz + abx*abx/3)</text>
</varsglobal>
<answernumbering><text>abc</text>
</answernumbering>
<answers>
 <partindex>
  <text>0</text>
 </partindex>
 <placeholder>
  <text></text>
 </placeholder>
 <answermark>
  <text>1</text>
 </answermark>
 <answertype>
  <text>10</text>
 </answertype>
 <numbox>
  <text>1</text>
 </numbox>
 <vars1>
  <text></text>
 </vars1>
 <answer>
  <text>V</text>
 </answer>
 <vars2>
  <text></text>
 </vars2>
 <correctness>
  <text><![CDATA[_relerr < 0.01]]></text>
 </correctness>
 <unitpenalty>
  <text>1</text>
 </unitpenalty>
 <postunit>
  <text></text>
 </postunit>
 <ruleid>
  <text>1</text>
 </ruleid>
 <otherrule>
  <text></text>
 </otherrule>
 <subqtext format="html">
<text><![CDATA[<p>Výsledek: {_0}<br></p>]]></text>
 </subqtext>
 <feedback format="html">
<text></text>
 </feedback>
 <correctfeedback format="html">
<text></text>
 </correctfeedback>
 <partiallycorrectfeedback format="html">
<text></text>
 </partiallycorrectfeedback>
 <incorrectfeedback format="html">
<text></text>
 </incorrectfeedback>
</answers>
  </question>

<!-- question: 135830  -->
  <question type="formulas">
    <name>
      <text>křivkový skalární 4 (úsečka)</text>
    </name>
    <questiontext format="html">
      <text><![CDATA[<p>Vypočtěte křivkový integrál $$\int_C\ \frac{1}{x+y}\ {\rm d}s,$$ $$\mbox{ kde křivka } C \mbox{ úsečka } \overline{AB},\ A = [{ax},\ {ay}],\ B=[{bx},\ {by}].$$<br></p>]]></text>
    </questiontext>
    <generalfeedback format="html">
      <text><![CDATA[<p>Možný postup.<br></p><p>1. Navrhněte parametrizaci \(P(t)\) úsečky \(\ \overline{AB}\), například \(\displaystyle X = A + t(B-A),\ t\in\langle 0,\ 1\rangle\), $$P(t) = [{ax}+t({abx}) ,\ {ay}+t({aby})].$$<br></p><p>2. Určete tečný vektor \(\dot{P}(t) = ({abx},\ {aby}) \) a jeho velikost \( \|\dot{P}(t)\| = \displaystyle \sqrt {({abx})^2 + ({aby})^2 }\).</p><p>3. Vyjádřete integrovanou funkci pomocí zvolené parametrizace, $$f(P(t)) =\frac{1}{{ax}+t({abx})+{ay}+t({aby})} $$ a \( {\rm d} s = \|\dot{P}(t)\| {\rm d} t\).</p><p>4. Převeďte křivkový integrál na Riemannův integrál $$\displaystyle \int_C \ \frac{1}{x+y}\ {\rm d}s = \int_0^1\ f(P(t))\ \|\dot P(t)\| {\rm d} t$$<br></p>]]></text>
    </generalfeedback>
    <defaultgrade>1.0000000</defaultgrade>
    <penalty>0.0000000</penalty>
    <hidden>0</hidden>
    <idnumber></idnumber>
    <correctfeedback format="html">
      <text>Vaše odpověď je správná.</text>
    </correctfeedback>
    <partiallycorrectfeedback format="html">
      <text>Vaše odpověď je částečně správná.</text>
    </partiallycorrectfeedback>
    <incorrectfeedback format="html">
      <text>Vaše odpověď je chybná.</text>
    </incorrectfeedback>
    <shownumcorrect/>
<varsrandom><text>ax={1:3}; ay={0:4};  q={-2,-1,1,2}
</text>
</varsrandom>
<varsglobal><text>bx=ax+q; by=ay+q; 
abx=bx-ax; aby=by-ay;
dP=sqrt(abx*abx+aby*aby);
V=dP*(log(abs(ax+ay+abx+aby)) -log(abs(ax+ay)))/(abx+aby)</text>
</varsglobal>
<answernumbering><text>abc</text>
</answernumbering>
<answers>
 <partindex>
  <text>0</text>
 </partindex>
 <placeholder>
  <text></text>
 </placeholder>
 <answermark>
  <text>1</text>
 </answermark>
 <answertype>
  <text>10</text>
 </answertype>
 <numbox>
  <text>1</text>
 </numbox>
 <vars1>
  <text></text>
 </vars1>
 <answer>
  <text>V</text>
 </answer>
 <vars2>
  <text></text>
 </vars2>
 <correctness>
  <text><![CDATA[_relerr < 0.01]]></text>
 </correctness>
 <unitpenalty>
  <text>1</text>
 </unitpenalty>
 <postunit>
  <text></text>
 </postunit>
 <ruleid>
  <text>1</text>
 </ruleid>
 <otherrule>
  <text></text>
 </otherrule>
 <subqtext format="html">
<text><![CDATA[<p>Výsledek: {_0}<br></p>]]></text>
 </subqtext>
 <feedback format="html">
<text></text>
 </feedback>
 <correctfeedback format="html">
<text></text>
 </correctfeedback>
 <partiallycorrectfeedback format="html">
<text></text>
 </partiallycorrectfeedback>
 <incorrectfeedback format="html">
<text></text>
 </incorrectfeedback>
</answers>
  </question>

<!-- question: 135831  -->
  <question type="formulas">
    <name>
      <text>křivkový skalární 5 (úsečka)</text>
    </name>
    <questiontext format="html">
      <text><![CDATA[<p>Vypočtěte křivkový integrál $$\int_C\ x\ {\rm d}s,$$ $$\mbox{ kde křivka } C \mbox{ úsečka } \overline{AB},\ A = [{ax},\ {ay}],\ B=[{bx},\ {by}].$$<br></p>]]></text>
    </questiontext>
    <generalfeedback format="html">
      <text><![CDATA[<p>Možný postup.<br></p><p>1. Navrhněte parametrizaci \(P(t)\) úsečky \(\ \overline{AB}\), například \(\displaystyle X = A + t(B-A),\ t\in\langle 0,\ 1\rangle\), $$P(t) = [{ax}+t({abx}) ,\ {ay}+t({aby})].$$<br></p><p>2. Určete tečný vektor \(\dot{P}(t) = ({abx},\ {aby}) \) a jeho velikost \( \|\dot{P}(t)\| = \displaystyle \sqrt {({abx})^2 + ({aby})^2 }\).</p><p>3. Vyjádřete integrovanou funkci pomocí zvolené parametrizace, $$f(P(t)) ={ax} + t({abx})$$ a \( {\rm d} s = \|\dot{P}(t)\| {\rm d} t\).</p><p>4. Převeďte křivkový integrál na Riemannův integrál $$\displaystyle \int_C \ x\ {\rm d}s = \int_0^1\ f(P(t))\ \|\dot P(t)\| {\rm d} t$$<br></p>]]></text>
    </generalfeedback>
    <defaultgrade>1.0000000</defaultgrade>
    <penalty>0.0000000</penalty>
    <hidden>0</hidden>
    <idnumber></idnumber>
    <correctfeedback format="html">
      <text>Vaše odpověď je správná.</text>
    </correctfeedback>
    <partiallycorrectfeedback format="html">
      <text>Vaše odpověď je částečně správná.</text>
    </partiallycorrectfeedback>
    <incorrectfeedback format="html">
      <text>Vaše odpověď je chybná.</text>
    </incorrectfeedback>
    <shownumcorrect/>
<varsrandom><text>ax={-3:3}; ay={-4:4};  q={-2,-1,1,2}
</text>
</varsrandom>
<varsglobal><text>bx=ax+q; by=ay+q; 
abx=bx-ax; aby=by-ay;
dP=sqrt(abx*abx+aby*aby);
V=dP*(ax+abx/2)</text>
</varsglobal>
<answernumbering><text>abc</text>
</answernumbering>
<answers>
 <partindex>
  <text>0</text>
 </partindex>
 <placeholder>
  <text></text>
 </placeholder>
 <answermark>
  <text>1</text>
 </answermark>
 <answertype>
  <text>10</text>
 </answertype>
 <numbox>
  <text>1</text>
 </numbox>
 <vars1>
  <text></text>
 </vars1>
 <answer>
  <text>V</text>
 </answer>
 <vars2>
  <text></text>
 </vars2>
 <correctness>
  <text><![CDATA[_relerr < 0.01]]></text>
 </correctness>
 <unitpenalty>
  <text>1</text>
 </unitpenalty>
 <postunit>
  <text></text>
 </postunit>
 <ruleid>
  <text>1</text>
 </ruleid>
 <otherrule>
  <text></text>
 </otherrule>
 <subqtext format="html">
<text><![CDATA[<p>Výsledek: {_0}<br></p>]]></text>
 </subqtext>
 <feedback format="html">
<text></text>
 </feedback>
 <correctfeedback format="html">
<text></text>
 </correctfeedback>
 <partiallycorrectfeedback format="html">
<text></text>
 </partiallycorrectfeedback>
 <incorrectfeedback format="html">
<text></text>
 </incorrectfeedback>
</answers>
  </question>

<!-- question: 135832  -->
  <question type="formulas">
    <name>
      <text>křivkový skalární 6 (úsečka)</text>
    </name>
    <questiontext format="html">
      <text><![CDATA[<p>Vypočtěte křivkový integrál $$\int_C\ (xy +x +y -1)\ {\rm d}s,$$ $$\mbox{ kde křivka } C \mbox{ úsečka } \overline{AB},\ A = [{ax},\ {ay}],\ B=[{bx},\ {by}].$$<br></p>]]></text>
    </questiontext>
    <generalfeedback format="html">
      <text><![CDATA[<p>Možný postup.<br></p><p>1. Navrhněte parametrizaci \(P(t)\) úsečky \(\ \overline{AB}\), například \(\displaystyle X = A + t(B-A),\ t\in\langle 0,\ 1\rangle\), $$P(t) = [{ax}+t({abx}) ,\ {ay}+t({aby})].$$<br></p><p>2. Určete tečný vektor \(\dot{P}(t) = ({abx},\ {aby} \) a jeho velikost \( \|\dot{P}(t)\| = \displaystyle \sqrt {({abx})^2 + ({aby})^2} \).</p><p>3. Vyjádřete integrovanou funkci pomocí zvolené parametrizace, $$f(P(t)) =({ax} + t({abx}))({ay}+t({aby})) +({ax} + t({abx}))+({ay} + t({aby})) -1 $$ a \( {\rm d} s = \|\dot{P}(t)\| {\rm d} t\).</p><p>4. Převeďte křivkový integrál na Riemannův integrál $$\displaystyle \int_C \ (xy +x +y -1)\ {\rm d}s = \int_0^1\ f(P(t))\ \|\dot P(t)\| {\rm d} t$$<br></p>]]></text>
    </generalfeedback>
    <defaultgrade>1.0000000</defaultgrade>
    <penalty>0.0000000</penalty>
    <hidden>0</hidden>
    <idnumber></idnumber>
    <correctfeedback format="html">
      <text>Vaše odpověď je správná.</text>
    </correctfeedback>
    <partiallycorrectfeedback format="html">
      <text>Vaše odpověď je částečně správná.</text>
    </partiallycorrectfeedback>
    <incorrectfeedback format="html">
      <text>Vaše odpověď je chybná.</text>
    </incorrectfeedback>
    <shownumcorrect/>
<varsrandom><text>ax={-2:2}; ay={-2:2}; az={-2:2}; q={-2,-1,1,2}
</text>
</varsrandom>
<varsglobal><text>bx=ax+q; by=ay+q; 
abx=(bx)-(ax); aby=(by)-(ay);
dP=sqrt(abx*abx+aby*aby);
V=dP*(ax+ay+ax*ay-1 +0.5*(ay*abx + ax*aby + abx+aby) +abx*aby/3)</text>
</varsglobal>
<answernumbering><text>abc</text>
</answernumbering>
<answers>
 <partindex>
  <text>0</text>
 </partindex>
 <placeholder>
  <text></text>
 </placeholder>
 <answermark>
  <text>1</text>
 </answermark>
 <answertype>
  <text>10</text>
 </answertype>
 <numbox>
  <text>1</text>
 </numbox>
 <vars1>
  <text></text>
 </vars1>
 <answer>
  <text>V</text>
 </answer>
 <vars2>
  <text></text>
 </vars2>
 <correctness>
  <text><![CDATA[_relerr < 0.01]]></text>
 </correctness>
 <unitpenalty>
  <text>1</text>
 </unitpenalty>
 <postunit>
  <text></text>
 </postunit>
 <ruleid>
  <text>1</text>
 </ruleid>
 <otherrule>
  <text></text>
 </otherrule>
 <subqtext format="html">
<text><![CDATA[<p>Výsledek: {_0}<br></p>]]></text>
 </subqtext>
 <feedback format="html">
<text></text>
 </feedback>
 <correctfeedback format="html">
<text></text>
 </correctfeedback>
 <partiallycorrectfeedback format="html">
<text></text>
 </partiallycorrectfeedback>
 <incorrectfeedback format="html">
<text></text>
 </incorrectfeedback>
</answers>
  </question>

</quiz>