<?xml version="1.0" encoding="UTF-8"?>
<quiz>
<!-- question: 0  -->
  <question type="category">
    <category>
      <text>$course$/top/Výchozí v B192-2011068</text>
    </category>
    <info format="html">
      <text><![CDATA[Výchozí kategorie pro úlohy sdílené v kontextu "B192-2011068".]]></text>
    </info>
    <idnumber></idnumber>
  </question>

<!-- question: 0  -->
  <question type="category">
    <category>
      <text>$course$/top/Výchozí v B192-2011068/OM/Téma 6/křivkový-skalární-kružnice</text>
    </category>
    <info format="html">
      <text>Výpočet křivkového integrálu skalární funkce, křivka je (část) kružnice.</text>
    </info>
    <idnumber></idnumber>
  </question>

<!-- question: 135974  -->
  <question type="formulas">
    <name>
      <text>křivkový skalární 10 (kružnice)</text>
    </name>
    <questiontext format="html">
      <text><![CDATA[<p>Vypočtěte křivkový integrál $$\int_C\ x^2y\ {\rm d}s,$$ $$\mbox{ kde křivka } C =\{[x,\ y]\in\mathbb E_2: x^2 + y^2 = {a2},\ \mbox{ mezi body } A=[{a},0],\ B=[0,\ {a}]. \}$$<br></p>]]></text>
    </questiontext>
    <generalfeedback format="html">
      <text><![CDATA[<p>Možný postup.<br></p><p>1. Navrhněte parametrizaci \(P(t)\) kružnice, například $$P(t) = [{a}\cos t ,\&nbsp; {a}\sin t],\ t\in\langle 0,\ \frac\pi 2\rangle .$$<br></p><p>2. Určete tečný vektor \(\dot{P}(t) = (-{a}\sin t,\ {a}\cos t) \) a jeho velikost \( \|\dot{P}(t)\| = \displaystyle \sqrt {(-{a}\sin t)^2 + ({a}\cos t)^2} \).</p><p>3. Vyjádřete integrovanou funkci pomocí zvolené parametrizace, \(f(P(t))\), a \( {\rm d} s = \|\dot{P}(t)\|\ {\rm d}t\).</p><p>4. Převeďte křivkový integrál na Riemannův integrál $$\displaystyle \int_C \ x^2y\ {\rm d}s = \int_0^{\frac \pi 2}\ f(P(t))\ \|\dot P(t)\|\ {\rm d} t$$<br></p>]]></text>
    </generalfeedback>
    <defaultgrade>1.0000000</defaultgrade>
    <penalty>0.0000000</penalty>
    <hidden>0</hidden>
    <idnumber></idnumber>
    <correctfeedback format="html">
      <text>Vaše odpověď je správná.</text>
    </correctfeedback>
    <partiallycorrectfeedback format="html">
      <text>Vaše odpověď je částečně správná.</text>
    </partiallycorrectfeedback>
    <incorrectfeedback format="html">
      <text>Vaše odpověď je chybná.</text>
    </incorrectfeedback>
    <shownumcorrect/>
<varsrandom><text>a={1:5}</text>
</varsrandom>
<varsglobal><text>a2=a*a;
dP=a;
V=a2*a2/3;</text>
</varsglobal>
<answernumbering><text>abc</text>
</answernumbering>
<answers>
 <partindex>
  <text>0</text>
 </partindex>
 <placeholder>
  <text></text>
 </placeholder>
 <answermark>
  <text>1</text>
 </answermark>
 <answertype>
  <text>10</text>
 </answertype>
 <numbox>
  <text>1</text>
 </numbox>
 <vars1>
  <text></text>
 </vars1>
 <answer>
  <text>V</text>
 </answer>
 <vars2>
  <text></text>
 </vars2>
 <correctness>
  <text><![CDATA[_relerr < 0.01]]></text>
 </correctness>
 <unitpenalty>
  <text>1</text>
 </unitpenalty>
 <postunit>
  <text></text>
 </postunit>
 <ruleid>
  <text>1</text>
 </ruleid>
 <otherrule>
  <text></text>
 </otherrule>
 <subqtext format="html">
<text><![CDATA[<p>Výsledek: {_0}<br></p>]]></text>
 </subqtext>
 <feedback format="html">
<text></text>
 </feedback>
 <correctfeedback format="html">
<text></text>
 </correctfeedback>
 <partiallycorrectfeedback format="html">
<text></text>
 </partiallycorrectfeedback>
 <incorrectfeedback format="html">
<text></text>
 </incorrectfeedback>
</answers>
  </question>

<!-- question: 135968  -->
  <question type="formulas">
    <name>
      <text>křivkový skalární 7 (kružnice)</text>
    </name>
    <questiontext format="html">
      <text><![CDATA[<p>Vypočtěte křivkový integrál $$\int_C\ (x^2 + y^2)\ {\rm d}s,$$ $$\mbox{ kde křivka } C =\{[x,\ y]\in\mathbb E_2: x^2 + y^2 = {a2}\}$$<br></p>]]></text>
    </questiontext>
    <generalfeedback format="html">
      <text><![CDATA[<p>Možný postup.<br></p><p>1. Navrhněte parametrizaci \(P(t)\) kružnice, například $$P(t) = [{a}\cos t ,\&nbsp; {a}\sin t],\ t\in\langle 0,\ 2\pi\rangle .$$<br></p><p>2. Určete tečný vektor \(\dot{P}(t) = (-{a}\sin t,\ {a}\cos t) \) a jeho velikost \( \|\dot{P}(t)\| = \displaystyle \sqrt {(-{a}\sin t)^2 + ({a}\cos t)^2} \).</p><p>3. Vyjádřete integrovanou funkci pomocí zvolené parametrizace, \(f(P(t))\), a \( {\rm d} s = \|\dot{P}(t)\|\ {\rm d}t\).</p><p>4. Převeďte křivkový integrál na Riemannův integrál $$\displaystyle \int_C \ (x^2 + y^2)\ {\rm d}s = \int_0^{2\pi}\ f(P(t))\ \|\dot P(t)\| {\rm d} t$$<br></p>]]></text>
    </generalfeedback>
    <defaultgrade>1.0000000</defaultgrade>
    <penalty>0.0000000</penalty>
    <hidden>0</hidden>
    <idnumber></idnumber>
    <correctfeedback format="html">
      <text>Vaše odpověď je správná.</text>
    </correctfeedback>
    <partiallycorrectfeedback format="html">
      <text>Vaše odpověď je částečně správná.</text>
    </partiallycorrectfeedback>
    <incorrectfeedback format="html">
      <text>Vaše odpověď je chybná.</text>
    </incorrectfeedback>
    <shownumcorrect/>
<varsrandom><text>a={1:5}</text>
</varsrandom>
<varsglobal><text>a2=a*a;
dP=a;
V=2*pi()*a2*a;</text>
</varsglobal>
<answernumbering><text>abc</text>
</answernumbering>
<answers>
 <partindex>
  <text>0</text>
 </partindex>
 <placeholder>
  <text></text>
 </placeholder>
 <answermark>
  <text>1</text>
 </answermark>
 <answertype>
  <text>10</text>
 </answertype>
 <numbox>
  <text>1</text>
 </numbox>
 <vars1>
  <text></text>
 </vars1>
 <answer>
  <text>V</text>
 </answer>
 <vars2>
  <text></text>
 </vars2>
 <correctness>
  <text><![CDATA[_relerr < 0.01]]></text>
 </correctness>
 <unitpenalty>
  <text>1</text>
 </unitpenalty>
 <postunit>
  <text></text>
 </postunit>
 <ruleid>
  <text>1</text>
 </ruleid>
 <otherrule>
  <text></text>
 </otherrule>
 <subqtext format="html">
<text><![CDATA[<p>Výsledek: {_0}<br></p>]]></text>
 </subqtext>
 <feedback format="html">
<text></text>
 </feedback>
 <correctfeedback format="html">
<text></text>
 </correctfeedback>
 <partiallycorrectfeedback format="html">
<text></text>
 </partiallycorrectfeedback>
 <incorrectfeedback format="html">
<text></text>
 </incorrectfeedback>
</answers>
  </question>

<!-- question: 135970  -->
  <question type="formulas">
    <name>
      <text>křivkový skalární 8 (kružnice)</text>
    </name>
    <questiontext format="html">
      <text><![CDATA[<p>Vypočtěte křivkový integrál $$\int_C\ \frac{1}{\sqrt{x^2 + y^2}}\ {\rm d}s,$$ $$\mbox{ kde křivka } C =\{[x,\ y]\in\mathbb E_2: x^2 + y^2 = {a2},\ y\geq 0\}$$<br></p>]]></text>
    </questiontext>
    <generalfeedback format="html">
      <text><![CDATA[<p>Možný postup.<br></p><p>1. Navrhněte parametrizaci \(P(t)\) kružnice, například $$P(t) = [{a}\cos t ,\&nbsp; {a}\sin t],\ t\in\langle 0,\ \pi\rangle .$$<br></p><p>2. Určete tečný vektor \(\dot{P}(t) = (-{a}\sin t,\ {a}\cos t) \) a jeho velikost \( \|\dot{P}(t)\| = \displaystyle \sqrt {(-{a}\sin t)^2 + ({a}\cos t)^2} \).</p><p>3. Vyjádřete integrovanou funkci pomocí zvolené parametrizace, \(f(P(t))\), a \( {\rm d} s = \|\dot{P}(t)\|\ {\rm d}t\).</p><p>4. Převeďte křivkový integrál na Riemannův integrál $$\displaystyle \int_C \ \frac{1}{\sqrt{x^2 + y^2}}\ {\rm d}s = \int_0^{\pi}\ f(P(t))\ \|\dot P(t)\|\ {\rm d} t$$<br></p>]]></text>
    </generalfeedback>
    <defaultgrade>1.0000000</defaultgrade>
    <penalty>0.0000000</penalty>
    <hidden>0</hidden>
    <idnumber></idnumber>
    <correctfeedback format="html">
      <text>Vaše odpověď je správná.</text>
    </correctfeedback>
    <partiallycorrectfeedback format="html">
      <text>Vaše odpověď je částečně správná.</text>
    </partiallycorrectfeedback>
    <incorrectfeedback format="html">
      <text>Vaše odpověď je chybná.</text>
    </incorrectfeedback>
    <shownumcorrect/>
<varsrandom><text>a={1:5}</text>
</varsrandom>
<varsglobal><text>a2=a*a;
dP=a;
V=pi();</text>
</varsglobal>
<answernumbering><text>abc</text>
</answernumbering>
<answers>
 <partindex>
  <text>0</text>
 </partindex>
 <placeholder>
  <text></text>
 </placeholder>
 <answermark>
  <text>1</text>
 </answermark>
 <answertype>
  <text>10</text>
 </answertype>
 <numbox>
  <text>1</text>
 </numbox>
 <vars1>
  <text></text>
 </vars1>
 <answer>
  <text>V</text>
 </answer>
 <vars2>
  <text></text>
 </vars2>
 <correctness>
  <text><![CDATA[_relerr < 0.01]]></text>
 </correctness>
 <unitpenalty>
  <text>1</text>
 </unitpenalty>
 <postunit>
  <text></text>
 </postunit>
 <ruleid>
  <text>1</text>
 </ruleid>
 <otherrule>
  <text></text>
 </otherrule>
 <subqtext format="html">
<text><![CDATA[<p>Výsledek: {_0}<br></p>]]></text>
 </subqtext>
 <feedback format="html">
<text></text>
 </feedback>
 <correctfeedback format="html">
<text></text>
 </correctfeedback>
 <partiallycorrectfeedback format="html">
<text></text>
 </partiallycorrectfeedback>
 <incorrectfeedback format="html">
<text></text>
 </incorrectfeedback>
</answers>
  </question>

<!-- question: 135971  -->
  <question type="formulas">
    <name>
      <text>křivkový skalární 9 (kružnice)</text>
    </name>
    <questiontext format="html">
      <text><![CDATA[<p>Vypočtěte křivkový integrál $$\int_C\ x^2\ {\rm d}s,$$ $$\mbox{ kde křivka } C =\{[x,\ y]\in\mathbb E_2: x^2 + y^2 = {a2},\ y\geq 0\}$$<br></p>]]></text>
    </questiontext>
    <generalfeedback format="html">
      <text><![CDATA[<p>Možný postup.<br></p><p>1. Navrhněte parametrizaci \(P(t)\) kružnice, například $$P(t) = [{a}\cos t ,\&nbsp; {a}\sin t],\ t\in\langle 0,\ \pi\rangle .$$<br></p><p>2. Určete tečný vektor \(\dot{P}(t) = (-{a}\sin t,\ {a}\cos t) \) a jeho velikost \( \|\dot{P}(t)\| = \displaystyle \sqrt {(-{a}\sin t)^2 + ({a}\cos t)^2} \).</p><p>3. Vyjádřete integrovanou funkci pomocí zvolené parametrizace, \(f(P(t))\), a \( {\rm d} s = \|\dot{P}(t)\|\ {\rm d}t\).</p><p>4. Převeďte křivkový integrál na Riemannův integrál $$\displaystyle \int_C \ x^2\ {\rm d}s = \int_0^{\pi}\ f(P(t))\ \|\dot P(t)\|\ {\rm d} t$$<br></p>]]></text>
    </generalfeedback>
    <defaultgrade>1.0000000</defaultgrade>
    <penalty>0.0000000</penalty>
    <hidden>0</hidden>
    <idnumber></idnumber>
    <correctfeedback format="html">
      <text>Vaše odpověď je správná.</text>
    </correctfeedback>
    <partiallycorrectfeedback format="html">
      <text>Vaše odpověď je částečně správná.</text>
    </partiallycorrectfeedback>
    <incorrectfeedback format="html">
      <text>Vaše odpověď je chybná.</text>
    </incorrectfeedback>
    <shownumcorrect/>
<varsrandom><text>a={1:5}</text>
</varsrandom>
<varsglobal><text>a2=a*a;
dP=a;
V=pi()*a2*a/2;</text>
</varsglobal>
<answernumbering><text>abc</text>
</answernumbering>
<answers>
 <partindex>
  <text>0</text>
 </partindex>
 <placeholder>
  <text></text>
 </placeholder>
 <answermark>
  <text>1</text>
 </answermark>
 <answertype>
  <text>10</text>
 </answertype>
 <numbox>
  <text>1</text>
 </numbox>
 <vars1>
  <text></text>
 </vars1>
 <answer>
  <text>V</text>
 </answer>
 <vars2>
  <text></text>
 </vars2>
 <correctness>
  <text><![CDATA[_relerr < 0.01]]></text>
 </correctness>
 <unitpenalty>
  <text>1</text>
 </unitpenalty>
 <postunit>
  <text></text>
 </postunit>
 <ruleid>
  <text>1</text>
 </ruleid>
 <otherrule>
  <text></text>
 </otherrule>
 <subqtext format="html">
<text><![CDATA[<p>Výsledek: {_0}<br></p>]]></text>
 </subqtext>
 <feedback format="html">
<text></text>
 </feedback>
 <correctfeedback format="html">
<text></text>
 </correctfeedback>
 <partiallycorrectfeedback format="html">
<text></text>
 </partiallycorrectfeedback>
 <incorrectfeedback format="html">
<text></text>
 </incorrectfeedback>
</answers>
  </question>

</quiz>