<?xml version="1.0" encoding="UTF-8"?>
<quiz>
<!-- question: 0  -->
  <question type="category">
    <category>
      <text>$course$/top/Výchozí v B192-2011068</text>
    </category>
    <info format="html">
      <text><![CDATA[Výchozí kategorie pro úlohy sdílené v kontextu "B192-2011068".]]></text>
    </info>
    <idnumber></idnumber>
  </question>

<!-- question: 0  -->
  <question type="category">
    <category>
      <text>$course$/top/Výchozí v B192-2011068/OM/Téma 3/F(x,y,z)=0</text>
    </category>
    <info format="html">
      <text>Funkce dvou proměnných, zadaná implicitně.</text>
    </info>
    <idnumber></idnumber>
  </question>

<!-- question: 132994  -->
  <question type="formulas">
    <name>
      <text>a. F(x,y,z)=0</text>
    </name>
    <questiontext format="html">
      <text><![CDATA[<p>Funkce dvou proměnných \(h(x,y)\) je v okolí bodu [{x}, {y}, {z}] zadaná rovnicí \(F(x, y, z) = 0\): \( \displaystyle 4x^2 +2y^2-3z^2 +xy-yz+x-4=0\)<br></p>]]></text>
    </questiontext>
    <generalfeedback format="html">
      <text></text>
    </generalfeedback>
    <defaultgrade>3.0000000</defaultgrade>
    <penalty>0.3333333</penalty>
    <hidden>0</hidden>
    <idnumber></idnumber>
    <correctfeedback format="html">
      <text>Vaše odpověď je správná.</text>
    </correctfeedback>
    <partiallycorrectfeedback format="html">
      <text>Vaše odpověď je částečně správná.</text>
    </partiallycorrectfeedback>
    <incorrectfeedback format="html">
      <text>Vaše odpověď je chybná.</text>
    </incorrectfeedback>
    <shownumcorrect/>
<varsrandom><text></text>
</varsrandom>
<varsglobal><text>x=1; y=1; z=1; 
hx=1.4286;
hy= 0.5714;
Fx= 10 ; 
Fy=4  ;
Fz=-7;
ds=1.3143;
s1=3; s2=4;</text>
</varsglobal>
<answernumbering><text>abc</text>
</answernumbering>
<answers>
 <partindex>
  <text>0</text>
 </partindex>
 <placeholder>
  <text></text>
 </placeholder>
 <answermark>
  <text>1</text>
 </answermark>
 <answertype>
  <text>10</text>
 </answertype>
 <numbox>
  <text>2</text>
 </numbox>
 <vars1>
  <text></text>
 </vars1>
 <answer>
  <text>[hx, hy]</text>
 </answer>
 <vars2>
  <text></text>
 </vars2>
 <correctness>
  <text><![CDATA[_relerr < 0.01]]></text>
 </correctness>
 <unitpenalty>
  <text>1</text>
 </unitpenalty>
 <postunit>
  <text></text>
 </postunit>
 <ruleid>
  <text>1</text>
 </ruleid>
 <otherrule>
  <text></text>
 </otherrule>
 <subqtext format="html">
<text><![CDATA[<p>Určete parciální derivace 1. řádu funkce \(h(x,y)\) v bodě [{x},{y}] (z = h({x},{y})= {z}). <br></p><p>\( \displaystyle \frac{\partial h}{\partial x} = \){_0} <br></p><p>\( \displaystyle \frac{\partial h}{\partial y} = \){_1}</p>]]></text>
 </subqtext>
 <feedback format="html">
<text></text>
 </feedback>
 <correctfeedback format="html">
<text></text>
 </correctfeedback>
 <partiallycorrectfeedback format="html">
<text></text>
 </partiallycorrectfeedback>
 <incorrectfeedback format="html">
<text></text>
 </incorrectfeedback>
</answers>
<answers>
 <partindex>
  <text>1</text>
 </partindex>
 <placeholder>
  <text></text>
 </placeholder>
 <answermark>
  <text>1</text>
 </answermark>
 <answertype>
  <text>10</text>
 </answertype>
 <numbox>
  <text>5</text>
 </numbox>
 <vars1>
  <text></text>
 </vars1>
 <answer>
  <text>[hx, hy, Fx, Fy, Fz]</text>
 </answer>
 <vars2>
  <text></text>
 </vars2>
 <correctness>
  <text><![CDATA[_relerr < 0.01]]></text>
 </correctness>
 <unitpenalty>
  <text>1</text>
 </unitpenalty>
 <postunit>
  <text></text>
 </postunit>
 <ruleid>
  <text>1</text>
 </ruleid>
 <otherrule>
  <text></text>
 </otherrule>
 <subqtext format="html">
<text><![CDATA[<p>Doplňte konstanty do rovnice tečné roviny ke grafu funkce \(h(x,y)\) v bodě dotyku [{x},{y},{z}].</p><p>Rovnice tečné roviny \(\tau \) uvažujte ve tvaru:<br></p><p><b>a)</b>\(&nbsp; z-z_0 = \displaystyle\frac{\partial h}{\partial x}(x-x_0) + \frac{\partial h}{\partial y}(x-y_0) \)</p><p>&nbsp;z-{z} \(=\) {_0}(x-{x}) + {_1}(y-{y}) <br></p><p><b>b</b>)\(\displaystyle F_x(x-x_0) + F_y(y-y_0) + F_z(z-z_0) = 0\)</p><p>&nbsp;{_2}(x-{x}) + {_3}(y-{y}) + {_4}(z-{z}) = 0<br></p>]]></text>
 </subqtext>
 <feedback format="html">
<text></text>
 </feedback>
 <correctfeedback format="html">
<text></text>
 </correctfeedback>
 <partiallycorrectfeedback format="html">
<text></text>
 </partiallycorrectfeedback>
 <incorrectfeedback format="html">
<text></text>
 </incorrectfeedback>
</answers>
<answers>
 <partindex>
  <text>2</text>
 </partindex>
 <placeholder>
  <text></text>
 </placeholder>
 <answermark>
  <text>1</text>
 </answermark>
 <answertype>
  <text>10</text>
 </answertype>
 <numbox>
  <text>1</text>
 </numbox>
 <vars1>
  <text></text>
 </vars1>
 <answer>
  <text>ds</text>
 </answer>
 <vars2>
  <text></text>
 </vars2>
 <correctness>
  <text><![CDATA[_relerr < 0.01]]></text>
 </correctness>
 <unitpenalty>
  <text>1</text>
 </unitpenalty>
 <postunit>
  <text></text>
 </postunit>
 <ruleid>
  <text>1</text>
 </ruleid>
 <otherrule>
  <text></text>
 </otherrule>
 <subqtext format="html">
<text><![CDATA[<p>Určete derivaci funkce \(h(x,y) \) v bodě [{x},{y}] ve směru \(\vec{s} = ({s1}, {s2}) \). <br></p><p>\( \displaystyle \frac{\partial h({x},{y})}{\partial \vec s} = \) {_0}</p>]]></text>
 </subqtext>
 <feedback format="html">
<text></text>
 </feedback>
 <correctfeedback format="html">
<text></text>
 </correctfeedback>
 <partiallycorrectfeedback format="html">
<text></text>
 </partiallycorrectfeedback>
 <incorrectfeedback format="html">
<text></text>
 </incorrectfeedback>
</answers>
  </question>

<!-- question: 132995  -->
  <question type="formulas">
    <name>
      <text>b. F(x,y,z)=0</text>
    </name>
    <questiontext format="html">
      <text><![CDATA[<p>Funkce dvou proměnných \(h(x,y)\) je v okolí bodu [{x}, {y}, {z}] zadaná rovnicí \(F(x, y, z) = 0\): \( \displaystyle\frac xz - \ln \frac zy -1 =0\)</p>]]></text>
    </questiontext>
    <generalfeedback format="html">
      <text></text>
    </generalfeedback>
    <defaultgrade>3.0000000</defaultgrade>
    <penalty>0.3333333</penalty>
    <hidden>0</hidden>
    <idnumber></idnumber>
    <correctfeedback format="html">
      <text>Vaše odpověď je správná.</text>
    </correctfeedback>
    <partiallycorrectfeedback format="html">
      <text>Vaše odpověď je částečně správná.</text>
    </partiallycorrectfeedback>
    <incorrectfeedback format="html">
      <text>Vaše odpověď je chybná.</text>
    </incorrectfeedback>
    <shownumcorrect/>
<varsrandom><text></text>
</varsrandom>
<varsglobal><text>x=1;y=1;z=1; sx=3;sy=4;
Fx= 1;     Fy=1 ;   Fz=-2;
hx =0.5000;
hy = 0.5000;
ds =0.7000;</text>
</varsglobal>
<answernumbering><text>abc</text>
</answernumbering>
<answers>
 <partindex>
  <text>0</text>
 </partindex>
 <placeholder>
  <text></text>
 </placeholder>
 <answermark>
  <text>1</text>
 </answermark>
 <answertype>
  <text>10</text>
 </answertype>
 <numbox>
  <text>2</text>
 </numbox>
 <vars1>
  <text></text>
 </vars1>
 <answer>
  <text>[hx, hy]</text>
 </answer>
 <vars2>
  <text></text>
 </vars2>
 <correctness>
  <text><![CDATA[_relerr < 0.01]]></text>
 </correctness>
 <unitpenalty>
  <text>1</text>
 </unitpenalty>
 <postunit>
  <text></text>
 </postunit>
 <ruleid>
  <text>1</text>
 </ruleid>
 <otherrule>
  <text></text>
 </otherrule>
 <subqtext format="html">
<text><![CDATA[<p>Určete parciální derivace 1. řádu funkce \(h(x,y)\) v bodě [{x},{y}] (z = h({x},{y})= {z}).  <br>\( \displaystyle \frac{\partial h}{\partial x} = \){_0}  <br>\( \displaystyle \frac{\partial h}{\partial y} = \){_1}<br><br></p>]]></text>
 </subqtext>
 <feedback format="html">
<text></text>
 </feedback>
 <correctfeedback format="html">
<text></text>
 </correctfeedback>
 <partiallycorrectfeedback format="html">
<text></text>
 </partiallycorrectfeedback>
 <incorrectfeedback format="html">
<text></text>
 </incorrectfeedback>
</answers>
<answers>
 <partindex>
  <text>1</text>
 </partindex>
 <placeholder>
  <text></text>
 </placeholder>
 <answermark>
  <text>1</text>
 </answermark>
 <answertype>
  <text>10</text>
 </answertype>
 <numbox>
  <text>5</text>
 </numbox>
 <vars1>
  <text></text>
 </vars1>
 <answer>
  <text>[ hx, hy, Fx, Fy, Fz]</text>
 </answer>
 <vars2>
  <text></text>
 </vars2>
 <correctness>
  <text><![CDATA[_relerr < 0.01]]></text>
 </correctness>
 <unitpenalty>
  <text>1</text>
 </unitpenalty>
 <postunit>
  <text></text>
 </postunit>
 <ruleid>
  <text>1</text>
 </ruleid>
 <otherrule>
  <text></text>
 </otherrule>
 <subqtext format="html">
<text><![CDATA[<p>Doplňte konstanty do rovnice tečné roviny ke grafu funkce \(h(x,y)\) v bodě dotyku [{x},{y},{z}].<br>Rovnice tečné roviny \(\tau \) uvažujte ve tvaru: <br><b>a)</b>\(&nbsp; z-z_0 = \displaystyle\frac{\partial h}{\partial x}(x-x_0) + \frac{\partial h}{\partial y}(x-y_0) \)<br>&nbsp;z-{z} \(=\) {_0}(x-{x}) + {_1}(y-{y})  <br><b>b)</b>\(\displaystyle F_x(x-x_0) + F_y(y-y_0) + F_z(z-z_0) = 0\)<br>&nbsp;{_2}(x-{x}) + {_3}(y-{y}) + {_4}(z-{z}) = 0<br></p>]]></text>
 </subqtext>
 <feedback format="html">
<text></text>
 </feedback>
 <correctfeedback format="html">
<text></text>
 </correctfeedback>
 <partiallycorrectfeedback format="html">
<text></text>
 </partiallycorrectfeedback>
 <incorrectfeedback format="html">
<text></text>
 </incorrectfeedback>
</answers>
<answers>
 <partindex>
  <text>2</text>
 </partindex>
 <placeholder>
  <text></text>
 </placeholder>
 <answermark>
  <text>1</text>
 </answermark>
 <answertype>
  <text>10</text>
 </answertype>
 <numbox>
  <text>1</text>
 </numbox>
 <vars1>
  <text></text>
 </vars1>
 <answer>
  <text>ds</text>
 </answer>
 <vars2>
  <text></text>
 </vars2>
 <correctness>
  <text><![CDATA[_relerr < 0.01]]></text>
 </correctness>
 <unitpenalty>
  <text>1</text>
 </unitpenalty>
 <postunit>
  <text></text>
 </postunit>
 <ruleid>
  <text>1</text>
 </ruleid>
 <otherrule>
  <text></text>
 </otherrule>
 <subqtext format="html">
<text><![CDATA[<p>Určete derivaci funkce \(h(x,y) \) v bodě [{x},{y}] ve směru \(\vec{s} = ({sx}, {sy}) \).  <br>\( \displaystyle \frac{\partial h({x},{y})}{\partial \vec s} = \) {_0}<br></p>]]></text>
 </subqtext>
 <feedback format="html">
<text></text>
 </feedback>
 <correctfeedback format="html">
<text></text>
 </correctfeedback>
 <partiallycorrectfeedback format="html">
<text></text>
 </partiallycorrectfeedback>
 <incorrectfeedback format="html">
<text></text>
 </incorrectfeedback>
</answers>
  </question>

<!-- question: 132996  -->
  <question type="formulas">
    <name>
      <text>c. F(x,y,z)=0</text>
    </name>
    <questiontext format="html">
      <text><![CDATA[<p>Funkce dvou proměnných \(h(x,y)\) je v okolí bodu [{x}, {y1}, {z}] zadaná rovnicí \(F(x, y, z) = 0\): \( \displaystyle -z+x+{\rm arctg}\ \frac{y}{z-x}+1=0\)</p>]]></text>
    </questiontext>
    <generalfeedback format="html">
      <text></text>
    </generalfeedback>
    <defaultgrade>3.0000000</defaultgrade>
    <penalty>0.3333333</penalty>
    <hidden>0</hidden>
    <idnumber></idnumber>
    <correctfeedback format="html">
      <text>Vaše odpověď je správná.</text>
    </correctfeedback>
    <partiallycorrectfeedback format="html">
      <text>Vaše odpověď je částečně správná.</text>
    </partiallycorrectfeedback>
    <incorrectfeedback format="html">
      <text>Vaše odpověď je chybná.</text>
    </incorrectfeedback>
    <shownumcorrect/>
<varsrandom><text></text>
</varsrandom>
<varsglobal><text>x=1;y1=0;z=2;
Fx =1;Fy =1;Fz =-1;
hx =1; hy =1;
sx= 3;     sy=4;
ds =1.4000;</text>
</varsglobal>
<answernumbering><text>abc</text>
</answernumbering>
<answers>
 <partindex>
  <text>0</text>
 </partindex>
 <placeholder>
  <text></text>
 </placeholder>
 <answermark>
  <text>1</text>
 </answermark>
 <answertype>
  <text>0</text>
 </answertype>
 <numbox>
  <text>2</text>
 </numbox>
 <vars1>
  <text></text>
 </vars1>
 <answer>
  <text>[hx, hy]</text>
 </answer>
 <vars2>
  <text></text>
 </vars2>
 <correctness>
  <text><![CDATA[_relerr < 0.01]]></text>
 </correctness>
 <unitpenalty>
  <text>1</text>
 </unitpenalty>
 <postunit>
  <text></text>
 </postunit>
 <ruleid>
  <text>1</text>
 </ruleid>
 <otherrule>
  <text></text>
 </otherrule>
 <subqtext format="html">
<text><![CDATA[<p>Určete parciální derivace 1. řádu funkce \(h(x,y)\) v bodě [{x},{y1}] (z = h({x},{y1})= {z}). <br></p><p>\( \displaystyle \frac{\partial h}{\partial x} = \){_0} <br></p><p>\( \displaystyle \frac{\partial h}{\partial y} = \){_1}<br></p>]]></text>
 </subqtext>
 <feedback format="html">
<text></text>
 </feedback>
 <correctfeedback format="html">
<text></text>
 </correctfeedback>
 <partiallycorrectfeedback format="html">
<text></text>
 </partiallycorrectfeedback>
 <incorrectfeedback format="html">
<text></text>
 </incorrectfeedback>
</answers>
<answers>
 <partindex>
  <text>1</text>
 </partindex>
 <placeholder>
  <text></text>
 </placeholder>
 <answermark>
  <text>1</text>
 </answermark>
 <answertype>
  <text>0</text>
 </answertype>
 <numbox>
  <text>5</text>
 </numbox>
 <vars1>
  <text></text>
 </vars1>
 <answer>
  <text>[ hx, hy, Fx, Fy, Fz]</text>
 </answer>
 <vars2>
  <text></text>
 </vars2>
 <correctness>
  <text><![CDATA[_relerr < 0.01]]></text>
 </correctness>
 <unitpenalty>
  <text>1</text>
 </unitpenalty>
 <postunit>
  <text></text>
 </postunit>
 <ruleid>
  <text>1</text>
 </ruleid>
 <otherrule>
  <text></text>
 </otherrule>
 <subqtext format="html">
<text><![CDATA[<p>Doplňte konstanty do rovnice tečné roviny ke grafu funkce \(h(x,y)\) v bodě dotyku [{x},{y1},{z}].<br>Rovnice tečné roviny \(\tau \) uvažujte ve tvaru: <br><b>a)</b>\(&nbsp; z-z_0 = \displaystyle\frac{\partial h}{\partial x}(x-x_0) + \frac{\partial h}{\partial y}(x-y_0) \)<br>&nbsp;z-{z} \(=\) {_0}(x-{x}) + {_1}(y-{y1})  <br><b>b)</b>\(\displaystyle F_x(x-x_0) + F_y(y-y_0) + F_z(z-z_0) = 0\)<br>&nbsp;{_2}(x-{x}) + {_3}(y-{y1}) + {_4}(z-{z}) = 0<br></p>]]></text>
 </subqtext>
 <feedback format="html">
<text></text>
 </feedback>
 <correctfeedback format="html">
<text></text>
 </correctfeedback>
 <partiallycorrectfeedback format="html">
<text></text>
 </partiallycorrectfeedback>
 <incorrectfeedback format="html">
<text></text>
 </incorrectfeedback>
</answers>
<answers>
 <partindex>
  <text>2</text>
 </partindex>
 <placeholder>
  <text></text>
 </placeholder>
 <answermark>
  <text>1</text>
 </answermark>
 <answertype>
  <text>10</text>
 </answertype>
 <numbox>
  <text>1</text>
 </numbox>
 <vars1>
  <text></text>
 </vars1>
 <answer>
  <text>ds</text>
 </answer>
 <vars2>
  <text></text>
 </vars2>
 <correctness>
  <text><![CDATA[_relerr < 0.01]]></text>
 </correctness>
 <unitpenalty>
  <text>1</text>
 </unitpenalty>
 <postunit>
  <text></text>
 </postunit>
 <ruleid>
  <text>1</text>
 </ruleid>
 <otherrule>
  <text></text>
 </otherrule>
 <subqtext format="html">
<text><![CDATA[<p>Určete derivaci funkce \(h(x,y) \) v bodě [{x},{y}] ve směru \(\vec{s} = ({sx}, {sy}) \).</p><p>\( \displaystyle \frac{\partial h({x},{y1})}{\partial \vec s} = \) {_0}<br></p>]]></text>
 </subqtext>
 <feedback format="html">
<text></text>
 </feedback>
 <correctfeedback format="html">
<text></text>
 </correctfeedback>
 <partiallycorrectfeedback format="html">
<text></text>
 </partiallycorrectfeedback>
 <incorrectfeedback format="html">
<text></text>
 </incorrectfeedback>
</answers>
  </question>

<!-- question: 132997  -->
  <question type="formulas">
    <name>
      <text>d. F(x,y,z)=0</text>
    </name>
    <questiontext format="html">
      <text><![CDATA[<p>Funkce dvou proměnných \(h(x,y)\) je v okolí bodu [{x}, {y}, {z}] zadaná rovnicí \(F(x, y, z) = 0\): \( \displaystyle z^3-xz +y = 0\)</p>]]></text>
    </questiontext>
    <generalfeedback format="html">
      <text></text>
    </generalfeedback>
    <defaultgrade>3.0000000</defaultgrade>
    <penalty>0.3333333</penalty>
    <hidden>0</hidden>
    <idnumber></idnumber>
    <correctfeedback format="html">
      <text>Vaše odpověď je správná.</text>
    </correctfeedback>
    <partiallycorrectfeedback format="html">
      <text>Vaše odpověď je částečně správná.</text>
    </partiallycorrectfeedback>
    <incorrectfeedback format="html">
      <text>Vaše odpověď je chybná.</text>
    </incorrectfeedback>
    <shownumcorrect/>
<varsrandom><text></text>
</varsrandom>
<varsglobal><text>x=3; 
y=-2; 
z=2;
Fx =-2;
Fy =1;
Fz =9;
hx =0.2222;
hy =-0.1111;
sx = 3; 
sy= 4;
ds =0.0444;</text>
</varsglobal>
<answernumbering><text>abc</text>
</answernumbering>
<answers>
 <partindex>
  <text>0</text>
 </partindex>
 <placeholder>
  <text></text>
 </placeholder>
 <answermark>
  <text>1</text>
 </answermark>
 <answertype>
  <text>10</text>
 </answertype>
 <numbox>
  <text>2</text>
 </numbox>
 <vars1>
  <text></text>
 </vars1>
 <answer>
  <text>[hx, hy]</text>
 </answer>
 <vars2>
  <text></text>
 </vars2>
 <correctness>
  <text><![CDATA[_relerr < 0.01]]></text>
 </correctness>
 <unitpenalty>
  <text>1</text>
 </unitpenalty>
 <postunit>
  <text></text>
 </postunit>
 <ruleid>
  <text>1</text>
 </ruleid>
 <otherrule>
  <text></text>
 </otherrule>
 <subqtext format="html">
<text><![CDATA[<p>Určete parciální derivace 1. řádu funkce \(h(x,y)\) v bodě [{x},{y}] (z = h({x},{y})= {z}).  <br>\( \displaystyle \frac{\partial h}{\partial x} = \){_0}  <br>\( \displaystyle \frac{\partial h}{\partial y} = \){_1}<br></p>]]></text>
 </subqtext>
 <feedback format="html">
<text></text>
 </feedback>
 <correctfeedback format="html">
<text></text>
 </correctfeedback>
 <partiallycorrectfeedback format="html">
<text></text>
 </partiallycorrectfeedback>
 <incorrectfeedback format="html">
<text></text>
 </incorrectfeedback>
</answers>
<answers>
 <partindex>
  <text>1</text>
 </partindex>
 <placeholder>
  <text></text>
 </placeholder>
 <answermark>
  <text>1</text>
 </answermark>
 <answertype>
  <text>10</text>
 </answertype>
 <numbox>
  <text>5</text>
 </numbox>
 <vars1>
  <text></text>
 </vars1>
 <answer>
  <text>[ hx, hy, Fx, Fy, Fz]</text>
 </answer>
 <vars2>
  <text></text>
 </vars2>
 <correctness>
  <text><![CDATA[_relerr < 0.01]]></text>
 </correctness>
 <unitpenalty>
  <text>1</text>
 </unitpenalty>
 <postunit>
  <text></text>
 </postunit>
 <ruleid>
  <text>1</text>
 </ruleid>
 <otherrule>
  <text></text>
 </otherrule>
 <subqtext format="html">
<text><![CDATA[<p>Doplňte konstanty do rovnice tečné roviny ke grafu funkce \(h(x,y)\) v bodě dotyku [{x},{y},{z}].<br>Rovnice tečné roviny \(\tau \) uvažujte ve tvaru: <br><b>a)</b>\(&nbsp; z-z_0 = \displaystyle\frac{\partial h}{\partial x}(x-x_0) + \frac{\partial h}{\partial y}(x-y_0) \)<br>&nbsp;z-{z} \(=\) {_0}(x-{x}) + {_1}(y-({y}))  <br><b>b)</b>\(\displaystyle F_x(x-x_0) + F_y(y-y_0) + F_z(z-z_0) = 0\)<br>&nbsp;{_2}(x-{x}) + {_3}(y-({y})) + {_4}(z-{z}) = 0<br><br></p>]]></text>
 </subqtext>
 <feedback format="html">
<text></text>
 </feedback>
 <correctfeedback format="html">
<text></text>
 </correctfeedback>
 <partiallycorrectfeedback format="html">
<text></text>
 </partiallycorrectfeedback>
 <incorrectfeedback format="html">
<text></text>
 </incorrectfeedback>
</answers>
<answers>
 <partindex>
  <text>2</text>
 </partindex>
 <placeholder>
  <text></text>
 </placeholder>
 <answermark>
  <text>1</text>
 </answermark>
 <answertype>
  <text>10</text>
 </answertype>
 <numbox>
  <text>1</text>
 </numbox>
 <vars1>
  <text></text>
 </vars1>
 <answer>
  <text>ds</text>
 </answer>
 <vars2>
  <text></text>
 </vars2>
 <correctness>
  <text><![CDATA[_relerr < 0.01]]></text>
 </correctness>
 <unitpenalty>
  <text>1</text>
 </unitpenalty>
 <postunit>
  <text></text>
 </postunit>
 <ruleid>
  <text>1</text>
 </ruleid>
 <otherrule>
  <text></text>
 </otherrule>
 <subqtext format="html">
<text><![CDATA[<p>Určete derivaci funkce \(h(x,y) \) v bodě [{x},{y}] ve směru \(\vec{s} = ({sx}, {sy}) \).  <br>\( \displaystyle \frac{\partial h({x},{y})}{\partial \vec s} = \) {_0}<br><br></p>]]></text>
 </subqtext>
 <feedback format="html">
<text></text>
 </feedback>
 <correctfeedback format="html">
<text></text>
 </correctfeedback>
 <partiallycorrectfeedback format="html">
<text></text>
 </partiallycorrectfeedback>
 <incorrectfeedback format="html">
<text></text>
 </incorrectfeedback>
</answers>
  </question>

<!-- question: 132998  -->
  <question type="formulas">
    <name>
      <text>e. F(x,y,z)=0</text>
    </name>
    <questiontext format="html">
      <text><![CDATA[<p>Funkce dvou proměnných \(h(x,y)\) je v okolí bodu [{x}, {y}, {z}] zadaná rovnicí \(F(x, y, z) = 0\): \( \displaystyle{\rm e}^{x^2y + 2y^2z +3 xz^2} - 1 = 0 \)</p>]]></text>
    </questiontext>
    <generalfeedback format="html">
      <text></text>
    </generalfeedback>
    <defaultgrade>3.0000000</defaultgrade>
    <penalty>0.3333333</penalty>
    <hidden>0</hidden>
    <idnumber></idnumber>
    <correctfeedback format="html">
      <text>Vaše odpověď je správná.</text>
    </correctfeedback>
    <partiallycorrectfeedback format="html">
      <text>Vaše odpověď je částečně správná.</text>
    </partiallycorrectfeedback>
    <incorrectfeedback format="html">
      <text>Vaše odpověď je chybná.</text>
    </incorrectfeedback>
    <shownumcorrect/>
<varsrandom><text></text>
</varsrandom>
<varsglobal><text>x=-1;y=1;z=1;
Fx =1;
Fy =5;
Fz =-4;
hx =0.2500;
hy =1.2500;
sx =3;    sy= 4;
hs =1.1500;</text>
</varsglobal>
<answernumbering><text>abc</text>
</answernumbering>
<answers>
 <partindex>
  <text>0</text>
 </partindex>
 <placeholder>
  <text></text>
 </placeholder>
 <answermark>
  <text>1</text>
 </answermark>
 <answertype>
  <text>10</text>
 </answertype>
 <numbox>
  <text>2</text>
 </numbox>
 <vars1>
  <text></text>
 </vars1>
 <answer>
  <text>[hx, hy]</text>
 </answer>
 <vars2>
  <text></text>
 </vars2>
 <correctness>
  <text><![CDATA[_relerr < 0.01]]></text>
 </correctness>
 <unitpenalty>
  <text>1</text>
 </unitpenalty>
 <postunit>
  <text></text>
 </postunit>
 <ruleid>
  <text>1</text>
 </ruleid>
 <otherrule>
  <text></text>
 </otherrule>
 <subqtext format="html">
<text><![CDATA[<p>Určete parciální derivace 1. řádu funkce \(h(x,y)\) v bodě [{x},{y}] (z = h({x},{y})= {z}).  <br>\( \displaystyle \frac{\partial h}{\partial x} = \){_0}  <br>\( \displaystyle \frac{\partial h}{\partial y} = \){_1}<br><br></p>]]></text>
 </subqtext>
 <feedback format="html">
<text></text>
 </feedback>
 <correctfeedback format="html">
<text></text>
 </correctfeedback>
 <partiallycorrectfeedback format="html">
<text></text>
 </partiallycorrectfeedback>
 <incorrectfeedback format="html">
<text></text>
 </incorrectfeedback>
</answers>
<answers>
 <partindex>
  <text>1</text>
 </partindex>
 <placeholder>
  <text></text>
 </placeholder>
 <answermark>
  <text>1</text>
 </answermark>
 <answertype>
  <text>10</text>
 </answertype>
 <numbox>
  <text>5</text>
 </numbox>
 <vars1>
  <text></text>
 </vars1>
 <answer>
  <text>[ hx, hy, Fx, Fy, Fz]</text>
 </answer>
 <vars2>
  <text></text>
 </vars2>
 <correctness>
  <text><![CDATA[_relerr < 0.01]]></text>
 </correctness>
 <unitpenalty>
  <text>1</text>
 </unitpenalty>
 <postunit>
  <text></text>
 </postunit>
 <ruleid>
  <text>1</text>
 </ruleid>
 <otherrule>
  <text></text>
 </otherrule>
 <subqtext format="html">
<text><![CDATA[<p>Doplňte konstanty do rovnice tečné roviny ke grafu funkce \(h(x,y)\) v bodě dotyku [{x},{y},{z}].<br>Rovnice tečné roviny \(\tau \) uvažujte ve tvaru: <br><b>a)</b>\(&nbsp; z-z_0 = \displaystyle\frac{\partial h}{\partial x}(x-x_0) + \frac{\partial h}{\partial y}(x-y_0) \)<br>&nbsp;z-{z} \(=\) {_0}(x-({x})) + {_1}(y-{y})  <br><b>b)</b>\(\displaystyle F_x(x-x_0) + F_y(y-y_0) + F_z(z-z_0) = 0\)<br>&nbsp;{_2}(x-({x})) + {_3}(y-{y}) + {_4}(z-{z}) = 0<br></p>]]></text>
 </subqtext>
 <feedback format="html">
<text></text>
 </feedback>
 <correctfeedback format="html">
<text></text>
 </correctfeedback>
 <partiallycorrectfeedback format="html">
<text></text>
 </partiallycorrectfeedback>
 <incorrectfeedback format="html">
<text></text>
 </incorrectfeedback>
</answers>
<answers>
 <partindex>
  <text>2</text>
 </partindex>
 <placeholder>
  <text></text>
 </placeholder>
 <answermark>
  <text>1</text>
 </answermark>
 <answertype>
  <text>10</text>
 </answertype>
 <numbox>
  <text>1</text>
 </numbox>
 <vars1>
  <text></text>
 </vars1>
 <answer>
  <text>hs</text>
 </answer>
 <vars2>
  <text></text>
 </vars2>
 <correctness>
  <text><![CDATA[_relerr < 0.01]]></text>
 </correctness>
 <unitpenalty>
  <text>1</text>
 </unitpenalty>
 <postunit>
  <text></text>
 </postunit>
 <ruleid>
  <text>1</text>
 </ruleid>
 <otherrule>
  <text></text>
 </otherrule>
 <subqtext format="html">
<text><![CDATA[<p>Určete derivaci funkce \(h(x,y) \) v bodě [{x},{y}] ve směru \(\vec{s} = ({sx}, {sy}) \).  <br>\( \displaystyle \frac{\partial h({x},{y})}{\partial \vec s} = \) {_0}<br></p>]]></text>
 </subqtext>
 <feedback format="html">
<text></text>
 </feedback>
 <correctfeedback format="html">
<text></text>
 </correctfeedback>
 <partiallycorrectfeedback format="html">
<text></text>
 </partiallycorrectfeedback>
 <incorrectfeedback format="html">
<text></text>
 </incorrectfeedback>
</answers>
  </question>

<!-- question: 132999  -->
  <question type="formulas">
    <name>
      <text>f. F(x,y,z)=0</text>
    </name>
    <questiontext format="html">
      <text><![CDATA[<p>Funkce dvou proměnných \(h(x,y)\) je v okolí bodu [{x}, {y}, {z}] zadaná rovnicí \(F(x, y, z) = 0\): \( \displaystyle \ln(x^2y^3 + z^4) - 4 =0\)</p>]]></text>
    </questiontext>
    <generalfeedback format="html">
      <text></text>
    </generalfeedback>
    <defaultgrade>3.0000000</defaultgrade>
    <penalty>0.3333333</penalty>
    <hidden>0</hidden>
    <idnumber></idnumber>
    <correctfeedback format="html">
      <text>Vaše odpověď je správná.</text>
    </correctfeedback>
    <partiallycorrectfeedback format="html">
      <text>Vaše odpověď je částečně správná.</text>
    </partiallycorrectfeedback>
    <incorrectfeedback format="html">
      <text>Vaše odpověď je chybná.</text>
    </incorrectfeedback>
    <shownumcorrect/>
<varsrandom><text></text>
</varsrandom>
<varsglobal><text>x=0; y=0; z=2.7183;
Fx =0;
Fy =0;
Fz =1.4715;
hx =0;
hy =0;     
sx =  3;    sy= 4;
hs =0;
</text>
</varsglobal>
<answernumbering><text>abc</text>
</answernumbering>
<answers>
 <partindex>
  <text>0</text>
 </partindex>
 <placeholder>
  <text></text>
 </placeholder>
 <answermark>
  <text>1</text>
 </answermark>
 <answertype>
  <text>0</text>
 </answertype>
 <numbox>
  <text>2</text>
 </numbox>
 <vars1>
  <text></text>
 </vars1>
 <answer>
  <text>[hx, hy]</text>
 </answer>
 <vars2>
  <text></text>
 </vars2>
 <correctness>
  <text><![CDATA[_relerr < 0.01]]></text>
 </correctness>
 <unitpenalty>
  <text>1</text>
 </unitpenalty>
 <postunit>
  <text></text>
 </postunit>
 <ruleid>
  <text>1</text>
 </ruleid>
 <otherrule>
  <text></text>
 </otherrule>
 <subqtext format="html">
<text><![CDATA[<p>Určete parciální derivace 1. řádu funkce \(h(x,y)\) v bodě [{x},{y}] (z = h({x},{y})= {z}).  <br>\( \displaystyle \frac{\partial h}{\partial x} = \){_0}  <br>\( \displaystyle \frac{\partial h}{\partial y} = \){_1}<br><br></p>]]></text>
 </subqtext>
 <feedback format="html">
<text></text>
 </feedback>
 <correctfeedback format="html">
<text></text>
 </correctfeedback>
 <partiallycorrectfeedback format="html">
<text></text>
 </partiallycorrectfeedback>
 <incorrectfeedback format="html">
<text></text>
 </incorrectfeedback>
</answers>
<answers>
 <partindex>
  <text>1</text>
 </partindex>
 <placeholder>
  <text></text>
 </placeholder>
 <answermark>
  <text>1</text>
 </answermark>
 <answertype>
  <text>0</text>
 </answertype>
 <numbox>
  <text>5</text>
 </numbox>
 <vars1>
  <text></text>
 </vars1>
 <answer>
  <text>[ hx, hy, Fx, Fy, Fz]</text>
 </answer>
 <vars2>
  <text></text>
 </vars2>
 <correctness>
  <text><![CDATA[_relerr < 0.01]]></text>
 </correctness>
 <unitpenalty>
  <text>1</text>
 </unitpenalty>
 <postunit>
  <text></text>
 </postunit>
 <ruleid>
  <text>1</text>
 </ruleid>
 <otherrule>
  <text></text>
 </otherrule>
 <subqtext format="html">
<text><![CDATA[<p>Doplňte konstanty do rovnice tečné roviny ke grafu funkce \(h(x,y)\) v bodě dotyku [{x},{y},{z}].<br>Rovnice tečné roviny \(\tau \) uvažujte ve tvaru: <br>a)\(&nbsp; z-z_0 = \displaystyle\frac{\partial h}{\partial x}(x-x_0) + \frac{\partial h}{\partial y}(x-y_0) \)<br>&nbsp;z-{z} \(=\) {_0}(x-{x}) + {_1}(y-{y})  <br>b)\(\displaystyle F_x(x-x_0) + F_y(y-y_0) + F_z(z-z_0) = 0\)<br>&nbsp;{_2}(x-{x}) + {_3}(y-{y}) + {_4}(z-{z}) = 0<br><br></p>]]></text>
 </subqtext>
 <feedback format="html">
<text></text>
 </feedback>
 <correctfeedback format="html">
<text></text>
 </correctfeedback>
 <partiallycorrectfeedback format="html">
<text></text>
 </partiallycorrectfeedback>
 <incorrectfeedback format="html">
<text></text>
 </incorrectfeedback>
</answers>
<answers>
 <partindex>
  <text>2</text>
 </partindex>
 <placeholder>
  <text></text>
 </placeholder>
 <answermark>
  <text>1</text>
 </answermark>
 <answertype>
  <text>0</text>
 </answertype>
 <numbox>
  <text>1</text>
 </numbox>
 <vars1>
  <text></text>
 </vars1>
 <answer>
  <text>hs</text>
 </answer>
 <vars2>
  <text></text>
 </vars2>
 <correctness>
  <text><![CDATA[_relerr < 0.01]]></text>
 </correctness>
 <unitpenalty>
  <text>1</text>
 </unitpenalty>
 <postunit>
  <text></text>
 </postunit>
 <ruleid>
  <text>1</text>
 </ruleid>
 <otherrule>
  <text></text>
 </otherrule>
 <subqtext format="html">
<text><![CDATA[<p>Určete derivaci funkce \(h(x,y) \) v bodě [{x},{y}] ve směru \(\vec{s} = ({sx}, {sy}) \).  <br>\( \displaystyle \frac{\partial h({x},{y})}{\partial \vec s} = \) {_0}<br><br></p>]]></text>
 </subqtext>
 <feedback format="html">
<text></text>
 </feedback>
 <correctfeedback format="html">
<text></text>
 </correctfeedback>
 <partiallycorrectfeedback format="html">
<text></text>
 </partiallycorrectfeedback>
 <incorrectfeedback format="html">
<text></text>
 </incorrectfeedback>
</answers>
  </question>

<!-- question: 133000  -->
  <question type="formulas">
    <name>
      <text>g. F(x,y,z)=0</text>
    </name>
    <questiontext format="html">
      <text><![CDATA[<p>Funkce dvou proměnných \(h(x,y)\) je v okolí bodu [{x}, {y}, {z}] zadaná rovnicí \(F(x, y, z) = 0\): \( \displaystyle {\rm arctg}\ (x+y) + {\rm arctg}\ (y+z) - x - y - z =0\)</p>]]></text>
    </questiontext>
    <generalfeedback format="html">
      <text></text>
    </generalfeedback>
    <defaultgrade>3.0000000</defaultgrade>
    <penalty>0.3333333</penalty>
    <hidden>0</hidden>
    <idnumber></idnumber>
    <correctfeedback format="html">
      <text>Vaše odpověď je správná.</text>
    </correctfeedback>
    <partiallycorrectfeedback format="html">
      <text>Vaše odpověď je částečně správná.</text>
    </partiallycorrectfeedback>
    <incorrectfeedback format="html">
      <text>Vaše odpověď je chybná.</text>
    </incorrectfeedback>
    <shownumcorrect/>
<varsrandom><text></text>
</varsrandom>
<varsglobal><text>x=1;y=0;z=-1;
Fx = -0.5000;
Fy =0;
Fz =-0.5000;
hx =-1;
hy = 0;
sx =3 ;    sy=4;
hs =-0.6000</text>
</varsglobal>
<answernumbering><text>abc</text>
</answernumbering>
<answers>
 <partindex>
  <text>0</text>
 </partindex>
 <placeholder>
  <text></text>
 </placeholder>
 <answermark>
  <text>1</text>
 </answermark>
 <answertype>
  <text>0</text>
 </answertype>
 <numbox>
  <text>2</text>
 </numbox>
 <vars1>
  <text></text>
 </vars1>
 <answer>
  <text>[hx, hy]</text>
 </answer>
 <vars2>
  <text></text>
 </vars2>
 <correctness>
  <text><![CDATA[_relerr < 0.01]]></text>
 </correctness>
 <unitpenalty>
  <text>1</text>
 </unitpenalty>
 <postunit>
  <text></text>
 </postunit>
 <ruleid>
  <text>1</text>
 </ruleid>
 <otherrule>
  <text></text>
 </otherrule>
 <subqtext format="html">
<text><![CDATA[<p>Určete parciální derivace 1. řádu funkce \(h(x,y)\) v bodě [{x},{y}] (z = h({x},{y})= {z}).  <br>\( \displaystyle \frac{\partial h}{\partial x} = \){_0}  <br>\( \displaystyle \frac{\partial h}{\partial y} = \){_1}<br><br></p>]]></text>
 </subqtext>
 <feedback format="html">
<text></text>
 </feedback>
 <correctfeedback format="html">
<text></text>
 </correctfeedback>
 <partiallycorrectfeedback format="html">
<text></text>
 </partiallycorrectfeedback>
 <incorrectfeedback format="html">
<text></text>
 </incorrectfeedback>
</answers>
<answers>
 <partindex>
  <text>1</text>
 </partindex>
 <placeholder>
  <text></text>
 </placeholder>
 <answermark>
  <text>1</text>
 </answermark>
 <answertype>
  <text>0</text>
 </answertype>
 <numbox>
  <text>5</text>
 </numbox>
 <vars1>
  <text></text>
 </vars1>
 <answer>
  <text>[ hx, hy, Fx, Fy, Fz]</text>
 </answer>
 <vars2>
  <text></text>
 </vars2>
 <correctness>
  <text><![CDATA[_relerr < 0.01]]></text>
 </correctness>
 <unitpenalty>
  <text>1</text>
 </unitpenalty>
 <postunit>
  <text></text>
 </postunit>
 <ruleid>
  <text>1</text>
 </ruleid>
 <otherrule>
  <text></text>
 </otherrule>
 <subqtext format="html">
<text><![CDATA[<p>Doplňte konstanty do rovnice tečné roviny ke grafu funkce \(h(x,y)\) v bodě dotyku [{x},{y},{z}].<br>Rovnice tečné roviny \(\tau \) uvažujte ve tvaru: <br><b>a)</b>\(&nbsp; z-z_0 = \displaystyle\frac{\partial h}{\partial x}(x-x_0) + \frac{\partial h}{\partial y}(x-y_0) \)<br>&nbsp;z-({z}) \(=\) {_0}(x-{x}) + {_1}(y-{y})  <br><b>b)</b>\(\displaystyle F_x(x-x_0) + F_y(y-y_0) + F_z(z-z_0) = 0\)<br>&nbsp;{_2}(x-{x}) + {_3}(y-{y}) + {_4}(z-({z})) = 0<br></p>]]></text>
 </subqtext>
 <feedback format="html">
<text></text>
 </feedback>
 <correctfeedback format="html">
<text></text>
 </correctfeedback>
 <partiallycorrectfeedback format="html">
<text></text>
 </partiallycorrectfeedback>
 <incorrectfeedback format="html">
<text></text>
 </incorrectfeedback>
</answers>
<answers>
 <partindex>
  <text>2</text>
 </partindex>
 <placeholder>
  <text></text>
 </placeholder>
 <answermark>
  <text>1</text>
 </answermark>
 <answertype>
  <text>0</text>
 </answertype>
 <numbox>
  <text>1</text>
 </numbox>
 <vars1>
  <text></text>
 </vars1>
 <answer>
  <text>hs</text>
 </answer>
 <vars2>
  <text></text>
 </vars2>
 <correctness>
  <text><![CDATA[_relerr < 0.01]]></text>
 </correctness>
 <unitpenalty>
  <text>1</text>
 </unitpenalty>
 <postunit>
  <text></text>
 </postunit>
 <ruleid>
  <text>1</text>
 </ruleid>
 <otherrule>
  <text></text>
 </otherrule>
 <subqtext format="html">
<text><![CDATA[<p>Určete derivaci funkce \(h(x,y) \) v bodě [{x},{y}] ve směru \(\vec{s} = ({sx}, {sy}) \).  <br>\( \displaystyle \frac{\partial h({x},{y})}{\partial \vec s} = \) {_0}<br></p>]]></text>
 </subqtext>
 <feedback format="html">
<text></text>
 </feedback>
 <correctfeedback format="html">
<text></text>
 </correctfeedback>
 <partiallycorrectfeedback format="html">
<text></text>
 </partiallycorrectfeedback>
 <incorrectfeedback format="html">
<text></text>
 </incorrectfeedback>
</answers>
  </question>

<!-- question: 133001  -->
  <question type="formulas">
    <name>
      <text>h. F(x,y,z)=0</text>
    </name>
    <questiontext format="html">
      <text><![CDATA[<p>Funkce dvou proměnných \(h(x,y)\) je v okolí bodu [{x}, {y}, {z}] zadaná rovnicí \(F(x, y, z) = 0\): \( \displaystyle x^2yz^3 + z^4 - x^3y^3-16=0\)</p>]]></text>
    </questiontext>
    <generalfeedback format="html">
      <text></text>
    </generalfeedback>
    <defaultgrade>3.0000000</defaultgrade>
    <penalty>0.3333333</penalty>
    <hidden>0</hidden>
    <idnumber></idnumber>
    <correctfeedback format="html">
      <text>Vaše odpověď je správná.</text>
    </correctfeedback>
    <partiallycorrectfeedback format="html">
      <text>Vaše odpověď je částečně správná.</text>
    </partiallycorrectfeedback>
    <incorrectfeedback format="html">
      <text>Vaše odpověď je chybná.</text>
    </incorrectfeedback>
    <shownumcorrect/>
<varsrandom><text></text>
</varsrandom>
<varsglobal><text>x=3;y=0;z=-2;
Fx =0;
Fy =-72;
Fz =-32;
hx =0;
hy =-2.2500;
sx = 3;     sy=4;
hs =-1.8000;</text>
</varsglobal>
<answernumbering><text>abc</text>
</answernumbering>
<answers>
 <partindex>
  <text>0</text>
 </partindex>
 <placeholder>
  <text></text>
 </placeholder>
 <answermark>
  <text>1</text>
 </answermark>
 <answertype>
  <text>0</text>
 </answertype>
 <numbox>
  <text>2</text>
 </numbox>
 <vars1>
  <text></text>
 </vars1>
 <answer>
  <text>[hx, hy]</text>
 </answer>
 <vars2>
  <text></text>
 </vars2>
 <correctness>
  <text><![CDATA[_relerr < 0.01]]></text>
 </correctness>
 <unitpenalty>
  <text>1</text>
 </unitpenalty>
 <postunit>
  <text></text>
 </postunit>
 <ruleid>
  <text>1</text>
 </ruleid>
 <otherrule>
  <text></text>
 </otherrule>
 <subqtext format="html">
<text><![CDATA[<p>Určete parciální derivace 1. řádu funkce \(h(x,y)\) v bodě [{x},{y}] (z = h({x},{y})= {z}).  <br>\( \displaystyle \frac{\partial h}{\partial x} = \){_0}  <br>\( \displaystyle \frac{\partial h}{\partial y} = \){_1}<br></p>]]></text>
 </subqtext>
 <feedback format="html">
<text></text>
 </feedback>
 <correctfeedback format="html">
<text></text>
 </correctfeedback>
 <partiallycorrectfeedback format="html">
<text></text>
 </partiallycorrectfeedback>
 <incorrectfeedback format="html">
<text></text>
 </incorrectfeedback>
</answers>
<answers>
 <partindex>
  <text>1</text>
 </partindex>
 <placeholder>
  <text></text>
 </placeholder>
 <answermark>
  <text>1</text>
 </answermark>
 <answertype>
  <text>0</text>
 </answertype>
 <numbox>
  <text>5</text>
 </numbox>
 <vars1>
  <text></text>
 </vars1>
 <answer>
  <text>[ hx, hy, Fx, Fy, Fz]</text>
 </answer>
 <vars2>
  <text></text>
 </vars2>
 <correctness>
  <text><![CDATA[_relerr < 0.01]]></text>
 </correctness>
 <unitpenalty>
  <text>1</text>
 </unitpenalty>
 <postunit>
  <text></text>
 </postunit>
 <ruleid>
  <text>1</text>
 </ruleid>
 <otherrule>
  <text></text>
 </otherrule>
 <subqtext format="html">
<text><![CDATA[<p>Doplňte konstanty do rovnice tečné roviny ke grafu funkce \(h(x,y)\) v bodě dotyku [{x},{y},{z}].<br>Rovnice tečné roviny \(\tau \) uvažujte ve tvaru: <br><b>a)</b>\(&nbsp; z-z_0 = \displaystyle\frac{\partial h}{\partial x}(x-x_0) + \frac{\partial h}{\partial y}(x-y_0) \)<br>&nbsp;z-({z}) \(=\) {_0}(x-{x}) + {_1}(y-{y})  <br><b>b)</b>\(\displaystyle F_x(x-x_0) + F_y(y-y_0) + F_z(z-z_0) = 0\)<br>&nbsp;{_2}(x-{x}) + {_3}(y-{y}) + {_4}(z-({z})) = 0<br></p>]]></text>
 </subqtext>
 <feedback format="html">
<text></text>
 </feedback>
 <correctfeedback format="html">
<text></text>
 </correctfeedback>
 <partiallycorrectfeedback format="html">
<text></text>
 </partiallycorrectfeedback>
 <incorrectfeedback format="html">
<text></text>
 </incorrectfeedback>
</answers>
<answers>
 <partindex>
  <text>2</text>
 </partindex>
 <placeholder>
  <text></text>
 </placeholder>
 <answermark>
  <text>1</text>
 </answermark>
 <answertype>
  <text>0</text>
 </answertype>
 <numbox>
  <text>1</text>
 </numbox>
 <vars1>
  <text></text>
 </vars1>
 <answer>
  <text>hs</text>
 </answer>
 <vars2>
  <text></text>
 </vars2>
 <correctness>
  <text><![CDATA[_relerr < 0.01]]></text>
 </correctness>
 <unitpenalty>
  <text>1</text>
 </unitpenalty>
 <postunit>
  <text></text>
 </postunit>
 <ruleid>
  <text>1</text>
 </ruleid>
 <otherrule>
  <text></text>
 </otherrule>
 <subqtext format="html">
<text><![CDATA[<p>Určete derivaci funkce \(h(x,y) \) v bodě [{x},{y}] ve směru \(\vec{s} = ({sx}, {sy}) \).  <br>\( \displaystyle \frac{\partial h({x},{y})}{\partial \vec s} = \) {_0}<br></p>]]></text>
 </subqtext>
 <feedback format="html">
<text></text>
 </feedback>
 <correctfeedback format="html">
<text></text>
 </correctfeedback>
 <partiallycorrectfeedback format="html">
<text></text>
 </partiallycorrectfeedback>
 <incorrectfeedback format="html">
<text></text>
 </incorrectfeedback>
</answers>
  </question>

<!-- question: 133002  -->
  <question type="formulas">
    <name>
      <text>i. Fx,y,z)=0</text>
    </name>
    <questiontext format="html">
      <text><![CDATA[<p>Funkce dvou proměnných \(h(x,y)\) je v okolí bodu [{x}, {y}, {z}] zadaná rovnicí \(F(x, y, z) = 0\): \( \displaystyle  \ln(xy + z^2) - 2=0\)</p>]]></text>
    </questiontext>
    <generalfeedback format="html">
      <text></text>
    </generalfeedback>
    <defaultgrade>3.0000000</defaultgrade>
    <penalty>0.3333333</penalty>
    <hidden>0</hidden>
    <idnumber></idnumber>
    <correctfeedback format="html">
      <text>Vaše odpověď je správná.</text>
    </correctfeedback>
    <partiallycorrectfeedback format="html">
      <text>Vaše odpověď je částečně správná.</text>
    </partiallycorrectfeedback>
    <incorrectfeedback format="html">
      <text>Vaše odpověď je chybná.</text>
    </incorrectfeedback>
    <shownumcorrect/>
<varsrandom><text></text>
</varsrandom>
<varsglobal><text>x=0;y=0; z=2.7183;
Fx =0;
     
Fy =0;
     
Fz = 0.7358;
hx =0;

hy =0;

sx =3; sy=4;
    
hs =0;
</text>
</varsglobal>
<answernumbering><text>abc</text>
</answernumbering>
<answers>
 <partindex>
  <text>0</text>
 </partindex>
 <placeholder>
  <text></text>
 </placeholder>
 <answermark>
  <text>1</text>
 </answermark>
 <answertype>
  <text>0</text>
 </answertype>
 <numbox>
  <text>2</text>
 </numbox>
 <vars1>
  <text></text>
 </vars1>
 <answer>
  <text>[hx, hy]</text>
 </answer>
 <vars2>
  <text></text>
 </vars2>
 <correctness>
  <text><![CDATA[_relerr < 0.01]]></text>
 </correctness>
 <unitpenalty>
  <text>1</text>
 </unitpenalty>
 <postunit>
  <text></text>
 </postunit>
 <ruleid>
  <text>1</text>
 </ruleid>
 <otherrule>
  <text></text>
 </otherrule>
 <subqtext format="html">
<text><![CDATA[<p>Určete parciální derivace 1. řádu funkce \(h(x,y)\) v bodě [{x},{y}] (z = h({x},{y})= {z}).  <br>\( \displaystyle \frac{\partial h}{\partial x} = \){_0}  <br>\( \displaystyle \frac{\partial h}{\partial y} = \){_1}<br><br></p>]]></text>
 </subqtext>
 <feedback format="html">
<text></text>
 </feedback>
 <correctfeedback format="html">
<text></text>
 </correctfeedback>
 <partiallycorrectfeedback format="html">
<text></text>
 </partiallycorrectfeedback>
 <incorrectfeedback format="html">
<text></text>
 </incorrectfeedback>
</answers>
<answers>
 <partindex>
  <text>1</text>
 </partindex>
 <placeholder>
  <text></text>
 </placeholder>
 <answermark>
  <text>1</text>
 </answermark>
 <answertype>
  <text>0</text>
 </answertype>
 <numbox>
  <text>5</text>
 </numbox>
 <vars1>
  <text></text>
 </vars1>
 <answer>
  <text>[ hx, hy, Fx, Fy, Fz]</text>
 </answer>
 <vars2>
  <text></text>
 </vars2>
 <correctness>
  <text><![CDATA[_relerr < 0.01]]></text>
 </correctness>
 <unitpenalty>
  <text>1</text>
 </unitpenalty>
 <postunit>
  <text></text>
 </postunit>
 <ruleid>
  <text>1</text>
 </ruleid>
 <otherrule>
  <text></text>
 </otherrule>
 <subqtext format="html">
<text><![CDATA[<p>Doplňte konstanty do rovnice tečné roviny ke grafu funkce \(h(x,y)\) v bodě dotyku [{x},{y},{z}].<br>Rovnice tečné roviny \(\tau \) uvažujte ve tvaru: <br><b>a)</b>\(&nbsp; z-z_0 = \displaystyle\frac{\partial h}{\partial x}(x-x_0) + \frac{\partial h}{\partial y}(x-y_0) \)<br>&nbsp;z-{z} \(=\) {_0}(x-{x}) + {_1}(y-{y})  <br><b>b</b><b>)</b>\(\displaystyle F_x(x-x_0) + F_y(y-y_0) + F_z(z-z_0) = 0\)<br>&nbsp;{_2}(x-{x}) + {_3}(y-{y}) + {_4}(z-{z}) = 0<br><br></p>]]></text>
 </subqtext>
 <feedback format="html">
<text></text>
 </feedback>
 <correctfeedback format="html">
<text></text>
 </correctfeedback>
 <partiallycorrectfeedback format="html">
<text></text>
 </partiallycorrectfeedback>
 <incorrectfeedback format="html">
<text></text>
 </incorrectfeedback>
</answers>
<answers>
 <partindex>
  <text>2</text>
 </partindex>
 <placeholder>
  <text></text>
 </placeholder>
 <answermark>
  <text>1</text>
 </answermark>
 <answertype>
  <text>0</text>
 </answertype>
 <numbox>
  <text>1</text>
 </numbox>
 <vars1>
  <text></text>
 </vars1>
 <answer>
  <text>hs</text>
 </answer>
 <vars2>
  <text></text>
 </vars2>
 <correctness>
  <text><![CDATA[_relerr < 0.01]]></text>
 </correctness>
 <unitpenalty>
  <text>1</text>
 </unitpenalty>
 <postunit>
  <text></text>
 </postunit>
 <ruleid>
  <text>1</text>
 </ruleid>
 <otherrule>
  <text></text>
 </otherrule>
 <subqtext format="html">
<text><![CDATA[<p>Určete derivaci funkce \(h(x,y) \) v bodě [{x},{y}] ve směru \(\vec{s} = ({sx}, {sy}) \).  <br>\( \displaystyle \frac{\partial h({x},{y})}{\partial \vec s} = \) {_0}<br></p>]]></text>
 </subqtext>
 <feedback format="html">
<text></text>
 </feedback>
 <correctfeedback format="html">
<text></text>
 </correctfeedback>
 <partiallycorrectfeedback format="html">
<text></text>
 </partiallycorrectfeedback>
 <incorrectfeedback format="html">
<text></text>
 </incorrectfeedback>
</answers>
  </question>

<!-- question: 133003  -->
  <question type="formulas">
    <name>
      <text>j. F(x,y,z)=0</text>
    </name>
    <questiontext format="html">
      <text><![CDATA[<p>Funkce dvou proměnných \(h(x,y)\) je v okolí bodu [{x}, {y}, {z}] zadaná rovnicí \(F(x, y, z) = 0\): \( \displaystyle \ln(\cos (x^2 + y^2 + z^2)) - 5x - 3yz - 6z=0\)</p>]]></text>
    </questiontext>
    <generalfeedback format="html">
      <text></text>
    </generalfeedback>
    <defaultgrade>3.0000000</defaultgrade>
    <penalty>0.3333333</penalty>
    <hidden>0</hidden>
    <idnumber></idnumber>
    <correctfeedback format="html">
      <text>Vaše odpověď je správná.</text>
    </correctfeedback>
    <partiallycorrectfeedback format="html">
      <text>Vaše odpověď je částečně správná.</text>
    </partiallycorrectfeedback>
    <incorrectfeedback format="html">
      <text>Vaše odpověď je chybná.</text>
    </incorrectfeedback>
    <shownumcorrect/>
<varsrandom><text></text>
</varsrandom>
<varsglobal><text>x=0;y=0; z=0;
Fx = -5;
Fy = 0;
Fz =-6;
hx =-0.8333;
hy =0;
    
    sx= 3  ;   sy=4;
hs =  -0.5000;</text>
</varsglobal>
<answernumbering><text>abc</text>
</answernumbering>
<answers>
 <partindex>
  <text>0</text>
 </partindex>
 <placeholder>
  <text></text>
 </placeholder>
 <answermark>
  <text>1</text>
 </answermark>
 <answertype>
  <text>0</text>
 </answertype>
 <numbox>
  <text>2</text>
 </numbox>
 <vars1>
  <text></text>
 </vars1>
 <answer>
  <text>[hx, hy]</text>
 </answer>
 <vars2>
  <text></text>
 </vars2>
 <correctness>
  <text><![CDATA[_relerr < 0.01]]></text>
 </correctness>
 <unitpenalty>
  <text>1</text>
 </unitpenalty>
 <postunit>
  <text></text>
 </postunit>
 <ruleid>
  <text>1</text>
 </ruleid>
 <otherrule>
  <text></text>
 </otherrule>
 <subqtext format="html">
<text><![CDATA[<p>Určete parciální derivace 1. řádu funkce \(h(x,y)\) v bodě [{x},{y}] (z = h({x},{y})= {z}).  <br>\( \displaystyle \frac{\partial h}{\partial x} = \){_0}  <br>\( \displaystyle \frac{\partial h}{\partial y} = \){_1}<br><br></p>]]></text>
 </subqtext>
 <feedback format="html">
<text></text>
 </feedback>
 <correctfeedback format="html">
<text></text>
 </correctfeedback>
 <partiallycorrectfeedback format="html">
<text></text>
 </partiallycorrectfeedback>
 <incorrectfeedback format="html">
<text></text>
 </incorrectfeedback>
</answers>
<answers>
 <partindex>
  <text>1</text>
 </partindex>
 <placeholder>
  <text></text>
 </placeholder>
 <answermark>
  <text>1</text>
 </answermark>
 <answertype>
  <text>0</text>
 </answertype>
 <numbox>
  <text>5</text>
 </numbox>
 <vars1>
  <text></text>
 </vars1>
 <answer>
  <text>[ hx, hy, Fx, Fy, Fz]</text>
 </answer>
 <vars2>
  <text></text>
 </vars2>
 <correctness>
  <text><![CDATA[_relerr < 0.01]]></text>
 </correctness>
 <unitpenalty>
  <text>1</text>
 </unitpenalty>
 <postunit>
  <text></text>
 </postunit>
 <ruleid>
  <text>1</text>
 </ruleid>
 <otherrule>
  <text></text>
 </otherrule>
 <subqtext format="html">
<text><![CDATA[<p>Doplňte konstanty do rovnice tečné roviny ke grafu funkce \(h(x,y)\) v bodě dotyku [{x},{y},{z}].<br>Rovnice tečné roviny \(\tau \) uvažujte ve tvaru: <br><b>a)</b>\(&nbsp; z-z_0 = \displaystyle\frac{\partial h}{\partial x}(x-x_0) + \frac{\partial h}{\partial y}(x-y_0) \)<br>&nbsp;z-{z} \(=\) {_0}(x-{x}) + {_1}(y-{y})  <br><b>b)</b>\(\displaystyle F_x(x-x_0) + F_y(y-y_0) + F_z(z-z_0) = 0\)<br>&nbsp;{_2}(x-{x}) + {_3}(y-{y}) + {_4}(z-{z}) = 0<br><br></p>]]></text>
 </subqtext>
 <feedback format="html">
<text></text>
 </feedback>
 <correctfeedback format="html">
<text></text>
 </correctfeedback>
 <partiallycorrectfeedback format="html">
<text></text>
 </partiallycorrectfeedback>
 <incorrectfeedback format="html">
<text></text>
 </incorrectfeedback>
</answers>
<answers>
 <partindex>
  <text>2</text>
 </partindex>
 <placeholder>
  <text></text>
 </placeholder>
 <answermark>
  <text>1</text>
 </answermark>
 <answertype>
  <text>0</text>
 </answertype>
 <numbox>
  <text>1</text>
 </numbox>
 <vars1>
  <text></text>
 </vars1>
 <answer>
  <text>hs</text>
 </answer>
 <vars2>
  <text></text>
 </vars2>
 <correctness>
  <text><![CDATA[_relerr < 0.01]]></text>
 </correctness>
 <unitpenalty>
  <text>1</text>
 </unitpenalty>
 <postunit>
  <text></text>
 </postunit>
 <ruleid>
  <text>1</text>
 </ruleid>
 <otherrule>
  <text></text>
 </otherrule>
 <subqtext format="html">
<text><![CDATA[<p>Určete derivaci funkce \(h(x,y) \) v bodě [{x},{y}] ve směru \(\vec{s} = ({sx}, {sy}) \).  <br>\( \displaystyle \frac{\partial h({x},{y})}{\partial \vec s} = \) {_0}<br><br><br></p>]]></text>
 </subqtext>
 <feedback format="html">
<text></text>
 </feedback>
 <correctfeedback format="html">
<text></text>
 </correctfeedback>
 <partiallycorrectfeedback format="html">
<text></text>
 </partiallycorrectfeedback>
 <incorrectfeedback format="html">
<text></text>
 </incorrectfeedback>
</answers>
  </question>

</quiz>