<?xml version="1.0" encoding="UTF-8"?>
<quiz>
<!-- question: 0  -->
  <question type="category">
    <category>
      <text>$course$/top/Výchozí v B192-2011068</text>
    </category>
    <info format="html">
      <text><![CDATA[Výchozí kategorie pro úlohy sdílené v kontextu "B192-2011068".]]></text>
    </info>
    <idnumber></idnumber>
  </question>

<!-- question: 0  -->
  <question type="category">
    <category>
      <text>$course$/top/Výchozí v B192-2011068/OM/Téma 8/plošný-skalární-průnik</text>
    </category>
    <info format="html">
      <text></text>
    </info>
    <idnumber></idnumber>
  </question>

<!-- question: 142109  -->
  <question type="formulas">
    <name>
      <text>plošný skalární 18 (část kulové vně válce, parametrizované)</text>
    </name>
    <questiontext format="html">
      <text><![CDATA[<p>Vypočtěte plošný integrál $$\iint_\sigma\ {f}\ {\rm d}p,$$ $$\mbox{ kde plocha } \sigma \mbox{ je část kulové plochy } x^2+y^2+z^2 = {b2}, z\geq 0,$$ $$\mbox{ vně rotační válcové plochy } x^2 +y^2 = {a2}.$$<br></p>]]></text>
    </questiontext>
    <generalfeedback format="html">
      <text><![CDATA[<p>Postup.</p><p>1. Načrtněte si obrázek plochy \(\sigma\) a její průmět do roviny \(xy,\ D_{xy}\). Zapište množinu \(D_{xy}= \{[x,y]\in\mathbb E_2: \dots \leq x^2 + y^2\leq \dots \}\).<br></p><p>2. Plochu lze vyjádřit explicitně \(z = \sqrt{{{b2}}-x^2-y^2}\), proto je možné zvolit \(P(x,y) = [x,\ y,\ \sqrt{{{b2}}-x^2-y^2}],\ [x,y]\in D_{xy}\). <br></p><p>3. Určete normálový vektor \(\vec{n}\) a jeho velikost \( \|\vec{n}\|\). Při zvolené \(P\) podle bodu 2. lze normálový vektor určit: \(\displaystyle \vec n = \pm \left(\frac{\partial z}{\partial x},\ \frac{\partial z}{\partial y},\ -1\right)\).<br></p><p>4. Vyjádřete integrovanou funkci pomocí zvolené \(P\) a \( {\rm d} p = \|\vec n\| {\rm d} x {\rm d}y\).</p><p>5. Převeďte plošný integrál na dvojný integrál $$\displaystyle \iint_\sigma \ {f}\ {\rm d}p = \iint_{D_{xy}} \ f(P(x,y))\ \|\vec n\| \ {\rm d} x {\rm d}y$$</p><p>6. Množina \(D_{xy}\) je mezikruží, proto je pro výpočet dvojného integrálu vhodné volit&nbsp; polární souřadnice.<br></p>]]></text>
    </generalfeedback>
    <defaultgrade>1.0000000</defaultgrade>
    <penalty>0.0000000</penalty>
    <hidden>0</hidden>
    <idnumber></idnumber>
    <correctfeedback format="html">
      <text>Vaše odpověď je správná.</text>
    </correctfeedback>
    <partiallycorrectfeedback format="html">
      <text>Vaše odpověď je částečně správná.</text>
    </partiallycorrectfeedback>
    <incorrectfeedback format="html">
      <text>Vaše odpověď je chybná.</text>
    </incorrectfeedback>
    <shownumcorrect/>
<varsrandom><text>a={1:4};q={1:3};</text>
</varsrandom>
<varsglobal><text><![CDATA[a2=a*a; b=a+q; b2=b*b;
f="\\frac{z}{x^2+y^2}";
V = pi()*2*b*log(b/a)]]></text>
</varsglobal>
<answernumbering><text>abc</text>
</answernumbering>
<answers>
 <partindex>
  <text>0</text>
 </partindex>
 <placeholder>
  <text></text>
 </placeholder>
 <answermark>
  <text>1</text>
 </answermark>
 <answertype>
  <text>10</text>
 </answertype>
 <numbox>
  <text>1</text>
 </numbox>
 <vars1>
  <text></text>
 </vars1>
 <answer>
  <text>V</text>
 </answer>
 <vars2>
  <text></text>
 </vars2>
 <correctness>
  <text><![CDATA[_relerr < 0.01]]></text>
 </correctness>
 <unitpenalty>
  <text>1</text>
 </unitpenalty>
 <postunit>
  <text></text>
 </postunit>
 <ruleid>
  <text>1</text>
 </ruleid>
 <otherrule>
  <text></text>
 </otherrule>
 <subqtext format="html">
<text><![CDATA[<p>Výsledek: {_0}<br></p>]]></text>
 </subqtext>
 <feedback format="html">
<text></text>
 </feedback>
 <correctfeedback format="html">
<text></text>
 </correctfeedback>
 <partiallycorrectfeedback format="html">
<text></text>
 </partiallycorrectfeedback>
 <incorrectfeedback format="html">
<text></text>
 </incorrectfeedback>
</answers>
  </question>

<!-- question: 142110  -->
  <question type="formulas">
    <name>
      <text>plošný skalární 19 (část parabolické uvnitř válce, parametrizované)</text>
    </name>
    <questiontext format="html">
      <text><![CDATA[<p>Vypočtěte plošný integrál $$\iint_\sigma\ ({c}x^2 + {d}y^2)\ {\rm d}p,$$ $$\mbox{ kde plocha } \sigma \mbox{ je část&nbsp; plochy rotačního paraboloidu } x^2+y^2= {a}z $$ $$\mbox{ uvnitř rotační válcové plochy } x^2 +y^2 = {b}.$$<br></p>]]></text>
    </questiontext>
    <generalfeedback format="html">
      <text><![CDATA[<p>Postup.</p><p>1. Načrtněte si obrázek plochy \(\sigma\) a její průmět do roviny \(xy,\ D_{xy}\). Zapište množinu \(D_{xy}= \{[x,y]\in\mathbb E_2: 0 \leq x^2 + y^2\leq \dots \}\).<br></p><p>2. Plochu lze vyjádřit explicitně \(\displaystyle z = \frac{x^2}{{a}}+\frac{y^2}{{a}}\), proto je možné zvolit \(P(x,y) = [x,\ y,\ \frac{x^2}{{a}}+\frac{y^2}{{a}}],\ [x,y]\in D_{xy}\). <br></p><p>3. Určete normálový vektor \(\vec{n}\) a jeho velikost \( \|\vec{n}\|\). Při zvolené \(P\) podle bodu 2. lze normálový vektor určit: \(\displaystyle \vec n = \pm \left(\frac{\partial z}{\partial x},\ \frac{\partial z}{\partial y},\ -1\right)\).<br></p><p>4. Vyjádřete integrovanou funkci pomocí zvolené \(P\) a \( {\rm d} p = \|\vec n\| {\rm d} x {\rm d}y\).</p><p>5. Převeďte plošný integrál na dvojný integrál $$\displaystyle \iint_\sigma \ ({c}x^2 + {d}y^2)\ {\rm d}p = \iint_{D_{xy}} \ f(P(x,y))\ \|\vec n\| \ {\rm d} x {\rm d}y$$</p><p>6. Množina \(D_{xy}\) je kruh, proto je pro výpočet dvojného integrálu vhodné volit&nbsp; polární souřadnice.<br></p>]]></text>
    </generalfeedback>
    <defaultgrade>1.0000000</defaultgrade>
    <penalty>0.0000000</penalty>
    <hidden>0</hidden>
    <idnumber></idnumber>
    <correctfeedback format="html">
      <text>Vaše odpověď je správná.</text>
    </correctfeedback>
    <partiallycorrectfeedback format="html">
      <text>Vaše odpověď je částečně správná.</text>
    </partiallycorrectfeedback>
    <incorrectfeedback format="html">
      <text>Vaše odpověď je chybná.</text>
    </incorrectfeedback>
    <shownumcorrect/>
<varsrandom><text>a={2:4};b={1:4}; c={2:5}; d={2:5};</text>
</varsrandom>
<varsglobal><text>a2=a*a; cd=c+d;
A24B = a2 + 4*b; OA24B = sqrt(A24B); A24B2 = A24B*A24B;
V = pi()*cd*(3*A24B2*OA24B - 5*a2*A24B*OA24B +2*a*a2*a2)/(16*15*a);</text>
</varsglobal>
<answernumbering><text>abc</text>
</answernumbering>
<answers>
 <partindex>
  <text>0</text>
 </partindex>
 <placeholder>
  <text></text>
 </placeholder>
 <answermark>
  <text>1</text>
 </answermark>
 <answertype>
  <text>10</text>
 </answertype>
 <numbox>
  <text>1</text>
 </numbox>
 <vars1>
  <text></text>
 </vars1>
 <answer>
  <text>V</text>
 </answer>
 <vars2>
  <text></text>
 </vars2>
 <correctness>
  <text><![CDATA[_relerr < 0.01]]></text>
 </correctness>
 <unitpenalty>
  <text>1</text>
 </unitpenalty>
 <postunit>
  <text></text>
 </postunit>
 <ruleid>
  <text>1</text>
 </ruleid>
 <otherrule>
  <text></text>
 </otherrule>
 <subqtext format="html">
<text><![CDATA[<p>Výsledek: {_0}<br></p>]]></text>
 </subqtext>
 <feedback format="html">
<text></text>
 </feedback>
 <correctfeedback format="html">
<text></text>
 </correctfeedback>
 <partiallycorrectfeedback format="html">
<text></text>
 </partiallycorrectfeedback>
 <incorrectfeedback format="html">
<text></text>
 </incorrectfeedback>
</answers>
  </question>

<!-- question: 142112  -->
  <question type="formulas">
    <name>
      <text>plošný skalární 20 (část parabolické uvnitř válce)</text>
    </name>
    <questiontext format="html">
      <text><![CDATA[<p>Vypočtěte plošný integrál $$\iint_\sigma\ {f}\ {\rm d}p,$$ $$\mbox{ kde plocha } \sigma \mbox{ je část&nbsp; plochy rotačního paraboloidu } x^2+y^2= z $$ $$\mbox{ uvnitř rotační válcové plochy } x^2 +y^2 = 2x.$$<br></p>]]></text>
    </questiontext>
    <generalfeedback format="html">
      <text><![CDATA[<p>Postup.</p><p>1. Načrtněte si obrázek plochy \(\sigma\) a její průmět do roviny \(xy,\ D_{xy}\). Zapište množinu \(D_{xy}\).<br></p><p>2. Plochu lze vyjádřit explicitně \(\displaystyle z = x^2+y^2\), proto je možné zvolit \(P(x,y) = [x,\ y,\ x^2+y^2],\ [x,y]\in D_{xy}\). <br></p><p>3. Určete normálový vektor \(\vec{n}\) a jeho velikost \( \|\vec{n}\|\). Při zvolené \(P\) podle bodu 2. lze normálový vektor určit: \(\displaystyle \vec n = \pm \left(\frac{\partial z}{\partial x},\ \frac{\partial z}{\partial y},\ -1\right)\).<br></p><p>4. Vyjádřete integrovanou funkci pomocí zvolené \(P\) a \( {\rm d} p = \|\vec n\| {\rm d} x {\rm d}y\).</p><p>5. Převeďte plošný integrál na dvojný integrál $$\displaystyle \iint_\sigma \ {f}\ {\rm d}p = \iint_{D_{xy}} \ f(P(x,y))\ \|\vec n\| \ {\rm d} x {\rm d}y$$</p><p>6. Množina \(D_{xy}\) je kruh, proto je pro výpočet dvojného integrálu vhodné volit&nbsp; polární souřadnice. Střed kruhu není v bodě [0, 0]. <br></p>]]></text>
    </generalfeedback>
    <defaultgrade>1.0000000</defaultgrade>
    <penalty>0.0000000</penalty>
    <hidden>0</hidden>
    <idnumber></idnumber>
    <correctfeedback format="html">
      <text>Vaše odpověď je správná.</text>
    </correctfeedback>
    <partiallycorrectfeedback format="html">
      <text>Vaše odpověď je částečně správná.</text>
    </partiallycorrectfeedback>
    <incorrectfeedback format="html">
      <text>Vaše odpověď je chybná.</text>
    </incorrectfeedback>
    <shownumcorrect/>
<varsrandom><text></text>
</varsrandom>
<varsglobal><text><![CDATA[f="\\frac{1}{\\sqrt{1+4z}}";
V = pi()]]></text>
</varsglobal>
<answernumbering><text>abc</text>
</answernumbering>
<answers>
 <partindex>
  <text>0</text>
 </partindex>
 <placeholder>
  <text></text>
 </placeholder>
 <answermark>
  <text>1</text>
 </answermark>
 <answertype>
  <text>10</text>
 </answertype>
 <numbox>
  <text>1</text>
 </numbox>
 <vars1>
  <text></text>
 </vars1>
 <answer>
  <text>V</text>
 </answer>
 <vars2>
  <text></text>
 </vars2>
 <correctness>
  <text><![CDATA[_relerr < 0.01]]></text>
 </correctness>
 <unitpenalty>
  <text>1</text>
 </unitpenalty>
 <postunit>
  <text></text>
 </postunit>
 <ruleid>
  <text>1</text>
 </ruleid>
 <otherrule>
  <text></text>
 </otherrule>
 <subqtext format="html">
<text><![CDATA[<p>Výsledek: {_0}<br></p>]]></text>
 </subqtext>
 <feedback format="html">
<text></text>
 </feedback>
 <correctfeedback format="html">
<text></text>
 </correctfeedback>
 <partiallycorrectfeedback format="html">
<text></text>
 </partiallycorrectfeedback>
 <incorrectfeedback format="html">
<text></text>
 </incorrectfeedback>
</answers>
  </question>

<!-- question: 142113  -->
  <question type="formulas">
    <name>
      <text>plošný skalární 21 (explicitní, kužel uvnitř válce)</text>
    </name>
    <questiontext format="html">
      <text><![CDATA[<p>Vypočtěte plošný integrál $$\iint_\sigma\ {f}\ {\rm d}p,$$ $$\mbox{ kde plocha } \sigma \mbox{ je část }&nbsp; {sigma}$$ $${dal}.$$<br></p>]]></text>
    </questiontext>
    <generalfeedback format="html">
      <text><![CDATA[<p>Postup.</p><p>1. Načrtněte si obrázek plochy \(\sigma\) a její průmět do roviny \(xy,\ D_{xy}\). Zapište množinu \(D_{xy}\).<br></p><p>2. Navrhněte parametrizaci plochy \(P\). <br></p><p>3. Určete normálový vektor \(\vec{n}\) a jeho velikost \( \|\vec{n}\|\). <br></p><p>4. Vyjádřete integrovanou funkci pomocí zvolené parametrizace a \( {\rm d} p = \|\vec n\| {\rm d} x {\rm d}y\).</p><p>5. Převeďte plošný integrál na dvojný integrál $$\displaystyle \iint_\sigma \ {f}\ {\rm d}p = \iint_{D_{xy}} \ f(P(x,y))\ \|\vec n\| \ {\rm d} x {\rm d}y$$</p>]]></text>
    </generalfeedback>
    <defaultgrade>1.0000000</defaultgrade>
    <penalty>0.0000000</penalty>
    <hidden>0</hidden>
    <idnumber></idnumber>
    <correctfeedback format="html">
      <text>Vaše odpověď je správná.</text>
    </correctfeedback>
    <partiallycorrectfeedback format="html">
      <text>Vaše odpověď je částečně správná.</text>
    </partiallycorrectfeedback>
    <incorrectfeedback format="html">
      <text>Vaše odpověď je chybná.</text>
    </incorrectfeedback>
    <shownumcorrect/>
<varsrandom><text></text>
</varsrandom>
<varsglobal><text><![CDATA[f="\\frac{x^2-y^2}{z^3}";
sigma="\\mbox{kuželové plochy }  z^2=x^2+y^2,\\ z\\geq 0,";
dal ="\\mbox{ uvnitř rotační válcové plochy } x^2+2x+y^2=0";
V = 4*sqrt(2)/3]]></text>
</varsglobal>
<answernumbering><text>abc</text>
</answernumbering>
<answers>
 <partindex>
  <text>0</text>
 </partindex>
 <placeholder>
  <text></text>
 </placeholder>
 <answermark>
  <text>1</text>
 </answermark>
 <answertype>
  <text>10</text>
 </answertype>
 <numbox>
  <text>1</text>
 </numbox>
 <vars1>
  <text></text>
 </vars1>
 <answer>
  <text>V</text>
 </answer>
 <vars2>
  <text></text>
 </vars2>
 <correctness>
  <text><![CDATA[_relerr < 0.01]]></text>
 </correctness>
 <unitpenalty>
  <text>1</text>
 </unitpenalty>
 <postunit>
  <text></text>
 </postunit>
 <ruleid>
  <text>1</text>
 </ruleid>
 <otherrule>
  <text></text>
 </otherrule>
 <subqtext format="html">
<text><![CDATA[<p>Výsledek: {_0}<br></p>]]></text>
 </subqtext>
 <feedback format="html">
<text></text>
 </feedback>
 <correctfeedback format="html">
<text></text>
 </correctfeedback>
 <partiallycorrectfeedback format="html">
<text></text>
 </partiallycorrectfeedback>
 <incorrectfeedback format="html">
<text></text>
 </incorrectfeedback>
</answers>
  </question>

</quiz>