<?xml version="1.0" encoding="UTF-8"?>
<quiz>
<!-- question: 0  -->
  <question type="category">
    <category>
      <text>$course$/top/Výchozí v B192-2011068</text>
    </category>
    <info format="html">
      <text><![CDATA[Výchozí kategorie pro úlohy sdílené v kontextu "B192-2011068".]]></text>
    </info>
    <idnumber></idnumber>
  </question>

<!-- question: 0  -->
  <question type="category">
    <category>
      <text>$course$/top/Výchozí v B192-2011068/OM/Téma 4/EOI_obr</text>
    </category>
    <info format="html">
      <text>Zápis elementárního oboru integrace.</text>
    </info>
    <idnumber></idnumber>
  </question>

<!-- question: 132901  -->
  <question type="combined">
    <name>
      <text>a. EOI</text>
    </name>
    <questiontext format="html">
      <text><![CDATA[<p>Na obrázku je množina \(D_1\). <img src="@@PLUGINFILE@@/D3924.jpg" alt="" role="presentation" class="img-responsive atto_image_button_middle" width="600" height="450"><br></p><p>Hranici množiny tvoří přímky \(g(x) = x,\ h(x) = 2x\), které lze zapsat i jako \(p(y) = y,\&nbsp; q(y) = \frac y 2\) a přímka \(x=2\).<br></p><p>Doplňte nerovnice tak, aby popisovaly množinu \(D_1\) jako<br></p><p>a) <b>elementární obor integrace vzhledem k ose x:</b><br></p><p>[[1:numeric:_5_]] \(\le x\le \) [[2:numeric:_5_]], [[3:selectmenu:1]]\(\le y\le \)[[4:selectmenu:2]]</p><p>b) <b>elementární obor integrace vzhledem k ose y:</b><br></p><p>[[5:numeric:_5_]] \(\le y\le \) [[6:numeric:_5_]],&nbsp;[[7:selectmenu:1]]\(\le x\le \)[[8:selectmenu:2]] <br></p><p>\(\bigcup\) <br></p><p>[[9:numeric:_5_]]\(\le y\le \)[[10:numeric:_5_]], [[11:selectmenu:1]]\(\le x\le \)[[12:selectmenu:2]]</p><p></p><br><p></p>]]></text>
<file name="D3924.jpg" path="/" encoding="base64">/9j/4AAQSkZJRgABAQAAAQABAAD//gAYTUFUTEFCIEhhbmRsZSBHcmFwaGljc//+AB1NQVRMQUIsIFRoZSBNYXRoV29ya3MsIEluYy7/2wBDAAgGBgcGBQgHBwcJCQgKDBQNDAsLDBkSEw8UHRofHh0aHBwgJC4nICIsIxwcKDcpLDAxNDQ0Hyc5PTgyPC4zNDL/2wBDAQkJCQwLDBgNDRgyIRwhMjIyMjIyMjIyMjIyMjIyMjIyMjIyMjIyMjIyMjIyMjIyMjIyMjIyMjIyMjIyMjIyMjL/wAARCANrBI8DASIAAhEBAxEB/8QAHwAAAQUBAQEBAQEAAAAAAAAAAAECAwQFBgcICQoL/8QAtRAAAgEDAwIEAwUFBAQAAAF9AQIDAAQRBRIhMUEGE1FhByJxFDKBkaEII0KxwRVS0fAkM2JyggkKFhcYGRolJicoKSo0NTY3ODk6Q0RFRkdISUpTVFVWV1hZWmNkZWZnaGlqc3R1dnd4eXqDhIWGh4iJipKTlJWWl5iZmqKjpKWmp6ipqrKztLW2t7i5usLDxMXGx8jJytLT1NXW19jZ2uHi4+Tl5ufo6erx8vP09fb3+Pn6/8QAHwEAAwEBAQEBAQEBAQAAAAAAAAECAwQFBgcICQoL/8QAtREAAgECBAQDBAcFBAQAAQJ3AAECAxEEBSExBhJBUQdhcRMiMoEIFEKRobHBCSMzUvAVYnLRChYkNOEl8RcYGRomJygpKjU2Nzg5OkNERUZHSElKU1RVVldYWVpjZGVmZ2hpanN0dXZ3eHl6goOEhYaHiImKkpOUlZaXmJmaoqOkpaanqKmqsrO0tba3uLm6wsPExcbHyMnK0tPU1dbX2Nna4uPk5ebn6Onq8vP09fb3+Pn6/9oADAMBAAIRAxEAPwD3+iiigAooooAKKKKACiiigAooooAKKKKACiiigAooooAKKKKACiiigAooooAKKKKACiiigAooooAKKKKACiiigAooooAKKKKACiiigAooooAKKKKACiiigAooooAKKKKACiiigAooooAKKKKACiiigAooooAKKKKACiiigAooooAKKKKACiiigAooooAKKKKACiiigAooooAKKKKACiiigAooooAKKKKACiiigAooooAKKKKACiiigAooooAKKKKACiiigAooooAKKKKACiiigAooooAKKKKACiiigAooooAKKKKACiiigAooooAKKKKACiiigAooooAKKKKACiiigAooooAKKKKACiiigAooooAKKKKACiiigAooooAKKKKACiiigAooooAKKKKACiiigAooooAKKKKACiiigAooooAKKKKACiiigAooooAKKKKACiiigAooooAKKKKACiiigAooooAKKKKACiiigAooooAKKKKACiiigAooooAKKKKACiiigAooooAKKKKACiiigAooooAKKKKACiiigAooooAKKKKACiiigAooooAKKKKACiiigAooooAKKKKACiiigAooooAKKKKACiiigAooooAKKKKACiiigAooooAKKKKACiiigAooooAKKKKACiiigAooooAKKKKACiiigAooooAKKKKACiiigAooooAKKKKACiiigAooooAKKKKACiiigAooooAKKKKACiiigAooooAKKKKACiiigAooooAKKKKACiiigAooooAKKKKACiiigAooooAKKKKACiiigAooooAKKKKACiiigAooooAKKKKACiiigAooooAKKKKACiiigAooooAKKKKACiiigAooooAKKKKACiiigAooooAKKKKACiiigAooooAKKKKACiiigAooooAKKKKACiiigAooooAKKKKACiiigAooooAKKKKACiiigAooooAKKKKACiiigAooooAKKKKACiiigAooooAKKKKACiiigAooooAKKKKACiiigAooooAKKKKACiiigAooooAKKKKACiiigAooooAKKKKACiiigAooooAKKKKACiiigAooooAKKKKACiiigAooooAKKKKACiiigAooooAKKKKACiiigAooooAKKKKACiiigAooooAKKKKACiiigAooooAKKKKACiiigAooooAKKKKACiiigAooooAKKKKACiiigAooooAKKKKACiiigAooooAKKKKACiiigAooooAKKKKACiiigAooooAKKKKACiiigAooooAKKKKACiiigAooooAKKKKACiiigAooooAKKKKACiiigAooooAKKKKACiiigAooooAKKKKACiiigAooooAKKKKACiiigAooooAKKKKACiiigAooooAKKKKACiiigAooooAKKKKACiiigAooooAKKKKACiiigAooooAKKKKACiiigAooooAKKKKACiiigAooooAKKKKACiiigAooooAKKKKACiiigAooooAKKKKACiiigAooooAKKKKACiiigAooooAKKKKACiiigAooooAKKKKACiiigAooooAKKKKACiiigAooooAKKKKACiiigAooooAKKKKACiiigAooooAKKKKACiiigAooooAKKKKACiiigAooooAKKKKACiiigAooooAKKKKACiiigAooooAKKKKACiiigAooooAKKKKACiiigAooooAKKKKACiuV+Ifi2XwT4Sm1qG0S6eOVI/KdyoO44zkV54vxn8XQabHq918PbhtKeMS/aY5HC7DyG3bCAPrQB7bRWD4Q8W6Z410GPVtLZ/LLFJIpAA8TjqrY+oP0IreoAKKKKACiiigAooooAKKKKACiiigAooooAKKKKACiiigAooooAKKKKACiiigAooooAKKKKACiiigAooooAKKKKACiiigAooooAKKKKACiiigAooooAKKKKACiiigAooooAKKKKACiiigAooooAKKKKACiiigAooooAKKKKACiiigAooooAKKKKACiiigAooooAKKKKACiiigAooooAKKKKACiiigAooooAKKKKACiiigAooooAKKKKACiiigAooooAKKKKACiiigAooooAKKKKACiiigAooooAKKKKACiiigAooooAKKKKACiiigAooooAKKKKACiiigAooooAKKKKACiiigAooooAKKKKACiiigAooooAKKKKACiiigDzL49/wDJLLr/AK+Yf/Qq6PwGYV+F+gNcFBANLhMhkxt2+WM5z2xT/HvhD/hOPC0uifbvsXmSJJ53leZjac427h/OvPk+BWrPZJp158RNVn0xVCfY1idUCjoADKVA9sUAVv2c1Pl+KXhBFgbmIQZH+/n9Cle41zOnaNYfD3wa9roemXN3HbDzPIh+aa4c4BPuT/IcdK5r4b+Nte8V+LfFFtq9q1jDZGHyLF0AeDduyGbAJJwDz68UAel0UUUAFFFFABRRRQAUUUUAFFFFABRRRQAUUUUAFFFFABRRRQAUUUUAFFFFABRRRQAUUUUAFFFFABRRRQAUUUUAFFFFABRRRQAUUUUAFFFFABRRRQAUUUUAFFFFABRRRQAUUUUAFFFFABRRRQAUUUUAFFFFABRRRQAUUUUAFFFFABRRRQAUUUUAFFFFABRRRQAUUUUAFFFFABRRRQAUUUUAFFFFABRRRQAUUUUAFFFUdanvbXRb2402KOa8ihZ4Y5ASrsBnbwQeelAF6iuSvfGDt4O0rVtMiilvNVkghtoZMlfMc/MDjnCgPn/drqLi4S0tJbmbd5cKGR9iFjgDJwoySfYc0AS0VzP/AAn2hf8AUS/8Fdz/APG637K8iv7OK6g3+VKu5fMjZGx7qwBH4igCeo4LiG6gWe3mjmif7skbBlP0IrndfuJdX1BPDFjIyGVBJqM6HBgtzxtB7O/IHoNx9Kr/AAwGPhxowH/PN/8A0Y1AHXUVl6nrR0++tbKHTby+uLiKSVUtjENqIUDEmR1HWReme9OstTu7qYpNoWoWahciSd7cqT6fJKxz+GOKANKio/Mb/njJ+a/40eY3/PGT81/xoAkoqPzG/wCeMn5r/jR5jf8APGT81/xoAkoqPzG/54yfmv8AjR5jf88ZPzX/ABoAkoqPzG/54yfmv+NHmN/zxk/Nf8aAJKKj8xv+eMn5r/jR5jf88ZPzX/GgCSio/Mb/AJ4yfmv+NHmN/wA8ZPzX/GgCSio/Mb/njJ+a/wCNHmN/zxk/Nf8AGgCSio/Mb/njJ+a/40eY3/PGT81/xoAkoqPzG/54yfmv+NHmN/zxk/Nf8aAJKKj8xv8AnjJ+a/40eY3/ADxk/Nf8aAJKKj8xv+eMn5r/AI0eY3/PGT81/wAaAJKKj8xv+eMn5r/jR5jf88ZPzX/GgCSio/Mb/njJ+a/40eY3/PGT81/xoAkoqPzG/wCeMn5r/jR5jf8APGT81/xoAkoqIzMpUGGT5jgcr9fWl8xv+eMn5r/jQBJRUfmN/wA8ZPzX/GjzG/54yfmv+NAElFR+Y3/PGT81/wAaPMb/AJ4yfmv+NAElFR+Y3/PGT81/xo8xv+eMn5r/AI0ASUVH5jf88ZPzX/GjzG/54yfmv+NAElFR+Y3/ADxk/Nf8aPMb/njJ+a/40ASUVH5jf88ZPzX/ABo8xv8AnjJ+a/40ASUVH5jf88ZPzX/GjzG/54yfmv8AjQBJRUfmN/zxk/Nf8aPMb/njJ+a/40ASUVH5jf8APGT81/xo8xv+eMn5r/jQBJXm3gfTL+0+Kfjy8ubG5htbmSAwTSRMqS4DZ2sRhse1eiLMzDIhk6kdV7cetL5jf88ZPzX/ABoAkoqPzG/54yfmv+NHmN/zxk/Nf8aAJKKj8xv+eMn5r/jR5jf88ZPzX/GgCSio/Mb/AJ4yfmv+NHmN/wA8ZPzX/GgCSio/Mb/njJ+a/wCNHmN/zxk/Nf8AGgCSio/Mb/njJ+a/40eY3/PGT81/xoAkoqPzG/54yfmv+NHmN/zxk/Nf8aAJKKj8xv8AnjJ+a/40eY3/ADxk/Nf8aAJKKj8xv+eMn5r/AI0eY3/PGT81/wAaAJKKj8xv+eMn5r/jXB6n8YfC+i+L5/DuovPDLCED3G0NErkZKkg8YBXn1JBxigD0CioY7jzY1kjjZ0cBlZWUgg9CDmneY3/PGT81/wAaAJKKj8xv+eMn5r/jR5jf88ZPzX/GgCSio/Mb/njJ+a/40eY3/PGT81/xoAkoqPzG/wCeMn5r/jR5jf8APGT81/xoAkoqPzG/54yfmv8AjR5jf88ZPzX/ABoAkoqPzG/54yfmv+NHmN/zxk/Nf8aAJKKj8xv+eMn5r/jR5jf88ZPzX/GgCSio/Mb/AJ4yfmv+NHmN/wA8ZPzX/GgCSio/Mb/njJ+a/wCNHmN/zxk/Nf8AGgCSio/Mb/njJ+a/40eY3/PGT81/xoAkoqPzG/54yfmv+NHmN/zxk/Nf8aAJKKj8xv8AnjJ+a/40eY3/ADxk/Nf8aAJKKj8xv+eMn5r/AI0eY3/PGT81/wAaAJKKj8xv+eMn5r/jR5jf88ZPzX/GgCSio/Mb/njJ+a/40quzHBjZfckf40APooooAKKKKACiiigAooooAKKKKACiiigAooooAKKKKACiiigAooooAKKKKACiiigAooooAKKKKACiiigAooooAKKKKACiiigAooooAKKKjnhS4t5IJATHIpRtrFTgjBwRyPqKAPOvDOjyr8QL+w3K2k6FNJPaKvRZLlQ2z/gA8z/vsV6Jcxyy2s0cMxgldGVJQoYoxHDYPBx1waq6Roun6Favbadb+TG8hlfLs7O56szMSSeB1NX6AOZ/sHxL/wBDncf+C+D/AOJrfsoZ7eziiubprqZVw8zIELn1wOB+FT0UAcxdeBrC41O71BNS1m1mu3DzC1v3iViAAOF9gKh+Hfhy68OeFbe3vmuVu2BMsEtx5qREM2AgBIUEEE4rraKAMS6/5HnSv+wbe/8Ao21rbrEuv+R50r/sG3v/AKNta26ACiiigAooooAKKKKACiiigAooooAKKKKACiiigAooooAKKKKACiiigAooooAKKKKACiiigAooooAjk+/D/v8A/spqSo5Pvw/7/wD7KakoAKKKKACiiigAooooAKKKKACiiigAooooAKKKKACiiigAooooAjh+4f8Afb/0I1JUcP3D/vt/6EakoAKKKKACiiigAooooAKKKKACiiigAooooAKKKKACiiigDD8X+J7Xwf4Xvdbu18xbdP3cQbaZZCcKgPOMkjnBwMnHFeHSX3hj4q/EW01AWYjja8t4TA8YjlkjVWYtLjIbcV2dThVXoTXZfG7T7bxP4esbKy1dftsOomJbWN1eNpNmW83HKFEOc8434I+cEch8PvDLeG9Q0SOfY15NqgaVkORgK4UA+mOf+BGgD6KooooAKKKKACiiigAooooAKKKKACiiigAooooAKKKKACiiigAooooAKKKKACiiigAooooAKKKKACiiigAooooAKKKKACiiigAooooAKKKKACiiigAooooAKKKKACiiigAooooAKKKKACiiigAooooAKKKKACiiigAooooAKKKKACiiigAooooAKKKKACiiigAooooAKKKKAMS6/wCR50r/ALBt7/6Nta26xLr/AJHnSv8AsG3v/o21rboAKKKKACiiigAooooAKKKKACiiigAooooAKKKKACiiigAooooAKKKKACiiigAooooAKKKKACiiigCOT78P+/8A+ympKjk+/D/v/wDspqSgAooooAKKKKACiiigAooooAKKKKACiiigAooooAKKKKACiiigCOH7h/32/wDQjUlRw/cP++3/AKEakoAKKKKACiiigAooooAKKKKACiiigAooooAKKKKACqupS3cGlXk2n263N6kDtbwMwUSSBSVUk8DJwM+9Wq+ffjL8VdY0rxWNE8N6i1qtpAY7ySNVbfI+DtGQcFQByMEFmHagDzrwvpmuXPxBeW8muIrhZXuLyZX4mw53fMvyurOMcEg84zivY7P/AJGbQP8AsIL/AOgPWV4deWTw5pzTWqWrmBP3KEkKMcdeRxg47dOetatn/wAjNoH/AGEF/wDQHoA9kooooAKKKKACiiigAooooAKKKKACiiigAooooAKKKKACiiigAooooAKKKKACiiigAooooAKKKKACiiigAooooAKKKKACiiigAooooAKKKKACiiigAooooAKKKKACiiigAooooAKKKKACiiigAooooAKKKKACiiigAooooAKKKKACiiigAooooAKKKKACiiigAooooAKKKKAMS6/5HnSv+wbe/wDo21rbrEuv+R50r/sG3v8A6Nta26ACiiigAooooAKKKKACiiigAooooAKKKKACiiigAooooAKKKKACiiigAooooAKKKKACiiigAooooAjk+/D/AL//ALKakqOT78P+/wD+ympKACiiigAooooAKKKKACiiigAooooAKKKKACiiigAooooAKKKKAI4fuH/fb/0I1JUcP3D/AL7f+hGpKACiiigAooooAKKKKACiiigAooooAKKKKACiiigDD8X+J7Xwf4Xvdbu18xbdP3cQbaZZCcKgPOMkjnBwMnHFeGX194Y+Kfie91dLPyjCIVSNoxHMyryXlwSH3H5Opwqr0JrtPjdp9t4n8PWNlZauv22HUTEtrG6vG0mzLebjlCiHOecb8EfOCOP8FeGW8N6TJHPsa8mkLSshyMAkKAfTHP8AwI0AdLTrP/kZtA/7CC/+gPTadZ/8jNoH/YQX/wBAegD2SiiigAooooAKKKKACiiigAooooAKKKKACiiigAooooAKKKKACiiigAooooAKKKKACiiigAooooAKKKKACiiigAooooAKKKKACiiigAooooAKKKKACiiigAooooAKKKKACiiigAooooAKKKKACiiigAooooAKKKKACiiigAooooAKKKKACiiigAooooAKKKKACiiigAooooAxLr/kedK/7Bt7/wCjbWtusS6/5HnSv+wbe/8Ao21rboAKKKKACiiigAooooAKKKKACiiigAooooAKKKKACiiigAooooAKKKKACiiigAooooAKKKKACiiigCOT78P+/wD+ympKjk+/D/v/APspqSgAooooAKKKKACiiigAooooAKKKKACiiigAooooAKKKKACiiigCOH7h/wB9v/QjUlRw/cP++3/oRqSgAooooAKKKKACiiigAooooAKKKKACiiigAqnq097baRdzadafbL5ImNvb7wokkx8oJJAAzjJz0q5Xgfxe+LuraJ4rbQvDt0kcdtbvHeNsBLSyLxhuoKAhgQR8xIIOMUAeXeDbfVtW8dNdTXFzHOJGub2TJVny24hvXc2Mj0z6V7PWfoUhl0Gxc2YswYV224fdsXHyjOB2x2rQoAKdZ/8AIzaB/wBhBf8A0B6bTrP/AJGbQP8AsIL/AOgPQB7JRRRQAUUUUAFFFFABRRRQAUUUUAFFFFABRRRQAUUUUAFFFFABRRRQAUUUUAFFFFABRRRQAUUUUAFFFFABRRRQAUUUUAFFFFABRRRQAUUUUAFFFFABRRRQAUUUUAFFFFABRRRQAUUUUAFFFFABRRRQAUUUUAFFFFABRRRQAUUUUAFFFFABRRRQAUUUUAFFFFABRRRQAUUUUAYl1/yPOlf9g29/9G2tbdYl1/yPOlf9g29/9G2tbdABRRRQAUUUUAFFFFABRRRQAUUUUAFFFFABRRRQAUUUUAFFFFABRRRQAUUUUAFFFFABRRRQAUUUUARyffh/3/8A2U1JUcn34f8Af/8AZTUlABRRRQAUUUUAFFFFABRRRQAUUUUAFFFFABRRRQAUUUUAFFFFAEcP3D/vt/6EakqOH7h/32/9CNSUAFFFFABRRRQAUUUUAFFFFABRRRQAUUUUAY/ijxLp/hHw/c61qZk+zQbQViALuSQAqgkZPPr6ntXgl7H4T+JPiW61uztY7aNHjxbxosUkuMu7zKMhizuVLDqEHPWu4+Oejv4i0PSILXVVjf7W6x2YQMs8gGCzMDlBGokycHlgOCa43wN4cfw9ohF0gW+uG3zAEHaBwq5HBwOfqTQB09FFFABTrP8A5GbQP+wgv/oD02nWf/IzaB/2EF/9AegD2SiiigAooooAKKKKACiiigAooooAKKKKACiiigAooooAKKKKACiiigAooooAKKKKACiiigAooooAKKKKACiiigAooooAKKKKACiiigAooooAKKKKACiiigAooooAKKKKACiiigAooooAKKKKACiiigAooooAKKKKACiiigAooooAKKKKACiiigAooooAKKKKACiiigAooooAxLr/AJHnSv8AsG3v/o21rbrEuv8AkedK/wCwbe/+jbWtugAooooAKKKKACiiigAooooAKKKKACiiigAooooAKKKKACiiigAooooAKKKKACiiigAooooAKKKKAI5Pvw/7/wD7KakqOT78P+//AOympKACiiigAooooAKKKKACiiigAooooAKKKKACiiigAooooAKKKKAI4fuH/fb/ANCNSVHD9w/77f8AoRqSgAooooAKKKKACiiigAooooAKKKKACqerT3ttpF3Np1p9svkiY29vvCiSTHygkkADOMnPSrleB/F74u6tonittC8O3SRx21u8d42wEtLIvGG6goCGBBHzEgg4xQB5h4Ki1fUfHjXkk88c+5576Rxhn3HJDA/3mI/mOley1n6FIZdBsXNmLMGFdtuH3bFx8ozgdsdq0KACiiigAp1n/wAjNoH/AGEF/wDQHptOs/8AkZtA/wCwgv8A6A9AHslFFFABRRRQAUUUUAFFFFABRRRQAUUUUAFFFFABRRRQAUUUUAFFFFABRRRQAUUUUAFFFFABRRRQAUUUUAFFFFABRRRQAUUUUAFFFFABRRRQAUUUUAFFFFABRRRQAUUUUAFFFFABRRRQAUUUUAFFFFABRRRQAUUUUAFFFFABRRRQAUUUUAFFFFABRRRQAUUUUAFFFFABRRRQBiXX/I86V/2Db3/0ba1t1iXX/I86V/2Db3/0ba1t0AFFFFABRRRQAUUUUAFFFFABRRRQAUUUUAFFFFABRRRQAUUUUAFFFFABRRRQAUUUUAFFFFABRRRQBHJ9+H/f/wDZTUlRyffh/wB//wBlNSUAFFFFABRRRQAUUUUAFFFFABRRRQAUUUUAFFFFABRRRQAUUUUARw/cP++3/oRqSo4fuH/fb/0I1JQAUUUUAFFFFABRRRQAUUUUAFFFFAGP4o8S6f4R8P3OtamZPs0G0FYgC7kkAKoJGTz6+p7V4Jex+E/iT4lutbs7WO2jR48W8aLFJLjLu8yjIYs7lSw6hBz1ruPjno7+ItD0iC11VY3+1usdmEDLPIBgszA5QRqJMnB5YDgmuN8DeHH8PaIRdIFvrht8wBB2gcKuRwcDn6k0AdPRRRQAUUUUAFOs/wDkZtA/7CC/+gPTadZ/8jNoH/YQX/0B6APZKKKKACiiigAooooAKKKKACiiigAooooAKKKKACiiigAooooAKKKKACiiigAooooAKKKKACiiigAooooAKKKKACiiigAooooAKKKKACiiigAooooAKKKKACiiigAooooAKKKKACiiigAooooAKKKKACiiigAooooAKKKKACiiigAooooAKKKKACiiigAooooAKKKKACiiigDEuv8AkedK/wCwbe/+jbWtusS6/wCR50r/ALBt7/6Nta26ACiiigAooooAKKKKACiiigAooooAKKKKACiiigAooooAKKKKACiiigAooooAKKKKACiiigAooooAjk+/D/v/APspqSo5Pvw/7/8A7KakoAKKKKACiiigAooooAKKKKACiiigAooooAKKKKACiiigAooooAjh+4f99v8A0I1JUcP3D/vt/wChGpKACiiigAooooAKKKKACiiigArP129utN0DUL2xspL27t7d5IbaMZaVwpIUDqeew59ATxWhXhHxY+MOp6B4pn0HQXh8qK1aG7kI+ZZXwcowPDIuMHkZY5BwMAHlXghNW1Px4949xMk4eSa+kYcvk/MrA92Y/wAyORXs1Z+iiF9Is7iOyFoZLaMeWcFkUDKqT3AycfU8DmtCgAooooAKKKKACnWf/IzaB/2EF/8AQHptOs/+Rm0D/sIL/wCgPQB7JRRRQAUUUUAFFFFABRRRQAUUUUAFFFFABRRRQAUUUUAFFFFABRRRQAUUUUAFFFFABRRRQAUUUUAFFFFABRRRQAUUUUAFFFFABRRRQAUUUUAFFFFABRRRQAUUUUAFFFFABRRRQAUUUUAFFFFABRRRQAUUUUAFFFFABRRRQAUUUUAFFFFABRRRQAUUUUAFFFFABRRRQAUUUUAYl1/yPOlf9g29/wDRtrW3WJdf8jzpX/YNvf8A0ba1t0AFFFFABRRRQAUUUUAFFFFABRRRQAUUUUAFFFFABRRRQAUUUUAFFFFABRRRQAUUUUAFFFFABRRRQBHJ9+H/AH//AGU1JUcn34f9/wD9lNSUAFFFFABRRRQAUUUUAFFFFABRRRQAUUUUAFFFFABRRRQAUUUUARw/cP8Avt/6EakqOH7h/wB9v/QjUlABRRRQAUUUUAFFFFABRRRQBj+KPEun+EfD9zrWpmT7NBtBWIAu5JACqCRk8+vqe1eCarpHhTx74w1DX9MMaW3nofLh+X7Rjl5JYzypchh/DkDcRkmuy+P2jahrOj6NDZXqf8fTBdPK4MzbGPmbs4G0AjkAfP15Ark/A3hx/D2iEXSBb64bfMAQdoHCrkcHA5+pNAHT0UUUAFFFFABRRRQAU6z/AORm0D/sIL/6A9Np1n/yM2gf9hBf/QHoA9kooooAKKKKACiiigAooooAKKKKACiiigAooooAKKKKACiiigAooooAKKKKACiiigAooooAKKKKACiiigAooooAKKKKACiiigAooooAKKKKACiiigAooooAKKKKACiiigAooooAKKKKACiiigAooooAKKKKACiiigAooooAKKKKACiiigAooooAKKKKACiiigAooooAKKKKAMS6/wCR50r/ALBt7/6Nta26xLr/AJHnSv8AsG3v/o21rboAKKKKACiiigAooooAKKKKACiiigAooooAKKKKACiiigAooooAKKKKACiiigAooooAKKKKACiiigCOT78P+/8A+ympKjk+/D/v/wDspqSgAooooAKKKKACiiigAooooAKKKKACiiigAooooAKKKKACiiigCOH7h/32/wDQjUlRw/cP++3/AKEakoAKKKKACiiigAooooAKz9dvbrTdA1C9sbKS9u7e3eSG2jGWlcKSFA6nnsOfQE8VoV4R8WPjDqegeKZ9B0F4fKitWhu5CPmWV8HKMDwyLjB5GWOQcDAB5j4HuNd1Lxi7PezgCSW4vPMAOWdlL8EYDOyoCRg4X2r1+s/RRC+kWdxHZC0MltGPLOCyKBlVJ7gZOPqeBzWhQAUUUUAFFFFABRRRQAU6z/5GbQP+wgv/AKA9Np1n/wAjNoH/AGEF/wDQHoA9kooooAKKKKACiiigAooooAKKKKACiiigAooooAKKKKACiiigAooooAKKKKACiiigAooooAKKKKACiiigAooooAKKKKACiiigAooooAKKKKACiiigAooooAKKKKACiiigAooooAKKKKACiiigAooooAKKKKACiiigAooooAKKKKACiiigAooooAKKKKACiiigAooooAKKKKAMS6/5HnSv+wbe/wDo21rbrEuv+R50r/sG3v8A6Nta26ACiiigAooooAKKKKACiiigAooooAKKKKACiiigAooooAKKKKACiiigAooooAKKKKACiiigAooooAjk+/D/AL//ALKakqOT78P+/wD+ympKACiiigAooooAKKKKACiiigAooooAKKKKACiiigAooooAKKKKAI4fuH/fb/0I1JUcP3D/AL7f+hGpKACiiigAooooAKKKKAMfxR4l0/wj4fuda1MyfZoNoKxAF3JIAVQSMnn19T2rwTVdI8KePfGGoa/phjS289D5cPy/aMcvJLGeVLkMP4cgbiMk12Xx+0bUNZ0fRobK9T/j6YLp5XBmbYx8zdnA2gEcgD5+vIFcn4G8OP4e0Qi6QLfXDb5gCDtA4Vcjg4HP1JoA6eiiigAooooAKKKKACiiigAp1n/yM2gf9hBf/QHptOs/+Rm0D/sIL/6A9AHslFFFABRRRQAUUUUAFFFFABRRRQAUUUUAFFFFABRRRQAUUUUAFFFFABRRRQAUUUUAFFFFABRRRQAUUUUAFFFFABRRRQAUUUUAFFFFABRRRQAUUUUAFFFFABRRRQAUUUUAFFFFABRRRQAUUUUAFFFFABRRRQAUUUUAFFFFABRRRQAUUUUAFFFFABRRRQAUUUUAFFFFABRRRQBiXX/I86V/2Db3/wBG2tbdYl1/yPOlf9g29/8ARtrW3QAUUUUAFFFFABRRRQAUUUUAFFFFABRRRQAUUUUAFFFFABRRRQAUUUUAFFFFABRRRQAUUUUAFFFFAEcn34f9/wD9lNSVHJ9+H/f/APZTUlABRRRQAUUUUAFFFFABRRRQAUUUUAFFFFABRRRQAUUUUAFFFFAEcP3D/vt/6EakqOH7h/32/wDQjUlABRRRQAUUUUAFZfiPU7jRvDt/qFpYz311DETDbQRNI0sh4UbV5xkjJHQZPatSvDfip8Zr7w94iuvDmiR27olsY7m5O4Sxyupx5bA4BUFTkg85HagDyrwJd63q3i4y/b5iheW5u2bDBi5UucEYDOVQEjBwPavYaz9Ggsl0+G5s7EWonhj4aNVkKhcIGx1wPU8VoUAFFFFABRRRQAUUUUAFFFFABTrP/kZtA/7CC/8AoD02nWf/ACM2gf8AYQX/ANAegD2SiiigAooooAKKKKACiiigAooooAKKKKACiiigAooooAKKKKACiiigAooooAKKKKACiiigAooooAKKKKACiiigAooooAKKKKACiiigAooooAKKKKACiiigAooooAKKKKACiiigAooooAKKKKACiiigAooooAKKKKACiiigAooooAKKKKACiiigAooooAKKKKACiiigAooooAxLr/kedK/7Bt7/AOjbWtusS6/5HnSv+wbe/wDo21rboAKKKKACiiigAooooAKKKKACiiigAooooAKKKKACiiigAooooAKKKKACiiigAooooAKKKKACiiigCOT78P8Av/8AspqSo5Pvw/7/AP7KakoAKKKKACiiigAooooAKKKKACiiigAooooAKKKKACiiigAooooAjh+4f99v/QjUlRw/cP8Avt/6EakoAKKKKACiiigDL8QeIdM8L6PJqurXHkWcbojOFLHLMFGAOT1zxk4Br581Lw74Z8a+KrzxFo58vT2vdxUFm+1H70jOrnKFnbgcDaB8o3cdj+0DpGr6vp+hwWFxC0JuHzZFtsksm3IcZ4wqhwScY3DruAHK+AdAbQ/D6vPGUvLsiWUMMFR/Cp+g5x2JNAHVUUUUAFFFFABRRRQAUUUUAFFFFABTrP8A5GbQP+wgv/oD02nWf/IzaB/2EF/9AegD2SiiigAooooAKKKKACiiigAooooAKKKKACiiigAooooAKKKKACiiigAooooAKKKKACiiigAooooAKKKKACiiigAooooAKKKKACiiigAooooAKKKKACiiigAooooAKKKKACiiigAooooAKKKKACiiigAooooAKKKKACiiigAooooAKKKKACiiigAooooAKKKKACiiigAooooAxLr/AJHnSv8AsG3v/o21rbrEuv8AkedK/wCwbe/+jbWtugAooooAKKKKACiiigAooooAKKKKACiiigAooooAKKKKACiiigAooooAKKKKACiiigAooooAKKKKAI5Pvw/7/wD7KakqOT78P+//AOympKACiiigAooooAKKKKACiiigAooooAKKKKACiiigAooooAKKKKAI4fuH/fb/ANCNSVHD9w/77f8AoRqSgAooooAKy/Eep3GjeHb/AFC0sZ766hiJhtoImkaWQ8KNq84yRkjoMntWpXhvxU+M194e8RXXhzRI7d0S2MdzcncJY5XU48tgcAqCpyQecjtQB5l4F1bxBrPitGn1Ce4gjE00wnYuq+Y259oP3Sz4J24yRk5xXrNZ+jQWS6fDc2diLUTwx8NGqyFQuEDY64HqeK0KACiiigAooooAKKKKACiiigAooooAKdZ/8jNoH/YQX/0B6bTrP/kZtA/7CC/+gPQB7JRRRQAUUUUAFFFFABRRRQAUUUUAFFFFABRRRQAUUUUAFFFFABRRRQAUUUUAFFFFABRRRQAUUUUAFFFFABRRRQAUUUUAFFFFABRRRQAUUUUAFFFFABRRRQAUUUUAFFFFABRRRQAUUUUAFFFFABRRRQAUUUUAFFFFABRRRQAUUUUAFFFFABRRRQAUUUUAFFFFABRRRQAUUUUAYl1/yPOlf9g29/8ARtrW3WJdf8jzpX/YNvf/AEba1t0AFFFFABRRRQAUUUUAFFFFABRRRQAUUUUAFFFFABRRRQAUUUUAFFFFABRRRQAUUUUAFFFFABRRRQBHJ9+H/f8A/ZTUlRyffh/3/wD2U1JQAUUUUAFFFFABRRRQAUUUUAFFFFABRRRQAUUUUAFFFFABRRRQBHD9w/77f+hGpKjh+4f99v8A0I1JQAUUUUAZfiDxDpnhfR5NV1a48izjdEZwpY5ZgowByeueMnANfPmpeHfDPjXxVeeItHPl6e17uKgs32o/ekZ1c5Qs7cDgbQPlG7jsf2gdI1fV9P0OCwuIWhNw+bIttklk25DjPGFUOCTjG4ddwA5XwDoDaH4fV54yl5dkSyhhgqP4VP0HOOxJoA6qiiigAooooAKKKKACiiigAooooAKKKKACnWf/ACM2gf8AYQX/ANAem06z/wCRm0D/ALCC/wDoD0AeyUUUUAFFFFABRRRQAUUUUAFFFFABRRRQAUUUUAFFFFABRRRQAUUUUAFFFFABRRRQAUUUUAFFFFABRRRQAUUUUAFFFFABRRRQAUUUUAFFFFABRRRQAUUUUAFFFFABRRRQAUUUUAFFFFABRRRQAUUUUAFFFFABRRRQAUUUUAFFFFABRRRQAUUUUAFFFFABRRRQAUUUUAFFFFAGJdf8jzpX/YNvf/RtrW3WJdf8jzpX/YNvf/RtrW3QAUUUUAFFFFABRRRQAUUUUAFFFFABRRRQAUUUUAFFFFABRRRQAUUUUAFFFFABRRRQAUUUUAFFFFAEcn34f9//ANlNSVHJ9+H/AH//AGU1JQAUUUUAFFFFABRRRQAUUUUAFFFFABRRRQAUUUUAFFFFABRRRQBHD9w/77f+hGpKjh+4f99v/QjUlABWP4r1tvDnhTU9ZS3kuHs7dpViRC24gcZxyFzyT2AJ7VsV4n8TPjPL4e8R3vhvTYUeNbXyp7yNiJbeZ8cpzg7UPTj5j1G0ggHlngXVvEGs+K0afUJ7iCMTTTCdi6r5jbn2g/dLPgnbjJGTnFes1maLY6bb2MVzp1ilotxDGxURhGIxkbgP4huOa06ACiiigAooooAKKKKACiiigAooooAKKKKACnWf/IzaB/2EF/8AQHptOs/+Rm0D/sIL/wCgPQB7JRRRQAUUUUAFFFFABRRRQAUUUUAFFFFABRRRQAUUUUAFFFFABRRRQAUUUUAFFFFABRRRQAUUUUAFFFFABRRRQAUUUUAFFFFABRRRQAUUUUAFFFFABRRRQAUUUUAFFFFABRRRQAUUUUAFFFFABRRRQAUUUUAFFFFABRRRQAUUUUAFFFFABRRRQAUUUUAFFFFABRRRQAUUUUAYl1/yPOlf9g29/wDRtrW3WJdf8jzpX/YNvf8A0ba1t0AFFFFABRRRQAUUUUAFFFFABRRRQAUUUUAFFFFABRRRQAUUUUAFFFFABRRRQAUUUUAFFFFABRRRQBHJ9+H/AH//AGU1JUcn34f9/wD9lNSUAFFFFABRRRQAUUUUAFFFFABRRRQAUUUUAFFFFABRRRQAUUUUARw/cP8Avt/6EakqOH7h/wB9v/QjUlAGbruv6X4Z0mTVNYu1tbOMqrSFWbknAAVQSeT2Hv2r541XwVoniLxpf65pty39lNfMwQt5wuiuBI4csTtaQP3ORyMAgDq/2htP1zUbPR4bNoZLASMfsqOTPLMEYltmMFVRcAg5zJjHIrnfAOgNofh9XnjKXl2RLKGGCo/hU/Qc47EmgDqqKKKACiiigAooooAKKKKACiiigAooooAKKKKACnWf/IzaB/2EF/8AQHptOs/+Rm0D/sIL/wCgPQB7JRRRQAUUUUAFFFFABRRRQAUUUUAFFFFABRRRQAUUUUAFFFFABRRRQAUUUUAFFFFABRRRQAUUUUAFFFFABRRWP4muLm20ZTaXL200l3aweciqzIslxGjEBgRnax6g0AbFFYn9h6j/ANDXrH/fq0/+MUf2HqP/AENesf8Afq0/+MUAbdFYn9h6j/0Nesf9+rT/AOMUf2HqP/Q16x/36tP/AIxQBt0Vif2HqP8A0Nesf9+rT/4xR/Yeo/8AQ16x/wB+rT/4xQBt0Vif2HqP/Q16x/36tP8A4xR/Yeo/9DXrH/fq0/8AjFAG3RWJ/Yeo/wDQ16x/36tP/jFH9h6j/wBDXrH/AH6tP/jFAG3RWJ/Yeo/9DXrH/fq0/wDjFH9h6j/0Nesf9+rT/wCMUAbdFYn9h6j/ANDXrH/fq0/+MUf2HqP/AENesf8Afq0/+MUAbdFYn9h6j/0Nesf9+rT/AOMVBbJqGn+K7Oym1m8vre4sbiVkuY4BtdHgCkGONT0kbrntQB0VFFFABRRRQAUUUUAFFFFABRRRQAUUUUAFFFFABRRRQAUUUUAFFFFABRRRQAUUUUAFFFFABRRRQBiXX/I86V/2Db3/ANG2tbdYl1/yPOlf9g29/wDRtrW3QAUUUUAFFFFABRRRQAUUUUAFFFFABRRRQAUUUUAFFFFABRRRQAUUUUAFFFFABRRRQAUUUUAFFFFAEcn34f8Af/8AZTUlRyffh/3/AP2U1JQAUUUUAFFFFABRRRQAUUUUAFFFFABRRRQAUUUUAFFFFABRRRQBHD9w/wC+3/oRrL8V623hzwpqespbyXD2du0qxIhbcQOM45C55J7AE9q1IfuH/fb/ANCNeL/Ez4zy+HvEd74b02FHjW18qe8jYiW3mfHKc4O1D04+Y9RtIIB5n4J8ReJvEHilTf6jPfxRxyM73btJ5SsVzsyflyVUYHGAeOK9SrM0Wx023sYrnTrFLRbiGNiojCMRjI3AfxDcc1p0AFFFFABRRRQAUUUUAFFFFABRRRQAUUUUAFFFFABTrP8A5GbQP+wgv/oD02nWf/IzaB/2EF/9AegD2SiiigAooooAKKKKACiiigAooooAKKKKACiiigAooooAKKKKACiiigAooooAKKKKACiiigAooooAKKKKACsTxX/yB4P+wlYf+lcNbdYniv8A5A8H/YSsP/SuGgCx4g1uDw7o0up3EE88cbxx+VAFLs0kixqBuIHVh1Irmf8AhZsH/Qta5+dr/wDH6ufEr/kSZv8Ar9sf/SuGuGoA63/hZsH/AELWufna/wDx+j/hZsH/AELWufna/wDx+uSooA63/hZsH/Qta5+dr/8AH6P+Fmwf9C1rn52v/wAfrkqKAOt/4WbB/wBC1rn52v8A8fo/4WbB/wBC1rn52v8A8frkqKAO20v4hWupazZaY2i6raSXjtHFLP5BTcsbSYOyVj0Ru1TeL/Emp6Lf6Jp+k2Vrc3eqTvCv2qVo0TahbJKgnse1cTo//I7eGf8Ar9l/9JJ66Tx1PFb+M/Ass8qRRrfz7ndgoH7hupNAFlPF2s6RqlhZeKtFt7SC/mFtBfWV0ZovOOdqOGVWXOMA8jPpXZ153491Ww199F8N6Vdw3mo3Gp287JbyBzBDG+95GI+6ABgZ654r0F5Y4igkkVC7bU3HG49cD1PBoAfRRRQAViXX/I86V/2Db3/0ba1t1iXX/I86V/2Db3/0ba0AbdFFFABRRRQAUUUUAFFFFABRRRQAUUUUAFFFFABRRRQAUUUUAFFFFABRRRQAUUUUAFFFFABRRRQBiXX/ACPOlf8AYNvf/RtrW3WJdf8AI86V/wBg29/9G2tbdABRRRQAUUUUAFFFFABRRRQAUUUUAFFFFABRRRQAUUUUAFFFFABRRRQAUUUUAFFFFABRRRQAUUUUARyffh/3/wD2U1JUcn34f9//ANlNSUAFFFFABRRRQAUUUUAFFFFABRRRQAUUUUAFFFFABRRRQAUUUUAZOr6/pfhnRptU1i7W1s45CrSFWbkvgAKoJPJ7D37V8+ar4K0TxF40v9c025b+ymvmYIW84XRXAkcOWJ2tIH7nI5GAQB0/7QGn65qNhpENm0MlgJ5T9lRyZ5ZgHJbZjBVUXAIOcyYxyKwfAOgNofh9XnjKXl2RLKGGCo/hU/Qc47EmgDqqKKKACiiigAooooAKKKKACiiigAooooAKKKKACiiigAp1n/yM2gf9hBf/AEB6bTrP/kZtA/7CC/8AoD0AeyUUUUAFFFFABRRRQAUUUUAFFFFABRRRQAUUUUAFFFFABRRRQAUUUUAFFFFABRRRQAUUUUAFFFFABRRRQAVieK/+QPB/2ErD/wBK4a26xPFf/IHg/wCwlYf+lcNAGX8TpI4fAlzLK6pGl3ZMzscBQLqLJJ7CvNf+Ej0L/oNad/4FJ/jXvNFAHg3/AAkehf8AQa07/wACk/xo/wCEj0L/AKDWnf8AgUn+Ne80UAeDf8JHoX/Qa07/AMCk/wAaP+Ej0L/oNad/4FJ/jXvNFAHg3/CR6F/0GtO/8Ck/xo/4SPQv+g1p3/gUn+Ne80UAeJ+HdW02/wDHfhqKz1C0uJBdysUhmVyB9ln5wD05Fevanoula1HHHqumWV+kZ3It1AsoU+oDA4q9RQBR07RdK0dWXTNMs7JW+8LaBYwfrtArlvF+lRL4r8Kap9ou2lOrLEImnYwqDBLkhOgPyjnr19a7eqt5p1pfyWkl1F5jWk4uIDuI2SBWXPB54Zhg8c0AWqKKKACsS6/5HnSv+wbe/wDo21rbrEuv+R50r/sG3v8A6NtaANuiiigAooooAKKKKACiiigAooooAKKKKACiiigAooooAKKKKACiiigAqjrN/LpejXl/Dam6e2iaXyVbaXCjJAODzjNXqCAQQRkHtQBz2oeLbe18LWet20DXX24wra26vtaR5SAFz2Iyc/Q1uzTxW1vJcXEiRQxIXkkdsKigZJJPQAd6808OaXcf8Jl/wjsqZ0zw3PLdwHOQ3nDMCn3UNL+Qr0m7SZ7OdLfyjM0bCPzlJTdjjcByRnrQBkf8Jt4V/wChk0n/AMDI/wDGte1ure9to7m1njngkG5JI2DKw9QR1rlv7L8Wf88/Cv8A4By//FV02nx3EVhCl2LcXCrh/sylY8/7IPIFAHNX/hd9d8SX9zr8kj6PDHGljbx3LxrnGZJHCkc54GT0FR/Di5muNI1GP7VNd6fb6jLDp9xMxZpIBjHzH7wB3AH29qx/El9Pqnim60/V9L8QSaBahBHBYWMrJeuRljI6jlB0Cg4J5NdroF/bX+nAWmm3mnwQHykgurQ25AAH3VP8PNAGfrOoQ6b4y0iadLl1bT7xQLe2knbPmWx+7GrEDjrjH51p2Wu2l/MYoYdQVgu4mfTriFcfV0Azz061Wuv+R50r/sG3v/o21rboAj85fST/AL9t/hR5y+kn/ftv8KkooAj85fST/v23+FHnL6Sf9+2/wqSigCPzl9JP+/bf4UecvpJ/37b/AAqSigCPzl9JP+/bf4UecvpJ/wB+2/wqSigCPzl9JP8Av23+FHnL6Sf9+2/wqSigCPzl9JP+/bf4UecvpJ/37b/CpKKAI/OX0k/79t/hR5y+kn/ftv8ACpKKAI/OX0k/79t/hR5y+kn/AH7b/CpKKAI/OX0k/wC/bf4UecvpJ/37b/CpKKAI/OX0k/79t/hR5y+kn/ftv8KkooAj85fST/v23+FHnL6Sf9+2/wAKkooAj85fST/v23+FHnL6Sf8Aftv8KkooAj85fST/AL9t/hR5y+kn/ftv8KkooAj85fST/v23+FHnL6Sf9+2/wqSigCvJMu+LiT7/APzzb+6fapPOX0k/79t/hRJ9+H/f/wDZTUlAEfnL6Sf9+2/wo85fST/v23+FSUUAR+cvpJ/37b/Cjzl9JP8Av23+FSUUAR+cvpJ/37b/AAo85fST/v23+FSUUAR+cvpJ/wB+2/wo85fST/v23+FSUUAR+cvpJ/37b/Cjzl9JP+/bf4VJRQBH5y+kn/ftv8KPOX0k/wC/bf4VJRQBH5y+kn/ftv8ACjzl9JP+/bf4VJRQBH5y+kn/AH7b/Cjzl9JP+/bf4VJRQBH5y+kn/ftv8KxPF/ieHwr4S1LW5I3f7LFlEKNhpCQqA+gLFQT6Vv14v8S/jQPD2t6h4Z0+1MjiBYpL6OXD20jZ3FVxhiFKkcjDZz0oA8v8EeIvEuv+KVN9qM1/FHHK0jXbtJ5QcqTsyflJKrwOMZ44r1KszR9L0qwgNxpdqkCXSIxKqV3AL8uQenHsOSc85rToAKKKKACiiigAooooAKKKKACiiigAooooAKKKKACiiigArB0nxhpV58Q9G0qGUs8V8h87jYzbWBUHuckAep49M53xCudWh0RYtLyRLvNwIwTKI1XczAD+EAHcewx2Jpnwi+Eb6zLa+I/EMBXTN+61tXGDckAkO3+xxwP4vp1APpTzl9JP+/bf4UecvpJ/37b/AAqSigCPzl9JP+/bf4UecvpJ/wB+2/wqSigCPzl9JP8Av23+FHnL6Sf9+2/wqSigCPzl9JP+/bf4UecvpJ/37b/CpKKAI/OX0k/79t/hR5y+kn/ftv8ACpKKAI/OX0k/79t/hR5y+kn/AH7b/CpKKAI/OX0k/wC/bf4UecvpJ/37b/CpKKAI/OX0k/79t/hR5y+kn/ftv8KkooAj85fST/v23+FHnL6Sf9+2/wAKkooAj85fST/v23+FHnL6Sf8Aftv8KkooAj85fST/AL9t/hR5y+kn/ftv8KkooAj85fST/v23+FHnL6Sf9+2/wqSigCPzl9JP+/bf4UecvpJ/37b/AAqSigCPzl9JP+/bf4UecvpJ/wB+2/wqSigCPzl9JP8Av23+FKsiscAN+KEU+igArE8V/wDIHg/7CVh/6Vw1t1ieK/8AkDwf9hKw/wDSuGgDYmmitoXmnlSKJBlndgqqPUk9Kzv+El0H/oN6b/4FJ/jVHx3pN3r3gbV9LsEV7q6gMcSswUE5Hc9K+bv+FC+PP+fG0/8AAtKAPp//AISXQf8AoN6b/wCBSf40+LxBos0qRRavYSSOwVES5QliegAzya+Xf+FC+PP+fG0/8C0rW8LfBXxppXi/RdRurO2W2tL+CeUrcqSEWRWOB34BoA+naKKKAIrm5gs4Gnup44IVxuklcKoycDJPHU1Q/wCEl0H/AKDem/8AgUn+NY3xN0G/8T/D3VNH0xEe8uPK8tXcKDtlRjyfZTXzz/woXx5/z42n/gWlAH1La61pV7OIbTU7OeUjISKdWYj6A1erwT4TfCvxT4S8cR6rq1tbx2q28iFknVzkgY4Fek+MN+j+IvD/AImR2W3in/s++Gfl8mYhVY/7smz/AL6NAHZUV5jZ6nKmnan4sbXrbSRq+pFLaa7tWuENtErJGoQOuC21nznvV7QvFEt7rdrbN450i/EjY+zQ6S8TycHgMZSB+RoA9AorxfxPP/ZfjG90C01KeDw1qVxA+syxgkafJJn5FfPyCXCg/wB3OeM17LDDHbwRwQoEijUIijooAwBQA+sS6/5HnSv+wbe/+jbWtusS6/5HnSv+wbe/+jbWgDbooooAKKKKACiiigAooooAKKKKACiiigAooooAKKKKACiiigAooooAKjnjM1vJEJXiLqVEkeNyZHUZBGR9KkooAytD0C30KO58qe5uri6l864ubpg0kjYAGSABgAAAAACtWiigAooooAKKKKAMS6/5HnSv+wbe/wDo21rbrEuv+R50r/sG3v8A6Nta26ACiiigAooooAKKKKACiiigAooooAKKKKACiiigAooooAKKKKACiiigAooooAKKKKACiiigAooooAjk+/D/AL//ALKakqOT78P+/wD+ympKACiiigAooooAKKKKACiiigAooooAKKKKACiiigAooooAo6trOnaFY/bdUvIrS28xIvNlbChnYKMntyeT0AyTgAmvm3UvAuma141vda0+8ebSJNReQiZvMNwMkuyuOqmTIGc5X5txJrrP2i7fXbyLQ7a0iE2mF3YxQtulecDqY+pULnDDONzZxlc4ngDRpNI8MRecWE1032hkJ4QEDAx64Az9cdqAOpooooAKKKKACiiigAooooAKKKKACiiigAooooAKKKKACopJJDNDa2sDXN7cNtgt0OC57knso6ljwB+Arn4/GunXXiE6JZBri7dlityGCxyzM23ZuPA5I56de+AfZ/CnhSPw/C9zcutzq1woFxcAYCjqI4weiD8yeTz0ADwp4Uj8Pwvc3Lrc6tcKBcXAGAo6iOMHog/Mnk89N9lVDAqgBQ2AAOANpqWo5Pvw/wC//wCymgCSiiigAooooAKKKKACiiigAooooAKKKKACiiigAooooAKKKKACiiigAooooAKKKKACiiigAooooAKKKKACsTxX/wAgeD/sJWH/AKVw1t1ieK/+QPB/2ErD/wBK4aANuimTTRW0LzTypFEgyzuwVVHqSelVrTV9Mv5TFZ6jaXMgXcUhnVyB64B6cj86ALlFULnXNJs52gutUsoJlxujluEVhkZGQTnoasSX1pFZC8kuoEtSoYTtIAmDjB3dMHIx9aAJ6Kp2mr6ZfymKz1G0uZAu4pDOrkD1wD05H50y51zSbOdoLrVLKCZcbo5bhFYZGRkE56GgC/RUEl9aRWQvJLqBLUqGE7SAJg4wd3TByMfWorTV9Mv5TFZ6jaXMgXcUhnVyB64B6cj86ALlct47sdV1nQZNC03T4p01JTBPdSyqq2qkj59p5Y4yRjuBXQDUbI3xsReW5u1GTAJV8wDGfu5z05qQ3MAuhameP7QU8wRbxvK5xux1xnjNADLCxg0zTrawtU2W9tEsMS+iqMAfkKsVElzBJcSW6TRtNEAZIwwLID0JHUZwaloAx4/CuiR6VqGmCwVrTUXeS7SR2czM/wB4sxJbP48YGMYrRs7SGwsoLS3DiGBBGgd2chQMDLMST9Sa4668baxM+rXOieHUvtM0maSC4mlvPKkleP8A1giTac7emSRkjArp9I13T9bsrW5s7hGNzbJdJEWHmCNwCCVzkdcfWgDRrEuv+R50r/sG3v8A6Nta1oLq3uhIbeeKXy3Mb+W4baw6qcdCPSsm6/5HnSv+wbe/+jbWgDbooooAKKKKACiiigAooooAKKKKACiiigAooooAKKKKACiiigAooooAKKKKACiiigAooooAKKKKAMS6/wCR50r/ALBt7/6Nta26xLr/AJHnSv8AsG3v/o21rboAKKKKACiiigAooooAKKKKACiiigAooooAKKKKACiiigAooooAKKKKACiiigAooooAKKKKACiiigCOT78P+/8A+ympKjk+/D/v/wDspqSgAooooAKKKKACiiigAooooAKKKKACiiigAooooAKw/GPiKPwn4R1LXJE3/ZYsomOGkJCoDjsWZQT2FbleL/Ev40Dw9reoeGdPtTI4gWKS+jlw9tI2dxVcYYhSpHIw2c9KAPN/BXivxL4k8RQx6neNqENvDJmW4yXhVm3EKfVn29c8KAMBQK9KrM0fS9KsIDcaXapAl0iMSqldwC/LkHpx7DknPOa06ACiiigAooooAKKKKACiiigAooooAKKKKACiiigArzDx1463+bpGkS/LytxcIevqqn09TVj4i+LLqzkbRLNJIC6BpZyMb1PZD6difqPWtf4QfCBtdaHxH4jgI0sEPa2jjm5PZmH/ADz9v4vp1AD4QfCBtdaHxH4jgI0sEPa2jjm5PZmH/PP2/i+nX6WpFVUUKoAUDAAHAFLQAVHJ9+H/AH//AGU1JUcn34f9/wD9lNAElFFFABRRRQAUUUUAFFFFABRRRQAUUUUAFFFFABRRRQAUUUUAFFFFABRRRQAUUUUAFFFFABRRRQAUUUUAFYniv/kDwf8AYSsP/SuGtusTxX/yB4P+wlYf+lcNAEHjvSbvXvA2r6XYIr3V1AY4lZgoJyO56V5j8G/hn4l8GeL7vUdZtoI7aSweBTHOrneZI2HA9lNe4UUAfPPxN+Eni3xP8QtU1jTLW3ezuPK8tnuFUnbEing+6mvQ/EfhHVtS+B0Pha2ijbVUsLOAoZAF3xtEX+bp/Aa9DooA8P8Ag38M/Evgzxfd6jrNtBHbSWDwKY51c7zJGw4HsprJ+Jvwk8W+J/iFqmsaZa272dx5Xls9wqk7YkU8H3U19DUUAeeeI/COral8DofC1tFG2qpYWcBQyALvjaIv83T+A1yXwb+GfiXwZ4vu9R1m2gjtpLB4FMc6ud5kjYcD2U17hRQB5jZ+Ctah+PeoeLXhiGkzW4RJPNG4nyUT7vXqpra8dINKvdE8Wp8o0u58m8b/AKdZsI5PrtbY3tg12lc54x0fVvEGl/2RYz2lvZXgaK/llDGVYjjIjA4yRuHPTIoA5TTkln8PXXiZptdgn13UDco2kW6yzC3ClIFYMjDZsUNnHVqvaFPO2t2qtqPjmRS3KahYxpAeD99hCpA/EV3lvBFa20VvAgjhiQIiL0VQMAflUlAHnWoau/i251HRNMvrPR9Eime2vr4uonuH6SJCvRR1BkOec4HGaoePLIWzeH7HwSCniW3tXSyNuwwtkqYbeTkFc7Quf48Y7120ngjwnNK8svhfRXkclmZtPiJYnqSdvJrStNJ02wl82z0+0tpPKWHfDCqHy1+6mQPujsOgoAxvAMmjyeC9O/sNXS0VCrJL/rVlz+8En+3uzn39qtXX/I86V/2Db3/0ba1p2thZ2TTtaWkFu1xIZZjFGEMjnqzY6k+p5rMuv+R50r/sG3v/AKNtaANuiiigAooooAKKKKACiiigAooooAKKKKACiiigAooooAKKKKACiiigAooooAKKKKACiiigAooooAxLr/kedK/7Bt7/AOjbWtusS6/5HnSv+wbe/wDo21rboAKKKKACiiigAooooAKKKKACiiigAooooAKKKKACiiigAooooAKKKKACiiigAooooAKKKKACiiigCOT78P8Av/8AspqSo5Pvw/7/AP7KakoAKKKKACiiigAooooAKKKKACiiigAooooAKKKKAKOrazp2hWP23VLyK0tvMSLzZWwoZ2CjJ7cnk9AMk4AJr5t1LwLpmteNb3WtPvHm0iTUXkImbzDcDJLsrjqpkyBnOV+bcSa6z9ou3128i0O2tIhNphd2MULbpXnA6mPqVC5wwzjc2cZXOJ4A0aTSPDEXnFhNdN9oZCeEBAwMeuAM/XHagDqaKKKACiiigAooooAKKKKACiiigAooooAKKKKACopJJDNDa2sDXN7cNtgt0OC57knso6ljwB+Aqlaa1aapctZ6RIuoX/m+SttC3zF/Unsg6l+gwe/FeqeFPCkfh+F7m5dbnVrhQLi4AwFHURxg9EH5k8nnoAZFp8LNCubGE+IrWLVNREqTvM2QqlekaDP+r5IKn73U84x3SqqKFUAKBgADgClooAKKKKACo5Pvw/7/AP7KakqOT78P+/8A+ymgCSiiigAooooAKKKKACiiigAooooAKKKKACiiigAooooAKKKKACiiigAooooAKKKKACiiigAooooAKKKKACquo6dbarZNaXau0LMj/JI0bBlYMpDKQQQyg5B7VaooAxP+EU07/n51j/wc3f8A8do/4RTTv+fnWP8Awc3f/wAdrbooAxP+EU07/n51j/wc3f8A8do/4RTTv+fnWP8Awc3f/wAdrbooAxP+EU07/n51j/wc3f8A8do/4RTTv+fnWP8Awc3f/wAdrbooAxP+EU07/n51j/wc3f8A8do/4RTTv+fnWP8Awc3f/wAdrbooAxP+EU07/n51j/wc3f8A8do/4RTTv+fnWP8Awc3f/wAdrbooAxP+EU07/n51j/wc3f8A8do/4RTTv+fnWP8Awc3f/wAdrbooAxP+EU07/n51j/wc3f8A8do/4RTTv+fnWP8Awc3f/wAdrbooAxP+EU07/n51j/wc3f8A8dqex8Pafp98L2E3klwImiV7m+nn2oxUsAJHYDJRenoK1KKACiiigAooooAKKKKACiiigAooooAKKKKACiiigAooooAKKKKACiiigAooooAKKKKACiiigAooooAxLr/kedK/7Bt7/wCjbWtusS6/5HnSv+wbe/8Ao21rboAKKKKACiiigAooooAKKKKACiiigAooooAKKKKACiiigAooooAKKKKACiiigAooooAKKKKACiiigCOT78P+/wD+ympKjk+/D/v/APspqSgAooooAKKKKACiiigAooooAKKKKACiiigArB8Z+JoPCHhPUNan2sYI/wBzGT/rJTwi/iSM+gye1b1eOfEr4u6dpuoat4OW2LmW1FvNe5DpE8hAcFMchY2Jzk/MApXqaAPMvBXivxL4k8RQx6neNqENvDJmW4yXhVm3EKfVn29c8KAMBQK9KrK0PR9J0y2abSbYQx3QWRj82WGMjhuR16cYz0rVoAKKKKACiiigAooooAKKKKACiiigAooooAK8w8deOt/m6RpEvy8rcXCHr6qp9PU0eOvHW/zdI0iX5eVuLhD19VU+nqa3/hB8IG11ofEfiOAjSwQ9raOObk9mYf8APP2/i+nUA0PgN8PtWh1CLxfdzz2NoY2S3gU4N2rDkuP+efQj1IBGMAn6GpFVUUKoAUDAAHAFLQAUUUUAFFFFABUcn34f9/8A9lNSVHJ9+H/f/wDZTQBJRRRQAUUUUAFFFFABRRRQAUUUUAFFFFABRRRQAUUUUAFFFFABRRRQAUUUUAFFFFABRRRQAUUUUAFFFFABRRRQAUUUUAFFFFABRRRQAUUUUAFFFFABRRRQAUUUUAFFFFABRRRQAUUUUAFFFFABRRRQAUUUUAFFFFABRRRQAUUUUAFFFFABRRRQAUUUUAFFFFABRRRQAUUUUAYl1/yPOlf9g29/9G2tbdYl1/yPOlf9g29/9G2tbdABRRRQAUUUUAFFFFABRRRQAUUUUAFFFFABRRRQAUUUUAFFFFABRRRQAUUUUAFFFFABRRRQAUUUUARyffh/3/8A2U1JUcn34f8Af/8AZTUlABRRRQAUUUUAFFFFABRRRQAUUUUAFFFFAFXUNSsNJtTdale21nbghTLcyrGgJ6DLECvmO9+H1vqHja61G21CW80n7c5kku2DS3BXG9sqArBpN4zx8uDzmuv/AGj49amtdGjhVG0hTJI6RvmQzBT8zJ12qmfmGQNzZx8ucrwFpc+l+FrdbmSQyTfvhGzEiJW5CgdvU+5NAHTUUUUAFFFFABRRRQAUUUUAFFFFABRRRQAVFJJIZobW1ga5vbhtsFuhwXPck9lHUseAPwFEkkhmhtbWBrm9uG2wW6HBc9yT2UdSx4A/AV6P4U8KR+H4Xubl1udWuFAuLgDAUdRHGD0QfmTyeegBxlr8CtFk1yy1rVrhrm4G6W9tUQLbzSkgrgdQo5yDnfwTjkH1ZVVFCqAFAwABwBS0UAFFFFABRRRQAUUUUAFRyffh/wB//wBlNSVHJ9+H/f8A/ZTQBJRRRQAUUUUAFFFFABRRRQAUUUUAFFFFABRRRQAUUUUAFFFFABRRRQAUUUUAFFFFABRRRQAUUUUAFFFFABRRRQAUUUUAFFFFABRRRQAUUUUAFFFFABRRRQAUUUUAFFFFABRRRQAUUUUAFFFFABRRRQAUUUUAFFFFABRRRQAUUUUAFFFFABRRRQAUUUUAFFFFABRRRQAUUUUAYl1/yPOlf9g29/8ARtrW3WJdf8jzpX/YNvf/AEba1t0AFFFFABRRRQAUUUUAFFFFABRRRQAUUUUAFFFFABRRRQAUUUUAFFFFABRRRQAUUUUAFFFFABRRRQBHJ9+H/f8A/ZTUlRyffh/3/wD2U1JQAUUUUAFFFFABRRRQAUUUUAFFFFABWD4z8TQeEPCeoa1PtYwR/uYyf9ZKeEX8SRn0GT2rerxz4lfF3TtN1DVvBy2xcy2ot5r3IdInkIDgpjkLGxOcn5gFK9TQB5x4O8ZeJPFXiRBrNwdQS2tWRJpAEMCkjONoAYsQoOeTgHPGD6JWVoej6Tpls02k2whjugsjH5ssMZHDcjr04xnpWrQAUUUUAFFFFABRRRQAUUUUAFFFFABXmHjrx1v83SNIl+Xlbi4Q9fVVPp6mjx1463+bpGkS/LytxcIevqqn09TW/wDCD4QNrrQ+I/EcBGlgh7W0cc3J7Mw/55+38X06gHZ/s/6Vq9v4fudS1WzRYbgIlhcSljOYRn5RngRZwVxjPPUbcex0iqqKFUAKBgADgCloAKKKKACiiigAooooAKKKKACo5Pvw/wC//wCympKjk+/D/v8A/spoAkooooAKKKKACiiigAooooAKKKKACiiigAooooAKKKKACiiigAooooAKKKKACiiigAooooAKKKKACiiigAooooAKKKKACiiigAooooAKKKKACiiigAooooAKKKKACiiigAooooAKKKKACiiigAooooAKKKKACiiigAooooAKKKKACiiigAooooAKKKKACiiigAooooAKKKKAMS6/5HnSv+wbe/8Ao21rbrEuv+R50r/sG3v/AKNta26ACiiigAooooAKKKKACiiigAooooAKKKKACiiigAooooAKKKKACiiigAooooAKKKKACiiigAooooAjk+/D/v8A/spqSo5Pvw/7/wD7KakoAKKKKACiiigAooooAKKKKACiiigCrqGpWGk2putSvbaztwQpluZVjQE9BliBXzHe/D631DxtdajbahLeaT9ucySXbBpbgrje2VAVg0m8Z4+XB5zXV/tHf25Ouk28VsTosYaZnSRSzzYbOUzuwiDO7GB5hyelZ3gLS59L8LW63Mkhkm/fCNmJEStyFA7ep9yaAOmooooAKKKKACiiigAooooAKKKKACqWpQHULc6VDHNNdXytDDDbvsdjjk7v4QOpY8Adc9DYkkkM0NrawNc3tw22C3Q4LnuSeyjqWPAH4CvR/CnhSPw/C9zcutzq1woFxcAYCjqI4weiD8yeTz0APJPBHwAnsvEs1z4qe3uLC0cG3hhbct0cA5bPIUdCp6kH+H73vyqqKFUAKBgADgClooAKKKKACiiigAooooAKKKKACiiigAqOT78P+/8A+ympKjk+/D/v/wDspoAkooooAKKKKACiiigAooooAKKKKACiiigAooooAKKKKACiiigAooooAKKKKACiiigAooooAKKKKACiiigAooooAKKKKACiiigAooooAKKKKACiiigAooooAKKKKACiiigAooooAKKKKACiiigAooooAKKKKACiiigAooooAKKKKACiiigAooooAKKKKACiiigAooooAKKKKAMS6/5HnSv+wbe/+jbWtusS6/5HnSv+wbe/+jbWtugAooooAKKKKACiiigAooooAKKKKACiiigAooooAKKKKACiiigAooooAKKKKACiiigAooooAKKKKAI5Pvw/7/8A7KakqOT78P8Av/8AspqSgAooooAKKKKACiiigAooooAKwfGfiaDwh4T1DWp9rGCP9zGT/rJTwi/iSM+gye1b1eO/E34qaDby6x4MntfOleKKJrmSNZYY3Y5csvXci7WXAb5+CBtyQDzfwd4y8SeKvEiDWbg6gltasiTSAIYFJGcbQAxYhQc8nAOeMH0SsnQ9A0vQ45zpke1Lkq5O8twBgAE9up78se1a1ABRRRQAUUUUAFFFFABRRRQAV5x4s+Ir2d8tnojRuYXBmmYblfHVB7epH4etV/HXjrf5ukaRL8vK3Fwh6+qqfT1Nb/wg+EDa60PiPxHARpYIe1tHHNyezMP+eft/F9OoB638LLS1ufC1t4iME41HUo8zPcR7CqgnCRjtH3B/iyGPJwO7pFVUUKoAUDAAHAFLQAUUUUAFFFFABRRRQAUUUUAFFFFABRRRQAVHJ9+H/f8A/ZTUlRyffh/3/wD2U0ASUUUUAFFFFABRRRQAUUUUAFFFFABRRRQAUUUUAFFFFABRRRQAUUUUAFFFFABRRRQAUUUUAFFFFABRRRQAUUUUAFFFFABRRRQAUUUUAFFFFABRRRQAUUUUAFFFFABRRRQAUUUUAFFFFABRRRQAUUUUAFFFFABRRRQAUUUUAFFFFABRRRQAUUUUAFFFFABRRRQAUUUUAFFc54q8baN4SsppL26ia8WPfFZrIPMkzwOOoBI64x1retZ/tNpDOF2iWNXxnOMjNAGTdf8AI86V/wBg29/9G2tbdYl1/wAjzpX/AGDb3/0ba1t0AFFFFABRRRQAUUUUAFFFFABRRRQAUUUUAFFFFABRRRQAUUUUAFFFFABRRRQAUUUUAFFFFABRRRQBHJ9+H/f/APZTUlRyffh/3/8A2U1JQAUUUUAFFFFABRRRQAUUUUAQ3F3bWaxtc3EUAkkWJDK4Xc7HCqM9STwB3r5Yn+H7Xvji7v11D+0NIOoys08+PNnwxLEgfKwLgruBG4fMAM4HZftHf25Ouk28VsTosYaZnSRSzzYbOUzuwiDO7GB5hyelUfA1jd2HhW1W9mlkllHmhZGJ8pCAFQZ6DABx2JNAHR0UUUAFFFFABRRRQAUUUUAFc141i1i60YWeib5LuckG3hjZ5pUAJYJt9B19u+cA9BJJIZobW1ga5vbhtsFuhwXPck9lHUseAPwFej+FPCkfh+F7m5dbnVrhQLi4AwFHURxg9EH5k8nnoAeG/CD4QNrrQ+I/EcBGlgh7W0cc3J7Mw/55+38X06/SqqqKFUAKBgADgClooAKKKKACiiigAooooAKKKKACiiigAooooAKKKKACo5Pvw/7/AP7KakqOT78P+/8A+ymgCSiiigAooooAKKKKACiiigAooooAKKKKACiiigAooooAKKKKACiiigAooooAKKKKACiiigAooooAKKKKACiiigAooooAKKKKACiiigAooooAKKKKACiiigAooooAKKKKACiiigAooooAKKKKACiiigAooooAKKKKACiiigAooooAKKKKACiiigAqjrWmR6zot7psrFVuYWj3DqpI4I9wcH8KvVHPKILeSYq7iNSxWNSzHAzgAck+1AHmi6lc+JPDHh7w3OzLfz3ZttTAPzKlqcy5PYthP++69HvpGg065kjmggZImZZZ/wDVxkA4ZuR8o6nkcd65DwjpIn8V694oawuLJLt1htormMxuVCr5khQ8ruZV9/l967V0SWNo5FV0YFWVhkEHqCKAOD/4SPVP+h08Gf8AfJ/+PV2WlTyXOl280t1a3TumTPa/6p/deTx+Jpn9iaT/ANAuy/8AAdP8KuRRRwRLFFGscajCqgwB9BQBzHxEtbeTwJrczwRNKtm+2QoCw+hrf0r/AJA9l/17x/8AoIpmsaVBrej3emXLyJBdRmJ2jIDAH0yCM/hVq3hW2tooEJKxoEBPXAGKAOe1m0mvPGWkRwahc2LDT7xjJbrGWI8y24/eIwxznpnjrWnZaZd2sxebXdQvFK4Ec6W4UH1+SJTn8cc1Wuv+R50r/sG3v/o21rboAj8tv+e0n5L/AIUeW3/PaT8l/wAKkooAj8tv+e0n5L/hR5bf89pPyX/CpKKAI/Lb/ntJ+S/4UeW3/PaT8l/wqSigCPy2/wCe0n5L/hR5bf8APaT8l/wqSigCPy2/57Sfkv8AhR5bf89pPyX/AAqSigCPy2/57Sfkv+FHlt/z2k/Jf8KkooAj8tv+e0n5L/hR5bf89pPyX/CpKKAI/Lb/AJ7Sfkv+FHlt/wA9pPyX/CpKKAI/Lb/ntJ+S/wCFHlt/z2k/Jf8ACpKKAI/Lb/ntJ+S/4UeW3/PaT8l/wqSigCPy2/57Sfkv+FHlt/z2k/Jf8KkooAj8tv8AntJ+S/4UeW3/AD2k/Jf8KkooAj8tv+e0n5L/AIUeW3/PaT8l/wAKkooAj8tv+e0n5L/hR5bf89pPyX/CpKKAK8kbb4v30n3/AEX+6fapPLb/AJ7Sfkv+FEn34f8Af/8AZTUlAEflt/z2k/Jf8KPLb/ntJ+S/4VJRQBH5bf8APaT8l/wo8tv+e0n5L/hUlFAEflt/z2k/Jf8ACjy2/wCe0n5L/hUlFAEflt/z2k/Jf8KwfGfiKLwh4T1DWp5mYwR/uYzt/eSnhF6dyRn0GT2roq8d+JvxU0G3l1jwZPa+dK8UUTXMkaywxuxy5Zeu5F2suA3z8EDbkgHn/hXx1r/jHxBGNa23sltasi3IAjESlizHao2lmPlrxjhB1wc95WToegaXocc50yPalyVcneW4AwACe3U9+WPatagAooooAKKKKACiiigArkLn4haZDr39lxKJQf3YuTKqRCUnADM3AX1fOB6Y5rn/AB1463+bpGkS/LytxcIevqqn09TW/wDCD4QNrrQ+I/EcBGlgh7W0cc3J7Mw/55+38X06gHt3hPwouhwSXVxP5+q3Hy3E6qNoAJxHGCMhB+ZPJ56dJ5bf89pPyX/Ckt1VIdqgBQzAADgDJqWgCPy2/wCe0n5L/hR5bf8APaT8l/wqSigCPy2/57Sfkv8AhR5bf89pPyX/AAqSigCPy2/57Sfkv+FHlt/z2k/Jf8KkooAj8tv+e0n5L/hR5bf89pPyX/CpKKAI/Lb/AJ7Sfkv+FHlt/wA9pPyX/CpKKAI/Lb/ntJ+S/wCFHlt/z2k/Jf8ACpKKAI/Lb/ntJ+S/4UeW3/PaT8l/wqSigCPy2/57Sfkv+FHlt/z2k/Jf8KkooAj8tv8AntJ+S/4VHJG2+L99J9/0X+6farFRyffh/wB//wBlNAB5bf8APaT8l/wo8tv+e0n5L/hUlFAEflt/z2k/Jf8ACjy2/wCe0n5L/hUlFAEflt/z2k/Jf8KPLb/ntJ+S/wCFSUUAR+W3/PaT8l/wo8tv+e0n5L/hUlFAEflt/wA9pPyX/Cjy2/57Sfkv+FSUUAR+W3/PaT8l/wAKPLb/AJ7Sfkv+FSUUAR+W3/PaT8l/wo8tv+e0n5L/AIVJRQBH5bf89pPyX/Cjy2/57Sfkv+FSUUAR+W3/AD2k/Jf8KPLb/ntJ+S/4VJRQBH5bf89pPyX/AAo8tv8AntJ+S/4VJRQBH5bf89pPyX/Cjy2/57Sfkv8AhUlFAEflt/z2k/Jf8KPLb/ntJ+S/4VJRQBH5bf8APaT8l/wo8tv+e0n5L/hUlFAEflt/z2k/Jf8ACjy2/wCe0n5L/hUlFAEflt/z2k/Jf8KVUZTkyM3sQP8ACn0UAFFFFABRRRQAUUUUAFFFFABRRRQAUUUUAFFFFABRRRQAUUUUAFFFFABRRRQAUUUUAFFFFABRRRQAUUUUAFFFFABRRRQAUUUUAFFFFABRRRQAUUUUAFFFFABRRRQBiXX/ACPOlf8AYNvf/RtrW3WJdf8AI86V/wBg29/9G2tbdABRRRQAUUUUAFFFFABRRRQAUUUUAFFFFABRRRQAUUUUAFFFFABRRRQAUUUUAFFFFABRRRQAUUUUARyffh/3/wD2U1JUcn34f9//ANlNSUAFFFFABRRRQAUUUUAQ3F3bWaxtc3EUAkkWJDK4Xc7HCqM9STwB3r5Yn+H7Xvji7v11D+0NIOoys08+PNnwxLEgfKwLgruBG4fMAM4HVftI3urtNpFj9lkj0ZQ0wm3AiWbgHIByNqsME4zvbriofA1jd2HhW1W9mlkllHmhZGJ8pCAFQZ6DABx2JNAHR0UUUAFFFFABRRRQAV578SfEl/p6JpdrFJBHcIS9z/fHdVP8+/I7HnvZJJDNDa2sDXN7cNtgt0OC57knso6ljwB+Art9O+G2jNpZj8QWlvqt7M6SzSyp8qMpyqR91QcjH8WTuzkigDx34QfCBtdaHxH4jgI0sEPa2jjm5PZmH/PP2/i+nX6VVVRQqgBQMAAcAUKqooVQAoGAAOAKWgCOH7h/32/9CNSVHD9w/wC+3/oRqSgAooooAKKKKACiiigAooooAKKKKACiiigAooooAKKKKACo5Pvw/wC//wCympKjk+/D/v8A/spoAkooooAKKKKACiiigAooooAKKKKACiiigAooooAKKKKACiiigAooooAKKKKACiiigAooooAKKKKACiiigAooooAKKKKACiiigAooooAKKKKACiiigAooooAKKKKACiiigAooooAKKKKACiiigAooooAKKKKACiiigAooooAKKKKACiiigAooooAKKKKACiiigAooooAKKKKAMS6/5HnSv+wbe/8Ao21rbrEuv+R50r/sG3v/AKNta26ACiiigAooooAKKKKACiiigAooooAKKKKACiiigAooooAKKKKACiiigAooooAKKKKACiiigAooooAjk+/D/v8A/spqSo5Pvw/7/wD7KakoAKKKKACiiigArB8Z+JoPCHhPUNan2sYI/wBzGT/rJTwi/iSM+gye1b1eP/FD4h+FZ/7R8F3Vus9/8kYuLiFHt7d3wpcMTlZER2IOMAjBI5oA898K+O9f8Za/ENaC3klrasi3IAj8tS5ZiVA2lmPlrxt4jHUgk95WP4f8O6boEM/9nBily/mFmbdx/CoP90ZOM5PPWtigAooooAKKKKACs201q01S5az0iRdQv/N8lbaFvmL+pPZB1L9Bg9+K4Lx1463+bpGkS/LytxcIevqqn09TXX/Ab4fatDqEXi+7nnsbQxslvApwbtWHJcf88+hHqQCMYBIB7F4U8KR+H4Xubl1udWuFAuLgDAUdRHGD0QfmTyeenSUUUAFFFFAEcP3D/vt/6EakqOH7h/32/wDQjUlABRRRQAUUUUAFFFFABRRRQAUUUUAFFFFABRRRQAUUUUAFRyffh/3/AP2U1JUcn34f9/8A9lNAElFFFABRRRQAUUUUAFFFFABRRRQAUUUUAFFFFABRRRQAUUUUAFFFFABRRRQAUUUUAFFFFABRRRQAUUUUAFFFFABRRRQAUUUUAFFFFABRRRQAUUUUAFFFFABRRRQAUUUUAFFFFABRRRQAUUUUAFFFFABRRRQAUUUUAFFFFABRRRQAUUUUAFFFFABRRRQAUUUUAFFFFABRRRQBiXX/ACPOlf8AYNvf/RtrW3WJdf8AI86V/wBg29/9G2tbdABRRRQAUUUUAFFFFABRRRQAUUUUAFFFFABRRRQAUUUUAFFFFABRRRQAUUUUAFFFFABRRRQAUUUUARyffh/3/wD2U1JUcn34f9//ANlNSUAFFFFABRRRQA1pERkVnVS52qCcbjgnA9eAT+FfJp8AXN141lupr8arppvJWnvWUI1wyt8x2ZPys+4AgnIBPGRXY/tI3urtNpFj9lkj0ZQ0wm3AiWbgHIByNqsME4zvbrio/BNpeWfhOyjvpneRl3or9Y0P3V9enr0zjoBQB0NFFFABRRRQAV5h468db/N0jSJfl5W4uEPX1VT6epr0qSSQzQ2trA1ze3DbYLdDgue5J7KOpY8AfgK1LX4FaLJrllrWrXDXNwN0t7aogW3mlJBXA6hRzkHO/gnHIIBwHwg+EDa60PiPxHARpYIe1tHHNyezMP8Ann7fxfTr9KqqooVQAoGAAOAKFVUUKoAUDAAHAFLQAUUUUAFFFFAEcP3D/vt/6EakqOH7h/32/wDQjUlABRRRQAUUUUAFFFFABRRRQAUUUUAFFFFABRRRQAUUUUAFRyffh/3/AP2U1JUcn34f9/8A9lNAElFFFABRRRQAUUUUAFFFFABRRRQAUUUUAFFFFABRRRQAUUUUAFFFFABRRRQAUUUUAFFFFABRRRQAUUUUAFFFFABRRRQAUUUUAFFFFABRRRQAUUUUAFFFFABRRRQAUUUUAFFFFABRRRQAUUUUAFFFFABRRRQAUUUUAFFFFABRRRQAUUUUAFFFFABRRRQAUUUUAFFFFABRRRQBiXX/ACPOlf8AYNvf/RtrW3WJdf8AI86V/wBg29/9G2tbdABRRRQAUUUUAFFFFABRRRQAUUUUAFFFFABRRRQAUUUUAFFFFABRRRQAUUUUAFFFFABRRRQAUUUUARyffh/3/wD2U1JUcn34f9//ANlNSUAFFFFABWD4z8TQeEPCeoa1PtYwR/uYyf8AWSnhF/EkZ9Bk9q3q8f8Aih8Q/Cs/9o+C7q3We/8AkjFxcQo9vbu+FLhicrIiOxBxgEYJHNAHC+GfH2seN9fQ6zCks1pY+Uk8I2KvzDczL03uduSuB8gwoGa7Ssfw/wCHdN0CGf8As4MUuX8wszbuP4VB/ujJxnJ561sUAFFFFABUUkkhmhtbWBrm9uG2wW6HBc9yT2UdSx4A/AV5r468db/N0jSJfl5W4uEPX1VT6epr1L9n/StXt/D9zqWq2aLDcBEsLiUsZzCM/KM8CLOCuMZ56jbgA7/wp4Uj8Pwvc3Lrc6tcKBcXAGAo6iOMHog/Mnk89OkoooAKKKKACiiigAooooAjh+4f99v/AEI1JUcP3D/vt/6EakoAKKKKACiiigAooooAKKKKACiiigAooooAKKKKACiiigAqOT78P+//AOympKjk+/D/AL//ALKaAJKKKKACiiigAooooAKKKKACiiigAooooAKKKKACiiigAooooAKKKKACiiigAooooAKKKKACiiigAooooAKKKKACiiigAooooAKKKKACiiigAooooAKKKKACiiigAooooAKKKKACiiigAooooAKKKKACiiigAooooAKKKKACiiigAooooAKKKKACiiigAooooAKKKKACiiigDEuv+R50r/sG3v8A6Nta26xLr/kedK/7Bt7/AOjbWtugAooooAKKKKACiiigAooooAKKKKACiiigAooooAKKKKACiiigAooooAKKKKACiiigAooooAKKKKAI5Pvw/wC//wCympKjk+/D/v8A/spqSgAooooAa0iIyKzqpc7VBONxwTgevAJ/Cvk0+ALm68ay3U1+NV003krT3rKEa4ZW+Y7Mn5WfcAQTkAnjIrrP2kNV1R7/AErSTazxaSiG4E5X5JpjlcZ6ZVc8dfnPGMEr4JtLyz8J2Ud9M7yMu9FfrGh+6vr09emcdAKAOhooooAK8w8deOt/m6RpEvy8rcXCHr6qp9PU16FqUB1C3OlQxzTXV8rQww277HY45O7+EDqWPAHXPQ0/BHwAnsvEs1z4qe3uLC0cG3hhbct0cA5bPIUdCp6kH+H7wBkfCD4QNrrQ+I/EcBGlgh7W0cc3J7Mw/wCeft/F9Ov0qqqihVACgYAA4AoVVRQqgBQMAAcAUtABRRRQAUUUUAFFFFABRRRQBHD9w/77f+hGpKjh+4f99v8A0I1JQAUUUUAFFFFABRRRQAUUUUAFFFFABRRRQAUUUUAFFFFABUcn34f9/wD9lNSVHJ9+H/f/APZTQBJRRRQAUUUUAFFFFABRRRQAUUUUAFFFFABRRRQAUUUUAFFFFABRRRQAUUUUAFFFFABRRRQAUUUUAFFFFABRRRQAUUUUAFFFFABRRRQAUUUUAFFFFABRRRQAUUUUAFFFFABRRRQAUUUUAFFFFABRRRQAUUUUAFFFFABRRRQAUUUUAFFFFABRRRQAUUUUAFFFFABRRRQAUUUUAYl1/wAjzpX/AGDb3/0ba1t1iXX/ACPOlf8AYNvf/RtrW3QAUUUUAFFFFABRRRQAUUUUAFFFFABRRRQAUUUUAFFFFABRRRQAUUUUAFFFFABRRRQAUUUUAFFFFAEcn34f9/8A9lNSVHJ9+H/f/wDZTUlABWD4z8TQeEPCeoa1PtYwR/uYyf8AWSnhF/EkZ9Bk9q3q8h+KPjXwjqlrqfgu88uTUkkhVJLgbYoXblpFkzwyLng4yWC8gsAAcB4e8dap4+1ry9etorhrewMAkRcR7SRvLIeN0nGcYHyABQM129YvhzwxZeGYbiKzaSTznDM8uC2AMAZAHAOT071tUAFRSSSGaG1tYGub24bbBbocFz3JPZR1LHgD8BXnviz4ivZ3y2eiNG5hcGaZhuV8dUHt6kfh617l8LLS1ufC1t4iME41HUo8zPcR7CqgnCRjtH3B/iyGPJwADX8KeFI/D8L3Ny63OrXCgXFwBgKOojjB6IPzJ5PPTpKKKACiiigAooooAKKKKACiiigAooooAjh+4f8Afb/0I1JUcP3D/vt/6EakoAKKKKACiiigAooooAKKKKACiiigAooooAKKKKACiiigAqOT78P+/wD+ympKjk+/D/v/APspoAkooooAKKKKACiiigAooooAKKKKACiiigAooooAKKKKACiiigAooooAKKKKACiiigAooooAKKKKACiiigAooooAKKKKACiiigAooooAKKKKACiiigAooooAKKKKACiiigAooooAKKKKACiiigAooooAKKKKACiiigAooooAKKKKACiiigAooooAKKKKACiiigAooooAKKKKAMS6/wCR50r/ALBt7/6Nta26xLr/AJHnSv8AsG3v/o21rboAKKKKACiiigAooooAKKKKACiiigAooooAKKKKACiiigAooooAKKKKACiiigAooooAKKKKACiiigCOT78P+/8A+ympKjk+/D/v/wDspqSgBsgcxsI2VXIO0suQD2yMjP5ivkeDwJqN743uLi9uE1HTvtszy34IH2orI2Ttzn5iO2Rg8E1237ROua1b6xotjBHdWthbYu4rtCVElxkgbWHRkA46EbyemDR4MgvoPCtiuoSl5TGCilQvlx4AVeAOwB55yTQBvV5h468db/N0jSJfl5W4uEPX1VT6eprqvGser3Wjiy0QvJdzkg28MbPNKgGW2Ac8Dr7d84BqfCD4QNrrQ+I/EcBGlgh7W0cc3J7Mw/55+38X06gB8IPhA2utD4j8RwEaWCHtbRxzcnszD/nn7fxfTr9KqqooVQAoGAAOAKFVUUKoAUDAAHAFLQAUUUUAFFFFABRRRQAUUUUAFFFFABRRRQBHD9w/77f+hGpKjh+4f99v/QjUlABRRRQAUUUUAFFFFABRRRQAUUUUAFFFFABRRRQAUUUUAFRyffh/3/8A2U1JUcn34f8Af/8AZTQBJRRRQAUUUUAFFFFABRRRQAUUUUAFFFFABRRRQAUUUUAFFFFABRRRQAUUUUAFFFFABRRRQAUUUUAFFFFABRRRQAUUUUAFFFFABRRRQAUUUUAFFFFABRRRQAUUUUAFFFFABRRRQAUUUUAFFFFABRRRQAUUUUAFFFFABRRRQAUUUUAFFFFABRRRQAUUUUAFFFFABRRRQAUUUUAYl1/yPOlf9g29/wDRtrW3WJdf8jzpX/YNvf8A0ba1t0AFFFFABRRRQAUUUUAFFFFABRRRQAUUUUAFFFFABRRRQAUUUUAFFFFABRRRQAUUUUAFFFFABRRRQBHJ9+H/AH//AGU1i+M/E0HhDwnqGtT7WMEf7mMn/WSnhF/EkZ9Bk9q2pPvw/wC//wCymvJfij418I6pa6n4LvPLk1JJIVSS4G2KF25aRZM8Mi54OMlgvILAAHEaN4+vPiJrkja1YReZDZmFFgU/Z1RmJfKsSQW/dg9chO2K6qSSQzQ2trA1ze3DbYLdDgue5J7KOpY8AfgK870bXPD/AIT1i40bTvMuRPIFN5NMiqJOAqMxwAgJYl+2TwRzX0X4U8KR+H4Xubl1udWuFAuLgDAUdRHGD0QfmTyeegAeFPCkfh+F7m5dbnVrhQLi4AwFHURxg9EH5k8nnp0lFFABRRRQAUUUUAFFFFABRRRQAUUUUAFFFFABRRRQBHD9w/77f+hGpKjh+4f99v8A0I1JQAUUUUAFFFFABRRRQAUUUUAFFFFABRRRQAUUUUAFFFFABUcn34f9/wD9lNSVHJ9+H/f/APZTQBJRRRQAUUUUAFFFFABRRRQAUUUUAFFFFABRRRQAUUUUAFFFFABRRRQAUUUUAFFFFABRRRQAUUUUAFFFFABRRRQAUUUUAFFFFABRRRQAUUUUAFFFFABRRRQAUUUUAFFFFABRRRQAUUUUAFFFFABRRRQAUUUUAFFFFABRRRQAUUUUAFFFFABRRRQAUUVR1m/l0vRry/htTdPbRNL5KttLhRkgHB5xmgC9RXPah4tt7XwtZ63bQNdfbjCtrbq+1pHlIAXPYjJz9DW7NPFbW8lxcSJFDEheSR2wqKBkkk9AB3oAkorC/wCE28K/9DJpP/gZH/jWva3Vve20dzazxzwSDckkbBlYeoI60ATUVwLafF4w8e65aarJPJp2kRwRQ2sc7xo0ki72dtpBJHAFXfA01xbXev6BNcy3Mel3gW3kmcs4idAyqSeTjkZoA1rr/kedK/7Bt7/6Nta265rWdTsNK8ZaRPqN9bWcLafeIJLiVY1LeZbHGWI5wDx7Va/4TLwt/wBDJo//AIHRf/FUAbdFYn/CZeFv+hk0f/wOi/8AiqP+Ey8Lf9DJo/8A4HRf/FUAbdFYn/CZeFv+hk0f/wADov8A4qj/AITLwt/0Mmj/APgdF/8AFUAbdFYn/CZeFv8AoZNH/wDA6L/4qj/hMvC3/QyaP/4HRf8AxVAG3RWJ/wAJl4W/6GTR/wDwOi/+Ko/4TLwt/wBDJo//AIHRf/FUAbdFYn/CZeFv+hk0f/wOi/8AiqP+Ey8Lf9DJo/8A4HRf/FUAbdFYn/CZeFv+hk0f/wADov8A4qj/AITLwt/0Mmj/APgdF/8AFUAbdFYn/CZeFv8AoZNH/wDA6L/4qj/hMvC3/QyaP/4HRf8AxVAG3RWJ/wAJl4W/6GTR/wDwOi/+Ko/4TLwt/wBDJo//AIHRf/FUAbdFYn/CZeFv+hk0f/wOi/8AiqP+Ey8Lf9DJo/8A4HRf/FUAbdFYn/CZeFv+hk0f/wADov8A4qj/AITLwt/0Mmj/APgdF/8AFUAbdFYn/CZeFv8AoZNH/wDA6L/4qj/hMvC3/QyaP/4HRf8AxVAG3RWJ/wAJl4W/6GTR/wDwOi/+Ko/4TLwt/wBDJo//AIHRf/FUAbdFYn/CZeFv+hk0f/wOi/8AiqP+Ey8Lf9DJo/8A4HRf/FUAbdFYn/CZeFv+hk0f/wADov8A4qj/AITLwt/0Mmj/APgdF/8AFUAaV3KEaBBNHHLK5SHzOdz7GOMZGeATgHoDXw74liaHxTq0b6iupOt5KGvVGBcHecv+J54JHoT1r1n4++Lm1W+0vT9LvIJtMth9oM9rcpIHn6D7pJG0dCccs3pWJ8KPBXh7UrpNb8V6vpkFjE2YbCe7jV52Hd1JyE9j976dQDX+EHwgbXWh8R+I4CNLBD2to45uT2Zh/wA8/b+L6dfpVVVFCqAFAwABwBWIvjDwqihV8R6MFAwAL6LAH/fVL/wmXhb/AKGTR/8AwOi/+KoA26KxP+Ey8Lf9DJo//gdF/wDFUf8ACZeFv+hk0f8A8Dov/iqANuisT/hMvC3/AEMmj/8AgdF/8VR/wmXhb/oZNH/8Dov/AIqgDborE/4TLwt/0Mmj/wDgdF/8VR/wmXhb/oZNH/8AA6L/AOKoA26KxP8AhMvC3/QyaP8A+B0X/wAVR/wmXhb/AKGTR/8AwOi/+KoA26KxP+Ey8Lf9DJo//gdF/wDFUf8ACZeFv+hk0f8A8Dov/iqANuisT/hMvC3/AEMmj/8AgdF/8VR/wmXhb/oZNH/8Dov/AIqgDborE/4TLwt/0Mmj/wDgdF/8VR/wmXhb/oZNH/8AA6L/AOKoA26KxP8AhMvC3/QyaP8A+B0X/wAVR/wmXhb/AKGTR/8AwOi/+KoA1LSWOaFmikSRRLIpKsCAyuQR9QQQfcVPXGeGvFnhyDSp0m8QaVGx1C9cK95GCVa6lZTyehBBB7gitj/hMvC3/QyaP/4HRf8AxVAG3RWJ/wAJl4W/6GTR/wDwOi/+Ko/4TLwt/wBDJo//AIHRf/FUAbdFYn/CZeFv+hk0f/wOi/8AiqP+Ey8Lf9DJo/8A4HRf/FUAbdFYn/CZeFv+hk0f/wADov8A4qj/AITLwt/0Mmj/APgdF/8AFUAbdFYn/CZeFv8AoZNH/wDA6L/4qj/hMvC3/QyaP/4HRf8AxVAG3RWJ/wAJl4W/6GTR/wDwOi/+Ko/4TLwt/wBDJo//AIHRf/FUAbdFYn/CZeFv+hk0f/wOi/8AiqP+Ey8Lf9DJo/8A4HRf/FUAbdFYn/CZeFv+hk0f/wADov8A4qj/AITLwt/0Mmj/APgdF/8AFUAbdFYn/CZeFv8AoZNH/wDA6L/4qj/hMvC3/QyaP/4HRf8AxVAG3UE8scc1qryIrSSlUDMAXbYxwPU4BP0BrL/4TLwt/wBDJo//AIHRf/FVj6z4s8OS6r4eePxBpTrFqDvIy3kZCL9lnXJ54GWAz6ketAHZ0Vif8Jl4W/6GTR//AAOi/wDiqP8AhMvC3/QyaP8A+B0X/wAVQBt0Vif8Jl4W/wChk0f/AMDov/iqP+Ey8Lf9DJo//gdF/wDFUAbdFYn/AAmXhb/oZNH/APA6L/4qj/hMvC3/AEMmj/8AgdF/8VQBt0Vif8Jl4W/6GTR//A6L/wCKo/4TLwt/0Mmj/wDgdF/8VQBt0Vif8Jl4W/6GTR//AAOi/wDiqP8AhMvC3/QyaP8A+B0X/wAVQBt0Vif8Jl4W/wChk0f/AMDov/iqP+Ey8Lf9DJo//gdF/wDFUAbdFYn/AAmXhb/oZNH/APA6L/4qj/hMvC3/AEMmj/8AgdF/8VQBt0Vif8Jl4W/6GTR//A6L/wCKo/4TLwt/0Mmj/wDgdF/8VQBt0Vif8Jl4W/6GTR//AAOi/wDiqP8AhMvC3/QyaP8A+B0X/wAVQBt0Vif8Jl4W/wChk0f/AMDov/iqP+Ey8Lf9DJo//gdF/wDFUAbdFYn/AAmXhb/oZNH/APA6L/4qj/hMvC3/AEMmj/8AgdF/8VQBt0Vif8Jl4W/6GTR//A6L/wCKo/4TLwt/0Mmj/wDgdF/8VQBt0Vif8Jl4W/6GTR//AAOi/wDiqP8AhMvC3/QyaP8A+B0X/wAVQBt0Vif8Jl4W/wChk0f/AMDov/iqP+Ey8Lf9DJo//gdF/wDFUAbdFYn/AAmXhb/oZNH/APA6L/4qp7PxNoOoXSWtlrem3Nw+dkUN3G7tgZOADk8An8KANSiiigAooooAKKKKACiiigAooooAKKKKACiiigAooooAKKKKACiiigAooooAKKKKACiiigAooooAKKKKACiiigAooooAKKKKACiiigAoIBBBGQe1FRzxma3kiErxF1KiSPG5MjqMgjI+lAHmnhzS7j/hMv8AhHZUzpnhueW7gOchvOGYFPuoaX8hXpN2kz2c6W/lGZo2EfnKSm7HG4DkjPWqGh6Bb6FHc+VPc3VxdS+dcXN0waSRsADJAAwAAAAABWrQByH9l+LP+efhX/wDl/8Aiq6bT47iKwhS7FuLhVw/2ZSsef8AZB5AqzRQBwk09z4S8daxqM2mX95purxQustlAZjFLGuwqyjkZGDnp+uLvgiyvTPreuX9pLZyardiSK3mGJEiRQqbh2Y88dq66igAooooAKKKKACiiigAooooAKKKKACiiigAooooAKKKKACiiigAooooAKKKKACiiigAooooAKKKKACiiigCG7s7bULSW0vLeK4tpV2yRSoGVx6EHg1KqqihVACgYAA4ApaKACiub1PxvpemajPYCDUL2e2UNciytWmEAIyN5HA45ra07UbTV9Ogv7CdZ7Wdd0ci9CP6fSgC1RRRQAUUUUAFFFFABRRRQAUUUUAFFFFABRRRQAUUUUAFFFIzBVLMQAOpNAC0VlaR4h07Xbi/i0+XzhYzCGSRcFGbAPykHnGcfUVq0AFFFFABRRRQAUUUUAFFFFABRRRQAUUUUAFFFFABRRRQAUUVg6v4t0/SNQXTzDe3t8Y/NNtY27TOiZxuYDoPrQBvUVn6Lrdh4g05b7TpvMhLFGDKVZHHVWU8gj0rQoAKKKKACiiigAooooAKKKKACiiigAooooAKKKKACiiigAooooAKKKKACiiigAooooAKKKKACiiigAooooAKKKKACiiigAooooAKKKKACiiigAooooAKKKKACiiigAooooAKKKKACiiigAooooAKKKKACiiigAooooAKKKKACiiigAooooAKKKKACiiigAooooAKKKKACiiigAooooAKKKKACiiigAooooAKKKKACiiigAooooAKKKKACiiigAooooAKKKKACorqAXVrLAZJYvMQrvicq65HUEdDUtV76K5nsZ4rO5W2uHQrHM0fmCMn+LbkZx9aAPNdK1jW9V8QR+CbnU9kulys95qEM2JLuJdpRFxyGO4b+4x15r025aZLWZ7aJZZ1QmON32h2xwC2DgE98GuTf4f20Wiabbafeva6np832iLUTHvd5G/1hcZG4P3GfT0rq57aO7s5bW6RZYpozHKuMBlIwR+NAHP/ANp+Mf8AoWtN/wDBqf8A41W/ZPcy2cT3kCQXJXMkUcm9VPoGwM/kKwP+FeeEv+gJb/m3+Nb9lZW+nWcVpaRLFbxLtRF6KKAOT+HmGXxPK3Mza/dBz34KgD8BR8NMJoWpQpxBDq12kIHQJv4A9uTUlz4R1S21bULzw94g/s2PUX8y5gktBOokxgyJlhgnv1/lW34e0K28OaJb6Zau8iRZLSSHLSOSSzH3JJoA1KKKKACiiigAooooAKKKKACiiigAooooAK4vxxqV74WltPE8FzJJZwkW95p7SYWZWPDRg8bwfzH0rtKw73w7/aXiez1W9uvNtbJCbay8vCrKesrHPzHHAGBigCv4LF7c6INX1C+NzcakRchEk3RQIR8saDpwOp7nNXNVvNft7pU0rSLS8gKAtJNemEhsnjGxuMY5z3qLw74cPhyS+gtrzfpk0xmtrQx4+zE8sqtnlSeQMDFS6r4V0PXLpbnU9OiuZlQRq7k5Cgk44PqT+dADdMvfEU94E1LRrO0ttpJlivzK2ew2+Wv860NR0yy1eyey1C2jubZyC0UgyDg5H6is/TPCOgaNeC707TIbe4ClQ6k5wevU1tUAcP4CsbXTda8WWdlAkFtFqCBI0GAo8pTxXcVj6PoX9k6nrN79p83+0rkT7Nm3y8IFxnJz0znitigAooooAKKKKACiiigAooooAKKKKACiiigBCMgg559DivLLnVtbsvEL+AV1YmW7mEkGqPMDNDbMGZoz3835SFPcHPHFepOGKMEIV8fKWGQD7jjNcefh9bzeHruzur55dVubj7Y2qCPbItwD8jqM8BRwFz0z0zQB18UYhhSIM7BFChnYsxx6k8k+9c5/afjH/oWtN/8ABqf/AI1XQWkc8VnDHdTrPcKgEkqx7A7Y5O3Jxn0zXP8A/CvPCX/QEt/zb/GgDa0ya/nsw+pWkNpc7iDFFP5q47HdtX+VYep3ui+FNUu7/wAue41fV9gW0gBklnMa7VCr2AHUnitzTNKsdGsxaadbJb24YsEXOMnr1rmbjwjrY8Uahrmn+I4LaS8VIwsumiYxRqOFVjIMDOScAZNAFzwXo99pljf3WpokV7qd7Jey28bblh3YATPcgDk+tdNWdo9rqlpaumq6nHqExfKyR2wgCrgcYDHPOefetGgAooooAKKKKACiiigAooooAKKKKACiiigAooooAKKKKACiiigAooooAKKKKACiiigAooooAKKKKACiiigAooooAKKKKACiiigAooooAKKKKACiiigAooooAKKKKACiiigAooooAKKKKACiiigAooooAKKKKACiiigAooooAKKKKACiiigAooooAKKKKACiiigAooooAKKKKACiiigAooooAKKKKACiiigAooooAKKKKACiiigAooooAKKKKACiiigAooooAKKKKACiiigAooooAKKKKACiiigAooooAKKKKACiiigAooooAKKKKACiiigAooooAKKKKACiiigAooooAKKKKACiiigAooooAKKKKACiiigAooooAKKKKACiiigAooooAKKKKACiiigAooooAKKKKACiiigAooooAKKKKACiiigAooooAKKKKACiiigAooooAKKKKACiiigAooooAKKKKACiiigAooooAKKKKACiiigAooooAKKKKACiiigAooooAKKKKACiiigAooooAKKKKACiiigAooooAKKKKACiiigAooooAKKKKACiiigAooooAKKKKACiiigAooooAKKKKACiiigAooooAKKKKACiiigAooooAKKKKACiiigAooooAKKKKACiiigAooooAKKKKACiiigAooooAKKKKACiiigAooooAKKKKACiiigAooooAKKKKACiiigAooooAKKKKACiiigAooooAKKKKACiiigAooooAKKKKACiiigAooooAKKKKACiiigAooooAKKKKACiiigAooooAKKKKACiiigAooooAKKKKACiiigAooooAKKKKACiiigAooooAKKKKACiiigAooooAKKKKACiiigAooooAKKKKACiiigAooooAKKKKACiiigAooooAKKKKACiiigAooooAKKKKACiiigAooooAKKKKACiiigAooooAKKKKACiiigAooooAKKKKACiiigAooooAKKKKACiiigAooooAKKKKACiiigAooooAKKKKACiiigAooooAKKKKACiiigAooooAKKKKACiiigAooooAKKKKACiiigAooooAKKKKACiiigAooooAKKKKACiiigAooooAKKKKACiiigAooooAKKKKACiiigAooooAKKKKACiiigAooooAKKKKACiiigAooooAKKKKACiiigAooooAKKKKACiiigAooooAKKKKACiiigAooooAKKKKACiiigAooooAKKKKACiiigAooooAKKKKACiiigAooooAKKKKACiiigAooooAKKKKACiiigAooooAKKKKACiiigAooooAKKKKACiiigAooooAKKKKACiiigAooooAKKKKACiiigAooooAKKKKACiiigAooooAKKKKACiiigAooooAKKKKACiiigAooooAKKKKACiiigAooooAKKKKACiiigAooooAKKKKACiiigAooooAKKKKACiiigAooooAKKKKACiiigAooooAKKKKACiiigAooooAKKKKACiiigAooooAKKKKACiiigAooooAKKKKACiiigAooooAKKKKACiiigAooooAKKKKACiiigAooooAKKKKACiiigAooooAKKKKACiiigAooooAKKKKACiiigAooooAKKKKACiiigAooooAKKKKACiiigAooooAKKKKACiiigAooooAKKKKACiiigAooooAKKKKACiiigAooooAKKKKACiiigAooooAKKKKACiiigAooooAKKKKACiiigAooooAKKKKACiiigAooooAKKKKACiiigAooooAKKKKACiiigAooooAKKKKACiiigAooooAKKKKACiiigAooooAKKKKACiiigAooooAKKKKACiiigAooooAKKKKACiiigAooooAKKKKACiiigAooooAKKKKACiiigAooooAKKKKACiiigAooooAKKKKACiiigAooooAKKKKACiiigAooooAKKKKACiiigAooooAKKKKACiiigAooooAKKKKACiiigAooooAKKKKACiiigAooooAKKKKACiiigAooooAKKKKACiiigAooooAKKKKACiiigAooooAKKKKACiiigAooooAKKKKACiiigAooooAKKKKACiiigAooooAKKKKACiiigAooooAKKKKACiiigAooooAKKKKACiiigAooooAKKKKACiiigAooooAKKKKACiiigAooooAKKKKACiiigAooooAKKKKACiiigAooooAKKKKACiiigAooooAKKKKACiiigAooooAKKKKACiiigAooooAKKKKACiiigAooooAKKKKACiiigAooooAKKKKACiiigAooooAKKKKACiiigAooooAKKKKACiiigAooooAKKKKACiiigAooooAKKKKACiiigAooooAKKKKACiiigAooooAKKKKACiiigAooooAKKKKACiiigAooooAKKKKACiiigAooooAKKKKACiiigAooooAKKKKACiiigAooooAKKKKACiiigAooooAKKKKACiiigAooooAKKKKACiiigAooooAKKKKACiiigAooooAKKKKACiiigAooooAKKKKACiiigAooooAKKKKACiiigAooooAKKKKACiiigAooooAKKKKACiiigAooooAKKKKACiiigAooooAKKKKACiiigAooooAKKKKACiiigAooooAKKKKACiiigAooooAKKKKACiiigAooooAKKKKACiiigAooooAKKKKACiiigAooooAKKKKACiiigAooooAKKKKACiiigAooooAKKKKACiiigAooooAKKKKACiiigAooooAKKKKACiiigAooooAKKKKACiiigAooooAKKKKAP/2Q==</file>
    </questiontext>
    <generalfeedback format="html">
      <text></text>
    </generalfeedback>
    <defaultgrade>1.0000000</defaultgrade>
    <penalty>0.3333333</penalty>
    <hidden>0</hidden>
    <idnumber></idnumber>
    <correctfeedback format="html">
      <text>Vaše odpověď je správná.</text>
    </correctfeedback>
    <partiallycorrectfeedback format="html">
      <text>Vaše odpověď je částečně správná.</text>
    </partiallycorrectfeedback>
    <incorrectfeedback format="html">
      <text>Vaše odpověď je chybná.</text>
    </incorrectfeedback>
    <shownumcorrect/>
<subquestions>
<!-- question: 132902  -->
  <question type="varnumeric">
    <name>
      <text>1</text>
    </name>
    <questiontext format="moodle_auto_format">
      <text></text>
    </questiontext>
    <generalfeedback format="html">
      <text></text>
    </generalfeedback>
    <defaultgrade>0.05</defaultgrade>
    <penalty>0.3333333</penalty>
    <hidden>0</hidden>
    <idnumber></idnumber>
    <randomseed></randomseed>
    <requirescinotation>0</requirescinotation>
    <answer fraction="100" format="moodle_auto_format">
      <text>0</text>
      <feedback format="plain_text">
        <text></text>
      </feedback>
      <sigfigs>0</sigfigs>
      <error>0</error>
      <syserrorpenalty>0.0000000</syserrorpenalty>
      <checknumerical>0</checknumerical>
      <checkscinotation>0</checkscinotation>
      <checkpowerof10>0</checkpowerof10>
      <checkrounding>0</checkrounding>
    </answer>
  </question>
<!-- question: 132903  -->
  <question type="varnumeric">
    <name>
      <text>2</text>
    </name>
    <questiontext format="moodle_auto_format">
      <text></text>
    </questiontext>
    <generalfeedback format="html">
      <text></text>
    </generalfeedback>
    <defaultgrade>0.05</defaultgrade>
    <penalty>0.3333333</penalty>
    <hidden>0</hidden>
    <idnumber></idnumber>
    <randomseed></randomseed>
    <requirescinotation>0</requirescinotation>
    <answer fraction="100" format="moodle_auto_format">
      <text>2</text>
      <feedback format="plain_text">
        <text></text>
      </feedback>
      <sigfigs>0</sigfigs>
      <error>0</error>
      <syserrorpenalty>0.0000000</syserrorpenalty>
      <checknumerical>0</checknumerical>
      <checkscinotation>0</checkscinotation>
      <checkpowerof10>0</checkpowerof10>
      <checkrounding>0</checkrounding>
    </answer>
  </question>
<!-- question: 132904  -->
  <question type="gapselect">
    <name>
      <text>3</text>
    </name>
    <questiontext format="moodle_auto_format">
      <text>[[1]]</text>
    </questiontext>
    <generalfeedback format="html">
      <text></text>
    </generalfeedback>
    <defaultgrade>0.125</defaultgrade>
    <penalty>0.3333333</penalty>
    <hidden>0</hidden>
    <idnumber></idnumber>
    <shuffleanswers>1</shuffleanswers>
    <correctfeedback format="html">
      <text></text>
    </correctfeedback>
    <partiallycorrectfeedback format="html">
      <text></text>
    </partiallycorrectfeedback>
    <incorrectfeedback format="html">
      <text></text>
    </incorrectfeedback>
    <shownumcorrect/>
    <selectoption>
      <text>x</text>
      <group>1</group>
    </selectoption>
    <selectoption>
      <text>2x</text>
      <group>1</group>
    </selectoption>
    <selectoption>
      <text>y</text>
      <group>1</group>
    </selectoption>
    <selectoption>
      <text>y/2</text>
      <group>1</group>
    </selectoption>
    <selectoption>
      <text>0</text>
      <group>1</group>
    </selectoption>
    <selectoption>
      <text>4</text>
      <group>1</group>
    </selectoption>
    <selectoption>
      <text>2</text>
      <group>1</group>
    </selectoption>
    <selectoption>
      <text>1</text>
      <group>1</group>
    </selectoption>
  </question>
<!-- question: 132905  -->
  <question type="gapselect">
    <name>
      <text>4</text>
    </name>
    <questiontext format="moodle_auto_format">
      <text>[[2]]</text>
    </questiontext>
    <generalfeedback format="html">
      <text></text>
    </generalfeedback>
    <defaultgrade>0.125</defaultgrade>
    <penalty>0.3333333</penalty>
    <hidden>0</hidden>
    <idnumber></idnumber>
    <shuffleanswers>1</shuffleanswers>
    <correctfeedback format="html">
      <text></text>
    </correctfeedback>
    <partiallycorrectfeedback format="html">
      <text></text>
    </partiallycorrectfeedback>
    <incorrectfeedback format="html">
      <text></text>
    </incorrectfeedback>
    <shownumcorrect/>
    <selectoption>
      <text>x</text>
      <group>1</group>
    </selectoption>
    <selectoption>
      <text>2x</text>
      <group>1</group>
    </selectoption>
    <selectoption>
      <text>y</text>
      <group>1</group>
    </selectoption>
    <selectoption>
      <text>y/2</text>
      <group>1</group>
    </selectoption>
    <selectoption>
      <text>0</text>
      <group>1</group>
    </selectoption>
    <selectoption>
      <text>2</text>
      <group>1</group>
    </selectoption>
    <selectoption>
      <text>4</text>
      <group>1</group>
    </selectoption>
    <selectoption>
      <text>1</text>
      <group>1</group>
    </selectoption>
  </question>
<!-- question: 132907  -->
  <question type="varnumeric">
    <name>
      <text>5</text>
    </name>
    <questiontext format="moodle_auto_format">
      <text></text>
    </questiontext>
    <generalfeedback format="html">
      <text></text>
    </generalfeedback>
    <defaultgrade>0.05</defaultgrade>
    <penalty>0.3333333</penalty>
    <hidden>0</hidden>
    <idnumber></idnumber>
    <randomseed></randomseed>
    <requirescinotation>0</requirescinotation>
    <answer fraction="100" format="moodle_auto_format">
      <text>0</text>
      <feedback format="plain_text">
        <text></text>
      </feedback>
      <sigfigs>0</sigfigs>
      <error>0</error>
      <syserrorpenalty>0.0000000</syserrorpenalty>
      <checknumerical>0</checknumerical>
      <checkscinotation>0</checkscinotation>
      <checkpowerof10>0</checkpowerof10>
      <checkrounding>0</checkrounding>
    </answer>
  </question>
<!-- question: 132908  -->
  <question type="varnumeric">
    <name>
      <text>6</text>
    </name>
    <questiontext format="moodle_auto_format">
      <text></text>
    </questiontext>
    <generalfeedback format="html">
      <text></text>
    </generalfeedback>
    <defaultgrade>0.05</defaultgrade>
    <penalty>0.3333333</penalty>
    <hidden>0</hidden>
    <idnumber></idnumber>
    <randomseed></randomseed>
    <requirescinotation>0</requirescinotation>
    <answer fraction="100" format="moodle_auto_format">
      <text>2</text>
      <feedback format="plain_text">
        <text></text>
      </feedback>
      <sigfigs>0</sigfigs>
      <error>0</error>
      <syserrorpenalty>0.0000000</syserrorpenalty>
      <checknumerical>0</checknumerical>
      <checkscinotation>0</checkscinotation>
      <checkpowerof10>0</checkpowerof10>
      <checkrounding>0</checkrounding>
    </answer>
  </question>
<!-- question: 132909  -->
  <question type="varnumeric">
    <name>
      <text>9</text>
    </name>
    <questiontext format="moodle_auto_format">
      <text></text>
    </questiontext>
    <generalfeedback format="html">
      <text></text>
    </generalfeedback>
    <defaultgrade>0.05</defaultgrade>
    <penalty>0.3333333</penalty>
    <hidden>0</hidden>
    <idnumber></idnumber>
    <randomseed></randomseed>
    <requirescinotation>0</requirescinotation>
    <answer fraction="100" format="moodle_auto_format">
      <text>2</text>
      <feedback format="plain_text">
        <text></text>
      </feedback>
      <sigfigs>0</sigfigs>
      <error>0</error>
      <syserrorpenalty>0.0000000</syserrorpenalty>
      <checknumerical>0</checknumerical>
      <checkscinotation>0</checkscinotation>
      <checkpowerof10>0</checkpowerof10>
      <checkrounding>0</checkrounding>
    </answer>
  </question>
<!-- question: 132910  -->
  <question type="varnumeric">
    <name>
      <text>10</text>
    </name>
    <questiontext format="moodle_auto_format">
      <text></text>
    </questiontext>
    <generalfeedback format="html">
      <text></text>
    </generalfeedback>
    <defaultgrade>0.05</defaultgrade>
    <penalty>0.3333333</penalty>
    <hidden>0</hidden>
    <idnumber></idnumber>
    <randomseed></randomseed>
    <requirescinotation>0</requirescinotation>
    <answer fraction="100" format="moodle_auto_format">
      <text>4</text>
      <feedback format="plain_text">
        <text></text>
      </feedback>
      <sigfigs>0</sigfigs>
      <error>0</error>
      <syserrorpenalty>0.0000000</syserrorpenalty>
      <checknumerical>0</checknumerical>
      <checkscinotation>0</checkscinotation>
      <checkpowerof10>0</checkpowerof10>
      <checkrounding>0</checkrounding>
    </answer>
  </question>
<!-- question: 132911  -->
  <question type="gapselect">
    <name>
      <text>7</text>
    </name>
    <questiontext format="moodle_auto_format">
      <text>[[1]]</text>
    </questiontext>
    <generalfeedback format="html">
      <text></text>
    </generalfeedback>
    <defaultgrade>0.125</defaultgrade>
    <penalty>0.3333333</penalty>
    <hidden>0</hidden>
    <idnumber></idnumber>
    <shuffleanswers>1</shuffleanswers>
    <correctfeedback format="html">
      <text></text>
    </correctfeedback>
    <partiallycorrectfeedback format="html">
      <text></text>
    </partiallycorrectfeedback>
    <incorrectfeedback format="html">
      <text></text>
    </incorrectfeedback>
    <shownumcorrect/>
    <selectoption>
      <text>y/2</text>
      <group>1</group>
    </selectoption>
    <selectoption>
      <text>y</text>
      <group>1</group>
    </selectoption>
    <selectoption>
      <text>x</text>
      <group>1</group>
    </selectoption>
    <selectoption>
      <text>2x</text>
      <group>1</group>
    </selectoption>
    <selectoption>
      <text>0</text>
      <group>1</group>
    </selectoption>
    <selectoption>
      <text>1</text>
      <group>1</group>
    </selectoption>
    <selectoption>
      <text>2</text>
      <group>1</group>
    </selectoption>
    <selectoption>
      <text>4</text>
      <group>1</group>
    </selectoption>
  </question>
<!-- question: 132912  -->
  <question type="gapselect">
    <name>
      <text>8</text>
    </name>
    <questiontext format="moodle_auto_format">
      <text>[[2]]</text>
    </questiontext>
    <generalfeedback format="html">
      <text></text>
    </generalfeedback>
    <defaultgrade>0.125</defaultgrade>
    <penalty>0.3333333</penalty>
    <hidden>0</hidden>
    <idnumber></idnumber>
    <shuffleanswers>1</shuffleanswers>
    <correctfeedback format="html">
      <text></text>
    </correctfeedback>
    <partiallycorrectfeedback format="html">
      <text></text>
    </partiallycorrectfeedback>
    <incorrectfeedback format="html">
      <text></text>
    </incorrectfeedback>
    <shownumcorrect/>
    <selectoption>
      <text>y/2</text>
      <group>1</group>
    </selectoption>
    <selectoption>
      <text>y</text>
      <group>1</group>
    </selectoption>
    <selectoption>
      <text>0</text>
      <group>1</group>
    </selectoption>
    <selectoption>
      <text>1</text>
      <group>1</group>
    </selectoption>
    <selectoption>
      <text>2</text>
      <group>1</group>
    </selectoption>
    <selectoption>
      <text>4</text>
      <group>1</group>
    </selectoption>
    <selectoption>
      <text>x</text>
      <group>1</group>
    </selectoption>
    <selectoption>
      <text>2x</text>
      <group>1</group>
    </selectoption>
  </question>
<!-- question: 132913  -->
  <question type="gapselect">
    <name>
      <text>11</text>
    </name>
    <questiontext format="moodle_auto_format">
      <text>[[1]]</text>
    </questiontext>
    <generalfeedback format="html">
      <text></text>
    </generalfeedback>
    <defaultgrade>0.1</defaultgrade>
    <penalty>0.3333333</penalty>
    <hidden>0</hidden>
    <idnumber></idnumber>
    <shuffleanswers>1</shuffleanswers>
    <correctfeedback format="html">
      <text></text>
    </correctfeedback>
    <partiallycorrectfeedback format="html">
      <text></text>
    </partiallycorrectfeedback>
    <incorrectfeedback format="html">
      <text></text>
    </incorrectfeedback>
    <shownumcorrect/>
    <selectoption>
      <text>y/2</text>
      <group>1</group>
    </selectoption>
    <selectoption>
      <text>y</text>
      <group>1</group>
    </selectoption>
    <selectoption>
      <text>2x</text>
      <group>1</group>
    </selectoption>
    <selectoption>
      <text>x</text>
      <group>1</group>
    </selectoption>
    <selectoption>
      <text>0</text>
      <group>1</group>
    </selectoption>
    <selectoption>
      <text>1</text>
      <group>1</group>
    </selectoption>
    <selectoption>
      <text>2</text>
      <group>1</group>
    </selectoption>
    <selectoption>
      <text>4</text>
      <group>1</group>
    </selectoption>
  </question>
<!-- question: 132914  -->
  <question type="gapselect">
    <name>
      <text>12</text>
    </name>
    <questiontext format="moodle_auto_format">
      <text>[[2]]</text>
    </questiontext>
    <generalfeedback format="html">
      <text></text>
    </generalfeedback>
    <defaultgrade>0.1</defaultgrade>
    <penalty>0.3333333</penalty>
    <hidden>0</hidden>
    <idnumber></idnumber>
    <shuffleanswers>1</shuffleanswers>
    <correctfeedback format="html">
      <text></text>
    </correctfeedback>
    <partiallycorrectfeedback format="html">
      <text></text>
    </partiallycorrectfeedback>
    <incorrectfeedback format="html">
      <text></text>
    </incorrectfeedback>
    <shownumcorrect/>
    <selectoption>
      <text>y/2</text>
      <group>1</group>
    </selectoption>
    <selectoption>
      <text>2</text>
      <group>1</group>
    </selectoption>
    <selectoption>
      <text>0</text>
      <group>1</group>
    </selectoption>
    <selectoption>
      <text>1</text>
      <group>1</group>
    </selectoption>
    <selectoption>
      <text>4</text>
      <group>1</group>
    </selectoption>
    <selectoption>
      <text>2x</text>
      <group>1</group>
    </selectoption>
    <selectoption>
      <text>x</text>
      <group>1</group>
    </selectoption>
    <selectoption>
      <text>y</text>
      <group>1</group>
    </selectoption>
  </question>
</subquestions>
  </question>

<!-- question: 132916  -->
  <question type="combined">
    <name>
      <text>b. EOI</text>
    </name>
    <questiontext format="html">
      <text><![CDATA[<p><span id="selectionBoundary_1584021329027_2239775117852847" style="line-height: 0; display: none;" class="rangySelectionBoundary">﻿</span>Na obrázku je množina \(D_2\). <img src="@@PLUGINFILE@@/D3925.jpg" alt="" role="presentation" class="img-responsive atto_image_button_middle" width="600" height="450"><br></p><p>Hranici množiny tvoří&nbsp; 
\(g(x) = \frac{x^2}{4}-1,\ h(x) = 2-x\), <br></p><p>které lze zapsat i jako \(p_1(y) = \sqrt{4y+4}\) pro \( x\ge 0,\&nbsp;p_2(y) = -\sqrt{4y+4}\) pro \( x\le 0 \&nbsp; q(y) = 2-y\), <br></p><p>průsečíky \(g(x),\ h(x) \) jsou [2, 0]&nbsp; a [-6, 8], vrchol paraboly \(y = g(x)\) je [0,-1].<br></p><p></p><p>Doplňte nerovnice tak, aby popisovaly množinu \(D_2\) jako<br></p><p>a) <b>elementární obor integrace vzhledem k ose x:</b><br></p><p>[[1:numeric:_5_]] \(\le x\le \) [[2:numeric:_5_]], [[3:selectmenu:1]]\(\le y\le \)[[4:selectmenu:2]]</p><p>b) <b>elementární obor integrace vzhledem k ose y:</b><br></p><p>[[5:numeric:_5_]] \(\le y\le \) [[6:numeric:_5_]],&nbsp;[[7:selectmenu:1]]\(\le x\le \)[[8:selectmenu:2]] <br></p><p>\(\bigcup\) <br></p><p>[[9:numeric:_5_]]\(\le y\le \)[[10:numeric:_5_]], [[11:selectmenu:1]]\(\le x\le \)[[12:selectmenu:2]]</p><p></p><br><p></p>]]></text>
<file name="D3925.jpg" path="/" encoding="base64">/9j/4AAQSkZJRgABAQAAAQABAAD//gAYTUFUTEFCIEhhbmRsZSBHcmFwaGljc//+AB1NQVRMQUIsIFRoZSBNYXRoV29ya3MsIEluYy7/2wBDAAgGBgcGBQgHBwcJCQgKDBQNDAsLDBkSEw8UHRofHh0aHBwgJC4nICIsIxwcKDcpLDAxNDQ0Hyc5PTgyPC4zNDL/2wBDAQkJCQwLDBgNDRgyIRwhMjIyMjIyMjIyMjIyMjIyMjIyMjIyMjIyMjIyMjIyMjIyMjIyMjIyMjIyMjIyMjIyMjL/wAARCANrBI8DASIAAhEBAxEB/8QAHwAAAQUBAQEBAQEAAAAAAAAAAAECAwQFBgcICQoL/8QAtRAAAgEDAwIEAwUFBAQAAAF9AQIDAAQRBRIhMUEGE1FhByJxFDKBkaEII0KxwRVS0fAkM2JyggkKFhcYGRolJicoKSo0NTY3ODk6Q0RFRkdISUpTVFVWV1hZWmNkZWZnaGlqc3R1dnd4eXqDhIWGh4iJipKTlJWWl5iZmqKjpKWmp6ipqrKztLW2t7i5usLDxMXGx8jJytLT1NXW19jZ2uHi4+Tl5ufo6erx8vP09fb3+Pn6/8QAHwEAAwEBAQEBAQEBAQAAAAAAAAECAwQFBgcICQoL/8QAtREAAgECBAQDBAcFBAQAAQJ3AAECAxEEBSExBhJBUQdhcRMiMoEIFEKRobHBCSMzUvAVYnLRChYkNOEl8RcYGRomJygpKjU2Nzg5OkNERUZHSElKU1RVVldYWVpjZGVmZ2hpanN0dXZ3eHl6goOEhYaHiImKkpOUlZaXmJmaoqOkpaanqKmqsrO0tba3uLm6wsPExcbHyMnK0tPU1dbX2Nna4uPk5ebn6Onq8vP09fb3+Pn6/9oADAMBAAIRAxEAPwD3+iiigAooooAKKKKACiiigAooooAKKKKACiiigAooooAKKKKACiiigAooooAKKKKACiiigAooooAKKKKACiiigAooooAKKKKACiiigAooooAKKKKACiiigAooooAKKKKACiiigAooooAKKKKACiiigAooooAKKKKACiiigAooooAKKKKACiiigAooooAKKKKACiiigAooooAKKKKACiiigAooooAKKKKACiiigAooooAKKKKACiiigAooooAKKKKACiiigAooooAKKKKACiiigAooooAKKKKACiiigAooooAKKKKACiiigAooooAKKKKACiiigAooooAKKKKACiiigAooooAKKKKACiiigAooooAKKKKACiiigAooooAKKKKACiiigAooooAKKKKACiiigAooooAKKKKACiiigAooooAKKKKACiiigAooooAKKKKACiiigAooooAKKKKACiiigAooooAKKKKACiiigAooooAKKKKACiiigAooooAKKKKACiiigAooooAKKKKACiiigAooooAKKKKACiiigAooooAKKKKACiiigAooooAKKKKACiiigAooooAKKKKACiiigAooooAKKKKACiiigAooooAKKKKACiiigAooooAKKKKACiiigAooooAKKKKACiiigAooooAKKKKACiiigAooooAKKKKACiiigAooooAKKKKACiiigAooooAKKKKACiiigAooooAKKKKACiiigAooooAKKKKACiiigAooooAKKKKACiiigAooooAKKKKACiiigAooooAKKKKACiiigAooooAKKKKACiiigAooooAKKKKACiiigAooooAKKKKACiiigAooooAKKKKACiiigAooooAKKKKACiiigAooooAKKKKACiiigAooooAKKKKACiiigAooooAKKKKACiiigAooooAKKKKACiiigAooooAKKKKACiiigAooooAKKKKACiiigAooooAKKKKACiiigAooooAKKKKACiiigAooooAKKKKACiiigAooooAKKKKACiiigAooooAKKKKACiiigAooooAKKKKACiiigAooooAKKKKACiiigAooooAKKKKACiiigAooooAKKKKACiiigAooooAKKKKACiiigAooooAKKKKACiiigAooooAKKKKACiiigAooooAKKKKACiiigAooooAKKKKACiiigAooooAKKKKACiiigAooooAKKKKACiiigAooooAKKKKACiiigAooooAKKKKACiiigAooooAKKKKACiiigAooooAKKKKACiiigAooooAKKKKACiiigAooooAKKKKACiiigAooooAKKKKACiiigAooooAKKKKACiiigAooooAKKKKACiiigAooooAKKKKACiiigAooooAKKKKACiiigAooooAKKKKACiiigAooooAKKKKACiiigAooooAKKKKACiiigAooooAKKKKACiiigAooooAKKKKACiiigAooooAKKKKACiiigAooooAKKKKACiiigAooooAKKKKACiiigAooooAKKKKACiiigAooooAKKKKACiiigAooooAKKKKACiiigAooooAKKKKACiiigAooooAKKKKACiiigAooooAKKKKACiiigAooooAKKKKACiiigAooooAKKKKACiiigAooooAKKKKACiiigAooooAKKKKACiiigAooooAKKKKACiiigAooooAKKKKACiiigAooooAKKKKACiiigAooooAKKKKACiiigAooooAKKKKACiiigAooooAKKKKACiiigAooooAKKKKACiiigAooooAKKKKACiiigAooooAKKKKACiiigAooooAKKKKACiiigAooooAKKKKACiiigAooooAKKKKACiiigAooooAKKKKACiiigAooooAKKKKACiiigAooooAKKKKACiiigAooooAKKKKACiiigAooooAKKKKACiiigAooooAKKKKACiiigAooooAKKKKACiiigAooooAKKKKACiiigAooooAKKKKACiiigAooooAKKKKACiiigAooooAKKKKACiiigAooooAKKKKACiiigAooooAKKKKACiiigAooooAKKK4L4xa5qXh74e3GoaTdva3azxKJUAJALcjmgDvaK8H0/TfjFc+F7TxFpviyC7E9stylo6KXZSudoDJtJ/EfWu++Ffj5vHvhuS4uoUh1K0k8q5SMEKcjKsAemeePUGgDuqKKKACiiigAooooAKKKKACiiigAooooAKKKKACiiigAooooAKKKKACiiigAooooAKKKKACiiigAooooAKKKKACiiigAooooAKKKKACiiigAooooAKKKKACiiigAooooAKKKKACiiigAooooAKKKKACiiigAooooAKKKKACiiigAooooAKKKKACiiigAooooAKKKKACiiigAooooAKKKKACiiigAooooAKKKKACiiigAooooAKKKKACiiigAooooAKKKKACiiigAooooAKKKKACiiigAooooAKKKKACiiigAooooAKKKKACiiigAooooAKKKKACiiigAooooAKKKKACiiigAooooAKKKKACiiigAooooAKKKKACiiigArzL49/8AJLLr/r5h/wDQq9NrM1/w9pfifSn0zWLX7TZuyu0fmMmSDkcqQf1oA4fwp8QfCehfDLRWvdesPOttOiEltHOrzbgg+XYDnOeMVg/s8afc/wBmeINcliMcGo3SiEHodm8sR7ZfGfY+lddB8Gfh9byiRPDsZYdpLmZx+TORWx4s0jVbnwVdaT4Vkt9PvHjWGB8mJIUyN23aDtO3IGBxmgDo6K8F0rQ7Hw58WPD2meC766ubmNG/4SArMZItoA5c9A2d3HY7ehr3qgAooooAKKKKACiiigAooooAKKKKACiiigAooooAKKKKACiiigAooooAKKKKACiiigAooooAKKKKACiiigAooooAKKKKACiiigAooooAKKKKACiiigAooooAKKKKACiiigAooooAKKKKACiiigAooooAKKKKACiiigAooooAKKKKACiiigAooooAKKKKACiiigAooooAKKKKACiiigAooooAKKKKACiiigAooooAKKKKACiiuCtPENx4ctvFlpqdxJcTaUxurVpmLNJDKMxrk8nDZT8qAO9orJ8M2l7ZeG7CDUrmW4vhEGuJJW3MXbkjPoCcD2FU7nUPFaXUyW3h/T5YFdhHI+plS654JHlHBI7ZNAHRVma5r1h4fs0uL53/AHsgihiiQvJK56KqjkmnaTcatcRSHVtPt7OQMAiw3JmDD1J2riuZ8fvK1/4dh0yPzNe+1tLYo+PKwq/vPM9F2ntznGKANvRPFWn65dz2UUd3a30Ch5LS8gMUoQ8BsHqM9xW5XnuiPqUXxNeTxPDBFqdxp5hsDZEmBoVfc4y3zb8kHkYxXY6/fy6V4c1TUYFRprS0lnRXBKllQsAcEcZFAGjRWPFbeJBMhm1bSXiDDeqaZIrFe4BM5wffB+hrUxN/z0j/AO+D/jQBJRUeJv8AnpH/AN8H/GjE3/PSP/vg/wCNAElFR4m/56R/98H/ABoxN/z0j/74P+NAElFR4m/56R/98H/GjE3/AD0j/wC+D/jQBJRUeJv+ekf/AHwf8aMTf89I/wDvg/40ASUVHib/AJ6R/wDfB/xoxN/z0j/74P8AjQBJRUeJv+ekf/fB/wAa53xx4luvB3hO71yOzS++zFN0IJThmC5zz0JHagDpqK+fPhv8ade1rxt/Zerw/aYdTmxAtvDk2px0AHJjAGSTkjBbPWvf8Tf89I/++D/jQBJRUeJv+ekf/fB/xoxN/wA9I/8Avg/40ASUVHib/npH/wB8H/GjE3/PSP8A74P+NAElFR4m/wCekf8A3wf8aMTf89I/++D/AI0ASUVHib/npH/3wf8AGjE3/PSP/vg/40ASUVHib/npH/3wf8aMTf8APSP/AL4P+NAElFR4m/56R/8AfB/xoxN/z0j/AO+D/jQBJRUeJv8AnpH/AN8H/GjE3/PSP/vg/wCNAElFR4m/56R/98H/ABoxN/z0j/74P+NAElFR4m/56R/98H/GjE3/AD0j/wC+D/jQBJRUeJv+ekf/AHwf8aMTf89I/wDvg/40ASUVHib/AJ6R/wDfB/xoxN/z0j/74P8AjQBJRUeJv+ekf/fB/wAaMTf89I/++D/jQBJRUeJv+ekf/fB/xoxN/wA9I/8Avg/40ASUVHib/npH/wB8H/GjE3/PSP8A74P+NAElFR4m/wCekf8A3wf8aMTf89I/++D/AI0ASVzvjjTdd1jwpd6d4dvILO/uMJ58zsgRM/NgqCQSOOnet7E3/PSP/vg/40Ym/wCekf8A3wf8aAPLvA/g/wAfeEBZaen/AAicelrKpu2gExuJlz8zbioy2M4zx9BXqtR4m/56R/8AfB/xoxN/z0j/AO+D/jQBJRUeJv8AnpH/AN8H/GjE3/PSP/vg/wCNAElFR4m/56R/98H/ABoxN/z0j/74P+NAElFR4m/56R/98H/GjE3/AD0j/wC+D/jQBJRUeJv+ekf/AHwf8aMTf89I/wDvg/40ASUVHib/AJ6R/wDfB/xoxN/z0j/74P8AjQBJRUeJv+ekf/fB/wAaMTf89I/++D/jQBJRUeJv+ekf/fB/xpshmRQd8fUD7h7nHrQBNRUeJv8AnpH/AN8H/GjE3/PSP/vg/wCNAElFR4m/56R/98H/ABoxN/z0j/74P+NAElFR4m/56R/98H/GjE3/AD0j/wC+D/jQBJRUeJv+ekf/AHwf8aMTf89I/wDvg/40ASUVHib/AJ6R/wDfB/xoxN/z0j/74P8AjQBJRUeJv+ekf/fB/wAaMTf89I/++D/jQBJRUeJv+ekf/fB/xoxN/wA9I/8Avg/40ASUVHib/npH/wB8H/GjE3/PSP8A74P+NAElFQgzGVk3x8AH7h759/anYm/56R/98H/GgCSio8Tf89I/++D/AI0Ym/56R/8AfB/xoAkoqPE3/PSP/vg/40Ym/wCekf8A3wf8aAJKKjxN/wA9I/8Avg/40Ym/56R/98H/ABoAkoqPE3/PSP8A74P+NGJv+ekf/fB/xoAkoqPE3/PSP/vg/wCNGJv+ekf/AHwf8aAJKKjxN/z0j/74P+NGJv8AnpH/AN8H/GgCSimqHB+dlP0XH9adQAUUUUAFFFFABRRRQAUUUUAFFFFABRRRQAUUUUAFFFFABRRRQAUUUUAFFFFABRRRQAUUUUAFFFFABRRRQAUUUUAFFFFABRRRQAUUUUAFFFFABRRRQAV51rltp/in4k6Vb2M/mtYo51YR8qEjdWjjf38wZx6Zr0WigArnbnwJ4YvLqa5uNHgkmmdpJHJbLMTknr610VFAGdpOhaXoUUkWmWcdskjBnCZ5P41S8R+G31uWxvLPUH0/U7B2a2uljEgUMMMrIeGBGPyreooA5nSvDF7Hry63rerDUb2KEw26xwCGKFW+8QuSSxx1Jq34y/5EbxB/2Dbn/wBFNW3WJ4y/5EbxB/2Dbn/0U1AG3RRRQAUUUUAFFFFABRRRQAUUUUAFFFFABVHWdLh1vRL7S7jPk3kDwPg4IDAjI/Or1FAHw1pV9f8AhHxUJ42lhv7GV4/3L4YSDK47gjPBBBBGRg5r1v4efHHVrjxY9l4lzc22p3AEP2eI5tnbCqiKMkp0GOTnnkk55X44eHzovj37bEhW31OBLlSFwA4G1wPU5AY/79bfh+0sG0+PxjYrcQav5HmeZa8usqZDlU6EsQQQeGBx3OQD6Zor548G/tA303iaSPxUtvHpl0VWN7ePaLQ4xnuWU9TkkgnjjivoegAooooAKKKKACiiigAooooAKKKKACiiigAooooAKKKKACiiigAooooAKKKKACiiigAooooAKKKKACiiigAooooAKKKKACiiigAooooAKKKKACiiigAooooAKjm+4P8AfX/0IVJUc33B/vr/AOhCgCSiiigAooooAKKKKACiiigAooooAKKKKACiiigAooooAjH/AB8P/uL/ADNSVGP+Ph/9xf5mpKACiiigAooooAKKKKACiiigAooooAKKKKACiiigAooooAKKKKACiiigAooooAKKKKACiiigAooooAKKKKACiiigAooooAKKKKACiiigAooooAKKKKACiiigAooooAKKKKACiiigAooooAKKKKACiiigAooooAKKKKACiiigArE8Zf8AIjeIP+wbc/8Aopq26xPGX/IjeIP+wbc/+imoA26KKKACiiigAooooAKKKKACiiigAooooAKKKKAOF8e/Diz+IWnaTHcXjWb2cgfzUi3s0bAbkHIAzhTnnGOhrznwvo8WhaN/Z6K4mhmkS43tk+arFW+gyvHtjr1r3yD/AI94v9wfyryvxRY/2X42vFAAh1GJbyMAfxrhJR+kZ+rmgDjbjwlpcGtP4hh823vYcTxtEu4JKp3CQJg7myOnIPpk5q54Z/aGku/FKw6/aQWukzIkayQg5hkA5kbJOVYk8fwjHXBLbFcrf+A9LvNdGrKfJcZdovLV43lyCHZWBBHXKkYbv3yAfR0Usc0SSxOskbqGR0OQwPQg9xTq8K0T9oiG58Sw2er2MFvpbIInvISx/e55kweRGePlwWXqSele5xSxzRJLE6yRuoZHQ5DA9CD3FADqKKKACiiigAooooAKKKKACiiigAooooAKKKKACiiigAooooAKKKKACiiigAooooAKKKKACiiigAooooAKKKKACiiigAooooAKKKKACiiigAooooAKjm+4P99f/QhUlRzfcH++v/oQoAkooooAKKKKACiiigAooooAKKKKACiiigAooooAKKKKAIx/x8P/ALi/zNSVGP8Aj4f/AHF/makoAKKKKACiiigAooooAKKKKACiiigAooooAKKKKACiiigAooooAKKKKACiiigAooooAKKKKACiiigAooooAKKKKACiiigAooooAKKKKACiiigAooooAKKKKACiiigAooooAKKKKACiiigAooooAKKKKACiiigAooooAKKKKACsTxl/yI3iD/sG3P8A6KatusTxl/yI3iD/ALBtz/6KagDbooooAKKKKACiiigAooooAKKKKACiiigAooooAjg/494v9wfyrjfiZZn+w7XWI0LPptwHk2jkwv8AJJ+Ayr/8ArsoP+PeL/cH8q88+N9jqF18Nry4067u4XtWEk0dvIyiaE/K6uAeVw245z92gDnwysWAYEqcEA9D1/qKWvMfhRqeHvtKduCBPGM/g3/sv5V6dQBxut/DrTtX1f7ckzWocMZ441GJG7MPTnr6+xOa6vSPj3pFtq+naLc6dBa6fFF9nnu7U/uY5AdqmJQOIsAe43YGQuWnriPEXw6tdY1aO9tZxaCRibpQuQ3+0o7MT17c569QD6biljmiSWJ1kjdQyOhyGB6EHuKdXi+jfGfw74dm0rwtPpf2KO1X7NdT277oICMBSvJZgeS275lPXecmvZopY5oklidZI3UMjochgehB7igB1FFFABRRRQAUUUUAFFFFABRRRQAUUUUAFFFFABRRRQAUUUUAFFFFABRRRQAUUUUAFFFFABRRRQAUUUUAFFFFABRRRQAUUUUAFFFFABRRRQAVHN9wf76/+hCpKjm+4P8AfX/0IUASUUUUAFFFFABRRRQAUUUUAFFFFABRRRQAUUUUAFFFFAEY/wCPh/8AcX+ZqSox/wAfD/7i/wAzUlABRRRQAUUUUAFFFFABRRRQAUUUUAFFFFABRRRQAUUUUAFFFFABRRRQAUUUUAFFFFABRRRQAUUUUAFFFFABRRRQAUUUUAFFFFABRRRQAUUUUAFFFFABRRRQAUUUUAFFFFABRRRQAUUUUAFFFFABRRRQAUUUUAFFFFABRRRQAVieMv8AkRvEH/YNuf8A0U1bdYnjL/kRvEH/AGDbn/0U1AG3RRRQAUUUUAFFFFABRRRQAUUUUAFFFFABRRRQBHB/x7xf7g/lUeoWUGpadc2NygeC5iaKRSMgqwwR+tSQf8e8X+4P5VJQB8T26y+CfiG1vc5X7DdtBKTzlMlSf++TmvcQQwBBBB5BFcT+0R4f/s/xjaa1EmItSgw5A/5ax4B/8dKfka2PBeoPqXhKwmkDb1TymLD7207cg9+n55oA36KKKAOE8UfDqPWNSS906WO1eV/9JVgdpHd1A/i9uAfUc573w98UfDPgjStE8J30VxBcW5+z3LhjJHEMbhMWJzhy2doHy/NwAF3Nrz/xj8Pjql4NQ0gRx3Erj7RGx2q2Ty49D3I79evUA+pIpY5oklidZI3UMjochgehB7inV474S8feGPh94a0vw3q9xfRXyS+W/mZlXaxJ84NwFizxtHzKcjBwWPsEUsc0SSxOskbqGR0OQwPQg9xQA6iiigAooooAKKKKACiiigAooooAKKKKACiiigAooooAKKKKACiiigAooooAKKKKACiiigAooooAKKKKACiiigAooooAKKKKACiiigAqOb7g/wB9f/QhUlRzfcH++v8A6EKAJKKKKACiiigAooooAKKKKACiiigAooooAKKKKACiiigCMf8AHw/+4v8AM1JUY/4+H/3F/makoAKKKKACiiigAooooAKKKKACiiigAooooAKKKKACiiigAooooAKKKKACiiigAooooAKKKKACiiigAooooAKKKKACiiigAooooAKKKKACiiigAooooAKKKKACiiigAooooAKKKKACiiigAooooAKKKKACiiigAooooAKKKKACsTxl/wAiN4g/7Btz/wCimrbrE8Zf8iN4g/7Btz/6KagDbooooAKKKKACiiigAooooAKKKKACiiigAooooAjg/wCPeL/cH8qkqOD/AI94v9wfyqSgCjqmi6XrkCwarp1rfRKSVS5iWQKcYyARwcd+teP2ls+nG40qUkyadM1qSe6ryh/FCh/Gvbq8u8dWR07xpbXyg+RqtuYnwOBPFyPxZCf+/dAGVRRRQAUUUUAef+OfA02rXB1XSgXvH2rNAz439AGBPAIGMjpgevX0TwD4t0T4feCYNI8SavMl9HdbNkoLrtc/KYcD/VAAkk8q27puUGOvP/iD4OuNUY6vp5lmuI0CyW5Jbco7oOx/2R16jnqAfUkUsc0SSxOskbqGR0OQwPQg9xTq8b+F3iGw8EeCpLHxZr7W1xDMClrc4xEj4CiIrkyDOS2Pu88ADc3sUUsc0SSxOskbqGR0OQwPQg9xQA6iiigAooooAKKKKACiiigAooooAKKKKACiiigAooooAKKKKACiiigAooooAKKKKACiiigAooooAKKKKACiiigAooooAKKKKACo5vuD/fX/ANCFSVHN9wf76/8AoQoAkooooAKKKKACiiigAooooAKKKKACiiigAooooAKKKKAIx/x8P/uL/M1JUY/4+H/3F/makoAKKKKACiiigAooooAKKKKACiiigAooooAKKKKACiiigAooooAKKKKACiiigAooooAKKKKACiiigAooooAKKKKACiiigAooooAKKKKACiiigAooooAKKKKACiiigAooooAKKKKACiiigAooooAKKKKACiiigAooooAKKKKACsTxl/yI3iD/ALBtz/6KatusTxl/yI3iD/sG3P8A6KagDbooooAKKKKACiiigAooooAKKKKACiiigAooooAjg/494v8AcH8qkqOD/j3i/wBwfyqSgArhfizqOmaX4LNzqFyIJUuY3s/lZt8y5bZ8oONyh1yeBmu6rj/ih4bbxT8PtUsIoy90ifaLcAAkyJyAM+oyv/AqAPMPDviSz8S2s1xaJIixSbCsuA3QHOAT79+1bNeOfDLVhY+IXspGIjvE2j03ryP03D8a9joAKKKKACiiigDhPiL4XvdYhj1Gykkle2Qq1rnIK9SyD+96juAPTB7n4MazJ4d8H6jB4p1hbSO02zw2l2NrQQHHzBieQXYLsHKtgdXAp1cR8RfDuoaxYw3VlI8otQS1oAPmz1Ze5b29OnPUA+m4pY5oklidZI3UMjochgehB7inV4l8BNX1G28P39trWqQw6fbRC5tbe6yskcPJaUM2AIvzwTk7QRu9riljmiSWJ1kjdQyOhyGB6EHuKAHUUUUAFFFFABRRRQAUUUUAFFFFABRRRQAUUUUAFFFFABRRRQAUUUUAFFFFABRRRQAUUUUAFFFFABRRRQAUUUUAFFFFABUc33B/vr/6EKkqOb7g/wB9f/QhQBJRRRQAUUUUAFFFFABRRRQAUUUUAFFFFABRRRQAUUUUARj/AI+H/wBxf5mpKjH/AB8P/uL/ADNSUAFFFFABRRRQAUUUUAFFFFABRRRQAUUUUAFFFFABRRRQAUUUUAFFFFABRRRQAUUUUAFFFFABRRRQAUUUUAFFFFABRRRQAUUUUAFFFFABRRRQAUUUUAFFFFABRRRQAUUUUAFFFFABRRRQAUUUUAFFFFABRRRQAUUUUAFFFFABWJ4y/wCRG8Qf9g25/wDRTVt1ieMv+RG8Qf8AYNuf/RTUAbdFFFABRRRQAUUUUAFFFFABRRRQAUUUUAFFFFAEcH/HvF/uD+VSVHB/x7xf7g/lUlABRRRQB8Z/EPR5fBvxN1CKBTGiXIu7U4wNjHeuPYHK/wDAa9esbuPULC3vIf8AVzxrIvPQEZxVz45+ANS8VjR77QrFrq/jd7eVEKrmMqXDEsQAAVI5PVgPSuX8C2V5YeF4ILySNyGYxhCSUU/wtkDDBtwIoA6SiiigAooooAKKKKAON+Iuiajq+jxPY4kFsxkkgCZeQY6qevHPy98+oFdH+zvret3Nve6ReTxtpcEQltEmYiXlsHyx/FGCDn+6xUDqav1yvjyw1W80MNpJAeLd5qxgiV42UqyqR2IJBX+IcexAPo6KWOaJJYnWSN1DI6HIYHoQe4p1eA/s8+Jtdu5rrQJmjn0m2iMsbSygSQnIG1B1Zeeey5HI3AN79QAUUUUAFFFFABRRRQAUUUUAFFFFABRRRQAUUUUAFFFFABRRRQAUUUUAFFFFABRRRQAUUUUAFFFFABRRRQAUUUUAFRzfcH++v/oQqSo5vuD/AH1/9CFAElFFFABRRRQAUUUUAFFFFABRRRQAUUUUAFFFFABRRRQBGP8Aj4f/AHF/makqMf8AHw/+4v8AM1JQAUUUUAFFFFABRRRQAUUUUAFFFFABRRRQAUUUUAFFFFABRRRQAUUUUAFFFFABRRRQAUUUUAFFFFABRRRQAUUUUAFFFFABRRRQAUUUUAFFFFABRRRQAUUUUAFFFFABRRRQAUUUUAFFFFABRRRQAUUUUAFFFFABRRRQAUUUUAFYnjL/AJEbxB/2Dbn/ANFNW3WJ4y/5EbxB/wBg25/9FNQBt0UUUAFFFFABRRRQAUUUUAFFFFABRRRQAUUUUARwf8e8X+4P5VJUcH/HvF/uD+VSUAFFFFABXj+s2Z0jxhqlhtIhnYX9vxxtkJ3ge4kDH6OK9grhfibZlLDT9bjXmxn8ucgZ/cSkK34BhGx9lNAHJ0UUUAFFFFABRRRQAUUUUAc34tt9Tg0LzvDyeRewSGVZLdjHMgbO8xlcHccnPqCepxVj9n3xVr89zJ4ekiF3o8SF1keZQ9r3+VSdzoTgEKDtLKeM87lYOvRXuk6W9/4btI49Tgm+0xyQgK6sfvuAB85I4Knhh1z0IB9CUV8+fAXx14h1HXJ/Dt4ZdRs2SS6a5mlzJbnPJJY5YMzAY5OWz0zX0HQAUUUUAFFFFABRRRQAUUUUAFFFFABRRRQAUUUUAFFFFABRRRQAUUUUAFFFFABRRRQAUUUUAFFFFABRRRQAVHN9wf76/wDoQqSo5vuD/fX/ANCFAElFFFABRRRQAUUUUAFFFFABRRRQAUUUUAFFFFABRRRQBGP+Ph/9xf5mpKjH/Hw/+4v8zUlABRRRQAUUUUAFFFFABRRRQAUUUUAFFFFABRRRQAUUUUAFFFFABRRRQAUUUUAFFFFABRRRQAUUUUAFFFFABRRRQAUUUUAFFFFABRRRQAUUUUAFFFFABRRRQAUUUUAFFFFABRRRQAUUUUAFFFFABRRRQAUUUUAFFFFABRRRQAVieMv+RG8Qf9g25/8ARTVt1ieMv+RG8Qf9g25/9FNQBt0UUUAFFFFABRRRQAUUUUAFFFFABRRRQAUUUUARwf8AHvF/uD+VSVHB/wAe8X+4P5VJQAUUUUAFch8UNQvNM+HGtXNlZQ3biHZJFMCV8piFc4BBOFJPUY69sV19Q3lpBf2U9ncxiSCeNo5EPRlIwRQB8vfDzxXfazd3Vlqdz50ojDwsVVeBwRwBnqD+deg14Y8Fx4F+IMltPvDafdmN+xePOM/ipz+Ne5KyugZWDKwyCDkEUALRRRQAUUUUAFFFFABRRRQBjavHLpGmTajodns1O3c3MDWwCP5p4ZunzZGcqc7hx3qL4M/E7xNq3imTRNUFzq8V4zzmfjdanqWPQCPJAxwASAo5wd6sW9sotFt7vWNHsnj1SNjcxyWgAlMgGO/BBGcrgggtwSeQD6Aor57+GPxm13VvGp0vW4mvYtVn/cC2i5tWx0AH/LMAc5yQAWJPOfoSgAooooAKKKKACiiigAooooAKKKKACiiigAooooAKKKKACiiigAooooAKKKKACiiigAooooAKKKKACo5vuD/fX/0IVJUc33B/vr/6EKAJKKKKACiiigAooooAKKKKACiiigAooooAKKKKACiiigCMf8fD/wC4v8zUlRj/AI+H/wBxf5mpKACiiigAooooAKKKKACiiigAooooAKKKKACiiigAooooAKKKKACiiigAooooAKKKKACiiigAooooAKKKKACiiigAooooAKKKKACiiigAooooAKKKKACiiigAooooAKKKKACiiigAooooAKKKKACiiigAooooAKKKKACiiigArE8Zf8iN4g/7Btz/AOimrbrE8Zf8iN4g/wCwbc/+imoA26KKKACiiigAooooAKKKKACiiigAooooAKKKKAI4P+PeL/cH8qkqOD/j3i/3B/KpKACiiigAooooA+cP2jfDbW2t6f4jhjPlXcf2adgBgSJypPuVyP8AgFJ8PtXGqeF4YmbM1p+4fPoPun8sD8K9z8XeE9O8aaBJo+ptMkDusgkgIDoynIIJBHqOnQmvINN8LWXg7WdX0a1jlDxSIfOlclpomBaNj2yMspwBkqaANaiiigAooooAKKKKACiiigAooooAxpNIsdInutc06CS21Nc3C3Fou6XeoP3VPB3cgr0bPOaj8C/HrVNR8XCz8RW8bWd/IkVutnCc27nCgAcs4Y9cknJ444rdrD/4R7T9N1efxDZGaz1JR5iT24JMbDJLKgHzFhwRg7hkY5OQD6CorwHwz+0NJd+KVh1+0gtdJmRI1khBzDIBzI2ScqxJ4/hGOuCW9+oAKKKKACiiigAooooAKKKKACiiigAooooAKKKKACiiigAooooAKKKKACiiigAooooAKKKKACo5vuD/AH1/9CFSVHN9wf76/wDoQoAkooooAKKKKACiiigAooooAKKKKACiiigAooooAKKKKAIx/wAfD/7i/wAzUlRj/j4f/cX+ZqSgAooooAKKKKACiiigAooooAKKKKACiiigAooooAKKKKACiiigAooooAKKKKACiiigAooooAKKKKACiiigAooooAKKKKACiiigAooooAKKKKACiiigAooooAKKKKACiiigAooooAKKKKACiiigAooooAKKKKACiiigAooooAKxPGX/ACI3iD/sG3P/AKKatusTxl/yI3iD/sG3P/opqANuiiigAooooAKKKKACiiigAooooAKKKKACiiigCOD/AI94v9wfyqSo4P8Aj3i/3B/KpKACiiigAooooAK8++I9g0F5petxj5ATZXPH8LkGM/g/y/8AbQ16DWdr2kxa7oV7pczFVuYigcdUb+Fh7g4I+lAHlVFZum6tBdsLOSeL+0oQy3NurAtG6NtcEDoN3T17VpUAFFFFABRRRQAUUUUAFFFFABRRRQBz0ng7TF1/+3bffbX6MssTpjZHMrBhLtIwTkDg8HnjPNaWiftEQ3PiWGz1exgt9LZBE95CWP73PMmDyIzx8uCy9ST0q/XK3/gLS73XhqynyZOXaIRq8by5BDsrAgjrlSMN375APo6KWOaJJYnWSN1DI6HIYHoQe4p1eLWH7QenHxBZabqVmkdttMV3fwuWjE27AZB18vAyTyfm4yFy3s8Usc0SSxOskbqGR0OQwPQg9xQA6iiigAooooAKKKKACiiigAooooAKKKKACiiigAooooAKKKKACiiigAooooAKKKKACo5vuD/fX/0IVJUc33B/vr/6EKAJKKKKACiiigAooooAKKKKACiiigAooooAKKKKACiiigCMf8fD/wC4v8zUlRj/AI+H/wBxf5mpKACiiigAooooAKKKKACiiigAooooAKKKKACiiigAooooAKKKKACiiigAooooAKKKKACiiigAooooAKKKKACiiigAooooAKKKKACiiigAooooAKKKKACiiigAooooAKKKKACiiigAooooAKKKKACiiigAooooAKKKKACiiigArE8Zf8iN4g/7Btz/AOimrbrE8Zf8iN4g/wCwbc/+imoA26KKKACiiigAooooAKKKKACiiigAooooAKKKKAI4P+PeL/cH8qkqOD/j3i/3B/KpKACiiigAooooAKqapp0Gr6Teabc7vs93A8Em04O1lKnn6GrdFAHxLYm48EePDBeEq1nctb3GAcMmdpOPTHI/CvcwQwBBBB5BFch+0R4Y+w+JLTxFBHiHUE8qYgcCVAACfquP++DVrwHrH9r+F7fzGBntv3Enrx90/lj8QaAOmooooAKKKKACiiigAooooAKKKKACiiigDjdb+HWnavq/25JmtQ4YzxxqMSN2YenPX19ic121l8ctD0vUNO8P3+nLaeSPs13Palfs1uVwE8tRk7fUcFOnzYNR1xHiL4dWusatHe2s4tBIxN0oXIb/AGlHZievbnPXqAfTcUsc0SSxOskbqGR0OQwPQg9xTq8i0v4t+GfCtrpHhu9sjYTwkW06W4LQW6BRtkySWIbIODlh8xJPBb1uKWOaJJYnWSN1DI6HIYHoQe4oAdRRRQAUUUUAFFFFABRRRQAUUUUAFFFFABRRRQAUUUUAFFFFABRRRQAUUUUAFRzfcH++v/oQqSo5vuD/AH1/9CFAElFFFABRRRQAUUUUAFFFFABRRRQAUUUUAFFFFABRRRQBGP8Aj4f/AHF/makqMf8AHw/+4v8AM1JQAUUUUAFFFFABRRRQAUUUUAFFFFABRRRQAUUUUAFFFFABRRRQAUUUUAFFFFABRRRQAUUUUAFFFFABRRRQAUUUUAFFFFABRRRQAUUUUAFFFFABRRRQAUUUUAFFFFABRRRQAUUUUAFFFFABRRRQAUUUUAFFFFABRRRQAUUUUAFYnjL/AJEbxB/2Dbn/ANFNW3WJ4y/5EbxB/wBg25/9FNQBt0UUUAFFFFABRRRQAUUUUAFFFFABRRRQAUUUUARwf8e8X+4P5VJUcH/HvF/uD+VSUAFFFFABRRRQAUUUUAcj8TPDH/CWeAtS0+NQbpU8+2JHPmJ8wA+oBX8a+cfhampQ6nOwtpPsE8QLyHCjOWCsM8sMq68Z5619eV598SdPMFxpuvoxCRt9iuh6pIfkY/7r4H0kNAHNUUUUAFFFFABRRRQAUUUUAFFFFABRRRQAUUUUAcJ4p+Hces6ml7p8sdrJK/8ApQYEqfV1A/i9uAfUc59G8OfEfwv4G8OaP4b1Q3FndwEW7LhpVKnJNxvPRC2eOqkkBdozVSuC8a+A5davl1LTHUXUjKk6SthSOAHB7YGMjuBxzwQD6hiljmiSWJ1kjdQyOhyGB6EHuKdXk3g3xl4a8BeC7PRtZvri2ureYQlZ2aXzd7E+ZHgYEQGcjA2Ywckgv6vFLHNEksTrJG6hkdDkMD0IPcUAOooooAKKKKACiiigAooooAKKKKACiiigAooooAKKKKACiiigAooooAKjm+4P99f/AEIVJUc33B/vr/6EKAJKKKKACiiigAooooAKKKKACiiigAooooAKKKKACiiigCMf8fD/AO4v8zUlRj/j4f8A3F/makoAKKKKACiiigAooooAKKKKACiiigAooooAKKKKACiiigAooooAKKKKACiiigAooooAKKKKACiiigAooooAKKKKACiiigAooooAKKKKACiiigAooooAKKKKACiiigAooooAKKKKACiiigAooooAKKKKACiiigAooooAKKKKACsTxl/yI3iD/sG3P/opq26xPGX/ACI3iD/sG3P/AKKagDbooooAKKKKACiiigAooooAKKKKACiiigAooooAjg/494v9wfyqSo4P+PeL/cH8qkoAKKKKACiiigAooooAKpaxpkGtaNeaZc5EN1C0TEdVyOo9x1HuKu0UAeH2EszwNFc8XdtI1vcDGP3iHaxx6EjI9iKtVxvxD8fzaN8UNUt7bTRFbiSJbpZjlpGCDMi4OFyu0d8hQeMkV2EciTRJLGwZHUMrDoQehoAdRRRQAUUUUAFFFFABRRRQAUUUUAFFFFABRRRQBwXjzwVda1Oup6azS3QAje3eTgr2KknC4zyOh5PXOfSPhx4j0bwN4H/svxJrZt7u1mO5blsqVdsJ5AAyyevdTuJwuKqVwnxE8LXuswxahZSSzSWyFTadQVzksg/veo7gD0wQD6filjmiSWJ1kjdQyOhyGB6EHuKdXkXwk1SDwr4Ku7LxJrbQT2R89oLsqqW8JwB5bZO8Fjg4PDEKByC3rcUsc0SSxOskbqGR0OQwPQg9xQA6iiigAooooAKKKKACiiigAooooAKKKKACiiigAooooAKKKKACo5vuD/fX/wBCFSVHN9wf76/+hCgCSiiigAooooAKKKKACiiigAooooAKKKKACiiigAooooAjH/Hw/wDuL/M1JUY/4+H/ANxf5mpKACiiigAooooAKKKKACiiigAooooAKKKKACiiigAooooAKKKKACiiigAooooAKKKKACiiigAooooAKKKKACiiigAooooAKKKKACiiigAooooAKKKKACiiigAooooAKKKKACiiigAooooAKKKKACiiigAooooAKKKKACiiigArE8Zf8iN4g/7Btz/6KatusTxl/wAiN4g/7Btz/wCimoA26KKKACiiigAooooAKKKKACiiigAooooAKKKKAI4P+PeL/cH8qkqOD/j3i/3B/KpKACiiigAooooAKKKKACiiigD58/aN8LbZdP8AFFvHgP8A6JdEDvyUY/huGfZRWT8NtZGo+HRZOw8+yOzGeSh5U/zH4V7/AOLvD8XinwpqOizYAuoSqMRnY45VvwYA18ieD9Rm8M+MBb3imEM7WlyjDlGzjn6MBn8aAPb6KKKACiiigAooooAKKKKACiiigAooooAKKKKACiiigDiPiL4d1DWLGG6spHlFqCWtAB82erL3Le3p0569r8GNZk8O+D9Rg8U6wtpHabZ4bS7G1oIDj5gxPILsF2DlWwOrgU6uI+Ivh3UNYsYbqykeUWoJa0AHzZ6svct7enTnqAfTcUsc0SSxOskbqGR0OQwPQg9xTq8S+Amr6jbeH7+21rVIYdPtohc2tvdZWSOHktKGbAEX54JydoI3e1xSxzRJLE6yRuoZHQ5DA9CD3FADqKKKACiiigAooooAKKKKACiiigAooooAKKKKACiiigAqOb7g/wB9f/QhUlRzfcH++v8A6EKAJKKKKACiiigAooooAKKKKACiiigAooooAKKKKACiiigCMf8AHw/+4v8AM1JUY/4+H/3F/makoAKKKKACiiigAooooAKKKKACiiigAooooAKKKKACiiigAooooAKKKKACiiigAooooAKKKKACiiigAooooAKKKKACiiigAooooAKKKKACiiigAooooAKKKKACiiigAooooAKKKKACiiigAooooAKKKKACiiigAooooAKKKKACsTxl/wAiN4g/7Btz/wCimrbrE8Zf8iN4g/7Btz/6KagDbooooAKKKKACiiigAooooAKKKKACiiigAooooAjg/wCPeL/cH8qkqOD/AI94v9wfyqSgAooooAKKKKACiiigAooooAK8S+I/wgsp9W1Hxkty5hBSe4sI48bwGXzH3g5+7uOAMk98mvbabJGksbRyKGRwVZT0IPagDxlAojUKSVAGCTnI+venVBHYNol7eaFISTYSbIizZLwHmJv++flPuhqegAooooAKKKKACiiigAooooAKKKKACiiigAooooAKKKKAON+Iuiajq+jxPY4kFsxkkgCZeQY6qevHPy98+oFdH+zvret3Nve6ReTxtpcEQltEmYiXlsHyx/FGCDn+6xUDqav1yvjyw1W80MNpJAeLd5qxgiV42UqyqR2IJBX+IcexAPo6KWOaJJYnWSN1DI6HIYHoQe4p1eA/s8+Jtdu5rrQJmjn0m2iMsbSygSQnIG1B1Zeeey5HI3AN79QAUUUUAFFFFABRRRQAUUUUAFFFFABRRRQAUUUUAFRzfcH++v8A6EKkqOb7g/31/wDQhQBJRRRQAUUUUAFFFFABRRRQAUUUUAFFFFABRRRQAUUUUARj/j4f/cX+ZqSox/x8P/uL/M1JQAUUUUAFFFFABRRRQAUUUUAFFFFABRRRQAUUUUAFFc1rOmWGq+MtIg1GxtryFdPvHEdxEsihvMthnDA84J596tf8Ib4W/wChb0f/AMAYv/iaANuisT/hDfC3/Qt6P/4Axf8AxNH/AAhvhb/oW9H/APAGL/4mgDborE/4Q3wt/wBC3o//AIAxf/E0f8Ib4W/6FvR//AGL/wCJoA26KxP+EN8Lf9C3o/8A4Axf/E0f8Ib4W/6FvR//AABi/wDiaANuisT/AIQ3wt/0Lej/APgDF/8AE0f8Ib4W/wChb0f/AMAYv/iaANuisT/hDfC3/Qt6P/4Axf8AxNH/AAhvhb/oW9H/APAGL/4mgDborE/4Q3wt/wBC3o//AIAxf/E0f8Ib4W/6FvR//AGL/wCJoA26KxP+EN8Lf9C3o/8A4Axf/E0f8Ib4W/6FvR//AABi/wDiaANuisT/AIQ3wt/0Lej/APgDF/8AE0f8Ib4W/wChb0f/AMAYv/iaANuisT/hDfC3/Qt6P/4Axf8AxNH/AAhvhb/oW9H/APAGL/4mgDborE/4Q3wt/wBC3o//AIAxf/E0f8Ib4W/6FvR//AGL/wCJoA26KxPBv/IjeH/+wbbf+ilrboAKKKKACiiigAooooAKKKKACiiigAooooAKKKKACiiigAooooAKKKKACiiigAooooAKxPGX/IjeIP8AsG3P/opq26xPGX/IjeIP+wbc/wDopqANuiiigAooooAKKKKACiiigAooooAKKKKACiiigCOD/j3i/wBwfyqSo4P+PeL/AHB/KpKACiiigAooooAKKKKACiiigAooooA88+JVgtnLY+JFwkcJ+y3rcAeU5+R2Por4HsHJrl7a6t7yAT2s8U8RyBJE4ZT+Ird+O3h2bXPh7JdW7SGTTJPtZjD4VkAIYkdCQCSD1HOOprxb4Wa0I57jRpWwJP30OT/EPvD8sH8DQB6jRRRQAUUUUAFFFFABRRRQAUUUUAFFFFABRRRQAUUUUAFFFFAHN+LbfU4NC87w8nkXsEhlWS3YxzIGzvMZXB3HJz6gnqcU/wDZ+8Za3NqjeFZI2u9MSF51kZwDaAY6Z6qWIG0cgnPTNdDWDr0V7pOlvf8Ahu0jj1OCb7THJCArqx++4AHzkjgqeGHXPQgH0JRXzr8DviH4guNf/wCEavUu9VtrgvP57Nve2Ocs7Mx+4SecnOWGMk4P0VQAUUUUAFFFFABRRRQAUUUUAFFFFABRRRQAVHN9wf76/wDoQqSo5vuD/fX/ANCFAElFFFABRRRQAUUUUAFFFFABRRRQAUUUUAFFFFABRRRQBGP+Ph/9xf5mpKjH/Hw/+4v8zUlABRRRQAUUUUAFFFFABRRRQAUUUUAFFFFABRRRQBiXX/I86V/2Db3/ANG2tc94+1bV7HWdGs9M1Sawjnt7qWUwxROXKNAF/wBYjYH7xumK6G6/5HnSv+wbe/8Ao21rlPiL/wAjRoH/AF5Xv/odtQBi/wBseJ/+hr1H/wABrT/4zR/bHif/AKGvUf8AwGtP/jNQ0UATf2x4n/6GvUf/AAGtP/jNH9seJ/8Aoa9R/wDAa0/+M1DRQBN/bHif/oa9R/8AAa0/+M0f2x4n/wChr1H/AMBrT/4zUNFAE39seJ/+hr1H/wABrT/4zXSeAdW1e+1nWbPU9Umv44Le1liM0USFC7Thv9Wi5H7teua5Wug+HX/I0a//ANeVl/6Hc0AWPEh1PUviTpmhW2uX+mWkmmS3L/YygZnWRQM7lbsafHea54T8W6Rpeo6u+saVq7SQxTXESJNbTKu4AsgAZWAI6Zz3qDxLdT6P8UtL1htJ1W8sl0qaBnsLKSfa7SKQDtHHANSD+0fGfjHRr46Re6bo2jtJcb7+PypLmZk2qFjzkKoJOTjJ4oA76iucbxvo66gbYi78kXX2M3otm+zifO3YZMYzu+XPTPGc10dABRRRQAUUUUAFFFFABRRRQBieDf8AkRvD/wD2Dbb/ANFLW3WJ4N/5Ebw//wBg22/9FLW3QAUUUUAFFFFABRRRQAUUUUAFFFFABRRRQAUUUUAFFFFABRRRQAUUUUAFFFFABRRRQAVieMv+RG8Qf9g25/8ARTVt1ieMv+RG8Qf9g25/9FNQBt0UUUAFFFFABRRRQAUUUUAFFFFABRRRQAUUUUARwf8AHvF/uD+VSVHB/wAe8X+4P5VJQAUUUUAFFFFABRRRQAUUUUAFFFFADJoo54ZIZkV4pFKujDIYHgg18YeKtFuvh38Q57SJmxaTCa2c/wAcR5XPrxwfcGvtKvFP2hvCRv8AQbXxLbIPO08+Vc4HLRMQAf8AgLY/76PpQAywvItQsILyBgYpkDrg569qsVx3w6i1a00Way1OzlgSGVhF5uAy8kOhT7ykMD1HeuxoAKKKKACiiigAooooAKKKKACiiigAooooAKKKKACiiigAooooAwdUs/7Es7zV9BsdmsI/2mOS3wr+Z0J9xjOU6NkjHzGq/wAI/i5rtz4pTQ9ce51VNTnJjlC7pIHPJ4HSPqSBgKBkYAIrpqwbzS7bRPtuvaRZSJrCfv45bXiTeB2B4wcncMHcCchulAH0JRXzr8PPjjq1x4sey8S5ubbU7gCH7PEc2zthVRFGSU6DHJzzySc/RVABRRRQAUUUUAFFFFABRRRQAUUUUAFRzfcH++v/AKEKkqOb7g/31/8AQhQBJRRRQAUUUUAFFFFABRRRQAUUUUAFFFFABRRRQAUUUUARj/j4f/cX+ZqSox/x8P8A7i/zNSUAFFFFABRRRQAUUUUAFFFFABRRRQAUUUUAFFFFAGJdf8jzpX/YNvf/AEba1j+NvDWsa1qmlXukrYv9lhuIpEu7h4s+Y0RBBWN8/wCrPXHUVsXX/I86V/2Db3/0ba1t0AeWf8Ib4w/59dD/APBlN/8AI9H/AAhvjD/n10P/AMGU3/yPXqdFAHln/CG+MP8An10P/wAGU3/yPR/whvjD/n10P/wZTf8AyPXqdFAHln/CG+MP+fXQ/wDwZTf/ACPR/wAIb4w/59dD/wDBlN/8j16nRQB5Z/whvjD/AJ9dD/8ABlN/8j10Hgnw1rGi6pqt7qy2KfaobeKNLS4eXHltKSSWjTH+sHTPQ12dFABRRRQB5cviHw94k1FdK/tjR9L0W21DK2QnRbi+nSbdkrn5EMo3YwWfrwDz6jRRQAUUUUAFFFFABRRRQAUUUUAYng3/AJEbw/8A9g22/wDRS1t1ieDf+RG8P/8AYNtv/RS1t0AFFFFABRRRQAUUUUAFFFFABRRRQAUUUUAFFFFABRRRQAUUUUAFFFFABRRRQAUUUUAFYnjL/kRvEH/YNuf/AEU1bdYnjL/kRvEH/YNuf/RTUAbdFFFABRRRQAUUUUAFFFFABRRRQAUUUUAFFFFAEcH/AB7xf7g/lUlRwf8AHvF/uD+VSUAFFFFABRRRQAUUUUAFFFFABRRRQAUUUUAeWeM9O/sfxal1GmLTVwSxA4W5Qc/i6DP/AGzPrWZXpfi3Qz4h8OXNlGQl0MTWshx8kyHch+mRg+xNeW2dyLu1jmCMhYYaNuqMDhlPuCCD7igCeiiigAooooAKKKKACiiigAooooAKKKKACiiigAooooAKKKKACiiigDBl0Gx0nUrrxJYJcW+pxoZY5LXllcAklU6Et0IPDDI7nLPBv7QN9N4mkj8VLbx6ZdFVje3j2i0OMZ7llPU5JIJ444roa5u48JaXBrT+IYfNt72HE8bRLuCSqdwkCYO5sjpyD6ZOaAPoqivAfDP7Q0l34pWHX7SC10mZEjWSEHMMgHMjZJyrEnj+EY64Jb3yKWOaJJYnWSN1DI6HIYHoQe4oAdRRRQAUUUUAFFFFABRRRQAVHN9wf76/+hCpKjm+4P8AfX/0IUASUUUUAFFFFABRRRQAUUUUAFFFFABRRRQAUUUUAFFFFAEY/wCPh/8AcX+ZqSox/wAfD/7i/wAzUlABRRRQAUUUUAFFFFABRRRQAUUUUAFFFFABRRRQBiXX/I86V/2Db3/0ba1p3eoWWnor3t3b2yMcK00gQE+gyazLr/kedK/7Bt7/AOjbWuL+NHgrWvGukaXbaLDHLJbztJJ5koQAFcDrQB3f/CS6D/0G9N/8Ck/xo/4SXQf+g3pv/gUn+NfMH/ChfHn/AD42n/gWlH/ChfHn/Pjaf+BaUAfU9pq+mX8pis9RtLmQLuKQzq5A9cA9OR+dXK8P+Dfwz8S+DPF93qOs20EdtJYPApjnVzvMkbDgeymvcKACqt5qVhp2z7be21t5mdnnyqm7HXGTz1H51aryX42eAte8b/2F/YkEUv2P7R53mShMb/L24z1+6aAPRv8AhJdB/wCg3pv/AIFJ/jVuz1Gy1BWayvLe5VDhjDKrhT74NfKv/ChfHn/Pjaf+BaV7L8F/BWteCtH1S31qGKKS4uFeMRyh8gLjtQB6dRXPrr1xF47fQLqGNbeexF1ZTLkFyrbZEOeCRlSMdjWZpfjv7Rph1K602+ktbm6nSxOn2M1wWgjbaHfYDtLHJHTI6UAdnRWHpnie31e6NrBYavbybCwe80yeCPj/AGnUDPtmuat/Herz6gnhr+y4l8UrdFJ0IY28dsMH7SD1KlSABnO447UAL4wfV9Ph1PUn1+e2uywj0LT7MqwncIMK6FcuzPuBHRVweOTXdCbyrMT3bRw7I98pLYVMDJ5PYc81yr+Fdcj8S3+tWmt6b51yQsRutLaZ7eIAARownXC5BJwBkkk9qk8Z79Rj0vwwGDPq04F0VGP9Gjw8x9g3yp/20oA6kyxiLzTInlkZ354x65p9eUfE+6m8QeHNbhtJGj0jR9ondDgXNzvX92P9mMHJ9WwP4TXq9ABRWVH4n0CbUv7Ni1zTHvt5j+zLdxmXeOq7c5yMHjHarGrWl5fae8FjqUmnTsRi4jiSRlHfAcEUAXFdXztYNg4ODnB9KWuD+FVtJZaNrlrNdS3UsOu3kbXEv35SGA3N7nrXeUAYng3/AJEbw/8A9g22/wDRS1t1ieDf+RG8P/8AYNtv/RS1t0AFFFFABRRRQAUUUUAFFFFABRRRQAUUUUAFFFFABRRRQAUUUUAFFFFABRRRQAUUUUAFYnjL/kRvEH/YNuf/AEU1bdYnjL/kRvEH/YNuf/RTUAbdFFFABRRRQAUUUUAFFFFABRRRQAUUUUAFFFFAEcH/AB7xf7g/lUlRwf8AHvF/uD+VSUAFFFFABRRRQAUUUUAFFFFABRRRQAUUUUAFfLXjHx7d6V8SNUtY9N+w2iagWuIWO95P4S44AUOMPgZ5PUgmvqWvn39onwiRLaeK7WLggW14VHf+Bj/6D+VAG1HIksayRsGRwGVh0INOrifhrrn9oaI2nzPm4s+Bk8mM9Py6flXbUAFFFFABRRRQAUUUUAFFFFABRRRQAUUUUAFFFFABRRRQAUUUUAFFFFAHK3/gPS7zXRqynyXGXaLy1eN5cgh2VgQR1ypGG7987eiftEQ3PiWGz1exgt9LZBE95CWP73PMmDyIzx8uCy9ST0q/XG638OtO1fV/tyTNahwxnjjUYkbsw9Oevr7E5oA+lopY5oklidZI3UMjochgehB7inV4lpHx70i21fTtFudOgtdPii+zz3dqf3McgO1TEoHEWAPcbsDIXLe1xSxzRJLE6yRuoZHQ5DA9CD3FADqKKKACiiigAooooAKjm+4P99f/AEIVJUc33B/vr/6EKAJKKKKACiiigAooooAKKKKACiiigAooooAKKKKACiiigCMf8fD/AO4v8zUlRj/j4f8A3F/makoAKKKKACiiigAooooAKKKKACiiigAooooAKKKKAMS6/wCR50r/ALBt7/6Nta26xLr/AJHnSv8AsG3v/o21rboAKKKKACiiigAooooAKKKKAPPfimvnW2kx6ZexweI/tYhsVBy5WZWik467QpLZ6ZQV0cvhWL+y9O06y1XUtNt7CEQxrZSqm9QABuypyRj9TWu1hZvfpftaQNeInlpcGMGRV/uhsZA5PHvVigDC07w9Ppdw1yuuatftsKrBe3CmMnsTtQEfX9K5YeAtZiaLxHHf2x8ZfajPNMXcW0kRwptumfLCAYOM7hnvXo1ZLeKNATVxpLa1p41Ett+ym5TzN3ptznPt1oA1VztG4AHHIBzWHZ6TcnxhqOtXmzZ5EdpYqpyVjHzyE+hZyB9EWt2igDz3xN8J9E1HQL+30i1+z39wd8by3s4iDlwzEruI55/h6mu50/T7bS7CGytEZLeEYRWkZyBnP3mJJ/E1ZooAprpWnJdfak0+1W43FvNEKh8nqc4zmrlFFAHP+FNDutCj1hbqSFze6rc3sflEnCSNlQcgc+vUe9dBRRQBieDf+RG8P/8AYNtv/RS1t1ieDf8AkRvD/wD2Dbb/ANFLW3QAUUUUAFFFFABRRRQAUUUUAFFFFABRRRQAUUUUAFFFFABRRRQAUUUUAFFFFABRRRQAVieMv+RG8Qf9g25/9FNW3WJ4y/5EbxB/2Dbn/wBFNQBt0UUUAFFFFABRRRQAUUUUAFFFFABRRRQAUUUUARwf8e8X+4P5VJUcH/HvF/uD+VSUAFFFFABRRRQAUUUUAFFFFABRRRQAUUUUAFZniLQ7XxJ4fvtHvFzDdRFCccqezD3BwfwrTooA+JtPlvPAvjd7e8Vke1ma3uUGfmXOCR7dCPwr3FHWWNZEYMjAMrA8EHvW58QPhBpfi2+utdR5U1T7OojhVgsUzrn/AFmBu5GFyCMY71zmnywzWED28XlR7cCLbt8vHBXHYggjHbFAFmiiigAooooAKKKKACiiigAooooAKKKKACiiigAooooAKKKKACiiigAooooA4jxF8OrXWNWjvbWcWgkYm6ULkN/tKOzE9e3OevXtdG+M/h3w7NpXhafS/sUdqv2a6nt33QQEYCleSzA8lt3zKeu85NOrhPFHw6j1jUkvdOljtXlf/SVYHaR3dQP4vbgH1HOQD6filjmiSWJ1kjdQyOhyGB6EHuKdXjfh74o+GfBGlaJ4TvoriC4tz9nuXDGSOIY3CYsTnDls7QPl+bgALu9iiljmiSWJ1kjdQyOhyGB6EHuKAHUUUUAFFFFABUc33B/vr/6EKkqOb7g/31/9CFAElFFFABRRRQAUUUUAFFFFABRRRQAUUUUAFFFFABRRRQBGP+Ph/wDcX+ZqSox/x8P/ALi/zNSUAFFFFABRRRQAUUUUAFFFFABRRRQAUUUUAFFFFAGJdf8AI86V/wBg29/9G2tcZ8aLnxbb6PpZ8JLqhnNw3n/2fE7tt28btoOBmuzuv+R50r/sG3v/AKNta26APPPg3P4muPCF2/isaiL8X7iP+0I2STy/LjxgMAdud345ryXwtqHxafxfoqaknigWDX8AufPtZRH5fmLu3ErgLjOc9q+naKAPJfjZc+M7b+wv+ERXVzu+0fav7Ohd/wDnns3bQcfxYz71r/BufxNceELt/FY1EX4v3Ef9oRsknl+XHjAYA7c7vxzXodFAHzF4W1D4tP4v0VNSTxQLBr+AXPn2soj8vzF3biVwFxnOe1eh/Gy58Z239hf8Iiurnd9o+1f2dC7/APPPZu2g4/ixn3r1qigDzz4Nz+Jrjwhdv4rGoi/F+4j/ALQjZJPL8uPGAwB253fjmqfwXuPFtxpGqN4tXVBcCdRB/aETo23bztDAcZr0+igDmJdZvdP+IaaXeyp/ZmoWLTWZKgbJoj+8TPfKsG59DWfoXifxBeaGmrLod1qsOoXE0tqlvJBD5FsGxEG8x13FgN2Rnr24qn8T44NaXTPDtnPMmvT3KPbtCh3QwtujlkJxgL5ZkHXriupvvCei6jaWVrc2rmGyj8qBI7iSIIuAMfIwzwo60AN0vWNWv7sw3nhm+02LYT9omuLd1z2GEkY/piuA13RtKi8LN8PdBi/tTXZGVpbnYC1s5fcbieQfdbrgZ3HgAYrvdP8ACGkaPM9zpkMsF0Y2RZHuZZQue+1nIPaue0PwR4p8O6cLKw8XWAQu0kkj6LukldjlndvOyzE9zQBu3XjXQtN1YaPdXdz9uVkjIFlMylmAI+dUK9x3wK5fWfFniLR/Es3hMNBPqOqyB9GvXVVWKI53+avGTHtOP7+R716SMhRk5Pc1xV38OodTt9Xl1HUHm1e+nWaHUEi2NZ+XzCsQ3HATvz82TnrQB2cKPHBGkkpldVAaQgAuccnA4Gfan1BZx3EVlBHdzpcXKoBLMkflh2xywXJxn0yanoAKKKKACiiigDE8G/8AIjeH/wDsG23/AKKWtusTwb/yI3h//sG23/opa26ACiiigAooooAKKKKACiiigAooooAKKKKACiiigAooooAKKKKACiiigAooooAKKKKACsTxl/yI3iD/ALBtz/6KatusTxl/yI3iD/sG3P8A6KagDbooooAKKKKACiiigAooooAKKKKACiiigAooooAjg/494v8AcH8qkqOD/j3i/wBwfyqSgAooooAKKKKACiiigAooooAKKKKACiiigAooooAK8l8TaV/YPiyURrtsdVLXMIAwEnH+tXp/Fw/ud5r1qua8d2FpfeFLl7m8trF7YrNBdXMgjjjlB+XcxIwGJ2nnkNigDz6isLQPFum+IppYbMyCWKNHZXGM5HOO5weDx16ZrdoAKKKKACiiigAooooAKKKKACiiigAooooAKKKKACiiigAooooAKKKKACiiigDz/wAY/D46peDUNIEcdxK4+0Rsdqtk8uPQ9yO/Xr19E8JePvDHw+8NaX4b1e4vor5JfLfzMyrtYk+cG4CxZ42j5lORg4LGOvP/ABz4Gm1a4Oq6UC94+1ZoGfG/oAwJ4BAxkdMD16gH1JFLHNEksTrJG6hkdDkMD0IPcU6vHfAPi3RPh94Jg0jxJq8yX0d1s2Sguu1z8phwP9UACSTyrbum5QfYIpY5oklidZI3UMjochgehB7igB1FFFABUc33B/vr/wChCpKjm+4P99f/AEIUASUUUUAFFFFABRRRQAUUUUAFFFFABRRRQAUUUUAFFFFAEY/4+H/3F/makqMf8fD/AO4v8zUlABRRRQAUUUUAFFFFABRRRQAUUUUAFFFFABRRRQBj6ppd/c6rZ6jp19bW01vBNAVuLVpldZGjbPyyJggxD160z7L4p/6DGj/+CqX/AOSK26KAMT7L4p/6DGj/APgql/8Akij7L4p/6DGj/wDgql/+SK26KAMT7L4p/wCgxo//AIKpf/kij7L4p/6DGj/+CqX/AOSK26KAMT7L4p/6DGj/APgql/8Akij7L4p/6DGj/wDgql/+SK26KAMT7L4p/wCgxo//AIKpf/kij7L4p/6DGj/+CqX/AOSK26KAMT7L4p/6DGj/APgql/8Akij7L4p/6DGj/wDgql/+SK26KAMT7L4p/wCgxo//AIKpf/kij7L4p/6DGj/+CqX/AOSK26KAMT7L4p/6DGj/APgql/8Akij7L4p/6DGj/wDgql/+SK26KAMT7L4p/wCgxo//AIKpf/kij7L4p/6DGj/+CqX/AOSK26KAMT7L4p/6DGj/APgql/8Akij7L4p/6DGj/wDgql/+SK26KAMT7L4p/wCgxo//AIKpf/kij7L4p/6DGj/+CqX/AOSK26KAKOjaf/ZGh6fpvm+b9jto7fzNu3fsULnGTjOOmavUUUAFFFFABRRRQAUUUUAFFFFABRRRQAUUUUAFFFFABRRRQAUUUUAFFFFABRRRQAUUUUAFYnjL/kRvEH/YNuf/AEU1bdYnjL/kRvEH/YNuf/RTUAbdFFFABRRRQAUUUUAFFFFABRRRQAUUUUAFFFFAEcH/AB7xf7g/lUlRwf8AHvF/uD+VSUAFFFFABRRRQAUUUUAFFFFABRRRQAUUUUAFFFFABVHWtItNe0W80q+j3213E0TjuM9x7g4IPqBV6igD4mMd/wDD3x3LbXK5nsZjHKoPEkZ7j2KkEfhXt9vPHdW8dxCwaKVQ6MO4IyKr/tC+C/temweLLRMzWu2C7AHWMn5W/Bjj/gXtXEfDDX/tFpLo1w/7yAeZBnuncfgefx9qAPQ6KKKACiiigAooooAKKKKACiiigAooooAKKKKACiiigAooooAKKKKACiiigAooooA8/wDiD4OuNUY6vp5lmuI0CyW5Jbco7oOx/wBkdeo56+hfC7xDYeCPBUlj4s19ra4hmBS1ucYiR8BREVyZBnJbH3eeABuZtcJ8RfC97rEMeo2Ukkr2yFWtc5BXqWQf3vUdwB6YIB9PxSxzRJLE6yRuoZHQ5DA9CD3FOrxf4MazJ4d8H6jB4p1hbSO02zw2l2NrQQHHzBieQXYLsHKtgdXAr2aKWOaJJYnWSN1DI6HIYHoQe4oAdUc33B/vr/6EKkqOb7g/31/9CFAElFFFABRRRQAUUUUAFFFFABRRRQAUUUUAFFFFABRRRQBGP+Ph/wDcX+ZqSox/x8P/ALi/zNSUAFFFFABRRRQAUUUUAFFFFABRRRQAUUUUAFFFFABRRRQAUUUUAFFFFABRRRQAUUUUAFFFFABRRRQAUUUUAFFFFABRRRQAUUUUAFFFFABRRRQAUUUUAFFFFABRRRQAUUUUAFFFFABRRRQAUUUUAFFFFABRRRQAUUUUAFFFFABWJ4y/5EbxB/2Dbn/0U1bdYnjL/kRvEH/YNuf/AEU1AG3RRRQAUUUUAFFFFABRRRQAUUUUAFFFFABRRRQBHB/x7xf7g/lUlRwf8e8X+4P5VJQAUUUUAFFFFABRRRQAUUUUAFFFFABRRRQAUUUUAFFFFAEF9ZW+o2FxY3cYltriNopUPRlYYI/I18yH4T654N8SQ6ldXSQ6amoGC3mQ73kUjK7gMBQ4ynPO7jGCCfqKqOsaVb63o91pl2G8m4jKMVOGU9mB7EHBB9QKAPJ6KgtvtMTz2N+AL6zkMFxt6FgAQw9mBDD647VPQAUUUUAFFFFABRRRQAUUUUAFFFFABRRRQAUUUUAFFFFABRRRQAUUUUAFFFFABRRRQBxHxF8O6hrFjDdWUjyi1BLWgA+bPVl7lvb06c9ew+Amr6jbeH7+21rVIYdPtohc2tvdZWSOHktKGbAEX54JydoI3T1xvxF0TUdX0eJ7HEgtmMkkATLyDHVT145+Xvn1AoA+lopY5oklidZI3UMjochgehB7imzfcH++v/oQrw79nfW9bube90i8njbS4IhLaJMxEvLYPlj+KMEHP91ioHU17e0sc1tHLE6yRuUZHQ5DAkYIPcUATUUUUAFFFFABRRRQAUUUUAFFFFABRRRQAUUUUAFFFFAEY/4+H/3F/makqMf8fD/7i/zNSUAFFFFABRRRQAUUUUAFFFFABRRRQAUUUUAFFFFABRRRQAUUUUAFFFFABRRRQAUUUUAFFFFABRRRQAUUUUAFFFFABRRRQAUUUUAFFFFABRRRQAUUUUAFFFFABRRRQAUUUUAFFFFABRRRQAUUUUAFFFFABUVvdW93F5ttPFNHkjfG4YZHBGRUteY31/L4Ou/FOkWwIk1ALeaUg7yzMImUfSQq2PQ0Aek29zBdwia2njmiJIDxuGU4ODyPepaztB0mLQtBsdLgxstYVjyP4iBy34nJ/GuN1LWoItUu4z441e2KTOpgj0oOseGPyhvJOQOmcnPqaAPQ65/xJ4gudKuNO07TbRLrVNSkZLdJXKRqqDLu5AJwARwOTmm+Er1L21uGTXLzVgrgF7m0EBTjoBsXP61N4i1uDRvsgSya+1S5dorG2jwHdsZb5j91QOWPYUAU9G8Q6ofEcnh7XrO1hvfs32qCazkZopY920jDAEMCf897vjL/AJEbxB/2Dbn/ANFNVTQPD99Fq8/iDXbiKbVp4RAkUAIitos7ti55Yk8ljVvxl/yI3iD/ALBtz/6KagDborHi0a/jmR28TatKqsCY3jtdrj0OIQcH2INanlt/z2k/Jf8ACgCSio/Lb/ntJ+S/4UeW3/PaT8l/woAkoqPy2/57Sfkv+FHlt/z2k/Jf8KAJKKj8tv8AntJ+S/4UeW3/AD2k/Jf8KAJKKj8tv+e0n5L/AIUeW3/PaT8l/wAKAJKKj8tv+e0n5L/hR5bf89pPyX/CgCSio/Lb/ntJ+S/4UeW3/PaT8l/woAIP+PeL/cH8qkqvBG32eL99J9wdl9PpUnlt/wA9pPyX/CgCSio/Lb/ntJ+S/wCFHlt/z2k/Jf8ACgCSio/Lb/ntJ+S/4UeW3/PaT8l/woAkoqPy2/57Sfkv+FHlt/z2k/Jf8KAJKKj8tv8AntJ+S/4UeW3/AD2k/Jf8KAJKKj8tv+e0n5L/AIUeW3/PaT8l/wAKAJKKj8tv+e0n5L/hR5bf89pPyX/CgCSio/Lb/ntJ+S/4UeW3/PaT8l/woAkoqPy2/wCe0n5L/hR5bf8APaT8l/woAkoqPy2/57Sfkv8AhR5bf89pPyX/AAoA4L4i6ULSSHxLAgCxhYNQwOsRPySf8AJOf9lm9BXLQ3EFx5nkTRy+W5jfYwbaw6qcdCPSu9+Iuh6pr3gPVdP0q+uIruSElVjwPOA5MZOAcMMjg98HIyD8v/D7xA2i62bC5Ypa3bBGDcbJOgPt6H/61AHs9FFFABRRRQAUUUUAFFFFABRRRQAUUUUAFFFFABRRRQAUUUUAFFFFABRRRQAUUUUAFFFFAHK+PLDVbzQw2kkB4t3mrGCJXjZSrKpHYgkFf4hx7G9+z/4m127a50CZo59JtkEsbSygSQneo2oOrLzz2XI5G4Btyub8XW2pQ6F53h+Pyb2CQyrJbkxyoDkuYyuDuOTn1BPU4oA+iqK+dfgB4w1241RvCriS50yOF51kLLm0Ax69VLEDaOhOema+hvLb/ntJ+S/4UASUVH5bf89pPyX/AAo8tv8AntJ+S/4UASUVH5bf89pPyX/Cjy2/57Sfkv8AhQBJRUflt/z2k/Jf8KPLb/ntJ+S/4UASUVH5bf8APaT8l/wo8tv+e0n5L/hQBJRUflt/z2k/Jf8ACjy2/wCe0n5L/hQBJRUflt/z2k/Jf8KPLb/ntJ+S/wCFAElFR+W3/PaT8l/wo8tv+e0n5L/hQAD/AI+H/wBxf5mpKriNvtD/AL6T7i9l9T7VJ5bf89pPyX/CgCSio/Lb/ntJ+S/4UeW3/PaT8l/woAkoqPy2/wCe0n5L/hR5bf8APaT8l/woAkoqPy2/57Sfkv8AhR5bf89pPyX/AAoAkoqPy2/57Sfkv+FHlt/z2k/Jf8KAJKKj8tv+e0n5L/hR5bf89pPyX/CgCSio/Lb/AJ7Sfkv+FHlt/wA9pPyX/CgCSimqpU8yM31x/QU6gAooooAKKKKACiiigAooooAKKKKACiiigAooooAKKKKACiiigAooooAKKKKACiiigAooooAKKKKACiiigAooooAKKKKACiiigAooooAKKKKACiiigArkLvSL3XvHWm3t7pQtrDRvNeGaSRHa5kbAUgKSVUAbucHOOK6+igAooooAKxdb8KaN4huLe41O1kllt1ZYmS4kiKhsZ+4w64FbVFAGJpHhHRdCvGu9Pt545mQxkvdzSjBIPR2I7Dmjxl/yI3iD/sG3P/opq26xPGX/ACI3iD/sG3P/AKKagDbooooAKKKKACiiigAooooAKKKKACiiigAooooAjg/494v9wfyqSo4P+PeL/cH8qkoAKKKKACiiigAooooAKKKKACiiigAooooAKKKKACiiigAooooAK+XPjt4G/wCEe8SDxBZJiw1SQlwOkU/Vv++uWHuGr6jrG8VeHLTxZ4bvdGvRiO4TCvjmNx91h9Dg0AeE+BPEX9u6Isc7g3trhJfVh/C34/zBrqa8k8M+HvEnhzxqYZLNoUhuWs7iWQMsTnbvKhsckqAwHuDwK9boAKKKKACiiigAooooAKKKKACiiigAooooAKKKKACiiigAooooAKKKKACiiigAooooAKKKKAMHXor3SdLe/wDDdpHHqcE32mOSEBXVj99wAPnJHBU8MOuehX4C+OvEOo65P4dvDLqNmySXTXM0uZLc55JLHLBmYDHJy2ema3axtXjl0jTJtR0Oz2anbubmBrYBH808M3T5sjOVOdw470Ae/wBFfPfwZ+J3ibVvFMmiaoLnV4rxnnM/G61PUsegEeSBjgAkBRzg/QlABRRRQAUUUUAFFFFABRRRQAUUUUAFFFFAEY/4+H/3F/makqMf8fD/AO4v8zUlABRRRQAUUUUAFFFFABRRRQAUUUUAFFFFABRRRQAUUUUAFFFFABRRRQAUUUUAFFFFABRRRQAUUUUAFFFFABRRRQAUUUUAFFFFABRRRQAUUUUAFFFFABRRRQAUUUUAFFFFABRRRQAUUUUAFFFFABRRRQAUUUUAFFFFABRRRQAVieMv+RG8Qf8AYNuf/RTVt1ieMv8AkRvEH/YNuf8A0U1AG3RRRQAUUUUAFFFFABRRRQAUUUUAFFFFABRRRQBHB/x7xf7g/lUlRwf8e8X+4P5VJQAUUUUAFFFFABRRRQAUUUUAFFFFABRRRQAUUUUAFFFFABRRRQAUUUUAZPiTQ4vEWhz6fI5idsPDMoyYpV5Vx9D27jI715TbvORJDdxeTeW7mG4i5+Vx6Z7EEMPUEV7ZXnnxC0U2c6+J7VDsVRFqKKOsY+7Lx3TnP+yT/dFAHOUUgYE4BBOM0tABRRRQAUUUUAFFFFABRRRQAUUUUAFFFFABRRRQAUUUUAFFFFABRRRQAUUUUAFFFFABRRRQBi3tlFotvd6xo9k8eqRsbmOS0AEpkAx34IIzlcEEFuCTzH8MfjNrureNTpetxNexarP+4FtFzatjoAP+WYA5zkgAsSec71Y0mkWOkT3WuadBJbamubhbi0XdLvUH7qng7uQV6NnnNAHv9FfPngX49apqPi4WfiK3jazv5Eit1s4Tm3c4UADlnDHrkk5PHHFfQdABRRRQAUUUUAFFFFABRRRQAUUUUARj/j4f/cX+ZqSox/x8P/uL/M1JQAUUUUAFFFFABRRRQAUUUUAFFFFABRRRQAUUUUAFFFFABRRRQAUUUUAFFFFABRRRQAUUUUAFFFFABRRRQAUUUUAFFFFABRRRQAUUUUAFFFFABRRRQAUUUUAFFFFABRRRQAUUUUAFFFFABRRRQAUUUUAFFFFABRRRQAUUUUAFYnjL/kRvEH/YNuf/AEU1bdYnjL/kRvEH/YNuf/RTUAbdFFFABRRRQAUUUUAFFFFABRRRQAUUUUAFFFFAEcH/AB7xf7g/lUlRwf8AHvF/uD+VSUAFFFFABRRRQAUUUUAFFFFABRRRQAUUUUAFFFFABRRRQAUUUUAFFFFABWZ4jt9Ru/DepW+kSQR6hLbukDTpuQMRgZB4/PI9QRwdOigD4t8L+Irvwz4mki1MyhHYW92kpJaMp8oz7rjGPTiva1YMoZSCpGQR3rC+P3gDypB4w02L5XIjv0XseiyfyU/h71zvw28T/bLX+xbuT9/AuYGJ5dP7v1H8vpQB6BRRRQAUUUUAFFFFABRRRQAUUUUAFFFFABRRRQAUUUUAFFFFABRRRQAUUUUAFFFFABRRRQAUUUUAYf8Awj2n6bq8/iGyM1nqSjzEntwSY2GSWVAPmLDgjB3DIxycyeGf2hpLvxSsOv2kFrpMyJGskIOYZAOZGyTlWJPH8Ix1wS2xXPSeDtMXX/7dt99tfoyyxOmNkcysGEu0jBOQODweeM80AfQ9FeFaJ+0RDc+JYbPV7GC30tkET3kJY/vc8yYPIjPHy4LL1JPSvc4pY5oklidZI3UMjochgehB7igB1FFFABRRRQAUUUUAFFFFAEY/4+H/ANxf5mpKjH/Hw/8AuL/M1JQAUUUUAFFFFABRRRQAUUUUAFFFFABRRRQAUUUUAFFFFABRRRQAUUUUAFFFFABRRRQAUUUUAFFFFABRRRQAUUUUAFFFFABRRRQAUUUUAFFFFABRRRQAUUUUAFFFFABRRRQAUUUUAFFFFABRRRQAUUUUAFFFFABRRRQAUUUUAFYnjL/kRvEH/YNuf/RTVt1ieMv+RG8Qf9g25/8ARTUAbdFFFABRRRQAUUUUAFFFFABRRRQAUUUUAFFFFAEcH/HvF/uD+VSVHB/x7xf7g/lUlABRRRQAUUUUAFFFFABRRRQAUUUUAFFFFABRRRQAUUUUAFFFFABRRRQAUUUUAQ3lpBf2U9ndRLLbzxtHJGwyGUjBBH0r5D8XeA9b8EeOZrbS4LmeGFTe2tykZYLADyznoApIVicDoTgEV9hU2WNJonilQPG6lWVhkEHqDQB4vbmU28ZnEYmKjeIySue+Ce1SVJqejyeF9ZOlncbCbMmnyNzhB1iJ9U7eq49DUdABRRRQAUUUUAFFFFABRRRQAUUUUAFFFFABRRRQAUUUUAFFFFABRRRQAUUUUAFFFFABRRRQAUUUUAcrf+AtLvdeGrKfJk5dohGrxvLkEOysCCOuVIw3fvnp7D9oPTj4gstN1KzSO22mK7v4XLRibdgMg6+XgZJ5PzcZC5Z9cbrfw607V9X+3JM1qHDGeONRiRuzD056+vsTmgD6WiljmiSWJ1kjdQyOhyGB6EHuKdXjtl8ctD0vUNO8P3+nLaeSPs13Palfs1uVwE8tRk7fUcFOnzYNewRSxzRJLE6yRuoZHQ5DA9CD3FADqKKKACiiigAooooAjH/Hw/8AuL/M1JUY/wCPh/8AcX+ZqSgAooooAKKKKACiiigAooooAKKKKACiiigAooooAKKKKACiiigAooooAKKKKACiiigAooooAKKKKACiiigAooooAKKKKACiiigAooooAKKKKACiiigAooooAKKKKACiiigAooooAKKKKACiiigAooooAKKKKACiiigAooooAKxPGX/IjeIP+wbc/wDopq26xPGX/IjeIP8AsG3P/opqANuiiigAooooAKKKKACiiigAooooAKKKKACiiigCOD/j3i/3B/KpKjg/494v9wfyqSgAooooAKKKKACiiigAooooAKKKKACiiigAooooAKKKKACiiigAooooAKKKKACiiigDJ8R6Db+I9HlsZj5cmQ8E6jLQyDlXH0PUdxkd68oWWW3lntNQVIL21kEM6Zwu842lc9VbIK+uR34r22vmb9oLRdbtvF8GvTSmXTZY0itXRNv2dlGShI6kncwJ55x0UUAdnRXK+B/FS+IdN8m4df7QtxiUdN69nA/n7/UV1VABRRRQAUUUUAFFFFABRRRQAUUUUAFFFFABRRRQAUUUUAFFFFABRRRQAUUUUAFFFFABRRRQAUUUUAcR4i+HVrrGrR3trOLQSMTdKFyG/wBpR2Ynr25z16+gaX8W/DPhW10jw3e2RsJ4SLadLcFoLdAo2yZJLENkHByw+YkngtWrhPFPw7j1nU0vdPljtZJX/wBKDAlT6uoH8XtwD6jnIB9PxSxzRJLE6yRuoZHQ5DA9CD3FOryTw58R/C/gbw5o/hvVDcWd3ARbsuGlUqck3G89ELZ46qSQF2jNesxSxzRJLE6yRuoZHQ5DA9CD3FADqKKKACiiigCMf8fD/wC4v8zUlRj/AI+H/wBxf5mpKACiiigAooooAKKKKACiiigAooooAKKKKACiiigAooooAKKKKACiiigAooooAKKKKACiiigAooooAKKKKACiiigAooooAKKKKACiiigAooooAKKKKACiiigAooooAKKKKACiiigAooooAKKKKACiiigAooooAKKKKACiiigArE8Zf8iN4g/7Btz/AOimrbrE8Zf8iN4g/wCwbc/+imoA26KKKACiiigAooooAKKKKACiiigAooooAKKKKAI4P+PeL/cH8qkqOD/j3i/3B/KpKACiiigAooooAKKKKACiiigAooooAKKKKACiiigAooooAKKKKACiiigAooooAKKKKACszxBoNj4m0K60jUY99tcptbHVT1DD0IOCK06KAPizxBomr/DPxq1s7HzIG3wTAELPEeh/EcEdjkV63oWt22v6VFfWxwG4dCeUbupr0X4k+AbTx74ea2ISPUrcF7K4PGxj1U/7JwM/ge1eHeCfCXiDwrd/adctrrT4L3fDDDIoxK6Hncf4Tw23puGSOOoB31FFFABRRRQAUUUUAFFFFABRRRQAUUUUAFFFFABRRRQAUUUUAFFFFABRRRQAUUUUAFFFFABRRRQAUUUUAcF418By61fLqWmOoupGVJ0lbCkcAOD2wMZHcDjng+leDfGXhrwF4Ls9G1m+uLa6t5hCVnZpfN3sT5keBgRAZyMDZjBySC9KuC8eeCrrWp11PTWaW6AEb27ycFexUk4XGeR0PJ65yAfUMUsc0SSxOskbqGR0OQwPQg9xTq8k+HHiPRvA3gf+y/Emtm3u7WY7luWypV2wnkADLJ691O4nC4r1mKWOaJJYnWSN1DI6HIYHoQe4oAdRRRQBGP8Aj4f/AHF/makqMf8AHw/+4v8AM1JQAUUUUAFFFFABRRRQAUUUUAFFFFABRRRQAUUUUAFFFFABRRRQAUUUUAFFFFABRRRQAUUUUAFFFFABRRRQAUUUUAFFFFABRRRQAUUUUAFFFFABRRRQAUUUUAFFFFABRRRQAUUUUAFFFFABRRRQAUUUUAFFFFABRRRQAUUUUAFYnjL/AJEbxB/2Dbn/ANFNW3WJ4y/5EbxB/wBg25/9FNQBt0UUUAFFFFABRRRQAUUUUAFFFFABRRRQAUUUUARwf8e8X+4P5VJUcH/HvF/uD+VSUAFFFFABRRRQAUUUUAFFFFABRRRQAUUUUAFFFFABRRRQAUUUUAFFFFABRRRQAUUUUAFFFFABVHWNJtdc0qfTrxC0My4JBwVIOVYHsQQCD6ir1FAHjFxa3mkak+k6mUN0i74pV4W4izgOB2PZl7H2IJWvTPE3hy38R6cIHfybqFvMtrlVBaF/X3BHBHcGvC/+E40yLXotGnmgeU5V7q2mWS338bQrg8gjnPbIB5zgA6iiiigAooooAKKKKACiiigAooooAKKKKACiiigAooooAKKKKACiiigAooooAKKKKACiiigAooooAKKKKAOE+Inha91mGLULKSWaS2QqbTqCuclkH971HcAemD6J8JNUg8K+Cruy8Sa20E9kfPaC7KqlvCcAeW2TvBY4ODwxCgcgtWriPiL4d1DWLGG6spHlFqCWtAB82erL3Le3p056gH03FLHNEksTrJG6hkdDkMD0IPcU6vHfgbe3ml+GL+w8QamIPsoFzDZ3XyG3ttuWk3k/dyeR/ARzjdivYIpY5oklidZI3UMjochgehB7igBo/wCPh/8AcX+ZqSox/wAfD/7i/wAzUlABRRRQAUUUUAFFFFABRRRQAUUUUAFFFFABRRRQAUUUUAFFFFABRRRQAUUUUAFFFFABRRRQAUUUUAFFFFABRRRQAUUUUAFFFFABRRRQAUUUUAFFFFABRRRQAUUUUAFFFFABRRRQAUUUUAFFFFABRRRQAUUVhaN4mh1Ox1Oe4hNm+m3EsF1G77tmzndnA4K8igDdorM8Pas+u6DZ6o9o1r9qTzFiZtxCk/KScDqMH8agn8X+Gra4kt59f0yKaJikkb3aBlYHBBBPBBoA2qKpadrGm6vG8mm6ha3iRna7W8qyBT6HB4rmfGTTaj4h8OeGxcTQWmoSTS3ZhcozxxICE3DkAk849KAOzrE8Zf8AIjeIP+wbc/8Aopq5+ys08J/EOx0rT5Z10vVLOVvsskzSLHLGQdyliSMg4IroPGX/ACI3iD/sG3P/AKKagDborHi8W+G55khh8Q6TJLIwVES9jLMx4AAB5Nannw/89Y/++hQBJRUfnw/89Y/++hR58P8Az1j/AO+hQBJRUfnw/wDPWP8A76FHnw/89Y/++hQBJRUfnw/89Y/++hR58P8Az1j/AO+hQBJRUfnw/wDPWP8A76FHnw/89Y/++hQBJRUfnw/89Y/++hR58P8Az1j/AO+hQBJRUfnw/wDPWP8A76FHnw/89Y/++hQAQf8AHvF/uD+VSVXgnh+zxfvY/uD+IelSefD/AM9Y/wDvoUASUVH58P8Az1j/AO+hR58P/PWP/voUASUVH58P/PWP/voUefD/AM9Y/wDvoUASUVH58P8Az1j/AO+hR58P/PWP/voUASUVH58P/PWP/voUefD/AM9Y/wDvoUASUVH58P8Az1j/AO+hR58P/PWP/voUASUVH58P/PWP/voUefD/AM9Y/wDvoUASUVH58P8Az1j/AO+hR58P/PWP/voUASUVH58P/PWP/voUefD/AM9Y/wDvoUASUVH58P8Az1j/AO+hR58P/PWP/voUASUVH58P/PWP/voUefD/AM9Y/wDvoUASUVH58P8Az1j/AO+hR58P/PWP/voUASUVH58P/PWP/voUefD/AM9Y/wDvoUASUVH58P8Az1j/AO+hR58P/PWP/voUASUVH58P/PWP/voUefD/AM9Y/wDvoUASEAggjIPUGvmf4y/Cd9DuZvEmg2+dKkO65t41/wCPVv7wH9wn/vk+2MfSnnw/89Y/++hTZXtponileJ43UqyswIIPUGgD5Y8A+NRMsWjanKfNHy28zn73opPr6flXo9ed/Fv4XnwrePrWi4k0aZ8siHJtWPY4/hJ6Ht09MzfD/wAYT6rjSb5ZJLmNC0c4BO5R/fPY9OT1+vUA76iiigAooooAKKKKACiiigAooooAKKKKACiiigAooooAKKKKACiiigAooooAKKKKACiiigAooooAKKKKAON+Iuiajq+jxPY4kFsxkkgCZeQY6qevHPy98+oFdX8BNX1G28P39trWqQw6fbRC5tbe6yskcPJaUM2AIvzwTk7QRunrjfiLomo6vo8T2OJBbMZJIAmXkGOqnrxz8vfPqBQB9JQyxzP5sTrJG8aMjochgc4IPcVNXhP7O+sa3cWeo2N5MjaPaohtzMxDqzM3yp2KfK+eeDjHU49y8+H/AJ6x/wDfQoAkoqPz4f8AnrH/AN9Cjz4f+esf/fQoAkoqPz4f+esf/fQo8+H/AJ6x/wDfQoAkoqPz4f8AnrH/AN9Cjz4f+esf/fQoAkoqPz4f+esf/fQo8+H/AJ6x/wDfQoAkoqPz4f8AnrH/AN9Cjz4f+esf/fQoAkoqPz4f+esf/fQo8+H/AJ6x/wDfQoAkopqyI5wjq30OadQAUUUUAFFFFABRRRQAUUUUAFFFFABRRRQAUUUUAFFFFABRRRQAUUUUAFFFFABRRRQAUUUUAFFFFABRRRQAUUUUAFFFFABRRRQAUUUUAFFFFABRRRQAV5n4x0+7h8WHTrEEQeLIktrgqeY2iI8x8e8JYfUCvTKxrfw5BF4hfW5ry8u7nY0cKTupS3VjlhGAoxnAGTk4HWgDWiijghSGJAkcahVUdABwBXMXem+J3vJ3t08NGFpGMfnWshfbnjcQ2Ccda6qigDK0O21O2hlGprpocsCn2CJkXHvuJ5rE8Y217a634f8AEdnZT3q6ZJMlzb267pDFKgUsq9ypAOBXYUUAcNp73Xifx9aa0unXtnpmmWkkcb3kJieaWQgHap52hR19a3vGX/IjeIP+wbc/+imrbrE8Zf8AIjeIP+wbc/8AopqANuiiigAooooAKKKKACiiigAooooAKKKKACiiigCOD/j3i/3B/KpKjg/494v9wfyqSgAooooAKKKKACiiigAooooAKKKKACiiigAooooAKKKKACiiigAooooAKKKKACiiigAooooAKKKKACiiigCO4t4bu2ltrmJJoJVKSRuuVZTwQQeorgX+FGj6TpEkfhmP7HfiR5lklcuJcnPlv/sAYAxyuM8ktu9CooA8TgnaR5oJoXt7u3fy7i3k+9G3ofUHqCOCORU1eh+KPCkOvRfabZ1tdViXENztyGHXZIP4kP5jORzXlOqa1b+HZha6/jT73cFML/MGz/EpH3k4PzduhweKANOikVldAysGVhkEHIIpaACiiigAooooAKKKKACiiigAooooAKKKKACiiigAooooAKKKKACiiigAooooAKKKKACiiqep6paaPYveXswihTuerHsAO5oAsT3ENrA09xNHDEnLSSMFUfUmpLO0vtc1P+y9KAEoANzdMuY7VD3Pq5/hXv1OBzXiHiDxJqnjPVIrG0hlMLyBLa0jGWdjwCQOrH9P1P1R8NtD1jw94KtLDXDbG+DM7+QvI3c4kYHDv1yw68dcbiAbOiaLZaBa/YbFCI1VWd3OXlc5y7Hux/wAwABWpUY/4+H/ANxf5mpKACiiigAooooAKKKKACiiigAooooAKKKKACiiigAooooAKKKKACiiigAooooAKKKKACiiigAooooAKKKKACiiigAooooAKKKKACiiigAooooAKKKKACiiigAooooAKKKKACiiigAooooAKKKKACiiigAooooAKKKKACiiigArE8Zf8iN4g/7Btz/6KatusTxl/wAiN4g/7Btz/wCimoA26KKKACiiigAooooAKKKKACiiigAooooAKKKKAI4P+PeL/cH8qkqOD/j3i/3B/KpKACiiigAooooAKKKKACiiigAooooAKKKKACiiigAooooAKKKKACiiigAooooAKKKKACiiigAooooAKKKKACiiigArxn43/DjWfFCx67pV1LdNZQlDpp/u5yWix1Y8ZB5OBg8AV7NRQB8Y+FvG154bl+wX6Sy2SsVaNv8AWQkdQuffsf0r2Cxv7XUrRLqzmSaFxkMp/Q+h9q3/AIlfB7T/ABmr6jpnlWOtgff27Y7g5/5aYGc9fmHPrnjHztHceI/h5r0tlcwyWs6EGa1l5SQdjxwcjowoA9yoqnpV62paVbXrwNAZ4w/lMwYrnpyP8/SrlABRRRQAUUUUAFFFFABRRRQAUUUUAFFFFABRRRQAUUUUAFFFFABRRRQAUUVDcXMdsqb9zPIwSONFLPIx6Kqjlj7CgDM8R+JbLw1ZLPdbnlkyIYV6uRjPPYDIya8laTxD8RfEUVpawSXNxIcRW8XCRL3J7AerH/Cvf3+Flx4v0KZfEFxJpzSLutLaIK7QP/DJKejHqNikDBPzEkFe28G+B9G8D6ULLSoP3j8z3MmDLM3qT6egHA+pJIBg/Db4Vab4EtVupvLvNbkXEl1jiMEcrHnoPfqfYcV6FRRQBGP+Ph/9xf5mpKjH/Hw/+4v8zUlABRRRQAUUUUAFFFFABRRRQAUUUUAFFFFABRRRQAUUUUAFFFFABRRRQAUUUUAFFFFABRRRQAUUUUAFFFFABRRRQAUUUUAFFFFABRRRQAUUUUAFFFFABRRRQAUUUUAFFFFABRRRQAUUUUAFFFFABRRRQAUUUUAFFFFABRRRQAVieMv+RG8Qf9g25/8ARTVt1ieMv+RG8Qf9g25/9FNQBt0UUUAFFFFABRRRQAUUUUAFFFFABRRRQAUUUUARwf8AHvF/uD+VSVHB/wAe8X+4P5VJQAUUUUAFFFFABRRRQAUUUUAFFFFABRRRQAUUUUAFFFFABRRRQAUUUUAFFFFABRRRQAUUUUAFFFFABRRRQAUUUUAFFFFABWTrfhfQ/EgthrOmW979mkEkXnLnaQQfxBwMg8HoQRWtRQBw2u+AVMkl74dMNpOxLy2bDbBMcdRgfu2PqMg9wTzXGCdo7xrG7gltL5FDvbTrhgPUdmX/AGlJFe2Vm6zoGma/bCHUrRJdvMcgyskR9UccqfcGgDyuivPviVqeueC/F8emWl3dPbWyZSe5twguNwUkEg7ZAowNwCkHcPc2dB+JWnagqw6mBY3GOXPMbH2PUfj+dAHcUU2ORJY1kjdXRhkMpyD+NOoAKKKKACiiigAooooAKKKKACiiigAooooAKKKq3+pWWl2xuL65jgiH8TnGfYDqT7CgC1WbrGvadoNt59/cLHn7kY5d/oP8iuB8QfFB33W+hxbF5BuZl5+qr2+p/Kszwv4A8V/ETUPtMUUv2d2/e6jdkiMfQ9WPsvt0HNAHpPhDWLvx4JYdCsCtxC2J3uWxFAhJ2sSOWJAOFAzkHkD5q9d8NeD7Lw9m4eRr7U5F2yXsygNj+6ijhF9h14ySRms/4f8Aw30v4f2UyWc89zeXIH2i4kYqHxnaAgOBjJ9Tyea7OgAooooAKKKKAIx/x8P/ALi/zNSVGP8Aj4f/AHF/makoAKKKKACiiigAooooAKKKKACiiigAooooAKKKKACiiigAooooAKKKKACiiigAooooAKKKKACiiigAooooAKKKKACiiigAooooAKKKKACiiigAooooAKKKKACiiigAooooAKKKKACiiigAooooAKKKKACiiigAooooAKKKKACsTxl/yI3iD/sG3P8A6KatusTxl/yI3iD/ALBtz/6KagDbooooAKKKKACiiigAooooAKKKKACiiigAooooAjg/494v9wfyqSsfwlLJP4M0KaaR5JZNPt2d3YlmYxqSST1NbFABRRRQAUUUUAFFFFABRRRQAUUUUAFFFFABRRRQAUUUUAFFFFABRRRQAUUUUAFFFFABRRRQAUUUUAFFFFABRRRQAUUUUAFFFFABRRRQBQ1fRNM1+wax1axgvLZv+WcyBsHpkHqD7jmvDPF/7OrgyXXhO+BXGfsN23P0WT+jD8a+gqKAPiaT/hLPAGom1uYrvTpMk+TMuY5PUj+FvqPzr1Dwh4lfxBpglu1gguixCxo/LqP4gDyBncPwr37UdLsNXtGtdSsre7t26xzxh1/I1VuPDOiXel2+m3Ol2s1nbRLFBHJGG8pVAACk8jAA5BzQB5dRXWXnw1gX5tG1a7s8dILj/SYv/Hjv/wDH/wAK5fWNF8SeHrG7v77Tre8sbWNpZJrGcbhGoyWMcm3oAeAxoAjorymz+LF8mBe6dbzD1icxn9c1t2/xV0eTie0vIj6gKw/mP5UAd3RXKxfEXwzKBuvniJ7PA/8AQGumt7iK7tormB98MqCRGxjKkZB59qAJKKKgvbuOwsbi8mz5UEbSPt64AycflQBPRXnl18WbFV/0TTLmU/8ATV1T+W6sK9+Kesz7ha29rbKeh2l2H4nj9KAPYKCcDJ6V4daN428V3KNYrq1+yuCDbI+xGB4PyjauCRzX1BpXw60h7eC51hb3UJmVZDb37qEjJHKmKP8Adtjpzv8AqetAHDQXjahOLfSbS51SYttIs03oh/25CQifiRSeK/g94g8UaRHO93YQX8DDyLRdzLtYgNvlyOcAHAQ/dwCc5r223t4LS3SC2hjhhQYSONQqqPQAcCpKAPIvBvwD0HQzHd6841i9Az5TLi3Q/wC71fvy3H+yK9bjjSKNY40VEQBVVRgADoAKdRQAUUUUAFFFFABRRRQBGP8Aj4f/AHF/makrHtpZD4z1OEyOYk0+0ZULHaGMlyCQPU7R+Q9K2KACiiigAooooAKKKKACiiigAooooAKKKKACiiigAooooAKKKKACiiigAooooAKKKKACiiigAooooAKKKKACiiigAooooAKKKKACiiigAooooAKKKKACiiigAooooAKKKKACiiigAooooAKKKKACiiigAooooAKKKKACiiigAqC9s4NQsbiyuk8y3uImilTJG5GGCMjkcHtU9FAGJ/wimnf8/Osf+Dm7/wDjtH/CKad/z86x/wCDm7/+O1t0UAYn/CKad/z86x/4Obv/AOO0f8Ipp3/PzrH/AIObv/47W3RQBif8Ipp3/PzrH/g5u/8A47R/wimnf8/Osf8Ag5u//jtbdFAGJ/wimnf8/Osf+Dm7/wDjtH/CKad/z86x/wCDm7/+O1t0UAYn/CKad/z86x/4Obv/AOO0f8Ipp3/PzrH/AIObv/47W3RQBif8Ipp3/PzrH/g5u/8A47R/wimnf8/Osf8Ag5u//jtbdFAGJ/wimnf8/Osf+Dm7/wDjtH/CKad/z86x/wCDm7/+O1t0UAYEPg7SbaCOCCTVYoY1CJGmr3aqigYAAEvAA7VJ/wAIpp3/AD86x/4Obv8A+O1t0UAYn/CKad/z86x/4Obv/wCO0f8ACKad/wA/Osf+Dm7/APjtac9/Z2s0cNxdwRSyHCJJIFZvoCeasUAYn/CKad/z86x/4Obv/wCO0f8ACKad/wA/Osf+Dm7/APjtbdFAGJ/wimnf8/Osf+Dm7/8AjtH/AAimnf8APzrH/g5u/wD47W3RQBif8Ipp3/PzrH/g5u//AI7R/wAIpp3/AD86x/4Obv8A+O1t0UAYn/CKad/z86x/4Obv/wCO0f8ACKad/wA/Osf+Dm7/APjtbdFAGJ/wimnf8/Osf+Dm7/8AjtH/AAimnf8APzrH/g5u/wD47W3RQBif8Ipp3/PzrH/g5u//AI7R/wAIpp3/AD86x/4Obv8A+O1t0UAYn/CKad/z86x/4Obv/wCO0f8ACKad/wA/Osf+Dm7/APjtbdFAGJ/wimnf8/Osf+Dm7/8AjtH/AAimnf8APzrH/g5u/wD47W3RQBif8Ipp3/PzrH/g5u//AI7R/wAIpp3/AD86x/4Obv8A+O1t0UAYn/CKad/z86x/4Obv/wCO0f8ACKad/wA/Osf+Dm7/APjtbdFAGJ/wimnf8/Osf+Dm7/8AjtH/AAimnf8APzrH/g5u/wD47W3RQBif8Ipp3/PzrH/g5u//AI7R/wAIpp3/AD86x/4Obv8A+O1t0UAYn/CKad/z86x/4Obv/wCO0f8ACKad/wA/Osf+Dm7/APjtbdFAGJ/wimnf8/Osf+Dm7/8AjtH/AAimnf8APzrH/g5u/wD47W3RQBif8Ipp3/PzrH/g5u//AI7R/wAIpp3/AD86x/4Obv8A+O1t0UAYn/CKad/z86x/4Obv/wCO0f8ACKad/wA/Osf+Dm7/APjtbdFAGJ/wimnf8/Osf+Dm7/8AjtH/AAimnf8APzrH/g5u/wD47W3RQBif8Ipp3/PzrH/g5u//AI7R/wAIpp3/AD86x/4Obv8A+O1t0UAYn/CKad/z86x/4Obv/wCO0f8ACKad/wA/Osf+Dm7/APjtbdFAGJ/wimnf8/Osf+Dm7/8AjtH/AAimnf8APzrH/g5u/wD47W3RQBif8Ipp3/PzrH/g5u//AI7Uc/g3SLq3lt7h9VmglQpJHJq92yupGCCDJggjjFb9FAHnlz8D/h/cRMiaK8DHpJFdy5H0BYj9K5u9/Zv8OSsTZavqdvntJskA6ewPr3r2eigD58uP2Z5ASbbxShHYSWRH6h/6V6RpPwo8OWOj2VrdQ3c1zDBHHNLHqNzGruFAZgokwoJGcDpXd0UAce3wv8JuMPZXrD0bVLo/+1Koah8GvBN7ZXEK6W8U0kbJHObqaQxMQQGAZyCRnPNd/UVxc29pCZrmeKGIdXkcKo/E0AeUaf8As7+ELUo13c6neMB8yvMqIT9FUEfnXQwfBvwDbSLJDoOyRTlXF5PkH1B38V28E8NzCs1vLHLE33XjYMp+hFSUAYUfhHS4o1jjm1ZEQBVVdYuwAB0AHm07/hFNO/5+dY/8HN3/APHa26KAMT/hFNO/5+dY/wDBzd//AB2j/hFNO/5+dY/8HN3/APHa26KAMT/hFNO/5+dY/wDBzd//AB2j/hFNO/5+dY/8HN3/APHa26KAMT/hFNO/5+dY/wDBzd//AB2j/hFNO/5+dY/8HN3/APHa26KAMT/hFNO/5+dY/wDBzd//AB2j/hFNO/5+dY/8HN3/APHa26KAMT/hFNO/5+dY/wDBzd//AB2j/hFNO/5+dY/8HN3/APHa26KAMAeDtJWd5xJqomdVRpBq93uZVJIBPm8gFmwPc+tSf8Ipp3/PzrH/AIObv/47W3RQBif8Ipp3/PzrH/g5u/8A47R/wimnf8/Osf8Ag5u//jtaUmo2UN0trLeW6XD/AHYmlUO30Gc1ZoAxP+EU07/n51j/AMHN3/8AHaP+EU07/n51j/wc3f8A8drbooAxP+EU07/n51j/AMHN3/8AHaP+EU07/n51j/wc3f8A8drbooAxP+EU07/n51j/AMHN3/8AHaP+EU07/n51j/wc3f8A8drbooAxP+EU07/n51j/AMHN3/8AHaP+EU07/n51j/wc3f8A8drbooAxP+EU07/n51j/AMHN3/8AHaP+EU07/n51j/wc3f8A8drbooAzrDRLXTZ2mglv3Zl2kXGoTzrjIP3ZHYA8dcZ/OtGiigAooooAKKKKACiiigAooooAKKKKACiiigAooooAKKKKACiiigAooooAKKKKACiiigAooooAKKKKACiiigAooooAKKKKACiiigAooooAKKKKACiiigAooooAKKKKACiiigAooooAKKKKACiiigAooooAKKKKACiiigChrMmpRaRcy6RHBLfIm6KKfO1yP4eCME9veub0jxvJ4m1KwtdFtRtEfm6o1wp/0Tkjyu37wsD9AM4NdDr0+p2+jXD6NZi61AjbCjOqqGPG5ixHA646nGK5PS/CmqeEdWsb3S2l1FLz93rSPKAZJCS32hdxAyCSCPTHGeaAO01C/g0uxkvLnzfJjxu8qJpG5IAwqgk8nsKw/wDhPtC/6iX/AIK7n/43W5qFvc3VjJDZ3rWU7Y2zrGrlOQT8rcHIyPxrD/sHxL/0Odx/4L4P/iaAOkjkWWJJEztdQwyCDg+x6VTj1rS55PLh1K0lkIJCRzqzHAycAH0FXI1ZIkV3LuFAZyMbj64FZdp4X8P2F0lzZ6HptvcJnbLFaojLkYOCBnoSPxoA8q0i40vWvC15qupeFb7WZbwyyX+oxxoWgyThYi53fIu37owMV6z4fe1k8O6c1jdy3dr9nTyp5jl3XHBY4HPrx1rj9KtfE3hPRJfDlhoC38MbyiyvBdRomx2LDzFY7sgsc4Bziuq8K6KfDvhfTtJaUSvbRBXcdCxJJx7ZJxQBsUUUUAFFFFABRRRQAUUUUAFFFFABRRRQAUUUUAFFFFABRRRQAUUUUAFFFFABRRRQAUUUUAFFFFABRRRQAUUUUAFFFFABRRRQAUUUUAFFFFABRRRQAVxGo+OrjQNQ1LTtWsg15w+krbq2L5WIVUGc4cMQD7c4rt68/wBT8J6v4qv7/VL95NOurQ7NDRZQ3klSG85tpIJcgDHZfegDttNN82m27amsC3pQGZYM7Fb0GSScdM96x7nxto1pdTW0v9oeZE7Rts064YZBwcEJgj3HFaWiXGo3Wj20urWX2O/K4nhDq4DDgkFSRg9Rz3rNudE8QS3U0kPi2eCJ3ZkiFjAwRSeFyVycdMmgDR0nW7LW4pJLL7RtjYK3nW0kJz7B1GfwrltUs7fXvirbadqMKXNjYaUbtLeVdyGV5dm4qeDhRxmup0my1CyikXUNWk1F2YFXeBItg9MIBmsHXtO1ew8X2nibSLEah/obWN3aCVY3Kbt6spbgkHPB/wD1AFbw/aw6H8Sda0ewjWCwuLKK+FvGMJHJuKNtHQZwCceldxXJeGtM1WfxJqniTWbRbGW6ijtra080SNHEuSSzLxkk5wOldbQAUUUUAFFFFABRRRQAUUUUAFUNZk1KLSLmXSI4Jb5E3RRT52uR/DwRgnt71frN16fU7fRrh9GsxdagRthRnVVDHjcxYjgdcdTjFAHPaR43k8TalYWui2o2iPzdUa4U/wCickeV2/eFgfoBnBrqdQv4NLsZLy583yY8bvKiaRuSAMKoJPJ7CuL0vwpqnhHVrG90tpdRS8/d60jygGSQkt9oXcQMgkgj0xxnmu01C3ubqxkhs71rKdsbZ1jVynIJ+VuDkZH40AYf/CfaF/1Ev/BXc/8AxuukjkWWJJEztdQwyCDg+x6Vzf8AYPiX/oc7j/wXwf8AxNdEPMituSZpVT2UuQPyGaAPNdZ8NaD4e8EXi6/Hbahrt95pW4Ee64uLhidgj/iGMqMDgV3nh6K9g8N6ZFqTFr5LWNZyxyd4UZye5z3rhNCg8S2F3Jq2qeCri/1uZmL3bahb4iUk4SIF/kUDjjk85r0e0lmns4Zbi3NtM6BnhZgxjJHK5HBx6igCaiiigAooooAKKKKACiiigAooooAKKKKACiiigAooooAKKKKACiiigAooooAKKKKACiiigAooooAKKKKACiiigAooooAKKKKACiiigAooooAKKKKACiiigAooooAKKKKACiiigAooooAKKKKACiiigAooooAKKKKACiiigAooooAKKKKACiiigAooooAKKKKACiiigAooooAKKKKACiiigAooooAKKKKACiiigAooooAKKKKACiiigAooooAKKKKACiiigAooooAKKKKACiiigAooooAKKKKACiiigAooooAKKKKACiiigAooooAKKKKACiiigAooooAKKKKACiiigAooooAKKKKACiiigAooooAKKKKACiiigAooooAKKKKACiiigAooooAKKKKACiiigAooooAKKKKACiiigAooooAKKKKACiiigAooooAKKKKACiiigAooooAKKKKACiiigAooooAKKKKACiiigAooooAKKKKACiiigAooooAKKKKACiiigAooooAKKKKACiiigAooooAKKKKACiiigAooooAKKKKACiiigAooooAKKKKACiiigAooooAKKKKACiiigAooooAKKKKACiiigAooooAKKKKACiiigAooooAKKKKACiiigAooooAKKKKACiiigAooooAKKKKACiiigAooooAKKKKACiiigAooooAKKKKACiiigAooooAKKKKACiiigAooooAKKKKACiiigAooooAKKKKACiiigAooooAKKKKACiiigAooooAKKKKACiiigAooooAKKKKACiiigAooooAKKKKACiiigAooooAKKKKACiiigAooooAKKKKACiiigAooooAKKKKACiiigAooooAKKKKACiiigAooooAKKKKACiiigAooooAKKKKACiiigAooooAKKKKACiiigAooooAKKKKACiiigAooooAKKKKACiiigAooooAKKKKACiiigAooooAKKKKACiiigAooooAKKKKACiiigAooooAKKKKACiiigAooooAKKKKACiiigAooooAKKKKACiiigAooooAKKKKACiiigAooooAKKKKACiiigAooooAKKKKACiiigAooooAKKKKACiiigAooooAKKKKACiiigAooooAKKKKACiiigAooooAKKKKACiiigAooooAKKKKACiiigAooooAKKKKACiiigAooooAKKKKACiiigAooooAKKKKACiiigAooooAKKKKACiiigAooooAKKKKACiiigAooooAKKKKACiiigAooooAKKKKACiiigAooooAKKKKACiiigAooooAKKKKACiiigAooooAKKKKACiiigAooooAKKKKACiiigAooooAKKKKACiiigAooooAKKKKACiiigAooooAKKKKACiiigAooooAKKKKACiiigAooooAKKKKACiiigAooooAKKKKACiiigAooooAKKKKACiiigAooooAKKKKACiiigAooooAKKKKACiiigAooooAKKKKACiiigAooooAKKKKACiiigAooooAKKKKACiiigAooooAKKKKACiiigAooooAKKKKACiiigAooooAKKKKACiiigAooooAKKKKACiiigAooooAKKKKACiiigAooooAKKKKACiiigAooooAKKKKACiiigAooooAKKKKACiiigAooooAKKKKACiiigAooooAKKKKACiiigAooooAKKKKACiiigAooooAKKKKACiiigAooooAKKKKACiiigAooooAKKKKACiiigAooooAKKKKACiiigAooooAKKKKACiiigAooooAKKKKACiiigAooooAKKKKACiiigAooooAKKKKACiiigAooooAKKKKACiiigAooooAKKKKACiiigAooooAKKKKACiiigAooooAKKKKACiiigAooooAKKKKACiiigAooooAKKKKACiiigAooooAKKKKACiiigAooooAKKKKACiiigAooooAKKKKACiiigAooooAKKKKACiiigAooooAKKKKACiiigAooooAKKKKACiiigAooooAKKKKACiiigAooooAKKKKACiiigAooooAKKKKACiiigAooooAKKKKACiiigAooooAKKKKACiiigAooooAKKKKACiiigAooooAKKKKACiiigAooooAKKKKACiiigAooooAKKKKACiiigAooooAKKKKACiiigAooooAKKKKACiiigAooooAKKKKACiiigAooooAKKKKACiiigAooooAKKKKACiiigAooooAKKKKACiiigAooooAKKKKACiiigAooooAKKKKACiiigAooooAKKKKACiiigAooooAKKKKACiiigAooooAKKKKACiiigAooooAKKKKACiiigAooooAKKKKACiiigAooooAKKKKACiiigAooooAKKKKACiiigAooooAKKKKACiiigAooooAKKKKACiiigAooooAKKKKACiiigAooooAKKKKACiiigAooooAKKKKACiiigAooooAKKKKACiiigAooooAKKKKACiiigAooooAKKKKACiiigAooooAKKKKACiiigAooooAKKKKACiiigAooooAKKKKACiiigAooooAKKKKACiiigAooooAKKKKACiiigAooooAKKKKACiiigAooooAKKKKACiiigAooooAKKKKACiiigAooooAKKKKACiiigAooooAKKKKACiiigAooooAKKKKACiiigAooooAKKKKACiiigAooooAKKKKACiiigAooooAKKKKACiiigAooooAKKKKACiiigAooooAKKKKACiiigAooooAKKKKACiiigAooooAKKKKACiiigAooooAKKKKACiiigAooooAKKKKACiiigAooooAKKKKACiiigAooooAKKKKACiiigAooooAKKKKACiiigAooooAKKKKACiiigAooooAKKKKACiiigAooooAKKKKACiiigAooooAKKKKACiiigAooooAKKKKACiiigAooooAKKKKACiiigAooooAKKKKACiiigAooooAKKKKACiiigAooooAKKKKACiiigAooooAKKKKACiiigAooooAKKKKACiiigAooooAKKKKACiiigAooooAKKKKACiiigAooooAKKKKACiiigAooooAKKKKACiiigAooooAKKKKACiiigAooooAKKKKACiiigAooooAKKKKACiiigAooooAKKKKACiiigD//2Q==</file>
    </questiontext>
    <generalfeedback format="html">
      <text></text>
    </generalfeedback>
    <defaultgrade>1.0000000</defaultgrade>
    <penalty>0.3333333</penalty>
    <hidden>0</hidden>
    <idnumber></idnumber>
    <correctfeedback format="html">
      <text>Vaše odpověď je správná.</text>
    </correctfeedback>
    <partiallycorrectfeedback format="html">
      <text>Vaše odpověď je částečně správná.</text>
    </partiallycorrectfeedback>
    <incorrectfeedback format="html">
      <text>Vaše odpověď je chybná.</text>
    </incorrectfeedback>
    <shownumcorrect/>
<subquestions>
<!-- question: 132917  -->
  <question type="varnumeric">
    <name>
      <text>1</text>
    </name>
    <questiontext format="moodle_auto_format">
      <text></text>
    </questiontext>
    <generalfeedback format="html">
      <text></text>
    </generalfeedback>
    <defaultgrade>0.05</defaultgrade>
    <penalty>0.3333333</penalty>
    <hidden>0</hidden>
    <idnumber></idnumber>
    <randomseed></randomseed>
    <requirescinotation>0</requirescinotation>
    <answer fraction="100" format="moodle_auto_format">
      <text>-6</text>
      <feedback format="plain_text">
        <text></text>
      </feedback>
      <sigfigs>0</sigfigs>
      <error>0</error>
      <syserrorpenalty>0.0000000</syserrorpenalty>
      <checknumerical>0</checknumerical>
      <checkscinotation>0</checkscinotation>
      <checkpowerof10>0</checkpowerof10>
      <checkrounding>0</checkrounding>
    </answer>
  </question>
<!-- question: 132918  -->
  <question type="varnumeric">
    <name>
      <text>2</text>
    </name>
    <questiontext format="moodle_auto_format">
      <text></text>
    </questiontext>
    <generalfeedback format="html">
      <text></text>
    </generalfeedback>
    <defaultgrade>0.05</defaultgrade>
    <penalty>0.3333333</penalty>
    <hidden>0</hidden>
    <idnumber></idnumber>
    <randomseed></randomseed>
    <requirescinotation>0</requirescinotation>
    <answer fraction="100" format="moodle_auto_format">
      <text>2</text>
      <feedback format="plain_text">
        <text></text>
      </feedback>
      <sigfigs>0</sigfigs>
      <error>0</error>
      <syserrorpenalty>0.0000000</syserrorpenalty>
      <checknumerical>0</checknumerical>
      <checkscinotation>0</checkscinotation>
      <checkpowerof10>0</checkpowerof10>
      <checkrounding>0</checkrounding>
    </answer>
  </question>
<!-- question: 132919  -->
  <question type="gapselect">
    <name>
      <text>3</text>
    </name>
    <questiontext format="moodle_auto_format">
      <text>[[1]]</text>
    </questiontext>
    <generalfeedback format="html">
      <text></text>
    </generalfeedback>
    <defaultgrade>0.125</defaultgrade>
    <penalty>0.3333333</penalty>
    <hidden>0</hidden>
    <idnumber></idnumber>
    <shuffleanswers>1</shuffleanswers>
    <correctfeedback format="html">
      <text></text>
    </correctfeedback>
    <partiallycorrectfeedback format="html">
      <text></text>
    </partiallycorrectfeedback>
    <incorrectfeedback format="html">
      <text></text>
    </incorrectfeedback>
    <shownumcorrect/>
    <selectoption>
      <text>g(x)</text>
      <group>1</group>
    </selectoption>
    <selectoption>
      <text>h(x)</text>
      <group>1</group>
    </selectoption>
    <selectoption>
      <text>-1</text>
      <group>1</group>
    </selectoption>
    <selectoption>
      <text>8</text>
      <group>1</group>
    </selectoption>
    <selectoption>
      <text>p(y)</text>
      <group>1</group>
    </selectoption>
    <selectoption>
      <text>q(y)</text>
      <group>1</group>
    </selectoption>
    <selectoption>
      <text>p1(y)</text>
      <group>1</group>
    </selectoption>
    <selectoption>
      <text>p2(y)</text>
      <group>1</group>
    </selectoption>
    <selectoption>
      <text>0</text>
      <group>1</group>
    </selectoption>
  </question>
<!-- question: 132920  -->
  <question type="gapselect">
    <name>
      <text>4</text>
    </name>
    <questiontext format="moodle_auto_format">
      <text>[[2]]</text>
    </questiontext>
    <generalfeedback format="html">
      <text></text>
    </generalfeedback>
    <defaultgrade>0.125</defaultgrade>
    <penalty>0.3333333</penalty>
    <hidden>0</hidden>
    <idnumber></idnumber>
    <shuffleanswers>1</shuffleanswers>
    <correctfeedback format="html">
      <text></text>
    </correctfeedback>
    <partiallycorrectfeedback format="html">
      <text></text>
    </partiallycorrectfeedback>
    <incorrectfeedback format="html">
      <text></text>
    </incorrectfeedback>
    <shownumcorrect/>
    <selectoption>
      <text>g(x)</text>
      <group>1</group>
    </selectoption>
    <selectoption>
      <text>h(x)</text>
      <group>1</group>
    </selectoption>
    <selectoption>
      <text>p(y)</text>
      <group>1</group>
    </selectoption>
    <selectoption>
      <text>q(y)</text>
      <group>1</group>
    </selectoption>
    <selectoption>
      <text>p1(y)</text>
      <group>1</group>
    </selectoption>
    <selectoption>
      <text>p2(y)</text>
      <group>1</group>
    </selectoption>
    <selectoption>
      <text>1</text>
      <group>1</group>
    </selectoption>
    <selectoption>
      <text>-1</text>
      <group>1</group>
    </selectoption>
    <selectoption>
      <text>8</text>
      <group>1</group>
    </selectoption>
  </question>
<!-- question: 132921  -->
  <question type="varnumeric">
    <name>
      <text>5</text>
    </name>
    <questiontext format="moodle_auto_format">
      <text></text>
    </questiontext>
    <generalfeedback format="html">
      <text></text>
    </generalfeedback>
    <defaultgrade>0.05</defaultgrade>
    <penalty>0.3333333</penalty>
    <hidden>0</hidden>
    <idnumber></idnumber>
    <randomseed></randomseed>
    <requirescinotation>0</requirescinotation>
    <answer fraction="100" format="moodle_auto_format">
      <text>-1</text>
      <feedback format="plain_text">
        <text></text>
      </feedback>
      <sigfigs>0</sigfigs>
      <error>0</error>
      <syserrorpenalty>0.0000000</syserrorpenalty>
      <checknumerical>0</checknumerical>
      <checkscinotation>0</checkscinotation>
      <checkpowerof10>0</checkpowerof10>
      <checkrounding>0</checkrounding>
    </answer>
  </question>
<!-- question: 132922  -->
  <question type="varnumeric">
    <name>
      <text>6</text>
    </name>
    <questiontext format="moodle_auto_format">
      <text></text>
    </questiontext>
    <generalfeedback format="html">
      <text></text>
    </generalfeedback>
    <defaultgrade>0.05</defaultgrade>
    <penalty>0.3333333</penalty>
    <hidden>0</hidden>
    <idnumber></idnumber>
    <randomseed></randomseed>
    <requirescinotation>0</requirescinotation>
    <answer fraction="100" format="moodle_auto_format">
      <text>0</text>
      <feedback format="plain_text">
        <text></text>
      </feedback>
      <sigfigs>0</sigfigs>
      <error>0</error>
      <syserrorpenalty>0.0000000</syserrorpenalty>
      <checknumerical>0</checknumerical>
      <checkscinotation>0</checkscinotation>
      <checkpowerof10>0</checkpowerof10>
      <checkrounding>0</checkrounding>
    </answer>
  </question>
<!-- question: 132923  -->
  <question type="gapselect">
    <name>
      <text>7</text>
    </name>
    <questiontext format="moodle_auto_format">
      <text>[[1]]</text>
    </questiontext>
    <generalfeedback format="html">
      <text></text>
    </generalfeedback>
    <defaultgrade>0.125</defaultgrade>
    <penalty>0.3333333</penalty>
    <hidden>0</hidden>
    <idnumber></idnumber>
    <shuffleanswers>1</shuffleanswers>
    <correctfeedback format="html">
      <text></text>
    </correctfeedback>
    <partiallycorrectfeedback format="html">
      <text></text>
    </partiallycorrectfeedback>
    <incorrectfeedback format="html">
      <text></text>
    </incorrectfeedback>
    <shownumcorrect/>
    <selectoption>
      <text>p2(y)</text>
      <group>1</group>
    </selectoption>
    <selectoption>
      <text>p1(y)</text>
      <group>1</group>
    </selectoption>
    <selectoption>
      <text>h(x)</text>
      <group>1</group>
    </selectoption>
    <selectoption>
      <text>g(x)</text>
      <group>1</group>
    </selectoption>
    <selectoption>
      <text>p(y)</text>
      <group>1</group>
    </selectoption>
    <selectoption>
      <text>q(y)</text>
      <group>1</group>
    </selectoption>
    <selectoption>
      <text>-1</text>
      <group>1</group>
    </selectoption>
    <selectoption>
      <text>1</text>
      <group>1</group>
    </selectoption>
    <selectoption>
      <text>8</text>
      <group>1</group>
    </selectoption>
  </question>
<!-- question: 132924  -->
  <question type="gapselect">
    <name>
      <text>8</text>
    </name>
    <questiontext format="moodle_auto_format">
      <text>[[2]]</text>
    </questiontext>
    <generalfeedback format="html">
      <text></text>
    </generalfeedback>
    <defaultgrade>0.1</defaultgrade>
    <penalty>0.3333333</penalty>
    <hidden>0</hidden>
    <idnumber></idnumber>
    <shuffleanswers>1</shuffleanswers>
    <correctfeedback format="html">
      <text></text>
    </correctfeedback>
    <partiallycorrectfeedback format="html">
      <text></text>
    </partiallycorrectfeedback>
    <incorrectfeedback format="html">
      <text></text>
    </incorrectfeedback>
    <shownumcorrect/>
    <selectoption>
      <text>p2(y)</text>
      <group>1</group>
    </selectoption>
    <selectoption>
      <text>p1(y)</text>
      <group>1</group>
    </selectoption>
    <selectoption>
      <text>p(y)</text>
      <group>1</group>
    </selectoption>
    <selectoption>
      <text>h(x)</text>
      <group>1</group>
    </selectoption>
    <selectoption>
      <text>g(x)</text>
      <group>1</group>
    </selectoption>
    <selectoption>
      <text>0</text>
      <group>1</group>
    </selectoption>
    <selectoption>
      <text>q(y)</text>
      <group>1</group>
    </selectoption>
    <selectoption>
      <text>-1</text>
      <group>1</group>
    </selectoption>
    <selectoption>
      <text>8</text>
      <group>1</group>
    </selectoption>
  </question>
<!-- question: 132925  -->
  <question type="varnumeric">
    <name>
      <text>9</text>
    </name>
    <questiontext format="moodle_auto_format">
      <text></text>
    </questiontext>
    <generalfeedback format="html">
      <text></text>
    </generalfeedback>
    <defaultgrade>0.05</defaultgrade>
    <penalty>0.3333333</penalty>
    <hidden>0</hidden>
    <idnumber></idnumber>
    <randomseed></randomseed>
    <requirescinotation>0</requirescinotation>
    <answer fraction="100" format="moodle_auto_format">
      <text>0</text>
      <feedback format="plain_text">
        <text></text>
      </feedback>
      <sigfigs>0</sigfigs>
      <error>0</error>
      <syserrorpenalty>0.0000000</syserrorpenalty>
      <checknumerical>0</checknumerical>
      <checkscinotation>0</checkscinotation>
      <checkpowerof10>0</checkpowerof10>
      <checkrounding>0</checkrounding>
    </answer>
  </question>
<!-- question: 132926  -->
  <question type="varnumeric">
    <name>
      <text>10</text>
    </name>
    <questiontext format="moodle_auto_format">
      <text></text>
    </questiontext>
    <generalfeedback format="html">
      <text></text>
    </generalfeedback>
    <defaultgrade>0.05</defaultgrade>
    <penalty>0.3333333</penalty>
    <hidden>0</hidden>
    <idnumber></idnumber>
    <randomseed></randomseed>
    <requirescinotation>0</requirescinotation>
    <answer fraction="100" format="moodle_auto_format">
      <text>8</text>
      <feedback format="plain_text">
        <text></text>
      </feedback>
      <sigfigs>0</sigfigs>
      <error>0</error>
      <syserrorpenalty>0.0000000</syserrorpenalty>
      <checknumerical>0</checknumerical>
      <checkscinotation>0</checkscinotation>
      <checkpowerof10>0</checkpowerof10>
      <checkrounding>0</checkrounding>
    </answer>
  </question>
<!-- question: 132927  -->
  <question type="gapselect">
    <name>
      <text>11</text>
    </name>
    <questiontext format="moodle_auto_format">
      <text>[[1]]</text>
    </questiontext>
    <generalfeedback format="html">
      <text></text>
    </generalfeedback>
    <defaultgrade>0.125</defaultgrade>
    <penalty>0.3333333</penalty>
    <hidden>0</hidden>
    <idnumber></idnumber>
    <shuffleanswers>1</shuffleanswers>
    <correctfeedback format="html">
      <text></text>
    </correctfeedback>
    <partiallycorrectfeedback format="html">
      <text></text>
    </partiallycorrectfeedback>
    <incorrectfeedback format="html">
      <text></text>
    </incorrectfeedback>
    <shownumcorrect/>
    <selectoption>
      <text>p2(y)</text>
      <group>1</group>
    </selectoption>
    <selectoption>
      <text>p1(y)</text>
      <group>1</group>
    </selectoption>
    <selectoption>
      <text>p(y)</text>
      <group>1</group>
    </selectoption>
    <selectoption>
      <text>q(y)</text>
      <group>1</group>
    </selectoption>
    <selectoption>
      <text>h(x)</text>
      <group>1</group>
    </selectoption>
    <selectoption>
      <text>g(x)</text>
      <group>1</group>
    </selectoption>
    <selectoption>
      <text>-6</text>
      <group>1</group>
    </selectoption>
    <selectoption>
      <text>1</text>
      <group>1</group>
    </selectoption>
    <selectoption>
      <text>0</text>
      <group>1</group>
    </selectoption>
  </question>
<!-- question: 132928  -->
  <question type="gapselect">
    <name>
      <text>12</text>
    </name>
    <questiontext format="moodle_auto_format">
      <text>[[2]]</text>
    </questiontext>
    <generalfeedback format="html">
      <text></text>
    </generalfeedback>
    <defaultgrade>0.1</defaultgrade>
    <penalty>0.3333333</penalty>
    <hidden>0</hidden>
    <idnumber></idnumber>
    <shuffleanswers>1</shuffleanswers>
    <correctfeedback format="html">
      <text></text>
    </correctfeedback>
    <partiallycorrectfeedback format="html">
      <text></text>
    </partiallycorrectfeedback>
    <incorrectfeedback format="html">
      <text></text>
    </incorrectfeedback>
    <shownumcorrect/>
    <selectoption>
      <text>p1(y)</text>
      <group>1</group>
    </selectoption>
    <selectoption>
      <text>q(y)</text>
      <group>1</group>
    </selectoption>
    <selectoption>
      <text>p2(y)</text>
      <group>1</group>
    </selectoption>
    <selectoption>
      <text>p(y)</text>
      <group>1</group>
    </selectoption>
    <selectoption>
      <text>h(x)</text>
      <group>1</group>
    </selectoption>
    <selectoption>
      <text>g(x)</text>
      <group>1</group>
    </selectoption>
    <selectoption>
      <text>2</text>
      <group>1</group>
    </selectoption>
    <selectoption>
      <text>1</text>
      <group>1</group>
    </selectoption>
    <selectoption>
      <text>0</text>
      <group>1</group>
    </selectoption>
  </question>
</subquestions>
  </question>

<!-- question: 132929  -->
  <question type="combined">
    <name>
      <text>c. EOI</text>
    </name>
    <questiontext format="html">
      <text><![CDATA[<p><span id="selectionBoundary_1584024473275_9752896347249035" style="line-height: 0; display: none;" class="rangySelectionBoundary">﻿</span>Na obrázku je množina \(D_3\). <img src="@@PLUGINFILE@@/D3926.jpg" alt="" role="presentation" class="img-responsive atto_image_button_middle" width="600" height="450"><br></p><p>Hranici množiny tvoří&nbsp; \(g(x) = x^3,\ h(x) = x^2\), které lze zapsat i jako \(p(y) = \sqrt[3]{y},\&nbsp; q(y) =\sqrt{y}\) pro \( y\geq 0 \). </p><p>Průsečíky těchto křivek jsou [0, 0] a [0, 1].<br></p><p>Doplňte nerovnice tak, aby popisovaly množinu \(D_3\) jako <br><b>a) elementární obor integrace vzhledem k ose x: </b><br>[[1:numeric:_5_]] \(\le x\le \) [[2:numeric:_5_]], [[3:selectmenu:1]]\(\le y\le \)[[4:selectmenu:2]]<br><b>b) elementární obor integrace vzhledem k ose y: </b><br>[[5:numeric:_5_]] \(\le y\le \) [[6:numeric:_5_]],&nbsp;[[7:selectmenu:1]]\(\le x\le \)[[8:selectmenu:2]]  <br></p><p><b>Integrál </b><br></p><p>\(\displaystyle \iint_{D_3}\ f(x,y)\ {\rm d}x{\rm d}y \) [[9:selectmenu:2]] \(\displaystyle\int_{0}^1 \left(\int_{x^2}^{x^3} \ f(x,y)\ {\rm d}y\right){\rm d}x \)</p><p>\(\displaystyle \iint_{D_3}\ f(x,y)\ {\rm d}x{\rm d}y \) 
[[10:selectmenu:1]] \(\displaystyle\int_{0}^1 \left(\int_{\sqrt{y}}^{\sqrt[3]{y}} \ f(x,y)\ {\rm d}x\right){\rm 
d}y \)</p><p>\(\displaystyle \iint_{D_3}\ f(x,y)\ {\rm d}x{\rm d}y \) 
[[11:selectmenu:2]] \(\displaystyle\int_{0}^1 \left(\int_{\sqrt[3]{y}}^{\sqrt{y}}\ f(x,y)\ {\rm d}x\right){\rm 
d}y \)<br></p>]]></text>
<file name="D3926.jpg" path="/" encoding="base64">/9j/4AAQSkZJRgABAQAAAQABAAD//gAYTUFUTEFCIEhhbmRsZSBHcmFwaGljc//+AB1NQVRMQUIsIFRoZSBNYXRoV29ya3MsIEluYy7/2wBDAAgGBgcGBQgHBwcJCQgKDBQNDAsLDBkSEw8UHRofHh0aHBwgJC4nICIsIxwcKDcpLDAxNDQ0Hyc5PTgyPC4zNDL/2wBDAQkJCQwLDBgNDRgyIRwhMjIyMjIyMjIyMjIyMjIyMjIyMjIyMjIyMjIyMjIyMjIyMjIyMjIyMjIyMjIyMjIyMjL/wAARCANrBI8DASIAAhEBAxEB/8QAHwAAAQUBAQEBAQEAAAAAAAAAAAECAwQFBgcICQoL/8QAtRAAAgEDAwIEAwUFBAQAAAF9AQIDAAQRBRIhMUEGE1FhByJxFDKBkaEII0KxwRVS0fAkM2JyggkKFhcYGRolJicoKSo0NTY3ODk6Q0RFRkdISUpTVFVWV1hZWmNkZWZnaGlqc3R1dnd4eXqDhIWGh4iJipKTlJWWl5iZmqKjpKWmp6ipqrKztLW2t7i5usLDxMXGx8jJytLT1NXW19jZ2uHi4+Tl5ufo6erx8vP09fb3+Pn6/8QAHwEAAwEBAQEBAQEBAQAAAAAAAAECAwQFBgcICQoL/8QAtREAAgECBAQDBAcFBAQAAQJ3AAECAxEEBSExBhJBUQdhcRMiMoEIFEKRobHBCSMzUvAVYnLRChYkNOEl8RcYGRomJygpKjU2Nzg5OkNERUZHSElKU1RVVldYWVpjZGVmZ2hpanN0dXZ3eHl6goOEhYaHiImKkpOUlZaXmJmaoqOkpaanqKmqsrO0tba3uLm6wsPExcbHyMnK0tPU1dbX2Nna4uPk5ebn6Onq8vP09fb3+Pn6/9oADAMBAAIRAxEAPwD3+iiigAooooAKKKKACiiigAooooAKKKKACiiigAooooAKKKKACiiigAooooAKKKKACiiigAooooAKKKKACiiigAooooAKKKKACiiigAooooAKKKKACiiigAooooAKKKKACiiigAooooAKKKKACiiigAooooAKKKKACiiigAooooAKKKKACiiigAooooAKKKKACiiigAooooAKKKKACiiigAooooAKKKKACiiigAooooAKKKKACiiigAooooAKKKKACiiigAooooAKKKKACiiigAooooAKKKKACiiigAooooAKKKKACiiigAooooAKKKKACiiigAooooAKKKKACiiigAooooAKKKKACiiigAooooAKKKKACiiigAooooAKKKKACiiigAooooAKKKKACiiigAooooAKKKKACiiigAooooAKKKKACiiigAooooAKKKKACiiigAooooAKKKKACiiigAooooAKKKKACiiigAooooAKKKKACiiigAooooAKKKKACiiigAooooAKKKKACiiigAooooAKKKKACiiigAooooAKKKKACiiigAooooAKKKKACiiigAooooAKKKKACiiigAooooAKKKKACiiigAooooAKKKKACiiigAooooAKKKKACiiigAooooAKKKKACiiigAooooAKKKKACiiigAooooAKKKKACiiigAooooAKKKKACiiigAooooAKKKKACiiigAooooAKKKKACiiigAooooAKKKKACiiigAooooAKKKKACiiigAooooAKKKKACiiigAooooAKKKKACiiigAooooAKKKKACiiigAooooAKKKKACiiigAooooAKKKKACiiigAooooAKKKKACiiigAooooAKKKKACiiigAooooAKKKKACiiigAooooAKKKKACiiigAooooAKKKKACiiigAooooAKKKKACiiigAooooAKKKKACiiigAooooAKKKKACiiigAooooAKKKKACiiigAooooAKKKKACiiigAooooAKKKKACiiigAooooAKKKKACiiigAooooAKKKKACiiigAooooAKKKKACiiigAooooAKKKKACiiigAooooAKKKKACiiigAooooAKKKKACiiigAooooAKKKKACiiigAooooAKKKKACiiigAooooAKKKKACiiigAooooAKKKKACiiigAooooAKKKKACiiigAooooAKKKKACiiigAooooAKKKKACiiigAooooAKKKKACiiigAooooAKKKKACiiigAooooAKKKKACiiigAooooAKKKKACiiigAooooAKKKKACiiigAooooAKKKKACiiigAooooAKKKKACiiigAooooAKKKKACiiigAooooAKKKKACiiigAooooAKKKKACiiigAooooAKKKKACiiigAooooAKKKKACiiigAooooAKKKKACiiigAooooAKKKKACiiigAooooAKKKKACiiigAooooAKKKKACiiigAooooAKKKKACiiigAooooAKKKKACiiigAooooAKKKKACiiigAooooAKKKKACiiigAooooAKKKKACiiigAooooAKKKKACiiigAooooAKKKKACiiigAooooAKKKKACiiigAooooAKKKKACiiigAooooAKKKKACiiigAooooAKKKKACiiigAooooAKKKKACiiigAooooAKKKKACiiigAooooAKKKKACiiigAooooAKKKKACiuV+Ifi2XwT4Sm1qG0S6eOVI/KdyoO44zkV54vxn8XQabHq918PbhtKeMS/aY5HC7DyG3bCAPrQB7bRWD4Q8W6Z410GPVtLZ/LLFJIpAA8TjqrY+oP0IreoAKKKKACiiigAooooAKKKKACiiigAooooAKKKKACiiigAooooAKKKKACiiigAooooAKKKKACiiigAooooAKKKKACiiigAooooAKKKKACiiigAooooAKKKKACiiigAooooAKKKKACiiigAooooAKKKKACiiigAooooAKKKKACiiigAooooAKKKKACiiigAooooAKKKKACiiigAooooAKKKKACiiigAooooAKKKKACiiigAooooAKKKKACiiigAooooAKKKKACiiigAooooAKKKKACiiigAooooAKKKKACiiigAooooAKKKKACiiigAooooAKKKKACiiigAooooAKKKKACiiigAooooAKKKKACiiigAooooAKKKKACiiigDzL49/wDJLLr/AK+Yf/Qq6PwGYV+F+gNcFBANLhMhkxt2+WM5z2xT/HvhD/hOPC0uifbvsXmSJJ53leZjac427h/OvPk+BWrPZJp158RNVn0xVCfY1idUCjoADKVA9sUAVv2c1Pl+KXhBFgbmIQZH+/n9Cle41xkmjSfD/wCHs9j4L0o3d5EMwxO2TLIxAMjnIzgc9ugAxXLaD4k8X6X8Q9J8Paxrtjr4v4ZHu4raBEfT2UE4Yp2zx83Xn2yAeuUUUUAFFFFABRRRQAUUUUAFFFFABRRRQAUUUUAFFFFABRRRQAUUUUAFFFFABRRRQAUUUUAFFFFABRRRQAUUUUAFFFFABRRRQAUUUUAFFFFABRRRQAUUUUAFFFFABRRRQAUUUUAFFFFABRRRQAUUUUAFFFFABRRRQAUUUUAFFFFABRRRQAUUUUAFFFFABRRRQAUUUUAFFFFABRRRQAUUUUAFFFFABRRRQAUUUUAFFFUdanvbXRb2402KOa8ihZ4Y5ASrsBnbwQeelAF6iuSvfGDt4O0rVtMiilvNVkghtoZMlfMc/MDjnCgPn/drqLi4S0tJbmbd5cKGR9iFjgDJwoySfYc0AS0VzP8Awn2hf9RL/wAFdz/8brfsryK/s4rqDf5Uq7l8yNkbHurAEfiKAJJZY4IXmmkSOJFLO7tgKB1JJ6CnKyuoZSGUjIIOQRXB/FHR7y98K6ndrrV3b2sFqXayiVQkpHPzNjdg8cZxxXZaV/yB7L/r3j/9BFAFuisvU9aOn31rZQ6beX1xcRSSqlsYhtRCgYkyOo6yL0z3p1lqd3dTFJtC1CzULkSTvblSfT5JWOfwxxQBpUVH5jf88ZPzX/GjzG/54yfmv+NAElFR+Y3/ADxk/Nf8aPMb/njJ+a/40ASUVH5jf88ZPzX/ABo8xv8AnjJ+a/40ASUVH5jf88ZPzX/GjzG/54yfmv8AjQBJRUfmN/zxk/Nf8aRZmdAwhkwRkcr/AI0AS0VH5jf88ZPzX/GjzG/54yfmv+NAElFR+Y3/ADxk/Nf8aPMb/njJ+a/40ASUVH5jf88ZPzX/ABo8xv8AnjJ+a/40ASUVH5jf88ZPzX/GjzG/54yfmv8AjQBJRUfmN/zxk/Nf8aPMb/njJ+a/40ASUVH5jf8APGT81/xo8xv+eMn5r/jQBJRUfmN/zxk/Nf8AGjzG/wCeMn5r/jQBJRUfmN/zxk/Nf8aPMb/njJ+a/wCNAElFR+Y3/PGT81/xo8xv+eMn5r/jQBJRUfmN/wA8ZPzX/GjzG/54yfmv+NAElFR+Y3/PGT81/wAaPMb/AJ4yfmv+NAElFR+Y3/PGT81/xo8xv+eMn5r/AI0ASUVH5jf88ZPzX/GjzG/54yfmv+NAElFR+Y3/ADxk/Nf8aPMb/njJ+a/40ASUVH5jf88ZPzX/ABo8xv8AnjJ+a/40ASUVH5jf88ZPzX/GjzG/54yfmv8AjQBJRUfmN/zxk/Nf8aPMb/njJ+a/40ASUVH5jf8APGT81/xo8xv+eMn5r/jQBJRUfmN/zxk/Nf8AGjzG/wCeMn5r/jQBheNZvEVt4YubjwvFFNqkRV1hkXd5i5+YAZHOOR9K8xsor7xL8UND1nQfCWq+HfIZ5NaubuAwLcbsEoR/HyDz1O4EgYr2vzG/54yfmv8AjR5jf88ZPzX/ABoAkoqPzG/54yfmv+NHmN/zxk/Nf8aAJKKj8xv+eMn5r/jR5jf88ZPzX/GgCSio/Mb/AJ4yfmv+NHmN/wA8ZPzX/GgCSio/Mb/njJ+a/wCNHmN/zxk/Nf8AGgCSio/Mb/njJ+a/40eY3/PGT81/xoAkoqPzG/54yfmv+NHmN/zxk/Nf8aAJKKj8xv8AnjJ+a/40eY3/ADxk/Nf8aAJKKj8xv+eMn5r/AI0eY3/PGT81/wAaAJKKj8xv+eMn5r/jR5jf88ZPzX/GgCSio/Mb/njJ+a/40eY3/PGT81/xoAkoqPzG/wCeMn5r/jR5jf8APGT81/xoAkoqPzG/54yfmv8AjR5jf88ZPzX/ABoAkoqPzG/54yfmv+NHmN/zxk/Nf8aAJKKj8xv+eMn5r/jR5jf88ZPzX/GgCSio/Mb/AJ4yfmv+NHmN/wA8ZPzX/GgCSio/Mb/njJ+a/wCNHmN/zxk/Nf8AGgCSio/Mb/njJ+a/40eY3/PGT81/xoAkoqPzG/54yfmv+NHmN/zxk/Nf8aAJKKyte12Dw9oN7q95DKbe0iMrhSuWx0A56k4H41ieEfiX4d8bO8GkSzG7jj82S2lTY6rkAnrgjJA4J60AdhRUfmN/zxk/Nf8AGjzG/wCeMn5r/jQBJRUfmN/zxk/Nf8aPMb/njJ+a/wCNAElFR+Y3/PGT81/xo8xv+eMn5r/jQBJRUfmN/wA8ZPzX/GjzG/54yfmv+NAElFR+Y3/PGT81/wAacrFjzGy/XH9DQA6iiigAooooAKKKKACiiigAooooAKKKKACiiigAooooAKKKKACiiigAooooAKKKKACiiigAooooAKKKKACiiigAooooAKKKKACiiigAooqOeFLi3kgkBMcilG2sVOCMHBHI+ooA868M6PKvxAv7DcraToU0k9oq9FkuVDbP+ADzP++xXolzHLLazRwzGCV0ZUlChijEcNg8HHXBqrpGi6foVq9tp1v5MbyGV8uzs7nqzMxJJ4HU1foA5n+wfEv/AEOdx/4L4P8A4mt+yhnt7OKK5umuplXDzMgQufXA4H4VPRQBh+MdPutV8HatYWUXm3NxbMkSbgu5j0GSQB+NamnxPBptrFINrpCisM5wQADViigDEuv+R50r/sG3v/o21rbrEuv+R50r/sG3v/o21rboAKKKKACiiigAooooAKKKKACo4P8Aj3i/3B/KpKjg/wCPeL/cH8qAJKKKKACiiigAooooAKKKKACiiigAooooAKKKKACiiigAooooAKKKKACiiigAooooAKKKKACiiigAooooAKKKKACiiigAooooAKKKKACiiigAooooAKKKKACiiigAooooAKKKKACiiigAooooAKKKKACiiigAooooAKKKKACiiigAooooAKKKKACiiigAooooAKKKKACiisrxJ4hsPCugXWs6kzi2tlBYIAWYk4CqCRkkkDrQB4b+0D47lku18H6fPi3RVk1DAB3vkMiZ9sBjj1HpW9+zz4VuNK0XUtav7WW3nvXSKFZoyreUq7twz2YuPrtFYUWn+Fvi98S4LuwtBBZogmuljQRSyBV3OZQMjLSSomeSRG2Ceo+gYVVDIqgBQwAAHAG0UAS0UUUAFFFFABRRRQAUUUUAFFFFABRRRQAUUUUAFFFFABRRRQAUUUUAFFFFABRRRQAUUUUAFFFFABRRRQAUUUUAFFFFABRRRQAUUUUAFFFFABRRRQAUUUUAFFFFABRRRQAUUUUAFFFFABRRRQAUUUUAYl1/yPOlf9g29/8ARtrW3WJdf8jzpX/YNvf/AEba1t0AFFFFABRRRQAUUUUAFFFFABUcH/HvF/uD+VSVHB/x7xf7g/lQBJRRRQAUUUUAFFFFABRRRQAUUUUAFFFFABRRRQAUUUUAFFFFABRRRQAUUUUAFFFFABRRRQAUUUUAFFFFABRRRQAUUUUAFFFFABRRRQAUUUUAFFFFABRRRQAUUUUAFFFFABRRRQAUUUUAFFFFABRRRQAUUUUAFFFFABRRRQAUUUUAFFFFABRRRQAUUUUAFFFFABRRRQAV5T8c9Hn17w3pttbaosLG72paeXuFxJjqzA/KEUSE8HJIHBxXpGtXtxp2h397aWcl5c29u8kVtGMtKwUkKB1OT6c+mTXxOviDWLHxLcas80iak8ztcCUH5mJO5WU/jx29iKAPoT9n7wrLouganqd5GEuru5MAG4NtSIlTyOPvlhx/dFevR/fm/wB//wBlFcV8ItXbWvh1p8/2A2kcW6CPdN5hm28NITtXBL7+OenWu1j+/N/v/wDsooAkooooAKKKKACiiigAooooAKKKKACiiigAooooAKKKKACiiigAooooAKKKKACiiigAooooAKKKKACiiigAooooAKKKKACiiigAooooAKKKKACiiigAooooAKKKKACiiigAooooAKKKKACiiigAooooAxLr/kedK/7Bt7/6Nta26xLr/kedK/7Bt7/6Nta26ACiiigAooooAKKKKACiiigAqOD/AI94v9wfyqSo4P8Aj3i/3B/KgCSiiigAooooAKKKKACiiigAooooAKKKKACiiigAooooAKKKKACiiigAooooAKKKKACiiigAooooAKKKKACiiigAooooAKKKKACiiigAooooAKKKKACiiigAooooAKKKKACiiigAooooAKKKKACiiigAooooAKKKKACiiigAooooAKKKKACiiigAooooAKKKKACiisXxX4p03wdoE2sao0n2eNlQJEAXkYnhVBIBPU9egNAHknxX+MWo+H/E82g6A0JWG2aK7kZcssrgEFGB4ZF6HkZY5BwK8O1e9bxFrNtHY2jRjy4rW2tgckYAG0Hj+In869A8YReFfEuoa94v09o44YpA0cUBAE7dPMlQjKmR88fLkcnJJrP+CPh1/EHxItrqZd9vpoN5KzAnLjhOfXeQ3/ATQB9ReG9Gi8PeGtN0eLBWzt0iLD+JgPmb8Tk/jWhH9+b/AH//AGUVJUcf35v9/wD9lFAElFFFABRRRQAUUUUAFFFFABRRRQAUUUUAFFFFABRRRQAUUUUAFFFFABRRRQAUUUUAFFFFABRRRQAUUUUAFFFFABRRRQAUUUUAFFFFABRRRQAUUUUAFFFFABRRRQAUUUUAFFFFABRRRQAUUUUAFFFFAGJdf8jzpX/YNvf/AEba1t1iXX/I86V/2Db3/wBG2tbdABRRRQAUUUUAFFFFABRRRQAVHB/x7xf7g/lUlRwf8e8X+4P5UASUUUUAFFFFABRRRQAUUUUAFFFFABRRRQAUUUUAFFFFABRRRQAUUUUAFFFFABRRRQAUUUUAFFFFABRRRQAUUUUAFFFFABRRRQAUUUUAFFFFABRRRQAUUUUAFFFFABRRRQAUUUUAFFFFABRRRQAUUUUAFFFFABRRRQAUUUUAFFFFABRRRQAUUUUAFFFFABRRRQAV478ctHPifT9FhsdWQSC4mRLUDdHIy8O7MD8uwgqeDy4HHNeleK7/AFLTPCmp3ukWT3moQ27NBAgBJbHXH8WOu0cnGByRXyh8N49SvfFU14lw4jClruQgMZNxyFJPckZz14NAHQW3ghYPA66ddeYmo3c6HZE6jfMx2RRk4OVywzjvk17X8Mvhunw8tNShN6l9NdzKwnEXlny1XhSuTjDF+56isLwvYDVfG9orgNDpkRvZAR1kbKRf+1G+qCvWaACo4/vzf7//ALKKkqOP783+/wD+yigCSiiigAooooAKKKKACiiigAooooAKKKKACiiigAooooAKKKKACiiigAooooAKKKKACiiigAooooAKKKKACiiigAooooAKKKKACiiigAooooAKKKKACiiigAooooAKKKKACiiigAooooAKKKKACiiigDEuv+R50r/sG3v/AKNta26xLr/kedK/7Bt7/wCjbWtugAooooAKKKKACiiigAooooAKjg/494v9wfyqSo4P+PeL/cH8qAJKKKKACiiigAooooAKKKKACiiigAooooAKKKKACiiigAooooAKKKKACiiigAooooAKKKKACiiigAooooAKKKKACiiigAooooAKKKKACiiigAooooAKKKKACiiigAooooAKKKKACiiigAooooAKKKKACiiigAooooAKKKKACiiigAooooAKKKKACiiigAoormvGvjnSPAelw3+rC4kWaXyo4rdVaRjgknBIGBjk57j1oA8W+Jnxh1L/AISvU9B0mSOXRRF9inRQA0rbh5hRxypxmPuMZOM4I6G0y1pC72628jRLuiBzs4+7nHOMkVy9ppHhjxRr03ibT4IYE+1s8NpbBUjjRcKm+MDhjs3nGOWPUYrmvirqxkvLTSY2+SJfOlH+0eF/IZ/76oA+hfhlZMPD8+ryqwk1SdpkDDBEK/JF+BVd/wDwOu1rh/hDb6nB8MtIOq3c1xLNGZYvNOTHCxzGoOMkbcEZzjOBwAB3FABUcf35v9//ANlFSVHH9+b/AH//AGUUASUUUUAFFFFABRRRQAUUUUAFFFFABRRRQAUUUUAFFFFABRRRQAUUUUAFFFFABRRRQAUUUUAFFFFABRRRQAUUUUAFFFFABRRRQAUUUUAFFFFABRRRQAUUUUAFFFFABRRRQAUUUUAFFFFABRRRQAUUUUAYl1/yPOlf9g29/wDRtrW3WJdf8jzpX/YNvf8A0ba1t0AFFFFABRRRQAUUUUAFFFFABUcH/HvF/uD+VSVHB/x7xf7g/lQBJRRRQAUUUUAFFFFABRRRQAUUUUAFFFFABRRRQAUUUUAFFFFABRRRQAUUUUAFFFFABRRRQAUUUUAFFFFABRRRQAUUUUAFFFFABRRRQAUUUUAFFFFABRRRQAUUUUAFFFFABRRRQAUUUUAFFFFABRRRQAUUUUAFFFFABRRRQAUUUUAFFFFABRRRQAUUUUAFeBfG/QJvFOuaXNpWqpdMLAzR2YI8tYyxxIrg4zJwBxg7Cd2BXovxd1PVtK+G2qTaRBJJNIohlkjIzBE3DvjqeOOORuz0BI8A+FVhem4u7/zpEsgvl+Xn5ZX4Ocew79efrQB3Hh7SIPDfh6K1JVSimW4k9Xxlj+GMfQCvJ7Gzm8f/ABFhtI2Zf7Su9u7qY4h3/wCAoP0r0b4h6t/ZnhaaJGInuz5KY9Dyx/LI/EVJ+zj4bNxq+peI5k/dWsf2WAnoZGwWI9woA/4HQB9FQwx20EcEKBIo1CIi9FUDAAp9FFABUcf35v8Af/8AZRUlRx/fm/3/AP2UUASUUUUAFFFFABRRRQAUUUUAFFFFABRRRQAUUUUAFFFFABRRRQAUUUUAFFFFABRRRQAUUUUAFFFFABRRRQAUUUUAFFFFABRRRQAUUUUAFFFFABRRRQAUUUUAFFFFABRRRQAUUUUAFFFFABRRRQAUUUUAYl1/yPOlf9g29/8ARtrW3WJdf8jzpX/YNvf/AEba1t0AFFFFABRRRQAUUUUAFFFFABUcH/HvF/uD+VSVHB/x7xf7g/lQBJRRRQAUUUUAFFFFABRRRQAUUUUAFFFFABRRRQAUUUUAFFFFABRRRQAUUUUAFFFFABRRRQAUUUUAFFFFABRRRQAUUUUAFFFFABRRRQAUUUUAFFFFABRRRQAUUUUAFFFFABRRRQAUUUUAFFFFABRRRQAUUUUAFFFFABRRRQAUUUUAFFFFABRRRQAUyaaK2gknnkWOKNS7u5wFUDJJPpin1wfj/wCKmlfD+/sLO7tZrua5R5HSBgGiQAhWweDuYY6jgMecYIB4vq3xe1vxL4oudPtohc6LdX0bW1mf3bFU4TLYOAx2uwORleMDOe9AAJIA55PvXMeHdA0driHxHaCFri4jLH7OAsKsxJbYgA24ztxxgDpnNdRQBF/Zw1zVNO0QjMd5ODcD/pgnzyfgcBP+B16/puk6do9u1vpljb2cDOXMVvGI03EAEhRwOg6VxHw608XOp6nrrglU/wBAtj2wCGlI+r7VPvHXodABRRRQAVHH9+b/AH//AGUVJUcf35v9/wD9lFAElFFFABRRRQAUUUUAFFFFABRRRQAUUUUAFFFFABRRRQAUUUUAFFFFABRRRQAUUUUAFFFFABRRRQAUUUUAFFFFABRRRQAUUUUAFFFFABRRRQAUUUUAFFFFABRRRQAUUUUAFFFFABRRRQAUUUUAFFFFAGJdf8jzpX/YNvf/AEba1t1iXX/I86V/2Db3/wBG2tbdABRRRQAUUUUAFFFFABRRRQAVHB/x7xf7g/lUlRwf8e8X+4P5UASUUUUAFFFFABRRRQAUUUUAFFFFABRRRQAUUUUAFFFFABRRRQAUUUUAFFFFABRRRQAUUUUAFFFFABRRRQAUUUUAFFFFABRRRQAUUUUAFFFFABRRRQAUUUUAFFFFABRRRQAUUUUAFFFFABRRRQAUUUUAFFFFABRRRQAUUUUAFFFFABRRRQAUUUUAQ3V3bWFrJdXlxFb28Q3SSzOERB6kngV83fEjwjF4q8cXWp6Lq7XsL+T50sjq6DcMkQsvBVUMZx7nkniu2/aDOvS+GdPstOt/M0+4uMXJjceY7jlECdWHDN8ufuZOAOeE+GWlXFh4fkup5H23jiSOIn5VUcbserfyC0AdfZ2kNhZQ2lumyGFAiD2FYvifxfZeGRHHPHLLcTIzRpGAQMdN2SMAn0z0NdDXhniS6n8V+ODBafvGlnWztV7H5tox9WJP40AfXHgaPTYvBGkLpN3HeWhgDC5j6SuSTIxzyCXLEg4IOQQCMV0NZvh/RoPD3h7T9ItzmKzgSENjG4gcsfcnJ/GtKgAooooAKjj+/N/v/wDsoqSo4/vzf7//ALKKAJKKKKACiiigAooooAKKKKACiiigAooooAKKKKACiiigAooooAKKKKACiiigAooooAKKKKACiiigAooooAKKKKACiiigAooooAKKKKACiiigAooooAKKKKACiiigAooooAKKKKACiiigAooooAKKKKAMS6/5HnSv+wbe/wDo21rbrEuv+R50r/sG3v8A6Nta26ACiiigAooooAKKKKACiiigAqOD/j3i/wBwfyqSo4P+PeL/AHB/KgCSiiigAooooAKKKKACiiigAooooAKKKKACiiigAooooAKKKKACiiigAooooAKKKKACiiigAooooAKKKKACiiigAooooAKKKKACiiigAooooAKKKKACiiigAooooAKKKKACiiigAooooAKKKKACiiigAooooAKKKKACiiigAooooAKKKKACsTxd4ltfCPhi+1q7IK26fu484Mkh4VR9Tj8MntW3XiXxC+M2mxX+seD4rYtC8f2ObUVcOqFiFlHl7edqlxnJ+YdDQB554U8ZeKPFPia2j1S6N/BbiaTMwx5AkOWKke+AAc4XgYFelVmaPoulaTHJJploLcXOHf72T6cNyOvTjFadAGD4x1YaN4Yu7hWxM6+TF/vNx+gyfwrnv2f/AAz/AGv43k1eeLdbaXFvUkZHnNwn5DcfYgVb8e+HdX8STaTZaSqTzPI6pa7grSNt3ZBJ24Cq3UjHvmvYPhL4On8GeCIrO+iEeo3ErT3SghtrHgLkcHCqOnGScUAd1RRRQAUUUUAFRx/fm/3/AP2UVJUcf35v9/8A9lFAElFFFABRRRQAUUUUAFFFFABRRRQAUUUUAFFFFABRRRQAUUUUAFFFFABRRRQAUUUUAFFFFABRRRQAUUUUAFFFFABRRRQAUUUUAFFFFABRRRQAUUUUAFFFFABRRRQAUUUUAFFFFABRRRQAUUUUAFFFFAGJdf8AI86V/wBg29/9G2tbdYl1/wAjzpX/AGDb3/0ba1t0AFFFFABRRRQAUUUUAFFFFABUcH/HvF/uD+VSVHB/x7xf7g/lQBJRRRQAUUUUAFFFFABRRRQAUUUUAFFFFABRRRQAUUUUAFFFFABRRRQAUUUUAFFFFABRRRQAUUUUAFFFFABRRRQAUUUUAFFFFABRRRQAUUUUAFFFFABRRRQAUUUUAFFFFABRRRQAUUUUAFFFFABRRRQAUUUUAFFFFABRRRQAUUUUAFFFFAGVrXiLRdBFumsanb2Iu2aOJppNgYhSx+btwOpI5IHUgH5wtPANhceJhrVtvTSJJ5J4LOfJkVN2Y8k9QRyQeRwDuOTV/wCPGl6/qnjmJYyt7axwILa2tVZnt1bq0nGAWcPggnhRnHGdzw9pI0PQrXTw5dol+ds8FicnHoMk0AadFFQXtyLOzlnKFyg+VF6ux4VR7kkD8aAOk+H+nm98RX+ryD91Yp9jt/d2CvKfwHlr/wB9V6TWN4U0U+H/AAzY6dIQ1wib7hx/HMx3SN+LE1s0AFFFFABRRRQAVHH9+b/f/wDZRUlRx/fm/wB//wBlFAElFFFABRRRQAUUUUAFFFFABRRRQAUUUUAFFFFABRRRQAUUUUAFFFFABRRRQAUUUUAFFFFABRRRQAUUUUAFFFFABRRRQAUUUUAFFFFABRRRQAUUUUAFFFFABRRRQAUUUUAFFFFABRRRQAUUUUAFFFFAGJdf8jzpX/YNvf8A0ba1t1iXX/I86V/2Db3/ANG2tbdABRRRQAUUUUAFFFFABRRRQAVHB/x7xf7g/lUlRwf8e8X+4P5UASUUUUAFFFFABRRRQAUUUUAFFFFABRRRQAUUUUAFFFFABRRRQAUUUUAFFFFABRRRQAUUUUAFFFFABRRRQAUUUUAFFFFABRRRQAUUUUAFFFFABRRRQAUUUUAFFFFABRRRQAUUUUAFFFFABRRRQAUUUUAFFFFABRRRQAUUUUAFFFFABXlPx58VXmg+C10+yimVtUcwS3IRtkceMld3TcwBGP7u7616TrGrWehaPd6rqEvlWtrGZJG74HYepPQDuSK+do/ipd/ETWbbSNW06GOyEksscUALI/y4QShic7Rv56EsvAxmgCH4c3utalYXd7qlw9yksvyXFwzPNIwAByxPKgAAfj6V21QWdnb6fZxWlrEIoIl2og7Cp6ACvJ5PGmszfEKIaT5d0gvoktLScFopJEbEbYBB++Q3BHIXPSu48aaz/Yvhm5mU4nmHkw47MwPP4DJ/CsP9n7wuNX8ZS61cRBrbSo9yFhwZm4X2OBuPsdtAH0/CJBDGJmRpQo3lFIUt3wCTgfiafRRQAUUUUAFFFFABUcf35v8Af/8AZRUlRx/fm/3/AP2UUASUUUUAFFFFABRRRQAUUUUAFFFFABRRRQAUUUUAFFFFABRRRQAUUUUAFFFFABRRRQAUUUUAFFFFABRRRQAUUUUAFFFFABRRRQAUUUUAFFFFABRRRQAUUUUAFFFFABRRRQAUUUUAFFFFABRRRQAUUUUAYl1/yPOlf9g29/8ARtrW3WJdf8jzpX/YNvf/AEba1t0AFFFFABRRRQAUUUUAFFFFABUcH/HvF/uD+VSVHB/x7xf7g/lQBJRRRQAUUUUAFFFFABRRRQAUUUUAFFFFABRRRQAUUUUAFFFFABRRRQAUUUUAFFFFABRRRQAUUUUAFFFFABRRRQAUUUUAFFFFABRRRQAUUUUAFFFFABRRRQAUUUUAFFFFABRRRQAUUUUAFFFFABRRRQAUUUUAFFFFABRRRQAUUVBcXVvAY4prqOCSYssQZwpYhSx2g9SACfoCaAPMviX478Iz2er+Dr8pPflYlWOZmSESMdwJkUjHl4VmGRkEKMkkDivDXg6y8M3FzNbyvM8wCq0gG5FwMjI65PP5emTxlj4DvtR8VNe3tyb7S5Z5JzfMcNdjecMVJyN/Dd+G65r1UAKAAAAOABQAtFFFAHj/AMT9X+2a7Hp0Z/d2a/Ng9XYAn8hj9a+jvhL4WPhT4f2NtNGEvbofarnjnc/RT9F2j6g1xnhz4Y6D4yvrrXNRtWjjgvVjgEG1RcGMkymQEEMGdip6H931Hf2ugAooooAKKKKACiiigAqOP783+/8A+yipKjj+/N/v/wDsooAkooooAKKKKACiiigAooooAKKKKACiiigAooooAKKKKACiiigAooooAKKKKACiiigAooooAKKKKACiiigAooooAKKKKACiiigAooooAKKKKACiiigAooooAKKKKACiiigAooooAKKKKACiiigAooooAxLr/kedK/7Bt7/6Nta26xLr/kedK/7Bt7/6Nta26ACiiigAooooAKKKKACiiigAqOD/AI94v9wfyqSo4P8Aj3i/3B/KgCSiiigAooooAKKKKACiiigAooooAKKKKACiiigAooooAKKKKACiiigAooooAKKKKACiiigAooooAKKKKACiiigAooooAKKKKACiiigAooooAKKKKACiiigAooooAKKKKACiiigAooooAKKKKACiiigAooooAKKKKACiiigAr5b+PGpa9e/EGDTbqCSC1gjU6dErqxkDMVMvyk4LMpABwQFHAr1H4z/Eebwbpdvp2kXAj1q7IkV8BjBED97ByDuI2jIxjd6Vwfg3Wb/xPZXWqavbiS6mlUvdvj/SGUAAhQAFCgKBjjOcY5oA2dDtLux0S0tr64M9zHGFdzjr6Z746ZPJ61oUUUAFVdQluI7UpZoJLyZlhtkP8Urnav4ZOT7Amp5ZUgheWRgsaKWZj0AHJNP+G2o6V4u8Wpd291GyabbGdLd8LIZX+UttJzhFJBIBGZBzxQB6xoulQaHotnplvkxW0Sxhj1Yjqx9yck/Wr1FFABRRRQAUUUUAFFFFABUcf35v9/8A9lFSVHH9+b/f/wDZRQBJRRRQAUUUUAFFFFABRRRQAUUUUAFFFFABRRRQAUUUUAFFFFABRRRQAUUUUAFFFFABRRRQAUUUUAFFFFABRRRQAUUUUAFFFFABRRRQAUUUUAFFFFABRRRQAUUUUAFFFFABRRRQAUUUUAFFFFABRRRQBiXX/I86V/2Db3/0ba1t1iXX/I86V/2Db3/0ba1t0AFFFFABRRRQAUUUUAFFFFABUcH/AB7xf7g/lUlRwf8AHvF/uD+VAElFFFABRRRQAUUUUAFFFFABRRRQAUUUUAFFFFABRRRQAUUUUAFFFFABRRRQAUUUUAFFFFABRRRQAUUUUAFFFFABRRRQAUUUUAFFFFABRRRQAUUUUAFFFFABRRRQAUUUUAFFFFABRRRQAUUUUAFFFFABRRRQAUUUUAFZ+uazZ+HtDvNXv32W1pEZHPc+gHuTgD3IrQryj4p6h4d8XaHN4ct9WeXVIL4Rm3tZQDG6r8zSqRzGobPHVgFBBzgA4nU/Gmk/GKe1sLzTvsJs4JJBHvDyeYzbSUkwPlVQhwQMluQQgNb9hYwabYQ2VqmyGFQqj/H3rn/B/hBPDEdy8kqz3UzFfMUYAjB4GOxPU/l2zXUUAFFFFAHFfEvWfsHh8WET4nvW2kDqIxy358D8TW3+zn4VBOoeKbiPofsloWH0MjD/AMdGf94V5P4lvbjxZ41+z2f73zJls7RQeG+baMfVjn8a+wfC+gW3hfwzp+i2oHl2sQQsP436s34sSfxoA16KKKACiiigAooooAKKKKACo4/vzf7/AP7KKkqOP783+/8A+yigCSiiigAooooAKKKKACiiigAooooAKKKKACiiigAooooAKKKKACiiigAooooAKKKKACiiigAooooAKKKKACiiigAooooAKKKKACiiigAooooAKKKKACiiigAooooAKKKKACiiigAooooAKKKKACiiigDEuv8AkedK/wCwbe/+jbWtusS6/wCR50r/ALBt7/6Nta26ACiiigAooooAKKKKACiiigAqOD/j3i/3B/KpKjg/494v9wfyoAkooooAKKKKACiiigAooooAKKKKACiiigAooooAKKKKACiiigAooooAKKKKACiiigAooooAKKKKACiiigAooooAKKKKACiiigAooooAKKKKACiiigAooooAKKKKACiiigAooooAKKKKACiiigAooooAKKKKACiiigDO8QNdJ4c1JrG6gtLpbWQxXE+fLiYKcM2OgHXPOPQ9K+TPB/hDUrrxIl7qsFzDFBtuTJJkGVzhl+buc8nuMYODVnxz4o8S+JviVcLHDfafM220gsZVaNhBkOokRuzfK5BGOnYCvUohIIUExUy7RvKDAJ74BzgUAPooooAKztfS6l0G9SzmignaIgSzEhUH8RJAPbPatGmwaYfEGtWWh4Bhmbzrz/r3QgsP+BEqn0ZvSgDm/gj8ONVtfF51zXNNuLWKyt1ktRMmBK8qcEdjtUnI6hiAcEEV9GUUUAFFFFABRRRQAUUUUAFFFFABUcf35v8Af/8AZRUlRx/fm/3/AP2UUASUUUUAFFFFABRRRQAUUUUAFFFFABRRRQAUUUUAFFFFABRRRQAUUUUAFFFFABRRRQAUUUUAFFFFABRRRQAUUUUAFFFFABRRRQAUUUUAFFFFABRRRQAUUUUAFFFFABRRRQAUUUUAFFFFABRRRQAUUUUAYl1/yPOlf9g29/8ARtrW3WJdf8jzpX/YNvf/AEba1t0AFFFFABRRRQAUUUUAFFFFABUcH/HvF/uD+VSVHB/x7xf7g/lQBJRRRQAUUUUAFFFFABRRRQAUUUUAFFFFABRRRQAUUUUAFFFFABRRRQAUUUUAFFFFABRRRQAUUUUAFFFFABRRRQAUUUUAFFFFABRRRQAUUUUAFFFFABRRRQAUUUUAFFFFABRRRQAUUUUAFFFFABRRRQAUUUUAFeNfFf4xXXhDXrTSNAFrPdQZkvfPUugypCxnBBB5DHBHRfcV6H408Z6Z4G0QanqfmOrSrFHDDgySEnnaCQOBk8kdPevD9WXw98VteuvEEKG38toYvKChZWRRkmYAnLNkqCDwEUA8EUAX/Dv2fVdPttcmscahOGkkuJkXzXZiSxDddpJOBxxjgDFbtIiLGioihUUYVVGAB6CloAKKKKACus+Gmm50258QTL+81N/9Hz/DbJkR/wDfR3P9HX0r57+IHiy7GuNp+n3ckUNvG0U2xuJGYYYEd8A49jnHNfUvhKXUZvCWly6tb21tevbqzwWqFI4geVQAkkYXAPPUGgDZooooAKKKKACiiigAooooAKKKKACo4/vzf7//ALKKkqOP783+/wD+yigCSiiigAooooAKKKKACiiigAooooAKKKKACiiigAooooAKKKKACiiigAooooAKKKKACiiigAooooAKKKKACiiigAooooAKKKKACiiigAooooAKKKKACiiigAooooAKKKKACiiigAooooAKKKKACiiigDEuv+R50r/sG3v/AKNta26xLr/kedK/7Bt7/wCjbWtugAooooAKKKKACiiigAooooAKjg/494v9wfyqSo4P+PeL/cH8qAJKKKKACiiigAooooAKKKKACiiigAooooAKKKKACiiigAooooAKKKKACiiigAooooAKKKKACiiigAooooAKKKKACiiigAooooAKKKKACiiigAooooAKKKKACiiigAooooAKKKKACiiigAooooAKKKKACmTTR28Mk00iRxRqXd3YBVUckknoBT68z+OUmtDwA8OkyxJHPKsVygLGadSeI41CnOeS3I+VT1yaAOQ+LVlpvxEn0m58P6qbqZLbzAxmH2WONmPVQpYSsRz6CPBAOKi8LaBH4d0WO0XDTN88z/3nPX8B0Fcx8MtAvNPiutRu/Og879ytu4K52nlmB7g5A/H1r0GgAooooAKy/EOrpoehXV+xG5FxGp/ic8KPz/TNaleSfFDXPteqRaRCx8q0+eXB4MhHH5A/+PGgCT4ReFX8ZfECGW7BktLJvtl0zfxkH5VP1br7A19e15z8FfCH/CL+BIJ7iPbqGp4up8jlVI/dp+C84PQs1ejUAFFFFABRRRQAUUUUAFFFFABRRRQAVHH9+b/f/wDZRUlRx/fm/wB//wBlFAElFFFABRRRQAUUUUAFFFFABRRRQAVV1HUbbSrJru7Z1hVkT5I2kYszBVAVQSSWYDAHerVYniv/AJA8H/YSsP8A0rhoAP8AhK9O/wCfbWP/AATXf/xqj/hK9O/59tY/8E13/wDGqu6vq9loWmSajqMrRWsbIrMsbSHLMEUBVBYkswHA71gf8LK8Mf8APfUf/BRd/wDxqgDS/wCEr07/AJ9tY/8ABNd//GqP+Er07/n21j/wTXf/AMarN/4WV4Y/576j/wCCi7/+NUf8LK8Mf899R/8ABRd//GqANL/hK9O/59tY/wDBNd//ABqj/hK9O/59tY/8E13/APGqzf8AhZXhj/nvqP8A4KLv/wCNUf8ACyvDH/PfUf8AwUXf/wAaoA0v+Er07/n21j/wTXf/AMao/wCEr07/AJ9tY/8ABNd//Gqzf+FleGP+e+o/+Ci7/wDjVH/CyvDH/PfUf/BRd/8AxqgDS/4SvTv+fbWP/BNd/wDxqj/hK9O/59tY/wDBNd//ABqq2nePPD2qanb6da3N39quWZYlm0+4hDEKXI3OgXO1WPXtWtq2s6boVib3VbyG0tgwUyythcnoKAKX/CV6d/z7ax/4Jrv/AONUf8JXp3/PtrH/AIJrv/41SaT4y8Na7cfZtL12wurggkQxzqXIHUheprcoAxP+Er07/n21j/wTXf8A8ao/4SvTv+fbWP8AwTXf/wAarbooAxP+Er07/n21j/wTXf8A8aqex8Q6fqF8LKEXkdwYmlVLmxng3IpUMQZEUHBdenqK1KxLr/kedK/7Bt7/AOjbWgDbooooAKKKKACiiigAooooAKKKKACiiigAooooAKKKKACiiigAooooAKKKKACiiigAooooAKKKKAMS6/5HnSv+wbe/+jbWtusS6/5HnSv+wbe/+jbWtugAooooAKKKKACiiigAooooAKjg/wCPeL/cH8qkqOD/AI94v9wfyoAkooooAKKKKACiiigAooooAKKKKACiiigAooooAKKKKACiiigAooooAKKKKACiiigAooooAKKKKACiiigAooooAKKKKACiiigAooooAKKKKACiiigAooooAKKKKACiiigAooooAKKKKACiiigAoopk00VtBJPPIscUal3dzgKoGSSfTFAGN4x12bwz4Q1TWbezku5rSAukKKWyemWA/hGdzHsoJr5f8Fa14k17xT5lxey3duhkmlFy7NHCZGyxjXOFdiSOPU8V0eufGzVdf8Q3+lWcTSaBeypbxRRJtnMYbDYb/poCcg9sAFeSertbC0snne1t44WnfzJdi43NjGf8+/rQBYooooAKKKKACrvhjwFonjD7Rrmv6cl3D5ohsFZmX5Iy25ztIyGdmGDkEKDjmsyWC4v7i20qzcpd38nko69Ylxl5P+AqGI98DvXslhY2+mafbWFpGI7a3jWKNAOAoGBQBYooooAKKKKACiiigAooooAKKKKACiiigAqOP783+/8A+yipKjj+/N/v/wDsooAkooooAKKKKACiiigAooooAKKKKACsTxX/AMgeD/sJWH/pXDW3WJ4r/wCQPB/2ErD/ANK4aAM34lf8iTN/1+2P/pXDXDV3PxK/5Emb/r9sf/SuGuGoAKKKKACiiigAooooAm0f/kdvDP8A1+y/+kk9dP8AFMA6DpAPI/tuy/8ARormNH/5Hbwz/wBfsv8A6ST13/jLw1L4p0eGzt78WM0F3FdRzNB5oDRtuAK7lzz70AY/xV02ybwFqWpeVHDfaegubS6VQJIZUYFSrdRk8fjXZWcsk1jbyyrtkeNWZfQkZIrkZvBOq608EXifxM2pafFKspsreyW2jmZTlfM+ZiygjO3IB4qXxhquraWbi7Gr2Gi6Xb24ZLm5jEpuZzu/d43AgAKOgyd3HSgDsKKo6Ld3V/oWn3l9b/Zrue2jkmg/55uygsv4EkVeoAKxLr/kedK/7Bt7/wCjbWtusS6/5HnSv+wbe/8Ao21oA26KKKACiiigAooooAKKKKACiiigAooooAKKKKACiiigAooooAKKKKACiiigAooooAKKKKACiiigDEuv+R50r/sG3v8A6Nta26xLr/kedK/7Bt7/AOjbWtugAooooAKKKKACiiigAooooAKjg/494v8AcH8qkqOD/j3i/wBwfyoAkooooAKKKKACiiigAooooAKKKKACiiigAooooAKKKKACiiigAooooAKKKKACiiigAooooAKKKKACiiigAooooAKKKKACiiigAooooAKKKKACiiigAooooAKKKKACiiigAooooAKKKKACiiigAry/x78YdB8M6vdeHbnT21FzaMJxwYhIwG2KQEcqVJLEZwMDBycd5q/iPRvD72iavqdtY/a3ZIWuHCKxVdxyx4HA6kgZIHUgV81X3gGLWvGVxrFvJINDu7l7gJcSs1wykk8kjox5GSWAYZycmgDd0XwhpVlqQ1uJlmuJk3gxhBCGbktGqjCg84A4AOBXTUiIsaKiKFRRhVUYAHoKWgAooooAKz9c1eDQtHuNQnG5Yh8qA4LseAPz/wAa0K8i+JuvfbtUTSYHzBaHMmDw0pH9Bx9SaAPaPhBq+keJtV1XVYZybyCNIIbWRSHhhPLP6EswwcE4CLnGa9brzn4MeDf+ET8ERT3MW3UtTxc3Geqrj92n4Kc47Fmr0agAooooAKKKKACiiigAooooAKKKKACiiigAqOP783+//wCyipKjj+/N/v8A/sooAkooooAKKKKACiiigAooooAKKKKACsTxX/yB4P8AsJWH/pXDW3WJ4r/5A8H/AGErD/0rhoAZ4y0e817wxPYWBgF0ZreVPPcoh8uZJCCQrEZCEdDXFf8ACG+MP+fXQ/8AwZTf/I9ep0UAeWf8Ib4w/wCfXQ//AAZTf/I9H/CG+MP+fXQ//BlN/wDI9ep0UAeWf8Ib4w/59dD/APBlN/8AI9H/AAhvjD/n10P/AMGU3/yPXqdFAHln/CG+MP8An10P/wAGU3/yPR/whvjD/n10P/wZTf8AyPXqdFAHm+jeDvEkHifSL+/j0qK1sppJX8i8kldswyRgAGJR1kB69q9IoooAK5zVbbxMmqzy6Z/Z19p9zAsbWl/K0QhcbssCqNvVgRlTj7vB5ro6KAMnwzo7eH/DOnaS8/ntaQrGZAMAkeg7DsB6YrWorJ1nxDaaLJbwSxXVzdXO4w21pCZZGVcbmwOgGRyfUDvQBrViXX/I86V/2Db3/wBG2tXdI1az1zS4dRsJC9vLnBZSrAglWUg8ggggj1FUrr/kedK/7Bt7/wCjbWgDbooooAKKKKACiiigAooooAKKKKACiiigAooooAKKKKACiiigAooooAKKKKACiiigAooooAKKKKAMS6/5HnSv+wbe/wDo21rbrEuv+R50r/sG3v8A6Nta26ACiiigAooooAKKKKACiiigAqOD/j3i/wBwfyqSo4P+PeL/AHB/KgCSiiigAooooAKKKKACiiigAooooAKKKKACiiigAooooAKKKKACiiigAooooAKKKKACiiigAooooAKKKKACiiigAooooAKKKKACiiigAooooAKKKKACiiigAooooAKKKKACiiigAooooAKKK+fP2i/EmrpcWPh1baa30qRPtDTnG27cH7oI7JxkHnLAkY2kgGB8Y9I8Qa58SLkRypf2sRit4TApCWu4Z2Pno3OSwyPmXpkKOt0bTf7I0e1sPOkmMKBS8jEk/T0HYDsMVl+CIdUj8OJJqspeaeRpl3j5wG5y57sTliTzzya6OgAooooAKKKKAMnxLrSaBoVxfNgyAbYlP8TnoP6/QGvPvhJ4Sbxr49jkvUM1jZn7XeFxkOc/Kp9dzdfYNXZ+J/CVz42vNN0bT5/LvcyzAOf3SxheXfAJA3bFBGfv9D29W+GPgUeAvCwsJnim1CeQy3U0WdrN0AUkA4Ax+JJ70AdpRRRQAUUUUAFFFFABRRRQAUUUUAFFFFABRRRQAVHH9+b/AH//AGUVJUcf35v9/wD9lFAElFFFABRRRQAUUUUAFFFFABRRRQAVieK/+QPB/wBhKw/9K4a26xPFf/IHg/7CVh/6Vw0ATeJtcj8NeG7/AFmWFp0s4jIY1OC3tmvIf+GltN/6Fu7/APAlf8K9j1zRrXxBol3pN75n2a6Ty5PLbDY9jXnf/DPvgj01L/wJH/xNAGB/w0tpv/Qt3f8A4Er/AIVe0T9oPT9a17TtKTQLmJ726itlka4UhS7BckY7ZrR/4Z98Eempf+BI/wDiat6Z8DfB+katZ6lai/8AtFpOk8W+4yNyMGGRjkZFAHpNFFFAGF4x8Sx+D/Cl7r01s9zHa7MxIwUtudU6n/ez+FeU/wDDS2m/9C3d/wDgSv8AhXr3iTw/Y+KtAudF1LzPslzs8zym2t8rBhg/VRXAf8M++CPTUv8AwJH/AMTQBJ4G+M9n438Spo0GjT2rtE8nmvMGACjpgCvS5LmCKaKGSeNJZiREjOAzkDJ2jvgc8Vxfhb4TeGfB+tLq2li8+1LG0Y82bcuG68Yq58Q7GaXw6mrWaF7/AEWdNRgA6uI/9Yn/AAJC4x9KAOoNzALkWxmjFwUMgi3DcVBwTjrjJ61LXmtjOniBvEPjCCfU1t5jFp+nTaZEJJ/IiYF2QFWBDSM+eDwv40lncXBvrcHU/iEw8xeJ9OiEZ5/iPkDC+vI4oA9Fiu7aaWaKK4ikkgIEqI4JjJ5AYdvxrmde8R6JBParcaiunx3tvItvrsTRbIyGXdGJGDKCcZwRg7T3FcZ8SUlk8T3B8OrdtdJYD/hIhZsAWs9wwvP/AC2279vfbn2r07Q20ufQLBtHER0toE+zCMfL5eOABQBifDkn/hEVRRugjup1guSpU3cfmMRMQecvksT0JORgEVo3X/I86V/2Db3/ANG2tbdYl1/yPOlf9g29/wDRtrQBt0UUUAFFFFABRRRQAUUUUAFFFFABRRRQAUUUUAFFFFABRRRQAUUUUAFFFFABRRRQAUUUUAFFFFAGJdf8jzpX/YNvf/RtrW3WJdf8jzpX/YNvf/RtrW3QAUUUUAFFFFABRRRQAUUUUAFRwf8AHvF/uD+VSVHB/wAe8X+4P5UASUUUUAFFFFABRRRQAUUUUAFFFFABRRRQAUUUUAFFFFABRRRQAUUUUAFFFFABRRRQAUUUUAFFFFABRRRQAUUUUAFFFFABRRRQAUUUUAFFFFABRRRQAUUUUAFFFFABRRRQAUUUUAFFFYXi/wAVWPg3w3c6zf5ZIhtjiU4Msh+6g+vr2AJ7UAcb8ZfiKPB+g/2Zp8+3W79CIyp+aCLoZPY8EL75P8Nec+Fde1Hxwt9qHiK3S7kxFCs7ouxlQA7QmMD5vnOOCW7YFTS+OE+MEK6Vq1mLOOzhEphgdiJZiNplDY+XbnhDn7xyW7dBYWNvplhDZWqbIIV2qP6n3PWgCzRRRQAUUUUAFI7rGjO7BUUZZmOAB6mlqDQ4bPxrrEGmWlzFc2CgXF+8Thh5QIxEcdC54I67Q1AHcfDnSTFpkuu3MTJdanho1cENHbjPlrg9Cclz/vY7V2tAAAAAwB0AooAKKKKACiiigAooooAKKKKACiiigAooooAKKKKACo4/vzf7/wD7KKkqOP783+//AOyigCSiiigAooooAKKKKACiiigAooooAKxPFf8AyB4P+wlYf+lcNbdYniv/AJA8H/YSsP8A0rhoA26KKKACiiigAooooAKKKKACsrxFDrVxpLwaFJZRXcp2NJdhiqIQQWAXqwOMA8Vq0UAZ2gaNbeHtAsdItP8AUWkKxKSMFsDlj7k5J+taNFFAFe3sbS0luJba1ghkuH3zvHGFMrYxliOpx3NFlYWem2y21haQWtupJEUEYRQSck4HHJ5qxWHrf9uz39paaVLFZWhjklub+SMSFCNoVFUkcnLEk5AC+poA3KxLr/kedK/7Bt7/AOjbWo/BusXWueHUvLsxPIJ5oRPCpWO4VJGQSqCTgMFB6nrUl1/yPOlf9g29/wDRtrQBt0UUUAFFFFABRRRQAUUUUAFFFFABRRRQAUUUUAFFFFABRRRQAUUUUAFFFFABRRRQAUUUUAFFFFAGJdf8jzpX/YNvf/RtrW3WJdf8jzpX/YNvf/RtrW3QAUUUUAFFFFABRRRQAUUUUAFRwf8AHvF/uD+VSVHB/wAe8X+4P5UASUUUUAFFFFABRRRQAUUUUAFFFFABRRRQAUUUUAFFFFABRRRQAUUUUAFFFFABRRRQAUUUUAFFFFABRRRQAUUUUAFFFFABRRRQAUUUUAFFFFABRRRQAUUUUAFFFFABRRRQAUUUUAMmmitoJJ55FjijUu7ucBVAyST6Yrwrxn4u8NfFrS00XSonFzb3DSfa7mLa0MagDfGA2WDkgYPQAkgHZXUfFHV9I8S+EtU8O6drgGqpdJbtawFSzSDDFXB58sDJLL0K45IKHy3wR4Gk0W7mv9UVGukYpAFbcoHQv+Pb0H14AN7wt4Yt/DNg0KOJriRi0s5XaW9B7ADtk8k1vUUUAFFFFABRRUdxcRWltJcTyCOGJS7uegA6mgDk/iH4g/sjQzZwvi7vAUGOqp/Ef6fj7VZ/Z38J3M+rXfiiWSaG0gQ20So5UTucFt2PvKoxweM4P8NeZy/2h8QfHEVvaIxmvZRDAjf8s0Hc+wGWP419i+HNBs/DHh6y0axXEFrEEDEYLnqzH3JyT7mgDUooooAKKKKACiiigAooooAKKKKACiiigAooooAKKKKACo4/vzf7/wD7KKkqOP783+//AOyigCSiiigAooooAKKKKACiiigAooooAKxPFf8AyB4P+wlYf+lcNbdYniv/AJA8H/YSsP8A0rhoAh8dyanF4H1d9GFwdSFufs4tlLSbsj7oHJNeYfBu8+IFx4vu08VrrosBYOY/7QgkSPzPMjxgsAN2N34Zr3CigD55+Jt98TYfiFqkfh5PEZ0oeV5Bs7eVov8AVJu2lVI+9uz75r0PxHP4mT4HQzWA1H/hI/sFmWEMbG58wtF5mVA3bsb88eteh0UAeH/Bu8+IFx4vu08VrrosBYOY/wC0IJEj8zzI8YLADdjd+GayfibffE2H4hapH4eTxGdKHleQbO3laL/VJu2lVI+9uz75r6GooA888Rz+Jk+B0M1gNR/4SP7BZlhDGxufMLReZlQN27G/PHrXJfBu8+IFx4vu08VrrosBYOY/7QgkSPzPMjxgsAN2N34Zr3CigDzCzuPFp+Pd/BKuqf8ACMiAGItE/wBm3eSnRsbc7t3frmu213xAug3WkpPbM9vqF4tm04bAhdgdmR3BI2+2RWzWF4y0qLWvCGp2csywEwGSOdjgRSJ86PnthlB/CgCK98Y6fp2v3mn3jR29rY2kdxdX0sgWOJpHKxxn3OCfy9aZD8Q/B1xPHBD4l0ySWRgiItwpLMTgAVkeCbPV9S8IXGutcJYa1r0q3rStD5oijwqxrtJGR5aj8WNa8OkeK0njaXxXbyRhgXQaUq7hnkZ38fWgCDVfHlh4f1e/sdahezWC2+1Ws27cLxejKg4+cMQNvU5B6VT1qw8S+J7bSZW0yyjsGhaS80q7v5Ii8hxsWRkibcoGcpwCTzkDmt4o8Jav401uaS4dtMtdJUPo8gZWaS64bzmAzhFwFCnk5J9K7DQbnUrvRLWbWLD7DqJTE8AkV1DDglSpIweo5zg80ASaUt4mnRJfWlpazINohs5TJEqjgAEonbtt4qjdf8jzpX/YNvf/AEba1t1iXX/I86V/2Db3/wBG2tAG3RRRQAUUUUAFFFFABRRRQAUUUUAFFFFABRRRQAUUUUAFFFFABRRRQAUUUUAFFFFABRRRQAUUUUAYl1/yPOlf9g29/wDRtrW3WJdf8jzpX/YNvf8A0ba1t0AFFFFABRRRQAUUUUAFFFFABUcH/HvF/uD+VSVHB/x7xf7g/lQBJRRRQAUUUUAFFFFABRRRQAUUUUAFFFFABRRRQAUUUUAFFFFABRRRQAUUUUAFFFFABRRRQAUUUUAFFFFABRRRQAUUUUAFFFFABRRRQAUUUUAFFFFABRRRQAUUUUAFFFFABXN+Pr3ULDwHrV1pNzDb30VuTFJK2Ap4yB/tkEhR3YrWrrd9caZod7fWtjNfXEELSR20ABeUgcADPP0HPoCcCvkfR9Y8T+KPHct213J51xcLcXivloVCE7QUJ6Lkqo6jPBHWgCfwL4Y1b/hI5bq7a6s0tHxMNxVpm4bZn+JehPYjHrmvWqKKACiiigAooooAK5nxxpuqaxo0OnaTiS4ublIvIHDTZPCg9Bg/Mc4GFJJGOemrf+H2kjUb6TxLN81vFut9OHY9pJffJG1T6Bj0agDnfgR8PbnQrW58Q61YyW2oXGYbaG4jKSRRg/MxU8gsR35wPRq9poooAKKKKACiiigAooooAKKKKACiiigAooooAKKKKACiiigAqOP783+//wCyipKjj+/N/v8A/sooAkooooAKKKKACiiigAooooAKKKKACsfxNb3Nzoyi0tnuZo7u1n8lGVWdY7iN2ALEDO1T1IrYooAxP7c1H/oVNY/7+2n/AMfo/tzUf+hU1j/v7af/AB+tuigDE/tzUf8AoVNY/wC/tp/8fo/tzUf+hU1j/v7af/H626KAMT+3NR/6FTWP+/tp/wDH6P7c1H/oVNY/7+2n/wAfrbooAxP7c1H/AKFTWP8Av7af/H6P7c1H/oVNY/7+2n/x+tuigDE/tzUf+hU1j/v7af8Ax+s7WgviGyWz1XwXrFzbK4k8s3FsoJAI523AyME8HiusooAwk1m+jRUTwlq6ooAVVkswAPQfv6d/bmo/9CprH/f20/8Aj9bdFAGJ/bmo/wDQqax/39tP/j9H9uaj/wBCprH/AH9tP/j9bdFAGJ/bmo/9CprH/f20/wDj9QWz6hqHiuzvZtGvLG3t7G4iZ7mSA7nd4CoAjkY9I2647V0VFABRRRQAUUUUAFFFFABRRRQAUUUUAFFFFABRRRQAUUUUAFFFFABRRRQAUUUUAFFFFABRRRQAUUUUAYl1/wAjzpX/AGDb3/0ba1t1iXX/ACPOlf8AYNvf/RtrW3QAUUUUAFFFFABRRRQAUUUUAFRwf8e8X+4P5VJUcH/HvF/uD+VAElFFFABRRRQAUUUUAFFFFABRRRQAUUUUAFFFFABRRRQAUUUUAFFFFABRRRQAUUUUAFFFFABRRRQAUUUUAFFFFABRRRQAUUUUAFFFFABRRRQAUUUUAFFFFABRRRQAUyaVYIJJmV2WNSxEaFmIAzwByT7DmnkgAknAHUmvBPFP7QT2viG+0/Q7WGfT1jMEd6Dufzc8yoPusoGQFPUgHIHBAOQ1X4w+J/EviW9trASHSdQK26acMBvKDZPzDlWZdwY8jDH+6Md9DaW1vLJLDBFHJIFDsigFgowucdcDis3TvD2mWmovq8MUjXlxGN8sxO5ieWcg9Gb+Lp06DJzsUAFFFFABRRRQAUUVyPj7xL/Ymjm2t5AL66BVMHlE7t/Qe/0oA6qCzl8Qaja6PYygG6UyTToc+VbjG5x7nIVfds9Aa9ltraCztYbW2iSK3hRY4o0GFRQMAAdgAK8C/ZwsNZ+06rqRkK6MYltwrrnzJQxYbD1AXc2ccEydz0+gqACiiigAooooAKKKKACiiigAooooAKKKKACiiigAooooAKKKKACo4/vzf7//ALKKkqOP783+/wD+yigCSiiigAooooAKKKKACiiigAooooAKKKKACiiigAooooAKKKKACiiigAooooAKKKKACiiigAooooAKKKKACiiigAooooAKKKKACiiigAooooAKKKKACiiigAooooAKKKKACiiigAooooAKKKKACiiigDEuv+R50r/sG3v/AKNta26xLr/kedK/7Bt7/wCjbWtugAooooAKKKKACiiigAooooAKjg/494v9wfyqSo4P+PeL/cH8qAJKKKKACiiigAooooAKKKKACiiigAooooAKKKKACiiigAooooAKKKKACiiigAooooAKKKKACiiigAooooAKKKKACiiigAooooAKKKKACiiigAooooAKKKKACiiuX8S/ETwv4R1CCx1rUhbzzRmRVWNpCACANwUEjOTjIx8p5oA5zxh8a9A8I6/Jo7W899NFCxla3YYim42xtn2ySRkrwMEk48007wNpg14a8HhkSXM6W8KKIEdiWBjxxsAPyjtgHNZknw5TUfE8mpyM8OmXEr3BtJpTJOuWJCM/OeMZbJPUZP3j6CiJFGscaqiKAqqowAB0AFADqKKKACiiigAooooAr317BptjNeXL7IYULsfb2968Wt7fVPiP45htbcD7ReSbEz92GMc5Psqgk+vPc12PxNi1i6tre3s7d5bFUeecQgs4CDJZwBwig5z09ccZ9M+B3gD/AIRvQDruoQganqSAorLhoIeoXnoW4J/4D6UAej+HtBsvDOg2ej6fHst7aMKDjlz3Y+5OSfrWnRRQAUUUUAFFFFABRRRQAUUUUAFFFFABRRRQAUUUUAFFFFABRRRQAVHH9+b/AH//AGUVJUcf35v9/wD9lFAElFFFABRRRQAUUUUAFFFFABRRRQAUUUUAFFFFABRRRQAUUUUAFFFFABRRRQAUUUUAFFFFABRRRQAUUUUAFFFFABRRRQAUUUUAFFFFABRRRQAUUUUAFFFFABRRRQAUUUUAFFFFABRRRQAUUUUAFFFFAGJdf8jzpX/YNvf/AEba1t1iXX/I86V/2Db3/wBG2tbdABRRRQAUUUUAFFFFABRRRQAVHB/x7xf7g/lUlRwf8e8X+4P5UASUUUUAFFFFABRRRQAUUUUAFFFFABRRRQAUUUUAFFFFABRRRQAUUUUAFFFFABRRRQAUUUUAFFFFABRRRQAUUUUAFFFFABRRRQAUUUUAFFFFABRRRQAUUUx5oopIo5JUR5WKxqzAFyASQB3OAT9AaAM/VPEejaJd2VrqepW9pNfOUt1mfbvIGTz0HYZPcgdSAfl3X/B2qeJfHN3qMd5Nd6XezmRdRuAqOY+2UHPQADAAI28L0Efj+w8TeKPiNerNK2oQ/aGgtrqKNhbJGCflUkYG3BB6/MDy3U+l2FtJZ2EFtLcyXMkSBWml+85Hc/5z6k9aAHWlrFZWcNrACIYUEaAknCgYHJqaiigAooooAKKKKACo7ieK1t5LieRY4o1LO7dAB1NSVoeE9G/4SPXftEyZ0rTZQTnOLi5HIX3VOGP+1tH8JFAHS+A/DslhavrOowlNTvlGI2Bzbw9VjwejfxN05OOdoNdjRRQAUUUUAFFFFABRRRQAUUUUAFFFFABRRRQAUUUUAFFFFABRRRQAUUUUAFRx/fm/3/8A2UVJUcf35v8Af/8AZRQBJRRRQAUUUUAFFFFABRRRQAUUUUAFFFFABRRRQAUUUUAFFFFABRRRQAUUUUAFFFFABRRRQAUUUUAFFFFABRRRQAUUUUAFFFFABRRRQAUUUUAFFFFABRRRQAUUUUAFFFFABRRRQAUUUUAFFFFABRRRQBiXX/I86V/2Db3/ANG2tbdYl1/yPOlf9g29/wDRtrW3QAUUUUAFFFFABRRRQAUUUUAFRwf8e8X+4P5VJUcH/HvF/uD+VAElFFFABRRRQAUUUUAFFFFABRRRQAUUUUAFFFFABRRRQAUUUUAFFFFABRRRQAUUUUAFFFFABRRRQAUUUUAFFFFABRRRQAUUUUAFFFFABRRRQAUUUUAFfJvxW1zxNrvxOm02QSRSWFx5dhb20u4J0IkDD+I8MTwV6HG2tH4qfEjxPcfEA6fp7XulrpNzttoVBWSSTGPMIH3gwPyjkFW77jnq9GimXR7T7bbpFdBd8ihy+HOdzbjzk5JPU8nk9aAJNJt7i10i0t7tomniiVHMSbVyBjgf5+g6VcoooAKKKKACiiigAooriPiF4q/six/s2zkxfXC/MynmJPX6noPxPpQBynxC8U/2vff2baSA2Vs3zMpyJZPXPoOQPx9q+k/hTpmt6V4AsYNemD3L5lji8tVMMbAFUbAG5urEnnLHJOK8a+Bnw6OuaovifVIT/Z1lJ/oqMCBPMP4vdVP5njsRX01QAUUUUAFFFFABRRRQAUUUUAFFFFABRRRQAUUUUAFFFFABRRRQAUUUUAFFFFABUcf35v8Af/8AZRUlRx/fm/3/AP2UUASUUUUAFFFFABRRRQAUUUUAFFFFABRRRQAUUUUAFFFFABRRRQAUUUUAFFFFABRRRQAUUUUAFFFFABRRRQAUUUUAFFFFABRRRQAUUUUAFFFFABRRRQAUUUUAFFFFABRRRQAUUUUAFFFFABRRRQAUUUUAYl1/yPOlf9g29/8ARtrW3WJdf8jzpX/YNvf/AEba1t0AFFFFABRRRQAUUUUAFFFFABUcH/HvF/uD+VSVHB/x7xf7g/lQBJRRRQAUUUUAFFFFABRRRQAUUUUAFFFFABRRRQAUUUUAFFFFABRRRQAUUUUAFFFFABRRRQAUUUUAFFFFABRRRQAUUUUAFFFFABRRRQAUUUUAFfOHxF+N2sR+L0s/DbPaW2l3DLJ50ZBuZBlWV0PROoA4OeeCBjR8c/H6ex8TxWvhVba5sLRyLiaVdyXRwQVUjkKM5DDqQOq/eit9K0/XJLTxBfxSXWpS/wCkNc3KbJGZgPvKOMAABRyFAGPUgE2mWMF3Da6re6ft1R182WW4UNPvYHdubr3PHGOmBjA16KKACiiigAooooAKKKKAEb7pwQDjqe1eWaJ8N/Evi/xlaDUopVs7/ddPqKj928CttLIcYycDaCOjKcbTmvW9H0JvFmpPZksul2zL9ukBI8w8EQKQcjIwWPZTjq2R68qqihVACgYAA4AoAq6Xplnoul22m6fAsFpbRiOONR0A/mT1J7kk1boooAKKKKACiiigAooooAKKKKACiiigAooooAKKKKACiiigAooooAKKKKACiiigAqOP783+/wD+yipKjj+/N/v/APsooAkooooAKKKKACiiigAooooAKKKKACiiigAooooAKKKKACiiigAooooAKKKKACiiigAooooAKKKKACiiigAooooAKKKKACiiigAooooAKKKKACiiigAooooAKKKKACiiigAooooAKKKKACiiigAooooAxLr/AJHnSv8AsG3v/o21rbrEuv8AkedK/wCwbe/+jbWtugAooooAKKKKACiiigAooooAKjg/494v9wfyqSo4P+PeL/cH8qAJKKKKACiiigAooooAKKKKACiiigAooooAKKKKACiiigAooooAKKKKACiiigAooooAKKKKACiiigAooooAKKKKACiiigAooooAKKKKACvE/Gfx/t9D8SLp+hWUGqWtvuW6maQqHfGAI2GRgHqSDnkDH3qveJPj3o2h+KjpdpanULOFHS4uo5MAS/wheDuUEYY++RnGG4258HadrniBfEd3JFNJck3E0cCKIZnbkMMdvXru4JOc5AJF8LaRrWoQ+IrtFuLu5Y3UjRx+XFMz/MCY8cAdfU5+bca6akACgAAADgAUtABRRRQAUUUUAFFFFABWfpd+nim9Ol+HrmKa8LskkhB226jG6RuOQMjHZiQM9SOK+IfjD7MkmiafIPOcYuZFP3Af4B7nv6Dj6dP+z/4F1BL3/hMLqWW2tDG8NtEjlftGeGLjugI4HdgD/CMgHuui6PZ6DpMGnWKFYYgfmY5Z2Jyzse7Ekkn1NX6KKACiiigAooooAKKKKACiiigAooooAKKKKACiiigAooooAKKKKACiiigAooooAKKKKACo4/vzf7//ALKKkqOP783+/wD+yigCSiiigAooooAKKKKACiiigAooooAKKKKACiiigAooooAKKKKACiiigAooooAKKKKACiiigAooooAKKKKACiiigAooooAKKKKACiiigAooooAKKKKACiiigAooooAKKKKACiiigAooooAKKKKACiiigDEuv+R50r/sG3v/AKNta26xLr/kedK/7Bt7/wCjbWtugAooooAKKKKACiiigAooooAKjg/494v9wfyqSo4P+PeL/cH8qAJKKKKACiiigAooooAKKKKACiiigAooooAKKKKACiiigAooooAKKKKACiiigAooooAKKKKACiiigAooooAKKKKACiiigAoooJABJOAOpNABXlWr/Hjw5pviaXR7eGS9jRCn2yOVVi8/OAhJ/g65k5x2BHNTaj8aPC8mtX/h+GFr9/LEUTnb5FzKx2tFk9uRzgg/MBk7Q3lVn8MrSHXzeXDxvYj94loobAfP3SSSSg4xk5PfpyAWj8OtOm8RHVJvLEMjNK9jDHthWQtnCjtGM8L7dccV2YAUAAAAcACgAKAAAAOABS0AFFFFABRRRQAUUUUAFcj448XL4fsvstqwOozqdmP+WS/3j/Qf4V1jukUbSSMqIoLMzHAAHUk1iXPwWvfGt1Br4nj0yG5lTzIZVJkkgA/1o6hXIxhCOmCSDkUAcZ8Kvhvc+Pdba/1ESjRbeTdczE8zydfLB7k5yx7D0JFfWcMMdvDHDDGkcUahERFAVVHAAA6AVT0bRtP8P6Tb6XpdslvaQLtRF/Uk9yepJ61foAKKKKACiiigAooooAKKKKACiiigAooooAKKKKACiiigAooooAKKKKACiiigAooooAKKKKACo4/vzf7/AP7KKkqOP783+/8A+yigCSiiigAooooAKKKKACiiigAooooAKKKKACiiigAooooAKKKKACiiigAooooAKKKKACiiigAooooAKKKKACiiigAooooAKKKKACiiigAooooAKKKKACiiigAooooAKKKKACiiigAooooAKKKKACiiigDEuv8AkedK/wCwbe/+jbWtusS6/wCR50r/ALBt7/6Nta26ACiiigAooooAKKKKACiiigAqOD/j3i/3B/KpKjg/494v9wfyoAkooooAKKKKACiiigAooooAKKKKACiiigAooooAKKKKACiiigAooooAKKKKACiiigAooooAKKKKACiiigAooooAKKKhu7u3sLSa7u5o4LeFC8ksjYVFHUk0ASSSJFG0kjqiICzMxwAB1JNeX33xd8Ka8NW8P2Uct/cODbRISY4rpWU72WQcqqjOTwehXPbP1f4meHPiD4d1jw7YwXMs9w7QRglo/wB0ApFwT2XfwE5JwNwAJx574Z+HCaVqjXuozpcGCTNsqZA45Dt7+3bHU0AR6J8MIrHVmuNSuI7u2jwYY1Ujc2Od49AegB5746V6FRRQAUUUUAFFFFABRRRQAUE4GT0rO1vWrPQdNe9vHwo4RB96Ruyiua+HHiWbxr42j0XWIXawnLyiO3izgKMiORs8R8cnGSSAeG4APSvCfhweJp49TvoidFiYPbxN0vHB4cjvGMZHZjg/dA3epUiqqKFUAKBgADgCloAKKKKACiiigAooooAKKKKACiiigAooooAKKKKACiiigAooooAKKKKACiiigAooooAKKKKACiiigAqOP783+/8A+yipKjj+/N/v/wDsooAkooooAKKKKACiiigAooooAKKKKACiiigAooooAKKKKACiiigAooooAKKKKACiiigAooooAKKKKACiiigAooooAKKKKACiiigAooooAKKKKACiiigAooooAKKKKACiiigAooooAKKKKACiiigAooooAxLr/kedK/7Bt7/6Nta26xLr/kedK/7Bt7/6Nta26ACiiigAooooAKKKKACiiigAqOD/AI94v9wfyqSo4P8Aj3i/3B/KgCSiiigAooooAKKKKACiiigAooooAKKKKACiiigAooooAKKKKACiiigAooooAKKKKACiiigAooooAKKKKACiisDxd4x0fwVo7ahq0+3ORDAmDJMw7KPyyegzzQBoazrWneH9Kn1PVbqO2tIRl5H/AEAHUk9gOTXjfiDxzpHxb8HT6NY2d7bXAuAzvK+1bdVOUchTiTcMjYehBORhSaHjHXLT4x+GdO/s20ms5rXdJJLPKdkcxGDCFHDg8HeQCBtwMsyij4N8GxeGomuJnEuoSptdl+6i8HaPXkDn27UAUvBvgP8AsG5/tDUJElvV3LEIydiA5Ge2SR+Wa7eiigAooooAKKKKACiiigArO1rWrPQdOe9vXwo4RB9527KB61o15D4g0XxP4q8YW9tDbS3cd47pp0kaMIHjU4Yqx4+XjcfXvjFAGVJJrvxF8UQ2trA01xM22C3Q/LEvck9h3LH/AAFfU/w6+Hth4B0T7PGVn1GfDXd1twXP91e4Udh+Peo/hz8ONO8A6UVj23GqTqPtV2R1/wBhPRAfz6nsB21ABRRRQAUUUUAFFFFABRRRQAUUUUAFFFFABRRRQAUUUUAFFFFABRRRQAUUUUAFFFFABRRRQAUUUUAFFFFABUcf35v9/wD9lFSVHH9+b/f/APZRQBJRRRQAUUUUAFFFFABRRRQAUUUUAFFFFABRRRQAUUUUAFFFFABRRRQAUUUUAFFFFABRRRQAUUUUAFFFFABRRRQAUUUUAFFFFABRRRQAUUUUAFFFFABRRRQAUUUUAFFFFABRRRQAUUUUAFFFFABRRRQBiXX/ACPOlf8AYNvf/RtrW3WJdf8AI86V/wBg29/9G2tbdABRRRQAUUUUAFFFFABRRRQAVHB/x7xf7g/lUlRwf8e8X+4P5UASUUUUAFFFFABRRRQAUUUUAFFFFABRRRQAUUUUAFFFFABRRRQAUUUUAFFFFABRRRQAUUUUAFFFFABRRXk3i348aF4e16DTrCA6rGkmL2aCQBY16EIejsOvUDjGcnIAN/4g/FLRvAUKxSL9u1R8FLGOTaQv952wdo9OMnsOpHlfj6CL4sPaa5pEQsUihEUL3L5a4Gcncqkqm07gMZJOc4AGKHibwrH471pPEtusGnR6gyyyQxAtmMrkOSePMPGcADnuQS3VaTpNnounpZWMXlxLyc8lj3YnuaAKPhnwzaeGrEwwEvPLgzTN1cjOOOwGTituiigAooooAKKKKACiiigApCQoJJAA5JNc14r8Y2nhuDy12z37j5IQfu+7eg/U10vwzt7P4gWg1O+uIJILQqk+mIDlpcZzKD/yzznaoyGxyTgqADR8N+GpPFn+lXiyQ6FnCryr3v07iL36t2+XlvVIoo4YkiiRY40UKiIMBQOgA7CnAAAADAHQCigAooooAKKKKACiiigAooooAKKKKACiiigAooooAKKKKACiiigAooooAKKKKACiiigAooooAKKKKACiiigAooooAKjj+/N/v/8AsoqSo4/vzf7/AP7KKAJKKKKACiiigAooooAKKKKACiiigAooooAKKKKACiiigAooooAKKKKACiiigAooooAKKKKACiiigAooooAKKKKACiiigAooooAKKKKACiiigAooooAKKKKACiiigAooooAKKKKACiiigAooooAKKKKAMS6/5HnSv+wbe/8Ao21rbrEuv+R50r/sG3v/AKNta26ACiiigAooooAKKKKACiiigAqOD/j3i/3B/KpKjg/494v9wfyoAkooooAKKKKACiiigAooooAKKKKACiiigAooooAKKKKACiiigAooooAKKKKACiiigAooooAKgvr2302wuL67k8q2t42llkIJ2ooyTxzwBWH448Ww+CfDE+tTWdxdqjLGscK8Bm4Bdv4VzgZPcgckgV4j4e+M3irxNqNxo8zw232yQyR3FtD89tGE5jXJwM4GGIJBJ9RtANif9osy+J2tdO0iBtLceTDPdSmN/MJAEjdQEHOV645yOlc9d/Du11HxLNq9/ePP9ple4uYQmwPKzFjgg5VeenJ96u6R4E0bR9Tlvoo2lffugWU7hCPQepznBPPTvyenoAZFFHBCkUMaxxoNqoowAPQCn0UUAFFFFABRRRQAUUUUAFcH4v8AiDDpgl0/SWWW95V5uqRH29W/Qe/StvxZbatqulT6f4e+1S6iiedLBapuYwgHOT/DnHGOWI2gHNZfwy+CV1rxg1nxKklrpZw8dqQVluB2z/dQ/mR0xkGgDmfAPw21r4jam93JI8OmiU/ar+Tks3UqgP3m/QZ57A/Vnh3w5pfhXRodK0i2WC2j5PdpG7sx7scdfoOgAq9Z2Vrp1nFZ2VvHb20K7Y4olCqo9ABU9ABRRRQAUUUUAFFFFABRRRQAUUUUAFFFFABRRRQAUUUUAFFFFABRRRQAUUUUAFFFFABRRRQAUUUUAFFFFABRRRQAUUUUAFRx/fm/3/8A2UVJUcf35v8Af/8AZRQBJRRRQAUUUUAFFFFABRRRQAUUUUAFFFFABRRRQAUUUUAFFFFABRRRQAUUUUAFFFFABRRRQAUUUUAFFFFABRRRQAUUUUAFFFFABRRRQAUUUUAFFFFABRRRQAUUUUAFFFFABRRRQAUUUUAFFFFABRRRQBiXX/I86V/2Db3/ANG2tbdYl1/yPOlf9g29/wDRtrW3QAUUUUAFFFFABRRRQAUUUUAFRwf8e8X+4P5VJUcH/HvF/uD+VAElFFFABRRRQAUUUUAFFFFABRRRQAUUUUAFFFFABRRRQAUUUUAFFFFABRRRQAUUVkXfinQ7HXLfRLnU7ePUrhWdLfOWCqpclscINqk5bGccUAa5IHU4ryT40fEjWfBaWmnaRbxxy30TML52VjHg4IVOx5B3MMc8ZIOPMPi34m8QeJ/FcmlWl5LeaGZP9AW1hZIrjABJ7+YVJxuzjjIABrpNI0aa50Py/EcCXN9NtNzJJM0zzbSCu9mOTjA4yRxxwcUAY3g/U9b8XeHpNN8Sz6hf6XFnyTcS/JJk8hjw7kHoSWA7YIFdNougadoFr5FhAEz9+RuXf6n+nStJEWNFRFCoowqqMAD0FLQAUUUUAFFFFABRRRQAUU2SRIo2kkdURRlmY4AHqTXnXib4mRxB7XQsSPyGunX5V/3Aev1PHsaAPRiQoJJAA5JNWdE0XUfFaiSxc2mmE4OoMuTIP+mKn73++fl9N3IriPglpGp+I9YuZtbsrq90EhpTLN/qpLnKgbiSPMG1SNvzAHGRX0oqqihVACgYAA4AoAoaPomn6DZC10+3EaE7ncnLyt/edjyx9zWhRRQAUUUUAFFFFABRRRQAUUUUAFFFFABRRRQAUUUUAFFFFABRRRQAUUUUAFFFFABRRRQAUUUUAFFFFABRRRQAUUUUAFFFFABRRRQAVHH9+b/f/wDZRUlRx/fm/wB//wBlFAElFFFABRRRQAUUUUAFFFFABRRRQAUUUUAFFFFABRRRQAUUUUAFFFFABRRRQAUUUUAFFFFABRRRQAUUUUAFFFFABRRRQAUUUUAFFFFABRRRQAUUUUAFFFFABRRRQAUUUUAFFFFABRRRQAUUUUAFFFFAGJdf8jzpX/YNvf8A0ba1t1iXX/I86V/2Db3/ANG2tbdABRRRQAUUUUAFFFFABRRRQAVHB/x7xf7g/lUlRwf8e8X+4P5UASUUUUAFFFFABRRRQAUUUUAFFFFABRRRQAUUUUAFFFFABRRRQAUUUUAFUtW1jTtC06TUNVvIbS1j+9LK2Bn0HqfQDk15z8Uvi63gS8TSLLS2n1KWATJNOwEKoSQDgHcxypGDt6da4V/FurfFfwI+magunRyW/DuEzJJOOY5B18pSDg4BLfPjaOKAO4t/jV4f8R2uqWGnW+sLeBCluIY1WSRWGPMVjlY9p5+f1XAY5UeGW3w+8QalrdydQmMW2UmS8lcuZSTncvdic5yce/PFdj4U8BW3h+eO+uZjcX6g7SuQkeRg4HfgkZP5CuxoATaNwYgFwMBsc89f5CloooAKKKKACiiigAooooAKzde1dNC0efUZIXmSLGVQgHJIA69skev0q9ZC81m8az0S0N7KpKyTbttvAR2eTBAP+yoZvauvsPhjp00UreJJP7WkljMZgwY7eIEYOxQclvRycjgjbQB8xajr3iDxvqEVhDFLKZGxFZWqEgn3HUkep6e1ev8AgL9n+OBotR8YMJJAdy6dE2UH/XRx976Dj3PSvV/CngfQPBdmYNGsljdgBLcSfNLL/vN/QYHtXRUAR29vBaW8dvbQxwwRqFSONQqqB2AHAFSUUUAFFFFABRRRQAUUUUAFFFFABRRRQAUUUUAFFFFABRRRQAUUUUAFFFFABRRRQAUUUUAFFFFABRRRQAUUUUAFFFFABRRRQAUUUUAFFFFABUcf35v9/wD9lFSVHH9+b/f/APZRQBJRRRQAUUUUAFFFFABRRRQAUUUUAFFFFABRRRQAUUUUAFFFFABRRRQAUUUUAFFFFABRRRQAUUUUAFFFFABRRRQAUUUUAFFFFABRRRQAUUUUAFFFFABRRRQAUUUUAFFFFABRRRQAUUUUAFFFFABRRRQBiXX/ACPOlf8AYNvf/RtrW3WJdf8AI86V/wBg29/9G2tbdABRRRQAUUUUAFFFFABRRRQAVHB/x7xf7g/lUlRwf8e8X+4P5UASUUUUAFFFFABRRRQAUUUUAFFFFABRRRQAUUUUAFFFNaREZFZ1UudqgnG44JwPXgE/hQA6mySxwxNLK6pGoyzMcAD1JrzH4nfF4eA75dJttJe51GWATpJM4EIUkgHg7m5Vhj5enWuJv/G+r/FL4a3GmvplnHcZPnTqSN0qNvRYkJO3I2AszfxNgUAetWnxM8HXt1fQQa/Zk2SoZHMgCtuOBsJ+/wA4B255YDqa+bPEHjPx34h8XRRy3Uz3djdLNbW1tAyRI6kMjiNxkjgMDIM4PPpWv4L8B32j6jDqt/crHKgYC3jO7OQR8x6d84Ga79IYo5JJEjRZJCC7BQC2BgZPfigDAvPClj4gW1vNbS6mvwFeZ5rkyOxxyjN0Kg/3cDjjGTnbtLO2sLZbe0gjhhXoka4FT0UAFFFFABRRRQAUUUyaaK3iaWaRIo1GWd2CgfUmgB9Zer+I9K0NCb+8jjfGREDuc/RRz+PSuQ8f65r1tDby6WLmHSZx5f2yOB1EkhydqyEYPAyNpzwaz/DHwY8YeKgt3NANOtJCG8++JDOD3VPvHjnnAPrQBW134nX95uh0mL7HCePNbDSH+i/r9a9I+DXhq88SaLcv4ng1JrGJw1r5rlI7oPuLZ4DOAR/ewd2McV2vhD4L+FvC3l3E0H9q368+fdqCqn1WPoPxyR616LQBFa2tvZW0dtaQRQQRjCRRIEVR6ADgVLRRQAUUUUAFFFFABRRRQAUUUUAFFFFABRRRQAUUUUAFFFFABRRRQAUUUUAFFFFABRRRQAUUUUAFFFFABRRRQAUUUUAFFFFABRRRQAUUUUAFFFFABRRRQAVHH9+b/f8A/ZRUlRx/fm/3/wD2UUASUUUUAFFFFABRRRQAUUUUAFFFFABRRRQAUUUUAFFFFABRRRQAUUUUAFFFFABRRRQAUUUUAFFFFABRRRQAUUUUAFFFFABRRRQAUUUUAFFFFABRRRQAUUUUAFFFFABRRRQAUUUUAFFFFABRRRQAUUUUAYl1/wAjzpX/AGDb3/0ba1t1iXX/ACPOlf8AYNvf/RtrW3QAUUUUAFFFFABRRRQAUUUUAFRwf8e8X+4P5VJUcH/HvF/uD+VAElFFFABRRRQAUUUUAFFFFABRRQSACScAdSaACisvXfEOm+HNAuNb1CYrYQKrNJGpfO5gq4A65LD86880f4+eGtX15rD7JfW1t5bNHPJE0jyOCMII4wx5BY5JGNvvwAer1h+KfF+jeDdOS+1q4khgkfy4ykLvufBO35QQCQD1x0NfNnxE8Z+Mdc8T3ml295qg01pPMtbVLcQMYz0yEJLAHIySemcKflHQXWl614x8H2lr4j1W/F0iIEjncOsTJ8ocquNzMucliT85oA7rRvjfofiS21KCG01S1vIwfs0cUaySSqRjeCcohB/v/LyvJyQPCJ18d6/4rF1dSX8+qWc4ZZ5mwkDghgVP3VHAIC8HjGa9E8OeDdN8NSPPbtNLcumxpZG/hyCQAOOoHqeK6KgDC1TwjpOtSQzailxcTo2WmluHaSQY+67kkkfjx2xk51LLT7PTYPJsrWK3j6lY0C5PqfU1ZooAKKKKACiiobm7trOLzbq4igj/AL8rhR+ZoAmoJwMnpWHrOo38nhvULzQba5ne3iMpuRbMYEVcM53kbT8uTgE9q8ohi8ZeNGKW0OqammcEQxsYgffA2j8aAPVdS8Z6BpZKz6hG8g/gh/eH9On41z9p8TI9R8QWdhaaZO0FxKIgeDKzNwoCg4+8R3NSaB+zx4n1Bg+sXNrpUXddwnk/JTt/8er1Tw/8CvBmi7ZLq2l1W4H8V4+Uz7IuB+eaAINO8G+J9Sw12lto0O7BWRhcTkfRDsXt/E3fj16jS/h5oOnlZbqF9VuQ24T6iRKVP+ymAi/8BUGurooAjlt4LgxGaGOQxOJIy6g7GwRuGehwTz71JRRQAUUUUAFFFFABRRRQAUUUUAFFFFABRRRQAUUUUAFFFFABRRRQAUUUUAFFFFABRRRQAUUUUAFFFFABRRRQAUUUUAFFFFABRRRQAUUUUAFFFFABRRRQAUUUUAFFFFABUcf35v8Af/8AZRUlRx/fm/3/AP2UUASUUUUAFFFFABRRRQAUUUUAFFFFABRRRQAUUUUAFFFFABRRRQAUUUUAFFFFABRRRQAUUUUAFFFFABRRRQAUUUUAFFFFABRRRQAUUUUAFFFFABRRRQAUUUUAFFFFABRRRQAUUVR1m/l0vRry/htTdPbRNL5KttLhRkgHB5xmgC9RXPah4tt7XwtZ63bQNdfbjCtrbq+1pHlIAXPYjJz9DW7NPFbW8lxcSJFDEheSR2wqKBkkk9AB3oAkorC/4Tbwr/0Mmk/+Bkf+Na9rdW97bR3NrPHPBINySRsGVh6gjrQBNRXAtp8XjDx7rlpqsk8mnaRHBFDaxzvGjSSLvZ22kEkcAVd8DTXFtd6/oE1zLcx6XeBbeSZyziJ0DKpJ5OORmgDWuv8AkedK/wCwbe/+jbWtuua1nU7DSvGWkT6jfW1nC2n3iCS4lWNS3mWxxliOcA8e1Wv+Ey8Lf9DJo/8A4HRf/FUAbdFYn/CZeFv+hk0f/wADov8A4qj/AITLwt/0Mmj/APgdF/8AFUAbdFYn/CZeFv8AoZNH/wDA6L/4qj/hMvC3/QyaP/4HRf8AxVAG3RWJ/wAJl4W/6GTR/wDwOi/+Ko/4TLwt/wBDJo//AIHRf/FUAbdFYn/CZeFv+hk0f/wOi/8AiqP+Ey8Lf9DJo/8A4HRf/FUAbdQWUsc9jbzQyJJFJErI6MCrKRkEEdRWX/wmXhb/AKGTR/8AwOi/+KrxHSv2h00XRtP0oeGGm+xW8ds0v27bu2KF3Y8s9cZxmgD6Jor5+n/aYbA8jwqAe5kvs/yjpLb9pdxGftXhdWfPBivdox+KGgD6Cor5ntP2ivEcur2n22z02HTvPj+0CCB2k8rcN+0s+M4zirnxF+N9/drp6+Erm601MSfaTKsDtJnbtxtL7cfN3HX24APoyopbmCBkWaeONpGCIHcAsx6AZ6mvm/wR8YNZj0e9stYurS6keXf9o1NnfcjKF2BFGCBtJPI+9XkNnqd1Z6xbaos0jXcE6TrKWy29SCDlgecjuDQB9m+J/iD4Y8H3Edtrepi3uJIxIkKxO7MpJAOFBwMg9fSstPiz4WuvB994gs7+E/ZllCWl1IIJJpUXcEUHru4wQD19QQPljxP4ou/FV1BdX7TS3UalDNNLvZlzkDgAAA7jgD+I0/w54uuvDccqW9rbTeY24GVOVOMHBGDzxxnt9cgHq+kftDarqHiyxhutJgi0uSQo0FsN87llIQb3ZV++VycDgH6VifFW+8U+KNeia1stRgsJoAps4r154y6kgsy8KhIK8AY75JJxH4duvCMFhZ3MOn263exWdmwSkgHO0yNkYOea6dfEltJjy40bJwM31on/AKFMMUAY2h+HtWufAjaBrl1cRQr5i29ss37uME7wzKhAchyzYYnt6VJoPw+0zRLqK8M9xPdxHKvv2AH2C/yJNbceqmVgB/ZsQJ6zazZgD67ZWrxiTxn4ln4Oq3HP9wBf5CgD3naNxbA3EYJoJAGSQB718+trPiC5OG1LUXB7Gd8fzxUkOh6xqhXMsDE9Dc38Mf8A6G4xQB78CGAIIIPIIpah8I6L4e/4RjThrvjJLO9jiEctlFq1mUTblRhkXPIAP3jjOMnFdHDo/wAMUwZtds7ps5zca6zg/wDAfM2/pQBy+o6hDptjPczMD5UbOE3AM+ATgZ7nFed3Xxacgi00lQezSzZ/QAfzr6Asn+GWnMr2c3hSGRekiyW+/wD76zn9a5LT/h78GrEL5mpadeOv8Vzq6/qFZQfyoA8RuviX4iuARHLb2+f+eUIP/oWagtrfxt4pKi1g1m/RunlJIY/TPHyj619Rae3wy0pVFhN4VtyvRklt934tnJ/E1tf8Jl4W/wChk0f/AMDov/iqAOU8P/Dn7Xoun3PiDU9Ue8lt4nuLVJFt1RyoLL+7AbOcg/N9MV1Gn+CfDOly+da6LaefkHz5U82T/vt8t+tP/wCEy8Lf9DJo/wD4HRf/ABVH/CZeFv8AoZNH/wDA6L/4qgDYmhiuYJIJ4klhlUpJHIoZXUjBBB4II7UscUcMSxRIqRqMKqjAA9AKxv8AhMvC3/QyaP8A+B0X/wAVR/wmXhb/AKGTR/8AwOi/+KoA26KxP+Ey8Lf9DJo//gdF/wDFUf8ACZeFv+hk0f8A8Dov/iqANuisT/hMvC3/AEMmj/8AgdF/8VR/wmXhb/oZNH/8Dov/AIqgDborE/4TLwt/0Mmj/wDgdF/8VR/wmXhb/oZNH/8AA6L/AOKoA26KxP8AhMvC3/QyaP8A+B0X/wAVR/wmXhb/AKGTR/8AwOi/+KoA26KxP+Ey8Lf9DJo//gdF/wDFUf8ACZeFv+hk0f8A8Dov/iqANuisT/hMvC3/AEMmj/8AgdF/8VR/wmXhb/oZNH/8Dov/AIqgDborE/4TLwt/0Mmj/wDgdF/8VR/wmXhb/oZNH/8AA6L/AOKoA26KxP8AhMvC3/QyaP8A+B0X/wAVR/wmXhb/AKGTR/8AwOi/+KoA26KxP+Ey8Lf9DJo//gdF/wDFUf8ACZeFv+hk0f8A8Dov/iqANuisT/hMvC3/AEMmj/8AgdF/8VR/wmXhb/oZNH/8Dov/AIqgDborE/4TLwt/0Mmj/wDgdF/8VR/wmXhb/oZNH/8AA6L/AOKoA26KxP8AhMvC3/QyaP8A+B0X/wAVR/wmXhb/AKGTR/8AwOi/+KoA26KxP+Ey8Lf9DJo//gdF/wDFUf8ACZeFv+hk0f8A8Dov/iqANuisT/hMvC3/AEMmj/8AgdF/8VR/wmXhb/oZNH/8Dov/AIqgDborE/4TLwt/0Mmj/wDgdF/8VR/wmXhb/oZNH/8AA6L/AOKoA26KxP8AhMvC3/QyaP8A+B0X/wAVR/wmXhb/AKGTR/8AwOi/+KoA26KxP+Ey8Lf9DJo//gdF/wDFUf8ACZeFv+hk0f8A8Dov/iqANuisT/hMvC3/AEMmj/8AgdF/8VR/wmXhb/oZNH/8Dov/AIqgDborE/4TLwt/0Mmj/wDgdF/8VR/wmXhb/oZNH/8AA6L/AOKoA26KxP8AhMvC3/QyaP8A+B0X/wAVR/wmXhb/AKGTR/8AwOi/+KoA26KxP+Ey8Lf9DJo//gdF/wDFUf8ACZeFv+hk0f8A8Dov/iqANuisT/hMvC3/AEMmj/8AgdF/8VR/wmXhb/oZNH/8Dov/AIqgDborE/4TLwt/0Mmj/wDgdF/8VR/wmXhb/oZNH/8AA6L/AOKoA26KxP8AhMvC3/QyaP8A+B0X/wAVR/wmXhb/AKGTR/8AwOi/+KoA26KxP+Ey8Lf9DJo//gdF/wDFUf8ACZeFv+hk0f8A8Dov/iqANuisT/hMvC3/AEMmj/8AgdF/8VR/wmXhb/oZNH/8Dov/AIqgDbqCCWOSa6VJEZo5QrhWBKNsU4PocEH6EVl/8Jl4W/6GTR//AAOi/wDiqx9G8WeHItV8QvJ4g0pFl1BHjZryMB1+ywLkc8jKkZ9QfSgDs6KxP+Ey8Lf9DJo//gdF/wDFUf8ACZeFv+hk0f8A8Dov/iqANuisT/hMvC3/AEMmj/8AgdF/8VR/wmXhb/oZNH/8Dov/AIqgDborE/4TLwt/0Mmj/wDgdF/8VR/wmXhb/oZNH/8AA6L/AOKoA26KxP8AhMvC3/QyaP8A+B0X/wAVR/wmXhb/AKGTR/8AwOi/+KoA26KxP+Ey8Lf9DJo//gdF/wDFVasNf0bVZ2g07V7C8mVd5jt7lJGC5AzhSeMkc+9AGjRRRQAUUUUAFFFFABRRRQAUUUUAFFFFABRRRQAUUUUAFFFFABRRRQAUUUUAFFFFABRRRQAUUUUAFFFFABRRRQAUUUUAFFFFABRRRQAUEAggjIPaio54zNbyRCV4i6lRJHjcmR1GQRkfSgDzTw5pdx/wmX/COypnTPDc8t3Ac5DecMwKfdQ0v5CvSbtJns50t/KMzRsI/OUlN2ONwHJGetUND0C30KO58qe5uri6l864ubpg0kjYAGSABgAAAAACtWgDkP7L8Wf88/Cv/gHL/wDFV02nx3EVhCl2LcXCrh/sylY8/wCyDyBVmigDhJp7nwl461jUZtMv7zTdXihdZbKAzGKWNdhVlHIyMHPT9cXfBFlemfW9cv7SWzk1W7EkVvMMSJEihU3Dsx547V11FABRRRQAUUUUAFFFFABRRRQAUUUUAFedXvwR8E6hf3F7cWd009xK0shF0wBZjk8fU16LRQB5n/woXwH/AM+N3/4FvR/woXwH/wA+N3/4FvXf6tq1loemTahqE4htoRlnIJ6nAAA5JJ4xWXpPjLTdV1JdOMF/Y3kiGSGG+tmhMyjqUz1x+dAFTSvhn4M0i1jgg8O6fLsBAkuoFmc5JPLMCe/5cV1RjRnV2RSy52sRyM9cU6igArgB8E/h4CD/AMI909by4/8Ajld/RQBwq/Bv4fpnHhyLn1nlP83qwnwn8CRjC+GrM/725v5muyooAqaZpljo2nxWGm2sdraRZ8uGIYVckk4H1JP41boooAKAAAABgDoBRRQAUUUUAFFFFABRRRQAUUUUAFFFFABRRRQAUUUUAFFFFABRRRQAUUUUAFFFFABRRRQAUUUUAFFFFABRRRQAUUUUAFFFFABRRRQAUUUUAFFFFABRRRQAUUUUAFFFFABRRRQAUUUUAFFFFABRRRQAUUUUAFFFFABRRRQAUUUUAFFFFABRRRQAUUVlWfiLTdQ1270e1m865tI1kmKYKLuJAXOfvccj3FAGrRRRQAUUUUAFFFFABRRRQAUUUUAFFFFABRRRQAUUUUAFFFFABRRRQAUUUUAFFFFABRRRQAUUUUAFFFFABRRRQAUUUUAFFFFABRRRQAUUUUAFFFFABRRRQAUUUUAFFFFABRRRQAUUUUAFFFFABRRRQAUUUUAFFFFABRRRQBxfjjUr3wtLaeJ4LmSSzhIt7zT2kwsyseGjB43g/mPpWh4LF7c6INX1C+NzcakRchEk3RQIR8saDpwOp7nNWL3w7/aXiez1W9uvNtbJCbay8vCrKesrHPzHHAGBik8O+HD4ckvoLa836ZNMZra0MePsxPLKrZ5UnkDAxQBLqt5r9vdKmlaRaXkBQFpJr0wkNk8Y2NxjHOe9N0y98RT3gTUtGs7S22kmWK/MrZ7Db5a/zp2q+FdD1y6W51PTormZUEau5OQoJOOD6k/nTdM8I6Bo14LvTtMht7gKVDqTnB69TQBjfELDt4WifmGTX7YOD0bhyAfxAo8cYTXfB0yf68asEBHXYyNuH04FbniTQIfEmkNYyzSW8iyLNBcRfehkU5Vh/nvWVY+FNSk12z1XxBrg1J7AN9liitRAiswwXYAnc2PwFAHWUUUUAFFFFABRRRQAUUUUAFFFFABRRRQAUUUUAFFFFABRRRQAUUUUAFFFFABRRRQAUUUUAFFFFABRRRQAUUUUAFFFFABRRRQAUUUUAFFFFABRRRQAUUUUAFFFFABRRRQAUUUUAFFFFABRRRQAUUUUAFFFFABRRRQAUUUUAFFFFABRRRQAUUUUAFFFFABRRRQBy3jl7/TtKTX9PvWhk0s+dLbvJtiuYv4kYdN2Pun1+tQ+B7678RR3PiW4u38i8Yx2tismUt40OPmA48wkZPpwK09d8OnX73T/ALVd4021l86WyEf/AB8OPubmz90Hnbjmm6b4cOk+I9Q1Gyu/Lsr8CSaxMeQJ+8itnjI6jHJ5zQBb1e51m38n+ydNtr3du83z7sw7OmMfI2c8+mMVTsr/AMUS3kSXmg2EFsWxJLHqJdlHqF8sZ/MVc1fw7pOveT/aljHdeTu8veT8ucZ6H2H5VTsvBHhvTryK7tNJgiuIm3I6lsqfzoA2bq1gvrSW1uollgmQpJGwyGU8EGuI8N6Tp+i/E3WrTTbSK1t/7Ot38uMYGSzZNd7WPb6F5Hiy9137Tu+02sdv5OzG3YSc7s85z0xQBsUUUUAFFFFABRRRQAUUUUAFFFFABRRRQAUUUUAFFFFABRRRQAUUUUAFFFFABRRRQAUUUUAFFFFABRRRQAUUUUAFFFFABRRRQAUUUUAFFFFABRRRQAUUUUAFFFFABRRRQAUUUUAFFFFABRRRQAUUUUAFFFFABRRRQAUUUUAFFFFABRRRQAUUUUAFFFFABRRRQAUUUUAFFFFABRRRQAUUUUAFFFFABRRRQAUUUUAFFFFABRRRQAUUUUAFFFFABRRRQAUUUUAFFFFABRRRQAUUUUAFFFFABRRRQAUUUUAFFFFABRRRQAUUUUAFFFFABRRRQAUUUUAFFFFABRRRQAUUUUAFFFFABRRRQAUUUUAFFFFABRRRQAUUUUAFFFFABRRRQAUUUUAFFFFABRRRQAUUUUAFFFFABRRRQAUUUUAFFFFABRRRQAUUUUAFFFFABRRRQAUUUUAFFFFABRRRQAUUUUAFFFFABRRRQAUUUUAFFFFABRRRQAUUUUAFFFFABRRRQAUUUUAFFFFABRRRQAUUUUAFFFFABRRRQAUUUUAFFFFABRRRQAUUUUAFFFFABRRRQAUUUUAFFFFABRRRQAUUUUAFFFFABRRRQAUUUUAFFFFABRRRQAUUUUAFFFFABRRRQAUUUUAFFFFABRRRQAUUUUAFFFFABRRRQAUUUUAFFFFABRRRQAUUUUAFFFFABRRRQAUUUUAFFFFABRRRQAUUUUAFFFFABRRRQAUUUUAFFFFABRRRQAUUUUAFFFFABRRRQAUUUUAFFFFABRRRQAUUUUAFFFFABRRRQAUUUUAFFFFABRRRQAUUUUAFFFFABRRRQAUUUUAFFFFABRRRQAUUUUAFFFFABRRRQAUUUUAFFFFABRRRQAUUUUAFFFFABRRRQAUUUUAFFFFABRRRQAUUUUAFFFFABRRRQAUUUUAFFFFABRRRQAUUUUAFFFFABRRRQAUUUUAFFFFABRRRQAUUUUAFFFFABRRRQAUUUUAFFFFABRRRQAUUUUAFFFFABRRRQAUUUUAFFFFABRRRQAUUUUAFFFFABRRRQAUUUUAFFFFABRRRQAUUUUAFFFFABRRRQAUUUUAFFFFABRRRQAUUUUAFFFFABRRRQAUUUUAFFFFABRRRQAUUUUAFFFFABRRRQAUUUUAFFFFABRRRQAUUUUAFFFFABRRRQAUUUUAFFFFABRRRQAUUUUAFFFFABRRRQAUUUUAFFFFABRRRQAUUUUAFFFFABRRRQAUUUUAFFFFABRRRQAUUUUAFFFFABRRRQAUUUUAFFFFABRRRQAUUUUAFFFFABRRRQAUUUUAFFFFABRRRQAUUUUAFFFFABRRRQAUUUUAFFFFABRRRQAUUUUAFFFFABRRRQAUUUUAFFFFABRRRQAUUUUAFFFFABRRRQAUUUUAFFFFABRRRQAUUUUAFFFFABRRRQAUUUUAFFFFABRRRQAUUUUAFFFFABRRRQAUUUUAFFFFABRRRQAUUUUAFFFFABRRRQAUUUUAFFFFABRRRQAUUUUAFFFFABRRRQAUUUUAFFFFABRRRQAUUUUAFFFFABRRRQAUUUUAFFFFABRRRQAUUUUAFFFFABRRRQAUUUUAFFFFABRRRQAUUUUAFFFFABRRRQAUUUUAFFFFABRRRQAUUUUAFFFFABRRRQAUUUUAFFFFABRRRQAUUUUAFFFFABRRRQAUUUUAFFFFABRRRQAUUUUAFFFFABRRRQAUUUUAFFFFABRRRQAUUUUAFFFFABRRRQAUUUUAFFFFABRRRQAUUUUAFFFFABRRRQAUUUUAFFFFABRRRQAUUUUAFFFFABRRRQAUUUUAFFFFABRRRQAUUUUAFFFFABRRRQAUUUUAFFFFABRRRQAUUUUAFFFFABRRRQAUUUUAFFFFABRRRQAUUUUAFFFFABRRRQAUUUUAFFFFABRRRQAUUUUAFFFFABRRRQAUUUUAFFFFABRRRQAUUUUAFFFFABRRRQAUUUUAFFFFABRRRQAUUUUAFFFFABRRRQAUUUUAFFFFABRRRQAUUUUAFFFFABRRRQAUUUUAFFFFABRRRQAUUUUAFFFFABRRRQAUUUUAFFFFABRRRQAUUUUAFFFFABRRRQAUUUUAFFFFABRRRQAUUUUAFFFFABRRRQAUUUUAFFFFABRRRQAUUUUAFFFFABRRRQAUUUUAFFFFABRRRQAUUUUAFFFFABRRRQAUUUUAFFFFABRRRQAUUUUAFFFFABRRRQAUUUUAFFFFABRRRQAUUUUAFFFFABRRRQAUUUUAFFFFABRRRQAUUUUAFFFFABRRRQAUUUUAFFFFABRRRQAUUUUAFFFFABRRRQAUUUUAFFFFABRRRQAUUUUAFFFFABRRRQAUUUUAFFFFABRRRQAUUUUAFFFFABRRRQAUUUUAFFFFABRRRQAUUUUAFFFFABRRRQAUUUUAFFFFABRRRQAUUUUAFFFFABRRRQAUUUUAFFFFABRRRQAUUUUAFFFFABRRRQAUUUUAFFFFABRRRQAUUUUAFFFFABRRRQAUUUUAFFFFABRRRQAUUUUAFFFFABRRRQAUUUUAFFFFABRRRQAUUUUAFFFFABRRRQAUUUUAFFFFABRRRQAUUUUAFFFFABRRRQAUUUUAFFFFABRRRQAUUUUAFFFFABRRRQAUUUUAFFFFABRRRQAUUUUAFFFFABRRRQAUUUUAFFFFABRRRQAUUUUAFFFFABRRRQAUUUUAFFFFABRRRQAUUUUAFFFFABRRRQAUUUUAFFFFABRRRQAUUUUAFFFFABRRRQAUUUUAFFFFABRRRQAUUUUAFFFFABRRRQAUUUUAFFFFAH//Z</file>
    </questiontext>
    <generalfeedback format="html">
      <text></text>
    </generalfeedback>
    <defaultgrade>1.0000000</defaultgrade>
    <penalty>0.3333333</penalty>
    <hidden>0</hidden>
    <idnumber></idnumber>
    <correctfeedback format="html">
      <text>Vaše odpověď je správná.</text>
    </correctfeedback>
    <partiallycorrectfeedback format="html">
      <text>Vaše odpověď je částečně správná.</text>
    </partiallycorrectfeedback>
    <incorrectfeedback format="html">
      <text>Vaše odpověď je chybná.</text>
    </incorrectfeedback>
    <shownumcorrect/>
<subquestions>
<!-- question: 132930  -->
  <question type="varnumeric">
    <name>
      <text>1</text>
    </name>
    <questiontext format="moodle_auto_format">
      <text></text>
    </questiontext>
    <generalfeedback format="html">
      <text></text>
    </generalfeedback>
    <defaultgrade>0.05</defaultgrade>
    <penalty>0.3333333</penalty>
    <hidden>0</hidden>
    <idnumber></idnumber>
    <randomseed></randomseed>
    <requirescinotation>0</requirescinotation>
    <answer fraction="100" format="moodle_auto_format">
      <text>0</text>
      <feedback format="plain_text">
        <text></text>
      </feedback>
      <sigfigs>0</sigfigs>
      <error>0</error>
      <syserrorpenalty>0.0000000</syserrorpenalty>
      <checknumerical>0</checknumerical>
      <checkscinotation>0</checkscinotation>
      <checkpowerof10>0</checkpowerof10>
      <checkrounding>0</checkrounding>
    </answer>
  </question>
<!-- question: 132931  -->
  <question type="varnumeric">
    <name>
      <text>2</text>
    </name>
    <questiontext format="moodle_auto_format">
      <text></text>
    </questiontext>
    <generalfeedback format="html">
      <text></text>
    </generalfeedback>
    <defaultgrade>0.05</defaultgrade>
    <penalty>0.3333333</penalty>
    <hidden>0</hidden>
    <idnumber></idnumber>
    <randomseed></randomseed>
    <requirescinotation>0</requirescinotation>
    <answer fraction="100" format="moodle_auto_format">
      <text>1</text>
      <feedback format="plain_text">
        <text></text>
      </feedback>
      <sigfigs>0</sigfigs>
      <error>0</error>
      <syserrorpenalty>0.0000000</syserrorpenalty>
      <checknumerical>0</checknumerical>
      <checkscinotation>0</checkscinotation>
      <checkpowerof10>0</checkpowerof10>
      <checkrounding>0</checkrounding>
    </answer>
  </question>
<!-- question: 132932  -->
  <question type="gapselect">
    <name>
      <text>3</text>
    </name>
    <questiontext format="moodle_auto_format">
      <text>[[1]]</text>
    </questiontext>
    <generalfeedback format="html">
      <text></text>
    </generalfeedback>
    <defaultgrade>0.125</defaultgrade>
    <penalty>0.3333333</penalty>
    <hidden>0</hidden>
    <idnumber></idnumber>
    <shuffleanswers>1</shuffleanswers>
    <correctfeedback format="html">
      <text></text>
    </correctfeedback>
    <partiallycorrectfeedback format="html">
      <text></text>
    </partiallycorrectfeedback>
    <incorrectfeedback format="html">
      <text></text>
    </incorrectfeedback>
    <shownumcorrect/>
    <selectoption>
      <text>g(x)</text>
      <group>1</group>
    </selectoption>
    <selectoption>
      <text>h(x)</text>
      <group>1</group>
    </selectoption>
    <selectoption>
      <text>0</text>
      <group>1</group>
    </selectoption>
    <selectoption>
      <text>1</text>
      <group>1</group>
    </selectoption>
    <selectoption>
      <text>p(y)</text>
      <group>1</group>
    </selectoption>
    <selectoption>
      <text>q(y)</text>
      <group>1</group>
    </selectoption>
  </question>
<!-- question: 132933  -->
  <question type="gapselect">
    <name>
      <text>4</text>
    </name>
    <questiontext format="moodle_auto_format">
      <text>[[2]]</text>
    </questiontext>
    <generalfeedback format="html">
      <text></text>
    </generalfeedback>
    <defaultgrade>0.125</defaultgrade>
    <penalty>0.3333333</penalty>
    <hidden>0</hidden>
    <idnumber></idnumber>
    <shuffleanswers>1</shuffleanswers>
    <correctfeedback format="html">
      <text></text>
    </correctfeedback>
    <partiallycorrectfeedback format="html">
      <text></text>
    </partiallycorrectfeedback>
    <incorrectfeedback format="html">
      <text></text>
    </incorrectfeedback>
    <shownumcorrect/>
    <selectoption>
      <text>g(x)</text>
      <group>1</group>
    </selectoption>
    <selectoption>
      <text>h(x)</text>
      <group>1</group>
    </selectoption>
    <selectoption>
      <text>p(y)</text>
      <group>1</group>
    </selectoption>
    <selectoption>
      <text>q(y)</text>
      <group>1</group>
    </selectoption>
    <selectoption>
      <text>0</text>
      <group>1</group>
    </selectoption>
    <selectoption>
      <text>1</text>
      <group>1</group>
    </selectoption>
  </question>
<!-- question: 132934  -->
  <question type="varnumeric">
    <name>
      <text>5</text>
    </name>
    <questiontext format="moodle_auto_format">
      <text></text>
    </questiontext>
    <generalfeedback format="html">
      <text></text>
    </generalfeedback>
    <defaultgrade>0.05</defaultgrade>
    <penalty>0.3333333</penalty>
    <hidden>0</hidden>
    <idnumber></idnumber>
    <randomseed></randomseed>
    <requirescinotation>0</requirescinotation>
    <answer fraction="100" format="moodle_auto_format">
      <text>0</text>
      <feedback format="plain_text">
        <text></text>
      </feedback>
      <sigfigs>0</sigfigs>
      <error>0</error>
      <syserrorpenalty>0.0000000</syserrorpenalty>
      <checknumerical>0</checknumerical>
      <checkscinotation>0</checkscinotation>
      <checkpowerof10>0</checkpowerof10>
      <checkrounding>0</checkrounding>
    </answer>
  </question>
<!-- question: 132935  -->
  <question type="varnumeric">
    <name>
      <text>6</text>
    </name>
    <questiontext format="moodle_auto_format">
      <text></text>
    </questiontext>
    <generalfeedback format="html">
      <text></text>
    </generalfeedback>
    <defaultgrade>0.05</defaultgrade>
    <penalty>0.3333333</penalty>
    <hidden>0</hidden>
    <idnumber></idnumber>
    <randomseed></randomseed>
    <requirescinotation>0</requirescinotation>
    <answer fraction="100" format="moodle_auto_format">
      <text>1</text>
      <feedback format="plain_text">
        <text></text>
      </feedback>
      <sigfigs>0</sigfigs>
      <error>0</error>
      <syserrorpenalty>0.0000000</syserrorpenalty>
      <checknumerical>0</checknumerical>
      <checkscinotation>0</checkscinotation>
      <checkpowerof10>0</checkpowerof10>
      <checkrounding>0</checkrounding>
    </answer>
  </question>
<!-- question: 132936  -->
  <question type="gapselect">
    <name>
      <text>7</text>
    </name>
    <questiontext format="moodle_auto_format">
      <text>[[1]]</text>
    </questiontext>
    <generalfeedback format="html">
      <text></text>
    </generalfeedback>
    <defaultgrade>0.125</defaultgrade>
    <penalty>0.3333333</penalty>
    <hidden>0</hidden>
    <idnumber></idnumber>
    <shuffleanswers>1</shuffleanswers>
    <correctfeedback format="html">
      <text></text>
    </correctfeedback>
    <partiallycorrectfeedback format="html">
      <text></text>
    </partiallycorrectfeedback>
    <incorrectfeedback format="html">
      <text></text>
    </incorrectfeedback>
    <shownumcorrect/>
    <selectoption>
      <text>q(y)</text>
      <group>1</group>
    </selectoption>
    <selectoption>
      <text>p(y)</text>
      <group>1</group>
    </selectoption>
    <selectoption>
      <text>g(x)</text>
      <group>1</group>
    </selectoption>
    <selectoption>
      <text>h(x)</text>
      <group>1</group>
    </selectoption>
    <selectoption>
      <text>0</text>
      <group>1</group>
    </selectoption>
    <selectoption>
      <text>1</text>
      <group>1</group>
    </selectoption>
  </question>
<!-- question: 132937  -->
  <question type="gapselect">
    <name>
      <text>8</text>
    </name>
    <questiontext format="moodle_auto_format">
      <text>[[2]]</text>
    </questiontext>
    <generalfeedback format="html">
      <text></text>
    </generalfeedback>
    <defaultgrade>0.125</defaultgrade>
    <penalty>0.3333333</penalty>
    <hidden>0</hidden>
    <idnumber></idnumber>
    <shuffleanswers>1</shuffleanswers>
    <correctfeedback format="html">
      <text></text>
    </correctfeedback>
    <partiallycorrectfeedback format="html">
      <text></text>
    </partiallycorrectfeedback>
    <incorrectfeedback format="html">
      <text></text>
    </incorrectfeedback>
    <shownumcorrect/>
    <selectoption>
      <text>q(y)</text>
      <group>1</group>
    </selectoption>
    <selectoption>
      <text>p(y)</text>
      <group>1</group>
    </selectoption>
    <selectoption>
      <text>g(x)</text>
      <group>1</group>
    </selectoption>
    <selectoption>
      <text>h(x)</text>
      <group>1</group>
    </selectoption>
    <selectoption>
      <text>0</text>
      <group>1</group>
    </selectoption>
    <selectoption>
      <text>1</text>
      <group>1</group>
    </selectoption>
  </question>
<!-- question: 132938  -->
  <question type="gapselect">
    <name>
      <text>9</text>
    </name>
    <questiontext format="moodle_auto_format">
      <text>[[2]]</text>
    </questiontext>
    <generalfeedback format="html">
      <text></text>
    </generalfeedback>
    <defaultgrade>0.1</defaultgrade>
    <penalty>0.3333333</penalty>
    <hidden>0</hidden>
    <idnumber></idnumber>
    <shuffleanswers>1</shuffleanswers>
    <correctfeedback format="html">
      <text></text>
    </correctfeedback>
    <partiallycorrectfeedback format="html">
      <text></text>
    </partiallycorrectfeedback>
    <incorrectfeedback format="html">
      <text></text>
    </incorrectfeedback>
    <shownumcorrect/>
    <selectoption>
      <text>=</text>
      <group>1</group>
    </selectoption>
    <selectoption>
      <text>není roven</text>
      <group>1</group>
    </selectoption>
    <selectoption>
      <text>?</text>
      <group>1</group>
    </selectoption>
  </question>
<!-- question: 132939  -->
  <question type="gapselect">
    <name>
      <text>10</text>
    </name>
    <questiontext format="moodle_auto_format">
      <text>[[1]]</text>
    </questiontext>
    <generalfeedback format="html">
      <text></text>
    </generalfeedback>
    <defaultgrade>0.1</defaultgrade>
    <penalty>0.3333333</penalty>
    <hidden>0</hidden>
    <idnumber></idnumber>
    <shuffleanswers>1</shuffleanswers>
    <correctfeedback format="html">
      <text></text>
    </correctfeedback>
    <partiallycorrectfeedback format="html">
      <text></text>
    </partiallycorrectfeedback>
    <incorrectfeedback format="html">
      <text></text>
    </incorrectfeedback>
    <shownumcorrect/>
    <selectoption>
      <text>=</text>
      <group>1</group>
    </selectoption>
    <selectoption>
      <text>není roven</text>
      <group>1</group>
    </selectoption>
    <selectoption>
      <text>?</text>
      <group>1</group>
    </selectoption>
  </question>
<!-- question: 132940  -->
  <question type="gapselect">
    <name>
      <text>11</text>
    </name>
    <questiontext format="moodle_auto_format">
      <text>[[2]]</text>
    </questiontext>
    <generalfeedback format="html">
      <text></text>
    </generalfeedback>
    <defaultgrade>0.1</defaultgrade>
    <penalty>0.3333333</penalty>
    <hidden>0</hidden>
    <idnumber></idnumber>
    <shuffleanswers>1</shuffleanswers>
    <correctfeedback format="html">
      <text></text>
    </correctfeedback>
    <partiallycorrectfeedback format="html">
      <text></text>
    </partiallycorrectfeedback>
    <incorrectfeedback format="html">
      <text></text>
    </incorrectfeedback>
    <shownumcorrect/>
    <selectoption>
      <text>=</text>
      <group>1</group>
    </selectoption>
    <selectoption>
      <text>není roven</text>
      <group>1</group>
    </selectoption>
    <selectoption>
      <text>?</text>
      <group>1</group>
    </selectoption>
  </question>
</subquestions>
  </question>

<!-- question: 132943  -->
  <question type="combined">
    <name>
      <text>d. EOI</text>
    </name>
    <questiontext format="html">
      <text><![CDATA[<p><span id="selectionBoundary_1584026444557_40082561880701406" style="line-height: 0; display: none;" class="rangySelectionBoundary">﻿</span>Na obrázku je množina \(D_4\). <img src="@@PLUGINFILE@@/D3927.jpg" alt="" role="presentation" class="img-responsive atto_image_button_middle" width="600" height="450"><br></p><p>Hranici množiny tvoří&nbsp; \(g(x) = -\sqrt{1-x^2}\) pro \(y\leq 0,\ h(x) = 1-x^2\), <br></p><p>které lze zapsat i jako \(p_1(y) = -\sqrt{1-y^2}\) pro \( x\leq 0,\ p_2(y) = \sqrt{1-y^2}\) pro \( x\geq 0,\&nbsp; q_1(y) = -\sqrt{1-y}\) pro \( x\leq 0, \&nbsp; q_2(y) = \sqrt{1-y}\) pro \( x\geq 0\).</p><p>Průsečíky hraničních křivek jsou [-1, 0] a [1, 0], vrchol paraboly \( y = 1-x^2\) je [0, 1].<br></p><p>Doplňte nerovnice tak, aby popisovaly množinu \(D_4\) jako <br><b>a) elementární obor integrace vzhledem k ose x: </b><br>[[1:numeric:_5_]] \(\le x\le \) [[2:numeric:_5_]], [[3:selectmenu:1]]\(\le y\le \)[[4:selectmenu:2]]<br><b>b) elementární obor integrace vzhledem k ose y: </b><br>[[5:numeric:_5_]] \(\le y\le \) [[6:numeric:_5_]],&nbsp;[[7:selectmenu:1]]\(\le x\le \)[[8:selectmenu:2]]  <br>\(\bigcup\)  <br>[[9:numeric:_5_]]\(\le y\le \)[[10:numeric:_5_]], [[11:selectmenu:1]]\(\le x\le \)[[12:selectmenu:2]]<br></p>]]></text>
<file name="D3927.jpg" path="/" encoding="base64">/9j/4AAQSkZJRgABAQAAAQABAAD//gAYTUFUTEFCIEhhbmRsZSBHcmFwaGljc//+AB1NQVRMQUIsIFRoZSBNYXRoV29ya3MsIEluYy7/2wBDAAgGBgcGBQgHBwcJCQgKDBQNDAsLDBkSEw8UHRofHh0aHBwgJC4nICIsIxwcKDcpLDAxNDQ0Hyc5PTgyPC4zNDL/2wBDAQkJCQwLDBgNDRgyIRwhMjIyMjIyMjIyMjIyMjIyMjIyMjIyMjIyMjIyMjIyMjIyMjIyMjIyMjIyMjIyMjIyMjL/wAARCANrBI8DASIAAhEBAxEB/8QAHwAAAQUBAQEBAQEAAAAAAAAAAAECAwQFBgcICQoL/8QAtRAAAgEDAwIEAwUFBAQAAAF9AQIDAAQRBRIhMUEGE1FhByJxFDKBkaEII0KxwRVS0fAkM2JyggkKFhcYGRolJicoKSo0NTY3ODk6Q0RFRkdISUpTVFVWV1hZWmNkZWZnaGlqc3R1dnd4eXqDhIWGh4iJipKTlJWWl5iZmqKjpKWmp6ipqrKztLW2t7i5usLDxMXGx8jJytLT1NXW19jZ2uHi4+Tl5ufo6erx8vP09fb3+Pn6/8QAHwEAAwEBAQEBAQEBAQAAAAAAAAECAwQFBgcICQoL/8QAtREAAgECBAQDBAcFBAQAAQJ3AAECAxEEBSExBhJBUQdhcRMiMoEIFEKRobHBCSMzUvAVYnLRChYkNOEl8RcYGRomJygpKjU2Nzg5OkNERUZHSElKU1RVVldYWVpjZGVmZ2hpanN0dXZ3eHl6goOEhYaHiImKkpOUlZaXmJmaoqOkpaanqKmqsrO0tba3uLm6wsPExcbHyMnK0tPU1dbX2Nna4uPk5ebn6Onq8vP09fb3+Pn6/9oADAMBAAIRAxEAPwD3+iiigAooooAKKKKACiiigAooooAKKKKACiiigAooooAKKKKACiiigAooooAKKKKACiiigAooooAKKKKACiiigAooooAKKKKACiiigAooooAKKKKACiiigAooooAKKKKACiiigAooooAKKKKACiiigAooooAKKKKACiiigAooooAKKKKACiiigAooooAKKKKACiiigAooooAKKKKACiiigAooooAKKKKACiiigAooooAKKKKACiiigAooooAKKKKACiiigAooooAKKKKACiiigAooooAKKKKACiiigAooooAKKKKACiiigAooooAKKKKACiiigAooooAKKKKACiiigAooooAKKKKACiiigAooooAKKKKACiiigAooooAKKKKACiiigAooooAKKKKACiiigAooooAKKKKACiiigAooooAKKKKACiiigAooooAKKKKACiiigAooooAKKKKACiiigAooooAKKKKACiiigAooooAKKKKACiiigAooooAKKKKACiiigAooooAKKKKACiiigAooooAKKKKACiiigAooooAKKKKACiiigAooooAKKKKACiiigAooooAKKKKACiiigAooooAKKKKACiiigAooooAKKKKACiiigAooooAKKKKACiiigAooooAKKKKACiiigAooooAKKKKACiiigAooooAKKKKACiiigAooooAKKKKACiiigAooooAKKKKACiiigAooooAKKKKACiiigAooooAKKKKACiiigAooooAKKKKACiiigAooooAKKKKACiiigAooooAKKKKACiiigAooooAKKKKACiiigAooooAKKKKACiiigAooooAKKKKACiiigAooooAKKKKACiiigAooooAKKKKACiiigAooooAKKKKACiiigAooooAKKKKACiiigAooooAKKKKACiiigAooooAKKKKACiiigAooooAKKKKACiiigAooooAKKKKACiiigAooooAKKKKACiiigAooooAKKKKACiiigAooooAKKKKACiiigAooooAKKKKACiiigAooooAKKKKACiiigAooooAKKKKACiiigAooooAKKKKACiiigAooooAKKKKACiiigAooooAKKKKACiiigAooooAKKKKACiiigAooooAKKKKACiiigAooooAKKKKACiiigAooooAKKKKACiiigAooooAKKKKACiiigAooooAKKKKACiiigAooooAKKKKACiiigAooooAKKKKACiiigAooooAKKKKACiiigAooooAKKKKACiiigAooooAKKKKACiiigAooooAKKKKACiiigAooooAKKKKACiiigAooooAKKKKACiiigAooooAKKKKACiiigAooooAKKKKACiiigAooooAKKKKACiiigAooooAKKKKACiiigAooooAKKKKACiiigAooooAKKKKACiiigAooooAKKKKACiiigAooooAKKKKACiiigAooooAKKKKACiiigAooooAKKKKACiiigAooooAKKKKACiiigAooooAKKKKACiiigAooooAKKKKACiiigAooooAKKKKACiiigAooooAKKKKACiiigAooooAKKKKACiiigAooooAKKKKACiiigAooooAKKKKACiiigAooooAKKKKACiiigAooooAKKKKACiiigAooooAKKKKACiiigAooooAKKKKACiiigAooooAKKKKACiiigAooooAKKKKACiiigAooooAKKKKACiiigAooooAKKKKACiiigAooooAKKKKACiiigAooooAKKKKACiiigAooooAKKKKACiiigAooooAKKKKACiiigAooooAKKKKACiiigAooooAKKKKACiiigAooooAKKKKACiiigAooooAKKKKACiiigAooooAKKKKACiiigAooooAKKKKACiiigAooooAKKKKACiiigAooooAKKKKACiiigAooooAKKKKACiiigAooooAKKKKACiiigAooooAKKKKACiiigAooooAKKKKACiiigAooooAKKKKACiiigAooooAKKKKACiiigAooooAKKKKACiiigAooooAKKKKACiiigAooooAKKKKACiiigAooooAKKKKACiiigAooooAKKKKACiiigAooooAKKKKACiiigAooooAKKKKACiiigAooooAKKKKACiiigAooooAKKKKACiiigAooooAKKKKACiiigAooooAKKKKACiiigAooooAKKKKACiiigAooooAKKKKACiiigAooooAKKKKACiiigAooooAKKKKACiiigAooooAKKKKACiiigAooooAKKKKACiiigAooooAKKKKACiiigAooooAKKKKACiiigAooooAKKKKACiiigAooooAKKKKACiiigAooooAKKKKACiiigAooooAKKKKACiiigAooooAKKKKACiiigAooooAKKKKACiiigAooooAKKKKACiiigAooooAKKKKACiiigAooooAKwfG2r3WgeC9X1Wy2fabW3aSPeuVyPUVvVyXxQ/5Jj4i/683oA800Lxn8Y9f0GLXdL0zSbyycttXaFZtpIPy7weoNd38NPiOnjq0u4Lu0FjrFiwW5t8nBHTcoPI5BBB6evNU/glPDbfCDTZp5Y4okecs7sFCjzX5JPSuT+Esiav8AGbxnren5bS3EirIo+V2eUFT+IRj+NAHutFFFABRRRQAUUUUAFFFFABRRRQAUUUUAFFFFABRRRQAUUUUAFFFFABRRRQAUUUUAFFFFABRRRQAUUUUAFFFFABRRRQAUUUUAFFFFABRRRQAUUUUAFFFFABRRRQAUUUUAFFFFABRRRQAUUUUAFFFFABRRRQAUUUUAFFFFABRRRQAUUUUAFFFFABRRRQAUUUUAFFFFABRRRQAUUUUAFFFFABRRRQAUUUUAFFFFABRRRQAUUUUAFFFFABRRRQAUUUUAFFFFABRRRQAUUUUAFFFFABRRRQAUUUUAFFFFABRRRQAUUUUAFFFFABRRRQAUUUUAFFFFABRRRQAUUUUAFFFFABRRRQAUUUUAFFFFABRRRQAUUUUAFFFFABRRRQAVna9o1v4h0K90i7eVLe7iMUjREBwD6EgjP4Vo0UAeRR/s5+DkkDNfa04HVWniwfyjBr0LQ/D+heCdCe206CKysoQZZpGbk4HLux68Dqeg9q26y/EehW3ibw/eaNeSzRW92gR3gYBwMg8Egjt6UAeTQeMvEGu/FrwxdJPcWfhvUXuEsrXcV+0Rxof3rr33McjPQAfU+214nqfwcvovGPhz+z9Z8RXGlQLItxeS6inm2YC4QRcAgHocA8ele2UAFFFFABRRRQAUUUUAFFFFABRRRQAUUUUAFFFFABRRRQAUUUUAFFFFABRRRQAUUUUAFFFFABRRRQAUUUUAFFFFABRRRQAUUUUAFFFFABRRRQAUUUUAFFFFABRRRQAUUUUAFFFFABRRRQAUUUUAFFFFABRRRQAUUUUAFFFFABRRRQAUUUUAFFFFABRRRQAUUUUAFFFFABRRRQAUUUUAFFFFABRRRQAUUUUAFFFFABRRRQAUUUUAFFFFABRRRQAUUUUAFUbHUPtt5qdv5Wz7Dcrb7t2d+Yo5M9OP9ZjHPTPer1Ymh/8AIY8Tf9hJP/SS3oA26KKKACiiigAooooAKKKKACmo2+NXAxuANOqOD/j3i/3B/KgCSiiigAooooAKKKKACiiigAooooAKKKKACiiigAooooAKKKKACiiigAooooAKKKKACiiigAoorKHibQjrY0ZdXsjqZDH7KJ1Mg28sCM8EDnHXAJ6A0AatNkljhiaWV1SNRlmY4AHqTXgPxF+OWtaVr9/onh9NNWO3IQX8b/aCxKg5XooIzgghsEEVneJtb8Q/E74aaajW1uJIWSbhsy3Mqbomcn5UQHc7bQD2ANAHv2l+I9F1y4uoNK1O1vZLXb5wt5A+zOcZI47H8q8p8U/tCWmiavf6XY6DNdTWlxJbvLNOI0LIxUkABiRke3FeeeEPAF5p149zqwtnhkiMbW+4sTyDzjjqBxyK3bj4feH7rUpLyW3cCQg+RGwjjXAA4CgEZxk89aAOu+InxjXT/DltdeE3keaW5QGe5snWJoyrn5S4GSSFII7VzXw5+MniXUNQ1G31ZP7WmaNJIEBjt0hUEh+VTJJ3J69DWqdMsWsoLN7SGS3gCiKOVA4TaMDGc844zU8UEMClYYkjB6hFA/lQB5b4h8d+PbnxJqht9U1e3hN3KscFvM5SNd5wqkAZAHGcDpXffEfxv4vuPDFpHZRNYTC6QtNpt1KZWGx+CAo+XOD16gVsUUAcj8MfHHjWPVr251Ga71W2igEf2a9umjwzMCHUlWyQEYdvvVkap8bfHFh4k1KOG/jW2jvJRHbSwRuI13nCbgoJwOM5r0Wq89jZ3P8Ar7WCXv8AvIw386AL+u/Gh9A8JaZdNp0k+sF44ryGeCSGMny2Lsj4K/eAwM5wenBxtfDv4tWfj/ULiwj0m6sp4YvNLs4kiIyBt3cHcckgY5Ct6Vx2r6JYa7bLb6hC0satuUCRlwfXg9f8T61m6Z4I0PSmnMVsZhMVO2fD+WRnlTjI+96+lAHtdp408NXuo3GnQ63ZfbbeZoJLeSUI4kUkEBWwTyD0zW7Xx3dfDHW/tyMbqK5jllHmzBiXUE8uQ2M+vXJrufGnxX8V+G7fStLsTplo8Q3mS0tiqtGo2qmxsqq9eASeB90dQD6LorzH4TfE658c211Dq8Vha3kBVYvKmAa4yDuIjJLDb8vPIO7tiu10DxZoHiiAy6LqtteADcyI2HUf7SHDL+IoA2aKKKACiiigAooooAKKKKACiiigAooooAKKKKACiiigAooooAKKKKACiiigAooooAKKKKACms21lGPvHH6E/wBKdUcn34f9/wD9lNAElFFFABRRRQAUUUUAFFFFABRRRQAUUUUAFFFFABRRRQAUUUUAFFFFABRRRQAUUUUAFFFFABRRRQAUUUUAFFFFABRRRQAUUUUAFFFFABRRRQAUUUUAFFFFABRRRQAUUUUAFFFFABRRRQAUUUUAFFFFABRRRQAUUUUAFFFFABWJof8AyGPE3/YST/0kt626xND/AOQx4m/7CSf+klvQBt0UUUAFFFFABRRRQAUUUUAFRwf8e8X+4P5VJUcH/HvF/uD+VAElFFFABRRRQAUUUUAFFFFABRRRQAUUUUAFFFFABRRRQAUUUUAFFFFABRRRQAUUUwzRCdYDKgmZS6xlhuKggEgdcAkc+4oAfXIeOviLo3gG2hbUkuZbi4DG3ghjP7zGM/MflGMjPOeeleMfFP4ueKB4h1Dw9psq6XbWs3lGW0mDyy47+Yp+XPBwMEdDzkVa1ixvPiTpFnf+ILm5gvcl4ohEI0tgSAyKmScHaDliW4B/2aANyD4rSfEPwfqmlw6RLaX8m6JpY7xkSBGGY5Ny4YtkH5AMHackBsV5d4X+H+sDU7e8v0itreJ8vHLh2kXoy7emCMjn1716JonhrS/D8ZWxtwJGGHmf5nYe59OnAwK16AMy58PaReXsd5c6fBNNFGIk3rlVUEkDb93ue1aSqqIFVQqqMAAYAFLRQAUUUUAFFFFABRRRQAUUUUAFFFFABUNza295CYbqCKaM9UkQMPyNTUUAYt54Z0+XQLnSrO1treOUMVJh3hHP8WMjn0OeMDsMVw3h3wTr+g+MbK9VYXjs3FyriYok21gRGSASM8ZBHTNep0UAVdR/aFi07xOtnJor/YY0CXWJFaWObcd20glWUDbwdpzkHFevaBrth4l0O11jTJGks7kExsylTwxUgg+hBH4V4Fr/AID0nXGedVNpdscmaIcMfVl6H69aqeN9b8ReGvDVrpeiahfxaXuXdhixthGVKKshG5QTj+L+EAcEggH01RXkfwW+I+r+MlvNO1lrSSayjRlnD7Jpskj7gGCBjlhjGV4Ocj1WyvrTUbVLqxuoLq2k+5NBIHRvoRwaAJ6KKKACiiigAooooAKKKKACiiigAooooAKKKKACiiigAooooAKKKKACiiigAqOT78P+/wD+ympKjk+/D/v/APspoAkooooAKKKKACiiigAooooAKKKKACiiigAooooAKKKKACiiigAooooAKKKKACiiigAooooAKKKKACiiigAooooAKKKKACiiigAooooAKKKKACiiigAooooAKKKKACiiigAooooAKKKKACiiigAooooAKKKKACiiigAooooAKxND/wCQx4m/7CSf+klvW3WJof8AyGPE3/YST/0kt6ANuiiigAooooAKKKKACiiigAqOD/j3i/3B/KpKjg/494v9wfyoAkooooAKKKKACiiigAooooAKKKKACiiigAooooAKKKKACiiigAooooAKKp6rq2n6Hps2oandxWtpCMvLKcAeg9yewHJryj4h+Mrbxr4EjtPBmrTvd3Th5Y4F2ERDcGjlYkeXk4wOS2Om0lqAO21Xx3ojaJrTaVrtg1/ZhrdMsXAuWQmNdoBL5I/hB+6w6qcfL9kvjDxH4xl1CSe4l1KGRo7m5mkKKg5VkJUjCkFl2r2JxW/8PPCep6fdjV7tjbI8ZRbdly7g9zn7vOD68enX0jFAFIaPpguYLkWFsJrdNkLiMDYM5wPTn8sn1NXaKKACiiigAooooAKKKKACiiigAooooAKKKKACiiigAooooAKKKKACkdFkQo6hlIwQRkGlooAw9X0aRdBa30FY7K8hO+0kjOwwsW3NsYcqTk9PWuP+F194i8K+Nktprm60/TI3U6krQtLGEzxlRxkkYDjoMnkAivTKbIrPE6LI0bMpAdQCVPqM8fnQB6bY+MPD+p67NotlqlvNqEMaSmJT95GUMGU9HG1gcqT1rbr46u/AOvaf4igbT7h5N0hlivQxVo2UFssR91sjg9CccivoK0+LPhOwl0rR77UL2K7li2PJfRYaNlIUGZh8uWIJyuV7nAIyAeh0UAggEHIPQiigAooooAKKKKACiiigAooooAKKKKACiiigAooooAKKKKACiiigAqOT78P+/wD+ympKjk+/D/v/APspoAkooooAKKKKACiiigAooooAKKKKACiiigAooooAKKKKACiiigAooooAKKKKACiiigAooooAKKKKACiiigAooooAKKKKACiiigAooooAKKKKACiiigAooooAKKKKACiiigAooooAKKKKACiiigAooooAKKKKACiiigAooooAKxND/wCQx4m/7CSf+klvW3WJof8AyGPE3/YST/0kt6ANuiiigAooooAKKKKACiiigAqOD/j3i/3B/KpKjg/494v9wfyoAkooooAKKKKACiiigAooooAKKKKACiiigAooooAKKKKACiiigArA8W+M9F8FaWb/AFi52BuIoIwGlmPoq5GfqcAdzVbxd8QfD3gl7OPWbpklunAWOJN7qmcGRgOQo/M4OASK8J+JOi3fjzxZ/buiSyy6dOEiT7XLgAAYMkakfLEcA4+8SS2MHgA2Pi7c/wDCx4dOuPCzy3VnaIzO7O0cdwzbcbEbA3KN2SQOu3JIwIfBfhibw1prpcXTSTTkO8Sn92h9vf1PfA9Kv+HNAg8OaStjA7SEsZJJG/icgAnHYYA49q16ACiiigAooooAKKKKACiiigAooooAKKKKACiiigAooooAKKKKACiiigAooooAKKKKACiiigArznxh8PrrUtUbUdMm3vcSKJo5nPyZ43An+Eccdh07CvRqKAG6B8R9A+G/hXT/AA/qxv5b+FgG+YyhkZmJlUnGEGCNmMg4HPL16/p2o2erafDf6fcxXNpMu6OaJtysOnX65HsRXzh418Ff8JCPt1pIy6hGgQI7fI6jPHseT7fzrb8FeJdL+EHhi9tdZFxPd3DieDyJCyTtgAoqnATbnJY9R3ztUAHvtFZfh/xDpfijSItU0i6S4tpOMj7yN3Vh2YZHB/rWpQAUUUUAFFFFABRRRQAUUUUAFFFFABRRRQAUUUUAFFFFABUcn34f9/8A9lNSVHJ9+H/f/wDZTQBJRRRQAUUUUAFFFFABRRRQAUUUUAFFFFABRRRQAUUUUAFFFFABRRRQAUUUUAFFFFABRRRQAUUUUAFFFFABRRRQAUUUUAFFFFABRRRQAUUUUAFFFFABRRRQAUUUUAFFFFABRRRQAUUUUAFFFFABRRRQAUUUUAFFFFABRRRQAViaH/yGPE3/AGEk/wDSS3rbrE0P/kMeJv8AsJJ/6SW9AG3RRRQAUUUUAFFFFABRRRQAVHB/x7xf7g/lUlRwf8e8X+4P5UASUUUUAFFFFABRRRQAUUUUAFFFFABRRRQAUUUUAFFFFABXL+I/iF4a8KavYaZq+oLDcXh4wMiJcHDyH+FSRgH1OegJFjWPG/hvQNXt9K1XVre1u7iNpESQ8BR/ePRc4OM4yRgZPFfM2s+B9W1zxpcXTXVzPY3krzC+vAPOCZ4DqOjYxgDAxjhcFQAXfF/g7UvFHji61W1km/s6+mLrJeyZlhTA4K9QDztXqBgNg5ruNI0q30XS4NPtS5iiGAXOSSTkn8SSamsLKLTrCCygLmKBAiF2LHA9zVigAooooAKKKKACiiigAooooAKKKKACiiigAooooAKKKKACiiigAooooAKKKKACiiigAooooAKKKKACiiigArnPF3hWLxNYqBIY7uAEwOSdvPUEehwOevA+ldHRQBznw4urD4TWd5qHiP7RuvYgM28hdVdQWEXl8Au398nA6fKMsfb/AAv4p0vxfosWqaVPvibh0bh4m7qw7GvFfFPhi38TaeInby7iLJhl/uk9c+xwKrfCmFPhvf3up+J7iW1tZ4TGGikLwxlTnMiqCSSB8pGepBGSMAH0bRWN4X8U6V4v0aPVNJn8yFuGRuHjburDsa2aACiiigAooooAKKKKACiiigAooooAKKKKACiiigAqOT78P+//AOympKjk+/D/AL//ALKaAJKKKKACiiigAooooAKKKKACiiigAooooAKKKKACiiigAooooAKKKKACiiigAooooAKKKKACiiigAooooAKKKKACiiigAooooAKKKKACiiigAooooAKKKKACiiigAooooAKKKKACiiigAooooAKKKKACiiigAooooAKKKKACsTQ/+Qx4m/7CSf8ApJb1t1iaH/yGPE3/AGEk/wDSS3oA26KKKACiiigAooooAKKKKACo4P8Aj3i/3B/KpKjg/wCPeL/cH8qAJKKKKACiiigAooooAKKKKACiiigAooooAKKKKACsvUfEWjaXeLZX+qWtrcvBJcLHLIFYxoMs3PoMn6Kx7HF+WeONvKM0aSsjOocjO1cZbGeQNy5+o9a+PL/R/FPinxvLd3srPNcSmUaigYQ7FOA0ZODtxjaODgjp1oAfd+EvEHiPxjcTX09xcRXMhmOp3EWzzY84VtmflYgDEf8ACMDgCvW7eH7PbRQiSSTy0Cb5G3M2BjJPc+9LErJCiPIZHVQGdgAWPqccflT6ACiiigAooooAKKKKACiiigAooooAKKKKACiiigAooooAKKKKACiiigAooooAKKKKACiiigAooooAKKKKACiiigAooooAKw/FPh2PxJpJtWlaORG3xMDwGxjkd+p/OtyigDkvg5ZXPg3xFNf+IL6TS7CZHh2MyiGRweGlY/dXrtPGT3AIDfQOha/pfibSo9T0e8S6s5CVEigryDgghgCD7EenrXiHizRJfEGgzWUNw8UmQ6AHCuR0Vvb+uD2rL+BUesaJ4weC+um07TrkPEbedDi6mXgKp6Bhknd32kDPOAD6VoqvY6hZ6naJd2F3BdWz52TQSB0bBwcEcHkVYoAKKKKACiiigAooooAKKKKACiiigAooooAKjk+/D/v/APspqSo5Pvw/7/8A7KaAJKKKKACiiigAooooAKKKKACiiigAooooAKKKKACiiigAooooAKKKKACiiigAooooAKKKKACiiigAooooAKKKKACiiigAooooAKKKKACiiigAooooAKKKKACiiigAooooAKKKKACiiigAooooAKKKKACiiigAooooAKKKKACsTQ/+Qx4m/wCwkn/pJb1t1iaH/wAhjxN/2Ek/9JLegDbooooAKKKKACiiigAooooAKjg/494v9wfyqSo4P+PeL/cH8qAJKKKKACiiigAooooAKKKKACiiigAooooAKRtwU7QC2OATgZpa+TvGPxN8Ua/4+c6cbvT1gMlhBYgtG5VjtcSDghmwM9CpAwQVzQBleIdQ8XeLfiJLJdpJFqPmSQxwht0UESsyMoI+VkGGUkZDc9c169GHEaiRlaQAbmVdoJ7kDJx+ZqGzhEVrAptooHSMKI4zuEfTKg4HHA7DpVigAooooAKKKKACiiigAooooAKKKKACiiigAooooAKKKKACiiigAooooAKKKKACiiigAooooAKKKKACiiigAooooAKKKKACiiigAooooAKwPGWlX2seHJ7TT5QspIYoQP3oHOzJ6ZOPyx0JrfooA5T9nrVNbt/EV1ou+NdJkV5ZYrhtrCVQB+6HduV3DsBk84z9I187+NW1aLw+9xoxZLuFw/mxMyyxqM5MZHIb+hNWv2evFus3Utx4amt57rTbePzY7jjbac/cJPZjnAGTkHjGSAD36iiigAooooAKKKKACiiigAooooAKKKKACo5Pvw/7/wD7KakqOT78P+//AOymgCSiiigAooooAKKKKACiiigAooooAKKKKACiiigAooooAKKKKACiiigAooooAKKKKACiiigAooooAKKKKACiiigAooooAKKKKACiiigAooooAKKKKACiiigAooooAKKKKACiiigAooooAKKKKACiiigAooooAKKKKACiiigArE0P/kMeJv8AsJJ/6SW9bdYmh/8AIY8Tf9hJP/SS3oA26KKKACiiigAooooAKKKKACo4P+PeL/cH8qkqOD/j3i/3B/KgCSiiigAooooAKKKKACiiigAooooAKKK8u+Inxks/BGv2WlW9qmoTA779FfaYkK/KAem/JDYPYY43AgA4rx/8d9Ss/FhtPCslu1hZ74pZJI963MhGCR/sqehHUjJypxVzTrKzuBa6q1nKL0xH99dAGc7zklyCfmJyfbcemSKybHRtI8TXlv4vlgX7bdSNdSLGnlxmQnoU/wBkg8/xHJJbOa6qgAooooAKKKKACiiigAooooAKKKKACiiigAooooAKKKKACiiigAooooAKKKKACiiigAooooAKKKKACiiigAooooAKKKKACiiigAooooAKKKKACiiigAIyMHpXMeJtXvPBWmw6n4eg+zXUe6ETRIuyJH5O5cYOWwQCMbsE+h6eo7i3hu7eS3uI1khkUq6MOCDQBd+CXxKn8VWL6DqzyS6rZReYty3JniBAyx/vAkDPfI75r12vnA+I7f4RIJdEtUeS7gML28obbIw3FJWYdSrMcjIyGwMcEet/DTx7b+PPDa3R2R6lb4jvIF/hbsw/2WAz7cjtQB2lFFFABRRRQAUUUUAFFFFABRRRQAVHJ9+H/f8A/ZTUlRyffh/3/wD2U0ASUUUUAFFFFABRRRQAUUUUAFFFFABRRRQAUUUUAFFFFABRRRQAUUUUAFFFFABRRRQAUUUUAFFFFABRRRQAUUUUAFFFFABRRRQAUUUUAFFFFABRRRQAUUUUAFFFFABRRRQAUUUUAFFFFABRRRQAUUUUAFFFFABRRWBH428My6oNNTWrRrsv5YQPwW/uhuhPtmgDfoornbzx54W0+8ms7vW7WK4hYpJGxOVI7HigDoqxND/5DHib/sJJ/wCklvWvbzxXVtFcQOHhlQOjjoykZB/KsjQ/+Qx4m/7CSf8ApJb0AbdFFFABRRRQAUUUUAFFFFABUcH/AB7xf7g/lUlRwf8AHvF/uD+VAElFFFABRRRQAUUUUAFFFFABRRVe+v7PS7N7y/uobW1jxvmmcIi5IAyTwOSKAMPxf460PwRDZS6zO6C7mESLEu9gP4nK5ztXjJGTyMAk14PrnhTSfG3iR/EmmsLbTbu5eR0Ds7Trk5kJJO1mbPyjAUY4BBBm+LWiTeMvGYv9A1BtTtViiidzKhhiJyf3TDhlAKk9Tlup5C72haLbaBpMVhbcheXcjBdj1Y/59KAL8MMdvAkMKLHFGoVEUYCgdAKfRRQAUUUUAFFFFABRRRQAUUUUAFFFFABRRRQAUUUUAFFFFABRRRQAUUUUAFFFFABRRRQAUUUUAFFFFABRRRQAUUUUAFFFFABRRRQAUUUUAFFFFABRRRQAUUUUAZuu6Lba/pMtjcjG4ZR8co3Yisvwzrvh/wCDb3oubb7de3doGhlTAmZlODGecJGxO7PX5DneQuOmrkvHHhP/AISGwWe0Rf7RgHydB5i/3Sf5Z/rQB9B6HrVj4i0W11bTpfMtblA6E8EeoI7EHII9RWhXjHwqvND+H2g3dhrmufZbySZGeG4nHkuWJUPAu0N6B+uNgJ2ivZ6ACiiigAooooAKKKKACiiigAqOT78P+/8A+ympKjk+/D/v/wDspoAkooooAKKKKACiiigAooooAKKKKACiiigAooooAKKKKACiiigAooooAKKKKACiiigAooooAKKKKACiiigAooooAKKKKACiiigAooooAKKKKACiiigAooooAKKKKACiiigAooooAKKKKACiiigApkqu8LpHIY3ZSFcAHaexwetPooA4KHxhqEfw6vby4Ctr9pM+nsiqPmut+xMDoc7lbFbMmu6npuyzm0HVtSmijQSXdskIjlfaCxALqRznsK50aXFqXxbk+yXCS6dDHFqV5GnKi6UPHHyO5U7sf7INdTqHhePUb6S6bV9atzJj91bX7xxrgAcKOB0z9c0AZ2reIb2fwnr839jalpslvp80kcl0IwC2w4xsduR1rK1HSLJPgX9nWFAkWkpcoQORKED7/qW5z7101t4WtoLS9tpdQ1S8hvIGgkW7u2lAVgQcZ6HBrl28KeMJ/DkfhOe+0saSqrA18m/7Q0CkYXZjaGwAM5xigDt9GuJLvQ9PuZTmSW2jkc+pKgmuE0o+M9A0e/vv7CsHja7uL2eCW6P2iUM5b5doKj5cAAk9Pwrs4LbVYNbEatZroKWgjjjXd54lBA64xt2575zXOrpHji10ybRYdQ065tnDxx6ldySNcpGxP3lxhnAPByBwM0AdXpGp2+s6Paala58i5iWVAw5AI6H3HSsCy1K6s9f8SRwaJf3ynUEYyW7wBQfstvx+8kU54z0xz1rd0TSYdC0Sz0u3JaK1iWNWbq2OpP1PNU9D/wCQx4m/7CSf+klvQBesr24uoS82l3dmwbAjnaIsR6/I7DH454qz5jf88ZPzX/GpKKAI/Mb/AJ4yfmv+NHmN/wA8ZPzX/GpKKAI/Mb/njJ+a/wCNHmN/zxk/Nf8AGpKKAI/Mb/njJ+a/40eY3/PGT81/xqSigCPzG/54yfmv+NRwSN9ni/cyfcHdfT61YqOD/j3i/wBwfyoAPMb/AJ4yfmv+NHmN/wA8ZPzX/GpKKAI/Mb/njJ+a/wCNHmN/zxk/Nf8AGpKKAI/Mb/njJ+a/40eY3/PGT81/xqSigCPzG/54yfmv+NHmN/zxk/Nf8akooAj8xv8AnjJ+a/414P8AtFT65P8A2VYwITpRjkuZIo/mk3pwXcDOECsMHpktntXYfG3xjfeFPByw6dFMtxqTtbi7VflgXGW57ORkKOvDEfdryr4d6hrmri6vtVne7jwIlu7p3knfByFDMT8i5Y/VutAGp4D0i90fw3HHezSF5W8xYG6Qg9h3BPUj1P1z09FFABRRRQAUUUUAFFFFABRRRQAUUUUAFFFFABRRRQAUUUUAFFFFABRRRQAUUUUAFFFFABRRRQAUUUUAFFFFABRRRQAUUUUAFFFFABRRRQAUUUUAFFFFABRRRQAUUUUAFFFFAHmXxH8MX91qMWqWSXF2JFETwopcx4HG0Dsefxye9e+/CubUT8O9MTUrlb25jVoy0fWIKcCNyTksuME4H443Hj68k8V614l8O+M0ukvXhSOdby1SIkQlgNu4pnBbGVJPJBx0IFAH175jf88ZPzX/ABo8xv8AnjJ+a/41T0K+utT0Gxvr2wlsLqeFZJbWXho2I5BHb6HkdwDkVoUAR+Y3/PGT81/xo8xv+eMn5r/jUlFAEfmN/wA8ZPzX/GjzG/54yfmv+NSUUAR+Y3/PGT81/wAaPMb/AJ4yfmv+NSUUAR+Y3/PGT81/xqOSRt8X7mT7/qv90+9WKjk+/D/v/wDspoAPMb/njJ+a/wCNHmN/zxk/Nf8AGpKKAI/Mb/njJ+a/40eY3/PGT81/xqSigCPzG/54yfmv+NHmN/zxk/Nf8akooAj8xv8AnjJ+a/40eY3/ADxk/Nf8akooAj8xv+eMn5r/AI09SWGSpX2OKWigAooooAKKKKACiiigAooooAKKKKACiiigAooooAKKKKACiiigAooooAKKKKACiiigAooooAKKKKACiiigAooooAKKKKACiiigAooooAKKKKACiiigAooooAKKKKAKljpen6Wjpp9jbWiSNudbeFYwx9TgDJq3RRQAUUUUAFFFFABWJof/ACGPE3/YST/0kt626xND/wCQx4m/7CSf+klvQBt0UUUAFFFFABRRRQAUUUUAFRwf8e8X+4P5VJUcH/HvF/uD+VAElFFFABRRRQAUUUUAFZHifxHY+FPD13rOoPiG3TIQH5pG/hRfcnitevEPGnxT8LeJzf8AhEWsUrG4MMd/dKjW6ALh5ULciTl1UgdSDnnFAHJaX8SdV+IWpQaPr9rDNaxmadVijGwk/d80Hgqqkqpx3Gcn5q6+ys7fT7OK0tIhFBEu1EBJwPxrK8O+FbDwylwtmZZGmYEySkFsAcDIA4zk/jW5QAUUUUAFFFFABRRRQAUUUUAFFFFABRRRQAUUUUAFFFFABRRRQAUUUUAFFFFABRRRQAUUUUAFFFFABRRRQAUUUUAFFFFABRRRQAUUUUAFFFFABRRRQAUUUUAFFFFABRRRQAUUUUAFQXFpbXBWSa2jmeNWCFlBIBGCAT0yOKnooA4vwn8bdX0jxJY6drH7vQbdfskkDrukhAY4dnxuYrwuO6r03ZJ+mI5EljWSN1dHAZWU5BB6EGvnHXPDeiw3s/iS4ESzwoJCtwoeBmXBBdCPmyBtI7g8DODXpXgL4vaX471u50yKzksZkiWSATSAmbj94OOm09OuRzxyAAejUUUUAFFFFABRRRQAVHJ9+H/f/wDZTUlRyffh/wB//wBlNAElFFFABRRRQAUUUUAFFFFABRRRQAUUUUAFFFFABRRRQAUUUUAFFFFABRRRQAUUUUAFFFFABRRRQAUUUUAFFFFABRRRQAUUUUAFFFFABRRRQAUUUUAFFFFABRRRQAUUUUAFFFFABRRRQAUUUUAFFFFABRRRQAUUUUAFFFFABWJof/IY8Tf9hJP/AEkt626xND/5DHib/sJJ/wCklvQBt0UUUAFFFFABRRRQAUUUUAFRwf8AHvF/uD+VSVHB/wAe8X+4P5UASUUUUAFFFFABRRRQBzni3WtEtNKvdO1PXf7NmmtXYCCZVumTBBMSkEluCBgE56c4r508LfDyaw1uO91IxyQRRrJEncyHsw7FfxByPeqHi7T/ABTr/wAUr571XS5F8YUuYGLwwBOVCOMfdUZxwc5yA2a9Tt4fs9tFD5jyeWgTfI25mwMZJ7mgCSiiigAooooAKKKKACiiigAooooAKKKKACiiigAooooAKKKKACiiigAooooAKKKKACiiigAooooAKKKKACiiigAooooAKKKKACiiigAooooAKKKKACiiigAooooAKKKKACiiigAooooAKKKKAI54I7m3kgmQPFIpR1IyCDwRXG+E/Btn4S8a2OuapeN/Z1vdnYY5NnkqeEeRu6gnDAYGDknGVrtq57xloDeIdAe3iYi4ibzYRnhmAIwfqCR7UAe76Prml+ILSS60m+hvLeOVoWkhbcu9TyM9+xz0IIIyDWhXz5+z3Za5put6nb3bfZbGW2ExtJ1IkkbdtDqOwGCDn+8vBzkfQdABRRRQAUUUUAFRyffh/wB//wBlNSVHJ9+H/f8A/ZTQBJRRRQAUUUUAFFFFABRRRQAUUUUAFFFFABRRRQAUUUUAFFFFABRRRQAUUUUAFFFFABRRRQAUUUUAFFFFABRRRQAUUUUAFFFFABRRRQAUUUUAFFFFABRRRQAUUUUAFFFFABRRRQAUUUUAFFFFABRRRQAUUUUAFFFFABRRRQAViaH/AMhjxN/2Ek/9JLetusTQ/wDkMeJv+wkn/pJb0AbdFFFABRRRQAUUUUAFFFFABUcH/HvF/uD+VSVHB/x7xf7g/lQBJRRRQAUUUUAFfP8A8cviHrOk+J9O0jRprvT2sdt404Up5znIXGRh0A3A9VJJBHy16l8R/G8XgTwpLqQWOW9kbyrSF+jyHuQCDtAyTj2GRmvHLHxJD8Urm4vdcsEea2SGNIdn7mLuShznLMCTn+HavzAZIBo+Emu38L2DX0YSdo9zcklskkM2edxzk+5P0raoooAKKKKACiiigAooooAKKKKACiiigAooooAKKKKACiiigAooooAKKKKACiiigAooooAKKKKACiiigAooooAKKKKACiiigAooooAKKKKACiiigAooooAKKKKACiiigAooooAKKKKACiiigAooooAKKKKAPPvidNq9pb289pOYbJ1eCZocq53jlWYHJQgYx0PfPGPYPgt4m1HxF4FhTUrW5SWzxDHdSRkJcxjIUqx4YjaVbHcD1rmrm1t72BoLqFJoWILJIuVODkZFcg/xV1HwFq8ui6TYxppqTpLLDNHgpyNwhwcKjKAeR1YkYNAH03RVTS9TtNZ0q11KxlEtrcxiWNx3B9fQjoR2NW6ACiiigAqOT78P+/8A+ympKjk+/D/v/wDspoAkooooAKKKKACiiigAooooAKKKKACiiigAooooAKKKKACiiigAooooAKKKKACiiigAooooAKKKKACiiigAooooAKKKKACiiigAooooAKKKKACiiigAooooAKKKKACiiigAooooAKKKKACiiigAooooAKKKKACiiigAooooAKxND/5DHib/ALCSf+klvW3WJof/ACGPE3/YST/0kt6ANuiiigAooooAKKKKACiiigAqOD/j3i/3B/KpKjg/494v9wfyoAkooooAKRmVFLMQFAySTwBS1yfxLiupvh3rSWmoiwkNuwMvlly4/wCea4IwXOEzz97gZxQB5n471/wl8Vo7PTtLZpL62M7G6dXQ20YIXIXIWQOQhHXC5ztY0zw9oNv4d0mOxgO9gd0ku3BkY98fp+FcZ4E8FXem6xcX2qwBHtjsgXIIZiOXB7jB49ye4r0igAooooAKKKKACiiigAooooAKKKKACiiigAooooAKKKKACiiigAooooAKKKKACiiigAooooAKKKKACiiigAooooAKKKKACiiigAooooAKKKKACiiigAooooAKKKKACiiigAooooAKKKKACiiigAooooAKKKKACub8SeDLLxLd21xPK8LxAq5jAy684GT0wefzHuOkpGVXUqwBUjBB7igDW+HHxG8K3A0zwhYRJa3sduVKwL/o7SISGCuTliwXfnnIPLE5r1GvkpPAV3pni+O+g1BdN02G6jkivQvmNBluG2ZHCHGSSOOeeRX1lHNFK8qRyo7RNskVWBKNgNg+hwynHoQe9AD6KKKACo5Pvw/7/wD7KakqOT78P+//AOymgCSiiigAooooAKKKKACiiigAooooAKKKKACiiigAooooAKKKKACiiigAooooAKKKKACiiigAooooAKKKKACiiigAooooAKKKKACiiigAooooAKKKKACiiigAooooAKKKKACiiigAooooAKKKKACiiigAooooAKKKKACiiigArE0P/kMeJv8AsJJ/6SW9bdYmh/8AIY8Tf9hJP/SS3oA26KKKACiiigAooooAKKKKACo4P+PeL/cH8qkqOD/j3i/3B/KgCSiiigBGJCkhSxA6Dqa+OdX1TxN4o+J888q3Nhqc06qIJVKm3jQhlVkPZQoYgjkjPU17F8XPi5feDtfsdJ0E20lzEplvVnTeuGXCIcEEdd/BHRexIOF4WlGoaFZ6jPalLqQO7SSkPI5dss+7A++RuPT9BQBuDpz1ooooAKKKKACiiigAooooAKKKKACiiigAooooAKKKKACiiigAooooAKKKKACiiigAooooAKKKKACiiigAooooAKKKKACiiigAooooAKKKKACiiigAooooAKKKKACiiigAooooAKKKKACiiigAooooAKKKKACiiigAooooAx/FFheal4du7WxneG4ZcrsON+OSufQ9P/rZFYv7O+o6xB4rvNNgtpJdMmhL3THhYGX7rc9yTtwOec9AcdlXIeMfFWseELqxv9HjWGYpJELsncAGXBQoRg8hGGcjKdKAPpWiuA+EPjY+M/BsZupN+p2JEF1k5Lf3H/4EP1DV39ABUcn34f8Af/8AZTUlRyffh/3/AP2U0ASUUUUAFFFFABRRRQAUUUUAFFFFABRRRQAUUUUAFFFFABRRRQAUUUUAFFFFABRRRQAUUUUAFFFFABRRRQAUUUUAFFFFABRRRQAUUUUAFFFFABRRRQAUUUUAFFFFABRRRQAUUUUAFFFFABRRRQAUUUUAFFFFABRRRQAUUUUAFYmh/wDIY8Tf9hJP/SS3rbrE0P8A5DHib/sJJ/6SW9AG3RRRQAUUUUAFFFFABRRRQAVHB/x7xf7g/lUlRwf8e8X+4P5UASVleJPENh4V0C61nUmcW1soLBACzEnAVQSMkkgda1a8p+OGmL4h8MadZ2mpMly18Vit1w0UxUEOXI5XZg884PykZIIAOC1xfCnxT8TXGrWafZVSKNNke2OeZsbneVec8uEyP7n3iMV1ccaRRrHGoREAVVUYAA6AVy/gTw0/h7SHa7jC31w2ZRkHaB91cjj3/GuqoAKKKKACiiigAooooAKKKKACiiigAooooAKKKKACiiigAooooAKKKKACiiigAooooAKKKKACiiigAooooAKKKKACiiigAooooAKKKKACiiigAooooAKKKKACiiigAooooAKKKKACiiigAooooAKKKKACiiigAooooAKKKKACs/WdHtNd0ySwvA3lOQQyEBlI6EEg4P8AjWhRQBi+GviboPw5nfwulmJbVr5XaeEgCBHHzlzyZGUhcf7JwSNoB9/VldQykFSMgg8EV8t+MfAc2tawL+xaOPfCxnB6s6j5cD1PT0GM/X33wPqOht4e0/StJ1g3rWtqh8q4mRrmKPjaJFUDGAQvQdB160AdRUcn34f9/wD9lNSVHJ9+H/f/APZTQBJRRRQAUUUUAFFFFABRRRQAUUUUAFFFZd94h0/T742UwvJLgRLKyW1jPPtRiwUkxowGSjdfQ0AalFYn/CV6d/z7ax/4Jrv/AONUf8JXp3/PtrH/AIJrv/41QBt0Vif8JXp3/PtrH/gmu/8A41R/wlenf8+2sf8Agmu//jVAG3RWJ/wlenf8+2sf+Ca7/wDjVH/CV6d/z7ax/wCCa7/+NUAbdFYn/CV6d/z7ax/4Jrv/AONUf8JXp3/PtrH/AIJrv/41QBt0Vif8JXp3/PtrH/gmu/8A41R/wlenf8+2sf8Agmu//jVAG3RWJ/wlenf8+2sf+Ca7/wDjVH/CV6d/z7ax/wCCa7/+NUAbdFYn/CV6d/z7ax/4Jrv/AONUf8JXp3/PtrH/AIJrv/41QBt0Vif8JXp3/PtrH/gmu/8A41R/wlenf8+2sf8Agmu//jVAG3RWJ/wlenf8+2sf+Ca7/wDjVH/CV6d/z7ax/wCCa7/+NUAbdFYn/CV6d/z7ax/4Jrv/AONUf8JXp3/PtrH/AIJrv/41QBt0Vif8JXp3/PtrH/gmu/8A41R/wlenf8+2sf8Agmu//jVAG3RWJ/wlenf8+2sf+Ca7/wDjVH/CV6d/z7ax/wCCa7/+NUAbdFZ2m65ZarPPBbfaVmgVHkjuLSWBgrFgpxIq5BKNyPStGgAooooAKKKKACiiigAooooAKKKKACiiigAooooAKKKKACiiigAooooAKKKKACiiigArE0P/AJDHib/sJJ/6SW9bdYmh/wDIY8Tf9hJP/SS3oA26KKKACiiigAooooAKKKKACo4P+PeL/cH8qkqOD/j3i/3B/KgCnrk+o22h3s2kWn2vUVib7NBvVQ0nQZLEDAPJ56CvkbwHbarf+NXvZJ7iN1DT3cjdZQ/OGz13Eg/qOQDXoHxV+L+q2njC60LQ7oJpttG1reBVXMzkEPhyNyFc7QR0YE81s6cAbC2kNoLWRoUDQ8Ex4H3M98ZIoAtUUUUAFFFFABRRRQAUUUUAFFFFABRRRQAUUUUAFFFFABRRRQAUUUUAFFFFABRRRQAUUUUAFFFFABRRRQAUUUUAFFFFABRRRQAUUUUAFFFFABRRRQAUUUUAFFFFABRRRQAUUUUAFFFFABRRRQAUUUUAFFFFABRRRQAUUUUAFFFFABRRRQBFdQm5tJoFleIyIUEkZwy5GMg9jXmfwx0/xJonxTsYrC2ZmS5Nvc72EcckeMvyepCHeAMngHBr1GuY8c6tqeiaPb6jpaqs0Fyj/aCMtAR0YA8HJ4OcjBIIOaAPo2o5Pvw/7/8A7Ka8m+CHxEu/FdjfaVrV0Z9Vt3a4SV+ssbsSeAMDaxxgdiABgV6zJ9+H/f8A/ZTQBJRRRQAUUUUAFFFFABRRRQAUUUUAFYlr/wAjzqv/AGDbL/0bdVt1iWv/ACPOq/8AYNsv/Rt1QBj+JfG19oviE6TZaPbXey0iuXlmvWhxveRQoAifP+rJzkdazP8AhYuu/wDQt6d/4Nn/APkeqXjL/kodz/2CrT/0bc1mUAdB/wALF13/AKFvTv8AwbP/API9H/Cxdd/6FvTv/Bs//wAj1z9FAHQf8LF13/oW9O/8Gz//ACPR/wALF13/AKFvTv8AwbP/API9c/RQB0H/AAsXXf8AoW9O/wDBs/8A8j0f8LF13/oW9O/8Gz//ACPXP0UAem+Ftck8R+H4dTltVtZHlmiaFZfMCmOV4zhtq5B2Z6DrSeIfEcXhyOzeaxvLoXdylrGLby8+Y5woId16+2cYOcVmfDX/AJEmH/r9vv8A0rmqHxD/AMTT4jeF9JHzRWaz6rOp7bV8qI/99SMfwoA2G8SR219aWuo6de6f9rk8mCafy2jeTBITKO2GODjOAeg54rbrifHSyatqfh3w9Zkm4k1GK/uCv/LG3hbcXJ7Zbao9ST6GulbWIR4ii0YRu0r20lwZB91djRjb9f3qn6Y9aANGiiigAooooAKKKKACiiigAooooAKKKKAMS1/5HnVf+wbZf+jbqtusS1/5HnVf+wbZf+jbqtugAooooAKKKKACiiigAooooAKKKKACiiigAooooAKKKKACiiigAooooAKKKKACiiq0uo2MN0lrLeW8dw/3YmlUO30GcmgCzWJof/IY8Tf9hJP/AEkt626xND/5DHib/sJJ/wCklvQBt0UUUAFFFFABRRRQAUUUUAFcx4u8Z6d4G8NQ6rqKySIzxxJDFje5PXbnjhQzckdMZGa6evDfjRoqeLY/Dw0zWEknVZlFuGDQgKQHkLLypDAIRg88fLg5AOfjTw34/wBfu/EsFpHA63gdLeNFjZVHIMyjhmdiXLc54GeCK6ysLwjoQ8P+H4bV1AuH/eTkc/Oe34DA/Ct2gAooooAKKKKACiiigAooooAKKKKACiiigAooooAKKKKACiiigAooooAKKKKACiiigAooooAKKKKACiiigAooooAKKKKACiiigAooooAKKKKACiiigAooooAKKKKACiiigAooooAKKKKACiiigAooooAKKKKACiiigAooooAKKKKACiiigAqC8tIb6zmtLhd0MyFHHsanooA5nR/HmhfCfU9RsLPTjcLcrEzQx5Vo3B53SNkspRyQBnBUjjcSPoC0vrfU7Kxv7SQSW1woljcHgqVJFfOfjTwU/iS4tbq0khhnT5JWkz8ydsYHJHPp1616x8L30nTvB+iaNb6uZ7wRtM9rcSp50R+ZZAqAA+WJA4BOfqaAPQKKKKACiiigAooooAKKKKACiiigArEtf+R51X/sG2X/AKNuq26xLX/kedV/7Btl/wCjbqgDiPG8d1F46luF07Up4JNMtkWS1sZp13LLOWBKKQCAynB9RWL50/8A0CNc/wDBPdf/ABuvbKKAPE/On/6BGuf+Ce6/+N0edP8A9AjXP/BPdf8AxuvbKKAPE/On/wCgRrn/AIJ7r/43R50//QI1z/wT3X/xuvbKKAPE/On/AOgRrn/gnuv/AI3R50//AECNc/8ABPdf/G69sooA5b4dQT2/gu3S4t57eRrq7k8ueJo3CtcyspKsARkEHkd6ut4R0h9Wl1Urei+lj8ppl1C4B2biwUYfAXJJwOK3KKAKWn6RY6X5ptINskxBlld2kkkI6bnYlmx2yeKxYfD+pW/jGz1Fb4zafDazxOsroJC8rox4WIZGUH8WenbIPT0UAFFFFABRRRQAUVWv72LTdPnvJ93lwoXIUZLY7AdyegHcmsCW/wBQtZLSHUPEOl2d7dFFS0+z7m3t/Cv7wFsHIzjtnigDqKKx/sWvf9Bq0/8AAA//AByj7Fr3/QatP/AA/wDxygDYorH+xa9/0GrT/wAAD/8AHKPsWvf9Bq0/8AD/APHKANiiucvpNYsWgjbWbaSe4cpBCliA0jBSxA3SgcKpPXtV7w/dyahpiXrX8d3FNzGy25hK4JDKQWJyCCD6YoAhtf8AkedV/wCwbZf+jbqtusS1/wCR51X/ALBtl/6Nuq26ACiiigAooooAKKKKACiiigAooooAKKKKACiiigAooooAKKKKAMDxRrtx4fTTrtYonsZLxLe8ds5iRzgODnGA2M59adc63cDxnY6FaxRuhtZLq8kbOY0ztQL7ls9ewq7rulwa3oN9plyQIrmFkLH+E44b8Dg/hXLfDOO8vtJm8RamQ17qOyMMDkeVEuxSP95g7f8AAqAOr1XV7TRbVbm88/y2cRjyYHmOSCeiAnHB56Vkx+OtEllSNP7R3OwUZ0y4AyfcpxWtqtpfXtqsdhqb6dKHDGVIUkJXB+XDAjuDn2rJj0PxEkqM/jC4dAwLIbCAbh6ZC0AdGzbVLHoBmvMvCfhjSvEnw7l1PVLOC41LVRPPLdyIDIrFmC7WPK7QBgCvTuteb2Fp4t8M6Bc+GLDQ1vY1aVLHUBdIiLG5JBkUndld3Qde1AHS+AtQn1TwJo15cuXme3Cu7HJYqSuT7nFVrLW7XTdf8SQzxX7s2oIwNvp8864+y24+9GjAHjpnP51seG9HHh/w3p+lBw5tYVRnHRm/iI/HNQaH/wAhjxN/2Ek/9JLegC9Zapb38Jlhju1UNtIns5YWz9HUHHPXpVnzl9JP+/bf4VJRQBH5y+kn/ftv8KPOX0k/79t/hUlFAEfnL6Sf9+2/wo85fST/AL9t/hUlFAEfnL6Sf9+2/wAKPOX0k/79t/hUlFAHNeOddk0PwXql9aSxw3SwlYJLgmNA7cA7iMZ54B6nAr5e+GVpeXPiOa6S4kSCBN04V+JS2Qob17n8K+i/jLai7+E+uLjJRI5RjttkQ/yBr5/+E023UtSh/vwq/wCRx/7NQB6rRRRQAUUUUAFFFFABRRRQAUUUUAFFFFABRRRQAUUUUAFFFFABRRRQAUUUUAFFFFABRRRQAUUUUAFFFFABRRRQAUUUUAFFFFABRRRQAUUUUAFFFFABRRRQAUUUUAFFFFABRRRQAUUUUAFFFFABRRRQAUUUUAFFFFABRRRQAUUUUAFFFFABRRRQAUUUUANkQSxPGWZQylSVYgjPoR0NeTeF7DxLofxVtW063uLu9huyS5DETIQS+5ufvIST9fWvW6ueF4/N+ImlDHEVpdTZ9P8AVp/7OaAPVhOhAOJP+/bf4UecvpJ/37b/AAqSigCPzl9JP+/bf4UecvpJ/wB+2/wqSigCPzl9JP8Av23+FHnL6Sf9+2/wqSigCPzl9JP+/bf4UecvpJ/37b/CpKKAI/OX0k/79t/hT1YMMjP4gilooAKxLX/kedV/7Btl/wCjbqtusS1/5HnVf+wbZf8Ao26oA4f4rfFPUPh/qen2tlp9rdLdQtIzTMwIIOMDBrz/AP4aT17/AKAWm/8Afb/417tr3gzw74nnhn1rS4bySFSkbSFvlBOccEVkf8Kl8B/9C1af99P/APFUAeQf8NJ69/0AtN/77f8Axr0n4TfEm/8AiF/a/wBtsba1+w+Ts8gsd2/fnOT/ALA/Otb/AIVL4D/6Fq0/76f/AOKra0DwloPhb7R/YmmxWX2nb53lknftztzknpuP50AbVFFFAHkfxS+Lmp+AvE9tpVnptpcxy2a3BeZmBBLuuOD0+QfnXEf8NJ69/wBALTf++3/xr3PXfA/hrxNfJe6zpEF5cpGIlkkLZCAkgcH1Y/nWX/wqXwH/ANC1af8AfT//ABVAGx4O1ubxJ4Q0zWbiKOKW7hEjJHnapyeBms8eJbu21jXhdrEbHSrAXU5UYMbnewTPf92oY+hYY4NdHp2nWmk6fBYWECwWsC7Iol6KPSuD1bRL7XpNWsoLW8sTqt+sd8Gw0TW0W1DLuKDl40ChFJ6gnA3UAdroNze3nh7TrrUUjS9mto5J0jUhVdlBIAJJ4Jx1qgdZ1QEj7Pof46s3/wAZrf6VT/sjTf8AoH2n/flf8KAIdNv7u7ldbmLT0ULkG1vTMc+4Ma4HvVm8vorGNXljuHDHAEFu8p/EICRToLK0tWLW9rDCxGCY4wpI/Cp6AMn/AISGz/59tT/8Ftx/8RSXniG2sdf07SZ4LhWv96w3BUCLzFXdsJJzuK5I4xwR1rXrn/GmiT654bmisiF1K2dbuwc/w3EZ3J+B5U+zGgCa9/4mevW2njm3s9t5c+jPk+Sn5gv7FE9axvHyqLrwkwAyfENvk46/u5a3tAtLm307z79FXULx/tF0FOQrsAAgPcKoVAe4XPeq2v8AhhfEFzYzS6rqFsLG4S6hjtxDtEqggMd8bE8MeM4oA3qy3160jkZDb6kSpIJXTpyPwITBrRiRo4kRpGkZVALvjLH1OABk+wAp9AFSy1GG/L+VHdJsxnz7aSLOfTeoz07Vi+KNW1TSbUXNp5G97u2tbaCRd3ntJIqsSQeAAzY9NpJyDiulrnrvwlBeX7Xj6jf7xdpexI0gZIpVUINqkH5cZ+X/AGieuCABt1N4hs9Pm8yxGo3JumW3ex8oPFCV4dhMyLvzuGASOR1wc6Ph+2Wz0K1t1sZbJUUgQSuruvJ5ZlJBY9SQTyTzVu0tUtITGrvIzMXeRyCzsepOP6cAYA4FT0AYlr/yPOq/9g2y/wDRt1W3WJa/8jzqv/YNsv8A0bdVt0AFFFFABRRRQAUUUUAFFFFABRRRQAUUUUAFFFFABRRRQAUUUUAUdW0ey1yxNnqEckkBOSqTPHngjkoQSME8dKs21tDZ2sVtbxrFBCgSNFGAqgYAFS0UAFFFFABRRRQAViaH/wAhjxN/2Ek/9JLetusTQ/8AkMeJv+wkn/pJb0AbdFFFABRRRQAUUUUAFFFFAHPePbX7Z8PvEMA6tp05GfUISP1FfK3wvm8vxY6Zx5ts649eVP8ASvsK/theadc2rDKzRPGR7EEf1r4+8F6NrOleNrP7bpF/bbVYyedbOm1WRgpORwCR174oA9jooooAKKKKACiiigAooooAKKKKACiiigAooooAKKKKACiiigAooooAKKKKACiiigAooooAKKKKACiiigAooooAKKKKACiiigAooooAKKKKACiiigAooooAKKKKACiiigAooooAKKKKACiiigAooooAKKKKACiiigAooooAKKKKACiiigAooooAKKKKACtXwMnmeO7qTH+osEXt/wAtHf8AH/lnWRJIsUTyNnailjj0FVvhR490bVfGt5Yxx3cd1fxx/ZzLGNpESyEqSCcH52I7cHnOAQD3GiiigAooooAKKKKACiiigAooooAKxLX/AJHnVf8AsG2X/o26rbrEtf8AkedV/wCwbZf+jbqgDboryz4rfFPUPh/qen2tlp9rdLdQtIzTMwIIOMDBrc0Lxvd6t8IpfGUlpAl0lndXAgUnZmIyAD1wdgz9aAO3orxDwB8btW8X+NtO0K60qyghuvM3SRM5ZdsbOMZOOq1p/FL4uan4C8T22lWem2lzHLZrcF5mYEEu644PT5B+dAHrlFcRoXje71b4RS+MpLSBLpLO6uBApOzMRkAHrg7Bn61w/gD43at4v8badoV1pVlBDdeZukiZyy7Y2cYycdVoA9voryP4pfFzU/AXie20qz020uY5bNbgvMzAgl3XHB6fIPzrpdC8b3erfCKXxlJaQJdJZ3VwIFJ2ZiMgA9cHYM/WgDt6Kw/B2tzeJPCGmazcRRxS3cIkZI87VOTwM1iya/e6dqvii6uLoSWOj2CySow+XzyHlCr3wI/LHuWz1oA7ais7QRfL4e04apKZdQ+zRm5cqFzJtG7gAAc5rFOu3IJH/CQ6R/4LJv8A49QB1dUdW1ez0Swlvb55EgiRndo4nkIVQSThQTgAHmqejajLezyJJqlldhVyFt7R4SvPUlpGzTPG3/IheI/+wXc/+imoA1rO6jvrG3vIc+VPGsqbhg7WGRn86nrL8Nf8iro//XlD/wCgCn3Go3kM7xx6Lezop4kjkhCt9N0gP5igDRoqjZ31zczFJtKu7RQufMmeIgn0+R2P6dqZq8nk27TS3Zt7SCKSafyzh2CjPB7Ack456c4zQBY1C4mtNPuLi3tXupo4yyQRkBpCBwBkgVR0rVLi61XVNOuUjZ7Fox58QIV967tpBJww7jJ4ZT3xWN4aj8Q3uiaff3euoL270pXa3ktlYJM2CJCAV4UHBUYBJPPTGzoOmahpkMqX97aXJcgr9mtGgGeSzNukcsxJ5OR06UAa9FFFABRRRQBiWv8AyPOq/wDYNsv/AEbdVt1iWv8AyPOq/wDYNsv/AEbdVt0AFFFFABRRRQAUUUUAFFFFABRRRQAUUUUAFFFFABRRRQAUUUUAFFFFABRRRQAUUUUAFYmh/wDIY8Tf9hJP/SS3rbrE0P8A5DHib/sJJ/6SW9AG3RRRQAUUUUAFFFFABRRRQAV5T4uj8rxxG+eJ9Jh490kkz/6GK9WrzPx6nl+IfD0wAxJY3MRPfIMLD/2agDFooooAKKKKACiiigAooooAKKKKACiiigAooooAKKKKACiiigAooooAKKKKACiiigAooooAKKKKACiiigAooooAKKKKACiiigAooooAKKKKACiiigAooooAKKKKACiiigAooooAKKKKACiiigAooooAKKKKACiiigAooooAKKKKACiiigAooooAKKKKAM/Xpvs/h7Ups4KWshH12nFcN8AbfzvihDJ/zwtJpP0C/wDs1dT43m8jwZqb+sYT/vpgP61nfs4Wu/xbqd3t/wBVaCPd6bmz/wCyfpQB9L0UUUAFFFFABRRRQAUUUUAFFFFABWJa/wDI86r/ANg2y/8ARt1W3XO3L6hp/iu8vYdGvL63uLG3iV7aSAbXR5ywIkkU9JF6Z70AS694M8O+J54Z9a0uG8khUpG0hb5QTnHBFWrXw7pNl4ebQbaxjj0po5IjbAnaUfJcdc87j+dV/wC3NR/6FTWP+/tp/wDH6P7c1H/oVNY/7+2n/wAfoAp6T8O/CWhanDqWmaJb215Du8uVC2VypU9T6Ej8an13wP4a8TXyXus6RBeXKRiJZJC2QgJIHB9WP51L/bmo/wDQqax/39tP/j9H9uaj/wBCprH/AH9tP/j9AFi18O6TZeHm0G2sY49KaOSI2wJ2lHyXHXPO4/nWXpPw78JaFqcOpaZolvbXkO7y5ULZXKlT1PoSPxq5/bmo/wDQqax/39tP/j9H9uaj/wBCprH/AH9tP/j9AEWu+B/DXia+S91nSILy5SMRLJIWyEBJA4Pqx/Ortr4d0my8PNoNtYxx6U0ckRtgTtKPkuOuedx/Oq/9uaj/ANCprH/f20/+P0f25qP/AEKmsf8Af20/+P0AaWnadaaTp8FhYQLBawLsiiXoo9K43UfC1/r093BeWqWsd3frJdTwzMEntomHlgpuO6RlVVJIAAJ6lVroP7c1H/oVNY/7+2n/AMfo/tzUf+hU1j/v7af/AB+gDborE/tzUf8AoVNY/wC/tp/8fo/tzUf+hU1j/v7af/H6ANuqOraRZ65YSWN+szW0ilZEiuJIt6kYIJRgSCD0PFUv7c1H/oVNY/7+2n/x+j+3NR/6FTWP+/tp/wDH6AL+maXa6PYpZ2fnCBAAiyzyTFQAAAC7EgYA4zirlYn9uaj/ANCprH/f20/+P0f25qP/AEKmsf8Af20/+P0AbdZep+HdK1i5juL+1E0iRPBksQGjfBZCAeQdoyO+MdCRUH9uaj/0Kmsf9/bT/wCP0f25qP8A0Kmsf9/bT/4/QBfsNMttNTbbiQ/KqbpJGkbav3VyxJwMn8yepJq5WJ/bmo/9CprH/f20/wDj9H9uaj/0Kmsf9/bT/wCP0AbdFYn9uaj/ANCprH/f20/+P0f25qP/AEKmsf8Af20/+P0AbdFYn9uaj/0Kmsf9/bT/AOP0f25qP/Qqax/39tP/AI/QAWv/ACPOq/8AYNsv/Rt1W3WBpAvbnxHqWo3Ol3NhDJaW0Ea3DxMzsjzsx/du2BiReuK36ACiiigAooooAKKKKACiiigAooooAKKKKACiiigAooooAKKKKACiiigAooooAKKKKACsTQ/+Qx4m/wCwkn/pJb1t1iaH/wAhjxN/2Ek/9JLegDbooooAKKKKACiiigAooooAK8c+LPjTQ9IudFtZZ5ZNQtJPMmtoom3CJ4mAOThT823jOa9jr5c/aFtmi8b6bPj5ZtLj59w7g/pigDuLW4S7tIbmLPlzRrIueuCMipax/Ck3n+E9KfOcWyL/AN8jH9K2KACiiigAooooAKKKKACiiigAooooAKKKKACiiigAooooAKKKKACiiigAooooAKKKKACiiigAooooAKKKKACiiigAooooAKKKKACiiigAooooAKKKKACiiigAooooAKKKKACiiigAooooAKKKKACiiigAooooAKKKKACiiigAooooAKKKKACiiigDmvHlneX/AITuYLKFppNyuyqRnap3H69Og5rX/Z40K/0201a+vrG6tlu3t/IaeFkEiBJDuUkfMDuHIpdYm+z6Jfzf887aR/yUmvY9MtfsOkaXaYx5EKRYPbbHj+lAGhRRRQAUUUUAFFFFABRRRQAUUUUAFFFFABRRRQAUUUUAFFFFABRRRQAUUUUAFFFFABRRRQAUUUUAFFFFABRRRQAUUUUAFFFFABRRRQAUUUUAFFFFABRRRQAUUUUAFFFFABRRRQAUUUUAFFFFABRRRQAUUUUAFFFFABRRRQAViaH/AMhjxN/2Ek/9JLetusTQ/wDkMeJv+wkn/pJb0AbdFFFABRRRQAUUUUAFFFFABXgn7Ruks+jeHtYRfliZ7aQ/7yhl/wDQG/Ove64b4o6BL4j+F+oWdtbtPdxxpcQIilmLIQSFA5JK7gAPWgDx/wCGV99q8KC3JG61maPH+yfmB/Nj+VdnXnXw00zV9LutSivrGa2iOFdZ12Okq4O0ofmHyvnkelei0AFFFFABRRRQAUUUUAFFFFABRRRQAUUUUAFFFFABRRRQAUUUUAFFFFABRRRQAUUUUAFFFFABRRRQAUUUUAFFFFABRRRQAUUUUAFFFFABRRRQAUUUUAFFFFABRRRQAUUUUAFFFFABRRRQAUUUUAFFFFABRRRQAUUUUAFFFFABRRRQAUUUUAFFFFAEFxaf2lPZaXtDC+uooHU94926T/yGr17TJ9+H/f8A/ZTXzx4V+IulP8SdOtrqzuSI7qS1tmh2uGldlijkOSCBtaXOMkZGM5OPoeT78P8Av/8AspoAkooooAKKKKACiiigAooooAKKKKACiiigAooooAKKKKACiiigAooooAKKKKACiiigAooooAKKKKACiiigAooooAKKKKACiiigAooooAKKKKACiiigAooooAKKKKACiiigAooooAKKKKACiiigAooooAKKKKACiiigAooooAKxND/5DHib/sJJ/wCklvW3WJof/IY8Tf8AYST/ANJLegDbooooAKKKKACiiigAooooAKjg/wCPeL/cH8qkqOD/AI94v9wfyoA8s8WWv2Dx9dkKFj1C1juVx3kT92/6CL86oV1XxPsglhpuuKFDWFyI5WIJPkzYRun+35bf8BNcrQAUUUUAFFFFABRRRQAUUUUAFFFFABRRRQAUUUUAFFFFABRRRQAUUUUAFFFFABRRRQAUUUUAFFFFABRRRQAUUUUAFFFFABRRRQAUUUUAFFFFABRRRQAUUUUAFFFFABRRRQAUUUUAFFFFABRRRQAUUUUAFFFFABRRRQAUUUUAFFFFABRRRQAVR1m+/szRb29yAYYWdc/3scD88VerhfilqRtdAgsUJDXcvze6Jgn9StAGP8DtI/tb4o2MrANHYxyXbg98Dav/AI86n8K+tJPvw/7/AP7Ka8S/Zw8Pm30XU9flQhruUW8JP9xOWI+rHH/Aa9tk+/D/AL//ALKaAJKKKKACiiigAooooAKKKKACiiigAooooAKKKKACiiigAooooAKKKKACiiigAooooAKKKKACiiigAooooAKKKKACiiigAooooAKKKKACiiigAooooAKKKKACiiigAooooAKKKKACiiigAooooAKKKKACiiigAooooAKKKKACsTQ/+Qx4m/7CSf8ApJb1t1iaH/yGPE3/AGEk/wDSS3oA26KKKACiiigAooooAKKKKACo4P8Aj3i/3B/KpKjg/wCPeL/cH8qAOZ+JOp22k/DzWrm8tbi5ga2aFkgIDAv8gOT0AJGTzjrg14l4J8YS+I5Lm2uIUjkgjRk2kkuMYYk/Xn8fbNfRGuaTBruhX+lXIzDdwPC3tuGM/Udfwr410Ce48I+OFhv08l4JmtbpW/h52n8jg/hQB7nRRRQAUUUUAFFFFABRRRQAUUUUAFFFFABRRRQAUUUUAFFFFABRRRQAUUUUAFFFFABRRRQAUUUUAFFFFABRRRQAUUUUAFFFFABRRRQAUUUUAFFFFABRRRQAUUUUAFFFFABRRRQAUUUUAFFFFABRRRQAUUUUAFFFFABRRRQAUUUUAFFFFABXA+NPB2u+K/EdrFpCR3Un2VjHbeYEbCsN7ZbC/wAac5Hp9e+rpfhvYm4utU1x1IQv9ht8kYKxkmRh9XJX/tnQB0ngzQF8MeDtL0cBQ9tAolKjAMh5c/ixNbMn34f9/wD9lNSVHJ9+H/f/APZTQBJRRRQAUUUUAFFFFABRRRQAUUUUAFFFFABRRRQAUUUUAFFFFABRRRQAUUUUAFFFFABRRRQAUUUUAFFFFABRRRQAUUUUAFFFFABRRRQAUUUUAFFFFABRRRQAUUUUAFFFFABRRRQAUUUUAFFFFABRRRQAUUUUAFFFFABRRRQAViaH/wAhjxN/2Ek/9JLetusTQ/8AkMeJv+wkn/pJb0AbdFFFABRRRQAUUUUAFFFFABUcH/HvF/uD+VSVHB/x7xf7g/lQBJXy9+0F4ZGleModahB8nVY8uMcCVAFb8xtP1zX1DXHfEzwU3jrwhLpkDwx3ySLLbSzZCqwPOcAnlSR0PWgDyvwXq/8AbPhe1nc5miHky/7y9/xGD+Nb9YHh/wAIf8IVqOqaTJdTTXEciliwCpIhBKSKvVcgkEZPKn0rfoAKKKKACiiigAooooAKKKKACiiigAooooAKKKKACiiigAooooAKKKKACiiigAooooAKKKKACiiigAooooAKKKKACiiigAooooAKKKKACiiigAooooAKKKKACiiigAooooAKKKKACiiigAooooAKKKKACiiigAooooAKKKKACiimySJDE8sjBURSzMegA6mgCvqE8kFoRBg3UrLDbqf4pXIVB+LEV7BoelRaHodlpcLM6WsKx726uQOWPuTkn3NfKnhzxb4h1X4mWLaUY52mvQba1ugzwx/KyBioII2qxY4I5GecCvrugAqOT78P+/8A+ympKjk+/D/v/wDspoAkooooAKKKKACiiigAooooAKKKKACiiigAooooAKKKKACiiigAooooAKKKKACiiigAooooAKKKKACiiigAooooAKKKKACiiigAooooAKKKKACiiigAooooAKKKKACiiigAooooAKKKKACiiigAooooAKKKKACiiigAooooAKxND/5DHib/ALCSf+klvW3WJof/ACGPE3/YST/0kt6ANuiiigAooooAKKKKACiiigAqOD/j3i/3B/KpKjg/494v9wfyoAkooooA8++JOmm3ex8RRAhYGFreYxjynPyuf918fQM1c1Xr95aQahZT2d1GslvPG0ciN0ZSMEflXiu1tFu59G1GdVuLWbyI3kYAzoQTEwzjJKjnHdW9KALdFFFABRRRQAUUUUAFFFFABRRRQAUUUUAFFFFABRRRQAUUUUAFFFFABRRRQAUUUUAFFFFABRRRQAUUUUAFFFFABRRRQAUUUUAFFFFABRRRQAUUUUAFFFFABRRRQAUUUUAFFFFABRRRQAUUUUAFFFFABRRRQAUUUUAFFFFABXE/ErXRp2hf2fE+Li9+U4PKxj7x/HgfifSu0kkSKNpJGCIgLMzHAAHUmvDb+W+8eeN0gsULy3cy29qjZwqZwCfQdWPpk0Aer/s5+FC0t/4quY/lTNpaZ7ngyN+W0A+7DtX0HWZ4e0O08NeHrHRrIYt7SIRg4wXPVmOO7Ekn3JrToAKjk+/D/v8A/spqSo5Pvw/7/wD7KaAJKKKKACiiigAooooAKKKKACiiigAooooAKKKKACiiigAooooAKKKKACiiigAooooAKKKKACiiigAooooAKKKKACiiigAooooAKKKKACiiigAooooAKKKKACiiigAooooAKKKKACiiigAooooAZLJ5ULybHfYpbYgyzY7D3rIt/FOmXPhM+JUkcaeIGnJZcMAucjGfvZBGPWtqvKrqxmj8R3HgNYm+wahqCamDj5Ra8vKnt+8QKB/t0Aem2l7HeWUF0A0QmjWQJLgMoIzgjseanDK3Rgfoa4jxBoIvdbuLj/hBNN1Pft/0ua8VHkwoHKlDjGMde1WfD2hfZ1v4l8M23h4zwGMXNjdK8hz6fKMEdQTnmgDotY1BdJ0S/wBRZdwtLeScr67VJx+lefTQ+JLPwOnjD/hIr2TUlt1vpLNtn2UxkBjHsxkYU4znORW/c+DbldF1e3XX9Y1CS7sJrZIr6dGQMy8Nwo5z79zXLXXjGwvPhkvh2HzW8Qy2a6cdN8phKJdoRsjHA6nPpQB6jZ3KXtjb3UYISeNZFB9GGR/OvLbPXdO1S9vZdT8eX+myy38yW9tBcRqiRK5VM5Q7ScE8kV3kGp2Why6J4cnlP264t9kChTtfyk+bJ7cCuS/4SzwsPCV9pV3pkWnXzLJFLoixbpGlOQAoCjdk4IYDvQB6LbR+Vawx+c82xFXzXILPgfeJHGT1rmLLX9G0rX/EkGo6vYWczagjiO4uUjYr9ltxnDEcZB59q0fB1peWHg7SLTUMi7itUWQMeVOOh9wMD8KND/5DHib/ALCSf+klvQBestX0zUoTNY6jaXUSttLwTq6huuMg9eR+dWfPh/56x/8AfQqSigCPz4f+esf/AH0KPPh/56x/99CpKKAI/Ph/56x/99Cjz4f+esf/AH0KkooAj8+H/nrH/wB9Cjz4f+esf/fQqSigCPz4f+esf/fQqOCeH7PF+9j+4P4h6VYqOD/j3i/3B/KgA8+H/nrH/wB9Cjz4f+esf/fQqSigCPz4f+esf/fQr5S+Nuj6lo3xBfUZL64uba8/f2czzFzDzkxgk/KFYkgDgAj3r6xrj/iX4Nj8beDrmwUKL6IedZue0g7fRhlfxz2oA8v8La6niDQobzKicfJOo/hcdfz6/jW1XiXgzXZfC/iJ7a9VooJX8i5RxgxsDgEjsQc5/GvbQcjI6UAFFFFABRRRQAUUUUAFFFFABRRRQAUUUUAFFFFABRRRQAUUUUAFFFFABRRRQAUUUUAFFFFABRRRQAUUUUAFFFFABRRRQAUUUUAFFFFABRRRQAUUUUAFFFFABRRRQAUUUUAFFFFABRRRQAUUUUAFFFFABRRRQAUUUUAV767FlatN5bSuSEjiT70jscKg9ySB+Ndr4V+H2g6BeWetSxwPr6wOtxcI/wArSSNudgPUZZQeu04OayvA+knWNebWJVBsNOZorbPPm3HR2+iDKj/aZv7tenUAR+fD/wA9Y/8AvoUefD/z1j/76FSUUAR+fD/z1j/76FRyTw74v3sf3/7w/umrFRyffh/3/wD2U0AHnw/89Y/++hR58P8Az1j/AO+hUlFAEfnw/wDPWP8A76FHnw/89Y/++hUlFAEfnw/89Y/++hR58P8Az1j/AO+hUlFAEfnw/wDPWP8A76FHnw/89Y/++hUlFAEfnw/89Y/++hT1ZXGVYMPUHNLRQAUUUUAFFFFABRRRQAUUUUAFFFFABRRRQAUUUUAFFFFABRRRQAUUUUAFFFFABRRRQAUUUUAFFFFABRRRQAUUUUAFFFFABRRRQAUUUUAFFFFABRRRQAUUUUAFYGkeHrm01u71nU9RW/vpolt42S38lYYgS20Dc2SSck57Ct+igAooooAKTau7dgbsYzjmlooAKTau7dgbgMZxzS0UAFYmh/8AIY8Tf9hJP/SS3rbrE0P/AJDHib/sJJ/6SW9AG3RRRQAUUUUAFFFFABRRRQAVHB/x7xf7g/lUlRwf8e8X+4P5UASUUUUAFFFFAHzx8cfhpeSa3F4i0DT7i7a+bZdW9rC0jCQDIcKueCAc+4z3p/g9NQh8OQQak0bTwkxYUncgXjY+QMMpypHtX0JXmvjjQzpOpt4gtVxY3RC36DpHJwqzfQjCt9FPqaAMOiiigAooooAKKKKACiiigAooooAKKKKACiiigAooooAKKKKACiiigAooooAKKKKACiiigAooooAKKKKACiiigAooooAKKKKACiiigAooooAKKKKACiiigAooooAKKKKACiiigAooooAKKKKACiiigAooooAK8+174jJZa5Lp1um61QeVLcxjMiPn5mQEgNtGeDjJ7466XjzxT/YWm/ZLV8X9ypCEHmNOhb69h7/Ss74I/D0+Jtd/t3UoC2lae4KBxkTzjBC+4HU/gO5oA+l9EtbGy0Oxt9MiMVkkCeShQqduMjIIBBPU55znPNX6KKACiiigAqOT78P+/wD+ympKjk+/D/v/APspoAkooooAKKKKACiiigAooooAKKKKACiiigAooooAKKKKACiiigAooooAKKKKACiiigAooooAKKKKACiiigAooooAKKKKACiiigAooooAKKKKACiiigAooooAKKKKACiiigAooooAKKKKACiiigAooooAKKKKACiiigAooooAKxND/wCQx4m/7CSf+klvW3WJof8AyGPE3/YST/0kt6ANuiiigAooooAKKKKACiiigAqOD/j3i/3B/KpKjg/494v9wfyoAkooooAKKKKACo54Ibq3kgniSWGRSro4yGB6gipKKAPGdU0x/CWoPp13Jiw2tLZXUjcGIclHY/xIPzXB/vYZFLHPCk0Tq8bqGVlOQQehq78evCWreIPDNvqGnTyyxaaWlmsV6OpHMgA6so9exbHfPjvw98YCykTRtQkxbyNiCVjxGx/hPsT+R+vAB6xRRRQAUUUUAFFFFABRRRQAUUUUAFFFFABRRRQAUUUUAFFFFABRRRQAUUUUAFFFFABRRRQAUUUUAFFFFABRRRQAUUUUAFFFFABRRRQAUUUUAFFFFABRRRQAUUUUAFFFFABRRRQAUUUUAFFFFABVDWtVh0TSLjUJ1ZkhXO0D7xPAHtkkDPvV+nabozeLdTk0ldw0+Mf8TGYZHykf6lT/AH2B5/uqSeCVoA8P0LRtY+JnjYW8WTLcNvnlx8lvEMAk+wGAPU4HU19h6Fodh4c0W10nTYRFa2yBFGBlj3ZsdWJ5J7k1l+EfAmheCIryPRrd0+1zGV2lbeyjtGGxnYvYHJ5OSTXS0AFFFFABRRRQAVHJ9+H/AH//AGU1JUcn34f9/wD9lNAElFFFABRRRQAUUUUAFFFFABRRRQAUUUUAFFFFABRRRQAUUUUAFFFFABRRRQAUUUUAFFFFABRRRQAUUUUAFFFFABRRRQAUUUUAFFFFABRRRQAUUUUAFFFFABRRRQAUUUUAFFFFABRRRQAUUUUAFFFFABRRRQAUUUUAFFFFABWJof8AyGPE3/YST/0kt626xND/AOQx4m/7CSf+klvQBt0UUUAFFFFABRRRQAUUUUAFRwf8e8X+4P5VJUcH/HvF/uD+VAElFFFABRRRQAUUUUABAIIIyD1Br5j+NPwwPh69fxJosONKuHzPCg4tpD3HojH8jx0xX05Udxbw3dtLbXMSTQSqUkjdcqynggg9RQB8u+APGf2+NNI1KQC6QYglY/60f3T/ALQ/X8OfQK5/Uv2fry08SXd7pU6TaTCBPb2rSlZpWzzDu7cA/MT3UepG3b3CXMW9AykEq6Ou1kYcFWHYg9qAJaKKKACiiigAooooAKKKKACiiigAooooAKKKKACiiigAooooAKKKKACiiigAooooAKKKKACiiigAooooAKKKKACiiigAooooAKKKKACiiigAooooAKKKKACiiigAooooAKKKKACignAyeleU+OPHcs9ydN0e4aOGJh5lzE2Gdh2UjoB69z7dQD1WG1vtVv00vS0zdSDc8rDKWydPMb+QXqx9gSPWNF0e00HS4dPslYRR5JZzueRjyzse7E8k1xvwch1D/hB473VdNFre3khmednJkulP3XZSPkG3ACjjAyAM16DQAUUUUAFFFFABRRRQAVHJ9+H/AH//AGU1JUcn34f9/wD9lNAElFFFABRRRQAUUUUAFFFFABRRRQAUUUUAFFFFABRRRQAUUUUAFFFFABRRRQAUUUUAFFFFABRRRQAUUUUAFFFFABRRRQAUUUUAFFFFABRRRQAUUUUAFFFFABRRRQAUUUUAFFFFABRRRQAUUUUAFFFFABRRRQAUUUUAFFFFABWJof8AyGPE3/YST/0kt626xND/AOQx4m/7CSf+klvQBt0UUUAFFFFABRRRQAUUUUAFRwf8e8X+4P5VJUcH/HvF/uD+VAElFFFABRRRQAUUUUAFFFFABXHeLfCT3kj6vpCKNQA/fQZwt0o/QOB0PfoeMEdjRQB4rBPHcIWQnKsVdWGGRh1VgeQR3BqSnfG938NWdvr2k2kyXt05guZ0QGALt+VpB/fzgKcYIBBzgA8B4L8eR6ksem6rIEvfuxSnhZfQH0b+f1oA72iiigAooooAKKKKACiiigAooooAKKKKACiiigAooooAKKKKACiiigAooooAKKKKACiiigAooooAKKKKACiiigAooooAKKKKACiiigAooooAKKKKACiiigAooooAKQkKCSQAOSTS1ka7o194ptj4f0iSQX8+GYqcIkeeTK2PlT6ck4AB5FAHA+N/Hn2wS6XpEh8jJWa4U/6z2U+nv3+nXtPg98Hvtf2fxN4mtv8AR+JLKxkX/Wekkg/u+i9+p462PhZ8EZ4L/wDtnxhaqv2eQi309yGDMpxvfGQVyOByD16dff6ACiiigAooooAKKKKACiiigAqOT78P+/8A+ympKjk+/D/v/wDspoAkooooAKKKKACiiigAooooAKKKKACiiigAooooAKKKKACiiigAooooAKKKKACiiigAooooAKKKKACiiigAooooAKKKKACiiigAooooAKKKKACiiigAooooAKKKKACiiigAooooAKKKKACiiigAooooAKKKKACiiigAooooAKxND/5DHib/ALCSf+klvW3WJof/ACGPE3/YST/0kt6ANuiiigAooooAKKKKACiiigAqOD/j3i/3B/KpKjg/494v9wfyoAkooooAKKKKACiiigAooooAKKKKAIbu0tr+0ltbuCOe3lUrJFKoZXB7EHrXzD8Ufg5deFWm1nQUkuNGzueIZaS1HuepQf3u3f1r6koIBBBGQeoNAHyP4P8AiGYAmn625aPpHdE5K+zeo969RVldAysGVhkEHIIrO+J3wNW5MuteEYlSX702mqMB/Vo/Q/7PT09DFpfhnUPANjBpGstnzZP3F0r7oJGYf6tCQCpGDw3XkjqQADXooooAKKKKACiiigAooooAKKKKACiiigAooooAKKKKACiiigAooooAKKKKACiiigAooooAKKKKACiiigAooooAKKKKACiiigAooooAKKKKACiiigAorA8S+LdP8NwESsJbtlzHbIfmPufQe/5Zrh/Cuu+I/FPjq2jSO/ureZgk9pYOE2w55ILZC4/vHB7bhnNAHrGnWd94gv2sNJC/u2Aubt1Jitx3H+0+Oij6kgYz6joPh+x8O2BtbJXJdjJNNKd0kzn+Jz3OMDsAAAAAAKt6fp9ppVhDY2NulvawrtjiQYCj/PJPc1ZoAKKKKACiiigAooooAKKKKACiiigAqOT78P8Av/8AspqSo5Pvw/7/AP7KaAJKKKKACiiigAooooAKKKKACiiigAooooAKKKKACiiigAooooAKKKKACiiigAooooAKKKKACiiigAooooAKKKKACiiigAooooAKKKKACiiigAooooAKKKKACiiigAooooAKKKKACiiigAooooAKKKKACiiigAooooAKKKKACsTQ/wDkMeJv+wkn/pJb1t1iaH/yGPE3/YST/wBJLegDbooooAKKKKACiiigAooooAKjg/494v8AcH8qkqOD/j3i/wBwfyoAkooooAKKKKACiiigAooooAKKKKACiiigAqC8srXUbSS0vbeK4t5RteKVQysPcGp6KAPLte8HajoLPdaSkuo6WFLNbZ3XEAAH3CT+8XqcH5h23dBgHUrIRwyG6iVJpPJQlsZfn5fZuDx1yMV7hXgfxu+HXiLVtXXXtHs4bu1VMSQWkO2dSAMu3OZCcY46AAY6kgGtRXjXhz4h6ho+y11ANeWinGXP7yMex749D+Yr1TSdc03XLfztPuklA+8nRk+oPIoA0aKKKACiiigAooooAKKKKACiiigAooooAKKKKACiiigAooooAKKKKACiiigAooooAKKKKACiiigAooooAKKKKACiiigAoopskiRRtJI6oijLMxwAPUmgB1ebeJ/iWke+00LDt0a7YcD/AHQev1PHsa9P0nRdY8TbH01BZ6cx+bULhPvL/wBMUPL9eGOF9N3SpbL9n/w1b+J5NSuZ5brTwEMVgyhRvCgMXYH5gTltoCgZxjAxQB4z4J+GfiL4h3xvZGkttPZszajcqTv/ANwH7549cDuRxX1F4T8GaJ4L0z7Fo9oI92DNO3MkxHdm/p0GeBW5DDHbwxwwxpHFGoRERQFVRwAAOgFPoAKKKKACiiigAooooAKKKKACiiigAooooAKjk+/D/v8A/spqSo5Pvw/7/wD7KaAJKKKKACiiigAooooAKKKKACiiigAooooAKKKKACiiigAooooAKKKKACiiigAooooAKKKKACiiigAooooAKKKKACiiigAooooAKKKKACiiigAooooAKKKKACiiigAooooAKKKKACiiigAooooAKKKKACiiigAooooAKKKKACsTQ/8AkMeJv+wkn/pJb1t1iaH/AMhjxN/2Ek/9JLegDbooooAKKKKACiiigAooooAKjg/494v9wfyqSo4P+PeL/cH8qAJKKKKACiiigAooooAKKKKACiiigAooooAKKKKACiiigDz3xz8IPD3jMPdIg07VCP8Aj7t0GHP+2vAb68H3r538UeA/FXw51H7RKsgt1bEWoWufLbPYn+E+x/WvsqmyRRzRNFKivGwwysMgj0IoA+evCmqX93pduutlIr+ZBNChQxtLCwBVwCAGzycrkYx0ORXQ16vq2i6brtp9l1OziuYc7lDjlT6qRyp9wQa4TUvh/qunEyaHeC/twCfsl8+2UcdElxz/AMDH/AqAMOiqGo6tBo8c39rJLp80KM7QXS7HYD+5zh+w+UkZI5pul67pmtReZYXkc3qgOGX6qeRQBo0UUUAFFFFABRRRQAUUUUAFFFFABRRRQAUUUUAFFFFABRRRQAUUUUAFFFFABRRRQAUUUUAFFFVNT1CPStMuL6WOWSOBN7LEu5iPp/XsOaALdZWs+I9L0GLdf3So5GViX5nb6L/U8V5jrfxL1XUC0WnqLCA5GVO6Qj/e7fh+dW/Cvwk8XeM5hdywPZWcp3Ne3+QXBwcqp+Z8g5B6H1oA19H+ItzrXiq20u3sbeOG8kFvbmaRlIkYgIWKhsAnjABxnrxXuWi/Du0t50vdclXVLtcFIWTFtCfVYznc2f4myemAtV/BXwk8NeDBFcpB9v1ROfttyoJU/wCwvRP1Pua72gAooooAKKKKACiiigAooooAKKKKACiiigAooooAKKKKACo5Pvw/7/8A7KakqOT78P8Av/8AspoAkooooAKKKKACiiigAooooAKKKKACiiigAooooAKKKKACiiigAooooAKKKKACiiigAooooAKKKKACiiigAooooAKKKKACiiigAooooAKKKKACiiigAooooAKKKKACiiigAooooAKKKKACiiigAooooAKKKKACiiigAooooAKxND/5DHib/sJJ/wCklvW3WJof/IY8Tf8AYST/ANJLegDbooooAKKKKACiiigAooooAKjg/wCPeL/cH8qkqOD/AI94v9wfyoAkooooAKKKKACiiigAooooAKKKKACiiigAooooAKKKKACiiigAooooA5T4heCV8eeGxpLahJYlZlmWVE3hiARtYZGV5z16gV82eI/hF408IyPdR2j3ltGSVutPYsQPUqPmX8sD1r6+ooA+MdL+Iuu6WRDdFbyNeCs+Q4/4F1z9c13ugePtL124itPLmt7yT7sRUuCfYj255Ar2vxJ8PvC3ize+raRBJcMMfaY/3cvt8y4J+hyK4vR/gHoGj+IZL9dQvZrUwssMLOUkhkJHziRCM/LuGCuPm5zQBTorfvfh7q1rufStWivE/hg1BNjfTzYx/NDXP3drrWlKW1TQb2FB1mtlF1H9f3eWA+qigBaK5nU/Hmh6XdQwSzSSGRSzGJM+X6bh1BPPHXjpyKuWXi7QNQA8jVLcH+7K3ln8mxQBtUUiOsihkYMp6EHINLQAUUUUAFFFFABRRRQAUUUUAFFFFABRRRQAUUUUAFFefa78TP7NvrmxtdMZpYZGjMkz4Xg9QB1B+o4xXH3vjnxLq8ggjuni3/KsVom0k+xGW/WgD2S/1jTtLTdfXsMA9HcZP0HU1ENf0o2Vvdi9iMNyAYcHLP7BRyTnjGMgivOdD+DvjjxHIJn01rKJ+TPqLGM/98nLn8q+ivht4CXwJoJs5prW7vXkZmuorVYm2HHyFvvOAQTlj3x0AoA5ay0DxLq//HppgsIf+fjUvkyP9mJcufo2yuosfhppA2Sa3JJrEytu2T/Lbg+ghB2kf7+8+9drRQBxHhH4UeFfCASa2sRd3y8/bLsCRwf9kYwv4DPPU129FFABRRRQAUUUUAFFFFABRRRQAUUUUAFFFFABRRRQAUUUUAFFFFABUcn34f8Af/8AZTUlRyffh/3/AP2U0ASUUUUAFFFFABRRRQAUUUUAFFFFABRRRQAUUUUAFFFFABRRRQAUUUUAFFFFABRRRQAUUUUAFFFFABRRRQAUUUUAFFFFABRRRQAUUUUAFFFFABRRRQAUUUUAFFFFABRRRQAUUUUAFFFFABRRRQAUUUUAFFFFABRRRQAUUUUAFYmh/wDIY8Tf9hJP/SS3rbrLvPDOg6hdPdXuiabc3D43yzWkbu2BgZJGTwAPwoA1KKxP+EN8Lf8AQt6P/wCAMX/xNH/CG+Fv+hb0f/wBi/8AiaANuisT/hDfC3/Qt6P/AOAMX/xNH/CG+Fv+hb0f/wAAYv8A4mgDborE/wCEN8Lf9C3o/wD4Axf/ABNH/CG+Fv8AoW9H/wDAGL/4mgDborE/4Q3wt/0Lej/+AMX/AMTR/wAIb4W/6FvR/wDwBi/+JoA26x/CUsk/gzQpppHklk0+3Z3diWZjGpJJPU0z/hDfC3/Qt6P/AOAMX/xNH/CG+Fv+hb0f/wAAYv8A4mgDborE/wCEN8Lf9C3o/wD4Axf/ABNH/CG+Fv8AoW9H/wDAGL/4mgDborE/4Q3wt/0Lej/+AMX/AMTR/wAIb4W/6FvR/wDwBi/+JoA26KxP+EN8Lf8AQt6P/wCAMX/xNH/CG+Fv+hb0f/wBi/8AiaANuisT/hDfC3/Qt6P/AOAMX/xNH/CG+Fv+hb0f/wAAYv8A4mgDborE/wCEN8Lf9C3o/wD4Axf/ABNH/CG+Fv8AoW9H/wDAGL/4mgDborE/4Q3wt/0Lej/+AMX/AMTR/wAIb4W/6FvR/wDwBi/+JoA26KxP+EN8Lf8AQt6P/wCAMX/xNH/CG+Fv+hb0f/wBi/8AiaANuisT/hDfC3/Qt6P/AOAMX/xNH/CG+Fv+hb0f/wAAYv8A4mgDborE/wCEN8Lf9C3o/wD4Axf/ABNH/CG+Fv8AoW9H/wDAGL/4mgDborE/4Q3wt/0Lej/+AMX/AMTR/wAIb4W/6FvR/wDwBi/+JoA26KxP+EN8Lf8AQt6P/wCAMX/xNH/CG+Fv+hb0f/wBi/8AiaANuisT/hDfC3/Qt6P/AOAMX/xNH/CG+Fv+hb0f/wAAYv8A4mgDborE/wCEN8Lf9C3o/wD4Axf/ABNH/CG+Fv8AoW9H/wDAGL/4mgDkPiD8HrPx5qv9qyaxdWt4sKwxjy0eJVGSOAAx5Ynlj19MCvKdW/Z28VWZLadeafqEfYbzE5/Bht/8er6F/wCEN8Lf9C3o/wD4Axf/ABNH/CG+Fv8AoW9H/wDAGL/4mgD5MuvAXj/w6xkOiatBgZMloDIAOvLRkgV1vw4XxfqtxqayWmoagbNYw8EkqRum4tg4kIJPyHv6+vH0N/whvhb/AKFvR/8AwBi/+Jo/4Q3wt/0LWj/+AMX/AMTQB5jMmp2jYuvD+sRepS0MwH4xbhVKTWtPgBNzM1sB1+0xPDj/AL7Ar1v/AIQ3wt/0Lej/APgDF/8AE0f8Ib4W/wChb0f/AMAYv/iaAPB9X+IejaTfJbjdeI0Ycy2jo6jJIx168Z/EVXT4o6A3WO9T/eiX+jV6X4h+A/hTXtXn1FZb3T3m2/uLPykhTChflTZxnGTz1zWBL+zXoxP7nxBfoP8AbiRv5YoA5lfiX4cbrLcL9YTWxoniTTfEPn/2fI7+Rt37kK43Zx1+hqV/2aLU/wCr8UTLz/FZA8f99iup8E/BTRvC32/+0pINb+0+Xs+0WgXydu7OPmbruHp92gDIqKS6t4hmSeJB6s4FekL4A8Hrj/il9HbHTfZxt/MVIPA3hEdPC2iD/uHxf/E0AeBa18SLLSNTnsks3ujFt/eJKu1sgHg89M/pWHN8Wrlh+40iJD/tzF/5AV7vrvwY8Ga9qcd9LYtabIhF5FjsgibBJ3EKvLfN1z0A9KdafBXwBaYP9hecwOd01xK36bsfpQB85XPxO8QTZEX2W3HYxxZI/wC+ia7j4Wy+KvG0epok9jILV4maa6LIV37uFVFww+Q/3cZ7549wt/h94OtYwkfhbRyB3ezjc/mwJqyPBnhYDA8NaOP+3GL/AOJoA5mD4b3sjA3/AIjcL3WxtFiP0zIZP5D8K1Lb4beGotpurWfUXGMm+uHlVseqZ2f+O1pf8Ib4W/6FvR//AABi/wDiaP8AhDfC3/Qt6P8A+AMX/wATQBzd58GvBeo+ILjV7zT5JGmCAWqyeVBHsQKNqoFPRQcEnmuu0nw/o+hQiLSdMtLJMYPkQqhP1I5PQdaq/wDCG+Fv+hb0f/wBi/8AiaP+EN8Lf9C3o/8A4Axf/E0AbdFYn/CG+Fv+hb0f/wAAYv8A4mj/AIQ3wt/0Lej/APgDF/8AE0AbdFYn/CG+Fv8AoW9H/wDAGL/4mj/hDfC3/Qt6P/4Axf8AxNAG3RWJ/wAIb4W/6FvR/wDwBi/+Jo/4Q3wt/wBC3o//AIAxf/E0AbdFYn/CG+Fv+hb0f/wBi/8AiaP+EN8Lf9C3o/8A4Axf/E0AbdFYn/CG+Fv+hb0f/wAAYv8A4mj/AIQ3wt/0Lej/APgDF/8AE0AbdFYn/CG+Fv8AoW9H/wDAGL/4mj/hDfC3/Qt6P/4Axf8AxNAG3RWJ/wAIb4W/6FvR/wDwBi/+Jo/4Q3wt/wBC3o//AIAxf/E0AbdFYn/CG+Fv+hb0f/wBi/8AiaP+EN8Lf9C3o/8A4Axf/E0AbdFYn/CG+Fv+hb0f/wAAYv8A4mj/AIQ3wt/0Lej/APgDF/8AE0AbdFYn/CG+Fv8AoW9H/wDAGL/4mj/hDfC3/Qt6P/4Axf8AxNAG3RWJ/wAIb4W/6FvR/wDwBi/+Jo/4Q3wt/wBC3o//AIAxf/E0AbdFYn/CG+Fv+hb0f/wBi/8AiaP+EN8Lf9C3o/8A4Axf/E0AbdY+syyR6r4dVJHVZNQdXCsQHX7LOcH1GQD9QKZ/whvhb/oW9H/8AYv/AImj/hDfC3/Qt6P/AOAMX/xNAG3RWJ/whvhb/oW9H/8AAGL/AOJo/wCEN8Lf9C3o/wD4Axf/ABNAG3RWJ/whvhb/AKFvR/8AwBi/+Jo/4Q3wt/0Lej/+AMX/AMTQBt0Vif8ACG+Fv+hb0f8A8AYv/iaP+EN8Lf8AQt6P/wCAMX/xNAG3RWJ/whvhb/oW9H/8AYv/AImj/hDfC3/Qt6P/AOAMX/xNAG3RWJ/whvhb/oW9H/8AAGL/AOJrRsNMsNKgaDTrG2s4WbeY7eJY1LYAzhQOcAc+1AFqiiigAooooAKKKKACiiigAooooAKKKKACiiigAooooAKKKKACiiigAooooAKKKKACiiigAooooAKKKKACiiigAooooAKKKKACiiigAooooAKKKKACiiigAooooAKKKKACiiigAooooAKKKKACiiigAooooAKKKiuo5ZrWWOCcwTMhCShQ2xscHB4OPSgCWivOtP8AFPiHVdQg8LBVtdcs5SdUuwgKCBcYeMHgmQMuOOOeK9AuZWt7WaZYZJ2jQsIo8bnIGdoyQMnpyRQBLRXM/wDCV3//AEJ+vf8AfMH/AMdrfsrh7uzinktprZ3XJhmxvT2OCR+RoAnqrqGpWelWwuL6dYYmkWMM2eWY4UDHqTWQfHXhkav/AGUdXg+3ef8AZ/Jw2fM3bdvTrniuZ+JPhyz8q21tprx7pdQtgiPcM0SZdVO1CcDj0oA9HooooAKKKKACiiigAooooAKKKKACiiigAooooAKKKKACiiigAooooAKKKKACiiigAooooAKKKKACiiigAorG8T/20mjvcaDIn223YSiB1BW4UfejyehI6Ed6xvC3iW98Zak2p2Ra20C3jEXlug8y4nIBbJ6hUzjjqfagDsqKo6rqEum2qzQ6bd6gzOEMVqE3AYJ3HcyjHGOvcVkx+Kb6SVEPhLXEDMAWYQYX3P72gDpKwI/G3hmXVBpqa1aNdl/LCB+C390N0J9s1P4suZbPwdrVzAxWWKxmdGHUEIcGuU1HSLJPgX9nWFAkWkpcoQORKED7/qW5z70Aeh0VR0a4ku9D0+5lOZJbaORz6kqCavUAFFFFABRRRQAUUUUAFFFFABRRRQAUUUUAFFFFABRRRQAUUUUAFFFFABRRRQAUUUUAFFFFABRRRQAUVFdRyzWsscE5gmZCElChtjY4ODwcelef6f4p8Q6rqEHhYKtrrlnKTql2EBQQLjDxg8EyBlxxxzxQB6LRUVzK1vazTLDJO0aFhFHjc5AztGSBk9OSK57/AISu/wD+hP17/vmD/wCO0AdNVXUNSs9KthcX06wxNIsYZs8sxwoGPUmn2Vw93ZxTyW01s7rkwzY3p7HBI/I15/8AEnw5Z+Vba201490uoWwRHuGaJMuqnahOBx6UAej0UUUAFFFFABRRRQAUUUUAFFFFABRRRQAUUUUAFFFFABRRRQAUUUUAFFFFABRRRQAUUUUAFFFFABRRRQAUUUUAFFFFABRRRQAUUUUAFFFFABRRRQAUUUUAFFFFABRRRQAUUUUAFFFFABRRRQAUUUUAFFFFABRRRQAUUUUAFFFFABRRRQAVXvjdixn+wLC13sPkidiqbu24gE4+gqxRQBwK+AbzT7Sw1LTbyI+J4JzPc3c5IS73481HIBO3H3eOMDpnNdxPCbqzlgd5IjLGULwuVZMjGVbqCOxqaigDmf8AhCof+g/4i/8ABnJW/ZWosrOK2E00wjXb5k8hd29yx6mp6KAE2jOcCsLxdolzr+jxWdq8SSJdwTkykgbUcMegPOBW9RQAUUUUAFFFFABRRRQAUUUUAFFFFABRRRQAUUUUAFFFFABRRRQAUUUUAFFFFABRRRQAUUUUAFFFFABRRRQBieKdN1TWNLGnadcxWsdw4S7nLESLD/EIwARuI45xis/TfCkvh3xKtzoX2eHR7iER3lkzMNroMJJHgEZI4bOM9eTXV0UAUdV0tdWtVga8vbUK4ffZzmJzwRgkduensKyY/B0UUqSDXfEDbWDbW1KQg47EdxXSUUAQX1nFqGn3NlOCYbiJopAO6sCD+hrgW8KeMJ/DkfhOe+0saSqrA18m/wC0NApGF2Y2hsADOcYr0WigBkMSW8EcMS7Y41CKPQAYFPoooAKKKKACiiigAooooAKKKKACiiigAooooAKKKKACiiigAooooAKKKKACiiigAooooAKKKKACiiigCvfG7FjP9gWFrvYfJE7FU3dtxAJx9BXEr4BvNPtLDUtNvIj4ngnM9zdzkhLvfjzUcgE7cfd44wOmc131FAEM8JurOWB3kiMsZQvC5VkyMZVuoI7Guf8A+EKh/wCg/wCIv/BnJXTUUAQWVqLKzithNNMI12+ZPIXdvcseprI8XaJc6/o8VnavEkiXcE5MpIG1HDHoDzgVvUUAFFFFABRRRQAUUUUAFFFFABRRRQAUUUUAFFFFABRRRQAUUUUAFFFFABRRRQAUUUUAFFFFABRRRQAUUUUAFFFFABRRRQAUUUUAFFFFABRRRQAUUUUAFFFFABRRRQAUUUUAFFFFABRRRQAUUUUAFFFFABRRRQAUUUUAFFFFABRRRQAUUUUAFFFFABRRRQAUUUUAFFFFABRRRQAUUUUAFFFFABRRRQAUUUUAFFFFABRRRQAUUUUAFFFFABRRRQAUUUUAFFFFABRRRQAUUUUAFFFFABRRRQAUUUUAFFFFABRRRQAUUUUAFFFFABRRRQAUUUUAFFFFABRRRQAUUUUAFFFFABRRRQAUUUUAFFFFABRRRQAUUUUAFFFFABRRRQAUUUUAFFFFABRRRQAUUUUAFFFFABRRRQAUUUUAFFFFABRRRQAUUUUAFFFFABRRRQAUUUUAFFFFABRRRQAUUUUAFFFFABRRRQAUUUUAFFFFABRRRQAUUUUAFFFFABRRRQAUUUUAFFFFABRRRQAUUUUAFFFFABRRRQAUUUUAFFFFABRRRQAUUUUAFFFFABRRRQAUUUUAFFFFABRRRQAUUUUAFFFFABRRRQAUUUUAFFFFABRRRQAUUUUAFFFFABRRRQAUUUUAFFFFABRRRQAUUUUAFFFFABRRRQAUUUUAFFFFABRRRQAUUUUAFFFFABRRRQAUUUUAFFFFABRRRQAUUUUAFFFFABRRRQAUUUUAFFFFABRRRQAUUUUAFFFFABRRRQAUUUUAFFFFABRRRQAUUUUAFFFFABRRRQAUUUUAFFFFABRRRQAUUUUAFFFFABRRRQAUUUUAFFFFABRRRQAUUUUAFFFFABRRRQAUUUUAFFFFABRRRQAUUUUAFFFFABRRRQAUUUUAFFFFABRRRQAUUUUAFFFFABRRRQAUUUUAFFFFABRRRQAUUUUAFFFFABRRRQAUUUUAFFFFABRRRQAUUUUAFFFFABRRRQAUUUUAFFFFABRRRQAUUUUAFFFFABRRRQAUUUUAFFFFABRRRQAUUUUAFFFFABRRRQAUUUUAFFFFABRRRQAUUUUAFFFFABRRRQAUUUUAFFFFABRRRQAUUUUAFFFFABRRRQAUUUUAFFFFABRRRQAUUUUAFFFFABRRRQAUUUUAFFFFABRRRQAUUUUAFFFFABRRRQAUUUUAFFFFABRRRQAUUUUAFFFFABRRRQAUUUUAFFFFABRRRQAUUUUAFFFFABRRRQAUUUUAFFFFABRRRQAUUUUAFFFFABRRRQAUUUUAFFFFABRRRQAUUUUAFFFFABRRRQAUUUUAFFFFABRRRQAUUUUAFFFFABRRRQAUUUUAFFFFABRRRQAUUUUAFFFFABRRRQAUUUUAFFFFABRRRQAUUUUAFFFFABRRRQAUUUUAFFFFABRRRQAUUUUAFFFFABRRRQAUUUUAFFFFABRRRQAUUUUAFFFFABRRRQAUUUUAFFFFABRRRQAUUUUAFFFFABRRRQAUUUUAFFFFABRRRQAUUUUAFFFFABRRRQAUUUUAFFFFABRRRQAUUUUAFFFFABRRRQAUUUUAFFFFABRRRQAUUUUAFFFFABRRRQAUUUUAFFFFABRRRQAUUUUAFFFFABRRRQAUUUUAFFFFABRRRQAUUUUAFFFFABRRRQAUUUUAFFFFABRRRQAUUUUAFFFFABRRRQAUUUUAFFFFABRRRQAUUUUAFFFFABRRRQAUUUUAFFFFABRRRQAUUUUAFFFFABRRRQAUUUUAFFFFABRRRQAUUUUAFFFFABRRRQAUUUUAFFFFABRRRQAUUUUAFFFFABRRRQAUUUUAFFFFABRRRQAUUUUAFFFFABRRRQAUUUUAFFFFABRRRQAUUUUAFFFFABRRRQAUUUUAFFFFABRRRQAUUUUAFFFFABRRRQAUUUUAFFFFABRRRQAUUUUAFFFFABRRRQAUUUUAFFFFABRRRQAUUUUAFFFFABRRRQAUUUUAFFFFABRRRQAUUUUAFFFFABRRRQAUUUUAFFFFABRRRQAUUUUAFFFFABRRRQAUUUUAFFFFABRRRQAUUUUAFFFFABRRRQAUUUUAFFFFABRRRQAUUUUAFFFFABRRRQAUUUUAFFFFABRRRQAUUUUAFFFFABRRRQAUUUUAFFFFABRRRQAUUUUAFFFFABRRRQAUUUUAFFFFABRRRQAUUUUAFFFFABRRRQAUUUUAFFFFABRRRQAUUUUAFFFFABRRRQAUUUUAFFFFABRRRQAUUUUAFFFFABRRRQAUUUUAFFFFABRRRQAUUUUAFFFFABRRRQAUUUUAFFFFABRRRQAUUUUAFFFFABRRRQAUUUUAFFFFABRRRQAUUUUAFFFFABRRRQAUUUUAFFFFABRRRQAUUUUAFFFFABRRRQAUUUUAFFFFABRRRQAUUUUAFFFFABRRRQAUUUUAFFFFABRRRQAUUUUAFFFFABRRRQAUUUUAFFFFABRRRQAUUUUAFFFFABRRRQAUUUUAFFFFABRRRQAUUUUAFFFFABRRRQAUUUUAFFFFABRRRQAUUUUAFFFFABRRRQAUUUUAFFFFABRRRQAUUUUAFFFFABRRRQAUUUUAFFFFABRRRQAUUUUAFFFFABRRRQAUUUUAFFFFABRRRQAUUUUAFFFFABRRRQAUUUUAFFFFABRRRQAUUUUAFFFFABRRRQAUUUUAFFFFABRRRQAUUUUAFFFFABRRRQAUUUUAFFFFABRRRQAUUUUAFFFFABRRRQAUUUUAFFFFABRRRQAUUUUAFFFFABRRRQAUUUUAFFFFABRRRQAUUUUAFFFFABRRRQAUUUUAFFFFABRRRQAUUUUAFFFFABRRRQAUUUUAFFFFABRRRQAUUUUAFFFFABRRRQAUUUUAFFFFABRRRQAUUUUAFFFFABRRRQAUUUUAFFFFABRRRQAUUUUAFFFFABRRRQAUUUUAFFFFABRRRQAUUUUAFFFFABRRRQAUUUUAFFFFABRRRQAUUUUAFFFFABRRRQAUUUUAFFFFABRRRQAUUUUAFFFFABRRRQAUUUUAFFFFABRRRQAUUUUAFFFFABRRRQAUUUUAFFFFABRRRQAUUUUAFFFFABRRRQAUUUUAFFFFABRRRQAUUUUAFFFFABRRRQAUUUUAFFFFABRRRQAUUUUAFFFFABRRRQAUUUUAFFFFABRRRQAUUUUAFFFFABRRRQAUUUUAFFFFABRRRQAUUUUAFFFFABRRRQAUUUUAFFFFAH//2Q==</file>
    </questiontext>
    <generalfeedback format="html">
      <text></text>
    </generalfeedback>
    <defaultgrade>1.0000000</defaultgrade>
    <penalty>0.3333333</penalty>
    <hidden>0</hidden>
    <idnumber></idnumber>
    <correctfeedback format="html">
      <text>Vaše odpověď je správná.</text>
    </correctfeedback>
    <partiallycorrectfeedback format="html">
      <text>Vaše odpověď je částečně správná.</text>
    </partiallycorrectfeedback>
    <incorrectfeedback format="html">
      <text>Vaše odpověď je chybná.</text>
    </incorrectfeedback>
    <shownumcorrect/>
<subquestions>
<!-- question: 132944  -->
  <question type="varnumeric">
    <name>
      <text>1</text>
    </name>
    <questiontext format="moodle_auto_format">
      <text></text>
    </questiontext>
    <generalfeedback format="html">
      <text></text>
    </generalfeedback>
    <defaultgrade>0.05</defaultgrade>
    <penalty>0.3333333</penalty>
    <hidden>0</hidden>
    <idnumber></idnumber>
    <randomseed></randomseed>
    <requirescinotation>0</requirescinotation>
    <answer fraction="100" format="moodle_auto_format">
      <text>-1</text>
      <feedback format="plain_text">
        <text></text>
      </feedback>
      <sigfigs>0</sigfigs>
      <error>0</error>
      <syserrorpenalty>0.0000000</syserrorpenalty>
      <checknumerical>0</checknumerical>
      <checkscinotation>0</checkscinotation>
      <checkpowerof10>0</checkpowerof10>
      <checkrounding>0</checkrounding>
    </answer>
  </question>
<!-- question: 132945  -->
  <question type="varnumeric">
    <name>
      <text>2</text>
    </name>
    <questiontext format="moodle_auto_format">
      <text></text>
    </questiontext>
    <generalfeedback format="html">
      <text></text>
    </generalfeedback>
    <defaultgrade>0.05</defaultgrade>
    <penalty>0.3333333</penalty>
    <hidden>0</hidden>
    <idnumber></idnumber>
    <randomseed></randomseed>
    <requirescinotation>0</requirescinotation>
    <answer fraction="100" format="moodle_auto_format">
      <text>1</text>
      <feedback format="plain_text">
        <text></text>
      </feedback>
      <sigfigs>0</sigfigs>
      <error>0</error>
      <syserrorpenalty>0.0000000</syserrorpenalty>
      <checknumerical>0</checknumerical>
      <checkscinotation>0</checkscinotation>
      <checkpowerof10>0</checkpowerof10>
      <checkrounding>0</checkrounding>
    </answer>
  </question>
<!-- question: 132946  -->
  <question type="gapselect">
    <name>
      <text>3</text>
    </name>
    <questiontext format="moodle_auto_format">
      <text>[[1]]</text>
    </questiontext>
    <generalfeedback format="html">
      <text></text>
    </generalfeedback>
    <defaultgrade>0.125</defaultgrade>
    <penalty>0.3333333</penalty>
    <hidden>0</hidden>
    <idnumber></idnumber>
    <shuffleanswers>1</shuffleanswers>
    <correctfeedback format="html">
      <text></text>
    </correctfeedback>
    <partiallycorrectfeedback format="html">
      <text></text>
    </partiallycorrectfeedback>
    <incorrectfeedback format="html">
      <text></text>
    </incorrectfeedback>
    <shownumcorrect/>
    <selectoption>
      <text>g(x)</text>
      <group>1</group>
    </selectoption>
    <selectoption>
      <text>h(x)</text>
      <group>1</group>
    </selectoption>
    <selectoption>
      <text>p1(y)</text>
      <group>1</group>
    </selectoption>
    <selectoption>
      <text>q1(y)</text>
      <group>1</group>
    </selectoption>
    <selectoption>
      <text>p2(y)</text>
      <group>1</group>
    </selectoption>
    <selectoption>
      <text>q2(y)</text>
      <group>1</group>
    </selectoption>
    <selectoption>
      <text>-1</text>
      <group>1</group>
    </selectoption>
    <selectoption>
      <text>0</text>
      <group>1</group>
    </selectoption>
    <selectoption>
      <text>1</text>
      <group>1</group>
    </selectoption>
  </question>
<!-- question: 132947  -->
  <question type="gapselect">
    <name>
      <text>4</text>
    </name>
    <questiontext format="moodle_auto_format">
      <text>[[2]]</text>
    </questiontext>
    <generalfeedback format="html">
      <text></text>
    </generalfeedback>
    <defaultgrade>0.125</defaultgrade>
    <penalty>0.3333333</penalty>
    <hidden>0</hidden>
    <idnumber></idnumber>
    <shuffleanswers>1</shuffleanswers>
    <correctfeedback format="html">
      <text></text>
    </correctfeedback>
    <partiallycorrectfeedback format="html">
      <text></text>
    </partiallycorrectfeedback>
    <incorrectfeedback format="html">
      <text></text>
    </incorrectfeedback>
    <shownumcorrect/>
    <selectoption>
      <text>g(x)</text>
      <group>1</group>
    </selectoption>
    <selectoption>
      <text>h(x)</text>
      <group>1</group>
    </selectoption>
    <selectoption>
      <text>p1(y)</text>
      <group>1</group>
    </selectoption>
    <selectoption>
      <text>p2(y)</text>
      <group>1</group>
    </selectoption>
    <selectoption>
      <text>q1(y)</text>
      <group>1</group>
    </selectoption>
    <selectoption>
      <text>q2(y)</text>
      <group>1</group>
    </selectoption>
    <selectoption>
      <text>-1</text>
      <group>1</group>
    </selectoption>
    <selectoption>
      <text>0</text>
      <group>1</group>
    </selectoption>
    <selectoption>
      <text>1</text>
      <group>1</group>
    </selectoption>
  </question>
<!-- question: 132948  -->
  <question type="varnumeric">
    <name>
      <text>5</text>
    </name>
    <questiontext format="moodle_auto_format">
      <text></text>
    </questiontext>
    <generalfeedback format="html">
      <text></text>
    </generalfeedback>
    <defaultgrade>0.05</defaultgrade>
    <penalty>0.3333333</penalty>
    <hidden>0</hidden>
    <idnumber></idnumber>
    <randomseed></randomseed>
    <requirescinotation>0</requirescinotation>
    <answer fraction="100" format="moodle_auto_format">
      <text>-1</text>
      <feedback format="plain_text">
        <text></text>
      </feedback>
      <sigfigs>0</sigfigs>
      <error>0</error>
      <syserrorpenalty>0.0000000</syserrorpenalty>
      <checknumerical>0</checknumerical>
      <checkscinotation>0</checkscinotation>
      <checkpowerof10>0</checkpowerof10>
      <checkrounding>0</checkrounding>
    </answer>
  </question>
<!-- question: 132949  -->
  <question type="varnumeric">
    <name>
      <text>6</text>
    </name>
    <questiontext format="moodle_auto_format">
      <text></text>
    </questiontext>
    <generalfeedback format="html">
      <text></text>
    </generalfeedback>
    <defaultgrade>0.05</defaultgrade>
    <penalty>0.3333333</penalty>
    <hidden>0</hidden>
    <idnumber></idnumber>
    <randomseed></randomseed>
    <requirescinotation>0</requirescinotation>
    <answer fraction="100" format="moodle_auto_format">
      <text>0</text>
      <feedback format="plain_text">
        <text></text>
      </feedback>
      <sigfigs>0</sigfigs>
      <error>0</error>
      <syserrorpenalty>0.0000000</syserrorpenalty>
      <checknumerical>0</checknumerical>
      <checkscinotation>0</checkscinotation>
      <checkpowerof10>0</checkpowerof10>
      <checkrounding>0</checkrounding>
    </answer>
  </question>
<!-- question: 132950  -->
  <question type="gapselect">
    <name>
      <text>7</text>
    </name>
    <questiontext format="moodle_auto_format">
      <text>[[1]]</text>
    </questiontext>
    <generalfeedback format="html">
      <text></text>
    </generalfeedback>
    <defaultgrade>0.125</defaultgrade>
    <penalty>0.3333333</penalty>
    <hidden>0</hidden>
    <idnumber></idnumber>
    <shuffleanswers>1</shuffleanswers>
    <correctfeedback format="html">
      <text></text>
    </correctfeedback>
    <partiallycorrectfeedback format="html">
      <text></text>
    </partiallycorrectfeedback>
    <incorrectfeedback format="html">
      <text></text>
    </incorrectfeedback>
    <shownumcorrect/>
    <selectoption>
      <text>p1(y)</text>
      <group>1</group>
    </selectoption>
    <selectoption>
      <text>p2(y)</text>
      <group>1</group>
    </selectoption>
    <selectoption>
      <text>q1(y)</text>
      <group>1</group>
    </selectoption>
    <selectoption>
      <text>q2(y)</text>
      <group>1</group>
    </selectoption>
    <selectoption>
      <text>h(x)</text>
      <group>1</group>
    </selectoption>
    <selectoption>
      <text>g(x)</text>
      <group>1</group>
    </selectoption>
    <selectoption>
      <text>-1</text>
      <group>1</group>
    </selectoption>
    <selectoption>
      <text>0</text>
      <group>1</group>
    </selectoption>
    <selectoption>
      <text>1</text>
      <group>1</group>
    </selectoption>
  </question>
<!-- question: 132951  -->
  <question type="gapselect">
    <name>
      <text>8</text>
    </name>
    <questiontext format="moodle_auto_format">
      <text>[[2]]</text>
    </questiontext>
    <generalfeedback format="html">
      <text></text>
    </generalfeedback>
    <defaultgrade>0.1</defaultgrade>
    <penalty>0.3333333</penalty>
    <hidden>0</hidden>
    <idnumber></idnumber>
    <shuffleanswers>1</shuffleanswers>
    <correctfeedback format="html">
      <text></text>
    </correctfeedback>
    <partiallycorrectfeedback format="html">
      <text></text>
    </partiallycorrectfeedback>
    <incorrectfeedback format="html">
      <text></text>
    </incorrectfeedback>
    <shownumcorrect/>
    <selectoption>
      <text>p1(y)</text>
      <group>1</group>
    </selectoption>
    <selectoption>
      <text>p2(y)</text>
      <group>1</group>
    </selectoption>
    <selectoption>
      <text>q1(y)</text>
      <group>1</group>
    </selectoption>
    <selectoption>
      <text>q2(y)</text>
      <group>1</group>
    </selectoption>
    <selectoption>
      <text>h(x)</text>
      <group>1</group>
    </selectoption>
    <selectoption>
      <text>g(x)</text>
      <group>1</group>
    </selectoption>
    <selectoption>
      <text>-1</text>
      <group>1</group>
    </selectoption>
    <selectoption>
      <text>0</text>
      <group>1</group>
    </selectoption>
    <selectoption>
      <text>1</text>
      <group>1</group>
    </selectoption>
  </question>
<!-- question: 132952  -->
  <question type="varnumeric">
    <name>
      <text>9</text>
    </name>
    <questiontext format="moodle_auto_format">
      <text></text>
    </questiontext>
    <generalfeedback format="html">
      <text></text>
    </generalfeedback>
    <defaultgrade>0.05</defaultgrade>
    <penalty>0.3333333</penalty>
    <hidden>0</hidden>
    <idnumber></idnumber>
    <randomseed></randomseed>
    <requirescinotation>0</requirescinotation>
    <answer fraction="100" format="moodle_auto_format">
      <text>0</text>
      <feedback format="plain_text">
        <text></text>
      </feedback>
      <sigfigs>0</sigfigs>
      <error>0</error>
      <syserrorpenalty>0.0000000</syserrorpenalty>
      <checknumerical>0</checknumerical>
      <checkscinotation>0</checkscinotation>
      <checkpowerof10>0</checkpowerof10>
      <checkrounding>0</checkrounding>
    </answer>
  </question>
<!-- question: 132953  -->
  <question type="varnumeric">
    <name>
      <text>10</text>
    </name>
    <questiontext format="moodle_auto_format">
      <text></text>
    </questiontext>
    <generalfeedback format="html">
      <text></text>
    </generalfeedback>
    <defaultgrade>0.05</defaultgrade>
    <penalty>0.3333333</penalty>
    <hidden>0</hidden>
    <idnumber></idnumber>
    <randomseed></randomseed>
    <requirescinotation>0</requirescinotation>
    <answer fraction="100" format="moodle_auto_format">
      <text>1</text>
      <feedback format="plain_text">
        <text></text>
      </feedback>
      <sigfigs>0</sigfigs>
      <error>0</error>
      <syserrorpenalty>0.0000000</syserrorpenalty>
      <checknumerical>0</checknumerical>
      <checkscinotation>0</checkscinotation>
      <checkpowerof10>0</checkpowerof10>
      <checkrounding>0</checkrounding>
    </answer>
  </question>
<!-- question: 132954  -->
  <question type="gapselect">
    <name>
      <text>11</text>
    </name>
    <questiontext format="moodle_auto_format">
      <text>[[1]]</text>
    </questiontext>
    <generalfeedback format="html">
      <text></text>
    </generalfeedback>
    <defaultgrade>0.125</defaultgrade>
    <penalty>0.3333333</penalty>
    <hidden>0</hidden>
    <idnumber></idnumber>
    <shuffleanswers>1</shuffleanswers>
    <correctfeedback format="html">
      <text></text>
    </correctfeedback>
    <partiallycorrectfeedback format="html">
      <text></text>
    </partiallycorrectfeedback>
    <incorrectfeedback format="html">
      <text></text>
    </incorrectfeedback>
    <shownumcorrect/>
    <selectoption>
      <text>q1(y)</text>
      <group>1</group>
    </selectoption>
    <selectoption>
      <text>q2(y)</text>
      <group>1</group>
    </selectoption>
    <selectoption>
      <text>p1(y)</text>
      <group>1</group>
    </selectoption>
    <selectoption>
      <text>p2(y)</text>
      <group>1</group>
    </selectoption>
    <selectoption>
      <text>h(x)</text>
      <group>1</group>
    </selectoption>
    <selectoption>
      <text>g(h)</text>
      <group>1</group>
    </selectoption>
    <selectoption>
      <text>-1</text>
      <group>1</group>
    </selectoption>
    <selectoption>
      <text>0</text>
      <group>1</group>
    </selectoption>
    <selectoption>
      <text>1</text>
      <group>1</group>
    </selectoption>
  </question>
<!-- question: 132955  -->
  <question type="gapselect">
    <name>
      <text>12</text>
    </name>
    <questiontext format="moodle_auto_format">
      <text>[[2]]</text>
    </questiontext>
    <generalfeedback format="html">
      <text></text>
    </generalfeedback>
    <defaultgrade>0.1</defaultgrade>
    <penalty>0.3333333</penalty>
    <hidden>0</hidden>
    <idnumber></idnumber>
    <shuffleanswers>1</shuffleanswers>
    <correctfeedback format="html">
      <text></text>
    </correctfeedback>
    <partiallycorrectfeedback format="html">
      <text></text>
    </partiallycorrectfeedback>
    <incorrectfeedback format="html">
      <text></text>
    </incorrectfeedback>
    <shownumcorrect/>
    <selectoption>
      <text>q1(y)</text>
      <group>1</group>
    </selectoption>
    <selectoption>
      <text>q2(y)</text>
      <group>1</group>
    </selectoption>
    <selectoption>
      <text>p1(y)</text>
      <group>1</group>
    </selectoption>
    <selectoption>
      <text>p2(y)</text>
      <group>1</group>
    </selectoption>
    <selectoption>
      <text>h(x)</text>
      <group>1</group>
    </selectoption>
    <selectoption>
      <text>g(x)</text>
      <group>1</group>
    </selectoption>
    <selectoption>
      <text>-1</text>
      <group>1</group>
    </selectoption>
    <selectoption>
      <text>0</text>
      <group>1</group>
    </selectoption>
    <selectoption>
      <text>1</text>
      <group>1</group>
    </selectoption>
  </question>
</subquestions>
  </question>

<!-- question: 132959  -->
  <question type="combined">
    <name>
      <text>e. EOI</text>
    </name>
    <questiontext format="html">
      <text><![CDATA[<p><span id="selectionBoundary_1584030249785_6689210368097774" style="line-height: 0; display: none;" class="rangySelectionBoundary">﻿</span>Na obrázku je množina \(D_5\).<img src="@@PLUGINFILE@@/D3928.jpg" alt="" role="presentation" class="img-responsive atto_image_button_middle" width="600" height="450"><br></p><p>Hranici množiny tvoří&nbsp; část kružnice&nbsp; \(x^2 -2x + y^2 = 0\) , tj. \((x-1)^2 + y^2 = 1\) a&nbsp; přímka \(y = 2-x\). </p><p>Část kružnice označíme \(g(x) = \sqrt{2x-x^2}\) nebo \( p(y) = 1 +\sqrt{1-y^2} \).</p><p>Přímku označíme \(h(x) = 2-x\) nebo \(q(y) = 2-y\).<br></p><p>Doplňte nerovnice tak, aby popisovaly množinu \(D_5\) jako <br><b>a) elementární obor integrace vzhledem k ose x: </b><br>[[1:numeric:_5_]] \(\le x\le \) [[2:numeric:_5_]], [[3:selectmenu:1]]\(\le y\le \)[[4:selectmenu:2]]<br><b>b) elementární obor integrace vzhledem k ose y: </b><br>[[5:numeric:_5_]] \(\le y\le \) [[6:numeric:_5_]],&nbsp;[[7:selectmenu:1]]\(\le x\le \)[[8:selectmenu:2]]  <br><br></p>]]></text>
<file name="D3928.jpg" path="/" encoding="base64">/9j/4AAQSkZJRgABAQAAAQABAAD//gAYTUFUTEFCIEhhbmRsZSBHcmFwaGljc//+AB1NQVRMQUIsIFRoZSBNYXRoV29ya3MsIEluYy7/2wBDAAgGBgcGBQgHBwcJCQgKDBQNDAsLDBkSEw8UHRofHh0aHBwgJC4nICIsIxwcKDcpLDAxNDQ0Hyc5PTgyPC4zNDL/2wBDAQkJCQwLDBgNDRgyIRwhMjIyMjIyMjIyMjIyMjIyMjIyMjIyMjIyMjIyMjIyMjIyMjIyMjIyMjIyMjIyMjIyMjL/wAARCANrBI8DASIAAhEBAxEB/8QAHwAAAQUBAQEBAQEAAAAAAAAAAAECAwQFBgcICQoL/8QAtRAAAgEDAwIEAwUFBAQAAAF9AQIDAAQRBRIhMUEGE1FhByJxFDKBkaEII0KxwRVS0fAkM2JyggkKFhcYGRolJicoKSo0NTY3ODk6Q0RFRkdISUpTVFVWV1hZWmNkZWZnaGlqc3R1dnd4eXqDhIWGh4iJipKTlJWWl5iZmqKjpKWmp6ipqrKztLW2t7i5usLDxMXGx8jJytLT1NXW19jZ2uHi4+Tl5ufo6erx8vP09fb3+Pn6/8QAHwEAAwEBAQEBAQEBAQAAAAAAAAECAwQFBgcICQoL/8QAtREAAgECBAQDBAcFBAQAAQJ3AAECAxEEBSExBhJBUQdhcRMiMoEIFEKRobHBCSMzUvAVYnLRChYkNOEl8RcYGRomJygpKjU2Nzg5OkNERUZHSElKU1RVVldYWVpjZGVmZ2hpanN0dXZ3eHl6goOEhYaHiImKkpOUlZaXmJmaoqOkpaanqKmqsrO0tba3uLm6wsPExcbHyMnK0tPU1dbX2Nna4uPk5ebn6Onq8vP09fb3+Pn6/9oADAMBAAIRAxEAPwD3+iiigAooooAKKKKACiiigAooooAKKKKACiiigAooooAKKKKACiiigAooooAKKKKACiiigAooooAKKKKACiiigAooooAKKKKACiiigAooooAKKKKACiiigAooooAKKKKACiiigAooooAKKKKACiiigAooooAKKKKACiiigAooooAKKKKACiiigAooooAKKKKACiiigAooooAKKKKACiiigAooooAKKKKACiiigAooooAKKKKACiiigAooooAKKKKACiiigAooooAKKKKACiiigAooooAKKKKACiiigAooooAKKKKACiiigAooooAKKKKACiiigAooooAKKKKACiiigAooooAKKKKACiiigAooooAKKKKACiiigAooooAKKKKACiiigAooooAKKKKACiiigAooooAKKKKACiiigAooooAKKKKACiiigAooooAKKKKACiiigAooooAKKKKACiiigAooooAKKKKACiiigAooooAKKKKACiiigAooooAKKKKACiiigAooooAKKKKACiiigAooooAKKKKACiiigAooooAKKKKACiiigAooooAKKKKACiiigAooooAKKKKACiiigAooooAKKKKACiiigAooooAKKKKACiiigAooooAKKKKACiiigAooooAKKKKACiiigAooooAKKKKACiiigAooooAKKKKACiiigAooooAKKKKACiiigAooooAKKKKACiiigAooooAKKKKACiiigAooooAKKKKACiiigAooooAKKKKACiiigAooooAKKKKACiiigAooooAKKKKACiiigAooooAKKKKACiiigAooooAKKKKACiiigAooooAKKKKACiiigAooooAKKKKACiiigAooooAKKKKACiiigAooooAKKKKACiiigAooooAKKKKACiiigAooooAKKKKACiiigAooooAKKKKACiiigAooooAKKKKACiiigAooooAKKKKACiiigAooooAKKKKACiiigAooooAKKKKACiiigAooooAKKKKACiiigAooooAKKKKACiiigAooooAKKKKACiiigAooooAKKKKACiiigAooooAKKKKACiiigAooooAKKKKACiiigAooooAKKKKACiiigAooooAKKKKACiiigAooooAKKKKACiiigAooooAKKKKACiiigAooooAKKKKACiiigAooooAKKKKACiiigAooooAKKKKACiiigAooooAKKKKACiiigAooooAKKKKACiiigAooooAKKKKACiiigAooooAKKKKACiiigAooooAKKKKACiiigAooooAKKKKACiiigAooooAKKKKACiiigAooooAKKKKACiiigAooooAKKKKACiiigAooooAKKKKACiiigAooooAKKKKACiiigAooooAKKKKACiiigAooooAKKKKACiiigAooooAKKKKACiiigAooooAKKKKACiiigAooooAKKKKACiiigAooooAKKKKACiiigAooooAKKKKACiiigAooooAKKKKACiiigAooooAKKKKACiiigAooooAKKKKACiiigAooooAKKKKACiiigAooooAKKKKACiiigAooooAKKKKACiiigAooooAKKKKACiiigAooooAKKKKACiiigAooooAKKKKACiiigAooooAKKKKACiiigAooooAKKKKACiiigAooooAKKKKACiiigAooooAKKKKACiiigAooooAKKKKACiiigAooooAKKKKACiiigAooooAKKKKACiiigAooooAKKKKACiiigAooooAKKKKACiiigAooooAKKKKACiiigAooooAKKKKACiiigAooooAKKKKACiiigAooooAKKKKACiiigAooooAKKKKACiiigAooooAKKKKACiiigAooooAKKKKACiiigAooooAKKKKACiiigAooooAKKKKACiiigAooooAKKKKACiiigAooooAKKKKACiiigAooooAKKKKACiiigAooooAKKKKACiiigAooooAKKKKACiiigAooooAKKKKACiiigAooooAKKKKACiiigAooooAKKKKACiiigAooooAKKKKACiiigAooooAKKKKACiiigAooooAKKKKACiiigAooooAKKKKACiiigAooooAKKKKACiiigAooooAKKKKACiiigAooooAKKKKACiiigAooooAKKKKACiiigAooooAKKKKACiiigAooooAKKKKACiiigAooooAKKKKACiiigAooooAKKKKACiiigAooooAKKKKACiiigAooooAKKKKACiiigAooooAKKKKACiiigAooooAKKKKACiiigAooooAKKKKACiiigAooooAKKKKACiiigAooooAKKKKACiiigAooooAKKKKACiiigAooooAKKKKACiiigAooooAKKKKACiiigAooooAKKKKACiiigAooooAKKKKACiiigAooooAKKKKACiiigAooooAKKKKACiiigAooooAKKKKAPnOfSNT8Z/HPxFoS+I9S063hDTIYJWIGNgwF3AAfNVy9ufFfwa8WaQt94hudb8Pag/luLgklACA2AxO0jcCMHB71WsfE+j+E/wBojxNqGt3f2W1aN4hJ5bv8x8sgYUE9AaPHviG1+MHivQPDnheOe5tYJTJc3TRMqhWKgtgjICgHk4ySAKAPomis6+1/RtLnEGoavYWcxXeI7i5SNivTOCRxwfyq1Z3tpqNstzZXUNzbtnbLBIHU4ODgjjrQBPRRRQAUUUUAFFFFABRRRQAUUUUAFFFFABRRRQAUUUUAFFFFABRRRQAUUUUAFFFFABRRRQAUUUUAFFFFABRRRQAUUUUAFFFFABRRRQAUUUUAFFFFABRRRQAUUUUAFFFFABRRRQAUUUUAFFFFABRRRQAUUUUAFFFFABRRRQAUUUUAFFFFABRRRQAUUUUAFFFFABRRRQAUUUUAFFFFABRRRQAUUUUAFFFFABRRRQAUUUUAFFFFABRRRQAUUUUAFFFcpdeMbl9RvrXRdAu9WSwfy7qaKVI1V8ZKLuOXYdwKAOrorP0PWbTxBo1tqliXNvOpIDjDKQSCpHqCCPwrQoAKKKKACiiigAooooAKKKKACiiigAooooAKKKKACiiigAooooAKKKKACiiigAooooAKKKKACiiigAooooAKKKKACiiigAooooAKKKKACiiigAooooAKKKKAMW78IeGb+6kurzw7pFzcSHMk01lG7ufUkrk1e0/SdN0mIxabp9pZxnqltCsYP4KBVyigDxnxR4V8Rar8StZ1VPCWn6vZJaRQ2h1KYCMgAM21Rzu3FgM4HX1rtPhfrema94It7jS9Lj0uKKR4ZbOL7sUgOWx7HIP41n6x8OdWfxJf6z4Z8WXGiPqShbyH7Ms6sQMblyRtPU+uScEV0vg/wrZeDPDkGj2LPIkZLySyfekc9WP+egFAG7RRRQAUUUUAFFFFABRRRQAUUUUAFFFFABRRRQAUUUUAFFFFABRRRQAUUUUAFFFFABRRRQAUUUUAFFFFABRRRQAUUUUAFFFFABRRRQAUUUUAFFFFABRRRQAUUUUAFFFFABRRRQAUUUUAFFFFABRRRQAUUUUAFFFFABRRRQAUUUUAFFFFABRRRQAUUUUAFFFFABRRRQAUUUUAFFFFABRRRQAUUUUAFFFFABRRRQAUUUUAFFFFAGB4z0ibWfCt5b2jMl7GontWU8iVDuXH1xj8a59NVXxrrHhWOAkW0cH9r3aqejD5I0P/AAPfx/sV299eLYWUl08U8qxgEpbxNK55xwqgk9e1cr8PtDOnW2p6pJZyWcuqXkk0dvKMPDDuJRCP4T8zNjtuoA6LW7mW00ieeG9srKRduLi9H7lMsB83zL16DkckVyP/AAkeqf8AQ6eDP++T/wDHq7qaCK5iaKeJJY26o6hge/Q1U/sTSf8AoF2X/gOn+FAFuBi9vEzOkhZAS8f3W46j2rk7zVxZX15ofhHTUuNVkkM91Iflt7aR+S8rd2PXaOT7V16qFUKoAUDAA6CuQi+H8dtPdy2niXX7X7VcPcypDPEFLsck/wCr/wA4oA2PC+hJ4b8PWulrMZ2iDNJKRje7MWY47ck/hTNVu9U/tyw03TZ7O38+2uLiSS5tmm/1bRKAAsiYz5p5yegrQ0yxbTbCO1a9urwoT+/umDSNk55IAHHTpWfdf8jzpX/YNvf/AEba0AW7GHV4/M/tC+sZ842fZ7N4tvXOcyvnt6fjVzE3/PSP/vg/41JRQBHib/npH/3wf8aMTf8APSP/AL4P+NSUUAR4m/56R/8AfB/xoxN/z0j/AO+D/jUlFAEeJv8AnpH/AN8H/GjE3/PSP/vg/wCNSUUAR4m/56R/98H/ABr5r8R/GbxfpHxJkee1a0s7JjA2lS8B0z95iM5YjBDAkDtkE5+mK8/+I/w0sfHunyumy31i3/49rnHDDaDsf1U/oeR3BAOk8MeJbHxdokOq6VdRyQScMpTDxN3Vhngj/wCuOK2MTf8APSP/AL4P+NfHPhvxJ4i+FHi+aOSCSN43Ed7YynCyqP685Vh69wTn6y8MeJ9L8XaJDqulT+ZBJwynh4m7qw7Ef/XHFAGpib/npH/3wf8AGjE3/PSP/vg/41JRQBHib/npH/3wf8aMTf8APSP/AL4P+NSUUAR4m/56R/8AfB/xoxN/z0j/AO+D/jUlFAEeJv8AnpH/AN8H/GjE3/PSP/vg/wCNSUUAR4m/56R/98H/ABoxN/z0j/74P+NSUUAR4m/56R/98H/GjE3/AD0j/wC+D/jUlFAEeJv+ekf/AHwf8aMTf89I/wDvg/41JRQBHib/AJ6R/wDfB/xoxN/z0j/74P8AjUlFAEeJv+ekf/fB/wAaMTf89I/++D/jUlFAEeJv+ekf/fB/xoxN/wA9I/8Avg/41JRQBHib/npH/wB8H/GjE3/PSP8A74P+NSUUAR4m/wCekf8A3wf8aMTf89I/++D/AI1JRQBHib/npH/3wf8AGjE3/PSP/vg/41JRQBHib/npH/3wf8aMTf8APSP/AL4P+NSUUAR4m/56R/8AfB/xoxN/z0j/AO+D/jUlFAEeJv8AnpH/AN8H/GjE3/PSP/vg/wCNSUUAR4m/56R/98H/ABprGZWQb4/mOPuH0J9fapqjk+/D/v8A/spoAMTf89I/++D/AI0Ym/56R/8AfB/xqSigCPE3/PSP/vg/40Ym/wCekf8A3wf8akooAjxN/wA9I/8Avg/40Ym/56R/98H/ABqSigCPE3/PSP8A74P+NGJv+ekf/fB/xqSigCPE3/PSP/vg/wCNGJv+ekf/AHwf8akooAjxN/z0j/74P+NGJv8AnpH/AN8H/GpKKAI8Tf8APSP/AL4P+NGJv+ekf/fB/wAakooAjxN/z0j/AO+D/jRib/npH/3wf8akooAjxN/z0j/74P8AjRib/npH/wB8H/GpKKAI8Tf89I/++D/jRib/AJ6R/wDfB/xqSigCPE3/AD0j/wC+D/jRib/npH/3wf8AGpKKAI8Tf89I/wDvg/40Ym/56R/98H/GpKKAI8Tf89I/++D/AI0Ym/56R/8AfB/xqSigCPE3/PSP/vg/40Ym/wCekf8A3wf8akooAjxN/wA9I/8Avg/40Ym/56R/98H/ABqSigCPE3/PSP8A74P+NGJv+ekf/fB/xqSigCPE3/PSP/vg/wCNGJv+ekf/AHwf8akooAjxN/z0j/74P+NGJv8AnpH/AN8H/GpKKAIYzM8SPvjG4A/cP+NOxN/z0j/74P8AjRB/x7xf7g/lUlAEeJv+ekf/AHwf8aMTf89I/wDvg/41JRQBHib/AJ6R/wDfB/xoxN/z0j/74P8AjUlFAEeJv+ekf/fB/wAaMTf89I/++D/jUlFAEeJv+ekf/fB/xpVEgPzMpHsuP60+igAooooAKKKKACiiigAooooAKKKKACiiigAooooAKKKKACiiigAooooAKKKKACiiigAooooAKKKKACiiigAooooAKKKKACiiigAooooAKKKKACiiigAooooAKKKKACiiigAooooAKKKKACsS6/5HnSv+wbe/+jbWtusS6/5HnSv+wbe/+jbWgDbooooAKKKKACiiigAooooAKjj+/N/v/wDsoqSo4/vzf7//ALKKAOH+Jfw0sfHul702W+sQKfs1zjhh/cf1U/mDyO4PGfBD4d+JfDWoXuraxNNp8DboF08EH7QVOPMfqAoOduOT1yF+/wC30UAFFFFABRRRQAUUUUAFFFFABRRRQAUUUUAFFFFABRRRQAUUUUAFFFFABRRRQAUUUUAFFFFABRRRQAUUUUAFFFFABUcn34f9/wD9lNSVHJ9+H/f/APZTQBJRRRQAUUUUAFFFFABRRRQAUUUUAFFFFABRRRQAUUUUAFFFFABRRRQAUUUUAFFFFABRRRQAUUUUAFFFFABRRRQAUUUUAFFFFAEcH/HvF/uD+VSVHB/x7xf7g/lUlABRRRQAUUUUAFFFFABRRRQAUUUUAFFFFABRRRQAUUUUAFFFFABRRRQAUUUUAFFFFABRRRQAUUUUAFFFFABRRRQAUUUUAFFFFABRRRQAUUUUAFFFFABRRRQAUUUUAFFFFABRRRQAUUUUAFFFFABRRRQAUUUUAFFFFABWJdf8jzpX/YNvf/RtrW3WJdf8jzpX/YNvf/RtrQBt0UUUAFFFFABRRRQAUUUUAFRx/fm/3/8A2UVJUcf35v8Af/8AZRQBJRRRQAV4h8RPjfd+GvGcWj6TYboLGUG/a5QqbjI+4meVUA539zjHyj5/b64P4l/DSx8e6XvTZb6xAp+zXOOGH9x/VT+YPI7ggHSeGPE+l+LtEh1XSp/Mgk4ZTw8Td1YdiP8A644rYr418N+JPEXwo8XzRyQSRvG4jvbGU4WVR/XnKsPXuCc/WXhjxPpfi7RIdV0qfzIJOGU8PE3dWHYj/wCuOKANiiiigAooooAKKKKACiiigAooooAKKKKACiiigAooooAKKKKACiiigAooooAKKKKACiiigAooooAKjk+/D/v/APspqSo5Pvw/7/8A7KaAJKKKKACiiigAooooAKKKKACiiigAooooAKKKKACiiigAooooAKKKKACiiigAooooAKKKKACiiigAooooAKKKKACiiigAooooAjg/494v9wfyqSo4P+PeL/cH8qkoAKKKKACiiigAooooAKKKKACiiigAooooAKKKKACiiigAooooAKKKKACiiigAooooAKKKKACiiigAooooAKKKKACiiigAooooAKKKKACiiigAooooAKKKKACiiigAooooAKKKKACiiigAooooAKKKKACiiigAooooAKxLr/kedK/7Bt7/AOjbWtusS6/5HnSv+wbe/wDo21oA26KKKACiiigAooooAKKKKACo4/vzf7//ALKKkqOP783+/wD+yigCSiiigAooooA4P4l/DSx8e6XvTZb6xAp+zXOOGH9x/VT+YPI7g+E/DRfG3hf4mf2JpljJ9r37L+znJWLygeXdhnAGchxnqAN27B+sqjWCFLh7hYoxNIqo8gUbmVc7QT1IG5semT60ASUUUUAFFFFABRRRQAUUUUAFFFFABRRRQAUUUUAFFFFABRRRQAUUUUAFFFFABRRRQAUUUUAFFFFABUcn34f9/wD9lNSVHJ9+H/f/APZTQBJRRRQAUUUUAFFFFABRRRQAUUUUAFFFFABRRRQAUUUUAFFFFABRRRQAUUUUAFFFFABRRRQAUUUUAFFFFABRRRQAUUUUAFFFFAEcH/HvF/uD+VSVHB/x7xf7g/lUlABRRRQAUUUUAFFFFABRRRQAUUUUAFFFFABRRRQAUUUUAFFFFABRRRQAUUUUAFFFFABRRRQAUUUUAFFFFABRRRQAUUUUAFFFFABRRRQAUUUUAFFFFABRRRQAUUUUAFFFFABRRRQAUUUUAFFFFABRRRQAUUUUAFFFFABWJdf8jzpX/YNvf/RtrW3WJdf8jzpX/YNvf/RtrQBt0UUUAFFFFABRRRQAUUUUAFRx/fm/3/8A2UVJUcf35v8Af/8AZRQBJRRRQAUUUUAFFFFABXMeOfHWleA9EN/qDeZPJlbW0Q4edx2HooyMt0GR1JAPT1wfxM+Gtl4+0sOhS31i3Qi2uSOCOux/VSfyJyO4IB0nhjxPpfi7RIdV0qfzIJOGU8PE3dWHYj/644rYr418N+JPEXwo8XzRyQSRvG4jvbGU4WVR/XnKsPXuCc/WXhjxPpfi7RIdV0qfzIJOGU8PE3dWHYj/AOuOKANiiiigAooooAKKKKACiiigAooooAKKKKACiiigAooooAKKKKACiiigAooooAKKKKACo5Pvw/7/AP7KakqOT78P+/8A+ymgCSiiigAooooAKKKKACiiigAooooAKKKKACiiigAooooAKKKKACiiigAooooAKKKKACiiigAooooAKKKKACiiigAooooAKKKKAI4P+PeL/cH8qkqOD/j3i/3B/KpKACiiigAooooAKKKKACiiigAooooAKKKKACiiigAooooAKKKKACiiigAooooAKKKKACiiigAooooAKKKKACiiigAooooAKKKKACiiigAooooAKKKKACiiigAooooAKKKKACiiigAooooAKKKKACiiigAooooAKKKKACsS6/5HnSv+wbe/+jbWtusS6/5HnSv+wbe/+jbWgDbooooAKKKKACiiigAooooAKjj+/N/v/wDsoqSo4/vzf7//ALKKAJKKKKACiiigAooooAKKKKAOD+Jfw0sfHul702W+sQKfs1zjhh/cf1U/mDyO4Pzj4b8SeIvhR4vmjkgkjeNxHe2Mpwsqj+vOVYevcE5+yqx9Q8KaHqmu2GtX2mwT6jYc28zjlD2JHQ4PIznB5GDzQBoafdm/062vDbz2xniWTyZ02yR5GdrDswzgjtViiigAooooAKKKKACiiigAooooAKKKKACiiigAooooAKKKKACiiigAooooAKKKKACo5Pvw/wC//wCympKjk+/D/v8A/spoAkooooAKKKKACiiigAooooAKKKKACiiigAooooAKKKKACiiigAooooAKKKKACiiigAooooAKKKKACiiigAooooAKKKKACiiigCOD/j3i/wBwfyqSo4P+PeL/AHB/KpKACiiigAooooAKKKKACiiigAooooAKKKKACiiigAooooAKKKKACiiigAooooAKKKKACiiigAooooAKKKKACiiigAooooAKKKKACiiigAooooAKKKKACiiigAooooAKKKKACiiigAooooAKKKKACiiigAooooAKKKKACsS6/wCR50r/ALBt7/6Nta26xLr/AJHnSv8AsG3v/o21oA26KKKACiiigAooooAKKKKACo4/vzf7/wD7KKkqOP783+//AOyigCSiiigAooooAKKKKACiiigAooooAKKK5vx54evvFPg6/wBI07UpLC4nTG9ekg7xueoVuhxz9RkEA1NI1zS9ftXutJv4L2BJWiaSF9wDKcEf1B6EEEZBBrQr418N+JPEXwo8XzRyQSRvG4jvbGU4WVR/XnKsPXuCc/WXhjxPpfi7RIdV0qfzIJOGU8PE3dWHYj/644oA2KKKKACiiigAooooAKKKKACiiigAooooAKKKKACiiigAooooAKKKKACo5Pvw/wC//wCympKjk+/D/v8A/spoAkooooAKKKKACiiigAooooAKKKKACiiigAooooAKKKKACiiigAooooAKKKKACiiigAooooAKKKKACiiigAooooAKKKKACiiigCOD/j3i/wBwfyqSo4P+PeL/AHB/KpKACiiigAooooAKKKKACiiigAooooAKKKKACiiigAooooAKKKKACiiigAooooAKKKKACiiigAooooAKKKKACiiigAooooAKKKKACiiigAooooAKKKKACiiigAooooAKKKKACiiigAooooAKKKKACiiigAooooAKKKKACsS6/wCR50r/ALBt7/6Nta26xLr/AJHnSv8AsG3v/o21oA26KKKACiiigAooooAKKKKACo4/vzf7/wD7KKkqOP783+//AOyigCSiiigAooooAKKKKACiiigAooooAKKKKAOD+Jfw0sfHul702W+sQKfs1zjhh/cf1U/mDyO4Pzj4b8SeIvhR4vmjkgkjeNxHe2Mpwsqj+vOVYevcE5+yq4f4ifDLS/iBaRGST7FqUOBFepHuIXPKsuRuHXHIwfxyAdB4Y8T6X4u0SHVdKn8yCThlPDxN3Vh2I/8Arjitisfwx4Y0vwjocOkaRB5VvHyzNy8rnq7nuxwPyAAAAA2KACiiigAooooAKKKKACiiigAooooAKKKKACiiigAooooAKKKKACo5Pvw/7/8A7KakqOT78P8Av/8AspoAkooooAKKKKACiiigAooooAKKKKACiiigAooooAKKKKACiiigAooooAKKKKACiiigAooooAKKKKACiiigAooooAKKKKACiiigCOD/AI94v9wfyqSo4P8Aj3i/3B/KpKACiiigAooooAKKKKACiiigAooooAKKKKACiiigAooooAKKKKACiiigAooooAKKKKACiiigAooooAKKKKACiiigAooooAKKKKACiiigAooooAKKKKACiiigAooooAKKKKACiiigAooooAKKKKACiiigAooooAKKKKACsS6/5HnSv+wbe/8Ao21rbrEuv+R50r/sG3v/AKNtaANuiiigAooooAKKKKACiiigAqOP783+/wD+yipKjj+/N/v/APsooAkooooAKKKKACiiigAooooAKKKKACiiigAooooAKKKjnaZLeVreNJJghMaO+xWbHALYOBnvg49DQBJRXya3xL8beF/iZeanrfmfa94hu9OclYvKByqIOcAZJVhnqSS245+mvDHifS/F2iQ6rpU/mQScMp4eJu6sOxH/ANccUAbFFFFABRRRQAUUUUAFFFFABRRRQAUUUUAFFFFABRRRQAVHJ9+H/f8A/ZTUlRyffh/3/wD2U0ASUUUUAFFFFABRRRQAUUUUAFFFFABRRRQAUUUUAFFFFABRRRQAUUUUAFFFFABRRRQAUUUUAFFFFABRRRQAUUUUAFFFFABRRRQBHB/x7xf7g/lUlRwf8e8X+4P5VJQAUUUUAFFFFABRRRQAUUUUAFFFFABRRRQAUUUUAFFFFABRRRQAUUUUAFFFFABRRRQAUUUUAFFFFABRRRQAUUUUAFFFFABRRRQAUUUUAFFFFABRRRQAUUUUAFFFFABRRRQAUUUUAFFFFABRRRQAUUUUAFFFFABRRRQAViXX/I86V/2Db3/0ba1t1iXX/I86V/2Db3/0ba0AbdFFFABRRRQAUUUUAFFFFABUcf35v9//ANlFSVHH9+b/AH//AGUUASUUUUAFFFFABRRRQAUUUUAFFFFABRRRQAUUUUAFFFFAHB/Ev4aWPj3S96bLfWIFP2a5xww/uP6qfzB5HcH5x8N+JPEXwo8XzRyQSRvG4jvbGU4WVR/XnKsPXuCc/ZVcH8S/hpY+PdL3pst9YgU/ZrnHDD+4/qp/MHkdwQDpPDHifS/F2iQ6rpU/mQScMp4eJu6sOxH/ANccVsV5H8Fvhrq3g2O71TWriSG6u18pdPjkDIig8O5HBc9sdATnJOF9coAKKKKACiiigAooooAKKKKACiiigAooooAKKKKACo5Pvw/7/wD7KakqOT78P+//AOymgCSiiigAooooAKKKKACiiigAooooAKKKKACiiigAooooAKKKKACiiigAooooAKKKKACiiigAooooAKKKKACiiigAooooAKKKKAI4P+PeL/cH8qkqOD/j3i/3B/KpKACiiigAooooAKKKKACiiigAooooAKKKKACiiigAooooAKKKKACiiigAooooAKKKKACiiigAooooAKKKKACiiigAooooAKKKKACiiigAooooAKKKKACiiigAooooAKKKKACiiigAooooAKKKKACiiigAooooAKKKKACsS6/5HnSv+wbe/wDo21rbrEuv+R50r/sG3v8A6NtaANuiiigAooooAKKKKACiiigAqOP783+//wCyipKjj+/N/v8A/sooAkooooAKKKKACiiigAooooAKKKKACiiigAooooAKKKKACiiigAooooAKK8Q+Inxvu/DXjOLR9JsN0FjKDftcoVNxkfcTPKqAc7+5xj5R8/q/hjxPpfi7RIdV0qfzIJOGU8PE3dWHYj/644oA2KKKKACiiigAooooAKKKKACiiigAooooAKjk+/D/AL//ALKakqOT78P+/wD+ymgCSiiigAooooAKKKKACiiigAooooAKKKKACiiigAooooAKKKKACiiigAooooAKKKKACiiigAooooAKKKKACiiigAooooAKKKKAI4P+PeL/AHB/KpKjg/494v8AcH8qkoAKKKKACiiigAooooAKKKKACiiigAooooAKKKKACiiigAooooAKKKKACiiigAooooAKKKKACiiigAooooAKKKKACiiigAooooAKKKKACiiigAooooAKKKKACiiigAooooAKKKKACiiigAooooAKKKKACiiigAooooAKxLr/AJHnSv8AsG3v/o21rbrEuv8AkedK/wCwbe/+jbWgDbooooAKKKKACiiigAooooAKjj+/N/v/APsoqSo4/vzf7/8A7KKAJKKKKACiiigAooooAKKKKACiiigAooooAKKKKACiiigAooooAKKKKAOD+Jfw0sfHul702W+sQKfs1zjhh/cf1U/mDyO4Pzj4b8SeIvhR4vmjkgkjeNxHe2Mpwsqj+vOVYevcE5+yq4P4l/DSx8e6XvTZb6xAp+zXOOGH9x/VT+YPI7ggHSeGPE+l+LtEh1XSp/Mgk4ZTw8Td1YdiP/rjitivlz4RaT430T4lS6ZZ2z28duyrq6XAPlLFngnHVjzsx16/d3GvqOgAooooAKKKKACiiigAooooAKKKKACo5Pvw/wC//wCympKjk+/D/v8A/spoAkooooAKKKKACiiigAooooAKKKKACiiigAooooAKKKKACiiigAooooAKKKKACiiigAooooAKKKKACiiigAooooAKKKKACiiigCOD/j3i/wBwfyqSo4P+PeL/AHB/KpKACiiigAooooAKKKKACiiigAooooAKKKKACiiigAooooAKKKKACiiigAooooAKKKKACiiigAooooAKKKKACiiigAooooAKKKKACiiigAooooAKKKKACiiigAooooAKKKKACiiigAooooAKKKKACiiigAooooAKKKKACsS6/wCR50r/ALBt7/6Nta26xLr/AJHnSv8AsG3v/o21oA26KKKACiiigAooooAKKKKACo4/vzf7/wD7KKkqOP783+//AOyigCSiiigAooooAKKKKACiiigAooooAKKKKACiiigAooooAKKKKACiiigAooooAAAM4HXrRRRQAUVzHjnx1pXgPRDf6g3mTyZW1tEOHncdh6KMjLdBkdSQDf8ADHifS/F2iQ6rpU/mQScMp4eJu6sOxH/1xxQBsUUUUAFFFFABRRRQAUUUUAFRyffh/wB//wBlNSVHJ9+H/f8A/ZTQBJRRRQAUUUUAFFFFABRRRQAUUUUAFFFFABRRRQAUUUUAFFFFABRRRQAUUUUAFFFFABRRRQAUUUUAFFFFABRRRQAUUUUAFFFFAEcH/HvF/uD+VSVHB/x7xf7g/lUlABRRRQAUUUUAFFFFABRRRQAUUUUAFFFFABRRRQAUUUUAFFFFABRRRQAUUUUAFFFFABRRRQAUUUUAFFFFABRRRQAUUUUAFFFFABRRRQAUUUUAFFFFABRRRQAUUUUAFFFFABRRRQAUUUUAFFFFABRRRQAUUUUAFFFFABWJdf8AI86V/wBg29/9G2tbdYl1/wAjzpX/AGDb3/0ba0AbdFFFABRRRQAUUUUAFFFFABUcf35v9/8A9lFSVHH9+b/f/wDZRQBJRRRQAUUUUAFFFFABRRRQAUUUUAFFFFABRRRQAUUUUAFFFFABRRRQAUUUUAFFFFAHB/Ez4a2Xj7Sw6FLfWLdCLa5I4I67H9VJ/InI7g/OPhvxJ4i+FHi+aOSCSN43Ed7YynCyqP685Vh69wTn7Krg/iX8NLHx7pe9NlvrECn7Nc44Yf3H9VP5g8juCAdJ4Y8T6X4u0SHVdKn8yCThlPDxN3Vh2I/+uOK2K+NfDfiTxF8KPF80ckEkbxuI72xlOFlUf15yrD17gnP2Fp92b/Tra8NvPbGeJZPJnTbJHkZ2sOzDOCO1AFiiiigAooooAKKKKACo5Pvw/wC//wCympKjk+/D/v8A/spoAkooooAKKKKACiiigAooooAKKKKACiiigAooooAKKKKACiiigAooooAKKKKACiiigAooooAKKKKACiiigAooooAKKKKACiiigCOD/j3i/wBwfyqSo4P+PeL/AHB/KpKACiiigAooooAKKKKACiiigAooooAKKKKACiiigAooooAKKKKACiiigAooooAKKKKACiiigAooooAKKKKACiiigAooooAKKKKACiiigAooooAKKKKACiiigAooooAKKKKACiiigAooooAKKKKACiiigAooooAKKKKACsS6/wCR50r/ALBt7/6Nta26xLr/AJHnSv8AsG3v/o21oA26KKKACiiigAooooAKKKKACo4/vzf7/wD7KKkqOP783+//AOyigCSiiigAooooAKKKKACiiigAooooAKKKKACiiigAooooAKKKKACiiigAooooAKKKKACiiigDH1Dwpoeqa7Ya1fabBPqNhzbzOOUPYkdDg8jOcHkYPNbFFFABRRWfpGuaXr9q91pN/BewJK0TSQvuAZTgj+oPQggjIINAGhRRRQAUUUUAFRyffh/3/wD2U1JUcn34f9//ANlNAElFFFABRRRQAUUUUAFFFFABRRRQAUUUUAFFFFABRRRQAUUUUAFFFFABRRRQAUUUUAFFFFABRRRQAUUUUAFFFFABRRRQAUUUUARwf8e8X+4P5VJUcH/HvF/uD+VSUAFFFFABRRRQAUUUUAFFFFABRRRQAUUUUAFFFFABRRRQAUUUUAFFFFABRRRQAUUUUAFFFFABRRRQAUUUUAFFFFABRRRQAUUUUAFFFFABRRRQAUUUUAFFFFABRRRQAUUUUAFFFFABRRRQAUUUUAFFFFABRRRQAUUUUAFYl1/yPOlf9g29/wDRtrW3WJdf8jzpX/YNvf8A0ba0AbdFFFABRRRQAUUUUAFFFFABUcf35v8Af/8AZRUlRx/fm/3/AP2UUASUUUUAFFFFABRRRQAUUUUAFFFFABRRRQAUUUUAFFFFABRRRQAUUUUAFFFFABRRRQAUUUUAFFFFAHN+PPD194p8HX+kadqUlhcTpjevSQd43PUK3Q45+oyD8s+G/EniL4UeL5o5IJI3jcR3tjKcLKo/rzlWHr3BOfsquD+Jfw0sfHul702W+sQKfs1zjhh/cf1U/mDyO4IB0nhjxPpfi7RIdV0qfzIJOGU8PE3dWHYj/wCuOK2K+NfDfiTxF8KPF80ckEkbxuI72xlOFlUf15yrD17gnP1l4Y8T6X4u0SHVdKn8yCThlPDxN3Vh2I/+uOKANiiiigAqOT78P+//AOympKjk+/D/AL//ALKaAJKKKKACiiigAooooAKKKKACiiigAooooAKKKKACiiigAooooAKKKKACiiigAooooAKKKKACiiigAooooAKKKKACiiigAooooAjg/wCPeL/cH8qkqOD/AI94v9wfyqSgAooooAKKKKACiiigAooooAKKKgvbyDT7G4vbp/Lt7eJpZXwTtRRknA5PA7UAT0Vif8JXp3/PtrH/AIJrv/41R/wlenf8+2sf+Ca7/wDjVAG3RWJ/wlenf8+2sf8Agmu//jVH/CV6d/z7ax/4Jrv/AONUAbdFYn/CV6d/z7ax/wCCa7/+NUf8JXp3/PtrH/gmu/8A41QBt0Vif8JXp3/PtrH/AIJrv/41R/wlenf8+2sf+Ca7/wDjVAG3RWJ/wlenf8+2sf8Agmu//jVH/CV6d/z7ax/4Jrv/AONUAbdFYn/CV6d/z7ax/wCCa7/+NUf8JXp3/PtrH/gmu/8A41QBt0Vif8JXp3/PtrH/AIJrv/41R/wlenf8+2sf+Ca7/wDjVAG3RWJ/wlenf8+2sf8Agmu//jVH/CV6d/z7ax/4Jrv/AONUAbdFYn/CV6d/z7ax/wCCa7/+NUf8JXp3/PtrH/gmu/8A41QBt0Vif8JXp3/PtrH/AIJrv/41R/wlenf8+2sf+Ca7/wDjVAG3RWJ/wlenf8+2sf8Agmu//jVH/CV6d/z7ax/4Jrv/AONUAbdFYn/CV6d/z7ax/wCCa7/+NUf8JXp3/PtrH/gmu/8A41QBt0Vl2PiHT9QvhZQi8juDE0qpc2M8G5FKhiDIig4Lr09RWpQAUUUUAFFFFABRRRQAUUUUAFFFFABRRRQAUUUUAFFFFABRRRQAUUUUAFFFFABRRRQAViXX/I86V/2Db3/0ba1t1iXX/I86V/2Db3/0ba0AbdFFFABRRRQAUUUUAFFFFABUcf35v9//ANlFSVHH9+b/AH//AGUUASUUUUAFFFFABRRRQAUUUUAFFFFABRRRQAUUUUAFFFFABRRRQAUUUUAFFFFABRRRQAUUUUAFFFFABRRRQBw/xE+GWl/EC0iMkn2LUocCK9SPcQueVZcjcOuORg/jnoPDHhjS/COhw6RpEHlW8fLM3Lyuerue7HA/IAAAADYooAKKKKACo5Pvw/7/AP7KakqOT78P+/8A+ymgCSiiigAooooAKKKKACiiigAooooAKKKKACiiigAooooAKKKKACiiigAooooAKKKKACiiigAooooAKKKKACiiigAooooAKKKKAI4P+PeL/cH8qkqOD/j3i/3B/KpKACiiigAooooAKKKKACiiigArE8Zf8iN4g/7Btz/6KatusTxl/wAiN4g/7Btz/wCimoAt67qf9ieHtT1byfO+w2ktz5W7bv2IW25wcZxjODXE/wDCxdd/6FvTv/Bs/wD8j103jv8A5J54l/7BV1/6KavOaAOg/wCFi67/ANC3p3/g2f8A+R6P+Fi67/0Lenf+DZ//AJHrn6KAOg/4WLrv/Qt6d/4Nn/8Akej/AIWLrv8A0Lenf+DZ/wD5Hrn6KAOg/wCFi67/ANC3p3/g2f8A+R6P+Fi67/0Lenf+DZ//AJHrn6KAOhi+I+qi8s4rnw9ZRw3F3BbM8eps7J5kixhgpgGcFs4yOlei14nN/wAfWl/9hWw/9Koq9mu7mKys57udtsMEbSOfRVGT+goAwNP8Xtqr36Wfh/VZDY3DWs3zWwHmKASoJm5+8K1tH1i01uya5tC42SNDLFIu14pFOGRh2I/wIyDXPfDqM2Xw/tdRvmSKW/8AN1O6kc4AMzGTJJ9FI/Ksrwre3mnaRqniE6fLONd1iS5trfzEhKwbMI53kAErHu69CKAPRaKjgd5LeN5EEbsoLIG3AH0z3qSgAooooAKKKKACiiigAooooAKKKKAMS6/5HnSv+wbe/wDo21rbrEuv+R50r/sG3v8A6Nta26ACiiigAooooAKKKKACiiigAooooAKKKKACiiigAooooAKKKKACiiigAooooAKKKKACsS6/5HnSv+wbe/8Ao21rbrEuv+R50r/sG3v/AKNtaANuiiigAooooAKKKKACiiigAqOP783+/wD+yipKjj+/N/v/APsooAkooooAKKKKACiiigAooooAKKKKACiiigAooooAKKKKACiiigAooooAKKKKACiiigAooooAKKKKACiiigAooooAjnaZLeVreNJJghMaO+xWbHALYOBnvg49DXyi3xL8beF/iZeanrfmfa94hu9OclYvKByqIOcAZJVhnqSS245+sq4P4l/DSx8e6XvTZb6xAp+zXOOGH9x/VT+YPI7ggHSeGPE+l+LtEh1XSp/Mgk4ZTw8Td1YdiP8A644rUk+/D/v/APspr458N+JPEXwo8XzRyQSRvG4jvbGU4WVR/XnKsPXuCc/V3hzxPpfi7R7TVdKn8yCRsMp4eJtpyrDsR/8AXHFAG5RRRQAUUUUAFFFFABRRRQAUUUUAFFFFABRRRQAUUUUAFFFFABRRRQAUUUUAFFFFABRRRQAUUUUAFFFFABRRRQAUUUUAFFFFAEcH/HvF/uD+VSVHB/x7xf7g/lUlABRRRQAUUUUAFFFFABRRRQAVieMv+RG8Qf8AYNuf/RTVt1ieMv8AkRvEH/YNuf8A0U1ACeNIJrrwL4ht7eKSaeXTLlI441LM7GJgAAOSSeMV5f50/wD0CNc/8E91/wDG69sooA8T86f/AKBGuf8Agnuv/jdHnT/9AjXP/BPdf/G69sooA8T86f8A6BGuf+Ce6/8AjdHnT/8AQI1z/wAE91/8br2yigDxPzp/+gRrn/gnuv8A43R50/8A0CNc/wDBPdf/ABuvbKKAPEkS7u9Q0uKLSNZBGp2blpNLuI1VVuI2YlmQAAAE5J7V6/q+j2euafJY36zPbSqVkSOeSLepGCCUYEggng8VeooAxE8J6OsMUDw3E1vEAEt7i8mliwOgKO5U4wMZHFXb+G5eazltxG6wSl3iZRlwUZRtJHykEg8Y4z9DeooAy/DumzaRoVtY3EqySxhixT7q5YttX/ZXO0ewFalFFABRXJt46tUsrDVjAH0O/nW3hvopg+1mbapdf4VLDHBJBPzAc46ygAooooAKKKKACiiigAooooAxLr/kedK/7Bt7/wCjbWtusS6/5HnSv+wbe/8Ao21rboAKKKKACiiigAooooAKKKKACiiigAooooAKKKKACiiigAooooAKKKKAMbTNfW/13VtIktjBcaeyHl8iWNxlXHHsQR2NUtP8caTc2T3l9dWunWz3M0Fq9zcqv2lYztLrnHGe3P61ifEEX2j6lY65pKbru9ifR2UHBLSAmFv+AuPyNbb6DqGm6LpemaGulGKzh8pzqELPnAHK7SMEncT9RQBetfFnh29uY7a113TZ55DtSOO6RmY+gAPNcj8R4vEKx2841K1j0hdQth9niiYSvl1HzOTgjPPAHat/T9P8SRX8L3aeHRbq2X+zWsiyY/2SWwDTPiBaXN74dgitbeWeQX9s5SJCxCiVSTgdgKAOqrmtZ1CHTfGWkTTpcurafeKBb20k7Z8y2P3Y1YgcdcY/OulrEuv+R50r/sG3v/o21oAt2OsWuoeZ5MV8mzGftFjPDnOem9Bnp26fjVzzl9JP+/bf4VJRQBH5y+kn/ftv8KPOX0k/79t/hUlFAEfnL6Sf9+2/wo85fST/AL9t/hUlFAEfnL6Sf9+2/wAKPOX0k/79t/hUlFAEfnL6Sf8Aftv8KjjmXfLxJ9//AJ5t/dHtVio4/vzf7/8A7KKADzl9JP8Av23+FHnL6Sf9+2/wqSigCPzl9JP+/bf4UecvpJ/37b/CpKKAI/OX0k/79t/hR5y+kn/ftv8ACpKKAI/OX0k/79t/hR5y+kn/AH7b/CpKKAI/OX0k/wC/bf4UecvpJ/37b/CpKKAI/OX0k/79t/hR5y+kn/ftv8KkooAj85fST/v23+FHnL6Sf9+2/wAKkooAj85fST/v23+FHnL6Sf8Aftv8KkooAj85fST/AL9t/hR5y+kn/ftv8KkooAj85fST/v23+FHnL6Sf9+2/wqSigCPzl9JP+/bf4UecvpJ/37b/AAqSigCPzl9JP+/bf4UecvpJ/wB+2/wqSigCPzl9JP8Av23+FHnL6Sf9+2/wqSsS88YeHLHUINPuNaslvZ5kgjtllDyF2bao2rkjnjJ4oA1/OX0k/wC/bf4UecvpJ/37b/CuB+JfxQHw7eyjbRJb03iM0UnnrHHlSAw6M2RuU9AORg9cN8BeMtb+IfgLWtQgS00/U1mmtbIqCUjcQoUZt27OGfJ4xgdD3APQPOX0k/79t/hVK/17SdKGdR1C3sxjdm4cR8evzYr5i8H+I/iD4n8c6FcS32uXdol/C05h3iFYvMXeWCAKFwTnPGOOlei/GT4Xa9408Tabqei+TIotDbTLK4QR7XLKc5yd3mNwBxs96APVB4k0h9Bm1yK9WfTIopJmuYVMibEzuIIBzjaenpXI6T8afB+t6/aaPZ3F0ZrpzHHLJDsj3YOBknOWIAAxkkgVF8O/hzeeHfh1q3hjXLiFjqckxdrNydkckSxkAso+YYPYjp1rB8Ofs+WGh61p+qTeILm5msrmO4VUt1jVmRgwByW4yBQBufED4wWfgPWodMl0i4vJZbZbgMsgjABZlxyCf4P1q54e+J0PiP4dat4pg0yWCTTkuN9s77lZo4/MADgdCCvJAwc9cZNnxb8LfDvjXWotV1j7W00VuLdUimCJtDM2emc5c9/StHRPAmgeH/DV74esbWQabfGT7RE8zMX3oEb5s5GVAHGKAPmzxV44PxW1PS9PbQbOy1OW4jtoLxJWLfOwXa3HK5OfUdupBTSdS8SfBTXl+2WcbXV7aCU2ckx2Ku91BYLwW+QkYJwG9SQPoWw+FHgfS7+3vrPQY47m3lWaKTz5WKOpypGWPQir/iDwR4b8S6hb3msaTBeXCr5IkkLZCDcwHB9ST+NAHCeG/jfBqXgzVdU1O1WDU7XzfItoLeZ45AsYZd0gUquWJByeBg1g6P8AtGzXusWVpfaDbwW89wkcs63LHykZgC2NvOAc474rU1jwTa+DI57KG23eHb52AfJJhZxt8uQ+h4Cv34B5wWxrDwfoOl38d9ZWPlXEedriVzjIIPBOOhNAHVeKfjxofh7V4rO0tG1WB4BK1xbzBQrFmBQgjqAufxFb/hv4qaF4i8LahrwSe1isfM82GXaZCEQOSoB5GDge4rzLXfB2l+IrxLq988SpGIwY3x8oJPp7mlj8IaVD4ffSUhVlMbos8savIpbJznA5BPH0FAHpGj/GTwRrd5b2VvqcqXdw6xRQy20gLOxwFyARnJHfvXWXOv6RZXa2l1qNvBcuodYZXCuVJwCFPOMgjNfNWk/DJdM1u1vjqbSxwP5gVFaJwwHysGVsghsH8Kh8d+Edd1vVYry2nnv1jt1iBu7rfIMMxwC3bnuepNAH1OtxG6hl3lSMghGwR+VL5y+kn/ftv8K+cdA1XxL4H+Ft/aQwQxvMsxdUWT7THI/7tXVw5X5QFPCjgeuSczwL8XPGB8TWFhqWrT3VgZCZ0NokspVRkgfdbPy4znjJOD0IB9Q+cvpJ/wB+2/wo85fST/v23+FeT+Ifj3ouha8llHp9ze2pgV5JUzFJFIS2UMbqOwU5z3r0Hw94q07xH4Yj8Q2xkt9OkV38y62ptVCQxbkgAFW5J7elAGv5y+kn/ftv8KPOX0k/79t/hRBPDdQJNbyxyxOMq8bBlYexFSUAR+cvpJ/37b/Cjzl9JP8Av23+FSUUAR+cvpJ/37b/AAo85fST/v23+FSUUAR+cvpJ/wB+2/wo85fST/v23+FSUUAR+cvpJ/37b/Cjzl9JP+/bf4VJRQBH5y+kn/ftv8KPOX0k/wC/bf4VJRQBH5y+kn/ftv8ACjzl9JP+/bf4VJRQBH5y+kn/AH7b/Cjzl9JP+/bf4VJRQBH5y+kn/ftv8KPOX0k/79t/hUlFAEfnL6Sf9+2/wo85fST/AL9t/hUlFAEfnL6Sf9+2/wAKPOX0k/79t/hUlFAEfnL6Sf8Aftv8KPOX0k/79t/hUlFAEfnL6Sf9+2/wo85fST/v23+FSUUAV4Jl+zxcSfcH/LNvT6VJ5y+kn/ftv8KIP+PeL/cH8qkoAj85fST/AL9t/hR5y+kn/ftv8KkooAj85fST/v23+FHnL6Sf9+2/wqSigCPzl9JP+/bf4UecvpJ/37b/AAqSigCPzl9JP+/bf4UqyKxwA34oRT6KACsTxl/yI3iD/sG3P/opq26xPGX/ACI3iD/sG3P/AKKagDQ1S4ktNIvbmLAkhgeRcjIyFJFfK/8Awvrx5/z/AFp/4CJX1k6LIjI6hkYYZWGQR6Gsz/hGtB/6Amm/+Aqf4UAfMH/C+vHn/P8AWn/gIlH/AAvrx5/z/Wn/AICJX0//AMI1oP8A0BNN/wDAVP8ACj/hGtB/6Amm/wDgKn+FAGpRRRQBk+Kb+fSvCGtajasFubSwnniLDIDrGzDI78gV8xf8L68ef8/1p/4CJX1jLFHNE8UqLJG6lXRxkMD1BHcVm/8ACNaD/wBATTf/AAFT/CgDwHwJ8YvGOveONI0q/vLdrW5uAkqrbKpIwe/ava/H0stv4RvJoXYS7RDEqkgGWUiKMsR2DOG/Aela8GhaPazJNb6VYxSocq8duisp9iBUWu2F5qNrBDatbmIThrmC4QMlxFg5jOVbGTtOcZ47ZoAybKS5l8erYLezy22kaSiz5c4kmmfguO7BYSeem/3rW1p5lEPlXGpw/ez9hgjkz0+9vRse2Md6g8OeHo9DF9OfLN3fz+fOYlwi4AVUX2Cgcnkkk8ZwNygDk/OvP+gj4n/8Abf/AOM11MOTBHkuTtGTIAGPHcDjNPooA4HV5dA1ie20v7bYW2jabdrLJBE6K1zOjZWJUH8IfluOSMDua7i6a5WAm0ihlmyMLNIUX8wrH9KyYPBnha2uY7mDw1o0U8TiSOWOwiVkYHIYELkEHnNblAGT5/iD/oHaZ/4Hyf8AxmtJHdbdXuBHG4XMgV8qpxzgkDI98CpKQgMpVgCCMEHvQB5/I1pqvia0gt9YlaxXRpr29u4Z/lm8xlWNj1XA2ysOwxjGOK7mwgW2061t1mnmWKFEEtwSZHAAGXJ5LHqfeq0eg6REYzHplonlfc2wqNvTgcdPlXj/AGR6CtGgAooooAKKKKAMS6/5HnSv+wbe/wDo21rbrEuv+R50r/sG3v8A6Nta26ACiiigAooooAKKKKACiiigAooooAKKKKACiiigAooooAKKKKACiiigDGufDkF54gt9Wury8m+zNvgtHdfIjfbt3hQuS2M9ScZOK2aKKACiiigArEuv+R50r/sG3v8A6Nta26xLr/kedK/7Bt7/AOjbWgDbooooAKKKKACiiigAooooAKjj+/N/v/8AsoqSo4/vzf7/AP7KKAJKKKKACiiigAooooAKKKKACiiigAooooAKKKKACiiigAooooAKKKRmVFLMQFAySTwBQAtFc74h8WQaT4LvPEumwrrNvboXVbOUMJAG2sQygjC8lj2Ct6V5V8PfjXqfif4hwadrQtrSwu4XitoYEAUTZDKXdjnJCsox1Zhx6AHqniPx54Z8KRO2ratbxTKM/ZkbfMfTCDn8elYHxa8d6x4C0WyvdL023uFuZmhee4c7YXxlRsBBbcA/OcDbz1Fee+KfgPrWt/EPVLyyu7aDSbyU3YuJ5Nzh3JLpsAHRicdtpHJORXsMXg3TLjwdpvhvW4INUtrGKGNWki2ZMYCqwGSVOBg4POSOhIoA8/8Agr8R9U8aXWtab4guYri5QLcW4WDb+7J2uvA27QdmAfmO48ntwmm/AHxgNbmeK+t7CG1uW+zXrSFZHCt8kiqhJUnAIyQRX0rYadY6Vai106yt7O3ByIreJY0B9cKAKs0Acz4v8BaD44Fj/bcM0n2J2aIxSlMhgAynHY4U+vyjB65ueHPCOg+EreWHQtNis0lx5hUszPjONzMSTjJ6nvW1RQAAAAADAHQCiiigAooooAKKKKACo5Pvw/7/AP7KakqOT78P+/8A+ymgBLm2gvLaW2uYkmglUpJHIoZXU8EEHqK+Y/HHi5/CHjGbQ9KEs9lZSjf9rjKuVI/1aseWUZ4cjJ46gbn+oa4P4l/DSx8e6XvTZb6xAp+zXOOGH9x/VT+YPI7ggHDaRq9nrmnx3tlJujbgg/eQ9wR2NX68Lsr3WvAHiSe1urd4Zon2XNrJwHH+eQw9e4Ney6Rq9nrmnx3tlJujbgg/eQ9wR2NAF+iiigApnlR+b5vlr5mNu/HOPTNPooA5nXPAuj67dy3k/nxXUmN0kT9cAAcHI6AVX1rwpKfCH9kaQzB9kcbj7Q8UcgUhizIMqzEqDyOpzniuuooA84+HOmeJ/CPi3+0DYyGO3Ri0DXflRTlgVAJAbdgFiOOCBnHfp779obVNO8WX8X9jwzaYkgRbeR9k0TKArjeuQRuDEcdxXQVg6n4M0HVtzT2CRyn/AJawfu2z68cH8c0Ae2WHiXT7rwrZeIbmeGysrqCKYvNKAsfmYwrN0BywH1rWjljmiWWJ1eNhlWU5BHqDXzL428I3er2sI0dYYgrtJPAG2CVsYVsdNwy3J/vVb+FGo6r4Di1S61iwvJbPiMxC6KmBVG5nWNiI2ByPmzkbTjqaAPpGivFfDv7Qun6lrUlhqGkXUcc1yUspbZDI7oWxGrRgk78YztJyegr2qgAooooAKKKKACiiigAooooAKKKKACiiigAooooAKKKKACiiigAooooAjg/494v9wfyqSo4P+PeL/cH8qkoAKKKKACiiigAooooAKKKKACsTxl/yI3iD/sG3P/opq26xPGX/ACI3iD/sG3P/AKKagDboqpqlxJaaRe3MWBJDA8i5GRkKSK8E+GXxb8W+J/iFpej6ndW72dx5vmKluqk7YnYcj3UUAfQ1FeH/ABk+JniXwZ4vtNO0a5gjtpLBJ2EkCud5kkU8n2UV1vhzxdq2pfA6bxTcyxtqqWF5OHEYC742lCfL0/gFAHodFfPPwy+Lfi3xP8QtL0fU7q3ezuPN8xUt1UnbE7Dke6itb4yfEzxL4M8X2mnaNcwR20lgk7CSBXO8ySKeT7KKAPcKK888OeLtW1L4HTeKbmWNtVSwvJw4jAXfG0oT5en8Arzz4ZfFvxb4n+IWl6Pqd1bvZ3Hm+YqW6qTtidhyPdRQB9DUV5h4p8a61pXxn8O+GbWaNdMvoI5J0MQLEl5AcN1HCCuz8Xarc6J4du9Qt9oMETPkruJbGERR3LOVH4n2oA3KK5+DWb+TxXZ6NJFAu3TDeXxXJ2yM6qiqc8DIl65ztFaOp3l1aCI20di+7O77VdmDHTphGz+lAF+iuf8A7Z1T/n30P/wbN/8AGa3omZ4kZgoYqCQjbhn2OBke9ADqzNavp7aO3t7No1vLqURxtIu5UUfM7kZHAUH8So71HpviG21LWdS0pYJ4Lqw8tmWZQvmRuMq685xkMOcEEc1TSxi8Stq01yX+xzwyabAUbDCLlZXU9iz8Z9I1I60AQWupXd5erZw+JbI3DoZI0bTmQyoOrJlxvXkcrkc1pfYte/6DVp/4AH/45WBe6U2qeJvDltZyytaeHnL3N9M+53fy/LWLcfvMc5c/Tua0NZ1XVrPVdJtYGt1fUb17cQsm7ZCsbu0uc/e+QHHT5gMZ5oAv/Yte/wCg1af+AB/+OUfYte/6DVp/4AH/AOOVb0oaiumxDVjbm9BbebfOzG47cZAOduM8DnOOKgfXrSORkNvqRKkgldOnI/AhMGgCP7Fr3/QatP8AwAP/AMco+xa9/wBBq0/8AD/8cq7ZajDfl/Kjuk2Yz59tJFnPpvUZ6dqxfFGrappNqLm08je93bWttBIu7z2kkVWJIPAAZsem0k5BxQA6+k1ixaCNtZtpJ7hykEKWIDSMFLEDdKBwqk9e1XfD93LqGmretfx3kM3MbJbGErgkMCCxOQQQemCDVK6m8Q2enzeZYjUbk3TLbvY+UHihK8OwmZF353DAJHI64OdHw/bLZ6Fa262MtkqKQIJXV3Xk8sykgsepIJ5J5oArXX/I86V/2Db3/wBG2tbdYl1/yPOlf9g29/8ARtrW3QAUUUUAFFFFABRRRQAUUUUAFFFFABRRRQAUUUUAFFFFABRRRQAUUUUAFFFFABRRRQAViXX/ACPOlf8AYNvf/RtrW3WJdf8AI86V/wBg29/9G2tAG3RRRQAUUUUAFFFFABRRRQAVHH9+b/f/APZRUlRx/fm/3/8A2UUASUUUUAFFFFABRRRQAUUUUAFFFFABRRRQAUUUUAFFFFABRWH4v8TQeD/DF3rl1bTXENtt3JCV3fMwUdSOMsPX6V5T8O/jXqPir4hnS9Ut7e2sL6Nls4ohkxSLlhuckZ3LuHTlgmAMnIB1+u/GrwZoWsQ6c97Jds0gSeazQSR249WbPOO4XceDxng8n8fNB8U6pPpDaO99d6dcf6NJYW4O0TAlldgDzlSwyRhdnJ+ai4/Z5s77xtqF/Nfi20GWbzYLS1UCT5hlkztCooYkKAG+XA4PNez6fY2+l6ba6faJ5dtawpBChYnaigKoyeTwB1oA4D4XeFNb0z4dT+G/FtvB9ll81I4Emy6wyA7422AY5LHIYn58cbRXTeHPA/hvwpGg0fSbeCZV2m4K7pm9cueefTp7V0NFABRRRQAUUUUAFFFFABRRRQAUUUUAFFFFABUcn34f9/8A9lNSVHJ9+H/f/wDZTQBJRRRQBwfxL+Glj490vemy31iBT9muccMP7j+qn8weR3B+dvCuneJfDvi+azktZbWO3lSHUfORjFGGJ27mHALfwHPJPBwTX2LUVxbQXdtLbXEMcsEylJI3UFXUjBBHcYoA8eoq3r2gz+FLlfmebRpWCwXDks1uxPEch7jsrnr0POC1SgAooooAKKKKACiiigApksUc8LxSorxupV0YZDA8EEU+igDkf+Fd6KmswX8AmhWN95gSRgpPOCCCGUg4PB7Vz/jrWfF+meIbW9i1TWBb2UXl2t205bG7lskAdSQp3ZJCjJIAA9OpHRZEKOoZSMEEZBoA3PA3xKt5fAY1LxZrFpHqUMLXE0Zi8hzFk7CFJxIWGCCgxlguM9e80fW9M8QadHf6Tew3dq/SSJs4PoR1B9jg14P4v8NSeJtNjto7z7O0T+YoKAq7YwM9x1PT16HjGd8L4NT+Hep6jrGpWrS2wjMEkMdwF+QFWaUAja2MDGWX+KgD6YoryTw58f8Aw3rOrPZX9tPpSPLstp5mDIy5wC5H3CePUDP3uM163QAUUUUAFFFFABRRRQAUUUUAFFFFABRRRQAUUUUAFFFFAEcH/HvF/uD+VSVHB/x7xf7g/lUlABRRRQAUUUUAFFFFABRRRQAVieMv+RG8Qf8AYNuf/RTVt1l+JrOfUPCmsWVqnmXFxYzRRJkDc7IQBk8Dk96ANN0WRGR1DIwwysMgj0NUbfQ9Js51ntdLsoJlztkit0VhkYOCBnoap/25qP8A0Kmsf9/bT/4/R/bmo/8AQqax/wB/bT/4/QBfu9I0y/lEt5p1pcyBdoeaBXIHpkjpyfzqWOxtIrI2cdrAlqVKmBYwEwc5G3pg5OfrWX/bmo/9CprH/f20/wDj9H9uaj/0Kmsf9/bT/wCP0AXLfQ9Js51ntdLsoJlztkit0VhkYOCBnoafd6Rpl/KJbzTrS5kC7Q80CuQPTJHTk/nVD+3NR/6FTWP+/tp/8fo/tzUf+hU1j/v7af8Ax+gDUjsbSKyNnHawJalSpgWMBMHORt6YOTn61Xt9D0mznWe10uygmXO2SK3RWGRg4IGehqn/AG5qP/Qqax/39tP/AI/R/bmo/wDQqax/39tP/j9AGnJp9lNeR3ktpbvdRjCTNGC6jngNjI6n86yPF0BvNJhsms57iC4uohM8BO+3CnzBKAFbdhkX5cc554zUn9uaj/0Kmsf9/bT/AOP0f25qP/Qqax/39tP/AI/QBT8LaXexalrOtag0pm1CSNIUlADpBGpCZAGBlmdsdQGGec10M9pbXW37RbxTbfu+YgbH0zWV/bmo/wDQqax/39tP/j9H9uaj/wBCprH/AH9tP/j9AF/+yNN/6B1p/wB+V/wq2qhFCqAFAwABwBWL/bmo/wDQqax/39tP/j9H9uaj/wBCprH/AH9tP/j9AGX4r0PVZtd0vWdAZY7za9hduTjFtJzv56mNwGA75I710q2EcOlDT7R3tYkh8mJ4sbohtwCuQRkdsg/jWd/bmo/9CprH/f20/wDj9H9uaj/0Kmsf9/bT/wCP0AZmkeAk0i8tZv8AhJfEF5DbMXW1urmNomODywWMEkE7uvUZq0ng+KK+gvV1TUWuLeSZ4HlkWTYJjl1+ZT7Y9AoHTO6z/bmo/wDQqax/39tP/j9H9uaj/wBCprH/AH9tP/j9AGtbW8drbRwRA7EGBk5J9ye5PUmpaxP7c1H/AKFTWP8Av7af/H6P7c1H/oVNY/7+2n/x+gDbrnrvwlBeX7Xj6jf7xdpexI0gZIpVUINqkH5cZ+X/AGieuCJv7c1H/oVNY/7+2n/x+j+3NR/6FTWP+/tp/wDH6ANS0tUtITGrvIzMXeRyCzsepOP6cAYA4FT1if25qP8A0Kmsf9/bT/4/R/bmo/8AQqax/wB/bT/4/QAXX/I86V/2Db3/ANG2tbdc7bPqGoeK7O9m0a8sbe3sbiJnuZIDud3gKgCORj0jbrjtXRUAFFFFABRRRQAUUUUAFFFFABRRRQAUUUUAFFFFABRRRQAUUUUAFFFFABRRRQAUUUUAFYl1/wAjzpX/AGDb3/0ba1t1iXX/ACPOlf8AYNvf/RtrQBt0UUUAFFFFABRRRQAUUUUAFRx/fm/3/wD2UVJUcf35v9//ANlFAElFFFABRRRQAUUUUAFFFFABRRRQAUUUUAFFFZ1zr+lWmtWWjT30S6le7jBbcl2CqWJwOgwp5OBxjrQBavb60061e6vrqC1to/vzTyBEX6k8CvKvjl4y8T+FNNsotGVbe0vt0cl+gYyRuOdg42pkcg5JOGwBtyeF+NOmeNdW8f22jFptRsroGbTLe1hZI1HIYN2Lr/ExJwGB+UHaPbvDehahL4EsdH8ZmDVLtFX7QZD5iybX3JuyBuIwoJOclcknNAHFfBm613xL4Dv9L8VWd9c6bMrRwXl1IczwyLhoweHIHOHyeGwCNortvCPw/wDDvgmDbpFli4Zdsl3Md80g927D2AA4HFdOAAAAMAdAKKACiiigAooooAKKKKACiiigAooooAKKKKACiiigAooooAKjk+/D/v8A/spqSo5Pvw/7/wD7KaAJKKKKACiiigCK5toLy2ltrmJJoJVKSRyKGV1PBBB6ivCPiDqEHw1vY7ISfb47lDLaQmX97CgOCshOTt67W5LYIPKlj75XB/Ev4aWPj3S96bLfWIFP2a5xww/uP6qfzB5HcEA4bSNXs9c0+O9spN0bcEH7yHuCOxq/Xhdle614A8ST2t1bvDNE+y5tZOA4/wA8hh69wa9l0jV7PXNPjvbKTdG3BB+8h7gjsaAL9FFFABRRRQAUUUUAFFFFABTJoY7iCSCZA8UilHVujAjBBp9FAHFQfDq0sfElrqun3s1slvIJkjADFJF5QqT2BwcEHpjvxb1X48+JNJ8TQWrQ2VzbWOYroLE0f2okj5ufuEDgYyM5PIIA6qsnWfDWla8Y21C1DvGRh1Yq2M/dyOxoA9m8M66nibw5Y6zHZ3NpHdx+YsVyu1wPX3B6g9wQe9a1fLnjrXPEXhyztLDRrm9tNJWRLgNFKdkcik4RR/CvRtp+UnGBkGvXvg/461bxx4euZtWtYkltHWIXMbAfaDjklOqkcc/dOeOhAAPRaKAQQCDkHoRRQAUUUUAFFFFABRRRQAUUUUAFFFFABRRRQBHB/wAe8X+4P5VJUcH/AB7xf7g/lUlABRRRQAUUUUAFFFFABRRRQAUUUUAFFFFABRRRQAUUUUAFFFFABRRRQAUUUUAFFFFABRRRQAUUUUAFFFFABRRRQAUUUUAFFFFABRRRQAUUUUAFFFFABRRRQAUUUUAFFFFABRRRQAUUUUAFFFFABRRRQAUUUUAFFFFABWJdf8jzpX/YNvf/AEba1t1iXX/I86V/2Db3/wBG2tAG3RRRQAUUUUAFFFFABRRRQAVHH9+b/f8A/ZRUlRx/fm/3/wD2UUASUUUUAFFFFABRRRQAUUUUAFFFFABRQSACScAdSa4+PxDpPxE0vxBo3h3XZ7e5tgIHvbVf9WWBKujdGUlWHBB4OCMq1AGjb+LdE1bxFf8Ahmw1POq21uZJfJXd5YyFJDEFdyllyDnqODggfPZ+EvjfU/ife28t9OXt50nbXpA6BgcMjoepcYxtU4UrjIAzW18Ofgt4l03xr/aesXTadFplxuiltpAzXZ/2T/zzZTzuGSCVx1x9E0ARW0UkNrDFLO9xKiKrzOoDSEDliFAAJ68ACpaKKACiiigAooooAKKKKACiiigAooooAKKKKACiiigAooooAKKKKACo5Pvw/wC//wCympKjk+/D/v8A/spoAkooooAKKKKACiiigDg/iX8NLHx7pe9NlvrECn7Nc44Yf3H9VP5g8juD8xadda54E8USWU1rKlykgiuLNh/rPTGOp54I9e4NfbNZV74a0TUtTTUb7S7W5vEge2WWWMMfLfhl59RkfRmHRjkA8sjZniR2jaNmUEoxBKn0OOPyp1W9e0Gfwpcr8zzaNKwWC4clmt2J4jkPcdlc9eh5wWqUAFFFFABRRRQAUUUUAFFFFABRRRQBHPBDcwPBPEksTjDI6ghh7g1yPi7Sbuz8N+R4ctDEFjMMv2aRkcwH7yYX74bPIOe/BJyOyooAxfgH4w8Q3d8fD95JFPpMcbGKS5kIlRlA/dx/3+Dkr2HORwD75DPDcIzwSxyqrshKMGAZSQw47gggjsRXhGu2FxPok8OmJEl4Dvgckp5b7s71I5DDkg+tcd8Hdb8R6B43g0ZJBDp01wIr2G7ZlijJHUHoJDtwv944HTkAH1ZRUcc8MsksccsbvCwSVVYEoxAYAjscEHnsRUlABRRRQAUUUUAFFFFABRRRQAUUUUARwf8AHvF/uD+VSVHB/wAe8X+4P5VJQAUUUUAFFFFABRRRQAUUUUAFFFFABRRRQAUUUUAFFFFABRRRQAUUUUAFFFFABRRRQAUUUUAFFFFABRRRQAUUUUAFFFFABRRRQAUUUUAFFFFABRRRQAUUUUAFFFFABRRRQAUUUUAFFFFABRRRQAUUUUAFFFFABRRRQAViXX/I86V/2Db3/wBG2tbdYl1/yPOlf9g29/8ARtrQBt0UUUAFFFFABRRRQAUUUUAFRx/fm/3/AP2UVJUcf35v9/8A9lFAElFFFABRRRQAUUUUAFFFFABTZZY4YnlldY40Us7ucBQOpJ7Cld1jRndgqKMszHAA9TXnfxA0+b4lfD+ZPB2vQTbX3PFBMpjusAHyXYfcblSASBnAYDOQAP1m7074ueCNW03wr4i8meOTy5CoKhiM4SQEbvKcD7y+nfDKeP8Agx8KtZ8O6w/iHXJJrGaMSQR2Ucg/ejkMZCMgrkAqB1IDdhm78Dfh5rHhiC41zVpri0kvogi6aePlByHlU9H64HVQTnqQPZaACiiigAooooAKKKKACiiigAooooAKKKKACiiigAooooAKKKKACiiigAooooAKjk+/D/v/APspqSo5Pvw/7/8A7KaAJKKKKACiiigAooooAKKKKAIrm2gvLaW2uYkmglUpJHIoZXU8EEHqK8n8RaJJ4Pl3ySM+hucRXUjZNse0crHt/dc/Q84Leu1yfxG8ITeNvB9xpFvfyWkxYSphsRysvRJAOq559iAecUAec6ZqtlrFoLqwuFmhJK5AIII7EHkfjVyvC7K91rwB4kntbq3eGaJ9lzaycBx/nkMPXuDXsukavZ65p8d7ZSbo24IP3kPcEdjQBfooooAKKKKACiiigAooooAKKKKACq2oW8lzpt1BCUWWWJkVnUMAxGASDwfoas0UAeR+DdS8V+EPHohtZlinklX7Z9rkIt3QtgySt2X5s7+oz68V9gCRDI0YdS6gMVzyAc4OPfB/I14rcRF4JhEsXnPGVBkXcp4OAw7jJ6e5ryPQde8WeC/HsckcjNfsUhliuJQIp4gAqgsSAECgYbgKB2AoA+yKKbGXMamRVVyBuCtkA98HAz+Qp1ABRRRQAUUUUAFFFFABRRRQBHB/x7xf7g/lUlRwf8e8X+4P5VJQAUUUUAFFFFABRRRQAUUUUAFFFFABRRRQAUUUUAFFFFABRRRQAUUUUAFFFFABRRRQAUUUUAFFFFABRRRQAUUUUAFFFFABRRRQAUUUUAFFFFABRRRQAUUUUAFFFFABRRRQAUUUUAFFFFABRRRQAUUUUAFFFFABRRRQAViXX/I86V/2Db3/ANG2tbdYl1/yPOlf9g29/wDRtrQBt0UUUAFFFFABRRRQAUUUUAFRx/fm/wB//wBlFSVHH9+b/f8A/ZRQBJRRRQAUUUUAFFFFABRRXnHxrufEtt4BuDoEAe3YFdRlRj5sUGOSq916hjnIHbGSoAvxe03xH4h8BN/wit0ssLDzLm3g5ku4SM4jYHn12j744B/hbmvgJ4F1XQ7SbxFf3E9vHqEIWKxzgOmcrI49eu3uAx/vVW/Z30TxDaafearPdNFoV3kQ2bjPmyAgGVf7uANvH3u/3Qa90oAKKKKACiiigAooooAKKKKACiiigAooooAKKKKACiiigAooooAKKKKACiiigAooooAKjk+/D/v/APspqSo5Pvw/7/8A7KaAJKKKKACiiigAooooAKKKKACiiigDg/iX8NLHx7pe9NlvrECn7Nc44Yf3H9VP5g8juD8w2V7rXgDxJPa3Vu8M0T7Lm1k4Dj/PIYevcGvtquL8efDPRfHyWz3xktruB1xdQAb2jz8yHPByM4Jzg888ggHn+kavaa3p0d7ZSbo24IPVG7qR2NXqn1fwz/whLxwW8f8AxIXfbbygc2zMf9XJ7En5XPUnDfNgtBQAUUUUAFFFFABRRRQAUUUUAFFFFABUMtvE7NKYInm8sxguByp6rnB4JAzU1FAHk2leM/FvhPx/FcTCe4uV22v2EszI8OfkijGSdoz8uM8nuc19dwSPLbxSSQvC7oGaJyCyEjlSQSMjpwSK8QutKsLq4+1T2UU06xNGrFQW2sOQM+vT8T6muH0L4xeJtA8ZJJrc95Pp0Q+yy2ErAtHGCcHOBucZ+8eW7nGMAH1XRTYpFliSRQwV1DAOpU4PqDyD7HmnUAFFFFABRRRQAUUUUARwf8e8X+4P5VJUcH/HvF/uD+VSUAFFFFABRRRQAUUUUAFFFFABRRRQAUUUUAFFFFABRRRQAUUUUAFFFFABRRRQAUUUUAFFFFABRRRQAUUUUAFFFFABRRRQAUUUUAFFFFABRRRQAUUUUAFFFFABRRRQAUUUUAFFFFABRRRQAUUUUAFFFFABRRRQAUUUUAFYl1/yPOlf9g29/wDRtrW3WJdf8jzpX/YNvf8A0ba0AbdFFFABRRRQAUUUUAFFFFABUcf35v8Af/8AZRUlRx/fm/3/AP2UUASUUUUAFFFFABRRWL4r8T2HhDw7dazqL/uoRhIwfmlc/dRfcn8hk9AaAMP4reK9Q8H+BrnUNNtZJbmRhAsyrlbbdkeY38h23Fc9cHz/APZ/1/xdq8+ow39xNf6JEo/0i7lZ3im4wiMckgr1XoOCMZIaX4ZfFvVPG2t3HhvXtHivYbqORhJBEMJGSdyzKx2tHtYKCOeACGLZHs2m6XYaPZLZ6baQ2lsrMywwoFUFiScAdOSaALEMMdvDHDDGkcUahERFAVVHAAA6AU+iigAooooAKKKKACiiigAooooAKKKKACiiigAooooAKKKKACiiigAooooAKKKKACiiigAqOT78P+//AOympKjk+/D/AL//ALKaAJKKKKACiiigAooooAKKKKACiiigAooooAiubaC8tpba5iSaCVSkkcihldTwQQeorynXtBn8KXK/M82jSsFguHJZrdieI5D3HZXPXoecFvW6paxbzXei31vbw2s80sDpHFdqWhdipADgclc9R6UAeTZ5x3orw+HVfEHgrxXcJqSz/a0YR3cFwxPmADjn6Y2kdsdq9h0jV7PXNPjvbKTdG3BB+8h7gjsaAL9FFFABRRRQAUUUUAFFFFABRRRQAVjaj4e0m4vf7WmtmW9iXKXELOHQjowC9WHY4J4FbNFAGX4M+P09/wCJodO8QRWkGmyqIo7wIUcScANJ8xUBjnOAAueuBXvVfM+o+CtHttWk8QO0C+XIk4t7raLZnDZIkz1VuAR7nrnFeq+Bfi9o3jnWrrS7e3ls50QPbidhmcY+fAHQqc8ZORzxyAAeh0UUUAFFFFABRRRQBHB/x7xf7g/lUlRwf8e8X+4P5VJQAUUUUAFFFFABRRRQAUUUUAFFFFABRRRQAUUUUAFFFFABRRRQAUUUUAFFFFABRRRQAUUUUAFFFFABRRRQAUUUUAFFFFABRRRQAUUUUAFFFFABRRRQAUUUUAFFFFABRRRQAUUUUAFFFFABRRRQAUUUUAFFFFABRRRQAViXX/I86V/2Db3/ANG2tbdYl1/yPOlf9g29/wDRtrQBt0UUUAFFFFABRRRQAUUUUAFRx/fm/wB//wBlFSVHH9+b/f8A/ZRQBJRRRQAUUUUAIzKilmICgZJJ4AryWP4ueDPGGt6l4Q1e0B025dba2uHzJHeMWC9FGYzuwVbPbOVIGe28Q6v4cvJ5vB2paylnfajalVjWbypCrnYNjHjeSeF5J9CM1wvgf4H2/hTxzc6zdXcd9ZW5zpiOD5isf4pBgLuXoCM5PzYUgCgDuPB/gLQ/A63y6PC6/bJvMZpG3Mq/wxg9dq84zzzySea6eiigAooooAKKKKACiiigAooooAKKKKACiiigAooooAKKKKACiiigAooooAKKKKACiiigAooooAKjk+/D/v8A/spqSo5Pvw/7/wD7KaAJKKKKACiiigAooooAKKKKACiiigAooooAKKKKAOD+Jfw0sfHul702W+sQKfs1zjhh/cf1U/mDyO4PzDZXuteAPEk9rdW7wzRPsubWTgOP88hh69wa+2q4P4l/DSx8e6XvTZb6xAp+zXOOGH9x/VT+YPI7ggHDaRq9nrmnx3tlJujbgg/eQ9wR2NX653Qvh9qXw8tIrzWMMb9FWV4pC0drJk4jcdMnI+fkZyoxwX6KgAooooAKKKKACiiigAooooAKKKKAI7i3iuraS3nQPFIpR1I4INcF4d8EL4a8bWms315LHpNneq4aA/vBHgncx7KDtDY5K7iMcV6DWP4o0Zte0C4sUlaORsOmGwGYcgN6j/6x7UAe2aL4g0nxFbzXGj38N5DDM0LvEcgOp5we49COCOQSK0q+bfgHY6/pvjG4idls7OWEm4tboOjzhQcPEMYJViuSSOHOM819JUAFFFFABRRRQBHB/wAe8X+4P5VJUcH/AB7xf7g/lUlABRRRQAUUUUAFFFFABRRRQAUUUUAFFFFABRRRQAUUUUAFFFFABRRRQAUUUUAFFFFABRRRQAUUUUAFFFFABRRRQAUUUUAFFFFABRRRQAUUUUAFFFFABRRRQAUUUUAFFFFABRRRQAUUUUAFFFFABRRRQAUUUUAFFFFABWJdf8jzpX/YNvf/AEba1t1iXX/I86V/2Db3/wBG2tAG3RRRQAUUUUAFFFFABRRRQAVHH9+b/f8A/ZRUlRx/fm/3/wD2UUASUUUUAFFFfPvx98c6pY69p+haXcXlgbVPtT3ETNE0jMCo2MMEqAWBIOMkjtQBg698K/HOv/E1P7eiQx6ncFn1G2bzII41UEgZAK7V+VQwGSvGRk19OW8C21tFAryOsSBA0rl2IAxlmPJPqTya5j4cXXiG/wDA2n3viaZJdQuAZQREI28tjlNwGBnHoBxgYyCT1dABRRRQAUUUUAFFFFABRRRQAUUUUAFFFFABRRRQAUUUUAFFFFABRRRQAUUUUAFFFFABRRRQAUUUUAFRyffh/wB//wBlNSVHJ9+H/f8A/ZTQBJRRRQAUUUUAFFFFABRRRQAUUUUAFFFFABRRRQAUUUUARXNtBeW0ttcxJNBKpSSORQyup4IIPUV5Tr2gz+FLlfmebRpWCwXDks1uxPEch7jsrnr0POC3rdRXNtBeW0ttcxJNBKpSSORQyup4IIPUUAePUV5x4u8YX3hfxzdaTYxTrplhcFFhvExLKmB1Y5O3rsPUqQWya7jSNXs9c0+O9spN0bcEH7yHuCOxoAv0UUUAFFFFABRRRQAUUUUAFFFFAHE/EW71nT7C0vtLne2WCXLXFuzJNESCvDg8KQSD+HrXonwF8VXmu+Dn069iuGbTHEMNyyMUePAwm/puXI4z0K1mz28N1A0NxEksT8MjqGVvqD1rlJfind/DrWrrSNJ02GS0aSGWSOYFUT5cOIgpGMrs56AqflOc0AfStFVdM1G21fS7XUbKTzLa6iWWJvVWGR+NWqACiiigCOD/AI94v9wfyqSo4P8Aj3i/3B/KpKACiiigAooooAKKKKACiiigAooooAKKKKACiiigAooooAKKKKACiiigAooooAKKKKACiiigAooooAKKKKACiiigAooooAKKKKACiiigAooooAKKKKACiiigAooooAKKKKACiiigAooooAKKKKACiiigAooooAKKKKACsS6/5HnSv+wbe/8Ao21rbrEuv+R50r/sG3v/AKNtaANuiiigAooooAKKKKACiiigAqOP783+/wD+yipKjj+/N/v/APsooAkooooAwPGnie38H+E7/WpwrNAmIYyf9ZKeEX8+uOgBPauG8DePdJ+L1rNomu+Gke4t4vOlLoJbbOAm5Sfmjcl3wOSAD8xrd8V23gr4h3U3g7UdWxqVnIsgghuDHKrlS2UDDbIdgbPDbQT90mrHw4+Hlp8PdHubSK6+23VzL5k10YfLLADCrjJ4HJ6nljQB2YAAAAwB0AooooAKKKKACiiigAooooAKKKKACiiigAooooAKKKKACiiigAooooAKKKKACiiigAooooAKKKKACiiigAqOT78P+/8A+ympKjk+/D/v/wDspoAkooooAKKKKACiiigAooooAKKKKACiiigAooooAKKKKACiiigDg/iX8NLHx7pe9NlvrECn7Nc44Yf3H9VP5g8juD8w2V7rXgDxJPa3Vu8M0T7Lm1k4Dj/PIYevcGvtquD+Jfw0sfHul702W+sQKfs1zjhh/cf1U/mDyO4IBw2kavZ65p8d7ZSbo24IP3kPcEdjV+vLPB/h7xR4e8QXD3dtPYWFtcC1vnmjJjLkZVM9MnjDZwNy8/MA3qdABRRRQAUUUUAFFFFABRRRQAVzPibwXZ+Jrq3uZZngkiRkYxgZcc7Rz0wefpke46ao54Y7iCSCVQ8cilWU9CD1oA6L4YeM/Cd1peneFtHkWG9t7eRpLVWd0Rg2X2yP98EszDBPHp0r0ivk3wd4Q1vSfifpj2s0dnBFqASK6uCQsi43FMDliyZXsCeMivrKgAooooAjg/494v8AcH8qkqOD/j3i/wBwfyqSgAooooAKKKKACiiigAooooAKKKKACiiigAooooAKKKKACiiigAooooAKKKKACiiigAooooAKKKKACiiigAooooAKKKKACiiigAooooAKKKKACiiigAooooAKKKKACiiigAooooAKKKKACiiigAooooAKKKKACiiigArEuv8AkedK/wCwbe/+jbWtusS6/wCR50r/ALBt7/6NtaANuiiigAooooAKKKKACiiigAqOP783+/8A+yipKjj+/N/v/wDsooAkpkxkEMhhVGlCnYHYhS3bJAOB+Bp9eMfHfx9qHho6RpWi3stpftIL2SWJsEIpIVSOhVmzkEYOzHIJoA4jTfhD4t1D4mQP4qsS1ncXUtxdXkbrJHKFO48jlQ5IADBTgnjg4+nq4b4S614h8Q+BINU8RSxSzzSv5EixCNniBwCwGFzncBgAYAPJJruaACiiigAooooAKKKKACiiigAooooAKKKKACiiigAooooAKKKKACiiigAooooAKKKKACiiigAooooAKKKKACo5Pvw/7/8A7KakqOT78P8Av/8AspoAkooooAKKKKACiiigAooooAKKKKACiiigAooooAKKKKACiiigAooooAiubaC8tpba5iSaCVSkkcihldTwQQeorynXtBn8KXK/M82jSsFguHJZrdieI5D3HZXPXoecFvW6iubaC8tpba5iSaCVSkkcihldTwQQeooA8eorJ+IOoQfDW9jshJ9vjuUMtpCZf3sKA4KyE5O3rtbktgg8qWM+kavZ65p8d7ZSbo24IP3kPcEdjQBfooooAKKKKACiiigAooooA5L4h3GqWfh5LnTZ2h8qdGlePiRcHKsrfw4YA5HPTkc56/8AZ98WXut6HqelahLPcTWU3nLPISxKykkhmPU7gx55OT6VDNBFcwtDPGkkTjDI4yGHoR3rnfDvxbs/BmuXHh+DSiumyX6B3Y+WLY7gkpVADuUhQw5Xkk4OaAPoyiiigCOD/j3i/wBwfyqSo4P+PeL/AHB/KpKACiiigAooooAKKKKACiiigAooooAKKKKACiiigAooooAKKKKACiiigAooooAKKKKACiiigAooooAKKKKACiiigAooooAKKKKACiiigAooooAKKKKACiiigAooooAKKKKACiiigAooooAKKKKACiiigAooooAKKKKACsS6/wCR50r/ALBt7/6Nta26xLr/AJHnSv8AsG3v/o21oA26KKKACiiigAooooAKKKKACo4/vzf7/wD7KKkqOP783+//AOyigCSvILf4l/D34h6svh/WdHaWeSSW2tZbi2EqtufYvluuXjZl2sThQuPvcAn1PVrOXUdGvrGG5NtLc28kKThdxiZlIDYyM4JzjPavI/AHwSvPB3j9NZutStb2xtYn+zMiskpkZQpLJyAAGf8AiPY/QA9f0+wtdK0220+yiENrbRLFDGCTtVRgDJ5PHc81ZoooAKKKKACiiigAooooAKKKKACiiigAooooAKKKKACiiigAooooAKKKKACiiigAooooAKKKKACiiigAooooAKjk+/D/AL//ALKakqOT78P+/wD+ymgCSiiigAooooAKKKKACiiigAooooAKKKKACiiigAooooAKKKKACiiigAooooA4P4l/DSx8e6XvTZb6xAp+zXOOGH9x/VT+YPI7g/MNle614A8ST2t1bvDNE+y5tZOA4/zyGHr3Br7arg/iX8NLHx7pe9NlvrECn7Nc44Yf3H9VP5g8juCAcNpGr2euafHe2Um6NuCD95D3BHY1frwzTrrXPAniiSymtZUuUkEVxZsP9Z6Yx1PPBHr3Br3GNmeJHaNo2ZQSjEEqfQ44/KgB1FFFABRRRQAUUUUAFcJ4o8EW1/rMut3E8iWarG1zDAo8x1U/vCpPAOwAjIOSK7uuc8d2Ml/4QvUiZw0YEu1c/MFOSD68c/UCgD3fQmsF0mGz07UEvorBRZtKJlkbdGoBDleN/TI469K0q8I/Z0ttbsk1yG6sZItNZ1G+VgrRzqASvlk7hlHU5xj5RzXu9AEcH/HvF/uD+VSVHB/x7xf7g/lUlABRRRQAUUUUAFFFFABRRRQAUUUUAFFFFABRRRQAUUUUAFFFFABRRRQAUUUUAFFFFABRRRQAUUUUAFFFFABRRRQAUUUUAFFFFABRRRQAUUUUAFFFFABRRRQAUUUUAFFFFABRRRQAUUUUAFFFFABRRRQAUUUUAFFFFABWJdf8jzpX/YNvf/RtrW3WJdf8jzpX/YNvf/RtrQBt0UUUAFFFFABRRRQAUUUUAFRx/fm/3/8A2UVJUcf35v8Af/8AZRQB4P8AtJ398bfRtOS1uBp6uZ5bjy28oykFUTdjbuAEhxnODXe/BuPVj8OrW91rULy9ur6V7lWu5mkZIzhVALEnBC7v+BVy0nx4a38d3Ph3+w1vYRqf2OG5t7jY23cE+6QQ7btxHzKCMDjqfZYYY7eGOGGNI4o1CIiKAqqOAAB0AoAfRRRQAUUUUAFFFFABRRRQAUUUUAFFFFABRRRQAUUUUAFFFFABRRRQAUUUUAFFFFABRRRQAUUUUAFFFFABRRRQAVHJ9+H/AH//AGU1JUcn34f9/wD9lNAElFFFABRRRQAUUUUAFFFFABRRRQAUUUUAFFFFABRRRQAUUUUAFFFFABRRRQAUUUUAZV74a0TUtTTUb7S7W5vEge2WWWMMfLfhl59RkfRmHRjnznXtBn8KXK/M82jSsFguHJZrdieI5D3HZXPXoecFvW6iubaC8tpba5iSaCVSkkcihldTwQQeooA8eoqz4i0STwfLvkkZ9Dc4iupGybY9o5WPb+65+h5wWytM1Wy1i0F1YXCzQklcgEEEdiDyPxoAuUUUUAFFFFABRRRQBwVp8VtX8J+NL62FpBDYzXcC3QILSeXG3LKSdoLqccjptxgjNfUSsrqGUgqRkEHgivmnxB4d8MDX7XV9bmULNPEs9vJOI1ljDKrkYw2Qpzwe1fQXhrVNI1jw9Z3ehXHn6bs8uB/mBwny4O/5sjHfmgDRg/494v8AcH8qkqOD/j3i/wBwfyqSgAooooAKKKKACiiigAooooAKKKKACiiigAooooAKKKKACiiigAooooAKKKKACiiigAooooAKKKKACiiigAooooAKKKKACiiigAooooAKKKKACiiigAooooAKKKKACiiigAooooAKKKKACiiigAooooAKKKKACiiigArEuv8AkedK/wCwbe/+jbWtusS6/wCR50r/ALBt7/6NtaANuiiigAooooAKKKKACiiigAqtNdW9lDdXV3PFb28R3SSyuERBtHJJ4AqzXA/FyDVrv4b6xa6PZ3F3cTyRRtHbxl32bk3YUcnpg4B4J+oAMTR/gj4ftPE2keJ9N1q7u4opftjC4Mcy3JI3RuroFAGfmzhs8YxXrNeDfs8eF7zTL7xBqGpWM1pdRCOzWOeMpIuR5jAqQCMjyj+Ne80AFFFFABRRRQAUUUUAFFFFABRRRQAUUUUAFFFFABRRRQAUUUUAFFFFABRRRQAUUUUAFFFFABRRRQAUUUUAFFFFABUcn34f9/8A9lNSVHJ9+H/f/wDZTQBJRRRQAUUUUAFFFFABRRRQAUUUUAFFFFABRRRQAUUUUAFFFFABRRRQAUUUUAFFFFABRRRQByfxG8ITeNvB9xpFvfyWkxYSphsRysvRJAOq559iAecV8o2V7rXgDxJPa3Vu8M0T7Lm1k4Dj/PIYevcGvtquD+Jfw0sfHul702W+sQKfs1zjhh/cf1U/mDyO4IBw2kavZ65p8d7ZSbo24IP3kPcEdjV+vC7K91rwB4kntbq3eGaJ9lzaycBx/nkMPXuDXs2kavaa3p0d7ZSbo24IPVG7qR2NAF6iiigAooooA474h+H7vXdNs/sEBmuopiAu4D5CpzyeOqrXo3wG03VtM8BSxalCkUUl48lriQMxXADZwSB8ysMdc546ZwdRluINNupbRUa4SJmjVwSpYDIBxXP/AAV+Ius3XjSLQL+7Q6bdid4bcRqqxSkmU7Wxux94YJPWgD6Lg/494v8AcH8qkqOD/j3i/wBwfyqSgAooooAKKKKACiiigAooooAKKKKACiiigAooooAKKKKACiiigAooooAKKKKACiiigAooooAKKKKACiiigAooooAKKKKACiiigAooooAKKKKACiiigAooooAKKKKACiiigAooooAKKKKACiiigAooooAKKKKACiiigArEuv8AkedK/wCwbe/+jbWtusS6/wCR50r/ALBt7/6NtaANuiiigAooooAKKKKACiiigArzD4tfEXU/h/Dp7aXBZTS3s0gYXSMwCoqdNrL3YV6fXnXj/wAJeEfGOr2Fl4i8QNY3kTFbS1jvIYnl8zYMhXUliSoAx6UAb3gHxe3jjwtHrZsPsIkleMRed5vCnGc7V9+MV09Y3hXw1ZeEPDttomnyTyW1uXKvOwZzuYsckADq3pWzQAUUUUAFFFFABRRRQAUUUUAFFFFABRRRQAUUUUAFFFFABRRRQAUUUUAFFFFABRRRQAUUUUAFFFFABRRRQAUUUUAFRyffh/3/AP2U1JUcn34f9/8A9lNAElFFFABRRRQAUUUUAFFFFABRRRQAUUUUAFFFFABRRRQAUUUUAFFFFABRRRQAUUUUAFFFFABRRRQBxfjz4Z6L4+S2e+MltdwOuLqADe0efmQ54ORnBOcHnnkHlNX8M/8ACEvHBbx/8SF3228oHNszH/VyexJ+Vz1Jw3zYLev1Fc20F5bS21zEk0EqlJI5FDK6nggg9RQB49RVvXtBn8KXK/M82jSsFguHJZrdieI5D3HZXPXoecFqmecd6ACiiigAIyMHpXPfDi88AaN8SHiiSNbqWNLa0LxSuY7gyFWVdwO0kFRu7AEZGTnoa8y0/wAEa1J8UbKeKKKCCXVfOgmllG07WMoGFywyFIGR1xnFAH1fB/x7xf7g/lUlRwf8e8X+4P5VJQAUUUUAFFFFABRRRQAUUUUAFFFFABRRRQAUUUUAFFFFABRRRQAUUUUAFFFFABRRRQAUUUUAFFFFABRRRQAUUUUAFFFFABRRRQAUUUUAFFFFABRRRQAUUUUAFFFFABRRRQAUUUUAFFFFABRRRQAUUUUAFFFFABRRRQAViXX/ACPOlf8AYNvf/RtrW3WJdf8AI86V/wBg29/9G2tAG3RRRQAUUUUAFFFFABRRRQAV81/HPw/4h1z4giXTtC1O8tobOOIS21pJImcsx5AIz81fSleDeNPjfrfhb4haho9np2n3On208akSI4mcbELgMGwDnIB2nHHBoA9a8D2EmmeA9Asp4nhnisIRLG4IZH2AsCD0IOa36RSSoJGCRyPSloAKKKKACiiigAooooAKKKKACiiigAooooAKKKKACiiigAooooAKKKKACiiigAooooAKKKKACiiigAooooAKKKKACo5Pvw/7/wD7KakqOT78P+//AOymgCSiiigAooooAKKKKACiiigAooooAKKKKACiiigAooooAKKKKACiiigAooooAKKKKACiiigAooooAKKKKAKWsW813ot9b28NrPNLA6RxXaloXYqQA4HJXPUelfG0Oq+IPBXiu4TUln+1owju4LhifMAHHP0xtI7Y7V9rVwfxL+Glj490vemy31iBT9muccMP7j+qn8weR3BAOG0jV7PXNPjvbKTdG3BB+8h7gjsav14XZXuteAPEk9rdW7wzRPsubWTgOP8APIYevcGvZdI1ez1zT472yk3RtwQfvIe4I7GgC/XlPjDxb4g0bxhJFZ6h5UdrJHPbjyozsbaDnleeSeua9WrivFZ8J2Ws291qsaNqIeCXDpI6vEsg3ArgoflDDBFAH0hpVwLvR7K5ByJbeOTPrlQat1n6Fd2N/oFhdaYyNYyQIYCiFF2Y4wpAx9MVoUAFFFFABRRRQAUUUUAFFFFABRRRQAUUUUAFFFFABRRRQAUUUUAFFFFABRRRQAUUUUAFFFFABRRRQAUUUUAFFFFABRRRQAUUUUAFFFFABRRRQAUUUUAFFFFABRRRQAUUUUAFFFFABRRRQAUUUUAFFFFABRRRQAUUUUAFYl1/yPOlf9g29/8ARtrW3WJdf8jzpX/YNvf/AEba0AbdFFFABRRRQAUUUUAFFFFABXjt58OPh54m8c3d23imSXWJrsyGzg1C3Y71GWUJtLcYOR2APpXsVfKfhjwZ4mPxhsrq/wDD2pwwR6uZ5ZntW8pdrl87wCuMgYIODxg0AfVlFFFABRRRQAUUUUAFFFFABRRRQAUUUUAFFFFABRRRQAUUUUAFFFFABRRRQAUUUUAFFFFABRRRQAUUUUAFFFFABRRRQAVHJ9+H/f8A/ZTUlRyffh/3/wD2U0ASUUUUAFFFFABRRRQAUUUUAFFFFABRRRQAUUUUAFFFFABRRRQAUUUUAFFFFABRRRQAUUUUAFFFFABRRRQAUUUUAcH8S/hpY+PdL3pst9YgU/ZrnHDD+4/qp/MHkdwfM9C+H2pfDy0ivNYwxv0VZXikLR2smTiNx0ycj5+RnKjHBf6IqK5toLy2ltrmJJoJVKSRyKGV1PBBB6igDx6vOviX4f1DUZoNQs7fzYbe3fz23qNoB3dCeeM9K9Q17QZ/ClyvzPNo0rBYLhyWa3YniOQ9x2Vz16HnBbz74lanqGmaTb/Y5/LiuGeGcbFbepXpyDjv0oA948AaNd+H/Amk6VfSwy3FvCVZ4WJQgsSuCQD0I7V0ledfBXxLqPijwGbrVLj7Rc2909tv2KvyqqFRhQBwGr0WgAooooAKKKKACiiigAooooAKKKKACiiigAooooAKKKKACiiigAooooAKKKKACiiigAooooAKKKKACiiigAooooAKKKKACiiigAooooAKKKKACiiigAooooAKKKKACiiigAooooAKKKKACiiigCKe6t7VVa4nihVmCKZHCgsegGe59KJ7mC2CGeeOISOI0MjhdzHooz1J9KyvFmif8JD4YvtNB2zSR7oHzjbKvzIc9vmArlNK1T/hONb8OMw/d6ba/b71McC6OYlUjsVKyt+AoA9ForM8QzrbaHczNqE+nqu3NzBD5rp8wHC7Wznp0PWuF/t23/6KBrX/AIJx/wDGKAPTa46TxJ4g1XVdTt/Den2EttpsvkSzXszL50oGWRAoOMZAyfWustm32sLCRpAUU72XBbjqR2zXH/D51ibxTayMFnh125eRSedrkFW+hH8qAN7wzr0fiTQoNSSFoHYsksDnJikUlWUn6io7r/kedK/7Bt7/AOjbWsb4ZkTeH9Qu05gutVupoWHRkL4BHtwa6PUtDstVngnuftKzQK6RyW93LAwVipYZjZcglF4PpQBo0Vif8Ipp3/PzrH/g5u//AI7R/wAIpp3/AD86x/4Obv8A+O0AbdFYn/CKad/z86x/4Obv/wCO0f8ACKad/wA/Osf+Dm7/APjtAG3RWJ/wimnf8/Osf+Dm7/8AjtH/AAimnf8APzrH/g5u/wD47QBt0Vif8Ipp3/PzrH/g5u//AI7R/wAIpp3/AD86x/4Obv8A+O0AX9Xvv7M0W/1DAP2W3kmw3T5VLc/lXi3wv+L3iXxh45TSb+301bW4EkzmGF1aMLGAApLnjIB5yeTz0A9Wn8G6TdW8tvcSarLDKhSSN9YuyrqRggjzeQRWVpvwn8G6Ne/bNM025s7jYU8y31C4RsHryJM0AdpRWJ/wimnf8/Osf+Dm7/8AjtH/AAimnf8APzrH/g5u/wD47QBt0Vif8Ipp3/PzrH/g5u//AI7R/wAIpp3/AD86x/4Obv8A+O0AbdFYn/CKad/z86x/4Obv/wCO0f8ACKad/wA/Osf+Dm7/APjtAG3RWJ/wimnf8/Osf+Dm7/8AjtH/AAimnf8APzrH/g5u/wD47QBt0Vif8Ipp3/PzrH/g5u//AI7R/wAIpp3/AD86x/4Obv8A+O0AbdFYn/CKad/z86x/4Obv/wCO0f8ACKad/wA/Osf+Dm7/APjtAG3RWJ/wimnf8/Osf+Dm7/8AjtH/AAimnf8APzrH/g5u/wD47QBt0Vif8Ipp3/PzrH/g5u//AI7R/wAIpp3/AD86x/4Obv8A+O0AbdFYn/CKad/z86x/4Obv/wCO0f8ACKad/wA/Osf+Dm7/APjtAG3RWJ/wimnf8/Osf+Dm7/8AjtH/AAimnf8APzrH/g5u/wD47QBt0Vif8Ipp3/PzrH/g5u//AI7R/wAIpp3/AD86x/4Obv8A+O0AbdFYn/CKad/z86x/4Obv/wCO0f8ACKad/wA/Osf+Dm7/APjtAG3RWJ/wimnf8/Osf+Dm7/8AjtH/AAimnf8APzrH/g5u/wD47QBt0Vif8Ipp3/PzrH/g5u//AI7R/wAIpp3/AD86x/4Obv8A+O0AbdFYn/CKad/z86x/4Obv/wCO0f8ACKad/wA/Osf+Dm7/APjtAG3RWJ/wimnf8/Osf+Dm7/8AjtH/AAimnf8APzrH/g5u/wD47QBt0Vif8Ipp3/PzrH/g5u//AI7R/wAIpp3/AD86x/4Obv8A+O0AbdZWrXU1vqegxRPtS4vmilGAdyi2mfHt8yqePSof+EU07/n51j/wc3f/AMdqOTwdpMrxPJJqrtE2+Nm1e7JRsFcj97wcMRn0J9aAN+isT/hFNO/5+dY/8HN3/wDHaP8AhFNO/wCfnWP/AAc3f/x2gDborE/4RTTv+fnWP/Bzd/8Ax2j/AIRTTv8An51j/wAHN3/8doA26KxP+EU07/n51j/wc3f/AMdo/wCEU07/AJ+dY/8ABzd//HaANuisT/hFNO/5+dY/8HN3/wDHaP8AhFNO/wCfnWP/AAc3f/x2gDborE/4RTTv+fnWP/Bzd/8Ax2j/AIRTTv8An51j/wAHN3/8doA26KxP+EU07/n51j/wc3f/AMdo/wCEU07/AJ+dY/8ABzd//HaANuisT/hFNO/5+dY/8HN3/wDHaP8AhFNO/wCfnWP/AAc3f/x2gDborE/4RTTv+fnWP/Bzd/8Ax2j/AIRTTv8An51j/wAHN3/8doA26KxP+EU07/n51j/wc3f/AMdo/wCEU07/AJ+dY/8ABzd//HaANuisT/hFNO/5+dY/8HN3/wDHaP8AhFNO/wCfnWP/AAc3f/x2gDborE/4RTTv+fnWP/Bzd/8Ax2j/AIRTTv8An51j/wAHN3/8doA26KxP+EU07/n51j/wc3f/AMdo/wCEU07/AJ+dY/8ABzd//HaANuisT/hFNO/5+dY/8HN3/wDHaP8AhFNO/wCfnWP/AAc3f/x2gDborE/4RTTv+fnWP/Bzd/8Ax2j/AIRTTv8An51j/wAHN3/8doA26KxP+EU07/n51j/wc3f/AMdo/wCEU07/AJ+dY/8ABzd//HaANuisT/hFNO/5+dY/8HN3/wDHaP8AhFNO/wCfnWP/AAc3f/x2gDborE/4RTTv+fnWP/Bzd/8Ax2j/AIRTTv8An51j/wAHN3/8doA1rm2gvLaW2uYkmglUpJHIoZXU8EEHqK+SfiDrX9n+MptDNlLLpGmXZMUF8pEkgxgZOclRk7SeqkFsmvqD/hFNO/5+dY/8HN3/APHa5jxd8HvD3iuKNpJr+C9jZQLt7uW4fyweU/es3Byceh555BAHfCHWfDmpeC7S10NbdLq0toBqKQ25i/flACzHaAxJQ/MM9OtegVyWkfDTwvoEciaTa3tl5u3zTb6ncx+ZjOC22QZ6n860v+EU07/n51j/AMHN3/8AHaANuisT/hFNO/5+dY/8HN3/APHaP+EU07/n51j/AMHN3/8AHaANuisT/hFNO/5+dY/8HN3/APHaP+EU07/n51j/AMHN3/8AHaANuisT/hFNO/5+dY/8HN3/APHaP+EU07/n51j/AMHN3/8AHaANuisT/hFNO/5+dY/8HN3/APHans/D9lY3SXEU2pM6ZwJtTuZU5GOVeQqevce9AGpRRRQAUUUUAFFFFABRRRQAUUUUAFFFFABRRRQAUUUUAFFFFABRRRQAUUUUAFFFFABRRRQAUUUUAFFFFABRRRQAUUUUAFFFFABRRRQAUUUUAFFFFABRRRQAUUUUAV76ee2spJrazkvJlA2wRuqs/PYsQB68ntWB4K0GbSLO/vL22jttQ1S8ku54UYMItx+VMjg4Hcdya6eigAooooAK57V/BHh/XL572+sSbiRQkrxTSRGVR2fYw3fjXQ0UAQ2dnb2FnFaWkKQ28KhI40GAoHYVNRRQAUUUUAFFFFABRRRQAUVz/inXL3w7Fa6klsk+lpJt1AgEyRRngSLg8gHqMdKTw7r9z4ivb66t4Yl0ONvKtZyDvuXB+dxzjYDwOOaAOhorM1fX7HQ/J+2/af327Z5FrJN0xnOxTjqOtU7LxlpF/eRWsH2/zZW2r5mnzoufdmQAfiaAN+q0Go2N1O8FveW8s0f3445VZl+oB4rnfiTe3Fh4A1OS1kMU0gjhV1OCoeRUJ/JjWH4x8OaT4W8P6dquj2MFnd6Zd2+yaFAryKXCMrkcsCG5zQB6PRRRQAUUUUAFFFFABRRRQAUUUUAFFFFABRRRQAUUUUAFFFFABRRRQAUUUUAFFFFABRRRQAUUUUAFFFFABRUV19o+yy/ZDELjYfKMoJTdjjOOcZriLPx3fao1npFpp6J4jMzR39vKGMdoiY3yHB5U5G3nnPXigDvKKiubiO0tZrmXd5cSGR9iFjgDJwBkk+w5rnv+E+0L/qJf+Cu5/wDjdAHTVHNPDbR+ZPLHFHkLudgoyTgDJ9SQKZZXkV/ZxXUG/wAqVdy+ZGyNj3VgCPxFeffEnR7xorbU5Nau3tU1G22WG1ViXLqOSBlu55J60AekUUUUAFFFFABRRRQAUUUUAFFFFABRRRQAUUUUAFFFFABRRRQAUUUUAFFFFABRRRQAUUUUAFFFFABRRRQAUUVzXiDxJP4b1aylvoohoNx+6lugDutpf4S/bYemccGgDpaKwvC+r3+u2UupXFqltZTSZsUIIkaHs75PG7qABwPXNS6r4m03Rbpba8+1+YyCQeTZzTDBJHVFIzweOtAGxSMwVSzEBQMknoKxtM8VaXq94LW0+2eaVLfvbGaJcD/adQP1pvinQZfEen22ni48q1N1HJeJz+/hXJaPI6ZOPyoA1LW/s74ObS7guAhw3lSB9p98dKsV519j0pPidpEPhi1t4JLOKYaq1mgSNYyuER9vBbdyB1GPavRaACiiigAooooAKKKKACiiigAooooAKKKKACiiigAooooAKKKKACiiigAooooAKKKKACiiigAooooAKKKKACiiigAooooAKKKKACiiigAooooAKKKKACiiigAooooAKKKKACiiigAooooAKKKKACiiigAooooAKKKKACiiigAooooAKKKKAOa8W2Oq60ltotmjQ6fdsRqN4HUFIR1jUZzufpnGAM1D4X0nUvDWpXmjLC0vh/8A11hOZATb5PzQkE7iAeQcHjqa6uigDM1ew1K+8n+ztZk03Zu37LeOXzM4x98HGMHp61TstG163vIpbnxTPdQq2XhayhQOPTIGR+Fb9FAGJ4v0JvEnhTUNJjkEcs6AxOegdWDLn2yormb+DxT4ug07SNS0EabbR3EU1/dNdI6yBDu2xqpz8xA69K9BooAKKKKACiiigAooooAKKKKACiiigAooooAKKKKACiiigAooooAKKKKACiiigAooooAKKKKACiiigAooooAr3009vYzzWtq11cIhMcCuqmRuwyxAH1NcBD4U8QaS9r4ot2N54jml3apaiUKk8T4HlKWO0eWANpz2PXgV6PRQBDOks9nKkMrW8zxkJJtDGNiODg8HB7dK5/8AsHxL/wBDncf+C+D/AOJrpqKAILKGe3s4orm6a6mVcPMyBC59cDgfhWF430q91jQobawh86Zb23lK7gvyrICxySOgFdJRQAUUUUAFFFFABRRRQAUUUUAFFFFABRRRQAUUUUAFFFFABRRRQAUUUUAFFFFABRRRQAUUUUAFFFFABRRRQAVyniXRr/xRq1tpNzA0XhyMefdyCQA3Tg/LEADuCg/MScZwMV1dFAHN+ELTWdJtrjRtTRprayfZY3xdSZ4f4QwByGXoSQAauarpmr3t0slh4gl06IIFMSWsUgLZPzZYE9wMe1bFFAGLpmlazaXglvvEc1/DtIML2kUYJ7HKgGqXjmPXrjRobXQraaZpp1W6ME6RSLByWCM5ADHgZ7ZNdPRQByPhl7/Tjb6ZD4Jk0mwyd0wvIHCnHVgrFmJIAzyea66iigAooooAKKKKACiiigAooooAKKKKACiiigAooooAKKKKACiiigAooooAKKKKACiiigAooooAKKKKACiiigAooooAKKKKACiiigAooooAKKKKACiiigAooooAKKKKACiiigAooooAKKKKACiiigAooooAKKKKACiiigAooooAKKKKACiiigAooooAKKKKACiiigAooooAKKKKACiiigAooooAKKKKACiiigAooooAKKKKACiiigAooooAKKKKACiiigAooooAKKKKACiiigAooooAKKKKACiiigAooooAKKKKACiiigAooooAKKKKACiiigAooooAKKKKACiiigAooooAKKKKACiiigAooooAKKKKACiiigAooooAKKKKACiiigAooooAKKKKACiiigAooooAKKKKACiiigAooooAKKKKACiiigAooooAKKKKACiiigAooooAKKKKACiiigAooooAKKKKACiiigAooooAKKKKACiiigAooooAKKKKACiiigAooooAKKKKACiiigAooooAKKKKACiiigAooooAKKKKACiiigAooooAKKKKACiiigAooooAKKKKACiiigAooooAKKKKACiiigAooooAKKKKACiiigAooooAKKKKACiiigAooooAKKKKACiiigAooooAKKKKACiiigAooooAKKKKACiiigAooooAKKKKACiiigAooooAKKKKACiiigAooooAKKKKACiiigAooooAKKKKACiiigAooooAKKKKACiiigAooooAKKKKACiiigAooooAKKKKACiiigAooooAKKKKACiiigAooooAKKKKACiiigAooooAKKKKACiiigAooooAKKKKACiiigAooooAKKKKACiiigAooooAKKKKACiiigAooooAKKKKACiiigAooooAKKKKACiiigAooooAKKKKACiiigAooooAKKKKACiiigAooooAKKKKACiiigAooooAKKKKACiiigAooooAKKKKACiiigAooooAKKKKACiiigAooooAKKKKACiiigAooooAKKKKACiiigAooooAKKKKACiiigAooooAKKKKACiiigAooooAKKKKACiiigAooooAKKKKACiiigAooooAKKKKACiiigAooooAKKKKACiiigAooooAKKKKACiiigAooooAKKKKACiiigAooooAKKKKACiiigAooooAKKKKACiiigAooooAKKKKACiiigAooooAKKKKACiiigAooooAKKKKACiiigAooooAKKKKACiiigAooooAKKKKACiiigAooooAKKKKACiiigAooooAKKKKACiiigAooooAKKKKACiiigAooooAKKKKACiiigAooooAKKKKACiiigAooooAKKKKACiiigAooooAKKKKACiiigAooooAKKKKACiiigAooooAKKKKACiiigAooooAKKKKACiiigAooooAKKKKACiiigAooooAKKKKACiiigAooooAKKKKACiiigAooooAKKKKACiiigAooooAKKKKACiiigAooooAKKKKACiiigAooooAKKKKACiiigAooooAKKKKACiiigAooooAKKKKACiiigAooooAKKKKACiiigAooooAKKKKACiiigAooooAKKKKACiiigAooooAKKKKACiiigAooooAKKKKACiiigAooooAKKKKACiiigAooooAKKKKACiiigAooooAKKKKACiiigAooooAKKKKACiiigAooooAKKKKACiiigAooooAKKKKACiiigAooooAKKKKACiiigAooooAKKKKACiiigAooooAKKKKACiiigAooooAKKKKACiiigAooooAKKKKACiiigAooooAKKKKACiiigAooooAKKKKACiiigAooooAKKKKACiiigAooooAKKKKACiiigAooooAKKKKACiiigAooooAKKKKACiiigAooooAKKKKACiiigAooooAKKKKACiiigAooooAKKKKACiiigAooooAKKKKACiiigAooooAKKKKACiiigAooooAKKKKACiiigAooooAKKKKACiiigAooooAKKKKACiiigAooooAKKKKACiiigAooooAKKKKACiiigAooooAKKKKACiiigAooooAKKKKACiiigAooooAKKKKACiiigAooooAKKKKACiiigAooooAKKKKACiiigAooooAKKKKACiiigAooooAKKKKACiiigAooooAKKKKACiiigAooooAKKKKACiiigAooooAKKKKACiiigAooooAKKKKACiiigAooooAKKKKACiiigAooooAKKKKACiiigAooooAKKKKACiiigAooooAKKKKACiiigAooooAKKKKACiiigAooooAKKKKACiiigAooooAKKKKACiiigAooooAKKKKACiiigAooooAKKKKACiiigAooooAKKKKACiiigAooooAKKKKACiiigAooooAKKKKACiiigAooooAKKKKACiiigAooooAKKKKACiiigAooooAKKKKACiiigAooooAKKKKACiiigAooooAKKKKACiiigAooooAKKKKACiiigAooooAKKKKACiiigAooooAKKKKACiiigAooooAKKKKACiiigAooooAKKKKACiiigAooooAKKKKACiiigAooooAKKKKACiiigAooooAKKKKACiiigAooooAKKKKACiiigAooooAKKKKACiiigAooooAKKKKACiiigAooooAKKKKACiiigAooooAKKKKACiiigAooooAKKKKACiiigAooooAKKKKACiiigAooooAKKKKACiiigAooooAKKKKACiiigAooooAKKKKACiiigAooooAKKKKACiiigAooooAKKKKACiiigAooooAKKKKACiiigAooooAKKKKACiiigAooooAKKKKACiiigAooooAKKKKACiiigAooooAKKKKACiiigAooooAKKKKACiiigAooooAKKKKACiiigAooooAKKKKACiiigAooooAKKKKACiiigAooooAKKKKACiiigAooooAKKKKACiiigAooooAKKKKACiiigAooooAKKKKACiiigAooooAKKKKACiiigAooooAKKKKACiiigAooooAKKKKACiiigAooooAKKKKACiiigAooooAKKKKACiiigAooooAKKKKACiiigAooooAKKKKACiiigAooooAKKKKACiiigAooooAKKKKACiiigD/2Q==</file>
    </questiontext>
    <generalfeedback format="html">
      <text></text>
    </generalfeedback>
    <defaultgrade>1.0000000</defaultgrade>
    <penalty>0.3333333</penalty>
    <hidden>0</hidden>
    <idnumber></idnumber>
    <correctfeedback format="html">
      <text>Vaše odpověď je správná.</text>
    </correctfeedback>
    <partiallycorrectfeedback format="html">
      <text>Vaše odpověď je částečně správná.</text>
    </partiallycorrectfeedback>
    <incorrectfeedback format="html">
      <text>Vaše odpověď je chybná.</text>
    </incorrectfeedback>
    <shownumcorrect/>
<subquestions>
<!-- question: 132960  -->
  <question type="varnumeric">
    <name>
      <text>1</text>
    </name>
    <questiontext format="moodle_auto_format">
      <text></text>
    </questiontext>
    <generalfeedback format="html">
      <text></text>
    </generalfeedback>
    <defaultgrade>0.125</defaultgrade>
    <penalty>0.3333333</penalty>
    <hidden>0</hidden>
    <idnumber></idnumber>
    <randomseed></randomseed>
    <requirescinotation>0</requirescinotation>
    <answer fraction="100" format="moodle_auto_format">
      <text>1</text>
      <feedback format="plain_text">
        <text></text>
      </feedback>
      <sigfigs>0</sigfigs>
      <error>0</error>
      <syserrorpenalty>0.0000000</syserrorpenalty>
      <checknumerical>0</checknumerical>
      <checkscinotation>0</checkscinotation>
      <checkpowerof10>0</checkpowerof10>
      <checkrounding>0</checkrounding>
    </answer>
  </question>
<!-- question: 132961  -->
  <question type="varnumeric">
    <name>
      <text>2</text>
    </name>
    <questiontext format="moodle_auto_format">
      <text></text>
    </questiontext>
    <generalfeedback format="html">
      <text></text>
    </generalfeedback>
    <defaultgrade>0.125</defaultgrade>
    <penalty>0.3333333</penalty>
    <hidden>0</hidden>
    <idnumber></idnumber>
    <randomseed></randomseed>
    <requirescinotation>0</requirescinotation>
    <answer fraction="100" format="moodle_auto_format">
      <text>2</text>
      <feedback format="plain_text">
        <text></text>
      </feedback>
      <sigfigs>0</sigfigs>
      <error>0</error>
      <syserrorpenalty>0.0000000</syserrorpenalty>
      <checknumerical>0</checknumerical>
      <checkscinotation>0</checkscinotation>
      <checkpowerof10>0</checkpowerof10>
      <checkrounding>0</checkrounding>
    </answer>
  </question>
<!-- question: 132962  -->
  <question type="gapselect">
    <name>
      <text>3</text>
    </name>
    <questiontext format="moodle_auto_format">
      <text>[[1]]</text>
    </questiontext>
    <generalfeedback format="html">
      <text></text>
    </generalfeedback>
    <defaultgrade>0.125</defaultgrade>
    <penalty>0.3333333</penalty>
    <hidden>0</hidden>
    <idnumber></idnumber>
    <shuffleanswers>1</shuffleanswers>
    <correctfeedback format="html">
      <text></text>
    </correctfeedback>
    <partiallycorrectfeedback format="html">
      <text></text>
    </partiallycorrectfeedback>
    <incorrectfeedback format="html">
      <text></text>
    </incorrectfeedback>
    <shownumcorrect/>
    <selectoption>
      <text>h(x)</text>
      <group>1</group>
    </selectoption>
    <selectoption>
      <text>g(x)</text>
      <group>1</group>
    </selectoption>
    <selectoption>
      <text>0</text>
      <group>1</group>
    </selectoption>
    <selectoption>
      <text>1</text>
      <group>1</group>
    </selectoption>
    <selectoption>
      <text>p(y)</text>
      <group>1</group>
    </selectoption>
    <selectoption>
      <text>q(y)</text>
      <group>1</group>
    </selectoption>
  </question>
<!-- question: 132963  -->
  <question type="gapselect">
    <name>
      <text>4</text>
    </name>
    <questiontext format="moodle_auto_format">
      <text>[[2]]</text>
    </questiontext>
    <generalfeedback format="html">
      <text></text>
    </generalfeedback>
    <defaultgrade>0.125</defaultgrade>
    <penalty>0.3333333</penalty>
    <hidden>0</hidden>
    <idnumber></idnumber>
    <shuffleanswers>1</shuffleanswers>
    <correctfeedback format="html">
      <text></text>
    </correctfeedback>
    <partiallycorrectfeedback format="html">
      <text></text>
    </partiallycorrectfeedback>
    <incorrectfeedback format="html">
      <text></text>
    </incorrectfeedback>
    <shownumcorrect/>
    <selectoption>
      <text>h(x)</text>
      <group>1</group>
    </selectoption>
    <selectoption>
      <text>g(x)</text>
      <group>1</group>
    </selectoption>
    <selectoption>
      <text>0</text>
      <group>1</group>
    </selectoption>
    <selectoption>
      <text>1</text>
      <group>1</group>
    </selectoption>
    <selectoption>
      <text>p(y)</text>
      <group>1</group>
    </selectoption>
    <selectoption>
      <text>q(y)</text>
      <group>1</group>
    </selectoption>
  </question>
<!-- question: 132964  -->
  <question type="varnumeric">
    <name>
      <text>5</text>
    </name>
    <questiontext format="moodle_auto_format">
      <text></text>
    </questiontext>
    <generalfeedback format="html">
      <text></text>
    </generalfeedback>
    <defaultgrade>0.125</defaultgrade>
    <penalty>0.3333333</penalty>
    <hidden>0</hidden>
    <idnumber></idnumber>
    <randomseed></randomseed>
    <requirescinotation>0</requirescinotation>
    <answer fraction="100" format="moodle_auto_format">
      <text>0</text>
      <feedback format="plain_text">
        <text></text>
      </feedback>
      <sigfigs>0</sigfigs>
      <error>0</error>
      <syserrorpenalty>0.0000000</syserrorpenalty>
      <checknumerical>0</checknumerical>
      <checkscinotation>0</checkscinotation>
      <checkpowerof10>0</checkpowerof10>
      <checkrounding>0</checkrounding>
    </answer>
  </question>
<!-- question: 132965  -->
  <question type="varnumeric">
    <name>
      <text>6</text>
    </name>
    <questiontext format="moodle_auto_format">
      <text></text>
    </questiontext>
    <generalfeedback format="html">
      <text></text>
    </generalfeedback>
    <defaultgrade>0.125</defaultgrade>
    <penalty>0.3333333</penalty>
    <hidden>0</hidden>
    <idnumber></idnumber>
    <randomseed></randomseed>
    <requirescinotation>0</requirescinotation>
    <answer fraction="100" format="moodle_auto_format">
      <text>1</text>
      <feedback format="plain_text">
        <text></text>
      </feedback>
      <sigfigs>0</sigfigs>
      <error>0</error>
      <syserrorpenalty>0.0000000</syserrorpenalty>
      <checknumerical>0</checknumerical>
      <checkscinotation>0</checkscinotation>
      <checkpowerof10>0</checkpowerof10>
      <checkrounding>0</checkrounding>
    </answer>
  </question>
<!-- question: 132966  -->
  <question type="gapselect">
    <name>
      <text>7</text>
    </name>
    <questiontext format="moodle_auto_format">
      <text>[[1]]</text>
    </questiontext>
    <generalfeedback format="html">
      <text></text>
    </generalfeedback>
    <defaultgrade>0.125</defaultgrade>
    <penalty>0.3333333</penalty>
    <hidden>0</hidden>
    <idnumber></idnumber>
    <shuffleanswers>1</shuffleanswers>
    <correctfeedback format="html">
      <text></text>
    </correctfeedback>
    <partiallycorrectfeedback format="html">
      <text></text>
    </partiallycorrectfeedback>
    <incorrectfeedback format="html">
      <text></text>
    </incorrectfeedback>
    <shownumcorrect/>
    <selectoption>
      <text>q(y)</text>
      <group>1</group>
    </selectoption>
    <selectoption>
      <text>p(y)</text>
      <group>1</group>
    </selectoption>
    <selectoption>
      <text>0</text>
      <group>1</group>
    </selectoption>
    <selectoption>
      <text>1</text>
      <group>1</group>
    </selectoption>
    <selectoption>
      <text>h(x)</text>
      <group>1</group>
    </selectoption>
    <selectoption>
      <text>g(x)</text>
      <group>1</group>
    </selectoption>
  </question>
<!-- question: 132967  -->
  <question type="gapselect">
    <name>
      <text>8</text>
    </name>
    <questiontext format="moodle_auto_format">
      <text>[[2]]</text>
    </questiontext>
    <generalfeedback format="html">
      <text></text>
    </generalfeedback>
    <defaultgrade>0.125</defaultgrade>
    <penalty>0.3333333</penalty>
    <hidden>0</hidden>
    <idnumber></idnumber>
    <shuffleanswers>1</shuffleanswers>
    <correctfeedback format="html">
      <text></text>
    </correctfeedback>
    <partiallycorrectfeedback format="html">
      <text></text>
    </partiallycorrectfeedback>
    <incorrectfeedback format="html">
      <text></text>
    </incorrectfeedback>
    <shownumcorrect/>
    <selectoption>
      <text>q(y)</text>
      <group>1</group>
    </selectoption>
    <selectoption>
      <text>p(y)</text>
      <group>1</group>
    </selectoption>
    <selectoption>
      <text>h(x)</text>
      <group>1</group>
    </selectoption>
    <selectoption>
      <text>g(x)</text>
      <group>1</group>
    </selectoption>
    <selectoption>
      <text>0</text>
      <group>1</group>
    </selectoption>
    <selectoption>
      <text>1</text>
      <group>1</group>
    </selectoption>
  </question>
</subquestions>
  </question>

<!-- question: 132968  -->
  <question type="combined">
    <name>
      <text>f. EOI</text>
    </name>
    <questiontext format="html">
      <text><![CDATA[<p>Na obrázku je množina \(D_7\). <img src="@@PLUGINFILE@@/D3930.jpg" alt="" role="presentation" class="img-responsive atto_image_button_middle" width="600" height="450"><br></p><p>Hranici množiny tvoří část grafu funkce \(y=\ln x\),&nbsp; osa x, \(y=0\) a přímka \(x= e\). </p><p>Označme \(h(x) = \ln x\) a \(p(y)= e^y\).</p><p>Průsečíky hraničních křivek jsou [1, 0], [e, 0] a [e, 1], e \( \doteq 2.7183\).<br></p><p>Doplňte nerovnice tak, aby popisovaly množinu \(D_7\) jako <br><b>a) elementární obor integrace vzhledem k ose x: </b><br>[[1:numeric:_5_]] \(\le x\le \) [[2:numeric:_5_]], [[3:selectmenu:1]]\(\le y\le \)[[4:selectmenu:2]]<br><b>b) elementární obor integrace vzhledem k ose y:</b> <br>[[5:numeric:_5_]] \(\le y\le \) [[6:numeric:_5_]],&nbsp;[[7:selectmenu:1]]\(\le x\le \)[[8:selectmenu:2]]  </p>]]></text>
<file name="D3930.jpg" path="/" encoding="base64">/9j/4AAQSkZJRgABAQAAAQABAAD//gAYTUFUTEFCIEhhbmRsZSBHcmFwaGljc//+AB1NQVRMQUIsIFRoZSBNYXRoV29ya3MsIEluYy7/2wBDAAgGBgcGBQgHBwcJCQgKDBQNDAsLDBkSEw8UHRofHh0aHBwgJC4nICIsIxwcKDcpLDAxNDQ0Hyc5PTgyPC4zNDL/2wBDAQkJCQwLDBgNDRgyIRwhMjIyMjIyMjIyMjIyMjIyMjIyMjIyMjIyMjIyMjIyMjIyMjIyMjIyMjIyMjIyMjIyMjL/wAARCANrBI8DASIAAhEBAxEB/8QAHwAAAQUBAQEBAQEAAAAAAAAAAAECAwQFBgcICQoL/8QAtRAAAgEDAwIEAwUFBAQAAAF9AQIDAAQRBRIhMUEGE1FhByJxFDKBkaEII0KxwRVS0fAkM2JyggkKFhcYGRolJicoKSo0NTY3ODk6Q0RFRkdISUpTVFVWV1hZWmNkZWZnaGlqc3R1dnd4eXqDhIWGh4iJipKTlJWWl5iZmqKjpKWmp6ipqrKztLW2t7i5usLDxMXGx8jJytLT1NXW19jZ2uHi4+Tl5ufo6erx8vP09fb3+Pn6/8QAHwEAAwEBAQEBAQEBAQAAAAAAAAECAwQFBgcICQoL/8QAtREAAgECBAQDBAcFBAQAAQJ3AAECAxEEBSExBhJBUQdhcRMiMoEIFEKRobHBCSMzUvAVYnLRChYkNOEl8RcYGRomJygpKjU2Nzg5OkNERUZHSElKU1RVVldYWVpjZGVmZ2hpanN0dXZ3eHl6goOEhYaHiImKkpOUlZaXmJmaoqOkpaanqKmqsrO0tba3uLm6wsPExcbHyMnK0tPU1dbX2Nna4uPk5ebn6Onq8vP09fb3+Pn6/9oADAMBAAIRAxEAPwD3+iiigAooooAKKKKACiiigAooooAKKKKACiiigAooooAKKKKACiiigAooooAKKKKACiiigAooooAKKKKACiiigAooooAKKKKACiiigAooooAKKKKACiiigAooooAKKKKACiiigAooooAKKKKACiiigAooooAKKKKACiiigAooooAKKKKACiiigAooooAKKKKACiiigAooooAKKKKACiiigAooooAKKKKACiiigAooooAKKKKACiiigAooooAKKKKACiiigAooooAKKKKACiiigAooooAKKKKACiiigAooooAKKKKACiiigAooooAKKKKACiiigAooooAKKKKACiiigAooooAKKKKACiiigAooooAKKKKACiiigAooooAKKKKACiiigAooooAKKKKACiiigAooooAKKKKACiiigAooooAKKKKACiiigAooooAKKKKACiiigAooooAKKKKACiiigAooooAKKKKACiiigAooooAKKKKACiiigAooooAKKKKACiiigAooooAKKKKACiiigAooooAKKKKACiiigAooooAKKKKACiiigAooooAKKKKACiiigAooooAKKKKACiiigAooooAKKKKACiiigAooooAKKKKACiiigAooooAKKKKACiiigAooooAKKKKACiiigAooooAKKKKACiiigAooooAKKKKACiiigAooooAKKKKACiiigAooooAKKKKACiiigAooooAKKKKACiiigAooooAKKKKACiiigAooooAKKKKACiiigAooooAKKKKACiiigAooooAKKKKACiiigAooooAKKKKACiiigAooooAKKKKACiiigAooooAKKKKACiiigAooooAKKKKACiiigAooooAKKKKACiiigAooooAKKKKACiiigAooooAKKKKACiiigAooooAKKKKACiiigAooooAKKKKACiiigAooooAKKKKACiiigAooooAKKKKACiiigAooooAKKKKACiiigAooooAKKKKACiiigAooooAKKKKACiiigAooooAKKKKACiiigAooooAKKKKACiiigAooooAKKKKACiiigAooooAKKKKACiiigAooooAKKKKACiiigAooooAKKKKACiiigAooooAKKKKACiiigAooooAKKKKACiiigAooooAKKKKACiiigAooooAKKKKACiiigAooooAKKKKACiiigAooooAKKKKACiiigAooooAKKKKACiiigAooooAKKKKACiiigAooooAKKKKACiiigAooooAKKKKACiiigAooooAKKKKACiiigAooooAKKKKACiiigAooooAKKKKACiiigAooooAKKKKACiiigAooooAKKKKACiiigAooooAKKKKACiiigAooooAKKKKACiiigAooooAKKKKACiiigAooooAKKKKACiiigAooooAKKKKACiiigAooooAKKKKACiiigAooooAKKKKACiiigAooooAKKKKACiiigAooooAKKKKACiiigAooooAKKKKACiiigAooooAKKKKACiiigAooooAKKKKACiiigAooooAKKKKACiiigAooooAKKKKACiiigAooooAKKKKACiiigAooooAKKKKACiiigAooooAKKKKACiiigAooooAKKKKACiiigAooooAKKKKACiiigAooooAKKKKACiiigAooooAKKKKACiiigAooooAKKKKACiiigAooooAKKKKACiiigAooooAKKKKACiiigAooooAKKKKACiiigAooooAKKKKACiiigAooooAKKKKACiiigAooooAKKKKACiiigAooooAKKKKACiiigAooooAKKKKACiiigAooooAKKKKACiiigAooooAKKKKACiiigAooooAKKKKACiiigAooooAKKKKACiiigAooooAKKKKACiiigAooooAKKKKACiiigAooooAKKKKACiiigAooooAKKKKACiiigAooooAKKKKACiiigAooooAKKKKACiiigAooooAKKKKACiiigAooooAKKKKACiiigAooooAKKKKACiiigAooooAKKKKACiiigAooooAKKKKACiiigAooooAKKKKACiiigAooooAKKKp6uzJot8ykqwt5CCDgg7TQBcor5n+GfgvWPH+gXepN401ewlt7kwKFkeQcKrZ++P71dj8OvEviTQviLefD7xRfvqTKhe0upGLNwu/7x5IKknnJBGKAPZ6KKKACiiigAooooAKKKKACiiigAooooAKKKKACiiigAooooAKKKKACiiigAooooAKKKKACiiigAooooAKKKKACiiigAooooAKKKKACiiigAooooAKKKKACiiigAooooAKKKKACiiigAooooAKKKKACiiigAooooAKKKKACiiigAooooAKKKKACiiigAooooAKKKKACiiigAooooAKKKKACiiigAooooAKKKKACiiigAooooAKKKKACiiigAooooAKKKKACiiigAooooAKKKKACiiigAooooAKKKKACiiigAooooAKKKKACiiigAooooAKKKKACiiigAooooAKKKKACiiigAooooAKKKKACiiigAooooAKKKKACiiigAqlrP/ID1D/r2k/9BNXaa6JJGyOoZGBDKwyCD2NAHzp8FfiH4X8H+FNQs9c1I21xLemZIxBI+5diDOVUjqD1NangmaXx98brzxvb20sGi2ETJFLMuNx8vywM9M4LMR2GPavWh4F8IKQR4V0MEcgjT4v/AImtmOztobX7LDBHFb7SvlRqFUA9RgUAZX/CY+F/+hk0f/wOi/8Aiq2UdZEV0YMjAFWU5BHqK8T8T+A/CWo+OdJ8GaNosFrKV+3ancxFt0duvAQZJwWOBntkete1wwx28EcMShY41CIo7ADAFAD6KKKACiiigAooooAKKKKACiiigAooooAKKKKACiiigAooooAKKKKACiiigAooooAKKKKACiiigAooooAKKKKACiiigAooooAKKKKACiiigAooooAKKKKACiiigAooooAKKKKACiiigAooooAKKKKACiiigAooooAKKKKACiiigAooooAKKKKACiiigAooooAKKKKACiiigAooooAKKKKACiiigAooooAKKKKACiiigAooooAKKKKACiiigAoorL8TXk+n+FNYvbV/LuLexmlifAO11QkHB4PI70AalFFFABRRRQAUUUUAFFFFABRRRQAUUUUAFFMDEzMvYKD/AD/wp9ABRRRQAUUUUAFFFFABRRRQAUUUUAFFFFABRRRQAUUUUAFFFFABRRRQAUUUUAFFFFABRRRQAUUUUAFFFFABRRRQAUUUUAcpo/gw6Z491zxVLqH2iTU40iSHydvkKoAxu3HdnaOwrq6KKACiiigAooooAKKKKACiiigAooooAKKKKACiiigAooooAKKKKACiiigAooooAKKKKACiiigAooooAKKKKACiiigAoopiMWaQH+FsD8gf60APooooAKKKKACiiigAooooAKKKKACimSsUhdh1Ckin0AFFFFABRRRQAUUUUAFFFFABRRRQAUUUUAFFFFABRRRQAUUUUAFFFFABRRRQAUUUUAFFFFABRRRQAUUUUAFFFFABRRRQAUUUUAFFFFABRRRQAUUUUAFFFFABRRRQAUUUUAFYnjL/AJEbxB/2Dbn/ANFNW3WJ4y/5EbxB/wBg25/9FNQBt0UUUAFFFFABRRRQAUUUUAFFFFABRRRQBGP+Ph/9xf5mpKjH/Hw/+4v8zUlABRRRQAUUUUAFFFFABRRRQAUUUUAFFFFABRRRQAUUUUAFFFFABRRRQAUUUUAFFFFABRRRQAUUUUAFFFFABRRRQAUUUUAFFFFABRRRQAUUUUAFFFFABRRRQAUUUUAFFFFABRRRQAUUUUAFFFFABRRRQAUUUUAFFFFABRRRQAUUUUAFFFFABRRRQAVHH9+b/f8A/ZRUlRx/fm/3/wD2UUASUUUUAFFFFABRRRQAUUUUAFFFFAEc/wDx7y/7h/lUlRz/APHvL/uH+VSUAFFFFABRRRQAUUUUAFFFFABRRRQAUUUUAFFFFABRRRQAUUUUAFFFFABRRRQAUUUUAFFFFABRRRQAUUUUAFFFFABRRRQAUUUUAFFFFABRRRQAUUUUAFFFFABRRRQAUUUUAFYnjL/kRvEH/YNuf/RTVt1ieMv+RG8Qf9g25/8ARTUAbdFFFABRRRQAUUUUAFFFFABRRRQAUUUUARj/AI+H/wBxf5mpKjH/AB8P/uL/ADNSUAFFFFABRRRQAUUUUAFFFFABRRRQAUUUUAFFFFABRRRQAUUUUAFFFFABRRRQAUUUUAFFFFABRRRQAUUUUAFFFFABRRRQAUUUUAFFFFABRRRQAUUUUAFFFFABRRRQAUUUUAFFFFABRRRQAUUUUAFFFFABRRRQAUUUUAFFFFABRRRQAUUUUAFFFFABUcf35v8Af/8AZRUlRx/fm/3/AP2UUASUUUUAFFFFABRRRQAUUUUAFFFFAEc//HvL/uH+VSVHP/x7y/7h/lUlABRRRQAUUUUAFFFFABRRRQAUUUUAFFFFABRRRQAUUUUAFFFFABRRRQAUUUUAFFFFABRRRQAUUUUAFFFFABRRRQAUUUUAFFFFABRRRQAUUUUAFFFFABRRRQAUUUUAFFFFABWJ4y/5EbxB/wBg25/9FNW3WJ4y/wCRG8Qf9g25/wDRTUAbdFFFABRRRQAUUUUAFFFFABRRRQAUUUUARj/j4f8A3F/makqMf8fD/wC4v8zUlABRRRQAUUUUAFFFFABRRRQAUUUUAFFFFABRRRQAUUUUAFFFFABRRRQAUUUUAFFFFABRRRQAUUUUAFFFFABRRRQAUUUUAFFFFABRRRQAUUUUAFFFFABRRRQAUUUUAFFFFABRRRQAUUUUAFFFFABRRRQAUUUUAFFFFABRRRQAUUUUAFFFFABRRRQAVHH9+b/f/wDZRUlRx/fm/wB//wBlFAElFFFABRRRQAUUUUAFFFFABRRRQBHP/wAe8v8AuH+VSVHP/wAe8v8AuH+VSUAFFFFABRRRQAUUUUAFFFFABRRRQAUUUUAFFFFABRRRQAUUUUAFFFFABRRRQAUUUUAFFFFABRRRQAUUUUAFFFFABRRRQAUUUUAFFFFABRRRQAUUUUAFFFFABRRRQAUUUUAFYnjL/kRvEH/YNuf/AEU1bdYnjL/kRvEH/YNuf/RTUAbdFFFABRRRQAUUUUAFFFFABRRRQAUUUUARj/j4f/cX+ZqSox/x8P8A7i/zNSUAFFFFABRRRQAUUUUAFFFFABRRRQAUUUUAFFFFABRRRQAUUUUAFFFFABRRRQAUUUUAFFFFABRRRQAUUUUAFFFFABRRRQAUUUUAFFFFABRRRQAUUUUAFFFFABRRRQAUUUUAFFFFABRRRQAUUUUAFFFFABRRRQAUUUUAFFFFABRRRQAUUUUAFFFFABUcf35v9/8A9lFSVHH9+b/f/wDZRQBJRRRQAUUUUAFFFFABRWPrnivQfDUXmazq1pZ8bgkkg3sP9lB8x/AVj+MfGr6F8PG8WaRbQ30BjhmQTO0eY5SoVgNpJOXX5Tt4J5yMEA7Cuf1/xz4Y8L5Gsa1a20gxmHcXl5/2Fy2PfFeTfCn4v694n8enSdcMUkF9C32dYIAogkQF+uc7SoYHO45C9OazvE/wL1/XviJrV3YvBa6Tc3BuUubuUMXaQBnCqgzw7MBuA4HU9SAemfFLx1f+BNN067t9MjurO6uDBcTPJjyuMgBRySyh+eg289RXdwyxzwxzRMHjkUMrDoQeQawLnwrZ6j4PtdF8RBNZFrEmZp0IaSRBgSHLEhj3Oect2JFb0EENrbxW9vEkUMSBI40GFVQMAAdgBQBJRRRQAUUUUAFFFFABRRRQAUUUUAFFFFABRRRQAUUUUAFFFFABRRRQAUUUUAFFFFABRRRQAUUUUAFFFFABRRRQAUUUUAFFFFABRRRQAUUUUAFFFFABRRRQAUUUUAFFFFABWJ4y/wCRG8Qf9g25/wDRTVt1ieMv+RG8Qf8AYNuf/RTUAbdFFFABRRRQAUUUUAFFFFABRRRQAUUUUARj/j4f/cX+ZqSox/x8P/uL/M1JQAUUUUAFFFFABRRRQAUUUUAFFFFABRRRQAUUUUAFFFFABRRRQAUUUUAFFFFABRRRQAUUUUAFFFFABRRRQAUUUUAFFFFABRRRQAUUUUAFFFFABRRRQAUUUUAFFFFABRRRQAUUUUAFFFFABRRRQAUUUUAFFFFABRRRQAUUUUAFFFFABRRRQAUUUUAFRx/fm/3/AP2UVJUcf35v9/8A9lFAElFVb/UrHSrY3OoXtvaQDrJPIEX8zWV4c8aaD4sur6DRL37X9h8vzpFRgmX3YAJAz9w9OKAN+s/Vtd0nQrb7Rquo2tlFjIaeULn6A9fwr5y8SfHXxtFr8lnHaWWmGyuyktqq+czFGw0bvnkZBBKbc9jXoPxa+H918R7PQNV8PCDzwCrPOnlFoJFDKzE/MApH3NpOZDwMHIB3Fn4003XfCup654aL6sLJZQsMcbo0sqJvEYBXJJyuCAev4V4h4e+OviXV/iBpEd6LWDSZ7kW8trCoVdrnaHZ2DH5chuCAdpHANepfCr4eXvw+029gvNXF4bxkkMEasIoHUMCVJPJYFcnA+6PSuo0Pwl4f8NR7NG0i1syeromXPGOWOWP4mgDyf4p/B7WPF/juLVdEFnDBdWyi7mnnYYlT5QSuCeU2AbR/Cc46n0HwX4Hbw54Cbwrqt+NUtpFlRgIvKVY5B88YwckZZzuJz83bAA7CigDO0jQdI0C2+z6TptrZRHqIIgu76kcn8a0aKKAI5/8Aj3l/3D/KpKjn/wCPeX/cP8qkoAKKKKACiiigAooooAKKKKACiiigAooooAKKKKACiiigAooooAKKKKACiiigAooooAKKKKACiiigAooooAKKKKACiiigAooooAKKKKACiiigAooooAKxtM19b/XdW0iS2MFxp7IeXyJY3GVccexBHY1s1598QRfaPqVjrmkpuu72J9HZQcEtICYW/wCAuPyNAHVeHtdHiGyuLyK3MVslzJBA5bPnKh27xxwCQePalvfFGgaddvaXut6dbXEeN8U1yiMuRkZBORwQfxqxoulw6Jotlplv/qrWFYgcfewOT9Scn8aydUsPEM2pSyWKeHzbHGw3dtI8vQZ3EMAec49sUAaena9o+ryPHpuqWd48Y3OtvOshUepweKm1NdQewkXS5baK7ONj3MZdBzzkAg9M96z9DtNZtppTqa6OEKgJ9ggdGz77ieK26AOF+HiajFqfimLVbwXl4l+oeVV2qf3a4wOwAwMe1b/jL/kRvEH/AGDbn/0U1UPCtpc2/iLxXLPbyxRz36PE7oVEi+UoypPUZ9Kv+Mv+RG8Qf9g25/8ARTUAH/CV6d/z7ax/4Jrv/wCNVr+cvpJ/37b/AAqSigCPzl9JP+/bf4UecvpJ/wB+2/wqSigCPzl9JP8Av23+FHnL6Sf9+2/wqSigCPzl9JP+/bf4UecvpJ/37b/CpKKAI/OX0k/79t/hR5y+kn/ftv8ACpKKAI/OX0k/79t/hR5y+kn/AH7b/CpKKAK4mX7Q/En3F/5Zt6n2qTzl9JP+/bf4UD/j4f8A3F/makoAj85fST/v23+FHnL6Sf8Aftv8KkooAj85fST/AL9t/hR5y+kn/ftv8KkooAj85fST/v23+FHnL6Sf9+2/wqSigCPzl9JP+/bf4UecvpJ/37b/AAqSigCPzl9JP+/bf4UecvpJ/wB+2/wqSigCPzl9JP8Av23+FHnL6Sf9+2/wqSigCPzl9JP+/bf4UecvpJ/37b/CpKKAI/OX0k/79t/hR5y+kn/ftv8ACpKKAI/OX0k/79t/hR5y+kn/AH7b/CpKKAI/OX0k/wC/bf4UecvpJ/37b/CpKKAI/OX0k/79t/hR5y+kn/ftv8KkooAj85fST/v23+FHnL6Sf9+2/wAKkooAj85fST/v23+FHnL6Sf8Aftv8KkooAj85fST/AL9t/hR5y+kn/ftv8KkooAj85fST/v23+FHnL6Sf9+2/wqSigCPzl9JP+/bf4UecvpJ/37b/AAqSigCPzl9JP+/bf4UecvpJ/wB+2/wqSigCPzl9JP8Av23+FHnL6Sf9+2/wqSigCPzl9JP+/bf4UecvpJ/37b/CpKKAI/OX0k/79t/hR5y+kn/ftv8ACpKKAI/OX0k/79t/hR5y+kn/AH7b/CpKKAI/OX0k/wC/bf4UecvpJ/37b/CpKKAI/OX0k/79t/hR5y+kn/ftv8KkooAj85fST/v23+FHnL6Sf9+2/wAKkooAj85fST/v23+FHnL6Sf8Aftv8KkooAj85fST/AL9t/hR5y+kn/ftv8KkooAj85fST/v23+FHnL6Sf9+2/wqSigCPzl9JP+/bf4UecvpJ/37b/AAqSigCPzl9JP+/bf4UecvpJ/wB+2/wqSigCPzl9JP8Av23+FHnL6Sf9+2/wqSigCPzl9JP+/bf4UecvpJ/37b/CpKKAI/OX0k/79t/hR5y+kn/ftv8ACpKKAI/OX0k/79t/hR5y+kn/AH7b/CpKxdR8XeH9K1O20291a1jv7mVIYrYPulZnYKvyjJAJPU4HvQBrecvpJ/37b/CmyXcMMTSysUjUZZmUgAepOK8h+KvxkvPCOrro2gw2NxM1uJJLp5PM8pyzDZsHRgFzyf4hx68xaeNde+I/w3u9DvDYPOSyXNzMSXlbd5kZCJtEYB2jPzZ2Hg0Aex2vxG8I32tHSLTXbWa7ETSkIxKYXrh/uk4ycAk4BPavFvHnxy1+DXL/AE3w7cadFZpKPLvrYee0i4HILjb04PynBzgng1znhj4cahaajbX+pTW8YiYP5AUSlvVWyNo47jPtg17F4C8OaNqWt63qN/plrdXcMsUcUk8Ycovlg8A8A57jmgCn4h0+++KvwP0mSKO6bWP3E6iVFiEkykxSM3GNhBkcYx/D/u034VfCm/8AAmsSaxf6nDLPNbNbvbQW7soUsrZDnHOVH8PrXsFFAGHa+GvDtlq91q1to1tHf3T+ZLcC2+Zm9QccEnk4xk8nmtjzl9JP+/bf4VJRQBH5y+kn/ftv8KPOX0k/79t/hUlFAEfnL6Sf9+2/wo85fST/AL9t/hUlFAEfnL6Sf9+2/wAKPOX0k/79t/hUlFAFeeZTbyDD/dP8Den0qxUc/wDx7y/7h/lUlABRRRQAUUUUAFFFFABRRRQAUUUUAFFFFABRRRQAUUUUAFFFFABRRRQAUUUUAFFFFABRRRQAUUUUAFFFFABRRRQAUUUUAFFFFABRRRQAUUUUAFFFFABWNc+HILzxBb6tdXl5N9mbfBaO6+RG+3bvChclsZ6k4ycVs0UAFFFFABRRRQAVieMv+RG8Qf8AYNuf/RTVt1ieMv8AkRvEH/YNuf8A0U1AG3RRRQAUUUUAFFFFABRRRQAUUUUAFFFFAEY/4+H/ANxf5mpKjH/Hw/8AuL/M1JQAUUUUAFFFFABRRRQAUUUUAFFFFABRRRQAUUUUAFFFFABRRRQAUUUUAFFFFABRRRQAUUUUAFFFFABRRRQAUUUUAFFFFABRRRQAUUUUAFFFFABRRRQAUUUUAFFFFABRRRQAUUUUAFFFFABRRRQAUUUUAFFFFABRRRQAUVj+IvE2neGfDd3r14zy2drjf9nAdiS4TA5AzuOOvFeUaT+0NBqXicWj6HNHp8kZSAJIjTSTZXbksyoq43DHJJ249KAPZdQ1Ow0m1NzqN7b2cA6yXEqxr+ZNcn8SviCPh9o9vdjTTfS3MhijHnKio2Mgt1Yjr0BHGCRkZ+fvG+heJ/E3jK5uvKuZoZyZoVnujKlsrE/uwxCgYIPyqDgEcnqertvCUFx4bh0/WI45LpYkhkniZmbYjAqqs+SBgAYGB1wBQBo+EPjZrniSfUrG70nTZ5HAeBNzRpHFyrhuG39U44zk846eZ2vw01x9UlV5Ut4YpD5d0zAs+DwwVSSD35IxXqenaNpukptsLKG34wWRfmI926n8avUAZlx4e0a6hghl0y1MUDF4kEQCqT14HY9x0OB6VoQwxW8SxQxpFGowqIoUD6AU+igArqPhr/x8+IP+vmL/ANFLXL11Hw1/4+fEH/XzF/6KWgDvqKKKACiiigAooooAKKKKACiiigCOf/j3l/3D/KpKjn/495f9w/yqSgAooooAKKKKACiiigAooooAKKKKACiiigAooooAKKKKACiiigAooooAKKKKACiiigAooooAKKKKACiiigAooooAKKKKACiiigAooooAKKKKACiiigAooooAKKKKACiiigArE8Zf8iN4g/7Btz/6KatusTxl/wAiN4g/7Btz/wCimoA26KKKACiiigAooooAKKKKACiiigAooooAjH/Hw/8AuL/M1JUY/wCPh/8AcX+ZqSgAooooAKKKKACiiigAooooAKKKKACiiigAooooAKKKKACiiigAooooAKKKKACiiigAooooAKKKKACiiigAooooAKKKKACiiigAooooAKKKKACiiigAooooAKKKKACiiigAooooAKKKKACiiigAoormfEvxB8L+Evk1fVoY7jGRbR5klP8AwFckZ9TgUAdNQTgE+npXkfxL+Kv9neFre78G6pbXFxMUaV1t2lMMTrlXJPyo2So2uMnd04NedfD3xf401C51CK61jUza3ihzdvucqyn7sbNlU3BjnAz8oxigD0nU/wBoDwlZ6rBZWa3N5E06JNeBCkMSFsM44LNtHOAvPY1w3xj8Wa5rt7ZQ6FJrMOjzJ5RgEPlCeUEnOAd5yCBtcD7mQDzWba/C3TU1Gae6uZJrYyFordBsAU9Axzk46cY6fhXdxoIo1jUsQoCgsxY8epPJ+poA47wno+qz+F10fxGlwLCAt9ltftJVNrklsohHOSTliT83GMVe0bwLomjPFMlubi6jIImnO4hvUDoOenGR610tFABRRRQAUUUUAFFFFABXUfDX/j58Qf8AXzF/6KWuXrqPhr/x8+IP+vmL/wBFLQB31FFFABRRRQAUUUUAFFFFABRRRQBHP/x7y/7h/lUlRz/8e8v+4f5VJQAUUUUAFFFFABRRRQAUUUUAFFFFABRRRQAUUUUAFFFFABRRRQAUUUUAFFFFABRRRQAUUUUAFFFFABRRRQAUUUUAFFFFABRRRQAUUUUAFFFFABRRRQAUUUUAFFFFABRRRQAVieMv+RG8Qf8AYNuf/RTVt1ieMv8AkRvEH/YNuf8A0U1AG3RRRQAUUUUAFFFFABRRRQAUUUUAFFFFAEY/4+H/ANxf5mpKjH/Hw/8AuL/M1JQAUUUUAFFFFABRRRQAUUUUAFFFFABRRRQAUUUUAFFFFABRRRQAUUUUAFFFFABRRRQAUUUUAFFFFABRRRQAUUUUAFFFFABRRRQAUUUUAFFFFABRRRQAUUUUAFFFFABRRRQAUUUUAFFFeMeKf2hdL0i/ex0nR7u8mgmMc5us2wG04YAEFs8EfMowex6UAeyySxwxNLK6pGoyzMcAD1JrntQ8Z6VF4Q1PxDpd5ZalBYJIT5d0AjugyU3gHDHjHHOR2INeJfFvVdT8dWmm3OiWV+mnsdvlfaGP2kN8ySNCuUQDB+Ynd84BxgVT8DeELrRYpJtVSB5GYPBHneYD/EfQE4Xkf3RzQBLp37QPii88U25ez05bGUmAWuGVVLEbXZ+Tle/YjdwDgil4t8Fax4r8Wy6xdX9oGu1U3DpEUCMoCgKmTxtC9W7HPaur0zw9pGjc2FhDC3Pz43Pz23HJ/WtOgDJ0PQotG0JNKaZrqFQwPmouCGOSMemSeuevWtVVVECqoVVGAAMAClooAKKKKACiiigAooooAKKKKACiiigArqPhr/x8+IP+vmL/ANFLXL11Hw1/4+fEH/XzF/6KWgDvqKKKACiiigAooooAKKKKACiiigCOf/j3l/3D/KpKjn/495f9w/yqSgAooooAKKKKACiiigAooooAKKKKACiiigAooooAKKKKACiiigAooooAKKKKACiiigAooooAKKKKACiiigAooooAKKKKACiiigAooooAKKKKACiiigAooooAKKKKACiiigArE8Zf8iN4g/7Btz/6KatusTxl/wAiN4g/7Btz/wCimoA26KKKACiiigAooooAKKKKACiiigAooooAjH/Hw/8AuL/M1JUY/wCPh/8AcX+ZqSgAooooAKKKKACiiigAooooAKKKKACiiigAooooAKKKKACiiigAooooAKKKKACiiigAooooAKKKKACiiigAooooAKKKKACiiigAooooAKKKKACiiigAooooAKKKKACiqkWqWFzPdQW99ayz2mPtEaTKWhJzjeByucHr6GvnTUP2jNdl1+3uLDTbaHSoZMyWsh3SXCcghnx8pwcjA4IGdwyCAe7+JvGvh7whbebrWpRW7EZSEfNLJ/uoOT9enqa4bxf8WLO78BPf+DdWX+1GiE3km0aSSJASHD/wxMvJy2QdvAIYGvOvHHhjVvHGtwa28mlwzzIEn+zoyptH3WzyZGxxuOOAowAK3fDPhyLwzprWcVzLOHfzHLgAbsAcAdOAOpNAHGeBdb8bah4kmv21XVfs15GYry6L5BUAlQpYEAg8AqMqGOMZrop/h7ol1rM2oXP2mXzTuaJ5iQW7sW+8SepyeuSc5rqlVUQKqhVUYAAwAKWgCOCGO2t44IUCRRqERR0VQMAVJRRQAUUUUAFFFFABRRRQAUUUUAFFFFABRRRQAUUUUAFdR8Nf+PnxB/18xf8Aopa5euo+Gv8Ax8+IP+vmL/0UtAHfUUUUAFFFFABRRRQAUUUUAFFFFAEc/wDx7y/7h/lUlRz/APHvL/uH+VSUAFFFFABRRRQAUUUUAFFFFABRRRQAUUUUAFFFFABRRRQAUUUUAFFFFABRRRQAUUUUAFFFFABRRRQAUUUUAFFFFABRRRQAUUUUAFFFFABRRRQAUUUUAFFFFABRRRQAUUUUAFYnjL/kRvEH/YNuf/RTVt1ieMv+RG8Qf9g25/8ARTUAbdFFFABRRRQAUUUUAFFFFABRRRQAUUUUARj/AI+H/wBxf5mpKjH/AB8P/uL/ADNSUAFFFFABRRRQAUUUUAFFFFABRRRQAUUUUAFFFFABRRRQAUUUUAFFFFABRRRQAUUUUAFFFFABRRRQAUUUUAFFFFABRRRQAUUUUAFFFFABRRRQAUUUEgAknAHUmgAorn7rxfpP/CPapqunX9jeLY74sm6SOJ5wgZY/MPygncoznAz7V85j42+NNT8W2d5C6rBG5CadBCzxsGBXLKGDSEBsgFgMgHigD2/xr8XPDfgqeWxnea81SMDNnAvK5Xcu5jwAQR0yeelcN8QfiDP4u+HNvL4ZGp287iOe7e3DKoGCHhDfKz4Y8sq7cIeeawfEvgg+KdeTVdQ1OVp5ARdOIkUyYwF2gAAYHGTk4C/Wug0nSbXRNPSxsxIIUyQHcscnr16ZPOBgZJoA4HwH4T1S3lml1W3KadMoLWkspHmOp+VmjHBxlhhum412tn4X0aw1CW+t7CIXMjly7ZbaTydoP3efSteigAooooAKKKKACiiigAooooAKKKKACiiigAooooAKKKKACiiigAooooAK6j4a/wDHz4g/6+Yv/RS1y9dR8Nf+PnxB/wBfMX/opaAO+ooooAKKKKACiiigAooooAKKKKAI5/8Aj3l/3D/KpKjn/wCPeX/cP8qkoAKKKKACiiigAooooAKKKKACiiigAooooAKKKKACiiigAooooAKKKKACiiigAooooAKKKKACiiigAooooAKKKKACiiigAooooAKKKKACiiigAooooAKKKKACiiigAooooAKxPGX/ACI3iD/sG3P/AKKatusTxl/yI3iD/sG3P/opqANuiiigAooooAKKKKACiiigAooooAKKKKAIx/x8P/uL/M1JUY/4+H/3F/makoAKKKKACiiigAooooAKKKKACiiigAooooAKKKKACiiigAooooAKKKKACiiigAooooAKKKKACiiigAooooAKKKKACiiigAooooAKKKbJIkUbSSOqIgLMzHAAHUk0AOorltb8caZaeDtS17Sb/Tb77IHRAboBHlX/AJZ5GcseML/FleQDmvnvTPjB481bxlBcx33ySZia0hti8EUbEZbyxySv3gxJPGM4JBAPW/G/xw0HwtPcadp8T6nqkLNHIi/JFE4JBDMepBHQA/UVxfxQ8TXPxE8L2c3hy11SOxjO91aYKLncQCvkpu3FGH3mIAw2AcgijrPgOHX/ABAdW1LU7q4kkQfaCwUPM44BLDgDaFXAUcCulsLC20uyis7OIRW8QwqAk47nr70AcR4E8F32j3b3+qJbjdHiOAgO6Nnhs9AcZ6HvXa2ml2NjNPNbWsccs7tJLIB8zknJyevXt0q3RQAUUUUAFFFFABRRRQAUUUUAFFFFABRRRQAUUUUAFFFFABRRRQAUUUUAFFFFABRRRQAV1Hw1/wCPnxB/18xf+ilrl66j4a/8fPiD/r5i/wDRS0Ad9RRRQAUUUUAFFFFABRRRQAUUUUARz/8AHvL/ALh/lUlRz/8AHvL/ALh/lUlABRRRQAUUUUAFFFFABRRRQAUUUUAFFFFABRRRQAUUUUAFFFFABRRRQAUUUUAFFFFABRRRQAUUUUAFFFFABRRRQAUUUUAFFFFABRRRQAUUUUAFFFFABRRRQAUUUUAFFFFABWJ4y/5EbxB/2Dbn/wBFNW3WJ4y/5EbxB/2Dbn/0U1AG3RRRQAUUUUAFFFFABRRRQAUUUUAFFFFAEY/4+H/3F/makqMf8fD/AO4v8zUlABRRRQAUUUUAFFFFABRRRQAUUUUAFFFFABRRRQAUUUUAFFFFABRRRQAUUUUAFFFFABRRRQAUUUUAFFFFABRRRQAUUUUAFFYuteJLTTPDmr6vbS214NMjdpY1uABvRdxjLAHa2CMAjuPWvnaz+OXjLUvGNtOrwx2jkw/YYrcyRgNwHIHzsVOG4IztwMAmgD1rxr8avDnhKaayt92q6nExR7eBtqRsDgh5MEAjkYAJB6gVwXxP8Tz/ABF8LWk3hy21VLKI7pFaQKLncQCvlJu3FGA+YkAfPgHqM7xB4FPiXxK2sajqs0kkyr9pIjVWkYAAYxwo2gDGD93uTmun03TrXSbCOysozHBHnapYtjJyeT7k0Acj4E8J3+iCS41MW+XGYosb3hbuQ3Rcjg4znC88V11lp1lpsbJZWkNurtuYRIFyffFWqKACiiigAooooAKKKKACiiigAooooAKKKKACiiigAooooAKKKKACiiigAooooAKKKKACiiigAooooAK6j4a/8fPiD/r5i/8ARS1y9dR8Nf8Aj58Qf9fMX/opaAO+ooooAKKKKACiiigAooooAKKKKAI5/wDj3l/3D/KpKjn/AOPeX/cP8qkoAKKKKACiiigAooooAKKKKACiiigAooooAKKKKACiiigAooooAKKKKACiiigAooooAKKKKACiiigAooooAKKKKACiiigAooooAKKKKACiiigAooooAKKKKACiiigAooooAKxPGX/IjeIP+wbc/wDopq26xPGX/IjeIP8AsG3P/opqANuiiigAooooAKKKKACiiigAooooAKKKKAIx/wAfD/7i/wAzUlRj/j4f/cX+ZqSgAooooAKKKKACiiigAooooAKKKKACiiigAooooAKKKKACiiigAooooAKKKKACiiigAooooAKKKKACiiigAoqrqWoQaTpV5qV0WFvaQPPKVGSERSxwO/ArwiT9oy4uPE8Edlo8CaQcxkXUu2VmI+Vi4O2NQ2M8Nxn2wAep+MPiT4a8FRMNRvRJeYyllb4eVvqOij3Yj8a8z+LnjqfXvD1s3g3VNQNkp/0yS3hMSSq+0IA7YckHgqoI+Y7sYxXJeJ/Auo+JfFs2rvLYWqXp825W3jKqj9DtX+IkYJYkZbcTjOK7LRtKh0TSYNOt3d4oQcNIQSckk9PcmgDi/AHhzVbSNzq9viwz50FtO7EpNwN4jztBIGMkbuFxXaadoum6SZTYWUMDSsWdkXBOTnGfT0HQVfooAKKKKACiiigAooooAKKKKACiiigAooooAKKKKACiiigAooooAKKKKACiiigAooooAKKKKACiiigAooooAKKKKACuo+Gv/Hz4g/6+Yv8A0UtcvXUfDX/j58Qf9fMX/opaAO+ooooAKKKKACiiigAooooAKKKKAI5/+PeX/cP8qkqOf/j3l/3D/KpKACiiigAooooAKKKKACiiigAooooAKKKKACiiigAooooAKKKKACiiigAooooAKKKKACiiigAooooAKKKKACiiigAooooAKKKKACiiigAooooAKKKKACiiigAooooAKKKKACsTxl/yI3iD/sG3P/opq26xPGX/ACI3iD/sG3P/AKKagDbooooAKKKKACiiigAooooAKKKKACiiigCMf8fD/wC4v8zUlRj/AI+H/wBxf5mpKACiiigAooooAKKKKACiiigAooooAKKKKACiiigAooooAKKKKACiiigAooooAKKKKACiiigAooJABJOAOpNeca38bvB+ja9baWLl7wPIEuLm2AaK3B7ls/Ng4ztzgZ7jBAO91LU7HR7CW+1G7htbWIZeWZwqj8+/t3rzj4ufEK+8NeGrWbw1eadJNdgMZRIJJI4mHyyooypUnjceOVwDnI8s+Kses+M/E1te6bbao2nzKVhtrpuIWXALbekasCDhjuyGzjgDd8K+Gzonh9tPvTBcNKW8wLEApUj7pOMuOvJ9cdBQBzvgbXvFutPeW2oahqkmkXUjXE8qvsMkuFXBk4cptAG1TjgcYzXRaf4J0PTtQlvY7QSTPIZF83BWLJzhFwAAO3cY610CqqIFVQqqMAAYAFLQAUUUUAFFFFABRRRQAUUUUAFFFFABRRRQAUUUUAFFFFABRRRQAUUUUAFFFFABRRRQAUUUUAFFFFABRRRQAUUUUAFFFFABRRRQAV1Hw1/4+fEH/XzF/wCilrl66j4a/wDHz4g/6+Yv/RS0Ad9RRRQAUUUUAFFFFABRRRQAUUUUARz/APHvL/uH+VSVHP8A8e8v+4f5VJQAUUUUAFFFFABRRRQAUUUUAFFFFABRRRQAUUUUAFFFFABRRRQAUUUUAFFFFABRRRQAUUUUAFFFFABRRRQAUUUUAFFFFABRRRQAUUUUAFFFFABRRRQAUUUUAFFFFABRRRQAVieMv+RG8Qf9g25/9FNW3WJ4y/5EbxB/2Dbn/wBFNQBt0UUUAFFFFABRRRQAUUUUAFFFFABRRRQBGP8Aj4f/AHF/makqMf8AHw/+4v8AM1JQAUUUUAFFFFABRRRQAUUUUAFFFFABRRRQAUUUUAFFFFABRRRQAUUUUAFFFFABRRUNzeW1msbXVxFCskixIZHC7nY4VRnqSeAKAJqwvGHiqz8GeHJ9ZvoLiaGIhQkEZYljwMnoozxuPHIHUgHzT42fEnXPC9zBo2hvBB50Iea8R1eWNiT8mz+DIAO4jnJx901x/hTUNc8XeFv7P8TTX1zpkQ2wiaZsXOWZizn7zleACTtAC4AIzQBq6F8e9a1rXLmy+wafbC6CpZebIxW3Izu3YGZWbIwMoPlA6nnlbT4Uwrqkr3l7vsQcxRxAq7D0YnOMdOM59q63QfC2l+HosWcO6YjDzycu349h7CtqgBsaCKNY1LEKAoLMWPHqTyfqadRRQAUUUUAFFFFABRRRQAUUUUAFFFFABRRRQAUUUUAFFFFABRRRQAUUUUAFFFFABRRRQAUUUUAFFFFABRRRQAUUUUAFFFFABRRRQAUUUUAFdR8Nf+PnxB/18xf+ilrl66j4a/8AHz4g/wCvmL/0UtAHfUUUUAFFFFABRRRQAUUUUAFFFFAEc/8Ax7y/7h/lUlRz/wDHvL/uH+VSUAFFFFABRRRQAUVgaub258R6bp1tqlzYQyWlzPI1ukTM7I8CqP3iNgYkbpipP7D1H/oa9Y/79Wn/AMYoA26KxP7D1H/oa9Y/79Wn/wAYo/sPUf8Aoa9Y/wC/Vp/8YoA26KxP7D1H/oa9Y/79Wn/xij+w9R/6GvWP+/Vp/wDGKANuisT+w9R/6GvWP+/Vp/8AGKP7D1H/AKGvWP8Av1af/GKANuisT+w9R/6GvWP+/Vp/8Yo/sPUf+hr1j/v1af8AxigDborE/sPUf+hr1j/v1af/ABij+w9R/wChr1j/AL9Wn/xigDborE/sPUf+hr1j/v1af/GKP7D1H/oa9Y/79Wn/AMYoA26KxP7D1H/oa9Y/79Wn/wAYo/sPUf8Aoa9Y/wC/Vp/8YoA26KxP7D1H/oa9Y/79Wn/xij+w9R/6GvWP+/Vp/wDGKANuisvwzeT6h4U0e9un8y4uLGGWV8AbnZAScDgcntWpQAUUUUAFFFFABRRRQAUUUUAFFFFABRRRQAUUUUAFFFFABRRRQAUUUUAFFFFABRRRQAVieMv+RG8Qf9g25/8ARTVt1ieMv+RG8Qf9g25/9FNQBt0UUUAFFFFABRRRQAUUUUAFFFFABRRRQBGP+Ph/9xf5mpKjH/Hw/wDuL/M1JQAUUUUAFFFFABRRRQAUUUUAFFFFABRRRQAUUUUAFFFFABRRRQAUUUUAFFY/iTxTo3hLTDf6zepbQ9EU8vI391VHJP8Ak4ry5fjFZeOtF1jRLHRrqK6njkhQyXCKogYbfNJ5IYZ+6FYZ288nAB3F18UvB1n4iGiTa1CLra5d1y0aMv8AAXHG884HqMdSAfnbx+PEni3x1PCs2oX9qSZbFbiMRCKFicZQHCcgjJwzbQSATgO8OfDbUYdVW61G4W2W1mDRGEh2kKnIYZ4A4B5GfYV6lQBj6foif2NBa6vDa3dyG82aQoW8yXP+sJbkse5PXJ7HFbAGBgdKKKACiiigAooooAKKKKACiiigAooooAKKKKACiiigAooooAKKKKACiiigAooooAKKKKACiiigAooooAKKKKACiiigAooooAKKKKACiiigAooooAKKKKACuo+Gv/Hz4g/6+Yv/AEUtcvXUfDX/AI+fEH/XzF/6KWgDvqKKKACiiigAooooAKKKKACiiigCOf8A495f9w/yqSo5/wDj3l/3D/KpKACiiigAooooAxLr/kedK/7Bt7/6Ntah8SeL7bw1dWVtLp99ezXaSyItoIvlWMoGJLuveReme9TXX/I86V/2Db3/ANG2tcp8Rf8AkaNA/wCvK9/9DtqALv8Aws2D/oWtc/O1/wDj9H/CzYP+ha1z87X/AOP1yVFAHW/8LNg/6FrXPztf/j9H/CzYP+ha1z87X/4/XJUUAdb/AMLNg/6FrXPztf8A4/R/ws2D/oWtc/O1/wDj9clRQB1v/CzYP+ha1z87X/4/Wx4b8X23iW6vbaLT76ymtEikdbsRfMshcKQUdu8bdcdq86roPh1/yNGv/wDXlZf+h3NAGjfeJ/Ek/jPUdB0LTNMmWxghmkkvLp4i3mZwBtRv7pq9oHiu4v8AW7jQdZ0w6ZrEMIuFiWYTRTwk7d8b4GcHgggEZHWsbTr60svjB4pN3dQW4awstplkCZ+/0zSWt9beI/i5HfaVMlxY6RpkkNzdxNmMyyOpEYYcEgKScdKAPQaKpx6tps0ixxahaPIxwqrMpJPsM1coAKKKKACiiigDE8G/8iN4f/7Btt/6KWtusTwb/wAiN4f/AOwbbf8Aopa26ACiiigAooooAKKKKACiiigAooooAKKKKACiiigAooooAKKKKACiiigAooooAKKKKACsTxl/yI3iD/sG3P8A6KatusTxl/yI3iD/ALBtz/6KagDbooooAKKKKACiiigAooooAKKKKACiiigCMf8AHw/+4v8AM1JUY/4+H/3F/makoAKKKKACiiigAooooAKKKKACiiigAooooAKKKKACiiigAoooyM4zz6UAFeU/FP4v/wDCE3J0bTbB5dWeMP5twjLDGp6Mv/PTuOOAQRnIIrzT4g/F/wAW3Hi6fTtLuTpkGnXjRRpaNvM7o5AZmI+ZTj7uNpBwQa2L7RV8bW1nqXiT7eb/AP1jpLLjZnrGFHyqnsAD6nOaAILvxDqHxd8GRWd80Vv9h2/dILz3ax481yFwqHcfkVe554FS+GvBWneHQs4BuL7bgzuOmeu0dv5+9b9raW9jbJbWsKQwoMKiDAFTUAFFFFABRRRQAUUUUAFFFFABRRRQAUUUUAFFFFABRRRQAUUUUAFFFFABRRRQAUUUUAFFFFABRRRQAUUUUAFFFFABRRRQAUUUUAFFFFABRRRQAUUUUAFFFFABRRRQAV1Hw1/4+fEH/XzF/wCilrl66j4a/wDHz4g/6+Yv/RS0Ad9RRRQAUUUUAFFFFABRRRQAUUUUARz/APHvL/uH+VSVHP8A8e8v+4f5VJQAUUUUAFFFFAGJdf8AI86V/wBg29/9G2tcb8T720sPEfh+W8uobeM2l6oeaQICd9txk9+DXZXX/I86V/2Db3/0ba1t0AeDf8JHoX/Qa07/AMCk/wAaP+Ej0L/oNad/4FJ/jXvNFAHg3/CR6F/0GtO/8Ck/xo/4SPQv+g1p3/gUn+Ne80UAeDf8JHoX/Qa07/wKT/Gj/hI9C/6DWnf+BSf417zRQB4N/wAJHoX/AEGtO/8AApP8a6z4YXtpf+I/EEtndQ3EYtLJS8MgcA77njI78ivTaKAMm/8AC/h7Vbs3eo6Fpl5ckAGa4tI5HwOg3MCav21la2dsLa1toYLcZAiijCqM+w4qeigDhdN0TR9S8dXM1rpNjb2egssSNBbohku2UMxJA6IjKAPVyeoFd1VSw0yz0z7V9jh8v7VcNczfMW3yNjLck46DgccVboAKKKKACiiigDE8G/8AIjeH/wDsG23/AKKWtusTwb/yI3h//sG23/opa26ACiiigAooooAKKKKACiiigAooooAKKKKACiiigAooooAKKKKACiiigAooooAKKKKACsTxl/yI3iD/ALBtz/6KatusTxl/yI3iD/sG3P8A6KagDbooooAKKKKACiiigAooooAKKKKACiiigCMf8fD/AO4v8zUlRj/j4f8A3F/makoAKKKKACiiigAooooAKKKKACiiigAooooAKKKKACis7XNe0vw3pkmo6vexWlqnVnPLH0UdWPsOa8l+I/jeDxj4CSPwbqd+9xMPMuILaHB8oZDRyscFWyOFUktjoVbdQB6B4g8aafbeEtZ1LSNUsZbmz8yCHJ8xXuggYRAAjcxyowDwT7EV8y6Nf+MvEHjKTUZri+nuSDb3ryTPAvlZ+aJimNo/2QOvODWt8OvCupafe/2veRpBG8RRIpFzIQcHd/s9O/PXjnNekAAEkAc8n3oApppGnR30d6lnEtxFEIY2C/cQEnCjoOp6VdoooAKKKKACiiigAooooAKKKKACiiigAooooAKKKKACiiigAooooAKKKKACiiigAooooAKKKKACiiigAooooAKKKKACiiigAooooAKKKKACiiigAooooAKKKKACiiigAooooAK6j4a/8fPiD/r5i/8ARS1y9dR8Nf8Aj58Qf9fMX/opaAO+ooooAKKKKACiiigAooooAKKKKAI5/wDj3l/3D/KpKjn/AOPeX/cP8qkoAKKKKACiiigDEuv+R50r/sG3v/o21rTu9QstPRXvbu3tkY4VppAgJ9Bk1mXX/I86V/2Db3/0ba1xfxo8Fa1410jS7bRYY5ZLedpJPMlCAArgdaAO7/4SXQf+g3pv/gUn+NH/AAkug/8AQb03/wACk/xr5g/4UL48/wCfG0/8C0o/4UL48/58bT/wLSgD6ntNX0y/lMVnqNpcyBdxSGdXIHrgHpyPzq5Xh/wb+GfiXwZ4vu9R1m2gjtpLB4FMc6ud5kjYcD2U17hQAVVvNSsNO2fbb22tvMzs8+VU3Y64yeeo/OrVeS/GzwFr3jf+wv7Egil+x/aPO8yUJjf5e3Gev3TQB6N/wkug/wDQb03/AMCk/wAat2eo2WoKzWV5b3KocMYZVcKffBr5V/4UL48/58bT/wAC0r2X4L+Cta8FaPqlvrUMUUlxcK8YjlD5AXHagD06ivNtW1iTwJ4k8SMSzwanZf2hYRk5Bu1xE8Y92LRH8TTGuJvBmm6XoreMtO02aKzV547zT3uXklZmLybxIvBbPGO3WgD0ieeK2t5LieRY4YkLu7HAVQMkn8K5Cy+I9ldy6fJNo+rWem6jKsNlqNxEgilZvucBiyhv4SwGc1iX2sXGteBPFsSeJrDWXXS5sR2dg1uUyjZyS7bsjjHFO8YT29x8H9GFqylrl9NS02n7z+ZGQF98A/lQB6ZRRRQAUUUUAYng3/kRvD//AGDbb/0UtbdYng3/AJEbw/8A9g22/wDRS1t0AFFFFABRRRQAUUUUAFFFFABRRRQAUUUUAFFFFABRRRQAUUUUAFFFFABRRRQAUUUUAFYnjL/kRvEH/YNuf/RTVt1ieMv+RG8Qf9g25/8ARTUAbdFFFABRRRQAUUUUAFFFFABRRRQAUUUUARj/AI+H/wBxf5mpKjH/AB8P/uL/ADNSUAFFFFABRRRQAUUUUAFFFFABRRRQAUUU2SRIo2kkdURAWZmOAAOpJoAdXEeNfir4b8DypbXssl1fMy7rS1AZ0U9WbJAHHQE5PHbkctrX7Qnh7TPEIsbOzn1GwQMs15CwHzjpsB++ueCcjrkZxz5x4g8AXPiDxTNq5e3so7+Z7i6hiLOIWJBIVmOWLEsScAA5wAMCgDT+K0E/xC1K01bw/HdyWaosSefNtSUHJ81I2wUHQE9W4O0Yy1zwf4Ybwxp0kMl208szB5ACfLUgY+UfzPfA9K1tL0y20fTobG0VlgiGFDMSeeSfxOT+NXKACiiigAooooAKKKKACiiigAooooAKKKKACiiigAooooAKKKKACiiigAooooAKKKKACiiigAooooAKKKKACiiigAooooAKKKKACiiigAooooAKKKKACiiigAooooAKKKKACiiigAooooAK6j4a/wDHz4g/6+Yv/RS1y9dR8Nf+PnxB/wBfMX/opaAO+ooooAKKKKACiiigAooooAKKKKAI5/8Aj3l/3D/KpKjn/wCPeX/cP8qkoAKKKKACiiigDEuv+R50r/sG3v8A6Nta26xLr/kedK/7Bt7/AOjbWtO71Cy09Fe9u7e2RjhWmkCAn0GTQBYoqC0vrS/iMtndQXMYbaXhkDgH0yO/I/OqsXiDRZpUii1ewkkdgqIlyhLE9ABnk0AaNFVbzUrDTtn229trbzM7PPlVN2OuMnnqPzp9pfWl/EZbO6guYw20vDIHAPpkd+R+dAE9FZ0XiDRZpUii1ewkkdgqIlyhLE9ABnk1PealYads+23ttbeZnZ58qpux1xk89R+dAFqioLS+tL+Iy2d1BcxhtpeGQOAfTI78j86bZ6jZagrNZXlvcqhwxhlVwp98GgDl9c0S+8SeMtIF3pkUekaPcfbUu3lVmuJNmFVVHKgMcnPXYK7GoobmC4MognjlMTmOQI4bYw6qcdDyOKLe5gu4RNbzRzREkB42DDIOCMj0IIoAkZQylWAIIwQe9czp/wAPPC+malDfWmmFZYHMkCNPI8ULHqUjZiqn6DjtitvV71tN0W/v1QO1tbyTBCcBiqk4/SqOmeJLK58P2Gp311a2bXNjFeSJJMqiNXUHOTjjJxmgDaorE1rxLZ6Z4Zm1m1kivVICWqwSBhcSsdqIpHXLECtCyu1ni8qS4tpLyFVF0kD5EbkZIxnIHXGe1AFuiuffxKieJdNslaCbTtThk+y3UL7gZ4+WQkHHK5I90augoAxPBv8AyI3h/wD7Btt/6KWtusTwb/yI3h//ALBtt/6KWtugAooooAKKKKACiiigAooooAKKKKACiiigAooooAKKKKACiiigAooooAKKKKACiiigArE8Zf8AIjeIP+wbc/8Aopq26xPGX/IjeIP+wbc/+imoA26KKKACiiigAooooAKKKKACiiigAooooAjH/Hw/+4v8zUlRj/j4f/cX+ZqSgAooooAKKKKACiiigAooooAKKK5H4hePbXwBoSX09ncXU07GO3jRSEL4zh3xheOcdTg4BwcAG7r2u2HhrRbnV9TlMVnbqC7BSx5IAAA7kkD8a8Rsv2gr7VdfuLG30yC3gu2SGwkmYsYTkgtIqj5y2RwCACByRk1Q0X4qa549s5/DuqCOBJRI081pCR50J48knnYOSN3UjAyDy03h3wZpnhyR5oQ09ySds0oG5VPQDsOOp7/pQBkad8MNLs9UNxPPJd2ygGOCUAfNjncR94Z5AwPfPfuFVUQKqhVUYAAwAKWigAooooAKKKKACiiigAooooAKKKKACiiigAooooAKKKKACiiigAooooAKKKKACiiigAooooAKKKKACiiigAooooAKKKKACiiigAooooAKKKKACiiigAooooAKKKKACiiigAooooAKKKKACiiigArqPhr/AMfPiD/r5i/9FLXL11Hw1/4+fEH/AF8xf+iloA76iiigAooooAKKKKACiiigAooooAjn/wCPeX/cP8qkqOf/AI95f9w/yqSgAooooAKKKKAMS6/5HnSv+wbe/wDo21ri/jR4K1rxrpGl22iwxyyW87SSeZKEABXA612l1/yPOlf9g29/9G2tbdAHnnwb8I6t4M8IXenazFHHcyX7zqI5A42GONRyPdTXkvhb4K+NNK8X6LqN1Z2y21pfwTylblSQiyKxwO/ANfTtFAHkvxs8Ba943/sL+xIIpfsf2jzvMlCY3+Xtxnr901r/AAb8I6t4M8IXenazFHHcyX7zqI5A42GONRyPdTXodFAHzF4W+CvjTSvF+i6jdWdsttaX8E8pW5UkIsiscDvwDXofxs8Ba943/sL+xIIpfsf2jzvMlCY3+Xtxnr90161RQB558G/COreDPCF3p2sxRx3Ml+86iOQONhjjUcj3U1U+C/grWvBWj6pb61DFFJcXCvGI5Q+QFx2r06igDzDxRqE/gjxNrE9mpP8AwkdkPsaj/oIIREoA/wBoOh99hqxdaX/wjVlpmj2t94uijtLJIz/Y9nHLC7ZO5yWiY7yckjPccV0GoaBqOs+LtPvL+Sz/ALG0yQ3NrCgYyyTlNoZyeAFyxGOvGeldPQB55DLLJ4X8S+Zd+J58adLga1apEo+RvubY1yfXrWP4Z0qx1Txh4XF/bRXKQeDbaRI5VDKH3gbsHgkAnH1r1iWKOeF4Zo0kikUq6OMqwPBBB6ioINNsLaaOaCytopYoBbxvHEqskQ5EYIHCj+70oA8dkhi0/U5LG2iWHT4vHlr+6jGFj3QqwwOgHmbeKu/ElJZPE9wfDq3bXSWA/wCEiFmwBaz3DC8/8ttu/b3259q9D17wxZ6xomoWUEcVncXTCcXMUYDC4XBSU46kFV/AYq/p1jFaRNKbW0hvLgK929vGFEsuACxOAW9iecUAcP4lbTp9K8APoJjFmdatDZ+TwvkiOTcPpszn3616LXOr4Wt08Q6ddQwWttpumxSNa2lvGEAuJDhpCAAOFyB7ux9K6KgDE8G/8iN4f/7Btt/6KWtusTwb/wAiN4f/AOwbbf8Aopa26ACiiigAooooAKKKKACiiigAooooAKKKKACiiigAooooAKKKKACiiigAooooAKKKKACsTxl/yI3iD/sG3P8A6KatusTxl/yI3iD/ALBtz/6KagDbooooAKKKKACiiigAooooAKKKKACiiigCMf8AHw/+4v8AM1JUY/4+H/3F/makoAKKKKACiiigAooooAKKK+fPjT8UPEOna1J4a0uO60iOIB3ug22W4B6GNlPCe4Ocgg4wRQB1vxj+JuoeCYINN0qzkW9vYmZL6VMxxgHB2dmceh6ZUkHIrz3Q9Z1b4jeFWsPE13eT29sPKjZf3aynqHZh/rHXGORjgEgkk1bt7WTx1o1tqHiuK5nvmKtumYJwvTYq4Cow6jAyST6GujhhitoEggjWOKNQqIowFA7CgCnpGi2Oh2S2thCI0GNzHlnPqx7mtCiigAooooAKKKKACiiigAooooAKKKKACiiigAooooAKKKKACiiigAooooAKKKKACiiigAooooAKKKKACiiigAooooAKKKKACiiigAooooAKKKKACiiigAooooAKKKKACiiigAooooAKKKKACiiigAooooAK6j4a/wDHz4g/6+Yv/RS1y9dR8Nf+PnxB/wBfMX/opaAO+ooooAKKKKACiiigAooooAKKKKAI5/8Aj3l/3D/KpKjn/wCPeX/cP8qkoAKKKKACiiigDO1LQ7LVZ4J7n7Ss0CukclvdywMFYqWGY2XIJReD6VV/4RTTv+fnWP8Awc3f/wAdrbooAxP+EU07/n51j/wc3f8A8do/4RTTv+fnWP8Awc3f/wAdrbooAxP+EU07/n51j/wc3f8A8do/4RTTv+fnWP8Awc3f/wAdrbooAxP+EU07/n51j/wc3f8A8do/4RTTv+fnWP8Awc3f/wAdrbooAxP+EU07/n51j/wc3f8A8do/4RTTv+fnWP8Awc3f/wAdrbooAxP+EU07/n51j/wc3f8A8do/4RTTv+fnWP8Awc3f/wAdrbooAxP+EU07/n51j/wc3f8A8do/4RTTv+fnWP8Awc3f/wAdrbooAxP+EU07/n51j/wc3f8A8do/4RTTv+fnWP8Awc3f/wAdrbooAxP+EU07/n51j/wc3f8A8do/4RTTv+fnWP8Awc3f/wAdrbooAgsrODT7G3srVPLt7eJYokyTtRRgDJ5PA71PRRQAUUUUAFFFFABRRRQAUUUUAFFFFABRRRQAUUUUAFFFFABRRRQAUUUUAFFFFABRRRQAVieMv+RG8Qf9g25/9FNW3WJ4y/5EbxB/2Dbn/wBFNQBt0UUUAFFFFABRRRQAUUUUAFFFFABRRRQBGP8Aj4f/AHF/makqMf8AHw/+4v8AM1JQAUUUUAFFFFABRUF9NNbafcz21v8AaZ44meOAOE81gCQu48DJ4yeBmvkiX4ieMfFfjdL+2ubpHdWhWzs5mjRIG4dc9sjkueQQCMbVwAa3j34p+MNT8bC0sftOkNpt4Ugs4WDOZVO3L4yHJ5G3lcHHIJJ6uLSLXUIbW91Ox33+4XEjXLCWQSlQDubv0Ht8owBgAW49KsIbiG4js4FmhQxxyBBuVTyRn8T+Z9TVygAooooAKKKKACiiigAooooAKKKKACiiigAooooAKKKKACiiigAooooAKKKKACiiigAooooAKKKKACiiigAooooAKKKKACiiigAooooAKKKKACiiigAooooAKKKKACiiigAooooAKKKKACiiigAooooAKKKKACiiigArqPhr/wAfPiD/AK+Yv/RS1y9dR8Nf+PnxB/18xf8AopaAO+ooooAKKKKACiiigAooooAKKKKAI5/+PeX/AHD/ACqSo5/+PeX/AHD/ACqSgAooooAKKKKACiiigAooooAKKKKACiiigAooooAKKKKACiiigAooooAKKKKACiiigAooooAKKKKACiiigAooooAKKKKACiiigAooooAKKKKACiiigAooooAKKKKACiiigArE8Zf8iN4g/wCwbc/+imrbrE8Zf8iN4g/7Btz/AOimoA26KKKACiiigAooooAKKKKACiiigAooooAjH/Hw/wDuL/M1JUY/4+H/ANxf5mpKACiiigArE8X6zd+HvCWp6vY2aXdxaQGVYnkCA46kk9QBk4HJxgckVkfFDxTqXg/wRdatpdrHNOrrFvkcAQhjgPtP3+cDA7kE8A189eBL/wARa5rNxJfXFxeaZLMbm7+0SMUafbhXAzgvwO2AAO4XABW0DxD4s8V+Lbme4u7i6gvdialGzlYWgB4UqCBgZOB7nOQWz6nHZ20NxLcRW8STShRJIqAMwHAye+BToba3tjIYIIojI5eQogXex6k46n3qWgAooooAKKKKACiiigAooooAKKKKACiiigAooooAKKKKACiiigAooooAKKKKACiiigAooooAKKKKACiiigAooooAKKKKACiiigAooooAKKKKACiiigAooooAKKKKACiiigAooooAKKKKACiiigAooooAKKKKACiiigAooooAK6j4a/8AHz4g/wCvmL/0UtcvXUfDX/j58Qf9fMX/AKKWgDvqKKKACiiigAooooAKKKKACiiigCOf/j3l/wBw/wAqkqOf/j3l/wBw/wAqkoAKKKKACiiigAooooAKKKKACiiigAooooAKKKKACiiigAooooAKKKKACiiigAooooAKKKKACiiigAooooAKKKKACiiigAooooAKKKKACiiigAooooAKKKKACiiigAooooAKxPGX/IjeIP8AsG3P/opq26xPGX/IjeIP+wbc/wDopqANuiiigAooooAKKKKACiiigAooooAKKKKAIx/x8P8A7i/zNSVGP+Ph/wDcX+ZqSgArzj4y+MtZ8HeFYZtHtxvu5DA94SD9m4yML1LHnB6DHPJFZXxy8da54U0u1sNJt5LcagGDakCDsx1jQdQxBB3HseMnJXzvwDLrGsaYH1wNd2MMBtrOS6cuRGSdyBTkFTwM/wCyF5AAUAp/Dq51/URnUHmutKieSWB7mVm2TMcsyA9SSTk+pOCCWB9Bt7a3s4RDbQRQRL0SJAqj8BSwwxW0CQQRrHFGoVEUYCgdhUlABRRRQAUUUUAFFFFABRRRQAUUUUAFFFFABRRRQAUUUUAFFFFABRRRQAUUUUAFFFFABRRRQAUUUUAFFFFABRRRQAUUUUAFFFFABRRRQAUUUUAFFFFABRRRQAUUUUAFFFFABRRRQAUUUUAFFFFABRRRQAUUUUAFFFFABRRRQAUUUUAFdR8Nf+PnxB/18xf+ilrl66j4a/8AHz4g/wCvmL/0UtAHfUUUUAFFFFABRRRQAUUUUAFFFFAEc/8Ax7y/7h/lUlRz/wDHvL/uH+VSUAFFFFABRRRQAUUUUAFFFFABRRRQAUUUUAFFFFABRRRQAUUUUAFFFFABRRRQAUUUUAFFFFABRRRQAUUUUAFFFFABRRRQAUUUUAFFFFABRRRQAUUUUAFFFU7PVLK/ubu3tpxJNZyeVcJggo2MgHI9O/SgC5RVSx1Oz1P7T9jnEwtp2t5SAQFkX7y89cZ7VboAKKK5/wAYa7c6FpMBsIo5NQvbqOytVlzsEjngtjsACfwoA6CsTxl/yI3iD/sG3P8A6KasVdR8Q+HfEWk2etahbanY6o7QLMlt5DwTBdyjAJDKcEev9drxl/yI3iD/ALBtz/6KagDborz/AP4Xb8PP+hh/8krj/wCN0f8AC7fh5/0MP/klcf8AxugD0CivP/8Ahdvw8/6GH/ySuP8A43XcWF9b6np1tf2cnmWt1Ek0L7SNyMAVODyMgjrQBYooqvf31vpmnXN/eSeXa2sTzTPtJ2ooJY4HJwAelAFiivP/APhdvw8/6GH/AMkrj/43R/wu34ef9DD/AOSVx/8AG6APQKK8/wD+F2/Dz/oYf/JK4/8AjddxYX1vqenW1/ZyeZa3USTQvtI3IwBU4PIyCOtAFiiiq9/fW+madc395J5draxPNM+0naigljgcnAB6UASD/j4f/cX+Zrxj46/EHWvD6ReH9NtZ7OO9hLPqJ48xejJGR0I4yeoyOBkE878UPjd9vH9meDb2aO3dVM+oxhopGxk7Y84ZRzyeCeg464Fp450fxNZNN41nW41IOoLywswZV5UqEXCDrlR15J+8RQBreFJNT8UaLLceKo3vjJGkEM9025pIVAwMHpyM7urE5PIyeuREijWONVRFAVVUYAA6ACuaHxA8LKABqYAHAAt5f/ia6K2uIru1huYG3wzIsiNgjKkZBwfagCWiiorm4itLWa5nbZDCjSO2CcKBknA9qAJaK5n/AIWD4X/6Cn/kvL/8TR/wsHwv/wBBT/yXl/8AiaAOmormf+Fg+F/+gp/5Ly//ABNdDbXEV3aw3MDb4ZkWRGwRlSMg4PtQBLRRUVzcRWlrNcztshhRpHbBOFAyTge1AEtFcz/wsHwv/wBBT/yXl/8AiaP+Fg+F/wDoKf8AkvL/APE0AdNRXM/8LB8L/wDQU/8AJeX/AOJroba4iu7WG5gbfDMiyI2CMqRkHB9qAJaKKiubiK0tZrmdtkMKNI7YJwoGScD2oAlormf+Fg+F/wDoKf8AkvL/APE0f8LB8L/9BT/yXl/+JoA6aiuZ/wCFg+F/+gp/5Ly//E10NtcRXdrDcwNvhmRZEbBGVIyDg+1AEtFFRXNxFaWs1zO2yGFGkdsE4UDJOB7UAS0VzP8AwsHwv/0FP/JeX/4mj/hYPhf/AKCn/kvL/wDE0AdNRXM/8LB8L/8AQU/8l5f/AImuhtriK7tYbmBt8MyLIjYIypGQcH2oAlooqK5uIrS1muZ22Qwo0jtgnCgZJwPagCWiuZ/4WD4X/wCgp/5Ly/8AxNH/AAsHwv8A9BT/AMl5f/iaAOmormf+Fg+F/wDoKf8AkvL/APE10NtcRXdrDcwNvhmRZEbBGVIyDg+1AEtFFRXNxFaWs1zO2yGFGkdsE4UDJOB7UAS0VzP/AAsHwv8A9BT/AMl5f/iaP+Fg+F/+gp/5Ly//ABNAHTUVzP8AwsHwv/0FP/JeX/4muhtriK7tYbmBt8MyLIjYIypGQcH2oAlooqK5uIrS1muZ22Qwo0jtgnCgZJwPagCWiuZ/4WD4X/6Cn/kvL/8AE0f8LB8L/wDQU/8AJeX/AOJoA6aiuZ/4WD4X/wCgp/5Ly/8AxNdDbXEV3aw3MDb4ZkWRGwRlSMg4PtQBLRRUVzcRWlrNcztshhRpHbBOFAyTge1AEtFcz/wsHwv/ANBT/wAl5f8A4mj/AIWD4X/6Cn/kvL/8TQB01Fcz/wALB8L/APQU/wDJeX/4muhtriK7tYbmBt8MyLIjYIypGQcH2oAlooqK5uIrS1muZ22Qwo0jtgnCgZJwPagCWiuZ/wCFg+F/+gp/5Ly//E0f8LB8L/8AQU/8l5f/AImgDpqK5n/hYPhf/oKf+S8v/wATXQ21xFd2sNzA2+GZFkRsEZUjIOD7UAS0UVFc3EVpazXM7bIYUaR2wThQMk4HtQBLRXM/8LB8L/8AQU/8l5f/AImj/hYPhf8A6Cn/AJLy/wDxNAHTUVzP/CwfC/8A0FP/ACXl/wDia6G2uIru1huYG3wzIsiNgjKkZBwfagCWiiorm4itLWa5nbZDCjSO2CcKBknA9qAJaK5n/hYPhf8A6Cn/AJLy/wDxNH/CwfC//QU/8l5f/iaAOmormf8AhYPhf/oKf+S8v/xNdDbXEV3aw3MDb4ZkWRGwRlSMg4PtQBLXUfDX/j58Qf8AXzF/6KWuXroPAl9b6Zb+Kr+8k8u1tXSaZ9pO1FhBY4HJwAelAHo1Fef/APC7fh5/0MP/AJJXH/xuj/hdvw8/6GH/AMkrj/43QB6BRXn/APwu34ef9DD/AOSVx/8AG67iwvrfU9Otr+zk8y1uokmhfaRuRgCpweRkEdaALFFFV7++t9M065v7yTy7W1ieaZ9pO1FBLHA5OAD0oAsUV5//AMLt+Hn/AEMP/klcf/G6P+F2/Dz/AKGH/wAkrj/43QB6BRXn/wDwu34ef9DD/wCSVx/8bruLC+t9T062v7OTzLW6iSaF9pG5GAKnB5GQR1oAkn/495f9w/yqSo5/+PeX/cP8qkoAKKKKACiiigAooooAKKKKACiiigAooooAKKKKACiiigAooooAKKKKACiiigAooooAKKKKACiiigAooooAKKKKACiiigAooooAKKKKACiiigAooooAK8+8U6gPBXiqXX1Qm21SxeCRQOGuolLQ592XKj6V6DXM61ompa7runpc/Yl0SyuVu8BmaaaRV+UEFdoUMSepzgUAXPCWjNoPhixsZTuuQnmXDnq0rHc5z3+Ymuf8QwwPrlyz6d4wmY7cvp10yQH5R90CQY9+Oua7qigDlPCUUUd1cGOy8SW5KDJ1edpFPP8ADl2warfEdvstloWqSA/ZtP1m3nuWxnZH8ylj9CwrtKZLFHPE8UsayRuCrI4yGB7Ed6AOG8UahZ6z4o8Jadp11DdTLf8A21/JcOEiRD8xI6A549a6Hxl/yI3iD/sG3P8A6KarenaFpGkNI2m6XZ2bSffa3gVC3scCqnjL/kRvEH/YNuf/AEU1AHiX/DNF5/0M8H/gGf8A4uj/AIZovP8AoZ4P/AM//F19EUUAfO//AAzRef8AQzwf+AZ/+Lr3TQdHGjeHdM0t5mlaytIrcyKzKHKIFyBnjOOlalFAEfkr6yf9/G/xrP17RxrPh3U9LSZomvbSW3EjMzBC6FckZ5xnpWpRQB87/wDDNF5/0M8H/gGf/i6P+GaLz/oZ4P8AwDP/AMXX0RRQB87/APDNF5/0M8H/AIBn/wCLr3TQdHGjeHdM0t5mlaytIrcyKzKHKIFyBnjOOlalFAEfkr6yf9/G/wAa8S+OXxGTSrabwjpMjm9uI9t9IWJEUTj/AFYyfvMp59AfU8db8U/ifB4B0+OCzWC51u4w0VvLkqiZ5dwCDjjAGRk/Q1Vs7DwX8cfD9prd3p8iXluRBLtkKSwMCrtGWGA6HscdHONrE4APIPA3wXu/G3h5NWXVG09WcqEntCQ4B+8h3fMvbOByCO2T0v8AwzRef9DPB/4Bn/4uvoC1t4bQLbW8axQQwpHHGgwFUZAAHoBVigD53/4ZovP+hng/8Az/APF16npPwv8ADdjo1jaXVl9ouILeOKWYTyqJGVQC2A/GSM4rtaKAOW/4Vz4U/wCgWf8AwJl/+Lqnq3wv8N32jX1pa2X2e4nt5IopjPKwjZlIDYL84Jziu1ooA+d/+GaLz/oZ4P8AwDP/AMXR/wAM0Xn/AEM8H/gGf/i6+iKKAPnf/hmi8/6GeD/wDP8A8XXqek/C/wAN2OjWNpdWX2i4gt44pZhPKokZVALYD8ZIziu1ooA5b/hXPhT/AKBZ/wDAmX/4uqerfC/w3faNfWlrZfZ7ie3kiimM8rCNmUgNgvzgnOK7WigD53/4ZovP+hng/wDAM/8AxdH/AAzRef8AQzwf+AZ/+Lr6IooA+d/+GaLz/oZ4P/AM/wDxdep6T8L/AA3Y6NY2l1ZfaLiC3jilmE8qiRlUAtgPxkjOK7WigDlv+Fc+FP8AoFn/AMCZf/i6p6t8L/Dd9o19aWtl9nuJ7eSKKYzysI2ZSA2C/OCc4rtaKAPnf/hmi8/6GeD/AMAz/wDF0f8ADNF5/wBDPB/4Bn/4uvoiigD53/4ZovP+hng/8Az/APF16npPwv8ADdjo1jaXVl9ouILeOKWYTyqJGVQC2A/GSM4rtaKAOW/4Vz4U/wCgWf8AwJl/+Lqnq3wv8N32jX1pa2X2e4nt5IopjPKwjZlIDYL84Jziu1ooA+d/+GaLz/oZ4P8AwDP/AMXR/wAM0Xn/AEM8H/gGf/i6+iKKAPnf/hmi8/6GeD/wDP8A8XXqek/C/wAN2OjWNpdWX2i4gt44pZhPKokZVALYD8ZIziu1ooA5b/hXPhT/AKBZ/wDAmX/4uqerfC/w3faNfWlrZfZ7ie3kiimM8rCNmUgNgvzgnOK7WigD53/4ZovP+hng/wDAM/8AxdH/AAzRef8AQzwf+AZ/+Lr6IooA+d/+GaLz/oZ4P/AM/wDxdep6T8L/AA3Y6NY2l1ZfaLiC3jilmE8qiRlUAtgPxkjOK7WigDlv+Fc+FP8AoFn/AMCZf/i6p6t8L/Dd9o19aWtl9nuJ7eSKKYzysI2ZSA2C/OCc4rtaKAPnf/hmi8/6GeD/AMAz/wDF0f8ADNF5/wBDPB/4Bn/4uvoiigD53/4ZovP+hng/8Az/APF16npPwv8ADdjo1jaXVl9ouILeOKWYTyqJGVQC2A/GSM4rtaKAOW/4Vz4U/wCgWf8AwJl/+Lqnq3wv8N32jX1pa2X2e4nt5IopjPKwjZlIDYL84Jziu1ooA+d/+GaLz/oZ4P8AwDP/AMXR/wAM0Xn/AEM8H/gGf/i6+iKKAPnf/hmi8/6GeD/wDP8A8XXqek/C/wAN2OjWNpdWX2i4gt44pZhPKokZVALYD8ZIziu1ooA5b/hXPhT/AKBZ/wDAmX/4uqerfC/w3faNfWlrZfZ7ie3kiimM8rCNmUgNgvzgnOK7WigD53/4ZovP+hng/wDAM/8AxdH/AAzRef8AQzwf+AZ/+Lr6IooA+d/+GaLz/oZ4P/AM/wDxdep6T8L/AA3Y6NY2l1ZfaLiC3jilmE8qiRlUAtgPxkjOK7WigDlv+Fc+FP8AoFn/AMCZf/i6p6t8L/Dd9o19aWtl9nuJ7eSKKYzysI2ZSA2C/OCc4rtaKAPnf/hmi8/6GeD/AMAz/wDF0f8ADNF5/wBDPB/4Bn/4uvoiigD53/4ZovP+hng/8Az/APF16npPwv8ADdjo1jaXVl9ouILeOKWYTyqJGVQC2A/GSM4rtaKAOW/4Vz4U/wCgWf8AwJl/+Lqnq3wv8N32jX1pa2X2e4nt5IopjPKwjZlIDYL84Jziu1ooA+d/+GaLz/oZ4P8AwDP/AMXR/wAM0Xn/AEM8H/gGf/i6+iKKAPnf/hmi8/6GeD/wDP8A8XXqek/C/wAN2OjWNpdWX2i4gt44pZhPKokZVALYD8ZIziu1ooA5b/hXPhT/AKBZ/wDAmX/4uqerfC/w3faNfWlrZfZ7ie3kiimM8rCNmUgNgvzgnOK7WigD53/4ZovP+hng/wDAM/8AxdH/AAzRef8AQzwf+AZ/+Lr6IooA+d/+GaLz/oZ4P/AM/wDxdep6T8L/AA3Y6NY2l1ZfaLiC3jilmE8qiRlUAtgPxkjOK7WigDlv+Fc+FP8AoFn/AMCZf/i6WXwZpqeGtc0XS4hZDUYZYWk3u+GeLYGOTk4z0zXUVHH9+b/f/wDZRQB89/8ADNF5/wBDPB/4Bn/4uj/hmi8/6GeD/wAAz/8AF19EUUAfO/8AwzRef9DPB/4Bn/4uvdNB0caN4d0zS3maVrK0itzIrMocogXIGeM46VqUUAR+SvrJ/wB/G/xrP17RxrPh3U9LSZomvbSW3EjMzBC6FckZ5xnpWpRQB87/APDNF5/0M8H/AIBn/wCLo/4ZovP+hng/8Az/APF19EUUAfO//DNF5/0M8H/gGf8A4uvdNB0caN4d0zS3maVrK0itzIrMocogXIGeM46VqUUAV54VFvIcv90/xt6fWrFRz/8AHvL/ALh/lUlABRRRQAUUUUAFFFFABRRRQAUUUUAFFFFABRRRQAUUUUAFFFFABRRRQAUUUUAFFFFABRRRQAUUUUAFFFFABRRRQAUUUUAFFFFABRRRQAUUUUAFFFFABRRRQAUUUUAFFFFABWJ4y/5EbxB/2Dbn/wBFNW3WJ4y/5EbxB/2Dbn/0U1AG3RRRQAUUUUAFFFFABRRRQAVy/jvxzp3gPQTqN6vnTyHZbWqttaZ/TPOAOpOOPckA6niHxBp3hfRLjV9Vm8q1gHOBlnJ6Ko7kn/OK81+IHw5svirptt4o8Oaz5l08CLb+ZITbSRgtkYxujfJ591wVBJIAJNZ8E+EPjVplt4n0u+ltLxkETzRqpIIIJSaP++oyAQRwwOWXbXpWh6Jp/hzRrbStMgENpbrtRR1PqSe5J5JrL8D+DNO8D+HYtMsV3SnD3NwfvTSY5b2HoOw98k9JQBGP+Ph/9xf5mpKjH/Hw/wDuL/M1JQAUUUUAFFFFABRRRQAUUUUAFFFFABRRRQAUUUUAFFFFABRRRQAUUUUAFFFFABRRRQAUUUUAFFFFABRRRQAUUUUAFFFFABRRRQAUUUUAFFFFABRRRQAUUUUAFFFFABRRRQAUUUUAFFFFABRRRQAUUUUAFFFFABRRRQAUUUUAFFFFABRRRQAUUUUAFRx/fm/3/wD2UVJUcf35v9//ANlFAElFFFABRRRQAUUUUAFFFFABRRRQBHP/AMe8v+4f5VJUc/8Ax7y/7h/lUlABRRRQAUUUUAFFFFABRRRQAUUUUAFFFFABRRRQAUUUUAFFFFABRRRQAUUUUAFFFFABRRRQAUUUUAFFFFABRRRQAUUUUAFFFFABRRRQAUUUUAFFFFABRRRQAUUUUAFFFFABWJ4y/wCRG8Qf9g25/wDRTVt1ieMv+RG8Qf8AYNuf/RTUAbdFFFABRRRQAUUUUAFQ3l5b6fZzXl3MkFtAhkklc4VFAySTUxIAJJwB1Jrx34+6d4svvDgfTBG+gW6iS+iiJ89iCTuYYwY1wp4OQSSRhcgAX4zeCdc8baTa6xoGp/brO3hWSPTIsFZgckzRuDh22lcDHQHBycHqPhX4Ek8CeFvstzcyS3t2wnuU35jifGNqDpwMAt3x6AAZXwT8Ka14b8JmXWL25/0wK8GnyOSlqmSeFP3WYsSQPbPPT06gAooooAjH/Hw/+4v8zUlRj/j4f/cX+ZqSgAooooAKKKKACiiigAooooAKKKKACiiigAooooAKKKKACiiigAooooAKKKKACiiigAooooAKKKKACiiigAooooAKKKKACiiigAooooAKKKKACiiigAooooAKKKKACiiigAooooAKKKKACiiigAooooAKKKKACiiigAooooAKKKKACiiigAooooAKjj+/N/v/APsoqSo4/vzf7/8A7KKAJKKKKACiiigAooooAKKKKACiiigCOf8A495f9w/yqSo5/wDj3l/3D/KpKACiiigAooooAKKKKACiiigAooooAKKKKACiiigAooooAKKKKACiiigAooooAKKKKACiiigAooooAKKKKACiiigAooooAKKKKACiiigAooooAKKKKACiiigAooooAKKKKACsTxl/yI3iD/sG3P8A6KatusTxl/yI3iD/ALBtz/6KagDbooooAKKKKACiivOvjH44vfBXhRDp0Ev22/cwRXQTMdvxkknpvIztHsT/AA4oAzvjzrPiHSvBix6TbyLY3LmK/vYm+aFTgBSByA5ON3TjafvDMfwH/wCEtk8K+brd0zaOEWPTIZkHmBATlg3XZyAA2eAMYA5j+C3ifxJ4y0C8s/EVnBe6TBELZb2cEvcE53JIDkSfKQC3HbO4sSPW4YY7eGOGGNI4o1CIiKAqqOAAB0AoAfRRRQAUUUUARj/j4f8A3F/makqMf8fD/wC4v8zUlABRRRQAUUUUAFFFFABRRRQAUUUUAFFFFABRRRQAUUUUAFFFFABRRRQAUUUUAFFFFABRRRQAUUUUAFFFFABRRRQAUUUUAFFFFABRRRQAUUUUAFFFFABRRRQAUUUUAFFFFABRRRQAUUUUAFFFFABRRRQAUUUUAFFFFABRRRQAUUUUAFFFFABRRRQAVHH9+b/f/wDZRUlRx/fm/wB//wBlFAElFFFABRRRQAUUUUAFFFFABRRRQBHP/wAe8v8AuH+VSVHP/wAe8v8AuH+VSUAFFFFABRRRQAUUUUAFFFFABRRRQAUUUUAFFFFABRRRQAUUUUAFFFFABRRRQAUUUUAFFFFABRRRQAUUUUAFFFFABRRRQAUUUUAFFFFABRRRQAUUUUAFFFFABRRRQAUUUUAFYnjL/kRvEH/YNuf/AEU1bdYnjL/kRvEH/YNuf/RTUAbdFFFABRRWN4q8T6d4Q8P3Gsam5EEWAqLy0rnoij1P6ck8CgDH+JHj218BeHDduFl1C4zHZ25ON7Dqx/2VyCfqB3rjvhj44n+Kuk6r4e8VaPHdRRwL5tzHGVilU4GH5+WTILArjoSAu0Zf4b8aeHvjdpF94Z13SzaXqoJlRZN/AwPNifHyupb7pzwf4gWA9A8HeEtO8F+HoNJ09Qdo3TTlcNPJ3dv6DsMDtQBp6TpVloelW2madAsFpbJsjjXsPX3JOST3JNXKKKACiiigAooooAjH/Hw/+4v8zUlRj/j4f/cX+ZqSgAooooAKKKKACiiigAooooAKKKKACiiigAooooAKKKKACiiigAooooAKKKKACiiigAooooAKKKKACiiigAooooAKKKKACiiigAooooAKKKKACiiigAooooAKKKKACiiigAooooAKKKKACiiigAooooAKKKKACiiigAooooAKKKKACiiigAooooAKjj+/N/v/APsoqSo4/vzf7/8A7KKAJKKKKACiiigAooooAKKKKACiiigCOf8A495f9w/yqSo5/wDj3l/3D/KpKACiiigAooooAKKKKACiiigAooooAKKKKACiiigAooooAKKKKACiiigAooooAKKKKACiiigAooooAKKKKACiiigAooooAKKKKACiiigAooooAKKKKACiiigAooooAKKKKACsTxl/yI3iD/sG3P8A6KatusTxl/yI3iD/ALBtz/6KagDboopGZUUsxAUDJJPAFAFbU9Ss9H0241HULhLe0t0LySOcAD/HsB3NeZPqXgz486Bd6VE89pqFmfMgM6KJoTgDzFAYh4yTtYZ9M7TtNW/EcWi/GrwZf6f4f1vZcWVzkckKZF3BfMXqY3GSGH15KstRfCf4Tr4ISbUdW+z3GtSMyI8fzJBGCR8hPdhyTgHBxxzkA2/hr8O7TwBoZiLJPqlxhru5UcEjoi552j9Tk+w7aiigAooooAKKKKACiiigCMf8fD/7i/zNSVGP+Ph/9xf5mpKACiiigAooooAKKKKACiiigAooooAKKKKACiiigAooooAKKKKACiiigAooooAKKKKACiiigAooooAKKKKACiiigAooooAKKKKACiiigAooooAKKKKACiiigAooooAKKKKACiiigAooooAKKKKACiiigAooooAKKKKACiiigAooooAKKKKACiiigAqOP783+/8A+yipKjj+/N/v/wDsooAkooooAKKKKACiiigAooooAKKKKAI5/wDj3l/3D/KpKjn/AOPeX/cP8qkoAKKKKACiiigAooooAKKKKACiiigAooooAKKKKACiiigAooooAKKKKACiiigAooooAKKKKACiiigAooooAKKKKACiiigAooooAKKKKACiiigAooooAKKKKACiiigAooooAKxPGX/IjeIP+wbc/wDopq26xPGX/IjeIP8AsG3P/opqANuuF+IVje+N/Aep6d4U1a3a6jmMU8ccgPmlPv25YH5GOR168A4DZF74kP4mj8D37eFI9+pY52H96I/4jEMcvjoOvXHzYB8l+APhjxLb6/f6xPLdWGmoXt7m3mQg3UoJGCG6FGz83UHK92oA1/gn8L9V8O6jceINdWezul320NoJMbhnDM+04Zcj5RyDgN/dNe30UUAFFFFABRRRQAUUUUAFFFFAEY/4+H/3F/makqMf8fD/AO4v8zUlABRRRQAUUUUAFFFFABRRRQAUUUUAFFFFABRRRQAUUUUAFFFFABRRRQAUUUUAFFFFABRRRQAUUUUAFFFFABRRRQAUUUUAFFFFABRRRQAUUUUAFFFFABRRRQAUUUUAFFFFABRRRQAUUUUAFFFFABRRRQAUUUUAFFFFABRRRQAUUUUAFFFFABRRRQAVHH9+b/f/APZRUlRx/fm/3/8A2UUASUUUUAFFFFABRRRQAUUUUAFFFFAEc/8Ax7y/7h/lUlRz/wDHvL/uH+VSUAFFFFABRRRQAUUUUAFFFFABRRRQAUUUUAFFFFABRRRQAUUUUAFFFFABRRRQAUUUUAFFFFABRRRQAUUUUAFFFFABRRRQAUUUUAFFFFABRRRQAUUUUAFFFFABRRRQAUUUUAFc18QpbyH4ea+1jbpPN9hlBV32gIVIZvchckDuRiulrE8Zf8iN4g/7Btz/AOimoA8N+BOp+MbvxpqatJJNpkjtNqv2rPyzHIDL6SEjBHQqDnouPo2mJDHE0jRxohkbe5VQNzYAyfU4AH4Cn0AFFFFABRRRQAUUUUAFFFFABRRRQBGP+Ph/9xf5mpKjH/Hw/wDuL/M1JQAUUUUAFFFFABRRRQAUUUUAFFFFABRRRQAUUUUAFFFFABRRRQAUUUUAFFFFABRRRQAUUUUAFFFFABRRRQAUUUUAFFFFABRRRQAUUUUAFFFFABRRRQAUUUUAFFFFABRRRQAUUUUAFFFFABRRRQAUUUUAFFFFABRRRQAUUUUAFFFFABRRRQAUUUUAFRx/fm/3/wD2UVJUcf35v9//ANlFAElFFFABRRRQAUUUUAFFFFABRRRQBHP/AMe8v+4f5VJUc/8Ax7y/7h/lUlABRRRQAUUUUAFFFFABRRRQAUUUUAFFFFABRRRQAUUUUAFFFFABRRRQAUUUUAFFFFABRRRQAUUUUAFFFFABRRRQAUUUUAFFFFABRRRQAUUUUAFFFFABRRRQAUUUUAFFFFABWJ4y/wCRG8Qf9g25/wDRTVt1ieMv+RG8Qf8AYNuf/RTUAbdFFFABRRRQAUUUUAFFFFABRRRQAUUUUARj/j4f/cX+ZqSox/x8P/uL/M1JQAUUUUAFFFFABRRRQAUUUUAFFFFABRRRQAUUUUAFFFFABRRRQAUUUUAFFFFABRRRQAUUUUAFFFFABRRRQAUUUUAFFFFABRRRQAUUUUAFFFFABRRRQAUUUUAFFFFABRRRQAUUUUAFFFFABRRRQAUUUUAFFFFABRRRQAUUUUAFFFFABRRRQAUUUUAFRx/fm/3/AP2UVJUcf35v9/8A9lFAElFFFABRRRQAUUUUAFFFFABRRRQBHP8A8e8v+4f5VJUc/wDx7y/7h/lUlABRRRQAUUUUAFFFFABRRRQAUUUUAFFFFABRRRQAUUUUAFFFFABRRRQAUUUUAFFFFABRRRQAUUUUAFFFFABRRRQAUUUUAFFFFABRRRQAUUUUAFFFFABRRRQAUUUUAFFFFABWJ4y/5EbxB/2Dbn/0U1bdYnjL/kRvEH/YNuf/AEU1AG3RRRQAUUUUAFFFFABRRRQAUUUUAFFFFAEY/wCPh/8AcX+ZqSox/wAfD/7i/wAzUlABRRRQAUUUUAFFFFABRRRQAUUUUAFFFFABRRRQAUUUUAFFFFABRRRQAUUUUAFFFFABRRRQAUUUUAFFFFABRRRQAUUUUAFFFFABRRRQAUUUUAFFFFABRRRQAUUUUAFFFFABRRRQAUUUUAFFFFABRRRQAUUUUAFFFFABRRRQAUUUUAFFFFABRRRQAVHH9+b/AH//AGUVJUcf35v9/wD9lFAElFFFABRRRQAUUUUAFFFFABRRRQBHP/x7y/7h/lUlRz/8e8v+4f5VJQAUUUUAFFFFABRRRQAUUUUAFFFFABRRRQAUUUUAFFFFABRRRQAUUUUAFFFFABRRRQAUUUUAFFFFABRRRQAUUUUAFFFFABRRRQAUUUUAFFFFABRRRQAUUUUAFFFFABRRRQAVieMv+RG8Qf8AYNuf/RTVt1ieMv8AkRvEH/YNuf8A0U1AG3RRRQAUUUUAFFFFABRRRQAUUUUAFFFFAEY/4+H/ANxf5mpKyre6mfxbqNoz5gisbWVFwOGaS4DHPXkIv5Vq0AFFFFABRRRQAUUUUAFFFFABRRRQAUUUUAFFFFABRRRQAUUUUAFFFFABRRRQAUUUUAFFFFABRRRQAUUUUAFFFFABRRRQAUUUUAFFFFABRRRQAUUUUAFFFFABRRRQAUUUUAFFFFABRRRQAUUUUAFFFFABRRRQAUUUUAFFFFABRRRQAUUUUAFFFFABUcf35v8Af/8AZRUlZWk3U1xqevRSvuS3vliiGANqm2hfHv8AMzHn1oA1aKKKACiiigAooooAKKKKACiiigCOf/j3l/3D/KpKyvE91NY+EtZu7d9k8FjPLG2AdrLGxBweDyK1aACiiigAooooAKKKKACiiigAooooAKKKKACiiigAooooAKKKKACiiigAooooAKKKKACiiigAooooAKKKKACiiigAooooAKKKKACiiigAooooAKKKKACiiigAooooAKKKKACqup2EWq6VeadOzrDdwPA7IQGCspUkZB5watUUAYn9h6j/ANDXrH/fq0/+MUf2HqP/AENesf8Afq0/+MVt0UAYn9h6j/0Nesf9+rT/AOMUf2HqP/Q16x/36tP/AIxW3RQBif2HqP8A0Nesf9+rT/4xR/Yeo/8AQ16x/wB+rT/4xW3RQBif2HqP/Q16x/36tP8A4xR/Yeo/9DXrH/fq0/8AjFbdFAGJ/Yeo/wDQ16x/36tP/jFH9h6j/wBDXrH/AH6tP/jFbdFAGJ/Yeo/9DXrH/fq0/wDjFH9h6j/0Nesf9+rT/wCMVt0UAc6vhe6S+lvV8UawLiWJInfy7TlELFRjyMcF2/P6VP8A2HqP/Q16x/36tP8A4xW3RQBif2HqP/Q16x/36tP/AIxR/Yeo/wDQ16x/36tP/jFbdFAGJ/Yeo/8AQ16x/wB+rT/4xR/Yeo/9DXrH/fq0/wDjFbdFAGJ/Yeo/9DXrH/fq0/8AjFH9h6j/ANDXrH/fq0/+MVt0UAYn9h6j/wBDXrH/AH6tP/jFH9h6j/0Nesf9+rT/AOMVt0UAYn9h6j/0Nesf9+rT/wCMUf2HqP8A0Nesf9+rT/4xW3RQBif2HqP/AENesf8Afq0/+MUf2HqP/Q16x/36tP8A4xW3RQBif2HqP/Q16x/36tP/AIxR/Yeo/wDQ16x/36tP/jFbdFAGJ/Yeo/8AQ16x/wB+rT/4xR/Yeo/9DXrH/fq0/wDjFbdFAGJ/Yeo/9DXrH/fq0/8AjFH9h6j/ANDXrH/fq0/+MVt0UAYn9h6j/wBDXrH/AH6tP/jFH9h6j/0Nesf9+rT/AOMVt0UAYn9h6j/0Nesf9+rT/wCMUf2HqP8A0Nesf9+rT/4xW3RQBif2HqP/AENesf8Afq0/+MUf2HqP/Q16x/36tP8A4xW3RQBif2HqP/Q16x/36tP/AIxR/Yeo/wDQ16x/36tP/jFbdFAGJ/Yeo/8AQ16x/wB+rT/4xR/Yeo/9DXrH/fq0/wDjFbdFAGJ/Yeo/9DXrH/fq0/8AjFH9h6j/ANDXrH/fq0/+MVt0UAYn9h6j/wBDXrH/AH6tP/jFH9h6j/0Nesf9+rT/AOMVt0UAYn9h6j/0Nesf9+rT/wCMUf2HqP8A0Nesf9+rT/4xW3RQBif2HqP/AENesf8Afq0/+MUf2HqP/Q16x/36tP8A4xW3RQBif2HqP/Q16x/36tP/AIxR/Yeo/wDQ16x/36tP/jFbdFAGJ/Yeo/8AQ16x/wB+rT/4xR/Yeo/9DXrH/fq0/wDjFbdFAGJ/Yeo/9DXrH/fq0/8AjFH9h6j/ANDXrH/fq0/+MVt0UAYn9h6j/wBDXrH/AH6tP/jFH9h6j/0Nesf9+rT/AOMVt0UAYn9h6j/0Nesf9+rT/wCMUf2HqP8A0Nesf9+rT/4xW3RQBif2HqP/AENesf8Afq0/+MUf2HqP/Q16x/36tP8A4xW3RQBif2HqP/Q16x/36tP/AIxR/Yeo/wDQ16x/36tP/jFbdFAGJ/Yeo/8AQ16x/wB+rT/4xR/Yeo/9DXrH/fq0/wDjFbdFAGJ/Yeo/9DXrH/fq0/8AjFH9h6j/ANDXrH/fq0/+MVt0UAYn9h6j/wBDXrH/AH6tP/jFH9h6j/0Nesf9+rT/AOMVt0UAYn9h6j/0Nesf9+rT/wCMUf2HqP8A0Nesf9+rT/4xW3RQBif2HqP/AENesf8Afq0/+MUf2HqP/Q16x/36tP8A4xW3RQBif2HqP/Q16x/36tP/AIxR/Yeo/wDQ16x/36tP/jFbdFAGJ/Yeo/8AQ16x/wB+rT/4xR/Yeo/9DXrH/fq0/wDjFbdFAGJ/Yeo/9DXrH/fq0/8AjFH9h6j/ANDXrH/fq0/+MVt0UAYn9h6j/wBDXrH/AH6tP/jFH9h6j/0Nesf9+rT/AOMVt0UAYn9h6j/0Nesf9+rT/wCMVBB4Xuraa5lh8Uawr3UolmPl2h3OEVM8wcfKijj0roqKAMT+w9R/6GvWP+/Vp/8AGKP7D1H/AKGvWP8Av1af/GK26KAMT+w9R/6GvWP+/Vp/8Yo/sPUf+hr1j/v1af8AxituigDE/sPUf+hr1j/v1af/ABij+w9R/wChr1j/AL9Wn/xituigDE/sPUf+hr1j/v1af/GKP7D1H/oa9Y/79Wn/AMYrbooAxP7D1H/oa9Y/79Wn/wAYo/sPUf8Aoa9Y/wC/Vp/8YrbooA5298L3WoWNxZXXijWJLe4iaKVPLtBuRhgjIgyOD2roqKKACiiigAooooAKKKKACiiigAooooAKKKKACiiigAooooAKKKKACiiigAooooAKKKKACiiigAooooAKKKKACiiigAooooAKKKKACiiigAooooAKKKKACiiigAooooAKKKKACiiigAooooAKKKKACiiigAooooAKyPEmtyeHtKOpCxku7eJx9p8tsNFH3cDHzY6kccVr1heK7/ULTSDBpVjJd6heMLeEeUWjiLcF5DjAUDnnr0oAbZeKYNV8QnTdLiF3bxQLNcXqSfu49wyiDj5mI57YH5Vqahqmn6Tbrcale29nCzbBJcShFLYJxk98A/lXGeEdGvPAmrjw+sM95pF6nnw3iQ58mcKA6yFRwGxlSfpzXWa3b6jcWaJpo08zCQFvt0bOm3B6BSDnOP1oAqp4y8MSyLHH4i0pnYhVVbuMkk9hzW22dp243Y4z0rk4dM8UrMhkj8L7AwLbLSUNjvj5utdbQB51bReIIfirpn9t6jbXKyWFwYorWIxxx4K54JJJPHJPavRa5XULS5f4maLdpbytbR2FwjzBCUViVwC3QE4NdVQAUUUUAFFFFABRRRQAUUUUAFFFFABRRRQAUUUUAFFFFABRRRQAUUUUAFFFFABRRRQAUUUUAFFFFABRRRQAUUUUAFFFFABRRRQAUUUUAFFFFABRRRQAUUUUAFFFFABRRRQAUUUUAFFFFABRRRQAUUUUAFFFFABRRRQAUUUUAFFFFAGR4k1uTw9pR1IWMl3bxOPtPlthoo+7gY+bHUjjiq9l4pg1XxCdN0uIXdvFAs1xepJ+7j3DKIOPmYjntgflTvFd/qFppBg0qxku9QvGFvCPKLRxFuC8hxgKBzz16Vz3hHRrzwJq48PrDPeaRep58N4kOfJnCgOshUcBsZUn6c0AdnqGqafpNutxqV7b2cLNsElxKEUtgnGT3wD+VZyeMvDEsixx+ItKZ2IVVW7jJJPYc1a1u31G4s0TTRp5mEgLfbo2dNuD0CkHOcfrWJDpnilZkMkfhfYGBbZaShsd8fN1oA6m4uIrS2luJ5BHDEheR26KoGST+FccfHl5HYprNx4buotAfawvTOhkWMnAkaIcheQepOOcV0mvac2seHtS01HCPd20kKsegLKQCfbmvKk0ey/sSHS5PCniKbW/LWCS3kubhbVmGAzGQPs8vqePpQB7KrBlDKQVIyCOhpahtYFtbOC3QALFGqAAk4AGOp5qagAooooAKiunmitZZLeETzKhKRF9m844GecZ9alqvfXYsbGe6MM03lIX8qCMu747Ko5JNAHLQfEC1vbLThY2Uk2q3s5tzpxfa8Dp/rDIccBeucc5HHNdbPPFbW8lxPIkUMSl5JHbCqoGSST0AFeY2ek67oepxeOpbF5rvUZCupabbw7nhgfaE2ADJdNoLeuT6Zr0u5EstjMLcRec8TCMTqSm4jjcOuM9RQBk/wDCbeFf+hk0n/wMj/xrXtbq3vbaO5tZ454JBuSSNgysPUEda5b+y/Fn/PPwr/4By/8AxVdNp8dxFYQpdi3Fwq4f7MpWPP8Asg8gUAcD4i0nSbM6lq/jfVZFaed104W9zKogiUfIEVcfvOpPBGa6jwS2pv4L0ptYdnvzADIzHLEZO0k9zt2596yB4l1HTJtS0/xFomoXv79/skllYmaO4gP3VOOAw5BBxV/wBpd7pHhOG2vofs7tLLKltuz5CM5ZUz7A/rQB09FFFABRRRQAUUUUAFFFFABRRRQAUUUUAFFFFABRRRQAUUUUAFFFFABRRRQAUUUUAFFFFABRRRQAUUUUAFFFFABRRRQAUUUUAFFFFABRRRQAUUUUAFFFFABRRRQAUUUUAFFFFABRRRQAUUUUAFFFFABRRRQAUUUUAFFFFABRRRQAUUUUAFFFFABRRRQAUUUUAFFFFABRRRQAUUUUAFFFFABRRRQAUUUUAFFFFABRRRQAUUUUAFFFFABRRRQAUUUUAFFFFABRRRQAUUUUAFFFFABRRRQAUUUUAFFFFABRRRQAUUUUAFFFFABRRRQAUUUUAFFFFABRRRQAUUUUAFFFFABRRRQAUUUUAFFFFABRRRQAUUUUAFFFFABRRRQAUUUUAFFFFABRRRQAUUUUAFFFFABRRRQAUUUUAFFFFABRRRQAUUUUAFFFFABRRRQAUUUUAFFFFABRRRQAUUUUAFFFFABRRRQAUUUUAFFFFABRRRQAUUUUAFFFFABRRRQAUUUUAFFFFABRRRQAUUUUAFFFFABRRRQAUUUUAFFFFABRRRQAUUUUAFFFFABRRRQAUUUUAFFFFABRRRQAUUUUAFFFFABRRRQAUUUUAFFFFABRRRQAUUUUAFFFFABRRRQAUUUUAFFFFABRRRQAUUUUAFFFFABRRRQAUUUUAFFFFABRRRQAUUUUAFFFFABRRRQAUUUUAFFFFABRRRQAUUUUAFFFFABRRRQAUUUUAFFFFABRRRQAUUUUAFFFFABRRRQAUUUUAFFFFABRRRQAUUUUAFFFFABRRRQAUUUUAFFFFABRRRQAUUUUAFFFFABRRRQAUUUUAFFFFABRRRQAUUUUAFFFFABRRRQAUUUUAFFFFABRRRQAUUUUAFFFFABRRRQAUUUUAFFFFABRRRQAUUUUAFFFFABRRRQAUUUUAFFFFABRRRQAUUUUAFFFFABRRRQAUUUUAFFFFABRRRQAUUUUAFFFFABRRRQAUUUUAFFFFABRRRQAUUUUAFFFFABRRRQAUUUUAFFFFABRRRQAUUUUAFFFFABRRRQAUUUUAFFFFABRRRQAUUUUAFFFFABRRRQAUUUUAFFFFABRRRQAUUUUAFFFFABRRRQAUUUUAFFFFABRRRQAUUUUAFFFFABRRRQAUUUUAFFFFABRRRQAUUUUAFFFFABRRRQAUUUUAFFFFABRRRQAUUUUAFFFFABRRRQAUUUUAFFFFABRRRQAUUUUAFFFFABRRRQAUUUUAFFFFABRRRQAUUUUAFFFFABRRRQAUUUUAFFFFABRRRQAUUUUAFFFFABRRRQAUUUUAFFFFABRRRQAUUUUAFFFFABRRRQAUUUUAFFFFABRRRQAUUUUAFFFFABRRRQAUUUUAFFFFABRRRQAUUUUAFFFFABRRRQAUUUUAFFFFABRRRQAUUUUAFFFFABRRRQAUUUUAFFFFABRRRQAUUUUAFFFFABRRRQAUUUUAFFFFABRRRQAUUUUAFFFFABRRRQAUUUUAFFFFABRRRQAUUUUAFFFFABRRRQAUUUUAFFFFABRRRQAUUUUAFFFFABRRRQAUUUUAFFFFABRRRQAUUUUAFFFFABRRRQAUUUUAFFFFABRRRQAUUUUAFFFFABRRRQAUUUUAFFFFABRRRQAUUUUAFFFFABRRRQAUUUUAFFFFABRRRQAUUUUAFFFFABRRRQAUUUUAFFFFABRRRQAUUUUAFFFFABRRRQAUUUUAFFFFABRRRQAUUUUAFFFFABRRRQAUUUUAFFFFABRRRQAUUUUAFFFFABRRRQAUUUUAFFFFABRRRQAUUUUAFFFFABRRRQAUUUUAFFFFABRRRQAUUUUAFFFFABRRRQAUUUUAFFFFABRRRQAUUUUAFFFFABRRRQAUUUUAFFFFABRRRQAUUUUAFFFFABRRRQAUUUUAFFFFABRRRQAUUUUAFFFFABRRRQAUUUUAFFFFABRRRQAUUUUAFFFFABRRRQAUUUUAFFFFABRRRQAUUUUAFFFFABRRRQAUUUUAFFFFABRRRQAUUUUAFFFFABRRRQAUUUUAFFFFABRRRQAUUUUAFFFFABRRRQAUUUUAFFFFABRRRQAUUUUAFFFFABRRRQAUUUUAFFFFABRRRQAUUUUAFFFFABRRRQAUUUUAFFFFABRRRQAUUUUAFFFFABRRRQAUUUUAFFFFABRRRQAUUUUAFFFFABRRRQAUUUUAFFFFABRRRQAUUUUAFFFFABRRRQAUUUUAFFFFABRRRQAUUUUAFFFFABRRRQAUUUUAFFFFABRRRQAUUUUAFFFFABRRRQAUUUUAFFFFABRRRQAUUUUAFFFFABRRRQAUUUUAFFFFABRRRQAUUUUAFFFFABRRRQAUUUUAFFFFABRRRQAUUUUAFFFFABRRRQAUUUUAFFFFABRRRQAUUUUAFFFFABRRRQAUUUUAFFFFABRRRQAUUUUAFFFFABRRRQAUUUUAFFFFABRRRQAUUUUAFFFFABRRRQAUUUUAFFFFABRRRQAUUUUAFFFFABRRRQAUUUUAFFFFABRRRQAUUUUAFFFFABRRRQAUUUUAFFFFABRRRQAUUUUAFFFFABRRRQAUUUUAFFFFABRRRQAUUUUAFFFFABRRRQAUUUUAFFFFABRRRQAUUUUAFFFFABRRRQAUUUUAFFFFABRRRQAUUUUAFFFFABRRRQAUUUUAFFFFABRRRQAUUUUAFFFFABRRRQAUUUUAFFFFABRRRQAUUUUAFFFFABRRRQAUUUUAFFFFABRRRQAUUUUAFFFFABRRRQAUUUUAFFFFABRRRQAUUUUAFFFFABRRRQAUUUUAFFFFABRRRQAUUUUAFFFFABRRRQAUUUUAFFFFABRRRQAUUUUAFFFFABRRRQAUUUUAFFFFABRRRQAUUUUAFFFFABRRRQAUUUUAFFFFABRRRQAUUUUAFFFFABRRRQAUUUUAFFFFABRRRQAUUUUAFFFFABRRRQAUUUUAFFFFABRRRQAUUUUAFFFFABRRRQAUUUUAFFFFABRRRQAUUUUAFFFFABRRRQAUUUUAFFFFABRRRQAUUUUAFFFFABRRRQAUUUUAFFFFABRRRQAUUUUAFFFFABRRRQAUUUUAFFFFABRRRQAUUUUAFFFFABRRRQAUUUUAFFFFABRRRQAUUUUAFFFFABRRRQAUUUUAFFFFABRRRQAUUUUAFFFFABRRRQAUUUUAf/Z</file>
    </questiontext>
    <generalfeedback format="html">
      <text></text>
    </generalfeedback>
    <defaultgrade>1.0000000</defaultgrade>
    <penalty>0.3333333</penalty>
    <hidden>0</hidden>
    <idnumber></idnumber>
    <correctfeedback format="html">
      <text>Vaše odpověď je správná.</text>
    </correctfeedback>
    <partiallycorrectfeedback format="html">
      <text>Vaše odpověď je částečně správná.</text>
    </partiallycorrectfeedback>
    <incorrectfeedback format="html">
      <text>Vaše odpověď je chybná.</text>
    </incorrectfeedback>
    <shownumcorrect/>
<subquestions>
<!-- question: 132969  -->
  <question type="varnumeric">
    <name>
      <text>1</text>
    </name>
    <questiontext format="moodle_auto_format">
      <text></text>
    </questiontext>
    <generalfeedback format="html">
      <text></text>
    </generalfeedback>
    <defaultgrade>0.125</defaultgrade>
    <penalty>0.3333333</penalty>
    <hidden>0</hidden>
    <idnumber></idnumber>
    <randomseed></randomseed>
    <requirescinotation>0</requirescinotation>
    <answer fraction="100" format="moodle_auto_format">
      <text>1</text>
      <feedback format="plain_text">
        <text></text>
      </feedback>
      <sigfigs>0</sigfigs>
      <error>0</error>
      <syserrorpenalty>0.0000000</syserrorpenalty>
      <checknumerical>0</checknumerical>
      <checkscinotation>0</checkscinotation>
      <checkpowerof10>0</checkpowerof10>
      <checkrounding>0</checkrounding>
    </answer>
  </question>
<!-- question: 132970  -->
  <question type="varnumeric">
    <name>
      <text>2</text>
    </name>
    <questiontext format="moodle_auto_format">
      <text></text>
    </questiontext>
    <generalfeedback format="html">
      <text></text>
    </generalfeedback>
    <defaultgrade>0.125</defaultgrade>
    <penalty>0.3333333</penalty>
    <hidden>0</hidden>
    <idnumber></idnumber>
    <randomseed></randomseed>
    <requirescinotation>0</requirescinotation>
    <answer fraction="100" format="moodle_auto_format">
      <text>2.71828</text>
      <feedback format="plain_text">
        <text></text>
      </feedback>
      <sigfigs>0</sigfigs>
      <error>0.1</error>
      <syserrorpenalty>0.0000000</syserrorpenalty>
      <checknumerical>0</checknumerical>
      <checkscinotation>0</checkscinotation>
      <checkpowerof10>0</checkpowerof10>
      <checkrounding>0</checkrounding>
    </answer>
  </question>
<!-- question: 132971  -->
  <question type="gapselect">
    <name>
      <text>3</text>
    </name>
    <questiontext format="moodle_auto_format">
      <text>[[1]]</text>
    </questiontext>
    <generalfeedback format="html">
      <text></text>
    </generalfeedback>
    <defaultgrade>0.125</defaultgrade>
    <penalty>0.3333333</penalty>
    <hidden>0</hidden>
    <idnumber></idnumber>
    <shuffleanswers>1</shuffleanswers>
    <correctfeedback format="html">
      <text></text>
    </correctfeedback>
    <partiallycorrectfeedback format="html">
      <text></text>
    </partiallycorrectfeedback>
    <incorrectfeedback format="html">
      <text></text>
    </incorrectfeedback>
    <shownumcorrect/>
    <selectoption>
      <text>0</text>
      <group>1</group>
    </selectoption>
    <selectoption>
      <text>h(x)</text>
      <group>1</group>
    </selectoption>
    <selectoption>
      <text>p(y)</text>
      <group>1</group>
    </selectoption>
    <selectoption>
      <text>1</text>
      <group>1</group>
    </selectoption>
    <selectoption>
      <text>e</text>
      <group>1</group>
    </selectoption>
  </question>
<!-- question: 132972  -->
  <question type="gapselect">
    <name>
      <text>4</text>
    </name>
    <questiontext format="moodle_auto_format">
      <text>[[2]]</text>
    </questiontext>
    <generalfeedback format="html">
      <text></text>
    </generalfeedback>
    <defaultgrade>0.125</defaultgrade>
    <penalty>0.3333333</penalty>
    <hidden>0</hidden>
    <idnumber></idnumber>
    <shuffleanswers>1</shuffleanswers>
    <correctfeedback format="html">
      <text></text>
    </correctfeedback>
    <partiallycorrectfeedback format="html">
      <text></text>
    </partiallycorrectfeedback>
    <incorrectfeedback format="html">
      <text></text>
    </incorrectfeedback>
    <shownumcorrect/>
    <selectoption>
      <text>0</text>
      <group>1</group>
    </selectoption>
    <selectoption>
      <text>h(x)</text>
      <group>1</group>
    </selectoption>
    <selectoption>
      <text>p(y)</text>
      <group>1</group>
    </selectoption>
    <selectoption>
      <text>1</text>
      <group>1</group>
    </selectoption>
    <selectoption>
      <text>e</text>
      <group>1</group>
    </selectoption>
  </question>
<!-- question: 132973  -->
  <question type="varnumeric">
    <name>
      <text>5</text>
    </name>
    <questiontext format="moodle_auto_format">
      <text></text>
    </questiontext>
    <generalfeedback format="html">
      <text></text>
    </generalfeedback>
    <defaultgrade>0.125</defaultgrade>
    <penalty>0.3333333</penalty>
    <hidden>0</hidden>
    <idnumber></idnumber>
    <randomseed></randomseed>
    <requirescinotation>0</requirescinotation>
    <answer fraction="100" format="moodle_auto_format">
      <text>0</text>
      <feedback format="plain_text">
        <text></text>
      </feedback>
      <sigfigs>0</sigfigs>
      <error>0</error>
      <syserrorpenalty>0.0000000</syserrorpenalty>
      <checknumerical>0</checknumerical>
      <checkscinotation>0</checkscinotation>
      <checkpowerof10>0</checkpowerof10>
      <checkrounding>0</checkrounding>
    </answer>
  </question>
<!-- question: 132974  -->
  <question type="varnumeric">
    <name>
      <text>6</text>
    </name>
    <questiontext format="moodle_auto_format">
      <text></text>
    </questiontext>
    <generalfeedback format="html">
      <text></text>
    </generalfeedback>
    <defaultgrade>0.125</defaultgrade>
    <penalty>0.3333333</penalty>
    <hidden>0</hidden>
    <idnumber></idnumber>
    <randomseed></randomseed>
    <requirescinotation>0</requirescinotation>
    <answer fraction="100" format="moodle_auto_format">
      <text>1</text>
      <feedback format="plain_text">
        <text></text>
      </feedback>
      <sigfigs>0</sigfigs>
      <error>0</error>
      <syserrorpenalty>0.0000000</syserrorpenalty>
      <checknumerical>0</checknumerical>
      <checkscinotation>0</checkscinotation>
      <checkpowerof10>0</checkpowerof10>
      <checkrounding>0</checkrounding>
    </answer>
  </question>
<!-- question: 132975  -->
  <question type="gapselect">
    <name>
      <text>7</text>
    </name>
    <questiontext format="moodle_auto_format">
      <text>[[1]]</text>
    </questiontext>
    <generalfeedback format="html">
      <text></text>
    </generalfeedback>
    <defaultgrade>0.125</defaultgrade>
    <penalty>0.3333333</penalty>
    <hidden>0</hidden>
    <idnumber></idnumber>
    <shuffleanswers>1</shuffleanswers>
    <correctfeedback format="html">
      <text></text>
    </correctfeedback>
    <partiallycorrectfeedback format="html">
      <text></text>
    </partiallycorrectfeedback>
    <incorrectfeedback format="html">
      <text></text>
    </incorrectfeedback>
    <shownumcorrect/>
    <selectoption>
      <text>p(y)</text>
      <group>1</group>
    </selectoption>
    <selectoption>
      <text>e</text>
      <group>1</group>
    </selectoption>
    <selectoption>
      <text>h(x)</text>
      <group>1</group>
    </selectoption>
    <selectoption>
      <text>0</text>
      <group>1</group>
    </selectoption>
    <selectoption>
      <text>1</text>
      <group>1</group>
    </selectoption>
  </question>
<!-- question: 132976  -->
  <question type="gapselect">
    <name>
      <text>8</text>
    </name>
    <questiontext format="moodle_auto_format">
      <text>[[2]]</text>
    </questiontext>
    <generalfeedback format="html">
      <text></text>
    </generalfeedback>
    <defaultgrade>0.125</defaultgrade>
    <penalty>0.3333333</penalty>
    <hidden>0</hidden>
    <idnumber></idnumber>
    <shuffleanswers>1</shuffleanswers>
    <correctfeedback format="html">
      <text></text>
    </correctfeedback>
    <partiallycorrectfeedback format="html">
      <text></text>
    </partiallycorrectfeedback>
    <incorrectfeedback format="html">
      <text></text>
    </incorrectfeedback>
    <shownumcorrect/>
    <selectoption>
      <text>p(y)</text>
      <group>1</group>
    </selectoption>
    <selectoption>
      <text>e</text>
      <group>1</group>
    </selectoption>
    <selectoption>
      <text>h(x)</text>
      <group>1</group>
    </selectoption>
    <selectoption>
      <text>0</text>
      <group>1</group>
    </selectoption>
    <selectoption>
      <text>1</text>
      <group>1</group>
    </selectoption>
  </question>
</subquestions>
  </question>

</quiz>