<?xml version="1.0" encoding="UTF-8"?>
<quiz>
<!-- question: 0  -->
  <question type="category">
    <category>
      <text>$course$/top/Výchozí v B192-2011068</text>
    </category>
    <info format="html">
      <text><![CDATA[Výchozí kategorie pro úlohy sdílené v kontextu "B192-2011068".]]></text>
    </info>
    <idnumber></idnumber>
  </question>

<!-- question: 0  -->
  <question type="category">
    <category>
      <text>$course$/top/Výchozí v B192-2011068/OM/Téma 8/plošný-skalární-explicitní</text>
    </category>
    <info format="html">
      <text>Výpočet</text>
    </info>
    <idnumber></idnumber>
  </question>

<!-- question: 141941  -->
  <question type="formulas">
    <name>
      <text>plošný skalární 4 (explicitní, paraboloid)</text>
    </name>
    <questiontext format="html">
      <text><![CDATA[<p><b>Tento příklad vyžaduje je komplikovanější výpočet dvojného integrálu.</b><br></p><p>Vypočtěte plošný integrál $$\iint_\sigma\ {f}\ {\rm d}p,$$ $$\mbox{ kde plocha } \sigma \mbox{ je část plochy } {sigma} .$$<br></p>]]></text>
    </questiontext>
    <generalfeedback format="html">
      <text><![CDATA[<p>Postup.</p><p>1. Načrtněte si obrázek plochy \(\sigma\) a její průmět do roviny \(xy,\ D_{xy}\). Zapište množinu \(D_{xy}\).<br></p><p>2. Navrhněte parametrizaci plochy \(P\). Plochu lze vyjádřit explicitně \(z = g(x,y)\), proto je vhodné zvolit \(P(x,y) = [x,\ y,\ g(x,y)],\ [x,y]\in D_{xy}\). <br></p><p>3. Určete normálový vektor \(\vec{n}\) a jeho velikost \( \|\vec{n}\|\). Při parametrizaci plochy podle bodu 2. lze normálový vektor určit: \(\displaystyle \vec n = \pm \left(\frac{\partial g}{\partial x},\ \frac{\partial g}{\partial y},\ -1\right)\).<br></p><p>4. Vyjádřete integrovanou funkci pomocí zvolené parametrizace a \( {\rm d} p = \|\vec n\| {\rm d} x {\rm d}y\).</p><p>5. Převeďte plošný integrál na dvojný integrál $$\displaystyle \iint_\sigma \ {f}\ {\rm d}p = \iint_{D_{xy}} \ f(P(x,y))\ \|\vec n\| \ {\rm d} x {\rm d}y$$</p><p>6. Množina \(D_{xy}\) je kruh, proto je pro výpočet dvojného integrálu vhodné volit&nbsp; polární souřadnice.<br></p>]]></text>
    </generalfeedback>
    <defaultgrade>1.0000000</defaultgrade>
    <penalty>0.0000000</penalty>
    <hidden>0</hidden>
    <idnumber></idnumber>
    <correctfeedback format="html">
      <text>Vaše odpověď je správná.</text>
    </correctfeedback>
    <partiallycorrectfeedback format="html">
      <text>Vaše odpověď je částečně správná.</text>
    </partiallycorrectfeedback>
    <incorrectfeedback format="html">
      <text>Vaše odpověď je chybná.</text>
    </incorrectfeedback>
    <shownumcorrect/>
<varsrandom><text></text>
</varsrandom>
<varsglobal><text><![CDATA[f="\\sqrt{x^2+y^2}";
sigma="\\mbox{rotačního paraboloidu }  z=x^2+y^2 \\mbox{ omezeného rovinou } z=1";
V = pi()*(9*sqrt(5) -0.5*log(2+sqrt(5)))/16]]></text>
</varsglobal>
<answernumbering><text>abc</text>
</answernumbering>
<answers>
 <partindex>
  <text>0</text>
 </partindex>
 <placeholder>
  <text></text>
 </placeholder>
 <answermark>
  <text>1</text>
 </answermark>
 <answertype>
  <text>10</text>
 </answertype>
 <numbox>
  <text>1</text>
 </numbox>
 <vars1>
  <text></text>
 </vars1>
 <answer>
  <text>V</text>
 </answer>
 <vars2>
  <text></text>
 </vars2>
 <correctness>
  <text><![CDATA[_relerr < 0.01]]></text>
 </correctness>
 <unitpenalty>
  <text>1</text>
 </unitpenalty>
 <postunit>
  <text></text>
 </postunit>
 <ruleid>
  <text>1</text>
 </ruleid>
 <otherrule>
  <text></text>
 </otherrule>
 <subqtext format="html">
<text><![CDATA[<p>Výsledek: {_0}<br></p>]]></text>
 </subqtext>
 <feedback format="html">
<text></text>
 </feedback>
 <correctfeedback format="html">
<text></text>
 </correctfeedback>
 <partiallycorrectfeedback format="html">
<text></text>
 </partiallycorrectfeedback>
 <incorrectfeedback format="html">
<text></text>
 </incorrectfeedback>
</answers>
  </question>

<!-- question: 141942  -->
  <question type="formulas">
    <name>
      <text>plošný skalární 5 (explicitní, paraboloid)</text>
    </name>
    <questiontext format="html">
      <text><![CDATA[<p>Vypočtěte plošný integrál $$\iint_\sigma\ {f}\ {\rm d}p,$$ $$\mbox{ kde plocha } \sigma \mbox{ je část plochy } {sigma} .$$<br></p>]]></text>
    </questiontext>
    <generalfeedback format="html">
      <text><![CDATA[<p>Postup.</p><p>1. Načrtněte si obrázek plochy \(\sigma\) a její průmět do roviny \(xy,\ D_{xy}\). Zapište množinu \(D_{xy}\).<br></p><p>2. Navrhněte parametrizaci plochy \(P\). Plochu lze vyjádřit explicitně \(z = g(x,y)\), proto je vhodné zvolit \(P(x,y) = [x,\ y,\ g(x,y)],\ [x,y]\in D_{xy}\). <br></p><p>3. Určete normálový vektor \(\vec{n}\) a jeho velikost \( \|\vec{n}\|\). Při parametrizaci plochy podle bodu 2. lze normálový vektor určit: \(\displaystyle \vec n = \pm \left(\frac{\partial g}{\partial x},\ \frac{\partial g}{\partial y},\ -1\right)\).<br></p><p>4. Vyjádřete integrovanou funkci pomocí zvolené parametrizace a \( {\rm d} p = \|\vec n\| {\rm d} x {\rm d}y\).</p><p>5. Převeďte plošný integrál na dvojný integrál $$\displaystyle \iint_\sigma \ {f}\ {\rm d}p = \iint_{D_{xy}} \ f(P(x,y))\ \|\vec n\| \ {\rm d} x {\rm d}y$$</p><p>6. Množina \(D_{xy}\) je kruh, proto je pro výpočet dvojného integrálu vhodné volit&nbsp; polární souřadnice.<br></p>]]></text>
    </generalfeedback>
    <defaultgrade>1.0000000</defaultgrade>
    <penalty>0.0000000</penalty>
    <hidden>0</hidden>
    <idnumber></idnumber>
    <correctfeedback format="html">
      <text>Vaše odpověď je správná.</text>
    </correctfeedback>
    <partiallycorrectfeedback format="html">
      <text>Vaše odpověď je částečně správná.</text>
    </partiallycorrectfeedback>
    <incorrectfeedback format="html">
      <text>Vaše odpověď je chybná.</text>
    </incorrectfeedback>
    <shownumcorrect/>
<varsrandom><text></text>
</varsrandom>
<varsglobal><text><![CDATA[f="\\sqrt{1+4z}";
sigma="\\mbox{rotačního paraboloidu }  z=x^2+y^2 \\mbox{ omezeného rovinou } z=4";
V = pi()*36]]></text>
</varsglobal>
<answernumbering><text>abc</text>
</answernumbering>
<answers>
 <partindex>
  <text>0</text>
 </partindex>
 <placeholder>
  <text></text>
 </placeholder>
 <answermark>
  <text>1</text>
 </answermark>
 <answertype>
  <text>10</text>
 </answertype>
 <numbox>
  <text>1</text>
 </numbox>
 <vars1>
  <text></text>
 </vars1>
 <answer>
  <text>V</text>
 </answer>
 <vars2>
  <text></text>
 </vars2>
 <correctness>
  <text><![CDATA[_relerr < 0.01]]></text>
 </correctness>
 <unitpenalty>
  <text>1</text>
 </unitpenalty>
 <postunit>
  <text></text>
 </postunit>
 <ruleid>
  <text>1</text>
 </ruleid>
 <otherrule>
  <text></text>
 </otherrule>
 <subqtext format="html">
<text><![CDATA[<p>Výsledek: {_0}<br></p>]]></text>
 </subqtext>
 <feedback format="html">
<text></text>
 </feedback>
 <correctfeedback format="html">
<text></text>
 </correctfeedback>
 <partiallycorrectfeedback format="html">
<text></text>
 </partiallycorrectfeedback>
 <incorrectfeedback format="html">
<text></text>
 </incorrectfeedback>
</answers>
  </question>

<!-- question: 141943  -->
  <question type="formulas">
    <name>
      <text>plošný skalární 6 (explicitní, kužel)</text>
    </name>
    <questiontext format="html">
      <text><![CDATA[<p>Vypočtěte plošný integrál $$\iint_\sigma\ {f}\ {\rm d}p,$$ $$\mbox{ kde plocha } \sigma \mbox{ je část }&nbsp; {sigma} .$$<br></p>]]></text>
    </questiontext>
    <generalfeedback format="html">
      <text><![CDATA[<p>Postup.</p><p>1. Načrtněte si obrázek plochy \(\sigma\) a její průmět do roviny \(xy,\ D_{xy}\). Zapište množinu \(D_{xy}\).<br></p><p>2. Navrhněte parametrizaci plochy \(P\). Plochu lze vyjádřit explicitně \(z = g(x,y)\), proto je vhodné zvolit \(P(x,y) = [x,\ y,\ g(x,y)],\ [x,y]\in D_{xy}\). <br></p><p>3. Určete normálový vektor \(\vec{n}\) a jeho velikost \( \|\vec{n}\|\). Při parametrizaci plochy podle bodu 2. lze normálový vektor určit: \(\displaystyle \vec n = \pm \left(\frac{\partial g}{\partial x},\ \frac{\partial g}{\partial y},\ -1\right)\).<br></p><p>4. Vyjádřete integrovanou funkci pomocí zvolené parametrizace a \( {\rm d} p = \|\vec n\| {\rm d} x {\rm d}y\).</p><p>5. Převeďte plošný integrál na dvojný integrál $$\displaystyle \iint_\sigma \ {f}\ {\rm d}p = \iint_{D_{xy}} \ f(P(x,y))\ \|\vec n\| \ {\rm d} x {\rm d}y$$</p><p>6. Množina \(D_{xy}\) je kruh, proto je pro výpočet dvojného integrálu vhodné volit&nbsp; polární souřadnice.<br></p>]]></text>
    </generalfeedback>
    <defaultgrade>1.0000000</defaultgrade>
    <penalty>0.0000000</penalty>
    <hidden>0</hidden>
    <idnumber></idnumber>
    <correctfeedback format="html">
      <text>Vaše odpověď je správná.</text>
    </correctfeedback>
    <partiallycorrectfeedback format="html">
      <text>Vaše odpověď je částečně správná.</text>
    </partiallycorrectfeedback>
    <incorrectfeedback format="html">
      <text>Vaše odpověď je chybná.</text>
    </incorrectfeedback>
    <shownumcorrect/>
<varsrandom><text></text>
</varsrandom>
<varsglobal><text><![CDATA[f="xy";
sigma="\\mbox{kuželové plochy }  z^2=x^2+y^2 \\mbox{ mezi rovinami } z=0,\ z=9";
V = 0]]></text>
</varsglobal>
<answernumbering><text>abc</text>
</answernumbering>
<answers>
 <partindex>
  <text>0</text>
 </partindex>
 <placeholder>
  <text></text>
 </placeholder>
 <answermark>
  <text>1</text>
 </answermark>
 <answertype>
  <text>10</text>
 </answertype>
 <numbox>
  <text>1</text>
 </numbox>
 <vars1>
  <text></text>
 </vars1>
 <answer>
  <text>V</text>
 </answer>
 <vars2>
  <text></text>
 </vars2>
 <correctness>
  <text><![CDATA[_relerr < 0.01]]></text>
 </correctness>
 <unitpenalty>
  <text>1</text>
 </unitpenalty>
 <postunit>
  <text></text>
 </postunit>
 <ruleid>
  <text>1</text>
 </ruleid>
 <otherrule>
  <text></text>
 </otherrule>
 <subqtext format="html">
<text><![CDATA[<p>Výsledek: {_0}<br></p>]]></text>
 </subqtext>
 <feedback format="html">
<text></text>
 </feedback>
 <correctfeedback format="html">
<text></text>
 </correctfeedback>
 <partiallycorrectfeedback format="html">
<text></text>
 </partiallycorrectfeedback>
 <incorrectfeedback format="html">
<text></text>
 </incorrectfeedback>
</answers>
  </question>

<!-- question: 141944  -->
  <question type="formulas">
    <name>
      <text>plošný skalární 7 (explicitní, kužel)</text>
    </name>
    <questiontext format="html">
      <text><![CDATA[<p>Vypočtěte plošný integrál $$\iint_\sigma\ {f}\ {\rm d}p,$$ $$\mbox{ kde plocha } \sigma \mbox{ je část }&nbsp; {sigma} .$$<br></p>]]></text>
    </questiontext>
    <generalfeedback format="html">
      <text><![CDATA[<p>Postup.</p><p>1. Načrtněte si obrázek plochy \(\sigma\) a její průmět do roviny \(xy,\ D_{xy}\). Zapište množinu \(D_{xy}\).<br></p><p>2. Navrhněte parametrizaci plochy \(P\). Plochu lze vyjádřit explicitně \(z = g(x,y)\), proto je vhodné zvolit \(P(x,y) = [x,\ y,\ g(x,y)],\ [x,y]\in D_{xy}\). <br></p><p>3. Určete normálový vektor \(\vec{n}\) a jeho velikost \( \|\vec{n}\|\). Při parametrizaci plochy podle bodu 2. lze normálový vektor určit: \(\displaystyle \vec n = \pm \left(\frac{\partial g}{\partial x},\ \frac{\partial g}{\partial y},\ -1\right)\).<br></p><p>4. Vyjádřete integrovanou funkci pomocí zvolené parametrizace a \( {\rm d} p = \|\vec n\| {\rm d} x {\rm d}y\).</p><p>5. Převeďte plošný integrál na dvojný integrál $$\displaystyle \iint_\sigma \ {f}\ {\rm d}p = \iint_{D_{xy}} \ f(P(x,y))\ \|\vec n\| \ {\rm d} x {\rm d}y$$</p><p>6. Množina \(D_{xy}\) je mezikruží, proto je pro výpočet dvojného integrálu vhodné volit&nbsp; polární souřadnice.<br></p>]]></text>
    </generalfeedback>
    <defaultgrade>1.0000000</defaultgrade>
    <penalty>0.0000000</penalty>
    <hidden>0</hidden>
    <idnumber></idnumber>
    <correctfeedback format="html">
      <text>Vaše odpověď je správná.</text>
    </correctfeedback>
    <partiallycorrectfeedback format="html">
      <text>Vaše odpověď je částečně správná.</text>
    </partiallycorrectfeedback>
    <incorrectfeedback format="html">
      <text>Vaše odpověď je chybná.</text>
    </incorrectfeedback>
    <shownumcorrect/>
<varsrandom><text></text>
</varsrandom>
<varsglobal><text><![CDATA[f="z";
sigma="\\mbox{kuželové plochy }  z^2=x^2+y^2 \\mbox{ pro } 1\\leq z\\leq 2";
V = 14*pi()*sqrt(2)/3]]></text>
</varsglobal>
<answernumbering><text>abc</text>
</answernumbering>
<answers>
 <partindex>
  <text>0</text>
 </partindex>
 <placeholder>
  <text></text>
 </placeholder>
 <answermark>
  <text>1</text>
 </answermark>
 <answertype>
  <text>10</text>
 </answertype>
 <numbox>
  <text>1</text>
 </numbox>
 <vars1>
  <text></text>
 </vars1>
 <answer>
  <text>V</text>
 </answer>
 <vars2>
  <text></text>
 </vars2>
 <correctness>
  <text><![CDATA[_relerr < 0.01]]></text>
 </correctness>
 <unitpenalty>
  <text>1</text>
 </unitpenalty>
 <postunit>
  <text></text>
 </postunit>
 <ruleid>
  <text>1</text>
 </ruleid>
 <otherrule>
  <text></text>
 </otherrule>
 <subqtext format="html">
<text><![CDATA[<p>Výsledek: {_0}<br></p>]]></text>
 </subqtext>
 <feedback format="html">
<text></text>
 </feedback>
 <correctfeedback format="html">
<text></text>
 </correctfeedback>
 <partiallycorrectfeedback format="html">
<text></text>
 </partiallycorrectfeedback>
 <incorrectfeedback format="html">
<text></text>
 </incorrectfeedback>
</answers>
  </question>

<!-- question: 141955  -->
  <question type="formulas">
    <name>
      <text>plošný skalární 8 (explicitní, kužel parametrický)</text>
    </name>
    <questiontext format="html">
      <text><![CDATA[<p>Vypočtěte plošný integrál $$\iint_\sigma\ {f}\ {\rm d}p,$$ $$\mbox{ kde plocha } \sigma \mbox{ je část kuželové plochy&nbsp; }&nbsp; {{a2}} z^2={{b2}} x^2 + {{b2}} y^2 \mbox{ pro } -{{b}} \leq z\leq 0.$$<br></p>]]></text>
    </questiontext>
    <generalfeedback format="html">
      <text><![CDATA[<p>Postup.</p><p>1. Načrtněte si obrázek plochy \(\sigma\) a její průmět do roviny \(xy,\ D_{xy}\). Zapište množinu \(D_{xy}\).<br></p><p>2. Navrhněte parametrizaci plochy \(P\). Plochu lze vyjádřit explicitně \(z = g(x,y)\), proto je vhodné zvolit \(P(x,y) = [x,\ y,\ g(x,y)],\ [x,y]\in D_{xy}\). <br></p><p>3. Určete normálový vektor \(\vec{n}\) a jeho velikost \( \|\vec{n}\|\). Při parametrizaci plochy podle bodu 2. lze normálový vektor určit: \(\displaystyle \vec n = \pm \left(\frac{\partial g}{\partial x},\ \frac{\partial g}{\partial y},\ -1\right)\).<br></p><p>4. Vyjádřete integrovanou funkci pomocí zvolené parametrizace a \( {\rm d} p = \|\vec n\| {\rm d} x {\rm d}y\).</p><p>5. Převeďte plošný integrál na dvojný integrál $$\displaystyle \iint_\sigma \ {f}\ {\rm d}p = \iint_{D_{xy}} \ f(P(x,y))\ \|\vec n\| \ {\rm d} x {\rm d}y$$</p><p>6. Množina \(D_{xy}\) je kruh, proto je pro výpočet dvojného integrálu vhodné volit&nbsp; polární souřadnice.<br></p>]]></text>
    </generalfeedback>
    <defaultgrade>1.0000000</defaultgrade>
    <penalty>0.0000000</penalty>
    <hidden>0</hidden>
    <idnumber></idnumber>
    <correctfeedback format="html">
      <text>Vaše odpověď je správná.</text>
    </correctfeedback>
    <partiallycorrectfeedback format="html">
      <text>Vaše odpověď je částečně správná.</text>
    </partiallycorrectfeedback>
    <incorrectfeedback format="html">
      <text>Vaše odpověď je chybná.</text>
    </incorrectfeedback>
    <shownumcorrect/>
<varsrandom><text>a={2:4}; b={2:4}</text>
</varsrandom>
<varsglobal><text><![CDATA[a2=a*a;b2=b*b;
f="\\sqrt{x^2 + y^2}";
#sigma="\\mbox{ }  {{a2}} z^2={{b2}} x^2 + {{b2}} y^2 \\mbox{ pro } -{{b}}\\leq z\\leq 0";
V = 2*pi()*a2*sqrt(a2+b2)/3]]></text>
</varsglobal>
<answernumbering><text>abc</text>
</answernumbering>
<answers>
 <partindex>
  <text>0</text>
 </partindex>
 <placeholder>
  <text></text>
 </placeholder>
 <answermark>
  <text>1</text>
 </answermark>
 <answertype>
  <text>10</text>
 </answertype>
 <numbox>
  <text>1</text>
 </numbox>
 <vars1>
  <text></text>
 </vars1>
 <answer>
  <text>V</text>
 </answer>
 <vars2>
  <text></text>
 </vars2>
 <correctness>
  <text><![CDATA[_relerr < 0.01]]></text>
 </correctness>
 <unitpenalty>
  <text>1</text>
 </unitpenalty>
 <postunit>
  <text></text>
 </postunit>
 <ruleid>
  <text>1</text>
 </ruleid>
 <otherrule>
  <text></text>
 </otherrule>
 <subqtext format="html">
<text><![CDATA[<p>Výsledek: {_0}<br></p>]]></text>
 </subqtext>
 <feedback format="html">
<text></text>
 </feedback>
 <correctfeedback format="html">
<text></text>
 </correctfeedback>
 <partiallycorrectfeedback format="html">
<text></text>
 </partiallycorrectfeedback>
 <incorrectfeedback format="html">
<text></text>
 </incorrectfeedback>
</answers>
  </question>

</quiz>