<?xml version="1.0" encoding="UTF-8"?>
<quiz>
<!-- question: 0  -->
  <question type="category">
    <category>
      <text>$course$/top/Výchozí v B192-2011068</text>
    </category>
    <info format="html">
      <text><![CDATA[Výchozí kategorie pro úlohy sdílené v kontextu "B192-2011068".]]></text>
    </info>
    <idnumber></idnumber>
  </question>

<!-- question: 0  -->
  <question type="category">
    <category>
      <text>$course$/top/Výchozí v B192-2011068/OM/Téma 6/křivkový-vektorová-úsečka</text>
    </category>
    <info format="html">
      <text></text>
    </info>
    <idnumber></idnumber>
  </question>

<!-- question: 137802  -->
  <question type="formulas">
    <name>
      <text>křivkový vektorová 1 (úsečka)</text>
    </name>
    <questiontext format="html">
      <text><![CDATA[<p>Vypočtěte křivkový integrál $$\int_C\ (x-y,\ x+y)\ {\rm d}\vec s,$$ $$\mbox{ kde křivka } C \mbox{ je úsečka } \overline{AB},\ A = [2,\ 3],\ B=[3,\ 5],\ \mbox{ počáteční bod je }A.$$<br></p>]]></text>
    </questiontext>
    <generalfeedback format="html">
      <text><![CDATA[<p>Postup.<br></p><p>1. Navrhněte parametrizaci \(P(t)\) úsečky \(\ \overline{AB}\), například \(\displaystyle X = A + t(B-A),\ t\in\langle 0,\ 1\rangle\).</p><p>2. Určete tečný vektor \(\dot{P}(t)\).</p><p>3. Vyjádřete integrovanou funkci pomocí zvolené parametrizace a \( {\rm d} \vec s =\dot{P}(t) {\rm d} t\).</p><p>4. Převeďte křivkový integrál na Riemannův integrál $$\displaystyle \int_C \ (x-y,\ x+y)\ {\rm d}\vec s = \int_0^1\ f(P(t))\cdot\dot P(t)\ {\rm d} t$$<br></p>]]></text>
    </generalfeedback>
    <defaultgrade>1.0000000</defaultgrade>
    <penalty>0.0000000</penalty>
    <hidden>0</hidden>
    <idnumber></idnumber>
    <correctfeedback format="html">
      <text>Vaše odpověď je správná.</text>
    </correctfeedback>
    <partiallycorrectfeedback format="html">
      <text>Vaše odpověď je částečně správná.</text>
    </partiallycorrectfeedback>
    <incorrectfeedback format="html">
      <text>Vaše odpověď je chybná.</text>
    </incorrectfeedback>
    <shownumcorrect/>
<varsrandom><text></text>
</varsrandom>
<varsglobal><text>V=23/2</text>
</varsglobal>
<answernumbering><text>abc</text>
</answernumbering>
<answers>
 <partindex>
  <text>0</text>
 </partindex>
 <placeholder>
  <text></text>
 </placeholder>
 <answermark>
  <text>1</text>
 </answermark>
 <answertype>
  <text>10</text>
 </answertype>
 <numbox>
  <text>1</text>
 </numbox>
 <vars1>
  <text></text>
 </vars1>
 <answer>
  <text>V</text>
 </answer>
 <vars2>
  <text></text>
 </vars2>
 <correctness>
  <text><![CDATA[_relerr < 0.01]]></text>
 </correctness>
 <unitpenalty>
  <text>1</text>
 </unitpenalty>
 <postunit>
  <text></text>
 </postunit>
 <ruleid>
  <text>1</text>
 </ruleid>
 <otherrule>
  <text></text>
 </otherrule>
 <subqtext format="html">
<text><![CDATA[<p>Výsledek: {_0}<br></p>]]></text>
 </subqtext>
 <feedback format="html">
<text></text>
 </feedback>
 <correctfeedback format="html">
<text></text>
 </correctfeedback>
 <partiallycorrectfeedback format="html">
<text></text>
 </partiallycorrectfeedback>
 <incorrectfeedback format="html">
<text></text>
 </incorrectfeedback>
</answers>
  </question>

<!-- question: 137804  -->
  <question type="formulas">
    <name>
      <text>křivkový vektorová 2 (úsečka)</text>
    </name>
    <questiontext format="html">
      <text><![CDATA[<p>Vypočtěte křivkový integrál $$\int_C\ (x,\ -y,\ z)\ {\rm d}\vec s,$$ $$\mbox{ kde křivka } C \mbox{ je úsečka } \overline{AB},\ A = [1,\ 1,\ 1],\ B=[4,\ 3,\ 2],\ \mbox{ počáteční bod je }A.$$<br></p>]]></text>
    </questiontext>
    <generalfeedback format="html">
      <text><![CDATA[<p>Postup.<br></p><p>1. Navrhněte parametrizaci \(P(t)\) úsečky \(\ \overline{AB}\), například \(\displaystyle X = A + t(B-A),\ t\in\langle 0,\ 1\rangle\).</p><p>2. Určete tečný vektor \(\dot{P}(t)\).</p><p>3. Vyjádřete integrovanou funkci pomocí zvolené parametrizace a \( {\rm d} \vec s =\dot{P}(t) {\rm d} t\).</p><p>4. Převeďte křivkový integrál na Riemannův integrál $$\displaystyle \int_C \ (x,\ -y,\ z)\ {\rm d}\vec s = \int_0^1\ f(P(t))\cdot\dot P(t)\ {\rm d} t$$<br></p>]]></text>
    </generalfeedback>
    <defaultgrade>1.0000000</defaultgrade>
    <penalty>0.0000000</penalty>
    <hidden>0</hidden>
    <idnumber></idnumber>
    <correctfeedback format="html">
      <text>Vaše odpověď je správná.</text>
    </correctfeedback>
    <partiallycorrectfeedback format="html">
      <text>Vaše odpověď je částečně správná.</text>
    </partiallycorrectfeedback>
    <incorrectfeedback format="html">
      <text>Vaše odpověď je chybná.</text>
    </incorrectfeedback>
    <shownumcorrect/>
<varsrandom><text></text>
</varsrandom>
<varsglobal><text>V=5</text>
</varsglobal>
<answernumbering><text>abc</text>
</answernumbering>
<answers>
 <partindex>
  <text>0</text>
 </partindex>
 <placeholder>
  <text></text>
 </placeholder>
 <answermark>
  <text>1</text>
 </answermark>
 <answertype>
  <text>10</text>
 </answertype>
 <numbox>
  <text>1</text>
 </numbox>
 <vars1>
  <text></text>
 </vars1>
 <answer>
  <text>V</text>
 </answer>
 <vars2>
  <text></text>
 </vars2>
 <correctness>
  <text><![CDATA[_relerr < 0.01]]></text>
 </correctness>
 <unitpenalty>
  <text>1</text>
 </unitpenalty>
 <postunit>
  <text></text>
 </postunit>
 <ruleid>
  <text>1</text>
 </ruleid>
 <otherrule>
  <text></text>
 </otherrule>
 <subqtext format="html">
<text><![CDATA[<p>Výsledek: {_0}<br></p>]]></text>
 </subqtext>
 <feedback format="html">
<text></text>
 </feedback>
 <correctfeedback format="html">
<text></text>
 </correctfeedback>
 <partiallycorrectfeedback format="html">
<text></text>
 </partiallycorrectfeedback>
 <incorrectfeedback format="html">
<text></text>
 </incorrectfeedback>
</answers>
  </question>

<!-- question: 137805  -->
  <question type="formulas">
    <name>
      <text>křivkový vektorová 3 (úsečka)</text>
    </name>
    <questiontext format="html">
      <text><![CDATA[<p>Vypočtěte křivkový integrál $$\int_C\ \left(\frac{x}{\sqrt{x^2+y^2+z^2}},\ \frac{y}{\sqrt{x^2+y^2+z^2}},\ \frac{z}{\sqrt{x^2+y^2+z^2}}\right)\ {\rm d}\vec s,$$ $$\mbox{ kde křivka } C \mbox{ je úsečka } \overline{AB},\ A = [0,\ 0,\ {a}],\ B=[0,\ {b},\ 0],\ \mbox{ počáteční bod je }A.$$<br></p>]]></text>
    </questiontext>
    <generalfeedback format="html">
      <text><![CDATA[<p>Postup.<br></p><p>1. Navrhněte parametrizaci \(P(t)\) úsečky \(\ \overline{AB}\), například \(\displaystyle X = A + t(B-A),\ t\in\langle 0,\ 1\rangle\).</p><p>2. Určete tečný vektor \(\dot{P}(t)\).</p><p>3. Vyjádřete integrovanou funkci pomocí zvolené parametrizace a \( {\rm d} \vec s =\dot{P}(t) {\rm d} t\).</p><p>4. Převeďte křivkový integrál na Riemannův integrál $$\displaystyle \int_C \ \left(\frac{x}{\sqrt{x^2+y^2+z^2}},\ \frac{y}{\sqrt{x^2+y^2+z^2}},\ \frac{z}{\sqrt{x^2+y^2+z^2}}\right)\ {\rm d}\vec s = \int_0^1\ f(P(t))\cdot\dot P(t)\ {\rm d} t$$<br></p>]]></text>
    </generalfeedback>
    <defaultgrade>1.0000000</defaultgrade>
    <penalty>0.0000000</penalty>
    <hidden>0</hidden>
    <idnumber></idnumber>
    <correctfeedback format="html">
      <text>Vaše odpověď je správná.</text>
    </correctfeedback>
    <partiallycorrectfeedback format="html">
      <text>Vaše odpověď je částečně správná.</text>
    </partiallycorrectfeedback>
    <incorrectfeedback format="html">
      <text>Vaše odpověď je chybná.</text>
    </incorrectfeedback>
    <shownumcorrect/>
<varsrandom><text>a={1:5}; q={1:3}</text>
</varsrandom>
<varsglobal><text>b=a+q;
V=b-a</text>
</varsglobal>
<answernumbering><text>abc</text>
</answernumbering>
<answers>
 <partindex>
  <text>0</text>
 </partindex>
 <placeholder>
  <text></text>
 </placeholder>
 <answermark>
  <text>1</text>
 </answermark>
 <answertype>
  <text>10</text>
 </answertype>
 <numbox>
  <text>1</text>
 </numbox>
 <vars1>
  <text></text>
 </vars1>
 <answer>
  <text>V</text>
 </answer>
 <vars2>
  <text></text>
 </vars2>
 <correctness>
  <text><![CDATA[_relerr < 0.01]]></text>
 </correctness>
 <unitpenalty>
  <text>1</text>
 </unitpenalty>
 <postunit>
  <text></text>
 </postunit>
 <ruleid>
  <text>1</text>
 </ruleid>
 <otherrule>
  <text></text>
 </otherrule>
 <subqtext format="html">
<text><![CDATA[<p>Výsledek: {_0}<br></p>]]></text>
 </subqtext>
 <feedback format="html">
<text></text>
 </feedback>
 <correctfeedback format="html">
<text></text>
 </correctfeedback>
 <partiallycorrectfeedback format="html">
<text></text>
 </partiallycorrectfeedback>
 <incorrectfeedback format="html">
<text></text>
 </incorrectfeedback>
</answers>
  </question>

<!-- question: 137809  -->
  <question type="formulas">
    <name>
      <text>křivkový vektorová 4 (úsečka)</text>
    </name>
    <questiontext format="html">
      <text><![CDATA[<p>Vypočtěte křivkový integrál $$\int_C\ (y,\ z,\ x)\ {\rm d}\vec s,$$ \(\mbox{ kde křivka } C \mbox{ je lomená čára } \overline{OABC},\)$$O=[0,\ 0,\ 0],\ A = [{a},\ 0,\ 0],\ B=[{a},\ {a},\ 0],\ C=[{a},\ {a},\ {a}]\mbox{ počáteční bod je }O.$$<br></p>]]></text>
    </questiontext>
    <generalfeedback format="html">
      <text><![CDATA[<p>Postup.<br></p><p>1. Navrhněte parametrizaci \(P(t)\) úsečky \(\ \overline{AB}\), například \(\displaystyle X = A + t(B-A),\ t\in\langle 0,\ 1\rangle\).</p><p>2. Určete tečný vektor \(\dot{P}(t)\).</p><p>3. Vyjádřete integrovanou funkci pomocí zvolené parametrizace a \( {\rm d} \vec s =\dot{P}(t) {\rm d} t\).</p><p>4. Převeďte křivkový integrál na Riemannův integrál $$\displaystyle \int_C \ (y,\ z,\ x)\ {\rm d}\vec s = \int_0^1\ f(P(t))\cdot\dot P(t)\ {\rm d} t$$<br></p>]]></text>
    </generalfeedback>
    <defaultgrade>1.0000000</defaultgrade>
    <penalty>0.0000000</penalty>
    <hidden>0</hidden>
    <idnumber></idnumber>
    <correctfeedback format="html">
      <text>Vaše odpověď je správná.</text>
    </correctfeedback>
    <partiallycorrectfeedback format="html">
      <text>Vaše odpověď je částečně správná.</text>
    </partiallycorrectfeedback>
    <incorrectfeedback format="html">
      <text>Vaše odpověď je chybná.</text>
    </incorrectfeedback>
    <shownumcorrect/>
<varsrandom><text>a={1:5}</text>
</varsrandom>
<varsglobal><text>V=a*a</text>
</varsglobal>
<answernumbering><text>abc</text>
</answernumbering>
<answers>
 <partindex>
  <text>0</text>
 </partindex>
 <placeholder>
  <text></text>
 </placeholder>
 <answermark>
  <text>1</text>
 </answermark>
 <answertype>
  <text>10</text>
 </answertype>
 <numbox>
  <text>1</text>
 </numbox>
 <vars1>
  <text></text>
 </vars1>
 <answer>
  <text>V</text>
 </answer>
 <vars2>
  <text></text>
 </vars2>
 <correctness>
  <text><![CDATA[_relerr < 0.01]]></text>
 </correctness>
 <unitpenalty>
  <text>1</text>
 </unitpenalty>
 <postunit>
  <text></text>
 </postunit>
 <ruleid>
  <text>1</text>
 </ruleid>
 <otherrule>
  <text></text>
 </otherrule>
 <subqtext format="html">
<text><![CDATA[<p>Výsledek: {_0}<br></p>]]></text>
 </subqtext>
 <feedback format="html">
<text></text>
 </feedback>
 <correctfeedback format="html">
<text></text>
 </correctfeedback>
 <partiallycorrectfeedback format="html">
<text></text>
 </partiallycorrectfeedback>
 <incorrectfeedback format="html">
<text></text>
 </incorrectfeedback>
</answers>
  </question>

</quiz>