<?xml version="1.0" encoding="UTF-8"?>
<quiz>
<!-- question: 0  -->
  <question type="category">
    <category>
      <text>$course$/top/Výchozí v B192-2011068</text>
    </category>
    <info format="html">
      <text><![CDATA[Výchozí kategorie pro úlohy sdílené v kontextu "B192-2011068".]]></text>
    </info>
    <idnumber></idnumber>
  </question>

<!-- question: 0  -->
  <question type="category">
    <category>
      <text>$course$/top/Výchozí v B192-2011068/OM/Téma 4/dvojny_obdelnik</text>
    </category>
    <info format="html">
      <text></text>
    </info>
    <idnumber></idnumber>
  </question>

<!-- question: 132872  -->
  <question type="formulas">
    <name>
      <text>a. dvojný v obdélníku</text>
    </name>
    <questiontext format="html">
      <text><![CDATA[<p>Vypočtěte integrál</p><p>\( \displaystyle \iint_D \ (x+3)\ dxdy,\quad\mbox{kde }\quad D=\{[x,y]: x\in\langle {a},\ {b}\rangle,\ y\in\langle {c},\ {d}\rangle\} \)<br></p>]]></text>
    </questiontext>
    <generalfeedback format="html">
      <text></text>
    </generalfeedback>
    <defaultgrade>1.0000000</defaultgrade>
    <penalty>0.0000000</penalty>
    <hidden>0</hidden>
    <idnumber></idnumber>
    <correctfeedback format="html">
      <text>Vaše odpověď je správná.</text>
    </correctfeedback>
    <partiallycorrectfeedback format="html">
      <text>Vaše odpověď je částečně správná.</text>
    </partiallycorrectfeedback>
    <incorrectfeedback format="html">
      <text>Vaše odpověď je chybná.</text>
    </incorrectfeedback>
    <shownumcorrect/>
<varsrandom><text>a={-3,-2,-1,0}; 
b={1,2,3,4}; 
c={-3,-2,-1,0}; 
d={1,2,3,4};</text>
</varsrandom>
<varsglobal><text>f= b*b/2 + 3*b - (a*a/2 + 3*a);
integral = (d-c)*f;</text>
</varsglobal>
<answernumbering><text>abc</text>
</answernumbering>
<answers>
 <partindex>
  <text>0</text>
 </partindex>
 <placeholder>
  <text></text>
 </placeholder>
 <answermark>
  <text>1</text>
 </answermark>
 <answertype>
  <text>10</text>
 </answertype>
 <numbox>
  <text>1</text>
 </numbox>
 <vars1>
  <text></text>
 </vars1>
 <answer>
  <text>integral</text>
 </answer>
 <vars2>
  <text></text>
 </vars2>
 <correctness>
  <text><![CDATA[_relerr < 0.01]]></text>
 </correctness>
 <unitpenalty>
  <text>1</text>
 </unitpenalty>
 <postunit>
  <text></text>
 </postunit>
 <ruleid>
  <text>1</text>
 </ruleid>
 <otherrule>
  <text></text>
 </otherrule>
 <subqtext format="html">
<text><![CDATA[<p>\(&nbsp; \displaystyle \int_{{c}}^{{d}}\left(\int_{{a}}^{{b}} (x+3)\ {\rm d}x\right){\rm d}y = \){_0}<br></p>]]></text>
 </subqtext>
 <feedback format="html">
<text></text>
 </feedback>
 <correctfeedback format="html">
<text></text>
 </correctfeedback>
 <partiallycorrectfeedback format="html">
<text></text>
 </partiallycorrectfeedback>
 <incorrectfeedback format="html">
<text></text>
 </incorrectfeedback>
</answers>
  </question>

<!-- question: 132873  -->
  <question type="formulas">
    <name>
      <text>b. dvojný v obdélníku</text>
    </name>
    <questiontext format="html">
      <text><![CDATA[<p>Vypočtěte integrál<br>\( \displaystyle \iint_D \ (2x-4y)\ dxdy,\quad\mbox{kde }\quad D=\{[x,y]: x\in\langle {a},\ {b}\rangle,\ y\in\langle {c},\ {d}\rangle\} \)<br><br></p>]]></text>
    </questiontext>
    <generalfeedback format="html">
      <text></text>
    </generalfeedback>
    <defaultgrade>1.0000000</defaultgrade>
    <penalty>0.0000000</penalty>
    <hidden>0</hidden>
    <idnumber></idnumber>
    <correctfeedback format="html">
      <text>Vaše odpověď je správná.</text>
    </correctfeedback>
    <partiallycorrectfeedback format="html">
      <text>Vaše odpověď je částečně správná.</text>
    </partiallycorrectfeedback>
    <incorrectfeedback format="html">
      <text>Vaše odpověď je chybná.</text>
    </incorrectfeedback>
    <shownumcorrect/>
<varsrandom><text>a={-3,-2,-1,0}; b={1,2,3,4}; c={-3,-2,-1,0}; d={1,2,3,4};</text>
</varsrandom>
<varsglobal><text>f= (d-c)*(b*b-a*a)-2*(d*d-c*c)*(b-a);
</text>
</varsglobal>
<answernumbering><text>abc</text>
</answernumbering>
<answers>
 <partindex>
  <text>0</text>
 </partindex>
 <placeholder>
  <text></text>
 </placeholder>
 <answermark>
  <text>1</text>
 </answermark>
 <answertype>
  <text>10</text>
 </answertype>
 <numbox>
  <text>1</text>
 </numbox>
 <vars1>
  <text></text>
 </vars1>
 <answer>
  <text>f</text>
 </answer>
 <vars2>
  <text></text>
 </vars2>
 <correctness>
  <text><![CDATA[_relerr < 0.01]]></text>
 </correctness>
 <unitpenalty>
  <text>1</text>
 </unitpenalty>
 <postunit>
  <text></text>
 </postunit>
 <ruleid>
  <text>1</text>
 </ruleid>
 <otherrule>
  <text></text>
 </otherrule>
 <subqtext format="html">
<text><![CDATA[<p>\(&nbsp; \displaystyle \int_{{c}}^{{d}}\left(\int_{{a}}^{{b}} (2x-4y)\ {\rm d}x\right){\rm d}y = \){_0}<br></p>]]></text>
 </subqtext>
 <feedback format="html">
<text></text>
 </feedback>
 <correctfeedback format="html">
<text></text>
 </correctfeedback>
 <partiallycorrectfeedback format="html">
<text></text>
 </partiallycorrectfeedback>
 <incorrectfeedback format="html">
<text></text>
 </incorrectfeedback>
</answers>
  </question>

<!-- question: 132874  -->
  <question type="formulas">
    <name>
      <text>c. dvojný v obdélníku</text>
    </name>
    <questiontext format="html">
      <text><![CDATA[<p>Vypočtěte integrál<br>\( \displaystyle \iint_D \ (x^2+y^2)\ dxdy,\quad\mbox{kde }\quad D=\{[x,y]: x\in\langle {a},\ {b}\rangle,\ y\in\langle {c},\ {d}\rangle\} \)<br></p>]]></text>
    </questiontext>
    <generalfeedback format="html">
      <text></text>
    </generalfeedback>
    <defaultgrade>1.0000000</defaultgrade>
    <penalty>0.0000000</penalty>
    <hidden>0</hidden>
    <idnumber></idnumber>
    <correctfeedback format="html">
      <text>Vaše odpověď je správná.</text>
    </correctfeedback>
    <partiallycorrectfeedback format="html">
      <text>Vaše odpověď je částečně správná.</text>
    </partiallycorrectfeedback>
    <incorrectfeedback format="html">
      <text>Vaše odpověď je chybná.</text>
    </incorrectfeedback>
    <shownumcorrect/>
<varsrandom><text>a={-3,-2,-1,0}; b={1,2,3,4}; c={-3,-2,-1,0}; d={1,2,3,4};
</text>
</varsrandom>
<varsglobal><text>f=((d-c)*(b*b*b-a*a*a)+(d*d*d-c*c*c)*(b-a))/3;</text>
</varsglobal>
<answernumbering><text>abc</text>
</answernumbering>
<answers>
 <partindex>
  <text>0</text>
 </partindex>
 <placeholder>
  <text></text>
 </placeholder>
 <answermark>
  <text>1</text>
 </answermark>
 <answertype>
  <text>10</text>
 </answertype>
 <numbox>
  <text>1</text>
 </numbox>
 <vars1>
  <text></text>
 </vars1>
 <answer>
  <text>f</text>
 </answer>
 <vars2>
  <text></text>
 </vars2>
 <correctness>
  <text><![CDATA[_relerr < 0.01]]></text>
 </correctness>
 <unitpenalty>
  <text>1</text>
 </unitpenalty>
 <postunit>
  <text></text>
 </postunit>
 <ruleid>
  <text>1</text>
 </ruleid>
 <otherrule>
  <text></text>
 </otherrule>
 <subqtext format="html">
<text><![CDATA[<p>\(&nbsp; \displaystyle \int_{{c}}^{{d}}\left(\int_{{a}}^{{b}} (x^2+y^2)\ {\rm d}x\right){\rm d}y = \){_0}<br></p>]]></text>
 </subqtext>
 <feedback format="html">
<text></text>
 </feedback>
 <correctfeedback format="html">
<text></text>
 </correctfeedback>
 <partiallycorrectfeedback format="html">
<text></text>
 </partiallycorrectfeedback>
 <incorrectfeedback format="html">
<text></text>
 </incorrectfeedback>
</answers>
  </question>

<!-- question: 132875  -->
  <question type="formulas">
    <name>
      <text>d. dvojný v obdélníku</text>
    </name>
    <questiontext format="html">
      <text><![CDATA[<p>Vypočtěte integrál<br>\( \displaystyle \iint_D \ x\sqrt{x^2+y}\ dxdy,\quad\mbox{kde }\quad D=\{[x,y]: x\in\langle {a},\ {b}\rangle,\ y\in\langle {c},\ {d}\rangle\} \)<br><br></p>]]></text>
    </questiontext>
    <generalfeedback format="html">
      <text></text>
    </generalfeedback>
    <defaultgrade>1.0000000</defaultgrade>
    <penalty>0.0000000</penalty>
    <hidden>0</hidden>
    <idnumber></idnumber>
    <correctfeedback format="html">
      <text>Vaše odpověď je správná.</text>
    </correctfeedback>
    <partiallycorrectfeedback format="html">
      <text>Vaše odpověď je částečně správná.</text>
    </partiallycorrectfeedback>
    <incorrectfeedback format="html">
      <text>Vaše odpověď je chybná.</text>
    </incorrectfeedback>
    <shownumcorrect/>
<varsrandom><text>a={0,1}; b={2,3}; c={0,1}; d={2,3};</text>
</varsrandom>
<varsglobal><text>f=2/15*( (d+b*b)*(d+b*b)*sqrt(d+b*b)-(c+b*b)*(c+b*b)*sqrt(c+b*b) -(d+a*a)*(d+a*a)*sqrt(d+a*a) +(c+a*a)*(c+a*a)*sqrt(c+a*a) )</text>
</varsglobal>
<answernumbering><text>abc</text>
</answernumbering>
<answers>
 <partindex>
  <text>0</text>
 </partindex>
 <placeholder>
  <text></text>
 </placeholder>
 <answermark>
  <text>1</text>
 </answermark>
 <answertype>
  <text>10</text>
 </answertype>
 <numbox>
  <text>1</text>
 </numbox>
 <vars1>
  <text></text>
 </vars1>
 <answer>
  <text>f</text>
 </answer>
 <vars2>
  <text></text>
 </vars2>
 <correctness>
  <text><![CDATA[_relerr < 0.01]]></text>
 </correctness>
 <unitpenalty>
  <text>1</text>
 </unitpenalty>
 <postunit>
  <text></text>
 </postunit>
 <ruleid>
  <text>1</text>
 </ruleid>
 <otherrule>
  <text></text>
 </otherrule>
 <subqtext format="html">
<text><![CDATA[<p>\(&nbsp; \displaystyle \int_{{c}}^{{d}}\left(\int_{{a}}^{{b}} x\sqrt{x^2+y}\ {\rm d}x\right){\rm d}y = \){_0}<br></p>]]></text>
 </subqtext>
 <feedback format="html">
<text></text>
 </feedback>
 <correctfeedback format="html">
<text></text>
 </correctfeedback>
 <partiallycorrectfeedback format="html">
<text></text>
 </partiallycorrectfeedback>
 <incorrectfeedback format="html">
<text></text>
 </incorrectfeedback>
</answers>
  </question>

<!-- question: 132876  -->
  <question type="formulas">
    <name>
      <text>e. dvojný v obdélníku</text>
    </name>
    <questiontext format="html">
      <text><![CDATA[<p>Vypočtěte integrál<br>\( \displaystyle \iint_D \ \frac{x}{(xy+1)^2}\ dxdy,\quad\mbox{kde }\quad D=\{[x,y]: x\in\langle {a},\ {b}\rangle,\ y\in\langle {c},\ {d}\rangle\} \)<br><br></p>]]></text>
    </questiontext>
    <generalfeedback format="html">
      <text></text>
    </generalfeedback>
    <defaultgrade>1.0000000</defaultgrade>
    <penalty>0.3333333</penalty>
    <hidden>0</hidden>
    <idnumber></idnumber>
    <correctfeedback format="html">
      <text>Vaše odpověď je správná.</text>
    </correctfeedback>
    <partiallycorrectfeedback format="html">
      <text>Vaše odpověď je částečně správná.</text>
    </partiallycorrectfeedback>
    <incorrectfeedback format="html">
      <text>Vaše odpověď je chybná.</text>
    </incorrectfeedback>
    <shownumcorrect/>
<varsrandom><text>a={0,1}; b={2,3};c={0.5, 1}; d={2,3};</text>
</varsrandom>
<varsglobal><text>f=1/c*log(abs((b*c+1)/(a*c+1)))-1/d*log(abs((b*d+1)/(a*d+1)));</text>
</varsglobal>
<answernumbering><text>abc</text>
</answernumbering>
<answers>
 <partindex>
  <text>0</text>
 </partindex>
 <placeholder>
  <text></text>
 </placeholder>
 <answermark>
  <text>1</text>
 </answermark>
 <answertype>
  <text>10</text>
 </answertype>
 <numbox>
  <text>1</text>
 </numbox>
 <vars1>
  <text></text>
 </vars1>
 <answer>
  <text>f</text>
 </answer>
 <vars2>
  <text></text>
 </vars2>
 <correctness>
  <text><![CDATA[_relerr < 0.01]]></text>
 </correctness>
 <unitpenalty>
  <text>1</text>
 </unitpenalty>
 <postunit>
  <text></text>
 </postunit>
 <ruleid>
  <text>1</text>
 </ruleid>
 <otherrule>
  <text></text>
 </otherrule>
 <subqtext format="html">
<text><![CDATA[<p>\(&nbsp; \displaystyle \int_{{a}}^{{b}}\left(\int_{{c}}^{{d}} \frac{x}{(xy+1)^2}\ {\rm d}y\right){\rm d}x = \){_0}<br><br></p>]]></text>
 </subqtext>
 <feedback format="html">
<text></text>
 </feedback>
 <correctfeedback format="html">
<text></text>
 </correctfeedback>
 <partiallycorrectfeedback format="html">
<text></text>
 </partiallycorrectfeedback>
 <incorrectfeedback format="html">
<text></text>
 </incorrectfeedback>
</answers>
  </question>

<!-- question: 132877  -->
  <question type="formulas">
    <name>
      <text>f. dvojný v obdélníku</text>
    </name>
    <questiontext format="html">
      <text><![CDATA[<p>Vypočtěte integrál<br>\( \displaystyle \iint_D \ (x+y)\ dxdy,\quad\mbox{kde }\quad D=\{[x,y]: x\in\langle {a},\ {b}\rangle,\ y\in\langle {c},\ {d}\rangle\} \)<br><br></p>]]></text>
    </questiontext>
    <generalfeedback format="html">
      <text></text>
    </generalfeedback>
    <defaultgrade>1.0000000</defaultgrade>
    <penalty>0.3333333</penalty>
    <hidden>0</hidden>
    <idnumber></idnumber>
    <correctfeedback format="html">
      <text>Vaše odpověď je správná.</text>
    </correctfeedback>
    <partiallycorrectfeedback format="html">
      <text>Vaše odpověď je částečně správná.</text>
    </partiallycorrectfeedback>
    <incorrectfeedback format="html">
      <text>Vaše odpověď je chybná.</text>
    </incorrectfeedback>
    <shownumcorrect/>
<varsrandom><text>a={-3,-2,-1,0}; b={1,2,3,4}; c={-3,-2,-1,0}; d={1,2,3,4};</text>
</varsrandom>
<varsglobal><text>f=(d-c)*(b*b-a*a)/2+(d*d-c*c)*(b-a)/2;</text>
</varsglobal>
<answernumbering><text>abc</text>
</answernumbering>
<answers>
 <partindex>
  <text>0</text>
 </partindex>
 <placeholder>
  <text></text>
 </placeholder>
 <answermark>
  <text>1</text>
 </answermark>
 <answertype>
  <text>10</text>
 </answertype>
 <numbox>
  <text>1</text>
 </numbox>
 <vars1>
  <text></text>
 </vars1>
 <answer>
  <text>f</text>
 </answer>
 <vars2>
  <text></text>
 </vars2>
 <correctness>
  <text><![CDATA[_relerr < 0.01]]></text>
 </correctness>
 <unitpenalty>
  <text>1</text>
 </unitpenalty>
 <postunit>
  <text></text>
 </postunit>
 <ruleid>
  <text>1</text>
 </ruleid>
 <otherrule>
  <text></text>
 </otherrule>
 <subqtext format="html">
<text><![CDATA[<p><span id="selectionBoundary_1583955153480_08584049939062355" style="line-height: 0; display: none;" class="rangySelectionBoundary">﻿</span>\(&nbsp; \displaystyle \int_{{a}}^{{b}}\left(\int_{{c}}^{{d}} (x+y)\ {\rm d}y\right){\rm d}x = \){_0}<br></p>]]></text>
 </subqtext>
 <feedback format="html">
<text></text>
 </feedback>
 <correctfeedback format="html">
<text></text>
 </correctfeedback>
 <partiallycorrectfeedback format="html">
<text></text>
 </partiallycorrectfeedback>
 <incorrectfeedback format="html">
<text></text>
 </incorrectfeedback>
</answers>
  </question>

</quiz>