<?xml version="1.0" encoding="UTF-8"?>
<quiz>
<!-- question: 0  -->
  <question type="category">
    <category>
      <text>$course$/top/Výchozí v B192-2011068</text>
    </category>
    <info format="html">
      <text><![CDATA[Výchozí kategorie pro úlohy sdílené v kontextu "B192-2011068".]]></text>
    </info>
    <idnumber></idnumber>
  </question>

<!-- question: 0  -->
  <question type="category">
    <category>
      <text>$course$/top/Výchozí v B192-2011068/OM/Téma 4/Dvojný:postup-NUMERIC</text>
    </category>
    <info format="html">
      <text></text>
    </info>
    <idnumber></idnumber>
  </question>

<!-- question: 133076  -->
  <question type="cloze">
    <name>
      <text>u1</text>
    </name>
    <questiontext format="html">
      <text><![CDATA[<p>Doplňte postup řešení integrálu $$\iint_\mathcal{D}\ x\sqrt{1 + y^2} \ {\rm d}x{\rm d}y, \mbox{ kde }\mathcal{D} \mbox{ je ohraničena: } y=x^2,\ y=4,\ x=0,\ (x\geq 0)$$. <br></p><p>1. <b>Náčrtek</b> \(\mathcal{D}\) je na obrázku <img src="@@PLUGINFILE@@/EOI_1.jpg" alt="" role="presentation" class="img-responsive atto_image_button_middle" width="300" height="225">nebo<img src="@@PLUGINFILE@@/EOI_2.jpg" alt="" role="presentation" class="img-responsive atto_image_button_right" width="300" height="225"><br></p><p> {1:MCH:a.obrázek 2 #ne~=b.obrázek 1 #ano} . <br></p><p>2. Určete <b>průsečíky</b> hraničních křivek: <br></p><p>A=[ {2:NUMERICAL:=0:0},{3:NUMERICAL:=0:0}], B=[ {4:NUMERICAL:=2:0},{5:NUMERICAL:=4:0}], C=[ {6:NUMERICAL:=0:0},{7:NUMERICAL:=4:0}] <br></p><p>3. Vyberte <b>nerovnice</b>, které odpovídají zápisu množiny \(\mathcal D \) jako <b>EOIy</b> {8:MCH:a.$$ \begin&amp;#123array&amp;#125 &amp;#123 c &amp;#125 0\leq x\leq 2\\x^2\leq y\leq 4\end&amp;#123array&amp;#125 $$#to je EOIx~=b.$$\begin&amp;#123array&amp;#125 &amp;#123 c &amp;#125 0\leq y\leq 4\\0\leq x\leq \sqrt y\end&amp;#123array&amp;#125 $$ #ok} <br></p><p>4. <b>Dvojný</b> integrál \(\displaystyle \iint_\mathcal{D}\ x\sqrt{1 + y^2} \ {\rm d}x{\rm d}y \) převedeme na <b>dvojnásobný:</b>{9:MCH:a.$$=\int_0^2\left(\int_&amp;#123x^2&amp;#125 ^4 x\sqrt&amp;#123 1+y^2 &amp;#125 dy\right)dx$$#odpovídá EOIx~=b.$$=\int_0^4\left(\int_0^\sqrt y\ x\sqrt&amp;#123 1+y^2 &amp;#125 dx\right)dy$$#ano}</p><p>5. Vyberte správné pokračování po <b>výpočtu </b><b>vnitřního integrálu</b>: {10:MCH:a.$$=\int_0^2 (4-x^2) \sqrt &amp;#123 1 + y^2 &amp;#125&nbsp; dx$$#ne~=b.$$=\int_0^4 \frac 12 y \sqrt &amp;#123 1 + y^2 &amp;#125 dy$$#ano}</p><p>6. <b>Dopočtěte </b>a zadejte výsledek {11:NUMERICAL:=11.5155:0.1#ok ~%50%11:2#skoro}.</p>]]></text>
<file name="EOI_1.jpg" path="/" encoding="base64">/9j/4AAQSkZJRgABAQAAAQABAAD//gAYTUFUTEFCIEhhbmRsZSBHcmFwaGljc//+AB1NQVRMQUIsIFRoZSBNYXRoV29ya3MsIEluYy7/2wBDAAgGBgcGBQgHBwcJCQgKDBQNDAsLDBkSEw8UHRofHh0aHBwgJC4nICIsIxwcKDcpLDAxNDQ0Hyc5PTgyPC4zNDL/2wBDAQkJCQwLDBgNDRgyIRwhMjIyMjIyMjIyMjIyMjIyMjIyMjIyMjIyMjIyMjIyMjIyMjIyMjIyMjIyMjIyMjIyMjL/wAARCAGkAjADASIAAhEBAxEB/8QAHwAAAQUBAQEBAQEAAAAAAAAAAAECAwQFBgcICQoL/8QAtRAAAgEDAwIEAwUFBAQAAAF9AQIDAAQRBRIhMUEGE1FhByJxFDKBkaEII0KxwRVS0fAkM2JyggkKFhcYGRolJicoKSo0NTY3ODk6Q0RFRkdISUpTVFVWV1hZWmNkZWZnaGlqc3R1dnd4eXqDhIWGh4iJipKTlJWWl5iZmqKjpKWmp6ipqrKztLW2t7i5usLDxMXGx8jJytLT1NXW19jZ2uHi4+Tl5ufo6erx8vP09fb3+Pn6/8QAHwEAAwEBAQEBAQEBAQAAAAAAAAECAwQFBgcICQoL/8QAtREAAgECBAQDBAcFBAQAAQJ3AAECAxEEBSExBhJBUQdhcRMiMoEIFEKRobHBCSMzUvAVYnLRChYkNOEl8RcYGRomJygpKjU2Nzg5OkNERUZHSElKU1RVVldYWVpjZGVmZ2hpanN0dXZ3eHl6goOEhYaHiImKkpOUlZaXmJmaoqOkpaanqKmqsrO0tba3uLm6wsPExcbHyMnK0tPU1dbX2Nna4uPk5ebn6Onq8vP09fb3+Pn6/9oADAMBAAIRAxEAPwD3+iiigAooooAKKKKACiiigAooooAKKKKACiiigAooooAKKKKACiiigAooooAKKKKACiiuG+JWr6hYwaDplhePY/2xqkVjNdx4DxRtnOwnox7HtQB3NFcdpGhxeGvFENvF4uvZkuoGP9lalc/aJJGHPmRsx3LjuACDXY0AFFFFABRRRQAUUUUAFFFFABRRRQAUUUUAFFFFABRRRQAUUUUAFFFfOV9qfiSVfG19bS+KZ2sNWukhurbVGW2tURs4aLdkhRk4AxigD6NorP0G7XUPD2m3i3QuxPaxyfaAu0S5UHdjtnrjtWhQAUUUUAFFFFABRRRQAUUUUAFFFFABRRRQAUUUUAFFFFABRRRQAUUUUAFFFFABRRRQAUUVDdXUNlbtcXD7IlI3NgnGTjnHbnr2oAmoqsNQtDHcSGdFjt3KSu52qrDGeTx3H8qW1vrO9RntLqC4VThjFIHA+uKALFFZmkaymryXvlQskVvKEjkJ/wBapUMHA7A549Rg96fHrukS372Eeq2L3iEh7dbhDIpHXK5yMUAaFFR+fD/z1j/76FHnw/8APWP/AL6FAElFR+fD/wA9Y/8AvoUefD/z1j/76FAElFR+fD/z1j/76FHnw/8APWP/AL6FAElFR+fD/wA9Y/8AvoUefD/z1j/76FAElFR+fD/z1j/76FHnw/8APWP/AL6FAElFR+fD/wA9Y/8AvoUefD/z1j/76FAElFR+fD/z1j/76FHnw/8APWP/AL6FAElZHiTw1pvivR30zVI3aEsJEeNtrxOOjqexFafnw/8APWP/AL6FcTqvxY8NaT4oj0Sa7gZjuWSZbiPbG4aMYY5wvDSE7ipHlEYO5cgF7w74AsNA1mTWJdS1TVtTaLyEudSuPNaKPOdq4Ax/+v1NdZXPf8J74Q/6GbSP/AxP8aP+E98If9DNpH/gYn+NAHQ0Vz3/AAnvhD/oZtI/8DE/xo/4T3wh/wBDNpH/AIGJ/jQB0NFc9/wnvhD/AKGbSP8AwMT/ABo/4T3wh/0M2kf+Bif40AbV5cfZLG4udhfyY2k2Dq2BnFeY2HiLxNb6X4W8TXeuR3kGu3sFvLpoto1jiWYnb5bAb9yd8k5wfSuz/wCE98If9DNpH/gYn+Nc3YD4VaZqqalaano8dxG7PEp1HdHCzfeKRl9iE57AUAZVv8UtV0Xw99v1nSzeQPc30UF0s6IXaF5CqFAvyjYhG7k5Xkc5rV8W+NL+x0G2a50x7KaaN7uSGPU1jmEMZDbRtRmJYcHAAGSN461Xew+EcnmCTU9LdJPNzG2ruUBlz5jKvmYVmyQSMHHHStHV774ba7Mkt/rums627WpMWqmLfC2N0bbHG5TgcHNADofiJPN4gisBooazay/tCa6ju97W0GzcrSJs4ZugXcT36VzuofF2e50Nrq2sptN2va3CzgeeGt3mRXVspgPtboN3Xg8Vq6dH8LNJvmvLHWrGGViC4GtSFJMLtG5DJtYY4wQadAvwstoDBHq+mGLdGyq+qs4j8t96KmXOxQwztXA9qAOo0LXrnxJ4VXWLG0gie5R3s45p9wYchTIVHyk45UZx061U8AavqeteHJLnWJIXvUvrmB/JXCAJKygL3wMYBPPrUGl+JPAOixTxadr+kQRzzvcOgv1K72OWIBYhQTzgYHtTtM8UeA9Htnt7DxBpEMTzSTsv25Wy7sWY8sepJNAHXUVz3/Ce+EP+hm0j/wADE/xo/wCE98If9DNpH/gYn+NAHQ0Vz3/Ce+EP+hm0j/wMT/Gj/hPfCH/QzaR/4GJ/jQB0NFc9/wAJ74Q/6GbSP/AxP8aP+E98If8AQzaR/wCBif40AdDXn8/wk0ya41Vk8QeIoLbVLmW5u7SC7RIZGkOWBATOD069Kt6/8UvCui6PPewavYX8yIxjt4LtCzsFJUcEnBIC5AONwOMZI3dA8T6V4l0sahp11FJAXZOJVJGDxkAnaSMNtOCARkA8UAX9PsLbStNttPs4hFa20SxRIDnaqjAFWaj8+H/nrH/30KPPh/56x/8AfQoAkoqPz4f+esf/AH0KPPh/56x/99CgCSio/Ph/56x/99Cjz4f+esf/AH0KAJKKj8+H/nrH/wB9Cjz4f+esf/fQoAkoqPz4f+esf/fQo8+H/nrH/wB9CgCSio/Ph/56x/8AfQo8+H/nrH/30KAJKKj8+H/nrH/30KPPh/56x/8AfQoAkoqPz4f+esf/AH0KerK4yrBh6g5oAWiiigAooooAKKKKACiiigAooooAKrahAbrTrm3EMc3mxMnlyuVVwRggkAkD8DVmigDO03ShZaHDp8s0krBP30yuUaRycu+QQQSxJ49ani063it5bf8AfSRSgq6zzvLkEYI+YnFWqKAM7TdEstJnupbRHU3LKXUuSBtUKAM/SqvhT/kDz/8AYSv/AP0rmrbrE8Kf8gef/sJX/wD6VzUAbdFFFABRRRQAUUUUAFFFFABRRRQAUUUUAFFFFABXlPxD0iyPjnSrwxsbiW0ndpC7ZGx4AoHPyjrwMD5m/vHPq1eb/EL/AJGvRf8Arxuv/Q4KAMGiiigAooooAKKKKACiiigAooooAKKKKACiiigAooooAKKKKACiiigDK1zSY9fistGlMgF7dxx5jbBCjLOcdDhFYjOQCAe1e52VlBp1qtraoUhQnYm4kKCc4GegHQAcAYAry7wrai+8amQh9mm6fJLx03ynYuf+ApL+ftXrNABRRRQAUUUUAFFFFABRRRQAUUUUAFFFFABRRRQAUUUUAFFFFABRRRQAUUUUAFFFFABRRRQAUUUUAFFFFABWJ4U/5A8//YSv/wD0rmrbrE8Kf8gef/sJX/8A6VzUAbdFFFABRRRQAUUUUAFFFFABRRRQAUUUUAFFFFABXm/xC/5GvRf+vG6/9Dgr0ivN/iF/yNei/wDXjdf+hwUAYNFFFABRRRQAUUUUAFFFFABRRRQAUUUUAFFFFABRRRQAUUUUAFFFQX13HYWFxdy/cgjaRuccAZoA7H4d2n/Em1jVCSftl1IieyQjysf99rIfxrvKxfD+mPo3g6w0+XBmgs1WUj+KTblz+LEn8a2qACiiigAooooAKKKKACiiigAooooAKKKKACiiigAooooAKKKKACiiigAooooAKKKKACiiigAooooAKKKKACsTwp/yB5/+wlf/APpXNW3WJ4U/5A8//YSv/wD0rmoA26KKKACiiigAooooAKKKKACiiigAooooAKKKKACvN/iF/wAjXov/AF43X/ocFekV5v8AEL/ka9F/68br/wBDgoAwaKKKACiiigAooooAKKKKACiiigAooooAKKKKACiiigAooooAKjFq2pavpOlqu5bu9QSgf88kzI/4EJt/4F6kVJWx4FtReeNLm6K5XTrIICRxvmb+YWL8n96APSp/+PeX/cP8qkqOf/j3l/3D/KpKACiiigAooooAKKKKACiiigAooooAKKKKACiiigAooooAKKKKACiiigAooooAKKKKACiiigAooooAKKKKACsTwp/yB5/+wlf/APpXNW3WJ4U/5A8//YSv/wD0rmoA26KKKACiiigAooooAKKKKACiiigAooooAKKKKACvN/iF/wAjXov/AF43X/ocFekV5v8AEL/ka9F/68br/wBDgoAwaKKKACiiigAooooAKKKKACiiigAooooAKKKKACiiigAooooAK7P4a2Zj8O3GouBv1G7kmU+sany4/wACqBv+Beua4HU55LbTppIRmYgJEPWRjtQf99EV7JpGnR6RotjpsPMdpbxwKfUKoH9KALM//HvL/uH+VSVHP/x7y/7h/lUlABRRRQAUUUUAFFFFABRRRQAUUUUAFFFFABRRRQAUUUUAFFFFABRRRQAUUUUAFFFFABRRRQAUUUUAFFFFABWJ4U/5A8//AGEr/wD9K5q26xPCn/IHn/7CV/8A+lc1AG3RRRQAUUUUAFFFFABRRRQAUUUUAFFFFABRRRQAV5v8Qv8Aka9F/wCvG6/9Dgr0ivN/iF/yNei/9eN1/wChwUAYNFFFABRRRQAUUUUAFFFFABRRRQAUUUUAFFFFABRRRQAUUUUASaTbHUfGOiWOzdGsrXs3ssIBU/8Afxoq9irzv4c2jzaxrWqMMxxiKyhOO4HmSfX76D6qR2r0SgCOf/j3l/3D/KpKjn/495f9w/yqSgAooooAKKKKACiiigAooooAKKKKACiiigAooooAKKKKACiiigAooooAKKKKACiiigAooooAKKKKACiiigArE8Kf8gef/sJX/wD6VzVt1ieFP+QPP/2Er/8A9K5qANuiiigAooooAKKKKACiiigAooooAKKKKACiiigArzf4hf8AI16L/wBeN1/6HBXpFeb/ABC/5GvRf+vG6/8AQ4KAMGiiigAooooAKKKKACiiigAooooAKKKKACiiigAooooAKbJIkMTyyMFRFLMT2A606qt5Z/2q1rpAYqdRuY7ZtpwfLJzJj/tmrn8KAPTPAWny6d4L09bgEXFwrXUwbGQ0rGTacem4L+FdJQAAAAMAdAKKAI5/+PeX/cP8qkqOf/j3l/3D/KpKACiiigAooooAKKKKACiiigAooooAKKKKACiiigAooooAKKKKACiiigAooooAKKKKACiiigAooooAKKKKACsTwp/yB5/+wlf/APpXNW3WJ4U/5A8//YSv/wD0rmoA26KKKACiiigAooooAKKKKACiiigAooooAKKKKACvN/iF/wAjXov/AF43X/ocFekV5v8AEL/ka9F/68br/wBDgoAwaKKKACiiigAooooAKKKKACiiigAooooAKKKKACiiigArW8FWhvfGzXGCYtNsySe3mSthfxCpJ/32Kya7P4aWezw7PqTHL6ldyTKf+many4/wKoG/4FQB2dFFFAEc/wDx7y/7h/lUlRz/APHvL/uH+VSUAFFFFABRRRQAUUUUAFFFFABRRRQAUUUUAFFFFABRRRQAUUUUAFFFFABRRRQAUUUUAFFFFABRRRQAUUUUAFYnhT/kDz/9hK//APSuatusTwp/yB5/+wlf/wDpXNQBt0UUUAFFFFABRRRQAUUUUAFFFFABRRRQAUUUUAFeb/EL/ka9F/68br/0OCvSK83+IX/I16L/ANeN1/6HBQBg0UUUAFFFFABRRRQAUUUUAFFFFABRRRQAUUUUAFFFFAFTUXkFp5MDhLm5dLaAntJIwRf1YH8K9p0+yh03TbWwt12wW0KQxgdlUAD9BXlnhyxGqeN9OiYAxWCPfSf7wHlxg/i7MPeOvW6ACiiigCOf/j3l/wBw/wAqkqOf/j3l/wBw/wAqkoAKKKKACiiigAooooAKKKKACiiigAooooAKKKKACiiigAooooAKKKKACiiigAooooAKKKKACiiigAooooAKxPCn/IHn/wCwlf8A/pXNW3WJ4U/5A8//AGEr/wD9K5qANuiiigAooooAKKKKACiiigAooooAKKKKACiiigArzf4hf8jXov8A143X/ocFekV5v8Qv+Rr0X/rxuv8A0OCgDBooooAKKKKACiiigAooooAKKKKACiiigAooooAKKKqancS2umzy28bSXGNkMajJeRjtRR9WIFAHc/DWzJstR1hhze3HlREjH7qLKj6guZCPZvxruKo6NpkWjaLZabCSY7WBIgx6tgYyfc9avUAFFFFAEc//AB7y/wC4f5VJUc//AB7y/wC4f5VJQAUUUUAFFFFABRRRQAUUUUAFFFFABRRRQAUUUUAFFFFABRRRQAUUUUAFFFFABRRRQAUUUUAFFFFABRRRQAVieFP+QPP/ANhK/wD/AErmrbrE8Kf8gef/ALCV/wD+lc1AG3RRRQAUUUUAFFFFABRRRQAUUUUAFFFFABRRRQAV5v8AEL/ka9F/68br/wBDgr0ivN/iF/yNei/9eN1/6HBQBg0UUUAFFFFABRRRQAUUUUAFFFFABRRRQAUUUUAFS6JZDV/HGk2TBWhtN2ozAg/8s8LGM+vmMrf8ANRV1XwzsCYNU1x+t7OIIPmyPJhyoPtlzKeOoxQB3lFFFABRRRQBHP8A8e8v+4f5VJUc/wDx7y/7h/lUlABRRRQAUUUUAFFFFABRRRQAUUUUAFFFFABRRRQAUUUUAFFFFABRRRQAUUUUAFFFFABRRRQAUUVU1P7X/Zlw1iwW6VC0W4DDMOdpz2OMZ7ZoAt0VjabfXt9oLalGrF7kma1iaMZWI/cBBZckrhjlhyxGeKktZr99Pum1GKWNlU7RFCFcjH8IWSTJ9On0oA1axPCn/IHn/wCwlf8A/pXNVTwjbRRi6nhtJbFJFiUWj28kezaG+Zi6jdI2fmI/ujk9S3wrY3Hk3V1/at55LajfgWm2Lyl/0qUZB2b/AH5bv6cUAdRRUflt/wA9pPyX/Cjy2/57Sfkv+FAElFR+W3/PaT8l/wAKPLb/AJ7Sfkv+FAElFR+W3/PaT8l/wo8tv+e0n5L/AIUASUVH5bf89pPyX/Cjy2/57Sfkv+FAElFR+W3/AD2k/Jf8KPLb/ntJ+S/4UASUVH5bf89pPyX/AAo8tv8AntJ+S/4UASUVH5bf89pPyX/Cjy2/57Sfkv8AhQBJXm/xC/5GvRf+vG6/9Dgr0Ty2/wCe0n5L/hXnPxAUr4r0XLs3+g3XXH9+D0FAGHRRRQAUUUUAFFFFABRRRQAUUUUAFFFFABRRRQBWv5ZIbNzBj7Q5EUIboZHIVAf+BEV7Fo+mxaPo1lpsP+rtYViB9cDGfx615h4dsv7W8bWNt8whsI2v5WHTd9yNT9SWb/tnXrHlt/z2k/Jf8KAJKKj8tv8AntJ+S/4UeW3/AD2k/Jf8KAJKKj8tv+e0n5L/AIUeW3/PaT8l/wAKACf/AI95f9w/yqSq88bfZ5f30n3D2X0+lSeW3/PaT8l/woAkoqPy2/57Sfkv+FHlt/z2k/Jf8KAJKKj8tv8AntJ+S/4UeW3/AD2k/Jf8KAJKKj8tv+e0n5L/AIUeW3/PaT8l/wAKAJKKj8tv+e0n5L/hR5bf89pPyX/CgCSio/Lb/ntJ+S/4UeW3/PaT8l/woAkoqPy2/wCe0n5L/hR5bf8APaT8l/woAkoqPy2/57Sfkv8AhR5bf89pPyX/AAoAkoqPy2/57Sfkv+FPUFRgsW9zigBaKKKACiiigAooooAKKKKACiiigAqOeCG5geC4iSWJxh45FDKw9CD1qSigBFUKoVQAAMADtS0UUAFYnhT/AJA8/wD2Er//ANK5q26xPCn/ACB5/wDsJX//AKVzUAbdFFFABRRRQAUUUUAFFFFABRRRQAUUUUAFFFFABXm/xC/5GvRf+vG6/wDQ4K9Irzf4hf8AI16L/wBeN1/6HBQBg0UUUAFFFFABRRRQAUUUUAFFFFABRRRQAUUVWvY5rmOOxtmK3N7KlrEw6qXOCw/3V3N/wGgDuvhrp6po91rJUebqc5ZWwM+THlIxn0OGcf8AXQ/Su1qCys4NPsLeytYxHb28SxRIOioowB+QqegAooooAKKKKAI5/wDj3l/3D/KpKjn/AOPeX/cP8qkoAKKKKACiiigAooooAKKKKACiiigAooooAKKKKACiiigAooooAKKKKACiiigAooooAKKKKACiiigAooooAKxPCn/IHn/7CV//AOlc1bdYnhT/AJA8/wD2Er//ANK5qANuiiigAooooAKKKKACiiigAooooAKKKKACiiigArzf4hf8jXov/Xjdf+hwV6RXm/xC/wCRr0X/AK8br/0OCgDBooooAKKKKACiiigAooooAKKKKACiiigArX8E6eNS8XyXzjMOkw4T08+UEH8Vjz+EtYlxPHa20txM22KJC7t6ADJr0bwJpL6V4UtjPEY7y8JvLlWGGWSTnafdV2p9FFAHSUUUUAFFFFABRRURurcXQtTPELgrvEW8byvrjrj3oAWf/j3l/wBw/wAqkqOf/j3l/wBw/wAqkoAKKKKACiiigAooooAKKKKACiiigAooooAKKKKACiiigAooooAKKKKACiiigAooooAKKKKACiiigAooooAKxPCn/IHn/wCwlf8A/pXNW3WJ4U/5A8//AGEr/wD9K5qANuiiigAooooAKKKKACiiigAooooAKKKKACiiigArzf4hf8jXov8A143X/ocFekV5v8Qv+Rr0X/rxuv8A0OCgDBooooAKKKKACiiigAooooAKKKKACiiigAs7D+2/EWm6OD+7eT7Vcgf88IiCR/wJjGv0Y17NXB/DWx823vtfcf8AH5J5Fv8A9cYmYZ/4E5c57jbXeUAFV76+t9Os3urmRUjTHUgZJOABnuTgD3NWKZNDHcQPDKu6N1KsPUGgCGPUbGaQRxXlu7t0VZVJP4ZqnceILS1v3sZI5zcLJEixqmS4cMQyjPIASTPf5G4PGdWsqXRI7nxFHqtwYpBDbNbxReX/AHyNxY5w3AwOBgM3XdQBHdeJrCzsZr2WK+S3gw00klnJGI0JwXO9RkDqcZIHOKqWdrc6nrVtrBs4YbE4niDOVnLmIpuddp/hYgLuGASSCeBof8I5ou0Kml2sS71ciKIRhipyu7bjcAcHByMgelXLGyt9Os4rO0Qx28Q2xpuLbR6DJ6DsOgGAOBQBJP8A8e8v+4f5VJUc/wDx7y/7h/lUlABRRRQAUUUUAFFFFABRRRQAUUUUAFFFFABRRRQAUUUUAFFFFABRRRQAUUUUAFFFFABRRRQAUUUUAFFFFABWJ4U/5A8//YSv/wD0rmrbrE8Kf8gef/sJX/8A6VzUAbdFFFABRRRQAUUUUAFFFFABRRRQAUUUUAFFFFABXm/xC/5GvRf+vG6/9Dgr0ivN/iF/yNei/wDXjdf+hwUAYNFFFABRRRQAUUUUAFFFFABRRRQAVXu1uLg29hZkrd30y20LD+At95/+AqGb/gNWK3fh/p41DXLzWZEzFYZtLYnoZCAZWH0G1c/74oA9BsLK303T7axtYxHb20SxRIP4VUYA/IVYoooAKKKKACiiigAooooAjn/495f9w/yqSo5/+PeX/cP8qkoAKKKKACiiigAooooAKKKKACiiigAooooAKKKKACiiigAooooAKKKKACiiigAooooAKKKKACiiigAooooAKxPCn/IHn/7CV/8A+lc1bdYnhT/kDz/9hK//APSuagDbooooAKKKKACiiigAooooAKKKKACiiigAooooAK83+IX/ACNei/8AXjdf+hwV6RXm/wAQv+Rr0X/rxuv/AEOCgDBooooAKKKKACiiigAooooAKKKKAILuaSGDECCS5kZYoIz/AByMdqj8yM+2a9a8P6NFoGg2elxOZPIT55G6yOSWdz7sxZvxrg/BOmjVvE0uoSLuttJ+SPI4a4deT/wFG/8AIntXp9ABRRRQAUUUUAFFFFABRRRQBHP/AMe8v+4f5VJUc/8Ax7y/7h/lUlABRRRQAUUUUAFFFFABRRRQAUUUUAFFFFABRRRQAUUUUAFFFFABRRRQAUUUUAFFFFABRRRQAUUUUAFFFFABWJ4U/wCQPP8A9hK//wDSuatusTwp/wAgef8A7CV//wClc1AG3RRRQAUUUUAFFFFABRRRQAUUUUAFFFFABRRRQAV5v8Qv+Rr0X/rxuv8A0OCvSK83+IX/ACNei/8AXjdf+hwUAYNFFFABRRRQAUUUUAFFFFABUF3NJDB+5j824kZYoIv78jHCr+JIqetjwPpf9r+IZNVlXNnpbGKDPR7krh2+iK20H1du60Adt4Y0WPw/osenI290O6aXvLKwDO/4sSfbp2rYqOP783+//wCyipKACiiigAooooAKKKKACiiigCOf/j3l/wBw/wAqkqOf/j3l/wBw/wAqkoAKKKKACiiigAooooAKKKKACiiigAooooAKKKKACiiigAooooAKKKKACiiigAooooAKKKKACiiigAooooAKxPCn/IHn/wCwlf8A/pXNW3WJ4U/5A8//AGEr/wD9K5qANuiiigAooooAKKKKACiiigAooooAKKKKACiiigArzf4hf8jXov8A143X/ocFekV5v8Qv+Rr0X/rxuv8A0OCgDBooooAKKKKACiiigAoooJwMnpQBBP8AaJXgsrFd99eSCC3BGQGPJY/7KgFj7LXr+jaVb6Jo9rptqD5VugXcernqzH3JJJ9ya474eaR9o3+Jp84nQw2CEcCHIJk+rkDH+yq+prv6AI4/vzf7/wD7KKkqOP783+//AOyipKACiiigAooooAKKKKACiiigCOf/AI95f9w/yqSo5/8Aj3l/3D/KpKACiiigAooooAKKKKACiiigAooooAKKKKACiiigAooooAKKKKACiiigAooooAKKKKACiiigAooooAKKKKACsTwp/wAgef8A7CV//wClc1bdYnhT/kDz/wDYSv8A/wBK5qANuiiigAooooAKKKKACiiigAooooAKKKKACiiigArzf4hf8jXov/Xjdf8AocFekV5v8Qv+Rr0X/rxuv/Q4KAMGiiigAooooAKKKKACn6fpEnibWE0hNwtFAl1CVf4YucRg/wB5yCPZQx64qtcTOnlQ28Rnu7hxFbwA4Msh6D2HUk9gCe1epeF/D0XhzSRbbxNdyt5t3cbcGaUjBOOwAAAHYACgDZRFjRURQqKMKqjAA9BS0UUARx/fm/3/AP2UVJUcf35v9/8A9lFSUAFFFFABRRRQAUUUUAFFFFAEc/8Ax7y/7h/lUlRz/wDHvL/uH+VSUAFFFFABRRRQAUUUUAFFFFABRRRQAUUUUAFFFFABRRRQAUUUUAFFFFABRRRQAUUUUAFFFFABRRRQAUUUUAFYnhT/AJA8/wD2Er//ANK5q26xPCn/ACB5/wDsJX//AKVzUAbdFFFABRRRQAUUUUAFFFFABRRRQAUUUUAFFFFABXm/xC/5GvRf+vG6/wDQ4K9Irzf4hf8AI16L/wBeN1/6HBQBg0UUUAFFFFABTJpo7eB5pW2xopZj6Cld0ijaSRlRFBZmY4AA6kmuh8HeGjq01vruoxSJaRMJLC3cFTIw6TOOuO6qf9484wAafgfw3NbZ13U4mjvZ49lvA4Ia2hODhhn77YBPpgL2JPaUUUAFFFFAEcf35v8Af/8AZRUlRx/fm/3/AP2UVJQAUUUUAFFFFABRRRQAUUUUARz/APHvL/uH+VSVHP8A8e8v+4f5VJQAUUUUAFFFFABRRRQAUUUUAFFFFABRRRQAUUUUAFFFFABRRRQAUUUUAFFFFABRRRQAUUUUAFFFFABRRRQAVieFP+QPP/2Er/8A9K5q26xPCn/IHn/7CV//AOlc1AG3RRRQAUUUUAFFFFABRRRQAUUUUAFFFFABRRRQAV5v8Qv+Rr0X/rxuv/Q4K9Irzf4hf8jXov8A143X/ocFAGDRRRQAVHNPFbQvNPIscSDLOxwBTVmlubz7Dp1tLfXxGfIgx8o9XY/Kg92I9sniu58P+A47O6i1LWpI7y/jO6GJAfItj6qD95x/fP4BecgGV4Z8Hy6tJFqetwNFZI2+3sJVw0pHR5Qeg7hPoW54HpFFFABRRRQAUUUUARx/fm/3/wD2UVJUcf35v9//ANlFSUAFFFFABRRRQAUUUUAFFFFAEc//AB7y/wC4f5VJUc//AB7y/wC4f5VJQAUUUUAFFFFABRRRQAUUUUAFFFFABRRRQAUUUUAFFFFABRRRQAUUUUAFFFFABRRRQAUUUUAFVr+9j06xlvJlcxQjc+wZKr3b6Acn2BqzUN3E89pNDG0au6FQZY968+q5GR7ZFAEMOpQzQXEyLKY4JWiLLGWLlThtoXJODkdOoNNbVIfsFzdrHcbLeNnZZYHiJwM8bwM9KLHSbWy0aDS/LE1vFEIyJQG346ls9STyfc1Lb6fZWkTxW1nbwxyffSOIKG+oA5oAzdF1K+ubqS11AW5kFrDdK1urKAJC42nJOSCnXjOegxVLTLnU9HguLRvDuo3P+m3UyzQS22x1knkkUjdKrdGHUDmtnTtHstK3/ZI3UuqoWkleQ7VztUFiSFGTgDjk+tX6AMT+3NR/6FTWP+/tp/8AH6P7c1H/AKFTWP8Av7af/H626KAMT+3NR/6FTWP+/tp/8fo/tzUf+hU1j/v7af8Ax+tuigDE/tzUf+hU1j/v7af/AB+j+3NR/wChU1j/AL+2n/x+tuigDE/tzUf+hU1j/v7af/H6P7c1H/oVNY/7+2n/AMfrbooAxP7c1H/oVNY/7+2n/wAfo/tzUf8AoVNY/wC/tp/8frbooAxP7c1H/oVNY/7+2n/x+j+3NR/6FTWP+/tp/wDH626KAMT+3NR/6FTWP+/tp/8AH6P7c1H/AKFTWP8Av7af/H626KAMT+3NR/6FTWP+/tp/8fryfxt4j1rUPiJp9jBoFzGYYXjCyPDuUO0JIYrKUB4XGWU/vk+Xpu9tW8tnl8pbiEybimwOM7gMkY9QCDila2ga4S4aCMzorIshQblUlSQD1AJRSf8AdHoKAPHJ9I8bcC18Hyn3m1C3XH4K5q9ZeE9UlZH1rTdelUHJtrF7SCMj0ZvtBc/UFfpXoqa9bPqosRDcAGZrdbgqvltKqbyg5zkAHnGOCM5rVoA5rT7p9JtFtNP8FanbQLzsiezUE9yf3/JPcnk1a/tzUf8AoVNY/wC/tp/8frbooAxP7c1H/oVNY/7+2n/x+j+3NR/6FTWP+/tp/wDH626KAMT+3NR/6FTWP+/tp/8AH6P7c1H/AKFTWP8Av7af/H626KAMT+3NR/6FTWP+/tp/8fo/tzUf+hU1j/v7af8Ax+tpmVELuwVVGSScACo4bmC4J8meOTAVjscHAIyDx6jkUAc5ZarrcN3qUlx4Z1Z4prgPbqJrT5I/KjUg/v8A++rnv1/Crv8Abmo/9CprH/f20/8Aj9bZOBmqOl6tbavDNLaiUJFM0J82MoSRjPB5xz3AoApf25qP/Qqax/39tP8A4/R/bmo/9CprH/f20/8Aj9bdFAGJ/bmo/wDQqax/39tP/j9H9uaj/wBCprH/AH9tP/j9bdFAGJ/bmo/9CprH/f20/wDj9H9uaj/0Kmsf9/bT/wCP1t0UAYn9uaj/ANCprH/f20/+P0f25qP/AEKmsf8Af20/+P1t0ySaKEKZZETewRdzAZY9APc0Ac1q+q63daLf29j4Z1aG8lt5Egkaa0ASQqQpJE56HB6Vd/tzUf8AoVNY/wC/tp/8frYiminjEkMiSRnoyMCD+IqC/vlsLdZDDLMzusaRQgFnYngDJAHrkkDigDO/tzUf+hU1j/v7af8Ax+j+3NR/6FTWP+/tp/8AH60dPv4tSsluYldFLMjJIMMjKxVlOMjIZSOCRxVqgDE/tzUf+hU1j/v7af8Ax+j+3NR/6FTWP+/tp/8AH626KAMT+3NR/wChU1j/AL+2n/x+j+3NR/6FTWP+/tp/8frbooAxP7c1H/oVNY/7+2n/AMfo/tzUf+hU1j/v7af/AB+tuigDE/tzUf8AoVNY/wC/tp/8fo/tzUf+hU1j/v7af/H626KAMT+3NR/6FTWP+/tp/wDH6P7c1H/oVNY/7+2n/wAfrbooAxP7c1H/AKFTWP8Av7af/H6P7c1H/oVNY/7+2n/x+tuigDE/tzUf+hU1j/v7af8Ax+tOyuZbu2Es1lcWb5I8qdoyw9/kZh+tWKKACiiigAooooAKKKKACiiigAooooAKKKKACiiigAooooAKKKKACiiigAooooAKKKKACiiigAooooAKKKKAMaDQWg8Rza19qUyzAxyJ5IAMeBtAOchgV5bv0xwu19loFtY35vI3zIc8fZ4V6+6xhv1rWrnvHHiE+F/BuparHzcRxbLZcZ3TMdqDHf5iPwBoAlj0CVNVSc3imzju3vEg8n5/MZGUgvuwV+ZjjbnJHPHO5XE/DnXtW1C31XR/EVylxrekXXlTyoiqJI3G6N8KABkZHA/hrtqACiiigAooooAKKKKAGuHMbCNlVyDtLDIB7ZGRn86w9L8Mx6Zpl1pwufMt7ghzmFMhyAGPIKkEgEKR8vQcYA3qKAKGl6TBpMciQNkOcn91HH/6Aqg/jT7Gx+xPeN5m/wC0XBm+7jbkKMe/3auUUAFFFFABRRRQAUUUUAFUNZ0waxpr2Dy+XDKy+aQuWKg5IU5+U8fe6jtzgi/RQBjN4ejn0mzsLqdZPsq7VdbaLkAYHyurAHGOmPwHFSXek3DaNHp+n3wtNpAMnkj5kHVcIU259Vxjt61q0UAVdOtTZWENsfI/djH7iIxp17KScfmatUUUAFFFFABRRRQAUUUUAFFFFABRRRQAUUUUAFFFFABRRRQAUUUUAFFFFABRRRQAUUUUAFFFFABRRRQAUUUUAFFFFABRRRQAUUUUAFFFFABRRRQAUUUUAFFFFABXMeMPBsXjJtKt76626ZaXP2i4tPLJ+1EAhVLBhtAyexzntXT0UAcZoXw607wv4ufWNBkWxsZrP7PPp6oWWRw24SBi3BHTGD39a7OiigAooooAKKKKACiiigAooooAKKKKACiiigAooooAKKKKACiiigAooooAKKKKACiiigAooooAKKKKACiiigAooooAKKKKACiiigAooooAKKKKACiiigAooooAKKKKACiiigAooooAKKKKACiiigAooooAKKKKACiiigAooooAKKKKACiiigAooooAKKKKACiiigAooooAKKKKACiiigAooooAKKKKACiiigAooooAKKKKACiiigAooooAKKKKACiiigAooooAKKKKACiiigAooooAKKKKACiiigAooooAKKKKAP/Z</file>
<file name="EOI_2.jpg" path="/" encoding="base64">/9j/4AAQSkZJRgABAQAAAQABAAD//gAYTUFUTEFCIEhhbmRsZSBHcmFwaGljc//+AB1NQVRMQUIsIFRoZSBNYXRoV29ya3MsIEluYy7/2wBDAAgGBgcGBQgHBwcJCQgKDBQNDAsLDBkSEw8UHRofHh0aHBwgJC4nICIsIxwcKDcpLDAxNDQ0Hyc5PTgyPC4zNDL/2wBDAQkJCQwLDBgNDRgyIRwhMjIyMjIyMjIyMjIyMjIyMjIyMjIyMjIyMjIyMjIyMjIyMjIyMjIyMjIyMjIyMjIyMjL/wAARCAGkAjADASIAAhEBAxEB/8QAHwAAAQUBAQEBAQEAAAAAAAAAAAECAwQFBgcICQoL/8QAtRAAAgEDAwIEAwUFBAQAAAF9AQIDAAQRBRIhMUEGE1FhByJxFDKBkaEII0KxwRVS0fAkM2JyggkKFhcYGRolJicoKSo0NTY3ODk6Q0RFRkdISUpTVFVWV1hZWmNkZWZnaGlqc3R1dnd4eXqDhIWGh4iJipKTlJWWl5iZmqKjpKWmp6ipqrKztLW2t7i5usLDxMXGx8jJytLT1NXW19jZ2uHi4+Tl5ufo6erx8vP09fb3+Pn6/8QAHwEAAwEBAQEBAQEBAQAAAAAAAAECAwQFBgcICQoL/8QAtREAAgECBAQDBAcFBAQAAQJ3AAECAxEEBSExBhJBUQdhcRMiMoEIFEKRobHBCSMzUvAVYnLRChYkNOEl8RcYGRomJygpKjU2Nzg5OkNERUZHSElKU1RVVldYWVpjZGVmZ2hpanN0dXZ3eHl6goOEhYaHiImKkpOUlZaXmJmaoqOkpaanqKmqsrO0tba3uLm6wsPExcbHyMnK0tPU1dbX2Nna4uPk5ebn6Onq8vP09fb3+Pn6/9oADAMBAAIRAxEAPwD3+iiigAooooAKKKKACiiigAooooAKKKKACiiigAoqK6mNvaTTKhdo42cKO+BnFeS+G7C78T+BYfGmpeNdT03UJzJN56XW20tQshUL5RIQrhRkHqe9AHr9FQ2kgms4JROk4eNWE0YwsmR94cng9etTUAFFFFABRRRQAUUUUAFFFFABRRRQAUUUUAFFFFABRRRQAUUUUAFFFFABRRRQAUUUUAFFFFABRRRQAUUUUAFFFFABRRRQAUUUUAFFFFABRRXDfGC/vNM+FusXlhdz2l1GYNk1vIY3XMyA4YcjIJH40AdzRXjXha/1bTviTpFjey+IdPsr6zl2wazem7F3KoBwhyQmBz156d+fZaACiiigAooooAKKKKACiiigAooooAKKKKACiiigAooqG6uobK3a4uH2RKRubBOMnHOO3PXtQBNRVYahaGO4kM6LHbuUldztVWGM8njuP5UtrfWd6jPaXUFwqnDGKQOB9cUAWKKzNI1lNXkvfKhZIreUJHIT/rVKhg4HYHPHqMHvT49d0iW/ewj1Wxe8QkPbrcIZFI65XORigDQoqPz4f+esf/fQo8+H/nrH/wB9CgCSio/Ph/56x/8AfQo8+H/nrH/30KAJK8+uPg/oU8s0SahrEGkzz+fNpEN3ttXfOfu4yBnnAPpjGBXUaz4m07RVj8+ZGZyvyq4JClgCcDJ4G49OdpGRxVf/AITrwsgUXGvabbylQWiluowyZGcEZqFOLk4p6mjpTUFNrRm/HGkUaxxqERAFVVGAAOgFOrnv+E98If8AQzaR/wCBif40f8J74Q/6GbSP/AxP8aszOhornv8AhPfCH/QzaR/4GJ/jR/wnvhD/AKGbSP8AwMT/ABoA6Giue/4T3wh/0M2kf+Bif40f8J74Q/6GbSP/AAMT/GgDoaK57/hPfCH/AEM2kf8AgYn+NH/Ce+EP+hm0j/wMT/GgDoaK57/hPfCH/QzaR/4GJ/jR/wAJ74Q/6GbSP/AxP8aAOhornv8AhPfCH/QzaR/4GJ/jR/wnvhD/AKGbSP8AwMT/ABoA6Giue/4T3wh/0M2kf+Bif40f8J74Q/6GbSP/AAMT/GgDoaK57/hPfCH/AEM2kf8AgYn+NH/Ce+EP+hm0j/wMT/GgDavLj7JY3FzsL+TG0mwdWwM4rzGw8ReJrfS/C3ia71yO8g129gt5dNFtGscSzE7fLYDfuTvknOD6V2f/AAnvhD/oZtI/8DE/xrm7AfCrTNVTUrTU9HjuI3Z4lOo7o4Wb7xSMvsQnPYCgDKt/ilqui+Hvt+s6WbyB7m+igulnRC7QvIVQoF+UbEI3cnK8jnNavi3xpf2Og2zXOmPZTTRvdyQx6mscwhjIbaNqMxLDg4AAyRvHWq72Hwjk8wSanpbpJ5uY21dygMufMZV8zCs2SCRg446Vo6vffDbXZklv9d01nW3a1Ji1Uxb4WxujbY43KcDg5oAdD8RJ5vEEVgNFDWbWX9oTXUd3va2g2blaRNnDN0C7ie/Sud1D4uz3OhtdW1lNpu17W4WcDzw1u8yK6tlMB9rdBu68HitXTo/hZpN815Y61YwysQXA1qQpJhdo3IZNrDHGCDToF+FltAYI9X0wxbo2VX1VnEflvvRUy52KGGdq4HtQBvWfiG+8QeA5tc0qK0s5p4XkszdT7kVRkK8pAwp4JK84xgnrit4C1TVtTTU3vL5tT01JkWw1F7ZYDcjb85CqACgbgNjnnr1qob/4anRtQ0j+2tKGn6hI8txAupYVmc5bGHyoJ7LgdeOTUmh6x8PfDkcsemeIrCNJAoZZdWaYALnGPMdtvU9MUAdxRXPf8J74Q/6GbSP/AAMT/Gj/AIT3wh/0M2kf+Bif40AdDRXPf8J74Q/6GbSP/AxP8aP+E98If9DNpH/gYn+NAHQ0Vz3/AAnvhD/oZtI/8DE/xo/4T3wh/wBDNpH/AIGJ/jQB0NFc9/wnvhD/AKGbSP8AwMT/ABo/4T3wh/0M2kf+Bif40AdDRXPf8J74Q/6GbSP/AAMT/Gj/AIT3wh/0M2kf+Bif40AdDRXPf8J74Q/6GbSP/AxP8aP+E98If9DNpH/gYn+NAHQ0Vz3/AAnvhD/oZtI/8DE/xo/4T3wh/wBDNpH/AIGJ/jQB0NFc9/wnvhD/AKGbSP8AwMT/ABo/4T3wh/0M2kf+Bif40AdDWP4p8N2fi7w5daHfyzx2tzs3vbsA42uHGCQR1Udqrf8ACe+EP+hm0j/wMT/Gorjx3oaNAbW9gvI5SR5kEyso4bvnH3gBzgfNnPBqZzjBXk7F06c6j5YK7Kmk/DnT9O1y01e61fWtXu7JWW1OpXQkWDcMMVAVRkjj/wDUK7GoY7u3ljWRJ4mRgGVg4IIPvTvPh/56x/8AfQqiCSio/Ph/56x/99Cjz4f+esf/AH0KAJKKj8+H/nrH/wB9CnqyuMqwYeoOaAFooooAKKKKACiiigAooooAKKKKACq2oQG6065txDHN5sTJ5crlVcEYIJAJA/A1ZooAztN0oWWhw6fLNJKwT99MrlGkcnLvkEEEsSePWp4tOt4reW3/AH0kUoKus87y5BGCPmJxVqigDO03RLLSZ7qW0R1Nyyl1LkgbVCgDP0qr4U/5A8//AGEr/wD9K5q26xPCn/IHn/7CV/8A+lc1AG3RRRQAUUUUAYnivQovEGhXFm7vHK6FIpFYjYxIw2PX364JwRmvKdLuTd6Va3B+88SlhnOGxyPzzXts33B/vr/6EK8durVtO8Qa1p7YAivHlj4x8kv70fkXYf8AAaXKk79SnKTXK3oFFFFMkKKKKACiiigAooooAKKKKACiiigAooooAKKKKACiiigAooooAKKKKACiiigAooooAKKKKACiiigAooooAKKKKACiiigAooooAKKKKACrvhLTE1bxpJNK0vk6fbAbAcK0ku/Bz6qI88HI3CqVdb8Nrb/iRzakd2b/AFCV13DBCIDEv4Hyyw/3qTipKzKjKUXeLsdyOBiiiimSFFFFABRRRQAUUUUAFFFFABRRRQAUUUUAFFFFABRRRQAUUUUAFYnhT/kDz/8AYSv/AP0rmrbrE8Kf8gef/sJX/wD6VzUAbdFFFABRRRQBHN9wf76/+hCvOPHlr9l8X2d2BhL6zaJj23xNlfxIkb/vmvR5vuD/AH1/9CFcf8TbbPhy31JR82nXkUxOcYRj5Tk+wWQn8KAONooooAKKKKACiiigAooooAKKKKACiiigAooooAKKKKACiiigAooooAKKKKACiiigAooooAKKKKACiiigAooooAKKKKACiiigAooooAKKKKAKup3LWemXM6cyJGfLHHL9FHPqcCvXNG0tdF0PSdLTBFpCkJI/iKoQTz6nJry6zsxqfiPRdOZQ0cl2s8oIyNkQMnPtvVB/wL0r2GT78P8Av/8AspoAkooooAKKKKACiiigAooooAKKKKACiiigAooooAKKKKACiiigAooooAKxPCn/ACB5/wDsJX//AKVzVt1ieFP+QPP/ANhK/wD/AErmoA26KKKACiiigCOb7g/31/8AQhVfVtOj1fRr7TZiRHdwPAxHUBlIz+tWJvuD/fX/ANCFSUAeH6bLLLp0Bn/16rsmHpIvysP++gatU/UrY6d4r1uwK7U+0faoQBx5co3E/wDfzzR+FMoAKKKKACiiigAooooAKKKKACiiigAooooAKKKKACiiigAooooAKKKKACiiigAooooAKKKKACiiigAooooAKKKKACiiigAooooAKKKKANvwBb/avFuo3hU7bG0S3RuxaVt7j8BHH/31Xo8n34f9/wD9lNcp8NrMw+FBfNy+pXEl3nHVCdsf1/dqldXJ9+H/AH//AGU0ASUUUUAFFFFABRRRQAUUUUAFFFFABRRRQAUUUUAFFFFABRRRQAUUUUAFYnhT/kDz/wDYSv8A/wBK5q26xPCn/IHn/wCwlf8A/pXNQBt0UUUAFFFFAEc33B/vr/6EKkqOb7g/31/9CFSUAec/EOzFv4i0nUwMfaYpLKQ+pX94n5AS/nXP13nxFs2ufBl3cRLumsGS9j6/8szlxx6pvH41wQIYAggg8gigBaKKKACiiigAooooAKKKKACiiigAooooAKKKKACiiigAooooAKKKKACiiigAooooAKKKKACiiigAooooAKKKKACiiigAooooAKpatJcR6ZMLQZu5dsFuOf8AWyMETp/tMKu1Z0K2/tDxro9tjK27SXsox/Ci7V+nzyIR/umgD1XT7KHTdNtbC3XbBbQpDGB2VQAP0FSSffh/3/8A2U1JUcn34f8Af/8AZTQBJRRRQAUUUUAFFFFABRRRQAUUUUAFFFFABRRRQAUUUUAFFFFABRRRQAVieFP+QPP/ANhK/wD/AErmrbrE8Kf8gef/ALCV/wD+lc1AG3RRRQAUUUUARzfcH++v/oQqSo5vuD/fX/0IVJQAyaFLiCSGVd0cilGHqCMGvEdOgks7U6fOxaaxke0dj1YxkqG/EAN+Ne415R4pszp3ji9Ax5WoRJdpx/GAI5B/47Gf+BGgChRRRQAUUUUAFFFFABRRRQAUUUUAFFFFABRRRQAUUUUAFFFFABRRRQAUUUUAFFFFABRRRQAUUUUAFFFFABRRRQAUUUUAFFFFABXR/Da1S41HW9WK5KPHYRkjsg3uR9TIAf8Ac9q5maVIIJJpDhI1LMfQAZNej+BdPOneC9MSSPy554vtU69xJKTIwP0LEfhQB0VRyffh/wB//wBlNSVHJ9+H/f8A/ZTQBJRRRQAUUUUAFFFFABRRRQAUUUUAFFFFABRRRQAUUUUAFFFFABRRRQAVieFP+QPP/wBhK/8A/SuatusTwp/yB5/+wlf/APpXNQBt0UUUAFFFFAEc33B/vr/6EKkqOb7g/wB9f/QhUlABXC/EqzC2+laupw1tc/Z5PeObC4/7+CKu6rK8S6X/AG14a1HTujzwMsbDqrgZRh7hgD+FAHl1FVtOvF1DTba7UFRNGHKkYKkjkfgeKs0AFFFFABRRRQAUUUUAFFFFABRRRQAUUUUAFFFFABRRRQAUUUUAFFFFABRRRQAUUUUAFFFFABRRRQAUUUUAFFFFABRRRQBXuLY6jc2GlBN/9oXcdu6+sWd0v/kNXr26vLvBFo9744kuCAbfTrL0/wCWszYH5LG//fYr1GgAqOT78P8Av/8AspqSo5Pvw/7/AP7KaAJKKKKACiiigAooooAKKKKACiiigAooooAKKKKACiiigAooooAKKKKACsTwp/yB5/8AsJX/AP6VzVt1ieFP+QPP/wBhK/8A/SuagDbooooAKKKKAI5vuD/fX/0IVJUc33B/vr/6EKkoAKKKKAPG76zOl+JNX07+Bbk3EX/XOb5/0YuP+A02t/4hWItfEGl6sq4W6jaxmYf3lzJHn8PNH4isCgAooooAKKKKACiiigAooooAKKKKACiiigAooooAKKKKACiiigAooooAKKKKACiiigAooooAKKKKACiiigAooooAKKKqai8gtPJgcJc3LpbQE9pJGCL+rA/hQB3/AMNLUDwzJqZXEmpXMk+Sc5jU+XHj2KIG/wCBV2VV9PsodN021sLddsFtCkMYHZVAA/QVYoAKjk+/D/v/APspqSo5Pvw/7/8A7KaAJKKKKACiiigAooooAKKKKACiiigAooooAKKKKACiiigAooooAKKKKACsTwp/yB5/+wlf/wDpXNW3WJ4U/wCQPP8A9hK//wDSuagDbooooAKKKKAI5vuD/fX/ANCFSVHN9wf76/8AoQqSgAooooA5n4gadJqPgy++z7vtNqFu4QoyWaIh9v8AwIAr+NeexyJNEksbBkdQysOhB6GvaCAQQRkHqDXicVmdLur3SDn/AEC4aFMjH7r70f8A44yj8DQBNRRRQAUUUUAFFFFABRRRQAUUUUAFFFFABRRRQAUUUUAFFFFABRRRQAUUUUAFFFFABRRRQAUUUUAFFFFABRRRQAVc8OWI1TxtpsTKGisVe+kz03AbIx+blh/1z/OnXVfDG28211XWGQD7VdG3hfOd0UPy/wDowy0Ad5RRRQAVHJ9+H/f/APZTUlRyffh/3/8A2U0ASUUUUAFFFFABRRRQAUUUUAFFFFABRRRQAUUUUAFFFFABRRRQAUUUUAFYnhT/AJA8/wD2Er//ANK5q26xPCn/ACB5/wDsJX//AKVzUAbdFFFABRRRQBHN9wf76/8AoQqSo5vuD/fX/wBCFSUAFFFFABXmHjqyay8Z218C3kaja+U3HyiWI5HPqyOfwjr0+uT+ItibnwnLeRqTNpsi3qYHO1M+YB9Yy4/GgDhaKQEMAQQQeQRS0AFFFFABRRRQAUUUUAFFFFABRRRQAUUUUAFFFFABRRRQAUUUUAFFFFABRRRQAUUUUAFFFFABRRRQAUUUUAVr+5a0sJp0TfIq/u0/vueFX8SQPxr13w/pS6H4e0/S1bebWBI2f++wHzMfcnJ/GvM9Fszqni/SbPGYoXN9NxkbYsbB7HzGQj/dP4evUAFFFFABUcn34f8Af/8AZTUlRyffh/3/AP2U0ASUUUUAFFFFABRRRQAUUUUAFFFFABRRRQAUUUUAFFFFABRRRQAUUUUAFYnhT/kDz/8AYSv/AP0rmrbrE8Kf8gef/sJX/wD6VzUAbdFFFABRRRQBHN9wf76/+hCpKjm+4P8AfX/0IVJQAUUUUAFNkjSWNo5FDI4Ksp6EHtTqKAPEbS2bTjcaVISX06drXnui8xn8Yyh/GrFbHjiy+weMIbxRiLU7fax7edF/VkYfhHWPQAUUUUAFFFFABRRRQAUUUUAFFFFABRRRQAUUUUAFFFFABRRRQAUUUUAFFFFABRRRQAUUUUAFFFFABRRVe+uGtbGaZE8yRV/dp/fc8Kv4nA/GgDsfhtZeYdV1lgD50wtITn+CLO7/AMiM4/4CPw72szw9pQ0Tw9YaYGLNbwqjuerPj5m/E5P41p0AFFFFABUcn34f9/8A9lNSVHJ9+H/f/wDZTQBJRRRQAUUUUAFFFFABRRRQAUUUUAFFFFABRRRQAUUUUAFFFVNT+1/2ZcNYsFulQtFuAwzDnac9jjGe2aALdFY2m317faC2pRqxe5JmtYmjGViP3AQWXJK4Y5YcsRnipLWa/fT7ptRiljZVO0RQhXIx/CFkkyfTp9KANWsTwp/yB5/+wlf/APpXNVTwjbRRi6nhtJbFJFiUWj28kezaG+Zi6jdI2fmI/ujk9S3wrY3Hk3V1/at55LajfgWm2Lyl/wBKlGQdm/35bv6cUAdRRUflt/z2k/Jf8KPLb/ntJ+S/4UASUVH5bf8APaT8l/wo8tv+e0n5L/hQATfcH++v/oQqSq80bbB++k++vZf7w9qk8tv+e0n5L/hQBJRUflt/z2k/Jf8ACjy2/wCe0n5L/hQBJRUflt/z2k/Jf8KPLb/ntJ+S/wCFAHL/ABFsGuvCM93Cm6401xex4BJITO8DHcxlx+NcGjrJGsiEMrAEEdwa9jaEupVpXKkYIIXBH5V4xFZnSrq90ds/8S+4aFM94uGj/wDHGUfUGgCaiiigAooooAKKKKACiiigAooooAKKKKACiiigAooooAKKKKACiiigAooooAKKKKACiiigAooooAKsaLZHVfF+lWZBMUDm/m9MRY2D6+Y0ZH+4fqK9dP8ADbTWkh1PXXdlN5N9ng2kEeTCSueRxmQynjqNtAHf0VH5bf8APaT8l/wo8tv+e0n5L/hQBJRUflt/z2k/Jf8ACjy2/wCe0n5L/hQBJUcn34f9/wD9lNHlt/z2k/Jf8KjkjbfF++k+/wCi/wB0+1AFiio/Lb/ntJ+S/wCFHlt/z2k/Jf8ACgCSio/Lb/ntJ+S/4UeW3/PaT8l/woAkoqPy2/57Sfkv+FPUFRgsW9zigBaKKKACiiigAooooAKKKKACiiigAqOeCG5geC4iSWJxh45FDKw9CD1qSigBFUKoVQAAMADtS0UUAFYnhT/kDz/9hK//APSuatusTwp/yB5/+wlf/wDpXNQBt0UUUAFFFFAEc33B/vr/AOhCpKjm+4P99f8A0IVJQAUUUUAFFFFABXmvj+xay8TWGqIn7m/iNpO3pImXj/NTIPwWvSqwPGekyaz4Vvbe2QPeRgXFqPWWM7lH4kbfoTQB5xRUNrcJd2kNzHnZKgcA9Rkd/epqACiiigAooooAKKKKACiiigAooooAKKKKACiiigAooooAKKKKACiiigAooooAKKKKACiiigCrqE0sNmwtwDdSlYbdT0aVyFQfixFex6PpkOjaNZ6ZbkmK1hWJSerYGMn3PWvNfCtiureNYFcK8Glxfa5ARnErZSL9BK31UV6vQAUUUUAFFFFABUcn34f9/wD9lNSVHJ9+H/f/APZTQBJRRRQAUUUUAFFFFABRRRQAUUUUAFFFFABRRRQAUUUUAFFFFABRRRQAVieFP+QPP/2Er/8A9K5q26xPCn/IHn/7CV//AOlc1AG3RRRQAUUUUARzfcH++v8A6EKkqOb7g/31/wDQhUlABRRRQAUUUUAFFFFAHjd/Yto3ibVNLKBIRL9qtcd4pSWx+D7x9AKbXV/EjTwkWn68nBtJPs0/HWKVlGfwcIfoWrlKACiiigAooooAKKKKACiiigAooooAKKKKACiiigAooooAKKKKACiiigAooooAKKKKACkZgqlmICgZJPalqGWzfVbqz0ePOdQnEEhBIKxYLStkdDsDYPqVoA7z4cad5Hhw6nLHtuNUlNycjB8r7sQP/AApx6sa7CmxxpFGscahUQBVUdAB2p1ABRRRQAUUUUAFRyffh/3/AP2U0lvc293CJraeKaIkgPG4YZHXkUsn34f9/wD9lNAElFFFABRRRQAUUUUAFFFFABRRRQAUUUUAFFFFABRRRQAUUUUAFFFFABWJ4U/5A8//AGEr/wD9K5q26xPCn/IHn/7CV/8A+lc1AG3RRRQAUUUUARzfcH++v/oQqSo5vuD/AH1/9CFSUAFFFFABRRRQAUUUUAVdSsINV0y60+6QPBcxNFID6MMGvG7L7RHE1ref8flo7W9x7uvBP0PDD2YV7dXmHjfT/wCzPFkV9HHi31WPY5HQXEY/m0Y/8h0AZFFFFABRRRQAUUUUAFFFFABRRRQAUUUUAFFFFABRRRQAUUUUAFFFFABRRRQAUUUUAFdB8PdPF5rWoa26ny7ZfsFsSDyxIaVh68iNc+qNXLX9y9pZSSxRmWbhIoh1kkYhUX8WIH41634c0ddA8PWWmB/MaFP3kn/PSRiWdvxYsfxoA1KKKKAKU2rWNvfCzmuoo5vL8whpANozgZye/OP90+lSG+ga1mnt2F0IlJKW7BmYgZ2jnGTUphjM6zlf3iqUDexIJH6CntuKHYQGxwSMgH6UAY8HifT7pTJAt3NCFjYSw2zyqd6BwPkBIO0qTkD7wqC98QWs1yujpaXEl3ewM1vHNE0aSrghixPKqvAbIyNy4ByKk03wtp1npSWV1a2t4fNkndpIAV8x2JO1WztAyFAycKAM8VYHhzSBdR3KWSJNEyNG0bFfL2btoXB+UfM2QODuOQcmgBugafcafaTfbEgW6nl82UwOWQnYqjaNq7QAoAHPA5JJJrSk+/D/AL//ALKakqOT78P+/wD+ymgCSiiigAooooAKKKKACiiigAooooAKKKKACiiigAooooAKKKKACiiigArE8Kf8gef/ALCV/wD+lc1bdYnhT/kDz/8AYSv/AP0rmoA26KKKACiiigCOb7g/31/9CFSVHN9wf76/+hCpKACiiigAooooAKKKKACsHxlosmueGbm3t1U3sWLi0LHAEycrz2B5U+zGt6igDxO0uUvLOG5QELIgbB6r7H3HSpqta/p39ieLby1VStrfbr2254BJ/eqPo5Df9tPaqtABRRRQAUUUUAFFFFABRRRQAUUUUAFFFFABRRRQAUUUUAFFFFABRRRQAUUVHcTx2ttLcTNtiiQu7egAyaANPwrp51fxlDuGbXS4/tMvoZmysS/gA7exCeter1zXgTSJNK8MwyXUXl398ftVyCOVZh8qH/dXav8AwGuloAKKKKACiiigAooooAKjk+/D/v8A/spqSo5Pvw/7/wD7KaAJKKKKACiiigAooooAKKKKACiiigAooooAKKKKACiiigAooooAKKKKACsTwp/yB5/+wlf/APpXNW3WJ4U/5A8//YSv/wD0rmoA26KKKACiiigCOb7g/wB9f/QhUlRzfcH++v8A6EKkoAKKKKACiiigAooooAKKKKAOU8f6O+o6AL62iMl9pj/aYVUcuoBEiD6oTgf3gvpXAxSxzwpLE4eN1DKynIIPIIr2mvHNQ006B4gu9Jxi3ObizP8A0yY8qP8AdbI9gVoAZRRRQAUUUUAFFFFABRRRQAUUUUAFFFFABRRRQAUUUUAFFFFABRRRQAVLpemf2/4kstMZN1rEReXmRxsRsoh/3nA47hWqCSRIYnlkYKiKWZj0AHU13Xw90h7HQm1K6jKXmqMLh1Ycxx4xEh+i8kf3magDrqKKKACiiigAooooAKKKKACo5Pvw/wC//wCympKjk+/D/v8A/spoAkooooAKKKKACiiigAooooAKKKKACiiigAooooAKKKKACiiigAooooAKxPCn/IHn/wCwlf8A/pXNW3WJ4U/5A8//AGEr/wD9K5qANuiiigAooooAjm+4P99f/QhUlRzfcH++v/oQqSgAooooAKKKKACiiigAooooAK5D4gaK9/pEep2kTPfaaxlRUGWkjIxInvkcgeqiuvooA8WiljnhSWJw8bqGVlOQQeQRT6l1bTP+Ee8SXOlhdtpMDdWPp5ZPzx/8AY8DsrJ6VFQAUUUUAFFFFABRRRQAUUUUAFFFFABRRRQAUUUUAFFFFABRRUdxPFa28txO4SKJS7segAGSaAJrDSv+Ei1+10dk32g/0i+yMjyVPCH/AH2wuO6h/SvZK5XwFosumaGb28jMeoaiRcTIw5iXHyRn/dXr/tFvWuqoAKKKKACiiigAooooAKKKKACo5Pvw/wC//wCympKjk+/D/v8A/spoAkooooAKKKKACiiigAooooAKKKKACiiigAooooAKKKKACiiigAooooAKxPCn/IHn/wCwlf8A/pXNW3WJ4U/5A8//AGEr/wD9K5qANuiiigAooooAjm+4P99f/QhUlRzfcH++v/oQqSgAooooAKKKKACiiigAooooAKKKKAOc8a6BJrmh5tB/xMbNvtFpzgMwHKH2ZSV9sg9q83trhLq3SZAwVxnawwynuCOxB4I9RXtdeWeL9IGheIPtkQ26fqknTHyxXOOR7BwM/wC8D3agDMooooAKKKKACiiigAooooAKKKKACiiigAooooAKKKKACrXh/Sh4i8TR2siB7DTytzd5HDv1ij9+RvI9FGeGrOupnhhHkxGa4kYRwQqeZJGOFUfU9+wye1eqeF9CXw9ocVmzrLdOTLdTKMCWVvvH6dAPRQB2oA2aKKKACiiigAooooAKKKKACiiigAqOT78P+/8A+ympKjk+/D/v/wDspoAkooooAKKKKACiiigAooooAKKKKACiiigAooooAKKKKACiiigAooooAKxPCn/IHn/7CV//AOlc1bdYnhT/AJA8/wD2Er//ANK5qANuiiigAooooAjm+4P99f8A0IVJUc33B/vr/wChCpKACiiigAooooAKKKKACiiigAooooAKoa1pFrr2j3OmXikwzrjcpwyHqrKezAgEH1FX6KAPFFjurS6uNN1AAX1o2yUgYEg/hkX/AGWHPscjsalrtvHPhqXU4YtW02PdqdkpHljj7TD1aP6919+OATXCW9xFd28c8Lbo5F3KaAJaKKKACiiigAooooAKKKKACiiigAooooAKKKdp+lSeJtYGjxbltVUSahMpxsiPSMEHId8ED0GT1xkA3vAOjHUL4+JLhc20W6LTkZep5Dzfjyq/7O48hhXo1MhhitoI4II1jijUIiIMBVAwAB6Yp9ABRRRQAUUUUAFFFFABRRRQAUUUUAFRyffh/wB//wBlNSVHJ9+H/f8A/ZTQBJRRRQAUUUUAFFFFABRRRQAUUUUAFFFFABRRRQAUUUUAFFFFABRRRQAVieFP+QPP/wBhK/8A/SuatusTwp/yB5/+wlf/APpXNQBt0UUUAFFFFAEc33B/vr/6EKkqOb7g/wB9f/QhUlABRRRQAUUUUAFFFFABRRRQAUUUUAFFFFABXmfjTQf7DvJdctExps7Br1AeLdzx5oH908bvQ/N3Y16ZTZI0ljaORFdHBVlYZBB6gigDxuir2v8Ah+Xwtc7lZpNHmcLA5H/HsxOBGx/uknCn/gJ5xmjQAUUUUAFFFFABRRRQAUUUUAFFFRTzmIxRxxvNcTP5cEEYy8rnnaPyJz0ABJ4FADiLie6gsbGEzXtyxWJMHAx1dz2Re5+gHJAPqfh3Qbfw7pCWULGSQnzLidhhppSBuc8nGcDA6AAAcCqHhHwuNCt3u7vbLq10o+0SKcrGo5Eaf7Iz1/iOSewHS0AFFFFABRRRQAUUUUAFFFFABRRRQAUUUUAFRyffh/3/AP2U1JUcn34f9/8A9lNAElFFFABRRRQAUUUUAFFFFABRRRQAUUUUAFFFFABRRRQAUUUUAFFFFABWJ4U/5A8//YSv/wD0rmrbrE8Kf8gef/sJX/8A6VzUAbdFFFABRRRQBHN9wf76/wDoQqSo5vuD/fX/ANCFSUAFFFFABRRRQAUUUUAFFFFABRRRQAUUUUAFFFFAEVzbQXltLbXMSTQSqUkjkUMrqeCCD1FeV+IdAufC07zZebRDytwxJa15+7Ie688P2/i9T6zSMqupVgCpGCCOCKAPGgcjI6UV0OteAp9OZ7rw2qtbdW0tiFAJOSYmJwvX7h444K1y8V1HJcS2zB4rqHiW3mUpJH9VPOPfoexNAE9FFFABRRRQAUUjMFUsxAUDJJ7U/SrHU/EhH9jQD7Lu2vqE4IhUdyg4Mp7fLxnqwoAheRzPDa28MlzeTnbDbxDLOfX2Ud2PA716F4W8IJojG/vnS51aRdrSKPkgU4zHHnnGQMtwWwCQOAL3h/wvp/h2OQ24ea7mA8+7mOZJcZwPQKMnCgAD6kmtqgAooooAKKKKACiiigAooooAKKKKACiiigAooooAKjk+/D/v/wDspqSo5Pvw/wC//wCymgCSiiigAooooAKKKKACiiigAooooAKKKKACiiigAooooAKrX97Hp1jLeTK5ihG59gyVXu30A5PsDVmobuJ57SaGNo1d0Kgyx7159VyMj2yKAIYdShmguJkWUxwStEWWMsXKnDbQuScHI6dQaa2qQ/YLm7WO42W8bOyywPETgZ43gZ6UWOk2tlo0Gl+WJreKIRkSgNvx1LZ6knk+5qW30+ytInitrO3hjk++kcQUN9QBzQBm6LqV9c3UlrqAtzILWG6VrdWUASFxtOSckFOvGc9BiqWmXOp6PBcWjeHdRuf9NuplmglttjrJPJIpG6VW6MOoHNbOnaPZaVv+yRupdVQtJK8h2rnaoLEkKMnAHHJ9av0AYn9uaj/0Kmsf9/bT/wCP0f25qP8A0Kmsf9/bT/4/W3RQBif25qP/AEKmsf8Af20/+P0f25qP/Qqax/39tP8A4/W3ULXlskpia4hWQMqlC4BBb7ox6nBx64oA53VNV1u5tEjs/DOrRSi4gdmaa0GY1lRnH+vPVAw/Ht1q7/bmo/8AQqax/wB/bT/4/W3UF7dx2NnLdSq7JGudqLuZvQAepPFAGX/bmo/9CprH/f20/wDj9H9uaj/0Kmsf9/bT/wCP1f07UU1FJ8QzQSwS+VNDNt3I20Nj5SQflZTwT1q5QBif25qP/Qqax/39tP8A4/R/bmo/9CprH/f20/8Aj9bdFAGJ/bmo/wDQqax/39tP/j9H9uaj/wBCprH/AH9tP/j9bdFAGJ/bmo/9CprH/f20/wDj9H9uaj/0Kmsf9/bT/wCP1t0UAYn9uaj/ANCprH/f20/+P0f25qP/AEKmsf8Af20/+P1t0UAYn9uaj/0Kmsf9/bT/AOP0f25qP/Qqax/39tP/AI/W3RQBif25qP8A0Kmsf9/bT/4/R/bmo/8AQqax/wB/bT/4/W3RQBif25qP/Qqax/39tP8A4/R/bmo/9CprH/f20/8Aj9bdFAGJ/bmo/wDQqax/39tP/j9Zeswxa/Eqan4H1SZk/wBXKJbRZIz6o6zhl/AiuvooA8gvfDHiK3OdJ0vVJ48n9zqDWm4egEiT/wA1J96ittH8Xsyi68J3EQJwWjvbeQAev3wfyFexsyohd2CqoySTgAVHDcwXBPkzxyYCsdjg4BGQePUcigDx21s9Yu2nFrpkt08eMRpJGhbhful2AIwQeCeGHqMt/sTxxNJs/wCEYa1jOP3puYJ2Hr8nmoP/AB6vZGEFqks5VI1wXkcDHQAZP4AfgBVLS9ai1VnRbe4t5FjjmCTqoLRvnawwTwdrcHBGOQKzpxlFWk7mtacZyvGNkcHp3hOKLy5NY8Ma5rE6nOLmSzWAH2hE+0/8C3H3rsl1u/RQq+E9XCgYAElngD/v/W5RWhkYn9uaj/0Kmsf9/bT/AOP0f25qP/Qqax/39tP/AI/W3RQBif25qP8A0Kmsf9/bT/4/R/bmo/8AQqax/wB/bT/4/W3RQBif25qP/Qqax/39tP8A4/R/bmo/9CprH/f20/8Aj9bdFAGJ/bmo/wDQqax/39tP/j9H9uaj/wBCprH/AH9tP/j9bdFAGJ/bmo/9CprH/f20/wDj9H9uaj/0Kmsf9/bT/wCP1t0UAYn9uaj/ANCprH/f20/+P0f25qP/AEKmsf8Af20/+P1t0UAYn9uaj/0Kmsf9/bT/AOP0f25qP/Qqax/39tP/AI/W3RQBif25qP8A0Kmsf9/bT/4/R/bmo/8AQqax/wB/bT/4/W3RQBif25qP/Qqax/39tP8A4/VK91XW5rvTZLfwzqyRQ3Be4UzWnzx+VIoA/f8A99kPbp+FdE15bJKYmuIVkDKpQuAQW+6MepwceuKmoAxP7c1H/oVNY/7+2n/x+j+3NR/6FTWP+/tp/wDH6nutcgtL8Wr29yy7443uFUeXG8h2opyckkkdAcZGcVqUAYn9uaj/ANCprH/f20/+P0f25qP/AEKmsf8Af20/+P1t0UAYn9uaj/0Kmsf9/bT/AOP1p2VzLd2wlmsrizfJHlTtGWHv8jMP1qxRQAUUUUAFFFFABRRRQAUUUUAFFFFABRRRQAUUUUAFFFFABRRRQAVjXWgtc+IbfWftSrLbgJGnkgjZzvBOckndweNvpy27ZooAyf7Atv7W/tHf+9378fZ4ev8AveXv/wDHs1LqGmyXKTyWd5La3kkflpKXd0T38vcFz71o0UAUNI099NsvIkeB23li0UbJuz1LbnYs2epJ5q/RRQAUUUUAFFFFABRRRQAUUUUAFFFFABRRRQAUUUUAFFFFADXDmNhGyq5B2lhkA9sjIz+dYel+GY9M0y604XPmW9wQ5zCmQ5ADHkFSCQCFI+XoOMAb1FAGXaaDa2lhdWasTFcqVfEUUZwRj+BFHfvmmaRpFxYXElxd3iXMzQRWymOHywEj3EEjc2WJc5PA6cVzHxK8Qa3YjTNE8L3Kwa1fmWVZGjV9sUUZZuGBHzHaoOPWuk8Ja9H4n8J6ZrMeP9KgVnA6K44dfwYEfhQBtUUUUAFFFFABRRRQAUUUUAFFFFABRRRQAUUUUAFFFFABRRRQBjXWgtc+IbfWftSrLbgJGnkgjZzvBOckndweNvpy25/9gW39rf2jv/e79+Ps8PX/AHvL3/8Aj2a1qKAMe40m8uNdjvnvYHtoipjtpbdm8sjqwIcDcc8MVOO3fOxRRQAUUUUAFFFFABRRRQAUUUUAFFFFABRRRQAUUUUAFFFFABRRRQAUUUUAFFFFABRRRQAUUUUAFFFFABRRRQAUUUUAFFFFABRRRQAUUUUAFFFFABRRRQAUUUUAFFFFAHFat8NtL8R+L7jW/EBXUbc2yW9rZMjItuASWbcG+Ykk9hjPetDwZ4RXwbZX9hb3vnWE149xawGPb9mRv+Wedx3AY68d66WigAooooAKKKKACiiigAooooAKKKKACiiigAooooAKKKKACiiigAooooAKKKKACiiigAooooAKKKKACiiigAooooAKKKKACiiigAooooAKKKKACiiigAooooAKKKKACiiigAooooAKKKKACiiigAooooAKKKKACiiigAooooAKKKKACiiigAooooAKKKKACiiigAooooAKKKKACiiigAooooAKKKKACiiigAooooAKKKKACiiigAooooAKKKKACiiigAooooAKKKKACiiigD//2Q==</file>
    </questiontext>
    <generalfeedback format="html">
      <text></text>
    </generalfeedback>
    <penalty>0.0000000</penalty>
    <hidden>0</hidden>
    <idnumber></idnumber>
  </question>

<!-- question: 133093  -->
  <question type="cloze">
    <name>
      <text>u2</text>
    </name>
    <questiontext format="html">
      <text><![CDATA[<p>Doplňte postup řešení integrálu $$\iint_\mathcal{D}\ x^2 \ {\rm d}x{\rm d}y, \mbox{ kde }\mathcal{D} \mbox{ je ohraničena: } y=\frac{16}{x},\ y=x,\ x=8$$. <br><br>1. <b>Náčrtek</b> \(\mathcal{D}\) je na obrázku <img src="@@PLUGINFILE@@/EOI_3.jpg" alt="" role="presentation" class="img-responsive atto_image_button_middle" width="300" height="225"> nebo <img src="@@PLUGINFILE@@/EOI_4.jpg" alt="" role="presentation" class="img-responsive atto_image_button_right" width="300" height="225"><br>{1:MCH:%100%a. obrázek 1 #ano~b. obrázek 2 #ne~c. ani jeden#jen si vyberte} .  <br>2. <b>Určete průsečíky </b>hraničních křivek:  <br>A=[ {2:NUMERICAL:=4:0},{3:NUMERICAL:=4:0}], B=[ {4:NUMERICAL:=8:0},{5:NUMERICAL:=2:0}], C=[ {7:NUMERICAL:=8:0},{8:NUMERICAL:=8:0}]  <br>3. Vyberte <b>nerovnice,</b> které odpovídají zápisu množiny \(\mathcal D \) jako EOIx {9:MCH: a. $$ \begin&amp;#123array&amp;#125 &amp;#123 c &amp;#125 4\leq x\leq 8\\ 2\leq y\leq 8\end&amp;#123array&amp;#125 $$#to ne~= b. $$\begin&amp;#123array&amp;#125 &amp;#123 c &amp;#125 4\leq x\leq 8\\16\frac 1x\leq y\leq x\end&amp;#123array&amp;#125 $$ #ok}  <br>4. <b>Dvojný</b> integrál \(\displaystyle \iint_\mathcal{D}\ x^2 \ {\rm d}x{\rm d}y \) převedeme <b>na dvojnásobný</b>:{10:MCH: a. $$=\int_4^8\left(\int_2^4 x^2 dy\right)dx$$#to ne~= b. $$=\int_4^8\left(\int_&amp;#123 16/x &amp;#125^x x^2 dy\right)dx$$#ano}<br>5. Vyberte správné pokračování <b>po výpočtu vnitřního integrálu</b>: {11:MCH:&nbsp; a. $$=\int_4^8 \left[\frac 13 x^3 \right]_2^4 dx$$#ne~=b.&nbsp; $$=\int_4^8 (x^3-16x)\ dx$$#ano~c. ani jeden#jen si vyberte}<br>6. <b>Dopočtěte</b> a zadejte výsledek {12:NUMERICAL:=576:0}.</p>]]></text>
<file name="EOI_3.jpg" path="/" encoding="base64">/9j/4AAQSkZJRgABAQAAAQABAAD//gAYTUFUTEFCIEhhbmRsZSBHcmFwaGljc//+AB1NQVRMQUIsIFRoZSBNYXRoV29ya3MsIEluYy7/2wBDAAgGBgcGBQgHBwcJCQgKDBQNDAsLDBkSEw8UHRofHh0aHBwgJC4nICIsIxwcKDcpLDAxNDQ0Hyc5PTgyPC4zNDL/2wBDAQkJCQwLDBgNDRgyIRwhMjIyMjIyMjIyMjIyMjIyMjIyMjIyMjIyMjIyMjIyMjIyMjIyMjIyMjIyMjIyMjIyMjL/wAARCAGkAjADASIAAhEBAxEB/8QAHwAAAQUBAQEBAQEAAAAAAAAAAAECAwQFBgcICQoL/8QAtRAAAgEDAwIEAwUFBAQAAAF9AQIDAAQRBRIhMUEGE1FhByJxFDKBkaEII0KxwRVS0fAkM2JyggkKFhcYGRolJicoKSo0NTY3ODk6Q0RFRkdISUpTVFVWV1hZWmNkZWZnaGlqc3R1dnd4eXqDhIWGh4iJipKTlJWWl5iZmqKjpKWmp6ipqrKztLW2t7i5usLDxMXGx8jJytLT1NXW19jZ2uHi4+Tl5ufo6erx8vP09fb3+Pn6/8QAHwEAAwEBAQEBAQEBAQAAAAAAAAECAwQFBgcICQoL/8QAtREAAgECBAQDBAcFBAQAAQJ3AAECAxEEBSExBhJBUQdhcRMiMoEIFEKRobHBCSMzUvAVYnLRChYkNOEl8RcYGRomJygpKjU2Nzg5OkNERUZHSElKU1RVVldYWVpjZGVmZ2hpanN0dXZ3eHl6goOEhYaHiImKkpOUlZaXmJmaoqOkpaanqKmqsrO0tba3uLm6wsPExcbHyMnK0tPU1dbX2Nna4uPk5ebn6Onq8vP09fb3+Pn6/9oADAMBAAIRAxEAPwD3+iiigAooooAKKKKACiiigAooooAKKKKACiiigAooooAKKKKACiiigAooooAKKKKACiiigAooooAKKKKACiiigAooooAKKKKACiiigAooooAKKKKACiiigAooooAKKKKACiiigAoqOe4htbeSe4mjhhjUs8kjBVUDqSTwBVLS9f0fXFkOk6rZXwjOH+zTrJt+uDxQBo0UUUAFFFFABRRRQAUUUUAFFFFABRRRQAUUUUAFFFFABRRRQAUUUUAFFFFABRRUN1dQ2Vu1xcPsiUjc2CcZOOcduevagCaiqw1C0MdxIZ0WO3cpK7naqsMZ5PHcfyog1C0u4pJLS5huVj+95Egfn04PWgCzRWF4b8Rr4hSZlhiTy1jbMM/mqN4J2scDDjHzL2yOeaux67pEt+9hHqti94hIe3W4QyKR1yucjFAGhRUfnw/89Y/++hR58P8Az1j/AO+hQBJRUfnw/wDPWP8A76FHnw/89Y/++hQBJRUfnw/89Y/++hR58P8Az1j/AO+hQBJRUfnw/wDPWP8A76FHnw/89Y/++hQBJRUfnw/89Y/++hR58P8Az1j/AO+hQBJRUfnw/wDPWP8A76FH2iEf8to/++hQBJRUfnw/89Y/++hR58P/AD1j/wC+hQBJRUfnw/8APWP/AL6FHnw/89Y/++hQBJRUfnw/89Y/++hR58P/AD1j/wC+hQBJRUfnw/8APWP/AL6FHnw/89Y/++hQBJRUfnw/89Y/++hR58P/AD1j/wC+hQAy8uPsljcXOwv5MbSbB1bAzivMbDxF4mt9L8LeJrvXI7yDXb2C3l00W0axxLMTt8tgN+5O+Sc4PpXqPnw/89Y/++hXN2HgjwnpmqpqVpYxR3Ebs8Sm4do4Wb7xSMtsQnPYCgDjLf4parovh77frOlm8ge5vooLpZ0Qu0LyFUKBflGxCN3JyvI5zWr4t8aX9joNs1zpj2U00b3ckMeprHMIYyG2jajMSw4OAAMkbx1rWf4d+DJPMEliHSTzcxteylAZc+YyrvwrNkgkYOOOlaGr+GPD+uzJLfxlnW3a1Jiu5It8LY3RtsYblOBwc0AYkPxEnm8QRWA0UNZtZf2hNdR3e9raDZuVpE2cM3QLuJ79K53UPi7Pc6G11bWU2m7XtbhZwPPDW7zIrq2UwH2t0G7rweK7LTvA3hTSb5ryxglhlYguBqM5STC7RuQybWGOMEGnQeCPCltAYI7XMW6NlV7yVxH5b70VMudihhnauB7UAW9C1658SeFV1ixtIInuUd7OOafcGHIUyFR8pOOVGcdOtVPAGr6nrXhyS51iSF71L65gfyVwgCSsoC98DGATz61raXpulaLFPFpypBHPO9w6CUld7HLEAkhQTzgYHtT9MsdM0e2e3sBHDE80k7L5pbLuxZjyT1JJoA0KKj8+H/nrH/30KPPh/wCesf8A30KAJKKj8+H/AJ6x/wDfQo8+H/nrH/30KAJKKj8+H/nrH/30KPPh/wCesf8A30KAJKKj8+H/AJ6x/wDfQo8+H/nrH/30KAJKKj8+H/nrH/30KPPh/wCesf8A30KAPO/jAVj0/wAOzXoJ0SPWYG1JSMoYsn747pnqPpVzT9S8EzfES1tdDs4LjVvsLs15ppXyYoc/dkKNgknGMg9R0pNa+J3hW28Q/wDCOXs1nPHKrx3DPPEYlYNGu18naBhpMhiCPKIwdy56nS9I0HQ1kXSbDT7ESHL/AGaJI931wOaANSio/Ph/56x/99Cjz4f+esf/AH0KAJKKj8+H/nrH/wB9Cjz4f+esf/fQoAkoqPz4f+esf/fQo8+H/nrH/wB9CgCSio/Ph/56x/8AfQo8+H/nrH/30KAJKKj8+H/nrH/30KPPh/56x/8AfQoAkoqPz4f+esf/AH0KerK4yrBh6g5oAWiiigAooooAKKKKACiiigAooooAKrahAbrTrm3EMc3mxMnlyuVVwRggkAkD8DVmigDO03ShZaHDp8s0krBP30yuUaRycu+QQQSxJ49amj023jtprfM7xzKVcS3EkhwRjgsSR+FW6KAMvStEj0qR5BdXFzI0UcAebYNsabtqgKqjjc3J55qDwp/yB5/+wlf/APpXNW3WJ4U/5A8//YSv/wD0rmoA26KKKACiiigAooooAKKKKACiiigAqOf/AI95f9w/yqSo5/8Aj3l/3D/KgCSiiigAooooAKKKKACiiigAooooAKKKKACiiigAooooAKKKKACiiigAooooAKKKKACiiigArmvFniyPQIktbVEudXuFJgtyflRenmSY6IPzY8DuQeLPFkegRJa2qJc6vcKTBbk/Ki9PMkx0Qfmx4HcjzmKKQSzXNzO9ze3Db7i4f70jf0A6BRwBQBZ8G6LDe/EqTUNQmmutQNg0z3LOVYv5sfIx90ADaFHG0kcg17FXmHgf/kfJf+wY3/o1K9PoAKKKKACiiigAooooAKKKKACiiigAooooAKKKKACiiigAooooAKKKKACiiigAooooAKKKKACsTwp/yB5/+wlf/wDpXNW3WJ4U/wCQPP8A9hK//wDSuagDbooooAKKKKACiiigAooooAKKKKACo5/+PeX/AHD/ACqSo5/+PeX/AHD/ACoAkooooAKKKKACiiigAooooAKKKKACiiigAooooAKKKKACiiigAooooAKKKKACiiigArmvFniyPQIktbVEudXuFJgtyflRenmSY6IPzY8DuQeLPFkegRJa2qJc6vcKTBbk/Ki9PMkx0Qfmx4HcjzmKKQSzXNzO9ze3Db7i4f70jf0A6BRwBQARRSCWa5uZ3ub24bfcXD/ekb+gHQKOAKloooA1/A//ACPkv/YMb/0alen15h4H/wCR8l/7Bjf+jUr0+gAooooAKKKKACiiigAooooAKKKKACiiigAooooAKKKKACiiigAooooAKKKKACiiigAooooAKxPCn/IHn/7CV/8A+lc1bdYnhT/kDz/9hK//APSuagDbooooAKKKKACiiigAooooAKKKKACo5/8Aj3l/3D/KpKjn/wCPeX/cP8qAJKKKKACiiigAooooAKKKKACiiigAooooAKKKKACiiigAooooAKKKKACiiigArmvFniyPQIktbVEudXuFJgtyflRenmSY6IPzY8DuQeLPFkegRJa2qJc6vcKTBbk/Ki9PMkx0Qfmx4HcjzmKKQSzXNzO9ze3Db7i4f70jf0A6BRwBQARRSCWa5uZ3ub24bfcXD/ekb+gHQKOAKloooAKKKKANfwP/AMj5L/2DG/8ARqV6fXmHgf8A5HyX/sGN/wCjUr0+gAooooAKKKKACiiigAooooAKKKKACiiigAooooAKKKKACiiigAooooAKKKKACiiigAooooAKxPCn/IHn/wCwlf8A/pXNW3WJ4U/5A8//AGEr/wD9K5qANuiiigAooooAKKKKACiiigAooooAKjn/AOPeX/cP8qkqOf8A495f9w/yoAkooooAKKKKACiiigAooooAKKKKACiiigAooooAKKKKACiiigAooooAK5rxZ4sj0CJLW1RLnV7hSYLcn5UXp5kmOiD82PA7kHizxZHoESWtqiXOr3CkwW5PyovTzJMdEH5seB3I85iikEs1zczvc3tw2+4uH+9I39AOgUcAUAEUUglmubmd7m9uG33Fw/3pG/oB0CjgCpaKKACiiigAooooA1/A/wDyPkv/AGDG/wDRqV6fXmHgf/kfJf8AsGN/6NSvT6ACiiigAooooAKKKKACiiigAooooAKKKKACiiigAooooAKKKKACiiigAooooAKKKKACiiigArE8Kf8AIHn/AOwlf/8ApXNW3WJ4U/5A8/8A2Er/AP8ASuagDbooooAKKKKACiiigAooooAKKKKACo5/+PeX/cP8qkqOf/j3l/3D/KgCSiiigAooooAKKKKACiiigAooooAKKKKACiiigAooooAKKKKACua8WeLI9AiS1tUS51e4UmC3J+VF6eZJjog/NjwO5B4s8WR6BElraolzq9wpMFuT8qL08yTHRB+bHgdyPOYopBLNc3M73N7cNvuLh/vSN/QDoFHAFABFFIJZrm5ne5vbht9xcP8Aekb+gHQKOAKloooAKKKKACiiigAooooA1/A//I+S/wDYMb/0alen15h4H/5HyX/sGN/6NSvT6ACiiigAooooAKKKKACiiigAooooAKKKKACiiigAooooAKKKKACiiigAooooAKKKKACiiigArE8Kf8gef/sJX/8A6VzVt1ieFP8AkDz/APYSv/8A0rmoA26KKKACiiigAooooAKKKKACiiigAqOf/j3l/wBw/wAqkqOf/j3l/wBw/wAqAJKKKKACiiigAooooAKKKKACiiigAooooAKKKKACiiigArmvFniyPQIktbVEudXuFJgtyflRenmSY6IPzY8DuQeLPFkegRJa2qJc6vcKTBbk/Ki9PMkx0Qfmx4HcjzmKKQSzXNzO9ze3Db7i4f70jf0A6BRwBQARRSCWa5uZ3ub24bfcXD/ekb+gHQKOAKloooAKKKKACiiigAooooAKKKKANfwP/wAj5L/2DG/9GpXp9eYeB/8AkfJf+wY3/o1K9PoAKKKKACiiigAooooAKKKKACiiigAooooAKKKKACiiigAooooAKKKKACiiigAooooAKKKKACsTwp/yB5/+wlf/APpXNW3WJ4U/5A8//YSv/wD0rmoA26KKKACiiigAooooAKKKKACiiigAqOf/AI95f9w/yqSo5/8Aj3l/3D/KgCSiiigAooooAKKKKACiiigAooooAKKKKACiiigArmvFniyPQIktbVEudXuFJgtyflRenmSY6IPzY8DuQeLPFkegRJa2qJc6vcKTBbk/Ki9PMkx0Qfmx4HcjzmKKQSzXNzO9ze3Db7i4f70jf0A6BRwBQARRSCWa5uZ3ub24bfcXD/ekb+gHQKOAKloooAKKKKACiiigAooooAKKKKACiiigDX8D/wDI+S/9gxv/AEalen15h4H/AOR8l/7Bjf8Ao1K9PoAKKKKACiiigAooooAKKKKACiiigAooooAKKKKACiiigAooooAKKKKACiiigAooooAKKKKACsTwp/yB5/8AsJX/AP6VzVt1ieFP+QPP/wBhK/8A/SuagDbooooAKKKKACiiigAooooAKKKKACo5/wDj3l/3D/KpKjn/AOPeX/cP8qAJKKKKACiiigAooooAKKKKACiiigAooooAK5rxZ4sj0CJLW1RLnV7hSYLcn5UXp5kmOiD82PA7kHizxZHoESWtqiXOr3CkwW5PyovTzJMdEH5seB3I85iikEs1zczvc3tw2+4uH+9I39AOgUcAUAEUUglmubmd7m9uG33Fw/3pG/oB0CjgCpaKKACiiigAooooAKKKKACiiigAooooAKKKKANfwP8A8j5L/wBgxv8A0alen15h4H/5HyX/ALBjf+jUr0+gAooooAKKKKACiiigAooooAKKKKACiiigAooooAKKKKACiiigAooooAKKKKACiiigAooooAKxPCn/ACB5/wDsJX//AKVzVt1ieFP+QPP/ANhK/wD/AErmoA26KKKACiiigAooooAKKKKACiiigAqOf/j3l/3D/KpKjn/495f9w/yoAkooooAKKKKACiiigAooooAKKKKACua8WeLI9AiS1tUS51e4UmC3J+VF6eZJjog/NjwO5B4s8WR6BElraolzq9wpMFuT8qL08yTHRB+bHgdyPOYopBLNc3M73N7cNvuLh/vSN/QDoFHAFABFFIJZrm5ne5vbht9xcP8Aekb+gHQKOAKloooAKKKKACiiigAooooAKKKKACiiigAooooAKKKKANfwP/yPkv8A2DG/9GpXp9eYeB/+R8l/7Bjf+jUr0+gAooooAKKKKACiiigAooooAKKKKACiiigAooooAKKKKACiiigAooooAKKKKACiiigAooooAKxPCn/IHn/7CV//AOlc1bdYnhT/AJA8/wD2Er//ANK5qANuiiigAooooAKKKKACiiigAooooAKjn/495f8AcP8AKpKjn/495f8AcP8AKgCSiiigAooooAKKKKACiiigArmvFniyPQIktbVEudXuFJgtyflRenmSY6IPzY8DuQeLPFkegRJa2qJc6vcKTBbk/Ki9PMkx0Qfmx4HcjzmKKQSzXNzO9ze3Db7i4f70jf0A6BRwBQARRSCWa5uZ3ub24bfcXD/ekb+gHQKOAKloooAKKKKACiiigAooooAKKKKACiiigAooooAKKKKACiiigDX8D/8AI+S/9gxv/RqV6fXmHgf/AJHyX/sGN/6NSvT6ACiiigAooooAKKKKACiiigAooooAKKKKACiiigAooooAKKKKACiiigAooooAKKKKACiiigArE8Kf8gef/sJX/wD6VzVt1ieFP+QPP/2Er/8A9K5qANuiiigAooooAKKKKACiiigAooooAKjn/wCPeX/cP8qkqOf/AI95f9w/yoAkooooAKKKKACiiigArmvFniyPQIktbVEudXuFJgtyflRenmSY6IPzY8DuQeLPFkegRJa2qJc6vcKTBbk/Ki9PMkx0Qfmx4HcjzmKKQSzXNzO9ze3Db7i4f70jf0A6BRwBQARRSCWa5uZ3ub24bfcXD/ekb+gHQKOAKloooAKKKKACiiigAooooAKKKKACiiigAooooAKKKKACiiigAooooA1/A/8AyPkv/YMb/wBGpXp9eYeB/wDkfJf+wY3/AKNSvT6ACiiigAooooAKKKKACiiigAooooAKKKKACiiigAooooAKKKKACiiigAooooAKKKKACiiigArE8Kf8gef/ALCV/wD+lc1bdYnhT/kDz/8AYSv/AP0rmoA26KKKACiiigAooooAKKKKACiiigAqOf8A495f9w/yqSo5/wDj3l/3D/KgCSiiigAooooAK5rxZ4sj0CJLW1RLnV7hSYLcn5UXp5kmOiD82PA7kHizxZHoESWtqiXOr3CkwW5PyovTzJMdEH5seB3I85iikEs1zczvc3tw2+4uH+9I39AOgUcAUAEUUglmubmd7m9uG33Fw/3pG/oB0CjgCpaKKACiiigAooooAKKKKACiiigAooooAKKKKACiiigAooooAKKKKACiiigDX8D/API+S/8AYMb/ANGpXp9eYeB/+R8l/wCwY3/o1K9PoAKKKKACiiigAooooAKKKKACiiigAooooAKKKKACiiigAooooAKKKKACiiigAooooAKKKKACsTwp/wAgef8A7CV//wClc1bdYnhT/kDz/wDYSv8A/wBK5qANuiiigAooooAKKKKACiiigAooooAKjn/495f9w/yqSo5/+PeX/cP8qAPLPFXj7V9N8dO9lcovhzRprW31dDGp3tOWywYjI2ApwCOTzXq9eaD4LaFd6XqY1dlv9av5JpW1MxsjRu+SCqbyMKe2ea7zRLG40vQ7Gwurv7ZNbQJE1x5ezzNoxuIycE49aAL9c14s8WR6BElraolzq9wpMFuT8qL08yTHRB+bHgdyDxZ4sj0CJLW1RLnV7hSYLcn5UXp5kmOiD82PA7kecxRSCWa5uZ3ub24bfcXD/ekb+gHQKOAKACKKQSzXNzO9ze3Db7i4f70jf0A6BRwBUtFFABRRRQAUUUUAFFFFABRRRQAUUUUAFFFFABRRRQAUUUUAFFFFABRRRQAUUUUAa/gf/kfJf+wY3/o1K9PrzDwP/wAj5L/2DG/9GpXp9ABRRRQAUUUUAFFFFABRRRQAUUUUAFFFFABRRRQAUUUUAFFFFABRRRQAUUUUAFFFFABRRRQAVieFP+QPP/2Er/8A9K5q26xPCn/IHn/7CV//AOlc1AG3RRRQAUUUUAFFFFABRRRQAUUUUAFRz/8AHvL/ALh/lUlRz/8AHvL/ALh/lQBJXNeLPFkegRJa2qJc6vcKTBbk/Ki9PMkx0Qfmx4Hcg8WeLI9AiS1tUS51e4UmC3J+VF6eZJjog/NjwO5HnMUUglmubmd7m9uG33Fw/wB6Rv6AdAo4AoAIopBLNc3M73N7cNvuLh/vSN/QDoFHAFS0UUAFFFFABRRRQAUUUUAFFFFABRRRQAUUUUAFFFFABRRRQAUUUUAFFFFABRRRQAUUUUAa/gf/AJHyX/sGN/6NSvT68w8D/wDI+S/9gxv/AEalen0AFFFFABRRRQAUUUUAFFFFABRRRQAUUUUAFFFFABRRRQAUUUUAFFFFABRRRQAVU1Oa5ttNuJ7SJZZ4k3rGRnfjkqPcjIHuRVuo54EuYHhkLhHG07HZGx7MpBH4GgDNstWlvdGl1OKJZInZmtVUP88QOFY7QxO7BYYHQjipLHUri6tJ5pbJkaIZWNBJufjOB5iJz/nNX4YY7eCOCFAkUahERRgKAMACn0Ac34Wvby7u9WF99oEonRtkqkLFujU7F9h+vXvUfhWLVPJun+2Wf2E6jf7YfsreaD9ql6yeZg85/gH9a6isTwp/yB5/+wlf/wDpXNQBr4m/56R/98H/ABoxN/z0j/74P+NSUUAR4m/56R/98H/GjE3/AD0j/wC+D/jUlFAEeJv+ekf/AHwf8aMTf89I/wDvg/41JRQBHib/AJ6R/wDfB/xoxN/z0j/74P8AjUlFAEeJv+ekf/fB/wAaMTf89I/++D/jUlFAEeJv+ekf/fB/xrifinY+Ir7wZdw6JIrs0MomiSBi8iGNsgESDqu5QNr5ZlwFxuHdVHP/AMe8v+4f5UAeHWFhq2mXV3b+IZPN1mSVpZpyP9cucBgcnK+gG0KCBtXvfr0/xB4etPEFl5UxaKeP5oLlPvxN6j1HqDwRXl00N7pt82narAIbxQSjLny7hR/HGT1HIyvVcgHsSAOooooAKKKKACiiigAooooAKKKKACiiigAooooAKKKKACiiigAooooAKKKKACiiigAooooA1fBIc+O5djAH+zG6jP8Ay1T3r03E3/PSP/vg/wCNeaeB/wDkfJf+wY3/AKNSvT6AI8Tf89I/++D/AI0Ym/56R/8AfB/xqSigCPE3/PSP/vg/40Ym/wCekf8A3wf8akooAjxN/wA9I/8Avg/40Ym/56R/98H/ABqSigCPE3/PSP8A74P+NGJv+ekf/fB/xqSigCPE3/PSP/vg/wCNGJv+ekf/AHwf8akooAjxN/z0j/74P+NPXcB8xBPsMUtFABRRRQAUUUUAFFFFABRRRQAUUUUAFFFFABRRRQAVieFP+QPP/wBhK/8A/SuatusTwp/yB5/+wlf/APpXNQBt0UUUAFFFFABRRRQAUUUUAFFFFABUc/8Ax7y/7h/lUlRz/wDHvL/uH+VAElZuuaFY+IdONnfRkqGDxyIcPE46Mp7H+fIPBrSooA8c1OwvvD18tpqgBilk2Wt4owlxxnBH8D47Hg4yueQGV69fWNrqVnLZ3sCT28o2vG44Iry3X/Dt34TVpw9xfaOP+W5G+W2GOfMxyy8ffxkfxf3qAKdFIrK6BlYMrDIIOQRS0AFFFFABRRRQAUUUUAFFFFABRRRQAUUUUAFFFFABRRRQAUUUUAFFFFABRRRQBr+B/wDkfJf+wY3/AKNSvT68w8D/API+S/8AYMb/ANGpXp9ABRRRQAUUUUAFFFFABRRRQAUUUUAFFFFABRRRQAUUUUAFFFFABRRRQAUUUUAFFFFABRRRQAVieFP+QPP/ANhK/wD/AErmrbrE8Kf8gef/ALCV/wD+lc1AG3RRRQAUUUUAFFFFABRRRQAUUUUAFRz/APHvL/uH+VSVHP8A8e8v+4f5UAYkXi6xlu5Lb7Pdq0FwlrcM8YCwSuxVFY5/i+UjGeHU96s23iOyuoYZUhvtk43RsLKV1ZSflbcqlcEYI56EZxVTUPCFhcafdWtmq2r3cZhnmy7syM5dj94ZfLMVc5Kkk+orRbQtIkeN5NLsneNVVHeBSVC9ACRnigDFvPE99p6+IXurKBF09YjbBHZzJ5mQpfA45A4AOB61o6Fqc+o2d2Lry5bi3mMTpHA8JPyKwBSQnaSG/vEEYOeSBcn0mxuftnnW4f7ZGsc+WPzqucd+MZPIwadp+mWumRypbLJmV/MkeWVpHdsAZLMSTwAOvQAUAeeX3g+9eG51PRLKO3l86Uy6cZf3UuHbmM/wOcDIxsJ9M5rChuElaSPDxzRNtlhkXa8bejA9P69RkV7LbQfZ4mTduzI75xj7zFsfrWN4j8I6f4jVJnL2uoRDEN7Dw6jIO09mU4+6cj0weaAPOKKNTtNQ8O3Cwa1EiRsSIr6PiCTnABySUY5Hyt+BNFABRRRQAUUUUAFFFFABRRRQAUUUUAFFFFABRRRQAUUUUAFFFFABRRRQBr+B/wDkfJf+wY3/AKNSvT68w8D/API+S/8AYMb/ANGpXp9ABRRRQAUUUUAFFFFABRRRQAUUUUAFFFFABRRRQAUUUUAFFFFABRRRQAUUUUAFFFFABRRRQAVieFP+QPP/ANhK/wD/AErmrbrE8Kf8gef/ALCV/wD+lc1AG3RRRQAUUUUAFFFFABRRRQAUUUUAFRz/APHvL/uH+VSVHP8A8e8v+4f5UASUUUUAFFFFABRRRQBHcW8N3bS21zEk0EqlJI3XKsp4IIPUV57rHgC508y3Ph2TzbcLuOmTueD/ANMpD0/3WyPQqK9GooA8TiuVeZ7d0kguY/8AWW86FJE+qnt7jg9iamr1DXPDel+IYo11CAmSLPkzxsUkiJ67WHIzgZHQ9wa891Xwvrmgu77H1bTxyJ4EHnxj/bjH3vqg5/uigCjRUVvdQXcXm28qSJnBKnOD3B9D7VLQAUUUUAFFFFABRRRQAUUUUAFFFFABRRRQAUUUUAFFFFAGv4H/AOR8l/7Bjf8Ao1K9PrzDwP8A8j5L/wBgxv8A0alen0AFFFFABRRRQAUUUUAFFFFABRRRQAUUUUAFFFFABRRRQAUUUUAFFFFABRRRQAUUUUAFFFFABWJ4U/5A8/8A2Er/AP8ASuatusTwp/yB5/8AsJX/AP6VzUAbdFFFABRRRQAUUUUAFFFFABRRRQAVHP8A8e8v+4f5VJUc/wDx7y/7h/lQBJRRRQAUUUUAFFFFABRRRQAUUUUAc1r/AII0vXJ2vU32OpEAfa7bAZsdA46OPr+BFcJqeja54fy2oWn2u0H/AC+2KFgB6vHyy/Ubh7ivYKKAPFYLiG6hWa3mSWNujowYH8RUld9rXgPSNWlkuoBJp1+/W6tMKWP+2pG1/wARn3rjdR8N+IdEDPParqVquf8ASLFT5gHq0J5/74LfQUAU6Kgtry3vEL28yyBTtYA8qfQjqD7Gp6ACiiigAooooAKKKKACiiigAooooAKKKKANfwP/AMj5L/2DG/8ARqV6fXmHgf8A5HyX/sGN/wCjUr0+gAooooAKKKKACiiigAooooAKKKKACiiigAooooAKKKKACiiigAooooAKKKKACiiigAooooAKxPCn/IHn/wCwlf8A/pXNW3WJ4U/5A8//AGEr/wD9K5qANuiiigAooooAKKKKACiiigAooooAKjn/AOPeX/cP8qkqOf8A495f9w/yoAkooooAKKKKACiiigAooooAKKKKACiiigAooooAxNZ8JaJrria7slW6Awt1ATHMv/A1wSPY5HtXGaj4H17TFMmn3EWrwKP9VLiG4/Aj5HP4JXp1FAHiBvUiuUtLyKaxvG+7b3aGN2/3c8N9VJFWa9dvtOstTtmtr+zguoG6xzxh1P4GuOvPhpbJufRNSuLAli3kzZuIeewDEMo9lYD2oA5OiprzR/EOk5+36PJNED/x8acTOuPUpgOP++SPeqNtfWt4G+zzxyFDh1U8qfQjqD9aALFFFFABRRRQAUUUUAFFFFAGv4H/AOR8l/7Bjf8Ao1K9PrzDwP8A8j5L/wBgxv8A0alen0AFFFFABRRRQAUUUUAFFFFABRRRQAUUUUAFFFFABRRRQAUUUUAFFFFABRRRQAUUUUAFFFFABWJ4U/5A8/8A2Er/AP8ASuatusTwp/yB5/8AsJX/AP6VzUAbdFFFABRRRQAUUUUAFFFFABRRRQAVHP8A8e8v+4f5VJUc/wDx7y/7h/lQBJRRRQAUUUUAFFFFABRRRQAUUUUAFFFFABRRRQAUUUUAFFFFABWPrHhXQ9edZdR02GWdBhLgApKn+664Yfga2KKAPPr34c3cGW0bWSygcW+oJ5g+gkXDD6kNXOX1jrWkhjqei3KxKMme0/0mP/x0bx+KCvZKKAPELTULO+DG1uYptpwwRgSp9COoPsas16hqnhjQ9aO7UdLtZ5R92YxgSL9HGGH4GuYvfhqUJbR9bubcZGIbxPtMY9cEkP09WNAHLUVbvPDvifTf9dpS30fTzNPmDH6lH2kfQbqyW1O1iuFtrl2tLluBDdo0Ln6K4BP4UAW6KKKANfwP/wAj5L/2DG/9GpXp9eYeB/8AkfJf+wY3/o1K9PoAx/FPiSz8I+HLrXL+KeS1ttm9LdQXO5wgwCQOrDvWXpPj6z1LXrfRbjSdX0u9uYmmt1v4FUSqvJ2lWboPXFUvjBYXmp/C3WLOwtJ7u6kMGyG3jMjtiZCcKOTgAn8K47wtpcy/EfRb/QNC8SWVolvLFqk2uROFKFQUEZkJbO4fw+3bNAHtVFFFABRRRQAUUUUAFFFFABRRRQAUUUUAFFFFABRRRQAUUUUAFFFFABVa/vY9OsZbyZXMUI3PsGSq92+gHJ9gas1DdxPPaTQxtGruhUGWPevPquRke2RQBDDqUM0FxMiymOCVoiyxli5U4baFyTg5HTqDTob5bqCWS3inLIDhJoXhLHHAG8D86jsdJtbLRoNL8sTW8UQjIlAbfjqWz1JPJ9zT49MsYLaa3t7SGCKYESLAojzkY6rjn3oAoaFqV7fS3Ud0baVYQmJ7VWEe853x5JO4rgZYHHzYwCDVHTLnU9HguLRvDuo3P+m3UyzQS22x1knkkUjdKrdGHUDmtvTtLtdKh8m088RYChJLiSUKBwAu9jgfSrtAGJ/bmo/9CprH/f20/wDj9H9uaj/0Kmsf9/bT/wCP1t0UAYn9uaj/ANCprH/f20/+P0f25qP/AEKmsf8Af20/+P1t0UAYn9uaj/0Kmsf9/bT/AOP0f25qP/Qqax/39tP/AI/W3RQBif25qP8A0Kmsf9/bT/4/R/bmo/8AQqax/wB/bT/4/W3RQBif25qP/Qqax/39tP8A4/R/bmo/9CprH/f20/8Aj9bdFAGJ/bmo/wDQqax/39tP/j9UtX1XW7rRb+3sfDOrQ3ktvIkEjTWgCSFSFJInPQ4PSulkmihCmWRE3sEXcwGWPQD3NEU0U8YkhkSSM9GRgQfxFAGP/bmo/wDQqax/39tP/j9H9uaj/wBCprH/AH9tP/j9aGo6hFptr58qu+XVEjjxudicADJA/EkADJPFSWd0L20S4EUsW7PySrhhg4+nbqCQRyCRQBl/25qP/Qqax/39tP8A4/R/bmo/9CprH/f20/8Aj9bdFAGJ/bmo/wDQqax/39tP/j9H9uaj/wBCprH/AH9tP/j9bdFAGJ/bmo/9CprH/f20/wDj9H9uaj/0Kmsf9/bT/wCP1t0UAYn9uaj/ANCprH/f20/+P0f25qP/AEKmsf8Af20/+P1t0UAYn9uaj/0Kmsf9/bT/AOP0f25qP/Qqax/39tP/AI/W3RQBif25qP8A0Kmsf9/bT/4/R/bmo/8AQqax/wB/bT/4/W3RQBif25qP/Qqax/39tP8A4/R/bmo/9CprH/f20/8Aj9bdFAGJ/bmo/wDQqax/39tP/j9H9uaj/wBCprH/AH9tP/j9bdFAGJ/bmo/9CprH/f20/wDj9H9uaj/0Kmsf9/bT/wCP1t0UAYn9uaj/ANCprH/f20/+P0f25qP/AEKmsf8Af20/+P1t0UAYn9uaj/0Kmsf9/bT/AOP0f25qP/Qqax/39tP/AI/W3RQBif25qP8A0Kmsf9/bT/4/UF1qE99CYbvwXqVxEeqStZup/Az10VFAHm114T06VW+xeD/EGmOc/NYXdrGB/wAAM5T/AMdrEuvDXi22cnT9LvbyLtHei1if8ZEnI/8AHK9kqFby2eXyluITJuKbA4zuAyRj1AIOKAPBtJ1zxNoPxKhhudAeOWS1MEkSTwybAZImOW8xU3HKgbmUjzkODwG9k/tzUf8AoVNY/wC/tp/8frWa2ga4S4aCMzorIshQblUlSQD1AJRSf90egrPTX7Z9Y/s0Q3AbzTCJiF8syBBIV67vunOcY96AIf7c1H/oVNY/7+2n/wAfo/tzUf8AoVNY/wC/tp/8frbooAxP7c1H/oVNY/7+2n/x+j+3NR/6FTWP+/tp/wDH626KAMT+3NR/6FTWP+/tp/8AH6P7c1H/AKFTWP8Av7af/H626KAMT+3NR/6FTWP+/tp/8fo/tzUf+hU1j/v7af8Ax+tuigDE/tzUf+hU1j/v7af/AB+j+3NR/wChU1j/AL+2n/x+tuigDE/tzUf+hU1j/v7af/H607K5lu7YSzWVxZvkjyp2jLD3+RmH61YooAKKKKACiiigAooooAKKKKACiiigAooooAKKKKACiiigAooooAKKKKACiiigAooooAKKKKAKGs6YNY017B5fLhlZfNIXLFQckKc/KePvdR25wRVbw9HPpNnYXU6yfZV2q620XIAwPldWAOMdMfgOK2aKAMe/0CK70m2sUeMfZZUliMsKshKn+JF2gjBIwMVZ0fTf7K05bXzFciSSQlE2KC7liFXJwo3YAyeKv0UAFFFFABRRRQAUUUUAFFFFABRRRQAUUUUAFFFFABRRRQAUUUUAFFFFABRRRQAUUUUAFY0GgtB4jm1r7UplmBjkTyQAY8DaAc5DAry3fpjhduzRQBk2WgW1jfm8jfMhzx9nhXr7rGG/WqsXhkx+JDq32iInzmlyIMTMCmzy2k3cxjqFx1C+ldBRQAUUUUAFFFFABRRRQAUUUUAFFFFABRRRQAUUUUAFFFFABRRRQAUUUUAFFFFABRRRQAUUUUAFFFFABRRRQAUUUUAFFFFABRRRQAUUUUAFFFFABRRRQAUUUUAFFFFABRRRQAUUUUAFFFFABRRRQAUUUUAFFFFABRRRQAUUUUAFFFFABRRRQAUUUUAFFFFABRRRQAUUUUAFFFFABRRRQAUUUUAFFFFABRRRQAUUUUAFFFFABRRRQAUUUUAFFFFABRRRQAUUUUAFFFFABRRRQAUUUUAFFFFABRRRQAUUUUAFFFFABRRRQAUUUUAFFFFABRRRQAUUUUAFFFFABRRRQAUUUUAFFFFABRRRQAUUUUAFFFFABRRRQAUUUUAFFFFABRRRQAUUUUAFFFFABRRRQAUUUUAFFFFABRRRQAUUUUAf/9k=</file>
<file name="EOI_4.jpg" path="/" encoding="base64">/9j/4AAQSkZJRgABAQAAAQABAAD//gAYTUFUTEFCIEhhbmRsZSBHcmFwaGljc//+AB1NQVRMQUIsIFRoZSBNYXRoV29ya3MsIEluYy7/2wBDAAgGBgcGBQgHBwcJCQgKDBQNDAsLDBkSEw8UHRofHh0aHBwgJC4nICIsIxwcKDcpLDAxNDQ0Hyc5PTgyPC4zNDL/2wBDAQkJCQwLDBgNDRgyIRwhMjIyMjIyMjIyMjIyMjIyMjIyMjIyMjIyMjIyMjIyMjIyMjIyMjIyMjIyMjIyMjIyMjL/wAARCAGkAjADASIAAhEBAxEB/8QAHwAAAQUBAQEBAQEAAAAAAAAAAAECAwQFBgcICQoL/8QAtRAAAgEDAwIEAwUFBAQAAAF9AQIDAAQRBRIhMUEGE1FhByJxFDKBkaEII0KxwRVS0fAkM2JyggkKFhcYGRolJicoKSo0NTY3ODk6Q0RFRkdISUpTVFVWV1hZWmNkZWZnaGlqc3R1dnd4eXqDhIWGh4iJipKTlJWWl5iZmqKjpKWmp6ipqrKztLW2t7i5usLDxMXGx8jJytLT1NXW19jZ2uHi4+Tl5ufo6erx8vP09fb3+Pn6/8QAHwEAAwEBAQEBAQEBAQAAAAAAAAECAwQFBgcICQoL/8QAtREAAgECBAQDBAcFBAQAAQJ3AAECAxEEBSExBhJBUQdhcRMiMoEIFEKRobHBCSMzUvAVYnLRChYkNOEl8RcYGRomJygpKjU2Nzg5OkNERUZHSElKU1RVVldYWVpjZGVmZ2hpanN0dXZ3eHl6goOEhYaHiImKkpOUlZaXmJmaoqOkpaanqKmqsrO0tba3uLm6wsPExcbHyMnK0tPU1dbX2Nna4uPk5ebn6Onq8vP09fb3+Pn6/9oADAMBAAIRAxEAPwD3+iiigAooooAKKKKACiiigAooooAKKKKACiiigAooqqNT09tTbTFvrY36x+a1qJV80J/eKZzjkc4oAtUUUUAFFFFABRRRQAUUUUAFFFFABRRRQAUUUUAFFFFABRRRQAUUUUAFFFFABRRRQAUUUUAFFFFABRRRQAUUUUAFFFFABRRRQAUUUUAFFFFABRRSMwVSzEAAZJPagBaKy9O8S6FrFzJbaZrOn3k8Yy8dvcpIwHrgHpWpQAUUUUAFFFFABRRRQAUUUUAFFFFABRRRQAUUUUAFFFQ3V1DZW7XFw+yJSNzYJxk45x2569qAJqKrDULQx3EhnRY7dykrudqqwxnk8dx/KiDULS7ikktLmG5WP73kSB+fTg9aALNFYXhvxGviFJmWGJPLWNswz+ao3gnaxwMOMfMvbI55q7HrukS372Eeq2L3iEh7dbhDIpHXK5yMUAaFFR+fD/z1j/76FHnw/wDPWP8A76FAElFR+fD/AM9Y/wDvoUefD/z1j/76FACyypBE8srhI0UszMcAAckmvnC28RXMXiK3+Icuj6rGk2rs0t+8OLf+z3AhVN2ckrgEcYzXsXjbx74d8LWqW+rSW84utiSWxdWPlO4R2ZOWK7TI33SDsK5BIzHb+LfAF94fgsptQ0GOweJQdPlmgKRjghCgJXg9hxxQB2YIIBByD0Ipa5yPxz4NijWOPxJo6IgCqq3cYAA6ADNO/wCE98If9DNpH/gYn+NAHQ0Vz3/Ce+EP+hm0j/wMT/Gj/hPfCH/QzaR/4GJ/jQB0NFc9/wAJ74Q/6GbSP/AxP8aP+E98If8AQzaR/wCBif40AdDRXPf8J74Q/wChm0j/AMDE/wAaP+E98If9DNpH/gYn+NAHQ0Vz3/Ce+EP+hm0j/wADE/xo/wCE98If9DNpH/gYn+NAHQ0Vz3/Ce+EP+hm0j/wMT/Gj/hPfCH/QzaR/4GJ/jQB0NFc9/wAJ74Q/6GbSP/AxP8aP+E98If8AQzaR/wCBif40AdDRXPf8J74Q/wChm0j/AMDE/wAaP+E98If9DNpH/gYn+NAG1eXH2SxuLnYX8mNpNg6tgZxXmNh4i8TW+l+FvE13rkd5Brt7Bby6aLaNY4lmJ2+WwG/cnfJOcH0rs/8AhPfCH/QzaR/4GJ/jXN2A+FWmaqmpWmp6PHcRuzxKdR3Rws33ikZfYhOewFAGVb/FLVdF8Pfb9Z0s3kD3N9FBdLOiF2heQqhQL8o2IRu5OV5HOa1fFvjS/sdBtmudMeymmje7khj1NY5hDGQ20bUZiWHBwABkjeOtV3sPhHJ5gk1PS3STzcxtq7lAZc+Yyr5mFZskEjBxx0rR1e++G2uzJLf67prOtu1qTFqpi3wtjdG2xxuU4HBzQA6H4iTzeIIrAaKGs2sv7Qmuo7ve1tBs3K0ibOGboF3E9+lc7qHxdnudDa6trKbTdr2tws4Hnhrd5kV1bKYD7W6Dd14PFaunR/CzSb5ryx1qxhlYguBrUhSTC7RuQybWGOMEGnQL8LLaAwR6vphi3RsqvqrOI/LfeiplzsUMM7VwPagDes/EN94g8Bza5pUVpZzTwvJZm6n3IqjIV5SBhTwSV5xjBPXFbwFqmrammpveXzanpqTIthqL2ywG5G35yFUAFA3AbHPPXrVQ3/w1OjahpH9taUNP1CR5biBdSwrM5y2MPlQT2XA68cmpND1j4e+HI5Y9M8RWEaSBQyy6s0wAXOMeY7bep6YoA7iiue/4T3wh/wBDNpH/AIGJ/jR/wnvhD/oZtI/8DE/xoA6Giue/4T3wh/0M2kf+Bif40f8ACe+EP+hm0j/wMT/GgDoaK57/AIT3wh/0M2kf+Bif40f8J74Q/wChm0j/AMDE/wAaAOhornv+E98If9DNpH/gYn+NH/Ce+EP+hm0j/wADE/xoA6Giue/4T3wh/wBDNpH/AIGJ/jR/wnvhD/oZtI/8DE/xoA6Giue/4T3wh/0M2kf+Bif40f8ACe+EP+hm0j/wMT/GgDoaK57/AIT3wh/0M2kf+Bif40f8J74Q/wChm0j/AMDE/wAaAOhornv+E98If9DNpH/gYn+NH/Ce+EP+hm0j/wADE/xoA6GuD+Mi3jfDDVPsnm4Uxm4ERIYw7xv/AAx19s1t/wDCe+EP+hm0j/wMT/GsLXPi54U0q6tbVL61v1uGKu0FzGyqNjnnnAO5UX5to/eA5wrYAK39rfDx/EHheHSbK0vNQmcmxbS9oa2Xby0m1gQuM5Bz0PHBr0esPRtJ8MWJGo6NYaTbm5QN59pFGvmKeRhl6g8Hjitjz4f+esf/AH0KAJKKj8+H/nrH/wB9Cjz4f+esf/fQoAkoqPz4f+esf/fQp6srjKsGHqDmgBaKKKACiiigAooooAKKKKACiiigAqtqEButOubcQxzebEyeXK5VXBGCCQCQPwNWaKAM7TdKFlocOnyzSSsE/fTK5RpHJy75BBBLEnj1qaPTbeO2mt8zvHMpVxLcSSHBGOCxJH4VbooAy9K0SPSpHkF1cXMjRRwB5tg2xpu2qAqqONzcnnmoPCn/ACB5/wDsJX//AKVzVt1ieFP+QPP/ANhK/wD/AErmoA26KKKACiiigDmPHPhCy8Y6BJY3ZkVxjyHVjhH3KQ2OhPy4z12swBGTXmmkyGXSbRmDB/KUOGJJDAYIJPcHIr26b7g/31/9CFePXdt/Z3iLWdPxhYrxpYx/sS4kB+m5mH/AaAEooooAKKKKACiiigAooooAKKKKACiiigAooooAKKKKACiiigAooooAKKKKACiiigAooooAKKKKACiiigAooooAKKKKACiiigAooooAKKKKACobDRbLVPH2gtdo7EeeBhyNuInwR/dIJByMHKrzwKmq14f/AOR80L6z/wDopqAPXAMAD09aKKKACiiigAooooAKKKKACiiigAooooAKKKKACiiigAooooAKKKKACsTwp/yB5/8AsJX/AP6VzVt1ieFP+QPP/wBhK/8A/SuagDbooooAKKKKAI5vuD/fX/0IV5x4+sfsvi2w1JchL61a1k9N8Z3p+O15P++RXo833B/vr/6EK5b4j2Ym8JyXw4k0yVbxT/srxJ/5DZ6AOGooooAKKKKACiiigAooooAKKKKACiiigAooooAKKKKACiiigAooooAKKKKACiiigAooooAKKKKACiiigAooooAKKKKACiiigAooooAKKKKACrXh/wD5HzQvrP8A+imqrVrw/wD8j5oX1n/9FNQB65RRRQAUUUUAFFFFABRRRQAUUUUAFFFFABRRRQAUUUUAFFFFABRRRQAVieFP+QPP/wBhK/8A/SuatusTwp/yB5/+wlf/APpXNQBt0UUUAFFFFAEc33B/vr/6EKS5t4ry1mtp0DwzI0bqejKRgj8qWb7g/wB9f/QhUlAHhumb47Q2krM09nI9pKW6lo2KEn64z+NXKv8Aim0/s7xxeKOI9QhS8T/fUCOQfksZ/wCBGqFABRRRQAUUUUAFFFFABRRRQAUUUUAFFFFABRRRQAUUUUAFFFFABRRRQAUUUUAFFFFABRRRQAUUUUAFFFFABRRRQAUUUUAFFFFABRRRQAVa8P8A/I+aF9Z//RTVVq14f/5HzQvrP/6KagD1yiiigAooooAKKKKACiiigAooooAKKKKACiiigAooooAKKKKACiiigArE8Kf8gef/ALCV/wD+lc1bdYnhT/kDz/8AYSv/AP0rmoA26KKKACiiigCOb7g/31/9CFSVHN9wf76/+hCpKAOE+J9oU07TdZXA+wXQSYkE/uZcIen+0Y2/4DXKV6zrGmxaxo17ps5IiuoHhYg4IDAjI968d0+WaaxjNwu25TMU6jtKhKuP++gaALNFFFABRRRQAUUUUAFFFFABRRRQAUUUUAFFFFABRRRQAUUUUAFFFFABRRRQAUUUUAFFFFABRRRQAUUUUAFFFFABRRRQAUUUUAFFFFABVrw//wAj5oX1n/8ARTVVq14f/wCR80L6z/8AopqAPXKKKKACiiigAooooAKKKKACiiigAooooAKKKKACiiigAooooAKKKKACsTwp/wAgef8A7CV//wClc1bdYnhT/kDz/wDYSv8A/wBK5qANuiiigAooooAjm+4P99f/AEIVJUc33B/vr/6EKkoAK8i8RWR0rxxqMABEF+i30PAADfclA/4EFY/9dK9driviTZA6Paauo+bTrgNIf+mMnyPn2GVf/gFAHHUUUUAFFFFABRRRQAUUUUAFFFFABRRRQAUUUUAFFFFABRRRQAUUUUAFFFFABRRRQAUUUUAFFFFABRRRQAUUUUAFFFFABRRRQAUUUUAFWvD/APyPmhfWf/0U1VateH/+R80L6z/+imoA9cooooAKKKKACiiigAooooAKKKKACiiigAooooAKKKKACiiigAooooAKxPCn/IHn/wCwlf8A/pXNW3WJ4U/5A8//AGEr/wD9K5qANuiiigAooooAjm+4P99f/QhUlRzfcH++v/oQqSgAqvf2UGp6fc2N0m+3uYmilX1Vhg/oasUUAeIWSTQRSWV0265s5WtpierMhxu/4EMN9GFWa1vG1gumeL4ryNNsOrRbXI6efGP5tH/6LrJoAKKKKACiiigAooooAKKKKACiiigAooooAKKKKACiiigAooooAKKKKACiiigAooooAKKKKACiiigAooooAKKKKACiiigAooooAKteH/8AkfNC+s//AKKaqtWvD/8AyPmhfWf/ANFNQB65RRRQAUUUUAFFFFABRRRQAUUUUAFFFFABRRRQAUUUUAFFFFABRRRQAVieFP8AkDz/APYSv/8A0rmrbrE8Kf8AIHn/AOwlf/8ApXNQBt0UUUAFFFFAEc33B/vr/wChCpKjm+4P99f/AEIVJQAUUUUAc9430mTV/C11HbjN5b4urbjrInzBfbcMqfZjXmtrcxXlpFcwOHilQOjDuCMiva68c1OwGh+KNQ0oAiB2N5a/LgeXISWUf7r7h7ArQAyiiigAooooAKKKKACiiigAooooAKKKKACiiigAooooAKKKKACiiigAooooAKKKKACiiigAooooAKKKKACiiigAooooAKKKKACrXh//AJHzQvrP/wCimqrVrw//AMj5oX1n/wDRTUAeuUUUUAFFFFABRRRQAUUUUAFFFFABRRRQAUUUUAFFFFABRRRQAUUUUAFYnhT/AJA8/wD2Er//ANK5q26xPCn/ACB5/wDsJX//AKVzUAbdFFFABRRRQBHN9wf76/8AoQqSo5vuD/fX/wBCFSUAFFFFABXFfEjTd+kQ65EP32lsXkxn5rdsCUfhhX/4B712tNkjSWNo5FDI4Ksp6EHtQB40CGAIIIPIIpai+wSaJqN5ocpY/YnHkM2SXt2yYzk9cAFT7oaloAKKKKACiiigAooooAKKKKACiiigAooooAKKKKACiiigAooooAKKKKACiiigAooooAKKKKACiiigAooooAKKKKACiiigAq14f/5HzQvrP/6KaqtWvD//ACPmhfWf/wBFNQB65RRRQAUUUUAFFFFABRRRQAUUUUAFFFFABRRRQAUUUUAFFFFABRRRQAVieFP+QPP/ANhK/wD/AErmrbrE8Kf8gef/ALCV/wD+lc1AG3RRRQAUUUUARzfcH++v/oQqSo5vuD/fX/0IVJQAUUUUAFFFFAHC/EbS9tvbeIYV+ey/d3eB963Y8sf9xsN7Lv8AWuTr2OaGK5gkgnjWSKRSjo4yGUjBBHpivGGspdF1O70OdmZ7MgwuxyZLds+W31ABU+6k96AJKKKKACiiigAooooAKKKKACiiigAooooAKKKKACiiigAooooAKKKKACiiigAooooAKKKKACiiigAooooAKKKKACiiigAq14f/AOR80L6z/wDopqq1a8P/API+aF9Z/wD0U1AHrlFFFABRRRQAUUUUAFFFFABRRRQAUUUUAFFFFABRRRQAUUUUAFFFFABWJ4U/5A8//YSv/wD0rmrbrE8Kf8gef/sJX/8A6VzUAbdFFFABRRRQBHN9wf76/wDoQqSo5vuD/fX/ANCFSUAFFFFABRRRQAVxfxD0d5rCLXbZGa400MZUXrJbnG8e5XG8d/lx3rtKCAQQRkHqDQB4wjrIiujBkYZVlOQR6ilp+paV/wAI1r0uj/8ALrIpuLAn/nln5o/qhIH+6y+9MoAKKKKACiiigAooooAKKKKACiiigAooooAKKKKACiiigAooooAKKKKACiiigAooooAKKKKACiiigAooooAKKKKACrXh/wD5HzQvrP8A+imqrVrw/wD8j5oX1n/9FNQB65RRRQAUUUUAFFFFABRRRQAUUUUAFFFFABRRRQAUUUUAFFFFABRRRQAVieFP+QPP/wBhK/8A/SuatusTwp/yB5/+wlf/APpXNQBt0UUUAFFFFAEc33B/vr/6EKkqOb7g/wB9f/QhUlABRRRQAUUUUAFFFFAHPeMtAfXtEIttq6jat59m7dN4HKn2YZU/XPavNLW4F1brKFZG5V43GGRgcMpHYggg/SvbK8y8baMdH1gaxAmLC+cJdAdIp+iyfRuFPuF9TQBjUUUUAFFFFABRRRQAUUUUAFFFFABRRRQAUUUUAFFFFABRRRQAUUUUAFFFFABRRRQAUUUUAFFFFABRRRQAUUUUAFWvD/8AyPmhfWf/ANFNVWrXh/8A5HzQvrP/AOimoA9cooooAKKKKACiiigAooooAKKKKACiiigAooooAKKKKACiiigAooooAKxPCn/IHn/7CV//AOlc1bdYnhT/AJA8/wD2Er//ANK5qANuiiigAooooAjm+4P99f8A0IVJUc33B/vr/wChCpKACiiigAooooAKKKKACq9/Y22p2E9jeRLLbToY5I2HDKRzViigDxiayutG1OfR75i8sPzwzH/lvCT8r/UdG9xnuKWvRPF/hz+39MVrYpHqdq3mWsrdM90b/ZYcH04PUCvNba4FzDu2tHIpKSRN96Nxwyn3BoAmooooAKKKKACiiigAooooAKKKKACiiigAooooAKKKKACiiigAooooAKKKKACiiigAooooAKKKKACiiigAq14f/wCR80L6z/8Aopqq1a8P/wDI+aF9Z/8A0U1AHrlFFFABRRRQAUUUUAFFFFABRRRQAUUUUAFFFFABRRRQAUUUUAFFFFABWJ4U/wCQPP8A9hK//wDSuatusTwp/wAgef8A7CV//wClc1AG3RRRQAUUUUARzfcH++v/AKEKkqOb7g/31/8AQhUlABRRRQAUUUUAFFFFABRRRQAVwHjnw9JbzSeI9PjLAIBfwIpLOo6SqB1ZR1HdR3IArv6CAQQRkHqDQB4wjrIiujBkYZVlOQR6ilrQ8TaAfDGo+fbREaLdP8oUfLaSk/dPojHp6E46EAZ9ABRRRQAUUUUAFFFFABRRRQAUUUUAFFFFABRRRQAUUUUAFFFFABRRRQAUUUUAFFFFABRRRQAUUUUAFWvD/wDyPmhfWf8A9FNVWrXh/wD5HzQvrP8A+imoA9cooooAKKKKACiiigAooooAKKKKACiiigAooooAKKKKACiiigAooooAKxPCn/IHn/7CV/8A+lc1bdYnhT/kDz/9hK//APSuagDbooooAKKKKAI5vuD/AH1/9CFSVHN9wf76/wDoQqSgAooooAKKKKACiiigAooooAKKKKAIbq1gvrSa0uollt5kMckbjIZSMEH8K8k1bSbjwzqa2Fxvexl4srt2zv4z5bn++AP+BAZ6g17DVLVtKtNb0ybT76MvBKBnBwVIOQwI5BBAIPYigDyaipL3Tb3Qb4adqLeaSCbe6C4W4UfycDqPxHHSOgAooooAKKKKACiiigAooooAKKKKACiiigAooooAKKKKACiiigAooooAKKKKACiiigAooooAKteH/wDkfNC+s/8A6KaqtWvD/wDyPmhfWf8A9FNQB65RRRQAUUUUAFFFFABRRRQAUUUUAFFFFABRRRQAUUUUAFVNTmubbTbie0iWWeJN6xkZ345Kj3IyB7kVbqOeBLmB4ZC4RxtOx2RsezKQR+BoAzbLVpb3RpdTiiWSJ2ZrVVD/ADxA4VjtDE7sFhgdCOKksdSuLq0nmlsmRohlY0Em5+M4HmInP+c1fhhjt4I4IUCRRqERFGAoAwAKfQBzfha9vLu71YX32gSidG2SqQsW6NTsX2H69e9R+FYtU8m6f7ZZ/YTqN/th+yt5oP2qXrJ5mDzn+Af1rqKxPCn/ACB5/wDsJX//AKVzUAa+Jv8AnpH/AN8H/GjE3/PSP/vg/wCNSUUAR4m/56R/98H/ABoxN/z0j/74P+NSUUAV5hNsH7yP76/wH+8PepMTf89I/wDvg/40TfcH++v/AKEKkoAjxN/z0j/74P8AjRib/npH/wB8H/GpKKAI8Tf89I/++D/jRib/AJ6R/wDfB/xqSigCPE3/AD0j/wC+D/jRib/npH/3wf8AGpKKAI8Tf89I/wDvg/40Ym/56R/98H/GpKKAI8Tf89I/++D/AI0Ym/56R/8AfB/xqSigCPE3/PSP/vg/40Ym/wCekf8A3wf8akooAzNY0aLW9PezvNhQ8q6oQyN2ZTngivLrqyvNIu0stQALuu6GdRhZ19vRh3H4jjp7JWbf6RZa3o4s76LfGyKVYHDRt2ZT2IPegDyuin6jp2oeHbxbPVSJI5G22t6owk/sw/hk9V6Hkr3AZQAUUUUAFFFFABRRRQAUUUUAFFFFABRRRQAUUUUAFFFFABRRRQAUUUUAFFFFABRRRQAVZ0HcfHehbSAcz9Rn/lk1VqteH/8AkfNC+s//AKKagD1jE3/PSP8A74P+NGJv+ekf/fB/xqSigCPE3/PSP/vg/wCNGJv+ekf/AHwf8akooAjxN/z0j/74P+NPXcB8xBPsMUtFABRRRQAUUUUAFFFFABRRRQAUUUUAFFFFABRRRQAVieFP+QPP/wBhK/8A/SuatusTwp/yB5/+wlf/APpXNQBt0UUUAFFFFAEc33B/vr/6EKkqOb7g/wB9f/QhUlABRRRQAUUUUAFFFFABRRRQAUUUUAFFFFABUcH/AB7xf7g/lUlRwf8AHvF/uD+VAEGp6ZZ6xp01hfwLNbTLtdD+hB6gjqCOQa8t13RrzwtOTdEz6S7BYb3vGTwEl9Dno/Q8A4PX12myRRzRNFKivGwwysMgj0IoA8borY13wZc6Dvu9HSe70wctZr88lsO5j7sv+xyR2zwtYdvcRXVuk8EiyROMqyngigCSiiigAooooAKKKKACiiigAooooAKKKKACiiigAooooAKKKKACiiigAooooAKteH/+R80L6z/+imqrVrw//wAj5oX1n/8ARTUAeuUUUUAFFFFABRRRQAUUUUAFFFFABRRRQAUUUUAFFFFABRRRQAUUUUAFYnhT/kDz/wDYSv8A/wBK5q26xPCn/IHn/wCwlf8A/pXNQBt0UUUAFFFFAEc33B/vr/6EKkqOb7g/31/9CFSUAFFFFABRRRQAUUUUAFFFFABRRRQAUUUUAFc5J4usbKWezlt7vzbKETXGIxiOHA/ek5wV5PTn5G44NdHWI3h2yeJrq3hiS/lRz58oeQEugVg67huXCr8pOBtGMYFAEy+IbNjLiK9ZY5nh3xWkkqsUOGwUU9GyvOOVP1qpPr91a63dQ3FpGunw6e94kgYmWTaRkFSBt69OT9KsWnhfSLfS7Kwlsbe7W0hESSXMSyMcdSSR1JyT7mrx060Nws5gXzFhNuPTyyQSu3pjgdqAMfwvrt1q/mreeQsohinWNIJImVZN3Z/vD5cBhjODlVxzz2q+EZ9V1HUb/SraPT75ZADG8mYbr5UP7wDOx8E4ZQe2c12emaJYaQXazjkVnRYy0kzykIudqguThRk4A45NWoYPKluH3Z86QPjHT5VXH/jv60AeNJLIs7Wt3byWl7GAZLaUYZfcdmX/AGhkVLXqGv8AhzTvEdmIL6Ng8Z3QzxsVkhbBGVYfXp0PcGvM9Y0nVPCzk6mPtOnbsJqMSYCjGf3q/wAHf5h8v+7nFAEdFIrK6BlYMrDIIOQRS0AFFFFABRRRQAUUUUAFFFFABRRRQAUUUUAFFFFABRRRQAUUUUAFWvD/APyPmhfWf/0U1VateH/+R80L6z/+imoA9cooooAKKKKACiiigAooooAKKKKACiiigAooooAKKKKACiiigAooooAKxPCn/IHn/wCwlf8A/pXNW3WJ4U/5A8//AGEr/wD9K5qANuiiigAooooAjm+4P99f/QhUlRzfcH++v/oQqSgAooooAKKKKACiiigAooooAKKKKACiiigAqOD/AI94v9wfyqSo4P8Aj3i/3B/KgCSiiigAooooAKCAQQRkHqDRRQBwmr/DxI3a58OSJaOSWexlJ+zyH/Z6mM/QEf7PeuNW4kiuRZ39tLY32Oba4GGOOpU9HHupI+le21n6xomna/ZfZNTtVniDb0ySGRuzKw5U89Qc0AeU0Vrav4N1nR5Gl04vq1h18slRcxfyEg/Jv941h291Dc7xGxEkZxJG6lXjPoynlT7EUATUUUUAFFFFABRRRQAUUUUAFFFFABRRRQAUUUUAFFFFABVrw/8A8j5oX1n/APRTVVq14f8A+R80L6z/APopqAPXKKKKACiiigAooooAKKKKACiiigAooooAKKKKACiiigAooooAKKKKACsTwp/yB5/+wlf/APpXNW3WJ4U/5A8//YSv/wD0rmoA26KKKACiiigCOb7g/wB9f/QhUlRzfcH++v8A6EKkoAKKKKACiiigAooooAKKKKACiiigAooooAKjg/494v8AcH8qkqOD/j3i/wBwfyoAkooooAKKKKACiiigAooooAKw9f8ACek+IlD3UJivEGIr2D5Jo/YN3HP3TkH0rcooA8l1Pwz4g0Hc7QnV7Jf+W9smJ1H+3F3+qf8AfIrNtru3vIy9vKsgBwwHVT6EdQfY17ZXP674M0bX3NxNA1vfYwt5at5co9MkcMPZgR7UAec0Vpah4P8AEOj/ADw7NZtQPvRKIrhfqhO1/qpB9FrEt7+2upHijkxNH/rIXUpJH/vIcEfiKALNFFFABRRRQAUUUUAFFFFABRRRQAUUUUAFWvD/APyPmhfWf/0U1VateH/+R80L6z/+imoA9cooooAKKKKACiiigAooooAKKKKACiiigAooooAKKKKACiiigAooooAKxPCn/IHn/wCwlf8A/pXNW3WJ4U/5A8//AGEr/wD9K5qANuiiigAooooAjm+4P99f/QhUlRzfcH++v/oQqSgAooooAKKKKACiiigAooooAKKKKACiiigAqOD/AI94v9wfyqSo4P8Aj3i/3B/KgCSiiigAooooAKKKKACiiigAooooAKKKKACsvV/Dmka8gGo2EUzr9yYDbLH7q4wy/ga1KKAPONR8AarZBpNHv0vowSRbXvySY9FlUYP0Zee7Vy8942nypDq1rcaZO7bFW7Xarn0V+Ub8CTXt9RXFtBeQNBcwRzwuMNHKgZWHuDQB49RXY33w10xnaXR7mfSZDz5cXzwf9+m4H/AStczfeHfEulM5m05dQt16T6e2WI9TEx3D6KXoAqUVWg1C1uJngSYCdOHgkBSRPqjYYfiKs0AFFFFABRRRQAUUUUAFWvD/APyPmhfWf/0U1VateH/+R80L6z/+imoA9cooooAKKKKACiiigAooooAKKKKACiiigAooooAKKKKACiiigAooooAKxPCn/IHn/wCwlf8A/pXNW3WJ4U/5A8//AGEr/wD9K5qANuiiigAooooAjm+4P99f/QhUlRzfcH++v/oQqSgAooooAKKKKACiiigAooooAKKKKACiiigAqOD/AI94v9wfyqSo4P8Aj3i/3B/KgCSiiigAooooAKKKKACiiigAooooAKKKKACiiigAooooAKKKKAM7V9A0nX4Ui1XT7e7VDuQyJkofVT1B+lcld/DXyVJ0XWLiDA+WC9H2mP8A76JEn5sfpXfUUAeQX2j+IdJDNe6PJPEuf3+nt54wO5TAcfQKfrWba6nZXkjRQXCNMn34m+WRfqpwR+Ir3Gs7VNB0jWo9mp6ba3YH3TNEGK+4PUH3FAHlVFdbffDS3OW0fV7ywPaOX/SYvyc7/wAA4rBvfC3ijTQW+w2+pxg/espQkhGf+echAH4OaAKFFVJ9SgspFi1FZtPlY4CXsTQ5PoC3DfgTVoEMAQQQeQRQAtWvD/8AyPmhfWf/ANFNVWrXh/8A5HzQvrP/AOimoA9cooooAKKKKACiiigAooooAKKKKACiiigAooooAKKKKACq1/ex6dYy3kyuYoRufYMlV7t9AOT7A1ZqG7iee0mhjaNXdCoMse9efVcjI9sigCGHUoZoLiZFlMcErRFljLFypw20LknByOnUGnQ3y3UEslvFOWQHCTQvCWOOAN4H51HY6Ta2WjQaX5Ymt4ohGRKA2/HUtnqSeT7mnx6ZYwW01vb2kMEUwIkWBRHnIx1XHPvQBQ0LUr2+luo7o20qwhMT2qsI95zvjySdxXAywOPmxgEGqOmXOp6PBcWjeHdRuf8ATbqZZoJbbY6yTySKRulVujDqBzW3p2l2ulQ+TaeeIsBQklxJKFA4AXexwPpV2gDE/tzUf+hU1j/v7af/AB+j+3NR/wChU1j/AL+2n/x+tuigDE/tzUf+hU1j/v7af/H6P7c1H/oVNY/7+2n/AMfrbqKW5ggKiaaOMsCVDsBnAycZ9BzQBzmqarrdzaJHZ+GdWilFxA7M01oMxrKjOP8AXnqgYfj261d/tzUf+hU1j/v7af8Ax+tlHWRFdGDIwyrKcgj1FVNR1IWHlKtrcXUspIWKALuwBknLEAD8e4oAo/25qP8A0Kmsf9/bT/4/R/bmo/8AQqax/wB/bT/4/WrZ3UN9ZQXlu26GeNZY2xjKsMg/kamoAxP7c1H/AKFTWP8Av7af/H6P7c1H/oVNY/7+2n/x+tuigDE/tzUf+hU1j/v7af8Ax+j+3NR/6FTWP+/tp/8AH626KAMT+3NR/wChU1j/AL+2n/x+j+3NR/6FTWP+/tp/8frbooAxP7c1H/oVNY/7+2n/AMfo/tzUf+hU1j/v7af/AB+tuigDE/tzUf8AoVNY/wC/tp/8fo/tzUf+hU1j/v7af/H626ZNNFbxNLNIkca8s7sAB9SaAMf+3NR/6FTWP+/tp/8AH6paRqut2ui2FvfeGdWmvIreNJ5FmtCHkCgMQTOOpyeldLHNFLv8uRH2MUbawO1h1B9DTiQqlmIAAySe1AGL/bmo/wDQqax/39tP/j9H9uaj/wBCprH/AH9tP/j9XtL1S31iz+12ofyvMeMF1wTtYjIHocZHtV2gDE/tzUf+hU1j/v7af/H6P7c1H/oVNY/7+2n/AMfrbooAxP7c1H/oVNY/7+2n/wAfo/tzUf8AoVNY/wC/tp/8frbooAxP7c1H/oVNY/7+2n/x+j+3NR/6FTWP+/tp/wDH626KAMT+3NR/6FTWP+/tp/8AH6P7c1H/AKFTWP8Av7af/H626KAMT+3NR/6FTWP+/tp/8fo/tzUf+hU1j/v7af8Ax+tuigDE/tzUf+hU1j/v7af/AB+j+3NR/wChU1j/AL+2n/x+tuigDE/tzUf+hU1j/v7af/H6P7c1H/oVNY/7+2n/AMfrbooAxP7c1H/oVNY/7+2n/wAfo/tzUf8AoVNY/wC/tp/8frbooAxP7c1H/oVNY/7+2n/x+j+3NR/6FTWP+/tp/wDH626KAMT+3NR/6FTWP+/tp/8AH6P7c1H/AKFTWP8Av7af/H626KAMT+3NR/6FTWP+/tp/8fo/tzUf+hU1j/v7af8Ax+tuigDBl1e8njaObwhqsiMMFXezII+hnrmbvwxpdwzyQeBtZsJWOS9jc2sHP+6txtP4g16JRQB49deFvE1uP+JZY6rcIBxHqKWe4n/rpHOoH/fBrmL3VPFnhvxfokt14e+zToZCIxdRTABopF3MQ4AUAM2G2A+U3zYBK/QTXlskpia4hWQMqlC4BBb7ox6nBx64rA8ea9B4U8KXPiKbTY9QewZGjidghDOwiyGKnadsjduhI70AWE17UWRWPhTWOQD/AK2z/wDj9O/tzUf+hU1j/v7af/H65XTPijLN4stfD+raIlpNdRq8c1nfLdou5gqh8Ku3JIGeeor0WgDE/tzUf+hU1j/v7af/AB+j+3NR/wChU1j/AL+2n/x+tuigDE/tzUf+hU1j/v7af/H607K5lu7YSzWVxZvkjyp2jLD3+RmH61YooAKKKKACiiigAooooAKKKKACiiigAooooAKKKKACiiigAooooAKyPEGhr4gtI7WWfyoVcyHbGGYsAQuCeAATkjHzDg8Eg69FAGTf6FFqgga8lUyxptZltomDHuQJFcge2aTV9JutQtbe2tr2OCBOJo5ISwmXGAp2OmB6gcHp04OvRQBHBGYreONtmUUKfLTavA7DJwPbJqSiigAooooAKKKKACiiigAooooAKrahbPe6fcWqSLG0yGPe0YcAHg/KeDxnrx9elWaKAMS28NwwaGNIacvaxyFoS0KMyrnOG3hgxyT82Mnvzkmwuh2y6NLpZd/IkzuKKkZIPUYRQP05HWtOigDO0fS/7JtpoftUtx5k8k26TqNzZxWjRRQAUUUUAFFFFABRRRQAUUUUAFFFFABRRRQAUUUUAFFFFABRRRQAUUUUAFFFFABRRRQBjXWgtc+IbfWftSrLbgJGnkgjZzvBOckndweNvpy27lPif4Hudf8ACGqppEP2nU7ho2jh8u3TdiRC3zlQ33QTy3tz0r0SigDxDR/h5rNz8Q9I1mLwzF4VsLHDziK7ikadgPugRnABxzn1bk8Cvb6KKACiiigAooooAKKKKACiiigAooooAKKKKACiiigAooooAKKKKACiiigAooooAKKKKACiiigAooooAKKKKACiiigAooooAKKKKACiiigAooooAKKKKACiiigAooooAKKKKACiiigAooooAKKKKACiiigAooooAKKKKACiiigAooooAKKKKACiiigAooooAKKKKACiiigAooooAKKKKACiiigAooooAKKKKACiiigAooooAKKKKACiiigAooooAKKKKACiiigAooooAKKKKACiiigAooooAKKKKACiiigAooooAKKKKACiiigAooooAKKKKACiiigAooooAKKKKACiiigAooooAKKKKACiiigAooooAKKKKACiiigAooooAKKKKACiiigAooooAKKKKAP/2Q==</file>
    </questiontext>
    <generalfeedback format="html">
      <text></text>
    </generalfeedback>
    <penalty>0.3333333</penalty>
    <hidden>0</hidden>
    <idnumber></idnumber>
  </question>

<!-- question: 133107  -->
  <question type="cloze">
    <name>
      <text>u3.</text>
    </name>
    <questiontext format="html">
      <text><![CDATA[<p>Doplňte postup řešení integrálu $$\iint_\mathcal{D}\ ye^x \ {\rm d}x{\rm d}y, \mbox{ kde }\mathcal{D} \mbox{ je určena: } y^2\leq x\leq y+2$$. <br><br>1. Náčrtek \(\mathcal{D}\) je na obrázku <img src="@@PLUGINFILE@@/EOI_5.jpg" alt="" role="presentation" class="img-responsive atto_image_button_middle" width="300" height="225">nebo <img src="@@PLUGINFILE@@/EOI_6.jpg" alt="" role="presentation" class="img-responsive atto_image_button_right" width="300" height="225"><br></p><p>{1:MCH:a. ani jeden #jen si vyberte~=b. obrázek 1 #ano~c. obrázek 2#ne} .  <br>2. <b>Určete průsečíky </b>hraničních křivek:  <br>A=[
 {2:NUMERICAL:=1:0},{3:NUMERICAL:=-1:0}], B=[ 
{4:NUMERICAL:=4:0},{5:NUMERICAL:=2:0}]</p><p>3. Vyberte <b>nerovnice,</b>
 které odpovídají zápisu množiny \(\mathcal D \) jako EOIy <br></p><p>{9:MCH:=a.$$
 \begin&amp;#123array&amp;#125 &amp;#123 c &amp;#125 -1\leq y\leq 2\\ y^2\leq x\leq y+2\end&amp;#123array&amp;#125 $$#ano~b.$$\begin&amp;#123array&amp;#125 &amp;#123 c &amp;#125 -1\leq y\leq 2\\0\leq x\leq 4\end&amp;#123array&amp;#125 $$ #to ne~c. ani jeden#jen si vyberte}  <br>4. <b>Dvojný</b> integrál \(\displaystyle \iint_\mathcal{D}\ ye^x \ {\rm d}x{\rm d}y \) převedeme <b>na dvojnásobný</b>:{10:MCH:=a. $$=\int_&amp;#123-1&amp;#125^2\left(\int_&amp;#123y^2&amp;#125^&amp;#123 y+2&amp;#125 ye^x dx\right)dy$$#ano~= b. 
$$=\int_&amp;#123 -1&amp;#125^2\left(\int_0^4 ye^x dx\right)dy$$#to ne}<br>5. Vyberte správné pokračování <b>po výpočtu vnitřního integrálu</b>: {11:MCH:a. $$=\int_&amp;#123 -1&amp;#125^2 y\left(e^4-1\right)\ dy$$#to ne~=b.&nbsp; $$=\int_&amp;#123 -1&amp;#125^2 y\left[e^x\right]_&amp;#123y^2&amp;#125^&amp;#123y+2&amp;#125\ dy$$#ano~c. ani jeden#jen si vyberte}<br>6. <b>Dopočtěte</b> a zadejte výsledek {12:NUMERICAL:=34.0948:0.23#ano~%50%48#zhruba}.<br></p>]]></text>
<file name="EOI_5.jpg" path="/" encoding="base64">/9j/4AAQSkZJRgABAQAAAQABAAD//gAYTUFUTEFCIEhhbmRsZSBHcmFwaGljc//+AB1NQVRMQUIsIFRoZSBNYXRoV29ya3MsIEluYy7/2wBDAAgGBgcGBQgHBwcJCQgKDBQNDAsLDBkSEw8UHRofHh0aHBwgJC4nICIsIxwcKDcpLDAxNDQ0Hyc5PTgyPC4zNDL/2wBDAQkJCQwLDBgNDRgyIRwhMjIyMjIyMjIyMjIyMjIyMjIyMjIyMjIyMjIyMjIyMjIyMjIyMjIyMjIyMjIyMjIyMjL/wAARCAGkAjADASIAAhEBAxEB/8QAHwAAAQUBAQEBAQEAAAAAAAAAAAECAwQFBgcICQoL/8QAtRAAAgEDAwIEAwUFBAQAAAF9AQIDAAQRBRIhMUEGE1FhByJxFDKBkaEII0KxwRVS0fAkM2JyggkKFhcYGRolJicoKSo0NTY3ODk6Q0RFRkdISUpTVFVWV1hZWmNkZWZnaGlqc3R1dnd4eXqDhIWGh4iJipKTlJWWl5iZmqKjpKWmp6ipqrKztLW2t7i5usLDxMXGx8jJytLT1NXW19jZ2uHi4+Tl5ufo6erx8vP09fb3+Pn6/8QAHwEAAwEBAQEBAQEBAQAAAAAAAAECAwQFBgcICQoL/8QAtREAAgECBAQDBAcFBAQAAQJ3AAECAxEEBSExBhJBUQdhcRMiMoEIFEKRobHBCSMzUvAVYnLRChYkNOEl8RcYGRomJygpKjU2Nzg5OkNERUZHSElKU1RVVldYWVpjZGVmZ2hpanN0dXZ3eHl6goOEhYaHiImKkpOUlZaXmJmaoqOkpaanqKmqsrO0tba3uLm6wsPExcbHyMnK0tPU1dbX2Nna4uPk5ebn6Onq8vP09fb3+Pn6/9oADAMBAAIRAxEAPwD3+iiigAooooAKKKKACiiigAooooAKKKKACiiigAooooAKKKKACiiigAooooAKKKKACiiigAooooAKKKKACiiigAooooAKKKKACiiigAooooAKKKKACiiigAooooAKKKKACiiigAooooAKKKKACiiigAooooAKKKKACiiigAooooAKKKKACiiigAooooAKKKKACiiigAooooAKKKKACiimo6SDKMrAEjIOeQcEfgQRQA6iiigAooooAKKKKACiiigAooooAKKKKACiiigAooooAKKKKACiiigAooooAgvLj7JY3FzsL+TG0mwdWwM4rzGw8ReJrfS/C3ia71yO8g129gt5dNFtGscSzE7fLYDfuTvknOD6V6rXN2HgHwzpmqpqVppgjuI3Z4lMrtHCzfeKRltiE57AUAcRb/FLVdF8Pfb9Z0s3kD3N9FBdLOiF2heQqhQL8o2IRu5OV5HOa1fFvjS/sdBtmudMeymmje7khj1NY5hDGQ20bUZiWHBwABkjeOtbT/DTwlJ5gk0t3STzcxtdzFAZc+YyrvwrNkgkYOOOlaGr+ENF12ZJb+2lZ1t2tSYrmWLfC2N0bbGG5TgcHNAGBD8RJ5vEEVgNFDWbWX9oTXUd3va2g2blaRNnDN0C7ie/Sud1D4uz3OhtdW1lNpu17W4WcDzw1u8yK6tlMB9rdBu68Hiu2074f+GtKvmu7GzuIZWI3gX85R8LtAZC+1hjjBBp0HgHw1bQGCOwcxbo2VXupXEflvvRUyx2KGGdq4HtQBPoWvXPiTwqusWNpBE9yjvZxzT7gw5CmQqPlJxyozjp1qp4A1fU9a8OSXOsSQvepfXMD+SuEASVlAXvgYwCefWtrS9GsNFini06DyI553uHQOxXexyxAJIUE84GB7U/TNKstHtnt7CHyYnmknZdzNl3Ysx5J6kk0AXKKKKACiiigAooooAKKKKACiiigAooooAKKKKACiiigAooooAKKKKACiiigAooooAKKKKACivAtb8O3XiD4r+Oks9B0vVZYorXBvp2jMJMAwU2jknHcjoK9L+FN9FqHwy0SWKe4m2QmJ3uDl9ysQR1PAI49sUAdlRRRQAUUUUAFFFFABRRRQAUUUUAFYnhT/kDz/8AYSv/AP0rmrbrE8Kf8gef/sJX/wD6VzUAbdFFFABRRRQAUUUUAFFFFABRRRQAUUUUAFFFFABRRRQAUUUUAFFFFABRRRQAUUUUAFFFFAEcf35v9/8A9lFSVHH9+b/f/wDZRUlABRRRQAUUUUAFFFFABRRRQAUUUUAFFFFABRRRQAUUUUAFFFFABRRRQAUUVjap4s0DRpvI1DVrWG46iDzN0p+iDLH8qANmiuFuviZbsMaVo2oXec4knUWyfjv+f/xysS78X+LL7IjuLDTIyOlvCZ5B1/jfC+n8Hb8KAPUZ54bW3luLiWOGCJC8kkjBVRQMkkngADnNcb4Y+JeheJvEN3pNnNGJ1kPl5nQ+YBGjHaAfmOTIPk3DEROcEZ4yLR9R8Vah/Z8uoX2oPjdPJdzsYIEOeWjXahJ5AXGT04UEj0Hwj4F0Twd9oTSI5kDsNxeQnd+7jXnGM8oW5zgu+MA4oA6iiiigDktX+GfhHXdXudV1HSmmvbnb50gu5kD7VCjKq4HQAdK6LTNMstG06HT9Oto7a0gXbHFGMBR1/nk5q3RQAUUUUAFFFFABRRRQAUUUUAFFFFABWJ4U/wCQPP8A9hK//wDSuatusTwp/wAgef8A7CV//wClc1AG3RRRQAUUUUAFFFFABRRRQAUUUUAFFFFABRRRQAUUUUAFFFFABRRRQAUUUUAFFFFABRRRQBHH9+b/AH//AGUVJUcf35v9/wD9lFSUAFFFFABRRRQAUUUUAFFFFABRRRQAUUUUAFFFNkljhiaWV1SNRlmY4AHqTQA6iuUuviN4ahZktbx9RlXjbYRNMM/74+QfiwrCu/iFrdyMado1tZL2kv5vNYf9s4+P/In+NAHpFZ+qa5pWiQ+bqeo21omMjzpQpb6Dqfwryu6v9d1Ik3+v3pU9YbNvsqdumz5+3djVO20yxs5Gkt7WJJW5aQLl2+rdT+JoA7u6+Jelhimm2Go6iecSRw+THn/elK5Huob2zWJdeN/E94SIItN0yPPYNcuR9TsUH8DWTRQBDcpe6kpGq6vqN+GGGSScxxn/ALZx7UP4g0W1nbWUXl2tvDBH/diQKPyFTUUAFS2Fhd6zqA0/TwBIAGmnYZS3Q/xN6k84XvjsASCwsLvWdQGn6eAJAA007DKW6H+JvUnnC98dgCR6lo+j2mh6etnZoQoO53c5eVz1dj3J/TAAwABQAaPo9poenrZ2aEKDud3OXlc9XY9yf0wAMAAVbj+/N/v/APsoqSo4/vzf7/8A7KKAJKKKKACiiigAooooAKKKKACiiigAooooAKKKKACsTwp/yB5/+wlf/wDpXNW3WJ4U/wCQPP8A9hK//wDSuagDbooooAKKKKACiiigAooooAKKKKACiiigAooooAKKKKACiiigAooooAKKKKACiiigAooooAjj+/N/v/8AsoqSo4/vzf7/AP7KKkoAKKKKACiiigAooooAKKCQASTgDqTXNX3j7wzYyNENTju7hTgwWKm4cH0IQHb9WwPegDpaK84vPiJq9ywGlaNDaxn/AJa6jLucccfu4zg8/wC2P8MG9vda1Yn+0tcvGQnPk2jfZYx7fJ85H1Y0Aeo6t4k0XQgP7U1O2tWb7sbuN7fRRyfwFcze/EuE5XR9HvL08Yluf9Ej/wDHwX/8cri7WwtLLd9mtooi5y7KoBY9yT1J9zVigC9eeKfFWo8HULfTIz/BYwh3xjoZJAQfqFFYs2m293Os+oGXUJ1ORJeyNMVPsGJC/gBVyigBAAoAAAA4AFLRRQAUUUUAFFFFABUthYXes6gNP08ASABpp2GUt0P8TepPOF747AEgsLC71nUBp+ngCQANNOwyluh/ib1J5wvfHYAkepaPo9poenrZ2aEKDud3OXlc9XY9yf0wAMAAUAGj6PaaHp62dmhCg7ndzl5XPV2Pcn9MADAAFX6KKACo4/vzf7//ALKKkqOP783+/wD+yigCSiiigAooooAKKKKACiiigAooooAKKKKACiiigArE8Kf8gef/ALCV/wD+lc1bdYnhT/kDz/8AYSv/AP0rmoA26KKKACiiigAooooAKKKKACiiigAooooAKKKKACiiigAooooAKKKKACiiigAooooAKKKKAI4/vzf7/wD7KKkqOP783+//AOyipKACimSzRwRNLNIkcajLO7AAD3Jrk734kaDCCunNPq8nb7AgaM/9tWIj/wDHs+3SgDr6bJLHDE0srqkajLMxwAPUmvMb3xp4l1AlbYWekwnug+0TY9dzAIp9trj39cC5sxqEwm1Se41KUNuDXkhkVW9VT7if8BUUAeh3vxG0CAsljLNqso/hsE8xP+/hIj/8ezXN3XjrxNeswtbSw0uE9GlLXMv5Daqn/vr/AAyAAoAAAA4AFLQBDdw3GpnOr6heal6pcyfuv+/SgJ/47T4oY4IlihjSONeFRFAA+gFPooAKKKKACiiigAooooAKKKKACiiigAqWwsLvWdQGn6eAJAA007DKW6H+JvUnnC98dgCQWFhd6zqA0/TwBIAGmnYZS3Q/xN6k84XvjsASPUtH0e00PT1s7NCFB3O7nLyuerse5P6YAGAAKADR9HtND09bOzQhQdzu5y8rnq7HuT+mABgACr9FFABRRRQAVHH9+b/f/wDZRUlRx/fm/wB//wBlFAElFFFABRRRQAUUUUAFFFFABRRRQAUUUUAFFFFABWJ4U/5A8/8A2Er/AP8ASuatusTwp/yB5/8AsJX/AP6VzUAbdFFFABRRRQAUUUUAFFFFABRRRQAUUUUAFFFFABRRRQAUUUUAFFFFABRRRQAUUVgav400HRbg2tzfCS8H/LrbIZpR6ZVQdvQ8tgUAb9NkkSKNpJHVEQFmZjgADqSa82v/AB9rl84XStPh063I5lviJZwfaNDsH1LH6Vzt3DNqp3azfXWpk4yly/7rjofKUCPPvtz70Ad7d/ETQbWa4is5JtVnWTBSwQOoOAOZCQg57bs+1c/feNfEmoZW1S00iEgjcB9on9iCQEU+xVxWQqqiBVUKqjAAGABS0AVrizF/KJtUnn1KUNuDXshkVW9VT7iH/dUVZoooAKKKKACiiigAooooAKKKKACiiigAooooAKKKKACpbCwu9Z1Aafp4AkADTTsMpbof4m9SecL3x2AJBYWF3rOoDT9PAEgAaadhlLdD/E3qTzhe+OwBI9S0fR7TQ9PWzs0IUHc7ucvK56ux7k/pgAYAAoANH0e00PT1s7NCFB3O7nLyuerse5P6YAGAAKv0UUAFFFFABRRRQAVHH9+b/f8A/ZRUlRx/fm/3/wD2UUASUUUUAFFFFABRRRQAUUUUAFFFFABRRRQAUUUUAFYnhT/kDz/9hK//APSuatusTwp/yB5/+wlf/wDpXNQBt0UUUAFFFFABRRRQAUUUUAFFFFABRRRQAUUUUAFFFFABRRRQAUVzmr+ONC0mR7f7Sb29XINpZYlkB9G5wn1cqK46/wDGfiXVVUWoh0SDOW27bi4I/wB4jYv5N9RQB6Pqmr6dolk15qd7BaW69ZJnCjPoPU+wrj774lLKwj0LSprpWXIu7vNvEPopHmN/3yB059OMj0+Bbx72TzLi9f71zcSGSQ/RmJwPYYHtVqgB1/f61rLA6pq0xTGDbWO62hP1AYu30ZiPaq9raW1lCIbW3igiHISJAo/IVNRQAUUUUAFFFFABRRRQAUUUUAFFFFABRRRQAUUUUAFFFFABRRRQAVLYWF3rOoDT9PAEgAaadhlLdD/E3qTzhe+OwBILCwu9Z1Aafp4AkADTTsMpbof4m9SecL3x2AJHqWj6PaaHp62dmhCg7ndzl5XPV2Pcn9MADAAFABo+j2mh6etnZoQoO53c5eVz1dj3J/TAAwABV+iigAooooAKKKKACiiigAqOP783+/8A+yipKjj+/N/v/wDsooAkooooAKKKKACiiigAooooAKKKKACiiigAooooAKxPCn/IHn/7CV//AOlc1bdYnhT/AJA8/wD2Er//ANK5qANuiiigAooooAKKKKACiiigAooooAKKKKACiioLy9tdOtZLq9uYra3jGXlmcIq/UmgCemySxwxNLK6pGoyzMcAD1JrgtT+Isk+Y/DtkJR/z+3qskX/AU4d+390EHhjXJXSXeqy+drWoT6i+QRHKdsCEdNsQ+X8SCfegDtdQ+JenB2h0S1m1WTHE6fu7Yf8AbU/eH+4Grlb/AFTXNa3DUtUkW3Y5+yWQ8mPHoWHzt75YA/3e1RUUARW9tBaQiK2hjhiHRI0CgfgKloooAKKKKACiiigAooooAKKKKACiiigAooooAKKKKACiiigAooooAKKKKACpbCwu9Z1Aafp4AkADTTsMpbof4m9SecL3x2AJBYWF3rOoDT9PAEgAaadhlLdD/E3qTzhe+OwBI9S0fR7TQ9PWzs0IUHc7ucvK56ux7k/pgAYAAoANH0e00PT1s7NCFB3O7nLyuerse5P6YAGAAKv0UUAFFFFABRRRQAUUUUAFFFFABUcf35v9/wD9lFSVHH9+b/f/APZRQBJRRRQAUUUUAFFFFABRRRQAUUUUAFVNTmubbTbie0iWWeJN6xkZ345Kj3IyB7kVbqOeBLmB4ZC4RxtOx2RsezKQR+BoAzbLVpb3RpdTiiWSJ2ZrVVD/ADxA4VjtDE7sFhgdCOKn0u+nv4pGmtvs5U4AxIM/9/I0/QGrkMMdvBHBCgSKNQiIowFAGABT6AMXw6bkJqUV1eS3bxXroJJcA42qQMAAADPYVR8Ky6p5N0n2Oz+wjUb/AGzfam80n7VL1j8vA5z/ABn+ldRWJ4U/5A8//YSv/wD0rmoA18zf884/++z/AIUZm/55x/8AfZ/wqSigCPM3/POP/vs/4UZm/wCecf8A32f8KkooAjzN/wA84/8Avs/4UZm/55x/99n/AAqSigCPM3/POP8A77P+FGZv+ecf/fZ/wqSigCPM3/POP/vs/wCFGZv+ecf/AH2f8Kkpks0cELzTSJHEgLM7sAFHqSelACZm/wCecf8A32f8Kr3uoRabaPd301tbW8fLyzTbFX6kjFcbq3xFMztb+G7dLnqG1C4BFuvugGDL+GF/2jXJXEc2oXi3mqXUt/dKco0x+WI/9M0Hyp9QM+pNAHS6j8Rry93ReH7BVj7ahehghHqkXDN9W2j6iuYlglvbtLzVLufUbtOUluSMRnj7iABU6dgD6k1PRQAUUUUAFFFFABRRRQAUUUUAFFFFABRRRQAUUUUAFFFFABRRRQAUUUUAFFFFABRRRQAVLY2F5rN/9g04L5oAaaZxlIFP8TepPOF7+wBILCwu9Z1Aafp4AkADTTsMpbof4m9SecL3x2AJHqWj6PaaHp62dmhCg7ndzl5XPV2Pcn9MADAAFAEej6TFoenrZ2cKhQdzu8mXlc9XY7eSf0wAMAAVfzN/zzj/AO+z/hUlFAEeZv8AnnH/AN9n/CjM3/POP/vs/wCFSUUAR5m/55x/99n/AAozN/zzj/77P+FSUUAR5m/55x/99n/CjM3/ADzj/wC+z/hUlFAEeZv+ecf/AH2f8KMzf884/wDvs/4VJRQBHmb/AJ5x/wDfZ/wozN/zzj/77P8AhUlFAEeZv+ecf/fZ/wAKSHcWl3AA7+xz/CKlqOP783+//wCyigCSiiigAooooAKKKKACiiigAooooAKKKKACiiigArE8Kf8AIHn/AOwlf/8ApXNW3WJ4U/5A8/8A2Er/AP8ASuagDbooooAKKKKACiiigAoqhq2s6fodkbvUblYYshV4JZ2PRVUcsx9ACa831rxPq/iFzFG0ulaZyPKifFxOP9tx9wf7KHPq3agDrNe8d2Gl3ElhYIdR1NOGhibEcJ/6aychfoMt7d64K/lv9dnFxrl19qxylqg220X0TJ3H/abJ9MdKbBBFbQJDBGscSDCogwBUlABRRRQAUUUUAFFFFABRRRQAUUUUAFFFFABRRRQAUUUUAFFFFABRRRQAUUUUAFFFFABRRRQAVLYWF3rOoDT9PAEgAaadhlLdD/E3qTzhe+OwBILCwu9Z1Aafp4AkADTTsMpbof4m9SecL3x2AJHqWj6PaaHp62dmhCg7ndzl5XPV2Pcn9MADAAFABo+j2mh6etnZoQoO53c5eVz1dj3J/TAAwABV+iigAooooAKKKKACiiigAooooAKKKKACiiigAqOP783+/wD+yipKjj+/N/v/APsooAkooooAKKKKACiiigAooooAKKKKACiiigAooooAKxPCn/IHn/7CV/8A+lc1bdYnhT/kDz/9hK//APSuagDbooooAKKKbJIkUbSSOqIgLMzHAAHUk0AOrkfEvjeLTHksNJjjvtUU7XUtiK395GHfvsHzHjoDmsLXvGt1rLvaaFK1tp3R9QXiSf2i/ur/ALfU/wAPZqwILeG1hEMEaxxjoqjuep+p9aAB1nurw3+oXL3l8V2maQY2j+6ijhF9h17knmpKKKACiiigAooooAKKKKACiiigAooooAKKKKACiiigAooooAKKKKACiiigAooooAKKKKACiiigAqWwsLvWdQGn6eAJAA007DKW6H+JvUnnC98dgCQWFhd6zqA0/TwBIAGmnYZS3Q/xN6k84XvjsASPUtH0e00PT1s7NCFB3O7nLyuerse5P6YAGAAKADR9HtND09bOzQhQdzu5y8rnq7HuT+mABgACr9FFABRRRQAUUUUAFFFFABRRRQAUUUUAFFFFABRRRQAVHH9+b/f/APZRUlRx/fm/3/8A2UUASUUUUAFFFFABRRRQAUUUUAFFFFABRRRQAUUUUAFYnhT/AJA8/wD2Er//ANK5q26xPCn/ACB5/wDsJX//AKVzUAbdFFQ3V1b2NpLdXUyQ28Kl5JJGwqqOpJoAS8vLbT7Oa8vJ0gt4VLySOcKoHc15Xr+u3XiqYxuklvoykGO2bIe5x/FKOy9MRn0y3PCrrmt3Hia8WWRXh02Ft1tbMCC5HSWQevop+71Pzfdp0AFFFFABRRRQAUUUUAFFFFABRRRQAUUUUAFFFFABRRRQAUUUUAFFFFABRRRQAUUUUAFFFFABRRRQAVLYWF3rOoDT9PAEgAaadhlLdD/E3qTzhe+OwBILCwu9Z1Aafp4AkADTTsMpbof4m9SecL3x2AJHqWj6PaaHp62dmhCg7ndzl5XPV2Pcn9MADAAFABo+j2mh6etnZoQoO53c5eVz1dj3J/TAAwABV+iigAooooAKKKKACiiigAooooAKKKKACiiigAooooAKKKKACo4/vzf7/wD7KKkqOP783+//AOyigCSiiigAooooAKKKKACiiigAooooAKKKKACiiigArE8Kf8gef/sJX/8A6VzVt1ieFP8AkDz/APYSv/8A0rmoA268o8Ta7/wlN/5MLZ0W1kzGOcXUqn759UUj5exI3f3TW18QdbaTHhqzdla4j330qHBjhPAT6vgj2UN0JBrlVVUQKqhVUYAAwAKAFooooAKKKKACiiigAooooAKKKKACiiigAooooAKKKKACiiigAooooAKKKKACiiigAooooAKKKKACpbCwu9Z1Aafp4AkADTTsMpbof4m9SecL3x2AJBYWF3rOoDT9PAEgAaadhlLdD/E3qTzhe+OwBI9S0fR7TQ9PWzs0IUHc7ucvK56ux7k/pgAYAAoANH0e00PT1s7NCFB3O7nLyuerse5P6YAGAAKv0UUAFFFFABRRRQAUUUUAFFFFABRRRQAUUUUAFFFFABRRRQAUUUUAFRx/fm/3/wD2UVJUcf35v9//ANlFAElFFFABRRRQAUUUUAFFFFABRRRQAUUUUAFFFFABXLabqsGieD9T1O5DGK2vdQkKqMsxF3NhQO5JwB7mupryPXb43FnZaIj/ACHVNQvrlQeqpeSiNT7Fzu+sVAGfb/aZWlvb9g1/dv51ywOQGP8ACP8AZUAKPZRU1FFABRRRQAUUUUAFFFFABRRRQAUUUUAFFFFABRRRQAUUUUAFFFFABRRRQAUUUUAFFFFABRRRQAVLYWF3rOoDT9PAEgAaadhlLdD/ABN6k84XvjsASCwsLvWdQGn6eAJAA007DKW6H+JvUnnC98dgCR6lo+j2mh6etnZoQoO53c5eVz1dj3J/TAAwABQAaPo9poenrZ2aEKDud3OXlc9XY9yf0wAMAAVfoooAKKKKACiiigAooooAKKKKACiiigAooooAKKKKACiiigAooooAKKKKACo4/vzf7/8A7KKkqOP783+//wCyigCSiiigAooooAKKKKACiiigAooooAKKKKACiikZgqlmIAAySe1AC14VamSXXvEM0pzs1S5t4vaNZpGx/wB9ySfnXs+navY6qHNnMz7ArENGyHa2drAMBlTg4I4ODXjti/mrdTHGZr25mOPVpnb+tAFqiiigAooooAKKKKACiiigAooooAKKKKACiiigAooooAKKKKACiiigAooooAKKKKACiiigAqWwsLvWdQGn6eAJAA007DKW6H+JvUnnC98dgCQWFhd6zqA0/TwBIAGmnYZS3Q/xN6k84XvjsASPUtH0e00PT1s7NCFB3O7nLyuerse5P6YAGAAKADR9HtND09bOzQhQdzu5y8rnq7HuT+mABgACr9FFABRRRQAUUUUAFFFFABRRRQAUUUUAFFFFABRRRQAUUUUAFFFFABRRRQAUUUUAFRx/fm/3/wD2UVJUcf35v9//ANlFAElFFFABRRRQAUUUUAFFFFABRRRQAVQ1qCO50W7ikMqgxkhooy7ow5VlUAkkEAjHpV+igDF0ywu28PkXLCHULzM9wQW+SRuduVZThRhRgjhRUlvpEyaZeWdxdmX7QjIHBkO0EEf8tJH9exFa1FAGJomm39tdyXWoC2RzawWqpbyM4IjLksSVGMl+nOMdTmvKdOUxwTRHrFdXER/4DK6/0r3GvCrKRzrPiOGQY2azdmP3RpWOf++t4/CgC/RRRQAUUUUAFFFFABRRRQAUUUUAFFFFABRRRQAUUUUAFFFFABRRRQAUUUUAFFFFABUthYXes6gNP08ASABpp2GUt0P8TepPOF747AEgsLC71nUBp+ngCQANNOwyluh/ib1J5wvfHYAkepaPo9poenrZ2aEKDud3OXlc9XY9yf0wAMAAUAQ6Nodho9m9pbQgqH3PJJhnkYqMsx7k/kOAMAAVo+RD/wA8o/8AvkUR/fm/3/8A2UVJQBH5EP8Azyj/AO+RR5EP/PKP/vkVJRQBH5EP/PKP/vkUeRD/AM8o/wDvkVJRQBH5EP8Azyj/AO+RR5EP/PKP/vkVJRQBH5EP/PKP/vkUeRD/AM8o/wDvkVJRQBH5EP8Azyj/AO+RR5EP/PKP/vkVJRQBH5EP/PKP/vkUeRD/AM8o/wDvkVJRQBH5EP8Azyj/AO+RR5EP/PKP/vkVJRQBH5EP/PKP/vkUeRD/AM8o/wDvkVJRQBH5EP8Azyj/AO+RR5EP/PKP/vkVJRQBH5EP/PKP/vkUeRD/AM8o/wDvkVJRQBH5EP8Azyj/AO+RR5EP/PKP/vkVJRQBH5EP/PKP/vkUeRD/AM8o/wDvkVJRQBH5EP8Azyj/AO+RSQqqNKFUKN/QDH8IqWo4/vzf7/8A7KKAJKKKKACiiigAooooAKKKKACiiigAooooAKKKKACvGtV09rO/ttXRf3N7e6hZTnd0kS7neM4+nmjP0r2WuNj0Ya/4H1LTw/lyvqF+0EmM+XKt5KyN+DAUAcXRUFnO9xbK8sZimUlJoj1jkU4ZfwINT0AFFFFABRRRQAUUUUAFFFFABRRRQAUUUUAFFFFABRRRQAUUUUAFFFFABUthYXes6gNP08ASABpp2GUt0P8AE3qTzhe+OwBILCwu9Z1Aafp4AkADTTsMpbof4m9SecL3x2AJHqWj6PaaHp62dmhCg7ndzl5XPV2Pcn9MADAAFABo+j2mh6etnZoQoO53c5eVz1dj3J/TAAwABV+iigCOP783+/8A+yipKjj+/N/v/wDsoqSgAooooAKKKKACiiigAooooAKKKKACiiigAooooAKKKKACiiigAooooAKKKKACiiigAqOP783+/wD+yipKjj+/N/v/APsooAkooooAKKKKACiiigAooooAKKKKACiiigAooooAKxPCn/IHn/7CV/8A+lc1bdYnhT/kDz/9hK//APSuagDkPHWjHSdUOvwLiyu2WO+APEcvCpL7A8I3vtPqaw69hubeG7tpba4iWWCVSkkbjIZTwQa8h1HSp/DOqLpVy5kgkBaxuG/5aIOqMe7qOvqOf72ABlFFFABRRRQAUUUUAFFFFABRRRQAUUUUAFFFFABRRRQAUUUUAFS2Fhd6zqA0/TwBIAGmnYZS3Q/xN6k84XvjsASCwsLvWdQGn6eAJAA007DKW6H+JvUnnC98dgCR6lo+j2mh6etnZoQoO53c5eVz1dj3J/TAAwABQAaPo9poenrZ2aEKDud3OXlc9XY9yf0wAMAAVfoooAKKKKAI4/vzf7//ALKKkqOP783+/wD+yipKACiiigAooooAKKKKACiiigAooooAKKKKACiiigAooooAKKKKACiiigAooooAKKKKACo4/vzf7/8A7KKkqOP783+//wCyigCSiiigAooooAKKKKACiiigAooooAKKKKACiiigArE8Kf8AIHn/AOwlf/8ApXNW3WJ4U/5A8/8A2Er/AP8ASuagDbrP1rR7XXdMksbsHY3KOvDRuOjKexFaFFAHjF1a3ujamdK1QDz8FoJ1GEuUH8S+jD+Je30INLXqevaFZeItMeyvVYDO6KVDh4XHR0PYj/6xyDXl2oWV3oN/Hp2qEGSQH7PcquEuAOuPRh1K/iOOgA2iiigAooooAKKKKACiiigAooooAKKKKACiiigAqWwsLvWdQGn6eAJAA007DKW6H+JvUnnC98dgCQWFhd6zqA0/TwBIAGmnYZS3Q/xN6k84XvjsASPUtH0e00PT1s7NCFB3O7nLyuerse5P6YAGAAKADR9HtND09bOzQhQdzu5y8rnq7HuT+mABgACr9FFABRRRQAUUUUARx/fm/wB//wBlFSVHH9+b/f8A/ZRUlABRRRQAUUUUAFFFFABRRRQAUUUUAFFFFABRRRQAUUUUAFFFFABRRRQAUUUUAFFFFABUcf35v9//ANlFSVHH9+b/AH//AGUUASUUUUAFFFFABRRRQAUUUUAFFFFABRRRQAUUUUAFYnhT/kDz/wDYSv8A/wBK5q26xPCn/IHn/wCwlf8A/pXNQBt0UUUAFVNT0uy1jT5bG/t0nt5B8yt2PYg9iDyCOQat0UAeQ63od94UYG6la70okLHfEfNFx/y3xwOnDjj1wetcHIyOleySRpLG0ciK6OCrKwyCD1BFeda54DudNc3XhqNZLQkmTTCQu3OSTCxOB2+Q8ehXoQDAoqKC5juFYpuDIdskbqVeNv7rKeQfY1LQAUUUUAFFFFABRRRQAUUUUAFS2Fhd6zqA0/TwBIAGmnYZS3Q/xN6k84XvjsASCwsLvWdQGn6eAJAA007DKW6H+JvUnnC98dgCR6lo+j2mh6etnZoQoO53c5eVz1dj3J/TAAwABQAaPo9poenrZ2aEKDud3OXlc9XY9yf0wAMAAVfoooAKKKKACiiigAooooAjj+/N/v8A/soqSo4/vzf7/wD7KKkoAKKKKACiiigAooooAKKKKACiiigAooooAKKKKACiiigAooooAKKKKACiiigAooooAKjj+/N/v/8AsoqSo4/vzf7/AP7KKAJKKKKACiiigAooooAKKKKACiiigAooooAKKKKACsTwp/yB5/8AsJX/AP6VzVt1ieFP+QPP/wBhK/8A/SuagDbooooAKKKKACiiigDn/EHhDT9eYXGWtNQUYW7gADkf3WHR19j+GDXnOpWt/wCHpUi1uJI0Y4jvIv8AUSHOMZPKNyPlb8Cea9mpk0MVzA8E8SSxSKVeN1DKwPUEHqKAPHKK6PV/h7PZbZfDMiiFc79OuZDsx/0yfkr/ALpyvYbetcqlz/pclncQy2t7F/rLa4Xa6j19GH+0pI96AJ6KKKACiiigAqWwsLvWdQGn6eAJAA007DKW6H+JvUnnC98dgCQWFhd6zqA0/TwBIAGmnYZS3Q/xN6k84XvjsASPUtH0e00PT1s7NCFB3O7nLyuerse5P6YAGAAKADR9HtND09bOzQhQdzu5y8rnq7HuT+mABgACr9FFABRRRQAUUUUAFFFFABRRRQBHH9+b/f8A/ZRUlRx/fm/3/wD2UVJQAUUUUAFFFFABRRRQAUUUUAFFFFABRRRQAUUUUAFFFFABRRRQAUUUUAFFFFABRRRQAVHH9+b/AH//AGUVJUcf35v9/wD9lFAElFFFABRRRQAUUUUAFFFFABRRRQAUUVkz635GsLphtiZ5Hj8r5+HjYMWfpxt2Px/u8jdQBrUVk3uv21jfizkTMhxz9ohXr7NIG/Srl1d+U628YkFxKp8tjbu8YPbcyjAH1IoAtVieFP8AkDz/APYSv/8A0rmqfw7c3V5ocE17IslyWkWR0TapIdhwOw4rL8K31x5N1a/2VeeSuo35F3ui8pv9KlOAN+/25Xt6c0AdRRUfmN/zxk/Nf8aPMb/njJ+a/wCNAElFR+Y3/PGT81/xo8xv+eMn5r/jQBJRUfmN/wA8ZPzX/GjzG/54yfmv+NAElFR+Y3/PGT81/wAaPMb/AJ4yfmv+NAElZ2r6DpmuwLDqVokwXmN+VeM+qOMMp9wRV3zG/wCeMn5r/jR5jf8APGT81/xoA8w1PwZruiuz2THWLAdF4W6jHv0WT8MH2JrGt7qG53iNiJIziSN1KvGfRlPKn2Ir2jzG/wCeMn5r/jWLrvhjS/EIV72wkW5QYju4HEc0f0cHOPY5B7g0Aeb1LYWF3rOoDT9PAEgAaadhlLdD/E3qTzhe+OwBI5zxYfEXhjxPbaRFFJd2srhkumSEOYyjk7wHwMYJ3HywfJftkj23w/YQaTo1vBbWU8W5RJL5rI0jOQMlyrEFu3BI4AHAFAFjR9HtND09bOzQhQdzu5y8rnq7HuT+mABgACr9R+Y3/PGT81/xo8xv+eMn5r/jQBJRUfmN/wA8ZPzX/GjzG/54yfmv+NAElFR+Y3/PGT81/wAaPMb/AJ4yfmv+NAElFR+Y3/PGT81/xo8xv+eMn5r/AI0ASUVH5jf88ZPzX/GjzG/54yfmv+NAElFR+Y3/ADxk/Nf8aPMb/njJ+a/40AEf35v9/wD9lFSVXjkbfL+5k+/6r/dHvUnmN/zxk/Nf8aAJKKj8xv8AnjJ+a/40eY3/ADxk/Nf8aAJKKj8xv+eMn5r/AI0eY3/PGT81/wAaAJKKj8xv+eMn5r/jR5jf88ZPzX/GgCSio/Mb/njJ+a/40eY3/PGT81/xoAkoqPzG/wCeMn5r/jR5jf8APGT81/xoAkoqPzG/54yfmv8AjR5jf88ZPzX/ABoAkoqPzG/54yfmv+NHmN/zxk/Nf8aAJKKj8xv+eMn5r/jR5jf88ZPzX/GgCSio/Mb/AJ4yfmv+NHmN/wA8ZPzX/GgCSio/Mb/njJ+a/wCNHmN/zxk/Nf8AGgCSio/Mb/njJ+a/40eY3/PGT81/xoAkoqPzG/54yfmv+NHmN/zxk/Nf8aAJKjj+/N/v/wDsoo8xv+eMn5r/AI0kJLNKSpX5+hx/dFAEtFFFABRRRQAUUUUAFFFFABRRRQAVTOnRNqy6k7u8yQmGNTjbGrEFscZySq5yT04xzVyigAoopk00VvE0s0iRxryzuwAH1JoAIoo4IxHFGkaAkhUUAcnJ4+tc1plzqejwXFo3h3Ubn/TbqZZoJbbY6yTySKRulVujDqBzXSxzRS7/AC5EfYxRtrA7WHUH0NRX97Dp1jNdz7vLiXcQoyT6ADuSeBQBmf25qP8A0Kmsf9/bT/4/R/bmo/8AQqax/wB/bT/4/V7TtRTUVnxBNBLBJ5U0M23cjbQw+6SDlWU8E9au0AYn9uaj/wBCprH/AH9tP/j9H9uaj/0Kmsf9/bT/AOP1t0UAYn9uaj/0Kmsf9/bT/wCP0f25qP8A0Kmsf9/bT/4/W3RQBif25qP/AEKmsf8Af20/+P0f25qP/Qqax/39tP8A4/W3RQBif25qP/Qqax/39tP/AI/R/bmo/wDQqax/39tP/j9bdFAGJ/bmo/8AQqax/wB/bT/4/R/bmo/9CprH/f20/wDj9bdFAHPy6nczvE83g3VJHibfGztZko20rkZn4O1mH0YjvUv9uaj/ANCprH/f20/+P1t1j+H/ABTonimG5l0W/S7S2lMMpVGXa3X+IDI9xwfWgBn9uaj/ANCprH/f20/+P0f25qP/AEKmsf8Af20/+P1t0UAYn9uaj/0Kmsf9/bT/AOP0f25qP/Qqax/39tP/AI/W3RQBif25qP8A0Kmsf9/bT/4/R/bmo/8AQqax/wB/bT/4/W3RQBif25qP/Qqax/39tP8A4/R/bmo/9CprH/f20/8Aj9bdFAGJ/bmo/wDQqax/39tP/j9H9uaj/wBCprH/AH9tP/j9bdFAGJ/bmo/9CprH/f20/wDj9H9uaj/0Kmsf9/bT/wCP1tMyohd2CqoySTgAVHDcwXBPkzxyYCsdjg4BGQePUcigDnLLVdbhu9SkuPDOrPFNcB7dRNafJH5UakH9/wD31c9+v4Vd/tzUf+hU1j/v7af/AB+tmSRYYnlc4RFLMfQCqGmaxHqcksQtrm2ljRJTHcKoJR87W4J67W4PIxyBQBV/tzUf+hU1j/v7af8Ax+j+3NR/6FTWP+/tp/8AH626KAMT+3NR/wChU1j/AL+2n/x+j+3NR/6FTWP+/tp/8frbooAxP7c1H/oVNY/7+2n/AMfo/tzUf+hU1j/v7af/AB+tuigDE/tzUf8AoVNY/wC/tp/8fo/tzUf+hU1j/v7af/H626KAMT+3NR/6FTWP+/tp/wDH6P7c1H/oVNY/7+2n/wAfrbooAxP7c1H/AKFTWP8Av7af/H6P7c1H/oVNY/7+2n/x+tuigDE/tzUf+hU1j/v7af8Ax+j+3NR/6FTWP+/tp/8AH626KAMT+3NR/wChU1j/AL+2n/x+j+3NR/6FTWP+/tp/8frbooAxP7c1H/oVNY/7+2n/AMfo/tzUf+hU1j/v7af/AB+tuigDE/tzUf8AoVNY/wC/tp/8fo/tzUf+hU1j/v7af/H626KAMT+3NR/6FTWP+/tp/wDH6P7c1H/oVNY/7+2n/wAfrbooAxP7c1H/AKFTWP8Av7af/H6P7c1H/oVNY/7+2n/x+tuigDE/tzUf+hU1j/v7af8Ax+pdEbUJX1K4v7ae1Wa6DW8E7ozpGIo152MwGXVz171oRXltOwWG4hkYqWARwSQDgnjtnj61NQAUVRg1W2udWutNi3tNbIjyNj5RuzgA9yMc/UVeoAKKKKACiiigAooooAKKKKACiiigAqtqFs97p9xapIsbTIY97RhwAeD8p4PGevH16VZooAxLbw3DBoY0hpy9rHIWhLQozKuc4beGDHJPzYye/OSZJNAi/sKbS4pigf5lkESLtbIIO1AoOCB259a16KAM/S9PmsjdzXNwk9zdzCWRo4zGowioAFJJ6IOpPJP0rQoooAKKKKACiiigAooooAKKKKACiiigDkfiXrsug+Br6S1yb+7xZWar95pZflGPcDLfhXA+CItU8EeP9N07VdGj0q01nTks1CXSzCW4t14kJAG0spIx6nrXtlFABRRRQAUUUUAFFFFABRRRQAUUUUANcOY2EbKrkHaWGQD2yMjP51h6X4Zj0zTLrThc+Zb3BDnMKZDkAMeQVIJAIUj5eg4wBvUUAZtjo6aZaTxWcoV5RlXMEahWxgHCKoP4/nTNE0q40yKUXVzDdTSkM86wsjuQMEsWds+wGAOgGK1aKACiiigAooooAKKKKACiiigAooooAKKKKACiiigAooooAKKKKACiiigAooooAKKKKAMPTPDx0+8v7g3SyG/Ba4XyQBvycFeTgYYjac5PPUtmzpeh22kyySQNkuMH9xDH/wCgIp/OtOigDG03w9HpeqSXkN3cOjw+X5UjbgDvZy2e5JY/r61s0UUAFFFFABRRRQAUUUUAFFFFABRRRQAUUUUAFFFFABRRRQAUUUUAFFFFABRRRQAUUUUAFFFFABRRRQAUUUUAFFFFABRRRQAUUUUAFFFFABRRRQAUUUUAFFFFABRRRQAUUUUAFFFFABRRRQAUUUUAFFFFABRRRQAUUUUAFFFFABRRRQAUUUUAFFFFABRRRQAUUUUAFFFFABRRRQAUUUUAFFFFABRRRQAUUUUAFFFFABRRRQAUUUUAFFFFABRRRQAUUUUAFFFFABRRRQAUUUUAFFFFABRRRQAUUUUAFFFFABRRRQAUUUUAFFFFABRRRQAUUUUAFFFFABRRRQAUUUUAFFFFABRRRQAUUUUAFFFFABRRRQAUUUUAFFFFABRRRQAUUUUAf//Z</file>
<file name="EOI_6.jpg" path="/" encoding="base64">/9j/4AAQSkZJRgABAQAAAQABAAD//gAYTUFUTEFCIEhhbmRsZSBHcmFwaGljc//+AB1NQVRMQUIsIFRoZSBNYXRoV29ya3MsIEluYy7/2wBDAAgGBgcGBQgHBwcJCQgKDBQNDAsLDBkSEw8UHRofHh0aHBwgJC4nICIsIxwcKDcpLDAxNDQ0Hyc5PTgyPC4zNDL/2wBDAQkJCQwLDBgNDRgyIRwhMjIyMjIyMjIyMjIyMjIyMjIyMjIyMjIyMjIyMjIyMjIyMjIyMjIyMjIyMjIyMjIyMjL/wAARCAGkAjADASIAAhEBAxEB/8QAHwAAAQUBAQEBAQEAAAAAAAAAAAECAwQFBgcICQoL/8QAtRAAAgEDAwIEAwUFBAQAAAF9AQIDAAQRBRIhMUEGE1FhByJxFDKBkaEII0KxwRVS0fAkM2JyggkKFhcYGRolJicoKSo0NTY3ODk6Q0RFRkdISUpTVFVWV1hZWmNkZWZnaGlqc3R1dnd4eXqDhIWGh4iJipKTlJWWl5iZmqKjpKWmp6ipqrKztLW2t7i5usLDxMXGx8jJytLT1NXW19jZ2uHi4+Tl5ufo6erx8vP09fb3+Pn6/8QAHwEAAwEBAQEBAQEBAQAAAAAAAAECAwQFBgcICQoL/8QAtREAAgECBAQDBAcFBAQAAQJ3AAECAxEEBSExBhJBUQdhcRMiMoEIFEKRobHBCSMzUvAVYnLRChYkNOEl8RcYGRomJygpKjU2Nzg5OkNERUZHSElKU1RVVldYWVpjZGVmZ2hpanN0dXZ3eHl6goOEhYaHiImKkpOUlZaXmJmaoqOkpaanqKmqsrO0tba3uLm6wsPExcbHyMnK0tPU1dbX2Nna4uPk5ebn6Onq8vP09fb3+Pn6/9oADAMBAAIRAxEAPwD3+iiigAooooAKKKKACiiigAooooAKKKKACiiigAooooAKKKKACiiigAooooAKKKKACiiigAooooAKKKKACiiigAooooAKKKKACiiigAooooAKKKKACiiigAooooAKKKKACiiigAooooAKKKKACiiigAooooAKKKKACiiigAooooAKKKKACiiigAooooAKKKKACiiigAooqG6uobK3a4uH2RKRubBOMnHOO3PXtQBNRVYahaGO4kM6LHbuUldztVWGM8njuP5UtrfWd6jPaXUFwqnDGKQOB9cUAWKKzNI1lNXkvfKhZIreUJHIT/rVKhg4HYHPHqMHvT49d0iW/ewj1Wxe8QkPbrcIZFI65XORigDQoqPz4f8AnrH/AN9Cjz4f+esf/fQoAkoqPz4f+esf/fQo8+H/AJ6x/wDfQoAkoqPz4f8AnrH/AN9Cjz4f+esf/fQoAkoqPz4f+esf/fQo8+H/AJ6x/wDfQoAkoqPz4f8AnrH/AN9Cjz4f+esf/fQoAkoqP7RD/wA9o/8AvoUefD/z1j/76FAElFR+fD/z1j/76FHnw/8APWP/AL6FAElFR+fD/wA9Y/8AvoUefD/z1j/76FAElFR+fD/z1j/76FHnw/8APWP/AL6FAElFR+fD/wA9Y/8AvoUefD/z1j/76FAElFR/aIR/y2j/AO+hR58P/PWP/voUAMvLj7JY3FzsL+TG0mwdWwM4rzGw8ReJrfS/C3ia71yO8g129gt5dNFtGscSzE7fLYDfuTvknOD6V6j58P8Az1j/AO+hXN2HgjwnpmqpqVpYxR3Ebs8Sm4do4Wb7xSMtsQnPYCgDjLf4parovh77frOlm8ge5vooLpZ0Qu0LyFUKBflGxCN3JyvI5zWr4t8aX9joNs1zpj2U00b3ckMeprHMIYyG2jajMSw4OAAMkbx1rWf4d+DJPMEliHSTzcxteylAZc+YyrvwrNkgkYOOOlaGr+GPD+uzJLfxlnW3a1Jiu5It8LY3RtsYblOBwc0AYkPxEnm8QRWA0UNZtZf2hNdR3e9raDZuVpE2cM3QLuJ79K53UPi7Pc6G11bWU2m7XtbhZwPPDW7zIrq2UwH2t0G7rweK7LTvA3hTSb5ryxglhlYguBqM5STC7RuQybWGOMEGnQeCPCltAYI7XMW6NlV7yVxH5b70VMudihhnauB7UALZ+Ib7xB4Dm1zSorSzmnheSzN1PuRVGQrykDCngkrzjGCeuK3gLVNW1NNTe8vm1PTUmRbDUXtlgNyNvzkKoAKBuA2OeevWtI+GfDp0bUNI8hRp+oSPLcQLcuFZnOWxhsqCey4HXjk1Loeg6L4cjlj0wyRpIFDLLeyzABc4x5jtt6npigDaoqPz4f8AnrH/AN9Cj7RD/wA9o/8AvoUASUVH58P/AD1j/wC+hR58P/PWP/voUASUVH58P/PWP/voUefD/wA9Y/8AvoUASUVH58P/AD1j/wC+hR58P/PWP/voUASUVH58P/PWP/voUefD/wA9Y/8AvoUASUVH58P/AD1j/wC+hTJr60toJJ57qCKGJS8kkkgVUUDJJJ4AA70AeW+OvFmtad8S4NGtta1Cw05tJF0VsNNju5DL5rrnBRiBgD24HrXTfC/xBqHiXwh9u1O6iubhbqWHeqKj7VPHmIvCPjkj0Irhk1i38bfFOTUfDniuDR9QgsvsCLJbxXImQYlJGZACdzOvybwBCW3YYV6J4N8NW/hOxvY31Q395f3b3l3cuFj3yNjOFHCjjpQB1FFR+fD/AM9Y/wDvoUefD/z1j/76FAElFR+fD/z1j/76FHnw/wDPWP8A76FAElFR+fD/AM9Y/wDvoUefD/z1j/76FAElFR+fD/z1j/76FHnw/wDPWP8A76FAElFR+fD/AM9Y/wDvoU9WVxlWDD1BzQAtFFFABRRRQAUUUUAFFFFABRRRQAVW1CA3WnXNuIY5vNiZPLlcqrgjBBIBIH4GrNFAGdpulCy0OHT5ZpJWCfvplco0jk5d8gggliTx61PFp1vFby2/76SKUFXWed5cgjBHzE4q1RQBnabollpM91LaI6m5ZS6lyQNqhQBn6VV8Kf8AIHn/AOwlf/8ApXNW3WJ4U/5A8/8A2Er/AP8ASuagDbooooAKKKKACiiigAooooAKKKKAI4fuH/fb/wBCNSVHD9w/77f+hGpKACiiigAooooAKKKKACiiigCOf/j3l/3D/KpKjn/495f9w/yqSgAooooAKKKKACiiigAooooAKjP/AB8J/uN/MVJUZ/4+E/3G/mKAJKKKKACiiigAooooAKKKKACuH8XeLmhebSNImCXCjF3eDGLYYztXsZMfgo5PYFfFvi2RJZdH0eXFyPlurteRbg/wr2MhH4KOT2B8/wBQt2TSjY2XyTXTrawnqd8rBd3PJOWLEn3JoA7X4TeGbXSvDSaqjStdam73juznlJQrID/ewoU5bJyznPzGvQqr2UEdrD9nhXbFFtRF9FCqAKsUAFFFFABRRRQAUUUUAFFFFABRRRQAUUUUAFFFFABRRRQAUUUUAFFFFABRRRQAUUUUAFYnhT/kDz/9hK//APSuatusTwp/yB5/+wlf/wDpXNQBt0UUUAFFFFABRRRQAUUUUAFFFFAEcP3D/vt/6EakqOH7h/32/wDQjUlABRRRQAUUUUAFFFFABRRRQBHP/wAe8v8AuH+VSVHP/wAe8v8AuH+VSUAFFFFABRRRQAUUUUAFFFFABUZ/4+E/3G/mKkqM/wDHwn+438xQBJRRRQAUUUUAFFFFABXEeLfFsiSy6Po8uLkfLdXa8i3B/hXsZCPwUcnsCeLfFsiSy6Po8uLkfLdXa8i3B/hXsZCPwUcnsDxsMMdvEsUS4Ue+SSeSSTySTySeSaACGGO3iWKJcKPfJJPJJJ5JJ5JPJNXNAs/7S8caPAyb4rXzb6TngFF2Jn/gUgIH+z7Gq1dN8OLXzb/XNTI4DxWSemEXzGI+plAP+57UAd5H9+b/AH//AGUVJUcf35v9/wD9lFSUAFFFFABRRRQAUUUUAFFFFABRRRQAUUUUAFFFFABRRRQAUUUUAFFFFABRRRQAUUUUAFYnhT/kDz/9hK//APSuatusTwp/yB5/+wlf/wDpXNQBt0UUUAFFFFABRRRQAUUUUAFFFFAEcP3D/vt/6EakqOH7h/32/wDQjUlABRRRQAUUUUAFFFFABRRRQBHP/wAe8v8AuH+VSVHP/wAe8v8AuH+VSUAFFFFABRRRQAUUUUAFFFFABUZ/4+E/3G/mKkqM/wDHwn+438xQBJRRRQAUUUUAFcR4t8WyJLLo+jy4uR8t1dryLcH+FexkI/BRyewJ4t8WyJLLo+jy4uR8t1dryLcH+FexkI/BRyewPGwwx28SxRLhR75JJ5JJPJJPJJ5JoAIYY7eJYolwo98kk8kknkknkk8k0+iigBskiQxPLIwVEUsxPYDrXoXw+snsvBGmmUETXSNdyZxkNKxkwcegYD8K82vbY36Q6YMk388doQOux2Ac/gm4/hXtyIsaKiKFRRhVUYAHoKAGR/fm/wB//wBlFSVHH9+b/f8A/ZRUlABRRRQAUUUUAFFFFABRRRQAUUUUAFFFFABRRRQAUUUUAFFFFABRRRQAUUUUAFFFFABWJ4U/5A8//YSv/wD0rmrbrE8Kf8gef/sJX/8A6VzUAbdFFFABRRRQAUUUUAFFFFABRRRQBHD9w/77f+hGpKjh+4f99v8A0I1JQAUUUUAFFFFABRRRQAUUUUARz/8AHvL/ALh/lUlRz/8AHvL/ALh/lUlABRRRQAUUUUAFFFFABRRRQAVGf+PhP9xv5ipKjP8Ax8J/uN/MUASUUUUAFcR4t8WyJLLo+jy4uR8t1dryLcH+FexkI/BRyewJ4t8WyJLLo+jy4uR8t1dryLcH+FexkI/BRyewPGwwx28SxRLhR75JJ5JJPJJPJJ5JoAIYY7eJYolwo98kk8kknkknkk8k0+iigAooooAveFLT+0PHlkT9zTYJLpuT99wYk9uhl6+gr1iuE+Gdsz22r6q6YNzd/Z4m9YoRt/8ARhlru6AI4/vzf7//ALKKkqOP783+/wD+yipKACiiigAooooAKKKKACiiigAooooAKKKKACiiigAooooAKKKKACiiigAooooAKKKKACsTwp/yB5/+wlf/APpXNW3WJ4U/5A8//YSv/wD0rmoA26KKKACiiigAooooAKKKKACiiigCOH7h/wB9v/QjUlRw/cP++3/oRqSgAooooAKKKKACiiigAooooAjn/wCPeX/cP8qkqOf/AI95f9w/yqSgAooooAKKKKACiiigAooooAKjP/Hwn+438xUlRn/j4T/cb+YoAkriPFvi2RJZdH0eXFyPlurteRbg/wAK9jIR+Cjk9gTxb4tkSWXR9Hlxcj5bq7XkW4P8K9jIR+Cjk9geNhhjt4liiXCj3ySTySSeSSeSTyTQAQwx28SxRLhR75JJ5JJPJJPJJ5Jp9FFABRRRQAVBeXK2dlNcspYRIX2jq2B0HuelT02G0Gqa7pGlkZW4u0kkGf8AlnF+9b8DsC/8CoA9S8L6Y+jeFtL0+XBmgtkWUj+KTGXP4sSfxrWoooAjj+/N/v8A/soqSo4/vzf7/wD7KKkoAKKKKACiiigAooooAKKKKACiiigAooooAKKKKACiiigAooooAKKKKACiiigAooooAKxPCn/IHn/7CV//AOlc1bdYnhT/AJA8/wD2Er//ANK5qANuiiigAooooAKKKKACiiigAooooAjh+4f99v8A0I1JUcP3D/vt/wChGpKACiiigAooooAKKKKACiiigCOf/j3l/wBw/wAqkqOf/j3l/wBw/wAqkoAKKKKACiiigAooooAKKKKACuG8XeKpEun0nRpttyqlLq6Xn7PnB2r2MhH/AHznJ7Au8W+LZEll0fR5cXI+W6u15FuD/CvYyEfgo5PYHjYYY7eJYolwo98kk8kknkknkk8k0AEMMdvEsUS4Ue+SSeSSTySTySeSafRRQAUUUUAFFFFABW54AtPtfirUNQZcpYW62sZIP35CHf24VYvf5j684RIUEkgAckmu7+HNn5Hg+C9bmTU3a+Y4/hfHl/lGIx+FAHWUUUUARx/fm/3/AP2UVJUcf35v9/8A9lFSUAFFFFABRRRQAUUUUAFFFFABRRRQAUUUUAFFFFABRRRQAUUUUAFFFFABRRRQAUUUUAFYnhT/AJA8/wD2Er//ANK5q26xPCn/ACB5/wDsJX//AKVzUAbdFFFABRRRQAUUUUAFFFFABRRRQBHD9w/77f8AoRqSo4fuH/fb/wBCNSUAFFFFABRRRQAUUUUAFFFFAEc//HvL/uH+VSVHP/x7y/7h/lUlABRRRQAUUUUAFFFFABXEeLfFsiSy6Po8uLkfLdXa8i3B/hXsZCPwUcnsCeLfFsiSy6Po8uLkfLdXa8i3B/hXsZCPwUcnsDxsMMdvEsUS4Ue+SSeSSTySTySeSaACGGO3iWKJcKPfJJPJJJ5JJ5JPJNPoooAKKKKACiiigAooooAq6hFJdwJp8LFZr6RLSNlOCpc7Sw/3QS34V7ZBBFa28VvCgSKJAiKOiqBgD8q8t8J2f9o+ObUn/V6bA903++4MUf6GY/8AAR+Hq1ABRRRQBHH9+b/f/wDZRUlRx/fm/wB//wBlFSUAFFFFABRRRQAUUUUAFFFFABRRRQAUUUUAFFFFABRRRQAUUUUAFFFFABRRRQAUUUUAFYnhT/kDz/8AYSv/AP0rmrbrE8Kf8gef/sJX/wD6VzUAbdFFFABRRRQAUUUUAFFFFABRRRQBHD9w/wC+3/oRqSo4fuH/AH2/9CNSUAFFFFABRRRQAUUUUAFFFFAEc/8Ax7y/7h/lUlRz/wDHvL/uH+VSUAFFFFABRRRQAVxHi3xbIksuj6PLi5Hy3V2vItwf4V7GQj8FHJ7Ani3xbIksuj6PLi5Hy3V2vItwf4V7GQj8FHJ7A8bDDHbxLFEuFHvkknkkk8kk8knkmgAhhjt4liiXCj3ySTySSeSSeSTyTT6KKACiiigAooooAKKKKACiiq1/LLDZSG3Aa4bEcKnoZGIVB/30RQB3HwytHGk6hqkoGb69fysD/llF+7X82V2+jV29UtH02LRtFsdMg/1VrAkKn12gDP1PWrtABRRRQBHH9+b/AH//AGUVJUcf35v9/wD9lFSUAFFFFABRRRQAUUUUAFFFFABRRRQAUUUUAFFFFABRRRQAUUUUAFFFFABRRRQAUUUUAFYnhT/kDz/9hK//APSuatusTwp/yB5/+wlf/wDpXNQBt0UUUAFFFFABRRRQAUUUUAFFFFAEcP3D/vt/6EakqOH7h/32/wDQjUlABRRRQAUUUUAFFFFABRRRQBHP/wAe8v8AuH+VSVHP/wAe8v8AuH+VSUAFFFFABXEeLfFsiSy6Po8uLkfLdXa8i3B/hXsZCPwUcnsCeLfFsiSy6Po8uLkfLdXa8i3B/hXsZCPwUcnsDxsMMdvEsUS4Ue+SSeSSTySTySeSaACGGO3iWKJcKPfJJPJJJ5JJ5JPJNPoooAKKKKACiiigAooooAKKKKACp9BtTqfjnSbQbTFaB7+cEE8INiD673Df8ANQV1Xw2st66trLDm4nFpCcf8s4cg/+RGlH/ARQB3lFFFABRRRQBHH9+b/f/wDZRUlRx/fm/wB//wBlFSUAFFFFABRRRQAUUUUAFFFFABRRRQAUUUUAFFFFABRRRQAUUUUAFFFFABRRRQAUUUUAFYnhT/kDz/8AYSv/AP0rmrbrE8Kf8gef/sJX/wD6VzUAbdFFFABRRRQAUUUUAFFFFABRRRQBHD9w/wC+3/oRqSo4fuH/AH2/9CNSUAFFFFABRRRQAUUUUAFFFFAEc/8Ax7y/7h/lUlRz/wDHvL/uH+VSUAFcR4t8WyJLLo+jy4uR8t1dryLcH+FexkI/BRyewJ4t8WyJLLo+jy4uR8t1dryLcH+FexkI/BRyewPGwwx28SxRLhR75JJ5JJPJJPJJ5JoAIYY7eJYolwo98kk8kknkknkk8k0+iigAooooAKKKKACiiigAooooAKKKKAK1/ctaWE06JvkVf3af33PCr+JIH41674f0pdD8P2GmK2820Co7/wB98fM34nJ/GvM9Esv7V8YaVZkExQMb+b0xERsH18xkYf7hr16gAooooAKKKKAI4/vzf7//ALKKkqOP783+/wD+yipKACiiigAooooAKKKKACiiigAooooAKKKKACiiigAooooAKKKKACiiigAooqpqf2v+zLhrFgt0qFotwGGYc7TnscYz2zQBborG02+vb7QW1KNWL3JM1rE0YysR+4CCy5JXDHLDliM8VJazX76fdNqMUsbKp2iKEK5GP4QskmT6dPpQBq1ieFP+QPP/ANhK/wD/AErmqp4RtooxdTw2ktikixKLR7eSPZtDfMxdRukbPzEf3Ryepb4Vsbjybq6/tW88ltRvwLTbF5S/6VKMg7N/vy3f04oA6iio/Lb/AJ7Sfkv+FHlt/wA9pPyX/CgCSio/Lb/ntJ+S/wCFHlt/z2k/Jf8ACgCSio/Lb/ntJ+S/4UeW3/PaT8l/woAkoqPy2/57Sfkv+FHlt/z2k/Jf8KAJKKj8tv8AntJ+S/4UeW3/AD2k/Jf8KACH7h/32/8AQjUlV4Y22H99J99uy/3j7VJ5bf8APaT8l/woAkoqPy2/57Sfkv8AhR5bf89pPyX/AAoAkoqPy2/57Sfkv+FHlt/z2k/Jf8KAJKKj8tv+e0n5L/hR5bf89pPyX/CgCSio/Lb/AJ7Sfkv+FHlt/wA9pPyX/CgAn/495f8AcP8AKuM8W+LZEll0fR5cXI+W6u15FuD/AAr2MhH4KOT2Bj8W+KJVll0bSLp/tA+W7uQFItwR91eOZCP++QcnsDyMMMdvEsUS4Ue+SSeSSTySTySeSaACGGO3iWKJcKPfJJPJJJ5JJ5JPJNPoooAKKKKACiiigAooooAKKKKACiiigAooqtfyyw2Tm3XdcuVigX+9K5CoPxZgKAOx+Gdgzx6rrki/8fk4t7c5zmGHIyPrIZfqAK76s7R9JTR9GstNgmk8u1hWIHg5wMZ5HfrV3y2/57Sfkv8AhQBJRUflt/z2k/Jf8KPLb/ntJ+S/4UASUVH5bf8APaT8l/wo8tv+e0n5L/hQAR/fm/3/AP2UVJVeONt8v76T7/ov90e1SeW3/PaT8l/woAkoqPy2/wCe0n5L/hR5bf8APaT8l/woAkoqPy2/57Sfkv8AhR5bf89pPyX/AAoAkoqPy2/57Sfkv+FHlt/z2k/Jf8KAJKKj8tv+e0n5L/hR5bf89pPyX/CgCSio/Lb/AJ7Sfkv+FPUFRgsW9zigBaKKKACiiigAooooAKKKKACiiigAqOeCG5geC4iSWJxh45FDKw9CD1qSigBFUKoVQAAMADtS0UUAFYnhT/kDz/8AYSv/AP0rmrbrE8Kf8gef/sJX/wD6VzUAbdFFFABRRRQAUUUUAFFFFABRRRQBHD9w/wC+3/oRqSo4fuH/AH2/9CNSUAFFFFABRRRQAUUUUAFcR4t8WyJLLo+jy4uR8t1dryLcH+FexkI/BRyewJ4t8WyJLLo+jy4uR8t1dryLcH+FexkI/BRyewPGwwx28SxRLhR75JJ5JJPJJPJJ5JoAIYY7eJYolwo98kk8kknkknkk8k0+iigAooooAKKKKACiiigAooooAKKKKACiiigAq54ZsDq3jayQn9xpsZvZl7M5ykQP472+sYqnXZfDWyK6BNrEilZNVmM6AnOIQNsf4EDf/wBtDQB2lFFFABRRRQAUUUUARx/fm/3/AP2UVJUcf35v9/8A9lFSUAFFFFABRRRQAUUUUAFFFFABRRRQAUUUUAFFFFABRRRQAUUUUAFFFFABRRRQAUUUUAFYnhT/AJA8/wD2Er//ANK5q26xPCn/ACB5/wDsJX//AKVzUAbdFFFABRRRQAUUUUAFFFFABRRRQBHD9w/77f8AoRqSo4fuH/fb/wBCNSUAFFFFABRRRQAVxHi3xbIksuj6PLi5Hy3V2vItwf4V7GQj8FHJ7Ani3xbIksuj6PLi5Hy3V2vItwf4V7GQj8FHJ7A8bDDHbxLFEuFHvkknkkk8kk8knkmgAhhjt4liiXCj3ySTySSeSSeSTyTT6KKACiiigAooooAKKKKACiiigAooooAKKKKACiiigCteQS3/AJGl27bLjUZRaow6oGBLMPdUDt+Fe1wQRWtvFbwoEiiQIijoqgYA/KvN/AVh/aHii71RjmDTY/ssY7ee4DOfqqbAP+ujV6ZQAUUUUAFFFFABRRRQBHH9+b/f/wDZRUlRx/fm/wB//wBlFSUAFFFFABRRRQAUUUUAFFFFABRRRQAUUUUAFFFFABRRRQAUUUUAFFFFABRRRQAUUUUAFYnhT/kDz/8AYSv/AP0rmrbrE8Kf8gef/sJX/wD6VzUAbdFFFABRRRQAUUUUAFFFFABRRRQBHD9w/wC+3/oRqSo4fuH/AH2/9CNSUAFFFFABXEeLfFsiSy6Po8uLkfLdXa8i3B/hXsZCPwUcnsCeLfFsiSy6Po8uLkfLdXa8i3B/hXsZCPwUcnsDxsMMdvEsUS4Ue+SSeSSTySTySeSaACGGO3iWKJcKPfJJPJJJ5JJ5JPJNPoooAKKKKACiiigAooooAKKKKACiiigAooooAKKKKACobu5Wzs5rlwWWJC+1RktgdB7npU1WNE00634s0+zKhra1b7ddZ6EKf3a/jJhvpGaAPQvCGjNoXhm0tJgou2BmuipyDM53Pg+gJIHsBW5RRQAUUUUAFFFFABRRRQBHH9+b/f8A/ZRUlRx/fm/3/wD2UVJQAUUUUAFFFFABRRRQAUUUUAFFFFABRRRQAUUUUAFFFFABRRRQAUUUUAFFFFABRRRQAVieFP8AkDz/APYSv/8A0rmrbrE8Kf8AIHn/AOwlf/8ApXNQBt0UUUAFFFFABRRRQAUUUUAFFFFAEcP3D/vt/wChGpK89+IniDW7GLTdE8L3Kwa1fyTyrI0avtiiVmbhgR8x2qDj1rqPCWvR+J/CemazHj/SoFZwOiuOHX8GBH4UAbVcR4t8WyJLLo+jy4uR8t1dryLcH+FexkI/BRyewJ4t8WyJLLo+jy4uR8t1dryLcH+FexkI/BRyewPGwwx28SxRLhR75JJ5JJPJJPJJ5JoAIYY7eJYolwo98kk8kknkknkk8k0+iigAooooAKKKKACiiigAooooAKKKKACiiigAooooAKKKKAEZgqlmICgZJPau1+HOmeRokusSKBPqziZTjkQAYiX6Yy/sZDXDNp765fWuhRsVN85WZlOCkC8yn8vlB7FxXtSIsaKiKFRRhVUYAHoKAFooooAKKKKACiiigAooooAjj+/N/v8A/soqSo4/vzf7/wD7KKkoAKKKKACiiigAooooAKKKKACiiigAooooAKKKKACiiigAooooAKKKKACiimSyxwpvlkSNMgbnOBknAH4kgUAPopiSxyM6pIrGNtrhTnacA4PocEH8aeTgZoAKxPCn/IHn/wCwlf8A/pXNV3S9WttXhmltRKEimaE+bGUJIxng8457gVS8Kf8AIHn/AOwlf/8ApXNQBt0UUUAFFFFABRRRQAUUUUAFFFMmmS3gkmk3bI1LtsQscAZ4AySfYc0AcTqHw20vxH4rudb8QFdRtzCLe1smRkW3AYlm3BvmJJPYYz3rnIA3gmDU/C/h/UvNhkvHn8wR4/s1HwfJQljvfuDgbc5OSQDp6j8QodVtJbHw5Mwk86aO4vMAiFVkZfk6gs23cvopDHqAefhhjt4liiXCj3ySTySSeSSeSTyTQAQwx28SxRLhR75JJ5JJPJJPJJ5Jp9FFABRRRQAUUUUAFFFFABRRRQAUUUUAFFFFABRRRQAUUUUAFFFQzQXGoT22lWbsl1fyeSjr1iXGXk/4CoYj3wO9AHXfDfTTML3xFKv/AB8sbaz/AOuCHlv+BPu+oVD3rvqgsbK306wt7G0jEVtbxrFEg6KqjAH5Cp6ACiiigAooooAKKKKACiiigCOP783+/wD+yipKjj+/N/v/APsoqSgAooooAKKKKACiiigAooooAKKKKACiiigAooooAKKKKACiiigAooooAKp6tbrd6Td27QSTrLEyeXEVDtkfwliAD6EkVcooAyNP0h08PLZX0ivczKXupFRWDSsdzkBgRjJIAIPAFWNL0mDSY5EgbIc5P7qOP/0BVB/Gr9FAFOxsfsT3jeZv+0XBm+7jbkKMe/3aw/Cuj6X5N1qP9m2f259Rvw1z5C+aw+1SjBbGegA/CuorE8Kf8gef/sJX/wD6VzUAa/kQ/wDPKP8A75FHkQ/88o/++RUlFAEfkQ/88o/++RR5EP8Azyj/AO+RUlFAEfkQ/wDPKP8A75FHkQ/88o/++RUlFAEfkQ/88o/++RR5EP8Azyj/AO+RUlFAEfkQ/wDPKP8A75FVNU0ax1fS7iwuraB4p0KnfCkgB7NtYFSQcEZBGQKv0UAeGTeBbTwHra/ZVV7TUTKsMpjG6JxI7eVu5OPL2YyeTGx4zirtek+ItCTxF4cubHcEn3mS3lIz5cqsSjfn19QSO9eX2c73FsryxmKZSUmiPWORThl/Ag0AT0UUUAFFFFABRRRQAUUUUAFFFFABRRRQAUUUUAFFFFABRRRQAV0Hw80tb28uPEE6Bo5Fe1sgwyPLVhvkH+84x7iNT3rmzaT6te2ujWkjRz3rFTKvWKIcySD3A4H+0y17Ba2sFhHa2drEsVvBB5UUa9ERdoAH0AoAm8iH/nlH/wB8ijyIf+eUf/fIqSigCPyIf+eUf/fIo8iH/nlH/wB8ipKKAI/Ih/55R/8AfIo8iH/nlH/3yKkooAj8iH/nlH/3yKPIh/55R/8AfIqSigCPyIf+eUf/AHyKPIh/55R/98ipKKAK8cEO+X91H9/+6P7oqTyIf+eUf/fIoj+/N/v/APsoqSgCPyIf+eUf/fIo8iH/AJ5R/wDfIqSigCPyIf8AnlH/AN8ijyIf+eUf/fIqSigCPyIf+eUf/fIo8iH/AJ5R/wDfIqSigCPyIf8AnlH/AN8ijyIf+eUf/fIqSigCPyIf+eUf/fIp6qqDCqFHoBilooAKKKKACiiigAooooAKKKKACiiigAooooAKKKKACsTwp/yB5/8AsJX/AP6VzVt1ieFP+QPP/wBhK/8A/SuagDbooooAKKKKACiiigAooooAKKKKAI4fuH/fb/0I15t440k6TryavCoFlqLLFdY/gnAwj/8AAwAp91X1Nekw/cP++3/oRqvqumWus6Vc6deRh7e4Qo49PQj0IOCD2IFAHktFRrHcWV5c6Zff8flm+x2xgSKfuSD2Yc+xyO1SUAFFFFABRRRQAUUUUAFFFFABRRRQAUUUUAFFFFABSMwVSzEBQMkntS1Jpek/8JLr0ekMjNZRKJ9QYdDHk7Yj/vkEEf3Vb2oA6r4d6MUtZfEV0pFxfqFtlb/llbA5X8XPzn2Kj+Gu0P8Ax8J/uN/MVIAAAAMAdAKjP/Hwn+438xQBJRRRQAUUUUAFFFFABRRRQAUUUUARx/fm/wB//wBlFSVHH9+b/f8A/ZRUlABRRRQAUUUUAFFFFABRRRQAUUUUAFFFFABRRRQAUUUUAFFFFABRRRQAUUUUAFFFFABWJ4U/5A8//YSv/wD0rmrbrE8Kf8gef/sJX/8A6VzUAbdFFFABRRRQAUUUUAFFFFABRRRQBHD9w/77f+hGpKjh+4f99v8A0I1JQBxvjvw+93BHrdhCz31mpEkUa5a4hJG5fdl+8vvkcbjXERSxzwpLE4eN1DKynIIPIIr2mvKfE2hnw3rPmQJjSb+TMeOlvOckp7K3Ue+R3UUAZ9FFFABRRRQAUUUUAFFFFABRRRQAUUUUAFFFISFBJIAHJJoAjuJmhjXy4mmmkYRwwqfmkdjhVH1P5da9P8K+H18O6OIHZZbyZvOu5x/y0lI5x/sgAKB6Ad81zXgLQ2vJ18S3iER7SumxtnhDkNMQR1YcL/s8/wARFeg0AFRn/j4T/cb+YqSoz/x8J/uN/MUASUUUUAFFFFABRRRQAUUUUAFFFFAEcf35v9//ANlFSVHH9+b/AH//AGUVJQAUUUUAFFFFABRRRQAUUUUAFFFFABRRRQAUUUUAFFFFABRRRQAUUUUAFFFFABRRRQAVieFP+QPP/wBhK/8A/SuatusTwp/yB5/+wlf/APpXNQBt0UUUAFFFFABRRRQAUUUUAFFFFAEcP3D/AL7f+hGpKjh+4f8Afb/0I1JQAVV1LTbTV9Pmsb6FZraZdro38wexHUEdKtUUAeM3Njd6JqTaTqDM8iqWt7kgAXMY43f7wyAw7Eg9CKK9P8ReH7bxFpwt5iY54m8y3uF+9C/TI9iMgjoQa8sIubW9m07UYRBfwcug5V17Oh7qf06HmgCSiiigAooooAKKKKACiiigAooooAKtaBoTeK9TaJ1B0a1fF2/UTuOfIHqOm8+ny9SdsOn6Xe+Ir82Gnv5UUZH2u8xkQL12r2MhHQdgcnsG9Z0/T7XStPgsbKFYbaFdqIvb39yTyT1JJNAFhVVFCqAFAwABwBS0UUAFRn/j4T/cb+YqSoz/AMfCf7jfzFAElFFFABRRRQAUUUUAFFFFABRRRQBHH9+b/f8A/ZRUlRx/fm/3/wD2UVJQAUUUUAFFFFABRRRQAUUUUAFFFFABRRRQAUUUUAFFFFABRRRQAUUUUAFFFFABRRRQAVieFP8AkDz/APYSv/8A0rmrbrE8Kf8AIHn/AOwlf/8ApXNQBt0UUUAFFFFABRRRQAUUUUAFFFFAEcP3D/vt/wChGpKjh+4f99v/AEI1JQAUUUUAFYXifwxbeJLJFZzb3sBLW10gy0Tdx7qehXv9cEbtFAHi9wlxp2otpmpReReqNyj+CZf78Z7j1HUd+xLq9W1jRbHXrE2l/DvTO5HBw8bYwGRuqsM9a8z1jQNW8NtunSTUdPycXkMeZIxngSoo9P4l44OQtAFWimQzRXESywyJLGwyrowYH6EU+gAooooAKKKhuLqC1RWmkC7jtRerO3ZVA5YnsByaAJql0rTL3xLeta6c3l20T7Lu+xlYfVEzw0nbHRc5bsraOieDdT1x47jVVl0zTev2YNi5nHoxH+qU+gO/n+A16TZ2dtp9nFaWcEcFvEu2OKNQqqPQAUARaXpdpo+nxWNjEIoIxwM5JJ5LE9SSeST1q5RRQAUUUUAFRn/j4T/cb+YqSoz/AMfCf7jfzFAElFFFABRRRQAUUUUAFFFFABRRRQBHH9+b/f8A/ZRUlRx/fm/3/wD2UVJQAUUUUAFFFFABRRRQAUUUUAFFFFABRRRQAUUUUAFFFFABRRRQAUUUUAFVr+9j06xlvJlcxQjc+wZKr3b6Acn2BqzUN3E89pNDG0au6FQZY968+q5GR7ZFAEMOpQzQXEyLKY4JWiLLGWLlThtoXJODkdOoNNbVIfsFzdrHcbLeNnZZYHiJwM8bwM9KLHSbWy0aDS/LE1vFEIyJQG346ls9STyfc1Lb6fZWkTxW1nbwxyffSOIKG+oA5oAzdF1K+ubqS11AW5kFrDdK1urKAJC42nJOSCnXjOegxVLTLnU9HguLRvDuo3P+m3UyzQS22x1knkkUjdKrdGHUDmtnTtHstK3/AGSN1LqqFpJXkO1c7VBYkhRk4A45PrV+gDE/tzUf+hU1j/v7af8Ax+j+3NR/6FTWP+/tp/8AH626KAMT+3NR/wChU1j/AL+2n/x+j+3NR/6FTWP+/tp/8frbooAxP7c1H/oVNY/7+2n/AMfo/tzUf+hU1j/v7af/AB+tuigDE/tzUf8AoVNY/wC/tp/8fo/tzUf+hU1j/v7af/H626KAMT+3NR/6FTWP+/tp/wDH6P7c1H/oVNY/7+2n/wAfrYkmihCmWRE3sEXcwGWPQD3NEU0U8YkhkSSM9GRgQfxFAHNaXqut21o8d54Z1aWU3E7qyzWhxG0rsg/146IVH4d+tXf7c1H/AKFTWP8Av7af/H626opq1tJrUmlKJftEcXnMTGQmMgcMeCee2fegCl/bmo/9CprH/f20/wDj9H9uaj/0Kmsf9/bT/wCP1t0UAYn9uaj/ANCprH/f20/+P0f25qP/AEKmsf8Af20/+P1t0UAYn9uaj/0Kmsf9/bT/AOP0f25qP/Qqax/39tP/AI/W3RQB53rXh+HVpXubfwrrum3z8m4s5rNd59XQzlH+pGfeuak0DxvbSbYfD8l9Fnh5Jre2cD3AmcE/l+Fe01FLcwQFRNNHGWBKh2AzgZOM+g5oA8iGleJwo83wpqCt/sXFsw/9G02TSfFhTMHhG9Y9hLd2yD/0aT+lexI6yIrowZGGVZTkEeoqnqOppp5gQW89zPOxEcMAXccAkn5iAAAPXuPWgDyi08N+Lrpv+Jlo95YRZ5Sxe1mkI9pHmUKf+AN/j1ehaVb+H2E1t4N1ue8C7TeXVxaSzH1wxn+UeygD2rs7O7hv7GC8t23QzxrLG2MZVhkfoanoAxP7c1H/AKFTWP8Av7af/H6P7c1H/oVNY/7+2n/x+tuigDE/tzUf+hU1j/v7af8Ax+j+3NR/6FTWP+/tp/8AH626KAMT+3NR/wChU1j/AL+2n/x+j+3NR/6FTWP+/tp/8frbooAxP7c1H/oVNY/7+2n/AMfqlLquttrVrcJ4Z1YWcdvMksfnWmWkZoihx5/YLIOv8Q/DomvLZJTE1xCsgZVKFwCC33Rj1ODj1xU1AGJ/bmo/9CprH/f20/8Aj9H9uaj/ANCprH/f20/+P1dn1a2g1e10xhKbi5VmQiM7AACTlumeOnWr1AGJ/bmo/wDQqax/39tP/j9H9uaj/wBCprH/AH9tP/j9bdFAGJ/bmo/9CprH/f20/wDj9H9uaj/0Kmsf9/bT/wCP1t0UAYn9uaj/ANCprH/f20/+P0f25qP/AEKmsf8Af20/+P1t0UAYn9uaj/0Kmsf9/bT/AOP0f25qP/Qqax/39tP/AI/W0zKiF3YKqjJJOABUcNzBcE+TPHJgKx2ODgEZB49RyKAOcstV1uG71KS48M6s8U1wHt1E1p8kflRqQf3/APfVz36/hV3+3NR/6FTWP+/tp/8AH62ZJFhieVzhEUsx9AKoaZrEepySxC2ubaWNElMdwqglHztbgnrtbg8jHIFAFX+3NR/6FTWP+/tp/wDH6P7c1H/oVNY/7+2n/wAfrbooAxP7c1H/AKFTWP8Av7af/H6P7c1H/oVNY/7+2n/x+tuigDE/tzUf+hU1j/v7af8Ax+j+3NR/6FTWP+/tp/8AH626KAMT+3NR/wChU1j/AL+2n/x+j+3NR/6FTWP+/tp/8frbooAxP7c1H/oVNY/7+2n/AMfrTsrmW7thLNZXFm+SPKnaMsPf5GYfrViigAooooAKKKKACiiigAooooAKKKKACiiigAooooAKKKKACiiigAooooAKKKKACiiigChrOmDWNNeweXy4ZWXzSFyxUHJCnPynj73UducEVW8PRz6TZ2F1Osn2VdquttFyAMD5XVgDjHTH4DitmigCkNMgGnR2JaURIBgxOYW/8h7cfQYFH9ngatHfCQ4S3MGwjJOWBznPtV2igAooooAKKKKACiiigArI8QaGviC0jtZZ/KhVzIdsYZiwBC4J4ABOSMfMODwSDr0UAZN/oUWqCBryVTLGm1mW2iYMe5AkVyB7Zp1/pc8z2U1ldR29xaBlRpYfMRlZcEFQV9AeCOlalFAFXTLFNM0q0sI3Z0toUiDN1baAMn8qtUUUAFFFFABRRRQAUUUUAY11oLXPiG31n7Uqy24CRp5II2c7wTnJJ3cHjb6ctuf/AGBbf2t/aO/97v34+zw9f97y9/8A49mtaigCnc2P2m/sbrzNv2Vnbbtzu3KV69utXKKKACiiigAooooAKKKKAGuHMbCNlVyDtLDIB7ZGRn86w9L8Mx6Zpl1pwufMt7ghzmFMhyAGPIKkEgEKR8vQcYA3qKAM2x0dNMtJ4rOUK8oyrmCNQrYwDhFUH8fzpmiaVcaZFKLq5huppSGedYWR3IGCWLO2fYDAHQDFatFABRRRQAUUUUAFFFFABRRRQAUUUUAFFFFABRRRQAUUUUAFFFFABRRRQAUUUUAFFFFABRRRQAUUUUAFFFFABRRRQAUUUUAFFFFABRRRQAUUUUAFFFFABRRRQAUUUUAFFFFABRRRQAUUUUAFFFFABRRRQAUUUUAFFFFABRRRQAUUUUAFFFFABRRRQAUUUUAFFFFABRRRQAUUUUAFFFFABRRRQAUUUUAFFFFABRRRQAUUUUAFFFFABRRRQAUUUUAFFFFABRRRQAUUUUAFFFFABRRRQAUUUUAFFFFABRRRQAUUUUAFFFFABRRRQAUUUUAFFFFABRRRQAUUUUAFFFFABRRRQAUUUUAFFFFABRRRQAUUUUAFFFFABRRRQAUUUUAFFFFABRRRQAUUUUAFFFFABRRRQAUUUUAFFFFAH//Z</file>
    </questiontext>
    <generalfeedback format="html">
      <text></text>
    </generalfeedback>
    <penalty>0.3333333</penalty>
    <hidden>0</hidden>
    <idnumber></idnumber>
  </question>

</quiz>