<?xml version="1.0" encoding="UTF-8"?>
<quiz>
<!-- question: 0  -->
  <question type="category">
    <category>
      <text>$course$/top/Výchozí v B192-2011068</text>
    </category>
    <info format="html">
      <text><![CDATA[Výchozí kategorie pro úlohy sdílené v kontextu "B192-2011068".]]></text>
    </info>
    <idnumber></idnumber>
  </question>

<!-- question: 0  -->
  <question type="category">
    <category>
      <text>$course$/top/Výchozí v B192-2011068/OM/Téma 6/cirkulace kružnice, elipsa</text>
    </category>
    <info format="html">
      <text></text>
    </info>
    <idnumber></idnumber>
  </question>

<!-- question: 139560  -->
  <question type="formulas">
    <name>
      <text>cirkulace 10 kružnice</text>
    </name>
    <questiontext format="html">
      <text><![CDATA[<p>Vypočítejte cirkulaci vektorového pole \(\vec f = (x+y,\ -2x)\) podél křivky \(C\), která je kladně orientovanou hranicí množiny \( D = \{[x,y]\in\mathbb E_2: x^2 + y^2 \leq 4,\ x\geq 0,\ y\geq 0\} \).<br></p>]]></text>
    </questiontext>
    <generalfeedback format="html">
      <text></text>
    </generalfeedback>
    <defaultgrade>1.0000000</defaultgrade>
    <penalty>0.3333333</penalty>
    <hidden>0</hidden>
    <idnumber></idnumber>
    <correctfeedback format="html">
      <text>Vaše odpověď je správná.</text>
    </correctfeedback>
    <partiallycorrectfeedback format="html">
      <text>Vaše odpověď je částečně správná.</text>
    </partiallycorrectfeedback>
    <incorrectfeedback format="html">
      <text>Vaše odpověď je chybná.</text>
    </incorrectfeedback>
    <shownumcorrect/>
<varsrandom><text></text>
</varsrandom>
<varsglobal><text></text>
</varsglobal>
<answernumbering><text>abc</text>
</answernumbering>
<answers>
 <partindex>
  <text>0</text>
 </partindex>
 <placeholder>
  <text></text>
 </placeholder>
 <answermark>
  <text>1</text>
 </answermark>
 <answertype>
  <text>10</text>
 </answertype>
 <numbox>
  <text>1</text>
 </numbox>
 <vars1>
  <text></text>
 </vars1>
 <answer>
  <text>-3*pi()</text>
 </answer>
 <vars2>
  <text></text>
 </vars2>
 <correctness>
  <text><![CDATA[_relerr < 0.01]]></text>
 </correctness>
 <unitpenalty>
  <text>1</text>
 </unitpenalty>
 <postunit>
  <text></text>
 </postunit>
 <ruleid>
  <text>1</text>
 </ruleid>
 <otherrule>
  <text></text>
 </otherrule>
 <subqtext format="html">
<text><![CDATA[<p>Výsledek: {_0}<br></p>]]></text>
 </subqtext>
 <feedback format="html">
<text></text>
 </feedback>
 <correctfeedback format="html">
<text></text>
 </correctfeedback>
 <partiallycorrectfeedback format="html">
<text></text>
 </partiallycorrectfeedback>
 <incorrectfeedback format="html">
<text></text>
 </incorrectfeedback>
</answers>
  </question>

<!-- question: 139561  -->
  <question type="formulas">
    <name>
      <text>cirkulace 11 elipsa</text>
    </name>
    <questiontext format="html">
      <text><![CDATA[<p>Vypočítejte cirkulaci vektorového pole \(\vec f = (x+y,\ y-x)\) podél křivky \(C\), která je kladně orientovanou hranicí množiny \( D = \{[x,y]\in\mathbb E_2: 4x^2 + 9y^2 \leq 36\} \).<br></p>]]></text>
    </questiontext>
    <generalfeedback format="html">
      <text></text>
    </generalfeedback>
    <defaultgrade>1.0000000</defaultgrade>
    <penalty>0.3333333</penalty>
    <hidden>0</hidden>
    <idnumber></idnumber>
    <correctfeedback format="html">
      <text>Vaše odpověď je správná.</text>
    </correctfeedback>
    <partiallycorrectfeedback format="html">
      <text>Vaše odpověď je částečně správná.</text>
    </partiallycorrectfeedback>
    <incorrectfeedback format="html">
      <text>Vaše odpověď je chybná.</text>
    </incorrectfeedback>
    <shownumcorrect/>
<varsrandom><text></text>
</varsrandom>
<varsglobal><text></text>
</varsglobal>
<answernumbering><text>abc</text>
</answernumbering>
<answers>
 <partindex>
  <text>0</text>
 </partindex>
 <placeholder>
  <text></text>
 </placeholder>
 <answermark>
  <text>1</text>
 </answermark>
 <answertype>
  <text>10</text>
 </answertype>
 <numbox>
  <text>1</text>
 </numbox>
 <vars1>
  <text></text>
 </vars1>
 <answer>
  <text>-12*pi()</text>
 </answer>
 <vars2>
  <text></text>
 </vars2>
 <correctness>
  <text><![CDATA[_relerr < 0.01]]></text>
 </correctness>
 <unitpenalty>
  <text>1</text>
 </unitpenalty>
 <postunit>
  <text></text>
 </postunit>
 <ruleid>
  <text>1</text>
 </ruleid>
 <otherrule>
  <text></text>
 </otherrule>
 <subqtext format="html">
<text><![CDATA[<p>Výsledek: {_0}<br></p>]]></text>
 </subqtext>
 <feedback format="html">
<text></text>
 </feedback>
 <correctfeedback format="html">
<text></text>
 </correctfeedback>
 <partiallycorrectfeedback format="html">
<text></text>
 </partiallycorrectfeedback>
 <incorrectfeedback format="html">
<text></text>
 </incorrectfeedback>
</answers>
  </question>

<!-- question: 139588  -->
  <question type="formulas">
    <name>
      <text>cirkulace 12 kružnice</text>
    </name>
    <questiontext format="html">
      <text><![CDATA[<p>Vypočítejte cirkulaci vektorového pole \(\vec f = (-x^2y,\ xy^2)\) podél křivky \(C\), která je kladně orientovanou hranicí množiny \( D = \{[x,y]\in\mathbb E_2: x^2 + y^2 \leq 1\} \).<br></p>]]></text>
    </questiontext>
    <generalfeedback format="html">
      <text></text>
    </generalfeedback>
    <defaultgrade>1.0000000</defaultgrade>
    <penalty>0.3333333</penalty>
    <hidden>0</hidden>
    <idnumber></idnumber>
    <correctfeedback format="html">
      <text>Vaše odpověď je správná.</text>
    </correctfeedback>
    <partiallycorrectfeedback format="html">
      <text>Vaše odpověď je částečně správná.</text>
    </partiallycorrectfeedback>
    <incorrectfeedback format="html">
      <text>Vaše odpověď je chybná.</text>
    </incorrectfeedback>
    <shownumcorrect/>
<varsrandom><text></text>
</varsrandom>
<varsglobal><text></text>
</varsglobal>
<answernumbering><text>abc</text>
</answernumbering>
<answers>
 <partindex>
  <text>0</text>
 </partindex>
 <placeholder>
  <text></text>
 </placeholder>
 <answermark>
  <text>1</text>
 </answermark>
 <answertype>
  <text>10</text>
 </answertype>
 <numbox>
  <text>1</text>
 </numbox>
 <vars1>
  <text></text>
 </vars1>
 <answer>
  <text>0.5*pi()</text>
 </answer>
 <vars2>
  <text></text>
 </vars2>
 <correctness>
  <text><![CDATA[_relerr < 0.01]]></text>
 </correctness>
 <unitpenalty>
  <text>1</text>
 </unitpenalty>
 <postunit>
  <text></text>
 </postunit>
 <ruleid>
  <text>1</text>
 </ruleid>
 <otherrule>
  <text></text>
 </otherrule>
 <subqtext format="html">
<text><![CDATA[<p>Výsledek: {_0}<br></p>]]></text>
 </subqtext>
 <feedback format="html">
<text></text>
 </feedback>
 <correctfeedback format="html">
<text></text>
 </correctfeedback>
 <partiallycorrectfeedback format="html">
<text></text>
 </partiallycorrectfeedback>
 <incorrectfeedback format="html">
<text></text>
 </incorrectfeedback>
</answers>
  </question>

<!-- question: 139566  -->
  <question type="formulas">
    <name>
      <text>cirkulace 13 kružnice</text>
    </name>
    <questiontext format="html">
      <text><![CDATA[<p>Vypočítejte cirkulaci vektorového pole \(\vec f = (y^2,\ x)\) podél křivky \(C\), která je kladně orientovanou hranicí množiny \( D = \{[x,y]\in\mathbb E_2: x^2 + y^2 \leq 4\} \).<br></p>]]></text>
    </questiontext>
    <generalfeedback format="html">
      <text></text>
    </generalfeedback>
    <defaultgrade>1.0000000</defaultgrade>
    <penalty>0.3333333</penalty>
    <hidden>0</hidden>
    <idnumber></idnumber>
    <correctfeedback format="html">
      <text>Vaše odpověď je správná.</text>
    </correctfeedback>
    <partiallycorrectfeedback format="html">
      <text>Vaše odpověď je částečně správná.</text>
    </partiallycorrectfeedback>
    <incorrectfeedback format="html">
      <text>Vaše odpověď je chybná.</text>
    </incorrectfeedback>
    <shownumcorrect/>
<varsrandom><text></text>
</varsrandom>
<varsglobal><text></text>
</varsglobal>
<answernumbering><text>abc</text>
</answernumbering>
<answers>
 <partindex>
  <text>0</text>
 </partindex>
 <placeholder>
  <text></text>
 </placeholder>
 <answermark>
  <text>1</text>
 </answermark>
 <answertype>
  <text>10</text>
 </answertype>
 <numbox>
  <text>1</text>
 </numbox>
 <vars1>
  <text></text>
 </vars1>
 <answer>
  <text>4*pi()</text>
 </answer>
 <vars2>
  <text></text>
 </vars2>
 <correctness>
  <text><![CDATA[_relerr < 0.01]]></text>
 </correctness>
 <unitpenalty>
  <text>1</text>
 </unitpenalty>
 <postunit>
  <text></text>
 </postunit>
 <ruleid>
  <text>1</text>
 </ruleid>
 <otherrule>
  <text></text>
 </otherrule>
 <subqtext format="html">
<text><![CDATA[<p>Výsledek: {_0}<br></p>]]></text>
 </subqtext>
 <feedback format="html">
<text></text>
 </feedback>
 <correctfeedback format="html">
<text></text>
 </correctfeedback>
 <partiallycorrectfeedback format="html">
<text></text>
 </partiallycorrectfeedback>
 <incorrectfeedback format="html">
<text></text>
 </incorrectfeedback>
</answers>
  </question>

<!-- question: 139583  -->
  <question type="formulas">
    <name>
      <text>cirkulace 14 kružnice</text>
    </name>
    <questiontext format="html">
      <text><![CDATA[<p>Vypočítejte cirkulaci vektorového pole \(\vec f = (2xy - 5y,\ x^2+y)\) podél křivky \(C\), která je kladně orientovanou hranicí množiny \( D = \{[x,y]\in\mathbb E_2: x^2 + y^2 \leq {a2}\} \).<br></p>]]></text>
    </questiontext>
    <generalfeedback format="html">
      <text></text>
    </generalfeedback>
    <defaultgrade>1.0000000</defaultgrade>
    <penalty>0.3333333</penalty>
    <hidden>0</hidden>
    <idnumber></idnumber>
    <correctfeedback format="html">
      <text>Vaše odpověď je správná.</text>
    </correctfeedback>
    <partiallycorrectfeedback format="html">
      <text>Vaše odpověď je částečně správná.</text>
    </partiallycorrectfeedback>
    <incorrectfeedback format="html">
      <text>Vaše odpověď je chybná.</text>
    </incorrectfeedback>
    <shownumcorrect/>
<varsrandom><text>a={1:4}</text>
</varsrandom>
<varsglobal><text>a2 = a*a;</text>
</varsglobal>
<answernumbering><text>abc</text>
</answernumbering>
<answers>
 <partindex>
  <text>0</text>
 </partindex>
 <placeholder>
  <text></text>
 </placeholder>
 <answermark>
  <text>1</text>
 </answermark>
 <answertype>
  <text>10</text>
 </answertype>
 <numbox>
  <text>1</text>
 </numbox>
 <vars1>
  <text></text>
 </vars1>
 <answer>
  <text>5*a2*pi()</text>
 </answer>
 <vars2>
  <text></text>
 </vars2>
 <correctness>
  <text><![CDATA[_relerr < 0.01]]></text>
 </correctness>
 <unitpenalty>
  <text>1</text>
 </unitpenalty>
 <postunit>
  <text></text>
 </postunit>
 <ruleid>
  <text>1</text>
 </ruleid>
 <otherrule>
  <text></text>
 </otherrule>
 <subqtext format="html">
<text><![CDATA[<p>Výsledek: {_0}<br></p>]]></text>
 </subqtext>
 <feedback format="html">
<text></text>
 </feedback>
 <correctfeedback format="html">
<text></text>
 </correctfeedback>
 <partiallycorrectfeedback format="html">
<text></text>
 </partiallycorrectfeedback>
 <incorrectfeedback format="html">
<text></text>
 </incorrectfeedback>
</answers>
  </question>

<!-- question: 139585  -->
  <question type="formulas">
    <name>
      <text>cirkulace 15 kružnice</text>
    </name>
    <questiontext format="html">
      <text><![CDATA[<p>Vypočítejte cirkulaci vektorového pole \(\vec f = (e^x\sin y -16y,\ e^x\cos y +16)\) podél křivky \(C\), která je kladně orientovanou hranicí množiny \( D = \{[x,y]\in\mathbb E_2: x^2 + y^2 \leq {b}x\} \).<br></p>]]></text>
    </questiontext>
    <generalfeedback format="html">
      <text></text>
    </generalfeedback>
    <defaultgrade>1.0000000</defaultgrade>
    <penalty>0.3333333</penalty>
    <hidden>0</hidden>
    <idnumber></idnumber>
    <correctfeedback format="html">
      <text>Vaše odpověď je správná.</text>
    </correctfeedback>
    <partiallycorrectfeedback format="html">
      <text>Vaše odpověď je částečně správná.</text>
    </partiallycorrectfeedback>
    <incorrectfeedback format="html">
      <text>Vaše odpověď je chybná.</text>
    </incorrectfeedback>
    <shownumcorrect/>
<varsrandom><text>a={1:4}</text>
</varsrandom>
<varsglobal><text>a2 = a*a;
b=2*a;</text>
</varsglobal>
<answernumbering><text>abc</text>
</answernumbering>
<answers>
 <partindex>
  <text>0</text>
 </partindex>
 <placeholder>
  <text></text>
 </placeholder>
 <answermark>
  <text>1</text>
 </answermark>
 <answertype>
  <text>10</text>
 </answertype>
 <numbox>
  <text>1</text>
 </numbox>
 <vars1>
  <text></text>
 </vars1>
 <answer>
  <text>16*a2*pi()</text>
 </answer>
 <vars2>
  <text></text>
 </vars2>
 <correctness>
  <text><![CDATA[_relerr < 0.01]]></text>
 </correctness>
 <unitpenalty>
  <text>1</text>
 </unitpenalty>
 <postunit>
  <text></text>
 </postunit>
 <ruleid>
  <text>1</text>
 </ruleid>
 <otherrule>
  <text></text>
 </otherrule>
 <subqtext format="html">
<text><![CDATA[<p>Výsledek: {_0}<br></p>]]></text>
 </subqtext>
 <feedback format="html">
<text></text>
 </feedback>
 <correctfeedback format="html">
<text></text>
 </correctfeedback>
 <partiallycorrectfeedback format="html">
<text></text>
 </partiallycorrectfeedback>
 <incorrectfeedback format="html">
<text></text>
 </incorrectfeedback>
</answers>
  </question>

<!-- question: 139591  -->
  <question type="formulas">
    <name>
      <text>cirkulace 19 elipsa</text>
    </name>
    <questiontext format="html">
      <text><![CDATA[<p>Vypočítejte cirkulaci vektorového pole \(\vec f = (-y,\ x)\) podél křivky \(C\), která je kladně orientovanou hranicí množiny \( D = \{[x,y]\in\mathbb E_2: {b2}x^2 + {a2}y^2 \leq {ab}\} \).<br></p>]]></text>
    </questiontext>
    <generalfeedback format="html">
      <text></text>
    </generalfeedback>
    <defaultgrade>1.0000000</defaultgrade>
    <penalty>0.3333333</penalty>
    <hidden>0</hidden>
    <idnumber></idnumber>
    <correctfeedback format="html">
      <text>Vaše odpověď je správná.</text>
    </correctfeedback>
    <partiallycorrectfeedback format="html">
      <text>Vaše odpověď je částečně správná.</text>
    </partiallycorrectfeedback>
    <incorrectfeedback format="html">
      <text>Vaše odpověď je chybná.</text>
    </incorrectfeedback>
    <shownumcorrect/>
<varsrandom><text>a={2:6}</text>
</varsrandom>
<varsglobal><text>b=a-1;
a2=a*a; b2=b*b; ab=a2*b2;</text>
</varsglobal>
<answernumbering><text>abc</text>
</answernumbering>
<answers>
 <partindex>
  <text>0</text>
 </partindex>
 <placeholder>
  <text></text>
 </placeholder>
 <answermark>
  <text>1</text>
 </answermark>
 <answertype>
  <text>10</text>
 </answertype>
 <numbox>
  <text>1</text>
 </numbox>
 <vars1>
  <text></text>
 </vars1>
 <answer>
  <text>2*a*b*pi()</text>
 </answer>
 <vars2>
  <text></text>
 </vars2>
 <correctness>
  <text><![CDATA[_relerr < 0.01]]></text>
 </correctness>
 <unitpenalty>
  <text>1</text>
 </unitpenalty>
 <postunit>
  <text></text>
 </postunit>
 <ruleid>
  <text>1</text>
 </ruleid>
 <otherrule>
  <text></text>
 </otherrule>
 <subqtext format="html">
<text><![CDATA[<p>Výsledek: {_0}<br></p>]]></text>
 </subqtext>
 <feedback format="html">
<text></text>
 </feedback>
 <correctfeedback format="html">
<text></text>
 </correctfeedback>
 <partiallycorrectfeedback format="html">
<text></text>
 </partiallycorrectfeedback>
 <incorrectfeedback format="html">
<text></text>
 </incorrectfeedback>
</answers>
  </question>

<!-- question: 139592  -->
  <question type="formulas">
    <name>
      <text>cirkulace 20 kružnice</text>
    </name>
    <questiontext format="html">
      <text><![CDATA[<p>Vypočítejte cirkulaci vektorového pole \(\vec f = (x-y,\ x+y)\) podél křivky \(C\), která je kladně orientovanou hranicí množiny \( D = \{[x,y]\in\mathbb E_2: x^2 + y^2 \leq {a2}\} \).<br></p>]]></text>
    </questiontext>
    <generalfeedback format="html">
      <text></text>
    </generalfeedback>
    <defaultgrade>1.0000000</defaultgrade>
    <penalty>0.3333333</penalty>
    <hidden>0</hidden>
    <idnumber></idnumber>
    <correctfeedback format="html">
      <text>Vaše odpověď je správná.</text>
    </correctfeedback>
    <partiallycorrectfeedback format="html">
      <text>Vaše odpověď je částečně správná.</text>
    </partiallycorrectfeedback>
    <incorrectfeedback format="html">
      <text>Vaše odpověď je chybná.</text>
    </incorrectfeedback>
    <shownumcorrect/>
<varsrandom><text>a={1:5}</text>
</varsrandom>
<varsglobal><text>a2=a*a;</text>
</varsglobal>
<answernumbering><text>abc</text>
</answernumbering>
<answers>
 <partindex>
  <text>0</text>
 </partindex>
 <placeholder>
  <text></text>
 </placeholder>
 <answermark>
  <text>1</text>
 </answermark>
 <answertype>
  <text>10</text>
 </answertype>
 <numbox>
  <text>1</text>
 </numbox>
 <vars1>
  <text></text>
 </vars1>
 <answer>
  <text>2*a2*pi()</text>
 </answer>
 <vars2>
  <text></text>
 </vars2>
 <correctness>
  <text><![CDATA[_relerr < 0.01]]></text>
 </correctness>
 <unitpenalty>
  <text>1</text>
 </unitpenalty>
 <postunit>
  <text></text>
 </postunit>
 <ruleid>
  <text>1</text>
 </ruleid>
 <otherrule>
  <text></text>
 </otherrule>
 <subqtext format="html">
<text><![CDATA[<p>Výsledek: {_0}<br></p>]]></text>
 </subqtext>
 <feedback format="html">
<text></text>
 </feedback>
 <correctfeedback format="html">
<text></text>
 </correctfeedback>
 <partiallycorrectfeedback format="html">
<text></text>
 </partiallycorrectfeedback>
 <incorrectfeedback format="html">
<text></text>
 </incorrectfeedback>
</answers>
  </question>

<!-- question: 139593  -->
  <question type="formulas">
    <name>
      <text>cirkulace 21 kružnice</text>
    </name>
    <questiontext format="html">
      <text><![CDATA[<p>Vypočítejte cirkulaci vektorového pole \(\vec f = \left(-(x^2+y),\ (x-y^2)\right)\) podél křivky \(C\), která je kladně orientovanou hranicí množiny \( D = \{[x,y]\in\mathbb E_2: x^2 + y^2 \leq {a2}\} \).<br></p>]]></text>
    </questiontext>
    <generalfeedback format="html">
      <text></text>
    </generalfeedback>
    <defaultgrade>1.0000000</defaultgrade>
    <penalty>0.3333333</penalty>
    <hidden>0</hidden>
    <idnumber></idnumber>
    <correctfeedback format="html">
      <text>Vaše odpověď je správná.</text>
    </correctfeedback>
    <partiallycorrectfeedback format="html">
      <text>Vaše odpověď je částečně správná.</text>
    </partiallycorrectfeedback>
    <incorrectfeedback format="html">
      <text>Vaše odpověď je chybná.</text>
    </incorrectfeedback>
    <shownumcorrect/>
<varsrandom><text>a={1:5}</text>
</varsrandom>
<varsglobal><text>a2=a*a;</text>
</varsglobal>
<answernumbering><text>abc</text>
</answernumbering>
<answers>
 <partindex>
  <text>0</text>
 </partindex>
 <placeholder>
  <text></text>
 </placeholder>
 <answermark>
  <text>1</text>
 </answermark>
 <answertype>
  <text>10</text>
 </answertype>
 <numbox>
  <text>1</text>
 </numbox>
 <vars1>
  <text></text>
 </vars1>
 <answer>
  <text>2*a2*pi()</text>
 </answer>
 <vars2>
  <text></text>
 </vars2>
 <correctness>
  <text><![CDATA[_relerr < 0.01]]></text>
 </correctness>
 <unitpenalty>
  <text>1</text>
 </unitpenalty>
 <postunit>
  <text></text>
 </postunit>
 <ruleid>
  <text>1</text>
 </ruleid>
 <otherrule>
  <text></text>
 </otherrule>
 <subqtext format="html">
<text><![CDATA[<p>Výsledek: {_0}<br></p>]]></text>
 </subqtext>
 <feedback format="html">
<text></text>
 </feedback>
 <correctfeedback format="html">
<text></text>
 </correctfeedback>
 <partiallycorrectfeedback format="html">
<text></text>
 </partiallycorrectfeedback>
 <incorrectfeedback format="html">
<text></text>
 </incorrectfeedback>
</answers>
  </question>

</quiz>