<?xml version="1.0" encoding="UTF-8"?>
<quiz>
<!-- question: 0  -->
  <question type="category">
    <category>
      <text>$course$/top/Výchozí v Matematika I</text>
    </category>
    <info format="moodle_auto_format">
      <text><![CDATA[Výchozí kategorie pro úlohy sdílené v kontextu "Matematika I".]]></text>
    </info>
    <idnumber></idnumber>
  </question>

<!-- question: 0  -->
  <question type="category">
    <category>
      <text>$course$/top/Výchozí v Matematika I/OM</text>
    </category>
    <info format="moodle_auto_format">
      <text></text>
    </info>
    <idnumber></idnumber>
  </question>

<!-- question: 0  -->
  <question type="category">
    <category>
      <text>$course$/top/Výchozí v Matematika I/OM/Lineární algebra</text>
    </category>
    <info format="html">
      <text></text>
    </info>
    <idnumber></idnumber>
  </question>

<!-- question: 0  -->
  <question type="category">
    <category>
      <text>$course$/top/Výchozí v Matematika I/OM/Lineární algebra/vlastní čísla</text>
    </category>
    <info format="html">
      <text></text>
    </info>
    <idnumber></idnumber>
  </question>

<!-- question: 205574  -->
  <question type="formulas">
    <name>
      <text>vl.č. výběr z 5 (3 různá reál.) (kopie)</text>
    </name>
    <questiontext format="html">
      <text><![CDATA[<p dir="ltr" style="text-align: left;"><strong></strong>Doplňte následující tvrzení tak, aby byla pravdivá.</p><p dir="ltr" style="text-align: left;"><strong>a) </strong>Čtvercová matice (typu \(n\times n\)) má {#otazka1}<br></p><p dir="ltr" style="text-align: left;"><strong>b)</strong> Pro vlastní číslo \(\lambda\in\mathbb C\) matice \(A\) a tomuto číslu odpovídající vlastní vektor \(\vec x\) platí: {#otazka2}<br></p><p dir="ltr" style="text-align: left;"><strong>c)</strong> Je-li \(\vec x\) vlastním vektorem matice \(A\), je vlastním vektorem matice \(A\) také {#otazka3}<br></p><p dir="ltr" style="text-align: left;"><strong>d)</strong> Čtvercová matice (typu \(n\times n\)) je regulární právě tehdy, když {#otazka4}<br></p><p dir="ltr" style="text-align: left;"><strong>e)</strong> Určete vlastní čísla matice $$A=\left(\begin{array}{rrr}{A[0]}&amp;{A[1]}&amp;{A[2]}\\{A[3]}&amp;{A[4]}&amp;{A[5]}\\{A[6]}&amp;{A[7]}&amp;{A[8]}\end{array}\right)$$ Označte vlastní čísla tak, aby pro jejich reálné části platilo \(Re(\lambda_1)\leq Re(\lambda_2)\leq
    Re(\lambda_3)\). {#vlcisla}</p>
<p dir="ltr" style="text-align: left;"><strong>f)</strong> Jsou zadány 3 vektory : $$\vec a = \left(\begin{array}{r}{v1[0]}\\{v1[1]}\\{v1[2]}\end{array}\right),\ \vec b = \left(\begin{array}{r}{v2[0]}\\{v2[1]}\\{v2[2]}\end{array}\right),\ \vec c= \left(\begin{array}{r}{v3[0]}\\{v3[1]}\\{v3[2]}\end{array}\right).$$
    Rozhodněte, zda zadané vektory jsou vlastními vektory matice \(A\). Pro každé vlastní číslo uveďte, který z vektorů tomuto číslu odpovídá.<br> Vlastnímu číslu \(\lambda_1\){#vlvektory1}<br> Vlastnímu číslu \(\lambda_2\){#vlvektory2}<br> Vlastnímu číslu \(\lambda_3\){#vlvektory3}</p>]]></text>
    </questiontext>
    <generalfeedback format="html">
      <text></text>
    </generalfeedback>
    <defaultgrade>16.0000000</defaultgrade>
    <penalty>0.3333333</penalty>
    <hidden>0</hidden>
    <idnumber></idnumber>
    <correctfeedback format="html">
      <text>Vaše odpověď je správná.</text>
    </correctfeedback>
    <partiallycorrectfeedback format="html">
      <text>Vaše odpověď je částečně správná.</text>
    </partiallycorrectfeedback>
    <incorrectfeedback format="html">
      <text>Vaše odpověď je chybná.</text>
    </incorrectfeedback>
    <shownumcorrect/>
<varsrandom><text>ans_order=shuffle([0:4]);

ans1_order=shuffle([0:4]);
ans2_order=shuffle([0:3]);
ans3_order=shuffle([0:3]);
ans4_order=shuffle([0:3]);

k={0,1,2,3,4};

poradi={[0,1,2], [0,2,1],[1,0,2],[1,2,0],[2,0,1],[2,1,0]};
#shuffle([0,1,2]) je asi totéž</text>
</varsrandom>
<varsglobal><text><![CDATA[A0=[0,1,0,0,0,1,0,0,0];          L0=[0,0,0];   #3stejna
A1=[1,1,1,0,2,1,0,0,1];          L1=[1,1,2];  #2stejna
A2=[1,2,1,0,3,3,0,5,1];          L2=[-2,1,6];  #ruzna
A3=[4,-5,1,1,0,-1,0,1,-1];      L3=[0,1,2]; #ruzna
A4=[-2,0,1,1,0,-1, 0,1,-1];     L4=[-1,-1,-1];#3stejna
A5=[2,-3,1,1,-2,1,1,-3,2];      L5=[0,1,1];#2stejna
A6=[-9,2,6,5,0,-3,-16,4,11];  L6=[-1,1,2];#ruzna
A7=[1,0,3,3,-2,-1,1,-1,1];      L7=[-3,1,2];#ruzna
A8=[2,-1,0,0,1,-1,0,2,4];        L8=[2,2,3]; #2stejna
A9=[1,2,1,0,3,1,0,5,-1];         L9=[-2,1,4]; #ruzna

V10=[1,0,0];    V20=[1,0,0];   V30=[1,0,0];
V11= [1,1,-1];  V21=[0,1,-1];  V31=[1,1,0];
V12= [1,-9,15];V22=[1,0,0];   V32=[3,5,5];
V13=[1,1,1];    V23=[3,2,1];    V33=[7,3,1];
V14=[1,0,1];    V24=[1,0,1];    V34=[1,0,1];
V15=[1,1,1];    V25=[2,1,1];    V35=[2,1,1];
V16=[2,-1,3];   V26=[-1,1,-2]; V36=[-2,1,-4];
V17=[-3,13,4]; V27=[1,1,0];    V37=[3,2,1];
V18=[1,0,0];    V28=[1,0,0];     V38=[1,-1,2];
V19=[1,1,-5];   V29=[1,0,0];     V39=[1,1,1];

A  = pick(k,A2,A3,A6,A7,A9);
L  = pick(k,L2,L3,L6,L7,L9);
lambda1 = L[0];  lambda2 = L[1];  lambda3 = L[2];

vektor1 = pick(k,V12,V13,V16,V17,V19);
vektor2 = pick(k,V22,V23,V26,V27,V29);
vektor3 = pick(k,V32,V33,V36,V37,V39);

v1 = pick(poradi[0], vektor1, vektor2, vektor3);
v2 = pick(poradi[1], vektor1, vektor2, vektor3);
v3 = pick(poradi[2], vektor1, vektor2, vektor3);

ans_inv=inv(ans_order);
answers=["odpovídá vektor a.", "odpovídá vektor b.", "odpovídá vektor c.", "neodpovídá žádný ze zadaných vektorů."];
ans_permuted=sublist(answers,ans_order);
ans1 = pick(poradi[0] , ans_inv[0] , ans_inv[1] , ans_inv[2] ) ;
ans2 = pick(poradi[1] , ans_inv[0] , ans_inv[1] , ans_inv[2] ) ;
ans3 = pick(poradi[2] , ans_inv[0] , ans_inv[1] , ans_inv[2] ) ;

ans_inv1=inv(ans1_order);
ans_inv2=inv(ans2_order);
ans_inv3=inv(ans3_order);
ans_inv4=inv(ans4_order);
answers1=["právě n vlastních čísel.", "aspoň n vlastních čísel.", "právě n různých vlastních čísel.", "nejvýše jedno vlastní číslo."];
answers3=["každý násobek vektoru x.", "každý nenulový násobek vektoru x.","součet vektoru x a jednotkového vektoru."];
answers4=["nula není její vlastní číslo.", "aspoň jedno z vlastních čísel je nenulové.","všechna vlastní čísla jsou reálná."];


answers2=["\\( A \\vec x = \\lambda \\vec x\\wedge \\vec x \\ne\\vec 0 \\)", "\\( \\lambda A =A \\vec x\\).","\\( A \\vec x = \\lambda \\vec x \\wedge  \\lambda \\ne 0 \\)."];

ans_permuted1=sublist(answers1,ans1_order);
ans_permuted2=sublist(answers2,ans2_order);
ans_permuted3=sublist(answers3,ans3_order);
ans_permuted4=sublist(answers4,ans4_order);

odp1=ans_inv1[0];
odp2=ans_inv2[0];
odp3=ans_inv3[1];
odp4=ans_inv4[0]]]></text>
</varsglobal>
<answernumbering><text>none</text>
</answernumbering>
<answers>
 <partindex>
  <text>0</text>
 </partindex>
 <placeholder>
  <text>#otazka1</text>
 </placeholder>
 <answermark>
  <text>1</text>
 </answermark>
 <answertype>
  <text>0</text>
 </answertype>
 <numbox>
  <text>1</text>
 </numbox>
 <vars1>
  <text></text>
 </vars1>
 <answer>
  <text>odp1</text>
 </answer>
 <vars2>
  <text></text>
 </vars2>
 <correctness>
  <text>_err == 0</text>
 </correctness>
 <unitpenalty>
  <text>1</text>
 </unitpenalty>
 <postunit>
  <text></text>
 </postunit>
 <ruleid>
  <text>1</text>
 </ruleid>
 <otherrule>
  <text></text>
 </otherrule>
 <subqtext format="html">
<text><![CDATA[<p dir="ltr" style="text-align: left;">{_0:ans_permuted1:MCE}<br></p>]]></text>
 </subqtext>
 <feedback format="html">
<text></text>
 </feedback>
 <correctfeedback format="html">
<text></text>
 </correctfeedback>
 <partiallycorrectfeedback format="html">
<text></text>
 </partiallycorrectfeedback>
 <incorrectfeedback format="html">
<text></text>
 </incorrectfeedback>
</answers>
<answers>
 <partindex>
  <text>1</text>
 </partindex>
 <placeholder>
  <text>#otazka2</text>
 </placeholder>
 <answermark>
  <text>1</text>
 </answermark>
 <answertype>
  <text>0</text>
 </answertype>
 <numbox>
  <text>1</text>
 </numbox>
 <vars1>
  <text></text>
 </vars1>
 <answer>
  <text>odp2</text>
 </answer>
 <vars2>
  <text></text>
 </vars2>
 <correctness>
  <text><![CDATA[_relerr < 0.01]]></text>
 </correctness>
 <unitpenalty>
  <text>1</text>
 </unitpenalty>
 <postunit>
  <text></text>
 </postunit>
 <ruleid>
  <text>1</text>
 </ruleid>
 <otherrule>
  <text></text>
 </otherrule>
 <subqtext format="html">
<text><![CDATA[<p dir="ltr" style="text-align: left;">{_0:ans_permuted2}<br></p>]]></text>
 </subqtext>
 <feedback format="html">
<text></text>
 </feedback>
 <correctfeedback format="html">
<text></text>
 </correctfeedback>
 <partiallycorrectfeedback format="html">
<text></text>
 </partiallycorrectfeedback>
 <incorrectfeedback format="html">
<text></text>
 </incorrectfeedback>
</answers>
<answers>
 <partindex>
  <text>2</text>
 </partindex>
 <placeholder>
  <text>#otazka3</text>
 </placeholder>
 <answermark>
  <text>1</text>
 </answermark>
 <answertype>
  <text>0</text>
 </answertype>
 <numbox>
  <text>1</text>
 </numbox>
 <vars1>
  <text></text>
 </vars1>
 <answer>
  <text>odp3</text>
 </answer>
 <vars2>
  <text></text>
 </vars2>
 <correctness>
  <text>_err == 0</text>
 </correctness>
 <unitpenalty>
  <text>1</text>
 </unitpenalty>
 <postunit>
  <text></text>
 </postunit>
 <ruleid>
  <text>1</text>
 </ruleid>
 <otherrule>
  <text></text>
 </otherrule>
 <subqtext format="html">
<text><![CDATA[<p dir="ltr" style="text-align: left;">{_0:ans_permuted3:MCE}<br></p>]]></text>
 </subqtext>
 <feedback format="html">
<text></text>
 </feedback>
 <correctfeedback format="html">
<text></text>
 </correctfeedback>
 <partiallycorrectfeedback format="html">
<text></text>
 </partiallycorrectfeedback>
 <incorrectfeedback format="html">
<text></text>
 </incorrectfeedback>
</answers>
<answers>
 <partindex>
  <text>3</text>
 </partindex>
 <placeholder>
  <text>#otazka4</text>
 </placeholder>
 <answermark>
  <text>1</text>
 </answermark>
 <answertype>
  <text>0</text>
 </answertype>
 <numbox>
  <text>1</text>
 </numbox>
 <vars1>
  <text></text>
 </vars1>
 <answer>
  <text>odp4</text>
 </answer>
 <vars2>
  <text></text>
 </vars2>
 <correctness>
  <text>_err == 0</text>
 </correctness>
 <unitpenalty>
  <text>1</text>
 </unitpenalty>
 <postunit>
  <text></text>
 </postunit>
 <ruleid>
  <text>1</text>
 </ruleid>
 <otherrule>
  <text></text>
 </otherrule>
 <subqtext format="html">
<text><![CDATA[<p dir="ltr" style="text-align: left;">{_0:ans_permuted4:MCE}<br></p>]]></text>
 </subqtext>
 <feedback format="html">
<text></text>
 </feedback>
 <correctfeedback format="html">
<text></text>
 </correctfeedback>
 <partiallycorrectfeedback format="html">
<text></text>
 </partiallycorrectfeedback>
 <incorrectfeedback format="html">
<text></text>
 </incorrectfeedback>
</answers>
<answers>
 <partindex>
  <text>4</text>
 </partindex>
 <placeholder>
  <text>#vlcisla</text>
 </placeholder>
 <answermark>
  <text>9</text>
 </answermark>
 <answertype>
  <text>10</text>
 </answertype>
 <numbox>
  <text>6</text>
 </numbox>
 <vars1>
  <text></text>
 </vars1>
 <answer>
  <text>[lambda1,0,lambda2,0,lambda3,0]</text>
 </answer>
 <vars2>
  <text><![CDATA[crit1=_0==lambda1&&_1==0; 
crit2=_2==lambda2&&_3==0; 
crit3=_4==lambda3&&_5==0;]]></text>
 </vars2>
 <correctness>
  <text>(crit1 + crit2+crit3)/3</text>
 </correctness>
 <unitpenalty>
  <text>1</text>
 </unitpenalty>
 <postunit>
  <text></text>
 </postunit>
 <ruleid>
  <text>1</text>
 </ruleid>
 <otherrule>
  <text></text>
 </otherrule>
 <subqtext format="html">
<text><![CDATA[<p dir="ltr" style="text-align: left;">Vlastní čísla:<br> \(\lambda_1 = \) {_0} + {_1} i, <br> \(\lambda_2 = \) {_2} + {_3} i <br>\(\lambda_3 = \) {_4} + {_5} i<br>Je-li reálná nebo imaginární část nulová, nezapomeňte zadat nulu!</p>]]></text>
 </subqtext>
 <feedback format="html">
<text></text>
 </feedback>
 <correctfeedback format="html">
<text></text>
 </correctfeedback>
 <partiallycorrectfeedback format="html">
<text></text>
 </partiallycorrectfeedback>
 <incorrectfeedback format="html">
<text></text>
 </incorrectfeedback>
</answers>
<answers>
 <partindex>
  <text>5</text>
 </partindex>
 <placeholder>
  <text>#vlvektory1</text>
 </placeholder>
 <answermark>
  <text>1</text>
 </answermark>
 <answertype>
  <text>0</text>
 </answertype>
 <numbox>
  <text>1</text>
 </numbox>
 <vars1>
  <text></text>
 </vars1>
 <answer>
  <text>ans1</text>
 </answer>
 <vars2>
  <text></text>
 </vars2>
 <correctness>
  <text>_err == 0</text>
 </correctness>
 <unitpenalty>
  <text>1</text>
 </unitpenalty>
 <postunit>
  <text></text>
 </postunit>
 <ruleid>
  <text>1</text>
 </ruleid>
 <otherrule>
  <text></text>
 </otherrule>
 <subqtext format="html">
<text><![CDATA[&nbsp;{_0:ans_permuted:MCE}<br>]]></text>
 </subqtext>
 <feedback format="html">
<text></text>
 </feedback>
 <correctfeedback format="html">
<text></text>
 </correctfeedback>
 <partiallycorrectfeedback format="html">
<text></text>
 </partiallycorrectfeedback>
 <incorrectfeedback format="html">
<text></text>
 </incorrectfeedback>
</answers>
<answers>
 <partindex>
  <text>6</text>
 </partindex>
 <placeholder>
  <text>#vlvektory2</text>
 </placeholder>
 <answermark>
  <text>1</text>
 </answermark>
 <answertype>
  <text>0</text>
 </answertype>
 <numbox>
  <text>1</text>
 </numbox>
 <vars1>
  <text></text>
 </vars1>
 <answer>
  <text>ans2</text>
 </answer>
 <vars2>
  <text></text>
 </vars2>
 <correctness>
  <text>_err == 0</text>
 </correctness>
 <unitpenalty>
  <text>1</text>
 </unitpenalty>
 <postunit>
  <text></text>
 </postunit>
 <ruleid>
  <text>1</text>
 </ruleid>
 <otherrule>
  <text></text>
 </otherrule>
 <subqtext format="html">
<text><![CDATA[<p dir="ltr" style="text-align: left;">{_0:ans_permuted:MCE}<br></p>]]></text>
 </subqtext>
 <feedback format="html">
<text></text>
 </feedback>
 <correctfeedback format="html">
<text></text>
 </correctfeedback>
 <partiallycorrectfeedback format="html">
<text></text>
 </partiallycorrectfeedback>
 <incorrectfeedback format="html">
<text></text>
 </incorrectfeedback>
</answers>
<answers>
 <partindex>
  <text>7</text>
 </partindex>
 <placeholder>
  <text>#vlvektory3</text>
 </placeholder>
 <answermark>
  <text>1</text>
 </answermark>
 <answertype>
  <text>0</text>
 </answertype>
 <numbox>
  <text>1</text>
 </numbox>
 <vars1>
  <text></text>
 </vars1>
 <answer>
  <text>ans3</text>
 </answer>
 <vars2>
  <text></text>
 </vars2>
 <correctness>
  <text>_err == 0</text>
 </correctness>
 <unitpenalty>
  <text>1</text>
 </unitpenalty>
 <postunit>
  <text></text>
 </postunit>
 <ruleid>
  <text>1</text>
 </ruleid>
 <otherrule>
  <text></text>
 </otherrule>
 <subqtext format="html">
<text><![CDATA[<p dir="ltr" style="text-align: left;">{_0:ans_permuted:MCE}<br></p>]]></text>
 </subqtext>
 <feedback format="html">
<text></text>
 </feedback>
 <correctfeedback format="html">
<text></text>
 </correctfeedback>
 <partiallycorrectfeedback format="html">
<text></text>
 </partiallycorrectfeedback>
 <incorrectfeedback format="html">
<text></text>
 </incorrectfeedback>
</answers>
  </question>

</quiz>