<?xml version="1.0" encoding="UTF-8"?>
<quiz>
<!-- question: 0  -->
  <question type="category">
    <category>
      <text>$course$/top/Výchozí v Matematika I</text>
    </category>
    <info format="moodle_auto_format">
      <text><![CDATA[Výchozí kategorie pro úlohy sdílené v kontextu "Matematika I".]]></text>
    </info>
    <idnumber></idnumber>
  </question>

<!-- question: 0  -->
  <question type="category">
    <category>
      <text>$course$/top/Výchozí v Matematika I/OM</text>
    </category>
    <info format="moodle_auto_format">
      <text></text>
    </info>
    <idnumber></idnumber>
  </question>

<!-- question: 0  -->
  <question type="category">
    <category>
      <text>$course$/top/Výchozí v Matematika I/OM/Diferenciální počet</text>
    </category>
    <info format="html">
      <text></text>
    </info>
    <idnumber></idnumber>
  </question>

<!-- question: 0  -->
  <question type="category">
    <category>
      <text>$course$/top/Výchozí v Matematika I/OM/Diferenciální počet/limita funkce</text>
    </category>
    <info format="moodle_auto_format">
      <text></text>
    </info>
    <idnumber></idnumber>
  </question>

<!-- question: 205513  -->
  <question type="formulas">
    <name>
      <text>dosazeni (Petáková 19.1.1)</text>
    </name>
    <questiontext format="html">
      <text><![CDATA[<p dir="ltr" style="text-align: left;">Vypočítejte limitu funkce \(f(x) = {funkce}\).</p>
\(\displaystyle \lim_{x\to{x0}}\ {funkce} = \)<div style="display:inline-block;">{#1}</div>]]></text>
    </questiontext>
    <generalfeedback format="html">
      <text><![CDATA[<p dir="ltr" style="text-align: left;">Dosaďte.<br></p>]]></text>
    </generalfeedback>
    <defaultgrade>1.0000000</defaultgrade>
    <penalty>0.3333333</penalty>
    <hidden>0</hidden>
    <idnumber></idnumber>
    <correctfeedback format="html">
      <text>Vaše odpověď je správná.</text>
    </correctfeedback>
    <partiallycorrectfeedback format="html">
      <text>Vaše odpověď je částečně správná.</text>
    </partiallycorrectfeedback>
    <incorrectfeedback format="html">
      <text>Vaše odpověď je chybná.</text>
    </incorrectfeedback>
    <shownumcorrect/>
<varsrandom><text>k={0,1,2,3,4,5}</text>
</varsrandom>
<varsglobal><text><![CDATA[funkce = pick(k, "\\frac{x+3}{7}", "(\\sin x + \\cos x)", "\\frac{x^2+2x-1}{x+1}", "(2^x-3^x)", "\\frac{\\cos 2x + \\sin 2x}{x+1}", "(\\log 10x - \\ln x)");
x0=pick(k, "5", "\\frac 3 4 \\pi", "0","1","0","1");
limita = pick(k, 8/7, 0, -1,-1,1,0);]]></text>
</varsglobal>
<answernumbering><text>abc</text>
</answernumbering>
<answers>
 <partindex>
  <text>0</text>
 </partindex>
 <placeholder>
  <text>#1</text>
 </placeholder>
 <answermark>
  <text>1</text>
 </answermark>
 <answertype>
  <text>10</text>
 </answertype>
 <numbox>
  <text>1</text>
 </numbox>
 <vars1>
  <text></text>
 </vars1>
 <answer>
  <text>limita</text>
 </answer>
 <vars2>
  <text></text>
 </vars2>
 <correctness>
  <text><![CDATA[_relerr < 0.01]]></text>
 </correctness>
 <unitpenalty>
  <text>1</text>
 </unitpenalty>
 <postunit>
  <text></text>
 </postunit>
 <ruleid>
  <text>1</text>
 </ruleid>
 <otherrule>
  <text></text>
 </otherrule>
 <subqtext format="html">
<text><![CDATA[<p dir="ltr" style="text-align: left;">{_0}<br></p>]]></text>
 </subqtext>
 <feedback format="html">
<text></text>
 </feedback>
 <correctfeedback format="html">
<text></text>
 </correctfeedback>
 <partiallycorrectfeedback format="html">
<text></text>
 </partiallycorrectfeedback>
 <incorrectfeedback format="html">
<text></text>
 </incorrectfeedback>
</answers>
  </question>

<!-- question: 205514  -->
  <question type="formulas">
    <name>
      <text>kraceni (Petáková 19.1.2,3,5)</text>
    </name>
    <questiontext format="html">
      <text><![CDATA[<p dir="ltr" style="text-align: left;">Vypočítejte limitu funkce \(\displaystyle f(x) = {funkce}\).</p>
\(\displaystyle \lim_{x\to{x0}}\ {funkce} = \)<div style="display:inline-block;">{#1}</div>]]></text>
    </questiontext>
    <generalfeedback format="html">
      <text><![CDATA[<p dir="ltr" style="text-align: left;">Vydělte čitatel a jmenovatel výrazem \(x-{x0}\) a zkraťte. Potom dosaďte.<br></p>]]></text>
    </generalfeedback>
    <defaultgrade>1.0000000</defaultgrade>
    <penalty>0.3333333</penalty>
    <hidden>0</hidden>
    <idnumber></idnumber>
    <correctfeedback format="html">
      <text>Vaše odpověď je správná.</text>
    </correctfeedback>
    <partiallycorrectfeedback format="html">
      <text>Vaše odpověď je částečně správná.</text>
    </partiallycorrectfeedback>
    <incorrectfeedback format="html">
      <text>Vaše odpověď je chybná.</text>
    </incorrectfeedback>
    <shownumcorrect/>
<varsrandom><text>k={0,1,2,3,4,5,6,7,8,9,10,11,12,13,14,15,16,17,18,19}</text>
</varsrandom>
<varsglobal><text><![CDATA[#19.1.3
f1="\\frac{x^2-5x+6}{x^2-3x+2}";
f2="\\frac{x^2+2x-15}{x^2-8x+15}";
f3="\\frac{2x^2+7x+3}{2x^2+9x+4}";
f4="\\frac{5x+6-x^2}{7x-6-x^2}";
f5="\\frac{x^2-x-6}{x^3+3x^2+2x}";
f6="\\frac{x^4-1}{2x^2-x-1}";
f7="\\frac{3x^2+5x-2}{27x^3-1}";
f8="\\frac{x^4+x^2-12}{x^4-2x^2-3}";
f9="\\frac{x^3-2x^2-4x+8}{x^4-8x^2+16}";
f10="\\frac{(x-1)^3-8}{3x^2-10x+3}";
#19.1.2
f11="\\frac{x^2-4}{x-2}";
f12="\\frac{x^2-1}{x^3-1}";
f13="\\frac{4x^2-36}{x+3}";
f14="\\frac{x^2+2x+1}{x^3+1}";
f15="\\frac{x^4-16}{x^3+8}";
f16="\\frac{x^2-6x+9}{81-x^4}";
#19.1.5
f17="\\frac{x^4-x^3-5x^2-2x-3}{x-3}";
f18="\\frac{x^4-2x^3+2x^2-5x+2}{x-2}";
f19="\\frac{x^3-3x+2}{x^4-4x+3}";
f20="\\frac{x^3+3x^2-2}{x^3+2x+3}";
funkce = pick(k, f1,f2,f3,f4,f5,f6,f7,f8,f9,f10, f11,f12,f13,f14,f15,f16,f17,f18,f19,f20);
x0=pick(k,"2","3","-\\frac 12","6","-2","1","\\frac 13", "\\sqrt 3", "2","3","2","1","-3","-1","-2","3","3","2","1","-1");
limita = pick(k,-1,-4,5/7,7/5,-5/2,4/3,7/9,7/4,1/4,3/2, 4,2/3,-24,0,-8/3,0, 49,11,1/2,-3/5);]]></text>
</varsglobal>
<answernumbering><text>abc</text>
</answernumbering>
<answers>
 <partindex>
  <text>0</text>
 </partindex>
 <placeholder>
  <text>#1</text>
 </placeholder>
 <answermark>
  <text>1</text>
 </answermark>
 <answertype>
  <text>10</text>
 </answertype>
 <numbox>
  <text>1</text>
 </numbox>
 <vars1>
  <text></text>
 </vars1>
 <answer>
  <text>limita</text>
 </answer>
 <vars2>
  <text></text>
 </vars2>
 <correctness>
  <text><![CDATA[_relerr < 0.01]]></text>
 </correctness>
 <unitpenalty>
  <text>1</text>
 </unitpenalty>
 <postunit>
  <text></text>
 </postunit>
 <ruleid>
  <text>1</text>
 </ruleid>
 <otherrule>
  <text></text>
 </otherrule>
 <subqtext format="html">
<text><![CDATA[<p dir="ltr" style="text-align: left;">{_0}<br></p>]]></text>
 </subqtext>
 <feedback format="html">
<text></text>
 </feedback>
 <correctfeedback format="html">
<text></text>
 </correctfeedback>
 <partiallycorrectfeedback format="html">
<text></text>
 </partiallycorrectfeedback>
 <incorrectfeedback format="html">
<text></text>
 </incorrectfeedback>
</answers>
  </question>

</quiz>