<?xml version="1.0" encoding="UTF-8"?>
<quiz>
<!-- question: 0  -->
  <question type="category">
    <category>
      <text>$course$/top/Výchozí v Matematika I</text>
    </category>
    <info format="moodle_auto_format">
      <text><![CDATA[Výchozí kategorie pro úlohy sdílené v kontextu "Matematika I".]]></text>
    </info>
    <idnumber></idnumber>
  </question>

<!-- question: 0  -->
  <question type="category">
    <category>
      <text>$course$/top/Výchozí v Matematika I/OM</text>
    </category>
    <info format="moodle_auto_format">
      <text></text>
    </info>
    <idnumber></idnumber>
  </question>

<!-- question: 0  -->
  <question type="category">
    <category>
      <text>$course$/top/Výchozí v Matematika I/OM/Lineární algebra</text>
    </category>
    <info format="html">
      <text></text>
    </info>
    <idnumber></idnumber>
  </question>

<!-- question: 0  -->
  <question type="category">
    <category>
      <text>$course$/top/Výchozí v Matematika I/OM/Lineární algebra/Vektory</text>
    </category>
    <info format="html">
      <text></text>
    </info>
    <idnumber></idnumber>
  </question>

<!-- question: 200936  -->
  <question type="formulas">
    <name>
      <text>báze 1</text>
    </name>
    <questiontext format="html">
      <text><![CDATA[<p dir="ltr" style="text-align: left;">Jsou dány vektory \(\vec x = ({a1}, {a2}, {a3}), \vec y= ({b1}, {b2}, {b3}), \vec z= ({c1}, {c2}, {c3})\) a vektor \(\vec u = ({u1}, {u2}, {u3})\). <br></p>
<p dir="ltr" style="text-align: left;">Doplňte tvrzení tak, aby bylo pravdivé: <br></p>
Vektory \(\vec x, \vec y, \vec z\)&nbsp; <div style="display:inline-block;">{#1}</div> 
<div style="display:inline-block;">bázi \(V(E_3)\) (resp. \(\mathbb R^3\)).</div>
<p dir="ltr" style="text-align: left;">Pokud zadané vektory tvoří bázi \(V(E_3)\) (resp. \(\mathbb R^3\)), určete souřadnice vektoru \(\vec u\) vzhledem k této bázi. V opačném případě zadejte souřadnice 9999.{#2}{#3}<br></p><br>]]></text>
    </questiontext>
    <generalfeedback format="html">
      <text></text>
    </generalfeedback>
    <defaultgrade>3.0000000</defaultgrade>
    <penalty>0.3333333</penalty>
    <hidden>0</hidden>
    <idnumber></idnumber>
    <correctfeedback format="html">
      <text>Vaše odpověď je správná.</text>
    </correctfeedback>
    <partiallycorrectfeedback format="html">
      <text>Vaše odpověď je částečně správná.</text>
    </partiallycorrectfeedback>
    <incorrectfeedback format="html">
      <text>Vaše odpověď je chybná.</text>
    </incorrectfeedback>
    <shownumcorrect/>
<varsrandom><text>ans_order=shuffle([0:2]);</text>
</varsrandom>
<varsglobal><text><![CDATA[a1=1; a2=2; a3=1;
b1=0; b2=1;b3=1;
c1=0;c2=0; c3=3;
u1=1; u2=1; u3=2;

x=[1, -1, 2/3];

ans_inv=inv(ans_order);
answers=["tvoří", "netvoří"];
ans_permuted=sublist(answers,ans_order);
ans = ans_inv[0];]]></text>
</varsglobal>
<answernumbering><text>abc</text>
</answernumbering>
<answers>
 <partindex>
  <text>0</text>
 </partindex>
 <placeholder>
  <text>#1</text>
 </placeholder>
 <answermark>
  <text>1</text>
 </answermark>
 <answertype>
  <text>0</text>
 </answertype>
 <numbox>
  <text>1</text>
 </numbox>
 <vars1>
  <text></text>
 </vars1>
 <answer>
  <text>ans</text>
 </answer>
 <vars2>
  <text></text>
 </vars2>
 <correctness>
  <text>_err == 0</text>
 </correctness>
 <unitpenalty>
  <text>1</text>
 </unitpenalty>
 <postunit>
  <text></text>
 </postunit>
 <ruleid>
  <text>1</text>
 </ruleid>
 <otherrule>
  <text></text>
 </otherrule>
 <subqtext format="html">
<text><![CDATA[<p dir="ltr" style="text-align: left;">{_0:ans_permuted:MCE}<br></p>]]></text>
 </subqtext>
 <feedback format="html">
<text></text>
 </feedback>
 <correctfeedback format="html">
<text></text>
 </correctfeedback>
 <partiallycorrectfeedback format="html">
<text></text>
 </partiallycorrectfeedback>
 <incorrectfeedback format="html">
<text></text>
 </incorrectfeedback>
</answers>
<answers>
 <partindex>
  <text>1</text>
 </partindex>
 <placeholder>
  <text>#2</text>
 </placeholder>
 <answermark>
  <text>1</text>
 </answermark>
 <answertype>
  <text>10</text>
 </answertype>
 <numbox>
  <text>3</text>
 </numbox>
 <vars1>
  <text></text>
 </vars1>
 <answer>
  <text>x</text>
 </answer>
 <vars2>
  <text></text>
 </vars2>
 <correctness>
  <text><![CDATA[_relerr < 0.01]]></text>
 </correctness>
 <unitpenalty>
  <text>1</text>
 </unitpenalty>
 <postunit>
  <text></text>
 </postunit>
 <ruleid>
  <text>1</text>
 </ruleid>
 <otherrule>
  <text></text>
 </otherrule>
 <subqtext format="html">
<text>\(\vec u =\) {_0}\( \vec x +\) {_1}\(\vec y +\) {_2}\(\vec z\).</text>
 </subqtext>
 <feedback format="html">
<text></text>
 </feedback>
 <correctfeedback format="html">
<text></text>
 </correctfeedback>
 <partiallycorrectfeedback format="html">
<text></text>
 </partiallycorrectfeedback>
 <incorrectfeedback format="html">
<text></text>
 </incorrectfeedback>
</answers>
<answers>
 <partindex>
  <text>2</text>
 </partindex>
 <placeholder>
  <text>#3</text>
 </placeholder>
 <answermark>
  <text>1</text>
 </answermark>
 <answertype>
  <text>10</text>
 </answertype>
 <numbox>
  <text>3</text>
 </numbox>
 <vars1>
  <text></text>
 </vars1>
 <answer>
  <text>x</text>
 </answer>
 <vars2>
  <text></text>
 </vars2>
 <correctness>
  <text><![CDATA[_relerr < 0.01]]></text>
 </correctness>
 <unitpenalty>
  <text>1</text>
 </unitpenalty>
 <postunit>
  <text></text>
 </postunit>
 <ruleid>
  <text>1</text>
 </ruleid>
 <otherrule>
  <text></text>
 </otherrule>
 <subqtext format="html">
<text><![CDATA[<p dir="ltr" style="text-align: left;">Souřadnice vektoru \(\vec u\) vzhledem k této bázi jsou ({_0}, {_1}, {_2}).<br></p>]]></text>
 </subqtext>
 <feedback format="html">
<text></text>
 </feedback>
 <correctfeedback format="html">
<text></text>
 </correctfeedback>
 <partiallycorrectfeedback format="html">
<text></text>
 </partiallycorrectfeedback>
 <incorrectfeedback format="html">
<text></text>
 </incorrectfeedback>
</answers>
  </question>

<!-- question: 200937  -->
  <question type="formulas">
    <name>
      <text>báze 2</text>
    </name>
    <questiontext format="html">
      <text><![CDATA[<p dir="ltr" style="text-align: left;">Jsou dány vektory \(\vec x = ({a1}, {a2}, {a3}), \vec y= ({b1}, {b2}, {b3}), \vec z= ({c1}, {c2}, {c3})\) a vektor \(\vec u = ({u1}, {u2}, {u3})\). <br></p>
<p dir="ltr" style="text-align: left;">Doplňte tvrzení tak, aby bylo pravdivé: <br></p>
Vektory \(\vec x, \vec y, \vec z\)&nbsp; <div style="display:inline-block;">{#1}</div> 
<div style="display:inline-block;">bázi \(V(E_3)\) (resp. \(\mathbb R^3\)).</div>
<p dir="ltr" style="text-align: left;">Pokud zadané vektory tvoří bázi \(V(E_3)\) (resp. \(\mathbb R^3\)), určete souřadnice vektoru \(\vec u\) vzhledem k této bázi. V opačném případě zadejte souřadnice 9999.{#2}{#3}<br></p><br>]]></text>
    </questiontext>
    <generalfeedback format="html">
      <text></text>
    </generalfeedback>
    <defaultgrade>3.0000000</defaultgrade>
    <penalty>0.3333333</penalty>
    <hidden>0</hidden>
    <idnumber></idnumber>
    <correctfeedback format="html">
      <text>Vaše odpověď je správná.</text>
    </correctfeedback>
    <partiallycorrectfeedback format="html">
      <text>Vaše odpověď je částečně správná.</text>
    </partiallycorrectfeedback>
    <incorrectfeedback format="html">
      <text>Vaše odpověď je chybná.</text>
    </incorrectfeedback>
    <shownumcorrect/>
<varsrandom><text>ans_order=shuffle([0:2]);</text>
</varsrandom>
<varsglobal><text><![CDATA[a1=1; a2=1; a3=1;
b1=1; b2=1;b3=0;
c1=1;c2=0; c3=0;
u1=1; u2=1; u3=2;

x=[2, -1, 0];

ans_inv=inv(ans_order);
answers=["tvoří", "netvoří"];
ans_permuted=sublist(answers,ans_order);
ans = ans_inv[0];]]></text>
</varsglobal>
<answernumbering><text>abc</text>
</answernumbering>
<answers>
 <partindex>
  <text>0</text>
 </partindex>
 <placeholder>
  <text>#1</text>
 </placeholder>
 <answermark>
  <text>1</text>
 </answermark>
 <answertype>
  <text>0</text>
 </answertype>
 <numbox>
  <text>1</text>
 </numbox>
 <vars1>
  <text></text>
 </vars1>
 <answer>
  <text>ans</text>
 </answer>
 <vars2>
  <text></text>
 </vars2>
 <correctness>
  <text>_err == 0</text>
 </correctness>
 <unitpenalty>
  <text>1</text>
 </unitpenalty>
 <postunit>
  <text></text>
 </postunit>
 <ruleid>
  <text>1</text>
 </ruleid>
 <otherrule>
  <text></text>
 </otherrule>
 <subqtext format="html">
<text><![CDATA[<p dir="ltr" style="text-align: left;">{_0:ans_permuted:MCE}<br></p>]]></text>
 </subqtext>
 <feedback format="html">
<text></text>
 </feedback>
 <correctfeedback format="html">
<text></text>
 </correctfeedback>
 <partiallycorrectfeedback format="html">
<text></text>
 </partiallycorrectfeedback>
 <incorrectfeedback format="html">
<text></text>
 </incorrectfeedback>
</answers>
<answers>
 <partindex>
  <text>1</text>
 </partindex>
 <placeholder>
  <text>#2</text>
 </placeholder>
 <answermark>
  <text>1</text>
 </answermark>
 <answertype>
  <text>10</text>
 </answertype>
 <numbox>
  <text>3</text>
 </numbox>
 <vars1>
  <text></text>
 </vars1>
 <answer>
  <text>x</text>
 </answer>
 <vars2>
  <text></text>
 </vars2>
 <correctness>
  <text><![CDATA[_relerr < 0.01]]></text>
 </correctness>
 <unitpenalty>
  <text>1</text>
 </unitpenalty>
 <postunit>
  <text></text>
 </postunit>
 <ruleid>
  <text>1</text>
 </ruleid>
 <otherrule>
  <text></text>
 </otherrule>
 <subqtext format="html">
<text>\(\vec u =\) {_0}\( \vec x +\) {_1}\(\vec y +\) {_2}\(\vec z\).</text>
 </subqtext>
 <feedback format="html">
<text></text>
 </feedback>
 <correctfeedback format="html">
<text></text>
 </correctfeedback>
 <partiallycorrectfeedback format="html">
<text></text>
 </partiallycorrectfeedback>
 <incorrectfeedback format="html">
<text></text>
 </incorrectfeedback>
</answers>
<answers>
 <partindex>
  <text>2</text>
 </partindex>
 <placeholder>
  <text>#3</text>
 </placeholder>
 <answermark>
  <text>1</text>
 </answermark>
 <answertype>
  <text>10</text>
 </answertype>
 <numbox>
  <text>3</text>
 </numbox>
 <vars1>
  <text></text>
 </vars1>
 <answer>
  <text>x</text>
 </answer>
 <vars2>
  <text></text>
 </vars2>
 <correctness>
  <text><![CDATA[_relerr < 0.01]]></text>
 </correctness>
 <unitpenalty>
  <text>1</text>
 </unitpenalty>
 <postunit>
  <text></text>
 </postunit>
 <ruleid>
  <text>1</text>
 </ruleid>
 <otherrule>
  <text></text>
 </otherrule>
 <subqtext format="html">
<text><![CDATA[<p dir="ltr" style="text-align: left;">Souřadnice vektoru \(\vec u\) vzhledem k této bázi jsou ({_0}, {_1}, {_2}).<br></p>]]></text>
 </subqtext>
 <feedback format="html">
<text></text>
 </feedback>
 <correctfeedback format="html">
<text></text>
 </correctfeedback>
 <partiallycorrectfeedback format="html">
<text></text>
 </partiallycorrectfeedback>
 <incorrectfeedback format="html">
<text></text>
 </incorrectfeedback>
</answers>
  </question>

<!-- question: 200938  -->
  <question type="formulas">
    <name>
      <text>báze 3</text>
    </name>
    <questiontext format="html">
      <text><![CDATA[<p dir="ltr" style="text-align: left;">Jsou dány vektory \(\vec x = ({a1}, {a2}, {a3}), \vec y= ({b1}, {b2}, {b3}), \vec z= ({c1}, {c2}, {c3})\) a vektor \(\vec u = ({u1}, {u2}, {u3})\). <br></p>
<p dir="ltr" style="text-align: left;">Doplňte tvrzení tak, aby bylo pravdivé: <br></p>
Vektory \(\vec x, \vec y, \vec z\)&nbsp; <div style="display:inline-block;">{#1}</div> 
<div style="display:inline-block;">bázi \(V(E_3)\) (resp. \(\mathbb R^3\)).</div>
<p dir="ltr" style="text-align: left;">Pokud zadané vektory tvoří bázi \(V(E_3)\) (resp. \(\mathbb R^3\)), určete souřadnice vektoru \(\vec u\) vzhledem k této bázi. V opačném případě zadejte souřadnice 9999.{#2}<br></p><br>]]></text>
    </questiontext>
    <generalfeedback format="html">
      <text></text>
    </generalfeedback>
    <defaultgrade>2.0000000</defaultgrade>
    <penalty>0.3333333</penalty>
    <hidden>0</hidden>
    <idnumber></idnumber>
    <correctfeedback format="html">
      <text>Vaše odpověď je správná.</text>
    </correctfeedback>
    <partiallycorrectfeedback format="html">
      <text>Vaše odpověď je částečně správná.</text>
    </partiallycorrectfeedback>
    <incorrectfeedback format="html">
      <text>Vaše odpověď je chybná.</text>
    </incorrectfeedback>
    <shownumcorrect/>
<varsrandom><text>ans_order=shuffle([0:2]);</text>
</varsrandom>
<varsglobal><text><![CDATA[a1=0; a2=1; a3=-1;
b1=0; b2=2;b3=-2;
c1=1;c2=1; c3=3;
u1=1; u2=1; u3=2;

x=[9999, 9999, 9999];

ans_inv=inv(ans_order);
answers=["tvoří", "netvoří"];
ans_permuted=sublist(answers,ans_order);
ans = ans_inv[1];]]></text>
</varsglobal>
<answernumbering><text>abc</text>
</answernumbering>
<answers>
 <partindex>
  <text>0</text>
 </partindex>
 <placeholder>
  <text>#1</text>
 </placeholder>
 <answermark>
  <text>1</text>
 </answermark>
 <answertype>
  <text>0</text>
 </answertype>
 <numbox>
  <text>1</text>
 </numbox>
 <vars1>
  <text></text>
 </vars1>
 <answer>
  <text>ans</text>
 </answer>
 <vars2>
  <text></text>
 </vars2>
 <correctness>
  <text>_err == 0</text>
 </correctness>
 <unitpenalty>
  <text>1</text>
 </unitpenalty>
 <postunit>
  <text></text>
 </postunit>
 <ruleid>
  <text>1</text>
 </ruleid>
 <otherrule>
  <text></text>
 </otherrule>
 <subqtext format="html">
<text><![CDATA[<p dir="ltr" style="text-align: left;">{_0:ans_permuted:MCE}<br></p>]]></text>
 </subqtext>
 <feedback format="html">
<text></text>
 </feedback>
 <correctfeedback format="html">
<text></text>
 </correctfeedback>
 <partiallycorrectfeedback format="html">
<text></text>
 </partiallycorrectfeedback>
 <incorrectfeedback format="html">
<text></text>
 </incorrectfeedback>
</answers>
<answers>
 <partindex>
  <text>1</text>
 </partindex>
 <placeholder>
  <text>#2</text>
 </placeholder>
 <answermark>
  <text>1</text>
 </answermark>
 <answertype>
  <text>10</text>
 </answertype>
 <numbox>
  <text>3</text>
 </numbox>
 <vars1>
  <text></text>
 </vars1>
 <answer>
  <text>x</text>
 </answer>
 <vars2>
  <text></text>
 </vars2>
 <correctness>
  <text><![CDATA[_relerr < 0.01]]></text>
 </correctness>
 <unitpenalty>
  <text>1</text>
 </unitpenalty>
 <postunit>
  <text></text>
 </postunit>
 <ruleid>
  <text>1</text>
 </ruleid>
 <otherrule>
  <text></text>
 </otherrule>
 <subqtext format="html">
<text>Souřadnice vektoru \(\vec u\) vzhledem k této bázi jsou ({_0}, {_1}, {_2}).</text>
 </subqtext>
 <feedback format="html">
<text></text>
 </feedback>
 <correctfeedback format="html">
<text></text>
 </correctfeedback>
 <partiallycorrectfeedback format="html">
<text></text>
 </partiallycorrectfeedback>
 <incorrectfeedback format="html">
<text></text>
 </incorrectfeedback>
</answers>
  </question>

<!-- question: 200939  -->
  <question type="formulas">
    <name>
      <text>dimenze 1</text>
    </name>
    <questiontext format="html">
      <text><![CDATA[<p dir="ltr" style="text-align: left;">Jsou dány vektory \(\vec a = ({a1}, {a2}, {a3},{a4}), \vec b= ({b1}, {b2}, {b3},{b4}), \vec c= ({c1}, {c2}, {c3},{c4})\). Určete největší počet vektorů, které je možné vybrat ze zadaných&nbsp; tak, že&nbsp; budou tvořit skupinu lineárně nezávislou. {#1}</p>]]></text>
    </questiontext>
    <generalfeedback format="html">
      <text></text>
    </generalfeedback>
    <defaultgrade>1.0000000</defaultgrade>
    <penalty>0.3333333</penalty>
    <hidden>0</hidden>
    <idnumber></idnumber>
    <correctfeedback format="html">
      <text>Vaše odpověď je správná.</text>
    </correctfeedback>
    <partiallycorrectfeedback format="html">
      <text>Vaše odpověď je částečně správná.</text>
    </partiallycorrectfeedback>
    <incorrectfeedback format="html">
      <text>Vaše odpověď je chybná.</text>
    </incorrectfeedback>
    <shownumcorrect/>
<varsrandom><text></text>
</varsrandom>
<varsglobal><text>a1=1; a2=2; a3=0; a4=0;
b1=1; b2=2;b3=2; b4=4;
c1=3;c2=6; c3=0;c4=0;
x=2;</text>
</varsglobal>
<answernumbering><text>abc</text>
</answernumbering>
<answers>
 <partindex>
  <text>0</text>
 </partindex>
 <placeholder>
  <text>#1</text>
 </placeholder>
 <answermark>
  <text>1</text>
 </answermark>
 <answertype>
  <text>10</text>
 </answertype>
 <numbox>
  <text>1</text>
 </numbox>
 <vars1>
  <text></text>
 </vars1>
 <answer>
  <text>x</text>
 </answer>
 <vars2>
  <text></text>
 </vars2>
 <correctness>
  <text><![CDATA[_relerr < 0.01]]></text>
 </correctness>
 <unitpenalty>
  <text>1</text>
 </unitpenalty>
 <postunit>
  <text></text>
 </postunit>
 <ruleid>
  <text>1</text>
 </ruleid>
 <otherrule>
  <text></text>
 </otherrule>
 <subqtext format="html">
<text><![CDATA[<p dir="ltr" style="text-align: left;">\(t = \){_0}<br></p>]]></text>
 </subqtext>
 <feedback format="html">
<text></text>
 </feedback>
 <correctfeedback format="html">
<text></text>
 </correctfeedback>
 <partiallycorrectfeedback format="html">
<text></text>
 </partiallycorrectfeedback>
 <incorrectfeedback format="html">
<text></text>
 </incorrectfeedback>
</answers>
  </question>

<!-- question: 200940  -->
  <question type="formulas">
    <name>
      <text>dimenze 2</text>
    </name>
    <questiontext format="html">
      <text><![CDATA[<p dir="ltr" style="text-align: left;">Jsou dány vektory \(\vec a = ({a1}, {a2}, {a3}), \vec b= ({b1}, {b2}, {b3}), \vec c= ({c1}, {c2}, {c3}), \vec d =({d1}, {d2}, {d3}) , \vec e = ({e1}, {e2}, {e3})\). Určete největší počet vektorů, které je možné vybrat ze zadaných&nbsp; tak, že&nbsp; budou tvořit skupinu lineárně nezávislou. {#1}</p>]]></text>
    </questiontext>
    <generalfeedback format="html">
      <text></text>
    </generalfeedback>
    <defaultgrade>1.0000000</defaultgrade>
    <penalty>0.3333333</penalty>
    <hidden>0</hidden>
    <idnumber></idnumber>
    <correctfeedback format="html">
      <text>Vaše odpověď je správná.</text>
    </correctfeedback>
    <partiallycorrectfeedback format="html">
      <text>Vaše odpověď je částečně správná.</text>
    </partiallycorrectfeedback>
    <incorrectfeedback format="html">
      <text>Vaše odpověď je chybná.</text>
    </incorrectfeedback>
    <shownumcorrect/>
<varsrandom><text></text>
</varsrandom>
<varsglobal><text>a1=1; a2=2; a3=3;
b1=2; b2=3;b3=4; 
c1=3;c2=2; c3=3;
d1=4;d2=3; d3=4;
e1=1;e2=1;e3=1;
x=3;</text>
</varsglobal>
<answernumbering><text>abc</text>
</answernumbering>
<answers>
 <partindex>
  <text>0</text>
 </partindex>
 <placeholder>
  <text>#1</text>
 </placeholder>
 <answermark>
  <text>1</text>
 </answermark>
 <answertype>
  <text>10</text>
 </answertype>
 <numbox>
  <text>1</text>
 </numbox>
 <vars1>
  <text></text>
 </vars1>
 <answer>
  <text>x</text>
 </answer>
 <vars2>
  <text></text>
 </vars2>
 <correctness>
  <text><![CDATA[_relerr < 0.01]]></text>
 </correctness>
 <unitpenalty>
  <text>1</text>
 </unitpenalty>
 <postunit>
  <text></text>
 </postunit>
 <ruleid>
  <text>1</text>
 </ruleid>
 <otherrule>
  <text></text>
 </otherrule>
 <subqtext format="html">
<text><![CDATA[<p dir="ltr" style="text-align: left;">\(t = \){_0}<br></p>]]></text>
 </subqtext>
 <feedback format="html">
<text></text>
 </feedback>
 <correctfeedback format="html">
<text></text>
 </correctfeedback>
 <partiallycorrectfeedback format="html">
<text></text>
 </partiallycorrectfeedback>
 <incorrectfeedback format="html">
<text></text>
 </incorrectfeedback>
</answers>
  </question>

<!-- question: 200941  -->
  <question type="formulas">
    <name>
      <text>dimenze 3</text>
    </name>
    <questiontext format="html">
      <text><![CDATA[<p dir="ltr" style="text-align: left;">Jsou dány vektory \(\vec a = ({a1}, {a2}, {a3},{a4}), \vec b= ({b1}, {b2}, {b3},{b4}), \vec c= ({c1}, {c2}, {c3},{c4}), \vec d= ({d1}, {d2}, {d3},{d4})\). Určete největší počet vektorů, které je možné vybrat ze zadaných&nbsp; tak, že&nbsp; budou tvořit skupinu lineárně nezávislou. {#1}</p>]]></text>
    </questiontext>
    <generalfeedback format="html">
      <text></text>
    </generalfeedback>
    <defaultgrade>1.0000000</defaultgrade>
    <penalty>0.3333333</penalty>
    <hidden>0</hidden>
    <idnumber></idnumber>
    <correctfeedback format="html">
      <text>Vaše odpověď je správná.</text>
    </correctfeedback>
    <partiallycorrectfeedback format="html">
      <text>Vaše odpověď je částečně správná.</text>
    </partiallycorrectfeedback>
    <incorrectfeedback format="html">
      <text>Vaše odpověď je chybná.</text>
    </incorrectfeedback>
    <shownumcorrect/>
<varsrandom><text></text>
</varsrandom>
<varsglobal><text>a1=1; a2=1; a3=0; a4=1;
b1=2; b2=1;b3=1; b4=-1;
c1=1;c2=-1; c3=0;c4=1;
d1=1;d2=0; d3=-1;d4=2;
x=4;</text>
</varsglobal>
<answernumbering><text>abc</text>
</answernumbering>
<answers>
 <partindex>
  <text>0</text>
 </partindex>
 <placeholder>
  <text>#1</text>
 </placeholder>
 <answermark>
  <text>1</text>
 </answermark>
 <answertype>
  <text>10</text>
 </answertype>
 <numbox>
  <text>1</text>
 </numbox>
 <vars1>
  <text></text>
 </vars1>
 <answer>
  <text>x</text>
 </answer>
 <vars2>
  <text></text>
 </vars2>
 <correctness>
  <text><![CDATA[_relerr < 0.01]]></text>
 </correctness>
 <unitpenalty>
  <text>1</text>
 </unitpenalty>
 <postunit>
  <text></text>
 </postunit>
 <ruleid>
  <text>1</text>
 </ruleid>
 <otherrule>
  <text></text>
 </otherrule>
 <subqtext format="html">
<text><![CDATA[<p dir="ltr" style="text-align: left;">\(t = \){_0}<br></p>]]></text>
 </subqtext>
 <feedback format="html">
<text></text>
 </feedback>
 <correctfeedback format="html">
<text></text>
 </correctfeedback>
 <partiallycorrectfeedback format="html">
<text></text>
 </partiallycorrectfeedback>
 <incorrectfeedback format="html">
<text></text>
 </incorrectfeedback>
</answers>
  </question>

<!-- question: 200942  -->
  <question type="formulas">
    <name>
      <text>dimenze 4</text>
    </name>
    <questiontext format="html">
      <text><![CDATA[<p dir="ltr" style="text-align: left;">Jsou dány vektory \(\vec a = ({a1}, {a2}, {a3},{a4}), \vec b= ({b1}, {b2}, {b3},{b4}), \vec c= ({c1}, {c2}, {c3},{c4}), \vec d= ({d1}, {d2}, {d3},{d4})\). Určete největší počet vektorů, které je možné vybrat ze zadaných&nbsp; tak, že&nbsp; budou tvořit skupinu lineárně nezávislou. {#1}</p>]]></text>
    </questiontext>
    <generalfeedback format="html">
      <text></text>
    </generalfeedback>
    <defaultgrade>1.0000000</defaultgrade>
    <penalty>0.3333333</penalty>
    <hidden>0</hidden>
    <idnumber></idnumber>
    <correctfeedback format="html">
      <text>Vaše odpověď je správná.</text>
    </correctfeedback>
    <partiallycorrectfeedback format="html">
      <text>Vaše odpověď je částečně správná.</text>
    </partiallycorrectfeedback>
    <incorrectfeedback format="html">
      <text>Vaše odpověď je chybná.</text>
    </incorrectfeedback>
    <shownumcorrect/>
<varsrandom><text></text>
</varsrandom>
<varsglobal><text>a1=1; a2=1; a3=0; a4=1;
b1=2; b2=1;b3=1; b4=-1;
c1=1;c2=-1; c3=0;c4=-1;
d1=1;d2=0; d3=-1;d4=2;
x=3;</text>
</varsglobal>
<answernumbering><text>abc</text>
</answernumbering>
<answers>
 <partindex>
  <text>0</text>
 </partindex>
 <placeholder>
  <text>#1</text>
 </placeholder>
 <answermark>
  <text>1</text>
 </answermark>
 <answertype>
  <text>10</text>
 </answertype>
 <numbox>
  <text>1</text>
 </numbox>
 <vars1>
  <text></text>
 </vars1>
 <answer>
  <text>x</text>
 </answer>
 <vars2>
  <text></text>
 </vars2>
 <correctness>
  <text><![CDATA[_relerr < 0.01]]></text>
 </correctness>
 <unitpenalty>
  <text>1</text>
 </unitpenalty>
 <postunit>
  <text></text>
 </postunit>
 <ruleid>
  <text>1</text>
 </ruleid>
 <otherrule>
  <text></text>
 </otherrule>
 <subqtext format="html">
<text><![CDATA[<p dir="ltr" style="text-align: left;">\(t = \){_0}<br></p>]]></text>
 </subqtext>
 <feedback format="html">
<text></text>
 </feedback>
 <correctfeedback format="html">
<text></text>
 </correctfeedback>
 <partiallycorrectfeedback format="html">
<text></text>
 </partiallycorrectfeedback>
 <incorrectfeedback format="html">
<text></text>
 </incorrectfeedback>
</answers>
  </question>

<!-- question: 200943  -->
  <question type="formulas">
    <name>
      <text>dimenze 5</text>
    </name>
    <questiontext format="html">
      <text><![CDATA[<p dir="ltr" style="text-align: left;">Jsou dány vektory \(\vec a = ({a1}, {a2}, {a3},{a4}), \vec b= ({b1}, {b2}, {b3},{b4}), \vec c= ({c1}, {c2}, {c3},{c4}), \vec d= ({d1}, {d2}, {d3},{d4})\). Určete největší počet vektorů, které je možné vybrat ze zadaných&nbsp; tak, že&nbsp; budou tvořit skupinu lineárně nezávislou. {#1}</p>]]></text>
    </questiontext>
    <generalfeedback format="html">
      <text></text>
    </generalfeedback>
    <defaultgrade>1.0000000</defaultgrade>
    <penalty>0.3333333</penalty>
    <hidden>0</hidden>
    <idnumber></idnumber>
    <correctfeedback format="html">
      <text>Vaše odpověď je správná.</text>
    </correctfeedback>
    <partiallycorrectfeedback format="html">
      <text>Vaše odpověď je částečně správná.</text>
    </partiallycorrectfeedback>
    <incorrectfeedback format="html">
      <text>Vaše odpověď je chybná.</text>
    </incorrectfeedback>
    <shownumcorrect/>
<varsrandom><text></text>
</varsrandom>
<varsglobal><text>a1=2; a2=1; a3=-1; a4=4;
b1=-1; b2=3;b3=0; b4=-1;
c1=-1;c2=-4; c3=1;c4=-3;
d1=3; d2=-2;d3=-1;d4=5;
x=2;</text>
</varsglobal>
<answernumbering><text>abc</text>
</answernumbering>
<answers>
 <partindex>
  <text>0</text>
 </partindex>
 <placeholder>
  <text>#1</text>
 </placeholder>
 <answermark>
  <text>1</text>
 </answermark>
 <answertype>
  <text>10</text>
 </answertype>
 <numbox>
  <text>1</text>
 </numbox>
 <vars1>
  <text></text>
 </vars1>
 <answer>
  <text>x</text>
 </answer>
 <vars2>
  <text></text>
 </vars2>
 <correctness>
  <text><![CDATA[_relerr < 0.01]]></text>
 </correctness>
 <unitpenalty>
  <text>1</text>
 </unitpenalty>
 <postunit>
  <text></text>
 </postunit>
 <ruleid>
  <text>1</text>
 </ruleid>
 <otherrule>
  <text></text>
 </otherrule>
 <subqtext format="html">
<text><![CDATA[<p dir="ltr" style="text-align: left;">\(t = \){_0}<br></p>]]></text>
 </subqtext>
 <feedback format="html">
<text></text>
 </feedback>
 <correctfeedback format="html">
<text></text>
 </correctfeedback>
 <partiallycorrectfeedback format="html">
<text></text>
 </partiallycorrectfeedback>
 <incorrectfeedback format="html">
<text></text>
 </incorrectfeedback>
</answers>
  </question>

<!-- question: 200944  -->
  <question type="formulas">
    <name>
      <text>dimenze 6</text>
    </name>
    <questiontext format="html">
      <text><![CDATA[<p dir="ltr" style="text-align: left;">Jsou dány vektory \(\vec a = ({a1}, {a2}, {a3},{a4},{a5}), \vec b= ({b1}, {b2}, {b3},{b4},{b5}), \vec c= ({c1}, {c2}, {c3},{c4},{c5})\). Určete největší počet vektorů, které je možné vybrat ze zadaných&nbsp; tak, že&nbsp; budou tvořit skupinu lineárně nezávislou. {#1}</p>]]></text>
    </questiontext>
    <generalfeedback format="html">
      <text></text>
    </generalfeedback>
    <defaultgrade>1.0000000</defaultgrade>
    <penalty>0.3333333</penalty>
    <hidden>0</hidden>
    <idnumber></idnumber>
    <correctfeedback format="html">
      <text>Vaše odpověď je správná.</text>
    </correctfeedback>
    <partiallycorrectfeedback format="html">
      <text>Vaše odpověď je částečně správná.</text>
    </partiallycorrectfeedback>
    <incorrectfeedback format="html">
      <text>Vaše odpověď je chybná.</text>
    </incorrectfeedback>
    <shownumcorrect/>
<varsrandom><text></text>
</varsrandom>
<varsglobal><text>a1=4; a2=-1; a3=5; a4=3; a5=1;
b1=3; b2=-2;b3=1; b4=4; b5=0;
c1=1;c2=0; c3=-2;c4=4;c5=-3;

x=3;</text>
</varsglobal>
<answernumbering><text>abc</text>
</answernumbering>
<answers>
 <partindex>
  <text>0</text>
 </partindex>
 <placeholder>
  <text>#1</text>
 </placeholder>
 <answermark>
  <text>1</text>
 </answermark>
 <answertype>
  <text>10</text>
 </answertype>
 <numbox>
  <text>1</text>
 </numbox>
 <vars1>
  <text></text>
 </vars1>
 <answer>
  <text>x</text>
 </answer>
 <vars2>
  <text></text>
 </vars2>
 <correctness>
  <text><![CDATA[_relerr < 0.01]]></text>
 </correctness>
 <unitpenalty>
  <text>1</text>
 </unitpenalty>
 <postunit>
  <text></text>
 </postunit>
 <ruleid>
  <text>1</text>
 </ruleid>
 <otherrule>
  <text></text>
 </otherrule>
 <subqtext format="html">
<text><![CDATA[<p dir="ltr" style="text-align: left;">\(t = \){_0}<br></p>]]></text>
 </subqtext>
 <feedback format="html">
<text></text>
 </feedback>
 <correctfeedback format="html">
<text></text>
 </correctfeedback>
 <partiallycorrectfeedback format="html">
<text></text>
 </partiallycorrectfeedback>
 <incorrectfeedback format="html">
<text></text>
 </incorrectfeedback>
</answers>
  </question>

<!-- question: 200945  -->
  <question type="formulas">
    <name>
      <text>linearni kombinace 1</text>
    </name>
    <questiontext format="html">
      <text><![CDATA[<p dir="ltr" style="text-align: left;">Jsou dány vektory \(\vec a = ({a1}, {a2}, {a3}), \vec b= ({b1}, {b2}, {b3}), \vec c= ({c1}, {c2}, {c3})\) a vektor \(\vec u = ({u1}, {u2}, {u3})\). Určete aspoň jednu hodnotu parametru \( t \in \mathbb R\), pro kterou lze vektor \(\vec u \) vyjádřit jako lineární kombinaci vektorů \(\vec a, \vec b, \vec c\), není-li to možné, zadejte 9999. {#1}</p><p dir="ltr" style="text-align: left;">Je-li to možné, určete lineární kombinaci vektorů \(\vec a, \vec b, \vec c\) , tj. hodnoty \(\beta, \gamma\in\mathbb R\) tak, aby \(\vec u = {alpha} \vec a + \beta \vec b + \gamma \vec c\). Není-li to možné, zadejte \(\beta = 9999, \gamma = 9999\). {#2}</p><p dir="ltr" style="text-align: left;">Doplňte tvrzení tak, aby byla pravdivá: <br></p><p dir="ltr" style="text-align: left;">Vektory \(\vec a, \vec b, \vec c\) jsou {#3}.</p><p dir="ltr" style="text-align: left;">Pro \(t = {tt}\) jsou vektory \(\vec a,\vec b,\vec u\) jsou {#4}.<br></p>]]></text>
    </questiontext>
    <generalfeedback format="html">
      <text></text>
    </generalfeedback>
    <defaultgrade>4.0000000</defaultgrade>
    <penalty>0.3333333</penalty>
    <hidden>0</hidden>
    <idnumber></idnumber>
    <correctfeedback format="html">
      <text>Vaše odpověď je správná.</text>
    </correctfeedback>
    <partiallycorrectfeedback format="html">
      <text>Vaše odpověď je částečně správná.</text>
    </partiallycorrectfeedback>
    <incorrectfeedback format="html">
      <text>Vaše odpověď je chybná.</text>
    </incorrectfeedback>
    <shownumcorrect/>
<varsrandom><text>gamma = {-4,-3,-2,-1,0,1,2,3,4};
tt={-20:20};
ans_order=shuffle([0:2]);
ans1_order=shuffle([0:2]);</text>
</varsrandom>
<varsglobal><text><![CDATA[a1=1; a2=0; a3=2;
b1=0; b2=1;b3=1;
c1=4;c2=1; c3=9;
u1=5; u2=3; u3="t";

x=13;
beta = 3-gamma;
alpha=5-4*gamma;

ans_inv=inv(ans_order);
ans1_inv=inv(ans1_order);

answers=["lineárně závislé", "lineárně nezávislé"];
answers1=["lineárně závislé", "lineárně nezávislé"];

ans_permuted=sublist(answers,ans_order);
ans1_permuted=sublist(answers1, ans1_order);

ans = ans_inv[0];
ans1 =  tt==13? ans1_inv[0] : ans1_inv[1];]]></text>
</varsglobal>
<answernumbering><text>abc</text>
</answernumbering>
<answers>
 <partindex>
  <text>0</text>
 </partindex>
 <placeholder>
  <text>#1</text>
 </placeholder>
 <answermark>
  <text>1</text>
 </answermark>
 <answertype>
  <text>10</text>
 </answertype>
 <numbox>
  <text>1</text>
 </numbox>
 <vars1>
  <text></text>
 </vars1>
 <answer>
  <text>x</text>
 </answer>
 <vars2>
  <text></text>
 </vars2>
 <correctness>
  <text><![CDATA[_relerr < 0.01]]></text>
 </correctness>
 <unitpenalty>
  <text>1</text>
 </unitpenalty>
 <postunit>
  <text></text>
 </postunit>
 <ruleid>
  <text>1</text>
 </ruleid>
 <otherrule>
  <text></text>
 </otherrule>
 <subqtext format="html">
<text><![CDATA[<p dir="ltr" style="text-align: left;">\(t = \){_0}<br></p>]]></text>
 </subqtext>
 <feedback format="html">
<text></text>
 </feedback>
 <correctfeedback format="html">
<text></text>
 </correctfeedback>
 <partiallycorrectfeedback format="html">
<text></text>
 </partiallycorrectfeedback>
 <incorrectfeedback format="html">
<text></text>
 </incorrectfeedback>
</answers>
<answers>
 <partindex>
  <text>1</text>
 </partindex>
 <placeholder>
  <text>#2</text>
 </placeholder>
 <answermark>
  <text>1</text>
 </answermark>
 <answertype>
  <text>10</text>
 </answertype>
 <numbox>
  <text>2</text>
 </numbox>
 <vars1>
  <text></text>
 </vars1>
 <answer>
  <text>[beta, gamma]</text>
 </answer>
 <vars2>
  <text></text>
 </vars2>
 <correctness>
  <text><![CDATA[_relerr < 0.01]]></text>
 </correctness>
 <unitpenalty>
  <text>1</text>
 </unitpenalty>
 <postunit>
  <text></text>
 </postunit>
 <ruleid>
  <text>1</text>
 </ruleid>
 <otherrule>
  <text></text>
 </otherrule>
 <subqtext format="html">
<text><![CDATA[<p dir="ltr" style="text-align: left;">\(\vec u = {alpha} \vec a +\) {_0}\(\vec b +\) {_1}\(\vec c\)<br></p>]]></text>
 </subqtext>
 <feedback format="html">
<text></text>
 </feedback>
 <correctfeedback format="html">
<text></text>
 </correctfeedback>
 <partiallycorrectfeedback format="html">
<text></text>
 </partiallycorrectfeedback>
 <incorrectfeedback format="html">
<text></text>
 </incorrectfeedback>
</answers>
<answers>
 <partindex>
  <text>2</text>
 </partindex>
 <placeholder>
  <text>#3</text>
 </placeholder>
 <answermark>
  <text>1</text>
 </answermark>
 <answertype>
  <text>0</text>
 </answertype>
 <numbox>
  <text>1</text>
 </numbox>
 <vars1>
  <text></text>
 </vars1>
 <answer>
  <text>ans</text>
 </answer>
 <vars2>
  <text></text>
 </vars2>
 <correctness>
  <text>_err == 0</text>
 </correctness>
 <unitpenalty>
  <text>1</text>
 </unitpenalty>
 <postunit>
  <text></text>
 </postunit>
 <ruleid>
  <text>1</text>
 </ruleid>
 <otherrule>
  <text></text>
 </otherrule>
 <subqtext format="html">
<text><![CDATA[<p dir="ltr" style="text-align: left;">{_0:ans_permuted:MCE}<br></p>]]></text>
 </subqtext>
 <feedback format="html">
<text></text>
 </feedback>
 <correctfeedback format="html">
<text></text>
 </correctfeedback>
 <partiallycorrectfeedback format="html">
<text></text>
 </partiallycorrectfeedback>
 <incorrectfeedback format="html">
<text></text>
 </incorrectfeedback>
</answers>
<answers>
 <partindex>
  <text>3</text>
 </partindex>
 <placeholder>
  <text>#4</text>
 </placeholder>
 <answermark>
  <text>1</text>
 </answermark>
 <answertype>
  <text>0</text>
 </answertype>
 <numbox>
  <text>1</text>
 </numbox>
 <vars1>
  <text></text>
 </vars1>
 <answer>
  <text>ans1</text>
 </answer>
 <vars2>
  <text></text>
 </vars2>
 <correctness>
  <text>_err == 0</text>
 </correctness>
 <unitpenalty>
  <text>1</text>
 </unitpenalty>
 <postunit>
  <text></text>
 </postunit>
 <ruleid>
  <text>1</text>
 </ruleid>
 <otherrule>
  <text></text>
 </otherrule>
 <subqtext format="html">
<text><![CDATA[<p dir="ltr" style="text-align: left;">{_0:ans1_permuted:MCE}<br></p>]]></text>
 </subqtext>
 <feedback format="html">
<text></text>
 </feedback>
 <correctfeedback format="html">
<text></text>
 </correctfeedback>
 <partiallycorrectfeedback format="html">
<text></text>
 </partiallycorrectfeedback>
 <incorrectfeedback format="html">
<text></text>
 </incorrectfeedback>
</answers>
  </question>

<!-- question: 200946  -->
  <question type="formulas">
    <name>
      <text>linearni kombinace 2</text>
    </name>
    <questiontext format="html">
      <text><![CDATA[<p dir="ltr" style="text-align: left;">Jsou dány vektory \(\vec a = ({a1}, {a2}, {a3}), \vec b= ({b1}, {b2}, {b3}), \vec c= ({c1}, {c2}, {c3})\) a vektor \(\vec u = ({u1}, {u2}, {u3})\). Určete aspoň jednu hodnotu parametru \( t \in \mathbb R\), pro kterou lze vektor \(\vec u \) vyjádřit jako lineární kombinaci vektorů \(\vec a, \vec b, \vec c\), není-li to možné, zadejte 9999. {#1}</p><p dir="ltr" style="text-align: left;">Je-li to možné, určete lineární kombinaci vektorů \(\vec a, \vec b, \vec c\) , tj. hodnoty \(\beta, \gamma\in\mathbb R\) tak, aby \(\vec u = {alpha} \vec a + \beta \vec b + \gamma \vec c\). Není-li to možné, zadejte \(\beta = 9999, \gamma = 9999\). {#2}</p><p dir="ltr" style="text-align: left;">Doplňte tvrzení tak, aby byla pravdivá: <br></p><p dir="ltr" style="text-align: left;">Vektory \(\vec a, \vec b, \vec c\) jsou {#3}.</p><p dir="ltr" style="text-align: left;">Pro \(t = {tt}\) jsou vektory \(\vec a,\vec b,\vec u\) jsou {#4}.<br></p>]]></text>
    </questiontext>
    <generalfeedback format="html">
      <text></text>
    </generalfeedback>
    <defaultgrade>4.0000000</defaultgrade>
    <penalty>0.3333333</penalty>
    <hidden>0</hidden>
    <idnumber></idnumber>
    <correctfeedback format="html">
      <text>Vaše odpověď je správná.</text>
    </correctfeedback>
    <partiallycorrectfeedback format="html">
      <text>Vaše odpověď je částečně správná.</text>
    </partiallycorrectfeedback>
    <incorrectfeedback format="html">
      <text>Vaše odpověď je chybná.</text>
    </incorrectfeedback>
    <shownumcorrect/>
<varsrandom><text>gamma = {-4,-3,-2,-1,0,1,2,3,4};
tt={-20:20};
ans_order=shuffle([0:2]);
ans1_order=shuffle([0:2]);</text>
</varsrandom>
<varsglobal><text><![CDATA[a1=1; a2=2; a3=3;
b1=2; b2=-1;b3=1;
c1=1;c2=7; c3=8;
u1=4; u2=3; u3="t";

x=7;
beta = 1+gamma;
alpha=2-3*gamma;

ans_inv=inv(ans_order);
ans1_inv=inv(ans1_order);

answers=["lineárně závislé", "lineárně nezávislé"];
answers1 = ["lineárně závislé", "lineárně nezávislé"];

ans_permuted=sublist(answers,ans_order);
ans1_permuted=sublist(answers1, ans1_order);

ans = ans_inv[0];
ans1 = tt==x? ans1_inv[0]: ans1_inv[1];]]></text>
</varsglobal>
<answernumbering><text>abc</text>
</answernumbering>
<answers>
 <partindex>
  <text>0</text>
 </partindex>
 <placeholder>
  <text>#1</text>
 </placeholder>
 <answermark>
  <text>1</text>
 </answermark>
 <answertype>
  <text>10</text>
 </answertype>
 <numbox>
  <text>1</text>
 </numbox>
 <vars1>
  <text></text>
 </vars1>
 <answer>
  <text>x</text>
 </answer>
 <vars2>
  <text></text>
 </vars2>
 <correctness>
  <text><![CDATA[_relerr < 0.01]]></text>
 </correctness>
 <unitpenalty>
  <text>1</text>
 </unitpenalty>
 <postunit>
  <text></text>
 </postunit>
 <ruleid>
  <text>1</text>
 </ruleid>
 <otherrule>
  <text></text>
 </otherrule>
 <subqtext format="html">
<text><![CDATA[<p dir="ltr" style="text-align: left;">\(t = \){_0}<br></p>]]></text>
 </subqtext>
 <feedback format="html">
<text></text>
 </feedback>
 <correctfeedback format="html">
<text></text>
 </correctfeedback>
 <partiallycorrectfeedback format="html">
<text></text>
 </partiallycorrectfeedback>
 <incorrectfeedback format="html">
<text></text>
 </incorrectfeedback>
</answers>
<answers>
 <partindex>
  <text>1</text>
 </partindex>
 <placeholder>
  <text>#2</text>
 </placeholder>
 <answermark>
  <text>1</text>
 </answermark>
 <answertype>
  <text>10</text>
 </answertype>
 <numbox>
  <text>2</text>
 </numbox>
 <vars1>
  <text></text>
 </vars1>
 <answer>
  <text>[beta, gamma]</text>
 </answer>
 <vars2>
  <text></text>
 </vars2>
 <correctness>
  <text><![CDATA[_relerr < 0.01]]></text>
 </correctness>
 <unitpenalty>
  <text>1</text>
 </unitpenalty>
 <postunit>
  <text></text>
 </postunit>
 <ruleid>
  <text>1</text>
 </ruleid>
 <otherrule>
  <text></text>
 </otherrule>
 <subqtext format="html">
<text><![CDATA[<p dir="ltr" style="text-align: left;">\(\vec u = {alpha} \vec a +\) {_0}\(\vec b +\) {_1}\(\vec c\)<br></p>]]></text>
 </subqtext>
 <feedback format="html">
<text></text>
 </feedback>
 <correctfeedback format="html">
<text></text>
 </correctfeedback>
 <partiallycorrectfeedback format="html">
<text></text>
 </partiallycorrectfeedback>
 <incorrectfeedback format="html">
<text></text>
 </incorrectfeedback>
</answers>
<answers>
 <partindex>
  <text>2</text>
 </partindex>
 <placeholder>
  <text>#3</text>
 </placeholder>
 <answermark>
  <text>1</text>
 </answermark>
 <answertype>
  <text>0</text>
 </answertype>
 <numbox>
  <text>1</text>
 </numbox>
 <vars1>
  <text></text>
 </vars1>
 <answer>
  <text>ans</text>
 </answer>
 <vars2>
  <text></text>
 </vars2>
 <correctness>
  <text>_err == 0</text>
 </correctness>
 <unitpenalty>
  <text>1</text>
 </unitpenalty>
 <postunit>
  <text></text>
 </postunit>
 <ruleid>
  <text>1</text>
 </ruleid>
 <otherrule>
  <text></text>
 </otherrule>
 <subqtext format="html">
<text><![CDATA[<p dir="ltr" style="text-align: left;">{_0:ans_permuted:MCE}<br></p>]]></text>
 </subqtext>
 <feedback format="html">
<text></text>
 </feedback>
 <correctfeedback format="html">
<text></text>
 </correctfeedback>
 <partiallycorrectfeedback format="html">
<text></text>
 </partiallycorrectfeedback>
 <incorrectfeedback format="html">
<text></text>
 </incorrectfeedback>
</answers>
<answers>
 <partindex>
  <text>3</text>
 </partindex>
 <placeholder>
  <text>#4</text>
 </placeholder>
 <answermark>
  <text>1</text>
 </answermark>
 <answertype>
  <text>0</text>
 </answertype>
 <numbox>
  <text>1</text>
 </numbox>
 <vars1>
  <text></text>
 </vars1>
 <answer>
  <text>ans1</text>
 </answer>
 <vars2>
  <text></text>
 </vars2>
 <correctness>
  <text>_err == 0</text>
 </correctness>
 <unitpenalty>
  <text>1</text>
 </unitpenalty>
 <postunit>
  <text></text>
 </postunit>
 <ruleid>
  <text>1</text>
 </ruleid>
 <otherrule>
  <text></text>
 </otherrule>
 <subqtext format="html">
<text><![CDATA[<p dir="ltr" style="text-align: left;">{_0:ans1_permuted:MCE}<br></p>]]></text>
 </subqtext>
 <feedback format="html">
<text></text>
 </feedback>
 <correctfeedback format="html">
<text></text>
 </correctfeedback>
 <partiallycorrectfeedback format="html">
<text></text>
 </partiallycorrectfeedback>
 <incorrectfeedback format="html">
<text></text>
 </incorrectfeedback>
</answers>
  </question>

<!-- question: 200947  -->
  <question type="formulas">
    <name>
      <text>linearni kombinace 3</text>
    </name>
    <questiontext format="html">
      <text><![CDATA[<p dir="ltr" style="text-align: left;">Jsou dány vektory \(\vec a = ({a1}, {a2}, {a3}), \vec b= ({b1}, {b2}, {b3}), \vec c= ({c1}, {c2}, {c3})\) a vektor \(\vec u = ({u1}, {u2}, {u3})\). Určete aspoň jednu hodnotu parametru \( t \in \mathbb R\), pro kterou lze vektor \(\vec u \) vyjádřit jako lineární kombinaci vektorů \(\vec a, \vec b, \vec c\), není-li to možné, zadejte 9999. {#1}</p><p dir="ltr" style="text-align: left;">Je-li to možné, určete lineární kombinaci vektorů \(\vec a, \vec b, \vec c\) , tj. hodnoty \(\beta, \gamma\in\mathbb R\) tak, aby \(\vec u = {alpha} \vec a + \beta \vec b + \gamma \vec c\). Není-li to možné, zadejte \(\beta = 9999, \gamma = 9999\). {#2}</p><p dir="ltr" style="text-align: left;"></p><p dir="ltr">Doplňte tvrzení tak, aby byla pravdivá: </p>Vektory \(\vec a, \vec b, \vec c\) jsou {#3}<p dir="ltr">Vektory \(\vec a,\vec b,\vec u\) jsou lineárně nezávislé pro {#4}.</p><p dir="ltr" style="text-align: left;"></p>]]></text>
    </questiontext>
    <generalfeedback format="html">
      <text></text>
    </generalfeedback>
    <defaultgrade>4.0000000</defaultgrade>
    <penalty>0.3333333</penalty>
    <hidden>0</hidden>
    <idnumber></idnumber>
    <correctfeedback format="html">
      <text>Vaše odpověď je správná.</text>
    </correctfeedback>
    <partiallycorrectfeedback format="html">
      <text>Vaše odpověď je částečně správná.</text>
    </partiallycorrectfeedback>
    <incorrectfeedback format="html">
      <text>Vaše odpověď je chybná.</text>
    </incorrectfeedback>
    <shownumcorrect/>
<varsrandom><text>#gamma = {-4,-3,-2,-1,0,1,2,3,4};
alpha = {-4,-3,-2,-1,0,1,2,3,4};
ans_order=shuffle([0:2]);
ans1_order=shuffle([0:3]);</text>
</varsrandom>
<varsglobal><text><![CDATA[a1=1; a2=4; a3=5;
b1=3; b2=8;b3=10;
c1=0;c2=-4; c3=-5;
u1="t"; u2=6; u3=7;

x=9999;
beta = 9999;
gamma = 9999;
ans_inv=inv(ans_order);
ans1_inv=inv(ans1_order);

answers=["lineárně závislé", "lineárně nezávislé"];
answers1 = ["všechna t.", "jediné určené t.", "více reálných hodnot t, ale ne pro všechna reálná čísla."];

ans_permuted=sublist(answers,ans_order);
ans1_permuted=sublist(answers1, ans1_order);

ans = ans_inv[0];
ans1 = ans1_inv[0];]]></text>
</varsglobal>
<answernumbering><text>abc</text>
</answernumbering>
<answers>
 <partindex>
  <text>0</text>
 </partindex>
 <placeholder>
  <text>#1</text>
 </placeholder>
 <answermark>
  <text>1</text>
 </answermark>
 <answertype>
  <text>10</text>
 </answertype>
 <numbox>
  <text>1</text>
 </numbox>
 <vars1>
  <text></text>
 </vars1>
 <answer>
  <text>x</text>
 </answer>
 <vars2>
  <text></text>
 </vars2>
 <correctness>
  <text><![CDATA[_relerr < 0.01]]></text>
 </correctness>
 <unitpenalty>
  <text>1</text>
 </unitpenalty>
 <postunit>
  <text></text>
 </postunit>
 <ruleid>
  <text>1</text>
 </ruleid>
 <otherrule>
  <text></text>
 </otherrule>
 <subqtext format="html">
<text><![CDATA[<p dir="ltr" style="text-align: left;">\(t = \){_0}<br></p>]]></text>
 </subqtext>
 <feedback format="html">
<text></text>
 </feedback>
 <correctfeedback format="html">
<text></text>
 </correctfeedback>
 <partiallycorrectfeedback format="html">
<text></text>
 </partiallycorrectfeedback>
 <incorrectfeedback format="html">
<text></text>
 </incorrectfeedback>
</answers>
<answers>
 <partindex>
  <text>1</text>
 </partindex>
 <placeholder>
  <text>#2</text>
 </placeholder>
 <answermark>
  <text>1</text>
 </answermark>
 <answertype>
  <text>10</text>
 </answertype>
 <numbox>
  <text>2</text>
 </numbox>
 <vars1>
  <text></text>
 </vars1>
 <answer>
  <text>[beta, gamma]</text>
 </answer>
 <vars2>
  <text></text>
 </vars2>
 <correctness>
  <text><![CDATA[_relerr < 0.01]]></text>
 </correctness>
 <unitpenalty>
  <text>1</text>
 </unitpenalty>
 <postunit>
  <text></text>
 </postunit>
 <ruleid>
  <text>1</text>
 </ruleid>
 <otherrule>
  <text></text>
 </otherrule>
 <subqtext format="html">
<text><![CDATA[<p dir="ltr" style="text-align: left;">\(\vec u = {alpha} \vec a +\) {_0}\(\vec b +\) {_1}\(\vec c\)<br></p>]]></text>
 </subqtext>
 <feedback format="html">
<text></text>
 </feedback>
 <correctfeedback format="html">
<text></text>
 </correctfeedback>
 <partiallycorrectfeedback format="html">
<text></text>
 </partiallycorrectfeedback>
 <incorrectfeedback format="html">
<text></text>
 </incorrectfeedback>
</answers>
<answers>
 <partindex>
  <text>2</text>
 </partindex>
 <placeholder>
  <text>#3</text>
 </placeholder>
 <answermark>
  <text>1</text>
 </answermark>
 <answertype>
  <text>0</text>
 </answertype>
 <numbox>
  <text>1</text>
 </numbox>
 <vars1>
  <text></text>
 </vars1>
 <answer>
  <text>ans</text>
 </answer>
 <vars2>
  <text></text>
 </vars2>
 <correctness>
  <text>_err == 0</text>
 </correctness>
 <unitpenalty>
  <text>1</text>
 </unitpenalty>
 <postunit>
  <text></text>
 </postunit>
 <ruleid>
  <text>1</text>
 </ruleid>
 <otherrule>
  <text></text>
 </otherrule>
 <subqtext format="html">
<text><![CDATA[<p dir="ltr" style="text-align: left;">{_0:ans_permuted:MCE}<br></p>]]></text>
 </subqtext>
 <feedback format="html">
<text></text>
 </feedback>
 <correctfeedback format="html">
<text></text>
 </correctfeedback>
 <partiallycorrectfeedback format="html">
<text></text>
 </partiallycorrectfeedback>
 <incorrectfeedback format="html">
<text></text>
 </incorrectfeedback>
</answers>
<answers>
 <partindex>
  <text>3</text>
 </partindex>
 <placeholder>
  <text>#4</text>
 </placeholder>
 <answermark>
  <text>1</text>
 </answermark>
 <answertype>
  <text>0</text>
 </answertype>
 <numbox>
  <text>1</text>
 </numbox>
 <vars1>
  <text></text>
 </vars1>
 <answer>
  <text>ans1</text>
 </answer>
 <vars2>
  <text></text>
 </vars2>
 <correctness>
  <text>_err == 0</text>
 </correctness>
 <unitpenalty>
  <text>1</text>
 </unitpenalty>
 <postunit>
  <text></text>
 </postunit>
 <ruleid>
  <text>1</text>
 </ruleid>
 <otherrule>
  <text></text>
 </otherrule>
 <subqtext format="html">
<text><![CDATA[<p dir="ltr" style="text-align: left;">{_0:ans1_permuted:MCE}<br></p>]]></text>
 </subqtext>
 <feedback format="html">
<text></text>
 </feedback>
 <correctfeedback format="html">
<text></text>
 </correctfeedback>
 <partiallycorrectfeedback format="html">
<text></text>
 </partiallycorrectfeedback>
 <incorrectfeedback format="html">
<text></text>
 </incorrectfeedback>
</answers>
  </question>

<!-- question: 200948  -->
  <question type="formulas">
    <name>
      <text>linearni kombinace 4</text>
    </name>
    <questiontext format="html">
      <text><![CDATA[<p dir="ltr" style="text-align: left;">Jsou dány vektory \(\vec a = ({a1}, {a2}, {a3}), \vec b= ({b1}, {b2}, {b3}), \vec c= ({c1}, {c2}, {c3})\) a vektor \(\vec u = ({u1}, {u2}, {u3})\). Určete aspoň jednu hodnotu parametru \( t \in \mathbb R\), pro kterou <strong>nelze</strong> vektor \(\vec
    u \) vyjádřit jako lineární kombinaci vektorů \(\vec a, \vec b, \vec c\), není-li to možné, zadejte 9999. {#1}</p>
<p dir="ltr" style="text-align: left;">Uveďte \(t\), pro které je možné&nbsp; vyjádřit vektor \(\vec u \) jako lineární kombinaci vektorů \(\vec a, \vec b, \vec c\)&nbsp; tak, aby \(\vec u = {alpha} \vec a + \beta \vec b + \gamma \vec c\), \(t, \beta, \gamma\in\mathbb R\).{#4} Určete \(\beta\) a \(\gamma\). Není-li to možné, zadejte \( t = 9999, \beta = 9999, \gamma = 9999\). {#2}<br></p>
<p dir="ltr" style="text-align: left;">Doplňte tvrzení tak, aby bylo pravdivé: <br></p>
    <p dir="ltr" style="text-align: left;">Pro \(t ={tt}\) jsou vektory \(\vec a, \vec b, \vec c\) {#3}.</p>]]></text>
    </questiontext>
    <generalfeedback format="html">
      <text></text>
    </generalfeedback>
    <defaultgrade>4.0000000</defaultgrade>
    <penalty>0.3333333</penalty>
    <hidden>0</hidden>
    <idnumber></idnumber>
    <correctfeedback format="html">
      <text>Vaše odpověď je správná.</text>
    </correctfeedback>
    <partiallycorrectfeedback format="html">
      <text>Vaše odpověď je částečně správná.</text>
    </partiallycorrectfeedback>
    <incorrectfeedback format="html">
      <text>Vaše odpověď je chybná.</text>
    </incorrectfeedback>
    <shownumcorrect/>
<varsrandom><text>gamma = {-4,-3,-2,-1,1,2,3,4};

ans_order=shuffle([0:2]);
 tt={-10:10}</text>
</varsrandom>
<varsglobal><text><![CDATA[a1=1; a2=3; a3=4;
b1=2; b2=8;b3=-2;
c1=3;c2=11; c3="t";
u1=1; u2=3; u3=5;

x=2;
beta = -gamma;
alpha = 1-gamma;
t=2+1/gamma;

ans_inv=inv(ans_order);
answers=["lineárně závislé", "lineárně nezávislé"];
ans_permuted=sublist(answers,ans_order);
ans = tt==2 ? ans_inv[0]:ans_inv[1];]]></text>
</varsglobal>
<answernumbering><text>abc</text>
</answernumbering>
<answers>
 <partindex>
  <text>0</text>
 </partindex>
 <placeholder>
  <text>#1</text>
 </placeholder>
 <answermark>
  <text>1</text>
 </answermark>
 <answertype>
  <text>10</text>
 </answertype>
 <numbox>
  <text>1</text>
 </numbox>
 <vars1>
  <text></text>
 </vars1>
 <answer>
  <text>x</text>
 </answer>
 <vars2>
  <text></text>
 </vars2>
 <correctness>
  <text><![CDATA[_relerr < 0.01]]></text>
 </correctness>
 <unitpenalty>
  <text>1</text>
 </unitpenalty>
 <postunit>
  <text></text>
 </postunit>
 <ruleid>
  <text>1</text>
 </ruleid>
 <otherrule>
  <text></text>
 </otherrule>
 <subqtext format="html">
<text><![CDATA[<p dir="ltr" style="text-align: left;">\(t = \){_0}<br></p>]]></text>
 </subqtext>
 <feedback format="html">
<text></text>
 </feedback>
 <correctfeedback format="html">
<text></text>
 </correctfeedback>
 <partiallycorrectfeedback format="html">
<text></text>
 </partiallycorrectfeedback>
 <incorrectfeedback format="html">
<text></text>
 </incorrectfeedback>
</answers>
<answers>
 <partindex>
  <text>1</text>
 </partindex>
 <placeholder>
  <text>#4</text>
 </placeholder>
 <answermark>
  <text>1</text>
 </answermark>
 <answertype>
  <text>10</text>
 </answertype>
 <numbox>
  <text>1</text>
 </numbox>
 <vars1>
  <text></text>
 </vars1>
 <answer>
  <text>t</text>
 </answer>
 <vars2>
  <text></text>
 </vars2>
 <correctness>
  <text><![CDATA[_relerr < 0.01]]></text>
 </correctness>
 <unitpenalty>
  <text>1</text>
 </unitpenalty>
 <postunit>
  <text></text>
 </postunit>
 <ruleid>
  <text>1</text>
 </ruleid>
 <otherrule>
  <text></text>
 </otherrule>
 <subqtext format="html">
<text><![CDATA[<p>\(t=\){_0}<br></p>]]></text>
 </subqtext>
 <feedback format="html">
<text></text>
 </feedback>
 <correctfeedback format="html">
<text></text>
 </correctfeedback>
 <partiallycorrectfeedback format="html">
<text></text>
 </partiallycorrectfeedback>
 <incorrectfeedback format="html">
<text></text>
 </incorrectfeedback>
</answers>
<answers>
 <partindex>
  <text>2</text>
 </partindex>
 <placeholder>
  <text>#2</text>
 </placeholder>
 <answermark>
  <text>1</text>
 </answermark>
 <answertype>
  <text>10</text>
 </answertype>
 <numbox>
  <text>2</text>
 </numbox>
 <vars1>
  <text></text>
 </vars1>
 <answer>
  <text>[beta, gamma]</text>
 </answer>
 <vars2>
  <text></text>
 </vars2>
 <correctness>
  <text><![CDATA[_relerr < 0.01]]></text>
 </correctness>
 <unitpenalty>
  <text>1</text>
 </unitpenalty>
 <postunit>
  <text></text>
 </postunit>
 <ruleid>
  <text>1</text>
 </ruleid>
 <otherrule>
  <text></text>
 </otherrule>
 <subqtext format="html">
<text><![CDATA[<p dir="ltr" style="text-align: left;">\(\vec u = {alpha} \vec a +\) {_0}\(\vec b +\) {_1}\(\vec c\)<br></p>]]></text>
 </subqtext>
 <feedback format="html">
<text></text>
 </feedback>
 <correctfeedback format="html">
<text></text>
 </correctfeedback>
 <partiallycorrectfeedback format="html">
<text></text>
 </partiallycorrectfeedback>
 <incorrectfeedback format="html">
<text></text>
 </incorrectfeedback>
</answers>
<answers>
 <partindex>
  <text>3</text>
 </partindex>
 <placeholder>
  <text>#3</text>
 </placeholder>
 <answermark>
  <text>1</text>
 </answermark>
 <answertype>
  <text>0</text>
 </answertype>
 <numbox>
  <text>1</text>
 </numbox>
 <vars1>
  <text></text>
 </vars1>
 <answer>
  <text>ans</text>
 </answer>
 <vars2>
  <text></text>
 </vars2>
 <correctness>
  <text>_err == 0</text>
 </correctness>
 <unitpenalty>
  <text>1</text>
 </unitpenalty>
 <postunit>
  <text></text>
 </postunit>
 <ruleid>
  <text>1</text>
 </ruleid>
 <otherrule>
  <text></text>
 </otherrule>
 <subqtext format="html">
<text><![CDATA[<p dir="ltr" style="text-align: left;">{_0:ans_permuted:MCE}<br></p>]]></text>
 </subqtext>
 <feedback format="html">
<text></text>
 </feedback>
 <correctfeedback format="html">
<text></text>
 </correctfeedback>
 <partiallycorrectfeedback format="html">
<text></text>
 </partiallycorrectfeedback>
 <incorrectfeedback format="html">
<text></text>
 </incorrectfeedback>
</answers>
  </question>

<!-- question: 200949  -->
  <question type="formulas">
    <name>
      <text>Operace s vektory 1</text>
    </name>
    <questiontext format="html">
      <text><![CDATA[<p dir="ltr" style="text-align: left;">Určete aritmetický vektor \(\vec x\), pro který platí $$\vec x = {stra}\vec a {strb} \vec b {strc} \vec c,$$ pro \(\vec a = ({a1},{a2},{a3},{a4})\), \(\vec b = ({b1},{b2},{b3},{b4})\), \(\vec c = ({c1},{c2},{c3},{c4})\).<br></p>]]></text>
    </questiontext>
    <generalfeedback format="html">
      <text></text>
    </generalfeedback>
    <defaultgrade>1.0000000</defaultgrade>
    <penalty>0.3333333</penalty>
    <hidden>0</hidden>
    <idnumber></idnumber>
    <correctfeedback format="html">
      <text>Vaše odpověď je správná.</text>
    </correctfeedback>
    <partiallycorrectfeedback format="html">
      <text>Vaše odpověď je částečně správná.</text>
    </partiallycorrectfeedback>
    <incorrectfeedback format="html">
      <text>Vaše odpověď je chybná.</text>
    </incorrectfeedback>
    <shownumcorrect/>
<varsrandom><text>a={-5,-4,-3, -2, 2,3,4,5,6};
            b={-5,-4,-3, -2, 2,3,4,5,6};
            c={-5,-4,-3, -2, 2,3,4,5,6};
            a1={-10:10};a2={-10:10};a3={-10:10};a4={-10:10};
            b1={-10:10};b2={-10:10};b3={-10:10};b4={-10:10};
            c1={-10:10};c2={-10:10};c3={-10:10};c4={-10:10};</text>
</varsrandom>
<varsglobal><text><![CDATA[x1=a*a1 + b*b1 + c*c1;
            x2=a*a2 + b*b2 + c*c2;
            x3=a*a3 + b*b3 + c*c3;
            x4=a*a4 + b*b4 + c*c4;
            
            stra = str(a);
            strb = str(b);
            strc = str(c);
            znb = b<0 ? 0 : 1;
            znc = c<0 ? 0 : 1;
            znbb = pick(znb, " ", "+");
            zncc = pick(znc, " ", "+");
            strb = join( " ",znbb, str(b));
            strc = join( " ",zncc, str(c));]]></text>
</varsglobal>
<answernumbering><text>abc</text>
</answernumbering>
<answers>
 <partindex>
  <text>0</text>
 </partindex>
 <placeholder>
  <text></text>
 </placeholder>
 <answermark>
  <text>1</text>
 </answermark>
 <answertype>
  <text>10</text>
 </answertype>
 <numbox>
  <text>4</text>
 </numbox>
 <vars1>
  <text></text>
 </vars1>
 <answer>
  <text>[x1, x2, x3, x4]</text>
 </answer>
 <vars2>
  <text></text>
 </vars2>
 <correctness>
  <text><![CDATA[_relerr < 0.01]]></text>
 </correctness>
 <unitpenalty>
  <text>1</text>
 </unitpenalty>
 <postunit>
  <text></text>
 </postunit>
 <ruleid>
  <text>1</text>
 </ruleid>
 <otherrule>
  <text></text>
 </otherrule>
 <subqtext format="html">
<text><![CDATA[<p dir="ltr" style="text-align: left;">\(\vec x = \) ( {_0}, {_1}, {_2}, {_3})<br></p>]]></text>
 </subqtext>
 <feedback format="html">
<text></text>
 </feedback>
 <correctfeedback format="html">
<text></text>
 </correctfeedback>
 <partiallycorrectfeedback format="html">
<text></text>
 </partiallycorrectfeedback>
 <incorrectfeedback format="html">
<text></text>
 </incorrectfeedback>
</answers>
  </question>

<!-- question: 200950  -->
  <question type="formulas">
    <name>
      <text>Operace s vektory 2</text>
    </name>
    <questiontext format="html">
      <text><![CDATA[<p dir="ltr" style="text-align: left;">Určete aritmetický vektor \(\vec x\), pro který platí $$\vec x = {stra}(\vec a {strb} \vec b) {strc}(\vec c {strd}\vec a),$$ pro \(\vec a = ({a1},{a2},{a3},{a4})\), \(\vec b = ({b1},{b2},{b3},{b4})\), \(\vec c = ({c1},{c2},{c3},{c4})\).<br></p>]]></text>
    </questiontext>
    <generalfeedback format="html">
      <text></text>
    </generalfeedback>
    <defaultgrade>1.0000000</defaultgrade>
    <penalty>0.3333333</penalty>
    <hidden>0</hidden>
    <idnumber></idnumber>
    <correctfeedback format="html">
      <text>Vaše odpověď je správná.</text>
    </correctfeedback>
    <partiallycorrectfeedback format="html">
      <text>Vaše odpověď je částečně správná.</text>
    </partiallycorrectfeedback>
    <incorrectfeedback format="html">
      <text>Vaše odpověď je chybná.</text>
    </incorrectfeedback>
    <shownumcorrect/>
<varsrandom><text>a={-5,-4,-3, -2, 2,3,4,5,6}; 
b={-5,-4,-3, -2, 2,3,4,5,6};
c={-5,-4,-3, -2, 2,3,4,5,6}; 
d={-5,-4,-3, -2, 2,3,4,5,6}; 
a1={-10:10};a2={-10:10};a3={-10:10};a4={-10:10};
b1={-10:10};b2={-10:10};b3={-10:10};b4={-10:10};
c1={-10:10};c2={-10:10};c3={-10:10};c4={-10:10};</text>
</varsrandom>
<varsglobal><text><![CDATA[# x = a(\vec a +b \vec b) +c(\vec c+d\vec a),

x1=a*(a1 + b*b1) + c*(c1 + d*a1);
x2=a*(a2 + b*b2) + c*(c2+d*a2);
x3=a*(a3 + b*b3) + c*(c3+d*a3);
x4=a*(a4 + b*b4) + c*(c4+d*a4);

stra = str(a);
strb = str(b);
strc = str(c);
znb = b<0 ? 0 : 1;
znc = c<0 ? 0 : 1;
znd = d<0 ? 0 : 1;
znbb = pick(znb, " ", "+");
zncc = pick(znc, " ", "+");
zndd = pick(znd, " ", "+");
strb = join( " ",znbb, str(b));
strc = join( " ",zncc, str(c));
strd = join( " ",zndd, str(d));]]></text>
</varsglobal>
<answernumbering><text>abc</text>
</answernumbering>
<answers>
 <partindex>
  <text>0</text>
 </partindex>
 <placeholder>
  <text></text>
 </placeholder>
 <answermark>
  <text>1</text>
 </answermark>
 <answertype>
  <text>10</text>
 </answertype>
 <numbox>
  <text>4</text>
 </numbox>
 <vars1>
  <text></text>
 </vars1>
 <answer>
  <text>[x1, x2, x3, x4]</text>
 </answer>
 <vars2>
  <text></text>
 </vars2>
 <correctness>
  <text><![CDATA[_relerr < 0.01]]></text>
 </correctness>
 <unitpenalty>
  <text>1</text>
 </unitpenalty>
 <postunit>
  <text></text>
 </postunit>
 <ruleid>
  <text>1</text>
 </ruleid>
 <otherrule>
  <text></text>
 </otherrule>
 <subqtext format="html">
<text><![CDATA[<p dir="ltr" style="text-align: left;">\(\vec x = \) ( {_0}, {_1}, {_2}, {_3})<br></p>]]></text>
 </subqtext>
 <feedback format="html">
<text></text>
 </feedback>
 <correctfeedback format="html">
<text></text>
 </correctfeedback>
 <partiallycorrectfeedback format="html">
<text></text>
 </partiallycorrectfeedback>
 <incorrectfeedback format="html">
<text></text>
 </incorrectfeedback>
</answers>
  </question>

<!-- question: 200951  -->
  <question type="formulas">
    <name>
      <text>Operace s vektory 3</text>
    </name>
    <questiontext format="html">
      <text><![CDATA[<p dir="ltr" style="text-align: left;">Určete aritmetický vektor \(\vec x\), pro který platí $$ {stra}\vec a {strb} \vec b {strc}\vec c {strd}\vec x = \vec o,$$ pro \(\vec a = ({a1},{a2},{a3},{a4})\), \(\vec b = ({b1},{b2},{b3},{b4})\), \(\vec c = ({c1},{c2},{c3},{c4})\).<br></p>]]></text>
    </questiontext>
    <generalfeedback format="html">
      <text></text>
    </generalfeedback>
    <defaultgrade>1.0000000</defaultgrade>
    <penalty>0.3333333</penalty>
    <hidden>0</hidden>
    <idnumber></idnumber>
    <correctfeedback format="html">
      <text>Vaše odpověď je správná.</text>
    </correctfeedback>
    <partiallycorrectfeedback format="html">
      <text>Vaše odpověď je částečně správná.</text>
    </partiallycorrectfeedback>
    <incorrectfeedback format="html">
      <text>Vaše odpověď je chybná.</text>
    </incorrectfeedback>
    <shownumcorrect/>
<varsrandom><text>a={-5,-4,-3, -2, 2,3,4,5,6}; 
b={-5,-4,-3, -2, 2,3,4,5,6};
c={-5,-4,-3, -2, 2,3,4,5,6}; 
d={-5,-4,-3, -2, 2,3,4,5,6}; 
a1={-10:10};a2={-10:10};a3={-10:10};a4={-10:10};
b1={-10:10};b2={-10:10};b3={-10:10};b4={-10:10};
c1={-10:10};c2={-10:10};c3={-10:10};c4={-10:10};</text>
</varsrandom>
<varsglobal><text><![CDATA[# a \vec a +b \vec b +c\vec c+d\vec x =\vec o,

x1=(-a*a1 - b*b1 - c*c1)/d;
x2=(-a*a2 - b*b2 - c*c2)/d;
x3=(-a*a3 - b*b3 - c*c3)/d;
x4=(-a*a4 - b*b4 - c*c4)/d;

stra = str(a);
strb = str(b);
strc = str(c);
znb = b<0 ? 0 : 1;
znc = c<0 ? 0 : 1;
znd = d<0 ? 0 : 1;
znbb = pick(znb, " ", "+");
zncc = pick(znc, " ", "+");
zndd = pick(znd, " ", "+");
strb = join( " ",znbb, str(b));
strc = join( " ",zncc, str(c));
strd = join( " ",zndd, str(d));]]></text>
</varsglobal>
<answernumbering><text>abc</text>
</answernumbering>
<answers>
 <partindex>
  <text>0</text>
 </partindex>
 <placeholder>
  <text></text>
 </placeholder>
 <answermark>
  <text>1</text>
 </answermark>
 <answertype>
  <text>10</text>
 </answertype>
 <numbox>
  <text>4</text>
 </numbox>
 <vars1>
  <text></text>
 </vars1>
 <answer>
  <text>[x1, x2, x3, x4]</text>
 </answer>
 <vars2>
  <text></text>
 </vars2>
 <correctness>
  <text><![CDATA[_relerr < 0.01]]></text>
 </correctness>
 <unitpenalty>
  <text>1</text>
 </unitpenalty>
 <postunit>
  <text></text>
 </postunit>
 <ruleid>
  <text>1</text>
 </ruleid>
 <otherrule>
  <text></text>
 </otherrule>
 <subqtext format="html">
<text><![CDATA[<p dir="ltr" style="text-align: left;">\(\vec x = \) ( {_0}, {_1}, {_2}, {_3})<br></p>]]></text>
 </subqtext>
 <feedback format="html">
<text></text>
 </feedback>
 <correctfeedback format="html">
<text></text>
 </correctfeedback>
 <partiallycorrectfeedback format="html">
<text></text>
 </partiallycorrectfeedback>
 <incorrectfeedback format="html">
<text></text>
 </incorrectfeedback>
</answers>
  </question>

<!-- question: 200952  -->
  <question type="formulas">
    <name>
      <text>Operace s vektory 4</text>
    </name>
    <questiontext format="html">
      <text><![CDATA[<p dir="ltr" style="text-align: left;">Určete aritmetický vektor \(\vec x\), pro který platí $$\vec a - \vec x + \frac{1}{{stra}}\left(\vec x+ \vec b\right) -\frac{1}{{strc}}\left({strb}\vec a {strd}\vec b\right) = \vec o,$$ pro \(\vec a = ({a1},{a2},{a3},{a4})\), \(\vec b = ({b1},{b2},{b3},{b4}) \).<br></p>]]></text>
    </questiontext>
    <generalfeedback format="html">
      <text></text>
    </generalfeedback>
    <defaultgrade>1.0000000</defaultgrade>
    <penalty>0.3333333</penalty>
    <hidden>0</hidden>
    <idnumber></idnumber>
    <correctfeedback format="html">
      <text>Vaše odpověď je správná.</text>
    </correctfeedback>
    <partiallycorrectfeedback format="html">
      <text>Vaše odpověď je částečně správná.</text>
    </partiallycorrectfeedback>
    <incorrectfeedback format="html">
      <text>Vaše odpověď je chybná.</text>
    </incorrectfeedback>
    <shownumcorrect/>
<varsrandom><text>a={ 2,3,4,5,6,7,8,9,10}; 
b={-5,-4,-3, -2, 2,3,4,5,6};
c={ 2,3,4,5,6,7,8,9,10}; 
d={-5,-4,-3, -2, 2,3,4,5,6}; 
a1={-10:10};a2={-10:10};a3={-10:10};a4={-10:10};
b1={-10:10};b2={-10:10};b3={-10:10};b4={-10:10};
c1={-10:10};c2={-10:10};c3={-10:10};c4={-10:10};</text>
</varsrandom>
<varsglobal><text><![CDATA[#\vec a -\vec x +\frac{1}{a}(\vec x+ \vec b) -\frac{1}{c} ({b}\vec a {d}\vec b) = \vec o

x1=(a1+1/a*b1-1/c*(b*a1+d*b1))/(1-1/a);
x2=(a2+1/a*b2-1/c*(b*a2+d*b2))/(1-1/a);
x3=(a3+1/a*b3-1/c*(b*a3+d*b3))/(1-1/a);
x4=(a4+1/a*b4-1/c*(b*a4+d*b4))/(1-1/a);

stra = str(a);
strb = str(b);
strc = str(c);
znd = d<0 ? 0 : 1;
zndd = pick(znd, " ", "+");
strd = join( " ",zndd, str(d));]]></text>
</varsglobal>
<answernumbering><text>abc</text>
</answernumbering>
<answers>
 <partindex>
  <text>0</text>
 </partindex>
 <placeholder>
  <text></text>
 </placeholder>
 <answermark>
  <text>1</text>
 </answermark>
 <answertype>
  <text>10</text>
 </answertype>
 <numbox>
  <text>4</text>
 </numbox>
 <vars1>
  <text></text>
 </vars1>
 <answer>
  <text>[x1, x2, x3, x4]</text>
 </answer>
 <vars2>
  <text></text>
 </vars2>
 <correctness>
  <text><![CDATA[_relerr < 0.01]]></text>
 </correctness>
 <unitpenalty>
  <text>1</text>
 </unitpenalty>
 <postunit>
  <text></text>
 </postunit>
 <ruleid>
  <text>1</text>
 </ruleid>
 <otherrule>
  <text></text>
 </otherrule>
 <subqtext format="html">
<text><![CDATA[<p dir="ltr" style="text-align: left;">\(\vec x = \) ( {_0}, {_1}, {_2}, {_3})<br></p>]]></text>
 </subqtext>
 <feedback format="html">
<text></text>
 </feedback>
 <correctfeedback format="html">
<text></text>
 </correctfeedback>
 <partiallycorrectfeedback format="html">
<text></text>
 </partiallycorrectfeedback>
 <incorrectfeedback format="html">
<text></text>
 </incorrectfeedback>
</answers>
  </question>

<!-- question: 200953  -->
  <question type="formulas">
    <name>
      <text>Operace s vektory 5</text>
    </name>
    <questiontext format="html">
      <text><![CDATA[<p dir="ltr" style="text-align: left;">Určete aritmetický vektor \(\vec x\), pro který platí $$ {stra}\vec a&nbsp;{strx}\vec x {strb}\vec b +\vec x{strc}\vec c =\vec a {strd}\vec x ,$$ pro \(\vec a = ({a1},{a2},{a3},{a4})\), \(\vec b = ({b1},{b2},{b3},{b4})\), \(\vec c = ({c1},{c2},{c3},{c4})\).<br></p>]]></text>
    </questiontext>
    <generalfeedback format="html">
      <text></text>
    </generalfeedback>
    <defaultgrade>1.0000000</defaultgrade>
    <penalty>0.3333333</penalty>
    <hidden>0</hidden>
    <idnumber></idnumber>
    <correctfeedback format="html">
      <text>Vaše odpověď je správná.</text>
    </correctfeedback>
    <partiallycorrectfeedback format="html">
      <text>Vaše odpověď je částečně správná.</text>
    </partiallycorrectfeedback>
    <incorrectfeedback format="html">
      <text>Vaše odpověď je chybná.</text>
    </incorrectfeedback>
    <shownumcorrect/>
<varsrandom><text>a={-5,-4,-3, -2, 2,3,4,5,6}; 
b={-5,-4,-3, -2, 2,3,4,5,6};
c={-5,-4,-3, -2, 2,3,4,5,6}; 
d={-6,-5,-4,4,5,6}; 
# d-1 != e 
q={-2,0,2}; 

a1={-10:10};a2={-10:10};a3={-10:10};a4={-10:10};
b1={-10:10};b2={-10:10};b3={-10:10};b4={-10:10};
c1={-10:10};c2={-10:10};c3={-10:10};c4={-10:10};</text>
</varsrandom>
<varsglobal><text><![CDATA[#  {a}\vec a+ {x}\vec x +{b}\vec b +\vec x +{c}\vec c =\vec a +{d}\vec x 
e=d-q;
x1=(a*a1 -a1+ b*b1 + c*c1)/(d-1-e);
x2=(a*a2 -a2+ b*b2 + c*c2)/(d-1-e);
x3=(a*a3 -a3+ b*b3 + c*c3)/(d-1-e);
x4=(a*a4 -a4+ b*b4 + c*c4)/(d-1-e);

stra = str(a);
znb = b<0 ? 0 : 1;
znc = c<0 ? 0 : 1;
znd = d<0 ? 0 : 1;
zne = e<0 ? 0 : 1;
znbb = pick(znb, " ", "+");
zncc = pick(znc, " ", "+");
zndd = pick(znd, " ", "+");
znee = pick(zne, " ", "+");
strb = join( " ",znbb, str(b));
strc = join( " ",zncc, str(c));
strd = join( " ",zndd, str(d));
strx= join( " ",znee, str(e));]]></text>
</varsglobal>
<answernumbering><text>abc</text>
</answernumbering>
<answers>
 <partindex>
  <text>0</text>
 </partindex>
 <placeholder>
  <text></text>
 </placeholder>
 <answermark>
  <text>1</text>
 </answermark>
 <answertype>
  <text>10</text>
 </answertype>
 <numbox>
  <text>4</text>
 </numbox>
 <vars1>
  <text></text>
 </vars1>
 <answer>
  <text>[x1, x2, x3, x4]</text>
 </answer>
 <vars2>
  <text></text>
 </vars2>
 <correctness>
  <text><![CDATA[_relerr < 0.01]]></text>
 </correctness>
 <unitpenalty>
  <text>1</text>
 </unitpenalty>
 <postunit>
  <text></text>
 </postunit>
 <ruleid>
  <text>1</text>
 </ruleid>
 <otherrule>
  <text></text>
 </otherrule>
 <subqtext format="html">
<text><![CDATA[<p dir="ltr" style="text-align: left;">\(\vec x = \) ( {_0}, {_1}, {_2}, {_3})<br></p>]]></text>
 </subqtext>
 <feedback format="html">
<text></text>
 </feedback>
 <correctfeedback format="html">
<text></text>
 </correctfeedback>
 <partiallycorrectfeedback format="html">
<text></text>
 </partiallycorrectfeedback>
 <incorrectfeedback format="html">
<text></text>
 </incorrectfeedback>
</answers>
  </question>

<!-- question: 200954  -->
  <question type="formulas">
    <name>
      <text>vektory LZ 1</text>
    </name>
    <questiontext format="html">
      <text><![CDATA[<p dir="ltr" style="text-align: left;">Jsou dány vektory \(\vec a = ({a1}, {a2}, {a3}), \vec b= ({b1}, {b2}, {b3}), \vec c= ({c1}, {c2}, {c3})\). Určete aspoň jednu hodnotu parametru \( t \in \mathbb R\), pro kterou&nbsp; jsou vektory \(\vec a,
    \vec b, \vec c\) lineárně závislé. Není-li to možné, zadejte 9999. {#1}</p>]]></text>
    </questiontext>
    <generalfeedback format="html">
      <text></text>
    </generalfeedback>
    <defaultgrade>1.0000000</defaultgrade>
    <penalty>0.3333333</penalty>
    <hidden>0</hidden>
    <idnumber></idnumber>
    <correctfeedback format="html">
      <text>Vaše odpověď je správná.</text>
    </correctfeedback>
    <partiallycorrectfeedback format="html">
      <text>Vaše odpověď je částečně správná.</text>
    </partiallycorrectfeedback>
    <incorrectfeedback format="html">
      <text>Vaše odpověď je chybná.</text>
    </incorrectfeedback>
    <shownumcorrect/>
<varsrandom><text></text>
</varsrandom>
<varsglobal><text><![CDATA[a1=2; a2=1; a3=3;
b1=1; b2=2;b3=-5;
c1=3;c2=0; c3="t";
x=11;]]></text>
</varsglobal>
<answernumbering><text>abc</text>
</answernumbering>
<answers>
 <partindex>
  <text>0</text>
 </partindex>
 <placeholder>
  <text>#1</text>
 </placeholder>
 <answermark>
  <text>1</text>
 </answermark>
 <answertype>
  <text>10</text>
 </answertype>
 <numbox>
  <text>1</text>
 </numbox>
 <vars1>
  <text></text>
 </vars1>
 <answer>
  <text>x</text>
 </answer>
 <vars2>
  <text></text>
 </vars2>
 <correctness>
  <text><![CDATA[_relerr < 0.01]]></text>
 </correctness>
 <unitpenalty>
  <text>1</text>
 </unitpenalty>
 <postunit>
  <text></text>
 </postunit>
 <ruleid>
  <text>1</text>
 </ruleid>
 <otherrule>
  <text></text>
 </otherrule>
 <subqtext format="html">
<text><![CDATA[<p dir="ltr" style="text-align: left;">\(t = \){_0}<br></p>]]></text>
 </subqtext>
 <feedback format="html">
<text></text>
 </feedback>
 <correctfeedback format="html">
<text></text>
 </correctfeedback>
 <partiallycorrectfeedback format="html">
<text></text>
 </partiallycorrectfeedback>
 <incorrectfeedback format="html">
<text></text>
 </incorrectfeedback>
</answers>
  </question>

<!-- question: 200955  -->
  <question type="formulas">
    <name>
      <text>vektory LZ 2</text>
    </name>
    <questiontext format="html">
      <text><![CDATA[<p dir="ltr" style="text-align: left;">Jsou dány vektory \(\vec a = ({a1}, {a2}, {a3}), \vec b= ({b1}, {b2}, {b3}), \vec c= ({c1}, {c2}, {c3})\). Určete aspoň jednu hodnotu parametru \( t \in \mathbb R\), pro kterou&nbsp; jsou vektory \(\vec a,
    \vec b, \vec c\) lineárně závislé. Není-li to možné, zadejte 9999. {#1}</p>]]></text>
    </questiontext>
    <generalfeedback format="html">
      <text></text>
    </generalfeedback>
    <defaultgrade>1.0000000</defaultgrade>
    <penalty>0.3333333</penalty>
    <hidden>0</hidden>
    <idnumber></idnumber>
    <correctfeedback format="html">
      <text>Vaše odpověď je správná.</text>
    </correctfeedback>
    <partiallycorrectfeedback format="html">
      <text>Vaše odpověď je částečně správná.</text>
    </partiallycorrectfeedback>
    <incorrectfeedback format="html">
      <text>Vaše odpověď je chybná.</text>
    </incorrectfeedback>
    <shownumcorrect/>
<varsrandom><text></text>
</varsrandom>
<varsglobal><text><![CDATA[a1=1; a2=2; a3=2;
b1=2; b2="t";b3=3;
c1=2;c2=5; c3=4;
x=9999;]]></text>
</varsglobal>
<answernumbering><text>abc</text>
</answernumbering>
<answers>
 <partindex>
  <text>0</text>
 </partindex>
 <placeholder>
  <text>#1</text>
 </placeholder>
 <answermark>
  <text>1</text>
 </answermark>
 <answertype>
  <text>10</text>
 </answertype>
 <numbox>
  <text>1</text>
 </numbox>
 <vars1>
  <text></text>
 </vars1>
 <answer>
  <text>x</text>
 </answer>
 <vars2>
  <text></text>
 </vars2>
 <correctness>
  <text><![CDATA[_relerr < 0.01]]></text>
 </correctness>
 <unitpenalty>
  <text>1</text>
 </unitpenalty>
 <postunit>
  <text></text>
 </postunit>
 <ruleid>
  <text>1</text>
 </ruleid>
 <otherrule>
  <text></text>
 </otherrule>
 <subqtext format="html">
<text><![CDATA[<p dir="ltr" style="text-align: left;">\(t = \){_0}<br></p>]]></text>
 </subqtext>
 <feedback format="html">
<text></text>
 </feedback>
 <correctfeedback format="html">
<text></text>
 </correctfeedback>
 <partiallycorrectfeedback format="html">
<text></text>
 </partiallycorrectfeedback>
 <incorrectfeedback format="html">
<text></text>
 </incorrectfeedback>
</answers>
  </question>

<!-- question: 200956  -->
  <question type="formulas">
    <name>
      <text>vektory LZ 3</text>
    </name>
    <questiontext format="html">
      <text><![CDATA[<p dir="ltr" style="text-align: left;">Jsou dány vektory \(\vec a = ({a1}, {a2}, {a3}), \vec b= ({b1}, {b2}, {b3}), \vec c= ({c1}, {c2}, {c3})\). Určete aspoň dvě hodnoty parametru \( t \in \mathbb R\), pro kterou&nbsp; jsou vektory \(\vec a,
    \vec b, \vec c\) lineárně závislé. Není-li to možné, zadejte 9999. {#1}</p>]]></text>
    </questiontext>
    <generalfeedback format="html">
      <text></text>
    </generalfeedback>
    <defaultgrade>1.0000000</defaultgrade>
    <penalty>0.3333333</penalty>
    <hidden>0</hidden>
    <idnumber></idnumber>
    <correctfeedback format="html">
      <text>Vaše odpověď je správná.</text>
    </correctfeedback>
    <partiallycorrectfeedback format="html">
      <text>Vaše odpověď je částečně správná.</text>
    </partiallycorrectfeedback>
    <incorrectfeedback format="html">
      <text>Vaše odpověď je chybná.</text>
    </incorrectfeedback>
    <shownumcorrect/>
<varsrandom><text></text>
</varsrandom>
<varsglobal><text><![CDATA[a1=-1; a2="t"; a3=2;
b1=1; b2=1;b3=2;
c1=3;c2=0; c3="t";
x=[2,3];]]></text>
</varsglobal>
<answernumbering><text>abc</text>
</answernumbering>
<answers>
 <partindex>
  <text>0</text>
 </partindex>
 <placeholder>
  <text>#1</text>
 </placeholder>
 <answermark>
  <text>1</text>
 </answermark>
 <answertype>
  <text>10</text>
 </answertype>
 <numbox>
  <text>2</text>
 </numbox>
 <vars1>
  <text></text>
 </vars1>
 <answer>
  <text>x</text>
 </answer>
 <vars2>
  <text>crit1 = _0 == x[0] || _0 == x[1];
crit2 = _1 == x[0] || _1 == x[1];
crit3= _0 != _1;</text>
 </vars2>
 <correctness>
  <text>(crit1+ crit2+2*crit3)/4</text>
 </correctness>
 <unitpenalty>
  <text>1</text>
 </unitpenalty>
 <postunit>
  <text></text>
 </postunit>
 <ruleid>
  <text>1</text>
 </ruleid>
 <otherrule>
  <text></text>
 </otherrule>
 <subqtext format="html">
<text><![CDATA[<p dir="ltr" style="text-align: left;">\(t_1 = \){_0}, \(t_2 = \){_1}<br></p>]]></text>
 </subqtext>
 <feedback format="html">
<text></text>
 </feedback>
 <correctfeedback format="html">
<text></text>
 </correctfeedback>
 <partiallycorrectfeedback format="html">
<text></text>
 </partiallycorrectfeedback>
 <incorrectfeedback format="html">
<text></text>
 </incorrectfeedback>
</answers>
  </question>

<!-- question: 200957  -->
  <question type="formulas">
    <name>
      <text>vektory LZ 4</text>
    </name>
    <questiontext format="html">
      <text><![CDATA[<p dir="ltr" style="text-align: left;">Jsou dány vektory \(\vec a = ({a1}, {a2}, {a3}), \vec b= ({b1}, {b2}, {b3}), \vec c= ({c1}, {c2}, {c3})\). Určete aspoň jednu hodnotu parametru \( t \in \mathbb R\), pro kterou&nbsp; jsou vektory \(\vec a,
    \vec b, \vec c\) lineárně nezávislé. Není-li to možné, zadejte 9999. {#1}</p>]]></text>
    </questiontext>
    <generalfeedback format="html">
      <text></text>
    </generalfeedback>
    <defaultgrade>1.0000000</defaultgrade>
    <penalty>0.3333333</penalty>
    <hidden>0</hidden>
    <idnumber></idnumber>
    <correctfeedback format="html">
      <text>Vaše odpověď je správná.</text>
    </correctfeedback>
    <partiallycorrectfeedback format="html">
      <text>Vaše odpověď je částečně správná.</text>
    </partiallycorrectfeedback>
    <incorrectfeedback format="html">
      <text>Vaše odpověď je chybná.</text>
    </incorrectfeedback>
    <shownumcorrect/>
<varsrandom><text></text>
</varsrandom>
<varsglobal><text><![CDATA[a1=4; a2=5; a3=2;
b1=2; b2="2t";b3="t";
c1=2;c2="10-6t"; c3="4-3t";
x=9999;]]></text>
</varsglobal>
<answernumbering><text>abc</text>
</answernumbering>
<answers>
 <partindex>
  <text>0</text>
 </partindex>
 <placeholder>
  <text>#1</text>
 </placeholder>
 <answermark>
  <text>1</text>
 </answermark>
 <answertype>
  <text>10</text>
 </answertype>
 <numbox>
  <text>1</text>
 </numbox>
 <vars1>
  <text></text>
 </vars1>
 <answer>
  <text>x</text>
 </answer>
 <vars2>
  <text></text>
 </vars2>
 <correctness>
  <text><![CDATA[_relerr < 0.01]]></text>
 </correctness>
 <unitpenalty>
  <text>1</text>
 </unitpenalty>
 <postunit>
  <text></text>
 </postunit>
 <ruleid>
  <text>1</text>
 </ruleid>
 <otherrule>
  <text></text>
 </otherrule>
 <subqtext format="html">
<text><![CDATA[<p dir="ltr" style="text-align: left;">\(t = \){_0}<br></p>]]></text>
 </subqtext>
 <feedback format="html">
<text></text>
 </feedback>
 <correctfeedback format="html">
<text></text>
 </correctfeedback>
 <partiallycorrectfeedback format="html">
<text></text>
 </partiallycorrectfeedback>
 <incorrectfeedback format="html">
<text></text>
 </incorrectfeedback>
</answers>
  </question>

</quiz>