<?xml version="1.0" encoding="UTF-8"?>
<quiz>
<!-- question: 0  -->
  <question type="category">
    <category>
      <text>$course$/top/Výchozí v Matematika I</text>
    </category>
    <info format="moodle_auto_format">
      <text><![CDATA[Výchozí kategorie pro úlohy sdílené v kontextu "Matematika I".]]></text>
    </info>
    <idnumber></idnumber>
  </question>

<!-- question: 0  -->
  <question type="category">
    <category>
      <text>$course$/top/Výchozí v Matematika I/OM</text>
    </category>
    <info format="moodle_auto_format">
      <text></text>
    </info>
    <idnumber></idnumber>
  </question>

<!-- question: 0  -->
  <question type="category">
    <category>
      <text>$course$/top/Výchozí v Matematika I/OM/Lineární algebra</text>
    </category>
    <info format="html">
      <text></text>
    </info>
    <idnumber></idnumber>
  </question>

<!-- question: 0  -->
  <question type="category">
    <category>
      <text>$course$/top/Výchozí v Matematika I/OM/Lineární algebra/soustavy lin r.</text>
    </category>
    <info format="html">
      <text></text>
    </info>
    <idnumber></idnumber>
  </question>

<!-- question: 205515  -->
  <question type="formulas">
    <name>
      <text>s param (st.op.6d upr)</text>
    </name>
    <questiontext format="html">
      <text><![CDATA[<p dir="ltr" style="text-align: left;"><strong>A1</strong>. Je dána soustava rovnic s parametrem \(t\in\mathbb R\). $$ \begin{array}{rrrrr} x&amp;+{b1}y&amp;+{c1}z&amp;=&amp;{u1}\\{a2}x&amp;+{b2}y&amp;+{c2}z&amp;=&amp;{u2}\\{a3}x&amp;{b3}y&amp;+{c3}z&amp;=&amp;{u3}\end{array}$$<br></p>
<p dir="ltr" style="text-align: left;"><strong>a)</strong> Označte matici soustavy \(A\) a vyjádřete determinat matice soustavy v závislosti na parametru \(t\in\mathbb R\). {#detA}</p>
<p dir="ltr" style="text-align: left;"><strong>b</strong>) Zapište 2 hodnoty parametru \(t\in\mathbb R\), pro které je \(\det A = 0\). Je-li možností více, uveďte libovolné 2, je-li možností méně, zapište do přebytečných políček 9999. {#nulovy}</p>
<p dir="ltr" style="text-align: left;"><strong>c)</strong> Pro \( t = {tt}\) určete hodnost matice soustavy a hodnost matice rozšířené .{#hodnosti}</p>
<strong>d</strong>) Doplňte tvrzení tak, aby bylo pravdivé.<br> Pro \(t = {tt}\) zadaná soustava rovnic
<div style="display:inline-block;">{#pocetreseni}</div> řešení. <br><strong>e)</strong> Pro předcházející odpověď jste použili větu, která je pojmenována po matematikovi (vyberte jeho jméno).
<div style="display:inline-block;">{#autor}</div>
<p><strong>f)</strong> Určete řešení zadané soustavy rovnic pro \(t={tt}\). Pokud má soustava více řešení, uveďte to, pro které platí \(x=1\). Pokud soustava rovnic nemá řešení, zadejte \(x= 9999, y = 9999, z = 9999\). {#reseni}</p>]]></text>
    </questiontext>
    <generalfeedback format="html">
      <text></text>
    </generalfeedback>
    <defaultgrade>16.0000000</defaultgrade>
    <penalty>0.3333333</penalty>
    <hidden>0</hidden>
    <idnumber></idnumber>
    <correctfeedback format="html">
      <text>Vaše odpověď je správná.</text>
    </correctfeedback>
    <partiallycorrectfeedback format="html">
      <text>Vaše odpověď je částečně správná.</text>
    </partiallycorrectfeedback>
    <incorrectfeedback format="html">
      <text>Vaše odpověď je chybná.</text>
    </incorrectfeedback>
    <shownumcorrect/>
<varsrandom><text>tt={-5:5};
ans_order=shuffle([0:4]);
ans1_order=shuffle([0:5]);</text>
</varsrandom>
<varsglobal><text><![CDATA[a1=1; a2=3; a3=4;
b1=2; b2=8;b3=-2;
c1=3;c2=11; c3="t";
u1=1; u2=3; u3="2t";
t=2;

x = tt==2 ? 1 : -1;
y = tt==2 ? 0 : -2;
z = tt==2 ? 0 :  2;

h1 = tt==2 ? 2:3;
h2=  tt==2 ? 2:3;

ans_inv=inv(ans_order);
answers=["má jediné", "má nekonečně mnoho", "nemá", "může, ale nemusí mít" ];
ans_permuted=sublist(answers,ans_order);
ans = tt==2 ? ans_inv[1]:ans_inv[0];

ans1_inv=inv(ans1_order);
answers1 = ["Ferdinand Georg Frobenius", "Gabriel Cramer","Isaac Newton", "Gottfried Wilhelm (von) Leibniz","Johann Carl Friedrich Gauss" ];
ans1_permuted=sublist(answers1,ans1_order);
ans1=ans1_inv[0];

#"Leopold Kronecker a Alfredo Capelli", "Eugen Rouché a Alfredo Capelli",]]></text>
</varsglobal>
<answernumbering><text>abc</text>
</answernumbering>
<answers>
 <partindex>
  <text>0</text>
 </partindex>
 <placeholder>
  <text>#detA</text>
 </placeholder>
 <answermark>
  <text>4</text>
 </answermark>
 <answertype>
  <text>1000</text>
 </answertype>
 <numbox>
  <text>1</text>
 </numbox>
 <vars1>
  <text>t={-10:10:0.1}; a=2; b=4;</text>
 </vars1>
 <answer>
  <text><![CDATA["a t - b"]]></text>
 </answer>
 <vars2>
  <text></text>
 </vars2>
 <correctness>
  <text><![CDATA[_err < 0.01]]></text>
 </correctness>
 <unitpenalty>
  <text>1</text>
 </unitpenalty>
 <postunit>
  <text></text>
 </postunit>
 <ruleid>
  <text>1</text>
 </ruleid>
 <otherrule>
  <text></text>
 </otherrule>
 <subqtext format="html">
<text><![CDATA[<p dir="ltr" style="text-align: left;">\(\det A = \) {_0}<br></p>]]></text>
 </subqtext>
 <feedback format="html">
<text></text>
 </feedback>
 <correctfeedback format="html">
<text></text>
 </correctfeedback>
 <partiallycorrectfeedback format="html">
<text></text>
 </partiallycorrectfeedback>
 <incorrectfeedback format="html">
<text></text>
 </incorrectfeedback>
</answers>
<answers>
 <partindex>
  <text>1</text>
 </partindex>
 <placeholder>
  <text>#nulovy</text>
 </placeholder>
 <answermark>
  <text>2</text>
 </answermark>
 <answertype>
  <text>10</text>
 </answertype>
 <numbox>
  <text>2</text>
 </numbox>
 <vars1>
  <text></text>
 </vars1>
 <answer>
  <text>[t, 9999]</text>
 </answer>
 <vars2>
  <text><![CDATA[crit1=(_0==t ||_1==t)&&(_0!=_1);
crit2=(_0==9999 || _1==9999)&& (_0!=_1);]]></text>
 </vars2>
 <correctness>
  <text>(crit1+crit2)/2</text>
 </correctness>
 <unitpenalty>
  <text>1</text>
 </unitpenalty>
 <postunit>
  <text></text>
 </postunit>
 <ruleid>
  <text>1</text>
 </ruleid>
 <otherrule>
  <text></text>
 </otherrule>
 <subqtext format="html">
<text><![CDATA[<p dir="ltr" style="text-align: left;">\(t_1 = \){_0}, \(t_2 =\) {_1}.<br></p>]]></text>
 </subqtext>
 <feedback format="html">
<text></text>
 </feedback>
 <correctfeedback format="html">
<text></text>
 </correctfeedback>
 <partiallycorrectfeedback format="html">
<text></text>
 </partiallycorrectfeedback>
 <incorrectfeedback format="html">
<text></text>
 </incorrectfeedback>
</answers>
<answers>
 <partindex>
  <text>2</text>
 </partindex>
 <placeholder>
  <text>#hodnosti</text>
 </placeholder>
 <answermark>
  <text>2</text>
 </answermark>
 <answertype>
  <text>0</text>
 </answertype>
 <numbox>
  <text>2</text>
 </numbox>
 <vars1>
  <text></text>
 </vars1>
 <answer>
  <text>[h1, h2]</text>
 </answer>
 <vars2>
  <text>crit1 = _0==h1;  crit2 = _1==h2;</text>
 </vars2>
 <correctness>
  <text>(crit1 + crit2)/2</text>
 </correctness>
 <unitpenalty>
  <text>1</text>
 </unitpenalty>
 <postunit>
  <text></text>
 </postunit>
 <ruleid>
  <text>1</text>
 </ruleid>
 <otherrule>
  <text></text>
 </otherrule>
 <subqtext format="html">
<text>Hodnost matice soustavy je {_0}, hodnost matice rozšířené je {_1}.</text>
 </subqtext>
 <feedback format="html">
<text></text>
 </feedback>
 <correctfeedback format="html">
<text></text>
 </correctfeedback>
 <partiallycorrectfeedback format="html">
<text></text>
 </partiallycorrectfeedback>
 <incorrectfeedback format="html">
<text></text>
 </incorrectfeedback>
</answers>
<answers>
 <partindex>
  <text>3</text>
 </partindex>
 <placeholder>
  <text>#pocetreseni</text>
 </placeholder>
 <answermark>
  <text>1</text>
 </answermark>
 <answertype>
  <text>0</text>
 </answertype>
 <numbox>
  <text>1</text>
 </numbox>
 <vars1>
  <text></text>
 </vars1>
 <answer>
  <text>ans</text>
 </answer>
 <vars2>
  <text></text>
 </vars2>
 <correctness>
  <text>_err == 0</text>
 </correctness>
 <unitpenalty>
  <text>1</text>
 </unitpenalty>
 <postunit>
  <text></text>
 </postunit>
 <ruleid>
  <text>1</text>
 </ruleid>
 <otherrule>
  <text></text>
 </otherrule>
 <subqtext format="html">
<text>{_0:ans_permuted:MCE}</text>
 </subqtext>
 <feedback format="html">
<text></text>
 </feedback>
 <correctfeedback format="html">
<text></text>
 </correctfeedback>
 <partiallycorrectfeedback format="html">
<text></text>
 </partiallycorrectfeedback>
 <incorrectfeedback format="html">
<text></text>
 </incorrectfeedback>
</answers>
<answers>
 <partindex>
  <text>4</text>
 </partindex>
 <placeholder>
  <text>#autor</text>
 </placeholder>
 <answermark>
  <text>1</text>
 </answermark>
 <answertype>
  <text>0</text>
 </answertype>
 <numbox>
  <text>1</text>
 </numbox>
 <vars1>
  <text></text>
 </vars1>
 <answer>
  <text>ans1</text>
 </answer>
 <vars2>
  <text></text>
 </vars2>
 <correctness>
  <text>_err == 0</text>
 </correctness>
 <unitpenalty>
  <text>1</text>
 </unitpenalty>
 <postunit>
  <text></text>
 </postunit>
 <ruleid>
  <text>1</text>
 </ruleid>
 <otherrule>
  <text></text>
 </otherrule>
 <subqtext format="html">
<text>{_0:ans1_permuted:MCE}</text>
 </subqtext>
 <feedback format="html">
<text></text>
 </feedback>
 <correctfeedback format="html">
<text></text>
 </correctfeedback>
 <partiallycorrectfeedback format="html">
<text></text>
 </partiallycorrectfeedback>
 <incorrectfeedback format="html">
<text></text>
 </incorrectfeedback>
</answers>
<answers>
 <partindex>
  <text>5</text>
 </partindex>
 <placeholder>
  <text>#reseni</text>
 </placeholder>
 <answermark>
  <text>6</text>
 </answermark>
 <answertype>
  <text>10</text>
 </answertype>
 <numbox>
  <text>3</text>
 </numbox>
 <vars1>
  <text></text>
 </vars1>
 <answer>
  <text>[x, y, z]</text>
 </answer>
 <vars2>
  <text>crit1 = _0==x; crit2=_1==y; crit3=_2==z;</text>
 </vars2>
 <correctness>
  <text>(crit1+crit2+crit3)/3</text>
 </correctness>
 <unitpenalty>
  <text>1</text>
 </unitpenalty>
 <postunit>
  <text></text>
 </postunit>
 <ruleid>
  <text>1</text>
 </ruleid>
 <otherrule>
  <text></text>
 </otherrule>
 <subqtext format="html">
<text><![CDATA[<p dir="ltr" style="text-align: left;">\(x = \) {_0}\(y=\) {_1}, \(z=\) {_2}.</p>]]></text>
 </subqtext>
 <feedback format="html">
<text></text>
 </feedback>
 <correctfeedback format="html">
<text></text>
 </correctfeedback>
 <partiallycorrectfeedback format="html">
<text></text>
 </partiallycorrectfeedback>
 <incorrectfeedback format="html">
<text></text>
 </incorrectfeedback>
</answers>
  </question>

<!-- question: 205516  -->
  <question type="formulas">
    <name>
      <text>s param (st.op.6d)</text>
    </name>
    <questiontext format="html">
      <text><![CDATA[<p dir="ltr" style="text-align: left;"><strong>A1</strong>. Je dána soustava rovnic s parametrem \(t\in\mathbb R\). $$ \begin{array}{rrrrr} x&amp;+{b1}y&amp;+{c1}z&amp;=&amp;{u1}\\{a2}x&amp;+{b2}y&amp;+{c2}z&amp;=&amp;{u2}\\{a3}x&amp;{b3}y&amp;+{c3}z&amp;=&amp;{u3}\end{array}$$<br></p>
<p dir="ltr" style="text-align: left;"><strong>a)</strong> Označte matici soustavy \(A\) a vyjádřete determinat matice soustavy v závislosti na parametru \(t\in\mathbb R\). {#detA}</p>
<p dir="ltr" style="text-align: left;"><strong>b</strong>) Zapište 2 hodnoty parametru \(t\in\mathbb R\), pro které je \(\det A = 0\). Je-li možností více, uveďte libovolné 2, je-li možností méně, zapište do přebytečných políček 9999. {#nulovy}</p>
<p dir="ltr" style="text-align: left;"><strong>c)</strong> Pro \( t = {tt}\) určete hodnost matice soustavy a hodnost matice rozšířené .{#hodnosti}</p>
<strong>d</strong>) Doplňte tvrzení tak, aby bylo pravdivé.<br> Pro \(t = {tt}\) zadaná soustava rovnic
<div style="display:inline-block;">{#pocetreseni}</div> řešení. <br><strong>e)</strong> Pro předcházející odpověď jste použili větu, která je pojmenována po matematikovi (vyberte jeho jméno).
<div style="display:inline-block;">{#autor}</div>
<p><strong>f)</strong> Je-li to možné, zapište takové řešení zadané soustavy rovnic, pro které je \(x = {alpha}\) a uveďte hodnotu parametru \(t\), které odpovídá. Není-li to možné, zadejte \(y = 9999, z = 9999, t=9999\). {#reseni}</p>]]></text>
    </questiontext>
    <generalfeedback format="html">
      <text></text>
    </generalfeedback>
    <defaultgrade>16.0000000</defaultgrade>
    <penalty>0.3333333</penalty>
    <hidden>0</hidden>
    <idnumber></idnumber>
    <correctfeedback format="html">
      <text>Vaše odpověď je správná.</text>
    </correctfeedback>
    <partiallycorrectfeedback format="html">
      <text>Vaše odpověď je částečně správná.</text>
    </partiallycorrectfeedback>
    <incorrectfeedback format="html">
      <text>Vaše odpověď je chybná.</text>
    </incorrectfeedback>
    <shownumcorrect/>
<varsrandom><text>gamma = {-4,-3,-2,-1,1,2,3,4};
tt={-4:4};
ans_order=shuffle([0:4]);
ans1_order=shuffle([0:4]);</text>
</varsrandom>
<varsglobal><text><![CDATA[a1=1; a2=3; a3=4;
b1=2; b2=8;b3=-2;
c1=3;c2=11; c3="t";
u1=1; u2=3; u3=5; 
x=2;
beta = -gamma;
alpha = 1-gamma;
t=2+1/gamma;


h1 = tt==2 ? 2:3;
h2= 3;

ans_inv=inv(ans_order);
answers=["má jediné", "má nekonečně mnoho", "nemá", "může, ale nemusí mít" ];
ans_permuted=sublist(answers,ans_order);
ans = tt==2 ? ans_inv[2]:ans_inv[0];

ans1_inv=inv(ans1_order);
answers1 = ["Ferdinand Georg Frobenius", "Gabriel Cramer","Isaac Newton", "Gottfried Wilhelm (von) Leibniz"];
ans1_permuted=sublist(answers1,ans1_order);
ans1=ans1_inv[0];

#"Leopold Kronecker a Alfredo Capelli", "Eugen Rouché a Alfredo Capelli",]]></text>
</varsglobal>
<answernumbering><text>abc</text>
</answernumbering>
<answers>
 <partindex>
  <text>0</text>
 </partindex>
 <placeholder>
  <text>#detA</text>
 </placeholder>
 <answermark>
  <text>4</text>
 </answermark>
 <answertype>
  <text>1000</text>
 </answertype>
 <numbox>
  <text>1</text>
 </numbox>
 <vars1>
  <text>t={-10:10:0.1}; a=2; b=4;</text>
 </vars1>
 <answer>
  <text><![CDATA["a t  - b"]]></text>
 </answer>
 <vars2>
  <text></text>
 </vars2>
 <correctness>
  <text><![CDATA[_err < 0.01]]></text>
 </correctness>
 <unitpenalty>
  <text>1</text>
 </unitpenalty>
 <postunit>
  <text></text>
 </postunit>
 <ruleid>
  <text>1</text>
 </ruleid>
 <otherrule>
  <text></text>
 </otherrule>
 <subqtext format="html">
<text><![CDATA[<p dir="ltr" style="text-align: left;">\(\det A = \) {_0}<br></p>]]></text>
 </subqtext>
 <feedback format="html">
<text></text>
 </feedback>
 <correctfeedback format="html">
<text></text>
 </correctfeedback>
 <partiallycorrectfeedback format="html">
<text></text>
 </partiallycorrectfeedback>
 <incorrectfeedback format="html">
<text></text>
 </incorrectfeedback>
</answers>
<answers>
 <partindex>
  <text>1</text>
 </partindex>
 <placeholder>
  <text>#nulovy</text>
 </placeholder>
 <answermark>
  <text>2</text>
 </answermark>
 <answertype>
  <text>10</text>
 </answertype>
 <numbox>
  <text>2</text>
 </numbox>
 <vars1>
  <text></text>
 </vars1>
 <answer>
  <text>[x, 9999]</text>
 </answer>
 <vars2>
  <text><![CDATA[crit1=(_0==x ||_1==x)&&(_0!=_1);
crit2=(_0==9999 || _1==9999)&& (_0!=_1);]]></text>
 </vars2>
 <correctness>
  <text>(crit1+crit2)/2</text>
 </correctness>
 <unitpenalty>
  <text>1</text>
 </unitpenalty>
 <postunit>
  <text></text>
 </postunit>
 <ruleid>
  <text>1</text>
 </ruleid>
 <otherrule>
  <text></text>
 </otherrule>
 <subqtext format="html">
<text><![CDATA[<p dir="ltr" style="text-align: left;">\(t_1 = \){_0}, \(t_2 =\) {_1}.<br></p>]]></text>
 </subqtext>
 <feedback format="html">
<text></text>
 </feedback>
 <correctfeedback format="html">
<text></text>
 </correctfeedback>
 <partiallycorrectfeedback format="html">
<text></text>
 </partiallycorrectfeedback>
 <incorrectfeedback format="html">
<text></text>
 </incorrectfeedback>
</answers>
<answers>
 <partindex>
  <text>2</text>
 </partindex>
 <placeholder>
  <text>#hodnosti</text>
 </placeholder>
 <answermark>
  <text>2</text>
 </answermark>
 <answertype>
  <text>0</text>
 </answertype>
 <numbox>
  <text>2</text>
 </numbox>
 <vars1>
  <text></text>
 </vars1>
 <answer>
  <text>[h1, h2]</text>
 </answer>
 <vars2>
  <text>crit1 = _0==h1;  crit2 = _1==h2;</text>
 </vars2>
 <correctness>
  <text>(crit1 + crit2)/2</text>
 </correctness>
 <unitpenalty>
  <text>1</text>
 </unitpenalty>
 <postunit>
  <text></text>
 </postunit>
 <ruleid>
  <text>1</text>
 </ruleid>
 <otherrule>
  <text></text>
 </otherrule>
 <subqtext format="html">
<text>Hodnost matice soustavy je {_0}, hodnost matice rozšířené je {_1}.</text>
 </subqtext>
 <feedback format="html">
<text></text>
 </feedback>
 <correctfeedback format="html">
<text></text>
 </correctfeedback>
 <partiallycorrectfeedback format="html">
<text></text>
 </partiallycorrectfeedback>
 <incorrectfeedback format="html">
<text></text>
 </incorrectfeedback>
</answers>
<answers>
 <partindex>
  <text>3</text>
 </partindex>
 <placeholder>
  <text>#pocetreseni</text>
 </placeholder>
 <answermark>
  <text>1</text>
 </answermark>
 <answertype>
  <text>0</text>
 </answertype>
 <numbox>
  <text>1</text>
 </numbox>
 <vars1>
  <text></text>
 </vars1>
 <answer>
  <text>ans</text>
 </answer>
 <vars2>
  <text></text>
 </vars2>
 <correctness>
  <text>_err == 0</text>
 </correctness>
 <unitpenalty>
  <text>1</text>
 </unitpenalty>
 <postunit>
  <text></text>
 </postunit>
 <ruleid>
  <text>1</text>
 </ruleid>
 <otherrule>
  <text></text>
 </otherrule>
 <subqtext format="html">
<text>{_0:ans_permuted:MCE}</text>
 </subqtext>
 <feedback format="html">
<text></text>
 </feedback>
 <correctfeedback format="html">
<text></text>
 </correctfeedback>
 <partiallycorrectfeedback format="html">
<text></text>
 </partiallycorrectfeedback>
 <incorrectfeedback format="html">
<text></text>
 </incorrectfeedback>
</answers>
<answers>
 <partindex>
  <text>4</text>
 </partindex>
 <placeholder>
  <text>#autor</text>
 </placeholder>
 <answermark>
  <text>1</text>
 </answermark>
 <answertype>
  <text>0</text>
 </answertype>
 <numbox>
  <text>1</text>
 </numbox>
 <vars1>
  <text></text>
 </vars1>
 <answer>
  <text>ans1</text>
 </answer>
 <vars2>
  <text></text>
 </vars2>
 <correctness>
  <text>_err == 0</text>
 </correctness>
 <unitpenalty>
  <text>1</text>
 </unitpenalty>
 <postunit>
  <text></text>
 </postunit>
 <ruleid>
  <text>1</text>
 </ruleid>
 <otherrule>
  <text></text>
 </otherrule>
 <subqtext format="html">
<text>{_0:ans1_permuted:MCE}</text>
 </subqtext>
 <feedback format="html">
<text></text>
 </feedback>
 <correctfeedback format="html">
<text></text>
 </correctfeedback>
 <partiallycorrectfeedback format="html">
<text></text>
 </partiallycorrectfeedback>
 <incorrectfeedback format="html">
<text></text>
 </incorrectfeedback>
</answers>
<answers>
 <partindex>
  <text>5</text>
 </partindex>
 <placeholder>
  <text>#reseni</text>
 </placeholder>
 <answermark>
  <text>6</text>
 </answermark>
 <answertype>
  <text>10</text>
 </answertype>
 <numbox>
  <text>3</text>
 </numbox>
 <vars1>
  <text></text>
 </vars1>
 <answer>
  <text>[beta, gamma,t]</text>
 </answer>
 <vars2>
  <text>crit1 = _0==beta; crit2=_1==gamma; crit3=_2==t;</text>
 </vars2>
 <correctness>
  <text>(crit1+crit2+crit3)/3</text>
 </correctness>
 <unitpenalty>
  <text>1</text>
 </unitpenalty>
 <postunit>
  <text></text>
 </postunit>
 <ruleid>
  <text>1</text>
 </ruleid>
 <otherrule>
  <text></text>
 </otherrule>
 <subqtext format="html">
<text><![CDATA[<p dir="ltr" style="text-align: left;">\(y=\) {_0}, \(z=\) {_1}.</p><p dir="ltr" style="text-align: left;">Toto řešení odpovídá hodnotě \(t=\) {_2}.<br></p>]]></text>
 </subqtext>
 <feedback format="html">
<text></text>
 </feedback>
 <correctfeedback format="html">
<text></text>
 </correctfeedback>
 <partiallycorrectfeedback format="html">
<text></text>
 </partiallycorrectfeedback>
 <incorrectfeedback format="html">
<text></text>
 </incorrectfeedback>
</answers>
  </question>

<!-- question: 205517  -->
  <question type="formulas">
    <name>
      <text>s param (st.op.8c)</text>
    </name>
    <questiontext format="html">
      <text><![CDATA[<p dir="ltr" style="text-align: left;"><strong>A1</strong>. Je dána soustava rovnic s parametrem \(t\in\mathbb R\). $$ \begin{array}{rrrrr} -x&amp;+y&amp;+{c1}z&amp;=&amp;{u1}\\{a2}x&amp;+y&amp;&amp;=&amp;{u2}\\{a3}x&amp;+{b3}y&amp;+{c3}z&amp;=&amp;{u3}\end{array}$$<br></p>
<p dir="ltr" style="text-align: left;"><strong>a)</strong> Označte matici soustavy \(A\) a vyjádřete determinat matice soustavy v závislosti na parametru \(t\in\mathbb R\). {#detA}</p>
<p dir="ltr" style="text-align: left;"><strong>b</strong>) Zapište 2 hodnoty parametru \(t\in\mathbb R\), pro které je \(\det A = 0\). Je-li možností více, uveďte libovolné 2, je-li možností méně, zapište do přebytečných políček 9999. {#nulovy}</p>
<p dir="ltr" style="text-align: left;"><strong>c)</strong> Určete hodnosti matice soustavy a&nbsp; matice rozšířené pro \(t=2,\ t={tt}, \ t=3\).{#hodnosti}</p>
<strong>d</strong>) Pro tyto hodnoty (\(t=2,\ t={tt}, \ t=3\)) doplňte tvrzení tak, aby bylo pravdivé.<br> Pro \(t = 2\) zadaná soustava rovnic
<div style="display:inline-block;">{#pocetreseni1}</div> řešení. <br>Pro \(t = {tt}\) zadaná soustava rovnic
<div style="display:inline-block;">{#pocetreseni2}</div> řešení. <br>Pro \(t = 3\) zadaná soustava rovnic
<div style="display:inline-block;">{#pocetreseni3}</div> řešení. <br><strong>e)</strong> Pro předcházející odpověď jste použili větu, která je pojmenována po matematikovi (vyberte jeho jméno).
<div style="display:inline-block;">{#autor}</div>
<p><strong>f)</strong> Je-li to možné, zapište řešení zadané soustavy rovnic pro&nbsp; \(t = {tt}\). Není-li to možné, zadejte \(x = 9999, y = 9999, z = 9999\). {#reseni}</p>]]></text>
    </questiontext>
    <generalfeedback format="html">
      <text></text>
    </generalfeedback>
    <defaultgrade>16.0000000</defaultgrade>
    <penalty>0.3333333</penalty>
    <hidden>0</hidden>
    <idnumber></idnumber>
    <correctfeedback format="html">
      <text>Vaše odpověď je správná.</text>
    </correctfeedback>
    <partiallycorrectfeedback format="html">
      <text>Vaše odpověď je částečně správná.</text>
    </partiallycorrectfeedback>
    <incorrectfeedback format="html">
      <text>Vaše odpověď je chybná.</text>
    </incorrectfeedback>
    <shownumcorrect/>
<varsrandom><text>gamma = {-4,-3,-2,-1,1,2,3,4};
tt={-4:1,4:8};
ans_order=shuffle([0:4]);
ans1_order=shuffle([0:5]);
a={1,2,3,4,5};</text>
</varsrandom>
<varsglobal><text><![CDATA[a1=-1; a2="t"; a3=2;
b1=1; b2=1;b3=2;
c1=3;c2=0; c3="t";
u1=a; u2=0; u3=a; 
x1=2; x2=3;

h1 =2;
h2= 3;


ans_inv=inv(ans_order);
answers=["má jediné", "má nekonečně mnoho", "nemá", "může, ale nemusí mít" ];
ans_permuted=sublist(answers,ans_order);
ans = ans_inv[2]; ans2=ans_inv[0]; ans3=ans_inv[1];

z=a*(3-tt)/(tt-2)/(tt-3);
y=(3*a -(6+tt)*z)/4;
x=y+3*z-a;

ans1_inv=inv(ans1_order);
answers1 = ["Ferdinand Georg Frobenius", "Gabriel Cramer","Isaac Newton", "Gottfried Wilhelm (von) Leibniz","Johann Carl Friedrich Gauss"];
ans1_permuted=sublist(answers1,ans1_order);
ans1=ans1_inv[0];

#"Leopold Kronecker a Alfredo Capelli", "Eugen Rouché a Alfredo Capelli",]]></text>
</varsglobal>
<answernumbering><text>abc</text>
</answernumbering>
<answers>
 <partindex>
  <text>0</text>
 </partindex>
 <placeholder>
  <text>#detA</text>
 </placeholder>
 <answermark>
  <text>3</text>
 </answermark>
 <answertype>
  <text>1000</text>
 </answertype>
 <numbox>
  <text>1</text>
 </numbox>
 <vars1>
  <text>t={-5:5:0.1}; a=-1; b=5; c=-6;</text>
 </vars1>
 <answer>
  <text><![CDATA["b t  + c + a t^2"]]></text>
 </answer>
 <vars2>
  <text></text>
 </vars2>
 <correctness>
  <text><![CDATA[_err < 0.01]]></text>
 </correctness>
 <unitpenalty>
  <text>1</text>
 </unitpenalty>
 <postunit>
  <text></text>
 </postunit>
 <ruleid>
  <text>1</text>
 </ruleid>
 <otherrule>
  <text></text>
 </otherrule>
 <subqtext format="html">
<text><![CDATA[<p dir="ltr" style="text-align: left;">\(\det A = \) {_0}<br></p>]]></text>
 </subqtext>
 <feedback format="html">
<text></text>
 </feedback>
 <correctfeedback format="html">
<text></text>
 </correctfeedback>
 <partiallycorrectfeedback format="html">
<text></text>
 </partiallycorrectfeedback>
 <incorrectfeedback format="html">
<text></text>
 </incorrectfeedback>
</answers>
<answers>
 <partindex>
  <text>1</text>
 </partindex>
 <placeholder>
  <text>#nulovy</text>
 </placeholder>
 <answermark>
  <text>2</text>
 </answermark>
 <answertype>
  <text>10</text>
 </answertype>
 <numbox>
  <text>2</text>
 </numbox>
 <vars1>
  <text></text>
 </vars1>
 <answer>
  <text>[x1, x2]</text>
 </answer>
 <vars2>
  <text><![CDATA[crit1=(_0==x1 ||_1==x1)&&(_0!=_1);
crit2=(_0==x2 || _1==x2)&& (_0!=_1);]]></text>
 </vars2>
 <correctness>
  <text>(crit1+crit2)/2</text>
 </correctness>
 <unitpenalty>
  <text>1</text>
 </unitpenalty>
 <postunit>
  <text></text>
 </postunit>
 <ruleid>
  <text>1</text>
 </ruleid>
 <otherrule>
  <text></text>
 </otherrule>
 <subqtext format="html">
<text><![CDATA[<p dir="ltr" style="text-align: left;">\(t_1 = \){_0}, \(t_2 =\) {_1}.<br></p>]]></text>
 </subqtext>
 <feedback format="html">
<text></text>
 </feedback>
 <correctfeedback format="html">
<text></text>
 </correctfeedback>
 <partiallycorrectfeedback format="html">
<text></text>
 </partiallycorrectfeedback>
 <incorrectfeedback format="html">
<text></text>
 </incorrectfeedback>
</answers>
<answers>
 <partindex>
  <text>2</text>
 </partindex>
 <placeholder>
  <text>#hodnosti</text>
 </placeholder>
 <answermark>
  <text>3</text>
 </answermark>
 <answertype>
  <text>0</text>
 </answertype>
 <numbox>
  <text>6</text>
 </numbox>
 <vars1>
  <text></text>
 </vars1>
 <answer>
  <text>[2,3,3,3,2,2]</text>
 </answer>
 <vars2>
  <text>crit1 = _0==2;  crit2 = _1==3; 
crit3 = _2==3;  crit4 = _3==3; 
crit5 = _4==2;  crit6 = _5==2;</text>
 </vars2>
 <correctness>
  <text>(crit1 + crit2+crit3+crit4+crit5+crit6)/6</text>
 </correctness>
 <unitpenalty>
  <text>1</text>
 </unitpenalty>
 <postunit>
  <text></text>
 </postunit>
 <ruleid>
  <text>1</text>
 </ruleid>
 <otherrule>
  <text></text>
 </otherrule>
 <subqtext format="html">
<text><![CDATA[Pro \(t=2\): hodnost matice soustavy je {_0}, hodnost matice rozšířené je {_1}.<br>
Pro \(t={tt}\): hodnost matice soustavy je {_2}, hodnost matice rozšířené je {_3}.<br>
Pro \(t=3\): hodnost matice soustavy je {_4}, hodnost matice rozšířené je {_5}.]]></text>
 </subqtext>
 <feedback format="html">
<text></text>
 </feedback>
 <correctfeedback format="html">
<text></text>
 </correctfeedback>
 <partiallycorrectfeedback format="html">
<text></text>
 </partiallycorrectfeedback>
 <incorrectfeedback format="html">
<text></text>
 </incorrectfeedback>
</answers>
<answers>
 <partindex>
  <text>3</text>
 </partindex>
 <placeholder>
  <text>#pocetreseni1</text>
 </placeholder>
 <answermark>
  <text>0.5</text>
 </answermark>
 <answertype>
  <text>0</text>
 </answertype>
 <numbox>
  <text>1</text>
 </numbox>
 <vars1>
  <text></text>
 </vars1>
 <answer>
  <text>ans</text>
 </answer>
 <vars2>
  <text></text>
 </vars2>
 <correctness>
  <text>_err == 0</text>
 </correctness>
 <unitpenalty>
  <text>1</text>
 </unitpenalty>
 <postunit>
  <text></text>
 </postunit>
 <ruleid>
  <text>1</text>
 </ruleid>
 <otherrule>
  <text></text>
 </otherrule>
 <subqtext format="html">
<text>{_0:ans_permuted:MCE}</text>
 </subqtext>
 <feedback format="html">
<text></text>
 </feedback>
 <correctfeedback format="html">
<text></text>
 </correctfeedback>
 <partiallycorrectfeedback format="html">
<text></text>
 </partiallycorrectfeedback>
 <incorrectfeedback format="html">
<text></text>
 </incorrectfeedback>
</answers>
<answers>
 <partindex>
  <text>4</text>
 </partindex>
 <placeholder>
  <text>#pocetreseni2</text>
 </placeholder>
 <answermark>
  <text>0.5</text>
 </answermark>
 <answertype>
  <text>0</text>
 </answertype>
 <numbox>
  <text>1</text>
 </numbox>
 <vars1>
  <text></text>
 </vars1>
 <answer>
  <text>ans2</text>
 </answer>
 <vars2>
  <text></text>
 </vars2>
 <correctness>
  <text>_err == 0</text>
 </correctness>
 <unitpenalty>
  <text>1</text>
 </unitpenalty>
 <postunit>
  <text></text>
 </postunit>
 <ruleid>
  <text>1</text>
 </ruleid>
 <otherrule>
  <text></text>
 </otherrule>
 <subqtext format="html">
<text><![CDATA[<p dir="ltr" style="text-align: left;">{_0: ans_permuted:MCE}<br></p>]]></text>
 </subqtext>
 <feedback format="html">
<text></text>
 </feedback>
 <correctfeedback format="html">
<text></text>
 </correctfeedback>
 <partiallycorrectfeedback format="html">
<text></text>
 </partiallycorrectfeedback>
 <incorrectfeedback format="html">
<text></text>
 </incorrectfeedback>
</answers>
<answers>
 <partindex>
  <text>5</text>
 </partindex>
 <placeholder>
  <text>#pocetreseni3</text>
 </placeholder>
 <answermark>
  <text>0.5</text>
 </answermark>
 <answertype>
  <text>0</text>
 </answertype>
 <numbox>
  <text>1</text>
 </numbox>
 <vars1>
  <text></text>
 </vars1>
 <answer>
  <text>ans3</text>
 </answer>
 <vars2>
  <text></text>
 </vars2>
 <correctness>
  <text><![CDATA[_relerr < 0.01]]></text>
 </correctness>
 <unitpenalty>
  <text>1</text>
 </unitpenalty>
 <postunit>
  <text></text>
 </postunit>
 <ruleid>
  <text>1</text>
 </ruleid>
 <otherrule>
  <text></text>
 </otherrule>
 <subqtext format="html">
<text><![CDATA[{_0:ans_permuted:MCE}<br>]]></text>
 </subqtext>
 <feedback format="html">
<text></text>
 </feedback>
 <correctfeedback format="html">
<text></text>
 </correctfeedback>
 <partiallycorrectfeedback format="html">
<text></text>
 </partiallycorrectfeedback>
 <incorrectfeedback format="html">
<text></text>
 </incorrectfeedback>
</answers>
<answers>
 <partindex>
  <text>6</text>
 </partindex>
 <placeholder>
  <text>#autor</text>
 </placeholder>
 <answermark>
  <text>0.5</text>
 </answermark>
 <answertype>
  <text>0</text>
 </answertype>
 <numbox>
  <text>1</text>
 </numbox>
 <vars1>
  <text></text>
 </vars1>
 <answer>
  <text>ans1</text>
 </answer>
 <vars2>
  <text></text>
 </vars2>
 <correctness>
  <text>_err == 0</text>
 </correctness>
 <unitpenalty>
  <text>1</text>
 </unitpenalty>
 <postunit>
  <text></text>
 </postunit>
 <ruleid>
  <text>1</text>
 </ruleid>
 <otherrule>
  <text></text>
 </otherrule>
 <subqtext format="html">
<text>{_0:ans1_permuted:MCE}</text>
 </subqtext>
 <feedback format="html">
<text></text>
 </feedback>
 <correctfeedback format="html">
<text></text>
 </correctfeedback>
 <partiallycorrectfeedback format="html">
<text></text>
 </partiallycorrectfeedback>
 <incorrectfeedback format="html">
<text></text>
 </incorrectfeedback>
</answers>
<answers>
 <partindex>
  <text>7</text>
 </partindex>
 <placeholder>
  <text>#reseni</text>
 </placeholder>
 <answermark>
  <text>6</text>
 </answermark>
 <answertype>
  <text>10</text>
 </answertype>
 <numbox>
  <text>3</text>
 </numbox>
 <vars1>
  <text></text>
 </vars1>
 <answer>
  <text>[x,y,z]</text>
 </answer>
 <vars2>
  <text><![CDATA[crit1 = abs(_0-x)<0.01; crit2=abs(_1-y)<0.01; crit3= abs(_2-z)<0.01;]]></text>
 </vars2>
 <correctness>
  <text>(crit1+crit2+crit3)/3</text>
 </correctness>
 <unitpenalty>
  <text>1</text>
 </unitpenalty>
 <postunit>
  <text></text>
 </postunit>
 <ruleid>
  <text>1</text>
 </ruleid>
 <otherrule>
  <text></text>
 </otherrule>
 <subqtext format="html">
<text><![CDATA[<p dir="ltr" style="text-align: left;">\(x=\) {_0}, \(y=\) {_1}, \(z=\) {_2}.</p>]]></text>
 </subqtext>
 <feedback format="html">
<text></text>
 </feedback>
 <correctfeedback format="html">
<text></text>
 </correctfeedback>
 <partiallycorrectfeedback format="html">
<text></text>
 </partiallycorrectfeedback>
 <incorrectfeedback format="html">
<text></text>
 </incorrectfeedback>
</answers>
  </question>

<!-- question: 205518  -->
  <question type="formulas">
    <name>
      <text>Soustavy</text>
    </name>
    <questiontext format="html">
      <text><![CDATA[<p dir="ltr" style="text-align: left;"></p>
<p dir="ltr">Určete všechny trojice reálných čísel \(x,y,z\), které jsou řešením soustavy rovnic:</p>
<p dir="ltr">$${soustava}$$</p>
<p dir="ltr">Ke druhé rovnici přičtěte (-2) násobek první rovnice.<br>Ke třetí rovnici přičtěte (-4) násobek první rovnice. {#1}</p>
<p dir="ltr">Ke třetí rovnici přičtěte takový násobek druhé upravené rovnice, aby ve třetí rovnici byla s nenulovým koeficientem pouze neznámá \(z\). Ze této upravené rovnice vypočtěte hodnotu \(z\).{#2}</p>
<p dir="ltr">Vypočtené \(z\) dosaďte do druhé rovnice a určete hodnotu \(y\).{#3}</p>
<p dir="ltr">Vypočtené \(z\) a \(y\) dosaďte do první rovnice a určete hodnotu \(x\).{#4}</p>]]></text>
    </questiontext>
    <generalfeedback format="html">
      <text></text>
    </generalfeedback>
    <defaultgrade>4.0000000</defaultgrade>
    <penalty>0.3333333</penalty>
    <hidden>0</hidden>
    <idnumber></idnumber>
    <correctfeedback format="html">
      <text>Vaše odpověď je správná.</text>
    </correctfeedback>
    <partiallycorrectfeedback format="html">
      <text>Vaše odpověď je částečně správná.</text>
    </partiallycorrectfeedback>
    <incorrectfeedback format="html">
      <text>Vaše odpověď je chybná.</text>
    </incorrectfeedback>
    <shownumcorrect/>
<varsrandom><text></text>
</varsrandom>
<varsglobal><text><![CDATA[#A=[[1,1,2],[2,-1,2],[4,1,4]]; B=[-1,-4,-2];
soustava = "\\begin{array}{rrrrr} x&+y&+2z&=&-1\\\\2x&-y&+2z&=&-4\\\\4x&+y&+4z&=&-2\\end{array}";
x=1;y=2;z=-2;
a1=0;b1=-3;c1=-2;d1=-2;
a2=0;b2=-3;c2=-4;d2=2;]]></text>
</varsglobal>
<answernumbering><text>abc</text>
</answernumbering>
<answers>
 <partindex>
  <text>0</text>
 </partindex>
 <placeholder>
  <text>#1</text>
 </placeholder>
 <answermark>
  <text>1</text>
 </answermark>
 <answertype>
  <text>0</text>
 </answertype>
 <numbox>
  <text>8</text>
 </numbox>
 <vars1>
  <text></text>
 </vars1>
 <answer>
  <text>[a1,b1,c1,d1,a2,b2,c2,d2]</text>
 </answer>
 <vars2>
  <text></text>
 </vars2>
 <correctness>
  <text><![CDATA[_relerr < 0.01]]></text>
 </correctness>
 <unitpenalty>
  <text>1</text>
 </unitpenalty>
 <postunit>
  <text></text>
 </postunit>
 <ruleid>
  <text>1</text>
 </ruleid>
 <otherrule>
  <text></text>
 </otherrule>
 <subqtext format="html">
<text><![CDATA[<table valign="top" width="NaNpx" border="0">
    <tbody>
        <tr>
            <td>x </td>
            <td>+y</td>
            <td>+2z</td>
            <td>=</td>
            <td>-1</td>
        </tr>
        <tr>
            <td>{_0} x<br></td>
            <td>{_1} y<br></td>
            <td>{_2} z<br></td>
            <td>=<br></td>
            <td>{_3}<br></td>
        </tr>
        <tr>
            <td>{_4} x<br></td>
            <td>{_5} y<br></td>
            <td>{_6} z<br></td>
            <td>=<br></td>
            <td>{_7}<br></td>
        </tr>
    </tbody>
</table>]]></text>
 </subqtext>
 <feedback format="html">
<text></text>
 </feedback>
 <correctfeedback format="html">
<text></text>
 </correctfeedback>
 <partiallycorrectfeedback format="html">
<text></text>
 </partiallycorrectfeedback>
 <incorrectfeedback format="html">
<text></text>
 </incorrectfeedback>
</answers>
<answers>
 <partindex>
  <text>1</text>
 </partindex>
 <placeholder>
  <text>#2</text>
 </placeholder>
 <answermark>
  <text>1</text>
 </answermark>
 <answertype>
  <text>10</text>
 </answertype>
 <numbox>
  <text>1</text>
 </numbox>
 <vars1>
  <text></text>
 </vars1>
 <answer>
  <text>z</text>
 </answer>
 <vars2>
  <text></text>
 </vars2>
 <correctness>
  <text><![CDATA[_relerr < 0.01]]></text>
 </correctness>
 <unitpenalty>
  <text>1</text>
 </unitpenalty>
 <postunit>
  <text></text>
 </postunit>
 <ruleid>
  <text>1</text>
 </ruleid>
 <otherrule>
  <text></text>
 </otherrule>
 <subqtext format="html">
<text><![CDATA[<p dir="ltr" style="text-align: left;">\(z=\){_0}<br></p>]]></text>
 </subqtext>
 <feedback format="html">
<text></text>
 </feedback>
 <correctfeedback format="html">
<text></text>
 </correctfeedback>
 <partiallycorrectfeedback format="html">
<text></text>
 </partiallycorrectfeedback>
 <incorrectfeedback format="html">
<text></text>
 </incorrectfeedback>
</answers>
<answers>
 <partindex>
  <text>2</text>
 </partindex>
 <placeholder>
  <text>#3</text>
 </placeholder>
 <answermark>
  <text>1</text>
 </answermark>
 <answertype>
  <text>10</text>
 </answertype>
 <numbox>
  <text>1</text>
 </numbox>
 <vars1>
  <text></text>
 </vars1>
 <answer>
  <text>y</text>
 </answer>
 <vars2>
  <text></text>
 </vars2>
 <correctness>
  <text><![CDATA[_relerr < 0.01]]></text>
 </correctness>
 <unitpenalty>
  <text>1</text>
 </unitpenalty>
 <postunit>
  <text></text>
 </postunit>
 <ruleid>
  <text>1</text>
 </ruleid>
 <otherrule>
  <text></text>
 </otherrule>
 <subqtext format="html">
<text><![CDATA[<p dir="ltr" style="text-align: left;">\(y=\){_0}<br></p>]]></text>
 </subqtext>
 <feedback format="html">
<text></text>
 </feedback>
 <correctfeedback format="html">
<text></text>
 </correctfeedback>
 <partiallycorrectfeedback format="html">
<text></text>
 </partiallycorrectfeedback>
 <incorrectfeedback format="html">
<text></text>
 </incorrectfeedback>
</answers>
<answers>
 <partindex>
  <text>3</text>
 </partindex>
 <placeholder>
  <text>#4</text>
 </placeholder>
 <answermark>
  <text>1</text>
 </answermark>
 <answertype>
  <text>10</text>
 </answertype>
 <numbox>
  <text>1</text>
 </numbox>
 <vars1>
  <text></text>
 </vars1>
 <answer>
  <text>x</text>
 </answer>
 <vars2>
  <text></text>
 </vars2>
 <correctness>
  <text><![CDATA[_relerr < 0.01]]></text>
 </correctness>
 <unitpenalty>
  <text>1</text>
 </unitpenalty>
 <postunit>
  <text></text>
 </postunit>
 <ruleid>
  <text>1</text>
 </ruleid>
 <otherrule>
  <text></text>
 </otherrule>
 <subqtext format="html">
<text><![CDATA[<p dir="ltr" style="text-align: left;">\(x=\){_0}<br></p>]]></text>
 </subqtext>
 <feedback format="html">
<text></text>
 </feedback>
 <correctfeedback format="html">
<text></text>
 </correctfeedback>
 <partiallycorrectfeedback format="html">
<text></text>
 </partiallycorrectfeedback>
 <incorrectfeedback format="html">
<text></text>
 </incorrectfeedback>
</answers>
  </question>

<!-- question: 205519  -->
  <question type="formulas">
    <name>
      <text>Soustavy 3 nez, pet2.15-31 a</text>
    </name>
    <questiontext format="html">
      <text><![CDATA[<p dir="ltr" style="text-align: left;"></p>
<p dir="ltr">Určete všechny trojice reálných čísel \(x,y,z\), které jsou řešením soustavy rovnic:</p>
<p dir="ltr">$${soustava}$$</p>
<p dir="ltr">Ke druhé rovnici přičtěte (-2) násobek první rovnice.<br>Ke třetí rovnici přičtěte (-4) násobek první rovnice. {#1}</p>
<p dir="ltr">Ke třetí rovnici přičtěte takový násobek druhé upravené rovnice, aby ve třetí rovnici byla s nenulovým koeficientem pouze neznámá \(z\). Ze této upravené rovnice vypočtěte hodnotu \(z\).{#2}</p>
<p dir="ltr">Vypočtené \(z\) dosaďte do druhé rovnice a určete hodnotu \(y\).{#3}</p>
<p dir="ltr">Vypočtené \(z\) a \(y\) dosaďte do první rovnice a určete hodnotu \(x\).{#4}</p>]]></text>
    </questiontext>
    <generalfeedback format="html">
      <text></text>
    </generalfeedback>
    <defaultgrade>4.0000000</defaultgrade>
    <penalty>0.3333333</penalty>
    <hidden>0</hidden>
    <idnumber></idnumber>
    <correctfeedback format="html">
      <text>Vaše odpověď je správná.</text>
    </correctfeedback>
    <partiallycorrectfeedback format="html">
      <text>Vaše odpověď je částečně správná.</text>
    </partiallycorrectfeedback>
    <incorrectfeedback format="html">
      <text>Vaše odpověď je chybná.</text>
    </incorrectfeedback>
    <shownumcorrect/>
<varsrandom><text></text>
</varsrandom>
<varsglobal><text><![CDATA[#A=[[1,1,2],[2,-1,2],[4,1,4]]; B=[-1,-4,-2];
soustava = "\\begin{array}{rrrrr} x&+y&+2z&=&-1\\\\2x&-y&+2z&=&-4\\\\4x&+y&+4z&=&-2\\end{array}";
x=1;y=2;z=-2;
a1=0;b1=-3;c1=-2;d1=-2;
a2=0;b2=-3;c2=-4;d2=2;]]></text>
</varsglobal>
<answernumbering><text>abc</text>
</answernumbering>
<answers>
 <partindex>
  <text>0</text>
 </partindex>
 <placeholder>
  <text>#1</text>
 </placeholder>
 <answermark>
  <text>1</text>
 </answermark>
 <answertype>
  <text>0</text>
 </answertype>
 <numbox>
  <text>8</text>
 </numbox>
 <vars1>
  <text></text>
 </vars1>
 <answer>
  <text>[a1,b1,c1,d1,a2,b2,c2,d2]</text>
 </answer>
 <vars2>
  <text></text>
 </vars2>
 <correctness>
  <text><![CDATA[_relerr < 0.01]]></text>
 </correctness>
 <unitpenalty>
  <text>1</text>
 </unitpenalty>
 <postunit>
  <text></text>
 </postunit>
 <ruleid>
  <text>1</text>
 </ruleid>
 <otherrule>
  <text></text>
 </otherrule>
 <subqtext format="html">
<text><![CDATA[<table valign="top" width="NaNpx" border="0">
    <tbody>
        <tr>
            <td>x </td>
            <td>+y</td>
            <td>+2z</td>
            <td>=</td>
            <td>-1</td>
        </tr>
        <tr>
            <td>{_0} x<br></td>
            <td>{_1} y<br></td>
            <td>{_2} z<br></td>
            <td>=<br></td>
            <td>{_3}<br></td>
        </tr>
        <tr>
            <td>{_4} x<br></td>
            <td>{_5} y<br></td>
            <td>{_6} z<br></td>
            <td>=<br></td>
            <td>{_7}<br></td>
        </tr>
    </tbody>
</table>]]></text>
 </subqtext>
 <feedback format="html">
<text></text>
 </feedback>
 <correctfeedback format="html">
<text></text>
 </correctfeedback>
 <partiallycorrectfeedback format="html">
<text></text>
 </partiallycorrectfeedback>
 <incorrectfeedback format="html">
<text></text>
 </incorrectfeedback>
</answers>
<answers>
 <partindex>
  <text>1</text>
 </partindex>
 <placeholder>
  <text>#2</text>
 </placeholder>
 <answermark>
  <text>1</text>
 </answermark>
 <answertype>
  <text>10</text>
 </answertype>
 <numbox>
  <text>1</text>
 </numbox>
 <vars1>
  <text></text>
 </vars1>
 <answer>
  <text>z</text>
 </answer>
 <vars2>
  <text></text>
 </vars2>
 <correctness>
  <text><![CDATA[_relerr < 0.01]]></text>
 </correctness>
 <unitpenalty>
  <text>1</text>
 </unitpenalty>
 <postunit>
  <text></text>
 </postunit>
 <ruleid>
  <text>1</text>
 </ruleid>
 <otherrule>
  <text></text>
 </otherrule>
 <subqtext format="html">
<text><![CDATA[<p dir="ltr" style="text-align: left;">\(z=\){_0}<br></p>]]></text>
 </subqtext>
 <feedback format="html">
<text></text>
 </feedback>
 <correctfeedback format="html">
<text></text>
 </correctfeedback>
 <partiallycorrectfeedback format="html">
<text></text>
 </partiallycorrectfeedback>
 <incorrectfeedback format="html">
<text></text>
 </incorrectfeedback>
</answers>
<answers>
 <partindex>
  <text>2</text>
 </partindex>
 <placeholder>
  <text>#3</text>
 </placeholder>
 <answermark>
  <text>1</text>
 </answermark>
 <answertype>
  <text>10</text>
 </answertype>
 <numbox>
  <text>1</text>
 </numbox>
 <vars1>
  <text></text>
 </vars1>
 <answer>
  <text>y</text>
 </answer>
 <vars2>
  <text></text>
 </vars2>
 <correctness>
  <text><![CDATA[_relerr < 0.01]]></text>
 </correctness>
 <unitpenalty>
  <text>1</text>
 </unitpenalty>
 <postunit>
  <text></text>
 </postunit>
 <ruleid>
  <text>1</text>
 </ruleid>
 <otherrule>
  <text></text>
 </otherrule>
 <subqtext format="html">
<text><![CDATA[<p dir="ltr" style="text-align: left;">\(y=\){_0}<br></p>]]></text>
 </subqtext>
 <feedback format="html">
<text></text>
 </feedback>
 <correctfeedback format="html">
<text></text>
 </correctfeedback>
 <partiallycorrectfeedback format="html">
<text></text>
 </partiallycorrectfeedback>
 <incorrectfeedback format="html">
<text></text>
 </incorrectfeedback>
</answers>
<answers>
 <partindex>
  <text>3</text>
 </partindex>
 <placeholder>
  <text>#4</text>
 </placeholder>
 <answermark>
  <text>1</text>
 </answermark>
 <answertype>
  <text>10</text>
 </answertype>
 <numbox>
  <text>1</text>
 </numbox>
 <vars1>
  <text></text>
 </vars1>
 <answer>
  <text>x</text>
 </answer>
 <vars2>
  <text></text>
 </vars2>
 <correctness>
  <text><![CDATA[_relerr < 0.01]]></text>
 </correctness>
 <unitpenalty>
  <text>1</text>
 </unitpenalty>
 <postunit>
  <text></text>
 </postunit>
 <ruleid>
  <text>1</text>
 </ruleid>
 <otherrule>
  <text></text>
 </otherrule>
 <subqtext format="html">
<text><![CDATA[<p dir="ltr" style="text-align: left;">\(x=\){_0}<br></p>]]></text>
 </subqtext>
 <feedback format="html">
<text></text>
 </feedback>
 <correctfeedback format="html">
<text></text>
 </correctfeedback>
 <partiallycorrectfeedback format="html">
<text></text>
 </partiallycorrectfeedback>
 <incorrectfeedback format="html">
<text></text>
 </incorrectfeedback>
</answers>
  </question>

<!-- question: 205520  -->
  <question type="formulas">
    <name>
      <text>Soustavy 3 nez, pet2.15-31 b</text>
    </name>
    <questiontext format="html">
      <text><![CDATA[<p dir="ltr" style="text-align: left;"></p>
<p dir="ltr">Určete všechny trojice reálných čísel \(x,y,z\), které jsou řešením soustavy rovnic:</p>
<p dir="ltr">$${soustava}$$</p>
<p dir="ltr">K (-2) násobku druhé rovnici přičtěte 7 násobek první rovnice.<br>K (-2) násobku třetí rovnici přičtěte&nbsp; první rovnici. {#1}</p>
<p dir="ltr">Ke třetí rovnici přičtěte takový násobek druhé upravené rovnice, aby ve třetí rovnici byla s nenulovým koeficientem pouze neznámá \(z\). Ze této upravené rovnice vypočtěte hodnotu \(z\).{#2}</p>
<p dir="ltr">Vypočtené \(z\) dosaďte do druhé rovnice a určete hodnotu \(y\).{#3}</p>
<p dir="ltr">Vypočtené \(z\) a \(y\) dosaďte do první rovnice a určete hodnotu \(x\).{#4}</p>]]></text>
    </questiontext>
    <generalfeedback format="html">
      <text></text>
    </generalfeedback>
    <defaultgrade>4.0000000</defaultgrade>
    <penalty>0.3333333</penalty>
    <hidden>0</hidden>
    <idnumber></idnumber>
    <correctfeedback format="html">
      <text>Vaše odpověď je správná.</text>
    </correctfeedback>
    <partiallycorrectfeedback format="html">
      <text>Vaše odpověď je částečně správná.</text>
    </partiallycorrectfeedback>
    <incorrectfeedback format="html">
      <text>Vaše odpověď je chybná.</text>
    </incorrectfeedback>
    <shownumcorrect/>
<varsrandom><text></text>
</varsrandom>
<varsglobal><text><![CDATA[soustava = "\\begin{array}{rrrrr} 2x&+3y&+z&=&15\\\\7x&-y&+z&=&9\\\\x&+2y&+z&=&9\\end{array}";
x=2;y=4;z=-1;
a1=0;b1=23;c1=5;d1=87;
a2=0;b2=-1;c2=-1;d2=-3;]]></text>
</varsglobal>
<answernumbering><text>abc</text>
</answernumbering>
<answers>
 <partindex>
  <text>0</text>
 </partindex>
 <placeholder>
  <text>#1</text>
 </placeholder>
 <answermark>
  <text>1</text>
 </answermark>
 <answertype>
  <text>0</text>
 </answertype>
 <numbox>
  <text>8</text>
 </numbox>
 <vars1>
  <text></text>
 </vars1>
 <answer>
  <text>[a1,b1,c1,d1,a2,b2,c2,d2]</text>
 </answer>
 <vars2>
  <text></text>
 </vars2>
 <correctness>
  <text><![CDATA[_relerr < 0.01]]></text>
 </correctness>
 <unitpenalty>
  <text>1</text>
 </unitpenalty>
 <postunit>
  <text></text>
 </postunit>
 <ruleid>
  <text>1</text>
 </ruleid>
 <otherrule>
  <text></text>
 </otherrule>
 <subqtext format="html">
<text><![CDATA[<table valign="top" width="NaNpx" border="0">
    <tbody>
        <tr>
            <td>2x </td>
            <td>+3y</td>
            <td>+z</td>
            <td>=</td>
            <td>15</td>
        </tr>
        <tr>
            <td>{_0} x<br></td>
            <td>{_1} y<br></td>
            <td>{_2} z<br></td>
            <td>=<br></td>
            <td>{_3}<br></td>
        </tr>
        <tr>
            <td>{_4} x<br></td>
            <td>{_5} y<br></td>
            <td>{_6} z<br></td>
            <td>=<br></td>
            <td>{_7}<br></td>
        </tr>
    </tbody>
</table>]]></text>
 </subqtext>
 <feedback format="html">
<text></text>
 </feedback>
 <correctfeedback format="html">
<text></text>
 </correctfeedback>
 <partiallycorrectfeedback format="html">
<text></text>
 </partiallycorrectfeedback>
 <incorrectfeedback format="html">
<text></text>
 </incorrectfeedback>
</answers>
<answers>
 <partindex>
  <text>1</text>
 </partindex>
 <placeholder>
  <text>#2</text>
 </placeholder>
 <answermark>
  <text>1</text>
 </answermark>
 <answertype>
  <text>10</text>
 </answertype>
 <numbox>
  <text>1</text>
 </numbox>
 <vars1>
  <text></text>
 </vars1>
 <answer>
  <text>z</text>
 </answer>
 <vars2>
  <text></text>
 </vars2>
 <correctness>
  <text><![CDATA[_relerr < 0.01]]></text>
 </correctness>
 <unitpenalty>
  <text>1</text>
 </unitpenalty>
 <postunit>
  <text></text>
 </postunit>
 <ruleid>
  <text>1</text>
 </ruleid>
 <otherrule>
  <text></text>
 </otherrule>
 <subqtext format="html">
<text><![CDATA[<p dir="ltr" style="text-align: left;">\(z=\){_0}<br></p>]]></text>
 </subqtext>
 <feedback format="html">
<text></text>
 </feedback>
 <correctfeedback format="html">
<text></text>
 </correctfeedback>
 <partiallycorrectfeedback format="html">
<text></text>
 </partiallycorrectfeedback>
 <incorrectfeedback format="html">
<text></text>
 </incorrectfeedback>
</answers>
<answers>
 <partindex>
  <text>2</text>
 </partindex>
 <placeholder>
  <text>#3</text>
 </placeholder>
 <answermark>
  <text>1</text>
 </answermark>
 <answertype>
  <text>10</text>
 </answertype>
 <numbox>
  <text>1</text>
 </numbox>
 <vars1>
  <text></text>
 </vars1>
 <answer>
  <text>y</text>
 </answer>
 <vars2>
  <text></text>
 </vars2>
 <correctness>
  <text><![CDATA[_relerr < 0.01]]></text>
 </correctness>
 <unitpenalty>
  <text>1</text>
 </unitpenalty>
 <postunit>
  <text></text>
 </postunit>
 <ruleid>
  <text>1</text>
 </ruleid>
 <otherrule>
  <text></text>
 </otherrule>
 <subqtext format="html">
<text><![CDATA[<p dir="ltr" style="text-align: left;">\(y=\){_0}<br></p>]]></text>
 </subqtext>
 <feedback format="html">
<text></text>
 </feedback>
 <correctfeedback format="html">
<text></text>
 </correctfeedback>
 <partiallycorrectfeedback format="html">
<text></text>
 </partiallycorrectfeedback>
 <incorrectfeedback format="html">
<text></text>
 </incorrectfeedback>
</answers>
<answers>
 <partindex>
  <text>3</text>
 </partindex>
 <placeholder>
  <text>#4</text>
 </placeholder>
 <answermark>
  <text>1</text>
 </answermark>
 <answertype>
  <text>10</text>
 </answertype>
 <numbox>
  <text>1</text>
 </numbox>
 <vars1>
  <text></text>
 </vars1>
 <answer>
  <text>x</text>
 </answer>
 <vars2>
  <text></text>
 </vars2>
 <correctness>
  <text><![CDATA[_relerr < 0.01]]></text>
 </correctness>
 <unitpenalty>
  <text>1</text>
 </unitpenalty>
 <postunit>
  <text></text>
 </postunit>
 <ruleid>
  <text>1</text>
 </ruleid>
 <otherrule>
  <text></text>
 </otherrule>
 <subqtext format="html">
<text><![CDATA[<p dir="ltr" style="text-align: left;">\(x=\){_0}<br></p>]]></text>
 </subqtext>
 <feedback format="html">
<text></text>
 </feedback>
 <correctfeedback format="html">
<text></text>
 </correctfeedback>
 <partiallycorrectfeedback format="html">
<text></text>
 </partiallycorrectfeedback>
 <incorrectfeedback format="html">
<text></text>
 </incorrectfeedback>
</answers>
  </question>

<!-- question: 205521  -->
  <question type="formulas">
    <name>
      <text>Soustavy 3 nez, pet2.15-31 c</text>
    </name>
    <questiontext format="html">
      <text><![CDATA[<p dir="ltr" style="text-align: left;"></p>
<p dir="ltr">Určete všechny trojice reálných čísel \(x,y,z\), které jsou řešením soustavy rovnic:</p>
<p dir="ltr">$${soustava}$$</p>
<p dir="ltr">K (-2) násobku druhé rovnice přičtěte první rovnici.<br>Ke třetí rovnici přičtěte&nbsp; (-2) násobek první rovnice. {#1}</p>
<p dir="ltr">Vypočtěte hodnotu \(z\).{#2}</p>
<p dir="ltr">Vypočtené \(z\) dosaďte do druhé rovnice a určete hodnotu \(y\).{#3}</p>
<p dir="ltr">Vypočtené \(z\) a \(y\) dosaďte do první rovnice a určete hodnotu \(x\).{#4}</p>]]></text>
    </questiontext>
    <generalfeedback format="html">
      <text></text>
    </generalfeedback>
    <defaultgrade>4.0000000</defaultgrade>
    <penalty>0.3333333</penalty>
    <hidden>0</hidden>
    <idnumber></idnumber>
    <correctfeedback format="html">
      <text>Vaše odpověď je správná.</text>
    </correctfeedback>
    <partiallycorrectfeedback format="html">
      <text>Vaše odpověď je částečně správná.</text>
    </partiallycorrectfeedback>
    <incorrectfeedback format="html">
      <text>Vaše odpověď je chybná.</text>
    </incorrectfeedback>
    <shownumcorrect/>
<varsrandom><text></text>
</varsrandom>
<varsglobal><text><![CDATA[soustava = "\\begin{array}{rrrrr} 2x&+y&-z&=&0\\\\x&-y&+3z&=&0\\\\4x&+2y&+z&=&0\\end{array}";
x=0;y=0;z=0;
a1=0;b1=3;c1=-7;d1=0;
a2=0;b2=0;c2=3;d2=0;]]></text>
</varsglobal>
<answernumbering><text>abc</text>
</answernumbering>
<answers>
 <partindex>
  <text>0</text>
 </partindex>
 <placeholder>
  <text>#1</text>
 </placeholder>
 <answermark>
  <text>1</text>
 </answermark>
 <answertype>
  <text>0</text>
 </answertype>
 <numbox>
  <text>8</text>
 </numbox>
 <vars1>
  <text></text>
 </vars1>
 <answer>
  <text>[a1,b1,c1,d1,a2,b2,c2,d2]</text>
 </answer>
 <vars2>
  <text></text>
 </vars2>
 <correctness>
  <text><![CDATA[_relerr < 0.01]]></text>
 </correctness>
 <unitpenalty>
  <text>1</text>
 </unitpenalty>
 <postunit>
  <text></text>
 </postunit>
 <ruleid>
  <text>1</text>
 </ruleid>
 <otherrule>
  <text></text>
 </otherrule>
 <subqtext format="html">
<text><![CDATA[<table valign="top" width="NaNpx" border="0">
    <tbody>
        <tr>
            <td>2x </td>
            <td>+3y</td>
            <td>+z</td>
            <td>=</td>
            <td>15</td>
        </tr>
        <tr>
            <td>{_0} x<br></td>
            <td>{_1} y<br></td>
            <td>{_2} z<br></td>
            <td>=<br></td>
            <td>{_3}<br></td>
        </tr>
        <tr>
            <td>{_4} x<br></td>
            <td>{_5} y<br></td>
            <td>{_6} z<br></td>
            <td>=<br></td>
            <td>{_7}<br></td>
        </tr>
    </tbody>
</table>]]></text>
 </subqtext>
 <feedback format="html">
<text></text>
 </feedback>
 <correctfeedback format="html">
<text></text>
 </correctfeedback>
 <partiallycorrectfeedback format="html">
<text></text>
 </partiallycorrectfeedback>
 <incorrectfeedback format="html">
<text></text>
 </incorrectfeedback>
</answers>
<answers>
 <partindex>
  <text>1</text>
 </partindex>
 <placeholder>
  <text>#2</text>
 </placeholder>
 <answermark>
  <text>1</text>
 </answermark>
 <answertype>
  <text>10</text>
 </answertype>
 <numbox>
  <text>1</text>
 </numbox>
 <vars1>
  <text></text>
 </vars1>
 <answer>
  <text>z</text>
 </answer>
 <vars2>
  <text></text>
 </vars2>
 <correctness>
  <text><![CDATA[_relerr < 0.01]]></text>
 </correctness>
 <unitpenalty>
  <text>1</text>
 </unitpenalty>
 <postunit>
  <text></text>
 </postunit>
 <ruleid>
  <text>1</text>
 </ruleid>
 <otherrule>
  <text></text>
 </otherrule>
 <subqtext format="html">
<text><![CDATA[<p dir="ltr" style="text-align: left;">\(z=\){_0}<br></p>]]></text>
 </subqtext>
 <feedback format="html">
<text></text>
 </feedback>
 <correctfeedback format="html">
<text></text>
 </correctfeedback>
 <partiallycorrectfeedback format="html">
<text></text>
 </partiallycorrectfeedback>
 <incorrectfeedback format="html">
<text></text>
 </incorrectfeedback>
</answers>
<answers>
 <partindex>
  <text>2</text>
 </partindex>
 <placeholder>
  <text>#3</text>
 </placeholder>
 <answermark>
  <text>1</text>
 </answermark>
 <answertype>
  <text>10</text>
 </answertype>
 <numbox>
  <text>1</text>
 </numbox>
 <vars1>
  <text></text>
 </vars1>
 <answer>
  <text>y</text>
 </answer>
 <vars2>
  <text></text>
 </vars2>
 <correctness>
  <text><![CDATA[_relerr < 0.01]]></text>
 </correctness>
 <unitpenalty>
  <text>1</text>
 </unitpenalty>
 <postunit>
  <text></text>
 </postunit>
 <ruleid>
  <text>1</text>
 </ruleid>
 <otherrule>
  <text></text>
 </otherrule>
 <subqtext format="html">
<text><![CDATA[<p dir="ltr" style="text-align: left;">\(y=\){_0}<br></p>]]></text>
 </subqtext>
 <feedback format="html">
<text></text>
 </feedback>
 <correctfeedback format="html">
<text></text>
 </correctfeedback>
 <partiallycorrectfeedback format="html">
<text></text>
 </partiallycorrectfeedback>
 <incorrectfeedback format="html">
<text></text>
 </incorrectfeedback>
</answers>
<answers>
 <partindex>
  <text>3</text>
 </partindex>
 <placeholder>
  <text>#4</text>
 </placeholder>
 <answermark>
  <text>1</text>
 </answermark>
 <answertype>
  <text>10</text>
 </answertype>
 <numbox>
  <text>1</text>
 </numbox>
 <vars1>
  <text></text>
 </vars1>
 <answer>
  <text>x</text>
 </answer>
 <vars2>
  <text></text>
 </vars2>
 <correctness>
  <text><![CDATA[_relerr < 0.01]]></text>
 </correctness>
 <unitpenalty>
  <text>1</text>
 </unitpenalty>
 <postunit>
  <text></text>
 </postunit>
 <ruleid>
  <text>1</text>
 </ruleid>
 <otherrule>
  <text></text>
 </otherrule>
 <subqtext format="html">
<text><![CDATA[<p dir="ltr" style="text-align: left;">\(x=\){_0}<br></p>]]></text>
 </subqtext>
 <feedback format="html">
<text></text>
 </feedback>
 <correctfeedback format="html">
<text></text>
 </correctfeedback>
 <partiallycorrectfeedback format="html">
<text></text>
 </partiallycorrectfeedback>
 <incorrectfeedback format="html">
<text></text>
 </incorrectfeedback>
</answers>
  </question>

<!-- question: 205522  -->
  <question type="formulas">
    <name>
      <text>Soustavy 3 nez, pet2.15-31 d</text>
    </name>
    <questiontext format="html">
      <text><![CDATA[<p dir="ltr" style="text-align: left;"></p>
<p dir="ltr">Určete všechny trojice reálných čísel \(x,y,z\), které jsou řešením soustavy rovnic:</p>
<p dir="ltr">$${soustava}$$</p>K (-2) násobku třetí rovnici přičtěte&nbsp; první rovnici. {#1}
<p dir="ltr">Ke třetí rovnici přičtěte takový násobek druhé upravené rovnice, aby ve třetí rovnici byla s nenulovým koeficientem pouze neznámá \(z\). Ze této upravené rovnice vypočtěte hodnotu \(z\).{#2}</p>
<p dir="ltr">Vypočtené \(z\) dosaďte do druhé rovnice a určete hodnotu \(y\).{#3}</p>
<p dir="ltr">Vypočtené \(z\) a \(y\) dosaďte do první rovnice a určete hodnotu \(x\).{#4}</p>]]></text>
    </questiontext>
    <generalfeedback format="html">
      <text></text>
    </generalfeedback>
    <defaultgrade>4.0000000</defaultgrade>
    <penalty>0.3333333</penalty>
    <hidden>0</hidden>
    <idnumber></idnumber>
    <correctfeedback format="html">
      <text>Vaše odpověď je správná.</text>
    </correctfeedback>
    <partiallycorrectfeedback format="html">
      <text>Vaše odpověď je částečně správná.</text>
    </partiallycorrectfeedback>
    <incorrectfeedback format="html">
      <text>Vaše odpověď je chybná.</text>
    </incorrectfeedback>
    <shownumcorrect/>
<varsrandom><text></text>
</varsrandom>
<varsglobal><text><![CDATA[soustava = "\\begin{array}{rrrrr} 2x&-y&&=&6\\\\&+y&+4z&=&8\\\\x&&-z&=&1\\end{array}";
x=3;y=0;z=2;
a1=0;b1=1;c1=4;d1=8;
a2=0;b2=-1;c2=2;d2=4;]]></text>
</varsglobal>
<answernumbering><text>abc</text>
</answernumbering>
<answers>
 <partindex>
  <text>0</text>
 </partindex>
 <placeholder>
  <text>#1</text>
 </placeholder>
 <answermark>
  <text>1</text>
 </answermark>
 <answertype>
  <text>0</text>
 </answertype>
 <numbox>
  <text>4</text>
 </numbox>
 <vars1>
  <text></text>
 </vars1>
 <answer>
  <text>[a2,b2,c2,d2]</text>
 </answer>
 <vars2>
  <text></text>
 </vars2>
 <correctness>
  <text><![CDATA[_relerr < 0.01]]></text>
 </correctness>
 <unitpenalty>
  <text>1</text>
 </unitpenalty>
 <postunit>
  <text></text>
 </postunit>
 <ruleid>
  <text>1</text>
 </ruleid>
 <otherrule>
  <text></text>
 </otherrule>
 <subqtext format="html">
<text><![CDATA[<table valign="top" width="NaNpx" border="0">
    <tbody>
        <tr>
            <td>2x </td>
            <td>-y</td>
            <td><br></td>
            <td>=</td>
            <td>6<br></td>
        </tr>
        <tr>
            <td><br></td>
            <td>&nbsp;y<br></td>
            <td>+4 z<br></td>
            <td>=<br></td>
            <td>8<br></td>
        </tr>
        <tr>
            <td>{_0} x<br></td>
            <td>{_1} y<br></td>
            <td>{_2} z<br></td>
            <td>=<br></td>
            <td>{_3}<br></td>
        </tr>
    </tbody>
</table>]]></text>
 </subqtext>
 <feedback format="html">
<text></text>
 </feedback>
 <correctfeedback format="html">
<text></text>
 </correctfeedback>
 <partiallycorrectfeedback format="html">
<text></text>
 </partiallycorrectfeedback>
 <incorrectfeedback format="html">
<text></text>
 </incorrectfeedback>
</answers>
<answers>
 <partindex>
  <text>1</text>
 </partindex>
 <placeholder>
  <text>#2</text>
 </placeholder>
 <answermark>
  <text>1</text>
 </answermark>
 <answertype>
  <text>10</text>
 </answertype>
 <numbox>
  <text>1</text>
 </numbox>
 <vars1>
  <text></text>
 </vars1>
 <answer>
  <text>z</text>
 </answer>
 <vars2>
  <text></text>
 </vars2>
 <correctness>
  <text><![CDATA[_relerr < 0.01]]></text>
 </correctness>
 <unitpenalty>
  <text>1</text>
 </unitpenalty>
 <postunit>
  <text></text>
 </postunit>
 <ruleid>
  <text>1</text>
 </ruleid>
 <otherrule>
  <text></text>
 </otherrule>
 <subqtext format="html">
<text><![CDATA[<p dir="ltr" style="text-align: left;">\(z=\){_0}<br></p>]]></text>
 </subqtext>
 <feedback format="html">
<text></text>
 </feedback>
 <correctfeedback format="html">
<text></text>
 </correctfeedback>
 <partiallycorrectfeedback format="html">
<text></text>
 </partiallycorrectfeedback>
 <incorrectfeedback format="html">
<text></text>
 </incorrectfeedback>
</answers>
<answers>
 <partindex>
  <text>2</text>
 </partindex>
 <placeholder>
  <text>#3</text>
 </placeholder>
 <answermark>
  <text>1</text>
 </answermark>
 <answertype>
  <text>10</text>
 </answertype>
 <numbox>
  <text>1</text>
 </numbox>
 <vars1>
  <text></text>
 </vars1>
 <answer>
  <text>y</text>
 </answer>
 <vars2>
  <text></text>
 </vars2>
 <correctness>
  <text><![CDATA[_relerr < 0.01]]></text>
 </correctness>
 <unitpenalty>
  <text>1</text>
 </unitpenalty>
 <postunit>
  <text></text>
 </postunit>
 <ruleid>
  <text>1</text>
 </ruleid>
 <otherrule>
  <text></text>
 </otherrule>
 <subqtext format="html">
<text><![CDATA[<p dir="ltr" style="text-align: left;">\(y=\){_0}<br></p>]]></text>
 </subqtext>
 <feedback format="html">
<text></text>
 </feedback>
 <correctfeedback format="html">
<text></text>
 </correctfeedback>
 <partiallycorrectfeedback format="html">
<text></text>
 </partiallycorrectfeedback>
 <incorrectfeedback format="html">
<text></text>
 </incorrectfeedback>
</answers>
<answers>
 <partindex>
  <text>3</text>
 </partindex>
 <placeholder>
  <text>#4</text>
 </placeholder>
 <answermark>
  <text>1</text>
 </answermark>
 <answertype>
  <text>10</text>
 </answertype>
 <numbox>
  <text>1</text>
 </numbox>
 <vars1>
  <text></text>
 </vars1>
 <answer>
  <text>x</text>
 </answer>
 <vars2>
  <text></text>
 </vars2>
 <correctness>
  <text><![CDATA[_relerr < 0.01]]></text>
 </correctness>
 <unitpenalty>
  <text>1</text>
 </unitpenalty>
 <postunit>
  <text></text>
 </postunit>
 <ruleid>
  <text>1</text>
 </ruleid>
 <otherrule>
  <text></text>
 </otherrule>
 <subqtext format="html">
<text><![CDATA[<p dir="ltr" style="text-align: left;">\(x=\){_0}<br></p>]]></text>
 </subqtext>
 <feedback format="html">
<text></text>
 </feedback>
 <correctfeedback format="html">
<text></text>
 </correctfeedback>
 <partiallycorrectfeedback format="html">
<text></text>
 </partiallycorrectfeedback>
 <incorrectfeedback format="html">
<text></text>
 </incorrectfeedback>
</answers>
  </question>

<!-- question: 205523  -->
  <question type="formulas">
    <name>
      <text>Soustavy 3 nez, pet2.15-31 e</text>
    </name>
    <questiontext format="html">
      <text><![CDATA[<p dir="ltr" style="text-align: left;"></p>
<p dir="ltr">Je zadaná soustava rovnic s neznámými \(x,y,z\in\mathbb R\).<br></p>
<p dir="ltr">$${soustava}$$</p>K (-2) násobku druhé rovnice přičtěte&nbsp; první rovnici.&nbsp; Ke třetí rovnici přičtěte (-2) násobek první rovnice. {#1}
<p dir="ltr">Ke třetí rovnici přičtěte druhou upravenou rovnici. Doplňte tvrzení o počtu řešení zadané soustavy rovnic tak, aby bylo pravdivé. {#2}</p><p dir="ltr">Má-li soustava jediné řešení, zapište \(x,y,z\). Má-li soustava nekonečně mnoho řešení, zapište takové, které má \(x=0\). Pokud soustava nemá řešení, zapište \(x=y=z=9999\). Pokud o počtu řešení nelze rozhodnout, zapište \(x=y=z=5555\).{#3}<br></p>]]></text>
    </questiontext>
    <generalfeedback format="html">
      <text></text>
    </generalfeedback>
    <defaultgrade>3.0000000</defaultgrade>
    <penalty>0.3333333</penalty>
    <hidden>0</hidden>
    <idnumber></idnumber>
    <correctfeedback format="html">
      <text>Vaše odpověď je správná.</text>
    </correctfeedback>
    <partiallycorrectfeedback format="html">
      <text>Vaše odpověď je částečně správná.</text>
    </partiallycorrectfeedback>
    <incorrectfeedback format="html">
      <text>Vaše odpověď je chybná.</text>
    </incorrectfeedback>
    <shownumcorrect/>
<varsrandom><text>ans_order=shuffle([0:4]);</text>
</varsrandom>
<varsglobal><text><![CDATA[soustava = "\\begin{array}{rrrrr} 2x&+y&-z&=&0\\\\x&+y&+2z&=&4\\\\4x&+3y&+3z&=&5\\end{array}";

a1=0;b1=-1;c1=-5;d1=-8;
a2=0;b2=1;c2=5;d2=5;
ans_inv=inv(ans_order);
answers=["nemá", "má jediné", "má nekonečně mnoho", "může, ale nemusí mít"];
ans_permuted=sublist(answers,ans_order);
ans = ans_inv[0];

x=9999; y=9999;z=9999;]]></text>
</varsglobal>
<answernumbering><text>abc</text>
</answernumbering>
<answers>
 <partindex>
  <text>0</text>
 </partindex>
 <placeholder>
  <text>#1</text>
 </placeholder>
 <answermark>
  <text>1</text>
 </answermark>
 <answertype>
  <text>0</text>
 </answertype>
 <numbox>
  <text>8</text>
 </numbox>
 <vars1>
  <text></text>
 </vars1>
 <answer>
  <text>[a1,b1,c1,d1,a2,b2,c2,d2]</text>
 </answer>
 <vars2>
  <text></text>
 </vars2>
 <correctness>
  <text><![CDATA[_relerr < 0.01]]></text>
 </correctness>
 <unitpenalty>
  <text>1</text>
 </unitpenalty>
 <postunit>
  <text></text>
 </postunit>
 <ruleid>
  <text>1</text>
 </ruleid>
 <otherrule>
  <text></text>
 </otherrule>
 <subqtext format="html">
<text><![CDATA[<table valign="top" width="NaNpx" border="0">
    <tbody>
        <tr>
            <td>2x </td>
            <td>+y</td>
            <td>-z<br></td>
            <td>=</td>
            <td>0<br></td>
        </tr>
        <tr>
            <td>{_0} x<br></td>
            <td>{_1} y<br></td>
            <td>{_2} z<br></td>
            <td>=<br></td>
            <td>{_3}<br></td>
        </tr>
        <tr>
            <td>{_4} x<br></td>
            <td>{_5} y<br></td>
            <td>{_6} z<br></td>
            <td>=<br></td>
            <td>{_7}<br></td>
        </tr>
    </tbody>
</table>]]></text>
 </subqtext>
 <feedback format="html">
<text></text>
 </feedback>
 <correctfeedback format="html">
<text></text>
 </correctfeedback>
 <partiallycorrectfeedback format="html">
<text></text>
 </partiallycorrectfeedback>
 <incorrectfeedback format="html">
<text></text>
 </incorrectfeedback>
</answers>
<answers>
 <partindex>
  <text>1</text>
 </partindex>
 <placeholder>
  <text>#2</text>
 </placeholder>
 <answermark>
  <text>1</text>
 </answermark>
 <answertype>
  <text>0</text>
 </answertype>
 <numbox>
  <text>1</text>
 </numbox>
 <vars1>
  <text></text>
 </vars1>
 <answer>
  <text>ans</text>
 </answer>
 <vars2>
  <text></text>
 </vars2>
 <correctness>
  <text><![CDATA[_relerr < 0.01]]></text>
 </correctness>
 <unitpenalty>
  <text>1</text>
 </unitpenalty>
 <postunit>
  <text></text>
 </postunit>
 <ruleid>
  <text>1</text>
 </ruleid>
 <otherrule>
  <text></text>
 </otherrule>
 <subqtext format="html">
<text><![CDATA[<p dir="ltr" style="text-align: left;">Soustava rovnic {_0:ans_permuted:MCE} řešení.<br></p>]]></text>
 </subqtext>
 <feedback format="html">
<text></text>
 </feedback>
 <correctfeedback format="html">
<text></text>
 </correctfeedback>
 <partiallycorrectfeedback format="html">
<text></text>
 </partiallycorrectfeedback>
 <incorrectfeedback format="html">
<text></text>
 </incorrectfeedback>
</answers>
<answers>
 <partindex>
  <text>2</text>
 </partindex>
 <placeholder>
  <text>#3</text>
 </placeholder>
 <answermark>
  <text>1</text>
 </answermark>
 <answertype>
  <text>10</text>
 </answertype>
 <numbox>
  <text>3</text>
 </numbox>
 <vars1>
  <text></text>
 </vars1>
 <answer>
  <text>[x,y,z]</text>
 </answer>
 <vars2>
  <text></text>
 </vars2>
 <correctness>
  <text><![CDATA[_relerr < 0.01]]></text>
 </correctness>
 <unitpenalty>
  <text>1</text>
 </unitpenalty>
 <postunit>
  <text></text>
 </postunit>
 <ruleid>
  <text>1</text>
 </ruleid>
 <otherrule>
  <text></text>
 </otherrule>
 <subqtext format="html">
<text><![CDATA[<p dir="ltr" style="text-align: left;">\(x=\){_0}, \(y=\){_1}, \(z=\){_2}<br></p>]]></text>
 </subqtext>
 <feedback format="html">
<text></text>
 </feedback>
 <correctfeedback format="html">
<text></text>
 </correctfeedback>
 <partiallycorrectfeedback format="html">
<text></text>
 </partiallycorrectfeedback>
 <incorrectfeedback format="html">
<text></text>
 </incorrectfeedback>
</answers>
  </question>

<!-- question: 205524  -->
  <question type="formulas">
    <name>
      <text>Soustavy 3 nez, pet2.15-31 f</text>
    </name>
    <questiontext format="html">
      <text><![CDATA[<p dir="ltr" style="text-align: left;"></p>
<p dir="ltr">Je zadaná soustava rovnic s neznámými \(x,y,z\in\mathbb R\).<br></p>
<p dir="ltr">$${soustava}$$</p>Ke druhé rovnici přičtěte (-3) násobek první rovnice.&nbsp; Ke třetí rovnici přičtěte (-4) násobek první rovnice. {#1}
<p dir="ltr">Ke třetí rovnici přičtěte (-1) násobek druhé upravené rovnice. Doplňte tvrzení o počtu řešení zadané soustavy rovnic tak, aby bylo pravdivé. {#2}</p><p dir="ltr">Má-li soustava jediné řešení, zapište \(x,y,z\). Má-li soustava nekonečně mnoho řešení, zapište takové, které má \(x=0\). Pokud soustava nemá řešení, zapište \(x=y=z=9999\). Pokud o počtu řešení nelze rozhodnout, zapište \(x=y=z=5555\).{#3}<br></p>]]></text>
    </questiontext>
    <generalfeedback format="html">
      <text></text>
    </generalfeedback>
    <defaultgrade>3.0000000</defaultgrade>
    <penalty>0.3333333</penalty>
    <hidden>0</hidden>
    <idnumber></idnumber>
    <correctfeedback format="html">
      <text>Vaše odpověď je správná.</text>
    </correctfeedback>
    <partiallycorrectfeedback format="html">
      <text>Vaše odpověď je částečně správná.</text>
    </partiallycorrectfeedback>
    <incorrectfeedback format="html">
      <text>Vaše odpověď je chybná.</text>
    </incorrectfeedback>
    <shownumcorrect/>
<varsrandom><text>ans_order=shuffle([0:4]);</text>
</varsrandom>
<varsglobal><text><![CDATA[soustava = "\\begin{array}{rrrrr} x&+y&+z&=&2\\\\3x&+2y&+z&=&3\\\\4x&+3y&+2z&=&5\\end{array}";

a1=0;b1=-1;c1=-2;d1=-3;
a2=0;b2=-1;c2=-2;d2=-3;
ans_inv=inv(ans_order);
answers=["nemá", "má jediné", "má nekonečně mnoho", "může, ale nemusí mít"];
ans_permuted=sublist(answers,ans_order);
ans = ans_inv[0];

x=0; y=1;z=1;]]></text>
</varsglobal>
<answernumbering><text>abc</text>
</answernumbering>
<answers>
 <partindex>
  <text>0</text>
 </partindex>
 <placeholder>
  <text>#1</text>
 </placeholder>
 <answermark>
  <text>1</text>
 </answermark>
 <answertype>
  <text>0</text>
 </answertype>
 <numbox>
  <text>8</text>
 </numbox>
 <vars1>
  <text></text>
 </vars1>
 <answer>
  <text>[a1,b1,c1,d1,a2,b2,c2,d2]</text>
 </answer>
 <vars2>
  <text></text>
 </vars2>
 <correctness>
  <text><![CDATA[_relerr < 0.01]]></text>
 </correctness>
 <unitpenalty>
  <text>1</text>
 </unitpenalty>
 <postunit>
  <text></text>
 </postunit>
 <ruleid>
  <text>1</text>
 </ruleid>
 <otherrule>
  <text></text>
 </otherrule>
 <subqtext format="html">
<text><![CDATA[<table valign="top" width="NaNpx" border="0">
    <tbody>
        <tr>
            <td>x </td>
            <td>+y</td>
            <td>+z<br></td>
            <td>=</td>
            <td>2<br></td>
        </tr>
        <tr>
            <td>{_0} x<br></td>
            <td>{_1} y<br></td>
            <td>{_2} z<br></td>
            <td>=<br></td>
            <td>{_3}<br></td>
        </tr>
        <tr>
            <td>{_4} x<br></td>
            <td>{_5} y<br></td>
            <td>{_6} z<br></td>
            <td>=<br></td>
            <td>{_7}<br></td>
        </tr>
    </tbody>
</table>]]></text>
 </subqtext>
 <feedback format="html">
<text></text>
 </feedback>
 <correctfeedback format="html">
<text></text>
 </correctfeedback>
 <partiallycorrectfeedback format="html">
<text></text>
 </partiallycorrectfeedback>
 <incorrectfeedback format="html">
<text></text>
 </incorrectfeedback>
</answers>
<answers>
 <partindex>
  <text>1</text>
 </partindex>
 <placeholder>
  <text>#2</text>
 </placeholder>
 <answermark>
  <text>1</text>
 </answermark>
 <answertype>
  <text>0</text>
 </answertype>
 <numbox>
  <text>1</text>
 </numbox>
 <vars1>
  <text></text>
 </vars1>
 <answer>
  <text>ans</text>
 </answer>
 <vars2>
  <text></text>
 </vars2>
 <correctness>
  <text><![CDATA[_relerr < 0.01]]></text>
 </correctness>
 <unitpenalty>
  <text>1</text>
 </unitpenalty>
 <postunit>
  <text></text>
 </postunit>
 <ruleid>
  <text>1</text>
 </ruleid>
 <otherrule>
  <text></text>
 </otherrule>
 <subqtext format="html">
<text><![CDATA[<p dir="ltr" style="text-align: left;">Soustava rovnic {_0:ans_permuted:MCE} řešení.<br></p>]]></text>
 </subqtext>
 <feedback format="html">
<text></text>
 </feedback>
 <correctfeedback format="html">
<text></text>
 </correctfeedback>
 <partiallycorrectfeedback format="html">
<text></text>
 </partiallycorrectfeedback>
 <incorrectfeedback format="html">
<text></text>
 </incorrectfeedback>
</answers>
<answers>
 <partindex>
  <text>2</text>
 </partindex>
 <placeholder>
  <text>#3</text>
 </placeholder>
 <answermark>
  <text>1</text>
 </answermark>
 <answertype>
  <text>10</text>
 </answertype>
 <numbox>
  <text>3</text>
 </numbox>
 <vars1>
  <text></text>
 </vars1>
 <answer>
  <text>[x,y,z]</text>
 </answer>
 <vars2>
  <text></text>
 </vars2>
 <correctness>
  <text><![CDATA[_relerr < 0.01]]></text>
 </correctness>
 <unitpenalty>
  <text>1</text>
 </unitpenalty>
 <postunit>
  <text></text>
 </postunit>
 <ruleid>
  <text>1</text>
 </ruleid>
 <otherrule>
  <text></text>
 </otherrule>
 <subqtext format="html">
<text><![CDATA[<p dir="ltr" style="text-align: left;">\(x=\){_0}, \(y=\){_1}, \(z=\){_2}<br></p>]]></text>
 </subqtext>
 <feedback format="html">
<text></text>
 </feedback>
 <correctfeedback format="html">
<text></text>
 </correctfeedback>
 <partiallycorrectfeedback format="html">
<text></text>
 </partiallycorrectfeedback>
 <incorrectfeedback format="html">
<text></text>
 </incorrectfeedback>
</answers>
  </question>

</quiz>