<?xml version="1.0" encoding="UTF-8"?>
<quiz>
<!-- question: 0  -->
  <question type="category">
    <category>
      <text>$course$/top/Výchozí v B192-2011049/Laplace</text>
    </category>
    <info format="html">
      <text><![CDATA[<p>Laplaceova (Poissonova) rovnice. Doplňte síťové rovnice.<br></p>]]></text>
    </info>
    <idnumber></idnumber>
  </question>

<!-- question: 136770  -->
  <question type="formulas">
    <name>
      <text>Laplace 1</text>
    </name>
    <questiontext format="html">
      <text><![CDATA[<p>V oblasti \( \Omega\) platí <img src="@@PLUGINFILE@@/om_pdr5.jpg" alt="" role="presentation" class="img-responsive atto_image_button_right" width="400" height="398"><br></p><p>$$ -\Delta u = 1,$$ na hranici oblasti \(\Omega\), kterou tvoří pětiúhelník ABCDE je zadána okrajová podmínka \(u(x,y) = 0.5\). <br></p><p>$$\begin{array}{ccl}A &amp;=&amp; [0,0]\\B&amp;=&amp;[0.6,0] \\C&amp;=&amp;[0.6,0.4] \\ D&amp;=&amp;[0.4,0.6]\\ E&amp;=&amp;[0,0.6]\end{array}$$<br></p><p>Je zvolen krok \(h=0.25\). Doplňte soustavu lineárních rovnic pro řešení této úlohy metodou sítí.</p><p>Je použito označení a číslování uzlů sítě podle obrázku, tj. neznámé \(U_1,\ U_2,\ U_3\) odpovídají hledaným hodnotám aproximace řešení v bodech \(P_1,\ P_2,\ P_3\). <br></p>]]></text>
<file name="om_pdr5.jpg" path="/" encoding="base64">/9j/4AAQSkZJRgABAQAAlgCWAAD/4QB0RXhpZgAATU0AKgAAAAgABAEaAAUAAAABAAAAPgEbAAUAAAABAAAARgEoAAMAAAABAAIAAIdpAAQAAAABAAAATgAAAAAAAACWAAAAAQAAAJYAAAABAAKgAgAEAAAAAQAAA02gAwAEAAAAAQAAA0kAAAAA/+0AOFBob3Rvc2hvcCAzLjAAOEJJTQQEAAAAAAAAOEJJTQQlAAAAAAAQ1B2M2Y8AsgTpgAmY7PhCfv/iAkBJQ0NfUFJPRklMRQABAQAAAjBBREJFAhAAAG1udHJSR0IgWFlaIAfQAAgACwATADMAO2Fjc3BBUFBMAAAAAG5vbmUAAAAAAAAAAAAAAAAAAAAAAAD21gABAAAAANMtQURCRQAAAAAAAAAAAAAAAAAAAAAAAAAAAAAAAAAAAAAAAAAAAAAAAAAAAAAAAAAAAAAACmNwcnQAAAD8AAAAMmRlc2MAAAEwAAAAa3d0cHQAAAGcAAAAFGJrcHQAAAGwAAAAFHJUUkMAAAHEAAAADmdUUkMAAAHUAAAADmJUUkMAAAHkAAAADnJYWVoAAAH0AAAAFGdYWVoAAAIIAAAAFGJYWVoAAAIcAAAAFHRleHQAAAAAQ29weXJpZ2h0IDIwMDAgQWRvYmUgU3lzdGVtcyBJbmNvcnBvcmF0ZWQAAABkZXNjAAAAAAAAABFBZG9iZSBSR0IgKDE5OTgpAAAAAAAAAAAAAAAAAAAAAAAAAAAAAAAAAAAAAAAAAAAAAAAAAAAAAAAAAAAAAAAAAAAAAAAAAAAAAAAAAAAAAAAAAAAAAAAAAAAAAAAAAABYWVogAAAAAAAA81EAAQAAAAEWzFhZWiAAAAAAAAAAAAAAAAAAAAAAY3VydgAAAAAAAAABAjMAAGN1cnYAAAAAAAAAAQIzAABjdXJ2AAAAAAAAAAECMwAAWFlaIAAAAAAAAJwYAABPpQAABPxYWVogAAAAAAAANI0AAKAsAAAPlVhZWiAAAAAAAAAmMQAAEC8AAL6c/8AAEQgDSQNNAwERAAIRAQMRAf/EAB8AAAEFAQEBAQEBAAAAAAAAAAABAgMEBQYHCAkKC//EALUQAAIBAwMCBAMFBQQEAAABfQECAwAEEQUSITFBBhNRYQcicRQygZGhCCNCscEVUtHwJDNicoIJChYXGBkaJSYnKCkqNDU2Nzg5OkNERUZHSElKU1RVVldYWVpjZGVmZ2hpanN0dXZ3eHl6g4SFhoeIiYqSk5SVlpeYmZqio6Slpqeoqaqys7S1tre4ubrCw8TFxsfIycrS09TV1tfY2drh4uPk5ebn6Onq8fLz9PX29/j5+v/EAB8BAAMBAQEBAQEBAQEAAAAAAAABAgMEBQYHCAkKC//EALURAAIBAgQEAwQHBQQEAAECdwABAgMRBAUhMQYSQVEHYXETIjKBCBRCkaGxwQkjM1LwFWJy0QoWJDThJfEXGBkaJicoKSo1Njc4OTpDREVGR0hJSlNUVVZXWFlaY2RlZmdoaWpzdHV2d3h5eoKDhIWGh4iJipKTlJWWl5iZmqKjpKWmp6ipqrKztLW2t7i5usLDxMXGx8jJytLT1NXW19jZ2uLj5OXm5+jp6vLz9PX29/j5+v/bAEMAAQEBAQEBAQEBAQEBAQEBAQEBAQEBAQEBAQEBAQEBAQEBAQEBAQEBAQEBAQEBAQEBAQEBAQEBAQEBAQEBAQEBAf/bAEMBAQEBAQEBAQEBAQEBAQEBAQEBAQEBAQEBAQEBAQEBAQEBAQEBAQEBAQEBAQEBAQEBAQEBAQEBAQEBAQEBAQEBAf/dAAQAav/aAAwDAQACEQMRAD8A/v4oAKACgAoAKACgAoAKACgAoAKACgAoAKACgAoAKACgAoAKACgAoAKACgAoAKACgAoAKACgAoAKACgAoAKACgAoAKACgAoAKACgAoAKACgAoAKACgAoAKACgAoAKACgAoAKACgAoAKACgAoAKACgAoAKACgAoAKACgAoAKACgAoAKACgAoAKACgAoAKACgAoAKACgAoAKACgAoAKACgAoAKACgAoAKACgAoAKACgAoAKACgAoAKACgAoA//0P7+KACgAoAKACgAoAKACgAoAKACgAoAKACgAoAKACgAoAKACgAoAKACgAoAKACgAoAKACgAoAKACgAoAKACgAoAKACgAoAKACgAoAKACgAoAKACgAoAKACgAoAKACgAoAKACgAoAKACgAoAKACgAoAKACgAoAKACgAoAKACgAoAKACgAoAKACgAoAKACgAoAKACgAoAKACgAoAKACgAoAKACgAoAKACgAoAKACgAoAKACgAoAKACgAoAKAP/9H+/igAoAKACgAoAKACgAoAKACgAoAKACgAoAKACgAoAKACgAoAKACgAoAKACgAoAKACgAoAKACgAoAKACgAoAKACgAoAKACgAoAKACgAoAKACgAoAKACgAoAKACgAoAKACgAoAKACgAoAKACgAoAKACgAoAKACgAoAKACgAoAKACgAoAKACgAoAKACgAoAKACgAoAKACgAoAKACgAoAKACgAoAKACgAoAKACgAoAKACgAoAKACgAoAKACgD//S/v4oAKACgAoAKACgAoAKACgAoAKACgAoAKACgAoAKACgAoAKACgAoAKACgAoAKACgAoAKACgAoAKACgAoAKACgAoAKACgAoAKACgAoAKACgAoAKACgAoAKACgAoAKACgAoAKACgAoAKACgAoAKACgAoAKACgAoAKACgAoAKACgAoAKACgAoAKACgAoAKACgAoAKACgAoAKACgAoAKACgAoAKACgAoAKACgAoAKACgAoAKACgAoAKACgAoA//0/7+KACgAoAKACgAoAKACgAoAKACgAoA+Wv2yv2yPgV+wV8AvE/7S/7R+u6z4b+E3g/U/DGk69q+g+HNW8V6la3Pi3X7Hw5pTR6JokFzqVzCNQ1GBrp7eCV4bdZZBHI6ojAH4t/8RZP/AARQ/wCi+/Ev/wAR8+MX/wAylAB/xFk/8EUP+i+/Ev8A8R8+MX/zKUAH/EWT/wAEUP8AovvxL/8AEfPjF/8AMpQAf8RZP/BFD/ovvxL/APEfPjF/8ylAB/xFk/8ABFD/AKL78S//ABHz4xf/ADKUAH/EWT/wRQ/6L78S/wDxHz4xf/MpQAf8RZP/AARQ/wCi+/Ev/wAR8+MX/wAylAB/xFk/8EUP+i+/Ev8A8R8+MX/zKUAH/EWT/wAEUP8AovvxL/8AEfPjF/8AMpQAf8RZP/BFD/ovvxL/APEfPjF/8ylAB/xFk/8ABFD/AKL78S//ABHz4xf/ADKUAH/EWT/wRQ/6L78S/wDxHz4xf/MpQAf8RZP/AARQ/wCi+/Ev/wAR8+MX/wAylAB/xFk/8EUP+i+/Ev8A8R8+MX/zKUAH/EWT/wAEUP8AovvxL/8AEfPjF/8AMpQAf8RZP/BFD/ovvxL/APEfPjF/8ylAB/xFk/8ABFD/AKL78S//ABHz4xf/ADKUAH/EWT/wRQ/6L78S/wDxHz4xf/MpQAf8RZP/AARQ/wCi+/Ev/wAR8+MX/wAylAB/xFk/8EUP+i+/Ev8A8R8+MX/zKUAH/EWT/wAEUP8AovvxL/8AEfPjF/8AMpQAf8RZP/BFD/ovvxL/APEfPjF/8ylAB/xFk/8ABFD/AKL78S//ABHz4xf/ADKUAH/EWT/wRQ/6L78S/wDxHz4xf/MpQAf8RZP/AARQ/wCi+/Ev/wAR8+MX/wAylAB/xFk/8EUP+i+/Ev8A8R8+MX/zKUAH/EWT/wAEUP8AovvxL/8AEfPjF/8AMpQAf8RZP/BFD/ovvxL/APEfPjF/8ylAB/xFk/8ABFD/AKL78S//ABHz4xf/ADKUAH/EWT/wRQ/6L78S/wDxHz4xf/MpQAf8RZP/AARQ/wCi+/Ev/wAR8+MX/wAylAB/xFk/8EUP+i+/Ev8A8R8+MX/zKUAH/EWT/wAEUP8AovvxL/8AEfPjF/8AMpQAf8RZP/BFD/ovvxL/APEfPjF/8ylAB/xFk/8ABFD/AKL78S//ABHz4xf/ADKUAH/EWT/wRQ/6L78S/wDxHz4xf/MpQAf8RZP/AARQ/wCi+/Ev/wAR8+MX/wAylAEcv/B2Z/wRTjQunx3+KFwwIxFF+z78XA7ZOCQbjw1bxfKOTmUHHQMeKACL/g7M/wCCKUkau/x4+J8DNnMUv7PvxdMiYJA3GDwzPFyBuGyV+CM7WyqgEn/EWT/wRQ/6L78S/wDxHz4xf/MpQAf8RZP/AARQ/wCi+/Ev/wAR8+MX/wAylAB/xFk/8EUP+i+/Ev8A8R8+MX/zKUAH/EWT/wAEUP8AovvxL/8AEfPjF/8AMpQAf8RZP/BFD/ovvxL/APEfPjF/8ylAB/xFk/8ABFD/AKL78S//ABHz4xf/ADKUAH/EWT/wRQ/6L78S/wDxHz4xf/MpQAf8RZP/AARQ/wCi+/Ev/wAR8+MX/wAylAB/xFk/8EUP+i+/Ev8A8R8+MX/zKUAH/EWT/wAEUP8AovvxL/8AEfPjF/8AMpQAf8RZP/BFD/ovvxL/APEfPjF/8ylAB/xFk/8ABFD/AKL78S//ABHz4xf/ADKUAH/EWT/wRQ/6L78S/wDxHz4xf/MpQAf8RZP/AARQ/wCi+/Ev/wAR8+MX/wAylAB/xFk/8EUP+i+/Ev8A8R8+MX/zKUAH/EWT/wAEUP8AovvxL/8AEfPjF/8AMpQAf8RZP/BFD/ovvxL/APEfPjF/8ylAB/xFk/8ABFD/AKL78S//ABHz4xf/ADKUAH/EWT/wRQ/6L78S/wDxHz4xf/MpQAf8RZP/AARQ/wCi+/Ev/wAR8+MX/wAylAB/xFk/8EUP+i+/Ev8A8R8+MX/zKUAH/EWT/wAEUP8AovvxL/8AEfPjF/8AMpQB96fsG/8ABar/AIJy/wDBSXxv4l+GP7Knx3/4Sf4l+FtG/wCElvPAHi/wd4w+HPijU/DiSrBd654YsfGmi6RH4qsdKneKLW18P3F/eaGtxaXGr2lnZ31lc3AB+qtABQAUAFABQAUAFABQAUAFABQAUAFABQAUAFABQAUAFABQAUAFABQAUAFABQAUAFABQAUAFAH/1P7+KACgAoAKACgAoAKACgAoAKACgAoA/nM/4Osv+UKn7Rn/AGOvwM/9Wz4XoA6T/gi3+wb+w38Q/wDglL+wV438f/sY/soeOfGnif8AZx8Cav4l8X+MP2dvhB4m8UeIdVurWVrnU9c1/WvB97q2rahcMAZ72/u7i5lIzJK38IB+nn/Dtr/gnZ/0YP8AsWf+ItfAz/5haAD/AIdtf8E7P+jB/wBiz/xFr4Gf/MLQAf8ADtr/AIJ2f9GD/sWf+ItfAz/5haAD/h21/wAE7P8Aowf9iz/xFr4Gf/MLQAf8O2v+Cdn/AEYP+xZ/4i18DP8A5haAD/h21/wTs/6MH/Ys/wDEWvgZ/wDMLQAf8O2v+Cdn/Rg/7Fn/AIi18DP/AJhaAD/h21/wTs/6MH/Ys/8AEWvgZ/8AMLQAf8O2v+Cdn/Rg/wCxZ/4i18DP/mFoAP8Ah21/wTs/6MH/AGLP/EWvgZ/8wtAB/wAO2v8AgnZ/0YP+xZ/4i18DP/mFoAP+HbX/AATs/wCjB/2LP/EWvgZ/8wtAB/w7a/4J2f8ARg/7Fn/iLXwM/wDmFoAP+HbX/BOz/owf9iz/AMRa+Bn/AMwtAB/w7a/4J2f9GD/sWf8AiLXwM/8AmFoAP+HbX/BOz/owf9iz/wARa+Bn/wAwtAB/w7a/4J2f9GD/ALFn/iLXwM/+YWgA/wCHbX/BOz/owf8AYs/8Ra+Bn/zC0AH/AA7a/wCCdn/Rg/7Fn/iLXwM/+YWgA/4dtf8ABOz/AKMH/Ys/8Ra+Bn/zC0AH/Dtr/gnZ/wBGD/sWf+ItfAz/AOYWgA/4dtf8E7P+jB/2LP8AxFr4Gf8AzC0AH/Dtr/gnZ/0YP+xZ/wCItfAz/wCYWgA/4dtf8E7P+jB/2LP/ABFr4Gf/ADC0AH/Dtr/gnZ/0YP8AsWf+ItfAz/5haAD/AIdtf8E7P+jB/wBiz/xFr4Gf/MLQAf8ADtr/AIJ2f9GD/sWf+ItfAz/5haAD/h21/wAE7P8Aowf9iz/xFr4Gf/MLQAf8O2v+Cdn/AEYP+xZ/4i18DP8A5haAD/h21/wTs/6MH/Ys/wDEWvgZ/wDMLQAf8O2v+Cdn/Rg/7Fn/AIi18DP/AJhaAD/h21/wTs/6MH/Ys/8AEWvgZ/8AMLQAf8O2v+Cdn/Rg/wCxZ/4i18DP/mFoAP8Ah21/wTs/6MH/AGLP/EWvgZ/8wtAB/wAO2v8AgnZ/0YP+xZ/4i18DP/mFoAP+HbX/AATs/wCjB/2LP/EWvgZ/8wtAH8/H/Bz3+xb+x18Gf+CPXx48ffB/9k39mj4U+O9M8ffAe103xr8NvgR8LfA3i3T7bU/i94TsNSt7HxH4X8K6XrFpBqFjPPZX0MF5HHd2k0ttcLJDI6MAeq/8G6H7EH7FvxZ/4Iy/sV/EL4qfshfsvfEzx94i0j40yeIPHHxA+APwo8ZeL9dk079pH4xaRp76x4l8R+E9S1rU3sdJ0+w0uza9vZzbadZWllB5dtbQxIAftl/w7a/4J2f9GD/sWf8AiLXwM/8AmFoAP+HbX/BOz/owf9iz/wARa+Bn/wAwtAB/w7a/4J2f9GD/ALFn/iLXwM/+YWgA/wCHbX/BOz/owf8AYs/8Ra+Bn/zC0AH/AA7a/wCCdn/Rg/7Fn/iLXwM/+YWgA/4dtf8ABOz/AKMH/Ys/8Ra+Bn/zC0AH/Dtr/gnZ/wBGD/sWf+ItfAz/AOYWgA/4dtf8E7P+jB/2LP8AxFr4Gf8AzC0AH/Dtr/gnZ/0YP+xZ/wCItfAz/wCYWgA/4dtf8E7P+jB/2LP/ABFr4Gf/ADC0AH/Dtr/gnZ/0YP8AsWf+ItfAz/5haAD/AIdtf8E7P+jB/wBiz/xFr4Gf/MLQAf8ADtr/AIJ2f9GD/sWf+ItfAz/5haAD/h21/wAE7P8Aowf9iz/xFr4Gf/MLQAf8O2v+Cdn/AEYP+xZ/4i18DP8A5haAD/h21/wTs/6MH/Ys/wDEWvgZ/wDMLQAf8O2v+Cdn/Rg/7Fn/AIi18DP/AJhaAD/h21/wTs/6MH/Ys/8AEWvgZ/8AMLQAf8O2v+Cdn/Rg/wCxZ/4i18DP/mFoAP8Ah21/wTs/6MH/AGLP/EWvgZ/8wtAB/wAO2v8AgnZ/0YP+xZ/4i18DP/mFoA8z+Mn/AASF/wCCZfxw+F3jj4TeKf2Hf2YfD+hePNAvNBvfEHw4+B/ww+HPj3QTchWtdb8H+OPCPhTTPEPhrxBpN3HBf6ZqWn3a7Lm3SK8gvbCW6spwD/L8/wCCmP8AwTO/bI/4IG/tkeCvHngPxr4vtvBVt4vk8Y/snftY+DopNJk1CTSZHuR4a8Sm3SXTtD+I+h6dM2n+MfB2oLPonivRLi6vLK21Twrqt7ZW4B/f9/wQa/4Ly/DD/gq98MIvhr8SpfD/AMN/24Phv4fiuPiN8OLeVbHRfihotgsNtcfFn4TW9zK8txo9xK8TeLvCKzXOp+BdTukSRrzw9e6Rq90Af0SUAFABQAUAFABQAUAFABQAUAFABQAUAFABQAUAFABQAUAFABQAUAFABQAUAFABQAUAFABQB//V/v4oAKACgAoAKACgAoAKACgAoAKACgD+cz/g6y/5QqftGf8AY6/Az/1bPhegD7T/AOCFf/KH3/gnd/2bD8Pf/SSWgD9YKACgAoAKACgAoAKACgAoAKACgAoAKACgAoAKACgAoAKACgAoAKACgAoAKACgAoAKACgAoAKACgAoAKACgAoA/m8/4OxP+UJv7Q3/AGUX9nn/ANXT4OoA9f8A+DZD/lBt+wl/2Bfjr/61D8bqAP3koAKACgAoAKACgAoAKACgAoAKACgAoAKACgAoAKACgAoAKACgAoA+b/2tP2S/gL+2/wDAbx1+zd+0j4F0/wAf/C3x9p5ttQ0+5CwaroeqwK7aP4u8I6ysb3fhvxh4bu3F/oOvWG25s7hWilW4sLm9tJwD/Ju/4KY/8Ezv2yP+CBv7ZHgrx54D8a+MLbwVbeMJfGP7J37WPg6N9Kl1CXSZGuR4a8Stbxy6dofxH0PTpmsPGPg6/WfRPFmhz3V7Z2uqeFtVvbK1AP7/AH/gg1/wXl+GH/BV74YRfDX4lS+H/hv+3B8N/D8Vx8RvhxbyrY6L8UNFsFhtrj4s/Ca3uZXluNHuJXibxd4RWa51PwLqd0iSNeeHr3SNXugD+iSgAoAKACgAoAKACgAoAKACgAoAKACgAoAKACgAoAKACgAoAKACgAoAKACgAoAKACgAoA//1v7+KACgAoAKACgAoAKACgAoAKACgAoA/nM/4Osv+UKn7Rn/AGOvwM/9Wz4XoA+0/wDghX/yh9/4J3f9mw/D3/0kloA/WCgAoAKACgAoAKACgAoAKACgAoAKACgAoAKACgAoAKACgAoAKACgAoAKACgAoAKACgAoAKACgAoAKACgAoAKAP5vP+DsT/lCb+0N/wBlF/Z5/wDV0+DqAPX/APg2Q/5QbfsJf9gX46/+tQ/G6gD95KACgAoAKACgAoAKACgAoAKACgAoAKACgAoAKACgAoAKACgAoAKACgD5v/az/ZM+A37b3wG8dfs3ftI+BdP8f/C3x/p5ttQ0+5xBquh6rArto/i3wlrKxyXfhvxh4bu3F/oOvWBW4s7lWilE9jc3tncAH+Td/wAFMf8Agmd+2R/wQN/bI8FePPAfjXxhbeCrbxhL4x/ZO/ax8HRvpUuoS6TI1yPDXiVreOXTtD+I+h6dM1h4x8HX6z6J4s0Oe6vbO11Twtqt7ZWoB/f7/wAEGv8AgvL8MP8Agq98MIvhr8SpfD/w3/bg+G/h+K4+I3w4t5VsdF+KGi2Cw21x8WfhNb3Mry3Gj3ErxN4u8IrNc6n4F1O6RJGvPD17pGr3QB/RJQAUAFABQAUAFABQAUAFABQAUAFABQAUAFABQAUAFABQAUAFABQAUAFABQAUAFABQB//1/7+KACgAoAKACgAoAKACgAoAKACgAoA/nM/4Osv+UKn7Rn/AGOvwM/9Wz4XoA+0/wDghX/yh9/4J3f9mw/D3/0kloA/WCgAoAKACgAoAKACgAoAKACgAoAKACgAoAKACgAoAKACgAoAKACgAoAKACgAoAKACgAoAKACgAoAKACgAoAKAP5vP+DsT/lCb+0N/wBlF/Z5/wDV0+DqAPX/APg2Q/5QbfsJf9gX46/+tQ/G6gD95KACgAoAKACgAoAKACgAoAKACgAoAKACgAoAKACgAoAKACgAoAKACgAoA+b/ANrP9kz4DftvfAbx1+zd+0j4F0/x/wDC3x/p5ttQ0+5xBquh6rArto/i3wlrKxyXfhvxh4bu3F/oOvWBW4s7lWilE9jc3tncAH+Td/wUx/4Jnftkf8EDf2yPBXjzwH418YW3gq28YS+Mf2Tv2sfB0b6VLqEukyNcjw14la3jl07Q/iPoenTNYeMfB1+s+ieLNDnur2ztdU8Lare2VqAf3+/8EGv+C8vww/4KvfDCL4a/EqXw/wDDf9uD4b+H4rj4jfDi3lWx0X4oaLYLDbXHxZ+E1vcyvLcaPcSvE3i7wis1zqfgXU7pEka88PXukavdAH9ElABQAUAFABQAUAFABQAUAFABQAUAFABQAUAFABQAUAFABQAUAFABQAUAFABQAUAf/9D+/igAoAKACgD/ADRPAn/BbX/g5J/ax/4KXeNf2ZP2bryx8K+OIPij400N/wBlrxD8CfhFH4B+DfhXwlq99BqFv8UfG/irwK3xA0bR/DFlbxrr/i/VvHdrqes6pLBYeH/Nu9Y0Hw9OAf05eG/+Cw/7dH7Fsljo/wDwWh/4J7eJfhB8P1kgtr39uL9jh9R+PP7MumRuEjbWvib4M0O98W/Eb4R6KkiSh7/Ur/XdVv7qVI7DwfBZqt0wB++nwW+OXwc/aN+HWgfFz4C/E7wP8X/hn4og8/Q/G/w+8R6Z4n8P3pVUNxaG+0u4uEtdUsGkEGqaRei21XSbsSWWp2VpeRSQKAeq0AFABQAUAFAH85n/AAdZf8oVP2jP+x1+Bn/q2fC9AH2n/wAEK/8AlD7/AME7v+zYfh7/AOkktAH6wUAFABQAUAFABQAUAFABQAUAFABQAUAFABQAUAFABQAUAFABQAUAFABQAUAFABQAUAFABQAUAFABQAUAFABQB/N5/wAHYn/KE39ob/sov7PP/q6fB1AHr/8AwbIf8oNv2Ev+wL8df/WofjdQB+8lABQAUAFABQAUAFABQAUAFABQAUAFABQAUAFABQAUAFABQAUAFABQAUAFAHzf+1n+yZ8Bv23vgN46/Zu/aR8C6f4/+Fvj/Tzbahp9ziDVdD1WBXbR/FvhLWVjku/DfjDw3duL/QdesCtxZ3KtFKJ7G5vbO4AP8m7/AIKY/wDBM79sj/ggb+2R4K8eeA/GvjC28FW3jCXxj+yd+1j4OjfSpdQl0mRrkeGvErW8cunaH8R9D06ZrDxj4Ov1n0TxZoc91e2drqnhbVb2ytQD+/3/AIINf8F5fhh/wVe+GEXw1+JUvh/4b/twfDfw/FcfEb4cW8q2Oi/FDRbBYba4+LPwmt7mV5bjR7iV4m8XeEVmudT8C6ndIkjXnh690jV7oA/okoAKACgAoAKACgAoAKACgAoAKACgAoAKACgAoAKACgAoAKACgAoAKACgAoAKAP/R/v4oAKACgAoA/kq/ae/4O+v+CXnwF8Q+LdH+Cfw7+Of7Sfj2C8k0vVNZ8M+ALD4SeDtRv9AefT0s9c8VfE+40H4gA2EoltbRh8MdWjgi8/yzCmxLgA/Cf9oH/g9b/bL8brqWl/s+/slfs5/B/QdQiuLRpPijq3jj47eIo7SdHiPlXOnX3wh8LtLJGxWaLUvB+r2To0kL20gIdgD8A/gB/wAFUP8AgoP8Jv2sPEX7SH7JXiSH4TfE34iavbat4z+Ef7O/wq0Lwx8EfH5tnAls/EX7PHg7RR4A1qK6WWZZdQbw62v2t1e3WraZrFjrs7anQB/o4f8ABJD/AIOEfhh+3XrHhz9mr9rH4d6n+xj+3Zd6fA2n/C3x5puv+FvA3xsYQhpNT+DGo+M4bTVoNXu9j3n/AArLxJJceIorVwfDOueO7ex1i+00A/o5oAKACgAoA/nM/wCDrL/lCp+0Z/2OvwM/9Wz4XoA+0/8AghX/AMoff+Cd3/ZsPw9/9JJaAP1goAKACgAoAKACgAoAKACgAoAKACgAoAKACgAoAKACgAoAKACgAoAKACgAoAKACgAoAKACgAoAKACgAoAKACgD+bz/AIOxP+UJv7Q3/ZRf2ef/AFdPg6gD1/8A4NkP+UG37CX/AGBfjr/61D8bqAP3koAKACgAoAKACgAoAKACgAoAKACgAoAKACgAoAKACgAoAKACgAoAKACgAoAKAPnD9rP9kz4C/tvfAbx1+zd+0j4E0/x/8LfH+nm21DT7nEGq6JqsAdtH8W+EtZSOS78N+MPDl24v9B16wK3NncK0Ugnsbm9s7gA/ybf+CmX/AATO/bI/4IG/tkeCvHvgLxr4wtvBNt4wk8Y/snftY+Do30qW/l0l3uR4Z8TG3ik07Q/iPoenStYeMPB9+J9D8WaHPdXtla6p4W1W9srcA/v9/wCCDX/BeX4Yf8FXvhhF8NfiVL4f+G/7cHw38PxXHxG+HFvKtjovxQ0WwWG2uPiz8Jre5leW40e4leJvF3hFZrnU/Aup3SJI154evdI1e6AP6JKACgAoAKACgAoAKACgAoAKACgAoAKACgAoAKACgAoAKACgAoAKACgAoAKAP//S/v4oAKACgAoA/g5/Z5/4NI/CX7RP7Vf7c3xp/bZ8XfFr4T/CWX9tT48w/s8/Cn4XS+DNE1n4jfBq78Y3Xivwb8S9V8aarp/jaLS/C/iHT/EkGgWPhuw8PaX4hil8O6xczarpyXGnGgD+hz4Cf8G7n/BG39nmOxk8M/sOfC/x7q9n5bza58dp/EXx2uNRuY8Yu7rRviprHinwhbyMVBMGk+GdLsAw3JZqzM9AH63fD/4WfDH4TaLH4b+Ffw58B/DPw7EsaxaD8P8Awh4f8GaLGsQ2xLHpfhzTtNsUWNSVjCwgIDheCaAPzx/4LF/s/wD7H/xq/YK+P/iP9sTT9O0jwj8E/hp4x+K3hD4x2NvDbfE74I+OPC+kvqvhjxt8I/EsBt9d0nxr/wAJFYaLZado2kX9vH42upbXwlqdrqVlqj2UoB+eP/BsX/wVh8ef8FLf2OPFngr49avJ4j/aU/ZM1fwn4G8feM5ypv8A4leAvF2m6vP8LviFrz5Uy+ML5fCni3w14uuFjb+1dR8Lw+KLmc33iW6t7cA/pYoAKACgD+cz/g6y/wCUKn7Rn/Y6/Az/ANWz4XoA+0/+CFf/ACh9/wCCd3/ZsPw9/wDSSWgD9YKACgAoAKACgAoAKACgAoAKACgAoAKACgAoAKACgAoAKACgAoAKACgAoAKACgAoAKACgAoAKACgAoAKACgAoA/m8/4OxP8AlCb+0N/2UX9nn/1dPg6gD1//AINkP+UG37CX/YF+Ov8A61D8bqAP3koAKACgAoAKACgAoAKACgAoAKACgAoAKACgAoAKACgAoAKACgAoAKACgAoAKACgD5w/az/ZM+A37b3wG8dfs3ftI+BdP8f/AAt8f6ebbUdOuQINV0TVYA7aP4t8Jawsb3fhzxh4cu2F/oOvWBW5srlWjkW5sbm9s7gA/wAm3/gpl/wTO/bI/wCCBv7ZHgrx74C8a+MLbwTbeMJPGP7J37WPg6N9Klv5dJd7keGfExt4pNO0P4j6Hp0rWHjDwffifQ/Fmhz3V7ZWuqeFtVvbK3AP7/f+CDX/AAXl+GH/AAVe+GEXw1+JUvh/4b/twfDfw/FcfEb4cW8q2Oi/FDRbBYba4+LPwmt7mV5bjR7iV4m8XeEVmudT8C6ndIkjXnh690jV7oA/okoAKACgAoAKACgAoAKACgAoAKACgAoAKACgAoAKACgAoAKACgAoAKACgD//0/7+KACgAoAKACgAoAKAPjT/AIKE/saeFP8AgoP+xn8e/wBjrxp4n1PwVonxu8J2WjR+MdIs/wC0r3wr4h8PeJdC8beDvEQ0k32lrrdpo3i/wxoWoajoT6npseuadb3WkSX9kl41wgB+c3/BDX/gh14R/wCCNPgn43Rt8a7349/Fb4/ap4Mbxh4vXwavgDw1o3hj4dp4n/4RLw34c8Mv4j8W3v2j7X4y8Qahr+uXuuE6pJLpdpb6Xp0WkGa/AP3koAKACgD+cz/g6y/5QqftGf8AY6/Az/1bPhegD7T/AOCFf/KH3/gnd/2bD8Pf/SSWgD9YKACgAoAKACgAoAKACgAoAKACgAoAKACgAoAKACgAoAKACgAoAKACgAoAKACgAoAKACgAoAKACgAoAKACgAoA/m8/4OxP+UJv7Q3/AGUX9nn/ANXT4OoA9f8A+DZD/lBt+wl/2Bfjr/61D8bqAP3koAKACgAoAKACgAoAKACgAoAKACgAoAKACgAoAKACgAoAKACgAoAKACgAoAKACgAoA+cP2s/2TPgN+298BvHX7N37SPgXT/H/AMLfH+nm21HTrkCDVdE1WAO2j+LfCWsLG934c8YeHLthf6Dr1gVubK5Vo5FubG5vbO4AP8m3/gpl/wAEzv2yP+CBv7ZHgrx74C8a+MLbwTbeMJPGP7J37WPg6N9Klv5dJd7keGfExt4pNO0P4j6Hp0rWHjDwffifQ/Fmhz3V7ZWuqeFtVvbK3AP7/f8Agg1/wXl+GH/BV74YRfDX4lS+H/hv+3B8N/D8Vx8RvhxbyrY6L8UNFsFhtrj4s/Ca3uZXluNHuJXibxd4RWa51PwLqd0iSNeeHr3SNXugD+iSgAoAKACgAoAKACgAoAKACgAoAKACgAoAKACgAoAKACgAoAKACgAoA//U/v4oAKACgAoAKACgAoAKACgAoAKACgD+cz/g6y/5QqftGf8AY6/Az/1bPhegD7T/AOCFf/KH3/gnd/2bD8Pf/SSWgD9YKACgAoAKACgAoAKACgAoAKACgAoAKACgAoAKACgAoAKACgAoAKACgAoAKACgAoAKACgAoAKACgAoAKACgAoA/m8/4OxP+UJv7Q3/AGUX9nn/ANXT4OoA9f8A+DZD/lBt+wl/2Bfjr/61D8bqAP3koAKACgAoAKACgAoAKACgAoAKACgAoAKACgAoAKACgAoAKACgAoAKACgAoAKACgAoAKAPnD9rP9kz4DftvfAbx1+zd+0j4F0/x/8AC3x/p5ttR065Ag1XRNVgDto/i3wlrCxvd+HPGHhy7YX+g69YFbmyuVaORbmxub2zuAD/ACbf+CmX/BM79sj/AIIG/tkeCvHvgLxr4wtvBNt4wk8Y/snftY+Do30qW/l0l3uR4Z8TG3ik07Q/iPoenStYeMPB9+J9D8WaHPdXtla6p4W1W9srcA/v9/4INf8ABeX4Yf8ABV74YRfDX4lS+H/hv+3B8N/D8Vx8RvhxbyrY6L8UNFsFhtrj4s/Ca3uZXluNHuJXibxd4RWa51PwLqd0iSNeeHr3SNXugD+iSgAoAKACgAoAKACgAoAKACgAoAKACgAoAKACgAoAKACgAoAKACgD/9X+/igAoAKACgAoAKACgAoAKACgAoAKAP5zP+DrL/lCp+0Z/wBjr8DP/Vs+F6APtP8A4IV/8off+Cd3/ZsPw9/9JJaAP1goAKACgAoAKACgAoAKACgAoAKACgAoAKACgAoAKACgAoAKACgAoAKACgAoAKACgAoAKACgAoAKACgAoAKACgD+bz/g7E/5Qm/tDf8AZRf2ef8A1dPg6gD1/wD4NkP+UG37CX/YF+Ov/rUPxuoA/eSgAoAKACgAoAKACgAoAKACgAoAKACgAoAKACgAoAKACgAoAKACgAoAKACgAoAKACgAoAKAPnD9rP8AZM+A37b3wG8dfs3ftI+BdP8AH/wt8f6ebbUdOuQINV0TVYA7aP4t8Jawsb3fhzxh4cu2F/oOvWBW5srlWjkW5sbm9s7gA/ybv+CmX/BM39sj/ggb+2R4K8e+AvGvjC28E23jCTxh+yd+1j4PjfSZb+XSXe5HhnxM1skunaH8SND06VrDxh4Pv0n0Pxboc91e2NtqnhbVb+wtQD+/z/gg1/wXl+GH/BV74YRfDX4lS+H/AIb/ALcHw38PxXHxG+HFvKtjovxQ0WwWG2uPiz8Jre5leW40e4leJvF3hFZrnU/Aup3SJI154evdI1e6AP6JKACgAoAKACgAoAKACgAoAKACgAoAKACgAoAKACgAoAKACgAoA//W/v4oAKACgAoAKACgAoAKACgAoAKACgD+cz/g6y/5QqftGf8AY6/Az/1bPhegD7T/AOCFf/KH3/gnd/2bD8Pf/SSWgD9YKACgAoAKACgAoAKACgAoAKACgAoAKACgAoAKACgAoAKACgAoAKACgAoAKACgAoAKACgAoAKACgAoAKACgAoA/m8/4OxP+UJv7Q3/AGUX9nn/ANXT4OoA9f8A+DZD/lBt+wl/2Bfjr/61D8bqAP3koAKACgAoAKACgAoAKACgAoAKACgAoAKACgAoAKACgAoAKACgAoAKACgAoAKACgAoAKACgAoA+cP2s/2TPgN+278BvHf7N37SPgTT/H/wt8f6ebbUdOuQINU0TVIA7aP4t8JawiNd+HPGHhu7cahoOvaeVubK5UxyLcWU95aXAB/k3f8ABTL/AIJm/tkf8EDf2yPBXj3wF418YW3gm28YSeMP2Tv2sfB8b6TLfy6S73I8M+Jmtkl07Q/iRoenStYeMPB9+k+h+LdDnur2xttU8Larf2FqAf3+f8EGv+C8vww/4KvfDCL4a/EqXw/8N/24Phv4fiuPiN8OLeVbHRfihotgsNtcfFn4TW9zK8txo9xK8TeLvCKzXOp+BdTukSRrzw9e6Rq90Af0SUAFABQAUAFABQAUAFABQAUAFABQAUAFABQAUAFABQAUAFAH/9f+/igAoAKACgAoAKACgAoAKACgAoAKAP5zP+DrL/lCp+0Z/wBjr8DP/Vs+F6APtP8A4IV/8off+Cd3/ZsPw9/9JJaAP1goAKACgAoAKACgAoAKACgAoAKACgAoAKACgAoAKACgAoAKACgAoAKACgAoAKACgAoAKACgAoAKACgAoAKACgD+bz/g7E/5Qm/tDf8AZRf2ef8A1dPg6gD1/wD4NkP+UG37CX/YF+Ov/rUPxuoA/eSgAoAKACgAoAKACgAoAKACgAoAKACgAoAKACgAoAKACgAoAKACgAoAKACgAoAKACgAoAKACgAoA+cP2s/2TPgN+278BvHf7N37SPgTT/H/AMLfH+nm21HTrkCDVNE1SAO2j+LfCWsIjXfhzxh4bu3GoaDr2nlbmyuVMci3FlPeWlwAf5N3/BTL/gmb+2R/wQN/bI8FePfAXjXxhbeCbbxhJ4w/ZO/ax8HxvpMt/LpLvcjwz4ma2SXTtD+JGh6dK1h4w8H36T6H4t0Oe6vbG21Twtqt/YWoB/f5/wAEGv8AgvL8MP8Agq98MIvhr8SpfD/w3/bg+G/h+K4+I3w4t5VsdF+KGi2Cw21x8WfhNb3Mry3Gj3ErxN4u8IrNc6n4F1O6RJGvPD17pGr3QB/RJQAUAFABQAUAFABQAUAFABQAUAFABQAUAFABQAUAFABQB//Q/v4oAKACgAoACccngDkk9qAKOn6npurQNc6XqFjqVsk0tu1xp93BeQLPA2yaBpbeSSMTQuCksZbfG3yuqkYoAvUAFABQAUAFABQB/OZ/wdZf8oVP2jP+x1+Bn/q2fC9AH2n/AMEK/wDlD7/wTu/7Nh+Hv/pJLQB+sFABQAUAFABQAUAFABQAUAFABQAUAFABQAUAFABQAUAFABQAUAFABQAUAFABQAUAFABQAUAFABQAUAFABQAUAfzef8HYn/KE39ob/sov7PP/AKunwdQB6/8A8GyH/KDb9hL/ALAvx1/9ah+N1AH7yUAFABQAUAFABQAUAFABQAUAFABQAUAFABQAUAFABQAUAFABQAUAFABQAUAFABQAUAFABQAUAFABQB84ftZ/smfAb9t34DeO/wBm79pHwJp/j/4W+P8ATzbajp1yBBqmiapAHbR/FvhLWERrvw54w8N3bjUNB17TytzZXKmORbiynvLS4AP8m7/gpl/wTN/bI/4IG/tkeCvHvgLxr4wtvBNt4wk8YfsnftY+D430mW/l0l3uR4Z8TNbJLp2h/EjQ9Olaw8YeD79J9D8W6HPdXtjbap4W1W/sLUA/v8/4INf8F5fhh/wVe+GEXw1+JUvh/wCG/wC3B8N/D8Vx8RvhxbyrY6L8UNFsFhtrj4s/Ca3uZXluNHuJXibxd4RWa51PwLqd0iSNeeHr3SNXugD+iSgAoAKACgAoAKACgAoAKACgAoAKACgAoAKACgAoAKAP/9H+/igAoAKAMvXNc0fwzomseJPEWp2OieH/AA9peoa5rus6ncxWWm6Ro+k2k1/qep6heTskFpY2Flbz3d3czOkUFvFJLIyohNAH+bD8Vv8AgpZ8Yf8Ag4n/AOCxPwK/YI8L/Efx98L/APgm94l+LuvaLD8MvAms6r4M1P4y/Cf4W+HPFfxC8d+Ovihe2L2mpalrnxF8HeCdXj8N+HdXE2g/Diw1HSY7TRZ/FNtrmva4AfXv/Bw1+xp4Z/4Ikwfsj/8ABQX/AIJO3XiP9i7xBP8AExPgR8T/AA38L/E/iSTwJ47u4/Cmr+Ovh3e+LfCXiLVdb0TxOk2neB/GuleMdH8S22saL4ygk0291bTZNUtb2/1AA/qC/wCCK3/BUnwp/wAFYf2LPDPx3jsNK8LfGTwdqR+G37Qvw/0udms/DXxM0nT7O8fWtBt7mabUI/BPjvSru08UeFWu3umsBdan4Vl1TVtS8L6nesAfrnQAUAfw1/8AB3/8ef2ifF3i79j39hz9k/TPjT4n8d23h3x5+1Z8VvDvwJ0zxzrXi2Dwouo2vwj+GOsajY/D6C51mLw8mrXHxOs7y6vol00ajcaNFvFzLAGAP4s/+FJ/8Fbv+iR/8FGP/CC/aY/+VNAH9K//AAay/sY/tweL/wDgo1dfG/8Aao0L9qzwT8L/ANmz4VeKPFWiWPxvs/i74a8PeL/ij48hf4feE9Ji0zx5HYafr66R4e1jxx4tLRRXp0jWPD/h+5eKKae1uEAP6Vv+DrL/AJQqftGf9jr8DP8A1bPhegD7T/4IV/8AKH3/AIJ3f9mw/D3/ANJJaAP1goAKACgAoAKACgAoAKACgAoAKACgAoAKACgAoAKACgAoAKACgAoAKACgAoAKACgAoAKACgAoAKACgAoAKAP8n3/grB/wWc/4Km/Bj/gpb+3P8J/hZ+3F8d/A/wAOPh3+058W/CPgjwfoPiO2ttG8NeGtE8WahZaTo2l27WEjQ2VhaRRwW8bOxWNACx5NAH5I/tAf8FXv+Cjf7VPwx1j4L/tE/tgfGX4u/CvxBe6PqOteBvGOvW9/oOpXvh/U7bWdFubm2jsoGeXTdUtLa+tiJBsnhRiDjFAH+oZ/wbIf8oNv2Ev+wL8df/WofjdQB+8lABQAUAFABQAUAFABQAUAFABQAUAFABQAUAFABQAUAFABQAUAFABQAUAFABQAUAFABQAUAFABQAUAFAHzh+1n+yZ8Bv23fgN47/Zu/aR8Caf4/wDhb4/0822o6dcgQapomqQB20fxb4S1hEa78OeMPDd241DQde08rc2VypjkW4sp7y0uAD/Jv/4KZf8ABM39sj/ggb+2R4K8feAfGvjC38EW3jCTxh+yd+1j4OjfSZr6bSXe5HhnxMbZJdO0P4kaJp0r2Hi/wffrNofi3Qp7u9sbXVfC2q39jaAH9/f/AAQa/wCC8vww/wCCr3wwi+GvxKl8P/Df9uD4b+H4rj4jfDi3lWx0X4oaLYLDbXHxZ+E1vcyvLcaPcSvE3i7wis1zqfgXU7pEka88PXukavdAH9ElABQAUAFABQAUAFABQAUAFABQAUAFABQAUAFABQB//9L+/igAoAKAPwZ/4OX/ANoTWP2d/wDgjR+1tqnhnUrrSfFHxX0zwZ8A9Iu7VijnTvi34z0bw74+s3kX5o49R+Fh8dWG5cNvuY1BGdygH8D/APwakWsVx/wW7/ZilkVWex8F/tF3UBIBKSv8APiJZFlP8LGC7mTIwdrsvRiGAP66v+Dzy1iuP+CUHwxlkVWey/be+Ed1ASoJSV/hD+0FZFlJ5VjDdzJuHO1mXoxoA/AH/gy2/aF1nwL/AMFAvjz+zrNqEyeDvj9+znfeKDpalmiuPiJ8F/FmiX3hi9Zc7IxbeCvG3xPikkA3yPcWqHKqNoB/ptUAFAH+cT8df+DjbTf2HP8AguP/AMFK/jlYfs12H7T+n3cngb9jrwFdS/GCX4YT+APA37N95qOkfEOy8P6lH8N/iLba1p/xC+LlvqnixpDa2dtAun2TWxvUvGuIgD9fv2Tv+Dyj/gnp8Z9c0fwr+0d8K/jL+yVq+sX8NkPFV/8A2V8YvhLpQuJBDFNrfivwnFovjuxj8x4/NuE+FFzp1pCZbi+v7e3heRQD+sf4ffEPwF8WfBPhn4k/C7xn4X+Inw98aaTba74R8b+Ctd03xN4V8S6NeAm21PQ9e0e6vNM1OymwyrcWlzLHvR42IkR0UA/n6/4OtXWP/gil+0YznAPjj4EID/tSfF3wpGg/F3Ufj7UAfBv/AASp/wCDjj/gkX+zF/wTm/Y4/Z9+M/7R/iLwv8VfhH8DPB/grx54etvgV8dvEFvpHiPSbeSO+sotb8PfDrU9E1NImZQLvTNQu7STrHM/O0A/QH/iKu/4Iff9HW+Kf/Ecv2jv/nWUAH/EVd/wQ+/6Ot8U/wDiOX7R3/zrKAD/AIirv+CH3/R1vin/AMRy/aO/+dZQAf8AEVd/wQ+/6Ot8U/8AiOX7R3/zrKAD/iKu/wCCH3/R1vin/wARy/aO/wDnWUAH/EVd/wAEPv8Ao63xT/4jl+0d/wDOsoAP+Iq7/gh9/wBHW+Kf/Ecv2jv/AJ1lAB/xFXf8EPv+jrfFP/iOX7R3/wA6ygA/4irv+CH3/R1vin/xHL9o7/51lAB/xFXf8EPv+jrfFP8A4jl+0d/86ygA/wCIq7/gh9/0db4p/wDEcv2jv/nWUAH/ABFXf8EPv+jrfFP/AIjl+0d/86ygA/4irv8Agh9/0db4p/8AEcv2jv8A51lAB/xFXf8ABD7/AKOt8U/+I5ftHf8AzrKAD/iKu/4Iff8AR1vin/xHL9o7/wCdZQAf8RV3/BD7/o63xT/4jl+0d/8AOsoAP+Iq7/gh9/0db4p/8Ry/aO/+dZQAf8RV3/BD7/o63xT/AOI5ftHf/OsoAP8AiKu/4Iff9HW+Kf8AxHL9o7/51lAB/wARV3/BD7/o63xT/wCI5ftHf/OsoAP+Iq7/AIIff9HW+Kf/ABHL9o7/AOdZQAf8RV3/AAQ+/wCjrfFP/iOX7R3/AM6ygA/4irv+CH3/AEdb4p/8Ry/aO/8AnWUAH/EVd/wQ+/6Ot8U/+I5ftHf/ADrKAD/iKu/4Iff9HW+Kf/Ecv2jv/nWUAH/EVd/wQ+/6Ot8U/wDiOX7R3/zrKAD/AIirv+CH3/R1vin/AMRy/aO/+dZQAf8AEVd/wQ+/6Ot8U/8AiOX7R3/zrKAD/iKu/wCCH3/R1vin/wARy/aO/wDnWUAH/EVd/wAEPv8Ao63xT/4jl+0d/wDOsoAP+Iq7/gh9/wBHW+Kf/Ecv2jv/AJ1lAB/xFXf8EPv+jrfFP/iOX7R3/wA6ygA/4irv+CH3/R1vin/xHL9o7/51lAB/xFXf8EPv+jrfFP8A4jl+0d/86ygA/wCIq7/gh9/0db4p/wDEcv2jv/nWUAf5i/8AwU5+Nfw5/aQ/4KGftnfHz4Q63P4k+F3xf/aM+KPxA8A6/c6Tq2gz6x4V8TeKL/UtG1CbRtestO1rTJLqznilay1Sws723LeXcW8UgZFAPhagD/Rw/wCCHH/BwX/wSo/Yu/4JY/spfsy/tE/tCa/4K+Mvwv0z4q23jTwxZfBP42+K7bS5vE/x2+KHjbRVi8QeFPh/rPh/UPtXhvxLo98zafqV0tu9y1pcGO7guIYgD9Yf+Iq7/gh9/wBHW+Kf/Ecv2jv/AJ1lAB/xFXf8EPv+jrfFP/iOX7R3/wA6ygA/4irv+CH3/R1vin/xHL9o7/51lAB/xFXf8EPv+jrfFP8A4jl+0d/86ygA/wCIq7/gh9/0db4p/wDEcv2jv/nWUAH/ABFXf8EPv+jrfFP/AIjl+0d/86ygA/4irv8Agh9/0db4p/8AEcv2jv8A51lAB/xFXf8ABD7/AKOt8U/+I5ftHf8AzrKAD/iKu/4Iff8AR1vin/xHL9o7/wCdZQAf8RV3/BD7/o63xT/4jl+0d/8AOsoAP+Iq7/gh9/0db4p/8Ry/aO/+dZQAf8RV3/BD7/o63xT/AOI5ftHf/OsoAP8AiKu/4Iff9HW+Kf8AxHL9o7/51lAB/wARV3/BD7/o63xT/wCI5ftHf/OsoAP+Iq7/AIIff9HW+Kf/ABHL9o7/AOdZQAf8RV3/AAQ+/wCjrfFP/iOX7R3/AM6ygA/4irv+CH3/AEdb4p/8Ry/aO/8AnWUAH/EVd/wQ+/6Ot8U/+I5ftHf/ADrKAD/iKu/4Iff9HW+Kf/Ecv2jv/nWUAH/EVd/wQ+/6Ot8U/wDiOX7R3/zrKAD/AIirv+CH3/R1vin/AMRy/aO/+dZQAf8AEVd/wQ+/6Ot8U/8AiOX7R3/zrKAD/iKu/wCCH3/R1vin/wARy/aO/wDnWUAH/EVd/wAEPv8Ao63xT/4jl+0d/wDOsoAP+Iq7/gh9/wBHW+Kf/Ecv2jv/AJ1lAB/xFXf8EPv+jrfFP/iOX7R3/wA6ygA/4irv+CH3/R1vin/xHL9o7/51lAB/xFXf8EPv+jrfFP8A4jl+0d/86ygA/wCIq7/gh9/0db4p/wDEcv2jv/nWUAH/ABFXf8EPv+jrfFP/AIjl+0d/86ygA/4irv8Agh9/0db4p/8AEcv2jv8A51lAB/xFXf8ABD7/AKOt8U/+I5ftHf8AzrKAD/iKu/4Iff8AR1vin/xHL9o7/wCdZQAf8RV3/BD7/o63xT/4jl+0d/8AOsoAP+Iq7/gh9/0db4p/8Ry/aO/+dZQB84/tZf8ABfz/AINxf23fgN47/Zu/aR+OWs+P/hb4/wBPNrqOnXX7OP7RsGqaLqkAdtH8WeEtYX4Utd+G/GHhy7ZdQ0HX9PZLmyuUMcgnsri7tLgA/wA4j4i+I/Cv7G37YLeP/wDgn5+1drvxG8O/DDxla+MvgF+0P4e8KeN/hX43s7ZZJJtNs/E/hbxz4c8PXdr4l060eTRPF1jb2OreCfE9nNdQpJeaPq17o9qAf6hH/BBr/gvL8MP+Cr3wwi+GvxKl8P8Aw3/bg+G/h+K4+I3w4t5VsdF+KGi2Cw21x8WfhNb3Mry3Gj3ErxN4u8IrNc6n4F1O6RJGvPD17pGr3QB/RJQAUAFABQAUAFABQAUAFABQAUAFABQAUAFABQB//9P+/igAoAKAP5Zv+DwfS9T1D/gj5f3dgZBa6H+038ENU1rYpZTpk0HjTRYhKRwkf9s6xpJDHAMoiTq4DAH8bf8Awag/8ptv2bv+xC/aJ/8AVGeOqAP66v8Ag81/5RN/D3/s9X4Qf+qs+PFAH8pv/BorpN9qX/BZj4eXlp532fQPgV8edW1PylJT7DN4Vt9Cj+0EAhYf7S1rTtrMVH2jyFyWZVYA/wBYWgBkqs8UiJI0LujqkyKjPEzKQsirIrxs0ZIZVkR0JGHVlJFAH8Snxq/4Mo/2evHV34o8SfD39vD9oHQ/G3iPUNW1651r4seAfh98T4dQ1/VrubULy+1mPws/wmurh76+nmmvJ7e5ifzJnmSJtvlOAfzFf8FKf+Dab/goh/wTi8D698adS07wZ+0d+z94aWe88TfE74HXOuX+p+AtFiZVTWviT8PNe0fSvEvh7Sgpkm1DXfD/APwmXhPQLeIzeIfEmlpJAZQD9mP+DLX9uj4j2/xo+PP/AAT38V+INS1r4Vaz8L9T/aD+E2mapqU1zaeAPGnhPxZ4a8PePND8L2cpb7Fp/wAQ9K8dWvibVrOB1soNV8Dy6lb20V/r+sXF2Af0Lf8AB1qiv/wRT/aMVxkDxv8AAhwOR80fxc8KyIeMfddVb0OMHIJFAHxb/wAEoP8Ag3i/4I9ftLf8E3v2Mvj58bP2Qj40+LPxY+BPg7xn4/8AFf8Awv79qHw5/b/iTVbeSS/1L+wvCfxp0Lw1pfnuoP2PRdH06wi6Q2sQyGAP0I/4hcf+CFH/AEY2f/Emf2wv/n/0AH/ELj/wQo/6MbP/AIkz+2F/8/8AoAP+IXH/AIIUf9GNn/xJn9sL/wCf/QAf8QuP/BCj/oxs/wDiTP7YX/z/AOgA/wCIXH/ghR/0Y2f/ABJn9sL/AOf/AEAH/ELj/wAEKP8Aoxs/+JM/thf/AD/6AD/iFx/4IUf9GNn/AMSZ/bC/+f8A0AH/ABC4/wDBCj/oxs/+JM/thf8Az/6AD/iFx/4IUf8ARjZ/8SZ/bC/+f/QAf8QuP/BCj/oxs/8AiTP7YX/z/wCgA/4hcf8AghR/0Y2f/Emf2wv/AJ/9AB/xC4/8EKP+jGz/AOJM/thf/P8A6AD/AIhcf+CFH/RjZ/8AEmf2wv8A5/8AQAf8QuP/AAQo/wCjGz/4kz+2F/8AP/oAP+IXH/ghR/0Y2f8AxJn9sL/5/wDQAf8AELj/AMEKP+jGz/4kz+2F/wDP/oAP+IXH/ghR/wBGNn/xJn9sL/5/9AB/xC4/8EKP+jGz/wCJM/thf/P/AKAD/iFx/wCCFH/RjZ/8SZ/bC/8An/0AH/ELj/wQo/6MbP8A4kz+2F/8/wDoAP8AiFx/4IUf9GNn/wASZ/bC/wDn/wBAB/xC4/8ABCj/AKMbP/iTP7YX/wA/+gA/4hcf+CFH/RjZ/wDEmf2wv/n/ANAB/wAQuP8AwQo/6MbP/iTP7YX/AM/+gA/4hcf+CFH/AEY2f/Emf2wv/n/0AH/ELj/wQo/6MbP/AIkz+2F/8/8AoAP+IXH/AIIUf9GNn/xJn9sL/wCf/QAf8QuP/BCj/oxs/wDiTP7YX/z/AOgA/wCIXH/ghR/0Y2f/ABJn9sL/AOf/AEAH/ELj/wAEKP8Aoxs/+JM/thf/AD/6AD/iFx/4IUf9GNn/AMSZ/bC/+f8A0AH/ABC4/wDBCj/oxs/+JM/thf8Az/6AD/iFx/4IUf8ARjZ/8SZ/bC/+f/QAf8QuP/BCj/oxs/8AiTP7YX/z/wCgA/4hcf8AghR/0Y2f/Emf2wv/AJ/9AB/xC4/8EKP+jGz/AOJM/thf/P8A6APxN/4OE/8AghV/wSu/Yc/4JdfGT9ov9lz9lw/DD4yeFPGnwa0nQPGH/C7f2i/Gv2DT/FfxP8N+Hdft/wDhH/iH8W/Fnha6+36PqF3Z+beaJcT2vm/aLKS3uo450APR/wDghZ/wQM/4JMftkf8ABKn9k79pP9pD9lE/Eb40/EzTPixceN/Gf/C9P2lPCH9tTeGfjz8UvBeiP/wjvgT4w+GPCmm/YvDXhzRtN26Rodglz9j+2Xaz39zd3U4B+tf/ABC4/wDBCj/oxs/+JM/thf8Az/6AD/iFx/4IUf8ARjZ/8SZ/bC/+f/QAf8QuP/BCj/oxs/8AiTP7YX/z/wCgA/4hcf8AghR/0Y2f/Emf2wv/AJ/9AB/xC4/8EKP+jGz/AOJM/thf/P8A6AD/AIhcf+CFH/RjZ/8AEmf2wv8A5/8AQAf8QuP/AAQo/wCjGz/4kz+2F/8AP/oAP+IXH/ghR/0Y2f8AxJn9sL/5/wDQAf8AELj/AMEKP+jGz/4kz+2F/wDP/oAP+IXH/ghR/wBGNn/xJn9sL/5/9AB/xC4/8EKP+jGz/wCJM/thf/P/AKAD/iFx/wCCFH/RjZ/8SZ/bC/8An/0AH/ELj/wQo/6MbP8A4kz+2F/8/wDoAP8AiFx/4IUf9GNn/wASZ/bC/wDn/wBAB/xC4/8ABCj/AKMbP/iTP7YX/wA/+gA/4hcf+CFH/RjZ/wDEmf2wv/n/ANAB/wAQuP8AwQo/6MbP/iTP7YX/AM/+gA/4hcf+CFH/AEY2f/Emf2wv/n/0AH/ELj/wQo/6MbP/AIkz+2F/8/8AoAP+IXH/AIIUf9GNn/xJn9sL/wCf/QAf8QuP/BCj/oxs/wDiTP7YX/z/AOgA/wCIXH/ghR/0Y2f/ABJn9sL/AOf/AEAH/ELj/wAEKP8Aoxs/+JM/thf/AD/6AD/iFx/4IUf9GNn/AMSZ/bC/+f8A0AH/ABC4/wDBCj/oxs/+JM/thf8Az/6AD/iFx/4IUf8ARjZ/8SZ/bC/+f/QAf8QuP/BCj/oxs/8AiTP7YX/z/wCgA/4hcf8AghR/0Y2f/Emf2wv/AJ/9AB/xC4/8EKP+jGz/AOJM/thf/P8A6AD/AIhcf+CFH/RjZ/8AEmf2wv8A5/8AQAf8QuP/AAQo/wCjGz/4kz+2F/8AP/oAP+IXH/ghR/0Y2f8AxJn9sL/5/wDQAf8AELj/AMEKP+jGz/4kz+2F/wDP/oAP+IXH/ghR/wBGNn/xJn9sL/5/9AB/xC4/8EKP+jGz/wCJM/thf/P/AKAD/iFx/wCCFH/RjZ/8SZ/bC/8An/0AfOX7Yn/BtR/wRV+Gf7I/7U3xH8A/sbTeGvHXw/8A2cvjf438F+I4f2iv2q9Vm0DxZ4U+GfifXvDmtxaZ4g+N2r6DqMulaxYWd/HYa3pOqaRePALfUtOvbKSe2lAP8wb4ReJ/2gP2fNX8AftZfBnUvHPw41PwD8ShpvgT4z+FRc2kGgfEvQtKsvED6CurpHLYjUbnw/qiT3Ph/Vkez8S+HrjV7G5sdU0pdYt4gD/Vh/4INf8ABeX4Yf8ABV74YRfDX4lS+H/hv+3B8N/D8Vx8RvhxbyrY6L8UNFsFhtrj4s/Ca3uZXluNHuJXibxd4RWa51PwLqd0iSNeeHr3SNXugD+iSgAoAKACgAoAKACgAoAKACgAoAKACgAoAKAP/9T+/igAoAKAPzF/4LL/ALH2r/t3f8EzP2t/2avCtgmpePvFfw3/AOEp+GNjt/f6h8TPhdrmkfE7wPotpMMNaz+J9f8ACVn4Ve5GVS21y4WZXt3lRwD/ADYf+DW3VD4Q/wCC537J+j65DPpV7qmn/tHeEri11CJ7K4stXT9nT4tXY0+8guFimtrw32j/ANn/AGaVFmF88ds0ayErQB/XH/wela/aad/wS3+CmhPMov8AxF+3B8NRb23/AC0ls9J+Cv7QV7fXAH/PK3nbTopCOQ93CMEMSoB+a3/Bk3+x14hPjD9rD9vPxDpV3ZeGbfwnpv7L/wAL9QubRxa+IdT1nXNA+JPxYutPmlVQf+EZi8LfDHTvtVqZEmk8SapZGRJLK5iYA/q6/wCCq3/BZL9kv/gkZ4E8D+I/2hP+E18Y+OPild6vbfDX4Q/C/TtH1Txx4ltfD/2AeIPEd4+v634e0Lw94U0SbVdLtrzV9U1Vbq7u75LXQdL1u5ttQisgDhv2H/8AgvF+wB+3D+yr8cv2svDvjXX/AIOeDv2X9L/tr9ovwr8YdLtNP8ZfC7Rbi01C70TXp7DwjqXi618U6L4uGkapZ+DZPCl5q2ra/rFjN4dj0a38RlNIYA1P2Hv+C9H/AAS//wCCgnjv/hVHwE/aItbD4s3E0sehfDP4r+HNc+FnirxiqSvHEfAv/CV2trofjO+uI4nu18O+Gta1LxXbWCSXt/oNlbxyOgB+v1/YWOq2N7peqWVpqWmalaXNhqOnX9tDeWN/Y3kL293ZXtpcJJb3VpdW8kkFzbTxyQzwyPFKjIzKwB/A3/wbR/sP6Hp//BZn/gqH+0z8GdMjj/ZA/Zx+IX7SP7NvwM8QaeFm8N61qPi743x3PhPRvCer/arqLW9N8IfCPwl5l9c2s07jT/FvgvULqSBNat4ZQD9vP+DrL/lCp+0Z/wBjr8DP/Vs+F6APtP8A4IV/8off+Cd3/ZsPw9/9JJaAP1goAKACgAoAKACgAoAKACgAoAKACgAoAKACgAoAKACgAoAKACgAoAKACgAoAKACgAoAKACgAoAKACgAoAKACgD+bz/g7E/5Qm/tDf8AZRf2ef8A1dPg6gD1/wD4NkP+UG37CX/YF+Ov/rUPxuoA/eSgAoAKACgAoAKACgAoAKACgAoAKACgAoAKACgAoAKACgAoAKACgAoAKACgAoAKACgAoAKACgAoAKACgAoAKAPkn9v3/kxH9tb/ALNJ/aP/APVO+MqAP4t/+DTv9k34Dftu/wDBM/8A4KI/s3ftI+BdP8f/AAt8f/HzwZa6jp10BBqmiapB8MoH0fxb4S1hEa78OeMPDl4w1DQdf08rc2VyhjkFxZT3lncAH873/BTL/gmb+2R/wQN/bI8FePvAPjXxhb+CLfxhJ4w/ZO/ax8HxvpU19NpLvcr4Y8TNbRyadofxI0PTpXsPF/g+/SbQ/Fuhz3V7Y2uqeFtUv7G0AP7+/wDgg1/wXl+GH/BV74YRfDX4lS+H/hv+3B8N/D8Vx8RvhxbyrY6L8UNFsFhtrj4s/Ca3uZXluNHuJXibxd4RWa51PwLqd0iSNeeHr3SNXugD+iSgAoAKACgAoAKACgAoAKACgAoAKACgAoA//9X+/igAoAKACgD+Sf8A4KIf8G8vxOT9vLwJ/wAFWf8AglP4x+Gnwx/aa8LfFHSfi98QvgP8UjqmjfCv4n+NYtTe48WeJNC8TaLZ6pN4XvviNp11qWmfEPwtd6ZBo/iSTWNY8Qaf4l8MazeXUeqAHJ/8FDP+CX//AAVU/wCC7PxN/Zy8Kfta+BPgp/wTt/ZO+AVxrOueKNC8I/HKH9pz4q/Efxn4mXTrLXfEXhdNA8DeEPCdlFbaNpC6H4Pt/FV3pb+GLfXNc17Ul8XXN+nhjTQD+oT9ln9mD4MfsZ/AH4Z/sz/s++E4fBnwn+FHh9NB8M6QsrXd9cvLcz6jrOv69qTqk2r+JvE+uXuo+IfEmsTqsup61qV7dlIllSFAD+cD/g5d/wCCGXx//wCCpi/An45fspa94Tu/jD8E/D3iTwDr3wv8d+IB4W03xv4K1/WLXXtM1Dwl4iurebRNL8U+H9YOqLqFj4gm03Tde0fUopI9a0++8P21hrgB4Z/wR1/4Nm/GXwH/AGLP26/g/wDt6eLdM03xj+3l4C8LfC298IfCXX7fxGfg/wCFPAupax4k8PeJ5/ENzp3/AAjmu/EA+OL3S/ENtYWVvrHh3SbHwzp9sdW1KbX9Xs9NAPwo+LX/AAZsf8FQvh/46uI/gp8Tv2bfi74RtNTim8MeNF8d+J/hf4qjghm8y01HW/C2teFb2Dw/qltJGkzQaB4w8VpA3lSW2pTSB0iAP6K/2Pv+CSv/AAXy8QfC+w+BX7e3/BYbWvB/7OLabDo2u+A/2eYtK8f/ALRnibwoI4rG78I3P7Vfjv4X+F/iH4G+26ekkEut6b4h+Itw1o5s3iKXc32cA/pi/Zj/AGYPgV+xx8EvBH7O/wCzh8PdG+GXwl+H2ntY+H/DWjieZ5J55GuNS1vXNWvpbnVvEXiXXL15tR17xFrV5e6vq9/NLc3t3M5BUA/Ej/g6y/5QqftGf9jr8DP/AFbPhegD7T/4IV/8off+Cd3/AGbD8Pf/AEkloA/WCgAoAKACgAoAKACgAoAKACgAoAKACgAoAKACgAoAKACgAoAKACgAoAKACgAoAKACgAoAKACgAoAKACgAoAKAP5vP+DsT/lCb+0N/2UX9nn/1dPg6gD1//g2Q/wCUG37CX/YF+Ov/AK1D8bqAP06/a++HX7WPxL+GFrpH7HH7Sfg39mL4r6f4gi1eXxh48+CGmfHXw54l0KDR9Ytn8GXmgaj4p8LN4cXUNYu9H1JvF1hJrN9p0Wky2kehX8eoSBAD/N9/aO/4OZv+C6/7L3x/+NH7OPxJ+LPwJPj34GfE/wAbfCrxbNo3wK8CXmjXeueBvEN/4evtQ0W7lsbWa60fUpbA3+lXE9rbTzafcW0k9tBMzxIAf0K/8Ex/i9/wcT/8FL/2MvD/AO2N4R/bo/Y++FWl+N/EfjXRvh94F8ZfsuaZrcuu2fgTxLfeDtV1XxD4g8OAv4ZguPEuja5Y2lpbaLrt49pYRX7+Sl7DGoB+YfxO/wCDoT/gsR/wTY/at8efssft/wD7PP7MPxY1/wCFmu2Vn4usfCmneKfhzrniTQtVsrHXfD3ifwD8Q9D8Ra74Sfw94q8M6jZaxo13qnwtvNQgjvIrTWdN0nWbHVdIgAP7Qv8AgmR/wUy/Z5/4Ko/s22H7RHwBn1bSTYavJ4Q+Jnw08VfY4/Gnwu8e2ljZ6hd+HdcSynns9R0+8sr611Tw14m02RtN8QaTcJIFsNXs9a0PSAD8kP27f+Cwv7fXxT8a/Ez9n/8A4Ibfsb6p+1frHwi1vUfBXxj/AGvvEOnWEvwC8JePdKRjrvw8+El5r3ibwb4S+JnjXww6SWviHU7jxReaTpGrJHptp4T8VW19Z6pQB/In8Tf+DiH/AIOLv2NPj5qfgb9qH4naj4W8d+Hrux1LXPgf8b/2Xfgj4X0a+0h7mWSwMA8L/DbwZ4oufCmsQw3FvZeJPCHjOJNasle50/xDczxRXsQB/eR/wRA/4LBeDP8Agr/+zNrnxH/4RC3+Gfx0+EWu6b4O+PPw20+6udR8PaXq2t2l7f8AhXxf4M1K8Z7648G+NrDTNUk06z1V21jQtY0XxBoF3Nq1tptj4j1wA/aSgAoAKACgAoAKACgAoAKACgAoAKACgAoAKACgAoAKACgAoAKACgAoAKACgAoAKACgD5J/b9/5MR/bW/7NJ/aP/wDVO+MqAP5Rf+DIn/k0j9tf/s4zwX/6rO1oA/ri/ay/ZN+A37bvwG8d/s3ftI+BdP8AH/wt8f6ebXUdOugINU0TVIA76P4t8JawiNd+HPGHhy8YahoOv6eVubK5QxyC4sp7yzuAD/Ju/wCCmf8AwTM/bI/4IG/tkeCvH3gHxt4wt/BFv4wk8YfsnftY+D430ma+m0p3uR4Y8Tm2jk07Q/iRoenStYeL/CF+s+heLtCnu72xtdT8L6pqFhaAH9/f/BBr/gvL8MP+Cr3wwi+GvxKl8P8Aw3/bg+G/h+K4+I3w4t5VsdF+KGi2Cw21x8WfhNb3Mry3Gj3ErxN4u8IrNc6n4F1O6RJGvPD17pGr3QB/RJQAUAFABQAUAFABQAUAFABQAUAFABQB/9b+/igAoAKACgAoAKACgAoAKACgAoAKAP5zP+DrL/lCp+0Z/wBjr8DP/Vs+F6APtP8A4IV/8off+Cd3/ZsPw9/9JJaAP1goAKACgAoAKACgAoAKACgAoAKACgAoAKACgAoAKACgAoAKACgAoAKACgAoAKACgAoAKACgAoAKACgAoAKACgD+bz/g7E/5Qm/tDf8AZRf2ef8A1dPg6gD1/wD4NkP+UG37CX/YF+Ov/rUPxuoA/eSgD/Fj/wCC54A/4K//APBRIAAD/hqL4jnAGOW1BCx7ckkknuTk55NAH+jx/wAGqf8Ayg9/ZO/7Gb9o/wD9aS+K1AH8kH/B6VpPh6w/4Kk/BW/0sW0Ws63+xB8NLzxPHbxwq815a/Gr9oLTNNv76SP95JfTaRZWdh+//eJp+l6cFJhMYUA+uf8Agym8OeKfG9x/wU98C3OoeKdK+Ffi/wCGPwO8OeINV8Na1qnh3VNK8U6+/wAatH0zUPC+vac0VxoPim38OXfiS4s9a0y4g1TTbi10u9iYvbWrxAH99vwE+BPwr/Zk+Dfw5+AXwS8I6d4F+Ffwq8L6d4R8G+GdMjxFZ6bp8fz3V7ctm41TW9XvJLnWPEOu6hJPqviDXr/Udb1a6utS1C6uHAP4LP8Ag+B8T/Bu8+IH7AvhLS5NAuvj7onhb46ax4y/s6bTT4k0n4U65qXw2g8A23iuOJTqraXqvinSvH114JS8kWztJ7DxxLZRCTU7uRwD9Gv+DP8A/wCCc3x5/ZI/Z2/aG/aX/aA8H+Ifhpqf7Wuo/Cu1+Gnw+8W6feaH4pg+GvwstvHV3a+O9b0C+jt77SYPHeq/ES6Xw3a6tbW2ozaF4cg8QW9uuj+JdNur8A/sWoAKACgAoAKACgAoAKACgAoAKACgAoAKACgAoAKACgAoAKACgAoAKACgAoAKACgAoA+Sf2/f+TEf21v+zSf2j/8A1TvjKgD+UX/gyJ/5NI/bX/7OM8F/+qztaAP7cKAPnH9rL9k34Dftu/Abx3+zd+0j4E0/x/8AC3x/p5tdR026Ag1TRdUgDvo/izwnrCI134b8X+HLthqGga/p5W5srlSjieznu7S4AP8AJu/4KZ/8EzP2yP8Aggb+2R4K8feAfGvjC38D2/jCTxh+yd+1j4PjfSpr6bSne5Xwx4na2jk07Q/iRoenStYeL/CF+s+heLtCnu72xtdT8L6pqFhaAH9/f/BBr/gvL8MP+Cr3wwi+GvxKl8P/AA3/AG4Phv4fiuPiN8OLeVbHRfihotgsNtcfFn4TW9zK8txo9xK8TeLvCKzXOp+BdTukSRrzw9e6Rq90Af0SUAFABQAUAFABQAUAFABQAUAFABQB/9f+/igAoAKACgAoAKACgAoAKACgAoAKAP5zP+DrL/lCp+0Z/wBjr8DP/Vs+F6APtP8A4IV/8off+Cd3/ZsPw9/9JJaAP1goAKACgAoAKACgAoAKACgAoAKACgAoAKACgAoAKACgAoAKACgAoAKACgAoAKACgAoAKACgAoAKACgAoAKACgD+bz/g7E/5Qm/tDf8AZRf2ef8A1dPg6gD1/wD4NkP+UG37CX/YF+Ov/rUPxuoA/eSgD/Fk/wCC6H/KYD/gol/2dD8Rv/S+OgD+vL/gg7/wUj/a3/Z3/wCCSfwA+FXwE/4JI/tbfteReHdZ+OE+ifFXwZ4i8C+Cfg94tu9c+NvxC1yez07xNqP/AAkWvW40G+1GXw9rc8vhRxBqum34t0nhSN5QD87f2gf+CHP/AAXa/wCC1H7Z3jD9rP8Aap+D3w0/ZB0fx9f6FoOmQfEj4kaBf2Hwz+F/heGPStF8MeFfA/gfU/HHjrVbvSNOW61G4fxFp/hKHxb4s1LVtYe60Oz1ZvsQB/cd/wAEqf8Agl/8D/8AglB+y7pn7O3wfvb7xdrmq6vL4z+L3xa1yxi03xD8VPiFeWdrp9zrtxpcN1f2/hzQNM06ys9G8KeErK/vbXQtJtd91fax4g1HXvEOsgH0B+2n8PP2r/ij+z94t8H/ALFn7QXhH9mX4+3zW8nhn4p+Nfhdp/xZ0aytYo7kXmkDQNVu007SLzVJJLUQ+KrrRPGK6HHBM8fhHVpp42tQD/I3/wCCv3/BPH/gp9+x78ddc+JH/BRa18XfFDW/it4gdbH9qmPxVq3xP+HfxS1W3sj9m07TvHt/a2d/omoWOk6e9vo3gHxbo3g7XdM8PaQF0XwvD4a0+1lQA/pf/wCDTz/gtZ8evH3x0tv+CaP7UvxF8Q/Fnw94w8GeJNd/Zh8b+ONXv/EPjnwl4g+HWgS+I9d+Elxr+otcajrPgm++Hui+I/EfhkavfTT+D7rwhJoGlNLpGvWVloYB/oLUAFABQAUAFABQAUAFABQAUAFABQAUAFABQAUAFABQAUAFABQAUAFABQAUAFABQAUAfJP7fv8AyYj+2t/2aT+0f/6p3xlQB/KL/wAGRP8AyaR+2v8A9nGeC/8A1WdrQB/bhQAUAfOP7WX7JvwG/bd+A3jv9m79pHwJp/j/AOFvj/Tza6jpt0BBqmi6pAHfR/FnhPWERrvw34v8OXbDUNA1/TytzZXKlHE9nPd2lwAf5N3/AAUz/wCCZn7ZH/BA39sjwV4+8A+NfGFv4Ht/GEnjD9k79rHwfG+lTX02lO9yvhjxO1tHJp2h/EjQ9Olaw8X+EL9Z9C8XaFPd3tja6n4X1TULC0AP7+/+CDX/AAXl+GH/AAVe+GEXw1+JUvh/4b/twfDfw/FcfEb4cW8q2Oi/FDRbBYba4+LPwmt7mV5bjR7iV4m8XeEVmudT8C6ndIkjXnh690jV7oA/okoAKACgAoAKACgAoAKACgAoAKAP/9D+/igAoAKACgAoAKACgAoAKACgAoAKAP5zP+DrL/lCp+0Z/wBjr8DP/Vs+F6APtP8A4IV/8off+Cd3/ZsPw9/9JJaAP1goAKACgAoAKACgAoAKACgAoAKACgAoAKACgAoAKACgAoAKACgAoAKACgAoAKACgAoAKACgAoAKACgAoAKACgD+bz/g7E/5Qm/tDf8AZRf2ef8A1dPg6gD1/wD4NkP+UG37CX/YF+Ov/rUPxuoA/eSgD/Fk/wCC6H/KYD/gol/2dD8Rv/S+OgD/AEd/+DVP/lB7+yd/2M37R/8A60l8VqAP6JKACgCtZ3tnqEC3Vhd219bM8sa3NnPFcwNJbyvBPGs0DyRl4Z4pIZVDbo5Y3jcK6MqgHzb+2T+yn8Lv23P2Y/jL+y78YtFsdY8E/F3wVq/hqSa8tEu5/DWvyW7T+FPG2i7trW3iLwV4ki0zxPoN3E6PDqel2+4mFpUlAP8ALT/4NZ/gX40+J3/Bav8AZ41nQrS4m0P9n/RfjL8VfiNq2nySSW2leHrP4Z+K/hzpjteWwMDwav488d+E9E2tKkV3Z6lclPNRWjcA/wBcegAoAKACgAoAKACgAoAKACgAoAKACgAoAKACgAoAKACgAoAKACgAoAKACgAoAKACgD5J/b9/5MR/bW/7NJ/aP/8AVO+MqAP5Rf8AgyJ/5NI/bX/7OM8F/wDqs7WgD+3CgAoAKAPnH9rL9k34Dftu/Abx3+zd+0j4E0/x/wDC3x/p5tdR026Ag1TRdUgDvo/izwnrCI134b8X+HLthqGga/p5W5srlSjieznu7S4AP8m7/gpn/wAEzP2yP+CBv7ZHgrx94B8a+MLfwPb+MJPGH7J37WPg+N9KmvptKd7lfDHidraOTTtD+JGh6dK1h4v8IX6z6F4u0Ke7vbG11PwvqmoWFoAf39/8EGv+C8vww/4KvfDCL4a/EqXw/wDDf9uD4b+H4rj4jfDi3lWx0X4oaLYLDbXHxZ+E1vcyvLcaPcSvE3i7wis1zqfgXU7pEka88PXukavdAH9ElABQAUAFABQAUAFABQAUAFAH/9H+/igAoAKACgAoAKACgAoAKACgAoAKAP5zP+DrL/lCp+0Z/wBjr8DP/Vs+F6APtP8A4IV/8off+Cd3/ZsPw9/9JJaAP1goAKACgAoAKACgAoAKACgAoAKACgAoAKACgAoAKACgAoAKACgAoAKACgAoAKACgAoAKACgAoAKACgAoAKACgD+bz/g7E/5Qm/tDf8AZRf2ef8A1dPg6gD1/wD4NkP+UG37CX/YF+Ov/rUPxuoA/Tz9rv8Aaq0/9kP4Y2vxKvvgN+1L+0XJqGvx+G9P+Hv7JHwJ8WfH74ky302j6xrEV9feGvCyoug+HNmjSafP4n8QX+maFbatf6Rps98l1qdojgH+Sl+27+xb/wAFUv2wf2wP2mP2o5P+CW//AAUE8MRfHv41/EP4oad4ZuP2Qf2iL258OaL4r8SX+paDoF1ex/DZYr270XRZrDTbq7hSKG6uLWWeGKGKRIlAP7M/+Daz9qv9ob9lX9lj4X/8E9P2r/8Agm//AMFJvhV4j0r4yeItO+HHxgvv2MPjZ/wpVPDPxf8AGf8AwkK3PxJ8X6n4a0mX4bw+GvF3iPxBL4g17V9Mfwlp3hg2uuX2vWxh1K3tQD+yKgD8zv8AgsZ+z1+0b+1X/wAE0/2r/gF+yd4ln8M/Hn4heBNLsvBr22vr4Wm8TWWleM/DPiDxl8PI/Eck1tBpDfEvwPpPiPwCtze3lhpUjeIhaa1qFjo1xf3UQB/lufsd/tCf8Fav+CJX7R6a34Q+FP7QHws1CHVrbTviX+z/APFj4a/ES0+GPxZ0tJlc6V4g8L3mn2tnfTXNvuk8M+O/Cdxb6/p8Vwbzw34gbTr+8t78A/vH0D/gs3+3B/wUa/Z11f4c/sBf8EtP2uvhX+0J8T/BepeFJ/j3+0vYaF8Lf2T/AIEanr9rJo+rePfD/wAXNUvINc+Leo+CYLuXWdC8OaH4A0vxDeanDYTz+Hb63gn0q/APvH/gi3/wRq+Dn/BIL4B6p4Q0HWIfiZ+0F8U20nVfjz8a5NNfTF8RXujpdHQ/Bng7S55bifQvh74QbUtRGlW9xPJquv6pfal4j1toGu9N0TQQD9nKACgAoAKACgAoAKACgAoAKACgAoAKACgAoAKACgAoAKACgAoAKACgAoAKACgAoAKAPkn9v3/kxH9tb/s0n9o//wBU74yoA/lF/wCDIn/k0j9tf/s4zwX/AOqztaAP7cKACgAoAKAPnH9rL9k34Dftu/Abx3+zd+0j4E0/x/8AC3x/p5tdR026Ag1TRdUgDvo/izwnrCI134b8X+HLthqGga/p5W5srlSjieznu7S4AP8AJv8A+Cmf/BMz9sj/AIIG/tj+CvH/AIB8a+MLfwPb+MJPGH7J37WPg+N9KmvZtJd7lfC/ic20cunaH8SNE06VrDxf4Qv1m0LxdoU93fWNrqnhfVNQ0+yAP7+v+CDX/BeX4Yf8FXvhhF8NfiVL4f8Ahv8AtwfDfw/FcfEb4cW8q2Oi/FDRbBYba4+LPwmt7mV5bjR7iV4m8XeEVmudT8C6ndIkjXnh690jV7oA/okoAKACgAoAKACgAoAKACgD/9L+/igAoAKACgAoAKACgAoAKACgAoAKAP5zP+DrL/lCp+0Z/wBjr8DP/Vs+F6APtP8A4IV/8off+Cd3/ZsPw9/9JJaAP1goAKACgAoAKACgAoAKACgAoAKACgAoAKACgAoAKACgAoAKACgAoAKACgAoAKACgAoAKACgAoAKACgAoAKACgD+bz/g7E/5Qm/tDf8AZRf2ef8A1dPg6gD1/wD4NkP+UG37CX/YF+Ov/rUPxuoA/eSgAoAKACgAoAKACgAoAKACgAoAKACgAoAKACgAoAKACgAoAKACgAoAKACgAoAKACgAoAKACgAoAKACgAoAKAPkn9v3/kxH9tb/ALNJ/aP/APVO+MqAP5Rf+DIn/k0j9tf/ALOM8F/+qztaAP7cKACgAoAKACgD5x/ax/ZO+A37bnwG8d/s3ftI+BNP+IHwt8f6ebXUtNugINU0XU4A76P4s8J6wiNeeHPF/hy8YahoGv6eUurK6TY4ns57u1nAP8m//gpn/wAEzP2yP+CBv7ZHgrx/4A8a+MLfwPb+MJPGH7J37WPg+N9KmvZtJd7lfC/idraKTTtD+JGh6dK9h4v8IX6S6F4u0Ke7vrG11TwvqmoadZAH9/X/AAQa/wCC8vww/wCCr3wwi+GvxKl8P/Df9uD4b+H4rj4jfDi3lWx0X4oaLYLDbXHxZ+E1vcyvLcaPcSvE3i7wis1zqfgXU7pEka88PXukavdAH9ElABQAUAFABQAUAFABQB//0/7+KACgAoAKACgAoAKACgAoAKACgAoA/nM/4Osv+UKn7Rn/AGOvwM/9Wz4XoA+0/wDghX/yh9/4J3f9mw/D3/0kloA/WCgAoAKACgAoAKACgAoAKACgAoAKACgAoAKACgAoAKACgAoAKACgAoAKACgAoAKACgAoAKACgAoAKACgAoAKAP5vP+DsT/lCb+0N/wBlF/Z5/wDV0+DqAPX/APg2Q/5QbfsJf9gX46/+tQ/G6gD95KACgAoAKACgAoAKACgAoAKACgAoAKACgAoAKACgAoAKACgAoAKACgAoAKACgAoAKACgAoAKACgAoAKACgAoA+Sf2/f+TEf21v8As0n9o/8A9U74yoA/lF/4Mif+TSP21/8As4zwX/6rO1oA/twoAKACgAoAKACgD5x/ax/ZO+A37bnwG8d/s3ftI+BNP+IHwt8f6ebXUtNugINU0XU4A76P4s8J6wiNeeHPF/hy8YahoGv6eUurK6TY4ns57u1nAP8AJv8A+Cmf/BMz9sj/AIIG/tkeCvH/AIA8a+MLfwPb+MJPGH7J37WPg+N9KmvZtJd7lfC/idraKTTtD+JGh6dK9h4v8IX6S6F4u0Ke7vrG11TwvqmoadZAH9/X/BBr/gvL8MP+Cr3wwi+GvxKl8P8Aw3/bg+G/h+K4+I3w4t5VsdF+KGi2Cw21x8WfhNb3Mry3Gj3ErxN4u8IrNc6n4F1O6RJGvPD17pGr3QB/RJQAUAFABQAUAFABQB//1P7+KACgAoAKACgAoAKACgAoAKACgAoA/nM/4Osv+UKn7Rn/AGOvwM/9Wz4XoA+0/wDghX/yh9/4J3f9mw/D3/0kloA/WCgAoAKACgAoAKACgAoAKACgAoAKACgAoAKACgAoAKACgAoAKACgAoAKACgAoAKACgAoAKACgAoAKACgAoAKAP5vP+DsT/lCb+0N/wBlF/Z5/wDV0+DqAPX/APg2Q/5QbfsJf9gX46/+tQ/G6gD95KACgAoAKACgAoAKACgAoAKACgAoAKACgAoAKACgAoAKACgAoAKACgAoAKACgAoAKACgAoAKACgAoAKACgAoA+Sf2/f+TEf21v8As0n9o/8A9U74yoA/lF/4Mif+TSP21/8As4zwX/6rO1oA/twoAKACgAoAKACgAoA+cf2sf2TvgN+258BvHf7N37SPgTT/AIgfC3x/p5tdS026Ag1TRdTgDvo/izwnrCI154c8X+HLxhqGga/p5S6srpNjieznu7WcA/yb/wDgpn/wTM/bI/4IG/tkeCvH/gDxr4wt/A9v4wk8YfsnftY+D430qa9m0l3uV8L+J2topNO0P4kaHp0r2Hi/whfpLoXi7Qp7u+sbXVPC+qahp1kAf39f8EGv+C8vww/4KvfDCL4a/EqXw/8ADf8Abg+G/h+K4+I3w4t5VsdF+KGi2Cw21x8WfhNb3Mry3Gj3ErxN4u8IrNc6n4F1O6RJGvPD17pGr3QB/RJQAUAFABQAUAFAH//V/v4oAKACgAoAKACgAoAKACgAoAKACgD+cz/g6y/5QqftGf8AY6/Az/1bPhegD7T/AOCFf/KH3/gnd/2bD8Pf/SSWgD9YKACgAoAKACgAoAKACgAoAKACgAoAKACgAoAKACgAoAKACgAoAKACgAoAKACgAoAKACgAoAKACgAoAKACgAoA/m8/4OxP+UJv7Q3/AGUX9nn/ANXT4OoA9f8A+DZD/lBt+wl/2Bfjr/61D8bqAP3koAKACgAoAKACgAoAKACgAoAKACgAoAKACgAoAKACgAoAKACgAoAKACgAoAKACgAoAKACgAoAKACgAoAKACgD5J/b9/5MR/bW/wCzSf2j/wD1TvjKgD+UX/gyJ/5NI/bX/wCzjPBf/qs7WgD+3CgAoAKACgAoAKACgAoA+cf2sf2TvgN+258BvHf7N37SPgTT/iB8LfH+nm11LTboCDVNF1OAO+j+LPCesIjXnhzxf4cvGGoaBr+nlLqyuk2OJ7Oe7tZwD/Jv/wCCmf8AwTM/bI/4IG/tj+CvH/gDxr4wt/A9v4wk8YfsnftY+D430qa9n0p3uV8L+KGto5NO0P4kaJp0r2Hi7whfpNoXi/Qpru+sbXU/C+qahp1kAf39f8EGv+C8vww/4KvfDCL4a/EqXw/8N/24Phv4fiuPiN8OLeVbHRfihotgsNtcfFn4TW9zK8txo9xK8TeLvCKzXOp+BdTukSRrzw9e6Rq90Af0SUAFABQAUAFAH//W/v4oAKACgAoAKACgAoAKACgAoAKACgD+cz/g6y/5QqftGf8AY6/Az/1bPhegD7T/AOCFf/KH3/gnd/2bD8Pf/SSWgD9YKACgAoAKACgAoAKACgAoAKACgAoAKACgAoAKACgAoAKACgAoAKACgAoAKACgAoAKACgAoAKACgAoAKACgAoA/m8/4OxP+UJv7Q3/AGUX9nn/ANXT4OoA9f8A+DZD/lBt+wl/2Bfjr/61D8bqAP3koAKACgAoAKACgAoAKACgAoAKACgAoAKACgAoAKACgAoAKACgAoAKACgAoAKACgAoAKACgAoAKACgAoAKACgD5J/b9/5MR/bW/wCzSf2j/wD1TvjKgD+UX/gyJ/5NI/bX/wCzjPBf/qs7WgD+3CgAoAKACgAoAKACgAoAKAPnL9rH9k74D/tufAfx3+zd+0h4E074gfC34gacbXUtNugINT0bU4A76P4s8J6wiNeeHPF/hy8ZdQ0DX9PZLqxukKuJ7Oe7s7gA/wAm/wD4Kaf8Ey/2x/8Aggb+2P4K8f8AgDxr4wt/A1v4wk8YfsnftY+D430qe9n0p3uV8L+KGto5NO0T4kaJp0r2Hi7wjfxy6F4v0Ka7vrG11TwvqmoafZAH9/P/AAQa/wCC8vww/wCCr3wwi+GvxKl8P/Df9uD4b+H4rj4jfDi3lWx0X4oaLYLDbXHxZ+E1vcyvLcaPcSvE3i7wis1zqfgXU7pEka88PXukavdAH9ElABQAUAFAH//X/v4oAKACgAoAKACgAoAKACgAoAKACgD+cz/g6y/5QqftGf8AY6/Az/1bPhegD7T/AOCFf/KH3/gnd/2bD8Pf/SSWgD9YKACgAoAKACgAoAKACgAoAKACgAoAKACgAoAKACgAoAKACgAoAKACgAoAKACgAoAKACgAoAKACgAoAKACgAoA/m8/4OxP+UJv7Q3/AGUX9nn/ANXT4OoA9f8A+DZD/lBt+wl/2Bfjr/61D8bqAP3koAKACgAoAKACgAoAKACgAoAKACgAoAKACgAoAKACgAoAKACgAoAKACgAoAKACgAoAKACgAoAKACgAoAKACgD5J/b9/5MR/bW/wCzSf2j/wD1TvjKgD+UX/gyJ/5NI/bX/wCzjPBf/qs7WgD+3CgAoAKACgAoAKACgAoAKACgD5y/ax/ZO+A/7bnwH8d/s3ftIeBNO+IHwt+IGnG11LTboCDU9G1OAO+j+LPCesIjXnhzxf4cvGXUNA1/T2S6sbpCrieznu7O4AP8m/8A4Kaf8Ey/2x/+CBv7Y/grx/4A8a+MLfwNb+MJPGH7J37WPg+N9KnvZ9Kd7lfC/ihraOTTtE+JGiadK9h4u8I38cuheL9Cmu76xtdU8L6pqGn2QB/fz/wQa/4Ly/DD/gq98MIvhr8SpfD/AMN/24Phv4fiuPiN8OLeVbHRfihotgsNtcfFn4TW9zK8txo9xK8TeLvCKzXOp+BdTukSRrzw9e6Rq90Af0SUAFABQB//0P7+KACgAoAKACgAoAKACgAoAKACgAoA/nM/4Osv+UKn7Rn/AGOvwM/9Wz4XoA+0/wDghX/yh9/4J3f9mw/D3/0kloA/WCgAoAKACgAoAKACgAoAKACgAoAKACgAoAKACgAoAKACgAoAKACgAoAKACgAoAKACgAoAKACgAoAKACgAoAKAP5vP+DsT/lCb+0N/wBlF/Z5/wDV0+DqAPX/APg2Q/5QbfsJf9gX46/+tQ/G6gD95KACgAoAKACgAoAKACgAoAKACgAoAKACgAoAKACgAoAKACgAoAKACgAoAKACgAoAKACgAoAKACgAoAKACgAoA+Sf2/f+TEf21v8As0n9o/8A9U74yoA/lF/4Mif+TSP21/8As4zwX/6rO1oA/twoAKACgAoAKACgAoAKACgAoAKAPnL9rH9k74D/ALbnwH8d/s3ftIeBNO+IHwt+IGnG11LTboCDU9G1OAO+j+LPCesIjXnhzxf4cvGXUNA1/T2S6sbpCrieznu7O4AP8m//AIKaf8Ey/wBsf/ggb+2P4K8f+APGvjC38DW/jCTxh+yd+1j4PjfSp72fSne5Xwv4oa2jk07RPiRomnSvYeLvCN/HLoXi/Qpru+sbXVPC+qahp9kAf38/8EGv+C8vww/4KvfDCL4a/EqXw/8ADf8Abg+G/h+K4+I3w4t5VsdF+KGi2Cw21x8WfhNb3Mry3Gj3ErxN4u8IrNc6n4F1O6RJGvPD17pGr3QB/RJQAUAf/9H+/igAoAKACgAoAKACgAoAKACgAoAKAP5zP+DrL/lCp+0Z/wBjr8DP/Vs+F6APtP8A4IV/8off+Cd3/ZsPw9/9JJaAP1goAKACgAoAKACgAoAKACgAoAKACgAoAKACgAoAKACgAoAKACgAoAKACgAoAKACgAoAKACgAoAKACgAoAKACgD+bz/g7E/5Qm/tDf8AZRf2ef8A1dPg6gD1/wD4NkP+UG37CX/YF+Ov/rUPxuoA/eSgAoAKACgAoAKACgAoAKACgAoAKACgAoAKACgAoAKACgAoAKACgAoAKACgAoAKACgAoAKACgAoAKACgAoAKAPkn9v3/kxH9tb/ALNJ/aP/APVO+MqAP5Rf+DIn/k0j9tf/ALOM8F/+qztaAP7cKACgAoAKACgAoAKACgAoAKACgAoA+cv2sf2TvgP+258B/Hf7N37SHgTTviB8LfiBpxtdS026Ag1PRtTgDvo/izwnrCI154c8X+HLxl1DQNf09kurG6Qq4ns57uzuAD/Jv/4Kaf8ABMv9sj/ggb+2P4K+IHgDxr4wt/A1v4wk8YfsnftY+D430qa8n0p5LlfC/ihraOTTtD+JGiadK9h4u8I38cuheL9Cmu76xtdU8L6nqGn2QB/ohf8ABAr/AILCJ/wV1/ZZ1/xP408Ip4L/AGifgJqXhnwP8eLDSLaSPwT4k1PxBpd/eeGfiF4Jd5JnsNM8YQaHrMmoeFrqWS88La1p1/ZJPe6PPo2pXoB+7dAH/9L+/igAoAKACgAoAKACgAoAKACgAoAKAP5zP+DrL/lCp+0Z/wBjr8DP/Vs+F6APtP8A4IV/8off+Cd3/ZsPw9/9JJaAP1goAKACgAoAKACgAoAKACgAoAKACgAoAKACgAoAKACgAoAKACgAoAKACgAoAKACgAoAKACgAoAKACgAoAKACgD+bz/g7E/5Qm/tDf8AZRf2ef8A1dPg6gD1/wD4NkP+UG37CX/YF+Ov/rUPxuoA/eSgAoAKACgAoAKACgAoAKACgAoAKACgAoAKACgAoAKACgAoAKACgAoAKACgAoAKACgAoAKACgAoAKACgAoAKAPkn9v3/kxH9tb/ALNJ/aP/APVO+MqAP5Rf+DIn/k0j9tf/ALOM8F/+qztaAP7cKACgAoAKACgAoAKACgAoAKACgAoAKAPnL9rH9k74D/tt/Afx3+zf+0h4E074gfCz4gacbTUtMuwINT0bU4Az6P4r8KawiNeeHPF/hy8ZdQ0DX9PKXVjdJtbzrOe7tbgA/kU/4M1fBth8Ob3/AIK0fD3Srq8vdL8CftCfCXwbpt7qBha/u7DwxL8d9Es7q+a2ht7c3lxb2Mctybe3ghMzOYoYkKooB/bxQB//0/7+KACgAoAKACgAoAKACgAoAKACgAoA/nM/4Osv+UKn7Rn/AGOvwM/9Wz4XoA+0/wDghX/yh9/4J3f9mw/D3/0kloA/WCgAoAKACgAoAKACgAoAKACgAoAKACgAoAKACgAoAKACgAoAKACgAoAKACgAoAKACgAoAKACgAoAKACgAoAKAP5vP+DsT/lCb+0N/wBlF/Z5/wDV0+DqAPX/APg2Q/5QbfsJf9gX46/+tQ/G6gD95KACgAoAKACgAoAKACgAoAKACgAoAKACgAoAKACgAoAKACgAoAKACgAoAKACgAoAKACgAoAKACgAoAKACgAoA+Sf2/f+TEf21v8As0n9o/8A9U74yoA/lF/4Mif+TSP21/8As4zwX/6rO1oA/twoAKACgAoAKACgAoAKACgAoAKACgAoAKAP4tv+DRf/AJKV/wAFoP8As7PwV/6f/wBoSgD+0mgD/9T+/igAoAKACgAoAKACgAoAKACgAoAKAP5zP+DrL/lCp+0Z/wBjr8DP/Vs+F6APtP8A4IV/8off+Cd3/ZsPw9/9JJaAP1goAKACgAoAKACgAoAKACgAoAKACgAoAKACgAoAKACgAoAKACgAoAKACgAoAKACgAoAKACgAoAKACgAoAKACgD+bz/g7E/5Qm/tDf8AZRf2ef8A1dPg6gD1/wD4NkP+UG37CX/YF+Ov/rUPxuoA/eSgAoAKACgAoAKACgAoAKACgAoAKACgAoAKACgAoAKACgAoAKACgAoAKACgAoAKACgAoAKACgAoAKACgAoAKAPkn9v3/kxH9tb/ALNJ/aP/APVO+MqAP5Rf+DIn/k0j9tf/ALOM8F/+qztaAP7cKACgAoAKACgAoAKACgAoAKACgAoAKACgD+Lb/g0X/wCSlf8ABaD/ALOz8Ff+n/8AaEoA/tJoA//V/v4oAKACgAoAKACgAoAKACgAoAKACgD+cz/g6y/5QqftGf8AY6/Az/1bPhegD7T/AOCFf/KH3/gnd/2bD8Pf/SSWgD9YKACgAoAKACgAoAKACgAoAKACgAoAKACgAoAKACgAoAKACgAoAKACgAoAKACgAoAKACgAoAKACgAoAKACgAoA/m8/4OxP+UJv7Q3/AGUX9nn/ANXT4OoA9f8A+DZD/lBt+wl/2Bfjr/61D8bqAP3koAKACgAoAKACgAoAKACgAoAKACgAoAKACgAoAKACgAoAKACgAoAKACgAoAKACgAoAKACgAoAKACgAoAKACgD5J/b9/5MR/bW/wCzSf2j/wD1TvjKgD+UX/gyJ/5NI/bX/wCzjPBf/qs7WgD+3CgAoAKACgAoAKACgAoAKACgAoAKACgAoA/i2/4NF/8AkpX/AAWg/wCzs/BX/p//AGhKAP7SaAP/1v7+KACgAoAKACgAoAKACgAoAKACgAoA/nM/4Osv+UKn7Rn/AGOvwM/9Wz4XoA+0/wDghX/yh9/4J3f9mw/D3/0kloA/WCgAoAKACgAoAKACgAoAKACgAoAKACgAoAKACgAoAKACgAoAKACgAoAKACgAoAKACgAoAKACgAoAKACgAoAKAP5vP+DsT/lCb+0N/wBlF/Z5/wDV0+DqAPX/APg2Q/5QbfsJf9gX46/+tQ/G6gD95KACgAoAKACgAoAKACgAoAKACgAoAKACgAoAKACgAoAKACgAoAKACgAoAKACgAoAKACgAoAKACgAoAKACgAoA+Sf2/f+TEf21v8As0n9o/8A9U74yoA/lF/4Mif+TSP21/8As4zwX/6rO1oA/twoAKACgAoAKACgAoAKACgAoAKACgAoAKAP4tv+DRf/AJKV/wAFoP8As7PwV/6f/wBoSgD+0mgD/9f+/igAoAKACgAoAKACgAoAKACgAoAKAP5zP+DrL/lCp+0Z/wBjr8DP/Vs+F6APtP8A4IV/8off+Cd3/ZsPw9/9JJaAP1goAKACgAoAKACgAoAKACgAoAKACgAoAKACgAoAKACgAoAKACgAoAKACgAoAKACgAoAKACgAoAKACgAoAKACgD+bz/g7E/5Qm/tDf8AZRf2ef8A1dPg6gD1/wD4NkP+UG37CX/YF+Ov/rUPxuoA/eSgAoAKACgAoAKACgAoAKACgAoAKACgAoAKACgAoAKACgAoAKACgAoAKACgAoAKACgAoAKACgAoAKACgAoAKAPkn9v3/kxH9tb/ALNJ/aP/APVO+MqAP5Rf+DIn/k0j9tf/ALOM8F/+qztaAP7cKACgAoAKACgAoAKACgAoAKACgAoAKACgD+Lb/g0X/wCSlf8ABaD/ALOz8Ff+n/8AaEoA/tJoA//Q/v4oAKACgAoAKACgAoAKACgAoAKACgD+cz/g6y/5QqftGf8AY6/Az/1bPhegD7T/AOCFf/KH3/gnd/2bD8Pf/SSWgD9YKACgAoAKACgAoAKACgAoAKACgAoAKACgAoAKACgAoAKACgAoAKACgAoAKACgAoAKACgAoAKACgAoAKACgAoA/m8/4OxP+UJv7Q3/AGUX9nn/ANXT4OoA9f8A+DZD/lBt+wl/2Bfjr/61D8bqAP3koAKACgAoAKACgAoAKACgAoAKACgAoAKACgAoAKACgAoAKACgAoAKACgAoAKACgAoAKACgAoAKACgAoAKACgD5J/b9/5MR/bW/wCzSf2j/wD1TvjKgD+UX/gyJ/5NI/bX/wCzjPBf/qs7WgD+3CgAoAKACgAoAKACgAoAKACgAoAKACgAoA/i2/4NF/8AkpX/AAWg/wCzs/BX/p//AGhKAP7SaAP/0f7+KACgAoAKACgAoAKACgAoAKACgAoA/nM/4Osv+UKn7Rn/AGOvwM/9Wz4XoA+0/wDghX/yh9/4J3f9mw/D3/0kloA/WCgAoAKACgAoAKACgAoAKACgAoAKACgAoAKACgAoAKACgAoAKACgAoAKACgAoAKACgAoAKACgAoAKACgAoAKAP5vP+DsT/lCb+0N/wBlF/Z5/wDV0+DqAPX/APg2Q/5QbfsJf9gX46/+tQ/G6gD95KACgAoAKACgAoAKACgAoAKACgAoAKACgAoAKACgAoAKACgAoAKACgAoAKACgAoAKACgAoAKACgAoAKACgAoA+Sf2/f+TEf21v8As0n9o/8A9U74yoA/lF/4Mif+TSP21/8As4zwX/6rO1oA/twoAKACgAoAKACgAoAKACgAoAKACgAoAKAP4tv+DRf/AJKV/wAFoP8As7PwV/6f/wBoSgD+0mgD/9L+/igAoAKACgAoAKACgAoAKACgAoAKAP5zP+DrL/lCp+0Z/wBjr8DP/Vs+F6APtP8A4IV/8off+Cd3/ZsPw9/9JJaAP1goAKACgAoAKACgAoAKACgAoAKACgAoAKACgAoAKACgAoAKACgAoAKACgAoAKACgAoAKACgAoAKACgAoAKACgD+bz/g7E/5Qm/tDf8AZRf2ef8A1dPg6gD1/wD4NkP+UG37CX/YF+Ov/rUPxuoA/eSgAoAKACgAoAKACgAoAKACgAoAKACgAoAKACgAoAKACgAoAKACgAoAKACgAoAKACgAoAKACgAoAKACgAoAKAPkn9v3/kxH9tb/ALNJ/aP/APVO+MqAP5Rf+DIn/k0j9tf/ALOM8F/+qztaAP7cKACgAoAKACgAoAKACgAoAKACgAoAKACgD+Lb/g0X/wCSlf8ABaD/ALOz8Ff+n/8AaEoA/tJoA//T/v4oAKACgAoAKACgAoAKACgAoAKACgD+cz/g6y/5QqftGf8AY6/Az/1bPhegD7T/AOCFf/KH3/gnd/2bD8Pf/SSWgD9YKACgAoAKACgAoAKACgAoAKACgAoAKACgAoAKACgAoAKACgAoAKACgAoAKACgAoAKACgAoAKACgAoAKACgAoA/m8/4OxP+UJv7Q3/AGUX9nn/ANXT4OoA9f8A+DZD/lBt+wl/2Bfjr/61D8bqAP3koAKACgAoAKACgAoAKACgAoAKACgAoAKACgAoAKACgAoAKACgAoAKACgAoAKACgAoAKACgAoAKACgAoAKACgD5J/b9/5MR/bW/wCzSf2j/wD1TvjKgD+UX/gyJ/5NI/bX/wCzjPBf/qs7WgD+3CgAoAKACgAoAKACgAoAKACgAoAKACgAoA/i2/4NF/8AkpX/AAWg/wCzs/BX/p//AGhKAP7SaAP/1P7+KACgAoAKACgAoAKACgAoAKACgAoA/nM/4Osv+UKn7Rn/AGOvwM/9Wz4XoA+0/wDghX/yh9/4J3f9mw/D3/0kloA/WCgAoAKACgAoAKACgAoAKACgAoAKACgAoAKACgAoAKACgAoAKACgAoAKACgAoAKACgAoAKACgAoAKACgAoAKAP5vP+DsT/lCb+0N/wBlF/Z5/wDV0+DqAPX/APg2Q/5QbfsJf9gX46/+tQ/G6gD95KACgAoAKACgAoAKACgAoAKACgAoAKACgAoAKACgAoAKACgAoAKACgAoAKACgAoAKACgAoAKACgAoAKACgAoA+Sf2/f+TEf21v8As0n9o/8A9U74yoA/lF/4Mif+TSP21/8As4zwX/6rO1oA/twoAKACgAoAKACgAoAKACgAoAKACgAoAKAP4tv+DRf/AJKV/wAFoP8As7PwV/6f/wBoSgD+0mgD/9X+/igAoAKACgAoAKACgAoAKACgAoAKAP5zP+DrL/lCp+0Z/wBjr8DP/Vs+F6APtP8A4IV/8off+Cd3/ZsPw9/9JJaAP1goAKACgAoAKACgAoAKACgAoAKACgAoAKACgAoAKACgAoAKACgAoAKACgAoAKACgAoAKACgAoAKACgAoAKACgD+bz/g7E/5Qm/tDf8AZRf2ef8A1dPg6gD1/wD4NkP+UG37CX/YF+Ov/rUPxuoA/eSgAoAKACgAoAKACgAoAKACgAoAKACgAoAKACgAoAKACgAoAKACgAoAKACgAoAKACgAoAKACgAoAKACgAoAKAPkn9v3/kxH9tb/ALNJ/aP/APVO+MqAP5Rf+DIn/k0j9tf/ALOM8F/+qztaAP7cKACgAoAKACgAoAKACgAoAKACgAoAKACgD+Lb/g0X/wCSlf8ABaD/ALOz8Ff+n/8AaEoA/tJoA//W/v4oAKACgAoAKACgAoAKACgAoAKACgD+cz/g6y/5QqftGf8AY6/Az/1bPhegD7T/AOCFf/KH3/gnd/2bD8Pf/SSWgD9YKACgAoAKACgAoAKACgAoAKACgAoAKACgAoAKACgAoAKACgAoAKACgAoAKACgAoAKACgAoAKACgAoAKACgAoA/m8/4OxP+UJv7Q3/AGUX9nn/ANXT4OoA9f8A+DZD/lBt+wl/2Bfjr/61D8bqAP3koAKACgAoAKACgAoAKACgAoAKACgAoAKACgAoAKACgAoAKACgAoAKACgAoAKACgAoAKACgAoAKACgAoAKACgD5J/b9/5MR/bW/wCzSf2j/wD1TvjKgD+UX/gyJ/5NI/bX/wCzjPBf/qs7WgD+3CgAoAKACgAoAKACgAoAKACgAoAKACgAoA/i2/4NF/8AkpX/AAWg/wCzs/BX/p//AGhKAP7SaAP/1/7+KACgAoAKACgAoAKACgAoAKACgAoA/nM/4Osv+UKn7Rn/AGOvwM/9Wz4XoA+0/wDghX/yh9/4J3f9mw/D3/0kloA/WCgAoAKACgAoAKACgAoAKACgAoAKACgAoAKACgAoAKACgAoAKACgAoAKACgAoAKACgAoAKACgAoAKACgAoAKAP5vP+DsT/lCb+0N/wBlF/Z5/wDV0+DqAPX/APg2Q/5QbfsJf9gX46/+tQ/G6gD95KACgAoAKACgAoAKACgAoAKACgAoAKACgAoAKACgAoAKACgAoAKACgAoAKACgAoAKACgAoAKACgAoAKACgAoA+Sf2/f+TEf21v8As0n9o/8A9U74yoA/lF/4Mif+TSP21/8As4zwX/6rO1oA/twoAKACgAoAKACgAoAKACgAoAKACgAoAKAP4tv+DRf/AJKV/wAFoP8As7PwV/6f/wBoSgD+0mgD/9D+/igAoAKACgAoAKACgAoAKACgAoAKAP5zP+DrL/lCp+0Z/wBjr8DP/Vs+F6APtP8A4IV/8off+Cd3/ZsPw9/9JJaAP1goAKACgAoAKACgAoAKACgAoAKACgAoAKACgAoAKACgAoAKACgAoAKACgAoAKACgAoAKACgAoAKACgAoAKACgD+bz/g7E/5Qm/tDf8AZRf2ef8A1dPg6gD1/wD4NkP+UG37CX/YF+Ov/rUPxuoA/eSgAoAKACgAoAKACgAoAKACgAoAKACgAoAKACgAoAKACgAoAKACgAoAKACgAoAKACgAoAKACgAoAKACgAoAKAPkn9v3/kxH9tb/ALNJ/aP/APVO+MqAP5Rf+DIn/k0j9tf/ALOM8F/+qztaAP7cKACgAoAKACgAoAKACgAoAKACgAoAKACgD+Lb/g0X/wCSlf8ABaD/ALOz8Ff+n/8AaEoA/tJoA//R/v4oAKACgAoAKACgAoAKACgAoAKACgD+cz/g6y/5QqftGf8AY6/Az/1bPhegD7T/AOCFf/KH3/gnd/2bD8Pf/SSWgD9YKACgAoAKACgAoAKACgAoAKACgAoAKACgAoAKACgAoAKACgAoAKACgAoAKACgAoAKACgAoAKACgAoAKACgAoA/m8/4OxP+UJv7Q3/AGUX9nn/ANXT4OoA9f8A+DZD/lBt+wl/2Bfjr/61D8bqAP3koAKACgAoAKACgAoAKACgAoAKACgAoAKACgAoAKACgAoAKACgAoAKACgAoAKACgAoAKACgAoAKACgAoAKACgD5J/b9/5MR/bW/wCzSf2j/wD1TvjKgD+UX/gyJ/5NI/bX/wCzjPBf/qs7WgD+3CgAoAKACgAoAKACgAoAKACgAoAKACgAoA/i2/4NF/8AkpX/AAWg/wCzs/BX/p//AGhKAP7SaAP/0v7+KACgAoAKACgAoAKACgAoAKACgAoA/nM/4Osv+UKn7Rn/AGOvwM/9Wz4XoA+0/wDghX/yh9/4J3f9mw/D3/0kloA/WCgAoAKACgAoAKACgAoAKACgAoAKACgAoAKACgAoAKACgAoAKACgAoAKACgAoAKACgAoAKACgAoAKACgAoAKAP5vP+DsT/lCb+0N/wBlF/Z5/wDV0+DqAPX/APg2Q/5QbfsJf9gX46/+tQ/G6gD95KACgAoAKACgAoAKACgAoAKACgAoAKACgAoAKACgAoAKACgAoAKACgAoAKACgAoAKACgAoAKACgAoAKACgAoA+Sf2/f+TEf21v8As0n9o/8A9U74yoA/lF/4Mif+TSP21/8As4zwX/6rO1oA/twoAKACgAoAKACgAoAKACgAoAKACgAoAKAP4tv+DRf/AJKV/wAFoP8As7PwV/6f/wBoSgD+0mgD/9P+/igAoAKACgAoAKACgAoAKACgAoAKAP5zP+DrL/lCp+0Z/wBjr8DP/Vs+F6APtP8A4IV/8off+Cd3/ZsPw9/9JJaAP1goAKACgAoAKACgAoAKACgAoAKACgAoAKACgAoAKACgAoAKACgAoAKACgAoAKACgAoAKACgAoAKACgAoAKACgD+bz/g7E/5Qm/tDf8AZRf2ef8A1dPg6gD1/wD4NkP+UG37CX/YF+Ov/rUPxuoA/eSgAoAKACgAoAKACgAoAKACgAoAKACgAoAKACgAoAKACgAoAKACgAoAKACgAoAKACgAoAKACgAoAKACgAoAKAPkn9v3/kxH9tb/ALNJ/aP/APVO+MqAP5Rf+DIn/k0j9tf/ALOM8F/+qztaAP7cKACgAoAKACgAoAKACgAoAKACgAoAKACgD+Lb/g0X/wCSlf8ABaD/ALOz8Ff+n/8AaEoA/tJoA//U/v4oAKACgAoAKACgAoAKACgAoAKACgD+cz/g6y/5QqftGf8AY6/Az/1bPhegD7T/AOCFf/KH3/gnd/2bD8Pf/SSWgD9YKACgAoAKACgAoAKACgAoAKACgAoAKACgAoAKACgAoAKACgAoAKACgAoAKACgAoAKACgAoAKACgAoAKACgAoA/m8/4OxP+UJv7Q3/AGUX9nn/ANXT4OoA9f8A+DZD/lBt+wl/2Bfjr/61D8bqAP3koAKACgAoAKACgAoAKACgAoAKACgAoAKACgAoAKACgAoAKACgAoAKACgAoAKACgAoAKACgAoAKACgAoAKACgD5J/b9/5MR/bW/wCzSf2j/wD1TvjKgD+UX/gyJ/5NI/bX/wCzjPBf/qs7WgD+3CgAoAKACgAoAKACgAoAKACgAoAKACgAoA/i2/4NF/8AkpX/AAWg/wCzs/BX/p//AGhKAP7SaAP/1f7+KACgAoAKACgAoAKACgAoAKACgAoA/nM/4Osv+UKn7Rn/AGOvwM/9Wz4XoA+0/wDghX/yh9/4J3f9mw/D3/0kloA/WCgAoAKACgAoAKACgAoAKACgAoAKACgAoAKACgAoAKACgAoAKACgAoAKACgAoAKACgAoAKACgAoAKACgAoAKAP5vP+DsT/lCb+0N/wBlF/Z5/wDV0+DqAPX/APg2Q/5QbfsJf9gX46/+tQ/G6gD95KACgAoAKACgAoAKACgAoAKACgAoAKACgAoAKACgAoAKACgAoAKACgAoAKACgAoAKACgAoAKACgAoAKACgAoA+Sf2/f+TEf21v8As0n9o/8A9U74yoA/lF/4Mif+TSP21/8As4zwX/6rO1oA/twoAKACgAoAKACgAoAKACgAoAKACgAoAKAP4tv+DRf/AJKV/wAFoP8As7PwV/6f/wBoSgD+0mgD/9b+/igAoAKACgAoAKACgAoAKACgAoAKAP5zP+DrL/lCp+0Z/wBjr8DP/Vs+F6APtP8A4IV/8off+Cd3/ZsPw9/9JJaAP1goAKACgAoAKACgAoAKACgAoAKACgAoAKACgAoAKACgAoAKACgAoAKACgAoAKACgAoAKACgAoAKACgAoAKACgD+bz/g7E/5Qm/tDf8AZRf2ef8A1dPg6gD1/wD4NkP+UG37CX/YF+Ov/rUPxuoA/eSgAoAKACgAoAKACgAoAKACgAoAKACgAoAKACgAoAKACgAoAKACgAoAKACgAoAKACgAoAKACgAoAKACgAoA8a8Y/tGfs9/DzXrrwr8QPjv8GvA3ieyjtpr3w54x+KHgjwzr1pDe28d1Zy3Wj61rtjqFvHd2ssVzbSS26rPbyxzRFo3VmAPi79uv9rL9lfWP2Iv2x9I0j9pf9n/VNV1T9lb9oXTtM0zTvjL8Or7UNR1C++Efi+2srCwsrbxJLc3l7eXMsVva2tvFJPcTyJFFG7uqsAfzi/8ABkT/AMmkftr/APZxngv/ANVna0Af24UAFABQAUAFABQAUAFABQAUAFABQAUAFAH8W3/Bov8A8lK/4LQf9nZ+Cv8A0/8A7QlAH9pNAH//1/68f+Cnn/BRT4Q/8Evf2RPH37U3xZibXZdIktPC/wAMvhzZ6jb6ZrXxV+KWvR3R8MeCNJu54rgWcUkdnqGu+JNXW0vX0DwhofiDXItP1OfT4dMvQD+Wz/gjCv7af/BwRf8A7T/7YP7a/wC23+1b8Ifgt4D8dwfCT4MfAj9i/wCM3iv9mbwFoPjW48PWXi/XNSm/4Qy5k1HXR8PND1/wWfDNz4tvPE+vapq2t3d54i1m9sbJdN1AA8e/ZJ/4LiftRf8ABKb/AIKl/Fj/AIJcf8FI/jt4l/aY/Zm8L/GNPhd4T/aQ+K0yah8YvhZpPiiHT9a+FfxE8ZeMpnGqeMfBmv8AhrxN4ZvfiVa+Lb7XtX8KJeXGv+F9ebTtDuvDfiEA/v6VldVZGDKwDKykFWUjIZSMggg5BBwRyM5oAWgD5R/bc/bL+Cv7AX7MvxQ/ap+PuszaX8P/AIZ6Ot0dP05I7jxF4w8S6jMmn+FfAvhOxkkiS+8TeLdcntNI0xJpbewsvPm1bWb3TtD07U9StQD/ADM/29P+Csf/AAcJftkWGtftHWnhL9tj9lD9kOewvNQ8Jxfs4/Dr47fCn4NaP4HeE6lDqHiX44+H9F0i+8fTXOiG3vNa8Sa/4uXw7dILm60PQvDmi3L6agB5Z/wTd/4OXf8Ago3+xV8VvC0vxk+N/wARf2uP2eb3V9FsviT8NPjr4o1b4k+LoPCkd7FHqepfDD4h+K9Un8W+GfF+m6VLdnRLS88QXXgu/uRb2+v+H7qOKyvLAA/1ivhH8VPA/wAc/hV8NPjV8MtZXxF8OPi74C8I/EzwFr6W9xaDWfB3jnQNP8TeG9TNneRQXlm97o+p2lxJZ3cEF3aSO1vcwxTxuigH8hP/AAdwf8FSP2hv2LNI/ZB+A/7Jvxt8ZfBT4nfETUfH/wAXPiJ4j+H2rro3iNPAfhi2sPBvgzRLq6WOWZ9E8U+INd8X38tuqpG9/wCBbSRy7woEAP4pP+H7H/BYT/pIh+01/wCF7N/8iUAf0Zf8Gw/7Y/8AwVF/4KBf8FGBD8cf20v2hfiN+zz+z98LPF3xP+JnhLxL4xubzwp4t1rWoU8A/DrwjrMcdvG0jy+IPElx44tbVnjiu4fh/fQzu0Je3uAD+i//AIOsv+UKn7Rn/Y6/Az/1bPhegD7T/wCCFf8Ayh9/4J3f9mw/D3/0kloA/WCgAoAKACgAoAKACgAoAKACgAoAKACgAoAKACgAoAKACgAoAKACgAoAKACgAoAKACgAoAKACgAoAKACgAoA8A/aL/ar/Zs/ZF8ED4kftO/HL4ZfAvwVNcyWNhrnxK8XaR4Zj1rUooTcPpHhyzv7mPUfE2tC3DTro3h+z1LVXhVpUtGRSygH8fP/AAcR/wDBaL/gmL+2h/wSw+O37P8A+zJ+1h4U+Knxf1bxv8FNS0rwXp/g34qaBdapY+G/ir4W1rXLnTdT8XeA/D+hXyadpVrc30wtdUmZoYJTErurIoB+0P8AwbIf8oNv2Ev+wL8dv0/ah+N1AH7yUAFABQAUAFABQAUAFABQAUAFABQAUAFABQAUAFABQAUAFABQAUAFABQAUAFABQAUAFABQAUAFABQAUAFAH+SL/wdgf8AKbT9o3/sn/7O/wD6o/wRQB/ODQB/pEf8GRP/ACaR+2v/ANnGeC//AFWdrQB/bhQAUAFABQAUAFABQAUAFABQAUAFABQAUAfxbf8ABov/AMlK/wCC0H/Z2fgr/wBP/wC0JQB/aTQB/9D5U/4PV/2nta8Yfti/s0/sl6fqrN4L+CfwQl+LOtaZA7Rxv8SfjH4n1nSZBqcavtup9H8DfD7wxc6RJKm6xh8W6wtuyjULoOAfup/wZm6fBZf8EmfHtzCirJq37aPxg1C6YdZJ4/hj8C9KV29WFrpltH/uxqO1AH8d/wDwdRafBZf8Fx/2v54UVG1TRP2b9QuNvG+df2Yvg/p5cjpuMVhEDjGcbj8zMWAP9EL/AIN8v2n9a/a1/wCCQ37G3xI8Wak2q+N/C3gTU/gn4xvJ5nub+51P4HeJ9Z+GGkalq1zIzS3Wr+IPB3hrwx4m1O6md5rm81qWed2mkdmAP2doA+Ef2u/2EfBX7afxQ/ZP1/4z+IxrnwS/Zh+JevfG2+/Z4v8AwzZ6r4R+MXxet/DreHvhN4k8ealealsl0D4SnVfFmuWPg86DfWPinXNasZNbvBpWkzaRq4B9zT2lrc2s1jc21vcWVxbyWk9nPDHLaz2ssZhltprd1aGS3kiZopIXRo3jYoylCRQB/jN/8F/f2ZPhj+yH/wAFdP2yPgn8GtK07w78NbPxd4M+IHhrwppMUFrpng5fjH8LvBHxb1fwppem2sMFpo+haFr3jXVLLwxo1pGtrpfhdNFs7cLFCiIAf6j/APwRE8GePPh//wAEkv8Agn34W+JUN7beLbP9mj4f6hPY6jF9nv8ATdD8QWcviLwdpN5bMTJa3Ok+DtV0DTZrScR3Nq9q1vdQwXMcsKAH8sPxy/4Lq/sQfsu/8F7P+ChXxU/aw+EXxV+Omh/Dn4cfDD9hn4HP8NPCPwx8dQ+CtJ+F+s6h4s/aCj1jS/iT488E2cN3efHGe8t9KfSLm4mFrpmqLfGGV4o5wD9pv2Tv+C//APwQg/az1zR/CGmeLPAfwJ8d6/fw6do/hH9pX4L6F8LxeXVzIIbaL/hPYbTxH8IrWa5naK3tbS9+I1te3U80UVtbSuStAH9DPhfwd4G8MRzXfgvwt4T8PRatDayXFz4X0PR9Jj1O3jWSSyeabSbW3W9hRbiWS1Z2lRVnkaIgSsXAP59/+DrMgf8ABFP9ozJA/wCK2+BY545Pxa8LAD6kkAep470Aeq/8ETv2sf2WPB3/AASb/YC8L+Lv2lvgB4W8TaF+zb4C07W/DviP4yfDrQ9d0fUILWUT2Oq6RqfiS11DT7yEnEttd28M0Z4eNc4oA/UX/htX9jb/AKO1/Zl/8Pz8LP8A5q6AD/htX9jb/o7X9mX/AMPz8LP/AJq6AD/htX9jb/o7X9mX/wAPz8LP/mroAP8AhtX9jb/o7X9mX/w/Pws/+augA/4bV/Y2/wCjtf2Zf/D8/Cz/AOaugA/4bV/Y2/6O1/Zl/wDD8/Cz/wCaugA/4bV/Y2/6O1/Zl/8AD8/Cz/5q6AD/AIbV/Y2/6O1/Zl/8Pz8LP/mroAP+G1f2Nv8Ao7X9mX/w/Pws/wDmroAP+G1f2Nv+jtf2Zf8Aw/Pws/8AmroAP+G1f2Nv+jtf2Zf/AA/Pws/+augA/wCG1f2Nv+jtf2Zf/D8/Cz/5q6AD/htX9jb/AKO1/Zl/8Pz8LP8A5q6AD/htX9jb/o7X9mX/AMPz8LP/AJq6AD/htX9jb/o7X9mX/wAPz8LP/mroAP8AhtX9jb/o7X9mX/w/Pws/+augA/4bV/Y2/wCjtf2Zf/D8/Cz/AOaugA/4bV/Y2/6O1/Zl/wDD8/Cz/wCaugA/4bV/Y2/6O1/Zl/8AD8/Cz/5q6AD/AIbV/Y2/6O1/Zl/8Pz8LP/mroAP+G1f2Nv8Ao7X9mX/w/Pws/wDmroAP+G1f2Nv+jtf2Zf8Aw/Pws/8AmroAP+G1f2Nv+jtf2Zf/AA/Pws/+augA/wCG1f2Nv+jtf2Zf/D8/Cz/5q6AD/htX9jb/AKO1/Zl/8Pz8LP8A5q6AD/htX9jb/o7X9mX/AMPz8LP/AJq6AD/htX9jb/o7X9mX/wAPz8LP/mroAP8AhtX9jb/o7X9mX/w/Pws/+augA/4bV/Y2/wCjtf2Zf/D8/Cz/AOaugA/4bV/Y2/6O1/Zl/wDD8/Cz/wCaugA/4bV/Y2/6O1/Zl/8AD8/Cz/5q6AD/AIbV/Y2/6O1/Zl/8Pz8LP/mroAP+G1f2Nv8Ao7X9mX/w/Pws/wDmroAP+G1f2Nv+jtf2Zf8Aw/Pws/8AmroAguv23/2L7K2uby5/a4/Zljt7SCa5uJP+F7/C59kMEbSyvsTxS7ttjVm2oju2MKrEgUAf5PHx8+OPxX/4ODP+CuVt/wAJj8XtD+Cnw6+KHjnV/C3wu1f4v+JrHTPh3+zV+zj4RttT1i2M8Oq65pGgR67/AMIxo9xrutabY6rpX/Cf/FXWprS3vrWXXLR7UA/RH/grx/wQj/4Jr/sOfsO6x+0X+yv/AMFDJvjv8YvBPiTwDpGu/DbVviT8BPGlt43sPFviW18Napf+FPD/AMOYdJ8UeGG0Ialb65L9svvGsIsNOvre5eH7Sl/ZAH1P/wAGhX/BWIfCTxl8S/8Agnx+0X8T9H8O/A/WfDWtfF34B+I/iN4y0nw94Z+GXjTStTin+IXgLT9S8T6nZWOnaJ8RrTWpvGdnpVrcQ2tn4s8PeIL+3sZtQ8a6teqAf3rf8Nq/sbf9Ha/sy/8Ah+fhZ/8ANXQAf8Nq/sbf9Ha/sy/+H5+Fn/zV0AH/AA2r+xt/0dr+zL/4fn4Wf/NXQAf8Nq/sbf8AR2v7Mv8A4fn4Wf8AzV0AH/Dav7G3/R2v7Mv/AIfn4Wf/ADV0AH/Dav7G3/R2v7Mv/h+fhZ/81dAB/wANq/sbf9Ha/sy/+H5+Fn/zV0AH/Dav7G3/AEdr+zL/AOH5+Fn/AM1dAB/w2r+xt/0dr+zL/wCH5+Fn/wA1dAB/w2r+xt/0dr+zL/4fn4Wf/NXQAf8ADav7G3/R2v7Mv/h+fhZ/81dAB/w2r+xt/wBHa/sy/wDh+fhZ/wDNXQAf8Nq/sbf9Ha/sy/8Ah+fhZ/8ANXQAf8Nq/sbf9Ha/sy/+H5+Fn/zV0AH/AA2r+xt/0dr+zL/4fn4Wf/NXQAf8Nq/sbf8AR2v7Mv8A4fn4Wf8AzV0AH/Dav7G3/R2v7Mv/AIfn4Wf/ADV0AH/Dav7G3/R2v7Mv/h+fhZ/81dAB/wANq/sbf9Ha/sy/+H5+Fn/zV0AH/Dav7G3/AEdr+zL/AOH5+Fn/AM1dAB/w2r+xt/0dr+zL/wCH5+Fn/wA1dAB/w2r+xt/0dr+zL/4fn4Wf/NXQAf8ADav7G3/R2v7Mv/h+fhZ/81dAB/w2r+xt/wBHa/sy/wDh+fhZ/wDNXQAf8Nq/sbf9Ha/sy/8Ah+fhZ/8ANXQAf8Nq/sbf9Ha/sy/+H5+Fn/zV0AH/AA2r+xt/0dr+zL/4fn4Wf/NXQAf8Nq/sbf8AR2v7Mv8A4fn4Wf8AzV0AH/Dav7G3/R2v7Mv/AIfn4Wf/ADV0AH/Dav7G3/R2v7Mv/h+fhZ/81dAB/wANq/sbf9Ha/sy/+H5+Fn/zV0AH/Dav7G3/AEdr+zL/AOH5+Fn/AM1dAB/w2r+xt/0dr+zL/wCH5+Fn/wA1dAB/w2r+xt/0dr+zL/4fn4Wf/NXQAf8ADav7G3/R2v7Mv/h+fhZ/81dAH+dp/wAHCH/BP/8AaJ/bh/4Kj/Gr9oz9lzUP2Zfif8GvFvg/4M6X4f8AGP8Aw3P+w/4K/tC/8KfCvwt4b1+D/hHviJ+0T4S8VWn2DWtOvbLzb3Q7aG68n7RZSXNpLFcOAfhh4s/4I3ft7eCPCvibxn4i8J/s5w+H/CPh/WfE+uzaZ+3z+wD4i1KLR9A0651XU5NP8P8Ahz9p7VvEOuX0dlaTtaaPoWlalrOpziOy0vT72+mgt3AP67P+DMz48/A34RfsrftjaZ8V/jP8J/hhqWrftA+D7/StP+IfxF8IeC77U7GL4c2tvLe6faeJNZ0y4vbSKcGCS4to5IUmBjZw4KqAf2Xf8Nq/sbf9Ha/sy/8Ah+fhZ/8ANXQAf8Nq/sbf9Ha/sy/+H5+Fn/zV0AH/AA2r+xt/0dr+zL/4fn4Wf/NXQAf8Nq/sbf8AR2v7Mv8A4fn4Wf8AzV0AH/Dav7G3/R2v7Mv/AIfn4Wf/ADV0AH/Dav7G3/R2v7Mv/h+fhZ/81dAB/wANq/sbf9Ha/sy/+H5+Fn/zV0AH/Dav7G3/AEdr+zL/AOH5+Fn/AM1dAB/w2r+xt/0dr+zL/wCH5+Fn/wA1dAB/w2r+xt/0dr+zL/4fn4Wf/NXQAf8ADav7G3/R2v7Mv/h+fhZ/81dAB/w2r+xt/wBHa/sy/wDh+fhZ/wDNXQAf8Nq/sbf9Ha/sy/8Ah+fhZ/8ANXQAf8Nq/sbf9Ha/sy/+H5+Fn/zV0Afyi/8ABoVf2GpfEL/gsteade2l/Z3n7VHgG/s7uyuYbq2urC91v9oSWyvbaeCSSKe0u4syWtzEzwzxjfFI680Af2qUAf/R/Fz/AIO2E1Nf+C0nxia/GLWT4QfAB9F+9zpg+HGmRykZ4/5DCasPlyvHPzbgoB/W3/wZs/8AKJHxR/2eF8ZP/UF+DtAH8d//AAdX/wDKcD9qv/sVf2cf/Wc/hdQB/aF/waAQX8P/AAR20KS8Ytb3X7SHxxn0oEEbLBZvDFtIoJJDA6pb6k+RgZcrglSaAP6jqACgDx79oH48/C79l74J/E/9oX41eJrbwh8LPhD4O1jxv401+52u1tpOj25l+yafal0k1PXNXu2ttG8PaLalr7XNdv8ATtH0+Ka+vreFwD/OY/4Jc/8ABMv4vf8ABwF/wUd+Mn/BUr9rXwffeEf2MdW+O+qfEG80bWobmRfjZdaBqUFn4L/Z+8H3NwIm1X4f+BPDOjeHvCHxL8ZwsYG0zR38HaLJ/wAJHqmo6h4RAP8AS+jto7OySz02G1sorW1W2sLeOBY7K0jgiEVrClrAYVS1gVY0WCExKsSCOMoApUA/ztP2jP8AgzD/AG0vG/iv4ifFLwn+3R8A/ir8Q/HninxT491x/iH4B+IXwrTxD4o8Vaxe+INZuZ7/AEOf4uGym1LU7+7m3SQXSJLKBLMELzIAfzOft4/8Ebf+Cin/AATetY/EP7Un7PWuaB8NrrUl0rTvjH4M1TR/iL8KLu8nlWCxt77xd4SvNRj8JXuqysY9H0jx5Z+FNb1Zo5jp+mXCwyMgB/XV/wAGbv8AwU2+KnxJuPiv/wAE2PjD4o1fxloPwx+Gf/C5/wBm3U9bn+2XngzwdoninRfC3xE+F66ncO97d6DFqHjfwn4i8DaS5dPDtrB4xsraVNJOkadp4B+y/wDwdbxiX/gij+0WpJGPHPwGkyMg5h+L/hOUDjHDFAp7EHByCRQB/PN/wT7/AODRv4D/ALZv7FP7NH7VPiH9sX4ueCNb+PHwo8N/EXU/CWi/DfwbqmleH7vXYXll02w1C+1iG8vLe3KYjnuIo5XzlkXpQB9h/wDEED+zd/0fd8b/APw1HgL/AOXtAB/xBA/s3f8AR93xv/8ADUeAv/l7QAf8QQP7N3/R93xv/wDDUeAv/l7QAf8AEED+zd/0fd8b/wDw1HgL/wCXtAB/xBA/s3f9H3fG/wD8NR4C/wDl7QAf8QQP7N3/AEfd8b//AA1HgL/5e0AH/EED+zd/0fd8b/8Aw1HgL/5e0AH/ABBA/s3f9H3fG/8A8NR4C/8Al7QAf8QQP7N3/R93xv8A/DUeAv8A5e0AH/EED+zd/wBH3fG//wANR4C/+XtAB/xBA/s3f9H3fG//AMNR4C/+XtAB/wAQQP7N3/R93xv/APDUeAv/AJe0AH/EED+zd/0fd8b/APw1HgL/AOXtAB/xBA/s3f8AR93xv/8ADUeAv/l7QAf8QQP7N3/R93xv/wDDUeAv/l7QAf8AEED+zd/0fd8b/wDw1HgL/wCXtAB/xBA/s3f9H3fG/wD8NR4C/wDl7QAf8QQP7N3/AEfd8b//AA1HgL/5e0AH/EED+zd/0fd8b/8Aw1HgL/5e0AH/ABBA/s3f9H3fG/8A8NR4C/8Al7QAf8QQP7N3/R93xv8A/DUeAv8A5e0AH/EED+zd/wBH3fG//wANR4C/+XtAB/xBA/s3f9H3fG//AMNR4C/+XtAB/wAQQP7N3/R93xv/APDUeAv/AJe0AH/EED+zd/0fd8b/APw1HgL/AOXtAB/xBA/s3f8AR93xv/8ADUeAv/l7QAf8QQP7N3/R93xv/wDDUeAv/l7QAf8AEED+zd/0fd8b/wDw1HgL/wCXtAB/xBA/s3f9H3fG/wD8NR4C/wDl7QAf8QQP7N3/AEfd8b//AA1HgL/5e0AH/EED+zd/0fd8b/8Aw1HgL/5e0AH/ABBA/s3f9H3fG/8A8NR4C/8Al7QAf8QQP7N3/R93xv8A/DUeAv8A5e0AH/EED+zd/wBH3fG//wANR4C/+XtAGbrH/BkJ8A4tI1WTQ/26PjJc63Hpt8+j21/8LPAsVjcaoltK2nwXssWuiWO0luxDHcyRnekLOyYYCgD+LP8A4J0fsj/CT9p79vP4Z/seftW/FTxJ+y9onj7xT4p+Gmo+NZNE0t9T8H/FTTtP1aHwz4R8RaZ4nutMt9Mm1/xpptv4FlF3JHPY6/qtjDOkafaHgAP6Gv8AgsX/AMGwXwU/4JjfsIfEb9rzwh+1d8Tfih4h8FeKfhr4dsPBfinwH4S8P6Tqg8deN9H8LXcsmo6XqtzfLPp1nqNxqEEUMDiVrXEm2Le6gH4qf8ETf+CXn/D2f9stv2b9Y8ZeKvhr4C0D4X+M/ib47+IfhTw5aeI7zw7Y6E+laPoNq1vqVxaaXC2u+Kdf0fTkN1cCR4Gu2tYpHhdogD+u/wD4ggf2bv8Ao+743/8AhqPAX/y9oAP+IIH9m7/o+743/wDhqPAX/wAvaAD/AIggf2bv+j7vjf8A+Go8Bf8Ay9oAP+IIH9m7/o+743/+Go8Bf/L2gA/4ggf2bv8Ao+743/8AhqPAX/y9oAP+IIH9m7/o+743/wDhqPAX/wAvaAD/AIggf2bv+j7vjf8A+Go8Bf8Ay9oAP+IIH9m7/o+743/+Go8Bf/L2gA/4ggf2bv8Ao+743/8AhqPAX/y9oAP+IIH9m7/o+743/wDhqPAX/wAvaAD/AIggf2bv+j7vjf8A+Go8Bf8Ay9oAP+IIH9m7/o+743/+Go8Bf/L2gA/4ggf2bv8Ao+743/8AhqPAX/y9oAP+IIH9m7/o+743/wDhqPAX/wAvaAD/AIggf2bv+j7vjf8A+Go8Bf8Ay9oAP+IIH9m7/o+743/+Go8Bf/L2gA/4ggf2bv8Ao+743/8AhqPAX/y9oAP+IIH9m7/o+743/wDhqPAX/wAvaAD/AIggf2bv+j7vjf8A+Go8Bf8Ay9oAP+IIH9m7/o+743/+Go8Bf/L2gA/4ggf2bv8Ao+743/8AhqPAX/y9oAP+IIH9m7/o+743/wDhqPAX/wAvaAD/AIggf2bv+j7vjf8A+Go8Bf8Ay9oAP+IIH9m7/o+743/+Go8Bf/L2gA/4ggf2bv8Ao+743/8AhqPAX/y9oAP+IIH9m7/o+743/wDhqPAX/wAvaAD/AIggf2bv+j7vjf8A+Go8Bf8Ay9oAP+IIH9m7/o+743/+Go8Bf/L2gA/4ggf2bv8Ao+743/8AhqPAX/y9oAP+IIH9m7/o+743/wDhqPAX/wAvaAD/AIggf2bv+j7vjf8A+Go8Bf8Ay9oAP+IIH9m7/o+743/+Go8Bf/L2gA/4ggf2bv8Ao+743/8AhqPAX/y9oAP+IIH9m7/o+743/wDhqPAX/wAvaAD/AIggf2bv+j7vjf8A+Go8Bf8Ay9oAP+IIH9m7/o+743/+Go8Bf/L2gDxr9oz/AIM0f2e/gh+z38d/jRpv7bPxl13UfhD8Gvif8ULDQ774YeCLSy1m98AeCNc8V2ulXl1b6289ta6jPpKWdxcQo80MUzyRqzqooA/Hz/ggp/wQC+Fv/BYT4NfHf4oeP/2h/H/wYvfhD8TtC8BWGleD/B3hzxNa6za6v4Vh8QyaheXGtajZy21xDLKbZIYUeNoxvLBiRQB+9H/EED+zd/0fd8b/APw1HgL/AOXtAB/xBA/s3f8AR93xv/8ADUeAv/l7QAf8QQP7N3/R93xv/wDDUeAv/l7QAf8AEED+zd/0fd8b/wDw1HgL/wCXtAB/xBA/s3f9H3fG/wD8NR4C/wDl7QAf8QQP7N3/AEfd8b//AA1HgL/5e0AH/EED+zd/0fd8b/8Aw1HgL/5e0AH/ABBA/s3f9H3fG/8A8NR4C/8Al7QAf8QQP7N3/R93xv8A/DUeAv8A5e0AH/EED+zd/wBH3fG//wANR4C/+XtAB/xBA/s3f9H3fG//AMNR4C/+XtAB/wAQQP7N3/R93xv/APDUeAv/AJe0AH/EED+zd/0fd8b/APw1HgL/AOXtAB/xBA/s3f8AR93xv/8ADUeAv/l7QA//AIMy/h/a/DTVv+Ctfgyz1G41S38GfHL4JfD+3vrmGOCa+tfBFz+0PpVtqM0URZIri/jfzp4UZo4nG2MkEmgD+4qgD//S+dP+D1z9lTXvDH7UH7MP7Zel6XO3gn4sfCOf4F+KNTgRntLD4i/CzxDr/irRhqUhXFteeKfBfjnyNIi3lbu38AaxIkaPaTvKAftZ/wAGZGrW+o/8EnviNZQyK02g/trfFzTLpB96OW4+FPwG1qMMOuGt9WhZWxg8gZKtQB/Hh/wdOarb6n/wXH/bEit5Y5RpGl/s5aVK0ZDKtxH+zD8HryaIsODJC96YpACSkiNG210dFAP9HL/ghB+yzrf7HX/BJr9jH4M+LdNbSfHM3w0n+KXjvT54Ht9R07xT8bPEmt/Fq70PWYpArJrHhSy8Y6f4P1CMjEM3h/yFaRIlkYAwf2g/+C/v/BJz9l79o27/AGV/jJ+1bougfFnRNah8NeM4tK8F/ELxZ4P+HniOeeO2/sLx3488LeGNX8KeH9Usrl/I8QW0uqSHwhLHOPGDaB9nn8oA/Xi28SeHbzw7B4vtNe0a68JXWixeJLbxRb6pZTeHrjw7PYrqkOvQ61HO2nS6NLprLqEeqJctZPYst2s5gIegD+In9rb9vb9iz/gtx+1pdfAL40/t2/Ar9mT/AIJH/sm+PrC98aaV4p+Nnhb4b/FD/goT8ZdCYzwJ4cs9R1rT9b0P9nDwkXaHTfFxihfxJcTz614ae68R3Wi6x8IwD+g7QP8Agr//AMETP2e/hn4d8EeBP26P2MfBnwz+HPhqy0Dwn4H+GPxE8K6xp/h3w3odqttYaP4e8I+Azq98Yra3iWO3sNO06a6nfJSGaaQswBzH/BLv/gqbZ/8ABQnw5+3h+1pPqnhr4f8A7C/wZ+OE3wt+AXjHxpaR+Br6TwP8Kfhb4d8XfF34vfEfXfEN/bW+m6B4g1HxZaa7pK6pb6JH4P8ADFkNP1tF1m01t4gD7p/Zj/4KA/sTftnXOu2H7LH7UXwW+OWseGI5LjxD4c8BeONI1TxXo9gl19iGr6h4TeeDxJbaFPd4t7PXpNLGjX0hVbO/n3KKAPov4j/DjwF8X/AXi74XfFHwjoHj34d+PtA1Lwt4z8GeKdNt9X8P+JPD+r2z2uo6Vqun3SPDcW1zBIRyA8ThJoXSaKN0AP8AP1/4NnP2IZvhT/wXb/4KR3Hw3bU9T/Z9/YouP2kf2edG8YTTXV3HqWoat8eo/Bvw00C/1LyLe11LVLnwT8PPFus6lIpdDeaFHdQxyw3VtdKAf0Gf8HWX/KFT9oz/ALHX4Gf+rZ8L0Afaf/BCv/lD7/wTu/7Nh+Hv/pJLQB+sFABQAUAFABQAUAFABQAUAFABQAUAFABQAUAFABQAUAFABQAUAFABQAUAFABQAUAFABQAUAFABQAUAFABQB/FL/wXB/4NWNf/AGz/AI8eN/2xv2EfH/w/8BfFP4oXzeI/jH8EvifJqXh/wV4v8aPAF1bx74C8ZeH9F11vD/iXxZLDFfeJfDniLRTo2teJrvVPE58X6JLqFzYSgH8u/wDwUO/4JF/8FuP2Y/2W9W+MP7dfjDxT4j/Zw+Des+EdK0zS/E/7V5+MWj6PqXivXbXwj4ebwd4Ebxf4gGmAX2vGF5o9L0k2dnPetnY7JKAf2q/8GlP7Hfwc+B3/AASz8AftNeFNMurn4xfti6p4z8S/FjxTqb280yaZ8Kviv8TPhj4D8GeH1htoX0/wxo2maHe69Jbzy3l5feJ/E+vX1xeGx/sjTdKAP6jaACgAoAKACgAoAKACgAoAKACgAoAKACgAoAKACgAoAKACgAoAKACgAoAKACgAoAKACgAoAKACgAoAKACgAoA+Sf2/f+TEf21v+zSf2j//AFTvjKgD+UX/AIMif+TSP21/+zjPBf8A6rO1oA/twoAKACgAoAKACgAoAKACgAoAKACgAoAKAP4tv+DRf/kpX/BaD/s7PwV/6f8A9oSgD+0mgD//0/7Jv+Cgn7CfwV/4KP8A7K3xI/ZS+Otpcr4W8cW1tfaB4q0mG1fxP8OPHmiPJdeEviD4Tmu4pIoda0C9Z0mgbbba3oV7rXhnUy+j63qMEoB/Lf8A8EiPgd/wUg/4N9/E37TX7Nnxp/Ym+N/7av7L/wAUvFWmfEr4S/Gb9iGz8GfETUF8c2Wlv4Yuhr/w98Y+OfAniPw3Z+MfDum+FrbW/wC2Et/+EQ1rw6n2S68WeH9TOvWQB5/+xP8A8ECP2nf25/8Agpj8Tf8Agq1/wVb+Gmm/BTwN4m+NFz8Zvh3+yNqPiHQ/GnjXxPNpF5ZD4VeHfinJok2p6FpHw98C+HdI8N6dq2g6jdJ4n8dXehPpeveF/DXh68uYtQAP7oqAP8lv9uv/AINzf+Cs+mft4fGTwr8O/wBm3x18e/B/xU+M3jXxf8Pfjt4avtAm8DeJPDfjvxhqWt6drfj3xPqWsWdj8PtftYtT8vxhYeM59JNpqltqFzps+saLLpur6gAf0zf8FOP2MP8AguTbf8E4v2Of+CT37CXwaPxS+Fvg/wDZW+GPgj9rX9orw98dvgf8PtS8feINA06fw5qf7P3hXS/ip8Tfh94v034Z6bBo9rf67rUWmSL478Lat4b8HPdWGmaf430PXwD+UP8A4hcv+C6//RjP/mzP7Hf/ANEFQAf8QuX/AAXX/wCjGf8AzZn9jv8A+iCoA/uf/Yj/AOCNXxD0j/g3m1L/AIJg/GmYfAr49/GvwR8VdR+JupWeo6H4xg8G/E7xd8UNT8ZeDv7VvfAviLUND8TaXpOh6L8P9A8TwaD4mvLbVtIstSsoL4ifykAP4iNV/wCDez/gvT+xr8bNL8UfBv8AZ++Itx408C67He+Afjn+zH8WfCk8RuYy8cOt+HNZ07xb4b8c+HredDLDPD4o8P8Ahm8a2klg1CwFpcYuAD+vT9j7/iLD/aF+F9h8HP2jbz9lL9jfw1eabDo+vftY+NvCfh/xx+1p/YTxxWF7qfgn4b/Cz4l6z8ID47MPnS293438FeAYYZDJqUM6Xq2TzgH9BP7A/wCwR8Av+Cc/wA0n4AfALS9VfT21W+8XfEH4g+Lr2PWviT8YPiTraW48SfEn4k+I1t7Ztb8Ua21tbxZjgttP0vTbWx0fSbOz06xt4KAPyh/4Osv+UKn7Rn/Y6/Az/wBWz4XoA+0/+CFf/KH3/gnd/wBmw/D3/wBJJaAP1goAKACgAoAKACgAoAKACgAoAKACgAoAKACgAoAKACgAoAKACgAoAKACgAoAKACgAoAKACgAoAKACgAoAKACgD+bz/g7E/5Qm/tDf9lF/Z5/9XT4OoA9f/4NkP8AlBt+wl/2Bfjr/wCtQ/G6gD95KACgAoAKACgAoAKACgAoAKACgAoAKACgAoAKACgAoAKACgAoAKACgAoAKACgAoAKACgAoAKACgAoAKACgAoA+Sf2/f8AkxH9tb/s0n9o/wD9U74yoA/lF/4Mif8Ak0j9tf8A7OM8F/8Aqs7WgD+zv4keNovhr8PvG/xCn8MeNfGsHgfwrr3iubwh8N/DN74z+IPieLQdNudTfQfBHhDTf+Jh4n8VaqtsbLQdBsf9L1bUp7axt/3syUAfzofEL/g6+/4Jf/CPxfrHw++K3hL9s74Y+PfDs6W3iDwR8Qv2Z9X8F+L9CuZIkmjt9Y8NeJPEmm6zpk7wyRzJFfWUEjRSJIFKMrUAW/h1/wAHWH/BM34wa1P4a+Evgb9tn4o+I7Wwm1W50D4dfsv65421q30u3kiiuNSn0rw14i1O+hsIJZ4IprySBbeKSaJHkDSIKAOp8Nf8HUX/AAR7v/Fsngn4g/Fb4yfAnxDb3UNjeWnxl/Z3+K2htpl7Pt8u21eLwzoHi660YjejS3Gq21nZ28Tiee5igDyoAfuj8Df2gfgf+018PNK+LP7PXxZ+H/xn+G2tM8On+M/hx4o0nxXoTXkMcUl1pd1d6TdXI07WrATwrqeiaitpq+lzOINQsrafMdAB8d/j/wDBT9mD4X+JvjT+0J8T/B3wg+Fng+2W58QeNvHGs22jaPaNKSlpYW7TN9o1TWtTnxZ6LoGkwX2t63qEkOnaRp97fTw27AH8xfir/g8w/wCCUegeOP8AhGNF8Bftg+OPDMd3c2s/xH8O/Cr4fWHhyWOObyrXUdO0bxf8YfC/ja4065VWuJP7Q8MaTqltbtF/xK5rlpLWIA/oI/Yi/wCCgX7JX/BRL4Ur8YP2S/i9oPxN8OWb2Np4r0SPztI8dfDzWb+GaaDQPiF4J1SO28QeFdTlFreCwkvrT+ytdisrq/8ADep61paLfuAfZdABQAUAFABQAUAfxbf8Gi//ACUr/gtB/wBnZ+Cv/T/+0JQB/aTQB//U/v4oAKACgAoAKACgAoAKACgAoAKACgD+cz/g6y/5QqftGf8AY6/Az/1bPhegD7T/AOCFf/KH3/gnd/2bD8Pf/SSWgD9YKACgAoAKACgAoAKACgAoAKACgAoAKACgAoAKACgAoAKACgAoAKACgAoAKACgAoAKACgAoAKACgAoAKACgAoA/m8/4OxP+UJv7Q3/AGUX9nn/ANXT4OoA9f8A+DZD/lBt+wl/2Bfjr/61D8bqAP3koA/Az9rH/g4z/Yb/AGIviXrnwt/aa+E/7bvwr1vS/Enifw7o2teKv2XfEugeD/iDH4V1abSbzxN8MvE3iDWNH0/x34OvniivtH8R6Cbmwv8ATbyyu1ZFuUSgD5u0T/g7r/4JK+JdY0zw94cg/au8Qa/rd/a6Xo2h6J8AZdV1jV9Tvpkt7LTtM0yx8Wz3t/f3lxIkFraWkMtxcTOkUUbOyrQB6h4k/wCDpD/gmF8OvENj4a+NmmftffADUb/5oU+M37KXxJ8JS/ZwsbNeDTIYdU1y4to1liLtZ6XdSASxkRsHQ0Afq9+x9/wUa/Yf/b50e+1j9kT9pT4b/GmTSLSLUNc8NaJqF5onxA8O6fM8UUOoeI/hr4tsfD/xB8P6dNPOlrDqOseGbKxmu91rDcPcJIigH2tQB8d/te/8FAv2Mv2DPCP/AAmf7Wv7RHw5+DNhPaTXmj6Hr+rm/wDHnimGAusv/CG/DjQIdW8e+MGjkQxS/wDCN+HNUW2fm5eBNz0AeQ/8EzP+CoPwA/4KsfCv4qfGn9m7QPiRo3w9+GPxp1n4K/b/AImaLo3h7VPFWqaL4O8FeMZfEujaRpHiHxDNZ+Hr6z8bWUGnprcum64zWs73+j6e7LDQB+kVABQAUAFABQAUAFABQAUAFABQAUAFABQAUAFABQAUAFABQAUAFABQAUAFABQAUAFAHyT+37/yYj+2t/2aT+0f/wCqd8ZUAfyi/wDBkT/yaR+2v/2cZ4L/APVZ2tAH9uFAH+aH/wAHsnhnRdP/AG9f2VvFVnYW1trXiT9k5dO1q9hghin1GHw58WvH50l7yWNFkuZrWPWru3jknaR0tlhgQrFEiKAfSH/BjhY2Unj/AP4KP6lJaWr6jaeD/wBl6xtb94Imvbay1DWvjrPf2lvdFDPDa3s+mabNdwRusVzLp9lJMjvawMgB9Rf8Hrv7Knw4vf2av2Y/20NM8M6VYfFrwx8dLf8AZ88TeJ9O0y0ttX8UfD7x74A8d+ONFtfE+pxRpd6ra+C/EPw1ki8LxXjzrpTeN/EC2nkpqNwrgH893/Bqh+2N8Tv2d/8Agqz8Ivgno/iPVB8Hv2s4PFPwv+J3go3kzaHfazp3grxL4r+HPi6LTHL2aeJfD/ivQrLSrfV0ijvovDXiLxNpkdx5GoyxOAf1Zftk/sB/GH/g4b/bR+LHhf4i/G3xv8B/+CXn7CfxCvvgr4I0rwRo9qPF/wC0d+05oWjpb/G7x3oL+Ira58PwaL8Ndb1Sf4XaZ451fSfF2mRnRNe0rwVpEV74i8ealYAH4p/8Fn/+DUPwf+xJ+yv45/a5/Yo+MfxY+J3hn4L2P/CTfF/4VfGhfCet+ME+Hyz2VtrHjbwX4r8BeEPBGmXCeCEmn17xToWs+GYQfCMGq61aa+t3oA0nXAD8rP8Ag2G/ao8ffs3/APBXn9m7wroPibU9N+Hf7Seqax8Cvix4Vgcy6V4usfEnhnX5/AD31myyRJf+GfiXb+FtZ07V4Ui1CxtF1jTI7qLS9d1m3uwD/XooAKACgAoAKACgD+Lb/g0X/wCSlf8ABaD/ALOz8Ff+n/8AaEoA/tJoA//V/v4oAKACgAoAKACgAoAKACgAoAKACgD+cz/g6y/5QqftGf8AY6/Az/1bPhegD7T/AOCFf/KH3/gnd/2bD8Pf/SSWgD9YKACgAoAKACgAoAKACgAoAKACgAoAKACgAoAKACgAoAKACgAoAKACgAoAKACgAoAKACgAoAKACgAoAKACgAoA/m8/4OxP+UJv7Q3/AGUX9nn/ANXT4OoA9f8A+DZD/lBt+wl/2Bfjr/61D8bqAP3koA/lB/4PIfDOi6z/AMElfD+uX9hbT6r4R/ax+EOo6DfyQQvd6fNqnhX4maDqCW1yyGaCK80/UpkuY4nRJzFbmUP5EewA/iT/AODaqxstQ/4Le/sGQX9pa3sEfjD4r30cN3BFcxJe6Z+z18XNS027SOZHRbrT9RtLW/sp1Altby2t7qB0nhjdAD/Se/4L4/sqfDj9q7/glD+2dovjjwzpWseIfhD8DPiP+0H8LNduNMtLvXvCXxB+CfhTU/iLp114Y1CaM3Wj3XiWx8O3/gnWZbKaFr/w34k1fTLnzba6kjYA/wAhj9lP9p34ufsa/tCfCr9pb4HeJtQ8LfEf4T+LdK8T6RdWV3Pa22sWlpcxtrHhTX4oWCan4W8WaV9r8P8AibR7pJ7PVNF1C8s7mCWOUrQB/tRfHn4X/Ff9r74R/DKP4M/tX/E79kbwj410zT/FfjnxH8HfCXw+1b4v+KPBvijw7aX2l+G/B/j34haP4q0n4WX8D3ourvxVpHgvW/EDlYodKu9FMctxOAf5cP8Awcpf8E//AA1/wT1/4KGaV4E8J/GL44fHLS/jP8BfBnx4u/HH7RXjiP4kfFhvEGt+NPiP4A13TvEPjkaVo1x4kQ3fw5XWrG+vbBLuG21tdNlmujYC5lAP61P+DKH/AJRs/tJ/9nw+MP8A1Qv7P1AH9jdABQAUAFABQAUAFABQAUAFABQAUAFABQAUAFABQAUAFABQAUAFABQAUAFABQAUAFAHyT+37/yYj+2t/wBmk/tH/wDqnfGVAH8ov/BkT/yaR+2v/wBnGeC//VZ2tAH9uFAH+bF/we4f8npfsc/9mva5/wCrX8T0Aekf8GUHxH+Hvw48Tf8ABSDUfiH488GeA9PufDH7LZt77xn4o0PwvZ3AtNT+Pz3ZhutcvrGGUWqTQtcGN28lZYjJtDpuAOs/4O/v+Cp/7MH7QPwo+A37DX7N3xd8C/G/WvDvxgHx4+MPij4YeJNL8ZeDvB83hbwZ4t8CeC/Bkni/QLnUPD2qeItWk+IHinVdb0bTNSurvw0vh7S01uKyudUtLegDwf8A4NNf+CQfx28XftU+DP8AgpP8Z/AfiH4efAP4L6H4mvvgZceLdMv9EvfjX8RfGvhfVfB1nr/hPTL+1gn1X4deDvD3iDXNWn8YxvFpWo+Lv+Eb0zw/LrYsfFP9igH+lDQB+WX/AAW3+N/gn4Af8Emv2/PG3jueyTT9e/Zj+Kvwk0OxvmhKa141+N3hbUPhH4J0hLaZgb5bnxN4z02W+tYVeUaVBqFyVWG2mliAP4KP+DR7/gnN42/aO/by0/8AbW8RaJd2nwE/Y3Oq6hba7dRzQWHjD47eJ/DOo6L4N8H6RKUjXUJfB+la3d/EPxHJZ3Df2JPZeC7PVImt/FlokoB/qSUAFABQAUAFABQB/Ft/waL/APJSv+C0H/Z2fgr/ANP/AO0JQB/aTQB//9b+/igAoAKACgAoAKACgAoAKACgAoAKAP5zP+DrL/lCp+0Z/wBjr8DP/Vs+F6APtP8A4IV/8off+Cd3/ZsPw9/9JJaAP1goAKACgAoAKACgAoAKACgAoAKACgAoAKACgAoAKACgAoAKACgAoAKACgAoAKACgAoAKACgAoAKACgAoAKACgD+bz/g7E/5Qm/tDf8AZRf2ef8A1dPg6gD1/wD4NkP+UG37CX/YF+Ov/rUPxuoA/eSgD+WD/g8M/wCUP83/AGdD8Ev/AEg8d0Afw1f8G3GuaL4b/wCC1/7DWt+ItY0vQNFsPEfxikv9X1rULTStLso5P2c/jDBG93qF9Nb2lskk8sUKNNMgaWSONcu6KwB/fX/wX+/4K8/scfs+f8E6v2pPhD4U/aB+E3xJ/aG/aE+EXjf4BeBPhR8OfHnhrxx4ush8WdBvvA/ibxf4m0/wxqOqS+DtB8K+E9Z1/W7fV/Ea6bbaprGn2Oh6VJd6leJCgB/nb/8ABIv/AIJLftDf8FUf2kfBfgPwN4M8S6b8ANE8V6TN+0D8dptMvrTwR8PvBNncW1/4g0m08SSWkmmah8Std0bzbDwT4OtJJ9TvdTvbXU9Rh0/wvY63rmmgH+0FpemWGiaZp2jaVbR2Wl6RYWemabZw5ENpYWFvHa2dtEGLMI4LeKOJNzMdqDJJ5oA/zJv+D1v/AJSafs6f9mJ+Av8A1oD9pCgD9zv+DKH/AJRsftJ/9nxeMf8A1Qv7PtAH9jVABQAUAFABQAUAFABQAUAFABQAUAFABQAUAFABQAUAFABQAUAFABQAUAFABQAUAFAHyT+37/yYj+2t/wBmk/tH/wDqnfGVAH8ov/BkT/yaR+2v/wBnGeC//VZ2tAH9uFAH+bF/we4f8npfsc/9mva5/wCrX8T0Aeef8Gjv7Av7HX7dHir9uy1/a3+APgj4623wy0D9nW68BweNE1Z4/DVx4s1H40xeI5bBdM1TTQW1aPw7oqXP2gTjGnweWI/3m8A/vM+Dn/BI3/gmH8Adah8S/Cb9g/8AZf8AC/ia1MbWPiab4S+FfEniPTHibckuka94ssNc1bSJiSDJNpl5ZyzbUEzPsRVAP0RjjjijSKJEiiiRY4441VI440UKiIigKiIoCqqgKqgAAAAUAOZgoLMQqqCzMxACgDJJJ4AA5JPAHJoA/iX/AG79N+MP/BzH+2hpv7GX7MHinUfBn/BKr9iv4hm7/aU/ar0uJLvw58ZfjpZWs1hfeHPhBLOkmmeOdV8H6DqOp+HfBV1D9o8M6a3iDxH8SvEMmr6BqPwxsvEIB/WR8Efgl+zR/wAE9f2XdG+F/wAMdH8L/BL9nL9n3wJq2rX15qF5BY6Xofh3w9YXWv8AjLx9448R3pjfUNUu0t9T8UeM/FmszPdX95JfanfTncdgB9A+E/FXh3x14V8M+N/CGrWmv+E/GXh/RvFXhfXbBmex1rw74h0621fRNWsndUd7TUtNvLa8tmZEZoZkLKpOKAOgoAKACgAoAKAP4tv+DRf/AJKV/wAFoP8As7PwV/6f/wBoSgD+0mgD/9f+/igAoAKACgAoAKACgAoAKACgAoAKAP5zP+DrL/lCp+0Z/wBjr8DP/Vs+F6APtP8A4IV/8off+Cd3/ZsPw9/9JJaAP1goAKACgAoAKACgAoAKACgAoAKACgAoAKACgAoAKACgAoAKACgAoAKACgAoAKACgAoAKACgAoAKACgAoAKACgD+bz/g7E/5Qm/tDf8AZRf2ef8A1dPg6gD1/wD4NkP+UG37CX/YF+Ov/rUPxuoA/eSgD+WD/g8M/wCUP83/AGdD8Ev/AEg8d0AfwRf8EFfgN8IP2nP+Ctf7HvwM+PfgPRfid8JPHuv/ABRtvGHgXxD9s/sbX4NF+BXxQ8TaXFe/YLqyuytlr2i6XqUQiuos3FlEH3x70YA/1JfBf/BDf/gkN4B1ez13w9/wTy/Zhl1HT5luLRvE/wAO7Dx1Zxzp/q5W0vxw/iLS5nibEkRns5fKlVJo9syo6AH6a+FPCHhPwJoOn+FfA/hfw74N8MaTF5GleHPCmiab4d0HTIM58nT9H0i1s9Ps4s8+Xb28SZ5xzQB0VAH+Yv8A8Hrf/KTT9nT/ALMT8Bf+tAftIUAfud/wZQ/8o2P2k/8As+Lxj/6oX9n2gD+xqgAoAKACgAoAKACgAoAKACgAoAKACgAoAKACgAoAKACgAoAKACgAoAKACgAoAKACgD5J/b9/5MR/bW/7NJ/aP/8AVO+MqAP5Rf8AgyJ/5NI/bX/7OM8F/wDqs7WgD+3CgD/Mq/4PU/iL4R8Tf8FBv2c/AWha3puq+Ivhv+yzZDxpY2F5DdzeHdQ8XfEvxvquk6PrEcLOdP1WbRLWz1z7BclLr+ydY0m/MS22oWsk4B71/wAGQPxG8I6N8dv29fhbqWt6dZ+NPHvww+B/i/wrodzeQQajrWjfDfxL8SNO8WXGm2khEt8NIl+Inhp737Pua2ivY5ZF8os6AH+i3QAUAfwff8HP3/BwRH4MsvHf/BND9iTxtu8aahDf+E/2tfjX4Wv/AJfB+nXEclprXwD8DaxZy8+LNRieWw+LGuWUu3wvp73PgG1mfxLe+KE8JgH4Vfs7f8HU/wDwUC/ZQ+DPgL9n/wDZ/wDgV+wt8NfhP8NtEg0Pwr4V0L4LfEqKCCFCZbzUtSu3+OL3uteIdbvpLjV/EXiLVZ7vWdf1q8vdW1a9u7+6uLhwDH+L3/Ben/gqt/wV71T4a/sBeNPHnw9+H/w//aj+Lfwv+DfiPwz8Dfh7/wAIheeMU8e+PNA8O6doeteINY1vxX4nbQX1LULSXUdH03V9Osdagi+wa5HqOmTXFpKAf6y3h7QNI8K6BofhfQLKLTdB8N6PpmgaJp0AxBYaRo9lDp+m2UIOSIrWzt4YIwTwiAc0AbFABQAUAFABQB/Ft/waL/8AJSv+C0H/AGdn4K/9P/7QlAH9pNAH/9D+/igAoAKACgAoAKACgAoAKACgAoAKAP5zP+DrL/lCp+0Z/wBjr8DP/Vs+F6APtP8A4IV/8off+Cd3/ZsPw9/9JJaAP1goAKACgAoAKACgAoAKACgAoAKACgAoAKACgAoAKACgAoAKACgAoAKACgAoAKACgAoAKACgAoAKACgAoAKACgD+bz/g7E/5Qm/tDf8AZRf2ef8A1dPg6gD1/wD4NkP+UG37CX/YF+Ov/rUPxuoA/eSgD+Sj/g8q+IvhHw5/wSx8E/D/AFPW9Ng8YfEf9qb4anwt4de8hXWNT0/wl4W+IGs+JNYtdO3G6n0rRVbS7PU79I/stne67o1tPKk+o2cc4B/D7/wbx/Ebwj8K/wDgs7+wX4u8ca3p3h7w8/xP8T+EG1bVryDT7CHWfiR8KfH/AMOfC1vPeXJWCE6j4p8V6Np0HmsqvcXcUe5S4agD/ZZoAKACgD/LP/4PJfir4K+If/BVrwR4W8I67pmuaj8Gv2Rvhl8O/H8em3kV2/h/xve/En4y/ER/DuoiEsttqVt4T8c+EtTntWczQpq8SzJFIGRQD94P+DJX4g+Fb79h79rX4VW+r2D+NvC/7Vi/EHVtAF3EdUtvCvjz4RfDrw54e1eSxz562F7q3w58T2UN3tMT3Gnzw5V48MAf2oUAFABQAUAFABQAUAFABQAUAFABQAUAFABQAUAFABQAUAFABQAUAFABQAUAFABQAUAfJP7fv/JiP7a3/ZpP7R//AKp3xlQB/KL/AMGRP/JpH7a//Zxngv8A9Vna0Af2d/Ej4feFviz8PvG3wv8AHFrqd74M+IfhXXfBfiuz0XxL4m8G6vd+HvEum3OkaxbaZ4s8Gax4f8XeGr6awu547XXPDOu6PrumTMl3pep2V5FDcRAH4ian/wAGwv8AwQ61rULzVtY/YqvtW1XUbmW81DU9T/ak/bLv9Qv7udzJPdXl7dftDzXN1czSMXlnnleWR2LOzE5UAn0P/g2P/wCCInhjVrHX/DX7GWq+Htd0uYXOma1of7VX7Z+k6tp1wFZBPY6lYftEW95aTBHdBLbzI+1mXJBIoA/b/wAC+C/D/wAN/BHg74d+EoNRtfCvgLwr4e8F+GbbV9f1/wAVatb+H/C2kWeh6NBqfijxXqeteKfEmoxadY20d7r/AIl1nVtf1i5WXUNY1O/1G4ubqUA6eSNZY3ifdskRo22u8bbXUq22RCro2CcOjK6nlSCAaAPwLuf+DXv/AIIYXtzcXl5+xDPd3d3PLc3V1c/tPftjz3NzczyNLPcXE8v7QjSzTzSu0kssjM8kjM7sWYlgCD/iFy/4IUf9GM/+bM/tif8A0QVAHq3wM/4N3/8Agjr+zb8X/h18evgx+x3B4R+K/wAJ/FOmeNvh/wCKLj48ftOeK4/D/inRpfP0rV18PeNPjT4i8L6nPYXAW5totZ0XUbaO5SK4EAmhidQD9qKACgAoAKACgAoA/i2/4NF/+Slf8FoP+zs/BX/p/wD2hKAP7SaAP//R/v4oAKACgAoAKACgAoAKACgAoAKACgD+cz/g6y/5QqftGf8AY6/Az/1bPhegD7T/AOCFf/KH3/gnd/2bD8Pf/SSWgD9YKACgAoAKACgAoAKACgAoAKACgAoAKACgAoAKACgAoAKACgAoAKACgAoAKACgAoAKACgAoAKACgAoAKACgAoA/m8/4OxP+UJv7Q3/AGUX9nn/ANXT4OoA9f8A+DZD/lBt+wl/2Bfjr/61D8bqAP3koA/Fr43f8G8//BIb9pD4meLvjD8cv2WfEPxJ+I/jnxDrvijxH4k8Q/tRftgO8+reI9Xvdd1VdM0uz+PtponhzSG1PULqWw8OeG9M0jw7o0EiWOjaVp9hDb2sQB5N/wAQuX/BCj/oxn/zZn9sT/6IKgD9av2Vv2RvgL+xV8MZvg5+zl4Y8TeD/h1L4jvfFa6F4o+K3xb+L1xa6xqGl6No1yNN8QfGXx18QPEulaR9g0DTEtvDemaza+HLGeO7vrLS4L/U9TubsA+lKAPmX9qH9kD4EftkeEtD8DfH7RfHuveGPDusy6/pth4E+OPxz+B076lNYT6a51bVfgX8R/hvrHiCx+yXEyppGv6hqWkRzlLyOxS8iiuEAPyiuf8Ag17/AOCGF7c3F5efsQz3d3dzy3N1dXP7T37Y89zc3M7tLPcXE8v7QjSzTzSs0kssjM8jszuxYksAdN4L/wCDa/8A4IxfDbXI/E3w6/ZO8W+AfEkUEtrF4g8F/teftt+Ftcitp2jaa3j1bQ/2j7C/SCZoomliW4WORooy6kopoA/anwR4O0L4d+C/CHw/8LR6pF4Z8C+F9A8HeHYtc8ReIvF+tR6F4Y0q00XSI9X8WeL9V13xZ4o1RNPsrddQ8ReKNb1nxFrV2JdS1rVdQ1K5ubucA6igAoAKACgAoAKACgAoAKACgAoAKACgAoAKACgAoAKACgAoAKACgAoAKACgAoAKAPkn9v3/AJMR/bW/7NJ/aP8A/VO+MqAP5Rf+DIn/AJNI/bX/AOzjPBf/AKrO1oA/twoAKACgAoAKACgAoAKACgAoAKACgAoAKAP4tv8Ag0X/AOSlf8FoP+zs/BX/AKf/ANoSgD+0mgD/0v7+KACgAoAKACgAoAKACgAoAKACgAoA/nM/4Osv+UKn7Rn/AGOvwM/9Wz4XoA+0/wDghX/yh9/4J3f9mw/D3/0kloA/WCgAoAKACgAoAKACgAoAKACgAoAKACgAoAKACgAoAKACgAoAKACgAoAKACgAoAKACgAoAKACgAoAKACgAoAKAP5vP+DsT/lCb+0N/wBlF/Z5/wDV0+DqAPX/APg2Q/5QbfsJf9gX46/+tQ/G6gD95KACgAoAKACgAoAKACgAoAKACgAoAKACgAoAKACgAoAKACgAoAKACgAoAKACgAoAKACgAoAKACgAoAKACgAoA+Sf2/f+TEf21v8As0n9o/8A9U74yoA/lF/4Mif+TSP21/8As4zwX/6rO1oA/twoAKACgAoAKACgAoAKACgAoAKACgAoAKAP4tv+DRf/AJKV/wAFoP8As7PwV/6f/wBoSgD+0mgD/9P+/igAoAKACgAoAKACgAoAKACgAoAKAP5zP+DrL/lCp+0Z/wBjr8DP/Vs+F6APtP8A4IV/8off+Cd3/ZsPw9/9JJaAP1goAKACgAoAKACgAoAKACgAoAKACgAoAKACgAoAKACgAoAKACgAoAKACgAoAKACgAoAKACgAoAKACgAoAKACgD+bz/g7E/5Qm/tDf8AZRf2ef8A1dPg6gD1/wD4NkP+UG37CX/YF+Ov/rUPxuoA/eSgAoAKACgAoAKACgAoAKACgAoAKACgAoAKACgAoAKACgAoAKACgAoAKACgAoAKACgAoAKACgAoAKACgAoAKAPkn9v3/kxH9tb/ALNJ/aP/APVO+MqAP5Rf+DIn/k0j9tf/ALOM8F/+qztaAP7cKACgAoAKACgAoAKACgAoAKACgAoAKACgD+Lb/g0X/wCSlf8ABaD/ALOz8Ff+n/8AaEoA/tJoA//U/v4oAKACgAoAKACgAoAKACgAoAKACgD+cz/g6y/5QqftGf8AY6/Az/1bPhegD7T/AOCFf/KH3/gnd/2bD8Pf/SSWgD9YKACgAoAKACgAoAKACgAoAKACgAoAKACgAoAKACgAoAKACgAoAKACgAoAKACgAoAKACgAoAKACgAoAKACgAoA/m8/4OxP+UJv7Q3/AGUX9nn/ANXT4OoA9f8A+DZD/lBt+wl/2Bfjr/61D8bqAP3koAKACgAoAKACgAoAKACgAoAKACgAoAKACgAoAKACgAoAKACgAoAKACgAoAKACgAoAKACgAoAKACgAoAKACgD5J/b9/5MR/bW/wCzSf2j/wD1TvjKgD+UX/gyJ/5NI/bX/wCzjPBf/qs7WgD+3CgAoAKACgAoAKACgAoAKACgAoAKACgAoA/i2/4NF/8AkpX/AAWg/wCzs/BX/p//AGhKAP7SaAP/1f7+KACgAoAKACgAoAKACgAoAKACgAoA/nM/4Osv+UKn7Rn/AGOvwM/9Wz4XoA+0/wDghX/yh9/4J3f9mw/D3/0kloA/WCgAoAKACgAoAKACgAoAKACgAoAKACgAoAKACgAoAKACgAoAKACgAoAKACgAoAKACgAoAKACgAoAKACgAoAKAP5vP+DsT/lCb+0N/wBlF/Z5/wDV0+DqAPX/APg2Q/5QbfsJf9gX46/+tQ/G6gD95KACgAoAKACgAoAKACgAoAKACgAoAKACgAoAKACgAoAKACgAoAKACgAoAKACgAoAKACgAoAKACgAoAKACgAoA+Sf2/f+TEf21v8As0n9o/8A9U74yoA/lF/4Mif+TSP21/8As4zwX/6rO1oA/twoAKACgAoAKACgAoAKACgAoAKACgAoAKAP4tv+DRf/AJKV/wAFoP8As7PwV/6f/wBoSgD+0mgD/9b+/igAoAKACgAoAKACgAoAKACgAoAKAP5zP+DrL/lCp+0Z/wBjr8DP/Vs+F6APtP8A4IV/8off+Cd3/ZsPw9/9JJaAP1goAKACgAoAKACgAoAKACgAoAKACgAoAKACgAoAKACgAoAKACgAoAKACgAoAKACgAoAKACgAoAKACgAoAKACgD+bz/g7E/5Qm/tDf8AZRf2ef8A1dPg6gD1/wD4NkP+UG37CX/YF+Ov/rUPxuoA/eSgAoAKACgAoAKACgAoAKACgAoAKACgAoAKACgAoAKACgAoAKACgAoAKACgAoAKACgAoAKACgAoAKACgAoAKAPkn9v3/kxH9tb/ALNJ/aP/APVO+MqAP5Rf+DIn/k0j9tf/ALOM8F/+qztaAP7cKACgAoAKACgAoAKACgAoAKACgAoAKACgD+Lb/g0X/wCSlf8ABaD/ALOz8Ff+n/8AaEoA/tJoA//X/v4oAKACgAoAKACgAoAKACgAoAKACgD+cz/g6y/5QqftGf8AY6/Az/1bPhegD7T/AOCFf/KH3/gnd/2bD8Pf/SSWgD9YKACgAoAKACgAoAKACgAoAKACgAoAKACgAoAKACgAoAKACgAoAKACgAoAKACgAoAKACgAoAKACgAoAKACgAoA/m8/4OxP+UJv7Q3/AGUX9nn/ANXT4OoA9f8A+DZD/lBt+wl/2Bfjr/61D8bqAP3koAKACgAoAKACgAoAKACgAoAKACgAoAKACgAoAKACgAoAKACgAoAKACgAoAKACgAoAKACgAoAKACgAoAKACgD5J/b9/5MR/bW/wCzSf2j/wD1TvjKgD+UX/gyJ/5NI/bX/wCzjPBf/qs7WgD+3CgAoAKACgAoAKACgAoAKACgAoAKACgAoA/i2/4NF/8AkpX/AAWg/wCzs/BX/p//AGhKAP7SaAP/0P7+KACgAoAKACgAoAKACgAoAKACgAoA/nM/4Osv+UKn7Rn/AGOvwM/9Wz4XoA+0/wDghX/yh9/4J3f9mw/D3/0kloA/WCgAoAKACgAoAKACgAoAKACgAoAKACgAoAKACgAoAKACgAoAKACgAoAKACgAoAKACgAoAKACgAoAKACgAoAKAP5vP+DsT/lCb+0N/wBlF/Z5/wDV0+DqAPX/APg2Q/5QbfsJf9gX46/+tQ/G6gD95KACgAoAKACgAoAKACgAoAKACgAoAKACgAoAKACgAoAKACgAoAKACgAoAKACgAoAKACgAoAKACgAoAKACgAoA+Sf2/f+TEf21v8As0n9o/8A9U74yoA/lF/4Mif+TSP21/8As4zwX/6rO1oA/twoAKACgAoAKACgAoAKACgAoAKACgAoAKAP4tv+DRf/AJKV/wAFoP8As7PwV/6f/wBoSgD+0mgD/9H+/igAoAKACgAoAKACgAoAKACgAoAKAP5zP+DrL/lCp+0Z/wBjr8DP/Vs+F6APtP8A4IV/8off+Cd3/ZsPw9/9JJaAP1goAKACgAoAKACgAoAKACgAoAKACgAoAKACgAoAKACgAoAKACgAoAKACgAoAKACgAoAKACgAoAKACgAoAKACgD+bz/g7E/5Qm/tDf8AZRf2ef8A1dPg6gD1/wD4NkP+UG37CX/YF+Ov/rUPxuoA/eSgAoAKACgAoAKACgAoAKACgAoAKACgAoAKACgAoAKACgAoAKACgAoAKACgAoAKACgAoAKACgAoAKACgAoAKAPkn9v3/kxH9tb/ALNJ/aP/APVO+MqAP5Rf+DIn/k0j9tf/ALOM8F/+qztaAP7cKACgAoAKACgAoAKACgAoAKACgAoAKACgD+Lb/g0X/wCSlf8ABaD/ALOz8Ff+n/8AaEoA/tJoA//S/v4oAKACgAoAKACgAoAKACgAoAKACgD+cz/g6y/5QqftGf8AY6/Az/1bPhegD7T/AOCFf/KH3/gnd/2bD8Pf/SSWgD9YKACgAoAKACgAoAKACgAoAKACgAoAKACgAoAKACgAoAKACgAoAKACgAoAKACgAoAKACgAoAKACgAoAKACgAoA/m8/4OxP+UJv7Q3/AGUX9nn/ANXT4OoA9f8A+DZD/lBt+wl/2Bfjr/61D8bqAP3koAKACgAoAKACgAoAKACgAoAKACgAoAKACgAoAKACgAoAKACgAoAKACgAoAKACgAoAKACgAoAKACgAoAKACgD5J/b9/5MR/bW/wCzSf2j/wD1TvjKgD+UX/gyJ/5NI/bX/wCzjPBf/qs7WgD+3CgAoAKACgAoAKACgAoAKACgAoAKACgAoA/i2/4NF/8AkpX/AAWg/wCzs/BX/p//AGhKAP7SaAP/0/7+KACgAoAKACgAoAKACgAoAKACgAoA/nM/4Osv+UKn7Rn/AGOvwM/9Wz4XoA+0/wDghX/yh9/4J3f9mw/D3/0kloA/WCgAoAKACgAoAKACgAoAKACgAoAKACgAoAKACgAoAKACgAoAKACgAoAKACgAoAKACgAoAKACgAoAKACgAoAKAP5vP+DsT/lCb+0N/wBlF/Z5/wDV0+DqAPX/APg2Q/5QbfsJf9gX46/+tQ/G6gD95KACgAoAKACgAoAKACgAoAKACgAoAKACgAoAKACgAoAKACgAoAKACgAoAKACgAoAKACgAoAKACgAoAKACgAoA+Sf2/f+TEf21v8As0n9o/8A9U74yoA/lF/4Mif+TSP21/8As4zwX/6rO1oA/twoAKACgAoAKACgAoAKACgAoAKACgAoAKAP4tv+DRf/AJKV/wAFoP8As7PwV/6f/wBoSgD+0mgD/9T+/igAoAKACgAoAKACgAoAKACgAoAKAP5zP+DrL/lCp+0Z/wBjr8DP/Vs+F6APtP8A4IV/8off+Cd3/ZsPw9/9JJaAP1goAKACgAoAKACgAoAKACgAoAKACgAoAKACgAoAKACgAoAKACgAoAKACgAoAKACgAoAKACgAoAKACgAoAKACgD+bz/g7E/5Qm/tDf8AZRf2ef8A1dPg6gD1/wD4NkP+UG37CX/YF+Ov/rUPxuoA/eSgAoAKACgAoAKACgAoAKACgAoAKACgAoAKACgAoAKACgAoAKACgAoAKACgAoAKACgAoAKACgAoAKACgAoAKAPkn9v3/kxH9tb/ALNJ/aP/APVO+MqAP5Rf+DIn/k0j9tf/ALOM8F/+qztaAP7cKACgAoAKACgAoAKACgAoAKACgAoAKACgD+Lb/g0X/wCSlf8ABaD/ALOz8Ff+n/8AaEoA/tJoA//V/v4oAKACgAoAKACgAoAKACgAoAKACgD+cz/g6y/5QqftGf8AY6/Az/1bPhegD7T/AOCFf/KH3/gnd/2bD8Pf/SSWgD9YKACgAoAKACgAoAKACgAoAKACgAoAKACgAoAKACgAoAKACgAoAKACgAoAKACgAoAKACgAoAKACgAoAKACgAoA/m8/4OxP+UJv7Q3/AGUX9nn/ANXT4OoA9f8A+DZD/lBt+wl/2Bfjr/61D8bqAP3koAKACgAoAKACgAoAKACgAoAKACgAoAKACgAoAKACgAoAKACgAoAKACgAoAKACgAoAKACgAoAKACgAoAKACgD5J/b9/5MR/bW/wCzSf2j/wD1TvjKgD+UX/gyJ/5NI/bX/wCzjPBf/qs7WgD+3CgAoAKACgAoAKACgAoAKACgAoAKACgAoA/i2/4NF/8AkpX/AAWg/wCzs/BX/p//AGhKAP7SaAP/1v7+KACgAoAKACgAoAKACgAoAKACgAoA/nM/4Osv+UKn7Rn/AGOvwM/9Wz4XoA+0/wDghX/yh9/4J3f9mw/D3/0kloA/WCgAoAKACgAoAKACgAoAKACgAoAKACgAoAKACgAoAKACgAoAKACgAoAKACgAoAKACgAoAKACgAoAKACgAoAKAP5vP+DsT/lCb+0N/wBlF/Z5/wDV0+DqAPX/APg2Q/5QbfsJf9gX46/+tQ/G6gD95KACgAoAKACgAoAKACgAoAKACgAoAKACgAoAKACgAoAKACgAoAKACgAoAKACgAoAKACgAoAKACgAoAKACgAoA+Sf2/f+TEf21v8As0n9o/8A9U74yoA/lF/4Mif+TSP21/8As4zwX/6rO1oA/twoAKACgAoAKACgAoAKACgAoAKACgAoAKAP4tv+DRf/AJKV/wAFoP8As7PwV/6f/wBoSgD+0mgD/9f+/igAoAKACgAoAKACgAoAKACgAoAKAP5zP+DrL/lCp+0Z/wBjr8DP/Vs+F6APtP8A4IV/8off+Cd3/ZsPw9/9JJaAP1goAKACgAoAKACgAoAKACgAoAKACgAoAKACgAoAKACgAoAKACgAoAKACgAoAKACgAoAKACgAoAKACgAoAKACgD+bz/g7E/5Qm/tDf8AZRf2ef8A1dPg6gD1/wD4NkP+UG37CX/YF+Ov/rUPxuoA/eSgAoAKACgAoAKACgAoAKACgAoAKACgAoAKACgAoAKACgAoAKACgAoAKACgAoAKACgAoAKACgAoAKACgAoAKAPkn9v3/kxH9tb/ALNJ/aP/APVO+MqAP5Rf+DIn/k0j9tf/ALOM8F/+qztaAP7cKACgAoAKACgAoAKACgAoAKACgAoAKACgD+Lb/g0X/wCSlf8ABaD/ALOz8Ff+n/8AaEoA/tJoA//Q/v4oAKACgAoAKACgAoAKACgAoAKACgD+cz/g6y/5QqftGf8AY6/Az/1bPhegD7T/AOCFf/KH3/gnd/2bD8Pf/SSWgD9YKACgAoAKACgAoAKACgAoAKACgAoAKACgAoAKACgAoAKACgAoAKACgAoAKACgAoAKACgAoAKACgAoAKACgAoA/m8/4OxP+UJv7Q3/AGUX9nn/ANXT4OoA9f8A+DZD/lBt+wl/2Bfjr/61D8bqAP3koAKACgAoAKACgAoAKACgAoAKACgAoAKACgAoAKACgAoAKACgAoAKACgAoAKACgAoAKACgAoAKACgAoAKACgD5J/b9/5MR/bW/wCzSf2j/wD1TvjKgD+UX/gyJ/5NI/bX/wCzjPBf/qs7WgD+3CgAoAKACgAoAKACgAoAKACgAoAKACgAoA/i2/4NF/8AkpX/AAWg/wCzs/BX/p//AGhKAP7SaAP/0f7+KACgAoAKACgAoAKACgAoAKACgAoA/nM/4Osv+UKn7Rn/AGOvwM/9Wz4XoA+0/wDghX/yh9/4J3f9mw/D3/0kloA/WCgAoAKACgAoAKACgAoAKACgAoAKACgAoAKACgAoAKACgAoAKACgAoAKACgAoAKACgAoAKACgAoAKACgAoAKAP5vP+DsT/lCb+0N/wBlF/Z5/wDV0+DqAPX/APg2Q/5QbfsJf9gX46/+tQ/G6gD95KACgAoAKACgAoAKACgAoAKACgAoAKACgAoAKACgAoAKACgAoAKACgAoAKACgAoAKACgAoAKACgAoAKACgAoA+Sf2/f+TEf21v8As0n9o/8A9U74yoA/lF/4Mif+TSP21/8As4zwX/6rO1oA/twoAKACgAoAKACgAoAKACgAoAKACgAoAKAP4tv+DRf/AJKV/wAFoP8As7PwV/6f/wBoSgD+0mgD/9L+/igAoAKACgAoAKACgAoAKACgAoAKAP5zP+DrL/lCp+0Z/wBjr8DP/Vs+F6APtP8A4IV/8off+Cd3/ZsPw9/9JJaAP1goAKACgAoAKACgAoAKACgAoAKACgAoAKACgAoAKACgAoAKACgAoAKACgAoAKACgAoAKACgAoAKACgAoAKACgD+bz/g7E/5Qm/tDf8AZRf2ef8A1dPg6gD1/wD4NkP+UG37CX/YF+Ov/rUPxuoA/eSgAoAKACgAoAKACgAoAKACgAoAKACgAoAKACgAoAKACgAoAKACgAoAKACgAoAKACgAoAKACgAoAKACgAoAKAPkn9v3/kxH9tb/ALNJ/aP/APVO+MqAP5Rf+DIn/k0j9tf/ALOM8F/+qztaAP7cKACgAoAKACgAoAKACgAoAKACgAoAKACgD+Lb/g0X/wCSlf8ABaD/ALOz8Ff+n/8AaEoA/tJoA//T/v4oAKACgAoAKACgAoAKACgAoAKACgD+cz/g6y/5QqftGf8AY6/Az/1bPhegD7T/AOCFf/KH3/gnd/2bD8Pf/SSWgD9YKACgAoAKACgAoAKACgAoAKACgAoAKACgAoAKACgAoAKACgAoAKACgAoAKACgAoAKACgAoAKACgAoAKACgAoA/m8/4OxP+UJv7Q3/AGUX9nn/ANXT4OoA9f8A+DZD/lBt+wl/2Bfjr/61D8bqAP3koAKACgAoAKACgAoAKACgAoAKACgAoAKACgAoAKACgAoAKACgAoAKACgAoAKACgAoAKACgAoAKACgAoAKACgD5J/b9/5MR/bW/wCzSf2j/wD1TvjKgD+UX/gyJ/5NI/bX/wCzjPBf/qs7WgD+3CgAoAKACgAoAKACgAoAKACgAoAKACgAoA/i2/4NF/8AkpX/AAWg/wCzs/BX/p//AGhKAP7SaAP/1P7+KACgAoAKACgAoAKACgAoAKACgAoA/nM/4Osv+UKn7Rn/AGOvwM/9Wz4XoA+0/wDghX/yh9/4J3f9mw/D3/0kloA/WCgAoAKACgAoAKACgAoAKACgAoAKACgAoAKACgAoAKACgAoAKACgAoAKACgAoAKACgAoAKACgAoAKACgAoAKAP5vP+DsT/lCb+0N/wBlF/Z5/wDV0+DqAPX/APg2Q/5QbfsJf9gX46/+tQ/G6gD95KACgAoAKACgAoAKACgAoAKACgAoAKACgAoAKACgAoAKACgAoAKACgAoAKACgAoAKACgAoAKACgAoAKACgAoA+Sf2/f+TEf21v8As0n9o/8A9U74yoA/lF/4Mif+TSP21/8As4zwX/6rO1oA/twoAKACgAoAKACgAoAKACgAoAKACgAoAKAP4tv+DRf/AJKV/wAFoP8As7PwV/6f/wBoSgD+0mgD/9X+/igAoAKACgAoAKACgAoAKACgAoAKAP5zP+DrL/lCp+0Z/wBjr8DP/Vs+F6APtP8A4IV/8off+Cd3/ZsPw9/9JJaAP1goAKACgAoAKACgAoAKACgAoAKACgAoAKACgAoAKACgAoAKACgAoAKACgAoAKACgAoAKACgAoAKACgAoAKACgD+bz/g7E/5Qm/tDf8AZRf2ef8A1dPg6gD1/wD4NkP+UG37CX/YF+Ov/rUPxuoA/eSgAoAKACgAoAKACgAoAKACgAoAKACgAoAKACgAoAKACgAoAKACgAoAKACgAoAKACgAoAKACgAoAKACgAoAKAPkn9v3/kxH9tb/ALNJ/aP/APVO+MqAP5Rf+DIn/k0j9tf/ALOM8F/+qztaAP7cKACgAoAKACgAoAKACgAoAKACgAoAKACgD+Lb/g0X/wCSlf8ABaD/ALOz8Ff+n/8AaEoA/tJoA//W/v4oAKACgAoAKACgAoAKACgAoAKACgD+cz/g6y/5QqftGf8AY6/Az/1bPhegD7T/AOCFf/KH3/gnd/2bD8Pf/SSWgD9YKACgAoAKACgAoAKACgAoAKACgAoAKACgAoAKACgAoAKACgAoAKACgAoAKACgAoAKACgAoAKACgAoAKACgAoA/m8/4OxP+UJv7Q3/AGUX9nn/ANXT4OoA9f8A+DZD/lBt+wl/2Bfjr/61D8bqAP3koAKACgAoAKACgAoAKACgAoAKACgAoAKACgAoAKACgAoAKACgAoAKACgAoAKACgAoAKACgAoAKACgAoAKACgD5J/b9/5MR/bW/wCzSf2j/wD1TvjKgD+UX/gyJ/5NI/bX/wCzjPBf/qs7WgD+3CgAoAKACgAoAKACgAoAKACgAoAKACgAoA/i2/4NF/8AkpX/AAWg/wCzs/BX/p//AGhKAP7SaAP/1/7+KACgAoAKACgAoAKACgAoAKACgAoA/nM/4Osv+UKn7Rn/AGOvwM/9Wz4XoA+0/wDghX/yh9/4J3f9mw/D3/0kloA/WCgAoAKACgAoAKACgAoAKACgAoAKACgAoAKACgAoAKACgAoAKACgAoAKACgAoAKACgAoAKACgAoAKACgAoAKAP5vP+DsT/lCb+0N/wBlF/Z5/wDV0+DqAPX/APg2Q/5QbfsJf9gX46/+tQ/G6gD95KACgAoAKACgAoAKACgAoAKACgAoAKACgAoAKACgAoAKACgAoAKACgAoAKACgAoAKACgAoAKACgAoAKACgAoA+Sf2/f+TEf21v8As0n9o/8A9U74yoA/lF/4Mif+TSP21/8As4zwX/6rO1oA/twoAKACgAoAKACgAoAKACgAoAKACgAoAKAP4tv+DRf/AJKV/wAFoP8As7PwV/6f/wBoSgD+0mgD/9D+/igAoAKACgAoAKACgAoAKACgAoAKAP5zP+DrL/lCp+0Z/wBjr8DP/Vs+F6APtP8A4IV/8off+Cd3/ZsPw9/9JJaAP1goAKACgAoAKACgAoAKACgAoAKACgAoAKACgAoAKACgAoAKACgAoAKACgAoAKACgAoAKACgAoAKACgAoAKACgD+bz/g7E/5Qm/tDf8AZRf2ef8A1dPg6gD1/wD4NkP+UG37CX/YF+Ov/rUPxuoA/eSgAoAKACgAoAKACgAoAKACgAoAKACgAoAKACgAoAKACgAoAKACgAoAKACgAoAKACgAoAKACgAoAKACgAoAKAPkn9v3/kxH9tb/ALNJ/aP/APVO+MqAP5Rf+DIn/k0j9tf/ALOM8F/+qztaAP7cKACgAoAKACgAoAKACgAoAKACgAoAKACgD+Lb/g0X/wCSlf8ABaD/ALOz8Ff+n/8AaEoA/tJoA//R/v4oAKACgAoAKACgAoAKACgAoAKACgD+cz/g6y/5QqftGf8AY6/Az/1bPhegD7T/AOCFf/KH3/gnd/2bD8Pf/SSWgD9YKACgAoAKACgAoAKACgAoAKACgAoAKACgAoAKACgAoAKACgAoAKACgAoAKACgAoAKACgAoAKACgAoAKACgAoA/m8/4OxP+UJv7Q3/AGUX9nn/ANXT4OoA9f8A+DZD/lBt+wl/2Bfjr/61D8bqAP3koAKACgAoAKACgAoAKACgAoAKACgAoAKACgAoAKACgAoAKACgAoAKACgAoAKACgAoAKACgAoAKACgAoAKACgD5J/b9/5MR/bW/wCzSf2j/wD1TvjKgD+UX/gyJ/5NI/bX/wCzjPBf/qs7WgD+3CgAoAKACgAoAKACgAoAKACgAoAKACgAoA/i2/4NF/8AkpX/AAWg/wCzs/BX/p//AGhKAP7SaAP/0v7+KACgAoAKACgAoAKACgAoAKACgAoA/nM/4Osv+UKn7Rn/AGOvwM/9Wz4XoA+0/wDghX/yh9/4J3f9mw/D3/0kloA/WCgAoAKACgAoAKACgAoAKACgAoAKACgAoAKACgAoAKACgAoAKACgAoAKACgAoAKACgAoAKACgAoAKACgAoAKAP5vP+DsT/lCb+0N/wBlF/Z5/wDV0+DqAPX/APg2Q/5QbfsJf9gX46/+tQ/G6gD95KACgAoAKACgAoAKACgAoAKACgAoAKACgAoAKACgAoAKACgAoAKACgAoAKACgAoAKACgAoAKACgAoAKACgAoA+Sf2/f+TEf21v8As0n9o/8A9U74yoA/lF/4Mif+TSP21/8As4zwX/6rO1oA/twoAKACgAoAKACgAoAKACgAoAKACgAoAKAP4tv+DRf/AJKV/wAFoP8As7PwV/6f/wBoSgD+0mgD/9P+/igAoAKACgAoAKACgAoAKACgAoAKAP5zP+DrL/lCp+0Z/wBjr8DP/Vs+F6APtP8A4IV/8off+Cd3/ZsPw9/9JJaAP1goAKACgAoAKACgAoAKACgAoAKACgAoAKACgAoAKACgAoAKACgAoAKACgAoAKACgAoAKACgAoAKACgAoAKACgD+bz/g7E/5Qm/tDf8AZRf2ef8A1dPg6gD1/wD4NkP+UG37CX/YF+Ov/rUPxuoA/eSgAoAKACgAoAKACgAoAKACgAoAKACgAoAKACgAoAKACgAoAKACgAoAKACgAoAKACgAoAKACgAoAKACgAoAKAPkn9v3/kxH9tb/ALNJ/aP/APVO+MqAP5Rf+DIn/k0j9tf/ALOM8F/+qztaAP7cKACgAoAKACgAoAKACgAoAKACgAoAKACgD+Lb/g0X/wCSlf8ABaD/ALOz8Ff+n/8AaEoA/tJoA//U/v4oAKACgAoAKACgAoAKACgAoAKACgD+cz/g6y/5QqftGf8AY6/Az/1bPhegD7T/AOCFf/KH3/gnd/2bD8Pf/SSWgD9YKACgAoAKACgAoAKACgAoAKACgAoAKACgAoAKACgAoAKACgAoAKACgAoAKACgAoAKACgAoAKACgAoAKACgAoA/m8/4OxP+UJv7Q3/AGUX9nn/ANXT4OoA9f8A+DZD/lBt+wl/2Bfjr/61D8bqAP3koAKACgAoAKACgAoAKACgAoAKACgAoAKACgAoAKACgAoAKACgAoAKACgAoAKACgAoAKACgAoAKACgAoAKACgD5J/b9/5MR/bW/wCzSf2j/wD1TvjKgD+UX/gyJ/5NI/bX/wCzjPBf/qs7WgD+3CgAoAKACgAoAKACgAoAKACgAoAKACgAoA/i2/4NF/8AkpX/AAWg/wCzs/BX/p//AGhKAP7SaAP/1f7+KACgAoAKACgAoAKACgAoA/nO/wCCz3/Bwd8L/wDgmR4q8NfszfBj4eJ+03+3D4+j0M6R8JrXVZrDwn8OYPFc1rbeEbr4l6jpcdxrF14h8WyXltceE/hzoKW+t6xpbx6xq+s+FNL1Lwzd+IQD5p/bS/4Kff8ABbX/AIJM/C34M/tVftwfBT9hD9oL9n7x94o0Pwj8YvA37M1v8afhx8SvgV4t8TaddanpGhQeNfG/jf4heF/EWkPb6dqenjxA/hjULG58V2sWhNqWn2OqaJrGpAH9CX7EH7bXwA/4KEfs5eBv2n/2bfFEniP4eeNI7i1ubDUobew8WeCPFemeVH4h8B+O9Egur0aF4u8PTyxLfWS3d3ZXtlc6dr2h6hqvh3WNI1e/APyB/wCDrL/lCp+0Z/2OvwM/9Wz4XoA+0/8AghX/AMoff+Cd3/ZsPw9/9JJaAP1goAKACgAoAKACgAoAKACgAoAKACgAoAKACgAoAKACgAoAKACgAoAKACgAoAKACgAoAKACgAoAKACgAoAKACgD+bz/AIOxP+UJv7Q3/ZRf2ef/AFdPg6gD1/8A4NkP+UG37CX/AGBfjr/61D8bqAP3koAKACgAoAKACgAoAKACgAoAKACgAoAKACgAoAKACgAoAKACgAoAKACgAoAKACgAoAKACgAoAKACgAoAKACgD5J/b9/5MR/bW/7NJ/aP/wDVO+MqAP5Rf+DIn/k0j9tf/s4zwX/6rO1oA/twoAKACgAoAKACgAoAKACgAoAKACgAoAKAP4tv+DRf/kpX/BaD/s7PwV/6f/2hKAP7SaAP/9b+/igAoAKACgAoAKACgAoA8f8A2hPjN4c/Zz+Anxs/aB8YRyz+FPgd8JfiL8XfElvBLHDcXWifDjwjq/i/U7S1ll/drd3dno81ta7wQbiWJdrEhWAP8d39gz4peO/2zv8AguD+x78Z/jhq83i3x18bP+Ch/wACfiP47vL1pbiC9urn41+GPEU2jW0M8sn2bw9p9lZw+H9G0mNhaaV4ftLLSrKKKztLeFQD/SG/4OhfDdl4i/4IdftqtdQpJc+H1+AXiTS5mQO1pe6d+0x8HYppoum15dKutSsWcHKw3kv3uVYA/kN/4M4f23vEXwf/AG9PGH7FmtazdS/DL9rfwF4i1nw5oMsu600343fB/Qb7xrp2t2aylo7H+2fhdpXxB0jWxarFNrV1p3g5bqSYaJZRoAf1d/8AB1l/yhU/aM/7HX4Gf+rZ8L0AfYP/AAQw1rR4P+CQX/BPGGfVdNhlj/Zj+HyyRS39tHIjC0myrozhlYdwwyO+KAP1c/t/Qv8AoNaT/wCDK0/+OUAH9v6F/wBBrSf/AAZWn/xygA/t/Qv+g1pP/gytP/jlAB/b+hf9BrSf/Blaf/HKAD+39C/6DWk/+DK0/wDjlAB/b+hf9BrSf/Blaf8AxygA/t/Qv+g1pP8A4MrT/wCOUAH9v6F/0GtJ/wDBlaf/ABygA/t/Qv8AoNaT/wCDK0/+OUAH9v6F/wBBrSf/AAZWn/xygA/t/Qv+g1pP/gytP/jlAB/b+hf9BrSf/Blaf/HKAD+39C/6DWk/+DK0/wDjlAB/b+hf9BrSf/Blaf8AxygA/t/Qv+g1pP8A4MrT/wCOUAH9v6F/0GtJ/wDBlaf/ABygA/t/Qv8AoNaT/wCDK0/+OUAH9v6F/wBBrSf/AAZWn/xygA/t/Qv+g1pP/gytP/jlAB/b+hf9BrSf/Blaf/HKAD+39C/6DWk/+DK0/wDjlAB/b+hf9BrSf/Blaf8AxygA/t/Qv+g1pP8A4MrT/wCOUAH9v6F/0GtJ/wDBlaf/ABygA/t/Qv8AoNaT/wCDK0/+OUAH9v6F/wBBrSf/AAZWn/xygA/t/Qv+g1pP/gytP/jlAB/b+hf9BrSf/Blaf/HKAD+39C/6DWk/+DK0/wDjlAB/b+hf9BrSf/Blaf8AxygA/t/Qv+g1pP8A4MrT/wCOUAH9v6F/0GtJ/wDBlaf/ABygA/t/Qv8AoNaT/wCDK0/+OUAH9v6F/wBBrSf/AAZWn/xygA/t/Qv+g1pP/gytP/jlAB/b+hf9BrSf/Blaf/HKAP5wv+DrzVtKu/8Agil+0JBa6np9zM3xE/Z6KwwXtvNKwX40eD2YrHG5YhVBYkA4AycAEqAevf8ABstrGk23/BDv9hWC51TTreaPRfjoHhnvraKVN37UHxsYb43cMuVZWGRyrAjINAH7v/2/oX/Qa0n/AMGVp/8AHKAD+39C/wCg1pP/AIMrT/45QAf2/oX/AEGtJ/8ABlaf/HKAD+39C/6DWk/+DK0/+OUAH9v6F/0GtJ/8GVp/8coAP7f0L/oNaT/4MrT/AOOUAH9v6F/0GtJ/8GVp/wDHKAD+39C/6DWk/wDgytP/AI5QAf2/oX/Qa0n/AMGVp/8AHKAD+39C/wCg1pP/AIMrT/45QAf2/oX/AEGtJ/8ABlaf/HKAD+39C/6DWk/+DK0/+OUAH9v6F/0GtJ/8GVp/8coAP7f0L/oNaT/4MrT/AOOUAH9v6F/0GtJ/8GVp/wDHKAD+39C/6DWk/wDgytP/AI5QAf2/oX/Qa0n/AMGVp/8AHKAD+39C/wCg1pP/AIMrT/45QAf2/oX/AEGtJ/8ABlaf/HKAD+39C/6DWk/+DK0/+OUAH9v6F/0GtJ/8GVp/8coAP7f0L/oNaT/4MrT/AOOUAH9v6F/0GtJ/8GVp/wDHKAD+39C/6DWk/wDgytP/AI5QAf2/oX/Qa0n/AMGVp/8AHKAD+39C/wCg1pP/AIMrT/45QAf2/oX/AEGtJ/8ABlaf/HKAD+39C/6DWk/+DK0/+OUAH9v6F/0GtJ/8GVp/8coAP7f0L/oNaT/4MrT/AOOUAH9v6F/0GtJ/8GVp/wDHKAD+39C/6DWk/wDgytP/AI5QAf2/oX/Qa0n/AMGVp/8AHKAD+39C/wCg1pP/AIMrT/45QAf2/oX/AEGtJ/8ABlaf/HKAD+39C/6DWk/+DK0/+OUAfJf7fWuaJJ+wp+2pGmr6W7v+yX+0ciImoWrM7N8HvGIVVUSZZmJACjkk4HUUAfymf8GSepadZfslftqJe39laO/7RXgtkS5uobdnUfDS1BZVlZSygjGQMZ44/iAP7Z/7f0L/AKDWk/8AgytP/jlAB/b+hf8AQa0n/wAGVp/8coAP7f0L/oNaT/4MrT/45QAf2/oX/Qa0n/wZWn/xygA/t/Qv+g1pP/gytP8A45QAf2/oX/Qa0n/wZWn/AMcoAP7f0L/oNaT/AODK0/8AjlAB/b+hf9BrSf8AwZWn/wAcoAP7f0L/AKDWk/8AgytP/jlAB/b+hf8AQa0n/wAGVp/8coAP7f0L/oNaT/4MrT/45QAf2/oX/Qa0n/wZWn/xygA/t/Qv+g1pP/gytP8A45QAf2/oX/Qa0n/wZWn/AMcoA/jL/wCDRVlb4k/8FnmUhlb9rLwUyspBVlOvftBkEEZBBGCCDgjkZoA/tKoA/9f+/igAoAKACgAoAKACgAoA/Gr/AIOEtev/AA3/AMEYf+Cgeoac1wtxcfBa30GQ2zOshsPFXjrwh4Y1RWKYP2d9M1i7S7U/I1q0yyZQsKAP8tj/AIIq/wDKW7/gnJ/2eF8C/wD1OtJoA/06P+Dlz/lB/wDt4/8AYq/CD/1oz4PUAf5qP/BBHWdS0L/gsb/wT0vdKM63U/7RHhzRpTbuY5P7N8Radq/h/WQzKQTA2kanfLcp0ktjLGwKswYA/wBXz/gqJ+wLov8AwU0/Yv8Aid+x/rnxL1b4Q2/xB1HwRq1r8QNH8N2Xi+fQ77wX4x0XxXELjwzfapoUesWeoxaVPpk8EWu6PcQG7jvorxvsrWl0Afyf6b/wY4/DiK6V9Y/4KNeNr6y2OGt9N/Zn0LSroyEfu2W8uvjVrMSop5eM2LM44WSPBagDo/8AiB7+Bf8A0f8A/Fn/AMMf4P8A/m6oAP8AiB7+Bf8A0f8A/Fn/AMMf4P8A/m6oAP8AiB7+Bf8A0f8A/Fn/AMMf4P8A/m6oAP8AiB7+Bf8A0f8A/Fn/AMMf4P8A/m6oAP8AiB7+Bf8A0f8A/Fn/AMMf4P8A/m6oAP8AiB7+Bf8A0f8A/Fn/AMMf4P8A/m6oAP8AiB7+Bf8A0f8A/Fn/AMMf4P8A/m6oAP8AiB7+Bf8A0f8A/Fn/AMMf4P8A/m6oAP8AiB7+Bf8A0f8A/Fn/AMMf4P8A/m6oAP8AiB7+Bf8A0f8A/Fn/AMMf4P8A/m6oAP8AiB7+Bf8A0f8A/Fn/AMMf4P8A/m6oAP8AiB7+Bf8A0f8A/Fn/AMMf4P8A/m6oAP8AiB7+Bf8A0f8A/Fn/AMMf4P8A/m6oAP8AiB7+Bf8A0f8A/Fn/AMMf4P8A/m6oAP8AiB7+Bf8A0f8A/Fn/AMMf4P8A/m6oAP8AiB7+Bf8A0f8A/Fn/AMMf4P8A/m6oAP8AiB7+Bf8A0f8A/Fn/AMMf4P8A/m6oAP8AiB7+Bf8A0f8A/Fn/AMMf4P8A/m6oAP8AiB7+Bf8A0f8A/Fn/AMMf4P8A/m6oAP8AiB7+Bf8A0f8A/Fn/AMMf4P8A/m6oAP8AiB7+Bf8A0f8A/Fn/AMMf4P8A/m6oAP8AiB7+Bf8A0f8A/Fn/AMMf4P8A/m6oAP8AiB7+Bf8A0f8A/Fn/AMMf4P8A/m6oAP8AiB7+Bf8A0f8A/Fn/AMMf4P8A/m6oAP8AiB7+Bf8A0f8A/Fn/AMMf4P8A/m6oAP8AiB7+Bf8A0f8A/Fn/AMMf4P8A/m6oAP8AiB7+Bf8A0f8A/Fn/AMMf4P8A/m6oAP8AiB7+Bf8A0f8A/Fn/AMMf4P8A/m6oAP8AiB7+Bf8A0f8A/Fn/AMMf4P8A/m6oAP8AiB7+Bf8A0f8A/Fn/AMMf4P8A/m6oAP8AiB7+Bf8A0f8A/Fn/AMMf4P8A/m6oAP8AiB7+Bf8A0f8A/Fn/AMMf4P8A/m6oAP8AiB7+Bf8A0f8A/Fn/AMMf4P8A/m6oAP8AiB7+Bf8A0f8A/Fn/AMMf4P8A/m6oAP8AiB7+Bf8A0f8A/Fn/AMMf4P8A/m6oAP8AiB7+Bf8A0f8A/Fn/AMMf4P8A/m6oAD/wY9/AvHH7f/xZz2z8D/B+P/U6H8/yoAB/wY9/Avv+3/8AFnPt8D/B/wD83R/n+dAB/wAQPfwL/wCj/wD4s/8Ahj/B/wD83VAB/wAQPfwL/wCj/wD4s/8Ahj/B/wD83VAB/wAQPfwL/wCj/wD4s/8Ahj/B/wD83VAB/wAQPfwL/wCj/wD4s/8Ahj/B/wD83VAB/wAQPfwL/wCj/wD4s/8Ahj/B/wD83VAB/wAQPfwL/wCj/wD4s/8Ahj/B/wD83VAB/wAQPfwL/wCj/wD4s/8Ahj/B/wD83VAB/wAQPfwL/wCj/wD4s/8Ahj/B/wD83VAB/wAQPfwL/wCj/wD4s/8Ahj/B/wD83VAB/wAQPfwL/wCj/wD4s/8Ahj/B/wD83VAB/wAQPfwL/wCj/wD4s/8Ahj/B/wD83VAB/wAQPfwL/wCj/wD4s/8Ahj/B/wD83VAB/wAQPfwL/wCj/wD4s/8Ahj/B/wD83VAB/wAQPfwL/wCj/wD4s/8Ahj/B/wD83VAB/wAQPfwL/wCj/wD4s/8Ahj/B/wD83VAB/wAQPfwL/wCj/wD4s/8Ahj/B/wD83VAB/wAQPfwL/wCj/wD4s/8Ahj/B/wD83VAB/wAQPfwL/wCj/wD4s/8Ahj/B/wD83VAB/wAQPfwL/wCj/wD4s/8Ahj/B/wD83VAB/wAQPfwL/wCj/wD4s/8Ahj/B/wD83VAB/wAQPfwL/wCj/wD4s/8Ahj/B/wD83VAB/wAQPfwL/wCj/wD4s/8Ahj/B/wD83VAB/wAQPfwL/wCj/wD4s/8Ahj/B/wD83VAB/wAQPfwL/wCj/wD4s/8Ahj/B/wD83VAB/wAQPfwL/wCj/wD4s/8Ahj/B/wD83VAB/wAQPfwL/wCj/wD4s/8Ahj/B/wD83VAB/wAQPfwL/wCj/wD4s/8Ahj/B/wD83VAB/wAQPfwL/wCj/wD4s/8Ahj/B/wD83VAB/wAQPfwL/wCj/wD4s/8Ahj/B/wD83VAB/wAQPfwL/wCj/wD4s/8Ahj/B/wD83VAB/wAQPfwL/wCj/wD4s/8Ahj/B/wD83VAB/wAQPfwL/wCj/wD4s/8Ahj/B/wD83VAB/wAQPfwL/wCj/wD4s/8Ahj/B/wD83VAB/wAQPfwL/wCj/wD4s/8Ahj/B/wD83VAB/wAQPfwL/wCj/wD4s/8Ahj/B/wD83VAB/wAQPfwL/wCj/wD4s/8Ahj/B/wD83VAB/wAQPfwL/wCj/wD4s/8Ahj/B/wD83VACD/gx7+Bnf9v/AOLGcnp8D/B447f8z0ecdfXrxnFAC/8AED38C/8Ao/8A+LP/AIY/wf8A/N1QAf8AED38C/8Ao/8A+LP/AIY/wf8A/N1QAf8AED38C/8Ao/8A+LP/AIY/wf8A/N1QAf8AED38C/8Ao/8A+LP/AIY/wf8A/N1QAf8AED38C/8Ao/8A+LP/AIY/wf8A/N1QAf8AED38C/8Ao/8A+LP/AIY/wf8A/N1QAf8AED38C/8Ao/8A+LP/AIY/wf8A/N1QAf8AED38C/8Ao/8A+LP/AIY/wf8A/N1QAf8AED38C/8Ao/8A+LP/AIY/wf8A/N1QAf8AED38C/8Ao/8A+LP/AIY/wf8A/N1QAf8AED38C/8Ao/8A+LP/AIY/wf8A/N1QAf8AED38C/8Ao/8A+LP/AIY/wf8A/N1QAf8AED38C/8Ao/8A+LP/AIY/wf8A/N1QAf8AED38C/8Ao/8A+LP/AIY/wf8A/N1QB+9v/BGH/giv4H/4I3eG/j94d8F/Hnxd8ck+PeufD3WtRuPFPgzRPBy+G2+H1h4tsbWGwg0nVtYe+bVB4tuHu5bq5jSEWFqlvApe4eUA/bagD//Q/v4oAKACgAoAKACgAoAKAPz3/wCCsXwM1j9pT/gml+3J8FPDdlLqXirxt+zT8VE8H6XBFJPNqvjTw/4ZvPFXg7SoYog0rS6n4n0PSrCMxpK6PcB1imZREwB/kh/8EXrmK1/4K1f8E4pZmCo37ZXwBtgSQP3t58RNCtIF5xy006KB1JbAySBQB/p0/wDBzLcR2v8AwQ7/AG75JThW8OfBa3H/AF0u/wBpb4M2kQ7dZZ0H+PSgD/Ps/wCDXn4Fat8bv+C0H7Ll3a2F1deH/gnZ/Ev46eM7q2QsNJ0rwf4A13RvDV9ctgrHbXHxM8U+AtHkd8AnVERSZHQUAf691ABQAUAFABQAUAFABQAUAFABQAUAFABQAUAFABQAUAFABQAUAFABQAUAFABQAUAFABQAUAFABQAUAFABQAUAFABQAUAFABQAUAFABQAUAFABQAUAFABQAUAFABQAUAFABQAUAFABQAUAFABQAUAFABQAUAFABQAUAFABQAUAFABQAUAFABQAUAFABQAUAFABQAUAFABQAUAFABQAUAFABQAUAFAH/9H+/igAoAKACgAoAKACgAoAKAP8x7/gsj/wSW+Kf/BIP/gpP8Mf+CmP7PXww8ReNv2JNM/ac+Gv7TmzwRpdzqrfALxd4Q+JXh74ieJvht4wit4Bb+HPBOq63YXR+GPiTUWtvDy6XqNp4I1K+j1fSIbjXAD9k/8Ag5B/4Ktfsm/tXf8ABMTwj+y/+xR8ZvCH7UXxg/bh+IfwftvD3wt+CWqxfEH4j6T4M8I+KtI+KE7+MPAvhhtR8T+EvEk/jHwt4P8ACdj4J8R6Vp/irUNZvtThstHn/wCEd1t7AA+yf+DZT/gjF4p/4Jofs/8Ai744/tG6Fb6T+1z+0vY6MuueGGmiu7v4NfCPTWXVPD3w1vp4Glt18Ya3rEreJ/iGlncz2trdWnhXw5k3vhW9u78A/bz4s/8ABRT9gP4C+OD8M/jb+2x+yl8JfiJFKkV54I+Ivx/+Fng/xVpbSBmibW9C13xRY6locM21hDcaxBYwTOpjikdwVoA+rPDPijw1418P6R4s8G+ItC8W+FfEFjDqeg+JfDOr6fr3h/W9NuV3W+oaRrOlXF3p2pWM6/NDd2dzNBKvKSECgDdoAKACgAoAKACgAoAKACgAoAKACgAoAKACgAoAKACgAoAKACgAoAKACgAoAKACgAoAKACgAoAKAPjb4s/8FFP2A/gL44Pwz+Nv7bH7KXwl+IkUqRXngj4i/H/4WeD/ABVpbSBmibW9C13xRY6locM21hDcaxBYwTOpjikdwVoA+rPDPijw1418P6R4s8G+ItC8W+FfEFjDqeg+JfDOr6fr3h/W9NuV3W+oaRrOlXF3p2pWM6/NDd2dzNBKvKSECgDdoAKACgD5f+OX7bf7G37MeoQaP+0Z+1b+zn8C9buorS4tdB+LXxo+HfgDX7u2vnMdrdWuheJ/EWl6tc2kxV2F1BaSW6xRTTvKkMMjoAes/C34xfCP45eFYfHXwU+Kfw4+MPgi4uZLODxj8LfHHhn4g+FZ7uGOGaa1h8Q+EtT1fSJLmKG4t5ZIEuzKkc8MjKElRmAPR6APMfiL8bfgz8H20hfi38XPhj8LW8Qi/bQF+Ivj7wr4JbW10s2Y1NtIHibVtLOpDTjqGni/NkJxZm+sxceX9pg3gHmf/Dav7G3/AEdr+zL/AOH5+Fn/AM1dAHZ+BP2jv2efilrv/CL/AAx+PPwY+I3ib7Fcal/wjvgT4o+CPF+u/wBnWjRJd3/9keH9d1G/+xWzXEC3F19n8iFpohJIplQMAez0AFABQAUAFABQAUAFABQAUAFABQAUAFABQAUAFABQAUAFABQAUAFABQAUAFABQAUAFAHxD4h/4KY/8E6PCXxCl+E3in9vH9j3w58S7a/Ok3fgjW/2kPhDpniOw1jzY4F0TUtMvPF0M+na5JNLHFBot+INUnd0ENm5ZQwB9r2t1a31rbX1jcwXlleQQ3VpeWs0dxa3VrcRrNb3NtcQs8U8E8TpLDNE7xyxurozKwNAE9ABQAjMqKzOwVVBZmYgKqgZLMTgAADJJOAOTjFAHzN/w2r+xt/0dr+zL/4fn4Wf/NXQAf8ADav7G3/R2v7Mv/h+fhZ/81dAH0B4d8SeHfGGhaV4o8Ja9ovijw1rtlDqWieIvDuqWOt6FrGnXC77e/0rV9NnurDULKdTuhurS4mglXlJGBBoA2qACgAoAKACgAoAKACgAoAKACgAoA//0v7+KACgAoAKACgAoAKACgAoAgurW1vrW5sr22gvLK8gmtbu0uoY7i1urW4jaK4trmCVXingnid4poZUeOSNmR1ZWYUAeT+CP2e/gH8MvEOoeLvhv8D/AIQfD7xZqyzJqvifwR8NPBfhTxDqaXHliddQ1rQdFsNSvFnEUQmW5uZRJ5ce/O1RQB/MZ/wdNf8ABZfxx/wT/wDgv4M/ZN/Zm8VXnhH9qD9pbw/qeva54/0af7N4h+D3wLhu73w7d694ZvEdLnR/HPxD1+11Pw54Q8R2ay3XhvTvDfjTV9Om0rxNB4Y1a1AOR/4Nj/8Agmh+yp8Rf+CR0fxo/aB+B3w7+Nvjz9uTxP8AGrUPiZ4o+KXhjS/GPie88C+HviH4p+FOmeF7LX9atbrWNFtJL/wXrHjYX2k3llq03iTxB/b737X1jpE9kAfzi/8ABJT/AIKd+Pv+CJ3/AAVP+Mn7DfxE8f63rP7DCftYfFX9nL4keHPE+p3F5o/wv1jwx8Uda+G+ifHzw1E7mHQL/SrrR9Pn+JQ0uBbXxX4LOpTXen6hrui+E7rSwD/U6oAKACgAoAKACgAoAKACgAoAKACgAoAKACgAoAKACgAoAKACgAoAKACgAoAKACgAoAKACgAoA/kt/wCDpr/gsv44/wCCf/wX8Gfsm/szeKrzwj+1B+0t4f1PXtc8f6NP9m8Q/B74Fw3d74du9e8M3iOlzo/jn4h6/a6n4c8IeI7NZbrw3p3hvxpq+nTaV4mg8MatagHI/wDBsf8A8E0P2VPiL/wSOj+NH7QPwO+Hfxt8eftyeJ/jVqHxM8UfFLwxpfjHxPeeBfD3xD8U/CnTPC9lr+tWt1rGi2kl/wCC9Y8bC+0m8stWm8SeIP7fe/a+sdInsgD+cX/gkp/wU78ff8ETv+Cp/wAZP2G/iJ4/1vWf2GE/aw+Kv7OXxI8OeJ9TuLzR/hfrHhj4o618N9E+PnhqJ3MOgX+lXWj6fP8AEoaXAtr4r8FnUprvT9Q13RfCd1pYB/qdUAFAH4ff8Fsf25f2k/2fPh18LP2Tf2AfAeo/Ez/goR+29f8AjDwT8CdN0ltMZvhZ4N8J6VaXfxO+OmsPq80Oh6XD4MsdY0u08Pap4rutN8K6frWoyeJdXur/AE7wlqOg6qAfwv8A7Wv/AAazf8FofCvgXx9+1N8RNX+F37Unjya11Lx78SdA8DfGDx98Tv2hNZmiIn1rUrpPHXgPw9H8QPEMdmst9JYeHfF/ifxBqkdq9lo1pquovZWNwAfj9/wTI/4KW/tBf8Evv2mvBXx5+DXiTXp/CkGuabF8Yfg6Nf1DT/BPxm8BB5LbWvDHifSkkk0uXVotNvL+fwb4lu9Pvb3wf4k+xa1YxyrDcWd2Af7ZPhzX9K8V+HtC8U6FdJfaH4l0bS9f0a9j/wBXeaVrNjBqOnXSdfkuLS5hlXno/egD/O3/AODkP9nz9uL/AIK0f8FQPGnwe/Yp+BXi748eCv8Agnz8IvhT8NPiGfDOr+E9O0nw58T/AI5WmtfF7UpjdeK/EWg213qOp+GJfCuhaja6U95Jps/gzytTWzmmhSUA/Br/AIhyv+C13/RgvxM/8LD4P/8AzxaAP7AP+DUf/gjp+0r+wj4s/ao/aQ/bN+DGp/B34p+KtB8J/Bb4RaBr+p+FtW1ZfAkt9/wm3xM1zzfDGt6/aw2Wva7pXw506wElza3Ql8MawJIZIZoXUA/tGoAKACgAoAKACgAoAKACgAoAKACgAoAKACgAoAKACgAoAKACgAoAKACgAoAKACgAoA/g5/4O0f8AgtP8R/hN4gh/4JjfsteN9X8Da5qXhTTPE/7Wfj/wrqE2leJotD8YWEGp+DfgjoutWU0OpaHBr3hq4g8X/Eaay8i41vwz4g8J+GotR/sXUvGOk6kAfp9/wTs/4IufsfePP+CCXwm+B/ir4FfDfWfiJ+1f+yho3xp8UfFTVfCWh3fxNtPi78aPAg+IPgLxTYeNJ7Fte0nUfhfJ4k8PaP4YtbK+t7Cy0/Q5bG5tbiHVteTUgD+cn/g1Q/4LQfEX4IftD+CP+Cbn7QfjfU/Ef7PHx01P/hFfgBc+KNQur6b4J/Ge9eWXw74O8O3N1LLNZeA/itqLv4aXwrEj2Gl/EPUfDuq6PDpMWt+MZ9SAP9L6gAoA/MH/AILPftL3f7Jf/BMD9sn4w6HcXEHjU/CLVfhn8MxY731Z/if8aruy+EPw/n0e1hzcXuo6V4n8bafrqWtujyG30q4lZRBDM6gH+Xv/AMQ5f/Ba7/owX4mf+Fh8Hx+h+IuR+NAHS+DP+Da//gs34m8YeFPDmtfsU+OvBuj+IPEuhaJq3i/WfFnwpm0fwrpmq6pa2F/4k1WKx+IE97Lpuh2txLqd9HZwTXT2trKtvFJMURgD/XZ+Dfwq8IfAn4RfC74JfD6x/szwJ8IPh54M+GPgzT8Jmz8L+BPDuneF9Bt3MaRo0semaXbLLIqL5koaQgFjuAPSKACgAoAKACgAoAKAOW8c/wDCbf8ACE+MP+FaHwsPiN/wi3iD/hAD45GrN4JHjb+ybv8A4RU+MF0Arrp8LDXfsH/CQDRWXVjpP2sacReGA0AfwN/8Ft/+CxX/AAcKf8Eyvit4L+F/xI8afsXeAtG+LvhPVfFvww+Jn7Mfwg1vxNo2pWeh6ouj+INFu4P2kLrxzd2Hi/w3LdaNeaxZSaLqGjGy8Q6JdWGpXRubuysAD9udL/4OBfBnhP8A4I+/siftr654MvvjL+17+1T4Vufhp8If2X/hrZ3eoeMPjR+034F1bUvh58Q49G8NeH9P1DW9I8B2HjPQLnxHrM+n6Vf3OlaNr3hzw7o8Wq6/4h8O22pAH5Cf8EXP+C6X/BYv9rf/AIK26R+yn+1Z8PrWT4YeKbH4m3fxV+FcXwAPwv1X9mKw8P8Ag3XvEXh3xAdRu7Kx8d6Rp8Xi/TvDngeeD4sa34ml1RPFC2NmzeJrnSJGAP7z6AP/0/7+KACgAoAKACgAoAKACgAoAKACgD/Ho/4OXvjVq3xr/wCC0P7Y1ze3VzLpHww13wT8FfCtjPO00ekaT8N/h94Z0rV7W0Bd1httQ8by+LvERgjCKl1rlyWQSs7MAf6KX/BtpEkP/BEf9gpIxhT4G+JcpA/vz/Hn4rTyH6tJIzH3PvQB/l4/8Fjokh/4Kw/8FIkjGFP7bP7Skp/35/iz4pnkP4ySMfxoA/1wP+CR3xr1j9on/gmL+wl8YPEl5c6l4o8V/sx/CiDxbqt5L513rHi7wv4YsvB/ivWriQsxabWfEWgalqkm5mZWuyrHcp3AH6J0AFABQAUAFABQAUAFABQAUAFABQAUAFABQAUAFABQAUAFABQAUAFABQAUAFABQAUAFABQB/j0f8HL3xq1b41/8Fof2xrm9urmXSPhhrvgn4K+FbGedpo9I0n4b/D7wzpWr2toC7rDbah43l8XeIjBGEVLrXLksglZ2YA/0Uv+DbSJIf8AgiP+wUkYwp8DfEuUgf35/jz8Vp5D9WkkZj7n3oA/y8f+Cx0SQ/8ABWH/AIKRJGMKf22f2lJT/vz/ABZ8UzyH8ZJGP40Af64H/BI7416x+0T/AMExf2EvjB4kvLnUvFHiv9mP4UQeLdVvJfOu9Y8XeF/DFl4P8V61cSFmLTaz4i0DUtUk3MzK12VY7lO4A/ROgDx5PgD8IF+PU/7TzeCLCf48T/Cu1+CKfEW7vNXvNUsPhXa+KbvxqfBujWN3qM+h6Fp9/wCKbw6zrVxoul2Go+ILm00ldcvdQg0TR4bIA9hoA/xNv2ufgcf2gP8Agrx+1F+z3+yf4dh8QR/FP9vz44/Df4JeH/Dtup0aW08QfHXxTpHhxdKTTYXhsfBunWsqXcF6sQtNJ8J2n9oXbJbWc8igH+zZ4C8O+G/2d/gL4L8J6rrsUPhD4GfCLw54d1HxNqO+CGLw38MvBtnpt5rt9vkuHhij0zRJNQut0s7xoH3SSld7AH+Vp+zt/wAHOf7af7IPxj/bF+IHwV+GP7OfjHRv2vP2qfiP+0p4s/4XV4N+IGu+LrN/Fs9vYeGvCFhr3gr4r+Bo7Tw54M8Ladp+l+H9MuLLUl0+WXUpDcXMdysSAH9BH7Ff/B6r8JfGviPw94M/bs/Zj1D4LWeozRWep/Gz4JeIdT+IPg3SppiFGo658KdW0uPxzpGg2pBe7n8N+KPiLrmxh9k8PXToysAf2zfDH4nfD340fD3wb8WPhR4x0D4gfDb4heHtN8V+CvGnhfUIdU0DxH4f1e3W5sNT02+gJSSKaJwHjYRz206y2t1DBcwzQoAd1QAUAFABQAUAFABQAUAFABQAUAFABQAUAFABQAUAFABQAUAFABQAUAFABQAUAFABQB/h0/8ABTL41at+0T/wUM/bW+NGsXVzdSePP2m/jLqGlC7na4lsPCtj451nRvBWiiZnkLQeH/B+m6HodoFbYlrp0McYSNUSgD/ZQ/4J2RJB/wAE/P2FoIxtjh/Y5/ZjijUdFSP4KeCEUD6KAKAP8RpPFviD4ZfGVfHXgrUp9D8VfD74mjxb4S1i0YpdaP4g8KeKv7Y0HUrZ1Ksk+n6jYWt1CyspWSJSCMA0Af7uHwt8c2nxP+GPw5+JdhAbWw+IfgTwh45srZnEjW9p4t8P6fr9tAzjIcww6gkZcHDFcjORQB3dAH8Xv/B4P+3Zq/7OPgr/AIJ+/BzwNH4e1rxfc/tI2P7W2teGvEtrPqnhvVNL/Zqn0xfAnh/xzo9rf6Zdar4O8X+NfGdxdXmmQX9nJqP/AAg1zGt9ZPDHIwB+S/wd/wCD2j9t7QdasD8ef2Sv2X/id4YiKpqFp8L734o/BzxRdx5XMsWveJfGHxo0SGcLuJVfCPku20BYgCzAH9ff/BKT/gvH+xR/wVjguvCPws1DXfhT+0RoWiT+IPE/7PHxNFnD4q/sazlht7/xD4F8Q6e8nh74h+G7Oa4iF3PpU1l4k0qGSK78ReE9DtbqznuAD9r6ACgAoAKACgAoAKACgAoA/i8/4PX/AIIHxZ+w7+yx8fbSyN1ffBj9pDUfAl9Oke6TTvDHxr8Aard6heySYwlo/iX4U+DdPkGcvd39iArAFkAPkj/gy5/Z8+E/xKtvj/8AtReOtY1bx18av2bdR0z4I/BPwz4huH1Hw58Cvh18VbPXPG/i3xP4Esbqe4h0jxF8UPEUvijR9Sv7G0sJ7PS9M8RW0N1cx+M9ciUA/v3EUayPMI0E0iRxyShFEjxxGVoo3cDcyRNNM0asSqGWUqAXYsAPoA//1P7+KACgAoAKACgAoAKACgAoAKACgD/F2/4Ly+GtQ8J/8Fif+Chul6kJhcXX7R/i7xLGJ/v/ANn+NLfTfGOklen7k6Vrtmbf/pgYsZwDQB/pkf8ABtz/AMoSf2Cf+xC+Iv8A6vP4pUAf5eP/AAWT/wCUsn/BSD/s9X9o7/1afiagD/VU/wCCBfhe/wDCH/BG/wD4J66TqME9vcXf7Pmh+KI47gMJGsPHGsa3400udd2T5F1pmv2lzakfKbaaIphCBQB+vdABQAUAFABQAUAFABQAUAFABQAUAFABQAUAFABQAUAFABQAUAFABQAUAFABQAUAFABQAUAf4u3/AAXl8Nah4T/4LE/8FDdL1ITC4uv2j/F3iWMT/f8A7P8AGlvpvjHSSvT9ydK12zNv/wBMDFjOAaAP9Mj/AINuf+UJP7BP/YhfEX/1efxSoA/y8f8Agsn/AMpZP+CkH/Z6v7R3/q0/E1AH+qp/wQL8L3/hD/gjf/wT10nUYJ7e4u/2fND8URx3AYSNYeONY1vxppc67snyLrTNftLm1I+U200RTCECgD9e6ACgD8Q/+C7f/BT+L/gnP+yTd6L8LDd+J/20v2nHvvg5+yR8NPDVrca14yvfG/iJLfRL34jWHh/TorrU7+1+HY1qxvNJtbexuz4g8e3/AIM8JrA0et3NxaAH54f8G53/AAb+f8O/NHtv2zf2v9MtNc/bh8f6JeDw34YubuLWbT9m7wp4os2TWNM+3o9xa6r8YfFVjdz2PjrxJa3N3baBpVxd+DfDt7PBfeKdT8RAH9RPxa+F/g743/Cz4kfBn4iWV/qXgD4s+BPFnw28cabpetax4b1DUvCHjfQr7w34k0+z8QeHr7TNd0W4vtG1K8tY9T0fUbHU7IzefZXdvcIkqgH8yfxg/wCDPH/gkr8QNGv7b4cyftGfAjXZI2bS9W8H/FkeMdPs7kZMX2/Rvih4e8ZzalYZIE9tb6xpN5KihYdTtnJloA/kt/4K4f8ABr/+1b/wTY+H2u/tDfC7x1YftY/s0eGIzeeOfE/h7wld+Dfid8K9LMjbtd8cfD4av4ntL7wXYK9vDqHjXwv4j1FbA/aNT8SeHPCuiw/2hQB+6n/Bkv8AtTeNvFfwp/bF/ZA8T6xNqXg/4Q+IPhz8ZPhTZXU09xNoMXxRPi/QviXo9i00jrZ6CdY8H+EdfstMtFitote8ReKtTZDdaxcSSgH91lABQAUAFABQAUAFABQAUAFABQAUAFABQAUAFABQAUAFABQAUAFABQAUAFABQAUAFAH+Dv8AtN+GtQ8F/tJftB+DtWEw1Xwn8cPix4a1IXH+vGoaF491/S7wT5wfOFxayiTI+/npQB/tjf8ABPL/AJMC/Yb/AOzPf2Z//VLeCqAP8PPx1/yO/jH/ALGrxD/6d7ygD/dS/ZT8L3/gf9l39m3wXqkE9rqfhD4B/B7wvqNtdBhc29/4f+Hnh3SbyC4DZYTw3FpJHMGO4SK2cnNAHvlAH5If8FA/+CIf/BPz/gpr8RtA+Lf7VvgDx74j+I3hbwHZfDXw74l8K/Frx54PTSPCOn654g8R2tha+HNN1d/CBuRrPijWbyfU5vD8mo3vnwQX1zdWtjZW9uAfzn/tbf8ABk58Ede07Wdd/Yj/AGr/AB/8OvEaWlzdaR8Pf2iNH0n4heDdT1MRN9m0ofEHwPpfg/xP4P0mSbYH1K68H/EnULZN+bW8LLsAP4sPE/gH9sr/AIIzft7+Dz4/8Lap8I/2lf2ZPiJ4W+I3h5JLp7jw94s03TtS+16bq2h65psq2XjH4Y/ELSrfUNEvp7G4ey1nRL3XfDesW9rfQ6zpFqAf7Z3hPxJp/jHwt4a8XaQxfSvFXh/RvEmmO2Nz6frmnW2p2TNjjLW11ETjjJ4oA6CgAoAKACgAoAKACgD8o/23f+C2P/BOX/gnd8bvAn7Pv7V/xvvfAPxG8d+GbTxolnpfw+8e+ONO8KeEtT1PVNG0XXvGd94M8P62dFtta1PRNXtrG0hgv9VSGxfU7+wsdHntNRnAP5wP+CzP7Q3iX/gu98PP2jvgV/wTw8ejxZ+xX/wT5+Avi39rL9o74zaJousjQfj78fvDXhzX9V+FP7Ovw9l1C20u61y30Pw1pXjDxlqGoW8F5oura5DaRxRrf6H4TvdcAPye/wCDO/8Abc+GX7M/7Zf7RHwR+MnxG8I/DDwT+0l8GdF1TQvEHjrxLpPhXw3efE74L+Iby/8AD2gS6vrt5YaXbX2o+CvHnxIvLHz7lHuptJFhAslzd28bAH+h1+x1+2f8Pf23/D3xQ+I3wY8P+Kbn4J+Dfiprnww+G/xq1OLToPA37QkXhKy0+28X+PvhE0V4+rav8PdH8bSa94GsfFd5p9ro/inUPDWoal4YvdV00vLAAfYVAH//1f7+KACgAoAKACgAoAKACgAoAKACgD/M3/4PJP2C/FPwr/bL8Eft6+HNDurn4V/tQeE/DXgXx5r9ta7rTQfjp8LvDyeHbHTtWuIh5dr/AMJh8KdD8M3XhsXP7/UrjwX4zMbNHpu1QD+tD/g1/wDF1j4t/wCCH/7FgtZ45LvwxD8c/COrwI257K+0f9oz4sm2gm/uyT6LdaRqKr2hvovWgD/N4/ae+Cnj3/goJ/wXD/al+CPwGsZPEXiv9on/AIKI/tEeHfBc9vGbuztdA1H43eNprnxlqTwtti8N+F/B9pfeMfEF6JRDYeH9K1C7aXy4C7AH+xx8Hfhd4X+B3wj+FnwV8Dwy23gv4P8Aw48D/C7whbzsrzweF/h/4Z0zwn4fhmdFRGli0nSLRJGVEVnUlVUHFAHo9ABQAUAFABQAUAFABQAUAFABQAUAFABQAUAFABQAUAFABQAUAFABQAUAFABQAUAFABQAUAf5m/8AweSfsF+KfhX+2X4I/b18OaHdXPwr/ag8J+GvAvjzX7a13Wmg/HT4XeHk8O2OnatcRDy7X/hMPhTofhm68Ni5/f6lceC/GZjZo9N2qAf1of8ABr/4usfFv/BD/wDYsFrPHJd+GIfjn4R1eBG3PZX2j/tGfFk20E392SfRbrSNRVe0N9F60Af5vH7T3wU8e/8ABQT/AILh/tS/BH4DWMniLxX+0T/wUR/aI8O+C57eM3dna6BqPxu8bTXPjLUnhbbF4b8L+D7S+8Y+IL0SiGw8P6VqF20vlwF2AP8AYc8CeEvh1+y3+z94N8C6feL4d+Ev7Onwc8O+ErK/1JmdNC+HXwi8FWej215ftbxFnXTPDXh5JrpoICzCCQxxElUoA/jC0r/g9o+Dd3+05D4S1L9jjxTpf7Jtx4tTw8PjGfiXHdfFmy8MPe/ZV+I178J4PBn9jSQrCUv7rwLZ+OZtVt7ASvbeIdQ1JU0iUA/qy/b3/wCCif7OH/BO/wDZS8SftafG7xRbzeDrfTLVfh14a0W7tX8T/GLxjrmnS3/hDwP4AtZmAv8AVPEUUZvJb4r/AGdoHh+31PxPrUttouk31xEAfwL/ALHX/Bw5+xBo/wC1n8R/+CkX/BQr4G/tKftB/tx+KL/U/DXwbtfBmifC2/8AgT+yF8E7Wa+tfDHw++A2neMfihousN4kutLvbybxb8Q9U0XTtau7vWNbh02K2udd8Y674zAP1m+JH/B7j+yRZeGNYk+EH7G37RniXxmLC4Hh+y+JGv8Aw08D+GG1RonFq2san4Y8TfELVY7CKfZJcJZaTJcTxK8Ucls7rMoB9s/sWf8ABTIfsI/8ELfDv/BT/wDb71f4g/En4hftSfGT4nfGm48IeG2fUdY1zxf8b/ip4stPhf8ADv4d23ifWodI8IeBNP8Ahp4R0nXtO06TUrXRvCnhGw1CPSrXVL+Gz0/VQD3z/gm5/wAHMH/BOj/goj4psfhSdd8Q/sv/AB01W5t7Hw58N/j9ceHNG0rx9f3O1Y7D4c/ETStYvvCmvaq88kNnaeG9dl8J+MNZvJfL8P8AhzVooppkAP26/aF8Y/CD4f8AwI+MfjT9oG/8Pab8DfDnw08a6l8W7rxWLd/Dh+HkXh+/XxZaavb3IaG+tNQ0Z7vT200pNJqb3SafBBPPcxwOAfyVf8Gb/wCwZ47+A/7Mvx6/bL+I3h3VfCsf7XWteCtH+DGia9FJBq8/wb+F7eK54PHTQyWtpINM8feJPF91DotzLEi6tpHg6x8R6bENF13Tbu9AP7NqACgAoAKACgAoAKACgAoAKACgAoAKACgAoAKACgAoAKACgAoAKACgAoAKACgAoAKAP8jj/g6B/YL8U/sb/wDBUT4ufEi30O6h+Df7ZGr6x+0P8NfEaWuzTLrxX4luYLr42eFnuYgLb+3NA+JGoajrtzYrtng8NeMvCV5OC2oh2AP9LT/gmb8TfDt//wAEpv2E/ind6hBFoGnfsI/s769r975ieTp3/CL/AAM8KjxVHNKzKgbSL3StTtblnZVWS0k3MACVAP8AJm/4JC/sSeKP+Ckf/BSL4C/A2y0K81TwVf8AxDsvil8d72GMvaeHfgh4M16x8Q/EW81G8KmKyOtWbQeCdDuZ1aOfxX4q8P2XlSveJGwB/sb/ALTn7RPw2/ZJ/Z8+MP7S/wAX72+sPht8E/AWv/EDxZJpdoL/AFi6sNDtGmi0jRLFpbeO813Xb42ui6JazXNrb3Gq6hZxXN3aQNLcRAH8j37D3/B4v8N/2m/2xfAH7PHxe/ZHvfgb8MvjN8QNI+G3w5+KmmfFj/hPdW8O+JPFesW3h/wQPiN4YfwJ4Zs4tI1/Vr6xtdZ1nQtamTwe92sstnrum293qtuAfaH7Xv8AwdcfsH/scftqePP2QPGvwr+PvjS0+EviYeBPil8X/AemeDrvQPDvje3NsmvaXpHhfW/FOi6/4k0vwjc3E2m+JdViOn3g1XTNVtvD2ieI7aKyvdQAP37/AGXf2t/2bf20/hVpHxr/AGXPjD4M+Mvw31fbENb8J6iZbvRtRMMc8mg+LfD17HZ+I/Bnia1ilikvPDXivStH120jliknsEilidwD+Qb/AIOb/wBlbTP+CkX/AAUq/wCCV37EPwJtLXWP2i9T0L4tan+0BrehwRXN78Jf2ada8U/DG40Lxt8RL2GzuTpuh6CNH+L2teGLXU7iIzare/2Zp9jdan430SK9AP7cNE0bTvDui6R4f0i3FppOhaXp+jaZaqSVttO0y0isrK3BYliIbaCKMEkkhcknOaANSgAoAKACgAoAKACgD+bv/grR/wAG1/7N/wDwVY/aP8MftP6/8cfib8CviDB4T0PwN8RLfwjoXh/xbo3j7QPC8l5/wj19a22vTWcvhTxVZWV++kXOrRT6zo99pdjpKnw1Bf215qOpAH66fsM/sC/s1f8ABPL9mzQP2Wf2cvBh0r4c6a2oah4lvfEc0OveKfiV4q1y2t7TxL4z+ImrSWttDr3iDxBBaWtpdIllZ6Np+kWen+HdC0nSfDul6bpNoAfz0w/8Gb//AATif9p/VPjLqnxG+Nt98DbzxXN4ts/2WbS90TRvC9p9pvJb+XwVL8RdOs4/Gz/DuKaUWVhpWnPo/i600WKKxfx1Pdg6lQB/V94J8E+D/hr4P8L/AA9+H3hnQ/BfgbwToOleFvCHhHwzptro/h7w14c0Oyh07R9E0XSrGKCz0/TdNsbeC1s7S3hjihhiREUAUAdRQB//1v7+KACgAoAKACgAoAKACgAoAKACgD52/at/ZU+Bf7a3wG8f/s2/tG+B7Dx98KviNpZ0/WNKuv3GoaZfQN5+j+J/DGrRo134f8WeG9QSHVfD2vWBS606/gjcebbvcW84B/Pt+yp/wR0/4Kj/APBMTwD8a/2cf+Cd37d/7O2t/s1fFnxFrnibwcv7WHwZ8eax8Xv2ftd8RaNaaLqHif4far8OPFdn4K8SeJPsthp088XiPw5Z+C9Q1zS7PxCvgzTZLnXNO1oA+rP+CPH/AAQN/Zx/4JPHxF8UH8W6r+0b+1p48sLnTfF/7QfjPQ7fRX0fSdSuRe6v4e+GnhdtS8QT+FNP1u7WGfxPrOo+I/EHijxPcQL9r1ez0lk0O3AP3moAKACgAoAKACgAoAKACgAoAKACgAoAKACgAoAKACgAoAKACgAoAKACgAoAKACgAoAKACgAoA+dv2rf2VPgX+2t8BvH/wCzb+0b4HsPH3wq+I2lnT9Y0q6/cahpl9A3n6P4n8MatGjXfh/xZ4b1BIdV8Pa9YFLrTr+CNx5tu9xbzgH8+37Kn/BHT/gqP/wTE8A/Gv8AZx/4J3ft3/s7a3+zV8WfEWueJvBy/tYfBnx5rHxe/Z+13xFo1pouoeJ/h9qvw48V2fgrxJ4k+y2GnTzxeI/Dln4L1DXNLs/EK+DNNkudc07WgD6s/wCCPH/BA39nH/gk8fEXxQfxbqv7Rv7WnjywudN8X/tB+M9Dt9FfR9J1K5F7q/h74aeF21LxBP4U0/W7tYZ/E+s6j4j8QeKPE9xAv2vV7PSWTQ7cA/cLxl4R8P8AxA8IeK/Afi3T01bwr428N654R8TaVK8kcWp+H/Eml3Wjazp8kkLxzRpe6de3Ns7xOkirIWjdXAagD+CHSv8AgyRv4P2nIbzVv2y9Evv2PoPFqau+lQeCdXt/2gL/AMGJefbP+EGmmEo8CWesS2YGgy/EG3vpYwS/iOHwFFIU8PIAfqv/AMFZv+DbT4o/8FUPj5o3xG1z/gpDf/CD4IfDXwf4c8CfAD9mu3/Zd/4Trwt8GfDum+HNC03xH/Z/iCL9ovwNH4i1vxj4g0mfXNU8RX3hWy1hdK/4R7wlNd3+k+EtHkQA/K7/AIgYv+sov/mk/wD+VrQAf8QMX/WUX/zSf/8AK1oA/rF+MP8AwSm/Zt/aB/4Jr+BP+CZPxcTWdW+Efw9+D3wl+GPhnxh4ZaLwx4w0DxB8G/C+keH/AAj8TfD3mNrNlYeJIrvSTqtzY6oNe0rUo9R1PSNci1nT9QvVuAD+QHxr/wAGPfxLi8U3Q+HP/BQLwNd+Cpb2d7GXxr8DNf03xTYaezbra3uoNC8farpOrXtuhEM95Dc6LBdsn2mOxshKLS3AP3L/AGSv+Dbfwx4E0bwRov7f37eH7V//AAUe8GfDy+0rWPBv7OfxU8eeOdB/ZG0bVdJb7Rpk2p/BHV/iD8Qf+EvXQ7sRHS7PU/Eth4WuoEmtda8H39jdPYxAH9L+n6fYaTYWOlaVY2mmaXplpbafpum6fbQ2Vhp9hZQpbWdjY2dskdvaWlpbxRwW1tBHHDBDGkUSKiKqgFugAoAKACgAoAKACgAoAKACgAoAKACgAoAKACgAoAKACgAoAKACgAoAKACgAoAKACgD4R/4KIf8E6P2af8Agpx+zzrH7O37S3hu7vNGku117wR468NyWOn/ABD+FnjK3hkgs/F/gPXL6w1O3sNRFvNNYanp9/Y3+ia/pNxcaXrOnXltInlAH4i/D/8A4I9/8FfPgX+xN41/4JhfCD/goV+zBf8A7Ini3TfGngTRPi/47+BHxRT9qf4Y/CH4halqM3i7wF4Mg0X4kyfD27ttS0/Wtbs7a71i8bVdBg1jUrLwxrGhw/8ACPS+GAD9Pv8Agkz/AMEcv2Xv+CRnwm1fwb8Gl1Lx78VvHo0+b4v/AB88ZWNhbeNPHk+mqzWOi6dY2PnWng7wFpFzNc3OieDtPu70xT3Ml7rus+I9XA1RQD7h/a3/AGZvh9+2V+zR8bf2W/im2ow+A/jj8Ptd8Ba7f6NLFDrOjf2pBu0zxFosk8c9sNY8N6xBp2v6Ut5BcWT6hptul7a3No09u4B/Gx+wr/wZxa5+z7+2d8Ofjj+0H+1Z4J+KPwT+CXxH0L4l+D/BfgXwP4i0Dxj8SdW8Fa5a694O07x3/bV9caN4M0Q6rYWF94nsdC1PxncarZW1xoFpf6cNROt2QB9x/wDBW3/g1R+Cf/BQ349+MP2qvgh8etU/Zn+M/wASbm01X4o6Hq/gv/hZHww8deI7e0jsJvFVpYQ+JPC+v+CfEWrW1vaPr89hf65oWqXdp9vj8OWGq6jq2p3oB8Nfsff8GhP7VX7N3j1/GWj/APBXT4ifs/reRR2fiG7/AGRfDPxD+H/jjxNpMckgGkzeMo/ip4Xi0+Lyri5eGW/8P+KLa2nlfbpkvmPJQB/V7+w3/wAE3f2Y/wDgn/ofisfBrR/Fniv4o/Ey7g1P4z/tHfGfxVe/E/8AaJ+NesW5Jg1H4k/E/WYo9Q1KK2JL2Wg6Ra6J4Xsbh57600SLUb2/vLoA+9aACgAoAKACgAoAKACgAoAKACgAoAKAP//X/v4oAKACgAoAKACgAoAKACgAoAKACgAoAKACgAoAKACgAoAKACgAoAKACgAoAKACgAoAKACgAoAKACgAoAKACgAoAKACgAoAKACgAoAKACgAoAKACgAoAKACgAoAKACgAoAKACgAoAKACgAoAKACgAoAKACgAoAKACgAoAKACgAoAKACgAoAKACgAoAKACgAoAKACgAoAKACgAoAKACgAoAKACgAoAKACgAoAKACgAoAKACgAoAKACgAoA//0P7+KACgAoAKACgAoAKACgAoAKACgAoAKACgAoAKACgAoAKACgAoAKACgAoAKACgAoAKACgAoAKACgAoAKACgAoAKACgAoAKACgAoAKACgAoAKACgAoAKACgAoAKACgAoAKACgAoAKACgAoAKACgAoAKACgAoAKACgAoAKACgAoAKACgAoAKACgAoAKACgAoAKACgAoAKACgAoAKACgAoAKACgAoAKACgAoAKACgAoAKACgAoAKACgAoAKAP/9k=</file>
    </questiontext>
    <generalfeedback format="html">
      <text><![CDATA[<p>Rovnice pro regulární uzel A, který má 4 sousední uzly L, P, H, D sestavujeme podle schématu <img src="@@PLUGINFILE@@/pdr_regularni.jpg" alt="" role="presentation" class="img-responsive atto_image_button_right" width="137" height="130"><br></p><p>$$4U(A) - U(L) - U(D) - U(P) - U(H) = h^2 f(x_A, y_A)$$</p><p><br></p><p><br></p><p><br></p><p>Neregulární
uzel (např. N) má sousední hraniční uzel (např.
P) ve vzdálenosti \(\delta h, (0&lt;\delta &lt;1)\),&nbsp;
a na stejné síťové přímce má sousední regulární uzel (např. R) ve
vzdálenosti \(h\). <img src="@@PLUGINFILE@@/pdr_neregularni.jpg" alt="" role="presentation" class="img-responsive atto_image_button_text-bottom" width="300" height="141"><br></p><p>Hledanou
hodnotu U(N) interpolujeme z hodnot v
regulárním uzlu U(R) a v hraničním uzlu u(P)\(=\varphi(P)\), kde \(\varphi(x,y)\) určuje okrajovou podmínku.<br></p><p>$$(1+\delta) U(N) - \delta U(R) = \varphi(P)$$<br></p><p><br></p>]]></text>
<file name="pdr_neregularni.jpg" path="/" encoding="base64">/9j/4AAQSkZJRgABAQAASABIAAD/4QBMRXhpZgAATU0AKgAAAAgAAgESAAMAAAABAAEAAIdpAAQAAAABAAAAJgAAAAAAAqACAAQAAAABAAABLKADAAQAAAABAAAAjQAAAAD/4QkhaHR0cDovL25zLmFkb2JlLmNvbS94YXAvMS4wLwA8P3hwYWNrZXQgYmVnaW49Iu+7vyIgaWQ9Ilc1TTBNcENlaGlIenJlU3pOVGN6a2M5ZCI/PiA8eDp4bXBtZXRhIHhtbG5zOng9ImFkb2JlOm5zOm1ldGEvIiB4OnhtcHRrPSJYTVAgQ29yZSA1LjQuMCI+IDxyZGY6UkRGIHhtbG5zOnJkZj0iaHR0cDovL3d3dy53My5vcmcvMTk5OS8wMi8yMi1yZGYtc3ludGF4LW5zIyI+IDxyZGY6RGVzY3JpcHRpb24gcmRmOmFib3V0PSIiLz4gPC9yZGY6UkRGPiA8L3g6eG1wbWV0YT4gICAgICAgICAgICAgICAgICAgICAgICAgICAgICAgICAgICAgICAgICAgICAgICAgICAgICAgICAgICAgICAgICAgICAgICAgICAgICAgICAgICAgICAgICAgICAgICAgICAgICAgICAgICAgICAgICAgICAgICAgICAgICAgICAgICAgICAgICAgICAgICAgICAgICAgICAgICAgICAgICAgICAgICAgICAgICAgICAgICAgICAgICAgICAgICAgICAgICAgICAgICAgICAgICAgICAgICAgICAgICAgICAgICAgICAgICAgICAgICAgICAgICAgICAgICAgICAgICAgICAgICAgICAgICAgICAgICAgICAgICAgICAgICAgICAgICAgICAgICAgICAgICAgICAgICAgICAgICAgICAgICAgICAgICAgICAgICAgICAgICAgICAgICAgICAgICAgICAgICAgICAgICAgICAgICAgICAgICAgICAgICAgICAgICAgICAgICAgICAgICAgICAgICAgICAgICAgICAgICAgICAgICAgICAgICAgICAgICAgICAgICAgICAgICAgICAgICAgICAgICAgICAgICAgICAgICAgICAgICAgICAgICAgICAgICAgICAgICAgICAgICAgICAgICAgICAgICAgICAgICAgICAgICAgICAgICAgICAgICAgICAgICAgICAgICAgICAgICAgICAgICAgICAgICAgICAgICAgICAgICAgICAgICAgICAgICAgICAgICAgICAgICAgICAgICAgICAgICAgICAgICAgICAgICAgICAgICAgICAgICAgICAgICAgICAgICAgICAgICAgICAgICAgICAgICAgICAgICAgICAgICAgICAgICAgICAgICAgICAgICAgICAgICAgICAgICAgICAgICAgICAgICAgICAgICAgICAgICAgICAgICAgICAgICAgICAgICAgICAgICAgICAgICAgICAgICAgICAgICAgICAgICAgICAgICAgICAgICAgICAgICAgICAgICAgICAgICAgICAgICAgICAgICAgICAgICAgICAgICAgICAgICAgICAgICAgICAgICAgICAgICAgICAgICAgICAgICAgICAgICAgICAgICAgICAgICAgICAgICAgICAgICAgICAgICAgICAgICAgICAgICAgICAgICAgICAgICAgICAgICAgICAgICAgICAgICAgICAgICAgICAgICAgICAgICAgICAgICAgICAgICAgICAgICAgICAgICAgICAgICAgICAgICAgICAgICAgICAgICAgICAgICAgICAgICAgICAgICAgICAgICAgICAgICAgICAgICAgICAgICAgICAgICAgICAgICAgICAgICAgICAgICAgICAgICAgICAgICAgICAgICAgICAgICAgICAgICAgICAgICAgICAgICAgICAgICAgICAgICAgICAgICAgICAgICAgICAgICAgICAgICAgICAgICAgICAgICAgICAgICAgICAgICAgICAgICAgICAgICAgICAgICAgICAgICAgICAgICAgICAgICAgICAgICAgICAgICAgICAgICAgICAgICAgICAgICAgICAgICAgICAgICAgICAgICAgICAgICAgICAgICAgICAgICAgICAgICAgICAgICAgICAgICAgICAgICAgICAgICAgICAgICAgICAgICAgICAgICAgICAgICAgICAgICAgICAgICAgICAgICAgICAgICAgICAgICAgICAgICAgICAgICAgICAgICAgICAgICAgICAgICAgICAgICAgICAgICAgICAgICAgICAgICAgICAgICAgICAgICAgICAgICAgICAgICAgICAgICAgICAgICAgICAgICAgICAgICAgICAgICAgICAgICAgICAgICAgICAgICAgICAgICAgICAgICAgICAgICAgICAgICAgICAgICAgICAgICAgICAgICAgICAgICAgICAgICAgICAgICAgICAgICAgICAgICAgICAgICAgICAgICAgICAgICAgICAgICAgICAgICAgICAgICAgICAgICAgICAgICAgICAgICAgICAgICAgICAgICAgICAgICAgICAgICAgICAgICAgICAgICAgICAgICAgICAgICAgICAgICAgICAgICAgICAgICAgICAgICAgICAgICAgICAgICAgICAgICAgICAgICAgICAgICAgICAgICAgICAgICAgICAgICAgICAgICAgICAgICAgICAgICAgICAgICAgICAgICAgICAgICAgICAgICAgICAgICAgICAgICAgICAgICAgICAgICAgICAgICAgICAgICAgICAgICAgICAgICAgICAgICAgICAgICAgICAgICAgICAgICAgICAgICAgICAgICAgICAgICAgICAgICAgICAgICAgICAgICAgICAgICAgICAgICAgICAgICAgICAgICAgICAgICAgICAgICAgICAgICAgICAgICAgICAgICAgICAgICAgICAgICAgICAgICAgICAgICAgICAgICAgICAgICAgICAgICAgICAgICAgICAgICAgICAgICAgICAgICAgICAgICAgICAgICAgICAgICAgICAgICAgICAgICAgICA8P3hwYWNrZXQgZW5kPSJ3Ij8+AP/tADhQaG90b3Nob3AgMy4wADhCSU0EBAAAAAAAADhCSU0EJQAAAAAAENQdjNmPALIE6YAJmOz4Qn7/4htESUNDX1BST0ZJTEUAAQEAABs0YXBwbAIQAABtbnRyUkdCIFhZWiAH5AABAAEACAAyADRhY3NwQVBQTAAAAABBUFBMAAAAAAAAAAAAAAAAAAAAAAAA9tYAAQAAAADTLWFwcGwAAAAAAAAAAAAAAAAAAAAAAAAAAAAAAAAAAAAAAAAAAAAAAAAAAAAAAAAAAAAAABFkZXNjAAABUAAAAGJkc2NtAAABtAAABDZjcHJ0AAAF7AAAACN3dHB0AAAGEAAAABRyWFlaAAAGJAAAABRnWFlaAAAGOAAAABRiWFlaAAAGTAAAABRyVFJDAAAGYAAACAxhYXJnAAAObAAAACB2Y2d0AAAOjAAABhJuZGluAAAUoAAABj5jaGFkAAAa4AAAACxtbW9kAAAbDAAAAChiVFJDAAAGYAAACAxnVFJDAAAGYAAACAxhYWJnAAAObAAAACBhYWdnAAAObAAAACBkZXNjAAAAAAAAAAhEaXNwbGF5AAAAAAAAAAAAAAAAAAAAAAAAAAAAAAAAAAAAAAAAAAAAAAAAAAAAAAAAAAAAAAAAAAAAAAAAAAAAAAAAAAAAAAAAAAAAAAAAAAAAAAAAAAAAbWx1YwAAAAAAAAAjAAAADGhySFIAAAAUAAABtGtvS1IAAAAMAAAByG5iTk8AAAASAAAB1GlkAAAAAAASAAAB5mh1SFUAAAAUAAAB+GNzQ1oAAAAWAAACDGRhREsAAAAcAAACIm5sTkwAAAAWAAACPmZpRkkAAAAQAAACVGl0SVQAAAAUAAACZHJvUk8AAAASAAACeGVzRVMAAAASAAACeGFyAAAAAAAUAAACinVrVUEAAAAcAAACnmhlSUwAAAAWAAACunpoVFcAAAAMAAAC0HZpVk4AAAAOAAAC3HNrU0sAAAAWAAAC6npoQ04AAAAMAAAC0HJ1UlUAAAAkAAADAGZyRlIAAAAWAAADJG1zAAAAAAASAAADOmhpSU4AAAASAAADTHRoVEgAAAAMAAADXmNhRVMAAAAYAAADamVzWEwAAAASAAACeGRlREUAAAAQAAADgmVuVVMAAAASAAADknB0QlIAAAAYAAADpHBsUEwAAAASAAADvGVsR1IAAAAiAAADznN2U0UAAAAQAAAD8HRyVFIAAAAUAAAEAHB0UFQAAAAWAAAEFGphSlAAAAAMAAAEKgBMAEMARAAgAHUAIABiAG8AagBpzuy37AAgAEwAQwBEAEYAYQByAGcAZQAtAEwAQwBEAEwAQwBEACAAVwBhAHIAbgBhAFMAegDtAG4AZQBzACAATABDAEQAQgBhAHIAZQB2AG4A/QAgAEwAQwBEAEwAQwBEAC0AZgBhAHIAdgBlAHMAawDmAHIAbQBLAGwAZQB1AHIAZQBuAC0ATABDAEQAVgDkAHIAaQAtAEwAQwBEAEwAQwBEACAAYwBvAGwAbwByAGkATABDAEQAIABjAG8AbABvAHIgDwBMAEMARAAgBkUGRAZIBkYGKQQaBD4EOwRMBD4EQAQ+BDIEOAQ5ACAATABDAEQgDwBMAEMARAAgBeYF0QXiBdUF4AXZX2mCcgAgAEwAQwBEAEwAQwBEACAATQDgAHUARgBhAHIAZQBiAG4A/QAgAEwAQwBEBCYEMgQ1BEIEPQQ+BDkAIAQWBBoALQQ0BDgEQQQ/BDsENQQ5AEwAQwBEACAAYwBvAHUAbABlAHUAcgBXAGEAcgBuAGEAIABMAEMARAkwCQIJFwlACSgAIABMAEMARABMAEMARAAgDioONQBMAEMARAAgAGUAbgAgAGMAbwBsAG8AcgBGAGEAcgBiAC0ATABDAEQAQwBvAGwAbwByACAATABDAEQATABDAEQAIABDAG8AbABvAHIAaQBkAG8ASwBvAGwAbwByACAATABDAEQDiAOzA8cDwQPJA7wDtwAgA78DuAPMA70DtwAgAEwAQwBEAEYA5AByAGcALQBMAEMARABSAGUAbgBrAGwAaQAgAEwAQwBEAEwAQwBEACAAYQAgAEMAbwByAGUAczCrMOkw/ABMAEMARAAAdGV4dAAAAABDb3B5cmlnaHQgQXBwbGUgSW5jLiwgMjAyMAAAWFlaIAAAAAAAAPNSAAEAAAABFs9YWVogAAAAAAAAYWwAADgyAAAKQlhZWiAAAAAAAABvHAAArpUAABaZWFlaIAAAAAAAACZOAAAZOQAAslJjdXJ2AAAAAAAABAAAAAAFAAoADwAUABkAHgAjACgALQAyADYAOwBAAEUASgBPAFQAWQBeAGMAaABtAHIAdwB8AIEAhgCLAJAAlQCaAJ8AowCoAK0AsgC3ALwAwQDGAMsA0ADVANsA4ADlAOsA8AD2APsBAQEHAQ0BEwEZAR8BJQErATIBOAE+AUUBTAFSAVkBYAFnAW4BdQF8AYMBiwGSAZoBoQGpAbEBuQHBAckB0QHZAeEB6QHyAfoCAwIMAhQCHQImAi8COAJBAksCVAJdAmcCcQJ6AoQCjgKYAqICrAK2AsECywLVAuAC6wL1AwADCwMWAyEDLQM4A0MDTwNaA2YDcgN+A4oDlgOiA64DugPHA9MD4APsA/kEBgQTBCAELQQ7BEgEVQRjBHEEfgSMBJoEqAS2BMQE0wThBPAE/gUNBRwFKwU6BUkFWAVnBXcFhgWWBaYFtQXFBdUF5QX2BgYGFgYnBjcGSAZZBmoGewaMBp0GrwbABtEG4wb1BwcHGQcrBz0HTwdhB3QHhgeZB6wHvwfSB+UH+AgLCB8IMghGCFoIbgiCCJYIqgi+CNII5wj7CRAJJQk6CU8JZAl5CY8JpAm6Cc8J5Qn7ChEKJwo9ClQKagqBCpgKrgrFCtwK8wsLCyILOQtRC2kLgAuYC7ALyAvhC/kMEgwqDEMMXAx1DI4MpwzADNkM8w0NDSYNQA1aDXQNjg2pDcMN3g34DhMOLg5JDmQOfw6bDrYO0g7uDwkPJQ9BD14Peg+WD7MPzw/sEAkQJhBDEGEQfhCbELkQ1xD1ERMRMRFPEW0RjBGqEckR6BIHEiYSRRJkEoQSoxLDEuMTAxMjE0MTYxODE6QTxRPlFAYUJxRJFGoUixStFM4U8BUSFTQVVhV4FZsVvRXgFgMWJhZJFmwWjxayFtYW+hcdF0EXZReJF64X0hf3GBsYQBhlGIoYrxjVGPoZIBlFGWsZkRm3Gd0aBBoqGlEadxqeGsUa7BsUGzsbYxuKG7Ib2hwCHCocUhx7HKMczBz1HR4dRx1wHZkdwx3sHhYeQB5qHpQevh7pHxMfPh9pH5Qfvx/qIBUgQSBsIJggxCDwIRwhSCF1IaEhziH7IiciVSKCIq8i3SMKIzgjZiOUI8Ij8CQfJE0kfCSrJNolCSU4JWgllyXHJfcmJyZXJocmtyboJxgnSSd6J6sn3CgNKD8ocSiiKNQpBik4KWspnSnQKgIqNSpoKpsqzysCKzYraSudK9EsBSw5LG4soizXLQwtQS12Last4S4WLkwugi63Lu4vJC9aL5Evxy/+MDUwbDCkMNsxEjFKMYIxujHyMioyYzKbMtQzDTNGM38zuDPxNCs0ZTSeNNg1EzVNNYc1wjX9Njc2cjauNuk3JDdgN5w31zgUOFA4jDjIOQU5Qjl/Obw5+To2OnQ6sjrvOy07azuqO+g8JzxlPKQ84z0iPWE9oT3gPiA+YD6gPuA/IT9hP6I/4kAjQGRApkDnQSlBakGsQe5CMEJyQrVC90M6Q31DwEQDREdEikTORRJFVUWaRd5GIkZnRqtG8Ec1R3tHwEgFSEtIkUjXSR1JY0mpSfBKN0p9SsRLDEtTS5pL4kwqTHJMuk0CTUpNk03cTiVObk63TwBPSU+TT91QJ1BxULtRBlFQUZtR5lIxUnxSx1MTU19TqlP2VEJUj1TbVShVdVXCVg9WXFapVvdXRFeSV+BYL1h9WMtZGllpWbhaB1pWWqZa9VtFW5Vb5Vw1XIZc1l0nXXhdyV4aXmxevV8PX2Ffs2AFYFdgqmD8YU9homH1YklinGLwY0Njl2PrZEBklGTpZT1lkmXnZj1mkmboZz1nk2fpaD9olmjsaUNpmmnxakhqn2r3a09rp2v/bFdsr20IbWBtuW4SbmtuxG8eb3hv0XArcIZw4HE6cZVx8HJLcqZzAXNdc7h0FHRwdMx1KHWFdeF2Pnabdvh3VnezeBF4bnjMeSp5iXnnekZ6pXsEe2N7wnwhfIF84X1BfaF+AX5ifsJ/I3+Ef+WAR4CogQqBa4HNgjCCkoL0g1eDuoQdhICE44VHhauGDoZyhteHO4efiASIaYjOiTOJmYn+imSKyoswi5aL/IxjjMqNMY2Yjf+OZo7OjzaPnpAGkG6Q1pE/kaiSEZJ6kuOTTZO2lCCUipT0lV+VyZY0lp+XCpd1l+CYTJi4mSSZkJn8mmia1ZtCm6+cHJyJnPedZJ3SnkCerp8dn4uf+qBpoNihR6G2oiailqMGo3aj5qRWpMelOKWpphqmi6b9p26n4KhSqMSpN6mpqhyqj6sCq3Wr6axcrNCtRK24ri2uoa8Wr4uwALB1sOqxYLHWskuywrM4s660JbSctRO1irYBtnm28Ldot+C4WbjRuUq5wro7urW7LrunvCG8m70VvY++Cr6Evv+/er/1wHDA7MFnwePCX8Lbw1jD1MRRxM7FS8XIxkbGw8dBx7/IPci8yTrJuco4yrfLNsu2zDXMtc01zbXONs62zzfPuNA50LrRPNG+0j/SwdNE08bUSdTL1U7V0dZV1tjXXNfg2GTY6Nls2fHadtr724DcBdyK3RDdlt4c3qLfKd+v4DbgveFE4cziU+Lb42Pj6+Rz5PzlhOYN5pbnH+ep6DLovOlG6dDqW+rl63Dr++yG7RHtnO4o7rTvQO/M8Fjw5fFy8f/yjPMZ86f0NPTC9VD13vZt9vv3ivgZ+Kj5OPnH+lf65/t3/Af8mP0p/br+S/7c/23//3BhcmEAAAAAAAMAAAACZmYAAPKnAAANWQAAE9AAAApbdmNndAAAAAAAAAAAAAMBAAACAAAAVgEuAesCxAODBFMFQAYnBxoIGAkfCj0LTgxrDZAOuQ/sES0SZROjFOMWKhd5GL8aDxtXHKQd8x88IIQhzSMRJFIljSbLKAApMypmK5csyi33LygwUTGAMqsz1TUCNjE3XTiKObY64TwNPTg+YD+JQLFB3EMIRDZFY0aQR7hI3koBSyRMR01qTo9PtFDYUfhTFlQzVU9WbVeNWK5Zy1rhW/Bc9137XwBgCmEZYi1jQWRSZV9mZWdhaFNpPGogawFr4Gy/baBug29ocFBxOHIgcwhz73TWdb52qHeTeH55bHpZe0l8PX03fjZ/OYBBgUuCV4NlhHSFhYaUh6SIs4nAisyL1ozfjeeO7Y/ykPWR9pL1k/WU+pYElxWYLJlHmmObf5yYna6ev5/LoNSh2qLgo+mk9KYDpxWoKqlCqlyrd6yUrbKu0a/xsRGyM7NTtHO1kLapt7q4wbnDusC7u7y1va++qb+jwJ3BlcKKw3zEasVTxjbHGMf5yODJz8rGy8PMwc28zq/PmNBz0UPSDdLT05vUZtU11gXW19eo2HbZQNoG2sfbgNw13Ofdkd473uPfjeA74Ovhn+JS4wPjr+RV5PnllOYs5r/nUufk6IXpL+nk6qjrbuwz7PXtr+5j7xHvtfBQ8ObxfPIX8sbzj/Ru9WH2ZveK+OT6xf0u//8AAABWASMBsAJqAzID6ASxBYAGWAc9CC0JJwonCyIMMA06DlEPYxB+EZ8SvhPpFRAWOBdhGIgZtBreHAsdMx5bH4AgoSG/Itsj9SULJh8nNShJKWAqeSuTLLEtzC7oMAQxITI8M1o0dDWLNqQ3uTjNOeI69DwGPRs+MT9NQGxBj0KwQ9BE7UYIRx1IMklFSlVLY0xuTXhOfk+DUIVRhlKIU4pUjFWKVoRXeVhoWVRaRFs/XEZdWl53X5VgsGHCYspjxWS1ZZxme2dXaDBpDGnsatBrumypbZtuj2+CcHJxXHJAcx9z+3TVda12hndieEV5MHokex18GX0VfhB/Bn/2gOKByoKxg5WEd4VdhkqHRIhMiWGKgYuljMaN3o7uj/WQ95H1kvOT8JTtleyW7pf4mRCaOZtunKadzp7jn+mg5aHfotmj0aTIpb6mvKfKqO2qIatdrJyt2a8UsE6xiLLCs/m1LrZkt5u40roFuzS8X72Fvqa/vMC+warCkMN9xHfFgMaPx53Io8meyo7LdcxTzS3OBM7az7LQi9Fq0lHTRdRF1VHWYtd12ITZh9p922bcQ90a3ezeud+H4FjhLeII4ubjw+Sd5XHmQOcM59Too+l/6mnrZOxo7W3ucO9w8HDxcvJ283n0d/Vp9kf3D/ez+EX4y/la+e360PwM/dr//wAAACsAxAFLAdgCZQMGA48EKwTPBXoGLwbpB6UIaAkvCfkKygufDHcNUg4yDw4P9hDZEcASqROTFH0VZxZSFz0YKRkVGfwa6BvSHL4drh6jH5sgliGUIo8jhiR2JWEmRScgJ/gozCmfKnMrSCwhLQIt6S7XL8gwujGqMpgzgDRgNTk2BjbPN5U4WDkZOdk6nTtkPDI9Bj3ePrY/j0BoQURCJkMQRABE80XnRtZHu0iWSWVKJUrgS5hMT00HTcNOg09JUBhQ6lG+UpNTaFQ7VQ1V3latV3xYSlkVWd9aqFtvXDVc+V29XoBfQ2AIYNFhnGJrYzxkDGTaZadmcWc4Z/xov2mAakBrAGvAbIFtQ24EbsVvhXBBcPhxq3JZcwFzqXRPdPR1mHY8dt53gHgdeL15YHoWetp7q3yDfVh+KH72f8OAk4FngkSDKoQYhQuGAIb0h+OIzYmvioyLYYw0jQeN2o6wj4qQa5FHkhKSxpNbk+yUepVBlkKXiJkImoqb5J0ZnjKfOaA5oTWiL6MopCGlGaYRpwqoCakPqiGrPaxgrYeura/TsPyyKLNatJK10bcUuFm5nLrXvAW9Kb5Hv2LAf8Gewr7D38T/xiHHQ8hnyYzKscvWzP3OKc9b0JfR3tMy1I3V7tdT2LnaIduV3S/fDuF35Ivoee1O8vb5Uf//AABuZGluAAAAAAAABjYAAJOVAABWjQAAVukAAJG3AAAmuwAAFwoAAFANAABUOQACh64AAkeuAAFrhQADAQAAAgAAAAEABAAIAA8AFgAfACkANABAAEwAWgBpAHgAiQCaAKwAvgDSAOYA/AESASkBQAFZAXMBjQGpAcUB4wIBAiECQgJkAocCrALSAvoDIwNNA3oDqAPXBAgEOgRtBKME2QUSBUsFhgXDBgEGQAaABsIHBQdKB5AH2AghCGwIuQkHCVcJqAn6Ck0KoQr3C04LqAwEDGIMww0lDYkN7g5UDrwPJQ+REAAQcRDkEVkRzxJGEr0TOBO2FDoUwxVSFeMWdRcGF5YYJhi4GU4Z6BqIGzEb4xyfHWIeKx74H8YglSFkIjQjBiPbJLMljyZsJ0soKykNKfAq1Su7LJ4tfi5cLzkwFDDwMc0yqjOJNGg1SjYuNxU3/zjtOd460jvKPMU9xD7HP85A2kHoQvZEAEUGRghHCEgISQlKDEsUTCFNNE5OT25QlFG8UuVUDVU0VllXfVigWcRa51wLXTBeVl98YKRhzmL4ZCRlU2aFZ7xo+mpDa5ls+W5jb9JxRnK8dDR1r3cteLF6PHvQfW9/HIDWgpSETIX2h5SJLIrFjGWOFY/fkc2T3ZX/mCCaOZxMnl+geaKgpNqnLamgrDCu4LGhtF63C7muvF2/K8IfxUbIoswMzyjR9tSR1yjZ0dye35fi0uZg6fntEu+s8gD0MPY59//5ivq4+9T8u/2j/nD/N///AAAAAQAFAAoAEgAbACYAMgA/AE0AXABtAH4AkQCkALkAzwDlAP0BFgEvAUoBZgGDAaIBwQHiAgQCJwJMAnICmgLDAu8DHANLA3wDrwPkBBoEUgSLBMUFAQU9BXsFuwX8Bj8GgwbJBxAHWQelB/IIQQiTCOYJOwmTCewKRgqhCvwLWAu0DBIMcgzUDTkNoA4LDngO5w9ZD84QRhDAET4RvxJDEsoTUxPdFGoU+hWPFioWyxdxGBYYthlRGeYaeRsNG6QcQBzkHZEeSh8OH90gsyGOImkjQiQYJOslvSaQJ2YoQiklKhIrCCwFLQguDi8SMBExCDH5Mugz1zTKNcE2wTfKONs58jsOPDA9UT5pP3RAckFoQlhDR0Q5RTRGOEdHSF9JfkqhS8dM8E4bT0VQa1GGUpRTl1SVVZRWoFe/WPFaNVuAXM1eHl90YM9iI2NmZJVltWbOZ+Ro+2oWazNsVG12bppvwHDqchdzRnR2dad22ngQeU16j3vYfSZ+fX/jgWeDEITKhnSIBomHiwSMiI4bj8ORgpNYlUOXO5k7mzudOZ8poQSixqR2phunvaliqxWs3a7FsM+y9bUxt3y5y7wPvkTAcsKmxOnHQsmyzDHOnNDd0vTU8dbn2OPa6Nz03wHhCuMU5STnSOmW7DfvivOm92z5zvuE/MP99P75//8AAAACAAgAEQAeAC0APgBRAGYAfQCWALAAzADqAQkBKwFNAXIBmAHAAeoCFgJEAnQCpgLaAxEDSQOEA8AD/QQ7BHoEugT8BUEFigXXBikGgQbdBz4HoggICG8I1Ak5CZ0KAgpqCtULRAu7DDkMwQ1QDeYOgg8hD8AQXBD2EZASLRLNE24UDRSoFUIV3BZ5Fx4XzhiOGWIaQhsqHBQc+x3dHrgfkiBtIUwiMCMYJAYk+SXxJu8n8yj9Kg4rJCxALWAugC+dMLgx0zLzNBo1STaCN8M5DDpcO7A9Bz5gP75BIkKTRBZFrkdaSRFK0UyaTm9QVVIyU9pVWlbMWEhZ01tmXPheg2ABYXBi1WQ3ZZxnCWiBagpro21NbwBwt3JvdB51w3d1eWR77n6kgHmB1oL8hAKFCIYQhzOIc4nUi1WM6Y6IkC6R2ZOIlTuW8Zipml6cCp2nnzegvaI/o8ClRKbKqFCp1KtUrNCuRq+5sSiyl7QItX22/LiJuia70L2CvzbA6cKcxE/GBMe7yXPLK8zkzp7QWNIU09LVj9dK2P/arNxP3ejfdeD94oLkA+WC5wLog+oE63/s7u5G73nwnfGN8nXzRPP39Kr1TvXb9mj29vd29+n4XPjP+UP5q/oN+nD60vs1+5j78fxJ/KL8+/1U/a3+A/5Y/qz/Af9V/6r//wAAc2YzMgAAAAAAAQxCAAAF3v//8yYAAAeSAAD9kf//+6L///2jAAAD3AAAwGxtbW9kAAAAAAAABhAAAJzfAAAAAMoq1YAAAAAAAAAAAAAAAAAAAAAA/8AAEQgAjQEsAwERAAIRAQMRAf/EAB8AAAEFAQEBAQEBAAAAAAAAAAABAgMEBQYHCAkKC//EALUQAAIBAwMCBAMFBQQEAAABfQECAwAEEQUSITFBBhNRYQcicRQygZGhCCNCscEVUtHwJDNicoIJChYXGBkaJSYnKCkqNDU2Nzg5OkNERUZHSElKU1RVVldYWVpjZGVmZ2hpanN0dXZ3eHl6g4SFhoeIiYqSk5SVlpeYmZqio6Slpqeoqaqys7S1tre4ubrCw8TFxsfIycrS09TV1tfY2drh4uPk5ebn6Onq8fLz9PX29/j5+v/EAB8BAAMBAQEBAQEBAQEAAAAAAAABAgMEBQYHCAkKC//EALURAAIBAgQEAwQHBQQEAAECdwABAgMRBAUhMQYSQVEHYXETIjKBCBRCkaGxwQkjM1LwFWJy0QoWJDThJfEXGBkaJicoKSo1Njc4OTpDREVGR0hJSlNUVVZXWFlaY2RlZmdoaWpzdHV2d3h5eoKDhIWGh4iJipKTlJWWl5iZmqKjpKWmp6ipqrKztLW2t7i5usLDxMXGx8jJytLT1NXW19jZ2uLj5OXm5+jp6vLz9PX29/j5+v/bAEMAAQEBAQEBAQEBAQEBAQEBAQEBAQEBAQEBAQEBAQEBAQEBAQEBAQEBAQEBAQEBAQEBAQEBAQEBAQEBAQEBAQEBAf/bAEMBAQEBAQEBAQEBAQEBAQEBAQEBAQEBAQEBAQEBAQEBAQEBAQEBAQEBAQEBAQEBAQEBAQEBAQEBAQEBAQEBAQEBAf/dAAQAJv/aAAwDAQACEQMRAD8A/v4oAKACgAoAKACgAoAKACgAoA/M/wCAvwG+HHxO1b9o3Wde0Z7Hxbof7Xnxj1jRfGOgXVxoviXT9Xt38T6Bo2oSajp81vJqn9h6f4s1aTSbLV1v9PtbmeOdLUtGoX77ju3Jwe0rX4K4fvbq1hIq+y107s+P4Rb5uJU23binOd+l8S3b8f6+GPta6V+1B8F4o/7J1mz/AGhvAWkWtvG2m+IVTS/i1beH/CXwvmNw9trNsI7Hxx478f8AxG02JV/tCCwsdPtNcwPltd1fAn2B3vgj9pv4beK9Zbwhrdxe/D3x9b3y6LeeDvG8DaNevr8Hg3RfHOt6Vol9cLFYeIx4c0PXrF9av9JlmsrOcXELyh4JdgB9DI6SKskbK6OoZHRgyurDKsrDIZWHIIOCORnIoAdQAUAFABQAUAFABQAUAFABQAUAFABQAUAFABQAUAFABQAUAFABQAUAFAH/0P7+KAIbieG1gnurmRYbe2hknnmc4SKGFDJLI55wqIpZjjgDPNVCEqk4U4RcpzlGEIreUpNKMVvq20lp95M5xpwlUm1GEIynKT2jGKvJvySV2eU/B/48/B34/wCiav4j+DPxC8O/EXQ9A1248M6zqfhy5kubbTtetILe5udLuWkihK3UNvdW8rIFI2TRkO2Rt+g4k4S4k4QxWGwXE2T4zJsVi8LDHYahjYRhOthKk5whXgoyknTlOnOKejvF37R8Hh3ivhzi3DYjGcN5vg84wuExU8Fia+DnKcKOLpwhOdCblGNqkYVISaV9JJ6XsR6B8f8A4M+Kfip4o+CPh74i+G9W+LPguxXUvFXgOzupH17Q7BjbqtzfW5hSOOMm6th8srkecmQMks8XwjxLgMhwPFGMybG4fh/M6ro4DNqlNLCYqqua8KU+ZtytCe8V8Ls3qThOLeG8dnuO4YwecYLEZ/ltL22PyqnNvF4Wk+T95Vhayj+8hs38Svv7vk8n7ZXwxk/a5j/Y10uz1zWfiZb+B38d6/fafbpLoPhnTdlrLFbavdbi0V3Pb3+nzIgUYF7Ah+YsU+gXhrnkfDx+JVerhcNkc80WVYSlWlKOLx1e9SMp4eG0qcJUa0W3v7ObXQ8B+I+SS8QV4cUKeKxOdwyt5ri6tGKlhMFQtTcYYie8ako1qMktf4kU7N3MjxZ/wUR/Yi8DeKdb8E+Lv2lfhjoPivw3qt3oeu6Hf6vOl7pmrWMzW95Y3SpaSRrPbzo0UgV3CupGTiujL/BvxRzXAYXNMu4Iz3F5fjaFPFYXFUsNF0q+HqxU6dWneqm4Ti1KLfLdO9nY58f4weGOV4/FZZmHGuSYTMMFiKmFxWFq4iaq0MRSlyVKU0qdlOEk4y6J+h6f4q/aT+GWj/Afxh+0N4U1e3+J3gHwf4cv/E91ceArq21ma90/S0Wa/Fp5UjKs9pbGS6nimETxQQyO6DFeHgOCc8xPFmW8HZhhp5Fm2ZY2lgacM2pzw0adau+Wi58yu41J2pwlFyUpzST6y9zH8aZJhuFcx4wwGIjnmU5dg6uNnPKakMTKrSoJSq+z5dOanBupNSScYRcmlY2v2fPjp4I/aU+D3gf41/Dyeebwp460iPVLCO7VUvrGUO8N7pl/GpIivtOu45bS7j42TROMcVy8YcK5pwTxHmvDGcwjHH5ViHQqyptulVjZSpV6Mmk5Uq1OUalOVtYyW508I8U5Zxpw7lfE2TynLAZrh1XpKokqtKV3GpRqxWkatGopU6kdbSi9tj2avmj6QKAPjT9kP5dW/anT+7+1R8VW/wC/t9bzfr5mfxr7/jrWhwY+/BmSr/wGlKP6dvvPjuEv4vFC7cUZp+M4S7vv2XlezPsuvgD7E4P4g/DDwB8VNDvvDvxA8K6R4m0y+0jXdCf7fbD7faaZ4n02XR9ft9K1aAw6ro7arpkr2V5caVeWdxLAQjSkKm0A+fNT+DHxm+GP9r6x+z/8TJdWsz/wmOtWnwk+LMsus+FLnV9Q0jwxpvgzwzonimFV17wV4M8My6Nq159itV1G5up9bl825KxIFANNP2p9H8Kaxe6B8bfB3iT4RTWs/jOa08T6xB/aHgTU/DXg3WvDnh4eLpPEtkr22hWPinVPFGmr4X0nVturXsTTZjJt5ioB9O6dqmm6vAbrStQs9Rt1lkgeayuYbqOOeFtk1vI0LuI54XBSaB9ssTgpIisCKAL9ABQAUAFABQAUAFABQAUAFABQAUAFABQAUAFABQAUAFABQAUAFAH/0f7+KAOa8Z/8if4r/wCxa13/ANNd1Xblv/IxwH/Ybhf/AE/TOLMv+Rdj/wDsCxX/AKYqH4Qf8G8f/JuH7RX/AGc94l/9QzwbX9YfTG/5LXg3/shsH/6tM0P5V+iB/wAkbxj/ANlvi/8A1WZaYH7J/wDynT/bU/7Jxd/+lvgyuvxA/wCUVPDL/sdUv/TWaHJwB/ylL4lf9iet/wCnctJ/+CS903xf/bo/4KQftA67GbvVJvHtl4P8OXkx3yaXoo17xLNNpdu5yVt1sLPQIAikAR2MI24Cmp+kHT/1c8KvBbhDCv2dCOU1MxxtOPurEYr6pglCvUS0dT2tXGTbtvVltdl+AFR8ReKXjLxbil7WvLNaeXYKrLV0MN9bxspUIPW0PZUsJBK+1GO1mj8yvg78ZP2LvhB+1v8A8FIbr9sf4b3XxG0jXPiRqVr4Ks7fwVeeKhaXdv4r8dLrkcl/bPHH4dOopeaTDFeXEqLK8WUJNswr9w4k4a8TOI/DvwVh4bZ1DJsThMkw1TNKk8zp4B1ac8tyh4RxpTUnjfYypYmcqUFeKlrfmSPxPh3iPw14d8QPGafiNk085w+KzrEQyylDLamOVOpDMM2+tRdWDUcG6yq0IxqzcVJx0fuM/T3/AIIb/AbxdF+zx+0FrHi3SbnSPgZ+0D4h1T/hWfg7UL6K/wA+D9R0u80fVNQ8uKWeK3i1Kzu49PaI+XLI1g8s0Qd8V+GfSm4sy58ZcIYfLsRDEcVcIYSh/beZUaUqVsyoV6WJoUeaSjKcqFWnKsmlKK9soxk+U/b/AKL3CmYLg/i3E5jh54fhfi7F1/7Ey2tVVZf2dWo1cPXrcqdoRrU6kaPLdN+xcpJNpnSf8ECfFeqL8Ev2gfg/q11I4+E3x+8TWGiWDMSml6JrFpZX72sKn7kb62dXuMDALStwMYrh+lvl+HfFHCPEeHgk+IeEcDWxVZb18VhqlWkpy7tYX6tDfaPW52/ROx9dcM8XcO4ipKX9gcW42jhaLd1QwuIp0qjhHspYr6xOyS1k9re9++FfyUf1eFAHxn+yT8viP9rCP+5+1F8QW/7/AEGlz+3XzM/j3619/wAca4TgmXfg3K1/4DKtHu+3ZHx/Cn+8cVL/AKqbH/jGk/18/wBI/ZlfAH2AUAFAGfqukaVrthcaVremafrOl3fli603VbK21CwuRDNHcQi4s7uKa3m8q4iinj8yNvLmjjlXa6K1AHy7rX7K1ho17fa/8CfHnif4I+I9QuNSu7qDSXHiPwPe6h4o+JGl/EHxzr+peCtblktLvxN4kFvrGgpqy3sCaVp+u3IsrRfJgVQCjH8bvjL8MZrOw+Onwmn1jT7u+s7GD4gfBpbvxJoxv/FXxPu/BvgvQ7rwrdqviO3u4fDU2heKPGOuc6Jo0d1qHls0NkTQB9A+Avin8O/ihpdvrPgDxhofimwuY7qaGTTLxHnaCz1K80e5uDZyeTeLbRapp99YfaXtxbvdWdxFHIzRPQB39ABQAUAFABQAUAFABQAUAFABQAUAFAFa1vLS+i+0WN1bXkBd4xNazxXEReJzHInmRM6b43Vkdc5V1KnkGrnTqU5ctSE6crJ8s4uMrNJp2kk7NNNO2qaavcmM4TXNCUZxu1zRkpK60aurq6ej+7S1izUFBQAUAFABQAUAf//S/v4oAguraG8trizuYxLb3cE1tcRN92SGeNopYz04eN2U89D2q4TlTnCpBuM6c4zhJbxlBqUWvNNJkzhGpCdOa5oTjKEovZxkrST9U7H8yfwB8K/t5f8ABKvx38cPhp4I/Zd1v9pj4LfEfx5e+NvBniXwfexpNbahdwx6daNfjzFNtLd6bZ6bFf2MyB7WW2LxO3mtt/uLi7H+E/j5lPC+eZpx3huCOJslymjleZYHMacnGdGnKVar7FWanGFerWlRqxklNVLNe7Y/iThPA+K3gPmnE+SZZwNieNuG86zWrmmW47LqkYyhWqKNGm61pNwlUoU6EatGSvTlC6k+ax9df8E0P2Wf2ibP9oD9ob9uL9qXwvbfDr4g/HSQWHhz4cRTJPfeG9AkvjfXSamQ7tbFRBptjaW0haZorFriU/vUC/nfjfx7wbU4Q4P8LeA8dPOcn4WXtcZnTXLSxuLjS9lTdHRe0vz16tSaUY81XlXwPm/QvBXgTjClxbxf4n8dYGnk+b8UP2WDyZOM6uCwkqvtZqtaUvZv3KNKEHJzapOcklJc3jH/AASetm+Df7ev/BRz9nnXpDaam3jWz8aeF7OX5JNU0NNe8RJPqsEZxmF9O1Lw5cB1yDHexcDg19N9IGouJfCbwY4xwi9pQWWVMsx1SOqoYp4TBOGHm9bTVahjYNN6Ok0r3bl834BQfDnit4ycIYp+zrvM6eZYGlLR18MsXjFLERX8ro18JNPTSqtFsb/7CH7FHjMftIf8FNh+0V8GLyy+GPxy8TJZeC9W8U6VYT2fiXSL7xB8RJL/AFDw3cSG4khkisdY0y8iu41t5Y3ktZVy6ALx+K/idlv+pXga+DeJadTPOFcC6mZ4fAYirCrgsRRwWSRo0cbBcilGVXDYim4ScotKommmzq8K/DPMf9c/G3/XHhupTyTijHezy3EY7D0pU8bh62MzmVWtgpvnlGUaWJo1I1IqMouUJKzSR0n/AAS18GftC/sVab+1d8Ffjz4L8UaX8DfhRrHiX4hfC34laosZ8Naj4csV1OfXbXR7gzu6WMtlpltrtrF5SAyX96xCnArj8ecy4P8AE6twBxPwnmeBxHFXEGGwOT59ktBtY2jjaroRwk8THkS9rGrXqYWo05JRpUlsmdngVl3F/hrQ4+4Z4qyzHYfhfIMRjc3yLOq6j9SrYOkq8sVDDzc7xpSpUIYqEbL3qtXbQ5//AIIBeENVb4M/tB/GTVEkEXxZ+Ouv3Oi3DKRHqOk6JbW9rLexMQCy/wBsS6nbHGRutzznNdf0usxoLiXg/hqg1zcP8K4SGKh1o4jEznONKS7/AFaNCp00n5Jy5fomZfiHw3xdxHiFK2f8U4qeGm9q2Hw0IQdWP/cxKvT3l8Hqfv7X8in9ZhQB8Z/snZXxj+11H/d/ac8Wt/3+0Lw7N/7Pn8fevv8AjbXAcDPvwfgV/wCA4nFR/Tt958fwr/vfFi7cTYv8aGHflv26ee59mV8AfYBQAUAFABQAUAfP/i39mX4T+KNdsPFdno934K8WWF14Pl/4SPwFfS+FtQvtN8D67q/iXRPDOppYBbO78MPrWu6te6rpItol1V72YXc5BUUAecaXL+1V8Go9J07Xl0n9pLwhC3g7SLvxPYC28G/E21SSDxZeePvGmv6O4bw7qVnpxtfC1loOgeH5Tqd+1/dmRg0I3AHpvwy/aS+FPxRSytNO1m48MeKrjS/Cep3vgHx3ZS+EvGujP420ebX/AA7pWp6Lqnl7dbvtJtrq9/sqzub28ihtbhpYkELlQD3qgAoAKACgAoAKACgAoAKACgAoA+J/GXwN8e/CHWdU+KP7MWoTmS5uptX8afA3W9Rnn8H+NxI5m1C48LzXTzSeFfFc3zzWzwudNvrktFcRRGYNX6FgOI8sz2hRybjClFKEI0Mv4jw9GEcdl1ly0o4yMeVY3BLRTUk6tKGsG+VKXxeMyTHZTWq5nwzOV5TdXGZJXqSlg8bd81SWFc2/qmKau4OMvZzk7SS5lI9/+DXxi8LfGzwfF4q8N/arK5trqfSPEnhvVIvsuveFPEdg3lanoGuWTYktr6ynDIdyqk0eyeItHIhr5nP8gxvD2OeCxfJUhOEa+ExdF8+GxuFqK9HE4aorqdOpHXR+67xd2j38nzfC51hFisNzQlGcqWJw1VctfC4im7VaFaG8ZwlpslJWkrqSUfWa8M9UKACgAoAKAP/T/v4oAKACgAoA+Up/2PPhQ37V1r+2JYnXNI+Kw8FSeBNYXTb/AOz6H4j0llt44pdasBF/pV1BDZWEKSGTlbG1JwUy338PEjiBeH9Tw3q/VcRw/wD2os2wzrUufFYPEe+5Rw1W7UKcpVa0nG29Wpa10j4KXh1kD49h4i0vrWHz7+zHlWJVGry4XGYe0YxliaXKuepCNOklK/8Ay6p78p9W18Afenmnxk+F2i/Gv4W+OfhN4jv9X0zQPH/h+88N6ze6Fd/YtVj02/CpeR2l1sk8s3MAe2myjB7eaWMghzt9zhrPcTwxn2VcQYKjh6+LyjGU8bhqWLp+1w7r0dabqQur8krVI66TjGWtjxOJMiw3E2RZpkGMrYihhM2wlTBYmrhansq8aNWyqKnPW3PFOE/5oSlHS9zI+APwM8Bfs2/CTwZ8F/hpYzWPg/wRpa6bpy3UgmvruRnae81HULgKv2jUNQu5Jru8nIzJPK7cZxXRxdxVm3GvEOZ8TZ3VjVzHNK7r1vZrlpU0koU6NGGvJRo04xp04X92EUtbM5+E+Fsp4L4fy3hvJKUqWXZZQVGjzvmq1G251K1af26tapKVSpLrKTfU9ir5s+jCgD48/Zb+yL48/a8jtvtPmJ+0frDXfniIJ9om8HeE5j9m8v5jCUkQ5lw+8t2wW+84y9o8t4Fc+Sz4ToKHLzawjj8bFc19OZNNPlurWe7aj8hwxyrHcWqPNdcR1nO9rKUsJhJe7bpZp3bvfpG3vfYdfBn14UAFABQAUAFABQAUAeY/ED4OfDf4nLZv4w8L6fqGpaXdXWpaJr0UYtNe0LWbnw7rHhVdc0nVINlxb6xZaFr2rWWnXrmZ7FLyQ24RuVAPGbD4W/GX4N2dy/wu8eXvxJ8JaPpsA0b4X/EKaJtXXTfCPw0GiaH4U0Hx3MTI2p+LvGenWmta94k8Sqwgk1S+IXyY1FAGj4e/ao8IxatB4T+Leia78E/GMt5faZBZ+Obf7P4a1u+0DwToXjfxZdeGfGUO/Q9U8PeHLDWxa3XiC6n06ylu9P1COHcbZ1YA+nLa5try3gu7O4hurW5ijntrm2lSe3uIJVDxTQzRM0csUiEOkkbMjKQVYg5YAnoAKACgAoAKACgAoAKACgD4q+I2mWvwG+PnhD4z6NHcWnhH426/4e+FHxZ0+1EUWkQeK9Vmay8AfEC+Q48q6lvmj8K6reIiiZb3TJbqRjEGr9ByqtPiXhnHcP4hxnjuHsNis7ySrNydeWCoR9pmeV03reCpqWNo03flcKyhbmUY/GZhShkWfYTOaKlHCZ1Xw+VZrCFlSjiqsnDAY+ouknNrC1ZpRvzUpTn7p9qAhgGBBBAII6EHkEdeCPf86/PmradVofZi0AFABQAUAf/U/v4oAKACgAoAKACgAoAKACgAoA+M/wBlr5fiZ+2dH/c/aQkb/v8AfDXwHN/7U9vfsW+/4z/5E/AD78Jrr2zfMo/L4e/lpY+O4Y/5GXGK7cRP8ctwL/W+q1v1ufZlfAH2IUAFABQAUAFABQAUAFABQBzPi7wZ4U8feH9X8K+NPD+leJvDuvaXqWiaxpGsWcV5Z3+k6xavY6pp86SAk21/ZyvbXUalfOhZo3ypIoA+Z9e/Zu8W+EJ9d8Rfs5fE3Ufh9reoDxprEfgvxS114k+F+q+MPEuneFdK0O+1XTGZ9R0rQPB1l4blGi+H/D729mJtY1CV4yzCgB+oftI+JfhXc6pF+0D8Ndb8I+GNNfxbfp8U/DEcvizwKvhfRPEnhrw14Y1HX5NKin1HQ/EPjaXxJFqFn4aFjcTWFrY6i1zKsdszUAfTXhvxZ4Y8Y2MmpeFdf0jxDYQXl5p1xdaPf21/Fbajp1xJaahp9y1tJJ9nvrC7imtby0m2T21xFJDNGkiMiAHQ0AFABQAUAFABQAUAeHftL/D64+KfwB+LvgXTy8et654E8Qf8IxcxHE1j4v06xl1XwjqFu4yyT2HiSy0u7idPnDw/LjJNfR8IZpDJuJ8jzKrZ4fD5lhfrkZfDUwNWoqOOpTWicamEqVoSTdmn00PE4ly+WaZDm2BptqvXwOI+rSWjhi6cPa4SonrZ08TClNWX2epY/Z08et8T/gb8LPHUrKbvxD4L0O81FR/yx1IWUUOoQMOSHhu45Y3B5DKc46VHFeWLJ+I85y2Kap4XMMRTpP8Amo+0bpSXlKDTW2nfRlcPY/8AtPJMrxzd5YjB0J1PKooKNRPzU00/M9pr589kKACgAoA//9X+/igD5B/bs+NPjX9n39mXx98U/h7JpsPizw/JoUemS6vYLqVhH/aOt2VjcNNZO8azH7PPIEBddrkNzjFeHxFj8RlmU4nGYZxVak6XI5xU4+9UjF3i7X0b6/dofhP0k/ELiHwu8H+JuNOFpYSGd5XLLI4SeOwyxeGj9bzHD4aq6mHlKKqfuqklG8lZtS1skdl8GPih4m8c/sreAPjBrpsm8XeIvgzpvjrUja2ot9PbW7rwuNXlMNorERWpu/uwBsLH8mRXRgMXVxGT4bHVOV1quAhiJcqtH2kqPO7R6K/Q9/w/4yzjiPwW4Y48zJ4eWeZrwBhOJMW6NFUsK8xrZMsdP2dBSahRdfampaR0utD5W/Yi/bB8dfFz9mP4u/G/4yTaLPd/DXX/ABwC2i6bHo9tJonhfQYdZit2gjklVrqQs8AlzmRmTjJxXjcP55icblOOzDHOm5YSriF+7goJ06NNTSsnK7eqv/6Vdxj+LfR28eOJOOfB/jrxF4+qZfUr8IZpxGr5fg44ClPLsmy2GPhSdKM6ilWm+amp815OUVvqeQ/safFz4wyfsc/tHftYeLfEt74k8QeItR+JPjDwJp+szPcaPoth4Wt7uys7S1sS2IrRdatLt2gRlSS3SKM5Hzrx5Fjcc8izXOa1aVWrWni6+GjUfNCnGjFxikr/AAqopO2mmjTsfC+APHHHsvATxY8bs8zfEZtmma4ri7PuGcLmFSVbAZfhclpV6GHo0cP7qhQWYUMRJ0krTpRhH3U/eof8E5/+Ci3xB/aD8e6x8J/j3b6FpvizVdEg8U/DvUdK0saJba5pyJuv9OFv5ssc9wkDxX1pJE5eaFbwOF+zHdHC3FOJzPEzwWZKnCtUpqthJQjyKpBfFC19ZJWkmndq+j5W5cv0UPpW8UeKPEuO4I8TaWW4TO8dl1POuFMXgsGsvpZjhFG+JwnsuecalWNOUMTQlCXNOCxCkl7GSPQ/h98cfjP+0n4s/wCCiHwNn1q10X/hU15rHhj4S6n4as/7J1zT7tLzxXb6X9s1GOSSS7mkudB06KSYrG2yW4AB3gr04bMcfm1fijLnOMPqUqlHBSpR5KkZKVZQ5pptybdKKvZPV73PquFvEbxA8XM7+lT4cVMwoZd/qPiMfk3BGMyjD/UcxwteOIzung/rGLjUnKvOdXLMLCdRxhJQnVS5ua8fVv8Agmb8dta+OX7MukSeLdSuNX8b/DnXNU+HnizUrt/Nub680Zo5dPvLiU/NLcXOjXWnzXEjAbp2k64zXbwnmM8wymHtpueIwtSeFrTbu5Sp25JN6Xcqbi27LW+92fa/RA8Scw8RvB/ASzvF1cdxFwpmON4VzvF15OdbEYjL5Rnha9Wo9alWtgK2FqVZverKXmfQ/wAR7H9p2bxHJN8Kdd+Dtl4U+y2wjtPG2neKZ9aF4Ix9rZp9IU2ht3kyYADvVOHBIG79OympwfHCKOd4bPqmN55808uq4OOH9m37lo12p8ySSlra7ur6n9DZjDiV4hvKq2UQwvJG0MbTxTr89vevKknDlb21ulunZc3T/Ew/G1dM0M/CNfh5Jq4eX/hIR44fW47Fk8mDyDpR0hJJQ32j7T5n2kYEXlbcsX28eULh51sT/bjzVULR+q/2csM6l+aXN7b27Ufg5eXkfxKV76HVmX9tKnQ/sn+znVTf1j6866g1yrl9l7FOXxc1+ZrS1r6nx3+zNcfGW2v/ANtUrp/gG7+MCfHLR7hNPN5rNv4Flvp/hx8OhOGu/LOrpbDThcPGwj3m6WJSBGzmvvOL4ZBOl4fXq5nTyF8O14Or7PDyzJUo5rmvK1C/sHL2vKmr8qg2/ekvd+P4alnEanGf7vATzf8AtulNU+etHAucsuy7mvO3teX2fM07X5lFNNXPsD4YX/xyvLXWj8XtA+HmjXsRi/sBPA2ra1qVvcgxyGb+0m1aKJ4SJRGsfkg5QuWwQBXwmcUuHKc8P/YWKzXEU3zfWXmVDD0ZQ1XL7JUJSUtL35utrXv7v12WVM7nGt/a+Hy+jNW9gsDVrVYy0fN7R1UmtbWstu5zfgLXf2l7zxWlr8RvAfwy0XwcUuy+q+GfFOq6lq6yJ/x5KLG7t44isoz553fIfu5AxXXmeG4Rp4JzynM84xGPvC1HF4GhQoWf8S9WFWcrx+zZanPgK/Ek8Uo5jgcto4S071cNiqlSqn9hezlFLX7WunS9iPxH4m/aWtPHraf4a+GXw+1f4d/2np8SeIb7xpcWGvjS5WgGpXb6R9nMX2m1VrhoIFkIn8uMZUsaeEwnCM8tVXGZvmlDNfY1ZPC08BCrhvbJS9jTVbmjLknaClJ/DzPa15TicTxJDH+zw2WZfVy72tNLETxsoV/ZPl9rN0eVLmj7zjFS1ta6vc1/iv4l+PGhXekJ8Ivhp4V8eWc9pLJrM3iDxlH4YlsbsSERQWqSQyi6jeLDtJhdrfLznKY5JhOGsTCu89zfG5bOM0qEcLgJYyNSnbWU5KUORqWiVvuubZric9oSorKctwuOhKDdZ18ZHCuE76Rinzcya1b17eZoeIPEnxjsfhro2t6B8NtE1z4m3EWltrfgiTxfaabpOnTTwO+qpa+JJ4jb3i2E4SKAhF+1K+9du07ssNhMhqZviMPic3xGHyeEq31fMVgalavVjGVqDnhItTpurG8pK75LWbV2zTEYnN6eW0a2Hy6jXzKSpe3wTxcKdKm5Rbq8uJkuWapyslZLnTurCeBfFXxd1bwV4i1jx58MNP8ACXjLThqTaD4T07xdYa9b68LbTluNPVtYt40trBr/AFDdYHzgwt1AuH+Q4ozLBZHQzDC0MszmrjsBV9ksTjauBqYWWG56vLVaoS9+oqVK1X3fi+FapBgcVm1XBYitjssp4XGU/aewwtPF068a/LTUqf76K5aftKl6fvL3bczVnYxPhX8QfjR4r1u+0/4j/BFvhrpUFibi01n/AITPRfEiXt2JUQWQtdOVZoiY2aXznATCbepFdGdZXw/gsPTq5VxEs2ryqKM8P9Qr4V06fK37Tnq3jLX3eVWfW72McrzDOMVWnTzHJXl1KMOaNb65RxCnO9uTkprmV1d8zstNndcuZB8W/jE3xEPhSf8AZz8RxeEf7en0xfiEvjHw1Jp39lRyypDrzaTxqIgnjVJRa489A4VsFWreWR5B/ZX12PFeFeO+rRrPKngMWqvtmk5YZV7ex54tuPPdxdrrR+7jHNs4eYPCy4dxCwnt3SWPWMwzh7JN2rulpPlkknyfGr213L3xS+LnxJ8Ca/BpXhP9n7xp8UdMlsIbuTxB4d13w/p9pBcySSo+nvbanIty00KosjSD92RKoGOTWWTZHlOZYWVfHcUZfk9ZVZQWFxWFxNapKCSaqqdFqCjJtqzu1a7WppmebZjgcRGlhcgxmZ0nTUniMPXw9OEZNu9Nxqe9dJXva2ttToPiJ8SPF3grw1oOuaF8IvF/xB1LVXjS/wDDfhu60xNS0IPbLO73st5JHbyrHITbHyTzIpIwpBrlyrKcDmGLxOHxOeYDK6VBN0sXi4VnSxNpuKVNU05Jte/73Tu01LozDMcXg8NQr0MpxmPq1WvaYbDSp+0oe7dubm+V2b5fd5rvba4uk/EzxPf/AAuvPiBe/CTxtpPiC1S8dPhncf2fN4uuza35s4kthDP9hdryEfb4MzAfZj83zDDFfKMHSzmnldPPMur4Wbpp5vD2qwMOelztz5kqiUJP2ctPj2sncKWZYmplk8fPKsbSxEVNrLZezeLlyz5Eo2k4vnj+8jt7u6bVit8Jfit4j+JUutx6/wDB74h/Cz+yY7F7eTxza2VvHrBvGullj01rOeYSPZfZ0a537dq3EOOp3XnmSYTKFh3hs+yvOvbuopLLZ1Juh7NQadZThGyqc9oWcr8kr2t705TmuIzJ1lXyjMMr9koOLx0YRVbn5rqny7uHLeV1pzK17s5bwh8d9Z8Z+MovBeqfAL4w+FbG6lvoH8T+KvDlpB4WRLNJZEknulu5j5N4YlW1Jjbe8kedua68w4Zw2Cy+WOp8S5BjpxjTl9RwmKnPGS9o43SpunG7pqV5roou8tLS5sFn1fF42OEnkWcYSLc19axGHjHDLkTd3UVR2Ure77t3dJtXPkn9oyw8DfDvxL4sv/hv8Mfjz8PvHGi6LdXUfxG+DHh5rfwdexa14u0z4s+LxdwJONBmuvFWrWl1o/izxHc6XLqlpYaprMdvcAnNY4ThmWMyipmsc7yHCuFHE1fqWNx6oYpfV1UspU3F2dXkvT1fNGUX7rcYnncTcXS4fwub1YZNmmMnl2XYnG06tPDN4GrOjhJ4iMZ4hO8KSlFQrVLXppTaUuU9L+E3xv8A2lovh/8AD/xx43+G9r8WPC3jzQvCutWuu/DMJa+KNMvviH8Qrmw0zSNR8J3Uqr/YPgD4fX+h6z4s8Vi5b7XcWmryQW52xq3yOEr/AFnC0MRZL21KFS0XzRXMr2T6rszq4I4jfF/CHDXFDw8cK8/yXL82eGhN1I0HjcPCv7KM3rNQ5+VSdua17K7R9OfC/wCPXwp+MNpbz+BfFtlf3k+mrrDaDerNpHiW10uTV9W0GG/vfD2px2urWlpc6toWr2VrcT2qR3MlhcGFpEXdXQfUnsNABQAUAFABQAUAfG/7En/En+Gvjf4dvxL8LPjX8XfA4X+FNPsvG+rXeirGv8MY0e7sTH0BQqRwQW+98Q/3+b5dmqXu5zw9keY36urUy6hTxDfduvTqX1eumlry+P4L/c5bjcv65XnWbYL0pwxtWdBLyVGcLflHY+yK+CPsAoAKACgD/9b+/igD8+f+CpOk32rfsQfGVbCCS5ksIPDWpTxxKzyC0tvFOji4lVFDEiFZfNkOMJEkkjYVSV+Z4wpyqcPY9RTbiqU2lvZVqd38r3fZXfQ/lz6ZuBxOO+jpx/HC0pVZ4allGLqQgnKXsKOdYBVZqKUm1TjPnnpaMIyk7qL5cn9mz4wfDa3/AOCdvgPWbjxl4ft7Twv+z3HomtrNqtlHcWOsaJ4Rl02902W3eZZxeC9ha3ig8sSTOyeWrBlqMqx2EXC+GqOvSUaWWKnUTqRvGdOi4Sg0+VqXMrJNat6W+1weEfHnCNL6KnDWYVc/yulQybwtjl2YqpjcPGrhsfl2RTweIwk6UqiqKusTTdKFPl56k3HkUuZOX56/so6VrVt/wSh/al1S2gnjTxHqvjvVdJl2SIbrSom0awvpo+FLRbLK/RmHybVbOQGFfMZLGouDM4mk17WpiZw84Xpxk1tde7Lp62R/Lfgngswo/Ql8Z8dRp1YRzbHcS43AzUZp1sFCeAw2JqQ+FuHLh8TFtXXLF3urqX0l+zs1g3/BHzWDp4xGPg/8U1uOn/H+t3rovzx63fmnnJ9cdK9bKuX/AFHly7fUcXf/ABXqc3/k1+34Jy/W/Cl4Z/QOx/1X4P8AULjRVbf9BKrZmsT8/b8/67s+Dbv4PeI9C/Ye/ZS/bR+FULwfET4Dz3D+ImtFZZNT8H/8JZqBiku/KAeW3sZ7ifTr4fM0ml6tIrMsNtivm/qNWnw9k2fYNWxWXN+0a3lQ9vO3No7qLbg9vdn2Vz+aa3AWbZb9HLwS+kFwVTlT4r8NKlWeaugpc+MyFZ3i3CdfkV50sNUqVMJiE+aUsHjpJ+5RSPrX/gk58QLH4rfH79uT4l6fFJBYeOvFfhrxTbQzgLJFDrOseNL4JIvIVlE2GGeMY5xXtcF4mOMzPiHFx0jia9Ksk+iqVK8tfS/+R+4fQi4nw3Gvid9I7i/CQlTwvEmd5RnVGnU0lTp5hj+IMSoT6JxVSz387WsdD/wRuuGfT/2pIdODDw0PjPcz6YcEL9oksY0mA/h3C0issgDIGMlgV27cCv3c4UP4X19uHq4a7abcvT1sep9Aaq5YXxmhhU1lH/EQK1TB78vtZ4anGok/huqEMPe2tmvI/bCvvj/Q0KAPjT9nD5Pjp+2jD/1WPwtPjt+++E/gc5/HHPr+Ar7/AIsV+G/D+X/Uhxsf/Ac7zHrr3tZ29Ha58dw7/wAjzjNf9TjCv78qwP8AW7v5WaPsuvgD7EKACgAoAKACgAoAKACgAoAKACgAoA5Px9bfbPAvjS0xn7V4T8R22PXz9HvIsfjvxWOJXNhsRH+ajVX3wkjxOJqP1jhviCha/t8kzajbv7TAYiFvnzHiv7G9z9q/ZX+AUhOWX4XeEoZD/wBNINKgifuf4kP/ANfq3n5E+bJstf8A1B0V90bfofnvgFW9t4LeGM73a4NyOnJ7+/TwVKEvxidt4/8AgN8K/iXf2es+J/Clm3iKw1bwnrNv4n0l5tD8SG78D6pe614Xgutb0qS01C/0vTNT1LULldHvbifS5mvboXFrKsrV6x+unjOm+Ef2nPgymkWXhvxjb/tAeCbNfBmjXVn8QpItO+JFjpmn2Piq78e+MJfE9nFFD4q1/Wb3/hFdP8P+H3tLa1tY/tzvKeCwB1ngH9qj4f8Aii8sPDXjKz1r4Q/EO4j8HW174D+Itt/Y+oWviLxr4Vu/GeneFLHU2/4lOva7Z6Dp2o3Wq22kXN0NONhdJcsrRMFAPphHSVFkjdZI3UMkiMHR1IyGVlJVlIwQQSCOQT1oAdQAUAFAHxt+z9/xIP2hP2xPBf8Ayyk+Ifgv4hWo6DyvG3w58NSXZQc/KdUsL/cflzN5h5yTX33E6+s8LcB5g17yyvMMrm99cuzbFqmn0uqNSlb+7bsfH5B/s+f8X4Po8wwWYR9Mbl2Hc7eXtac++va9j7Jr4E+wCgAoAKAP/9f+/igDL1vRNI8S6Pqnh/X9OtdW0TWrG60zVdMvolntL+wvYWgurW4ibh45onZGGQRnKsrAMsVKcKsJ0qkVOnUi4ThJXjKMlZprs1c4sxy7A5vgMZleZ4WjjsuzDDVsHjcHiIKpQxOGrwlTrUasHdOE4SafVbqzVz82bz/gkj+yNdaxc3sWn+PrDRby+OoXXg/T/G2oW3hiW484TLGNOCOgtVICCAljsAAcEA18rLgrJHOUlHEwpyk5SoQxE40W27/BZq3S19l005f5Jr/Qc8DK2PrYmGF4nw2X4jEPFVshwvEWKpZNOq586j9UUOVUVblVN68uilFpOX3HL8GfAlt8HtV+CHh3Q7Hw74Ev/BuseCrbSNOhEdtY6bq+mXWnSPGhyXmUXLTmWQvJJOPMdy53V9C8BhlgZ5fSpxpYaVCdBQgrKMJwcW1vd63u9W9dNz+jZ8AcNUeA8b4dZVl2GyrhvE5Bj+HqOBwtPlo4bCY7B1cJKUI3blUj7Z1XUlLnnVXPJuTbPz2/4J+/BrxzpP7O3xn/AGU/jn4R1/RfDuieL/GnhXSL87rKDX/Bnivzbi6utD1Ab2cm+u9RliuFB2Ry27AAkhfmOGsDiYZXjsmzGhVp0qdfEUYS+FVKFa8m6ctftSnZ9tUlqj+WvovcAcR4Lwq8QfBTxIyLM8vyrLs+4hyTA4h3w9PNOH879pVrVsuxS5pO+Jr4qVOqorljKm0l9n74+HXwC+G/wy+Ddp8B9B0u4vfhzbaLqmgPpWu3R1Sa80zWTcnUILy5kRGm8/7XON21WTcChDIHr6TC5bhMJgVl1KDeFVOdPkqPnbhUvzKTe97s/prhTwx4S4P4BoeGmWYKriOE6OX4zLJYLMq7xtSvg8f7b61SxFaUIup7T29RcyjFxunHVXj81aH+yx8OP2LfhH8ffEv7N/hPxXf+MvFnhK9ltdIfVJtfvbvWrS01G38O2+l27xQmG3sr7VnupIkLHyUk5O0V5VPJ8JkOCzKrlVCtKvWoSahzurKVSMZKkoX5bKMptvTbXWy5vyPLfBbhL6PnA3idm3hNkmd4rP8APMjxE6OBljamZ4ivmFChiqWVUsFSlCn7OlhsTjpVpQTk/Zxk+bRctP8A4Jn/AAC1/wCAv7NWmW3jTTJtH8d/EHXdU+IHizTLlBHdafd6wY4dPsbpOWjurXSLWxiuoyzBLhZVHTNTwnltXLcphHEQdPE4qpPFVoS+KEqmkYy7SUIxuruz7auXP9ELwxzPwz8I8JS4gwdTAcS8U5njeKM8wdZctfDV8e4wwuHrRaThWo4GjhqdaGvLVjJLe5+hNfTH9ShQB8Z/s+fu/wBor9tCH/qpPgC4x/13+Engs5x77evH9W+/4o14V8P5f9SnM4f+A53mGn9fqfH5BpxDxkv+pjl7+/KcH+fp06H2ZXwB9gFABQAUAFABQAUAFABQAUAFABQAUAUdTtvtmm6haYz9qsbu2x6+fBJFjt13ev5VM1zRlHvFr71Y5sZS+sYTFUN/bYavSt39pSlDy79/uPlf9ha4+0fspfBvnP2bwwlj9PsV1cW2Pw8rHf8Aovj8Ou+TYDyoqP8A4C2ra/19x+MfRure28FOAdb+yyeOG/8ACatVo28rcltVH0PravaP3AKAOQ8Z+APBfxD0z+x/G3hnR/EtgiagtsmqWUVxPp76rpN/oV/daVeYW80m+n0fVdR086hps9tfR215cRxToJSaAPmmb4CfE74TrJf/ALOnxJvYtIsYDJbfB/4kTz+I/Bk9j4Y+Fn/CI+CfBXhrW7hn1zwXplz4q03RvEPibWludV1C9Muq9HnU0AXIP2pR4HvJNF/aF8Eav8Jri2fW408aFZNW+G2s2Pg3wLoXjLxr4ug16BC3h3wnpkurXmjWNx4j8i61G80e9ECtgGgD6k0fXNG8Q2UWo6HqdjqtjMkbpc2FzFcx7ZokniDGNiY3eGWOTy5AkgRlJUZAoA1aAPjbwx/xI/26vixYHhfHHwC+FfiWMdml8PeJ/Hfh24k9CxiitEbjIVE6AivvsZ/tHhvklX/oX8T51hH5LFYPLMVFfe5tO3WS0sz4/DfuOOM1hssbkOVYlLu6GKx+Hb6LZRV9X0srpn2TXwJ9gFABQAUAf//Q/v4oAKACgAoAKACgAoAKACgAoA+M/gT+7/af/bOg6f8AFW/Cq4x7T/CPwiQep/ukdB7Zya+/4k14O4Al/wBQWdQ36xzzHL+ux8fkenE3GK/6i8qf35Thbvpvvs/U+zK+APsAoAKACgAoAKACgAoAKACgAoAKACgAoA+PP2Dh5f7Mnge1/wCgfqPjDTcen2DxbrFrt/Dyse1eHw5/yKcOv5J14f8AgNaouy7f8NtH8G+jT7vg/wAOUV/zC4vPsJ6fVs8x9G3y5Lfh0PsOvcP3kKACgAoAoarpWl67pt9o2t6bYaxpGp2s1jqWlapZ2+oabqFlcI0dxaX1jdRy213bTxs0c0E8TxSIxV0ZSQwB8u+LP2WLC3u9a8UfArxv4g+BfjrU5PG2sm50E/214I1Xxn42i8MW9z4o8WeBdVll07W59MtfC9va6PZ29xptjpyX+oSQWwebbQBasPij8bfA3iNdC+K/wwXxB4a1HW9bg0b4i/DGWbUrex0q58b+FfB/w80/xV4bvBHqI8T+JIfEz61rU2kM2haDYaJqtzNKYokDAHNa432X9vT4fTYZBr/7MvjG2IYYLf8ACPeP9IukRv8Aaj/4SJsr238dWr77DfvPDTM47/VuL8BNeX1vK68W/n9UXXp0Pj6/ucdYB/8AP/hvGR/8JsfSl/7sd36dY/ZlfAn2AUAFABQB/9H+/igAoAKAKOqanYaLpmo6zqt3DYaXpNjd6nqV9cuI7aysLC3kury7uJGwscNtbxSzSuThURmOMVFWrTo06larONOlShOrUnJ2jCnTi5TnJ9Ixim2+iR1YHA4vM8dg8twGHq4vH5hisPgcFhaMXOticXi60KGGw9KC1nVrVqkKdOK1lOSS3R4b8F/2oPgj8ffhve/F34b+NtPv/h1p+sanod14q1VhoWkxX+kXn2C+DXeqPBbiCO8It1uDKsUkpEYIf5a8TJuJslz7LZ5tl2Np1Mvp1qtCWKqtUKSqUZ+znedTljyqfu817N6atLm/UvErwM8TvCbjTDeHvGfDGMwnGOLy7BZpQyHAJ5rmE8JmGH+tYZrD4GNWq6s8P+9lRUJTjBOT91KUvR9E+J/w08S3qad4c+IfgbX9QkyY7DRPFugarevgZOy1sL+edsAZOE4HJzjFejRzPLcTNU8PmGCr1HtTo4vD1Zv0hTqc34P5aKXxmZ8Dca5JhpYzOeD+KcpwkLc2KzPh/NsBho3dlzV8VhKVNXeivNXenU89b9pn4NR/tAD9mGfxZFbfGd/Cf/CbW3hW5tpoTe+Hv9HLXVjeOq291IguEZ4ImeRVWUnHlOF858S5Os//ANWZYtRzl4T67HCyjJc+H9334TceWTXMrxUr7/ytH18fBHxIn4R/8RxpZBOt4bR4gfDNbPqNelUWGzf97ahicNF+2oQk6MlGrUSg3Kml/Ehze917x+TmRquiWGsvpMl6LgtourRa1Y+RczWwF9DaXtkhnELoLmDyL+4DW0weFn8qQoXiRl3oYmph1XVPltiKDw9TmhGX7uU6dR8ralyS5qUbTiuZK61Uny41aFOu6TqKT9jVVaHLKUffjGcFzcrXNHlqS92V4t6tOycfFfiP+zN8L/ip4kk8VeLF8WnVpLW2s2Oj+NPEehWfk2kYji22OmX9vbLJtHzyCPfIeWycFvocp4vzjJcIsFgngfYKc6i+sZfhMTU5pu8r1K1Kc7X2V7LoeNmPDWWZpiHisV9b9q4xg/Y4zEUIWgrL3KdSEb23dm35any1oPwT8D/Ff9qD9rDRPFy6+bLQNW+Dd1po0XxLrOgzbrn4OeErWU3U+lXVtLeDbZptFwXCNuYfM7M32WJ4hzLJODeCcRgfqyniaGfwq/WMJh8VFqGfY6aUIVoSjDWo2+VX2XvJJx+YoZNgs14m4qoYt4jkoVcnnTVHE1aDvLJ8JFuUqU4ud1BfE7J30T1l9lp8E/A8fwul+ECjX/8AhDZovJcHxJrB1zZ/aUeq8eIDdf2srfa41+YXIPk5g/1ZKN8C+IcxecLPf9l+vp3X+yYdYe/svY64X2boP929uRe97695H2CyXBLLHlH+0fU2rP8A2mt7f+IqumI5/a/Guk/h92/KR/DH4H+BfhFaa1ZeD18QCDXzEdQ/tvxNrWvv+5jkiT7NJqt1cva/JI27yGTJwxyQCrzjiPMs8nh6mP8AqvNhb+y+r4PD4Ve803zqhCCnqlbmTtqla4ssyTA5TCtDCfWLV7e09tia1d6JpcrqTm4aP7LXzsjlvAP7L/wu+G3i5PG3hk+MhrUcV5Eq6r438SaxppW/wZ92mahfz2bMCv7pjFmL+DGcV25nxjnObYF5fi/qDw8nTbdHLsJh616fw2rUqcKnquvXqjmwHDOWZdi1jcN9c9slNfvcdia9O1T4v3dSbh6aO3S1kR+Jf2W/hd4s8fH4k6tL41HiQ6pp2r7bHxz4ksNI+16W9u9qBo1tfx6eLfdbRedb+R5U43iRWDsKeD4yznA5Z/ZNCOXPCexq0P3uW4SrX5Kykp/7ROlKrzWm+WfNzR0tdq8ZxPDGWYrH/wBpVXjfrPtadX93jsTTo89JxcP3MZez5bxV42alrfe0dz4r/s9/D74zXek3vjJ/FST6LaSWVl/wj3i7XfDcZhllMrfaYtJu7ZLmTeTtkmDOq/KOK58k4pzTIIV6eAWCccRNVKn1vAYbFvmiuVcrr05uCt0jo99Ptb5rkGX5xKlPGPFJ0YuEPq+Lr4ZWbu+ZUZRU3d6OSutla/vaHiD4HeB/E3w00b4Uak/iUeFNBi0uGway8T6xZa4U0e3e2s/tWvW90mp3TGKRvtDTXDG4fDyksAaywvEeY4PN8RndFYP67iXWdRVMHh6mGvXmp1OTCzpyowXNFcqjGKgtFZOxpiMkwWJy2jlVR4n6rQVKNNwxNaFe1GLjDmxEX7WTs3zOTfM9X0cfGP7T/Zi/Zt1vwB+y5rHxBuvDvjD9qa88eaf8M/CPibxXr2reKPHN54c8Kw3XjSDwzqV5Lc3NpJo3h1o79wlzb/Z8tcQZmJKmZcR5jm2YYXM8UsGsVg/Zex9hg8Ph6P7mr7aHtKFKnCnU99vm51Lnj7r0VgwOSYHLsHiMDh3ifYYr2ntfbYqtWq/vafspclWpJzh7i93la5Ze8tW2emfCz9m/4cfB3Wr7X/B8ni99Q1CxOn3A8QeMtf8AEVr9nMqTExWuq3txBDNvQfvo0V9uVBAJDdGdcWZtn2Hp4XHrAKlSqe1j9Vy/C4SfPyuPvVKFOEpKzfutyV9fMxyvhzLsor1MRg3i/aVIezksRjMRiIcrkpe7GrKUU7rdK9tNfs5cH7LHwst/iGfifHJ42/4SdteuPEZV/HXiV9G/tG5lklkA0Rr86d9j3yvss/I+zou1VUBQa3lxpnU8q/sdxy76n9WjhLrLcGsT7KEVFf7T7L23tLJXqc3M9by1bMlwvlccw/tNPG/WfbyxFnjsS6PtJNt/uOf2fJd6QtyrotkaXxO/Zt+G/wAWvEEHibxZL4xj1O3sIdNjGgeNPEHh+z+zQySyIWsdMvILd5t0rbp2TzGG0MxAArHJ+Lc2yPCyweCjgHRlVdV/Wsvw2Kqc8kk7VKsHNR91Wje3Wy3NMz4by7NsQsTi3jFVjTVJfV8ZiKEOWLbV4UqkFfXV638rHRePvgt4M+JHhrRPCniObxKmleH3iewbRvEuraLfsYbcWyfa9Q0+eK6ux5SjcJncM/znLHNcmWcQY/KcXicbhY4R1sVf2qxGEo4il70+d8lKrGUab5n9m1lpqtDpx+TYPMsNRwuJeJVKg04OjiatGppHlXPUpvmnpvzXu9WkGl/BbwbpHwzu/hNZzeJT4UvUu0mkuPE2rXGvhb2//tGfyvEEs51OI/aDiMrPmKH9ymI/korcQY+vm9PO5xwf12m4OMY4SjHDfu6Xso3wqSpNcurTXvS952eoqWTYOjlssqg8R9Vnz3csTVlX9+p7SVsQ/wB4ve2tay0WjblX+FXwM8EfByXWpvB83iiVtejso77/AISLxTrHiRVWwa5aD7Kuq3E4tCTdS+aYAvnARiQny0FVnXEeYZ8sPHHRwcVhnUdP6pgqGEu6igpc7oqLn8C5VJe7ra1/enK8jwWTus8G8U3XUFP6xiq2IX7vm5eVVXaL953slfS7dko834O/Zi+Gngbxlb+OtEuPGz65bT3txGmqeOPEOqaWZL+OWKcPpV5dSWToFnfykaMiJthTaVBrrx/GGb5jgJ5diIZcsPONOEnRy7DUa1qTjKNq1OEZp3iru93qne75ufB8NZbgcZHHUZY114ucl7XHYirSvNNO9KTcGrS01dt9Le78c/so/swfDfx/8P5PHGvX/j2DXrT4p/E+ye30bx1r+j6MjeGPiPr2nWiro9ldR2SKY7CI3KiPFy5keXcZHrxODeMc2yzhxZVh6WWSw9PFZrTUq+W4aviEquNxDnetOMptpzfJeUuVWSskon4J9H3hnLsdwC8VXqY6NfDcZcc4Xlo42tRor+z+L82w8EqUJcq92lHmVnzbvdqP3H8VvgL4I+Ma6Gni288X2o8PR3EVh/wjPizWPDZdboQiT7adMuITeMBAnlmYsY8vt+81enkvEuYZC8S8FTwFT61KEqv1zBUMXZw5uX2ftYy9mvfd1F66XvZcv9BZpkOCzhUFip4uCw6kqf1bFVcPdStfn9nKPPaytzbdLXfNZ1D4IeDdT+F9n8I7i78Vr4VsorSGG5g8U6tB4jKWUvmwmXxCk39pSsX/ANazTAyr8rEjFRS4ix9HOKmeRp4L65Uc5ShLB0ZYS9RcsuXCuPslp8No+7utdSqmSYOplkMplPFLCwUIqUcTVWItB3V8RzKo7ve7d1ps0zz6Tw58E/2Tfhj4sv8AXfFPiPR/Bmt3kNnqF74m8Ta74m1a51XXIYtE0/SfD5na81JtS1FzHDYWOnIZWuWM42KkkqGbcR4/OcVhcZi6eChVwiiqSwuDo4ak+So6q9pTpRUaj5nZ8yd42jsLLsjweV4fEYbDTxUqeJcnUdfE1a81zQ9m/ZznKTh7q05Vvrrb3flH9l340/sMv+0frPwf+G/xN8f6X+0XB4UvdRk+Enxa1vxnYeINQ8KXVxZ3Nzr+heHvFOLPVLOKSG3Av9Nlne2R5Y8KDMqdWccXZpneDjgcZSy2FGFWFZSwuX4bC1nOnCcI3q0oxk4tVHzRvaTs9Le9hlnDeX5TiZYvC1MdKrOnOk1iMbWxFPlnKMm1TqNx5rxVpWTSuup618L/AA9+yf8AtE/E74peP/hT8TvEvjfxd8G/jXrPgX4oWOgfEDxKuieD/i14Wls9R1rwfqehNJDp8cmn/a7R7jT445LQwzqgJViF0p8Z5vSytZRGjlf1VYV4NTlluFlifZODg39YcPaOrZ39o25J63/lifC+W1MweZyqY/6x9Y+s8qx1dUPaKfPb2Knyezvp7O3K1pazse+/Ff8AZ08AfGTWdO1zxbe+NbW90vTBpNsnhnxnrfhu0a1W6ubwNcWul3EMM9x5t1KPtEgMnleXHkoihMMk4qzPIcPVw2CpZdUp1q3t5vGYDD4uanyQp2jOrGUow5YL3E7Xu9W3y65rw7gM4rU6+LqY2E6VP2UVhsZWw8HFTlO8oU5KLleb9562stbI8a/bd0rTfAP7GfxS8UWFhrutj4D/AA31z4iaHpcXi7XNDvNTHgHw9fXkkGra9pki6ncwtpcV5LcFy/mzJHLICV3L8znPG+b8IZdxJxdluFy/F5hhMsx+OlhsZhKVXCTVKP1qqo0ZRcaVo0m4uCTirpaNo/YfBHwm4d8Y/Frwo8JOI81zTJck41434c4Tq5pltZ/2hhJZ1jKeVYWpCU5xVabxOKowcakrS5rq8kjyvwZ4a8L+EP2gv2P9Q8HXWtXWi+Nfgx8ZtQim17Xb/wAQ3rf2s/wy15ol1HUJJbh7eN5SIYy+1AOFGK/SsDn9firw+4lzTExwsZ1MdwpioxwlCnhqKVTDZpBNU6dotu9nLeVr62bPxfibhOPAnibh+GE8U5ZRW4uymq8XWnWrueCx2Dg+ec7yT/d83L8KvZWv7v6ZV+bH0gUAFABQB//S/v4oA8P/AGkvjv4U/Zm+CHxE+OPjQSy6B4A0J9UmtLfb9o1C8muILDTNOg3cB73Ubu1gaTBEMTSzsCkTV4nEee4XhrJMwzvG3eHwFD2soR+KpOUo06VNb6zqTjFu2ibetmfqPgv4VZ/42+KHB/hdw04Qzbi3NY4GliKt/Y4PD0qNXF47GVbXvHDYPD16sY/8vKkYUlZzTPxyl/4KEftu6rov7ONr4a+Hvw0vviP+2WniTxv8HfBMVwbYeD/hn4b0ODXbaTX9a1NksdR1rxJZLeXEEcix/Yt1naNundzX5A/EDjWrR4djhsvy2pmPGCxGOyjAqTh9Ty3DUI14OvXq+5UrYmCnKKajyXhBrm5j/RuH0Qvow4DMvGavnfF/G2F4N+jdPJeGPEbiadFV3xFxtnWa1cqrwynLcEnisFluS4mWGpVakPafWbYnEJKjGHN51+0X/wAFOb34vf8ABMf9q26utGl+H/x38Iy6V8GfHXhkedb3Gi6h4u1g6Pq7SQSYmtXm07TPFOkSxltjzQPc2wNpNBXncQ+Jc838NOKZSovAZ7hHSyfHYbWMqM8XW9lWvFpSg3TpYqlbW7jzR91xZ9l4O/Qgwvh39N7wFo0Mxhxb4VcQU8w8SeFc7/d1qWZYTh7LVmOXqNWF6VeNPG43I8whNJuNOrGhWtXpVkYPx/8AhxZfB7/g3k8O+G9Gjl06fUfhn8KPFGu+UzRST6/4z8V6F4j8QvKybGkWfVNQuHxITldobO0Vz59l0Mo+j9hsPRTpyq5blWKr20csRjMVQxGIbs9VKrUk+vppaPqeE3GeK8Rf2wGc5zmU4YylguNeP8iyr2iVSFLKeG8hzTJsojTUk4xlSwOEoxvDl15mrN2PzA/aH+DP7LvwH/YA/Y4/aF/Z6+It94T/AGzPFdh8J9T1bS/Bfjya/wBb1a/1bwy+peJJ77w9p1zJPpt1Za9HpiLb3Cr+8u2sXt5fN2V+Z8QZPwxkXAXB/EHD2YzwvGOKhlVWrSwWOdSvVqVcM6mJlUoU5uVKUK6pLlkt58nI7uJ/cnhB4keOnir9LX6R3hB4v8G4XP8A6N2Q4vj/AAWXY/ibhOlhMswGEy7O4YLJaOFzfG0o0sbQxWVTxs3VouVoYf61GtBxUj9M/wDgoPrPjH4SftA/8EhP2s9VjOk/FHxBqOgfC34pXKp5Eb6ZqsvhS31i2vYuA7eR4+8RsqzH5Xtoj/yxTb+leIFbGZTn/hJxXVTo5piKmHyvNJJOK9nVeFjWjNaXfLj8S7NPWMX7vKj+JPoiZdw54geEf7Q76P8AgJ/X+Bsowma8dcCUHJVZxxuBhn1XLa2Fk78q9rwpkqbptc0K1Ve97WTP6aYpFmijlQ5SVEkQ+quoZT+IINf0ommk1s0mvRn+I9SEqc505K0qc5Qku0otxa+TQ+mQFAHxP8KNR0/Tf2vv2vkv7+zsjdf8KQaAXd3BbedIfhnpcWyITOnmP+5+6m5unHIr9BzyE6nAvAvJCc+R8RJ8sXLlX9r1pa2WnxPd/fpy/G5TKMeLeLVKUYuX9itXaV/+E2krJO38vRv0PtcEMAykEEZBByCD3BHBB9q/Pj7IWgAoAKACgAoA/mI/4Lc/FfxJ8E/+Cln/AARG+I3g34Y+JvjL4w0bxz+15ZeFfhn4RMEet+K/EHiH4Q6B4d0myS6uStvp+nW95qkWoa1qU58rTtGtL+9YMINrAH2p+y1/wUm/aR1z9tZf2Ev25P2XPDn7Onxb8a/B/UPjp8GdZ8A/ENPiN4M8ZeC9H1uPQ9a0i/1UwQNZ+LNKuZ0+02cKG3P2e8KOVRHYA/aOgAoAKACgAoAjmmhtopbi4ljgghRpZpppFiiiijUs8ksjlUjRFBZnYhVUEnjNNJyajFNtuySV22+iS1bfkJtJNtpJbt6Jeb2/P7j8+/2MPi/8KrHw5498CzfEjwNBr9v8ePjU1ho0vinRYr+8s9S+I2v3tlcWVu94sl1DeR3AltWtxKJkYPHkNurz8gy3MPqOMmsFipUaOa5nSnUWHq8sJRxdVyUmouzi3Z35LbO1rH8+/R8xuDo8N8V5a8Vh1Vwfih4j0Y0nWpqTU+Lc0rR5YuV2mqiatvfr8R+hAIIBByDyCOhHqOvX6/nXef0GFAHwx/wUM1b4H6d+z49v8avHuvfDuXUfHPgqH4Ra/wCCYBqXxJj+NkOswy/DxPh14fGZPEniRtVHlPom37NqGkS6naX0sFpNLKoB+cv7MH7Yt0f2zvhT+zn/AMFJP2ePC3w2/bUvvBfiif8AZP8A2jxodhBpvxz+HTFpda0zTLkb7rwR8Qv7OsE1HxT4Anup4bGYXiWEuBI1wAfmv/wTs/aY/bV+Hfxu/wCCwfwy/Yu/Y9sP2hfEdp/wU5/aL+Ini/xf8QfHsPw3+G+l6fPbeHtNsvB+i6r5Vxea949vv7FurtNKgjSC2tbrTZLiUC6G0A/o4/4Jv/tyeH/+ChX7LXhP9obSfCGpfDvWrrWvFPgrx58PtXnS6v8Awb4+8C69feGvFOitcxgLc2sWp6fPLp9zw09jLbysqszCgD6Z+PXgr/hZXwN+M/w6MXnjx98KPiL4K8nG7zv+Eq8IaxoflbeM+Z9u24zzu7Zrys9wX9pZJnOXWv8AX8qzHBW7/WsJVoW67+07feff+FHE3+pfil4bcY+09l/qnx9wdxN7VO3s/wCwuIsuzT2l+nJ9V5vkfmf+zX4mPi7Rv+CWPiJpd943wX+K3h7ViTk/2lpPhn4c2d9Dk/MTHe6fOpBORtwcEV9L4R4v674L5zN+9KOC4PU+tq1CeZ0Kut+kk1qtGraWfN7f0zch/wBWvpecb5fTioYeXG3HeLwaWieAzOrg8wwUktnz0K0JaPrpzXTP2Irzz8lCgAoAKAP/0/7+KAPib/gop+zpr/7Vf7HPxp+CvhKWGLxh4j0Kzv8Awl9ona3tp9e8P6tY63a2E8o4VdTisrjTEZ8RxzXkUsnyRsG+L8Q+Ha/FPB+c5LhGljMTQhPCcz5Yyr4erTrRpyfaqoSpq7ilKSbeh/Tf0OvGPKfAb6Rvhr4l8QQqT4cyfNcRhOIPY0lWrUsqzfAYrLK+KpQdnKWBqYmjjZKD55U8POnC0pI/nP8AC37W1j8OP2gv+CZ2kfF34ZfFTwj4v/ZX+GvxJ+HPjfwpH4F1rUNY1Caw8Mah4e0Gbw9BbQH+3GvhbQteSacJ4bMyGZ38kfL/ADxheK6eXcQeGtHNsszTCYvhfLcyy7G4VYKtUrVJQw1TD0JYeMY/vuflTm6akobt2SP9kc++j7iuM/CL6bWYeHnG/AfEPD/jxxrwVxlwxn0+KctwmXYSlis7wmcZtTzetXqpZYsJ9YqRw0MY6NXEKCpxhKo4l349/spfFXW/2C/+CiX7XPjfwVrPgHW/2ivjp4d+Neh/DjVI9mt6P8PNJ8XajDp99qlko82zvrs+NLy+lgmw66dbRXMix7mRbz3hXNK/AniFxbjcFWwFfiHPKGdUMuqq1ajl9HF1FTnVgleE5fXJzaktKcVJrVo5fCjx84Cyz6Vv0PPo9cL8TZbxblng74WZz4ZZpxlgKl8szHjDMOHsHUxeFwOJf7vEYah/q1hsLCrTcovGV6lGEpWTPuH9qTU9R+Mv/BA7whqXg/Tr/wAUarrHwb+BxfTPD1hc6tf/AG/T9T8NQ6tax2OnxT3Dy6fcQTx3SRxEwmKTeFCtX23FFWpnHgRg6mEp1MVVrZPkd6WHhKtU9pTqYaNWChTjOTdOSkppKVrO9rWh/L3gXgsH4cftYuIsFxFjMJkeAy/xG8UVDHZviqOX4T6ri8DnVTAV5YnF1KNGNPGUatKdCU6kfaKpBRu5JS92/wCCcH/BNP8AZJ8Lfs/fszfG3XvgHoz/ABu1D4VeAvFev6t4utL251PTfGV9oVjeandnR9R2Q2F/HfPI/kz2pe1m+6iOle74deG/CeFyDhrOq+RUnnVTK8DisRVxcJyqU8ZOhTlVn7GpyqnUVRt8rinCWq1Vz8r+mb9Nb6QOe+Lvjb4Y5T4r5jHwxwfHnFeQ5TgOHq+Fo4LG8N4XNcVh8Fh/7RwV6mLwk8LGEfaUsQo1qe8pRlLm+dP+C5nm+OvjP/wTa+B2gFbjXvEvx6bWLnT4BuurTSP7e8B2FvqXlJ86WkMVrrs0jgBQlhKRjyjXzvjffHZx4c5JQtKvic9dWdOPxQpe3wMI1LLVRShXbaW0Ha9j9j/Zbqnwv4a/TQ8Uc2UqOVZL4VRy6hi6ulDEZj/ZPFeLq4L2kvdliKs6+V04Qak3PF00175/RNY25tLK0tSdxtrW3ty3qYYkjz+O3Nf0LCPLCEf5Yxj9yt+h/jtiqvt8TiK6VlWr1qqXb2lSU7fLmLVUYHwH/wAFJf2yB+xL+zPrvxO0qxg1Xx3r2p2vgr4daZcjfav4o1e3upotRvohzLY6RaWlxeSR5AmuBa2zYSdzX2HA/DL4qz2hl8pShhacXicZOPxOhCUY+zg+k6spRin0jzSWsUfN8VZ6uH8oq4yKUq85Khhoy1iqs1J881peNOMZSeur5Vpc/il8X+N/jX8XdfvviF8Tvi544vfHPiG4/tHWNR03XL7S2efaqWUTf2fNaRsmmWqpZ2S+UBbwII422iv7vyzgjKcLlOBy14XD08Pg4VFRoxo05qn7eftal3U5pScpO83dc0tdLty/kvG8UZjXzHGY5YitOtipwdWpKpOLn7KPJC0YSiklFJKzTSS7n6jf8EtP+CiPxj+CXx88C/s5fGbxvrfxG+DvxZ1S28L+EdV8TXs2pa14K8U3bi30iO31C5klurjT9SvXg0+6tZpZWSe8triNwocV+H+LfhhgaOX4jOMsw9LD4vCU54mToQjTp4rD09a8alOPLCNalF+0Uopc0Va2qR+p+HXHeLnjKOW4+tOth8ROFCPtZOc6FWelKUJt8zp1Je44yekno9Gz+xCv5QP6FCgAoAKACgD8F/8Agoz4U8U6x/wV4/4IZeItI8N69qvh/wAL+Ov2x5fEuuadpGoX2keHY9R+Btja6fJrmpW1vLZ6THfXP+j2b381utzP+5hLyDaoAv7UPhPxRe/8F7f+Cdni2x8Na9d+GdJ/ZP8A2hNO1jxNaaPqE+haZd3PiO1ktbHUtYht30+zubjeslva3VxFLKDvijYEtQB+89ABQAUAFABQB/LN/wAFvf2zPiZqHxi0z9iv4X+JdT8GeHNH8O6T4r+LWsaLdzWOrazPrlrDqelaELy2kjmh0y30q6sLmWKN0N3c3jLMTDAEb9CwGNyvgLgfG+IWZYOlmOPq4p5ZkGCrJOjLFv2sfa1E01aLo1pSlyycY0kopSnFn8nfSh8aJeFnC+LxNGLqVovD4TDYeNR03jMyxtOpVw9KpONpRw1GhSnXq8usrcmt0j8GLz4daTO1leWt7q2na3plvbQ6frlnfzwajbSWkYjt7hbiN0lE643GRZFcsSdwJJr8LyDx641yLHYytBZficuzHNcZmuPyqrhY/V6tXH154jFQpy5nKlGU5vk0mopLR6xP8jeF/pLeInDGbYzHYergK2CzLOsdnePyyWF5Kc8TmWJnicWqFeM/a0Oac5cklzOOi5ep/UD/AMEOv20viN8ZvDnxF/Zt+Mes3Pibxh8E4NJvfC/izUJnuNT1vwZqcl1aQ2Oo3En7y6udFntFEd3KWlls7y1jkd3iZ2/c+LsPlGa5RkHHOQUvq2X8S4d1K+ESssNjYKLqwUVorycoyUbJThJpK6R/th4D+JVLxI4Py7NqcqkqeKwOHxlB1XzVacKnNTrYWtLTmqYWtTlScrO6td3TP3/r8+P3M/BH/gs54M+JGh/HL/glx+1zp/hjxD44+An7JH7THjHxF+0P4c8M6Zda9f6NoHxI8FWvgzwx8SrjQLGOe81LS/AGp/bb/UZ7a3uLjTI7pJ4Y8zOygFH9rjwpoH/BRj9t3/gmdqv7Pklz4n8J/smfE3xv+0F8W/jDaaTq2l6J4V0DUvC2maT4W8BWWr6lZWL6h4i8b6vGs11pFp5qWejaXdy3zRvMiMAan/BEDwp4p8L+NP8Agr1J4l8N694ej8Q/8FXf2hte0B9c0jUNKTW9Du9F8GJa6zpD31vAupaVcvFKlvqNkZ7OZo5BHM5VtoAv/Bvl4T8UeD/2W/2g9O8VeGte8L3dz+21+0zqNlY6/o+oaLcT6bd/EC/ktb61ttRt7aSWxulzJbXMSNbzId8UjqQ7AH7A/tEfG3w5+zf8EPib8dPFtjqOqeHfhh4U1DxVqem6QsZ1LUIrLYkVlZ+biJJrq4mhhEsv7qEOZZMojCvG4hzrD8OZJmeeYunUq4fLMLUxVWnSt7SooWShC+ilKTUbvRXu9mfpPg94Y5z4z+J/BHhZw/i8Hgc444z7CZFgcbmDmsFg54nmlUxOJ9mnUlToUadWq6dNc9RwVOFpSR/Ml/wTi/4KE+Bvip8Yf2SvgVY+APF3h2TwJ8RPj7Lo+u6jc6fcafe+H/irNrGu+FdKht7YCeOXRNO0iCx1CZmNu8yiS3HljFfNfR64+weaeH/iFkX9nY3CrB1cjrYevWcHSq0cyzvOKuDp04xSadGlF06kr8t9Y3TP73/adfRI4j4H8U+AfFWfGnDWey4kyXGYHOMoy+GJp47A5rwPwbwhl/EONxNSo5U+XM8diXi8JRfLXjTlyVkpu5/WnX3x/l+FABQAUAf/1P7+KACgD4M+N/7K/i34mftqfsl/tI6Tq2h2nhf4D6R8SbLxPpt6kx1fUZPFWky6fpS6WYwYyElvZpZjMdsaQOBh5Ur4XO+F8XmXGfCnEdGrQhhcio5lDE05qTrVHiqTp0lStpo5ttt+7yvSXMuX+rvDDx44f4I+jP8ASB8GMfl+aYjPfFbMeC8TkeNwsqay/BwyHMIYzHyx3O1Nc1PDU6dONNOVSVWLfu05I+vfiT4A8O/FX4f+NPhr4ttFvfDPjvwxrXhTW7YhSX07W7CawuHi3AhZ4Vn8+3kxmKeOKRcMor63MsBh80wGNy3Fx58NjsNWwteO96dem6cmtveSleLvpJJ6WP534L4tzjgLi7hrjXh+u8NnfCueZZn2WVk2lHGZZi6WLoxnbV0qkqXsq0Np0pzg9JM+bv2GP2UJP2MPgJpnwGTx9f8AxD0TQNf8Sal4f1DU9PhsZ9N0nX9WudWTRfLieRZYrOe6mEchP3GCLhFUL85wPwq+DchpZEsfUzCjh6+JqYepUgoSp0sRVlV9jZbqEpuzvtolFfF+0fSl8fYfST8WMb4rPhPC8H5nm2U5Lgs3wmCxdTFUsbmGU4Cjl7zLnnGm6dTEUsPS54JfFHmbcpSZ6Z8S/gT/AMLI16LXR8Vvi34K8qxhsf7J8D+Ko9F0hxC8jfaXtGsbjN0+/bJL5nzKqgKMGv1bKOJf7JwssL/YuR5herKr7fMcE8RXXMkuRVFVhaCtdRtu2fypmWR/2liFX/tXNsHaCh7LBYv2NJ2153Dkbc3fWTetlotWfDHiL/gljovjH9pbwz+0D4u+PvxZ19/Afhn+yPAdvf6lazeLPDGpSGfzr6x8Vm23Jav9v1VxZ/YGIfUGPmjyY2XzcRmlDGcSYbP8XwnwPiPqOG9jgY1MgbxeFqPmvUp4v61dR/eVny8j1qdbRP2TJuP804c8FM78I+HuKPEjKI8VZ4sx4qq4TjOdLh/PMFD2Xs8JishWBalXX1TAReJ+t2ccIl7J881L6i/4ZIk/6OJ/aOH/AHUCH/5Vt/P8/wCH6f8A14X/AESvCi/7pb/SrH+u2vN+FPhO+3EPES/7qEfz9j+Fvn0D/hkiT/o4r9o7/wAL+H+ukkfp+dP/AF5X/RKcJ+v9mS/+Xh/qn/1UHEV+/wDaC/8AlTX4fcflh/wV7/Yp8bXH7Ksvj7wR43+K/wAYNU+FvirTvFeqeFfG+ujxNbw+GDbXVrrOs6TY29hayjUdMkawmkdPNK2H2uXYREQ33/hrx/hafEcMPick4eyyGNoujTxGEwboSeIjOM6VOdSVWS5ZrnS0+Pk3u4nx3HHBuInks6+HzXOsdLC1FUnRxGKVWKouLjOpGKp3coNxbs/g5m72P5j9E8TaNrNhFdW+oxRtsUT2880UM9vKB88UschRgyNkE4x34ziv7PwuYYXFUYVIVacbxTcZTinF9V/X4by/mOvgsRQqShL2ujdmoXTV9Gv+HfyteX0L+xn8IfE37Un7Xnwf+HfgCG8msPCXifTfHPjXxrpyNnwXo/h2/tdTbULLUlVorLVHubK3tNMmbfnUJ4nSOVLaTb+Z+JvGGXZJkWNqTp4TFydCthqNDER9pDEYjEQ9l7JR93mgotyrW05E0+VtOX3PAnDONzXNsNGNbFYdRrU69SrRlyTo0aElU9o3a0ZOSUad7XlK+iVpf2df8Ml3Y6ftH/tHf+F3bD/3Dt/P88/L/Hf+u8P+iT4Tt/2Lan/y8/pX/VWX/RRcR/8AhfH/AOUL8/uF/wCGTLz/AKOQ/aN/8Lm0/wDlTT/13pf9Enwp/wCG2p/8vF/qpU/6KTiL/wALY/8AysT/AIZMvu37SX7RwHp/wnNp/wDKn/P4Uf670v8Aok+FP/DbU/8Al4/9VZ/9FHxHfv8AXo/l7F/n91w/4ZNvx/zcn+0d/wCFzaf/ACoP8vyo/wBd6X/RJ8Kf+G2p/wDLxf6qVP8AopOIv/C2P/ysX/hk/UO37Sf7Ro/7ni0/+U6/z/L+I/13pf8ARJ8Kf+G2p/8ALw/1Uqf9FJxF/wCFsf8A5WNP7JupEgn9pX9o0lfuk+N7IkZ64P8AY3GeOlH+u9L/AKJLhR/902p/80L8/uD/AFVqf9FJxF/4Wx/+Vv8AL7xf+GTtSBDf8NK/tG7gCA3/AAm1iSAeoB/sbIBwMgDnjOMUf670f+iQ4TXpl1VflX/r7x/6rVX/AM1JxD/4Wwf50P6+SHH9lHVf+jl/2jh7/wDCbWX/AMpqP9d6P/RI8Kf+EFb/AOXi/wBVat/+Sl4ht2+t0/z9l/7b5eY3/hlDVv8Ao5n9o7/wtbL/AOU1P/Xag/8AmkeFf/DfVf51/wCvkilwtVW3EnEP/hbD/wCUr8/vshf+GUdX/wCjmP2jf/C1sf66NS/11w//AESHCn/huqf/AC8l8K1m2/8AWXiH/wAK6b/9xr+u9rif8Mo6x2/aa/aNX/udLDn/AMo1H+uuH/6JDhT/AMN1T/5eC4VrL/mpeIvli6a/OlL+u+8V/wCGUta/6Oc/aN/8LPTz/PSF/l+WRuP9dcP/ANEhwp/4bqn/AMvB8K12/wDkpuIf/Cum/wAqUfy+77X80n/BYn9k/wAf/s9/GzRP2ho7nxh8TPht4/0TStC8XfETXn/tjxNoPiLR7aLSrXT9dvraGGKPT5NMstPOlyyQRxuiSWglM0Cef93hc1wnHfBWM4dw/DvCc88yvESzDKcpx+Dn/ZuKvzzmqdNV4SjWn7SrFzVSXLJptcspOH8u/SS8Jcx4g4dxE8FChxFi4exxeBhxJF4vCSx2FpypKhWdN0nSlVw8nDD1m3GM/dkrOTPyauPH/g+3smvj4jilQIWSKKTfcSMBny0i2ht59DgenT5vxHCZPx7i8zjla8EOEKFV1fZzxGIyetTwlKN7OrOu8dyqmkr8yu3daO9j/MzA8C+JmMzeGT/8QW4ew9Z1VTqYnE5VUpYKjG+tapifrXJ7JLXmWr7SukfvV/wRg/Yt+JHjPQviL+0p4o8RfEH4Kaf43ez8O+AJvCNyNA8ReJ9B06aea/1XVWvrW4abSZLh7e20wrDF5r2txOrvC8e79u4q4kyrhnKci4PwvD/DGMqZZQ9rmNKlhJ/2fh8ZWSlUhhKarTcPflOTUpyaUknyvQ/1r8EfC/EcOcKYLDvGYjJVRwtKhGjkq+p4SdVuVXGToUqvtZRw8sROXsk5X+J3aaR+6v8Awyp4hP8AzdF+0cP+5v03+uk/5/KvhP8AXTCf9Ebwp/4Q1X+VaP5fdZ837X/qtiP+in4h/wDCumvyoy/P77vlRv2U/EDIyN+1B+0W6MpVlfxbpbqysMMrKdGbcpBIIOQRweMil/rphf8AojeE/wDwhrf/AC8P9VsR/wBFNxD/AOFdP9aK/P7ytZfsj6vpsC2unftL/tBWFspZlt7LxJo9rArMSzFYoNGjjBZiWYheSSTnrT/10wn/AERvCn/hDW/+Xi/1WxH/AEU/EX/hVR/+Vlofsq+JFzj9qP8AaMGTk48WaUMk9z/xJiSfcnP1o/10wn/RG8Kf+ENb/wCXh/qtiP8Aop+Iv/Cqj/8AKwX9lbxKudv7Un7Ri5JJ2+K9KGSTkk40bqTyT3P1o/1zwb/5o3hT/wAIay/Kv/XzYf6rYj/op+Iv/Cqj/wDKzyX48/sF+I/jN8HPiL8Lpv2nvjVeJ428M32ipaeMNYsNZ8LzzyhJbaPXtMt9Ntrm90w3MMP2uGCeKYx5aJt6qG8nPeIcFnGT5jlcuCuDKixuGnR5MZluIrYWUnrFV6UcVCU6XNFc0Yyi7ba6S/QPCnHY7w38R+DuOqXF/HeGlwznmFzN1+Hc3wuW57SpU3KFeeVY6thcRRw2OVGpP2FSrRnS57KolByZ+OHwJ/4JB/EP9nv9rX4F6B4i+OOgvJe6N408YaXrHwt0XVNE8ReG9N8FW1jpeIbrWRcQRvf3Pi+GGKZYpBFFBeI4zLE6rw8w08j4S4ux+N4S8OqFCni+FcBhMNkuTY7DUq8acs5ryp4pV8XL2joLknheRx5JSrOTlzRjH9y+kn485B4p53wrgeGuKvpAYjHYrCcc47PcT4icZZDnMZ4vNlwtRhisBHK8toeyVeOCxFPMo1V+/wCXA+z5fY1ZS/fnSv2ZfFGm6pp2oSftOftBajFYX9neyabf+JtLlsdQjtbiOd7K9jXSY2ktLpUMFyisrNDI6hlJBr0q3F+Cq0atL/U/hinKpTqU41qeFrxqUXODiqlNuu0pwb54Nr4kt7H8o0uG8TTq06j4l4gqKFSE3TqYqk6c1GSbhUXsdYStaSXLeLt5n1eBgAZJwAMnqcdz7nqa+JZ9ULQAUAf/1f7+KACgAoAKACgAoAKAOW8deNfDPw28E+MfiL411WDQvBvgHwt4h8a+Ldbut32bRvDPhXSbvXde1W52Bn8jTtKsLq7m2KzeXC20E4FAHxn+zD/wU3/Yj/bE8XHwB8APjjoXjHxs/hj/AITWw8LT2GsaFrGteDvOit/+Ep0G21qwsRrehCe4hi/tHTZLmDdKuCVJagD7wngguoJrW6hiuba5ikguLeeNJoJ4JkMcsM0UgaOWKWNmSSN1ZHRirAqSKabi1KLcZRacZJ2aa1TTVmmnqmnp5CaTTTSaaaaaumno009Gmt0/1Pyo+KX/AARa/YE+K3i+68aal8M9Z8LalqF499qNj4E8T3nhrRb65lcyzyTaXFDcRJ9olJeVITHGSzBUQHNfoGX+J/F+XYZYWnjqdeEY8kZYuiq9WMdklUck3ZaK8b972vL47GcB8N42s688JOlKUueUcPVdKEpPduHK1q9X+EVf3ftL9nf9lD4Bfsq+G5vDHwO+HejeDLS9ZJNV1C3j+063rMqcJJqurzg3d2UBOyPckCFmZIUZnZ/mM64hzfiCuq+a4yriZR0pwb5aVJdqdNe7H7r+cvs+9lmTZbk9J0svw0KClbnktalRrZzm9Zfgt9Fe8voqvFPUCgAoAKACgAoAKACgAoAKACgD550L9qz4BeJfAni34k6F8RtE1Lwb4F1q38P+K9Xt3kKaNq13qFjpdtbXcJQTL9ovdSsoopBG0beeCGOHVPMp5zltbDVsXTxVOVDDzVOtNX/dzcowipLfWU429fU/K8t8a/DHN+Gs84uy3izLsZkHDeYUsrzvHUXOUcvxtfFYbB0aVenZVF7XEYvDwhNR5Ze0TV7SR7J4g8OeF/Hfh660HxRomk+J/DWt2ipeaTrVhb6jpt9azoGUTWl1HJE/ysHjYrvjbDoyuAy+xh8RWw1SniMNWqUasGp06tKcoTi+jUlZr9eqex+muNDGYdc8IV8PXpxnyzipQnCaUotpprVNNafdY+LtH/4JhfsE6D4oTxhpn7Mnw3h1uG6F9bySWN5c2lvdh/M8+Kwub2Wz3Fzko9u8R6eWAAF+oq8d8XVqDw088xrpcvI0pxUpR2s5qMZbdU7+mjPEp8J8O063t45VhVUT5k3GTSe91FzcVr3Ul0s18P3RY2Fjpdnbadptna6fp9lBHbWdlZQRWtpa28KhIoLe3hVIoYY0ULHHGioigAAACvlJzlUlKc5SnObcpSk3KUpPdtu7bb3bf36n0MYxhFRjFRjFJRjFJJJbJJWSSXl9xbqRhQAUAFABQAUAfG8J/wCEn/buv5YP3lv8Kv2ddL0+7btBq3xJ8Z6rfvCOuGfSvC2mTMOG2uhIKlTX3sr4Pw3pRlpLOuKq1WC6yoZTl9Ckpeir42tFX7PsfHr/AGnjmclrHK+HqdOT/lq5jjKtRr1dLDUm9dmr2ujuv2of2s/gJ+xr8O9O+Kn7RXju0+H/AIJ1jxjofw/0jVLmzv8AUJdU8ZeJINSudD8PafY6bb3N5d6lqUOkai1rbwwu8ptmVQzlVb4I+wJ/2bf2rv2fv2uvBV98QP2efiXofxI8N6Rrl34Z16bSvtVvf+HfEmnrG99oGv6TqEFrqWkataLNE01ne20Miq6sAysDQB9D0AFAH//W/v23r6/pQAb19f0oAN6+v6UAG9fX9KADevr+lABvX1/SgA3r6/pQB8jf8FALG+1f9g79tnSdJsrzU9V1T9kb9pHTtN03T7Wa8v8AUNQvfg34ztrOxsbS3SS4ury7uJYoLa2gjkmnmkSKJGdlVgD+Xj/gkn8EfjT8Ef2w/wDgmT4o/antfFfj7Q/iF/wTF0bwp+zB4m0/4f3ng6y+A+v6dbaPrfjr4N/FC0sLAm+199ES0utG8ReJbmzkMVpNaG2+33DooB/aBvX1/SgA3r6/pQAb19f0oAN6+v6UAG9fX9KADevr+lABvX1/SgA3r6/pQAb19f0oAN6+v6UAG9fX9KADevr+lABvX1/SgA3r6/pQB/L/AKt8H/id8NP2Z/D/AI28FeE/Ed7pHx9uE+H3xd8KwaVqP23TfEfhb4x2/iHwV41k0wW5uY1n0PS7vR7iUW6oyiC4mc+YhX8jqYDGYXKaWIw9GrKnmT+rY6ioz5oVaWO9rQr8llJXpxlTfu22baumf4443gHjLhDwhyriHh7Is2xGB8TqkeF+Oclp4LE/WMJmuS8e0s04f4hnhFSdaKq5dg6+AqzVOMWlTqVJvmjI/pu0U7NH0lHBVl02xVlZSGVltYgVIOCCCMEEZB64r9Zp/wAOH+CP5H+wWXxccBgYyTUo4PDRkmrNNUYJpp6pp6NP9DS3r6/pVnYG9fX9KADevr+lABvX1/SgA3r6/pQAb19f0oAN6+v6UART3VvawTXNzNHb29vFJPcTzMscMMEKGSWWWRiqxxxxqzu7MqqqliQATVRjKcowhFynOSjGMU3KUpO0YxSu222kkldvRXFKUYxcpNRjFOUpN2UYpXbbdkklq2391j4y/ZIlk8e6v8cf2hp0kFl8X/iJLa+CZJUZGm+HHgCyg8H+F7tUbBEOrnTLzXICPleLU1kGd+a++44Syyhw5wtFr2mRZUp5ilZqObZnUlj8ZC/WVD21PDS7OjbofHcJt4+rnXEEk1DN8wcME3pzZdgIRwmGmlbRVfZzrLVpqpe7vc/OH/g4S8F/FDx7+zx+xPo/wc0+S88e2v8AwVD/AGP9W0i/k8M6l4r0bwzLZS/EFYPFPirSNLhmnk8K6JfXFnca5JJ5NuLQmKWeIzIW/Pz7I+yP+CdP7BusfsYW/wC0T40+IfxK034o/Gv9qn406t8bvixr3hnwvD4K8D2Wvahp1hpNvo3g7wtA7jT9Js7PTon8y4LXc88shldlVDQB+lG9fX9KADevr+lAH//X/vvyvqPzoAMr6j86ADK+o/OgAyvqPzoAMr6j86ADK+o/OgAyvqPzoAMr6j86AE+Xj7vHTpx9PT8KAFyvqPzoAMr6j86ADK+o/OgAyvqPzoAMr6j86ADK+o/OgAyvqPzoAMr6j86ADK+o/OgAyvqPzoAMr6j86ADK+o/OgAyvqPzoAMr6j86ADK+o/P8AwoAMr6j86ADK+o/OgAyvqPzoAMr6j86ADK+o/OgAyvqPzoA+QfgL4l1nwT8Tfij+zx421W+1O/0jU7v4j/DHWtXu3ubvxH8NPF1/cXX2UXE2HuLrwfrbX2gXaL/qLSLTpAAk6Ffu+JsLhsxyjJuKcuo0qNKvRhlWcYehBQhhc3wNOEOflimlDH4f2eKg21zTlVWriz5LIsTWwWZZnw9jas6lSjVnmGW1qsuaeIy7FzlPl5ndznhKznQmr+7CNOzal7319lfUfnXwh9afFP7RPjSb4q6/B+yb8O7u4uNW8bwCL41+I9HuGj/4Vv8ACm7/AHOvQtfwkra+LPFlk02jaHaF0uIYri5v5ERIkdv0HhXARyXDT42zSEIUcuk5cPYSvFP+1s7hrhpKnLWeCwNRRxGJqW5ZOMKS5nJo+M4hxks0rrhXL5ylVxsVHOcRRlb+zsrnpXXtFdQxWKg3SoweqUpTdrKR9beFPDOieCvDWheEvDlnDp2heHNLstH0qxgASK2sbCBLe3jVRkcRoMnOSck5zXxGNxmIzDF4nHYupKricXWqV61STu5VKsnOT+96LofV4XDUcFhqGEw8FToYelCjShFWUYU4qMV9y363OgJU9ccHPJzz/Q+9cp0BlfUfnQAZX1H50AGV9R+dAH//0P76KACgAoAKACgAoAKACgAoAKACgAoAKACgAoAKACgAoAKACgAoAKACgAoAKACgAoAKACgAoA+RP2u/BOfBcHxw8N6tN4Y+JnwLg1DxT4W162tluk1DTHSJde8H65ama2+3aBr8Eca3ELTbrW5hhvLcCaP5vueBsxtmEuHcXQjjMo4jlTweMw05uDpVlzPDY7Dz5Z+zxOGk24S5Jc8JSpy5YybPkuLcF/sSzvDVpYXMsjjUxWFrwjzKpTsvb4SvHmhz4fERSUld8skqkbOK5vlvVP20PiN8VZfg/wDDbwdY2Hwu1j4v6ZHNq3ji2mPijUdBhZIkul8PaXd2uk2kF5KJXa2vb24vfsbbGFtKybq+yocAZVkyz3NsfUqZzQyOry0MunH6nSxMvfcHiq0J1pyhHlSnTpxp+0V7zjdI+Zq8Y5jmksny3Bwp5ZWzimnVx0W8VUw8Wvf+r0pqlFTd/dnOUuR2912P0F+D/wAGPBfwW8PS6L4Vt7m4vtTuW1LxN4o1idtQ8TeK9Zm5uNW17VZcz3lzKxOxCwgt0PlQRogAr8wz7P8AMM/xar42cI0qMfY4PB0IKlhMFh4/DQw1GLcYQStd/FJq8mz77KMmweTYd0MLGUp1JuricTWl7TE4qs/iq16rblOb6bKK0SsketV4Z6oUAFABQAUAf//Z</file>
<file name="pdr_regularni.jpg" path="/" encoding="base64">/9j/4AAQSkZJRgABAQAASABIAAD/4QBMRXhpZgAATU0AKgAAAAgAAgESAAMAAAABAAEAAIdpAAQAAAABAAAAJgAAAAAAAqACAAQAAAABAAAAiaADAAQAAAABAAAAggAAAAD/4QkhaHR0cDovL25zLmFkb2JlLmNvbS94YXAvMS4wLwA8P3hwYWNrZXQgYmVnaW49Iu+7vyIgaWQ9Ilc1TTBNcENlaGlIenJlU3pOVGN6a2M5ZCI/PiA8eDp4bXBtZXRhIHhtbG5zOng9ImFkb2JlOm5zOm1ldGEvIiB4OnhtcHRrPSJYTVAgQ29yZSA1LjQuMCI+IDxyZGY6UkRGIHhtbG5zOnJkZj0iaHR0cDovL3d3dy53My5vcmcvMTk5OS8wMi8yMi1yZGYtc3ludGF4LW5zIyI+IDxyZGY6RGVzY3JpcHRpb24gcmRmOmFib3V0PSIiLz4gPC9yZGY6UkRGPiA8L3g6eG1wbWV0YT4gICAgICAgICAgICAgICAgICAgICAgICAgICAgICAgICAgICAgICAgICAgICAgICAgICAgICAgICAgICAgICAgICAgICAgICAgICAgICAgICAgICAgICAgICAgICAgICAgICAgICAgICAgICAgICAgICAgICAgICAgICAgICAgICAgICAgICAgICAgICAgICAgICAgICAgICAgICAgICAgICAgICAgICAgICAgICAgICAgICAgICAgICAgICAgICAgICAgICAgICAgICAgICAgICAgICAgICAgICAgICAgICAgICAgICAgICAgICAgICAgICAgICAgICAgICAgICAgICAgICAgICAgICAgICAgICAgICAgICAgICAgICAgICAgICAgICAgICAgICAgICAgICAgICAgICAgICAgICAgICAgICAgICAgICAgICAgICAgICAgICAgICAgICAgICAgICAgICAgICAgICAgICAgICAgICAgICAgICAgICAgICAgICAgICAgICAgICAgICAgICAgICAgICAgICAgICAgICAgICAgICAgICAgICAgICAgICAgICAgICAgICAgICAgICAgICAgICAgICAgICAgICAgICAgICAgICAgICAgICAgICAgICAgICAgICAgICAgICAgICAgICAgICAgICAgICAgICAgICAgICAgICAgICAgICAgICAgICAgICAgICAgICAgICAgICAgICAgICAgICAgICAgICAgICAgICAgICAgICAgICAgICAgICAgICAgICAgICAgICAgICAgICAgICAgICAgICAgICAgICAgICAgICAgICAgICAgICAgICAgICAgICAgICAgICAgICAgICAgICAgICAgICAgICAgICAgICAgICAgICAgICAgICAgICAgICAgICAgICAgICAgICAgICAgICAgICAgICAgICAgICAgICAgICAgICAgICAgICAgICAgICAgICAgICAgICAgICAgICAgICAgICAgICAgICAgICAgICAgICAgICAgICAgICAgICAgICAgICAgICAgICAgICAgICAgICAgICAgICAgICAgICAgICAgICAgICAgICAgICAgICAgICAgICAgICAgICAgICAgICAgICAgICAgICAgICAgICAgICAgICAgICAgICAgICAgICAgICAgICAgICAgICAgICAgICAgICAgICAgICAgICAgICAgICAgICAgICAgICAgICAgICAgICAgICAgICAgICAgICAgICAgICAgICAgICAgICAgICAgICAgICAgICAgICAgICAgICAgICAgICAgICAgICAgICAgICAgICAgICAgICAgICAgICAgICAgICAgICAgICAgICAgICAgICAgICAgICAgICAgICAgICAgICAgICAgICAgICAgICAgICAgICAgICAgICAgICAgICAgICAgICAgICAgICAgICAgICAgICAgICAgICAgICAgICAgICAgICAgICAgICAgICAgICAgICAgICAgICAgICAgICAgICAgICAgICAgICAgICAgICAgICAgICAgICAgICAgICAgICAgICAgICAgICAgICAgICAgICAgICAgICAgICAgICAgICAgICAgICAgICAgICAgICAgICAgICAgICAgICAgICAgICAgICAgICAgICAgICAgICAgICAgICAgICAgICAgICAgICAgICAgICAgICAgICAgICAgICAgICAgICAgICAgICAgICAgICAgICAgICAgICAgICAgICAgICAgICAgICAgICAgICAgICAgICAgICAgICAgICAgICAgICAgICAgICAgICAgICAgICAgICAgICAgICAgICAgICAgICAgICAgICAgICAgICAgICAgICAgICAgICAgICAgICAgICAgICAgICAgICAgICAgICAgICAgICAgICAgICAgICAgICAgICAgICAgICAgICAgICAgICAgICAgICAgICAgICAgICAgICAgICAgICAgICAgICAgICAgICAgICAgICAgICAgICAgICAgICAgICAgICAgICAgICAgICAgICAgICAgICAgICAgICAgICAgICAgICAgICAgICAgICAgICAgICAgICAgICAgICAgICAgICAgICAgICAgICAgICAgICAgICAgICAgICAgICAgICAgICAgICAgICAgICAgICAgICAgICAgICAgICAgICAgICAgICAgICAgICAgICAgICAgICAgICAgICAgICAgICAgICAgICAgICAgICAgICAgICAgICAgICAgICAgICAgICAgICAgICAgICAgICAgICAgICAgICAgICAgICAgICAgICAgICAgICAgICAgICAgICAgICAgICAgICAgICAgICAgICAgICAgICAgICAgICAgICAgICAgICAgICAgICAgICAgICAgICAgICAgICAgICAgICAgICAgICAgICAgICAgICAgICAgICAgICAgICAgICAgICAgICAgICAgICAgICAgICAgICAgICAgICAgICAgICAgICAgICAgICAgICAgICAgICAgICAgICAgICAgICAgICAgICAgICAgICAgICAgICAgICAgICAgICAgICAgICAgICAgICAgICAgICAgICAgICAgICAgICAgICAgICAgICAgICAgICAgICAgICAgICAgICAgICAgICA8P3hwYWNrZXQgZW5kPSJ3Ij8+AP/tADhQaG90b3Nob3AgMy4wADhCSU0EBAAAAAAAADhCSU0EJQAAAAAAENQdjNmPALIE6YAJmOz4Qn7/4htESUNDX1BST0ZJTEUAAQEAABs0YXBwbAIQAABtbnRyUkdCIFhZWiAH5AABAAEACAAyADRhY3NwQVBQTAAAAABBUFBMAAAAAAAAAAAAAAAAAAAAAAAA9tYAAQAAAADTLWFwcGwAAAAAAAAAAAAAAAAAAAAAAAAAAAAAAAAAAAAAAAAAAAAAAAAAAAAAAAAAAAAAABFkZXNjAAABUAAAAGJkc2NtAAABtAAABDZjcHJ0AAAF7AAAACN3dHB0AAAGEAAAABRyWFlaAAAGJAAAABRnWFlaAAAGOAAAABRiWFlaAAAGTAAAABRyVFJDAAAGYAAACAxhYXJnAAAObAAAACB2Y2d0AAAOjAAABhJuZGluAAAUoAAABj5jaGFkAAAa4AAAACxtbW9kAAAbDAAAAChiVFJDAAAGYAAACAxnVFJDAAAGYAAACAxhYWJnAAAObAAAACBhYWdnAAAObAAAACBkZXNjAAAAAAAAAAhEaXNwbGF5AAAAAAAAAAAAAAAAAAAAAAAAAAAAAAAAAAAAAAAAAAAAAAAAAAAAAAAAAAAAAAAAAAAAAAAAAAAAAAAAAAAAAAAAAAAAAAAAAAAAAAAAAAAAbWx1YwAAAAAAAAAjAAAADGhySFIAAAAUAAABtGtvS1IAAAAMAAAByG5iTk8AAAASAAAB1GlkAAAAAAASAAAB5mh1SFUAAAAUAAAB+GNzQ1oAAAAWAAACDGRhREsAAAAcAAACIm5sTkwAAAAWAAACPmZpRkkAAAAQAAACVGl0SVQAAAAUAAACZHJvUk8AAAASAAACeGVzRVMAAAASAAACeGFyAAAAAAAUAAACinVrVUEAAAAcAAACnmhlSUwAAAAWAAACunpoVFcAAAAMAAAC0HZpVk4AAAAOAAAC3HNrU0sAAAAWAAAC6npoQ04AAAAMAAAC0HJ1UlUAAAAkAAADAGZyRlIAAAAWAAADJG1zAAAAAAASAAADOmhpSU4AAAASAAADTHRoVEgAAAAMAAADXmNhRVMAAAAYAAADamVzWEwAAAASAAACeGRlREUAAAAQAAADgmVuVVMAAAASAAADknB0QlIAAAAYAAADpHBsUEwAAAASAAADvGVsR1IAAAAiAAADznN2U0UAAAAQAAAD8HRyVFIAAAAUAAAEAHB0UFQAAAAWAAAEFGphSlAAAAAMAAAEKgBMAEMARAAgAHUAIABiAG8AagBpzuy37AAgAEwAQwBEAEYAYQByAGcAZQAtAEwAQwBEAEwAQwBEACAAVwBhAHIAbgBhAFMAegDtAG4AZQBzACAATABDAEQAQgBhAHIAZQB2AG4A/QAgAEwAQwBEAEwAQwBEAC0AZgBhAHIAdgBlAHMAawDmAHIAbQBLAGwAZQB1AHIAZQBuAC0ATABDAEQAVgDkAHIAaQAtAEwAQwBEAEwAQwBEACAAYwBvAGwAbwByAGkATABDAEQAIABjAG8AbABvAHIgDwBMAEMARAAgBkUGRAZIBkYGKQQaBD4EOwRMBD4EQAQ+BDIEOAQ5ACAATABDAEQgDwBMAEMARAAgBeYF0QXiBdUF4AXZX2mCcgAgAEwAQwBEAEwAQwBEACAATQDgAHUARgBhAHIAZQBiAG4A/QAgAEwAQwBEBCYEMgQ1BEIEPQQ+BDkAIAQWBBoALQQ0BDgEQQQ/BDsENQQ5AEwAQwBEACAAYwBvAHUAbABlAHUAcgBXAGEAcgBuAGEAIABMAEMARAkwCQIJFwlACSgAIABMAEMARABMAEMARAAgDioONQBMAEMARAAgAGUAbgAgAGMAbwBsAG8AcgBGAGEAcgBiAC0ATABDAEQAQwBvAGwAbwByACAATABDAEQATABDAEQAIABDAG8AbABvAHIAaQBkAG8ASwBvAGwAbwByACAATABDAEQDiAOzA8cDwQPJA7wDtwAgA78DuAPMA70DtwAgAEwAQwBEAEYA5AByAGcALQBMAEMARABSAGUAbgBrAGwAaQAgAEwAQwBEAEwAQwBEACAAYQAgAEMAbwByAGUAczCrMOkw/ABMAEMARAAAdGV4dAAAAABDb3B5cmlnaHQgQXBwbGUgSW5jLiwgMjAyMAAAWFlaIAAAAAAAAPNSAAEAAAABFs9YWVogAAAAAAAAYWwAADgyAAAKQlhZWiAAAAAAAABvHAAArpUAABaZWFlaIAAAAAAAACZOAAAZOQAAslJjdXJ2AAAAAAAABAAAAAAFAAoADwAUABkAHgAjACgALQAyADYAOwBAAEUASgBPAFQAWQBeAGMAaABtAHIAdwB8AIEAhgCLAJAAlQCaAJ8AowCoAK0AsgC3ALwAwQDGAMsA0ADVANsA4ADlAOsA8AD2APsBAQEHAQ0BEwEZAR8BJQErATIBOAE+AUUBTAFSAVkBYAFnAW4BdQF8AYMBiwGSAZoBoQGpAbEBuQHBAckB0QHZAeEB6QHyAfoCAwIMAhQCHQImAi8COAJBAksCVAJdAmcCcQJ6AoQCjgKYAqICrAK2AsECywLVAuAC6wL1AwADCwMWAyEDLQM4A0MDTwNaA2YDcgN+A4oDlgOiA64DugPHA9MD4APsA/kEBgQTBCAELQQ7BEgEVQRjBHEEfgSMBJoEqAS2BMQE0wThBPAE/gUNBRwFKwU6BUkFWAVnBXcFhgWWBaYFtQXFBdUF5QX2BgYGFgYnBjcGSAZZBmoGewaMBp0GrwbABtEG4wb1BwcHGQcrBz0HTwdhB3QHhgeZB6wHvwfSB+UH+AgLCB8IMghGCFoIbgiCCJYIqgi+CNII5wj7CRAJJQk6CU8JZAl5CY8JpAm6Cc8J5Qn7ChEKJwo9ClQKagqBCpgKrgrFCtwK8wsLCyILOQtRC2kLgAuYC7ALyAvhC/kMEgwqDEMMXAx1DI4MpwzADNkM8w0NDSYNQA1aDXQNjg2pDcMN3g34DhMOLg5JDmQOfw6bDrYO0g7uDwkPJQ9BD14Peg+WD7MPzw/sEAkQJhBDEGEQfhCbELkQ1xD1ERMRMRFPEW0RjBGqEckR6BIHEiYSRRJkEoQSoxLDEuMTAxMjE0MTYxODE6QTxRPlFAYUJxRJFGoUixStFM4U8BUSFTQVVhV4FZsVvRXgFgMWJhZJFmwWjxayFtYW+hcdF0EXZReJF64X0hf3GBsYQBhlGIoYrxjVGPoZIBlFGWsZkRm3Gd0aBBoqGlEadxqeGsUa7BsUGzsbYxuKG7Ib2hwCHCocUhx7HKMczBz1HR4dRx1wHZkdwx3sHhYeQB5qHpQevh7pHxMfPh9pH5Qfvx/qIBUgQSBsIJggxCDwIRwhSCF1IaEhziH7IiciVSKCIq8i3SMKIzgjZiOUI8Ij8CQfJE0kfCSrJNolCSU4JWgllyXHJfcmJyZXJocmtyboJxgnSSd6J6sn3CgNKD8ocSiiKNQpBik4KWspnSnQKgIqNSpoKpsqzysCKzYraSudK9EsBSw5LG4soizXLQwtQS12Last4S4WLkwugi63Lu4vJC9aL5Evxy/+MDUwbDCkMNsxEjFKMYIxujHyMioyYzKbMtQzDTNGM38zuDPxNCs0ZTSeNNg1EzVNNYc1wjX9Njc2cjauNuk3JDdgN5w31zgUOFA4jDjIOQU5Qjl/Obw5+To2OnQ6sjrvOy07azuqO+g8JzxlPKQ84z0iPWE9oT3gPiA+YD6gPuA/IT9hP6I/4kAjQGRApkDnQSlBakGsQe5CMEJyQrVC90M6Q31DwEQDREdEikTORRJFVUWaRd5GIkZnRqtG8Ec1R3tHwEgFSEtIkUjXSR1JY0mpSfBKN0p9SsRLDEtTS5pL4kwqTHJMuk0CTUpNk03cTiVObk63TwBPSU+TT91QJ1BxULtRBlFQUZtR5lIxUnxSx1MTU19TqlP2VEJUj1TbVShVdVXCVg9WXFapVvdXRFeSV+BYL1h9WMtZGllpWbhaB1pWWqZa9VtFW5Vb5Vw1XIZc1l0nXXhdyV4aXmxevV8PX2Ffs2AFYFdgqmD8YU9homH1YklinGLwY0Njl2PrZEBklGTpZT1lkmXnZj1mkmboZz1nk2fpaD9olmjsaUNpmmnxakhqn2r3a09rp2v/bFdsr20IbWBtuW4SbmtuxG8eb3hv0XArcIZw4HE6cZVx8HJLcqZzAXNdc7h0FHRwdMx1KHWFdeF2Pnabdvh3VnezeBF4bnjMeSp5iXnnekZ6pXsEe2N7wnwhfIF84X1BfaF+AX5ifsJ/I3+Ef+WAR4CogQqBa4HNgjCCkoL0g1eDuoQdhICE44VHhauGDoZyhteHO4efiASIaYjOiTOJmYn+imSKyoswi5aL/IxjjMqNMY2Yjf+OZo7OjzaPnpAGkG6Q1pE/kaiSEZJ6kuOTTZO2lCCUipT0lV+VyZY0lp+XCpd1l+CYTJi4mSSZkJn8mmia1ZtCm6+cHJyJnPedZJ3SnkCerp8dn4uf+qBpoNihR6G2oiailqMGo3aj5qRWpMelOKWpphqmi6b9p26n4KhSqMSpN6mpqhyqj6sCq3Wr6axcrNCtRK24ri2uoa8Wr4uwALB1sOqxYLHWskuywrM4s660JbSctRO1irYBtnm28Ldot+C4WbjRuUq5wro7urW7LrunvCG8m70VvY++Cr6Evv+/er/1wHDA7MFnwePCX8Lbw1jD1MRRxM7FS8XIxkbGw8dBx7/IPci8yTrJuco4yrfLNsu2zDXMtc01zbXONs62zzfPuNA50LrRPNG+0j/SwdNE08bUSdTL1U7V0dZV1tjXXNfg2GTY6Nls2fHadtr724DcBdyK3RDdlt4c3qLfKd+v4DbgveFE4cziU+Lb42Pj6+Rz5PzlhOYN5pbnH+ep6DLovOlG6dDqW+rl63Dr++yG7RHtnO4o7rTvQO/M8Fjw5fFy8f/yjPMZ86f0NPTC9VD13vZt9vv3ivgZ+Kj5OPnH+lf65/t3/Af8mP0p/br+S/7c/23//3BhcmEAAAAAAAMAAAACZmYAAPKnAAANWQAAE9AAAApbdmNndAAAAAAAAAAAAAMBAAACAAAAVgEuAesCxAODBFMFQAYnBxoIGAkfCj0LTgxrDZAOuQ/sES0SZROjFOMWKhd5GL8aDxtXHKQd8x88IIQhzSMRJFIljSbLKAApMypmK5csyi33LygwUTGAMqsz1TUCNjE3XTiKObY64TwNPTg+YD+JQLFB3EMIRDZFY0aQR7hI3koBSyRMR01qTo9PtFDYUfhTFlQzVU9WbVeNWK5Zy1rhW/Bc9137XwBgCmEZYi1jQWRSZV9mZWdhaFNpPGogawFr4Gy/baBug29ocFBxOHIgcwhz73TWdb52qHeTeH55bHpZe0l8PX03fjZ/OYBBgUuCV4NlhHSFhYaUh6SIs4nAisyL1ozfjeeO7Y/ykPWR9pL1k/WU+pYElxWYLJlHmmObf5yYna6ev5/LoNSh2qLgo+mk9KYDpxWoKqlCqlyrd6yUrbKu0a/xsRGyM7NTtHO1kLapt7q4wbnDusC7u7y1va++qb+jwJ3BlcKKw3zEasVTxjbHGMf5yODJz8rGy8PMwc28zq/PmNBz0UPSDdLT05vUZtU11gXW19eo2HbZQNoG2sfbgNw13Ofdkd473uPfjeA74Ovhn+JS4wPjr+RV5PnllOYs5r/nUufk6IXpL+nk6qjrbuwz7PXtr+5j7xHvtfBQ8ObxfPIX8sbzj/Ru9WH2ZveK+OT6xf0u//8AAABWASMBsAJqAzID6ASxBYAGWAc9CC0JJwonCyIMMA06DlEPYxB+EZ8SvhPpFRAWOBdhGIgZtBreHAsdMx5bH4AgoSG/Itsj9SULJh8nNShJKWAqeSuTLLEtzC7oMAQxITI8M1o0dDWLNqQ3uTjNOeI69DwGPRs+MT9NQGxBj0KwQ9BE7UYIRx1IMklFSlVLY0xuTXhOfk+DUIVRhlKIU4pUjFWKVoRXeVhoWVRaRFs/XEZdWl53X5VgsGHCYspjxWS1ZZxme2dXaDBpDGnsatBrumypbZtuj2+CcHJxXHJAcx9z+3TVda12hndieEV5MHokex18GX0VfhB/Bn/2gOKByoKxg5WEd4VdhkqHRIhMiWGKgYuljMaN3o7uj/WQ95H1kvOT8JTtleyW7pf4mRCaOZtunKadzp7jn+mg5aHfotmj0aTIpb6mvKfKqO2qIatdrJyt2a8UsE6xiLLCs/m1LrZkt5u40roFuzS8X72Fvqa/vMC+warCkMN9xHfFgMaPx53Io8meyo7LdcxTzS3OBM7az7LQi9Fq0lHTRdRF1VHWYtd12ITZh9p922bcQ90a3ezeud+H4FjhLeII4ubjw+Sd5XHmQOcM59Too+l/6mnrZOxo7W3ucO9w8HDxcvJ283n0d/Vp9kf3D/ez+EX4y/la+e360PwM/dr//wAAACsAxAFLAdgCZQMGA48EKwTPBXoGLwbpB6UIaAkvCfkKygufDHcNUg4yDw4P9hDZEcASqROTFH0VZxZSFz0YKRkVGfwa6BvSHL4drh6jH5sgliGUIo8jhiR2JWEmRScgJ/gozCmfKnMrSCwhLQIt6S7XL8gwujGqMpgzgDRgNTk2BjbPN5U4WDkZOdk6nTtkPDI9Bj3ePrY/j0BoQURCJkMQRABE80XnRtZHu0iWSWVKJUrgS5hMT00HTcNOg09JUBhQ6lG+UpNTaFQ7VQ1V3latV3xYSlkVWd9aqFtvXDVc+V29XoBfQ2AIYNFhnGJrYzxkDGTaZadmcWc4Z/xov2mAakBrAGvAbIFtQ24EbsVvhXBBcPhxq3JZcwFzqXRPdPR1mHY8dt53gHgdeL15YHoWetp7q3yDfVh+KH72f8OAk4FngkSDKoQYhQuGAIb0h+OIzYmvioyLYYw0jQeN2o6wj4qQa5FHkhKSxpNbk+yUepVBlkKXiJkImoqb5J0ZnjKfOaA5oTWiL6MopCGlGaYRpwqoCakPqiGrPaxgrYeura/TsPyyKLNatJK10bcUuFm5nLrXvAW9Kb5Hv2LAf8Gewr7D38T/xiHHQ8hnyYzKscvWzP3OKc9b0JfR3tMy1I3V7tdT2LnaIduV3S/fDuF35Ivoee1O8vb5Uf//AABuZGluAAAAAAAABjYAAJOVAABWjQAAVukAAJG3AAAmuwAAFwoAAFANAABUOQACh64AAkeuAAFrhQADAQAAAgAAAAEABAAIAA8AFgAfACkANABAAEwAWgBpAHgAiQCaAKwAvgDSAOYA/AESASkBQAFZAXMBjQGpAcUB4wIBAiECQgJkAocCrALSAvoDIwNNA3oDqAPXBAgEOgRtBKME2QUSBUsFhgXDBgEGQAaABsIHBQdKB5AH2AghCGwIuQkHCVcJqAn6Ck0KoQr3C04LqAwEDGIMww0lDYkN7g5UDrwPJQ+REAAQcRDkEVkRzxJGEr0TOBO2FDoUwxVSFeMWdRcGF5YYJhi4GU4Z6BqIGzEb4xyfHWIeKx74H8YglSFkIjQjBiPbJLMljyZsJ0soKykNKfAq1Su7LJ4tfi5cLzkwFDDwMc0yqjOJNGg1SjYuNxU3/zjtOd460jvKPMU9xD7HP85A2kHoQvZEAEUGRghHCEgISQlKDEsUTCFNNE5OT25QlFG8UuVUDVU0VllXfVigWcRa51wLXTBeVl98YKRhzmL4ZCRlU2aFZ7xo+mpDa5ls+W5jb9JxRnK8dDR1r3cteLF6PHvQfW9/HIDWgpSETIX2h5SJLIrFjGWOFY/fkc2T3ZX/mCCaOZxMnl+geaKgpNqnLamgrDCu4LGhtF63C7muvF2/K8IfxUbIoswMzyjR9tSR1yjZ0dye35fi0uZg6fntEu+s8gD0MPY59//5ivq4+9T8u/2j/nD/N///AAAAAQAFAAoAEgAbACYAMgA/AE0AXABtAH4AkQCkALkAzwDlAP0BFgEvAUoBZgGDAaIBwQHiAgQCJwJMAnICmgLDAu8DHANLA3wDrwPkBBoEUgSLBMUFAQU9BXsFuwX8Bj8GgwbJBxAHWQelB/IIQQiTCOYJOwmTCewKRgqhCvwLWAu0DBIMcgzUDTkNoA4LDngO5w9ZD84QRhDAET4RvxJDEsoTUxPdFGoU+hWPFioWyxdxGBYYthlRGeYaeRsNG6QcQBzkHZEeSh8OH90gsyGOImkjQiQYJOslvSaQJ2YoQiklKhIrCCwFLQguDi8SMBExCDH5Mugz1zTKNcE2wTfKONs58jsOPDA9UT5pP3RAckFoQlhDR0Q5RTRGOEdHSF9JfkqhS8dM8E4bT0VQa1GGUpRTl1SVVZRWoFe/WPFaNVuAXM1eHl90YM9iI2NmZJVltWbOZ+Ro+2oWazNsVG12bppvwHDqchdzRnR2dad22ngQeU16j3vYfSZ+fX/jgWeDEITKhnSIBomHiwSMiI4bj8ORgpNYlUOXO5k7mzudOZ8poQSixqR2phunvaliqxWs3a7FsM+y9bUxt3y5y7wPvkTAcsKmxOnHQsmyzDHOnNDd0vTU8dbn2OPa6Nz03wHhCuMU5STnSOmW7DfvivOm92z5zvuE/MP99P75//8AAAACAAgAEQAeAC0APgBRAGYAfQCWALAAzADqAQkBKwFNAXIBmAHAAeoCFgJEAnQCpgLaAxEDSQOEA8AD/QQ7BHoEugT8BUEFigXXBikGgQbdBz4HoggICG8I1Ak5CZ0KAgpqCtULRAu7DDkMwQ1QDeYOgg8hD8AQXBD2EZASLRLNE24UDRSoFUIV3BZ5Fx4XzhiOGWIaQhsqHBQc+x3dHrgfkiBtIUwiMCMYJAYk+SXxJu8n8yj9Kg4rJCxALWAugC+dMLgx0zLzNBo1STaCN8M5DDpcO7A9Bz5gP75BIkKTRBZFrkdaSRFK0UyaTm9QVVIyU9pVWlbMWEhZ01tmXPheg2ABYXBi1WQ3ZZxnCWiBagpro21NbwBwt3JvdB51w3d1eWR77n6kgHmB1oL8hAKFCIYQhzOIc4nUi1WM6Y6IkC6R2ZOIlTuW8Zipml6cCp2nnzegvaI/o8ClRKbKqFCp1KtUrNCuRq+5sSiyl7QItX22/LiJuia70L2CvzbA6cKcxE/GBMe7yXPLK8zkzp7QWNIU09LVj9dK2P/arNxP3ejfdeD94oLkA+WC5wLog+oE63/s7u5G73nwnfGN8nXzRPP39Kr1TvXb9mj29vd29+n4XPjP+UP5q/oN+nD60vs1+5j78fxJ/KL8+/1U/a3+A/5Y/qz/Af9V/6r//wAAc2YzMgAAAAAAAQxCAAAF3v//8yYAAAeSAAD9kf//+6L///2jAAAD3AAAwGxtbW9kAAAAAAAABhAAAJzfAAAAAMoq1YAAAAAAAAAAAAAAAAAAAAAA/8AAEQgAggCJAwERAAIRAQMRAf/EAB8AAAEFAQEBAQEBAAAAAAAAAAABAgMEBQYHCAkKC//EALUQAAIBAwMCBAMFBQQEAAABfQECAwAEEQUSITFBBhNRYQcicRQygZGhCCNCscEVUtHwJDNicoIJChYXGBkaJSYnKCkqNDU2Nzg5OkNERUZHSElKU1RVVldYWVpjZGVmZ2hpanN0dXZ3eHl6g4SFhoeIiYqSk5SVlpeYmZqio6Slpqeoqaqys7S1tre4ubrCw8TFxsfIycrS09TV1tfY2drh4uPk5ebn6Onq8fLz9PX29/j5+v/EAB8BAAMBAQEBAQEBAQEAAAAAAAABAgMEBQYHCAkKC//EALURAAIBAgQEAwQHBQQEAAECdwABAgMRBAUhMQYSQVEHYXETIjKBCBRCkaGxwQkjM1LwFWJy0QoWJDThJfEXGBkaJicoKSo1Njc4OTpDREVGR0hJSlNUVVZXWFlaY2RlZmdoaWpzdHV2d3h5eoKDhIWGh4iJipKTlJWWl5iZmqKjpKWmp6ipqrKztLW2t7i5usLDxMXGx8jJytLT1NXW19jZ2uLj5OXm5+jp6vLz9PX29/j5+v/bAEMAAQEBAQEBAQEBAQEBAQEBAQEBAQEBAQEBAQEBAQEBAQEBAQEBAQEBAQEBAQEBAQEBAQEBAQEBAQEBAQEBAQEBAf/bAEMBAQEBAQEBAQEBAQEBAQEBAQEBAQEBAQEBAQEBAQEBAQEBAQEBAQEBAQEBAQEBAQEBAQEBAQEBAQEBAQEBAQEBAf/dAAQAEv/aAAwDAQACEQMRAD8A/v4oAKACgAoAKACgAoAKACgAoAKACgAoAKACgAoAKACgD//Q/v4oAKACgAoAKAPgbwP/AMFKP2W/iH+3b8Sv+Cc3hrX/ABVP+018J/AjfEXxfolz4Tv7XwrB4bjTwvJLJYeK3lNjfXkS+MdD8y0iiDqZ5Rk+S5oAX4x/8FKP2W/gT+2d8Bf2CviDr3iqz/aG/aR8Oz+KPhjpGneE77UvDV5pUEniqMvrHiWF/smkTu/gzXVignjdn8mHlfPTcAffFABQAUAFABQAUAFABQAUAFABQB//0f7+KACgAoAKACgD/PN+Lv7S/wC0j+yp/wAHR/7bnxL/AGWv2WPEf7X3xJu/gTb+Frr4V+F7trPUrPwvqegfBS91Pxc8quhNrpN7pWl2EqZ5fWIjg4yoBgeIf2qv2pP2tf8Ag5I/4JU+Of2r/wBkLxR+xr438P8AhXUfC+geAPFV497e+I/DEWnfHLVIvFsEju5W2m1PUtR0kICAJdLlPOaAP9FGgAoAKACgAoAKACgAoAKACgAoA//S/v4oAKACgAoAKAP5xv2fv+CZ/wC1B8Ov+Dhr9qb/AIKOeJNJ8IR/szfFb9n27+Hvg/V7TxZZXXiu58S3kHwhQW974VWIXtlbRP4K1oPdSSFMLbMBidaAF/bj/wCCaH7UHx5/4Lq/8E7P29/h/pPhC5/Z6/Zx+Gd34Z+J+q6n4sstO8TWOrfavjDNHFpXhmWJrvVoZV8baGBNbyIoL3WcfZm3gH5Xf8F+/wDgup8dv2X/AI7ax8GPgt4m1zwT4a8Ea7F4XmbwrJaWWv8AibxJpltbXniW9v8AVLuKbydM0y5uoLGzsYUHmsi3EjnzHWv1/LMBw3wtwvlnEGe5Z/bOOzupU+q4WcuWlRw8LPnWsU5KnKMm73bqJaKD5vzjHYvO+IM/x2T5TjnlmEyqEPrFeMb1KteV0o9+VyUklomoXe9pfr3/AMECP+CnHjz/AIKA/BrxPpfxVvn17xj4H0vwr4h07xXcQRW2o634Z8UpfQwW2tRwBYZda0q/0q8hu7qJUSaKW2byw+814/HWRZThcNkvEOR05YfLc+ozqLCSlzfVq8FCU4Rd37rVSK5fsyjJK6s5elwnm2YV6+aZNms41sdlNaNP6xFW9vSk5xjJ95J0272TakrpO5/QdX5wfahQAUAFABQAUAFABQAUAf/T/v4oAKACgAoAKACgAoA/jL/4L2/8EUvEX7RPxl0/45eAbDQ9b0L4peMdA0y60u4u4LLW9H+JXiBY9OkjtI7llj1Cx8VGz+0yzb4zY3CMrBkWIt+y8L4rJOLeH6fDefPF0a/D9HE5hhsVh1zRjl9FReI5l9lwg4wkm/eSi1ZxPzLPqGacO5xLO8pWHqUs4q0MFWoV3ZvG1m1Rt1fPNOSts3JPRn68f8ET/wDgmFq//BO34PeIV8dQ6NZfELxzb6DpsuhaJcC+tPDHhfw5HdNpelTaipMd5qMt3qF/d3ssQEaiWKEl3iZ6+Y414jy3NIZXk+RwrRybJaMqWGnW0nWnNRjOo4vVLlpwS5tW+Z6J8sfe4WyTG4CWPzLNZU5ZnmlVVK8aWsKUIuTjC+qcuacndacvKtLWP28r4E+vCgAoAKACgAoAKACgAoA//9T+/igAoAKACgAoAKACgD4z/bW/5FP4I/8AZz3wY/8ATpqNffeH3++8Rf8AZH5//wCmqJ8dxn/uuSf9lPkv/p2ofZlfAn2IUAFABQAUAFABQAUAFABQB//V/v4oAKAD/P8An/P86ACgAoAKAPBfCX7TPwX8c/Hz4u/sx+GfGNrqXxq+BegeAvE3xO8GpBOl14a0X4mabPq/gy8nndRBKur6fbS3EaxMzRqMPgnFAHlv7a3/ACKfwR/7Oe+DH/p01GvvvD7/AH3iL/sj8/8A/TVE+O4z/wB1yT/sp8l/9O1D7Mr4E+xCgAoAKACgAoAKACgAoAKAP//W/v4oAKAP48v+Dfn4y/ETxL/wU6/4L02PxE+I3jbxV4S+H3xc8P3Xh/R/EvifW9d0jwpp8HxF+PKXsfh7TNSvLm00eBrDSrSF7fTIraJ4rO2j8vESFqhCVScKcVeU5RhFd5SdkvvZM5KEZTlpGEXKT7KKu/wR+Pn7f3/Bxx+1Pon7Wqab4N8e+LvAng+HxDnQvDXhSewtNJ8PaA+ry2WmPq8U9vLJrmoT2ka3GqO7qksLlIkVxX7niqPBfBtTK+H8yyRZtjMbh8NUzLH1JWdD6y1FOkudWUP4nKk2o295t2j+UYarxRxNDH5zgs0/s7DYWtXhgsHBe7V9hrao0teZe65Svrd2Sfvf2KfsDf8ABUr4WfHj9mXwH43+NnjLSPCfxRWK70bxdZJpurPb39/pVw9rHrlslhY3UNvFrNskOoG1ErG2e4aEDCA185xH4ZZ5h83xMMhy+vjsrn7OrhaqqUFKEKsIz9jL2tSnJypOXJzW9613e95e3k3HeVVcuoSzfGUsLj1zU69NwqNSlTk4+0jyUpxSqW5rX0enRH2b/wANw/srn/mr2jf+CzxGP/cN/n8K8P8A4h1xp/0IsR/4Nwn/AMvPU/134X/6GtH/AMF1/wD5QfyKftR6z8VPFX/BTr/gr3+0N+zP+2Z4t/Zm02D9lT9nLxV8Ndf8AeH7DUL748/EL4V/BbUZtK+HUl1rlhNLoeiwa5Y32kau9xaWX22fWrKWK6EFm70f8Q640/6EWI/8G4T/AOXW/H5dQ/134X/6GtH/AMF1/wD5Qfnb/wAFFv8Agvr+1Frnwi/ZaTxLf6p4e1+z8CfDPWPFeh+HJbXSptS+NOheGNH1Hxx4rv7uJZ1jbSfEWo3VtoVtayNbpGfMO/e9foGCw+A8M8hwmPzfK5YzPc9WKwlbDznFQw+CtT+sYZuLcHzwnTU7SfNNuzUY2j8fia+L46zfEYTLcdHDZTlLoYmnXjBuVXFe/wCxrJSUWnGcZ8l4rlir/E7H9Jn/AARH/wCCxGn/ALRnwAv7X9qD4iRweJvD1t4f1nwx4v8AEFvdyat4k8N+JLa4kjs9WbSrC5jl1bRLy0uLe4uDDCs1tLakAuH2+XxPwJPNaeV59wdllWeBzfBwxFbB0504rB1XGLSXtZK0ZqWylK0oTfu3Sl6ORcWwy6WPynibMKcMXl2JlRp4qcJt4mmm1f8Adxm24tXu4q8JQu200frv8U/+ChX7Mngb4a+O/GGj/FLQNb1rw74U13VtD0SO11qOXWdctNOuJNG0mN7nS4LdX1LUxa2SmWWJAZ+SOleTkPhVxfmud5VluJyfFYbDYzMMLh8VinOg44fC1K0FicQ1CpKTVGh7So+WDfu/M6s98ReHMryXNcxw2ZYfFYnB5fisRhcLGNVSxOKp0ZvDYdOdKnFOtX9nSXNJJc2t9pfzF/sKftM/Fr4Cfta/BP4y/GX4veJ/EXw7/aJ0/wAbW/xJ0nXde8Qahpnw+k1jxFqw0NrjT7+SWwS6B03w7qcMmjxyiDS9ekgUDbsr+5fFbhThTi3w94n4a4ayPL8HnPB1bK5ZLiMJhMLRr5x9WwWG+tKnVpRjWlD9/jaEliJR56+EU29fd/iLwsz3jPhPj/hniPiTNcyxmT8X0czhnWHxeLxFWhlLxGLxCwrnSq1JUlNexwleEsOpctDFONk1yy/pV+Pn/BRv9nT4YfBf4meP/CPxH8P+K/FXhbwjq2p+GvDsVtranVteWAw6RayNNpcEa251Ca3e6LSofsyS7SX2iv4Qyzw14rxOYYOhjcnxWEwdTEU44nEylh2qNDmvUlaNZtvlTUbL4mtrs/ujHcdcPUsHiauEzKhicTCjN4ego1k6lW3uR96jFJc1m7taJn+ey/8AwXu/bKH7bTab/wALb8eDUU8VtYC9OssdBGoW1xLqEuhSeF/K/s9/DhkibS9gUXT27ZMoUhl/Q/rvB64jfAj4aw7winPL/wC0L2xP1yFKSlVbSnK3PFpTTvze89LHx7w3EjyRcWf23X+scscZ9Tf8B4ZzjywtdK/LK7VmnH3VsnP/AErv2VfjQf2iP2dfg78ansRplz8RvAfh/wAS3+nKSUstR1Cwhkv7aNj9+OG7MyRuOGQAjrX4lxBln9jZ1meVqftI4LGV6EJ7c0ITahJ7auNun3H6lk+O/tPK8Dj3HkeKw1KrKPaUormXyd+999L2P5Sv+DpTxD8TdY/ai/4JD/ALwl8Yfif8KPB/x5+O8/w88b3Hwz8Ya14R1C407xn8QfhX4Qur9ptGvrA3V5p2m6zdyaeLt5IYZjkKu+Qt456R85afH+0L/wAEcv8AguT+xf8Asb/BD9sr4wftS/Az9qTR7CT4l/Cv4teLJfGur+Fl1S88W6VM88s15qV1p15o8Xh638V2F2ZredtOe6tp4WglSWgD+8KgAoA//9f+/igAoA/zuf8AgmD/AMFLf2Pf+Cbv/BUv/gt3J+2L4z1TwRpfxm+OY0PwnDbeGtR106s3hf4kfGaTxHbXUNoA9qkVp4m0zBlGJluGCZ2NVRlKEozi7ShJSi10lF3T+TQpRUk4yV1JOLT6pqzXTdPv9xnfFH/ggfq/7ePjzwH+1j+yP9n+K/7OHxPuF8U/C3xpd6zF4UuLvwrPqs9/ZWHjXRdSj+12M2kTvJZTzoXS+hgxHtjZDX7bLiHgXiWOV5vxHLF4TN8toUaeJw9CDnSxjw7vDVW5oykr2SjLkfI7WcpflqybizI3j8uySOHxGW46rVnQrVZxVTCqsrTbUnpJJvXRKXvJM/tn/wCCf/7FPh39jT9mfwV8GdQTRvE/iez+1634x106fbzQXniTWJftN9FYtcxPN/Z2ngpp9iXO9ra2idwHYlvz3izijEcRZ1iMwoyrYXC2hRwtCNSUXDD0YqFPnUZRXPJLmnvaUrJtK8vsOHsgo5NldHB1o0sRXvOriKsoRlzVqj5p8rcZPlXwryjfVt8v2n/wi/hk9fDuhf8AgpsD/wC0P8/hXzf13F/9BWJ/8KKx7n1bDf8AQNQ/8FU//lZ4Nf8A7HX7MWp+LfjT46vvgv4LufFn7RHgnTfhx8Z9aexmFz498E6PoN94Y03QNURbpbe3tbTQdSvtNjk0yGxujDOzvO8qo6n13F/9BWJ/8KKwfVsN/wBA1D/wVT/+Vn8kf/BZ/wD4N7vC3izXvh3r37O/hzRdC+E+ra/4K+Hvhj4d6Xqz6NdeBfE2oWcOg2GnaRcX73b3fh3WYNLiknkuJ5LiwuE3TNKixFv2HhjH5LxhkUOHeJFiY1uH8Ni8zoY6i25vAYdQeIjKTu3NQcY8rXvqMJK8otS/Nc+wmZ8NZs85ySWH9lnWIw+ArYWqkorGV3JUXFbKLkpSUlblcpppKUUfuR/wRy/4JY2v/BPb4JarpPj+28O6t8RfGUWhWmoafZpBrGmeFvDvhu2mh0Tw/b31xEUvrqKa7v7u+v4VRJ5roRgFIUNfLcZ8W4fNJZdluQ/WMJk2TYf6thPenSqVrqMZVZqM7q8YRilJt+620pSk5fQcM8O1svjjcbm3scTmeZ1vb4n3Y1IUlq404NqS0c5uTirO9ldRXL5p/wAFxvE0l38OPgb+yP8ADDSdKtfiN+058UdH0lTYadawTweHtKvbW1X7XJbQrNDYXetapZ3c06N8kGhXRICK5r90+izl1OGdcVeIee1q1TJuBsixOIftas5xnjMRSqzfs1OfLKtTwuHq04Qd05YqmrptH4H9J/Mq08m4X8P8jpU4ZxxvnuGw6dKChKGEoVacEqjhBSjSqYqvTqSknpHC1HrZn5+ft3fsS/8ABQfwn+yt4f8AFPxM8VfA7WPAf7L1tomseHLD4aeEW0PxhpNjBLpGiJOdSjdm1GCy8vT7m+WdWG21a6OAj7v1/wAKPE3wdzDj7GYDJMu4mw+bcdzxWGxtXO8esVluIqzWIxTh7CSUaMqt60KTi/8Al4qaSuj8k8VPDjxiwHAmEx2d5nw3icq4GhhsTgqWS4J4TMcPSg8PhVP20W3WjTtRnVU7/wAPn0tJH9APwan+FX7f/wCxHoOv6t4b0Oz0n47fC+60jxMulaVp0NzoOuXlpLputR2MyWylLzQNcila2fcB9os0J+Ustfxtxtleb+GviFm2SLF4qpLIM2vhJVq1VxxOD5lWwlScXN3hicNOEmmvhn1sj+xOCM4yzxE4CyjPVhsPTWeZYvrUaVKmnh8XZ0sVShJQ0lh8RGcNH8UN9bn8nlx/warfFxf2s4/iDBrngeTwnJqpuJPiJ/bzobe0kL202ojwQ8RvJdfbTiybvP8As5u5DOSEZgn00eMuA/7QfFry7HriNQc/qX/MK8W6fs3X59ad5Xd3v7zdlJpx818M8WrBrh5Y3CPJXJKWJ/5iFh1UU1RSbUrK2iSadknZI/tw+Dnwu8OfBP4V+APhJ4RiaHw38PPCmi+E9HWTBlaz0axhs45ZmH3ppvK82Rjks7EnkkL+OZlj6+aZhjMxxLvXxmIq4ip25qk3JpLoleyWvq9z9MwOEpYDB4bBUValhaNOjDvy04qKb83a7P40f+Dr/wCHlt8Wv2xP+CMXwtvtV1zQNP8AiV8fZPAN7r/hq7m07xDolp4u+Jnwk0G61bQdRgeOaw1nTLfUHvtNvIXSW0vIYbiN1aMNXCdR+6v7C/8AwQk/Ym/YV+L8n7RPhofE34zftAjTpdK0/wCLPx18can8QPEWg2dxb/Zbn/hHm1Zpzplzc2u61luxPNP9lZreJoo2dWAP2joAKAP/0P7+KACgDw7W/wBmL9mzxLq2o6/4j/Z6+B3iDXdXu5r/AFbWtb+E3gLVdW1S+uHMlxe6jqV9oE95e3c8jNJNcXM0s0rsWkkZiWoA9W8O+GvDng/RbDw34S0DRPC/h3SoBbaXoPh3SrHRNF022Xlbew0vTYLaxs4FJJEVvBHGM8KMncAbdABQAUAfGf7a3/Ip/BH/ALOe+DH/AKdNRr77w+/33iL/ALI/P/8A01RPjuM/91yT/sp8l/8ATtQ+zK+BPsTm9U8G+Edc1fSfEGteFvDur69oJZtD1rU9F06+1XR2cksdL1C5tpruwLFmJNrLFyxPJYle2hmWY4XD4jB4bH4zD4TFpLFYWhia1LD4m23t6NOap1bWX8SMtltY4q+W5fisRh8XicDg8Ri8I28Lia+Go1cRh2739hWnF1KV7t+5Ja373NbU9M03WrC70rWNPstV0u/he2vtN1K0gvrC9t5BiSC6s7lJLe4hccPFKjo3cHArnoV6+FrU8Rhq1XD16M1UpV6FSdKrSnHadOpBxnCS6Si010OivQoYmjUw+Jo0sRQrRcKtGtThVpVIPeFSnNShOL6xkmn1Kfh/w34e8J6VbaF4W0LR/DeiWZkNppGhabZ6TplsZpHmmMFjYRQWsTTTO8srJEpkld5Hy7E1rjMbjMwxE8Xj8XicbiqnL7TE4uvUxFefJHljz1asp1JcsUoxu9IpJaIzwmCweX4eGFwOFw+CwtPm9nh8LRp4ehT5pOUuSlSjGnHmk3KVoq8m27t3NquU6QoA4nxT8NPhz451Lw5rPjXwD4M8X6x4PvhqnhPVfE/hfRNe1HwxqSyQzLf+H73VLK5udHvFmt7eYXOny28wmgglDb4Y2UA7agAoAKAP/9H+/igAoAKACgAoAKACgD4z/bW/5FP4I/8AZz3wY/8ATpqNffeH3++8Rf8AZH5//wCmqJ8dxn/uuSf9lPkv/p2ofZlfAn2IUAFABQAUAFABQAUAFABQB//S/v4oAKACgAoAKACgAoA/O7/gov8AF74W/CnwF8JNS+JHxA8L+DItO+Onw88Ypba5qKW+oapo3hO8vLrWjpFiqyXF9c28M8ZSJEVZGOwSBgdv6J4dYbF18fnUcNhMTifrHDua5fGVCk5whiMZCnGgqsrqMIScHeTem+p8XxtWw9PCZVKtiKFD2GeZdjZKrUUJSoYWc5VnTj70pyUZK0UtdtdOX6k+BP7RvwV/aW8Jv42+CPxA0Px74fgujY31xpFxun02+VA7Weo2kqx3FpcBWDbZYwrDlHccr8hm2SZpkeIWFzTB1cJWceaCqR92cduaE03Ga9Hp1sfS5dmmAzWi6+AxNPE04y5ZOD1hL+WUXZp/0r7ntteUd4UAFABQAUAFABQAUAFAH//T/v4oAKACgAoAKACgAoA/zvP+Ds7xn8edO/aI1u20G58Q2/h7SfC/w0tfCj6eLkm38JaloL3fiW70xI1YKJfGTXltfXUCmVSgid1VAF/aMsq4zA+FbxWQOcMfVzepDNKuGV8TToc9aMdY3nFOmsOvKMr6c1z8xx1PC4rj9Uc45JYSnl0ZZfTxDSozquFJytze7fndfe95RtuouP0D/wAGj/jL436t438T2HiyTXZvDmqfCHWb/wAUvfrOkbalpni/T7XwFd6hE6IkeoXej3GtrDIypNcwwsX3bAKnimpisZ4b8PYzO3J5x/aFSnQnXjbE1cG/rHvTTtK3JHDyba+0m7N2HkEKGG43znC5Xb+zfqcJ1oUnzUKeK/c2UbXinzSrxVpfZa0Ssf3hV+Mn6aFABQAUAFABQAUAFABQB//U/v4oAKACgAoAKAPjH/got8TPGvwa/YP/AGvPit8ONam8N+PfAH7PnxR8UeEPEFskb3WieINK8K6jcaZqtqsqvEbqwuljubcyI6LNFGzKwBFAH8hn/BOfwL/wcBftwfsB+D/29Pgp/wAFUNT1bxZ4nm+JS6P8CPij4asL/TdZu/h1401/wpFpMWs2mlWtpBc69LoRlhlvJFtoRcpDJjG+gD9Bf+CbXxi+E/8AwcJfs5+NPCn7c/wrt/C37Wn7JPjS5+GvxG1PwU76BPNHdmV7DV7IMk5h0/Vbizv4NS0CcPbWurWF5JaOsMq7/puHeLM44YnW/s2rB0cTb2+GxFNVsPUa0UnTbilNLTmvqrJ2subw854ey3PY01jacva0b+yr0ZezrQT3iprVxe9naz1V7yR/QP8Ask/sTfAD9irwdf8Ag/4HeFpdKTWriK68Q6/qt0dT8Ra9PbqyWw1DUnjjZrazR2SztI0jht0ZgqMzO7ZcQ8T5txNiIYjM66kqMXChQpRVOhQi91TprRN2XM3zN230sXk2Q5dkVGdLAUpRdWXNVq1Je0rVWtuebSbSu7K2nnc+ta+ePZCgAoAKACgAoAKACgAoA//V/v4oAKACgAoAKAPz1/4Kzf8AKMv9u3/s134wf+ofqVAH85f/AAQI/wCCq/7Bf7EH/BEP4NWX7QX7RfgHwl448C6r8ftZv/hidTF18QdQe8+L/jfWNG03TfD0Mb3E1/rdldWkunI7RpLHdRSFwmdoB2f/AAah/CL4k64n/BQH9vPxh4O1bwT4R/bE+N8d98NbDVoJrB9V8PeGtX8V6xc61Y6fMkbDT31LxbdabBeqgju306Qws8KI7AH9hdABQAUAFABQAUAFABQAUAFAH//W/v4oAKACgAoAKAOU8deBvCPxN8F+Kvh34+0DT/FXgjxx4f1Xwr4t8NatEZtM13w9rllNp2raVfRK8bPbX1lcTW8oSSNwjko6uAygH5n+Ev8Aghr/AMEj/A2rwa94W/YJ+AemarbSxTQ3TaDqd+EkhcSRt9n1PV721fa4DbXhKt0ZSOKAP1E0Hw/oXhXR9P8AD3hnRdK8PaDpNtFZaXouiafa6XpWnWkKhIray0+yigtbWCNQFSKGJUUdAMkUAa9ABQAUAFABQAUAFABQAUAFAH//1/7+KACgAoAKACgAoAKACgAoAKACgAoAKACgAoAKACgAoA//2Q==</file>
    </generalfeedback>
    <defaultgrade>3.0000000</defaultgrade>
    <penalty>0.0000000</penalty>
    <hidden>0</hidden>
    <idnumber></idnumber>
    <correctfeedback format="html">
      <text>Vaše odpověď je správná.</text>
    </correctfeedback>
    <partiallycorrectfeedback format="html">
      <text>Vaše odpověď je částečně správná.</text>
    </partiallycorrectfeedback>
    <incorrectfeedback format="html">
      <text>Vaše odpověď je chybná.</text>
    </incorrectfeedback>
    <shownumcorrect/>
<varsrandom><text></text>
</varsrandom>
<varsglobal><text>a11 = 5.5; a12 = -2; f1 = 0.5;
a21 = -2; a22 = 6; a23 = -2; f2 = 0.5;
a32 = -2; a33 = 6.5; f3 =-1.5;</text>
</varsglobal>
<answernumbering><text>abc</text>
</answernumbering>
<answers>
 <partindex>
  <text>0</text>
 </partindex>
 <placeholder>
  <text></text>
 </placeholder>
 <answermark>
  <text>1</text>
 </answermark>
 <answertype>
  <text>0</text>
 </answertype>
 <numbox>
  <text>4</text>
 </numbox>
 <vars1>
  <text></text>
 </vars1>
 <answer>
  <text>[4, -1,-1,1+1/16]</text>
 </answer>
 <vars2>
  <text></text>
 </vars2>
 <correctness>
  <text><![CDATA[_relerr < 0.01]]></text>
 </correctness>
 <unitpenalty>
  <text>1</text>
 </unitpenalty>
 <postunit>
  <text></text>
 </postunit>
 <ruleid>
  <text>1</text>
 </ruleid>
 <otherrule>
  <text></text>
 </otherrule>
 <subqtext format="html">
<text><![CDATA[<p>1. rovnice pro <b>regulární</b> uzel \(P_1\): {_0}U\(_1\)&nbsp; {_1}U\(_2\)&nbsp; {_2}U\(_3 =\) {_3}<br></p>]]></text>
 </subqtext>
 <feedback format="html">
<text></text>
 </feedback>
 <correctfeedback format="html">
<text></text>
 </correctfeedback>
 <partiallycorrectfeedback format="html">
<text></text>
 </partiallycorrectfeedback>
 <incorrectfeedback format="html">
<text></text>
 </incorrectfeedback>
</answers>
<answers>
 <partindex>
  <text>1</text>
 </partindex>
 <placeholder>
  <text></text>
 </placeholder>
 <answermark>
  <text>1</text>
 </answermark>
 <answertype>
  <text>0</text>
 </answertype>
 <numbox>
  <text>3</text>
 </numbox>
 <vars1>
  <text></text>
 </vars1>
 <answer>
  <text>[-0.4, 1.4, 0.5]</text>
 </answer>
 <vars2>
  <text></text>
 </vars2>
 <correctness>
  <text><![CDATA[_relerr < 0.01]]></text>
 </correctness>
 <unitpenalty>
  <text>1</text>
 </unitpenalty>
 <postunit>
  <text></text>
 </postunit>
 <ruleid>
  <text>1</text>
 </ruleid>
 <otherrule>
  <text></text>
 </otherrule>
 <subqtext format="html">
<text><![CDATA[<p>2. rovnice&nbsp; pro <b>neregulární</b> uzel \(P_2\): {_0}U\(_1 +\) {_1}U\(_2 =\) {_2}<br></p>]]></text>
 </subqtext>
 <feedback format="html">
<text></text>
 </feedback>
 <correctfeedback format="html">
<text></text>
 </correctfeedback>
 <partiallycorrectfeedback format="html">
<text></text>
 </partiallycorrectfeedback>
 <incorrectfeedback format="html">
<text></text>
 </incorrectfeedback>
</answers>
<answers>
 <partindex>
  <text>2</text>
 </partindex>
 <placeholder>
  <text></text>
 </placeholder>
 <answermark>
  <text>1</text>
 </answermark>
 <answertype>
  <text>0</text>
 </answertype>
 <numbox>
  <text>3</text>
 </numbox>
 <vars1>
  <text></text>
 </vars1>
 <answer>
  <text>[-0.4, 1.4, 0.5]</text>
 </answer>
 <vars2>
  <text></text>
 </vars2>
 <correctness>
  <text><![CDATA[_relerr < 0.01]]></text>
 </correctness>
 <unitpenalty>
  <text>1</text>
 </unitpenalty>
 <postunit>
  <text></text>
 </postunit>
 <ruleid>
  <text>1</text>
 </ruleid>
 <otherrule>
  <text></text>
 </otherrule>
 <subqtext format="html">
<text><![CDATA[<p>3. rovnice pro <b>neregulární</b> uzel \(P_3\): {_0}U\(_1 +\) {_1}U\(_3 =\){_2}<br></p>]]></text>
 </subqtext>
 <feedback format="html">
<text></text>
 </feedback>
 <correctfeedback format="html">
<text></text>
 </correctfeedback>
 <partiallycorrectfeedback format="html">
<text></text>
 </partiallycorrectfeedback>
 <incorrectfeedback format="html">
<text></text>
 </incorrectfeedback>
</answers>
    <hint format="html">
      <text><![CDATA[<p>--<br></p>]]></text>
    </hint>
    <hint format="html">
      <text><![CDATA[<p>--<br></p>]]></text>
    </hint>
  </question>

<!-- question: 136771  -->
  <question type="formulas">
    <name>
      <text>Laplace 2</text>
    </name>
    <questiontext format="html">
      <text><![CDATA[<p>V oblasti \( \Omega\) platí <img src="@@PLUGINFILE@@/om_pdr7.jpg" alt="" role="presentation" class="img-responsive atto_image_button_right" width="300" height="357"><br></p><p>$$ -\Delta u = y,$$ na hranici oblasti \(\Omega\), kterou tvoří trojúhelník ABC je zadána okrajová podmínka \(u(x,y) = x\). <br></p><p>$$\begin{array}{ccl}A &amp;=&amp; [0,\ 0]\\B&amp;=&amp;[0.75,\ 0] \\C&amp;=&amp;[0,\ 1] \end{array}$$<br></p><p>Je zvolen krok \(h=0.25\). Doplňte soustavu lineárních rovnic pro řešení této úlohy metodou sítí.</p><p>Je použito označení a číslování uzlů sítě podle obrázku, tj. neznámé \(U_1,\ U_2,\ U_3\) odpovídají hledaným hodnotám aproximace řešení v bodech \(P_1,\ P_2,\ P_3\). <br></p>]]></text>
<file name="om_pdr5.jpg" path="/" encoding="base64">/9j/4AAQSkZJRgABAQAAlgCWAAD/4QB0RXhpZgAATU0AKgAAAAgABAEaAAUAAAABAAAAPgEbAAUAAAABAAAARgEoAAMAAAABAAIAAIdpAAQAAAABAAAATgAAAAAAAACWAAAAAQAAAJYAAAABAAKgAgAEAAAAAQAAA02gAwAEAAAAAQAAA0kAAAAA/+0AOFBob3Rvc2hvcCAzLjAAOEJJTQQEAAAAAAAAOEJJTQQlAAAAAAAQ1B2M2Y8AsgTpgAmY7PhCfv/iAkBJQ0NfUFJPRklMRQABAQAAAjBBREJFAhAAAG1udHJSR0IgWFlaIAfQAAgACwATADMAO2Fjc3BBUFBMAAAAAG5vbmUAAAAAAAAAAAAAAAAAAAAAAAD21gABAAAAANMtQURCRQAAAAAAAAAAAAAAAAAAAAAAAAAAAAAAAAAAAAAAAAAAAAAAAAAAAAAAAAAAAAAACmNwcnQAAAD8AAAAMmRlc2MAAAEwAAAAa3d0cHQAAAGcAAAAFGJrcHQAAAGwAAAAFHJUUkMAAAHEAAAADmdUUkMAAAHUAAAADmJUUkMAAAHkAAAADnJYWVoAAAH0AAAAFGdYWVoAAAIIAAAAFGJYWVoAAAIcAAAAFHRleHQAAAAAQ29weXJpZ2h0IDIwMDAgQWRvYmUgU3lzdGVtcyBJbmNvcnBvcmF0ZWQAAABkZXNjAAAAAAAAABFBZG9iZSBSR0IgKDE5OTgpAAAAAAAAAAAAAAAAAAAAAAAAAAAAAAAAAAAAAAAAAAAAAAAAAAAAAAAAAAAAAAAAAAAAAAAAAAAAAAAAAAAAAAAAAAAAAAAAAAAAAAAAAABYWVogAAAAAAAA81EAAQAAAAEWzFhZWiAAAAAAAAAAAAAAAAAAAAAAY3VydgAAAAAAAAABAjMAAGN1cnYAAAAAAAAAAQIzAABjdXJ2AAAAAAAAAAECMwAAWFlaIAAAAAAAAJwYAABPpQAABPxYWVogAAAAAAAANI0AAKAsAAAPlVhZWiAAAAAAAAAmMQAAEC8AAL6c/8AAEQgDSQNNAwERAAIRAQMRAf/EAB8AAAEFAQEBAQEBAAAAAAAAAAABAgMEBQYHCAkKC//EALUQAAIBAwMCBAMFBQQEAAABfQECAwAEEQUSITFBBhNRYQcicRQygZGhCCNCscEVUtHwJDNicoIJChYXGBkaJSYnKCkqNDU2Nzg5OkNERUZHSElKU1RVVldYWVpjZGVmZ2hpanN0dXZ3eHl6g4SFhoeIiYqSk5SVlpeYmZqio6Slpqeoqaqys7S1tre4ubrCw8TFxsfIycrS09TV1tfY2drh4uPk5ebn6Onq8fLz9PX29/j5+v/EAB8BAAMBAQEBAQEBAQEAAAAAAAABAgMEBQYHCAkKC//EALURAAIBAgQEAwQHBQQEAAECdwABAgMRBAUhMQYSQVEHYXETIjKBCBRCkaGxwQkjM1LwFWJy0QoWJDThJfEXGBkaJicoKSo1Njc4OTpDREVGR0hJSlNUVVZXWFlaY2RlZmdoaWpzdHV2d3h5eoKDhIWGh4iJipKTlJWWl5iZmqKjpKWmp6ipqrKztLW2t7i5usLDxMXGx8jJytLT1NXW19jZ2uLj5OXm5+jp6vLz9PX29/j5+v/bAEMAAQEBAQEBAQEBAQEBAQEBAQEBAQEBAQEBAQEBAQEBAQEBAQEBAQEBAQEBAQEBAQEBAQEBAQEBAQEBAQEBAQEBAf/bAEMBAQEBAQEBAQEBAQEBAQEBAQEBAQEBAQEBAQEBAQEBAQEBAQEBAQEBAQEBAQEBAQEBAQEBAQEBAQEBAQEBAQEBAf/dAAQAav/aAAwDAQACEQMRAD8A/v4oAKACgAoAKACgAoAKACgAoAKACgAoAKACgAoAKACgAoAKACgAoAKACgAoAKACgAoAKACgAoAKACgAoAKACgAoAKACgAoAKACgAoAKACgAoAKACgAoAKACgAoAKACgAoAKACgAoAKACgAoAKACgAoAKACgAoAKACgAoAKACgAoAKACgAoAKACgAoAKACgAoAKACgAoAKACgAoAKACgAoAKACgAoAKACgAoAKACgAoAKACgAoAKACgAoA//0P7+KACgAoAKACgAoAKACgAoAKACgAoAKACgAoAKACgAoAKACgAoAKACgAoAKACgAoAKACgAoAKACgAoAKACgAoAKACgAoAKACgAoAKACgAoAKACgAoAKACgAoAKACgAoAKACgAoAKACgAoAKACgAoAKACgAoAKACgAoAKACgAoAKACgAoAKACgAoAKACgAoAKACgAoAKACgAoAKACgAoAKACgAoAKACgAoAKACgAoAKACgAoAKACgAoAKAP/9H+/igAoAKACgAoAKACgAoAKACgAoAKACgAoAKACgAoAKACgAoAKACgAoAKACgAoAKACgAoAKACgAoAKACgAoAKACgAoAKACgAoAKACgAoAKACgAoAKACgAoAKACgAoAKACgAoAKACgAoAKACgAoAKACgAoAKACgAoAKACgAoAKACgAoAKACgAoAKACgAoAKACgAoAKACgAoAKACgAoAKACgAoAKACgAoAKACgAoAKACgAoAKACgAoAKACgD//S/v4oAKACgAoAKACgAoAKACgAoAKACgAoAKACgAoAKACgAoAKACgAoAKACgAoAKACgAoAKACgAoAKACgAoAKACgAoAKACgAoAKACgAoAKACgAoAKACgAoAKACgAoAKACgAoAKACgAoAKACgAoAKACgAoAKACgAoAKACgAoAKACgAoAKACgAoAKACgAoAKACgAoAKACgAoAKACgAoAKACgAoAKACgAoAKACgAoAKACgAoAKACgAoAKACgAoA//0/7+KACgAoAKACgAoAKACgAoAKACgAoA+Wv2yv2yPgV+wV8AvE/7S/7R+u6z4b+E3g/U/DGk69q+g+HNW8V6la3Pi3X7Hw5pTR6JokFzqVzCNQ1GBrp7eCV4bdZZBHI6ojAH4t/8RZP/AARQ/wCi+/Ev/wAR8+MX/wAylAB/xFk/8EUP+i+/Ev8A8R8+MX/zKUAH/EWT/wAEUP8AovvxL/8AEfPjF/8AMpQAf8RZP/BFD/ovvxL/APEfPjF/8ylAB/xFk/8ABFD/AKL78S//ABHz4xf/ADKUAH/EWT/wRQ/6L78S/wDxHz4xf/MpQAf8RZP/AARQ/wCi+/Ev/wAR8+MX/wAylAB/xFk/8EUP+i+/Ev8A8R8+MX/zKUAH/EWT/wAEUP8AovvxL/8AEfPjF/8AMpQAf8RZP/BFD/ovvxL/APEfPjF/8ylAB/xFk/8ABFD/AKL78S//ABHz4xf/ADKUAH/EWT/wRQ/6L78S/wDxHz4xf/MpQAf8RZP/AARQ/wCi+/Ev/wAR8+MX/wAylAB/xFk/8EUP+i+/Ev8A8R8+MX/zKUAH/EWT/wAEUP8AovvxL/8AEfPjF/8AMpQAf8RZP/BFD/ovvxL/APEfPjF/8ylAB/xFk/8ABFD/AKL78S//ABHz4xf/ADKUAH/EWT/wRQ/6L78S/wDxHz4xf/MpQAf8RZP/AARQ/wCi+/Ev/wAR8+MX/wAylAB/xFk/8EUP+i+/Ev8A8R8+MX/zKUAH/EWT/wAEUP8AovvxL/8AEfPjF/8AMpQAf8RZP/BFD/ovvxL/APEfPjF/8ylAB/xFk/8ABFD/AKL78S//ABHz4xf/ADKUAH/EWT/wRQ/6L78S/wDxHz4xf/MpQAf8RZP/AARQ/wCi+/Ev/wAR8+MX/wAylAB/xFk/8EUP+i+/Ev8A8R8+MX/zKUAH/EWT/wAEUP8AovvxL/8AEfPjF/8AMpQAf8RZP/BFD/ovvxL/APEfPjF/8ylAB/xFk/8ABFD/AKL78S//ABHz4xf/ADKUAH/EWT/wRQ/6L78S/wDxHz4xf/MpQAf8RZP/AARQ/wCi+/Ev/wAR8+MX/wAylAB/xFk/8EUP+i+/Ev8A8R8+MX/zKUAH/EWT/wAEUP8AovvxL/8AEfPjF/8AMpQAf8RZP/BFD/ovvxL/APEfPjF/8ylAB/xFk/8ABFD/AKL78S//ABHz4xf/ADKUAH/EWT/wRQ/6L78S/wDxHz4xf/MpQAf8RZP/AARQ/wCi+/Ev/wAR8+MX/wAylAEcv/B2Z/wRTjQunx3+KFwwIxFF+z78XA7ZOCQbjw1bxfKOTmUHHQMeKACL/g7M/wCCKUkau/x4+J8DNnMUv7PvxdMiYJA3GDwzPFyBuGyV+CM7WyqgEn/EWT/wRQ/6L78S/wDxHz4xf/MpQAf8RZP/AARQ/wCi+/Ev/wAR8+MX/wAylAB/xFk/8EUP+i+/Ev8A8R8+MX/zKUAH/EWT/wAEUP8AovvxL/8AEfPjF/8AMpQAf8RZP/BFD/ovvxL/APEfPjF/8ylAB/xFk/8ABFD/AKL78S//ABHz4xf/ADKUAH/EWT/wRQ/6L78S/wDxHz4xf/MpQAf8RZP/AARQ/wCi+/Ev/wAR8+MX/wAylAB/xFk/8EUP+i+/Ev8A8R8+MX/zKUAH/EWT/wAEUP8AovvxL/8AEfPjF/8AMpQAf8RZP/BFD/ovvxL/APEfPjF/8ylAB/xFk/8ABFD/AKL78S//ABHz4xf/ADKUAH/EWT/wRQ/6L78S/wDxHz4xf/MpQAf8RZP/AARQ/wCi+/Ev/wAR8+MX/wAylAB/xFk/8EUP+i+/Ev8A8R8+MX/zKUAH/EWT/wAEUP8AovvxL/8AEfPjF/8AMpQAf8RZP/BFD/ovvxL/APEfPjF/8ylAB/xFk/8ABFD/AKL78S//ABHz4xf/ADKUAH/EWT/wRQ/6L78S/wDxHz4xf/MpQAf8RZP/AARQ/wCi+/Ev/wAR8+MX/wAylAB/xFk/8EUP+i+/Ev8A8R8+MX/zKUAH/EWT/wAEUP8AovvxL/8AEfPjF/8AMpQB96fsG/8ABar/AIJy/wDBSXxv4l+GP7Knx3/4Sf4l+FtG/wCElvPAHi/wd4w+HPijU/DiSrBd654YsfGmi6RH4qsdKneKLW18P3F/eaGtxaXGr2lnZ31lc3AB+qtABQAUAFABQAUAFABQAUAFABQAUAFABQAUAFABQAUAFABQAUAFABQAUAFABQAUAFABQAUAFAH/1P7+KACgAoAKACgAoAKACgAoAKACgAoA/nM/4Osv+UKn7Rn/AGOvwM/9Wz4XoA6T/gi3+wb+w38Q/wDglL+wV438f/sY/soeOfGnif8AZx8Cav4l8X+MP2dvhB4m8UeIdVurWVrnU9c1/WvB97q2rahcMAZ72/u7i5lIzJK38IB+nn/Dtr/gnZ/0YP8AsWf+ItfAz/5haAD/AIdtf8E7P+jB/wBiz/xFr4Gf/MLQAf8ADtr/AIJ2f9GD/sWf+ItfAz/5haAD/h21/wAE7P8Aowf9iz/xFr4Gf/MLQAf8O2v+Cdn/AEYP+xZ/4i18DP8A5haAD/h21/wTs/6MH/Ys/wDEWvgZ/wDMLQAf8O2v+Cdn/Rg/7Fn/AIi18DP/AJhaAD/h21/wTs/6MH/Ys/8AEWvgZ/8AMLQAf8O2v+Cdn/Rg/wCxZ/4i18DP/mFoAP8Ah21/wTs/6MH/AGLP/EWvgZ/8wtAB/wAO2v8AgnZ/0YP+xZ/4i18DP/mFoAP+HbX/AATs/wCjB/2LP/EWvgZ/8wtAB/w7a/4J2f8ARg/7Fn/iLXwM/wDmFoAP+HbX/BOz/owf9iz/AMRa+Bn/AMwtAB/w7a/4J2f9GD/sWf8AiLXwM/8AmFoAP+HbX/BOz/owf9iz/wARa+Bn/wAwtAB/w7a/4J2f9GD/ALFn/iLXwM/+YWgA/wCHbX/BOz/owf8AYs/8Ra+Bn/zC0AH/AA7a/wCCdn/Rg/7Fn/iLXwM/+YWgA/4dtf8ABOz/AKMH/Ys/8Ra+Bn/zC0AH/Dtr/gnZ/wBGD/sWf+ItfAz/AOYWgA/4dtf8E7P+jB/2LP8AxFr4Gf8AzC0AH/Dtr/gnZ/0YP+xZ/wCItfAz/wCYWgA/4dtf8E7P+jB/2LP/ABFr4Gf/ADC0AH/Dtr/gnZ/0YP8AsWf+ItfAz/5haAD/AIdtf8E7P+jB/wBiz/xFr4Gf/MLQAf8ADtr/AIJ2f9GD/sWf+ItfAz/5haAD/h21/wAE7P8Aowf9iz/xFr4Gf/MLQAf8O2v+Cdn/AEYP+xZ/4i18DP8A5haAD/h21/wTs/6MH/Ys/wDEWvgZ/wDMLQAf8O2v+Cdn/Rg/7Fn/AIi18DP/AJhaAD/h21/wTs/6MH/Ys/8AEWvgZ/8AMLQAf8O2v+Cdn/Rg/wCxZ/4i18DP/mFoAP8Ah21/wTs/6MH/AGLP/EWvgZ/8wtAB/wAO2v8AgnZ/0YP+xZ/4i18DP/mFoAP+HbX/AATs/wCjB/2LP/EWvgZ/8wtAH8/H/Bz3+xb+x18Gf+CPXx48ffB/9k39mj4U+O9M8ffAe103xr8NvgR8LfA3i3T7bU/i94TsNSt7HxH4X8K6XrFpBqFjPPZX0MF5HHd2k0ttcLJDI6MAeq/8G6H7EH7FvxZ/4Iy/sV/EL4qfshfsvfEzx94i0j40yeIPHHxA+APwo8ZeL9dk079pH4xaRp76x4l8R+E9S1rU3sdJ0+w0uza9vZzbadZWllB5dtbQxIAftl/w7a/4J2f9GD/sWf8AiLXwM/8AmFoAP+HbX/BOz/owf9iz/wARa+Bn/wAwtAB/w7a/4J2f9GD/ALFn/iLXwM/+YWgA/wCHbX/BOz/owf8AYs/8Ra+Bn/zC0AH/AA7a/wCCdn/Rg/7Fn/iLXwM/+YWgA/4dtf8ABOz/AKMH/Ys/8Ra+Bn/zC0AH/Dtr/gnZ/wBGD/sWf+ItfAz/AOYWgA/4dtf8E7P+jB/2LP8AxFr4Gf8AzC0AH/Dtr/gnZ/0YP+xZ/wCItfAz/wCYWgA/4dtf8E7P+jB/2LP/ABFr4Gf/ADC0AH/Dtr/gnZ/0YP8AsWf+ItfAz/5haAD/AIdtf8E7P+jB/wBiz/xFr4Gf/MLQAf8ADtr/AIJ2f9GD/sWf+ItfAz/5haAD/h21/wAE7P8Aowf9iz/xFr4Gf/MLQAf8O2v+Cdn/AEYP+xZ/4i18DP8A5haAD/h21/wTs/6MH/Ys/wDEWvgZ/wDMLQAf8O2v+Cdn/Rg/7Fn/AIi18DP/AJhaAD/h21/wTs/6MH/Ys/8AEWvgZ/8AMLQAf8O2v+Cdn/Rg/wCxZ/4i18DP/mFoAP8Ah21/wTs/6MH/AGLP/EWvgZ/8wtAB/wAO2v8AgnZ/0YP+xZ/4i18DP/mFoA8z+Mn/AASF/wCCZfxw+F3jj4TeKf2Hf2YfD+hePNAvNBvfEHw4+B/ww+HPj3QTchWtdb8H+OPCPhTTPEPhrxBpN3HBf6ZqWn3a7Lm3SK8gvbCW6spwD/L8/wCCmP8AwTO/bI/4IG/tkeCvHngPxr4vtvBVt4vk8Y/snftY+DopNJk1CTSZHuR4a8Sm3SXTtD+I+h6dM2n+MfB2oLPonivRLi6vLK21Twrqt7ZW4B/f9/wQa/4Ly/DD/gq98MIvhr8SpfD/AMN/24Phv4fiuPiN8OLeVbHRfihotgsNtcfFn4TW9zK8txo9xK8TeLvCKzXOp+BdTukSRrzw9e6Rq90Af0SUAFABQAUAFABQAUAFABQAUAFABQAUAFABQAUAFABQAUAFABQAUAFABQAUAFABQAUAFABQB//V/v4oAKACgAoAKACgAoAKACgAoAKACgD+cz/g6y/5QqftGf8AY6/Az/1bPhegD7T/AOCFf/KH3/gnd/2bD8Pf/SSWgD9YKACgAoAKACgAoAKACgAoAKACgAoAKACgAoAKACgAoAKACgAoAKACgAoAKACgAoAKACgAoAKACgAoAKACgAoA/m8/4OxP+UJv7Q3/AGUX9nn/ANXT4OoA9f8A+DZD/lBt+wl/2Bfjr/61D8bqAP3koAKACgAoAKACgAoAKACgAoAKACgAoAKACgAoAKACgAoAKACgAoA+b/2tP2S/gL+2/wDAbx1+zd+0j4F0/wAf/C3x9p5ttQ0+5CwaroeqwK7aP4u8I6ysb3fhvxh4bu3F/oOvWG25s7hWilW4sLm9tJwD/Ju/4KY/8Ezv2yP+CBv7ZHgrx54D8a+MLbwVbeMJfGP7J37WPg6N9Kl1CXSZGuR4a8Stbxy6dofxH0PTpmsPGPg6/WfRPFmhz3V7Z2uqeFtVvbK1AP7/AH/gg1/wXl+GH/BV74YRfDX4lS+H/hv+3B8N/D8Vx8RvhxbyrY6L8UNFsFhtrj4s/Ca3uZXluNHuJXibxd4RWa51PwLqd0iSNeeHr3SNXugD+iSgAoAKACgAoAKACgAoAKACgAoAKACgAoAKACgAoAKACgAoAKACgAoAKACgAoAKACgAoA//1v7+KACgAoAKACgAoAKACgAoAKACgAoA/nM/4Osv+UKn7Rn/AGOvwM/9Wz4XoA+0/wDghX/yh9/4J3f9mw/D3/0kloA/WCgAoAKACgAoAKACgAoAKACgAoAKACgAoAKACgAoAKACgAoAKACgAoAKACgAoAKACgAoAKACgAoAKACgAoAKAP5vP+DsT/lCb+0N/wBlF/Z5/wDV0+DqAPX/APg2Q/5QbfsJf9gX46/+tQ/G6gD95KACgAoAKACgAoAKACgAoAKACgAoAKACgAoAKACgAoAKACgAoAKACgD5v/az/ZM+A37b3wG8dfs3ftI+BdP8f/C3x/p5ttQ0+5xBquh6rArto/i3wlrKxyXfhvxh4bu3F/oOvWBW4s7lWilE9jc3tncAH+Td/wAFMf8Agmd+2R/wQN/bI8FePPAfjXxhbeCrbxhL4x/ZO/ax8HRvpUuoS6TI1yPDXiVreOXTtD+I+h6dM1h4x8HX6z6J4s0Oe6vbO11Twtqt7ZWoB/f7/wAEGv8AgvL8MP8Agq98MIvhr8SpfD/w3/bg+G/h+K4+I3w4t5VsdF+KGi2Cw21x8WfhNb3Mry3Gj3ErxN4u8IrNc6n4F1O6RJGvPD17pGr3QB/RJQAUAFABQAUAFABQAUAFABQAUAFABQAUAFABQAUAFABQAUAFABQAUAFABQAUAFABQB//1/7+KACgAoAKACgAoAKACgAoAKACgAoA/nM/4Osv+UKn7Rn/AGOvwM/9Wz4XoA+0/wDghX/yh9/4J3f9mw/D3/0kloA/WCgAoAKACgAoAKACgAoAKACgAoAKACgAoAKACgAoAKACgAoAKACgAoAKACgAoAKACgAoAKACgAoAKACgAoAKAP5vP+DsT/lCb+0N/wBlF/Z5/wDV0+DqAPX/APg2Q/5QbfsJf9gX46/+tQ/G6gD95KACgAoAKACgAoAKACgAoAKACgAoAKACgAoAKACgAoAKACgAoAKACgAoA+b/ANrP9kz4DftvfAbx1+zd+0j4F0/x/wDC3x/p5ttQ0+5xBquh6rArto/i3wlrKxyXfhvxh4bu3F/oOvWBW4s7lWilE9jc3tncAH+Td/wUx/4Jnftkf8EDf2yPBXjzwH418YW3gq28YS+Mf2Tv2sfB0b6VLqEukyNcjw14la3jl07Q/iPoenTNYeMfB1+s+ieLNDnur2ztdU8Lare2VqAf3+/8EGv+C8vww/4KvfDCL4a/EqXw/wDDf9uD4b+H4rj4jfDi3lWx0X4oaLYLDbXHxZ+E1vcyvLcaPcSvE3i7wis1zqfgXU7pEka88PXukavdAH9ElABQAUAFABQAUAFABQAUAFABQAUAFABQAUAFABQAUAFABQAUAFABQAUAFABQAUAf/9D+/igAoAKACgD/ADRPAn/BbX/g5J/ax/4KXeNf2ZP2bryx8K+OIPij400N/wBlrxD8CfhFH4B+DfhXwlq99BqFv8UfG/irwK3xA0bR/DFlbxrr/i/VvHdrqes6pLBYeH/Nu9Y0Hw9OAf05eG/+Cw/7dH7Fsljo/wDwWh/4J7eJfhB8P1kgtr39uL9jh9R+PP7MumRuEjbWvib4M0O98W/Eb4R6KkiSh7/Ur/XdVv7qVI7DwfBZqt0wB++nwW+OXwc/aN+HWgfFz4C/E7wP8X/hn4og8/Q/G/w+8R6Z4n8P3pVUNxaG+0u4uEtdUsGkEGqaRei21XSbsSWWp2VpeRSQKAeq0AFABQAUAFAH85n/AAdZf8oVP2jP+x1+Bn/q2fC9AH2n/wAEK/8AlD7/AME7v+zYfh7/AOkktAH6wUAFABQAUAFABQAUAFABQAUAFABQAUAFABQAUAFABQAUAFABQAUAFABQAUAFABQAUAFABQAUAFABQAUAFABQB/N5/wAHYn/KE39ob/sov7PP/q6fB1AHr/8AwbIf8oNv2Ev+wL8df/WofjdQB+8lABQAUAFABQAUAFABQAUAFABQAUAFABQAUAFABQAUAFABQAUAFABQAUAFAHzf+1n+yZ8Bv23vgN46/Zu/aR8C6f4/+Fvj/Tzbahp9ziDVdD1WBXbR/FvhLWVjku/DfjDw3duL/QdesCtxZ3KtFKJ7G5vbO4AP8m7/AIKY/wDBM79sj/ggb+2R4K8eeA/GvjC28FW3jCXxj+yd+1j4OjfSpdQl0mRrkeGvErW8cunaH8R9D06ZrDxj4Ov1n0TxZoc91e2drqnhbVb2ytQD+/3/AIINf8F5fhh/wVe+GEXw1+JUvh/4b/twfDfw/FcfEb4cW8q2Oi/FDRbBYba4+LPwmt7mV5bjR7iV4m8XeEVmudT8C6ndIkjXnh690jV7oA/okoAKACgAoAKACgAoAKACgAoAKACgAoAKACgAoAKACgAoAKACgAoAKACgAoAKAP/R/v4oAKACgAoA/kq/ae/4O+v+CXnwF8Q+LdH+Cfw7+Of7Sfj2C8k0vVNZ8M+ALD4SeDtRv9AefT0s9c8VfE+40H4gA2EoltbRh8MdWjgi8/yzCmxLgA/Cf9oH/g9b/bL8brqWl/s+/slfs5/B/QdQiuLRpPijq3jj47eIo7SdHiPlXOnX3wh8LtLJGxWaLUvB+r2To0kL20gIdgD8A/gB/wAFUP8AgoP8Jv2sPEX7SH7JXiSH4TfE34iavbat4z+Ef7O/wq0Lwx8EfH5tnAls/EX7PHg7RR4A1qK6WWZZdQbw62v2t1e3WraZrFjrs7anQB/o4f8ABJD/AIOEfhh+3XrHhz9mr9rH4d6n+xj+3Zd6fA2n/C3x5puv+FvA3xsYQhpNT+DGo+M4bTVoNXu9j3n/AArLxJJceIorVwfDOueO7ex1i+00A/o5oAKACgAoA/nM/wCDrL/lCp+0Z/2OvwM/9Wz4XoA+0/8AghX/AMoff+Cd3/ZsPw9/9JJaAP1goAKACgAoAKACgAoAKACgAoAKACgAoAKACgAoAKACgAoAKACgAoAKACgAoAKACgAoAKACgAoAKACgAoAKACgD+bz/AIOxP+UJv7Q3/ZRf2ef/AFdPg6gD1/8A4NkP+UG37CX/AGBfjr/61D8bqAP3koAKACgAoAKACgAoAKACgAoAKACgAoAKACgAoAKACgAoAKACgAoAKACgAoAKAPnD9rP9kz4C/tvfAbx1+zd+0j4E0/x/8LfH+nm21DT7nEGq6JqsAdtH8W+EtZSOS78N+MPDl24v9B16wK3NncK0Ugnsbm9s7gA/ybf+CmX/AATO/bI/4IG/tkeCvHvgLxr4wtvBNt4wk8Y/snftY+Do30qW/l0l3uR4Z8TG3ik07Q/iPoenStYeMPB9+J9D8WaHPdXtla6p4W1W9srcA/v9/wCCDX/BeX4Yf8FXvhhF8NfiVL4f+G/7cHw38PxXHxG+HFvKtjovxQ0WwWG2uPiz8Jre5leW40e4leJvF3hFZrnU/Aup3SJI154evdI1e6AP6JKACgAoAKACgAoAKACgAoAKACgAoAKACgAoAKACgAoAKACgAoAKACgAoAKAP//S/v4oAKACgAoA/g5/Z5/4NI/CX7RP7Vf7c3xp/bZ8XfFr4T/CWX9tT48w/s8/Cn4XS+DNE1n4jfBq78Y3Xivwb8S9V8aarp/jaLS/C/iHT/EkGgWPhuw8PaX4hil8O6xczarpyXGnGgD+hz4Cf8G7n/BG39nmOxk8M/sOfC/x7q9n5bza58dp/EXx2uNRuY8Yu7rRviprHinwhbyMVBMGk+GdLsAw3JZqzM9AH63fD/4WfDH4TaLH4b+Ffw58B/DPw7EsaxaD8P8Awh4f8GaLGsQ2xLHpfhzTtNsUWNSVjCwgIDheCaAPzx/4LF/s/wD7H/xq/YK+P/iP9sTT9O0jwj8E/hp4x+K3hD4x2NvDbfE74I+OPC+kvqvhjxt8I/EsBt9d0nxr/wAJFYaLZado2kX9vH42upbXwlqdrqVlqj2UoB+eP/BsX/wVh8ef8FLf2OPFngr49avJ4j/aU/ZM1fwn4G8feM5ypv8A4leAvF2m6vP8LviFrz5Uy+ML5fCni3w14uuFjb+1dR8Lw+KLmc33iW6t7cA/pYoAKACgD+cz/g6y/wCUKn7Rn/Y6/Az/ANWz4XoA+0/+CFf/ACh9/wCCd3/ZsPw9/wDSSWgD9YKACgAoAKACgAoAKACgAoAKACgAoAKACgAoAKACgAoAKACgAoAKACgAoAKACgAoAKACgAoAKACgAoAKACgAoA/m8/4OxP8AlCb+0N/2UX9nn/1dPg6gD1//AINkP+UG37CX/YF+Ov8A61D8bqAP3koAKACgAoAKACgAoAKACgAoAKACgAoAKACgAoAKACgAoAKACgAoAKACgAoAKACgD5w/az/ZM+A37b3wG8dfs3ftI+BdP8f/AAt8f6ebbUdOuQINV0TVYA7aP4t8Jawsb3fhzxh4cu2F/oOvWBW5srlWjkW5sbm9s7gA/wAm3/gpl/wTO/bI/wCCBv7ZHgrx74C8a+MLbwTbeMJPGP7J37WPg6N9Klv5dJd7keGfExt4pNO0P4j6Hp0rWHjDwffifQ/Fmhz3V7ZWuqeFtVvbK3AP7/f+CDX/AAXl+GH/AAVe+GEXw1+JUvh/4b/twfDfw/FcfEb4cW8q2Oi/FDRbBYba4+LPwmt7mV5bjR7iV4m8XeEVmudT8C6ndIkjXnh690jV7oA/okoAKACgAoAKACgAoAKACgAoAKACgAoAKACgAoAKACgAoAKACgAoAKACgD//0/7+KACgAoAKACgAoAKAPjT/AIKE/saeFP8AgoP+xn8e/wBjrxp4n1PwVonxu8J2WjR+MdIs/wC0r3wr4h8PeJdC8beDvEQ0k32lrrdpo3i/wxoWoajoT6npseuadb3WkSX9kl41wgB+c3/BDX/gh14R/wCCNPgn43Rt8a7349/Fb4/ap4Mbxh4vXwavgDw1o3hj4dp4n/4RLw34c8Mv4j8W3v2j7X4y8Qahr+uXuuE6pJLpdpb6Xp0WkGa/AP3koAKACgD+cz/g6y/5QqftGf8AY6/Az/1bPhegD7T/AOCFf/KH3/gnd/2bD8Pf/SSWgD9YKACgAoAKACgAoAKACgAoAKACgAoAKACgAoAKACgAoAKACgAoAKACgAoAKACgAoAKACgAoAKACgAoAKACgAoA/m8/4OxP+UJv7Q3/AGUX9nn/ANXT4OoA9f8A+DZD/lBt+wl/2Bfjr/61D8bqAP3koAKACgAoAKACgAoAKACgAoAKACgAoAKACgAoAKACgAoAKACgAoAKACgAoAKACgAoA+cP2s/2TPgN+298BvHX7N37SPgXT/H/AMLfH+nm21HTrkCDVdE1WAO2j+LfCWsLG934c8YeHLthf6Dr1gVubK5Vo5FubG5vbO4AP8m3/gpl/wAEzv2yP+CBv7ZHgrx74C8a+MLbwTbeMJPGP7J37WPg6N9Klv5dJd7keGfExt4pNO0P4j6Hp0rWHjDwffifQ/Fmhz3V7ZWuqeFtVvbK3AP7/f8Agg1/wXl+GH/BV74YRfDX4lS+H/hv+3B8N/D8Vx8RvhxbyrY6L8UNFsFhtrj4s/Ca3uZXluNHuJXibxd4RWa51PwLqd0iSNeeHr3SNXugD+iSgAoAKACgAoAKACgAoAKACgAoAKACgAoAKACgAoAKACgAoAKACgAoA//U/v4oAKACgAoAKACgAoAKACgAoAKACgD+cz/g6y/5QqftGf8AY6/Az/1bPhegD7T/AOCFf/KH3/gnd/2bD8Pf/SSWgD9YKACgAoAKACgAoAKACgAoAKACgAoAKACgAoAKACgAoAKACgAoAKACgAoAKACgAoAKACgAoAKACgAoAKACgAoA/m8/4OxP+UJv7Q3/AGUX9nn/ANXT4OoA9f8A+DZD/lBt+wl/2Bfjr/61D8bqAP3koAKACgAoAKACgAoAKACgAoAKACgAoAKACgAoAKACgAoAKACgAoAKACgAoAKACgAoAKAPnD9rP9kz4DftvfAbx1+zd+0j4F0/x/8AC3x/p5ttR065Ag1XRNVgDto/i3wlrCxvd+HPGHhy7YX+g69YFbmyuVaORbmxub2zuAD/ACbf+CmX/BM79sj/AIIG/tkeCvHvgLxr4wtvBNt4wk8Y/snftY+Do30qW/l0l3uR4Z8TG3ik07Q/iPoenStYeMPB9+J9D8WaHPdXtla6p4W1W9srcA/v9/4INf8ABeX4Yf8ABV74YRfDX4lS+H/hv+3B8N/D8Vx8RvhxbyrY6L8UNFsFhtrj4s/Ca3uZXluNHuJXibxd4RWa51PwLqd0iSNeeHr3SNXugD+iSgAoAKACgAoAKACgAoAKACgAoAKACgAoAKACgAoAKACgAoAKACgD/9X+/igAoAKACgAoAKACgAoAKACgAoAKAP5zP+DrL/lCp+0Z/wBjr8DP/Vs+F6APtP8A4IV/8off+Cd3/ZsPw9/9JJaAP1goAKACgAoAKACgAoAKACgAoAKACgAoAKACgAoAKACgAoAKACgAoAKACgAoAKACgAoAKACgAoAKACgAoAKACgD+bz/g7E/5Qm/tDf8AZRf2ef8A1dPg6gD1/wD4NkP+UG37CX/YF+Ov/rUPxuoA/eSgAoAKACgAoAKACgAoAKACgAoAKACgAoAKACgAoAKACgAoAKACgAoAKACgAoAKACgAoAKAPnD9rP8AZM+A37b3wG8dfs3ftI+BdP8AH/wt8f6ebbUdOuQINV0TVYA7aP4t8Jawsb3fhzxh4cu2F/oOvWBW5srlWjkW5sbm9s7gA/ybv+CmX/BM39sj/ggb+2R4K8e+AvGvjC28E23jCTxh+yd+1j4PjfSZb+XSXe5HhnxM1skunaH8SND06VrDxh4Pv0n0Pxboc91e2NtqnhbVb+wtQD+/z/gg1/wXl+GH/BV74YRfDX4lS+H/AIb/ALcHw38PxXHxG+HFvKtjovxQ0WwWG2uPiz8Jre5leW40e4leJvF3hFZrnU/Aup3SJI154evdI1e6AP6JKACgAoAKACgAoAKACgAoAKACgAoAKACgAoAKACgAoAKACgAoA//W/v4oAKACgAoAKACgAoAKACgAoAKACgD+cz/g6y/5QqftGf8AY6/Az/1bPhegD7T/AOCFf/KH3/gnd/2bD8Pf/SSWgD9YKACgAoAKACgAoAKACgAoAKACgAoAKACgAoAKACgAoAKACgAoAKACgAoAKACgAoAKACgAoAKACgAoAKACgAoA/m8/4OxP+UJv7Q3/AGUX9nn/ANXT4OoA9f8A+DZD/lBt+wl/2Bfjr/61D8bqAP3koAKACgAoAKACgAoAKACgAoAKACgAoAKACgAoAKACgAoAKACgAoAKACgAoAKACgAoAKACgAoA+cP2s/2TPgN+278BvHf7N37SPgTT/H/wt8f6ebbUdOuQINU0TVIA7aP4t8JawiNd+HPGHhu7cahoOvaeVubK5UxyLcWU95aXAB/k3f8ABTL/AIJm/tkf8EDf2yPBXj3wF418YW3gm28YSeMP2Tv2sfB8b6TLfy6S73I8M+Jmtkl07Q/iRoenStYeMPB9+k+h+LdDnur2xttU8Larf2FqAf3+f8EGv+C8vww/4KvfDCL4a/EqXw/8N/24Phv4fiuPiN8OLeVbHRfihotgsNtcfFn4TW9zK8txo9xK8TeLvCKzXOp+BdTukSRrzw9e6Rq90Af0SUAFABQAUAFABQAUAFABQAUAFABQAUAFABQAUAFABQAUAFAH/9f+/igAoAKACgAoAKACgAoAKACgAoAKAP5zP+DrL/lCp+0Z/wBjr8DP/Vs+F6APtP8A4IV/8off+Cd3/ZsPw9/9JJaAP1goAKACgAoAKACgAoAKACgAoAKACgAoAKACgAoAKACgAoAKACgAoAKACgAoAKACgAoAKACgAoAKACgAoAKACgD+bz/g7E/5Qm/tDf8AZRf2ef8A1dPg6gD1/wD4NkP+UG37CX/YF+Ov/rUPxuoA/eSgAoAKACgAoAKACgAoAKACgAoAKACgAoAKACgAoAKACgAoAKACgAoAKACgAoAKACgAoAKACgAoA+cP2s/2TPgN+278BvHf7N37SPgTT/H/AMLfH+nm21HTrkCDVNE1SAO2j+LfCWsIjXfhzxh4bu3GoaDr2nlbmyuVMci3FlPeWlwAf5N3/BTL/gmb+2R/wQN/bI8FePfAXjXxhbeCbbxhJ4w/ZO/ax8HxvpMt/LpLvcjwz4ma2SXTtD+JGh6dK1h4w8H36T6H4t0Oe6vbG21Twtqt/YWoB/f5/wAEGv8AgvL8MP8Agq98MIvhr8SpfD/w3/bg+G/h+K4+I3w4t5VsdF+KGi2Cw21x8WfhNb3Mry3Gj3ErxN4u8IrNc6n4F1O6RJGvPD17pGr3QB/RJQAUAFABQAUAFABQAUAFABQAUAFABQAUAFABQAUAFABQB//Q/v4oAKACgAoACccngDkk9qAKOn6npurQNc6XqFjqVsk0tu1xp93BeQLPA2yaBpbeSSMTQuCksZbfG3yuqkYoAvUAFABQAUAFABQB/OZ/wdZf8oVP2jP+x1+Bn/q2fC9AH2n/AMEK/wDlD7/wTu/7Nh+Hv/pJLQB+sFABQAUAFABQAUAFABQAUAFABQAUAFABQAUAFABQAUAFABQAUAFABQAUAFABQAUAFABQAUAFABQAUAFABQAUAfzef8HYn/KE39ob/sov7PP/AKunwdQB6/8A8GyH/KDb9hL/ALAvx1/9ah+N1AH7yUAFABQAUAFABQAUAFABQAUAFABQAUAFABQAUAFABQAUAFABQAUAFABQAUAFABQAUAFABQAUAFABQB84ftZ/smfAb9t34DeO/wBm79pHwJp/j/4W+P8ATzbajp1yBBqmiapAHbR/FvhLWERrvw54w8N3bjUNB17TytzZXKmORbiynvLS4AP8m7/gpl/wTN/bI/4IG/tkeCvHvgLxr4wtvBNt4wk8YfsnftY+D430mW/l0l3uR4Z8TNbJLp2h/EjQ9Olaw8YeD79J9D8W6HPdXtjbap4W1W/sLUA/v8/4INf8F5fhh/wVe+GEXw1+JUvh/wCG/wC3B8N/D8Vx8RvhxbyrY6L8UNFsFhtrj4s/Ca3uZXluNHuJXibxd4RWa51PwLqd0iSNeeHr3SNXugD+iSgAoAKACgAoAKACgAoAKACgAoAKACgAoAKACgAoAKAP/9H+/igAoAKAMvXNc0fwzomseJPEWp2OieH/AA9peoa5rus6ncxWWm6Ro+k2k1/qep6heTskFpY2Flbz3d3czOkUFvFJLIyohNAH+bD8Vv8AgpZ8Yf8Ag4n/AOCxPwK/YI8L/Efx98L/APgm94l+LuvaLD8MvAms6r4M1P4y/Cf4W+HPFfxC8d+Ovihe2L2mpalrnxF8HeCdXj8N+HdXE2g/Diw1HSY7TRZ/FNtrmva4AfXv/Bw1+xp4Z/4Ikwfsj/8ABQX/AIJO3XiP9i7xBP8AExPgR8T/AA38L/E/iSTwJ47u4/Cmr+Ovh3e+LfCXiLVdb0TxOk2neB/GuleMdH8S22saL4ygk0291bTZNUtb2/1AA/qC/wCCK3/BUnwp/wAFYf2LPDPx3jsNK8LfGTwdqR+G37Qvw/0udms/DXxM0nT7O8fWtBt7mabUI/BPjvSru08UeFWu3umsBdan4Vl1TVtS8L6nesAfrnQAUAfw1/8AB3/8ef2ifF3i79j39hz9k/TPjT4n8d23h3x5+1Z8VvDvwJ0zxzrXi2Dwouo2vwj+GOsajY/D6C51mLw8mrXHxOs7y6vol00ajcaNFvFzLAGAP4s/+FJ/8Fbv+iR/8FGP/CC/aY/+VNAH9K//AAay/sY/tweL/wDgo1dfG/8Aao0L9qzwT8L/ANmz4VeKPFWiWPxvs/i74a8PeL/ij48hf4feE9Ji0zx5HYafr66R4e1jxx4tLRRXp0jWPD/h+5eKKae1uEAP6Vv+DrL/AJQqftGf9jr8DP8A1bPhegD7T/4IV/8AKH3/AIJ3f9mw/D3/ANJJaAP1goAKACgAoAKACgAoAKACgAoAKACgAoAKACgAoAKACgAoAKACgAoAKACgAoAKACgAoAKACgAoAKACgAoAKAP8n3/grB/wWc/4Km/Bj/gpb+3P8J/hZ+3F8d/A/wAOPh3+058W/CPgjwfoPiO2ttG8NeGtE8WahZaTo2l27WEjQ2VhaRRwW8bOxWNACx5NAH5I/tAf8FXv+Cjf7VPwx1j4L/tE/tgfGX4u/CvxBe6PqOteBvGOvW9/oOpXvh/U7bWdFubm2jsoGeXTdUtLa+tiJBsnhRiDjFAH+oZ/wbIf8oNv2Ev+wL8df/WofjdQB+8lABQAUAFABQAUAFABQAUAFABQAUAFABQAUAFABQAUAFABQAUAFABQAUAFABQAUAFABQAUAFABQAUAFAHzh+1n+yZ8Bv23fgN47/Zu/aR8Caf4/wDhb4/0822o6dcgQapomqQB20fxb4S1hEa78OeMPDd241DQde08rc2VypjkW4sp7y0uAD/Jv/4KZf8ABM39sj/ggb+2R4K8feAfGvjC38EW3jCTxh+yd+1j4OjfSZr6bSXe5HhnxMbZJdO0P4kaJp0r2Hi/wffrNofi3Qp7u9sbXVfC2q39jaAH9/f/AAQa/wCC8vww/wCCr3wwi+GvxKl8P/Df9uD4b+H4rj4jfDi3lWx0X4oaLYLDbXHxZ+E1vcyvLcaPcSvE3i7wis1zqfgXU7pEka88PXukavdAH9ElABQAUAFABQAUAFABQAUAFABQAUAFABQAUAFABQB//9L+/igAoAKAPwZ/4OX/ANoTWP2d/wDgjR+1tqnhnUrrSfFHxX0zwZ8A9Iu7VijnTvi34z0bw74+s3kX5o49R+Fh8dWG5cNvuY1BGdygH8D/APwakWsVx/wW7/ZilkVWex8F/tF3UBIBKSv8APiJZFlP8LGC7mTIwdrsvRiGAP66v+Dzy1iuP+CUHwxlkVWey/be+Ed1ASoJSV/hD+0FZFlJ5VjDdzJuHO1mXoxoA/AH/gy2/aF1nwL/AMFAvjz+zrNqEyeDvj9+znfeKDpalmiuPiJ8F/FmiX3hi9Zc7IxbeCvG3xPikkA3yPcWqHKqNoB/ptUAFAH+cT8df+DjbTf2HP8AguP/AMFK/jlYfs12H7T+n3cngb9jrwFdS/GCX4YT+APA37N95qOkfEOy8P6lH8N/iLba1p/xC+LlvqnixpDa2dtAun2TWxvUvGuIgD9fv2Tv+Dyj/gnp8Z9c0fwr+0d8K/jL+yVq+sX8NkPFV/8A2V8YvhLpQuJBDFNrfivwnFovjuxj8x4/NuE+FFzp1pCZbi+v7e3heRQD+sf4ffEPwF8WfBPhn4k/C7xn4X+Inw98aaTba74R8b+Ctd03xN4V8S6NeAm21PQ9e0e6vNM1OymwyrcWlzLHvR42IkR0UA/n6/4OtXWP/gil+0YznAPjj4EID/tSfF3wpGg/F3Ufj7UAfBv/AASp/wCDjj/gkX+zF/wTm/Y4/Z9+M/7R/iLwv8VfhH8DPB/grx54etvgV8dvEFvpHiPSbeSO+sotb8PfDrU9E1NImZQLvTNQu7STrHM/O0A/QH/iKu/4Iff9HW+Kf/Ecv2jv/nWUAH/EVd/wQ+/6Ot8U/wDiOX7R3/zrKAD/AIirv+CH3/R1vin/AMRy/aO/+dZQAf8AEVd/wQ+/6Ot8U/8AiOX7R3/zrKAD/iKu/wCCH3/R1vin/wARy/aO/wDnWUAH/EVd/wAEPv8Ao63xT/4jl+0d/wDOsoAP+Iq7/gh9/wBHW+Kf/Ecv2jv/AJ1lAB/xFXf8EPv+jrfFP/iOX7R3/wA6ygA/4irv+CH3/R1vin/xHL9o7/51lAB/xFXf8EPv+jrfFP8A4jl+0d/86ygA/wCIq7/gh9/0db4p/wDEcv2jv/nWUAH/ABFXf8EPv+jrfFP/AIjl+0d/86ygA/4irv8Agh9/0db4p/8AEcv2jv8A51lAB/xFXf8ABD7/AKOt8U/+I5ftHf8AzrKAD/iKu/4Iff8AR1vin/xHL9o7/wCdZQAf8RV3/BD7/o63xT/4jl+0d/8AOsoAP+Iq7/gh9/0db4p/8Ry/aO/+dZQAf8RV3/BD7/o63xT/AOI5ftHf/OsoAP8AiKu/4Iff9HW+Kf8AxHL9o7/51lAB/wARV3/BD7/o63xT/wCI5ftHf/OsoAP+Iq7/AIIff9HW+Kf/ABHL9o7/AOdZQAf8RV3/AAQ+/wCjrfFP/iOX7R3/AM6ygA/4irv+CH3/AEdb4p/8Ry/aO/8AnWUAH/EVd/wQ+/6Ot8U/+I5ftHf/ADrKAD/iKu/4Iff9HW+Kf/Ecv2jv/nWUAH/EVd/wQ+/6Ot8U/wDiOX7R3/zrKAD/AIirv+CH3/R1vin/AMRy/aO/+dZQAf8AEVd/wQ+/6Ot8U/8AiOX7R3/zrKAD/iKu/wCCH3/R1vin/wARy/aO/wDnWUAH/EVd/wAEPv8Ao63xT/4jl+0d/wDOsoAP+Iq7/gh9/wBHW+Kf/Ecv2jv/AJ1lAB/xFXf8EPv+jrfFP/iOX7R3/wA6ygA/4irv+CH3/R1vin/xHL9o7/51lAB/xFXf8EPv+jrfFP8A4jl+0d/86ygA/wCIq7/gh9/0db4p/wDEcv2jv/nWUAf5i/8AwU5+Nfw5/aQ/4KGftnfHz4Q63P4k+F3xf/aM+KPxA8A6/c6Tq2gz6x4V8TeKL/UtG1CbRtestO1rTJLqznilay1Sws723LeXcW8UgZFAPhagD/Rw/wCCHH/BwX/wSo/Yu/4JY/spfsy/tE/tCa/4K+Mvwv0z4q23jTwxZfBP42+K7bS5vE/x2+KHjbRVi8QeFPh/rPh/UPtXhvxLo98zafqV0tu9y1pcGO7guIYgD9Yf+Iq7/gh9/wBHW+Kf/Ecv2jv/AJ1lAB/xFXf8EPv+jrfFP/iOX7R3/wA6ygA/4irv+CH3/R1vin/xHL9o7/51lAB/xFXf8EPv+jrfFP8A4jl+0d/86ygA/wCIq7/gh9/0db4p/wDEcv2jv/nWUAH/ABFXf8EPv+jrfFP/AIjl+0d/86ygA/4irv8Agh9/0db4p/8AEcv2jv8A51lAB/xFXf8ABD7/AKOt8U/+I5ftHf8AzrKAD/iKu/4Iff8AR1vin/xHL9o7/wCdZQAf8RV3/BD7/o63xT/4jl+0d/8AOsoAP+Iq7/gh9/0db4p/8Ry/aO/+dZQAf8RV3/BD7/o63xT/AOI5ftHf/OsoAP8AiKu/4Iff9HW+Kf8AxHL9o7/51lAB/wARV3/BD7/o63xT/wCI5ftHf/OsoAP+Iq7/AIIff9HW+Kf/ABHL9o7/AOdZQAf8RV3/AAQ+/wCjrfFP/iOX7R3/AM6ygA/4irv+CH3/AEdb4p/8Ry/aO/8AnWUAH/EVd/wQ+/6Ot8U/+I5ftHf/ADrKAD/iKu/4Iff9HW+Kf/Ecv2jv/nWUAH/EVd/wQ+/6Ot8U/wDiOX7R3/zrKAD/AIirv+CH3/R1vin/AMRy/aO/+dZQAf8AEVd/wQ+/6Ot8U/8AiOX7R3/zrKAD/iKu/wCCH3/R1vin/wARy/aO/wDnWUAH/EVd/wAEPv8Ao63xT/4jl+0d/wDOsoAP+Iq7/gh9/wBHW+Kf/Ecv2jv/AJ1lAB/xFXf8EPv+jrfFP/iOX7R3/wA6ygA/4irv+CH3/R1vin/xHL9o7/51lAB/xFXf8EPv+jrfFP8A4jl+0d/86ygA/wCIq7/gh9/0db4p/wDEcv2jv/nWUAH/ABFXf8EPv+jrfFP/AIjl+0d/86ygA/4irv8Agh9/0db4p/8AEcv2jv8A51lAB/xFXf8ABD7/AKOt8U/+I5ftHf8AzrKAD/iKu/4Iff8AR1vin/xHL9o7/wCdZQAf8RV3/BD7/o63xT/4jl+0d/8AOsoAP+Iq7/gh9/0db4p/8Ry/aO/+dZQB84/tZf8ABfz/AINxf23fgN47/Zu/aR+OWs+P/hb4/wBPNrqOnXX7OP7RsGqaLqkAdtH8WeEtYX4Utd+G/GHhy7ZdQ0HX9PZLmyuUMcgnsri7tLgA/wA4j4i+I/Cv7G37YLeP/wDgn5+1drvxG8O/DDxla+MvgF+0P4e8KeN/hX43s7ZZJJtNs/E/hbxz4c8PXdr4l060eTRPF1jb2OreCfE9nNdQpJeaPq17o9qAf6hH/BBr/gvL8MP+Cr3wwi+GvxKl8P8Aw3/bg+G/h+K4+I3w4t5VsdF+KGi2Cw21x8WfhNb3Mry3Gj3ErxN4u8IrNc6n4F1O6RJGvPD17pGr3QB/RJQAUAFABQAUAFABQAUAFABQAUAFABQAUAFABQB//9P+/igAoAKAP5Zv+DwfS9T1D/gj5f3dgZBa6H+038ENU1rYpZTpk0HjTRYhKRwkf9s6xpJDHAMoiTq4DAH8bf8Awag/8ptv2bv+xC/aJ/8AVGeOqAP66v8Ag81/5RN/D3/s9X4Qf+qs+PFAH8pv/BorpN9qX/BZj4eXlp532fQPgV8edW1PylJT7DN4Vt9Cj+0EAhYf7S1rTtrMVH2jyFyWZVYA/wBYWgBkqs8UiJI0LujqkyKjPEzKQsirIrxs0ZIZVkR0JGHVlJFAH8Snxq/4Mo/2evHV34o8SfD39vD9oHQ/G3iPUNW1651r4seAfh98T4dQ1/VrubULy+1mPws/wmurh76+nmmvJ7e5ifzJnmSJtvlOAfzFf8FKf+Dab/goh/wTi8D698adS07wZ+0d+z94aWe88TfE74HXOuX+p+AtFiZVTWviT8PNe0fSvEvh7Sgpkm1DXfD/APwmXhPQLeIzeIfEmlpJAZQD9mP+DLX9uj4j2/xo+PP/AAT38V+INS1r4Vaz8L9T/aD+E2mapqU1zaeAPGnhPxZ4a8PePND8L2cpb7Fp/wAQ9K8dWvibVrOB1soNV8Dy6lb20V/r+sXF2Af0Lf8AB1qiv/wRT/aMVxkDxv8AAhwOR80fxc8KyIeMfddVb0OMHIJFAHxb/wAEoP8Ag3i/4I9ftLf8E3v2Mvj58bP2Qj40+LPxY+BPg7xn4/8AFf8Awv79qHw5/b/iTVbeSS/1L+wvCfxp0Lw1pfnuoP2PRdH06wi6Q2sQyGAP0I/4hcf+CFH/AEY2f/Emf2wv/n/0AH/ELj/wQo/6MbP/AIkz+2F/8/8AoAP+IXH/AIIUf9GNn/xJn9sL/wCf/QAf8QuP/BCj/oxs/wDiTP7YX/z/AOgA/wCIXH/ghR/0Y2f/ABJn9sL/AOf/AEAH/ELj/wAEKP8Aoxs/+JM/thf/AD/6AD/iFx/4IUf9GNn/AMSZ/bC/+f8A0AH/ABC4/wDBCj/oxs/+JM/thf8Az/6AD/iFx/4IUf8ARjZ/8SZ/bC/+f/QAf8QuP/BCj/oxs/8AiTP7YX/z/wCgA/4hcf8AghR/0Y2f/Emf2wv/AJ/9AB/xC4/8EKP+jGz/AOJM/thf/P8A6AD/AIhcf+CFH/RjZ/8AEmf2wv8A5/8AQAf8QuP/AAQo/wCjGz/4kz+2F/8AP/oAP+IXH/ghR/0Y2f8AxJn9sL/5/wDQAf8AELj/AMEKP+jGz/4kz+2F/wDP/oAP+IXH/ghR/wBGNn/xJn9sL/5/9AB/xC4/8EKP+jGz/wCJM/thf/P/AKAD/iFx/wCCFH/RjZ/8SZ/bC/8An/0AH/ELj/wQo/6MbP8A4kz+2F/8/wDoAP8AiFx/4IUf9GNn/wASZ/bC/wDn/wBAB/xC4/8ABCj/AKMbP/iTP7YX/wA/+gA/4hcf+CFH/RjZ/wDEmf2wv/n/ANAB/wAQuP8AwQo/6MbP/iTP7YX/AM/+gA/4hcf+CFH/AEY2f/Emf2wv/n/0AH/ELj/wQo/6MbP/AIkz+2F/8/8AoAP+IXH/AIIUf9GNn/xJn9sL/wCf/QAf8QuP/BCj/oxs/wDiTP7YX/z/AOgA/wCIXH/ghR/0Y2f/ABJn9sL/AOf/AEAH/ELj/wAEKP8Aoxs/+JM/thf/AD/6AD/iFx/4IUf9GNn/AMSZ/bC/+f8A0AH/ABC4/wDBCj/oxs/+JM/thf8Az/6AD/iFx/4IUf8ARjZ/8SZ/bC/+f/QAf8QuP/BCj/oxs/8AiTP7YX/z/wCgA/4hcf8AghR/0Y2f/Emf2wv/AJ/9AB/xC4/8EKP+jGz/AOJM/thf/P8A6APxN/4OE/8AghV/wSu/Yc/4JdfGT9ov9lz9lw/DD4yeFPGnwa0nQPGH/C7f2i/Gv2DT/FfxP8N+Hdft/wDhH/iH8W/Fnha6+36PqF3Z+beaJcT2vm/aLKS3uo450APR/wDghZ/wQM/4JMftkf8ABKn9k79pP9pD9lE/Eb40/EzTPixceN/Gf/C9P2lPCH9tTeGfjz8UvBeiP/wjvgT4w+GPCmm/YvDXhzRtN26Rodglz9j+2Xaz39zd3U4B+tf/ABC4/wDBCj/oxs/+JM/thf8Az/6AD/iFx/4IUf8ARjZ/8SZ/bC/+f/QAf8QuP/BCj/oxs/8AiTP7YX/z/wCgA/4hcf8AghR/0Y2f/Emf2wv/AJ/9AB/xC4/8EKP+jGz/AOJM/thf/P8A6AD/AIhcf+CFH/RjZ/8AEmf2wv8A5/8AQAf8QuP/AAQo/wCjGz/4kz+2F/8AP/oAP+IXH/ghR/0Y2f8AxJn9sL/5/wDQAf8AELj/AMEKP+jGz/4kz+2F/wDP/oAP+IXH/ghR/wBGNn/xJn9sL/5/9AB/xC4/8EKP+jGz/wCJM/thf/P/AKAD/iFx/wCCFH/RjZ/8SZ/bC/8An/0AH/ELj/wQo/6MbP8A4kz+2F/8/wDoAP8AiFx/4IUf9GNn/wASZ/bC/wDn/wBAB/xC4/8ABCj/AKMbP/iTP7YX/wA/+gA/4hcf+CFH/RjZ/wDEmf2wv/n/ANAB/wAQuP8AwQo/6MbP/iTP7YX/AM/+gA/4hcf+CFH/AEY2f/Emf2wv/n/0AH/ELj/wQo/6MbP/AIkz+2F/8/8AoAP+IXH/AIIUf9GNn/xJn9sL/wCf/QAf8QuP/BCj/oxs/wDiTP7YX/z/AOgA/wCIXH/ghR/0Y2f/ABJn9sL/AOf/AEAH/ELj/wAEKP8Aoxs/+JM/thf/AD/6AD/iFx/4IUf9GNn/AMSZ/bC/+f8A0AH/ABC4/wDBCj/oxs/+JM/thf8Az/6AD/iFx/4IUf8ARjZ/8SZ/bC/+f/QAf8QuP/BCj/oxs/8AiTP7YX/z/wCgA/4hcf8AghR/0Y2f/Emf2wv/AJ/9AB/xC4/8EKP+jGz/AOJM/thf/P8A6AD/AIhcf+CFH/RjZ/8AEmf2wv8A5/8AQAf8QuP/AAQo/wCjGz/4kz+2F/8AP/oAP+IXH/ghR/0Y2f8AxJn9sL/5/wDQAf8AELj/AMEKP+jGz/4kz+2F/wDP/oAP+IXH/ghR/wBGNn/xJn9sL/5/9AB/xC4/8EKP+jGz/wCJM/thf/P/AKAD/iFx/wCCFH/RjZ/8SZ/bC/8An/0AfOX7Yn/BtR/wRV+Gf7I/7U3xH8A/sbTeGvHXw/8A2cvjf438F+I4f2iv2q9Vm0DxZ4U+GfifXvDmtxaZ4g+N2r6DqMulaxYWd/HYa3pOqaRePALfUtOvbKSe2lAP8wb4ReJ/2gP2fNX8AftZfBnUvHPw41PwD8ShpvgT4z+FRc2kGgfEvQtKsvED6CurpHLYjUbnw/qiT3Ph/Vkez8S+HrjV7G5sdU0pdYt4gD/Vh/4INf8ABeX4Yf8ABV74YRfDX4lS+H/hv+3B8N/D8Vx8RvhxbyrY6L8UNFsFhtrj4s/Ca3uZXluNHuJXibxd4RWa51PwLqd0iSNeeHr3SNXugD+iSgAoAKACgAoAKACgAoAKACgAoAKACgAoAKAP/9T+/igAoAKAPzF/4LL/ALH2r/t3f8EzP2t/2avCtgmpePvFfw3/AOEp+GNjt/f6h8TPhdrmkfE7wPotpMMNaz+J9f8ACVn4Ve5GVS21y4WZXt3lRwD/ADYf+DW3VD4Q/wCC537J+j65DPpV7qmn/tHeEri11CJ7K4stXT9nT4tXY0+8guFimtrw32j/ANn/AGaVFmF88ds0ayErQB/XH/wela/aad/wS3+CmhPMov8AxF+3B8NRb23/AC0ls9J+Cv7QV7fXAH/PK3nbTopCOQ93CMEMSoB+a3/Bk3+x14hPjD9rD9vPxDpV3ZeGbfwnpv7L/wAL9QubRxa+IdT1nXNA+JPxYutPmlVQf+EZi8LfDHTvtVqZEmk8SapZGRJLK5iYA/q6/wCCq3/BZL9kv/gkZ4E8D+I/2hP+E18Y+OPild6vbfDX4Q/C/TtH1Txx4ltfD/2AeIPEd4+v634e0Lw94U0SbVdLtrzV9U1Vbq7u75LXQdL1u5ttQisgDhv2H/8AgvF+wB+3D+yr8cv2svDvjXX/AIOeDv2X9L/tr9ovwr8YdLtNP8ZfC7Rbi01C70TXp7DwjqXi618U6L4uGkapZ+DZPCl5q2ra/rFjN4dj0a38RlNIYA1P2Hv+C9H/AAS//wCCgnjv/hVHwE/aItbD4s3E0sehfDP4r+HNc+FnirxiqSvHEfAv/CV2trofjO+uI4nu18O+Gta1LxXbWCSXt/oNlbxyOgB+v1/YWOq2N7peqWVpqWmalaXNhqOnX9tDeWN/Y3kL293ZXtpcJJb3VpdW8kkFzbTxyQzwyPFKjIzKwB/A3/wbR/sP6Hp//BZn/gqH+0z8GdMjj/ZA/Zx+IX7SP7NvwM8QaeFm8N61qPi743x3PhPRvCer/arqLW9N8IfCPwl5l9c2s07jT/FvgvULqSBNat4ZQD9vP+DrL/lCp+0Z/wBjr8DP/Vs+F6APtP8A4IV/8off+Cd3/ZsPw9/9JJaAP1goAKACgAoAKACgAoAKACgAoAKACgAoAKACgAoAKACgAoAKACgAoAKACgAoAKACgAoAKACgAoAKACgAoAKACgD+bz/g7E/5Qm/tDf8AZRf2ef8A1dPg6gD1/wD4NkP+UG37CX/YF+Ov/rUPxuoA/eSgAoAKACgAoAKACgAoAKACgAoAKACgAoAKACgAoAKACgAoAKACgAoAKACgAoAKACgAoAKACgAoAKACgAoAKAPkn9v3/kxH9tb/ALNJ/aP/APVO+MqAP4t/+DTv9k34Dftu/wDBM/8A4KI/s3ftI+BdP8f/AAt8f/HzwZa6jp10BBqmiapB8MoH0fxb4S1hEa78OeMPDl4w1DQdf08rc2VyhjkFxZT3lncAH873/BTL/gmb+2R/wQN/bI8FePvAPjXxhb+CLfxhJ4w/ZO/ax8HxvpU19NpLvcr4Y8TNbRyadofxI0PTpXsPF/g+/SbQ/Fuhz3V7Y2uqeFtUv7G0AP7+/wDgg1/wXl+GH/BV74YRfDX4lS+H/hv+3B8N/D8Vx8RvhxbyrY6L8UNFsFhtrj4s/Ca3uZXluNHuJXibxd4RWa51PwLqd0iSNeeHr3SNXugD+iSgAoAKACgAoAKACgAoAKACgAoAKACgAoA//9X+/igAoAKACgD+Sf8A4KIf8G8vxOT9vLwJ/wAFWf8AglP4x+Gnwx/aa8LfFHSfi98QvgP8UjqmjfCv4n+NYtTe48WeJNC8TaLZ6pN4XvviNp11qWmfEPwtd6ZBo/iSTWNY8Qaf4l8MazeXUeqAHJ/8FDP+CX//AAVU/wCC7PxN/Zy8Kfta+BPgp/wTt/ZO+AVxrOueKNC8I/HKH9pz4q/Efxn4mXTrLXfEXhdNA8DeEPCdlFbaNpC6H4Pt/FV3pb+GLfXNc17Ul8XXN+nhjTQD+oT9ln9mD4MfsZ/AH4Z/sz/s++E4fBnwn+FHh9NB8M6QsrXd9cvLcz6jrOv69qTqk2r+JvE+uXuo+IfEmsTqsup61qV7dlIllSFAD+cD/g5d/wCCGXx//wCCpi/An45fspa94Tu/jD8E/D3iTwDr3wv8d+IB4W03xv4K1/WLXXtM1Dwl4iurebRNL8U+H9YOqLqFj4gm03Tde0fUopI9a0++8P21hrgB4Z/wR1/4Nm/GXwH/AGLP26/g/wDt6eLdM03xj+3l4C8LfC298IfCXX7fxGfg/wCFPAupax4k8PeJ5/ENzp3/AAjmu/EA+OL3S/ENtYWVvrHh3SbHwzp9sdW1KbX9Xs9NAPwo+LX/AAZsf8FQvh/46uI/gp8Tv2bfi74RtNTim8MeNF8d+J/hf4qjghm8y01HW/C2teFb2Dw/qltJGkzQaB4w8VpA3lSW2pTSB0iAP6K/2Pv+CSv/AAXy8QfC+w+BX7e3/BYbWvB/7OLabDo2u+A/2eYtK8f/ALRnibwoI4rG78I3P7Vfjv4X+F/iH4G+26ekkEut6b4h+Itw1o5s3iKXc32cA/pi/Zj/AGYPgV+xx8EvBH7O/wCzh8PdG+GXwl+H2ntY+H/DWjieZ5J55GuNS1vXNWvpbnVvEXiXXL15tR17xFrV5e6vq9/NLc3t3M5BUA/Ej/g6y/5QqftGf9jr8DP/AFbPhegD7T/4IV/8off+Cd3/AGbD8Pf/AEkloA/WCgAoAKACgAoAKACgAoAKACgAoAKACgAoAKACgAoAKACgAoAKACgAoAKACgAoAKACgAoAKACgAoAKACgAoAKAP5vP+DsT/lCb+0N/2UX9nn/1dPg6gD1//g2Q/wCUG37CX/YF+Ov/AK1D8bqAP06/a++HX7WPxL+GFrpH7HH7Sfg39mL4r6f4gi1eXxh48+CGmfHXw54l0KDR9Ytn8GXmgaj4p8LN4cXUNYu9H1JvF1hJrN9p0Wky2kehX8eoSBAD/N9/aO/4OZv+C6/7L3x/+NH7OPxJ+LPwJPj34GfE/wAbfCrxbNo3wK8CXmjXeueBvEN/4evtQ0W7lsbWa60fUpbA3+lXE9rbTzafcW0k9tBMzxIAf0K/8Ex/i9/wcT/8FL/2MvD/AO2N4R/bo/Y++FWl+N/EfjXRvh94F8ZfsuaZrcuu2fgTxLfeDtV1XxD4g8OAv4ZguPEuja5Y2lpbaLrt49pYRX7+Sl7DGoB+YfxO/wCDoT/gsR/wTY/at8efssft/wD7PP7MPxY1/wCFmu2Vn4usfCmneKfhzrniTQtVsrHXfD3ifwD8Q9D8Ra74Sfw94q8M6jZaxo13qnwtvNQgjvIrTWdN0nWbHVdIgAP7Qv8AgmR/wUy/Z5/4Ko/s22H7RHwBn1bSTYavJ4Q+Jnw08VfY4/Gnwu8e2ljZ6hd+HdcSynns9R0+8sr611Tw14m02RtN8QaTcJIFsNXs9a0PSAD8kP27f+Cwv7fXxT8a/Ez9n/8A4Ibfsb6p+1frHwi1vUfBXxj/AGvvEOnWEvwC8JePdKRjrvw8+El5r3ibwb4S+JnjXww6SWviHU7jxReaTpGrJHptp4T8VW19Z6pQB/In8Tf+DiH/AIOLv2NPj5qfgb9qH4naj4W8d+Hrux1LXPgf8b/2Xfgj4X0a+0h7mWSwMA8L/DbwZ4oufCmsQw3FvZeJPCHjOJNasle50/xDczxRXsQB/eR/wRA/4LBeDP8Agr/+zNrnxH/4RC3+Gfx0+EWu6b4O+PPw20+6udR8PaXq2t2l7f8AhXxf4M1K8Z7648G+NrDTNUk06z1V21jQtY0XxBoF3Nq1tptj4j1wA/aSgAoAKACgAoAKACgAoAKACgAoAKACgAoAKACgAoAKACgAoAKACgAoAKACgAoAKACgD5J/b9/5MR/bW/7NJ/aP/wDVO+MqAP5Rf+DIn/k0j9tf/s4zwX/6rO1oA/ri/ay/ZN+A37bvwG8d/s3ftI+BdP8AH/wt8f6ebXUdOugINU0TVIA76P4t8JawiNd+HPGHhy8YahoOv6eVubK5QxyC4sp7yzuAD/Ju/wCCmf8AwTM/bI/4IG/tkeCvH3gHxt4wt/BFv4wk8YfsnftY+D430ma+m0p3uR4Y8Tm2jk07Q/iRoenStYeL/CF+s+heLtCnu72xtdT8L6pqFhaAH9/f/BBr/gvL8MP+Cr3wwi+GvxKl8P8Aw3/bg+G/h+K4+I3w4t5VsdF+KGi2Cw21x8WfhNb3Mry3Gj3ErxN4u8IrNc6n4F1O6RJGvPD17pGr3QB/RJQAUAFABQAUAFABQAUAFABQAUAFABQB/9b+/igAoAKACgAoAKACgAoAKACgAoAKAP5zP+DrL/lCp+0Z/wBjr8DP/Vs+F6APtP8A4IV/8off+Cd3/ZsPw9/9JJaAP1goAKACgAoAKACgAoAKACgAoAKACgAoAKACgAoAKACgAoAKACgAoAKACgAoAKACgAoAKACgAoAKACgAoAKACgD+bz/g7E/5Qm/tDf8AZRf2ef8A1dPg6gD1/wD4NkP+UG37CX/YF+Ov/rUPxuoA/eSgD/Fj/wCC54A/4K//APBRIAAD/hqL4jnAGOW1BCx7ckkknuTk55NAH+jx/wAGqf8Ayg9/ZO/7Gb9o/wD9aS+K1AH8kH/B6VpPh6w/4Kk/BW/0sW0Ws63+xB8NLzxPHbxwq815a/Gr9oLTNNv76SP95JfTaRZWdh+//eJp+l6cFJhMYUA+uf8Agym8OeKfG9x/wU98C3OoeKdK+Ffi/wCGPwO8OeINV8Na1qnh3VNK8U6+/wAatH0zUPC+vac0VxoPim38OXfiS4s9a0y4g1TTbi10u9iYvbWrxAH99vwE+BPwr/Zk+Dfw5+AXwS8I6d4F+Ffwq8L6d4R8G+GdMjxFZ6bp8fz3V7ctm41TW9XvJLnWPEOu6hJPqviDXr/Udb1a6utS1C6uHAP4LP8Ag+B8T/Bu8+IH7AvhLS5NAuvj7onhb46ax4y/s6bTT4k0n4U65qXw2g8A23iuOJTqraXqvinSvH114JS8kWztJ7DxxLZRCTU7uRwD9Gv+DP8A/wCCc3x5/ZI/Z2/aG/aX/aA8H+Ifhpqf7Wuo/Cu1+Gnw+8W6feaH4pg+GvwstvHV3a+O9b0C+jt77SYPHeq/ES6Xw3a6tbW2ozaF4cg8QW9uuj+JdNur8A/sWoAKACgAoAKACgAoAKACgAoAKACgAoAKACgAoAKACgAoAKACgAoAKACgAoAKACgAoA+Sf2/f+TEf21v+zSf2j/8A1TvjKgD+UX/gyJ/5NI/bX/7OM8F/+qztaAP7cKAPnH9rL9k34Dftu/Abx3+zd+0j4E0/x/8AC3x/p5tdR026Ag1TRdUgDvo/izwnrCI134b8X+HLthqGga/p5W5srlSjieznu7S4AP8AJu/4KZ/8EzP2yP8Aggb+2R4K8feAfGvjC38D2/jCTxh+yd+1j4PjfSpr6bSne5Xwx4na2jk07Q/iRoenStYeL/CF+s+heLtCnu72xtdT8L6pqFhaAH9/f/BBr/gvL8MP+Cr3wwi+GvxKl8P/AA3/AG4Phv4fiuPiN8OLeVbHRfihotgsNtcfFn4TW9zK8txo9xK8TeLvCKzXOp+BdTukSRrzw9e6Rq90Af0SUAFABQAUAFABQAUAFABQAUAFABQB/9f+/igAoAKACgAoAKACgAoAKACgAoAKAP5zP+DrL/lCp+0Z/wBjr8DP/Vs+F6APtP8A4IV/8off+Cd3/ZsPw9/9JJaAP1goAKACgAoAKACgAoAKACgAoAKACgAoAKACgAoAKACgAoAKACgAoAKACgAoAKACgAoAKACgAoAKACgAoAKACgD+bz/g7E/5Qm/tDf8AZRf2ef8A1dPg6gD1/wD4NkP+UG37CX/YF+Ov/rUPxuoA/eSgD/Fk/wCC6H/KYD/gol/2dD8Rv/S+OgD+vL/gg7/wUj/a3/Z3/wCCSfwA+FXwE/4JI/tbfteReHdZ+OE+ifFXwZ4i8C+Cfg94tu9c+NvxC1yez07xNqP/AAkWvW40G+1GXw9rc8vhRxBqum34t0nhSN5QD87f2gf+CHP/AAXa/wCC1H7Z3jD9rP8Aap+D3w0/ZB0fx9f6FoOmQfEj4kaBf2Hwz+F/heGPStF8MeFfA/gfU/HHjrVbvSNOW61G4fxFp/hKHxb4s1LVtYe60Oz1ZvsQB/cd/wAEqf8Agl/8D/8AglB+y7pn7O3wfvb7xdrmq6vL4z+L3xa1yxi03xD8VPiFeWdrp9zrtxpcN1f2/hzQNM06ys9G8KeErK/vbXQtJtd91fax4g1HXvEOsgH0B+2n8PP2r/ij+z94t8H/ALFn7QXhH9mX4+3zW8nhn4p+Nfhdp/xZ0aytYo7kXmkDQNVu007SLzVJJLUQ+KrrRPGK6HHBM8fhHVpp42tQD/I3/wCCv3/BPH/gp9+x78ddc+JH/BRa18XfFDW/it4gdbH9qmPxVq3xP+HfxS1W3sj9m07TvHt/a2d/omoWOk6e9vo3gHxbo3g7XdM8PaQF0XwvD4a0+1lQA/pf/wCDTz/gtZ8evH3x0tv+CaP7UvxF8Q/Fnw94w8GeJNd/Zh8b+ONXv/EPjnwl4g+HWgS+I9d+Elxr+otcajrPgm++Hui+I/EfhkavfTT+D7rwhJoGlNLpGvWVloYB/oLUAFABQAUAFABQAUAFABQAUAFABQAUAFABQAUAFABQAUAFABQAUAFABQAUAFABQAUAfJP7fv8AyYj+2t/2aT+0f/6p3xlQB/KL/wAGRP8AyaR+2v8A9nGeC/8A1WdrQB/bhQAUAfOP7WX7JvwG/bd+A3jv9m79pHwJp/j/AOFvj/Tza6jpt0BBqmi6pAHfR/FnhPWERrvw34v8OXbDUNA1/TytzZXKlHE9nPd2lwAf5N3/AAUz/wCCZn7ZH/BA39sjwV4+8A+NfGFv4Ht/GEnjD9k79rHwfG+lTX02lO9yvhjxO1tHJp2h/EjQ9Olaw8X+EL9Z9C8XaFPd3tja6n4X1TULC0AP7+/+CDX/AAXl+GH/AAVe+GEXw1+JUvh/4b/twfDfw/FcfEb4cW8q2Oi/FDRbBYba4+LPwmt7mV5bjR7iV4m8XeEVmudT8C6ndIkjXnh690jV7oA/okoAKACgAoAKACgAoAKACgAoAKAP/9D+/igAoAKACgAoAKACgAoAKACgAoAKAP5zP+DrL/lCp+0Z/wBjr8DP/Vs+F6APtP8A4IV/8off+Cd3/ZsPw9/9JJaAP1goAKACgAoAKACgAoAKACgAoAKACgAoAKACgAoAKACgAoAKACgAoAKACgAoAKACgAoAKACgAoAKACgAoAKACgD+bz/g7E/5Qm/tDf8AZRf2ef8A1dPg6gD1/wD4NkP+UG37CX/YF+Ov/rUPxuoA/eSgD/Fk/wCC6H/KYD/gol/2dD8Rv/S+OgD/AEd/+DVP/lB7+yd/2M37R/8A60l8VqAP6JKACgCtZ3tnqEC3Vhd219bM8sa3NnPFcwNJbyvBPGs0DyRl4Z4pIZVDbo5Y3jcK6MqgHzb+2T+yn8Lv23P2Y/jL+y78YtFsdY8E/F3wVq/hqSa8tEu5/DWvyW7T+FPG2i7trW3iLwV4ki0zxPoN3E6PDqel2+4mFpUlAP8ALT/4NZ/gX40+J3/Bav8AZ41nQrS4m0P9n/RfjL8VfiNq2nySSW2leHrP4Z+K/hzpjteWwMDwav488d+E9E2tKkV3Z6lclPNRWjcA/wBcegAoAKACgAoAKACgAoAKACgAoAKACgAoAKACgAoAKACgAoAKACgAoAKACgAoAKACgD5J/b9/5MR/bW/7NJ/aP/8AVO+MqAP5Rf8AgyJ/5NI/bX/7OM8F/wDqs7WgD+3CgAoAKAPnH9rL9k34Dftu/Abx3+zd+0j4E0/x/wDC3x/p5tdR026Ag1TRdUgDvo/izwnrCI134b8X+HLthqGga/p5W5srlSjieznu7S4AP8m7/gpn/wAEzP2yP+CBv7ZHgrx94B8a+MLfwPb+MJPGH7J37WPg+N9KmvptKd7lfDHidraOTTtD+JGh6dK1h4v8IX6z6F4u0Ke7vbG11PwvqmoWFoAf39/8EGv+C8vww/4KvfDCL4a/EqXw/wDDf9uD4b+H4rj4jfDi3lWx0X4oaLYLDbXHxZ+E1vcyvLcaPcSvE3i7wis1zqfgXU7pEka88PXukavdAH9ElABQAUAFABQAUAFABQAUAFAH/9H+/igAoAKACgAoAKACgAoAKACgAoAKAP5zP+DrL/lCp+0Z/wBjr8DP/Vs+F6APtP8A4IV/8off+Cd3/ZsPw9/9JJaAP1goAKACgAoAKACgAoAKACgAoAKACgAoAKACgAoAKACgAoAKACgAoAKACgAoAKACgAoAKACgAoAKACgAoAKACgD+bz/g7E/5Qm/tDf8AZRf2ef8A1dPg6gD1/wD4NkP+UG37CX/YF+Ov/rUPxuoA/Tz9rv8Aaq0/9kP4Y2vxKvvgN+1L+0XJqGvx+G9P+Hv7JHwJ8WfH74ky302j6xrEV9feGvCyoug+HNmjSafP4n8QX+maFbatf6Rps98l1qdojgH+Sl+27+xb/wAFUv2wf2wP2mP2o5P+CW//AAUE8MRfHv41/EP4oad4ZuP2Qf2iL258OaL4r8SX+paDoF1ex/DZYr270XRZrDTbq7hSKG6uLWWeGKGKRIlAP7M/+Daz9qv9ob9lX9lj4X/8E9P2r/8Agm//AMFJvhV4j0r4yeItO+HHxgvv2MPjZ/wpVPDPxf8AGf8AwkK3PxJ8X6n4a0mX4bw+GvF3iPxBL4g17V9Mfwlp3hg2uuX2vWxh1K3tQD+yKgD8zv8AgsZ+z1+0b+1X/wAE0/2r/gF+yd4ln8M/Hn4heBNLsvBr22vr4Wm8TWWleM/DPiDxl8PI/Eck1tBpDfEvwPpPiPwCtze3lhpUjeIhaa1qFjo1xf3UQB/lufsd/tCf8Fav+CJX7R6a34Q+FP7QHws1CHVrbTviX+z/APFj4a/ES0+GPxZ0tJlc6V4g8L3mn2tnfTXNvuk8M+O/Cdxb6/p8Vwbzw34gbTr+8t78A/vH0D/gs3+3B/wUa/Z11f4c/sBf8EtP2uvhX+0J8T/BepeFJ/j3+0vYaF8Lf2T/AIEanr9rJo+rePfD/wAXNUvINc+Leo+CYLuXWdC8OaH4A0vxDeanDYTz+Hb63gn0q/APvH/gi3/wRq+Dn/BIL4B6p4Q0HWIfiZ+0F8U20nVfjz8a5NNfTF8RXujpdHQ/Bng7S55bifQvh74QbUtRGlW9xPJquv6pfal4j1toGu9N0TQQD9nKACgAoAKACgAoAKACgAoAKACgAoAKACgAoAKACgAoAKACgAoAKACgAoAKACgAoAKAPkn9v3/kxH9tb/s0n9o//wBU74yoA/lF/wCDIn/k0j9tf/s4zwX/AOqztaAP7cKACgAoAKAPnH9rL9k34Dftu/Abx3+zd+0j4E0/x/8AC3x/p5tdR026Ag1TRdUgDvo/izwnrCI134b8X+HLthqGga/p5W5srlSjieznu7S4AP8AJv8A+Cmf/BMz9sj/AIIG/tj+CvH/AIB8a+MLfwPb+MJPGH7J37WPg+N9KmvZtJd7lfC/ic20cunaH8SNE06VrDxf4Qv1m0LxdoU93fWNrqnhfVNQ0+yAP7+v+CDX/BeX4Yf8FXvhhF8NfiVL4f8Ahv8AtwfDfw/FcfEb4cW8q2Oi/FDRbBYba4+LPwmt7mV5bjR7iV4m8XeEVmudT8C6ndIkjXnh690jV7oA/okoAKACgAoAKACgAoAKACgD/9L+/igAoAKACgAoAKACgAoAKACgAoAKAP5zP+DrL/lCp+0Z/wBjr8DP/Vs+F6APtP8A4IV/8off+Cd3/ZsPw9/9JJaAP1goAKACgAoAKACgAoAKACgAoAKACgAoAKACgAoAKACgAoAKACgAoAKACgAoAKACgAoAKACgAoAKACgAoAKACgD+bz/g7E/5Qm/tDf8AZRf2ef8A1dPg6gD1/wD4NkP+UG37CX/YF+Ov/rUPxuoA/eSgAoAKACgAoAKACgAoAKACgAoAKACgAoAKACgAoAKACgAoAKACgAoAKACgAoAKACgAoAKACgAoAKACgAoAKAPkn9v3/kxH9tb/ALNJ/aP/APVO+MqAP5Rf+DIn/k0j9tf/ALOM8F/+qztaAP7cKACgAoAKACgD5x/ax/ZO+A37bnwG8d/s3ftI+BNP+IHwt8f6ebXUtNugINU0XU4A76P4s8J6wiNeeHPF/hy8YahoGv6eUurK6TY4ns57u1nAP8m//gpn/wAEzP2yP+CBv7ZHgrx/4A8a+MLfwPb+MJPGH7J37WPg+N9KmvZtJd7lfC/idraKTTtD+JGh6dK9h4v8IX6S6F4u0Ke7vrG11TwvqmoadZAH9/X/AAQa/wCC8vww/wCCr3wwi+GvxKl8P/Df9uD4b+H4rj4jfDi3lWx0X4oaLYLDbXHxZ+E1vcyvLcaPcSvE3i7wis1zqfgXU7pEka88PXukavdAH9ElABQAUAFABQAUAFABQB//0/7+KACgAoAKACgAoAKACgAoAKACgAoA/nM/4Osv+UKn7Rn/AGOvwM/9Wz4XoA+0/wDghX/yh9/4J3f9mw/D3/0kloA/WCgAoAKACgAoAKACgAoAKACgAoAKACgAoAKACgAoAKACgAoAKACgAoAKACgAoAKACgAoAKACgAoAKACgAoAKAP5vP+DsT/lCb+0N/wBlF/Z5/wDV0+DqAPX/APg2Q/5QbfsJf9gX46/+tQ/G6gD95KACgAoAKACgAoAKACgAoAKACgAoAKACgAoAKACgAoAKACgAoAKACgAoAKACgAoAKACgAoAKACgAoAKACgAoA+Sf2/f+TEf21v8As0n9o/8A9U74yoA/lF/4Mif+TSP21/8As4zwX/6rO1oA/twoAKACgAoAKACgD5x/ax/ZO+A37bnwG8d/s3ftI+BNP+IHwt8f6ebXUtNugINU0XU4A76P4s8J6wiNeeHPF/hy8YahoGv6eUurK6TY4ns57u1nAP8AJv8A+Cmf/BMz9sj/AIIG/tkeCvH/AIA8a+MLfwPb+MJPGH7J37WPg+N9KmvZtJd7lfC/idraKTTtD+JGh6dK9h4v8IX6S6F4u0Ke7vrG11TwvqmoadZAH9/X/BBr/gvL8MP+Cr3wwi+GvxKl8P8Aw3/bg+G/h+K4+I3w4t5VsdF+KGi2Cw21x8WfhNb3Mry3Gj3ErxN4u8IrNc6n4F1O6RJGvPD17pGr3QB/RJQAUAFABQAUAFABQB//1P7+KACgAoAKACgAoAKACgAoAKACgAoA/nM/4Osv+UKn7Rn/AGOvwM/9Wz4XoA+0/wDghX/yh9/4J3f9mw/D3/0kloA/WCgAoAKACgAoAKACgAoAKACgAoAKACgAoAKACgAoAKACgAoAKACgAoAKACgAoAKACgAoAKACgAoAKACgAoAKAP5vP+DsT/lCb+0N/wBlF/Z5/wDV0+DqAPX/APg2Q/5QbfsJf9gX46/+tQ/G6gD95KACgAoAKACgAoAKACgAoAKACgAoAKACgAoAKACgAoAKACgAoAKACgAoAKACgAoAKACgAoAKACgAoAKACgAoA+Sf2/f+TEf21v8As0n9o/8A9U74yoA/lF/4Mif+TSP21/8As4zwX/6rO1oA/twoAKACgAoAKACgAoA+cf2sf2TvgN+258BvHf7N37SPgTT/AIgfC3x/p5tdS026Ag1TRdTgDvo/izwnrCI154c8X+HLxhqGga/p5S6srpNjieznu7WcA/yb/wDgpn/wTM/bI/4IG/tkeCvH/gDxr4wt/A9v4wk8YfsnftY+D430qa9m0l3uV8L+J2topNO0P4kaHp0r2Hi/whfpLoXi7Qp7u+sbXVPC+qahp1kAf39f8EGv+C8vww/4KvfDCL4a/EqXw/8ADf8Abg+G/h+K4+I3w4t5VsdF+KGi2Cw21x8WfhNb3Mry3Gj3ErxN4u8IrNc6n4F1O6RJGvPD17pGr3QB/RJQAUAFABQAUAFAH//V/v4oAKACgAoAKACgAoAKACgAoAKACgD+cz/g6y/5QqftGf8AY6/Az/1bPhegD7T/AOCFf/KH3/gnd/2bD8Pf/SSWgD9YKACgAoAKACgAoAKACgAoAKACgAoAKACgAoAKACgAoAKACgAoAKACgAoAKACgAoAKACgAoAKACgAoAKACgAoA/m8/4OxP+UJv7Q3/AGUX9nn/ANXT4OoA9f8A+DZD/lBt+wl/2Bfjr/61D8bqAP3koAKACgAoAKACgAoAKACgAoAKACgAoAKACgAoAKACgAoAKACgAoAKACgAoAKACgAoAKACgAoAKACgAoAKACgD5J/b9/5MR/bW/wCzSf2j/wD1TvjKgD+UX/gyJ/5NI/bX/wCzjPBf/qs7WgD+3CgAoAKACgAoAKACgAoA+cf2sf2TvgN+258BvHf7N37SPgTT/iB8LfH+nm11LTboCDVNF1OAO+j+LPCesIjXnhzxf4cvGGoaBr+nlLqyuk2OJ7Oe7tZwD/Jv/wCCmf8AwTM/bI/4IG/tj+CvH/gDxr4wt/A9v4wk8YfsnftY+D430qa9n0p3uV8L+KGto5NO0P4kaJp0r2Hi7whfpNoXi/Qpru+sbXU/C+qahp1kAf39f8EGv+C8vww/4KvfDCL4a/EqXw/8N/24Phv4fiuPiN8OLeVbHRfihotgsNtcfFn4TW9zK8txo9xK8TeLvCKzXOp+BdTukSRrzw9e6Rq90Af0SUAFABQAUAFAH//W/v4oAKACgAoAKACgAoAKACgAoAKACgD+cz/g6y/5QqftGf8AY6/Az/1bPhegD7T/AOCFf/KH3/gnd/2bD8Pf/SSWgD9YKACgAoAKACgAoAKACgAoAKACgAoAKACgAoAKACgAoAKACgAoAKACgAoAKACgAoAKACgAoAKACgAoAKACgAoA/m8/4OxP+UJv7Q3/AGUX9nn/ANXT4OoA9f8A+DZD/lBt+wl/2Bfjr/61D8bqAP3koAKACgAoAKACgAoAKACgAoAKACgAoAKACgAoAKACgAoAKACgAoAKACgAoAKACgAoAKACgAoAKACgAoAKACgD5J/b9/5MR/bW/wCzSf2j/wD1TvjKgD+UX/gyJ/5NI/bX/wCzjPBf/qs7WgD+3CgAoAKACgAoAKACgAoAKAPnL9rH9k74D/tufAfx3+zd+0h4E074gfC34gacbXUtNugINT0bU4A76P4s8J6wiNeeHPF/hy8ZdQ0DX9PZLqxukKuJ7Oe7s7gA/wAm/wD4Kaf8Ey/2x/8Aggb+2P4K8f8AgDxr4wt/A1v4wk8YfsnftY+D430qe9n0p3uV8L+KGto5NO0T4kaJp0r2Hi7wjfxy6F4v0Ka7vrG11TwvqmoafZAH9/P/AAQa/wCC8vww/wCCr3wwi+GvxKl8P/Df9uD4b+H4rj4jfDi3lWx0X4oaLYLDbXHxZ+E1vcyvLcaPcSvE3i7wis1zqfgXU7pEka88PXukavdAH9ElABQAUAFAH//X/v4oAKACgAoAKACgAoAKACgAoAKACgD+cz/g6y/5QqftGf8AY6/Az/1bPhegD7T/AOCFf/KH3/gnd/2bD8Pf/SSWgD9YKACgAoAKACgAoAKACgAoAKACgAoAKACgAoAKACgAoAKACgAoAKACgAoAKACgAoAKACgAoAKACgAoAKACgAoA/m8/4OxP+UJv7Q3/AGUX9nn/ANXT4OoA9f8A+DZD/lBt+wl/2Bfjr/61D8bqAP3koAKACgAoAKACgAoAKACgAoAKACgAoAKACgAoAKACgAoAKACgAoAKACgAoAKACgAoAKACgAoAKACgAoAKACgD5J/b9/5MR/bW/wCzSf2j/wD1TvjKgD+UX/gyJ/5NI/bX/wCzjPBf/qs7WgD+3CgAoAKACgAoAKACgAoAKACgD5y/ax/ZO+A/7bnwH8d/s3ftIeBNO+IHwt+IGnG11LTboCDU9G1OAO+j+LPCesIjXnhzxf4cvGXUNA1/T2S6sbpCrieznu7O4AP8m/8A4Kaf8Ey/2x/+CBv7Y/grx/4A8a+MLfwNb+MJPGH7J37WPg+N9KnvZ9Kd7lfC/ihraOTTtE+JGiadK9h4u8I38cuheL9Cmu76xtdU8L6pqGn2QB/fz/wQa/4Ly/DD/gq98MIvhr8SpfD/AMN/24Phv4fiuPiN8OLeVbHRfihotgsNtcfFn4TW9zK8txo9xK8TeLvCKzXOp+BdTukSRrzw9e6Rq90Af0SUAFABQB//0P7+KACgAoAKACgAoAKACgAoAKACgAoA/nM/4Osv+UKn7Rn/AGOvwM/9Wz4XoA+0/wDghX/yh9/4J3f9mw/D3/0kloA/WCgAoAKACgAoAKACgAoAKACgAoAKACgAoAKACgAoAKACgAoAKACgAoAKACgAoAKACgAoAKACgAoAKACgAoAKAP5vP+DsT/lCb+0N/wBlF/Z5/wDV0+DqAPX/APg2Q/5QbfsJf9gX46/+tQ/G6gD95KACgAoAKACgAoAKACgAoAKACgAoAKACgAoAKACgAoAKACgAoAKACgAoAKACgAoAKACgAoAKACgAoAKACgAoA+Sf2/f+TEf21v8As0n9o/8A9U74yoA/lF/4Mif+TSP21/8As4zwX/6rO1oA/twoAKACgAoAKACgAoAKACgAoAKAPnL9rH9k74D/ALbnwH8d/s3ftIeBNO+IHwt+IGnG11LTboCDU9G1OAO+j+LPCesIjXnhzxf4cvGXUNA1/T2S6sbpCrieznu7O4AP8m//AIKaf8Ey/wBsf/ggb+2P4K8f+APGvjC38DW/jCTxh+yd+1j4PjfSp72fSne5Xwv4oa2jk07RPiRomnSvYeLvCN/HLoXi/Qpru+sbXVPC+qahp9kAf38/8EGv+C8vww/4KvfDCL4a/EqXw/8ADf8Abg+G/h+K4+I3w4t5VsdF+KGi2Cw21x8WfhNb3Mry3Gj3ErxN4u8IrNc6n4F1O6RJGvPD17pGr3QB/RJQAUAf/9H+/igAoAKACgAoAKACgAoAKACgAoAKAP5zP+DrL/lCp+0Z/wBjr8DP/Vs+F6APtP8A4IV/8off+Cd3/ZsPw9/9JJaAP1goAKACgAoAKACgAoAKACgAoAKACgAoAKACgAoAKACgAoAKACgAoAKACgAoAKACgAoAKACgAoAKACgAoAKACgD+bz/g7E/5Qm/tDf8AZRf2ef8A1dPg6gD1/wD4NkP+UG37CX/YF+Ov/rUPxuoA/eSgAoAKACgAoAKACgAoAKACgAoAKACgAoAKACgAoAKACgAoAKACgAoAKACgAoAKACgAoAKACgAoAKACgAoAKAPkn9v3/kxH9tb/ALNJ/aP/APVO+MqAP5Rf+DIn/k0j9tf/ALOM8F/+qztaAP7cKACgAoAKACgAoAKACgAoAKACgAoA+cv2sf2TvgP+258B/Hf7N37SHgTTviB8LfiBpxtdS026Ag1PRtTgDvo/izwnrCI154c8X+HLxl1DQNf09kurG6Qq4ns57uzuAD/Jv/4Kaf8ABMv9sj/ggb+2P4K+IHgDxr4wt/A1v4wk8YfsnftY+D430qa8n0p5LlfC/ihraOTTtD+JGiadK9h4u8I38cuheL9Cmu76xtdU8L6nqGn2QB/ohf8ABAr/AILCJ/wV1/ZZ1/xP408Ip4L/AGifgJqXhnwP8eLDSLaSPwT4k1PxBpd/eeGfiF4Jd5JnsNM8YQaHrMmoeFrqWS88La1p1/ZJPe6PPo2pXoB+7dAH/9L+/igAoAKACgAoAKACgAoAKACgAoAKAP5zP+DrL/lCp+0Z/wBjr8DP/Vs+F6APtP8A4IV/8off+Cd3/ZsPw9/9JJaAP1goAKACgAoAKACgAoAKACgAoAKACgAoAKACgAoAKACgAoAKACgAoAKACgAoAKACgAoAKACgAoAKACgAoAKACgD+bz/g7E/5Qm/tDf8AZRf2ef8A1dPg6gD1/wD4NkP+UG37CX/YF+Ov/rUPxuoA/eSgAoAKACgAoAKACgAoAKACgAoAKACgAoAKACgAoAKACgAoAKACgAoAKACgAoAKACgAoAKACgAoAKACgAoAKAPkn9v3/kxH9tb/ALNJ/aP/APVO+MqAP5Rf+DIn/k0j9tf/ALOM8F/+qztaAP7cKACgAoAKACgAoAKACgAoAKACgAoAKAPnL9rH9k74D/tt/Afx3+zf+0h4E074gfCz4gacbTUtMuwINT0bU4Az6P4r8KawiNeeHPF/hy8ZdQ0DX9PKXVjdJtbzrOe7tbgA/kU/4M1fBth8Ob3/AIK0fD3Srq8vdL8CftCfCXwbpt7qBha/u7DwxL8d9Es7q+a2ht7c3lxb2Mctybe3ghMzOYoYkKooB/bxQB//0/7+KACgAoAKACgAoAKACgAoAKACgAoA/nM/4Osv+UKn7Rn/AGOvwM/9Wz4XoA+0/wDghX/yh9/4J3f9mw/D3/0kloA/WCgAoAKACgAoAKACgAoAKACgAoAKACgAoAKACgAoAKACgAoAKACgAoAKACgAoAKACgAoAKACgAoAKACgAoAKAP5vP+DsT/lCb+0N/wBlF/Z5/wDV0+DqAPX/APg2Q/5QbfsJf9gX46/+tQ/G6gD95KACgAoAKACgAoAKACgAoAKACgAoAKACgAoAKACgAoAKACgAoAKACgAoAKACgAoAKACgAoAKACgAoAKACgAoA+Sf2/f+TEf21v8As0n9o/8A9U74yoA/lF/4Mif+TSP21/8As4zwX/6rO1oA/twoAKACgAoAKACgAoAKACgAoAKACgAoAKAP4tv+DRf/AJKV/wAFoP8As7PwV/6f/wBoSgD+0mgD/9T+/igAoAKACgAoAKACgAoAKACgAoAKAP5zP+DrL/lCp+0Z/wBjr8DP/Vs+F6APtP8A4IV/8off+Cd3/ZsPw9/9JJaAP1goAKACgAoAKACgAoAKACgAoAKACgAoAKACgAoAKACgAoAKACgAoAKACgAoAKACgAoAKACgAoAKACgAoAKACgD+bz/g7E/5Qm/tDf8AZRf2ef8A1dPg6gD1/wD4NkP+UG37CX/YF+Ov/rUPxuoA/eSgAoAKACgAoAKACgAoAKACgAoAKACgAoAKACgAoAKACgAoAKACgAoAKACgAoAKACgAoAKACgAoAKACgAoAKAPkn9v3/kxH9tb/ALNJ/aP/APVO+MqAP5Rf+DIn/k0j9tf/ALOM8F/+qztaAP7cKACgAoAKACgAoAKACgAoAKACgAoAKACgD+Lb/g0X/wCSlf8ABaD/ALOz8Ff+n/8AaEoA/tJoA//V/v4oAKACgAoAKACgAoAKACgAoAKACgD+cz/g6y/5QqftGf8AY6/Az/1bPhegD7T/AOCFf/KH3/gnd/2bD8Pf/SSWgD9YKACgAoAKACgAoAKACgAoAKACgAoAKACgAoAKACgAoAKACgAoAKACgAoAKACgAoAKACgAoAKACgAoAKACgAoA/m8/4OxP+UJv7Q3/AGUX9nn/ANXT4OoA9f8A+DZD/lBt+wl/2Bfjr/61D8bqAP3koAKACgAoAKACgAoAKACgAoAKACgAoAKACgAoAKACgAoAKACgAoAKACgAoAKACgAoAKACgAoAKACgAoAKACgD5J/b9/5MR/bW/wCzSf2j/wD1TvjKgD+UX/gyJ/5NI/bX/wCzjPBf/qs7WgD+3CgAoAKACgAoAKACgAoAKACgAoAKACgAoA/i2/4NF/8AkpX/AAWg/wCzs/BX/p//AGhKAP7SaAP/1v7+KACgAoAKACgAoAKACgAoAKACgAoA/nM/4Osv+UKn7Rn/AGOvwM/9Wz4XoA+0/wDghX/yh9/4J3f9mw/D3/0kloA/WCgAoAKACgAoAKACgAoAKACgAoAKACgAoAKACgAoAKACgAoAKACgAoAKACgAoAKACgAoAKACgAoAKACgAoAKAP5vP+DsT/lCb+0N/wBlF/Z5/wDV0+DqAPX/APg2Q/5QbfsJf9gX46/+tQ/G6gD95KACgAoAKACgAoAKACgAoAKACgAoAKACgAoAKACgAoAKACgAoAKACgAoAKACgAoAKACgAoAKACgAoAKACgAoA+Sf2/f+TEf21v8As0n9o/8A9U74yoA/lF/4Mif+TSP21/8As4zwX/6rO1oA/twoAKACgAoAKACgAoAKACgAoAKACgAoAKAP4tv+DRf/AJKV/wAFoP8As7PwV/6f/wBoSgD+0mgD/9f+/igAoAKACgAoAKACgAoAKACgAoAKAP5zP+DrL/lCp+0Z/wBjr8DP/Vs+F6APtP8A4IV/8off+Cd3/ZsPw9/9JJaAP1goAKACgAoAKACgAoAKACgAoAKACgAoAKACgAoAKACgAoAKACgAoAKACgAoAKACgAoAKACgAoAKACgAoAKACgD+bz/g7E/5Qm/tDf8AZRf2ef8A1dPg6gD1/wD4NkP+UG37CX/YF+Ov/rUPxuoA/eSgAoAKACgAoAKACgAoAKACgAoAKACgAoAKACgAoAKACgAoAKACgAoAKACgAoAKACgAoAKACgAoAKACgAoAKAPkn9v3/kxH9tb/ALNJ/aP/APVO+MqAP5Rf+DIn/k0j9tf/ALOM8F/+qztaAP7cKACgAoAKACgAoAKACgAoAKACgAoAKACgD+Lb/g0X/wCSlf8ABaD/ALOz8Ff+n/8AaEoA/tJoA//Q/v4oAKACgAoAKACgAoAKACgAoAKACgD+cz/g6y/5QqftGf8AY6/Az/1bPhegD7T/AOCFf/KH3/gnd/2bD8Pf/SSWgD9YKACgAoAKACgAoAKACgAoAKACgAoAKACgAoAKACgAoAKACgAoAKACgAoAKACgAoAKACgAoAKACgAoAKACgAoA/m8/4OxP+UJv7Q3/AGUX9nn/ANXT4OoA9f8A+DZD/lBt+wl/2Bfjr/61D8bqAP3koAKACgAoAKACgAoAKACgAoAKACgAoAKACgAoAKACgAoAKACgAoAKACgAoAKACgAoAKACgAoAKACgAoAKACgD5J/b9/5MR/bW/wCzSf2j/wD1TvjKgD+UX/gyJ/5NI/bX/wCzjPBf/qs7WgD+3CgAoAKACgAoAKACgAoAKACgAoAKACgAoA/i2/4NF/8AkpX/AAWg/wCzs/BX/p//AGhKAP7SaAP/0f7+KACgAoAKACgAoAKACgAoAKACgAoA/nM/4Osv+UKn7Rn/AGOvwM/9Wz4XoA+0/wDghX/yh9/4J3f9mw/D3/0kloA/WCgAoAKACgAoAKACgAoAKACgAoAKACgAoAKACgAoAKACgAoAKACgAoAKACgAoAKACgAoAKACgAoAKACgAoAKAP5vP+DsT/lCb+0N/wBlF/Z5/wDV0+DqAPX/APg2Q/5QbfsJf9gX46/+tQ/G6gD95KACgAoAKACgAoAKACgAoAKACgAoAKACgAoAKACgAoAKACgAoAKACgAoAKACgAoAKACgAoAKACgAoAKACgAoA+Sf2/f+TEf21v8As0n9o/8A9U74yoA/lF/4Mif+TSP21/8As4zwX/6rO1oA/twoAKACgAoAKACgAoAKACgAoAKACgAoAKAP4tv+DRf/AJKV/wAFoP8As7PwV/6f/wBoSgD+0mgD/9L+/igAoAKACgAoAKACgAoAKACgAoAKAP5zP+DrL/lCp+0Z/wBjr8DP/Vs+F6APtP8A4IV/8off+Cd3/ZsPw9/9JJaAP1goAKACgAoAKACgAoAKACgAoAKACgAoAKACgAoAKACgAoAKACgAoAKACgAoAKACgAoAKACgAoAKACgAoAKACgD+bz/g7E/5Qm/tDf8AZRf2ef8A1dPg6gD1/wD4NkP+UG37CX/YF+Ov/rUPxuoA/eSgAoAKACgAoAKACgAoAKACgAoAKACgAoAKACgAoAKACgAoAKACgAoAKACgAoAKACgAoAKACgAoAKACgAoAKAPkn9v3/kxH9tb/ALNJ/aP/APVO+MqAP5Rf+DIn/k0j9tf/ALOM8F/+qztaAP7cKACgAoAKACgAoAKACgAoAKACgAoAKACgD+Lb/g0X/wCSlf8ABaD/ALOz8Ff+n/8AaEoA/tJoA//T/v4oAKACgAoAKACgAoAKACgAoAKACgD+cz/g6y/5QqftGf8AY6/Az/1bPhegD7T/AOCFf/KH3/gnd/2bD8Pf/SSWgD9YKACgAoAKACgAoAKACgAoAKACgAoAKACgAoAKACgAoAKACgAoAKACgAoAKACgAoAKACgAoAKACgAoAKACgAoA/m8/4OxP+UJv7Q3/AGUX9nn/ANXT4OoA9f8A+DZD/lBt+wl/2Bfjr/61D8bqAP3koAKACgAoAKACgAoAKACgAoAKACgAoAKACgAoAKACgAoAKACgAoAKACgAoAKACgAoAKACgAoAKACgAoAKACgD5J/b9/5MR/bW/wCzSf2j/wD1TvjKgD+UX/gyJ/5NI/bX/wCzjPBf/qs7WgD+3CgAoAKACgAoAKACgAoAKACgAoAKACgAoA/i2/4NF/8AkpX/AAWg/wCzs/BX/p//AGhKAP7SaAP/1P7+KACgAoAKACgAoAKACgAoAKACgAoA/nM/4Osv+UKn7Rn/AGOvwM/9Wz4XoA+0/wDghX/yh9/4J3f9mw/D3/0kloA/WCgAoAKACgAoAKACgAoAKACgAoAKACgAoAKACgAoAKACgAoAKACgAoAKACgAoAKACgAoAKACgAoAKACgAoAKAP5vP+DsT/lCb+0N/wBlF/Z5/wDV0+DqAPX/APg2Q/5QbfsJf9gX46/+tQ/G6gD95KACgAoAKACgAoAKACgAoAKACgAoAKACgAoAKACgAoAKACgAoAKACgAoAKACgAoAKACgAoAKACgAoAKACgAoA+Sf2/f+TEf21v8As0n9o/8A9U74yoA/lF/4Mif+TSP21/8As4zwX/6rO1oA/twoAKACgAoAKACgAoAKACgAoAKACgAoAKAP4tv+DRf/AJKV/wAFoP8As7PwV/6f/wBoSgD+0mgD/9X+/igAoAKACgAoAKACgAoAKACgAoAKAP5zP+DrL/lCp+0Z/wBjr8DP/Vs+F6APtP8A4IV/8off+Cd3/ZsPw9/9JJaAP1goAKACgAoAKACgAoAKACgAoAKACgAoAKACgAoAKACgAoAKACgAoAKACgAoAKACgAoAKACgAoAKACgAoAKACgD+bz/g7E/5Qm/tDf8AZRf2ef8A1dPg6gD1/wD4NkP+UG37CX/YF+Ov/rUPxuoA/eSgAoAKACgAoAKACgAoAKACgAoAKACgAoAKACgAoAKACgAoAKACgAoAKACgAoAKACgAoAKACgAoAKACgAoAKAPkn9v3/kxH9tb/ALNJ/aP/APVO+MqAP5Rf+DIn/k0j9tf/ALOM8F/+qztaAP7cKACgAoAKACgAoAKACgAoAKACgAoAKACgD+Lb/g0X/wCSlf8ABaD/ALOz8Ff+n/8AaEoA/tJoA//W/v4oAKACgAoAKACgAoAKACgAoAKACgD+cz/g6y/5QqftGf8AY6/Az/1bPhegD7T/AOCFf/KH3/gnd/2bD8Pf/SSWgD9YKACgAoAKACgAoAKACgAoAKACgAoAKACgAoAKACgAoAKACgAoAKACgAoAKACgAoAKACgAoAKACgAoAKACgAoA/m8/4OxP+UJv7Q3/AGUX9nn/ANXT4OoA9f8A+DZD/lBt+wl/2Bfjr/61D8bqAP3koAKACgAoAKACgAoAKACgAoAKACgAoAKACgAoAKACgAoAKACgAoAKACgAoAKACgAoAKACgAoAKACgAoAKACgD5J/b9/5MR/bW/wCzSf2j/wD1TvjKgD+UX/gyJ/5NI/bX/wCzjPBf/qs7WgD+3CgAoAKACgAoAKACgAoAKACgAoAKACgAoA/i2/4NF/8AkpX/AAWg/wCzs/BX/p//AGhKAP7SaAP/1/7+KACgAoAKACgAoAKACgAoAKACgAoA/nM/4Osv+UKn7Rn/AGOvwM/9Wz4XoA+0/wDghX/yh9/4J3f9mw/D3/0kloA/WCgAoAKACgAoAKACgAoAKACgAoAKACgAoAKACgAoAKACgAoAKACgAoAKACgAoAKACgAoAKACgAoAKACgAoAKAP5vP+DsT/lCb+0N/wBlF/Z5/wDV0+DqAPX/APg2Q/5QbfsJf9gX46/+tQ/G6gD95KACgAoAKACgAoAKACgAoAKACgAoAKACgAoAKACgAoAKACgAoAKACgAoAKACgAoAKACgAoAKACgAoAKACgAoA+Sf2/f+TEf21v8As0n9o/8A9U74yoA/lF/4Mif+TSP21/8As4zwX/6rO1oA/twoAKACgAoAKACgAoAKACgAoAKACgAoAKAP4tv+DRf/AJKV/wAFoP8As7PwV/6f/wBoSgD+0mgD/9D+/igAoAKACgAoAKACgAoAKACgAoAKAP5zP+DrL/lCp+0Z/wBjr8DP/Vs+F6APtP8A4IV/8off+Cd3/ZsPw9/9JJaAP1goAKACgAoAKACgAoAKACgAoAKACgAoAKACgAoAKACgAoAKACgAoAKACgAoAKACgAoAKACgAoAKACgAoAKACgD+bz/g7E/5Qm/tDf8AZRf2ef8A1dPg6gD1/wD4NkP+UG37CX/YF+Ov/rUPxuoA/eSgAoAKACgAoAKACgAoAKACgAoAKACgAoAKACgAoAKACgAoAKACgAoAKACgAoAKACgAoAKACgAoAKACgAoAKAPkn9v3/kxH9tb/ALNJ/aP/APVO+MqAP5Rf+DIn/k0j9tf/ALOM8F/+qztaAP7cKACgAoAKACgAoAKACgAoAKACgAoAKACgD+Lb/g0X/wCSlf8ABaD/ALOz8Ff+n/8AaEoA/tJoA//R/v4oAKACgAoAKACgAoAKACgAoAKACgD+cz/g6y/5QqftGf8AY6/Az/1bPhegD7T/AOCFf/KH3/gnd/2bD8Pf/SSWgD9YKACgAoAKACgAoAKACgAoAKACgAoAKACgAoAKACgAoAKACgAoAKACgAoAKACgAoAKACgAoAKACgAoAKACgAoA/m8/4OxP+UJv7Q3/AGUX9nn/ANXT4OoA9f8A+DZD/lBt+wl/2Bfjr/61D8bqAP3koAKACgAoAKACgAoAKACgAoAKACgAoAKACgAoAKACgAoAKACgAoAKACgAoAKACgAoAKACgAoAKACgAoAKACgD5J/b9/5MR/bW/wCzSf2j/wD1TvjKgD+UX/gyJ/5NI/bX/wCzjPBf/qs7WgD+3CgAoAKACgAoAKACgAoAKACgAoAKACgAoA/i2/4NF/8AkpX/AAWg/wCzs/BX/p//AGhKAP7SaAP/0v7+KACgAoAKACgAoAKACgAoAKACgAoA/nM/4Osv+UKn7Rn/AGOvwM/9Wz4XoA+0/wDghX/yh9/4J3f9mw/D3/0kloA/WCgAoAKACgAoAKACgAoAKACgAoAKACgAoAKACgAoAKACgAoAKACgAoAKACgAoAKACgAoAKACgAoAKACgAoAKAP5vP+DsT/lCb+0N/wBlF/Z5/wDV0+DqAPX/APg2Q/5QbfsJf9gX46/+tQ/G6gD95KACgAoAKACgAoAKACgAoAKACgAoAKACgAoAKACgAoAKACgAoAKACgAoAKACgAoAKACgAoAKACgAoAKACgAoA+Sf2/f+TEf21v8As0n9o/8A9U74yoA/lF/4Mif+TSP21/8As4zwX/6rO1oA/twoAKACgAoAKACgAoAKACgAoAKACgAoAKAP4tv+DRf/AJKV/wAFoP8As7PwV/6f/wBoSgD+0mgD/9P+/igAoAKACgAoAKACgAoAKACgAoAKAP5zP+DrL/lCp+0Z/wBjr8DP/Vs+F6APtP8A4IV/8off+Cd3/ZsPw9/9JJaAP1goAKACgAoAKACgAoAKACgAoAKACgAoAKACgAoAKACgAoAKACgAoAKACgAoAKACgAoAKACgAoAKACgAoAKACgD+bz/g7E/5Qm/tDf8AZRf2ef8A1dPg6gD1/wD4NkP+UG37CX/YF+Ov/rUPxuoA/eSgAoAKACgAoAKACgAoAKACgAoAKACgAoAKACgAoAKACgAoAKACgAoAKACgAoAKACgAoAKACgAoAKACgAoAKAPkn9v3/kxH9tb/ALNJ/aP/APVO+MqAP5Rf+DIn/k0j9tf/ALOM8F/+qztaAP7cKACgAoAKACgAoAKACgAoAKACgAoAKACgD+Lb/g0X/wCSlf8ABaD/ALOz8Ff+n/8AaEoA/tJoA//U/v4oAKACgAoAKACgAoAKACgAoAKACgD+cz/g6y/5QqftGf8AY6/Az/1bPhegD7T/AOCFf/KH3/gnd/2bD8Pf/SSWgD9YKACgAoAKACgAoAKACgAoAKACgAoAKACgAoAKACgAoAKACgAoAKACgAoAKACgAoAKACgAoAKACgAoAKACgAoA/m8/4OxP+UJv7Q3/AGUX9nn/ANXT4OoA9f8A+DZD/lBt+wl/2Bfjr/61D8bqAP3koAKACgAoAKACgAoAKACgAoAKACgAoAKACgAoAKACgAoAKACgAoAKACgAoAKACgAoAKACgAoAKACgAoAKACgD5J/b9/5MR/bW/wCzSf2j/wD1TvjKgD+UX/gyJ/5NI/bX/wCzjPBf/qs7WgD+3CgAoAKACgAoAKACgAoAKACgAoAKACgAoA/i2/4NF/8AkpX/AAWg/wCzs/BX/p//AGhKAP7SaAP/1f7+KACgAoAKACgAoAKACgAoAKACgAoA/nM/4Osv+UKn7Rn/AGOvwM/9Wz4XoA+0/wDghX/yh9/4J3f9mw/D3/0kloA/WCgAoAKACgAoAKACgAoAKACgAoAKACgAoAKACgAoAKACgAoAKACgAoAKACgAoAKACgAoAKACgAoAKACgAoAKAP5vP+DsT/lCb+0N/wBlF/Z5/wDV0+DqAPX/APg2Q/5QbfsJf9gX46/+tQ/G6gD95KACgAoAKACgAoAKACgAoAKACgAoAKACgAoAKACgAoAKACgAoAKACgAoAKACgAoAKACgAoAKACgAoAKACgAoA+Sf2/f+TEf21v8As0n9o/8A9U74yoA/lF/4Mif+TSP21/8As4zwX/6rO1oA/twoAKACgAoAKACgAoAKACgAoAKACgAoAKAP4tv+DRf/AJKV/wAFoP8As7PwV/6f/wBoSgD+0mgD/9b+/igAoAKACgAoAKACgAoAKACgAoAKAP5zP+DrL/lCp+0Z/wBjr8DP/Vs+F6APtP8A4IV/8off+Cd3/ZsPw9/9JJaAP1goAKACgAoAKACgAoAKACgAoAKACgAoAKACgAoAKACgAoAKACgAoAKACgAoAKACgAoAKACgAoAKACgAoAKACgD+bz/g7E/5Qm/tDf8AZRf2ef8A1dPg6gD1/wD4NkP+UG37CX/YF+Ov/rUPxuoA/eSgAoAKACgAoAKACgAoAKACgAoAKACgAoAKACgAoAKACgAoAKACgAoAKACgAoAKACgAoAKACgAoAKACgAoA8a8Y/tGfs9/DzXrrwr8QPjv8GvA3ieyjtpr3w54x+KHgjwzr1pDe28d1Zy3Wj61rtjqFvHd2ssVzbSS26rPbyxzRFo3VmAPi79uv9rL9lfWP2Iv2x9I0j9pf9n/VNV1T9lb9oXTtM0zTvjL8Or7UNR1C++Efi+2srCwsrbxJLc3l7eXMsVva2tvFJPcTyJFFG7uqsAfzi/8ABkT/AMmkftr/APZxngv/ANVna0Af24UAFABQAUAFABQAUAFABQAUAFABQAUAFAH8W3/Bov8A8lK/4LQf9nZ+Cv8A0/8A7QlAH9pNAH//1/68f+Cnn/BRT4Q/8Evf2RPH37U3xZibXZdIktPC/wAMvhzZ6jb6ZrXxV+KWvR3R8MeCNJu54rgWcUkdnqGu+JNXW0vX0DwhofiDXItP1OfT4dMvQD+Wz/gjCv7af/BwRf8A7T/7YP7a/wC23+1b8Ifgt4D8dwfCT4MfAj9i/wCM3iv9mbwFoPjW48PWXi/XNSm/4Qy5k1HXR8PND1/wWfDNz4tvPE+vapq2t3d54i1m9sbJdN1AA8e/ZJ/4LiftRf8ABKb/AIKl/Fj/AIJcf8FI/jt4l/aY/Zm8L/GNPhd4T/aQ+K0yah8YvhZpPiiHT9a+FfxE8ZeMpnGqeMfBmv8AhrxN4ZvfiVa+Lb7XtX8KJeXGv+F9ebTtDuvDfiEA/v6VldVZGDKwDKykFWUjIZSMggg5BBwRyM5oAWgD5R/bc/bL+Cv7AX7MvxQ/ap+PuszaX8P/AIZ6Ot0dP05I7jxF4w8S6jMmn+FfAvhOxkkiS+8TeLdcntNI0xJpbewsvPm1bWb3TtD07U9StQD/ADM/29P+Csf/AAcJftkWGtftHWnhL9tj9lD9kOewvNQ8Jxfs4/Dr47fCn4NaP4HeE6lDqHiX44+H9F0i+8fTXOiG3vNa8Sa/4uXw7dILm60PQvDmi3L6agB5Z/wTd/4OXf8Ago3+xV8VvC0vxk+N/wARf2uP2eb3V9FsviT8NPjr4o1b4k+LoPCkd7FHqepfDD4h+K9Un8W+GfF+m6VLdnRLS88QXXgu/uRb2+v+H7qOKyvLAA/1ivhH8VPA/wAc/hV8NPjV8MtZXxF8OPi74C8I/EzwFr6W9xaDWfB3jnQNP8TeG9TNneRQXlm97o+p2lxJZ3cEF3aSO1vcwxTxuigH8hP/AAdwf8FSP2hv2LNI/ZB+A/7Jvxt8ZfBT4nfETUfH/wAXPiJ4j+H2rro3iNPAfhi2sPBvgzRLq6WOWZ9E8U+INd8X38tuqpG9/wCBbSRy7woEAP4pP+H7H/BYT/pIh+01/wCF7N/8iUAf0Zf8Gw/7Y/8AwVF/4KBf8FGBD8cf20v2hfiN+zz+z98LPF3xP+JnhLxL4xubzwp4t1rWoU8A/DrwjrMcdvG0jy+IPElx44tbVnjiu4fh/fQzu0Je3uAD+i//AIOsv+UKn7Rn/Y6/Az/1bPhegD7T/wCCFf8Ayh9/4J3f9mw/D3/0kloA/WCgAoAKACgAoAKACgAoAKACgAoAKACgAoAKACgAoAKACgAoAKACgAoAKACgAoAKACgAoAKACgAoAKACgAoA8A/aL/ar/Zs/ZF8ED4kftO/HL4ZfAvwVNcyWNhrnxK8XaR4Zj1rUooTcPpHhyzv7mPUfE2tC3DTro3h+z1LVXhVpUtGRSygH8fP/AAcR/wDBaL/gmL+2h/wSw+O37P8A+zJ+1h4U+Knxf1bxv8FNS0rwXp/g34qaBdapY+G/ir4W1rXLnTdT8XeA/D+hXyadpVrc30wtdUmZoYJTErurIoB+0P8AwbIf8oNv2Ev+wL8dv0/ah+N1AH7yUAFABQAUAFABQAUAFABQAUAFABQAUAFABQAUAFABQAUAFABQAUAFABQAUAFABQAUAFABQAUAFABQAUAFAH+SL/wdgf8AKbT9o3/sn/7O/wD6o/wRQB/ODQB/pEf8GRP/ACaR+2v/ANnGeC//AFWdrQB/bhQAUAFABQAUAFABQAUAFABQAUAFABQAUAfxbf8ABov/AMlK/wCC0H/Z2fgr/wBP/wC0JQB/aTQB/9D5U/4PV/2nta8Yfti/s0/sl6fqrN4L+CfwQl+LOtaZA7Rxv8SfjH4n1nSZBqcavtup9H8DfD7wxc6RJKm6xh8W6wtuyjULoOAfup/wZm6fBZf8EmfHtzCirJq37aPxg1C6YdZJ4/hj8C9KV29WFrpltH/uxqO1AH8d/wDwdRafBZf8Fx/2v54UVG1TRP2b9QuNvG+df2Yvg/p5cjpuMVhEDjGcbj8zMWAP9EL/AIN8v2n9a/a1/wCCQ37G3xI8Wak2q+N/C3gTU/gn4xvJ5nub+51P4HeJ9Z+GGkalq1zIzS3Wr+IPB3hrwx4m1O6md5rm81qWed2mkdmAP2doA+Ef2u/2EfBX7afxQ/ZP1/4z+IxrnwS/Zh+JevfG2+/Z4v8AwzZ6r4R+MXxet/DreHvhN4k8ealealsl0D4SnVfFmuWPg86DfWPinXNasZNbvBpWkzaRq4B9zT2lrc2s1jc21vcWVxbyWk9nPDHLaz2ssZhltprd1aGS3kiZopIXRo3jYoylCRQB/jN/8F/f2ZPhj+yH/wAFdP2yPgn8GtK07w78NbPxd4M+IHhrwppMUFrpng5fjH8LvBHxb1fwppem2sMFpo+haFr3jXVLLwxo1pGtrpfhdNFs7cLFCiIAf6j/APwRE8GePPh//wAEkv8Agn34W+JUN7beLbP9mj4f6hPY6jF9nv8ATdD8QWcviLwdpN5bMTJa3Ok+DtV0DTZrScR3Nq9q1vdQwXMcsKAH8sPxy/4Lq/sQfsu/8F7P+ChXxU/aw+EXxV+Omh/Dn4cfDD9hn4HP8NPCPwx8dQ+CtJ+F+s6h4s/aCj1jS/iT488E2cN3efHGe8t9KfSLm4mFrpmqLfGGV4o5wD9pv2Tv+C//APwQg/az1zR/CGmeLPAfwJ8d6/fw6do/hH9pX4L6F8LxeXVzIIbaL/hPYbTxH8IrWa5naK3tbS9+I1te3U80UVtbSuStAH9DPhfwd4G8MRzXfgvwt4T8PRatDayXFz4X0PR9Jj1O3jWSSyeabSbW3W9hRbiWS1Z2lRVnkaIgSsXAP59/+DrMgf8ABFP9ozJA/wCK2+BY545Pxa8LAD6kkAep470Aeq/8ETv2sf2WPB3/AASb/YC8L+Lv2lvgB4W8TaF+zb4C07W/DviP4yfDrQ9d0fUILWUT2Oq6RqfiS11DT7yEnEttd28M0Z4eNc4oA/UX/htX9jb/AKO1/Zl/8Pz8LP8A5q6AD/htX9jb/o7X9mX/AMPz8LP/AJq6AD/htX9jb/o7X9mX/wAPz8LP/mroAP8AhtX9jb/o7X9mX/w/Pws/+augA/4bV/Y2/wCjtf2Zf/D8/Cz/AOaugA/4bV/Y2/6O1/Zl/wDD8/Cz/wCaugA/4bV/Y2/6O1/Zl/8AD8/Cz/5q6AD/AIbV/Y2/6O1/Zl/8Pz8LP/mroAP+G1f2Nv8Ao7X9mX/w/Pws/wDmroAP+G1f2Nv+jtf2Zf8Aw/Pws/8AmroAP+G1f2Nv+jtf2Zf/AA/Pws/+augA/wCG1f2Nv+jtf2Zf/D8/Cz/5q6AD/htX9jb/AKO1/Zl/8Pz8LP8A5q6AD/htX9jb/o7X9mX/AMPz8LP/AJq6AD/htX9jb/o7X9mX/wAPz8LP/mroAP8AhtX9jb/o7X9mX/w/Pws/+augA/4bV/Y2/wCjtf2Zf/D8/Cz/AOaugA/4bV/Y2/6O1/Zl/wDD8/Cz/wCaugA/4bV/Y2/6O1/Zl/8AD8/Cz/5q6AD/AIbV/Y2/6O1/Zl/8Pz8LP/mroAP+G1f2Nv8Ao7X9mX/w/Pws/wDmroAP+G1f2Nv+jtf2Zf8Aw/Pws/8AmroAP+G1f2Nv+jtf2Zf/AA/Pws/+augA/wCG1f2Nv+jtf2Zf/D8/Cz/5q6AD/htX9jb/AKO1/Zl/8Pz8LP8A5q6AD/htX9jb/o7X9mX/AMPz8LP/AJq6AD/htX9jb/o7X9mX/wAPz8LP/mroAP8AhtX9jb/o7X9mX/w/Pws/+augA/4bV/Y2/wCjtf2Zf/D8/Cz/AOaugA/4bV/Y2/6O1/Zl/wDD8/Cz/wCaugA/4bV/Y2/6O1/Zl/8AD8/Cz/5q6AD/AIbV/Y2/6O1/Zl/8Pz8LP/mroAP+G1f2Nv8Ao7X9mX/w/Pws/wDmroAP+G1f2Nv+jtf2Zf8Aw/Pws/8AmroAguv23/2L7K2uby5/a4/Zljt7SCa5uJP+F7/C59kMEbSyvsTxS7ttjVm2oju2MKrEgUAf5PHx8+OPxX/4ODP+CuVt/wAJj8XtD+Cnw6+KHjnV/C3wu1f4v+JrHTPh3+zV+zj4RttT1i2M8Oq65pGgR67/AMIxo9xrutabY6rpX/Cf/FXWprS3vrWXXLR7UA/RH/grx/wQj/4Jr/sOfsO6x+0X+yv/AMFDJvjv8YvBPiTwDpGu/DbVviT8BPGlt43sPFviW18Napf+FPD/AMOYdJ8UeGG0Ialb65L9svvGsIsNOvre5eH7Sl/ZAH1P/wAGhX/BWIfCTxl8S/8Agnx+0X8T9H8O/A/WfDWtfF34B+I/iN4y0nw94Z+GXjTStTin+IXgLT9S8T6nZWOnaJ8RrTWpvGdnpVrcQ2tn4s8PeIL+3sZtQ8a6teqAf3rf8Nq/sbf9Ha/sy/8Ah+fhZ/8ANXQAf8Nq/sbf9Ha/sy/+H5+Fn/zV0AH/AA2r+xt/0dr+zL/4fn4Wf/NXQAf8Nq/sbf8AR2v7Mv8A4fn4Wf8AzV0AH/Dav7G3/R2v7Mv/AIfn4Wf/ADV0AH/Dav7G3/R2v7Mv/h+fhZ/81dAB/wANq/sbf9Ha/sy/+H5+Fn/zV0AH/Dav7G3/AEdr+zL/AOH5+Fn/AM1dAB/w2r+xt/0dr+zL/wCH5+Fn/wA1dAB/w2r+xt/0dr+zL/4fn4Wf/NXQAf8ADav7G3/R2v7Mv/h+fhZ/81dAB/w2r+xt/wBHa/sy/wDh+fhZ/wDNXQAf8Nq/sbf9Ha/sy/8Ah+fhZ/8ANXQAf8Nq/sbf9Ha/sy/+H5+Fn/zV0AH/AA2r+xt/0dr+zL/4fn4Wf/NXQAf8Nq/sbf8AR2v7Mv8A4fn4Wf8AzV0AH/Dav7G3/R2v7Mv/AIfn4Wf/ADV0AH/Dav7G3/R2v7Mv/h+fhZ/81dAB/wANq/sbf9Ha/sy/+H5+Fn/zV0AH/Dav7G3/AEdr+zL/AOH5+Fn/AM1dAB/w2r+xt/0dr+zL/wCH5+Fn/wA1dAB/w2r+xt/0dr+zL/4fn4Wf/NXQAf8ADav7G3/R2v7Mv/h+fhZ/81dAB/w2r+xt/wBHa/sy/wDh+fhZ/wDNXQAf8Nq/sbf9Ha/sy/8Ah+fhZ/8ANXQAf8Nq/sbf9Ha/sy/+H5+Fn/zV0AH/AA2r+xt/0dr+zL/4fn4Wf/NXQAf8Nq/sbf8AR2v7Mv8A4fn4Wf8AzV0AH/Dav7G3/R2v7Mv/AIfn4Wf/ADV0AH/Dav7G3/R2v7Mv/h+fhZ/81dAB/wANq/sbf9Ha/sy/+H5+Fn/zV0AH/Dav7G3/AEdr+zL/AOH5+Fn/AM1dAB/w2r+xt/0dr+zL/wCH5+Fn/wA1dAB/w2r+xt/0dr+zL/4fn4Wf/NXQAf8ADav7G3/R2v7Mv/h+fhZ/81dAH+dp/wAHCH/BP/8AaJ/bh/4Kj/Gr9oz9lzUP2Zfif8GvFvg/4M6X4f8AGP8Aw3P+w/4K/tC/8KfCvwt4b1+D/hHviJ+0T4S8VWn2DWtOvbLzb3Q7aG68n7RZSXNpLFcOAfhh4s/4I3ft7eCPCvibxn4i8J/s5w+H/CPh/WfE+uzaZ+3z+wD4i1KLR9A0651XU5NP8P8Ahz9p7VvEOuX0dlaTtaaPoWlalrOpziOy0vT72+mgt3AP67P+DMz48/A34RfsrftjaZ8V/jP8J/hhqWrftA+D7/StP+IfxF8IeC77U7GL4c2tvLe6faeJNZ0y4vbSKcGCS4to5IUmBjZw4KqAf2Xf8Nq/sbf9Ha/sy/8Ah+fhZ/8ANXQAf8Nq/sbf9Ha/sy/+H5+Fn/zV0AH/AA2r+xt/0dr+zL/4fn4Wf/NXQAf8Nq/sbf8AR2v7Mv8A4fn4Wf8AzV0AH/Dav7G3/R2v7Mv/AIfn4Wf/ADV0AH/Dav7G3/R2v7Mv/h+fhZ/81dAB/wANq/sbf9Ha/sy/+H5+Fn/zV0AH/Dav7G3/AEdr+zL/AOH5+Fn/AM1dAB/w2r+xt/0dr+zL/wCH5+Fn/wA1dAB/w2r+xt/0dr+zL/4fn4Wf/NXQAf8ADav7G3/R2v7Mv/h+fhZ/81dAB/w2r+xt/wBHa/sy/wDh+fhZ/wDNXQAf8Nq/sbf9Ha/sy/8Ah+fhZ/8ANXQAf8Nq/sbf9Ha/sy/+H5+Fn/zV0Afyi/8ABoVf2GpfEL/gsteade2l/Z3n7VHgG/s7uyuYbq2urC91v9oSWyvbaeCSSKe0u4syWtzEzwzxjfFI680Af2qUAf/R/Fz/AIO2E1Nf+C0nxia/GLWT4QfAB9F+9zpg+HGmRykZ4/5DCasPlyvHPzbgoB/W3/wZs/8AKJHxR/2eF8ZP/UF+DtAH8d//AAdX/wDKcD9qv/sVf2cf/Wc/hdQB/aF/waAQX8P/AAR20KS8Ytb3X7SHxxn0oEEbLBZvDFtIoJJDA6pb6k+RgZcrglSaAP6jqACgDx79oH48/C79l74J/E/9oX41eJrbwh8LPhD4O1jxv401+52u1tpOj25l+yafal0k1PXNXu2ttG8PaLalr7XNdv8ATtH0+Ka+vreFwD/OY/4Jc/8ABMv4vf8ABwF/wUd+Mn/BUr9rXwffeEf2MdW+O+qfEG80bWobmRfjZdaBqUFn4L/Z+8H3NwIm1X4f+BPDOjeHvCHxL8ZwsYG0zR38HaLJ/wAJHqmo6h4RAP8AS+jto7OySz02G1sorW1W2sLeOBY7K0jgiEVrClrAYVS1gVY0WCExKsSCOMoApUA/ztP2jP8AgzD/AG0vG/iv4ifFLwn+3R8A/ir8Q/HninxT491x/iH4B+IXwrTxD4o8Vaxe+INZuZ7/AEOf4uGym1LU7+7m3SQXSJLKBLMELzIAfzOft4/8Ebf+Cin/AATetY/EP7Un7PWuaB8NrrUl0rTvjH4M1TR/iL8KLu8nlWCxt77xd4SvNRj8JXuqysY9H0jx5Z+FNb1Zo5jp+mXCwyMgB/XV/wAGbv8AwU2+KnxJuPiv/wAE2PjD4o1fxloPwx+Gf/C5/wBm3U9bn+2XngzwdoninRfC3xE+F66ncO97d6DFqHjfwn4i8DaS5dPDtrB4xsraVNJOkadp4B+y/wDwdbxiX/gij+0WpJGPHPwGkyMg5h+L/hOUDjHDFAp7EHByCRQB/PN/wT7/AODRv4D/ALZv7FP7NH7VPiH9sX4ueCNb+PHwo8N/EXU/CWi/DfwbqmleH7vXYXll02w1C+1iG8vLe3KYjnuIo5XzlkXpQB9h/wDEED+zd/0fd8b/APw1HgL/AOXtAB/xBA/s3f8AR93xv/8ADUeAv/l7QAf8QQP7N3/R93xv/wDDUeAv/l7QAf8AEED+zd/0fd8b/wDw1HgL/wCXtAB/xBA/s3f9H3fG/wD8NR4C/wDl7QAf8QQP7N3/AEfd8b//AA1HgL/5e0AH/EED+zd/0fd8b/8Aw1HgL/5e0AH/ABBA/s3f9H3fG/8A8NR4C/8Al7QAf8QQP7N3/R93xv8A/DUeAv8A5e0AH/EED+zd/wBH3fG//wANR4C/+XtAB/xBA/s3f9H3fG//AMNR4C/+XtAB/wAQQP7N3/R93xv/APDUeAv/AJe0AH/EED+zd/0fd8b/APw1HgL/AOXtAB/xBA/s3f8AR93xv/8ADUeAv/l7QAf8QQP7N3/R93xv/wDDUeAv/l7QAf8AEED+zd/0fd8b/wDw1HgL/wCXtAB/xBA/s3f9H3fG/wD8NR4C/wDl7QAf8QQP7N3/AEfd8b//AA1HgL/5e0AH/EED+zd/0fd8b/8Aw1HgL/5e0AH/ABBA/s3f9H3fG/8A8NR4C/8Al7QAf8QQP7N3/R93xv8A/DUeAv8A5e0AH/EED+zd/wBH3fG//wANR4C/+XtAB/xBA/s3f9H3fG//AMNR4C/+XtAB/wAQQP7N3/R93xv/APDUeAv/AJe0AH/EED+zd/0fd8b/APw1HgL/AOXtAB/xBA/s3f8AR93xv/8ADUeAv/l7QAf8QQP7N3/R93xv/wDDUeAv/l7QAf8AEED+zd/0fd8b/wDw1HgL/wCXtAB/xBA/s3f9H3fG/wD8NR4C/wDl7QAf8QQP7N3/AEfd8b//AA1HgL/5e0AH/EED+zd/0fd8b/8Aw1HgL/5e0AH/ABBA/s3f9H3fG/8A8NR4C/8Al7QAf8QQP7N3/R93xv8A/DUeAv8A5e0AH/EED+zd/wBH3fG//wANR4C/+XtAGbrH/BkJ8A4tI1WTQ/26PjJc63Hpt8+j21/8LPAsVjcaoltK2nwXssWuiWO0luxDHcyRnekLOyYYCgD+LP8A4J0fsj/CT9p79vP4Z/seftW/FTxJ+y9onj7xT4p+Gmo+NZNE0t9T8H/FTTtP1aHwz4R8RaZ4nutMt9Mm1/xpptv4FlF3JHPY6/qtjDOkafaHgAP6Gv8AgsX/AMGwXwU/4JjfsIfEb9rzwh+1d8Tfih4h8FeKfhr4dsPBfinwH4S8P6Tqg8deN9H8LXcsmo6XqtzfLPp1nqNxqEEUMDiVrXEm2Le6gH4qf8ETf+CXn/D2f9stv2b9Y8ZeKvhr4C0D4X+M/ib47+IfhTw5aeI7zw7Y6E+laPoNq1vqVxaaXC2u+Kdf0fTkN1cCR4Gu2tYpHhdogD+u/wD4ggf2bv8Ao+743/8AhqPAX/y9oAP+IIH9m7/o+743/wDhqPAX/wAvaAD/AIggf2bv+j7vjf8A+Go8Bf8Ay9oAP+IIH9m7/o+743/+Go8Bf/L2gA/4ggf2bv8Ao+743/8AhqPAX/y9oAP+IIH9m7/o+743/wDhqPAX/wAvaAD/AIggf2bv+j7vjf8A+Go8Bf8Ay9oAP+IIH9m7/o+743/+Go8Bf/L2gA/4ggf2bv8Ao+743/8AhqPAX/y9oAP+IIH9m7/o+743/wDhqPAX/wAvaAD/AIggf2bv+j7vjf8A+Go8Bf8Ay9oAP+IIH9m7/o+743/+Go8Bf/L2gA/4ggf2bv8Ao+743/8AhqPAX/y9oAP+IIH9m7/o+743/wDhqPAX/wAvaAD/AIggf2bv+j7vjf8A+Go8Bf8Ay9oAP+IIH9m7/o+743/+Go8Bf/L2gA/4ggf2bv8Ao+743/8AhqPAX/y9oAP+IIH9m7/o+743/wDhqPAX/wAvaAD/AIggf2bv+j7vjf8A+Go8Bf8Ay9oAP+IIH9m7/o+743/+Go8Bf/L2gA/4ggf2bv8Ao+743/8AhqPAX/y9oAP+IIH9m7/o+743/wDhqPAX/wAvaAD/AIggf2bv+j7vjf8A+Go8Bf8Ay9oAP+IIH9m7/o+743/+Go8Bf/L2gA/4ggf2bv8Ao+743/8AhqPAX/y9oAP+IIH9m7/o+743/wDhqPAX/wAvaAD/AIggf2bv+j7vjf8A+Go8Bf8Ay9oAP+IIH9m7/o+743/+Go8Bf/L2gA/4ggf2bv8Ao+743/8AhqPAX/y9oAP+IIH9m7/o+743/wDhqPAX/wAvaAD/AIggf2bv+j7vjf8A+Go8Bf8Ay9oAP+IIH9m7/o+743/+Go8Bf/L2gA/4ggf2bv8Ao+743/8AhqPAX/y9oAP+IIH9m7/o+743/wDhqPAX/wAvaAD/AIggf2bv+j7vjf8A+Go8Bf8Ay9oAP+IIH9m7/o+743/+Go8Bf/L2gDxr9oz/AIM0f2e/gh+z38d/jRpv7bPxl13UfhD8Gvif8ULDQ774YeCLSy1m98AeCNc8V2ulXl1b6289ta6jPpKWdxcQo80MUzyRqzqooA/Hz/ggp/wQC+Fv/BYT4NfHf4oeP/2h/H/wYvfhD8TtC8BWGleD/B3hzxNa6za6v4Vh8QyaheXGtajZy21xDLKbZIYUeNoxvLBiRQB+9H/EED+zd/0fd8b/APw1HgL/AOXtAB/xBA/s3f8AR93xv/8ADUeAv/l7QAf8QQP7N3/R93xv/wDDUeAv/l7QAf8AEED+zd/0fd8b/wDw1HgL/wCXtAB/xBA/s3f9H3fG/wD8NR4C/wDl7QAf8QQP7N3/AEfd8b//AA1HgL/5e0AH/EED+zd/0fd8b/8Aw1HgL/5e0AH/ABBA/s3f9H3fG/8A8NR4C/8Al7QAf8QQP7N3/R93xv8A/DUeAv8A5e0AH/EED+zd/wBH3fG//wANR4C/+XtAB/xBA/s3f9H3fG//AMNR4C/+XtAB/wAQQP7N3/R93xv/APDUeAv/AJe0AH/EED+zd/0fd8b/APw1HgL/AOXtAB/xBA/s3f8AR93xv/8ADUeAv/l7QA//AIMy/h/a/DTVv+Ctfgyz1G41S38GfHL4JfD+3vrmGOCa+tfBFz+0PpVtqM0URZIri/jfzp4UZo4nG2MkEmgD+4qgD//S+dP+D1z9lTXvDH7UH7MP7Zel6XO3gn4sfCOf4F+KNTgRntLD4i/CzxDr/irRhqUhXFteeKfBfjnyNIi3lbu38AaxIkaPaTvKAftZ/wAGZGrW+o/8EnviNZQyK02g/trfFzTLpB96OW4+FPwG1qMMOuGt9WhZWxg8gZKtQB/Hh/wdOarb6n/wXH/bEit5Y5RpGl/s5aVK0ZDKtxH+zD8HryaIsODJC96YpACSkiNG210dFAP9HL/ghB+yzrf7HX/BJr9jH4M+LdNbSfHM3w0n+KXjvT54Ht9R07xT8bPEmt/Fq70PWYpArJrHhSy8Y6f4P1CMjEM3h/yFaRIlkYAwf2g/+C/v/BJz9l79o27/AGV/jJ+1bougfFnRNah8NeM4tK8F/ELxZ4P+HniOeeO2/sLx3488LeGNX8KeH9Usrl/I8QW0uqSHwhLHOPGDaB9nn8oA/Xi28SeHbzw7B4vtNe0a68JXWixeJLbxRb6pZTeHrjw7PYrqkOvQ61HO2nS6NLprLqEeqJctZPYst2s5gIegD+In9rb9vb9iz/gtx+1pdfAL40/t2/Ar9mT/AIJH/sm+PrC98aaV4p+Nnhb4b/FD/goT8ZdCYzwJ4cs9R1rT9b0P9nDwkXaHTfFxihfxJcTz614ae68R3Wi6x8IwD+g7QP8Agr//AMETP2e/hn4d8EeBP26P2MfBnwz+HPhqy0Dwn4H+GPxE8K6xp/h3w3odqttYaP4e8I+Azq98Yra3iWO3sNO06a6nfJSGaaQswBzH/BLv/gqbZ/8ABQnw5+3h+1pPqnhr4f8A7C/wZ+OE3wt+AXjHxpaR+Br6TwP8Kfhb4d8XfF34vfEfXfEN/bW+m6B4g1HxZaa7pK6pb6JH4P8ADFkNP1tF1m01t4gD7p/Zj/4KA/sTftnXOu2H7LH7UXwW+OWseGI5LjxD4c8BeONI1TxXo9gl19iGr6h4TeeDxJbaFPd4t7PXpNLGjX0hVbO/n3KKAPov4j/DjwF8X/AXi74XfFHwjoHj34d+PtA1Lwt4z8GeKdNt9X8P+JPD+r2z2uo6Vqun3SPDcW1zBIRyA8ThJoXSaKN0AP8AP1/4NnP2IZvhT/wXb/4KR3Hw3bU9T/Z9/YouP2kf2edG8YTTXV3HqWoat8eo/Bvw00C/1LyLe11LVLnwT8PPFus6lIpdDeaFHdQxyw3VtdKAf0Gf8HWX/KFT9oz/ALHX4Gf+rZ8L0Afaf/BCv/lD7/wTu/7Nh+Hv/pJLQB+sFABQAUAFABQAUAFABQAUAFABQAUAFABQAUAFABQAUAFABQAUAFABQAUAFABQAUAFABQAUAFABQAUAFABQB/FL/wXB/4NWNf/AGz/AI8eN/2xv2EfH/w/8BfFP4oXzeI/jH8EvifJqXh/wV4v8aPAF1bx74C8ZeH9F11vD/iXxZLDFfeJfDniLRTo2teJrvVPE58X6JLqFzYSgH8u/wDwUO/4JF/8FuP2Y/2W9W+MP7dfjDxT4j/Zw+Des+EdK0zS/E/7V5+MWj6PqXivXbXwj4ebwd4Ebxf4gGmAX2vGF5o9L0k2dnPetnY7JKAf2q/8GlP7Hfwc+B3/AASz8AftNeFNMurn4xfti6p4z8S/FjxTqb280yaZ8Kviv8TPhj4D8GeH1htoX0/wxo2maHe69Jbzy3l5feJ/E+vX1xeGx/sjTdKAP6jaACgAoAKACgAoAKACgAoAKACgAoAKACgAoAKACgAoAKACgAoAKACgAoAKACgAoAKACgAoAKACgAoAKACgAoA+Sf2/f+TEf21v+zSf2j//AFTvjKgD+UX/AIMif+TSP21/+zjPBf8A6rO1oA/twoAKACgAoAKACgAoAKACgAoAKACgAoAKAP4tv+DRf/kpX/BaD/s7PwV/6f8A9oSgD+0mgD//0/7Jv+Cgn7CfwV/4KP8A7K3xI/ZS+Otpcr4W8cW1tfaB4q0mG1fxP8OPHmiPJdeEviD4Tmu4pIoda0C9Z0mgbbba3oV7rXhnUy+j63qMEoB/Lf8A8EiPgd/wUg/4N9/E37TX7Nnxp/Ym+N/7av7L/wAUvFWmfEr4S/Gb9iGz8GfETUF8c2Wlv4Yuhr/w98Y+OfAniPw3Z+MfDum+FrbW/wC2Et/+EQ1rw6n2S68WeH9TOvWQB5/+xP8A8ECP2nf25/8Agpj8Tf8Agq1/wVb+Gmm/BTwN4m+NFz8Zvh3+yNqPiHQ/GnjXxPNpF5ZD4VeHfinJok2p6FpHw98C+HdI8N6dq2g6jdJ4n8dXehPpeveF/DXh68uYtQAP7oqAP8lv9uv/AINzf+Cs+mft4fGTwr8O/wBm3x18e/B/xU+M3jXxf8Pfjt4avtAm8DeJPDfjvxhqWt6drfj3xPqWsWdj8PtftYtT8vxhYeM59JNpqltqFzps+saLLpur6gAf0zf8FOP2MP8AguTbf8E4v2Of+CT37CXwaPxS+Fvg/wDZW+GPgj9rX9orw98dvgf8PtS8feINA06fw5qf7P3hXS/ip8Tfh94v034Z6bBo9rf67rUWmSL478Lat4b8HPdWGmaf430PXwD+UP8A4hcv+C6//RjP/mzP7Hf/ANEFQAf8QuX/AAXX/wCjGf8AzZn9jv8A+iCoA/uf/Yj/AOCNXxD0j/g3m1L/AIJg/GmYfAr49/GvwR8VdR+JupWeo6H4xg8G/E7xd8UNT8ZeDv7VvfAviLUND8TaXpOh6L8P9A8TwaD4mvLbVtIstSsoL4ifykAP4iNV/wCDez/gvT+xr8bNL8UfBv8AZ++Itx408C67He+Afjn+zH8WfCk8RuYy8cOt+HNZ07xb4b8c+HredDLDPD4o8P8Ahm8a2klg1CwFpcYuAD+vT9j7/iLD/aF+F9h8HP2jbz9lL9jfw1eabDo+vftY+NvCfh/xx+1p/YTxxWF7qfgn4b/Cz4l6z8ID47MPnS293438FeAYYZDJqUM6Xq2TzgH9BP7A/wCwR8Av+Cc/wA0n4AfALS9VfT21W+8XfEH4g+Lr2PWviT8YPiTraW48SfEn4k+I1t7Ztb8Ua21tbxZjgttP0vTbWx0fSbOz06xt4KAPyh/4Osv+UKn7Rn/Y6/Az/wBWz4XoA+0/+CFf/KH3/gnd/wBmw/D3/wBJJaAP1goAKACgAoAKACgAoAKACgAoAKACgAoAKACgAoAKACgAoAKACgAoAKACgAoAKACgAoAKACgAoAKACgAoAKACgD+bz/g7E/5Qm/tDf9lF/Z5/9XT4OoA9f/4NkP8AlBt+wl/2Bfjr/wCtQ/G6gD95KACgAoAKACgAoAKACgAoAKACgAoAKACgAoAKACgAoAKACgAoAKACgAoAKACgAoAKACgAoAKACgAoAKACgAoA+Sf2/f8AkxH9tb/s0n9o/wD9U74yoA/lF/4Mif8Ak0j9tf8A7OM8F/8Aqs7WgD+zv4keNovhr8PvG/xCn8MeNfGsHgfwrr3iubwh8N/DN74z+IPieLQdNudTfQfBHhDTf+Jh4n8VaqtsbLQdBsf9L1bUp7axt/3syUAfzofEL/g6+/4Jf/CPxfrHw++K3hL9s74Y+PfDs6W3iDwR8Qv2Z9X8F+L9CuZIkmjt9Y8NeJPEmm6zpk7wyRzJFfWUEjRSJIFKMrUAW/h1/wAHWH/BM34wa1P4a+Evgb9tn4o+I7Wwm1W50D4dfsv65421q30u3kiiuNSn0rw14i1O+hsIJZ4IprySBbeKSaJHkDSIKAOp8Nf8HUX/AAR7v/Fsngn4g/Fb4yfAnxDb3UNjeWnxl/Z3+K2htpl7Pt8u21eLwzoHi660YjejS3Gq21nZ28Tiee5igDyoAfuj8Df2gfgf+018PNK+LP7PXxZ+H/xn+G2tM8On+M/hx4o0nxXoTXkMcUl1pd1d6TdXI07WrATwrqeiaitpq+lzOINQsrafMdAB8d/j/wDBT9mD4X+JvjT+0J8T/B3wg+Fng+2W58QeNvHGs22jaPaNKSlpYW7TN9o1TWtTnxZ6LoGkwX2t63qEkOnaRp97fTw27AH8xfir/g8w/wCCUegeOP8AhGNF8Bftg+OPDMd3c2s/xH8O/Cr4fWHhyWOObyrXUdO0bxf8YfC/ja4065VWuJP7Q8MaTqltbtF/xK5rlpLWIA/oI/Yi/wCCgX7JX/BRL4Ur8YP2S/i9oPxN8OWb2Np4r0SPztI8dfDzWb+GaaDQPiF4J1SO28QeFdTlFreCwkvrT+ytdisrq/8ADep61paLfuAfZdABQAUAFABQAUAfxbf8Gi//ACUr/gtB/wBnZ+Cv/T/+0JQB/aTQB//U/v4oAKACgAoAKACgAoAKACgAoAKACgD+cz/g6y/5QqftGf8AY6/Az/1bPhegD7T/AOCFf/KH3/gnd/2bD8Pf/SSWgD9YKACgAoAKACgAoAKACgAoAKACgAoAKACgAoAKACgAoAKACgAoAKACgAoAKACgAoAKACgAoAKACgAoAKACgAoA/m8/4OxP+UJv7Q3/AGUX9nn/ANXT4OoA9f8A+DZD/lBt+wl/2Bfjr/61D8bqAP3koA/Az9rH/g4z/Yb/AGIviXrnwt/aa+E/7bvwr1vS/Enifw7o2teKv2XfEugeD/iDH4V1abSbzxN8MvE3iDWNH0/x34OvniivtH8R6Cbmwv8ATbyyu1ZFuUSgD5u0T/g7r/4JK+JdY0zw94cg/au8Qa/rd/a6Xo2h6J8AZdV1jV9Tvpkt7LTtM0yx8Wz3t/f3lxIkFraWkMtxcTOkUUbOyrQB6h4k/wCDpD/gmF8OvENj4a+NmmftffADUb/5oU+M37KXxJ8JS/ZwsbNeDTIYdU1y4to1liLtZ6XdSASxkRsHQ0Afq9+x9/wUa/Yf/b50e+1j9kT9pT4b/GmTSLSLUNc8NaJqF5onxA8O6fM8UUOoeI/hr4tsfD/xB8P6dNPOlrDqOseGbKxmu91rDcPcJIigH2tQB8d/te/8FAv2Mv2DPCP/AAmf7Wv7RHw5+DNhPaTXmj6Hr+rm/wDHnimGAusv/CG/DjQIdW8e+MGjkQxS/wDCN+HNUW2fm5eBNz0AeQ/8EzP+CoPwA/4KsfCv4qfGn9m7QPiRo3w9+GPxp1n4K/b/AImaLo3h7VPFWqaL4O8FeMZfEujaRpHiHxDNZ+Hr6z8bWUGnprcum64zWs73+j6e7LDQB+kVABQAUAFABQAUAFABQAUAFABQAUAFABQAUAFABQAUAFABQAUAFABQAUAFABQAUAFAHyT+37/yYj+2t/2aT+0f/wCqd8ZUAfyi/wDBkT/yaR+2v/2cZ4L/APVZ2tAH9uFAH+aH/wAHsnhnRdP/AG9f2VvFVnYW1trXiT9k5dO1q9hghin1GHw58WvH50l7yWNFkuZrWPWru3jknaR0tlhgQrFEiKAfSH/BjhY2Unj/AP4KP6lJaWr6jaeD/wBl6xtb94Imvbay1DWvjrPf2lvdFDPDa3s+mabNdwRusVzLp9lJMjvawMgB9Rf8Hrv7Knw4vf2av2Y/20NM8M6VYfFrwx8dLf8AZ88TeJ9O0y0ttX8UfD7x74A8d+ONFtfE+pxRpd6ra+C/EPw1ki8LxXjzrpTeN/EC2nkpqNwrgH893/Bqh+2N8Tv2d/8Agqz8Ivgno/iPVB8Hv2s4PFPwv+J3go3kzaHfazp3grxL4r+HPi6LTHL2aeJfD/ivQrLSrfV0ijvovDXiLxNpkdx5GoyxOAf1Zftk/sB/GH/g4b/bR+LHhf4i/G3xv8B/+CXn7CfxCvvgr4I0rwRo9qPF/wC0d+05oWjpb/G7x3oL+Ira58PwaL8Ndb1Sf4XaZ451fSfF2mRnRNe0rwVpEV74i8ealYAH4p/8Fn/+DUPwf+xJ+yv45/a5/Yo+MfxY+J3hn4L2P/CTfF/4VfGhfCet+ME+Hyz2VtrHjbwX4r8BeEPBGmXCeCEmn17xToWs+GYQfCMGq61aa+t3oA0nXAD8rP8Ag2G/ao8ffs3/APBXn9m7wroPibU9N+Hf7Seqax8Cvix4Vgcy6V4usfEnhnX5/AD31myyRJf+GfiXb+FtZ07V4Ui1CxtF1jTI7qLS9d1m3uwD/XooAKACgAoAKACgD+Lb/g0X/wCSlf8ABaD/ALOz8Ff+n/8AaEoA/tJoA//V/v4oAKACgAoAKACgAoAKACgAoAKACgD+cz/g6y/5QqftGf8AY6/Az/1bPhegD7T/AOCFf/KH3/gnd/2bD8Pf/SSWgD9YKACgAoAKACgAoAKACgAoAKACgAoAKACgAoAKACgAoAKACgAoAKACgAoAKACgAoAKACgAoAKACgAoAKACgAoA/m8/4OxP+UJv7Q3/AGUX9nn/ANXT4OoA9f8A+DZD/lBt+wl/2Bfjr/61D8bqAP3koA/lB/4PIfDOi6z/AMElfD+uX9hbT6r4R/ax+EOo6DfyQQvd6fNqnhX4maDqCW1yyGaCK80/UpkuY4nRJzFbmUP5EewA/iT/AODaqxstQ/4Le/sGQX9pa3sEfjD4r30cN3BFcxJe6Z+z18XNS027SOZHRbrT9RtLW/sp1Altby2t7qB0nhjdAD/Se/4L4/sqfDj9q7/glD+2dovjjwzpWseIfhD8DPiP+0H8LNduNMtLvXvCXxB+CfhTU/iLp114Y1CaM3Wj3XiWx8O3/gnWZbKaFr/w34k1fTLnzba6kjYA/wAhj9lP9p34ufsa/tCfCr9pb4HeJtQ8LfEf4T+LdK8T6RdWV3Pa22sWlpcxtrHhTX4oWCan4W8WaV9r8P8AibR7pJ7PVNF1C8s7mCWOUrQB/tRfHn4X/Ff9r74R/DKP4M/tX/E79kbwj410zT/FfjnxH8HfCXw+1b4v+KPBvijw7aX2l+G/B/j34haP4q0n4WX8D3ourvxVpHgvW/EDlYodKu9FMctxOAf5cP8Awcpf8E//AA1/wT1/4KGaV4E8J/GL44fHLS/jP8BfBnx4u/HH7RXjiP4kfFhvEGt+NPiP4A13TvEPjkaVo1x4kQ3fw5XWrG+vbBLuG21tdNlmujYC5lAP61P+DKH/AJRs/tJ/9nw+MP8A1Qv7P1AH9jdABQAUAFABQAUAFABQAUAFABQAUAFABQAUAFABQAUAFABQAUAFABQAUAFABQAUAFAHyT+37/yYj+2t/wBmk/tH/wDqnfGVAH8ov/BkT/yaR+2v/wBnGeC//VZ2tAH9uFAH+bF/we4f8npfsc/9mva5/wCrX8T0Aekf8GUHxH+Hvw48Tf8ABSDUfiH488GeA9PufDH7LZt77xn4o0PwvZ3AtNT+Pz3ZhutcvrGGUWqTQtcGN28lZYjJtDpuAOs/4O/v+Cp/7MH7QPwo+A37DX7N3xd8C/G/WvDvxgHx4+MPij4YeJNL8ZeDvB83hbwZ4t8CeC/Bkni/QLnUPD2qeItWk+IHinVdb0bTNSurvw0vh7S01uKyudUtLegDwf8A4NNf+CQfx28XftU+DP8AgpP8Z/AfiH4efAP4L6H4mvvgZceLdMv9EvfjX8RfGvhfVfB1nr/hPTL+1gn1X4deDvD3iDXNWn8YxvFpWo+Lv+Eb0zw/LrYsfFP9igH+lDQB+WX/AAW3+N/gn4Af8Emv2/PG3jueyTT9e/Zj+Kvwk0OxvmhKa141+N3hbUPhH4J0hLaZgb5bnxN4z02W+tYVeUaVBqFyVWG2mliAP4KP+DR7/gnN42/aO/by0/8AbW8RaJd2nwE/Y3Oq6hba7dRzQWHjD47eJ/DOo6L4N8H6RKUjXUJfB+la3d/EPxHJZ3Df2JPZeC7PVImt/FlokoB/qSUAFABQAUAFABQB/Ft/waL/APJSv+C0H/Z2fgr/ANP/AO0JQB/aTQB//9b+/igAoAKACgAoAKACgAoAKACgAoAKAP5zP+DrL/lCp+0Z/wBjr8DP/Vs+F6APtP8A4IV/8off+Cd3/ZsPw9/9JJaAP1goAKACgAoAKACgAoAKACgAoAKACgAoAKACgAoAKACgAoAKACgAoAKACgAoAKACgAoAKACgAoAKACgAoAKACgD+bz/g7E/5Qm/tDf8AZRf2ef8A1dPg6gD1/wD4NkP+UG37CX/YF+Ov/rUPxuoA/eSgD+WD/g8M/wCUP83/AGdD8Ev/AEg8d0Afw1f8G3GuaL4b/wCC1/7DWt+ItY0vQNFsPEfxikv9X1rULTStLso5P2c/jDBG93qF9Nb2lskk8sUKNNMgaWSONcu6KwB/fX/wX+/4K8/scfs+f8E6v2pPhD4U/aB+E3xJ/aG/aE+EXjf4BeBPhR8OfHnhrxx4ush8WdBvvA/ibxf4m0/wxqOqS+DtB8K+E9Z1/W7fV/Ea6bbaprGn2Oh6VJd6leJCgB/nb/8ABIv/AIJLftDf8FUf2kfBfgPwN4M8S6b8ANE8V6TN+0D8dptMvrTwR8PvBNncW1/4g0m08SSWkmmah8Std0bzbDwT4OtJJ9TvdTvbXU9Rh0/wvY63rmmgH+0FpemWGiaZp2jaVbR2Wl6RYWemabZw5ENpYWFvHa2dtEGLMI4LeKOJNzMdqDJJ5oA/zJv+D1v/AJSafs6f9mJ+Av8A1oD9pCgD9zv+DKH/AJRsftJ/9nxeMf8A1Qv7PtAH9jVABQAUAFABQAUAFABQAUAFABQAUAFABQAUAFABQAUAFABQAUAFABQAUAFABQAUAFAHyT+37/yYj+2t/wBmk/tH/wDqnfGVAH8ov/BkT/yaR+2v/wBnGeC//VZ2tAH9uFAH+bF/we4f8npfsc/9mva5/wCrX8T0Aeef8Gjv7Av7HX7dHir9uy1/a3+APgj4623wy0D9nW68BweNE1Z4/DVx4s1H40xeI5bBdM1TTQW1aPw7oqXP2gTjGnweWI/3m8A/vM+Dn/BI3/gmH8Adah8S/Cb9g/8AZf8AC/ia1MbWPiab4S+FfEniPTHibckuka94ssNc1bSJiSDJNpl5ZyzbUEzPsRVAP0RjjjijSKJEiiiRY4441VI440UKiIigKiIoCqqgKqgAAAAUAOZgoLMQqqCzMxACgDJJJ4AA5JPAHJoA/iX/AG79N+MP/BzH+2hpv7GX7MHinUfBn/BKr9iv4hm7/aU/ar0uJLvw58ZfjpZWs1hfeHPhBLOkmmeOdV8H6DqOp+HfBV1D9o8M6a3iDxH8SvEMmr6BqPwxsvEIB/WR8Efgl+zR/wAE9f2XdG+F/wAMdH8L/BL9nL9n3wJq2rX15qF5BY6Xofh3w9YXWv8AjLx9448R3pjfUNUu0t9T8UeM/FmszPdX95JfanfTncdgB9A+E/FXh3x14V8M+N/CGrWmv+E/GXh/RvFXhfXbBmex1rw74h0621fRNWsndUd7TUtNvLa8tmZEZoZkLKpOKAOgoAKACgAoAKAP4tv+DRf/AJKV/wAFoP8As7PwV/6f/wBoSgD+0mgD/9f+/igAoAKACgAoAKACgAoAKACgAoAKAP5zP+DrL/lCp+0Z/wBjr8DP/Vs+F6APtP8A4IV/8off+Cd3/ZsPw9/9JJaAP1goAKACgAoAKACgAoAKACgAoAKACgAoAKACgAoAKACgAoAKACgAoAKACgAoAKACgAoAKACgAoAKACgAoAKACgD+bz/g7E/5Qm/tDf8AZRf2ef8A1dPg6gD1/wD4NkP+UG37CX/YF+Ov/rUPxuoA/eSgD+WD/g8M/wCUP83/AGdD8Ev/AEg8d0AfwRf8EFfgN8IP2nP+Ctf7HvwM+PfgPRfid8JPHuv/ABRtvGHgXxD9s/sbX4NF+BXxQ8TaXFe/YLqyuytlr2i6XqUQiuos3FlEH3x70YA/1JfBf/BDf/gkN4B1ez13w9/wTy/Zhl1HT5luLRvE/wAO7Dx1Zxzp/q5W0vxw/iLS5nibEkRns5fKlVJo9syo6AH6a+FPCHhPwJoOn+FfA/hfw74N8MaTF5GleHPCmiab4d0HTIM58nT9H0i1s9Ps4s8+Xb28SZ5xzQB0VAH+Yv8A8Hrf/KTT9nT/ALMT8Bf+tAftIUAfud/wZQ/8o2P2k/8As+Lxj/6oX9n2gD+xqgAoAKACgAoAKACgAoAKACgAoAKACgAoAKACgAoAKACgAoAKACgAoAKACgAoAKACgD5J/b9/5MR/bW/7NJ/aP/8AVO+MqAP5Rf8AgyJ/5NI/bX/7OM8F/wDqs7WgD+3CgD/Mq/4PU/iL4R8Tf8FBv2c/AWha3puq+Ivhv+yzZDxpY2F5DdzeHdQ8XfEvxvquk6PrEcLOdP1WbRLWz1z7BclLr+ydY0m/MS22oWsk4B71/wAGQPxG8I6N8dv29fhbqWt6dZ+NPHvww+B/i/wrodzeQQajrWjfDfxL8SNO8WXGm2khEt8NIl+Inhp737Pua2ivY5ZF8os6AH+i3QAUAfwff8HP3/BwRH4MsvHf/BND9iTxtu8aahDf+E/2tfjX4Wv/AJfB+nXEclprXwD8DaxZy8+LNRieWw+LGuWUu3wvp73PgG1mfxLe+KE8JgH4Vfs7f8HU/wDwUC/ZQ+DPgL9n/wDZ/wDgV+wt8NfhP8NtEg0Pwr4V0L4LfEqKCCFCZbzUtSu3+OL3uteIdbvpLjV/EXiLVZ7vWdf1q8vdW1a9u7+6uLhwDH+L3/Ben/gqt/wV71T4a/sBeNPHnw9+H/w//aj+Lfwv+DfiPwz8Dfh7/wAIheeMU8e+PNA8O6doeteINY1vxX4nbQX1LULSXUdH03V9Osdagi+wa5HqOmTXFpKAf6y3h7QNI8K6BofhfQLKLTdB8N6PpmgaJp0AxBYaRo9lDp+m2UIOSIrWzt4YIwTwiAc0AbFABQAUAFABQB/Ft/waL/8AJSv+C0H/AGdn4K/9P/7QlAH9pNAH/9D+/igAoAKACgAoAKACgAoAKACgAoAKAP5zP+DrL/lCp+0Z/wBjr8DP/Vs+F6APtP8A4IV/8off+Cd3/ZsPw9/9JJaAP1goAKACgAoAKACgAoAKACgAoAKACgAoAKACgAoAKACgAoAKACgAoAKACgAoAKACgAoAKACgAoAKACgAoAKACgD+bz/g7E/5Qm/tDf8AZRf2ef8A1dPg6gD1/wD4NkP+UG37CX/YF+Ov/rUPxuoA/eSgD+Sj/g8q+IvhHw5/wSx8E/D/AFPW9Ng8YfEf9qb4anwt4de8hXWNT0/wl4W+IGs+JNYtdO3G6n0rRVbS7PU79I/stne67o1tPKk+o2cc4B/D7/wbx/Ebwj8K/wDgs7+wX4u8ca3p3h7w8/xP8T+EG1bVryDT7CHWfiR8KfH/AMOfC1vPeXJWCE6j4p8V6Np0HmsqvcXcUe5S4agD/ZZoAKACgD/LP/4PJfir4K+If/BVrwR4W8I67pmuaj8Gv2Rvhl8O/H8em3kV2/h/xve/En4y/ER/DuoiEsttqVt4T8c+EtTntWczQpq8SzJFIGRQD94P+DJX4g+Fb79h79rX4VW+r2D+NvC/7Vi/EHVtAF3EdUtvCvjz4RfDrw54e1eSxz562F7q3w58T2UN3tMT3Gnzw5V48MAf2oUAFABQAUAFABQAUAFABQAUAFABQAUAFABQAUAFABQAUAFABQAUAFABQAUAFABQAUAfJP7fv/JiP7a3/ZpP7R//AKp3xlQB/KL/AMGRP/JpH7a//Zxngv8A9Vna0Af2d/Ej4feFviz8PvG3wv8AHFrqd74M+IfhXXfBfiuz0XxL4m8G6vd+HvEum3OkaxbaZ4s8Gax4f8XeGr6awu547XXPDOu6PrumTMl3pep2V5FDcRAH4ian/wAGwv8AwQ61rULzVtY/YqvtW1XUbmW81DU9T/ak/bLv9Qv7udzJPdXl7dftDzXN1czSMXlnnleWR2LOzE5UAn0P/g2P/wCCInhjVrHX/DX7GWq+Htd0uYXOma1of7VX7Z+k6tp1wFZBPY6lYftEW95aTBHdBLbzI+1mXJBIoA/b/wAC+C/D/wAN/BHg74d+EoNRtfCvgLwr4e8F+GbbV9f1/wAVatb+H/C2kWeh6NBqfijxXqeteKfEmoxadY20d7r/AIl1nVtf1i5WXUNY1O/1G4ubqUA6eSNZY3ifdskRo22u8bbXUq22RCro2CcOjK6nlSCAaAPwLuf+DXv/AIIYXtzcXl5+xDPd3d3PLc3V1c/tPftjz3NzczyNLPcXE8v7QjSzTzSu0kssjM8kjM7sWYlgCD/iFy/4IUf9GM/+bM/tif8A0QVAHq3wM/4N3/8Agjr+zb8X/h18evgx+x3B4R+K/wAJ/FOmeNvh/wCKLj48ftOeK4/D/inRpfP0rV18PeNPjT4i8L6nPYXAW5totZ0XUbaO5SK4EAmhidQD9qKACgAoAKACgAoA/i2/4NF/+Slf8FoP+zs/BX/p/wD2hKAP7SaAP//R/v4oAKACgAoAKACgAoAKACgAoAKACgD+cz/g6y/5QqftGf8AY6/Az/1bPhegD7T/AOCFf/KH3/gnd/2bD8Pf/SSWgD9YKACgAoAKACgAoAKACgAoAKACgAoAKACgAoAKACgAoAKACgAoAKACgAoAKACgAoAKACgAoAKACgAoAKACgAoA/m8/4OxP+UJv7Q3/AGUX9nn/ANXT4OoA9f8A+DZD/lBt+wl/2Bfjr/61D8bqAP3koA/Fr43f8G8//BIb9pD4meLvjD8cv2WfEPxJ+I/jnxDrvijxH4k8Q/tRftgO8+reI9Xvdd1VdM0uz+PtponhzSG1PULqWw8OeG9M0jw7o0EiWOjaVp9hDb2sQB5N/wAQuX/BCj/oxn/zZn9sT/6IKgD9av2Vv2RvgL+xV8MZvg5+zl4Y8TeD/h1L4jvfFa6F4o+K3xb+L1xa6xqGl6No1yNN8QfGXx18QPEulaR9g0DTEtvDemaza+HLGeO7vrLS4L/U9TubsA+lKAPmX9qH9kD4EftkeEtD8DfH7RfHuveGPDusy6/pth4E+OPxz+B076lNYT6a51bVfgX8R/hvrHiCx+yXEyppGv6hqWkRzlLyOxS8iiuEAPyiuf8Ag17/AOCGF7c3F5efsQz3d3dzy3N1dXP7T37Y89zc3M7tLPcXE8v7QjSzTzSs0kssjM8jszuxYksAdN4L/wCDa/8A4IxfDbXI/E3w6/ZO8W+AfEkUEtrF4g8F/teftt+Ftcitp2jaa3j1bQ/2j7C/SCZoomliW4WORooy6kopoA/anwR4O0L4d+C/CHw/8LR6pF4Z8C+F9A8HeHYtc8ReIvF+tR6F4Y0q00XSI9X8WeL9V13xZ4o1RNPsrddQ8ReKNb1nxFrV2JdS1rVdQ1K5ubucA6igAoAKACgAoAKACgAoAKACgAoAKACgAoAKACgAoAKACgAoAKACgAoAKACgAoAKAPkn9v3/AJMR/bW/7NJ/aP8A/VO+MqAP5Rf+DIn/AJNI/bX/AOzjPBf/AKrO1oA/twoAKACgAoAKACgAoAKACgAoAKACgAoAKAP4tv8Ag0X/AOSlf8FoP+zs/BX/AKf/ANoSgD+0mgD/0v7+KACgAoAKACgAoAKACgAoAKACgAoA/nM/4Osv+UKn7Rn/AGOvwM/9Wz4XoA+0/wDghX/yh9/4J3f9mw/D3/0kloA/WCgAoAKACgAoAKACgAoAKACgAoAKACgAoAKACgAoAKACgAoAKACgAoAKACgAoAKACgAoAKACgAoAKACgAoAKAP5vP+DsT/lCb+0N/wBlF/Z5/wDV0+DqAPX/APg2Q/5QbfsJf9gX46/+tQ/G6gD95KACgAoAKACgAoAKACgAoAKACgAoAKACgAoAKACgAoAKACgAoAKACgAoAKACgAoAKACgAoAKACgAoAKACgAoA+Sf2/f+TEf21v8As0n9o/8A9U74yoA/lF/4Mif+TSP21/8As4zwX/6rO1oA/twoAKACgAoAKACgAoAKACgAoAKACgAoAKAP4tv+DRf/AJKV/wAFoP8As7PwV/6f/wBoSgD+0mgD/9P+/igAoAKACgAoAKACgAoAKACgAoAKAP5zP+DrL/lCp+0Z/wBjr8DP/Vs+F6APtP8A4IV/8off+Cd3/ZsPw9/9JJaAP1goAKACgAoAKACgAoAKACgAoAKACgAoAKACgAoAKACgAoAKACgAoAKACgAoAKACgAoAKACgAoAKACgAoAKACgD+bz/g7E/5Qm/tDf8AZRf2ef8A1dPg6gD1/wD4NkP+UG37CX/YF+Ov/rUPxuoA/eSgAoAKACgAoAKACgAoAKACgAoAKACgAoAKACgAoAKACgAoAKACgAoAKACgAoAKACgAoAKACgAoAKACgAoAKAPkn9v3/kxH9tb/ALNJ/aP/APVO+MqAP5Rf+DIn/k0j9tf/ALOM8F/+qztaAP7cKACgAoAKACgAoAKACgAoAKACgAoAKACgD+Lb/g0X/wCSlf8ABaD/ALOz8Ff+n/8AaEoA/tJoA//U/v4oAKACgAoAKACgAoAKACgAoAKACgD+cz/g6y/5QqftGf8AY6/Az/1bPhegD7T/AOCFf/KH3/gnd/2bD8Pf/SSWgD9YKACgAoAKACgAoAKACgAoAKACgAoAKACgAoAKACgAoAKACgAoAKACgAoAKACgAoAKACgAoAKACgAoAKACgAoA/m8/4OxP+UJv7Q3/AGUX9nn/ANXT4OoA9f8A+DZD/lBt+wl/2Bfjr/61D8bqAP3koAKACgAoAKACgAoAKACgAoAKACgAoAKACgAoAKACgAoAKACgAoAKACgAoAKACgAoAKACgAoAKACgAoAKACgD5J/b9/5MR/bW/wCzSf2j/wD1TvjKgD+UX/gyJ/5NI/bX/wCzjPBf/qs7WgD+3CgAoAKACgAoAKACgAoAKACgAoAKACgAoA/i2/4NF/8AkpX/AAWg/wCzs/BX/p//AGhKAP7SaAP/1f7+KACgAoAKACgAoAKACgAoAKACgAoA/nM/4Osv+UKn7Rn/AGOvwM/9Wz4XoA+0/wDghX/yh9/4J3f9mw/D3/0kloA/WCgAoAKACgAoAKACgAoAKACgAoAKACgAoAKACgAoAKACgAoAKACgAoAKACgAoAKACgAoAKACgAoAKACgAoAKAP5vP+DsT/lCb+0N/wBlF/Z5/wDV0+DqAPX/APg2Q/5QbfsJf9gX46/+tQ/G6gD95KACgAoAKACgAoAKACgAoAKACgAoAKACgAoAKACgAoAKACgAoAKACgAoAKACgAoAKACgAoAKACgAoAKACgAoA+Sf2/f+TEf21v8As0n9o/8A9U74yoA/lF/4Mif+TSP21/8As4zwX/6rO1oA/twoAKACgAoAKACgAoAKACgAoAKACgAoAKAP4tv+DRf/AJKV/wAFoP8As7PwV/6f/wBoSgD+0mgD/9b+/igAoAKACgAoAKACgAoAKACgAoAKAP5zP+DrL/lCp+0Z/wBjr8DP/Vs+F6APtP8A4IV/8off+Cd3/ZsPw9/9JJaAP1goAKACgAoAKACgAoAKACgAoAKACgAoAKACgAoAKACgAoAKACgAoAKACgAoAKACgAoAKACgAoAKACgAoAKACgD+bz/g7E/5Qm/tDf8AZRf2ef8A1dPg6gD1/wD4NkP+UG37CX/YF+Ov/rUPxuoA/eSgAoAKACgAoAKACgAoAKACgAoAKACgAoAKACgAoAKACgAoAKACgAoAKACgAoAKACgAoAKACgAoAKACgAoAKAPkn9v3/kxH9tb/ALNJ/aP/APVO+MqAP5Rf+DIn/k0j9tf/ALOM8F/+qztaAP7cKACgAoAKACgAoAKACgAoAKACgAoAKACgD+Lb/g0X/wCSlf8ABaD/ALOz8Ff+n/8AaEoA/tJoA//X/v4oAKACgAoAKACgAoAKACgAoAKACgD+cz/g6y/5QqftGf8AY6/Az/1bPhegD7T/AOCFf/KH3/gnd/2bD8Pf/SSWgD9YKACgAoAKACgAoAKACgAoAKACgAoAKACgAoAKACgAoAKACgAoAKACgAoAKACgAoAKACgAoAKACgAoAKACgAoA/m8/4OxP+UJv7Q3/AGUX9nn/ANXT4OoA9f8A+DZD/lBt+wl/2Bfjr/61D8bqAP3koAKACgAoAKACgAoAKACgAoAKACgAoAKACgAoAKACgAoAKACgAoAKACgAoAKACgAoAKACgAoAKACgAoAKACgD5J/b9/5MR/bW/wCzSf2j/wD1TvjKgD+UX/gyJ/5NI/bX/wCzjPBf/qs7WgD+3CgAoAKACgAoAKACgAoAKACgAoAKACgAoA/i2/4NF/8AkpX/AAWg/wCzs/BX/p//AGhKAP7SaAP/0P7+KACgAoAKACgAoAKACgAoAKACgAoA/nM/4Osv+UKn7Rn/AGOvwM/9Wz4XoA+0/wDghX/yh9/4J3f9mw/D3/0kloA/WCgAoAKACgAoAKACgAoAKACgAoAKACgAoAKACgAoAKACgAoAKACgAoAKACgAoAKACgAoAKACgAoAKACgAoAKAP5vP+DsT/lCb+0N/wBlF/Z5/wDV0+DqAPX/APg2Q/5QbfsJf9gX46/+tQ/G6gD95KACgAoAKACgAoAKACgAoAKACgAoAKACgAoAKACgAoAKACgAoAKACgAoAKACgAoAKACgAoAKACgAoAKACgAoA+Sf2/f+TEf21v8As0n9o/8A9U74yoA/lF/4Mif+TSP21/8As4zwX/6rO1oA/twoAKACgAoAKACgAoAKACgAoAKACgAoAKAP4tv+DRf/AJKV/wAFoP8As7PwV/6f/wBoSgD+0mgD/9H+/igAoAKACgAoAKACgAoAKACgAoAKAP5zP+DrL/lCp+0Z/wBjr8DP/Vs+F6APtP8A4IV/8off+Cd3/ZsPw9/9JJaAP1goAKACgAoAKACgAoAKACgAoAKACgAoAKACgAoAKACgAoAKACgAoAKACgAoAKACgAoAKACgAoAKACgAoAKACgD+bz/g7E/5Qm/tDf8AZRf2ef8A1dPg6gD1/wD4NkP+UG37CX/YF+Ov/rUPxuoA/eSgAoAKACgAoAKACgAoAKACgAoAKACgAoAKACgAoAKACgAoAKACgAoAKACgAoAKACgAoAKACgAoAKACgAoAKAPkn9v3/kxH9tb/ALNJ/aP/APVO+MqAP5Rf+DIn/k0j9tf/ALOM8F/+qztaAP7cKACgAoAKACgAoAKACgAoAKACgAoAKACgD+Lb/g0X/wCSlf8ABaD/ALOz8Ff+n/8AaEoA/tJoA//S/v4oAKACgAoAKACgAoAKACgAoAKACgD+cz/g6y/5QqftGf8AY6/Az/1bPhegD7T/AOCFf/KH3/gnd/2bD8Pf/SSWgD9YKACgAoAKACgAoAKACgAoAKACgAoAKACgAoAKACgAoAKACgAoAKACgAoAKACgAoAKACgAoAKACgAoAKACgAoA/m8/4OxP+UJv7Q3/AGUX9nn/ANXT4OoA9f8A+DZD/lBt+wl/2Bfjr/61D8bqAP3koAKACgAoAKACgAoAKACgAoAKACgAoAKACgAoAKACgAoAKACgAoAKACgAoAKACgAoAKACgAoAKACgAoAKACgD5J/b9/5MR/bW/wCzSf2j/wD1TvjKgD+UX/gyJ/5NI/bX/wCzjPBf/qs7WgD+3CgAoAKACgAoAKACgAoAKACgAoAKACgAoA/i2/4NF/8AkpX/AAWg/wCzs/BX/p//AGhKAP7SaAP/0/7+KACgAoAKACgAoAKACgAoAKACgAoA/nM/4Osv+UKn7Rn/AGOvwM/9Wz4XoA+0/wDghX/yh9/4J3f9mw/D3/0kloA/WCgAoAKACgAoAKACgAoAKACgAoAKACgAoAKACgAoAKACgAoAKACgAoAKACgAoAKACgAoAKACgAoAKACgAoAKAP5vP+DsT/lCb+0N/wBlF/Z5/wDV0+DqAPX/APg2Q/5QbfsJf9gX46/+tQ/G6gD95KACgAoAKACgAoAKACgAoAKACgAoAKACgAoAKACgAoAKACgAoAKACgAoAKACgAoAKACgAoAKACgAoAKACgAoA+Sf2/f+TEf21v8As0n9o/8A9U74yoA/lF/4Mif+TSP21/8As4zwX/6rO1oA/twoAKACgAoAKACgAoAKACgAoAKACgAoAKAP4tv+DRf/AJKV/wAFoP8As7PwV/6f/wBoSgD+0mgD/9T+/igAoAKACgAoAKACgAoAKACgAoAKAP5zP+DrL/lCp+0Z/wBjr8DP/Vs+F6APtP8A4IV/8off+Cd3/ZsPw9/9JJaAP1goAKACgAoAKACgAoAKACgAoAKACgAoAKACgAoAKACgAoAKACgAoAKACgAoAKACgAoAKACgAoAKACgAoAKACgD+bz/g7E/5Qm/tDf8AZRf2ef8A1dPg6gD1/wD4NkP+UG37CX/YF+Ov/rUPxuoA/eSgAoAKACgAoAKACgAoAKACgAoAKACgAoAKACgAoAKACgAoAKACgAoAKACgAoAKACgAoAKACgAoAKACgAoAKAPkn9v3/kxH9tb/ALNJ/aP/APVO+MqAP5Rf+DIn/k0j9tf/ALOM8F/+qztaAP7cKACgAoAKACgAoAKACgAoAKACgAoAKACgD+Lb/g0X/wCSlf8ABaD/ALOz8Ff+n/8AaEoA/tJoA//V/v4oAKACgAoAKACgAoAKACgAoAKACgD+cz/g6y/5QqftGf8AY6/Az/1bPhegD7T/AOCFf/KH3/gnd/2bD8Pf/SSWgD9YKACgAoAKACgAoAKACgAoAKACgAoAKACgAoAKACgAoAKACgAoAKACgAoAKACgAoAKACgAoAKACgAoAKACgAoA/m8/4OxP+UJv7Q3/AGUX9nn/ANXT4OoA9f8A+DZD/lBt+wl/2Bfjr/61D8bqAP3koAKACgAoAKACgAoAKACgAoAKACgAoAKACgAoAKACgAoAKACgAoAKACgAoAKACgAoAKACgAoAKACgAoAKACgD5J/b9/5MR/bW/wCzSf2j/wD1TvjKgD+UX/gyJ/5NI/bX/wCzjPBf/qs7WgD+3CgAoAKACgAoAKACgAoAKACgAoAKACgAoA/i2/4NF/8AkpX/AAWg/wCzs/BX/p//AGhKAP7SaAP/1v7+KACgAoAKACgAoAKACgAoAKACgAoA/nM/4Osv+UKn7Rn/AGOvwM/9Wz4XoA+0/wDghX/yh9/4J3f9mw/D3/0kloA/WCgAoAKACgAoAKACgAoAKACgAoAKACgAoAKACgAoAKACgAoAKACgAoAKACgAoAKACgAoAKACgAoAKACgAoAKAP5vP+DsT/lCb+0N/wBlF/Z5/wDV0+DqAPX/APg2Q/5QbfsJf9gX46/+tQ/G6gD95KACgAoAKACgAoAKACgAoAKACgAoAKACgAoAKACgAoAKACgAoAKACgAoAKACgAoAKACgAoAKACgAoAKACgAoA+Sf2/f+TEf21v8As0n9o/8A9U74yoA/lF/4Mif+TSP21/8As4zwX/6rO1oA/twoAKACgAoAKACgAoAKACgAoAKACgAoAKAP4tv+DRf/AJKV/wAFoP8As7PwV/6f/wBoSgD+0mgD/9f+/igAoAKACgAoAKACgAoAKACgAoAKAP5zP+DrL/lCp+0Z/wBjr8DP/Vs+F6APtP8A4IV/8off+Cd3/ZsPw9/9JJaAP1goAKACgAoAKACgAoAKACgAoAKACgAoAKACgAoAKACgAoAKACgAoAKACgAoAKACgAoAKACgAoAKACgAoAKACgD+bz/g7E/5Qm/tDf8AZRf2ef8A1dPg6gD1/wD4NkP+UG37CX/YF+Ov/rUPxuoA/eSgAoAKACgAoAKACgAoAKACgAoAKACgAoAKACgAoAKACgAoAKACgAoAKACgAoAKACgAoAKACgAoAKACgAoAKAPkn9v3/kxH9tb/ALNJ/aP/APVO+MqAP5Rf+DIn/k0j9tf/ALOM8F/+qztaAP7cKACgAoAKACgAoAKACgAoAKACgAoAKACgD+Lb/g0X/wCSlf8ABaD/ALOz8Ff+n/8AaEoA/tJoA//Q/v4oAKACgAoAKACgAoAKACgAoAKACgD+cz/g6y/5QqftGf8AY6/Az/1bPhegD7T/AOCFf/KH3/gnd/2bD8Pf/SSWgD9YKACgAoAKACgAoAKACgAoAKACgAoAKACgAoAKACgAoAKACgAoAKACgAoAKACgAoAKACgAoAKACgAoAKACgAoA/m8/4OxP+UJv7Q3/AGUX9nn/ANXT4OoA9f8A+DZD/lBt+wl/2Bfjr/61D8bqAP3koAKACgAoAKACgAoAKACgAoAKACgAoAKACgAoAKACgAoAKACgAoAKACgAoAKACgAoAKACgAoAKACgAoAKACgD5J/b9/5MR/bW/wCzSf2j/wD1TvjKgD+UX/gyJ/5NI/bX/wCzjPBf/qs7WgD+3CgAoAKACgAoAKACgAoAKACgAoAKACgAoA/i2/4NF/8AkpX/AAWg/wCzs/BX/p//AGhKAP7SaAP/0f7+KACgAoAKACgAoAKACgAoAKACgAoA/nM/4Osv+UKn7Rn/AGOvwM/9Wz4XoA+0/wDghX/yh9/4J3f9mw/D3/0kloA/WCgAoAKACgAoAKACgAoAKACgAoAKACgAoAKACgAoAKACgAoAKACgAoAKACgAoAKACgAoAKACgAoAKACgAoAKAP5vP+DsT/lCb+0N/wBlF/Z5/wDV0+DqAPX/APg2Q/5QbfsJf9gX46/+tQ/G6gD95KACgAoAKACgAoAKACgAoAKACgAoAKACgAoAKACgAoAKACgAoAKACgAoAKACgAoAKACgAoAKACgAoAKACgAoA+Sf2/f+TEf21v8As0n9o/8A9U74yoA/lF/4Mif+TSP21/8As4zwX/6rO1oA/twoAKACgAoAKACgAoAKACgAoAKACgAoAKAP4tv+DRf/AJKV/wAFoP8As7PwV/6f/wBoSgD+0mgD/9L+/igAoAKACgAoAKACgAoAKACgAoAKAP5zP+DrL/lCp+0Z/wBjr8DP/Vs+F6APtP8A4IV/8off+Cd3/ZsPw9/9JJaAP1goAKACgAoAKACgAoAKACgAoAKACgAoAKACgAoAKACgAoAKACgAoAKACgAoAKACgAoAKACgAoAKACgAoAKACgD+bz/g7E/5Qm/tDf8AZRf2ef8A1dPg6gD1/wD4NkP+UG37CX/YF+Ov/rUPxuoA/eSgAoAKACgAoAKACgAoAKACgAoAKACgAoAKACgAoAKACgAoAKACgAoAKACgAoAKACgAoAKACgAoAKACgAoAKAPkn9v3/kxH9tb/ALNJ/aP/APVO+MqAP5Rf+DIn/k0j9tf/ALOM8F/+qztaAP7cKACgAoAKACgAoAKACgAoAKACgAoAKACgD+Lb/g0X/wCSlf8ABaD/ALOz8Ff+n/8AaEoA/tJoA//T/v4oAKACgAoAKACgAoAKACgAoAKACgD+cz/g6y/5QqftGf8AY6/Az/1bPhegD7T/AOCFf/KH3/gnd/2bD8Pf/SSWgD9YKACgAoAKACgAoAKACgAoAKACgAoAKACgAoAKACgAoAKACgAoAKACgAoAKACgAoAKACgAoAKACgAoAKACgAoA/m8/4OxP+UJv7Q3/AGUX9nn/ANXT4OoA9f8A+DZD/lBt+wl/2Bfjr/61D8bqAP3koAKACgAoAKACgAoAKACgAoAKACgAoAKACgAoAKACgAoAKACgAoAKACgAoAKACgAoAKACgAoAKACgAoAKACgD5J/b9/5MR/bW/wCzSf2j/wD1TvjKgD+UX/gyJ/5NI/bX/wCzjPBf/qs7WgD+3CgAoAKACgAoAKACgAoAKACgAoAKACgAoA/i2/4NF/8AkpX/AAWg/wCzs/BX/p//AGhKAP7SaAP/1P7+KACgAoAKACgAoAKACgAoAKACgAoA/nM/4Osv+UKn7Rn/AGOvwM/9Wz4XoA+0/wDghX/yh9/4J3f9mw/D3/0kloA/WCgAoAKACgAoAKACgAoAKACgAoAKACgAoAKACgAoAKACgAoAKACgAoAKACgAoAKACgAoAKACgAoAKACgAoAKAP5vP+DsT/lCb+0N/wBlF/Z5/wDV0+DqAPX/APg2Q/5QbfsJf9gX46/+tQ/G6gD95KACgAoAKACgAoAKACgAoAKACgAoAKACgAoAKACgAoAKACgAoAKACgAoAKACgAoAKACgAoAKACgAoAKACgAoA+Sf2/f+TEf21v8As0n9o/8A9U74yoA/lF/4Mif+TSP21/8As4zwX/6rO1oA/twoAKACgAoAKACgAoAKACgAoAKACgAoAKAP4tv+DRf/AJKV/wAFoP8As7PwV/6f/wBoSgD+0mgD/9X+/igAoAKACgAoAKACgAoAKACgAoAKAP5zP+DrL/lCp+0Z/wBjr8DP/Vs+F6APtP8A4IV/8off+Cd3/ZsPw9/9JJaAP1goAKACgAoAKACgAoAKACgAoAKACgAoAKACgAoAKACgAoAKACgAoAKACgAoAKACgAoAKACgAoAKACgAoAKACgD+bz/g7E/5Qm/tDf8AZRf2ef8A1dPg6gD1/wD4NkP+UG37CX/YF+Ov/rUPxuoA/eSgAoAKACgAoAKACgAoAKACgAoAKACgAoAKACgAoAKACgAoAKACgAoAKACgAoAKACgAoAKACgAoAKACgAoAKAPkn9v3/kxH9tb/ALNJ/aP/APVO+MqAP5Rf+DIn/k0j9tf/ALOM8F/+qztaAP7cKACgAoAKACgAoAKACgAoAKACgAoAKACgD+Lb/g0X/wCSlf8ABaD/ALOz8Ff+n/8AaEoA/tJoA//W/v4oAKACgAoAKACgAoAKACgAoAKACgD+cz/g6y/5QqftGf8AY6/Az/1bPhegD7T/AOCFf/KH3/gnd/2bD8Pf/SSWgD9YKACgAoAKACgAoAKACgAoAKACgAoAKACgAoAKACgAoAKACgAoAKACgAoAKACgAoAKACgAoAKACgAoAKACgAoA/m8/4OxP+UJv7Q3/AGUX9nn/ANXT4OoA9f8A+DZD/lBt+wl/2Bfjr/61D8bqAP3koAKACgAoAKACgAoAKACgAoAKACgAoAKACgAoAKACgAoAKACgAoAKACgAoAKACgAoAKACgAoAKACgAoAKACgD5J/b9/5MR/bW/wCzSf2j/wD1TvjKgD+UX/gyJ/5NI/bX/wCzjPBf/qs7WgD+3CgAoAKACgAoAKACgAoAKACgAoAKACgAoA/i2/4NF/8AkpX/AAWg/wCzs/BX/p//AGhKAP7SaAP/1/7+KACgAoAKACgAoAKACgAoAKACgAoA/nM/4Osv+UKn7Rn/AGOvwM/9Wz4XoA+0/wDghX/yh9/4J3f9mw/D3/0kloA/WCgAoAKACgAoAKACgAoAKACgAoAKACgAoAKACgAoAKACgAoAKACgAoAKACgAoAKACgAoAKACgAoAKACgAoAKAP5vP+DsT/lCb+0N/wBlF/Z5/wDV0+DqAPX/APg2Q/5QbfsJf9gX46/+tQ/G6gD95KACgAoAKACgAoAKACgAoAKACgAoAKACgAoAKACgAoAKACgAoAKACgAoAKACgAoAKACgAoAKACgAoAKACgAoA+Sf2/f+TEf21v8As0n9o/8A9U74yoA/lF/4Mif+TSP21/8As4zwX/6rO1oA/twoAKACgAoAKACgAoAKACgAoAKACgAoAKAP4tv+DRf/AJKV/wAFoP8As7PwV/6f/wBoSgD+0mgD/9D+/igAoAKACgAoAKACgAoAKACgAoAKAP5zP+DrL/lCp+0Z/wBjr8DP/Vs+F6APtP8A4IV/8off+Cd3/ZsPw9/9JJaAP1goAKACgAoAKACgAoAKACgAoAKACgAoAKACgAoAKACgAoAKACgAoAKACgAoAKACgAoAKACgAoAKACgAoAKACgD+bz/g7E/5Qm/tDf8AZRf2ef8A1dPg6gD1/wD4NkP+UG37CX/YF+Ov/rUPxuoA/eSgAoAKACgAoAKACgAoAKACgAoAKACgAoAKACgAoAKACgAoAKACgAoAKACgAoAKACgAoAKACgAoAKACgAoAKAPkn9v3/kxH9tb/ALNJ/aP/APVO+MqAP5Rf+DIn/k0j9tf/ALOM8F/+qztaAP7cKACgAoAKACgAoAKACgAoAKACgAoAKACgD+Lb/g0X/wCSlf8ABaD/ALOz8Ff+n/8AaEoA/tJoA//R/v4oAKACgAoAKACgAoAKACgAoAKACgD+cz/g6y/5QqftGf8AY6/Az/1bPhegD7T/AOCFf/KH3/gnd/2bD8Pf/SSWgD9YKACgAoAKACgAoAKACgAoAKACgAoAKACgAoAKACgAoAKACgAoAKACgAoAKACgAoAKACgAoAKACgAoAKACgAoA/m8/4OxP+UJv7Q3/AGUX9nn/ANXT4OoA9f8A+DZD/lBt+wl/2Bfjr/61D8bqAP3koAKACgAoAKACgAoAKACgAoAKACgAoAKACgAoAKACgAoAKACgAoAKACgAoAKACgAoAKACgAoAKACgAoAKACgD5J/b9/5MR/bW/wCzSf2j/wD1TvjKgD+UX/gyJ/5NI/bX/wCzjPBf/qs7WgD+3CgAoAKACgAoAKACgAoAKACgAoAKACgAoA/i2/4NF/8AkpX/AAWg/wCzs/BX/p//AGhKAP7SaAP/0v7+KACgAoAKACgAoAKACgAoAKACgAoA/nM/4Osv+UKn7Rn/AGOvwM/9Wz4XoA+0/wDghX/yh9/4J3f9mw/D3/0kloA/WCgAoAKACgAoAKACgAoAKACgAoAKACgAoAKACgAoAKACgAoAKACgAoAKACgAoAKACgAoAKACgAoAKACgAoAKAP5vP+DsT/lCb+0N/wBlF/Z5/wDV0+DqAPX/APg2Q/5QbfsJf9gX46/+tQ/G6gD95KACgAoAKACgAoAKACgAoAKACgAoAKACgAoAKACgAoAKACgAoAKACgAoAKACgAoAKACgAoAKACgAoAKACgAoA+Sf2/f+TEf21v8As0n9o/8A9U74yoA/lF/4Mif+TSP21/8As4zwX/6rO1oA/twoAKACgAoAKACgAoAKACgAoAKACgAoAKAP4tv+DRf/AJKV/wAFoP8As7PwV/6f/wBoSgD+0mgD/9P+/igAoAKACgAoAKACgAoAKACgAoAKAP5zP+DrL/lCp+0Z/wBjr8DP/Vs+F6APtP8A4IV/8off+Cd3/ZsPw9/9JJaAP1goAKACgAoAKACgAoAKACgAoAKACgAoAKACgAoAKACgAoAKACgAoAKACgAoAKACgAoAKACgAoAKACgAoAKACgD+bz/g7E/5Qm/tDf8AZRf2ef8A1dPg6gD1/wD4NkP+UG37CX/YF+Ov/rUPxuoA/eSgAoAKACgAoAKACgAoAKACgAoAKACgAoAKACgAoAKACgAoAKACgAoAKACgAoAKACgAoAKACgAoAKACgAoAKAPkn9v3/kxH9tb/ALNJ/aP/APVO+MqAP5Rf+DIn/k0j9tf/ALOM8F/+qztaAP7cKACgAoAKACgAoAKACgAoAKACgAoAKACgD+Lb/g0X/wCSlf8ABaD/ALOz8Ff+n/8AaEoA/tJoA//U/v4oAKACgAoAKACgAoAKACgAoAKACgD+cz/g6y/5QqftGf8AY6/Az/1bPhegD7T/AOCFf/KH3/gnd/2bD8Pf/SSWgD9YKACgAoAKACgAoAKACgAoAKACgAoAKACgAoAKACgAoAKACgAoAKACgAoAKACgAoAKACgAoAKACgAoAKACgAoA/m8/4OxP+UJv7Q3/AGUX9nn/ANXT4OoA9f8A+DZD/lBt+wl/2Bfjr/61D8bqAP3koAKACgAoAKACgAoAKACgAoAKACgAoAKACgAoAKACgAoAKACgAoAKACgAoAKACgAoAKACgAoAKACgAoAKACgD5J/b9/5MR/bW/wCzSf2j/wD1TvjKgD+UX/gyJ/5NI/bX/wCzjPBf/qs7WgD+3CgAoAKACgAoAKACgAoAKACgAoAKACgAoA/i2/4NF/8AkpX/AAWg/wCzs/BX/p//AGhKAP7SaAP/1f7+KACgAoAKACgAoAKACgAoA/nO/wCCz3/Bwd8L/wDgmR4q8NfszfBj4eJ+03+3D4+j0M6R8JrXVZrDwn8OYPFc1rbeEbr4l6jpcdxrF14h8WyXltceE/hzoKW+t6xpbx6xq+s+FNL1Lwzd+IQD5p/bS/4Kff8ABbX/AIJM/C34M/tVftwfBT9hD9oL9n7x94o0Pwj8YvA37M1v8afhx8SvgV4t8TaddanpGhQeNfG/jf4heF/EWkPb6dqenjxA/hjULG58V2sWhNqWn2OqaJrGpAH9CX7EH7bXwA/4KEfs5eBv2n/2bfFEniP4eeNI7i1ubDUobew8WeCPFemeVH4h8B+O9Egur0aF4u8PTyxLfWS3d3ZXtlc6dr2h6hqvh3WNI1e/APyB/wCDrL/lCp+0Z/2OvwM/9Wz4XoA+0/8AghX/AMoff+Cd3/ZsPw9/9JJaAP1goAKACgAoAKACgAoAKACgAoAKACgAoAKACgAoAKACgAoAKACgAoAKACgAoAKACgAoAKACgAoAKACgAoAKACgD+bz/AIOxP+UJv7Q3/ZRf2ef/AFdPg6gD1/8A4NkP+UG37CX/AGBfjr/61D8bqAP3koAKACgAoAKACgAoAKACgAoAKACgAoAKACgAoAKACgAoAKACgAoAKACgAoAKACgAoAKACgAoAKACgAoAKACgD5J/b9/5MR/bW/7NJ/aP/wDVO+MqAP5Rf+DIn/k0j9tf/s4zwX/6rO1oA/twoAKACgAoAKACgAoAKACgAoAKACgAoAKAP4tv+DRf/kpX/BaD/s7PwV/6f/2hKAP7SaAP/9b+/igAoAKACgAoAKACgAoA8f8A2hPjN4c/Zz+Anxs/aB8YRyz+FPgd8JfiL8XfElvBLHDcXWifDjwjq/i/U7S1ll/drd3dno81ta7wQbiWJdrEhWAP8d39gz4peO/2zv8AguD+x78Z/jhq83i3x18bP+Ch/wACfiP47vL1pbiC9urn41+GPEU2jW0M8sn2bw9p9lZw+H9G0mNhaaV4ftLLSrKKKztLeFQD/SG/4OhfDdl4i/4IdftqtdQpJc+H1+AXiTS5mQO1pe6d+0x8HYppoum15dKutSsWcHKw3kv3uVYA/kN/4M4f23vEXwf/AG9PGH7FmtazdS/DL9rfwF4i1nw5oMsu600343fB/Qb7xrp2t2aylo7H+2fhdpXxB0jWxarFNrV1p3g5bqSYaJZRoAf1d/8AB1l/yhU/aM/7HX4Gf+rZ8L0AfYP/AAQw1rR4P+CQX/BPGGfVdNhlj/Zj+HyyRS39tHIjC0myrozhlYdwwyO+KAP1c/t/Qv8AoNaT/wCDK0/+OUAH9v6F/wBBrSf/AAZWn/xygA/t/Qv+g1pP/gytP/jlAB/b+hf9BrSf/Blaf/HKAD+39C/6DWk/+DK0/wDjlAB/b+hf9BrSf/Blaf8AxygA/t/Qv+g1pP8A4MrT/wCOUAH9v6F/0GtJ/wDBlaf/ABygA/t/Qv8AoNaT/wCDK0/+OUAH9v6F/wBBrSf/AAZWn/xygA/t/Qv+g1pP/gytP/jlAB/b+hf9BrSf/Blaf/HKAD+39C/6DWk/+DK0/wDjlAB/b+hf9BrSf/Blaf8AxygA/t/Qv+g1pP8A4MrT/wCOUAH9v6F/0GtJ/wDBlaf/ABygA/t/Qv8AoNaT/wCDK0/+OUAH9v6F/wBBrSf/AAZWn/xygA/t/Qv+g1pP/gytP/jlAB/b+hf9BrSf/Blaf/HKAD+39C/6DWk/+DK0/wDjlAB/b+hf9BrSf/Blaf8AxygA/t/Qv+g1pP8A4MrT/wCOUAH9v6F/0GtJ/wDBlaf/ABygA/t/Qv8AoNaT/wCDK0/+OUAH9v6F/wBBrSf/AAZWn/xygA/t/Qv+g1pP/gytP/jlAB/b+hf9BrSf/Blaf/HKAD+39C/6DWk/+DK0/wDjlAB/b+hf9BrSf/Blaf8AxygA/t/Qv+g1pP8A4MrT/wCOUAH9v6F/0GtJ/wDBlaf/ABygA/t/Qv8AoNaT/wCDK0/+OUAH9v6F/wBBrSf/AAZWn/xygA/t/Qv+g1pP/gytP/jlAB/b+hf9BrSf/Blaf/HKAP5wv+DrzVtKu/8Agil+0JBa6np9zM3xE/Z6KwwXtvNKwX40eD2YrHG5YhVBYkA4AycAEqAevf8ABstrGk23/BDv9hWC51TTreaPRfjoHhnvraKVN37UHxsYb43cMuVZWGRyrAjINAH7v/2/oX/Qa0n/AMGVp/8AHKAD+39C/wCg1pP/AIMrT/45QAf2/oX/AEGtJ/8ABlaf/HKAD+39C/6DWk/+DK0/+OUAH9v6F/0GtJ/8GVp/8coAP7f0L/oNaT/4MrT/AOOUAH9v6F/0GtJ/8GVp/wDHKAD+39C/6DWk/wDgytP/AI5QAf2/oX/Qa0n/AMGVp/8AHKAD+39C/wCg1pP/AIMrT/45QAf2/oX/AEGtJ/8ABlaf/HKAD+39C/6DWk/+DK0/+OUAH9v6F/0GtJ/8GVp/8coAP7f0L/oNaT/4MrT/AOOUAH9v6F/0GtJ/8GVp/wDHKAD+39C/6DWk/wDgytP/AI5QAf2/oX/Qa0n/AMGVp/8AHKAD+39C/wCg1pP/AIMrT/45QAf2/oX/AEGtJ/8ABlaf/HKAD+39C/6DWk/+DK0/+OUAH9v6F/0GtJ/8GVp/8coAP7f0L/oNaT/4MrT/AOOUAH9v6F/0GtJ/8GVp/wDHKAD+39C/6DWk/wDgytP/AI5QAf2/oX/Qa0n/AMGVp/8AHKAD+39C/wCg1pP/AIMrT/45QAf2/oX/AEGtJ/8ABlaf/HKAD+39C/6DWk/+DK0/+OUAH9v6F/0GtJ/8GVp/8coAP7f0L/oNaT/4MrT/AOOUAH9v6F/0GtJ/8GVp/wDHKAD+39C/6DWk/wDgytP/AI5QAf2/oX/Qa0n/AMGVp/8AHKAD+39C/wCg1pP/AIMrT/45QAf2/oX/AEGtJ/8ABlaf/HKAD+39C/6DWk/+DK0/+OUAfJf7fWuaJJ+wp+2pGmr6W7v+yX+0ciImoWrM7N8HvGIVVUSZZmJACjkk4HUUAfymf8GSepadZfslftqJe39laO/7RXgtkS5uobdnUfDS1BZVlZSygjGQMZ44/iAP7Z/7f0L/AKDWk/8AgytP/jlAB/b+hf8AQa0n/wAGVp/8coAP7f0L/oNaT/4MrT/45QAf2/oX/Qa0n/wZWn/xygA/t/Qv+g1pP/gytP8A45QAf2/oX/Qa0n/wZWn/AMcoAP7f0L/oNaT/AODK0/8AjlAB/b+hf9BrSf8AwZWn/wAcoAP7f0L/AKDWk/8AgytP/jlAB/b+hf8AQa0n/wAGVp/8coAP7f0L/oNaT/4MrT/45QAf2/oX/Qa0n/wZWn/xygA/t/Qv+g1pP/gytP8A45QAf2/oX/Qa0n/wZWn/AMcoA/jL/wCDRVlb4k/8FnmUhlb9rLwUyspBVlOvftBkEEZBBGCCDgjkZoA/tKoA/9f+/igAoAKACgAoAKACgAoA/Gr/AIOEtev/AA3/AMEYf+Cgeoac1wtxcfBa30GQ2zOshsPFXjrwh4Y1RWKYP2d9M1i7S7U/I1q0yyZQsKAP8tj/AIIq/wDKW7/gnJ/2eF8C/wD1OtJoA/06P+Dlz/lB/wDt4/8AYq/CD/1oz4PUAf5qP/BBHWdS0L/gsb/wT0vdKM63U/7RHhzRpTbuY5P7N8Radq/h/WQzKQTA2kanfLcp0ktjLGwKswYA/wBXz/gqJ+wLov8AwU0/Yv8Aid+x/rnxL1b4Q2/xB1HwRq1r8QNH8N2Xi+fQ77wX4x0XxXELjwzfapoUesWeoxaVPpk8EWu6PcQG7jvorxvsrWl0Afyf6b/wY4/DiK6V9Y/4KNeNr6y2OGt9N/Zn0LSroyEfu2W8uvjVrMSop5eM2LM44WSPBagDo/8AiB7+Bf8A0f8A/Fn/AMMf4P8A/m6oAP8AiB7+Bf8A0f8A/Fn/AMMf4P8A/m6oAP8AiB7+Bf8A0f8A/Fn/AMMf4P8A/m6oAP8AiB7+Bf8A0f8A/Fn/AMMf4P8A/m6oAP8AiB7+Bf8A0f8A/Fn/AMMf4P8A/m6oAP8AiB7+Bf8A0f8A/Fn/AMMf4P8A/m6oAP8AiB7+Bf8A0f8A/Fn/AMMf4P8A/m6oAP8AiB7+Bf8A0f8A/Fn/AMMf4P8A/m6oAP8AiB7+Bf8A0f8A/Fn/AMMf4P8A/m6oAP8AiB7+Bf8A0f8A/Fn/AMMf4P8A/m6oAP8AiB7+Bf8A0f8A/Fn/AMMf4P8A/m6oAP8AiB7+Bf8A0f8A/Fn/AMMf4P8A/m6oAP8AiB7+Bf8A0f8A/Fn/AMMf4P8A/m6oAP8AiB7+Bf8A0f8A/Fn/AMMf4P8A/m6oAP8AiB7+Bf8A0f8A/Fn/AMMf4P8A/m6oAP8AiB7+Bf8A0f8A/Fn/AMMf4P8A/m6oAP8AiB7+Bf8A0f8A/Fn/AMMf4P8A/m6oAP8AiB7+Bf8A0f8A/Fn/AMMf4P8A/m6oAP8AiB7+Bf8A0f8A/Fn/AMMf4P8A/m6oAP8AiB7+Bf8A0f8A/Fn/AMMf4P8A/m6oAP8AiB7+Bf8A0f8A/Fn/AMMf4P8A/m6oAP8AiB7+Bf8A0f8A/Fn/AMMf4P8A/m6oAP8AiB7+Bf8A0f8A/Fn/AMMf4P8A/m6oAP8AiB7+Bf8A0f8A/Fn/AMMf4P8A/m6oAP8AiB7+Bf8A0f8A/Fn/AMMf4P8A/m6oAP8AiB7+Bf8A0f8A/Fn/AMMf4P8A/m6oAP8AiB7+Bf8A0f8A/Fn/AMMf4P8A/m6oAP8AiB7+Bf8A0f8A/Fn/AMMf4P8A/m6oAP8AiB7+Bf8A0f8A/Fn/AMMf4P8A/m6oAP8AiB7+Bf8A0f8A/Fn/AMMf4P8A/m6oAP8AiB7+Bf8A0f8A/Fn/AMMf4P8A/m6oAP8AiB7+Bf8A0f8A/Fn/AMMf4P8A/m6oAP8AiB7+Bf8A0f8A/Fn/AMMf4P8A/m6oAP8AiB7+Bf8A0f8A/Fn/AMMf4P8A/m6oAP8AiB7+Bf8A0f8A/Fn/AMMf4P8A/m6oAP8AiB7+Bf8A0f8A/Fn/AMMf4P8A/m6oAD/wY9/AvHH7f/xZz2z8D/B+P/U6H8/yoAB/wY9/Avv+3/8AFnPt8D/B/wD83R/n+dAB/wAQPfwL/wCj/wD4s/8Ahj/B/wD83VAB/wAQPfwL/wCj/wD4s/8Ahj/B/wD83VAB/wAQPfwL/wCj/wD4s/8Ahj/B/wD83VAB/wAQPfwL/wCj/wD4s/8Ahj/B/wD83VAB/wAQPfwL/wCj/wD4s/8Ahj/B/wD83VAB/wAQPfwL/wCj/wD4s/8Ahj/B/wD83VAB/wAQPfwL/wCj/wD4s/8Ahj/B/wD83VAB/wAQPfwL/wCj/wD4s/8Ahj/B/wD83VAB/wAQPfwL/wCj/wD4s/8Ahj/B/wD83VAB/wAQPfwL/wCj/wD4s/8Ahj/B/wD83VAB/wAQPfwL/wCj/wD4s/8Ahj/B/wD83VAB/wAQPfwL/wCj/wD4s/8Ahj/B/wD83VAB/wAQPfwL/wCj/wD4s/8Ahj/B/wD83VAB/wAQPfwL/wCj/wD4s/8Ahj/B/wD83VAB/wAQPfwL/wCj/wD4s/8Ahj/B/wD83VAB/wAQPfwL/wCj/wD4s/8Ahj/B/wD83VAB/wAQPfwL/wCj/wD4s/8Ahj/B/wD83VAB/wAQPfwL/wCj/wD4s/8Ahj/B/wD83VAB/wAQPfwL/wCj/wD4s/8Ahj/B/wD83VAB/wAQPfwL/wCj/wD4s/8Ahj/B/wD83VAB/wAQPfwL/wCj/wD4s/8Ahj/B/wD83VAB/wAQPfwL/wCj/wD4s/8Ahj/B/wD83VAB/wAQPfwL/wCj/wD4s/8Ahj/B/wD83VAB/wAQPfwL/wCj/wD4s/8Ahj/B/wD83VAB/wAQPfwL/wCj/wD4s/8Ahj/B/wD83VAB/wAQPfwL/wCj/wD4s/8Ahj/B/wD83VAB/wAQPfwL/wCj/wD4s/8Ahj/B/wD83VAB/wAQPfwL/wCj/wD4s/8Ahj/B/wD83VAB/wAQPfwL/wCj/wD4s/8Ahj/B/wD83VAB/wAQPfwL/wCj/wD4s/8Ahj/B/wD83VAB/wAQPfwL/wCj/wD4s/8Ahj/B/wD83VAB/wAQPfwL/wCj/wD4s/8Ahj/B/wD83VAB/wAQPfwL/wCj/wD4s/8Ahj/B/wD83VAB/wAQPfwL/wCj/wD4s/8Ahj/B/wD83VAB/wAQPfwL/wCj/wD4s/8Ahj/B/wD83VAB/wAQPfwL/wCj/wD4s/8Ahj/B/wD83VAB/wAQPfwL/wCj/wD4s/8Ahj/B/wD83VACD/gx7+Bnf9v/AOLGcnp8D/B447f8z0ecdfXrxnFAC/8AED38C/8Ao/8A+LP/AIY/wf8A/N1QAf8AED38C/8Ao/8A+LP/AIY/wf8A/N1QAf8AED38C/8Ao/8A+LP/AIY/wf8A/N1QAf8AED38C/8Ao/8A+LP/AIY/wf8A/N1QAf8AED38C/8Ao/8A+LP/AIY/wf8A/N1QAf8AED38C/8Ao/8A+LP/AIY/wf8A/N1QAf8AED38C/8Ao/8A+LP/AIY/wf8A/N1QAf8AED38C/8Ao/8A+LP/AIY/wf8A/N1QAf8AED38C/8Ao/8A+LP/AIY/wf8A/N1QAf8AED38C/8Ao/8A+LP/AIY/wf8A/N1QAf8AED38C/8Ao/8A+LP/AIY/wf8A/N1QAf8AED38C/8Ao/8A+LP/AIY/wf8A/N1QAf8AED38C/8Ao/8A+LP/AIY/wf8A/N1QAf8AED38C/8Ao/8A+LP/AIY/wf8A/N1QB+9v/BGH/giv4H/4I3eG/j94d8F/Hnxd8ck+PeufD3WtRuPFPgzRPBy+G2+H1h4tsbWGwg0nVtYe+bVB4tuHu5bq5jSEWFqlvApe4eUA/bagD//Q/v4oAKACgAoAKACgAoAKAPz3/wCCsXwM1j9pT/gml+3J8FPDdlLqXirxt+zT8VE8H6XBFJPNqvjTw/4ZvPFXg7SoYog0rS6n4n0PSrCMxpK6PcB1imZREwB/kh/8EXrmK1/4K1f8E4pZmCo37ZXwBtgSQP3t58RNCtIF5xy006KB1JbAySBQB/p0/wDBzLcR2v8AwQ7/AG75JThW8OfBa3H/AF0u/wBpb4M2kQ7dZZ0H+PSgD/Ps/wCDXn4Fat8bv+C0H7Ll3a2F1deH/gnZ/Ev46eM7q2QsNJ0rwf4A13RvDV9ctgrHbXHxM8U+AtHkd8AnVERSZHQUAf691ABQAUAFABQAUAFABQAUAFABQAUAFABQAUAFABQAUAFABQAUAFABQAUAFABQAUAFABQAUAFABQAUAFABQAUAFABQAUAFABQAUAFABQAUAFABQAUAFABQAUAFABQAUAFABQAUAFABQAUAFABQAUAFABQAUAFABQAUAFABQAUAFABQAUAFABQAUAFABQAUAFABQAUAFABQAUAFABQAUAFABQAUAFAH/9H+/igAoAKACgAoAKACgAoAKAP8x7/gsj/wSW+Kf/BIP/gpP8Mf+CmP7PXww8ReNv2JNM/ac+Gv7TmzwRpdzqrfALxd4Q+JXh74ieJvht4wit4Bb+HPBOq63YXR+GPiTUWtvDy6XqNp4I1K+j1fSIbjXAD9k/8Ag5B/4Ktfsm/tXf8ABMTwj+y/+xR8ZvCH7UXxg/bh+IfwftvD3wt+CWqxfEH4j6T4M8I+KtI+KE7+MPAvhhtR8T+EvEk/jHwt4P8ACdj4J8R6Vp/irUNZvtThstHn/wCEd1t7AA+yf+DZT/gjF4p/4Jofs/8Ai744/tG6Fb6T+1z+0vY6MuueGGmiu7v4NfCPTWXVPD3w1vp4Glt18Ya3rEreJ/iGlncz2trdWnhXw5k3vhW9u78A/bz4s/8ABRT9gP4C+OD8M/jb+2x+yl8JfiJFKkV54I+Ivx/+Fng/xVpbSBmibW9C13xRY6locM21hDcaxBYwTOpjikdwVoA+rPDPijw1418P6R4s8G+ItC8W+FfEFjDqeg+JfDOr6fr3h/W9NuV3W+oaRrOlXF3p2pWM6/NDd2dzNBKvKSECgDdoAKACgAoAKACgAoAKACgAoAKACgAoAKACgAoAKACgAoAKACgAoAKACgAoAKACgAoAKACgAoAKAPjb4s/8FFP2A/gL44Pwz+Nv7bH7KXwl+IkUqRXngj4i/H/4WeD/ABVpbSBmibW9C13xRY6locM21hDcaxBYwTOpjikdwVoA+rPDPijw1418P6R4s8G+ItC8W+FfEFjDqeg+JfDOr6fr3h/W9NuV3W+oaRrOlXF3p2pWM6/NDd2dzNBKvKSECgDdoAKACgD5f+OX7bf7G37MeoQaP+0Z+1b+zn8C9buorS4tdB+LXxo+HfgDX7u2vnMdrdWuheJ/EWl6tc2kxV2F1BaSW6xRTTvKkMMjoAes/C34xfCP45eFYfHXwU+Kfw4+MPgi4uZLODxj8LfHHhn4g+FZ7uGOGaa1h8Q+EtT1fSJLmKG4t5ZIEuzKkc8MjKElRmAPR6APMfiL8bfgz8H20hfi38XPhj8LW8Qi/bQF+Ivj7wr4JbW10s2Y1NtIHibVtLOpDTjqGni/NkJxZm+sxceX9pg3gHmf/Dav7G3/AEdr+zL/AOH5+Fn/AM1dAHZ+BP2jv2efilrv/CL/AAx+PPwY+I3ib7Fcal/wjvgT4o+CPF+u/wBnWjRJd3/9keH9d1G/+xWzXEC3F19n8iFpohJIplQMAez0AFABQAUAFABQAUAFABQAUAFABQAUAFABQAUAFABQAUAFABQAUAFABQAUAFABQAUAFAHxD4h/4KY/8E6PCXxCl+E3in9vH9j3w58S7a/Ok3fgjW/2kPhDpniOw1jzY4F0TUtMvPF0M+na5JNLHFBot+INUnd0ENm5ZQwB9r2t1a31rbX1jcwXlleQQ3VpeWs0dxa3VrcRrNb3NtcQs8U8E8TpLDNE7xyxurozKwNAE9ABQAjMqKzOwVVBZmYgKqgZLMTgAADJJOAOTjFAHzN/w2r+xt/0dr+zL/4fn4Wf/NXQAf8ADav7G3/R2v7Mv/h+fhZ/81dAH0B4d8SeHfGGhaV4o8Ja9ovijw1rtlDqWieIvDuqWOt6FrGnXC77e/0rV9NnurDULKdTuhurS4mglXlJGBBoA2qACgAoAKACgAoAKACgAoAKACgAoA//0v7+KACgAoAKACgAoAKACgAoAgurW1vrW5sr22gvLK8gmtbu0uoY7i1urW4jaK4trmCVXingnid4poZUeOSNmR1ZWYUAeT+CP2e/gH8MvEOoeLvhv8D/AIQfD7xZqyzJqvifwR8NPBfhTxDqaXHliddQ1rQdFsNSvFnEUQmW5uZRJ5ce/O1RQB/MZ/wdNf8ABZfxx/wT/wDgv4M/ZN/Zm8VXnhH9qD9pbw/qeva54/0af7N4h+D3wLhu73w7d694ZvEdLnR/HPxD1+11Pw54Q8R2ay3XhvTvDfjTV9Om0rxNB4Y1a1AOR/4Nj/8Agmh+yp8Rf+CR0fxo/aB+B3w7+Nvjz9uTxP8AGrUPiZ4o+KXhjS/GPie88C+HviH4p+FOmeF7LX9atbrWNFtJL/wXrHjYX2k3llq03iTxB/b737X1jpE9kAfzi/8ABJT/AIKd+Pv+CJ3/AAVP+Mn7DfxE8f63rP7DCftYfFX9nL4keHPE+p3F5o/wv1jwx8Uda+G+ifHzw1E7mHQL/SrrR9Pn+JQ0uBbXxX4LOpTXen6hrui+E7rSwD/U6oAKACgAoAKACgAoAKACgAoAKACgAoAKACgAoAKACgAoAKACgAoAKACgAoAKACgAoAKACgAoA/kt/wCDpr/gsv44/wCCf/wX8Gfsm/szeKrzwj+1B+0t4f1PXtc8f6NP9m8Q/B74Fw3d74du9e8M3iOlzo/jn4h6/a6n4c8IeI7NZbrw3p3hvxpq+nTaV4mg8MatagHI/wDBsf8A8E0P2VPiL/wSOj+NH7QPwO+Hfxt8eftyeJ/jVqHxM8UfFLwxpfjHxPeeBfD3xD8U/CnTPC9lr+tWt1rGi2kl/wCC9Y8bC+0m8stWm8SeIP7fe/a+sdInsgD+cX/gkp/wU78ff8ETv+Cp/wAZP2G/iJ4/1vWf2GE/aw+Kv7OXxI8OeJ9TuLzR/hfrHhj4o618N9E+PnhqJ3MOgX+lXWj6fP8AEoaXAtr4r8FnUprvT9Q13RfCd1pYB/qdUAFAH4ff8Fsf25f2k/2fPh18LP2Tf2AfAeo/Ez/goR+29f8AjDwT8CdN0ltMZvhZ4N8J6VaXfxO+OmsPq80Oh6XD4MsdY0u08Pap4rutN8K6frWoyeJdXur/AE7wlqOg6qAfwv8A7Wv/AAazf8FofCvgXx9+1N8RNX+F37Unjya11Lx78SdA8DfGDx98Tv2hNZmiIn1rUrpPHXgPw9H8QPEMdmst9JYeHfF/ifxBqkdq9lo1pquovZWNwAfj9/wTI/4KW/tBf8Evv2mvBXx5+DXiTXp/CkGuabF8Yfg6Nf1DT/BPxm8BB5LbWvDHifSkkk0uXVotNvL+fwb4lu9Pvb3wf4k+xa1YxyrDcWd2Af7ZPhzX9K8V+HtC8U6FdJfaH4l0bS9f0a9j/wBXeaVrNjBqOnXSdfkuLS5hlXno/egD/O3/AODkP9nz9uL/AIK0f8FQPGnwe/Yp+BXi748eCv8Agnz8IvhT8NPiGfDOr+E9O0nw58T/AI5WmtfF7UpjdeK/EWg213qOp+GJfCuhaja6U95Jps/gzytTWzmmhSUA/Br/AIhyv+C13/RgvxM/8LD4P/8AzxaAP7AP+DUf/gjp+0r+wj4s/ao/aQ/bN+DGp/B34p+KtB8J/Bb4RaBr+p+FtW1ZfAkt9/wm3xM1zzfDGt6/aw2Wva7pXw506wElza3Ql8MawJIZIZoXUA/tGoAKACgAoAKACgAoAKACgAoAKACgAoAKACgAoAKACgAoAKACgAoAKACgAoAKACgAoA/g5/4O0f8AgtP8R/hN4gh/4JjfsteN9X8Da5qXhTTPE/7Wfj/wrqE2leJotD8YWEGp+DfgjoutWU0OpaHBr3hq4g8X/Eaay8i41vwz4g8J+GotR/sXUvGOk6kAfp9/wTs/4IufsfePP+CCXwm+B/ir4FfDfWfiJ+1f+yho3xp8UfFTVfCWh3fxNtPi78aPAg+IPgLxTYeNJ7Fte0nUfhfJ4k8PaP4YtbK+t7Cy0/Q5bG5tbiHVteTUgD+cn/g1Q/4LQfEX4IftD+CP+Cbn7QfjfU/Ef7PHx01P/hFfgBc+KNQur6b4J/Ge9eWXw74O8O3N1LLNZeA/itqLv4aXwrEj2Gl/EPUfDuq6PDpMWt+MZ9SAP9L6gAoA/MH/AILPftL3f7Jf/BMD9sn4w6HcXEHjU/CLVfhn8MxY731Z/if8aruy+EPw/n0e1hzcXuo6V4n8bafrqWtujyG30q4lZRBDM6gH+Xv/AMQ5f/Ba7/owX4mf+Fh8Hx+h+IuR+NAHS+DP+Da//gs34m8YeFPDmtfsU+OvBuj+IPEuhaJq3i/WfFnwpm0fwrpmq6pa2F/4k1WKx+IE97Lpuh2txLqd9HZwTXT2trKtvFJMURgD/XZ+Dfwq8IfAn4RfC74JfD6x/szwJ8IPh54M+GPgzT8Jmz8L+BPDuneF9Bt3MaRo0semaXbLLIqL5koaQgFjuAPSKACgAoAKACgAoAKAOW8c/wDCbf8ACE+MP+FaHwsPiN/wi3iD/hAD45GrN4JHjb+ybv8A4RU+MF0Arrp8LDXfsH/CQDRWXVjpP2sacReGA0AfwN/8Ft/+CxX/AAcKf8Eyvit4L+F/xI8afsXeAtG+LvhPVfFvww+Jn7Mfwg1vxNo2pWeh6ouj+INFu4P2kLrxzd2Hi/w3LdaNeaxZSaLqGjGy8Q6JdWGpXRubuysAD9udL/4OBfBnhP8A4I+/siftr654MvvjL+17+1T4Vufhp8If2X/hrZ3eoeMPjR+034F1bUvh58Q49G8NeH9P1DW9I8B2HjPQLnxHrM+n6Vf3OlaNr3hzw7o8Wq6/4h8O22pAH5Cf8EXP+C6X/BYv9rf/AIK26R+yn+1Z8PrWT4YeKbH4m3fxV+FcXwAPwv1X9mKw8P8Ag3XvEXh3xAdRu7Kx8d6Rp8Xi/TvDngeeD4sa34ml1RPFC2NmzeJrnSJGAP7z6AP/0/7+KACgAoAKACgAoAKACgAoAKACgD/Ho/4OXvjVq3xr/wCC0P7Y1ze3VzLpHww13wT8FfCtjPO00ekaT8N/h94Z0rV7W0Bd1httQ8by+LvERgjCKl1rlyWQSs7MAf6KX/BtpEkP/BEf9gpIxhT4G+JcpA/vz/Hn4rTyH6tJIzH3PvQB/l4/8Fjokh/4Kw/8FIkjGFP7bP7Skp/35/iz4pnkP4ySMfxoA/1wP+CR3xr1j9on/gmL+wl8YPEl5c6l4o8V/sx/CiDxbqt5L513rHi7wv4YsvB/ivWriQsxabWfEWgalqkm5mZWuyrHcp3AH6J0AFABQAUAFABQAUAFABQAUAFABQAUAFABQAUAFABQAUAFABQAUAFABQAUAFABQAUAFABQB/j0f8HL3xq1b41/8Fof2xrm9urmXSPhhrvgn4K+FbGedpo9I0n4b/D7wzpWr2toC7rDbah43l8XeIjBGEVLrXLksglZ2YA/0Uv+DbSJIf8AgiP+wUkYwp8DfEuUgf35/jz8Vp5D9WkkZj7n3oA/y8f+Cx0SQ/8ABWH/AIKRJGMKf22f2lJT/vz/ABZ8UzyH8ZJGP40Af64H/BI7416x+0T/AMExf2EvjB4kvLnUvFHiv9mP4UQeLdVvJfOu9Y8XeF/DFl4P8V61cSFmLTaz4i0DUtUk3MzK12VY7lO4A/ROgDx5PgD8IF+PU/7TzeCLCf48T/Cu1+CKfEW7vNXvNUsPhXa+KbvxqfBujWN3qM+h6Fp9/wCKbw6zrVxoul2Go+ILm00ldcvdQg0TR4bIA9hoA/xNv2ufgcf2gP8Agrx+1F+z3+yf4dh8QR/FP9vz44/Df4JeH/Dtup0aW08QfHXxTpHhxdKTTYXhsfBunWsqXcF6sQtNJ8J2n9oXbJbWc8igH+zZ4C8O+G/2d/gL4L8J6rrsUPhD4GfCLw54d1HxNqO+CGLw38MvBtnpt5rt9vkuHhij0zRJNQut0s7xoH3SSld7AH+Vp+zt/wAHOf7af7IPxj/bF+IHwV+GP7OfjHRv2vP2qfiP+0p4s/4XV4N+IGu+LrN/Fs9vYeGvCFhr3gr4r+Bo7Tw54M8Ladp+l+H9MuLLUl0+WXUpDcXMdysSAH9BH7Ff/B6r8JfGviPw94M/bs/Zj1D4LWeozRWep/Gz4JeIdT+IPg3SppiFGo658KdW0uPxzpGg2pBe7n8N+KPiLrmxh9k8PXToysAf2zfDH4nfD340fD3wb8WPhR4x0D4gfDb4heHtN8V+CvGnhfUIdU0DxH4f1e3W5sNT02+gJSSKaJwHjYRz206y2t1DBcwzQoAd1QAUAFABQAUAFABQAUAFABQAUAFABQAUAFABQAUAFABQAUAFABQAUAFABQAUAFABQB/h0/8ABTL41at+0T/wUM/bW+NGsXVzdSePP2m/jLqGlC7na4lsPCtj451nRvBWiiZnkLQeH/B+m6HodoFbYlrp0McYSNUSgD/ZQ/4J2RJB/wAE/P2FoIxtjh/Y5/ZjijUdFSP4KeCEUD6KAKAP8RpPFviD4ZfGVfHXgrUp9D8VfD74mjxb4S1i0YpdaP4g8KeKv7Y0HUrZ1Ksk+n6jYWt1CyspWSJSCMA0Af7uHwt8c2nxP+GPw5+JdhAbWw+IfgTwh45srZnEjW9p4t8P6fr9tAzjIcww6gkZcHDFcjORQB3dAH8Xv/B4P+3Zq/7OPgr/AIJ+/BzwNH4e1rxfc/tI2P7W2teGvEtrPqnhvVNL/Zqn0xfAnh/xzo9rf6Zdar4O8X+NfGdxdXmmQX9nJqP/AAg1zGt9ZPDHIwB+S/wd/wCD2j9t7QdasD8ef2Sv2X/id4YiKpqFp8L734o/BzxRdx5XMsWveJfGHxo0SGcLuJVfCPku20BYgCzAH9ff/BKT/gvH+xR/wVjguvCPws1DXfhT+0RoWiT+IPE/7PHxNFnD4q/sazlht7/xD4F8Q6e8nh74h+G7Oa4iF3PpU1l4k0qGSK78ReE9DtbqznuAD9r6ACgAoAKACgAoAKACgAoA/i8/4PX/AIIHxZ+w7+yx8fbSyN1ffBj9pDUfAl9Oke6TTvDHxr8Aard6heySYwlo/iX4U+DdPkGcvd39iArAFkAPkj/gy5/Z8+E/xKtvj/8AtReOtY1bx18av2bdR0z4I/BPwz4huH1Hw58Cvh18VbPXPG/i3xP4Esbqe4h0jxF8UPEUvijR9Sv7G0sJ7PS9M8RW0N1cx+M9ciUA/v3EUayPMI0E0iRxyShFEjxxGVoo3cDcyRNNM0asSqGWUqAXYsAPoA//1P7+KACgAoAKACgAoAKACgAoAKACgD/F2/4Ly+GtQ8J/8Fif+Chul6kJhcXX7R/i7xLGJ/v/ANn+NLfTfGOklen7k6Vrtmbf/pgYsZwDQB/pkf8ABtz/AMoSf2Cf+xC+Iv8A6vP4pUAf5eP/AAWT/wCUsn/BSD/s9X9o7/1afiagD/VU/wCCBfhe/wDCH/BG/wD4J66TqME9vcXf7Pmh+KI47gMJGsPHGsa3400udd2T5F1pmv2lzakfKbaaIphCBQB+vdABQAUAFABQAUAFABQAUAFABQAUAFABQAUAFABQAUAFABQAUAFABQAUAFABQAUAFABQAUAf4u3/AAXl8Nah4T/4LE/8FDdL1ITC4uv2j/F3iWMT/f8A7P8AGlvpvjHSSvT9ydK12zNv/wBMDFjOAaAP9Mj/AINuf+UJP7BP/YhfEX/1efxSoA/y8f8Agsn/AMpZP+CkH/Z6v7R3/q0/E1AH+qp/wQL8L3/hD/gjf/wT10nUYJ7e4u/2fND8URx3AYSNYeONY1vxppc67snyLrTNftLm1I+U200RTCECgD9e6ACgD8Q/+C7f/BT+L/gnP+yTd6L8LDd+J/20v2nHvvg5+yR8NPDVrca14yvfG/iJLfRL34jWHh/TorrU7+1+HY1qxvNJtbexuz4g8e3/AIM8JrA0et3NxaAH54f8G53/AAb+f8O/NHtv2zf2v9MtNc/bh8f6JeDw34YubuLWbT9m7wp4os2TWNM+3o9xa6r8YfFVjdz2PjrxJa3N3baBpVxd+DfDt7PBfeKdT8RAH9RPxa+F/g743/Cz4kfBn4iWV/qXgD4s+BPFnw28cabpetax4b1DUvCHjfQr7w34k0+z8QeHr7TNd0W4vtG1K8tY9T0fUbHU7IzefZXdvcIkqgH8yfxg/wCDPH/gkr8QNGv7b4cyftGfAjXZI2bS9W8H/FkeMdPs7kZMX2/Rvih4e8ZzalYZIE9tb6xpN5KihYdTtnJloA/kt/4K4f8ABr/+1b/wTY+H2u/tDfC7x1YftY/s0eGIzeeOfE/h7wld+Dfid8K9LMjbtd8cfD4av4ntL7wXYK9vDqHjXwv4j1FbA/aNT8SeHPCuiw/2hQB+6n/Bkv8AtTeNvFfwp/bF/ZA8T6xNqXg/4Q+IPhz8ZPhTZXU09xNoMXxRPi/QviXo9i00jrZ6CdY8H+EdfstMtFitote8ReKtTZDdaxcSSgH91lABQAUAFABQAUAFABQAUAFABQAUAFABQAUAFABQAUAFABQAUAFABQAUAFABQAUAFAH+Dv8AtN+GtQ8F/tJftB+DtWEw1Xwn8cPix4a1IXH+vGoaF491/S7wT5wfOFxayiTI+/npQB/tjf8ABPL/AJMC/Yb/AOzPf2Z//VLeCqAP8PPx1/yO/jH/ALGrxD/6d7ygD/dS/ZT8L3/gf9l39m3wXqkE9rqfhD4B/B7wvqNtdBhc29/4f+Hnh3SbyC4DZYTw3FpJHMGO4SK2cnNAHvlAH5If8FA/+CIf/BPz/gpr8RtA+Lf7VvgDx74j+I3hbwHZfDXw74l8K/Frx54PTSPCOn654g8R2tha+HNN1d/CBuRrPijWbyfU5vD8mo3vnwQX1zdWtjZW9uAfzn/tbf8ABk58Ede07Wdd/Yj/AGr/AB/8OvEaWlzdaR8Pf2iNH0n4heDdT1MRN9m0ofEHwPpfg/xP4P0mSbYH1K68H/EnULZN+bW8LLsAP4sPE/gH9sr/AIIzft7+Dz4/8Lap8I/2lf2ZPiJ4W+I3h5JLp7jw94s03TtS+16bq2h65psq2XjH4Y/ELSrfUNEvp7G4ey1nRL3XfDesW9rfQ6zpFqAf7Z3hPxJp/jHwt4a8XaQxfSvFXh/RvEmmO2Nz6frmnW2p2TNjjLW11ETjjJ4oA6CgAoAKACgAoAKACgD8o/23f+C2P/BOX/gnd8bvAn7Pv7V/xvvfAPxG8d+GbTxolnpfw+8e+ONO8KeEtT1PVNG0XXvGd94M8P62dFtta1PRNXtrG0hgv9VSGxfU7+wsdHntNRnAP5wP+CzP7Q3iX/gu98PP2jvgV/wTw8ejxZ+xX/wT5+Avi39rL9o74zaJousjQfj78fvDXhzX9V+FP7Ovw9l1C20u61y30Pw1pXjDxlqGoW8F5oura5DaRxRrf6H4TvdcAPye/wCDO/8Abc+GX7M/7Zf7RHwR+MnxG8I/DDwT+0l8GdF1TQvEHjrxLpPhXw3efE74L+Iby/8AD2gS6vrt5YaXbX2o+CvHnxIvLHz7lHuptJFhAslzd28bAH+h1+x1+2f8Pf23/D3xQ+I3wY8P+Kbn4J+Dfiprnww+G/xq1OLToPA37QkXhKy0+28X+PvhE0V4+rav8PdH8bSa94GsfFd5p9ro/inUPDWoal4YvdV00vLAAfYVAH//1f7+KACgAoAKACgAoAKACgAoAKACgD/M3/4PJP2C/FPwr/bL8Eft6+HNDurn4V/tQeE/DXgXx5r9ta7rTQfjp8LvDyeHbHTtWuIh5dr/AMJh8KdD8M3XhsXP7/UrjwX4zMbNHpu1QD+tD/g1/wDF1j4t/wCCH/7FgtZ45LvwxD8c/COrwI257K+0f9oz4sm2gm/uyT6LdaRqKr2hvovWgD/N4/ae+Cnj3/goJ/wXD/al+CPwGsZPEXiv9on/AIKI/tEeHfBc9vGbuztdA1H43eNprnxlqTwtti8N+F/B9pfeMfEF6JRDYeH9K1C7aXy4C7AH+xx8Hfhd4X+B3wj+FnwV8Dwy23gv4P8Aw48D/C7whbzsrzweF/h/4Z0zwn4fhmdFRGli0nSLRJGVEVnUlVUHFAHo9ABQAUAFABQAUAFABQAUAFABQAUAFABQAUAFABQAUAFABQAUAFABQAUAFABQAUAFABQAUAf5m/8AweSfsF+KfhX+2X4I/b18OaHdXPwr/ag8J+GvAvjzX7a13Wmg/HT4XeHk8O2OnatcRDy7X/hMPhTofhm68Ni5/f6lceC/GZjZo9N2qAf1of8ABr/4usfFv/BD/wDYsFrPHJd+GIfjn4R1eBG3PZX2j/tGfFk20E392SfRbrSNRVe0N9F60Af5vH7T3wU8e/8ABQT/AILh/tS/BH4DWMniLxX+0T/wUR/aI8O+C57eM3dna6BqPxu8bTXPjLUnhbbF4b8L+D7S+8Y+IL0SiGw8P6VqF20vlwF2AP8AYc8CeEvh1+y3+z94N8C6feL4d+Ev7Onwc8O+ErK/1JmdNC+HXwi8FWej215ftbxFnXTPDXh5JrpoICzCCQxxElUoA/jC0r/g9o+Dd3+05D4S1L9jjxTpf7Jtx4tTw8PjGfiXHdfFmy8MPe/ZV+I178J4PBn9jSQrCUv7rwLZ+OZtVt7ASvbeIdQ1JU0iUA/qy/b3/wCCif7OH/BO/wDZS8SftafG7xRbzeDrfTLVfh14a0W7tX8T/GLxjrmnS3/hDwP4AtZmAv8AVPEUUZvJb4r/AGdoHh+31PxPrUttouk31xEAfwL/ALHX/Bw5+xBo/wC1n8R/+CkX/BQr4G/tKftB/tx+KL/U/DXwbtfBmifC2/8AgT+yF8E7Wa+tfDHw++A2neMfihousN4kutLvbybxb8Q9U0XTtau7vWNbh02K2udd8Y674zAP1m+JH/B7j+yRZeGNYk+EH7G37RniXxmLC4Hh+y+JGv8Aw08D+GG1RonFq2san4Y8TfELVY7CKfZJcJZaTJcTxK8Ucls7rMoB9s/sWf8ABTIfsI/8ELfDv/BT/wDb71f4g/En4hftSfGT4nfGm48IeG2fUdY1zxf8b/ip4stPhf8ADv4d23ifWodI8IeBNP8Ahp4R0nXtO06TUrXRvCnhGw1CPSrXVL+Gz0/VQD3z/gm5/wAHMH/BOj/goj4psfhSdd8Q/sv/AB01W5t7Hw58N/j9ceHNG0rx9f3O1Y7D4c/ETStYvvCmvaq88kNnaeG9dl8J+MNZvJfL8P8AhzVooppkAP26/aF8Y/CD4f8AwI+MfjT9oG/8Pab8DfDnw08a6l8W7rxWLd/Dh+HkXh+/XxZaavb3IaG+tNQ0Z7vT200pNJqb3SafBBPPcxwOAfyVf8Gb/wCwZ47+A/7Mvx6/bL+I3h3VfCsf7XWteCtH+DGia9FJBq8/wb+F7eK54PHTQyWtpINM8feJPF91DotzLEi6tpHg6x8R6bENF13Tbu9AP7NqACgAoAKACgAoAKACgAoAKACgAoAKACgAoAKACgAoAKACgAoAKACgAoAKACgAoAKAP8jj/g6B/YL8U/sb/wDBUT4ufEi30O6h+Df7ZGr6x+0P8NfEaWuzTLrxX4luYLr42eFnuYgLb+3NA+JGoajrtzYrtng8NeMvCV5OC2oh2AP9LT/gmb8TfDt//wAEpv2E/ind6hBFoGnfsI/s769r975ieTp3/CL/AAM8KjxVHNKzKgbSL3StTtblnZVWS0k3MACVAP8AJm/4JC/sSeKP+Ckf/BSL4C/A2y0K81TwVf8AxDsvil8d72GMvaeHfgh4M16x8Q/EW81G8KmKyOtWbQeCdDuZ1aOfxX4q8P2XlSveJGwB/sb/ALTn7RPw2/ZJ/Z8+MP7S/wAX72+sPht8E/AWv/EDxZJpdoL/AFi6sNDtGmi0jRLFpbeO813Xb42ui6JazXNrb3Gq6hZxXN3aQNLcRAH8j37D3/B4v8N/2m/2xfAH7PHxe/ZHvfgb8MvjN8QNI+G3w5+KmmfFj/hPdW8O+JPFesW3h/wQPiN4YfwJ4Zs4tI1/Vr6xtdZ1nQtamTwe92sstnrum293qtuAfaH7Xv8AwdcfsH/scftqePP2QPGvwr+PvjS0+EviYeBPil8X/AemeDrvQPDvje3NsmvaXpHhfW/FOi6/4k0vwjc3E2m+JdViOn3g1XTNVtvD2ieI7aKyvdQAP37/AGXf2t/2bf20/hVpHxr/AGXPjD4M+Mvw31fbENb8J6iZbvRtRMMc8mg+LfD17HZ+I/Bnia1ilikvPDXivStH120jliknsEilidwD+Qb/AIOb/wBlbTP+CkX/AAUq/wCCV37EPwJtLXWP2i9T0L4tan+0BrehwRXN78Jf2ada8U/DG40Lxt8RL2GzuTpuh6CNH+L2teGLXU7iIzare/2Zp9jdan430SK9AP7cNE0bTvDui6R4f0i3FppOhaXp+jaZaqSVttO0y0isrK3BYliIbaCKMEkkhcknOaANSgAoAKACgAoAKACgD+bv/grR/wAG1/7N/wDwVY/aP8MftP6/8cfib8CviDB4T0PwN8RLfwjoXh/xbo3j7QPC8l5/wj19a22vTWcvhTxVZWV++kXOrRT6zo99pdjpKnw1Bf215qOpAH66fsM/sC/s1f8ABPL9mzQP2Wf2cvBh0r4c6a2oah4lvfEc0OveKfiV4q1y2t7TxL4z+ImrSWttDr3iDxBBaWtpdIllZ6Np+kWen+HdC0nSfDul6bpNoAfz0w/8Gb//AATif9p/VPjLqnxG+Nt98DbzxXN4ts/2WbS90TRvC9p9pvJb+XwVL8RdOs4/Gz/DuKaUWVhpWnPo/i600WKKxfx1Pdg6lQB/V94J8E+D/hr4P8L/AA9+H3hnQ/BfgbwToOleFvCHhHwzptro/h7w14c0Oyh07R9E0XSrGKCz0/TdNsbeC1s7S3hjihhiREUAUAdRQB//1v7+KACgAoAKACgAoAKACgAoAKACgD52/at/ZU+Bf7a3wG8f/s2/tG+B7Dx98KviNpZ0/WNKuv3GoaZfQN5+j+J/DGrRo134f8WeG9QSHVfD2vWBS606/gjcebbvcW84B/Pt+yp/wR0/4Kj/APBMTwD8a/2cf+Cd37d/7O2t/s1fFnxFrnibwcv7WHwZ8eax8Xv2ftd8RaNaaLqHif4far8OPFdn4K8SeJPsthp088XiPw5Z+C9Q1zS7PxCvgzTZLnXNO1oA+rP+CPH/AAQN/Zx/4JPHxF8UH8W6r+0b+1p48sLnTfF/7QfjPQ7fRX0fSdSuRe6v4e+GnhdtS8QT+FNP1u7WGfxPrOo+I/EHijxPcQL9r1ez0lk0O3AP3moAKACgAoAKACgAoAKACgAoAKACgAoAKACgAoAKACgAoAKACgAoAKACgAoAKACgAoAKACgAoA+dv2rf2VPgX+2t8BvH/wCzb+0b4HsPH3wq+I2lnT9Y0q6/cahpl9A3n6P4n8MatGjXfh/xZ4b1BIdV8Pa9YFLrTr+CNx5tu9xbzgH8+37Kn/BHT/gqP/wTE8A/Gv8AZx/4J3ft3/s7a3+zV8WfEWueJvBy/tYfBnx5rHxe/Z+13xFo1pouoeJ/h9qvw48V2fgrxJ4k+y2GnTzxeI/Dln4L1DXNLs/EK+DNNkudc07WgD6s/wCCPH/BA39nH/gk8fEXxQfxbqv7Rv7WnjywudN8X/tB+M9Dt9FfR9J1K5F7q/h74aeF21LxBP4U0/W7tYZ/E+s6j4j8QeKPE9xAv2vV7PSWTQ7cA/cLxl4R8P8AxA8IeK/Afi3T01bwr428N654R8TaVK8kcWp+H/Eml3Wjazp8kkLxzRpe6de3Ns7xOkirIWjdXAagD+CHSv8AgyRv4P2nIbzVv2y9Evv2PoPFqau+lQeCdXt/2gL/AMGJefbP+EGmmEo8CWesS2YGgy/EG3vpYwS/iOHwFFIU8PIAfqv/AMFZv+DbT4o/8FUPj5o3xG1z/gpDf/CD4IfDXwf4c8CfAD9mu3/Zd/4Trwt8GfDum+HNC03xH/Z/iCL9ovwNH4i1vxj4g0mfXNU8RX3hWy1hdK/4R7wlNd3+k+EtHkQA/K7/AIgYv+sov/mk/wD+VrQAf8QMX/WUX/zSf/8AK1oA/rF+MP8AwSm/Zt/aB/4Jr+BP+CZPxcTWdW+Efw9+D3wl+GPhnxh4ZaLwx4w0DxB8G/C+keH/AAj8TfD3mNrNlYeJIrvSTqtzY6oNe0rUo9R1PSNci1nT9QvVuAD+QHxr/wAGPfxLi8U3Q+HP/BQLwNd+Cpb2d7GXxr8DNf03xTYaezbra3uoNC8farpOrXtuhEM95Dc6LBdsn2mOxshKLS3AP3L/AGSv+Dbfwx4E0bwRov7f37eH7V//AAUe8GfDy+0rWPBv7OfxU8eeOdB/ZG0bVdJb7Rpk2p/BHV/iD8Qf+EvXQ7sRHS7PU/Eth4WuoEmtda8H39jdPYxAH9L+n6fYaTYWOlaVY2mmaXplpbafpum6fbQ2Vhp9hZQpbWdjY2dskdvaWlpbxRwW1tBHHDBDGkUSKiKqgFugAoAKACgAoAKACgAoAKACgAoAKACgAoAKACgAoAKACgAoAKACgAoAKACgAoAKACgD4R/4KIf8E6P2af8Agpx+zzrH7O37S3hu7vNGku117wR468NyWOn/ABD+FnjK3hkgs/F/gPXL6w1O3sNRFvNNYanp9/Y3+ia/pNxcaXrOnXltInlAH4i/D/8A4I9/8FfPgX+xN41/4JhfCD/goV+zBf8A7Ini3TfGngTRPi/47+BHxRT9qf4Y/CH4halqM3i7wF4Mg0X4kyfD27ttS0/Wtbs7a71i8bVdBg1jUrLwxrGhw/8ACPS+GAD9Pv8Agkz/AMEcv2Xv+CRnwm1fwb8Gl1Lx78VvHo0+b4v/AB88ZWNhbeNPHk+mqzWOi6dY2PnWng7wFpFzNc3OieDtPu70xT3Ml7rus+I9XA1RQD7h/a3/AGZvh9+2V+zR8bf2W/im2ow+A/jj8Ptd8Ba7f6NLFDrOjf2pBu0zxFosk8c9sNY8N6xBp2v6Ut5BcWT6hptul7a3No09u4B/Gx+wr/wZxa5+z7+2d8Ofjj+0H+1Z4J+KPwT+CXxH0L4l+D/BfgXwP4i0Dxj8SdW8Fa5a694O07x3/bV9caN4M0Q6rYWF94nsdC1PxncarZW1xoFpf6cNROt2QB9x/wDBW3/g1R+Cf/BQ349+MP2qvgh8etU/Zn+M/wASbm01X4o6Hq/gv/hZHww8deI7e0jsJvFVpYQ+JPC+v+CfEWrW1vaPr89hf65oWqXdp9vj8OWGq6jq2p3oB8Nfsff8GhP7VX7N3j1/GWj/APBXT4ifs/reRR2fiG7/AGRfDPxD+H/jjxNpMckgGkzeMo/ip4Xi0+Lyri5eGW/8P+KLa2nlfbpkvmPJQB/V7+w3/wAE3f2Y/wDgn/ofisfBrR/Fniv4o/Ey7g1P4z/tHfGfxVe/E/8AaJ+NesW5Jg1H4k/E/WYo9Q1KK2JL2Wg6Ra6J4Xsbh57600SLUb2/vLoA+9aACgAoAKACgAoAKACgAoAKACgAoAKAP//X/v4oAKACgAoAKACgAoAKACgAoAKACgAoAKACgAoAKACgAoAKACgAoAKACgAoAKACgAoAKACgAoAKACgAoAKACgAoAKACgAoAKACgAoAKACgAoAKACgAoAKACgAoAKACgAoAKACgAoAKACgAoAKACgAoAKACgAoAKACgAoAKACgAoAKACgAoAKACgAoAKACgAoAKACgAoAKACgAoAKACgAoAKACgAoAKACgAoAKACgAoAKACgAoAKACgAoA//0P7+KACgAoAKACgAoAKACgAoAKACgAoAKACgAoAKACgAoAKACgAoAKACgAoAKACgAoAKACgAoAKACgAoAKACgAoAKACgAoAKACgAoAKACgAoAKACgAoAKACgAoAKACgAoAKACgAoAKACgAoAKACgAoAKACgAoAKACgAoAKACgAoAKACgAoAKACgAoAKACgAoAKACgAoAKACgAoAKACgAoAKACgAoAKACgAoAKACgAoAKACgAoAKACgAoAKAP/9k=</file>
<file name="om_pdr7.jpg" path="/" encoding="base64">/9j/4AAQSkZJRgABAQAAlgCWAAD/4QB0RXhpZgAATU0AKgAAAAgABAEaAAUAAAABAAAAPgEbAAUAAAABAAAARgEoAAMAAAABAAIAAIdpAAQAAAABAAAATgAAAAAAAACWAAAAAQAAAJYAAAABAAKgAgAEAAAAAQAAAsKgAwAEAAAAAQAAA0kAAAAA/+0AOFBob3Rvc2hvcCAzLjAAOEJJTQQEAAAAAAAAOEJJTQQlAAAAAAAQ1B2M2Y8AsgTpgAmY7PhCfv/iAkBJQ0NfUFJPRklMRQABAQAAAjBBREJFAhAAAG1udHJSR0IgWFlaIAfQAAgACwATADMAO2Fjc3BBUFBMAAAAAG5vbmUAAAAAAAAAAAAAAAAAAAAAAAD21gABAAAAANMtQURCRQAAAAAAAAAAAAAAAAAAAAAAAAAAAAAAAAAAAAAAAAAAAAAAAAAAAAAAAAAAAAAACmNwcnQAAAD8AAAAMmRlc2MAAAEwAAAAa3d0cHQAAAGcAAAAFGJrcHQAAAGwAAAAFHJUUkMAAAHEAAAADmdUUkMAAAHUAAAADmJUUkMAAAHkAAAADnJYWVoAAAH0AAAAFGdYWVoAAAIIAAAAFGJYWVoAAAIcAAAAFHRleHQAAAAAQ29weXJpZ2h0IDIwMDAgQWRvYmUgU3lzdGVtcyBJbmNvcnBvcmF0ZWQAAABkZXNjAAAAAAAAABFBZG9iZSBSR0IgKDE5OTgpAAAAAAAAAAAAAAAAAAAAAAAAAAAAAAAAAAAAAAAAAAAAAAAAAAAAAAAAAAAAAAAAAAAAAAAAAAAAAAAAAAAAAAAAAAAAAAAAAAAAAAAAAABYWVogAAAAAAAA81EAAQAAAAEWzFhZWiAAAAAAAAAAAAAAAAAAAAAAY3VydgAAAAAAAAABAjMAAGN1cnYAAAAAAAAAAQIzAABjdXJ2AAAAAAAAAAECMwAAWFlaIAAAAAAAAJwYAABPpQAABPxYWVogAAAAAAAANI0AAKAsAAAPlVhZWiAAAAAAAAAmMQAAEC8AAL6c/8AAEQgDSQLCAwERAAIRAQMRAf/EAB8AAAEFAQEBAQEBAAAAAAAAAAABAgMEBQYHCAkKC//EALUQAAIBAwMCBAMFBQQEAAABfQECAwAEEQUSITFBBhNRYQcicRQygZGhCCNCscEVUtHwJDNicoIJChYXGBkaJSYnKCkqNDU2Nzg5OkNERUZHSElKU1RVVldYWVpjZGVmZ2hpanN0dXZ3eHl6g4SFhoeIiYqSk5SVlpeYmZqio6Slpqeoqaqys7S1tre4ubrCw8TFxsfIycrS09TV1tfY2drh4uPk5ebn6Onq8fLz9PX29/j5+v/EAB8BAAMBAQEBAQEBAQEAAAAAAAABAgMEBQYHCAkKC//EALURAAIBAgQEAwQHBQQEAAECdwABAgMRBAUhMQYSQVEHYXETIjKBCBRCkaGxwQkjM1LwFWJy0QoWJDThJfEXGBkaJicoKSo1Njc4OTpDREVGR0hJSlNUVVZXWFlaY2RlZmdoaWpzdHV2d3h5eoKDhIWGh4iJipKTlJWWl5iZmqKjpKWmp6ipqrKztLW2t7i5usLDxMXGx8jJytLT1NXW19jZ2uLj5OXm5+jp6vLz9PX29/j5+v/bAEMAAQEBAQEBAQEBAQEBAQEBAQEBAQEBAQEBAQEBAQEBAQEBAQEBAQEBAQEBAQEBAQEBAQEBAQEBAQEBAQEBAQEBAf/bAEMBAQEBAQEBAQEBAQEBAQEBAQEBAQEBAQEBAQEBAQEBAQEBAQEBAQEBAQEBAQEBAQEBAQEBAQEBAQEBAQEBAQEBAf/dAAQAWf/aAAwDAQACEQMRAD8A/v4oAKACgAoAKACgAoAKACgAoAKACgAoAKACgAoAKACgAoAKACgAoAKACgAoAKACgAoAKACgAoAKACgAoAKACgAoAKACgAoAKACgAoAKACgAoAKACgAoAKACgAoAKACgAoAKACgAoAKACgAoAKACgAoAKACgAoAKACgAoAKACgAoAKACgAoAKACgAoAKACgAoAKACgAoAKACgAoAKAP/0P7+KACgAoAKACgAoAKACgAoAKACgAoAKACgAoAKACgAoAKACgAoAKACgAoAKACgAoAKACgAoAKACgAoAKACgAoAKACgAoAKACgAoAKACgAoAKACgAoAKACgAoAKACgAoAKACgAoAKACgAoAKACgAoAKACgAoAKACgAoAKACgAoAKACgAoAKACgAoAKACgAoAKACgAoAKACgAoAKACgD/9H+/igAoAKACgAoAKACgAoAKAKeo6jp+j6ffatq1/Z6XpemWlxf6lqWo3UFlp+n2NpE893e315cvHb2tpawI81xcTyRwwxI8kjqillAPwx+Lv8AwcZf8Ew/h7+0l8Gv2Tvh38Wr79pj4y/GX40/Df4JWsX7Pdlp3jP4f+Cdd+JPjXR/BOn6x4u+KV7rGjeBL7S9Lv8AVxLqdn4C1nxvr9t9nkgudHt3dHoA/dqgAoAKACgAoAKACgAoAKACgAoAKACgAoAKACgAoAKACgAoAKACgAoAKACgAoAKACgAoAKACgAoAKACgAoAKACgAoAKACgAoAKACgAoAKACgAoAKACgAoAKACgAoAKACgAoAKACgAoAKACgAoAKACgAoAKACgAoAKACgAoAKACgAoAKACgAoAKAP//S/v4oAKACgAoAKACgAoAKACgD+WH/AILQ/wDBIf4gftBfsO/tn/HT9oX/AIKKftc/FHxh8HPgx8Zfj18NvhB4bufh58H/ANk7SYvhP4Y1/wCI+i+DdS+BfhPwneXni24m0rQ38M/8Jv41+IXiDxZFdXEWsw6lbItzp10Af5w3/BMb/lJN/wAE9v8As+H9k7p/2XrwDQB/uL0AFABQAUAFABQAUAFABQAUAFABQAUAFABQAUAFABQAUAFABQAUAFABQAUAFABQAUAFABQAUAFABQAUAFABQAUAFABQAUAFABQAUAFABQAUAFABQAUAFABQAUAFABQAUAFABQAUAFABQAUAFABQAUAFABQAUAFABQAUAFABQAUAFABQAUAFABQB/9P+/igAoAKACgAoAKACgAoAKAPhP/gqP/yjL/4KLf8AZif7XP8A6z/8QaAP8dX/AIJi/wDKSf8A4J6/9nxfsm/+r68AUAf7i1AHxV/wUB/b0+CP/BNr9mjxP+1T+0DZeO9U+HnhfXvCnhufSfhroOm+I/GOpat4w1mDR9Ng0vTta1/wto3l25ln1C/n1LxBpsMVhZXIt3ur97OwugDzT9hn/gpR4O/4KBeFPAfxO+C/7N37TehfBL4kaJreteFvjl4/s/2f7f4dTtoF5d6Xf6LexeBv2g/HvjnTfEKazp9/okuk3ngmGbT9Ws7m01htNaJjQB+kFABQAUAFABQAUAFABQAUAFABQAUAFABQAUAFABQAUAFABQAUAFABQAUAFABQAUAFABQAUAFABQAUAFABQAUAFABQAUAFABQAUAFABQAUAFABQAUAFABQAUAFABQAUAFABQAUAFABQAUAFABQAUAFABQAUAFABQAUAFABQAUAFABQAUAf/9T+/igAoAKACgAoAKACgAoAKAPhP/gqP/yjL/4KLf8AZif7XP8A6z/8QaAP8dX/AIJi/wDKSf8A4J6/9nxfsm/+r68AUAf7i1AH8zP/AAduf8oafiZ/2Wj4If8AqTXFAH833/BKP9sf43f8G5n/AAUX8Xf8E5f27dfuYf2PfjbqOg+JtL8bCG/bwV4X1DxzY2cXw3/aY8GfbLfzU8E+KbGyg8EfGTT7GSUaDqGjXc17Pfav8MLqw1QA/wBKOGaG5hiuLeWOeCeOOaCeGRZYZoZVDxSxSoSkkciMrxyISrqQykgg0ASUAFABQAUAFABQAUAFABQAUAFABQAUAFABQAUAFABQAUAFABQAUAFABQAUAFABQAUAFABQAUAFABQAUAFABQAUAFABQAUAFABQAUAFABQAUAFABQAUAFABQAUAFABQAUAFABQAUAFABQAUAFABQAUAFABQAUAFABQAUAFABQAUAFAH/9X+/igAoAKACgAoAKACgAoAKAPzL/4LN/FXwV8Hf+CUv/BQjxT4613TNA07V/2Rvjz8O9Ek1S8is01bxv8AFL4beI/h34E8O2RkO641LX/FniXSNMs7WBJJpHuCwQRxu6AH+PZ+wT468OfC/wDbo/Yv+JnjDUbXR/CPw7/ax/Z08deKdXvp0trLSvDnhL4weDtf1vUby5f5Le1sdM0+6ubid/kihieRuFNAH+6FBPBdQQ3NtNFcW1xFHPb3EEiTQTwTIJIpoZYy0csUsbK8ciMyOjBlJUg0AfzPf8Hbn/KGn4mf9lo+CH/qTXFAHs//AAWx/wCCPXhf/grJ+wz4W0jwlbaDoH7WPwY8Jaf4s/Z48eajFbWi6ndPoNo+v/CDxVrH2eS5h8FfEOGGCOO48xY/DXjCx8OeJiJtOsta0vVwD8o/+DXD/gsR4o8VQXn/AASM/bY1HX/D37SnwIl13wn+z7d+PoLiw8R6/wCEPhzb3dn4o/Z/8TxX8EV/Z/ED4LxaFqTeH7fU2a71LwLZXmgOlnceAITrQB/a3QAUAFABQAUAFABQAUAFABQAUAFABQAUAFABQAUAFABQAUAFABQAUAFABQAUAFABQAUAFABQAUAFABQAUAFABQAUAFABQAUAFABQAUAFABQAUAFABQAUAFABQAUAFABQAUAFABQAUAFABQAUAFABQAUAFABQAUAFABQAUAFABQAUAf/W/v4oAKACgAoAKACgAoAKACgD8bPjV/wQC/4JS/tHeJNU8W/Hb9nr4h/FXXNX8Qaz4ouZfGf7YX7bOsafa63r93Pe6pc6Joc37RQ0Pw5bzTXEiQab4f03TNLsbXyrDT7O1sYILdADxT/iFy/4IUf9GM/+bM/tif8A0QVAH6Cfsgf8Exf2MP2DdZuta/ZY+HvxA+HTXfhCbwIdD1j9pH9pv4p+CrLwzNqmj6wbPR/h98X/AIx+PvAmhXsV7oWnfZNc0Xw5p+vWVkL3S7PU4dM1XVrO7APyT/4O3P8AlDT8TP8AstHwQ/8AUmuKAP6PPAv/ACJHg7/sVfD3/pos6AP4qf8Ag6F/4JH+N9C1zS/+Czv7DA1HwN8cfgPdeHPGP7RNj8P7d9P8R3MHgjUbK68KftL+Gf7Ks2nPi74d/Z7S3+JlxcCaG88D6Xpni24NnH4P8TS64Afuh/wQu/4K5+CP+Csn7I+l+ML+50/Rv2nfhBZ+H/B/7TfgG2RLWO18V3FpdR6R8SPDdoiRxjwP8UItI1HW9It4Vx4c1m28Q+D5XuxoFvqupAH7YUAFABQAUAFABQAUAFABQAUAFABQAUAFABQAUAFABQAUAFABQAUAFABQAUAFABQAUAFABQAUAFABQAUAFABQAUAFABQAUAFABQAUAFABQAUAFABQAUAFABQAUAFABQAUAFABQAUAFABQAUAFABQAUAFABQAUAFABQAUAFABQAUAf/9f+/igAoAKACgAoAKACgAoAKACgAoAKAP5mf+Dtz/lDT8TP+y0fBD/1JrigD+jzwL/yJHg7/sVfD3/pos6AN/UNPsNWsL3S9UsrTUtM1K0udP1HTtQtobywv7C8he3vLK9s7hJLe6tLq3lkgubadHhnhd4pUZGZaAP82v8A4KF/s3/HT/g2L/4KkeAP+Cgf7HmnX1/+xH8f/GGq6fffDmxkms/DdloesX1r4j+Jn7KPi26WwuNN0zTrm0tJ/FfwE125hnvtNtdAtZY7bWNS+GuuXmrgH+g1+yl+1H8Gv20f2fPhf+058AfEy+K/hV8WfDsev+HNQkh+yalYzRXE+na34b8QacXlbSvE/hXXbLUvDviPS2lmFjrOmXkEdxcwrFcOAfQtABQAUAFABQAUAFABQAUAFABQAUAFABQAUAFABQAUAFABQAUAFABQAUAFABQAUAFABQAUAFABQAUAFABQAUAFABQAUAFABQAUAFABQAUAFABQAUAFABQAUAFABQAUAFABQAUAFABQAUAFABQAUAFABQAUAFABQAUAFABQAUAf/9D+/igAoAKACgAoAKACgAoAKACgAoAKAP5mf+Dtz/lDT8TP+y0fBD/1JrigD+jzwL/yJHg7/sVfD3/pos6AOqoA+ZP2xv2SPgx+3P8As3fFP9l349+Ho9f+HXxT8OXWjXc0cNm2teFtaVDN4c8c+Ebu9truHSvGHg3WUtNf8Oak1tPHBqNlFHd291YTXdpcAH8BP/BMH9rT42/8G2P/AAUy+JH/AATM/bs8SXUn7HvxY8TWOp6T4/FtfReC/D2oeKvI0/4b/tQeD4byKWaDwT4u0/TIfBfxk0mwupx4d1HSbqa8utR1b4XXVhrIB/pGwzQ3MMVxbyxz288cc0E8MiSwzQyoHililQskkciMHjkRmR0YMpIINAElABQAUAFABQAUAFABQAUAFABQAUAFABQAUAFABQAUAFABQAUAFABQAUAFABQAUAFABQAUAFABQAUAFABQAUAFABQAUAFABQAUAFABQAUAFABQAUAFABQAUAFABQAUAFABQAUAFABQAUAFABQAUAFABQAUAFABQAUAFABQB//R/v4oAKACgAoAKACgAoAKACgAoAKACgD+Zn/g7c/5Q0/Ez/stHwQ/9Sa4oA/o88C/8iR4O/7FXw9/6aLOgDqqACgD8Kv+C9f/AAR78L/8FZP2ULjSPCVtoOgftY/BhNS8Wfs7+PNRit7RNSung36/8IPFWseRJcw+CviHFBBHHcb1j8NeMLHw54mYT6dZazpmqgH48f8ABrh/wWH8UeKYLz/gkX+2xqWv+Hf2k/gRNr3hP9n268fQXFh4k17wj8Obe7s/FP7P/ieK/ihv7T4gfBiLQtTbw9b6mXu9R8C2V7oDRWVx4AiOuAH9rlABQAUAFABQAUAFABQAUAFABQAUAFABQAUAFABQAUAFABQAUAFABQAUAFABQAUAFABQAUAFABQAUAFABQAUAFABQAUAFABQAUAFABQAUAFABQAUAFABQAUAFABQAUAFABQAUAFABQAUAFABQAUAFABQAUAFABQAUAFABQB//9L+/igAoAKACgAoAKACgAoAKACgAoAKAP5mf+Dtz/lDT8TP+y0fBD/1JrigD+jzwL/yJHg7/sVfD3/pos6AOqoAKACgD+ID/g6F/wCCR/jfQ9b0v/gs5+wwupeB/jn8B7rw54x/aJsvh/byWHiO6t/BGoWV14U/aW8M/wBlWhnPi74c/ZrO3+JdxP5sN34G0vTPFly1nH4P8Sza4Afud/wQt/4K5+CP+Csn7I+l+L9QutO0b9p74QWegeD/ANpzwDaxpax23iu4tLqPSPiT4btECIvgf4oRaTqOtaTbwrt8OazbeIfB8sl2NAt9V1QA/bGgAoAKACgAoAKACgAoAKACgAoAKACgAoAKACgAoAKACgAoAKACgAoAKACgAoAKACgAoAKACgAoAKACgAoAKACgAoAKACgAoAKACgAoAKACgAoAKACgAoAKACgAoAKACgAoAKACgAoAKACgAoAKACgAoAKACgAoAKACgD//0/7+KACgAoAKACgAoAKACgAoAKACgAoA/mZ/4O3P+UNPxM/7LR8EP/UmuKAP6PPAv/IkeDv+xV8Pf+mizoA6qgAoAKAKl/YWGq2F7peqWVpqWmalaXNhqOnX9tDeWF/YXkL293ZXtpcJJb3VpdW8kkFzbTxyQzwu8UqMjMrAH+bX/wAFDP2bvjp/wbGf8FSPAH/BQT9jvTb6/wD2I/j94v1XT774dWTzWnhqx0TWb608RfE39lHxbdLZT6dpem3VpaT+K/gJrtzBcX2mW2gWssVrq+pfDTXL3VwD/QZ/ZS/aj+DX7aX7Pfwv/ac+AHidfFnwq+LPh2PX/DuoPD9k1KwmiuJ9O1zw34h07zZm0rxP4V12y1Lw74k0tppvsOs6bewRT3MCxXE4B9DUAFABQAUAFABQAUAFABQAUAFABQAUAFABQAUAFABQAUAFABQAUAFABQAUAFABQAUAFABQAUAFABQAUAFABQAUAFABQAUAFABQAUAFABQAUAFABQAUAFABQAUAFABQAUAFABQAUAFABQAUAFABQAUAFABQAUAFABQB/9T+/igAoAKACgAoAKACgAoAKACgAoAKAP5mf+Dtz/lDT8TP+y0fBD/1JrigD+jzwL/yJHg7/sVfD3/pos6AOqoAKACgAoA+ZP2xv2SPgx+3P+zf8U/2Xfj34ej8QfDr4p+HLrRruWOG0bWvC2tKpn8OeOfCV3eWt3FpXjDwbrKWmv8AhzUjbzxwajZRR3dvd2E13Z3AB/AT/wAEwv2s/jb/AMG2H/BTP4kf8Ezf27PEl1J+x58WfE1jqelePxbX0Xgvw9f+KvI0/wCG37UPg+K8jklg8E+LdP0yHwX8ZdJsLmb/AIR7UNJupby71DVvhdc2GsgH+kZDNDcwxXFvLFcW9xFHNBPDIksM0MqB4pYpULJJFIjK8ciMyOjBlJBBoAloAKACgAoAKACgAoAKACgAoAKACgAoAKACgAoAKACgAoAKACgAoAKACgAoAKACgAoAKACgAoAKACgAoAKACgAoAKACgAoAKACgAoAKACgAoAKACgAoAKACgAoAKACgAoAKACgAoAKACgAoAKACgAoAKACgAoAKAP/V/v4oAKACgAoAKACgAoAKACgAoAKACgD+Zn/g7c/5Q0/Ez/stHwQ/9Sa4oA/o88C/8iR4O/7FXw9/6aLOgDqqACgAoAKACgD8K/8AgvX/AMEe/C//AAVk/ZQuNI8J22haB+1j8GI9S8Wfs7+PNQjt7RdSu3g36/8ACHxVq5t5LmHwV8Q4oIIkuPMWPw34vsvDnicibT7HWdL1cA/Hf/g1w/4LD+KPFEN5/wAEiv22NR17w7+0l8CJte8J/s+Xfj6C40/xJr3hL4dQXdn4o/Z+8TxX8cV/afED4MxaHqb+HbfUme71HwLZXugNHZXHgCA64Af2uUAFABQAUAFABQAUAFABQAUAFABQAUAFABQAUAFABQAUAFABQAUAFABQAUAFABQAUAFABQAUAFABQAUAFABQAUAFABQAUAFABQAUAFABQAUAFABQAUAFABQAUAFABQAUAFABQAUAFABQAUAFABQAUAFABQAUAFAH/9b+/igAoAKACgAoAKACgAoAKACgAoAKAP5mf+Dtz/lDT8TP+y0fBD/1JrigD+jzwL/yJHg7/sVfD3/pos6AOqoAKACgAoAKACgD+ID/AIOhv+CR3jbRNb0v/gs5+wwupeB/jl8CLrw54x/aJsvh/BJYeI7q38D6hZXXhT9pbwz/AGVa+efF3w5FtZ2/xKuJzLDeeBtL0zxZcGzj8HeJJdcAP3O/4IW/8FdPBP8AwVk/ZI0vxfqN1p2jftPfB+z0Dwf+034BtY47WO28VXFpcx6R8SfDdogRF8D/ABQi0nUda0m3hXHhzWrbxB4Pkku10C31XVAD9saACgAoAKACgAoAKACgAoAKACgAoAKACgAoAKACgAoAKACgAoAKACgAoAKACgAoAKACgAoAKACgAoAKACgAoAKACgAoAKACgAoAKACgAoAKACgAoAKACgAoAKACgAoAKACgAoAKACgAoAKACgAoAKACgAoAKAP/1/7+KACgAoAKACgAoAKACgAoAKACgAoA/mZ/4O3P+UNPxM/7LR8EP/UmuKAP6PPAv/IkeDv+xV8Pf+mizoA6qgAoAKACgAoAKAKl/YWOq2N7peqWVpqWmalaXNhqOnX9tDeWN/Y3kL293ZXtpcJJb3VpdW8kkFzbTxyQzwyPFKjIzKwB/m1/8FDf2bfjp/wbGf8ABUfwB/wUE/Y702+vv2I/j74v1XT774dWTzWnhqx0XWb218RfEz9lLxbdJZT6dpmm3VpaT+K/gJrt1BcXumW2gWskVrrGp/DXW73VQD/QZ/ZR/aj+DX7aX7Pfwv8A2nPgB4mXxX8K/iz4di1/w7fyRC11LT54559O1zw14h0/zJm0rxP4V12y1Lw74k0tpZRY6zpt5BFPcwLFcSgH0NQAUAFABQAUAFABQAUAFABQAUAFABQAUAFABQAUAFABQAUAFABQAUAFABQAUAFABQAUAFABQAUAFABQAUAFABQAUAFABQAUAFABQAUAFABQAUAFABQAUAFABQAUAFABQAUAFABQAUAFABQAUAFABQAUAFAH/9D+/igAoAKACgAoA/gQ/wCDiqT/AIL9+Kv+Cmfhn4c/sWSftw6R+zjrXg74eWn7P0v7Iut/FLwh4G1bX7rSLU/ETUvit4w+GF9o+iaZ4p0nxvLrkV1dfE/XNPsfDngG20PWIX07RL29v7oA/VH4M/Cb/g5y/YO+H/hTxHrPxf8A2ZP+CrPhuz0OwvPH37P/AI71q9+F/wAetFujbQ3Wq6L8K/j7qfh7QtI8aXdpMlxajxD8Vb7WJrzhNK8KSvcwC1AP1I/Yw/4K/fsuftceNLj4CeJLfxx+yd+2VoKJF4v/AGN/2pdBk+Fvxps7xY2aW48D2+s+RovxW8O3Qhub7SNY8CahqV/daFFFreq6DoNtdRJQB+q1ABQAUAFAH8zP/B25/wAoafiZ/wBlo+CH/qTXFAH9HngX/kSPB3/Yq+Hv/TRZ0AdVQAUAFABQAUAFABQB8y/ti/sk/Bj9ub9m/wCKX7L3x88Ox+IPhz8U/Dl1o15JHFaHWvC+sqpn8OeOPCV5eW13FpXjDwbrMdnr/hzUjbzRwajZRR3dveWE15ZXAB/AR/wTD/ay+Nv/AAbX/wDBTP4j/wDBM79uvxHdSfsd/FrxNY6npXxA+z30Xgvw9feKfI0/4bftQ+D4ruKWSDwV4s0/TYfBfxm0mxuZv+Eev9Iupb28v9W+F1zp+rgH+kZBPDcww3NtNFcW9xFHPBPBIksM8MqB4poZULJJFIjK8ciMyOjBlJBBoAloAKACgAoAKACgAoAKACgAoAKACgAoAKACgAoAKACgAoAKACgAoAKACgAoAKACgAoAKACgAoAKACgAoAKACgAoAKACgAoAKACgAoAKACgAoAKACgAoAKACgAoAKACgAoAKACgAoAKACgAoAKACgAoAKAP/0f7+KACgAoAKACgD+Wz/AIK+f8HPPww/4Jc/tC+LP2T9I/ZN+Jnxq+M3hXw54S8Q3eta9418NfC/4U3Fl448O2XiLRrzQddsrL4heLfEEVhDemw1e3uvB/hlf7Y0/UdOtL+S3jj1NwD+Vf8AaA/4PFf+CrPxSa9s/g/pn7PX7Muku0i6deeCPhq/xC8ZW0Lk7ft+s/GHWPHHhS/uYwcLNaeAdJhO3LWpb5qAPyb+IvxR/wCCxH/BWjxR4S8X+KNP/bB/bN17wbfzXXgfU/APwl8XeKtN8GX09zDPc3XhqD4WeDLbQPCxW6toLie40+206K2ktop5Hi+zo6gH9c3/AATX/wCCqX/BaH/gm/4B0PRf+Cwn7Gf7WHxF/Yt0mG0spv2qtb+H+ueJvjL+z3oplgto9b+LN5YnU9X8cfDvTnmi/tC98dpp/wAQNMhmmk03xH4raz0jwVKAf27/AAn+LPw0+O3w38G/F/4OeOPDfxJ+GHxB0O18R+DPG/hHU7fV/D/iDRrwERXVje2zuu+KVJrS9tJhFe6dqFvdadqFvbX9rcW8AB6FQAUAfzM/8Hbn/KGn4mf9lo+CH/qTXFAH9HngX/kSPB3/AGKvh7/00WdAHVUAFABQAUAFABQAUAFAH4Wf8F6v+CPfhb/grJ+yhc6P4UttC0D9rH4MR6l4s/Z28e6hHb2iajePb79f+EPirVzC9xD4J+IkVvbxLcF0Tw34vsfDnic+dp9jrGl6uAfjr/wa4/8ABYbxR4mhvP8AgkV+2xqOveHP2kvgRLr3hP8AZ8u/H0NzYeJNe8JfDqC7s/FH7P3ieK/ihvrXx/8ABmLQ9Sbw5BqRa61HwLY3vh8xWc/gGBtcAP7XaACgAoAKACgAoAKACgAoAKACgAoAKACgAoAKACgAoAKACgAoAKACgAoAKACgAoAKACgAoAKACgAoAKACgAoAKACgAoAKACgAoAKACgAoAKACgAoAKACgAoAKACgAoAKACgAoAKACgAoAKACgAoAKACgD/9L+/igAoAKACgAoA/me/wCCg3/Bvr8Of+ClX/BWfwP+1T+0ZLdS/sm+Hf2QtB8EeKfCHg3xfceGPHPjz49eE/ih4suND0zWJ7PTW1HT/h7L8OPFqzalq2hazpuvvrHhzTdLtbm1tru4uFAP1F/Z6/4JCf8ABMT9liGxHwQ/Yc/Z28M6npojWy8Wa78PtM+I3xAt/KxtKfEb4mf8Jj48JLBXkJ8R5lkVZJd7qrqAfovBBBaww21tDFb29vFHBBbwRpDDBDEgSKGGJAqRxRoAkcaKqIihVAAAoAS5tra9trizvLeG7tLuGW2urW5iSe2ubadGint7iCVWimhmiZo5YpFZJEZkdSpIYA/gN/4IZf8ABUT4c+Cf+C5H7Vv7Bn7NMFxpv/BPP9qn4u/G3Wv2bPASz/8AFL/DT4o/Dzw9q3i7VPGHw3sgot/C/wAOfi7pngnxq9h4Os7a0t7S1vPhrbxw6dPol7b6gAf38UAFAH8zP/B25/yhp+Jn/ZaPgh/6k1xQB/R54F/5Ejwd/wBir4e/9NFnQB1VABQAUAFABQAUAFABQAUAfxA/8HQ3/BI7xto2taX/AMFm/wBhhdS8EfHT4D3Xhzxj+0VZfD+CTT/El1beB7+yuvCn7S3hn+yrVrg+L/hwLazt/iVcS+bFeeBtL0zxZcfYo/B3iSbXAD9zP+CFv/BXTwT/AMFZP2SNM8X6jdado37T3wgs9A8H/tN+AbVEtY7fxVcWl1HpHxJ8N2aKiL4H+J8WlahrOk28KlfDmtW3iHwhJLdroFvquqAH7ZUAFABQAUAFABQAUAFABQAUAFABQAUAFABQAUAFABQAUAFABQAUAFABQAUAFABQAUAFABQAUAFABQAUAFABQAUAFABQAUAFABQAUAFABQAUAFABQAUAFABQAUAFABQAUAFABQAUAFABQAUAFABQAUAf/9P+/igAoAKACgAoAKACgAoAKAPwR/Yq/wCDcz/gn5+wn+2v4j/bl+EZ+K+r/EOa/wDHGofDLwP4x8R+Grv4a/BKb4i2eq6V4l/4QHStD8H6Brdx5Ph/Xtb8KeHf+Eq1/wAQpofhrU7i22XmrJb63AAfvdQAUAfzM/8AB25/yhp+Jn/ZaPgh/wCpNcUAf0eeBf8AkSPB3/Yq+Hv/AE0WdAHVUAFABQAUAFABQAUAFABQBUv7Cx1WxvdL1SytNS0zUrS5sNR06/tobyxv7G8he3u7K9tLhJLe6tLq3kkgubadHhnhd4pEZGZaAP8ANr/4KHfs2/HP/g2N/wCCo/gD/goN+xzpt9ffsR/HzxfqunX3w5spJ7Tw1YaNrN7a+IviZ+yl4tuUs59P0zTLu0tJvFnwE126gub3S7fQLSSK11nU/hprd7qoB/oM/so/tSfBr9tP9nv4X/tOfAHxMviv4V/Fnw7Fr/h2/kiFrqenzxzz6drnhrxDp3mzNpXijwrrtnqPh3xJpbTTCx1nTbyCKe5gWK4nAPoagAoAKACgAoAKACgAoAKACgAoAKACgAoAKACgAoAKACgAoAKACgAoAKACgAoAKACgAoAKACgAoAKACgAoAKACgAoAKACgAoAKACgAoAKACgAoAKACgAoAKACgAoAKACgAoAKACgAoAKACgAoAKAP/1P7+KACgAoAKACgAoAKACgAoAKACgAoA/mZ/4O3P+UNPxM/7LR8EP/UmuKAP6PPAv/IkeDv+xV8Pf+mizoA6qgAoAKACgAoAKACgAoAKACgD5l/bF/ZJ+DH7c37N/wAU/wBl74+eHY/EHw5+Kfhy60a8kjitDrXhfWUUz+HPHHhK7vLe6i0vxh4N1mO01/w5qRt544NRsoo7u3u7CW7s5wD+Af8A4Jh/tZfG3/g2v/4KafEf/gmf+3V4jupP2O/i14msdT0r4gfZ72LwX4fvfFPk6d8Nv2ofB8V3HLJb+C/Fmn6bD4M+M2kWNzN/wj1/pF1LeXmoat8LrjTtXAP9I2CeG5hhubaaK4t7iKOe3ngkSWGeGVBJFNDKhZJIpI2V45EZkdGDKSCDQBLQAUAFABQAUAFABQAUAFABQAUAFABQAUAFABQAUAFABQAUAFABQAUAFABQAUAFABQAUAFABQAUAFABQAUAFABQAUAFABQAUAFABQAUAFABQAUAFABQAUAFABQAUAFABQAUAFABQAUAFABQAUAf/9X+/igAoAKACgAoAKACgAoAKACgAoAKAP5mf+Dtz/lDT8TP+y0fBD/1JrigD+jzwL/yJHg7/sVfD3/pos6AOqoAKACgAoAKACgAoAKACgAoAKAPwt/4L1f8Ee/C3/BWT9k+50fwpbaFoH7WHwYj1PxZ+zt491CO3tE1G9e336/8IfFWrmFriDwV8RIre3iW5Mip4a8XWXh3xORNp9jrGl6yAfjp/wAGuP8AwWG8U+JYr3/gkT+2zqGveHP2kfgRNr3hL9ny78fQ3Fh4k13wn8Oobuz8U/s/eKIr+KG/tfH/AMGotE1J/DlvqJe61HwLY3vh9orKfwBbnXAD+12gAoAKACgAoAKACgAoAKACgAoAKACgAoAKACgAoAKACgAoAKACgAoAKACgAoAKACgAoAKACgAoAKACgAoAKACgAoAKACgAoAKACgAoAKACgAoAKACgAoAKACgAoAKACgAoAKACgAoAKACgAoA//9b+/igAoAKACgAoAKACgAoAKACgAoAKAP5mf+Dtz/lDT8TP+y0fBD/1JrigD+jzwL/yJHg7/sVfD3/pos6AOqoAKACgAoAKACgAoAKACgAoAKACgD+IL/g6G/4JG+NtH1nTP+CzX7DCan4I+OnwHuvDnjH9omy+H8Elh4ju7XwPf2V14U/aV8M/2Xamc+L/AIcC1s7f4k3EvmxXngbS9M8WXBs08HeI59cAP3K/4IWf8FdfBP8AwVk/ZI0zxdqVzpui/tP/AAftNB8H/tNeAbVI7VLfxTcWlzHo/wASvDdmgRF8D/E+LStQ1nSreJceHNbtfEPhCSS7XQLfVdUAP2zoAKACgAoAKACgAoAKACgAoAKACgAoAKACgAoAKACgAoAKACgAoAKACgAoAKACgAoAKACgAoAKACgAoAKACgAoAKACgAoAKACgAoAKACgAoAKACgAoAKACgAoAKACgAoAKACgAoAKACgAoA//X/v4oAKACgAoAKACgAoAKACgAoAKACgD+Zn/g7c/5Q0/Ez/stHwQ/9Sa4oA/o88C/8iR4O/7FXw9/6aLOgDqqACgAoAKACgAoAKACgAoAKACgAoAqX9hY6rY3umapZWmo6bqNpcWGo6df28N5Y39jeQvb3dle2lwklvdWl1bySQXFvPHJDPDI8UiMjMrAH+bZ/wAFD/2bPjn/AMGx3/BUfwB/wUH/AGONMvr79iT49+L9V06++HVnJPa+GbDR9avLbxD8Tf2UvFt0lnPp+maXeWlpN4s+Amu3UFze6XBoFrJFbaxqfwz1q91UA/0F/wBlD9qT4Nftp/s9/C/9pz4AeJl8V/Cv4s+HYtf8PX7xC11PT7iOefT9c8M+IdP82ZtK8UeFNds9R8O+JNLaaYWOs6beQRT3MCxXE4B9D0AFABQAUAFABQAUAFABQAUAFABQAUAFABQAUAFABQAUAFABQAUAFABQAUAFABQAUAFABQAUAFABQAUAFABQAUAFABQAUAFABQAUAFABQAUAFABQAUAFABQAUAFABQAUAFABQAUAFABQB//Q/v1lligikmmkSGGFHlllldY4ooo1LySSSMQqIigs7sQqqCSQATQB+Det/wDBwh+yh4t+OPjn9nz9jH4Hftaf8FG/HXwt0+81f4maz+xh8MvC/jf4ceENO024+y3rt498Z/EDwHpPiSae5WWz8PzeEE1/RPFWpRPpuga3e3myJwD6k/4J4/8ABYP9iL/gpmvirQv2fPG3iLw78XvACzv8Q/2d/jL4c/4V38cvBEVpenTL651LwlLqOrabrVhpmp7NM1vU/BniDxPpvh7VJ7TTNfutM1C+s7WcA/UOgAoA+Cv+CiP/AAUg/Zo/4Jf/AAT8PfHz9qXUfF9j4G8U/EjRvhVoUHgXw2PFniK+8W654e8VeKbWKPSDqGmYsIdG8G63cXl81ysds8dtCVaS6hVgD8XP+Iwf/gj3/wBBD9pr/wAMhD/82dAB/wARg/8AwR7/AOgh+01/4ZCH/wCbOgD9gf8AgnD/AMFQf2av+Cpnw6+IHxX/AGXLH4pnwJ8OPGtv8Pda1z4j+CE8GwX/AIsk0Oy8R3elaEE1nVzqMukaPq2i3erk/ZxaLrelgeabhvKAF/4KPf8ABUj9lH/glh8Ofh/8Tf2qtX8ZWei/E3xtceBPCOl+AfC48XeI7/VLLQr7xBqV++ltqelLDoml2lnBb39/9pcw3+r6PbiBxeF4gD8ff+Iwf/gj3/0EP2mv/DIQ/wDzZ0AfU37F3/ByD/wTp/b4/aQ+H37K/wCzvb/tC6x8VfiT/wAJHJokfiD4SRaH4csLLwn4X1nxfruqa/rh8VXcek6dZ6Nod8RcSQSGe9ez0+3jlvL23hcA8L/4O3P+UNPxM/7LR8EP/UmuKAP6PPAv/IkeDv8AsVfD3/pos6AOqoAKACgAoAKACgAoAKACgAoAKACgAoA+Zv2xP2Sfgx+3N+zh8Uv2Xvj54dj8Q/Dj4p+HLrRr2SOK1OteGNZRfP8ADvjjwleXdtdxaV4w8G61HZ6/4c1I280cGpWUSXdvd2E13Z3AB/AN/wAExP2sfjb/AMG13/BTT4j/APBND9unxHdSfsdfFvxPY6npXxANtew+DPD954oMOnfDb9qLwfFdrM9v4L8WafpsPgz4z6RYXM3/AAjt/o91JeXmo6t8LrjT9XAP9I2CeC6ghubaaK4t7iKOe3uIJEmgngmQSRTQyxlo5YpY2V45EZkdGDKSpBoAloAKACgAoAKACgAoAKACgAoAKACgAoAKACgAoAKACgAoAKACgAoAKACgAoAKACgAoAKACgAoAKACgAoAKACgAoAKACgAoAKACgAoAKACgAoAKACgAoAKACgAoAKACgAoAKACgAoAKAP/0fuj/g74/wCCmHiz9l39l34e/sU/BzxLN4e+I/7YNv4lu/ijrWkXk1rr3h/9nvwtNY6fquh281tJBcWA+LniO+Phqe8jkkjvvCPhjx/4euYfL1hZUAM3/gyn+F+h6B/wTu/aO+Laafbx+K/iT+11rfhPUNUSJBdXnhP4Z/Cb4YXXhmxmnA8x4dP17x/46nghYmOJtSnkjAaeUsAfy5/8Fo/id8Q/+Cbv/Bxn+0v8d/2ZtXbwH448B/F34WfHLw9cafvt9O1bU/in8Fvhv8Q/iNoviCytZYBqfhzx1rPi/wAYaP4x0qdli13StZ1S3uBi8d6AP9ST9kb9pHwZ+2F+zB8Bv2ofh+pg8KfHX4W+EPiPp+mvcx3lz4fufEWkW91rPhTUbmJI4ptW8I64dS8Maw0SLGNU0m7VFChRQB9FUAfxq/8AB0R+zv8AtH/8FJv2iP8Agnf/AME0f2UdH0vW/HmpaL8eP2nfiPceJdXk0LwV4F8F6E/gf4c+FPH/AI21iCz1O40vQLO+1PxvoaTWulapqWoazrOk6No2m32o6jHbuAfi1b/8GTn/AAUUaCJrv9p/9iyC5KAzw2/iD45XUEcn8SxXEvwQs5JkB6SPawM3UxL0UA/Hb/grT/wRM+OH/BH2z+Ch+PHxz+AXxH1346XPjUeF/Cvwj1D4gX2u6bpPgSLw7/bPiDXYvF3gXwpaWeky3nifS9O06SO5nuL68+2rbwPHp97JbgH+mr/wQY/Y1/4Yb/4JXfsqfCTVdK/sr4g+LPBMXxv+LUUsPkaiPiL8ZfL8bX+lawgVV/tPwXoOoeHfh5My7lMPg+3HmzY86UA/ET/gtV+wj8S/+C63/BUjTf2GPhp8Z9E+DvgH/gn1+yhpXxW+InjHXPCupeNbC3+Mv7TnjbT30zwNJoel63oLQ32rfCvwP4X8U2Oq3OoEwW1jqNpHYOt59pUA/PX/AIgd/jH/ANJCfhn/AOGA8U//ADzKAP2x/wCCG3/BuDJ/wSS/aL+Jf7SHxD/aC8MftAeL/Efwql+FvgCDQvhxqXguHwVa694i0nXfGOtSyar4o8Rm71PU7fw1omjafNaR2ktpptzr9tJLJDqTpQB2P/B25/yhp+Jn/ZaPgh/6k1xQB/R54F/5Ejwd/wBir4e/9NFnQB1VABQAUAFABQAUAFABQAUAFABQAUAFABQB+Fv/AAXp/wCCPnhb/grJ+yfc6N4VttC0D9rD4MR6n4s/Z18e6hHb2iaheyW4fX/hF4q1YwtPB4J+IkVvbwi5Mip4a8XWXhzxORNYWOsaXrIB+Of/AAa4/wDBYbxT4kjvf+CRH7bOoa74c/aR+BE2veEv2fLvx9Dcaf4k13wn8O4buz8U/s++J4tQjjvrXx/8GotE1J/DdvqLPdaj4Fsb7w+YrGfwBb/24Af2vUAFABQAUAFABQAUAFABQAUAFABQAUAFABQAUAFABQAUAFABQAUAFABQAUAFABQAUAFABQAUAFABQAUAFABQAUAFABQAUAFABQAUAFABQAUAFABQAUAFABQAUAFABQAUAFABQAUAFAH/0vyT/wCDwL4h6n4y/wCCwmseF727M1j8Jf2cPgl4G0e2BOyztNXh8S/E65Qpkr502o/EK7meTCu8TW8bZWGOgD+qP/gzYAH/AASR8UkDr+2H8ZCfc/8ACCfBwZPvgAfQfSgD+O//AIOrgB/wXB/asIABbwt+ziTjuf8AhnL4WjJ98ADvwB7BQD+3L/g0m+IGp+NP+CMHwk0LUbk3MXws+MPx5+H+lbsl7fTLnx3c/EZLZ3YkuIrz4g3vk9ordoYEASJQoB/S/QB55F8JvhtB8V7745xeC9BX4v6l8PdK+E978RPsat4nm+G2ieI9Y8X6Z4LGoMWeLQbbxPr+ra4bKERpPqN19oufNa3tfKAPQ6AP81T9tC9P/Bbr/g6T+H37N9kx8T/s9fs5fETR/g3rUCE3GizfC79mW51j4i/tFy3bJ5ljGPGvxCt/HfgHS9aUTLqVvf8AgyEy3CrZwKAf6VDvFBE0kjJDDCjO7uyxxRRRrlmZjhURFBLMTtVRk4ANAH+LN+2V/wAFPv2mPHH/AAUP/bU/as/Zv/aT+OfwStfjx8cvEep6Xq3wZ+LXj34Y3uvfDTwTqF/4U+Ctpr114J1/RJNZ/wCEb+HNppNhYfbjNDZ/aL/7FFBFeTJQB9T/ALJ3/Bzf/wAFfP2XNc0d9T/aS1D9pPwJZ38NxrHw+/aV0yy+JI1y1Eg+02//AAsedLL4u6XNJA0qWslj49Wyt52inuNMvUi+zsAf6SH/AASC/wCCuXwL/wCCu37O958Wfhrpdx8Pvih8P77TfDvx1+COraomtav8NPEmrQ31xol3Za5HY6XH4n8FeLrXTNSvPCXieLTdPa9Om6vpeoadp2s6JqVlAAfn1/wdwsy/8EZ/iWUG4n42fApSME/K/iyVXPGPuoWbPQYycgEUAfhfof8AwcE/8HNlhomj2Om/8Ek9Nu9OstL0+0sLs/8ABP79u+f7TZW1pFDa3HnwfFxIJvOgRJPNhRIpN2+NVRlFAGp/xEKf8HPX/SIrTf8AxXz+3p/896gA/wCIhT/g56/6RFab/wCK+f29P/nvUAH/ABEKf8HPX/SIrTf/ABXz+3p/896gA/4iFP8Ag56/6RFab/4r5/b0/wDnvUAH/EQp/wAHPX/SIrTf/FfP7en/AM96gA/4iFP+Dnr/AKRFab/4r5/b0/8AnvUAH/EQp/wc9f8ASIrTf/FfP7en/wA96gA/4iFP+Dnr/pEVpv8A4r5/b0/+e9QAf8RCn/Bz1/0iK03/AMV8/t6f/PeoAP8AiIU/4Oev+kRWm/8Aivn9vT/571AB/wARCn/Bz1/0iK03/wAV8/t6f/PeoAP+IhT/AIOev+kRWm/+K+f29P8A571AB/xEKf8ABz1/0iK03/xXz+3p/wDPeoAP+IhT/g56/wCkRWm/+K+f29P/AJ71AB/xEKf8HPX/AEiK03/xXz+3p/8APeoA/AT9vPxL/wAFcP2jv2nm/wCCkHxE/wCCcvxg/ZC+L/w5sPD3jvxT8XfgT+yR+0/8H/C9lrnwslfWtM+NHjXV/iFeeNrTSvFXh/TbDTrfVvFx1jR9MfRfDemTaxayT215fXYB/o3f8ELP+Cuvgn/grJ+yRpni7UrnTdF/af8Ag/aaD4P/AGmvANqkdrHB4puLS5j0f4leGrNAir4H+J8WlahrGlW8S48Oa3a+IfCEkl2mg2+q6oAftnQAUAFABQAUAFABQAUAFABQAUAFABQAUAFABQAUAFABQAUAFABQAUAFABQAUAFABQAUAFABQAUAFABQAUAFABQAUAFABQAUAFABQAUAFABQAUAFABQAUAFABQAUAFABQAUAFABQB//T/J//AIPCfhrqXgr/AIK9XXjC6s5ItO+MP7NnwZ8b6XeeXiC7/sJ/FXwwvY1mGUa5tZ/AKieEt50UM9pI6LDPbu4B/Ut/wZrsrf8ABJLxUFIJT9sT4xq4H8LHwF8G3APvtdW+hFAH8d//AAdWurf8Fwf2rgpBMfhf9nFHA/hY/s4fCx8H32OjfRhQB/cZ/wAGnnw21PwB/wAEWvgTrOqQfZm+K3xI+OnxJsYWUpP/AGY/xK1nwHYzzo3I+2w+BBfWrcCXT7qzmXKSKaAP6RqACgD4N/4Kefthab+wT+wP+1D+1ZdXFpDrPwt+F2sy+ALe9Ebwap8VvFDweDvhTpM0Mm7z7W/+IWv+HIdRRIpmi0v7dcmF44HCgH8h3/Bld+yTqOrT/thf8FEvHkF3qes+IdTtf2b/AId+ItWMtxqGoXVxPpPxU+OOsy3V4ZJrybUtQuPhTaR6rES0l1beJrOa5lkNzEgB/fEQCCCAQQQQRkEHggg8EEdQf60AfPPxM/ZF/ZS+NGm32kfF79mb4A/FDTNThlgv7P4gfB/4feLobmOYYk8wa94dvjvPDLKpWWN1WSN1kVXoA/mV/wCCnH/BpJ+xR+0B8OPFfjT9grw+n7Kf7Rum2Woax4d8LWniLxDq3wI+JGqJH56eGvEXh3xHfa9dfDqTUTCun6Pr/gK60rQNCluHutW8G65Ewa1APwA/4M+tS+KPwb/4K7fHX4C+I9N8QeHZr/8AZu+MHhH4seBtQMlr/wAI940+FXxP+HYgn8QaaX8tdc8KazF4h8KRSOrzWL+JdWtoyqXk5YA/qK/4O3P+UNPxM/7LR8EP/UmuKAP6PPAv/IkeDv8AsVfD3/pos6AOqoAKACgAoAKACgAoAKACgAoAKACgAoAKACgCpf2Fjqlje6Zqdlaajpuo2lxYahp9/bw3djf2N5C9vd2V7aXCSW91aXUEkkFxbzxyQzQu8ciMjMrAH+bX/wAFEP2a/jn/AMGx3/BUb4f/APBQf9jjTL2+/Yl+PXi7VdOvfh1ZyT2nhmw0fWry28QfE39lLxbdJZ3Fhpul3lpZzeLPgLrt1BcXulwaDayQ22sal8M9ZvdXAP8AQY/ZQ/al+DX7af7PXwv/AGnPgD4mXxV8LPiz4di1/wAP3zxi21PTriOebT9c8M+ItPEkx0rxR4U12z1Hw74k0tpZRY6zpt5DFPc26w3EoB9D0AFABQAUAFABQAUAFABQAUAFABQAUAFABQAUAFABQAUAFABQAUAFABQAUAFABQAUAFABQAUAFABQAUAFABQAUAFABQAUAFABQAUAFABQAUAFABQAUAFABQAUAFABQAUAFABQB//U/S//AIOxP+CWPjD9tv8AZN8HftR/AzwxeeKfjr+x4viXUdZ8JaFp89/4j+IPwI8TDT7rxrYaPaWiSXOr678PdS0ex8baPpSxvLNoMvj2DTI7rWr3TtPvQDwv/gyg+MXhzXv2Dv2n/gUNWs5PGnw2/apu/iPd6L9pi/tC28F/FX4WfDvQ/D9+bPcJvsU/iP4X+MohdBWjM6NCzKyoHAP5mv8Agqx8HfiN/wAFY/8Ag45/ab+B37LlgPGOveNPjP4G+DY1uwhmv/DfgrS/gj8Mfh38Ivif498U31iJls/CPgTVPBfiTVNf1DeWl+y/2fpqXWqX2m2FwAf6mP7M3wC8E/srfs8/BP8AZt+HELR+CPgd8MfBnww8OyywxQ3eo2Pg/QrLRm1rUli+R9Y164tZ9b1q4y73erX95dSSSSTO7AH+ZH+29/wdGf8ABV0/tx/FjV/gl8YbL4JfB74W/Fzxb4P8C/AdPht8Ptd0C58LeCvFV9occHxLu/FPhXUPFniDxD4ms9MEniqaLXdJ/sm8u7uHwfF4Y8mGRAD/AEnP2Ef2kL/9sH9jL9mD9qPVvC6+CtX+PPwR+HvxN1nwrC9zLZaHrPijw7Y6hq9jpU94Fu7rQ01KS5bQr25Hn3ujPY3cmXmYsAfxw/8AB61+2m2n+FP2Wv8Agn34S1Rjf+LNSu/2mPi5p9pKwuf7D0V9Y8AfB3SblISWubLWten+JWs3NhPtVL/wl4bvkilcQSRAH9UH/BHn9jhf2DP+CbX7KH7Nt9pi6X408N/DLTvFfxWhaILdf8Ld+JU0/wAQPiRa3c21Zbs6F4o8RX/hjT7icCUaLoWmW4jghgjt4AD0z/gpb+1H44/Yp/YM/ak/ap+GvgWz+JHjv4I/CrWPGXhnwlqf2xtFudShuLLT01jxFFp1xZ6jceF/CcV/L4t8UWmn32nX154e0PUrW01PTriaO+tQD+GP9hX/AIPPf2kPC3xEt9E/4KDfB/wL8VPhBrN6EufG/wAB/Dj+Bvip4DW5uSz3sXhvVvE914L+IGjWMBS3i0Iv4K1xY/MvpPFerTxppt0Af2Bj/gvb/wAEh5fgXJ8f7L9uv4G6j4bGkrqVt4CsvE8TfHnUL2W3SW38NWH7P0yW/wAYrnxNczyx2MWmDwaii6fdNcw2aSXkQB+dX/Bv9/wTn+Jfgj44ftvf8Fb/ANpT4Z6l8F/jF/wUG+KHxP8AF3wj+B3iSzisvGnwd+AnxP8AirqHxcuoPH1l9lt5tJ8Z+N9Zfwq1xoM6Q6lpWkeDrC/1xU1nxJfaVowB1f8Awduf8oafiZ/2Wj4If+pNcUAf0eeBf+RI8Hf9ir4e/wDTRZ0AdVQAUAFABQAUAFABQAUAFABQAUAFABQAUAFABQB8zftifslfBj9uX9nD4p/svfHzw7H4h+HHxU8OXOjXzxx2v9teGdYQfaPDnjfwneXdtdxaV4v8Ha1HZ+IPDmpm3njt9Ssoku7a7sJruzuAD+Ab/gmL+1h8bv8Ag2t/4Ka/Ef8A4Jo/t0eIrqT9jr4ueJ7HU9K+IJt72HwZ4fu/FBi034bftReD4rtJ3t/BnivT9Nh8GfGfSLG5lPh6+0e6kvLzUNW+F09hq4B/pGwTwXUENzbTRXFtcRRz29xBIk0E8EyCSKaGWMtHLFLGyvHIjMjowZSVINAEtABQAUAFABQAUAFABQAUAFABQAUAFABQAUAFABQAUAFABQAUAFABQAUAFABQAUAFABQAUAFABQAUAFABQAUAFABQAUAFABQAUAFABQAUAFABQAUAFABQAUAFABQAUAFABQB//9X+/igD8ZfiN/wQe/YM8TfGzxX+0X8H4vj1+xf8ZfH9ne2HxC8ZfsQ/Hjxx+zafHNnqtybzWoNf8PeDrk+FVGu3RF5rb6RomlS6nqiJrl28muj+06APp79hX/gmF+xN/wAE4fD2vaP+yh8F9L8E654x8tvHvxK1zU9X8bfFfx9JHN9px4p+IXiq91TxBcaf9t3ahH4d0640zwtaajLNf2OhWt1PNLKAfflAH4K/tIf8G1v/AASe/am/aa1b9qn4mfBjxbZ+OPF3iQ+MfiT4T8EfEbXvB/w1+J/iq4vPt2ra94t8M6Wv2201HxHcbpvEsvgvXPCK67eTXmraik+tajqWpXYB+53hjwz4d8FeG/D3g3whoml+GfCfhPQ9J8M+GPDmh2Nvpmi+H/D2g2Fvpei6Jo+m2kcVrp+l6VptrbWGn2VtFHb2tpbxQQxpHGiqAfmr+0H/AMEXv+CaX7VX7TNj+2F+0F+zafib+0Lpt/4C1Cx8baz8Yvj7ZaVby/DNdOXwZap8O9E+Kml/DE6RpjaVazXmhP4NOia/cyajdeItP1a51jVpr8A/UagCpf2Fjqtje6XqllaalpmpWlzYajp1/bQ3ljf2N5C9vd2V7aXCSW91aXVvJJBc206PDPC7xSIyMy0Afz8fGP8A4Ncv+CMHxj8Y6h42l/Zk1b4Zanq96b/VNK+D3xR8f+BPCFxOzEyLYeC4NZv/AAr4atJAQv8AZ/hLSdBsIggNvbRO0jygH1h+x/8A8EOv+CWn7DHiTTPHX7P/AOyR4FsfiTo8sd1pXxN+IV/4l+L3jvRdQikEkWq+GNa+J2teKV8F6rGFWJL/AME2vhy4EO+PeRNcFwD9YqAP5mf+Dtz/AJQ0/Ez/ALLR8EP/AFJrigD+jzwL/wAiR4O/7FXw9/6aLOgDqqACgAoAKACgAoAKACgAoAKACgAoAKACgAoAKACgD8Lv+C9P/BHzwt/wVk/ZPudG8K22h6D+1h8GItU8Wfs6+PNQS3tE1C+ktw+vfCLxVqxheeHwT8RYra2hFwZFTw14tsvDvig+fYafrGlauAfjj/wa4/8ABYXxV4ijvf8AgkP+2zqGu+G/2kPgRNr3hP8AZ8u/H0Vxp/iTXfCvw7iu7PxR+z54ni1COK+tfH/wbi0XUn8NW+oM9zqHgWwvvDxjsp/ANsdcAP7X6ACgAoAKACgAoAKACgAoAKACgAoAKACgAoAKACgAoAKACgAoAKACgAoAKACgAoAKACgAoAKACgAoAKACgAoAKACgAoAKACgAoAKACgAoAKACgAoAKACgAoAKACgAoAKACgD/1v7+KACgAoAKACgAoAKACgAoAKACgAoA/mZ/4O3P+UNPxM/7LR8EP/UmuKAP6PPAv/IkeDv+xV8Pf+mizoA6qgAoAKACgAoAKACgAoAKACgAoAKACgAoAKACgAoAKAP4g/8Ag6G/4JGeNdK1jTP+CzH7DKan4J+OvwIuvDvjH9omy+H8Mmn+I7u08DXtndeFP2lfDJ0u2Nx/wmHw2FpZW/xHuJPNjvPA2maZ4rnNkng3xDNrwB+5H/BCv/grr4K/4Ky/skaZ4t1O503Rf2oPg/aaD4P/AGmvANosdrHB4ouLS5j0f4l+GrNAir4H+J8Wl6hrGl28S48Oa3a+IfCEkl2mhWuq6oAftpQAUAFABQAUAFABQAUAFABQAUAFABQAUAFABQAUAFABQAUAFABQAUAFABQAUAFABQAUAFABQAUAFABQAUAFABQAUAFABQAUAFABQAUAFABQAUAFABQAUAFABQAUAFABQB//1/7+KACgAoAKACgAoAKACgAoAKACgAoA/mZ/4O3P+UNPxM/7LR8EP/UmuKAP6PPAv/IkeDv+xV8Pf+mizoA6qgAoAKACgAoAKACgAoAKACgAoAKACgAoAKACgAoAKAKt/YWOqWN5pmp2drqOm6ja3FhqGn39vDd2N9Y3cL293Z3lpcJJb3VrdQSSQXFvOjwzQu8ciMjMtAH+bX/wUQ/Zr+Of/Bsf/wAFRvh//wAFCP2N9Lvb79iX49eLtU06++HVnJPaeGdP0jWry28QfEz9lLxdcpZ3FhpulXtpZzeLfgLrt1BPeaVDoNrJDa6zqfwz1i91UA/0F/2UP2pfg1+2p+z18L/2nPgD4mXxV8LPiz4di1/w/fPGttqenXEc82n654Z8RaeJZjpXijwprtnqPh3xJpbTTCx1nTbyGKe5t1huJwD6HoAKACgAoAKACgAoAKACgAoAKACgAoAKACgAoAKACgAoAKACgAoAKACgAoAKACgAoAKACgAoAKACgAoAKACgAoAKACgAoAKACgAoAKACgAoAKACgAoAKACgAoAKACgD/0P7+KACgAoAKACgAoAKACgAoAKACgAoA/mZ/4O3P+UNPxM/7LR8EP/UmuKAP6PPAv/IkeDv+xV8Pf+mizoA6qgAoAKACgAoAKACgAoAKACgAoAKACgAoAKACgAoAKACgD5m/bD/ZK+DH7cv7OHxT/Ze+Pnh2PxD8OPip4cudGvnjjtf7Z8M6wg+0eHfG/hO8u7a7i0vxf4O1qKz8QeHNSNvNHBqVjCl3b3dhLdWdwAfwDf8ABMb9rD43f8G1v/BTX4j/APBNH9ujxFdS/sc/F3xRY6npXxANvew+DfD914oMWm/DX9qPwfDdJK9t4M8VafpsPg340aRY3U58PXuj3Ul3eajq3wum07WQD/SNgnguoIbq1miuba5ijnt7iCRJoJ4JkEkU0MsZaOWKWNleORGZHRgykqQaAJaACgAoAKACgAoAKACgAoAKACgAoAKACgAoAKACgAoAKACgAoAKACgAoAKACgAoAKACgAoAKACgAoAKACgAoAKACgAoAKACgAoAKACgAoAKACgAoAKACgAoAKACgD//0f7+KACgAoAKACgAoAKACgAoAKACgAoA/mZ/4O3P+UNPxM/7LR8EP/UmuKAP6PPAv/IkeDv+xV8Pf+mizoA6qgAoAKACgAoAKACgAoAKACgAoAKACgAoAKACgAoAKACgAoA/C7/gvT/wR88K/wDBWT9k+50bwrbaHoP7WHwYi1TxZ+zp481BLe0S/vpLcPr3wi8U6sYWnh8E/EWK2toPtBkVPDfi2y8OeKCJrDT9X0vWQD8cP+DXH/gsL4q8RJe/8Ehv22b/AF3w3+0f8B5de8Jfs+Xfj6K40/xJrnhX4dx3dn4p/Z88TxahHHfW3j74NxaLqL+GbfUGe51HwLYX3h4xWM3gG1/twA/tgoAKACgAoAKACgAoAKACgAoAKACgAoAKACgAoAKACgAoAKACgAoAKACgAoAKACgAoAKACgAoAKACgAoAKACgAoAKACgAoAKACgAoAKACgAoAKACgAoAKACgAoAKAP//S/v4oAKACgAoAKACgAoAKACgAoAKACgD+Zn/g7c/5Q0/Ez/stHwQ/9Sa4oA/o88C/8iR4O/7FXw9/6aLOgDqqACgAoAKACgAoAKACgAoAKACgAoAKACgAoAKACgAoAKACgAoA/wA0v/g75+Hmg/ss/wDBTH9lf9qr9nlbn4S/G/4i/DOz+JXiPxl4JkGi6jcfFT4R+PfsHhD4lwyWiI8fjOPSxoemX2phsX9v4Y0V54Xulvbi9AP7AP8AghX/AMFdfBX/AAVl/ZI03xbqdzpmi/tQfB+10Lwf+0z4BtFjtY4fE9xaXEej/Evw1ZIEVfA/xPi0vUNX0u3iXb4c1y18Q+EJJLtNCtdV1QA/bSgAoAKACgAoAKACgAoAKACgAoAKACgAoAKACgAoAKACgAoAKACgAoAKACgAoAKACgAoAKACgAoAKACgAoAKACgAoAKACgAoAKACgAoAKACgAoAKACgAoAKACgD/0/7+KACgAoAKACgAoAKACgAoAKACgAoA/mZ/4O3P+UNPxM/7LR8EP/UmuKAP6PPAv/IkeDv+xV8Pf+mizoA6qgAoAKACgAoAKACgAoAKACgAoAKACgAoAKACgAoAKACgAoAKAP8APV/4PDIop/8AgoZ/wTAhmjSaGbwjNFLFKiyRSxSfG/QEkjkjYFXR1JV0YFWUkEEEigDwz/goj+zV8c/+DZD/AIKi/D//AIKE/sbaVe3v7Evx58W6pp198OrSSe08MafpOt3dv4g+Jn7Kfi26S1ubHTNJvbOzm8W/AbXbqC4vNKh0G1eG21jVPhnq97qoB/oK/sn/ALUvwa/bU/Z6+F/7TnwB8TL4q+FnxY8Ow6/oF68a22p6bcxzTWGueGPEWniWY6V4p8Ka7aaj4d8SaW00wsdY027hhnubcQ3E4B9EUAFABQAUAFABQAUAFABQAUAFABQAUAFABQAUAFABQAUAFABQAUAFABQAUAFABQAUAFABQAUAFABQAUAFABQAUAFABQAUAFABQAUAFABQAUAFABQAUAFABQB//9T+/igAoAKACgAoAKACgAoAKACgAoAKAP5mf+Dtz/lDT8TP+y0fBD/1JrigD+jzwL/yJHg7/sVfD3/pos6AOqoAKACgAoAKACgAoAKACgAoAKACgAoAKACgAoAKACgAoAKACgD/AD2P+Dwf/lIj/wAEvP8AsVJP/V4+H6AP7j/2w/2Svgx+3L+zh8Uv2Xvj54dj8Q/Df4qeHLnRr5o47X+2fDWsIPtHh3xt4TvLu3uYtK8X+Dtais/EHhzUzbzx2+pWMK3dteWEt1Z3AB/AJ/wTH/av+N3/AAbWf8FNfiP/AME0/wBufxDdS/sc/F3xRYanpXxBNveQ+DNAufE7R6b8Nf2o/B8V2JjbeDfFOn6dD4N+NOkWNxO3h690e6kvLrUtW+F0unaqAf6R0E8F1BDdWs0VzbXMUc9vcQSJNBPBMgkimhmjLRyxSxsrxyRsyOjBlJUg0AS0AFABQAUAFABQAUAFABQAUAFABQAUAFABQAUAFABQAUAFABQAUAFABQAUAFABQAUAFABQAUAFABQAUAFABQAUAFABQAUAFABQAUAFABQAUAFABQAUAFAH/9X+/igAoAKACgAoAKACgAoAKACgAoAKAP5mf+Dtz/lDT8TP+y0fBD/1JrigD+jzwL/yJHg7/sVfD3/pos6AOqoAKACgAoAKACgAoAKACgAoAKACgAoAKACgAoAKACgAoAKACgD/AD2P+Dwf/lIj/wAEvP8AsVJP/V4+H6AP9CegD8L/APgvR/wR98K/8FZP2T7rRfC1roeg/tX/AAZi1TxZ+zp481BLe0S/v5LcPr3wj8Vas0TTQ+CfiLFbW0H2guqeG/Ftl4c8UHzrDT9X0vVwD8b/APg1x/4LC+KvEC3v/BIb9tq/1zw1+0f8CJtf8Jfs+Xfj6K40/wASa54W+Hkd3aeKf2fPE8WopHfW3j74OR6LqT+Gbe+LXOoeBbC+8PFLKbwDajXAD+2CgAoAKACgAoAKACgAoAKACgAoAKACgAoAKACgAoAKACgAoAKACgAoAKACgAoAKACgAoAKACgAoAKACgAoAKACgAoAKACgAoAKACgAoAKACgAoAKACgAoA/9b+/igAoAKACgAoAKACgAoAKACgAoAKAP5mf+Dtz/lDT8TP+y0fBD/1JrigD+jzwL/yJHg7/sVfD3/pos6AOqoAKACgAoAKACgAoAKACgAoAKACgAoAKACgAoAKACgAoAKACgD/AD2P+Dwf/lIj/wAEvP8AsVJP/V4+H6AP9CegAoA/iE/4Oh/+CRfjXTNX0z/gsv8AsMx6n4K+O/wIuvDvjH9oqy+H8Mmn+JLyy8DXlldeFP2lPDJ0uD7R/wAJj8NRZ2Nv8RbhhKl54G0vTfFc32JfBniGfXAD9xv+CFX/AAV28Ff8FZf2SNN8Wapc6Zov7UPwftdC8H/tM+AbRY7WOHxPcWtxHo/xM8NWSBAngf4nxaXf6vplvEu3w5rtr4h8ISPdpoNrq2qAH7a0AFABQAUAFABQAUAFABQAUAFABQAUAFABQAUAFABQAUAFABQAUAFABQAUAFABQAUAFABQAUAFABQAUAFABQAUAFABQAUAFABQAUAFABQAUAFABQAUAf/X/v4oAKACgAoAKACgAoAKACgAoAKACgD+Zn/g7c/5Q0/Ez/stHwQ/9Sa4oA/o88C/8iR4O/7FXw9/6aLOgDqqACgAoAKACgAoAKACgAoAKACgAoAKACgAoAKACgAoAKACgAoA/wA9j/g8H/5SI/8ABLz/ALFST/1ePh+gD/QnoAKAKt9Y2WqWV5pupWdrqGnaja3FjqGn31vDd2V9ZXcL291Z3lrcJJBc2tzBJJDcW8yPDNC7xyIyMy0Af5tf/BRL9mn45/8ABsh/wVF+H/8AwUK/Y10q9vf2Jvjx4t1TTr74dWklxaeGNP0rW7u31/4mfspeLrlLW5stN0i+s7Obxb8Btdu7e4u9Ji0G1eK11nU/hnq97qoB/oLfsn/tTfBn9tX9nr4X/tO/AHxMvir4WfFjw7Dr2gXrxrbanplzHNNp+ueGPEenrLOdK8U+FNdtNR8O+JNLaaYWOsabeQxXF1biG6nAPoigAoAKACgAoAKACgAoAKACgAoAKACgAoAKACgAoAKACgAoAKACgAoAKACgAoAKACgAoAKACgAoAKACgAoAKACgAoAKACgAoAKACgAoAKACgAoAKAP/0P7+KACgAoAKACgAoAKACgAoAKACgAoA/mZ/4O3P+UNPxM/7LR8EP/UmuKAP6PPAv/IkeDv+xV8Pf+mizoA6qgAoAKACgAoAKACgAoAKACgAoAKACgAoAKACgAoAKACgAoAKAP8APY/4PB/+UiP/AAS8/wCxUk/9Xj4foA/0J6ACgAoA+Z/2wv2S/gx+3J+zh8Uv2Xvj54dj8Q/Df4qeHLnRr9o47b+2fDWrp/pPh3xt4TvLq3uo9K8X+Dtais/EHhzUzbzx2+pWMK3dteWEt1ZTgH8An/BMj9q/43f8G1f/AAU2+I3/AATU/bm8Q3Uv7HHxe8UWGp6X8QWt7yDwboFx4naPTPhr+1H4PiulnNt4O8U6fp0Hg3406RY3E7eH73Rrp7y71HVvhdNp+rgH+kdb3EF3BDdWs0VzbXMUdxb3FvIk0FxBMiyQzQzRs0csUsbLJHJGzI6MrKxUgsAS0AFABQAUAFABQAUAFABQAUAFABQAUAFABQAUAFABQAUAFABQAUAFABQAUAFABQAUAFABQAUAFABQAUAFABQAUAFABQAUAFABQAUAFABQAUAFAH//0f7+KACgAoAKACgAoAKACgAoAKACgAoA/mZ/4O3P+UNPxM/7LR8EP/UmuKAP6PPAv/IkeDv+xV8Pf+mizoA6qgAoAKACgAoAKACgAoAKACgAoAKACgAoAKACgAoAKACgAoAKAP8APY/4PB/+UiP/AAS8/wCxUk/9Xj4foA/0J6ACgAoAKAPww/4L0f8ABH3wr/wVk/ZPutF8L2uh6D+1f8GYtV8Wfs5+PNQS3tEvtQkt1fXvhH4p1Zommh8E/EaK1toDcNIqeG/Fll4c8UfvrDT9X0rVwD8bf+DXL/gsJ4q15b3/AIJCfttX+ueGf2jvgPNr/hL9nu78fR3Gn+JNc8L/AA8S7tPFP7PfieLUY4r638ffB2PRtSfwxb3zNcah4FsL7w95dnN4CtRrgB/bDQAUAFABQAUAFABQAUAFABQAUAFABQAUAFABQAUAFABQAUAFABQAUAFABQAUAFABQAUAFABQAUAFABQAUAFABQAUAFABQAUAFABQAUAFABQAUAf/0v7+KACgAoAKACgAoAKACgAoAKACgAoA/mZ/4O3P+UNPxM/7LR8EP/UmuKAP6PPAv/IkeDv+xV8Pf+mizoA6qgAoAKACgAoAKACgAoAKACgAoAKACgAoAKACgAoAKACgAoAKAP8APY/4PB/+UiP/AAS8/wCxUk/9Xj4foA/0J6ACgAoAKACgD+IX/g6H/wCCRfjTTtW0z/gst+wzFqngr47/AAIuvDvjH9oqy+H8Umn+JL2x8C3lldeFP2k/DJ0uA3I8Y/DQWdjb/EW4YSpeeBtM03xXP9jXwZ4hn1wA/cT/AIIVf8FdvBf/AAVl/ZJ03xZqlzpmi/tQ/B+10Lwf+0z4BtFjtY4fE1xa3Eej/Ezw1YoECeB/idFpeoatplvErL4d1218ReEZJLlNCtdV1UA/bagAoAKACgAoAKACgAoAKACgAoAKACgAoAKACgAoAKACgAoAKACgAoAKACgAoAKACgAoAKACgAoAKACgAoAKACgAoAKACgAoAKACgAoAKACgD//T/v4oAKACgAoAKACgAoAKACgAoAKACgD+Zn/g7c/5Q0/Ez/stHwQ/9Sa4oA/o88C/8iR4O/7FXw9/6aLOgDqqACgAoAKACgAoAKACgAoAKACgAoAKACgAoAKACgAoAKACgAoA/wA9j/g8H/5SI/8ABLz/ALFST/1ePh+gD/QnoAKACgAoAKAKt9Y2Wp2V5pupWdrqGnaha3Fjf2F9bxXdlfWV3E8F1Z3lrOkkFza3MEjw3FvMjxTRO8ciMjMtAH+bZ/wUT/Zp+Of/AAbI/wDBUX4ff8FC/wBjTSr29/Ym+O/i3VNOvvh1aSXFp4X07S9cu4Nf+Jn7Kfi65jtbmy03SL6zs5vFvwG127t7i80mPQrV4bXWdT+GWr3uqgH+gp+yd+1N8Gv21f2efhd+078AfEyeKvhb8WPDkOvaDevGlvqemXUc0thrvhfxHp6yzHSvFPhPXLTUfDviTSzNOLHWNNu4Ybi6t1huZwD6JoAKACgAoAKACgAoAKACgAoAKACgAoAKACgAoAKACgAoAKACgAoAKACgAoAKACgAoAKACgAoAKACgAoAKACgAoAKACgAoAKACgAoAKACgD//1P7+KACgAoAKACgAoAKACgAoAKACgAoA/mZ/4O3P+UNPxM/7LR8EP/UmuKAP6PPAv/IkeDv+xV8Pf+mizoA6qgAoAKACgAoAKACgAoAKACgAoAKACgAoAKACgAoAKACgAoAKAP8APY/4PB/+UiP/AAS8/wCxUk/9Xj4foA/0J6ACgAoAKACgAoA+aP2wv2S/gx+3J+zj8Uv2Xvj54dj8RfDf4qeHLnRb9o47b+2fDWrp/pPh3xt4UvLq3uY9K8X+DtbisvEHhzUzbzx2+pWMK3VteWMl3Z3AB/AH/wAEyf2rvjd/wbV/8FNviN/wTU/bm8Q3Uv7HHxf8UWGp6X8QWt7yDwboNx4maPTPhr+1J4PhuhP9l8HeKdP06Dwb8atIsrmdvD95o11Jd3epat8LpNO1cA/0jbe4gu4ILq1nhubW5hjuLa5t5EmguIJkEkM8E0ZaOWGWNlkjkjZkdGDKSpBoAmoAKACgAoAKACgAoAKACgAoAKACgAoAKACgAoAKACgAoAKACgAoAKACgAoAKACgAoAKACgAoAKACgAoAKACgAoAKACgAoAKACgAoAKAP//V/v4oAKACgAoAKACgAoAKACgAoAKACgD+Zn/g7c/5Q0/Ez/stHwQ/9Sa4oA/o88C/8iR4O/7FXw9/6aLOgDqqACgAoAKACgAoAKACgAoAKACgAoAKACgAoAKACgAoAKACgAoA/wA9j/g8H/5SI/8ABLz/ALFST/1ePh+gD/QnoAKACgAoAKACgAoA/DD/AILz/wDBH3wr/wAFZP2TrrRPC9roehftX/BmHVfFn7Ofj3UEgtEvtQkt1k174R+KdVMZmh8E/EaK1tbc3DSKnhvxZZeHfFJ86w07V9K1cA/G3/g1y/4LCeKteF7/AMEhP22r7W/DP7RvwHm1/wAJfs93fj6OfT/Emt+F/h4l3Z+Kf2e/E8WoIl7b+Pfg7Ho2ov4Xt71nuNQ8CWF94eKWU3gG0GvAH9sNABQAUAFABQAUAFABQAUAFABQAUAFABQAUAFABQAUAFABQAUAFABQAUAFABQAUAFABQAUAFABQAUAFABQAUAFABQAUAFABQAUAFABQB//1v7+KACgAoAKACgAoAKACgAoAKACgAoA/mZ/4O3P+UNPxM/7LR8EP/UmuKAP6PPAv/IkeDv+xV8Pf+mizoA6qgAoAKACgAoAKACgAoAKACgAoAKACgAoAKACgAoAKACgAoAKAP8APY/4PB/+UiP/AAS8/wCxUk/9Xj4foA/0J6ACgAoAKACgAoAKACgD+Ib/AIOh/wDgkV400/VtM/4LK/sMxap4L+PHwIuvDvjH9oqy+H8Uth4kvbDwLd2V14U/aT8MnS4hcjxj8MxZWNv8RLg+Yl54G03TfFcxs18F+IJtcAP3D/4IVf8ABXfwX/wVl/ZJ03xZqtzpeiftQ/B+10Pwf+0x4BtFitY4vEs9rPHo/wATPDVigUJ4G+J0WmX+raZbxrjw5r1r4i8Iu91HoVpq2qgH7bUAFABQAUAFABQAUAFABQAUAFABQAUAFABQAUAFABQAUAFABQAUAFABQAUAFABQAUAFABQAUAFABQAUAFABQAUAFABQAUAFABQAUAf/1/7+KACgAoAKAPwl/wCCl3/Ben9nn9gT4xeB/wBkj4cfDnxf+2L+3L8S9Y8LaB4U/Zn+FGs6boj6TrPjm6trLwTpvxH8fX1lrdl4O1XxZcXtlJovh+x8PeJ/Eo028stf1jRNI8PalpGragAfOvxW/wCDgT4n/sE/G74Q/Cj/AIK4fsCaz+x/4J+OtlNe+APj/wDB/wCO+i/tRfDizls7rTrbxFpvjLTtF8BeBNb0ybwE2saT/wAJifDb+L9ZEGo2WqaH4Y1TSLy0vZwD+kLwj4u8L+P/AAr4a8deB/EOjeLfBnjLQdJ8UeE/FPh3UbXV9A8R+HNesINU0XXNF1Wxkms9R0rVdOure+sL61lkt7q1nimidkdWoA6KgAoA/G7/AILIf8FlPhP/AMEdfhn8GvHXxC+GHiX4x698bPHWu+E/DHgbwr4k0jwvqUWkeFNAXWPFPiybUNYstQhmstGvNT8KaPLZxWwlkn8TWsxniSBo5wD+fn/iOA/Z7/6MK+Mv/h4fBH/zL0AffP8AwTN/4Of/AAJ/wU4/bA+Hn7I3wy/Yr+KXgrVPGemeMfEOu+Ptd+J3hXWNA8DeGPBfhjU/EGoa7rOn6b4chvbmG8vbXTPDOnxQzRebrniDSoZJYYpHkUA7j/g7c/5Q0/Ez/stHwQ/9Sa4oA/o88C/8iR4O/wCxV8Pf+mizoA6qgAoAKACgAoAKACgAoAKACgAoAKACgAoAKACgAoAKACgAoA/i9/4LI/8ABz5+0J/wTN/b4+KH7IXw/wD2Zfg18SvDHgLw38MtcsvF3jHxL4303Xr+bx34A0DxheQXVpot1Fp8cdjdaxLZ2xiTc9vDG8pMjNQB/Hd/wVO/4LUfFj/gqh8dv2dPjv8AEb4M/Dv4Xaz+znph0zQtC8Fax4k1PTPEUZ8Y2PjHzdWn12ea6t3+1WKWeLNlX7O7P/rADQB/refsXfHTWP2n/wBj79lb9pPxDoem+GNf/aB/Z0+C3xq1vw3o091c6RoGrfFD4c+HPG2o6LpVzfM17Pp2mXetzWVlNds1zLbQxvOxlLFgD6XoAKACgAoAKACgAoAq31jZanZXmm6lZ2uoadqFrcWN/YX1vFd2V9ZXcTwXVneWs6SQXNrcwSSQ3FvMjxTRO8ciMjMtAH+bZ/wUU/Zo+OX/AAbI/wDBUT4ff8FC/wBjPSb29/Ym+O/izU9Nvvh1ayXFr4X07TNcu4Ne+Jn7Kfi65jtriy07R7+zspvF3wH1y8t7i70mPQrR4bbWNT+GWrXurgH+gp+yd+1P8Gv21v2efhd+078AfEyeKfhb8WPDkOvaDeOiW+p6XdRyy2Gu+F/EenrLOdK8U+E9ctNQ8O+JNLM0wsdY068hhuLq3EN1OAfRNABQAUAFABQAUAFABQAUAFABQAUAFABQAUAFABQAUAFABQAUAFABQAUAFABQAUAFABQAUAFABQAUAFABQAUAFABQAUAFABQAUAf/0P7+KACgAoA+Mf8Agoj+1rpP7Cn7EH7TX7WmrQW17J8FfhXr3iLw3pd6JDZa34/1E2/hr4aeHr4xPHLHY+IviHrnhfQ72eNvMt7bUJZ0DtEEoA/zDv8Ag3Q1nxX+1H/wcDfs3fFr41a9e/EDx14m8X/tHfG/xx4k150udQ8QeO/+FG/FvxHBrtwRGsMVxb+MLvTtXtYreGC2szZwQWUVtDDAiAH9V3/B6r4L03Vf+Ca37PfjpraJtc8HftpeD9GtL1kBmg0Pxj8F/jc+tWkT7Syrean4Z8MzyruVH+wRlgzpHtAPDP8AgzG/4KB+Jfih8HPjl/wT4+I2vz6vefs+w2Hxh+A5v7iW6v7X4UeMdcl0j4ieEYDJIRDoPgn4gX/h3W9Jj2u6z/E/U7QSRWOn6fbRAH9wlABQB/HV/wAFGv2FPhv/AMF2/wDgsl8S/wBk/wCJ3xm8Z/DH4L/8E4/2Tvhpb3snw7u/Ch8Tah+0Z+014kb4gy2FtF4r03WbGXSJ/hDoPhw6zDY6a+o2+q6Fpfm3sMMj2rgHF/8AEEp+wr/0dx+1n/36+D//AM7qgD9Xv+CS3/Bvt+y1/wAEi/i18TfjX8JPib8Wviz48+I/w9tvhkupfFJPBYXwp4VfxFp/ifXbXQR4V8M6DJ5viPVNC8NPqMl5JcBY9BtY4FjEtwXAPBP+Dtz/AJQ0/Ez/ALLR8EP/AFJrigD+jzwL/wAiR4O/7FXw9/6aLOgDqqACgAoAKACgAoAKACgAoAKACgAoAKACgAoAKACgAoAKACgD/JF/4OwP+U2n7Rv/AGT/APZ3/wDVH+CKAP5waAP9u7/gkh/yis/4Jrf9mF/sjf8Aqg/ANAH6FUAFABQAUAFABQAUAFAHzR+2F+yX8GP25P2cfil+y98ffDsfiL4bfFTw5c6LqBjjthrPhvV4/wDSfDvjXwpeXVvcx6V4v8Ha3FZeIPDmpm3njt9TsYVura8sZLqzuAD+AP8A4JlftW/G/wD4Nqv+Cm3xG/4Jq/ty+ILqX9jj4weKbDUtL+IL295B4N0GfxM6aX8Nf2pPB8Nz5/2Xwf4o0/TofB3xq0iyuZ28P3mj3T3d1qWq/C6TT9XAP9I23uLe7t4Lq1nhurW5hjuLa5t5Emt7i3mRZIZ4Jo2aOWGWNlkjkjZkdGVlYqQWAJqACgAoAKACgAoAKACgAoAKACgAoAKACgAoAKACgAoAKACgAoAKACgAoAKACgAoAKACgAoAKACgAoAKACgAoAKACgAoAKACgD//0f7+KACgAoA/l9/4O9vGOoeGP+CN/i7RLK6mt7b4iftCfArwdq0URIS+0+x1fWfiBHa3GODCmq+BdMvVBwPtFnAeoAYA/jE/4NQf+U237N3/AGIX7RP/AKovx1/n/wDXQB/XV/wea/8AKJv4e/8AZ6vwg/8AVWfHn/P/AOugD+V//g0I8W6n4c/4LHeFNHsJ54rXx9+zz8dPCWtRxZ8u60yz0zQ/HUUF1gEeQus+C9JuVzgfabe25JIFAH+rnQAyWRYYpJn3bIkeR9iPK+1FLNtjjVpJGwDtSNWdz8qKWIDAH+Jp/wAFLtE/a0+Lv7X/AO1L+1h8av2cv2hvhdYfGD43fEP4h2Nx8T/g98RvA0fh/wAJ6t4lvW8F6HcXPijw7pi2kXhrwmuh6Dbi4dZIodPhR2LgswBzP7J3/BVP/goX+xHrmj6r+zj+1n8ZfBWkaRfw3x+Hd/4w1Xxd8JdWMUgaW31v4V+LLnWfAmox3UfmW8tw+hJqMMM0rWN9aXGy4iAP9QP/AIIJf8FrvD//AAV8+A/iseM/DejfDr9qn4FtoFj8bPBXh43Mfg/X9N8SnU08MfEr4dQ6pqOpavD4b1uTRtRsNa0G/vtSv/COvWws7rUr3TtW8P6hqAB4N/wdwlx/wRn+JfljLf8AC7PgUD/uHxXKJD36Rlj+HbGaAPwv0P8Aa9/4PN4tE0eLR/2fPFMmkRaXp8elyD9nf9nKQSaclpEti4eSMSOGthE2+Qb2zlsMTQBqf8Ng/wDB6R/0bz4q/wDEdP2b/wD43QAf8Ng/8HpH/RvPir/xHT9m/wD+N0AH/DYP/B6R/wBG8+Kv/EdP2b//AI3QAf8ADYP/AAekf9G8+Kv/ABHT9m//AON0AH/DYP8Awekf9G8+Kv8AxHT9m/8A+N0AH/DYP/B6R/0bz4q/8R0/Zv8A/jdAB/w2D/wekf8ARvPir/xHT9m//wCN0AH/AA2D/wAHpH/RvPir/wAR0/Zv/wDjdAB/w2D/AMHpH/RvPir/AMR0/Zv/APjdAB/w2D/wekf9G8+Kv/EdP2b/AP43QAf8Ng/8HpH/AEbz4q/8R0/Zv/8AjdAB/wANg/8AB6R/0bz4q/8AEdP2b/8A43QAf8Ng/wDB6R/0bz4q/wDEdP2b/wD43QAf8Ng/8HpH/RvPir/xHT9m/wD+N0AH/DYP/B6R/wBG8+Kv/EdP2b//AI3QAf8ADYP/AAekf9G8+Kv/ABHT9m//AON0AH/DYP8Awekf9G8+Kv8AxHT9m/8A+N0AH/DYP/B6R/0bz4q/8R0/Zv8A/jdAB/w2D/wekf8ARvPir/xHT9m//wCN0AH/AA2D/wAHpH/RvPir/wAR0/Zv/wDjdAH5I/tYf8E6v+C+37cPxt8R/tGftRf8E1PFXxP+Mvi3T/Dul+IfGP8AYUXgr+0LDwpodj4b0CD/AIR74efFrwl4VtPsGi6dZ2Xm2Wh20115P2i9kubuWW4cA/Hv9rL9iL9rH9lDx/8ADXwD+0Z+yjqv7OvjL4k2puvAvg7UJtYlm8c241qDRjcQNqfjzxjOuNVnh0vFvqOmDdKD5ZcidQD+rD4R/Gv/AIPC/gV8Kvhr8EvhX+y54q8LfDH4QeAvCPwx+HXhn/hRHwI1v/hHvA/gTQNP8L+FND/tnxHe6v4g1b+ytC0uxsf7S1zVdT1e+8j7TqWoXl5LPcSgHoX/AA2D/wAHpH/RvPir/wAR0/Zv/wDjdAB/w2D/AMHpH/RvPir/AMR0/Zv/APjdAB/w2D/wekf9G8+Kv/EdP2b/AP43QAf8Ng/8HpH/AEbz4q/8R0/Zv/8AjdAB/wANg/8AB6R/0bz4q/8AEdP2b/8A43QAf8Ng/wDB6R/0bz4q/wDEdP2b/wD43QAf8Ng/8HpH/RvPir/xHT9m/wD+N0AH/DYP/B6R/wBG8+Kv/EdP2b//AI3QAf8ADYP/AAekf9G8+Kv/ABHT9m//AON0AfnZ+39+zV/wczf8FNdK8A6f+2B+w34q8e3nwvvdVu/A3ibQ/g38FfA/i/Q7fXIYY9b0VPEfhG/0rU73w/qklpY3l1oV/Jead/aNhZ38EEN3EZWAP3U/4Nbv+Cw/inxDFdf8EiP22L3XvC/7RXwLbXPCv7PN18Qre80nxRrXhf4fx3Vr4o/Z68V2urRW+pWXxA+DsWj6g/hiz1JReXvgbT7/AMNyQ2Fx4AtU14A/tloAKACgAoAKACgAoAKACgAoAKACgAoAKACgAoAKACgAoAKACgAoAKACgAoAKACgAoAKACgAoAKACgAoAKACgAoAKACgAoAKAP/S/v4oAKACgD+cn/g6x+Eeq/FT/gi9+0BqejWj3178H/HHwZ+LklrEpadtK0n4g6T4R8QXca4I2aT4f8aaprN4xZAmn6fdyAsyCNwD+HT/AINRJUj/AOC3H7NKMcNP4G/aKijH95x8BvH8xA/7Zwu3f7v1KgH9dX/B5xKkf/BJ34bo7Yaf9tn4QxRD+84+E/x9nKj/ALZwyN3+775UA/m4/wCDNL4Rap43/wCCpfjv4nLBMugfBT9lv4h6reagIWe2HiDx14p8DeCNC0eSYArBc6hpOpeLNTt9xUyw6BeKucNQB/qPUAFAEc0MNzDLb3EUc8E8ckM8E0aywzQyqUlilicFJI5EZkkjcFXUlWBBIoA/BH/gpx/wbt/8E/f+ChPw48VyeGvhF4B/Zo/aUey1C+8E/Hv4O+D9J8GSy+KHj823X4q+E/DFvpehfEzw/qV1Fb2+s3Os2LeMrKx8w+GvE2kTGVLsA/kL/wCDS3wD8WfgF/wW5/aI+A3irTX03xL8N/2e/wBo74UfGvR7e6a7sdH1j4a/Gf4WaFqi+fADbXf9n+P9DsdLtL0hUeK8lMEgFyUlAP6gP+Dtz/lDT8TP+y0fBD/1JrigD+jzwL/yJHg7/sVfD3/pos6AOqoAKACgAoAKACgAoAKACgAoAKACgAoAKACgAoAKACgAoAKACgD/AD2P+Dwf/lIj/wAEvP8AsVJP/V4+H6AP9CegAoAKACgAoAKAIEuraWea1juIJLm2ETXFuk0bz26zBjC00SsZIhKEYxGRVDhWK7sEqAT0AFABQAUAfxDf8HRH/BIrxpY6rpv/AAWV/Yai1TwX8efgRdeHfGH7RVn8P4pdP8SXth4FurO68KftJ+GW0yL7SPGXwzFjY2/xDn2yreeBtM03xVMbNfBevza4AfuF/wAEKf8Agrv4L/4Ky/sk6d4r1a60vRf2ovg/a6H4P/aY8AWax2kcfiWe1nj0f4m+GrFcCPwN8TotMv8AVtNt41K+HNetfEXhF5LqLQ7TVdUAP23oAKACgAoAKACgAoAKACgAoAKACgAoAKACgAoAKACgAoAKACgAoAKACgAoAKACgAoAKACgAoAKACgAoAKACgAoAKACgAoA/9P+/igAoAKAPN/jF8J/A3x5+E3xM+CXxN0ePxB8Ovi54D8WfDfxxoshVRqXhXxpod74e1y1jlaOX7PcSadqFx9lulRpLS5EVzFiWJGoA/y6/wBlj9mbxz/wQF/4OH/2XNC/amuZdB+Ctt8UfHHhv4ffHfWIP7N8CfEX4OfGbwN46+Dnhr4iT6qpOmaUfDt3460af4laZPdH/hAtY0++bUpX0aKw1W/AP3c/4PSf2gvDOu/s+/sY/sX+C9Rj8XfFr4nfHyH462/gfwq39veJJPDPhTwP4t+G3hCc6PpS3eoSJ458R/Fa8svB8ccLN4ivPDesR6XFeS6ZMIgD9SP+DaT/AIJPeJ/+CZX7Fuq+IvjZoraF+1H+1Nqmg/ED4teHp/s73nw68KeHrPUrb4XfC2+mg3K+t+H7DXdf8R+K0Dkaf4n8X6n4dzcx+HoL+7APyi/4PFP2+P2z/wBm24/ZR+AHwB+JHxG+Bnwk+Lfhf4geNfHfj34Za5rfgrxF8QPEvhjW9D0i28ASeOPD91Y61ZaJ4X0vUYNb1nw9pmoWdvrzeLdNbXY9QtdPsYYAD5G/4IVf8FP/APgq147/AOCZn/BWbSvBviT4jftJ/Eb9lf4PeDPHn7Mfjj4gwax8WvHPhHxX4yufF1p4x8L6dqHiFfEOrfES58P+D/D918Qfh/4H1lNft9P1fw6+inT7vQddttGUA/M/9hb/AIOuv+CnH7MHxFguv2ifHC/to/BvUr7d4o+H3xPttA8O+NNNhnuTNe6h8Pvif4a8OWusaHqygiKDTfFNj4y8Ix2qNZ2fh3S5pE1G3AP7M/h//wAHUP8AwTB+L3w60a9+EP8Aw0Z8TP2kfFVrFZ+Df2MfB37P3xF8Q/HbxV4yubZGtfCelanoOjat8JJy94xim1mH4jz2kNnFPerBLIi2TgHd/wDBDv8A4Jf/ABO/ZY179qz9vb9r3R9D0X9uP/goP8T/ABb8VviF4C8P6jHrWjfs/wDgfxn421n4iw/B+w1y3nubTWNal8Q64NQ8Y31hcXWlQDRPCnh/TLi8Hh281nWQDyn/AIO3P+UNPxM/7LR8EP8A1JrigD+jzwL/AMiR4O/7FXw9/wCmizoA6qgAoAKACgAoAKACgAoAKACgAoAKACgAoAKACgAoAKACgAoAKAP89j/g8H/5SI/8EvP+xUk/9Xj4foA/t9/a+/Yw+Av7c3wwtfhJ+0HpHjLU/C2l+IIvFuhXXgP4o/Ej4TeI9C8U22j6xoVnrdn4g+GnifwxqF61pp+u6ki6NrsmseGrqWaKfUNDvZbW2aAA/wAdX/goCnxt/ZB/be/at/Zh8O/tGfHfXPDPwM+PHxJ+HXhTWNa+KHi861qXhPw/4mv7bwteay1nrEFpJq8/h/8As2TVJbW3traW/a4kgtbaJ0t4gD+zT/gg5/wRe/Zw/b1/4Jg/DP8Aaf8A2j/jJ+2DrPxd+Lviz4sxx+IPBv7TXxJ8GReCNJ8CfErxJ8PNI0/w9pFrqd9od9PLH4Tk1q71DxFpmrSvd6tLaxwx21nb0Afz+/8ABRf4hf8ABT7/AIIK/wDBQnxn+zz8F/8AgoP+1PqngTTdM8MfFP4Mar4y+I2veKfD3jD4ZeMTdSaQfGXww8Y33ib4aa7rHh3xBo/iTwPrd9N4XGn63f8Ahq/1ey0zSLPVRpFoAf29f8ECP+C3EH/BT/8AZI+LHjH9odPB3w4+Ov7Jf9mr+0Fremyx6B4A1jwHqmha3rfh34yxW2oXkqeFLS/s/CPjK38Y6W13JpGjal4Yu9XsZ7HR9ZstH0oA+Uvj78GP+Ct3/BeTwzf+Ovgr+0vL/wAEx/8AgnH4lhmf4B6DHpHi8/tGftT+DHWQab8Y/ivZeGNc8Iax4L+G3j5Y4tT8B+BZvF1kt34P1Gz1jxF4S8QGXSNc1AA/hb/4KZf8Ez/21P8Agih+0l4M0rx/8Qrhb3xva6l44+CX7SHwZ8T+LvD0Pi8eHdWs11xrLWT/AGL4p8M+P/CV/f6DeeJ9Ga4nm0mTXNB1Kw1nVrHUrHUpQD+83/g1c/4Kz/G//got+zl8Zvg9+054hm8e/Gz9lDU/AVvH8VtRUjxH8SPht8S4fFv/AAi9x4yljhS11Pxh4U1LwVrejal4hUwXniDSLjw7eaxBeeIE1nXNZAP6rKACgAoAq31jZanZXem6laWuoadqFrcWN/YX1vFd2V7ZXcTwXVpd2s6SQXNrcwSPDcW8yPFNE7xyIyMy0Af5tn/BRX9mf45f8GyX/BUT4ff8FDP2M9Jvbz9if47eLNT02++HdrJcWvhfTtM1y6h174mfsp+LrmO3uLPTtH1CyspvF3wH1y7guLvSU0K1khtdY1T4Zare6uAf6Cf7Jv7U/wAGf21v2efhd+078AfEyeKvhb8WPDkOvaDeOiW+qaXdRyy2Gu+FvEdgks/9leKvCeu2moeHfEmltNMLLWNNu4YZ7m2ENzcAH0VQAUAFABQAUAFABQAUAFABQAUAFABQAUAFABQAUAFABQAUAFABQAUAFABQAUAFABQAUAFABQAUAFABQAUAFABQAUAFAH//1P7+KACgAoAKAPDf2gf2Zf2ev2rfAcvww/aU+C/w3+OHgGS8i1KPwx8SvCekeKtOsdUtwVg1bSP7TtZ7jRdYgRnih1bSJ7LUooZJYY7pYpXRgD5l/Zu/4JOf8E4P2RfG6fEz9nj9jv4L/Dv4jW6tHpnj6Pw9N4n8aeH4nhe2eDwr4o8aX3iPW/CUD2cjWDweGr7SoX08Jp7R/Y4o7dQD9DKAPnH9p/8AZD/Zl/bR+HY+FH7VHwT8B/HDwDFqUOtWGh+ONIF7JoutQRyQR614b1i2ktde8MayLWa4sn1Xw9qemahLYXN1YS3LWd1cQuAXf2av2U/2cf2OvhrbfCD9l/4NeBPgl8ObfULrWJPDXgXRotNi1LWr1Yo7vXNe1CRrjV/Eeu3EFva2kuta/qGpao1jZ2Nibs2dlawxAHzZ8Yv+CRv/AATF+P3jC/8AiD8Xf2E/2ZvGHjjV7z+0Nb8WzfCvw3pHiDxBfklnvvEeq+H7TSLzxDeS5xPc61LfTzqqJNI6Ii0AfQH7P37G37Jf7KNndWX7M/7NXwN+A6ahb/ZdVuvhT8L/AAd4J1XWrcSrMI9e1vQtIstY10CVI3DavfXrAxRAELFGEAPpSgD+Zn/g7c/5Q0/Ez/stHwQ/9Sa4oA/o88C/8iR4O/7FXw9/6aLOgDqqACgAoAKACgAoAKACgAoAKACgAoAKACgAoAKACgAoAKACgAoA/wA9j/g8H/5SI/8ABLz/ALFST/1ePh+gD/QnoA/xZP8Aguh/ymA/4KJf9nQ/Eb/0vjoA/wBHf/g1T/5Qe/snf9jN+0f/AOtJfFagD+Q3/g878b+FPE//AAVT+F/hzQbqzvNd+HH7GXwv8L+NzbyK9xpmuar8UfjZ460zQ79FYmKeLwr4u8P67EjqjtaeIoJPmjeNqAP0Z/4MkfgB4wn0n9vr49+I9Dkb4ReMbT4UfA3SP7UtEuND8a+I9GXxl4p8dacbW5hkt7+HwzoXiXwpbahHKHtpI/GZtWjmxcJEAf35ww2Wl2MVvbxWunabp1rHDBBDHDaWNjZWkISKKKJBHb2trawRqkcaLHDDCgVQqKAoB/mff8Hgn/BRz9nX9rP42fs2/sy/s8+NfDnxTH7LEfxX1f4rfEPwheaZ4h8Hp45+Jn/CAWNn4B8NeLNOurm11a/8I6f4Gup/G/8AZUtzpNvq+taZoct62v8AhvXNP0sA/pi/4Ncv+Cc/wx/Ym/Yf1z4ueGvjh8Kv2hfiV+1tqnhfxb8Q/HHwU8T23jD4ceFtH8EadqsHgr4T6ZrsUVvc3viLwZJ4u8UXvjl7+x0q6s/FHiG98P8A9nNa+H7TVdVAP6aaACgAoAKAPmj9sH9kz4Mftx/s4/FL9l74++HY/EXw2+Knhy40XUDHHbf2z4b1aPF14d8a+FLy6guY9L8XeDtbhsvEHhzUjBPHbanYwC6t7uxlurO4AP4A/wDgmX+1Z8b/APg2p/4Kb/Eb/gmt+3L4gupf2N/jD4psNT0v4hPBeQ+DtBm8TOml/DX9qTwfFdecLTwh4n0/TofB3xr0eyuZ38P3ejXL3d5qOrfC19P1cA/0jbe4t7u3gu7SeG6tbqGK4trm3lSa3uLeZFkhngmjZo5YZY2WSKWNmSRGVkYqQWAJqACgAoAKACgAoAKACgAoAKACgAoAKACgAoAKACgAoAKACgAoAKACgAoAKACgAoAKACgAoAKACgAoAKACgAoAKACgD//V/v4oAKACgAoAKACgAoAKACgAoAKACgD+Zn/g7c/5Q0/Ez/stHwQ/9Sa4oA/o88C/8iR4O/7FXw9/6aLOgDqqACgAoAKACgAoAKACgAoAKACgAoAKACgAoAKACgAoAKACgAoA/wA9j/g8H/5SI/8ABLz/ALFST/1ePh+gD/QnoA/xZP8Aguh/ymA/4KJf9nQ/Eb/0vjoA/ry/4IO/BX/gtZ8SP+CSfwAP7GX7an7JP7OnwJ1DWfjhB4LtfGf7Puq/Ej4w6Ddx/G34hW/ii81HWdcOs+CdQNz4pXWNQ0SJvDrxW2lTWFpdrLNDM8oB6h4G/wCDPXSfi58aNf8A2hv+CkP/AAUD+K/7T3xD8deLD4v+Idp4B8G2fw+ufF9/5sIay1r4heKNe8daxJpFxZW1tpUdj4c8L+DzoOhwW+i+GrjSrey0+a0AP69v2f8A9n34MfssfCDwR8BP2ffh7oHwt+Efw60r+x/CHgvw5FOthpttJcTXt5c3F3ezXWqaxrGq6hc3Wqa5r2tX2o63rurXl5qusahe6hd3FzKAecftn/safBD9vb4BeKv2bf2hLPxje/DXxbLa3d/H4G8feK/h5rsOoWCXK2F0uq+FdTsBqltbNdSyyeHvE1rr3hLUpVgfWPD+pfZrdYAD/Ny/4LV/8GvfxY/4J0eBPFH7Uf7L/jrW/wBoj9lLwxJHd+OdL8SafZWvxs+C+iXM8drFr/idNCs7Lw78QfBVpcyQR6z4w8OaV4a1DQPtsVzq3guDw/Y6p4ntwDP/AODRv9uL4j/AX/gpZ4Z/ZPPiHUbj4H/thaD420DxB4Pur1zoGi/FHwL4E174g+B/iFp9i+4W/iG5tPB+p/Du6ezMCarp3iy1bVlu28PaG9gAf6o9ABQAUAFABQB+GX/Beb/gj94U/wCCsn7J13onhi10TQv2rvgzDqviz9nLx7frBZpealLbrJrvwk8U6qYmlh8E/EeK0tbZ7lpFTw14rsvDninE9jp2r6Vq4B+NP/Brl/wWC8V639u/4JBftt32t+GP2jPgPNr/AIS/Z7u/H8c+n+JNb8M/Dxbu08U/s9eJ49REd9b+Pfg9Ho+oyeFbe9LT6h4E0++8O+VZS+ArIa4Af2x0AFABQAUAFABQAUAFABQAUAFABQAUAFABQAUAFABQAUAFABQAUAFABQAUAFABQAUAFABQAUAFABQAUAFABQAUAFAH/9b+/igAoAKACgAoAKACgAoAKACgAoAKAP5mf+Dtz/lDT8TP+y0fBD/1JrigD+jzwL/yJHg7/sVfD3/pos6AOqoAKACgAoAKACgAoAKACgAoAKACgAoAKACgAoAKACgAoAKACgD/AD2P+Dwf/lIj/wAEvP8AsVJP/V4+H6AP9CegD/Fh/wCC5siSf8Ffv+CibRurqP2pPiVGWRgwDxamIpUJBIDRyI8br1V1ZWAYEKAf6O//AAaoyRv/AMEPv2UlR1ZovFP7R0cqqwJjkP7R3xSlCSAco5iljkCtglHRvuspYA/onoA8q+OHxw+E37Nnwl8d/HX46eOtE+Gvwl+GehTeJPHHjfxDJcLpehaTFNDbJI0NnBd6hf3t9fXNppmkaRpdnfavrer3tjpGkWN9qd7aWkoB8VfsRf8ABX//AIJz/wDBRTXta8H/ALJP7THhn4i+O/D1lcarqXw+1fw/42+G/jx9GtbgwT65pPhP4l+GvCWs+I9Ft91vLf6n4cttXtNIS9sY9Zk065uoregD70+Jfh7wR4u+HHxA8KfEy10y9+G/ifwT4q8PfECz1t0j0a78Ea1oV/pviu21eSUrFHpk+hXN/FfySMqJatKzkKCaAP8AL+/4NGP2J/F/xz/4Kc237U9rpmon4Lfsa+GvGuu3/iq8tfs+nax8RfiZ4P8AE/w1+H/g5CVkWXWG0TxH4m8d3MNrIV0uPwnai/ni/tTTIr8A/wBTegAoAKACgAoAKAP4h/8Ag6I/4JE+M7LVNN/4LKfsNQ6r4M+PXwIuvDvjD9omz+H8cun+JL7T/At1Z3XhT9pLwydMgNyPGXwyWxsLf4hT4kW98C6ZpviuY2S+C9fl1wA/cD/ghR/wV38Gf8FZf2SdO8V6tc6Von7UXwettD8H/tL+ALNYrSOPxJPazx6N8TvDNguPL8DfE6LTL/VdNt41K+HNetPEXhF5LqPQ7TVdUAP24oAKACgAoAKACgAoAKACgAoAKACgAoAKACgAoAKACgAoAKACgAoAKACgAoAKACgAoAKACgAoAKACgAoAKACgAoA//9f+/igAoAKACgAoAKACgAoAKACgAoAKAP5mf+Dtz/lDT8TP+y0fBD/1JrigD+jzwL/yJHg7/sVfD3/pos6AOqoAKACgAoAKACgAoAKACgAoAKACgAoAKACgAoAKACgAoAKACgD/AD2P+Dwf/lIj/wAEvP8AsVJP/V4+H6AP7f8A9ru4/bag+GNqv7Bmj/star8ZLjX44L+X9rfxN8WPDnw20nwq+j6wZtUsY/g94P8AFvibXvEcOvroEcGiXLeHtLn0mbV7iTXYbu1s7S7AP8/v42f8GhX/AAWJ/aE+MXxS+O/xS/aS/wCCfuufEj4x/EHxd8TfHWrRfEv9oayt7/xX4312+8Ra5PaWMP7KTQWFkdQ1CdbGwt8W9jaLDaW6pDCiKAf0K/8ABFn/AIJ4f8FuP+CWfgfwx+zD438Yf8E2/jD+yU3xYHjHWjZ/Ej9peP40/Dvw54r1LTX+I0HwzuJP2ffD3g/xDJNDBf8AiPQPDPi9NNt5vFV7ex3Pi/S9K1E/YAD+pegD4i/4KOfsR+D/APgoz+xb8dP2N/G/ijVPBGkfGLQdEgsfGej2cWpX3hTxV4O8W6B4+8F6+dKnuLOLWbDTvFvhbRZtY0U32nvrGji/0yHU9Nnuo7+1AP8AOpvf+DVP/guD+zB8adA8cfs13vwv8VeI/AHiez1/4efGr4OfH3S/h1rOjXtnJ52n65bxfEH/AIV/4m0XUYEPlalZ2kOpwbnurKG61jT3M9wAf1aeDf2R/wDg4Y/bb+A837OH/BQ79qD9k/8AZb+CnjHwzP4L+MfiP9lvwVq/iv8Aa8+LfhC9T7F4n8L6r4kudTh+BPw6g8baNLc6Rq3iT4f6XNOljc3tnJ4Ulsry4tbgA/d/9jz9jf8AZ3/YN+A/hL9nD9mH4f2Pw9+GXhMT3QtYpZdQ13xN4iv1i/trxl408Q3ZfUvE3i3XZIIW1HV9QkYpbW9jpGmQ6foWlaTpdkAfUFABQAUAFABQAUAVb2ystTsrvTdRtLXUNP1C1uLK/sL23iu7K9sruJoLq0u7WdXgubW5gkeG4t5keKaJ2jkVkZhQB/m2f8FFv2Zvjl/wbJ/8FRPh9/wUN/Yx0i8vP2J/jr4s1PTb74d20txbeF9N03XbqHXviZ+yn4uuY7aez07RtQsrKbxd8B9du4J7vSU0K1eG11jVPhlqt7q4B/oJ/sm/tT/Bn9tb9nn4XftO/AHxMnin4XfFjw5Dr2hXjokGqaVdxyy2Ou+FvElgks/9leKvCeuWuoeHfEmltNMLLWNNu4obi5thDcTgH0VQAUAFABQAUAFABQAUAFABQAUAFABQAUAFABQAUAFABQAUAFABQAUAFABQAUAFABQAUAFABQAUAFABQAUAFAH/0P7+KACgAoAKACgAoAKACgAoAKACgAoA/mZ/4O3P+UNPxM/7LR8EP/UmuKAP6PPAv/IkeDv+xV8Pf+mizoA6qgAoAKACgAoAKACgAoAKACgAoAKACgAoAKACgAoAKACgAoAKAP8APY/4PB/+UiP/AAS8/wCxUk/9Xj4foA/0J6ACgAoAKACgAoAKACgAoAKACgAoAKACgAoA+af2wP2TPgx+3H+zj8Uv2X/j74cj8R/Db4qeHbjRdR8tLZdY8OatHi68O+NPCl7c291HpXi7wdrcNl4g8OambedLfU7GBbq2u7GW7tJwD+AH/gmZ+1Z8b/8Ag2p/4Kb/ABG/4Jrftya/cy/sb/GLxTp+p6Z8QngvIfB2hS+JnXSvhr+1L4QiuvNFp4Q8Tafp0Pg742aPZXM7+H7vRrl7u81LVvhc2nayAf6R1vcW95bwXdpPDdWt1DFcW1zbypPb3FvOgkhngmjLRzQzRsskUsbMkiMHQlSDQBNQAUAFABQAUAFABQAUAFABQAUAFABQAUAFABQAUAFABQAUAFABQAUAFABQAUAFABQAUAFABQAUAFABQAUAf//R/v4oAKACgAoAKACgAoAKACgAoAKACgD+Zn/g7c/5Q0/Ez/stHwQ/9Sa4oA/o88C/8iR4O/7FXw9/6aLOgDqqACgAoAKACgAoAKACgAoAKACgAoAKACgAoAKACgAoAKACgAoA/wA9j/g8H/5SI/8ABLz/ALFST/1ePh+gD/QnoAKACgAoAKACgAoAKACgAoAKACgAoAKACgAoA/DL/gvN/wAEfvCn/BWT9k670Pwza6JoX7V3wZh1bxZ+zj49v1gtEvNSlt0k134SeKdVMTSw+CfiPFaWtq9y7qnhrxVZeHfFOJ7LTtX0rVwD8af+DXL/AILBeK9aN9/wSC/bbvtb8MftF/AebX/CX7Pd34+SfT/Emt+Gvh6Luz8U/s8+J49REd7B49+D8ekajJ4Ut7zfPqHgTT77w75djL4BshrgB/bHQAUAFABQAUAFABQAUAFABQAUAFABQAUAFABQAUAFABQAUAFABQAUAFABQAUAFABQAUAFABQAUAFABQAUAf/S/v4oAKACgAoAKACgAoAKACgAoAKACgD+Zn/g7c/5Q0/Ez/stHwQ/9Sa4oA/o88C/8iR4O/7FXw9/6aLOgDqqACgAoAKACgAoAKACgAoAKACgAoAKACgAoAKACgAoAKACgAoA/wA9j/g8H/5SI/8ABLz/ALFST/1ePh+gD/QnoAKACgAoAKACgAoAKACgAoAKACgAoAKACgAoAKAP4h/+Doj/AIJE+NLPVNN/4LJ/sNQ6r4M+PXwJuvDvjD9omz+H8cun+JL7TvAlzZ3XhT9pLwydMgFyPGXwxWxsLf4gz/vFvfAum6b4rmayXwXr02vAH7gf8EKP+Cu/gz/grL+yTp3ivV7nStE/ai+D9tofhD9pfwBZrFaRx+JJ7WePRvid4ZsFxs8DfE6LTb/VdNt412+HNftPEXhF3u4tDs9W1QA/bigAoAKACgAoAKACgAoAKACgAoAKACgAoAKACgAoAKACgAoAKACgAoAKACgAoAKACgAoAKACgAoAKACgD//T/v4oAKACgAoAKACgAoAKACgAoAKACgD+Zn/g7c/5Q0/Ez/stHwQ/9Sa4oA/o88C/8iR4O/7FXw9/6aLOgDqqACgAoAKACgAoAKACgAoAKACgAoAKACgAoAKACgAoAKACgAoA/wA9j/g8H/5SI/8ABLz/ALFST/1ePh+gD/QnoAKACgAoAKACgAoAKACgAoAKACgAoAKACgAoAKAK17ZWepWd3p2o2ltf6ff209lf2F7BFdWd7Z3UTwXVpd2s6SQXNtcwSPDPBMjxTRO8ciMjFaAP82z/AIKL/szfHL/g2T/4Kh/D7/god+xjpF7d/sT/AB08Wanpt/8ADu2luLfwtpmna7dRa78TP2VPF1zFbTWmnaLqNlZTeLvgPrl5BPd6SuhWrQ2usap8MdUvtXAP9BL9k39qf4M/trfs8/C79p34A+Jk8U/C74seHIde0K7dEt9U0q7jllsdd8LeJNPSa4/srxV4T1y11Dw74k0szzCy1jTruKG4ubYQXM4B9FUAFABQAUAFABQAUAFABQAUAFABQAUAFABQAUAFABQAUAFABQAUAFABQAUAFABQAUAFABQAUAFABQB//9T+/igAoAKACgAoAKACgAoAKACgAoAKAP5mf+Dtz/lDT8TP+y0fBD/1JrigD+jzwL/yJHg7/sVfD3/pos6AOqoAKACgAoAKACgAoAKACgAoAKACgAoAKACgAoAKACgAoAKACgD/AD2P+Dwf/lIj/wAEvP8AsVJP/V4+H6AP9CegAoAKACgAoAKACgAoAKACgAoAKACgAoAKACgAoAKAPmn9sD9kz4Mftx/s5fFL9l/4++HI/Efw1+Knh240XUfLS3XWPDurRkXXh3xp4Vvbm3uY9K8XeDtbhsfEHhzUjBNHbanYQC6t7qxlurS4AP4Af+CZn7Vfxv8A+Daj/gpx8Rv+Ca/7cev3Uv7G3xj8VafqWmfEJ4LyDwdoUniV10r4aftS+EIbnzVtPCPibT9Pg8HfG3R7K5nk0C60a5e7u9S1b4WnT9aAP9I63uLe8t4Lu0nhurW6hiuLa5t5Unt7i3nRZYZ4Jo2aOaGaNlkiljZkkRldGKkFgCagAoAKACgAoAKACgAoAKACgAoAKACgAoAKACgAoAKACgAoAKACgAoAKACgAoAKACgAoAKACgAoA//V/v4oAKACgAoAKACgAoAKACgAoAKACgD+Zn/g7c/5Q0/Ez/stHwQ/9Sa4oA/o88C/8iR4O/7FXw9/6aLOgDqqACgAoAKACgAoAKACgAoAKACgAoAKACgAoAKACgAoAKACgAoA/wA9j/g8H/5SI/8ABLz/ALFST/1ePh+gD/QnoAKACgAoAKACgAoAKACgAoAKACgAoAKACgAoAKACgAoA/DP/AILy/wDBH/wn/wAFZP2TrvQ/DNrouhftXfBmDVvFv7OPjy/WC0S81OW3STXfhL4p1Romlh8E/EiKztLWS5ZwnhrxVZeHfFO2ey07VtL1UA/Gf/g1y/4LA+LNYN9/wSA/bcvda8L/ALRXwHm1/wAJfs93fj5J9P8AEmteG/h79rtPFP7PPieLUdl7B48+EEekajJ4Tt7wvNf+BNPvvDgjsZfAVkNeAP7ZKACgAoAKACgAoAKACgAoAKACgAoAKACgAoAKACgAoAKACgAoAKACgAoAKACgAoAKACgAoAKACgD/1v7+KACgAoAKACgAoAKACgAoAKACgAoA/mZ/4O3P+UNPxM/7LR8EP/UmuKAP6PPAv/IkeDv+xV8Pf+mizoA6qgAoAKACgAoAKACgAoAKACgAoAKACgAoAKACgAoAKACgAoAKAP8APY/4PB/+UiP/AAS8/wCxUk/9Xj4foA/0J6ACgAoAKACgAoAKACgAoAKACgAoAKACgAoAKACgAoAKACgD+Ij/AIOiP+CRHjO01PTf+CyX7DcOq+Dfj18Cbrw74w/aKs/ACS6f4kvtN8CXNndeFP2kvDLaZCLlfGfwxWwsLf4gTgSLeeBtN03xXM1mPBevS64Aft9/wQo/4K8eDP8AgrL+yTp/irV7nStE/aj+D1tonhD9pfwBZiK1jTxHPazpo3xO8M2CkeX4G+JsWm3+qadbxpt8Oa/aeIvCLyXUWiWeraqAftzQAUAFABQAUAFABQAUAFABQAUAFABQAUAFABQAUAFABQAUAFABQAUAFABQAUAFABQAUAFABQB//9f+/igAoAKACgAoAKACgAoAKACgAoAKAP5mf+Dtz/lDT8TP+y0fBD/1JrigD+jzwL/yJHg7/sVfD3/pos6AOqoAKACgAoAKACgAoAKACgAoAKACgAoAKACgAoAKACgAoAKACgD/AD2P+Dwf/lIj/wAEvP8AsVJP/V4+H6AP9CegAoAKACgAoAKACgAoAKACgAoAKACgAoAKACgAoAKACgAoArXtlZ6lZ3enajaW1/p9/bT2V9Y3sEV1Z3tndRPBdWl3azpJBc21zBI8M8EyPFNE7xyIyMVoA/zbP+CjH7Mvxy/4NlP+Cofw+/4KH/sYaReXf7FHxz8V6npt98O7aW4tvC2mafr1zFrvxM/ZU8XXEVvPaafomo2VlN4u+BGu3kFxdaSuh2rQ2urap8MdSvdXAP8AQR/ZM/ao+DP7a/7PHwu/ad+APiZPFPwu+LHhyDXtDu3WODVNJvI5ZbHXvCviSwSWf+yvFXhLXLXUPDviXSzNMLLWNNu4oZ7m2Fvc3AB9F0AFABQAUAFABQAUAFABQAUAFABQAUAFABQAUAFABQAUAFABQAUAFABQAUAFABQAUAFABQB//9D+/igAoAKACgAoAKACgAoAKACgAoAKAP5mf+Dtz/lDT8TP+y0fBD/1JrigD+jzwL/yJHg7/sVfD3/pos6AOqoAKACgAoAKACgAoAKACgAoAKACgAoAKACgAoAKACgAoAKACgD/AD2P+Dwf/lIj/wAEvP8AsVJP/V4+H6AP9CegAoAKACgAoAKACgAoAKACgAoAKACgAoAKACgAoAKACgAoAKAPmn9sD9k34Mftxfs5fFL9l/4++HI/Efw1+Kvh240XUQi266x4d1WMi68O+NPCt7c290mleLvB+tw2PiDw5qZt50ttTsIBdW93ZSXVnOAf5/P/AATJ/a1+M3/Btb/wU++J3/BNH9t3xO91+x58V/Fml39v4823MfhTwzN4qEdj8L/2o/C9tcGc6d4T8VaTZ23hT406NbTzSaHNpFxLc3Wpap8L/sOsgH+ktbXNveW8F3aTw3VpdQxXNrdW0qT29zbzossM8E0TNFNDNG6yRSxsySIyujFSCwBNQAUAFABQAUAFABQAUAFABQAUAFABQAUAFABQAUAFABQAUAFABQAUAFABQAUAFABQAUAf/9H+/igAoAKACgAoAKACgAoAKACgAoAKAP5mf+Dtz/lDT8TP+y0fBD/1JrigD+jzwL/yJHg7/sVfD3/pos6AOqoAKACgAoAKACgAoAKACgAoAKACgAoAKACgAoAKACgAoAKACgD/AD2P+Dwf/lIj/wAEvP8AsVJP/V4+H6AP9CegAoAKACgAoAKACgAoAKACgAoAKACgAoAKACgAoAKACgAoAKACgD/Mq/4OyPhF4y/aC/4Llfsv/AX4dQWFz8Qfjd+zx+zH8IvAltqt8mmaXceMviT8f/jJ4N8MQalqUiSR6dYS63rNjHeX0iOlpbtJcMjLGVoA/XD/AINc/wDgsD4s1dr7/gkB+25e614W/aK+A82v+Ef2ervx+s+n+Jda8N/D77ZaeKv2ePE8WoiO9g8efCCPSNRk8JW92Xmv/AmnX/hwR2cvgKx/twA/tloAKACgAoAKACgAoAKACgAoAKACgAoAKACgAoAKACgAoAKACgAoAKACgAoAKACgAoAKAP/S/v4oAKACgAoAKACgAoAKACgAoAKACgD+Zn/g7c/5Q0/Ez/stHwQ/9Sa4oA/o88C/8iR4O/7FXw9/6aLOgDqqACgAoAKACgAoAKACgAoAKACgAoAKACgAoAKACgAoAKACgAoA/wA9j/g8H/5SI/8ABLz/ALFST/1ePh+gD/QnoAKACgAoAKACgAoAKACgAoAKACgAoAKACgAoAKACgAoAKACgAoA/z2f+C6v/ACtX/wDBJH/saP8Agmz/AOtveNKAPrD/AIOiP+CRHjO21LTf+CyX7DcOreDfj38Cbrw74w/aJs/h+kun+I7/AE3wHc2d14U/aR8MtpkX2pPGfwwWwsIPiBcKJRe+BtN03xVN9iHgrXZdcAP28/4IT/8ABXjwZ/wVl/ZK0/xVrFzpOiftR/B620Twh+0v4AshFaxp4intZo9G+J/hmwXBj8DfE2LTb/VNOt41K+HPEFp4i8IvJdQ6JZ6rqgB+3VABQAUAFABQAUAFABQAUAFABQAUAFABQAUAFABQAUAFABQAUAFABQAUAFABQAUAFAH/0/7+KACgAoAKACgAoAKACgAoAKACgAoA/mZ/4O3P+UNPxM/7LR8EP/UmuKAP6PPAv/IkeDv+xV8Pf+mizoA6qgAoAKACgAoAKACgAoAKACgAoAKACgAoAKACgAoAKACgAoAKAP8APY/4PB/+UiP/AAS8/wCxUk/9Xj4foA/0J6ACgAoAKACgAoAKACgAoAKACgAoAKACgAoAKACgAoAKACgAoAKAP89n/gur/wArV/8AwSR/7Gj/AIJs/wDrb3jSgD/QdvbKz1Kzu9O1G0tr/T7+2nsr6xvYIrqzvbO6iaC5tLu1nV4Lm2uYJHhngmR4ponaORWRiKAP82z/AIKM/syfHL/g2V/4KhfD7/goh+xfo95d/sU/HLxXqem3/wAO7eW5tvCumWGvXMWufEz9lTxdcxQz2un6JqVlYy+L/gTrl5BcXWkDQrRoLXV9U+GWpXuqgH+gj+yX+1R8Gf21/wBnj4XftO/AHxMnin4XfFjw5Br2h3TrHBqmk3iSS2OveFPEthHNcDSvFfhLXLXUPDviXSzPMtlrGnXcUNxc2wguZwD6LoAKACgAoAKACgAoAKACgAoAKACgAoAKACgAoAKACgAoAKACgAoAKACgAoAKACgD/9T+/igAoAKACgAoAKACgAoAKACgAoAKAP5mf+Dtz/lDT8TP+y0fBD/1JrigD+jzwL/yJHg7/sVfD3/pos6AOqoAKACgAoAKACgAoAKACgAoAKACgAoAKACgAoAKACgAoAKACgD/AD2P+Dwf/lIj/wAEvP8AsVJP/V4+H6AP9CegAoAKACgAoAKACgAoAKACgAoAKACgAoAKACgAoAKACgAoAKACgD/PZ/4Lq/8AK1f/AMEkf+xo/wCCbP8A62940oA/0JqAPmr9r/8AZN+DH7cX7OXxS/Zf+PvhyPxH8Nfir4duNF1IRrbrrHh7VYyLrw94z8K3txBcppXi7wfrcFj4g8OamYJ47bU7CAXVtd2MlzaXAB/n/wD/AATO/aq+N/8AwbT/APBTn4i/8E2f24deupv2NfjJ4q0/UtM+IUsF3b+D9DbxJINJ+Gn7UvhCG5adbPwl4k0/T4fB/wAbdHsrmeTQbnRrlru71LVvhd/Z+rgH+kfbXNveW9veWdxDd2l1DFc2t1bSpPb3NvOiywXFvNEzRTQzRuskUsbMkiMroxUgsATUAFABQAUAFABQAUAFABQAUAFABQAUAFABQAUAFABQAUAFABQAUAFABQAUAFAH/9X+/igAoAKACgAoAKACgAoAKACgAoAKAP5mf+Dtz/lDT8TP+y0fBD/1JrigD+jzwL/yJHg7/sVfD3/pos6AOqoAKACgAoAKACgAoAKACgAoAKACgAoAKACgAoAKACgAoAKACgD/AD2P+Dwf/lIj/wAEvP8AsVJP/V4+H6AP9CegAoAKACgAoAKACgAoAKACgAoAKACgAoAKACgAoAKACgAoAKACgD/PZ/4Lq/8AK1f/AMEkf+xo/wCCbP8A62940oA/0JqACgD8NP8AgvJ/wR/8J/8ABWT9k280Lw1a6LoX7VvwZg1fxb+zh48vlgtEu9Ulto5Nd+E3inVGTzIvBPxIisrS0kuXkCeGvFNl4d8U4nstN1XStXAPxl/4Nc/+CwPizVmvv+CP/wC25e6z4W/aJ+A83iDwj+z1d+Pkn0/xJrXhz4ffa7TxT+zx4nj1HZew+PPhDHpOoyeEre73zX/gTTr/AMOCOyl8BWA14A/tloAKACgAoAKACgAoAKACgAoAKACgAoAKACgAoAKACgAoAKACgAoAKACgAoAKAP/W/uf+O3x0+FH7M/wf+IXx7+OXjTSfh58Jvhb4bvPFXjfxhrTyiy0nSbQxxKscFvFPe6lqmpXs9rpOh6Lpltd6vrutX2n6NpFleanfWlrOAfzEfsc/8Fk/+Cmf/BZf4q/HiT/gmT8If2V/2dP2W/gJLp+mv8XP20tH+KPxD8b/ABF8Va3HfXXhTw7a+G/hH418LaL4Vm1ax0u51LxZp1tP4wbwbo91ps6+J9T1HUdP027APTP+Cav/AAcP3Pxs/bA8a/8ABND/AIKLfCPwf+y1+3B4M8feIfhfoureBdc1K++BfxY8e+Gby7tLvwp4fPii+1HXfBmva8lsl98OrfUPEXi3R/iHZ3EEGl+IbHXtQ0DQNeAP6hKACgDmPGvjTwl8N/B/in4g+PvEmjeDvA/gjw/q/ivxf4s8RahbaVoHhrw1oFhPqmt65rOp3ckVrYaZpenW1xeXt3PIkUFvC8jsApoA/gP/AG6/+D0/xlYfELXPCH/BO79nnwBqfw70eW7021+MX7S9j4t1HVfGU8U7wHXfDXwy8FeMPBjeF9EdYzcaK3inxNq2sajbT21zrXhnw3cpcaKoB6R/wTd/4PLZ/iP8VvC3wn/4KNfBX4dfDPw7411fRfDmm/tAfApvEek+EfBOpalexaemqfE/wJ488WeLb+38IeZcRXet+LPDvi6Wfw3bW9xcnwhqlnK8ulgH95NvcW93bwXdpPDdWt1DFcW1zbypNb3FvMiyQzwTRs0csMsbLJFLGzJIjKyMVILAH89//BwH/wAFr/Ev/BHb4c/s633wy+G3gT4r/FP49eNfGdrb+GfH2p67Y6Rpvw/+HuhaZN4n11B4bu7LUDqR8ReL/BWn6eZ5xZyWs+sfupp4Ue3AP5f/APiNy/bJ/wCjM/2Zf/Ck+Kf/AM0NAH6r/wDBGT/g5N/bP/4Kp/t1eCf2WtQ/ZX+Avgj4fHwf47+I/wAV/HfhfVviLqGu+EfBHg/RvJtL7TrTU9bm017jWfHms+CfCKyXymG2/wCEjN3smkgS3lAPtn/g7c/5Q0/Ez/stHwQ/9Sa4oA/o88C/8iR4O/7FXw9/6aLOgDqqACgAoAKACgAoAKACgAoAKACgAoAKACgAoAKACgAoAKACgAoA/wA9j/g8H/5SI/8ABLz/ALFST/1ePh+gD/QnoAKACgAoAKACgAoAKACgAoAKACgAoAKACgAoAKACgAoAKACgAoA/z2f+C6v/ACtX/wDBJH/saP8Agmz/AOtveNKAP9CagAoAKAP4if8Ag6I/4JD+M7fUtO/4LI/sNwat4O+PnwJuvDvjD9omy8AJLp/iS/0zwHcWV14V/aR8MNpsQul8Z/C9dPsIPH86iQXvgbTdO8VStZDwVrsuvAH7ef8ABCf/AIK8+Df+Csv7JWn+KdYudJ0T9qT4PW+ieEP2lvAFkIrSNfEU9rMmjfE/wzp6nMfgb4mxadf6np1vGu3w54gs/EfhF3uodEstV1UA/bqgAoAKACgAoAKACgAoAKACgAoAKACgAoAKACgAoAKACgAoAKACgAoAKACgD//XT/g9a/bd8S6ddfsxf8E+PCWs3umaBrvh66/aa+M1lZ3Rih8TW58Qax4F+Dmi6gtvIjzWGkar4Y+I/iK90u+Etnc6mPCOrJCt3otnOgB+iH/Bl94astJ/4JX/ABa1+OFP7Q8V/trfE+6u7rYBM9rpHwi+A+kWNqX6tBbSW19PEpxslvrkj75LAH8g3/BzXDffDL/gvF+1v4l8FX974Z1q31T9m/4haDq+i3E2m6novigfs5/BjVf7c0y+tZI7i11OLxJZza1BfQPFPBfv50TrJGr0Af6bX/BKX9sCf9vT/gnd+yf+1ZqbwSeKvif8LLGL4htbQw2tq3xU8Dalqfw6+KktnZwKkdjp9z8QvCXiW70uzVVFvpk9nGNyhXYA/QigD8iv+CsX7Gnxm/4KI6L+zv8AsbaZd6p4M/ZA8efFOXx/+3L8R/D/AIr0nRPFeofC74WWVvrngn4E+FtIlupNav7z4wfEG80u81PxFbaTPpXg7S/AkuoX1xNeXWm6Lq4Ba1D/AIIQ/wDBIHUPhHJ8Fz/wT7/Zus/C76JLoUfiOw8A6fa/Fq3hk07+zBqMXxsT/i7ba7HEFuU1u48Z3GonUEXUJZ5bvdIwB/k8/wDBVX9iYf8ABOz/AIKA/tLfsg2ms33iPw58KvGljN4D1/VPLbVdV+G3jzwxoXxG+Hcusz29rZWd34hs/BvizRdM8TXVhZ2dhN4ksdWNlaWtuEt4gD/Wc/4Ic+MfFPjz/gkR/wAE8/EPjKK4j1xP2Yfh14dDXcrT3N3onguwfwZ4V1KaZ8vK+q+FtA0bUvMkZpHF1ukd3LOwB/Pz+3Tp/wDwS9/4KK/8Fwf2jvhL/wAFNf2gPhV8NfgR+wz+zD8G/gv8LfCnxD/aJ039n608ZfHv4sa3efF74geLNC8RXfifwvLq03g3wxeaX4C8V6bHqX2C11A6Kt7atf21vIoB9jfC7/g2d/4N7/jhoB8V/BXw2fi/4WWUQN4k+F37X/jf4gaAs5DEQnWfCfj3VtOEpCsRGbjeQrEDgmgD9S/2AP8AgjX+wJ/wTJ8YfEDx9+yN8K9d8G+L/iZ4a0zwf4o1zxL8QfGXjy8fw3peqHWk0nTG8V6rqS6TbXmpraXmpixWJtQl03SzcFhYwhQD84/+Dtz/AJQ0/Ez/ALLR8EP/AFJrigD+jzwL/wAiR4O/7FXw9/6aLOgDqqACgAoAKACgAoAKACgAoAKACgAoAKACgAoAKACgAoAKAPm79sD9qP4Z/sU/sx/Gv9qn4wXrWnw/+CXgXVPGOrwQyxw32u38Zh07wz4Q0d5v3B8QeN/FV/ong/w7HOVgl13XNPimdInZ1AP8tLS/i/8A8Fqv+Dkz9rDxp4N+HfxH8WSaFYW954uvfhzpPxF1z4V/ss/ADwJJfy22gxatp+mXD22o30szxaJYaxqGk+Mvif4uuIp7qZ76w0vUJtLAPh7/AIKW/wDBOL9tb/gkr8a/hD4G/af8V+C/EfiTVtCHxL+E3iv4e+OtZ+IPhH7NoPib7LdCzh8Y6B4b1nTLuw1rT7K5vLDU/C9nZ3kVxZyRteD7TFbgH+p7/wAEXf8AgploP/BVX9hnwF+0U9rougfFrRNQvvhp+0D4I0Jp007wr8WPDMFnPqE+kWt5c3d9B4Y8Y6HqOieNvDMdxd372Ona9/YNzqd/qeialMoB+sVABQAUAFABQAUAFABQAUAFABQAUAFABQAUAFABQAUAFAHwd/wUl/4KDfBj/gmP+yb49/as+Ncd9rGl+HJtP8OeCfAei3NpaeI/id8SfEX2hPC3gTQLi9zbWs199kv9X1rVJIrsaB4U0XxD4h/s/Uv7KGn3QB/n4ax/wc5/8F7/ANs74geKX/Yq+FsPh/QdBZtRf4d/s3/stXf7ROs+GfDskt1Np03jXXfFHhf4n6lcXclnZXKXmt2+k+EtKvntL66sdE0tI2gtwD8vpP8Agpd8fv2lv+Cvv7Bf7WP/AAUY1vSvDfi/9mj9on9lHw78UtePw9Hw4vPDHw7+C37SFv8AETxFe+L/AAZp1naiy1/w7BrXiY6pDaaLpkxtrG2tm0wXkM0lwAf7HVrdW19bW97ZXEF5Z3kEN1aXdrNHcW11bXEaywXFvPEzxTQTxOssM0TvHJGyujMpU0AT0AFAFa9srPUbO70/UbS2v9Pv7aeyvrG9giurO9s7qJ4Lm0u7adJIbi2uIJHhngmR4poneORGRmWgD/Nt/wCCjX7Mnxy/4Nlv+CoXw9/4KI/sXaNeXf7FPxy8V6npt/8ADu3mubfwrpdjr1xFrnxM/ZU8XXEUE9tp+h6nZWU3i/4E65eQ3FzpH9hWjQWurap8MdSvdXAP9BD9kv8Aap+DP7bH7PHwu/ad+APiVPFHwv8Aix4cg17RLp1jh1TSLxJJLLXvCniWwjmuBpXivwlrlrqHh3xLpZnmWy1jTbuKG4ubYQXM4B9F0AFABQAUAFABQAUAFABQAUAFABQAUAFABQAUAFABQAUAFABQAUAFABQB/9D8Zv8Ag7g16/1j/gs98VNPvGuGt/CvwW+Aeg6WJmcxpYXHgWHxPItoG4W3Op+JNRdljwn2prpj87OWAP60f+DNn/lEj4o/7PC+Mn/qC/B2gD+O/wD4Or/+U4H7Vf8A2Kv7OP8A6zn8LqAP7Sv+DQbWdS1P/gjl4Wsr4zm18O/tEfHTRtGErl4102fUdB8QSi2UkiOD+19d1VmRcA3LXEmCzsaAP6hqACgCpqGoWGk2F9quq31ppml6ZaXOoalqWoXMNlYafYWUL3N5fX15cvHb2lpaW8Uk9zczyRwwQxvLK6ojMoB/k/8Air4B/Ez/AIOR/wDgu/8AtF+J/gTaavZfs/eIvipoTeN/jPHp7R6J8N/2ZvhfpGgfCfwx4ylF4r2q+M/iJ4S8Cwah4H8HSk3uteK9YuWuooNE0nxPrGkAH+qb8Mvhx4O+Cvwv8AfCX4c6GmieAfhT4E8MfD7wP4cstpXS/CfgjQbHw94c0e2MjRK5tNJ0y0tI3ldN7IHkddzMoB/kbft5f8Eif+C1XxH/AGhP2jP2pfit/wAE+v2hbnUPjF8XPiV8Xtbh8DaXonxhuNKj8Z+KtV8SLpltafCbXfHFzLY6FZ38OmWkVjBLBbafYxRwbbaBdoB+PPgP4jftCfsl/Fe38UfDzxd8V/2ePjP4G1JANR8P6n4n+G3jzw7qFrJHM1jqEUL6Tq1urMqre6VqUJtruBmt721mt5XRgD/UC/4Npv8Agt74z/4Kh/Crx/8AAv8AaYudJn/a3/Z50bRdd1Txfptrpmix/HD4Yavfy6PF4/bwzpNrZabo3ifwlrR0vw/4+i0eystAup/EXhTWNKtLJ9ZvtK0sA6H/AIO4Q5/4Iz/Evy/vf8Ls+BRPb5B4slMv/kMN9eg6igD8LtD/AGZf+D0qTRdHk0b4yeKk0iTS9PfSkHx1/ZDQJpr2kTWKhJb4SoFtTEAso8xcYfDBqANT/hmL/g9c/wCizeK//D8fsf8A/wAnUAH/AAzF/wAHrn/RZvFf/h+P2P8A/wCTqAD/AIZi/wCD1z/os3iv/wAPx+x//wDJ1AB/wzF/weuf9Fm8V/8Ah+P2P/8A5OoAP+GYv+D1z/os3iv/AMPx+x//APJ1AB/wzF/weuf9Fm8V/wDh+P2P/wD5OoAP+GYv+D1z/os3iv8A8Px+x/8A/J1AB/wzF/weuf8ARZvFf/h+P2P/AP5OoAP+GYv+D1z/AKLN4r/8Px+x/wD/ACdQAf8ADMX/AAeuf9Fm8V/+H4/Y/wD/AJOoAP8AhmL/AIPXP+izeK//AA/H7H//AMnUAH/DMX/B65/0WbxX/wCH4/Y//wDk6gA/4Zi/4PXP+izeK/8Aw/H7H/8A8nUAH/DMX/B65/0WbxX/AOH4/Y//APk6gA/4Zi/4PXP+izeK/wDw/H7H/wD8nUAH/DMX/B65/wBFm8V/+H4/Y/8A/k6gA/4Zi/4PXP8Aos3iv/w/H7H/AP8AJ1AB/wAMxf8AB65/0WbxX/4fj9j/AP8Ak6gA/wCGYv8Ag9c/6LN4r/8AD8fsf/8AydQB+ef/AAVM+B//AAc7eCP2Kvib4h/4KP8AxH8VeJf2QLXWPh5F8TNKm+K37PPimwkv7rx/4ct/AUupaL8ObuTxPc2sPj+Tw08MkCNa2+oixnu8RIWUA+Of+CJnws/4Lc/EXQf2hZv+CP3jp/CVjper/DiL4922kfEL4G+CtYvLu5s/GLfDifUbf4pzQaxf6bHDF41j0ubTC2mwXTasjgXUrmgDyz/gtV8Ov+CvPw6+J/wTsv8Agrv4t1Pxb8RdR8B+Ibr4QXGp+NPhX40e08FReIY4tdhiuvhXNNYWSPrpjcwaqVvJD+8hHkglgD3T/gip8Kf+C8vxF+G/xwuv+CRHjbxH4S+HGmeOPDEHxej0/wCIXwa8FadfeN7jQbuTRHS3+K11DPfXsGgxlbubRUMUUEtjHfMXa1CAH7Y/8Mxf8Hrn/RZvFf8A4fj9j/8A+TqAD/hmL/g9c/6LN4r/APD8fsf/APydQAf8Mxf8Hrn/AEWbxX/4fj9j/wD+TqAD/hmL/g9c/wCizeK//D8fsf8A/wAnUAH/AAzF/wAHrn/RZvFf/h+P2P8A/wCTqAD/AIZi/wCD1z/os3iv/wAPx+x//wDJ1AB/wzF/weuf9Fm8V/8Ah+P2P/8A5OoAP+GYv+D1z/os3iv/AMPx+x//APJ1AB/wzF/weuf9Fm8V/wDh+P2P/wD5OoAP+GYv+D1z/os3iv8A8Px+x/8A/J1AB/wzF/weuf8ARZvFf/h+P2P/AP5OoAP+GYv+D1z/AKLN4r/8Px+x/wD/ACdQAf8ADMX/AAeuf9Fm8V/+H4/Y/wD/AJOoAP8AhmL/AIPXP+izeK//AA/H7H//AMnUAH/DMX/B65/0WbxX/wCH4/Y//wDk6gA/4Zi/4PXP+izeK/8Aw/H7H/8A8nUAH/DMX/B65/0WbxX/AOH4/Y//APk6gA/4Zi/4PXP+izeK/wDw/H7H/wD8nUAH/DMX/B65/wBFm8V/+H4/Y/8A/k6gD8B/+C1dv/wWu+HmqfA/4R/8FePib4v8VfbdP8T/ABG+Dvh3UfHfwy8X+HY83Np4Z8Q60G+FMsmjHWrfyLexjGuPLqem2N7OdPS1tNZvWvQD78/4JpfsQf8ABzZ4T/ZP8A+NP+Cc+up8O/2avjXDJ8VfDJ8LfFX9lvw7P4qn1nGnS694gg8WXp8XSasqaUmmeR4jf7ZpttYw6dDBa21skCAH42f8FdfhL/wUS+Ef7Wv2P/gqDdRan+1H4x+GXg/xnd67/bnwx8Sahr3gSS+8ReFfCmoaxrfwq3aDfahBJ4U1XSY21KSXXodM0zTra5cadDpiIAfu3+wl4D/4Oy/jx+yL8CviX+x/8b/H11+zLqHg4+Gfgy2rfGL9nPRLu28GfDnWNU+G9ppq6Z8Q7qLxjBYaTc+ErrS9JfWlMl1pVnZ3dpLNp89pM4B9af8ADMX/AAeuf9Fm8V/+H4/Y/wD/AJOoAP8AhmL/AIPXP+izeK//AA/H7H//AMnUAH/DMX/B65/0WbxX/wCH4/Y//wDk6gDxn9oD/gm1/wAHdv7VHwq8S/BD9onWf+FvfCjxcLA+IPBHjL40fsfX+kX02lX9vqmlXsZTUYrvT9T0vUbW2vtN1XTbmz1KwuoUntLqGQFlAPOP+CPX7Zv7Uv8Awbq/t4Xv7AP/AAUq8Mat8Kf2df2gJfDPiLxFa6nrmj+KPC3ws8U+KoYtJ8H/ALQvgzxL4a1LWfDWr+BtUOnnwV8XH0HUpWtLfRBfako8Q/DO48O3YB/pnW1zbXttb3lncQ3dpdwxXNrdW0qT21zbTossFxbzxM0U0M0TLJFLGzJIjK6MVILAE1ABQAUAFABQAUAFABQAUAFABQAUAFABQAUAFABQAUAFABQAUAFABQB//9H88/8Ag83+BmseAv8Agpb8LPjWLKUeFfj5+zT4VS11QxSJDP40+FXibxL4V8U6VHKQYppdM8MX/wAOr+Yo4dE1yBJIkURy3AB/R5/wZp3MU/8AwSV8ZRRsC9n+2V8YracAg7ZW+HfwUuwp9CYbqFsHBwwPQgsAfx4f8HVNxHN/wXE/a1jQ5a08Ofs328vtI37NPwmuwP8Av1cxHt19wWAP75f+DZH4Fat8CP8Agi/+yRaeIbC603xB8VbPx/8AHS/tbpDGTpXxQ8f+IdZ8B30CsAxttX+GcfgrWIXPDi/LoTGyFgD92rvxF4f0/VdO0K/13R7LXNYSaTSNGu9TsrbVdUjthm4fTtOmmS7vkgHMzW0MoiH3yuRQBsUAfzFf8FZvj7+0F/wUd+LHiT/gin/wTg1dLDUtUstPi/4KSftYxrcXXw+/Zk+Dmulhc/BddTsJ4P7c+LPxJsI7i11rwVpt/BqNxoP2rwZcSWdrqfxA1z4dAH7Hf8E9f+CeH7Nn/BM/9nfw9+zr+zZ4VGmaRaeTqvjjxxqyWtz49+K/jZ7WK31Pxz4+1qCGE6jq155YhsLCCO20Xw5pSWuh+HtP0/S7SK3UA1/2YP24vhR+1x8WP2tvhx8HYL7XvD/7IvxR8OfBbxV8Ura90q+8EeM/ideeE4fFHjjwz4NuLC6uLm4f4YzX2neGfFV1eJBG/iKa6ttPWe0s1vLgA+0KAPzw/wCCin/BL79kb/gpx8HNZ+Fn7SPw30a+8QDSb22+Hnxm0bTNOs/i38JtamRns9Z8F+Lvs51COzhvlgutV8J6hNd+E/E0cC2uu6PeosLwAH8KP/Bq7+zz8U/2dP8Agu/+1f8AAzVZFvbv9m34N/tOfBz4t63pttdJoeoy+Cvjj8N/BEElpLOI2jtdd8XaFputaJFcbri606zlnSJkgmmgAP6V/wDg7c/5Q0/Ez/stHwQ/9Sa4oA/o88C/8iR4O/7FXw9/6aLOgDqqACgAoAKACgAoAKACgAoAKACgAoAKACgAoAKACgAoAKAPnL9rv9l/4Z/tpfszfGr9lj4w2LXvw9+NngXVfButSRRxS32i3k3lX/hvxbo6zZhXxD4K8UWOi+L/AA5NMrQ2+vaJp08iOkbowB/lu2H7PP8AwW8/4Nxv2r/GHjj4S/DXx3c6BeW974SuPij4Q+GuufF79mL48eAhfS3GhnxG+lWVxbaJqAnhj1jT9C1+98H/ABJ8LXf2pLdrbTb67l1cA+FP+CmH/BQT9uv/AIKpfG34P+M/2tfCOgeGPFNhoS/Df4Q+FfCnw61b4Y+FDZ674nFxdtpz+LdT1fVtVuL7W9Rs7e+1LUvEd9a2ccFnGn2JRcNOAf6n3/BGT/gmd4d/4JVfsN+Av2cUvNF8RfFXVr+++JHx+8daHHcf2f4v+LPiaCzh1NdJuL22s76fwz4R0TTtE8E+F5Lmz0+W90nw/Hrl3plhqms6lDQB+rlABQAUAFABQAUAFABQAUAFABQAUAFABQAUAFABQAUAFAH8kX/B3F/wTT+IX7Y37IXw1/ag+Cega34w+J37GGoeNNS8S+BfDunS6nq/ir4JfEaLw0fHWr6bYWcFxqOpar8N9U8G+HvEyWNqmyPwhd+PdRcTXFlaQSgH4G/8ES/+Dpfwx/wTx/ZP0T9j79qn4H/Ej4seCvhbe+IZfgv48+E2p+GJvFGm+HPEur6t4nufAvizQPGeseHLK6sNJ8S6rqEuheIrDxC9zZ6JqSaI2gvDoVjLdgH4+/8ABTr9uLx7/wAF3P8Agpn4C8XfDP4UW3w61X4n3Pwf/ZO/Z++HmqeIre91W5j1Xxzf6V4Ml8beJfJtNJi1zxJ42+Il/dag9lbR6V4f0+8stKW51X+yZta1IA/1qf2H/wBl3QP2Kf2RP2d/2UvDWqy6/pnwK+FfhfwFL4imgS0k8S63ptksvifxKbNMrZDxF4ludW1pLINIbNL9bZpZmiMrgH1RQAUAFABQB+Gv/BeT/gkB4S/4Kyfsm3mg+G7XRtD/AGrfgzBq/i39m/x7fCC0S61WW2STXfhN4p1Roy8Pgn4kRWVpaS3Lvs8NeKbLw74q2z2emarpWqgH4x/8Guf/AAWA8Waq99/wR+/bdvNZ8K/tE/AabX/CP7PV34/WfTvEus+HPh8by08U/s7+J49R2XkPjz4Qx6VqEnhG3ut81/4D06/8OCOyk8B6eNeAP7ZqACgAoAKACgAoAKACgAoAKACgAoAKACgAoAKACgAoAKACgAoAKACgD//S/pF/4Lx/8EntP/4Kx/sX33w38LTaRon7R/wi1W6+JH7OXinWpzZ6UfFP2IWXiP4feIb9Ypns/C/xJ0WKLS7u8VdmkeJdO8JeJLpbmz0G5sLsA/nj/wCDW39s/wCGX/BOTwn+2N/wTn/4KIeK9E/Yp+L3hH4zyfHnQNJ/aa1nSvg/putW2ueBfDXgbxvp2la/42vNI0W8vNKh+GnhrXtKjttQlt/Fug662u+EZdb06y1K5twD8vtC/YQ+JX/Bx1/wW8/aY/aW8A6D4q0f9gO9+O2mReO/2ib/AEvVNC0PXvhD8ItB8K/DTQvDfw81DUrWM6l8SPiV4O8EaXNpOj28NxdeBrHX4vEPi2ysIbGLTtSAP9PDwl4U8OeA/CvhnwP4O0ey8O+EfBvh/RvCnhbw/pkXkabofhzw7pttpGh6Pp8OT5NlpmmWdrZWkWT5cEEaZOM0Af4pv/BUHxp+11ff8FMv2oNf/aU1f4iWP7S3h79oTxdb20t9fa1aa94Wh0fxhez/AA0s/hzNA0NxpnhHS9DOh3Pwwl8M+Rpp0B9G1Lw+zQ3MFxKAf29f8FMP+C8/7QH/AATg/wCCYH7GX7PviNtY/wCHsH7Q/wCx58LPFnxC17xTpjLf/AzQ9e0Cbw5qnxb8Y215axWWofGbX9Y0PXbDRvCxt5bTQ/G+l+JvEPiy1Sy0TSPDvi4A/wA+3wD+2J+1z8KR4nX4XftTftG/DZfG3ifUPGvjNfAHxv8AiZ4OXxd4y1byxqvi3xOvh3xPpg17xNqQiiGoa9qoutUvRHGLm6k2IFAOg8Sft4/tx+MtMutF8X/tmftXeKtHvYJLW90nxJ+0R8Xtc0y7tZlKzW11Y6n4wurW4glUlZIZYmjkUkOpBIoA/wBBX/gj9+zF+1J4B/4Na/iYf2NrrWPC/wC15+1Bo3x++N/w7udBvYdG8YS6xqHiq2+GumxeFtcuLrT10fxj4p+EXwrs18C69HqNjPouua7oeqWt9Y3tslxAAfxv/slf8Flv+Crv/BLz426lbr8XfjFqEujay9r8UP2aP2q7vx94s8Jalc/aTdanY674I8dalbeJ/APiW5lk8248R+Ebzwl4rkcRR39/e6c01hcAH9xH7Kn/AAdDaz+3N8P4vCf7Jv8AwS7/AGvvi9+1zd2MOnnwh4fPguf9lvwv4kuoYYE1f4gftJ3muaVceC/BFtfTCae+8R/DrSZ5YBFYLcQXN1HeKAfpf/wR3/4JZ3//AAT+8J/HH4yfHXxT4e+KX7dX7afxK1r42/tXfE3w1ZPbeFLTxP4l17XfFh+HHw3W7tbS+j8E+Hte8U+INSn1C5trO88Ta7qdzf3FpZ6Xp/hzSNGAPjf/AIO3P+UNPxM/7LR8EP8A1JrigD+jzwL/AMiR4O/7FXw9/wCmizoA6qgAoAKACgAoAKACgAoAKACgAoAKACgAoAKACgAoAKACgAoAKAP89j/g8H/5SI/8EvP+xUk/9Xj4foA/vy+JGv8Ai3wr8PvG/ibwD4Cuvin438P+Fde1nwj8NLHxFoXhG88feJNO025u9G8H2nirxRPa+G/Dlx4i1CKDSodb1+5t9H0yS6W81GaK0ildQD+Sn9qf/g7JvP2Jfi7qfwI/an/4JY/tE/Bv4q6TpthrU3hbxH8ZPhnei90PVHuotN1/Qdd0DRtW8N+JtAvp7G/tbXXPDmr6ppM15p9/ZpeNdWV3DAAdJ+yX/wAHTXjL9uzxb4k8Dfskf8Elv2mPjh4n8HaDH4m8VWHhT4v/AAzt7fw/ok94mn2t7q2ra7o+k6PZG9vGNvp9rPfreahJFcCyt5xbXDRAGl8Qf+Dsz4Pfsz/Flfg1+3L/AME6/wBuL9lPxn9i0/VJNK1vSfh/4h1FNF1Oe4t7TxJa2GteJfh++teGJJrW7jj1vw5NrUNzJZX1vZR3V3Zy21AH79/sOf8ABRX9jz/go38Nrz4n/si/GXQ/ibpGiT2dl4w8PNbaj4d8e+AdUv4ZJrXTfG3gbxBaad4i0JrryLuPTNTlsptA142F/J4d1jVrazuLhQD7H1rWtG8N6TqWv+ItW0zQdB0ayuNS1jWtav7XS9J0rTrOJp7u/wBS1K+lgs7GytYUaa4urqaKCGJWkkkVFZqAP5o/2+/+DrT/AIJofse/214R+DniHUv22Pi/p32i2j8PfA2/sofhTY6lDu2R+IfjrqMNz4VnsJShX7b8NNM+KE0Mu2K6srbLuoB+7H7GPx/u/wBq39kb9mX9pu/8MW/gq9/aC+BHwr+Ml34PtNVk1y18L3PxH8F6N4sm0C31max0yXVYdJk1U2MWoS6dYvdpAJ3tLdn8pQD6XoAKACgAoAKACgAoAKACgAoAKACgAoA/Lb46f8ETf+CUP7SPjHUviD8Xv2FPgPrnjXW7ybUte8S+HfD9/wDDjVfEOqXM5ubvVvEdx8NNV8IHxDq15OzSX2qa0L7UL1mb7VcyhirAH8Tv/BTv9lD9nL9jT/g5j/4JH/B39l34QeD/AIKfDQfEX/gnV4ol8J+DLOa2sr3xJq37aviSz1LX9Tuby4u9R1XWbyy0nS7KfUtSvLq7az02wtPONvZ26RAH+iR4/wD2if2fvhRrUPhr4pfHT4OfDXxHcadBq9voHj/4m+CvB2tT6TdT3VrbapDpXiLXNNvpdOuLqxvbaC9SBraWezuoY5Wkt5UQA4j/AIbV/Y2/6O1/Zl/8Pz8LP/mroAtWn7ZH7IWoTrbWH7VX7N97cP8Act7T44/DG5nft8sUPiiSRuSBwPz/AIQD3/SdY0nXtPttW0LVNO1rSr2MS2ep6Te22o6fdxHgSW17Zyz208ZIOHilZT6nGaANGgDyj4vfHj4Hfs++HI/GHx6+Mvwq+CXhKad7WHxR8XPiH4S+HHh6a6jha4ktYdZ8Y6vo+nS3KQK0zQR3LSiJWkKbQSoB/Cj/AMHCX7Jn7Pv7Teoxf8Fjv+CRX7SnwY+JP7Qn7O40Dx9+07ov7MPxb8EeM/G8Ph/wBf6efC/7Ten6Z4D1nVNb0fxb8LZrXSLLx/d31pEl74JtNH8USvZHwfq8niEA/pK/4ITf8FefBv8AwVl/ZK0/xTrNzpOh/tSfB630Xwh+0t4AshFaRr4hntZk0X4n+GdPU5j8DfEyLTr7U9Pt0Xb4c8Q2niLwiz3UOiWWq6qAft3QAUAFABQAUAFABQAUAFABQAUAFABQAUAFABQAUAFABQAUAFABQB//0/7+KAPLfiN8Dvgp8YfsI+Lfwf8Ahb8UhphjOmj4jfD/AMJ+N/7PMUxuIjY/8JNpGp/ZDHOzTx/Z9myZjIu1yWYA73Q9C0TwxpGneH/DWjaV4e0HSLWKx0nRND0600nSNLsoRths9O02wht7KytYl4it7aGOKMcKooA1aAPM/EPwV+Dni7xt4e+Jfiv4S/DPxP8AEbwksK+FfH/iHwH4W1rxt4ZW2na6tl8PeKtS0q513Rlgune5hGm39sIp3aZAshZmAPTKACgAoAKAOC8XfCr4X/EC4tbvx58N/AXja6stn2K58XeD/D3iS4tPLZmj+yzazpt9Jb+WzuyeUybWdiu0sTQB1mk6RpOg6da6RoWl6douk2MflWWmaTZW2nadaRFmcx2tlZxQ21vGXZn2RRIu5mbBJJoA0aAP5mf+Dtz/AJQ0/Ez/ALLR8EP/AFJrigD+jzwL/wAiR4O/7FXw9/6aLOgDqqACgAoAKACgAoAKACgAoAKACgAoAKACgAoAKACgAoAKACgAoA/z2P8Ag8H/AOUiP/BLz/sVJP8A1ePh+gD/AEJ6AP8ANX/4PbbC0j/bh/ZC1NIVW+u/2U76wuLgD55bTTvi743uLOFj3WCbVL90HY3EnrQB9Df8GNv/ACOX/BSf/sWf2U//AE6/tB0AfcP/AAewfBjwlr37CX7L3x+l0y1Pj/4a/tTW3ww03WSIo7tfA/xZ+FvxD8Q+JdL8zb51ykniP4UeCruC3LlLcQ308ar5sxYA/lX/AODXr49ePvgr/wAFlP2YdA8JanqMXhr47L4++DXxM8P2ktx9j8SeFdX8A+JPEeljULaFvLlXw3418M+F/FcE8qP9l/saUZSGe4ZQD/TJ/av/AOCVn7Kf7dHjm48T/tcv8bPjd4JXS9J0/Qv2f9W+PfxT8Gfs8+F7/S4pI38U6b8MPhb4j8B2WseLtSeVp7zxB41vvFd5bzLCNGOlQ21vDEAf47P7evwX8K/s4ftx/tj/ALPvgQXg8DfBD9qP4+fCfwUuo3Ut9qKeEPh/8UvFPhbwxHqF7Nma8v49D0uwS9upCXuLpZZWLFyaAP8AYq/4I9f8oov+Cbf/AGY9+zB/6pvwh/Pr/wDqoA/RygAoAKACgAoAKACgAoAKACgAoAKACgAoA/z2f+C6v/K1f/wSR/7Gj/gmz/62940oA/qk/wCCyX/BO79kT9sb9jf9qTxl8ZPgP8NfEvxn8C/syfFjVfhf8b5fCuj2vxc8Cax4C8F+LPGngmHR/iLa2kXiuPw1pfisPqV14Rn1OfwxqS32qRX2kzDUbkuAf4xNAH+v/wCKf+Db3/gkH8Wf2ZtD+Eo/ZN8I+ANal+GWk6Jo/wAafAFxqegfGLR9dk8P2cVv45uvFEN6bfxZ4kiv0TVbqLxnpviHQtTuWnhvtHlsriS2oA/zCPAv7RH7a/8AwSX/AGs/ip4N+A3x88dfCf4l/AH40+PPhj41tPCOvXo8B+L/ABD8LPGmp+D9csfF/gS8muvCXjbw9e6j4flD6V4n0jVLV4VhcBJ4be4QA/1HvhF/wWs8B+JP+CJ3hz/grH438HLLro+HM+m6z8HvC9zcR3Pir9pHTvHE/wAGrb4ZeDxcR6lqkFl47+LFvaHw8Tb69qej+DdbttVuotXbTrppQD+Rn9oX/g35/wCDgz/gqrrWsfto/tVeLvgt4e+IHjRLvXvCH7P/AMWvjD4w0nxJ8NPCms3Ut/pXw68D+CtE8FeNvAXwy0fS7P7GE8Mar420rW1nc3PjaR/GT65O4B/Kp4p8N/tQ/sAftJ+IPB3iCL4hfs4ftL/A7xLPo2t2lpqNx4f8WeF9UezjkeOPUNKupLTVvD/iPQtQgube5s7rUvC/jPwnrEF1by6x4d1iN7oA/YP4A/FT9oz/AIJceKf2OP8Agt3+y/4Tt7D9nP8AaY1fxr8PfjJ8KPD09xa+ANJ8ceFvGGp6J8bP2bdeEFrLa+HPCnxFsPDMPxo/Z7+1w31x4KsrrTNHtz4l1T4R6jrevAH+qp+yX+1T8Gf22P2ePhd+078AfEqeKPhf8V/DkGvaJcuI4dU0i9SSSy17wp4lsY5ZxpXivwlrltqHh3xLpZmmWy1jTrqOCe5tjBc3AB9GUAFABQAUAFABQAUAFABQAUAFABQAUAFABQAUAFABQAUAFABQB//U/v4oAKACgAoAKACgAoAKACgAoAKACgD+Zn/g7c/5Q0/Ez/stHwQ/9Sa4oA/o88C/8iR4O/7FXw9/6aLOgDqqACgAoAKACgAoAKACgAoAKACgAoAKACgAoAKACgAoAKACgAoA/wA9j/g8H/5SI/8ABLz/ALFST/1ePh+gD/QnoA/zYv8Ag9w/5PS/Y5/7Ne1z/wBWv4noA4z/AINEv25v2Q/2Jdf/AG+9X/ax/aC+G/wHsPHXh39nGLwXJ4/1r+zJvFU3hfUPjdN4hh0GzihuLzVJtIj1zR2vYrO3lkiGpWYK5nTcAdV/wcz/APBY34Kf8FSrP4BfsO/8E+f+E1/aG8LeCfiPd/GHx14y8J+APGscPi74gWHhrW/A/gvwt8PvDWo6HY+MvEEPh/SfF/ja68QayfD0Gj3tzq2gx+HbrVYoL26iAPsr/g14/wCCBf7QnwI+OGkf8FGf21vAGp/CDUPCPhbXbD9m34MeL7VbL4iya3470G88Na58UfHvh2ST7b4FttK8Iatrvh3w14Q8S2dr4svdT1+78Qalpnhy30DQ38SAH97lAH+Iz/wV4/5Sr/8ABSf/ALPs/au/9Xj43oA/1yv+CPf/ACii/wCCbf8A2Y7+y/8A+qb8H0Afo5QAUAFABQAUAFABQAUAFABQAUAFABQAUAf57P8AwXV/5Wr/APgkj/2NH/BNn/1t7xpQB/cL+2//AMmW/te/9mvfH7/1VHiygD/CooA/3yPDF9ZaX4A8PalqV5a6fp2neD9JvtQ1C+uIbSysbK00W3uLq8vLq4eOC2tbaCOSa4uJnSGGFHkkdUVmoA/w/wD/AIKFfFnwz+0J+35+2n8bPAEq6j4M+MP7WHx/+IXge6tYj/xNPCvjP4reKdb8L3yRogZ59T0e/sLuTCb5Z7h2ILt8wB/qP/8ABD//AIJm6N8Kf+CTf7CPwt/a8+GB1T4mfDr4j3n7Zek+B/FkniDTz8Mfi34k8TeLvEnwzvNb8MLqFha3Hi7wH4O8VaZLc6D4r0y9tvC/jz7VerpcHiLQrDUbcA/oRoA/y3/+DzS2+HsH/BVn4ey+Eo9Pj8W3n7HfwruPim2nJbq83ihPiN8YrTQZdbMSieTxAPANr4Tgd7pmYeHIPDEcW2KNQwB/U9/wRg/4JSeEPF//AAb9eCP2O/2x/BV1Ppn7WGk+OPjP4q8M3tsbLxN8Pm+J2rx6x8J/EehvqcM8ugePPC/hnR/AnjnTZJrCN9F8TSy6dqWn3kUN/FegH89n/BND9qj44f8ABtL/AMFOfiL/AME2/wBuDXbqb9jT4zeK9P1LTPiHLDd2/hDRD4kl/sj4aftTeEIbkzpZ+E/EdhYQeD/jdo1lczy6DcaLdG7u9S1b4XLY6uAf6R1tc217bW95Z3EF3aXcEVza3VtLHPbXNtPGssFxbzxM0U0E0TrJFLGzRyRsroxVgWAJ6ACgAoAKACgAoAKACgAoAKACgAoAKACgAoAKACgAoAKACgD/1f7+KACgAoAKACgAoAKACgAoAKACgAoA/mZ/4O3P+UNPxM/7LR8EP/UmuKAP6PPAv/IkeDv+xV8Pf+mizoA6qgAoAKACgAoAKACgAoAKACgAoAKACgAoAKACgAoAKACgAoAKAP8APY/4PB/+UiP/AAS8/wCxUk/9Xj4foA/0J6AP82L/AIPcP+T0v2Of+zXtc/8AVr+J6AO3/wCDKv4Q/Cf4reMP+CiK/FH4YfDv4kroPhz9l+TQ18feCvDXjFdGfUdT+PK6g+kjxFpuoDTnv1srNbxrMRNdC0tRNvEEWwA/0LPBXwu+Gfw2juYfh18O/AvgGG8WNLuLwV4R8P8AhaO6SEsYVuU0PT7BZ1iLMY1lVhGWYr1zQB3VABQB/iM/8FeP+Uq//BSf/s+z9q7/ANXj43oA/wBcr/gj3/yii/4Jt/8AZjv7L/8A6pvwfQB+jlABQAUAFABQAUAFABQAUAFABQAUAFABQB/ns/8ABdX/AJWr/wDgkj/2NH/BNn/1t7xpQB/cL+2//wAmW/te/wDZr3x+/wDVUeLKAP8ACooA/wBYr4if8EFv2k/2pvhbZeA/2gv+C2v7fXjT4X+K/C+m2fiX4b+HtO+Hnw88LeINEvdOgM3h/X9K8Jw2mleIdGaFxDJpuv6ZqljOEjkntndAtAHv/wCwr/wbYf8ABLL9gzxp4d+Kng/4V+J/jh8XfCckF54Z+I37R/iOx+Id34c1i3liuINe8P8Ag3S9B8KfDPTPEFjdwQ3Wi+IV8EzeIdAuIo7jRtVsrkvcSgH730AfOv7Wf7U/wb/Yq/Z4+KX7Tnx78Sw+F/hj8J/DV14g1u6zE+paveZW00Lwn4bspZYBqnivxdrdxYeHPDOlLLGb/WdStIHlhhaWeAA/iO/4JXf8ElvjB/wWY/bX8c/8FrP+Cm3gm48P/Ar4j+P4/iN8Av2e/EH2mR/ippOhiz074WQ6zZ3sENx/wz98PPC2j6BpGiR3tvaz/GWfSYtSu7WTwRe3z+LAD+/pVCgKoCqoCqqgAKAMAADgADgAcAcCgD8N/wDgvH/wSA8Jf8FZP2TbzQfDdro2h/tWfBqDV/Fv7N/j2+EFmlzq0tskmufCfxRqjIXi8EfEmKytLOW5dgnhrxRZeHfFWLiz0zVdK1UA/GH/AINc/wDgsB4t1OS+/wCCPv7bt3rPhT9oj4DzeIPCP7PV34/WfTvEus+Hvh8by08Vfs7+J49SCXkPjz4RR6VqMnhC2ut0t/4D07UPDgSyk8B6eNeAP7Z6ACgAoAKACgAoAKACgAoAKACgAoAKACgAoAKACgAoAKACgD//1v7+KACgAoAKACgAoAKACgAoAKACgAoA/mZ/4O3P+UNPxM/7LR8EP/UmuKAP6PPAv/IkeDv+xV8Pf+mizoA6qgAoAKACgAoAKACgAoAKACgAoAKACgAoAKACgAoAKACgAoAKAP8APY/4PB/+UiP/AAS8/wCxUk/9Xj4foA/0FtX1fSfD+lalruvapp2iaJo9jdanq+save22m6VpWm2ML3N7qGpaheywWljY2dvHJPdXdzNFBbwo8ssiIrMoB/lu/wDB3x+1t8BP2nP2/PgxoPwC+J/gr4u6T8E/2drTwj428WfDzxDpfizwtY+Ote+IfjTxBe+E7fxHol1e6PqWpaHocmhXGrrp11cR6de6q2k3cqapY6jZWgB7n/wZr/tg/s9/s6ftDfthfCz45/FjwF8I9R+O3w7+EmpfDrVPiP4n0fwZoPiLV/hb4g8dR6v4XsNf8QXmn6O3iO6sfiJBqWmaI92uoarZ6Vqsunwz/wBn3KKAf6Wenajp+safYavpF/ZarpOq2VrqOmanp11BfafqWn30EdzZX9he2sktteWV5bSxXFrdW8skFxBJHLDI8bqzAF2gDw/4wftM/s5/s+aXqetfHX48fB/4PaZo2lvrWpXPxK+I/hHwX9m0tA5F4YfEGr2FxLHM0bRWogike7nxb2yTTskTAH+JP+3n8ZfDX7Rf7cP7Y3x/8FyTS+DPjZ+1H8fPit4PlubWWyupPCfj/wCKfirxT4akurOfE9rdPomqWLXEEwWWKYyJIqurKoB/q+/8EGP22P2YvjX/AMEwP2E/BPhH44/Cu6+JPw6+AHwu+CHjH4ZSeOvDVp8RPD/jr4aaBY/D+60fVPBN1qsfiW1uNXm0OLVdBMmmrHrukanpuqaV9osr23kYA/cugAoAKACgAoAKACgAoAKACgAoAKACgAoA/wA9n/gur/ytX/8ABJH/ALGj/gmz/wCtveNKAP7ff267u2sP2Iv2x768mS3tLL9lb9oW7up5DiOC2t/hJ4vmnmc84SOJGdjjhVJ5oA/wsKAP98n4fXdtqHgLwRf2cyXFne+EPDV3aXEZzHPbXOjWU0E0Z7pLE6up7qwNAHX0Acr468c+Dfhj4M8VfEX4ieJ9D8FeA/A/h/VvFXjDxd4m1K10fw/4a8N6FZTajrGt6zql7JFa2OnadY2891dXM8ixxRRsxPQUAf5uP7Z//Bwp+xD+3Z+35pOufte/DT9oP4rf8E3f2V9d/tr9m79mr4a6P4Oj0X9on4tWVxdWL/HP9piy8ceNvB01z4atLEMPAHwuW1vV/sPUpLLxY2mxap478OeMAD9crj/g9d/4J+aXpcVp4Z/ZG/a2b7Dax2unaXcWXwV0HS7eC2hEVpaRSaf8UdX+x2sSIkMaQac6W8KgRxMFVKAPqf8A4IH/APBQX40f8Fef2uf28/26/Gmi6z8Lfgf8PfBXwT/Zk/Z1+CMHizUfEHhzw9ZXup+NfiN8RfEGvSLDpOh638SdTurXwXdat4lg0GzuYNF1fTPC1vI2maFb3F+Af1P0AfxF/wDB0T/wSG8ZRahp3/BY/wDYct9W8H/H34E3Xh7xh+0TZ+AFm0/xJqGleAp7O68KftIeGW0yMXSeNPhcunafB49njD/bfA2m6d4qlax/4QnXJdeAP24/4ITf8FefBv8AwVl/ZK0/xTrVzpGh/tS/B630Xwh+0t4AsvKtIx4gntZU0X4oeGNOUgx+BviZFp1/qWn28a7fDniGz8R+EXe5h0Sx1bVwD9vKACgAoAKACgAoAKACgAoAKACgAoAKACgAoAKACgAoAKAP/9f+/igAoAKACgAoAKACgAoAKACgAoAKAP5mf+Dtz/lDT8TP+y0fBD/1JrigD+jzwL/yJHg7/sVfD3/pos6AOqoAKACgAoAKACgAoAKACgAoAKACgAoAKACgAoAKACgAoAKACgD/AD2P+Dwf/lIj/wAEvP8AsVJP/V4+H6AP9APxj4N8IfETwn4k8BfEDwr4b8deBvGWh6n4Y8YeC/GOh6Z4m8J+K/Det2c2naz4e8SeHdatb7R9d0PV9PuLix1PSdUs7qwv7Oea2u7eaCV0oA+JP+HT3/BLL/pGn+wB/wCIb/s6f/O3oAP+HT3/AASy/wCkaf7AH/iG/wCzp/8AO3oA+4vC/hfwz4H8M+HfBXgrw7oXg/wb4Q0LSPC/hLwl4X0jT/D/AIZ8L+GfD+n2+k6D4d8O6DpNvaaVomhaJpVpa6bpGkabaWun6bp9tb2dnbw20McagG7QB8qfGH9hL9h/9ofxgfiH8f8A9jX9lT45+PzpdjoZ8c/GH9nn4RfEzxgdF0xp203SD4m8a+Dtb1o6Xp7XVy1jp5vjaWjXE5giiMz7wDyv/h09/wAEsv8ApGn+wB/4hv8As6f/ADt6AOi8If8ABMz/AIJvfD/xX4a8d+Av+Cff7EXgjxx4M17SfFPg/wAZeEP2UvgP4b8V+FPE+gX8GqaF4j8NeIdG8AWOr6Fr2i6na22o6TrGl3lrqGm39vBeWdxDcQxvQB9u0AFABQAUAFABQAUAFABQAUAFABQAUAFAH+ez/wAF1f8Alav/AOCSP/Y0f8E2f/W3vGlAH9VH/BUX/gn5+2l/wUC8I+Kfgv8ACH/go5Z/sf8A7OHxG+HP/CBfFP4Z6N+yZoPxa8Y+PV1G71pfFQuvi5f/ABr8A65ofhbxRoN7pXh/UfCnh/RdPmls9O1OG/8AEGpaZ4jvdIiAP5gf+IGL/rKL/wCaT/8A5WtAH9V//BN79i79t/8AYv8ADWg/C79oX/gorp37afwY8CfDKw+Hvwz8M6t+ydoXwZ+IHhSTQrjQbXwxqGq/FfSvjR4/1Hxtpuh+FdN1Hw5/ZniTQLjXNRe/sNWvvF7zaQ9tqgB+ptAH4zf8Fnf+CWvxl/4Kx/BrwH+z74N/bd1X9kr4Q6druq+Ivi/4S0r4KD4rJ8br63fQZ/h/Za/fxfFz4V3mleH/AALfWOuawfDrvrukeJNd1TQ9Z1C1tr/wZoc9AH8zn/EDF/1lF/8ANJ//AMrWgA/4gYv+sov/AJpP/wDla0Af1H/8EZf+CVGg/wDBIP8AZU8Rfs26X8XP+F6at4u+MXin4v8AiX4lP8O1+GMmo3+v+HfB/hWw0dPC/wDwm/xCe3tNE0bwXp8cUx8TTpc3V1fXSWdm1w6MAfrbQBWvLOz1GzutP1C1tr6wvraezvrG8giurO8s7qJoLm1uradXhuLa4hd4Z4JkeKWJ2jkVkZhQB/m2/wDBRz9mP44/8Gy3/BUH4e/8FEv2LNGvLv8AYq+OHirUtMv/AIeQTXNv4U0qy1+4j1v4mfsq+LriKGe2sNC1SxsZfF/wK1y9guLnRzodo1vaatqnww1G+1cA/wBA/wDZK/ap+DP7bP7O/wALv2nvgD4lTxR8L/iv4cg13RLlxHDquj3qSSWWveE/EthHLONK8V+EtcttQ8O+JdLM062WsaddxQXF1beRdXAB9GUAFABQAUAFABQAUAFABQAUAFABQAUAFABQAUAFABQB/9D+/igAoAKACgAoAKACgAoAKACgAoAKAP5mf+Dtz/lDT8TP+y0fBD/1JrigD+jzwL/yJHg7/sVfD3/pos6AOqoAKACgAoAKACgAoAKACgAoAKACgAoAKACgAoAKACgAoAKACgD/AD2P+Dwf/lIj/wAEvP8AsVJP/V4+H6AP9CegAoAKACgAoAKACgAoAKACgAoAKACgAoAKACgAoAKACgAoAKACgD/PZ/4Lq/8AK1f/AMEkf+xo/wCCbP8A62940oA/0JqACgAoAKACgAoAKACgAoAKAPmv9r79k74Mftw/s5/FL9l/4++HE8SfDT4q+HZ9E1NYxAmseH9UjZbvw94y8LXtxBcppfi3wfrkFj4h8Oal5E6W2qWFv9pt7uye6s7gA/z/AL/gmj+1R8cP+DaT/gp18Rf+Cbn7b+u3U37Gfxm8V6dqWm/EOWC7t/CGif8ACRy/2R8NP2p/CEVw00dl4U8RafYQ+EPjfo1lcXEug3Gi3JurvVNW+Fyadq4B/pHW1zbXttb3lncQXdpdwRXNrdW0sc9tc208aywXFvPEzRTQTROskUsbNHJGyujFWBYAnoAKACgAoAKACgAoAKACgAoAKACgAoAKACgAoAKAP//R/v4oAKACgAoAKACgAoAKACgAoAKACgD+Zn/g7c/5Q0/Ez/stHwQ/9Sa4oA/o88C/8iR4O/7FXw9/6aLOgDqqACgAoAKACgAoAKACgAoAKACgAoAKACgAoAKACgAoAKACgAoA/wA9j/g8H/5SI/8ABLz/ALFST/1ePh+gD/QnoAKACgAoAKACgAoAKACgAoAKACgAoAKACgAoAKACgAoAKACgAoA/z2f+C6v/ACtX/wDBJH/saP8Agmz/AOtveNKAP9CagAoAKACgAoAKACgAoAKACgAoA/Db/gvH/wAEgPCX/BWT9k280Hw5a6Nof7VnwZg1jxb+zf48vhBaJc6tNbRya78J/FGptGXh8E/EmKys7Oa5d9nhrxRZeHfFQWez0zVNK1UA/GH/AINc/wDgsB4t1KS//wCCPv7bt5rPhX9of4DzeIPCP7PN54/E+n+JdY8PfD5ru08U/s7eJ49S2XsPjv4Rx6VqMng+3uS0t94D02/8NiOxk8B6cmvAH9s9ABQAUAFABQAUAFABQAUAFABQAUAFABQAUAFABQB//9L+/igAoAKACgAoAKACgAoAKACgAoAKAP5mf+Dtz/lDT8TP+y0fBD/1JrigD+jzwL/yJHg7/sVfD3/pos6AOqoAKACgAoAKACgAoAKACgAoAKACgAoAKACgAoAKACgAoAKACgD/AD2P+Dwf/lIj/wAEvP8AsVJP/V4+H6AP9CegAoAKACgAoAKACgAoAKACgAoAKACgAoAKACgAoAKACgAoAKACgD/PZ/4Lq/8AK1f/AMEkf+xo/wCCbP8A62940oA/0JqACgAoAKACgAoAKACgAoAKACgAoA/iL/4Oif8AgkN4xj1DTv8Agsd+w7b6t4P+PvwJuvD3jD9omz8ACXT/ABJqGleAprO68KftIeGW02IXSeNPhaum6fB48njEn23wNp2neKZWsv8AhCdbl14A/bj/AIIS/wDBXrwd/wAFZf2SrDxRrVzpGh/tS/B630bwh+0r4AsfKtE/t+e1lTRfij4Y05SDH4G+JkWn32pWFui7fDniGz8ReEWe5g0Sx1bVwD9vKACgAoAKACgAoAKACgAoAKACgAoAKACgAoAKAP/T/v4oAKACgAoAKACgAoAKACgAoAKACgD+Zn/g7c/5Q0/Ez/stHwQ/9Sa4oA/o88C/8iR4O/7FXw9/6aLOgDqqACgAoAKACgAoAKACgAoAKACgAoAKACgAoAKACgAoAKACgAoA/wA9j/g8H/5SI/8ABLz/ALFST/1ePh+gD/QnoAKACgAoAKACgAoAKACgAoAKACgAoAKACgAoAKACgAoAKACgAoA/z2f+C6v/ACtX/wDBJH/saP8Agmz/AOtveNKAP9CagAoAKACgAoAKACgAoAKACgAoAKAK15Z2mo2l1p+oWttfWF9bT2d7ZXkEV1aXlpcxNDc2t1bTK8NxbXELvFPBKjxSxO0cisjMKAP827/go7+zF8cf+DZf/gqB8Pf+Cin7Fei3l3+xX8b/ABVqWmX/AMPIZrm38KaVZ+ILhNa+Jn7Kvi65ihngsNB1WxsZfGHwK1y9guLnRzodobe11fVPhhqN9q4B/oG/slftVfBn9tn9nf4XftPfAHxLH4o+GHxX8OQa7oty4ih1XR75Hkste8J+JrGKWcaV4r8I65bah4d8S6WZp1stY066jguLq28i6uAD6NoAKACgAoAKACgAoAKACgAoAKACgAoAKACgD//U/v4oAKACgAoAKACgAoAKACgAoAKACgD+Zn/g7c/5Q0/Ez/stHwQ/9Sa4oA/o88C/8iR4O/7FXw9/6aLOgDqqACgAoAKACgAoAKACgAoAKACgAoAKACgAoAKACgAoAKACgAoA/wA9j/g8H/5SI/8ABLz/ALFST/1ePh+gD/QnoAKACgAoAKACgAoAKACgAoAKACgAoAKACgAoAKACgAoAKACgAoA/z2f+C6v/ACtX/wDBJH/saP8Agmz/AOtveNKAP9CagAoAKACgAoAKACgAoAKACgAoAKACgD5s/a9/ZP8Agx+3B+zn8Uv2X/j74cTxJ8NPir4dn0TVEjECaxoGpxst34e8Y+Fr6eC5TSvFvhDXLex8Q+HNTME8dtqmn2/2q2u7J7m0uAD/AD/P+CaX7U/xw/4NpP8Agp18Rf8Agm7+29rt1N+xn8Z/FenalpvxDmhurfwhog8Ry/2P8NP2p/CENw08Vl4U8RafYQ+EPjho1lcTzaFPotybu71PVvhdHp2rgH+kfa3Vte21veWdxBd2d3BFdWl3ayxz21zbTxrLBcW88TNFNBNE6yRSxs0ckbK6MVYFgCegAoAKACgAoAKACgAoAKACgAoAKACgAoA//9X+/igAoAKACgAoAKACgAoAKACgAoAKAP5mf+Dtz/lDT8TP+y0fBD/1JrigD+jzwL/yJHg7/sVfD3/pos6AOqoAKACgAoAKACgAoAKACgAoAKACgAoAKACgAoAKACgAoAKACgD/AD2P+Dwf/lIj/wAEvP8AsVJP/V4+H6AP9CegAoAKACgAoAKACgAoAKACgAoAKACgAoAKACgAoAKACgAoAKACgD/PZ/4Lq/8AK1f/AMEkf+xo/wCCbP8A62940oA/0JqACgAoAKACgAoAKACgAoAKACgAoAKACgD8N/8AgvF/wSA8Jf8ABWT9k290Dw5a6Pof7Vnwat9Y8W/s3ePL4QWiXOrzW0cmufCjxRqbpui8E/EmKxs7Ka5kcJ4a8UWfh3xUBPZ6XqmlauAfi/8A8Guf/BX/AMXahLf/APBHz9t671jwp+0P8BpvEHhH9nm78fibT/EuseH/AIfveWnir9nbxPHqW28i8d/COPS9Rk8HW9wzyX3gPTdQ8NhLJ/AmmprwB/bRQAUAFABQAUAFABQAUAFABQAUAFABQAUAf//W/v4oAKACgAoAKACgAoAKACgAoAKACgD+Zn/g7c/5Q0/Ez/stHwQ/9Sa4oA/o88C/8iR4O/7FXw9/6aLOgDqqACgAoAKACgAoAKACgAoAKACgAoAKACgAoAKACgAoAKACgAoA/wA9j/g8H/5SI/8ABLz/ALFST/1ePh+gD/QnoAKACgAoAKACgAoAKACgAoAKACgAoAKACgAoAKACgAoAKACgAoA/z2f+C6v/ACtX/wDBJH/saP8Agmz/AOtveNKAP9CagAoAKACgAoAKACgAoAKACgAoAKACgAoAKAP4jP8Ag6J/4JDeMUv9O/4LG/sOW+r+D/j98Cbnw94w/aJtPAAm0/xJqGk+AprO68K/tH+GW01Fuo/GnwsXTtPg8eTxCT7d4G07TvFMhsv+EI1yXXAD9tv+CEv/AAV68Hf8FZf2S7DxRrdzpGh/tTfB630bwj+0r4AsfJtE/t+a1lTRfij4Y05SGj8DfEyLT77UbC3RdvhzxFZ+IvCTPcwaNY6tq4B+3tABQAUAFABQAUAFABQAUAFABQAUAFAH/9f+/igAoAKACgAoAKACgAoAKACgAoAKAP5mf+Dtz/lDT8TP+y0fBD/1JrigD+jzwL/yJHg7/sVfD3/pos6AOqoAKACgAoAKACgAoAKACgAoAKACgAoAKACgAoAKACgAoAKACgD/AD2P+Dwf/lIj/wAEvP8AsVJP/V4+H6AP9CegAoAKACgAoAKACgAoAKACgAoAKACgAoAKACgAoAKACgAoAKACgD/PZ/4Lq/8AK1f/AMEkf+xo/wCCbP8A62940oA/0JqACgAoAKACgAoAKACgAoAKACgAoAKACgAoAr3lnaahaXVhf2tvfWF9bz2d7ZXkEVzaXlpcxNDc2t1bTK8Nxb3ELvFPBKjxSxO0cisjMKAP823/AIKO/sxfHH/g2Y/4KgfD3/gop+xXot5d/sV/G/xVqWmX/wAPIZrm38KaVaeIJ01r4l/sq+LriGKeCx0HVbGxm8Y/AvXL23uLnRm0S0Nva6vqnwwv7/VwD/QN/ZJ/aq+DP7bP7O/wu/ae+APiVPFHww+K/hyDXdFuHEUWq6NfI8llr3hLxNYxTXA0rxZ4R1y21Dw74l0vz51stY066jgubq1MF1OAfRtABQAUAFABQAUAFABQAUAFABQAUAf/0P7+KACgAoAKACgAoAKACgAoAKACgAoA/mZ/4O3P+UNPxM/7LR8EP/UmuKAP6PPAv/IkeDv+xV8Pf+mizoA6qgAoAKACgAoAKACgAoAKACgAoAKACgAoAKACgAoAKACgAoAKAP8APY/4PB/+UiP/AAS8/wCxUk/9Xj4foA/0J6ACgAoAKACgAoAKACgAoAKACgAoAKACgAoAKACgAoAKACgAoAKAP89n/gur/wArV/8AwSR/7Gj/AIJs/wDrb3jSgD/QmoAKACgAoAKACgAoAKACgAoAKACgAoAKACgAoA+bP2vf2T/gx+3B+zn8Uv2X/j74cTxJ8M/ir4dn0TVEjEMer6BqcbJeeHvGPhe+nguV0rxb4Q1y3sPEPhzU/InjttUsLf7VbXdk9zaXAB/n+f8ABNP9qf44f8G0f/BTv4i/8E3f23dcup/2M/jR4s07UtN+Ic0N1beEdEXxFN/Y/wANP2p/CEM73EVl4V8Q6fYQeEPjho1lcXE2hTaJcm7u9T1b4XR2GrgH+kfa3VtfW1ve2VxBd2d3BDdWl3azR3FtdW1xGssFxbzxM0U0E0TpLDNGzRyRsroxUgsAT0AFABQAUAFABQAUAFABQAUAFAH/0f7+KACgAoAKACgAoAKACgAoAKACgAoA/mZ/4O3P+UNPxM/7LR8EP/UmuKAP6PPAv/IkeDv+xV8Pf+mizoA6qgAoAKACgAoAKACgAoAKACgAoAKACgAoAKACgAoAKACgAoAKAP8APY/4PB/+UiP/AAS8/wCxUk/9Xj4foA/0J6ACgAoAKACgAoAKACgAoAKACgAoAKACgAoAKACgAoAKACgAoAKAP89n/gur/wArV/8AwSR/7Gj/AIJs/wDrb3jSgD/QmoAKACgAoAKACgAoAKACgAoAKACgAoAKACgAoAKAPw4/4Lxf8EgfCP8AwVk/ZNvfD/h200fRP2q/g1b6x4t/Zu8e33kWaXGsTW0cmufCjxRqbrui8EfEqKxs7Ke5kkVPDXiez8O+Kx59npeqaVqoB+L3/Brp/wAFfvF1/Nf/APBHv9t671jwn+0N8BpvEHhH9nq78f8An6f4l1jQPh+93aeKv2dvE8epbLyLx38JE0vUJfBtvcF5L7wHpuoeG1SyfwJpq68Af20UAFABQAUAFABQAUAFABQAUAFAH//S/v4oAKACgAoAKACgAoAKACgAoAKACgD+Zn/g7c/5Q0/Ez/stHwQ/9Sa4oA/o88C/8iR4O/7FXw9/6aLOgDqqACgAoAKACgAoAKACgAoAKACgAoAKACgAoAKACgAoAKACgAoA/wA9j/g8H/5SI/8ABLz/ALFST/1ePh+gD/QnoAKACgAoAKACgAoAKACgAoAKACgAoAKACgAoAKACgAoAKACgAoA/z2f+C6v/ACtX/wDBJH/saP8Agmz/AOtveNKAP9CagAoAKACgAoAKACgAoAKACgAoAKACgAoAKACgAoAKAP4jf+Don/gkL4xF9p3/AAWN/YdttX8IfH/4E3Ph7xh+0TZ+ABLp/iPUdI8BS2d34V/aQ8MtpqC7j8a/CxdN0+Dx3PEspvvA2nad4pkNkfBGtS68Aftp/wAEJP8Agr14O/4Ky/sl2HifW7nSND/al+D1vo3hD9pTwBY+Tap/b01rKmi/FHwxpykPF4G+JcVhe6jYwIu3w54is/EXhJnuYNFsNV1cA/b6gAoAKACgAoAKACgAoAKACgD/0/7+KACgAoAKACgAoAKACgAoAKACgAoA/mZ/4O3P+UNPxM/7LR8EP/UmuKAP6PPAv/IkeDv+xV8Pf+mizoA6qgAoAKACgAoAKACgAoAKACgAoAKACgAoAKACgAoAKACgAoAKAP8APY/4PB/+UiP/AAS8/wCxUk/9Xj4foA/0J6ACgAoAKACgAoAKACgAoAKACgAoAKACgAoAKACgAoAKACgAoAKAP89n/gur/wArV/8AwSR/7Gj/AIJs/wDrb3jSgD/QmoAKACgAoAKACgAoAKACgAoAKACgAoAKACgAoAKACgCveWdpqFpdWF/a299Y31vPZ3tleQRXNpeWlzE0Nza3VtMrw3FvcQu8U8EqPFLE7RyKyMwoA/zbf+Cj/wCzB8cf+DZn/gqB8PP+Ci37FWiXl1+xX8bvFWpabqHw8hnurfwnpNr4gnXWviZ+yr4uuIYriGx0DVrGxl8YfAvXL62nuNHbQ7QwWusap8ML6+1UA/0DP2Sf2q/gz+21+zt8Lv2nvgD4lj8T/DD4r+HINd0a4fyYtV0W+R5LLX/CXiaxhmuF0rxZ4R1y2v8Aw74l0ozzLZavp11HBcXVr9nu7gA+jqACgAoAKACgAoAKACgAoA//1P7+KACgAoAKACgAoAKACgAoAKACgAoA/mZ/4O3P+UNPxM/7LR8EP/UmuKAP6PPAv/IkeDv+xV8Pf+mizoA6qgAoAKACgAoAKACgAoAKACgAoAKACgAoAKACgAoAKACgAoAKAP8APY/4PB/+UiP/AAS8/wCxUk/9Xj4foA/0J6ACgAoAKACgAoAKACgAoAKACgAoAKACgAoAKACgAoAKACgAoAKAP89n/gur/wArV/8AwSR/7Gj/AIJs/wDrb3jSgD/QmoAKACgAoAKACgAoAKACgAoAKACgAoAKACgAoAKACgAoA+bP2vP2T/gx+2/+zn8Uv2X/AI++G08S/DP4reHZ9E1VI/Jj1fQNTjdLzw94x8L308FyuleLfB+uW9h4h8Oal5E8dtqun2/2q2u7J7m0uAD/AD/P+Can7U3xw/4Nov8Agp38RP8Agm9+27rl1P8AsZfGnxXp2pab8Q5orq28I6KniKY6P8NP2qPCENxJcQ2PhbxDYWEPhD44aNZ3E82gzaJcm6utU1b4XR6dqoB/pH2t1bX1tb3tlcQXlneQQ3Vpd2s0dxbXVtcRrLBcW88TPFNBPE6ywzRO8ckbK6MylTQBPQAUAFABQAUAFABQAUAf/9X+/igAoAKACgAoAKACgAoAKAP5zv8Ags9/wcHfC/8A4JkeKvDX7M3wY+HiftN/tw+Po9DOkfCa11Waw8J/DmDxXNa23hG6+Jeo6XHcaxdeIfFsl5bXHhP4c6ClvresaW8esavrPhTS9S8M3fiEA+af20v+Cn3/AAW1/wCCTPwt+DP7VX7cHwU/YQ/aC/Z+8feKND8I/GLwN+zNb/Gn4cfEr4FeLfE2nXWp6RoUHjXxv43+IXhfxFpD2+nanp48QP4Y1CxufFdrFoTalp9jqmiaxqQB/Ql+xB+218AP+ChH7OXgb9p/9m3xRJ4j+HnjSO4tbmw1KG3sPFngjxXpnlR+IfAfjvRILq9GheLvD08sS31kt3d2V7ZXOna9oeoar4d1jSNXvwD8Tv8Ag7c/5Q0/Ez/stHwQ/wDUmuKAP6PPAv8AyJHg7/sVfD3/AKaLOgDqqACgAoAKACgAoAKACgAoAKACgAoAKACgAoAKACgAoAKACgAoA/z2P+Dwf/lIj/wS8/7FST/1ePh+gD/QnoAKACgAoAKACgAoAKACgAoAKACgAoAKACgAoAKACgAoAKACgAoA/wA9n/gur/ytX/8ABJH/ALGj/gmz/wCtveNKAP8AQmoAKACgAoAKACgAoAKACgAoAKACgAoAKACgAoAKACgAoAKAPw4/4Lxf8EgfCP8AwVk/ZMvfD/h200fRP2q/g1b6z4t/Zt8e33k2aT6xNbRSa58KPFGpOoaLwT8SorGzsZ7mSRU8NeJ7Pw74rAntNL1TStXAPxd/4NdP+Cv3i6+nv/8Agj1+29d6x4T/AGhfgNN4g8Ifs83nj7ztP8S6voHw/e8tPFX7OviePUil5H46+Ekel6hL4Ntpy8l94D03UPDax2T+BNNTXgD+2mgAoAKACgAoAKACgAoA/9b+/igAoAKACgAoAKACgAoA8f8A2hPjN4c/Zz+Anxs/aB8YRyz+FPgd8JfiL8XfElvBLHDcXWifDjwjq/i/U7S1ll/drd3dno81ta7wQbiWJdrEhWAP8d39gz4peO/2zv8AguD+x78Z/jhq83i3x18bP+Ch/wACfiP47vL1pbiC9urn41+GPEU2jW0M8sn2bw9p9lZw+H9G0mNhaaV4ftLLSrKKKztLeFQD/SG/4OhfDdl4i/4IdftqtdQpJc+H1+AXiTS5mQO1pe6d+0x8HYppoum15dKutSsWcHKw3kv3uVYA/kN/4M4f23vEXwf/AG9PGH7FmtazdS/DL9rfwF4i1nw5oMsu600343fB/Qb7xrp2t2aylo7H+2fhdpXxB0jWxarFNrV1p3g5bqSYaJZRoAf1Ef8AB25/yhp+Jn/ZaPgh/wCpNcUAf0eeBf8AkSPB3/Yq+Hv/AE0WdAHVUAFABQAUAFABQAUAFABQAUAFABQAUAFABQAUAFABQAUAFABQB/nsf8Hg/wDykR/4Jef9ipJ/6vHw/QB/oT0AFABQAUAFABQAUAFABQAUAFABQAUAFABQAUAFABQAUAFABQAUAf57P/BdX/lav/4JI/8AY0f8E2f/AFt7xpQB/oTUAFABQAUAFABQAUAFABQAUAFABQAUAFABQAUAFABQAUAFABQB/Eb/AMHRX/BIXxj9u07/AILGfsO22r+EP2gPgRc+HvGH7RNp4A87T/Emo6P4Bls7rwp+0f4YbTkW6j8a/CtdM0+38dTwrKb7wNp2neKZGsT4I1qbXAD9Of8Aghx/wXY07/gqnpfw1+FmueFNK0f4+eEP2ffH/i/9pWSyvWs4LPx98OfHPwc8FaHr3hbw9HaNAPBHxf0j4l3/AIstJXv4JfC3iHw34g8GQ2uqWemw65dAH9HNABQAUAFABQAUAFAH/9f+/igAoAKACgAoAKACgAoA/Gr/AIOEtev/AA3/AMEYf+Cgeoac1wtxcfBa30GQ2zOshsPFXjrwh4Y1RWKYP2d9M1i7S7U/I1q0yyZQsKAP8tj/AIIq/wDKW7/gnJ/2eF8C/wD1OtJoA/06P+Dlz/lB/wDt4/8AYq/CD/1oz4PUAf5qP/BBHWdS0L/gsb/wT0vdKM63U/7RHhzRpTbuY5P7N8Radq/h/WQzKQTA2kanfLcp0ktjLGwKswYA/wBWb/gqx/wTv0H/AIKjfsa+NP2R9e+KGsfBtfE3ifwN4s0z4gaP4ZsfGbaRqXgzxFa6sYL/AMLX2reHxrNjqem/2jppit/EOi3Nle3VlqgurmGxn0vUAD8Q9G/4Nu/28LB7eG//AODjL/gpJNpNtbi3hsNG8R/GTRHhSKNY7aO3mm/at1i2ht4FUIIE0/HlhUjeIAGgDqP+Icz9sn/pYd/4Kmf+HP8Ain/8/wDoAP8AiHM/bJ/6WHf+Cpn/AIc/4p//AD/6AD/iHM/bJ/6WHf8AgqZ/4c/4p/8Az/6AD/iHM/bJ/wClh3/gqZ/4c/4p/wDz/wCgA/4hzP2yf+lh3/gqZ/4c/wCKf/z/AOgA/wCIcz9sn/pYd/4Kmf8Ahz/in/8AP/oAP+Icz9sn/pYd/wCCpn/hz/in/wDP/oAP+Icz9sn/AKWHf+Cpn/hz/in/APP/AKAD/iHM/bJ/6WHf+Cpn/hz/AIp//P8A6AD/AIhzP2yf+lh3/gqZ/wCHP+Kf/wA/+gA/4hzP2yf+lh3/AIKmf+HP+Kf/AM/+gA/4hzP2yf8ApYd/4Kmf+HP+Kf8A8/8AoAP+Icz9sn/pYd/4Kmf+HP8Ain/8/wDoAP8AiHM/bJ/6WHf+Cpn/AIc/4p//AD/6AD/iHM/bJ/6WHf8AgqZ/4c/4p/8Az/6AD/iHM/bJ/wClh3/gqZ/4c/4p/wDz/wCgA/4hzP2yf+lh3/gqZ/4c/wCKf/z/AOgA/wCIcz9sn/pYd/4Kmf8Ahz/in/8AP/oAP+Icz9sn/pYd/wCCpn/hz/in/wDP/oAP+Icz9sn/AKWHf+Cpn/hz/in/APP/AKAD/iHM/bJ/6WHf+Cpn/hz/AIp//P8A6APn/wCLv/Bo54l/aA8Q+GPFvx4/4LEftmfGzxV4Ki8jwd4m+LulX/xJ8Q+EoPtqan5PhjWvGXxc1nUdAi/tKKLUPL0u5tE+2xJdY+0KsiAH0B/xDmftk/8ASw7/AMFTP/Dn/FP/AOf/AEAH/EOZ+2T/ANLDv/BUz/w5/wAU/wD5/wDQAf8AEOZ+2T/0sO/8FTP/AA5/xT/+f/QAf8Q5n7ZP/Sw7/wAFTP8Aw5/xT/8An/0AH/EOZ+2T/wBLDv8AwVM/8Of8U/8A5/8AQAf8Q5n7ZP8A0sO/8FTP/Dn/ABT/APn/ANAB/wAQ5n7ZP/Sw7/wVM/8ADn/FP/5/9AB/xDmftk/9LDv/AAVM/wDDn/FP/wCf/QAf8Q5n7ZP/AEsO/wDBUz/w5/xT/wDn/wBAB/xDmftk/wDSw7/wVM/8Of8AFP8A+f8A0AH/ABDmftk/9LDv/BUz/wAOf8U//n/0AH/EOZ+2T/0sO/8ABUz/AMOf8U//AJ/9AB/xDmftk/8ASw7/AMFTP/Dn/FP/AOf/AEAH/EOZ+2T/ANLDv/BUz/w5/wAU/wD5/wDQAf8AEOZ+2T/0sO/8FTP/AA5/xT/+f/QAf8Q5n7ZP/Sw7/wAFTP8Aw5/xT/8An/0AH/EOZ+2T/wBLDv8AwVM/8Of8U/8A5/8AQAf8Q5n7ZP8A0sO/8FTP/Dn/ABT/APn/ANAB/wAQ5n7ZP/Sw7/wVM/8ADn/FP/5/9AB/xDmftk/9LDv/AAVM/wDDn/FP/wCf/QAf8Q5n7ZP/AEsO/wDBUz/w5/xT/wDn/wBAB/xDmftk/wDSw7/wVM/8Of8AFP8A+f8A0AeAeOP+DRzxL8Tvin4T+OXxI/4LE/tm/EH41eA5fDk/gf4weONKv/FnxT8GT+D9am8SeEZvCfxB174uX/izw5L4V8RXFxr/AIck0jV7N9E1qebVNMNrfyvcMAe//wDEOZ+2T/0sO/8ABUz/AMOf8U//AJ/9AB/xDmftk/8ASw7/AMFTP/Dn/FP/AOf/AEAH/EOZ+2T/ANLDv/BUz/w5/wAU/wD5/wDQAf8AEOZ+2T/0sO/8FTP/AA5/xT/+f/QAf8Q5n7ZP/Sw7/wAFTP8Aw5/xT/8An/0AH/EOZ+2T/wBLDv8AwVM/8Of8U/8A5/8AQAf8Q5n7ZP8A0sO/8FTP/Dn/ABT/APn/ANAB/wAQ5n7ZP/Sw7/wVM/8ADn/FP/5/9AB/xDmftk/9LDv/AAVM/wDDn/FP/wCf/QAf8Q5n7ZP/AEsO/wDBUz/w5/xT/wDn/wBAB/xDmftk/wDSw7/wVM/8Of8AFP8A+f8A0AH/ABDmftk/9LDv/BUz/wAOf8U//n/0AH/EOZ+2T/0sO/8ABUz/AMOf8U//AJ/9AB/xDmftk/8ASw7/AMFTP/Dn/FP/AOf/AEAH/EOZ+2T/ANLDv/BUz/w5/wAU/wD5/wDQAf8AEOZ+2T/0sO/8FTP/AA5/xT/+f/QAf8Q5n7ZP/Sw7/wAFTP8Aw5/xT/8An/0AH/EOZ+2T/wBLDv8AwVM/8Of8U/8A5/8AQAf8Q5n7ZP8A0sO/8FTP/Dn/ABT/APn/ANAB/wAQ5n7ZP/Sw7/wVM/8ADn/FP/5/9AB/xDmftk/9LDv/AAVM/wDDn/FP/wCf/QBXu/8Ag3A/a+1C0urC/wD+DhP/AIKiXtje289pe2V38SPifc2l3aXMbQ3NrdW03x9eG4t7iF3inglR45Y3aORWRiKAPov/AII5f8G73wr/AOCQXx4+Jvx98JftKfEL43eIviJ8JLn4QDRPEfgfw54M0TR9F1Hxj4U8aalqr/2Zquu3+paq994M0a0sMXen2lnaTar9ot9Qmu7OTTwD+i2gAoAKACgAoAKACgD/0P7+KACgAoAKACgAoAKACgD89/8AgrF8DNY/aU/4JpftyfBTw3ZS6l4q8bfs0/FRPB+lwRSTzar408P+GbzxV4O0qGKINK0up+J9D0qwjMaSuj3AdYpmURMAf5If/BF65itf+CtX/BOKWZgqN+2V8AbYEkD97efETQrSBecctNOigdSWwMkgUAf6dP8Awcy3Edr/AMEO/wBu+SU4VvDnwWtx/wBdLv8AaW+DNpEO3WWdB/j0oA/z7P8Ag15+BWrfG7/gtB+y5d2thdXXh/4J2fxL+OnjO6tkLDSdK8H+ANd0bw1fXLYKx21x8TPFPgLR5HfAJ1REUmR0FAH+vdQAUAFABQAUAFABQAUAFABQAUAFABQAUAFABQAUAFABQAUAFABQAUAFABQAUAFABQAUAFABQAUAFABQAUAFABQAUAFABQAUAFABQAUAFABQAUAFABQAUAFABQAUAFABQAUAFABQAUAFABQAUAFABQAUAFABQAUAFABQAUAFABQAUAFABQAUAf/R/v4oAKACgAoAKACgAoAKACgD/Me/4LI/8Elvin/wSD/4KT/DH/gpj+z18MPEXjb9iTTP2nPhr+05s8EaXc6q3wC8XeEPiV4e+Inib4beMIreAW/hzwTqut2F0fhj4k1Frbw8ul6jaeCNSvo9X0iG41wA/ZP/AIOQf+CrX7Jv7V3/AATE8I/sv/sUfGbwh+1F8YP24fiH8H7bw98LfglqsXxB+I+k+DPCPirSPihO/jDwL4YbUfE/hLxJP4x8LeD/AAnY+CfEelaf4q1DWb7U4bLR5/8AhHdbewAPsn/g2U/4IxeKf+CaH7P/AIu+OP7RuhW+k/tc/tL2OjLrnhhporu7+DXwj01l1Tw98Nb6eBpbdfGGt6xK3if4hpZ3M9ra3Vp4V8OZN74Vvbu/AP28+LP/AAUU/YD+Avjg/DP42/tsfspfCX4iRSpFeeCPiL8f/hZ4P8VaW0gZom1vQtd8UWOpaHDNtYQ3GsQWMEzqY4pHcFaAPqzwz4o8NeNfD+keLPBviLQvFvhXxBYw6noPiXwzq+n694f1vTbld1vqGkazpVxd6dqVjOvzQ3dnczQSrykhAoA3aACgAoAKACgAoAKACgAoAKACgAoAKACgAoAKAK93d2mn2l1f391b2VjZW893e3t3PHbWlpaW0bTXN1dXMzJDb29vCjyzzyukcUaNJIyopNAHxV4b/wCCmH/BOnxj8Qo/hN4U/bw/Y+8R/EufUV0a08D6J+0f8IdT8S6hrTTPbnQ9L0u08XS3Gqa5HPG8M+jaet1qdvKjRz2sTAigD7doAKACgCvd3drYWtzfX1zb2dlZ2813eXl3NHb2tra28bTXFzc3EzLFBbwRI8s00rLHFGrO7BVJUA+KrP8A4KY/8E5tR8bD4b2H7e37G1749Z44U8I2v7THwan12S6ll8lNPhsI/GbTTap5gGdKiRtRVGSV7ZYnR2APtxWVlDKQysAyspBVlIyCCMggjBBBwRyM0ALQB876z+17+yb4d1fVfD/iD9qD9nfQtf0LUr7Rtb0TWfjX8NtM1fRtX0y6lstS0rVdNvfE8F7p2padewTWl9Y3cEN1aXUMtvcRRyxuigGb/wANq/sbf9Ha/sy/+H5+Fn/zV0Ae2+CfH3gT4l+H7fxZ8OPGvhL4geFbue6trTxN4J8R6P4r8P3VzYzNbXtvb6zoV7f6dNPZ3CPBdRRXLvbzI0Uqo6stAHW0AFABQAUAFABQAUAFABQAUAFABQAUAeP/ABp/aF+An7N3hVfHH7Qvxr+E/wADPBslz9jg8U/F74h+EvhzoFzfYDLYWmq+L9W0myvNQkDKIrG1lmu5WdFihdnUUAc18BP2t/2Wf2p7DUtT/Zp/aO+B3x9s9EEJ11/g98U/BPxEl0A3P/Humv2vhXW9Uu9Dlm48qHVoLOVwQVQgqaAPoWgAoAKAPHfH/wC0P+z/APCfWoPDfxT+Ofwd+GniK602DWbXQfH/AMTfBXg3WrnSLm5u7O21WDS/EWuabfTabcXen39rBfRwNay3NldwRytLbTIgBw//AA2r+xt/0dr+zL/4fn4Wf/NXQB6P8O/jp8Evi9c6nZ/Cb4xfCz4oXeiQ21zrNr8O/iF4S8a3OkW148sVpcanB4a1jU5bCG6lgmjtpbtYkneGVImZo3FAHqdABQAUAFABQB8XftAf8FG/2B/2Vdc1Hwn+0X+2R+zd8HvGmkwWd1qXgHxt8X/BOl/EWztdRsYNT0+4l+Hv9sSeNRBf6ddWt9ZTDQil3aXVtcW5kinidwCD9jf/AIKMfsVf8FA4PiXcfsefHvw38b4fhBq+h6H8RW0LRvGGht4evvE1pf3vh+TyvGPhzw5Nq2l6xBpOqrp+u6JFqOiXVzpWp2UWote6fe28ABx/7W3/AAVa/wCCd/7CvjHw58O/2rv2rPhr8IvHviqC3vdL8F3/APwkPibxTb6beP5dlrPiDQfBGi+JdT8JaDfOJBYa/wCK7bRNGvvs92bS+mFndGAA+7vDfiPw/wCMfD2g+LvCWuaT4m8K+KdF0vxH4Z8SaBqNpq+heIfD+uWMGp6Nrmi6tYSz2OqaTq2nXVtf6bqNlPNaXtncQ3NtLJDKjsAbVABQAUAFAHBfEv4qfDD4L+D9U+IXxh+I/gP4UeAdEVX1nxx8SvF/h/wL4Q0hXzsbU/EvijUNL0axD7G2G6vIt+07c7TQB4n8CP25/wBi39qLWL7w7+zf+1n+zl8dfEmmQTXepeGfhP8AGf4e+PPEtjZW7mOTULvw94b8QahrMGm71Pl6lJYLYzAbobh0+agD6poAKACgD5qn/bP/AGPLaaa3uf2sP2are4t5ZIZ4J/jr8LopoJonKSwzRP4qV45Y3VkkjdVdHUqygghQCL/htX9jb/o7X9mX/wAPz8LP/mroA2fD37Wf7K3i7XNK8MeE/wBpj9n7xP4l12+g0zQ/D3h74y/DnWtc1nUrpxHa6fpWk6b4lub/AFG+uZGEcFpaW808zkLHGzHFAH0AzKiszsFVQWZmICqoGSzE4AAAySTgDk4xQB8zf8Nq/sbf9Ha/sy/+H5+Fn/zV0AH/AA2r+xt/0dr+zL/4fn4Wf/NXQB9AeHfEnh3xhoWleKPCWvaL4o8Na7ZQ6loniLw7qljrehaxp1wu+3v9K1fTZ7qw1CynU7obq0uJoJV5SRgQaANqgD//0v7+KACgAoAKACgAoAKACgAoAgurW1vrW5sr22gvLK8gmtbu0uoY7i1urW4jaK4trmCVXingnid4poZUeOSNmR1ZWYUAeT+CP2e/gH8MvEOoeLvhv8D/AIQfD7xZqyzJqvifwR8NPBfhTxDqaXHliddQ1rQdFsNSvFnEUQmW5uZRJ5ce/O1RQB/MZ/wdNf8ABZfxx/wT/wDgv4M/ZN/Zm8VXnhH9qD9pbw/qeva54/0af7N4h+D3wLhu73w7d694ZvEdLnR/HPxD1+11Pw54Q8R2ay3XhvTvDfjTV9Om0rxNB4Y1a1AOR/4Nj/8Agmh+yp8Rf+CR0fxo/aB+B3w7+Nvjz9uTxP8AGrUPiZ4o+KXhjS/GPie88C+HviH4p+FOmeF7LX9atbrWNFtJL/wXrHjYX2k3llq03iTxB/b737X1jpE9kAfzi/8ABJT/AIKd+Pv+CJ3/AAVP+Mn7DfxE8f63rP7DCftYfFX9nL4keHPE+p3F5o/wv1jwx8Uda+G+ifHzw1E7mHQL/SrrR9Pn+JQ0uBbXxX4LOpTXen6hrui+E7rSwD/U6oAKACgAoAKACgAoAKACgAoAKACgAoAKACgAoA/zP/8Ag6j/AOC0PxL+PP7Rnjb/AIJtfs6+NNZ8N/s8/A/WT4M+PMnhi/n0+5+OHxrsZjF4j8Ia7d2UqXV/8Pfhlfsnhf8A4RG4WDT9X+IOm+INY1q21iLR/BtxpYB/Rr/wUx/4Iwfsd/D3/ggt8Yfgt4M+Bnw20bx5+yL+y7qvxp8KfFfSPCWh2nxJuviZ8E/Bo8d/ELxfqfjS3sY9e1m++J9p4c8S6d4rgv725sb6z1mKC3tIBo+gDTQD8yv+DSr/AILQ/ET4t61df8Exv2ovHGpeNdd0bwjqPir9kzx54r1G61PxRc+H/B1h9r8X/A3UtVu5bi81m38NeGLa48ZfDuS9Z7jRvC+g+L/Dst+dI0rwfpVgAf3gUAFAH8PH/BUfTf8Agqh/wX6+Pnxo/ZH/AOCelzpXwi/4J6fst+PPEPwT+LXxp8dfELW/h78N/wBpD47eGbq0tPiBoeo3vhLRvE/if4geDfh3qQk0bR/Cvh/w14i8Ji9sLnxh4p1J9S13wTpehgH8d3/BTH/gi7+3L/wSiu/B93+054R8Kar8PfH19caL4R+Mnwm1/UPGHwv1TxNaw3d7L4SutV1XQvC+v+H/ABPJpVlc61p+k+JvDWjS61pNvf3ehtqQ0TXl0oA/qa/4M8f+Cpnxt8d/EP4gf8E1/jZ4u1v4g+B9G+F2rfF/9njxD4t1+/1nXvAA8G6r4T8O+J/hDpU+py3dzN4K1DRdfh8V+F9IjuLex8Gz+GPEdvp9tLa+JEj0sA/uO/aa+OPh39mX9nP47/tFeLTGfDfwM+EPxE+LGrwSy+V9utPAXhPVfEx0yFshmu9VfTU02yhi3T3F5dQW8CPNKiMAf5EkH/BDf/gtL+0vBD+0dZ/sV/E/xrafH+KP42WvjKTxL8L9Pfxbb/FVR46h8TPYat47stVsm16PXl1VrTUrO0v7c3flXlrBcJJEgBL/AMQ5X/Ba7/owX4mf+Fh8H/8A54tAH+q1/wAEyP2SLP8AYU/YF/ZV/ZVhtba21j4UfCTw/Z+OmszE9te/FPxIJ/GPxY1OCSEsstvqXxI8Q+KL20fzJiLSeCPzpQm9gD7soAKACgAoAKACgAoAKACgAoAKACgD5i/bP/at+G/7Dv7LPxv/AGsPi09w3gX4JeB7/wAW6jp1lJDFqXiPVGmttI8KeD9IluP9Gj1vxp4s1PQ/CejSXJS1TVNZtHupI7dZHUA/zvv+CKPjDxx/wXk/4Lqaz8fv2/jY/GTw78Gvg98Sfj34Y+DniSFtY+Dfg210bxX4F8A/Dr4c+HPA+q/a9Ii8I+FNV+I9j4oGm3EE8virxB4b/wCEi8ZS6/ql/rV1fgHvv/B038M5f+CX37f37En7fP7CTQfsw/FH4ueEviRDrt78I7Cx8I6Lq3jf4K614F/tDWtZ8N6Vb22g6pF418K/E/RfDnjnRL/T5tC8ZaZoipr+najNe6tNdgH9mP8AwSL/AOCifhb/AIKh/sMfCn9qbR7LTtA8Z3wvvAnxr8FaZJPJZ+B/jN4PjsovGGi2RuZbi4TRtWt7/R/GvhWO4uru8j8IeK9ATUbh9SW8VAD9MKACgD/LV/4K8fsa/wDBRj/gsl/wUy/bN/aO/ZE/Zq8b/HH4C/Bv4x3v7HfhPxboWu+B9N0S01P9nLQdC8NeNNM0lvFXivQ7rUbK88a6h4g8WR6jp9tcaTK3id4bW8mlguEgAPzj/wCIcr/gtd/0YL8TP/Cw+D//AM8WgD+8j/g1p/4Jd/F//gnR+yH8Y/EX7TXw3uvhh+0d+0L8W47zX/Cup3uhalq+h/Cz4Z6U+ifDnTNRu/D+pazp32i717XviN4mVLfUXB03xBpKzQxXMMtAH9P1ABQAUAFABQB+OH/BZj/gnB+zd+2T+wz+2Nca38BPhVq/7QS/Avx145+G3xdT4e+F1+LVj8Tfhl4Lk174fC0+IlvpkfjKO3vrnwnofg7U7ZdYeC98Izz+H7i1udLb7EwB/m0f8ED/APgop8Z/+Cf/AO0z8W7X4CfC3WPjl8YP2pPgfdfs9/A/4T2Cq+la1+0R4k+IHgef4ReJPE8ZvLF38PeE2TxTNqsUU8T3enale6c99okF9L4g0gA/qm+K3/BnRe/tMadofxq+O/8AwUc+K2ofto/EnUIfGv7Unj7xF8N/D3xQ+HviXxdrZt7jXdJ+G+kR658NPEugaX4ahJ8P+Hb/AFfxBrGm3em6Vp39neD/AAZpJtvD2lAH9in7NnwK8Kfsv/s9fA/9m/wLfa3qngz4D/CjwB8IvC2p+JLtL7X9R0H4e+GNM8LaZf6zdRRW9vJqN5aaZFcXa2dtaWEM0rw2FnaWccFtEAe2UAFABQBxvxG+IHhH4TfD7x18U/iBrVt4c8B/DXwd4m8feNfEN7u+x6F4S8HaLfeIfEesXWxWf7Ppmj6deXswRWcxwMFUsQGAP8v/AOG/7Xnjv/g4x/4L4/sv+A/2hZdam/Y9Hxc8Z658NP2bL7UJo/BXhz4O/CDwR42+Kv8AZfifRrO4fTtT8a/E7TPA1vpfxP8AFHmTalqh1ubw5pV/Z+GdL8OaZpYB+vX/AAd2fsh/DD9lz4X/ALFv7fn7Kfg/Qv2a/jR8OvjvY/BBvGnwI0qx+FWqvaaj4C8VePvhvqQl8E2+ii21bwDP8L9csPDmr2qwX1rpuvS6TJcy2FrpltaAH7k/8G8f/BWS9/4Kp/sU/wBtfE6607/hqH9nvVdJ+Gnx/i0+CGxi8Uve6dNd+Avi5b6ZbKtnpkHxI0rTdWj1SxtFtrODxt4X8ZrpWnadoQ0i2QA/e+gD5i/bX+N8f7NH7Hn7U37QjXKWs3wV/Z7+MHxN093Kgy6z4M8A69ruh2cO7Ae61DWLKxsbSLrLdXEMQyXxQB/jD/Cb/gml/wAFFf2gfCOn/Er4OfsP/tY/FLwH4hiN9ovj7wl8CPiZrvhHxHDI533mieKrfw5Jo2vRGTPmXGmX14gfO9lYkUAdxr//AASB/wCCp3hbQta8T+JP+Cev7X2heHfDmk6jr2v63qvwG+IdjpejaLpFnNqGq6rqV7PoMcFpYadY2893eXUzpFb28Mksjqis1AH7Wf8ABn3+xr/wv/8A4KUa3+0h4g0r7b4G/Yx+GuoeL7W4mg8+yPxd+KkGqeAPhzY3MbqYfMt/DZ+Jvi3T5yWls9Y8JaXcwRiVUuIAD+/P/gs9+0vd/sl/8EwP2yfjDodxcQeNT8ItV+GfwzFjvfVn+J/xqu7L4Q/D+fR7WHNxe6jpXifxtp+upa26PIbfSriVlEEMzqAf5e//ABDl/wDBa7/owX4mf+Fh8Hx+h+IuR+NAHS+DP+Da/wD4LN+JvGHhTw5rX7FPjrwbo/iDxLoWiat4v1nxZ8KZtH8K6ZquqWthf+JNVisfiBPey6bodrcS6nfR2cE109rayrbxSTFEYA/12fg38KvCHwJ+EXwu+CXw+sf7M8CfCD4eeDPhj4M0/CZs/C/gTw7p3hfQbdzGkaNLHpml2yyyKi+ZKGkIBY7gD0igD//T/v4oAKACgAoAKACgAoAKACgAoAKAP8ej/g5e+NWrfGv/AILQ/tjXN7dXMukfDDXfBPwV8K2M87TR6RpPw3+H3hnStXtbQF3WG21DxvL4u8RGCMIqXWuXJZBKzswB/opf8G2kSQ/8ER/2CkjGFPgb4lykD+/P8efitPIfq0kjMfc+9AH+Xj/wWOiSH/grD/wUiSMYU/ts/tKSn/fn+LPimeQ/jJIx/GgD/XA/4JHfGvWP2if+CYv7CXxg8SXlzqXijxX+zH8KIPFuq3kvnXeseLvC/hiy8H+K9auJCzFptZ8RaBqWqSbmZla7KsdyncAfonQAUAFABQAUAFABQAUAFABQAUAFABQAUAef/Frx7a/Cr4V/Ez4oX1ubuy+G/wAP/Gfj28tA4jN1a+D/AA5qXiG4txISAhmi054g5IC7skjGaAP8KPQfFGu/EX48aN408Y6jca34m8d/FzTvFHinVryR5rrV9d8T+ModV1zUbqWRneW4v9Qvrq5nkkd3eSVmZmJJoA/2w/8AgpdEk/8AwTj/AOCgEEgzHN+xN+1XE49Uk+BPjxGH4qSKAP8AHL/4Jg/GvWP2df8Agor+xJ8ZtFvLmzl8E/tOfByfVzaS+TNfeEdY8baR4d8daL5u5QsPiDwXrGv6Fc5O022ozBwylloA/wBw2gBksayxyROXCyo8bGKWSGQK6lSY5oXjmicA5SWJ0kjbDRurgNQB5L8CPgL8Iv2ZPhV4U+CPwJ8D6Z8O/hd4Ji1KPw54V0u41K+itZNZ1e/8Qa3f3mqa3faprmtaxrevarqWta3rmt6nqOsaxq1/eajqV9dXdxLKwB+HP/B1PbfD2f8A4IkftTSeOY9PfVrPxL8Arn4ZPdJbtqMHxCb47fD60STQGuFYx6g3gu68aQai9vtuD4Wm8RRowR3oA/k3/wCDM/8AZV8cfEX/AIKB/En9qv8As29tPhd+zl8GvEnhm48QNb3KWGqfE34utZ6DoHhW2uMxW11NB4NtPGniDVUje5k0z7LoIubaP+2rG4QA/pm/4O4/2pP+FCf8Em/EHwr0rUBbeKv2sfix4B+DtvBBMYr9fBmgXk3xW8d38eGRjps9r4F0nwdq+wszW/jWO32hbkywAH8zfwS/4PPf2+Phxa+FfDPjn9l39jzxn4B8LafpeiW2ieCdE+LPwu19dA0izhsLLTNP1y4+KHj/AMPaYLWzt4Le1kHgi7ihjjANrKMKoB/V7/wSk/4OVf2Jv+CnPi/R/gjf6T4g/Zg/ae177Qvhv4Q/EXV7LxD4d+IEtpaSX11Z/DL4o6dp+j6X4i1i2tYppW8OeItC8FeJtQSGaXQNG1y3tb2a1AP6LKACgAoAKACgAoAKACgAoAKACgAoAKAP45f+D0z41at4L/4J5/AH4L6TdXNnH8bv2m9O1DxKYJ2ji1Pwr8K/A3ifWX0W8hV1E8EvjDxB4L1xA6yJHdeH7aTCyCN1APxX/wCDJmJD/wAFA/2qZyP3kf7HOoRI3cJN8a/hI8g/FoIif90elAH3Z/wfJRIfB3/BNicj95H4m/atiU+iTaX+z28g/FoIz+FAHC/8GP3xr1hda/b3/Zzvby5n8PzaX8GvjX4a09pf9D0rWLe78X+BfG95FCWx9p1+yuvh/DPKqj914atkdjlAoB/oIUAfMf7af7ROk/skfsjftKftNay1sbb4GfBT4i/Em0tLsgRatrvhnwxqN/4Z8PrlkDXHiPxHHpWg2kbOglu9RgjMiBi6AH+W9/wT+/4Od/27/wDgnl8DdF/Z6+HXwq/Zb+I/gTTvFnjzxxquu/E3wb8T7j4leKPFPxH8Yav418Ua5r/izwr8XvDGmX+qXOpaxJZW93P4Wk8jSbHTbNop3tTcOAf1D/sC/wDB5L+yp8d/FugfDX9tX4Nar+yLrOtyWumWvxd0PxRN8Tvgs+r3EscEcnitB4e0Txn8ONLuppUjjv5NP8caLparJeeI/EWj6XHPqEAB/ZTpupadrOnWGr6Rf2Wq6Tqtla6lpeqabdQX2nalp19BHc2V/YXtrJLbXlleW0sVxa3VvLJBcQSRywyPG6swBdoAKACgAoAKAOA+K3xB+Hvwm+GPxB+J/wAWte0fwt8L/h/4M8S+MPiF4i8QMo0XRvBvh7SLvVPEeoampSXzbO20q2upJrdIppblR9nhhlllSNwD/GQ/4JjfGzwv+zN/wV5/ZC+L/hd9Y0P4ZeHv2vPBFjZ3PieBdO1uw+C/xG8YL4JvdQ1q3+0XMUV6vwu8X3V9dRpeXNtK7MIrya3dLhgD/auoAKACgAoAKAP55P8Ag6X+NWrfBr/gi9+0tbaDdXNhq/xh134UfBWK+tZ2gkh0nxb8QdF1XxfauUeNpbbW/BHhrxL4du4MsstrrEokR4g6sAfws/8ABqLEkn/Bbj9mh2GWg8DftFSxn+65+A3j+Ake/lzOv0P1oA/rq/4POYkk/wCCT3w3dhloP22fhFLH7OfhN8fYCf8Av3M4/H3NAH84/wDwZm/GvWPAn/BTr4k/B8Xlz/wi/wAd/wBmPxrBeaUkuy0l8XfDTxP4S8YeGdauI9wEs2leHW8faXbfKzIviO5YFV37gD/UPoA+WP21/wBlTwt+29+zF8UP2WPHPijxH4P8E/F6DwrpHjLV/CZtV1648KaL458M+LPEPhu0mvFeG1h8ZaRoF34P1K9CNcWWl67fXVli8hgZQD6R0DQdE8K6FovhjwzpGm+H/DfhzSdO0Hw/oOjWVvpuj6Jomj2cOn6TpGladaRw2lhpum2FvBZWNlaxRW9rawxQQxpEiJQB/PB/wdKftrf8Mif8Eofir4T8P6t/Z/xL/a31Sz/Zo8IpBPtvYvC/i2zvdU+MGpmBCszaa3wv0fxF4RuLtGVLLVfGmhGQsZo4ZwDiP+DTv9jX/hmD/glT4O+KWv6V9h+IX7YnjDWfjzrElxB5eowfD9Ang74R6W8mFE2l3fhXQ5viFpGC5VfiLdEvl/KiAPin/g8H/bs1f9nHwV/wT9+DngaPw9rXi+5/aRsf2tta8NeJbWfVPDeqaX+zVPpi+BPD/jnR7W/0y61Xwd4v8a+M7i6vNMgv7OTUf+EGuY1vrJ4Y5GAPyX+Dv/B7R+29oOtWB+PP7JX7L/xO8MRFU1C0+F978Ufg54ou48rmWLXvEvjD40aJDOF3EqvhHyXbaAsQBZgD+vv/AIJSf8F4/wBij/grHBdeEfhZqGu/Cn9ojQtEn8QeJ/2ePiaLOHxV/Y1nLDb3/iHwL4h095PD3xD8N2c1xELufSprLxJpUMkV34i8J6Ha3VnPcAH7X0AFAH//1P7+KACgAoAKACgAoAKACgAoAKACgD/F2/4Ly+GtQ8J/8Fif+Chul6kJhcXX7R/i7xLGJ/v/ANn+NLfTfGOklen7k6Vrtmbf/pgYsZwDQB/pkf8ABtz/AMoSf2Cf+xC+Iv8A6vP4pUAf5eP/AAWT/wCUsn/BSD/s9X9o7/1afiagD/VU/wCCBfhe/wDCH/BG/wD4J66TqME9vcXf7Pmh+KI47gMJGsPHGsa3400udd2T5F1pmv2lzakfKbaaIphCBQB+vdABQAUAFABQAUAFABQAUAFABQAUAFABQB84ftj+GtQ8afsiftU+DtJEx1XxZ+zh8cfDWmi3/wBedQ134Y+J9LsxBjJ843F1EI8D7+OtAH+Gn8Kv+SofDf8A7H3wf/6kOnUAf7c3/BSj/lHT+31/2ZV+1P8A+qM8d0Af4r/7JPhe/wDHH7Vf7MvgvS4J7rU/F/7QfwY8L6dbWoY3Nxf+IPiP4b0mzgtwuGM81xdxxwhTuMjLjBxQB/u60AFABQB/CX/wWq8X/Hb/AIL5ft7eCP8AgkP+wVcw3/wD/ZN8XDxr+2J+0FJ9pufhV4S+KjJf+GZY9a1CyfyNak+E+jXHibwz4a8M6ddLq/jb4ma74x0iK3tdJ8DXHiiwAP64f+Cf/wCwZ8BP+Cb37Mfgb9lz9nnRZrLwn4XWXVvEnibVfJm8WfErx9qtvaR+J/iJ40voY4kvPEPiCSytY/Khji07RdHsdI8N6JbWWhaNptlbgHmf/BQn/glF+xd/wVB0/wCGmn/tf+BvFvjRPhA/i6X4eSeGviZ468BjQbjxynh1PEt1JY+Fta0/SNZuryPwpoccFxrum6lLp8drNFp8lrHf36XQB/OZ+09/wZU/sdeNrG71H9k79pj41fAfxL5Ej2+h/FGw8PfG7wDPcRqWgtYRY23w48Z6LFctiK51C58SeKmtQ32mDS5/LNpOAfw3ft6f8E9P2xv+CSH7SWjfDj476TP4N8Y6ZeWnjr4N/GP4eatqU/gvxza+HtUtbjT/ABv8MPGS2ukalFqHh/WIrGS9sL6y0Lxd4V1I2Emq6Rp4vNKur0A/2HP+CeP7Qus/tY/sJ/sh/tJeJvsf/CW/Gn9nf4T+PvGq6dCLbTk8c634O0mbxvHp9uMi3sIvFg1iOygz+6tlijOSpoA+x6ACgAoAKACgAoAKACgAoAKACgAoA/hz/wCD37w1qF1+zb+wl4xjE39laF8cPit4avCv+oGoeLPAWhappgk7ecbfwXqxg5+4txjOTQB+Zv8AwZMf8n+/tWf9me3f/q6fhVQB92f8HyP/ACJH/BNv/sav2p//AE0fAKgD5Z/4MhfC9/d/tRftx+NI4J20zw/8A/hx4XvLlQ32aG/8X/EO81bToJj90T3Fv4H1SS3BG4x2t1twA9AH+jxQB87ftX/sr/Bf9tb4BePv2Zf2hdA1bxT8HviZFoUHjLw9ovivxP4KvtUh8N+JtG8YaRCPEPg/VdG162gh1/QNKu7m2t79LbUYbdtP1GG6065urWcA/mr+O3/Bmv8A8EwfiHot2vwX8cftG/s8+KcO2l39h430r4n+E4pWUqo1fwx470KfX9Stozh1j07x5oE5YfvLpkOxQD+NP/gr5/wb4ftcf8EmLa1+Jmtaxo/7QX7L2ravbaHY/HrwJoeoaC/hfWL91h0vR/ix4EvLzWbnwBe63dbrbQ9RtPEHirwnqVwbXTh4nttfvrbQ3AP7XP8Ag0C/am8bfH7/AIJc6r8LvH2sTa5f/sp/HDxL8IfBd5dzT3WoRfCnV/DPhX4g+D9Mvbq5kkmmTQNZ8UeMfDmiQhlt9M8K6P4f0a0jitdOijUA/qtoAKACgAoA/IP/AILrfGD9tT4Ff8Ez/jz8R/2B9F8S6l8ftIl8GxLrPgnw9b+L/Gvgf4e3XinTU+IfjXwp4TuNJ1xdb1PSfDq3FrcyRaVeXHhvRdR1XxnB9mk8NC8twD+Sf/gmVd/8Fwv+C6lt4R/Zj/bo8c/EiD/gmj4P8ZeHfHH7R3xG8W/Crw/8LfFXx70HwdqWneIvDX7Pdh410vw34U1zx/b+INf0mxm8QX+jrJL4c0s3OveMPEWoarB4J0PUgD5S/wCDpr/glJ8avgz+33N+1V+z98E/F2u/s/ftG+Hfh/LZz/CPwRq+p6J8MPi14H8MaL8PdS8D3Wn+E9OuV8MHxBp3hjw/4x8KySxWNrrN7revadoatN4evIYAD+rn/glX/wAPXf2+3/Zw/at/4KUaHdfsqfDD9n3w6L74Sfs9+DB4y+Hnj/8AaZ+Leo+Fb/wdc/tDftI6Pf68+uaD4K0jw5qurjwR8GtSt9NsvEXinXdS8Z69o3/CNad4Tg1wA/pIoAKACgAoA/ly/wCDv/w1qGu/8Edtf1SzExt/Bf7R/wADfEurGP7g0+6uPE/g6M3H/TH+1fFmmgZx+/MH0YA/jP8A+DUH/lNt+zd/2IX7RP8A6ozx1QB/XV/wea/8om/h7/2er8IP/VWfHigD+Vv/AINCvC9/4g/4LIeD9Ws4J5rfwP8As+fHXxRqkkIYx2thd6Po/guOe6xwIG1Pxfp1spfK/abi3H3yhUA/1d6ACgAoA/zZv+Dk34leKv8Agp3/AMFuf2XP+CYnwl1Wa60X4R6v4A+CU81kft1jpHxZ+Puq+G/FHxc8YyeVmCSw8C/DpfAlvryMks2kXXgnxTFK+8T20AB/oz/DrwD4V+FPw+8C/C7wLpcWh+CPht4N8MeAfB2iW/8AqNH8K+DtEsfDvh7S4cADytP0jTrS0jwB8kS8DpQB+YX/AAUD/wCCIf8AwT8/4Ka/EbQPi3+1b4A8e+I/iN4W8B2Xw18O+JfCvxa8eeD00jwjp+ueIPEdrYWvhzTdXfwgbkaz4o1m8n1Obw/JqN758EF9c3VrY2VvbgH85/7W3/Bk58Ede07Wdd/Yj/av8f8Aw68RpaXN1pHw9/aI0fSfiF4N1PUxE32bSh8QfA+l+D/E/g/SZJtgfUrrwf8AEnULZN+bW8LLsAP4sPE/gH9sr/gjN+3v4PPj/wALap8I/wBpX9mT4ieFviN4eSS6e48PeLNN07Uvtem6toeuabKtl4x+GPxC0q31DRL6exuHstZ0S913w3rFva30Os6RagH+2d4T8Saf4x8LeGvF2kMX0rxV4f0bxJpjtjc+n65p1tqdkzY4y1tdRE44yeKAOgoA/9X+/igAoAKACgAoAKACgAoAKACgAoA/zN/+DyT9gvxT8K/2y/BH7evhzQ7q5+Ff7UHhPw14F8ea/bWu600H46fC7w8nh2x07VriIeXa/wDCYfCnQ/DN14bFz+/1K48F+MzGzR6btUA/rQ/4Nf8AxdY+Lf8Agh/+xYLWeOS78MQ/HPwjq8CNueyvtH/aM+LJtoJv7sk+i3Wkaiq9ob6L1oA/zeP2nvgp49/4KCf8Fw/2pfgj8BrGTxF4r/aJ/wCCiP7RHh3wXPbxm7s7XQNR+N3jaa58Zak8LbYvDfhfwfaX3jHxBeiUQ2Hh/StQu2l8uAuwB/scfB34XeF/gd8I/hZ8FfA8Mtt4L+D/AMOPA/wu8IW87K88Hhf4f+GdM8J+H4ZnRURpYtJ0i0SRlRFZ1JVVBxQB6PQAUAFABQAUAFABQAUAFABQAUAFABQAUANZVdWR1V0dSrIwDKysMMrKcgqQcEEYI4OcmgD/ABVf+Cr37Eni7/gmP/wUh+MfwQ1TQryy8GaB8Rj8U/gTqMsBgsvFfwQ8S+IrrxB8OtQ0y5AFvdNpVlBN4L16S2/c2fi3wv4h04KjWTLQB/rH/wDBVP4i+HtH/wCCT/7f/wAQotSgl0LVP2Fv2i5tB1BJESC/m8Z/BTxTpXhPyZGKrjVdS1vSoLfGWdrqMIruyIwB/mw/8GuH7C3iX9r3/gqZ8J/ibc6HeXHwf/Y2vbL9oT4ieIBEVsLPxhobXh+B/h1Lxg0S63q/xKtdO8S2tgQ0154d8EeK5odhsmmiAP8ATT/4KP8A7fPwn/4Jofsj/En9rX4wabrXiPQvBJ0bRvDvgrw40EOv+PfHPinUYtJ8LeEtMvLwNZaYt7eSve6trF2ssOjaBp+raqtpqM9nBpt2AfgL/wAEhv8Ag6n8D/8ABR79rDRP2Rfi/wDszn9nTxn8T49fb4LeJ/D/AMS5viV4a8Qa1oGjan4mufBPitb7wV4Mu/D+rXHh7R9Rn0TX7b7fpuuapbf2PLpuiXV3p5vQCt/wcf8A/BfPwt+xbpEv7CP7N/j3UrL9pf4k22m2Hx1+KHw+isNe8S/ss/CTxIIP7WuPDFncazoNhc/H/wAUeGbue78E6Nd+INDk8J6TPbeKr/VtAv8AVvB2qKAfnb+wf/wc3f8ABGf/AIJzfs+eHf2d/wBmz9i/9s3RfD2mk6t4s8V6xpPwKvvHnxU8c3VvFHrXxB+I/iSP4v282u+J9ZkhQM4gg0zRdOitNB8O6ZpWgabp2l2gBvfFT/g5O1f/AIK7fHT9kn/gnV+xn8HPiv8As/eGP2if2pPgbonxw+Lfifxpp1h8SZfg9oPxB0PxV498L+C9O+H95c/8I7FqHh7Q7688Ta8fF089/wCHLDUvC39mRWWuXt7EAftZ/wAFP/8Ag5X/AGP/APgl5+1HpX7KnxB+FHxq+L/jax8N+HvFnxQ1H4Yw+Drew+Hum+LbVtS8O6Vbx+L/ABHoLeKfFV3optNeutMim0fR7PSdX0hv+EjuNRmvdN00A/VX9hn/AIKMfse/8FGvhknxR/ZM+Mfh/wCIdhaQ2h8W+Dpn/sT4mfDq/u0JXSviB4B1JovEHh2czJcW9nqT21x4c11rW5ufDWt61p6LeMAfzt/8HengPSf2jPgb+wV+yP8AC7w7b/ED9tP4y/thacvwM8C6PHBceMpPh/8A8K58daF8TtWlYQXE+j+BI/Eer/DK48UapeS6do9smjxa/qF5/Z3hPUpLQA/pt/Y0/Z5sf2Sv2S/2bP2Y9P1CPV4vgL8Efhr8KrjWoldY9d1PwZ4T0vRNZ19EkjieMa7q9pfat5bQxeX9t2CKLbsQA+laACgAoAKACgAoAKACgAoAKACgAoA/DP8A4OK/2DfE/wDwUC/4Jc/GT4dfDjRbjxH8YvhFq2hftE/CLw/ZW4utR8ReKfhra6zba/4Y0q3UG4udb8TfDXxH470Pw7ZWpE1/4kvtHswHWZ0oA/jY/wCDLPxZZ6H/AMFOfjx4S1CVbW48X/sWePU0yOU7JLnVvDnxm+BuovYRxnDGYaQ+s3zAjKRafNnHNAH3X/wfJeLdPlv/APgm14EhuEfVbGz/AGqvFupWodfMt9P1Sb9n7R9EuHjBLhLy50fxBHG7KqlrGVULkOEAP1K/4NDf2FvEv7Lv/BPDxN+0L8QtDvPD/jr9tnxro/xE0WxvojbXY+BvgfSLzRvhDe3Vq4EsZ8SX2v8AxA8baTOxEd/4U8V+Gr6GNUnMk4B6D/wW3/4OTvAn/BJ34y+Ff2afh98BX/aJ+OF/4T0jx947j1fx1L8PfBXw78NeILi+j8PadLf2nhjxTqniPxdrlrp0+pPptva6Tpui6PeaRqM2q6jc3r6RAAcRD/wdofsWWX/BPbwF+2l4i+EXxPT4leL/AIt698CtQ/Zk8Oapoeq65onxB8JeGdC8ZeJ9WHxB1aPw7pF98NbXwz4o8M3eneKk0OLWtQ1TxBZ6H/wiMNxY67caUAfoV/wTN/4L4/8ABPv/AIKhSReEPhP461L4VfHgLK0n7PXxuXRPCfxF1aO3jaSe+8BXFjrWseFviNYCOO4uWt/Cmu3vifTrC3fUPEPhnQ7Z43cA9Q/4LkeMfgz4L/4JI/t/Xfx0u9Dg8Ja7+zR8T/B/h201t7UHV/iz4p8N32kfBjTNEiuorgS+Jm+Kdx4SvNAlhtribTdRsotaKJDps9xAAfDn/Brh+wZ8Qv2G/wDgmPolz8YdB1Dwp8Vf2nviHq37Q+t+EdZt5rLXfB3hPXPDfhjwt8OvDuu6fPDBPpurz+F/C8HjG/0q7jXUtHufGEuj6qltqOn3NlagH9HtABQAUAFABQAUAFABQAUAFABQAUAfBn/BT/8AY/T9vb9gL9qb9kyKS0t9d+Lfwv1G08DXV+Y0sLP4m+Fb/T/HXwuvNQll4g063+IXhjw1JqU6lZItPF08bK4Q0Af5kv8AwbUw698Cv+C+X7MXw9+J2i6j4J8W6Vr37Snwh8YeHfENvJp2r+GvG1r8BvjBo0vhvVrKYCW21WDxdpcGgT2jjfHfSbDkrQB/WJ/wepeLdP0v/gmZ8AvBz3CLrHiz9tfwNqNpaF1WSbSPC3wV+Op1a6VCd7x2t/regQyFVKo17EXZSUVwD5L/AODK/wDYW8S+EfBf7R//AAUJ8baHeaVY/FWysv2e/gXeXcRtzr3g/wAN+IYvEvxh8RWiuN15ol5430PwP4Y02/iKwjW/A/i+ybzZLX90AfuR/wAFxf8Agu78Of8Agjl4b+FmgwfCa8+PPx7+NMGu6v4Q+H58U/8ACD+GPD3g7w5c2Wn6n4y8ZeJ10PxHerHc6pfpp3h3QNK0aa51y4sNaa71TQrfT47i7AOg/wCCIP8AwXD+Gv8AwWQ+H3xRe2+Ft/8AAz44/BC68Of8LF+G0viUeNNAvPDvjA6xH4X8Y+DfFp0Xw3c6jp97deH9Xsda0e/0O1v/AA1fxWkMl1qlnqVhqNwAfrX+0j8dvBf7L/7P/wAaf2jPiJP5Hgj4IfDDxr8UPEoWVIbi703wZ4fvtdk0uwMgYSarrD2aaVpNsqyS3mp3lpaQRSzTRxsAf58H/Bp78FfGn7b/APwVO/ax/wCCm/xph/tvVPhfB428ZHWpopPs8v7Qv7VWteJ0uLrS3uTIr2uh/D5PihZyWMBd9Ij8Q+GT5kETWyXAB/pE0Afy8/te/wDB1x+wf+xx+2p48/ZA8a/Cv4++NLT4S+Jh4E+KXxf8B6Z4Ou9A8O+N7c2ya9pekeF9b8U6Lr/iTS/CNzcTab4l1WI6feDVdM1W28PaJ4jtorK91AA/fv8AZd/a3/Zt/bT+FWkfGv8AZc+MPgz4y/DfV9sQ1vwnqJlu9G1EwxzyaD4t8PXsdn4j8GeJrWKWKS88NeK9K0fXbSOWKSewSKWJ3AP5Bv8Ag5v/AGVtM/4KRf8ABSr/AIJXfsQ/Am0tdY/aL1PQvi1qf7QGt6HBFc3vwl/Zp1rxT8MbjQvG3xEvYbO5Om6HoI0f4va14YtdTuIjNqt7/Zmn2N1qfjfRIr0A/tw0TRtO8O6LpHh/SLcWmk6Fpen6NplqpJW207TLSKysrcFiWIhtoIowSSSFySc5oA1KAP/W/v4oAKACgAoAKACgAoAKACgAoAKAPnb9q39lT4F/trfAbx/+zb+0b4HsPH3wq+I2lnT9Y0q6/cahpl9A3n6P4n8MatGjXfh/xZ4b1BIdV8Pa9YFLrTr+CNx5tu9xbzgH8+37Kn/BHT/gqP8A8ExPAPxr/Zx/4J3ft3/s7a3+zV8WfEWueJvBy/tYfBnx5rHxe/Z+13xFo1pouoeJ/h9qvw48V2fgrxJ4k+y2GnTzxeI/Dln4L1DXNLs/EK+DNNkudc07WgD6s/4I8f8ABA39nH/gk8fEXxQfxbqv7Rv7WnjywudN8X/tB+M9Dt9FfR9J1K5F7q/h74aeF21LxBP4U0/W7tYZ/E+s6j4j8QeKPE9xAv2vV7PSWTQ7cA/eagAoAKACgAoAKACgAoAKACgAoAKACgAoAKACgD8mv+Csn/BHf9l7/grl8I9I8EfGhdT8CfFDwE1/d/CH49eC7LTZ/G/gK51FF+36NfWuoRi28XeAdanhtLjxB4Mv7qxF1NaQX2i6x4e1mKPVkAPy7+JH/BHv/gr78fv2J/Bv/BMP40/8FC/2X4/2SfDtl4H8JeIvjP4O+A3xSn/aq+Ifwu+HF5p974Q+H3iu11n4lQfDxrDT5dD8PRXeq2N/ba/rcGjabD4i1bWYB4gh8UgH7b/8E7P+Ccn7M/8AwTE/Z70r9nn9mnw1d2elG8/t7x1488SS2mo/EL4qeM5reK2uvFvjnW7SysILu8FvDFY6Vpen2dhoWgaZDFp+j6bax/aHuADI/wCCon/BPT4ff8FQP2NfiR+yT4/8Taj4E/4Sm50HxN4J+IWlafHrN74D+IPhG/Go+GvEZ0Oe70+DXdNJa80bXtFe/wBPl1Lw/q+q21jqek6i9lqtkAfzM/8ABMT/AINM/ir+xT8dNd/aV+In7Y/gSb4weAvBHxJ0r9lrVfhx8MNW8VaD8Pfiz408D+JPBXhX42+PdB8cal4Yg8Wn4anX28S6T8L7eW30vXvEFvYvqfjKCw057LVADxbxl/wZKeLPiH4t8TePfHn/AAVo1vxh428Z69qvijxb4r8SfscXeseIPEniPXL2bUtZ1zWtVvv2u573UdU1PULm4vL68uppZ7i4mklkkZmZqAOb/wCIGL/rKL/5pP8A/la0Afoj/wAErf8Ag1N0H/gmv+238LP2ytb/AG1v+Ggrj4S6b4+j8PfD1v2al+GML69438C+IPAMWvTeJm+PfxFUf2JpnibVLq2sv+Ebdpr42s8d7ZyWqPQB9Uf8Fnv+DcL4Cf8ABWbx5pfx/wBD+LOv/s4/tL6Z4WsPB2qeNbPwzD4/8C/EHw9ockr+Hrbxp4Jn13wzew61okM9zpem+KPD3iLTp10qeK11rSvEUWl6PFYAH4o/s7f8GbX7U/wS+KGmfEHwx/wVWuPgZqukSyxWvjz9nr4c/EPw98TV0x3illtLDWrL4seB5dHa/a3hWcDVdTtYWSOaS11HyVgYA/qx/YV/4JO/s6fsPeJNa+MK+Jvi7+09+1j4w0WDQPHP7YH7Vfj3Uvi/8e9a0SNI/M8L6F4l1wGHwR4M89WZdA8N21tc31utlbeJNY8QtpthPAAfqBQAUAFABQAUAFABQAUAFABQAUAFABQAUAfzOftD/wDBvfJ4U/by8P8A/BTb/gl38dPDX7H/AO0za+I9Z8SeOvhj448A3Xjf9mz4mXvinTL/AEvxmLvw94X1fwx4i8IWvj2DUb1vG2maZNq+m3+oXf8AwkXhm28HeJbZdWnAOT8V/wDBvz8Uv2/f22PDH7bX/BYj9oD4X/GeL4d6D4d8K/D39kz9mPwN4x8D/AWy8P8AhnUbzXbTSPEnij4h+J9d8d69oGreINW1jWPFmjJaafqnia8vUtrnxbbeFrW08J24B/UFpum6do2nafo+j6fZaTpGk2Vrpul6XptrBY6dpunWMEdrY6fp9jaxw21nZWdtFFb2trbxRQW8EccMMaRoqUAfylf8F2f+Daq8/wCCp3x58NftV/AX45eFfg18Y38H6D8P/iZ4e+I2h63qngjxtpHhiS8Xw54r0/WPDa32taB4p0rS7pdAvrB9G1TSde0yw0WSOfw/eadfza8AXvhr/wAGov7JVl/wTNh/Ya+LvxN8V+Jfi9d/Fi+/aBuf2mvBemW+gan4X+K+o+GdL8HHS/CvhHVbrVbHUPhja+FNJtdC1Dw54hupb3xFcve+KYb7wxrUukJ4dAPx4i/4Mi/jrofjKzv/AAt/wUW8AWOlaVqUGo6P4ri+B/jHRvGWm3NjeJcafqNnpWnfEq4t7PUrNoorqCe18XRyW94iGGdCqT0Af0f/ALHv/BAf4YfB3xH8N/iX+2v+1f8AtO/8FPfit8Hrq31L4SN+1f498UeJfgn8JtbskhSw8TfDr4HeJPFnjrT9P8TWIixZ6p4o8V+L4NOkisb/AEew0vV9OtNRQA/fygAoAKACgAoAKACgAoAKACgAoAKACgAoA/nT/wCCln/Bvv8AD79rf9pjwH+3/wDslfGK5/Yx/bx+HXivwj42j+I2k+ErTxX8OPiR4k8E39pd6HrnxC8Gw3ei3g8WRQWVtpN74o0/Ubm08Q6BCdF8X+F/E0bw3VoAeKftO/8ABDH9sn/gq78ZfgZ4u/4KzftZ/BE/BD9nm11OLw18AP2Ivhv8QvBVj4+1PxBPpkninxF4q8cfFjxf4j1bw1q/iiHQdCsNSbR9K1tdN0K1l0nwjJ4X1G61LxLqQB/S18Lfhb8O/gl8OfBXwi+Evg7Qvh/8NPh14c0zwl4I8F+GrJNP0Pw74e0e2S10/TrC2TJ2xxJvmuJ3mu7y5ea8vbi5vJ57iUA/A7/gvd/wQYsP+CwujfCPx18Pvi1pXwY/aF+Cdhr3hrQ9Y8V6LqGueA/HXgbxHfWmpz+GPFA0iQ61oF5oOsQXGr+HvEOk2WrhBqmuaXqWh3y6hp+paCAdH/wQX/4IYaT/AMEdfAvxc1jxh8VLD4zftAfHeXwxaeNPEfh3Rr3QvA/hLwj4Lk1qfQfCPhC31WaTWNUe81DXb/V/EfiPVINKfUpU0bT7XQtPi0R73VwD7l/4KxfsF+NP+Cl37GPjT9j3wl+0N/wzVp3xJ8T+Cr3x744T4YSfFa41vwX4Q1qPxU/gq30GL4jfDFtO/tnxTpPha+vdZOv3kf8AZej3+iTaNdQ63Jc2QBwX/BG//glR4O/4JDfspal+zj4f+JX/AAunxL4q+J/if4p+PPivL4Dj+HM/ifV9asdF0HRtPh8Kjxd48l0vTfDXhfw5o+mW9u/ivUornUTrGtRRae+sT2cQB+sdAH8mX/BW3/g1R+Cf/BQ349+MP2qvgh8etU/Zn+M/xJubTVfijoer+C/+FkfDDx14jt7SOwm8VWlhD4k8L6/4J8RatbW9o+vz2F/rmhapd2n2+Pw5YarqOranegHw1+x9/wAGhP7VX7N3j1/GWj/8FdPiJ+z+t5FHZ+Ibv9kXwz8Q/h/448TaTHJIBpM3jKP4qeF4tPi8q4uXhlv/AA/4otraeV9umS+Y8lAH9Xv7Df8AwTd/Zj/4J/6H4rHwa0fxZ4r+KPxMu4NT+M/7R3xn8VXvxP8A2ifjXrFuSYNR+JPxP1mKPUNSitiS9loOkWuieF7G4ee+tNEi1G9v7y6APvWgAoA//9f+/igAoAKACgAoAKACgAoAKACgAoAKACgAoAKACgAoAKACgAoAKACgAoAKACgAoAKACgAoAKACgAoAKACgAoAKACgAoAKACgAoAKACgAoAKACgAoAKACgAoAKACgAoAKACgAoAKACgAoAKACgAoAKACgAoAKACgAoAKACgAoAKACgAoAKACgAoAKACgAoAKACgAoAKACgAoAKACgAoA//Q/v4oAKACgAoAKACgAoAKACgAoAKACgAoAKACgAoAKACgAoAKACgAoAKACgAoAKACgAoAKACgAoAKACgAoAKACgAoAKACgAoAKACgAoAKACgAoAKACgAoAKACgAoAKACgAoAKACgAoAKACgAoAKACgAoAKACgAoAKACgAoAKACgAoAKACgAoAKACgAoAKACgAoAKACgAoAKACgAoAKAP/2Q==</file>
    </questiontext>
    <generalfeedback format="html">
      <text><![CDATA[<p>Rovnice pro regulární uzel A, který má 4 sousední uzly L, P, H, D sestavujeme podle schématu <img src="@@PLUGINFILE@@/pdr_regularni.jpg" alt="" role="presentation" class="img-responsive atto_image_button_right" width="137" height="130"><br></p><p>$$4U(A) - U(L) - U(D) - U(P) - U(H) = h^2 f(x_A, y_A)$$</p><p><br></p><p><br></p><p><br></p><p>Neregulární
uzel (např. N) má sousední hraniční uzel (např.
P) ve vzdálenosti \(\delta h, (0&lt;\delta &lt;1)\),&nbsp;
a na stejné síťové přímce má sousední regulární uzel (např. R) ve
vzdálenosti \(h\). <img src="@@PLUGINFILE@@/pdr_neregularni.jpg" alt="" role="presentation" class="img-responsive atto_image_button_text-bottom" width="300" height="141"><br></p><p>Hledanou
hodnotu U(N) interpolujeme z hodnot v
regulárním uzlu U(R) a v hraničním uzlu u(P)\(=\varphi(P)\), kde \(\varphi(x,y)\) určuje okrajovou podmínku.<br></p><p>$$(1+\delta) U(N) - \delta U(R) = \varphi(P)$$<br></p><p><br></p>]]></text>
<file name="pdr_neregularni.jpg" path="/" encoding="base64">/9j/4AAQSkZJRgABAQAASABIAAD/4QBMRXhpZgAATU0AKgAAAAgAAgESAAMAAAABAAEAAIdpAAQAAAABAAAAJgAAAAAAAqACAAQAAAABAAABLKADAAQAAAABAAAAjQAAAAD/4QkhaHR0cDovL25zLmFkb2JlLmNvbS94YXAvMS4wLwA8P3hwYWNrZXQgYmVnaW49Iu+7vyIgaWQ9Ilc1TTBNcENlaGlIenJlU3pOVGN6a2M5ZCI/PiA8eDp4bXBtZXRhIHhtbG5zOng9ImFkb2JlOm5zOm1ldGEvIiB4OnhtcHRrPSJYTVAgQ29yZSA1LjQuMCI+IDxyZGY6UkRGIHhtbG5zOnJkZj0iaHR0cDovL3d3dy53My5vcmcvMTk5OS8wMi8yMi1yZGYtc3ludGF4LW5zIyI+IDxyZGY6RGVzY3JpcHRpb24gcmRmOmFib3V0PSIiLz4gPC9yZGY6UkRGPiA8L3g6eG1wbWV0YT4gICAgICAgICAgICAgICAgICAgICAgICAgICAgICAgICAgICAgICAgICAgICAgICAgICAgICAgICAgICAgICAgICAgICAgICAgICAgICAgICAgICAgICAgICAgICAgICAgICAgICAgICAgICAgICAgICAgICAgICAgICAgICAgICAgICAgICAgICAgICAgICAgICAgICAgICAgICAgICAgICAgICAgICAgICAgICAgICAgICAgICAgICAgICAgICAgICAgICAgICAgICAgICAgICAgICAgICAgICAgICAgICAgICAgICAgICAgICAgICAgICAgICAgICAgICAgICAgICAgICAgICAgICAgICAgICAgICAgICAgICAgICAgICAgICAgICAgICAgICAgICAgICAgICAgICAgICAgICAgICAgICAgICAgICAgICAgICAgICAgICAgICAgICAgICAgICAgICAgICAgICAgICAgICAgICAgICAgICAgICAgICAgICAgICAgICAgICAgICAgICAgICAgICAgICAgICAgICAgICAgICAgICAgICAgICAgICAgICAgICAgICAgICAgICAgICAgICAgICAgICAgICAgICAgICAgICAgICAgICAgICAgICAgICAgICAgICAgICAgICAgICAgICAgICAgICAgICAgICAgICAgICAgICAgICAgICAgICAgICAgICAgICAgICAgICAgICAgICAgICAgICAgICAgICAgICAgICAgICAgICAgICAgICAgICAgICAgICAgICAgICAgICAgICAgICAgICAgICAgICAgICAgICAgICAgICAgICAgICAgICAgICAgICAgICAgICAgICAgICAgICAgICAgICAgICAgICAgICAgICAgICAgICAgICAgICAgICAgICAgICAgICAgICAgICAgICAgICAgICAgICAgICAgICAgICAgICAgICAgICAgICAgICAgICAgICAgICAgICAgICAgICAgICAgICAgICAgICAgICAgICAgICAgICAgICAgICAgICAgICAgICAgICAgICAgICAgICAgICAgICAgICAgICAgICAgICAgICAgICAgICAgICAgICAgICAgICAgICAgICAgICAgICAgICAgICAgICAgICAgICAgICAgICAgICAgICAgICAgICAgICAgICAgICAgICAgICAgICAgICAgICAgICAgICAgICAgICAgICAgICAgICAgICAgICAgICAgICAgICAgICAgICAgICAgICAgICAgICAgICAgICAgICAgICAgICAgICAgICAgICAgICAgICAgICAgICAgICAgICAgICAgICAgICAgICAgICAgICAgICAgICAgICAgICAgICAgICAgICAgICAgICAgICAgICAgICAgICAgICAgICAgICAgICAgICAgICAgICAgICAgICAgICAgICAgICAgICAgICAgICAgICAgICAgICAgICAgICAgICAgICAgICAgICAgICAgICAgICAgICAgICAgICAgICAgICAgICAgICAgICAgICAgICAgICAgICAgICAgICAgICAgICAgICAgICAgICAgICAgICAgICAgICAgICAgICAgICAgICAgICAgICAgICAgICAgICAgICAgICAgICAgICAgICAgICAgICAgICAgICAgICAgICAgICAgICAgICAgICAgICAgICAgICAgICAgICAgICAgICAgICAgICAgICAgICAgICAgICAgICAgICAgICAgICAgICAgICAgICAgICAgICAgICAgICAgICAgICAgICAgICAgICAgICAgICAgICAgICAgICAgICAgICAgICAgICAgICAgICAgICAgICAgICAgICAgICAgICAgICAgICAgICAgICAgICAgICAgICAgICAgICAgICAgICAgICAgICAgICAgICAgICAgICAgICAgICAgICAgICAgICAgICAgICAgICAgICAgICAgICAgICAgICAgICAgICAgICAgICAgICAgICAgICAgICAgICAgICAgICAgICAgICAgICAgICAgICAgICAgICAgICAgICAgICAgICAgICAgICAgICAgICAgICAgICAgICAgICAgICAgICAgICAgICAgICAgICAgICAgICAgICAgICAgICAgICAgICAgICAgICAgICAgICAgICAgICAgICAgICAgICAgICAgICAgICAgICAgICAgICAgICAgICAgICAgICAgICAgICAgICAgICAgICAgICAgICAgICAgICAgICAgICAgICAgICAgICAgICAgICAgICAgICAgICAgICAgICAgICAgICAgICAgICAgICAgICAgICAgICAgICAgICAgICAgICAgICAgICAgICAgICAgICAgICAgICAgICAgICAgICAgICAgICAgICAgICAgICAgICAgICAgICAgICAgICAgICAgICAgICAgICAgICAgICAgICAgICAgICAgICAgICAgICAgICAgICAgICAgICAgICAgICAgICAgICAgICAgICAgICAgICAgICAgICAgICAgICAgICAgICAgICAgICAgICAgICAgICAgICAgICAgICAgICAgICAgICAgICAgICAgICAgICAgICAgICAgICAgICAgICAgICAgICAgICAgICAgICAgICAgICAgICAgICA8P3hwYWNrZXQgZW5kPSJ3Ij8+AP/tADhQaG90b3Nob3AgMy4wADhCSU0EBAAAAAAAADhCSU0EJQAAAAAAENQdjNmPALIE6YAJmOz4Qn7/4htESUNDX1BST0ZJTEUAAQEAABs0YXBwbAIQAABtbnRyUkdCIFhZWiAH5AABAAEACAAyADRhY3NwQVBQTAAAAABBUFBMAAAAAAAAAAAAAAAAAAAAAAAA9tYAAQAAAADTLWFwcGwAAAAAAAAAAAAAAAAAAAAAAAAAAAAAAAAAAAAAAAAAAAAAAAAAAAAAAAAAAAAAABFkZXNjAAABUAAAAGJkc2NtAAABtAAABDZjcHJ0AAAF7AAAACN3dHB0AAAGEAAAABRyWFlaAAAGJAAAABRnWFlaAAAGOAAAABRiWFlaAAAGTAAAABRyVFJDAAAGYAAACAxhYXJnAAAObAAAACB2Y2d0AAAOjAAABhJuZGluAAAUoAAABj5jaGFkAAAa4AAAACxtbW9kAAAbDAAAAChiVFJDAAAGYAAACAxnVFJDAAAGYAAACAxhYWJnAAAObAAAACBhYWdnAAAObAAAACBkZXNjAAAAAAAAAAhEaXNwbGF5AAAAAAAAAAAAAAAAAAAAAAAAAAAAAAAAAAAAAAAAAAAAAAAAAAAAAAAAAAAAAAAAAAAAAAAAAAAAAAAAAAAAAAAAAAAAAAAAAAAAAAAAAAAAbWx1YwAAAAAAAAAjAAAADGhySFIAAAAUAAABtGtvS1IAAAAMAAAByG5iTk8AAAASAAAB1GlkAAAAAAASAAAB5mh1SFUAAAAUAAAB+GNzQ1oAAAAWAAACDGRhREsAAAAcAAACIm5sTkwAAAAWAAACPmZpRkkAAAAQAAACVGl0SVQAAAAUAAACZHJvUk8AAAASAAACeGVzRVMAAAASAAACeGFyAAAAAAAUAAACinVrVUEAAAAcAAACnmhlSUwAAAAWAAACunpoVFcAAAAMAAAC0HZpVk4AAAAOAAAC3HNrU0sAAAAWAAAC6npoQ04AAAAMAAAC0HJ1UlUAAAAkAAADAGZyRlIAAAAWAAADJG1zAAAAAAASAAADOmhpSU4AAAASAAADTHRoVEgAAAAMAAADXmNhRVMAAAAYAAADamVzWEwAAAASAAACeGRlREUAAAAQAAADgmVuVVMAAAASAAADknB0QlIAAAAYAAADpHBsUEwAAAASAAADvGVsR1IAAAAiAAADznN2U0UAAAAQAAAD8HRyVFIAAAAUAAAEAHB0UFQAAAAWAAAEFGphSlAAAAAMAAAEKgBMAEMARAAgAHUAIABiAG8AagBpzuy37AAgAEwAQwBEAEYAYQByAGcAZQAtAEwAQwBEAEwAQwBEACAAVwBhAHIAbgBhAFMAegDtAG4AZQBzACAATABDAEQAQgBhAHIAZQB2AG4A/QAgAEwAQwBEAEwAQwBEAC0AZgBhAHIAdgBlAHMAawDmAHIAbQBLAGwAZQB1AHIAZQBuAC0ATABDAEQAVgDkAHIAaQAtAEwAQwBEAEwAQwBEACAAYwBvAGwAbwByAGkATABDAEQAIABjAG8AbABvAHIgDwBMAEMARAAgBkUGRAZIBkYGKQQaBD4EOwRMBD4EQAQ+BDIEOAQ5ACAATABDAEQgDwBMAEMARAAgBeYF0QXiBdUF4AXZX2mCcgAgAEwAQwBEAEwAQwBEACAATQDgAHUARgBhAHIAZQBiAG4A/QAgAEwAQwBEBCYEMgQ1BEIEPQQ+BDkAIAQWBBoALQQ0BDgEQQQ/BDsENQQ5AEwAQwBEACAAYwBvAHUAbABlAHUAcgBXAGEAcgBuAGEAIABMAEMARAkwCQIJFwlACSgAIABMAEMARABMAEMARAAgDioONQBMAEMARAAgAGUAbgAgAGMAbwBsAG8AcgBGAGEAcgBiAC0ATABDAEQAQwBvAGwAbwByACAATABDAEQATABDAEQAIABDAG8AbABvAHIAaQBkAG8ASwBvAGwAbwByACAATABDAEQDiAOzA8cDwQPJA7wDtwAgA78DuAPMA70DtwAgAEwAQwBEAEYA5AByAGcALQBMAEMARABSAGUAbgBrAGwAaQAgAEwAQwBEAEwAQwBEACAAYQAgAEMAbwByAGUAczCrMOkw/ABMAEMARAAAdGV4dAAAAABDb3B5cmlnaHQgQXBwbGUgSW5jLiwgMjAyMAAAWFlaIAAAAAAAAPNSAAEAAAABFs9YWVogAAAAAAAAYWwAADgyAAAKQlhZWiAAAAAAAABvHAAArpUAABaZWFlaIAAAAAAAACZOAAAZOQAAslJjdXJ2AAAAAAAABAAAAAAFAAoADwAUABkAHgAjACgALQAyADYAOwBAAEUASgBPAFQAWQBeAGMAaABtAHIAdwB8AIEAhgCLAJAAlQCaAJ8AowCoAK0AsgC3ALwAwQDGAMsA0ADVANsA4ADlAOsA8AD2APsBAQEHAQ0BEwEZAR8BJQErATIBOAE+AUUBTAFSAVkBYAFnAW4BdQF8AYMBiwGSAZoBoQGpAbEBuQHBAckB0QHZAeEB6QHyAfoCAwIMAhQCHQImAi8COAJBAksCVAJdAmcCcQJ6AoQCjgKYAqICrAK2AsECywLVAuAC6wL1AwADCwMWAyEDLQM4A0MDTwNaA2YDcgN+A4oDlgOiA64DugPHA9MD4APsA/kEBgQTBCAELQQ7BEgEVQRjBHEEfgSMBJoEqAS2BMQE0wThBPAE/gUNBRwFKwU6BUkFWAVnBXcFhgWWBaYFtQXFBdUF5QX2BgYGFgYnBjcGSAZZBmoGewaMBp0GrwbABtEG4wb1BwcHGQcrBz0HTwdhB3QHhgeZB6wHvwfSB+UH+AgLCB8IMghGCFoIbgiCCJYIqgi+CNII5wj7CRAJJQk6CU8JZAl5CY8JpAm6Cc8J5Qn7ChEKJwo9ClQKagqBCpgKrgrFCtwK8wsLCyILOQtRC2kLgAuYC7ALyAvhC/kMEgwqDEMMXAx1DI4MpwzADNkM8w0NDSYNQA1aDXQNjg2pDcMN3g34DhMOLg5JDmQOfw6bDrYO0g7uDwkPJQ9BD14Peg+WD7MPzw/sEAkQJhBDEGEQfhCbELkQ1xD1ERMRMRFPEW0RjBGqEckR6BIHEiYSRRJkEoQSoxLDEuMTAxMjE0MTYxODE6QTxRPlFAYUJxRJFGoUixStFM4U8BUSFTQVVhV4FZsVvRXgFgMWJhZJFmwWjxayFtYW+hcdF0EXZReJF64X0hf3GBsYQBhlGIoYrxjVGPoZIBlFGWsZkRm3Gd0aBBoqGlEadxqeGsUa7BsUGzsbYxuKG7Ib2hwCHCocUhx7HKMczBz1HR4dRx1wHZkdwx3sHhYeQB5qHpQevh7pHxMfPh9pH5Qfvx/qIBUgQSBsIJggxCDwIRwhSCF1IaEhziH7IiciVSKCIq8i3SMKIzgjZiOUI8Ij8CQfJE0kfCSrJNolCSU4JWgllyXHJfcmJyZXJocmtyboJxgnSSd6J6sn3CgNKD8ocSiiKNQpBik4KWspnSnQKgIqNSpoKpsqzysCKzYraSudK9EsBSw5LG4soizXLQwtQS12Last4S4WLkwugi63Lu4vJC9aL5Evxy/+MDUwbDCkMNsxEjFKMYIxujHyMioyYzKbMtQzDTNGM38zuDPxNCs0ZTSeNNg1EzVNNYc1wjX9Njc2cjauNuk3JDdgN5w31zgUOFA4jDjIOQU5Qjl/Obw5+To2OnQ6sjrvOy07azuqO+g8JzxlPKQ84z0iPWE9oT3gPiA+YD6gPuA/IT9hP6I/4kAjQGRApkDnQSlBakGsQe5CMEJyQrVC90M6Q31DwEQDREdEikTORRJFVUWaRd5GIkZnRqtG8Ec1R3tHwEgFSEtIkUjXSR1JY0mpSfBKN0p9SsRLDEtTS5pL4kwqTHJMuk0CTUpNk03cTiVObk63TwBPSU+TT91QJ1BxULtRBlFQUZtR5lIxUnxSx1MTU19TqlP2VEJUj1TbVShVdVXCVg9WXFapVvdXRFeSV+BYL1h9WMtZGllpWbhaB1pWWqZa9VtFW5Vb5Vw1XIZc1l0nXXhdyV4aXmxevV8PX2Ffs2AFYFdgqmD8YU9homH1YklinGLwY0Njl2PrZEBklGTpZT1lkmXnZj1mkmboZz1nk2fpaD9olmjsaUNpmmnxakhqn2r3a09rp2v/bFdsr20IbWBtuW4SbmtuxG8eb3hv0XArcIZw4HE6cZVx8HJLcqZzAXNdc7h0FHRwdMx1KHWFdeF2Pnabdvh3VnezeBF4bnjMeSp5iXnnekZ6pXsEe2N7wnwhfIF84X1BfaF+AX5ifsJ/I3+Ef+WAR4CogQqBa4HNgjCCkoL0g1eDuoQdhICE44VHhauGDoZyhteHO4efiASIaYjOiTOJmYn+imSKyoswi5aL/IxjjMqNMY2Yjf+OZo7OjzaPnpAGkG6Q1pE/kaiSEZJ6kuOTTZO2lCCUipT0lV+VyZY0lp+XCpd1l+CYTJi4mSSZkJn8mmia1ZtCm6+cHJyJnPedZJ3SnkCerp8dn4uf+qBpoNihR6G2oiailqMGo3aj5qRWpMelOKWpphqmi6b9p26n4KhSqMSpN6mpqhyqj6sCq3Wr6axcrNCtRK24ri2uoa8Wr4uwALB1sOqxYLHWskuywrM4s660JbSctRO1irYBtnm28Ldot+C4WbjRuUq5wro7urW7LrunvCG8m70VvY++Cr6Evv+/er/1wHDA7MFnwePCX8Lbw1jD1MRRxM7FS8XIxkbGw8dBx7/IPci8yTrJuco4yrfLNsu2zDXMtc01zbXONs62zzfPuNA50LrRPNG+0j/SwdNE08bUSdTL1U7V0dZV1tjXXNfg2GTY6Nls2fHadtr724DcBdyK3RDdlt4c3qLfKd+v4DbgveFE4cziU+Lb42Pj6+Rz5PzlhOYN5pbnH+ep6DLovOlG6dDqW+rl63Dr++yG7RHtnO4o7rTvQO/M8Fjw5fFy8f/yjPMZ86f0NPTC9VD13vZt9vv3ivgZ+Kj5OPnH+lf65/t3/Af8mP0p/br+S/7c/23//3BhcmEAAAAAAAMAAAACZmYAAPKnAAANWQAAE9AAAApbdmNndAAAAAAAAAAAAAMBAAACAAAAVgEuAesCxAODBFMFQAYnBxoIGAkfCj0LTgxrDZAOuQ/sES0SZROjFOMWKhd5GL8aDxtXHKQd8x88IIQhzSMRJFIljSbLKAApMypmK5csyi33LygwUTGAMqsz1TUCNjE3XTiKObY64TwNPTg+YD+JQLFB3EMIRDZFY0aQR7hI3koBSyRMR01qTo9PtFDYUfhTFlQzVU9WbVeNWK5Zy1rhW/Bc9137XwBgCmEZYi1jQWRSZV9mZWdhaFNpPGogawFr4Gy/baBug29ocFBxOHIgcwhz73TWdb52qHeTeH55bHpZe0l8PX03fjZ/OYBBgUuCV4NlhHSFhYaUh6SIs4nAisyL1ozfjeeO7Y/ykPWR9pL1k/WU+pYElxWYLJlHmmObf5yYna6ev5/LoNSh2qLgo+mk9KYDpxWoKqlCqlyrd6yUrbKu0a/xsRGyM7NTtHO1kLapt7q4wbnDusC7u7y1va++qb+jwJ3BlcKKw3zEasVTxjbHGMf5yODJz8rGy8PMwc28zq/PmNBz0UPSDdLT05vUZtU11gXW19eo2HbZQNoG2sfbgNw13Ofdkd473uPfjeA74Ovhn+JS4wPjr+RV5PnllOYs5r/nUufk6IXpL+nk6qjrbuwz7PXtr+5j7xHvtfBQ8ObxfPIX8sbzj/Ru9WH2ZveK+OT6xf0u//8AAABWASMBsAJqAzID6ASxBYAGWAc9CC0JJwonCyIMMA06DlEPYxB+EZ8SvhPpFRAWOBdhGIgZtBreHAsdMx5bH4AgoSG/Itsj9SULJh8nNShJKWAqeSuTLLEtzC7oMAQxITI8M1o0dDWLNqQ3uTjNOeI69DwGPRs+MT9NQGxBj0KwQ9BE7UYIRx1IMklFSlVLY0xuTXhOfk+DUIVRhlKIU4pUjFWKVoRXeVhoWVRaRFs/XEZdWl53X5VgsGHCYspjxWS1ZZxme2dXaDBpDGnsatBrumypbZtuj2+CcHJxXHJAcx9z+3TVda12hndieEV5MHokex18GX0VfhB/Bn/2gOKByoKxg5WEd4VdhkqHRIhMiWGKgYuljMaN3o7uj/WQ95H1kvOT8JTtleyW7pf4mRCaOZtunKadzp7jn+mg5aHfotmj0aTIpb6mvKfKqO2qIatdrJyt2a8UsE6xiLLCs/m1LrZkt5u40roFuzS8X72Fvqa/vMC+warCkMN9xHfFgMaPx53Io8meyo7LdcxTzS3OBM7az7LQi9Fq0lHTRdRF1VHWYtd12ITZh9p922bcQ90a3ezeud+H4FjhLeII4ubjw+Sd5XHmQOcM59Too+l/6mnrZOxo7W3ucO9w8HDxcvJ283n0d/Vp9kf3D/ez+EX4y/la+e360PwM/dr//wAAACsAxAFLAdgCZQMGA48EKwTPBXoGLwbpB6UIaAkvCfkKygufDHcNUg4yDw4P9hDZEcASqROTFH0VZxZSFz0YKRkVGfwa6BvSHL4drh6jH5sgliGUIo8jhiR2JWEmRScgJ/gozCmfKnMrSCwhLQIt6S7XL8gwujGqMpgzgDRgNTk2BjbPN5U4WDkZOdk6nTtkPDI9Bj3ePrY/j0BoQURCJkMQRABE80XnRtZHu0iWSWVKJUrgS5hMT00HTcNOg09JUBhQ6lG+UpNTaFQ7VQ1V3latV3xYSlkVWd9aqFtvXDVc+V29XoBfQ2AIYNFhnGJrYzxkDGTaZadmcWc4Z/xov2mAakBrAGvAbIFtQ24EbsVvhXBBcPhxq3JZcwFzqXRPdPR1mHY8dt53gHgdeL15YHoWetp7q3yDfVh+KH72f8OAk4FngkSDKoQYhQuGAIb0h+OIzYmvioyLYYw0jQeN2o6wj4qQa5FHkhKSxpNbk+yUepVBlkKXiJkImoqb5J0ZnjKfOaA5oTWiL6MopCGlGaYRpwqoCakPqiGrPaxgrYeura/TsPyyKLNatJK10bcUuFm5nLrXvAW9Kb5Hv2LAf8Gewr7D38T/xiHHQ8hnyYzKscvWzP3OKc9b0JfR3tMy1I3V7tdT2LnaIduV3S/fDuF35Ivoee1O8vb5Uf//AABuZGluAAAAAAAABjYAAJOVAABWjQAAVukAAJG3AAAmuwAAFwoAAFANAABUOQACh64AAkeuAAFrhQADAQAAAgAAAAEABAAIAA8AFgAfACkANABAAEwAWgBpAHgAiQCaAKwAvgDSAOYA/AESASkBQAFZAXMBjQGpAcUB4wIBAiECQgJkAocCrALSAvoDIwNNA3oDqAPXBAgEOgRtBKME2QUSBUsFhgXDBgEGQAaABsIHBQdKB5AH2AghCGwIuQkHCVcJqAn6Ck0KoQr3C04LqAwEDGIMww0lDYkN7g5UDrwPJQ+REAAQcRDkEVkRzxJGEr0TOBO2FDoUwxVSFeMWdRcGF5YYJhi4GU4Z6BqIGzEb4xyfHWIeKx74H8YglSFkIjQjBiPbJLMljyZsJ0soKykNKfAq1Su7LJ4tfi5cLzkwFDDwMc0yqjOJNGg1SjYuNxU3/zjtOd460jvKPMU9xD7HP85A2kHoQvZEAEUGRghHCEgISQlKDEsUTCFNNE5OT25QlFG8UuVUDVU0VllXfVigWcRa51wLXTBeVl98YKRhzmL4ZCRlU2aFZ7xo+mpDa5ls+W5jb9JxRnK8dDR1r3cteLF6PHvQfW9/HIDWgpSETIX2h5SJLIrFjGWOFY/fkc2T3ZX/mCCaOZxMnl+geaKgpNqnLamgrDCu4LGhtF63C7muvF2/K8IfxUbIoswMzyjR9tSR1yjZ0dye35fi0uZg6fntEu+s8gD0MPY59//5ivq4+9T8u/2j/nD/N///AAAAAQAFAAoAEgAbACYAMgA/AE0AXABtAH4AkQCkALkAzwDlAP0BFgEvAUoBZgGDAaIBwQHiAgQCJwJMAnICmgLDAu8DHANLA3wDrwPkBBoEUgSLBMUFAQU9BXsFuwX8Bj8GgwbJBxAHWQelB/IIQQiTCOYJOwmTCewKRgqhCvwLWAu0DBIMcgzUDTkNoA4LDngO5w9ZD84QRhDAET4RvxJDEsoTUxPdFGoU+hWPFioWyxdxGBYYthlRGeYaeRsNG6QcQBzkHZEeSh8OH90gsyGOImkjQiQYJOslvSaQJ2YoQiklKhIrCCwFLQguDi8SMBExCDH5Mugz1zTKNcE2wTfKONs58jsOPDA9UT5pP3RAckFoQlhDR0Q5RTRGOEdHSF9JfkqhS8dM8E4bT0VQa1GGUpRTl1SVVZRWoFe/WPFaNVuAXM1eHl90YM9iI2NmZJVltWbOZ+Ro+2oWazNsVG12bppvwHDqchdzRnR2dad22ngQeU16j3vYfSZ+fX/jgWeDEITKhnSIBomHiwSMiI4bj8ORgpNYlUOXO5k7mzudOZ8poQSixqR2phunvaliqxWs3a7FsM+y9bUxt3y5y7wPvkTAcsKmxOnHQsmyzDHOnNDd0vTU8dbn2OPa6Nz03wHhCuMU5STnSOmW7DfvivOm92z5zvuE/MP99P75//8AAAACAAgAEQAeAC0APgBRAGYAfQCWALAAzADqAQkBKwFNAXIBmAHAAeoCFgJEAnQCpgLaAxEDSQOEA8AD/QQ7BHoEugT8BUEFigXXBikGgQbdBz4HoggICG8I1Ak5CZ0KAgpqCtULRAu7DDkMwQ1QDeYOgg8hD8AQXBD2EZASLRLNE24UDRSoFUIV3BZ5Fx4XzhiOGWIaQhsqHBQc+x3dHrgfkiBtIUwiMCMYJAYk+SXxJu8n8yj9Kg4rJCxALWAugC+dMLgx0zLzNBo1STaCN8M5DDpcO7A9Bz5gP75BIkKTRBZFrkdaSRFK0UyaTm9QVVIyU9pVWlbMWEhZ01tmXPheg2ABYXBi1WQ3ZZxnCWiBagpro21NbwBwt3JvdB51w3d1eWR77n6kgHmB1oL8hAKFCIYQhzOIc4nUi1WM6Y6IkC6R2ZOIlTuW8Zipml6cCp2nnzegvaI/o8ClRKbKqFCp1KtUrNCuRq+5sSiyl7QItX22/LiJuia70L2CvzbA6cKcxE/GBMe7yXPLK8zkzp7QWNIU09LVj9dK2P/arNxP3ejfdeD94oLkA+WC5wLog+oE63/s7u5G73nwnfGN8nXzRPP39Kr1TvXb9mj29vd29+n4XPjP+UP5q/oN+nD60vs1+5j78fxJ/KL8+/1U/a3+A/5Y/qz/Af9V/6r//wAAc2YzMgAAAAAAAQxCAAAF3v//8yYAAAeSAAD9kf//+6L///2jAAAD3AAAwGxtbW9kAAAAAAAABhAAAJzfAAAAAMoq1YAAAAAAAAAAAAAAAAAAAAAA/8AAEQgAjQEsAwERAAIRAQMRAf/EAB8AAAEFAQEBAQEBAAAAAAAAAAABAgMEBQYHCAkKC//EALUQAAIBAwMCBAMFBQQEAAABfQECAwAEEQUSITFBBhNRYQcicRQygZGhCCNCscEVUtHwJDNicoIJChYXGBkaJSYnKCkqNDU2Nzg5OkNERUZHSElKU1RVVldYWVpjZGVmZ2hpanN0dXZ3eHl6g4SFhoeIiYqSk5SVlpeYmZqio6Slpqeoqaqys7S1tre4ubrCw8TFxsfIycrS09TV1tfY2drh4uPk5ebn6Onq8fLz9PX29/j5+v/EAB8BAAMBAQEBAQEBAQEAAAAAAAABAgMEBQYHCAkKC//EALURAAIBAgQEAwQHBQQEAAECdwABAgMRBAUhMQYSQVEHYXETIjKBCBRCkaGxwQkjM1LwFWJy0QoWJDThJfEXGBkaJicoKSo1Njc4OTpDREVGR0hJSlNUVVZXWFlaY2RlZmdoaWpzdHV2d3h5eoKDhIWGh4iJipKTlJWWl5iZmqKjpKWmp6ipqrKztLW2t7i5usLDxMXGx8jJytLT1NXW19jZ2uLj5OXm5+jp6vLz9PX29/j5+v/bAEMAAQEBAQEBAQEBAQEBAQEBAQEBAQEBAQEBAQEBAQEBAQEBAQEBAQEBAQEBAQEBAQEBAQEBAQEBAQEBAQEBAQEBAf/bAEMBAQEBAQEBAQEBAQEBAQEBAQEBAQEBAQEBAQEBAQEBAQEBAQEBAQEBAQEBAQEBAQEBAQEBAQEBAQEBAQEBAQEBAf/dAAQAJv/aAAwDAQACEQMRAD8A/v4oAKACgAoAKACgAoAKACgAoA/M/wCAvwG+HHxO1b9o3Wde0Z7Hxbof7Xnxj1jRfGOgXVxoviXT9Xt38T6Bo2oSajp81vJqn9h6f4s1aTSbLV1v9PtbmeOdLUtGoX77ju3Jwe0rX4K4fvbq1hIq+y107s+P4Rb5uJU23binOd+l8S3b8f6+GPta6V+1B8F4o/7J1mz/AGhvAWkWtvG2m+IVTS/i1beH/CXwvmNw9trNsI7Hxx478f8AxG02JV/tCCwsdPtNcwPltd1fAn2B3vgj9pv4beK9Zbwhrdxe/D3x9b3y6LeeDvG8DaNevr8Hg3RfHOt6Vol9cLFYeIx4c0PXrF9av9JlmsrOcXELyh4JdgB9DI6SKskbK6OoZHRgyurDKsrDIZWHIIOCORnIoAdQAUAFABQAUAFABQAUAFABQAUAFABQAUAFABQAUAFABQAUAFABQAUAFAH/0P7+KAIbieG1gnurmRYbe2hknnmc4SKGFDJLI55wqIpZjjgDPNVCEqk4U4RcpzlGEIreUpNKMVvq20lp95M5xpwlUm1GEIynKT2jGKvJvySV2eU/B/48/B34/wCiav4j+DPxC8O/EXQ9A1248M6zqfhy5kubbTtetILe5udLuWkihK3UNvdW8rIFI2TRkO2Rt+g4k4S4k4QxWGwXE2T4zJsVi8LDHYahjYRhOthKk5whXgoyknTlOnOKejvF37R8Hh3ivhzi3DYjGcN5vg84wuExU8Fia+DnKcKOLpwhOdCblGNqkYVISaV9JJ6XsR6B8f8A4M+Kfip4o+CPh74i+G9W+LPguxXUvFXgOzupH17Q7BjbqtzfW5hSOOMm6th8srkecmQMks8XwjxLgMhwPFGMybG4fh/M6ro4DNqlNLCYqqua8KU+ZtytCe8V8Ls3qThOLeG8dnuO4YwecYLEZ/ltL22PyqnNvF4Wk+T95Vhayj+8hs38Svv7vk8n7ZXwxk/a5j/Y10uz1zWfiZb+B38d6/fafbpLoPhnTdlrLFbavdbi0V3Pb3+nzIgUYF7Ah+YsU+gXhrnkfDx+JVerhcNkc80WVYSlWlKOLx1e9SMp4eG0qcJUa0W3v7ObXQ8B+I+SS8QV4cUKeKxOdwyt5ri6tGKlhMFQtTcYYie8ako1qMktf4kU7N3MjxZ/wUR/Yi8DeKdb8E+Lv2lfhjoPivw3qt3oeu6Hf6vOl7pmrWMzW95Y3SpaSRrPbzo0UgV3CupGTiujL/BvxRzXAYXNMu4Iz3F5fjaFPFYXFUsNF0q+HqxU6dWneqm4Ti1KLfLdO9nY58f4weGOV4/FZZmHGuSYTMMFiKmFxWFq4iaq0MRSlyVKU0qdlOEk4y6J+h6f4q/aT+GWj/Afxh+0N4U1e3+J3gHwf4cv/E91ceArq21ma90/S0Wa/Fp5UjKs9pbGS6nimETxQQyO6DFeHgOCc8xPFmW8HZhhp5Fm2ZY2lgacM2pzw0adau+Wi58yu41J2pwlFyUpzST6y9zH8aZJhuFcx4wwGIjnmU5dg6uNnPKakMTKrSoJSq+z5dOanBupNSScYRcmlY2v2fPjp4I/aU+D3gf41/Dyeebwp460iPVLCO7VUvrGUO8N7pl/GpIivtOu45bS7j42TROMcVy8YcK5pwTxHmvDGcwjHH5ViHQqyptulVjZSpV6Mmk5Uq1OUalOVtYyW508I8U5Zxpw7lfE2TynLAZrh1XpKokqtKV3GpRqxWkatGopU6kdbSi9tj2avmj6QKAPjT9kP5dW/anT+7+1R8VW/wC/t9bzfr5mfxr7/jrWhwY+/BmSr/wGlKP6dvvPjuEv4vFC7cUZp+M4S7vv2XlezPsuvgD7E4P4g/DDwB8VNDvvDvxA8K6R4m0y+0jXdCf7fbD7faaZ4n02XR9ft9K1aAw6ro7arpkr2V5caVeWdxLAQjSkKm0A+fNT+DHxm+GP9r6x+z/8TJdWsz/wmOtWnwk+LMsus+FLnV9Q0jwxpvgzwzonimFV17wV4M8My6Nq159itV1G5up9bl825KxIFANNP2p9H8Kaxe6B8bfB3iT4RTWs/jOa08T6xB/aHgTU/DXg3WvDnh4eLpPEtkr22hWPinVPFGmr4X0nVturXsTTZjJt5ioB9O6dqmm6vAbrStQs9Rt1lkgeayuYbqOOeFtk1vI0LuI54XBSaB9ssTgpIisCKAL9ABQAUAFABQAUAFABQAUAFABQAUAFABQAUAFABQAUAFABQAUAFAH/0f7+KAOa8Z/8if4r/wCxa13/ANNd1Xblv/IxwH/Ybhf/AE/TOLMv+Rdj/wDsCxX/AKYqH4Qf8G8f/JuH7RX/AGc94l/9QzwbX9YfTG/5LXg3/shsH/6tM0P5V+iB/wAkbxj/ANlvi/8A1WZaYH7J/wDynT/bU/7Jxd/+lvgyuvxA/wCUVPDL/sdUv/TWaHJwB/ylL4lf9iet/wCnctJ/+CS903xf/bo/4KQftA67GbvVJvHtl4P8OXkx3yaXoo17xLNNpdu5yVt1sLPQIAikAR2MI24Cmp+kHT/1c8KvBbhDCv2dCOU1MxxtOPurEYr6pglCvUS0dT2tXGTbtvVltdl+AFR8ReKXjLxbil7WvLNaeXYKrLV0MN9bxspUIPW0PZUsJBK+1GO1mj8yvg78ZP2LvhB+1v8A8FIbr9sf4b3XxG0jXPiRqVr4Ks7fwVeeKhaXdv4r8dLrkcl/bPHH4dOopeaTDFeXEqLK8WUJNswr9w4k4a8TOI/DvwVh4bZ1DJsThMkw1TNKk8zp4B1ac8tyh4RxpTUnjfYypYmcqUFeKlrfmSPxPh3iPw14d8QPGafiNk085w+KzrEQyylDLamOVOpDMM2+tRdWDUcG6yq0IxqzcVJx0fuM/T3/AIIb/AbxdF+zx+0FrHi3SbnSPgZ+0D4h1T/hWfg7UL6K/wA+D9R0u80fVNQ8uKWeK3i1Kzu49PaI+XLI1g8s0Qd8V+GfSm4sy58ZcIYfLsRDEcVcIYSh/beZUaUqVsyoV6WJoUeaSjKcqFWnKsmlKK9soxk+U/b/AKL3CmYLg/i3E5jh54fhfi7F1/7Ey2tVVZf2dWo1cPXrcqdoRrU6kaPLdN+xcpJNpnSf8ECfFeqL8Ev2gfg/q11I4+E3x+8TWGiWDMSml6JrFpZX72sKn7kb62dXuMDALStwMYrh+lvl+HfFHCPEeHgk+IeEcDWxVZb18VhqlWkpy7tYX6tDfaPW52/ROx9dcM8XcO4ipKX9gcW42jhaLd1QwuIp0qjhHspYr6xOyS1k9re9++FfyUf1eFAHxn+yT8viP9rCP+5+1F8QW/7/AEGlz+3XzM/j3619/wAca4TgmXfg3K1/4DKtHu+3ZHx/Cn+8cVL/AKqbH/jGk/18/wBI/ZlfAH2AUAFAGfqukaVrthcaVremafrOl3fli603VbK21CwuRDNHcQi4s7uKa3m8q4iinj8yNvLmjjlXa6K1AHy7rX7K1ho17fa/8CfHnif4I+I9QuNSu7qDSXHiPwPe6h4o+JGl/EHxzr+peCtblktLvxN4kFvrGgpqy3sCaVp+u3IsrRfJgVQCjH8bvjL8MZrOw+Onwmn1jT7u+s7GD4gfBpbvxJoxv/FXxPu/BvgvQ7rwrdqviO3u4fDU2heKPGOuc6Jo0d1qHls0NkTQB9A+Avin8O/ihpdvrPgDxhofimwuY7qaGTTLxHnaCz1K80e5uDZyeTeLbRapp99YfaXtxbvdWdxFHIzRPQB39ABQAUAFABQAUAFABQAUAFABQAUAFAFa1vLS+i+0WN1bXkBd4xNazxXEReJzHInmRM6b43Vkdc5V1KnkGrnTqU5ctSE6crJ8s4uMrNJp2kk7NNNO2qaavcmM4TXNCUZxu1zRkpK60aurq6ej+7S1izUFBQAUAFABQAUAf//S/v4oAguraG8trizuYxLb3cE1tcRN92SGeNopYz04eN2U89D2q4TlTnCpBuM6c4zhJbxlBqUWvNNJkzhGpCdOa5oTjKEovZxkrST9U7H8yfwB8K/t5f8ABKvx38cPhp4I/Zd1v9pj4LfEfx5e+NvBniXwfexpNbahdwx6daNfjzFNtLd6bZ6bFf2MyB7WW2LxO3mtt/uLi7H+E/j5lPC+eZpx3huCOJslymjleZYHMacnGdGnKVar7FWanGFerWlRqxklNVLNe7Y/iThPA+K3gPmnE+SZZwNieNuG86zWrmmW47LqkYyhWqKNGm61pNwlUoU6EatGSvTlC6k+ax9df8E0P2Wf2ibP9oD9ob9uL9qXwvbfDr4g/HSQWHhz4cRTJPfeG9AkvjfXSamQ7tbFRBptjaW0haZorFriU/vUC/nfjfx7wbU4Q4P8LeA8dPOcn4WXtcZnTXLSxuLjS9lTdHRe0vz16tSaUY81XlXwPm/QvBXgTjClxbxf4n8dYGnk+b8UP2WDyZOM6uCwkqvtZqtaUvZv3KNKEHJzapOcklJc3jH/AASetm+Df7ev/BRz9nnXpDaam3jWz8aeF7OX5JNU0NNe8RJPqsEZxmF9O1Lw5cB1yDHexcDg19N9IGouJfCbwY4xwi9pQWWVMsx1SOqoYp4TBOGHm9bTVahjYNN6Ok0r3bl834BQfDnit4ycIYp+zrvM6eZYGlLR18MsXjFLERX8ro18JNPTSqtFsb/7CH7FHjMftIf8FNh+0V8GLyy+GPxy8TJZeC9W8U6VYT2fiXSL7xB8RJL/AFDw3cSG4khkisdY0y8iu41t5Y3ktZVy6ALx+K/idlv+pXga+DeJadTPOFcC6mZ4fAYirCrgsRRwWSRo0cbBcilGVXDYim4ScotKommmzq8K/DPMf9c/G3/XHhupTyTijHezy3EY7D0pU8bh62MzmVWtgpvnlGUaWJo1I1IqMouUJKzSR0n/AAS18GftC/sVab+1d8Ffjz4L8UaX8DfhRrHiX4hfC34laosZ8Naj4csV1OfXbXR7gzu6WMtlpltrtrF5SAyX96xCnArj8ecy4P8AE6twBxPwnmeBxHFXEGGwOT59ktBtY2jjaroRwk8THkS9rGrXqYWo05JRpUlsmdngVl3F/hrQ4+4Z4qyzHYfhfIMRjc3yLOq6j9SrYOkq8sVDDzc7xpSpUIYqEbL3qtXbQ5//AIIBeENVb4M/tB/GTVEkEXxZ+Ouv3Oi3DKRHqOk6JbW9rLexMQCy/wBsS6nbHGRutzznNdf0usxoLiXg/hqg1zcP8K4SGKh1o4jEznONKS7/AFaNCp00n5Jy5fomZfiHw3xdxHiFK2f8U4qeGm9q2Hw0IQdWP/cxKvT3l8Hqfv7X8in9ZhQB8Z/snZXxj+11H/d/ac8Wt/3+0Lw7N/7Pn8fevv8AjbXAcDPvwfgV/wCA4nFR/Tt958fwr/vfFi7cTYv8aGHflv26ee59mV8AfYBQAUAFABQAUAfP/i39mX4T+KNdsPFdno934K8WWF14Pl/4SPwFfS+FtQvtN8D67q/iXRPDOppYBbO78MPrWu6te6rpItol1V72YXc5BUUAecaXL+1V8Go9J07Xl0n9pLwhC3g7SLvxPYC28G/E21SSDxZeePvGmv6O4bw7qVnpxtfC1loOgeH5Tqd+1/dmRg0I3AHpvwy/aS+FPxRSytNO1m48MeKrjS/Cep3vgHx3ZS+EvGujP420ebX/AA7pWp6Lqnl7dbvtJtrq9/sqzub28ihtbhpYkELlQD3qgAoAKACgAoAKACgAoAKACgAoA+J/GXwN8e/CHWdU+KP7MWoTmS5uptX8afA3W9Rnn8H+NxI5m1C48LzXTzSeFfFc3zzWzwudNvrktFcRRGYNX6FgOI8sz2hRybjClFKEI0Mv4jw9GEcdl1ly0o4yMeVY3BLRTUk6tKGsG+VKXxeMyTHZTWq5nwzOV5TdXGZJXqSlg8bd81SWFc2/qmKau4OMvZzk7SS5lI9/+DXxi8LfGzwfF4q8N/arK5trqfSPEnhvVIvsuveFPEdg3lanoGuWTYktr6ynDIdyqk0eyeItHIhr5nP8gxvD2OeCxfJUhOEa+ExdF8+GxuFqK9HE4aorqdOpHXR+67xd2j38nzfC51hFisNzQlGcqWJw1VctfC4im7VaFaG8ZwlpslJWkrqSUfWa8M9UKACgAoAKAP/T/v4oAKACgAoA+Up/2PPhQ37V1r+2JYnXNI+Kw8FSeBNYXTb/AOz6H4j0llt44pdasBF/pV1BDZWEKSGTlbG1JwUy338PEjiBeH9Tw3q/VcRw/wD2os2wzrUufFYPEe+5Rw1W7UKcpVa0nG29Wpa10j4KXh1kD49h4i0vrWHz7+zHlWJVGry4XGYe0YxliaXKuepCNOklK/8Ay6p78p9W18Afenmnxk+F2i/Gv4W+OfhN4jv9X0zQPH/h+88N6ze6Fd/YtVj02/CpeR2l1sk8s3MAe2myjB7eaWMghzt9zhrPcTwxn2VcQYKjh6+LyjGU8bhqWLp+1w7r0dabqQur8krVI66TjGWtjxOJMiw3E2RZpkGMrYihhM2wlTBYmrhansq8aNWyqKnPW3PFOE/5oSlHS9zI+APwM8Bfs2/CTwZ8F/hpYzWPg/wRpa6bpy3UgmvruRnae81HULgKv2jUNQu5Jru8nIzJPK7cZxXRxdxVm3GvEOZ8TZ3VjVzHNK7r1vZrlpU0koU6NGGvJRo04xp04X92EUtbM5+E+Fsp4L4fy3hvJKUqWXZZQVGjzvmq1G251K1af26tapKVSpLrKTfU9ir5s+jCgD48/Zb+yL48/a8jtvtPmJ+0frDXfniIJ9om8HeE5j9m8v5jCUkQ5lw+8t2wW+84y9o8t4Fc+Sz4ToKHLzawjj8bFc19OZNNPlurWe7aj8hwxyrHcWqPNdcR1nO9rKUsJhJe7bpZp3bvfpG3vfYdfBn14UAFABQAUAFABQAUAeY/ED4OfDf4nLZv4w8L6fqGpaXdXWpaJr0UYtNe0LWbnw7rHhVdc0nVINlxb6xZaFr2rWWnXrmZ7FLyQ24RuVAPGbD4W/GX4N2dy/wu8eXvxJ8JaPpsA0b4X/EKaJtXXTfCPw0GiaH4U0Hx3MTI2p+LvGenWmta94k8Sqwgk1S+IXyY1FAGj4e/ao8IxatB4T+Leia78E/GMt5faZBZ+Obf7P4a1u+0DwToXjfxZdeGfGUO/Q9U8PeHLDWxa3XiC6n06ylu9P1COHcbZ1YA+nLa5try3gu7O4hurW5ijntrm2lSe3uIJVDxTQzRM0csUiEOkkbMjKQVYg5YAnoAKACgAoAKACgAoAKACgD4q+I2mWvwG+PnhD4z6NHcWnhH426/4e+FHxZ0+1EUWkQeK9Vmay8AfEC+Q48q6lvmj8K6reIiiZb3TJbqRjEGr9ByqtPiXhnHcP4hxnjuHsNis7ySrNydeWCoR9pmeV03reCpqWNo03flcKyhbmUY/GZhShkWfYTOaKlHCZ1Xw+VZrCFlSjiqsnDAY+ouknNrC1ZpRvzUpTn7p9qAhgGBBBAII6EHkEdeCPf86/PmradVofZi0AFABQAUAf/U/v4oAKACgAoAKACgAoAKACgAoA+M/wBlr5fiZ+2dH/c/aQkb/v8AfDXwHN/7U9vfsW+/4z/5E/AD78Jrr2zfMo/L4e/lpY+O4Y/5GXGK7cRP8ctwL/W+q1v1ufZlfAH2IUAFABQAUAFABQAUAFABQBzPi7wZ4U8feH9X8K+NPD+leJvDuvaXqWiaxpGsWcV5Z3+k6xavY6pp86SAk21/ZyvbXUalfOhZo3ypIoA+Z9e/Zu8W+EJ9d8Rfs5fE3Ufh9reoDxprEfgvxS114k+F+q+MPEuneFdK0O+1XTGZ9R0rQPB1l4blGi+H/D729mJtY1CV4yzCgB+oftI+JfhXc6pF+0D8Ndb8I+GNNfxbfp8U/DEcvizwKvhfRPEnhrw14Y1HX5NKin1HQ/EPjaXxJFqFn4aFjcTWFrY6i1zKsdszUAfTXhvxZ4Y8Y2MmpeFdf0jxDYQXl5p1xdaPf21/Fbajp1xJaahp9y1tJJ9nvrC7imtby0m2T21xFJDNGkiMiAHQ0AFABQAUAFABQAUAeHftL/D64+KfwB+LvgXTy8et654E8Qf8IxcxHE1j4v06xl1XwjqFu4yyT2HiSy0u7idPnDw/LjJNfR8IZpDJuJ8jzKrZ4fD5lhfrkZfDUwNWoqOOpTWicamEqVoSTdmn00PE4ly+WaZDm2BptqvXwOI+rSWjhi6cPa4SonrZ08TClNWX2epY/Z08et8T/gb8LPHUrKbvxD4L0O81FR/yx1IWUUOoQMOSHhu45Y3B5DKc46VHFeWLJ+I85y2Kap4XMMRTpP8Amo+0bpSXlKDTW2nfRlcPY/8AtPJMrxzd5YjB0J1PKooKNRPzU00/M9pr589kKACgAoA//9X+/igD5B/bs+NPjX9n39mXx98U/h7JpsPizw/JoUemS6vYLqVhH/aOt2VjcNNZO8azH7PPIEBddrkNzjFeHxFj8RlmU4nGYZxVak6XI5xU4+9UjF3i7X0b6/dofhP0k/ELiHwu8H+JuNOFpYSGd5XLLI4SeOwyxeGj9bzHD4aq6mHlKKqfuqklG8lZtS1skdl8GPih4m8c/sreAPjBrpsm8XeIvgzpvjrUja2ot9PbW7rwuNXlMNorERWpu/uwBsLH8mRXRgMXVxGT4bHVOV1quAhiJcqtH2kqPO7R6K/Q9/w/4yzjiPwW4Y48zJ4eWeZrwBhOJMW6NFUsK8xrZMsdP2dBSahRdfampaR0utD5W/Yi/bB8dfFz9mP4u/G/4yTaLPd/DXX/ABwC2i6bHo9tJonhfQYdZit2gjklVrqQs8AlzmRmTjJxXjcP55icblOOzDHOm5YSriF+7goJ06NNTSsnK7eqv/6Vdxj+LfR28eOJOOfB/jrxF4+qZfUr8IZpxGr5fg44ClPLsmy2GPhSdKM6ilWm+amp815OUVvqeQ/safFz4wyfsc/tHftYeLfEt74k8QeItR+JPjDwJp+szPcaPoth4Wt7uys7S1sS2IrRdatLt2gRlSS3SKM5Hzrx5Fjcc8izXOa1aVWrWni6+GjUfNCnGjFxikr/AAqopO2mmjTsfC+APHHHsvATxY8bs8zfEZtmma4ri7PuGcLmFSVbAZfhclpV6GHo0cP7qhQWYUMRJ0krTpRhH3U/eof8E5/+Ci3xB/aD8e6x8J/j3b6FpvizVdEg8U/DvUdK0saJba5pyJuv9OFv5ssc9wkDxX1pJE5eaFbwOF+zHdHC3FOJzPEzwWZKnCtUpqthJQjyKpBfFC19ZJWkmndq+j5W5cv0UPpW8UeKPEuO4I8TaWW4TO8dl1POuFMXgsGsvpZjhFG+JwnsuecalWNOUMTQlCXNOCxCkl7GSPQ/h98cfjP+0n4s/wCCiHwNn1q10X/hU15rHhj4S6n4as/7J1zT7tLzxXb6X9s1GOSSS7mkudB06KSYrG2yW4AB3gr04bMcfm1fijLnOMPqUqlHBSpR5KkZKVZQ5pptybdKKvZPV73PquFvEbxA8XM7+lT4cVMwoZd/qPiMfk3BGMyjD/UcxwteOIzung/rGLjUnKvOdXLMLCdRxhJQnVS5ua8fVv8Agmb8dta+OX7MukSeLdSuNX8b/DnXNU+HnizUrt/Nub680Zo5dPvLiU/NLcXOjXWnzXEjAbp2k64zXbwnmM8wymHtpueIwtSeFrTbu5Sp25JN6Xcqbi27LW+92fa/RA8Scw8RvB/ASzvF1cdxFwpmON4VzvF15OdbEYjL5Rnha9Wo9alWtgK2FqVZverKXmfQ/wAR7H9p2bxHJN8Kdd+Dtl4U+y2wjtPG2neKZ9aF4Ix9rZp9IU2ht3kyYADvVOHBIG79OympwfHCKOd4bPqmN55808uq4OOH9m37lo12p8ySSlra7ur6n9DZjDiV4hvKq2UQwvJG0MbTxTr89vevKknDlb21ulunZc3T/Ew/G1dM0M/CNfh5Jq4eX/hIR44fW47Fk8mDyDpR0hJJQ32j7T5n2kYEXlbcsX28eULh51sT/bjzVULR+q/2csM6l+aXN7b27Ufg5eXkfxKV76HVmX9tKnQ/sn+znVTf1j6866g1yrl9l7FOXxc1+ZrS1r6nx3+zNcfGW2v/ANtUrp/gG7+MCfHLR7hNPN5rNv4Flvp/hx8OhOGu/LOrpbDThcPGwj3m6WJSBGzmvvOL4ZBOl4fXq5nTyF8O14Or7PDyzJUo5rmvK1C/sHL2vKmr8qg2/ekvd+P4alnEanGf7vATzf8AtulNU+etHAucsuy7mvO3teX2fM07X5lFNNXPsD4YX/xyvLXWj8XtA+HmjXsRi/sBPA2ra1qVvcgxyGb+0m1aKJ4SJRGsfkg5QuWwQBXwmcUuHKc8P/YWKzXEU3zfWXmVDD0ZQ1XL7JUJSUtL35utrXv7v12WVM7nGt/a+Hy+jNW9gsDVrVYy0fN7R1UmtbWstu5zfgLXf2l7zxWlr8RvAfwy0XwcUuy+q+GfFOq6lq6yJ/x5KLG7t44isoz553fIfu5AxXXmeG4Rp4JzynM84xGPvC1HF4GhQoWf8S9WFWcrx+zZanPgK/Ek8Uo5jgcto4S071cNiqlSqn9hezlFLX7WunS9iPxH4m/aWtPHraf4a+GXw+1f4d/2np8SeIb7xpcWGvjS5WgGpXb6R9nMX2m1VrhoIFkIn8uMZUsaeEwnCM8tVXGZvmlDNfY1ZPC08BCrhvbJS9jTVbmjLknaClJ/DzPa15TicTxJDH+zw2WZfVy72tNLETxsoV/ZPl9rN0eVLmj7zjFS1ta6vc1/iv4l+PGhXekJ8Ivhp4V8eWc9pLJrM3iDxlH4YlsbsSERQWqSQyi6jeLDtJhdrfLznKY5JhOGsTCu89zfG5bOM0qEcLgJYyNSnbWU5KUORqWiVvuubZric9oSorKctwuOhKDdZ18ZHCuE76Rinzcya1b17eZoeIPEnxjsfhro2t6B8NtE1z4m3EWltrfgiTxfaabpOnTTwO+qpa+JJ4jb3i2E4SKAhF+1K+9du07ssNhMhqZviMPic3xGHyeEq31fMVgalavVjGVqDnhItTpurG8pK75LWbV2zTEYnN6eW0a2Hy6jXzKSpe3wTxcKdKm5Rbq8uJkuWapyslZLnTurCeBfFXxd1bwV4i1jx58MNP8ACXjLThqTaD4T07xdYa9b68LbTluNPVtYt40trBr/AFDdYHzgwt1AuH+Q4ozLBZHQzDC0MszmrjsBV9ksTjauBqYWWG56vLVaoS9+oqVK1X3fi+FapBgcVm1XBYitjssp4XGU/aewwtPF068a/LTUqf76K5aftKl6fvL3bczVnYxPhX8QfjR4r1u+0/4j/BFvhrpUFibi01n/AITPRfEiXt2JUQWQtdOVZoiY2aXznATCbepFdGdZXw/gsPTq5VxEs2ryqKM8P9Qr4V06fK37Tnq3jLX3eVWfW72McrzDOMVWnTzHJXl1KMOaNb65RxCnO9uTkprmV1d8zstNndcuZB8W/jE3xEPhSf8AZz8RxeEf7en0xfiEvjHw1Jp39lRyypDrzaTxqIgnjVJRa489A4VsFWreWR5B/ZX12PFeFeO+rRrPKngMWqvtmk5YZV7ex54tuPPdxdrrR+7jHNs4eYPCy4dxCwnt3SWPWMwzh7JN2rulpPlkknyfGr213L3xS+LnxJ8Ca/BpXhP9n7xp8UdMlsIbuTxB4d13w/p9pBcySSo+nvbanIty00KosjSD92RKoGOTWWTZHlOZYWVfHcUZfk9ZVZQWFxWFxNapKCSaqqdFqCjJtqzu1a7WppmebZjgcRGlhcgxmZ0nTUniMPXw9OEZNu9Nxqe9dJXva2ttToPiJ8SPF3grw1oOuaF8IvF/xB1LVXjS/wDDfhu60xNS0IPbLO73st5JHbyrHITbHyTzIpIwpBrlyrKcDmGLxOHxOeYDK6VBN0sXi4VnSxNpuKVNU05Jte/73Tu01LozDMcXg8NQr0MpxmPq1WvaYbDSp+0oe7dubm+V2b5fd5rvba4uk/EzxPf/AAuvPiBe/CTxtpPiC1S8dPhncf2fN4uuza35s4kthDP9hdryEfb4MzAfZj83zDDFfKMHSzmnldPPMur4Wbpp5vD2qwMOelztz5kqiUJP2ctPj2sncKWZYmplk8fPKsbSxEVNrLZezeLlyz5Eo2k4vnj+8jt7u6bVit8Jfit4j+JUutx6/wDB74h/Cz+yY7F7eTxza2VvHrBvGullj01rOeYSPZfZ0a537dq3EOOp3XnmSYTKFh3hs+yvOvbuopLLZ1Juh7NQadZThGyqc9oWcr8kr2t705TmuIzJ1lXyjMMr9koOLx0YRVbn5rqny7uHLeV1pzK17s5bwh8d9Z8Z+MovBeqfAL4w+FbG6lvoH8T+KvDlpB4WRLNJZEknulu5j5N4YlW1Jjbe8kedua68w4Zw2Cy+WOp8S5BjpxjTl9RwmKnPGS9o43SpunG7pqV5roou8tLS5sFn1fF42OEnkWcYSLc19axGHjHDLkTd3UVR2Ure77t3dJtXPkn9oyw8DfDvxL4sv/hv8Mfjz8PvHGi6LdXUfxG+DHh5rfwdexa14u0z4s+LxdwJONBmuvFWrWl1o/izxHc6XLqlpYaprMdvcAnNY4ThmWMyipmsc7yHCuFHE1fqWNx6oYpfV1UspU3F2dXkvT1fNGUX7rcYnncTcXS4fwub1YZNmmMnl2XYnG06tPDN4GrOjhJ4iMZ4hO8KSlFQrVLXppTaUuU9L+E3xv8A2lovh/8AD/xx43+G9r8WPC3jzQvCutWuu/DMJa+KNMvviH8Qrmw0zSNR8J3Uqr/YPgD4fX+h6z4s8Vi5b7XcWmryQW52xq3yOEr/AFnC0MRZL21KFS0XzRXMr2T6rszq4I4jfF/CHDXFDw8cK8/yXL82eGhN1I0HjcPCv7KM3rNQ5+VSdua17K7R9OfC/wCPXwp+MNpbz+BfFtlf3k+mrrDaDerNpHiW10uTV9W0GG/vfD2px2urWlpc6toWr2VrcT2qR3MlhcGFpEXdXQfUnsNABQAUAFABQAUAfG/7En/En+Gvjf4dvxL8LPjX8XfA4X+FNPsvG+rXeirGv8MY0e7sTH0BQqRwQW+98Q/3+b5dmqXu5zw9keY36urUy6hTxDfduvTqX1eumlry+P4L/c5bjcv65XnWbYL0pwxtWdBLyVGcLflHY+yK+CPsAoAKACgD/9b+/igD8+f+CpOk32rfsQfGVbCCS5ksIPDWpTxxKzyC0tvFOji4lVFDEiFZfNkOMJEkkjYVSV+Z4wpyqcPY9RTbiqU2lvZVqd38r3fZXfQ/lz6ZuBxOO+jpx/HC0pVZ4allGLqQgnKXsKOdYBVZqKUm1TjPnnpaMIyk7qL5cn9mz4wfDa3/AOCdvgPWbjxl4ft7Twv+z3HomtrNqtlHcWOsaJ4Rl02902W3eZZxeC9ha3ig8sSTOyeWrBlqMqx2EXC+GqOvSUaWWKnUTqRvGdOi4Sg0+VqXMrJNat6W+1weEfHnCNL6KnDWYVc/yulQybwtjl2YqpjcPGrhsfl2RTweIwk6UqiqKusTTdKFPl56k3HkUuZOX56/so6VrVt/wSh/al1S2gnjTxHqvjvVdJl2SIbrSom0awvpo+FLRbLK/RmHybVbOQGFfMZLGouDM4mk17WpiZw84Xpxk1tde7Lp62R/Lfgngswo/Ql8Z8dRp1YRzbHcS43AzUZp1sFCeAw2JqQ+FuHLh8TFtXXLF3urqX0l+zs1g3/BHzWDp4xGPg/8U1uOn/H+t3rovzx63fmnnJ9cdK9bKuX/AFHly7fUcXf/ABXqc3/k1+34Jy/W/Cl4Z/QOx/1X4P8AULjRVbf9BKrZmsT8/b8/67s+Dbv4PeI9C/Ye/ZS/bR+FULwfET4Dz3D+ImtFZZNT8H/8JZqBiku/KAeW3sZ7ifTr4fM0ml6tIrMsNtivm/qNWnw9k2fYNWxWXN+0a3lQ9vO3No7qLbg9vdn2Vz+aa3AWbZb9HLwS+kFwVTlT4r8NKlWeaugpc+MyFZ3i3CdfkV50sNUqVMJiE+aUsHjpJ+5RSPrX/gk58QLH4rfH79uT4l6fFJBYeOvFfhrxTbQzgLJFDrOseNL4JIvIVlE2GGeMY5xXtcF4mOMzPiHFx0jia9Ksk+iqVK8tfS/+R+4fQi4nw3Gvid9I7i/CQlTwvEmd5RnVGnU0lTp5hj+IMSoT6JxVSz387WsdD/wRuuGfT/2pIdODDw0PjPcz6YcEL9oksY0mA/h3C0issgDIGMlgV27cCv3c4UP4X19uHq4a7abcvT1sep9Aaq5YXxmhhU1lH/EQK1TB78vtZ4anGok/huqEMPe2tmvI/bCvvj/Q0KAPjT9nD5Pjp+2jD/1WPwtPjt+++E/gc5/HHPr+Ar7/AIsV+G/D+X/Uhxsf/Ac7zHrr3tZ29Ha58dw7/wAjzjNf9TjCv78qwP8AW7v5WaPsuvgD7EKACgAoAKACgAoAKACgAoAKACgAoA5Px9bfbPAvjS0xn7V4T8R22PXz9HvIsfjvxWOJXNhsRH+ajVX3wkjxOJqP1jhviCha/t8kzajbv7TAYiFvnzHiv7G9z9q/ZX+AUhOWX4XeEoZD/wBNINKgifuf4kP/ANfq3n5E+bJstf8A1B0V90bfofnvgFW9t4LeGM73a4NyOnJ7+/TwVKEvxidt4/8AgN8K/iXf2es+J/Clm3iKw1bwnrNv4n0l5tD8SG78D6pe614Xgutb0qS01C/0vTNT1LULldHvbifS5mvboXFrKsrV6x+unjOm+Ef2nPgymkWXhvxjb/tAeCbNfBmjXVn8QpItO+JFjpmn2Piq78e+MJfE9nFFD4q1/Wb3/hFdP8P+H3tLa1tY/tzvKeCwB1ngH9qj4f8Aii8sPDXjKz1r4Q/EO4j8HW174D+Itt/Y+oWviLxr4Vu/GeneFLHU2/4lOva7Z6Dp2o3Wq22kXN0NONhdJcsrRMFAPphHSVFkjdZI3UMkiMHR1IyGVlJVlIwQQSCOQT1oAdQAUAFAHxt+z9/xIP2hP2xPBf8Ayyk+Ifgv4hWo6DyvG3w58NSXZQc/KdUsL/cflzN5h5yTX33E6+s8LcB5g17yyvMMrm99cuzbFqmn0uqNSlb+7bsfH5B/s+f8X4Po8wwWYR9Mbl2Hc7eXtac++va9j7Jr4E+wCgAoAKAP/9f+/igDL1vRNI8S6Pqnh/X9OtdW0TWrG60zVdMvolntL+wvYWgurW4ibh45onZGGQRnKsrAMsVKcKsJ0qkVOnUi4ThJXjKMlZprs1c4sxy7A5vgMZleZ4WjjsuzDDVsHjcHiIKpQxOGrwlTrUasHdOE4SafVbqzVz82bz/gkj+yNdaxc3sWn+PrDRby+OoXXg/T/G2oW3hiW484TLGNOCOgtVICCAljsAAcEA18rLgrJHOUlHEwpyk5SoQxE40W27/BZq3S19l005f5Jr/Qc8DK2PrYmGF4nw2X4jEPFVshwvEWKpZNOq586j9UUOVUVblVN68uilFpOX3HL8GfAlt8HtV+CHh3Q7Hw74Ev/BuseCrbSNOhEdtY6bq+mXWnSPGhyXmUXLTmWQvJJOPMdy53V9C8BhlgZ5fSpxpYaVCdBQgrKMJwcW1vd63u9W9dNz+jZ8AcNUeA8b4dZVl2GyrhvE5Bj+HqOBwtPlo4bCY7B1cJKUI3blUj7Z1XUlLnnVXPJuTbPz2/4J+/BrxzpP7O3xn/AGU/jn4R1/RfDuieL/GnhXSL87rKDX/Bnivzbi6utD1Ab2cm+u9RliuFB2Ry27AAkhfmOGsDiYZXjsmzGhVp0qdfEUYS+FVKFa8m6ctftSnZ9tUlqj+WvovcAcR4Lwq8QfBTxIyLM8vyrLs+4hyTA4h3w9PNOH879pVrVsuxS5pO+Jr4qVOqorljKm0l9n74+HXwC+G/wy+Ddp8B9B0u4vfhzbaLqmgPpWu3R1Sa80zWTcnUILy5kRGm8/7XON21WTcChDIHr6TC5bhMJgVl1KDeFVOdPkqPnbhUvzKTe97s/prhTwx4S4P4BoeGmWYKriOE6OX4zLJYLMq7xtSvg8f7b61SxFaUIup7T29RcyjFxunHVXj81aH+yx8OP2LfhH8ffEv7N/hPxXf+MvFnhK9ltdIfVJtfvbvWrS01G38O2+l27xQmG3sr7VnupIkLHyUk5O0V5VPJ8JkOCzKrlVCtKvWoSahzurKVSMZKkoX5bKMptvTbXWy5vyPLfBbhL6PnA3idm3hNkmd4rP8APMjxE6OBljamZ4ivmFChiqWVUsFSlCn7OlhsTjpVpQTk/Zxk+bRctP8A4Jn/AAC1/wCAv7NWmW3jTTJtH8d/EHXdU+IHizTLlBHdafd6wY4dPsbpOWjurXSLWxiuoyzBLhZVHTNTwnltXLcphHEQdPE4qpPFVoS+KEqmkYy7SUIxuruz7auXP9ELwxzPwz8I8JS4gwdTAcS8U5njeKM8wdZctfDV8e4wwuHrRaThWo4GjhqdaGvLVjJLe5+hNfTH9ShQB8Z/s+fu/wBor9tCH/qpPgC4x/13+Engs5x77evH9W+/4o14V8P5f9SnM4f+A53mGn9fqfH5BpxDxkv+pjl7+/KcH+fp06H2ZXwB9gFABQAUAFABQAUAFABQAUAFABQAUAUdTtvtmm6haYz9qsbu2x6+fBJFjt13ev5VM1zRlHvFr71Y5sZS+sYTFUN/bYavSt39pSlDy79/uPlf9ha4+0fspfBvnP2bwwlj9PsV1cW2Pw8rHf8Aovj8Ou+TYDyoqP8A4C2ra/19x+MfRure28FOAdb+yyeOG/8ACatVo28rcltVH0PravaP3AKAOQ8Z+APBfxD0z+x/G3hnR/EtgiagtsmqWUVxPp76rpN/oV/daVeYW80m+n0fVdR086hps9tfR215cRxToJSaAPmmb4CfE74TrJf/ALOnxJvYtIsYDJbfB/4kTz+I/Bk9j4Y+Fn/CI+CfBXhrW7hn1zwXplz4q03RvEPibWludV1C9Muq9HnU0AXIP2pR4HvJNF/aF8Eav8Jri2fW408aFZNW+G2s2Pg3wLoXjLxr4ug16BC3h3wnpkurXmjWNx4j8i61G80e9ECtgGgD6k0fXNG8Q2UWo6HqdjqtjMkbpc2FzFcx7ZokniDGNiY3eGWOTy5AkgRlJUZAoA1aAPjbwx/xI/26vixYHhfHHwC+FfiWMdml8PeJ/Hfh24k9CxiitEbjIVE6AivvsZ/tHhvklX/oX8T51hH5LFYPLMVFfe5tO3WS0sz4/DfuOOM1hssbkOVYlLu6GKx+Hb6LZRV9X0srpn2TXwJ9gFABQAUAf//Q/v4oAKACgAoAKACgAoAKACgAoA+M/gT+7/af/bOg6f8AFW/Cq4x7T/CPwiQep/ukdB7Zya+/4k14O4Al/wBQWdQ36xzzHL+ux8fkenE3GK/6i8qf35Thbvpvvs/U+zK+APsAoAKACgAoAKACgAoAKACgAoAKACgAoA+PP2Dh5f7Mnge1/wCgfqPjDTcen2DxbrFrt/Dyse1eHw5/yKcOv5J14f8AgNaouy7f8NtH8G+jT7vg/wAOUV/zC4vPsJ6fVs8x9G3y5Lfh0PsOvcP3kKACgAoAoarpWl67pt9o2t6bYaxpGp2s1jqWlapZ2+oabqFlcI0dxaX1jdRy213bTxs0c0E8TxSIxV0ZSQwB8u+LP2WLC3u9a8UfArxv4g+BfjrU5PG2sm50E/214I1Xxn42i8MW9z4o8WeBdVll07W59MtfC9va6PZ29xptjpyX+oSQWwebbQBasPij8bfA3iNdC+K/wwXxB4a1HW9bg0b4i/DGWbUrex0q58b+FfB/w80/xV4bvBHqI8T+JIfEz61rU2kM2haDYaJqtzNKYokDAHNa432X9vT4fTYZBr/7MvjG2IYYLf8ACPeP9IukRv8Aaj/4SJsr238dWr77DfvPDTM47/VuL8BNeX1vK68W/n9UXXp0Pj6/ucdYB/8AP/hvGR/8JsfSl/7sd36dY/ZlfAn2AUAFABQB/9H+/igAoAKAKOqanYaLpmo6zqt3DYaXpNjd6nqV9cuI7aysLC3kury7uJGwscNtbxSzSuThURmOMVFWrTo06larONOlShOrUnJ2jCnTi5TnJ9Ixim2+iR1YHA4vM8dg8twGHq4vH5hisPgcFhaMXOticXi60KGGw9KC1nVrVqkKdOK1lOSS3R4b8F/2oPgj8ffhve/F34b+NtPv/h1p+sanod14q1VhoWkxX+kXn2C+DXeqPBbiCO8It1uDKsUkpEYIf5a8TJuJslz7LZ5tl2Np1Mvp1qtCWKqtUKSqUZ+znedTljyqfu817N6atLm/UvErwM8TvCbjTDeHvGfDGMwnGOLy7BZpQyHAJ5rmE8JmGH+tYZrD4GNWq6s8P+9lRUJTjBOT91KUvR9E+J/w08S3qad4c+IfgbX9QkyY7DRPFugarevgZOy1sL+edsAZOE4HJzjFejRzPLcTNU8PmGCr1HtTo4vD1Zv0hTqc34P5aKXxmZ8Dca5JhpYzOeD+KcpwkLc2KzPh/NsBho3dlzV8VhKVNXeivNXenU89b9pn4NR/tAD9mGfxZFbfGd/Cf/CbW3hW5tpoTe+Hv9HLXVjeOq291IguEZ4ImeRVWUnHlOF858S5Os//ANWZYtRzl4T67HCyjJc+H9334TceWTXMrxUr7/ytH18fBHxIn4R/8RxpZBOt4bR4gfDNbPqNelUWGzf97ahicNF+2oQk6MlGrUSg3Kml/Ehze917x+TmRquiWGsvpMl6LgtourRa1Y+RczWwF9DaXtkhnELoLmDyL+4DW0weFn8qQoXiRl3oYmph1XVPltiKDw9TmhGX7uU6dR8ralyS5qUbTiuZK61Uny41aFOu6TqKT9jVVaHLKUffjGcFzcrXNHlqS92V4t6tOycfFfiP+zN8L/ip4kk8VeLF8WnVpLW2s2Oj+NPEehWfk2kYji22OmX9vbLJtHzyCPfIeWycFvocp4vzjJcIsFgngfYKc6i+sZfhMTU5pu8r1K1Kc7X2V7LoeNmPDWWZpiHisV9b9q4xg/Y4zEUIWgrL3KdSEb23dm35any1oPwT8D/Ff9qD9rDRPFy6+bLQNW+Dd1po0XxLrOgzbrn4OeErWU3U+lXVtLeDbZptFwXCNuYfM7M32WJ4hzLJODeCcRgfqyniaGfwq/WMJh8VFqGfY6aUIVoSjDWo2+VX2XvJJx+YoZNgs14m4qoYt4jkoVcnnTVHE1aDvLJ8JFuUqU4ud1BfE7J30T1l9lp8E/A8fwul+ECjX/8AhDZovJcHxJrB1zZ/aUeq8eIDdf2srfa41+YXIPk5g/1ZKN8C+IcxecLPf9l+vp3X+yYdYe/svY64X2boP929uRe97695H2CyXBLLHlH+0fU2rP8A2mt7f+IqumI5/a/Guk/h92/KR/DH4H+BfhFaa1ZeD18QCDXzEdQ/tvxNrWvv+5jkiT7NJqt1cva/JI27yGTJwxyQCrzjiPMs8nh6mP8AqvNhb+y+r4PD4Ve803zqhCCnqlbmTtqla4ssyTA5TCtDCfWLV7e09tia1d6JpcrqTm4aP7LXzsjlvAP7L/wu+G3i5PG3hk+MhrUcV5Eq6r438SaxppW/wZ92mahfz2bMCv7pjFmL+DGcV25nxjnObYF5fi/qDw8nTbdHLsJh616fw2rUqcKnquvXqjmwHDOWZdi1jcN9c9slNfvcdia9O1T4v3dSbh6aO3S1kR+Jf2W/hd4s8fH4k6tL41HiQ6pp2r7bHxz4ksNI+16W9u9qBo1tfx6eLfdbRedb+R5U43iRWDsKeD4yznA5Z/ZNCOXPCexq0P3uW4SrX5Kykp/7ROlKrzWm+WfNzR0tdq8ZxPDGWYrH/wBpVXjfrPtadX93jsTTo89JxcP3MZez5bxV42alrfe0dz4r/s9/D74zXek3vjJ/FST6LaSWVl/wj3i7XfDcZhllMrfaYtJu7ZLmTeTtkmDOq/KOK58k4pzTIIV6eAWCccRNVKn1vAYbFvmiuVcrr05uCt0jo99Ptb5rkGX5xKlPGPFJ0YuEPq+Lr4ZWbu+ZUZRU3d6OSutla/vaHiD4HeB/E3w00b4Uak/iUeFNBi0uGway8T6xZa4U0e3e2s/tWvW90mp3TGKRvtDTXDG4fDyksAaywvEeY4PN8RndFYP67iXWdRVMHh6mGvXmp1OTCzpyowXNFcqjGKgtFZOxpiMkwWJy2jlVR4n6rQVKNNwxNaFe1GLjDmxEX7WTs3zOTfM9X0cfGP7T/Zi/Zt1vwB+y5rHxBuvDvjD9qa88eaf8M/CPibxXr2reKPHN54c8Kw3XjSDwzqV5Lc3NpJo3h1o79wlzb/Z8tcQZmJKmZcR5jm2YYXM8UsGsVg/Zex9hg8Ph6P7mr7aHtKFKnCnU99vm51Lnj7r0VgwOSYHLsHiMDh3ifYYr2ntfbYqtWq/vafspclWpJzh7i93la5Ze8tW2emfCz9m/4cfB3Wr7X/B8ni99Q1CxOn3A8QeMtf8AEVr9nMqTExWuq3txBDNvQfvo0V9uVBAJDdGdcWZtn2Hp4XHrAKlSqe1j9Vy/C4SfPyuPvVKFOEpKzfutyV9fMxyvhzLsor1MRg3i/aVIezksRjMRiIcrkpe7GrKUU7rdK9tNfs5cH7LHwst/iGfifHJ42/4SdteuPEZV/HXiV9G/tG5lklkA0Rr86d9j3yvss/I+zou1VUBQa3lxpnU8q/sdxy76n9WjhLrLcGsT7KEVFf7T7L23tLJXqc3M9by1bMlwvlccw/tNPG/WfbyxFnjsS6PtJNt/uOf2fJd6QtyrotkaXxO/Zt+G/wAWvEEHibxZL4xj1O3sIdNjGgeNPEHh+z+zQySyIWsdMvILd5t0rbp2TzGG0MxAArHJ+Lc2yPCyweCjgHRlVdV/Wsvw2Kqc8kk7VKsHNR91Wje3Wy3NMz4by7NsQsTi3jFVjTVJfV8ZiKEOWLbV4UqkFfXV638rHRePvgt4M+JHhrRPCniObxKmleH3iewbRvEuraLfsYbcWyfa9Q0+eK6ux5SjcJncM/znLHNcmWcQY/KcXicbhY4R1sVf2qxGEo4il70+d8lKrGUab5n9m1lpqtDpx+TYPMsNRwuJeJVKg04OjiatGppHlXPUpvmnpvzXu9WkGl/BbwbpHwzu/hNZzeJT4UvUu0mkuPE2rXGvhb2//tGfyvEEs51OI/aDiMrPmKH9ymI/korcQY+vm9PO5xwf12m4OMY4SjHDfu6Xso3wqSpNcurTXvS952eoqWTYOjlssqg8R9Vnz3csTVlX9+p7SVsQ/wB4ve2tay0WjblX+FXwM8EfByXWpvB83iiVtejso77/AISLxTrHiRVWwa5aD7Kuq3E4tCTdS+aYAvnARiQny0FVnXEeYZ8sPHHRwcVhnUdP6pgqGEu6igpc7oqLn8C5VJe7ra1/enK8jwWTus8G8U3XUFP6xiq2IX7vm5eVVXaL953slfS7dko834O/Zi+Gngbxlb+OtEuPGz65bT3txGmqeOPEOqaWZL+OWKcPpV5dSWToFnfykaMiJthTaVBrrx/GGb5jgJ5diIZcsPONOEnRy7DUa1qTjKNq1OEZp3iru93qne75ufB8NZbgcZHHUZY114ucl7XHYirSvNNO9KTcGrS01dt9Le78c/so/swfDfx/8P5PHGvX/j2DXrT4p/E+ye30bx1r+j6MjeGPiPr2nWiro9ldR2SKY7CI3KiPFy5keXcZHrxODeMc2yzhxZVh6WWSw9PFZrTUq+W4aviEquNxDnetOMptpzfJeUuVWSskon4J9H3hnLsdwC8VXqY6NfDcZcc4Xlo42tRor+z+L82w8EqUJcq92lHmVnzbvdqP3H8VvgL4I+Ma6Gni288X2o8PR3EVh/wjPizWPDZdboQiT7adMuITeMBAnlmYsY8vt+81enkvEuYZC8S8FTwFT61KEqv1zBUMXZw5uX2ftYy9mvfd1F66XvZcv9BZpkOCzhUFip4uCw6kqf1bFVcPdStfn9nKPPaytzbdLXfNZ1D4IeDdT+F9n8I7i78Vr4VsorSGG5g8U6tB4jKWUvmwmXxCk39pSsX/ANazTAyr8rEjFRS4ix9HOKmeRp4L65Uc5ShLB0ZYS9RcsuXCuPslp8No+7utdSqmSYOplkMplPFLCwUIqUcTVWItB3V8RzKo7ve7d1ps0zz6Tw58E/2Tfhj4sv8AXfFPiPR/Bmt3kNnqF74m8Ta74m1a51XXIYtE0/SfD5na81JtS1FzHDYWOnIZWuWM42KkkqGbcR4/OcVhcZi6eChVwiiqSwuDo4ak+So6q9pTpRUaj5nZ8yd42jsLLsjweV4fEYbDTxUqeJcnUdfE1a81zQ9m/ZznKTh7q05Vvrrb3flH9l340/sMv+0frPwf+G/xN8f6X+0XB4UvdRk+Enxa1vxnYeINQ8KXVxZ3Nzr+heHvFOLPVLOKSG3Av9Nlne2R5Y8KDMqdWccXZpneDjgcZSy2FGFWFZSwuX4bC1nOnCcI3q0oxk4tVHzRvaTs9Le9hlnDeX5TiZYvC1MdKrOnOk1iMbWxFPlnKMm1TqNx5rxVpWTSuup618L/AA9+yf8AtE/E74peP/hT8TvEvjfxd8G/jXrPgX4oWOgfEDxKuieD/i14Wls9R1rwfqehNJDp8cmn/a7R7jT445LQwzqgJViF0p8Z5vSytZRGjlf1VYV4NTlluFlifZODg39YcPaOrZ39o25J63/lifC+W1MweZyqY/6x9Y+s8qx1dUPaKfPb2Knyezvp7O3K1pazse+/Ff8AZ08AfGTWdO1zxbe+NbW90vTBpNsnhnxnrfhu0a1W6ubwNcWul3EMM9x5t1KPtEgMnleXHkoihMMk4qzPIcPVw2CpZdUp1q3t5vGYDD4uanyQp2jOrGUow5YL3E7Xu9W3y65rw7gM4rU6+LqY2E6VP2UVhsZWw8HFTlO8oU5KLleb9562stbI8a/bd0rTfAP7GfxS8UWFhrutj4D/AA31z4iaHpcXi7XNDvNTHgHw9fXkkGra9pki6ncwtpcV5LcFy/mzJHLICV3L8znPG+b8IZdxJxdluFy/F5hhMsx+OlhsZhKVXCTVKP1qqo0ZRcaVo0m4uCTirpaNo/YfBHwm4d8Y/Frwo8JOI81zTJck41434c4Tq5pltZ/2hhJZ1jKeVYWpCU5xVabxOKowcakrS5rq8kjyvwZ4a8L+EP2gv2P9Q8HXWtXWi+Nfgx8ZtQim17Xb/wAQ3rf2s/wy15ol1HUJJbh7eN5SIYy+1AOFGK/SsDn9firw+4lzTExwsZ1MdwpioxwlCnhqKVTDZpBNU6dotu9nLeVr62bPxfibhOPAnibh+GE8U5ZRW4uymq8XWnWrueCx2Dg+ec7yT/d83L8KvZWv7v6ZV+bH0gUAFABQB//S/v4oA8P/AGkvjv4U/Zm+CHxE+OPjQSy6B4A0J9UmtLfb9o1C8muILDTNOg3cB73Ubu1gaTBEMTSzsCkTV4nEee4XhrJMwzvG3eHwFD2soR+KpOUo06VNb6zqTjFu2ibetmfqPgv4VZ/42+KHB/hdw04Qzbi3NY4GliKt/Y4PD0qNXF47GVbXvHDYPD16sY/8vKkYUlZzTPxyl/4KEftu6rov7ONr4a+Hvw0vviP+2WniTxv8HfBMVwbYeD/hn4b0ODXbaTX9a1NksdR1rxJZLeXEEcix/Yt1naNundzX5A/EDjWrR4djhsvy2pmPGCxGOyjAqTh9Ty3DUI14OvXq+5UrYmCnKKajyXhBrm5j/RuH0Qvow4DMvGavnfF/G2F4N+jdPJeGPEbiadFV3xFxtnWa1cqrwynLcEnisFluS4mWGpVakPafWbYnEJKjGHN51+0X/wAFOb34vf8ABMf9q26utGl+H/x38Iy6V8GfHXhkedb3Gi6h4u1g6Pq7SQSYmtXm07TPFOkSxltjzQPc2wNpNBXncQ+Jc838NOKZSovAZ7hHSyfHYbWMqM8XW9lWvFpSg3TpYqlbW7jzR91xZ9l4O/Qgwvh39N7wFo0Mxhxb4VcQU8w8SeFc7/d1qWZYTh7LVmOXqNWF6VeNPG43I8whNJuNOrGhWtXpVkYPx/8AhxZfB7/g3k8O+G9Gjl06fUfhn8KPFGu+UzRST6/4z8V6F4j8QvKybGkWfVNQuHxITldobO0Vz59l0Mo+j9hsPRTpyq5blWKr20csRjMVQxGIbs9VKrUk+vppaPqeE3GeK8Rf2wGc5zmU4YylguNeP8iyr2iVSFLKeG8hzTJsojTUk4xlSwOEoxvDl15mrN2PzA/aH+DP7LvwH/YA/Y4/aF/Z6+It94T/AGzPFdh8J9T1bS/Bfjya/wBb1a/1bwy+peJJ77w9p1zJPpt1Za9HpiLb3Cr+8u2sXt5fN2V+Z8QZPwxkXAXB/EHD2YzwvGOKhlVWrSwWOdSvVqVcM6mJlUoU5uVKUK6pLlkt58nI7uJ/cnhB4keOnir9LX6R3hB4v8G4XP8A6N2Q4vj/AAWXY/ibhOlhMswGEy7O4YLJaOFzfG0o0sbQxWVTxs3VouVoYf61GtBxUj9M/wDgoPrPjH4SftA/8EhP2s9VjOk/FHxBqOgfC34pXKp5Eb6ZqsvhS31i2vYuA7eR4+8RsqzH5Xtoj/yxTb+leIFbGZTn/hJxXVTo5piKmHyvNJJOK9nVeFjWjNaXfLj8S7NPWMX7vKj+JPoiZdw54geEf7Q76P8AgJ/X+Bsowma8dcCUHJVZxxuBhn1XLa2Fk78q9rwpkqbptc0K1Ve97WTP6aYpFmijlQ5SVEkQ+quoZT+IINf0ommk1s0mvRn+I9SEqc505K0qc5Qku0otxa+TQ+mQFAHxP8KNR0/Tf2vv2vkv7+zsjdf8KQaAXd3BbedIfhnpcWyITOnmP+5+6m5unHIr9BzyE6nAvAvJCc+R8RJ8sXLlX9r1pa2WnxPd/fpy/G5TKMeLeLVKUYuX9itXaV/+E2krJO38vRv0PtcEMAykEEZBByCD3BHBB9q/Pj7IWgAoAKACgAoA/mI/4Lc/FfxJ8E/+Cln/AARG+I3g34Y+JvjL4w0bxz+15ZeFfhn4RMEet+K/EHiH4Q6B4d0myS6uStvp+nW95qkWoa1qU58rTtGtL+9YMINrAH2p+y1/wUm/aR1z9tZf2Ev25P2XPDn7Onxb8a/B/UPjp8GdZ8A/ENPiN4M8ZeC9H1uPQ9a0i/1UwQNZ+LNKuZ0+02cKG3P2e8KOVRHYA/aOgAoAKACgAoAjmmhtopbi4ljgghRpZpppFiiiijUs8ksjlUjRFBZnYhVUEnjNNJyajFNtuySV22+iS1bfkJtJNtpJbt6Jeb2/P7j8+/2MPi/8KrHw5498CzfEjwNBr9v8ePjU1ho0vinRYr+8s9S+I2v3tlcWVu94sl1DeR3AltWtxKJkYPHkNurz8gy3MPqOMmsFipUaOa5nSnUWHq8sJRxdVyUmouzi3Z35LbO1rH8+/R8xuDo8N8V5a8Vh1Vwfih4j0Y0nWpqTU+Lc0rR5YuV2mqiatvfr8R+hAIIBByDyCOhHqOvX6/nXef0GFAHwx/wUM1b4H6d+z49v8avHuvfDuXUfHPgqH4Ra/wCCYBqXxJj+NkOswy/DxPh14fGZPEniRtVHlPom37NqGkS6naX0sFpNLKoB+cv7MH7Yt0f2zvhT+zn/AMFJP2ePC3w2/bUvvBfiif8AZP8A2jxodhBpvxz+HTFpda0zTLkb7rwR8Qv7OsE1HxT4Anup4bGYXiWEuBI1wAfmv/wTs/aY/bV+Hfxu/wCCwfwy/Yu/Y9sP2hfEdp/wU5/aL+Ini/xf8QfHsPw3+G+l6fPbeHtNsvB+i6r5Vxea949vv7FurtNKgjSC2tbrTZLiUC6G0A/o4/4Jv/tyeH/+ChX7LXhP9obSfCGpfDvWrrWvFPgrx58PtXnS6v8Awb4+8C69feGvFOitcxgLc2sWp6fPLp9zw09jLbysqszCgD6Z+PXgr/hZXwN+M/w6MXnjx98KPiL4K8nG7zv+Eq8IaxoflbeM+Z9u24zzu7Zrys9wX9pZJnOXWv8AX8qzHBW7/WsJVoW67+07feff+FHE3+pfil4bcY+09l/qnx9wdxN7VO3s/wCwuIsuzT2l+nJ9V5vkfmf+zX4mPi7Rv+CWPiJpd943wX+K3h7ViTk/2lpPhn4c2d9Dk/MTHe6fOpBORtwcEV9L4R4v674L5zN+9KOC4PU+tq1CeZ0Kut+kk1qtGraWfN7f0zch/wBWvpecb5fTioYeXG3HeLwaWieAzOrg8wwUktnz0K0JaPrpzXTP2Irzz8lCgAoAKAP/0/7+KAPib/gop+zpr/7Vf7HPxp+CvhKWGLxh4j0Kzv8Awl9ona3tp9e8P6tY63a2E8o4VdTisrjTEZ8RxzXkUsnyRsG+L8Q+Ha/FPB+c5LhGljMTQhPCcz5Yyr4erTrRpyfaqoSpq7ilKSbeh/Tf0OvGPKfAb6Rvhr4l8QQqT4cyfNcRhOIPY0lWrUsqzfAYrLK+KpQdnKWBqYmjjZKD55U8POnC0pI/nP8AC37W1j8OP2gv+CZ2kfF34ZfFTwj4v/ZX+GvxJ+HPjfwpH4F1rUNY1Caw8Mah4e0Gbw9BbQH+3GvhbQteSacJ4bMyGZ38kfL/ADxheK6eXcQeGtHNsszTCYvhfLcyy7G4VYKtUrVJQw1TD0JYeMY/vuflTm6akobt2SP9kc++j7iuM/CL6bWYeHnG/AfEPD/jxxrwVxlwxn0+KctwmXYSlis7wmcZtTzetXqpZYsJ9YqRw0MY6NXEKCpxhKo4l349/spfFXW/2C/+CiX7XPjfwVrPgHW/2ivjp4d+Neh/DjVI9mt6P8PNJ8XajDp99qlko82zvrs+NLy+lgmw66dbRXMix7mRbz3hXNK/AniFxbjcFWwFfiHPKGdUMuqq1ajl9HF1FTnVgleE5fXJzaktKcVJrVo5fCjx84Cyz6Vv0PPo9cL8TZbxblng74WZz4ZZpxlgKl8szHjDMOHsHUxeFwOJf7vEYah/q1hsLCrTcovGV6lGEpWTPuH9qTU9R+Mv/BA7whqXg/Tr/wAUarrHwb+BxfTPD1hc6tf/AG/T9T8NQ6tax2OnxT3Dy6fcQTx3SRxEwmKTeFCtX23FFWpnHgRg6mEp1MVVrZPkd6WHhKtU9pTqYaNWChTjOTdOSkppKVrO9rWh/L3gXgsH4cftYuIsFxFjMJkeAy/xG8UVDHZviqOX4T6ri8DnVTAV5YnF1KNGNPGUatKdCU6kfaKpBRu5JS92/wCCcH/BNP8AZJ8Lfs/fszfG3XvgHoz/ABu1D4VeAvFev6t4utL251PTfGV9oVjeandnR9R2Q2F/HfPI/kz2pe1m+6iOle74deG/CeFyDhrOq+RUnnVTK8DisRVxcJyqU8ZOhTlVn7GpyqnUVRt8rinCWq1Vz8r+mb9Nb6QOe+Lvjb4Y5T4r5jHwxwfHnFeQ5TgOHq+Fo4LG8N4XNcVh8Fh/7RwV6mLwk8LGEfaUsQo1qe8pRlLm+dP+C5nm+OvjP/wTa+B2gFbjXvEvx6bWLnT4BuurTSP7e8B2FvqXlJ86WkMVrrs0jgBQlhKRjyjXzvjffHZx4c5JQtKvic9dWdOPxQpe3wMI1LLVRShXbaW0Ha9j9j/Zbqnwv4a/TQ8Uc2UqOVZL4VRy6hi6ulDEZj/ZPFeLq4L2kvdliKs6+V04Qak3PF00175/RNY25tLK0tSdxtrW3ty3qYYkjz+O3Nf0LCPLCEf5Yxj9yt+h/jtiqvt8TiK6VlWr1qqXb2lSU7fLmLVUYHwH/wAFJf2yB+xL+zPrvxO0qxg1Xx3r2p2vgr4daZcjfav4o1e3upotRvohzLY6RaWlxeSR5AmuBa2zYSdzX2HA/DL4qz2hl8pShhacXicZOPxOhCUY+zg+k6spRin0jzSWsUfN8VZ6uH8oq4yKUq85Khhoy1iqs1J881peNOMZSeur5Vpc/il8X+N/jX8XdfvviF8Tvi544vfHPiG4/tHWNR03XL7S2efaqWUTf2fNaRsmmWqpZ2S+UBbwII422iv7vyzgjKcLlOBy14XD08Pg4VFRoxo05qn7eftal3U5pScpO83dc0tdLty/kvG8UZjXzHGY5YitOtipwdWpKpOLn7KPJC0YSiklFJKzTSS7n6jf8EtP+CiPxj+CXx88C/s5fGbxvrfxG+DvxZ1S28L+EdV8TXs2pa14K8U3bi30iO31C5klurjT9SvXg0+6tZpZWSe8triNwocV+H+LfhhgaOX4jOMsw9LD4vCU54mToQjTp4rD09a8alOPLCNalF+0Uopc0Va2qR+p+HXHeLnjKOW4+tOth8ROFCPtZOc6FWelKUJt8zp1Je44yekno9Gz+xCv5QP6FCgAoAKACgD8F/8Agoz4U8U6x/wV4/4IZeItI8N69qvh/wAL+Ov2x5fEuuadpGoX2keHY9R+Btja6fJrmpW1vLZ6THfXP+j2b381utzP+5hLyDaoAv7UPhPxRe/8F7f+Cdni2x8Na9d+GdJ/ZP8A2hNO1jxNaaPqE+haZd3PiO1ktbHUtYht30+zubjeslva3VxFLKDvijYEtQB+89ABQAUAFABQB/LN/wAFvf2zPiZqHxi0z9iv4X+JdT8GeHNH8O6T4r+LWsaLdzWOrazPrlrDqelaELy2kjmh0y30q6sLmWKN0N3c3jLMTDAEb9CwGNyvgLgfG+IWZYOlmOPq4p5ZkGCrJOjLFv2sfa1E01aLo1pSlyycY0kopSnFn8nfSh8aJeFnC+LxNGLqVovD4TDYeNR03jMyxtOpVw9KpONpRw1GhSnXq8usrcmt0j8GLz4daTO1leWt7q2na3plvbQ6frlnfzwajbSWkYjt7hbiN0lE643GRZFcsSdwJJr8LyDx641yLHYytBZficuzHNcZmuPyqrhY/V6tXH154jFQpy5nKlGU5vk0mopLR6xP8jeF/pLeInDGbYzHYergK2CzLOsdnePyyWF5Kc8TmWJnicWqFeM/a0Oac5cklzOOi5ep/UD/AMEOv20viN8ZvDnxF/Zt+Mes3Pibxh8E4NJvfC/izUJnuNT1vwZqcl1aQ2Oo3En7y6udFntFEd3KWlls7y1jkd3iZ2/c+LsPlGa5RkHHOQUvq2X8S4d1K+ESssNjYKLqwUVorycoyUbJThJpK6R/th4D+JVLxI4Py7NqcqkqeKwOHxlB1XzVacKnNTrYWtLTmqYWtTlScrO6td3TP3/r8+P3M/BH/gs54M+JGh/HL/glx+1zp/hjxD44+An7JH7THjHxF+0P4c8M6Zda9f6NoHxI8FWvgzwx8SrjQLGOe81LS/AGp/bb/UZ7a3uLjTI7pJ4Y8zOygFH9rjwpoH/BRj9t3/gmdqv7Pklz4n8J/smfE3xv+0F8W/jDaaTq2l6J4V0DUvC2maT4W8BWWr6lZWL6h4i8b6vGs11pFp5qWejaXdy3zRvMiMAan/BEDwp4p8L+NP8Agr1J4l8N694ej8Q/8FXf2hte0B9c0jUNKTW9Du9F8GJa6zpD31vAupaVcvFKlvqNkZ7OZo5BHM5VtoAv/Bvl4T8UeD/2W/2g9O8VeGte8L3dz+21+0zqNlY6/o+oaLcT6bd/EC/ktb61ttRt7aSWxulzJbXMSNbzId8UjqQ7AH7A/tEfG3w5+zf8EPib8dPFtjqOqeHfhh4U1DxVqem6QsZ1LUIrLYkVlZ+biJJrq4mhhEsv7qEOZZMojCvG4hzrD8OZJmeeYunUq4fLMLUxVWnSt7SooWShC+ilKTUbvRXu9mfpPg94Y5z4z+J/BHhZw/i8Hgc444z7CZFgcbmDmsFg54nmlUxOJ9mnUlToUadWq6dNc9RwVOFpSR/Ml/wTi/4KE+Bvip8Yf2SvgVY+APF3h2TwJ8RPj7Lo+u6jc6fcafe+H/irNrGu+FdKht7YCeOXRNO0iCx1CZmNu8yiS3HljFfNfR64+weaeH/iFkX9nY3CrB1cjrYevWcHSq0cyzvOKuDp04xSadGlF06kr8t9Y3TP73/adfRI4j4H8U+AfFWfGnDWey4kyXGYHOMoy+GJp47A5rwPwbwhl/EONxNSo5U+XM8diXi8JRfLXjTlyVkpu5/WnX3x/l+FABQAUAf/1P7+KACgD4M+N/7K/i34mftqfsl/tI6Tq2h2nhf4D6R8SbLxPpt6kx1fUZPFWky6fpS6WYwYyElvZpZjMdsaQOBh5Ur4XO+F8XmXGfCnEdGrQhhcio5lDE05qTrVHiqTp0lStpo5ttt+7yvSXMuX+rvDDx44f4I+jP8ASB8GMfl+aYjPfFbMeC8TkeNwsqay/BwyHMIYzHyx3O1Nc1PDU6dONNOVSVWLfu05I+vfiT4A8O/FX4f+NPhr4ttFvfDPjvwxrXhTW7YhSX07W7CawuHi3AhZ4Vn8+3kxmKeOKRcMor63MsBh80wGNy3Fx58NjsNWwteO96dem6cmtveSleLvpJJ6WP534L4tzjgLi7hrjXh+u8NnfCueZZn2WVk2lHGZZi6WLoxnbV0qkqXsq0Np0pzg9JM+bv2GP2UJP2MPgJpnwGTx9f8AxD0TQNf8Sal4f1DU9PhsZ9N0nX9WudWTRfLieRZYrOe6mEchP3GCLhFUL85wPwq+DchpZEsfUzCjh6+JqYepUgoSp0sRVlV9jZbqEpuzvtolFfF+0fSl8fYfST8WMb4rPhPC8H5nm2U5Lgs3wmCxdTFUsbmGU4Cjl7zLnnGm6dTEUsPS54JfFHmbcpSZ6Z8S/gT/AMLI16LXR8Vvi34K8qxhsf7J8D+Ko9F0hxC8jfaXtGsbjN0+/bJL5nzKqgKMGv1bKOJf7JwssL/YuR5herKr7fMcE8RXXMkuRVFVhaCtdRtu2fypmWR/2liFX/tXNsHaCh7LBYv2NJ2153Dkbc3fWTetlotWfDHiL/gljovjH9pbwz+0D4u+PvxZ19/Afhn+yPAdvf6lazeLPDGpSGfzr6x8Vm23Jav9v1VxZ/YGIfUGPmjyY2XzcRmlDGcSYbP8XwnwPiPqOG9jgY1MgbxeFqPmvUp4v61dR/eVny8j1qdbRP2TJuP804c8FM78I+HuKPEjKI8VZ4sx4qq4TjOdLh/PMFD2Xs8JishWBalXX1TAReJ+t2ccIl7J881L6i/4ZIk/6OJ/aOH/AHUCH/5Vt/P8/wCH6f8A14X/AESvCi/7pb/SrH+u2vN+FPhO+3EPES/7qEfz9j+Fvn0D/hkiT/o4r9o7/wAL+H+ukkfp+dP/AF5X/RKcJ+v9mS/+Xh/qn/1UHEV+/wDaC/8AlTX4fcflh/wV7/Yp8bXH7Ksvj7wR43+K/wAYNU+FvirTvFeqeFfG+ujxNbw+GDbXVrrOs6TY29hayjUdMkawmkdPNK2H2uXYREQ33/hrx/hafEcMPick4eyyGNoujTxGEwboSeIjOM6VOdSVWS5ZrnS0+Pk3u4nx3HHBuInks6+HzXOsdLC1FUnRxGKVWKouLjOpGKp3coNxbs/g5m72P5j9E8TaNrNhFdW+oxRtsUT2880UM9vKB88UschRgyNkE4x34ziv7PwuYYXFUYVIVacbxTcZTinF9V/X4by/mOvgsRQqShL2ujdmoXTV9Gv+HfyteX0L+xn8IfE37Un7Xnwf+HfgCG8msPCXifTfHPjXxrpyNnwXo/h2/tdTbULLUlVorLVHubK3tNMmbfnUJ4nSOVLaTb+Z+JvGGXZJkWNqTp4TFydCthqNDER9pDEYjEQ9l7JR93mgotyrW05E0+VtOX3PAnDONzXNsNGNbFYdRrU69SrRlyTo0aElU9o3a0ZOSUad7XlK+iVpf2df8Ml3Y6ftH/tHf+F3bD/3Dt/P88/L/Hf+u8P+iT4Tt/2Lan/y8/pX/VWX/RRcR/8AhfH/AOUL8/uF/wCGTLz/AKOQ/aN/8Lm0/wDlTT/13pf9Enwp/wCG2p/8vF/qpU/6KTiL/wALY/8AysT/AIZMvu37SX7RwHp/wnNp/wDKn/P4Uf670v8Aok+FP/DbU/8Al4/9VZ/9FHxHfv8AXo/l7F/n91w/4ZNvx/zcn+0d/wCFzaf/ACoP8vyo/wBd6X/RJ8Kf+G2p/wDLxf6qVP8AopOIv/C2P/ysX/hk/UO37Sf7Ro/7ni0/+U6/z/L+I/13pf8ARJ8Kf+G2p/8ALw/1Uqf9FJxF/wCFsf8A5WNP7JupEgn9pX9o0lfuk+N7IkZ64P8AY3GeOlH+u9L/AKJLhR/902p/80L8/uD/AFVqf9FJxF/4Wx/+Vv8AL7xf+GTtSBDf8NK/tG7gCA3/AAm1iSAeoB/sbIBwMgDnjOMUf670f+iQ4TXpl1VflX/r7x/6rVX/AM1JxD/4Wwf50P6+SHH9lHVf+jl/2jh7/wDCbWX/AMpqP9d6P/RI8Kf+EFb/AOXi/wBVat/+Sl4ht2+t0/z9l/7b5eY3/hlDVv8Ao5n9o7/wtbL/AOU1P/Xag/8AmkeFf/DfVf51/wCvkilwtVW3EnEP/hbD/wCUr8/vshf+GUdX/wCjmP2jf/C1sf66NS/11w//AESHCn/huqf/AC8l8K1m2/8AWXiH/wAK6b/9xr+u9rif8Mo6x2/aa/aNX/udLDn/AMo1H+uuH/6JDhT/AMN1T/5eC4VrL/mpeIvli6a/OlL+u+8V/wCGUta/6Oc/aN/8LPTz/PSF/l+WRuP9dcP/ANEhwp/4bqn/AMvB8K12/wDkpuIf/Cum/wAqUfy+77X80n/BYn9k/wAf/s9/GzRP2ho7nxh8TPht4/0TStC8XfETXn/tjxNoPiLR7aLSrXT9dvraGGKPT5NMstPOlyyQRxuiSWglM0Cef93hc1wnHfBWM4dw/DvCc88yvESzDKcpx+Dn/ZuKvzzmqdNV4SjWn7SrFzVSXLJptcspOH8u/SS8Jcx4g4dxE8FChxFi4exxeBhxJF4vCSx2FpypKhWdN0nSlVw8nDD1m3GM/dkrOTPyauPH/g+3smvj4jilQIWSKKTfcSMBny0i2ht59DgenT5vxHCZPx7i8zjla8EOEKFV1fZzxGIyetTwlKN7OrOu8dyqmkr8yu3daO9j/MzA8C+JmMzeGT/8QW4ew9Z1VTqYnE5VUpYKjG+tapifrXJ7JLXmWr7SukfvV/wRg/Yt+JHjPQviL+0p4o8RfEH4Kaf43ez8O+AJvCNyNA8ReJ9B06aea/1XVWvrW4abSZLh7e20wrDF5r2txOrvC8e79u4q4kyrhnKci4PwvD/DGMqZZQ9rmNKlhJ/2fh8ZWSlUhhKarTcPflOTUpyaUknyvQ/1r8EfC/EcOcKYLDvGYjJVRwtKhGjkq+p4SdVuVXGToUqvtZRw8sROXsk5X+J3aaR+6v8Awyp4hP8AzdF+0cP+5v03+uk/5/KvhP8AXTCf9Ebwp/4Q1X+VaP5fdZ837X/qtiP+in4h/wDCumvyoy/P77vlRv2U/EDIyN+1B+0W6MpVlfxbpbqysMMrKdGbcpBIIOQRweMil/rphf8AojeE/wDwhrf/AC8P9VsR/wBFNxD/AOFdP9aK/P7ytZfsj6vpsC2unftL/tBWFspZlt7LxJo9rArMSzFYoNGjjBZiWYheSSTnrT/10wn/AERvCn/hDW/+Xi/1WxH/AEU/EX/hVR/+Vlofsq+JFzj9qP8AaMGTk48WaUMk9z/xJiSfcnP1o/10wn/RG8Kf+ENb/wCXh/qtiP8Aop+Iv/Cqj/8AKwX9lbxKudv7Un7Ri5JJ2+K9KGSTkk40bqTyT3P1o/1zwb/5o3hT/wAIay/Kv/XzYf6rYj/op+Iv/Cqj/wDKzyX48/sF+I/jN8HPiL8Lpv2nvjVeJ428M32ipaeMNYsNZ8LzzyhJbaPXtMt9Ntrm90w3MMP2uGCeKYx5aJt6qG8nPeIcFnGT5jlcuCuDKixuGnR5MZluIrYWUnrFV6UcVCU6XNFc0Yyi7ba6S/QPCnHY7w38R+DuOqXF/HeGlwznmFzN1+Hc3wuW57SpU3KFeeVY6thcRRw2OVGpP2FSrRnS57KolByZ+OHwJ/4JB/EP9nv9rX4F6B4i+OOgvJe6N408YaXrHwt0XVNE8ReG9N8FW1jpeIbrWRcQRvf3Pi+GGKZYpBFFBeI4zLE6rw8w08j4S4ux+N4S8OqFCni+FcBhMNkuTY7DUq8acs5ryp4pV8XL2joLknheRx5JSrOTlzRjH9y+kn485B4p53wrgeGuKvpAYjHYrCcc47PcT4icZZDnMZ4vNlwtRhisBHK8toeyVeOCxFPMo1V+/wCXA+z5fY1ZS/fnSv2ZfFGm6pp2oSftOftBajFYX9neyabf+JtLlsdQjtbiOd7K9jXSY2ktLpUMFyisrNDI6hlJBr0q3F+Cq0atL/U/hinKpTqU41qeFrxqUXODiqlNuu0pwb54Nr4kt7H8o0uG8TTq06j4l4gqKFSE3TqYqk6c1GSbhUXsdYStaSXLeLt5n1eBgAZJwAMnqcdz7nqa+JZ9ULQAUAf/1f7+KACgAoAKACgAoAKAOW8deNfDPw28E+MfiL411WDQvBvgHwt4h8a+Ldbut32bRvDPhXSbvXde1W52Bn8jTtKsLq7m2KzeXC20E4FAHxn+zD/wU3/Yj/bE8XHwB8APjjoXjHxs/hj/AITWw8LT2GsaFrGteDvOit/+Ep0G21qwsRrehCe4hi/tHTZLmDdKuCVJagD7wngguoJrW6hiuba5ikguLeeNJoJ4JkMcsM0UgaOWKWNmSSN1ZHRirAqSKabi1KLcZRacZJ2aa1TTVmmnqmnp5CaTTTSaaaaaumno009Gmt0/1Pyo+KX/AARa/YE+K3i+68aal8M9Z8LalqF499qNj4E8T3nhrRb65lcyzyTaXFDcRJ9olJeVITHGSzBUQHNfoGX+J/F+XYZYWnjqdeEY8kZYuiq9WMdklUck3ZaK8b972vL47GcB8N42s688JOlKUueUcPVdKEpPduHK1q9X+EVf3ftL9nf9lD4Bfsq+G5vDHwO+HejeDLS9ZJNV1C3j+063rMqcJJqurzg3d2UBOyPckCFmZIUZnZ/mM64hzfiCuq+a4yriZR0pwb5aVJdqdNe7H7r+cvs+9lmTZbk9J0svw0KClbnktalRrZzm9Zfgt9Fe8voqvFPUCgAoAKACgAoAKACgAoAKACgD550L9qz4BeJfAni34k6F8RtE1Lwb4F1q38P+K9Xt3kKaNq13qFjpdtbXcJQTL9ovdSsoopBG0beeCGOHVPMp5zltbDVsXTxVOVDDzVOtNX/dzcowipLfWU429fU/K8t8a/DHN+Gs84uy3izLsZkHDeYUsrzvHUXOUcvxtfFYbB0aVenZVF7XEYvDwhNR5Ze0TV7SR7J4g8OeF/Hfh660HxRomk+J/DWt2ipeaTrVhb6jpt9azoGUTWl1HJE/ysHjYrvjbDoyuAy+xh8RWw1SniMNWqUasGp06tKcoTi+jUlZr9eqex+muNDGYdc8IV8PXpxnyzipQnCaUotpprVNNafdY+LtH/4JhfsE6D4oTxhpn7Mnw3h1uG6F9bySWN5c2lvdh/M8+Kwub2Wz3Fzko9u8R6eWAAF+oq8d8XVqDw088xrpcvI0pxUpR2s5qMZbdU7+mjPEp8J8O063t45VhVUT5k3GTSe91FzcVr3Ul0s18P3RY2Fjpdnbadptna6fp9lBHbWdlZQRWtpa28KhIoLe3hVIoYY0ULHHGioigAAACvlJzlUlKc5SnObcpSk3KUpPdtu7bb3bf36n0MYxhFRjFRjFJRjFJJJbJJWSSXl9xbqRhQAUAFABQAUAfG8J/wCEn/buv5YP3lv8Kv2ddL0+7btBq3xJ8Z6rfvCOuGfSvC2mTMOG2uhIKlTX3sr4Pw3pRlpLOuKq1WC6yoZTl9Ckpeir42tFX7PsfHr/AGnjmclrHK+HqdOT/lq5jjKtRr1dLDUm9dmr2ujuv2of2s/gJ+xr8O9O+Kn7RXju0+H/AIJ1jxjofw/0jVLmzv8AUJdU8ZeJINSudD8PafY6bb3N5d6lqUOkai1rbwwu8ptmVQzlVb4I+wJ/2bf2rv2fv2uvBV98QP2efiXofxI8N6Rrl34Z16bSvtVvf+HfEmnrG99oGv6TqEFrqWkataLNE01ne20Miq6sAysDQB9D0AFAH//W/v23r6/pQAb19f0oAN6+v6UAG9fX9KADevr+lABvX1/SgA3r6/pQB8jf8FALG+1f9g79tnSdJsrzU9V1T9kb9pHTtN03T7Wa8v8AUNQvfg34ztrOxsbS3SS4ury7uJYoLa2gjkmnmkSKJGdlVgD+Xj/gkn8EfjT8Ef2w/wDgmT4o/antfFfj7Q/iF/wTF0bwp+zB4m0/4f3ng6y+A+v6dbaPrfjr4N/FC0sLAm+199ES0utG8ReJbmzkMVpNaG2+33DooB/aBvX1/SgA3r6/pQAb19f0oAN6+v6UAG9fX9KADevr+lABvX1/SgA3r6/pQAb19f0oAN6+v6UAG9fX9KADevr+lABvX1/SgA3r6/pQB/L/AKt8H/id8NP2Z/D/AI28FeE/Ed7pHx9uE+H3xd8KwaVqP23TfEfhb4x2/iHwV41k0wW5uY1n0PS7vR7iUW6oyiC4mc+YhX8jqYDGYXKaWIw9GrKnmT+rY6ioz5oVaWO9rQr8llJXpxlTfu22baumf4443gHjLhDwhyriHh7Is2xGB8TqkeF+Oclp4LE/WMJmuS8e0s04f4hnhFSdaKq5dg6+AqzVOMWlTqVJvmjI/pu0U7NH0lHBVl02xVlZSGVltYgVIOCCCMEEZB64r9Zp/wAOH+CP5H+wWXxccBgYyTUo4PDRkmrNNUYJpp6pp6NP9DS3r6/pVnYG9fX9KADevr+lABvX1/SgA3r6/pQAb19f0oAN6+v6UART3VvawTXNzNHb29vFJPcTzMscMMEKGSWWWRiqxxxxqzu7MqqqliQATVRjKcowhFynOSjGMU3KUpO0YxSu222kkldvRXFKUYxcpNRjFOUpN2UYpXbbdkklq2391j4y/ZIlk8e6v8cf2hp0kFl8X/iJLa+CZJUZGm+HHgCyg8H+F7tUbBEOrnTLzXICPleLU1kGd+a++44Syyhw5wtFr2mRZUp5ilZqObZnUlj8ZC/WVD21PDS7OjbofHcJt4+rnXEEk1DN8wcME3pzZdgIRwmGmlbRVfZzrLVpqpe7vc/OH/g4S8F/FDx7+zx+xPo/wc0+S88e2v8AwVD/AGP9W0i/k8M6l4r0bwzLZS/EFYPFPirSNLhmnk8K6JfXFnca5JJ5NuLQmKWeIzIW/Pz7I+yP+CdP7BusfsYW/wC0T40+IfxK034o/Gv9qn406t8bvixr3hnwvD4K8D2Wvahp1hpNvo3g7wtA7jT9Js7PTon8y4LXc88shldlVDQB+lG9fX9KADevr+lAH//X/vvyvqPzoAMr6j86ADK+o/OgAyvqPzoAMr6j86ADK+o/OgAyvqPzoAMr6j86AE+Xj7vHTpx9PT8KAFyvqPzoAMr6j86ADK+o/OgAyvqPzoAMr6j86ADK+o/OgAyvqPzoAMr6j86ADK+o/OgAyvqPzoAMr6j86ADK+o/OgAyvqPzoAMr6j86ADK+o/P8AwoAMr6j86ADK+o/OgAyvqPzoAMr6j86ADK+o/OgAyvqPzoA+QfgL4l1nwT8Tfij+zx421W+1O/0jU7v4j/DHWtXu3ubvxH8NPF1/cXX2UXE2HuLrwfrbX2gXaL/qLSLTpAAk6Ffu+JsLhsxyjJuKcuo0qNKvRhlWcYehBQhhc3wNOEOflimlDH4f2eKg21zTlVWriz5LIsTWwWZZnw9jas6lSjVnmGW1qsuaeIy7FzlPl5ndznhKznQmr+7CNOzal7319lfUfnXwh9afFP7RPjSb4q6/B+yb8O7u4uNW8bwCL41+I9HuGj/4Vv8ACm7/AHOvQtfwkra+LPFlk02jaHaF0uIYri5v5ERIkdv0HhXARyXDT42zSEIUcuk5cPYSvFP+1s7hrhpKnLWeCwNRRxGJqW5ZOMKS5nJo+M4hxks0rrhXL5ylVxsVHOcRRlb+zsrnpXXtFdQxWKg3SoweqUpTdrKR9beFPDOieCvDWheEvDlnDp2heHNLstH0qxgASK2sbCBLe3jVRkcRoMnOSck5zXxGNxmIzDF4nHYupKricXWqV61STu5VKsnOT+96LofV4XDUcFhqGEw8FToYelCjShFWUYU4qMV9y363OgJU9ccHPJzz/Q+9cp0BlfUfnQAZX1H50AGV9R+dAH//0P76KACgAoAKACgAoAKACgAoAKACgAoAKACgAoAKACgAoAKACgAoAKACgAoAKACgAoAKACgAoA+RP2u/BOfBcHxw8N6tN4Y+JnwLg1DxT4W162tluk1DTHSJde8H65ama2+3aBr8Eca3ELTbrW5hhvLcCaP5vueBsxtmEuHcXQjjMo4jlTweMw05uDpVlzPDY7Dz5Z+zxOGk24S5Jc8JSpy5YybPkuLcF/sSzvDVpYXMsjjUxWFrwjzKpTsvb4SvHmhz4fERSUld8skqkbOK5vlvVP20PiN8VZfg/wDDbwdY2Hwu1j4v6ZHNq3ji2mPijUdBhZIkul8PaXd2uk2kF5KJXa2vb24vfsbbGFtKybq+yocAZVkyz3NsfUqZzQyOry0MunH6nSxMvfcHiq0J1pyhHlSnTpxp+0V7zjdI+Zq8Y5jmksny3Bwp5ZWzimnVx0W8VUw8Wvf+r0pqlFTd/dnOUuR2912P0F+D/wAGPBfwW8PS6L4Vt7m4vtTuW1LxN4o1idtQ8TeK9Zm5uNW17VZcz3lzKxOxCwgt0PlQRogAr8wz7P8AMM/xar42cI0qMfY4PB0IKlhMFh4/DQw1GLcYQStd/FJq8mz77KMmweTYd0MLGUp1JuricTWl7TE4qs/iq16rblOb6bKK0SsketV4Z6oUAFABQAUAf//Z</file>
<file name="pdr_regularni.jpg" path="/" encoding="base64">/9j/4AAQSkZJRgABAQAASABIAAD/4QBMRXhpZgAATU0AKgAAAAgAAgESAAMAAAABAAEAAIdpAAQAAAABAAAAJgAAAAAAAqACAAQAAAABAAAAiaADAAQAAAABAAAAggAAAAD/4QkhaHR0cDovL25zLmFkb2JlLmNvbS94YXAvMS4wLwA8P3hwYWNrZXQgYmVnaW49Iu+7vyIgaWQ9Ilc1TTBNcENlaGlIenJlU3pOVGN6a2M5ZCI/PiA8eDp4bXBtZXRhIHhtbG5zOng9ImFkb2JlOm5zOm1ldGEvIiB4OnhtcHRrPSJYTVAgQ29yZSA1LjQuMCI+IDxyZGY6UkRGIHhtbG5zOnJkZj0iaHR0cDovL3d3dy53My5vcmcvMTk5OS8wMi8yMi1yZGYtc3ludGF4LW5zIyI+IDxyZGY6RGVzY3JpcHRpb24gcmRmOmFib3V0PSIiLz4gPC9yZGY6UkRGPiA8L3g6eG1wbWV0YT4gICAgICAgICAgICAgICAgICAgICAgICAgICAgICAgICAgICAgICAgICAgICAgICAgICAgICAgICAgICAgICAgICAgICAgICAgICAgICAgICAgICAgICAgICAgICAgICAgICAgICAgICAgICAgICAgICAgICAgICAgICAgICAgICAgICAgICAgICAgICAgICAgICAgICAgICAgICAgICAgICAgICAgICAgICAgICAgICAgICAgICAgICAgICAgICAgICAgICAgICAgICAgICAgICAgICAgICAgICAgICAgICAgICAgICAgICAgICAgICAgICAgICAgICAgICAgICAgICAgICAgICAgICAgICAgICAgICAgICAgICAgICAgICAgICAgICAgICAgICAgICAgICAgICAgICAgICAgICAgICAgICAgICAgICAgICAgICAgICAgICAgICAgICAgICAgICAgICAgICAgICAgICAgICAgICAgICAgICAgICAgICAgICAgICAgICAgICAgICAgICAgICAgICAgICAgICAgICAgICAgICAgICAgICAgICAgICAgICAgICAgICAgICAgICAgICAgICAgICAgICAgICAgICAgICAgICAgICAgICAgICAgICAgICAgICAgICAgICAgICAgICAgICAgICAgICAgICAgICAgICAgICAgICAgICAgICAgICAgICAgICAgICAgICAgICAgICAgICAgICAgICAgICAgICAgICAgICAgICAgICAgICAgICAgICAgICAgICAgICAgICAgICAgICAgICAgICAgICAgICAgICAgICAgICAgICAgICAgICAgICAgICAgICAgICAgICAgICAgICAgICAgICAgICAgICAgICAgICAgICAgICAgICAgICAgICAgICAgICAgICAgICAgICAgICAgICAgICAgICAgICAgICAgICAgICAgICAgICAgICAgICAgICAgICAgICAgICAgICAgICAgICAgICAgICAgICAgICAgICAgICAgICAgICAgICAgICAgICAgICAgICAgICAgICAgICAgICAgICAgICAgICAgICAgICAgICAgICAgICAgICAgICAgICAgICAgICAgICAgICAgICAgICAgICAgICAgICAgICAgICAgICAgICAgICAgICAgICAgICAgICAgICAgICAgICAgICAgICAgICAgICAgICAgICAgICAgICAgICAgICAgICAgICAgICAgICAgICAgICAgICAgICAgICAgICAgICAgICAgICAgICAgICAgICAgICAgICAgICAgICAgICAgICAgICAgICAgICAgICAgICAgICAgICAgICAgICAgICAgICAgICAgICAgICAgICAgICAgICAgICAgICAgICAgICAgICAgICAgICAgICAgICAgICAgICAgICAgICAgICAgICAgICAgICAgICAgICAgICAgICAgICAgICAgICAgICAgICAgICAgICAgICAgICAgICAgICAgICAgICAgICAgICAgICAgICAgICAgICAgICAgICAgICAgICAgICAgICAgICAgICAgICAgICAgICAgICAgICAgICAgICAgICAgICAgICAgICAgICAgICAgICAgICAgICAgICAgICAgICAgICAgICAgICAgICAgICAgICAgICAgICAgICAgICAgICAgICAgICAgICAgICAgICAgICAgICAgICAgICAgICAgICAgICAgICAgICAgICAgICAgICAgICAgICAgICAgICAgICAgICAgICAgICAgICAgICAgICAgICAgICAgICAgICAgICAgICAgICAgICAgICAgICAgICAgICAgICAgICAgICAgICAgICAgICAgICAgICAgICAgICAgICAgICAgICAgICAgICAgICAgICAgICAgICAgICAgICAgICAgICAgICAgICAgICAgICAgICAgICAgICAgICAgICAgICAgICAgICAgICAgICAgICAgICAgICAgICAgICAgICAgICAgICAgICAgICAgICAgICAgICAgICAgICAgICAgICAgICAgICAgICAgICAgICAgICAgICAgICAgICAgICAgICAgICAgICAgICAgICAgICAgICAgICAgICAgICAgICAgICAgICAgICAgICAgICAgICAgICAgICAgICAgICAgICAgICAgICAgICAgICAgICAgICAgICAgICAgICAgICAgICAgICAgICAgICAgICAgICAgICAgICAgICAgICAgICAgICAgICAgICAgICAgICAgICAgICAgICAgICAgICAgICAgICAgICAgICAgICAgICAgICAgICAgICAgICAgICAgICAgICAgICAgICAgICAgICAgICAgICAgICAgICAgICAgICAgICAgICAgICAgICAgICAgICAgICAgICAgICAgICAgICAgICAgICAgICAgICAgICAgICAgICAgICAgICAgICAgICAgICAgICAgICAgICAgICAgICAgICAgICAgICAgICAgICAgICAgICAgICAgICAgICAgICAgICAgICAgICAgICAgICAgICAgICAgICAgICAgICAgICAgICAgICAgICAgICAgICAgICAgICAgICAgICAgICAgICAgICAgICAgICAgICAgICAgICAgICAgICAgICAgICAgICA8P3hwYWNrZXQgZW5kPSJ3Ij8+AP/tADhQaG90b3Nob3AgMy4wADhCSU0EBAAAAAAAADhCSU0EJQAAAAAAENQdjNmPALIE6YAJmOz4Qn7/4htESUNDX1BST0ZJTEUAAQEAABs0YXBwbAIQAABtbnRyUkdCIFhZWiAH5AABAAEACAAyADRhY3NwQVBQTAAAAABBUFBMAAAAAAAAAAAAAAAAAAAAAAAA9tYAAQAAAADTLWFwcGwAAAAAAAAAAAAAAAAAAAAAAAAAAAAAAAAAAAAAAAAAAAAAAAAAAAAAAAAAAAAAABFkZXNjAAABUAAAAGJkc2NtAAABtAAABDZjcHJ0AAAF7AAAACN3dHB0AAAGEAAAABRyWFlaAAAGJAAAABRnWFlaAAAGOAAAABRiWFlaAAAGTAAAABRyVFJDAAAGYAAACAxhYXJnAAAObAAAACB2Y2d0AAAOjAAABhJuZGluAAAUoAAABj5jaGFkAAAa4AAAACxtbW9kAAAbDAAAAChiVFJDAAAGYAAACAxnVFJDAAAGYAAACAxhYWJnAAAObAAAACBhYWdnAAAObAAAACBkZXNjAAAAAAAAAAhEaXNwbGF5AAAAAAAAAAAAAAAAAAAAAAAAAAAAAAAAAAAAAAAAAAAAAAAAAAAAAAAAAAAAAAAAAAAAAAAAAAAAAAAAAAAAAAAAAAAAAAAAAAAAAAAAAAAAbWx1YwAAAAAAAAAjAAAADGhySFIAAAAUAAABtGtvS1IAAAAMAAAByG5iTk8AAAASAAAB1GlkAAAAAAASAAAB5mh1SFUAAAAUAAAB+GNzQ1oAAAAWAAACDGRhREsAAAAcAAACIm5sTkwAAAAWAAACPmZpRkkAAAAQAAACVGl0SVQAAAAUAAACZHJvUk8AAAASAAACeGVzRVMAAAASAAACeGFyAAAAAAAUAAACinVrVUEAAAAcAAACnmhlSUwAAAAWAAACunpoVFcAAAAMAAAC0HZpVk4AAAAOAAAC3HNrU0sAAAAWAAAC6npoQ04AAAAMAAAC0HJ1UlUAAAAkAAADAGZyRlIAAAAWAAADJG1zAAAAAAASAAADOmhpSU4AAAASAAADTHRoVEgAAAAMAAADXmNhRVMAAAAYAAADamVzWEwAAAASAAACeGRlREUAAAAQAAADgmVuVVMAAAASAAADknB0QlIAAAAYAAADpHBsUEwAAAASAAADvGVsR1IAAAAiAAADznN2U0UAAAAQAAAD8HRyVFIAAAAUAAAEAHB0UFQAAAAWAAAEFGphSlAAAAAMAAAEKgBMAEMARAAgAHUAIABiAG8AagBpzuy37AAgAEwAQwBEAEYAYQByAGcAZQAtAEwAQwBEAEwAQwBEACAAVwBhAHIAbgBhAFMAegDtAG4AZQBzACAATABDAEQAQgBhAHIAZQB2AG4A/QAgAEwAQwBEAEwAQwBEAC0AZgBhAHIAdgBlAHMAawDmAHIAbQBLAGwAZQB1AHIAZQBuAC0ATABDAEQAVgDkAHIAaQAtAEwAQwBEAEwAQwBEACAAYwBvAGwAbwByAGkATABDAEQAIABjAG8AbABvAHIgDwBMAEMARAAgBkUGRAZIBkYGKQQaBD4EOwRMBD4EQAQ+BDIEOAQ5ACAATABDAEQgDwBMAEMARAAgBeYF0QXiBdUF4AXZX2mCcgAgAEwAQwBEAEwAQwBEACAATQDgAHUARgBhAHIAZQBiAG4A/QAgAEwAQwBEBCYEMgQ1BEIEPQQ+BDkAIAQWBBoALQQ0BDgEQQQ/BDsENQQ5AEwAQwBEACAAYwBvAHUAbABlAHUAcgBXAGEAcgBuAGEAIABMAEMARAkwCQIJFwlACSgAIABMAEMARABMAEMARAAgDioONQBMAEMARAAgAGUAbgAgAGMAbwBsAG8AcgBGAGEAcgBiAC0ATABDAEQAQwBvAGwAbwByACAATABDAEQATABDAEQAIABDAG8AbABvAHIAaQBkAG8ASwBvAGwAbwByACAATABDAEQDiAOzA8cDwQPJA7wDtwAgA78DuAPMA70DtwAgAEwAQwBEAEYA5AByAGcALQBMAEMARABSAGUAbgBrAGwAaQAgAEwAQwBEAEwAQwBEACAAYQAgAEMAbwByAGUAczCrMOkw/ABMAEMARAAAdGV4dAAAAABDb3B5cmlnaHQgQXBwbGUgSW5jLiwgMjAyMAAAWFlaIAAAAAAAAPNSAAEAAAABFs9YWVogAAAAAAAAYWwAADgyAAAKQlhZWiAAAAAAAABvHAAArpUAABaZWFlaIAAAAAAAACZOAAAZOQAAslJjdXJ2AAAAAAAABAAAAAAFAAoADwAUABkAHgAjACgALQAyADYAOwBAAEUASgBPAFQAWQBeAGMAaABtAHIAdwB8AIEAhgCLAJAAlQCaAJ8AowCoAK0AsgC3ALwAwQDGAMsA0ADVANsA4ADlAOsA8AD2APsBAQEHAQ0BEwEZAR8BJQErATIBOAE+AUUBTAFSAVkBYAFnAW4BdQF8AYMBiwGSAZoBoQGpAbEBuQHBAckB0QHZAeEB6QHyAfoCAwIMAhQCHQImAi8COAJBAksCVAJdAmcCcQJ6AoQCjgKYAqICrAK2AsECywLVAuAC6wL1AwADCwMWAyEDLQM4A0MDTwNaA2YDcgN+A4oDlgOiA64DugPHA9MD4APsA/kEBgQTBCAELQQ7BEgEVQRjBHEEfgSMBJoEqAS2BMQE0wThBPAE/gUNBRwFKwU6BUkFWAVnBXcFhgWWBaYFtQXFBdUF5QX2BgYGFgYnBjcGSAZZBmoGewaMBp0GrwbABtEG4wb1BwcHGQcrBz0HTwdhB3QHhgeZB6wHvwfSB+UH+AgLCB8IMghGCFoIbgiCCJYIqgi+CNII5wj7CRAJJQk6CU8JZAl5CY8JpAm6Cc8J5Qn7ChEKJwo9ClQKagqBCpgKrgrFCtwK8wsLCyILOQtRC2kLgAuYC7ALyAvhC/kMEgwqDEMMXAx1DI4MpwzADNkM8w0NDSYNQA1aDXQNjg2pDcMN3g34DhMOLg5JDmQOfw6bDrYO0g7uDwkPJQ9BD14Peg+WD7MPzw/sEAkQJhBDEGEQfhCbELkQ1xD1ERMRMRFPEW0RjBGqEckR6BIHEiYSRRJkEoQSoxLDEuMTAxMjE0MTYxODE6QTxRPlFAYUJxRJFGoUixStFM4U8BUSFTQVVhV4FZsVvRXgFgMWJhZJFmwWjxayFtYW+hcdF0EXZReJF64X0hf3GBsYQBhlGIoYrxjVGPoZIBlFGWsZkRm3Gd0aBBoqGlEadxqeGsUa7BsUGzsbYxuKG7Ib2hwCHCocUhx7HKMczBz1HR4dRx1wHZkdwx3sHhYeQB5qHpQevh7pHxMfPh9pH5Qfvx/qIBUgQSBsIJggxCDwIRwhSCF1IaEhziH7IiciVSKCIq8i3SMKIzgjZiOUI8Ij8CQfJE0kfCSrJNolCSU4JWgllyXHJfcmJyZXJocmtyboJxgnSSd6J6sn3CgNKD8ocSiiKNQpBik4KWspnSnQKgIqNSpoKpsqzysCKzYraSudK9EsBSw5LG4soizXLQwtQS12Last4S4WLkwugi63Lu4vJC9aL5Evxy/+MDUwbDCkMNsxEjFKMYIxujHyMioyYzKbMtQzDTNGM38zuDPxNCs0ZTSeNNg1EzVNNYc1wjX9Njc2cjauNuk3JDdgN5w31zgUOFA4jDjIOQU5Qjl/Obw5+To2OnQ6sjrvOy07azuqO+g8JzxlPKQ84z0iPWE9oT3gPiA+YD6gPuA/IT9hP6I/4kAjQGRApkDnQSlBakGsQe5CMEJyQrVC90M6Q31DwEQDREdEikTORRJFVUWaRd5GIkZnRqtG8Ec1R3tHwEgFSEtIkUjXSR1JY0mpSfBKN0p9SsRLDEtTS5pL4kwqTHJMuk0CTUpNk03cTiVObk63TwBPSU+TT91QJ1BxULtRBlFQUZtR5lIxUnxSx1MTU19TqlP2VEJUj1TbVShVdVXCVg9WXFapVvdXRFeSV+BYL1h9WMtZGllpWbhaB1pWWqZa9VtFW5Vb5Vw1XIZc1l0nXXhdyV4aXmxevV8PX2Ffs2AFYFdgqmD8YU9homH1YklinGLwY0Njl2PrZEBklGTpZT1lkmXnZj1mkmboZz1nk2fpaD9olmjsaUNpmmnxakhqn2r3a09rp2v/bFdsr20IbWBtuW4SbmtuxG8eb3hv0XArcIZw4HE6cZVx8HJLcqZzAXNdc7h0FHRwdMx1KHWFdeF2Pnabdvh3VnezeBF4bnjMeSp5iXnnekZ6pXsEe2N7wnwhfIF84X1BfaF+AX5ifsJ/I3+Ef+WAR4CogQqBa4HNgjCCkoL0g1eDuoQdhICE44VHhauGDoZyhteHO4efiASIaYjOiTOJmYn+imSKyoswi5aL/IxjjMqNMY2Yjf+OZo7OjzaPnpAGkG6Q1pE/kaiSEZJ6kuOTTZO2lCCUipT0lV+VyZY0lp+XCpd1l+CYTJi4mSSZkJn8mmia1ZtCm6+cHJyJnPedZJ3SnkCerp8dn4uf+qBpoNihR6G2oiailqMGo3aj5qRWpMelOKWpphqmi6b9p26n4KhSqMSpN6mpqhyqj6sCq3Wr6axcrNCtRK24ri2uoa8Wr4uwALB1sOqxYLHWskuywrM4s660JbSctRO1irYBtnm28Ldot+C4WbjRuUq5wro7urW7LrunvCG8m70VvY++Cr6Evv+/er/1wHDA7MFnwePCX8Lbw1jD1MRRxM7FS8XIxkbGw8dBx7/IPci8yTrJuco4yrfLNsu2zDXMtc01zbXONs62zzfPuNA50LrRPNG+0j/SwdNE08bUSdTL1U7V0dZV1tjXXNfg2GTY6Nls2fHadtr724DcBdyK3RDdlt4c3qLfKd+v4DbgveFE4cziU+Lb42Pj6+Rz5PzlhOYN5pbnH+ep6DLovOlG6dDqW+rl63Dr++yG7RHtnO4o7rTvQO/M8Fjw5fFy8f/yjPMZ86f0NPTC9VD13vZt9vv3ivgZ+Kj5OPnH+lf65/t3/Af8mP0p/br+S/7c/23//3BhcmEAAAAAAAMAAAACZmYAAPKnAAANWQAAE9AAAApbdmNndAAAAAAAAAAAAAMBAAACAAAAVgEuAesCxAODBFMFQAYnBxoIGAkfCj0LTgxrDZAOuQ/sES0SZROjFOMWKhd5GL8aDxtXHKQd8x88IIQhzSMRJFIljSbLKAApMypmK5csyi33LygwUTGAMqsz1TUCNjE3XTiKObY64TwNPTg+YD+JQLFB3EMIRDZFY0aQR7hI3koBSyRMR01qTo9PtFDYUfhTFlQzVU9WbVeNWK5Zy1rhW/Bc9137XwBgCmEZYi1jQWRSZV9mZWdhaFNpPGogawFr4Gy/baBug29ocFBxOHIgcwhz73TWdb52qHeTeH55bHpZe0l8PX03fjZ/OYBBgUuCV4NlhHSFhYaUh6SIs4nAisyL1ozfjeeO7Y/ykPWR9pL1k/WU+pYElxWYLJlHmmObf5yYna6ev5/LoNSh2qLgo+mk9KYDpxWoKqlCqlyrd6yUrbKu0a/xsRGyM7NTtHO1kLapt7q4wbnDusC7u7y1va++qb+jwJ3BlcKKw3zEasVTxjbHGMf5yODJz8rGy8PMwc28zq/PmNBz0UPSDdLT05vUZtU11gXW19eo2HbZQNoG2sfbgNw13Ofdkd473uPfjeA74Ovhn+JS4wPjr+RV5PnllOYs5r/nUufk6IXpL+nk6qjrbuwz7PXtr+5j7xHvtfBQ8ObxfPIX8sbzj/Ru9WH2ZveK+OT6xf0u//8AAABWASMBsAJqAzID6ASxBYAGWAc9CC0JJwonCyIMMA06DlEPYxB+EZ8SvhPpFRAWOBdhGIgZtBreHAsdMx5bH4AgoSG/Itsj9SULJh8nNShJKWAqeSuTLLEtzC7oMAQxITI8M1o0dDWLNqQ3uTjNOeI69DwGPRs+MT9NQGxBj0KwQ9BE7UYIRx1IMklFSlVLY0xuTXhOfk+DUIVRhlKIU4pUjFWKVoRXeVhoWVRaRFs/XEZdWl53X5VgsGHCYspjxWS1ZZxme2dXaDBpDGnsatBrumypbZtuj2+CcHJxXHJAcx9z+3TVda12hndieEV5MHokex18GX0VfhB/Bn/2gOKByoKxg5WEd4VdhkqHRIhMiWGKgYuljMaN3o7uj/WQ95H1kvOT8JTtleyW7pf4mRCaOZtunKadzp7jn+mg5aHfotmj0aTIpb6mvKfKqO2qIatdrJyt2a8UsE6xiLLCs/m1LrZkt5u40roFuzS8X72Fvqa/vMC+warCkMN9xHfFgMaPx53Io8meyo7LdcxTzS3OBM7az7LQi9Fq0lHTRdRF1VHWYtd12ITZh9p922bcQ90a3ezeud+H4FjhLeII4ubjw+Sd5XHmQOcM59Too+l/6mnrZOxo7W3ucO9w8HDxcvJ283n0d/Vp9kf3D/ez+EX4y/la+e360PwM/dr//wAAACsAxAFLAdgCZQMGA48EKwTPBXoGLwbpB6UIaAkvCfkKygufDHcNUg4yDw4P9hDZEcASqROTFH0VZxZSFz0YKRkVGfwa6BvSHL4drh6jH5sgliGUIo8jhiR2JWEmRScgJ/gozCmfKnMrSCwhLQIt6S7XL8gwujGqMpgzgDRgNTk2BjbPN5U4WDkZOdk6nTtkPDI9Bj3ePrY/j0BoQURCJkMQRABE80XnRtZHu0iWSWVKJUrgS5hMT00HTcNOg09JUBhQ6lG+UpNTaFQ7VQ1V3latV3xYSlkVWd9aqFtvXDVc+V29XoBfQ2AIYNFhnGJrYzxkDGTaZadmcWc4Z/xov2mAakBrAGvAbIFtQ24EbsVvhXBBcPhxq3JZcwFzqXRPdPR1mHY8dt53gHgdeL15YHoWetp7q3yDfVh+KH72f8OAk4FngkSDKoQYhQuGAIb0h+OIzYmvioyLYYw0jQeN2o6wj4qQa5FHkhKSxpNbk+yUepVBlkKXiJkImoqb5J0ZnjKfOaA5oTWiL6MopCGlGaYRpwqoCakPqiGrPaxgrYeura/TsPyyKLNatJK10bcUuFm5nLrXvAW9Kb5Hv2LAf8Gewr7D38T/xiHHQ8hnyYzKscvWzP3OKc9b0JfR3tMy1I3V7tdT2LnaIduV3S/fDuF35Ivoee1O8vb5Uf//AABuZGluAAAAAAAABjYAAJOVAABWjQAAVukAAJG3AAAmuwAAFwoAAFANAABUOQACh64AAkeuAAFrhQADAQAAAgAAAAEABAAIAA8AFgAfACkANABAAEwAWgBpAHgAiQCaAKwAvgDSAOYA/AESASkBQAFZAXMBjQGpAcUB4wIBAiECQgJkAocCrALSAvoDIwNNA3oDqAPXBAgEOgRtBKME2QUSBUsFhgXDBgEGQAaABsIHBQdKB5AH2AghCGwIuQkHCVcJqAn6Ck0KoQr3C04LqAwEDGIMww0lDYkN7g5UDrwPJQ+REAAQcRDkEVkRzxJGEr0TOBO2FDoUwxVSFeMWdRcGF5YYJhi4GU4Z6BqIGzEb4xyfHWIeKx74H8YglSFkIjQjBiPbJLMljyZsJ0soKykNKfAq1Su7LJ4tfi5cLzkwFDDwMc0yqjOJNGg1SjYuNxU3/zjtOd460jvKPMU9xD7HP85A2kHoQvZEAEUGRghHCEgISQlKDEsUTCFNNE5OT25QlFG8UuVUDVU0VllXfVigWcRa51wLXTBeVl98YKRhzmL4ZCRlU2aFZ7xo+mpDa5ls+W5jb9JxRnK8dDR1r3cteLF6PHvQfW9/HIDWgpSETIX2h5SJLIrFjGWOFY/fkc2T3ZX/mCCaOZxMnl+geaKgpNqnLamgrDCu4LGhtF63C7muvF2/K8IfxUbIoswMzyjR9tSR1yjZ0dye35fi0uZg6fntEu+s8gD0MPY59//5ivq4+9T8u/2j/nD/N///AAAAAQAFAAoAEgAbACYAMgA/AE0AXABtAH4AkQCkALkAzwDlAP0BFgEvAUoBZgGDAaIBwQHiAgQCJwJMAnICmgLDAu8DHANLA3wDrwPkBBoEUgSLBMUFAQU9BXsFuwX8Bj8GgwbJBxAHWQelB/IIQQiTCOYJOwmTCewKRgqhCvwLWAu0DBIMcgzUDTkNoA4LDngO5w9ZD84QRhDAET4RvxJDEsoTUxPdFGoU+hWPFioWyxdxGBYYthlRGeYaeRsNG6QcQBzkHZEeSh8OH90gsyGOImkjQiQYJOslvSaQJ2YoQiklKhIrCCwFLQguDi8SMBExCDH5Mugz1zTKNcE2wTfKONs58jsOPDA9UT5pP3RAckFoQlhDR0Q5RTRGOEdHSF9JfkqhS8dM8E4bT0VQa1GGUpRTl1SVVZRWoFe/WPFaNVuAXM1eHl90YM9iI2NmZJVltWbOZ+Ro+2oWazNsVG12bppvwHDqchdzRnR2dad22ngQeU16j3vYfSZ+fX/jgWeDEITKhnSIBomHiwSMiI4bj8ORgpNYlUOXO5k7mzudOZ8poQSixqR2phunvaliqxWs3a7FsM+y9bUxt3y5y7wPvkTAcsKmxOnHQsmyzDHOnNDd0vTU8dbn2OPa6Nz03wHhCuMU5STnSOmW7DfvivOm92z5zvuE/MP99P75//8AAAACAAgAEQAeAC0APgBRAGYAfQCWALAAzADqAQkBKwFNAXIBmAHAAeoCFgJEAnQCpgLaAxEDSQOEA8AD/QQ7BHoEugT8BUEFigXXBikGgQbdBz4HoggICG8I1Ak5CZ0KAgpqCtULRAu7DDkMwQ1QDeYOgg8hD8AQXBD2EZASLRLNE24UDRSoFUIV3BZ5Fx4XzhiOGWIaQhsqHBQc+x3dHrgfkiBtIUwiMCMYJAYk+SXxJu8n8yj9Kg4rJCxALWAugC+dMLgx0zLzNBo1STaCN8M5DDpcO7A9Bz5gP75BIkKTRBZFrkdaSRFK0UyaTm9QVVIyU9pVWlbMWEhZ01tmXPheg2ABYXBi1WQ3ZZxnCWiBagpro21NbwBwt3JvdB51w3d1eWR77n6kgHmB1oL8hAKFCIYQhzOIc4nUi1WM6Y6IkC6R2ZOIlTuW8Zipml6cCp2nnzegvaI/o8ClRKbKqFCp1KtUrNCuRq+5sSiyl7QItX22/LiJuia70L2CvzbA6cKcxE/GBMe7yXPLK8zkzp7QWNIU09LVj9dK2P/arNxP3ejfdeD94oLkA+WC5wLog+oE63/s7u5G73nwnfGN8nXzRPP39Kr1TvXb9mj29vd29+n4XPjP+UP5q/oN+nD60vs1+5j78fxJ/KL8+/1U/a3+A/5Y/qz/Af9V/6r//wAAc2YzMgAAAAAAAQxCAAAF3v//8yYAAAeSAAD9kf//+6L///2jAAAD3AAAwGxtbW9kAAAAAAAABhAAAJzfAAAAAMoq1YAAAAAAAAAAAAAAAAAAAAAA/8AAEQgAggCJAwERAAIRAQMRAf/EAB8AAAEFAQEBAQEBAAAAAAAAAAABAgMEBQYHCAkKC//EALUQAAIBAwMCBAMFBQQEAAABfQECAwAEEQUSITFBBhNRYQcicRQygZGhCCNCscEVUtHwJDNicoIJChYXGBkaJSYnKCkqNDU2Nzg5OkNERUZHSElKU1RVVldYWVpjZGVmZ2hpanN0dXZ3eHl6g4SFhoeIiYqSk5SVlpeYmZqio6Slpqeoqaqys7S1tre4ubrCw8TFxsfIycrS09TV1tfY2drh4uPk5ebn6Onq8fLz9PX29/j5+v/EAB8BAAMBAQEBAQEBAQEAAAAAAAABAgMEBQYHCAkKC//EALURAAIBAgQEAwQHBQQEAAECdwABAgMRBAUhMQYSQVEHYXETIjKBCBRCkaGxwQkjM1LwFWJy0QoWJDThJfEXGBkaJicoKSo1Njc4OTpDREVGR0hJSlNUVVZXWFlaY2RlZmdoaWpzdHV2d3h5eoKDhIWGh4iJipKTlJWWl5iZmqKjpKWmp6ipqrKztLW2t7i5usLDxMXGx8jJytLT1NXW19jZ2uLj5OXm5+jp6vLz9PX29/j5+v/bAEMAAQEBAQEBAQEBAQEBAQEBAQEBAQEBAQEBAQEBAQEBAQEBAQEBAQEBAQEBAQEBAQEBAQEBAQEBAQEBAQEBAQEBAf/bAEMBAQEBAQEBAQEBAQEBAQEBAQEBAQEBAQEBAQEBAQEBAQEBAQEBAQEBAQEBAQEBAQEBAQEBAQEBAQEBAQEBAQEBAf/dAAQAEv/aAAwDAQACEQMRAD8A/v4oAKACgAoAKACgAoAKACgAoAKACgAoAKACgAoAKACgD//Q/v4oAKACgAoAKAPgbwP/AMFKP2W/iH+3b8Sv+Cc3hrX/ABVP+018J/AjfEXxfolz4Tv7XwrB4bjTwvJLJYeK3lNjfXkS+MdD8y0iiDqZ5Rk+S5oAX4x/8FKP2W/gT+2d8Bf2CviDr3iqz/aG/aR8Oz+KPhjpGneE77UvDV5pUEniqMvrHiWF/smkTu/gzXVignjdn8mHlfPTcAffFABQAUAFABQAUAFABQAUAFABQB//0f7+KACgAoAKACgD/PN+Lv7S/wC0j+yp/wAHR/7bnxL/AGWv2WPEf7X3xJu/gTb+Frr4V+F7trPUrPwvqegfBS91Pxc8quhNrpN7pWl2EqZ5fWIjg4yoBgeIf2qv2pP2tf8Ag5I/4JU+Of2r/wBkLxR+xr438P8AhXUfC+geAPFV497e+I/DEWnfHLVIvFsEju5W2m1PUtR0kICAJdLlPOaAP9FGgAoAKACgAoAKACgAoAKACgAoA//S/v4oAKACgAoAKAP5xv2fv+CZ/wC1B8Ov+Dhr9qb/AIKOeJNJ8IR/szfFb9n27+Hvg/V7TxZZXXiu58S3kHwhQW974VWIXtlbRP4K1oPdSSFMLbMBidaAF/bj/wCCaH7UHx5/4Lq/8E7P29/h/pPhC5/Z6/Zx+Gd34Z+J+q6n4sstO8TWOrfavjDNHFpXhmWJrvVoZV8baGBNbyIoL3WcfZm3gH5Xf8F+/wDgup8dv2X/AI7ax8GPgt4m1zwT4a8Ea7F4XmbwrJaWWv8AibxJpltbXniW9v8AVLuKbydM0y5uoLGzsYUHmsi3EjnzHWv1/LMBw3wtwvlnEGe5Z/bOOzupU+q4WcuWlRw8LPnWsU5KnKMm73bqJaKD5vzjHYvO+IM/x2T5TjnlmEyqEPrFeMb1KteV0o9+VyUklomoXe9pfr3/AMECP+CnHjz/AIKA/BrxPpfxVvn17xj4H0vwr4h07xXcQRW2o634Z8UpfQwW2tRwBYZda0q/0q8hu7qJUSaKW2byw+814/HWRZThcNkvEOR05YfLc+ozqLCSlzfVq8FCU4Rd37rVSK5fsyjJK6s5elwnm2YV6+aZNms41sdlNaNP6xFW9vSk5xjJ95J0272TakrpO5/QdX5wfahQAUAFABQAUAFABQAUAf/T/v4oAKACgAoAKACgAoA/jL/4L2/8EUvEX7RPxl0/45eAbDQ9b0L4peMdA0y60u4u4LLW9H+JXiBY9OkjtI7llj1Cx8VGz+0yzb4zY3CMrBkWIt+y8L4rJOLeH6fDefPF0a/D9HE5hhsVh1zRjl9FReI5l9lwg4wkm/eSi1ZxPzLPqGacO5xLO8pWHqUs4q0MFWoV3ZvG1m1Rt1fPNOSts3JPRn68f8ET/wDgmFq//BO34PeIV8dQ6NZfELxzb6DpsuhaJcC+tPDHhfw5HdNpelTaipMd5qMt3qF/d3ssQEaiWKEl3iZ6+Y414jy3NIZXk+RwrRybJaMqWGnW0nWnNRjOo4vVLlpwS5tW+Z6J8sfe4WyTG4CWPzLNZU5ZnmlVVK8aWsKUIuTjC+qcuacndacvKtLWP28r4E+vCgAoAKACgAoAKACgAoA//9T+/igAoAKACgAoAKACgD4z/bW/5FP4I/8AZz3wY/8ATpqNffeH3++8Rf8AZH5//wCmqJ8dxn/uuSf9lPkv/p2ofZlfAn2IUAFABQAUAFABQAUAFABQB//V/v4oAKAD/P8An/P86ACgAoAKAPBfCX7TPwX8c/Hz4u/sx+GfGNrqXxq+BegeAvE3xO8GpBOl14a0X4mabPq/gy8nndRBKur6fbS3EaxMzRqMPgnFAHlv7a3/ACKfwR/7Oe+DH/p01GvvvD7/AH3iL/sj8/8A/TVE+O4z/wB1yT/sp8l/9O1D7Mr4E+xCgAoAKACgAoAKACgAoAKAP//W/v4oAKAP48v+Dfn4y/ETxL/wU6/4L02PxE+I3jbxV4S+H3xc8P3Xh/R/EvifW9d0jwpp8HxF+PKXsfh7TNSvLm00eBrDSrSF7fTIraJ4rO2j8vESFqhCVScKcVeU5RhFd5SdkvvZM5KEZTlpGEXKT7KKu/wR+Pn7f3/Bxx+1Pon7Wqab4N8e+LvAng+HxDnQvDXhSewtNJ8PaA+ry2WmPq8U9vLJrmoT2ka3GqO7qksLlIkVxX7niqPBfBtTK+H8yyRZtjMbh8NUzLH1JWdD6y1FOkudWUP4nKk2o295t2j+UYarxRxNDH5zgs0/s7DYWtXhgsHBe7V9hrao0teZe65Svrd2Sfvf2KfsDf8ABUr4WfHj9mXwH43+NnjLSPCfxRWK70bxdZJpurPb39/pVw9rHrlslhY3UNvFrNskOoG1ErG2e4aEDCA185xH4ZZ5h83xMMhy+vjsrn7OrhaqqUFKEKsIz9jL2tSnJypOXJzW9613e95e3k3HeVVcuoSzfGUsLj1zU69NwqNSlTk4+0jyUpxSqW5rX0enRH2b/wANw/srn/mr2jf+CzxGP/cN/n8K8P8A4h1xp/0IsR/4Nwn/AMvPU/134X/6GtH/AMF1/wD5QfyKftR6z8VPFX/BTr/gr3+0N+zP+2Z4t/Zm02D9lT9nLxV8Ndf8AeH7DUL748/EL4V/BbUZtK+HUl1rlhNLoeiwa5Y32kau9xaWX22fWrKWK6EFm70f8Q640/6EWI/8G4T/AOXW/H5dQ/134X/6GtH/AMF1/wD5Qfnb/wAFFv8Agvr+1Frnwi/ZaTxLf6p4e1+z8CfDPWPFeh+HJbXSptS+NOheGNH1Hxx4rv7uJZ1jbSfEWo3VtoVtayNbpGfMO/e9foGCw+A8M8hwmPzfK5YzPc9WKwlbDznFQw+CtT+sYZuLcHzwnTU7SfNNuzUY2j8fia+L46zfEYTLcdHDZTlLoYmnXjBuVXFe/wCxrJSUWnGcZ8l4rlir/E7H9Jn/AARH/wCCxGn/ALRnwAv7X9qD4iRweJvD1t4f1nwx4v8AEFvdyat4k8N+JLa4kjs9WbSrC5jl1bRLy0uLe4uDDCs1tLakAuH2+XxPwJPNaeV59wdllWeBzfBwxFbB0504rB1XGLSXtZK0ZqWylK0oTfu3Sl6ORcWwy6WPynibMKcMXl2JlRp4qcJt4mmm1f8Adxm24tXu4q8JQu200frv8U/+ChX7Mngb4a+O/GGj/FLQNb1rw74U13VtD0SO11qOXWdctNOuJNG0mN7nS4LdX1LUxa2SmWWJAZ+SOleTkPhVxfmud5VluJyfFYbDYzMMLh8VinOg44fC1K0FicQ1CpKTVGh7So+WDfu/M6s98ReHMryXNcxw2ZYfFYnB5fisRhcLGNVSxOKp0ZvDYdOdKnFOtX9nSXNJJc2t9pfzF/sKftM/Fr4Cfta/BP4y/GX4veJ/EXw7/aJ0/wAbW/xJ0nXde8Qahpnw+k1jxFqw0NrjT7+SWwS6B03w7qcMmjxyiDS9ekgUDbsr+5fFbhThTi3w94n4a4ayPL8HnPB1bK5ZLiMJhMLRr5x9WwWG+tKnVpRjWlD9/jaEliJR56+EU29fd/iLwsz3jPhPj/hniPiTNcyxmT8X0czhnWHxeLxFWhlLxGLxCwrnSq1JUlNexwleEsOpctDFONk1yy/pV+Pn/BRv9nT4YfBf4meP/CPxH8P+K/FXhbwjq2p+GvDsVtranVteWAw6RayNNpcEa251Ca3e6LSofsyS7SX2iv4Qyzw14rxOYYOhjcnxWEwdTEU44nEylh2qNDmvUlaNZtvlTUbL4mtrs/ujHcdcPUsHiauEzKhicTCjN4ego1k6lW3uR96jFJc1m7taJn+ey/8AwXu/bKH7bTab/wALb8eDUU8VtYC9OssdBGoW1xLqEuhSeF/K/s9/DhkibS9gUXT27ZMoUhl/Q/rvB64jfAj4aw7winPL/wC0L2xP1yFKSlVbSnK3PFpTTvze89LHx7w3EjyRcWf23X+scscZ9Tf8B4ZzjywtdK/LK7VmnH3VsnP/AErv2VfjQf2iP2dfg78ansRplz8RvAfh/wAS3+nKSUstR1Cwhkv7aNj9+OG7MyRuOGQAjrX4lxBln9jZ1meVqftI4LGV6EJ7c0ITahJ7auNun3H6lk+O/tPK8Dj3HkeKw1KrKPaUormXyd+999L2P5Sv+DpTxD8TdY/ai/4JD/ALwl8Yfif8KPB/x5+O8/w88b3Hwz8Ya14R1C407xn8QfhX4Qur9ptGvrA3V5p2m6zdyaeLt5IYZjkKu+Qt456R85afH+0L/wAEcv8AguT+xf8Asb/BD9sr4wftS/Az9qTR7CT4l/Cv4teLJfGur+Fl1S88W6VM88s15qV1p15o8Xh638V2F2ZredtOe6tp4WglSWgD+8KgAoA//9f+/igAoA/zuf8AgmD/AMFLf2Pf+Cbv/BUv/gt3J+2L4z1TwRpfxm+OY0PwnDbeGtR106s3hf4kfGaTxHbXUNoA9qkVp4m0zBlGJluGCZ2NVRlKEozi7ShJSi10lF3T+TQpRUk4yV1JOLT6pqzXTdPv9xnfFH/ggfq/7ePjzwH+1j+yP9n+K/7OHxPuF8U/C3xpd6zF4UuLvwrPqs9/ZWHjXRdSj+12M2kTvJZTzoXS+hgxHtjZDX7bLiHgXiWOV5vxHLF4TN8toUaeJw9CDnSxjw7vDVW5oykr2SjLkfI7WcpflqybizI3j8uySOHxGW46rVnQrVZxVTCqsrTbUnpJJvXRKXvJM/tn/wCCf/7FPh39jT9mfwV8GdQTRvE/iez+1634x106fbzQXniTWJftN9FYtcxPN/Z2ngpp9iXO9ra2idwHYlvz3izijEcRZ1iMwoyrYXC2hRwtCNSUXDD0YqFPnUZRXPJLmnvaUrJtK8vsOHsgo5NldHB1o0sRXvOriKsoRlzVqj5p8rcZPlXwryjfVt8v2n/wi/hk9fDuhf8AgpsD/wC0P8/hXzf13F/9BWJ/8KKx7n1bDf8AQNQ/8FU//lZ4Nf8A7HX7MWp+LfjT46vvgv4LufFn7RHgnTfhx8Z9aexmFz498E6PoN94Y03QNURbpbe3tbTQdSvtNjk0yGxujDOzvO8qo6n13F/9BWJ/8KKwfVsN/wBA1D/wVT/+Vn8kf/BZ/wD4N7vC3izXvh3r37O/hzRdC+E+ra/4K+Hvhj4d6Xqz6NdeBfE2oWcOg2GnaRcX73b3fh3WYNLiknkuJ5LiwuE3TNKixFv2HhjH5LxhkUOHeJFiY1uH8Ni8zoY6i25vAYdQeIjKTu3NQcY8rXvqMJK8otS/Nc+wmZ8NZs85ySWH9lnWIw+ArYWqkorGV3JUXFbKLkpSUlblcpppKUUfuR/wRy/4JY2v/BPb4JarpPj+28O6t8RfGUWhWmoafZpBrGmeFvDvhu2mh0Tw/b31xEUvrqKa7v7u+v4VRJ5roRgFIUNfLcZ8W4fNJZdluQ/WMJk2TYf6thPenSqVrqMZVZqM7q8YRilJt+620pSk5fQcM8O1svjjcbm3scTmeZ1vb4n3Y1IUlq404NqS0c5uTirO9ldRXL5p/wAFxvE0l38OPgb+yP8ADDSdKtfiN+058UdH0lTYadawTweHtKvbW1X7XJbQrNDYXetapZ3c06N8kGhXRICK5r90+izl1OGdcVeIee1q1TJuBsixOIftas5xnjMRSqzfs1OfLKtTwuHq04Qd05YqmrptH4H9J/Mq08m4X8P8jpU4ZxxvnuGw6dKChKGEoVacEqjhBSjSqYqvTqSknpHC1HrZn5+ft3fsS/8ABQfwn+yt4f8AFPxM8VfA7WPAf7L1tomseHLD4aeEW0PxhpNjBLpGiJOdSjdm1GCy8vT7m+WdWG21a6OAj7v1/wAKPE3wdzDj7GYDJMu4mw+bcdzxWGxtXO8esVluIqzWIxTh7CSUaMqt60KTi/8Al4qaSuj8k8VPDjxiwHAmEx2d5nw3icq4GhhsTgqWS4J4TMcPSg8PhVP20W3WjTtRnVU7/wAPn0tJH9APwan+FX7f/wCxHoOv6t4b0Oz0n47fC+60jxMulaVp0NzoOuXlpLputR2MyWylLzQNcila2fcB9os0J+Ustfxtxtleb+GviFm2SLF4qpLIM2vhJVq1VxxOD5lWwlScXN3hicNOEmmvhn1sj+xOCM4yzxE4CyjPVhsPTWeZYvrUaVKmnh8XZ0sVShJQ0lh8RGcNH8UN9bn8nlx/warfFxf2s4/iDBrngeTwnJqpuJPiJ/bzobe0kL202ojwQ8RvJdfbTiybvP8As5u5DOSEZgn00eMuA/7QfFry7HriNQc/qX/MK8W6fs3X59ad5Xd3v7zdlJpx818M8WrBrh5Y3CPJXJKWJ/5iFh1UU1RSbUrK2iSadknZI/tw+Dnwu8OfBP4V+APhJ4RiaHw38PPCmi+E9HWTBlaz0axhs45ZmH3ppvK82Rjks7EnkkL+OZlj6+aZhjMxxLvXxmIq4ip25qk3JpLoleyWvq9z9MwOEpYDB4bBUValhaNOjDvy04qKb83a7P40f+Dr/wCHlt8Wv2xP+CMXwtvtV1zQNP8AiV8fZPAN7r/hq7m07xDolp4u+Jnwk0G61bQdRgeOaw1nTLfUHvtNvIXSW0vIYbiN1aMNXCdR+6v7C/8AwQk/Ym/YV+L8n7RPhofE34zftAjTpdK0/wCLPx18can8QPEWg2dxb/Zbn/hHm1Zpzplzc2u61luxPNP9lZreJoo2dWAP2joAKAP/0P7+KACgDw7W/wBmL9mzxLq2o6/4j/Z6+B3iDXdXu5r/AFbWtb+E3gLVdW1S+uHMlxe6jqV9oE95e3c8jNJNcXM0s0rsWkkZiWoA9W8O+GvDng/RbDw34S0DRPC/h3SoBbaXoPh3SrHRNF022Xlbew0vTYLaxs4FJJEVvBHGM8KMncAbdABQAUAfGf7a3/Ip/BH/ALOe+DH/AKdNRr77w+/33iL/ALI/P/8A01RPjuM/91yT/sp8l/8ATtQ+zK+BPsTm9U8G+Edc1fSfEGteFvDur69oJZtD1rU9F06+1XR2cksdL1C5tpruwLFmJNrLFyxPJYle2hmWY4XD4jB4bH4zD4TFpLFYWhia1LD4m23t6NOap1bWX8SMtltY4q+W5fisRh8XicDg8Ri8I28Lia+Go1cRh2739hWnF1KV7t+5Ja373NbU9M03WrC70rWNPstV0u/he2vtN1K0gvrC9t5BiSC6s7lJLe4hccPFKjo3cHArnoV6+FrU8Rhq1XD16M1UpV6FSdKrSnHadOpBxnCS6Si010OivQoYmjUw+Jo0sRQrRcKtGtThVpVIPeFSnNShOL6xkmn1Kfh/w34e8J6VbaF4W0LR/DeiWZkNppGhabZ6TplsZpHmmMFjYRQWsTTTO8srJEpkld5Hy7E1rjMbjMwxE8Xj8XicbiqnL7TE4uvUxFefJHljz1asp1JcsUoxu9IpJaIzwmCweX4eGFwOFw+CwtPm9nh8LRp4ehT5pOUuSlSjGnHmk3KVoq8m27t3NquU6QoA4nxT8NPhz451Lw5rPjXwD4M8X6x4PvhqnhPVfE/hfRNe1HwxqSyQzLf+H73VLK5udHvFmt7eYXOny28wmgglDb4Y2UA7agAoAKAP/9H+/igAoAKACgAoAKACgD4z/bW/5FP4I/8AZz3wY/8ATpqNffeH3++8Rf8AZH5//wCmqJ8dxn/uuSf9lPkv/p2ofZlfAn2IUAFABQAUAFABQAUAFABQB//S/v4oAKACgAoAKACgAoA/O7/gov8AF74W/CnwF8JNS+JHxA8L+DItO+Onw88Ypba5qKW+oapo3hO8vLrWjpFiqyXF9c28M8ZSJEVZGOwSBgdv6J4dYbF18fnUcNhMTifrHDua5fGVCk5whiMZCnGgqsrqMIScHeTem+p8XxtWw9PCZVKtiKFD2GeZdjZKrUUJSoYWc5VnTj70pyUZK0UtdtdOX6k+BP7RvwV/aW8Jv42+CPxA0Px74fgujY31xpFxun02+VA7Weo2kqx3FpcBWDbZYwrDlHccr8hm2SZpkeIWFzTB1cJWceaCqR92cduaE03Ga9Hp1sfS5dmmAzWi6+AxNPE04y5ZOD1hL+WUXZp/0r7ntteUd4UAFABQAUAFABQAUAFAH//T/v4oAKACgAoAKACgAoA/zvP+Ds7xn8edO/aI1u20G58Q2/h7SfC/w0tfCj6eLkm38JaloL3fiW70xI1YKJfGTXltfXUCmVSgid1VAF/aMsq4zA+FbxWQOcMfVzepDNKuGV8TToc9aMdY3nFOmsOvKMr6c1z8xx1PC4rj9Uc45JYSnl0ZZfTxDSozquFJytze7fndfe95RtuouP0D/wAGj/jL436t438T2HiyTXZvDmqfCHWb/wAUvfrOkbalpni/T7XwFd6hE6IkeoXej3GtrDIypNcwwsX3bAKnimpisZ4b8PYzO3J5x/aFSnQnXjbE1cG/rHvTTtK3JHDyba+0m7N2HkEKGG43znC5Xb+zfqcJ1oUnzUKeK/c2UbXinzSrxVpfZa0Ssf3hV+Mn6aFABQAUAFABQAUAFABQB//U/v4oAKACgAoAKAPjH/got8TPGvwa/YP/AGvPit8ONam8N+PfAH7PnxR8UeEPEFskb3WieINK8K6jcaZqtqsqvEbqwuljubcyI6LNFGzKwBFAH8hn/BOfwL/wcBftwfsB+D/29Pgp/wAFUNT1bxZ4nm+JS6P8CPij4asL/TdZu/h1401/wpFpMWs2mlWtpBc69LoRlhlvJFtoRcpDJjG+gD9Bf+CbXxi+E/8AwcJfs5+NPCn7c/wrt/C37Wn7JPjS5+GvxG1PwU76BPNHdmV7DV7IMk5h0/Vbizv4NS0CcPbWurWF5JaOsMq7/puHeLM44YnW/s2rB0cTb2+GxFNVsPUa0UnTbilNLTmvqrJ2subw854ey3PY01jacva0b+yr0ZezrQT3iprVxe9naz1V7yR/QP8Ask/sTfAD9irwdf8Ag/4HeFpdKTWriK68Q6/qt0dT8Ra9PbqyWw1DUnjjZrazR2SztI0jht0ZgqMzO7ZcQ8T5txNiIYjM66kqMXChQpRVOhQi91TprRN2XM3zN230sXk2Q5dkVGdLAUpRdWXNVq1Je0rVWtuebSbSu7K2nnc+ta+ePZCgAoAKACgAoAKACgAoA//V/v4oAKACgAoAKAPz1/4Kzf8AKMv9u3/s134wf+ofqVAH85f/AAQI/wCCq/7Bf7EH/BEP4NWX7QX7RfgHwl448C6r8ftZv/hidTF18QdQe8+L/jfWNG03TfD0Mb3E1/rdldWkunI7RpLHdRSFwmdoB2f/AAah/CL4k64n/BQH9vPxh4O1bwT4R/bE+N8d98NbDVoJrB9V8PeGtX8V6xc61Y6fMkbDT31LxbdabBeqgju306Qws8KI7AH9hdABQAUAFABQAUAFABQAUAFAH//W/v4oAKACgAoAKAOU8deBvCPxN8F+Kvh34+0DT/FXgjxx4f1Xwr4t8NatEZtM13w9rllNp2raVfRK8bPbX1lcTW8oSSNwjko6uAygH5n+Ev8Aghr/AMEj/A2rwa94W/YJ+AemarbSxTQ3TaDqd+EkhcSRt9n1PV721fa4DbXhKt0ZSOKAP1E0Hw/oXhXR9P8AD3hnRdK8PaDpNtFZaXouiafa6XpWnWkKhIray0+yigtbWCNQFSKGJUUdAMkUAa9ABQAUAFABQAUAFABQAUAFAH//1/7+KACgAoAKACgAoAKACgAoAKACgAoAKACgAoAKACgAoA//2Q==</file>
    </generalfeedback>
    <defaultgrade>3.0000000</defaultgrade>
    <penalty>0.0000000</penalty>
    <hidden>0</hidden>
    <idnumber></idnumber>
    <correctfeedback format="html">
      <text>Vaše odpověď je správná.</text>
    </correctfeedback>
    <partiallycorrectfeedback format="html">
      <text>Vaše odpověď je částečně správná.</text>
    </partiallycorrectfeedback>
    <incorrectfeedback format="html">
      <text>Vaše odpověď je chybná.</text>
    </incorrectfeedback>
    <shownumcorrect/>
<varsrandom><text></text>
</varsrandom>
<varsglobal><text>a11 = 5.5; a12 = -2; f1 = 0.5;
a21 = -2; a22 = 6; a23 = -2; f2 = 0.5;
a32 = -2; a33 = 6.5; f3 =-1.5;</text>
</varsglobal>
<answernumbering><text>abc</text>
</answernumbering>
<answers>
 <partindex>
  <text>0</text>
 </partindex>
 <placeholder>
  <text></text>
 </placeholder>
 <answermark>
  <text>1</text>
 </answermark>
 <answertype>
  <text>0</text>
 </answertype>
 <numbox>
  <text>4</text>
 </numbox>
 <vars1>
  <text></text>
 </vars1>
 <answer>
  <text>[4, -1,-1,(1+1/16)/4]</text>
 </answer>
 <vars2>
  <text></text>
 </vars2>
 <correctness>
  <text><![CDATA[_relerr < 0.01]]></text>
 </correctness>
 <unitpenalty>
  <text>1</text>
 </unitpenalty>
 <postunit>
  <text></text>
 </postunit>
 <ruleid>
  <text>1</text>
 </ruleid>
 <otherrule>
  <text></text>
 </otherrule>
 <subqtext format="html">
<text><![CDATA[<p>1. rovnice pro <b>regulární</b> uzel \(P_1\): {_0}U\(_1\)&nbsp; {_1}U\(_2\)&nbsp; {_2}U\(_3 =\) {_3}<br></p>]]></text>
 </subqtext>
 <feedback format="html">
<text></text>
 </feedback>
 <correctfeedback format="html">
<text></text>
 </correctfeedback>
 <partiallycorrectfeedback format="html">
<text></text>
 </partiallycorrectfeedback>
 <incorrectfeedback format="html">
<text></text>
 </incorrectfeedback>
</answers>
<answers>
 <partindex>
  <text>1</text>
 </partindex>
 <placeholder>
  <text></text>
 </placeholder>
 <answermark>
  <text>1</text>
 </answermark>
 <answertype>
  <text>10</text>
 </answertype>
 <numbox>
  <text>3</text>
 </numbox>
 <vars1>
  <text></text>
 </vars1>
 <answer>
  <text>[-1/4, 1+1/4, 9/16]</text>
 </answer>
 <vars2>
  <text></text>
 </vars2>
 <correctness>
  <text><![CDATA[_relerr < 0.01]]></text>
 </correctness>
 <unitpenalty>
  <text>1</text>
 </unitpenalty>
 <postunit>
  <text></text>
 </postunit>
 <ruleid>
  <text>1</text>
 </ruleid>
 <otherrule>
  <text></text>
 </otherrule>
 <subqtext format="html">
<text><![CDATA[<p>2. rovnice&nbsp; pro <b>neregulární</b> uzel \(P_2\): {_0}U\(_1 +\) {_1}U\(_2 =\) {_2}<br></p>]]></text>
 </subqtext>
 <feedback format="html">
<text></text>
 </feedback>
 <correctfeedback format="html">
<text></text>
 </correctfeedback>
 <partiallycorrectfeedback format="html">
<text></text>
 </partiallycorrectfeedback>
 <incorrectfeedback format="html">
<text></text>
 </incorrectfeedback>
</answers>
<answers>
 <partindex>
  <text>2</text>
 </partindex>
 <placeholder>
  <text></text>
 </placeholder>
 <answermark>
  <text>1</text>
 </answermark>
 <answertype>
  <text>10</text>
 </answertype>
 <numbox>
  <text>3</text>
 </numbox>
 <vars1>
  <text></text>
 </vars1>
 <answer>
  <text>[-2/3, 1+2/3, 0.25]</text>
 </answer>
 <vars2>
  <text></text>
 </vars2>
 <correctness>
  <text><![CDATA[_relerr < 0.01]]></text>
 </correctness>
 <unitpenalty>
  <text>1</text>
 </unitpenalty>
 <postunit>
  <text></text>
 </postunit>
 <ruleid>
  <text>1</text>
 </ruleid>
 <otherrule>
  <text></text>
 </otherrule>
 <subqtext format="html">
<text><![CDATA[<p>3. rovnice pro <b>neregulární</b> uzel \(P_3\): {_0}U\(_1 +\) {_1}U\(_3 =\){_2}<br></p>]]></text>
 </subqtext>
 <feedback format="html">
<text></text>
 </feedback>
 <correctfeedback format="html">
<text></text>
 </correctfeedback>
 <partiallycorrectfeedback format="html">
<text></text>
 </partiallycorrectfeedback>
 <incorrectfeedback format="html">
<text></text>
 </incorrectfeedback>
</answers>
    <hint format="html">
      <text><![CDATA[<p>--<br></p>]]></text>
    </hint>
    <hint format="html">
      <text><![CDATA[<p>--<br></p>]]></text>
    </hint>
  </question>

<!-- question: 136772  -->
  <question type="formulas">
    <name>
      <text>Laplace 3</text>
    </name>
    <questiontext format="html">
      <text><![CDATA[<p>V oblasti \( \Omega\) platí <img src="@@PLUGINFILE@@/om_pdr6.jpg" alt="" role="presentation" class="img-responsive atto_image_button_right" width="300" height="296"><br></p><p>$$ -\Delta u = x,$$ na hranici oblasti \(\Omega\), kterou tvoří čtyřúhelník ABCD je zadána okrajová podmínka \(u(x,y) = y\). <br></p><p>$$\begin{array}{ccl}A &amp;=&amp; [0,\ 0]\\B&amp;=&amp;[0.9,\ 0] \\C&amp;=&amp;[0.6,\ 1.2] \\ D&amp;=&amp;[0,\ 1.2]\end{array}$$<br></p><p>Je zvolen krok \(h=0.3\). Doplňte soustavu lineárních rovnic pro řešení této úlohy metodou sítí.</p><p>Je použito označení a číslování uzlů sítě podle obrázku, tj. neznámé \(U_1,\ U_2,\ U_3,\ U_4,\ U_5,\ U_6\) odpovídají hledaným hodnotám aproximace řešení v bodech \(P_1,\ P_2,\ P_3,\ P_4,\ P_5,\ P_6\). <br></p>]]></text>
<file name="om_pdr5.jpg" path="/" encoding="base64">/9j/4AAQSkZJRgABAQAAlgCWAAD/4QB0RXhpZgAATU0AKgAAAAgABAEaAAUAAAABAAAAPgEbAAUAAAABAAAARgEoAAMAAAABAAIAAIdpAAQAAAABAAAATgAAAAAAAACWAAAAAQAAAJYAAAABAAKgAgAEAAAAAQAAA02gAwAEAAAAAQAAA0kAAAAA/+0AOFBob3Rvc2hvcCAzLjAAOEJJTQQEAAAAAAAAOEJJTQQlAAAAAAAQ1B2M2Y8AsgTpgAmY7PhCfv/iAkBJQ0NfUFJPRklMRQABAQAAAjBBREJFAhAAAG1udHJSR0IgWFlaIAfQAAgACwATADMAO2Fjc3BBUFBMAAAAAG5vbmUAAAAAAAAAAAAAAAAAAAAAAAD21gABAAAAANMtQURCRQAAAAAAAAAAAAAAAAAAAAAAAAAAAAAAAAAAAAAAAAAAAAAAAAAAAAAAAAAAAAAACmNwcnQAAAD8AAAAMmRlc2MAAAEwAAAAa3d0cHQAAAGcAAAAFGJrcHQAAAGwAAAAFHJUUkMAAAHEAAAADmdUUkMAAAHUAAAADmJUUkMAAAHkAAAADnJYWVoAAAH0AAAAFGdYWVoAAAIIAAAAFGJYWVoAAAIcAAAAFHRleHQAAAAAQ29weXJpZ2h0IDIwMDAgQWRvYmUgU3lzdGVtcyBJbmNvcnBvcmF0ZWQAAABkZXNjAAAAAAAAABFBZG9iZSBSR0IgKDE5OTgpAAAAAAAAAAAAAAAAAAAAAAAAAAAAAAAAAAAAAAAAAAAAAAAAAAAAAAAAAAAAAAAAAAAAAAAAAAAAAAAAAAAAAAAAAAAAAAAAAAAAAAAAAABYWVogAAAAAAAA81EAAQAAAAEWzFhZWiAAAAAAAAAAAAAAAAAAAAAAY3VydgAAAAAAAAABAjMAAGN1cnYAAAAAAAAAAQIzAABjdXJ2AAAAAAAAAAECMwAAWFlaIAAAAAAAAJwYAABPpQAABPxYWVogAAAAAAAANI0AAKAsAAAPlVhZWiAAAAAAAAAmMQAAEC8AAL6c/8AAEQgDSQNNAwERAAIRAQMRAf/EAB8AAAEFAQEBAQEBAAAAAAAAAAABAgMEBQYHCAkKC//EALUQAAIBAwMCBAMFBQQEAAABfQECAwAEEQUSITFBBhNRYQcicRQygZGhCCNCscEVUtHwJDNicoIJChYXGBkaJSYnKCkqNDU2Nzg5OkNERUZHSElKU1RVVldYWVpjZGVmZ2hpanN0dXZ3eHl6g4SFhoeIiYqSk5SVlpeYmZqio6Slpqeoqaqys7S1tre4ubrCw8TFxsfIycrS09TV1tfY2drh4uPk5ebn6Onq8fLz9PX29/j5+v/EAB8BAAMBAQEBAQEBAQEAAAAAAAABAgMEBQYHCAkKC//EALURAAIBAgQEAwQHBQQEAAECdwABAgMRBAUhMQYSQVEHYXETIjKBCBRCkaGxwQkjM1LwFWJy0QoWJDThJfEXGBkaJicoKSo1Njc4OTpDREVGR0hJSlNUVVZXWFlaY2RlZmdoaWpzdHV2d3h5eoKDhIWGh4iJipKTlJWWl5iZmqKjpKWmp6ipqrKztLW2t7i5usLDxMXGx8jJytLT1NXW19jZ2uLj5OXm5+jp6vLz9PX29/j5+v/bAEMAAQEBAQEBAQEBAQEBAQEBAQEBAQEBAQEBAQEBAQEBAQEBAQEBAQEBAQEBAQEBAQEBAQEBAQEBAQEBAQEBAQEBAf/bAEMBAQEBAQEBAQEBAQEBAQEBAQEBAQEBAQEBAQEBAQEBAQEBAQEBAQEBAQEBAQEBAQEBAQEBAQEBAQEBAQEBAQEBAf/dAAQAav/aAAwDAQACEQMRAD8A/v4oAKACgAoAKACgAoAKACgAoAKACgAoAKACgAoAKACgAoAKACgAoAKACgAoAKACgAoAKACgAoAKACgAoAKACgAoAKACgAoAKACgAoAKACgAoAKACgAoAKACgAoAKACgAoAKACgAoAKACgAoAKACgAoAKACgAoAKACgAoAKACgAoAKACgAoAKACgAoAKACgAoAKACgAoAKACgAoAKACgAoAKACgAoAKACgAoAKACgAoAKACgAoAKACgAoA//0P7+KACgAoAKACgAoAKACgAoAKACgAoAKACgAoAKACgAoAKACgAoAKACgAoAKACgAoAKACgAoAKACgAoAKACgAoAKACgAoAKACgAoAKACgAoAKACgAoAKACgAoAKACgAoAKACgAoAKACgAoAKACgAoAKACgAoAKACgAoAKACgAoAKACgAoAKACgAoAKACgAoAKACgAoAKACgAoAKACgAoAKACgAoAKACgAoAKACgAoAKACgAoAKACgAoAKAP/9H+/igAoAKACgAoAKACgAoAKACgAoAKACgAoAKACgAoAKACgAoAKACgAoAKACgAoAKACgAoAKACgAoAKACgAoAKACgAoAKACgAoAKACgAoAKACgAoAKACgAoAKACgAoAKACgAoAKACgAoAKACgAoAKACgAoAKACgAoAKACgAoAKACgAoAKACgAoAKACgAoAKACgAoAKACgAoAKACgAoAKACgAoAKACgAoAKACgAoAKACgAoAKACgAoAKACgD//S/v4oAKACgAoAKACgAoAKACgAoAKACgAoAKACgAoAKACgAoAKACgAoAKACgAoAKACgAoAKACgAoAKACgAoAKACgAoAKACgAoAKACgAoAKACgAoAKACgAoAKACgAoAKACgAoAKACgAoAKACgAoAKACgAoAKACgAoAKACgAoAKACgAoAKACgAoAKACgAoAKACgAoAKACgAoAKACgAoAKACgAoAKACgAoAKACgAoAKACgAoAKACgAoAKACgAoA//0/7+KACgAoAKACgAoAKACgAoAKACgAoA+Wv2yv2yPgV+wV8AvE/7S/7R+u6z4b+E3g/U/DGk69q+g+HNW8V6la3Pi3X7Hw5pTR6JokFzqVzCNQ1GBrp7eCV4bdZZBHI6ojAH4t/8RZP/AARQ/wCi+/Ev/wAR8+MX/wAylAB/xFk/8EUP+i+/Ev8A8R8+MX/zKUAH/EWT/wAEUP8AovvxL/8AEfPjF/8AMpQAf8RZP/BFD/ovvxL/APEfPjF/8ylAB/xFk/8ABFD/AKL78S//ABHz4xf/ADKUAH/EWT/wRQ/6L78S/wDxHz4xf/MpQAf8RZP/AARQ/wCi+/Ev/wAR8+MX/wAylAB/xFk/8EUP+i+/Ev8A8R8+MX/zKUAH/EWT/wAEUP8AovvxL/8AEfPjF/8AMpQAf8RZP/BFD/ovvxL/APEfPjF/8ylAB/xFk/8ABFD/AKL78S//ABHz4xf/ADKUAH/EWT/wRQ/6L78S/wDxHz4xf/MpQAf8RZP/AARQ/wCi+/Ev/wAR8+MX/wAylAB/xFk/8EUP+i+/Ev8A8R8+MX/zKUAH/EWT/wAEUP8AovvxL/8AEfPjF/8AMpQAf8RZP/BFD/ovvxL/APEfPjF/8ylAB/xFk/8ABFD/AKL78S//ABHz4xf/ADKUAH/EWT/wRQ/6L78S/wDxHz4xf/MpQAf8RZP/AARQ/wCi+/Ev/wAR8+MX/wAylAB/xFk/8EUP+i+/Ev8A8R8+MX/zKUAH/EWT/wAEUP8AovvxL/8AEfPjF/8AMpQAf8RZP/BFD/ovvxL/APEfPjF/8ylAB/xFk/8ABFD/AKL78S//ABHz4xf/ADKUAH/EWT/wRQ/6L78S/wDxHz4xf/MpQAf8RZP/AARQ/wCi+/Ev/wAR8+MX/wAylAB/xFk/8EUP+i+/Ev8A8R8+MX/zKUAH/EWT/wAEUP8AovvxL/8AEfPjF/8AMpQAf8RZP/BFD/ovvxL/APEfPjF/8ylAB/xFk/8ABFD/AKL78S//ABHz4xf/ADKUAH/EWT/wRQ/6L78S/wDxHz4xf/MpQAf8RZP/AARQ/wCi+/Ev/wAR8+MX/wAylAB/xFk/8EUP+i+/Ev8A8R8+MX/zKUAH/EWT/wAEUP8AovvxL/8AEfPjF/8AMpQAf8RZP/BFD/ovvxL/APEfPjF/8ylAB/xFk/8ABFD/AKL78S//ABHz4xf/ADKUAH/EWT/wRQ/6L78S/wDxHz4xf/MpQAf8RZP/AARQ/wCi+/Ev/wAR8+MX/wAylAEcv/B2Z/wRTjQunx3+KFwwIxFF+z78XA7ZOCQbjw1bxfKOTmUHHQMeKACL/g7M/wCCKUkau/x4+J8DNnMUv7PvxdMiYJA3GDwzPFyBuGyV+CM7WyqgEn/EWT/wRQ/6L78S/wDxHz4xf/MpQAf8RZP/AARQ/wCi+/Ev/wAR8+MX/wAylAB/xFk/8EUP+i+/Ev8A8R8+MX/zKUAH/EWT/wAEUP8AovvxL/8AEfPjF/8AMpQAf8RZP/BFD/ovvxL/APEfPjF/8ylAB/xFk/8ABFD/AKL78S//ABHz4xf/ADKUAH/EWT/wRQ/6L78S/wDxHz4xf/MpQAf8RZP/AARQ/wCi+/Ev/wAR8+MX/wAylAB/xFk/8EUP+i+/Ev8A8R8+MX/zKUAH/EWT/wAEUP8AovvxL/8AEfPjF/8AMpQAf8RZP/BFD/ovvxL/APEfPjF/8ylAB/xFk/8ABFD/AKL78S//ABHz4xf/ADKUAH/EWT/wRQ/6L78S/wDxHz4xf/MpQAf8RZP/AARQ/wCi+/Ev/wAR8+MX/wAylAB/xFk/8EUP+i+/Ev8A8R8+MX/zKUAH/EWT/wAEUP8AovvxL/8AEfPjF/8AMpQAf8RZP/BFD/ovvxL/APEfPjF/8ylAB/xFk/8ABFD/AKL78S//ABHz4xf/ADKUAH/EWT/wRQ/6L78S/wDxHz4xf/MpQAf8RZP/AARQ/wCi+/Ev/wAR8+MX/wAylAB/xFk/8EUP+i+/Ev8A8R8+MX/zKUAH/EWT/wAEUP8AovvxL/8AEfPjF/8AMpQB96fsG/8ABar/AIJy/wDBSXxv4l+GP7Knx3/4Sf4l+FtG/wCElvPAHi/wd4w+HPijU/DiSrBd654YsfGmi6RH4qsdKneKLW18P3F/eaGtxaXGr2lnZ31lc3AB+qtABQAUAFABQAUAFABQAUAFABQAUAFABQAUAFABQAUAFABQAUAFABQAUAFABQAUAFABQAUAFAH/1P7+KACgAoAKACgAoAKACgAoAKACgAoA/nM/4Osv+UKn7Rn/AGOvwM/9Wz4XoA6T/gi3+wb+w38Q/wDglL+wV438f/sY/soeOfGnif8AZx8Cav4l8X+MP2dvhB4m8UeIdVurWVrnU9c1/WvB97q2rahcMAZ72/u7i5lIzJK38IB+nn/Dtr/gnZ/0YP8AsWf+ItfAz/5haAD/AIdtf8E7P+jB/wBiz/xFr4Gf/MLQAf8ADtr/AIJ2f9GD/sWf+ItfAz/5haAD/h21/wAE7P8Aowf9iz/xFr4Gf/MLQAf8O2v+Cdn/AEYP+xZ/4i18DP8A5haAD/h21/wTs/6MH/Ys/wDEWvgZ/wDMLQAf8O2v+Cdn/Rg/7Fn/AIi18DP/AJhaAD/h21/wTs/6MH/Ys/8AEWvgZ/8AMLQAf8O2v+Cdn/Rg/wCxZ/4i18DP/mFoAP8Ah21/wTs/6MH/AGLP/EWvgZ/8wtAB/wAO2v8AgnZ/0YP+xZ/4i18DP/mFoAP+HbX/AATs/wCjB/2LP/EWvgZ/8wtAB/w7a/4J2f8ARg/7Fn/iLXwM/wDmFoAP+HbX/BOz/owf9iz/AMRa+Bn/AMwtAB/w7a/4J2f9GD/sWf8AiLXwM/8AmFoAP+HbX/BOz/owf9iz/wARa+Bn/wAwtAB/w7a/4J2f9GD/ALFn/iLXwM/+YWgA/wCHbX/BOz/owf8AYs/8Ra+Bn/zC0AH/AA7a/wCCdn/Rg/7Fn/iLXwM/+YWgA/4dtf8ABOz/AKMH/Ys/8Ra+Bn/zC0AH/Dtr/gnZ/wBGD/sWf+ItfAz/AOYWgA/4dtf8E7P+jB/2LP8AxFr4Gf8AzC0AH/Dtr/gnZ/0YP+xZ/wCItfAz/wCYWgA/4dtf8E7P+jB/2LP/ABFr4Gf/ADC0AH/Dtr/gnZ/0YP8AsWf+ItfAz/5haAD/AIdtf8E7P+jB/wBiz/xFr4Gf/MLQAf8ADtr/AIJ2f9GD/sWf+ItfAz/5haAD/h21/wAE7P8Aowf9iz/xFr4Gf/MLQAf8O2v+Cdn/AEYP+xZ/4i18DP8A5haAD/h21/wTs/6MH/Ys/wDEWvgZ/wDMLQAf8O2v+Cdn/Rg/7Fn/AIi18DP/AJhaAD/h21/wTs/6MH/Ys/8AEWvgZ/8AMLQAf8O2v+Cdn/Rg/wCxZ/4i18DP/mFoAP8Ah21/wTs/6MH/AGLP/EWvgZ/8wtAB/wAO2v8AgnZ/0YP+xZ/4i18DP/mFoAP+HbX/AATs/wCjB/2LP/EWvgZ/8wtAH8/H/Bz3+xb+x18Gf+CPXx48ffB/9k39mj4U+O9M8ffAe103xr8NvgR8LfA3i3T7bU/i94TsNSt7HxH4X8K6XrFpBqFjPPZX0MF5HHd2k0ttcLJDI6MAeq/8G6H7EH7FvxZ/4Iy/sV/EL4qfshfsvfEzx94i0j40yeIPHHxA+APwo8ZeL9dk079pH4xaRp76x4l8R+E9S1rU3sdJ0+w0uza9vZzbadZWllB5dtbQxIAftl/w7a/4J2f9GD/sWf8AiLXwM/8AmFoAP+HbX/BOz/owf9iz/wARa+Bn/wAwtAB/w7a/4J2f9GD/ALFn/iLXwM/+YWgA/wCHbX/BOz/owf8AYs/8Ra+Bn/zC0AH/AA7a/wCCdn/Rg/7Fn/iLXwM/+YWgA/4dtf8ABOz/AKMH/Ys/8Ra+Bn/zC0AH/Dtr/gnZ/wBGD/sWf+ItfAz/AOYWgA/4dtf8E7P+jB/2LP8AxFr4Gf8AzC0AH/Dtr/gnZ/0YP+xZ/wCItfAz/wCYWgA/4dtf8E7P+jB/2LP/ABFr4Gf/ADC0AH/Dtr/gnZ/0YP8AsWf+ItfAz/5haAD/AIdtf8E7P+jB/wBiz/xFr4Gf/MLQAf8ADtr/AIJ2f9GD/sWf+ItfAz/5haAD/h21/wAE7P8Aowf9iz/xFr4Gf/MLQAf8O2v+Cdn/AEYP+xZ/4i18DP8A5haAD/h21/wTs/6MH/Ys/wDEWvgZ/wDMLQAf8O2v+Cdn/Rg/7Fn/AIi18DP/AJhaAD/h21/wTs/6MH/Ys/8AEWvgZ/8AMLQAf8O2v+Cdn/Rg/wCxZ/4i18DP/mFoAP8Ah21/wTs/6MH/AGLP/EWvgZ/8wtAB/wAO2v8AgnZ/0YP+xZ/4i18DP/mFoA8z+Mn/AASF/wCCZfxw+F3jj4TeKf2Hf2YfD+hePNAvNBvfEHw4+B/ww+HPj3QTchWtdb8H+OPCPhTTPEPhrxBpN3HBf6ZqWn3a7Lm3SK8gvbCW6spwD/L8/wCCmP8AwTO/bI/4IG/tkeCvHngPxr4vtvBVt4vk8Y/snftY+DopNJk1CTSZHuR4a8Sm3SXTtD+I+h6dM2n+MfB2oLPonivRLi6vLK21Twrqt7ZW4B/f9/wQa/4Ly/DD/gq98MIvhr8SpfD/AMN/24Phv4fiuPiN8OLeVbHRfihotgsNtcfFn4TW9zK8txo9xK8TeLvCKzXOp+BdTukSRrzw9e6Rq90Af0SUAFABQAUAFABQAUAFABQAUAFABQAUAFABQAUAFABQAUAFABQAUAFABQAUAFABQAUAFABQB//V/v4oAKACgAoAKACgAoAKACgAoAKACgD+cz/g6y/5QqftGf8AY6/Az/1bPhegD7T/AOCFf/KH3/gnd/2bD8Pf/SSWgD9YKACgAoAKACgAoAKACgAoAKACgAoAKACgAoAKACgAoAKACgAoAKACgAoAKACgAoAKACgAoAKACgAoAKACgAoA/m8/4OxP+UJv7Q3/AGUX9nn/ANXT4OoA9f8A+DZD/lBt+wl/2Bfjr/61D8bqAP3koAKACgAoAKACgAoAKACgAoAKACgAoAKACgAoAKACgAoAKACgAoA+b/2tP2S/gL+2/wDAbx1+zd+0j4F0/wAf/C3x9p5ttQ0+5CwaroeqwK7aP4u8I6ysb3fhvxh4bu3F/oOvWG25s7hWilW4sLm9tJwD/Ju/4KY/8Ezv2yP+CBv7ZHgrx54D8a+MLbwVbeMJfGP7J37WPg6N9Kl1CXSZGuR4a8Stbxy6dofxH0PTpmsPGPg6/WfRPFmhz3V7Z2uqeFtVvbK1AP7/AH/gg1/wXl+GH/BV74YRfDX4lS+H/hv+3B8N/D8Vx8RvhxbyrY6L8UNFsFhtrj4s/Ca3uZXluNHuJXibxd4RWa51PwLqd0iSNeeHr3SNXugD+iSgAoAKACgAoAKACgAoAKACgAoAKACgAoAKACgAoAKACgAoAKACgAoAKACgAoAKACgAoA//1v7+KACgAoAKACgAoAKACgAoAKACgAoA/nM/4Osv+UKn7Rn/AGOvwM/9Wz4XoA+0/wDghX/yh9/4J3f9mw/D3/0kloA/WCgAoAKACgAoAKACgAoAKACgAoAKACgAoAKACgAoAKACgAoAKACgAoAKACgAoAKACgAoAKACgAoAKACgAoAKAP5vP+DsT/lCb+0N/wBlF/Z5/wDV0+DqAPX/APg2Q/5QbfsJf9gX46/+tQ/G6gD95KACgAoAKACgAoAKACgAoAKACgAoAKACgAoAKACgAoAKACgAoAKACgD5v/az/ZM+A37b3wG8dfs3ftI+BdP8f/C3x/p5ttQ0+5xBquh6rArto/i3wlrKxyXfhvxh4bu3F/oOvWBW4s7lWilE9jc3tncAH+Td/wAFMf8Agmd+2R/wQN/bI8FePPAfjXxhbeCrbxhL4x/ZO/ax8HRvpUuoS6TI1yPDXiVreOXTtD+I+h6dM1h4x8HX6z6J4s0Oe6vbO11Twtqt7ZWoB/f7/wAEGv8AgvL8MP8Agq98MIvhr8SpfD/w3/bg+G/h+K4+I3w4t5VsdF+KGi2Cw21x8WfhNb3Mry3Gj3ErxN4u8IrNc6n4F1O6RJGvPD17pGr3QB/RJQAUAFABQAUAFABQAUAFABQAUAFABQAUAFABQAUAFABQAUAFABQAUAFABQAUAFABQB//1/7+KACgAoAKACgAoAKACgAoAKACgAoA/nM/4Osv+UKn7Rn/AGOvwM/9Wz4XoA+0/wDghX/yh9/4J3f9mw/D3/0kloA/WCgAoAKACgAoAKACgAoAKACgAoAKACgAoAKACgAoAKACgAoAKACgAoAKACgAoAKACgAoAKACgAoAKACgAoAKAP5vP+DsT/lCb+0N/wBlF/Z5/wDV0+DqAPX/APg2Q/5QbfsJf9gX46/+tQ/G6gD95KACgAoAKACgAoAKACgAoAKACgAoAKACgAoAKACgAoAKACgAoAKACgAoA+b/ANrP9kz4DftvfAbx1+zd+0j4F0/x/wDC3x/p5ttQ0+5xBquh6rArto/i3wlrKxyXfhvxh4bu3F/oOvWBW4s7lWilE9jc3tncAH+Td/wUx/4Jnftkf8EDf2yPBXjzwH418YW3gq28YS+Mf2Tv2sfB0b6VLqEukyNcjw14la3jl07Q/iPoenTNYeMfB1+s+ieLNDnur2ztdU8Lare2VqAf3+/8EGv+C8vww/4KvfDCL4a/EqXw/wDDf9uD4b+H4rj4jfDi3lWx0X4oaLYLDbXHxZ+E1vcyvLcaPcSvE3i7wis1zqfgXU7pEka88PXukavdAH9ElABQAUAFABQAUAFABQAUAFABQAUAFABQAUAFABQAUAFABQAUAFABQAUAFABQAUAf/9D+/igAoAKACgD/ADRPAn/BbX/g5J/ax/4KXeNf2ZP2bryx8K+OIPij400N/wBlrxD8CfhFH4B+DfhXwlq99BqFv8UfG/irwK3xA0bR/DFlbxrr/i/VvHdrqes6pLBYeH/Nu9Y0Hw9OAf05eG/+Cw/7dH7Fsljo/wDwWh/4J7eJfhB8P1kgtr39uL9jh9R+PP7MumRuEjbWvib4M0O98W/Eb4R6KkiSh7/Ur/XdVv7qVI7DwfBZqt0wB++nwW+OXwc/aN+HWgfFz4C/E7wP8X/hn4og8/Q/G/w+8R6Z4n8P3pVUNxaG+0u4uEtdUsGkEGqaRei21XSbsSWWp2VpeRSQKAeq0AFABQAUAFAH85n/AAdZf8oVP2jP+x1+Bn/q2fC9AH2n/wAEK/8AlD7/AME7v+zYfh7/AOkktAH6wUAFABQAUAFABQAUAFABQAUAFABQAUAFABQAUAFABQAUAFABQAUAFABQAUAFABQAUAFABQAUAFABQAUAFABQB/N5/wAHYn/KE39ob/sov7PP/q6fB1AHr/8AwbIf8oNv2Ev+wL8df/WofjdQB+8lABQAUAFABQAUAFABQAUAFABQAUAFABQAUAFABQAUAFABQAUAFABQAUAFAHzf+1n+yZ8Bv23vgN46/Zu/aR8C6f4/+Fvj/Tzbahp9ziDVdD1WBXbR/FvhLWVjku/DfjDw3duL/QdesCtxZ3KtFKJ7G5vbO4AP8m7/AIKY/wDBM79sj/ggb+2R4K8eeA/GvjC28FW3jCXxj+yd+1j4OjfSpdQl0mRrkeGvErW8cunaH8R9D06ZrDxj4Ov1n0TxZoc91e2drqnhbVb2ytQD+/3/AIINf8F5fhh/wVe+GEXw1+JUvh/4b/twfDfw/FcfEb4cW8q2Oi/FDRbBYba4+LPwmt7mV5bjR7iV4m8XeEVmudT8C6ndIkjXnh690jV7oA/okoAKACgAoAKACgAoAKACgAoAKACgAoAKACgAoAKACgAoAKACgAoAKACgAoAKAP/R/v4oAKACgAoA/kq/ae/4O+v+CXnwF8Q+LdH+Cfw7+Of7Sfj2C8k0vVNZ8M+ALD4SeDtRv9AefT0s9c8VfE+40H4gA2EoltbRh8MdWjgi8/yzCmxLgA/Cf9oH/g9b/bL8brqWl/s+/slfs5/B/QdQiuLRpPijq3jj47eIo7SdHiPlXOnX3wh8LtLJGxWaLUvB+r2To0kL20gIdgD8A/gB/wAFUP8AgoP8Jv2sPEX7SH7JXiSH4TfE34iavbat4z+Ef7O/wq0Lwx8EfH5tnAls/EX7PHg7RR4A1qK6WWZZdQbw62v2t1e3WraZrFjrs7anQB/o4f8ABJD/AIOEfhh+3XrHhz9mr9rH4d6n+xj+3Zd6fA2n/C3x5puv+FvA3xsYQhpNT+DGo+M4bTVoNXu9j3n/AArLxJJceIorVwfDOueO7ex1i+00A/o5oAKACgAoA/nM/wCDrL/lCp+0Z/2OvwM/9Wz4XoA+0/8AghX/AMoff+Cd3/ZsPw9/9JJaAP1goAKACgAoAKACgAoAKACgAoAKACgAoAKACgAoAKACgAoAKACgAoAKACgAoAKACgAoAKACgAoAKACgAoAKACgD+bz/AIOxP+UJv7Q3/ZRf2ef/AFdPg6gD1/8A4NkP+UG37CX/AGBfjr/61D8bqAP3koAKACgAoAKACgAoAKACgAoAKACgAoAKACgAoAKACgAoAKACgAoAKACgAoAKAPnD9rP9kz4C/tvfAbx1+zd+0j4E0/x/8LfH+nm21DT7nEGq6JqsAdtH8W+EtZSOS78N+MPDl24v9B16wK3NncK0Ugnsbm9s7gA/ybf+CmX/AATO/bI/4IG/tkeCvHvgLxr4wtvBNt4wk8Y/snftY+Do30qW/l0l3uR4Z8TG3ik07Q/iPoenStYeMPB9+J9D8WaHPdXtla6p4W1W9srcA/v9/wCCDX/BeX4Yf8FXvhhF8NfiVL4f+G/7cHw38PxXHxG+HFvKtjovxQ0WwWG2uPiz8Jre5leW40e4leJvF3hFZrnU/Aup3SJI154evdI1e6AP6JKACgAoAKACgAoAKACgAoAKACgAoAKACgAoAKACgAoAKACgAoAKACgAoAKAP//S/v4oAKACgAoA/g5/Z5/4NI/CX7RP7Vf7c3xp/bZ8XfFr4T/CWX9tT48w/s8/Cn4XS+DNE1n4jfBq78Y3Xivwb8S9V8aarp/jaLS/C/iHT/EkGgWPhuw8PaX4hil8O6xczarpyXGnGgD+hz4Cf8G7n/BG39nmOxk8M/sOfC/x7q9n5bza58dp/EXx2uNRuY8Yu7rRviprHinwhbyMVBMGk+GdLsAw3JZqzM9AH63fD/4WfDH4TaLH4b+Ffw58B/DPw7EsaxaD8P8Awh4f8GaLGsQ2xLHpfhzTtNsUWNSVjCwgIDheCaAPzx/4LF/s/wD7H/xq/YK+P/iP9sTT9O0jwj8E/hp4x+K3hD4x2NvDbfE74I+OPC+kvqvhjxt8I/EsBt9d0nxr/wAJFYaLZado2kX9vH42upbXwlqdrqVlqj2UoB+eP/BsX/wVh8ef8FLf2OPFngr49avJ4j/aU/ZM1fwn4G8feM5ypv8A4leAvF2m6vP8LviFrz5Uy+ML5fCni3w14uuFjb+1dR8Lw+KLmc33iW6t7cA/pYoAKACgD+cz/g6y/wCUKn7Rn/Y6/Az/ANWz4XoA+0/+CFf/ACh9/wCCd3/ZsPw9/wDSSWgD9YKACgAoAKACgAoAKACgAoAKACgAoAKACgAoAKACgAoAKACgAoAKACgAoAKACgAoAKACgAoAKACgAoAKACgAoA/m8/4OxP8AlCb+0N/2UX9nn/1dPg6gD1//AINkP+UG37CX/YF+Ov8A61D8bqAP3koAKACgAoAKACgAoAKACgAoAKACgAoAKACgAoAKACgAoAKACgAoAKACgAoAKACgD5w/az/ZM+A37b3wG8dfs3ftI+BdP8f/AAt8f6ebbUdOuQINV0TVYA7aP4t8Jawsb3fhzxh4cu2F/oOvWBW5srlWjkW5sbm9s7gA/wAm3/gpl/wTO/bI/wCCBv7ZHgrx74C8a+MLbwTbeMJPGP7J37WPg6N9Klv5dJd7keGfExt4pNO0P4j6Hp0rWHjDwffifQ/Fmhz3V7ZWuqeFtVvbK3AP7/f+CDX/AAXl+GH/AAVe+GEXw1+JUvh/4b/twfDfw/FcfEb4cW8q2Oi/FDRbBYba4+LPwmt7mV5bjR7iV4m8XeEVmudT8C6ndIkjXnh690jV7oA/okoAKACgAoAKACgAoAKACgAoAKACgAoAKACgAoAKACgAoAKACgAoAKACgD//0/7+KACgAoAKACgAoAKAPjT/AIKE/saeFP8AgoP+xn8e/wBjrxp4n1PwVonxu8J2WjR+MdIs/wC0r3wr4h8PeJdC8beDvEQ0k32lrrdpo3i/wxoWoajoT6npseuadb3WkSX9kl41wgB+c3/BDX/gh14R/wCCNPgn43Rt8a7349/Fb4/ap4Mbxh4vXwavgDw1o3hj4dp4n/4RLw34c8Mv4j8W3v2j7X4y8Qahr+uXuuE6pJLpdpb6Xp0WkGa/AP3koAKACgD+cz/g6y/5QqftGf8AY6/Az/1bPhegD7T/AOCFf/KH3/gnd/2bD8Pf/SSWgD9YKACgAoAKACgAoAKACgAoAKACgAoAKACgAoAKACgAoAKACgAoAKACgAoAKACgAoAKACgAoAKACgAoAKACgAoA/m8/4OxP+UJv7Q3/AGUX9nn/ANXT4OoA9f8A+DZD/lBt+wl/2Bfjr/61D8bqAP3koAKACgAoAKACgAoAKACgAoAKACgAoAKACgAoAKACgAoAKACgAoAKACgAoAKACgAoA+cP2s/2TPgN+298BvHX7N37SPgXT/H/AMLfH+nm21HTrkCDVdE1WAO2j+LfCWsLG934c8YeHLthf6Dr1gVubK5Vo5FubG5vbO4AP8m3/gpl/wAEzv2yP+CBv7ZHgrx74C8a+MLbwTbeMJPGP7J37WPg6N9Klv5dJd7keGfExt4pNO0P4j6Hp0rWHjDwffifQ/Fmhz3V7ZWuqeFtVvbK3AP7/f8Agg1/wXl+GH/BV74YRfDX4lS+H/hv+3B8N/D8Vx8RvhxbyrY6L8UNFsFhtrj4s/Ca3uZXluNHuJXibxd4RWa51PwLqd0iSNeeHr3SNXugD+iSgAoAKACgAoAKACgAoAKACgAoAKACgAoAKACgAoAKACgAoAKACgAoA//U/v4oAKACgAoAKACgAoAKACgAoAKACgD+cz/g6y/5QqftGf8AY6/Az/1bPhegD7T/AOCFf/KH3/gnd/2bD8Pf/SSWgD9YKACgAoAKACgAoAKACgAoAKACgAoAKACgAoAKACgAoAKACgAoAKACgAoAKACgAoAKACgAoAKACgAoAKACgAoA/m8/4OxP+UJv7Q3/AGUX9nn/ANXT4OoA9f8A+DZD/lBt+wl/2Bfjr/61D8bqAP3koAKACgAoAKACgAoAKACgAoAKACgAoAKACgAoAKACgAoAKACgAoAKACgAoAKACgAoAKAPnD9rP9kz4DftvfAbx1+zd+0j4F0/x/8AC3x/p5ttR065Ag1XRNVgDto/i3wlrCxvd+HPGHhy7YX+g69YFbmyuVaORbmxub2zuAD/ACbf+CmX/BM79sj/AIIG/tkeCvHvgLxr4wtvBNt4wk8Y/snftY+Do30qW/l0l3uR4Z8TG3ik07Q/iPoenStYeMPB9+J9D8WaHPdXtla6p4W1W9srcA/v9/4INf8ABeX4Yf8ABV74YRfDX4lS+H/hv+3B8N/D8Vx8RvhxbyrY6L8UNFsFhtrj4s/Ca3uZXluNHuJXibxd4RWa51PwLqd0iSNeeHr3SNXugD+iSgAoAKACgAoAKACgAoAKACgAoAKACgAoAKACgAoAKACgAoAKACgD/9X+/igAoAKACgAoAKACgAoAKACgAoAKAP5zP+DrL/lCp+0Z/wBjr8DP/Vs+F6APtP8A4IV/8off+Cd3/ZsPw9/9JJaAP1goAKACgAoAKACgAoAKACgAoAKACgAoAKACgAoAKACgAoAKACgAoAKACgAoAKACgAoAKACgAoAKACgAoAKACgD+bz/g7E/5Qm/tDf8AZRf2ef8A1dPg6gD1/wD4NkP+UG37CX/YF+Ov/rUPxuoA/eSgAoAKACgAoAKACgAoAKACgAoAKACgAoAKACgAoAKACgAoAKACgAoAKACgAoAKACgAoAKAPnD9rP8AZM+A37b3wG8dfs3ftI+BdP8AH/wt8f6ebbUdOuQINV0TVYA7aP4t8Jawsb3fhzxh4cu2F/oOvWBW5srlWjkW5sbm9s7gA/ybv+CmX/BM39sj/ggb+2R4K8e+AvGvjC28E23jCTxh+yd+1j4PjfSZb+XSXe5HhnxM1skunaH8SND06VrDxh4Pv0n0Pxboc91e2NtqnhbVb+wtQD+/z/gg1/wXl+GH/BV74YRfDX4lS+H/AIb/ALcHw38PxXHxG+HFvKtjovxQ0WwWG2uPiz8Jre5leW40e4leJvF3hFZrnU/Aup3SJI154evdI1e6AP6JKACgAoAKACgAoAKACgAoAKACgAoAKACgAoAKACgAoAKACgAoA//W/v4oAKACgAoAKACgAoAKACgAoAKACgD+cz/g6y/5QqftGf8AY6/Az/1bPhegD7T/AOCFf/KH3/gnd/2bD8Pf/SSWgD9YKACgAoAKACgAoAKACgAoAKACgAoAKACgAoAKACgAoAKACgAoAKACgAoAKACgAoAKACgAoAKACgAoAKACgAoA/m8/4OxP+UJv7Q3/AGUX9nn/ANXT4OoA9f8A+DZD/lBt+wl/2Bfjr/61D8bqAP3koAKACgAoAKACgAoAKACgAoAKACgAoAKACgAoAKACgAoAKACgAoAKACgAoAKACgAoAKACgAoA+cP2s/2TPgN+278BvHf7N37SPgTT/H/wt8f6ebbUdOuQINU0TVIA7aP4t8JawiNd+HPGHhu7cahoOvaeVubK5UxyLcWU95aXAB/k3f8ABTL/AIJm/tkf8EDf2yPBXj3wF418YW3gm28YSeMP2Tv2sfB8b6TLfy6S73I8M+Jmtkl07Q/iRoenStYeMPB9+k+h+LdDnur2xttU8Larf2FqAf3+f8EGv+C8vww/4KvfDCL4a/EqXw/8N/24Phv4fiuPiN8OLeVbHRfihotgsNtcfFn4TW9zK8txo9xK8TeLvCKzXOp+BdTukSRrzw9e6Rq90Af0SUAFABQAUAFABQAUAFABQAUAFABQAUAFABQAUAFABQAUAFAH/9f+/igAoAKACgAoAKACgAoAKACgAoAKAP5zP+DrL/lCp+0Z/wBjr8DP/Vs+F6APtP8A4IV/8off+Cd3/ZsPw9/9JJaAP1goAKACgAoAKACgAoAKACgAoAKACgAoAKACgAoAKACgAoAKACgAoAKACgAoAKACgAoAKACgAoAKACgAoAKACgD+bz/g7E/5Qm/tDf8AZRf2ef8A1dPg6gD1/wD4NkP+UG37CX/YF+Ov/rUPxuoA/eSgAoAKACgAoAKACgAoAKACgAoAKACgAoAKACgAoAKACgAoAKACgAoAKACgAoAKACgAoAKACgAoA+cP2s/2TPgN+278BvHf7N37SPgTT/H/AMLfH+nm21HTrkCDVNE1SAO2j+LfCWsIjXfhzxh4bu3GoaDr2nlbmyuVMci3FlPeWlwAf5N3/BTL/gmb+2R/wQN/bI8FePfAXjXxhbeCbbxhJ4w/ZO/ax8HxvpMt/LpLvcjwz4ma2SXTtD+JGh6dK1h4w8H36T6H4t0Oe6vbG21Twtqt/YWoB/f5/wAEGv8AgvL8MP8Agq98MIvhr8SpfD/w3/bg+G/h+K4+I3w4t5VsdF+KGi2Cw21x8WfhNb3Mry3Gj3ErxN4u8IrNc6n4F1O6RJGvPD17pGr3QB/RJQAUAFABQAUAFABQAUAFABQAUAFABQAUAFABQAUAFABQB//Q/v4oAKACgAoACccngDkk9qAKOn6npurQNc6XqFjqVsk0tu1xp93BeQLPA2yaBpbeSSMTQuCksZbfG3yuqkYoAvUAFABQAUAFABQB/OZ/wdZf8oVP2jP+x1+Bn/q2fC9AH2n/AMEK/wDlD7/wTu/7Nh+Hv/pJLQB+sFABQAUAFABQAUAFABQAUAFABQAUAFABQAUAFABQAUAFABQAUAFABQAUAFABQAUAFABQAUAFABQAUAFABQAUAfzef8HYn/KE39ob/sov7PP/AKunwdQB6/8A8GyH/KDb9hL/ALAvx1/9ah+N1AH7yUAFABQAUAFABQAUAFABQAUAFABQAUAFABQAUAFABQAUAFABQAUAFABQAUAFABQAUAFABQAUAFABQB84ftZ/smfAb9t34DeO/wBm79pHwJp/j/4W+P8ATzbajp1yBBqmiapAHbR/FvhLWERrvw54w8N3bjUNB17TytzZXKmORbiynvLS4AP8m7/gpl/wTN/bI/4IG/tkeCvHvgLxr4wtvBNt4wk8YfsnftY+D430mW/l0l3uR4Z8TNbJLp2h/EjQ9Olaw8YeD79J9D8W6HPdXtjbap4W1W/sLUA/v8/4INf8F5fhh/wVe+GEXw1+JUvh/wCG/wC3B8N/D8Vx8RvhxbyrY6L8UNFsFhtrj4s/Ca3uZXluNHuJXibxd4RWa51PwLqd0iSNeeHr3SNXugD+iSgAoAKACgAoAKACgAoAKACgAoAKACgAoAKACgAoAKAP/9H+/igAoAKAMvXNc0fwzomseJPEWp2OieH/AA9peoa5rus6ncxWWm6Ro+k2k1/qep6heTskFpY2Flbz3d3czOkUFvFJLIyohNAH+bD8Vv8AgpZ8Yf8Ag4n/AOCxPwK/YI8L/Efx98L/APgm94l+LuvaLD8MvAms6r4M1P4y/Cf4W+HPFfxC8d+Ovihe2L2mpalrnxF8HeCdXj8N+HdXE2g/Diw1HSY7TRZ/FNtrmva4AfXv/Bw1+xp4Z/4Ikwfsj/8ABQX/AIJO3XiP9i7xBP8AExPgR8T/AA38L/E/iSTwJ47u4/Cmr+Ovh3e+LfCXiLVdb0TxOk2neB/GuleMdH8S22saL4ygk0291bTZNUtb2/1AA/qC/wCCK3/BUnwp/wAFYf2LPDPx3jsNK8LfGTwdqR+G37Qvw/0udms/DXxM0nT7O8fWtBt7mabUI/BPjvSru08UeFWu3umsBdan4Vl1TVtS8L6nesAfrnQAUAfw1/8AB3/8ef2ifF3i79j39hz9k/TPjT4n8d23h3x5+1Z8VvDvwJ0zxzrXi2Dwouo2vwj+GOsajY/D6C51mLw8mrXHxOs7y6vol00ajcaNFvFzLAGAP4s/+FJ/8Fbv+iR/8FGP/CC/aY/+VNAH9K//AAay/sY/tweL/wDgo1dfG/8Aao0L9qzwT8L/ANmz4VeKPFWiWPxvs/i74a8PeL/ij48hf4feE9Ji0zx5HYafr66R4e1jxx4tLRRXp0jWPD/h+5eKKae1uEAP6Vv+DrL/AJQqftGf9jr8DP8A1bPhegD7T/4IV/8AKH3/AIJ3f9mw/D3/ANJJaAP1goAKACgAoAKACgAoAKACgAoAKACgAoAKACgAoAKACgAoAKACgAoAKACgAoAKACgAoAKACgAoAKACgAoAKAP8n3/grB/wWc/4Km/Bj/gpb+3P8J/hZ+3F8d/A/wAOPh3+058W/CPgjwfoPiO2ttG8NeGtE8WahZaTo2l27WEjQ2VhaRRwW8bOxWNACx5NAH5I/tAf8FXv+Cjf7VPwx1j4L/tE/tgfGX4u/CvxBe6PqOteBvGOvW9/oOpXvh/U7bWdFubm2jsoGeXTdUtLa+tiJBsnhRiDjFAH+oZ/wbIf8oNv2Ev+wL8df/WofjdQB+8lABQAUAFABQAUAFABQAUAFABQAUAFABQAUAFABQAUAFABQAUAFABQAUAFABQAUAFABQAUAFABQAUAFAHzh+1n+yZ8Bv23fgN47/Zu/aR8Caf4/wDhb4/0822o6dcgQapomqQB20fxb4S1hEa78OeMPDd241DQde08rc2VypjkW4sp7y0uAD/Jv/4KZf8ABM39sj/ggb+2R4K8feAfGvjC38EW3jCTxh+yd+1j4OjfSZr6bSXe5HhnxMbZJdO0P4kaJp0r2Hi/wffrNofi3Qp7u9sbXVfC2q39jaAH9/f/AAQa/wCC8vww/wCCr3wwi+GvxKl8P/Df9uD4b+H4rj4jfDi3lWx0X4oaLYLDbXHxZ+E1vcyvLcaPcSvE3i7wis1zqfgXU7pEka88PXukavdAH9ElABQAUAFABQAUAFABQAUAFABQAUAFABQAUAFABQB//9L+/igAoAKAPwZ/4OX/ANoTWP2d/wDgjR+1tqnhnUrrSfFHxX0zwZ8A9Iu7VijnTvi34z0bw74+s3kX5o49R+Fh8dWG5cNvuY1BGdygH8D/APwakWsVx/wW7/ZilkVWex8F/tF3UBIBKSv8APiJZFlP8LGC7mTIwdrsvRiGAP66v+Dzy1iuP+CUHwxlkVWey/be+Ed1ASoJSV/hD+0FZFlJ5VjDdzJuHO1mXoxoA/AH/gy2/aF1nwL/AMFAvjz+zrNqEyeDvj9+znfeKDpalmiuPiJ8F/FmiX3hi9Zc7IxbeCvG3xPikkA3yPcWqHKqNoB/ptUAFAH+cT8df+DjbTf2HP8AguP/AMFK/jlYfs12H7T+n3cngb9jrwFdS/GCX4YT+APA37N95qOkfEOy8P6lH8N/iLba1p/xC+LlvqnixpDa2dtAun2TWxvUvGuIgD9fv2Tv+Dyj/gnp8Z9c0fwr+0d8K/jL+yVq+sX8NkPFV/8A2V8YvhLpQuJBDFNrfivwnFovjuxj8x4/NuE+FFzp1pCZbi+v7e3heRQD+sf4ffEPwF8WfBPhn4k/C7xn4X+Inw98aaTba74R8b+Ctd03xN4V8S6NeAm21PQ9e0e6vNM1OymwyrcWlzLHvR42IkR0UA/n6/4OtXWP/gil+0YznAPjj4EID/tSfF3wpGg/F3Ufj7UAfBv/AASp/wCDjj/gkX+zF/wTm/Y4/Z9+M/7R/iLwv8VfhH8DPB/grx54etvgV8dvEFvpHiPSbeSO+sotb8PfDrU9E1NImZQLvTNQu7STrHM/O0A/QH/iKu/4Iff9HW+Kf/Ecv2jv/nWUAH/EVd/wQ+/6Ot8U/wDiOX7R3/zrKAD/AIirv+CH3/R1vin/AMRy/aO/+dZQAf8AEVd/wQ+/6Ot8U/8AiOX7R3/zrKAD/iKu/wCCH3/R1vin/wARy/aO/wDnWUAH/EVd/wAEPv8Ao63xT/4jl+0d/wDOsoAP+Iq7/gh9/wBHW+Kf/Ecv2jv/AJ1lAB/xFXf8EPv+jrfFP/iOX7R3/wA6ygA/4irv+CH3/R1vin/xHL9o7/51lAB/xFXf8EPv+jrfFP8A4jl+0d/86ygA/wCIq7/gh9/0db4p/wDEcv2jv/nWUAH/ABFXf8EPv+jrfFP/AIjl+0d/86ygA/4irv8Agh9/0db4p/8AEcv2jv8A51lAB/xFXf8ABD7/AKOt8U/+I5ftHf8AzrKAD/iKu/4Iff8AR1vin/xHL9o7/wCdZQAf8RV3/BD7/o63xT/4jl+0d/8AOsoAP+Iq7/gh9/0db4p/8Ry/aO/+dZQAf8RV3/BD7/o63xT/AOI5ftHf/OsoAP8AiKu/4Iff9HW+Kf8AxHL9o7/51lAB/wARV3/BD7/o63xT/wCI5ftHf/OsoAP+Iq7/AIIff9HW+Kf/ABHL9o7/AOdZQAf8RV3/AAQ+/wCjrfFP/iOX7R3/AM6ygA/4irv+CH3/AEdb4p/8Ry/aO/8AnWUAH/EVd/wQ+/6Ot8U/+I5ftHf/ADrKAD/iKu/4Iff9HW+Kf/Ecv2jv/nWUAH/EVd/wQ+/6Ot8U/wDiOX7R3/zrKAD/AIirv+CH3/R1vin/AMRy/aO/+dZQAf8AEVd/wQ+/6Ot8U/8AiOX7R3/zrKAD/iKu/wCCH3/R1vin/wARy/aO/wDnWUAH/EVd/wAEPv8Ao63xT/4jl+0d/wDOsoAP+Iq7/gh9/wBHW+Kf/Ecv2jv/AJ1lAB/xFXf8EPv+jrfFP/iOX7R3/wA6ygA/4irv+CH3/R1vin/xHL9o7/51lAB/xFXf8EPv+jrfFP8A4jl+0d/86ygA/wCIq7/gh9/0db4p/wDEcv2jv/nWUAf5i/8AwU5+Nfw5/aQ/4KGftnfHz4Q63P4k+F3xf/aM+KPxA8A6/c6Tq2gz6x4V8TeKL/UtG1CbRtestO1rTJLqznilay1Sws723LeXcW8UgZFAPhagD/Rw/wCCHH/BwX/wSo/Yu/4JY/spfsy/tE/tCa/4K+Mvwv0z4q23jTwxZfBP42+K7bS5vE/x2+KHjbRVi8QeFPh/rPh/UPtXhvxLo98zafqV0tu9y1pcGO7guIYgD9Yf+Iq7/gh9/wBHW+Kf/Ecv2jv/AJ1lAB/xFXf8EPv+jrfFP/iOX7R3/wA6ygA/4irv+CH3/R1vin/xHL9o7/51lAB/xFXf8EPv+jrfFP8A4jl+0d/86ygA/wCIq7/gh9/0db4p/wDEcv2jv/nWUAH/ABFXf8EPv+jrfFP/AIjl+0d/86ygA/4irv8Agh9/0db4p/8AEcv2jv8A51lAB/xFXf8ABD7/AKOt8U/+I5ftHf8AzrKAD/iKu/4Iff8AR1vin/xHL9o7/wCdZQAf8RV3/BD7/o63xT/4jl+0d/8AOsoAP+Iq7/gh9/0db4p/8Ry/aO/+dZQAf8RV3/BD7/o63xT/AOI5ftHf/OsoAP8AiKu/4Iff9HW+Kf8AxHL9o7/51lAB/wARV3/BD7/o63xT/wCI5ftHf/OsoAP+Iq7/AIIff9HW+Kf/ABHL9o7/AOdZQAf8RV3/AAQ+/wCjrfFP/iOX7R3/AM6ygA/4irv+CH3/AEdb4p/8Ry/aO/8AnWUAH/EVd/wQ+/6Ot8U/+I5ftHf/ADrKAD/iKu/4Iff9HW+Kf/Ecv2jv/nWUAH/EVd/wQ+/6Ot8U/wDiOX7R3/zrKAD/AIirv+CH3/R1vin/AMRy/aO/+dZQAf8AEVd/wQ+/6Ot8U/8AiOX7R3/zrKAD/iKu/wCCH3/R1vin/wARy/aO/wDnWUAH/EVd/wAEPv8Ao63xT/4jl+0d/wDOsoAP+Iq7/gh9/wBHW+Kf/Ecv2jv/AJ1lAB/xFXf8EPv+jrfFP/iOX7R3/wA6ygA/4irv+CH3/R1vin/xHL9o7/51lAB/xFXf8EPv+jrfFP8A4jl+0d/86ygA/wCIq7/gh9/0db4p/wDEcv2jv/nWUAH/ABFXf8EPv+jrfFP/AIjl+0d/86ygA/4irv8Agh9/0db4p/8AEcv2jv8A51lAB/xFXf8ABD7/AKOt8U/+I5ftHf8AzrKAD/iKu/4Iff8AR1vin/xHL9o7/wCdZQAf8RV3/BD7/o63xT/4jl+0d/8AOsoAP+Iq7/gh9/0db4p/8Ry/aO/+dZQB84/tZf8ABfz/AINxf23fgN47/Zu/aR+OWs+P/hb4/wBPNrqOnXX7OP7RsGqaLqkAdtH8WeEtYX4Utd+G/GHhy7ZdQ0HX9PZLmyuUMcgnsri7tLgA/wA4j4i+I/Cv7G37YLeP/wDgn5+1drvxG8O/DDxla+MvgF+0P4e8KeN/hX43s7ZZJJtNs/E/hbxz4c8PXdr4l060eTRPF1jb2OreCfE9nNdQpJeaPq17o9qAf6hH/BBr/gvL8MP+Cr3wwi+GvxKl8P8Aw3/bg+G/h+K4+I3w4t5VsdF+KGi2Cw21x8WfhNb3Mry3Gj3ErxN4u8IrNc6n4F1O6RJGvPD17pGr3QB/RJQAUAFABQAUAFABQAUAFABQAUAFABQAUAFABQB//9P+/igAoAKAP5Zv+DwfS9T1D/gj5f3dgZBa6H+038ENU1rYpZTpk0HjTRYhKRwkf9s6xpJDHAMoiTq4DAH8bf8Awag/8ptv2bv+xC/aJ/8AVGeOqAP66v8Ag81/5RN/D3/s9X4Qf+qs+PFAH8pv/BorpN9qX/BZj4eXlp532fQPgV8edW1PylJT7DN4Vt9Cj+0EAhYf7S1rTtrMVH2jyFyWZVYA/wBYWgBkqs8UiJI0LujqkyKjPEzKQsirIrxs0ZIZVkR0JGHVlJFAH8Snxq/4Mo/2evHV34o8SfD39vD9oHQ/G3iPUNW1651r4seAfh98T4dQ1/VrubULy+1mPws/wmurh76+nmmvJ7e5ifzJnmSJtvlOAfzFf8FKf+Dab/goh/wTi8D698adS07wZ+0d+z94aWe88TfE74HXOuX+p+AtFiZVTWviT8PNe0fSvEvh7Sgpkm1DXfD/APwmXhPQLeIzeIfEmlpJAZQD9mP+DLX9uj4j2/xo+PP/AAT38V+INS1r4Vaz8L9T/aD+E2mapqU1zaeAPGnhPxZ4a8PePND8L2cpb7Fp/wAQ9K8dWvibVrOB1soNV8Dy6lb20V/r+sXF2Af0Lf8AB1qiv/wRT/aMVxkDxv8AAhwOR80fxc8KyIeMfddVb0OMHIJFAHxb/wAEoP8Ag3i/4I9ftLf8E3v2Mvj58bP2Qj40+LPxY+BPg7xn4/8AFf8Awv79qHw5/b/iTVbeSS/1L+wvCfxp0Lw1pfnuoP2PRdH06wi6Q2sQyGAP0I/4hcf+CFH/AEY2f/Emf2wv/n/0AH/ELj/wQo/6MbP/AIkz+2F/8/8AoAP+IXH/AIIUf9GNn/xJn9sL/wCf/QAf8QuP/BCj/oxs/wDiTP7YX/z/AOgA/wCIXH/ghR/0Y2f/ABJn9sL/AOf/AEAH/ELj/wAEKP8Aoxs/+JM/thf/AD/6AD/iFx/4IUf9GNn/AMSZ/bC/+f8A0AH/ABC4/wDBCj/oxs/+JM/thf8Az/6AD/iFx/4IUf8ARjZ/8SZ/bC/+f/QAf8QuP/BCj/oxs/8AiTP7YX/z/wCgA/4hcf8AghR/0Y2f/Emf2wv/AJ/9AB/xC4/8EKP+jGz/AOJM/thf/P8A6AD/AIhcf+CFH/RjZ/8AEmf2wv8A5/8AQAf8QuP/AAQo/wCjGz/4kz+2F/8AP/oAP+IXH/ghR/0Y2f8AxJn9sL/5/wDQAf8AELj/AMEKP+jGz/4kz+2F/wDP/oAP+IXH/ghR/wBGNn/xJn9sL/5/9AB/xC4/8EKP+jGz/wCJM/thf/P/AKAD/iFx/wCCFH/RjZ/8SZ/bC/8An/0AH/ELj/wQo/6MbP8A4kz+2F/8/wDoAP8AiFx/4IUf9GNn/wASZ/bC/wDn/wBAB/xC4/8ABCj/AKMbP/iTP7YX/wA/+gA/4hcf+CFH/RjZ/wDEmf2wv/n/ANAB/wAQuP8AwQo/6MbP/iTP7YX/AM/+gA/4hcf+CFH/AEY2f/Emf2wv/n/0AH/ELj/wQo/6MbP/AIkz+2F/8/8AoAP+IXH/AIIUf9GNn/xJn9sL/wCf/QAf8QuP/BCj/oxs/wDiTP7YX/z/AOgA/wCIXH/ghR/0Y2f/ABJn9sL/AOf/AEAH/ELj/wAEKP8Aoxs/+JM/thf/AD/6AD/iFx/4IUf9GNn/AMSZ/bC/+f8A0AH/ABC4/wDBCj/oxs/+JM/thf8Az/6AD/iFx/4IUf8ARjZ/8SZ/bC/+f/QAf8QuP/BCj/oxs/8AiTP7YX/z/wCgA/4hcf8AghR/0Y2f/Emf2wv/AJ/9AB/xC4/8EKP+jGz/AOJM/thf/P8A6APxN/4OE/8AghV/wSu/Yc/4JdfGT9ov9lz9lw/DD4yeFPGnwa0nQPGH/C7f2i/Gv2DT/FfxP8N+Hdft/wDhH/iH8W/Fnha6+36PqF3Z+beaJcT2vm/aLKS3uo450APR/wDghZ/wQM/4JMftkf8ABKn9k79pP9pD9lE/Eb40/EzTPixceN/Gf/C9P2lPCH9tTeGfjz8UvBeiP/wjvgT4w+GPCmm/YvDXhzRtN26Rodglz9j+2Xaz39zd3U4B+tf/ABC4/wDBCj/oxs/+JM/thf8Az/6AD/iFx/4IUf8ARjZ/8SZ/bC/+f/QAf8QuP/BCj/oxs/8AiTP7YX/z/wCgA/4hcf8AghR/0Y2f/Emf2wv/AJ/9AB/xC4/8EKP+jGz/AOJM/thf/P8A6AD/AIhcf+CFH/RjZ/8AEmf2wv8A5/8AQAf8QuP/AAQo/wCjGz/4kz+2F/8AP/oAP+IXH/ghR/0Y2f8AxJn9sL/5/wDQAf8AELj/AMEKP+jGz/4kz+2F/wDP/oAP+IXH/ghR/wBGNn/xJn9sL/5/9AB/xC4/8EKP+jGz/wCJM/thf/P/AKAD/iFx/wCCFH/RjZ/8SZ/bC/8An/0AH/ELj/wQo/6MbP8A4kz+2F/8/wDoAP8AiFx/4IUf9GNn/wASZ/bC/wDn/wBAB/xC4/8ABCj/AKMbP/iTP7YX/wA/+gA/4hcf+CFH/RjZ/wDEmf2wv/n/ANAB/wAQuP8AwQo/6MbP/iTP7YX/AM/+gA/4hcf+CFH/AEY2f/Emf2wv/n/0AH/ELj/wQo/6MbP/AIkz+2F/8/8AoAP+IXH/AIIUf9GNn/xJn9sL/wCf/QAf8QuP/BCj/oxs/wDiTP7YX/z/AOgA/wCIXH/ghR/0Y2f/ABJn9sL/AOf/AEAH/ELj/wAEKP8Aoxs/+JM/thf/AD/6AD/iFx/4IUf9GNn/AMSZ/bC/+f8A0AH/ABC4/wDBCj/oxs/+JM/thf8Az/6AD/iFx/4IUf8ARjZ/8SZ/bC/+f/QAf8QuP/BCj/oxs/8AiTP7YX/z/wCgA/4hcf8AghR/0Y2f/Emf2wv/AJ/9AB/xC4/8EKP+jGz/AOJM/thf/P8A6AD/AIhcf+CFH/RjZ/8AEmf2wv8A5/8AQAf8QuP/AAQo/wCjGz/4kz+2F/8AP/oAP+IXH/ghR/0Y2f8AxJn9sL/5/wDQAf8AELj/AMEKP+jGz/4kz+2F/wDP/oAP+IXH/ghR/wBGNn/xJn9sL/5/9AB/xC4/8EKP+jGz/wCJM/thf/P/AKAD/iFx/wCCFH/RjZ/8SZ/bC/8An/0AfOX7Yn/BtR/wRV+Gf7I/7U3xH8A/sbTeGvHXw/8A2cvjf438F+I4f2iv2q9Vm0DxZ4U+GfifXvDmtxaZ4g+N2r6DqMulaxYWd/HYa3pOqaRePALfUtOvbKSe2lAP8wb4ReJ/2gP2fNX8AftZfBnUvHPw41PwD8ShpvgT4z+FRc2kGgfEvQtKsvED6CurpHLYjUbnw/qiT3Ph/Vkez8S+HrjV7G5sdU0pdYt4gD/Vh/4INf8ABeX4Yf8ABV74YRfDX4lS+H/hv+3B8N/D8Vx8RvhxbyrY6L8UNFsFhtrj4s/Ca3uZXluNHuJXibxd4RWa51PwLqd0iSNeeHr3SNXugD+iSgAoAKACgAoAKACgAoAKACgAoAKACgAoAKAP/9T+/igAoAKAPzF/4LL/ALH2r/t3f8EzP2t/2avCtgmpePvFfw3/AOEp+GNjt/f6h8TPhdrmkfE7wPotpMMNaz+J9f8ACVn4Ve5GVS21y4WZXt3lRwD/ADYf+DW3VD4Q/wCC537J+j65DPpV7qmn/tHeEri11CJ7K4stXT9nT4tXY0+8guFimtrw32j/ANn/AGaVFmF88ds0ayErQB/XH/wela/aad/wS3+CmhPMov8AxF+3B8NRb23/AC0ls9J+Cv7QV7fXAH/PK3nbTopCOQ93CMEMSoB+a3/Bk3+x14hPjD9rD9vPxDpV3ZeGbfwnpv7L/wAL9QubRxa+IdT1nXNA+JPxYutPmlVQf+EZi8LfDHTvtVqZEmk8SapZGRJLK5iYA/q6/wCCq3/BZL9kv/gkZ4E8D+I/2hP+E18Y+OPild6vbfDX4Q/C/TtH1Txx4ltfD/2AeIPEd4+v634e0Lw94U0SbVdLtrzV9U1Vbq7u75LXQdL1u5ttQisgDhv2H/8AgvF+wB+3D+yr8cv2svDvjXX/AIOeDv2X9L/tr9ovwr8YdLtNP8ZfC7Rbi01C70TXp7DwjqXi618U6L4uGkapZ+DZPCl5q2ra/rFjN4dj0a38RlNIYA1P2Hv+C9H/AAS//wCCgnjv/hVHwE/aItbD4s3E0sehfDP4r+HNc+FnirxiqSvHEfAv/CV2trofjO+uI4nu18O+Gta1LxXbWCSXt/oNlbxyOgB+v1/YWOq2N7peqWVpqWmalaXNhqOnX9tDeWN/Y3kL293ZXtpcJJb3VpdW8kkFzbTxyQzwyPFKjIzKwB/A3/wbR/sP6Hp//BZn/gqH+0z8GdMjj/ZA/Zx+IX7SP7NvwM8QaeFm8N61qPi743x3PhPRvCer/arqLW9N8IfCPwl5l9c2s07jT/FvgvULqSBNat4ZQD9vP+DrL/lCp+0Z/wBjr8DP/Vs+F6APtP8A4IV/8off+Cd3/ZsPw9/9JJaAP1goAKACgAoAKACgAoAKACgAoAKACgAoAKACgAoAKACgAoAKACgAoAKACgAoAKACgAoAKACgAoAKACgAoAKACgD+bz/g7E/5Qm/tDf8AZRf2ef8A1dPg6gD1/wD4NkP+UG37CX/YF+Ov/rUPxuoA/eSgAoAKACgAoAKACgAoAKACgAoAKACgAoAKACgAoAKACgAoAKACgAoAKACgAoAKACgAoAKACgAoAKACgAoAKAPkn9v3/kxH9tb/ALNJ/aP/APVO+MqAP4t/+DTv9k34Dftu/wDBM/8A4KI/s3ftI+BdP8f/AAt8f/HzwZa6jp10BBqmiapB8MoH0fxb4S1hEa78OeMPDl4w1DQdf08rc2VyhjkFxZT3lncAH873/BTL/gmb+2R/wQN/bI8FePvAPjXxhb+CLfxhJ4w/ZO/ax8HxvpU19NpLvcr4Y8TNbRyadofxI0PTpXsPF/g+/SbQ/Fuhz3V7Y2uqeFtUv7G0AP7+/wDgg1/wXl+GH/BV74YRfDX4lS+H/hv+3B8N/D8Vx8RvhxbyrY6L8UNFsFhtrj4s/Ca3uZXluNHuJXibxd4RWa51PwLqd0iSNeeHr3SNXugD+iSgAoAKACgAoAKACgAoAKACgAoAKACgAoA//9X+/igAoAKACgD+Sf8A4KIf8G8vxOT9vLwJ/wAFWf8AglP4x+Gnwx/aa8LfFHSfi98QvgP8UjqmjfCv4n+NYtTe48WeJNC8TaLZ6pN4XvviNp11qWmfEPwtd6ZBo/iSTWNY8Qaf4l8MazeXUeqAHJ/8FDP+CX//AAVU/wCC7PxN/Zy8Kfta+BPgp/wTt/ZO+AVxrOueKNC8I/HKH9pz4q/Efxn4mXTrLXfEXhdNA8DeEPCdlFbaNpC6H4Pt/FV3pb+GLfXNc17Ul8XXN+nhjTQD+oT9ln9mD4MfsZ/AH4Z/sz/s++E4fBnwn+FHh9NB8M6QsrXd9cvLcz6jrOv69qTqk2r+JvE+uXuo+IfEmsTqsup61qV7dlIllSFAD+cD/g5d/wCCGXx//wCCpi/An45fspa94Tu/jD8E/D3iTwDr3wv8d+IB4W03xv4K1/WLXXtM1Dwl4iurebRNL8U+H9YOqLqFj4gm03Tde0fUopI9a0++8P21hrgB4Z/wR1/4Nm/GXwH/AGLP26/g/wDt6eLdM03xj+3l4C8LfC298IfCXX7fxGfg/wCFPAupax4k8PeJ5/ENzp3/AAjmu/EA+OL3S/ENtYWVvrHh3SbHwzp9sdW1KbX9Xs9NAPwo+LX/AAZsf8FQvh/46uI/gp8Tv2bfi74RtNTim8MeNF8d+J/hf4qjghm8y01HW/C2teFb2Dw/qltJGkzQaB4w8VpA3lSW2pTSB0iAP6K/2Pv+CSv/AAXy8QfC+w+BX7e3/BYbWvB/7OLabDo2u+A/2eYtK8f/ALRnibwoI4rG78I3P7Vfjv4X+F/iH4G+26ekkEut6b4h+Itw1o5s3iKXc32cA/pi/Zj/AGYPgV+xx8EvBH7O/wCzh8PdG+GXwl+H2ntY+H/DWjieZ5J55GuNS1vXNWvpbnVvEXiXXL15tR17xFrV5e6vq9/NLc3t3M5BUA/Ej/g6y/5QqftGf9jr8DP/AFbPhegD7T/4IV/8off+Cd3/AGbD8Pf/AEkloA/WCgAoAKACgAoAKACgAoAKACgAoAKACgAoAKACgAoAKACgAoAKACgAoAKACgAoAKACgAoAKACgAoAKACgAoAKAP5vP+DsT/lCb+0N/2UX9nn/1dPg6gD1//g2Q/wCUG37CX/YF+Ov/AK1D8bqAP06/a++HX7WPxL+GFrpH7HH7Sfg39mL4r6f4gi1eXxh48+CGmfHXw54l0KDR9Ytn8GXmgaj4p8LN4cXUNYu9H1JvF1hJrN9p0Wky2kehX8eoSBAD/N9/aO/4OZv+C6/7L3x/+NH7OPxJ+LPwJPj34GfE/wAbfCrxbNo3wK8CXmjXeueBvEN/4evtQ0W7lsbWa60fUpbA3+lXE9rbTzafcW0k9tBMzxIAf0K/8Ex/i9/wcT/8FL/2MvD/AO2N4R/bo/Y++FWl+N/EfjXRvh94F8ZfsuaZrcuu2fgTxLfeDtV1XxD4g8OAv4ZguPEuja5Y2lpbaLrt49pYRX7+Sl7DGoB+YfxO/wCDoT/gsR/wTY/at8efssft/wD7PP7MPxY1/wCFmu2Vn4usfCmneKfhzrniTQtVsrHXfD3ifwD8Q9D8Ra74Sfw94q8M6jZaxo13qnwtvNQgjvIrTWdN0nWbHVdIgAP7Qv8AgmR/wUy/Z5/4Ko/s22H7RHwBn1bSTYavJ4Q+Jnw08VfY4/Gnwu8e2ljZ6hd+HdcSynns9R0+8sr611Tw14m02RtN8QaTcJIFsNXs9a0PSAD8kP27f+Cwv7fXxT8a/Ez9n/8A4Ibfsb6p+1frHwi1vUfBXxj/AGvvEOnWEvwC8JePdKRjrvw8+El5r3ibwb4S+JnjXww6SWviHU7jxReaTpGrJHptp4T8VW19Z6pQB/In8Tf+DiH/AIOLv2NPj5qfgb9qH4naj4W8d+Hrux1LXPgf8b/2Xfgj4X0a+0h7mWSwMA8L/DbwZ4oufCmsQw3FvZeJPCHjOJNasle50/xDczxRXsQB/eR/wRA/4LBeDP8Agr/+zNrnxH/4RC3+Gfx0+EWu6b4O+PPw20+6udR8PaXq2t2l7f8AhXxf4M1K8Z7648G+NrDTNUk06z1V21jQtY0XxBoF3Nq1tptj4j1wA/aSgAoAKACgAoAKACgAoAKACgAoAKACgAoAKACgAoAKACgAoAKACgAoAKACgAoAKACgD5J/b9/5MR/bW/7NJ/aP/wDVO+MqAP5Rf+DIn/k0j9tf/s4zwX/6rO1oA/ri/ay/ZN+A37bvwG8d/s3ftI+BdP8AH/wt8f6ebXUdOugINU0TVIA76P4t8JawiNd+HPGHhy8YahoOv6eVubK5QxyC4sp7yzuAD/Ju/wCCmf8AwTM/bI/4IG/tkeCvH3gHxt4wt/BFv4wk8YfsnftY+D430ma+m0p3uR4Y8Tm2jk07Q/iRoenStYeL/CF+s+heLtCnu72xtdT8L6pqFhaAH9/f/BBr/gvL8MP+Cr3wwi+GvxKl8P8Aw3/bg+G/h+K4+I3w4t5VsdF+KGi2Cw21x8WfhNb3Mry3Gj3ErxN4u8IrNc6n4F1O6RJGvPD17pGr3QB/RJQAUAFABQAUAFABQAUAFABQAUAFABQB/9b+/igAoAKACgAoAKACgAoAKACgAoAKAP5zP+DrL/lCp+0Z/wBjr8DP/Vs+F6APtP8A4IV/8off+Cd3/ZsPw9/9JJaAP1goAKACgAoAKACgAoAKACgAoAKACgAoAKACgAoAKACgAoAKACgAoAKACgAoAKACgAoAKACgAoAKACgAoAKACgD+bz/g7E/5Qm/tDf8AZRf2ef8A1dPg6gD1/wD4NkP+UG37CX/YF+Ov/rUPxuoA/eSgD/Fj/wCC54A/4K//APBRIAAD/hqL4jnAGOW1BCx7ckkknuTk55NAH+jx/wAGqf8Ayg9/ZO/7Gb9o/wD9aS+K1AH8kH/B6VpPh6w/4Kk/BW/0sW0Ws63+xB8NLzxPHbxwq815a/Gr9oLTNNv76SP95JfTaRZWdh+//eJp+l6cFJhMYUA+uf8Agym8OeKfG9x/wU98C3OoeKdK+Ffi/wCGPwO8OeINV8Na1qnh3VNK8U6+/wAatH0zUPC+vac0VxoPim38OXfiS4s9a0y4g1TTbi10u9iYvbWrxAH99vwE+BPwr/Zk+Dfw5+AXwS8I6d4F+Ffwq8L6d4R8G+GdMjxFZ6bp8fz3V7ctm41TW9XvJLnWPEOu6hJPqviDXr/Udb1a6utS1C6uHAP4LP8Ag+B8T/Bu8+IH7AvhLS5NAuvj7onhb46ax4y/s6bTT4k0n4U65qXw2g8A23iuOJTqraXqvinSvH114JS8kWztJ7DxxLZRCTU7uRwD9Gv+DP8A/wCCc3x5/ZI/Z2/aG/aX/aA8H+Ifhpqf7Wuo/Cu1+Gnw+8W6feaH4pg+GvwstvHV3a+O9b0C+jt77SYPHeq/ES6Xw3a6tbW2ozaF4cg8QW9uuj+JdNur8A/sWoAKACgAoAKACgAoAKACgAoAKACgAoAKACgAoAKACgAoAKACgAoAKACgAoAKACgAoA+Sf2/f+TEf21v+zSf2j/8A1TvjKgD+UX/gyJ/5NI/bX/7OM8F/+qztaAP7cKAPnH9rL9k34Dftu/Abx3+zd+0j4E0/x/8AC3x/p5tdR026Ag1TRdUgDvo/izwnrCI134b8X+HLthqGga/p5W5srlSjieznu7S4AP8AJu/4KZ/8EzP2yP8Aggb+2R4K8feAfGvjC38D2/jCTxh+yd+1j4PjfSpr6bSne5Xwx4na2jk07Q/iRoenStYeL/CF+s+heLtCnu72xtdT8L6pqFhaAH9/f/BBr/gvL8MP+Cr3wwi+GvxKl8P/AA3/AG4Phv4fiuPiN8OLeVbHRfihotgsNtcfFn4TW9zK8txo9xK8TeLvCKzXOp+BdTukSRrzw9e6Rq90Af0SUAFABQAUAFABQAUAFABQAUAFABQB/9f+/igAoAKACgAoAKACgAoAKACgAoAKAP5zP+DrL/lCp+0Z/wBjr8DP/Vs+F6APtP8A4IV/8off+Cd3/ZsPw9/9JJaAP1goAKACgAoAKACgAoAKACgAoAKACgAoAKACgAoAKACgAoAKACgAoAKACgAoAKACgAoAKACgAoAKACgAoAKACgD+bz/g7E/5Qm/tDf8AZRf2ef8A1dPg6gD1/wD4NkP+UG37CX/YF+Ov/rUPxuoA/eSgD/Fk/wCC6H/KYD/gol/2dD8Rv/S+OgD+vL/gg7/wUj/a3/Z3/wCCSfwA+FXwE/4JI/tbfteReHdZ+OE+ifFXwZ4i8C+Cfg94tu9c+NvxC1yez07xNqP/AAkWvW40G+1GXw9rc8vhRxBqum34t0nhSN5QD87f2gf+CHP/AAXa/wCC1H7Z3jD9rP8Aap+D3w0/ZB0fx9f6FoOmQfEj4kaBf2Hwz+F/heGPStF8MeFfA/gfU/HHjrVbvSNOW61G4fxFp/hKHxb4s1LVtYe60Oz1ZvsQB/cd/wAEqf8Agl/8D/8AglB+y7pn7O3wfvb7xdrmq6vL4z+L3xa1yxi03xD8VPiFeWdrp9zrtxpcN1f2/hzQNM06ys9G8KeErK/vbXQtJtd91fax4g1HXvEOsgH0B+2n8PP2r/ij+z94t8H/ALFn7QXhH9mX4+3zW8nhn4p+Nfhdp/xZ0aytYo7kXmkDQNVu007SLzVJJLUQ+KrrRPGK6HHBM8fhHVpp42tQD/I3/wCCv3/BPH/gp9+x78ddc+JH/BRa18XfFDW/it4gdbH9qmPxVq3xP+HfxS1W3sj9m07TvHt/a2d/omoWOk6e9vo3gHxbo3g7XdM8PaQF0XwvD4a0+1lQA/pf/wCDTz/gtZ8evH3x0tv+CaP7UvxF8Q/Fnw94w8GeJNd/Zh8b+ONXv/EPjnwl4g+HWgS+I9d+Elxr+otcajrPgm++Hui+I/EfhkavfTT+D7rwhJoGlNLpGvWVloYB/oLUAFABQAUAFABQAUAFABQAUAFABQAUAFABQAUAFABQAUAFABQAUAFABQAUAFABQAUAfJP7fv8AyYj+2t/2aT+0f/6p3xlQB/KL/wAGRP8AyaR+2v8A9nGeC/8A1WdrQB/bhQAUAfOP7WX7JvwG/bd+A3jv9m79pHwJp/j/AOFvj/Tza6jpt0BBqmi6pAHfR/FnhPWERrvw34v8OXbDUNA1/TytzZXKlHE9nPd2lwAf5N3/AAUz/wCCZn7ZH/BA39sjwV4+8A+NfGFv4Ht/GEnjD9k79rHwfG+lTX02lO9yvhjxO1tHJp2h/EjQ9Olaw8X+EL9Z9C8XaFPd3tja6n4X1TULC0AP7+/+CDX/AAXl+GH/AAVe+GEXw1+JUvh/4b/twfDfw/FcfEb4cW8q2Oi/FDRbBYba4+LPwmt7mV5bjR7iV4m8XeEVmudT8C6ndIkjXnh690jV7oA/okoAKACgAoAKACgAoAKACgAoAKAP/9D+/igAoAKACgAoAKACgAoAKACgAoAKAP5zP+DrL/lCp+0Z/wBjr8DP/Vs+F6APtP8A4IV/8off+Cd3/ZsPw9/9JJaAP1goAKACgAoAKACgAoAKACgAoAKACgAoAKACgAoAKACgAoAKACgAoAKACgAoAKACgAoAKACgAoAKACgAoAKACgD+bz/g7E/5Qm/tDf8AZRf2ef8A1dPg6gD1/wD4NkP+UG37CX/YF+Ov/rUPxuoA/eSgD/Fk/wCC6H/KYD/gol/2dD8Rv/S+OgD/AEd/+DVP/lB7+yd/2M37R/8A60l8VqAP6JKACgCtZ3tnqEC3Vhd219bM8sa3NnPFcwNJbyvBPGs0DyRl4Z4pIZVDbo5Y3jcK6MqgHzb+2T+yn8Lv23P2Y/jL+y78YtFsdY8E/F3wVq/hqSa8tEu5/DWvyW7T+FPG2i7trW3iLwV4ki0zxPoN3E6PDqel2+4mFpUlAP8ALT/4NZ/gX40+J3/Bav8AZ41nQrS4m0P9n/RfjL8VfiNq2nySSW2leHrP4Z+K/hzpjteWwMDwav488d+E9E2tKkV3Z6lclPNRWjcA/wBcegAoAKACgAoAKACgAoAKACgAoAKACgAoAKACgAoAKACgAoAKACgAoAKACgAoAKACgD5J/b9/5MR/bW/7NJ/aP/8AVO+MqAP5Rf8AgyJ/5NI/bX/7OM8F/wDqs7WgD+3CgAoAKAPnH9rL9k34Dftu/Abx3+zd+0j4E0/x/wDC3x/p5tdR026Ag1TRdUgDvo/izwnrCI134b8X+HLthqGga/p5W5srlSjieznu7S4AP8m7/gpn/wAEzP2yP+CBv7ZHgrx94B8a+MLfwPb+MJPGH7J37WPg+N9KmvptKd7lfDHidraOTTtD+JGh6dK1h4v8IX6z6F4u0Ke7vbG11PwvqmoWFoAf39/8EGv+C8vww/4KvfDCL4a/EqXw/wDDf9uD4b+H4rj4jfDi3lWx0X4oaLYLDbXHxZ+E1vcyvLcaPcSvE3i7wis1zqfgXU7pEka88PXukavdAH9ElABQAUAFABQAUAFABQAUAFAH/9H+/igAoAKACgAoAKACgAoAKACgAoAKAP5zP+DrL/lCp+0Z/wBjr8DP/Vs+F6APtP8A4IV/8off+Cd3/ZsPw9/9JJaAP1goAKACgAoAKACgAoAKACgAoAKACgAoAKACgAoAKACgAoAKACgAoAKACgAoAKACgAoAKACgAoAKACgAoAKACgD+bz/g7E/5Qm/tDf8AZRf2ef8A1dPg6gD1/wD4NkP+UG37CX/YF+Ov/rUPxuoA/Tz9rv8Aaq0/9kP4Y2vxKvvgN+1L+0XJqGvx+G9P+Hv7JHwJ8WfH74ky302j6xrEV9feGvCyoug+HNmjSafP4n8QX+maFbatf6Rps98l1qdojgH+Sl+27+xb/wAFUv2wf2wP2mP2o5P+CW//AAUE8MRfHv41/EP4oad4ZuP2Qf2iL258OaL4r8SX+paDoF1ex/DZYr270XRZrDTbq7hSKG6uLWWeGKGKRIlAP7M/+Daz9qv9ob9lX9lj4X/8E9P2r/8Agm//AMFJvhV4j0r4yeItO+HHxgvv2MPjZ/wpVPDPxf8AGf8AwkK3PxJ8X6n4a0mX4bw+GvF3iPxBL4g17V9Mfwlp3hg2uuX2vWxh1K3tQD+yKgD8zv8AgsZ+z1+0b+1X/wAE0/2r/gF+yd4ln8M/Hn4heBNLsvBr22vr4Wm8TWWleM/DPiDxl8PI/Eck1tBpDfEvwPpPiPwCtze3lhpUjeIhaa1qFjo1xf3UQB/lufsd/tCf8Fav+CJX7R6a34Q+FP7QHws1CHVrbTviX+z/APFj4a/ES0+GPxZ0tJlc6V4g8L3mn2tnfTXNvuk8M+O/Cdxb6/p8Vwbzw34gbTr+8t78A/vH0D/gs3+3B/wUa/Z11f4c/sBf8EtP2uvhX+0J8T/BepeFJ/j3+0vYaF8Lf2T/AIEanr9rJo+rePfD/wAXNUvINc+Leo+CYLuXWdC8OaH4A0vxDeanDYTz+Hb63gn0q/APvH/gi3/wRq+Dn/BIL4B6p4Q0HWIfiZ+0F8U20nVfjz8a5NNfTF8RXujpdHQ/Bng7S55bifQvh74QbUtRGlW9xPJquv6pfal4j1toGu9N0TQQD9nKACgAoAKACgAoAKACgAoAKACgAoAKACgAoAKACgAoAKACgAoAKACgAoAKACgAoAKAPkn9v3/kxH9tb/s0n9o//wBU74yoA/lF/wCDIn/k0j9tf/s4zwX/AOqztaAP7cKACgAoAKAPnH9rL9k34Dftu/Abx3+zd+0j4E0/x/8AC3x/p5tdR026Ag1TRdUgDvo/izwnrCI134b8X+HLthqGga/p5W5srlSjieznu7S4AP8AJv8A+Cmf/BMz9sj/AIIG/tj+CvH/AIB8a+MLfwPb+MJPGH7J37WPg+N9KmvZtJd7lfC/ic20cunaH8SNE06VrDxf4Qv1m0LxdoU93fWNrqnhfVNQ0+yAP7+v+CDX/BeX4Yf8FXvhhF8NfiVL4f8Ahv8AtwfDfw/FcfEb4cW8q2Oi/FDRbBYba4+LPwmt7mV5bjR7iV4m8XeEVmudT8C6ndIkjXnh690jV7oA/okoAKACgAoAKACgAoAKACgD/9L+/igAoAKACgAoAKACgAoAKACgAoAKAP5zP+DrL/lCp+0Z/wBjr8DP/Vs+F6APtP8A4IV/8off+Cd3/ZsPw9/9JJaAP1goAKACgAoAKACgAoAKACgAoAKACgAoAKACgAoAKACgAoAKACgAoAKACgAoAKACgAoAKACgAoAKACgAoAKACgD+bz/g7E/5Qm/tDf8AZRf2ef8A1dPg6gD1/wD4NkP+UG37CX/YF+Ov/rUPxuoA/eSgAoAKACgAoAKACgAoAKACgAoAKACgAoAKACgAoAKACgAoAKACgAoAKACgAoAKACgAoAKACgAoAKACgAoAKAPkn9v3/kxH9tb/ALNJ/aP/APVO+MqAP5Rf+DIn/k0j9tf/ALOM8F/+qztaAP7cKACgAoAKACgD5x/ax/ZO+A37bnwG8d/s3ftI+BNP+IHwt8f6ebXUtNugINU0XU4A76P4s8J6wiNeeHPF/hy8YahoGv6eUurK6TY4ns57u1nAP8m//gpn/wAEzP2yP+CBv7ZHgrx/4A8a+MLfwPb+MJPGH7J37WPg+N9KmvZtJd7lfC/idraKTTtD+JGh6dK9h4v8IX6S6F4u0Ke7vrG11TwvqmoadZAH9/X/AAQa/wCC8vww/wCCr3wwi+GvxKl8P/Df9uD4b+H4rj4jfDi3lWx0X4oaLYLDbXHxZ+E1vcyvLcaPcSvE3i7wis1zqfgXU7pEka88PXukavdAH9ElABQAUAFABQAUAFABQB//0/7+KACgAoAKACgAoAKACgAoAKACgAoA/nM/4Osv+UKn7Rn/AGOvwM/9Wz4XoA+0/wDghX/yh9/4J3f9mw/D3/0kloA/WCgAoAKACgAoAKACgAoAKACgAoAKACgAoAKACgAoAKACgAoAKACgAoAKACgAoAKACgAoAKACgAoAKACgAoAKAP5vP+DsT/lCb+0N/wBlF/Z5/wDV0+DqAPX/APg2Q/5QbfsJf9gX46/+tQ/G6gD95KACgAoAKACgAoAKACgAoAKACgAoAKACgAoAKACgAoAKACgAoAKACgAoAKACgAoAKACgAoAKACgAoAKACgAoA+Sf2/f+TEf21v8As0n9o/8A9U74yoA/lF/4Mif+TSP21/8As4zwX/6rO1oA/twoAKACgAoAKACgD5x/ax/ZO+A37bnwG8d/s3ftI+BNP+IHwt8f6ebXUtNugINU0XU4A76P4s8J6wiNeeHPF/hy8YahoGv6eUurK6TY4ns57u1nAP8AJv8A+Cmf/BMz9sj/AIIG/tkeCvH/AIA8a+MLfwPb+MJPGH7J37WPg+N9KmvZtJd7lfC/idraKTTtD+JGh6dK9h4v8IX6S6F4u0Ke7vrG11TwvqmoadZAH9/X/BBr/gvL8MP+Cr3wwi+GvxKl8P8Aw3/bg+G/h+K4+I3w4t5VsdF+KGi2Cw21x8WfhNb3Mry3Gj3ErxN4u8IrNc6n4F1O6RJGvPD17pGr3QB/RJQAUAFABQAUAFABQB//1P7+KACgAoAKACgAoAKACgAoAKACgAoA/nM/4Osv+UKn7Rn/AGOvwM/9Wz4XoA+0/wDghX/yh9/4J3f9mw/D3/0kloA/WCgAoAKACgAoAKACgAoAKACgAoAKACgAoAKACgAoAKACgAoAKACgAoAKACgAoAKACgAoAKACgAoAKACgAoAKAP5vP+DsT/lCb+0N/wBlF/Z5/wDV0+DqAPX/APg2Q/5QbfsJf9gX46/+tQ/G6gD95KACgAoAKACgAoAKACgAoAKACgAoAKACgAoAKACgAoAKACgAoAKACgAoAKACgAoAKACgAoAKACgAoAKACgAoA+Sf2/f+TEf21v8As0n9o/8A9U74yoA/lF/4Mif+TSP21/8As4zwX/6rO1oA/twoAKACgAoAKACgAoA+cf2sf2TvgN+258BvHf7N37SPgTT/AIgfC3x/p5tdS026Ag1TRdTgDvo/izwnrCI154c8X+HLxhqGga/p5S6srpNjieznu7WcA/yb/wDgpn/wTM/bI/4IG/tkeCvH/gDxr4wt/A9v4wk8YfsnftY+D430qa9m0l3uV8L+J2topNO0P4kaHp0r2Hi/whfpLoXi7Qp7u+sbXVPC+qahp1kAf39f8EGv+C8vww/4KvfDCL4a/EqXw/8ADf8Abg+G/h+K4+I3w4t5VsdF+KGi2Cw21x8WfhNb3Mry3Gj3ErxN4u8IrNc6n4F1O6RJGvPD17pGr3QB/RJQAUAFABQAUAFAH//V/v4oAKACgAoAKACgAoAKACgAoAKACgD+cz/g6y/5QqftGf8AY6/Az/1bPhegD7T/AOCFf/KH3/gnd/2bD8Pf/SSWgD9YKACgAoAKACgAoAKACgAoAKACgAoAKACgAoAKACgAoAKACgAoAKACgAoAKACgAoAKACgAoAKACgAoAKACgAoA/m8/4OxP+UJv7Q3/AGUX9nn/ANXT4OoA9f8A+DZD/lBt+wl/2Bfjr/61D8bqAP3koAKACgAoAKACgAoAKACgAoAKACgAoAKACgAoAKACgAoAKACgAoAKACgAoAKACgAoAKACgAoAKACgAoAKACgD5J/b9/5MR/bW/wCzSf2j/wD1TvjKgD+UX/gyJ/5NI/bX/wCzjPBf/qs7WgD+3CgAoAKACgAoAKACgAoA+cf2sf2TvgN+258BvHf7N37SPgTT/iB8LfH+nm11LTboCDVNF1OAO+j+LPCesIjXnhzxf4cvGGoaBr+nlLqyuk2OJ7Oe7tZwD/Jv/wCCmf8AwTM/bI/4IG/tj+CvH/gDxr4wt/A9v4wk8YfsnftY+D430qa9n0p3uV8L+KGto5NO0P4kaJp0r2Hi7whfpNoXi/Qpru+sbXU/C+qahp1kAf39f8EGv+C8vww/4KvfDCL4a/EqXw/8N/24Phv4fiuPiN8OLeVbHRfihotgsNtcfFn4TW9zK8txo9xK8TeLvCKzXOp+BdTukSRrzw9e6Rq90Af0SUAFABQAUAFAH//W/v4oAKACgAoAKACgAoAKACgAoAKACgD+cz/g6y/5QqftGf8AY6/Az/1bPhegD7T/AOCFf/KH3/gnd/2bD8Pf/SSWgD9YKACgAoAKACgAoAKACgAoAKACgAoAKACgAoAKACgAoAKACgAoAKACgAoAKACgAoAKACgAoAKACgAoAKACgAoA/m8/4OxP+UJv7Q3/AGUX9nn/ANXT4OoA9f8A+DZD/lBt+wl/2Bfjr/61D8bqAP3koAKACgAoAKACgAoAKACgAoAKACgAoAKACgAoAKACgAoAKACgAoAKACgAoAKACgAoAKACgAoAKACgAoAKACgD5J/b9/5MR/bW/wCzSf2j/wD1TvjKgD+UX/gyJ/5NI/bX/wCzjPBf/qs7WgD+3CgAoAKACgAoAKACgAoAKAPnL9rH9k74D/tufAfx3+zd+0h4E074gfC34gacbXUtNugINT0bU4A76P4s8J6wiNeeHPF/hy8ZdQ0DX9PZLqxukKuJ7Oe7s7gA/wAm/wD4Kaf8Ey/2x/8Aggb+2P4K8f8AgDxr4wt/A1v4wk8YfsnftY+D430qe9n0p3uV8L+KGto5NO0T4kaJp0r2Hi7wjfxy6F4v0Ka7vrG11TwvqmoafZAH9/P/AAQa/wCC8vww/wCCr3wwi+GvxKl8P/Df9uD4b+H4rj4jfDi3lWx0X4oaLYLDbXHxZ+E1vcyvLcaPcSvE3i7wis1zqfgXU7pEka88PXukavdAH9ElABQAUAFAH//X/v4oAKACgAoAKACgAoAKACgAoAKACgD+cz/g6y/5QqftGf8AY6/Az/1bPhegD7T/AOCFf/KH3/gnd/2bD8Pf/SSWgD9YKACgAoAKACgAoAKACgAoAKACgAoAKACgAoAKACgAoAKACgAoAKACgAoAKACgAoAKACgAoAKACgAoAKACgAoA/m8/4OxP+UJv7Q3/AGUX9nn/ANXT4OoA9f8A+DZD/lBt+wl/2Bfjr/61D8bqAP3koAKACgAoAKACgAoAKACgAoAKACgAoAKACgAoAKACgAoAKACgAoAKACgAoAKACgAoAKACgAoAKACgAoAKACgD5J/b9/5MR/bW/wCzSf2j/wD1TvjKgD+UX/gyJ/5NI/bX/wCzjPBf/qs7WgD+3CgAoAKACgAoAKACgAoAKACgD5y/ax/ZO+A/7bnwH8d/s3ftIeBNO+IHwt+IGnG11LTboCDU9G1OAO+j+LPCesIjXnhzxf4cvGXUNA1/T2S6sbpCrieznu7O4AP8m/8A4Kaf8Ey/2x/+CBv7Y/grx/4A8a+MLfwNb+MJPGH7J37WPg+N9KnvZ9Kd7lfC/ihraOTTtE+JGiadK9h4u8I38cuheL9Cmu76xtdU8L6pqGn2QB/fz/wQa/4Ly/DD/gq98MIvhr8SpfD/AMN/24Phv4fiuPiN8OLeVbHRfihotgsNtcfFn4TW9zK8txo9xK8TeLvCKzXOp+BdTukSRrzw9e6Rq90Af0SUAFABQB//0P7+KACgAoAKACgAoAKACgAoAKACgAoA/nM/4Osv+UKn7Rn/AGOvwM/9Wz4XoA+0/wDghX/yh9/4J3f9mw/D3/0kloA/WCgAoAKACgAoAKACgAoAKACgAoAKACgAoAKACgAoAKACgAoAKACgAoAKACgAoAKACgAoAKACgAoAKACgAoAKAP5vP+DsT/lCb+0N/wBlF/Z5/wDV0+DqAPX/APg2Q/5QbfsJf9gX46/+tQ/G6gD95KACgAoAKACgAoAKACgAoAKACgAoAKACgAoAKACgAoAKACgAoAKACgAoAKACgAoAKACgAoAKACgAoAKACgAoA+Sf2/f+TEf21v8As0n9o/8A9U74yoA/lF/4Mif+TSP21/8As4zwX/6rO1oA/twoAKACgAoAKACgAoAKACgAoAKAPnL9rH9k74D/ALbnwH8d/s3ftIeBNO+IHwt+IGnG11LTboCDU9G1OAO+j+LPCesIjXnhzxf4cvGXUNA1/T2S6sbpCrieznu7O4AP8m//AIKaf8Ey/wBsf/ggb+2P4K8f+APGvjC38DW/jCTxh+yd+1j4PjfSp72fSne5Xwv4oa2jk07RPiRomnSvYeLvCN/HLoXi/Qpru+sbXVPC+qahp9kAf38/8EGv+C8vww/4KvfDCL4a/EqXw/8ADf8Abg+G/h+K4+I3w4t5VsdF+KGi2Cw21x8WfhNb3Mry3Gj3ErxN4u8IrNc6n4F1O6RJGvPD17pGr3QB/RJQAUAf/9H+/igAoAKACgAoAKACgAoAKACgAoAKAP5zP+DrL/lCp+0Z/wBjr8DP/Vs+F6APtP8A4IV/8off+Cd3/ZsPw9/9JJaAP1goAKACgAoAKACgAoAKACgAoAKACgAoAKACgAoAKACgAoAKACgAoAKACgAoAKACgAoAKACgAoAKACgAoAKACgD+bz/g7E/5Qm/tDf8AZRf2ef8A1dPg6gD1/wD4NkP+UG37CX/YF+Ov/rUPxuoA/eSgAoAKACgAoAKACgAoAKACgAoAKACgAoAKACgAoAKACgAoAKACgAoAKACgAoAKACgAoAKACgAoAKACgAoAKAPkn9v3/kxH9tb/ALNJ/aP/APVO+MqAP5Rf+DIn/k0j9tf/ALOM8F/+qztaAP7cKACgAoAKACgAoAKACgAoAKACgAoA+cv2sf2TvgP+258B/Hf7N37SHgTTviB8LfiBpxtdS026Ag1PRtTgDvo/izwnrCI154c8X+HLxl1DQNf09kurG6Qq4ns57uzuAD/Jv/4Kaf8ABMv9sj/ggb+2P4K+IHgDxr4wt/A1v4wk8YfsnftY+D430qa8n0p5LlfC/ihraOTTtD+JGiadK9h4u8I38cuheL9Cmu76xtdU8L6nqGn2QB/ohf8ABAr/AILCJ/wV1/ZZ1/xP408Ip4L/AGifgJqXhnwP8eLDSLaSPwT4k1PxBpd/eeGfiF4Jd5JnsNM8YQaHrMmoeFrqWS88La1p1/ZJPe6PPo2pXoB+7dAH/9L+/igAoAKACgAoAKACgAoAKACgAoAKAP5zP+DrL/lCp+0Z/wBjr8DP/Vs+F6APtP8A4IV/8off+Cd3/ZsPw9/9JJaAP1goAKACgAoAKACgAoAKACgAoAKACgAoAKACgAoAKACgAoAKACgAoAKACgAoAKACgAoAKACgAoAKACgAoAKACgD+bz/g7E/5Qm/tDf8AZRf2ef8A1dPg6gD1/wD4NkP+UG37CX/YF+Ov/rUPxuoA/eSgAoAKACgAoAKACgAoAKACgAoAKACgAoAKACgAoAKACgAoAKACgAoAKACgAoAKACgAoAKACgAoAKACgAoAKAPkn9v3/kxH9tb/ALNJ/aP/APVO+MqAP5Rf+DIn/k0j9tf/ALOM8F/+qztaAP7cKACgAoAKACgAoAKACgAoAKACgAoAKAPnL9rH9k74D/tt/Afx3+zf+0h4E074gfCz4gacbTUtMuwINT0bU4Az6P4r8KawiNeeHPF/hy8ZdQ0DX9PKXVjdJtbzrOe7tbgA/kU/4M1fBth8Ob3/AIK0fD3Srq8vdL8CftCfCXwbpt7qBha/u7DwxL8d9Es7q+a2ht7c3lxb2Mctybe3ghMzOYoYkKooB/bxQB//0/7+KACgAoAKACgAoAKACgAoAKACgAoA/nM/4Osv+UKn7Rn/AGOvwM/9Wz4XoA+0/wDghX/yh9/4J3f9mw/D3/0kloA/WCgAoAKACgAoAKACgAoAKACgAoAKACgAoAKACgAoAKACgAoAKACgAoAKACgAoAKACgAoAKACgAoAKACgAoAKAP5vP+DsT/lCb+0N/wBlF/Z5/wDV0+DqAPX/APg2Q/5QbfsJf9gX46/+tQ/G6gD95KACgAoAKACgAoAKACgAoAKACgAoAKACgAoAKACgAoAKACgAoAKACgAoAKACgAoAKACgAoAKACgAoAKACgAoA+Sf2/f+TEf21v8As0n9o/8A9U74yoA/lF/4Mif+TSP21/8As4zwX/6rO1oA/twoAKACgAoAKACgAoAKACgAoAKACgAoAKAP4tv+DRf/AJKV/wAFoP8As7PwV/6f/wBoSgD+0mgD/9T+/igAoAKACgAoAKACgAoAKACgAoAKAP5zP+DrL/lCp+0Z/wBjr8DP/Vs+F6APtP8A4IV/8off+Cd3/ZsPw9/9JJaAP1goAKACgAoAKACgAoAKACgAoAKACgAoAKACgAoAKACgAoAKACgAoAKACgAoAKACgAoAKACgAoAKACgAoAKACgD+bz/g7E/5Qm/tDf8AZRf2ef8A1dPg6gD1/wD4NkP+UG37CX/YF+Ov/rUPxuoA/eSgAoAKACgAoAKACgAoAKACgAoAKACgAoAKACgAoAKACgAoAKACgAoAKACgAoAKACgAoAKACgAoAKACgAoAKAPkn9v3/kxH9tb/ALNJ/aP/APVO+MqAP5Rf+DIn/k0j9tf/ALOM8F/+qztaAP7cKACgAoAKACgAoAKACgAoAKACgAoAKACgD+Lb/g0X/wCSlf8ABaD/ALOz8Ff+n/8AaEoA/tJoA//V/v4oAKACgAoAKACgAoAKACgAoAKACgD+cz/g6y/5QqftGf8AY6/Az/1bPhegD7T/AOCFf/KH3/gnd/2bD8Pf/SSWgD9YKACgAoAKACgAoAKACgAoAKACgAoAKACgAoAKACgAoAKACgAoAKACgAoAKACgAoAKACgAoAKACgAoAKACgAoA/m8/4OxP+UJv7Q3/AGUX9nn/ANXT4OoA9f8A+DZD/lBt+wl/2Bfjr/61D8bqAP3koAKACgAoAKACgAoAKACgAoAKACgAoAKACgAoAKACgAoAKACgAoAKACgAoAKACgAoAKACgAoAKACgAoAKACgD5J/b9/5MR/bW/wCzSf2j/wD1TvjKgD+UX/gyJ/5NI/bX/wCzjPBf/qs7WgD+3CgAoAKACgAoAKACgAoAKACgAoAKACgAoA/i2/4NF/8AkpX/AAWg/wCzs/BX/p//AGhKAP7SaAP/1v7+KACgAoAKACgAoAKACgAoAKACgAoA/nM/4Osv+UKn7Rn/AGOvwM/9Wz4XoA+0/wDghX/yh9/4J3f9mw/D3/0kloA/WCgAoAKACgAoAKACgAoAKACgAoAKACgAoAKACgAoAKACgAoAKACgAoAKACgAoAKACgAoAKACgAoAKACgAoAKAP5vP+DsT/lCb+0N/wBlF/Z5/wDV0+DqAPX/APg2Q/5QbfsJf9gX46/+tQ/G6gD95KACgAoAKACgAoAKACgAoAKACgAoAKACgAoAKACgAoAKACgAoAKACgAoAKACgAoAKACgAoAKACgAoAKACgAoA+Sf2/f+TEf21v8As0n9o/8A9U74yoA/lF/4Mif+TSP21/8As4zwX/6rO1oA/twoAKACgAoAKACgAoAKACgAoAKACgAoAKAP4tv+DRf/AJKV/wAFoP8As7PwV/6f/wBoSgD+0mgD/9f+/igAoAKACgAoAKACgAoAKACgAoAKAP5zP+DrL/lCp+0Z/wBjr8DP/Vs+F6APtP8A4IV/8off+Cd3/ZsPw9/9JJaAP1goAKACgAoAKACgAoAKACgAoAKACgAoAKACgAoAKACgAoAKACgAoAKACgAoAKACgAoAKACgAoAKACgAoAKACgD+bz/g7E/5Qm/tDf8AZRf2ef8A1dPg6gD1/wD4NkP+UG37CX/YF+Ov/rUPxuoA/eSgAoAKACgAoAKACgAoAKACgAoAKACgAoAKACgAoAKACgAoAKACgAoAKACgAoAKACgAoAKACgAoAKACgAoAKAPkn9v3/kxH9tb/ALNJ/aP/APVO+MqAP5Rf+DIn/k0j9tf/ALOM8F/+qztaAP7cKACgAoAKACgAoAKACgAoAKACgAoAKACgD+Lb/g0X/wCSlf8ABaD/ALOz8Ff+n/8AaEoA/tJoA//Q/v4oAKACgAoAKACgAoAKACgAoAKACgD+cz/g6y/5QqftGf8AY6/Az/1bPhegD7T/AOCFf/KH3/gnd/2bD8Pf/SSWgD9YKACgAoAKACgAoAKACgAoAKACgAoAKACgAoAKACgAoAKACgAoAKACgAoAKACgAoAKACgAoAKACgAoAKACgAoA/m8/4OxP+UJv7Q3/AGUX9nn/ANXT4OoA9f8A+DZD/lBt+wl/2Bfjr/61D8bqAP3koAKACgAoAKACgAoAKACgAoAKACgAoAKACgAoAKACgAoAKACgAoAKACgAoAKACgAoAKACgAoAKACgAoAKACgD5J/b9/5MR/bW/wCzSf2j/wD1TvjKgD+UX/gyJ/5NI/bX/wCzjPBf/qs7WgD+3CgAoAKACgAoAKACgAoAKACgAoAKACgAoA/i2/4NF/8AkpX/AAWg/wCzs/BX/p//AGhKAP7SaAP/0f7+KACgAoAKACgAoAKACgAoAKACgAoA/nM/4Osv+UKn7Rn/AGOvwM/9Wz4XoA+0/wDghX/yh9/4J3f9mw/D3/0kloA/WCgAoAKACgAoAKACgAoAKACgAoAKACgAoAKACgAoAKACgAoAKACgAoAKACgAoAKACgAoAKACgAoAKACgAoAKAP5vP+DsT/lCb+0N/wBlF/Z5/wDV0+DqAPX/APg2Q/5QbfsJf9gX46/+tQ/G6gD95KACgAoAKACgAoAKACgAoAKACgAoAKACgAoAKACgAoAKACgAoAKACgAoAKACgAoAKACgAoAKACgAoAKACgAoA+Sf2/f+TEf21v8As0n9o/8A9U74yoA/lF/4Mif+TSP21/8As4zwX/6rO1oA/twoAKACgAoAKACgAoAKACgAoAKACgAoAKAP4tv+DRf/AJKV/wAFoP8As7PwV/6f/wBoSgD+0mgD/9L+/igAoAKACgAoAKACgAoAKACgAoAKAP5zP+DrL/lCp+0Z/wBjr8DP/Vs+F6APtP8A4IV/8off+Cd3/ZsPw9/9JJaAP1goAKACgAoAKACgAoAKACgAoAKACgAoAKACgAoAKACgAoAKACgAoAKACgAoAKACgAoAKACgAoAKACgAoAKACgD+bz/g7E/5Qm/tDf8AZRf2ef8A1dPg6gD1/wD4NkP+UG37CX/YF+Ov/rUPxuoA/eSgAoAKACgAoAKACgAoAKACgAoAKACgAoAKACgAoAKACgAoAKACgAoAKACgAoAKACgAoAKACgAoAKACgAoAKAPkn9v3/kxH9tb/ALNJ/aP/APVO+MqAP5Rf+DIn/k0j9tf/ALOM8F/+qztaAP7cKACgAoAKACgAoAKACgAoAKACgAoAKACgD+Lb/g0X/wCSlf8ABaD/ALOz8Ff+n/8AaEoA/tJoA//T/v4oAKACgAoAKACgAoAKACgAoAKACgD+cz/g6y/5QqftGf8AY6/Az/1bPhegD7T/AOCFf/KH3/gnd/2bD8Pf/SSWgD9YKACgAoAKACgAoAKACgAoAKACgAoAKACgAoAKACgAoAKACgAoAKACgAoAKACgAoAKACgAoAKACgAoAKACgAoA/m8/4OxP+UJv7Q3/AGUX9nn/ANXT4OoA9f8A+DZD/lBt+wl/2Bfjr/61D8bqAP3koAKACgAoAKACgAoAKACgAoAKACgAoAKACgAoAKACgAoAKACgAoAKACgAoAKACgAoAKACgAoAKACgAoAKACgD5J/b9/5MR/bW/wCzSf2j/wD1TvjKgD+UX/gyJ/5NI/bX/wCzjPBf/qs7WgD+3CgAoAKACgAoAKACgAoAKACgAoAKACgAoA/i2/4NF/8AkpX/AAWg/wCzs/BX/p//AGhKAP7SaAP/1P7+KACgAoAKACgAoAKACgAoAKACgAoA/nM/4Osv+UKn7Rn/AGOvwM/9Wz4XoA+0/wDghX/yh9/4J3f9mw/D3/0kloA/WCgAoAKACgAoAKACgAoAKACgAoAKACgAoAKACgAoAKACgAoAKACgAoAKACgAoAKACgAoAKACgAoAKACgAoAKAP5vP+DsT/lCb+0N/wBlF/Z5/wDV0+DqAPX/APg2Q/5QbfsJf9gX46/+tQ/G6gD95KACgAoAKACgAoAKACgAoAKACgAoAKACgAoAKACgAoAKACgAoAKACgAoAKACgAoAKACgAoAKACgAoAKACgAoA+Sf2/f+TEf21v8As0n9o/8A9U74yoA/lF/4Mif+TSP21/8As4zwX/6rO1oA/twoAKACgAoAKACgAoAKACgAoAKACgAoAKAP4tv+DRf/AJKV/wAFoP8As7PwV/6f/wBoSgD+0mgD/9X+/igAoAKACgAoAKACgAoAKACgAoAKAP5zP+DrL/lCp+0Z/wBjr8DP/Vs+F6APtP8A4IV/8off+Cd3/ZsPw9/9JJaAP1goAKACgAoAKACgAoAKACgAoAKACgAoAKACgAoAKACgAoAKACgAoAKACgAoAKACgAoAKACgAoAKACgAoAKACgD+bz/g7E/5Qm/tDf8AZRf2ef8A1dPg6gD1/wD4NkP+UG37CX/YF+Ov/rUPxuoA/eSgAoAKACgAoAKACgAoAKACgAoAKACgAoAKACgAoAKACgAoAKACgAoAKACgAoAKACgAoAKACgAoAKACgAoAKAPkn9v3/kxH9tb/ALNJ/aP/APVO+MqAP5Rf+DIn/k0j9tf/ALOM8F/+qztaAP7cKACgAoAKACgAoAKACgAoAKACgAoAKACgD+Lb/g0X/wCSlf8ABaD/ALOz8Ff+n/8AaEoA/tJoA//W/v4oAKACgAoAKACgAoAKACgAoAKACgD+cz/g6y/5QqftGf8AY6/Az/1bPhegD7T/AOCFf/KH3/gnd/2bD8Pf/SSWgD9YKACgAoAKACgAoAKACgAoAKACgAoAKACgAoAKACgAoAKACgAoAKACgAoAKACgAoAKACgAoAKACgAoAKACgAoA/m8/4OxP+UJv7Q3/AGUX9nn/ANXT4OoA9f8A+DZD/lBt+wl/2Bfjr/61D8bqAP3koAKACgAoAKACgAoAKACgAoAKACgAoAKACgAoAKACgAoAKACgAoAKACgAoAKACgAoAKACgAoAKACgAoAKACgD5J/b9/5MR/bW/wCzSf2j/wD1TvjKgD+UX/gyJ/5NI/bX/wCzjPBf/qs7WgD+3CgAoAKACgAoAKACgAoAKACgAoAKACgAoA/i2/4NF/8AkpX/AAWg/wCzs/BX/p//AGhKAP7SaAP/1/7+KACgAoAKACgAoAKACgAoAKACgAoA/nM/4Osv+UKn7Rn/AGOvwM/9Wz4XoA+0/wDghX/yh9/4J3f9mw/D3/0kloA/WCgAoAKACgAoAKACgAoAKACgAoAKACgAoAKACgAoAKACgAoAKACgAoAKACgAoAKACgAoAKACgAoAKACgAoAKAP5vP+DsT/lCb+0N/wBlF/Z5/wDV0+DqAPX/APg2Q/5QbfsJf9gX46/+tQ/G6gD95KACgAoAKACgAoAKACgAoAKACgAoAKACgAoAKACgAoAKACgAoAKACgAoAKACgAoAKACgAoAKACgAoAKACgAoA+Sf2/f+TEf21v8As0n9o/8A9U74yoA/lF/4Mif+TSP21/8As4zwX/6rO1oA/twoAKACgAoAKACgAoAKACgAoAKACgAoAKAP4tv+DRf/AJKV/wAFoP8As7PwV/6f/wBoSgD+0mgD/9D+/igAoAKACgAoAKACgAoAKACgAoAKAP5zP+DrL/lCp+0Z/wBjr8DP/Vs+F6APtP8A4IV/8off+Cd3/ZsPw9/9JJaAP1goAKACgAoAKACgAoAKACgAoAKACgAoAKACgAoAKACgAoAKACgAoAKACgAoAKACgAoAKACgAoAKACgAoAKACgD+bz/g7E/5Qm/tDf8AZRf2ef8A1dPg6gD1/wD4NkP+UG37CX/YF+Ov/rUPxuoA/eSgAoAKACgAoAKACgAoAKACgAoAKACgAoAKACgAoAKACgAoAKACgAoAKACgAoAKACgAoAKACgAoAKACgAoAKAPkn9v3/kxH9tb/ALNJ/aP/APVO+MqAP5Rf+DIn/k0j9tf/ALOM8F/+qztaAP7cKACgAoAKACgAoAKACgAoAKACgAoAKACgD+Lb/g0X/wCSlf8ABaD/ALOz8Ff+n/8AaEoA/tJoA//R/v4oAKACgAoAKACgAoAKACgAoAKACgD+cz/g6y/5QqftGf8AY6/Az/1bPhegD7T/AOCFf/KH3/gnd/2bD8Pf/SSWgD9YKACgAoAKACgAoAKACgAoAKACgAoAKACgAoAKACgAoAKACgAoAKACgAoAKACgAoAKACgAoAKACgAoAKACgAoA/m8/4OxP+UJv7Q3/AGUX9nn/ANXT4OoA9f8A+DZD/lBt+wl/2Bfjr/61D8bqAP3koAKACgAoAKACgAoAKACgAoAKACgAoAKACgAoAKACgAoAKACgAoAKACgAoAKACgAoAKACgAoAKACgAoAKACgD5J/b9/5MR/bW/wCzSf2j/wD1TvjKgD+UX/gyJ/5NI/bX/wCzjPBf/qs7WgD+3CgAoAKACgAoAKACgAoAKACgAoAKACgAoA/i2/4NF/8AkpX/AAWg/wCzs/BX/p//AGhKAP7SaAP/0v7+KACgAoAKACgAoAKACgAoAKACgAoA/nM/4Osv+UKn7Rn/AGOvwM/9Wz4XoA+0/wDghX/yh9/4J3f9mw/D3/0kloA/WCgAoAKACgAoAKACgAoAKACgAoAKACgAoAKACgAoAKACgAoAKACgAoAKACgAoAKACgAoAKACgAoAKACgAoAKAP5vP+DsT/lCb+0N/wBlF/Z5/wDV0+DqAPX/APg2Q/5QbfsJf9gX46/+tQ/G6gD95KACgAoAKACgAoAKACgAoAKACgAoAKACgAoAKACgAoAKACgAoAKACgAoAKACgAoAKACgAoAKACgAoAKACgAoA+Sf2/f+TEf21v8As0n9o/8A9U74yoA/lF/4Mif+TSP21/8As4zwX/6rO1oA/twoAKACgAoAKACgAoAKACgAoAKACgAoAKAP4tv+DRf/AJKV/wAFoP8As7PwV/6f/wBoSgD+0mgD/9P+/igAoAKACgAoAKACgAoAKACgAoAKAP5zP+DrL/lCp+0Z/wBjr8DP/Vs+F6APtP8A4IV/8off+Cd3/ZsPw9/9JJaAP1goAKACgAoAKACgAoAKACgAoAKACgAoAKACgAoAKACgAoAKACgAoAKACgAoAKACgAoAKACgAoAKACgAoAKACgD+bz/g7E/5Qm/tDf8AZRf2ef8A1dPg6gD1/wD4NkP+UG37CX/YF+Ov/rUPxuoA/eSgAoAKACgAoAKACgAoAKACgAoAKACgAoAKACgAoAKACgAoAKACgAoAKACgAoAKACgAoAKACgAoAKACgAoAKAPkn9v3/kxH9tb/ALNJ/aP/APVO+MqAP5Rf+DIn/k0j9tf/ALOM8F/+qztaAP7cKACgAoAKACgAoAKACgAoAKACgAoAKACgD+Lb/g0X/wCSlf8ABaD/ALOz8Ff+n/8AaEoA/tJoA//U/v4oAKACgAoAKACgAoAKACgAoAKACgD+cz/g6y/5QqftGf8AY6/Az/1bPhegD7T/AOCFf/KH3/gnd/2bD8Pf/SSWgD9YKACgAoAKACgAoAKACgAoAKACgAoAKACgAoAKACgAoAKACgAoAKACgAoAKACgAoAKACgAoAKACgAoAKACgAoA/m8/4OxP+UJv7Q3/AGUX9nn/ANXT4OoA9f8A+DZD/lBt+wl/2Bfjr/61D8bqAP3koAKACgAoAKACgAoAKACgAoAKACgAoAKACgAoAKACgAoAKACgAoAKACgAoAKACgAoAKACgAoAKACgAoAKACgD5J/b9/5MR/bW/wCzSf2j/wD1TvjKgD+UX/gyJ/5NI/bX/wCzjPBf/qs7WgD+3CgAoAKACgAoAKACgAoAKACgAoAKACgAoA/i2/4NF/8AkpX/AAWg/wCzs/BX/p//AGhKAP7SaAP/1f7+KACgAoAKACgAoAKACgAoAKACgAoA/nM/4Osv+UKn7Rn/AGOvwM/9Wz4XoA+0/wDghX/yh9/4J3f9mw/D3/0kloA/WCgAoAKACgAoAKACgAoAKACgAoAKACgAoAKACgAoAKACgAoAKACgAoAKACgAoAKACgAoAKACgAoAKACgAoAKAP5vP+DsT/lCb+0N/wBlF/Z5/wDV0+DqAPX/APg2Q/5QbfsJf9gX46/+tQ/G6gD95KACgAoAKACgAoAKACgAoAKACgAoAKACgAoAKACgAoAKACgAoAKACgAoAKACgAoAKACgAoAKACgAoAKACgAoA+Sf2/f+TEf21v8As0n9o/8A9U74yoA/lF/4Mif+TSP21/8As4zwX/6rO1oA/twoAKACgAoAKACgAoAKACgAoAKACgAoAKAP4tv+DRf/AJKV/wAFoP8As7PwV/6f/wBoSgD+0mgD/9b+/igAoAKACgAoAKACgAoAKACgAoAKAP5zP+DrL/lCp+0Z/wBjr8DP/Vs+F6APtP8A4IV/8off+Cd3/ZsPw9/9JJaAP1goAKACgAoAKACgAoAKACgAoAKACgAoAKACgAoAKACgAoAKACgAoAKACgAoAKACgAoAKACgAoAKACgAoAKACgD+bz/g7E/5Qm/tDf8AZRf2ef8A1dPg6gD1/wD4NkP+UG37CX/YF+Ov/rUPxuoA/eSgAoAKACgAoAKACgAoAKACgAoAKACgAoAKACgAoAKACgAoAKACgAoAKACgAoAKACgAoAKACgAoAKACgAoA8a8Y/tGfs9/DzXrrwr8QPjv8GvA3ieyjtpr3w54x+KHgjwzr1pDe28d1Zy3Wj61rtjqFvHd2ssVzbSS26rPbyxzRFo3VmAPi79uv9rL9lfWP2Iv2x9I0j9pf9n/VNV1T9lb9oXTtM0zTvjL8Or7UNR1C++Efi+2srCwsrbxJLc3l7eXMsVva2tvFJPcTyJFFG7uqsAfzi/8ABkT/AMmkftr/APZxngv/ANVna0Af24UAFABQAUAFABQAUAFABQAUAFABQAUAFAH8W3/Bov8A8lK/4LQf9nZ+Cv8A0/8A7QlAH9pNAH//1/68f+Cnn/BRT4Q/8Evf2RPH37U3xZibXZdIktPC/wAMvhzZ6jb6ZrXxV+KWvR3R8MeCNJu54rgWcUkdnqGu+JNXW0vX0DwhofiDXItP1OfT4dMvQD+Wz/gjCv7af/BwRf8A7T/7YP7a/wC23+1b8Ifgt4D8dwfCT4MfAj9i/wCM3iv9mbwFoPjW48PWXi/XNSm/4Qy5k1HXR8PND1/wWfDNz4tvPE+vapq2t3d54i1m9sbJdN1AA8e/ZJ/4LiftRf8ABKb/AIKl/Fj/AIJcf8FI/jt4l/aY/Zm8L/GNPhd4T/aQ+K0yah8YvhZpPiiHT9a+FfxE8ZeMpnGqeMfBmv8AhrxN4ZvfiVa+Lb7XtX8KJeXGv+F9ebTtDuvDfiEA/v6VldVZGDKwDKykFWUjIZSMggg5BBwRyM5oAWgD5R/bc/bL+Cv7AX7MvxQ/ap+PuszaX8P/AIZ6Ot0dP05I7jxF4w8S6jMmn+FfAvhOxkkiS+8TeLdcntNI0xJpbewsvPm1bWb3TtD07U9StQD/ADM/29P+Csf/AAcJftkWGtftHWnhL9tj9lD9kOewvNQ8Jxfs4/Dr47fCn4NaP4HeE6lDqHiX44+H9F0i+8fTXOiG3vNa8Sa/4uXw7dILm60PQvDmi3L6agB5Z/wTd/4OXf8Ago3+xV8VvC0vxk+N/wARf2uP2eb3V9FsviT8NPjr4o1b4k+LoPCkd7FHqepfDD4h+K9Un8W+GfF+m6VLdnRLS88QXXgu/uRb2+v+H7qOKyvLAA/1ivhH8VPA/wAc/hV8NPjV8MtZXxF8OPi74C8I/EzwFr6W9xaDWfB3jnQNP8TeG9TNneRQXlm97o+p2lxJZ3cEF3aSO1vcwxTxuigH8hP/AAdwf8FSP2hv2LNI/ZB+A/7Jvxt8ZfBT4nfETUfH/wAXPiJ4j+H2rro3iNPAfhi2sPBvgzRLq6WOWZ9E8U+INd8X38tuqpG9/wCBbSRy7woEAP4pP+H7H/BYT/pIh+01/wCF7N/8iUAf0Zf8Gw/7Y/8AwVF/4KBf8FGBD8cf20v2hfiN+zz+z98LPF3xP+JnhLxL4xubzwp4t1rWoU8A/DrwjrMcdvG0jy+IPElx44tbVnjiu4fh/fQzu0Je3uAD+i//AIOsv+UKn7Rn/Y6/Az/1bPhegD7T/wCCFf8Ayh9/4J3f9mw/D3/0kloA/WCgAoAKACgAoAKACgAoAKACgAoAKACgAoAKACgAoAKACgAoAKACgAoAKACgAoAKACgAoAKACgAoAKACgAoA8A/aL/ar/Zs/ZF8ED4kftO/HL4ZfAvwVNcyWNhrnxK8XaR4Zj1rUooTcPpHhyzv7mPUfE2tC3DTro3h+z1LVXhVpUtGRSygH8fP/AAcR/wDBaL/gmL+2h/wSw+O37P8A+zJ+1h4U+Knxf1bxv8FNS0rwXp/g34qaBdapY+G/ir4W1rXLnTdT8XeA/D+hXyadpVrc30wtdUmZoYJTErurIoB+0P8AwbIf8oNv2Ev+wL8dv0/ah+N1AH7yUAFABQAUAFABQAUAFABQAUAFABQAUAFABQAUAFABQAUAFABQAUAFABQAUAFABQAUAFABQAUAFABQAUAFAH+SL/wdgf8AKbT9o3/sn/7O/wD6o/wRQB/ODQB/pEf8GRP/ACaR+2v/ANnGeC//AFWdrQB/bhQAUAFABQAUAFABQAUAFABQAUAFABQAUAfxbf8ABov/AMlK/wCC0H/Z2fgr/wBP/wC0JQB/aTQB/9D5U/4PV/2nta8Yfti/s0/sl6fqrN4L+CfwQl+LOtaZA7Rxv8SfjH4n1nSZBqcavtup9H8DfD7wxc6RJKm6xh8W6wtuyjULoOAfup/wZm6fBZf8EmfHtzCirJq37aPxg1C6YdZJ4/hj8C9KV29WFrpltH/uxqO1AH8d/wDwdRafBZf8Fx/2v54UVG1TRP2b9QuNvG+df2Yvg/p5cjpuMVhEDjGcbj8zMWAP9EL/AIN8v2n9a/a1/wCCQ37G3xI8Wak2q+N/C3gTU/gn4xvJ5nub+51P4HeJ9Z+GGkalq1zIzS3Wr+IPB3hrwx4m1O6md5rm81qWed2mkdmAP2doA+Ef2u/2EfBX7afxQ/ZP1/4z+IxrnwS/Zh+JevfG2+/Z4v8AwzZ6r4R+MXxet/DreHvhN4k8ealealsl0D4SnVfFmuWPg86DfWPinXNasZNbvBpWkzaRq4B9zT2lrc2s1jc21vcWVxbyWk9nPDHLaz2ssZhltprd1aGS3kiZopIXRo3jYoylCRQB/jN/8F/f2ZPhj+yH/wAFdP2yPgn8GtK07w78NbPxd4M+IHhrwppMUFrpng5fjH8LvBHxb1fwppem2sMFpo+haFr3jXVLLwxo1pGtrpfhdNFs7cLFCiIAf6j/APwRE8GePPh//wAEkv8Agn34W+JUN7beLbP9mj4f6hPY6jF9nv8ATdD8QWcviLwdpN5bMTJa3Ok+DtV0DTZrScR3Nq9q1vdQwXMcsKAH8sPxy/4Lq/sQfsu/8F7P+ChXxU/aw+EXxV+Omh/Dn4cfDD9hn4HP8NPCPwx8dQ+CtJ+F+s6h4s/aCj1jS/iT488E2cN3efHGe8t9KfSLm4mFrpmqLfGGV4o5wD9pv2Tv+C//APwQg/az1zR/CGmeLPAfwJ8d6/fw6do/hH9pX4L6F8LxeXVzIIbaL/hPYbTxH8IrWa5naK3tbS9+I1te3U80UVtbSuStAH9DPhfwd4G8MRzXfgvwt4T8PRatDayXFz4X0PR9Jj1O3jWSSyeabSbW3W9hRbiWS1Z2lRVnkaIgSsXAP59/+DrMgf8ABFP9ozJA/wCK2+BY545Pxa8LAD6kkAep470Aeq/8ETv2sf2WPB3/AASb/YC8L+Lv2lvgB4W8TaF+zb4C07W/DviP4yfDrQ9d0fUILWUT2Oq6RqfiS11DT7yEnEttd28M0Z4eNc4oA/UX/htX9jb/AKO1/Zl/8Pz8LP8A5q6AD/htX9jb/o7X9mX/AMPz8LP/AJq6AD/htX9jb/o7X9mX/wAPz8LP/mroAP8AhtX9jb/o7X9mX/w/Pws/+augA/4bV/Y2/wCjtf2Zf/D8/Cz/AOaugA/4bV/Y2/6O1/Zl/wDD8/Cz/wCaugA/4bV/Y2/6O1/Zl/8AD8/Cz/5q6AD/AIbV/Y2/6O1/Zl/8Pz8LP/mroAP+G1f2Nv8Ao7X9mX/w/Pws/wDmroAP+G1f2Nv+jtf2Zf8Aw/Pws/8AmroAP+G1f2Nv+jtf2Zf/AA/Pws/+augA/wCG1f2Nv+jtf2Zf/D8/Cz/5q6AD/htX9jb/AKO1/Zl/8Pz8LP8A5q6AD/htX9jb/o7X9mX/AMPz8LP/AJq6AD/htX9jb/o7X9mX/wAPz8LP/mroAP8AhtX9jb/o7X9mX/w/Pws/+augA/4bV/Y2/wCjtf2Zf/D8/Cz/AOaugA/4bV/Y2/6O1/Zl/wDD8/Cz/wCaugA/4bV/Y2/6O1/Zl/8AD8/Cz/5q6AD/AIbV/Y2/6O1/Zl/8Pz8LP/mroAP+G1f2Nv8Ao7X9mX/w/Pws/wDmroAP+G1f2Nv+jtf2Zf8Aw/Pws/8AmroAP+G1f2Nv+jtf2Zf/AA/Pws/+augA/wCG1f2Nv+jtf2Zf/D8/Cz/5q6AD/htX9jb/AKO1/Zl/8Pz8LP8A5q6AD/htX9jb/o7X9mX/AMPz8LP/AJq6AD/htX9jb/o7X9mX/wAPz8LP/mroAP8AhtX9jb/o7X9mX/w/Pws/+augA/4bV/Y2/wCjtf2Zf/D8/Cz/AOaugA/4bV/Y2/6O1/Zl/wDD8/Cz/wCaugA/4bV/Y2/6O1/Zl/8AD8/Cz/5q6AD/AIbV/Y2/6O1/Zl/8Pz8LP/mroAP+G1f2Nv8Ao7X9mX/w/Pws/wDmroAP+G1f2Nv+jtf2Zf8Aw/Pws/8AmroAguv23/2L7K2uby5/a4/Zljt7SCa5uJP+F7/C59kMEbSyvsTxS7ttjVm2oju2MKrEgUAf5PHx8+OPxX/4ODP+CuVt/wAJj8XtD+Cnw6+KHjnV/C3wu1f4v+JrHTPh3+zV+zj4RttT1i2M8Oq65pGgR67/AMIxo9xrutabY6rpX/Cf/FXWprS3vrWXXLR7UA/RH/grx/wQj/4Jr/sOfsO6x+0X+yv/AMFDJvjv8YvBPiTwDpGu/DbVviT8BPGlt43sPFviW18Napf+FPD/AMOYdJ8UeGG0Ialb65L9svvGsIsNOvre5eH7Sl/ZAH1P/wAGhX/BWIfCTxl8S/8Agnx+0X8T9H8O/A/WfDWtfF34B+I/iN4y0nw94Z+GXjTStTin+IXgLT9S8T6nZWOnaJ8RrTWpvGdnpVrcQ2tn4s8PeIL+3sZtQ8a6teqAf3rf8Nq/sbf9Ha/sy/8Ah+fhZ/8ANXQAf8Nq/sbf9Ha/sy/+H5+Fn/zV0AH/AA2r+xt/0dr+zL/4fn4Wf/NXQAf8Nq/sbf8AR2v7Mv8A4fn4Wf8AzV0AH/Dav7G3/R2v7Mv/AIfn4Wf/ADV0AH/Dav7G3/R2v7Mv/h+fhZ/81dAB/wANq/sbf9Ha/sy/+H5+Fn/zV0AH/Dav7G3/AEdr+zL/AOH5+Fn/AM1dAB/w2r+xt/0dr+zL/wCH5+Fn/wA1dAB/w2r+xt/0dr+zL/4fn4Wf/NXQAf8ADav7G3/R2v7Mv/h+fhZ/81dAB/w2r+xt/wBHa/sy/wDh+fhZ/wDNXQAf8Nq/sbf9Ha/sy/8Ah+fhZ/8ANXQAf8Nq/sbf9Ha/sy/+H5+Fn/zV0AH/AA2r+xt/0dr+zL/4fn4Wf/NXQAf8Nq/sbf8AR2v7Mv8A4fn4Wf8AzV0AH/Dav7G3/R2v7Mv/AIfn4Wf/ADV0AH/Dav7G3/R2v7Mv/h+fhZ/81dAB/wANq/sbf9Ha/sy/+H5+Fn/zV0AH/Dav7G3/AEdr+zL/AOH5+Fn/AM1dAB/w2r+xt/0dr+zL/wCH5+Fn/wA1dAB/w2r+xt/0dr+zL/4fn4Wf/NXQAf8ADav7G3/R2v7Mv/h+fhZ/81dAB/w2r+xt/wBHa/sy/wDh+fhZ/wDNXQAf8Nq/sbf9Ha/sy/8Ah+fhZ/8ANXQAf8Nq/sbf9Ha/sy/+H5+Fn/zV0AH/AA2r+xt/0dr+zL/4fn4Wf/NXQAf8Nq/sbf8AR2v7Mv8A4fn4Wf8AzV0AH/Dav7G3/R2v7Mv/AIfn4Wf/ADV0AH/Dav7G3/R2v7Mv/h+fhZ/81dAB/wANq/sbf9Ha/sy/+H5+Fn/zV0AH/Dav7G3/AEdr+zL/AOH5+Fn/AM1dAB/w2r+xt/0dr+zL/wCH5+Fn/wA1dAB/w2r+xt/0dr+zL/4fn4Wf/NXQAf8ADav7G3/R2v7Mv/h+fhZ/81dAH+dp/wAHCH/BP/8AaJ/bh/4Kj/Gr9oz9lzUP2Zfif8GvFvg/4M6X4f8AGP8Aw3P+w/4K/tC/8KfCvwt4b1+D/hHviJ+0T4S8VWn2DWtOvbLzb3Q7aG68n7RZSXNpLFcOAfhh4s/4I3ft7eCPCvibxn4i8J/s5w+H/CPh/WfE+uzaZ+3z+wD4i1KLR9A0651XU5NP8P8Ahz9p7VvEOuX0dlaTtaaPoWlalrOpziOy0vT72+mgt3AP67P+DMz48/A34RfsrftjaZ8V/jP8J/hhqWrftA+D7/StP+IfxF8IeC77U7GL4c2tvLe6faeJNZ0y4vbSKcGCS4to5IUmBjZw4KqAf2Xf8Nq/sbf9Ha/sy/8Ah+fhZ/8ANXQAf8Nq/sbf9Ha/sy/+H5+Fn/zV0AH/AA2r+xt/0dr+zL/4fn4Wf/NXQAf8Nq/sbf8AR2v7Mv8A4fn4Wf8AzV0AH/Dav7G3/R2v7Mv/AIfn4Wf/ADV0AH/Dav7G3/R2v7Mv/h+fhZ/81dAB/wANq/sbf9Ha/sy/+H5+Fn/zV0AH/Dav7G3/AEdr+zL/AOH5+Fn/AM1dAB/w2r+xt/0dr+zL/wCH5+Fn/wA1dAB/w2r+xt/0dr+zL/4fn4Wf/NXQAf8ADav7G3/R2v7Mv/h+fhZ/81dAB/w2r+xt/wBHa/sy/wDh+fhZ/wDNXQAf8Nq/sbf9Ha/sy/8Ah+fhZ/8ANXQAf8Nq/sbf9Ha/sy/+H5+Fn/zV0Afyi/8ABoVf2GpfEL/gsteade2l/Z3n7VHgG/s7uyuYbq2urC91v9oSWyvbaeCSSKe0u4syWtzEzwzxjfFI680Af2qUAf/R/Fz/AIO2E1Nf+C0nxia/GLWT4QfAB9F+9zpg+HGmRykZ4/5DCasPlyvHPzbgoB/W3/wZs/8AKJHxR/2eF8ZP/UF+DtAH8d//AAdX/wDKcD9qv/sVf2cf/Wc/hdQB/aF/waAQX8P/AAR20KS8Ytb3X7SHxxn0oEEbLBZvDFtIoJJDA6pb6k+RgZcrglSaAP6jqACgDx79oH48/C79l74J/E/9oX41eJrbwh8LPhD4O1jxv401+52u1tpOj25l+yafal0k1PXNXu2ttG8PaLalr7XNdv8ATtH0+Ka+vreFwD/OY/4Jc/8ABMv4vf8ABwF/wUd+Mn/BUr9rXwffeEf2MdW+O+qfEG80bWobmRfjZdaBqUFn4L/Z+8H3NwIm1X4f+BPDOjeHvCHxL8ZwsYG0zR38HaLJ/wAJHqmo6h4RAP8AS+jto7OySz02G1sorW1W2sLeOBY7K0jgiEVrClrAYVS1gVY0WCExKsSCOMoApUA/ztP2jP8AgzD/AG0vG/iv4ifFLwn+3R8A/ir8Q/HninxT491x/iH4B+IXwrTxD4o8Vaxe+INZuZ7/AEOf4uGym1LU7+7m3SQXSJLKBLMELzIAfzOft4/8Ebf+Cin/AATetY/EP7Un7PWuaB8NrrUl0rTvjH4M1TR/iL8KLu8nlWCxt77xd4SvNRj8JXuqysY9H0jx5Z+FNb1Zo5jp+mXCwyMgB/XV/wAGbv8AwU2+KnxJuPiv/wAE2PjD4o1fxloPwx+Gf/C5/wBm3U9bn+2XngzwdoninRfC3xE+F66ncO97d6DFqHjfwn4i8DaS5dPDtrB4xsraVNJOkadp4B+y/wDwdbxiX/gij+0WpJGPHPwGkyMg5h+L/hOUDjHDFAp7EHByCRQB/PN/wT7/AODRv4D/ALZv7FP7NH7VPiH9sX4ueCNb+PHwo8N/EXU/CWi/DfwbqmleH7vXYXll02w1C+1iG8vLe3KYjnuIo5XzlkXpQB9h/wDEED+zd/0fd8b/APw1HgL/AOXtAB/xBA/s3f8AR93xv/8ADUeAv/l7QAf8QQP7N3/R93xv/wDDUeAv/l7QAf8AEED+zd/0fd8b/wDw1HgL/wCXtAB/xBA/s3f9H3fG/wD8NR4C/wDl7QAf8QQP7N3/AEfd8b//AA1HgL/5e0AH/EED+zd/0fd8b/8Aw1HgL/5e0AH/ABBA/s3f9H3fG/8A8NR4C/8Al7QAf8QQP7N3/R93xv8A/DUeAv8A5e0AH/EED+zd/wBH3fG//wANR4C/+XtAB/xBA/s3f9H3fG//AMNR4C/+XtAB/wAQQP7N3/R93xv/APDUeAv/AJe0AH/EED+zd/0fd8b/APw1HgL/AOXtAB/xBA/s3f8AR93xv/8ADUeAv/l7QAf8QQP7N3/R93xv/wDDUeAv/l7QAf8AEED+zd/0fd8b/wDw1HgL/wCXtAB/xBA/s3f9H3fG/wD8NR4C/wDl7QAf8QQP7N3/AEfd8b//AA1HgL/5e0AH/EED+zd/0fd8b/8Aw1HgL/5e0AH/ABBA/s3f9H3fG/8A8NR4C/8Al7QAf8QQP7N3/R93xv8A/DUeAv8A5e0AH/EED+zd/wBH3fG//wANR4C/+XtAB/xBA/s3f9H3fG//AMNR4C/+XtAB/wAQQP7N3/R93xv/APDUeAv/AJe0AH/EED+zd/0fd8b/APw1HgL/AOXtAB/xBA/s3f8AR93xv/8ADUeAv/l7QAf8QQP7N3/R93xv/wDDUeAv/l7QAf8AEED+zd/0fd8b/wDw1HgL/wCXtAB/xBA/s3f9H3fG/wD8NR4C/wDl7QAf8QQP7N3/AEfd8b//AA1HgL/5e0AH/EED+zd/0fd8b/8Aw1HgL/5e0AH/ABBA/s3f9H3fG/8A8NR4C/8Al7QAf8QQP7N3/R93xv8A/DUeAv8A5e0AH/EED+zd/wBH3fG//wANR4C/+XtAGbrH/BkJ8A4tI1WTQ/26PjJc63Hpt8+j21/8LPAsVjcaoltK2nwXssWuiWO0luxDHcyRnekLOyYYCgD+LP8A4J0fsj/CT9p79vP4Z/seftW/FTxJ+y9onj7xT4p+Gmo+NZNE0t9T8H/FTTtP1aHwz4R8RaZ4nutMt9Mm1/xpptv4FlF3JHPY6/qtjDOkafaHgAP6Gv8AgsX/AMGwXwU/4JjfsIfEb9rzwh+1d8Tfih4h8FeKfhr4dsPBfinwH4S8P6Tqg8deN9H8LXcsmo6XqtzfLPp1nqNxqEEUMDiVrXEm2Le6gH4qf8ETf+CXn/D2f9stv2b9Y8ZeKvhr4C0D4X+M/ib47+IfhTw5aeI7zw7Y6E+laPoNq1vqVxaaXC2u+Kdf0fTkN1cCR4Gu2tYpHhdogD+u/wD4ggf2bv8Ao+743/8AhqPAX/y9oAP+IIH9m7/o+743/wDhqPAX/wAvaAD/AIggf2bv+j7vjf8A+Go8Bf8Ay9oAP+IIH9m7/o+743/+Go8Bf/L2gA/4ggf2bv8Ao+743/8AhqPAX/y9oAP+IIH9m7/o+743/wDhqPAX/wAvaAD/AIggf2bv+j7vjf8A+Go8Bf8Ay9oAP+IIH9m7/o+743/+Go8Bf/L2gA/4ggf2bv8Ao+743/8AhqPAX/y9oAP+IIH9m7/o+743/wDhqPAX/wAvaAD/AIggf2bv+j7vjf8A+Go8Bf8Ay9oAP+IIH9m7/o+743/+Go8Bf/L2gA/4ggf2bv8Ao+743/8AhqPAX/y9oAP+IIH9m7/o+743/wDhqPAX/wAvaAD/AIggf2bv+j7vjf8A+Go8Bf8Ay9oAP+IIH9m7/o+743/+Go8Bf/L2gA/4ggf2bv8Ao+743/8AhqPAX/y9oAP+IIH9m7/o+743/wDhqPAX/wAvaAD/AIggf2bv+j7vjf8A+Go8Bf8Ay9oAP+IIH9m7/o+743/+Go8Bf/L2gA/4ggf2bv8Ao+743/8AhqPAX/y9oAP+IIH9m7/o+743/wDhqPAX/wAvaAD/AIggf2bv+j7vjf8A+Go8Bf8Ay9oAP+IIH9m7/o+743/+Go8Bf/L2gA/4ggf2bv8Ao+743/8AhqPAX/y9oAP+IIH9m7/o+743/wDhqPAX/wAvaAD/AIggf2bv+j7vjf8A+Go8Bf8Ay9oAP+IIH9m7/o+743/+Go8Bf/L2gA/4ggf2bv8Ao+743/8AhqPAX/y9oAP+IIH9m7/o+743/wDhqPAX/wAvaAD/AIggf2bv+j7vjf8A+Go8Bf8Ay9oAP+IIH9m7/o+743/+Go8Bf/L2gA/4ggf2bv8Ao+743/8AhqPAX/y9oAP+IIH9m7/o+743/wDhqPAX/wAvaAD/AIggf2bv+j7vjf8A+Go8Bf8Ay9oAP+IIH9m7/o+743/+Go8Bf/L2gDxr9oz/AIM0f2e/gh+z38d/jRpv7bPxl13UfhD8Gvif8ULDQ774YeCLSy1m98AeCNc8V2ulXl1b6289ta6jPpKWdxcQo80MUzyRqzqooA/Hz/ggp/wQC+Fv/BYT4NfHf4oeP/2h/H/wYvfhD8TtC8BWGleD/B3hzxNa6za6v4Vh8QyaheXGtajZy21xDLKbZIYUeNoxvLBiRQB+9H/EED+zd/0fd8b/APw1HgL/AOXtAB/xBA/s3f8AR93xv/8ADUeAv/l7QAf8QQP7N3/R93xv/wDDUeAv/l7QAf8AEED+zd/0fd8b/wDw1HgL/wCXtAB/xBA/s3f9H3fG/wD8NR4C/wDl7QAf8QQP7N3/AEfd8b//AA1HgL/5e0AH/EED+zd/0fd8b/8Aw1HgL/5e0AH/ABBA/s3f9H3fG/8A8NR4C/8Al7QAf8QQP7N3/R93xv8A/DUeAv8A5e0AH/EED+zd/wBH3fG//wANR4C/+XtAB/xBA/s3f9H3fG//AMNR4C/+XtAB/wAQQP7N3/R93xv/APDUeAv/AJe0AH/EED+zd/0fd8b/APw1HgL/AOXtAB/xBA/s3f8AR93xv/8ADUeAv/l7QA//AIMy/h/a/DTVv+Ctfgyz1G41S38GfHL4JfD+3vrmGOCa+tfBFz+0PpVtqM0URZIri/jfzp4UZo4nG2MkEmgD+4qgD//S+dP+D1z9lTXvDH7UH7MP7Zel6XO3gn4sfCOf4F+KNTgRntLD4i/CzxDr/irRhqUhXFteeKfBfjnyNIi3lbu38AaxIkaPaTvKAftZ/wAGZGrW+o/8EnviNZQyK02g/trfFzTLpB96OW4+FPwG1qMMOuGt9WhZWxg8gZKtQB/Hh/wdOarb6n/wXH/bEit5Y5RpGl/s5aVK0ZDKtxH+zD8HryaIsODJC96YpACSkiNG210dFAP9HL/ghB+yzrf7HX/BJr9jH4M+LdNbSfHM3w0n+KXjvT54Ht9R07xT8bPEmt/Fq70PWYpArJrHhSy8Y6f4P1CMjEM3h/yFaRIlkYAwf2g/+C/v/BJz9l79o27/AGV/jJ+1bougfFnRNah8NeM4tK8F/ELxZ4P+HniOeeO2/sLx3488LeGNX8KeH9Usrl/I8QW0uqSHwhLHOPGDaB9nn8oA/Xi28SeHbzw7B4vtNe0a68JXWixeJLbxRb6pZTeHrjw7PYrqkOvQ61HO2nS6NLprLqEeqJctZPYst2s5gIegD+In9rb9vb9iz/gtx+1pdfAL40/t2/Ar9mT/AIJH/sm+PrC98aaV4p+Nnhb4b/FD/goT8ZdCYzwJ4cs9R1rT9b0P9nDwkXaHTfFxihfxJcTz614ae68R3Wi6x8IwD+g7QP8Agr//AMETP2e/hn4d8EeBP26P2MfBnwz+HPhqy0Dwn4H+GPxE8K6xp/h3w3odqttYaP4e8I+Azq98Yra3iWO3sNO06a6nfJSGaaQswBzH/BLv/gqbZ/8ABQnw5+3h+1pPqnhr4f8A7C/wZ+OE3wt+AXjHxpaR+Br6TwP8Kfhb4d8XfF34vfEfXfEN/bW+m6B4g1HxZaa7pK6pb6JH4P8ADFkNP1tF1m01t4gD7p/Zj/4KA/sTftnXOu2H7LH7UXwW+OWseGI5LjxD4c8BeONI1TxXo9gl19iGr6h4TeeDxJbaFPd4t7PXpNLGjX0hVbO/n3KKAPov4j/DjwF8X/AXi74XfFHwjoHj34d+PtA1Lwt4z8GeKdNt9X8P+JPD+r2z2uo6Vqun3SPDcW1zBIRyA8ThJoXSaKN0AP8AP1/4NnP2IZvhT/wXb/4KR3Hw3bU9T/Z9/YouP2kf2edG8YTTXV3HqWoat8eo/Bvw00C/1LyLe11LVLnwT8PPFus6lIpdDeaFHdQxyw3VtdKAf0Gf8HWX/KFT9oz/ALHX4Gf+rZ8L0Afaf/BCv/lD7/wTu/7Nh+Hv/pJLQB+sFABQAUAFABQAUAFABQAUAFABQAUAFABQAUAFABQAUAFABQAUAFABQAUAFABQAUAFABQAUAFABQAUAFABQB/FL/wXB/4NWNf/AGz/AI8eN/2xv2EfH/w/8BfFP4oXzeI/jH8EvifJqXh/wV4v8aPAF1bx74C8ZeH9F11vD/iXxZLDFfeJfDniLRTo2teJrvVPE58X6JLqFzYSgH8u/wDwUO/4JF/8FuP2Y/2W9W+MP7dfjDxT4j/Zw+Des+EdK0zS/E/7V5+MWj6PqXivXbXwj4ebwd4Ebxf4gGmAX2vGF5o9L0k2dnPetnY7JKAf2q/8GlP7Hfwc+B3/AASz8AftNeFNMurn4xfti6p4z8S/FjxTqb280yaZ8Kviv8TPhj4D8GeH1htoX0/wxo2maHe69Jbzy3l5feJ/E+vX1xeGx/sjTdKAP6jaACgAoAKACgAoAKACgAoAKACgAoAKACgAoAKACgAoAKACgAoAKACgAoAKACgAoAKACgAoAKACgAoAKACgAoA+Sf2/f+TEf21v+zSf2j//AFTvjKgD+UX/AIMif+TSP21/+zjPBf8A6rO1oA/twoAKACgAoAKACgAoAKACgAoAKACgAoAKAP4tv+DRf/kpX/BaD/s7PwV/6f8A9oSgD+0mgD//0/7Jv+Cgn7CfwV/4KP8A7K3xI/ZS+Otpcr4W8cW1tfaB4q0mG1fxP8OPHmiPJdeEviD4Tmu4pIoda0C9Z0mgbbba3oV7rXhnUy+j63qMEoB/Lf8A8EiPgd/wUg/4N9/E37TX7Nnxp/Ym+N/7av7L/wAUvFWmfEr4S/Gb9iGz8GfETUF8c2Wlv4Yuhr/w98Y+OfAniPw3Z+MfDum+FrbW/wC2Et/+EQ1rw6n2S68WeH9TOvWQB5/+xP8A8ECP2nf25/8Agpj8Tf8Agq1/wVb+Gmm/BTwN4m+NFz8Zvh3+yNqPiHQ/GnjXxPNpF5ZD4VeHfinJok2p6FpHw98C+HdI8N6dq2g6jdJ4n8dXehPpeveF/DXh68uYtQAP7oqAP8lv9uv/AINzf+Cs+mft4fGTwr8O/wBm3x18e/B/xU+M3jXxf8Pfjt4avtAm8DeJPDfjvxhqWt6drfj3xPqWsWdj8PtftYtT8vxhYeM59JNpqltqFzps+saLLpur6gAf0zf8FOP2MP8AguTbf8E4v2Of+CT37CXwaPxS+Fvg/wDZW+GPgj9rX9orw98dvgf8PtS8feINA06fw5qf7P3hXS/ip8Tfh94v034Z6bBo9rf67rUWmSL478Lat4b8HPdWGmaf430PXwD+UP8A4hcv+C6//RjP/mzP7Hf/ANEFQAf8QuX/AAXX/wCjGf8AzZn9jv8A+iCoA/uf/Yj/AOCNXxD0j/g3m1L/AIJg/GmYfAr49/GvwR8VdR+JupWeo6H4xg8G/E7xd8UNT8ZeDv7VvfAviLUND8TaXpOh6L8P9A8TwaD4mvLbVtIstSsoL4ifykAP4iNV/wCDez/gvT+xr8bNL8UfBv8AZ++Itx408C67He+Afjn+zH8WfCk8RuYy8cOt+HNZ07xb4b8c+HredDLDPD4o8P8Ahm8a2klg1CwFpcYuAD+vT9j7/iLD/aF+F9h8HP2jbz9lL9jfw1eabDo+vftY+NvCfh/xx+1p/YTxxWF7qfgn4b/Cz4l6z8ID47MPnS293438FeAYYZDJqUM6Xq2TzgH9BP7A/wCwR8Av+Cc/wA0n4AfALS9VfT21W+8XfEH4g+Lr2PWviT8YPiTraW48SfEn4k+I1t7Ztb8Ua21tbxZjgttP0vTbWx0fSbOz06xt4KAPyh/4Osv+UKn7Rn/Y6/Az/wBWz4XoA+0/+CFf/KH3/gnd/wBmw/D3/wBJJaAP1goAKACgAoAKACgAoAKACgAoAKACgAoAKACgAoAKACgAoAKACgAoAKACgAoAKACgAoAKACgAoAKACgAoAKACgD+bz/g7E/5Qm/tDf9lF/Z5/9XT4OoA9f/4NkP8AlBt+wl/2Bfjr/wCtQ/G6gD95KACgAoAKACgAoAKACgAoAKACgAoAKACgAoAKACgAoAKACgAoAKACgAoAKACgAoAKACgAoAKACgAoAKACgAoA+Sf2/f8AkxH9tb/s0n9o/wD9U74yoA/lF/4Mif8Ak0j9tf8A7OM8F/8Aqs7WgD+zv4keNovhr8PvG/xCn8MeNfGsHgfwrr3iubwh8N/DN74z+IPieLQdNudTfQfBHhDTf+Jh4n8VaqtsbLQdBsf9L1bUp7axt/3syUAfzofEL/g6+/4Jf/CPxfrHw++K3hL9s74Y+PfDs6W3iDwR8Qv2Z9X8F+L9CuZIkmjt9Y8NeJPEmm6zpk7wyRzJFfWUEjRSJIFKMrUAW/h1/wAHWH/BM34wa1P4a+Evgb9tn4o+I7Wwm1W50D4dfsv65421q30u3kiiuNSn0rw14i1O+hsIJZ4IprySBbeKSaJHkDSIKAOp8Nf8HUX/AAR7v/Fsngn4g/Fb4yfAnxDb3UNjeWnxl/Z3+K2htpl7Pt8u21eLwzoHi660YjejS3Gq21nZ28Tiee5igDyoAfuj8Df2gfgf+018PNK+LP7PXxZ+H/xn+G2tM8On+M/hx4o0nxXoTXkMcUl1pd1d6TdXI07WrATwrqeiaitpq+lzOINQsrafMdAB8d/j/wDBT9mD4X+JvjT+0J8T/B3wg+Fng+2W58QeNvHGs22jaPaNKSlpYW7TN9o1TWtTnxZ6LoGkwX2t63qEkOnaRp97fTw27AH8xfir/g8w/wCCUegeOP8AhGNF8Bftg+OPDMd3c2s/xH8O/Cr4fWHhyWOObyrXUdO0bxf8YfC/ja4065VWuJP7Q8MaTqltbtF/xK5rlpLWIA/oI/Yi/wCCgX7JX/BRL4Ur8YP2S/i9oPxN8OWb2Np4r0SPztI8dfDzWb+GaaDQPiF4J1SO28QeFdTlFreCwkvrT+ytdisrq/8ADep61paLfuAfZdABQAUAFABQAUAfxbf8Gi//ACUr/gtB/wBnZ+Cv/T/+0JQB/aTQB//U/v4oAKACgAoAKACgAoAKACgAoAKACgD+cz/g6y/5QqftGf8AY6/Az/1bPhegD7T/AOCFf/KH3/gnd/2bD8Pf/SSWgD9YKACgAoAKACgAoAKACgAoAKACgAoAKACgAoAKACgAoAKACgAoAKACgAoAKACgAoAKACgAoAKACgAoAKACgAoA/m8/4OxP+UJv7Q3/AGUX9nn/ANXT4OoA9f8A+DZD/lBt+wl/2Bfjr/61D8bqAP3koA/Az9rH/g4z/Yb/AGIviXrnwt/aa+E/7bvwr1vS/Enifw7o2teKv2XfEugeD/iDH4V1abSbzxN8MvE3iDWNH0/x34OvniivtH8R6Cbmwv8ATbyyu1ZFuUSgD5u0T/g7r/4JK+JdY0zw94cg/au8Qa/rd/a6Xo2h6J8AZdV1jV9Tvpkt7LTtM0yx8Wz3t/f3lxIkFraWkMtxcTOkUUbOyrQB6h4k/wCDpD/gmF8OvENj4a+NmmftffADUb/5oU+M37KXxJ8JS/ZwsbNeDTIYdU1y4to1liLtZ6XdSASxkRsHQ0Afq9+x9/wUa/Yf/b50e+1j9kT9pT4b/GmTSLSLUNc8NaJqF5onxA8O6fM8UUOoeI/hr4tsfD/xB8P6dNPOlrDqOseGbKxmu91rDcPcJIigH2tQB8d/te/8FAv2Mv2DPCP/AAmf7Wv7RHw5+DNhPaTXmj6Hr+rm/wDHnimGAusv/CG/DjQIdW8e+MGjkQxS/wDCN+HNUW2fm5eBNz0AeQ/8EzP+CoPwA/4KsfCv4qfGn9m7QPiRo3w9+GPxp1n4K/b/AImaLo3h7VPFWqaL4O8FeMZfEujaRpHiHxDNZ+Hr6z8bWUGnprcum64zWs73+j6e7LDQB+kVABQAUAFABQAUAFABQAUAFABQAUAFABQAUAFABQAUAFABQAUAFABQAUAFABQAUAFAHyT+37/yYj+2t/2aT+0f/wCqd8ZUAfyi/wDBkT/yaR+2v/2cZ4L/APVZ2tAH9uFAH+aH/wAHsnhnRdP/AG9f2VvFVnYW1trXiT9k5dO1q9hghin1GHw58WvH50l7yWNFkuZrWPWru3jknaR0tlhgQrFEiKAfSH/BjhY2Unj/AP4KP6lJaWr6jaeD/wBl6xtb94Imvbay1DWvjrPf2lvdFDPDa3s+mabNdwRusVzLp9lJMjvawMgB9Rf8Hrv7Knw4vf2av2Y/20NM8M6VYfFrwx8dLf8AZ88TeJ9O0y0ttX8UfD7x74A8d+ONFtfE+pxRpd6ra+C/EPw1ki8LxXjzrpTeN/EC2nkpqNwrgH893/Bqh+2N8Tv2d/8Agqz8Ivgno/iPVB8Hv2s4PFPwv+J3go3kzaHfazp3grxL4r+HPi6LTHL2aeJfD/ivQrLSrfV0ijvovDXiLxNpkdx5GoyxOAf1Zftk/sB/GH/g4b/bR+LHhf4i/G3xv8B/+CXn7CfxCvvgr4I0rwRo9qPF/wC0d+05oWjpb/G7x3oL+Ira58PwaL8Ndb1Sf4XaZ451fSfF2mRnRNe0rwVpEV74i8ealYAH4p/8Fn/+DUPwf+xJ+yv45/a5/Yo+MfxY+J3hn4L2P/CTfF/4VfGhfCet+ME+Hyz2VtrHjbwX4r8BeEPBGmXCeCEmn17xToWs+GYQfCMGq61aa+t3oA0nXAD8rP8Ag2G/ao8ffs3/APBXn9m7wroPibU9N+Hf7Seqax8Cvix4Vgcy6V4usfEnhnX5/AD31myyRJf+GfiXb+FtZ07V4Ui1CxtF1jTI7qLS9d1m3uwD/XooAKACgAoAKACgD+Lb/g0X/wCSlf8ABaD/ALOz8Ff+n/8AaEoA/tJoA//V/v4oAKACgAoAKACgAoAKACgAoAKACgD+cz/g6y/5QqftGf8AY6/Az/1bPhegD7T/AOCFf/KH3/gnd/2bD8Pf/SSWgD9YKACgAoAKACgAoAKACgAoAKACgAoAKACgAoAKACgAoAKACgAoAKACgAoAKACgAoAKACgAoAKACgAoAKACgAoA/m8/4OxP+UJv7Q3/AGUX9nn/ANXT4OoA9f8A+DZD/lBt+wl/2Bfjr/61D8bqAP3koA/lB/4PIfDOi6z/AMElfD+uX9hbT6r4R/ax+EOo6DfyQQvd6fNqnhX4maDqCW1yyGaCK80/UpkuY4nRJzFbmUP5EewA/iT/AODaqxstQ/4Le/sGQX9pa3sEfjD4r30cN3BFcxJe6Z+z18XNS027SOZHRbrT9RtLW/sp1Altby2t7qB0nhjdAD/Se/4L4/sqfDj9q7/glD+2dovjjwzpWseIfhD8DPiP+0H8LNduNMtLvXvCXxB+CfhTU/iLp114Y1CaM3Wj3XiWx8O3/gnWZbKaFr/w34k1fTLnzba6kjYA/wAhj9lP9p34ufsa/tCfCr9pb4HeJtQ8LfEf4T+LdK8T6RdWV3Pa22sWlpcxtrHhTX4oWCan4W8WaV9r8P8AibR7pJ7PVNF1C8s7mCWOUrQB/tRfHn4X/Ff9r74R/DKP4M/tX/E79kbwj410zT/FfjnxH8HfCXw+1b4v+KPBvijw7aX2l+G/B/j34haP4q0n4WX8D3ourvxVpHgvW/EDlYodKu9FMctxOAf5cP8Awcpf8E//AA1/wT1/4KGaV4E8J/GL44fHLS/jP8BfBnx4u/HH7RXjiP4kfFhvEGt+NPiP4A13TvEPjkaVo1x4kQ3fw5XWrG+vbBLuG21tdNlmujYC5lAP61P+DKH/AJRs/tJ/9nw+MP8A1Qv7P1AH9jdABQAUAFABQAUAFABQAUAFABQAUAFABQAUAFABQAUAFABQAUAFABQAUAFABQAUAFAHyT+37/yYj+2t/wBmk/tH/wDqnfGVAH8ov/BkT/yaR+2v/wBnGeC//VZ2tAH9uFAH+bF/we4f8npfsc/9mva5/wCrX8T0Aekf8GUHxH+Hvw48Tf8ABSDUfiH488GeA9PufDH7LZt77xn4o0PwvZ3AtNT+Pz3ZhutcvrGGUWqTQtcGN28lZYjJtDpuAOs/4O/v+Cp/7MH7QPwo+A37DX7N3xd8C/G/WvDvxgHx4+MPij4YeJNL8ZeDvB83hbwZ4t8CeC/Bkni/QLnUPD2qeItWk+IHinVdb0bTNSurvw0vh7S01uKyudUtLegDwf8A4NNf+CQfx28XftU+DP8AgpP8Z/AfiH4efAP4L6H4mvvgZceLdMv9EvfjX8RfGvhfVfB1nr/hPTL+1gn1X4deDvD3iDXNWn8YxvFpWo+Lv+Eb0zw/LrYsfFP9igH+lDQB+WX/AAW3+N/gn4Af8Emv2/PG3jueyTT9e/Zj+Kvwk0OxvmhKa141+N3hbUPhH4J0hLaZgb5bnxN4z02W+tYVeUaVBqFyVWG2mliAP4KP+DR7/gnN42/aO/by0/8AbW8RaJd2nwE/Y3Oq6hba7dRzQWHjD47eJ/DOo6L4N8H6RKUjXUJfB+la3d/EPxHJZ3Df2JPZeC7PVImt/FlokoB/qSUAFABQAUAFABQB/Ft/waL/APJSv+C0H/Z2fgr/ANP/AO0JQB/aTQB//9b+/igAoAKACgAoAKACgAoAKACgAoAKAP5zP+DrL/lCp+0Z/wBjr8DP/Vs+F6APtP8A4IV/8off+Cd3/ZsPw9/9JJaAP1goAKACgAoAKACgAoAKACgAoAKACgAoAKACgAoAKACgAoAKACgAoAKACgAoAKACgAoAKACgAoAKACgAoAKACgD+bz/g7E/5Qm/tDf8AZRf2ef8A1dPg6gD1/wD4NkP+UG37CX/YF+Ov/rUPxuoA/eSgD+WD/g8M/wCUP83/AGdD8Ev/AEg8d0Afw1f8G3GuaL4b/wCC1/7DWt+ItY0vQNFsPEfxikv9X1rULTStLso5P2c/jDBG93qF9Nb2lskk8sUKNNMgaWSONcu6KwB/fX/wX+/4K8/scfs+f8E6v2pPhD4U/aB+E3xJ/aG/aE+EXjf4BeBPhR8OfHnhrxx4ush8WdBvvA/ibxf4m0/wxqOqS+DtB8K+E9Z1/W7fV/Ea6bbaprGn2Oh6VJd6leJCgB/nb/8ABIv/AIJLftDf8FUf2kfBfgPwN4M8S6b8ANE8V6TN+0D8dptMvrTwR8PvBNncW1/4g0m08SSWkmmah8Std0bzbDwT4OtJJ9TvdTvbXU9Rh0/wvY63rmmgH+0FpemWGiaZp2jaVbR2Wl6RYWemabZw5ENpYWFvHa2dtEGLMI4LeKOJNzMdqDJJ5oA/zJv+D1v/AJSafs6f9mJ+Av8A1oD9pCgD9zv+DKH/AJRsftJ/9nxeMf8A1Qv7PtAH9jVABQAUAFABQAUAFABQAUAFABQAUAFABQAUAFABQAUAFABQAUAFABQAUAFABQAUAFAHyT+37/yYj+2t/wBmk/tH/wDqnfGVAH8ov/BkT/yaR+2v/wBnGeC//VZ2tAH9uFAH+bF/we4f8npfsc/9mva5/wCrX8T0Aeef8Gjv7Av7HX7dHir9uy1/a3+APgj4623wy0D9nW68BweNE1Z4/DVx4s1H40xeI5bBdM1TTQW1aPw7oqXP2gTjGnweWI/3m8A/vM+Dn/BI3/gmH8Adah8S/Cb9g/8AZf8AC/ia1MbWPiab4S+FfEniPTHibckuka94ssNc1bSJiSDJNpl5ZyzbUEzPsRVAP0RjjjijSKJEiiiRY4441VI440UKiIigKiIoCqqgKqgAAAAUAOZgoLMQqqCzMxACgDJJJ4AA5JPAHJoA/iX/AG79N+MP/BzH+2hpv7GX7MHinUfBn/BKr9iv4hm7/aU/ar0uJLvw58ZfjpZWs1hfeHPhBLOkmmeOdV8H6DqOp+HfBV1D9o8M6a3iDxH8SvEMmr6BqPwxsvEIB/WR8Efgl+zR/wAE9f2XdG+F/wAMdH8L/BL9nL9n3wJq2rX15qF5BY6Xofh3w9YXWv8AjLx9448R3pjfUNUu0t9T8UeM/FmszPdX95JfanfTncdgB9A+E/FXh3x14V8M+N/CGrWmv+E/GXh/RvFXhfXbBmex1rw74h0621fRNWsndUd7TUtNvLa8tmZEZoZkLKpOKAOgoAKACgAoAKAP4tv+DRf/AJKV/wAFoP8As7PwV/6f/wBoSgD+0mgD/9f+/igAoAKACgAoAKACgAoAKACgAoAKAP5zP+DrL/lCp+0Z/wBjr8DP/Vs+F6APtP8A4IV/8off+Cd3/ZsPw9/9JJaAP1goAKACgAoAKACgAoAKACgAoAKACgAoAKACgAoAKACgAoAKACgAoAKACgAoAKACgAoAKACgAoAKACgAoAKACgD+bz/g7E/5Qm/tDf8AZRf2ef8A1dPg6gD1/wD4NkP+UG37CX/YF+Ov/rUPxuoA/eSgD+WD/g8M/wCUP83/AGdD8Ev/AEg8d0AfwRf8EFfgN8IP2nP+Ctf7HvwM+PfgPRfid8JPHuv/ABRtvGHgXxD9s/sbX4NF+BXxQ8TaXFe/YLqyuytlr2i6XqUQiuos3FlEH3x70YA/1JfBf/BDf/gkN4B1ez13w9/wTy/Zhl1HT5luLRvE/wAO7Dx1Zxzp/q5W0vxw/iLS5nibEkRns5fKlVJo9syo6AH6a+FPCHhPwJoOn+FfA/hfw74N8MaTF5GleHPCmiab4d0HTIM58nT9H0i1s9Ps4s8+Xb28SZ5xzQB0VAH+Yv8A8Hrf/KTT9nT/ALMT8Bf+tAftIUAfud/wZQ/8o2P2k/8As+Lxj/6oX9n2gD+xqgAoAKACgAoAKACgAoAKACgAoAKACgAoAKACgAoAKACgAoAKACgAoAKACgAoAKACgD5J/b9/5MR/bW/7NJ/aP/8AVO+MqAP5Rf8AgyJ/5NI/bX/7OM8F/wDqs7WgD+3CgD/Mq/4PU/iL4R8Tf8FBv2c/AWha3puq+Ivhv+yzZDxpY2F5DdzeHdQ8XfEvxvquk6PrEcLOdP1WbRLWz1z7BclLr+ydY0m/MS22oWsk4B71/wAGQPxG8I6N8dv29fhbqWt6dZ+NPHvww+B/i/wrodzeQQajrWjfDfxL8SNO8WXGm2khEt8NIl+Inhp737Pua2ivY5ZF8os6AH+i3QAUAfwff8HP3/BwRH4MsvHf/BND9iTxtu8aahDf+E/2tfjX4Wv/AJfB+nXEclprXwD8DaxZy8+LNRieWw+LGuWUu3wvp73PgG1mfxLe+KE8JgH4Vfs7f8HU/wDwUC/ZQ+DPgL9n/wDZ/wDgV+wt8NfhP8NtEg0Pwr4V0L4LfEqKCCFCZbzUtSu3+OL3uteIdbvpLjV/EXiLVZ7vWdf1q8vdW1a9u7+6uLhwDH+L3/Ben/gqt/wV71T4a/sBeNPHnw9+H/w//aj+Lfwv+DfiPwz8Dfh7/wAIheeMU8e+PNA8O6doeteINY1vxX4nbQX1LULSXUdH03V9Osdagi+wa5HqOmTXFpKAf6y3h7QNI8K6BofhfQLKLTdB8N6PpmgaJp0AxBYaRo9lDp+m2UIOSIrWzt4YIwTwiAc0AbFABQAUAFABQB/Ft/waL/8AJSv+C0H/AGdn4K/9P/7QlAH9pNAH/9D+/igAoAKACgAoAKACgAoAKACgAoAKAP5zP+DrL/lCp+0Z/wBjr8DP/Vs+F6APtP8A4IV/8off+Cd3/ZsPw9/9JJaAP1goAKACgAoAKACgAoAKACgAoAKACgAoAKACgAoAKACgAoAKACgAoAKACgAoAKACgAoAKACgAoAKACgAoAKACgD+bz/g7E/5Qm/tDf8AZRf2ef8A1dPg6gD1/wD4NkP+UG37CX/YF+Ov/rUPxuoA/eSgD+Sj/g8q+IvhHw5/wSx8E/D/AFPW9Ng8YfEf9qb4anwt4de8hXWNT0/wl4W+IGs+JNYtdO3G6n0rRVbS7PU79I/stne67o1tPKk+o2cc4B/D7/wbx/Ebwj8K/wDgs7+wX4u8ca3p3h7w8/xP8T+EG1bVryDT7CHWfiR8KfH/AMOfC1vPeXJWCE6j4p8V6Np0HmsqvcXcUe5S4agD/ZZoAKACgD/LP/4PJfir4K+If/BVrwR4W8I67pmuaj8Gv2Rvhl8O/H8em3kV2/h/xve/En4y/ER/DuoiEsttqVt4T8c+EtTntWczQpq8SzJFIGRQD94P+DJX4g+Fb79h79rX4VW+r2D+NvC/7Vi/EHVtAF3EdUtvCvjz4RfDrw54e1eSxz562F7q3w58T2UN3tMT3Gnzw5V48MAf2oUAFABQAUAFABQAUAFABQAUAFABQAUAFABQAUAFABQAUAFABQAUAFABQAUAFABQAUAfJP7fv/JiP7a3/ZpP7R//AKp3xlQB/KL/AMGRP/JpH7a//Zxngv8A9Vna0Af2d/Ej4feFviz8PvG3wv8AHFrqd74M+IfhXXfBfiuz0XxL4m8G6vd+HvEum3OkaxbaZ4s8Gax4f8XeGr6awu547XXPDOu6PrumTMl3pep2V5FDcRAH4ian/wAGwv8AwQ61rULzVtY/YqvtW1XUbmW81DU9T/ak/bLv9Qv7udzJPdXl7dftDzXN1czSMXlnnleWR2LOzE5UAn0P/g2P/wCCInhjVrHX/DX7GWq+Htd0uYXOma1of7VX7Z+k6tp1wFZBPY6lYftEW95aTBHdBLbzI+1mXJBIoA/b/wAC+C/D/wAN/BHg74d+EoNRtfCvgLwr4e8F+GbbV9f1/wAVatb+H/C2kWeh6NBqfijxXqeteKfEmoxadY20d7r/AIl1nVtf1i5WXUNY1O/1G4ubqUA6eSNZY3ifdskRo22u8bbXUq22RCro2CcOjK6nlSCAaAPwLuf+DXv/AIIYXtzcXl5+xDPd3d3PLc3V1c/tPftjz3NzczyNLPcXE8v7QjSzTzSu0kssjM8kjM7sWYlgCD/iFy/4IUf9GM/+bM/tif8A0QVAHq3wM/4N3/8Agjr+zb8X/h18evgx+x3B4R+K/wAJ/FOmeNvh/wCKLj48ftOeK4/D/inRpfP0rV18PeNPjT4i8L6nPYXAW5totZ0XUbaO5SK4EAmhidQD9qKACgAoAKACgAoA/i2/4NF/+Slf8FoP+zs/BX/p/wD2hKAP7SaAP//R/v4oAKACgAoAKACgAoAKACgAoAKACgD+cz/g6y/5QqftGf8AY6/Az/1bPhegD7T/AOCFf/KH3/gnd/2bD8Pf/SSWgD9YKACgAoAKACgAoAKACgAoAKACgAoAKACgAoAKACgAoAKACgAoAKACgAoAKACgAoAKACgAoAKACgAoAKACgAoA/m8/4OxP+UJv7Q3/AGUX9nn/ANXT4OoA9f8A+DZD/lBt+wl/2Bfjr/61D8bqAP3koA/Fr43f8G8//BIb9pD4meLvjD8cv2WfEPxJ+I/jnxDrvijxH4k8Q/tRftgO8+reI9Xvdd1VdM0uz+PtponhzSG1PULqWw8OeG9M0jw7o0EiWOjaVp9hDb2sQB5N/wAQuX/BCj/oxn/zZn9sT/6IKgD9av2Vv2RvgL+xV8MZvg5+zl4Y8TeD/h1L4jvfFa6F4o+K3xb+L1xa6xqGl6No1yNN8QfGXx18QPEulaR9g0DTEtvDemaza+HLGeO7vrLS4L/U9TubsA+lKAPmX9qH9kD4EftkeEtD8DfH7RfHuveGPDusy6/pth4E+OPxz+B076lNYT6a51bVfgX8R/hvrHiCx+yXEyppGv6hqWkRzlLyOxS8iiuEAPyiuf8Ag17/AOCGF7c3F5efsQz3d3dzy3N1dXP7T37Y89zc3M7tLPcXE8v7QjSzTzSs0kssjM8jszuxYksAdN4L/wCDa/8A4IxfDbXI/E3w6/ZO8W+AfEkUEtrF4g8F/teftt+Ftcitp2jaa3j1bQ/2j7C/SCZoomliW4WORooy6kopoA/anwR4O0L4d+C/CHw/8LR6pF4Z8C+F9A8HeHYtc8ReIvF+tR6F4Y0q00XSI9X8WeL9V13xZ4o1RNPsrddQ8ReKNb1nxFrV2JdS1rVdQ1K5ubucA6igAoAKACgAoAKACgAoAKACgAoAKACgAoAKACgAoAKACgAoAKACgAoAKACgAoAKAPkn9v3/AJMR/bW/7NJ/aP8A/VO+MqAP5Rf+DIn/AJNI/bX/AOzjPBf/AKrO1oA/twoAKACgAoAKACgAoAKACgAoAKACgAoAKAP4tv8Ag0X/AOSlf8FoP+zs/BX/AKf/ANoSgD+0mgD/0v7+KACgAoAKACgAoAKACgAoAKACgAoA/nM/4Osv+UKn7Rn/AGOvwM/9Wz4XoA+0/wDghX/yh9/4J3f9mw/D3/0kloA/WCgAoAKACgAoAKACgAoAKACgAoAKACgAoAKACgAoAKACgAoAKACgAoAKACgAoAKACgAoAKACgAoAKACgAoAKAP5vP+DsT/lCb+0N/wBlF/Z5/wDV0+DqAPX/APg2Q/5QbfsJf9gX46/+tQ/G6gD95KACgAoAKACgAoAKACgAoAKACgAoAKACgAoAKACgAoAKACgAoAKACgAoAKACgAoAKACgAoAKACgAoAKACgAoA+Sf2/f+TEf21v8As0n9o/8A9U74yoA/lF/4Mif+TSP21/8As4zwX/6rO1oA/twoAKACgAoAKACgAoAKACgAoAKACgAoAKAP4tv+DRf/AJKV/wAFoP8As7PwV/6f/wBoSgD+0mgD/9P+/igAoAKACgAoAKACgAoAKACgAoAKAP5zP+DrL/lCp+0Z/wBjr8DP/Vs+F6APtP8A4IV/8off+Cd3/ZsPw9/9JJaAP1goAKACgAoAKACgAoAKACgAoAKACgAoAKACgAoAKACgAoAKACgAoAKACgAoAKACgAoAKACgAoAKACgAoAKACgD+bz/g7E/5Qm/tDf8AZRf2ef8A1dPg6gD1/wD4NkP+UG37CX/YF+Ov/rUPxuoA/eSgAoAKACgAoAKACgAoAKACgAoAKACgAoAKACgAoAKACgAoAKACgAoAKACgAoAKACgAoAKACgAoAKACgAoAKAPkn9v3/kxH9tb/ALNJ/aP/APVO+MqAP5Rf+DIn/k0j9tf/ALOM8F/+qztaAP7cKACgAoAKACgAoAKACgAoAKACgAoAKACgD+Lb/g0X/wCSlf8ABaD/ALOz8Ff+n/8AaEoA/tJoA//U/v4oAKACgAoAKACgAoAKACgAoAKACgD+cz/g6y/5QqftGf8AY6/Az/1bPhegD7T/AOCFf/KH3/gnd/2bD8Pf/SSWgD9YKACgAoAKACgAoAKACgAoAKACgAoAKACgAoAKACgAoAKACgAoAKACgAoAKACgAoAKACgAoAKACgAoAKACgAoA/m8/4OxP+UJv7Q3/AGUX9nn/ANXT4OoA9f8A+DZD/lBt+wl/2Bfjr/61D8bqAP3koAKACgAoAKACgAoAKACgAoAKACgAoAKACgAoAKACgAoAKACgAoAKACgAoAKACgAoAKACgAoAKACgAoAKACgD5J/b9/5MR/bW/wCzSf2j/wD1TvjKgD+UX/gyJ/5NI/bX/wCzjPBf/qs7WgD+3CgAoAKACgAoAKACgAoAKACgAoAKACgAoA/i2/4NF/8AkpX/AAWg/wCzs/BX/p//AGhKAP7SaAP/1f7+KACgAoAKACgAoAKACgAoAKACgAoA/nM/4Osv+UKn7Rn/AGOvwM/9Wz4XoA+0/wDghX/yh9/4J3f9mw/D3/0kloA/WCgAoAKACgAoAKACgAoAKACgAoAKACgAoAKACgAoAKACgAoAKACgAoAKACgAoAKACgAoAKACgAoAKACgAoAKAP5vP+DsT/lCb+0N/wBlF/Z5/wDV0+DqAPX/APg2Q/5QbfsJf9gX46/+tQ/G6gD95KACgAoAKACgAoAKACgAoAKACgAoAKACgAoAKACgAoAKACgAoAKACgAoAKACgAoAKACgAoAKACgAoAKACgAoA+Sf2/f+TEf21v8As0n9o/8A9U74yoA/lF/4Mif+TSP21/8As4zwX/6rO1oA/twoAKACgAoAKACgAoAKACgAoAKACgAoAKAP4tv+DRf/AJKV/wAFoP8As7PwV/6f/wBoSgD+0mgD/9b+/igAoAKACgAoAKACgAoAKACgAoAKAP5zP+DrL/lCp+0Z/wBjr8DP/Vs+F6APtP8A4IV/8off+Cd3/ZsPw9/9JJaAP1goAKACgAoAKACgAoAKACgAoAKACgAoAKACgAoAKACgAoAKACgAoAKACgAoAKACgAoAKACgAoAKACgAoAKACgD+bz/g7E/5Qm/tDf8AZRf2ef8A1dPg6gD1/wD4NkP+UG37CX/YF+Ov/rUPxuoA/eSgAoAKACgAoAKACgAoAKACgAoAKACgAoAKACgAoAKACgAoAKACgAoAKACgAoAKACgAoAKACgAoAKACgAoAKAPkn9v3/kxH9tb/ALNJ/aP/APVO+MqAP5Rf+DIn/k0j9tf/ALOM8F/+qztaAP7cKACgAoAKACgAoAKACgAoAKACgAoAKACgD+Lb/g0X/wCSlf8ABaD/ALOz8Ff+n/8AaEoA/tJoA//X/v4oAKACgAoAKACgAoAKACgAoAKACgD+cz/g6y/5QqftGf8AY6/Az/1bPhegD7T/AOCFf/KH3/gnd/2bD8Pf/SSWgD9YKACgAoAKACgAoAKACgAoAKACgAoAKACgAoAKACgAoAKACgAoAKACgAoAKACgAoAKACgAoAKACgAoAKACgAoA/m8/4OxP+UJv7Q3/AGUX9nn/ANXT4OoA9f8A+DZD/lBt+wl/2Bfjr/61D8bqAP3koAKACgAoAKACgAoAKACgAoAKACgAoAKACgAoAKACgAoAKACgAoAKACgAoAKACgAoAKACgAoAKACgAoAKACgD5J/b9/5MR/bW/wCzSf2j/wD1TvjKgD+UX/gyJ/5NI/bX/wCzjPBf/qs7WgD+3CgAoAKACgAoAKACgAoAKACgAoAKACgAoA/i2/4NF/8AkpX/AAWg/wCzs/BX/p//AGhKAP7SaAP/0P7+KACgAoAKACgAoAKACgAoAKACgAoA/nM/4Osv+UKn7Rn/AGOvwM/9Wz4XoA+0/wDghX/yh9/4J3f9mw/D3/0kloA/WCgAoAKACgAoAKACgAoAKACgAoAKACgAoAKACgAoAKACgAoAKACgAoAKACgAoAKACgAoAKACgAoAKACgAoAKAP5vP+DsT/lCb+0N/wBlF/Z5/wDV0+DqAPX/APg2Q/5QbfsJf9gX46/+tQ/G6gD95KACgAoAKACgAoAKACgAoAKACgAoAKACgAoAKACgAoAKACgAoAKACgAoAKACgAoAKACgAoAKACgAoAKACgAoA+Sf2/f+TEf21v8As0n9o/8A9U74yoA/lF/4Mif+TSP21/8As4zwX/6rO1oA/twoAKACgAoAKACgAoAKACgAoAKACgAoAKAP4tv+DRf/AJKV/wAFoP8As7PwV/6f/wBoSgD+0mgD/9H+/igAoAKACgAoAKACgAoAKACgAoAKAP5zP+DrL/lCp+0Z/wBjr8DP/Vs+F6APtP8A4IV/8off+Cd3/ZsPw9/9JJaAP1goAKACgAoAKACgAoAKACgAoAKACgAoAKACgAoAKACgAoAKACgAoAKACgAoAKACgAoAKACgAoAKACgAoAKACgD+bz/g7E/5Qm/tDf8AZRf2ef8A1dPg6gD1/wD4NkP+UG37CX/YF+Ov/rUPxuoA/eSgAoAKACgAoAKACgAoAKACgAoAKACgAoAKACgAoAKACgAoAKACgAoAKACgAoAKACgAoAKACgAoAKACgAoAKAPkn9v3/kxH9tb/ALNJ/aP/APVO+MqAP5Rf+DIn/k0j9tf/ALOM8F/+qztaAP7cKACgAoAKACgAoAKACgAoAKACgAoAKACgD+Lb/g0X/wCSlf8ABaD/ALOz8Ff+n/8AaEoA/tJoA//S/v4oAKACgAoAKACgAoAKACgAoAKACgD+cz/g6y/5QqftGf8AY6/Az/1bPhegD7T/AOCFf/KH3/gnd/2bD8Pf/SSWgD9YKACgAoAKACgAoAKACgAoAKACgAoAKACgAoAKACgAoAKACgAoAKACgAoAKACgAoAKACgAoAKACgAoAKACgAoA/m8/4OxP+UJv7Q3/AGUX9nn/ANXT4OoA9f8A+DZD/lBt+wl/2Bfjr/61D8bqAP3koAKACgAoAKACgAoAKACgAoAKACgAoAKACgAoAKACgAoAKACgAoAKACgAoAKACgAoAKACgAoAKACgAoAKACgD5J/b9/5MR/bW/wCzSf2j/wD1TvjKgD+UX/gyJ/5NI/bX/wCzjPBf/qs7WgD+3CgAoAKACgAoAKACgAoAKACgAoAKACgAoA/i2/4NF/8AkpX/AAWg/wCzs/BX/p//AGhKAP7SaAP/0/7+KACgAoAKACgAoAKACgAoAKACgAoA/nM/4Osv+UKn7Rn/AGOvwM/9Wz4XoA+0/wDghX/yh9/4J3f9mw/D3/0kloA/WCgAoAKACgAoAKACgAoAKACgAoAKACgAoAKACgAoAKACgAoAKACgAoAKACgAoAKACgAoAKACgAoAKACgAoAKAP5vP+DsT/lCb+0N/wBlF/Z5/wDV0+DqAPX/APg2Q/5QbfsJf9gX46/+tQ/G6gD95KACgAoAKACgAoAKACgAoAKACgAoAKACgAoAKACgAoAKACgAoAKACgAoAKACgAoAKACgAoAKACgAoAKACgAoA+Sf2/f+TEf21v8As0n9o/8A9U74yoA/lF/4Mif+TSP21/8As4zwX/6rO1oA/twoAKACgAoAKACgAoAKACgAoAKACgAoAKAP4tv+DRf/AJKV/wAFoP8As7PwV/6f/wBoSgD+0mgD/9T+/igAoAKACgAoAKACgAoAKACgAoAKAP5zP+DrL/lCp+0Z/wBjr8DP/Vs+F6APtP8A4IV/8off+Cd3/ZsPw9/9JJaAP1goAKACgAoAKACgAoAKACgAoAKACgAoAKACgAoAKACgAoAKACgAoAKACgAoAKACgAoAKACgAoAKACgAoAKACgD+bz/g7E/5Qm/tDf8AZRf2ef8A1dPg6gD1/wD4NkP+UG37CX/YF+Ov/rUPxuoA/eSgAoAKACgAoAKACgAoAKACgAoAKACgAoAKACgAoAKACgAoAKACgAoAKACgAoAKACgAoAKACgAoAKACgAoAKAPkn9v3/kxH9tb/ALNJ/aP/APVO+MqAP5Rf+DIn/k0j9tf/ALOM8F/+qztaAP7cKACgAoAKACgAoAKACgAoAKACgAoAKACgD+Lb/g0X/wCSlf8ABaD/ALOz8Ff+n/8AaEoA/tJoA//V/v4oAKACgAoAKACgAoAKACgAoAKACgD+cz/g6y/5QqftGf8AY6/Az/1bPhegD7T/AOCFf/KH3/gnd/2bD8Pf/SSWgD9YKACgAoAKACgAoAKACgAoAKACgAoAKACgAoAKACgAoAKACgAoAKACgAoAKACgAoAKACgAoAKACgAoAKACgAoA/m8/4OxP+UJv7Q3/AGUX9nn/ANXT4OoA9f8A+DZD/lBt+wl/2Bfjr/61D8bqAP3koAKACgAoAKACgAoAKACgAoAKACgAoAKACgAoAKACgAoAKACgAoAKACgAoAKACgAoAKACgAoAKACgAoAKACgD5J/b9/5MR/bW/wCzSf2j/wD1TvjKgD+UX/gyJ/5NI/bX/wCzjPBf/qs7WgD+3CgAoAKACgAoAKACgAoAKACgAoAKACgAoA/i2/4NF/8AkpX/AAWg/wCzs/BX/p//AGhKAP7SaAP/1v7+KACgAoAKACgAoAKACgAoAKACgAoA/nM/4Osv+UKn7Rn/AGOvwM/9Wz4XoA+0/wDghX/yh9/4J3f9mw/D3/0kloA/WCgAoAKACgAoAKACgAoAKACgAoAKACgAoAKACgAoAKACgAoAKACgAoAKACgAoAKACgAoAKACgAoAKACgAoAKAP5vP+DsT/lCb+0N/wBlF/Z5/wDV0+DqAPX/APg2Q/5QbfsJf9gX46/+tQ/G6gD95KACgAoAKACgAoAKACgAoAKACgAoAKACgAoAKACgAoAKACgAoAKACgAoAKACgAoAKACgAoAKACgAoAKACgAoA+Sf2/f+TEf21v8As0n9o/8A9U74yoA/lF/4Mif+TSP21/8As4zwX/6rO1oA/twoAKACgAoAKACgAoAKACgAoAKACgAoAKAP4tv+DRf/AJKV/wAFoP8As7PwV/6f/wBoSgD+0mgD/9f+/igAoAKACgAoAKACgAoAKACgAoAKAP5zP+DrL/lCp+0Z/wBjr8DP/Vs+F6APtP8A4IV/8off+Cd3/ZsPw9/9JJaAP1goAKACgAoAKACgAoAKACgAoAKACgAoAKACgAoAKACgAoAKACgAoAKACgAoAKACgAoAKACgAoAKACgAoAKACgD+bz/g7E/5Qm/tDf8AZRf2ef8A1dPg6gD1/wD4NkP+UG37CX/YF+Ov/rUPxuoA/eSgAoAKACgAoAKACgAoAKACgAoAKACgAoAKACgAoAKACgAoAKACgAoAKACgAoAKACgAoAKACgAoAKACgAoAKAPkn9v3/kxH9tb/ALNJ/aP/APVO+MqAP5Rf+DIn/k0j9tf/ALOM8F/+qztaAP7cKACgAoAKACgAoAKACgAoAKACgAoAKACgD+Lb/g0X/wCSlf8ABaD/ALOz8Ff+n/8AaEoA/tJoA//Q/v4oAKACgAoAKACgAoAKACgAoAKACgD+cz/g6y/5QqftGf8AY6/Az/1bPhegD7T/AOCFf/KH3/gnd/2bD8Pf/SSWgD9YKACgAoAKACgAoAKACgAoAKACgAoAKACgAoAKACgAoAKACgAoAKACgAoAKACgAoAKACgAoAKACgAoAKACgAoA/m8/4OxP+UJv7Q3/AGUX9nn/ANXT4OoA9f8A+DZD/lBt+wl/2Bfjr/61D8bqAP3koAKACgAoAKACgAoAKACgAoAKACgAoAKACgAoAKACgAoAKACgAoAKACgAoAKACgAoAKACgAoAKACgAoAKACgD5J/b9/5MR/bW/wCzSf2j/wD1TvjKgD+UX/gyJ/5NI/bX/wCzjPBf/qs7WgD+3CgAoAKACgAoAKACgAoAKACgAoAKACgAoA/i2/4NF/8AkpX/AAWg/wCzs/BX/p//AGhKAP7SaAP/0f7+KACgAoAKACgAoAKACgAoAKACgAoA/nM/4Osv+UKn7Rn/AGOvwM/9Wz4XoA+0/wDghX/yh9/4J3f9mw/D3/0kloA/WCgAoAKACgAoAKACgAoAKACgAoAKACgAoAKACgAoAKACgAoAKACgAoAKACgAoAKACgAoAKACgAoAKACgAoAKAP5vP+DsT/lCb+0N/wBlF/Z5/wDV0+DqAPX/APg2Q/5QbfsJf9gX46/+tQ/G6gD95KACgAoAKACgAoAKACgAoAKACgAoAKACgAoAKACgAoAKACgAoAKACgAoAKACgAoAKACgAoAKACgAoAKACgAoA+Sf2/f+TEf21v8As0n9o/8A9U74yoA/lF/4Mif+TSP21/8As4zwX/6rO1oA/twoAKACgAoAKACgAoAKACgAoAKACgAoAKAP4tv+DRf/AJKV/wAFoP8As7PwV/6f/wBoSgD+0mgD/9L+/igAoAKACgAoAKACgAoAKACgAoAKAP5zP+DrL/lCp+0Z/wBjr8DP/Vs+F6APtP8A4IV/8off+Cd3/ZsPw9/9JJaAP1goAKACgAoAKACgAoAKACgAoAKACgAoAKACgAoAKACgAoAKACgAoAKACgAoAKACgAoAKACgAoAKACgAoAKACgD+bz/g7E/5Qm/tDf8AZRf2ef8A1dPg6gD1/wD4NkP+UG37CX/YF+Ov/rUPxuoA/eSgAoAKACgAoAKACgAoAKACgAoAKACgAoAKACgAoAKACgAoAKACgAoAKACgAoAKACgAoAKACgAoAKACgAoAKAPkn9v3/kxH9tb/ALNJ/aP/APVO+MqAP5Rf+DIn/k0j9tf/ALOM8F/+qztaAP7cKACgAoAKACgAoAKACgAoAKACgAoAKACgD+Lb/g0X/wCSlf8ABaD/ALOz8Ff+n/8AaEoA/tJoA//T/v4oAKACgAoAKACgAoAKACgAoAKACgD+cz/g6y/5QqftGf8AY6/Az/1bPhegD7T/AOCFf/KH3/gnd/2bD8Pf/SSWgD9YKACgAoAKACgAoAKACgAoAKACgAoAKACgAoAKACgAoAKACgAoAKACgAoAKACgAoAKACgAoAKACgAoAKACgAoA/m8/4OxP+UJv7Q3/AGUX9nn/ANXT4OoA9f8A+DZD/lBt+wl/2Bfjr/61D8bqAP3koAKACgAoAKACgAoAKACgAoAKACgAoAKACgAoAKACgAoAKACgAoAKACgAoAKACgAoAKACgAoAKACgAoAKACgD5J/b9/5MR/bW/wCzSf2j/wD1TvjKgD+UX/gyJ/5NI/bX/wCzjPBf/qs7WgD+3CgAoAKACgAoAKACgAoAKACgAoAKACgAoA/i2/4NF/8AkpX/AAWg/wCzs/BX/p//AGhKAP7SaAP/1P7+KACgAoAKACgAoAKACgAoAKACgAoA/nM/4Osv+UKn7Rn/AGOvwM/9Wz4XoA+0/wDghX/yh9/4J3f9mw/D3/0kloA/WCgAoAKACgAoAKACgAoAKACgAoAKACgAoAKACgAoAKACgAoAKACgAoAKACgAoAKACgAoAKACgAoAKACgAoAKAP5vP+DsT/lCb+0N/wBlF/Z5/wDV0+DqAPX/APg2Q/5QbfsJf9gX46/+tQ/G6gD95KACgAoAKACgAoAKACgAoAKACgAoAKACgAoAKACgAoAKACgAoAKACgAoAKACgAoAKACgAoAKACgAoAKACgAoA+Sf2/f+TEf21v8As0n9o/8A9U74yoA/lF/4Mif+TSP21/8As4zwX/6rO1oA/twoAKACgAoAKACgAoAKACgAoAKACgAoAKAP4tv+DRf/AJKV/wAFoP8As7PwV/6f/wBoSgD+0mgD/9X+/igAoAKACgAoAKACgAoAKACgAoAKAP5zP+DrL/lCp+0Z/wBjr8DP/Vs+F6APtP8A4IV/8off+Cd3/ZsPw9/9JJaAP1goAKACgAoAKACgAoAKACgAoAKACgAoAKACgAoAKACgAoAKACgAoAKACgAoAKACgAoAKACgAoAKACgAoAKACgD+bz/g7E/5Qm/tDf8AZRf2ef8A1dPg6gD1/wD4NkP+UG37CX/YF+Ov/rUPxuoA/eSgAoAKACgAoAKACgAoAKACgAoAKACgAoAKACgAoAKACgAoAKACgAoAKACgAoAKACgAoAKACgAoAKACgAoAKAPkn9v3/kxH9tb/ALNJ/aP/APVO+MqAP5Rf+DIn/k0j9tf/ALOM8F/+qztaAP7cKACgAoAKACgAoAKACgAoAKACgAoAKACgD+Lb/g0X/wCSlf8ABaD/ALOz8Ff+n/8AaEoA/tJoA//W/v4oAKACgAoAKACgAoAKACgAoAKACgD+cz/g6y/5QqftGf8AY6/Az/1bPhegD7T/AOCFf/KH3/gnd/2bD8Pf/SSWgD9YKACgAoAKACgAoAKACgAoAKACgAoAKACgAoAKACgAoAKACgAoAKACgAoAKACgAoAKACgAoAKACgAoAKACgAoA/m8/4OxP+UJv7Q3/AGUX9nn/ANXT4OoA9f8A+DZD/lBt+wl/2Bfjr/61D8bqAP3koAKACgAoAKACgAoAKACgAoAKACgAoAKACgAoAKACgAoAKACgAoAKACgAoAKACgAoAKACgAoAKACgAoAKACgD5J/b9/5MR/bW/wCzSf2j/wD1TvjKgD+UX/gyJ/5NI/bX/wCzjPBf/qs7WgD+3CgAoAKACgAoAKACgAoAKACgAoAKACgAoA/i2/4NF/8AkpX/AAWg/wCzs/BX/p//AGhKAP7SaAP/1/7+KACgAoAKACgAoAKACgAoAKACgAoA/nM/4Osv+UKn7Rn/AGOvwM/9Wz4XoA+0/wDghX/yh9/4J3f9mw/D3/0kloA/WCgAoAKACgAoAKACgAoAKACgAoAKACgAoAKACgAoAKACgAoAKACgAoAKACgAoAKACgAoAKACgAoAKACgAoAKAP5vP+DsT/lCb+0N/wBlF/Z5/wDV0+DqAPX/APg2Q/5QbfsJf9gX46/+tQ/G6gD95KACgAoAKACgAoAKACgAoAKACgAoAKACgAoAKACgAoAKACgAoAKACgAoAKACgAoAKACgAoAKACgAoAKACgAoA+Sf2/f+TEf21v8As0n9o/8A9U74yoA/lF/4Mif+TSP21/8As4zwX/6rO1oA/twoAKACgAoAKACgAoAKACgAoAKACgAoAKAP4tv+DRf/AJKV/wAFoP8As7PwV/6f/wBoSgD+0mgD/9D+/igAoAKACgAoAKACgAoAKACgAoAKAP5zP+DrL/lCp+0Z/wBjr8DP/Vs+F6APtP8A4IV/8off+Cd3/ZsPw9/9JJaAP1goAKACgAoAKACgAoAKACgAoAKACgAoAKACgAoAKACgAoAKACgAoAKACgAoAKACgAoAKACgAoAKACgAoAKACgD+bz/g7E/5Qm/tDf8AZRf2ef8A1dPg6gD1/wD4NkP+UG37CX/YF+Ov/rUPxuoA/eSgAoAKACgAoAKACgAoAKACgAoAKACgAoAKACgAoAKACgAoAKACgAoAKACgAoAKACgAoAKACgAoAKACgAoAKAPkn9v3/kxH9tb/ALNJ/aP/APVO+MqAP5Rf+DIn/k0j9tf/ALOM8F/+qztaAP7cKACgAoAKACgAoAKACgAoAKACgAoAKACgD+Lb/g0X/wCSlf8ABaD/ALOz8Ff+n/8AaEoA/tJoA//R/v4oAKACgAoAKACgAoAKACgAoAKACgD+cz/g6y/5QqftGf8AY6/Az/1bPhegD7T/AOCFf/KH3/gnd/2bD8Pf/SSWgD9YKACgAoAKACgAoAKACgAoAKACgAoAKACgAoAKACgAoAKACgAoAKACgAoAKACgAoAKACgAoAKACgAoAKACgAoA/m8/4OxP+UJv7Q3/AGUX9nn/ANXT4OoA9f8A+DZD/lBt+wl/2Bfjr/61D8bqAP3koAKACgAoAKACgAoAKACgAoAKACgAoAKACgAoAKACgAoAKACgAoAKACgAoAKACgAoAKACgAoAKACgAoAKACgD5J/b9/5MR/bW/wCzSf2j/wD1TvjKgD+UX/gyJ/5NI/bX/wCzjPBf/qs7WgD+3CgAoAKACgAoAKACgAoAKACgAoAKACgAoA/i2/4NF/8AkpX/AAWg/wCzs/BX/p//AGhKAP7SaAP/0v7+KACgAoAKACgAoAKACgAoAKACgAoA/nM/4Osv+UKn7Rn/AGOvwM/9Wz4XoA+0/wDghX/yh9/4J3f9mw/D3/0kloA/WCgAoAKACgAoAKACgAoAKACgAoAKACgAoAKACgAoAKACgAoAKACgAoAKACgAoAKACgAoAKACgAoAKACgAoAKAP5vP+DsT/lCb+0N/wBlF/Z5/wDV0+DqAPX/APg2Q/5QbfsJf9gX46/+tQ/G6gD95KACgAoAKACgAoAKACgAoAKACgAoAKACgAoAKACgAoAKACgAoAKACgAoAKACgAoAKACgAoAKACgAoAKACgAoA+Sf2/f+TEf21v8As0n9o/8A9U74yoA/lF/4Mif+TSP21/8As4zwX/6rO1oA/twoAKACgAoAKACgAoAKACgAoAKACgAoAKAP4tv+DRf/AJKV/wAFoP8As7PwV/6f/wBoSgD+0mgD/9P+/igAoAKACgAoAKACgAoAKACgAoAKAP5zP+DrL/lCp+0Z/wBjr8DP/Vs+F6APtP8A4IV/8off+Cd3/ZsPw9/9JJaAP1goAKACgAoAKACgAoAKACgAoAKACgAoAKACgAoAKACgAoAKACgAoAKACgAoAKACgAoAKACgAoAKACgAoAKACgD+bz/g7E/5Qm/tDf8AZRf2ef8A1dPg6gD1/wD4NkP+UG37CX/YF+Ov/rUPxuoA/eSgAoAKACgAoAKACgAoAKACgAoAKACgAoAKACgAoAKACgAoAKACgAoAKACgAoAKACgAoAKACgAoAKACgAoAKAPkn9v3/kxH9tb/ALNJ/aP/APVO+MqAP5Rf+DIn/k0j9tf/ALOM8F/+qztaAP7cKACgAoAKACgAoAKACgAoAKACgAoAKACgD+Lb/g0X/wCSlf8ABaD/ALOz8Ff+n/8AaEoA/tJoA//U/v4oAKACgAoAKACgAoAKACgAoAKACgD+cz/g6y/5QqftGf8AY6/Az/1bPhegD7T/AOCFf/KH3/gnd/2bD8Pf/SSWgD9YKACgAoAKACgAoAKACgAoAKACgAoAKACgAoAKACgAoAKACgAoAKACgAoAKACgAoAKACgAoAKACgAoAKACgAoA/m8/4OxP+UJv7Q3/AGUX9nn/ANXT4OoA9f8A+DZD/lBt+wl/2Bfjr/61D8bqAP3koAKACgAoAKACgAoAKACgAoAKACgAoAKACgAoAKACgAoAKACgAoAKACgAoAKACgAoAKACgAoAKACgAoAKACgD5J/b9/5MR/bW/wCzSf2j/wD1TvjKgD+UX/gyJ/5NI/bX/wCzjPBf/qs7WgD+3CgAoAKACgAoAKACgAoAKACgAoAKACgAoA/i2/4NF/8AkpX/AAWg/wCzs/BX/p//AGhKAP7SaAP/1f7+KACgAoAKACgAoAKACgAoA/nO/wCCz3/Bwd8L/wDgmR4q8NfszfBj4eJ+03+3D4+j0M6R8JrXVZrDwn8OYPFc1rbeEbr4l6jpcdxrF14h8WyXltceE/hzoKW+t6xpbx6xq+s+FNL1Lwzd+IQD5p/bS/4Kff8ABbX/AIJM/C34M/tVftwfBT9hD9oL9n7x94o0Pwj8YvA37M1v8afhx8SvgV4t8TaddanpGhQeNfG/jf4heF/EWkPb6dqenjxA/hjULG58V2sWhNqWn2OqaJrGpAH9CX7EH7bXwA/4KEfs5eBv2n/2bfFEniP4eeNI7i1ubDUobew8WeCPFemeVH4h8B+O9Egur0aF4u8PTyxLfWS3d3ZXtlc6dr2h6hqvh3WNI1e/APyB/wCDrL/lCp+0Z/2OvwM/9Wz4XoA+0/8AghX/AMoff+Cd3/ZsPw9/9JJaAP1goAKACgAoAKACgAoAKACgAoAKACgAoAKACgAoAKACgAoAKACgAoAKACgAoAKACgAoAKACgAoAKACgAoAKACgD+bz/AIOxP+UJv7Q3/ZRf2ef/AFdPg6gD1/8A4NkP+UG37CX/AGBfjr/61D8bqAP3koAKACgAoAKACgAoAKACgAoAKACgAoAKACgAoAKACgAoAKACgAoAKACgAoAKACgAoAKACgAoAKACgAoAKACgD5J/b9/5MR/bW/7NJ/aP/wDVO+MqAP5Rf+DIn/k0j9tf/s4zwX/6rO1oA/twoAKACgAoAKACgAoAKACgAoAKACgAoAKAP4tv+DRf/kpX/BaD/s7PwV/6f/2hKAP7SaAP/9b+/igAoAKACgAoAKACgAoA8f8A2hPjN4c/Zz+Anxs/aB8YRyz+FPgd8JfiL8XfElvBLHDcXWifDjwjq/i/U7S1ll/drd3dno81ta7wQbiWJdrEhWAP8d39gz4peO/2zv8AguD+x78Z/jhq83i3x18bP+Ch/wACfiP47vL1pbiC9urn41+GPEU2jW0M8sn2bw9p9lZw+H9G0mNhaaV4ftLLSrKKKztLeFQD/SG/4OhfDdl4i/4IdftqtdQpJc+H1+AXiTS5mQO1pe6d+0x8HYppoum15dKutSsWcHKw3kv3uVYA/kN/4M4f23vEXwf/AG9PGH7FmtazdS/DL9rfwF4i1nw5oMsu600343fB/Qb7xrp2t2aylo7H+2fhdpXxB0jWxarFNrV1p3g5bqSYaJZRoAf1d/8AB1l/yhU/aM/7HX4Gf+rZ8L0AfYP/AAQw1rR4P+CQX/BPGGfVdNhlj/Zj+HyyRS39tHIjC0myrozhlYdwwyO+KAP1c/t/Qv8AoNaT/wCDK0/+OUAH9v6F/wBBrSf/AAZWn/xygA/t/Qv+g1pP/gytP/jlAB/b+hf9BrSf/Blaf/HKAD+39C/6DWk/+DK0/wDjlAB/b+hf9BrSf/Blaf8AxygA/t/Qv+g1pP8A4MrT/wCOUAH9v6F/0GtJ/wDBlaf/ABygA/t/Qv8AoNaT/wCDK0/+OUAH9v6F/wBBrSf/AAZWn/xygA/t/Qv+g1pP/gytP/jlAB/b+hf9BrSf/Blaf/HKAD+39C/6DWk/+DK0/wDjlAB/b+hf9BrSf/Blaf8AxygA/t/Qv+g1pP8A4MrT/wCOUAH9v6F/0GtJ/wDBlaf/ABygA/t/Qv8AoNaT/wCDK0/+OUAH9v6F/wBBrSf/AAZWn/xygA/t/Qv+g1pP/gytP/jlAB/b+hf9BrSf/Blaf/HKAD+39C/6DWk/+DK0/wDjlAB/b+hf9BrSf/Blaf8AxygA/t/Qv+g1pP8A4MrT/wCOUAH9v6F/0GtJ/wDBlaf/ABygA/t/Qv8AoNaT/wCDK0/+OUAH9v6F/wBBrSf/AAZWn/xygA/t/Qv+g1pP/gytP/jlAB/b+hf9BrSf/Blaf/HKAD+39C/6DWk/+DK0/wDjlAB/b+hf9BrSf/Blaf8AxygA/t/Qv+g1pP8A4MrT/wCOUAH9v6F/0GtJ/wDBlaf/ABygA/t/Qv8AoNaT/wCDK0/+OUAH9v6F/wBBrSf/AAZWn/xygA/t/Qv+g1pP/gytP/jlAB/b+hf9BrSf/Blaf/HKAP5wv+DrzVtKu/8Agil+0JBa6np9zM3xE/Z6KwwXtvNKwX40eD2YrHG5YhVBYkA4AycAEqAevf8ABstrGk23/BDv9hWC51TTreaPRfjoHhnvraKVN37UHxsYb43cMuVZWGRyrAjINAH7v/2/oX/Qa0n/AMGVp/8AHKAD+39C/wCg1pP/AIMrT/45QAf2/oX/AEGtJ/8ABlaf/HKAD+39C/6DWk/+DK0/+OUAH9v6F/0GtJ/8GVp/8coAP7f0L/oNaT/4MrT/AOOUAH9v6F/0GtJ/8GVp/wDHKAD+39C/6DWk/wDgytP/AI5QAf2/oX/Qa0n/AMGVp/8AHKAD+39C/wCg1pP/AIMrT/45QAf2/oX/AEGtJ/8ABlaf/HKAD+39C/6DWk/+DK0/+OUAH9v6F/0GtJ/8GVp/8coAP7f0L/oNaT/4MrT/AOOUAH9v6F/0GtJ/8GVp/wDHKAD+39C/6DWk/wDgytP/AI5QAf2/oX/Qa0n/AMGVp/8AHKAD+39C/wCg1pP/AIMrT/45QAf2/oX/AEGtJ/8ABlaf/HKAD+39C/6DWk/+DK0/+OUAH9v6F/0GtJ/8GVp/8coAP7f0L/oNaT/4MrT/AOOUAH9v6F/0GtJ/8GVp/wDHKAD+39C/6DWk/wDgytP/AI5QAf2/oX/Qa0n/AMGVp/8AHKAD+39C/wCg1pP/AIMrT/45QAf2/oX/AEGtJ/8ABlaf/HKAD+39C/6DWk/+DK0/+OUAH9v6F/0GtJ/8GVp/8coAP7f0L/oNaT/4MrT/AOOUAH9v6F/0GtJ/8GVp/wDHKAD+39C/6DWk/wDgytP/AI5QAf2/oX/Qa0n/AMGVp/8AHKAD+39C/wCg1pP/AIMrT/45QAf2/oX/AEGtJ/8ABlaf/HKAD+39C/6DWk/+DK0/+OUAfJf7fWuaJJ+wp+2pGmr6W7v+yX+0ciImoWrM7N8HvGIVVUSZZmJACjkk4HUUAfymf8GSepadZfslftqJe39laO/7RXgtkS5uobdnUfDS1BZVlZSygjGQMZ44/iAP7Z/7f0L/AKDWk/8AgytP/jlAB/b+hf8AQa0n/wAGVp/8coAP7f0L/oNaT/4MrT/45QAf2/oX/Qa0n/wZWn/xygA/t/Qv+g1pP/gytP8A45QAf2/oX/Qa0n/wZWn/AMcoAP7f0L/oNaT/AODK0/8AjlAB/b+hf9BrSf8AwZWn/wAcoAP7f0L/AKDWk/8AgytP/jlAB/b+hf8AQa0n/wAGVp/8coAP7f0L/oNaT/4MrT/45QAf2/oX/Qa0n/wZWn/xygA/t/Qv+g1pP/gytP8A45QAf2/oX/Qa0n/wZWn/AMcoA/jL/wCDRVlb4k/8FnmUhlb9rLwUyspBVlOvftBkEEZBBGCCDgjkZoA/tKoA/9f+/igAoAKACgAoAKACgAoA/Gr/AIOEtev/AA3/AMEYf+Cgeoac1wtxcfBa30GQ2zOshsPFXjrwh4Y1RWKYP2d9M1i7S7U/I1q0yyZQsKAP8tj/AIIq/wDKW7/gnJ/2eF8C/wD1OtJoA/06P+Dlz/lB/wDt4/8AYq/CD/1oz4PUAf5qP/BBHWdS0L/gsb/wT0vdKM63U/7RHhzRpTbuY5P7N8Radq/h/WQzKQTA2kanfLcp0ktjLGwKswYA/wBXz/gqJ+wLov8AwU0/Yv8Aid+x/rnxL1b4Q2/xB1HwRq1r8QNH8N2Xi+fQ77wX4x0XxXELjwzfapoUesWeoxaVPpk8EWu6PcQG7jvorxvsrWl0Afyf6b/wY4/DiK6V9Y/4KNeNr6y2OGt9N/Zn0LSroyEfu2W8uvjVrMSop5eM2LM44WSPBagDo/8AiB7+Bf8A0f8A/Fn/AMMf4P8A/m6oAP8AiB7+Bf8A0f8A/Fn/AMMf4P8A/m6oAP8AiB7+Bf8A0f8A/Fn/AMMf4P8A/m6oAP8AiB7+Bf8A0f8A/Fn/AMMf4P8A/m6oAP8AiB7+Bf8A0f8A/Fn/AMMf4P8A/m6oAP8AiB7+Bf8A0f8A/Fn/AMMf4P8A/m6oAP8AiB7+Bf8A0f8A/Fn/AMMf4P8A/m6oAP8AiB7+Bf8A0f8A/Fn/AMMf4P8A/m6oAP8AiB7+Bf8A0f8A/Fn/AMMf4P8A/m6oAP8AiB7+Bf8A0f8A/Fn/AMMf4P8A/m6oAP8AiB7+Bf8A0f8A/Fn/AMMf4P8A/m6oAP8AiB7+Bf8A0f8A/Fn/AMMf4P8A/m6oAP8AiB7+Bf8A0f8A/Fn/AMMf4P8A/m6oAP8AiB7+Bf8A0f8A/Fn/AMMf4P8A/m6oAP8AiB7+Bf8A0f8A/Fn/AMMf4P8A/m6oAP8AiB7+Bf8A0f8A/Fn/AMMf4P8A/m6oAP8AiB7+Bf8A0f8A/Fn/AMMf4P8A/m6oAP8AiB7+Bf8A0f8A/Fn/AMMf4P8A/m6oAP8AiB7+Bf8A0f8A/Fn/AMMf4P8A/m6oAP8AiB7+Bf8A0f8A/Fn/AMMf4P8A/m6oAP8AiB7+Bf8A0f8A/Fn/AMMf4P8A/m6oAP8AiB7+Bf8A0f8A/Fn/AMMf4P8A/m6oAP8AiB7+Bf8A0f8A/Fn/AMMf4P8A/m6oAP8AiB7+Bf8A0f8A/Fn/AMMf4P8A/m6oAP8AiB7+Bf8A0f8A/Fn/AMMf4P8A/m6oAP8AiB7+Bf8A0f8A/Fn/AMMf4P8A/m6oAP8AiB7+Bf8A0f8A/Fn/AMMf4P8A/m6oAP8AiB7+Bf8A0f8A/Fn/AMMf4P8A/m6oAP8AiB7+Bf8A0f8A/Fn/AMMf4P8A/m6oAP8AiB7+Bf8A0f8A/Fn/AMMf4P8A/m6oAP8AiB7+Bf8A0f8A/Fn/AMMf4P8A/m6oAP8AiB7+Bf8A0f8A/Fn/AMMf4P8A/m6oAP8AiB7+Bf8A0f8A/Fn/AMMf4P8A/m6oAP8AiB7+Bf8A0f8A/Fn/AMMf4P8A/m6oAP8AiB7+Bf8A0f8A/Fn/AMMf4P8A/m6oAP8AiB7+Bf8A0f8A/Fn/AMMf4P8A/m6oAD/wY9/AvHH7f/xZz2z8D/B+P/U6H8/yoAB/wY9/Avv+3/8AFnPt8D/B/wD83R/n+dAB/wAQPfwL/wCj/wD4s/8Ahj/B/wD83VAB/wAQPfwL/wCj/wD4s/8Ahj/B/wD83VAB/wAQPfwL/wCj/wD4s/8Ahj/B/wD83VAB/wAQPfwL/wCj/wD4s/8Ahj/B/wD83VAB/wAQPfwL/wCj/wD4s/8Ahj/B/wD83VAB/wAQPfwL/wCj/wD4s/8Ahj/B/wD83VAB/wAQPfwL/wCj/wD4s/8Ahj/B/wD83VAB/wAQPfwL/wCj/wD4s/8Ahj/B/wD83VAB/wAQPfwL/wCj/wD4s/8Ahj/B/wD83VAB/wAQPfwL/wCj/wD4s/8Ahj/B/wD83VAB/wAQPfwL/wCj/wD4s/8Ahj/B/wD83VAB/wAQPfwL/wCj/wD4s/8Ahj/B/wD83VAB/wAQPfwL/wCj/wD4s/8Ahj/B/wD83VAB/wAQPfwL/wCj/wD4s/8Ahj/B/wD83VAB/wAQPfwL/wCj/wD4s/8Ahj/B/wD83VAB/wAQPfwL/wCj/wD4s/8Ahj/B/wD83VAB/wAQPfwL/wCj/wD4s/8Ahj/B/wD83VAB/wAQPfwL/wCj/wD4s/8Ahj/B/wD83VAB/wAQPfwL/wCj/wD4s/8Ahj/B/wD83VAB/wAQPfwL/wCj/wD4s/8Ahj/B/wD83VAB/wAQPfwL/wCj/wD4s/8Ahj/B/wD83VAB/wAQPfwL/wCj/wD4s/8Ahj/B/wD83VAB/wAQPfwL/wCj/wD4s/8Ahj/B/wD83VAB/wAQPfwL/wCj/wD4s/8Ahj/B/wD83VAB/wAQPfwL/wCj/wD4s/8Ahj/B/wD83VAB/wAQPfwL/wCj/wD4s/8Ahj/B/wD83VAB/wAQPfwL/wCj/wD4s/8Ahj/B/wD83VAB/wAQPfwL/wCj/wD4s/8Ahj/B/wD83VAB/wAQPfwL/wCj/wD4s/8Ahj/B/wD83VAB/wAQPfwL/wCj/wD4s/8Ahj/B/wD83VAB/wAQPfwL/wCj/wD4s/8Ahj/B/wD83VAB/wAQPfwL/wCj/wD4s/8Ahj/B/wD83VAB/wAQPfwL/wCj/wD4s/8Ahj/B/wD83VAB/wAQPfwL/wCj/wD4s/8Ahj/B/wD83VAB/wAQPfwL/wCj/wD4s/8Ahj/B/wD83VAB/wAQPfwL/wCj/wD4s/8Ahj/B/wD83VAB/wAQPfwL/wCj/wD4s/8Ahj/B/wD83VACD/gx7+Bnf9v/AOLGcnp8D/B447f8z0ecdfXrxnFAC/8AED38C/8Ao/8A+LP/AIY/wf8A/N1QAf8AED38C/8Ao/8A+LP/AIY/wf8A/N1QAf8AED38C/8Ao/8A+LP/AIY/wf8A/N1QAf8AED38C/8Ao/8A+LP/AIY/wf8A/N1QAf8AED38C/8Ao/8A+LP/AIY/wf8A/N1QAf8AED38C/8Ao/8A+LP/AIY/wf8A/N1QAf8AED38C/8Ao/8A+LP/AIY/wf8A/N1QAf8AED38C/8Ao/8A+LP/AIY/wf8A/N1QAf8AED38C/8Ao/8A+LP/AIY/wf8A/N1QAf8AED38C/8Ao/8A+LP/AIY/wf8A/N1QAf8AED38C/8Ao/8A+LP/AIY/wf8A/N1QAf8AED38C/8Ao/8A+LP/AIY/wf8A/N1QAf8AED38C/8Ao/8A+LP/AIY/wf8A/N1QAf8AED38C/8Ao/8A+LP/AIY/wf8A/N1QB+9v/BGH/giv4H/4I3eG/j94d8F/Hnxd8ck+PeufD3WtRuPFPgzRPBy+G2+H1h4tsbWGwg0nVtYe+bVB4tuHu5bq5jSEWFqlvApe4eUA/bagD//Q/v4oAKACgAoAKACgAoAKAPz3/wCCsXwM1j9pT/gml+3J8FPDdlLqXirxt+zT8VE8H6XBFJPNqvjTw/4ZvPFXg7SoYog0rS6n4n0PSrCMxpK6PcB1imZREwB/kh/8EXrmK1/4K1f8E4pZmCo37ZXwBtgSQP3t58RNCtIF5xy006KB1JbAySBQB/p0/wDBzLcR2v8AwQ7/AG75JThW8OfBa3H/AF0u/wBpb4M2kQ7dZZ0H+PSgD/Ps/wCDXn4Fat8bv+C0H7Ll3a2F1deH/gnZ/Ev46eM7q2QsNJ0rwf4A13RvDV9ctgrHbXHxM8U+AtHkd8AnVERSZHQUAf691ABQAUAFABQAUAFABQAUAFABQAUAFABQAUAFABQAUAFABQAUAFABQAUAFABQAUAFABQAUAFABQAUAFABQAUAFABQAUAFABQAUAFABQAUAFABQAUAFABQAUAFABQAUAFABQAUAFABQAUAFABQAUAFABQAUAFABQAUAFABQAUAFABQAUAFABQAUAFABQAUAFABQAUAFABQAUAFABQAUAFABQAUAFAH/9H+/igAoAKACgAoAKACgAoAKAP8x7/gsj/wSW+Kf/BIP/gpP8Mf+CmP7PXww8ReNv2JNM/ac+Gv7TmzwRpdzqrfALxd4Q+JXh74ieJvht4wit4Bb+HPBOq63YXR+GPiTUWtvDy6XqNp4I1K+j1fSIbjXAD9k/8Ag5B/4Ktfsm/tXf8ABMTwj+y/+xR8ZvCH7UXxg/bh+IfwftvD3wt+CWqxfEH4j6T4M8I+KtI+KE7+MPAvhhtR8T+EvEk/jHwt4P8ACdj4J8R6Vp/irUNZvtThstHn/wCEd1t7AA+yf+DZT/gjF4p/4Jofs/8Ai744/tG6Fb6T+1z+0vY6MuueGGmiu7v4NfCPTWXVPD3w1vp4Glt18Ya3rEreJ/iGlncz2trdWnhXw5k3vhW9u78A/bz4s/8ABRT9gP4C+OD8M/jb+2x+yl8JfiJFKkV54I+Ivx/+Fng/xVpbSBmibW9C13xRY6locM21hDcaxBYwTOpjikdwVoA+rPDPijw1418P6R4s8G+ItC8W+FfEFjDqeg+JfDOr6fr3h/W9NuV3W+oaRrOlXF3p2pWM6/NDd2dzNBKvKSECgDdoAKACgAoAKACgAoAKACgAoAKACgAoAKACgAoAKACgAoAKACgAoAKACgAoAKACgAoAKACgAoAKAPjb4s/8FFP2A/gL44Pwz+Nv7bH7KXwl+IkUqRXngj4i/H/4WeD/ABVpbSBmibW9C13xRY6locM21hDcaxBYwTOpjikdwVoA+rPDPijw1418P6R4s8G+ItC8W+FfEFjDqeg+JfDOr6fr3h/W9NuV3W+oaRrOlXF3p2pWM6/NDd2dzNBKvKSECgDdoAKACgD5f+OX7bf7G37MeoQaP+0Z+1b+zn8C9buorS4tdB+LXxo+HfgDX7u2vnMdrdWuheJ/EWl6tc2kxV2F1BaSW6xRTTvKkMMjoAes/C34xfCP45eFYfHXwU+Kfw4+MPgi4uZLODxj8LfHHhn4g+FZ7uGOGaa1h8Q+EtT1fSJLmKG4t5ZIEuzKkc8MjKElRmAPR6APMfiL8bfgz8H20hfi38XPhj8LW8Qi/bQF+Ivj7wr4JbW10s2Y1NtIHibVtLOpDTjqGni/NkJxZm+sxceX9pg3gHmf/Dav7G3/AEdr+zL/AOH5+Fn/AM1dAHZ+BP2jv2efilrv/CL/AAx+PPwY+I3ib7Fcal/wjvgT4o+CPF+u/wBnWjRJd3/9keH9d1G/+xWzXEC3F19n8iFpohJIplQMAez0AFABQAUAFABQAUAFABQAUAFABQAUAFABQAUAFABQAUAFABQAUAFABQAUAFABQAUAFAHxD4h/4KY/8E6PCXxCl+E3in9vH9j3w58S7a/Ok3fgjW/2kPhDpniOw1jzY4F0TUtMvPF0M+na5JNLHFBot+INUnd0ENm5ZQwB9r2t1a31rbX1jcwXlleQQ3VpeWs0dxa3VrcRrNb3NtcQs8U8E8TpLDNE7xyxurozKwNAE9ABQAjMqKzOwVVBZmYgKqgZLMTgAADJJOAOTjFAHzN/w2r+xt/0dr+zL/4fn4Wf/NXQAf8ADav7G3/R2v7Mv/h+fhZ/81dAH0B4d8SeHfGGhaV4o8Ja9ovijw1rtlDqWieIvDuqWOt6FrGnXC77e/0rV9NnurDULKdTuhurS4mglXlJGBBoA2qACgAoAKACgAoAKACgAoAKACgAoA//0v7+KACgAoAKACgAoAKACgAoAgurW1vrW5sr22gvLK8gmtbu0uoY7i1urW4jaK4trmCVXingnid4poZUeOSNmR1ZWYUAeT+CP2e/gH8MvEOoeLvhv8D/AIQfD7xZqyzJqvifwR8NPBfhTxDqaXHliddQ1rQdFsNSvFnEUQmW5uZRJ5ce/O1RQB/MZ/wdNf8ABZfxx/wT/wDgv4M/ZN/Zm8VXnhH9qD9pbw/qeva54/0af7N4h+D3wLhu73w7d694ZvEdLnR/HPxD1+11Pw54Q8R2ay3XhvTvDfjTV9Om0rxNB4Y1a1AOR/4Nj/8Agmh+yp8Rf+CR0fxo/aB+B3w7+Nvjz9uTxP8AGrUPiZ4o+KXhjS/GPie88C+HviH4p+FOmeF7LX9atbrWNFtJL/wXrHjYX2k3llq03iTxB/b737X1jpE9kAfzi/8ABJT/AIKd+Pv+CJ3/AAVP+Mn7DfxE8f63rP7DCftYfFX9nL4keHPE+p3F5o/wv1jwx8Uda+G+ifHzw1E7mHQL/SrrR9Pn+JQ0uBbXxX4LOpTXen6hrui+E7rSwD/U6oAKACgAoAKACgAoAKACgAoAKACgAoAKACgAoAKACgAoAKACgAoAKACgAoAKACgAoAKACgAoA/kt/wCDpr/gsv44/wCCf/wX8Gfsm/szeKrzwj+1B+0t4f1PXtc8f6NP9m8Q/B74Fw3d74du9e8M3iOlzo/jn4h6/a6n4c8IeI7NZbrw3p3hvxpq+nTaV4mg8MatagHI/wDBsf8A8E0P2VPiL/wSOj+NH7QPwO+Hfxt8eftyeJ/jVqHxM8UfFLwxpfjHxPeeBfD3xD8U/CnTPC9lr+tWt1rGi2kl/wCC9Y8bC+0m8stWm8SeIP7fe/a+sdInsgD+cX/gkp/wU78ff8ETv+Cp/wAZP2G/iJ4/1vWf2GE/aw+Kv7OXxI8OeJ9TuLzR/hfrHhj4o618N9E+PnhqJ3MOgX+lXWj6fP8AEoaXAtr4r8FnUprvT9Q13RfCd1pYB/qdUAFAH4ff8Fsf25f2k/2fPh18LP2Tf2AfAeo/Ez/goR+29f8AjDwT8CdN0ltMZvhZ4N8J6VaXfxO+OmsPq80Oh6XD4MsdY0u08Pap4rutN8K6frWoyeJdXur/AE7wlqOg6qAfwv8A7Wv/AAazf8FofCvgXx9+1N8RNX+F37Unjya11Lx78SdA8DfGDx98Tv2hNZmiIn1rUrpPHXgPw9H8QPEMdmst9JYeHfF/ifxBqkdq9lo1pquovZWNwAfj9/wTI/4KW/tBf8Evv2mvBXx5+DXiTXp/CkGuabF8Yfg6Nf1DT/BPxm8BB5LbWvDHifSkkk0uXVotNvL+fwb4lu9Pvb3wf4k+xa1YxyrDcWd2Af7ZPhzX9K8V+HtC8U6FdJfaH4l0bS9f0a9j/wBXeaVrNjBqOnXSdfkuLS5hlXno/egD/O3/AODkP9nz9uL/AIK0f8FQPGnwe/Yp+BXi748eCv8Agnz8IvhT8NPiGfDOr+E9O0nw58T/AI5WmtfF7UpjdeK/EWg213qOp+GJfCuhaja6U95Jps/gzytTWzmmhSUA/Br/AIhyv+C13/RgvxM/8LD4P/8AzxaAP7AP+DUf/gjp+0r+wj4s/ao/aQ/bN+DGp/B34p+KtB8J/Bb4RaBr+p+FtW1ZfAkt9/wm3xM1zzfDGt6/aw2Wva7pXw506wElza3Ql8MawJIZIZoXUA/tGoAKACgAoAKACgAoAKACgAoAKACgAoAKACgAoAKACgAoAKACgAoAKACgAoAKACgAoA/g5/4O0f8AgtP8R/hN4gh/4JjfsteN9X8Da5qXhTTPE/7Wfj/wrqE2leJotD8YWEGp+DfgjoutWU0OpaHBr3hq4g8X/Eaay8i41vwz4g8J+GotR/sXUvGOk6kAfp9/wTs/4IufsfePP+CCXwm+B/ir4FfDfWfiJ+1f+yho3xp8UfFTVfCWh3fxNtPi78aPAg+IPgLxTYeNJ7Fte0nUfhfJ4k8PaP4YtbK+t7Cy0/Q5bG5tbiHVteTUgD+cn/g1Q/4LQfEX4IftD+CP+Cbn7QfjfU/Ef7PHx01P/hFfgBc+KNQur6b4J/Ge9eWXw74O8O3N1LLNZeA/itqLv4aXwrEj2Gl/EPUfDuq6PDpMWt+MZ9SAP9L6gAoA/MH/AILPftL3f7Jf/BMD9sn4w6HcXEHjU/CLVfhn8MxY731Z/if8aruy+EPw/n0e1hzcXuo6V4n8bafrqWtujyG30q4lZRBDM6gH+Xv/AMQ5f/Ba7/owX4mf+Fh8Hx+h+IuR+NAHS+DP+Da//gs34m8YeFPDmtfsU+OvBuj+IPEuhaJq3i/WfFnwpm0fwrpmq6pa2F/4k1WKx+IE97Lpuh2txLqd9HZwTXT2trKtvFJMURgD/XZ+Dfwq8IfAn4RfC74JfD6x/szwJ8IPh54M+GPgzT8Jmz8L+BPDuneF9Bt3MaRo0semaXbLLIqL5koaQgFjuAPSKACgAoAKACgAoAKAOW8c/wDCbf8ACE+MP+FaHwsPiN/wi3iD/hAD45GrN4JHjb+ybv8A4RU+MF0Arrp8LDXfsH/CQDRWXVjpP2sacReGA0AfwN/8Ft/+CxX/AAcKf8Eyvit4L+F/xI8afsXeAtG+LvhPVfFvww+Jn7Mfwg1vxNo2pWeh6ouj+INFu4P2kLrxzd2Hi/w3LdaNeaxZSaLqGjGy8Q6JdWGpXRubuysAD9udL/4OBfBnhP8A4I+/siftr654MvvjL+17+1T4Vufhp8If2X/hrZ3eoeMPjR+034F1bUvh58Q49G8NeH9P1DW9I8B2HjPQLnxHrM+n6Vf3OlaNr3hzw7o8Wq6/4h8O22pAH5Cf8EXP+C6X/BYv9rf/AIK26R+yn+1Z8PrWT4YeKbH4m3fxV+FcXwAPwv1X9mKw8P8Ag3XvEXh3xAdRu7Kx8d6Rp8Xi/TvDngeeD4sa34ml1RPFC2NmzeJrnSJGAP7z6AP/0/7+KACgAoAKACgAoAKACgAoAKACgD/Ho/4OXvjVq3xr/wCC0P7Y1ze3VzLpHww13wT8FfCtjPO00ekaT8N/h94Z0rV7W0Bd1httQ8by+LvERgjCKl1rlyWQSs7MAf6KX/BtpEkP/BEf9gpIxhT4G+JcpA/vz/Hn4rTyH6tJIzH3PvQB/l4/8Fjokh/4Kw/8FIkjGFP7bP7Skp/35/iz4pnkP4ySMfxoA/1wP+CR3xr1j9on/gmL+wl8YPEl5c6l4o8V/sx/CiDxbqt5L513rHi7wv4YsvB/ivWriQsxabWfEWgalqkm5mZWuyrHcp3AH6J0AFABQAUAFABQAUAFABQAUAFABQAUAFABQAUAFABQAUAFABQAUAFABQAUAFABQAUAFABQB/j0f8HL3xq1b41/8Fof2xrm9urmXSPhhrvgn4K+FbGedpo9I0n4b/D7wzpWr2toC7rDbah43l8XeIjBGEVLrXLksglZ2YA/0Uv+DbSJIf8AgiP+wUkYwp8DfEuUgf35/jz8Vp5D9WkkZj7n3oA/y8f+Cx0SQ/8ABWH/AIKRJGMKf22f2lJT/vz/ABZ8UzyH8ZJGP40Af64H/BI7416x+0T/AMExf2EvjB4kvLnUvFHiv9mP4UQeLdVvJfOu9Y8XeF/DFl4P8V61cSFmLTaz4i0DUtUk3MzK12VY7lO4A/ROgDx5PgD8IF+PU/7TzeCLCf48T/Cu1+CKfEW7vNXvNUsPhXa+KbvxqfBujWN3qM+h6Fp9/wCKbw6zrVxoul2Go+ILm00ldcvdQg0TR4bIA9hoA/xNv2ufgcf2gP8Agrx+1F+z3+yf4dh8QR/FP9vz44/Df4JeH/Dtup0aW08QfHXxTpHhxdKTTYXhsfBunWsqXcF6sQtNJ8J2n9oXbJbWc8igH+zZ4C8O+G/2d/gL4L8J6rrsUPhD4GfCLw54d1HxNqO+CGLw38MvBtnpt5rt9vkuHhij0zRJNQut0s7xoH3SSld7AH+Vp+zt/wAHOf7af7IPxj/bF+IHwV+GP7OfjHRv2vP2qfiP+0p4s/4XV4N+IGu+LrN/Fs9vYeGvCFhr3gr4r+Bo7Tw54M8Ladp+l+H9MuLLUl0+WXUpDcXMdysSAH9BH7Ff/B6r8JfGviPw94M/bs/Zj1D4LWeozRWep/Gz4JeIdT+IPg3SppiFGo658KdW0uPxzpGg2pBe7n8N+KPiLrmxh9k8PXToysAf2zfDH4nfD340fD3wb8WPhR4x0D4gfDb4heHtN8V+CvGnhfUIdU0DxH4f1e3W5sNT02+gJSSKaJwHjYRz206y2t1DBcwzQoAd1QAUAFABQAUAFABQAUAFABQAUAFABQAUAFABQAUAFABQAUAFABQAUAFABQAUAFABQB/h0/8ABTL41at+0T/wUM/bW+NGsXVzdSePP2m/jLqGlC7na4lsPCtj451nRvBWiiZnkLQeH/B+m6HodoFbYlrp0McYSNUSgD/ZQ/4J2RJB/wAE/P2FoIxtjh/Y5/ZjijUdFSP4KeCEUD6KAKAP8RpPFviD4ZfGVfHXgrUp9D8VfD74mjxb4S1i0YpdaP4g8KeKv7Y0HUrZ1Ksk+n6jYWt1CyspWSJSCMA0Af7uHwt8c2nxP+GPw5+JdhAbWw+IfgTwh45srZnEjW9p4t8P6fr9tAzjIcww6gkZcHDFcjORQB3dAH8Xv/B4P+3Zq/7OPgr/AIJ+/BzwNH4e1rxfc/tI2P7W2teGvEtrPqnhvVNL/Zqn0xfAnh/xzo9rf6Zdar4O8X+NfGdxdXmmQX9nJqP/AAg1zGt9ZPDHIwB+S/wd/wCD2j9t7QdasD8ef2Sv2X/id4YiKpqFp8L734o/BzxRdx5XMsWveJfGHxo0SGcLuJVfCPku20BYgCzAH9ff/BKT/gvH+xR/wVjguvCPws1DXfhT+0RoWiT+IPE/7PHxNFnD4q/sazlht7/xD4F8Q6e8nh74h+G7Oa4iF3PpU1l4k0qGSK78ReE9DtbqznuAD9r6ACgAoAKACgAoAKACgAoA/i8/4PX/AIIHxZ+w7+yx8fbSyN1ffBj9pDUfAl9Oke6TTvDHxr8Aard6heySYwlo/iX4U+DdPkGcvd39iArAFkAPkj/gy5/Z8+E/xKtvj/8AtReOtY1bx18av2bdR0z4I/BPwz4huH1Hw58Cvh18VbPXPG/i3xP4Esbqe4h0jxF8UPEUvijR9Sv7G0sJ7PS9M8RW0N1cx+M9ciUA/v3EUayPMI0E0iRxyShFEjxxGVoo3cDcyRNNM0asSqGWUqAXYsAPoA//1P7+KACgAoAKACgAoAKACgAoAKACgD/F2/4Ly+GtQ8J/8Fif+Chul6kJhcXX7R/i7xLGJ/v/ANn+NLfTfGOklen7k6Vrtmbf/pgYsZwDQB/pkf8ABtz/AMoSf2Cf+xC+Iv8A6vP4pUAf5eP/AAWT/wCUsn/BSD/s9X9o7/1afiagD/VU/wCCBfhe/wDCH/BG/wD4J66TqME9vcXf7Pmh+KI47gMJGsPHGsa3400udd2T5F1pmv2lzakfKbaaIphCBQB+vdABQAUAFABQAUAFABQAUAFABQAUAFABQAUAFABQAUAFABQAUAFABQAUAFABQAUAFABQAUAf4u3/AAXl8Nah4T/4LE/8FDdL1ITC4uv2j/F3iWMT/f8A7P8AGlvpvjHSSvT9ydK12zNv/wBMDFjOAaAP9Mj/AINuf+UJP7BP/YhfEX/1efxSoA/y8f8Agsn/AMpZP+CkH/Z6v7R3/q0/E1AH+qp/wQL8L3/hD/gjf/wT10nUYJ7e4u/2fND8URx3AYSNYeONY1vxppc67snyLrTNftLm1I+U200RTCECgD9e6ACgD8Q/+C7f/BT+L/gnP+yTd6L8LDd+J/20v2nHvvg5+yR8NPDVrca14yvfG/iJLfRL34jWHh/TorrU7+1+HY1qxvNJtbexuz4g8e3/AIM8JrA0et3NxaAH54f8G53/AAb+f8O/NHtv2zf2v9MtNc/bh8f6JeDw34YubuLWbT9m7wp4os2TWNM+3o9xa6r8YfFVjdz2PjrxJa3N3baBpVxd+DfDt7PBfeKdT8RAH9RPxa+F/g743/Cz4kfBn4iWV/qXgD4s+BPFnw28cabpetax4b1DUvCHjfQr7w34k0+z8QeHr7TNd0W4vtG1K8tY9T0fUbHU7IzefZXdvcIkqgH8yfxg/wCDPH/gkr8QNGv7b4cyftGfAjXZI2bS9W8H/FkeMdPs7kZMX2/Rvih4e8ZzalYZIE9tb6xpN5KihYdTtnJloA/kt/4K4f8ABr/+1b/wTY+H2u/tDfC7x1YftY/s0eGIzeeOfE/h7wld+Dfid8K9LMjbtd8cfD4av4ntL7wXYK9vDqHjXwv4j1FbA/aNT8SeHPCuiw/2hQB+6n/Bkv8AtTeNvFfwp/bF/ZA8T6xNqXg/4Q+IPhz8ZPhTZXU09xNoMXxRPi/QviXo9i00jrZ6CdY8H+EdfstMtFitote8ReKtTZDdaxcSSgH91lABQAUAFABQAUAFABQAUAFABQAUAFABQAUAFABQAUAFABQAUAFABQAUAFABQAUAFAH+Dv8AtN+GtQ8F/tJftB+DtWEw1Xwn8cPix4a1IXH+vGoaF491/S7wT5wfOFxayiTI+/npQB/tjf8ABPL/AJMC/Yb/AOzPf2Z//VLeCqAP8PPx1/yO/jH/ALGrxD/6d7ygD/dS/ZT8L3/gf9l39m3wXqkE9rqfhD4B/B7wvqNtdBhc29/4f+Hnh3SbyC4DZYTw3FpJHMGO4SK2cnNAHvlAH5If8FA/+CIf/BPz/gpr8RtA+Lf7VvgDx74j+I3hbwHZfDXw74l8K/Frx54PTSPCOn654g8R2tha+HNN1d/CBuRrPijWbyfU5vD8mo3vnwQX1zdWtjZW9uAfzn/tbf8ABk58Ede07Wdd/Yj/AGr/AB/8OvEaWlzdaR8Pf2iNH0n4heDdT1MRN9m0ofEHwPpfg/xP4P0mSbYH1K68H/EnULZN+bW8LLsAP4sPE/gH9sr/AIIzft7+Dz4/8Lap8I/2lf2ZPiJ4W+I3h5JLp7jw94s03TtS+16bq2h65psq2XjH4Y/ELSrfUNEvp7G4ey1nRL3XfDesW9rfQ6zpFqAf7Z3hPxJp/jHwt4a8XaQxfSvFXh/RvEmmO2Nz6frmnW2p2TNjjLW11ETjjJ4oA6CgAoAKACgAoAKACgD8o/23f+C2P/BOX/gnd8bvAn7Pv7V/xvvfAPxG8d+GbTxolnpfw+8e+ONO8KeEtT1PVNG0XXvGd94M8P62dFtta1PRNXtrG0hgv9VSGxfU7+wsdHntNRnAP5wP+CzP7Q3iX/gu98PP2jvgV/wTw8ejxZ+xX/wT5+Avi39rL9o74zaJousjQfj78fvDXhzX9V+FP7Ovw9l1C20u61y30Pw1pXjDxlqGoW8F5oura5DaRxRrf6H4TvdcAPye/wCDO/8Abc+GX7M/7Zf7RHwR+MnxG8I/DDwT+0l8GdF1TQvEHjrxLpPhXw3efE74L+Iby/8AD2gS6vrt5YaXbX2o+CvHnxIvLHz7lHuptJFhAslzd28bAH+h1+x1+2f8Pf23/D3xQ+I3wY8P+Kbn4J+Dfiprnww+G/xq1OLToPA37QkXhKy0+28X+PvhE0V4+rav8PdH8bSa94GsfFd5p9ro/inUPDWoal4YvdV00vLAAfYVAH//1f7+KACgAoAKACgAoAKACgAoAKACgD/M3/4PJP2C/FPwr/bL8Eft6+HNDurn4V/tQeE/DXgXx5r9ta7rTQfjp8LvDyeHbHTtWuIh5dr/AMJh8KdD8M3XhsXP7/UrjwX4zMbNHpu1QD+tD/g1/wDF1j4t/wCCH/7FgtZ45LvwxD8c/COrwI257K+0f9oz4sm2gm/uyT6LdaRqKr2hvovWgD/N4/ae+Cnj3/goJ/wXD/al+CPwGsZPEXiv9on/AIKI/tEeHfBc9vGbuztdA1H43eNprnxlqTwtti8N+F/B9pfeMfEF6JRDYeH9K1C7aXy4C7AH+xx8Hfhd4X+B3wj+FnwV8Dwy23gv4P8Aw48D/C7whbzsrzweF/h/4Z0zwn4fhmdFRGli0nSLRJGVEVnUlVUHFAHo9ABQAUAFABQAUAFABQAUAFABQAUAFABQAUAFABQAUAFABQAUAFABQAUAFABQAUAFABQAUAf5m/8AweSfsF+KfhX+2X4I/b18OaHdXPwr/ag8J+GvAvjzX7a13Wmg/HT4XeHk8O2OnatcRDy7X/hMPhTofhm68Ni5/f6lceC/GZjZo9N2qAf1of8ABr/4usfFv/BD/wDYsFrPHJd+GIfjn4R1eBG3PZX2j/tGfFk20E392SfRbrSNRVe0N9F60Af5vH7T3wU8e/8ABQT/AILh/tS/BH4DWMniLxX+0T/wUR/aI8O+C57eM3dna6BqPxu8bTXPjLUnhbbF4b8L+D7S+8Y+IL0SiGw8P6VqF20vlwF2AP8AYc8CeEvh1+y3+z94N8C6feL4d+Ev7Onwc8O+ErK/1JmdNC+HXwi8FWej215ftbxFnXTPDXh5JrpoICzCCQxxElUoA/jC0r/g9o+Dd3+05D4S1L9jjxTpf7Jtx4tTw8PjGfiXHdfFmy8MPe/ZV+I178J4PBn9jSQrCUv7rwLZ+OZtVt7ASvbeIdQ1JU0iUA/qy/b3/wCCif7OH/BO/wDZS8SftafG7xRbzeDrfTLVfh14a0W7tX8T/GLxjrmnS3/hDwP4AtZmAv8AVPEUUZvJb4r/AGdoHh+31PxPrUttouk31xEAfwL/ALHX/Bw5+xBo/wC1n8R/+CkX/BQr4G/tKftB/tx+KL/U/DXwbtfBmifC2/8AgT+yF8E7Wa+tfDHw++A2neMfihousN4kutLvbybxb8Q9U0XTtau7vWNbh02K2udd8Y674zAP1m+JH/B7j+yRZeGNYk+EH7G37RniXxmLC4Hh+y+JGv8Aw08D+GG1RonFq2san4Y8TfELVY7CKfZJcJZaTJcTxK8Ucls7rMoB9s/sWf8ABTIfsI/8ELfDv/BT/wDb71f4g/En4hftSfGT4nfGm48IeG2fUdY1zxf8b/ip4stPhf8ADv4d23ifWodI8IeBNP8Ahp4R0nXtO06TUrXRvCnhGw1CPSrXVL+Gz0/VQD3z/gm5/wAHMH/BOj/goj4psfhSdd8Q/sv/AB01W5t7Hw58N/j9ceHNG0rx9f3O1Y7D4c/ETStYvvCmvaq88kNnaeG9dl8J+MNZvJfL8P8AhzVooppkAP26/aF8Y/CD4f8AwI+MfjT9oG/8Pab8DfDnw08a6l8W7rxWLd/Dh+HkXh+/XxZaavb3IaG+tNQ0Z7vT200pNJqb3SafBBPPcxwOAfyVf8Gb/wCwZ47+A/7Mvx6/bL+I3h3VfCsf7XWteCtH+DGia9FJBq8/wb+F7eK54PHTQyWtpINM8feJPF91DotzLEi6tpHg6x8R6bENF13Tbu9AP7NqACgAoAKACgAoAKACgAoAKACgAoAKACgAoAKACgAoAKACgAoAKACgAoAKACgAoAKAP8jj/g6B/YL8U/sb/wDBUT4ufEi30O6h+Df7ZGr6x+0P8NfEaWuzTLrxX4luYLr42eFnuYgLb+3NA+JGoajrtzYrtng8NeMvCV5OC2oh2AP9LT/gmb8TfDt//wAEpv2E/ind6hBFoGnfsI/s769r975ieTp3/CL/AAM8KjxVHNKzKgbSL3StTtblnZVWS0k3MACVAP8AJm/4JC/sSeKP+Ckf/BSL4C/A2y0K81TwVf8AxDsvil8d72GMvaeHfgh4M16x8Q/EW81G8KmKyOtWbQeCdDuZ1aOfxX4q8P2XlSveJGwB/sb/ALTn7RPw2/ZJ/Z8+MP7S/wAX72+sPht8E/AWv/EDxZJpdoL/AFi6sNDtGmi0jRLFpbeO813Xb42ui6JazXNrb3Gq6hZxXN3aQNLcRAH8j37D3/B4v8N/2m/2xfAH7PHxe/ZHvfgb8MvjN8QNI+G3w5+KmmfFj/hPdW8O+JPFesW3h/wQPiN4YfwJ4Zs4tI1/Vr6xtdZ1nQtamTwe92sstnrum293qtuAfaH7Xv8AwdcfsH/scftqePP2QPGvwr+PvjS0+EviYeBPil8X/AemeDrvQPDvje3NsmvaXpHhfW/FOi6/4k0vwjc3E2m+JdViOn3g1XTNVtvD2ieI7aKyvdQAP37/AGXf2t/2bf20/hVpHxr/AGXPjD4M+Mvw31fbENb8J6iZbvRtRMMc8mg+LfD17HZ+I/Bnia1ilikvPDXivStH120jliknsEilidwD+Qb/AIOb/wBlbTP+CkX/AAUq/wCCV37EPwJtLXWP2i9T0L4tan+0BrehwRXN78Jf2ada8U/DG40Lxt8RL2GzuTpuh6CNH+L2teGLXU7iIzare/2Zp9jdan430SK9AP7cNE0bTvDui6R4f0i3FppOhaXp+jaZaqSVttO0y0isrK3BYliIbaCKMEkkhcknOaANSgAoAKACgAoAKACgD+bv/grR/wAG1/7N/wDwVY/aP8MftP6/8cfib8CviDB4T0PwN8RLfwjoXh/xbo3j7QPC8l5/wj19a22vTWcvhTxVZWV++kXOrRT6zo99pdjpKnw1Bf215qOpAH66fsM/sC/s1f8ABPL9mzQP2Wf2cvBh0r4c6a2oah4lvfEc0OveKfiV4q1y2t7TxL4z+ImrSWttDr3iDxBBaWtpdIllZ6Np+kWen+HdC0nSfDul6bpNoAfz0w/8Gb//AATif9p/VPjLqnxG+Nt98DbzxXN4ts/2WbS90TRvC9p9pvJb+XwVL8RdOs4/Gz/DuKaUWVhpWnPo/i600WKKxfx1Pdg6lQB/V94J8E+D/hr4P8L/AA9+H3hnQ/BfgbwToOleFvCHhHwzptro/h7w14c0Oyh07R9E0XSrGKCz0/TdNsbeC1s7S3hjihhiREUAUAdRQB//1v7+KACgAoAKACgAoAKACgAoAKACgD52/at/ZU+Bf7a3wG8f/s2/tG+B7Dx98KviNpZ0/WNKuv3GoaZfQN5+j+J/DGrRo134f8WeG9QSHVfD2vWBS606/gjcebbvcW84B/Pt+yp/wR0/4Kj/APBMTwD8a/2cf+Cd37d/7O2t/s1fFnxFrnibwcv7WHwZ8eax8Xv2ftd8RaNaaLqHif4far8OPFdn4K8SeJPsthp088XiPw5Z+C9Q1zS7PxCvgzTZLnXNO1oA+rP+CPH/AAQN/Zx/4JPHxF8UH8W6r+0b+1p48sLnTfF/7QfjPQ7fRX0fSdSuRe6v4e+GnhdtS8QT+FNP1u7WGfxPrOo+I/EHijxPcQL9r1ez0lk0O3AP3moAKACgAoAKACgAoAKACgAoAKACgAoAKACgAoAKACgAoAKACgAoAKACgAoAKACgAoAKACgAoA+dv2rf2VPgX+2t8BvH/wCzb+0b4HsPH3wq+I2lnT9Y0q6/cahpl9A3n6P4n8MatGjXfh/xZ4b1BIdV8Pa9YFLrTr+CNx5tu9xbzgH8+37Kn/BHT/gqP/wTE8A/Gv8AZx/4J3ft3/s7a3+zV8WfEWueJvBy/tYfBnx5rHxe/Z+13xFo1pouoeJ/h9qvw48V2fgrxJ4k+y2GnTzxeI/Dln4L1DXNLs/EK+DNNkudc07WgD6s/wCCPH/BA39nH/gk8fEXxQfxbqv7Rv7WnjywudN8X/tB+M9Dt9FfR9J1K5F7q/h74aeF21LxBP4U0/W7tYZ/E+s6j4j8QeKPE9xAv2vV7PSWTQ7cA/cLxl4R8P8AxA8IeK/Afi3T01bwr428N654R8TaVK8kcWp+H/Eml3Wjazp8kkLxzRpe6de3Ns7xOkirIWjdXAagD+CHSv8AgyRv4P2nIbzVv2y9Evv2PoPFqau+lQeCdXt/2gL/AMGJefbP+EGmmEo8CWesS2YGgy/EG3vpYwS/iOHwFFIU8PIAfqv/AMFZv+DbT4o/8FUPj5o3xG1z/gpDf/CD4IfDXwf4c8CfAD9mu3/Zd/4Trwt8GfDum+HNC03xH/Z/iCL9ovwNH4i1vxj4g0mfXNU8RX3hWy1hdK/4R7wlNd3+k+EtHkQA/K7/AIgYv+sov/mk/wD+VrQAf8QMX/WUX/zSf/8AK1oA/rF+MP8AwSm/Zt/aB/4Jr+BP+CZPxcTWdW+Efw9+D3wl+GPhnxh4ZaLwx4w0DxB8G/C+keH/AAj8TfD3mNrNlYeJIrvSTqtzY6oNe0rUo9R1PSNci1nT9QvVuAD+QHxr/wAGPfxLi8U3Q+HP/BQLwNd+Cpb2d7GXxr8DNf03xTYaezbra3uoNC8farpOrXtuhEM95Dc6LBdsn2mOxshKLS3AP3L/AGSv+Dbfwx4E0bwRov7f37eH7V//AAUe8GfDy+0rWPBv7OfxU8eeOdB/ZG0bVdJb7Rpk2p/BHV/iD8Qf+EvXQ7sRHS7PU/Eth4WuoEmtda8H39jdPYxAH9L+n6fYaTYWOlaVY2mmaXplpbafpum6fbQ2Vhp9hZQpbWdjY2dskdvaWlpbxRwW1tBHHDBDGkUSKiKqgFugAoAKACgAoAKACgAoAKACgAoAKACgAoAKACgAoAKACgAoAKACgAoAKACgAoAKACgD4R/4KIf8E6P2af8Agpx+zzrH7O37S3hu7vNGku117wR468NyWOn/ABD+FnjK3hkgs/F/gPXL6w1O3sNRFvNNYanp9/Y3+ia/pNxcaXrOnXltInlAH4i/D/8A4I9/8FfPgX+xN41/4JhfCD/goV+zBf8A7Ini3TfGngTRPi/47+BHxRT9qf4Y/CH4halqM3i7wF4Mg0X4kyfD27ttS0/Wtbs7a71i8bVdBg1jUrLwxrGhw/8ACPS+GAD9Pv8Agkz/AMEcv2Xv+CRnwm1fwb8Gl1Lx78VvHo0+b4v/AB88ZWNhbeNPHk+mqzWOi6dY2PnWng7wFpFzNc3OieDtPu70xT3Ml7rus+I9XA1RQD7h/a3/AGZvh9+2V+zR8bf2W/im2ow+A/jj8Ptd8Ba7f6NLFDrOjf2pBu0zxFosk8c9sNY8N6xBp2v6Ut5BcWT6hptul7a3No09u4B/Gx+wr/wZxa5+z7+2d8Ofjj+0H+1Z4J+KPwT+CXxH0L4l+D/BfgXwP4i0Dxj8SdW8Fa5a694O07x3/bV9caN4M0Q6rYWF94nsdC1PxncarZW1xoFpf6cNROt2QB9x/wDBW3/g1R+Cf/BQ349+MP2qvgh8etU/Zn+M/wASbm01X4o6Hq/gv/hZHww8deI7e0jsJvFVpYQ+JPC+v+CfEWrW1vaPr89hf65oWqXdp9vj8OWGq6jq2p3oB8Nfsff8GhP7VX7N3j1/GWj/APBXT4ifs/reRR2fiG7/AGRfDPxD+H/jjxNpMckgGkzeMo/ip4Xi0+Lyri5eGW/8P+KLa2nlfbpkvmPJQB/V7+w3/wAE3f2Y/wDgn/ofisfBrR/Fniv4o/Ey7g1P4z/tHfGfxVe/E/8AaJ+NesW5Jg1H4k/E/WYo9Q1KK2JL2Wg6Ra6J4Xsbh57600SLUb2/vLoA+9aACgAoAKACgAoAKACgAoAKACgAoAKAP//X/v4oAKACgAoAKACgAoAKACgAoAKACgAoAKACgAoAKACgAoAKACgAoAKACgAoAKACgAoAKACgAoAKACgAoAKACgAoAKACgAoAKACgAoAKACgAoAKACgAoAKACgAoAKACgAoAKACgAoAKACgAoAKACgAoAKACgAoAKACgAoAKACgAoAKACgAoAKACgAoAKACgAoAKACgAoAKACgAoAKACgAoAKACgAoAKACgAoAKACgAoAKACgAoAKACgAoA//0P7+KACgAoAKACgAoAKACgAoAKACgAoAKACgAoAKACgAoAKACgAoAKACgAoAKACgAoAKACgAoAKACgAoAKACgAoAKACgAoAKACgAoAKACgAoAKACgAoAKACgAoAKACgAoAKACgAoAKACgAoAKACgAoAKACgAoAKACgAoAKACgAoAKACgAoAKACgAoAKACgAoAKACgAoAKACgAoAKACgAoAKACgAoAKACgAoAKACgAoAKACgAoAKACgAoAKAP/9k=</file>
<file name="om_pdr6.jpg" path="/" encoding="base64">/9j/4AAQSkZJRgABAQAAlgCWAAD/4QB0RXhpZgAATU0AKgAAAAgABAEaAAUAAAABAAAAPgEbAAUAAAABAAAARgEoAAMAAAABAAIAAIdpAAQAAAABAAAATgAAAAAAAACWAAAAAQAAAJYAAAABAAKgAgAEAAAAAQAAA1SgAwAEAAAAAQAAA0kAAAAA/+0AOFBob3Rvc2hvcCAzLjAAOEJJTQQEAAAAAAAAOEJJTQQlAAAAAAAQ1B2M2Y8AsgTpgAmY7PhCfv/iAkBJQ0NfUFJPRklMRQABAQAAAjBBREJFAhAAAG1udHJSR0IgWFlaIAfQAAgACwATADMAO2Fjc3BBUFBMAAAAAG5vbmUAAAAAAAAAAAAAAAAAAAAAAAD21gABAAAAANMtQURCRQAAAAAAAAAAAAAAAAAAAAAAAAAAAAAAAAAAAAAAAAAAAAAAAAAAAAAAAAAAAAAACmNwcnQAAAD8AAAAMmRlc2MAAAEwAAAAa3d0cHQAAAGcAAAAFGJrcHQAAAGwAAAAFHJUUkMAAAHEAAAADmdUUkMAAAHUAAAADmJUUkMAAAHkAAAADnJYWVoAAAH0AAAAFGdYWVoAAAIIAAAAFGJYWVoAAAIcAAAAFHRleHQAAAAAQ29weXJpZ2h0IDIwMDAgQWRvYmUgU3lzdGVtcyBJbmNvcnBvcmF0ZWQAAABkZXNjAAAAAAAAABFBZG9iZSBSR0IgKDE5OTgpAAAAAAAAAAAAAAAAAAAAAAAAAAAAAAAAAAAAAAAAAAAAAAAAAAAAAAAAAAAAAAAAAAAAAAAAAAAAAAAAAAAAAAAAAAAAAAAAAAAAAAAAAABYWVogAAAAAAAA81EAAQAAAAEWzFhZWiAAAAAAAAAAAAAAAAAAAAAAY3VydgAAAAAAAAABAjMAAGN1cnYAAAAAAAAAAQIzAABjdXJ2AAAAAAAAAAECMwAAWFlaIAAAAAAAAJwYAABPpQAABPxYWVogAAAAAAAANI0AAKAsAAAPlVhZWiAAAAAAAAAmMQAAEC8AAL6c/8AAEQgDSQNUAwERAAIRAQMRAf/EAB8AAAEFAQEBAQEBAAAAAAAAAAABAgMEBQYHCAkKC//EALUQAAIBAwMCBAMFBQQEAAABfQECAwAEEQUSITFBBhNRYQcicRQygZGhCCNCscEVUtHwJDNicoIJChYXGBkaJSYnKCkqNDU2Nzg5OkNERUZHSElKU1RVVldYWVpjZGVmZ2hpanN0dXZ3eHl6g4SFhoeIiYqSk5SVlpeYmZqio6Slpqeoqaqys7S1tre4ubrCw8TFxsfIycrS09TV1tfY2drh4uPk5ebn6Onq8fLz9PX29/j5+v/EAB8BAAMBAQEBAQEBAQEAAAAAAAABAgMEBQYHCAkKC//EALURAAIBAgQEAwQHBQQEAAECdwABAgMRBAUhMQYSQVEHYXETIjKBCBRCkaGxwQkjM1LwFWJy0QoWJDThJfEXGBkaJicoKSo1Njc4OTpDREVGR0hJSlNUVVZXWFlaY2RlZmdoaWpzdHV2d3h5eoKDhIWGh4iJipKTlJWWl5iZmqKjpKWmp6ipqrKztLW2t7i5usLDxMXGx8jJytLT1NXW19jZ2uLj5OXm5+jp6vLz9PX29/j5+v/bAEMAAQEBAQEBAQEBAQEBAQEBAQEBAQEBAQEBAQEBAQEBAQEBAQEBAQEBAQEBAQEBAQEBAQEBAQEBAQEBAQEBAQEBAf/bAEMBAQEBAQEBAQEBAQEBAQEBAQEBAQEBAQEBAQEBAQEBAQEBAQEBAQEBAQEBAQEBAQEBAQEBAQEBAQEBAQEBAQEBAf/dAAQAa//aAAwDAQACEQMRAD8A/v4oAKACgAoAKACgAoAKACgAoAKACgAoAKACgAoAKACgAoAKACgAoAKACgAoAKACgAoAKACgAoAKACgAoAKACgAoAKACgAoAKACgAoAKACgAoAKACgAoAKACgAoAKACgAoAKACgAoAKACgAoAKACgAoAKACgAoAKACgAoAKACgAoAKACgAoAKACgAoAKACgAoAKACgAoAKACgAoAKACgAoAKACgAoAKACgAoAKACgAoAKACgAoAKACgAoAKAP//Q/v4oAKACgAoAKACgAoAKACgAoAKACgAoAKACgAoAKACgAoAKACgAoAKACgAoAKACgAoAKACgAoAKACgAoAKACgAoAKACgAoAKACgAoAKACgAoAKACgAoAKACgAoAKACgAoAKACgAoAKACgAoAKACgAoAKACgAoAKACgAoAKACgAoAKACgAoAKACgAoAKACgAoAKACgAoAKACgAoAKACgAoAKACgAoAKACgAoAKACgAoAKACgAoAKACgAoAKAP//R/v4oA8y+Lvxp+EHwA8C6t8Tvjl8UPAPwg+HehJv1fxt8SfFuh+DPDFizJI8UEus+IL6wsTeXIjdbOyjme8vZQIbWCaZkRgD8s/2NP+C7X7CX/BQL9srxZ+xr+yZrPxA+KOs+CvhJ4q+Lms/GH/hD5PC/wjvdP8J+LPBHhC90Hw3ceKL3SfHWtapJf+N7S4j1E+CLLw1PZWc1xpuualHPA1AH7M0AFABQB+VX/BRX/gs/+wD/AMEvrfTtP/aa+LM0/wAS9atoNQ0T4G/DDTYPHXxi1DSbgyeTrl54Yj1LTLDwroNwIZxYa3441vwvpesS291baLdajd21xbqAfmB+zp/wd6/8Enfjt8QtL+H3i4ftBfs1jXNWOl6X46+O3gPwda/DmMzsyabNr/iP4cfEj4i3XheK7k8uG71DXNHtfDujNKLnVfEFtpsN1qNuAf0/6Fruh+KdE0bxN4Z1nSvEXhvxFpWn674f8QaFqNpq+ia7omr2kN/pWs6Nq2ny3FhqelanYXEF7p+oWU89pe2k8NzbSyQyo7AGrQAUAFABQAUAFABQAUAFABQAUAFABQAUAFABQAUAFABQAUAFABQAUAFABQAUAFABQAUAFABQAUAFABQAUAFABQAUAFABQAUAFABQAUAFABQAUAFABQAUAFABQAUAFABQAUAFABQAUAFABQAUAFABQAUAFABQAUAFABQAUAFABQAUAFABQAUAFABQAUAFABQAUAFABQAUAFABQAUAFABQAUAFABQAUAFABQAUAf/S/uz+Lfhz4g+L/ht4w8MfCn4kxfB74h63o8un+FfifL4L0n4if8ITqU0kQ/t2HwVr19p+h+ILu1thOLGz1i4fS1vHgub+z1G1gl0+6AP8+z/g6q/4JVD9m/8AZq+Cv7aPiT9sv9r79qn4ra58f9L+CvjY/tLePfCXiXwvbWXjf4f/ABE8dW+qfC/wX4N8C+B/Dfwr0zTdT+G82nt4U8NWbaPcWuuW8phS8064vdQAPj7/AIMwP+UrvxT/AOzHvi3/AOrj/Z46/wCf50Af6jNABQB8nftz/tNw/sdfsl/HL9otPD194z8QfDzwXdP8PvAml2N9qep/EL4reI7q08J/CfwBYafpaSandT+NPiNrnhnw2wsIpbmCDUZrtI2W3agD+VD4d/8ABpNa/tbWfiP9qD/gqp+2J8fvFP7aPx8mk+IfxJsfgvdfDnRvCnw+8S69aWktr4MuNR8YeCPH7eLLfwVaRw+HYrbwungrwppOn2Np4a8I2i6Bomm6pfgH8ev/AAWt/wCCQ3xA/wCCQP7TmkfCnU/Fz/FD4OfFPw7feOfgZ8U30k6Lfa5oWn6o2l6/4S8V6cjTWNr478EXUumLrw0i5udK1HSde8M+IbUaY+uT6BowB/b/AP8ABm/+1R4++N3/AATu+KXwQ+IPibU/FMn7LHxsXwr8O5tVc3E/h74SePPCWl+I/Dfg+C9dfPurDQ/F1h8QJdKjuZp30rSNR0/QrP7No2l6VZ24B/XXQAUAFABQAUAFABQAUAFABQAUAFABQAUAFABQAUAFABQAUAFABQAUAFABQAUAFABQAUAFABQAUAFABQAUAFABQAUAFABQAUAFABQAUAFABQAUAFABQAUAFABQAUAFABQAUAFABQAUAFABQAUAFABQAUAFABQAUAFABQAUAFABQAUAFABQAUAFABQAUAFABQAUAFABQAUAFABQAUAFABQAUAFABQAUAFABQAUAf//T/v4oA/kV/wCD0f8A5RUfB3/s+z4T/wDqjv2k6AP50f8AgzA/5Su/FT/sx34t/wDq5P2eKAP9RigAoAKACgD/ADt/+D3r42+C/EXxg/YM/Z20eazvviB8MvAvxr+Kfi9ITDcXmkaH8YNa+HPhrwVp7GItLaT6lcfCTxVqF1YzBZJbZNDvFj8maCSUA/of/wCDY/8A4J0eNP8Agn1/wTg0aT4v6Lc+Hfjh+094tf4+eO/DOoJLDqvgjw9q3h/R9G+GvgbWLSVYZLHWtN8K6cniTxBplzbx6jofiPxdrPh7UC02jhIgD9Cv+Cmf/BUf9m//AIJR/B3wZ8bP2ltI+KeveGPHfxCtvhtoGl/CPwxoXijxG+uXGg634ia7u7bxL4u8FaTbaTbWOh3Ec87ay9411cWkdtYzxtcS24B+QPw//wCDwv8A4I/eMr3ULXxHc/tP/CaCztY7i31L4gfBKz1Gy1aZ5vLax09PhX46+Juox3USH7RI+qafptkYRiK8lnxBQB6p/wARZP8AwRQ/6L78S/8AxHz4xf8AzKUAH/EWT/wRQ/6L78S//EfPjF/8ylAB/wARZP8AwRQ/6L78S/8AxHz4xf8AzKUAH/EWT/wRQ/6L78S//EfPjF/8ylAB/wARZP8AwRQ/6L78S/8AxHz4xf8AzKUAH/EWT/wRQ/6L78S//EfPjF/8ylAB/wARZP8AwRQ/6L78S/8AxHz4xf8AzKUAH/EWT/wRQ/6L78S//EfPjF/8ylAB/wARZP8AwRQ/6L78S/8AxHz4xf8AzKUAH/EWT/wRQ/6L78S//EfPjF/8ylAB/wARZP8AwRQ/6L78S/8AxHz4xf8AzKUAH/EWT/wRQ/6L78S//EfPjF/8ylAB/wARZP8AwRQ/6L78S/8AxHz4xf8AzKUAH/EWT/wRQ/6L78S//EfPjF/8ylAB/wARZP8AwRQ/6L78S/8AxHz4xf8AzKUAH/EWT/wRQ/6L78S//EfPjF/8ylAB/wARZP8AwRQ/6L78S/8AxHz4xf8AzKUAH/EWT/wRQ/6L78S//EfPjF/8ylAB/wARZP8AwRQ/6L78S/8AxHz4xf8AzKUAH/EWT/wRQ/6L78S//EfPjF/8ylAB/wARZP8AwRQ/6L78S/8AxHz4xf8AzKUAV2/4Oz/+CKqzLEPjj8U3jO3Nwv7PvxWEK56lg/h9Lj5f4ttu/wDs7smgCx/xFk/8EUP+i+/Ev/xHz4xf/MpQAf8AEWT/AMEUP+i+/Ev/AMR8+MX/AMylAB/xFk/8EUP+i+/Ev/xHz4xf/MpQAf8AEWT/AMEUP+i+/Ev/AMR8+MX/AMylAB/xFk/8EUP+i+/Ev/xHz4xf/MpQAf8AEWT/AMEUP+i+/Ev/AMR8+MX/AMylAB/xFk/8EUP+i+/Ev/xHz4xf/MpQAf8AEWT/AMEUP+i+/Ev/AMR8+MX/AMylAB/xFk/8EUP+i+/Ev/xHz4xf/MpQAf8AEWT/AMEUP+i+/Ev/AMR8+MX/AMylAB/xFk/8EUP+i+/Ev/xHz4xf/MpQAf8AEWT/AMEUP+i+/Ev/AMR8+MX/AMylAB/xFk/8EUP+i+/Ev/xHz4xf/MpQAf8AEWT/AMEUP+i+/Ev/AMR8+MX/AMylAB/xFk/8EUP+i+/Ev/xHz4xf/MpQAf8AEWT/AMEUP+i+/Ev/AMR8+MX/AMylAB/xFk/8EUP+i+/Ev/xHz4xf/MpQAf8AEWT/AMEUP+i+/Ev/AMR8+MX/AMylAB/xFk/8EUP+i+/Ev/xHz4xf/MpQAf8AEWT/AMEUP+i+/Ev/AMR8+MX/AMylAB/xFk/8EUP+i+/Ev/xHz4xf/MpQAf8AEWT/AMEUP+i+/Ev/AMR8+MX/AMylAHR+BP8Ag6e/4I2/EXx/4N+HHh/46fEOPW/HXivw94N0O91f4G/E3SdCTWPE+qWmjaY+p6peaGi6Zpwvr2Bb3ULuJLayh8y5uHS2ieVAD+iagAoAKACgAoAKACgAoAKACgAoAKACgAoAKACgAoAKACgAoAKACgAoAKACgAoAKACgAoAKACgAoAKACgAoAKACgAoAKACgAoAKACgAoAKACgAoAKACgAoAKAP/1P7+KAP5Ff8Ag9H/AOUVHwd/7Ps+E/8A6o79pOgD+dH/AIMwP+UrvxU/7Md+Lf8A6uT9nigD/UYoAKACgD41/b4/bm+B/wDwTr/Zi+IP7UPx61j7L4a8H2f2Lwz4WsZ4F8U/E/4galDcf8Il8NPBNnLlr/xN4pvbd4oyEa10bSrfVfE2tPa6Boeq31oAfzWf8Emv+CNnxi/au/ar8Rf8Fsv+CvHhlZvjv8VvFlr8Tf2ev2VvEFlI+l/B/R7S3tbf4Z+IPiHomqRNNb6j4D8MWOhab8LPh3qcZvvCkOl2Hi3x55/j900/w6Af1s+I/i18NPCPxA+HHwp8S+N/D2i/En4vR+MZvhj4JvtQii8R+N7f4faTa6743utA0zm4vbTwrpN9YXmt3aqttYLf2Ec0qzX1pHOAfyI/8Hr3/JgX7MP/AGddb/8AqrPHlAH9BHwG/wCCdH/BPnU/gb8GdS1L9hL9jbUNR1D4UfDu+v7++/Zh+CV3e317d+ENHnury8urjwRJPc3VzPI81xcTO800rvJI7OzNQB6v/wAO2v8AgnZ/0YP+xZ/4i18DP/mFoAP+HbX/AATs/wCjB/2LP/EWvgZ/8wtAB/w7a/4J2f8ARg/7Fn/iLXwM/wDmFoAP+HbX/BOz/owf9iz/AMRa+Bn/AMwtAB/w7a/4J2f9GD/sWf8AiLXwM/8AmFoAP+HbX/BOz/owf9iz/wARa+Bn/wAwtAB/w7a/4J2f9GD/ALFn/iLXwM/+YWgA/wCHbX/BOz/owf8AYs/8Ra+Bn/zC0AH/AA7a/wCCdn/Rg/7Fn/iLXwM/+YWgA/4dtf8ABOz/AKMH/Ys/8Ra+Bn/zC0AH/Dtr/gnZ/wBGD/sWf+ItfAz/AOYWgA/4dtf8E7P+jB/2LP8AxFr4Gf8AzC0AH/Dtr/gnZ/0YP+xZ/wCItfAz/wCYWgA/4dtf8E7P+jB/2LP/ABFr4Gf/ADC0AH/Dtr/gnZ/0YP8AsWf+ItfAz/5haAD/AIdtf8E7P+jB/wBiz/xFr4Gf/MLQAf8ADtr/AIJ2f9GD/sWf+ItfAz/5haAD/h21/wAE7P8Aowf9iz/xFr4Gf/MLQAf8O2v+Cdn/AEYP+xZ/4i18DP8A5haAD/h21/wTs/6MH/Ys/wDEWvgZ/wDMLQAf8O2v+Cdn/Rg/7Fn/AIi18DP/AJhaAP4Rv+CiH7Of7PfhP/g67/Y0+B/hb4EfBrw18FvEPif9kmHX/hBoHww8EaN8Ltch117/APtuLV/AGnaHb+E9Sj1nYn9qpe6TMmobR9rE2BQB/dz/AMO2v+Cdn/Rg/wCxZ/4i18DP/mFoAP8Ah21/wTs/6MH/AGLP/EWvgZ/8wtAB/wAO2v8AgnZ/0YP+xZ/4i18DP/mFoAP+HbX/AATs/wCjB/2LP/EWvgZ/8wtAB/w7a/4J2f8ARg/7Fn/iLXwM/wDmFoAP+HbX/BOz/owf9iz/AMRa+Bn/AMwtAB/w7a/4J2f9GD/sWf8AiLXwM/8AmFoAP+HbX/BOz/owf9iz/wARa+Bn/wAwtAB/w7a/4J2f9GD/ALFn/iLXwM/+YWgA/wCHbX/BOz/owf8AYs/8Ra+Bn/zC0AH/AA7a/wCCdn/Rg/7Fn/iLXwM/+YWgA/4dtf8ABOz/AKMH/Ys/8Ra+Bn/zC0AH/Dtr/gnZ/wBGD/sWf+ItfAz/AOYWgA/4dtf8E7P+jB/2LP8AxFr4Gf8AzC0AH/Dtr/gnZ/0YP+xZ/wCItfAz/wCYWgA/4dtf8E7P+jB/2LP/ABFr4Gf/ADC0AH/Dtr/gnZ/0YP8AsWf+ItfAz/5haAD/AIdtf8E7P+jB/wBiz/xFr4Gf/MLQAf8ADtr/AIJ2f9GD/sWf+ItfAz/5haAD/h21/wAE7P8Aowf9iz/xFr4Gf/MLQAf8O2v+Cdn/AEYP+xZ/4i18DP8A5haAD/h21/wTs/6MH/Ys/wDEWvgZ/wDMLQB/k+/8HCHw78BfBX/gsr+2p4D+D/gzwv8AC7wT4W8Y/C658MeEPh9oWmeDvDPhuXU/gZ8K/EV9/wAI/ofh6107TNFSbXNTv9UMem2ttGt5dTTookdnYA/1mf2Af2ioP2t/2I/2Uv2lUuYrq++M/wABfhl448ReTsKWnjPU/C2mjx1pR8v935ui+Modd0ify/kE9jIE+UCgD68oAKACgAoAKACgAoAKACgAoAKACgAoAKACgAoAKACgAoAKACgAoAKACgAoAKACgAoAKACgAoAKACgAoAKACgAoAKACgAoAKACgAoAKACgAoAKACgAoAKAP/9X+/igD+M3/AIPXPir4K0n/AIJ+/s1/Ba413TF+I3jf9rnQPiJo3hc3kQ1ifwR8PPhF8YNB8T+IksATOdNsNe+Ifg/S5Lp1SE3OrJHG7ukiIAfzx/8ABnZ8QfCvgn/grpf6J4j1ew0q/wDil+yn8Yfh94NhvruK1fWvFUPiv4W/EL+yNPEpX7VfyeGvAHiS/jtIz5rwafcSIG8vawB/qnUAfwRf8HOX/Bd39vL9kD9svRf2Nf2PfH7/ALP3hrwT8NvBPj/xv4/03wp4V8QeMviL4h8cDUNStNPstQ8a+H/EFho3gzw9pltp1qItBsrXUtU8Qf29Dq2rXOnQW+lwAH6tf8ELv+C32t/tMf8ABLn44ftaf8FEvGXhbwfcfsfeO9V8D/E/45nSLPw3o/xC0CHwn4W8T+HtZl8OaDZWmlH4lajdeJU8Jv4S8EaTGPEesSeGV8P6DFqniSHSlAP4yf25f+DjH49/tPf8FEfCX7X/AIc+Fnwu8Q/CT9nDUNag/Y++AH7QPh7WfHPgb4eXlxcWot/jf4p8KeGvGXhjTNc+O+pCwg1KHVdQv9b0XwO/9l6f4bgudR8K6R4scA+hbr/g8p/4K2XELxReEv2ObJ2Hy3Nr8HPiA00fui3vxnvLcnn/AJaW7j8zQB+s/wDwbM/tP/ta/wDBV7/gpv8AtK/t3/tg+Ol8f6h+zd+y5pXwZ+Huk6VoWneF/Avw2u/jn8QYNZtoPB/hvSIorKwu77Q/hZ43g1TU7qS/17WotQA1jVL2PT9MS0APpv8A4PXv+TAv2Yf+zrrf/wBVZ48oA/rR/Z4/5IB8Df8Asj3wz/8AUL0SgD2GgAoAKACgAoAKACgAoAKACgAoAKACgAoAKACgAoAKACgAoAKAP89j/gph/wArhf7Dv/Y1/saf+h6jQB/oT0AFABQAUAFABQAUAFABQAUAFABQAUAFABQAUAFABQAUAFABQAUAf47n/By9/wApwf28f+xp+D3/AKzj8HqAP7bv+DPT9pH/AIXB/wAEqbr4Majf+drv7K3x2+IPgC1sZJPNuYvAvxCktPi/4av3YlnW1uPEvjPx7o9lG5/dR+HnhjC28cCqAf1a0AFABQAUAFABQAUAFABQAUAFABQAUAFABQAUAFABQAUAFABQAUAFABQAUAFABQAUAFABQAUAFABQAUAFABQAUAFABQAUAFABQAUAFABQAUAFABQAUAFAH//W/u9+J/w28J/GH4feL/hf46h1248HeOtDvfDniODwz4x8Y/D7X5tK1BPLuo9K8a/D7XvC/jbw1eOnyx6r4Z8Q6Rq1vkm2voSSaAPxj8X/APBtR/wRb+IOtz+JvHv7I/ifxv4kuo4orrxB4v8A2t/22fEut3MUAKwRT6trP7Rt5fzRwqSsSSTssYJCBckUAYVj/wAGv/8AwQ10y9tNS039iW60/UdPuoL2wv7H9qH9sm0vbK9tZUntbu0uoP2hY57a6tp0SaCeF0lhlRJI3V1DUAfrf+zR+y38Gf2RPh9efC74F6X430bwVe+Jb7xbNYePPjH8ZfjdqkWtajpmj6RdfYfFPxx8f/EfxXpmkmx0HTRb+G9O1y18OWV0t7qNlpMGo6tq11dgHxH/AMFHv+CK37BP/BUzVPBXir9qL4feJB8RvAGm/wDCP+Hvij8NPFc/gjx3/wAIib661M+DdYvRZatpHiDw5Hqd7e6jp9trWiX15od5f6nL4fvtK/tjVxegC3X/AARB/wCCZGqfsbeA/wBgfXP2b01X9mH4ffECH4tad4It/id8XvCWq6/8Vk0bV9BuPiH448afD/x34R8YeNfEN9puuahb3EfiHWr3RIYl0q30/R7Kz8N+GrfSAD5h/wCIXL/ghR/0Yz/5sz+2J/8ARBUAH/ELl/wQo/6MZ/8ANmf2xP8A6IKgD9Fv2Hv+Can7E3/BN/QvH/hr9i74IwfBjR/ilq+h6549gXx98U/iDc+INS8N2d/YaFLLqXxV8ceOdUsoNNtdU1FLex0y8srDzL26uHtXuJnlYA/m1/4PXv8AkwL9mH/s663/APVWePKAP60f2eP+SAfA3/sj3wz/APUL0SgD2GgAoAKACgAoAKACgAoAKACgAoAKACgAoAKACgAoAKACgAoAKAP89j/gph/yuF/sO/8AY1/saf8Aoeo0Af6E9ABQAUAFABQAUAFABQAUAFABQAUAFABQAUAFABQAUAFABQAUAFAH+S5/wXE+BOqftHf8HB3/AAUF+GmiNe/2rafD3x38WbG306E3N/qU/wCz3/wTdtvj+NFtLZYbiW6n11fhk2jR20ETXVw18IbVkuXhkQA+8P8Agyo/aR/4Qb9tb9pr9mHUr/7NpP7QHwK0vx/odvLJmO88dfArxPttLC0iJ+W6uvBPxM8capPJGo8y28OgTlvJtwoB/pZ0AFABQAUAFABQAUAFABQAUAFABQAUAFABQAUAFABQAUAFABQAUAFABQAUAFABQAUAFABQAUAFABQAUAFABQAUAFABQAUAFABQAUAFABQAUAFABQAUAFAH/9f+/igAoAKACgAoAKACgAoAKAP4zf8Ag9e/5MC/Zh/7Out//VWePKAP60f2eP8AkgHwN/7I98M//UL0SgD2GgAoAKACgAoAKACgAoAKACgAoAKACgAoAKACgAoAKACgAoAKAP8APY/4KYf8rhf7Dv8A2Nf7Gn/oeo0Af6E9ABQAUAFABQAUAFABQAUAFABQAUAFABQAUAFABQAUAFABQAUAFAH+eLpmi6X4k/4PffEXh3XLGDU9E1/VviPousabdIJLXUNL1T/glL4lsdQsbmM8SQXdpPNBMh4aORlPU0AfgT+wDreqf8Erv+C+3wk8L+ItQvbGy/Z9/bh8U/sz+NtY1NTafaPh94n8X+I/2e/E/im9jMVtFc6dL4N8UXPi+2mjgW2u7dbPUNPTa1o6gH+xhQAUAFABQAUAFABQAUAFABQAUAFABQAUAFABQAUAFABQAUAFABQAUAFABQAUAFABQAUAFABQAUAFABQAUAFABQAUAFABQAUAFABQAUAFABQAUAFABQAUAf/Q/v4oAKACgAoAKACgAoAKACgD+M3/AIPXv+TAv2Yf+zrrf/1VnjygD+tH9nj/AJIB8Df+yPfDP/1C9EoA9hoAKACgAoAKACgAoAKACgAoAKACgAoAKACgAoAKACgAoAKACgD/AD2P+CmH/K4X+w7/ANjX+xp/6HqNAH+hPQAUAFABQAUAFABQAUAFABQAUAFABQAUAFABQAUAFABQAUAFABQB/ns+EP8AleXu/wDsavG//rrDxBQB+Tn/AAdn/s7TfAH/AILC+OfiNo8N1p2j/tNfCz4VfHrSbm0ie1s7PxDYabc/CXxTDp97BFCP7Tk8QfCyTxbqSiea9t7rxTDeSPFDfWS0Af6Zv7AP7RUH7W/7Ef7KX7SqXMV1ffGf4C/DLxx4i8nYUtPGep+FtNHjrSj5f7vzdF8ZQ67pE/l/IJ7GQJ8oFAH15QAUAFABQAUAFABQAUAFABQAUAFABQAUAFABQAUAFABQAUAFABQAUAFABQAUAFABQAUAFABQAUAFABQAUAFABQAUAFABQAUAFABQAUAFABQAUAFABQB//9H+/igAoAKACgAoAKACgAoAKAP4zf8Ag9e/5MC/Zh/7Out//VWePKAP60f2eP8AkgHwN/7I98M//UL0SgD2GgAoAKACgAoAKACgAoAKACgAoAKACgAoAKACgAoAKACgAoAKAP8APY/4KYf8rhf7Dv8A2Nf7Gn/oeo0Af6E9ABQAUAFABQAUAFABQAUAFABQAUAFABQAUAFABQAUAFABQAUAFAH+ez4Q/wCV5e7/AOxq8b/+usPEFAH0t/we3fs3/wDCQfs9fsa/tY6bZytdfC/4r+NPgX4pntbbzTLonxe8MReNPDV5qsyQvJBY6HrPwl1fT7GaWaG1S/8AGbWz+bc39oqgH23/AMGen7SP/C4P+CVN18GNRv8Aztd/ZW+O3xB8AWtjJJ5tzF4F+IUlp8X/AA1fuxLOtrceJfGfj3R7KNz+6j8PPDGFt44FUA/q1oAKACgAoAKACgAoAKACgAoAKACgAoAKACgAoAKACgAoAKACgAoAKACgAoAKACgAoAKACgAoAKACgAoAKACgAoAKACgAoAKACgAoAKACgAoAKACgAoA//9L+/igAoAKACgAoAKACgAoAKAP4zf8Ag9e/5MC/Zh/7Out//VWePKAP60f2eP8AkgHwN/7I98M//UL0SgD2GgAoAKACgAoAKACgAoAKACgAoAKACgAoAKACgAoAKACgAoAKAP8APY/4KYf8rhf7Dv8A2Nf7Gn/oeo0Af6E9ABQAUAFABQAUAFABQAUAFABQAUAFABQAUAFABQAUAFABQAUAFAH+ez4Q/wCV5e7/AOxq8b/+usPEFAH9Sn/BwL+zf/w1F/wSA/be8B2lnLd+IPB3won+OnhUWlt9r1Ia38AtV0/4uy2mlW4inllvtf0LwjrXhZYbeJrq5t9euLW1KTzo6gH8b3/BlR+0j/wg37a37TX7MOpX/wBm0n9oD4FaX4/0O3lkzHeeOvgV4n22lhaRE/LdXXgn4meONUnkjUeZbeHQJy3k24UA/wBLOgAoAKACgAoAKACgAoAKACgAoAKACgAoAKACgAoAKACgAoAKACgAoAKACgAoAKACgAoAKACgAoAKACgAoAKACgAoAKACgAoAKACgAoAKACgAoAKACgD/0/7+KACgAoAKACgAoAKACgAoA/jN/wCD17/kwL9mH/s663/9VZ48oA/rR/Z4/wCSAfA3/sj3wz/9QvRKAPYaACgAoAKACgAoAKACgAoAKACgAoAKACgAoAKACgAoAKACgAoA/wA9j/gph/yuF/sO/wDY1/saf+h6jQB/oT0AFABQAUAFABQAUAFABQAUAFABQAUAFABQAUAFABQAUAFABQAUAf57PhD/AJXl7v8A7Grxv/66w8QUAf6CWuaJpXiXRNY8Oa7Ywanomv6XqGiaxpt0gkttQ0rVbSax1CxuYzxJBd2k80EyHho3ZT1NAH+PF+wBrmq/8Erv+C+nwj8L+I9QvLGz/Z9/bh8Ufsz+N9Y1IG1E/wAP/E/i7xJ+z14o8UXqGK2iudOl8G+KLnxdbTRwLbXcCWmoWCYNo6gH+xjQAUAFABQAUAFABQAUAFABQAUAFABQAUAFABQAUAFABQAUAFABQAUAFABQAUAFABQAUAFABQAUAFABQAUAFABQAUAFABQAUAFABQAUAFABQAUAFABQB//U/v4oAKACgAoAKACgAoAKACgD+M3/AIPXv+TAv2Yf+zrrf/1VnjygD+tH9nj/AJIB8Df+yPfDP/1C9EoA9hoAKACgAoAKACgAoAKACgAoAKACgAoAKACgAoAKACgAoAKACgD/AD2P+CmH/K4X+w7/ANjX+xp/6HqNAH+hPQAUAFABQAUAFABQAUAFABQAUAFABQAUAFABQAUAFABQAUAFABQB/ns+EP8AleXu/wDsavG//rrDxBQB/oTUAf5Ov/B2b+ztN8Af+Cw3jv4i6PDdado/7TPwu+Ffx70i4tIntbSz8Q2Wm3Hwn8UxWF7BFCP7Tk8RfCybxZqSieW9guvFEN5I8cN7ZIoB/pnfsA/tFQftb/sR/spftKpcxXV98Z/gL8MvHHiLydhS08Z6n4W00eOtKPl/u/N0XxlDrukT+X8gnsZAnygUAfXlABQAUAFABQAUAFABQAUAFABQAUAFABQAUAFABQAUAFABQAUAFABQAUAFABQAUAFABQAUAFABQAUAFABQAUAFABQAUAFABQAUAFABQAUAFABQAUAf/9X+/igAoAKAPm/44/tjfsj/ALMep+HdE/aQ/ai/Z5+AOs+LoZLrwtpPxo+M3w6+GGpeIbOGY2099o1j418RaLdajp9vcr9muL+1jeyt7krBNOkzqjAHs3gvx14I+JHhzTvGPw78Y+FfHvhHWIzNpPirwX4h0jxT4c1SJTtaXTtc0O8vtMvYw3Be2upVB4JoA6qgAoAKACgD+M3/AIPXv+TAv2Yf+zrrf/1VnjygD+tH9nj/AJIB8Df+yPfDP/1C9EoA9hoAKACgAoAKACgAoAKACgAoAKACgAoAKACgAoAKACgAoAKACgD/AD2P+CmH/K4X+w7/ANjX+xp/6HqNAH+hPQAUAFABQAUAFABQAUAFABQAUAFABQAUAFABQAUAFABQAUAFABQB/ns+EP8AleXu/wDsavG//rrDxBQB/oTUAfw2/wDB7f8As3/8JB+z5+xr+1jptnK118MPit40+Bfime1tvNMui/F3wxF408M3eqzJC8kFjoesfCbWbCxmlnhtUv8Axk1s6yXN9aBQD7d/4M9P2kf+Fwf8Eqbr4Majf+drv7K3x2+IPgC1sZJPNuYvAvxCktPi/wCGr92JZ1tbjxL4z8e6PZRuf3Ufh54YwtvHAqgH9WtABQAUAFABQAUAFABQAUAFABQAUAFABQAUAFABQAUAFABQAUAFABQAUAFABQAUAFABQAUAFABQAUAFABQAUAFABQAUAFABQAUAFABQAUAFABQAUAf/1v7+KACgAoA/ig/4Lcf8G0P7W/8AwUt/4KQR/tS/CP8AaB+Emg/CH4keFPhx4W8b2XxSv/GaeJ/g5B4B0Kz8N6jD4C8NaF4Z1vTPGGja5bWc/izTdMk8R+EWfxrruvWmqS6bp1wviFwD7q8Hf8Gz3w3/AGUNC0XxP/wTU/bt/bE/Yo+Pug6PYQ6p44h8YaV8UPhP8V9Z060hEup/Gb4F6zpuieGPFVvqF3bpOdJttRsPDemK5aPw5fNbWqxAGf4a/wCC9fiD9hL4teH/ANlf/gskfgPpWvarcPpXg79s/wDZA8f6R8Tvg74wW0eOAXXxi+BlhqN78bfgLruxoDq99N4V1Xwtfavc3j6Npui+GtOk1CIA/pO+G/xL+Hfxi8D+G/ib8J/HPhL4lfDrxjpsWseFPHPgXxBpXinwn4i0uZnRL7Rte0W6vNM1C38yOSF3trmQRTxSwS7ZopEoA7egAoA/jN/4PXv+TAv2Yf8As663/wDVWePKAP60f2eP+SAfA3/sj3wz/wDUL0SgD2GgAoAKACgAoAKACgAoAKACgAoAKACgAoAKACgAoAKACgAoAKAP89j/AIKYf8rhf7Dv/Y1/saf+h6jQB/oT0AFABQAUAFABQAUAFABQAUAFABQAUAFABQAUAFABQAUAFABQAUAf57PhD/leXu/+xq8b/wDrrDxBQB/oTUAfjX/wcD/s3/8ADUX/AAR//bd8CWlnLd+IfBvwpn+OnhUWtt9r1Jda+Aeq6d8XJ7TS4BDcSy32v6B4S1vwssNvEbq5g12e1tmSeZHUA/jg/wCDKj9pH/hBv21v2mv2YdSv/s2k/tAfArS/H+h28smY7zx18CvE+20sLSIn5bq68E/Ezxxqk8kajzLbw6BOW8m3CgH+lnQAUAFABQAUAFABQAUAFABQAUAFABQAUAFABQAUAFABQAUAFABQAUAFABQAUAFABQAUAFABQAUAFABQAUAFABQAUAFABQAUAFABQAUAFABQAUAFAH//1/7+KACgAoA/gZ/4OQv+C73/AAU//YT/AG4/FH7I37N/jn4cfBf4XN8MPhx4+8HeONF+F+h+KPipremeMtGmtvEB1fXPiRJ418LQG18YaN4o07Sbjw14L0G8stMtrMPdzapDJqUoB/MfF4T/AOC9X/BVVBeS6b/wUQ/aw8I6+Q8N9rM/xbvPgeq3R3LHZ3utTaT8GNCtp8tIttaS6fbOm+VYiiOygH3D8E/+DQ3/AILDfFSK0ufHHhX4Cfs621xskkT4v/GjTtY1GK3bD7vsHwQ0b4wBbkxnKWl3c2ciykQ3bWbCQoAfvb+xR/wRZ/4Lnf8ABFqx1D4q/se/tM/AP9qrwoJhrvxX/YT1bVvHfhPwd8W7WEW6agnw41nxhpkXh3wx8U5bGLbo/jTz/Ak7vY2NnrjeK9IQ+E9QAP6nv+Cf3/BQT4Jf8FEfgzdfE/4VReIPB/jHwV4hvPh98dvgV8QrFtC+LnwB+LGitJB4h+HfxG8NzpFdWN9Z3cFz/ZWqpF/Z+uWcMskBttRs9X0nSwD7qoA/jN/4PXv+TAv2Yf8As663/wDVWePKAP60f2eP+SAfA3/sj3wz/wDUL0SgD2GgAoAKACgAoAKACgAoAKACgAoAKACgAoAKACgAoAKACgAoAKAP89j/AIKYf8rhf7Dv/Y1/saf+h6jQB/oT0AFABQAUAFABQAUAFABQAUAFABQAUAFABQAUAFABQAUAFABQAUAf57PhD/leXu/+xq8b/wDrrDxBQB/oTUAZWu6HpXibQ9Z8N69YwanofiDStR0PWdNukEltqGlatZzWGo2NxGeHgu7S4mgmQ8NHIwPWgD/Hi/4J/a5qv/BK/wD4L5/CLwx4k1C8sbT9n79uDxR+zP441jUgbUT+AfE3i7xH+z14p8UXqGK2hudOk8HeJ7rxdbSxwLbXUCWmoWCYa0dQD/YyoAKACgAoAKACgAoAKACgAoAKACgAoAKACgAoAKACgAoAKACgAoAKACgAoAKACgAoAKACgAoAKACgAoAKACgAoAKACgAoAKACgAoAKACgAoAKACgD/9D+/igAoAKAPzw+IH/BMz9mv4r/APBQnwX/AMFFviZ4csPHvxT+Hn7N0f7O/gzwf4u8O+HPEHgnw8bb4j6z8QdO+Kmm22qabc3lv8R9Kj8SeJPCmmaqsxjstB1u8+zxxXoguIgD9DwMcDgDgAdqACgAoA/zR/8AgiX/AMFEPjp8bf8Ag5s+K/j7S/Cup+C/CP7cXiv9oPw58YPhRZ6bLYW/hnwf8OPAXi7xZ8Nb7xVpYjitYvG3gbUvhx4a0vxD4nvILXULvVPEPjZIzFc+LLuwugD/AEuKAP4zf+D17/kwL9mH/s663/8AVWePKAP60f2eP+SAfA3/ALI98M//AFC9EoA9hoAKACgAoAKACgAoAKACgAoAKACgAoAKACgAoAKACgAoAKACgD/PY/4KYf8AK4X+w7/2Nf7Gn/oeo0Af6E9ABQAUAFABQAUAFABQAUAFABQAUAFABQAUAFABQAUAFABQAUAFAH+ez4Q/5Xl7v/savG//AK6w8QUAf6E1ABQB/k5/8HZn7O03wB/4LDePPiJo8N1p2j/tM/C/4V/HzSLi0ie1tLPxBZ6bcfCjxVHYXkMUI/tOTxH8LZ/FmpKJ5byC68URXjvFDe2iKAf6aH7AP7RUH7W/7Ef7KX7SqXMV1ffGf4C/DLxx4i8nYUtPGep+FtNHjrSj5f7vzdF8ZQ67pE/l/IJ7GQJ8oFAH15QAUAFABQAUAFABQAUAFABQAUAFABQAUAFABQAUAFABQAUAFABQAUAFABQAUAFABQAUAFABQAUAFABQAUAFABQAUAFABQAUAFABQAUAFABQAUAf/9H+/igAoAKACgAoAKACgD55+HX7I/7LPwg+KXj743/Cr9nP4I/Dj4yfFOS7l+I/xS8EfDDwb4Y8feNpNRvU1PU28SeK9H0e01vVf7W1WNNW1gXV641fVkTVdSF1fqtyoB9DUAfxm/8AB69/yYF+zD/2ddb/APqrPHlAH9aP7PH/ACQD4G/9ke+Gf/qF6JQB7DQAUAFABQAUAFABQAUAFABQAUAFABQAUAFABQAUAFABQAUAFAH+ex/wUw/5XC/2Hf8Asa/2NP8A0PUaAP8AQnoAKACgAoAKACgAoAKACgAoAKACgAoAKACgAoAKACgAoAKACgAoA/z2fCH/ACvL3f8A2NXjf/11h4goA/0JqACgD+Gv/g9v/Zv/ALf/AGfv2NP2stNs5Wuvhj8VfGvwK8U3FrbeaZdG+LnhmLxr4YutUmSF5ILHQ9Y+E+t2NjNJNFapf+MmtmD3N9aigD7f/wCDPT9pH/hcH/BKm6+DGo3/AJ2u/srfHb4g+ALWxkk825i8C/EKS0+L/hq/diWdbW48S+M/Huj2Ubn91H4eeGMLbxwKoB/VrQAUAFABQAUAFABQAUAFABQAUAFABQAUAFABQAUAFABQAUAFABQAUAFABQAUAFABQAUAFABQAUAFABQAUAFABQAUAFABQAUAFABQAUAFABQAUAf/0v7+KACgAoAKACgAoAKACgAoA/jN/wCD17/kwL9mH/s663/9VZ48oA/rR/Z4/wCSAfA3/sj3wz/9QvRKAPYaACgAoAKACgAoAKACgAoAKACgAoAKACgAoAKACgAoAKACgAoA/wA9j/gph/yuF/sO/wDY1/saf+h6jQB/oT0AFABQAUAFABQAUAFABQAUAFABQAUAFABQAUAFABQAUAFABQAUAf57PhD/AJXl7v8A7Grxv/66w8QUAf6E1ABQB+NP/BwT+zf/AMNQ/wDBH/8Abc8C2lnLd+IfBnwqm+OvhX7LbfatRXWfgHqun/Fq4tdLgENxLLfa94e8J654XWG3iN1cQa7cW1sVmmR1AP44v+DKj9pH/hBv21v2mv2YdSv/ALNpP7QHwK0vx/odvLJmO88dfArxPttLC0iJ+W6uvBPxM8capPJGo8y28OgTlvJtwoB/pZ0AFABQAUAFABQAUAFABQAUAFABQAUAFABQAUAFABQAUAFABQAUAFABQAUAFABQAUAFABQAUAFABQAUAFABQAUAFABQAUAFABQAUAFABQAUAFAH/9P+/igAoAKACgAoAKACgAoAKAP4zf8Ag9e/5MC/Zh/7Out//VWePKAP60f2eP8AkgHwN/7I98M//UL0SgD2GgAoAKACgAoAKACgAoAKACgAoAKACgAoAKACgAoAKACgAoAKAP8APY/4KYf8rhf7Dv8A2Nf7Gn/oeo0Af6E9ABQAUAFABQAUAFABQAUAFABQAUAFABQAUAFABQAUAFABQAUAFAH+ez4Q/wCV5e7/AOxq8b/+usPEFAH+hNQAUAZOvaHpPifQ9a8Na9YwanofiHSdR0PWtNukEltqGk6tZzWGo2NxGeHgu7O4mgmQ8NG7A9aAP8eL/gn7rurf8EsP+C+Xwh8MeJNQu7C1/Z+/bf8AFH7M/jnWNRBtVm8BeJvF3iP9nrxV4nvYzHbw3GnP4P8AE934ttpY4fs1zBHaahYKQbR1AP8AYzoAKACgAoAKACgAoAKACgAoAKACgAoAKACgAoAKACgAoAKACgAoAKACgAoAKACgAoAKACgAoAKACgAoAKACgAoAKACgAoAKACgAoAKACgAoAKAP/9T+/igAoAKACgAoAKACgAoAKAP4zf8Ag9e/5MC/Zh/7Out//VWePKAP60f2eP8AkgHwN/7I98M//UL0SgD2GgAoAKACgAoAKACgAoAKACgAoAKACgAoAKACgAoAKACgAoAKAP8APY/4KYf8rhf7Dv8A2Nf7Gn/oeo0Af6E9ABQAUAFABQAUAFABQAUAFABQAUAFABQAUAFABQAUAFABQAUAFAH+ez4Q/wCV5e7/AOxq8b/+usPEFAH+hNQAUAFAH+Tj/wAHZf7O03wA/wCCw/j74h6PDc6bo/7THww+Ffx80e4tIntbWz1+1024+FPiqOxvIEiH9py+Jfhbc+K9RUTPeQXXieG7kaOG9s1oA/00v2Af2ioP2t/2I/2Uv2lUuYrq++M/wF+GXjjxF5OwpaeM9T8LaaPHWlHy/wB35ui+Modd0ify/kE9jIE+UCgD68oAKACgAoAKACgAoAKACgAoAKACgAoAKACgAoAKACgAoAKACgAoAKACgAoAKACgAoAKACgAoAKACgAoAKACgAoAKACgAoAKACgAoAKACgAoA//V/v4oAKACgAoAKACgAoAKACgD+M3/AIPXv+TAv2Yf+zrrf/1VnjygD+tH9nj/AJIB8Df+yPfDP/1C9EoA9hoAKACgAoAKACgAoAKACgAoAKACgAoAKACgAoAKACgAoAKACgD/AD2P+CmH/K4X+w7/ANjX+xp/6HqNAH+hPQAUAFABQAUAFABQAUAFABQAUAFABQAUAFABQAUAFABQAUAFABQB/ns+EP8AleXu/wDsavG//rrDxBQB/oTUAFABQB/DV/we3/s3/wBv/AD9jP8Aay02ylNz8Mvin41+BPiq4tbbzTLo3xa8MxeNfC9zqkyRNJBY6Jq/wo12ysppJYrVL7xi1swe5vrUKAfcH/Bnp+0j/wALg/4JU3XwY1G/87Xf2Vvjt8QfAFrYySebcxeBfiFJafF/w1fuxLOtrceJfGfj3R7KNz+6j8PPDGFt44FUA/q1oAKACgAoAKACgAoAKACgAoAKACgAoAKACgAoAKACgAoAKACgAoAKACgAoAKACgAoAKACgAoAKACgAoAKACgAoAKACgAoAKACgAoAKACgAoA//9b+/igAoAKACgAoAKACgAoAKAP4zf8Ag9e/5MC/Zh/7Out//VWePKAP60f2eP8AkgHwN/7I98M//UL0SgD2GgAoAKACgAoAKACgAoAKACgAoAKACgAoAKACgAoAKACgAoAKAP8APY/4KYf8rhf7Dv8A2Nf7Gn/oeo0Af6E9ABQAUAFABQAUAFABQAUAFABQAUAFABQAUAFABQAUAFABQAUAFAH+ez4Q/wCV5e7/AOxq8b/+usPEFAH+hNQAUAFAH4z/APBwX+zf/wANQ/8ABH/9tvwNaWcl54h8FfCyX47eFfstv9q1FNZ+Aeq6f8Wbm20yARTSS32u+HfCmveF1ht4mubiDXbi2tts0yOoB/HJ/wAGVH7SP/CDftrftNfsw6lf/ZtJ/aA+BWl+P9Dt5ZMx3njr4FeJ9tpYWkRPy3V14J+JnjjVJ5I1HmW3h0Cct5NuFAP9LOgAoAKACgAoAKACgAoAKACgAoAKACgAoAKACgAoAKACgAoAKACgAoAKACgAoAKACgAoAKACgAoAKACgAoAKACgAoAKACgAoAKACgAoAKACgD//X/v4oAKACgAoAKACgAoAKACgD+M3/AIPXv+TAv2Yf+zrrf/1VnjygD+tH9nj/AJIB8Df+yPfDP/1C9EoA9hoAKACgAoAKACgAoAKACgAoAKACgAoAKACgAoAKACgAoAKACgD/AD2P+CmH/K4X+w7/ANjX+xp/6HqNAH+hPQAUAFABQAUAFABQAUAFABQAUAFABQAUAFABQAUAFABQAUAFABQB/ns+EP8AleXu/wDsavG//rrDxBQB/oTUAFABQBk6/oWk+KNC1rwzr9jBqeheItJ1LQta026QSW2oaTq9nNp+o2NwhyHgu7O4mglQjDRyMDnNAH+PB/wT717Vv+CWP/BfH4QeGfEuoXdha/s/ftv+J/2Z/HWr6iDarN4D8TeLvEf7PPivxNexmO3iudObwh4nu/FlvKkP2e5gS0v7FTm0dQD/AGNaACgAoAKACgAoAKACgAoAKACgAoAKACgAoAKACgAoAKACgAoAKACgAoAKACgAoAKACgAoAKACgAoAKACgAoAKACgAoAKACgAoAKACgAoAKAP/0P7+KAPyD/ba/wCC2v7GH7E3xo8J/suXq/Fb9pT9rnxvfaVpvh/9lj9lTwXZ/FP4wR3uuwxXOjQeIrW98QeF/C/ha61Cxnh1iDRta8TW/ieTw86eIrfQbjRZYL2UA4r4Bf8ABeT9j74pftNj9iv44+C/j7+wp+1hdT6VZ+H/AIPftjeBtB+Hz+OL7XIFuNEtvA3jfwt4x8c+BtWfX1dIfCyaprug3Hi+/dNN8J2+tX8kdu4B+2NABQAUAfjL+2b/AMF3f2D/ANjX426H+yzLqXxO/aX/AGsvEXiDSvCen/s0fspeCrX4qfE+18T69NbW+i+Htdkvtf8AC3gvQvEN/LdQP/wi994rHiy2s5Ev7nQI7Oe1mnAPGrj/AIOLf2QPhR8ePDv7OH7cfwV/aw/4J2/Ebxbp2m6x4Y1P9q34c+EbL4a61pGs3t1p2m6rbfEH4WfEL4l6da6OdQtLjT9U8R6taad4W8P3sF1Brmu2P2G+e3AP3u0jV9J8QaTpevaBqmna5oWt6dZavoutaRe22paTq+k6lbRXunappeo2Us9nqGnahZzw3dle2k81tdW00U8EskUiOwB/G9/wevf8mBfsw/8AZ11v/wCqs8eUAf1o/s8f8kA+Bv8A2R74Z/8AqF6JQB7DQAUAFABQAUAFABQAUAFABQAUAFABQAUAFABQAUAFABQAUAeAfFT9rD9lr4F6pDonxt/aV+AHwc1q4iimg0j4qfGT4dfD3VJ4Zyoglh0/xd4j0i6kimLKIpEiZJCy7CcqtAH8E37efxE+H/xU/wCDuX9g7xr8MPHPg74j+DdU8W/sdrpni3wH4n0Xxf4Z1FrW51OC5Ww17w/e6hpV41vOjwzi3upDFMjRybXUrQB/osUAFABQAUAFABQAUAFABQAUAFABQAUAFABQAUAFABQAUAFAHBfFT4j+Gvg58MPiR8XfGb3sXg/4V+AvGHxH8WSabaG/1GPw14H8Paj4n117CxV42vb1NL0u6a1tBJGbicRwh137lAP5sf8AiL8/4I6f9DF+0b/4Yy7/APmkoA/nL/YT/a0+EX7b3/B4N8PP2qvgZceIbr4T/FvxD8UbvwhceKdEbw9r8kOgf8E4vHngXUDqOjPcXbWLDXvD2opCpuJPMtFhucr5uxQD/S/oAKACgAoA/wAnD/g7J/Z2m/Z//wCCw/j/AOIWjwXOm6N+0x8MfhX8fdGuLSN7W1tNfttNuPhV4qSxvIY4h/acvif4W3XivUVE0l5BdeJobt2jivLQUAf6af7AP7RUH7W/7Ef7KX7SqXMV1ffGf4C/DLxx4i8nYUtPGep+FtNHjrSj5f7vzdF8ZQ67pE/l/IJ7GQJ8oFAH15QAUAFABQAUAFABQAUAFABQAUAFABQAUAFABQAUAFABQAUAFABQAUAFABQAUAFABQAUAFABQAUAFABQAUAFABQAUAFABQAUAFABQAUAFAH/0f6vP+Cxf7fEf/BNf/gnr8fP2o9N/sy5+IujaPY+CfgtpGrIs9nq/wAYPH19F4d8GtcWLFF1Ow8MvcX3jrXNL82BtQ8OeE9Yto5o5HRqAP4Rf+DQfR9U/aD/AOCw/wAa/j78XNV1Hx/8QvCn7Mvxk+K8vjXxTdSaz4jv/ih8Q/iZ8L/Bmr+Kb3U71pLmbVtV8OeN/HdveXxfzpF1SeIkRTOjAH2V/wAHwXw30rRfiX/wTs+N2l2qWnivxP4R/aF+HWs61bAQag2mfDbXvhH4r8GQG7jKTsNP1D4meMrmzw3+iy3U7xsrzGgD+iH/AINrv+Ck/ib/AIKNf8E6fD198Wdem8Q/tCfs3eI2+Bfxc1zULr7Trfja10rR9O1b4d/EzVSxeeW+8WeEr6HSNd1O7lkudc8a+EfF+sOUW9SJAD+gugD8hv8Aguv+3F4q/wCCe/8AwTD/AGj/ANoH4cXq6b8XLjS9B+Fvwg1Mokj6J4++KWu2XhK18V2qyxT2zaj4F0G91/x1pUF7BPY3mqeGrOxvYZLa5kRwD/P3/wCDTjQ7b4lf8FsfAXjXxzdT+JfFHhn4UftCfEqz1rxBd3OqavfeNdY8Ly+FtS127v72We61DWrvT/HPiG5ur+9luLmaa4uLySVrrEygH9C3/B7l8KtH1T9kL9jT44Pp9sdf8DftI+I/hVbar5aC8j0f4q/DDXvF19p/mgCR7aW9+Den3AjYskcsJZArSuXAOG/4M0P+Cj/jj4n+DvjN/wAE4/ip4jvvEg+CXhW3+NP7O91qlzLeX+i/DC68R2Phj4leAFuriYuPD3hfxb4n8Ga54RsUSV7JfGPieyEsOlafo9lagHuX/B69/wAmBfsw/wDZ11v/AOqs8eUAf1o/s8f8kA+Bv/ZHvhn/AOoXolAHsNABQAUAFABQAUAFABQAUAFABQAUAFABQAUAFABQAUAFAH80P/Bzz/wVg8bf8E2P2N/C3gL4C+I7zwn+07+1lrHiTwd8PfGWnRodR+G/w88GW2iXPxX8f6NdyRzRWPiuGLxR4V8I+ErhkS80+98W3nivR7iLUvCcTKAfx2/8Erf+DbD9qv8A4K7/AAd1r9sv4kftHab8DPh98QPFHiiPwZ418d+FvEnxl+JPxl13RtU1HTfF3jC8s7jxX4RMOgf8Jda3uhSeKNV8WalrWra1p/iCX+x3g0+3utUAPzn/AGh/2f8A9oH/AIIK/wDBUnwXoes634H+InxN/Zc+IXwo+OngTxHo0eoL4M+IvhsXGneL/D4v9O1CGPV9FTWrKG78NeKNLbfdaRfJqi6Pquo28Wm65dgH+wj+y/8AtDeA/wBrP9nb4K/tL/DGS7fwH8cfhv4U+JHhuHUYxDqenWfifSrfUJdF1aJS0cWsaDeS3Oi6vHE8sCalYXSwSzQiOVgD3egAoAKACgAoAKACgAoAKACgAoAKACgAoAKACgAoAKACgD5A/wCChP8AyYN+3D/2aB+0t/6pjxrQB/hjUAfvl/wa/wD/ACnR/YW/6/P2if8A1kz48UAf7A1ABQAUAFAH8NH/AAe3/s3/ANvfAL9jP9rLTbKQ3Pw0+KXjX4E+Krm2t/MMuj/Fnw1F428K3OpypE8kNjomrfCnX7KymklhtkvvGDW7iS5vbUKAfcX/AAZ6ftI/8Lg/4JU3XwY1G/8AO139lb47fEHwBa2Mknm3MXgX4hSWnxf8NX7sSzra3HiXxn490eyjc/uo/DzwxhbeOBVAP6taACgAoAKACgAoAKACgAoAKACgAoAKACgAoAKACgAoAKACgAoAKACgAoAKACgAoAKACgAoAKACgAoAKACgAoAKACgAoAKACgAoAKACgAoA/9L6S/4PcviHqelfsffsZfCy3uzFpPjf9o/xZ451K0UlWu7v4a/DS/0TTHcgjfDbL8UL9mjYMhmlt5Dh4kNAH5Tf8GTAH/Df37VhxyP2PLwA98H40/CkkfiVGfoPSgD7s/4PkQP+EJ/4JttgZHin9qkA9wDpPwAJA9iVGeew64oA+df+DH/4ganYfH/9vP4WJcn+xvFXwe+EPxAns2yR/afgDxr4n8O2lzECdsZ+y/Eq9in2gGYfZt5IgQKAf6LtAH87X/B058BvFfx1/wCCNf7QEvgvRdV8Q638F/FXwx+Ok2kaPFLcXcnhjwV4oi0zx3q0tvFzLp3hTwL4m8SeMNXZgUtdK8P3l8QWtVoA/gs/4Ng/jd4f+CH/AAWg/ZUuPFV9Z6XoXxSi+JfwVk1G+u4rSGDXfiH8O/ENn4HtEeZ44prnXfH9n4V8N2lsXDzXOsxLbrLciKGUA/rv/wCD1m+to/8AgmH+z1pz4N3d/t4/Du9txkBhBp/7Pv7S0N0wHUgPqVqp42gupODtoA/mn/4M+Ytak/4LCaa+lbvsMH7M/wAb5fEmGcD+xTJ4Ogg3BeGX/hIptA+WT5N21h86pQB/RV/wews6/sC/sthV3K/7WcCyHGdiD4S/EJw3tmRI0yc/ex3yoB+cPw+/4L9/8HLfhzwF4I8PeFf+CTmnaz4Y0Hwh4a0bw5q5/YF/bo1E6roOl6NZWOj6kdQ0/wCLUNhfm+0+C3ujeWMMVndeb59tEkLoigHX/wDEQp/wc9f9IitN/wDFfP7en/z3qAD/AIiFP+Dnr/pEVpv/AIr5/b0/+e9QAf8AEQp/wc9f9IitN/8AFfP7en/z3qAD/iIU/wCDnr/pEVpv/ivn9vT/AOe9QAf8RCn/AAc9f9IitN/8V8/t6f8Az3qAD/iIU/4Oev8ApEVpv/ivn9vT/wCe9QAf8RCn/Bz1/wBIitN/8V8/t6f/AD3qAD/iIU/4Oev+kRWm/wDivn9vT/571AB/xEKf8HPX/SIrTf8AxXz+3p/896gA/wCIhT/g56/6RFab/wCK+f29P/nvUAH/ABEKf8HPX/SIrTf/ABXz+3p/896gA/4iFP8Ag56/6RFab/4r5/b0/wDnvUAH/EQp/wAHPX/SIrTf/FfP7en/AM96gA/4iFP+Dnr/AKRFab/4r5/b0/8AnvUAH/EQp/wc9f8ASIrTf/FfP7en/wA96gA/4iFP+Dnr/pEVpv8A4r5/b0/+e9QAf8RCn/Bz1/0iK03/AMV8/t6f/PeoAP8AiIU/4Oev+kRWm/8Aivn9vT/571AB/wARCn/Bz1/0iK03/wAV8/t6f/PeoA/nx/4LX/tuf8FN/wBufxj8BfHn/BRz9lTUf2XJ/BHhrxt4R+Emlp8Afjj8C/D3iqK81TQtZ8aX9lB8a/EXii78Ra1YvL4Xt9Wl0HUYbbTrGTRUvLKOW6hnuAD9OP8Agnf/AMF0P+C6/wAGv2PPgv8ABT9jb/gnP4P+OP7Pvwd0C6+H3gv4i6F+x7+118VP7Zk0vVL291n+2vGfw3+K1l4Q1HxEuraldSayml6dpqQXM217C2Y7GAPwz/4K0ftVfth/tkftha38Z/26Pgbb/s7/AB+ufAngbw1qnw0tvhf8S/g+tl4a0HT508M6q/gr4s694j8Y20mrWd09x9vuNSax1BNk1jDFECGAP3Y/4J7/APBYz/g4J/ZR/Y0+AvwD/Zq/4JsXfxl+AvgTwrfv8K/id4i/Yq/bC+IOo+LvCPizxPrvjfT7+Lxp8PviD4a8G+ItHgPiWTT/AA5qGg6NbWj+HrPS43m1C5jn1G6APsr/AIiFP+Dnr/pEVpv/AIr5/b0/+e9QAf8AEQp/wc9f9IitN/8AFfP7en/z3qAD/iIU/wCDnr/pEVpv/ivn9vT/AOe9QAf8RCn/AAc9f9IitN/8V8/t6f8Az3qAD/iIU/4Oev8ApEVpv/ivn9vT/wCe9QAf8RCn/Bz1/wBIitN/8V8/t6f/AD3qAD/iIU/4Oev+kRWm/wDivn9vT/571AB/xEKf8HPX/SIrTf8AxXz+3p/896gA/wCIhT/g56/6RFab/wCK+f29P/nvUAH/ABEKf8HPX/SIrTf/ABXz+3p/896gA/4iFP8Ag56/6RFab/4r5/b0/wDnvUAH/EQp/wAHPX/SIrTf/FfP7en/AM96gA/4iFP+Dnr/AKRFab/4r5/b0/8AnvUAH/EQp/wc9f8ASIrTf/FfP7en/wA96gA/4iFP+Dnr/pEVpv8A4r5/b0/+e9QAf8RCn/Bz1/0iK03/AMV8/t6f/PeoAP8AiIU/4Oev+kRWm/8Aivn9vT/571AB/wARCn/Bz1/0iK03/wAV8/t6f/PeoAP+IhT/AIOev+kRWm/+K+f29P8A571AHnHxi/4Li/8ABy18bvhH8U/gx4s/4JKy2PhX4u/Djxx8MPEt94f/AGAf26LTXrPw/wCPvDOp+FNZutEutQ+KGqWFtq9vp2rXMum3F9pmo2cN4kMlzY3kKvbuAfyq/wDDsf8A4KTf9I9v24f/ABE749f/ADA0Aeh/sHeOP24P+Cfv/BRH4VeNPgd+zN4x8UftpfB258cDw1+zf8R/gr8WNf8AF13ceMPgx4w0jX4dd+Dnha58IfFO5ex+GPi3WPGtrHZXGmvaafa2niW7+06DBcpcAH9V3/EQp/wc9f8ASIrTf/FfP7en/wA96gA/4iFP+Dnr/pEVpv8A4r5/b0/+e9QAf8RCn/Bz1/0iK03/AMV8/t6f/PeoAP8AiIU/4Oev+kRWm/8Aivn9vT/571AHwx/wUf8A+CoH/BfT9v79kP4m/s4/tR/8Er9Q8DfBrVW8O+OfE3j/AMJ/sN/tleEPEPgSP4Za/p/jo+JrLxV438e+KvCvh+ygtNEvLDxJqetaHd2kXhTUNdTzbCSWPUbUA9a/4MqP2kf+EG/bW/aa/Zh1K/8As2k/tAfArS/H+h28smY7zx18CvE+20sLSIn5bq68E/Ezxxqk8kajzLbw6BOW8m3CgH+lnQAUAFABQAUAFABQAUAFABQAUAFABQAUAFABQAUAFABQAUAFABQAUAFABQAUAFABQAUAFABQAUAFABQAUAFABQAUAFABQAUAFABQAUAFAH//0/p7/g9s+Gupaz+xj+x78WbWzkn074f/ALSfiHwRqlzHHvFj/wALO+GuratZSTlctDbzz/DFrczMFh+0yWsDOJp7dJQD8mf+DJhlH/BQD9qtCRub9ju9ZV7lU+NXwoDEewLoD/vD1oA+7P8Ag+RdR4L/AOCbSEje3ij9qp1XuVTSf2fwxHspkQH/AHh60AeH/wDBj58NtTvfi9+358YDBs0bw38N/gn8NkuXUj7TqfjbxP438USwWz/dk+xWvgCGS+VcmL7fpxbHnJuAP9ESgCjqml6bremajoutafZavo+r2N3peraVqdrBfabqem39vJaX2n6hY3UctteWV7ayy213a3EUkFxBLJDNG8bsrAH8Xf7YP/Bmh8A/iJ8WtS+Lv7EH7Ufij9kOO41W18S6V8K9Z8D3/wAUfCvhLxLb3n21bj4feNbf4geDfHHg7S7W5jtr/SbLUW8aXukX0Uq6bqttYNYWWlgH87//AAco+Gf2uf2avFf7Ln7GX7U3/BTD4h/t+eJvDvw/1L4zaro/iH4c+HPhz4c+GUevapfeDPAjznSPEPifxD458b6tYaF41n1HxN491abXoNCu9INpBBaazPPegH7B/wDBlT+w14j0n/hpf/goX408O3umaJ4l0G0/Zs+Beq3sRhh8SafH4gsfGHxr1rToZtrT6dp2ueGPhv4asNat0ktZ9VtPGeix3K3OkalbqAfXv/B69/yYF+zD/wBnXW//AKqzx5QB/Wj+zx/yQD4G/wDZHvhn/wCoXolAHsNABQAUAFABQAUAFABQAUAFABQAUAFABQAUAFABQAUAFAH5U/8ABYz/AIJeeBP+Csf7G/iT9nbXdZsPBHxJ0HWLT4h/Ar4n3mmvqUfgb4laNbXdpAmqw22y/uPCHi3R7/UvC3i20s3klisdRt9ftLK+1jw9pEFAH+f/APDH9gz/AIOg/wDgkb4i8dfDz9lbwF+0XovhTxVqz3Gp3n7Ov/CHfH74QeNbmGJ9ItvGWm+Grqx8XW2gape2HlRJquveDPB3jeKwt9PTVbWz/s+zS1APz58N/skftX/tF/8ABYT9nH9nn/gqOPjJoXxn/al+NvwaX4x3vxO1JZ/ivqHw/wDGes2Wmq/mG8um8OSXXhPSJ9C8LWLw2kPhbTYdMXT9Ei0uysrJwD/Y+8K+F/Dvgfwx4c8FeD9F07w34S8H6Do/hfwt4d0e1isdI0Dw74f0+30nRNF0uyhCw2enaVplpa2NjaxKsVvbQRRRgIiigDeoAKACgAoAKACgAoAKACgAoAKACgAoAKACgAoAKACgAoAKACgD/PZ8If8AK8vd/wDY1eN//XWHiCgD/QmoAKACgAoAyPEGg6T4p0HW/DGv2MGp6F4j0jUtB1rTblQ9tqGk6vZzafqVjcIch4LuzuJoJVIw0cjA5zQB/jwf8E+tf1b/AIJZf8F7/g/4a8S6hd2Ft+z/APtveJ/2Z/Her6gDarL4E8TeLvEf7PPizxLexlIIrjTm8I+J7vxZbyJELe5hjtL+xXm0dQD/AGNqACgAoAKACgAoAKACgAoAKACgAoAKACgAoAKACgAoAKACgAoAKACgAoAKACgAoAKACgAoAKACgAoAKACgAoAKACgAoAKACgAoAKACgAoA/9T+ub/gq1+wfon/AAUl/YO+PX7Jt/eafo3iXxt4et9c+FvijU45GtPCnxa8GX0HiX4f6xdyQJJdW+k3Ot6fFoHiaWzimu28Ka3r1vbwzSTrEwB/A7/wahSeKP2Ov+C2Pxd/Zh/aF0LUPhZ8VfFv7PPxj+Bdz4G8Xouk6xb/ABQ8IeN/hl8Tho8cc7CO+ln8JfD3xbqGkzWMtxZ61pkkGq6TcX1jcWs8oB9cf8HtfxLsvHPx5/4J5/s1eExL4g+IPhPwT8ZvHl94V0SCXVdeuD8bPFXw08GeA7KHTLFbi+n1DWNQ+EviS30rT4Ldru9kdVgimMsAoA/pl/4N3/8Agmrrv/BM/wD4J2eDfAnxM0uPTP2gfjdrtx8dvjlp7xxm+8KeIfE+j6Ppvhr4a3V0pcyTfD/whpGkadrNvFLLYW/ja88Yy6ZLPaXaXdwAfz8/8HOX/Bd39vL9kD9svRf2Nf2PfH7/ALP3hrwT8NvBPj/xv4/03wp4V8QeMviL4h8cDUNStNPstQ8a+H/EFho3gzw9pltp1qItBsrXUtU8Qf29Dq2rXOnQW+lwAH7e/wDBtZ/wU++PX/BT79h7xd40/aYh07VfjF8D/i3efCPXviRouh2Ph3T/AIoaafCXhnxbo3iXUdF0a0sPDuleLreLX7jS/Edj4csbDR5EtdJ1e203Tm1d7KIA+0P+Cnf/AAWA/Y6/4JY/CvWfFnxw8e6R4g+LdxpEtz8Nf2b/AAnrel3Xxc+IuqzxyrpRGhieW58JeC2uoydZ+IPiK1g0DTLSK4isP7b8QPpnh7VAD+Df9jH/AII/f8FA/wDg4Q/bI8X/APBQD9tKw8RfAr9m34teOIfGPjP4kanptz4f1zxr4Q062tNP8O/DD9mfwr4hgu9QvvDmi+GNO0XwXonxE1y3n8HaHpFjLqQ1Lxz4q0298PX4B/pg/Av4HfCv9mr4P/Dv4C/BHwdpngD4UfCrwxp/hDwP4S0nz2tdI0XTkO0S3N3Nc3+palfXElxqWs6zqd1eatrmsXl9rGrXl5qN7dXMoB/JJ/wevf8AJgX7MP8A2ddb/wDqrPHlAH9aP7PH/JAPgb/2R74Z/wDqF6JQB7DQAUAFABQAUAFABQAUAFABQAUAFABQAUAFABQAUAFABQAUAFAH+ex/wUw/5XC/2Hf+xr/Y0/8AQ9RoA/0J6ACgAoAKACgAoAKACgAoAKACgAoAKACgAoAKACgAoAKACgAoAKAP89nwh/yvL3f/AGNXjf8A9dYeIKAP9CagAoAKACgAoA/ybv8Ag7I/Z2m/Z/8A+CxHxB+IGjwXOm6N+0v8MvhZ8ftGntI3tra016DTLj4V+K1sbyGOL/iZTeKPhdeeKtQAmkvILnxLDdO0cV3aCgD/AE1f2Af2ioP2t/2I/wBlL9pVLmK6vvjP8Bfhl448ReTsKWnjPU/C2mjx1pR8v935ui+Modd0ify/kE9jIE+UCgD68oAKACgAoAKACgAoAKACgAoAKACgAoAKACgAoAKACgAoAKACgAoAKACgAoAKACgAoAKACgAoAKACgAoAKACgAoAKACgAoAKACgAoAKAP/9X+/igD8zv20v8AgkT+wz+3f458IfGD4y/DPWPDX7QHgC40258FftHfBPxp4k+DPx28Py6KS+hlPiF4HvNOv9YGgTbbjw5/wkkOst4buFMmgNppnufNAOM/Zs/4Ir/sM/s4/Hm6/auuPD3xP/aP/asuJLWS3/aR/a4+K/iz9oP4r6O9hYwabp9x4f1LxhdHQdB1PTdPt4tP0vX9K8PWviPStMzpOm6vaaSxsaAP1koA/J7/AIKPf8EVv2Cf+CpmqeCvFX7UXw+8SD4jeANN/wCEf8PfFH4aeK5/BHjv/hETfXWpnwbrF6LLVtI8QeHI9Tvb3UdPtta0S+vNDvL/AFOXw/faV/bGri9APRvBH/BLb9mH4O/sZ2n7C37Ol58Yv2X/AINxatBrupeIP2evi14o+HHxk8Ra1Jd2t14h1XX/AIvWcl34yvNR8ZiyttP8T3kN/a3E+g29p4b0qXSfD9hp+m2gB5V+z9/wQs/4Jafs5eM2+J/hn9lXwv8AEf4ty6pHrtz8Wf2h9e8W/tF+PptfhMZt/EEGqfGTW/GFnpGuWxiie31XQNO0m9hljSeOZZwJXAP1vACgKoAAAAAGAAOAABgAAcAAfligBaAP4zf+D17/AJMC/Zh/7Out/wD1VnjygD+tH9nj/kgHwN/7I98M/wD1C9EoA9hoAKACgAoAKACgAoAKACgAoAKACgAoAKACgAoAKACgAoAKACgD/PY/4KYf8rhf7Dv/AGNf7Gn/AKHqNAH+hPQAUAFABQAUAFABQAUAFABQAUAFABQAUAFABQAUAFABQAUAFABQB/ns+EP+V5e7/wCxq8b/APrrDxBQB/oTUAFABQAUAFAH8M3/AAe4fs3/ANvfAT9jL9rPTLKQ3Pw1+KPjb4EeK7m2t/MabSPix4ai8b+FLjU5VieSCy0TVvhV4hs7KaSWK2W+8XtbsHuL22FAH3J/wZ6ftI/8Lg/4JU3XwY1G/wDO139lb47fEHwBa2Mknm3MXgX4hSWnxf8ADV+7Es62tx4l8Z+PdHso3P7qPw88MYW3jgVQD+rWgAoAKACgAoAKACgAoAKACgAoAKACgAoAKACgAoAKACgAoAKACgAoAKACgAoAKACgAoAKACgAoAKACgAoAKACgAoAKACgAoAKACgAoA//1v7+KACgAoAKACgAoAKACgAoA/jN/wCD17/kwL9mH/s663/9VZ48oA/rR/Z4/wCSAfA3/sj3wz/9QvRKAPYaACgAoAKACgAoA4r4keDZfiJ8PvG/gKDxl41+Hc/jPwrr3heHx78N9VstC+IPgyXXNNudOTxR4I1rUtL1vT9K8VaG1wNS0HUL7RtVtLTUre2nuNPvIke3lAP82P8A4L3fHL/gq1/wSI/a78I/Bn4a/wDBVf8AbF+J3wo+KXwl034r+BdY8eeM9Oh8baGsnirxR4R1nwn4kvfD+i6RoOu3mnXXhuDVINb0vRNBhurLXLa2k0e2nspJ7oA9d/4N9PGH/BT/AP4LFfED9pPTPit/wVz/AGz/AITeDP2fvCfw61Ap8PfFOkX3ifxH4h+JmqeL7XSF+1+JNK1DSrHRtIs/A2sSaiv2Ce9vLm+0yO2kt4o7l6AO2/4LJfFX/guv/wAEKfHvwf8AHPgr/gqH8UP2k/2evjLc6xpHhrxH8Vfhz8Ndf1fQfGXhWKy1DVfAXj3QPFfhjxjpLx61ot+upeGvE3h7V9M1DWrfT/EsL6doNzoFve6kAfrN/wAG/H/ByFqv/BTTx/d/si/tXeCvB/gL9qK28Kar4r+HvjT4fRX+meBPjRpHhe2jufFGkSeF9V1HWLzwr8Q9G0dbjxTNBYare+HPEWiWXiK8sLPwq2hwaXqgB+on/Bff9tLxL+wf/wAEr/2lfjR8PPFN54O+L2u6d4c+Efwd1/TJ0tda0vx58TvEFj4efW9BunD/AGbW/Cfg9/FvjPTbhEeSC58OJLGA6K6AH+X/AP8AD9j/AILCf9JEP2mv/C9m/wDkSgD6W/Y0/wCCo/8AwWo/bC/au/Z4/Ze8J/8ABRH9qKLWfjp8XPBHw6OoW3jiWZ9C0fxBrlrb+JfFEsZsnzZ+FPDf9reJdQbZJssNKuZPKk27HAP9fWytVsbO0sklubhLS2gtVnvbiW8vJlt4kiWW7u52ae6uZAm+e4mZpZ5WeWRi7EsAWaACgAoAKACgAoA/z2P+CmH/ACuF/sO/9jX+xp/6HqNAH+hPQAUAFABQAUAFABQAUARXE32eCafy5phBFJN5VvGZZ5fLRn8uGIcyTPt2xxjl3KqOooA/nE+Mn/B0d/wTr/Z28XyfD/4/fC39uv4I+OorWO+bwd8Wv2U/Efw78TGwmklig1GPRPFuvaRqM2nXEkMy21/FbPZ3PlsYJnCk0Acj4L/4Ozf+CWPxJ8Sad4N+Hfh79sTx74v1hpk0nwp4L/Zv1HxT4k1R7eCS6uF07QtD8T32qXzQW0M1xMttaymKCKSaTEaMygHbzf8AB0//AMEnPDfi7/hCPi/4g/aV/Z+1+Mj7bZ/Gb9l/4p6Be6ahlaIS3+i6BpXifxHFGXSQbk0aXmKRSA6MlAH7Q/sv/tkfssftp+B5fiN+yr8ePhv8c/CNpLBbate+A/ENtqOo+G726SWS107xd4cm+zeJfB+qXMMMs9vpfinR9H1Ce3Q3Edq0JV2APpagDmvGXjTwd8OvC+ueOPiD4s8NeBfBfhmwm1XxJ4v8Y67pfhjwv4f0u3x5+pa3r+tXVlpWlWEGV828v7u3t48jfKufmAPxN8S/8HE//BOq8+IU3wk/Zok/aK/b6+J9odt94N/Yb/Z+8a/Guaz3StFDMfE96vg/wJe6fMUdxrOleK9Q0S3iilmvNSt44n2AH7I/CLx3q/xO+Gfgr4g698NvHXwe1fxdoVprd78MPibF4eg+IHgqS83Omh+L7bwn4g8VeHbXXbeLy2vrTSvEWr29rLJ9nN480cgoA9GoAKACgAoAKAP89nwh/wAry93/ANjV43/9dYeIKAP9CagAoAKACgAoA/GT/g4O/Zv/AOGoP+CP37bXgi0spLzxD4I+Fz/Hfwr9mt/tWoR6v8BNV0/4r3lvpkAimkkvdc8M+FvEHhlYoImuZ4Ncnt7fbNMjqAfxz/8ABlR+0j/wg37a37TX7MOpX/2bSf2gPgVpfj/Q7eWTMd546+BXifbaWFpET8t1deCfiZ441SeSNR5lt4dAnLeTbhQD/SzoAKACgAoAKACgAoAKACgAoAKACgAoAKACgAoAKACgAoAKACgAoAKACgAoAKACgAoAKACgAoAKACgAoAKACgAoAKACgAoAKACgAoAKAP/X/v4oAKACgAoAKACgAoAKACgD+M3/AIPXv+TAv2Yf+zrrf/1VnjygD+tH9nj/AJIB8Df+yPfDP/1C9EoA9hoAKACgAoAKACgAoA/zYv8Ag9w/5PS/Y5/7Ne1z/wBWv4noA97/AODG3/kcv+Ck/wD2LP7Kf/p1/aDoA/R7/g9Sv/DsX/BMT4CaZqE0P/CR3v7cHw/vfDtsJEW8e2074H/tBQ67drHgySWFtFqVhb3e0hEvL7Sy+WMdAH8df/Bs94K8ceM/+C137Fcvgi1vnbwdr3xK8a+LdRtYpHt9G8D6T8H/AB7aeIbrU5kZFtLLVI9Tt/C8csrCObUvEGn2IWWW8jhcA/sA/wCDlL/go18Cv2Xf23P+CTHw0+PnhjxX8Sfg78HPiV4o/bl+Mnwz8EWfhzVvEmu6n4Q0rXfh9+zXPaaR4s1rQPD19a23j/8A4WHe6tFq+p2sUmlaZdR2nnXLeU4B6h8CP+DoH/ggz8ZNattD8X+D/F37N8t2YooNU+OX7MvhWXQHu5W2Lbyar8F9T+MaafHvxu1DWYdL0yGNhLd3lvGsrIAf0mfBS5/Zj+KfhLwn8av2fE+Cfjnwb4iszqfg34m/Cq08Faxo+o2s8ctrPNo3ifw1DNF5irJcWN9FDdpcW0n2mxvIoplmgQA98oAKACgAoAKACgAoA/z2P+CmH/K4X+w7/wBjX+xp/wCh6jQB/oT0AFABQAUAFABQAUAFABQB/CF/wfD+GdFl+Fn/AAT48ZNYWw8RWXj/AOPvhmLVFghF42i6p4d+GmqT2El0E8+S2S+0e2uIIGkMMUr3EiIrzSMwB+SP/BmdY2V3/wAFZ/HU91aWtzPpn7GHxgvtNmngiml0+9k+JnwO02S7spJEZ7W6fTtQv7B54CkrWd7d2pcwXM6OAf1Qf8Hb/wCyp8OPjN/wSe+IP7QOqeGdKl+K/wCyj40+F3jPwL4wi0y0PiaDw349+JfhT4T+OPB41kxi+j8K6nY+OrXxVqmkidrO51jwdoV+8BubCCRAD/Pw/wCCJf7Y3xO/Yp/4KXfso/EP4f8AiPVNL8P+N/jF8Pfg98XvDtreTRaR42+FHxP8W6R4Q8W6Pren5NpqbaXa6sPE/hw3kMv9l+K9E0XVrZoLizSWgD/W9/4KF/t+fAX/AIJq/sweNf2o/wBoLVbmLw34deDQ/CXhPR/Kk8V/E34h6tbX03hj4d+ELaZkhl1rXDp97cz3dyyafoWh6drHiLVpoNK0i9nQA/zavBXxR/4KJ/8AB1T/AMFFPCnwV+I3xB1H4ffs8+Hrq7+IfifwD4Jubq1+Ef7OnwQ0XVrCy1bXbHQ7iTyvHvxX1ZtV03wtoPifxTDqWua34q1y1+Xw34B0+7svDwB/ph/sbfsQ/swfsCfBvSPgV+yr8KfD/wAL/Aun+VdarJYRNeeKfGuvLAsFx4r8f+LL0za74w8T3iKEk1PWby4+x2qw6VpMWnaNZWOm2oB9X0AFABQAUAFABQB/ns+EP+V5e7/7Grxv/wCusPEFAH+hNQAUAFABQAUAY/iHQdI8VaBrnhfxBYwanoPiTR9T0HW9NuVD22oaRrFlNp+pWNwh4eC7s7iaCVTw0cjA9aAP8eD/AIJ8a/q//BLP/gvd8HvDXibULqwt/wBn/wDbd8T/ALM/jvV9QBtVl8C+JfF3iP8AZ58W+Jb2MpBFcacfCPie88V28iRfZ7iGK1vrEHNo6gH+xvQAUAFABQAUAFABQAUAFABQAUAFABQAUAFABQAUAFABQAUAFABQAUAFABQAUAFABQAUAFABQAUAFABQAUAFABQAUAFABQAUAFABQAUAf//Q/v4oAKACgAoAKACgAoAKACgD+M3/AIPXv+TAv2Yf+zrrf/1VnjygD+tH9nj/AJIB8Df+yPfDP/1C9EoA9hoAKACgAoAKACgAoA/zYv8Ag9w/5PS/Y5/7Ne1z/wBWv4noA8J/4NUfiT/wUH+Huvftzf8ADAv7NPwV/aI1nWdA/Z9j+IjfGf4zzfCTT/BMFlf/ABlPhG40mC30u/uPFR1ye78QrqMEV1px0xNItD5sh1EeUAfq/wDt3/8ABFj/AIL4/wDBaj4teBPEn7cPxM/Yr/Zm+E3wrtdUtPAHw0+GviT4geL9I8LN4lmsv+Ei1/T/AA9ZaN4gufF3jHV7fSNIt9X1XxR8R9EsY7bTrW28OWWj209/bygH9An/AAR5/wCCG/7Mf/BIPwd4hvPAeq6r8YP2h/iLpFjo/wATvj/4v0nT9J1O90i0mhvT4N+Hvhu0e+XwB4Am1W3t9XvtF/tvxBrOvaraadd+JPEerRaJ4cs9FAPyV/4LPf8ABst+0P8A8FRf2zfHX7W/hr9sz4beELLWPCPgLwR4D+FXjX4XeKmg8E+G/Bfhu1sptLk8aaL4p1dtSTWfF1x4p8XyTw+EbAWkviSWxFrcG1N7cAH8kP7aX/Bsz/wVj/Yt0HxJ471P4L6J+0F8LfCttcahrPxB/Zq8SN8RBp+lW+ZJdSvvh5qWmeF/i5HZWlqr3mr6hafD++0fRbWC6utR1WGzhN0wB1n/AAbVf8FNfip+w1/wUJ+DXwYk8Uavd/s1ftc/Ezwh8GPir8Opp/tGhWvjHx9fQ+DPhp8UNJtrl/I0LX/C3jDV9Bi8RatZhH1bwI+taXqEV3NbaHPpYB/rmUAFABQAUAFABQAUAf57H/BTD/lcL/Yd/wCxr/Y0/wDQ9RoA/wBCegAoAKACgAoAKACgAoAKAP4Yf+D4P/kgn7An/ZXvjV/6hngqgD8Wv+DO7xf4T8E/8FT/AIka34z8UeHfCOjD9i34tWx1bxPrem6BpguZPir8B5Y7c3+q3VpaieSKCaRIvN8xo4ZXVSsbtQB/QR/wdX/8FZv2SX/4J9+M/wBiD4LfHH4afGf42/tD+L/h3Y+KtC+FfjHQfHkXw1+Hvw78deH/AIn6vrPjLWfC99qmleHdW1bXvB3hnw5pXhnUru217U7DWtT1WGwOmadcXLAH8zX/AAbff8Eg/jt+29+2j8D/ANpTxJ4D8Q+GP2QP2cfiT4c+Lnin4o69pl/pfh34i+Lfhrrtt4g8K/C34fXlzapB4x1LUPF+l6WvjltKmbT/AAv4St9Y/tXUrLXdQ8N6XrIB9J/8HiX7aniL40f8FENB/ZE0nXb4fDH9kH4eeGF1Lw3HIyaZd/Gn4t6HYfEDxJ4klEeyO/ntPh3rPw48OWP2gXDaLc2fiWKzkgfWNVicA7H/AIN99V/4Ko/sb/sSftK/tgfsHf8ABNrwH+07pvxQ8Wiw174u+O/izpdj4hn8FfBLRtRmvPCfw0+B9hrXhbx34ti0fxF4h8SXuuah4e1+6vvGmr/2Z4Y0DwzqGreEJHlAP1+/4Jv/APB4p8Kf2gvi74W+CH7cnwJ039mq+8cazovhbwv8afAfiq+8S/C208U61fx6ZbWvxH0HxLaWWv8Aw88OyXc0ER8XQ674x07S5J/O8SwaFolne6/bgH9r1ABQAUAFABQAUAf57PhD/leXu/8AsavG/wD66w8QUAf6E1ABQAUAFABQAUAf5Nn/AAdjfs7Tfs/f8FiPiH4/0eC503Rv2l/hp8LPj/os9pG9tbWmuxaZP8LPFa2V5DHEP7Sm8VfC6+8VagFnkvILnxLFdOYoru1FAH+mv+wD+0VB+1v+xH+yl+0qlzFdX3xn+Avwy8ceIvJ2FLTxnqfhbTR460o+X+783RfGUOu6RP5fyCexkCfKBQB9eUAFABQAUAFABQAUAFABQAUAFABQAUAFABQAUAFABQAUAFABQAUAFABQAUAFABQAUAFABQAUAFABQAUAFABQAUAFABQAUAFABQAUAf/R/v4oAKACgAoAKACgAoAKACgD+M3/AIPXv+TAv2Yf+zrrf/1VnjygD+tH9nj/AJIB8Df+yPfDP/1C9EoA9hoAKACgAoAKACgAoA/zYv8Ag9w/5PS/Y5/7Ne1v/wBWv4noA97/AODG3/kcv+Ck/wD2LP7Kf/p1/aDoA/0IqACgD4g0j/gpb/wT9139oLVv2U9L/bF/Z6uv2idE1+TwlffCY/E7wzb+Kn8YQTS2134L06C5vobTWfGmn3cM9lqng/Rru/8AEmlXtvc2Wo6XbXVvPEgB9v0Af5xf/BVb/gm14ItP+Doj9ib4X/sr+E7Pw/8A8NH6v+zv+1f8V/CvhGzay0rwRqHhr4xeO7r4z+NLPTtLtY7XQrTUPBPwau/iJfxxyxfavFmp6xesbIavZtKAf6OlABQAUAFABQAUAFAH+ex/wUw/5XC/2Hf+xr/Y0/8AQ9RoA/0J6ACgAoAKACgAoAKACgAoA/hh/wCD4P8A5IJ+wJ/2V741f+oZ4KoA/nv/AODWf9kX9m39tL/go745+E37U3wi8L/Gn4caX+yj8S/HFh4R8XDUW0u28WaP8R/g1pGma2i6Zf6dObuz03xDrNpEHnaHyr+fdEzhHQA/0dfhp/wRd/4JP/CLXLTxL4F/4J9/suWevWDeZp+p698LNA8cXOnThldLvTz45g8RpY30TKDBf2iQXkGWEM6KzbwD9K9M0vTNE06y0jRtOsdI0nTbaKz07TNMtLew06wtIECQWtlZWscNta20KAJFBBEkUaAKiqAAwB/jd/8ABxNBrdt/wWn/AG/o/EHmfb2+LGgTwebG8Tf2JdfC/wABXPhrCv8AMY/+Ecm0ryZB8k0Plyx/u3SgD/Q//wCDWCC1i/4IZ/sbyW6hZbnVf2lJ74gAF7pf2p/jTbIzEcswsrezTLc7VC/dVaAP8zn/AILB/DXR/hF/wVN/4KB+AfD1nBpugaT+1l8a7/Q9MtY0itNK0fxP431bxVpmlWcMaqkNlpllrcFhZxAfura3ijLOVL0Af6zH/BFT4s+IPjd/wSd/YB+Iniq81PUvEd9+zT8PPDetatrVxPeavrWofD3T2+HlxrupXt08l1f32uP4WOrXOoXMstxfzXjXk0jyTs7AH6g0AFABQAUAFAH+ez4Q/wCV5e7/AOxq8b/+usPEFAH+hNQAUAFABQAUAFAH8Mn/AAe4fs3/ANu/Af8AYy/az02ykNz8N/ih42+A/iu5trfzGm0j4r+G4vHHhOfU5UieSGy0TVfhX4js7OWSWK2W+8Xtbvvuby1WgD7m/wCDPT9pH/hcH/BKm6+DGo3/AJ2u/srfHb4g+ALWxkk825i8C/EKS0+L/hq/diWdbW48S+M/Huj2Ubn91H4eeGMLbxwKoB/VrQAUAFABQAUAFABQAUAFABQAUAFABQAUAFABQAUAFABQAUAFABQAUAFABQAUAFABQAUAFABQAUAFABQAUAFABQAUAFABQAUAFABQB//S/v4oAKACgAoAKACgAoAKACgD+M3/AIPXv+TAv2Yf+zrrf/1VnjygD+tH9nj/AJIB8Df+yPfDP/1C9EoA9hoAKACgAoAKACgDiviR4h8U+Evh9428UeB/AGp/Fbxn4e8K67rXhT4ZaLr3hnwvq/xA8Q6bptzd6P4O0zxL4z1PRfCOgX3iO/ig0q11jxNq+m6Fp010l3ql9bWcU0qgH+d7/wAFrv8Agmr/AMF8/wDgr7+1boXx7l/4JkR/BrwR8PvhlpXwn+HXgJ/2vv2OvF+rRaJp/iLxJ4o1DxD4k1+P41aFa3Ova9rHie6Mtpp+mQWGl6XZaVpkc2o3FrdatqAB6J/wQu/YJ/4L0/8ABHP45/FTxvqf/BLuT42fC744eCdE8I+PfCWmfthfsb+DvE+maj4U1i51fwn4r8Patd/GrXdOvJdLTVfEWm3ugahaWcOp2+ti4j1nTptOSO9AP9AnwLrXiDxL4I8HeIvFvg3Ufhz4q1/wr4e1rxN8PdX1fQPEGreBPEGq6RZ32s+DdT17wpqOr+Ftb1HwvqM9zol7q/hrVtU0DUrmxlvNH1G906a2uZQDqqAP8r7/AIKSf8GtX/BTn4TftG/FPxn+zL8Nn/av+CPjPx94p8a+C/F/gnxj4WsPiNoem+IdXutetdD8e+DPGXiTRvEc/ifSXvJtPm1zwu/ijStbNjHrMl3pN7qf9h24B+x3/BL29/4O9/hR4Q0r4GXnwY+FGu/DKxgg0fw58Sf+CifiOw1nVPhjpsiRRWsVrq/w3+LVj8cPFmmaVDG7WVjr3hv4gjTLdYtKtDZafFY6bEAf0p/sBf8ABMeP9mP4nfFL9sP9pX4sXH7Vv/BQr9oPTdP0r4t/tD6p4c0/wt4e8JeD9Ph0+PTfg18BvA9irW3w/wDhZoqaVpUEwEr654wutIstY12S12Wuj6eAfrBQAUAFABQAUAFABQB/nsf8FMP+Vwv9h3/sa/2NP/Q9RoA/0J6ACgAoAKACgAoAKACgAoA/gp/4Pg/iL4RPgz9gH4Tw63ptx46XxT8cviBfeHYLyGXVtL8KjR/h94e07V9SsEZriysdb1WXUbTR7q5WKLUJtC1mO0MzadeeQAfj3/wZ7/Ebwj4E/wCCvB0XxRrenaNffFT9l/4wfDnwXHqN5BZnWvFw8R/DXx9Folh55UXWo3Hh7wH4iureziPnzrZS+SHdQjAH+q1QAUAf50//AAeL/wDBMLx/o3xp8O/8FPPhb4W1DxB8MvH3hbwl8NP2k7nSLS4v5/AfxA8IWyeGfAHj3xEtvCxsPCXjLwdD4c8CR6rKP7O0nxL4T0zT9QvIbzxloNrcAH7ff8GgPxw8PfEr/gkZo3wusNRjl8Sfs6/HP4ueBvEOkPtS7sbLxvro+L+g6iItxd9N1QePdUtrS8YKk1/o+sWiAtYSNQB/Cf8A8FMvhh8Qv25v+C6v7Y/wi/Zk8N3fxW8f/Fb9sf4hfD7wPpPhoxXdvqmo+H9ck8Lapqc2pQu+n2PhnRToOparrvie8uItF0fQLC+13Ur22061uLhAD/Wt/Yr/AGbdI/Y8/ZH/AGb/ANlvRb6LV7T4D/BrwB8NLrXIIXtovEet+GfD1lZeJfFC20hZ7Y+J/ES6pr72xOLd9SaFQqoqqAfTtABQAUAFABQB/ns+EP8AleXu/wDsavG//rrDxBQB/oTUAFABQAUAFABQB+MX/Bwj+zf/AMNQf8Eff22fBNpZSXniHwN8L2+PHhU21v8AatQi1f4Catp/xWvoNMgEU0kt7rfhjwv4h8MrFBGbmeDXJ4LfE0qFQD+On/gyo/aR/wCEG/bW/aa/Zh1K/wDs2k/tAfArS/H+h28smY7zx18CvE+20sLSIn5bq68E/Ezxxqk8kajzLbw6BOW8m3CgH+lnQAUAFABQAUAFABQAUAFABQAUAFABQAUAFABQAUAFABQAUAFABQAUAFABQAUAFABQAUAFABQAUAFABQAUAFABQAUAFABQAUAFABQB/9P+/igAoAKACgAoAKACgAoAKAP4zf8Ag9e/5MC/Zh/7Out//VWePKAP60f2eP8AkgHwN/7I98M//UL0SgD2GgAoAKACgAoAKACgAoAKACgAoAKACgAoAKACgAoAKACgAoAKAP8APY/4KYf8rhf7Dv8A2Nf7Gn/oeo0Af6E9ABQAUAFABQAUAFABQBFcQR3ME1tMHMVxFJBKEkkhcxyo0bhJoWSaJyrHbJE6SIcNGyuAaAPwl8Tf8Gzn/BFDxrrV74k8Zfse6/4t8Rak6yajr/ib9rH9tTXtav5EUIr3uq6r+0Zd3106oqorT3EjKoCg4HygGRa/8Gvn/BDKxura+sf2IrizvbO4hurO8tf2n/2yLe6tbq3kWa3uba4i/aFSWC4glRZYZonSSKRFdGVlU0Afs18Cfgb8Nv2bPhP4Q+CXwh0zXtG+HHgS31O08MaX4n8e+P8A4na3ZW2r63qfiK9hvPHHxR8T+MvHetp/amsXzWf9u+JNSOmWLW2j6abTSNP06xtwD1ygDE8S+GfDfjTw9rfhHxh4f0TxZ4U8TaVfaF4k8MeJdKsNd8PeINE1S2ks9T0fW9F1SC603VtK1G0mltb7T7+2ntLu2lkguIpInZKAPxEtP+DeP9grwD438eeOP2XvF37X37DsvxSt47T4k+F/2OP2qfiV8HPBfjO1jmvZ47PU/D4uNfis9Ot5NSvv7M0nQptH0nQI7q5g8O2OlQXNxG4B9j/sK/8ABKj9hD/gnDp+rr+yh8B9C8FeLPE1qbPxf8VNf1HWPHfxb8WW7zQ3Vxaav8QvF99q/iC20e7vbe31C48M6FcaN4VfUYIr9dDW8QTqAfofQAUAFABQAUAFAH+ez4Q/5Xl7v/savG//AK6w8QUAf6E1ABQAUAFABQAUAY/iLQNI8V+H9c8LeILGHU9B8S6Pqega3ptyoe21HSNZsp9O1KxuEPDw3dlcT28qnhkkYHrQB/jv/wDBPbxBq/8AwSz/AOC9vwd8N+JtQurCD9n/APbd8Tfsz+PNX1AG1WTwN4l8XeJP2ePF3iS9jKQRXGnnwl4mvPFdvIkX2e4hitb6xBzaOoB/scUAFABQAUAFABQAUAFABQAUAFABQAUAFABQAUAFABQAUAFABQAUAFABQAUAFABQAUAFABQAUAFABQAUAFABQAUAFABQAUAFABQAUAf/1P7+KACgAoAKACgAoAKACgAoA/jN/wCD17/kwL9mH/s663/9VZ48oA/rR/Z4/wCSAfA3/sj3wz/9QvRKAPYaACgAoAKACgAoAKACgAoAKACgAoAKACgAoAKACgAoAKACgAoA/wA9j/gph/yuF/sO/wDY1/saf+h6jQB/oT0AFABQAUAFABQAUAFABQAUAFABQAUAFABQAUAFABQAUAFABQAUAf57PhD/AJXl7v8A7Grxv/66w8QUAf6E1ABQAUAFABQAUAFAH+TV/wAHYv7O037P3/BYn4iePtHgudM0b9pb4a/Cz9oDRJ7SN7a2tNdj0yf4W+KxZXkKRD+0pvFnwvv/ABTfhZnvILnxJFdOY4rq1FAH+mz+wD+0VB+1v+xH+yl+0qlzFdX3xn+Avwy8ceIvJ2FLTxnqfhbTR460o+X+783RfGUOu6RP5fyCexkCfKBQB9eUAFABQAUAFABQAUAFABQAUAFABQAUAFABQAUAFABQAUAFABQAUAFABQAUAFABQAUAFABQAUAFABQAUAFABQAUAFABQAUAFABQB//V/v4oAKACgAoAKACgAoAKACgD+M3/AIPXv+TAv2Yf+zrrf/1VnjygD+tH9nj/AJIB8Df+yPfDP/1C9EoA9hoAKACgAoAKACgAoAKACgAoAKACgAoAKACgAoAKACgAoAKACgD/AD2P+CmH/K4X+w7/ANjX+xp/6HqNAH+hPQAUAFABQAUAFABQAUAFABQAUAFABQAUAFABQAUAFABQAUAFABQB/ns+EP8AleXu/wDsavG//rrDxBQB/oTUAFABQAUAFABQAUAfwx/8HuH7N39u/An9jH9rTTLKQ3Hw4+J/jf4DeLLq2g8xptJ+KvhuLxx4Sm1KVYmeGy0TVPhZ4ltLOV5YrZb3xc1u+64vLZWAPuf/AIM9P2kf+Fwf8Eqbr4Majf8Ana7+yt8dviD4AtbGSTzbmLwL8QpLT4v+Gr92JZ1tbjxL4z8e6PZRuf3Ufh54YwtvHAqgH9WtABQAUAFABQAUAFABQAUAFABQAUAFABQAUAFABQAUAFABQAUAFABQAUAFABQAUAFABQAUAFABQAUAFABQAUAFABQAUAFABQAUAf/W/v4oAKACgAoAKACgAoAKACgD+M3/AIPXv+TAv2Yf+zrrf/1VnjygD+tH9nj/AJIB8Df+yPfDP/1C9EoA9hoAKACgAoAKACgAoAKACgAoAKACgAoAKACgAoAKACgAoAKACgD/AD2P+CmH/K4X+w7/ANjX+xp/6HqNAH+hPQAUAFABQAUAFABQAUAFABQAUAFABQAUAFABQAUAFABQAUAFABQB/ns+EP8AleXu/wDsavG//rrDxBQB/oTUAFABQAUAFABQAUAfjB/wcJfs3/8ADUH/AAR9/bY8FWlk954i8C/DBvjz4VNvB9pv4tW+Amraf8Vb+HTYRFNJLe634W8MeIvDKxQRm5nh1yeC2xPLGVAP46/+DKj9pH/hBv21v2mv2YdSv/s2k/tAfArS/H+h28smY7zx18CvE+20sLSIn5bq68E/Ezxxqk8kajzLbw6BOW8m3CgH+lnQAUAFABQAUAFABQAUAFABQAUAFABQAUAFABQAUAFABQAUAFABQAUAFABQAUAFABQAUAFABQAUAFABQAUAFABQAUAFABQAUAFAH//X/v4oAKACgAoAKACgAoAKACgD+M3/AIPXv+TAv2Yf+zrrf/1VnjygD+tH9nj/AJIB8Df+yPfDP/1C9EoA9hoAKACgAoAKACgAoAKACgAoAKACgAoAKACgAoAKACgAoAKACgD/AD2P+CmH/K4X+w7/ANjX+xp/6HqNAH+hPQAUAFABQAUAFABQAUAFABQAUAFABQAUAFABQAUAFABQAUAFABQB/ns+EP8AleXu/wDsavG//rrDxBQB/oTUAFABQAUAFABQAUAY3iPw/o/izw9rvhXxDYw6noHiXRtU8P65ptyoe31HR9Zsp9O1OxuEPDw3dlcT28qnhkkYHrQB/jv/APBPXxDrH/BLX/gvX8HPDfifULqwg/Z//bc8Tfsz+PdWvwbVJPA/iXxb4j/Z48X+JL2Mx28Vxp//AAifia98VQSJD9nuIYrW+sVObR1AP9jmgAoAKACgAoAKACgAoAKACgAoAKACgAoAKACgAoAKACgAoAKACgAoAKACgAoAKACgAoAKACgAoAKACgAoAKACgAoAKACgAoAKAP/Q/v4oAKACgAoAKACgAoAKACgD+M3/AIPXv+TAv2Yf+zrrf/1VnjygD+tH9nj/AJIB8Df+yPfDP/1C9EoA9hoAKACgAoAKACgAoAKACgAoAKACgAoAKACgAoAKACgAoAKACgD/AD2P+CmH/K4X+w7/ANjX+xp/6HqNAH+hPQAUAFABQAUAFABQAUAFABQAUAFABQAUAFABQAUAFABQAUAFABQB/ns+EP8AleXu/wDsavG//rrDxBQB/oTUAFABQAUAFABQAUAFAH+TR/wdh/s7Tfs+/wDBYn4jePdHguNM0b9pb4bfCz9oDRJ7SN7a3tdcTTLj4X+LPsV5DHF/xMp/Fvwv1HxRfgTSXcFz4jiunaKK6tVoA/02/wBgH9oqD9rf9iP9lL9pVLmK6vvjP8Bfhl448ReTsKWnjPU/C2mjx1pR8v8Ad+bovjKHXdIn8v5BPYyBPlAoA+vKACgAoAKACgAoAKACgAoAKACgAoAKACgAoAKACgAoAKACgAoAKACgAoAKACgAoAKACgAoAKACgAoAKACgAoAKACgAoAKACgD/0f7+KACgAoAKACgAoAKACgAoA/jN/wCD17/kwL9mH/s663/9VZ48oA/rR/Z4/wCSAfA3/sj3wz/9QvRKAPYaACgAoAKACgAoAKACgAoAKACgAoAKACgAoAKACgAoAKACgAoA/wA9j/gph/yuF/sO/wDY1/saf+h6jQB/oT0AFABQAUAFABQAUAFABQAUAFABQAUAFABQAUAFABQAUAFABQAUAf57PhD/AJXl7v8A7Grxv/66w8QUAf6E1ABQAUAFABQAUAFABQB/DD/we4/s3f258C/2Mf2tNMsnNx8Ofib43+Aviy6t4PMabSvip4bi8c+EJtRlWJ3hstF1T4W+J7WzleSK3W98WtA++4vLZaAPun/gz0/aR/4XB/wSpuvgxqN/52u/srfHb4g+ALWxkk825i8C/EKS0+L/AIav3YlnW1uPEvjPx7o9lG5/dR+HnhjC28cCqAf1a0AFABQAUAFABQAUAFABQAUAFABQAUAFABQAUAFABQAUAFABQAUAFABQAUAFABQAUAFABQAUAFABQAUAFABQAUAFABQAUAFAH//S/v4oAKACgAoAKACgAoAKACgD+M3/AIPXv+TAv2Yf+zrrf/1VnjygD+tH9nj/AJIB8Df+yPfDP/1C9EoA9hoAKACgAoAKACgAoAKACgAoAKACgAoAKACgAoAKACgAoAKACgD/AD2P+CmH/K4X+w7/ANjX+xp/6HqNAH+hPQAUAFABQAUAFABQAUAFABQAUAFABQAUAFABQAUAFABQAUAFABQB/ns+EP8AleXu/wDsavG//rrDxBQB/oTUAFABQAUAFABQAUAFAH4v/wDBwp+zf/w1B/wR8/bY8F2lk954i8CfDI/HrwqbeD7Tfw6r8BdWsPinqMOmwiKaSS91rwp4Z8R+Gligja4mh1uaC32zSo1AH8dn/BlR+0j/AMIN+2t+01+zDqV/9m0n9oD4FaX4/wBDt5ZMx3njr4FeJ9tpYWkRPy3V14J+JnjjVJ5I1HmW3h0Cct5NuFAP9LOgAoAKACgAoAKACgAoAKACgAoAKACgAoAKACgAoAKACgAoAKACgAoAKACgAoAKACgAoAKACgAoAKACgAoAKACgAoAKACgAoA//0/7+KACgAoAKACgAoAKACgAoA/jN/wCD17/kwL9mH/s663/9VZ48oA/rR/Z4/wCSAfA3/sj3wz/9QvRKAPYaACgAoAKACgAoAKACgAoAKACgAoAKACgAoAKACgAoAKACgAoA/wA9j/gph/yuF/sO/wDY1/saf+h6jQB/oT0AFABQAUAFABQAUAFABQAUAFABQAUAFABQAUAFABQAUAFABQAUAf57PhD/AJXl7v8A7Grxv/66w8QUAf6E1ABQAUAFABQAUAFABQBjeI/D2j+LfD2veFfENjDqmgeJtG1Tw9rmmXK77fUdH1qxn03U7G4U5DQ3dlcz28qkcpIw5zQB/jvf8E8/EOsf8Etf+C9Xwb8OeKNQudPh+AH7bnib9mfx9q1+Dao/gjxL4t8R/s8eMPEd7GUgin08eFPE194pgdIzBPDDa31kDi0egD/Y6oAKACgAoAKACgAoAKACgAoAKACgAoAKACgAoAKACgAoAKACgAoAKACgAoAKACgAoAKACgAoAKACgAoAKACgAoAKACgAoAKAP//U/v4oAKACgAoAKACgAoAKACgD+M3/AIPXv+TAv2Yf+zrrf/1VnjygD+tH9nj/AJIB8Df+yPfDP/1C9EoA9hoAKACgAoAKACgAoAKACgAoAKACgAoAKACgAoAKACgAoAKACgD/AD2P+CmH/K4X+w7/ANjX+xp/6HqNAH+hPQAUAFABQAUAFABQAUAFABQAUAFABQAUAFABQAUAFABQAUAFABQB/ns+EP8AleXu/wDsavG//rrDxBQB/oTUAFABQAUAFABQAUAFABQB/kz/APB2F+ztN+z7/wAFiviR480eC40zRv2lfhv8Lf2gdDmtI3tre11saXP8MPFhsryFY/8AiYz+L/hhqfii+2ytdwXPiKK5cpHdWooA/wBNz9gH9oqD9rf9iP8AZS/aVS5iur74z/AX4ZeOPEXk7Clp4z1Pwtpo8daUfL/d+bovjKHXdIn8v5BPYyBPlAoA+vKACgAoAKACgAoAKACgAoAKACgAoAKACgAoAKACgAoAKACgAoAKACgAoAKACgAoAKACgAoAKACgAoAKACgAoAKACgAoAKAP/9X+/igAoAKACgAoAKACgAoAKAP4zf8Ag9e/5MC/Zh/7Out//VWePKAP60f2eP8AkgHwN/7I98M//UL0SgD2GgAoAKACgAoAKACgAoAKACgAoAKACgAoAKACgAoAKACgAoAKAP8APY/4KYf8rhf7Dv8A2Nf7Gn/oeo0Af6E9ABQAUAFABQAUAFABQAUAFABQAUAFABQAUAFABQAUAFABQAUAFAH+ez4Q/wCV5e7/AOxq8b/+usPEFAH+hNQAUAFABQAUAFABQAUAFAH8L/8Awe4/s3f238Df2MP2tNMsnNx8OviZ43+Aviy6t4PMabSvil4ci8deD5dRlWNnhs9F1P4X+KbW0leSO3W98WGB99xeWwoA+6/+DPT9pH/hcH/BKm6+DGo3/na7+yt8dviD4AtbGSTzbmLwL8QpLT4v+Gr92JZ1tbjxL4z8e6PZRuf3Ufh54YwtvHAqgH9WtABQAUAFABQAUAFABQAUAFABQAUAFABQAUAFABQAUAFABQAUAFABQAUAFABQAUAFABQAUAFABQAUAFABQAUAFABQAUAFAH//1v7+KACgAoAKACgAoAKACgAoA/jN/wCD17/kwL9mH/s663/9VZ48oA/rR/Z4/wCSAfA3/sj3wz/9QvRKAPYaACgAoAKACgAoAKACgAoAKACgAoAKACgAoAKACgAoAKACgAoA/wA9j/gph/yuF/sO/wDY1/saf+h6jQB/oT0AFABQAUAFABQAUAFABQAUAFABQAUAFABQAUAFABQAUAFABQAUAf57PhD/AJXl7v8A7Grxv/66w8QUAf6E1ABQAUAFABQAUAFABQAUAfi7/wAHC37N/wDw0/8A8EfP21/BlnZPeeIvAXwz/wCF9+FTBB9pvodV+Auraf8AFLUotOhEUzyXms+E/DXiXw2sUMbXE0OtzQW+2aVGoA/ju/4MqP2kf+EG/bW/aa/Zh1K/+zaT+0B8CtL8f6HbyyZjvPHXwK8T7bSwtIiflurrwT8TPHGqTyRqPMtvDoE5bybcKAf6WdABQAUAFABQAUAFABQAUAFABQAUAFABQAUAFABQAUAFABQAUAFABQAUAFABQAUAFABQAUAFABQAUAFABQAUAFABQAUAFAH/1/7+KAP56v2s/wDg4D+Gnw8/bI8Pf8E5/wBhj4B+Iv8AgoD+2vrHiK98K694L8IfEDQ/hf8ACT4da5pNlcap4l0vxl8X9W0bxXanV/BWj2Wo6v42ttI8OXui+Fo9M1DR/EPifR/EtjqGjWQBxejf8HC2m/s+/tjaP+wz/wAFWv2WNQ/YC+KHi+w0HU/h58WtL+L+jfHb9nHxjpHia5u9O0LxDf8Aj608JeANU8GaBqmuWF/4dGrXega7pXh7WLC/j8dan4StrK9uLUA/pHR0kRZI2V0dVdHRgyOjDKsrLlWVgQVYHBHIzmgB1ABQAUAfhh+2X/wcS/8ABND9jzxwvwci+I/in9qL9oC41SLw7ZfA39kfw3D8ZfF7+Kry6TTdP8K3muWmqaT4As/E9zq0qabL4UHi648ZWl1uhl8NNctBBOAfR37F/wC1/wDt4/tPeNY7/wCMP/BM3xF+xh8AJtD1LUdP8dfGr9orwXrfxm1zVAIBomlJ+z74Q8G3GqeFIrhnuG1a68aeMtGvbBYFS10jUPMWVgD8Dv8Ag9e/5MC/Zh/7Out//VWePKAP60f2eP8AkgHwN/7I98M//UL0SgD2GgAoAKACgAoAKACgAoAKACgAoAKACgAoAKACgAoAKACgAoAKAP8APY/4KYf8rhf7Dv8A2Nf7Gn/oeo0Af6E9ABQAUAFABQAUAFABQAUAFABQAUAFABQAUAFABQAUAFABQAUAfwWft6f8Hdf7Tf7Iv7aP7UP7L/hj9kr4EeLfD3wE+Nvj/wCFmjeJ9e8V/EC11nXtO8H6/d6Pa6pqltp95HYwXt5FbLNcRWiLAkjERgKBuAP5f9L/AOC1PxZ0v/gsZL/wWPj+DPw7l+KcupaxqR+D76x4kHw/Emsfs33v7NssQ1dZz4i2Q6BfP4jjPn5bV0W3bFkWSgD/AGTbaUz28ExAUzQxSlR0UyIrkDPOATgZoAmoAKACgAoAKACgAoAKAMXxJ4e0fxd4d1/wp4isYdU8P+J9F1Tw9rumXK77fUdH1qxn03U7GdTkNDd2VzPbyqRykjDnNAH+O9/wTy8Raz/wS2/4L0/Bvw74p1C50+L4Aftt+Jf2Z/H+q3w+yxv4J8SeLfEf7PHjHxFeR7IIrjT18K+Jr7xTA6RmCeKG1vrEH/RnoA/2O6ACgAoAKACgAoAKACgAoAKACgAoAKACgAoAKACgAoAKACgAoAKACgAoAKACgAoAKACgAoAKACgAoAKACgAoAKACgAoAKAP/0P6YP+C+f7fOu/8ABOn/AIJk/HH42eAtWbRPjL4zk0X4H/A7VY0VptJ+JPxLN7b/APCS2bOHij1PwR4I0vxp470bz4Lm2m1jwxYW1zbyW88ooA/ii/4MwvClv4v/AOCo/wAdfHuv79W1Xwf+xz8RdVsNQv5Hur6PxL4r+MPwV0e61hrqcyTSXtxot14js7id5DNMuqTmSRt7hgD7l/4PkPBemwa1/wAE3viLb20Saxqml/tSeC9WvAgE9zpug3fwG1zw9bNIF3NFZXXiPxPKiOxCPfuY1BeQsAfsX/waff8ABQPxL+2X/wAE55/g/wDE3X5/EPxZ/Yt8U6Z8HrnVb+4lvNY1n4O6zozat8FtX1i5mkdpLrTbLTvFnw5tTt3y6T8OtNvLqa5v7u8mcA/qFoAKAP8ANp/4OQP+Di74j/GD4kfEX9gb9hfx9rHgL4EeAdV1/wCH/wAevjJ4O1MWHiL46eKNOuJdI8TeCvCPiPTZje6T8H9FuoLzRdSv9HvLa5+J1yL+OW5k8BG3h8TgH7/f8G2H/BET4d/sIfs3eBf2rfjl4J8P+JP20vjx4Y0nx1BrGuaTBf6h+z58O/FeixXnh34c+EJNRgebQPGeo6HqX2z4pa5p8dlqEuo6jL4GS5udF8Om91wA/qYoA/jN/wCD17/kwL9mH/s663/9VZ48oA/rR/Z4/wCSAfA3/sj3wz/9QvRKAPYaACgAoAKACgAoAKACgAoAKACgAoAKACgAoAKACgAoAKAPg7/gpL/wUG+DH/BMf9k3x7+1Z8a477WNL8OTaf4c8E+A9FubS08R/E74k+IvtCeFvAmgXF7m2tZr77Jf6vrWqSRXY0DwpoviHxD/AGfqX9lDT7oA/wA/DWP+DnP/AIL3/tnfEDxS/wCxV8LYfD+g6Czai/w7/Zv/AGWrv9onWfDPh2SW6m06bxrrvijwv8T9SuLuSzsrlLzW7fSfCWlXz2l9dWOiaWkbQW4B+a3wv/4KYfGL4qf8Fqf2P/21f+CjWrQ6D4x+D3xz+CHhv4y62ngCH4fXnhfwt8PPFK6Xe6l4o8E2NrpyaZqHhazv7q48Q29ppNhdi102UJpb6grJcAH+xFa3VtfW1ve2VxBeWd5BDdWl3azR3FtdW1xGssFxbzxM8U0E8TrLDNE7xyRsrozKVNAE9ABQAUAFABQAUAFABQAUAFABQAUAFABQAUAFABQAUAFABQB/ijf8Frf+UuH/AAUa/wCzv/jh/wCpvqlAH5gUAf79th/x42X/AF6W3/olKALdABQAUAFABQAUAFABQAUAf5Mv/B2B+ztN+z5/wWK+JPjvR4LjS9F/aU+HPwt/aC0Oa0R7aC21s6XP8MfFps7uGOLGoz+Mfhhqnie+Ale7gufEUVwzJFc2pcA/03v2Af2ioP2t/wBiP9lL9pVLmK6vvjP8Bfhl448ReTsKWnjPU/C2mjx1pR8v935ui+Modd0ify/kE9jIE+UCgD68oAKACgAoAKACgAoAKACgAoAKACgAoAKACgAoAKACgAoAKACgAoAKACgAoAKACgAoAKACgAoAKACgAoAKACgAoAKACgD/0fd/+D3vxjqFj+y9+w38P47qZNK8T/Hv4keMb2yUn7Pcah4F+HllommXUo6GaztviJq0UBJyEvrjGctQB+YX/Bkx/wAn/ftWf9me3f8A6un4VUAfdn/B8j/yJH/BNv8A7Gr9qj/00fAGgD5d/wCDITxbqdn+07+3N4FinnXRvEfwH+Gni2/tlz9ml1PwX8QdR0fSZ5eMefb2vj7Wo7fJB8u6usA/MVAP9HSgD8l/+C6H7VuvfsYf8EpP2yvjl4Pv77SvHkPw0i+GvgDV9LuHs9W0Lxl8afEWi/CPRfFOk3UckT22p+DZPGcnjGynV90U+gq6JK6rE4B/kZf8E/v2dPiR+1t+2p+zZ+z78JdI8AeIPiB8RPipoEejaT8Wf7af4X3kHht5vGOv/wDCxovDbJ4juvBEPhzw9q9z4ps/D7x67faLFe2mkSx6hPbugB/Z3/wVD/4Klf8AByH/AMEcfin8PdY/aI8c/se/GD4QfFgar/wr7WPh98Gbm4+Edxqnh6aGbV/BOtyy23w++KXhrxXa6beWV9Fp934pv7DU9GnNzoOvapd6X4gTSwD+jv8A4Ikf8Fr/AIU/8Fhfg34t1W18JQ/B/wDaH+D8+jWPxg+Dz69HrtobLW7Zv7G+IvgLUpYLLUNU8C6/f2mp6c9tf2a6v4S1myfRtZlvba70DxB4iAPyH/4PYjIP2Bf2W9gyp/azgE3tH/wqX4hEEcHnzhEO3B6nkUAfnD8Pv2uP+DyCy8BeCLPwR8APFFz4LtPCHhq28IXCfs9/s7XK3HheDRrKLQJluLqP7TOsukraSCa4/fyhvMm/eM1AHX/8Ng/8HpH/AEbz4q/8R0/Zv/8AjdAB/wANg/8AB6R/0bz4q/8AEdP2b/8A43QAf8Ng/wDB6R/0bz4q/wDEdP2b/wD43QAf8Ng/8HpH/RvPir/xHT9m/wD+N0AH/DYP/B6R/wBG8+Kv/EdP2b//AI3QAf8ADYP/AAekf9G8+Kv/ABHT9m//AON0AH/DYP8Awekf9G8+Kv8AxHT9m/8A+N0AH/DYP/B6R/0bz4q/8R0/Zv8A/jdAB/w2D/wekf8ARvPir/xHT9m//wCN0AH/AA2D/wAHpH/RvPir/wAR0/Zv/wDjdAB/w2D/AMHpH/RvPir/AMR0/Zv/APjdAB/w2D/wekf9G8+Kv/EdP2b/AP43QAf8Ng/8HpH/AEbz4q/8R0/Zv/8AjdAB/wANg/8AB6R/0bz4q/8AEdP2b/8A43QAf8Ng/wDB6R/0bz4q/wDEdP2b/wD43QAf8Ng/8HpH/RvPir/xHT9m/wD+N0AH/DYP/B6R/wBG8+Kv/EdP2b//AI3QAf8ADYP/AAekf9G8+Kv/ABHT9m//AON0AH/DYP8Awekf9G8+Kv8AxHT9m/8A+N0Afgn/AMFr/wBpr/gtP8V5fgP8M/8AgrhoHiPwDHoCeMvHXwf8I33gDwF8PNN1p9VbRtA8Q+I57b4exx2PiG+0ldNttM0+fWHnu/D8Gq6pHpq2sPiDUDegH2//AMEwPF//AAcsfs2/sl+C9N/4J0fsy3o/Zu+JN3qXxO0DxlpHwP8AgZ4quviJea/cNbT+JdV8V+KWuPEmtSwRafFodgmpzKNJ03S7bS7a2torYpQB+Lf/AAVb8S/t5+NP2x/F3i//AIKTeBT8P/2rfEPhPwNd+LtKl8F+DfAl5qPh6z0KLR/B2s3+jeBY49EmurjQtMtrNdSbffXNrYW0Vy5FvEqAH9BH7EH7bX/B19rf7JnwHf8AZI+GfjH4k/s16J4C0/wT8GvGdx8E/gl4pl1XwV8Pbi78CWFufEXi6FfEmsposvhyfQotQ1bzLm4i01HE9xCY7iUA+qf+Gwf+D0j/AKN58Vf+I6fs3/8AxugA/wCGwf8Ag9I/6N58Vf8AiOn7N/8A8boAP+Gwf+D0j/o3nxV/4jp+zf8A/G6AD/hsH/g9I/6N58Vf+I6fs3//ABugA/4bB/4PSP8Ao3nxV/4jp+zf/wDG6AD/AIbB/wCD0j/o3nxV/wCI6fs3/wDxugA/4bB/4PSP+jefFX/iOn7N/wD8boAP+Gwf+D0j/o3nxV/4jp+zf/8AG6AD/hsH/g9I/wCjefFX/iOn7N//AMboAP8AhsH/AIPSP+jefFX/AIjp+zf/APG6AD/hsH/g9I/6N58Vf+I6fs3/APxugA/4bB/4PSP+jefFX/iOn7N//wAboAP+Gwf+D0j/AKN58Vf+I6fs3/8AxugA/wCGwf8Ag9I/6N58Vf8AiOn7N/8A8boAP+Gwf+D0j/o3nxV/4jp+zf8A/G6AD/hsH/g9I/6N58Vf+I6fs3//ABugA/4bB/4PSP8Ao3nxV/4jp+zf/wDG6AD/AIbB/wCD0j/o3nxV/wCI6fs3/wDxugA/4bB/4PSP+jefFX/iOn7N/wD8boAP+Gwf+D0j/o3nxV/4jp+zf/8AG6APxR+Nf/BJj/gt3+0T8XPiN8dvjH/wS48VeMPir8WvGGuePfiD4p+y6p4f/wCEg8WeJL6XUda1X+w/C3xq0Tw5pX229nlm+w6Jo+m6bbbvLtLOCIKlAH5d2n7EX7WN3+2m/wCxfbfso6pcftTpdXtq37LYn1j+01uLL4ZT/Ey6t/OHjxNXza+AoJvHZ/4rknyIdpke2/4ljgH9d8f7Xv8AwejRRpEn7PHipUjRY0X/AIZ1/ZwOFQbVGShJwABknJ755oAf/wANg/8AB6R/0bz4q/8AEdP2b/8A43QAf8Ng/wDB6R/0bz4q/wDEdP2b/wD43QAf8Ng/8HpH/RvPir/xHT9m/wD+N0AH/DYP/B6R/wBG8+Kv/EdP2b//AI3QAf8ADYP/AAekf9G8+Kv/ABHT9m//AON0AH/DYP8Awekf9G8+Kv8AxHT9m/8A+N0AH/DYP/B6R/0bz4q/8R0/Zv8A/jdAB/w2D/wekf8ARvPir/xHT9m//wCN0AH/AA2D/wAHpH/RvPir/wAR0/Zv/wDjdAH4a/8ABaG0/wCC4/xo8O/Cj9oP/grB8AvEvg7wz8OdQ1D4U+A/iLP8MPhx4FsI7/x4kviZPC+rXHw8Ia9NwPB+pX+jNrMPkWcw1OG1nWfUzFKAf2d/8Gen7SP/AAuD/glTdfBjUb/ztd/ZW+O3xB8AWtjJJ5tzF4F+IUlp8X/DV+7Es62tx4l8Z+PdHso3P7qPw88MYW3jgVQD+rWgAoAKACgAoAKACgAoAKACgAoAKACgAoAKACgAoAKACgAoAKACgAoAKACgAoAKACgAoAKACgAoAKACgAoAKACgAoAKAP/S+w/+D1r4R6r4o/YL/Zk+MWnWj3dr8Jf2nG8Oa88Slm03R/in8PPEiRanPxhLMa94J0LSXfcD9s1iwjCMJGdAD8cv+DJmVB/wUC/aphJ/eSfsc6hKi+qQ/Gv4SJIf+AtPEOn8XagD7s/4PkpUHg7/AIJsQFv3knib9qyVF9Uh0r9nxJG/4C08Q6fxdqAPNv8Agx7+EWqTeLv2/fjzcwTQaLp3hz4I/CLRrpoW+z6nqms6n468ZeJoILjGzztDtNB8JSXUIbds8Q2bkAFTQB/oP0AfzZ/8HZXhzXNd/wCCKvx3v9HS6ktPCfxO+AHiPxGtsu5Rob/Fbw94bV7oDLfZYtb8RaLKzKPklSGR9sauygH8H3/BsO0C/wDBc39hQ3Cho/7T+P6qD2nb9lT46Lat0PKXJhce6jkZyoB/af8A8HkPgvTvEn/BJXw94iureN7/AOHv7Wnwg8R6ZclP38Dat4T+KHgu8hSUfMILi38T7poSfKklt7aR1MsEDKAfyv8A/Bnx4z1zwx/wWCsNC0qOWTTviL+zP8bfCPiYo+I4dH0+Xwd4+tp5l6Oo8Q+CdDt04yr3IIwN1AH9Fn/B69/yYF+zD/2ddb/+qs8eUAf1o/s8f8kA+Bv/AGR74Z/+oXolAHsNABQAUAFABQAUAFABQAUAFABQAUAFABQAUAFABQAUAFAH8kX/AAdxf8E0/iF+2N+yF8Nf2oPgnoGt+MPid+xhqHjTUvEvgXw7p0up6v4q+CXxGi8NHx1q+m2FnBcajqWq/DfVPBvh7xMljapsj8IXfj3UXE1xZWkEoB+Bv/BEv/g6X8Mf8E8f2T9E/Y+/ap+B/wASPix4K+Ft74hl+C/jz4Tan4Ym8Uab4c8S6vq3ie58C+LNA8Z6x4csrqw0nxLquoS6F4isPEL3NnompJojaC8OhWMt2AfjR/wUT/aw8e/8F0v+Cpdj45+Dfwim8FeI/j5r/wAJf2f/AIJfDTUNeg1XVfKtzY+D/Dd34v8AEMNra6Zb3uratqF3r2uz21sNJ8M6bcGza91K30eXWr0A/wBb79h/9l3QP2Kf2RP2d/2UvDWqy6/pnwK+FfhfwFL4imgS0k8S63ptksvifxKbNMrZDxF4ludW1pLINIbNL9bZpZmiMrgH1RQAUAFABQAUAFABQAUAFABQAUAFABQAUAFABQAUAFABQAUAFAH+ez4Q/wCV5e7/AOxq8b/+usPEFAH+hNQAUAFABQAUAFABQAUAFABQB+Lf/Bwx+zd/w0//AMEe/wBtbwbaWT3niLwD8NB8e/CrQQfab6DVPgNq9h8UdTj06ERyySXmseEfDfiXw2sUKNcTQ63NBb4mkRqAP48P+DKj9pH/AIQb9tb9pr9mHUr/AOzaT+0B8CtL8f6HbyyZjvPHXwK8T7bSwtIiflurrwT8TPHGqTyRqPMtvDoE5bybcKAf6WdABQAUAFABQAUAFABQAUAFABQAUAFABQAUAFABQAUAFABQAUAFABQAUAFABQAUAFABQAUAFABQAUAFABQAUAFABQAUAf/T/s2/b7/Y3+H/APwUA/Y/+Ov7I3xKnbTvD/xi8GzaPp/iKK0ivrvwb4y0q8tPEXgLxvY2spRbm58I+M9I0PXvsQnthqUFlPpctzDBezPQB/ntf8G8Ph3x1/wSP/4LzeMP2TP21LCH4P8AjX4ofBf4i/s86Re+ILn7L4P8UeIdY8W+AfiT8NfEnhXxLcrbabq/hz4jR/DK50rwNrKsiarquvWnh14rbxDNLpkAB9Of8HhfjzU/2s/25f2Dv2Cf2eNJ1H4v/HD4d+EfiBqN/wDDzwDD/wAJBr0fjb9obW/Alr4a8JXtnY+YbHXY/DfwqtfFF7bahJbrpHhjxDpmv6i1jpN6L1gD+uL/AIInf8E3LT/glv8AsB/DL9nTU57DUvi1rt5ffFn9oDXNMkin07UPjH41sNJh1zTdKvI0QX2i+C9E0bw94C0fUiE/tiy8Lx66be0l1WW1iAP47P8Ag7b/AOCjH7dvw0/by8Lfss/DX4yfF34AfAbwh8G/AXxC8OWfwr8X+J/htL8VfEPi2718614z8QeIfCuo6Tqviax0LUtKbwhpGi3N9Loeiaj4Zv8AULawi1e9u72UA/Xz/g3+8efG7/gsl/wRW/al/Zv/AG8/Evi34meHL/xX4+/Zp8JfG/xd5+teONa8Kah8PPCPiLSNWv8AX9Wna78b+NPhB4y1y31nSfFWsXdze3U1t4fsNYu7280i7uJwD+Pv9mv4P/GL/ghd/wAFxv2W9P8A2xfD114H0v4UfH/SLS/+IjLJa+BPGPwV8fvqvwx1P4y+DfEFyq2er+CU8KeKtQ1/UEWVNR0ZrDU/DHiG10nxLpup6baAH9jH/B4/8cvh1oH/AAS6+H3wrbxbodx42+Nv7RPw41fwX4dtNTtbjU9b8G+CvD/i3xH4i8YWNtBJI114a0u4n8MadcarHmzF/wCJtFijmdrpFUA+TP8Ag0F/4JL/ABa+BS/EP/go9+0N4N1bwDffFb4cJ8Lf2bfB3ijT59N8SXvw78Qazovinxn8WtR0W/t47zRtN8US+G/C+i/Dq6m+z32teHT4s1oWo8Oa74b1LWQD23/g9e/5MC/Zh/7Out//AFVnjygD+tH9nj/kgHwN/wCyPfDP/wBQvRKAPYaACgAoAKACgAoAKACgAoAKACgAoAKACgAoAKACgAoAKACgD8tvjp/wRN/4JQ/tI+MdS+IPxe/YU+A+ueNdbvJtS17xL4d8P3/w41XxDqlzObm71bxHcfDTVfCB8Q6teTs0l9qmtC+1C9Zm+1XMoYqwB/FT+1B+zF8Af2Qv+Drj9gj4J/s0/Czwv8HvhZo3jv8AZI1bT/BvhKC5i06PVdbvNQu9W1O4mvbm81C+1DUJwrXN7f3dzcyLHFEZfKhhRQD/AEn6ACgAoAKACgAoAKACgAoAKACgAoAKACgAoAKACgAoAKACgAoAKAP89nwh/wAry93/ANjV43/9dYeIKAP9CagAoAKACgAoAKACgAoAKACgDE8S+HdG8X+HNf8ACfiOxh1Tw94o0TVfDuu6ZcLut9R0bW7G403VLGdTw0N3ZXM9vKp6pIw70Af47v8AwTx8Raz/AMEt/wDgvR8GfDvinULjT4/gB+214l/Zn+IGq3w+yxt4K8SeLfEf7O/jLxFeRlYop9PXwt4lv/FEDohgnihtb2yBP2Z1AP8AY9oAKACgAoAKACgAoAKACgAoAKACgAoAKACgAoAKACgAoAKACgAoAKACgAoAKACgAoAKACgAoAKACgAoAKACgAoAKACgD//U/v4oA+Wv2n/2I/2Rv209A0nw1+1Z+zv8Kfjtpnh+W4m8OyfEDwnp+raz4akvE8u9bwz4kWODxF4d+2oEF6NF1WxW7MUDXAkaCEoAcX+y1/wTe/YT/Yo1HVdd/Zb/AGW/hJ8H/FOuQS2eseN9C8OjUviFqVhO8ck+mXnxC8SXGt+NptJuJoYri40p9fbTprpFupbZ7nMigH2zQB8efta/8E/v2MP27NM8M6V+1x+zn8N/jlF4Lubi58Jah4t0y5h8ReG/tpia/tNF8V6Hd6T4n07S9TeC2k1XRrbWItJ1SW1s5dQs7mSzt2QA92+DvwY+E37Pfw38LfB/4HfDrwh8KPhf4KsTp3hbwL4F0Ow8PeHNGtnmlublrbTtPihie7v7ye41DVNRnEuoatqV1danqVzdX91cXEoBx/7RH7K37Nv7W/gpfh1+038DPhf8dfBkM813YaJ8TfBuieK4tF1CeH7PLqvhy71O0m1DwzrRgHkrrXh+703VUiJjjvFUlWAPjb4O/wDBFH/glN8BvGul/EX4afsM/A2x8aaDLb3Hh3XvFOi6n8Srnwxc2U32iwuvC0PxL1fxhZ+GLvTZx5ul3Wg22n3OmP8ANYSwHNAH6jUAfxm/8Hr3/JgX7MP/AGddb/8AqrPHlAH9aP7PH/JAPgb/ANke+Gf/AKheiUAew0AFABQAUAFABQAUAfll/wAFAP8Agrj+z5/wTY1K1H7RXwj/AGtrzwRP4c0nxFc/Gb4X/s8+JvHnwP0eTWdX1TRrXwzr3xTt7uw8K6L4xW40sXE3hzUL2G/Wx1TR7qNZU1GNVAPy0/4jB/8Agj3/ANBD9pr/AMMhD/8ANnQB7Dq//B0N/wAE6PDHhPRfiD4z+G37dHgf4deI7W1vtB+Ini79knxto/gbWbK+ETWV5pPiaS/k0zU7W7S4ge2uNPmuIrhZYjCzeam4A+0f2QP+C5X/AASx/bl8T6X4B/Z//a38D3vxL1ueOz0f4Z/ELTfFHwi8c63qUxTy9I8MaR8TtD8Kx+NNWcOGSw8FXfiK4kVJmRSILgoAfrNQB+If/BQT/g4V/wCCZf8AwTj8X6n8Lvi58VPEPxN+NOhN5fiL4M/s/eHbL4ieNvC8+yNxY+LdR1HXfCvw+8J6zslilbw54j8caZ4kjt5YrqTR1tZoZnAPkj9lv/g7W/4JNftJfEDR/hx4j1f42/sw6r4gvBp+keJf2i/BHhPRPh5cahNPHDY2l/41+HnxD+JGneGFvFkDPq3jGLw74csWilS+1uBfs73AB/TfDNFcRRTwSxzwTxpNDNC6yRTRSKHjlikQskkciMHR0ZlZWDKSCDQBJQAUAFABQAUAFAH+ex/wUw/5XC/2Hf8Asa/2NP8A0PUaAP8AQnoAKACgAoAKACgAoAKACgAoAKACgAoAKACgAoAKACgAoAKACgAoA/z2fCH/ACvL3f8A2NXjf/11h4goA/0JqACgAoAKACgAoAKACgAoAKACgD/Jj/4Ov/2dpv2fP+CxfxL8daPb3Gl6L+0p8Ovhb+0HoU1oj20FtrTaXP8ADLxa1ndwpHjUbjxl8MdW8T3uJnu4LnxBFcMY4ri1oA/04P2Af2ioP2t/2I/2Uv2lUuYrq++M/wABfhl448ReTsKWnjPU/C2mjx1pR8v935ui+Modd0ify/kE9jIE+UCgD68oAKACgAoAKACgAoAKACgAoAKACgAoAKACgAoAKACgAoAKACgAoAKACgAoAKACgAoAKACgAoAKACgAoAKACgAoAKAP/9X+/igAoAKACgAoAKACgAoAKAP4zf8Ag9e/5MC/Zh/7Out//VWePKAP60f2eP8AkgHwN/7I98M//UL0SgD2GgAoAKACgAoAKACgD4//AOChHhnRfGX7BX7a/hXxFYW2p6Lr37J37Q2nahZXkENzBLDP8JfFoD+VOkkfnQSBLi2k274LmKKeIpLGj0Af4Y9AH+85D8Nfh74++Blh8J/G3gnwt4q+GPif4ZaX4L8Q/D/XND07UfCGseEb3w3baXdeG77w/cW8mmTaNLpx+x/2e1t9mS3CxxxoETaAf4hP7aPwat/2Wf20/wBqj4BeGL3Uo9P/AGfv2mPjR8LPCuqyTyxaq+kfDT4m+IvDPhrV/tUcgmjvbjTdHsNQS5SUTLLIsqurjdQB/p1/8E0/2j/27f8Ago9/wQi/Zx1D4PfEuw8KftSeNdcm/Zq+LX7S3ijUTdeJ/hx8N/A3xC1nwX41+PPhrT5bSV/HPxr/AOFS6Vo39gWuoX+kNefEvxA/jHUNdUaXKl2AfX/gX/g3m/4JBeDvhU3wt1n9jT4f/FObULK4j8VfFX4sT6z4x+OPjLWdQFw+s+K9Y+LMmoWfi7TPEes3t5daldT+EL7wzYWd5Kp0ew02C1s4bUA/y+/+C0v7Dngn/gnT/wAFJv2j/wBlT4Y6zqOt/DHwbqnhDxP8O5dau4r7XtK8IfEvwJ4a+Iel+F9bukdpbq+8InxLP4Yj1K8Ed7rthpNl4guoYZdVMagH+nj/AMG43ib4t+Lv+CLv7DesfGeXVLjxOngbxpo2gXetyXkur3fwx8OfFbx54f8AhLPdPeySytaj4b6Z4Zh0KRHMM/hqLRriEKkoSgD9u6ACgAoAKACgAoA/z2P+CmH/ACuF/sO/9jX+xp/6HqNAH+hPQAUAFABQAUAFABQAUAfjh/wVb/ag/wCCoH7HfgDxz+0T+yF+z5+yr8fv2fPhH8KL74gfFLRPiB47+J2gfHrTH8LnX9Y8da54d8NaPpll4H17wZ4f8G2Wnaz5cXi5PGM09trsVroF8kVis4B/Hx/xG5ftk/8ARmf7Mv8A4UnxT/8AmhoA/of8cft4f8HHPw5+A1v+0RqH/BL/APZA8feHI/AsHxD1v4afDX44+PNS+NGhaDJpUGt3FpceCryVZNZ8SWOnyubnwx4Nl8Va691bz2NjY3t6qW7gHw1+xt/wekfsw/FTxjofgj9sX9mvxj+zFbazfWul/wDC1/A/jNPjP8PdJmuZYo/7V8YaGfCvgvxv4b0OEvJ9pm8Pad8Qr23CRyPaGB55bUA/tB8M+JfD3jPw54f8YeEdc0nxP4T8V6JpXiXwx4k0G/ttV0PxD4e12wg1TRdc0bVLKWez1LStW026tr/Tr+0nmtryzuIbiCWSKVHYA26AP4tv+C9v/Bzx41/YR/aH039kr9gzT/hL4/8AiZ8ODPN+0j45+Iui6x4x8J+FvEV3bxnSfhN4asvD/inwuJ/FmiQSHVfH+oy315baFe3GmeE44116y8U2mkAH9OP/AATe/aC8d/tXfsFfskftKfE+HQLf4h/G74E+APiP4yg8K6fc6V4ci8QeJtFt9Q1GPRNNvdQ1a7sdOWeVhbW1xqV7LFHhXuZSN1AH2xQAUAFABQAUAFAH+ez4Q/5Xl7v/ALGrxv8A+usPEFAH+hNQAUAFABQAUAFABQAUAFABQAUAfwuf8HuP7N39tfBH9i/9rXTLF/P+HvxK8cfAPxbd28HmNPpnxQ8OxeO/BsmoSrGzw2ejal8MPFttaSO8Vut54rMLbp7q3VgD7u/4M9P2kf8AhcH/AASpuvgxqN/52u/srfHb4g+ALWxkk825i8C/EKS0+L/hq/diWdbW48S+M/Huj2Ubn91H4eeGMLbxwKoB/VrQAUAFABQAUAFABQAUAFABQAUAFABQAUAFABQAUAFABQAUAFABQAUAFABQAUAFABQAUAFABQAUAFABQAUAFABQAUAf/9b+/igAoAKACgAoAKACgAoAKAP4zf8Ag9e/5MC/Zh/7Out//VWePKAP60f2eP8AkgHwN/7I98M//UL0SgD2GgAoAKACgAoAKACgD5e/bf8A+TLf2vf+zXvj9/6qjxZQB/hUUAf7evxa/wCCkn7Cf7JvwPh+Inx0/ap+B/hDSvC/gSw1OTQk+JHhLVvHevy2GiQzf2J4O8BaVq934r8W+IrxozBY6JoWlX17PMctFHCk08QB/j9eIvDf7Qf/AAVS/b4+NHiD9n34N+M/iN8Wv2qPj98VPi9YfD7wjpsur3Xh+3+J3xD1jxVM+uahCo0vw94X8Kp4ggtta8Va3d6d4c0Sxtze6nqNpZo0tAH+vj/wSa/YYX/gnD/wT+/Z2/ZHu9WsPEPiz4eeGdS1X4keIdKeeXStY+JvjzxDq3jnx5Jo891b2l1c6BpviHxBeaF4bubqysbu48O6TpU15Z21288SgHzr/wAFhv8Agsv4J/4JIfDfS/E3iD9mz4//AB08S+L9Jup/CF/4N8I3uj/ArStYF3LYWWk/FH47XtreaB4Mv7y4jMttoGlaP4q8WXVq1vcroUNjdxX6AH+VB46/bjl/aV/4KCar+3R+3D8K9L/aVtPHvxSs/Hfxc+C1j4q1v4VeH/GPhfS9NtPD+gfDfR/FPhxNQ8QeF/D3hfwzpPh7w7ok6tqepS6R4fs7bWLzUprq/vLgA/2A/wDgmV+23+zF+33+x58Lvjn+yba2vhr4YWWm2vw6n+Fiafpmi6l8EfEfgrStLs7z4R6xoOjE6Vo8nhTSrjRjosWlhdI1Dwnf+Htb0XOkapZGgD79oAKACgAoAKACgD/PY/4KYf8AK4X+w7/2Nf7Gn/oeo0Af6E9ABQAUAFABQAUAFABQB8tftzQxXH7E/wC2HbzxpNBP+y1+0FDNFIoaOWKX4S+LkkjdTkMjoxVlIwQcHOTQB/hWUAf76Xgr/kTfCX/Ys6D/AOmq1oA/xEP+CnHgPw18Lv8Ago/+318OPBtpZad4R8D/ALZf7TPhfwvpenJ5Vlo/h7RfjL4ysdH0W3j4Ecei6fDb6XsX5Va0YJlQDQB/p9/8Gsvjzxr49/4IpfsuSeNbm9v28I658aPAfhTUr9zLPd+CvDHxd8YW3h+2jlJLPZeH45bjwppqEKLXT9BtbNAYrZGYA+if+Csv7eHxK+Btj8Kv2Kv2Mraw8W/8FG/23L698Efs/wChyhLvTvgx4KVLiL4hftSfEeFYLtdM8E/CzRYNV1LRn1C0uYtc8R6ZM9vpfiDTPDHijTVAP8or/gp9+zpa/slft9ftQfs523jjxT8TZPhV8RpPD+rfEbxtcC68V+PPEk+h6PrHirxhrkwaRvtviPxLqeras0c1xe3MEd3HBdajqVzHNf3QB/ref8ERf+URP/BOj/s0v4P/APqL2lAH6lUAFABQAUAFABQB/ns+EP8AleXu/wDsavG//rrDxBQB/oTUAFABQAUAFABQAUAFABQAUAFAH4s/8HDX7N3/AA0//wAEe/21fB1nZNeeIvAHw1X4+eFWgg+0XsGp/AbV9P8AihqsenwiOZ5LzWPB/hzxP4cWOGNriWHW5obfE0qFQD+PL/gyo/aR/wCEG/bW/aa/Zh1K/wDs2k/tAfArS/H+h28smY7zx18CvE+20sLSIn5bq68E/Ezxxqk8kajzLbw6BOW8m3CgH+lnQAUAFABQAUAFABQAUAFABQAUAFABQAUAFABQAUAFABQAUAFABQAUAFABQAUAFABQAUAFABQAUAFABQAUAFABQAUAf//X/v4oAKACgAoAKACgAoAKACgD+M3/AIPXv+TAv2Yf+zrrf/1VnjygD+tH9nj/AJIB8Df+yPfDP/1C9EoA9hoAKACgAoAKACgAoA+Xv23/APky39r3/s174/f+qo8WUAf4VFAH+y74C/4IKf8ABHa38PeF9VP/AAT6/Z/vL6fQtGu55NV0TWdZjnuJtPtppZZrXVtcvrWUySszuJIWQ7iCu0mgD9O/g5+z18BP2d9A/wCEV+AXwS+EvwR8MlIkfQPhL8OvCPw70iYQAiJriw8JaPpFtcSLlj5s8ckpdndnZ3ZmAPYKAM/VtI0rX9L1DQ9d0zT9a0XV7K503VtI1ayttS0vU9PvIngu7DUNPvI5rS9srqCR4bm1uYpIJ4neOVGRmWgD/O9/4OlP+CDHwI/Zl+GA/wCCiv7F/gfT/hT4KtvGWh+F/wBo/wCC3hi3a0+H2hv451NdI8JfFPwBosaGz8E2E/iy70zwb4n8I6U1v4YN34i8LX/hjRtDaDXxqgB6t/wY4+K/GU3/AA8b8DvcXlx8PdO/4Zl8V29rLPKbDR/GWs/8Lu0i8uLG2wYI7zxJomhWMeqzgrLLD4V0eNgyQoUAP7/KACgAoAKACgAoA/z2P+CmH/K4X+w7/wBjX+xp/wCh6jQB/oT0AFABQAUAFABQAUAFAHy9+2//AMmW/te/9mvfH7/1VHiygD/CooA/1gPil/wcu/s8+CPhALT9mr9kj9vD9pj4w2/gy1sfBXhfTf2WviT4M8EXfiiHSIoNP/4SvxT4ksbPXLHw4L1EN5d+GfCnifVJocR2lgTKLiAA/jI/Zh/4N4/+Cuv/AAUr/aD1/wCKfxx+DPin9mHwt8XviD4j+KPxd+N37RXh+88AXyah448S3XifxZfeG/hLqrWvxK8R+ItWutV1O90PTX0HR/Dk1yYoda8WaDazJfUAf6Qms65+yZ/wRB/4Jq2P267u/Dn7O37IHwotND0O1uJrGfxn8Q/Ekk8n2HS7NI4tOsdY+J3xh+IWrz3M/wBnttP02fxR4lvtTuI9J0WG7nsgD5Q/4I/fsgfGK51z4qf8FUf26tFFv+3b+3BZWF5p/gi9Wd4P2TP2XY5INQ+Fn7N/hS2vkS60a+Glw6R4h+JIkhstSvNfi0yx8Q2a+KdJ8S6prwB/my/8F/v+Uyv/AAUH/wCy9ah/6jfh2gD/AFKv+CIv/KIn/gnR/wBml/B//wBRe0oA/UqgAoAKACgAoAKAP89nwh/yvL3f/Y1eN/8A11h4goA/0JqACgAoAKACgAoAKACgAoAKACgDE8TeHNG8YeG/EHhLxHYw6p4e8U6JqvhzXtMuF3W+o6NrdhPpmqWM6/xQ3djdT28q90kI70Af47n/AATv8R6z/wAEuP8AgvN8GfD3irULjT0+AH7bXiX9mf4g6re/6NG3gvxJ4t8R/s7+M/EN5Hsgin09PC/iW/8AFEDrGYJooLW9sgSLZ6AP9j6gAoAKACgAoAKACgAoAKACgAoAKACgAoAKACgAoAKACgAoAKACgAoAKACgAoAKACgAoAKACgAoAKACgAoAKACgAoA//9D+/igAoAKACgAoAKACgAoAKAP4zf8Ag9e/5MC/Zh/7Out//VWePKAP60f2eP8AkgHwN/7I98M//UL0SgD2GgAoAKACgAoAKACgD4m/4KT/ABF8I/Cj/gnz+2z498ca3pugeHdD/ZZ+OwmvtUvIbKG41DUvhp4k0rQ9HtpJ2UT6rr+t32n6HothEJLrUtW1CysLSKa5uYo2AP8ADgoA/wB5n9n34jeEfi98Cfg38UvAWt6d4j8F/EL4YeBvF/hjXNJvINQ07UtG17w1puo2VxbXduWilBiuAkm3DRypJFIqSo6KAev0AfzUf8HHf/BaP9oD/gkP8Pf2aov2cvhX4A8ZeOP2h9f+JkFz43+K+l+JNd8DeC9G+GNn4IlutKh0Pwv4m8H3l/4s8UT+O7a40q4vtfTTtO03w7rDPpOrTXUcmlgHg3/BGP8A4Olfgl+3vrll8AP2ytM8A/ss/tN6hM8XgzXNP1a80v4CfF52G+PRvD2q+L9Y1TUvAHjn78Nn4S8V+INWsvEpjhHh3xTd67fw+FoAD1j/AIOh/wBpXwZf/wDBP7xH/wAE/fhc6/GD9sD9tnx38JPh98J/gF8Okj8afE6403wl8UPB/wAVvEHi+58G6MNQ1W00SG08Cw+H7K/u7a1MuseIbK7sPOt9J1e508A+p/8Ag36/4JTX3/BKb9iC18B/Ed9MvP2kfjZ4gi+Kvx+utJu4dR03w/rUmmQ6Z4U+GOlapbgW+p6f8PNBVre+1C3e6sr/AMZaz4wv9JvrrQ7vS3oA/dGgAoAKACgAoAKAP89j/gph/wArhf7Dv/Y1/saf+h6jQB/oT0AFABQAUAFABQAUAFAHy9+2/wD8mW/te/8AZr3x+/8AVUeLKAP8KigD/fS8Ff8AIm+Ev+xZ0H/01WtAHTUAfw2f8Hmf7RHxW+AfiH/gk/rHw71+0gtvD3xO/aJ+NUPhXxHoei+L/Amr/Ev4P/8ADPCfDTxN4n8E+JbHVPDfiifwgnjjxdHpVprum31gkfiLVI5baVLp1oA/nQ/4iuf+C3P/AEcx4H/8R0+Av/zA0Afhr+0d+0L8VP2rvjh8Sf2ivjdrtp4m+LHxa8RSeKvHOvWOi6R4ctNU1qW1tbN7mDQ9As7DR9NQ29nAn2fT7O3gBXcIwzMWAP70v+DQv/gpP+13+0p498dfsZfF74g6P4h/Z9/Zf/ZP8OL8GvCVn4E8F6DqHhwaF458JeEdNF74p0XRbLxJ4g8nQtQurVv7c1K+86Rxcy77hEkUA/u6oAKACgAoAKACgD/PZ8If8ry93/2NXjf/ANdYeIKAP9CagAoAKACgAoAKACgAoAKACgAoAKAP8mL/AIOvf2dZv2e/+CxfxM8c6Pbz6Xov7Snw7+F37QegzWiPbQW2svpc3wz8WvaXcKxkajceNPhjrHia9xK11BceIIrglIrm2FAH+nD+wD+0VB+1v+xH+yl+0qlzFdX3xn+Avwy8ceIvJ2FLTxnqfhbTR460o+X+783RfGUOu6RP5fyCexkCfKBQB9eUAFABQAUAFABQAUAFABQAUAFABQAUAFABQAUAFABQAUAFABQAUAFABQAUAFABQAUAFABQAUAFABQAUAFABQAUAf/R/v4oAKACgAoAKACgAoAKACgD+M3/AIPXv+TAv2Yf+zrrf/1VnjygD+tH9nj/AJIB8Df+yPfDP/1C9EoA9hoAKACgAoAKACgAoA/Nn9tH/gkV/wAE/P8AgoX4w0fx1+2D8E/EPxf17QPD2neF9HgPx8/aP8BeGLHSdK1DWdTsmj8DfDD4u+CvBD6ul34g1QzeI5fDsviK8t5rexvdVnsdP022tAD4n/4hcv8AghR/0Yz/AObM/tif/RBUAfdf7Fv/AASi/YP/AOCefiDW/Ev7H/we8TfCS98ReHL3wpq2nS/Hz9oz4ieE5tH1HWdJ1+8Nv4G+Kvxa8c+C9O1eXVdD0+YeJNN0Cz8RxQC8sIdUTT9U1S2uwD9E6APmn9q79jv9mf8Abi+Euo/A79qz4QeFvjL8M9QvbfVU0LxEt/aXuja1ZpNFaeIPCvibQr7SfFPhDxDbW9zdWkWu+GNa0jVRYXl9p7XbWN9d284B/Pxc/wDBnp/wR+n199Yit/2n7PTmkLjwpbfG2yfQI1MhcRJc3fgS68UGNV/dAyeJXlMeC0plzIwB+yv7FH/BKr9gD/gnjbXTfsl/s1eB/hr4l1K1NlrHxGvH1jxz8VNXtZVj+1WV18S/Hmp+JPGdvpF7LGtzc+HdM1jT/Df2kCWHRodsYQA/QigAoAKACgAoAKACgD/PY/4KYf8AK4X+w7/2Nf7Gn/oeo0Af6E9ABQAUAFABQAUAFABQB+FH/BcD/grH+xr+w1+y9+0j8Dfil8WLCH9pr4sfswfEbTvhF8D9K0nXdY8XeJbv4n+GvGfw+8Ha9fSWGlXOh+HvCaeI7bU5tU1rxBqmnwrY6FqkdjFf6mbLTr0A/wAd6gD/AGj/APglx/wV0/Yp/wCCkPw28A6B8BvjDpesfHPRPgt4a8ZfFb4I6jpeu6H48+HkumQeGvDfi7+0bPVNLs9N1XStF8X63YaMmv8Ahu/1bQ786hp9xY3ssN0m0A/WmgDn9d8JeFfFH2X/AISbwz4f8RfYfP8AsX9u6Lpur/Y/tPlfafsv9oQT/Z/tH2eDz/J2+b5EXmZ8pKAOf/4VN8LP+iafD/8A8Izw5/8AINAH+Nj/AMF3tPsNJ/4LA/8ABQPTtLsbPTdPs/2hPEUNpYafbQ2dnawjTtJIit7W3SOCCMEkhIkVRkkAZO4A/wBSn/ghv4Z8OaZ/wSc/4J7a1pvh/RNP1jVf2S/hD/aerWOlWFpqeo7/AA3ZTP8Ab7+CFLq83yqsr/aJX3SKHOWANAH6y0AFABQAUAFABQB/ns+EP+V5e7/7Grxv/wCusPEFAH+hNQAUAFABQAUAFABQAUAFABQAUAFAH8LX/B7l+zd/bXwT/Yu/a10yxbz/AIf/ABI8cfALxdeQQ+Y0+mfE7w9F488FvfyLGzw2ejaj8MvF9vayO6QC88VGFsz3NurAH3h/wZ6ftI/8Lg/4JU3XwY1G/wDO139lb47fEHwBa2Mknm3MXgX4hSWnxf8ADV+7Es62tx4l8Z+PdHso3P7qPw88MYW3jgVQD+rWgAoAKACgAoAKACgAoAKACgAoAKACgAoAKACgAoAKACgAoAKACgAoAKACgAoAKACgAoAKACgAoAKACgAoAKACgD//0v7+KACgAoAKACgAoAKACgAoA/jN/wCD17/kwL9mH/s663/9VZ48oA/rR/Z4/wCSAfA3/sj3wz/9QvRKAPYaACgAoAKACgAoAKACgAoAKACgAoAKACgAoAKACgAoAKACgAoA/wA9j/gph/yuF/sO/wDY1/saf+h6jQB/oT0AFABQAUAFABQAUAFABQAUAFABQAUAFABQAUAFABQAUAFABQAUAf57PhD/AJXl7v8A7Grxv/66w8QUAf6E1ABQAUAFABQAUAFABQAUAFABQAUAfix/wcOfs3f8NPf8Eev21PB9nYteeIvh98N0+PvhVoYftF7b6n8B9XsPifqyafCI5XkvNX8HeHfFHhxY4UaeWLWpooP3zpuAP48/+DKj9pH/AIQb9tb9pr9mHUr/AOzaT+0B8CtL8f6HbyyZjvPHXwK8T7bSwtIiflurrwT8TPHGqTyRqPMtvDoE5bybcKAf6WdABQAUAFABQAUAFABQAUAFABQAUAFABQAUAFABQAUAFABQAUAFABQAUAFABQAUAFABQAUAFABQAUAFABQAUAFAH//T/v4oAKACgAoAKACgAoAKACgD+M3/AIPXv+TAv2Yf+zrrf/1VnjygD+tH9nj/AJIB8Df+yPfDP/1C9EoA9hoAKACgAoAKACgAoAKACgAoAKACgAoAKACgAoAKACgAoAKACgD/AD2P+CmH/K4X+w7/ANjX+xp/6HqNAH+hPQAUAFABQAUAFABQAUAFABQAUAFABQAUAFABQAUAFABQAUAFABQB/ns+EP8AleXu/wDsavG//rrDxBQB/oTUAFABQAUAFABQAUAFABQAUAFABQBh+J/Dei+MfDfiHwj4ksYdU8O+KtD1bw3r2mXC7rfUdF1ywuNM1SxnX+KG7sbqe3lXukjDvQB/juf8E7vEmtf8Euf+C8vwY8PeKtQuNPT4A/ts+JP2Z/iFqt7/AKNGfBniTxb4j/Z38aeILyMrDFPp8fhfxLqHieFljMM0UFre2W4i2kUA/wBj+gAoAKACgAoAKACgAoAKACgAoAKACgAoAKACgAoAKACgAoAKACgAoAKACgAoAKACgAoAKACgAoAKACgAoAKACgD/1P7+KACgAoAKACgAoAKACgAoA/jN/wCD17/kwL9mH/s663/9VZ48oA/rR/Z4/wCSAfA3/sj3wz/9QvRKAPYaACgAoAKACgAoAKACgAoAKACgAoAKACgAoAKACgAoAKACgAoA/wA9j/gph/yuF/sO/wDY1/saf+h6jQB/oT0AFABQAUAFABQAUAFABQAUAFABQAUAFABQAUAFABQAUAFABQAUAf57PhD/AJXl7v8A7Grxv/66w8QUAf6E1ABQAUAFABQAUAFABQAUAFABQAUAFAH+TB/wdefs6zfs9/8ABYz4neONHt59L0X9pP4efC79oTQJbRXt4bbWZdLm+Gvi6S0u4VjI1G48bfDHWfE17iVrqC48QRXBMcdxbbgD/Tj/AGAf2ioP2t/2I/2Uv2lUuYrq++M/wF+GXjjxF5OwpaeM9T8LaaPHWlHy/wB35ui+Modd0ify/kE9jIE+UCgD68oAKACgAoAKACgAoAKACgAoAKACgAoAKACgAoAKACgAoAKACgAoAKACgAoAKACgAoAKACgAoAKACgAoAKACgD//1f7+KACgAoAKACgAoAKACgAoA/jN/wCD17/kwL9mH/s663/9VZ48oA/rR/Z4/wCSAfA3/sj3wz/9QvRKAPYaACgAoAKACgAoAKACgAoAKACgAoAKACgAoAKACgAoAKACgAoA/wA9j/gph/yuF/sO/wDY1/saf+h6jQB/oT0AFABQAUAFABQAUAFABQAUAFABQAUAFABQAUAFABQAUAFABQAUAf57PhD/AJXl7v8A7Grxv/66w8QUAf6E1ABQAUAFABQAUAFABQAUAFABQAUAFAH8LH/B7l+zd/bPwV/Yu/a20yxbz/AHxH8c/ALxdeQQ+Y8+m/E3w9D488FNfyKjPDZ6NqPwz8YwWsjskAvPFLQuTNc26sAfeX/Bnp+0j/wuD/glTdfBjUb/AM7Xf2Vvjr8QfAFrZSS+bcxeBfiFJafF/wANX7klnW1uPEvjPx7o9kkh/dR+HnhiC28cKqAf1a0AFABQAUAFABQAUAFABQAUAFABQAUAFABQAUAFABQAUAFABQAUAFABQAUAFABQAUAFABQAUAFABQAUAFABQB//1v7+KACgAoAKACgAoAKACgAoA/jN/wCD17/kwL9mH/s663/9VZ48oA/rR/Z4/wCSAfA3/sj3wz/9QvRKAPYaACgAoAKACgAoAKACgAoAKACgAoAKACgAoAKACgAoAKACgAoA/wA9j/gph/yuF/sO/wDY1/saf+h6jQB/oT0AFABQAUAFABQAUAFABQAUAFABQAUAFABQAUAFABQAUAFABQAUAf57PhD/AJXl7v8A7Grxv/66w8QUAf6E1ABQAUAFABQAUAFABQAUAFABQAUAFAH4rf8ABw7+zd/w09/wR6/bU8IWdi154j+Hvw4j+P3hVoYftF5b6l8B9XsPibrC6fCEkeS71bwZ4e8U+HVjiQzyxa1NFBmZ0oA/j1/4MqP2kf8AhBv21v2mf2YdSv8A7NpP7QHwK0zx/odvLL+7vPHXwK8T7bSwtISTturrwV8TPHGqTyRhfMtvDoExbybcIAf6WdABQAUAFABQAUAFABQAUAFABQAUAFABQAUAFABQAUAFABQAUAFABQAUAFABQAUAFABQAUAFABQAUAFABQAUAf/X/v4oAKACgAoAKACgAoAKACgD+M3/AIPXv+TAv2Yf+zrrf/1VnjygD+tH9nj/AJIB8Df+yPfDP/1C9EoA9hoAKACgAoAKACgAoAKACgAoAKACgAoAKACgAoAKACgAoAKACgD/AD2P+CmH/K4X+w7/ANjX+xp/6HqNAH+hPQAUAFABQAUAFABQAUAFABQAUAFABQAUAFABQAUAFABQAUAFABQB/ns+EP8AleXu/wDsavG//rrDxBQB/oTUAFABQAUAFABQAUAFABQAUAFABQAUAYfijw3ovjLw14h8IeJLGHVPDvivQ9W8N6/plwu631HRdcsLjS9VsZ1/ihu7G6nt5F7pIw70Af47f/BOzxLrX/BLr/gvJ8F/D/ivULjT1+AP7bPiT9mf4h6pef6LGfB3iPxb4j/Z38a6/eIViin0+Pwx4l1DxNCyxmCaOC1vLPkW8lAH+yBQAUAFABQAUAFABQAUAFABQAUAFABQAUAFABQAUAFABQAUAFABQAUAFABQAUAFABQAUAFABQAUAFABQAUAFAH/0P7+KACgAoAKACgAoAKACgAoA/jN/wCD17/kwL9mH/s663/9VZ48oA/rR/Z4/wCSAfA3/sj3wz/9QvRKAPYaACgAoAKACgAoAKACgAoAKACgAoAKACgAoAKACgAoAKACgAoA/wA9j/gph/yuF/sO/wDY1/saf+h6jQB/oT0AFABQAUAFABQAUAFABQAUAFABQAUAFABQAUAFABQAUAFABQAUAf57PhD/AJXl7v8A7Grxv/66w8QUAf6E1ABQAUAFABQAUAFABQAUAFABQAUAFABQB/kvf8HXX7Os37PX/BYz4n+N9Ht59K0X9pP4e/C79oXQJbRXt4bfWJtKm+G3i6S0uoVjI1C58cfDLW/Et5iVrqG41+K4JjjnttwB/py/sA/tFQftb/sR/so/tKpcxXN98Z/gL8MvHHiLyShS08Z6n4W04eOtKJjxH5ui+Modd0ifYNgmspAuFAoA+vKACgAoAKACgAoAKACgAoAKACgAoAKACgAoAKACgAoAKACgAoAKACgAoAKACgAoAKACgAoAKACgAoAKACgD/9H+/igAoAKACgAoAKACgAoAKAP4zf8Ag9e/5MC/Zh/7Out//VWePKAP60f2eP8AkgHwN/7I98M//UL0SgD2GgAoAKACgAoAKACgAoAKACgAoAKACgAoAKACgAoAKACgAoAKAP8APY/4KYf8rhf7Dv8A2Nf7Gn/oeo0Af6E9ABQAUAFABQAUAFABQAUAFABQAUAFABQAUAFABQAUAFABQAUAFAH+ez4Q/wCV5e7/AOxq8b/+usPEFAH+hNQAUAFABQAUAFABQAUAFABQAUAFABQAUAfwr/8AB7l+zd/bPwX/AGLf2ttMsW8/wD8RvHPwB8X3sEO959O+Jnh6Lx74JN9IqM8Vpo2ofDTxnBbSOyQC78UmFyZrm3VgD7z/AODPT9pH/hcH/BKm6+DGo3/na7+yt8dviD4AtbKSXzbmLwL8QntPi/4av3JJdbW48SeM/Huj2Ubk+VH4eeKMLBHCigH9WtABQAUAFABQAUAFABQAUAFABQAUAFABQAUAFABQAUAFABQAUAFABQAUAFABQAUAFABQAUAFABQAUAFABQB//9L+/igAoAKACgAoAKACgAoAKAP4zf8Ag9e/5MC/Zh/7Out//VWePKAP60f2eP8AkgHwN/7I98M//UL0SgD2GgAoAKACgAoAKACgAoAKACgAoAKACgAoAKACgAoAKACgAoAKAP8APY/4KYf8rhf7Dv8A2Nf7Gn/oeo0Af6E9ABQAUAFABQAUAFABQAUAFABQAUAFABQAUAFABQAUAFABQAUAFAH+ez4Q/wCV5e7/AOxq8b/+usPEFAH+hNQAUAFABQAUAFABQAUAFABQAUAFABQAUAfip/wcP/s3f8NPf8Eef20/CNnYteeI/h58OY/j94WaKHz7y21H4D6vYfEzWRYQhJHku9V8F+H/ABV4dWOFDPLFrM0UGZXSgD+Pf/gyo/aR/wCEG/bW/aZ/Zh1K/wDs2k/tAfArTPH+h28sv7u88dfArxPttLC0hJO26uvBXxM8capPJGF8y28OgTFvJtwgB/pZ0AFABQAUAFABQAUAFABQAUAFABQAUAFABQAUAFABQAUAFABQAUAFABQAUAFABQAUAFABQAUAFABQAUAFAH//0/7+KACgAoAKACgAoAKACgAoA/jN/wCD17/kwL9mH/s663/9VZ48oA/rR/Z4/wCSAfA3/sj3wz/9QvRKAPYaACgAoAKACgAoAKACgAoAKACgAoAKACgAoAKACgAoAKACgAoA/wA9j/gph/yuF/sO/wDY1/saf+h6jQB/oT0AFABQAUAFABQAUAFABQAUAFABQAUAFABQAUAFABQAUAFABQAUAf57PhD/AJXl7v8A7Grxv/66w8QUAf6E1ABQAUAFABQAUAFABQAUAFABQAUAFABQBheKPDWi+M/DPiLwf4lsIdU8OeK9C1fw1r+mXA3Qajouu6fcaXqthOveG8sbqe3kHdJCO9AH+O3/AME6/Eutf8Eu/wDgvF8FtA8V38+nj4A/tseJP2Z/iJql5/osX/CH+I/FviP9nbxtr95GQkU2nxeGfEuoeJoSqtDNHBa3lnki3koA/wBkGgAoAKACgAoAKACgAoAKACgAoAKACgAoAKACgAoAKACgAoAKACgAoAKACgAoAKACgAoAKACgAoAKACgAoA//1P7+KACgAoAKACgAoAKACgAoA/jN/wCD17/kwL9mH/s663/9VZ48oA/rR/Z4/wCSAfA3/sj3wz/9QvRKAPYaACgAoAKACgAoAKACgAoAKACgAoAKACgAoAKACgAoAKACgAoA/wA9j/gph/yuF/sO/wDY1/saf+h6jQB/oT0AFABQAUAFABQAUAFABQAUAFABQAUAFABQAUAFABQAUAFABQAUAf57PhD/AJXl7v8A7Grxv/66w8QUAf6E1ABQAUAFABQAUAFABQAUAFABQAUAFABQAUAf5Ln/AAdc/s6zfs9f8Fjfij420e3m0rRP2kvh/wDC/wDaG8Py2ivbxW+sXGlTfDfxfLa3cIQjULnxz8M9c8S3e2U3MFxrsUx2RzW5YA/05/2Af2ioP2t/2I/2Uf2lUuYrm++M/wABfhl448ReSUKWnjPU/C2nDx1pRMeI/N0XxlDrukT7BsE1lIFwoFAH15QAUAFABQAUAFABQAUAFABQAUAFABQAUAFABQAUAFABQAUAFABQAUAFABQAUAFABQAUAFABQAUAFABQB//V/v4oAKACgAoAKACgAoAKACgD+M3/AIPXv+TAv2Yf+zrrf/1VnjygD+tH9nj/AJIB8Df+yPfDP/1C9EoA9hoAKACgAoAKACgAoAKACgAoAKACgAoAKACgAoAKACgAoAKACgD/AD2P+CmH/K4X+w7/ANjX+xp/6HqNAH+hPQAUAFABQAUAFABQAUAFABQAUAFABQAUAFABQAUAFABQAUAFABQB/ns+EP8AleXu/wDsavG//rrDxBQB/oTUAFABQAUAFABQAUAFABQAUAFABQAUAFABQB/Cr/we5fs3f2x8Gf2Lf2t9MsT53gL4i+OvgB4vvYId7z6d8S/D8Pj7wQb6RVZ4rTR9Q+GvjWG2kZkg+1+KDC5M09ujAH3r/wAGen7SP/C4P+CVN18GNRv/ADtd/ZW+O3xB8AWtlJL5tzF4F+IT2nxf8NX7kkutrceJPGfj3R7KNyfKj8PPFGFgjhRQD+rWgAoAKACgAoAKACgAoAKACgAoAKACgAoAKACgAoAKACgAoAKACgAoAKACgAoAKACgAoAKACgAoAKACgD/1v7+KAP5RPi//wAHCvxT/aa/4KCaF/wTO/4I4/DL4OfGX4kDWfEOl/EH9qn4/wB74svf2fPC1r4Ls57/AMe6x4W8OfDvVtC8R+LvDPhS3tLrTovGzeIrPT/Evir7HpPhHw74n0nUdI1/VwDB+K3/AAXt/ax/4JXftueDP2SP+Cw/wr+BOu/CX4p+H9I8U/Dr9r/9kPSfiL4e0ey8L6lqV3oFxrnjT4U/EDxH441LVH8OeIbG4tPHOm+Gtc0nWPDmk/Zdb0LQvG0OoaZBqAB/WB4c8RaB4w8PaF4t8Ka3pXiXwt4o0bTPEXhvxHoV/a6romv6BrVlDqWj61o2qWMs1lqWlapp9zb32n39pNLbXlpPFcQSvFIjsAbNABQB/KF/wUS/4OWdY+FnjD4ifB7/AIJh/sf/ABF/b68YfCfU9Q8O/Fb46+HvCHxF8Tfs3fDnxTpTeTqfh63vvhrot/qvxDvdHuWig1q+tfEPgvwxA0sB0XxN4jWV2tQD8Evg9/wet/t1eHvH9n/w0V+yr+zB44+Hyav5fiPw/wDCyx+K3wn8e2FkGMF3Bo+veL/iV8VdGS7sHHnx2mseFppLmWKWxuNQshOl3ZAH9+37D37anwM/4KC/s0fDn9qb9nnXbnV/h98QrCXzNO1WCOy8T+C/FOmSfZPE/gTxjpkU9zHpvijwvqayWOoRW9zeadfRfZdZ0PUNU0DVNL1O7AP5gf8Ag9e/5MC/Zh/7Out//VWePKAP60f2eP8AkgHwN/7I98M//UL0SgD2GgAoAKACgAoAKACgAoAKACgAoAKACgAoAKACgAoAKACgAoAKAP8APY/4KYf8rhf7Dv8A2Nf7Gn/oeo0Af6E9ABQAUAFABQAUAFABQAUAFABQAUAFABQAUAFABQAUAFABQB4l+0v8U9R+Bn7OP7QHxs0fS7LXNW+DvwS+KvxT0vRdSlng07WNR+H3gTXvFtlpd/NakXMNlqFzpEVpdS25E8cEsjwkSBTQB/nx/wDEbt+1x/0ZT+zl/wCFn8TP/k6gD5R/4I//ALaHiv8A4KA/8HSv7P8A+2L428G+HvAPin41az8Zr3VvB/ha81K+0DRX8OfsEfFL4dwJp13q0kuozLcWPhi31CY3LsVu7maNMQrGtAH+pvQAUAFABQAUAFABQAUAFABQAUAFABQAUAFAH4pf8HEP7N//AA07/wAEef20vCdnYm98R/Dr4dRfH/ws8UP2i8tdR+BGsWHxL1r7BCEkeS71XwToHizw8scSNPJFrMscAMzptAP4+f8Agyo/aR/4Qb9tb9pn9mHUr/7NpP7QHwK0zx/odvLL+7vPHXwK8T7bSwtISTturrwV8TPHGqTyRhfMtvDoExbybcIAf6WdABQAUAFABQAUAFABQAUAFABQAUAFABQAUAFABQAUAFABQAUAFABQAUAFABQAUAFABQAUAFABQAUAFAH/1/39/wCDl/8Abd8S/sP/APBKT4v658P9ZvfDvxR/aB8Q+Hv2Zfh94g0y6NpqXh+4+I9hr2r+ONasLiGSG9tNQtvhX4R8eW2j6pYSxXmj+IL3RtTgmjltkLAH8if/AAZUeGrLUf8AgpX+0N4muYUmuPDX7FPjK105nQN9muvEHxs+BcUt1CTzHP8AYdOu7MMBzBe3CHAegD7t/wCD5Pw3ZBP+Cani+OFE1F2/ay8N3twEHmXFlGP2ddT0yGSTrssp5dXeJMEbr+Y/L/EAfoV/wZ1/tveIv2hv2CPiT+y5461m61vxR+xb490XRvCV3ey+bcwfBH4uWmt694B0SSeUvc3X/CNeLfC3xN0mxLyNDpnhhPC+h2scFnptrHQB/XhQB4V+038Fr39oz4BfFX4E2XxM8a/B4fFfwne+CNT+Ivw5bTYfHPh/w7rkkNp4oTwxe6raXtrpWra14bbVfD9vrkVudS0H+1W1nRpbbV7GxuYgDe+B3wM+Ef7Nfwp8E/BD4FeAfDnwy+Ffw80S08P+EvB3hewjsNN06wtIwhmmI33OpatqEoe+1rXdUuL3Wdd1W4utW1m/vdSu7m6nAP8AMb/4PFPhh8Evh3/wVP8ACmrfCzRtE8P+M/ih+zL4F+Ifxy0/w/aQ2ttqfxCuPHnxM8M6f4s1hLdvJj8VeIPBnhrw5HrMYgt5bu10vSdeu/tN/rt1e3AB/V3/AMGkf7MPxl/Zv/4JVtq/xj0rXfDD/tEfHjxj8efhx4S1+K5sr3TPhhrXgj4b+C/Dmty6VebbnTR41uvA+qeK9NDxQR6l4Z1Lw7rUMbR6ks8oB8m/8Hr3/JgX7MP/AGddb/8AqrPHlAH9aP7PH/JAPgb/ANke+Gf/AKheiUAew0AFABQAUAFABQAUAFABQAUAFABQAUAFABQAUAFABQAUAfhJ/wAHA3/BWqb/AIJP/sZR+Lfhw+g3v7UPx01u9+Hf7Pej6/ax6nYaRdWFpbX3jv4qanosrxw6vpPw20e/00W9jcmewuvGnijwTZ6xY32h3eqW7AH8FP7KH/BNX/gt7/wXk0rxh+1Efjhr3iXwXF4l1TSbT4r/ALT/AMcvHOgeFPEnifT2e81fw58L/Dfh7RvGFxaaX4fumtrDy/D3g/w/4C0W+uItF029t5tL1Oz0sA+IdTsf2qf+COX/AAVR+DOrfteeGtT8VfF79j/4s/CT4hah4evvG8njDT/GXw80rUtP8V6ZF4J8ZS3dzEdC8S+GLy9bw7M6wf2Fql5Lba1o1jqlhq2kRAH+yP8AB34t+Afj38J/ht8bfhXr9t4o+G3xZ8EeGfiH4G8QWuVi1bwv4u0i01vRrtoW/e2tw1lewreWNwqXVhdrPZXcUVzBNGoB6RQAUAFABQAUAFABQAUAFABQAUAFABQAUAFABQAUAFABQB8gf8FCf+TBv24f+zQP2lv/AFTHjWgD/DGoA/fL/g1//wCU6P7C3/X5+0T/AOsmfHigD/YGoAKACgAoAKACgAoAKACgAoAKACgAoAKACgDB8U+GdE8aeGPEfg7xLYRap4c8WaDq/hnxBplwMwajomvafcaXqthMOcxXljdXFvIMcpIw5zQB/jtf8E6fE2t/8EvP+C8PwV0DxZfz6f8A8KB/bX8R/sz/ABF1S7/0WL/hEPEfi3xH+zt43168jKxxTWEPhrxJqPiWEqhgmjt7a8s8kW8lAH+yHQAUAFABQAUAFABQAUAFABQAUAFABQAUAFABQAUAFABQAUAFABQAUAFABQAUAFABQAUAFABQAUAFABQB/9D2X/g+A16/t/2dv2DfDEbXA0zWPjT8XdevEVn+ytf+HPA3hnT9OaZR8huFt/FWqC2ZhvWN7sJgM9AH5qf8GTH/ACf7+1Z/2Z7d/wDq6fhVQB92f8HyP/Ikf8E2/wDsav2p/wD00fAKgD5N/wCDIjWdSg/ay/ba8PxGf+yNT/Z38DazfKrkWx1LQviVFZaUZY87XnW18RayLdyCY42uVBAlYMAf6QlABQB+cH/BTnxL/wAFOfC/wBlv/wDglt8Ov2fviN8aWk1SLXbD44eI7/SNW0/SGsol068+Fuk3VzoHgHX/ABct29zJ5fxI8beHPDdiILOSSw8SrPcafEAf4/37YPiH9ufwX+2f43+Jf7asPxV8LftoW3j/AEv4ieLdU+L3hxNK8Wr4p0i+tbrwzrljo1/psfhufwnZDR9Ph8GQeH9Ok8Af8I3p2m6f4Ytm8NQWduoB/pN/8G1v/BcLxn/wVL+GHxF+CX7Sx0Qfta/s+6Xo3iDVPFWh6fpugaf8afhfrV9JpEHjpPDGlJb6fofijwnrv2DQfHlro2n6d4blfxF4R1XRLSzbV9R0jSAD5N/4PYRIf2Bf2W9h+UftZwGb3j/4VL8QgAP+2piPGentlQD84Ph9+zT/AMHmd14C8EXXgb4w+KYPBNz4Q8NT+D4E+OX7JFusPhabRrKTw/EsF7fC8hWPSWtEEN2PtMYXZPiUPQB1/wDwzF/weuf9Fm8V/wDh+P2P/wD5OoAP+GYv+D1z/os3iv8A8Px+x/8A/J1AB/wzF/weuf8ARZvFf/h+P2P/AP5OoAP+GYv+D1z/AKLN4r/8Px+x/wD/ACdQAf8ADMX/AAeuf9Fm8V/+H4/Y/wD/AJOoAP8AhmL/AIPXP+izeK//AA/H7H//AMnUAH/DMX/B65/0WbxX/wCH4/Y//wDk6gA/4Zi/4PXP+izeK/8Aw/H7H/8A8nUAH/DMX/B65/0WbxX/AOH4/Y//APk6gA/4Zi/4PXP+izeK/wDw/H7H/wD8nUAH/DMX/B65/wBFm8V/+H4/Y/8A/k6gA/4Zi/4PXP8Aos3iv/w/H7H/AP8AJ1AB/wAMxf8AB65/0WbxX/4fj9j/AP8Ak6gA/wCGYv8Ag9c/6LN4r/8AD8fsf/8AydQAf8Mxf8Hrn/RZvFf/AIfj9j//AOTqAD/hmL/g9c/6LN4r/wDD8fsf/wDydQAf8Mxf8Hrn/RZvFf8A4fj9j/8A+TqAD/hmL/g9c/6LN4r/APD8fsf/APydQAf8Mxf8Hrn/AEWbxX/4fj9j/wD+TqAP5/8A/gtp8Nv+Cz/w51/9naD/AILBeLtf8W6pquj/ABMl+AU+reOPhT41srOwtb3wQnxKisZfhXcT2On3UtxP4GfUI9WCXVzEunNb7oYXoA/SP/gnF8BP+DpDxZ+xb8DvEP8AwT6+Kd9o37IWpaR4ll+D+leHfjB+y74f06xtI/HPieHxZA+jeKbqHxJp+pDx3H4obWIdcQak2qteS3BJlVmAPw9/4K1eDv8Agob4F/bA1jQP+Cn3iC+8TftUx+AfA91quqah4l8B+LLh/BNzZXTeDYTrHw4ll8MukNotyFgif7ZBnbdgOVoA/eL9gf4Bf8HXnir9jv4BeIP2LPih4t0L9lbVPBEc/wAD9Jb4wfs1aAln4IGq6nFaJb6P43vV8VWFk93HeS2EOrqsv2KS3eBVs2t1oA+vf+GYv+D1z/os3iv/AMPx+x//APJ1AB/wzF/weuf9Fm8V/wDh+P2P/wD5OoAP+GYv+D1z/os3iv8A8Px+x/8A/J1AB/wzF/weuf8ARZvFf/h+P2P/AP5OoAP+GYv+D1z/AKLN4r/8Px+x/wD/ACdQAf8ADMX/AAeuf9Fm8V/+H4/Y/wD/AJOoAP8AhmL/AIPXP+izeK//AA/H7H//AMnUAH/DMX/B65/0WbxX/wCH4/Y//wDk6gA/4Zi/4PXP+izeK/8Aw/H7H/8A8nUAH/DMX/B65/0WbxX/AOH4/Y//APk6gA/4Zi/4PXP+izeK/wDw/H7H/wD8nUAH/DMX/B65/wBFm8V/+H4/Y/8A/k6gA/4Zi/4PXP8Aos3iv/w/H7H/AP8AJ1AB/wAMxf8AB65/0WbxX/4fj9j/AP8Ak6gA/wCGYv8Ag9c/6LN4r/8AD8fsf/8AydQAf8Mxf8Hrn/RZvFf/AIfj9j//AOTqAD/hmL/g9c/6LN4r/wDD8fsf/wDydQAf8Mxf8Hrn/RZvFf8A4fj9j/8A+TqAD/hmL/g9c/6LN4r/APD8fsf/APydQBzHjb9i/wD4PNfiN4M8XfD3xt8TvEXiHwZ478Ma94M8XaBefHr9kVLPXPDHijSrvRNf0e7a21OC4W21PSr67sp2t54ZhFO5iljcK6gH5E/8QpH/AAW5/wCjY/BP/iRfwD/+eDQB8ffs4/sa/wDBTr9mb/gq54T/AGQP2crRfhl/wUn+H194rtPCVpoXj74Zuug3mo/s/eIfiH4oW08daxqd/wDDh/tvwS1XX3lefUpkf7bLpVuV1oxQqAf0vf8ADMX/AAeuf9Fm8V/+H4/Y/wD/AJOoAP8AhmL/AIPXP+izeK//AA/H7H//AMnUAH/DMX/B65/0WbxX/wCH4/Y//wDk6gA/4Zi/4PXP+izeK/8Aw/H7H/8A8nUAH/DMX/B65/0WbxX/AOH4/Y//APk6gA/4Zi/4PXP+izeK/wDw/H7H/wD8nUAH/DMX/B65/wBFm8V/+H4/Y/8A/k6gA/4Zi/4PXP8Aos3iv/w/H7H/AP8AJ1AB/wAMxf8AB65/0WbxX/4fj9j/AP8Ak6gA/wCGYv8Ag9c/6LN4r/8AD8fsf/8AydQAf8Mxf8Hrn/RZvFf/AIfj9j//AOTqAD/hmL/g9c/6LN4r/wDD8fsf/wDydQAf8Mxf8Hrn/RZvFf8A4fj9j/8A+TqAD/hmL/g9c/6LN4r/APD8fsf/APydQAf8Mxf8Hrn/AEWbxX/4fj9j/wD+TqAD/hmL/g9c/wCizeK//D8fsf8A/wAnUAfysf8ABUz9mT/goF+y3+1hfXf/AAUZ024039pn40aBpnxwvvFcHibwJ4kfxfY6jq+seFLbxT/bnwxvLnwzDrI1fwXqVvf2sLWmrw3FrDqd9bA6lbXt2Af7CX7AP7RUH7W/7Ef7KP7SqXMVzffGf4C/DLxx4i8koUtPGep+FtOHjrSiY8R+bovjKHXdIn2DYJrKQLhQKAPrygAoAKACgAoAKACgAoAKACgAoAKACgAoAKACgAoAKACgAoAKACgAoAKACgAoAKACgAoAKACgAoAKAP/R+8v+D0D4Gax4+/4JxfBn406LZS3i/AH9pfQX8UvHFI66X4L+KXhLxH4Rm1WeVAywxf8ACc23w/0cCUIkk2tQgSrIscU4B+H/APwZNXMS/wDBQf8AamtCw86f9jXVLmNcjJitfjb8H4pmA6kK15ACQMDcAcZFAH3b/wAHydxGvhL/AIJrWhP72bxH+1hcIPWO10z9neOU/g13D279qAMj/gx/+BWrQ6f+3p+0xqFhdRaFqF58HvgX4Q1MoRZX+q6RD4r8ffEWxEhGGudJtNa+F85RCSkWsgyAb4ywB/e1rWv6F4asW1TxFrWk6BpiSwwPqOtalZ6VYpPcOIreFru+mgt1lnkYRwxmTfK5CIGY4oA1EdJUSSN1kjkVXjkRg6Ojjcroy5VlZSGVlOCDkZBoAdQB+An/AAce/wDBPL4S/tuf8E1v2gPH2u+GdKj+OP7J/wALPHv7QHwa+IsVlAvibSYPhtoF3418d+A/7RjhN9e+GfiD4S0HVNKn8Pyz/wBmnxOvhjxCYhfaFayKAfyC/wDBlr4F8X6x/wAFMPjj8QNKhvIfBngn9jzxnoni7UolH2GTUvG3xV+Eb+FfDt2/UTam3hbW9ds1A+ceE7olhs2sAfuH/wAHr3/JgX7MP/Z11v8A+qs8eUAf1o/s8f8AJAPgb/2R74Z/+oXolAHsNABQAUAFABQAUAFABQAUAFABQAUAFABQAUAFABQAUAFAH4Wf8F/v+CSp/wCCsf7Ga+DPh9/YGmftO/BDXLz4ifs9a94guBp2najfXtpBY+OPhfq2smKYaTovxJ0ex05UvZUSzs/GPhrwVqOq3EGjWGpPQB/Bd+yp+3v/AMF3/wDghJp3jL9mWx+Avjrw14IufEmpatb/AAv/AGhvgH408Z+BtF8T3u6w1XxN8K/Fnh290GG+07XbiO3upJ/CfjTXfAeuahax6ra2lzc3uo3d+AfDWpRftZf8Fd/+Cq3wY8PftoeIPEfg74yftgfFr4SeAtX8Qa74Dm8Ex+Efh1rGo2HhXTLjwT4In07ToI9C8PeF7G8j8MwCN4db1SzkudZ1e81K+1fVpQD/AGQ/hB8J/AXwH+FXw4+Cnws0C18K/Df4T+CfDPw98DeHbPJg0jwt4S0i00TRbLzX/e3M0djZQ/ary4Z7q9uTNd3UstzNJIwB6NQAUAFABQAUAFABQAUAFABQAUAFABQAUAFABQAUAFABQAUAFAH+ez4Q/wCV5e7/AOxq8b/+usPEFAH+hNQAUAFABQAUAFABQAUAFABQAUAFABQAUAFABQB/Cn/we5/s3f2v8HP2LP2t9MsT53gT4ieOv2f/ABfewQ73uNP+JPh+Hx/4G+2yKjPDaaPf/DXxvFbSMyQfa/E5hcmae3VgD73/AODPT9pH/hcH/BKm6+DGo3/na7+yt8dviD4AtbKSXzbmLwL8QntPi/4av3JJdbW48SeM/Huj2Ubk+VH4eeKMLBHCigH9WtABQAUAFABQAUAFABQAUAFABQAUAFABQAUAFABQAUAFABQAUAFABQAUAFABQAUAFABQAUAFABQAUAf/0v7fP2pf2bfhh+2B+zv8Yf2Y/jLpcurfDT41eB9Y8D+J4bWRIdRsYtRiEmm6/otzLFPFZ+IfC+s2+neJfDl9JBOljruk6fdvDKsJjcA/zsv+CXnwp+IP/BuP/wAFvv8AhDf29d3gH9nz43fDb4lfs/eEf2q76wu9N+Bfi3w94l1zwd4/8DeN/wDhLr1P7J0SI698PPDmieOdIv73+0fhte65Lc+JWg8NQHX7gA9h/wCDjbx3qn/BbL/goj+yL+xH/wAE1X0v9rC6+BPgHxbceLfiB8JtZs/F3wh8K+K/jZ4j8K/8JHdeI/iboMupeDtN8LeCfDPw+8HXninxWNTm0qy1LV38Lwz3nimwuNDQA/th/wCCXP7AHgP/AIJmfsU/CH9k7wTdwa7qXhPTp/EHxP8AG8MElufiF8XPFHlX/jzxgIZgJ7fTrjUVi0fwxZXJe50vwfo3h3Sbma5nsJbiUA/gb/4PMvEf7Tk3/BQf4aeFviBc+LYP2YbT4IeFtW/Z900SXqfDu/8AEUt3q8HxV1iGKLbo9x8Q7fXJLbTNdkn83XrLwkvgxZPJ0jUNNE4B1/7Lfj//AILKw/8ABsT4/wDEH7OPiH4+WGieC/2xrW28G+KfA194ntfjJpf7FOkfDm4f4jL8I9Z0h4fGln8M/DPxtGiJdal4PnNzpeiR/EjT4Lq08HaNrdvbgHyr/wAEjf8Ag5//AGxP2IPiJp3gn9sHx18Tv2v/ANlrX760svEtn8QfFGoeNPjd8LYwVtW8SfDLxx4v1OXVdZtrCAI178OPF2sy6DqMFpHB4f1LwZfzXeo3oB/Vp+2L/wAFhvBP/BVf9kn4ufsY/wDBHTwD8ZP2rvjj+094Evfgp408czfCH4hfC/4Jfs2/D/4o6Y/h/wCJXiL4y/E/4l+HvDPh3TNTh8E6jrmiaFp2gXmstea1fJf6VealLp1tpWtAH6Vf8EVP+CR3w7/4JE/sr/8ACqdO1iw8efHL4mahpvjT9oj4rWVo9rZ+KPF9nYNZ6V4W8KLdQQanB8OvANtdahYeE4NTSO/v73VPEXiq8s9KvPE9xo+ngH4q/wDB69/yYF+zD/2ddb/+qs8eUAf1o/s8f8kA+Bv/AGR74Z/+oXolAHsNABQAUAFABQAUAFABQAUAFABQAUAFABQAUAFABQAUAFABQAUAf57H/BTD/lcL/Yd/7Gv9jT/0PUaAP9CegAoAKACgAoAKACgAoAKAOW8Z+OfBXw48O33i/wCIfjDwt4D8JaY1ompeKPGfiDSfC/h3Tnv7yDT7FL7W9cu7HTbRr2/uraxtFnuozc3lxBbQ75pY0YA8O/4bV/Y2/wCjtf2Zf/D8/Cz/AOaugA/4bV/Y2/6O1/Zlz/2Xn4Wf/NWf5fnQB6z4H+Lfwp+JqzP8Nvib8PviClsoa4fwP4z8OeLFt1OMNM2g6nqAiU7lwXKg7h1yKAPQaAK93d2tha3N9fXNvZ2VnbzXd5eXc0dva2trbxtNcXNzcTMsUFvBEjyzTSsscUas7sFUlQD4qs/+CmP/AATm1HxsPhvYft7fsbXvj1njhTwja/tMfBqfXZLqWXyU0+Gwj8ZtNNqnmAZ0qJG1FUZJXtlidHYA+3FZWUMpDKwDKykFWUjIIIyCCMEEHBHIzQAtABQAUAFABQB/ns+EP+V5e7/7Grxv/wCusPEFAH+hNQAUAFABQAUAFABQAUAFABQAUAFABQAUAFABQB+KP/BxH+zd/wANO/8ABHj9tHwnZ2JvPEfw5+HkP7QHhZ4ofPu7XUPgRrFh8Stc+wQhHeS71TwPoPizw8scSmaSLWZY4f3zJQB/H1/wZUftI/8ACDftrftM/sw6lf8A2bSf2gPgVpnj/Q7eWX93eeOvgV4n22lhaQknbdXXgr4meONUnkjC+ZbeHQJi3k24QA/0s6ACgAoAKACgAoAKACgAoAKACgAoAKACgAoAKACgAoAKACgAoAKACgAoAKACgAoAKACgAoAKACgAoA//0/7+KAOY8YeCPBfxC0O48M+PvCPhjxx4bu2V7rw/4w0DSvEuh3Loroj3Gk61aXthMypJKitLAxVXcA4ZxQBj/Dv4T/C34Q6PL4d+E3w18AfC/wAPzzi6m0L4d+DfDvgrR5rlY1iW4l0zw1pumWUk4iVYhM8BkEaqgIUAUAd/QBwXxE+FXwv+L2iQ+Gviz8N/AXxQ8OW9/Bqlv4f+Ing/w9410SDU7ZXW21GHSvEunanYRX9ussqwXaW4uIlkcRyKGYMAddpel6Zoem6foui6dYaPo+k2VrpulaTpdpb6fpumadZQpbWVhp9jaRw2tlZWlvHHBa2ttFHBBCiRRIqIq0AfPviz9jb9kLx54lm8Z+Of2Vf2bvGfjC5upr648V+LPgb8MfEXiWe9uG33F5Nrur+F7zVJbqdyXmuHumllb5ncnmgD3fw94b8PeEdGsPDnhTQdF8MeHtKgFrpeg+HtLsdF0bTbZSStvYaXpsFtY2cCkkiK3gjjBJIUEncAbVAH8Zv/AAevf8mBfsw/9nXW/wD6qzx5QB/Wj+zx/wAkA+Bv/ZHvhn/6heiUAew0AFABQAUAFABQAUAFABQAUAFABQAUAFABQAUAFABQAUAFABQB/nsf8FMP+Vwv9h3/ALGv9jT/AND1GgD/AEJ6ACgAoAKACgAoAKACgAoA89+Kfwk+Ffxz8Ca58LvjV8NfAXxd+GvidLRPEfw/+JvhHQPHXgvXV0++ttU07+1vDHiew1PRdQbT9UsrPU7B7qzley1GztL61aK6toZYgD/IG/4OJf2Sfgz+xZ/wVf8A2gvg1+z74Rsvh/8ACS50f4XfEDwt4E0uWeTR/CUvjv4deHtZ8R6ToiXMs0tnozeKn1vUNL0sTPbaRZX0Ol2Cw6fZ2tvEAf0Tf8GmP/BMb9hH9sX9jH9pn4u/tS/s2fDv47+N7f8AaRu/hRo+ofEXTpdbh8N+DtD+Ffw78URW3hq2M8K6JqV9q/jjV5tR1ixeLUriO30uKO6gWxTcAflX/wAHLn/BL74b/wDBJb9r/wCBXxQ/Y0m8U/CT4S/tFeFPFvijwX4d0fxfrzal8Lvif8L9V0Kw8ead4H8TS6g/iux8MXOk+N/AmuaTFqOt6lqGnarq3iCztNRTRYdK03TQD98/+DT/AP4LS/tD/teeJviV+wb+1z4+1j4veMvAHw0k+LXwR+LvjC8l1Lx/qfhHw/r+heGvGvgHxx4kuPMvvGt9ps/irw9r/hXxBrc1x4m/s6PxTZ6zq2rWlnokemgGd/wVH03/AIKof8F+vj58aP2R/wDgnpc6V8Iv+Cen7LfjzxD8E/i18afHXxC1v4e/Df8AaQ+O3hm6tLT4gaHqN74S0bxP4n+IHg34d6kJNG0fwr4f8NeIvCYvbC58YeKdSfUtd8E6XoYB/Hd/wUx/4Iu/ty/8Eorvwfd/tOeEfCmq/D3x9fXGi+EfjJ8Jtf1Dxh8L9U8TWsN3ey+ErrVdV0Lwvr/h/wATyaVZXOtafpPibw1o0utaTb393obakNE15dKAP6mv+DPH/gqZ8bfHfxD+IH/BNf42eLtb+IPgfRvhdq3xf/Z48Q+Ldfv9Z17wAPBuq+E/Dvif4Q6VPqct3czeCtQ0XX4fFfhfSI7i3sfBs/hjxHb6fbS2viRI9LAP7/qACgAoAKACgD/PZ8If8ry93/2NXjf/ANdYeIKAP9CagAoAKACgAoAKACgAoAKACgAoAKACgAoAKACgDB8VeGdE8a+F/Eng3xNYRap4b8W6DrHhnxBpk4zBqOia9p9zpWq2Ew5zFeWF1cW8gxykhHNAH+Oz/wAE5/E+t/8ABLz/AILv/BTQfFt/Pp//AAoL9tfxH+zP8RtTu/8ARYh4R8R+LfEf7O3jjXryMhIprCHw34k1HxLEQrQyx29td2mSLeRQD/ZEoAKACgAoAKACgAoAKACgAoAKACgAoAKACgAoAKACgAoAKACgAoAKACgAoAKACgAoAKACgAoAKACgD//U/v4oAKACgAoAKACgAoAKACgD+M3/AIPXv+TAv2Yf+zrrf/1VnjygD+tH9nj/AJIB8Df+yPfDP/1C9EoA9hoAKACgAoAKACgAoA/ml/4KO/8ABwR8Wv8Agl/4rntv2k/+CWPx60z4Va3488S+DfhV8cdK+N3wk1vwB8T4NHudRl0bUrWbwzb+I5fBur+J/Dunv4msfBHjSXR/F1tpyXwl0yT+y9QkgAPgf4R/8Hkvgb48/EvwX8HPg5/wTW/aD+IvxQ+Imu2nhrwV4K8M/FbwRe634h1u93GCysoP+EYRBtjjluLm5nkhtLK0huLy8uLe0gmnQA+uP2j/APg5U8f/ALEX/CPan+27/wAEgf22/wBnrwb4l1ddE0rxtL4h+GXjLw1f6qbOXUf7H03xHY3mk+Db3XzY29zeR6E/iu1v5bW0vJ1j8uzuSgB+hP8AwTq/4Lx/8E5P+Cm2uxfD/wCAnxS1nwj8aptPudUi+BPxq0CLwD8S9QsbK2+1383hsW+p+IPBfjaXT7ZLm61HT/BHjLxFqunWFndapqNhaaXF9tYA/ZGgD8a/2+v+C9n/AATN/wCCdw1nQPi78etN+IPxe0gTxP8AAb4ErY/E/wCKUWowZ36X4ig07U7Twj8Pr4EKxtviR4t8I3MkLrLaQXQZUYAv/wDBGH/grDaf8FfvgN8Zv2gdJ+C1z8DvDvw6/aF1/wCDHhrw7qPjWLxtrWuaLo3w/wDh140tvFGuXdt4e8PWOkapqEnjia2n0GwTVbTTkso1j1vU2dp6AP2FoAKACgAoAKACgAoA/wA9j/gph/yuF/sO/wDY1/saf+h6jQB/oT0AFABQAUAFABQAUAFABQAUAf5Mf/B2x/ymk+Mf/ZIfgB/6rfTKAP6ef+DJ7/lHJ+01/wBns+Jv/VFfAqgD84v+D3741+CNe+KX7BP7P2kapYX3j74a+D/jt8T/ABtp0EsM97oOh/FbUvhb4f8AA0d2Iy0llLq8vwv8YXbWkxSWW1tdOvPKME1vI4B4j/wZg/shfEjxj+2H8bv2yr3RNW034L/Cf4MeI/g7YeKHhv7Cx8S/Fb4lax4Svj4e0PUkNvDfy+F/BOiavq3iZbK4mudBn1/wVLcR2za1YzsAf6KPwI+Avwi/Zk+FXhT4I/AnwPpnw7+F3gmLUo/DnhXS7jUr6K1k1nV7/wAQa3f3mqa3faprmtaxrevarqWta3rmt6nqOsaxq1/eajqV9dXdxLKwB+HP/B1PbfD2f/giR+1NJ45j099Ws/EvwCufhk90lu2owfEJvjt8PrRJNAa4VjHqDeC7rxpBqL2+24PhabxFGjBHegD+Tf8A4Mz/ANlXxx8Rf+CgfxJ/ar/s29tPhd+zl8GvEnhm48QNb3KWGqfE34utZ6DoHhW2uMxW11NB4NtPGniDVUje5k0z7LoIubaP+2rG4QA/066ACgAoAKACgD/PZ8If8ry93/2NXjf/ANdYeIKAP9CagAoAKACgAoAKACgAoAKACgAoAKACgAoAKACgAoA/yWf+Drb9nWb9nn/gsd8VPGmj282laJ+0j4B+F/7Q/h6W0V7eO31a70qX4c+L5rW7hCEahdePPhn4g8SXe2T7TBPrkUx2RzW7MAf6dX7AP7RUH7W/7Ef7KP7SqXMVzffGf4C/DLxx4i8koUtPGep+FtOHjrSiY8R+bovjKHXdIn2DYJrKQLhQKAPrygAoAKACgAoAKACgAoAKACgAoAKACgAoAKACgAoAKACgAoAKACgAoAKACgAoAKACgAoAKACgAoA//9X+/igAoAKACgAoAKACgAoAKAP4zf8Ag9e/5MC/Zh/7Out//VWePKAP60f2eP8AkgHwN/7I98M//UL0SgD2GgAoAKACgAoAKACgD+VX/g8VsLS8/wCCQtrcXEKyzaX+1b8Fb+wdhk293JoPxI0x5o/R2sdRvLcn+5O47mgD+In/AINnv+U4X7B//YzfGX/1m74yUAf6bv8AwWt+DHhL48f8EnP+CgfgjxhplrqdrpX7LPxf+J+gi6EQFh44+DPg/U/ix4D1SK4lVvsj2Pi7wbo8stxGUf7L9phZhFNKrgH+MX8J/il46+CHxP8Ah98Y/hh4gvvCnxF+F3jHw7498E+I9Nmlt73RvE3hbVbXWdHvoZInjciG9tITLCXEdxCZbebdFK60Af7bnxs/Zr8Dft/fBb4T2XxY8Y/HjwT8PNe0LR/GvjL4Z/B34weMvgpY/Eiy8W+GLG4k8EfFDXvAF1oPxC1TwppxvJS3h7R/F3hu3vbssdaGoxxQwRAH+Y7/AMHQH7AH7Mv/AATw/wCCg3w/+Gf7J3gN/hl8LviT+y94C+LV34IXxH4p8UWWj+Mbz4jfFvwDrUmk6j4y1nxBryWGp6f4B0TVJLS61e6ji1a71R7Vbe1mht4gD+qP/gyh/wCUbH7Sf/Z8XjDn/ugv7P38v6+1AH9jVABQAUAFABQAUAFAH+ex/wAFMP8AlcL/AGHf+xr/AGNP/Q9RoA/0J6ACgAoAKACgAoAKACgAoAKAP8mP/g7Y/wCU0nxj/wCyQ/AD/wBVvplAH6g/8GwX7DH7TX7V37DPx81z4Of8FLf2kP2K/Bmm/tR6/wCF9Z+H3wO8L+Aru28R65H8JPhNqU/jWfxVrtuPFGmaxc6dqmnaGbbS7+3s4bXQrS5h23U9yzgH7W+Cv+DRz9gnVviXrfxk/a7+Pn7Yf7bXxH8TarHq3ijVfi/8WIdIg8WXMcUEPn+KdY8MaPb/ABO1i9aG3itTdv8AEyDZYRQWsMEQgSSgD+l34MfBH4Q/s6fDXwx8HfgT8N/B3wm+F3gyy+weGfA3gTQrHw94e0uF3aa5mjsbCKNbjUNQunlvtW1W8a41TWNSnudS1S8vL+5nuJQD1GgD+Ev/AILVeL/jt/wXy/b28Ef8Eh/2CrmG/wDgH+yb4uHjX9sT9oKT7Tc/Crwl8VGS/wDDMsetahZP5GtSfCfRrjxN4Z8NeGdOul1fxt8TNd8Y6RFb2uk+BrjxRYAH9cP/AAT/AP2DPgJ/wTe/Zj8Dfsufs86LNZeE/C6y6t4k8Tar5M3iz4lePtVt7SPxP8RPGl9DHEl54h8QSWVrH5UMcWnaLo9jpHhvRLay0LRtNsrcA+06ACgAoAKACgD/AD2fCH/K8vd/9jV43/8AXWHiCgD/AEJqACgAoAKACgAoAKACgAoAKACgAoAKACgAoAKACgD+FH/g9z/Zu/tf4PfsV/tb6ZYETeBfiF46/Z+8YX0MW97iw+JGgQ+P/AovZFVmhtNHvvht45itpGZIftXicwuTNPbowB98/wDBnp+0j/wuD/glTdfBjUb/AM7Xf2Vvjt8QfAFrZSS+bcxeBfiE9p8X/DV+5JLra3HiTxn490eyjcnyo/DzxRhYI4UUA/q1oAKACgAoAKACgAoAKACgAoAKACgAoAKACgAoAKACgAoAKACgAoAKACgAoAKACgAoAKACgAoAKAP/1v7+KACgAoAKACgAoAKACgAoA/jN/wCD17/kwL9mH/s663/9VZ48oA/rR/Z4/wCSAfA3/sj3wz/9QvRKAPYaACgAoAKACgAoAKAP5YP+Dwz/AJQ/zf8AZ0PwS/8ASDx3QB/Bf/wQE+NXwn/Z3/4K7fscfGX45fEDwx8LfhX4I1/4q3Xi3x74y1KHSPDXh+31X4C/FTQNNl1PUZ8RW632t6tpul2u7ma9vbaBMvKooA/tI/4Lof8ABxv+wNqX7C3x+/Zd/Y3+NNl+0h8ff2lPAeu/A6Nfh1oPiibwb4I8F/Eazl8M+PfEOt+MtV0bS9C1W7vPBt9r2heG9F8JX2vavJ4g1PTbrULbT9Jimu3AP5cv+CMH/BvL+1r+338c/h347+Onwg8c/BH9i7wt4m0nxD8S/HfxL8P6n4L1T4naDpNzbanL8PvhV4e12PS/EPiSbxpHH/Yd5450+xbwj4T06fU9Rl1e+16x03wxq4B/rXwQQWsENrbQxW9tbRRwW9vBGkUEEEKCOKGGJAqRxRRqqRxoqoiKFUAACgD/ADHP+D1v/lJp+zp/2Yn4C/8AWgP2kKAP3O/4Mof+UbH7Sf8A2fF4x/8AVC/s+0Af2NUAFABQAUAFABQAUAf57H/BTD/lcL/Yd/7Gv9jT/wBD1GgD/QnoAKACgAoAKACgAoAKACgAoA/yW/8Ag7Ru7a4/4LU/G6GCZJJbD4U/s+2l4inLW9y/ws0K+WGT0c2l5azgc/u50PchQD+nj/gycu7Z/wDgnf8AtQ2CzI15bftoa5dz24P7yK2vfgd8FobSZx2SeXT7xIz3a3lHagD+yygAoA/kU/4OP/8Agvn4W/Yt0iX9hH9m/wAe6lZftL/Em202w+OvxQ+H0Vhr3iX9ln4SeJBB/a1x4Ys7jWdBsLn4/wDijwzdz3fgnRrvxBocnhPSZ7bxVf6toF/q3g7VFAPzt/YP/wCDm7/gjP8A8E5v2fPDv7O/7Nn7F/7Zui+HtNJ1bxZ4r1jSfgVfePPip45ureKPWviD8R/Ekfxft5td8T6zJCgZxBBpmi6dFaaD4d0zStA03TtLtADe+Kn/AAcnav8A8Fdvjp+yT/wTq/Yz+DnxX/Z+8MftE/tSfA3RPjh8W/E/jTTrD4ky/B7QfiDofirx74X8F6d8P7y5/wCEdi1Dw9od9eeJtePi6ee/8OWGpeFv7Mistcvb2IA/vfoAKACgAoAKAP8APZ8If8ry93/2NXjf/wBdYeIKAP8AQmoAKACgAoAKACgAoAKACgAoAKACgAoAKACgAoAKAPxP/wCDiX9m7/hp3/gjx+2j4Vs7A3viT4b/AA9g/aB8KvHF593aX/wI1iw+JOumxiCu0l3qfgXQvF3h9Y40aaSLWZY4QZnSgD+Pz/gyo/aR/wCEG/bW/aZ/Zh1K/wDs2k/tAfArTPH+h28sv7u88dfArxPttLC0hJO26uvBXxM8capPJGF8y28OgTFvJtwgB/pZ0AFABQAUAFABQAUAFABQAUAFABQAUAFABQAUAFABQAUAFABQAUAFABQAUAFABQAUAFABQAUAFAH/1/7+KACgAoAKACgAoAKACgAoA/jN/wCD17/kwL9mH/s663/9VZ48oA/rR/Z4/wCSAfA3/sj3wz/9QvRKAPYaACgAoAKACgAoAKAP5YP+Dwz/AJQ/zf8AZ0PwS/8ASDx3QB/C7/wbk+EfCnjz/gtH+xB4T8ceGPD3jLwtq/iT4upq3hrxXoum+IvD+ppa/s8fF2/tU1HRtXtrvTr1ba+tba9t1ubeQQ3dtBcx7ZoY3QA/15fCX7P/AMBvAGpQax4E+CXwj8Favasz22q+Evht4N8N6lbs6GNmgvtH0azuYWaNmRjHMpZGKngncAeuUAFAH+Yv/wAHrf8Ayk0/Z0/7MT8Bf+tAftIUAfud/wAGUP8AyjY/aT/7Pi8Y/wDqhf2faAP7GqACgAoAKACgAoAKAP8APY/4KYf8rhf7Dv8A2Nf7Gn/oeo0Af6E9ABQAUAFABQAUAFABQAUAeLftC+D/AI2+PfhJ4p8Kfs7fGnQf2evi7qv9kL4X+LniX4S2fxx0nwolvrWn3etNL8M9R8ZeArHxBcapoUGo6PYyXfia0g0m8v4NYktdUFj/AGbdAH8a37RX/BnX8Zv2sfjV8QP2h/2g/wDgr9qXxJ+MPxQ1iPW/GvjHVP2HtOsrjVLy20+y0jT4YNN0b9qrT9H0nS9J0bTdO0bRtH0jT7DStI0iwstO0+ztrS2ihUA+xv8AgnT/AMG6f7b/APwS31nxpd/sn/8ABY/TtB8NfEqbQrn4h/D7xd/wT80Lxn4L8U3fhz7Ymkak1hrP7Vkt9oWs2trqN/YnV/DWoaPeXlncR22pyX8FlYRWoB/WZQBwPxW8PeOfFvww+IvhX4YeP4fhR8SPEvgbxXoPgD4o3HhOz8eQ/Djxnq+h31h4Z8dSeCNR1PRtP8Xr4T1m4s9dPhm/1fTbLXPsH9mXV9bQXMkyAH8MvjL/AIMlPFnxD8W+JvHvjz/grRrfjDxt4z17VfFHi3xX4k/Y4u9Y8QeJPEeuXs2pazrmtarfftdz3uo6pqeoXNxeX15dTSz3FxNJLJIzMzUAc3/xAxf9ZRf/ADSf/wDK1oA/RH/glb/wam6D/wAE1/22/hZ+2Vrf7a3/AA0FcfCXTfH0fh74et+zUvwxhfXvG/gXxB4Bi16bxM3x7+Iqj+xNM8TapdW1l/wjbtNfG1njvbOS1R6AP666ACgAoAKACgD/AD2fCH/K8vd/9jV43/8AXWHiCgD/AEJqACgAoAKACgAoAKACgAoAKACgAoAKACgAoAKACgDA8V+GND8beF/EngzxNYRap4b8XaBrHhjxDpk4zBqOh6/p1zpWrWEw5zFeWF3cW8gxykhHNAH+Oz/wTm8T65/wS9/4LvfBPQvF1/Npx+AX7a3iP9mf4j6ndf6LEPCXiLxZ4j/Z18c67eR4SKawg8OeJNR8SREK0MqW9td2mWFtJQB/si0AFABQAUAFABQAUAFABQAUAFABQAUAFABQAUAFABQAUAFABQAUAFABQAUAFABQAUAFABQAUAFAH//Q/v4oAKACgAoAKACgAoAKACgD+M3/AIPXv+TAv2Yf+zrrf/1VnjygD+tH9nj/AJIB8Df+yPfDP/1C9EoA9hoAKACgAoAKACgAoA/i6/4PEP2zf2brv9gjwt+yp4X+Mfw58ZfHrxF+0v4J1vWPhj4T8XaF4j8XeDPC/wAP9A8fHxFrnjPR9Hv7u78JxweILvRPD1rba/FY3mo399dx2FtcDSdVewAP4sP+CF/7Q3wy/ZW/4Ky/sU/HL4yeJtM8F/DLwt8Sta0Txd4w1uYWuheFrD4jfDzxn8M4PEGu3zYi0zQtH1DxhZ3+tatcsllpOmQXepX0kVnazuoB/su/D74mfDf4teHIfGHwq+IPgj4meErmZra38U/D7xXoPjPw5PcJDBcPBDrfhy/1LTJZkt7q1naJLpnWG5glKhJo2YA7egDkPGfxB8BfDnTE1r4heN/CHgPRpJjbx6t4z8S6N4X0yScRtKYUv9cvbG1aYRI8pjWUuI0Z9u0MaAP8qP8A4Ow/2vvgX+13/wAFPNCvv2fPiL4U+K3gz4Jfs1fD/wCC2t+OPAus2Hibwfqnjmz8e/FX4ia/beHvFGkXV5o3iC00ay+Imi6NfXulXVzaW+u2GsaaZ2ubG4VAD9zP+DMz9sv9m/4efsv/ALT/AOzN8SvjN8Nfht8Um/aJj+MPhzw14/8AGXh/wbqHi/wl4t+GfgbwbNeeFE8Ranpq+I20HVvh3NHr1to/2q50VNW0ebUEhh1aydwD+7WxvrLU7Kz1LTby11DTtQtbe+sL+xuIruyvrK7iSe1vLO6geSC5tbmCRJre4hd4ponSSN2RlagC1QAUAFABQAUAFAH+ex/wUw/5XC/2Hf8Asa/2NP8A0PUaAP8AQnoAKACgAoAKACgAoAKACgAoAKACgAoAKACgAoAKACgAoAKACgAoA/z2fCH/ACvL3f8A2NXjf/11h4goA/0JqACgAoAKACgAoAKACgAoAKACgAoAKACgAoAKACgAoA/yV/8Ag60/Z1m/Z4/4LHfFbxno9vNpOiftI+Avhf8AtEeHZLQPbxware6VN8OvF89rdQhCL+68ffDTxD4jusP9pgn1uKYlY5rdmAP9Oz9gH9oqD9rf9iP9lH9pVLmK5vvjP8Bfhl448ReSUKWnjPU/C2nDx1pRMeI/N0XxlDrukT7BsE1lIFwoFAH15QAUAFABQAUAFABQAUAFABQAUAFABQAUAFABQAUAFABQAUAFABQAUAFABQAUAFABQAUAFABQB//R/v4oAKACgAoAKACgAoAKACgD+M3/AIPXv+TAv2Yf+zrrf/1VnjygD+tH9nj/AJIB8Df+yPfDP/1C9EoA9hoAKACgAoAKACgAoA+HPE//AATE/wCCa/jXxJ4h8ZeMv+Cen7Dni7xh4t1zVvE/ivxX4n/ZN+AmveJPE/iTXr+41XXfEPiHXNV+H93qmta5rWqXd1qWratqV3dX+o39zcXl5cTXE0kjAGH/AMOnv+CWX/SNP9gD/wAQ3/Z0/wDnb0AfUXwW/Z++A37N3hS88B/s7fBL4RfATwPqGu3fii/8GfBb4beDfhb4UvvE1/Y6bpl/4ivPDvgbRdB0e512903RtH0+71eazfULmx0rTbSa4eCxtkiAPXaAPE/jd+zV+zn+0xoujeG/2kPgB8E/2gvDvhzVJNc8PaB8bvhX4F+K2i6FrUtpLYS6vo2l+PNA1+x0zVJLGeayk1Cxggu3tJZbZpTDI6MAfNn/AA6e/wCCWX/SNP8AYA/8Q3/Z0/8Anb0AH/Dp7/gll/0jT/YA/wDEN/2dP/nb0AfcPhbwt4Y8C+GPDngnwT4c0Hwd4M8HaDo/hbwj4R8LaPp/h7wx4W8MeHtPt9J0Dw54c0DSbe00rQ9B0PSrS00zR9H0y0tdP03T7W3srK3htoIo1AN6gAoAKACgAoAKAP8APY/4KYf8rhf7Dv8A2Nf7Gn/oeo0Af6E9ABQAUAFABQAUAFABQAUAFABQAUAFABQAUAFABQAUAFABQAUAFAH+ez4Q/wCV5e7/AOxq8b/+usPEFAH+hNQAUAFABQAUAFABQAUAFABQAUAFABQAUAFABQAUAFAH8J//AAe5/s3f2t8IP2K/2uNMsCJvA3xB8d/s/eML6GLe9xYfEbQIfiB4EF44UtDa6PffDjx3HbyMVh+1eJjE586a3VgD77/4M9P2kf8AhcH/AASpuvgxqN/52u/srfHb4g+ALWykl825i8C/EJ7T4v8Ahq/ckl1tbjxJ4z8e6PZRuT5Ufh54owsEcKKAf1a0AFABQAUAFABQAUAFABQAUAFABQAUAFABQAUAFABQAUAFABQAUAFABQAUAFABQAUAFABQAUAf/9L+/igAoAKACgAoAKACgAoAKAP4zf8Ag9e/5MC/Zh/7Out//VWePKAP60f2eP8AkgHwN/7I98M//UL0SgD2GgAoAKACgAoAKACgAoAKACgAoAKACgAoAKACgAoAKACgAoAKAP8APY/4KYf8rhf7Dv8A2Nf7Gn/oeo0Af6E9ABQAUAFABQAUAFABQAUAFABQAUAFABQAUAFABQAUAFABQAUAFAH+ez4Q/wCV5e7/AOxq8b/+usPEFAH+hNQAUAFABQAUAFABQAUAFABQAUAFABQAUAFABQAUAFAH4m/8HE/7N3/DTv8AwR3/AG0PC1nYm98SfDb4fW/7QXhZ44vPurS/+BGsWPxI182MQV2kutT8B6H4v8PrHGpmkj1mVIQ0zIrAH8f3/BlR+0j/AMIN+2t+0z+zDqV/9m0n9oD4FaZ4/wBDt5Zf3d546+BXifbaWFpCSdt1deCviZ441SeSML5lt4dAmLeTbhAD/SzoAKACgAoAKACgAoAKACgAoAKACgAoAKACgAoAKACgAoAKACgAoAKACgAoAKACgAoAKACgAoA//9P+/igAoAKACgAoAKACgAoAKAP4zf8Ag9e/5MC/Zh/7Out//VWePKAP60f2eP8AkgHwN/7I98M//UL0SgD2GgAoAKACgAoAKACgAoAKACgAoAKACgAoAKACgAoAKACgAoAKAP8APY/4KYf8rhf7Dv8A2Nf7Gn/oeo0Af6E9ABQAUAFABQAUAFABQAUAFABQAUAFABQAUAFABQAUAFABQAUAFAH+ez4Q/wCV5e7/AOxq8b/+usPEFAH+hNQAUAFABQAUAFABQAUAFABQAUAFABQAUAFABQAUAFAGB4s8L6H438LeJfBfiewi1Xw14v0DWfC/iHS5xmDUtD1/TrnStWsJh3ivLC7uLeQd0kNAH+Ox/wAE5PFGuf8ABL7/AILu/BLQvF1/NpzfAL9tXxF+zP8AEjU7r/RYV8J+IvFniP8AZ18da5eRkJFNYW/h3xJqXiSLCtDIlvbXdplhbyUAf7I1ABQAUAFABQAUAFABQAUAFABQAUAFABQAUAFABQAUAFABQAUAFABQAUAFABQAUAFABQAUAFAH/9T+/igAoAKACgAoAKACgAoAKAP4zf8Ag9e/5MC/Zh/7Out//VWePKAP60f2eP8AkgHwN/7I98M//UL0SgD2GgAoAKACgAoAKACgAoAKACgAoAKACgAoAKACgAoAKACgAoAKAP8APY/4KYf8rhf7Dv8A2Nf7Gn/oeo0Af6E9ABQAUAFABQAUAFABQAUAFABQAUAFABQAUAFABQAUAFABQAUAFAH+ez4Q/wCV5e7/AOxq8b/+usPEFAH+hNQAUAFABQAUAFABQAUAFABQAUAFABQAUAFABQAUAFABQB/kq/8AB1n+zrN+zx/wWP8Aix4y0e2m0nRP2kPAnww/aJ8OyWge3SDVb7Spfh54wuLa6i2EX918QPhr4j8R3RWT7TBPrUUp2pLbmgD/AE7v2Af2ioP2t/2I/wBlH9pVLmK5vvjP8Bfhl448ReSUKWnjPU/C2nDx1pRMeI/N0XxlDrukT7BsE1lIFwoFAH15QAUAFABQAUAFABQAUAFABQAUAFABQAUAFABQAUAFABQAUAFABQAUAFABQAUAFABQAUAFAH//1f7+KACgAoAKACgAoAKACgAoA/jN/wCD17/kwL9mH/s663/9VZ48oA/rR/Z4/wCSAfA3/sj3wz/9QvRKAPYaACgAoAKACgAoAKACgAoAKACgAoAKACgAoAKACgAoAKACgAoA/wA9j/gph/yuF/sO/wDY1/saf+h6jQB/oT0AFABQAUAFABQAUAFABQAUAFABQAUAFABQAUAFABQAUAFABQAUAf57PhD/AJXl7v8A7Grxv/66w8QUAf6E1ABQAUAFABQAUAFABQAUAFABQAUAFABQAUAFABQAUAFAH8J3/B7p+zd/a3wi/Yq/a40ywIl8EfEDx3+z74xvoYt73Fj8RdBh+IPgNbxwpaG10i9+HPjyO3kYrCbrxKYmPnTW6sAffn/Bnp+0j/wuD/glTdfBjUb/AM7Xf2Vvjt8QfAFrZSS+bcxeBfiE9p8X/DV+5JLra3HiTxn490eyjcnyo/DzxRhYI4UUA/q1oAKACgAoAKACgAoAKACgAoAKACgAoAKACgAoAKACgAoAKACgAoAKACgAoAKACgAoAKACgD//1v7+KACgAoAKACgAoAKACgAoA/jN/wCD17/kwL9mH/s663/9VZ48oA/rR/Z4/wCSAfA3/sj3wz/9QvRKAPYaACgAoAKACgAoAKACgAoAKACgAoAKACgAoAKACgAoAKACgAoA/wA9j/gph/yuF/sO/wDY1/saf+h6jQB/oT0AFABQAUAFABQAUAFABQAUAFABQAUAFABQAUAFABQAUAFABQAUAf57PhD/AJXl7v8A7Grxv/66w8QUAf6E1ABQAUAFABQAUAFABQAUAFABQAUAFABQAUAFABQAUAFAH4l/8HFP7N3/AA05/wAEd/2z/C9nYfbfEnw1+H9t+0F4WdIvOurO++BOsWPxH8QNZRBWaS61LwFonjDQFSMGZ49YlSEGVkVgD+QD/gyo/aR/4Qb9tb9pn9mHUr/7NpP7QHwK0zx/odvLL+7vPHXwK8T7bSwtISTturrwV8TPHGqTyRhfMtvDoExbybcIAf6WdABQAUAFABQAUAFABQAUAFABQAUAFABQAUAFABQAUAFABQAUAFABQAUAFABQAUAFABQAUAf/1/7+KACgAoAKACgAoAKACgAoA/jN/wCD17/kwL9mH/s663/9VZ48oA/rR/Z4/wCSAfA3/sj3wz/9QvRKAPYaACgAoAKACgAoAKACgAoAKACgAoAKACgAoAKACgAoAKACgAoA/wA9j/gph/yuF/sO/wDY1/saf+h6jQB/oT0AFABQAUAFABQAUAFABQAUAFABQAUAFABQAUAFABQAUAFABQAUAf57PhD/AJXl7v8A7Grxv/66w8QUAf6E1ABQAUAFABQAUAFABQAUAFABQAUAFABQAUAFABQAUAFAHP8Ai3wtoXjjwr4m8FeKLCLVfDXjDw/rPhbxFpc4zBqWheINOudJ1awmHeK8sLu4t5B/ckPrQB/jsf8ABOPxTrv/AAS//wCC7nwR0Pxffy6c/wAA/wBtXxF+zP8AEnUrk/ZoV8KeIvFniP8AZ18d65eR/LFNYW/h3xHqXiOLCtDIltbXdrlhbSKAf7I9ABQAUAFABQAUAFABQAUAFABQAUAFABQAUAFABQAUAFABQAUAFABQAUAFABQAUAFABQAUAf/Q/v4oAKACgAoAKACgAoAKACgD+M3/AIPXv+TAv2Yf+zrrf/1VnjygD+tH9nj/AJIB8Df+yPfDP/1C9EoA9hoAKACgAoAKACgAoAKACgAoAKACgAoAKACgAoAKACgAoAKACgD/AD2P+CmH/K4X+w7/ANjX+xp/6HqNAH+hPQAUAFABQAUAFABQAUAFABQAUAFABQAUAFABQAUAFABQAUAFABQB/ns+EP8AleXu/wDsavG//rrDxBQB/oTUAFABQAUAFABQAUAFABQAUAFABQAUAFABQAUAFABQAUAFAH+Sn/wdY/s6zfs7/wDBY/4s+MdHtpdJ0T9o/wAC/DD9orw5JaB7dINU1DSZfh74wuLa6i2kX938Qfhr4l8RXJV/tME+tRynYktuzAH+nh+wD+0VB+1v+xH+yj+0qlzFc33xn+Avwy8ceIvJKFLTxnqfhbTh460omPEfm6L4yh13SJ9g2CaykC4UCgD68oAKACgAoAKACgAoAKACgAoAKACgAoAKACgAoAKACgAoAKACgAoAKACgAoAKACgAoAKAP//R/v4oAKACgAoAKACgAoAKACgD+M3/AIPXv+TAv2Yf+zrrf/1VnjygD+tH9nj/AJIB8Df+yPfDP/1C9EoA9hoAKACgAoAKACgAoAKACgAoAKACgAoAKACgAoAKACgAoAKACgD/AD2P+CmH/K4X+w7/ANjX+xp/6HqNAH+hPQAUAFABQAUAFABQAUAFABQAUAFABQAUAFABQAUAFABQAUAFABQB/ns+EP8AleXu/wDsavG//rrDxBQB/oTUAFABQAUAFABQAUAFABQAUAFABQAUAFABQAUAFABQAUAFAH8Jn/B7p+zd/avwk/Yq/a40ywxL4J8f+PP2fPGN/FFvkuLL4iaDD8QfAKXbhS0VrpF58OvH6QOxWH7T4kMTHzZoFYA+/v8Agz0/aR/4XB/wSpuvgxqN/wCdrv7K3x2+IPgC1spJfNuYvAvxCe0+L/hq/ckl1tbjxJ4z8e6PZRuT5Ufh54owsEcKKAf1a0AFABQAUAFABQAUAFABQAUAFABQAUAFABQAUAFABQAUAFABQAUAFABQAUAFABQAUAFAH//S/v4oAKACgAoAKACgAoAKACgD+M3/AIPXv+TAv2Yf+zrrf/1VnjygD+tH9nj/AJIB8Df+yPfDP/1C9EoA9hoAKACgAoAKACgAoAKACgAoAKACgAoAKACgAoAKACgAoAKACgD/AD2P+CmH/K4X+w7/ANjX+xp/6HqNAH+hPQAUAFABQAUAFABQAUAFABQAUAFABQAUAFABQAUAFABQAUAFABQB/ns+EP8AleXu/wDsavG//rrDxBQB/oTUAFABQAUAFABQAUAFABQAUAFABQAUAFABQAUAFABQAUAFAH4lf8HFf7N3/DTn/BHb9s7wxZ2H23xJ8M/AFt+0H4WkSLzrmzvfgTrFj8RfEL2UQVmkutR8AaL4x0FUjBmePWJUhBlZFYA/kB/4MqP2kf8AhBv21v2mf2YdSv8A7NpP7QHwK0zx/odvLL+7vPHXwK8T7bSwtISTturrwV8TPHGqTyRhfMtvDoExbybcIAf6WdABQAUAFABQAUAFABQAUAFABQAUAFABQAUAFABQAUAFABQAUAFABQAUAFABQAUAFABQB//T/v4oAKACgAoAKACgAoAKACgD+M3/AIPXv+TAv2Yf+zrrf/1VnjygD+tH9nj/AJIB8Df+yPfDP/1C9EoA9hoAKACgAoAKACgAoAKACgAoAKACgAoAKACgAoAKACgAoAKACgD/AD2P+CmH/K4X+w7/ANjX+xp/6HqNAH+hPQAUAFABQAUAFABQAUAFABQAUAFABQAUAFABQAUAFABQAUAFABQB/ns+EP8AleXu/wDsavG//rrDxBQB/oTUAFABQAUAFABQAUAFABQAUAFABQAUAFABQAUAFABQAUAFAHPeLfC2heOfCnibwT4osItV8M+MfD2teFvEWlzjMGpaF4g0250nV7CYd4rzT7u4t5B/ckPrQB/jsf8ABOLxTrv/AATA/wCC7fwQ0Pxffy6dJ8A/21PEX7M3xK1K5P2WBPCviHxZ4j/Z08ea3dx/LFNYW3h7xHqfiKPAeGRLa2urUlltpFAP9kigAoAKACgAoAKACgAoAKACgAoAKACgAoAKACgAoAKACgAoAKACgAoAKACgAoAKACgAoA//1P7+KACgAoAKACgAoAKACgAoA/jN/wCD17/kwL9mH/s663/9VZ48oA/rR/Z4/wCSAfA3/sj3wz/9QvRKAPYaACgAoAKACgAoAKACgAoAKACgAoAKACgAoAKACgAoAKACgAoA/wA9j/gph/yuF/sO/wDY1/saf+h6jQB/oT0AFABQAUAFABQAUAFABQAUAFABQAUAFABQAUAFABQAUAFABQAUAf57PhD/AJXl7v8A7Grxv/66w8QUAf6E1ABQAUAFABQAUAFABQAUAFABQAUAFABQAUAFABQAUAFABQAUAf5KX/B1h+zrN+zv/wAFkPi34w0e2l0jQ/2j/A3ww/aK8NyWge3SHVNR0mX4feMbm2uotrC/u/iH8NfE3iK5KuLiCfWY5PkSS3ZwD/Tx/YB/aKg/a3/Yj/ZR/aVS5iub74z/AAF+GXjjxF5JQpaeM9T8LacPHWlEx4j83RfGUOu6RPsGwTWUgXCgUAfXlABQAUAFABQAUAFABQAUAFABQAUAFABQAUAFABQAUAFABQAUAFABQAUAFABQAUAFAH//1f7+KACgAoAKACgAoA/l+/4KSf8ABw3dfBz9sLwT/wAEzf8AgnH8JvB37Uv7cPjPx9oXww13WPHes6nZfAj4SeOtfvEtE8LeI28MX2m+IPGOv+GY2bU/iNb6br/hfRfAGnQXUGpeIr7xFp3iDw9oIB5Z+2N/wWY/4KYf8EZ/i38BIv8Agpv8IP2V/wBor9l/4+m/sYfjB+xhpPxS+HXjb4feJtCbTJ/GWg3nhr4s+M/FmjeK7nQtP1e01Pwrpcz+Cv8AhNdIivJ/+Eo0zUtO1XTrIA/p7+BPxy+FX7S/wf8Ah38evgh4z0r4gfCj4qeGbDxb4J8W6NIzWmqaRfqw2TQSpFd6bqum3cVzpWu6JqMFrq2g63Y6hour2dnqdjeWsQB/JN/wevf8mBfsw/8AZ11v/wCqs8eUAf1o/s8f8kA+Bv8A2R74Z/8AqF6JQB7DQAUAFABQAUAFABQAUAFABQAUAFABQAUAFABQAUAFABQAUAFAH+ex/wAFMP8AlcL/AGHf+xr/AGNP/Q9RoA/0J6ACgAoAKACgAoAKACgAoAKACgAoAKACgAoAKACgAoAKACgAoAKAP89nwh/yvL3f/Y1eN/8A11h4goA/0JqACgAoAKACgAoAKACgAoAKACgAoAKACgAoAKACgAoAKACgAoA/hK/4PdP2bv7U+E37FP7XOmWGJfBXj3x5+z34yv4ot8lxZfELQofiF4AS7cAtFa6RefDv4gJA7bYjc+IzGzebLArAH6Af8Gen7SP/AAuD/glTdfBjUb/ztd/ZW+O3xB8AWtlJL5tzF4F+IT2nxf8ADV+5JLra3HiTxn490eyjcnyo/DzxRhYI4UUA/q1oAKACgAoAKACgAoAKACgAoAKACgAoAKACgAoAKACgAoAKACgAoAKACgAoAKACgAoA/9b+/igAoAKACgAoA/O7/grL+2BdfsGf8E5/2s/2qNIeNPFvw2+F13afDt5kgmhh+KPj/VdL+G3wxu7i1uP3d7Zad488X+HtT1KzwWudNs7yMbcl1AP8z/8A4Ng7e9+Jf/Bd39lrxX4z1C+8T66p/aT+IWs6vrt1Pqmp634nuv2ffi48uuatf3kst1farLres/21Nf3Ms1zPqSC6mkeUs9AH9a3/AAem+G7LUv8Agl78D/ETwodS8M/tvfDmO2utgMken658FPj/AGuo2it1SK5urfSZ5MZ3PYQgjjcoB8F/8GUv7b3iLVV/ad/4J7+LtZutR0Xw3otp+038F7G5l8xfD1lNr2keBfjPo9pJKWePTb/WfEPwy8QadpVs0dra6pd+MNVELXOs3szAH17/AMHr3/JgX7MP/Z11v/6qzx5QB/V5+z1r2hr8AvgcraxpSsvwf+GgZTqNoCCPBeiAggyZBB4IPSgD2D+39C/6DWk/+DK0/wDjlAB/b+hf9BrSf/Blaf8AxygA/t/Qv+g1pP8A4MrT/wCOUAH9v6F/0GtJ/wDBlaf/ABygA/t/Qv8AoNaT/wCDK0/+OUAH9v6F/wBBrSf/AAZWn/xygA/t/Qv+g1pP/gytP/jlAB/b+hf9BrSf/Blaf/HKAD+39C/6DWk/+DK0/wDjlAB/b+hf9BrSf/Blaf8AxygA/t/Qv+g1pP8A4MrT/wCOUAH9v6F/0GtJ/wDBlaf/ABygA/t/Qv8AoNaT/wCDK0/+OUAH9v6F/wBBrSf/AAZWn/xygA/t/Qv+g1pP/gytP/jlAB/b+hf9BrSf/Blaf/HKAD+39C/6DWk/+DK0/wDjlAB/b+hf9BrSf/Blaf8AxygA/t/Qv+g1pP8A4MrT/wCOUAH9v6F/0GtJ/wDBlaf/ABygA/t/Qv8AoNaT/wCDK0/+OUAf58f/AAUsv7GX/g8D/YfvI720ktI/Ff7G2+6S5he3TY+ob906t5a7eN24jb37bgD/AEHP7f0L/oNaT/4MrT/45QAf2/oX/Qa0n/wZWn/xygA/t/Qv+g1pP/gytP8A45QAf2/oX/Qa0n/wZWn/AMcoAP7f0L/oNaT/AODK0/8AjlAB/b+hf9BrSf8AwZWn/wAcoAP7f0L/AKDWk/8AgytP/jlAB/b+hf8AQa0n/wAGVp/8coAP7f0L/oNaT/4MrT/45QAf2/oX/Qa0n/wZWn/xygA/t/Qv+g1pP/gytP8A45QAf2/oX/Qa0n/wZWn/AMcoAP7f0L/oNaT/AODK0/8AjlAB/b+hf9BrSf8AwZWn/wAcoAP7f0L/AKDWk/8AgytP/jlAB/b+hf8AQa0n/wAGVp/8coAP7f0L/oNaT/4MrT/45QAf2/oX/Qa0n/wZWn/xygA/t/Qv+g1pP/gytP8A45QAf2/oX/Qa0n/wZWn/AMcoAP7f0L/oNaT/AODK0/8AjlAB/b+hf9BrSf8AwZWn/wAcoA/z5PCF/Yj/AIPjbu+N5afYv+Eq8bn7Z9ph+y4P/BLPX4h/pG7yuZSI/vf6z5PvHFAH+g3/AG/oX/Qa0n/wZWn/AMcoAP7f0L/oNaT/AODK0/8AjlAB/b+hf9BrSf8AwZWn/wAcoAP7f0L/AKDWk/8AgytP/jlAB/b+hf8AQa0n/wAGVp/8coAP7f0L/oNaT/4MrT/45QAf2/oX/Qa0n/wZWn/xygA/t/Qv+g1pP/gytP8A45QAf2/oX/Qa0n/wZWn/AMcoAP7f0L/oNaT/AODK0/8AjlAB/b+hf9BrSf8AwZWn/wAcoAP7f0L/AKDWk/8AgytP/jlAB/b+hf8AQa0n/wAGVp/8coAP7f0L/oNaT/4MrT/45QAf2/oX/Qa0n/wZWn/xygA/t/Qv+g1pP/gytP8A45QAf2/oX/Qa0n/wZWn/AMcoAP7f0L/oNaT/AODK0/8AjlAB/b+hf9BrSf8AwZWn/wAcoAP7f0L/AKDWk/8AgytP/jlAB/b+hf8AQa0n/wAGVp/8coA/Er/g4q+BWi/tQf8ABHj9svwrp9zpeoeKPhr4Es/2gfCRiu7W4u7W/wDgZrVh8Q/EJsIFcvLeal4A0fxloEccQaaRNYkSFWmZFoA/kX/4MqP2kf8AhBv21v2mf2YdSv8A7NpP7QHwK0zx/odvLL+7vPHXwK8T7bSwtISTturrwV8TPHGqTyRhfMtvDoExbybcIAf6WdABQAUAFABQAUAFABQAUAFABQAUAFABQAUAFABQAUAFABQAUAFAHzl8F/jtd/Ff4sftd/DW48N2+iwfsxfHDwX8IrHVodSlvZfF9t4s/Zi/Z/8A2hJNcu7R7O2TR57K8+Nd14XSxhn1COe28Pwao11HLqMllaAH0bQAUAFABQAUAf/X/v4oAKACgAoAKAP5a/8Ag8D16/0f/gjzq2n2bXC2/ir9pb4H6DqghZxG9hbjxd4njW7C8NbjU/DenOqyZT7Utqw+dUKgH8a3/BqD/wAptv2bv+xC/aJ/9UZ46oA/rq/4PNf+UTfw9/7PV+EH/qrPjxQB/Kf/AMGims6lpn/BZf4fWViZxa+IvgR8eNG1kROUjbTYPC9r4giFyoIEkH9r6FpTKjZAuVt5MBkU0Af6AX/BZv8A4JJeHv8AgsF+z38O/gXrfxw1v4Cz/Dr4s2XxQ0/xZpPgaw+IcGoiHwt4l8MXeg33h288SeEJFFwuvQX1tqdtr8RtJLCSCWwvUvQ9oAfzg6T/AMGOfwwhklOuf8FFfHuowlAIE0n9m7w/o0kcm75nllvPjDryzIV4EaQwMrfMZWHyUAbn/ED38C/+j/8A4s/+GP8AB/8A83VAB/xA9/Av/o//AOLP/hj/AAf/APN1QAf8QPfwL/6P/wDiz/4Y/wAH/wDzdUAH/ED38C/+j/8A4s/+GP8AB/8A83VAB/xA9/Av/o//AOLP/hj/AAf/APN1QAf8QPfwL/6P/wDiz/4Y/wAH/wDzdUAH/ED38C/+j/8A4s/+GP8AB/8A83VAB/xA9/Av/o//AOLP/hj/AAf/APN1QAf8QPfwL/6P/wDiz/4Y/wAH/wDzdUAH/ED38C/+j/8A4s/+GP8AB/8A83VAB/xA9/Av/o//AOLP/hj/AAf/APN1QAf8QPfwL/6P/wDiz/4Y/wAH/wDzdUAH/ED38C/+j/8A4s/+GP8AB/8A83VAB/xA9/Av/o//AOLP/hj/AAf/APN1QAf8QPfwL/6P/wDiz/4Y/wAH/wDzdUAH/ED38C/+j/8A4s/+GP8AB/8A83VAB/xA9/Av/o//AOLP/hj/AAf/APN1QAf8QPfwL/6P/wDiz/4Y/wAH/wDzdUAH/ED38C/+j/8A4s/+GP8AB/8A83VAB/xA9/Av/o//AOLP/hj/AAf/APN1QAf8QPfwL/6P/wDiz/4Y/wAH/wDzdUAJ/wAQPfwMzx+3/wDFjHf/AIsf4Pz+f/Cdeme3PtigBf8AiB7+Bf8A0f8A/Fn/AMMf4P8A/m6oAP8AiB7+Bf8A0f8A/Fn/AMMf4P8A/m6oAP8AiB7+Bf8A0f8A/Fn/AMMf4P8A/m6oAP8AiB7+Bf8A0f8A/Fn/AMMf4P8A/m6oAP8AiB7+Bf8A0f8A/Fn/AMMf4P8A/m6oAP8AiB7+Bf8A0f8A/Fn/AMMf4P8A/m6oAP8AiB7+Bf8A0f8A/Fn/AMMf4P8A/m6oAP8AiB7+Bf8A0f8A/Fn/AMMf4P8A/m6oAP8AiB7+Bf8A0f8A/Fn/AMMf4P8A/m6oAP8AiB7+Bf8A0f8A/Fn/AMMf4P8A/m6oAP8AiB7+Bf8A0f8A/Fn/AMMf4P8A/m6oAP8AiB7+Bf8A0f8A/Fn/AMMf4P8A/m6oAP8AiB7+Bf8A0f8A/Fn/AMMf4P8A/m6oAP8AiB7+Bf8A0f8A/Fn/AMMf4P8A/m6oAP8AiB7+Bf8A0f8A/Fn/AMMf4P8A/m6oAP8AiB7+Bf8A0f8A/Fn/AMMf4P8A/m6oAP8AiB7+Bf8A0f8A/Fn/AMMf4P8A/m6oAP8AiB7+Bf8A0f8A/Fn/AMMf4P8A/m6oAP8AiB7+Bf8A0f8A/Fn/AMMf4P8A/m6oAP8AiB7+Bf8A0f8A/Fn/AMMf4P8A/m6oAP8AiB7+Bf8A0f8A/Fn/AMMf4P8A/m6oAP8AiB7+Bf8A0f8A/Fn/AMMf4P8A/m6oAT/iB7+Bmf8AlIB8WMen/CjvB+fz/wCE7x+GPx7UAL/xA9/Av/o//wCLP/hj/B//AM3VAB/xA9/Av/o//wCLP/hj/B//AM3VAB/xA9/Av/o//wCLP/hj/B//AM3VAB/xA9/Av/o//wCLP/hj/B//AM3VAB/xA9/Av/o//wCLP/hj/B//AM3VAB/xA9/Av/o//wCLP/hj/B//AM3VAB/xA9/Av/o//wCLP/hj/B//AM3VAB/xA9/Av/o//wCLP/hj/B//AM3VAB/xA9/Av/o//wCLP/hj/B//AM3VAB/xA9/Av/o//wCLP/hj/B//AM3VAB/xA9/Av/o//wCLP/hj/B//AM3VAB/xA9/Av/o//wCLP/hj/B//AM3VAB/xA9/Av/o//wCLP/hj/B//AM3VAB/xA9/Av/o//wCLP/hj/B//AM3VAB/xA9/Av/o//wCLP/hj/B//AM3VAB/xA9/Av/o//wCLP/hj/B//AM3VAB/xA9/Av/o//wCLP/hj/B//AM3VAB/xA9/Av/o//wCLP/hj/B//AM3VAB/xA9/Av/o//wCLP/hj/B//AM3VAB/xA9/Av/o//wCLP/hj/B//AM3VAB/xA9/Av/o//wCLP/hj/B//AM3VAB/xA9/Av/o//wCLP/hj/B//AM3VAH1F+xj/AMGnNh+wd+0l8Of2qPgD/wAFFfiVo/xT+GMniQ+H7jVv2fvA2r6RPbeLfCWu+CdesdV0q88by2eoWd7oPiLUYfJnibybhoLuForq2t5kAP33/wCGdv2/P+kjmm/+IbfCr/5s6AD/AIZ2/b8/6SOab/4ht8Kv/mzoAP8Ahnb9vz/pI5pv/iG3wq/+bOgA/wCGdv2/P+kjmm/+IbfCr/5s6AD/AIZ2/b8/6SOab/4ht8Kv/mzoAP8Ahnb9vz/pI5pv/iG3wq/+bOgA/wCGdv2/P+kjmm/+IbfCr/5s6AD/AIZ2/b8/6SOab/4ht8Kv/mzoAP8Ahnb9vz/pI5pv/iG3wq/+bOgA/wCGdv2/P+kjmm/+IbfCr/5s6AD/AIZ2/b8/6SOab/4ht8Kv/mzoAP8Ahnb9vz/pI5pv/iG3wq/+bOgA/wCGdv2/P+kjmm/+IbfCr/5s6AD/AIZ2/b8/6SOab/4ht8Kv/mzoAP8Ahnb9vz/pI5pv/iG3wq/+bOgA/wCGdv2/P+kjmm/+IbfCr/5s6AD/AIZ2/b8/6SOab/4ht8Kv/mzoAP8Ahnb9vz/pI5pv/iG3wq/+bOgA/wCGdv2/P+kjmm/+IbfCr/5s6AD/AIZ2/b8/6SOab/4ht8Kv/mzoAP8Ahnb9vz/pI5pv/iG3wq/+bOgA/wCGdv2/P+kjmm/+IbfCr/5s6APWP2WP2avEf7P8/wAdvFHj34w6l8bvib+0T8W9L+LnxB8ZXXgrw78PNMTU/D/wa+FHwM0DSdA8I+G5by00zT7LwV8H/DL3cs+pX9zqGs3Gp3xa3initYAD6yoAKACgAoAKAP/Q/v4oAKACgAoAKAP5+P8Ag6C+BmsfHH/gjB+1IPD1lLqGufCG5+HHxztrSGKSVzo/w98d6K/ji9Plhmii0f4d6p4u1ueUo8aw6bIJDFGzzxAH8IP/AAaj3MUH/Bbr9mOKRgHvPBX7RdtACQN0q/AL4iXZUepENrM2Bk4UnoCVAP66/wDg87uI4f8Agk/8M43OGu/23PhHbxe8i/CL9oG7I/79W0p79PYlQD+er/gy8+BWreOf+Cjfxq+Ob2F0/hT4D/sza7pc2qxITa2vjv4ueMfDGi+FdMupMbVOpeEfDfxMvIEyHd9HYqCiSFQD/TvoAKACgAoAKACgAoAKACgAoAKACgAoAKACgAoAKACgAoAKACgAoAKACgAoAKACgAoAKACgAoAKACgAoAKACgAoAKACgAoAKACgAoAKACgAoAKACgAoAKACgAoAKACgAoAKACgAoAKACgAoAKACgAoAKACgAoAKACgAoAKACgAoAKACgAoAKACgAoAKACgAoAKACgAoAKACgAoAKACgAoAKACgAoAKACgAoAKAP/9H+/igAoAKACgAoA53xf4S8NePvCfijwJ4z0Wx8R+D/ABr4d1vwl4r8PapF5+m694a8R6bdaPrui6jBkedY6ppd5dWN3FkeZbzyJkZzQB/mR6n+wl8Q/wDg2/8A+C4H7Nf7Tfj/AEHxfrv/AAT7tfjN4gt/BH7RGnaPqXiDRfDnwp+Mnhbxj8LNV8MfEvUbCyMOmfEb4aeG/HN7eanpc0cN14503QG8TeDrK7e6n0rSwD9If+Dpb9sv4af8FHfDv7E//BPP/gnf4u0D9tX4p+M/izcfHrW9H/Zp1zTPi5Z6OmleC9a8C/D/AE/VNX8GXmq6LYajqtp8Q/Geuavb6hfWz+D/AA/oseueKzoelapp95cAH9E//BBf/glFa/8ABJ79inTvht4vk0jV/wBo/wCLurQfEv8AaL8R6NcfbtLi8UvZfYvDnw90HUNifbfDnw20NzpUN4m631bxPqHi3xFZeVYa5a2lqAfbHiH/AIKY/wDBOjwl8QpfhN4p/bx/Y98OfEu2vzpN34I1v9pD4Q6Z4jsNY82OBdE1LTLzxdDPp2uSTSxxQaLfiDVJ3dBDZuWUMAfa9rdWt9a219Y3MF5ZXkEN1aXlrNHcWt1a3EazW9zbXELPFPBPE6SwzRO8csbq6MysDQBPQAUAFABQAUAFABQAUAFABQAUAFABQAUAFABQAUAFAHzx8fP2uf2V/wBlax0zUv2l/wBo/wCB3wCtNbEn9hH4wfFPwV8PJ9fMJImTQLTxTrOmXmtyRbXMselQXciBHLqqo5UA6j4L/tB/Ab9o/wALP44/Z7+Nfwn+OngyO6NjN4q+EPxD8JfEfw9b34Xe+n3Wr+ENX1ixtdQjX/W2NzPFdxEMJYUZStAHr9ABQAUAeW/Fr45fBT4BeGj40+O3xg+F3wV8HCUwHxZ8WviB4T+HPhoTqoZof7d8Yato+l+cFIYx/aS+GB28g0AeafBD9tj9jj9pjU7jQ/2df2rv2cPjtrtnb3N5eaD8IfjZ8N/iLr1nZ2ciRXN5d6J4T8R6rqlrZwvJFvup7RLfbNBIJTHNG7gH07QAUAFABQAUAFABQAUAFABQAUAFABQAUAFABQB88fHz9rn9lf8AZWsdM1L9pf8AaP8Agd8ArTWxJ/YR+MHxT8FfDyfXzCSJk0C08U6zpl5rckW1zLHpUF3IgRy6qqOVAOo+C/7QfwG/aP8ACz+OP2e/jX8J/jp4MjujYzeKvhD8Q/CXxH8PW9+F3vp91q/hDV9YsbXUI1/1tjczxXcRDCWFGUrQB6/QAUAFABQByvjPx14J+HHh+88W/EPxj4V8B+FdO2f2h4m8Z+IdJ8L+H7HzDiP7ZrOuXljp1rvIITz7lNxGBnFAHnvwY/aU/Z3/AGj7bxRe/s9/Hb4P/HXT/BOr2+geL9S+D3xI8IfErS/DOu3VoL+DRdb1Pwbq+sWGnas9mRcnTrq4jvEhZXkgQFdwB7ZQAUAFABQAUAFABQAUAFABQAUAFABQAUAFAHyr8dv26f2LP2Xta0/w1+0f+1p+zj8CvEuqxQ3GneGfix8Z/h74D8SXtnOyrHqFv4f8SeINP1iTTMunmamtn9ghVlea5RWBoA9u+GvxT+GPxm8H6X8Qvg/8RvAnxW8A64rvovjj4beLvD/jnwhq6RkLI2l+JfC+o6ro1+sbELIbW9lCEgNg0Ad5QAUAFAHyn8d/27P2Kv2XdVg0D9o79rT9nL4G+IruGK5tfDPxT+M3w+8EeKLu1mVHiu7Xw14g16x1y5tGSRH+1wWD24R0dpArKzAHpHwW/aL/AGfv2kfDs/i79nn45fCH46+FrWZLa78RfB/4keDviVotldP5m20vdS8HaxrFpZ3eYpQbW6lhuFaKVGiVo3FAHslABQAUAFABQAUAFABQAUAFABQAUAFABQAUAFAGXreuaL4Z0fU/EPiPV9L8P6BotlcalrGua3qFppWj6Tp1nE013qGp6nfywWVhZWsKNLcXV1NFBDErSSSKis1AHE/CP4y/CX4++BdM+KHwP+JXgf4ufDbWr7XdO0Xx98OfE2keMfB2s3nhjXdR8M6/FpHiPQbu/wBI1MaVr+kanpN3LY3c8KXtlcRCRihLAHpVABQAUAfL/wAcv22/2Nv2Y9Qg0f8AaM/at/Zz+Bet3UVpcWug/Fr40fDvwBr93bXzmO1urXQvE/iLS9WubSYq7C6gtJLdYopp3lSGGR0APWfhb8YvhH8cvCsPjr4KfFP4cfGHwRcXMlnB4x+Fvjjwz8QfCs93DHDNNaw+IfCWp6vpElzFDcW8skCXZlSOeGRlCSozAHo9ABQB/9L+/igAoAKACgAoAKAMrW9C0TxNpN9oPiTRtK8QaHqcP2bUtG1vT7TVtJ1C3LK/kX2nX8NxZ3cO9EfyriF0LIrYBUGgDgvhz8Dvgp8HW1NvhH8H/hb8LG1tw+st8Ofh/wCE/BDau4lknD6mfDOkaYb9xPLJMGujKRK8kmS7szAH8Rf/AAdo/wDBaf4j/CbxBD/wTG/Za8b6v4G1zUvCmmeJ/wBrPx/4V1CbSvE0Wh+MLCDU/BvwR0XWrKaHUtDg17w1cQeL/iNNZeRca34Z8QeE/DUWo/2LqXjHSdSAP0+/4J2f8EXP2PvHn/BBL4TfA/xV8CvhvrPxE/av/ZQ0b40+KPipqvhLQ7v4m2nxd+NHgQfEHwF4psPGk9i2vaTqPwvk8SeHtH8MWtlfW9hZafoctjc2txDq2vJqQB/OT/waof8ABaD4i/BD9ofwR/wTc/aD8b6n4j/Z4+Omp/8ACK/AC58UahdX03wT+M968svh3wd4dubqWWay8B/FbUXfw0vhWJHsNL+Ieo+HdV0eHSYtb8Yz6kAf6X1ABQAUAFABQAUAFABQAUAFABQAUAFABQAUAFABQB+ZH/BXr/gox4X/AOCXP7DHxT/aj1WwsvEHjaA2fw/+CPg3UGdbPxl8Z/GNtqC+D9M1ERT2sz6Do0Gnav408VxW13a303hLwrrkOmzrqctmGAP45P8Ag1j+GMv/AAVA/bu/bh/4KAft4NB+078VPhP4c+Gdj4avvi9YWHi/Q9J8Z/GvWfiBdrrOgeGdVtLjw/o8Pgbw18NL/wAO+CNE0zTrbQfBWk+I2h8Pabpz2+myWgB8zf8ABaLxn42/4INf8F37L48fsDCx+D3h34vfCb4Y/H7xH8GfDkb6N8H/ABppHiHxT4z8E/EX4ceIvBuktaaW/gzxf4i+GWr+IzptrDA/hTXtdOueDW0HUNN0SeyAP9FP9jb9qj4b/tufsufBD9q34SzyP4E+N3gTTPGGm2VxIk1/4e1Nnn0zxV4O1aWJVhfXPBHi3Ttc8Ia41vutjq+iXptZJbcxyMAfTFAHx9+3J+0Z8QP2Z/gJqHi/4NfB/XPj38d/Gfinwr8JfgP8KdJttRXS/E3xa+Imo/2R4XuPHviGyhe08EfDLwwq3/i74heMdavNJ0zS/C2g6lBHqlvq97pUc4B/Nd8b/wDg1U8Z/t2f2p8cP+Cgf/BS/wCOPxN/bB8VafPPPrPg7wj4YP7Pvwxu70TTxeCfh18NtfWDWB8PvDtw9tbWdrouufDj+20tbnVbnSNK1TVbh4AD/P8A/wBsD9mj4/8A/BK79uT4k/s/a141vfDXxq/Zx8baTd+GPih8NNa1Tw9dXdlqui6T4z+H3xC8Iaxp9zb6vocuv+Edf0PW0tku01LQrq9utEv5Bf2F2lAH+t1/wRH/AGyPiJ+3x/wTA/ZW/ad+LgSX4peMPDXizwx8QNWh0230q18T+KPhb8Q/Fvwu1LxfbWVltsID4sfweviC/g06C00601bUNQsbGysrW2itogD9WKACgAoAKACgAoAKACgAoAKACgAoAKACgD8yP+CvX/BRjwv/AMEuf2GPin+1HqthZeIPG0Bs/h/8EfBuoM62fjL4z+MbbUF8H6ZqIintZn0HRoNO1fxp4ritru1vpvCXhXXIdNnXU5bMMAfxyf8ABrH8MZf+CoH7d37cP/BQD9vBoP2nfip8J/DnwzsfDV98XrCw8X6HpPjP416z8QLtdZ0DwzqtpceH9Hh8DeGvhpf+HfBGiaZp1toPgrSfEbQ+HtN057fTZLQA+Zv+C0XjPxt/wQa/4Lv2Xx4/YGFj8HvDvxe+E3wx+P3iP4M+HI30b4P+NNI8Q+KfGfgn4i/DjxF4N0lrTS38GeL/ABF8MtX8RnTbWGB/Cmva6dc8GtoOoabok9kAf6Kf7G37VHw3/bc/Zc+CH7VvwlnkfwJ8bvAmmeMNNsriRJr/AMPamzz6Z4q8HatLEqwvrngjxbp2ueENca33Wx1fRL02sktuY5GAPpigAoA/id/4Lhf8HU1r+zR418Zfshf8E34fDfj745eGdRn8MfEn9o7V7Sw8XfD34b+JLdzbaj4R+GHhtjcaV8Q/HejXu6x1rXddiu/BHhvVbefRI9E8Z6idQ/sAA9K/4Jpf8G+/jf8AaX0/wh+3N/wXS+JnxX/a3+PXxB0mHxh4T/Zh+LXizxLL4B+DVh4gjW902Dx7okep2sdz4rXTHs2k+F+iWXhf4feAmkuvDur6B4j1C1T+xgD+sv4S/BT4OfAPwhafD/4G/Cj4cfBzwLYEPZ+Dvhd4J8N+AvDFvII0iM0eh+FtN0vTRO0caLJObYzSbQZJGPNAHptABQAUAFABQAUAFABQAUAFABQAUAFABQB+BX/Bw9/wVpv/APglV+xfFqvwuuLH/hqT9obVdW+HPwBF/aWuo2vhM6ZZWl54++LN7pd8Hs9Tg+H2k6ppVvpFhdQ3lnP428UeEP7W0zUdATV7VwD8Sf8Ag0Y/ZA+F/wC0/wDB/wDbI/b+/au8H6F+0r8bfid8fNV+CI8afHvS7H4sawukaJ8P/B/jbx9qYn8c22tG41Lx/efE/T9L8R6tcia9vdO8MwaQk8VhLqNvdgH42eNv2vvHX/Buj/wXv/al8AfACXWYf2QofjL4V1L4nfs22mo3L+DfEHwb+Lfgrwj8U7HTvD+lXN0LOx8Z/C/QfiG1r8MPErOupWB0iDQNXvrzw5q3iLTdQAP9RD4f+PPCPxT8B+Cfid4A1yz8TeA/iN4R8N+O/BXiTTy5sPEHhLxdo9l4g8Oa3YmRI5Daaro+oWd9bGREk8mdN6KxK0AddQB/NV/wcz/8FdPHP/BMX9kzwX4L+AGqQ6J+1B+1Tq3inwr8PvFjwQXkvww8A+DrHSZfiR8R9NtbmO4tJPFdrL4o8LeGvBseoW/2WDUPEF94lj+1zeE/7OugD8VP+DOX9l74b/tCz/tzftq/tFeGdL+O/wAYH8b+Cfhh4d8Y/F+xi+Ius6XLrWka140+JuvjUPF39sy3nibxrNqPhG11XxBdrLrUdho9xZQagtnrusW90AflD/wWz/4Tz/gih/wXR8YfFb9gDXrn9naHxj4V+G/x/wDDfhDwXGdM8ANZ+NUutO8f+BNW8G27waFrnwz8T+PfBnifVbrwPd2p8P6dHqa6fotppsej6Q1gAf6Mv/BMX9u/wX/wUm/Yl+CX7XHg+wg0C5+IOh3On+PvBkV19rbwJ8UPCl9ceHvH/hPzXdrl7Cz1+xuL/wANXd6sF5q3hHUfD+tzW0H9pLGoB980AFABQAUAFABQBy3jnxr4Z+G3gnxh8RfGmpHRvB3gHwt4g8a+LNXWx1HUzpXhnwtpN3rmvakNN0i01DVtQNjpdjdXQsdLsL3UbsxeRZWlzcyRQuAfzqfG/wD4Oxv+CPfwYvtV0ey8e/Hn4ta9o0j297oHw+/Z78eeHNVjuo1DNamL45w/BuGKU5Xa1zPDC4ZZEmMLq9AH7ieD/wBrf9nzxj+yv4a/bTh+JPh3w/8As3eJfhJpXxuHxK8V6jZ6FouheANU0KDxA9/4luLi4aDR77SraZrDWdLmme80/Wre50d421CIwMAflv8AsVf8HF//AATU/b4/avj/AGPfgL4s+Kh+JOtw+Kpfh14g8cfDabwp4D+LDeDtI1DxJrVv4I1KXWLzxHbXa+F9H1rxJaWvjvwp4Jmu9N0m8ihQ6obbTrgA/digAoAKACgD4X/bA8bf8FB7C40HwH+wh8Df2f8AxHrfiLRL6/1v49ftQfFjXvDHwm+GV9Bdi2tNIb4XfDXw54j+K3xK12+tjJqEMVjdeC/DVoiwR3fiaWeWa1gAP8q//guH+0r/AMFUdT/bD+NH7Jv/AAUV/aX1H4jeIfg14m0WK4+Hvw01i68Pfs5RWniLwzoPj3wXr3g74e6VpHhHR7pLzwj4m0C/sdc8V+G5vHEcdwLbW9Sn1CG4dgD/AEHP+DVr/lBx+yH/ANh79pH/ANac+L9AH9DlABQB+H3/AAWx/bl/aT/Z8+HXws/ZN/YB8B6j8TP+ChH7b1/4w8E/AnTdJbTGb4WeDfCelWl38TvjprD6vNDoelw+DLHWNLtPD2qeK7rTfCun61qMniXV7q/07wlqOg6qAfwv/ta/8Gs3/BaHwr4F8fftTfETV/hd+1J48mtdS8e/EnQPA3xg8ffE79oTWZoiJ9a1K6Tx14D8PR/EDxDHZrLfSWHh3xf4n8QapHavZaNaarqL2VjcAH4/f8EyP+Clv7QX/BL79prwV8efg14k16fwpBrmmxfGH4OjX9Q0/wAE/GbwEHktta8MeJ9KSSTS5dWi028v5/BviW70+9vfB/iT7FrVjHKsNxZ3YB/tk+HNf0rxX4e0LxToV0l9ofiXRtL1/Rr2P/V3mlazYwajp10nX5Li0uYZV56P3oA2aAP/0/7+KACgAoAKACgAoAKACgD/AA6f+CmXxq1b9on/AIKGftrfGjWLq5upPHn7Tfxl1DShdztcS2HhWx8c6zo3grRRMzyFoPD/AIP03Q9DtArbEtdOhjjCRqiUAf7KH/BOyJIP+Cfn7C0EY2xw/sc/sxxRqOipH8FPBCKB9FAFAH+I0ni3xB8MvjKvjrwVqU+h+Kvh98TR4t8JaxaMUutH8QeFPFX9saDqVs6lWSfT9RsLW6hZWUrJEpBGAaAP93D4W+ObT4n/AAx+HPxLsIDa2HxD8CeEPHNlbM4ka3tPFvh/T9ftoGcZDmGHUEjLg4YrkZyKAO7oAKACgAoAKACgAoAKACgAoAKACgAoAKACgAoA/wA+b/g+B+NWrSeJv2Cf2dbO6uYNCstC+Mfxq8Q2Szt9j1XVtT1Dwl4G8G3U1sH2G50Cz0jx3FbTvGWEXiW6jjdQ0qsAerf8GOUSD4a/8FGJwP3knjn9mmJ27lIdA+NLxj8GnlI/3j60Afnb/wAHsMSD/go5+zLOB+8k/Ym8MRMfVIfjt8dXjH4NPIfxoA/cT/gy4+NeseN/+CdXx0+DOs3lzexfA39pzWJ/C4ml3Q6V4R+KPgnwt4iTRbSIsTFCnjTSvHOuyYCq9z4gnIBYO1AH9iNABQB8lftb/t2/sh/sJ+BLj4h/tYfH34d/BnQ1sbu+0rTfEuuQv4z8WizH76z8CeANNF9428dakG+U2HhTQtVuY/mknSKFJJFAP8kL9un9rn4Nf8FZf+CuXjr9ob4x+PtZ/ZU/Zs+M/wARPCPhT/hPNS8G6l8UNd+FHwb8B+DtF8BeHvEWpeBvCdxHqGsa7rVh4Yt/EGuaHo19fQ6NrniXUYba+1jT9NS4ugD/AFtv2Bfhn+zV8Hf2Mv2cPhr+x5r+j+Lf2afCvwu0C1+EvjDQ9as/Edn4z8P3iS6nd+M7nXNPSKz1PXPF2uX2q+I/EtzBb2at4j1PVQbDT3VrKAA+vKACgAoAKACgAoAKACgAoAKACgAoAKACgD/Pm/4PgfjVq0nib9gn9nWzurmDQrLQvjH8avENks7fY9V1bU9Q8JeBvBt1NbB9hudAs9I8dxW07xlhF4luo43UNKrAHq3/AAY5RIPhr/wUYnA/eSeOf2aYnbuUh0D40vGPwaeUj/ePrQB+dv8AwewxIP8Ago5+zLOB+8k/Ym8MRMfVIfjt8dXjH4NPIfxoA/cT/gy4+NeseN/+CdXx0+DOs3lzexfA39pzWJ/C4ml3Q6V4R+KPgnwt4iTRbSIsTFCnjTSvHOuyYCq9z4gnIBYO1AH9iNAH85n/AAc7/wDBRvxT/wAE/v8AgnJrGk/CjWm0L45/tWeJLn4C+BNbsrx7TW/BnhPUPD2p6p8VfiDojwmO4j1TR/DMNv4T0fUrO4tr7w/4l8d+H/EdnKZtJVGAP84z/gjB4r/Zc+GX/BQv4KfHL9sO78SyfBn9nybWPjhN4Z8I/DrxR8TvEPjjx14DtFvPhzoNnoPhnTNTjtoNN8aXGj+N9X1TxNJpfhhNG8I6jp1/q1teanp0V0Af6Pv7OX/B01/wR7/aL8eaN8OV+NPjT4Ia/wCI9WGi6DfftA/D688B+D768kYrbNfePdM1LxR4L8K2d2VxDqHjXXfDNkjtHDc3EFxLFC4B/RDaXdpqFpa39hdW97Y3tvBd2V7aTx3Npd2lzGs1tdWtzCzw3FvcQuksE8TvHLG6yRsyMDQBYoAKACgAoAKACgAoAKACgAoAKACgAoAKAP8ALn/4PLfjVq3jz/gqF4A+EZurkeG/gP8AsyeBNPtNMedntE8VfEbxH4t8ceI9agh3lIJ9T0C58DaXdEIjyp4ctS5dFj2AH9Kn/BmrEkf/AAST8XOow0/7Y3xjlkP95x8P/gxACffy4UX6D6UAfx3/APB1XEkf/BcP9rF1GGn8M/s4Sye7j9m34UwA/wDfuFB+HsKAP7wv+DXH416x8aP+CLv7MMfiG8udR1n4Rap8UvgpNfXUvmvLo/gr4ha7c+C7OPLMY7bQvAWueFvDtrEcbbfR49qqhQUAf0JUAf5yn/B794b8RWv7SP7CXi+5kc+E9c+CHxW8N6LEVfYniLwr480LU/E8isTsLyab4y8Iq6qodRFGXLBkCgH2B/wY+ePNLvPgt+338MBer/bXh34o/BTx4+nMQrnS/GXhPxv4fivYATmZRd+BJoLoxqRbFrMTFftUAYA/Kj/g9QW3X/gqh8DWhZTK/wCwT8KzdKvVZh8f/wBp9U3n+81uIDjqE2noRQB+2n/Bkr4013Uv2IP2ufAN3Lcy+H/CX7UeneJdEWUFoLe/8bfCvwpY63BaytnClPBek3EtshEcUtwbgIJLyV3AP7TqACgAoAKACgAoAKAP4D/+D3f9m3RI9M/Yi/a50fQrS116XVviP+z34/8AEUFpCl3rNjLYaZ8QvhZp1/dpGssw0V9P+LEtklxJLhNWuBAIlik3gHhH/BCX4L/Hn/gtV+yh8Df2Hfj/AHniLwj/AMEtP+Cf2t+Lr/4t2XhTxRqmheKv2vPjL438e+JviX8NPhBrWv6abHUtI+Hfwg0PxQNa1e00m8a+tPtHh8w3VvrGqeCdc+HoB/Tb+xh/wbZ/8E2/2EP2w9O/bO+Bmn/GiTxt4VtNfi+GngDxz8RbPxX8NPhhqPifRtT8M6vrfhm3uPC9t451bUx4b1jU9H0x/HPjvxfDpqaleahHDJq6aXqOlAH79UAFABQAUAFAH+Qx/wAHTv8AynN/bL/7Bn7Nf/rKvwT/AM//AKqAP7zP+DVr/lBx+yF/2Hf2kf8A1p34wf5//VQB/Q3QAUAePJ8AfhAvx6n/AGnm8EWE/wAeJ/hXa/BFPiLd3mr3mqWHwrtfFN341Pg3RrG71GfQ9C0+/wDFN4dZ1q40XS7DUfEFzaaSuuXuoQaJo8NkAew0Af4m37XPwOP7QH/BXj9qL9nv9k/w7D4gj+Kf7fnxx+G/wS8P+HbdTo0tp4g+OvinSPDi6UmmwvDY+DdOtZUu4L1YhaaT4TtP7Qu2S2s55FAP9oT4QfD20+Enwl+F3wpsLyTUbH4ZfDrwT8PbPUJUaOW+tPBfhrTPDdveSI8s7pJcw6akzo88zKzkNLIQXYA9FoA//9T+/igAoAKACgAoAKACgAoA/wAHf9pvw1qHgv8AaS/aD8HasJhqvhP44fFjw1qQuP8AXjUNC8e6/pd4J84PnC4tZRJkffz0oA/2xv8Agnl/yYF+w3/2Z7+zP/6pbwVQB/h5+Ov+R38Y/wDY1eIf/TveUAf7qX7Kfhe/8D/su/s2+C9UgntdT8IfAP4PeF9RtroMLm3v/D/w88O6TeQXAbLCeG4tJI5gx3CRWzk5oA98oAKACgAoAKACgAoAKACgAoAKACgAoAKACgAoA/zdP+D3Xw1qFr+13+xX4xkE39la7+zh4w8NWZb/AFB1Dwn8Tr/VNTEfbzhb+NNJM/P3Gt84wKAPsz/gxz/5Jf8A8FFf+x9/Zu/9R74x0Afnb/wexf8AKRb9mL/syrw7/wCrz+N9AH6sf8GQ/he/tP2VP23vGkkE66Z4g/aD8AeF7O5YN9mmv/CHw4bVtRghP3TPb2/jjS5LgAbhHdWu7IKUAf280AFAHwH+3N/wS+/YX/4KOeHrTRv2uPgB4U+JGsaNpVxo/hT4i2rX3hX4reDLKeaa8S28M/Ebwxc6X4otNMg1GeXVB4bvL/UPCl5fu82p6DerNOk4B/mdf8F5P+CAXjr/AIJG694Z+LHw08Ya38Y/2PPid4jm8L+GPGmv2NrbeO/hj40e1vNU0/4ffE46TbWmhapJrOj2F/feFfGujWWkWfiBtI12xvvDnhy80+wGuAH9EH/Bkp+05498X/Bz9sz9k7xNqt/qvgf4L+Kfhd8WPhdBdzXV2nhsfF6Px3pPxC0Cxknkkh0zRZ9X8BeHvEmn6PaCG2bXde8YawIjd6nfTygH90NABQAUAFABQAUAFABQAUAFABQAUAFABQB/m6f8HuvhrULX9rv9ivxjIJv7K139nDxh4asy3+oOoeE/idf6pqYj7ecLfxppJn5+41vnGBQB9mf8GOf/ACS//gor/wBj7+zd/wCo98Y6APzt/wCD2L/lIt+zF/2ZV4d/9Xn8b6AP1Y/4Mh/C9/afsqftveNJIJ10zxB+0H4A8L2dywb7NNf+EPhw2rajBCfume3t/HGlyXAA3CO6td2QUoA/t5oA/wA7X/g+G8Sanc/Gb/gn14QkWYaNovwx+PXiSycsfs8mp+JvFXw30zU1RN2POhtfCWkmRtoOyeIBjyFANz/gxw8JaLefEH/go947nsbSTxF4c8G/sw+EtK1N4ozfWmi+Ndb+Oesa/Y205Uyx2mo33gHw3cXsSMsc02l2DyqzQQlAD81f+DvD9lH4dfs5f8FQdG8e/C/wvpfhLRf2oPgX4d+MnjHTdFtI9P0y4+LNv408c+CvG2s22n26R2dtP4i0/wAOeFfEWty28cT6n4m1fXdYvUe/1G5ubgA/qi/4NBv2wfiF+0h/wTV8TfCP4neJJPE+s/sj/F2X4TeBby8Z5dVsvgrrHg7w54n+H2haldSySzXqeG9Xn8b+G9AkYpHp/hHSPDugW0a2+ioaAP6tqACgAoAKACgAoAKACgAoAKACgAoAKACgD/J1/wCDuXw1qGhf8Fm/iXql4Jhb+NPgf8BPEukmT7h0+18HHwdIbf8A6Y/2r4T1IHGf34n+igH9ZX/Bmz/yiR8Uf9nhfGT/ANQX4O0Afx3/APB1f/ynA/ar/wCxV/Zx/wDWc/hdQB/at/waIeF7/wAP/wDBGvwLq15BPDb+OPj58d/FGlyTBhHdWFp4hsPBck9rngwLqfhDUbZimF+029wPvhywB/T1QB+TX/BY3/glF8Mf+CuP7Kc3wM8V69B8PPid4M15PHXwN+L40Rddn8B+Mo7ZrHUbDU9PS60+81TwX4z0h30bxVo9vqNrmWLRPEcKXWqeGNKgYA/i+/4J4/8ABMb/AIOJf+CJf7Xms/Ev4Cfsc+Ef2kfB/jHR9S+G3jrRNC+N/wALh8Kviz4Tg1OPUdK1ZLvV/HnhHxn4E1fSdQs4NX8J+JfFfhHS7vTor/UtKvdKubTVta0qcA/F/wD4OBv2sv2hf2tf+CkfxA1f9p74Q+CPgP8AFf4LeCPBPwI1X4UeAviNZfFzSvBcXhxNV8bT6LqXxF0mODRPE/iaw1v4hazZ+Ip9CtbbSrDU4J9Ht0nfT5b26AP7q/8Ag0I/Zl1/4F/8EoYfid4ot5LTUf2qvjh48+MmhWtxAbe6tvAWiWPh/wCE3hcTxOBKU1W++H3iPxRps7bY7vRfEWmXUCmGVJpwD+pugAoAKACgAoAKACgD+OD/AIPHPjV8PNW/Y0+GP7HmleG9Y+If7QHiDx5D+1PZaP4ahe9f4RfBr4L6B4v8O+NPjD42W2t7qTS/D+onxleeCNCkvv7OtNUuJ/EtzBqTTeGZdNvwD4J/4MgPjzFB4h/bx/Zh1C+Bn1PRvhH8efCGmeZgrFoV74k+H3xGvhESd4d/EXwst2kRV8soqyF/NiCAH+gPa6ppl9danY2Wo2N5e6Lcw2WsWdrd29xdaTeXNja6pb2mp28Ujy2FzPpt9Y6hDBdJFLLY3lrdorW9xC7gF6gAoAKACgAoA/yGP+Dp3/lOb+2X/wBgz9mv/wBZV+CdAH95n/Bq1/yg4/ZC/wCw7+0j/wCtO/GCgD+hugAoAKAPxD/4Lt/8FP4v+Cc/7JN3ovwsN34n/bS/ace++Dn7JHw08NWtxrXjK98b+Ikt9EvfiNYeH9OiutTv7X4djWrG80m1t7G7PiDx7f8AgzwmsDR63c3FoAfnh/wbnf8ABv5/w780e2/bN/a/0y01z9uHx/ol4PDfhi5u4tZtP2bvCniizZNY0z7ej3Frqvxh8VWN3PY+OvElrc3dtoGlXF34N8O3s8F94p1PxEAf1l0AFAH/1f7+KACgAoAKACgAoAKACgD/ACOP+DoH9gvxT+xv/wAFRPi58SLfQ7qH4N/tkavrH7Q/w18Rpa7NMuvFfiW5guvjZ4We5iAtv7c0D4kahqOu3Niu2eDw14y8JXk4LaiHYA/0tP8Agmb8TfDt/wD8Epv2E/ind6hBFoGnfsI/s769r975ieTp3/CL/AzwqPFUc0rMqBtIvdK1O1uWdlVZLSTcwAJUA/yZv+CQv7Enij/gpH/wUi+AvwNstCvNU8FX/wAQ7L4pfHe9hjL2nh34IeDNesfEPxFvNRvCpisjrVm0HgnQ7mdWjn8V+KvD9l5Ur3iRsAf7VlABQAUAFABQAUAFABQAUAFABQAUAFABQAUAFABQB/Jr/wAHen7Bfin9qX9gDwh+0f8ADjQ7rxB46/Yk8WeIfHXiDTLC1+1ahL8C/Hul6ZpnxY1G0iiBuZP+ET1Dwx4D8Z6qV3QWXhPw/wCKNTnXbZh0APzT/wCDG7xdY/Z/+CkfgOaeOPUzN+yx4u0+2LfvbqxCfH3RtYnjTr5dhcNocczf3tSgFAH53/8AB6J4ssNe/wCCpXwa8NafOtxceCv2KfhrpmrxRurva6xrXxh+PHiFbR41LMkraJqWh3YVwrvHeREIUKO4B/aN/wAG7v7C/iT9gP8A4JZfAz4afELRLvw38Xvinea9+0N8XtAvo/IvtC8X/FBdN/sTw9qVow82x1rwz8NNC8AeG/EVjMzS2viLSNVhbYFEMQB+YP8AwVd/4OwfA3/BPv8Aa78VfslfBv8AZeb9orWPhBfadpXxn8aeIPijN8M9EsfFF1p1jq194J8E2tn4G8Z3eq3eiWmo29nrfibVDZWdlr0N9pNnomqwWp1SUA+0vir/AMHNn/BPv4O/sJ/stftxeJ9G+MWtWP7WU/jXSPAPwT8E6B4a1b4naT4k+FWo22g/Fyy8SS+IPFXhPwrY6L4C8RX2l6ZJri6403iKHXtA1Tw/o97ZXt21gAffP/BNz/grj+xR/wAFUfBGs+KP2W/H+oHxT4TCSeO/gz8RbDT/AAp8Y/A1tPKsNnqut+E7TWNdstQ8O30ksUNp4q8Ka54j8MNeudKl1eHWIbrToAD4F/4OsPEPw90T/giV+03p/jeXTU1rxX4v+AHh74XW940KX958Qofjj4E8TPFoLzI7DUrbwB4c8ealeLb7JpfDlhr0G9YZZTQB8t/8Gi3/AATr8f8A7IP7E3xE/aR+MPh7UPCXxD/bX17wX4o8OeFtYtbmy1nSfgd8O9P8QQ/DPVdVsbtYptOvfG+o+NfGXiy0tvJX7V4QvfBupSyGW6NrZAH9aNABQAUAFABQAUAFABQAUAFABQAUAFABQB/Jr/wd6fsF+Kf2pf2APCH7R/w40O68QeOv2JPFniHx14g0ywtftWoS/Avx7pemaZ8WNRtIogbmT/hE9Q8MeA/Geqld0Fl4T8P+KNTnXbZh0APzT/4MbvF1j9n/AOCkfgOaeOPUzN+yx4u0+2LfvbqxCfH3RtYnjTr5dhcNocczf3tSgFAH53/8Honiyw17/gqV8GvDWnzrcXHgr9in4a6Zq8Ubq72usa18Yfjx4hW0eNSzJK2ialod2FcK7x3kRCFCjuAf2jf8G7v7C/iT9gP/AIJZfAz4afELRLvw38Xvinea9+0N8XtAvo/IvtC8X/FBdN/sTw9qVow82x1rwz8NNC8AeG/EVjMzS2viLSNVhbYFEMQB+YP/AAVd/wCDsHwN/wAE+/2u/FX7JXwb/Zeb9orWPhBfadpXxn8aeIPijN8M9EsfFF1p1jq194J8E2tn4G8Z3eq3eiWmo29nrfibVDZWdlr0N9pNnomqwWp1SUA/On/g49v/AAp/wV1/4JNfsRf8Fff2YvDXiJ/CXwk8R+P/AAj8XPCmo2Il8WfD7w58RdW0bwn4ibxU1j59rNp3w4+Lfw30/wAOJqlqVtdQsPiFZeJrcR6VdStagHFf8GPHjjTLD4y/8FCPhtLcQrrPiz4ZfAHxxYWjTotzPpnw+8VfE3QdXuIrYnzJYbW6+JuiRXE6KUt3vLaOQq1zGGAPN/8Ag9zurV/2w/2MLJGQ3tv+zV4purhA6mRbW8+KOrxWbOmdyo8tjfCNyArskoUko4UA/Zf/AIM0P2Z/F/wk/wCCdnxZ+PHi/SrvR4f2oPjtd6v4Biu4PKbWPhv8LdBtfBlj4nhLYl+zaj46uPiHpdskiBJLfQYtQt3kttRhegD+vqgAoAKACgAoAKACgAoAKACgAoAKACgAoA/g2/4PTP2C/FPizw1+zz/wUT8C6Hdatpnwy0iX9nj48XFla+dJ4e8Kaz4lvPEvwe8U3zRDzINDh8ZeJPGvhTU765zBDrXi3wbYxlJNRw4B9pf8GW/i6x1j/gl78afCizx/2r4O/bV+IhubQNmWPS/EXwe+BeoaZeuv8EV3ew63bRZ+8+nTGgD+Rb/g5Gi1r47f8F8v2rvA/wAMNI1Hxp4q13xh+zl8IvCHh3QYTqOr+IvHCfAP4MeEF8NaVZwb3uNUufGclzodvaJmV70CIhJCyKAf6fX/AATO/ZIh/YS/YI/ZX/ZOL28ur/B74TaJpfjS5s5Vmsbz4l+IZrzxn8U7/TpU4fTdQ+I/iTxTe6acuwsZ7cPJK4aRgD+Xj9rT/g8w+GHwH/a88a/BH4Ufsh6n8Z/gj8LPH2rfD7xh8XLv4sJ4M8T+Lb3w1rU2heKtc+Hfg0+Btb03+xNPvLO/k8Mt4j8R2lx4wto7aa7XwfHdB0AP7EPgB8cfh9+0x8EPhN+0J8KNSuNW+G3xp+H3hT4l+Cb+9tGsNQl8O+L9HtNa06LU9Pd5H07VrWG7FpqunSO8lhqMFzaSOzwlqAPiT/gq9/wVA+Bv/BK39ljxZ8c/idq+kap8RdS03VNG+AvwdOowReJvi58R/syppum2VgsyX8PhDQrq6stV+IPiiOM2vhvw8G2Nc6/qXh7RtXAP83f/AIJFf8Edv2o/+C4n7VXiv9pH46TeKPDn7NesfFbXviZ+0j+0Jq+nXOn3PxW8XeI/FF34m8Y/D74SztFBa61428T6nd6hFr2s6b5ug/DHTrxtU1YTas3hnwr4kAP9ZjwR4K8J/Dbwb4T+HngLw9pfhLwP4E8N6H4P8HeFtDtY7HRvDfhfw1ptto+g6FpNlFiO107SdLs7WxsrdPlit4I0GduaAOooAKACgAoAKACgD+F//g5F/Zw/4Lq/ED9v34OfFD9gx/2o9a+A+m/CzwxoXwz/AOGW/iL4p8LQeAviPa6v4gufHd18QtI8N+KNF/sjXtbN9pbr431u1h8Pav4STRPDR1iWfQNSsLcA/Un/AIJj/wDBGX4t6Z+zZ+1V49/4Kn/EfXPjn+3T/wAFCvgr4g+Bnxr8Xa74lg8d6p8FfgJr/hm+0PSfg54Q8QsH0iHVLG51H/hKvFb+Emi8HR+J9K8Mab4d+3WvhC38S68AfyZfsMf8Eaf+DhL/AIJ8/wDBRWb/AIZK+Fdv4F8UaJN4l+G1z+0v4tfwbqf7Mnif4S+JbqIXXiLWrrV5dXn1nw9fw6VovipPCWlaFf8AxJ0fWNN0qE+HINbsvs1AH+iR+wd+xhpf7F/wk1bw/rHjzXfjb8efiv4svviz+07+0X4xgtoPGXxy+M+v2lnaaz4mvbW1H2bw74S0PT7Gw8KfDbwHphXRfAvgjR9I0OxWa5TUdS1AA+3KACgAoAKACgD/ACDP+DpDULPUP+C5n7aps50uFs4P2c9PuHjOVS8tP2Vvgkl1Bu6F7eUmGUDOyZJIz8yMFAP7z/8Ag1Uu7a5/4IefsnQwTJJLp/ib9o+0vEU5a3uX/aS+K1+sMno7Wd7azgc/u54z3IUA/oI8T+JdC8GeGvEPjDxRqUGjeGvCmh6t4l8RaxdeZ9l0rQtCsLjVNX1K58pJJfIsdPtbi6m8uOSTy4m2IzYVgD+HvSv+D2j4N3f7TkPhLUv2OPFOl/sm3Hi1PDw+MZ+Jcd18WbLww979lX4jXvwng8Gf2NJCsJS/uvAtn45m1W3sBK9t4h1DUlTSJQD+rL9vf/gon+zh/wAE7/2UvEn7Wnxu8UW83g630y1X4deGtFu7V/E/xi8Y65p0t/4Q8D+ALWZgL/VPEUUZvJb4r/Z2geH7fU/E+tS22i6TfXEQB/Av+x1/wcOfsQaP+1n8R/8AgpF/wUK+Bv7Sn7Qf7cfii/1Pw18G7XwZonwtv/gT+yF8E7Wa+tfDHw++A2neMfihousN4kutLvbybxb8Q9U0XTtau7vWNbh02K2udd8Y674zAP1m+JH/AAe4/skWXhjWJPhB+xt+0Z4l8ZiwuB4fsviRr/w08D+GG1RonFq2san4Y8TfELVY7CKfZJcJZaTJcTxK8Ucls7rMoB+5/wDwQF8R/Gr4pf8ABNX4a/tK/tEeKNY8UfGP9rv4j/G39pvxdJqV7qVxp2iWnxF+J/iK28F+HvB9lqN5e/8ACP8AgjT/AIf6B4Uk8L+G7B49M0TTrpLKzjZEeecA/aGgD//W/v4oAKACgAoAKACgAoAKAPhH/goh/wAE6P2af+CnH7POsfs7ftLeG7u80aS7XXvBHjrw3JY6f8Q/hZ4yt4ZILPxf4D1y+sNTt7DURbzTWGp6ff2N/omv6TcXGl6zp15bSJ5QB+Ivw/8A+CPf/BXz4F/sTeNf+CYXwg/4KFfswX/7Ini3TfGngTRPi/47+BHxRT9qf4Y/CH4halqM3i7wF4Mg0X4kyfD27ttS0/Wtbs7a71i8bVdBg1jUrLwxrGhw/wDCPS+GAD9Pv+CTP/BHL9l7/gkZ8JtX8G/BpdS8e/Fbx6NPm+L/AMfPGVjYW3jTx5Ppqs1jounWNj51p4O8BaRczXNzong7T7u9MU9zJe67rPiPVwNUUA/WqgAoAKACgAoAKACgAoAKACgAoAKACgAoAKACgAoAp6jp2n6vp99pOrWNnqmlanZ3Onalpuo20N7p+o6fewyW15Y31ncxy293Z3dvLLb3NtcRSQzwySRSxujsrAH8wPhf/g3++Kv7A/7aviv9tX/gjv8AtDfDT4IW/wASdF8QaB8R/wBkv9pXwJ4s8cfADUtI1/VbHXZNE8Na78PPEXh3xr4b8NaZrNha6p4W0w22pax4SvLdrPTPE8/ha+uvCzAHQfs9f8G9A8Yft5+Jv+CnP/BUX42eFP2uf2mNV8UaN4r8HfCnwB4Cv/BP7NXwz1LwnYWOj+B0tNH8Va34k8T+ONP8CaXo+jL4N0vWzpFhZX9idZ8VweOdfnfWKAP6aqAP4sP+CuX/AAada9+3R+2b43/a1/Zq/aQ8EfCSL44atZ+I/jD4A+JvhjxHqttpHjBNPsdO1vxb4D1jw0buXUYvFP2NdZ1HwtrtrpaWXiCXU7mz8TNp2p2ulaGAfa/xt/4Ndv2Tvi//AME1P2a/2C7b4q+MvCfxB/ZYufHXib4d/tMweHLHVdT1Lx18XNVtdc+L114t+HEus2Vjqfgvxlqmn6MbHwvZeKtN1jwzZ+FvCltZ+L70WGsvr4B+HvwO/wCDRD/gp5+y38cfDnxj/Zv/AOCivwO+FPi3wddzzeGvid4Ttvi3oHja1gule1vLS58NweGb3RL/AEzVLCSS11jQNT8R6jouq2ssunalbXtnJIGAP6WPhd/wRT1j4l+Pvhr8aP8AgrD+2N8Qv+Cn3xI+EOoya98Lvh940+HXgL4M/sqeAfENzDAkviGP9nvwBav4e8deKrbyEtovEPjS9utNvbSOI3fhOOdIHtwD94VVVUKoCqoCqqgBVUDAAAwAAMAADAHAxQAtABQAUAFABQAUAFABQAUAFABQAUAFABQBT1HTtP1fT77SdWsbPVNK1OzudO1LTdRtob3T9R0+9hktryxvrO5jlt7uzu7eWW3uba4ikhnhkkiljdHZWAP5gfC//Bv98Vf2B/21fFf7av8AwR3/AGhvhp8ELf4k6L4g0D4j/sl/tK+BPFnjj4AalpGv6rY67JonhrXfh54i8O+NfDfhrTNZsLXVPC2mG21LWPCV5btZ6Z4nn8LX114WYA6D9nr/AIN6B4w/bz8Tf8FOf+Covxs8Kftc/tMar4o0bxX4O+FPgDwFf+Cf2avhnqXhOwsdH8DpaaP4q1vxJ4n8caf4E0vR9GXwbpetnSLCyv7E6z4rg8c6/O+sUAf01UAfxYf8Fcv+DTrXv26P2zfG/wC1r+zV+0h4I+EkXxw1az8R/GHwB8TfDHiPVbbSPGCafY6drfi3wHrHho3cuoxeKfsa6zqPhbXbXS0svEEup3Nn4mbTtTtdK0MA/pB/YL/4Ju/BD9hn9gvwT+wLZw2/xh+G2meFfF+ifE698f6Bp1xZfF/U/iVfatqfxIvPEnhO4fVNKi0DxHPrd/pdp4Wnn1S307wtFp2h3d/q0ltPqV6Afhz4K/4NuPid/wAE/P22k/bd/wCCQH7TfgT4WzXmneJ/Dmt/sz/tW+DfF/j/AOFlz4N8YNDda34Ki+IfgPxDpfj+48HQ6pp+h6l4d0zUdOufFGiaj4f0i/vfHniDyJbOcA2fiL/wbofFT/gop+2Zpn7Z3/BYX9pvwL8Uo/DOgeHfB3hX9l/9k3wZ4y+HPwlsPBfhfUNQ1rT/AAnc/EPx34n1n4if8I3qet614g1XxRa6bY6d4r1i/wBcvp9P8eaBaJp2mWQB/Ut4M8G+E/h14R8MeAfAfhzRfB/gnwVoGk+FvCPhTw5p1tpGgeG/Deg2MGmaLoei6XZRQ2mn6Zpen21vZ2VnbRRw29vDHFGiqoFAHS0AFABQAUAFABQAUAFABQAUAFABQAUAFAHC/E74Y/D740fDzxn8Jviv4P0Hx/8ADb4h+HdU8J+NvBniewi1LQfEfh3WbZ7TUdM1GzmBWSGeGQ7JIzHcW0yxXNrNBcwwzIAfzT/sx/8ABDb9sv8A4JR/GP43eLP+CTP7WvwWPwK+PcWlyeIf2dP24Ph38QvHGkeDdX0WbVjoWveG/Hfwk8WeF9a1jUvDNvrN9YaXNf6XpM+r6FLFo/jG48R39hpviS0APXv+CaP/AAb3fDr9kf8AaW8c/t/fta/F+X9sz9u/4ieL/FvxAl+IOo+ELbwh8Nfhr4v8eX15qPifXfAHg2W+1m5uvFUkupahp2m+LNTu7K10LQ5o9P8ACfhHwq8b3MoB/RpQB/Br+1z/AMGZGsfGD9sHx18U/gR+1n4M+Gn7OvxW+IWs+Pta8HeL/AviDXviF8MR4r1y41rxD4Z8FjTL+38P+NtIsJ7y8/4RWfX9Y8IXllYPY6Tqr6rPYT65qgB/TX44/ZN/bc+CH7Pv7OP7JP8AwTK+NH7OP7Pfwj+Dfwl0f4Yat8Sfj38LvGPxs+L1uPCunaZpGgav4O0HTPEnhP4cXOpanDb6jrPiu98X2OpQ3ut3n/Ev0qxtDIKAPz8+Hv8AwbM/AL4gfGeH9pf/AIKc/tO/H7/gp58dFjhXHxcv1+HPwXsVguZL+20/RfhV4P1S/wBR0vw1p1/NPNp/ge18exfDtY7i6huvBlxDdSx0Af0feDvBvhD4eeFfD/gXwB4W8O+CPBXhPSrPQvC/hDwlouneHPDPhzRNPhWCw0jQtC0i3tNM0nTLKBFhtbGxtoLaCNQkcSqAKAOkoAKACgAoAKACgAoAKACgAoAKACgAoAKACgD4r/a1+EH7bvxVPh+D9kf9tL4efsj2VrpWr2nim48V/sj6Z+0vr2tardywf2Rq+g3+u/G34aaJ4aTR4FuUfTr/AML+K4dSuZop5pYIYHs7oA/kg+MX/BmF8TP2gPil49+Nfxl/4K7at8QPin8T/E+q+MfHXjLXP2Kbf+0tf8RazcNc317LFZ/tX21hZQhmWCx0zTLSy0rSrGG203SrGy061trWIA/Ub/gnf/wRA/4KI/8ABMj4e6n8Hv2cf+CxPhG9+D2qeKbvxmfhr8TP+Cdmj+M9D0nxHqcNjba3qHh7Uz+1vpvinQ01uDTrI3+l2evLoZvIpdUg0qHVL3Ur2/AP6SfGXhHw/wDEDwh4r8B+LdPTVvCvjbw3rnhHxNpUryRxan4f8SaXdaNrOnySQvHNGl7p17c2zvE6SKshaN1cBqAP4IdK/wCDJG/g/achvNW/bL0S+/Y+g8Wpq76VB4J1e3/aAv8AwYl59s/4QaaYSjwJZ6xLZgaDL8Qbe+ljBL+I4fAUUhTw8gB+q/8AwVm/4NtPij/wVQ+PmjfEbXP+CkN/8IPgh8NfB/hzwJ8AP2a7f9l3/hOvC3wZ8O6b4c0LTfEf9n+IIv2i/A0fiLW/GPiDSZ9c1TxFfeFbLWF0r/hHvCU13f6T4S0eRAD8rv8AiBi/6yi/+aT/AP5WtAB/xAxf9ZRf/NJ//wArWgD+479mj4H6D+zL+zp8B/2c/C93/aPh34D/AAe+G3wg0fVDYrpsmr2Hw58H6P4Sg1i4sFur0Wt3q66T/aV5Cb69dbq6m8y8un33EoB7dQB//9f+/igAoAKACgAoAKACgAoAKACgAoAKACgAoAKACgAoAKACgAoAKACgAoAKACgAoAKACgAoAKACgAoAKACgAoAKACgAoAKACgAoAKACgAoAKACgAoAKACgAoAKACgAoAKACgAoAKACgAoAKACgAoAKACgAoAKACgAoAKACgAoAKACgAoAKACgAoAKACgAoAKACgAoAKACgAoAKACgAoAKACgAoAKACgAoAKACgAoAKACgAoAKACgAoAKACgAoA//9D+/igAoAKACgAoAKACgAoAKACgAoAKACgAoAKACgAoAKACgAoAKACgAoAKACgAoAKACgAoAKACgAoAKACgAoAKACgAoAKACgAoAKACgAoAKACgAoAKACgAoAKACgAoAKACgAoAKACgAoAKACgAoAKACgAoAKACgAoAKACgAoAKACgAoAKACgAoAKACgAoAKACgAoAKACgAoAKACgAoAKACgAoAKACgAoAKACgAoAKACgAoAKACgAoAKACgAoA//9k=</file>
    </questiontext>
    <generalfeedback format="html">
      <text><![CDATA[<p>Rovnice pro regulární uzel A, který má 4 sousední uzly L, P, H, D sestavujeme podle schématu <img src="@@PLUGINFILE@@/pdr_regularni.jpg" alt="" role="presentation" class="img-responsive atto_image_button_right" width="137" height="130"><br></p><p>$$4U(A) - U(L) - U(D) - U(P) - U(H) = h^2 f(x_A, y_A)$$</p><p><br></p><p><br></p><p><br></p><p>Neregulární
uzel (např. N) má sousední hraniční uzel (např.
P) ve vzdálenosti \(\delta h, (0&lt;\delta &lt;1)\),&nbsp;
a na stejné síťové přímce má sousední regulární uzel (např. R) ve
vzdálenosti \(h\). <img src="@@PLUGINFILE@@/pdr_neregularni.jpg" alt="" role="presentation" class="img-responsive atto_image_button_text-bottom" width="300" height="141"><br></p><p>Hledanou
hodnotu U(N) interpolujeme z hodnot v
regulárním uzlu U(R) a v hraničním uzlu u(P)\(=\varphi(P)\), kde \(\varphi(x,y)\) určuje okrajovou podmínku.<br></p><p>$$(1+\delta) U(N) - \delta U(R) = \varphi(P)$$<br></p><p><br></p>]]></text>
<file name="pdr_neregularni.jpg" path="/" encoding="base64">/9j/4AAQSkZJRgABAQAASABIAAD/4QBMRXhpZgAATU0AKgAAAAgAAgESAAMAAAABAAEAAIdpAAQAAAABAAAAJgAAAAAAAqACAAQAAAABAAABLKADAAQAAAABAAAAjQAAAAD/4QkhaHR0cDovL25zLmFkb2JlLmNvbS94YXAvMS4wLwA8P3hwYWNrZXQgYmVnaW49Iu+7vyIgaWQ9Ilc1TTBNcENlaGlIenJlU3pOVGN6a2M5ZCI/PiA8eDp4bXBtZXRhIHhtbG5zOng9ImFkb2JlOm5zOm1ldGEvIiB4OnhtcHRrPSJYTVAgQ29yZSA1LjQuMCI+IDxyZGY6UkRGIHhtbG5zOnJkZj0iaHR0cDovL3d3dy53My5vcmcvMTk5OS8wMi8yMi1yZGYtc3ludGF4LW5zIyI+IDxyZGY6RGVzY3JpcHRpb24gcmRmOmFib3V0PSIiLz4gPC9yZGY6UkRGPiA8L3g6eG1wbWV0YT4gICAgICAgICAgICAgICAgICAgICAgICAgICAgICAgICAgICAgICAgICAgICAgICAgICAgICAgICAgICAgICAgICAgICAgICAgICAgICAgICAgICAgICAgICAgICAgICAgICAgICAgICAgICAgICAgICAgICAgICAgICAgICAgICAgICAgICAgICAgICAgICAgICAgICAgICAgICAgICAgICAgICAgICAgICAgICAgICAgICAgICAgICAgICAgICAgICAgICAgICAgICAgICAgICAgICAgICAgICAgICAgICAgICAgICAgICAgICAgICAgICAgICAgICAgICAgICAgICAgICAgICAgICAgICAgICAgICAgICAgICAgICAgICAgICAgICAgICAgICAgICAgICAgICAgICAgICAgICAgICAgICAgICAgICAgICAgICAgICAgICAgICAgICAgICAgICAgICAgICAgICAgICAgICAgICAgICAgICAgICAgICAgICAgICAgICAgICAgICAgICAgICAgICAgICAgICAgICAgICAgICAgICAgICAgICAgICAgICAgICAgICAgICAgICAgICAgICAgICAgICAgICAgICAgICAgICAgICAgICAgICAgICAgICAgICAgICAgICAgICAgICAgICAgICAgICAgICAgICAgICAgICAgICAgICAgICAgICAgICAgICAgICAgICAgICAgICAgICAgICAgICAgICAgICAgICAgICAgICAgICAgICAgICAgICAgICAgICAgICAgICAgICAgICAgICAgICAgICAgICAgICAgICAgICAgICAgICAgICAgICAgICAgICAgICAgICAgICAgICAgICAgICAgICAgICAgICAgICAgICAgICAgICAgICAgICAgICAgICAgICAgICAgICAgICAgICAgICAgICAgICAgICAgICAgICAgICAgICAgICAgICAgICAgICAgICAgICAgICAgICAgICAgICAgICAgICAgICAgICAgICAgICAgICAgICAgICAgICAgICAgICAgICAgICAgICAgICAgICAgICAgICAgICAgICAgICAgICAgICAgICAgICAgICAgICAgICAgICAgICAgICAgICAgICAgICAgICAgICAgICAgICAgICAgICAgICAgICAgICAgICAgICAgICAgICAgICAgICAgICAgICAgICAgICAgICAgICAgICAgICAgICAgICAgICAgICAgICAgICAgICAgICAgICAgICAgICAgICAgICAgICAgICAgICAgICAgICAgICAgICAgICAgICAgICAgICAgICAgICAgICAgICAgICAgICAgICAgICAgICAgICAgICAgICAgICAgICAgICAgICAgICAgICAgICAgICAgICAgICAgICAgICAgICAgICAgICAgICAgICAgICAgICAgICAgICAgICAgICAgICAgICAgICAgICAgICAgICAgICAgICAgICAgICAgICAgICAgICAgICAgICAgICAgICAgICAgICAgICAgICAgICAgICAgICAgICAgICAgICAgICAgICAgICAgICAgICAgICAgICAgICAgICAgICAgICAgICAgICAgICAgICAgICAgICAgICAgICAgICAgICAgICAgICAgICAgICAgICAgICAgICAgICAgICAgICAgICAgICAgICAgICAgICAgICAgICAgICAgICAgICAgICAgICAgICAgICAgICAgICAgICAgICAgICAgICAgICAgICAgICAgICAgICAgICAgICAgICAgICAgICAgICAgICAgICAgICAgICAgICAgICAgICAgICAgICAgICAgICAgICAgICAgICAgICAgICAgICAgICAgICAgICAgICAgICAgICAgICAgICAgICAgICAgICAgICAgICAgICAgICAgICAgICAgICAgICAgICAgICAgICAgICAgICAgICAgICAgICAgICAgICAgICAgICAgICAgICAgICAgICAgICAgICAgICAgICAgICAgICAgICAgICAgICAgICAgICAgICAgICAgICAgICAgICAgICAgICAgICAgICAgICAgICAgICAgICAgICAgICAgICAgICAgICAgICAgICAgICAgICAgICAgICAgICAgICAgICAgICAgICAgICAgICAgICAgICAgICAgICAgICAgICAgICAgICAgICAgICAgICAgICAgICAgICAgICAgICAgICAgICAgICAgICAgICAgICAgICAgICAgICAgICAgICAgICAgICAgICAgICAgICAgICAgICAgICAgICAgICAgICAgICAgICAgICAgICAgICAgICAgICAgICAgICAgICAgICAgICAgICAgICAgICAgICAgICAgICAgICAgICAgICAgICAgICAgICAgICAgICAgICAgICAgICAgICAgICAgICAgICAgICAgICAgICAgICAgICAgICAgICAgICAgICAgICAgICAgICAgICAgICAgICAgICAgICAgICAgICAgICAgICAgICAgICAgICAgICAgICAgICAgICAgICAgICAgICAgICAgICAgICAgICAgICAgICAgICAgICAgICAgICAgICAgICAgICAgICAgICAgICAgICAgICAgICAgICAgICAgICAgICAgICAgICA8P3hwYWNrZXQgZW5kPSJ3Ij8+AP/tADhQaG90b3Nob3AgMy4wADhCSU0EBAAAAAAAADhCSU0EJQAAAAAAENQdjNmPALIE6YAJmOz4Qn7/4htESUNDX1BST0ZJTEUAAQEAABs0YXBwbAIQAABtbnRyUkdCIFhZWiAH5AABAAEACAAyADRhY3NwQVBQTAAAAABBUFBMAAAAAAAAAAAAAAAAAAAAAAAA9tYAAQAAAADTLWFwcGwAAAAAAAAAAAAAAAAAAAAAAAAAAAAAAAAAAAAAAAAAAAAAAAAAAAAAAAAAAAAAABFkZXNjAAABUAAAAGJkc2NtAAABtAAABDZjcHJ0AAAF7AAAACN3dHB0AAAGEAAAABRyWFlaAAAGJAAAABRnWFlaAAAGOAAAABRiWFlaAAAGTAAAABRyVFJDAAAGYAAACAxhYXJnAAAObAAAACB2Y2d0AAAOjAAABhJuZGluAAAUoAAABj5jaGFkAAAa4AAAACxtbW9kAAAbDAAAAChiVFJDAAAGYAAACAxnVFJDAAAGYAAACAxhYWJnAAAObAAAACBhYWdnAAAObAAAACBkZXNjAAAAAAAAAAhEaXNwbGF5AAAAAAAAAAAAAAAAAAAAAAAAAAAAAAAAAAAAAAAAAAAAAAAAAAAAAAAAAAAAAAAAAAAAAAAAAAAAAAAAAAAAAAAAAAAAAAAAAAAAAAAAAAAAbWx1YwAAAAAAAAAjAAAADGhySFIAAAAUAAABtGtvS1IAAAAMAAAByG5iTk8AAAASAAAB1GlkAAAAAAASAAAB5mh1SFUAAAAUAAAB+GNzQ1oAAAAWAAACDGRhREsAAAAcAAACIm5sTkwAAAAWAAACPmZpRkkAAAAQAAACVGl0SVQAAAAUAAACZHJvUk8AAAASAAACeGVzRVMAAAASAAACeGFyAAAAAAAUAAACinVrVUEAAAAcAAACnmhlSUwAAAAWAAACunpoVFcAAAAMAAAC0HZpVk4AAAAOAAAC3HNrU0sAAAAWAAAC6npoQ04AAAAMAAAC0HJ1UlUAAAAkAAADAGZyRlIAAAAWAAADJG1zAAAAAAASAAADOmhpSU4AAAASAAADTHRoVEgAAAAMAAADXmNhRVMAAAAYAAADamVzWEwAAAASAAACeGRlREUAAAAQAAADgmVuVVMAAAASAAADknB0QlIAAAAYAAADpHBsUEwAAAASAAADvGVsR1IAAAAiAAADznN2U0UAAAAQAAAD8HRyVFIAAAAUAAAEAHB0UFQAAAAWAAAEFGphSlAAAAAMAAAEKgBMAEMARAAgAHUAIABiAG8AagBpzuy37AAgAEwAQwBEAEYAYQByAGcAZQAtAEwAQwBEAEwAQwBEACAAVwBhAHIAbgBhAFMAegDtAG4AZQBzACAATABDAEQAQgBhAHIAZQB2AG4A/QAgAEwAQwBEAEwAQwBEAC0AZgBhAHIAdgBlAHMAawDmAHIAbQBLAGwAZQB1AHIAZQBuAC0ATABDAEQAVgDkAHIAaQAtAEwAQwBEAEwAQwBEACAAYwBvAGwAbwByAGkATABDAEQAIABjAG8AbABvAHIgDwBMAEMARAAgBkUGRAZIBkYGKQQaBD4EOwRMBD4EQAQ+BDIEOAQ5ACAATABDAEQgDwBMAEMARAAgBeYF0QXiBdUF4AXZX2mCcgAgAEwAQwBEAEwAQwBEACAATQDgAHUARgBhAHIAZQBiAG4A/QAgAEwAQwBEBCYEMgQ1BEIEPQQ+BDkAIAQWBBoALQQ0BDgEQQQ/BDsENQQ5AEwAQwBEACAAYwBvAHUAbABlAHUAcgBXAGEAcgBuAGEAIABMAEMARAkwCQIJFwlACSgAIABMAEMARABMAEMARAAgDioONQBMAEMARAAgAGUAbgAgAGMAbwBsAG8AcgBGAGEAcgBiAC0ATABDAEQAQwBvAGwAbwByACAATABDAEQATABDAEQAIABDAG8AbABvAHIAaQBkAG8ASwBvAGwAbwByACAATABDAEQDiAOzA8cDwQPJA7wDtwAgA78DuAPMA70DtwAgAEwAQwBEAEYA5AByAGcALQBMAEMARABSAGUAbgBrAGwAaQAgAEwAQwBEAEwAQwBEACAAYQAgAEMAbwByAGUAczCrMOkw/ABMAEMARAAAdGV4dAAAAABDb3B5cmlnaHQgQXBwbGUgSW5jLiwgMjAyMAAAWFlaIAAAAAAAAPNSAAEAAAABFs9YWVogAAAAAAAAYWwAADgyAAAKQlhZWiAAAAAAAABvHAAArpUAABaZWFlaIAAAAAAAACZOAAAZOQAAslJjdXJ2AAAAAAAABAAAAAAFAAoADwAUABkAHgAjACgALQAyADYAOwBAAEUASgBPAFQAWQBeAGMAaABtAHIAdwB8AIEAhgCLAJAAlQCaAJ8AowCoAK0AsgC3ALwAwQDGAMsA0ADVANsA4ADlAOsA8AD2APsBAQEHAQ0BEwEZAR8BJQErATIBOAE+AUUBTAFSAVkBYAFnAW4BdQF8AYMBiwGSAZoBoQGpAbEBuQHBAckB0QHZAeEB6QHyAfoCAwIMAhQCHQImAi8COAJBAksCVAJdAmcCcQJ6AoQCjgKYAqICrAK2AsECywLVAuAC6wL1AwADCwMWAyEDLQM4A0MDTwNaA2YDcgN+A4oDlgOiA64DugPHA9MD4APsA/kEBgQTBCAELQQ7BEgEVQRjBHEEfgSMBJoEqAS2BMQE0wThBPAE/gUNBRwFKwU6BUkFWAVnBXcFhgWWBaYFtQXFBdUF5QX2BgYGFgYnBjcGSAZZBmoGewaMBp0GrwbABtEG4wb1BwcHGQcrBz0HTwdhB3QHhgeZB6wHvwfSB+UH+AgLCB8IMghGCFoIbgiCCJYIqgi+CNII5wj7CRAJJQk6CU8JZAl5CY8JpAm6Cc8J5Qn7ChEKJwo9ClQKagqBCpgKrgrFCtwK8wsLCyILOQtRC2kLgAuYC7ALyAvhC/kMEgwqDEMMXAx1DI4MpwzADNkM8w0NDSYNQA1aDXQNjg2pDcMN3g34DhMOLg5JDmQOfw6bDrYO0g7uDwkPJQ9BD14Peg+WD7MPzw/sEAkQJhBDEGEQfhCbELkQ1xD1ERMRMRFPEW0RjBGqEckR6BIHEiYSRRJkEoQSoxLDEuMTAxMjE0MTYxODE6QTxRPlFAYUJxRJFGoUixStFM4U8BUSFTQVVhV4FZsVvRXgFgMWJhZJFmwWjxayFtYW+hcdF0EXZReJF64X0hf3GBsYQBhlGIoYrxjVGPoZIBlFGWsZkRm3Gd0aBBoqGlEadxqeGsUa7BsUGzsbYxuKG7Ib2hwCHCocUhx7HKMczBz1HR4dRx1wHZkdwx3sHhYeQB5qHpQevh7pHxMfPh9pH5Qfvx/qIBUgQSBsIJggxCDwIRwhSCF1IaEhziH7IiciVSKCIq8i3SMKIzgjZiOUI8Ij8CQfJE0kfCSrJNolCSU4JWgllyXHJfcmJyZXJocmtyboJxgnSSd6J6sn3CgNKD8ocSiiKNQpBik4KWspnSnQKgIqNSpoKpsqzysCKzYraSudK9EsBSw5LG4soizXLQwtQS12Last4S4WLkwugi63Lu4vJC9aL5Evxy/+MDUwbDCkMNsxEjFKMYIxujHyMioyYzKbMtQzDTNGM38zuDPxNCs0ZTSeNNg1EzVNNYc1wjX9Njc2cjauNuk3JDdgN5w31zgUOFA4jDjIOQU5Qjl/Obw5+To2OnQ6sjrvOy07azuqO+g8JzxlPKQ84z0iPWE9oT3gPiA+YD6gPuA/IT9hP6I/4kAjQGRApkDnQSlBakGsQe5CMEJyQrVC90M6Q31DwEQDREdEikTORRJFVUWaRd5GIkZnRqtG8Ec1R3tHwEgFSEtIkUjXSR1JY0mpSfBKN0p9SsRLDEtTS5pL4kwqTHJMuk0CTUpNk03cTiVObk63TwBPSU+TT91QJ1BxULtRBlFQUZtR5lIxUnxSx1MTU19TqlP2VEJUj1TbVShVdVXCVg9WXFapVvdXRFeSV+BYL1h9WMtZGllpWbhaB1pWWqZa9VtFW5Vb5Vw1XIZc1l0nXXhdyV4aXmxevV8PX2Ffs2AFYFdgqmD8YU9homH1YklinGLwY0Njl2PrZEBklGTpZT1lkmXnZj1mkmboZz1nk2fpaD9olmjsaUNpmmnxakhqn2r3a09rp2v/bFdsr20IbWBtuW4SbmtuxG8eb3hv0XArcIZw4HE6cZVx8HJLcqZzAXNdc7h0FHRwdMx1KHWFdeF2Pnabdvh3VnezeBF4bnjMeSp5iXnnekZ6pXsEe2N7wnwhfIF84X1BfaF+AX5ifsJ/I3+Ef+WAR4CogQqBa4HNgjCCkoL0g1eDuoQdhICE44VHhauGDoZyhteHO4efiASIaYjOiTOJmYn+imSKyoswi5aL/IxjjMqNMY2Yjf+OZo7OjzaPnpAGkG6Q1pE/kaiSEZJ6kuOTTZO2lCCUipT0lV+VyZY0lp+XCpd1l+CYTJi4mSSZkJn8mmia1ZtCm6+cHJyJnPedZJ3SnkCerp8dn4uf+qBpoNihR6G2oiailqMGo3aj5qRWpMelOKWpphqmi6b9p26n4KhSqMSpN6mpqhyqj6sCq3Wr6axcrNCtRK24ri2uoa8Wr4uwALB1sOqxYLHWskuywrM4s660JbSctRO1irYBtnm28Ldot+C4WbjRuUq5wro7urW7LrunvCG8m70VvY++Cr6Evv+/er/1wHDA7MFnwePCX8Lbw1jD1MRRxM7FS8XIxkbGw8dBx7/IPci8yTrJuco4yrfLNsu2zDXMtc01zbXONs62zzfPuNA50LrRPNG+0j/SwdNE08bUSdTL1U7V0dZV1tjXXNfg2GTY6Nls2fHadtr724DcBdyK3RDdlt4c3qLfKd+v4DbgveFE4cziU+Lb42Pj6+Rz5PzlhOYN5pbnH+ep6DLovOlG6dDqW+rl63Dr++yG7RHtnO4o7rTvQO/M8Fjw5fFy8f/yjPMZ86f0NPTC9VD13vZt9vv3ivgZ+Kj5OPnH+lf65/t3/Af8mP0p/br+S/7c/23//3BhcmEAAAAAAAMAAAACZmYAAPKnAAANWQAAE9AAAApbdmNndAAAAAAAAAAAAAMBAAACAAAAVgEuAesCxAODBFMFQAYnBxoIGAkfCj0LTgxrDZAOuQ/sES0SZROjFOMWKhd5GL8aDxtXHKQd8x88IIQhzSMRJFIljSbLKAApMypmK5csyi33LygwUTGAMqsz1TUCNjE3XTiKObY64TwNPTg+YD+JQLFB3EMIRDZFY0aQR7hI3koBSyRMR01qTo9PtFDYUfhTFlQzVU9WbVeNWK5Zy1rhW/Bc9137XwBgCmEZYi1jQWRSZV9mZWdhaFNpPGogawFr4Gy/baBug29ocFBxOHIgcwhz73TWdb52qHeTeH55bHpZe0l8PX03fjZ/OYBBgUuCV4NlhHSFhYaUh6SIs4nAisyL1ozfjeeO7Y/ykPWR9pL1k/WU+pYElxWYLJlHmmObf5yYna6ev5/LoNSh2qLgo+mk9KYDpxWoKqlCqlyrd6yUrbKu0a/xsRGyM7NTtHO1kLapt7q4wbnDusC7u7y1va++qb+jwJ3BlcKKw3zEasVTxjbHGMf5yODJz8rGy8PMwc28zq/PmNBz0UPSDdLT05vUZtU11gXW19eo2HbZQNoG2sfbgNw13Ofdkd473uPfjeA74Ovhn+JS4wPjr+RV5PnllOYs5r/nUufk6IXpL+nk6qjrbuwz7PXtr+5j7xHvtfBQ8ObxfPIX8sbzj/Ru9WH2ZveK+OT6xf0u//8AAABWASMBsAJqAzID6ASxBYAGWAc9CC0JJwonCyIMMA06DlEPYxB+EZ8SvhPpFRAWOBdhGIgZtBreHAsdMx5bH4AgoSG/Itsj9SULJh8nNShJKWAqeSuTLLEtzC7oMAQxITI8M1o0dDWLNqQ3uTjNOeI69DwGPRs+MT9NQGxBj0KwQ9BE7UYIRx1IMklFSlVLY0xuTXhOfk+DUIVRhlKIU4pUjFWKVoRXeVhoWVRaRFs/XEZdWl53X5VgsGHCYspjxWS1ZZxme2dXaDBpDGnsatBrumypbZtuj2+CcHJxXHJAcx9z+3TVda12hndieEV5MHokex18GX0VfhB/Bn/2gOKByoKxg5WEd4VdhkqHRIhMiWGKgYuljMaN3o7uj/WQ95H1kvOT8JTtleyW7pf4mRCaOZtunKadzp7jn+mg5aHfotmj0aTIpb6mvKfKqO2qIatdrJyt2a8UsE6xiLLCs/m1LrZkt5u40roFuzS8X72Fvqa/vMC+warCkMN9xHfFgMaPx53Io8meyo7LdcxTzS3OBM7az7LQi9Fq0lHTRdRF1VHWYtd12ITZh9p922bcQ90a3ezeud+H4FjhLeII4ubjw+Sd5XHmQOcM59Too+l/6mnrZOxo7W3ucO9w8HDxcvJ283n0d/Vp9kf3D/ez+EX4y/la+e360PwM/dr//wAAACsAxAFLAdgCZQMGA48EKwTPBXoGLwbpB6UIaAkvCfkKygufDHcNUg4yDw4P9hDZEcASqROTFH0VZxZSFz0YKRkVGfwa6BvSHL4drh6jH5sgliGUIo8jhiR2JWEmRScgJ/gozCmfKnMrSCwhLQIt6S7XL8gwujGqMpgzgDRgNTk2BjbPN5U4WDkZOdk6nTtkPDI9Bj3ePrY/j0BoQURCJkMQRABE80XnRtZHu0iWSWVKJUrgS5hMT00HTcNOg09JUBhQ6lG+UpNTaFQ7VQ1V3latV3xYSlkVWd9aqFtvXDVc+V29XoBfQ2AIYNFhnGJrYzxkDGTaZadmcWc4Z/xov2mAakBrAGvAbIFtQ24EbsVvhXBBcPhxq3JZcwFzqXRPdPR1mHY8dt53gHgdeL15YHoWetp7q3yDfVh+KH72f8OAk4FngkSDKoQYhQuGAIb0h+OIzYmvioyLYYw0jQeN2o6wj4qQa5FHkhKSxpNbk+yUepVBlkKXiJkImoqb5J0ZnjKfOaA5oTWiL6MopCGlGaYRpwqoCakPqiGrPaxgrYeura/TsPyyKLNatJK10bcUuFm5nLrXvAW9Kb5Hv2LAf8Gewr7D38T/xiHHQ8hnyYzKscvWzP3OKc9b0JfR3tMy1I3V7tdT2LnaIduV3S/fDuF35Ivoee1O8vb5Uf//AABuZGluAAAAAAAABjYAAJOVAABWjQAAVukAAJG3AAAmuwAAFwoAAFANAABUOQACh64AAkeuAAFrhQADAQAAAgAAAAEABAAIAA8AFgAfACkANABAAEwAWgBpAHgAiQCaAKwAvgDSAOYA/AESASkBQAFZAXMBjQGpAcUB4wIBAiECQgJkAocCrALSAvoDIwNNA3oDqAPXBAgEOgRtBKME2QUSBUsFhgXDBgEGQAaABsIHBQdKB5AH2AghCGwIuQkHCVcJqAn6Ck0KoQr3C04LqAwEDGIMww0lDYkN7g5UDrwPJQ+REAAQcRDkEVkRzxJGEr0TOBO2FDoUwxVSFeMWdRcGF5YYJhi4GU4Z6BqIGzEb4xyfHWIeKx74H8YglSFkIjQjBiPbJLMljyZsJ0soKykNKfAq1Su7LJ4tfi5cLzkwFDDwMc0yqjOJNGg1SjYuNxU3/zjtOd460jvKPMU9xD7HP85A2kHoQvZEAEUGRghHCEgISQlKDEsUTCFNNE5OT25QlFG8UuVUDVU0VllXfVigWcRa51wLXTBeVl98YKRhzmL4ZCRlU2aFZ7xo+mpDa5ls+W5jb9JxRnK8dDR1r3cteLF6PHvQfW9/HIDWgpSETIX2h5SJLIrFjGWOFY/fkc2T3ZX/mCCaOZxMnl+geaKgpNqnLamgrDCu4LGhtF63C7muvF2/K8IfxUbIoswMzyjR9tSR1yjZ0dye35fi0uZg6fntEu+s8gD0MPY59//5ivq4+9T8u/2j/nD/N///AAAAAQAFAAoAEgAbACYAMgA/AE0AXABtAH4AkQCkALkAzwDlAP0BFgEvAUoBZgGDAaIBwQHiAgQCJwJMAnICmgLDAu8DHANLA3wDrwPkBBoEUgSLBMUFAQU9BXsFuwX8Bj8GgwbJBxAHWQelB/IIQQiTCOYJOwmTCewKRgqhCvwLWAu0DBIMcgzUDTkNoA4LDngO5w9ZD84QRhDAET4RvxJDEsoTUxPdFGoU+hWPFioWyxdxGBYYthlRGeYaeRsNG6QcQBzkHZEeSh8OH90gsyGOImkjQiQYJOslvSaQJ2YoQiklKhIrCCwFLQguDi8SMBExCDH5Mugz1zTKNcE2wTfKONs58jsOPDA9UT5pP3RAckFoQlhDR0Q5RTRGOEdHSF9JfkqhS8dM8E4bT0VQa1GGUpRTl1SVVZRWoFe/WPFaNVuAXM1eHl90YM9iI2NmZJVltWbOZ+Ro+2oWazNsVG12bppvwHDqchdzRnR2dad22ngQeU16j3vYfSZ+fX/jgWeDEITKhnSIBomHiwSMiI4bj8ORgpNYlUOXO5k7mzudOZ8poQSixqR2phunvaliqxWs3a7FsM+y9bUxt3y5y7wPvkTAcsKmxOnHQsmyzDHOnNDd0vTU8dbn2OPa6Nz03wHhCuMU5STnSOmW7DfvivOm92z5zvuE/MP99P75//8AAAACAAgAEQAeAC0APgBRAGYAfQCWALAAzADqAQkBKwFNAXIBmAHAAeoCFgJEAnQCpgLaAxEDSQOEA8AD/QQ7BHoEugT8BUEFigXXBikGgQbdBz4HoggICG8I1Ak5CZ0KAgpqCtULRAu7DDkMwQ1QDeYOgg8hD8AQXBD2EZASLRLNE24UDRSoFUIV3BZ5Fx4XzhiOGWIaQhsqHBQc+x3dHrgfkiBtIUwiMCMYJAYk+SXxJu8n8yj9Kg4rJCxALWAugC+dMLgx0zLzNBo1STaCN8M5DDpcO7A9Bz5gP75BIkKTRBZFrkdaSRFK0UyaTm9QVVIyU9pVWlbMWEhZ01tmXPheg2ABYXBi1WQ3ZZxnCWiBagpro21NbwBwt3JvdB51w3d1eWR77n6kgHmB1oL8hAKFCIYQhzOIc4nUi1WM6Y6IkC6R2ZOIlTuW8Zipml6cCp2nnzegvaI/o8ClRKbKqFCp1KtUrNCuRq+5sSiyl7QItX22/LiJuia70L2CvzbA6cKcxE/GBMe7yXPLK8zkzp7QWNIU09LVj9dK2P/arNxP3ejfdeD94oLkA+WC5wLog+oE63/s7u5G73nwnfGN8nXzRPP39Kr1TvXb9mj29vd29+n4XPjP+UP5q/oN+nD60vs1+5j78fxJ/KL8+/1U/a3+A/5Y/qz/Af9V/6r//wAAc2YzMgAAAAAAAQxCAAAF3v//8yYAAAeSAAD9kf//+6L///2jAAAD3AAAwGxtbW9kAAAAAAAABhAAAJzfAAAAAMoq1YAAAAAAAAAAAAAAAAAAAAAA/8AAEQgAjQEsAwERAAIRAQMRAf/EAB8AAAEFAQEBAQEBAAAAAAAAAAABAgMEBQYHCAkKC//EALUQAAIBAwMCBAMFBQQEAAABfQECAwAEEQUSITFBBhNRYQcicRQygZGhCCNCscEVUtHwJDNicoIJChYXGBkaJSYnKCkqNDU2Nzg5OkNERUZHSElKU1RVVldYWVpjZGVmZ2hpanN0dXZ3eHl6g4SFhoeIiYqSk5SVlpeYmZqio6Slpqeoqaqys7S1tre4ubrCw8TFxsfIycrS09TV1tfY2drh4uPk5ebn6Onq8fLz9PX29/j5+v/EAB8BAAMBAQEBAQEBAQEAAAAAAAABAgMEBQYHCAkKC//EALURAAIBAgQEAwQHBQQEAAECdwABAgMRBAUhMQYSQVEHYXETIjKBCBRCkaGxwQkjM1LwFWJy0QoWJDThJfEXGBkaJicoKSo1Njc4OTpDREVGR0hJSlNUVVZXWFlaY2RlZmdoaWpzdHV2d3h5eoKDhIWGh4iJipKTlJWWl5iZmqKjpKWmp6ipqrKztLW2t7i5usLDxMXGx8jJytLT1NXW19jZ2uLj5OXm5+jp6vLz9PX29/j5+v/bAEMAAQEBAQEBAQEBAQEBAQEBAQEBAQEBAQEBAQEBAQEBAQEBAQEBAQEBAQEBAQEBAQEBAQEBAQEBAQEBAQEBAQEBAf/bAEMBAQEBAQEBAQEBAQEBAQEBAQEBAQEBAQEBAQEBAQEBAQEBAQEBAQEBAQEBAQEBAQEBAQEBAQEBAQEBAQEBAQEBAf/dAAQAJv/aAAwDAQACEQMRAD8A/v4oAKACgAoAKACgAoAKACgAoA/M/wCAvwG+HHxO1b9o3Wde0Z7Hxbof7Xnxj1jRfGOgXVxoviXT9Xt38T6Bo2oSajp81vJqn9h6f4s1aTSbLV1v9PtbmeOdLUtGoX77ju3Jwe0rX4K4fvbq1hIq+y107s+P4Rb5uJU23binOd+l8S3b8f6+GPta6V+1B8F4o/7J1mz/AGhvAWkWtvG2m+IVTS/i1beH/CXwvmNw9trNsI7Hxx478f8AxG02JV/tCCwsdPtNcwPltd1fAn2B3vgj9pv4beK9Zbwhrdxe/D3x9b3y6LeeDvG8DaNevr8Hg3RfHOt6Vol9cLFYeIx4c0PXrF9av9JlmsrOcXELyh4JdgB9DI6SKskbK6OoZHRgyurDKsrDIZWHIIOCORnIoAdQAUAFABQAUAFABQAUAFABQAUAFABQAUAFABQAUAFABQAUAFABQAUAFAH/0P7+KAIbieG1gnurmRYbe2hknnmc4SKGFDJLI55wqIpZjjgDPNVCEqk4U4RcpzlGEIreUpNKMVvq20lp95M5xpwlUm1GEIynKT2jGKvJvySV2eU/B/48/B34/wCiav4j+DPxC8O/EXQ9A1248M6zqfhy5kubbTtetILe5udLuWkihK3UNvdW8rIFI2TRkO2Rt+g4k4S4k4QxWGwXE2T4zJsVi8LDHYahjYRhOthKk5whXgoyknTlOnOKejvF37R8Hh3ivhzi3DYjGcN5vg84wuExU8Fia+DnKcKOLpwhOdCblGNqkYVISaV9JJ6XsR6B8f8A4M+Kfip4o+CPh74i+G9W+LPguxXUvFXgOzupH17Q7BjbqtzfW5hSOOMm6th8srkecmQMks8XwjxLgMhwPFGMybG4fh/M6ro4DNqlNLCYqqua8KU+ZtytCe8V8Ls3qThOLeG8dnuO4YwecYLEZ/ltL22PyqnNvF4Wk+T95Vhayj+8hs38Svv7vk8n7ZXwxk/a5j/Y10uz1zWfiZb+B38d6/fafbpLoPhnTdlrLFbavdbi0V3Pb3+nzIgUYF7Ah+YsU+gXhrnkfDx+JVerhcNkc80WVYSlWlKOLx1e9SMp4eG0qcJUa0W3v7ObXQ8B+I+SS8QV4cUKeKxOdwyt5ri6tGKlhMFQtTcYYie8ako1qMktf4kU7N3MjxZ/wUR/Yi8DeKdb8E+Lv2lfhjoPivw3qt3oeu6Hf6vOl7pmrWMzW95Y3SpaSRrPbzo0UgV3CupGTiujL/BvxRzXAYXNMu4Iz3F5fjaFPFYXFUsNF0q+HqxU6dWneqm4Ti1KLfLdO9nY58f4weGOV4/FZZmHGuSYTMMFiKmFxWFq4iaq0MRSlyVKU0qdlOEk4y6J+h6f4q/aT+GWj/Afxh+0N4U1e3+J3gHwf4cv/E91ceArq21ma90/S0Wa/Fp5UjKs9pbGS6nimETxQQyO6DFeHgOCc8xPFmW8HZhhp5Fm2ZY2lgacM2pzw0adau+Wi58yu41J2pwlFyUpzST6y9zH8aZJhuFcx4wwGIjnmU5dg6uNnPKakMTKrSoJSq+z5dOanBupNSScYRcmlY2v2fPjp4I/aU+D3gf41/Dyeebwp460iPVLCO7VUvrGUO8N7pl/GpIivtOu45bS7j42TROMcVy8YcK5pwTxHmvDGcwjHH5ViHQqyptulVjZSpV6Mmk5Uq1OUalOVtYyW508I8U5Zxpw7lfE2TynLAZrh1XpKokqtKV3GpRqxWkatGopU6kdbSi9tj2avmj6QKAPjT9kP5dW/anT+7+1R8VW/wC/t9bzfr5mfxr7/jrWhwY+/BmSr/wGlKP6dvvPjuEv4vFC7cUZp+M4S7vv2XlezPsuvgD7E4P4g/DDwB8VNDvvDvxA8K6R4m0y+0jXdCf7fbD7faaZ4n02XR9ft9K1aAw6ro7arpkr2V5caVeWdxLAQjSkKm0A+fNT+DHxm+GP9r6x+z/8TJdWsz/wmOtWnwk+LMsus+FLnV9Q0jwxpvgzwzonimFV17wV4M8My6Nq159itV1G5up9bl825KxIFANNP2p9H8Kaxe6B8bfB3iT4RTWs/jOa08T6xB/aHgTU/DXg3WvDnh4eLpPEtkr22hWPinVPFGmr4X0nVturXsTTZjJt5ioB9O6dqmm6vAbrStQs9Rt1lkgeayuYbqOOeFtk1vI0LuI54XBSaB9ssTgpIisCKAL9ABQAUAFABQAUAFABQAUAFABQAUAFABQAUAFABQAUAFABQAUAFAH/0f7+KAOa8Z/8if4r/wCxa13/ANNd1Xblv/IxwH/Ybhf/AE/TOLMv+Rdj/wDsCxX/AKYqH4Qf8G8f/JuH7RX/AGc94l/9QzwbX9YfTG/5LXg3/shsH/6tM0P5V+iB/wAkbxj/ANlvi/8A1WZaYH7J/wDynT/bU/7Jxd/+lvgyuvxA/wCUVPDL/sdUv/TWaHJwB/ylL4lf9iet/wCnctJ/+CS903xf/bo/4KQftA67GbvVJvHtl4P8OXkx3yaXoo17xLNNpdu5yVt1sLPQIAikAR2MI24Cmp+kHT/1c8KvBbhDCv2dCOU1MxxtOPurEYr6pglCvUS0dT2tXGTbtvVltdl+AFR8ReKXjLxbil7WvLNaeXYKrLV0MN9bxspUIPW0PZUsJBK+1GO1mj8yvg78ZP2LvhB+1v8A8FIbr9sf4b3XxG0jXPiRqVr4Ks7fwVeeKhaXdv4r8dLrkcl/bPHH4dOopeaTDFeXEqLK8WUJNswr9w4k4a8TOI/DvwVh4bZ1DJsThMkw1TNKk8zp4B1ac8tyh4RxpTUnjfYypYmcqUFeKlrfmSPxPh3iPw14d8QPGafiNk085w+KzrEQyylDLamOVOpDMM2+tRdWDUcG6yq0IxqzcVJx0fuM/T3/AIIb/AbxdF+zx+0FrHi3SbnSPgZ+0D4h1T/hWfg7UL6K/wA+D9R0u80fVNQ8uKWeK3i1Kzu49PaI+XLI1g8s0Qd8V+GfSm4sy58ZcIYfLsRDEcVcIYSh/beZUaUqVsyoV6WJoUeaSjKcqFWnKsmlKK9soxk+U/b/AKL3CmYLg/i3E5jh54fhfi7F1/7Ey2tVVZf2dWo1cPXrcqdoRrU6kaPLdN+xcpJNpnSf8ECfFeqL8Ev2gfg/q11I4+E3x+8TWGiWDMSml6JrFpZX72sKn7kb62dXuMDALStwMYrh+lvl+HfFHCPEeHgk+IeEcDWxVZb18VhqlWkpy7tYX6tDfaPW52/ROx9dcM8XcO4ipKX9gcW42jhaLd1QwuIp0qjhHspYr6xOyS1k9re9++FfyUf1eFAHxn+yT8viP9rCP+5+1F8QW/7/AEGlz+3XzM/j3619/wAca4TgmXfg3K1/4DKtHu+3ZHx/Cn+8cVL/AKqbH/jGk/18/wBI/ZlfAH2AUAFAGfqukaVrthcaVremafrOl3fli603VbK21CwuRDNHcQi4s7uKa3m8q4iinj8yNvLmjjlXa6K1AHy7rX7K1ho17fa/8CfHnif4I+I9QuNSu7qDSXHiPwPe6h4o+JGl/EHxzr+peCtblktLvxN4kFvrGgpqy3sCaVp+u3IsrRfJgVQCjH8bvjL8MZrOw+Onwmn1jT7u+s7GD4gfBpbvxJoxv/FXxPu/BvgvQ7rwrdqviO3u4fDU2heKPGOuc6Jo0d1qHls0NkTQB9A+Avin8O/ihpdvrPgDxhofimwuY7qaGTTLxHnaCz1K80e5uDZyeTeLbRapp99YfaXtxbvdWdxFHIzRPQB39ABQAUAFABQAUAFABQAUAFABQAUAFAFa1vLS+i+0WN1bXkBd4xNazxXEReJzHInmRM6b43Vkdc5V1KnkGrnTqU5ctSE6crJ8s4uMrNJp2kk7NNNO2qaavcmM4TXNCUZxu1zRkpK60aurq6ej+7S1izUFBQAUAFABQAUAf//S/v4oAguraG8trizuYxLb3cE1tcRN92SGeNopYz04eN2U89D2q4TlTnCpBuM6c4zhJbxlBqUWvNNJkzhGpCdOa5oTjKEovZxkrST9U7H8yfwB8K/t5f8ABKvx38cPhp4I/Zd1v9pj4LfEfx5e+NvBniXwfexpNbahdwx6daNfjzFNtLd6bZ6bFf2MyB7WW2LxO3mtt/uLi7H+E/j5lPC+eZpx3huCOJslymjleZYHMacnGdGnKVar7FWanGFerWlRqxklNVLNe7Y/iThPA+K3gPmnE+SZZwNieNuG86zWrmmW47LqkYyhWqKNGm61pNwlUoU6EatGSvTlC6k+ax9df8E0P2Wf2ibP9oD9ob9uL9qXwvbfDr4g/HSQWHhz4cRTJPfeG9AkvjfXSamQ7tbFRBptjaW0haZorFriU/vUC/nfjfx7wbU4Q4P8LeA8dPOcn4WXtcZnTXLSxuLjS9lTdHRe0vz16tSaUY81XlXwPm/QvBXgTjClxbxf4n8dYGnk+b8UP2WDyZOM6uCwkqvtZqtaUvZv3KNKEHJzapOcklJc3jH/AASetm+Df7ev/BRz9nnXpDaam3jWz8aeF7OX5JNU0NNe8RJPqsEZxmF9O1Lw5cB1yDHexcDg19N9IGouJfCbwY4xwi9pQWWVMsx1SOqoYp4TBOGHm9bTVahjYNN6Ok0r3bl834BQfDnit4ycIYp+zrvM6eZYGlLR18MsXjFLERX8ro18JNPTSqtFsb/7CH7FHjMftIf8FNh+0V8GLyy+GPxy8TJZeC9W8U6VYT2fiXSL7xB8RJL/AFDw3cSG4khkisdY0y8iu41t5Y3ktZVy6ALx+K/idlv+pXga+DeJadTPOFcC6mZ4fAYirCrgsRRwWSRo0cbBcilGVXDYim4ScotKommmzq8K/DPMf9c/G3/XHhupTyTijHezy3EY7D0pU8bh62MzmVWtgpvnlGUaWJo1I1IqMouUJKzSR0n/AAS18GftC/sVab+1d8Ffjz4L8UaX8DfhRrHiX4hfC34laosZ8Naj4csV1OfXbXR7gzu6WMtlpltrtrF5SAyX96xCnArj8ecy4P8AE6twBxPwnmeBxHFXEGGwOT59ktBtY2jjaroRwk8THkS9rGrXqYWo05JRpUlsmdngVl3F/hrQ4+4Z4qyzHYfhfIMRjc3yLOq6j9SrYOkq8sVDDzc7xpSpUIYqEbL3qtXbQ5//AIIBeENVb4M/tB/GTVEkEXxZ+Ouv3Oi3DKRHqOk6JbW9rLexMQCy/wBsS6nbHGRutzznNdf0usxoLiXg/hqg1zcP8K4SGKh1o4jEznONKS7/AFaNCp00n5Jy5fomZfiHw3xdxHiFK2f8U4qeGm9q2Hw0IQdWP/cxKvT3l8Hqfv7X8in9ZhQB8Z/snZXxj+11H/d/ac8Wt/3+0Lw7N/7Pn8fevv8AjbXAcDPvwfgV/wCA4nFR/Tt958fwr/vfFi7cTYv8aGHflv26ee59mV8AfYBQAUAFABQAUAfP/i39mX4T+KNdsPFdno934K8WWF14Pl/4SPwFfS+FtQvtN8D67q/iXRPDOppYBbO78MPrWu6te6rpItol1V72YXc5BUUAecaXL+1V8Go9J07Xl0n9pLwhC3g7SLvxPYC28G/E21SSDxZeePvGmv6O4bw7qVnpxtfC1loOgeH5Tqd+1/dmRg0I3AHpvwy/aS+FPxRSytNO1m48MeKrjS/Cep3vgHx3ZS+EvGujP420ebX/AA7pWp6Lqnl7dbvtJtrq9/sqzub28ihtbhpYkELlQD3qgAoAKACgAoAKACgAoAKACgAoA+J/GXwN8e/CHWdU+KP7MWoTmS5uptX8afA3W9Rnn8H+NxI5m1C48LzXTzSeFfFc3zzWzwudNvrktFcRRGYNX6FgOI8sz2hRybjClFKEI0Mv4jw9GEcdl1ly0o4yMeVY3BLRTUk6tKGsG+VKXxeMyTHZTWq5nwzOV5TdXGZJXqSlg8bd81SWFc2/qmKau4OMvZzk7SS5lI9/+DXxi8LfGzwfF4q8N/arK5trqfSPEnhvVIvsuveFPEdg3lanoGuWTYktr6ynDIdyqk0eyeItHIhr5nP8gxvD2OeCxfJUhOEa+ExdF8+GxuFqK9HE4aorqdOpHXR+67xd2j38nzfC51hFisNzQlGcqWJw1VctfC4im7VaFaG8ZwlpslJWkrqSUfWa8M9UKACgAoAKAP/T/v4oAKACgAoA+Up/2PPhQ37V1r+2JYnXNI+Kw8FSeBNYXTb/AOz6H4j0llt44pdasBF/pV1BDZWEKSGTlbG1JwUy338PEjiBeH9Tw3q/VcRw/wD2os2wzrUufFYPEe+5Rw1W7UKcpVa0nG29Wpa10j4KXh1kD49h4i0vrWHz7+zHlWJVGry4XGYe0YxliaXKuepCNOklK/8Ay6p78p9W18Afenmnxk+F2i/Gv4W+OfhN4jv9X0zQPH/h+88N6ze6Fd/YtVj02/CpeR2l1sk8s3MAe2myjB7eaWMghzt9zhrPcTwxn2VcQYKjh6+LyjGU8bhqWLp+1w7r0dabqQur8krVI66TjGWtjxOJMiw3E2RZpkGMrYihhM2wlTBYmrhansq8aNWyqKnPW3PFOE/5oSlHS9zI+APwM8Bfs2/CTwZ8F/hpYzWPg/wRpa6bpy3UgmvruRnae81HULgKv2jUNQu5Jru8nIzJPK7cZxXRxdxVm3GvEOZ8TZ3VjVzHNK7r1vZrlpU0koU6NGGvJRo04xp04X92EUtbM5+E+Fsp4L4fy3hvJKUqWXZZQVGjzvmq1G251K1af26tapKVSpLrKTfU9ir5s+jCgD48/Zb+yL48/a8jtvtPmJ+0frDXfniIJ9om8HeE5j9m8v5jCUkQ5lw+8t2wW+84y9o8t4Fc+Sz4ToKHLzawjj8bFc19OZNNPlurWe7aj8hwxyrHcWqPNdcR1nO9rKUsJhJe7bpZp3bvfpG3vfYdfBn14UAFABQAUAFABQAUAeY/ED4OfDf4nLZv4w8L6fqGpaXdXWpaJr0UYtNe0LWbnw7rHhVdc0nVINlxb6xZaFr2rWWnXrmZ7FLyQ24RuVAPGbD4W/GX4N2dy/wu8eXvxJ8JaPpsA0b4X/EKaJtXXTfCPw0GiaH4U0Hx3MTI2p+LvGenWmta94k8Sqwgk1S+IXyY1FAGj4e/ao8IxatB4T+Leia78E/GMt5faZBZ+Obf7P4a1u+0DwToXjfxZdeGfGUO/Q9U8PeHLDWxa3XiC6n06ylu9P1COHcbZ1YA+nLa5try3gu7O4hurW5ijntrm2lSe3uIJVDxTQzRM0csUiEOkkbMjKQVYg5YAnoAKACgAoAKACgAoAKACgD4q+I2mWvwG+PnhD4z6NHcWnhH426/4e+FHxZ0+1EUWkQeK9Vmay8AfEC+Q48q6lvmj8K6reIiiZb3TJbqRjEGr9ByqtPiXhnHcP4hxnjuHsNis7ySrNydeWCoR9pmeV03reCpqWNo03flcKyhbmUY/GZhShkWfYTOaKlHCZ1Xw+VZrCFlSjiqsnDAY+ouknNrC1ZpRvzUpTn7p9qAhgGBBBAII6EHkEdeCPf86/PmradVofZi0AFABQAUAf/U/v4oAKACgAoAKACgAoAKACgAoA+M/wBlr5fiZ+2dH/c/aQkb/v8AfDXwHN/7U9vfsW+/4z/5E/AD78Jrr2zfMo/L4e/lpY+O4Y/5GXGK7cRP8ctwL/W+q1v1ufZlfAH2IUAFABQAUAFABQAUAFABQBzPi7wZ4U8feH9X8K+NPD+leJvDuvaXqWiaxpGsWcV5Z3+k6xavY6pp86SAk21/ZyvbXUalfOhZo3ypIoA+Z9e/Zu8W+EJ9d8Rfs5fE3Ufh9reoDxprEfgvxS114k+F+q+MPEuneFdK0O+1XTGZ9R0rQPB1l4blGi+H/D729mJtY1CV4yzCgB+oftI+JfhXc6pF+0D8Ndb8I+GNNfxbfp8U/DEcvizwKvhfRPEnhrw14Y1HX5NKin1HQ/EPjaXxJFqFn4aFjcTWFrY6i1zKsdszUAfTXhvxZ4Y8Y2MmpeFdf0jxDYQXl5p1xdaPf21/Fbajp1xJaahp9y1tJJ9nvrC7imtby0m2T21xFJDNGkiMiAHQ0AFABQAUAFABQAUAeHftL/D64+KfwB+LvgXTy8et654E8Qf8IxcxHE1j4v06xl1XwjqFu4yyT2HiSy0u7idPnDw/LjJNfR8IZpDJuJ8jzKrZ4fD5lhfrkZfDUwNWoqOOpTWicamEqVoSTdmn00PE4ly+WaZDm2BptqvXwOI+rSWjhi6cPa4SonrZ08TClNWX2epY/Z08et8T/gb8LPHUrKbvxD4L0O81FR/yx1IWUUOoQMOSHhu45Y3B5DKc46VHFeWLJ+I85y2Kap4XMMRTpP8Amo+0bpSXlKDTW2nfRlcPY/8AtPJMrxzd5YjB0J1PKooKNRPzU00/M9pr589kKACgAoA//9X+/igD5B/bs+NPjX9n39mXx98U/h7JpsPizw/JoUemS6vYLqVhH/aOt2VjcNNZO8azH7PPIEBddrkNzjFeHxFj8RlmU4nGYZxVak6XI5xU4+9UjF3i7X0b6/dofhP0k/ELiHwu8H+JuNOFpYSGd5XLLI4SeOwyxeGj9bzHD4aq6mHlKKqfuqklG8lZtS1skdl8GPih4m8c/sreAPjBrpsm8XeIvgzpvjrUja2ot9PbW7rwuNXlMNorERWpu/uwBsLH8mRXRgMXVxGT4bHVOV1quAhiJcqtH2kqPO7R6K/Q9/w/4yzjiPwW4Y48zJ4eWeZrwBhOJMW6NFUsK8xrZMsdP2dBSahRdfampaR0utD5W/Yi/bB8dfFz9mP4u/G/4yTaLPd/DXX/ABwC2i6bHo9tJonhfQYdZit2gjklVrqQs8AlzmRmTjJxXjcP55icblOOzDHOm5YSriF+7goJ06NNTSsnK7eqv/6Vdxj+LfR28eOJOOfB/jrxF4+qZfUr8IZpxGr5fg44ClPLsmy2GPhSdKM6ilWm+amp815OUVvqeQ/safFz4wyfsc/tHftYeLfEt74k8QeItR+JPjDwJp+szPcaPoth4Wt7uys7S1sS2IrRdatLt2gRlSS3SKM5Hzrx5Fjcc8izXOa1aVWrWni6+GjUfNCnGjFxikr/AAqopO2mmjTsfC+APHHHsvATxY8bs8zfEZtmma4ri7PuGcLmFSVbAZfhclpV6GHo0cP7qhQWYUMRJ0krTpRhH3U/eof8E5/+Ci3xB/aD8e6x8J/j3b6FpvizVdEg8U/DvUdK0saJba5pyJuv9OFv5ssc9wkDxX1pJE5eaFbwOF+zHdHC3FOJzPEzwWZKnCtUpqthJQjyKpBfFC19ZJWkmndq+j5W5cv0UPpW8UeKPEuO4I8TaWW4TO8dl1POuFMXgsGsvpZjhFG+JwnsuecalWNOUMTQlCXNOCxCkl7GSPQ/h98cfjP+0n4s/wCCiHwNn1q10X/hU15rHhj4S6n4as/7J1zT7tLzxXb6X9s1GOSSS7mkudB06KSYrG2yW4AB3gr04bMcfm1fijLnOMPqUqlHBSpR5KkZKVZQ5pptybdKKvZPV73PquFvEbxA8XM7+lT4cVMwoZd/qPiMfk3BGMyjD/UcxwteOIzung/rGLjUnKvOdXLMLCdRxhJQnVS5ua8fVv8Agmb8dta+OX7MukSeLdSuNX8b/DnXNU+HnizUrt/Nub680Zo5dPvLiU/NLcXOjXWnzXEjAbp2k64zXbwnmM8wymHtpueIwtSeFrTbu5Sp25JN6Xcqbi27LW+92fa/RA8Scw8RvB/ASzvF1cdxFwpmON4VzvF15OdbEYjL5Rnha9Wo9alWtgK2FqVZverKXmfQ/wAR7H9p2bxHJN8Kdd+Dtl4U+y2wjtPG2neKZ9aF4Ix9rZp9IU2ht3kyYADvVOHBIG79OympwfHCKOd4bPqmN55808uq4OOH9m37lo12p8ySSlra7ur6n9DZjDiV4hvKq2UQwvJG0MbTxTr89vevKknDlb21ulunZc3T/Ew/G1dM0M/CNfh5Jq4eX/hIR44fW47Fk8mDyDpR0hJJQ32j7T5n2kYEXlbcsX28eULh51sT/bjzVULR+q/2csM6l+aXN7b27Ufg5eXkfxKV76HVmX9tKnQ/sn+znVTf1j6866g1yrl9l7FOXxc1+ZrS1r6nx3+zNcfGW2v/ANtUrp/gG7+MCfHLR7hNPN5rNv4Flvp/hx8OhOGu/LOrpbDThcPGwj3m6WJSBGzmvvOL4ZBOl4fXq5nTyF8O14Or7PDyzJUo5rmvK1C/sHL2vKmr8qg2/ekvd+P4alnEanGf7vATzf8AtulNU+etHAucsuy7mvO3teX2fM07X5lFNNXPsD4YX/xyvLXWj8XtA+HmjXsRi/sBPA2ra1qVvcgxyGb+0m1aKJ4SJRGsfkg5QuWwQBXwmcUuHKc8P/YWKzXEU3zfWXmVDD0ZQ1XL7JUJSUtL35utrXv7v12WVM7nGt/a+Hy+jNW9gsDVrVYy0fN7R1UmtbWstu5zfgLXf2l7zxWlr8RvAfwy0XwcUuy+q+GfFOq6lq6yJ/x5KLG7t44isoz553fIfu5AxXXmeG4Rp4JzynM84xGPvC1HF4GhQoWf8S9WFWcrx+zZanPgK/Ek8Uo5jgcto4S071cNiqlSqn9hezlFLX7WunS9iPxH4m/aWtPHraf4a+GXw+1f4d/2np8SeIb7xpcWGvjS5WgGpXb6R9nMX2m1VrhoIFkIn8uMZUsaeEwnCM8tVXGZvmlDNfY1ZPC08BCrhvbJS9jTVbmjLknaClJ/DzPa15TicTxJDH+zw2WZfVy72tNLETxsoV/ZPl9rN0eVLmj7zjFS1ta6vc1/iv4l+PGhXekJ8Ivhp4V8eWc9pLJrM3iDxlH4YlsbsSERQWqSQyi6jeLDtJhdrfLznKY5JhOGsTCu89zfG5bOM0qEcLgJYyNSnbWU5KUORqWiVvuubZric9oSorKctwuOhKDdZ18ZHCuE76Rinzcya1b17eZoeIPEnxjsfhro2t6B8NtE1z4m3EWltrfgiTxfaabpOnTTwO+qpa+JJ4jb3i2E4SKAhF+1K+9du07ssNhMhqZviMPic3xGHyeEq31fMVgalavVjGVqDnhItTpurG8pK75LWbV2zTEYnN6eW0a2Hy6jXzKSpe3wTxcKdKm5Rbq8uJkuWapyslZLnTurCeBfFXxd1bwV4i1jx58MNP8ACXjLThqTaD4T07xdYa9b68LbTluNPVtYt40trBr/AFDdYHzgwt1AuH+Q4ozLBZHQzDC0MszmrjsBV9ksTjauBqYWWG56vLVaoS9+oqVK1X3fi+FapBgcVm1XBYitjssp4XGU/aewwtPF068a/LTUqf76K5aftKl6fvL3bczVnYxPhX8QfjR4r1u+0/4j/BFvhrpUFibi01n/AITPRfEiXt2JUQWQtdOVZoiY2aXznATCbepFdGdZXw/gsPTq5VxEs2ryqKM8P9Qr4V06fK37Tnq3jLX3eVWfW72McrzDOMVWnTzHJXl1KMOaNb65RxCnO9uTkprmV1d8zstNndcuZB8W/jE3xEPhSf8AZz8RxeEf7en0xfiEvjHw1Jp39lRyypDrzaTxqIgnjVJRa489A4VsFWreWR5B/ZX12PFeFeO+rRrPKngMWqvtmk5YZV7ex54tuPPdxdrrR+7jHNs4eYPCy4dxCwnt3SWPWMwzh7JN2rulpPlkknyfGr213L3xS+LnxJ8Ca/BpXhP9n7xp8UdMlsIbuTxB4d13w/p9pBcySSo+nvbanIty00KosjSD92RKoGOTWWTZHlOZYWVfHcUZfk9ZVZQWFxWFxNapKCSaqqdFqCjJtqzu1a7WppmebZjgcRGlhcgxmZ0nTUniMPXw9OEZNu9Nxqe9dJXva2ttToPiJ8SPF3grw1oOuaF8IvF/xB1LVXjS/wDDfhu60xNS0IPbLO73st5JHbyrHITbHyTzIpIwpBrlyrKcDmGLxOHxOeYDK6VBN0sXi4VnSxNpuKVNU05Jte/73Tu01LozDMcXg8NQr0MpxmPq1WvaYbDSp+0oe7dubm+V2b5fd5rvba4uk/EzxPf/AAuvPiBe/CTxtpPiC1S8dPhncf2fN4uuza35s4kthDP9hdryEfb4MzAfZj83zDDFfKMHSzmnldPPMur4Wbpp5vD2qwMOelztz5kqiUJP2ctPj2sncKWZYmplk8fPKsbSxEVNrLZezeLlyz5Eo2k4vnj+8jt7u6bVit8Jfit4j+JUutx6/wDB74h/Cz+yY7F7eTxza2VvHrBvGullj01rOeYSPZfZ0a537dq3EOOp3XnmSYTKFh3hs+yvOvbuopLLZ1Juh7NQadZThGyqc9oWcr8kr2t705TmuIzJ1lXyjMMr9koOLx0YRVbn5rqny7uHLeV1pzK17s5bwh8d9Z8Z+MovBeqfAL4w+FbG6lvoH8T+KvDlpB4WRLNJZEknulu5j5N4YlW1Jjbe8kedua68w4Zw2Cy+WOp8S5BjpxjTl9RwmKnPGS9o43SpunG7pqV5roou8tLS5sFn1fF42OEnkWcYSLc19axGHjHDLkTd3UVR2Ure77t3dJtXPkn9oyw8DfDvxL4sv/hv8Mfjz8PvHGi6LdXUfxG+DHh5rfwdexa14u0z4s+LxdwJONBmuvFWrWl1o/izxHc6XLqlpYaprMdvcAnNY4ThmWMyipmsc7yHCuFHE1fqWNx6oYpfV1UspU3F2dXkvT1fNGUX7rcYnncTcXS4fwub1YZNmmMnl2XYnG06tPDN4GrOjhJ4iMZ4hO8KSlFQrVLXppTaUuU9L+E3xv8A2lovh/8AD/xx43+G9r8WPC3jzQvCutWuu/DMJa+KNMvviH8Qrmw0zSNR8J3Uqr/YPgD4fX+h6z4s8Vi5b7XcWmryQW52xq3yOEr/AFnC0MRZL21KFS0XzRXMr2T6rszq4I4jfF/CHDXFDw8cK8/yXL82eGhN1I0HjcPCv7KM3rNQ5+VSdua17K7R9OfC/wCPXwp+MNpbz+BfFtlf3k+mrrDaDerNpHiW10uTV9W0GG/vfD2px2urWlpc6toWr2VrcT2qR3MlhcGFpEXdXQfUnsNABQAUAFABQAUAfG/7En/En+Gvjf4dvxL8LPjX8XfA4X+FNPsvG+rXeirGv8MY0e7sTH0BQqRwQW+98Q/3+b5dmqXu5zw9keY36urUy6hTxDfduvTqX1eumlry+P4L/c5bjcv65XnWbYL0pwxtWdBLyVGcLflHY+yK+CPsAoAKACgD/9b+/igD8+f+CpOk32rfsQfGVbCCS5ksIPDWpTxxKzyC0tvFOji4lVFDEiFZfNkOMJEkkjYVSV+Z4wpyqcPY9RTbiqU2lvZVqd38r3fZXfQ/lz6ZuBxOO+jpx/HC0pVZ4allGLqQgnKXsKOdYBVZqKUm1TjPnnpaMIyk7qL5cn9mz4wfDa3/AOCdvgPWbjxl4ft7Twv+z3HomtrNqtlHcWOsaJ4Rl02902W3eZZxeC9ha3ig8sSTOyeWrBlqMqx2EXC+GqOvSUaWWKnUTqRvGdOi4Sg0+VqXMrJNat6W+1weEfHnCNL6KnDWYVc/yulQybwtjl2YqpjcPGrhsfl2RTweIwk6UqiqKusTTdKFPl56k3HkUuZOX56/so6VrVt/wSh/al1S2gnjTxHqvjvVdJl2SIbrSom0awvpo+FLRbLK/RmHybVbOQGFfMZLGouDM4mk17WpiZw84Xpxk1tde7Lp62R/Lfgngswo/Ql8Z8dRp1YRzbHcS43AzUZp1sFCeAw2JqQ+FuHLh8TFtXXLF3urqX0l+zs1g3/BHzWDp4xGPg/8U1uOn/H+t3rovzx63fmnnJ9cdK9bKuX/AFHly7fUcXf/ABXqc3/k1+34Jy/W/Cl4Z/QOx/1X4P8AULjRVbf9BKrZmsT8/b8/67s+Dbv4PeI9C/Ye/ZS/bR+FULwfET4Dz3D+ImtFZZNT8H/8JZqBiku/KAeW3sZ7ifTr4fM0ml6tIrMsNtivm/qNWnw9k2fYNWxWXN+0a3lQ9vO3No7qLbg9vdn2Vz+aa3AWbZb9HLwS+kFwVTlT4r8NKlWeaugpc+MyFZ3i3CdfkV50sNUqVMJiE+aUsHjpJ+5RSPrX/gk58QLH4rfH79uT4l6fFJBYeOvFfhrxTbQzgLJFDrOseNL4JIvIVlE2GGeMY5xXtcF4mOMzPiHFx0jia9Ksk+iqVK8tfS/+R+4fQi4nw3Gvid9I7i/CQlTwvEmd5RnVGnU0lTp5hj+IMSoT6JxVSz387WsdD/wRuuGfT/2pIdODDw0PjPcz6YcEL9oksY0mA/h3C0issgDIGMlgV27cCv3c4UP4X19uHq4a7abcvT1sep9Aaq5YXxmhhU1lH/EQK1TB78vtZ4anGok/huqEMPe2tmvI/bCvvj/Q0KAPjT9nD5Pjp+2jD/1WPwtPjt+++E/gc5/HHPr+Ar7/AIsV+G/D+X/Uhxsf/Ac7zHrr3tZ29Ha58dw7/wAjzjNf9TjCv78qwP8AW7v5WaPsuvgD7EKACgAoAKACgAoAKACgAoAKACgAoA5Px9bfbPAvjS0xn7V4T8R22PXz9HvIsfjvxWOJXNhsRH+ajVX3wkjxOJqP1jhviCha/t8kzajbv7TAYiFvnzHiv7G9z9q/ZX+AUhOWX4XeEoZD/wBNINKgifuf4kP/ANfq3n5E+bJstf8A1B0V90bfofnvgFW9t4LeGM73a4NyOnJ7+/TwVKEvxidt4/8AgN8K/iXf2es+J/Clm3iKw1bwnrNv4n0l5tD8SG78D6pe614Xgutb0qS01C/0vTNT1LULldHvbifS5mvboXFrKsrV6x+unjOm+Ef2nPgymkWXhvxjb/tAeCbNfBmjXVn8QpItO+JFjpmn2Piq78e+MJfE9nFFD4q1/Wb3/hFdP8P+H3tLa1tY/tzvKeCwB1ngH9qj4f8Aii8sPDXjKz1r4Q/EO4j8HW174D+Itt/Y+oWviLxr4Vu/GeneFLHU2/4lOva7Z6Dp2o3Wq22kXN0NONhdJcsrRMFAPphHSVFkjdZI3UMkiMHR1IyGVlJVlIwQQSCOQT1oAdQAUAFAHxt+z9/xIP2hP2xPBf8Ayyk+Ifgv4hWo6DyvG3w58NSXZQc/KdUsL/cflzN5h5yTX33E6+s8LcB5g17yyvMMrm99cuzbFqmn0uqNSlb+7bsfH5B/s+f8X4Po8wwWYR9Mbl2Hc7eXtac++va9j7Jr4E+wCgAoAKAP/9f+/igDL1vRNI8S6Pqnh/X9OtdW0TWrG60zVdMvolntL+wvYWgurW4ibh45onZGGQRnKsrAMsVKcKsJ0qkVOnUi4ThJXjKMlZprs1c4sxy7A5vgMZleZ4WjjsuzDDVsHjcHiIKpQxOGrwlTrUasHdOE4SafVbqzVz82bz/gkj+yNdaxc3sWn+PrDRby+OoXXg/T/G2oW3hiW484TLGNOCOgtVICCAljsAAcEA18rLgrJHOUlHEwpyk5SoQxE40W27/BZq3S19l005f5Jr/Qc8DK2PrYmGF4nw2X4jEPFVshwvEWKpZNOq586j9UUOVUVblVN68uilFpOX3HL8GfAlt8HtV+CHh3Q7Hw74Ev/BuseCrbSNOhEdtY6bq+mXWnSPGhyXmUXLTmWQvJJOPMdy53V9C8BhlgZ5fSpxpYaVCdBQgrKMJwcW1vd63u9W9dNz+jZ8AcNUeA8b4dZVl2GyrhvE5Bj+HqOBwtPlo4bCY7B1cJKUI3blUj7Z1XUlLnnVXPJuTbPz2/4J+/BrxzpP7O3xn/AGU/jn4R1/RfDuieL/GnhXSL87rKDX/Bnivzbi6utD1Ab2cm+u9RliuFB2Ry27AAkhfmOGsDiYZXjsmzGhVp0qdfEUYS+FVKFa8m6ctftSnZ9tUlqj+WvovcAcR4Lwq8QfBTxIyLM8vyrLs+4hyTA4h3w9PNOH879pVrVsuxS5pO+Jr4qVOqorljKm0l9n74+HXwC+G/wy+Ddp8B9B0u4vfhzbaLqmgPpWu3R1Sa80zWTcnUILy5kRGm8/7XON21WTcChDIHr6TC5bhMJgVl1KDeFVOdPkqPnbhUvzKTe97s/prhTwx4S4P4BoeGmWYKriOE6OX4zLJYLMq7xtSvg8f7b61SxFaUIup7T29RcyjFxunHVXj81aH+yx8OP2LfhH8ffEv7N/hPxXf+MvFnhK9ltdIfVJtfvbvWrS01G38O2+l27xQmG3sr7VnupIkLHyUk5O0V5VPJ8JkOCzKrlVCtKvWoSahzurKVSMZKkoX5bKMptvTbXWy5vyPLfBbhL6PnA3idm3hNkmd4rP8APMjxE6OBljamZ4ivmFChiqWVUsFSlCn7OlhsTjpVpQTk/Zxk+bRctP8A4Jn/AAC1/wCAv7NWmW3jTTJtH8d/EHXdU+IHizTLlBHdafd6wY4dPsbpOWjurXSLWxiuoyzBLhZVHTNTwnltXLcphHEQdPE4qpPFVoS+KEqmkYy7SUIxuruz7auXP9ELwxzPwz8I8JS4gwdTAcS8U5njeKM8wdZctfDV8e4wwuHrRaThWo4GjhqdaGvLVjJLe5+hNfTH9ShQB8Z/s+fu/wBor9tCH/qpPgC4x/13+Engs5x77evH9W+/4o14V8P5f9SnM4f+A53mGn9fqfH5BpxDxkv+pjl7+/KcH+fp06H2ZXwB9gFABQAUAFABQAUAFABQAUAFABQAUAUdTtvtmm6haYz9qsbu2x6+fBJFjt13ev5VM1zRlHvFr71Y5sZS+sYTFUN/bYavSt39pSlDy79/uPlf9ha4+0fspfBvnP2bwwlj9PsV1cW2Pw8rHf8Aovj8Ou+TYDyoqP8A4C2ra/19x+MfRure28FOAdb+yyeOG/8ACatVo28rcltVH0PravaP3AKAOQ8Z+APBfxD0z+x/G3hnR/EtgiagtsmqWUVxPp76rpN/oV/daVeYW80m+n0fVdR086hps9tfR215cRxToJSaAPmmb4CfE74TrJf/ALOnxJvYtIsYDJbfB/4kTz+I/Bk9j4Y+Fn/CI+CfBXhrW7hn1zwXplz4q03RvEPibWludV1C9Muq9HnU0AXIP2pR4HvJNF/aF8Eav8Jri2fW408aFZNW+G2s2Pg3wLoXjLxr4ug16BC3h3wnpkurXmjWNx4j8i61G80e9ECtgGgD6k0fXNG8Q2UWo6HqdjqtjMkbpc2FzFcx7ZokniDGNiY3eGWOTy5AkgRlJUZAoA1aAPjbwx/xI/26vixYHhfHHwC+FfiWMdml8PeJ/Hfh24k9CxiitEbjIVE6AivvsZ/tHhvklX/oX8T51hH5LFYPLMVFfe5tO3WS0sz4/DfuOOM1hssbkOVYlLu6GKx+Hb6LZRV9X0srpn2TXwJ9gFABQAUAf//Q/v4oAKACgAoAKACgAoAKACgAoA+M/gT+7/af/bOg6f8AFW/Cq4x7T/CPwiQep/ukdB7Zya+/4k14O4Al/wBQWdQ36xzzHL+ux8fkenE3GK/6i8qf35Thbvpvvs/U+zK+APsAoAKACgAoAKACgAoAKACgAoAKACgAoA+PP2Dh5f7Mnge1/wCgfqPjDTcen2DxbrFrt/Dyse1eHw5/yKcOv5J14f8AgNaouy7f8NtH8G+jT7vg/wAOUV/zC4vPsJ6fVs8x9G3y5Lfh0PsOvcP3kKACgAoAoarpWl67pt9o2t6bYaxpGp2s1jqWlapZ2+oabqFlcI0dxaX1jdRy213bTxs0c0E8TxSIxV0ZSQwB8u+LP2WLC3u9a8UfArxv4g+BfjrU5PG2sm50E/214I1Xxn42i8MW9z4o8WeBdVll07W59MtfC9va6PZ29xptjpyX+oSQWwebbQBasPij8bfA3iNdC+K/wwXxB4a1HW9bg0b4i/DGWbUrex0q58b+FfB/w80/xV4bvBHqI8T+JIfEz61rU2kM2haDYaJqtzNKYokDAHNa432X9vT4fTYZBr/7MvjG2IYYLf8ACPeP9IukRv8Aaj/4SJsr238dWr77DfvPDTM47/VuL8BNeX1vK68W/n9UXXp0Pj6/ucdYB/8AP/hvGR/8JsfSl/7sd36dY/ZlfAn2AUAFABQB/9H+/igAoAKAKOqanYaLpmo6zqt3DYaXpNjd6nqV9cuI7aysLC3kury7uJGwscNtbxSzSuThURmOMVFWrTo06larONOlShOrUnJ2jCnTi5TnJ9Ixim2+iR1YHA4vM8dg8twGHq4vH5hisPgcFhaMXOticXi60KGGw9KC1nVrVqkKdOK1lOSS3R4b8F/2oPgj8ffhve/F34b+NtPv/h1p+sanod14q1VhoWkxX+kXn2C+DXeqPBbiCO8It1uDKsUkpEYIf5a8TJuJslz7LZ5tl2Np1Mvp1qtCWKqtUKSqUZ+znedTljyqfu817N6atLm/UvErwM8TvCbjTDeHvGfDGMwnGOLy7BZpQyHAJ5rmE8JmGH+tYZrD4GNWq6s8P+9lRUJTjBOT91KUvR9E+J/w08S3qad4c+IfgbX9QkyY7DRPFugarevgZOy1sL+edsAZOE4HJzjFejRzPLcTNU8PmGCr1HtTo4vD1Zv0hTqc34P5aKXxmZ8Dca5JhpYzOeD+KcpwkLc2KzPh/NsBho3dlzV8VhKVNXeivNXenU89b9pn4NR/tAD9mGfxZFbfGd/Cf/CbW3hW5tpoTe+Hv9HLXVjeOq291IguEZ4ImeRVWUnHlOF858S5Os//ANWZYtRzl4T67HCyjJc+H9334TceWTXMrxUr7/ytH18fBHxIn4R/8RxpZBOt4bR4gfDNbPqNelUWGzf97ahicNF+2oQk6MlGrUSg3Kml/Ehze917x+TmRquiWGsvpMl6LgtourRa1Y+RczWwF9DaXtkhnELoLmDyL+4DW0weFn8qQoXiRl3oYmph1XVPltiKDw9TmhGX7uU6dR8ralyS5qUbTiuZK61Uny41aFOu6TqKT9jVVaHLKUffjGcFzcrXNHlqS92V4t6tOycfFfiP+zN8L/ip4kk8VeLF8WnVpLW2s2Oj+NPEehWfk2kYji22OmX9vbLJtHzyCPfIeWycFvocp4vzjJcIsFgngfYKc6i+sZfhMTU5pu8r1K1Kc7X2V7LoeNmPDWWZpiHisV9b9q4xg/Y4zEUIWgrL3KdSEb23dm35any1oPwT8D/Ff9qD9rDRPFy6+bLQNW+Dd1po0XxLrOgzbrn4OeErWU3U+lXVtLeDbZptFwXCNuYfM7M32WJ4hzLJODeCcRgfqyniaGfwq/WMJh8VFqGfY6aUIVoSjDWo2+VX2XvJJx+YoZNgs14m4qoYt4jkoVcnnTVHE1aDvLJ8JFuUqU4ud1BfE7J30T1l9lp8E/A8fwul+ECjX/8AhDZovJcHxJrB1zZ/aUeq8eIDdf2srfa41+YXIPk5g/1ZKN8C+IcxecLPf9l+vp3X+yYdYe/svY64X2boP929uRe97695H2CyXBLLHlH+0fU2rP8A2mt7f+IqumI5/a/Guk/h92/KR/DH4H+BfhFaa1ZeD18QCDXzEdQ/tvxNrWvv+5jkiT7NJqt1cva/JI27yGTJwxyQCrzjiPMs8nh6mP8AqvNhb+y+r4PD4Ve803zqhCCnqlbmTtqla4ssyTA5TCtDCfWLV7e09tia1d6JpcrqTm4aP7LXzsjlvAP7L/wu+G3i5PG3hk+MhrUcV5Eq6r438SaxppW/wZ92mahfz2bMCv7pjFmL+DGcV25nxjnObYF5fi/qDw8nTbdHLsJh616fw2rUqcKnquvXqjmwHDOWZdi1jcN9c9slNfvcdia9O1T4v3dSbh6aO3S1kR+Jf2W/hd4s8fH4k6tL41HiQ6pp2r7bHxz4ksNI+16W9u9qBo1tfx6eLfdbRedb+R5U43iRWDsKeD4yznA5Z/ZNCOXPCexq0P3uW4SrX5Kykp/7ROlKrzWm+WfNzR0tdq8ZxPDGWYrH/wBpVXjfrPtadX93jsTTo89JxcP3MZez5bxV42alrfe0dz4r/s9/D74zXek3vjJ/FST6LaSWVl/wj3i7XfDcZhllMrfaYtJu7ZLmTeTtkmDOq/KOK58k4pzTIIV6eAWCccRNVKn1vAYbFvmiuVcrr05uCt0jo99Ptb5rkGX5xKlPGPFJ0YuEPq+Lr4ZWbu+ZUZRU3d6OSutla/vaHiD4HeB/E3w00b4Uak/iUeFNBi0uGway8T6xZa4U0e3e2s/tWvW90mp3TGKRvtDTXDG4fDyksAaywvEeY4PN8RndFYP67iXWdRVMHh6mGvXmp1OTCzpyowXNFcqjGKgtFZOxpiMkwWJy2jlVR4n6rQVKNNwxNaFe1GLjDmxEX7WTs3zOTfM9X0cfGP7T/Zi/Zt1vwB+y5rHxBuvDvjD9qa88eaf8M/CPibxXr2reKPHN54c8Kw3XjSDwzqV5Lc3NpJo3h1o79wlzb/Z8tcQZmJKmZcR5jm2YYXM8UsGsVg/Zex9hg8Ph6P7mr7aHtKFKnCnU99vm51Lnj7r0VgwOSYHLsHiMDh3ifYYr2ntfbYqtWq/vafspclWpJzh7i93la5Ze8tW2emfCz9m/4cfB3Wr7X/B8ni99Q1CxOn3A8QeMtf8AEVr9nMqTExWuq3txBDNvQfvo0V9uVBAJDdGdcWZtn2Hp4XHrAKlSqe1j9Vy/C4SfPyuPvVKFOEpKzfutyV9fMxyvhzLsor1MRg3i/aVIezksRjMRiIcrkpe7GrKUU7rdK9tNfs5cH7LHwst/iGfifHJ42/4SdteuPEZV/HXiV9G/tG5lklkA0Rr86d9j3yvss/I+zou1VUBQa3lxpnU8q/sdxy76n9WjhLrLcGsT7KEVFf7T7L23tLJXqc3M9by1bMlwvlccw/tNPG/WfbyxFnjsS6PtJNt/uOf2fJd6QtyrotkaXxO/Zt+G/wAWvEEHibxZL4xj1O3sIdNjGgeNPEHh+z+zQySyIWsdMvILd5t0rbp2TzGG0MxAArHJ+Lc2yPCyweCjgHRlVdV/Wsvw2Kqc8kk7VKsHNR91Wje3Wy3NMz4by7NsQsTi3jFVjTVJfV8ZiKEOWLbV4UqkFfXV638rHRePvgt4M+JHhrRPCniObxKmleH3iewbRvEuraLfsYbcWyfa9Q0+eK6ux5SjcJncM/znLHNcmWcQY/KcXicbhY4R1sVf2qxGEo4il70+d8lKrGUab5n9m1lpqtDpx+TYPMsNRwuJeJVKg04OjiatGppHlXPUpvmnpvzXu9WkGl/BbwbpHwzu/hNZzeJT4UvUu0mkuPE2rXGvhb2//tGfyvEEs51OI/aDiMrPmKH9ymI/korcQY+vm9PO5xwf12m4OMY4SjHDfu6Xso3wqSpNcurTXvS952eoqWTYOjlssqg8R9Vnz3csTVlX9+p7SVsQ/wB4ve2tay0WjblX+FXwM8EfByXWpvB83iiVtejso77/AISLxTrHiRVWwa5aD7Kuq3E4tCTdS+aYAvnARiQny0FVnXEeYZ8sPHHRwcVhnUdP6pgqGEu6igpc7oqLn8C5VJe7ra1/enK8jwWTus8G8U3XUFP6xiq2IX7vm5eVVXaL953slfS7dko834O/Zi+Gngbxlb+OtEuPGz65bT3txGmqeOPEOqaWZL+OWKcPpV5dSWToFnfykaMiJthTaVBrrx/GGb5jgJ5diIZcsPONOEnRy7DUa1qTjKNq1OEZp3iru93qne75ufB8NZbgcZHHUZY114ucl7XHYirSvNNO9KTcGrS01dt9Le78c/so/swfDfx/8P5PHGvX/j2DXrT4p/E+ye30bx1r+j6MjeGPiPr2nWiro9ldR2SKY7CI3KiPFy5keXcZHrxODeMc2yzhxZVh6WWSw9PFZrTUq+W4aviEquNxDnetOMptpzfJeUuVWSskon4J9H3hnLsdwC8VXqY6NfDcZcc4Xlo42tRor+z+L82w8EqUJcq92lHmVnzbvdqP3H8VvgL4I+Ma6Gni288X2o8PR3EVh/wjPizWPDZdboQiT7adMuITeMBAnlmYsY8vt+81enkvEuYZC8S8FTwFT61KEqv1zBUMXZw5uX2ftYy9mvfd1F66XvZcv9BZpkOCzhUFip4uCw6kqf1bFVcPdStfn9nKPPaytzbdLXfNZ1D4IeDdT+F9n8I7i78Vr4VsorSGG5g8U6tB4jKWUvmwmXxCk39pSsX/ANazTAyr8rEjFRS4ix9HOKmeRp4L65Uc5ShLB0ZYS9RcsuXCuPslp8No+7utdSqmSYOplkMplPFLCwUIqUcTVWItB3V8RzKo7ve7d1ps0zz6Tw58E/2Tfhj4sv8AXfFPiPR/Bmt3kNnqF74m8Ta74m1a51XXIYtE0/SfD5na81JtS1FzHDYWOnIZWuWM42KkkqGbcR4/OcVhcZi6eChVwiiqSwuDo4ak+So6q9pTpRUaj5nZ8yd42jsLLsjweV4fEYbDTxUqeJcnUdfE1a81zQ9m/ZznKTh7q05Vvrrb3flH9l340/sMv+0frPwf+G/xN8f6X+0XB4UvdRk+Enxa1vxnYeINQ8KXVxZ3Nzr+heHvFOLPVLOKSG3Av9Nlne2R5Y8KDMqdWccXZpneDjgcZSy2FGFWFZSwuX4bC1nOnCcI3q0oxk4tVHzRvaTs9Le9hlnDeX5TiZYvC1MdKrOnOk1iMbWxFPlnKMm1TqNx5rxVpWTSuup618L/AA9+yf8AtE/E74peP/hT8TvEvjfxd8G/jXrPgX4oWOgfEDxKuieD/i14Wls9R1rwfqehNJDp8cmn/a7R7jT445LQwzqgJViF0p8Z5vSytZRGjlf1VYV4NTlluFlifZODg39YcPaOrZ39o25J63/lifC+W1MweZyqY/6x9Y+s8qx1dUPaKfPb2Knyezvp7O3K1pazse+/Ff8AZ08AfGTWdO1zxbe+NbW90vTBpNsnhnxnrfhu0a1W6ubwNcWul3EMM9x5t1KPtEgMnleXHkoihMMk4qzPIcPVw2CpZdUp1q3t5vGYDD4uanyQp2jOrGUow5YL3E7Xu9W3y65rw7gM4rU6+LqY2E6VP2UVhsZWw8HFTlO8oU5KLleb9562stbI8a/bd0rTfAP7GfxS8UWFhrutj4D/AA31z4iaHpcXi7XNDvNTHgHw9fXkkGra9pki6ncwtpcV5LcFy/mzJHLICV3L8znPG+b8IZdxJxdluFy/F5hhMsx+OlhsZhKVXCTVKP1qqo0ZRcaVo0m4uCTirpaNo/YfBHwm4d8Y/Frwo8JOI81zTJck41434c4Tq5pltZ/2hhJZ1jKeVYWpCU5xVabxOKowcakrS5rq8kjyvwZ4a8L+EP2gv2P9Q8HXWtXWi+Nfgx8ZtQim17Xb/wAQ3rf2s/wy15ol1HUJJbh7eN5SIYy+1AOFGK/SsDn9firw+4lzTExwsZ1MdwpioxwlCnhqKVTDZpBNU6dotu9nLeVr62bPxfibhOPAnibh+GE8U5ZRW4uymq8XWnWrueCx2Dg+ec7yT/d83L8KvZWv7v6ZV+bH0gUAFABQB//S/v4oA8P/AGkvjv4U/Zm+CHxE+OPjQSy6B4A0J9UmtLfb9o1C8muILDTNOg3cB73Ubu1gaTBEMTSzsCkTV4nEee4XhrJMwzvG3eHwFD2soR+KpOUo06VNb6zqTjFu2ibetmfqPgv4VZ/42+KHB/hdw04Qzbi3NY4GliKt/Y4PD0qNXF47GVbXvHDYPD16sY/8vKkYUlZzTPxyl/4KEftu6rov7ONr4a+Hvw0vviP+2WniTxv8HfBMVwbYeD/hn4b0ODXbaTX9a1NksdR1rxJZLeXEEcix/Yt1naNundzX5A/EDjWrR4djhsvy2pmPGCxGOyjAqTh9Ty3DUI14OvXq+5UrYmCnKKajyXhBrm5j/RuH0Qvow4DMvGavnfF/G2F4N+jdPJeGPEbiadFV3xFxtnWa1cqrwynLcEnisFluS4mWGpVakPafWbYnEJKjGHN51+0X/wAFOb34vf8ABMf9q26utGl+H/x38Iy6V8GfHXhkedb3Gi6h4u1g6Pq7SQSYmtXm07TPFOkSxltjzQPc2wNpNBXncQ+Jc838NOKZSovAZ7hHSyfHYbWMqM8XW9lWvFpSg3TpYqlbW7jzR91xZ9l4O/Qgwvh39N7wFo0Mxhxb4VcQU8w8SeFc7/d1qWZYTh7LVmOXqNWF6VeNPG43I8whNJuNOrGhWtXpVkYPx/8AhxZfB7/g3k8O+G9Gjl06fUfhn8KPFGu+UzRST6/4z8V6F4j8QvKybGkWfVNQuHxITldobO0Vz59l0Mo+j9hsPRTpyq5blWKr20csRjMVQxGIbs9VKrUk+vppaPqeE3GeK8Rf2wGc5zmU4YylguNeP8iyr2iVSFLKeG8hzTJsojTUk4xlSwOEoxvDl15mrN2PzA/aH+DP7LvwH/YA/Y4/aF/Z6+It94T/AGzPFdh8J9T1bS/Bfjya/wBb1a/1bwy+peJJ77w9p1zJPpt1Za9HpiLb3Cr+8u2sXt5fN2V+Z8QZPwxkXAXB/EHD2YzwvGOKhlVWrSwWOdSvVqVcM6mJlUoU5uVKUK6pLlkt58nI7uJ/cnhB4keOnir9LX6R3hB4v8G4XP8A6N2Q4vj/AAWXY/ibhOlhMswGEy7O4YLJaOFzfG0o0sbQxWVTxs3VouVoYf61GtBxUj9M/wDgoPrPjH4SftA/8EhP2s9VjOk/FHxBqOgfC34pXKp5Eb6ZqsvhS31i2vYuA7eR4+8RsqzH5Xtoj/yxTb+leIFbGZTn/hJxXVTo5piKmHyvNJJOK9nVeFjWjNaXfLj8S7NPWMX7vKj+JPoiZdw54geEf7Q76P8AgJ/X+Bsowma8dcCUHJVZxxuBhn1XLa2Fk78q9rwpkqbptc0K1Ve97WTP6aYpFmijlQ5SVEkQ+quoZT+IINf0ommk1s0mvRn+I9SEqc505K0qc5Qku0otxa+TQ+mQFAHxP8KNR0/Tf2vv2vkv7+zsjdf8KQaAXd3BbedIfhnpcWyITOnmP+5+6m5unHIr9BzyE6nAvAvJCc+R8RJ8sXLlX9r1pa2WnxPd/fpy/G5TKMeLeLVKUYuX9itXaV/+E2krJO38vRv0PtcEMAykEEZBByCD3BHBB9q/Pj7IWgAoAKACgAoA/mI/4Lc/FfxJ8E/+Cln/AARG+I3g34Y+JvjL4w0bxz+15ZeFfhn4RMEet+K/EHiH4Q6B4d0myS6uStvp+nW95qkWoa1qU58rTtGtL+9YMINrAH2p+y1/wUm/aR1z9tZf2Ev25P2XPDn7Onxb8a/B/UPjp8GdZ8A/ENPiN4M8ZeC9H1uPQ9a0i/1UwQNZ+LNKuZ0+02cKG3P2e8KOVRHYA/aOgAoAKACgAoAjmmhtopbi4ljgghRpZpppFiiiijUs8ksjlUjRFBZnYhVUEnjNNJyajFNtuySV22+iS1bfkJtJNtpJbt6Jeb2/P7j8+/2MPi/8KrHw5498CzfEjwNBr9v8ePjU1ho0vinRYr+8s9S+I2v3tlcWVu94sl1DeR3AltWtxKJkYPHkNurz8gy3MPqOMmsFipUaOa5nSnUWHq8sJRxdVyUmouzi3Z35LbO1rH8+/R8xuDo8N8V5a8Vh1Vwfih4j0Y0nWpqTU+Lc0rR5YuV2mqiatvfr8R+hAIIBByDyCOhHqOvX6/nXef0GFAHwx/wUM1b4H6d+z49v8avHuvfDuXUfHPgqH4Ra/wCCYBqXxJj+NkOswy/DxPh14fGZPEniRtVHlPom37NqGkS6naX0sFpNLKoB+cv7MH7Yt0f2zvhT+zn/AMFJP2ePC3w2/bUvvBfiif8AZP8A2jxodhBpvxz+HTFpda0zTLkb7rwR8Qv7OsE1HxT4Anup4bGYXiWEuBI1wAfmv/wTs/aY/bV+Hfxu/wCCwfwy/Yu/Y9sP2hfEdp/wU5/aL+Ini/xf8QfHsPw3+G+l6fPbeHtNsvB+i6r5Vxea949vv7FurtNKgjSC2tbrTZLiUC6G0A/o4/4Jv/tyeH/+ChX7LXhP9obSfCGpfDvWrrWvFPgrx58PtXnS6v8Awb4+8C69feGvFOitcxgLc2sWp6fPLp9zw09jLbysqszCgD6Z+PXgr/hZXwN+M/w6MXnjx98KPiL4K8nG7zv+Eq8IaxoflbeM+Z9u24zzu7Zrys9wX9pZJnOXWv8AX8qzHBW7/WsJVoW67+07feff+FHE3+pfil4bcY+09l/qnx9wdxN7VO3s/wCwuIsuzT2l+nJ9V5vkfmf+zX4mPi7Rv+CWPiJpd943wX+K3h7ViTk/2lpPhn4c2d9Dk/MTHe6fOpBORtwcEV9L4R4v674L5zN+9KOC4PU+tq1CeZ0Kut+kk1qtGraWfN7f0zch/wBWvpecb5fTioYeXG3HeLwaWieAzOrg8wwUktnz0K0JaPrpzXTP2Irzz8lCgAoAKAP/0/7+KAPib/gop+zpr/7Vf7HPxp+CvhKWGLxh4j0Kzv8Awl9ona3tp9e8P6tY63a2E8o4VdTisrjTEZ8RxzXkUsnyRsG+L8Q+Ha/FPB+c5LhGljMTQhPCcz5Yyr4erTrRpyfaqoSpq7ilKSbeh/Tf0OvGPKfAb6Rvhr4l8QQqT4cyfNcRhOIPY0lWrUsqzfAYrLK+KpQdnKWBqYmjjZKD55U8POnC0pI/nP8AC37W1j8OP2gv+CZ2kfF34ZfFTwj4v/ZX+GvxJ+HPjfwpH4F1rUNY1Caw8Mah4e0Gbw9BbQH+3GvhbQteSacJ4bMyGZ38kfL/ADxheK6eXcQeGtHNsszTCYvhfLcyy7G4VYKtUrVJQw1TD0JYeMY/vuflTm6akobt2SP9kc++j7iuM/CL6bWYeHnG/AfEPD/jxxrwVxlwxn0+KctwmXYSlis7wmcZtTzetXqpZYsJ9YqRw0MY6NXEKCpxhKo4l349/spfFXW/2C/+CiX7XPjfwVrPgHW/2ivjp4d+Neh/DjVI9mt6P8PNJ8XajDp99qlko82zvrs+NLy+lgmw66dbRXMix7mRbz3hXNK/AniFxbjcFWwFfiHPKGdUMuqq1ajl9HF1FTnVgleE5fXJzaktKcVJrVo5fCjx84Cyz6Vv0PPo9cL8TZbxblng74WZz4ZZpxlgKl8szHjDMOHsHUxeFwOJf7vEYah/q1hsLCrTcovGV6lGEpWTPuH9qTU9R+Mv/BA7whqXg/Tr/wAUarrHwb+BxfTPD1hc6tf/AG/T9T8NQ6tax2OnxT3Dy6fcQTx3SRxEwmKTeFCtX23FFWpnHgRg6mEp1MVVrZPkd6WHhKtU9pTqYaNWChTjOTdOSkppKVrO9rWh/L3gXgsH4cftYuIsFxFjMJkeAy/xG8UVDHZviqOX4T6ri8DnVTAV5YnF1KNGNPGUatKdCU6kfaKpBRu5JS92/wCCcH/BNP8AZJ8Lfs/fszfG3XvgHoz/ABu1D4VeAvFev6t4utL251PTfGV9oVjeandnR9R2Q2F/HfPI/kz2pe1m+6iOle74deG/CeFyDhrOq+RUnnVTK8DisRVxcJyqU8ZOhTlVn7GpyqnUVRt8rinCWq1Vz8r+mb9Nb6QOe+Lvjb4Y5T4r5jHwxwfHnFeQ5TgOHq+Fo4LG8N4XNcVh8Fh/7RwV6mLwk8LGEfaUsQo1qe8pRlLm+dP+C5nm+OvjP/wTa+B2gFbjXvEvx6bWLnT4BuurTSP7e8B2FvqXlJ86WkMVrrs0jgBQlhKRjyjXzvjffHZx4c5JQtKvic9dWdOPxQpe3wMI1LLVRShXbaW0Ha9j9j/Zbqnwv4a/TQ8Uc2UqOVZL4VRy6hi6ulDEZj/ZPFeLq4L2kvdliKs6+V04Qak3PF00175/RNY25tLK0tSdxtrW3ty3qYYkjz+O3Nf0LCPLCEf5Yxj9yt+h/jtiqvt8TiK6VlWr1qqXb2lSU7fLmLVUYHwH/wAFJf2yB+xL+zPrvxO0qxg1Xx3r2p2vgr4daZcjfav4o1e3upotRvohzLY6RaWlxeSR5AmuBa2zYSdzX2HA/DL4qz2hl8pShhacXicZOPxOhCUY+zg+k6spRin0jzSWsUfN8VZ6uH8oq4yKUq85Khhoy1iqs1J881peNOMZSeur5Vpc/il8X+N/jX8XdfvviF8Tvi544vfHPiG4/tHWNR03XL7S2efaqWUTf2fNaRsmmWqpZ2S+UBbwII422iv7vyzgjKcLlOBy14XD08Pg4VFRoxo05qn7eftal3U5pScpO83dc0tdLty/kvG8UZjXzHGY5YitOtipwdWpKpOLn7KPJC0YSiklFJKzTSS7n6jf8EtP+CiPxj+CXx88C/s5fGbxvrfxG+DvxZ1S28L+EdV8TXs2pa14K8U3bi30iO31C5klurjT9SvXg0+6tZpZWSe8triNwocV+H+LfhhgaOX4jOMsw9LD4vCU54mToQjTp4rD09a8alOPLCNalF+0Uopc0Va2qR+p+HXHeLnjKOW4+tOth8ROFCPtZOc6FWelKUJt8zp1Je44yekno9Gz+xCv5QP6FCgAoAKACgD8F/8Agoz4U8U6x/wV4/4IZeItI8N69qvh/wAL+Ov2x5fEuuadpGoX2keHY9R+Btja6fJrmpW1vLZ6THfXP+j2b381utzP+5hLyDaoAv7UPhPxRe/8F7f+Cdni2x8Na9d+GdJ/ZP8A2hNO1jxNaaPqE+haZd3PiO1ktbHUtYht30+zubjeslva3VxFLKDvijYEtQB+89ABQAUAFABQB/LN/wAFvf2zPiZqHxi0z9iv4X+JdT8GeHNH8O6T4r+LWsaLdzWOrazPrlrDqelaELy2kjmh0y30q6sLmWKN0N3c3jLMTDAEb9CwGNyvgLgfG+IWZYOlmOPq4p5ZkGCrJOjLFv2sfa1E01aLo1pSlyycY0kopSnFn8nfSh8aJeFnC+LxNGLqVovD4TDYeNR03jMyxtOpVw9KpONpRw1GhSnXq8usrcmt0j8GLz4daTO1leWt7q2na3plvbQ6frlnfzwajbSWkYjt7hbiN0lE643GRZFcsSdwJJr8LyDx641yLHYytBZficuzHNcZmuPyqrhY/V6tXH154jFQpy5nKlGU5vk0mopLR6xP8jeF/pLeInDGbYzHYergK2CzLOsdnePyyWF5Kc8TmWJnicWqFeM/a0Oac5cklzOOi5ep/UD/AMEOv20viN8ZvDnxF/Zt+Mes3Pibxh8E4NJvfC/izUJnuNT1vwZqcl1aQ2Oo3En7y6udFntFEd3KWlls7y1jkd3iZ2/c+LsPlGa5RkHHOQUvq2X8S4d1K+ESssNjYKLqwUVorycoyUbJThJpK6R/th4D+JVLxI4Py7NqcqkqeKwOHxlB1XzVacKnNTrYWtLTmqYWtTlScrO6td3TP3/r8+P3M/BH/gs54M+JGh/HL/glx+1zp/hjxD44+An7JH7THjHxF+0P4c8M6Zda9f6NoHxI8FWvgzwx8SrjQLGOe81LS/AGp/bb/UZ7a3uLjTI7pJ4Y8zOygFH9rjwpoH/BRj9t3/gmdqv7Pklz4n8J/smfE3xv+0F8W/jDaaTq2l6J4V0DUvC2maT4W8BWWr6lZWL6h4i8b6vGs11pFp5qWejaXdy3zRvMiMAan/BEDwp4p8L+NP8Agr1J4l8N694ej8Q/8FXf2hte0B9c0jUNKTW9Du9F8GJa6zpD31vAupaVcvFKlvqNkZ7OZo5BHM5VtoAv/Bvl4T8UeD/2W/2g9O8VeGte8L3dz+21+0zqNlY6/o+oaLcT6bd/EC/ktb61ttRt7aSWxulzJbXMSNbzId8UjqQ7AH7A/tEfG3w5+zf8EPib8dPFtjqOqeHfhh4U1DxVqem6QsZ1LUIrLYkVlZ+biJJrq4mhhEsv7qEOZZMojCvG4hzrD8OZJmeeYunUq4fLMLUxVWnSt7SooWShC+ilKTUbvRXu9mfpPg94Y5z4z+J/BHhZw/i8Hgc444z7CZFgcbmDmsFg54nmlUxOJ9mnUlToUadWq6dNc9RwVOFpSR/Ml/wTi/4KE+Bvip8Yf2SvgVY+APF3h2TwJ8RPj7Lo+u6jc6fcafe+H/irNrGu+FdKht7YCeOXRNO0iCx1CZmNu8yiS3HljFfNfR64+weaeH/iFkX9nY3CrB1cjrYevWcHSq0cyzvOKuDp04xSadGlF06kr8t9Y3TP73/adfRI4j4H8U+AfFWfGnDWey4kyXGYHOMoy+GJp47A5rwPwbwhl/EONxNSo5U+XM8diXi8JRfLXjTlyVkpu5/WnX3x/l+FABQAUAf/1P7+KACgD4M+N/7K/i34mftqfsl/tI6Tq2h2nhf4D6R8SbLxPpt6kx1fUZPFWky6fpS6WYwYyElvZpZjMdsaQOBh5Ur4XO+F8XmXGfCnEdGrQhhcio5lDE05qTrVHiqTp0lStpo5ttt+7yvSXMuX+rvDDx44f4I+jP8ASB8GMfl+aYjPfFbMeC8TkeNwsqay/BwyHMIYzHyx3O1Nc1PDU6dONNOVSVWLfu05I+vfiT4A8O/FX4f+NPhr4ttFvfDPjvwxrXhTW7YhSX07W7CawuHi3AhZ4Vn8+3kxmKeOKRcMor63MsBh80wGNy3Fx58NjsNWwteO96dem6cmtveSleLvpJJ6WP534L4tzjgLi7hrjXh+u8NnfCueZZn2WVk2lHGZZi6WLoxnbV0qkqXsq0Np0pzg9JM+bv2GP2UJP2MPgJpnwGTx9f8AxD0TQNf8Sal4f1DU9PhsZ9N0nX9WudWTRfLieRZYrOe6mEchP3GCLhFUL85wPwq+DchpZEsfUzCjh6+JqYepUgoSp0sRVlV9jZbqEpuzvtolFfF+0fSl8fYfST8WMb4rPhPC8H5nm2U5Lgs3wmCxdTFUsbmGU4Cjl7zLnnGm6dTEUsPS54JfFHmbcpSZ6Z8S/gT/AMLI16LXR8Vvi34K8qxhsf7J8D+Ko9F0hxC8jfaXtGsbjN0+/bJL5nzKqgKMGv1bKOJf7JwssL/YuR5herKr7fMcE8RXXMkuRVFVhaCtdRtu2fypmWR/2liFX/tXNsHaCh7LBYv2NJ2153Dkbc3fWTetlotWfDHiL/gljovjH9pbwz+0D4u+PvxZ19/Afhn+yPAdvf6lazeLPDGpSGfzr6x8Vm23Jav9v1VxZ/YGIfUGPmjyY2XzcRmlDGcSYbP8XwnwPiPqOG9jgY1MgbxeFqPmvUp4v61dR/eVny8j1qdbRP2TJuP804c8FM78I+HuKPEjKI8VZ4sx4qq4TjOdLh/PMFD2Xs8JishWBalXX1TAReJ+t2ccIl7J881L6i/4ZIk/6OJ/aOH/AHUCH/5Vt/P8/wCH6f8A14X/AESvCi/7pb/SrH+u2vN+FPhO+3EPES/7qEfz9j+Fvn0D/hkiT/o4r9o7/wAL+H+ukkfp+dP/AF5X/RKcJ+v9mS/+Xh/qn/1UHEV+/wDaC/8AlTX4fcflh/wV7/Yp8bXH7Ksvj7wR43+K/wAYNU+FvirTvFeqeFfG+ujxNbw+GDbXVrrOs6TY29hayjUdMkawmkdPNK2H2uXYREQ33/hrx/hafEcMPick4eyyGNoujTxGEwboSeIjOM6VOdSVWS5ZrnS0+Pk3u4nx3HHBuInks6+HzXOsdLC1FUnRxGKVWKouLjOpGKp3coNxbs/g5m72P5j9E8TaNrNhFdW+oxRtsUT2880UM9vKB88UschRgyNkE4x34ziv7PwuYYXFUYVIVacbxTcZTinF9V/X4by/mOvgsRQqShL2ujdmoXTV9Gv+HfyteX0L+xn8IfE37Un7Xnwf+HfgCG8msPCXifTfHPjXxrpyNnwXo/h2/tdTbULLUlVorLVHubK3tNMmbfnUJ4nSOVLaTb+Z+JvGGXZJkWNqTp4TFydCthqNDER9pDEYjEQ9l7JR93mgotyrW05E0+VtOX3PAnDONzXNsNGNbFYdRrU69SrRlyTo0aElU9o3a0ZOSUad7XlK+iVpf2df8Ml3Y6ftH/tHf+F3bD/3Dt/P88/L/Hf+u8P+iT4Tt/2Lan/y8/pX/VWX/RRcR/8AhfH/AOUL8/uF/wCGTLz/AKOQ/aN/8Lm0/wDlTT/13pf9Enwp/wCG2p/8vF/qpU/6KTiL/wALY/8AysT/AIZMvu37SX7RwHp/wnNp/wDKn/P4Uf670v8Aok+FP/DbU/8Al4/9VZ/9FHxHfv8AXo/l7F/n91w/4ZNvx/zcn+0d/wCFzaf/ACoP8vyo/wBd6X/RJ8Kf+G2p/wDLxf6qVP8AopOIv/C2P/ysX/hk/UO37Sf7Ro/7ni0/+U6/z/L+I/13pf8ARJ8Kf+G2p/8ALw/1Uqf9FJxF/wCFsf8A5WNP7JupEgn9pX9o0lfuk+N7IkZ64P8AY3GeOlH+u9L/AKJLhR/902p/80L8/uD/AFVqf9FJxF/4Wx/+Vv8AL7xf+GTtSBDf8NK/tG7gCA3/AAm1iSAeoB/sbIBwMgDnjOMUf670f+iQ4TXpl1VflX/r7x/6rVX/AM1JxD/4Wwf50P6+SHH9lHVf+jl/2jh7/wDCbWX/AMpqP9d6P/RI8Kf+EFb/AOXi/wBVat/+Sl4ht2+t0/z9l/7b5eY3/hlDVv8Ao5n9o7/wtbL/AOU1P/Xag/8AmkeFf/DfVf51/wCvkilwtVW3EnEP/hbD/wCUr8/vshf+GUdX/wCjmP2jf/C1sf66NS/11w//AESHCn/huqf/AC8l8K1m2/8AWXiH/wAK6b/9xr+u9rif8Mo6x2/aa/aNX/udLDn/AMo1H+uuH/6JDhT/AMN1T/5eC4VrL/mpeIvli6a/OlL+u+8V/wCGUta/6Oc/aN/8LPTz/PSF/l+WRuP9dcP/ANEhwp/4bqn/AMvB8K12/wDkpuIf/Cum/wAqUfy+77X80n/BYn9k/wAf/s9/GzRP2ho7nxh8TPht4/0TStC8XfETXn/tjxNoPiLR7aLSrXT9dvraGGKPT5NMstPOlyyQRxuiSWglM0Cef93hc1wnHfBWM4dw/DvCc88yvESzDKcpx+Dn/ZuKvzzmqdNV4SjWn7SrFzVSXLJptcspOH8u/SS8Jcx4g4dxE8FChxFi4exxeBhxJF4vCSx2FpypKhWdN0nSlVw8nDD1m3GM/dkrOTPyauPH/g+3smvj4jilQIWSKKTfcSMBny0i2ht59DgenT5vxHCZPx7i8zjla8EOEKFV1fZzxGIyetTwlKN7OrOu8dyqmkr8yu3daO9j/MzA8C+JmMzeGT/8QW4ew9Z1VTqYnE5VUpYKjG+tapifrXJ7JLXmWr7SukfvV/wRg/Yt+JHjPQviL+0p4o8RfEH4Kaf43ez8O+AJvCNyNA8ReJ9B06aea/1XVWvrW4abSZLh7e20wrDF5r2txOrvC8e79u4q4kyrhnKci4PwvD/DGMqZZQ9rmNKlhJ/2fh8ZWSlUhhKarTcPflOTUpyaUknyvQ/1r8EfC/EcOcKYLDvGYjJVRwtKhGjkq+p4SdVuVXGToUqvtZRw8sROXsk5X+J3aaR+6v8Awyp4hP8AzdF+0cP+5v03+uk/5/KvhP8AXTCf9Ebwp/4Q1X+VaP5fdZ837X/qtiP+in4h/wDCumvyoy/P77vlRv2U/EDIyN+1B+0W6MpVlfxbpbqysMMrKdGbcpBIIOQRweMil/rphf8AojeE/wDwhrf/AC8P9VsR/wBFNxD/AOFdP9aK/P7ytZfsj6vpsC2unftL/tBWFspZlt7LxJo9rArMSzFYoNGjjBZiWYheSSTnrT/10wn/AERvCn/hDW/+Xi/1WxH/AEU/EX/hVR/+Vlofsq+JFzj9qP8AaMGTk48WaUMk9z/xJiSfcnP1o/10wn/RG8Kf+ENb/wCXh/qtiP8Aop+Iv/Cqj/8AKwX9lbxKudv7Un7Ri5JJ2+K9KGSTkk40bqTyT3P1o/1zwb/5o3hT/wAIay/Kv/XzYf6rYj/op+Iv/Cqj/wDKzyX48/sF+I/jN8HPiL8Lpv2nvjVeJ428M32ipaeMNYsNZ8LzzyhJbaPXtMt9Ntrm90w3MMP2uGCeKYx5aJt6qG8nPeIcFnGT5jlcuCuDKixuGnR5MZluIrYWUnrFV6UcVCU6XNFc0Yyi7ba6S/QPCnHY7w38R+DuOqXF/HeGlwznmFzN1+Hc3wuW57SpU3KFeeVY6thcRRw2OVGpP2FSrRnS57KolByZ+OHwJ/4JB/EP9nv9rX4F6B4i+OOgvJe6N408YaXrHwt0XVNE8ReG9N8FW1jpeIbrWRcQRvf3Pi+GGKZYpBFFBeI4zLE6rw8w08j4S4ux+N4S8OqFCni+FcBhMNkuTY7DUq8acs5ryp4pV8XL2joLknheRx5JSrOTlzRjH9y+kn485B4p53wrgeGuKvpAYjHYrCcc47PcT4icZZDnMZ4vNlwtRhisBHK8toeyVeOCxFPMo1V+/wCXA+z5fY1ZS/fnSv2ZfFGm6pp2oSftOftBajFYX9neyabf+JtLlsdQjtbiOd7K9jXSY2ktLpUMFyisrNDI6hlJBr0q3F+Cq0atL/U/hinKpTqU41qeFrxqUXODiqlNuu0pwb54Nr4kt7H8o0uG8TTq06j4l4gqKFSE3TqYqk6c1GSbhUXsdYStaSXLeLt5n1eBgAZJwAMnqcdz7nqa+JZ9ULQAUAf/1f7+KACgAoAKACgAoAKAOW8deNfDPw28E+MfiL411WDQvBvgHwt4h8a+Ldbut32bRvDPhXSbvXde1W52Bn8jTtKsLq7m2KzeXC20E4FAHxn+zD/wU3/Yj/bE8XHwB8APjjoXjHxs/hj/AITWw8LT2GsaFrGteDvOit/+Ep0G21qwsRrehCe4hi/tHTZLmDdKuCVJagD7wngguoJrW6hiuba5ikguLeeNJoJ4JkMcsM0UgaOWKWNmSSN1ZHRirAqSKabi1KLcZRacZJ2aa1TTVmmnqmnp5CaTTTSaaaaaumno009Gmt0/1Pyo+KX/AARa/YE+K3i+68aal8M9Z8LalqF499qNj4E8T3nhrRb65lcyzyTaXFDcRJ9olJeVITHGSzBUQHNfoGX+J/F+XYZYWnjqdeEY8kZYuiq9WMdklUck3ZaK8b972vL47GcB8N42s688JOlKUueUcPVdKEpPduHK1q9X+EVf3ftL9nf9lD4Bfsq+G5vDHwO+HejeDLS9ZJNV1C3j+063rMqcJJqurzg3d2UBOyPckCFmZIUZnZ/mM64hzfiCuq+a4yriZR0pwb5aVJdqdNe7H7r+cvs+9lmTZbk9J0svw0KClbnktalRrZzm9Zfgt9Fe8voqvFPUCgAoAKACgAoAKACgAoAKACgD550L9qz4BeJfAni34k6F8RtE1Lwb4F1q38P+K9Xt3kKaNq13qFjpdtbXcJQTL9ovdSsoopBG0beeCGOHVPMp5zltbDVsXTxVOVDDzVOtNX/dzcowipLfWU429fU/K8t8a/DHN+Gs84uy3izLsZkHDeYUsrzvHUXOUcvxtfFYbB0aVenZVF7XEYvDwhNR5Ze0TV7SR7J4g8OeF/Hfh660HxRomk+J/DWt2ipeaTrVhb6jpt9azoGUTWl1HJE/ysHjYrvjbDoyuAy+xh8RWw1SniMNWqUasGp06tKcoTi+jUlZr9eqex+muNDGYdc8IV8PXpxnyzipQnCaUotpprVNNafdY+LtH/4JhfsE6D4oTxhpn7Mnw3h1uG6F9bySWN5c2lvdh/M8+Kwub2Wz3Fzko9u8R6eWAAF+oq8d8XVqDw088xrpcvI0pxUpR2s5qMZbdU7+mjPEp8J8O063t45VhVUT5k3GTSe91FzcVr3Ul0s18P3RY2Fjpdnbadptna6fp9lBHbWdlZQRWtpa28KhIoLe3hVIoYY0ULHHGioigAAACvlJzlUlKc5SnObcpSk3KUpPdtu7bb3bf36n0MYxhFRjFRjFJRjFJJJbJJWSSXl9xbqRhQAUAFABQAUAfG8J/wCEn/buv5YP3lv8Kv2ddL0+7btBq3xJ8Z6rfvCOuGfSvC2mTMOG2uhIKlTX3sr4Pw3pRlpLOuKq1WC6yoZTl9Ckpeir42tFX7PsfHr/AGnjmclrHK+HqdOT/lq5jjKtRr1dLDUm9dmr2ujuv2of2s/gJ+xr8O9O+Kn7RXju0+H/AIJ1jxjofw/0jVLmzv8AUJdU8ZeJINSudD8PafY6bb3N5d6lqUOkai1rbwwu8ptmVQzlVb4I+wJ/2bf2rv2fv2uvBV98QP2efiXofxI8N6Rrl34Z16bSvtVvf+HfEmnrG99oGv6TqEFrqWkataLNE01ne20Miq6sAysDQB9D0AFAH//W/v23r6/pQAb19f0oAN6+v6UAG9fX9KADevr+lABvX1/SgA3r6/pQB8jf8FALG+1f9g79tnSdJsrzU9V1T9kb9pHTtN03T7Wa8v8AUNQvfg34ztrOxsbS3SS4ury7uJYoLa2gjkmnmkSKJGdlVgD+Xj/gkn8EfjT8Ef2w/wDgmT4o/antfFfj7Q/iF/wTF0bwp+zB4m0/4f3ng6y+A+v6dbaPrfjr4N/FC0sLAm+199ES0utG8ReJbmzkMVpNaG2+33DooB/aBvX1/SgA3r6/pQAb19f0oAN6+v6UAG9fX9KADevr+lABvX1/SgA3r6/pQAb19f0oAN6+v6UAG9fX9KADevr+lABvX1/SgA3r6/pQB/L/AKt8H/id8NP2Z/D/AI28FeE/Ed7pHx9uE+H3xd8KwaVqP23TfEfhb4x2/iHwV41k0wW5uY1n0PS7vR7iUW6oyiC4mc+YhX8jqYDGYXKaWIw9GrKnmT+rY6ioz5oVaWO9rQr8llJXpxlTfu22baumf4443gHjLhDwhyriHh7Is2xGB8TqkeF+Oclp4LE/WMJmuS8e0s04f4hnhFSdaKq5dg6+AqzVOMWlTqVJvmjI/pu0U7NH0lHBVl02xVlZSGVltYgVIOCCCMEEZB64r9Zp/wAOH+CP5H+wWXxccBgYyTUo4PDRkmrNNUYJpp6pp6NP9DS3r6/pVnYG9fX9KADevr+lABvX1/SgA3r6/pQAb19f0oAN6+v6UART3VvawTXNzNHb29vFJPcTzMscMMEKGSWWWRiqxxxxqzu7MqqqliQATVRjKcowhFynOSjGMU3KUpO0YxSu222kkldvRXFKUYxcpNRjFOUpN2UYpXbbdkklq2391j4y/ZIlk8e6v8cf2hp0kFl8X/iJLa+CZJUZGm+HHgCyg8H+F7tUbBEOrnTLzXICPleLU1kGd+a++44Syyhw5wtFr2mRZUp5ilZqObZnUlj8ZC/WVD21PDS7OjbofHcJt4+rnXEEk1DN8wcME3pzZdgIRwmGmlbRVfZzrLVpqpe7vc/OH/g4S8F/FDx7+zx+xPo/wc0+S88e2v8AwVD/AGP9W0i/k8M6l4r0bwzLZS/EFYPFPirSNLhmnk8K6JfXFnca5JJ5NuLQmKWeIzIW/Pz7I+yP+CdP7BusfsYW/wC0T40+IfxK034o/Gv9qn406t8bvixr3hnwvD4K8D2Wvahp1hpNvo3g7wtA7jT9Js7PTon8y4LXc88shldlVDQB+lG9fX9KADevr+lAH//X/vvyvqPzoAMr6j86ADK+o/OgAyvqPzoAMr6j86ADK+o/OgAyvqPzoAMr6j86AE+Xj7vHTpx9PT8KAFyvqPzoAMr6j86ADK+o/OgAyvqPzoAMr6j86ADK+o/OgAyvqPzoAMr6j86ADK+o/OgAyvqPzoAMr6j86ADK+o/OgAyvqPzoAMr6j86ADK+o/P8AwoAMr6j86ADK+o/OgAyvqPzoAMr6j86ADK+o/OgAyvqPzoA+QfgL4l1nwT8Tfij+zx421W+1O/0jU7v4j/DHWtXu3ubvxH8NPF1/cXX2UXE2HuLrwfrbX2gXaL/qLSLTpAAk6Ffu+JsLhsxyjJuKcuo0qNKvRhlWcYehBQhhc3wNOEOflimlDH4f2eKg21zTlVWriz5LIsTWwWZZnw9jas6lSjVnmGW1qsuaeIy7FzlPl5ndznhKznQmr+7CNOzal7319lfUfnXwh9afFP7RPjSb4q6/B+yb8O7u4uNW8bwCL41+I9HuGj/4Vv8ACm7/AHOvQtfwkra+LPFlk02jaHaF0uIYri5v5ERIkdv0HhXARyXDT42zSEIUcuk5cPYSvFP+1s7hrhpKnLWeCwNRRxGJqW5ZOMKS5nJo+M4hxks0rrhXL5ylVxsVHOcRRlb+zsrnpXXtFdQxWKg3SoweqUpTdrKR9beFPDOieCvDWheEvDlnDp2heHNLstH0qxgASK2sbCBLe3jVRkcRoMnOSck5zXxGNxmIzDF4nHYupKricXWqV61STu5VKsnOT+96LofV4XDUcFhqGEw8FToYelCjShFWUYU4qMV9y363OgJU9ccHPJzz/Q+9cp0BlfUfnQAZX1H50AGV9R+dAH//0P76KACgAoAKACgAoAKACgAoAKACgAoAKACgAoAKACgAoAKACgAoAKACgAoAKACgAoAKACgAoA+RP2u/BOfBcHxw8N6tN4Y+JnwLg1DxT4W162tluk1DTHSJde8H65ama2+3aBr8Eca3ELTbrW5hhvLcCaP5vueBsxtmEuHcXQjjMo4jlTweMw05uDpVlzPDY7Dz5Z+zxOGk24S5Jc8JSpy5YybPkuLcF/sSzvDVpYXMsjjUxWFrwjzKpTsvb4SvHmhz4fERSUld8skqkbOK5vlvVP20PiN8VZfg/wDDbwdY2Hwu1j4v6ZHNq3ji2mPijUdBhZIkul8PaXd2uk2kF5KJXa2vb24vfsbbGFtKybq+yocAZVkyz3NsfUqZzQyOry0MunH6nSxMvfcHiq0J1pyhHlSnTpxp+0V7zjdI+Zq8Y5jmksny3Bwp5ZWzimnVx0W8VUw8Wvf+r0pqlFTd/dnOUuR2912P0F+D/wAGPBfwW8PS6L4Vt7m4vtTuW1LxN4o1idtQ8TeK9Zm5uNW17VZcz3lzKxOxCwgt0PlQRogAr8wz7P8AMM/xar42cI0qMfY4PB0IKlhMFh4/DQw1GLcYQStd/FJq8mz77KMmweTYd0MLGUp1JuricTWl7TE4qs/iq16rblOb6bKK0SsketV4Z6oUAFABQAUAf//Z</file>
<file name="pdr_regularni.jpg" path="/" encoding="base64">/9j/4AAQSkZJRgABAQAASABIAAD/4QBMRXhpZgAATU0AKgAAAAgAAgESAAMAAAABAAEAAIdpAAQAAAABAAAAJgAAAAAAAqACAAQAAAABAAAAiaADAAQAAAABAAAAggAAAAD/4QkhaHR0cDovL25zLmFkb2JlLmNvbS94YXAvMS4wLwA8P3hwYWNrZXQgYmVnaW49Iu+7vyIgaWQ9Ilc1TTBNcENlaGlIenJlU3pOVGN6a2M5ZCI/PiA8eDp4bXBtZXRhIHhtbG5zOng9ImFkb2JlOm5zOm1ldGEvIiB4OnhtcHRrPSJYTVAgQ29yZSA1LjQuMCI+IDxyZGY6UkRGIHhtbG5zOnJkZj0iaHR0cDovL3d3dy53My5vcmcvMTk5OS8wMi8yMi1yZGYtc3ludGF4LW5zIyI+IDxyZGY6RGVzY3JpcHRpb24gcmRmOmFib3V0PSIiLz4gPC9yZGY6UkRGPiA8L3g6eG1wbWV0YT4gICAgICAgICAgICAgICAgICAgICAgICAgICAgICAgICAgICAgICAgICAgICAgICAgICAgICAgICAgICAgICAgICAgICAgICAgICAgICAgICAgICAgICAgICAgICAgICAgICAgICAgICAgICAgICAgICAgICAgICAgICAgICAgICAgICAgICAgICAgICAgICAgICAgICAgICAgICAgICAgICAgICAgICAgICAgICAgICAgICAgICAgICAgICAgICAgICAgICAgICAgICAgICAgICAgICAgICAgICAgICAgICAgICAgICAgICAgICAgICAgICAgICAgICAgICAgICAgICAgICAgICAgICAgICAgICAgICAgICAgICAgICAgICAgICAgICAgICAgICAgICAgICAgICAgICAgICAgICAgICAgICAgICAgICAgICAgICAgICAgICAgICAgICAgICAgICAgICAgICAgICAgICAgICAgICAgICAgICAgICAgICAgICAgICAgICAgICAgICAgICAgICAgICAgICAgICAgICAgICAgICAgICAgICAgICAgICAgICAgICAgICAgICAgICAgICAgICAgICAgICAgICAgICAgICAgICAgICAgICAgICAgICAgICAgICAgICAgICAgICAgICAgICAgICAgICAgICAgICAgICAgICAgICAgICAgICAgICAgICAgICAgICAgICAgICAgICAgICAgICAgICAgICAgICAgICAgICAgICAgICAgICAgICAgICAgICAgICAgICAgICAgICAgICAgICAgICAgICAgICAgICAgICAgICAgICAgICAgICAgICAgICAgICAgICAgICAgICAgICAgICAgICAgICAgICAgICAgICAgICAgICAgICAgICAgICAgICAgICAgICAgICAgICAgICAgICAgICAgICAgICAgICAgICAgICAgICAgICAgICAgICAgICAgICAgICAgICAgICAgICAgICAgICAgICAgICAgICAgICAgICAgICAgICAgICAgICAgICAgICAgICAgICAgICAgICAgICAgICAgICAgICAgICAgICAgICAgICAgICAgICAgICAgICAgICAgICAgICAgICAgICAgICAgICAgICAgICAgICAgICAgICAgICAgICAgICAgICAgICAgICAgICAgICAgICAgICAgICAgICAgICAgICAgICAgICAgICAgICAgICAgICAgICAgICAgICAgICAgICAgICAgICAgICAgICAgICAgICAgICAgICAgICAgICAgICAgICAgICAgICAgICAgICAgICAgICAgICAgICAgICAgICAgICAgICAgICAgICAgICAgICAgICAgICAgICAgICAgICAgICAgICAgICAgICAgICAgICAgICAgICAgICAgICAgICAgICAgICAgICAgICAgICAgICAgICAgICAgICAgICAgICAgICAgICAgICAgICAgICAgICAgICAgICAgICAgICAgICAgICAgICAgICAgICAgICAgICAgICAgICAgICAgICAgICAgICAgICAgICAgICAgICAgICAgICAgICAgICAgICAgICAgICAgICAgICAgICAgICAgICAgICAgICAgICAgICAgICAgICAgICAgICAgICAgICAgICAgICAgICAgICAgICAgICAgICAgICAgICAgICAgICAgICAgICAgICAgICAgICAgICAgICAgICAgICAgICAgICAgICAgICAgICAgICAgICAgICAgICAgICAgICAgICAgICAgICAgICAgICAgICAgICAgICAgICAgICAgICAgICAgICAgICAgICAgICAgICAgICAgICAgICAgICAgICAgICAgICAgICAgICAgICAgICAgICAgICAgICAgICAgICAgICAgICAgICAgICAgICAgICAgICAgICAgICAgICAgICAgICAgICAgICAgICAgICAgICAgICAgICAgICAgICAgICAgICAgICAgICAgICAgICAgICAgICAgICAgICAgICAgICAgICAgICAgICAgICAgICAgICAgICAgICAgICAgICAgICAgICAgICAgICAgICAgICAgICAgICAgICAgICAgICAgICAgICAgICAgICAgICAgICAgICAgICAgICAgICAgICAgICAgICAgICAgICAgICAgICAgICAgICAgICAgICAgICAgICAgICAgICAgICAgICAgICAgICAgICAgICAgICAgICAgICAgICAgICAgICAgICAgICAgICAgICAgICAgICAgICAgICAgICAgICAgICAgICAgICAgICAgICAgICAgICAgICAgICAgICAgICAgICAgICAgICAgICAgICAgICAgICAgICAgICAgICAgICAgICAgICAgICAgICAgICAgICAgICAgICAgICAgICAgICAgICAgICAgICAgICAgICAgICAgICAgICAgICAgICAgICAgICAgICAgICAgICAgICAgICAgICAgICAgICAgICAgICAgICAgICAgICAgICAgICAgICAgICAgICAgICAgICAgICAgICAgICAgICAgICAgICAgICAgICAgICAgICAgICAgICAgICAgICAgICAgICAgICAgICAgICAgICAgICAgICAgICAgICAgICAgICAgICAgICAgICA8P3hwYWNrZXQgZW5kPSJ3Ij8+AP/tADhQaG90b3Nob3AgMy4wADhCSU0EBAAAAAAAADhCSU0EJQAAAAAAENQdjNmPALIE6YAJmOz4Qn7/4htESUNDX1BST0ZJTEUAAQEAABs0YXBwbAIQAABtbnRyUkdCIFhZWiAH5AABAAEACAAyADRhY3NwQVBQTAAAAABBUFBMAAAAAAAAAAAAAAAAAAAAAAAA9tYAAQAAAADTLWFwcGwAAAAAAAAAAAAAAAAAAAAAAAAAAAAAAAAAAAAAAAAAAAAAAAAAAAAAAAAAAAAAABFkZXNjAAABUAAAAGJkc2NtAAABtAAABDZjcHJ0AAAF7AAAACN3dHB0AAAGEAAAABRyWFlaAAAGJAAAABRnWFlaAAAGOAAAABRiWFlaAAAGTAAAABRyVFJDAAAGYAAACAxhYXJnAAAObAAAACB2Y2d0AAAOjAAABhJuZGluAAAUoAAABj5jaGFkAAAa4AAAACxtbW9kAAAbDAAAAChiVFJDAAAGYAAACAxnVFJDAAAGYAAACAxhYWJnAAAObAAAACBhYWdnAAAObAAAACBkZXNjAAAAAAAAAAhEaXNwbGF5AAAAAAAAAAAAAAAAAAAAAAAAAAAAAAAAAAAAAAAAAAAAAAAAAAAAAAAAAAAAAAAAAAAAAAAAAAAAAAAAAAAAAAAAAAAAAAAAAAAAAAAAAAAAbWx1YwAAAAAAAAAjAAAADGhySFIAAAAUAAABtGtvS1IAAAAMAAAByG5iTk8AAAASAAAB1GlkAAAAAAASAAAB5mh1SFUAAAAUAAAB+GNzQ1oAAAAWAAACDGRhREsAAAAcAAACIm5sTkwAAAAWAAACPmZpRkkAAAAQAAACVGl0SVQAAAAUAAACZHJvUk8AAAASAAACeGVzRVMAAAASAAACeGFyAAAAAAAUAAACinVrVUEAAAAcAAACnmhlSUwAAAAWAAACunpoVFcAAAAMAAAC0HZpVk4AAAAOAAAC3HNrU0sAAAAWAAAC6npoQ04AAAAMAAAC0HJ1UlUAAAAkAAADAGZyRlIAAAAWAAADJG1zAAAAAAASAAADOmhpSU4AAAASAAADTHRoVEgAAAAMAAADXmNhRVMAAAAYAAADamVzWEwAAAASAAACeGRlREUAAAAQAAADgmVuVVMAAAASAAADknB0QlIAAAAYAAADpHBsUEwAAAASAAADvGVsR1IAAAAiAAADznN2U0UAAAAQAAAD8HRyVFIAAAAUAAAEAHB0UFQAAAAWAAAEFGphSlAAAAAMAAAEKgBMAEMARAAgAHUAIABiAG8AagBpzuy37AAgAEwAQwBEAEYAYQByAGcAZQAtAEwAQwBEAEwAQwBEACAAVwBhAHIAbgBhAFMAegDtAG4AZQBzACAATABDAEQAQgBhAHIAZQB2AG4A/QAgAEwAQwBEAEwAQwBEAC0AZgBhAHIAdgBlAHMAawDmAHIAbQBLAGwAZQB1AHIAZQBuAC0ATABDAEQAVgDkAHIAaQAtAEwAQwBEAEwAQwBEACAAYwBvAGwAbwByAGkATABDAEQAIABjAG8AbABvAHIgDwBMAEMARAAgBkUGRAZIBkYGKQQaBD4EOwRMBD4EQAQ+BDIEOAQ5ACAATABDAEQgDwBMAEMARAAgBeYF0QXiBdUF4AXZX2mCcgAgAEwAQwBEAEwAQwBEACAATQDgAHUARgBhAHIAZQBiAG4A/QAgAEwAQwBEBCYEMgQ1BEIEPQQ+BDkAIAQWBBoALQQ0BDgEQQQ/BDsENQQ5AEwAQwBEACAAYwBvAHUAbABlAHUAcgBXAGEAcgBuAGEAIABMAEMARAkwCQIJFwlACSgAIABMAEMARABMAEMARAAgDioONQBMAEMARAAgAGUAbgAgAGMAbwBsAG8AcgBGAGEAcgBiAC0ATABDAEQAQwBvAGwAbwByACAATABDAEQATABDAEQAIABDAG8AbABvAHIAaQBkAG8ASwBvAGwAbwByACAATABDAEQDiAOzA8cDwQPJA7wDtwAgA78DuAPMA70DtwAgAEwAQwBEAEYA5AByAGcALQBMAEMARABSAGUAbgBrAGwAaQAgAEwAQwBEAEwAQwBEACAAYQAgAEMAbwByAGUAczCrMOkw/ABMAEMARAAAdGV4dAAAAABDb3B5cmlnaHQgQXBwbGUgSW5jLiwgMjAyMAAAWFlaIAAAAAAAAPNSAAEAAAABFs9YWVogAAAAAAAAYWwAADgyAAAKQlhZWiAAAAAAAABvHAAArpUAABaZWFlaIAAAAAAAACZOAAAZOQAAslJjdXJ2AAAAAAAABAAAAAAFAAoADwAUABkAHgAjACgALQAyADYAOwBAAEUASgBPAFQAWQBeAGMAaABtAHIAdwB8AIEAhgCLAJAAlQCaAJ8AowCoAK0AsgC3ALwAwQDGAMsA0ADVANsA4ADlAOsA8AD2APsBAQEHAQ0BEwEZAR8BJQErATIBOAE+AUUBTAFSAVkBYAFnAW4BdQF8AYMBiwGSAZoBoQGpAbEBuQHBAckB0QHZAeEB6QHyAfoCAwIMAhQCHQImAi8COAJBAksCVAJdAmcCcQJ6AoQCjgKYAqICrAK2AsECywLVAuAC6wL1AwADCwMWAyEDLQM4A0MDTwNaA2YDcgN+A4oDlgOiA64DugPHA9MD4APsA/kEBgQTBCAELQQ7BEgEVQRjBHEEfgSMBJoEqAS2BMQE0wThBPAE/gUNBRwFKwU6BUkFWAVnBXcFhgWWBaYFtQXFBdUF5QX2BgYGFgYnBjcGSAZZBmoGewaMBp0GrwbABtEG4wb1BwcHGQcrBz0HTwdhB3QHhgeZB6wHvwfSB+UH+AgLCB8IMghGCFoIbgiCCJYIqgi+CNII5wj7CRAJJQk6CU8JZAl5CY8JpAm6Cc8J5Qn7ChEKJwo9ClQKagqBCpgKrgrFCtwK8wsLCyILOQtRC2kLgAuYC7ALyAvhC/kMEgwqDEMMXAx1DI4MpwzADNkM8w0NDSYNQA1aDXQNjg2pDcMN3g34DhMOLg5JDmQOfw6bDrYO0g7uDwkPJQ9BD14Peg+WD7MPzw/sEAkQJhBDEGEQfhCbELkQ1xD1ERMRMRFPEW0RjBGqEckR6BIHEiYSRRJkEoQSoxLDEuMTAxMjE0MTYxODE6QTxRPlFAYUJxRJFGoUixStFM4U8BUSFTQVVhV4FZsVvRXgFgMWJhZJFmwWjxayFtYW+hcdF0EXZReJF64X0hf3GBsYQBhlGIoYrxjVGPoZIBlFGWsZkRm3Gd0aBBoqGlEadxqeGsUa7BsUGzsbYxuKG7Ib2hwCHCocUhx7HKMczBz1HR4dRx1wHZkdwx3sHhYeQB5qHpQevh7pHxMfPh9pH5Qfvx/qIBUgQSBsIJggxCDwIRwhSCF1IaEhziH7IiciVSKCIq8i3SMKIzgjZiOUI8Ij8CQfJE0kfCSrJNolCSU4JWgllyXHJfcmJyZXJocmtyboJxgnSSd6J6sn3CgNKD8ocSiiKNQpBik4KWspnSnQKgIqNSpoKpsqzysCKzYraSudK9EsBSw5LG4soizXLQwtQS12Last4S4WLkwugi63Lu4vJC9aL5Evxy/+MDUwbDCkMNsxEjFKMYIxujHyMioyYzKbMtQzDTNGM38zuDPxNCs0ZTSeNNg1EzVNNYc1wjX9Njc2cjauNuk3JDdgN5w31zgUOFA4jDjIOQU5Qjl/Obw5+To2OnQ6sjrvOy07azuqO+g8JzxlPKQ84z0iPWE9oT3gPiA+YD6gPuA/IT9hP6I/4kAjQGRApkDnQSlBakGsQe5CMEJyQrVC90M6Q31DwEQDREdEikTORRJFVUWaRd5GIkZnRqtG8Ec1R3tHwEgFSEtIkUjXSR1JY0mpSfBKN0p9SsRLDEtTS5pL4kwqTHJMuk0CTUpNk03cTiVObk63TwBPSU+TT91QJ1BxULtRBlFQUZtR5lIxUnxSx1MTU19TqlP2VEJUj1TbVShVdVXCVg9WXFapVvdXRFeSV+BYL1h9WMtZGllpWbhaB1pWWqZa9VtFW5Vb5Vw1XIZc1l0nXXhdyV4aXmxevV8PX2Ffs2AFYFdgqmD8YU9homH1YklinGLwY0Njl2PrZEBklGTpZT1lkmXnZj1mkmboZz1nk2fpaD9olmjsaUNpmmnxakhqn2r3a09rp2v/bFdsr20IbWBtuW4SbmtuxG8eb3hv0XArcIZw4HE6cZVx8HJLcqZzAXNdc7h0FHRwdMx1KHWFdeF2Pnabdvh3VnezeBF4bnjMeSp5iXnnekZ6pXsEe2N7wnwhfIF84X1BfaF+AX5ifsJ/I3+Ef+WAR4CogQqBa4HNgjCCkoL0g1eDuoQdhICE44VHhauGDoZyhteHO4efiASIaYjOiTOJmYn+imSKyoswi5aL/IxjjMqNMY2Yjf+OZo7OjzaPnpAGkG6Q1pE/kaiSEZJ6kuOTTZO2lCCUipT0lV+VyZY0lp+XCpd1l+CYTJi4mSSZkJn8mmia1ZtCm6+cHJyJnPedZJ3SnkCerp8dn4uf+qBpoNihR6G2oiailqMGo3aj5qRWpMelOKWpphqmi6b9p26n4KhSqMSpN6mpqhyqj6sCq3Wr6axcrNCtRK24ri2uoa8Wr4uwALB1sOqxYLHWskuywrM4s660JbSctRO1irYBtnm28Ldot+C4WbjRuUq5wro7urW7LrunvCG8m70VvY++Cr6Evv+/er/1wHDA7MFnwePCX8Lbw1jD1MRRxM7FS8XIxkbGw8dBx7/IPci8yTrJuco4yrfLNsu2zDXMtc01zbXONs62zzfPuNA50LrRPNG+0j/SwdNE08bUSdTL1U7V0dZV1tjXXNfg2GTY6Nls2fHadtr724DcBdyK3RDdlt4c3qLfKd+v4DbgveFE4cziU+Lb42Pj6+Rz5PzlhOYN5pbnH+ep6DLovOlG6dDqW+rl63Dr++yG7RHtnO4o7rTvQO/M8Fjw5fFy8f/yjPMZ86f0NPTC9VD13vZt9vv3ivgZ+Kj5OPnH+lf65/t3/Af8mP0p/br+S/7c/23//3BhcmEAAAAAAAMAAAACZmYAAPKnAAANWQAAE9AAAApbdmNndAAAAAAAAAAAAAMBAAACAAAAVgEuAesCxAODBFMFQAYnBxoIGAkfCj0LTgxrDZAOuQ/sES0SZROjFOMWKhd5GL8aDxtXHKQd8x88IIQhzSMRJFIljSbLKAApMypmK5csyi33LygwUTGAMqsz1TUCNjE3XTiKObY64TwNPTg+YD+JQLFB3EMIRDZFY0aQR7hI3koBSyRMR01qTo9PtFDYUfhTFlQzVU9WbVeNWK5Zy1rhW/Bc9137XwBgCmEZYi1jQWRSZV9mZWdhaFNpPGogawFr4Gy/baBug29ocFBxOHIgcwhz73TWdb52qHeTeH55bHpZe0l8PX03fjZ/OYBBgUuCV4NlhHSFhYaUh6SIs4nAisyL1ozfjeeO7Y/ykPWR9pL1k/WU+pYElxWYLJlHmmObf5yYna6ev5/LoNSh2qLgo+mk9KYDpxWoKqlCqlyrd6yUrbKu0a/xsRGyM7NTtHO1kLapt7q4wbnDusC7u7y1va++qb+jwJ3BlcKKw3zEasVTxjbHGMf5yODJz8rGy8PMwc28zq/PmNBz0UPSDdLT05vUZtU11gXW19eo2HbZQNoG2sfbgNw13Ofdkd473uPfjeA74Ovhn+JS4wPjr+RV5PnllOYs5r/nUufk6IXpL+nk6qjrbuwz7PXtr+5j7xHvtfBQ8ObxfPIX8sbzj/Ru9WH2ZveK+OT6xf0u//8AAABWASMBsAJqAzID6ASxBYAGWAc9CC0JJwonCyIMMA06DlEPYxB+EZ8SvhPpFRAWOBdhGIgZtBreHAsdMx5bH4AgoSG/Itsj9SULJh8nNShJKWAqeSuTLLEtzC7oMAQxITI8M1o0dDWLNqQ3uTjNOeI69DwGPRs+MT9NQGxBj0KwQ9BE7UYIRx1IMklFSlVLY0xuTXhOfk+DUIVRhlKIU4pUjFWKVoRXeVhoWVRaRFs/XEZdWl53X5VgsGHCYspjxWS1ZZxme2dXaDBpDGnsatBrumypbZtuj2+CcHJxXHJAcx9z+3TVda12hndieEV5MHokex18GX0VfhB/Bn/2gOKByoKxg5WEd4VdhkqHRIhMiWGKgYuljMaN3o7uj/WQ95H1kvOT8JTtleyW7pf4mRCaOZtunKadzp7jn+mg5aHfotmj0aTIpb6mvKfKqO2qIatdrJyt2a8UsE6xiLLCs/m1LrZkt5u40roFuzS8X72Fvqa/vMC+warCkMN9xHfFgMaPx53Io8meyo7LdcxTzS3OBM7az7LQi9Fq0lHTRdRF1VHWYtd12ITZh9p922bcQ90a3ezeud+H4FjhLeII4ubjw+Sd5XHmQOcM59Too+l/6mnrZOxo7W3ucO9w8HDxcvJ283n0d/Vp9kf3D/ez+EX4y/la+e360PwM/dr//wAAACsAxAFLAdgCZQMGA48EKwTPBXoGLwbpB6UIaAkvCfkKygufDHcNUg4yDw4P9hDZEcASqROTFH0VZxZSFz0YKRkVGfwa6BvSHL4drh6jH5sgliGUIo8jhiR2JWEmRScgJ/gozCmfKnMrSCwhLQIt6S7XL8gwujGqMpgzgDRgNTk2BjbPN5U4WDkZOdk6nTtkPDI9Bj3ePrY/j0BoQURCJkMQRABE80XnRtZHu0iWSWVKJUrgS5hMT00HTcNOg09JUBhQ6lG+UpNTaFQ7VQ1V3latV3xYSlkVWd9aqFtvXDVc+V29XoBfQ2AIYNFhnGJrYzxkDGTaZadmcWc4Z/xov2mAakBrAGvAbIFtQ24EbsVvhXBBcPhxq3JZcwFzqXRPdPR1mHY8dt53gHgdeL15YHoWetp7q3yDfVh+KH72f8OAk4FngkSDKoQYhQuGAIb0h+OIzYmvioyLYYw0jQeN2o6wj4qQa5FHkhKSxpNbk+yUepVBlkKXiJkImoqb5J0ZnjKfOaA5oTWiL6MopCGlGaYRpwqoCakPqiGrPaxgrYeura/TsPyyKLNatJK10bcUuFm5nLrXvAW9Kb5Hv2LAf8Gewr7D38T/xiHHQ8hnyYzKscvWzP3OKc9b0JfR3tMy1I3V7tdT2LnaIduV3S/fDuF35Ivoee1O8vb5Uf//AABuZGluAAAAAAAABjYAAJOVAABWjQAAVukAAJG3AAAmuwAAFwoAAFANAABUOQACh64AAkeuAAFrhQADAQAAAgAAAAEABAAIAA8AFgAfACkANABAAEwAWgBpAHgAiQCaAKwAvgDSAOYA/AESASkBQAFZAXMBjQGpAcUB4wIBAiECQgJkAocCrALSAvoDIwNNA3oDqAPXBAgEOgRtBKME2QUSBUsFhgXDBgEGQAaABsIHBQdKB5AH2AghCGwIuQkHCVcJqAn6Ck0KoQr3C04LqAwEDGIMww0lDYkN7g5UDrwPJQ+REAAQcRDkEVkRzxJGEr0TOBO2FDoUwxVSFeMWdRcGF5YYJhi4GU4Z6BqIGzEb4xyfHWIeKx74H8YglSFkIjQjBiPbJLMljyZsJ0soKykNKfAq1Su7LJ4tfi5cLzkwFDDwMc0yqjOJNGg1SjYuNxU3/zjtOd460jvKPMU9xD7HP85A2kHoQvZEAEUGRghHCEgISQlKDEsUTCFNNE5OT25QlFG8UuVUDVU0VllXfVigWcRa51wLXTBeVl98YKRhzmL4ZCRlU2aFZ7xo+mpDa5ls+W5jb9JxRnK8dDR1r3cteLF6PHvQfW9/HIDWgpSETIX2h5SJLIrFjGWOFY/fkc2T3ZX/mCCaOZxMnl+geaKgpNqnLamgrDCu4LGhtF63C7muvF2/K8IfxUbIoswMzyjR9tSR1yjZ0dye35fi0uZg6fntEu+s8gD0MPY59//5ivq4+9T8u/2j/nD/N///AAAAAQAFAAoAEgAbACYAMgA/AE0AXABtAH4AkQCkALkAzwDlAP0BFgEvAUoBZgGDAaIBwQHiAgQCJwJMAnICmgLDAu8DHANLA3wDrwPkBBoEUgSLBMUFAQU9BXsFuwX8Bj8GgwbJBxAHWQelB/IIQQiTCOYJOwmTCewKRgqhCvwLWAu0DBIMcgzUDTkNoA4LDngO5w9ZD84QRhDAET4RvxJDEsoTUxPdFGoU+hWPFioWyxdxGBYYthlRGeYaeRsNG6QcQBzkHZEeSh8OH90gsyGOImkjQiQYJOslvSaQJ2YoQiklKhIrCCwFLQguDi8SMBExCDH5Mugz1zTKNcE2wTfKONs58jsOPDA9UT5pP3RAckFoQlhDR0Q5RTRGOEdHSF9JfkqhS8dM8E4bT0VQa1GGUpRTl1SVVZRWoFe/WPFaNVuAXM1eHl90YM9iI2NmZJVltWbOZ+Ro+2oWazNsVG12bppvwHDqchdzRnR2dad22ngQeU16j3vYfSZ+fX/jgWeDEITKhnSIBomHiwSMiI4bj8ORgpNYlUOXO5k7mzudOZ8poQSixqR2phunvaliqxWs3a7FsM+y9bUxt3y5y7wPvkTAcsKmxOnHQsmyzDHOnNDd0vTU8dbn2OPa6Nz03wHhCuMU5STnSOmW7DfvivOm92z5zvuE/MP99P75//8AAAACAAgAEQAeAC0APgBRAGYAfQCWALAAzADqAQkBKwFNAXIBmAHAAeoCFgJEAnQCpgLaAxEDSQOEA8AD/QQ7BHoEugT8BUEFigXXBikGgQbdBz4HoggICG8I1Ak5CZ0KAgpqCtULRAu7DDkMwQ1QDeYOgg8hD8AQXBD2EZASLRLNE24UDRSoFUIV3BZ5Fx4XzhiOGWIaQhsqHBQc+x3dHrgfkiBtIUwiMCMYJAYk+SXxJu8n8yj9Kg4rJCxALWAugC+dMLgx0zLzNBo1STaCN8M5DDpcO7A9Bz5gP75BIkKTRBZFrkdaSRFK0UyaTm9QVVIyU9pVWlbMWEhZ01tmXPheg2ABYXBi1WQ3ZZxnCWiBagpro21NbwBwt3JvdB51w3d1eWR77n6kgHmB1oL8hAKFCIYQhzOIc4nUi1WM6Y6IkC6R2ZOIlTuW8Zipml6cCp2nnzegvaI/o8ClRKbKqFCp1KtUrNCuRq+5sSiyl7QItX22/LiJuia70L2CvzbA6cKcxE/GBMe7yXPLK8zkzp7QWNIU09LVj9dK2P/arNxP3ejfdeD94oLkA+WC5wLog+oE63/s7u5G73nwnfGN8nXzRPP39Kr1TvXb9mj29vd29+n4XPjP+UP5q/oN+nD60vs1+5j78fxJ/KL8+/1U/a3+A/5Y/qz/Af9V/6r//wAAc2YzMgAAAAAAAQxCAAAF3v//8yYAAAeSAAD9kf//+6L///2jAAAD3AAAwGxtbW9kAAAAAAAABhAAAJzfAAAAAMoq1YAAAAAAAAAAAAAAAAAAAAAA/8AAEQgAggCJAwERAAIRAQMRAf/EAB8AAAEFAQEBAQEBAAAAAAAAAAABAgMEBQYHCAkKC//EALUQAAIBAwMCBAMFBQQEAAABfQECAwAEEQUSITFBBhNRYQcicRQygZGhCCNCscEVUtHwJDNicoIJChYXGBkaJSYnKCkqNDU2Nzg5OkNERUZHSElKU1RVVldYWVpjZGVmZ2hpanN0dXZ3eHl6g4SFhoeIiYqSk5SVlpeYmZqio6Slpqeoqaqys7S1tre4ubrCw8TFxsfIycrS09TV1tfY2drh4uPk5ebn6Onq8fLz9PX29/j5+v/EAB8BAAMBAQEBAQEBAQEAAAAAAAABAgMEBQYHCAkKC//EALURAAIBAgQEAwQHBQQEAAECdwABAgMRBAUhMQYSQVEHYXETIjKBCBRCkaGxwQkjM1LwFWJy0QoWJDThJfEXGBkaJicoKSo1Njc4OTpDREVGR0hJSlNUVVZXWFlaY2RlZmdoaWpzdHV2d3h5eoKDhIWGh4iJipKTlJWWl5iZmqKjpKWmp6ipqrKztLW2t7i5usLDxMXGx8jJytLT1NXW19jZ2uLj5OXm5+jp6vLz9PX29/j5+v/bAEMAAQEBAQEBAQEBAQEBAQEBAQEBAQEBAQEBAQEBAQEBAQEBAQEBAQEBAQEBAQEBAQEBAQEBAQEBAQEBAQEBAQEBAf/bAEMBAQEBAQEBAQEBAQEBAQEBAQEBAQEBAQEBAQEBAQEBAQEBAQEBAQEBAQEBAQEBAQEBAQEBAQEBAQEBAQEBAQEBAf/dAAQAEv/aAAwDAQACEQMRAD8A/v4oAKACgAoAKACgAoAKACgAoAKACgAoAKACgAoAKACgD//Q/v4oAKACgAoAKAPgbwP/AMFKP2W/iH+3b8Sv+Cc3hrX/ABVP+018J/AjfEXxfolz4Tv7XwrB4bjTwvJLJYeK3lNjfXkS+MdD8y0iiDqZ5Rk+S5oAX4x/8FKP2W/gT+2d8Bf2CviDr3iqz/aG/aR8Oz+KPhjpGneE77UvDV5pUEniqMvrHiWF/smkTu/gzXVignjdn8mHlfPTcAffFABQAUAFABQAUAFABQAUAFABQB//0f7+KACgAoAKACgD/PN+Lv7S/wC0j+yp/wAHR/7bnxL/AGWv2WPEf7X3xJu/gTb+Frr4V+F7trPUrPwvqegfBS91Pxc8quhNrpN7pWl2EqZ5fWIjg4yoBgeIf2qv2pP2tf8Ag5I/4JU+Of2r/wBkLxR+xr438P8AhXUfC+geAPFV497e+I/DEWnfHLVIvFsEju5W2m1PUtR0kICAJdLlPOaAP9FGgAoAKACgAoAKACgAoAKACgAoA//S/v4oAKACgAoAKAP5xv2fv+CZ/wC1B8Ov+Dhr9qb/AIKOeJNJ8IR/szfFb9n27+Hvg/V7TxZZXXiu58S3kHwhQW974VWIXtlbRP4K1oPdSSFMLbMBidaAF/bj/wCCaH7UHx5/4Lq/8E7P29/h/pPhC5/Z6/Zx+Gd34Z+J+q6n4sstO8TWOrfavjDNHFpXhmWJrvVoZV8baGBNbyIoL3WcfZm3gH5Xf8F+/wDgup8dv2X/AI7ax8GPgt4m1zwT4a8Ea7F4XmbwrJaWWv8AibxJpltbXniW9v8AVLuKbydM0y5uoLGzsYUHmsi3EjnzHWv1/LMBw3wtwvlnEGe5Z/bOOzupU+q4WcuWlRw8LPnWsU5KnKMm73bqJaKD5vzjHYvO+IM/x2T5TjnlmEyqEPrFeMb1KteV0o9+VyUklomoXe9pfr3/AMECP+CnHjz/AIKA/BrxPpfxVvn17xj4H0vwr4h07xXcQRW2o634Z8UpfQwW2tRwBYZda0q/0q8hu7qJUSaKW2byw+814/HWRZThcNkvEOR05YfLc+ozqLCSlzfVq8FCU4Rd37rVSK5fsyjJK6s5elwnm2YV6+aZNms41sdlNaNP6xFW9vSk5xjJ95J0272TakrpO5/QdX5wfahQAUAFABQAUAFABQAUAf/T/v4oAKACgAoAKACgAoA/jL/4L2/8EUvEX7RPxl0/45eAbDQ9b0L4peMdA0y60u4u4LLW9H+JXiBY9OkjtI7llj1Cx8VGz+0yzb4zY3CMrBkWIt+y8L4rJOLeH6fDefPF0a/D9HE5hhsVh1zRjl9FReI5l9lwg4wkm/eSi1ZxPzLPqGacO5xLO8pWHqUs4q0MFWoV3ZvG1m1Rt1fPNOSts3JPRn68f8ET/wDgmFq//BO34PeIV8dQ6NZfELxzb6DpsuhaJcC+tPDHhfw5HdNpelTaipMd5qMt3qF/d3ssQEaiWKEl3iZ6+Y414jy3NIZXk+RwrRybJaMqWGnW0nWnNRjOo4vVLlpwS5tW+Z6J8sfe4WyTG4CWPzLNZU5ZnmlVVK8aWsKUIuTjC+qcuacndacvKtLWP28r4E+vCgAoAKACgAoAKACgAoA//9T+/igAoAKACgAoAKACgD4z/bW/5FP4I/8AZz3wY/8ATpqNffeH3++8Rf8AZH5//wCmqJ8dxn/uuSf9lPkv/p2ofZlfAn2IUAFABQAUAFABQAUAFABQB//V/v4oAKAD/P8An/P86ACgAoAKAPBfCX7TPwX8c/Hz4u/sx+GfGNrqXxq+BegeAvE3xO8GpBOl14a0X4mabPq/gy8nndRBKur6fbS3EaxMzRqMPgnFAHlv7a3/ACKfwR/7Oe+DH/p01GvvvD7/AH3iL/sj8/8A/TVE+O4z/wB1yT/sp8l/9O1D7Mr4E+xCgAoAKACgAoAKACgAoAKAP//W/v4oAKAP48v+Dfn4y/ETxL/wU6/4L02PxE+I3jbxV4S+H3xc8P3Xh/R/EvifW9d0jwpp8HxF+PKXsfh7TNSvLm00eBrDSrSF7fTIraJ4rO2j8vESFqhCVScKcVeU5RhFd5SdkvvZM5KEZTlpGEXKT7KKu/wR+Pn7f3/Bxx+1Pon7Wqab4N8e+LvAng+HxDnQvDXhSewtNJ8PaA+ry2WmPq8U9vLJrmoT2ka3GqO7qksLlIkVxX7niqPBfBtTK+H8yyRZtjMbh8NUzLH1JWdD6y1FOkudWUP4nKk2o295t2j+UYarxRxNDH5zgs0/s7DYWtXhgsHBe7V9hrao0teZe65Svrd2Sfvf2KfsDf8ABUr4WfHj9mXwH43+NnjLSPCfxRWK70bxdZJpurPb39/pVw9rHrlslhY3UNvFrNskOoG1ErG2e4aEDCA185xH4ZZ5h83xMMhy+vjsrn7OrhaqqUFKEKsIz9jL2tSnJypOXJzW9613e95e3k3HeVVcuoSzfGUsLj1zU69NwqNSlTk4+0jyUpxSqW5rX0enRH2b/wANw/srn/mr2jf+CzxGP/cN/n8K8P8A4h1xp/0IsR/4Nwn/AMvPU/134X/6GtH/AMF1/wD5QfyKftR6z8VPFX/BTr/gr3+0N+zP+2Z4t/Zm02D9lT9nLxV8Ndf8AeH7DUL748/EL4V/BbUZtK+HUl1rlhNLoeiwa5Y32kau9xaWX22fWrKWK6EFm70f8Q640/6EWI/8G4T/AOXW/H5dQ/134X/6GtH/AMF1/wD5Qfnb/wAFFv8Agvr+1Frnwi/ZaTxLf6p4e1+z8CfDPWPFeh+HJbXSptS+NOheGNH1Hxx4rv7uJZ1jbSfEWo3VtoVtayNbpGfMO/e9foGCw+A8M8hwmPzfK5YzPc9WKwlbDznFQw+CtT+sYZuLcHzwnTU7SfNNuzUY2j8fia+L46zfEYTLcdHDZTlLoYmnXjBuVXFe/wCxrJSUWnGcZ8l4rlir/E7H9Jn/AARH/wCCxGn/ALRnwAv7X9qD4iRweJvD1t4f1nwx4v8AEFvdyat4k8N+JLa4kjs9WbSrC5jl1bRLy0uLe4uDDCs1tLakAuH2+XxPwJPNaeV59wdllWeBzfBwxFbB0504rB1XGLSXtZK0ZqWylK0oTfu3Sl6ORcWwy6WPynibMKcMXl2JlRp4qcJt4mmm1f8Adxm24tXu4q8JQu200frv8U/+ChX7Mngb4a+O/GGj/FLQNb1rw74U13VtD0SO11qOXWdctNOuJNG0mN7nS4LdX1LUxa2SmWWJAZ+SOleTkPhVxfmud5VluJyfFYbDYzMMLh8VinOg44fC1K0FicQ1CpKTVGh7So+WDfu/M6s98ReHMryXNcxw2ZYfFYnB5fisRhcLGNVSxOKp0ZvDYdOdKnFOtX9nSXNJJc2t9pfzF/sKftM/Fr4Cfta/BP4y/GX4veJ/EXw7/aJ0/wAbW/xJ0nXde8Qahpnw+k1jxFqw0NrjT7+SWwS6B03w7qcMmjxyiDS9ekgUDbsr+5fFbhThTi3w94n4a4ayPL8HnPB1bK5ZLiMJhMLRr5x9WwWG+tKnVpRjWlD9/jaEliJR56+EU29fd/iLwsz3jPhPj/hniPiTNcyxmT8X0czhnWHxeLxFWhlLxGLxCwrnSq1JUlNexwleEsOpctDFONk1yy/pV+Pn/BRv9nT4YfBf4meP/CPxH8P+K/FXhbwjq2p+GvDsVtranVteWAw6RayNNpcEa251Ca3e6LSofsyS7SX2iv4Qyzw14rxOYYOhjcnxWEwdTEU44nEylh2qNDmvUlaNZtvlTUbL4mtrs/ujHcdcPUsHiauEzKhicTCjN4ego1k6lW3uR96jFJc1m7taJn+ey/8AwXu/bKH7bTab/wALb8eDUU8VtYC9OssdBGoW1xLqEuhSeF/K/s9/DhkibS9gUXT27ZMoUhl/Q/rvB64jfAj4aw7winPL/wC0L2xP1yFKSlVbSnK3PFpTTvze89LHx7w3EjyRcWf23X+scscZ9Tf8B4ZzjywtdK/LK7VmnH3VsnP/AErv2VfjQf2iP2dfg78ansRplz8RvAfh/wAS3+nKSUstR1Cwhkv7aNj9+OG7MyRuOGQAjrX4lxBln9jZ1meVqftI4LGV6EJ7c0ITahJ7auNun3H6lk+O/tPK8Dj3HkeKw1KrKPaUormXyd+999L2P5Sv+DpTxD8TdY/ai/4JD/ALwl8Yfif8KPB/x5+O8/w88b3Hwz8Ya14R1C407xn8QfhX4Qur9ptGvrA3V5p2m6zdyaeLt5IYZjkKu+Qt456R85afH+0L/wAEcv8AguT+xf8Asb/BD9sr4wftS/Az9qTR7CT4l/Cv4teLJfGur+Fl1S88W6VM88s15qV1p15o8Xh638V2F2ZredtOe6tp4WglSWgD+8KgAoA//9f+/igAoA/zuf8AgmD/AMFLf2Pf+Cbv/BUv/gt3J+2L4z1TwRpfxm+OY0PwnDbeGtR106s3hf4kfGaTxHbXUNoA9qkVp4m0zBlGJluGCZ2NVRlKEozi7ShJSi10lF3T+TQpRUk4yV1JOLT6pqzXTdPv9xnfFH/ggfq/7ePjzwH+1j+yP9n+K/7OHxPuF8U/C3xpd6zF4UuLvwrPqs9/ZWHjXRdSj+12M2kTvJZTzoXS+hgxHtjZDX7bLiHgXiWOV5vxHLF4TN8toUaeJw9CDnSxjw7vDVW5oykr2SjLkfI7WcpflqybizI3j8uySOHxGW46rVnQrVZxVTCqsrTbUnpJJvXRKXvJM/tn/wCCf/7FPh39jT9mfwV8GdQTRvE/iez+1634x106fbzQXniTWJftN9FYtcxPN/Z2ngpp9iXO9ra2idwHYlvz3izijEcRZ1iMwoyrYXC2hRwtCNSUXDD0YqFPnUZRXPJLmnvaUrJtK8vsOHsgo5NldHB1o0sRXvOriKsoRlzVqj5p8rcZPlXwryjfVt8v2n/wi/hk9fDuhf8AgpsD/wC0P8/hXzf13F/9BWJ/8KKx7n1bDf8AQNQ/8FU//lZ4Nf8A7HX7MWp+LfjT46vvgv4LufFn7RHgnTfhx8Z9aexmFz498E6PoN94Y03QNURbpbe3tbTQdSvtNjk0yGxujDOzvO8qo6n13F/9BWJ/8KKwfVsN/wBA1D/wVT/+Vn8kf/BZ/wD4N7vC3izXvh3r37O/hzRdC+E+ra/4K+Hvhj4d6Xqz6NdeBfE2oWcOg2GnaRcX73b3fh3WYNLiknkuJ5LiwuE3TNKixFv2HhjH5LxhkUOHeJFiY1uH8Ni8zoY6i25vAYdQeIjKTu3NQcY8rXvqMJK8otS/Nc+wmZ8NZs85ySWH9lnWIw+ArYWqkorGV3JUXFbKLkpSUlblcpppKUUfuR/wRy/4JY2v/BPb4JarpPj+28O6t8RfGUWhWmoafZpBrGmeFvDvhu2mh0Tw/b31xEUvrqKa7v7u+v4VRJ5roRgFIUNfLcZ8W4fNJZdluQ/WMJk2TYf6thPenSqVrqMZVZqM7q8YRilJt+620pSk5fQcM8O1svjjcbm3scTmeZ1vb4n3Y1IUlq404NqS0c5uTirO9ldRXL5p/wAFxvE0l38OPgb+yP8ADDSdKtfiN+058UdH0lTYadawTweHtKvbW1X7XJbQrNDYXetapZ3c06N8kGhXRICK5r90+izl1OGdcVeIee1q1TJuBsixOIftas5xnjMRSqzfs1OfLKtTwuHq04Qd05YqmrptH4H9J/Mq08m4X8P8jpU4ZxxvnuGw6dKChKGEoVacEqjhBSjSqYqvTqSknpHC1HrZn5+ft3fsS/8ABQfwn+yt4f8AFPxM8VfA7WPAf7L1tomseHLD4aeEW0PxhpNjBLpGiJOdSjdm1GCy8vT7m+WdWG21a6OAj7v1/wAKPE3wdzDj7GYDJMu4mw+bcdzxWGxtXO8esVluIqzWIxTh7CSUaMqt60KTi/8Al4qaSuj8k8VPDjxiwHAmEx2d5nw3icq4GhhsTgqWS4J4TMcPSg8PhVP20W3WjTtRnVU7/wAPn0tJH9APwan+FX7f/wCxHoOv6t4b0Oz0n47fC+60jxMulaVp0NzoOuXlpLputR2MyWylLzQNcila2fcB9os0J+Ustfxtxtleb+GviFm2SLF4qpLIM2vhJVq1VxxOD5lWwlScXN3hicNOEmmvhn1sj+xOCM4yzxE4CyjPVhsPTWeZYvrUaVKmnh8XZ0sVShJQ0lh8RGcNH8UN9bn8nlx/warfFxf2s4/iDBrngeTwnJqpuJPiJ/bzobe0kL202ojwQ8RvJdfbTiybvP8As5u5DOSEZgn00eMuA/7QfFry7HriNQc/qX/MK8W6fs3X59ad5Xd3v7zdlJpx818M8WrBrh5Y3CPJXJKWJ/5iFh1UU1RSbUrK2iSadknZI/tw+Dnwu8OfBP4V+APhJ4RiaHw38PPCmi+E9HWTBlaz0axhs45ZmH3ppvK82Rjks7EnkkL+OZlj6+aZhjMxxLvXxmIq4ip25qk3JpLoleyWvq9z9MwOEpYDB4bBUValhaNOjDvy04qKb83a7P40f+Dr/wCHlt8Wv2xP+CMXwtvtV1zQNP8AiV8fZPAN7r/hq7m07xDolp4u+Jnwk0G61bQdRgeOaw1nTLfUHvtNvIXSW0vIYbiN1aMNXCdR+6v7C/8AwQk/Ym/YV+L8n7RPhofE34zftAjTpdK0/wCLPx18can8QPEWg2dxb/Zbn/hHm1Zpzplzc2u61luxPNP9lZreJoo2dWAP2joAKAP/0P7+KACgDw7W/wBmL9mzxLq2o6/4j/Z6+B3iDXdXu5r/AFbWtb+E3gLVdW1S+uHMlxe6jqV9oE95e3c8jNJNcXM0s0rsWkkZiWoA9W8O+GvDng/RbDw34S0DRPC/h3SoBbaXoPh3SrHRNF022Xlbew0vTYLaxs4FJJEVvBHGM8KMncAbdABQAUAfGf7a3/Ip/BH/ALOe+DH/AKdNRr77w+/33iL/ALI/P/8A01RPjuM/91yT/sp8l/8ATtQ+zK+BPsTm9U8G+Edc1fSfEGteFvDur69oJZtD1rU9F06+1XR2cksdL1C5tpruwLFmJNrLFyxPJYle2hmWY4XD4jB4bH4zD4TFpLFYWhia1LD4m23t6NOap1bWX8SMtltY4q+W5fisRh8XicDg8Ri8I28Lia+Go1cRh2739hWnF1KV7t+5Ja373NbU9M03WrC70rWNPstV0u/he2vtN1K0gvrC9t5BiSC6s7lJLe4hccPFKjo3cHArnoV6+FrU8Rhq1XD16M1UpV6FSdKrSnHadOpBxnCS6Si010OivQoYmjUw+Jo0sRQrRcKtGtThVpVIPeFSnNShOL6xkmn1Kfh/w34e8J6VbaF4W0LR/DeiWZkNppGhabZ6TplsZpHmmMFjYRQWsTTTO8srJEpkld5Hy7E1rjMbjMwxE8Xj8XicbiqnL7TE4uvUxFefJHljz1asp1JcsUoxu9IpJaIzwmCweX4eGFwOFw+CwtPm9nh8LRp4ehT5pOUuSlSjGnHmk3KVoq8m27t3NquU6QoA4nxT8NPhz451Lw5rPjXwD4M8X6x4PvhqnhPVfE/hfRNe1HwxqSyQzLf+H73VLK5udHvFmt7eYXOny28wmgglDb4Y2UA7agAoAKAP/9H+/igAoAKACgAoAKACgD4z/bW/5FP4I/8AZz3wY/8ATpqNffeH3++8Rf8AZH5//wCmqJ8dxn/uuSf9lPkv/p2ofZlfAn2IUAFABQAUAFABQAUAFABQB//S/v4oAKACgAoAKACgAoA/O7/gov8AF74W/CnwF8JNS+JHxA8L+DItO+Onw88Ypba5qKW+oapo3hO8vLrWjpFiqyXF9c28M8ZSJEVZGOwSBgdv6J4dYbF18fnUcNhMTifrHDua5fGVCk5whiMZCnGgqsrqMIScHeTem+p8XxtWw9PCZVKtiKFD2GeZdjZKrUUJSoYWc5VnTj70pyUZK0UtdtdOX6k+BP7RvwV/aW8Jv42+CPxA0Px74fgujY31xpFxun02+VA7Weo2kqx3FpcBWDbZYwrDlHccr8hm2SZpkeIWFzTB1cJWceaCqR92cduaE03Ga9Hp1sfS5dmmAzWi6+AxNPE04y5ZOD1hL+WUXZp/0r7ntteUd4UAFABQAUAFABQAUAFAH//T/v4oAKACgAoAKACgAoA/zvP+Ds7xn8edO/aI1u20G58Q2/h7SfC/w0tfCj6eLkm38JaloL3fiW70xI1YKJfGTXltfXUCmVSgid1VAF/aMsq4zA+FbxWQOcMfVzepDNKuGV8TToc9aMdY3nFOmsOvKMr6c1z8xx1PC4rj9Uc45JYSnl0ZZfTxDSozquFJytze7fndfe95RtuouP0D/wAGj/jL436t438T2HiyTXZvDmqfCHWb/wAUvfrOkbalpni/T7XwFd6hE6IkeoXej3GtrDIypNcwwsX3bAKnimpisZ4b8PYzO3J5x/aFSnQnXjbE1cG/rHvTTtK3JHDyba+0m7N2HkEKGG43znC5Xb+zfqcJ1oUnzUKeK/c2UbXinzSrxVpfZa0Ssf3hV+Mn6aFABQAUAFABQAUAFABQB//U/v4oAKACgAoAKAPjH/got8TPGvwa/YP/AGvPit8ONam8N+PfAH7PnxR8UeEPEFskb3WieINK8K6jcaZqtqsqvEbqwuljubcyI6LNFGzKwBFAH8hn/BOfwL/wcBftwfsB+D/29Pgp/wAFUNT1bxZ4nm+JS6P8CPij4asL/TdZu/h1401/wpFpMWs2mlWtpBc69LoRlhlvJFtoRcpDJjG+gD9Bf+CbXxi+E/8AwcJfs5+NPCn7c/wrt/C37Wn7JPjS5+GvxG1PwU76BPNHdmV7DV7IMk5h0/Vbizv4NS0CcPbWurWF5JaOsMq7/puHeLM44YnW/s2rB0cTb2+GxFNVsPUa0UnTbilNLTmvqrJ2subw854ey3PY01jacva0b+yr0ZezrQT3iprVxe9naz1V7yR/QP8Ask/sTfAD9irwdf8Ag/4HeFpdKTWriK68Q6/qt0dT8Ra9PbqyWw1DUnjjZrazR2SztI0jht0ZgqMzO7ZcQ8T5txNiIYjM66kqMXChQpRVOhQi91TprRN2XM3zN230sXk2Q5dkVGdLAUpRdWXNVq1Je0rVWtuebSbSu7K2nnc+ta+ePZCgAoAKACgAoAKACgAoA//V/v4oAKACgAoAKAPz1/4Kzf8AKMv9u3/s134wf+ofqVAH85f/AAQI/wCCq/7Bf7EH/BEP4NWX7QX7RfgHwl448C6r8ftZv/hidTF18QdQe8+L/jfWNG03TfD0Mb3E1/rdldWkunI7RpLHdRSFwmdoB2f/AAah/CL4k64n/BQH9vPxh4O1bwT4R/bE+N8d98NbDVoJrB9V8PeGtX8V6xc61Y6fMkbDT31LxbdabBeqgju306Qws8KI7AH9hdABQAUAFABQAUAFABQAUAFAH//W/v4oAKACgAoAKAOU8deBvCPxN8F+Kvh34+0DT/FXgjxx4f1Xwr4t8NatEZtM13w9rllNp2raVfRK8bPbX1lcTW8oSSNwjko6uAygH5n+Ev8Aghr/AMEj/A2rwa94W/YJ+AemarbSxTQ3TaDqd+EkhcSRt9n1PV721fa4DbXhKt0ZSOKAP1E0Hw/oXhXR9P8AD3hnRdK8PaDpNtFZaXouiafa6XpWnWkKhIray0+yigtbWCNQFSKGJUUdAMkUAa9ABQAUAFABQAUAFABQAUAFAH//1/7+KACgAoAKACgAoAKACgAoAKACgAoAKACgAoAKACgAoA//2Q==</file>
    </generalfeedback>
    <defaultgrade>6.0000000</defaultgrade>
    <penalty>0.0000000</penalty>
    <hidden>0</hidden>
    <idnumber></idnumber>
    <correctfeedback format="html">
      <text>Vaše odpověď je správná.</text>
    </correctfeedback>
    <partiallycorrectfeedback format="html">
      <text>Vaše odpověď je částečně správná.</text>
    </partiallycorrectfeedback>
    <incorrectfeedback format="html">
      <text>Vaše odpověď je chybná.</text>
    </incorrectfeedback>
    <shownumcorrect/>
<varsrandom><text></text>
</varsrandom>
<varsglobal><text>a11 = 5.5; a12 = -2; f1 = 0.5;
a21 = -2; a22 = 6; a23 = -2; f2 = 0.5;
a32 = -2; a33 = 6.5; f3 =-1.5;</text>
</varsglobal>
<answernumbering><text>abc</text>
</answernumbering>
<answers>
 <partindex>
  <text>0</text>
 </partindex>
 <placeholder>
  <text></text>
 </placeholder>
 <answermark>
  <text>1</text>
 </answermark>
 <answertype>
  <text>10</text>
 </answertype>
 <numbox>
  <text>4</text>
 </numbox>
 <vars1>
  <text></text>
 </vars1>
 <answer>
  <text>[4, -1,-1, 0.3*1.09]</text>
 </answer>
 <vars2>
  <text></text>
 </vars2>
 <correctness>
  <text><![CDATA[_relerr < 0.01]]></text>
 </correctness>
 <unitpenalty>
  <text>1</text>
 </unitpenalty>
 <postunit>
  <text></text>
 </postunit>
 <ruleid>
  <text>1</text>
 </ruleid>
 <otherrule>
  <text></text>
 </otherrule>
 <subqtext format="html">
<text><![CDATA[<p>1. rovnice pro <b>regulární</b> uzel \(P_1\): {_0}U\(_1\)&nbsp; {_1}U\(_2\)&nbsp; {_2}U\(_3 =\) {_3}<br></p>]]></text>
 </subqtext>
 <feedback format="html">
<text></text>
 </feedback>
 <correctfeedback format="html">
<text></text>
 </correctfeedback>
 <partiallycorrectfeedback format="html">
<text></text>
 </partiallycorrectfeedback>
 <incorrectfeedback format="html">
<text></text>
 </incorrectfeedback>
</answers>
<answers>
 <partindex>
  <text>1</text>
 </partindex>
 <placeholder>
  <text></text>
 </placeholder>
 <answermark>
  <text>1</text>
 </answermark>
 <answertype>
  <text>10</text>
 </answertype>
 <numbox>
  <text>3</text>
 </numbox>
 <vars1>
  <text></text>
 </vars1>
 <answer>
  <text>[-0.75, 1.75, 0.3]</text>
 </answer>
 <vars2>
  <text></text>
 </vars2>
 <correctness>
  <text><![CDATA[_relerr < 0.01]]></text>
 </correctness>
 <unitpenalty>
  <text>1</text>
 </unitpenalty>
 <postunit>
  <text></text>
 </postunit>
 <ruleid>
  <text>1</text>
 </ruleid>
 <otherrule>
  <text></text>
 </otherrule>
 <subqtext format="html">
<text><![CDATA[<p>2. rovnice&nbsp; pro <b>neregulární</b> uzel \(P_2\): {_0}U\(_1 +\) {_1}U\(_2 =\) {_2}<br></p>]]></text>
 </subqtext>
 <feedback format="html">
<text></text>
 </feedback>
 <correctfeedback format="html">
<text></text>
 </correctfeedback>
 <partiallycorrectfeedback format="html">
<text></text>
 </partiallycorrectfeedback>
 <incorrectfeedback format="html">
<text></text>
 </incorrectfeedback>
</answers>
<answers>
 <partindex>
  <text>2</text>
 </partindex>
 <placeholder>
  <text></text>
 </placeholder>
 <answermark>
  <text>1</text>
 </answermark>
 <answertype>
  <text>10</text>
 </answertype>
 <numbox>
  <text>5</text>
 </numbox>
 <vars1>
  <text></text>
 </vars1>
 <answer>
  <text>[-1, 4, -1,-1, 0.3*2.09 ]</text>
 </answer>
 <vars2>
  <text></text>
 </vars2>
 <correctness>
  <text><![CDATA[_relerr < 0.01]]></text>
 </correctness>
 <unitpenalty>
  <text>1</text>
 </unitpenalty>
 <postunit>
  <text></text>
 </postunit>
 <ruleid>
  <text>1</text>
 </ruleid>
 <otherrule>
  <text></text>
 </otherrule>
 <subqtext format="html">
<text><![CDATA[<p>3. rovnice pro <b>regulární</b> uzel \(P_3\): {_0}U\(_1 +\) {_1}U\(_3\) {_2}U\(_4\) {_3}U\(_5 =\){_4}<br></p>]]></text>
 </subqtext>
 <feedback format="html">
<text></text>
 </feedback>
 <correctfeedback format="html">
<text></text>
 </correctfeedback>
 <partiallycorrectfeedback format="html">
<text></text>
 </partiallycorrectfeedback>
 <incorrectfeedback format="html">
<text></text>
 </incorrectfeedback>
</answers>
<answers>
 <partindex>
  <text>3</text>
 </partindex>
 <placeholder>
  <text></text>
 </placeholder>
 <answermark>
  <text>1</text>
 </answermark>
 <answertype>
  <text>10</text>
 </answertype>
 <numbox>
  <text>3</text>
 </numbox>
 <vars1>
  <text></text>
 </vars1>
 <answer>
  <text>[-0.5, 1.5, 0.6]</text>
 </answer>
 <vars2>
  <text></text>
 </vars2>
 <correctness>
  <text><![CDATA[_relerr < 0.01]]></text>
 </correctness>
 <unitpenalty>
  <text>1</text>
 </unitpenalty>
 <postunit>
  <text></text>
 </postunit>
 <ruleid>
  <text>1</text>
 </ruleid>
 <otherrule>
  <text></text>
 </otherrule>
 <subqtext format="html">
<text><![CDATA[<p>4. rovnice pro <b>neregulární</b> uzel \(P_4\): {_0}U\(_3 +\) {_1}U\(_4 =\){_2}<br></p>]]></text>
 </subqtext>
 <feedback format="html">
<text></text>
 </feedback>
 <correctfeedback format="html">
<text></text>
 </correctfeedback>
 <partiallycorrectfeedback format="html">
<text></text>
 </partiallycorrectfeedback>
 <incorrectfeedback format="html">
<text></text>
 </incorrectfeedback>
</answers>
<answers>
 <partindex>
  <text>4</text>
 </partindex>
 <placeholder>
  <text></text>
 </placeholder>
 <answermark>
  <text>1</text>
 </answermark>
 <answertype>
  <text>10</text>
 </answertype>
 <numbox>
  <text>4</text>
 </numbox>
 <vars1>
  <text></text>
 </vars1>
 <answer>
  <text>[-1, 4, -1,  0.3*(3.09+4)]</text>
 </answer>
 <vars2>
  <text></text>
 </vars2>
 <correctness>
  <text><![CDATA[_relerr < 0.01]]></text>
 </correctness>
 <unitpenalty>
  <text>1</text>
 </unitpenalty>
 <postunit>
  <text></text>
 </postunit>
 <ruleid>
  <text>1</text>
 </ruleid>
 <otherrule>
  <text></text>
 </otherrule>
 <subqtext format="html">
<text><![CDATA[<p>5. rovnice pro <b>regulární</b> uzel \(P_5\): {_0}U\(_3 +\) {_1}U\(_5\) {_2}U\(_6 =\){_3}<br></p>]]></text>
 </subqtext>
 <feedback format="html">
<text></text>
 </feedback>
 <correctfeedback format="html">
<text></text>
 </correctfeedback>
 <partiallycorrectfeedback format="html">
<text></text>
 </partiallycorrectfeedback>
 <incorrectfeedback format="html">
<text></text>
 </incorrectfeedback>
</answers>
<answers>
 <partindex>
  <text>5</text>
 </partindex>
 <placeholder>
  <text></text>
 </placeholder>
 <answermark>
  <text>1</text>
 </answermark>
 <answertype>
  <text>10</text>
 </answertype>
 <numbox>
  <text>3</text>
 </numbox>
 <vars1>
  <text></text>
 </vars1>
 <answer>
  <text>[-0.25, 1.25, 0.9]</text>
 </answer>
 <vars2>
  <text></text>
 </vars2>
 <correctness>
  <text><![CDATA[_relerr < 0.01]]></text>
 </correctness>
 <unitpenalty>
  <text>1</text>
 </unitpenalty>
 <postunit>
  <text></text>
 </postunit>
 <ruleid>
  <text>1</text>
 </ruleid>
 <otherrule>
  <text></text>
 </otherrule>
 <subqtext format="html">
<text><![CDATA[<p>6. rovnice pro <b>neregulární</b> uzel \(P_6\): {_0}U\(_5 +\) {_1}U\(_6 =\){_2}<br></p>]]></text>
 </subqtext>
 <feedback format="html">
<text></text>
 </feedback>
 <correctfeedback format="html">
<text></text>
 </correctfeedback>
 <partiallycorrectfeedback format="html">
<text></text>
 </partiallycorrectfeedback>
 <incorrectfeedback format="html">
<text></text>
 </incorrectfeedback>
</answers>
    <hint format="html">
      <text><![CDATA[<p>--<br></p>]]></text>
    </hint>
    <hint format="html">
      <text><![CDATA[<p>--<br></p>]]></text>
    </hint>
  </question>

<!-- question: 136773  -->
  <question type="formulas">
    <name>
      <text>Laplace 4</text>
    </name>
    <questiontext format="html">
      <text><![CDATA[<p>V oblasti \( \Omega\) platí&nbsp; <img src="@@PLUGINFILE@@/om_pdr8.jpg" alt="" role="presentation" class="img-responsive atto_image_button_right" width="400" height="319"><br></p><p>$$ -\Delta u = 0,$$ na hranici oblasti \(\Omega\),&nbsp; je zadána okrajová podmínka \(u(x,y) = x+y\). <br></p><p>$$ \Omega = \{[x,\ y]\in\mathbb E_2: x^2 + y^2&lt;4,\ x&gt;0, y&gt;0\}$$<br></p><p>Je zvolen krok \(h=0.5\). Doplňte&nbsp; lineární rovnice pro uzly na síťové přímce \(y=1\) pro řešení této úlohy metodou sítí.</p><p>Je použito označení a číslování uzlů sítě podle obrázku, tj. neznámé \(U_1,\dots, U_7\) odpovídají hledaným hodnotám aproximace řešení v bodech \(P_1,\dots,P_7\). <br></p>]]></text>
<file name="om_pdr5.jpg" path="/" encoding="base64">/9j/4AAQSkZJRgABAQAAlgCWAAD/4QB0RXhpZgAATU0AKgAAAAgABAEaAAUAAAABAAAAPgEbAAUAAAABAAAARgEoAAMAAAABAAIAAIdpAAQAAAABAAAATgAAAAAAAACWAAAAAQAAAJYAAAABAAKgAgAEAAAAAQAAA02gAwAEAAAAAQAAA0kAAAAA/+0AOFBob3Rvc2hvcCAzLjAAOEJJTQQEAAAAAAAAOEJJTQQlAAAAAAAQ1B2M2Y8AsgTpgAmY7PhCfv/iAkBJQ0NfUFJPRklMRQABAQAAAjBBREJFAhAAAG1udHJSR0IgWFlaIAfQAAgACwATADMAO2Fjc3BBUFBMAAAAAG5vbmUAAAAAAAAAAAAAAAAAAAAAAAD21gABAAAAANMtQURCRQAAAAAAAAAAAAAAAAAAAAAAAAAAAAAAAAAAAAAAAAAAAAAAAAAAAAAAAAAAAAAACmNwcnQAAAD8AAAAMmRlc2MAAAEwAAAAa3d0cHQAAAGcAAAAFGJrcHQAAAGwAAAAFHJUUkMAAAHEAAAADmdUUkMAAAHUAAAADmJUUkMAAAHkAAAADnJYWVoAAAH0AAAAFGdYWVoAAAIIAAAAFGJYWVoAAAIcAAAAFHRleHQAAAAAQ29weXJpZ2h0IDIwMDAgQWRvYmUgU3lzdGVtcyBJbmNvcnBvcmF0ZWQAAABkZXNjAAAAAAAAABFBZG9iZSBSR0IgKDE5OTgpAAAAAAAAAAAAAAAAAAAAAAAAAAAAAAAAAAAAAAAAAAAAAAAAAAAAAAAAAAAAAAAAAAAAAAAAAAAAAAAAAAAAAAAAAAAAAAAAAAAAAAAAAABYWVogAAAAAAAA81EAAQAAAAEWzFhZWiAAAAAAAAAAAAAAAAAAAAAAY3VydgAAAAAAAAABAjMAAGN1cnYAAAAAAAAAAQIzAABjdXJ2AAAAAAAAAAECMwAAWFlaIAAAAAAAAJwYAABPpQAABPxYWVogAAAAAAAANI0AAKAsAAAPlVhZWiAAAAAAAAAmMQAAEC8AAL6c/8AAEQgDSQNNAwERAAIRAQMRAf/EAB8AAAEFAQEBAQEBAAAAAAAAAAABAgMEBQYHCAkKC//EALUQAAIBAwMCBAMFBQQEAAABfQECAwAEEQUSITFBBhNRYQcicRQygZGhCCNCscEVUtHwJDNicoIJChYXGBkaJSYnKCkqNDU2Nzg5OkNERUZHSElKU1RVVldYWVpjZGVmZ2hpanN0dXZ3eHl6g4SFhoeIiYqSk5SVlpeYmZqio6Slpqeoqaqys7S1tre4ubrCw8TFxsfIycrS09TV1tfY2drh4uPk5ebn6Onq8fLz9PX29/j5+v/EAB8BAAMBAQEBAQEBAQEAAAAAAAABAgMEBQYHCAkKC//EALURAAIBAgQEAwQHBQQEAAECdwABAgMRBAUhMQYSQVEHYXETIjKBCBRCkaGxwQkjM1LwFWJy0QoWJDThJfEXGBkaJicoKSo1Njc4OTpDREVGR0hJSlNUVVZXWFlaY2RlZmdoaWpzdHV2d3h5eoKDhIWGh4iJipKTlJWWl5iZmqKjpKWmp6ipqrKztLW2t7i5usLDxMXGx8jJytLT1NXW19jZ2uLj5OXm5+jp6vLz9PX29/j5+v/bAEMAAQEBAQEBAQEBAQEBAQEBAQEBAQEBAQEBAQEBAQEBAQEBAQEBAQEBAQEBAQEBAQEBAQEBAQEBAQEBAQEBAQEBAf/bAEMBAQEBAQEBAQEBAQEBAQEBAQEBAQEBAQEBAQEBAQEBAQEBAQEBAQEBAQEBAQEBAQEBAQEBAQEBAQEBAQEBAQEBAf/dAAQAav/aAAwDAQACEQMRAD8A/v4oAKACgAoAKACgAoAKACgAoAKACgAoAKACgAoAKACgAoAKACgAoAKACgAoAKACgAoAKACgAoAKACgAoAKACgAoAKACgAoAKACgAoAKACgAoAKACgAoAKACgAoAKACgAoAKACgAoAKACgAoAKACgAoAKACgAoAKACgAoAKACgAoAKACgAoAKACgAoAKACgAoAKACgAoAKACgAoAKACgAoAKACgAoAKACgAoAKACgAoAKACgAoAKACgAoA//0P7+KACgAoAKACgAoAKACgAoAKACgAoAKACgAoAKACgAoAKACgAoAKACgAoAKACgAoAKACgAoAKACgAoAKACgAoAKACgAoAKACgAoAKACgAoAKACgAoAKACgAoAKACgAoAKACgAoAKACgAoAKACgAoAKACgAoAKACgAoAKACgAoAKACgAoAKACgAoAKACgAoAKACgAoAKACgAoAKACgAoAKACgAoAKACgAoAKACgAoAKACgAoAKACgAoAKAP/9H+/igAoAKACgAoAKACgAoAKACgAoAKACgAoAKACgAoAKACgAoAKACgAoAKACgAoAKACgAoAKACgAoAKACgAoAKACgAoAKACgAoAKACgAoAKACgAoAKACgAoAKACgAoAKACgAoAKACgAoAKACgAoAKACgAoAKACgAoAKACgAoAKACgAoAKACgAoAKACgAoAKACgAoAKACgAoAKACgAoAKACgAoAKACgAoAKACgAoAKACgAoAKACgAoAKACgD//S/v4oAKACgAoAKACgAoAKACgAoAKACgAoAKACgAoAKACgAoAKACgAoAKACgAoAKACgAoAKACgAoAKACgAoAKACgAoAKACgAoAKACgAoAKACgAoAKACgAoAKACgAoAKACgAoAKACgAoAKACgAoAKACgAoAKACgAoAKACgAoAKACgAoAKACgAoAKACgAoAKACgAoAKACgAoAKACgAoAKACgAoAKACgAoAKACgAoAKACgAoAKACgAoAKACgAoA//0/7+KACgAoAKACgAoAKACgAoAKACgAoA+Wv2yv2yPgV+wV8AvE/7S/7R+u6z4b+E3g/U/DGk69q+g+HNW8V6la3Pi3X7Hw5pTR6JokFzqVzCNQ1GBrp7eCV4bdZZBHI6ojAH4t/8RZP/AARQ/wCi+/Ev/wAR8+MX/wAylAB/xFk/8EUP+i+/Ev8A8R8+MX/zKUAH/EWT/wAEUP8AovvxL/8AEfPjF/8AMpQAf8RZP/BFD/ovvxL/APEfPjF/8ylAB/xFk/8ABFD/AKL78S//ABHz4xf/ADKUAH/EWT/wRQ/6L78S/wDxHz4xf/MpQAf8RZP/AARQ/wCi+/Ev/wAR8+MX/wAylAB/xFk/8EUP+i+/Ev8A8R8+MX/zKUAH/EWT/wAEUP8AovvxL/8AEfPjF/8AMpQAf8RZP/BFD/ovvxL/APEfPjF/8ylAB/xFk/8ABFD/AKL78S//ABHz4xf/ADKUAH/EWT/wRQ/6L78S/wDxHz4xf/MpQAf8RZP/AARQ/wCi+/Ev/wAR8+MX/wAylAB/xFk/8EUP+i+/Ev8A8R8+MX/zKUAH/EWT/wAEUP8AovvxL/8AEfPjF/8AMpQAf8RZP/BFD/ovvxL/APEfPjF/8ylAB/xFk/8ABFD/AKL78S//ABHz4xf/ADKUAH/EWT/wRQ/6L78S/wDxHz4xf/MpQAf8RZP/AARQ/wCi+/Ev/wAR8+MX/wAylAB/xFk/8EUP+i+/Ev8A8R8+MX/zKUAH/EWT/wAEUP8AovvxL/8AEfPjF/8AMpQAf8RZP/BFD/ovvxL/APEfPjF/8ylAB/xFk/8ABFD/AKL78S//ABHz4xf/ADKUAH/EWT/wRQ/6L78S/wDxHz4xf/MpQAf8RZP/AARQ/wCi+/Ev/wAR8+MX/wAylAB/xFk/8EUP+i+/Ev8A8R8+MX/zKUAH/EWT/wAEUP8AovvxL/8AEfPjF/8AMpQAf8RZP/BFD/ovvxL/APEfPjF/8ylAB/xFk/8ABFD/AKL78S//ABHz4xf/ADKUAH/EWT/wRQ/6L78S/wDxHz4xf/MpQAf8RZP/AARQ/wCi+/Ev/wAR8+MX/wAylAB/xFk/8EUP+i+/Ev8A8R8+MX/zKUAH/EWT/wAEUP8AovvxL/8AEfPjF/8AMpQAf8RZP/BFD/ovvxL/APEfPjF/8ylAB/xFk/8ABFD/AKL78S//ABHz4xf/ADKUAH/EWT/wRQ/6L78S/wDxHz4xf/MpQAf8RZP/AARQ/wCi+/Ev/wAR8+MX/wAylAEcv/B2Z/wRTjQunx3+KFwwIxFF+z78XA7ZOCQbjw1bxfKOTmUHHQMeKACL/g7M/wCCKUkau/x4+J8DNnMUv7PvxdMiYJA3GDwzPFyBuGyV+CM7WyqgEn/EWT/wRQ/6L78S/wDxHz4xf/MpQAf8RZP/AARQ/wCi+/Ev/wAR8+MX/wAylAB/xFk/8EUP+i+/Ev8A8R8+MX/zKUAH/EWT/wAEUP8AovvxL/8AEfPjF/8AMpQAf8RZP/BFD/ovvxL/APEfPjF/8ylAB/xFk/8ABFD/AKL78S//ABHz4xf/ADKUAH/EWT/wRQ/6L78S/wDxHz4xf/MpQAf8RZP/AARQ/wCi+/Ev/wAR8+MX/wAylAB/xFk/8EUP+i+/Ev8A8R8+MX/zKUAH/EWT/wAEUP8AovvxL/8AEfPjF/8AMpQAf8RZP/BFD/ovvxL/APEfPjF/8ylAB/xFk/8ABFD/AKL78S//ABHz4xf/ADKUAH/EWT/wRQ/6L78S/wDxHz4xf/MpQAf8RZP/AARQ/wCi+/Ev/wAR8+MX/wAylAB/xFk/8EUP+i+/Ev8A8R8+MX/zKUAH/EWT/wAEUP8AovvxL/8AEfPjF/8AMpQAf8RZP/BFD/ovvxL/APEfPjF/8ylAB/xFk/8ABFD/AKL78S//ABHz4xf/ADKUAH/EWT/wRQ/6L78S/wDxHz4xf/MpQAf8RZP/AARQ/wCi+/Ev/wAR8+MX/wAylAB/xFk/8EUP+i+/Ev8A8R8+MX/zKUAH/EWT/wAEUP8AovvxL/8AEfPjF/8AMpQB96fsG/8ABar/AIJy/wDBSXxv4l+GP7Knx3/4Sf4l+FtG/wCElvPAHi/wd4w+HPijU/DiSrBd654YsfGmi6RH4qsdKneKLW18P3F/eaGtxaXGr2lnZ31lc3AB+qtABQAUAFABQAUAFABQAUAFABQAUAFABQAUAFABQAUAFABQAUAFABQAUAFABQAUAFABQAUAFAH/1P7+KACgAoAKACgAoAKACgAoAKACgAoA/nM/4Osv+UKn7Rn/AGOvwM/9Wz4XoA6T/gi3+wb+w38Q/wDglL+wV438f/sY/soeOfGnif8AZx8Cav4l8X+MP2dvhB4m8UeIdVurWVrnU9c1/WvB97q2rahcMAZ72/u7i5lIzJK38IB+nn/Dtr/gnZ/0YP8AsWf+ItfAz/5haAD/AIdtf8E7P+jB/wBiz/xFr4Gf/MLQAf8ADtr/AIJ2f9GD/sWf+ItfAz/5haAD/h21/wAE7P8Aowf9iz/xFr4Gf/MLQAf8O2v+Cdn/AEYP+xZ/4i18DP8A5haAD/h21/wTs/6MH/Ys/wDEWvgZ/wDMLQAf8O2v+Cdn/Rg/7Fn/AIi18DP/AJhaAD/h21/wTs/6MH/Ys/8AEWvgZ/8AMLQAf8O2v+Cdn/Rg/wCxZ/4i18DP/mFoAP8Ah21/wTs/6MH/AGLP/EWvgZ/8wtAB/wAO2v8AgnZ/0YP+xZ/4i18DP/mFoAP+HbX/AATs/wCjB/2LP/EWvgZ/8wtAB/w7a/4J2f8ARg/7Fn/iLXwM/wDmFoAP+HbX/BOz/owf9iz/AMRa+Bn/AMwtAB/w7a/4J2f9GD/sWf8AiLXwM/8AmFoAP+HbX/BOz/owf9iz/wARa+Bn/wAwtAB/w7a/4J2f9GD/ALFn/iLXwM/+YWgA/wCHbX/BOz/owf8AYs/8Ra+Bn/zC0AH/AA7a/wCCdn/Rg/7Fn/iLXwM/+YWgA/4dtf8ABOz/AKMH/Ys/8Ra+Bn/zC0AH/Dtr/gnZ/wBGD/sWf+ItfAz/AOYWgA/4dtf8E7P+jB/2LP8AxFr4Gf8AzC0AH/Dtr/gnZ/0YP+xZ/wCItfAz/wCYWgA/4dtf8E7P+jB/2LP/ABFr4Gf/ADC0AH/Dtr/gnZ/0YP8AsWf+ItfAz/5haAD/AIdtf8E7P+jB/wBiz/xFr4Gf/MLQAf8ADtr/AIJ2f9GD/sWf+ItfAz/5haAD/h21/wAE7P8Aowf9iz/xFr4Gf/MLQAf8O2v+Cdn/AEYP+xZ/4i18DP8A5haAD/h21/wTs/6MH/Ys/wDEWvgZ/wDMLQAf8O2v+Cdn/Rg/7Fn/AIi18DP/AJhaAD/h21/wTs/6MH/Ys/8AEWvgZ/8AMLQAf8O2v+Cdn/Rg/wCxZ/4i18DP/mFoAP8Ah21/wTs/6MH/AGLP/EWvgZ/8wtAB/wAO2v8AgnZ/0YP+xZ/4i18DP/mFoAP+HbX/AATs/wCjB/2LP/EWvgZ/8wtAH8/H/Bz3+xb+x18Gf+CPXx48ffB/9k39mj4U+O9M8ffAe103xr8NvgR8LfA3i3T7bU/i94TsNSt7HxH4X8K6XrFpBqFjPPZX0MF5HHd2k0ttcLJDI6MAeq/8G6H7EH7FvxZ/4Iy/sV/EL4qfshfsvfEzx94i0j40yeIPHHxA+APwo8ZeL9dk079pH4xaRp76x4l8R+E9S1rU3sdJ0+w0uza9vZzbadZWllB5dtbQxIAftl/w7a/4J2f9GD/sWf8AiLXwM/8AmFoAP+HbX/BOz/owf9iz/wARa+Bn/wAwtAB/w7a/4J2f9GD/ALFn/iLXwM/+YWgA/wCHbX/BOz/owf8AYs/8Ra+Bn/zC0AH/AA7a/wCCdn/Rg/7Fn/iLXwM/+YWgA/4dtf8ABOz/AKMH/Ys/8Ra+Bn/zC0AH/Dtr/gnZ/wBGD/sWf+ItfAz/AOYWgA/4dtf8E7P+jB/2LP8AxFr4Gf8AzC0AH/Dtr/gnZ/0YP+xZ/wCItfAz/wCYWgA/4dtf8E7P+jB/2LP/ABFr4Gf/ADC0AH/Dtr/gnZ/0YP8AsWf+ItfAz/5haAD/AIdtf8E7P+jB/wBiz/xFr4Gf/MLQAf8ADtr/AIJ2f9GD/sWf+ItfAz/5haAD/h21/wAE7P8Aowf9iz/xFr4Gf/MLQAf8O2v+Cdn/AEYP+xZ/4i18DP8A5haAD/h21/wTs/6MH/Ys/wDEWvgZ/wDMLQAf8O2v+Cdn/Rg/7Fn/AIi18DP/AJhaAD/h21/wTs/6MH/Ys/8AEWvgZ/8AMLQAf8O2v+Cdn/Rg/wCxZ/4i18DP/mFoAP8Ah21/wTs/6MH/AGLP/EWvgZ/8wtAB/wAO2v8AgnZ/0YP+xZ/4i18DP/mFoA8z+Mn/AASF/wCCZfxw+F3jj4TeKf2Hf2YfD+hePNAvNBvfEHw4+B/ww+HPj3QTchWtdb8H+OPCPhTTPEPhrxBpN3HBf6ZqWn3a7Lm3SK8gvbCW6spwD/L8/wCCmP8AwTO/bI/4IG/tkeCvHngPxr4vtvBVt4vk8Y/snftY+DopNJk1CTSZHuR4a8Sm3SXTtD+I+h6dM2n+MfB2oLPonivRLi6vLK21Twrqt7ZW4B/f9/wQa/4Ly/DD/gq98MIvhr8SpfD/AMN/24Phv4fiuPiN8OLeVbHRfihotgsNtcfFn4TW9zK8txo9xK8TeLvCKzXOp+BdTukSRrzw9e6Rq90Af0SUAFABQAUAFABQAUAFABQAUAFABQAUAFABQAUAFABQAUAFABQAUAFABQAUAFABQAUAFABQB//V/v4oAKACgAoAKACgAoAKACgAoAKACgD+cz/g6y/5QqftGf8AY6/Az/1bPhegD7T/AOCFf/KH3/gnd/2bD8Pf/SSWgD9YKACgAoAKACgAoAKACgAoAKACgAoAKACgAoAKACgAoAKACgAoAKACgAoAKACgAoAKACgAoAKACgAoAKACgAoA/m8/4OxP+UJv7Q3/AGUX9nn/ANXT4OoA9f8A+DZD/lBt+wl/2Bfjr/61D8bqAP3koAKACgAoAKACgAoAKACgAoAKACgAoAKACgAoAKACgAoAKACgAoA+b/2tP2S/gL+2/wDAbx1+zd+0j4F0/wAf/C3x9p5ttQ0+5CwaroeqwK7aP4u8I6ysb3fhvxh4bu3F/oOvWG25s7hWilW4sLm9tJwD/Ju/4KY/8Ezv2yP+CBv7ZHgrx54D8a+MLbwVbeMJfGP7J37WPg6N9Kl1CXSZGuR4a8Stbxy6dofxH0PTpmsPGPg6/WfRPFmhz3V7Z2uqeFtVvbK1AP7/AH/gg1/wXl+GH/BV74YRfDX4lS+H/hv+3B8N/D8Vx8RvhxbyrY6L8UNFsFhtrj4s/Ca3uZXluNHuJXibxd4RWa51PwLqd0iSNeeHr3SNXugD+iSgAoAKACgAoAKACgAoAKACgAoAKACgAoAKACgAoAKACgAoAKACgAoAKACgAoAKACgAoA//1v7+KACgAoAKACgAoAKACgAoAKACgAoA/nM/4Osv+UKn7Rn/AGOvwM/9Wz4XoA+0/wDghX/yh9/4J3f9mw/D3/0kloA/WCgAoAKACgAoAKACgAoAKACgAoAKACgAoAKACgAoAKACgAoAKACgAoAKACgAoAKACgAoAKACgAoAKACgAoAKAP5vP+DsT/lCb+0N/wBlF/Z5/wDV0+DqAPX/APg2Q/5QbfsJf9gX46/+tQ/G6gD95KACgAoAKACgAoAKACgAoAKACgAoAKACgAoAKACgAoAKACgAoAKACgD5v/az/ZM+A37b3wG8dfs3ftI+BdP8f/C3x/p5ttQ0+5xBquh6rArto/i3wlrKxyXfhvxh4bu3F/oOvWBW4s7lWilE9jc3tncAH+Td/wAFMf8Agmd+2R/wQN/bI8FePPAfjXxhbeCrbxhL4x/ZO/ax8HRvpUuoS6TI1yPDXiVreOXTtD+I+h6dM1h4x8HX6z6J4s0Oe6vbO11Twtqt7ZWoB/f7/wAEGv8AgvL8MP8Agq98MIvhr8SpfD/w3/bg+G/h+K4+I3w4t5VsdF+KGi2Cw21x8WfhNb3Mry3Gj3ErxN4u8IrNc6n4F1O6RJGvPD17pGr3QB/RJQAUAFABQAUAFABQAUAFABQAUAFABQAUAFABQAUAFABQAUAFABQAUAFABQAUAFABQB//1/7+KACgAoAKACgAoAKACgAoAKACgAoA/nM/4Osv+UKn7Rn/AGOvwM/9Wz4XoA+0/wDghX/yh9/4J3f9mw/D3/0kloA/WCgAoAKACgAoAKACgAoAKACgAoAKACgAoAKACgAoAKACgAoAKACgAoAKACgAoAKACgAoAKACgAoAKACgAoAKAP5vP+DsT/lCb+0N/wBlF/Z5/wDV0+DqAPX/APg2Q/5QbfsJf9gX46/+tQ/G6gD95KACgAoAKACgAoAKACgAoAKACgAoAKACgAoAKACgAoAKACgAoAKACgAoA+b/ANrP9kz4DftvfAbx1+zd+0j4F0/x/wDC3x/p5ttQ0+5xBquh6rArto/i3wlrKxyXfhvxh4bu3F/oOvWBW4s7lWilE9jc3tncAH+Td/wUx/4Jnftkf8EDf2yPBXjzwH418YW3gq28YS+Mf2Tv2sfB0b6VLqEukyNcjw14la3jl07Q/iPoenTNYeMfB1+s+ieLNDnur2ztdU8Lare2VqAf3+/8EGv+C8vww/4KvfDCL4a/EqXw/wDDf9uD4b+H4rj4jfDi3lWx0X4oaLYLDbXHxZ+E1vcyvLcaPcSvE3i7wis1zqfgXU7pEka88PXukavdAH9ElABQAUAFABQAUAFABQAUAFABQAUAFABQAUAFABQAUAFABQAUAFABQAUAFABQAUAf/9D+/igAoAKACgD/ADRPAn/BbX/g5J/ax/4KXeNf2ZP2bryx8K+OIPij400N/wBlrxD8CfhFH4B+DfhXwlq99BqFv8UfG/irwK3xA0bR/DFlbxrr/i/VvHdrqes6pLBYeH/Nu9Y0Hw9OAf05eG/+Cw/7dH7Fsljo/wDwWh/4J7eJfhB8P1kgtr39uL9jh9R+PP7MumRuEjbWvib4M0O98W/Eb4R6KkiSh7/Ur/XdVv7qVI7DwfBZqt0wB++nwW+OXwc/aN+HWgfFz4C/E7wP8X/hn4og8/Q/G/w+8R6Z4n8P3pVUNxaG+0u4uEtdUsGkEGqaRei21XSbsSWWp2VpeRSQKAeq0AFABQAUAFAH85n/AAdZf8oVP2jP+x1+Bn/q2fC9AH2n/wAEK/8AlD7/AME7v+zYfh7/AOkktAH6wUAFABQAUAFABQAUAFABQAUAFABQAUAFABQAUAFABQAUAFABQAUAFABQAUAFABQAUAFABQAUAFABQAUAFABQB/N5/wAHYn/KE39ob/sov7PP/q6fB1AHr/8AwbIf8oNv2Ev+wL8df/WofjdQB+8lABQAUAFABQAUAFABQAUAFABQAUAFABQAUAFABQAUAFABQAUAFABQAUAFAHzf+1n+yZ8Bv23vgN46/Zu/aR8C6f4/+Fvj/Tzbahp9ziDVdD1WBXbR/FvhLWVjku/DfjDw3duL/QdesCtxZ3KtFKJ7G5vbO4AP8m7/AIKY/wDBM79sj/ggb+2R4K8eeA/GvjC28FW3jCXxj+yd+1j4OjfSpdQl0mRrkeGvErW8cunaH8R9D06ZrDxj4Ov1n0TxZoc91e2drqnhbVb2ytQD+/3/AIINf8F5fhh/wVe+GEXw1+JUvh/4b/twfDfw/FcfEb4cW8q2Oi/FDRbBYba4+LPwmt7mV5bjR7iV4m8XeEVmudT8C6ndIkjXnh690jV7oA/okoAKACgAoAKACgAoAKACgAoAKACgAoAKACgAoAKACgAoAKACgAoAKACgAoAKAP/R/v4oAKACgAoA/kq/ae/4O+v+CXnwF8Q+LdH+Cfw7+Of7Sfj2C8k0vVNZ8M+ALD4SeDtRv9AefT0s9c8VfE+40H4gA2EoltbRh8MdWjgi8/yzCmxLgA/Cf9oH/g9b/bL8brqWl/s+/slfs5/B/QdQiuLRpPijq3jj47eIo7SdHiPlXOnX3wh8LtLJGxWaLUvB+r2To0kL20gIdgD8A/gB/wAFUP8AgoP8Jv2sPEX7SH7JXiSH4TfE34iavbat4z+Ef7O/wq0Lwx8EfH5tnAls/EX7PHg7RR4A1qK6WWZZdQbw62v2t1e3WraZrFjrs7anQB/o4f8ABJD/AIOEfhh+3XrHhz9mr9rH4d6n+xj+3Zd6fA2n/C3x5puv+FvA3xsYQhpNT+DGo+M4bTVoNXu9j3n/AArLxJJceIorVwfDOueO7ex1i+00A/o5oAKACgAoA/nM/wCDrL/lCp+0Z/2OvwM/9Wz4XoA+0/8AghX/AMoff+Cd3/ZsPw9/9JJaAP1goAKACgAoAKACgAoAKACgAoAKACgAoAKACgAoAKACgAoAKACgAoAKACgAoAKACgAoAKACgAoAKACgAoAKACgD+bz/AIOxP+UJv7Q3/ZRf2ef/AFdPg6gD1/8A4NkP+UG37CX/AGBfjr/61D8bqAP3koAKACgAoAKACgAoAKACgAoAKACgAoAKACgAoAKACgAoAKACgAoAKACgAoAKAPnD9rP9kz4C/tvfAbx1+zd+0j4E0/x/8LfH+nm21DT7nEGq6JqsAdtH8W+EtZSOS78N+MPDl24v9B16wK3NncK0Ugnsbm9s7gA/ybf+CmX/AATO/bI/4IG/tkeCvHvgLxr4wtvBNt4wk8Y/snftY+Do30qW/l0l3uR4Z8TG3ik07Q/iPoenStYeMPB9+J9D8WaHPdXtla6p4W1W9srcA/v9/wCCDX/BeX4Yf8FXvhhF8NfiVL4f+G/7cHw38PxXHxG+HFvKtjovxQ0WwWG2uPiz8Jre5leW40e4leJvF3hFZrnU/Aup3SJI154evdI1e6AP6JKACgAoAKACgAoAKACgAoAKACgAoAKACgAoAKACgAoAKACgAoAKACgAoAKAP//S/v4oAKACgAoA/g5/Z5/4NI/CX7RP7Vf7c3xp/bZ8XfFr4T/CWX9tT48w/s8/Cn4XS+DNE1n4jfBq78Y3Xivwb8S9V8aarp/jaLS/C/iHT/EkGgWPhuw8PaX4hil8O6xczarpyXGnGgD+hz4Cf8G7n/BG39nmOxk8M/sOfC/x7q9n5bza58dp/EXx2uNRuY8Yu7rRviprHinwhbyMVBMGk+GdLsAw3JZqzM9AH63fD/4WfDH4TaLH4b+Ffw58B/DPw7EsaxaD8P8Awh4f8GaLGsQ2xLHpfhzTtNsUWNSVjCwgIDheCaAPzx/4LF/s/wD7H/xq/YK+P/iP9sTT9O0jwj8E/hp4x+K3hD4x2NvDbfE74I+OPC+kvqvhjxt8I/EsBt9d0nxr/wAJFYaLZado2kX9vH42upbXwlqdrqVlqj2UoB+eP/BsX/wVh8ef8FLf2OPFngr49avJ4j/aU/ZM1fwn4G8feM5ypv8A4leAvF2m6vP8LviFrz5Uy+ML5fCni3w14uuFjb+1dR8Lw+KLmc33iW6t7cA/pYoAKACgD+cz/g6y/wCUKn7Rn/Y6/Az/ANWz4XoA+0/+CFf/ACh9/wCCd3/ZsPw9/wDSSWgD9YKACgAoAKACgAoAKACgAoAKACgAoAKACgAoAKACgAoAKACgAoAKACgAoAKACgAoAKACgAoAKACgAoAKACgAoA/m8/4OxP8AlCb+0N/2UX9nn/1dPg6gD1//AINkP+UG37CX/YF+Ov8A61D8bqAP3koAKACgAoAKACgAoAKACgAoAKACgAoAKACgAoAKACgAoAKACgAoAKACgAoAKACgD5w/az/ZM+A37b3wG8dfs3ftI+BdP8f/AAt8f6ebbUdOuQINV0TVYA7aP4t8Jawsb3fhzxh4cu2F/oOvWBW5srlWjkW5sbm9s7gA/wAm3/gpl/wTO/bI/wCCBv7ZHgrx74C8a+MLbwTbeMJPGP7J37WPg6N9Klv5dJd7keGfExt4pNO0P4j6Hp0rWHjDwffifQ/Fmhz3V7ZWuqeFtVvbK3AP7/f+CDX/AAXl+GH/AAVe+GEXw1+JUvh/4b/twfDfw/FcfEb4cW8q2Oi/FDRbBYba4+LPwmt7mV5bjR7iV4m8XeEVmudT8C6ndIkjXnh690jV7oA/okoAKACgAoAKACgAoAKACgAoAKACgAoAKACgAoAKACgAoAKACgAoAKACgD//0/7+KACgAoAKACgAoAKAPjT/AIKE/saeFP8AgoP+xn8e/wBjrxp4n1PwVonxu8J2WjR+MdIs/wC0r3wr4h8PeJdC8beDvEQ0k32lrrdpo3i/wxoWoajoT6npseuadb3WkSX9kl41wgB+c3/BDX/gh14R/wCCNPgn43Rt8a7349/Fb4/ap4Mbxh4vXwavgDw1o3hj4dp4n/4RLw34c8Mv4j8W3v2j7X4y8Qahr+uXuuE6pJLpdpb6Xp0WkGa/AP3koAKACgD+cz/g6y/5QqftGf8AY6/Az/1bPhegD7T/AOCFf/KH3/gnd/2bD8Pf/SSWgD9YKACgAoAKACgAoAKACgAoAKACgAoAKACgAoAKACgAoAKACgAoAKACgAoAKACgAoAKACgAoAKACgAoAKACgAoA/m8/4OxP+UJv7Q3/AGUX9nn/ANXT4OoA9f8A+DZD/lBt+wl/2Bfjr/61D8bqAP3koAKACgAoAKACgAoAKACgAoAKACgAoAKACgAoAKACgAoAKACgAoAKACgAoAKACgAoA+cP2s/2TPgN+298BvHX7N37SPgXT/H/AMLfH+nm21HTrkCDVdE1WAO2j+LfCWsLG934c8YeHLthf6Dr1gVubK5Vo5FubG5vbO4AP8m3/gpl/wAEzv2yP+CBv7ZHgrx74C8a+MLbwTbeMJPGP7J37WPg6N9Klv5dJd7keGfExt4pNO0P4j6Hp0rWHjDwffifQ/Fmhz3V7ZWuqeFtVvbK3AP7/f8Agg1/wXl+GH/BV74YRfDX4lS+H/hv+3B8N/D8Vx8RvhxbyrY6L8UNFsFhtrj4s/Ca3uZXluNHuJXibxd4RWa51PwLqd0iSNeeHr3SNXugD+iSgAoAKACgAoAKACgAoAKACgAoAKACgAoAKACgAoAKACgAoAKACgAoA//U/v4oAKACgAoAKACgAoAKACgAoAKACgD+cz/g6y/5QqftGf8AY6/Az/1bPhegD7T/AOCFf/KH3/gnd/2bD8Pf/SSWgD9YKACgAoAKACgAoAKACgAoAKACgAoAKACgAoAKACgAoAKACgAoAKACgAoAKACgAoAKACgAoAKACgAoAKACgAoA/m8/4OxP+UJv7Q3/AGUX9nn/ANXT4OoA9f8A+DZD/lBt+wl/2Bfjr/61D8bqAP3koAKACgAoAKACgAoAKACgAoAKACgAoAKACgAoAKACgAoAKACgAoAKACgAoAKACgAoAKAPnD9rP9kz4DftvfAbx1+zd+0j4F0/x/8AC3x/p5ttR065Ag1XRNVgDto/i3wlrCxvd+HPGHhy7YX+g69YFbmyuVaORbmxub2zuAD/ACbf+CmX/BM79sj/AIIG/tkeCvHvgLxr4wtvBNt4wk8Y/snftY+Do30qW/l0l3uR4Z8TG3ik07Q/iPoenStYeMPB9+J9D8WaHPdXtla6p4W1W9srcA/v9/4INf8ABeX4Yf8ABV74YRfDX4lS+H/hv+3B8N/D8Vx8RvhxbyrY6L8UNFsFhtrj4s/Ca3uZXluNHuJXibxd4RWa51PwLqd0iSNeeHr3SNXugD+iSgAoAKACgAoAKACgAoAKACgAoAKACgAoAKACgAoAKACgAoAKACgD/9X+/igAoAKACgAoAKACgAoAKACgAoAKAP5zP+DrL/lCp+0Z/wBjr8DP/Vs+F6APtP8A4IV/8off+Cd3/ZsPw9/9JJaAP1goAKACgAoAKACgAoAKACgAoAKACgAoAKACgAoAKACgAoAKACgAoAKACgAoAKACgAoAKACgAoAKACgAoAKACgD+bz/g7E/5Qm/tDf8AZRf2ef8A1dPg6gD1/wD4NkP+UG37CX/YF+Ov/rUPxuoA/eSgAoAKACgAoAKACgAoAKACgAoAKACgAoAKACgAoAKACgAoAKACgAoAKACgAoAKACgAoAKAPnD9rP8AZM+A37b3wG8dfs3ftI+BdP8AH/wt8f6ebbUdOuQINV0TVYA7aP4t8Jawsb3fhzxh4cu2F/oOvWBW5srlWjkW5sbm9s7gA/ybv+CmX/BM39sj/ggb+2R4K8e+AvGvjC28E23jCTxh+yd+1j4PjfSZb+XSXe5HhnxM1skunaH8SND06VrDxh4Pv0n0Pxboc91e2NtqnhbVb+wtQD+/z/gg1/wXl+GH/BV74YRfDX4lS+H/AIb/ALcHw38PxXHxG+HFvKtjovxQ0WwWG2uPiz8Jre5leW40e4leJvF3hFZrnU/Aup3SJI154evdI1e6AP6JKACgAoAKACgAoAKACgAoAKACgAoAKACgAoAKACgAoAKACgAoA//W/v4oAKACgAoAKACgAoAKACgAoAKACgD+cz/g6y/5QqftGf8AY6/Az/1bPhegD7T/AOCFf/KH3/gnd/2bD8Pf/SSWgD9YKACgAoAKACgAoAKACgAoAKACgAoAKACgAoAKACgAoAKACgAoAKACgAoAKACgAoAKACgAoAKACgAoAKACgAoA/m8/4OxP+UJv7Q3/AGUX9nn/ANXT4OoA9f8A+DZD/lBt+wl/2Bfjr/61D8bqAP3koAKACgAoAKACgAoAKACgAoAKACgAoAKACgAoAKACgAoAKACgAoAKACgAoAKACgAoAKACgAoA+cP2s/2TPgN+278BvHf7N37SPgTT/H/wt8f6ebbUdOuQINU0TVIA7aP4t8JawiNd+HPGHhu7cahoOvaeVubK5UxyLcWU95aXAB/k3f8ABTL/AIJm/tkf8EDf2yPBXj3wF418YW3gm28YSeMP2Tv2sfB8b6TLfy6S73I8M+Jmtkl07Q/iRoenStYeMPB9+k+h+LdDnur2xttU8Larf2FqAf3+f8EGv+C8vww/4KvfDCL4a/EqXw/8N/24Phv4fiuPiN8OLeVbHRfihotgsNtcfFn4TW9zK8txo9xK8TeLvCKzXOp+BdTukSRrzw9e6Rq90Af0SUAFABQAUAFABQAUAFABQAUAFABQAUAFABQAUAFABQAUAFAH/9f+/igAoAKACgAoAKACgAoAKACgAoAKAP5zP+DrL/lCp+0Z/wBjr8DP/Vs+F6APtP8A4IV/8off+Cd3/ZsPw9/9JJaAP1goAKACgAoAKACgAoAKACgAoAKACgAoAKACgAoAKACgAoAKACgAoAKACgAoAKACgAoAKACgAoAKACgAoAKACgD+bz/g7E/5Qm/tDf8AZRf2ef8A1dPg6gD1/wD4NkP+UG37CX/YF+Ov/rUPxuoA/eSgAoAKACgAoAKACgAoAKACgAoAKACgAoAKACgAoAKACgAoAKACgAoAKACgAoAKACgAoAKACgAoA+cP2s/2TPgN+278BvHf7N37SPgTT/H/AMLfH+nm21HTrkCDVNE1SAO2j+LfCWsIjXfhzxh4bu3GoaDr2nlbmyuVMci3FlPeWlwAf5N3/BTL/gmb+2R/wQN/bI8FePfAXjXxhbeCbbxhJ4w/ZO/ax8HxvpMt/LpLvcjwz4ma2SXTtD+JGh6dK1h4w8H36T6H4t0Oe6vbG21Twtqt/YWoB/f5/wAEGv8AgvL8MP8Agq98MIvhr8SpfD/w3/bg+G/h+K4+I3w4t5VsdF+KGi2Cw21x8WfhNb3Mry3Gj3ErxN4u8IrNc6n4F1O6RJGvPD17pGr3QB/RJQAUAFABQAUAFABQAUAFABQAUAFABQAUAFABQAUAFABQB//Q/v4oAKACgAoACccngDkk9qAKOn6npurQNc6XqFjqVsk0tu1xp93BeQLPA2yaBpbeSSMTQuCksZbfG3yuqkYoAvUAFABQAUAFABQB/OZ/wdZf8oVP2jP+x1+Bn/q2fC9AH2n/AMEK/wDlD7/wTu/7Nh+Hv/pJLQB+sFABQAUAFABQAUAFABQAUAFABQAUAFABQAUAFABQAUAFABQAUAFABQAUAFABQAUAFABQAUAFABQAUAFABQAUAfzef8HYn/KE39ob/sov7PP/AKunwdQB6/8A8GyH/KDb9hL/ALAvx1/9ah+N1AH7yUAFABQAUAFABQAUAFABQAUAFABQAUAFABQAUAFABQAUAFABQAUAFABQAUAFABQAUAFABQAUAFABQB84ftZ/smfAb9t34DeO/wBm79pHwJp/j/4W+P8ATzbajp1yBBqmiapAHbR/FvhLWERrvw54w8N3bjUNB17TytzZXKmORbiynvLS4AP8m7/gpl/wTN/bI/4IG/tkeCvHvgLxr4wtvBNt4wk8YfsnftY+D430mW/l0l3uR4Z8TNbJLp2h/EjQ9Olaw8YeD79J9D8W6HPdXtjbap4W1W/sLUA/v8/4INf8F5fhh/wVe+GEXw1+JUvh/wCG/wC3B8N/D8Vx8RvhxbyrY6L8UNFsFhtrj4s/Ca3uZXluNHuJXibxd4RWa51PwLqd0iSNeeHr3SNXugD+iSgAoAKACgAoAKACgAoAKACgAoAKACgAoAKACgAoAKAP/9H+/igAoAKAMvXNc0fwzomseJPEWp2OieH/AA9peoa5rus6ncxWWm6Ro+k2k1/qep6heTskFpY2Flbz3d3czOkUFvFJLIyohNAH+bD8Vv8AgpZ8Yf8Ag4n/AOCxPwK/YI8L/Efx98L/APgm94l+LuvaLD8MvAms6r4M1P4y/Cf4W+HPFfxC8d+Ovihe2L2mpalrnxF8HeCdXj8N+HdXE2g/Diw1HSY7TRZ/FNtrmva4AfXv/Bw1+xp4Z/4Ikwfsj/8ABQX/AIJO3XiP9i7xBP8AExPgR8T/AA38L/E/iSTwJ47u4/Cmr+Ovh3e+LfCXiLVdb0TxOk2neB/GuleMdH8S22saL4ygk0291bTZNUtb2/1AA/qC/wCCK3/BUnwp/wAFYf2LPDPx3jsNK8LfGTwdqR+G37Qvw/0udms/DXxM0nT7O8fWtBt7mabUI/BPjvSru08UeFWu3umsBdan4Vl1TVtS8L6nesAfrnQAUAfw1/8AB3/8ef2ifF3i79j39hz9k/TPjT4n8d23h3x5+1Z8VvDvwJ0zxzrXi2Dwouo2vwj+GOsajY/D6C51mLw8mrXHxOs7y6vol00ajcaNFvFzLAGAP4s/+FJ/8Fbv+iR/8FGP/CC/aY/+VNAH9K//AAay/sY/tweL/wDgo1dfG/8Aao0L9qzwT8L/ANmz4VeKPFWiWPxvs/i74a8PeL/ij48hf4feE9Ji0zx5HYafr66R4e1jxx4tLRRXp0jWPD/h+5eKKae1uEAP6Vv+DrL/AJQqftGf9jr8DP8A1bPhegD7T/4IV/8AKH3/AIJ3f9mw/D3/ANJJaAP1goAKACgAoAKACgAoAKACgAoAKACgAoAKACgAoAKACgAoAKACgAoAKACgAoAKACgAoAKACgAoAKACgAoAKAP8n3/grB/wWc/4Km/Bj/gpb+3P8J/hZ+3F8d/A/wAOPh3+058W/CPgjwfoPiO2ttG8NeGtE8WahZaTo2l27WEjQ2VhaRRwW8bOxWNACx5NAH5I/tAf8FXv+Cjf7VPwx1j4L/tE/tgfGX4u/CvxBe6PqOteBvGOvW9/oOpXvh/U7bWdFubm2jsoGeXTdUtLa+tiJBsnhRiDjFAH+oZ/wbIf8oNv2Ev+wL8df/WofjdQB+8lABQAUAFABQAUAFABQAUAFABQAUAFABQAUAFABQAUAFABQAUAFABQAUAFABQAUAFABQAUAFABQAUAFAHzh+1n+yZ8Bv23fgN47/Zu/aR8Caf4/wDhb4/0822o6dcgQapomqQB20fxb4S1hEa78OeMPDd241DQde08rc2VypjkW4sp7y0uAD/Jv/4KZf8ABM39sj/ggb+2R4K8feAfGvjC38EW3jCTxh+yd+1j4OjfSZr6bSXe5HhnxMbZJdO0P4kaJp0r2Hi/wffrNofi3Qp7u9sbXVfC2q39jaAH9/f/AAQa/wCC8vww/wCCr3wwi+GvxKl8P/Df9uD4b+H4rj4jfDi3lWx0X4oaLYLDbXHxZ+E1vcyvLcaPcSvE3i7wis1zqfgXU7pEka88PXukavdAH9ElABQAUAFABQAUAFABQAUAFABQAUAFABQAUAFABQB//9L+/igAoAKAPwZ/4OX/ANoTWP2d/wDgjR+1tqnhnUrrSfFHxX0zwZ8A9Iu7VijnTvi34z0bw74+s3kX5o49R+Fh8dWG5cNvuY1BGdygH8D/APwakWsVx/wW7/ZilkVWex8F/tF3UBIBKSv8APiJZFlP8LGC7mTIwdrsvRiGAP66v+Dzy1iuP+CUHwxlkVWey/be+Ed1ASoJSV/hD+0FZFlJ5VjDdzJuHO1mXoxoA/AH/gy2/aF1nwL/AMFAvjz+zrNqEyeDvj9+znfeKDpalmiuPiJ8F/FmiX3hi9Zc7IxbeCvG3xPikkA3yPcWqHKqNoB/ptUAFAH+cT8df+DjbTf2HP8AguP/AMFK/jlYfs12H7T+n3cngb9jrwFdS/GCX4YT+APA37N95qOkfEOy8P6lH8N/iLba1p/xC+LlvqnixpDa2dtAun2TWxvUvGuIgD9fv2Tv+Dyj/gnp8Z9c0fwr+0d8K/jL+yVq+sX8NkPFV/8A2V8YvhLpQuJBDFNrfivwnFovjuxj8x4/NuE+FFzp1pCZbi+v7e3heRQD+sf4ffEPwF8WfBPhn4k/C7xn4X+Inw98aaTba74R8b+Ctd03xN4V8S6NeAm21PQ9e0e6vNM1OymwyrcWlzLHvR42IkR0UA/n6/4OtXWP/gil+0YznAPjj4EID/tSfF3wpGg/F3Ufj7UAfBv/AASp/wCDjj/gkX+zF/wTm/Y4/Z9+M/7R/iLwv8VfhH8DPB/grx54etvgV8dvEFvpHiPSbeSO+sotb8PfDrU9E1NImZQLvTNQu7STrHM/O0A/QH/iKu/4Iff9HW+Kf/Ecv2jv/nWUAH/EVd/wQ+/6Ot8U/wDiOX7R3/zrKAD/AIirv+CH3/R1vin/AMRy/aO/+dZQAf8AEVd/wQ+/6Ot8U/8AiOX7R3/zrKAD/iKu/wCCH3/R1vin/wARy/aO/wDnWUAH/EVd/wAEPv8Ao63xT/4jl+0d/wDOsoAP+Iq7/gh9/wBHW+Kf/Ecv2jv/AJ1lAB/xFXf8EPv+jrfFP/iOX7R3/wA6ygA/4irv+CH3/R1vin/xHL9o7/51lAB/xFXf8EPv+jrfFP8A4jl+0d/86ygA/wCIq7/gh9/0db4p/wDEcv2jv/nWUAH/ABFXf8EPv+jrfFP/AIjl+0d/86ygA/4irv8Agh9/0db4p/8AEcv2jv8A51lAB/xFXf8ABD7/AKOt8U/+I5ftHf8AzrKAD/iKu/4Iff8AR1vin/xHL9o7/wCdZQAf8RV3/BD7/o63xT/4jl+0d/8AOsoAP+Iq7/gh9/0db4p/8Ry/aO/+dZQAf8RV3/BD7/o63xT/AOI5ftHf/OsoAP8AiKu/4Iff9HW+Kf8AxHL9o7/51lAB/wARV3/BD7/o63xT/wCI5ftHf/OsoAP+Iq7/AIIff9HW+Kf/ABHL9o7/AOdZQAf8RV3/AAQ+/wCjrfFP/iOX7R3/AM6ygA/4irv+CH3/AEdb4p/8Ry/aO/8AnWUAH/EVd/wQ+/6Ot8U/+I5ftHf/ADrKAD/iKu/4Iff9HW+Kf/Ecv2jv/nWUAH/EVd/wQ+/6Ot8U/wDiOX7R3/zrKAD/AIirv+CH3/R1vin/AMRy/aO/+dZQAf8AEVd/wQ+/6Ot8U/8AiOX7R3/zrKAD/iKu/wCCH3/R1vin/wARy/aO/wDnWUAH/EVd/wAEPv8Ao63xT/4jl+0d/wDOsoAP+Iq7/gh9/wBHW+Kf/Ecv2jv/AJ1lAB/xFXf8EPv+jrfFP/iOX7R3/wA6ygA/4irv+CH3/R1vin/xHL9o7/51lAB/xFXf8EPv+jrfFP8A4jl+0d/86ygA/wCIq7/gh9/0db4p/wDEcv2jv/nWUAf5i/8AwU5+Nfw5/aQ/4KGftnfHz4Q63P4k+F3xf/aM+KPxA8A6/c6Tq2gz6x4V8TeKL/UtG1CbRtestO1rTJLqznilay1Sws723LeXcW8UgZFAPhagD/Rw/wCCHH/BwX/wSo/Yu/4JY/spfsy/tE/tCa/4K+Mvwv0z4q23jTwxZfBP42+K7bS5vE/x2+KHjbRVi8QeFPh/rPh/UPtXhvxLo98zafqV0tu9y1pcGO7guIYgD9Yf+Iq7/gh9/wBHW+Kf/Ecv2jv/AJ1lAB/xFXf8EPv+jrfFP/iOX7R3/wA6ygA/4irv+CH3/R1vin/xHL9o7/51lAB/xFXf8EPv+jrfFP8A4jl+0d/86ygA/wCIq7/gh9/0db4p/wDEcv2jv/nWUAH/ABFXf8EPv+jrfFP/AIjl+0d/86ygA/4irv8Agh9/0db4p/8AEcv2jv8A51lAB/xFXf8ABD7/AKOt8U/+I5ftHf8AzrKAD/iKu/4Iff8AR1vin/xHL9o7/wCdZQAf8RV3/BD7/o63xT/4jl+0d/8AOsoAP+Iq7/gh9/0db4p/8Ry/aO/+dZQAf8RV3/BD7/o63xT/AOI5ftHf/OsoAP8AiKu/4Iff9HW+Kf8AxHL9o7/51lAB/wARV3/BD7/o63xT/wCI5ftHf/OsoAP+Iq7/AIIff9HW+Kf/ABHL9o7/AOdZQAf8RV3/AAQ+/wCjrfFP/iOX7R3/AM6ygA/4irv+CH3/AEdb4p/8Ry/aO/8AnWUAH/EVd/wQ+/6Ot8U/+I5ftHf/ADrKAD/iKu/4Iff9HW+Kf/Ecv2jv/nWUAH/EVd/wQ+/6Ot8U/wDiOX7R3/zrKAD/AIirv+CH3/R1vin/AMRy/aO/+dZQAf8AEVd/wQ+/6Ot8U/8AiOX7R3/zrKAD/iKu/wCCH3/R1vin/wARy/aO/wDnWUAH/EVd/wAEPv8Ao63xT/4jl+0d/wDOsoAP+Iq7/gh9/wBHW+Kf/Ecv2jv/AJ1lAB/xFXf8EPv+jrfFP/iOX7R3/wA6ygA/4irv+CH3/R1vin/xHL9o7/51lAB/xFXf8EPv+jrfFP8A4jl+0d/86ygA/wCIq7/gh9/0db4p/wDEcv2jv/nWUAH/ABFXf8EPv+jrfFP/AIjl+0d/86ygA/4irv8Agh9/0db4p/8AEcv2jv8A51lAB/xFXf8ABD7/AKOt8U/+I5ftHf8AzrKAD/iKu/4Iff8AR1vin/xHL9o7/wCdZQAf8RV3/BD7/o63xT/4jl+0d/8AOsoAP+Iq7/gh9/0db4p/8Ry/aO/+dZQB84/tZf8ABfz/AINxf23fgN47/Zu/aR+OWs+P/hb4/wBPNrqOnXX7OP7RsGqaLqkAdtH8WeEtYX4Utd+G/GHhy7ZdQ0HX9PZLmyuUMcgnsri7tLgA/wA4j4i+I/Cv7G37YLeP/wDgn5+1drvxG8O/DDxla+MvgF+0P4e8KeN/hX43s7ZZJJtNs/E/hbxz4c8PXdr4l060eTRPF1jb2OreCfE9nNdQpJeaPq17o9qAf6hH/BBr/gvL8MP+Cr3wwi+GvxKl8P8Aw3/bg+G/h+K4+I3w4t5VsdF+KGi2Cw21x8WfhNb3Mry3Gj3ErxN4u8IrNc6n4F1O6RJGvPD17pGr3QB/RJQAUAFABQAUAFABQAUAFABQAUAFABQAUAFABQB//9P+/igAoAKAP5Zv+DwfS9T1D/gj5f3dgZBa6H+038ENU1rYpZTpk0HjTRYhKRwkf9s6xpJDHAMoiTq4DAH8bf8Awag/8ptv2bv+xC/aJ/8AVGeOqAP66v8Ag81/5RN/D3/s9X4Qf+qs+PFAH8pv/BorpN9qX/BZj4eXlp532fQPgV8edW1PylJT7DN4Vt9Cj+0EAhYf7S1rTtrMVH2jyFyWZVYA/wBYWgBkqs8UiJI0LujqkyKjPEzKQsirIrxs0ZIZVkR0JGHVlJFAH8Snxq/4Mo/2evHV34o8SfD39vD9oHQ/G3iPUNW1651r4seAfh98T4dQ1/VrubULy+1mPws/wmurh76+nmmvJ7e5ifzJnmSJtvlOAfzFf8FKf+Dab/goh/wTi8D698adS07wZ+0d+z94aWe88TfE74HXOuX+p+AtFiZVTWviT8PNe0fSvEvh7Sgpkm1DXfD/APwmXhPQLeIzeIfEmlpJAZQD9mP+DLX9uj4j2/xo+PP/AAT38V+INS1r4Vaz8L9T/aD+E2mapqU1zaeAPGnhPxZ4a8PePND8L2cpb7Fp/wAQ9K8dWvibVrOB1soNV8Dy6lb20V/r+sXF2Af0Lf8AB1qiv/wRT/aMVxkDxv8AAhwOR80fxc8KyIeMfddVb0OMHIJFAHxb/wAEoP8Ag3i/4I9ftLf8E3v2Mvj58bP2Qj40+LPxY+BPg7xn4/8AFf8Awv79qHw5/b/iTVbeSS/1L+wvCfxp0Lw1pfnuoP2PRdH06wi6Q2sQyGAP0I/4hcf+CFH/AEY2f/Emf2wv/n/0AH/ELj/wQo/6MbP/AIkz+2F/8/8AoAP+IXH/AIIUf9GNn/xJn9sL/wCf/QAf8QuP/BCj/oxs/wDiTP7YX/z/AOgA/wCIXH/ghR/0Y2f/ABJn9sL/AOf/AEAH/ELj/wAEKP8Aoxs/+JM/thf/AD/6AD/iFx/4IUf9GNn/AMSZ/bC/+f8A0AH/ABC4/wDBCj/oxs/+JM/thf8Az/6AD/iFx/4IUf8ARjZ/8SZ/bC/+f/QAf8QuP/BCj/oxs/8AiTP7YX/z/wCgA/4hcf8AghR/0Y2f/Emf2wv/AJ/9AB/xC4/8EKP+jGz/AOJM/thf/P8A6AD/AIhcf+CFH/RjZ/8AEmf2wv8A5/8AQAf8QuP/AAQo/wCjGz/4kz+2F/8AP/oAP+IXH/ghR/0Y2f8AxJn9sL/5/wDQAf8AELj/AMEKP+jGz/4kz+2F/wDP/oAP+IXH/ghR/wBGNn/xJn9sL/5/9AB/xC4/8EKP+jGz/wCJM/thf/P/AKAD/iFx/wCCFH/RjZ/8SZ/bC/8An/0AH/ELj/wQo/6MbP8A4kz+2F/8/wDoAP8AiFx/4IUf9GNn/wASZ/bC/wDn/wBAB/xC4/8ABCj/AKMbP/iTP7YX/wA/+gA/4hcf+CFH/RjZ/wDEmf2wv/n/ANAB/wAQuP8AwQo/6MbP/iTP7YX/AM/+gA/4hcf+CFH/AEY2f/Emf2wv/n/0AH/ELj/wQo/6MbP/AIkz+2F/8/8AoAP+IXH/AIIUf9GNn/xJn9sL/wCf/QAf8QuP/BCj/oxs/wDiTP7YX/z/AOgA/wCIXH/ghR/0Y2f/ABJn9sL/AOf/AEAH/ELj/wAEKP8Aoxs/+JM/thf/AD/6AD/iFx/4IUf9GNn/AMSZ/bC/+f8A0AH/ABC4/wDBCj/oxs/+JM/thf8Az/6AD/iFx/4IUf8ARjZ/8SZ/bC/+f/QAf8QuP/BCj/oxs/8AiTP7YX/z/wCgA/4hcf8AghR/0Y2f/Emf2wv/AJ/9AB/xC4/8EKP+jGz/AOJM/thf/P8A6APxN/4OE/8AghV/wSu/Yc/4JdfGT9ov9lz9lw/DD4yeFPGnwa0nQPGH/C7f2i/Gv2DT/FfxP8N+Hdft/wDhH/iH8W/Fnha6+36PqF3Z+beaJcT2vm/aLKS3uo450APR/wDghZ/wQM/4JMftkf8ABKn9k79pP9pD9lE/Eb40/EzTPixceN/Gf/C9P2lPCH9tTeGfjz8UvBeiP/wjvgT4w+GPCmm/YvDXhzRtN26Rodglz9j+2Xaz39zd3U4B+tf/ABC4/wDBCj/oxs/+JM/thf8Az/6AD/iFx/4IUf8ARjZ/8SZ/bC/+f/QAf8QuP/BCj/oxs/8AiTP7YX/z/wCgA/4hcf8AghR/0Y2f/Emf2wv/AJ/9AB/xC4/8EKP+jGz/AOJM/thf/P8A6AD/AIhcf+CFH/RjZ/8AEmf2wv8A5/8AQAf8QuP/AAQo/wCjGz/4kz+2F/8AP/oAP+IXH/ghR/0Y2f8AxJn9sL/5/wDQAf8AELj/AMEKP+jGz/4kz+2F/wDP/oAP+IXH/ghR/wBGNn/xJn9sL/5/9AB/xC4/8EKP+jGz/wCJM/thf/P/AKAD/iFx/wCCFH/RjZ/8SZ/bC/8An/0AH/ELj/wQo/6MbP8A4kz+2F/8/wDoAP8AiFx/4IUf9GNn/wASZ/bC/wDn/wBAB/xC4/8ABCj/AKMbP/iTP7YX/wA/+gA/4hcf+CFH/RjZ/wDEmf2wv/n/ANAB/wAQuP8AwQo/6MbP/iTP7YX/AM/+gA/4hcf+CFH/AEY2f/Emf2wv/n/0AH/ELj/wQo/6MbP/AIkz+2F/8/8AoAP+IXH/AIIUf9GNn/xJn9sL/wCf/QAf8QuP/BCj/oxs/wDiTP7YX/z/AOgA/wCIXH/ghR/0Y2f/ABJn9sL/AOf/AEAH/ELj/wAEKP8Aoxs/+JM/thf/AD/6AD/iFx/4IUf9GNn/AMSZ/bC/+f8A0AH/ABC4/wDBCj/oxs/+JM/thf8Az/6AD/iFx/4IUf8ARjZ/8SZ/bC/+f/QAf8QuP/BCj/oxs/8AiTP7YX/z/wCgA/4hcf8AghR/0Y2f/Emf2wv/AJ/9AB/xC4/8EKP+jGz/AOJM/thf/P8A6AD/AIhcf+CFH/RjZ/8AEmf2wv8A5/8AQAf8QuP/AAQo/wCjGz/4kz+2F/8AP/oAP+IXH/ghR/0Y2f8AxJn9sL/5/wDQAf8AELj/AMEKP+jGz/4kz+2F/wDP/oAP+IXH/ghR/wBGNn/xJn9sL/5/9AB/xC4/8EKP+jGz/wCJM/thf/P/AKAD/iFx/wCCFH/RjZ/8SZ/bC/8An/0AfOX7Yn/BtR/wRV+Gf7I/7U3xH8A/sbTeGvHXw/8A2cvjf438F+I4f2iv2q9Vm0DxZ4U+GfifXvDmtxaZ4g+N2r6DqMulaxYWd/HYa3pOqaRePALfUtOvbKSe2lAP8wb4ReJ/2gP2fNX8AftZfBnUvHPw41PwD8ShpvgT4z+FRc2kGgfEvQtKsvED6CurpHLYjUbnw/qiT3Ph/Vkez8S+HrjV7G5sdU0pdYt4gD/Vh/4INf8ABeX4Yf8ABV74YRfDX4lS+H/hv+3B8N/D8Vx8RvhxbyrY6L8UNFsFhtrj4s/Ca3uZXluNHuJXibxd4RWa51PwLqd0iSNeeHr3SNXugD+iSgAoAKACgAoAKACgAoAKACgAoAKACgAoAKAP/9T+/igAoAKAPzF/4LL/ALH2r/t3f8EzP2t/2avCtgmpePvFfw3/AOEp+GNjt/f6h8TPhdrmkfE7wPotpMMNaz+J9f8ACVn4Ve5GVS21y4WZXt3lRwD/ADYf+DW3VD4Q/wCC537J+j65DPpV7qmn/tHeEri11CJ7K4stXT9nT4tXY0+8guFimtrw32j/ANn/AGaVFmF88ds0ayErQB/XH/wela/aad/wS3+CmhPMov8AxF+3B8NRb23/AC0ls9J+Cv7QV7fXAH/PK3nbTopCOQ93CMEMSoB+a3/Bk3+x14hPjD9rD9vPxDpV3ZeGbfwnpv7L/wAL9QubRxa+IdT1nXNA+JPxYutPmlVQf+EZi8LfDHTvtVqZEmk8SapZGRJLK5iYA/q6/wCCq3/BZL9kv/gkZ4E8D+I/2hP+E18Y+OPild6vbfDX4Q/C/TtH1Txx4ltfD/2AeIPEd4+v634e0Lw94U0SbVdLtrzV9U1Vbq7u75LXQdL1u5ttQisgDhv2H/8AgvF+wB+3D+yr8cv2svDvjXX/AIOeDv2X9L/tr9ovwr8YdLtNP8ZfC7Rbi01C70TXp7DwjqXi618U6L4uGkapZ+DZPCl5q2ra/rFjN4dj0a38RlNIYA1P2Hv+C9H/AAS//wCCgnjv/hVHwE/aItbD4s3E0sehfDP4r+HNc+FnirxiqSvHEfAv/CV2trofjO+uI4nu18O+Gta1LxXbWCSXt/oNlbxyOgB+v1/YWOq2N7peqWVpqWmalaXNhqOnX9tDeWN/Y3kL293ZXtpcJJb3VpdW8kkFzbTxyQzwyPFKjIzKwB/A3/wbR/sP6Hp//BZn/gqH+0z8GdMjj/ZA/Zx+IX7SP7NvwM8QaeFm8N61qPi743x3PhPRvCer/arqLW9N8IfCPwl5l9c2s07jT/FvgvULqSBNat4ZQD9vP+DrL/lCp+0Z/wBjr8DP/Vs+F6APtP8A4IV/8off+Cd3/ZsPw9/9JJaAP1goAKACgAoAKACgAoAKACgAoAKACgAoAKACgAoAKACgAoAKACgAoAKACgAoAKACgAoAKACgAoAKACgAoAKACgD+bz/g7E/5Qm/tDf8AZRf2ef8A1dPg6gD1/wD4NkP+UG37CX/YF+Ov/rUPxuoA/eSgAoAKACgAoAKACgAoAKACgAoAKACgAoAKACgAoAKACgAoAKACgAoAKACgAoAKACgAoAKACgAoAKACgAoAKAPkn9v3/kxH9tb/ALNJ/aP/APVO+MqAP4t/+DTv9k34Dftu/wDBM/8A4KI/s3ftI+BdP8f/AAt8f/HzwZa6jp10BBqmiapB8MoH0fxb4S1hEa78OeMPDl4w1DQdf08rc2VyhjkFxZT3lncAH873/BTL/gmb+2R/wQN/bI8FePvAPjXxhb+CLfxhJ4w/ZO/ax8HxvpU19NpLvcr4Y8TNbRyadofxI0PTpXsPF/g+/SbQ/Fuhz3V7Y2uqeFtUv7G0AP7+/wDgg1/wXl+GH/BV74YRfDX4lS+H/hv+3B8N/D8Vx8RvhxbyrY6L8UNFsFhtrj4s/Ca3uZXluNHuJXibxd4RWa51PwLqd0iSNeeHr3SNXugD+iSgAoAKACgAoAKACgAoAKACgAoAKACgAoA//9X+/igAoAKACgD+Sf8A4KIf8G8vxOT9vLwJ/wAFWf8AglP4x+Gnwx/aa8LfFHSfi98QvgP8UjqmjfCv4n+NYtTe48WeJNC8TaLZ6pN4XvviNp11qWmfEPwtd6ZBo/iSTWNY8Qaf4l8MazeXUeqAHJ/8FDP+CX//AAVU/wCC7PxN/Zy8Kfta+BPgp/wTt/ZO+AVxrOueKNC8I/HKH9pz4q/Efxn4mXTrLXfEXhdNA8DeEPCdlFbaNpC6H4Pt/FV3pb+GLfXNc17Ul8XXN+nhjTQD+oT9ln9mD4MfsZ/AH4Z/sz/s++E4fBnwn+FHh9NB8M6QsrXd9cvLcz6jrOv69qTqk2r+JvE+uXuo+IfEmsTqsup61qV7dlIllSFAD+cD/g5d/wCCGXx//wCCpi/An45fspa94Tu/jD8E/D3iTwDr3wv8d+IB4W03xv4K1/WLXXtM1Dwl4iurebRNL8U+H9YOqLqFj4gm03Tde0fUopI9a0++8P21hrgB4Z/wR1/4Nm/GXwH/AGLP26/g/wDt6eLdM03xj+3l4C8LfC298IfCXX7fxGfg/wCFPAupax4k8PeJ5/ENzp3/AAjmu/EA+OL3S/ENtYWVvrHh3SbHwzp9sdW1KbX9Xs9NAPwo+LX/AAZsf8FQvh/46uI/gp8Tv2bfi74RtNTim8MeNF8d+J/hf4qjghm8y01HW/C2teFb2Dw/qltJGkzQaB4w8VpA3lSW2pTSB0iAP6K/2Pv+CSv/AAXy8QfC+w+BX7e3/BYbWvB/7OLabDo2u+A/2eYtK8f/ALRnibwoI4rG78I3P7Vfjv4X+F/iH4G+26ekkEut6b4h+Itw1o5s3iKXc32cA/pi/Zj/AGYPgV+xx8EvBH7O/wCzh8PdG+GXwl+H2ntY+H/DWjieZ5J55GuNS1vXNWvpbnVvEXiXXL15tR17xFrV5e6vq9/NLc3t3M5BUA/Ej/g6y/5QqftGf9jr8DP/AFbPhegD7T/4IV/8off+Cd3/AGbD8Pf/AEkloA/WCgAoAKACgAoAKACgAoAKACgAoAKACgAoAKACgAoAKACgAoAKACgAoAKACgAoAKACgAoAKACgAoAKACgAoAKAP5vP+DsT/lCb+0N/2UX9nn/1dPg6gD1//g2Q/wCUG37CX/YF+Ov/AK1D8bqAP06/a++HX7WPxL+GFrpH7HH7Sfg39mL4r6f4gi1eXxh48+CGmfHXw54l0KDR9Ytn8GXmgaj4p8LN4cXUNYu9H1JvF1hJrN9p0Wky2kehX8eoSBAD/N9/aO/4OZv+C6/7L3x/+NH7OPxJ+LPwJPj34GfE/wAbfCrxbNo3wK8CXmjXeueBvEN/4evtQ0W7lsbWa60fUpbA3+lXE9rbTzafcW0k9tBMzxIAf0K/8Ex/i9/wcT/8FL/2MvD/AO2N4R/bo/Y++FWl+N/EfjXRvh94F8ZfsuaZrcuu2fgTxLfeDtV1XxD4g8OAv4ZguPEuja5Y2lpbaLrt49pYRX7+Sl7DGoB+YfxO/wCDoT/gsR/wTY/at8efssft/wD7PP7MPxY1/wCFmu2Vn4usfCmneKfhzrniTQtVsrHXfD3ifwD8Q9D8Ra74Sfw94q8M6jZaxo13qnwtvNQgjvIrTWdN0nWbHVdIgAP7Qv8AgmR/wUy/Z5/4Ko/s22H7RHwBn1bSTYavJ4Q+Jnw08VfY4/Gnwu8e2ljZ6hd+HdcSynns9R0+8sr611Tw14m02RtN8QaTcJIFsNXs9a0PSAD8kP27f+Cwv7fXxT8a/Ez9n/8A4Ibfsb6p+1frHwi1vUfBXxj/AGvvEOnWEvwC8JePdKRjrvw8+El5r3ibwb4S+JnjXww6SWviHU7jxReaTpGrJHptp4T8VW19Z6pQB/In8Tf+DiH/AIOLv2NPj5qfgb9qH4naj4W8d+Hrux1LXPgf8b/2Xfgj4X0a+0h7mWSwMA8L/DbwZ4oufCmsQw3FvZeJPCHjOJNasle50/xDczxRXsQB/eR/wRA/4LBeDP8Agr/+zNrnxH/4RC3+Gfx0+EWu6b4O+PPw20+6udR8PaXq2t2l7f8AhXxf4M1K8Z7648G+NrDTNUk06z1V21jQtY0XxBoF3Nq1tptj4j1wA/aSgAoAKACgAoAKACgAoAKACgAoAKACgAoAKACgAoAKACgAoAKACgAoAKACgAoAKACgD5J/b9/5MR/bW/7NJ/aP/wDVO+MqAP5Rf+DIn/k0j9tf/s4zwX/6rO1oA/ri/ay/ZN+A37bvwG8d/s3ftI+BdP8AH/wt8f6ebXUdOugINU0TVIA76P4t8JawiNd+HPGHhy8YahoOv6eVubK5QxyC4sp7yzuAD/Ju/wCCmf8AwTM/bI/4IG/tkeCvH3gHxt4wt/BFv4wk8YfsnftY+D430ma+m0p3uR4Y8Tm2jk07Q/iRoenStYeL/CF+s+heLtCnu72xtdT8L6pqFhaAH9/f/BBr/gvL8MP+Cr3wwi+GvxKl8P8Aw3/bg+G/h+K4+I3w4t5VsdF+KGi2Cw21x8WfhNb3Mry3Gj3ErxN4u8IrNc6n4F1O6RJGvPD17pGr3QB/RJQAUAFABQAUAFABQAUAFABQAUAFABQB/9b+/igAoAKACgAoAKACgAoAKACgAoAKAP5zP+DrL/lCp+0Z/wBjr8DP/Vs+F6APtP8A4IV/8off+Cd3/ZsPw9/9JJaAP1goAKACgAoAKACgAoAKACgAoAKACgAoAKACgAoAKACgAoAKACgAoAKACgAoAKACgAoAKACgAoAKACgAoAKACgD+bz/g7E/5Qm/tDf8AZRf2ef8A1dPg6gD1/wD4NkP+UG37CX/YF+Ov/rUPxuoA/eSgD/Fj/wCC54A/4K//APBRIAAD/hqL4jnAGOW1BCx7ckkknuTk55NAH+jx/wAGqf8Ayg9/ZO/7Gb9o/wD9aS+K1AH8kH/B6VpPh6w/4Kk/BW/0sW0Ws63+xB8NLzxPHbxwq815a/Gr9oLTNNv76SP95JfTaRZWdh+//eJp+l6cFJhMYUA+uf8Agym8OeKfG9x/wU98C3OoeKdK+Ffi/wCGPwO8OeINV8Na1qnh3VNK8U6+/wAatH0zUPC+vac0VxoPim38OXfiS4s9a0y4g1TTbi10u9iYvbWrxAH99vwE+BPwr/Zk+Dfw5+AXwS8I6d4F+Ffwq8L6d4R8G+GdMjxFZ6bp8fz3V7ctm41TW9XvJLnWPEOu6hJPqviDXr/Udb1a6utS1C6uHAP4LP8Ag+B8T/Bu8+IH7AvhLS5NAuvj7onhb46ax4y/s6bTT4k0n4U65qXw2g8A23iuOJTqraXqvinSvH114JS8kWztJ7DxxLZRCTU7uRwD9Gv+DP8A/wCCc3x5/ZI/Z2/aG/aX/aA8H+Ifhpqf7Wuo/Cu1+Gnw+8W6feaH4pg+GvwstvHV3a+O9b0C+jt77SYPHeq/ES6Xw3a6tbW2ozaF4cg8QW9uuj+JdNur8A/sWoAKACgAoAKACgAoAKACgAoAKACgAoAKACgAoAKACgAoAKACgAoAKACgAoAKACgAoA+Sf2/f+TEf21v+zSf2j/8A1TvjKgD+UX/gyJ/5NI/bX/7OM8F/+qztaAP7cKAPnH9rL9k34Dftu/Abx3+zd+0j4E0/x/8AC3x/p5tdR026Ag1TRdUgDvo/izwnrCI134b8X+HLthqGga/p5W5srlSjieznu7S4AP8AJu/4KZ/8EzP2yP8Aggb+2R4K8feAfGvjC38D2/jCTxh+yd+1j4PjfSpr6bSne5Xwx4na2jk07Q/iRoenStYeL/CF+s+heLtCnu72xtdT8L6pqFhaAH9/f/BBr/gvL8MP+Cr3wwi+GvxKl8P/AA3/AG4Phv4fiuPiN8OLeVbHRfihotgsNtcfFn4TW9zK8txo9xK8TeLvCKzXOp+BdTukSRrzw9e6Rq90Af0SUAFABQAUAFABQAUAFABQAUAFABQB/9f+/igAoAKACgAoAKACgAoAKACgAoAKAP5zP+DrL/lCp+0Z/wBjr8DP/Vs+F6APtP8A4IV/8off+Cd3/ZsPw9/9JJaAP1goAKACgAoAKACgAoAKACgAoAKACgAoAKACgAoAKACgAoAKACgAoAKACgAoAKACgAoAKACgAoAKACgAoAKACgD+bz/g7E/5Qm/tDf8AZRf2ef8A1dPg6gD1/wD4NkP+UG37CX/YF+Ov/rUPxuoA/eSgD/Fk/wCC6H/KYD/gol/2dD8Rv/S+OgD+vL/gg7/wUj/a3/Z3/wCCSfwA+FXwE/4JI/tbfteReHdZ+OE+ifFXwZ4i8C+Cfg94tu9c+NvxC1yez07xNqP/AAkWvW40G+1GXw9rc8vhRxBqum34t0nhSN5QD87f2gf+CHP/AAXa/wCC1H7Z3jD9rP8Aap+D3w0/ZB0fx9f6FoOmQfEj4kaBf2Hwz+F/heGPStF8MeFfA/gfU/HHjrVbvSNOW61G4fxFp/hKHxb4s1LVtYe60Oz1ZvsQB/cd/wAEqf8Agl/8D/8AglB+y7pn7O3wfvb7xdrmq6vL4z+L3xa1yxi03xD8VPiFeWdrp9zrtxpcN1f2/hzQNM06ys9G8KeErK/vbXQtJtd91fax4g1HXvEOsgH0B+2n8PP2r/ij+z94t8H/ALFn7QXhH9mX4+3zW8nhn4p+Nfhdp/xZ0aytYo7kXmkDQNVu007SLzVJJLUQ+KrrRPGK6HHBM8fhHVpp42tQD/I3/wCCv3/BPH/gp9+x78ddc+JH/BRa18XfFDW/it4gdbH9qmPxVq3xP+HfxS1W3sj9m07TvHt/a2d/omoWOk6e9vo3gHxbo3g7XdM8PaQF0XwvD4a0+1lQA/pf/wCDTz/gtZ8evH3x0tv+CaP7UvxF8Q/Fnw94w8GeJNd/Zh8b+ONXv/EPjnwl4g+HWgS+I9d+Elxr+otcajrPgm++Hui+I/EfhkavfTT+D7rwhJoGlNLpGvWVloYB/oLUAFABQAUAFABQAUAFABQAUAFABQAUAFABQAUAFABQAUAFABQAUAFABQAUAFABQAUAfJP7fv8AyYj+2t/2aT+0f/6p3xlQB/KL/wAGRP8AyaR+2v8A9nGeC/8A1WdrQB/bhQAUAfOP7WX7JvwG/bd+A3jv9m79pHwJp/j/AOFvj/Tza6jpt0BBqmi6pAHfR/FnhPWERrvw34v8OXbDUNA1/TytzZXKlHE9nPd2lwAf5N3/AAUz/wCCZn7ZH/BA39sjwV4+8A+NfGFv4Ht/GEnjD9k79rHwfG+lTX02lO9yvhjxO1tHJp2h/EjQ9Olaw8X+EL9Z9C8XaFPd3tja6n4X1TULC0AP7+/+CDX/AAXl+GH/AAVe+GEXw1+JUvh/4b/twfDfw/FcfEb4cW8q2Oi/FDRbBYba4+LPwmt7mV5bjR7iV4m8XeEVmudT8C6ndIkjXnh690jV7oA/okoAKACgAoAKACgAoAKACgAoAKAP/9D+/igAoAKACgAoAKACgAoAKACgAoAKAP5zP+DrL/lCp+0Z/wBjr8DP/Vs+F6APtP8A4IV/8off+Cd3/ZsPw9/9JJaAP1goAKACgAoAKACgAoAKACgAoAKACgAoAKACgAoAKACgAoAKACgAoAKACgAoAKACgAoAKACgAoAKACgAoAKACgD+bz/g7E/5Qm/tDf8AZRf2ef8A1dPg6gD1/wD4NkP+UG37CX/YF+Ov/rUPxuoA/eSgD/Fk/wCC6H/KYD/gol/2dD8Rv/S+OgD/AEd/+DVP/lB7+yd/2M37R/8A60l8VqAP6JKACgCtZ3tnqEC3Vhd219bM8sa3NnPFcwNJbyvBPGs0DyRl4Z4pIZVDbo5Y3jcK6MqgHzb+2T+yn8Lv23P2Y/jL+y78YtFsdY8E/F3wVq/hqSa8tEu5/DWvyW7T+FPG2i7trW3iLwV4ki0zxPoN3E6PDqel2+4mFpUlAP8ALT/4NZ/gX40+J3/Bav8AZ41nQrS4m0P9n/RfjL8VfiNq2nySSW2leHrP4Z+K/hzpjteWwMDwav488d+E9E2tKkV3Z6lclPNRWjcA/wBcegAoAKACgAoAKACgAoAKACgAoAKACgAoAKACgAoAKACgAoAKACgAoAKACgAoAKACgD5J/b9/5MR/bW/7NJ/aP/8AVO+MqAP5Rf8AgyJ/5NI/bX/7OM8F/wDqs7WgD+3CgAoAKAPnH9rL9k34Dftu/Abx3+zd+0j4E0/x/wDC3x/p5tdR026Ag1TRdUgDvo/izwnrCI134b8X+HLthqGga/p5W5srlSjieznu7S4AP8m7/gpn/wAEzP2yP+CBv7ZHgrx94B8a+MLfwPb+MJPGH7J37WPg+N9KmvptKd7lfDHidraOTTtD+JGh6dK1h4v8IX6z6F4u0Ke7vbG11PwvqmoWFoAf39/8EGv+C8vww/4KvfDCL4a/EqXw/wDDf9uD4b+H4rj4jfDi3lWx0X4oaLYLDbXHxZ+E1vcyvLcaPcSvE3i7wis1zqfgXU7pEka88PXukavdAH9ElABQAUAFABQAUAFABQAUAFAH/9H+/igAoAKACgAoAKACgAoAKACgAoAKAP5zP+DrL/lCp+0Z/wBjr8DP/Vs+F6APtP8A4IV/8off+Cd3/ZsPw9/9JJaAP1goAKACgAoAKACgAoAKACgAoAKACgAoAKACgAoAKACgAoAKACgAoAKACgAoAKACgAoAKACgAoAKACgAoAKACgD+bz/g7E/5Qm/tDf8AZRf2ef8A1dPg6gD1/wD4NkP+UG37CX/YF+Ov/rUPxuoA/Tz9rv8Aaq0/9kP4Y2vxKvvgN+1L+0XJqGvx+G9P+Hv7JHwJ8WfH74ky302j6xrEV9feGvCyoug+HNmjSafP4n8QX+maFbatf6Rps98l1qdojgH+Sl+27+xb/wAFUv2wf2wP2mP2o5P+CW//AAUE8MRfHv41/EP4oad4ZuP2Qf2iL258OaL4r8SX+paDoF1ex/DZYr270XRZrDTbq7hSKG6uLWWeGKGKRIlAP7M/+Daz9qv9ob9lX9lj4X/8E9P2r/8Agm//AMFJvhV4j0r4yeItO+HHxgvv2MPjZ/wpVPDPxf8AGf8AwkK3PxJ8X6n4a0mX4bw+GvF3iPxBL4g17V9Mfwlp3hg2uuX2vWxh1K3tQD+yKgD8zv8AgsZ+z1+0b+1X/wAE0/2r/gF+yd4ln8M/Hn4heBNLsvBr22vr4Wm8TWWleM/DPiDxl8PI/Eck1tBpDfEvwPpPiPwCtze3lhpUjeIhaa1qFjo1xf3UQB/lufsd/tCf8Fav+CJX7R6a34Q+FP7QHws1CHVrbTviX+z/APFj4a/ES0+GPxZ0tJlc6V4g8L3mn2tnfTXNvuk8M+O/Cdxb6/p8Vwbzw34gbTr+8t78A/vH0D/gs3+3B/wUa/Z11f4c/sBf8EtP2uvhX+0J8T/BepeFJ/j3+0vYaF8Lf2T/AIEanr9rJo+rePfD/wAXNUvINc+Leo+CYLuXWdC8OaH4A0vxDeanDYTz+Hb63gn0q/APvH/gi3/wRq+Dn/BIL4B6p4Q0HWIfiZ+0F8U20nVfjz8a5NNfTF8RXujpdHQ/Bng7S55bifQvh74QbUtRGlW9xPJquv6pfal4j1toGu9N0TQQD9nKACgAoAKACgAoAKACgAoAKACgAoAKACgAoAKACgAoAKACgAoAKACgAoAKACgAoAKAPkn9v3/kxH9tb/s0n9o//wBU74yoA/lF/wCDIn/k0j9tf/s4zwX/AOqztaAP7cKACgAoAKAPnH9rL9k34Dftu/Abx3+zd+0j4E0/x/8AC3x/p5tdR026Ag1TRdUgDvo/izwnrCI134b8X+HLthqGga/p5W5srlSjieznu7S4AP8AJv8A+Cmf/BMz9sj/AIIG/tj+CvH/AIB8a+MLfwPb+MJPGH7J37WPg+N9KmvZtJd7lfC/ic20cunaH8SNE06VrDxf4Qv1m0LxdoU93fWNrqnhfVNQ0+yAP7+v+CDX/BeX4Yf8FXvhhF8NfiVL4f8Ahv8AtwfDfw/FcfEb4cW8q2Oi/FDRbBYba4+LPwmt7mV5bjR7iV4m8XeEVmudT8C6ndIkjXnh690jV7oA/okoAKACgAoAKACgAoAKACgD/9L+/igAoAKACgAoAKACgAoAKACgAoAKAP5zP+DrL/lCp+0Z/wBjr8DP/Vs+F6APtP8A4IV/8off+Cd3/ZsPw9/9JJaAP1goAKACgAoAKACgAoAKACgAoAKACgAoAKACgAoAKACgAoAKACgAoAKACgAoAKACgAoAKACgAoAKACgAoAKACgD+bz/g7E/5Qm/tDf8AZRf2ef8A1dPg6gD1/wD4NkP+UG37CX/YF+Ov/rUPxuoA/eSgAoAKACgAoAKACgAoAKACgAoAKACgAoAKACgAoAKACgAoAKACgAoAKACgAoAKACgAoAKACgAoAKACgAoAKAPkn9v3/kxH9tb/ALNJ/aP/APVO+MqAP5Rf+DIn/k0j9tf/ALOM8F/+qztaAP7cKACgAoAKACgD5x/ax/ZO+A37bnwG8d/s3ftI+BNP+IHwt8f6ebXUtNugINU0XU4A76P4s8J6wiNeeHPF/hy8YahoGv6eUurK6TY4ns57u1nAP8m//gpn/wAEzP2yP+CBv7ZHgrx/4A8a+MLfwPb+MJPGH7J37WPg+N9KmvZtJd7lfC/idraKTTtD+JGh6dK9h4v8IX6S6F4u0Ke7vrG11TwvqmoadZAH9/X/AAQa/wCC8vww/wCCr3wwi+GvxKl8P/Df9uD4b+H4rj4jfDi3lWx0X4oaLYLDbXHxZ+E1vcyvLcaPcSvE3i7wis1zqfgXU7pEka88PXukavdAH9ElABQAUAFABQAUAFABQB//0/7+KACgAoAKACgAoAKACgAoAKACgAoA/nM/4Osv+UKn7Rn/AGOvwM/9Wz4XoA+0/wDghX/yh9/4J3f9mw/D3/0kloA/WCgAoAKACgAoAKACgAoAKACgAoAKACgAoAKACgAoAKACgAoAKACgAoAKACgAoAKACgAoAKACgAoAKACgAoAKAP5vP+DsT/lCb+0N/wBlF/Z5/wDV0+DqAPX/APg2Q/5QbfsJf9gX46/+tQ/G6gD95KACgAoAKACgAoAKACgAoAKACgAoAKACgAoAKACgAoAKACgAoAKACgAoAKACgAoAKACgAoAKACgAoAKACgAoA+Sf2/f+TEf21v8As0n9o/8A9U74yoA/lF/4Mif+TSP21/8As4zwX/6rO1oA/twoAKACgAoAKACgD5x/ax/ZO+A37bnwG8d/s3ftI+BNP+IHwt8f6ebXUtNugINU0XU4A76P4s8J6wiNeeHPF/hy8YahoGv6eUurK6TY4ns57u1nAP8AJv8A+Cmf/BMz9sj/AIIG/tkeCvH/AIA8a+MLfwPb+MJPGH7J37WPg+N9KmvZtJd7lfC/idraKTTtD+JGh6dK9h4v8IX6S6F4u0Ke7vrG11TwvqmoadZAH9/X/BBr/gvL8MP+Cr3wwi+GvxKl8P8Aw3/bg+G/h+K4+I3w4t5VsdF+KGi2Cw21x8WfhNb3Mry3Gj3ErxN4u8IrNc6n4F1O6RJGvPD17pGr3QB/RJQAUAFABQAUAFABQB//1P7+KACgAoAKACgAoAKACgAoAKACgAoA/nM/4Osv+UKn7Rn/AGOvwM/9Wz4XoA+0/wDghX/yh9/4J3f9mw/D3/0kloA/WCgAoAKACgAoAKACgAoAKACgAoAKACgAoAKACgAoAKACgAoAKACgAoAKACgAoAKACgAoAKACgAoAKACgAoAKAP5vP+DsT/lCb+0N/wBlF/Z5/wDV0+DqAPX/APg2Q/5QbfsJf9gX46/+tQ/G6gD95KACgAoAKACgAoAKACgAoAKACgAoAKACgAoAKACgAoAKACgAoAKACgAoAKACgAoAKACgAoAKACgAoAKACgAoA+Sf2/f+TEf21v8As0n9o/8A9U74yoA/lF/4Mif+TSP21/8As4zwX/6rO1oA/twoAKACgAoAKACgAoA+cf2sf2TvgN+258BvHf7N37SPgTT/AIgfC3x/p5tdS026Ag1TRdTgDvo/izwnrCI154c8X+HLxhqGga/p5S6srpNjieznu7WcA/yb/wDgpn/wTM/bI/4IG/tkeCvH/gDxr4wt/A9v4wk8YfsnftY+D430qa9m0l3uV8L+J2topNO0P4kaHp0r2Hi/whfpLoXi7Qp7u+sbXVPC+qahp1kAf39f8EGv+C8vww/4KvfDCL4a/EqXw/8ADf8Abg+G/h+K4+I3w4t5VsdF+KGi2Cw21x8WfhNb3Mry3Gj3ErxN4u8IrNc6n4F1O6RJGvPD17pGr3QB/RJQAUAFABQAUAFAH//V/v4oAKACgAoAKACgAoAKACgAoAKACgD+cz/g6y/5QqftGf8AY6/Az/1bPhegD7T/AOCFf/KH3/gnd/2bD8Pf/SSWgD9YKACgAoAKACgAoAKACgAoAKACgAoAKACgAoAKACgAoAKACgAoAKACgAoAKACgAoAKACgAoAKACgAoAKACgAoA/m8/4OxP+UJv7Q3/AGUX9nn/ANXT4OoA9f8A+DZD/lBt+wl/2Bfjr/61D8bqAP3koAKACgAoAKACgAoAKACgAoAKACgAoAKACgAoAKACgAoAKACgAoAKACgAoAKACgAoAKACgAoAKACgAoAKACgD5J/b9/5MR/bW/wCzSf2j/wD1TvjKgD+UX/gyJ/5NI/bX/wCzjPBf/qs7WgD+3CgAoAKACgAoAKACgAoA+cf2sf2TvgN+258BvHf7N37SPgTT/iB8LfH+nm11LTboCDVNF1OAO+j+LPCesIjXnhzxf4cvGGoaBr+nlLqyuk2OJ7Oe7tZwD/Jv/wCCmf8AwTM/bI/4IG/tj+CvH/gDxr4wt/A9v4wk8YfsnftY+D430qa9n0p3uV8L+KGto5NO0P4kaJp0r2Hi7whfpNoXi/Qpru+sbXU/C+qahp1kAf39f8EGv+C8vww/4KvfDCL4a/EqXw/8N/24Phv4fiuPiN8OLeVbHRfihotgsNtcfFn4TW9zK8txo9xK8TeLvCKzXOp+BdTukSRrzw9e6Rq90Af0SUAFABQAUAFAH//W/v4oAKACgAoAKACgAoAKACgAoAKACgD+cz/g6y/5QqftGf8AY6/Az/1bPhegD7T/AOCFf/KH3/gnd/2bD8Pf/SSWgD9YKACgAoAKACgAoAKACgAoAKACgAoAKACgAoAKACgAoAKACgAoAKACgAoAKACgAoAKACgAoAKACgAoAKACgAoA/m8/4OxP+UJv7Q3/AGUX9nn/ANXT4OoA9f8A+DZD/lBt+wl/2Bfjr/61D8bqAP3koAKACgAoAKACgAoAKACgAoAKACgAoAKACgAoAKACgAoAKACgAoAKACgAoAKACgAoAKACgAoAKACgAoAKACgD5J/b9/5MR/bW/wCzSf2j/wD1TvjKgD+UX/gyJ/5NI/bX/wCzjPBf/qs7WgD+3CgAoAKACgAoAKACgAoAKAPnL9rH9k74D/tufAfx3+zd+0h4E074gfC34gacbXUtNugINT0bU4A76P4s8J6wiNeeHPF/hy8ZdQ0DX9PZLqxukKuJ7Oe7s7gA/wAm/wD4Kaf8Ey/2x/8Aggb+2P4K8f8AgDxr4wt/A1v4wk8YfsnftY+D430qe9n0p3uV8L+KGto5NO0T4kaJp0r2Hi7wjfxy6F4v0Ka7vrG11TwvqmoafZAH9/P/AAQa/wCC8vww/wCCr3wwi+GvxKl8P/Df9uD4b+H4rj4jfDi3lWx0X4oaLYLDbXHxZ+E1vcyvLcaPcSvE3i7wis1zqfgXU7pEka88PXukavdAH9ElABQAUAFAH//X/v4oAKACgAoAKACgAoAKACgAoAKACgD+cz/g6y/5QqftGf8AY6/Az/1bPhegD7T/AOCFf/KH3/gnd/2bD8Pf/SSWgD9YKACgAoAKACgAoAKACgAoAKACgAoAKACgAoAKACgAoAKACgAoAKACgAoAKACgAoAKACgAoAKACgAoAKACgAoA/m8/4OxP+UJv7Q3/AGUX9nn/ANXT4OoA9f8A+DZD/lBt+wl/2Bfjr/61D8bqAP3koAKACgAoAKACgAoAKACgAoAKACgAoAKACgAoAKACgAoAKACgAoAKACgAoAKACgAoAKACgAoAKACgAoAKACgD5J/b9/5MR/bW/wCzSf2j/wD1TvjKgD+UX/gyJ/5NI/bX/wCzjPBf/qs7WgD+3CgAoAKACgAoAKACgAoAKACgD5y/ax/ZO+A/7bnwH8d/s3ftIeBNO+IHwt+IGnG11LTboCDU9G1OAO+j+LPCesIjXnhzxf4cvGXUNA1/T2S6sbpCrieznu7O4AP8m/8A4Kaf8Ey/2x/+CBv7Y/grx/4A8a+MLfwNb+MJPGH7J37WPg+N9KnvZ9Kd7lfC/ihraOTTtE+JGiadK9h4u8I38cuheL9Cmu76xtdU8L6pqGn2QB/fz/wQa/4Ly/DD/gq98MIvhr8SpfD/AMN/24Phv4fiuPiN8OLeVbHRfihotgsNtcfFn4TW9zK8txo9xK8TeLvCKzXOp+BdTukSRrzw9e6Rq90Af0SUAFABQB//0P7+KACgAoAKACgAoAKACgAoAKACgAoA/nM/4Osv+UKn7Rn/AGOvwM/9Wz4XoA+0/wDghX/yh9/4J3f9mw/D3/0kloA/WCgAoAKACgAoAKACgAoAKACgAoAKACgAoAKACgAoAKACgAoAKACgAoAKACgAoAKACgAoAKACgAoAKACgAoAKAP5vP+DsT/lCb+0N/wBlF/Z5/wDV0+DqAPX/APg2Q/5QbfsJf9gX46/+tQ/G6gD95KACgAoAKACgAoAKACgAoAKACgAoAKACgAoAKACgAoAKACgAoAKACgAoAKACgAoAKACgAoAKACgAoAKACgAoA+Sf2/f+TEf21v8As0n9o/8A9U74yoA/lF/4Mif+TSP21/8As4zwX/6rO1oA/twoAKACgAoAKACgAoAKACgAoAKAPnL9rH9k74D/ALbnwH8d/s3ftIeBNO+IHwt+IGnG11LTboCDU9G1OAO+j+LPCesIjXnhzxf4cvGXUNA1/T2S6sbpCrieznu7O4AP8m//AIKaf8Ey/wBsf/ggb+2P4K8f+APGvjC38DW/jCTxh+yd+1j4PjfSp72fSne5Xwv4oa2jk07RPiRomnSvYeLvCN/HLoXi/Qpru+sbXVPC+qahp9kAf38/8EGv+C8vww/4KvfDCL4a/EqXw/8ADf8Abg+G/h+K4+I3w4t5VsdF+KGi2Cw21x8WfhNb3Mry3Gj3ErxN4u8IrNc6n4F1O6RJGvPD17pGr3QB/RJQAUAf/9H+/igAoAKACgAoAKACgAoAKACgAoAKAP5zP+DrL/lCp+0Z/wBjr8DP/Vs+F6APtP8A4IV/8off+Cd3/ZsPw9/9JJaAP1goAKACgAoAKACgAoAKACgAoAKACgAoAKACgAoAKACgAoAKACgAoAKACgAoAKACgAoAKACgAoAKACgAoAKACgD+bz/g7E/5Qm/tDf8AZRf2ef8A1dPg6gD1/wD4NkP+UG37CX/YF+Ov/rUPxuoA/eSgAoAKACgAoAKACgAoAKACgAoAKACgAoAKACgAoAKACgAoAKACgAoAKACgAoAKACgAoAKACgAoAKACgAoAKAPkn9v3/kxH9tb/ALNJ/aP/APVO+MqAP5Rf+DIn/k0j9tf/ALOM8F/+qztaAP7cKACgAoAKACgAoAKACgAoAKACgAoA+cv2sf2TvgP+258B/Hf7N37SHgTTviB8LfiBpxtdS026Ag1PRtTgDvo/izwnrCI154c8X+HLxl1DQNf09kurG6Qq4ns57uzuAD/Jv/4Kaf8ABMv9sj/ggb+2P4K+IHgDxr4wt/A1v4wk8YfsnftY+D430qa8n0p5LlfC/ihraOTTtD+JGiadK9h4u8I38cuheL9Cmu76xtdU8L6nqGn2QB/ohf8ABAr/AILCJ/wV1/ZZ1/xP408Ip4L/AGifgJqXhnwP8eLDSLaSPwT4k1PxBpd/eeGfiF4Jd5JnsNM8YQaHrMmoeFrqWS88La1p1/ZJPe6PPo2pXoB+7dAH/9L+/igAoAKACgAoAKACgAoAKACgAoAKAP5zP+DrL/lCp+0Z/wBjr8DP/Vs+F6APtP8A4IV/8off+Cd3/ZsPw9/9JJaAP1goAKACgAoAKACgAoAKACgAoAKACgAoAKACgAoAKACgAoAKACgAoAKACgAoAKACgAoAKACgAoAKACgAoAKACgD+bz/g7E/5Qm/tDf8AZRf2ef8A1dPg6gD1/wD4NkP+UG37CX/YF+Ov/rUPxuoA/eSgAoAKACgAoAKACgAoAKACgAoAKACgAoAKACgAoAKACgAoAKACgAoAKACgAoAKACgAoAKACgAoAKACgAoAKAPkn9v3/kxH9tb/ALNJ/aP/APVO+MqAP5Rf+DIn/k0j9tf/ALOM8F/+qztaAP7cKACgAoAKACgAoAKACgAoAKACgAoAKAPnL9rH9k74D/tt/Afx3+zf+0h4E074gfCz4gacbTUtMuwINT0bU4Az6P4r8KawiNeeHPF/hy8ZdQ0DX9PKXVjdJtbzrOe7tbgA/kU/4M1fBth8Ob3/AIK0fD3Srq8vdL8CftCfCXwbpt7qBha/u7DwxL8d9Es7q+a2ht7c3lxb2Mctybe3ghMzOYoYkKooB/bxQB//0/7+KACgAoAKACgAoAKACgAoAKACgAoA/nM/4Osv+UKn7Rn/AGOvwM/9Wz4XoA+0/wDghX/yh9/4J3f9mw/D3/0kloA/WCgAoAKACgAoAKACgAoAKACgAoAKACgAoAKACgAoAKACgAoAKACgAoAKACgAoAKACgAoAKACgAoAKACgAoAKAP5vP+DsT/lCb+0N/wBlF/Z5/wDV0+DqAPX/APg2Q/5QbfsJf9gX46/+tQ/G6gD95KACgAoAKACgAoAKACgAoAKACgAoAKACgAoAKACgAoAKACgAoAKACgAoAKACgAoAKACgAoAKACgAoAKACgAoA+Sf2/f+TEf21v8As0n9o/8A9U74yoA/lF/4Mif+TSP21/8As4zwX/6rO1oA/twoAKACgAoAKACgAoAKACgAoAKACgAoAKAP4tv+DRf/AJKV/wAFoP8As7PwV/6f/wBoSgD+0mgD/9T+/igAoAKACgAoAKACgAoAKACgAoAKAP5zP+DrL/lCp+0Z/wBjr8DP/Vs+F6APtP8A4IV/8off+Cd3/ZsPw9/9JJaAP1goAKACgAoAKACgAoAKACgAoAKACgAoAKACgAoAKACgAoAKACgAoAKACgAoAKACgAoAKACgAoAKACgAoAKACgD+bz/g7E/5Qm/tDf8AZRf2ef8A1dPg6gD1/wD4NkP+UG37CX/YF+Ov/rUPxuoA/eSgAoAKACgAoAKACgAoAKACgAoAKACgAoAKACgAoAKACgAoAKACgAoAKACgAoAKACgAoAKACgAoAKACgAoAKAPkn9v3/kxH9tb/ALNJ/aP/APVO+MqAP5Rf+DIn/k0j9tf/ALOM8F/+qztaAP7cKACgAoAKACgAoAKACgAoAKACgAoAKACgD+Lb/g0X/wCSlf8ABaD/ALOz8Ff+n/8AaEoA/tJoA//V/v4oAKACgAoAKACgAoAKACgAoAKACgD+cz/g6y/5QqftGf8AY6/Az/1bPhegD7T/AOCFf/KH3/gnd/2bD8Pf/SSWgD9YKACgAoAKACgAoAKACgAoAKACgAoAKACgAoAKACgAoAKACgAoAKACgAoAKACgAoAKACgAoAKACgAoAKACgAoA/m8/4OxP+UJv7Q3/AGUX9nn/ANXT4OoA9f8A+DZD/lBt+wl/2Bfjr/61D8bqAP3koAKACgAoAKACgAoAKACgAoAKACgAoAKACgAoAKACgAoAKACgAoAKACgAoAKACgAoAKACgAoAKACgAoAKACgD5J/b9/5MR/bW/wCzSf2j/wD1TvjKgD+UX/gyJ/5NI/bX/wCzjPBf/qs7WgD+3CgAoAKACgAoAKACgAoAKACgAoAKACgAoA/i2/4NF/8AkpX/AAWg/wCzs/BX/p//AGhKAP7SaAP/1v7+KACgAoAKACgAoAKACgAoAKACgAoA/nM/4Osv+UKn7Rn/AGOvwM/9Wz4XoA+0/wDghX/yh9/4J3f9mw/D3/0kloA/WCgAoAKACgAoAKACgAoAKACgAoAKACgAoAKACgAoAKACgAoAKACgAoAKACgAoAKACgAoAKACgAoAKACgAoAKAP5vP+DsT/lCb+0N/wBlF/Z5/wDV0+DqAPX/APg2Q/5QbfsJf9gX46/+tQ/G6gD95KACgAoAKACgAoAKACgAoAKACgAoAKACgAoAKACgAoAKACgAoAKACgAoAKACgAoAKACgAoAKACgAoAKACgAoA+Sf2/f+TEf21v8As0n9o/8A9U74yoA/lF/4Mif+TSP21/8As4zwX/6rO1oA/twoAKACgAoAKACgAoAKACgAoAKACgAoAKAP4tv+DRf/AJKV/wAFoP8As7PwV/6f/wBoSgD+0mgD/9f+/igAoAKACgAoAKACgAoAKACgAoAKAP5zP+DrL/lCp+0Z/wBjr8DP/Vs+F6APtP8A4IV/8off+Cd3/ZsPw9/9JJaAP1goAKACgAoAKACgAoAKACgAoAKACgAoAKACgAoAKACgAoAKACgAoAKACgAoAKACgAoAKACgAoAKACgAoAKACgD+bz/g7E/5Qm/tDf8AZRf2ef8A1dPg6gD1/wD4NkP+UG37CX/YF+Ov/rUPxuoA/eSgAoAKACgAoAKACgAoAKACgAoAKACgAoAKACgAoAKACgAoAKACgAoAKACgAoAKACgAoAKACgAoAKACgAoAKAPkn9v3/kxH9tb/ALNJ/aP/APVO+MqAP5Rf+DIn/k0j9tf/ALOM8F/+qztaAP7cKACgAoAKACgAoAKACgAoAKACgAoAKACgD+Lb/g0X/wCSlf8ABaD/ALOz8Ff+n/8AaEoA/tJoA//Q/v4oAKACgAoAKACgAoAKACgAoAKACgD+cz/g6y/5QqftGf8AY6/Az/1bPhegD7T/AOCFf/KH3/gnd/2bD8Pf/SSWgD9YKACgAoAKACgAoAKACgAoAKACgAoAKACgAoAKACgAoAKACgAoAKACgAoAKACgAoAKACgAoAKACgAoAKACgAoA/m8/4OxP+UJv7Q3/AGUX9nn/ANXT4OoA9f8A+DZD/lBt+wl/2Bfjr/61D8bqAP3koAKACgAoAKACgAoAKACgAoAKACgAoAKACgAoAKACgAoAKACgAoAKACgAoAKACgAoAKACgAoAKACgAoAKACgD5J/b9/5MR/bW/wCzSf2j/wD1TvjKgD+UX/gyJ/5NI/bX/wCzjPBf/qs7WgD+3CgAoAKACgAoAKACgAoAKACgAoAKACgAoA/i2/4NF/8AkpX/AAWg/wCzs/BX/p//AGhKAP7SaAP/0f7+KACgAoAKACgAoAKACgAoAKACgAoA/nM/4Osv+UKn7Rn/AGOvwM/9Wz4XoA+0/wDghX/yh9/4J3f9mw/D3/0kloA/WCgAoAKACgAoAKACgAoAKACgAoAKACgAoAKACgAoAKACgAoAKACgAoAKACgAoAKACgAoAKACgAoAKACgAoAKAP5vP+DsT/lCb+0N/wBlF/Z5/wDV0+DqAPX/APg2Q/5QbfsJf9gX46/+tQ/G6gD95KACgAoAKACgAoAKACgAoAKACgAoAKACgAoAKACgAoAKACgAoAKACgAoAKACgAoAKACgAoAKACgAoAKACgAoA+Sf2/f+TEf21v8As0n9o/8A9U74yoA/lF/4Mif+TSP21/8As4zwX/6rO1oA/twoAKACgAoAKACgAoAKACgAoAKACgAoAKAP4tv+DRf/AJKV/wAFoP8As7PwV/6f/wBoSgD+0mgD/9L+/igAoAKACgAoAKACgAoAKACgAoAKAP5zP+DrL/lCp+0Z/wBjr8DP/Vs+F6APtP8A4IV/8off+Cd3/ZsPw9/9JJaAP1goAKACgAoAKACgAoAKACgAoAKACgAoAKACgAoAKACgAoAKACgAoAKACgAoAKACgAoAKACgAoAKACgAoAKACgD+bz/g7E/5Qm/tDf8AZRf2ef8A1dPg6gD1/wD4NkP+UG37CX/YF+Ov/rUPxuoA/eSgAoAKACgAoAKACgAoAKACgAoAKACgAoAKACgAoAKACgAoAKACgAoAKACgAoAKACgAoAKACgAoAKACgAoAKAPkn9v3/kxH9tb/ALNJ/aP/APVO+MqAP5Rf+DIn/k0j9tf/ALOM8F/+qztaAP7cKACgAoAKACgAoAKACgAoAKACgAoAKACgD+Lb/g0X/wCSlf8ABaD/ALOz8Ff+n/8AaEoA/tJoA//T/v4oAKACgAoAKACgAoAKACgAoAKACgD+cz/g6y/5QqftGf8AY6/Az/1bPhegD7T/AOCFf/KH3/gnd/2bD8Pf/SSWgD9YKACgAoAKACgAoAKACgAoAKACgAoAKACgAoAKACgAoAKACgAoAKACgAoAKACgAoAKACgAoAKACgAoAKACgAoA/m8/4OxP+UJv7Q3/AGUX9nn/ANXT4OoA9f8A+DZD/lBt+wl/2Bfjr/61D8bqAP3koAKACgAoAKACgAoAKACgAoAKACgAoAKACgAoAKACgAoAKACgAoAKACgAoAKACgAoAKACgAoAKACgAoAKACgD5J/b9/5MR/bW/wCzSf2j/wD1TvjKgD+UX/gyJ/5NI/bX/wCzjPBf/qs7WgD+3CgAoAKACgAoAKACgAoAKACgAoAKACgAoA/i2/4NF/8AkpX/AAWg/wCzs/BX/p//AGhKAP7SaAP/1P7+KACgAoAKACgAoAKACgAoAKACgAoA/nM/4Osv+UKn7Rn/AGOvwM/9Wz4XoA+0/wDghX/yh9/4J3f9mw/D3/0kloA/WCgAoAKACgAoAKACgAoAKACgAoAKACgAoAKACgAoAKACgAoAKACgAoAKACgAoAKACgAoAKACgAoAKACgAoAKAP5vP+DsT/lCb+0N/wBlF/Z5/wDV0+DqAPX/APg2Q/5QbfsJf9gX46/+tQ/G6gD95KACgAoAKACgAoAKACgAoAKACgAoAKACgAoAKACgAoAKACgAoAKACgAoAKACgAoAKACgAoAKACgAoAKACgAoA+Sf2/f+TEf21v8As0n9o/8A9U74yoA/lF/4Mif+TSP21/8As4zwX/6rO1oA/twoAKACgAoAKACgAoAKACgAoAKACgAoAKAP4tv+DRf/AJKV/wAFoP8As7PwV/6f/wBoSgD+0mgD/9X+/igAoAKACgAoAKACgAoAKACgAoAKAP5zP+DrL/lCp+0Z/wBjr8DP/Vs+F6APtP8A4IV/8off+Cd3/ZsPw9/9JJaAP1goAKACgAoAKACgAoAKACgAoAKACgAoAKACgAoAKACgAoAKACgAoAKACgAoAKACgAoAKACgAoAKACgAoAKACgD+bz/g7E/5Qm/tDf8AZRf2ef8A1dPg6gD1/wD4NkP+UG37CX/YF+Ov/rUPxuoA/eSgAoAKACgAoAKACgAoAKACgAoAKACgAoAKACgAoAKACgAoAKACgAoAKACgAoAKACgAoAKACgAoAKACgAoAKAPkn9v3/kxH9tb/ALNJ/aP/APVO+MqAP5Rf+DIn/k0j9tf/ALOM8F/+qztaAP7cKACgAoAKACgAoAKACgAoAKACgAoAKACgD+Lb/g0X/wCSlf8ABaD/ALOz8Ff+n/8AaEoA/tJoA//W/v4oAKACgAoAKACgAoAKACgAoAKACgD+cz/g6y/5QqftGf8AY6/Az/1bPhegD7T/AOCFf/KH3/gnd/2bD8Pf/SSWgD9YKACgAoAKACgAoAKACgAoAKACgAoAKACgAoAKACgAoAKACgAoAKACgAoAKACgAoAKACgAoAKACgAoAKACgAoA/m8/4OxP+UJv7Q3/AGUX9nn/ANXT4OoA9f8A+DZD/lBt+wl/2Bfjr/61D8bqAP3koAKACgAoAKACgAoAKACgAoAKACgAoAKACgAoAKACgAoAKACgAoAKACgAoAKACgAoAKACgAoAKACgAoAKACgD5J/b9/5MR/bW/wCzSf2j/wD1TvjKgD+UX/gyJ/5NI/bX/wCzjPBf/qs7WgD+3CgAoAKACgAoAKACgAoAKACgAoAKACgAoA/i2/4NF/8AkpX/AAWg/wCzs/BX/p//AGhKAP7SaAP/1/7+KACgAoAKACgAoAKACgAoAKACgAoA/nM/4Osv+UKn7Rn/AGOvwM/9Wz4XoA+0/wDghX/yh9/4J3f9mw/D3/0kloA/WCgAoAKACgAoAKACgAoAKACgAoAKACgAoAKACgAoAKACgAoAKACgAoAKACgAoAKACgAoAKACgAoAKACgAoAKAP5vP+DsT/lCb+0N/wBlF/Z5/wDV0+DqAPX/APg2Q/5QbfsJf9gX46/+tQ/G6gD95KACgAoAKACgAoAKACgAoAKACgAoAKACgAoAKACgAoAKACgAoAKACgAoAKACgAoAKACgAoAKACgAoAKACgAoA+Sf2/f+TEf21v8As0n9o/8A9U74yoA/lF/4Mif+TSP21/8As4zwX/6rO1oA/twoAKACgAoAKACgAoAKACgAoAKACgAoAKAP4tv+DRf/AJKV/wAFoP8As7PwV/6f/wBoSgD+0mgD/9D+/igAoAKACgAoAKACgAoAKACgAoAKAP5zP+DrL/lCp+0Z/wBjr8DP/Vs+F6APtP8A4IV/8off+Cd3/ZsPw9/9JJaAP1goAKACgAoAKACgAoAKACgAoAKACgAoAKACgAoAKACgAoAKACgAoAKACgAoAKACgAoAKACgAoAKACgAoAKACgD+bz/g7E/5Qm/tDf8AZRf2ef8A1dPg6gD1/wD4NkP+UG37CX/YF+Ov/rUPxuoA/eSgAoAKACgAoAKACgAoAKACgAoAKACgAoAKACgAoAKACgAoAKACgAoAKACgAoAKACgAoAKACgAoAKACgAoAKAPkn9v3/kxH9tb/ALNJ/aP/APVO+MqAP5Rf+DIn/k0j9tf/ALOM8F/+qztaAP7cKACgAoAKACgAoAKACgAoAKACgAoAKACgD+Lb/g0X/wCSlf8ABaD/ALOz8Ff+n/8AaEoA/tJoA//R/v4oAKACgAoAKACgAoAKACgAoAKACgD+cz/g6y/5QqftGf8AY6/Az/1bPhegD7T/AOCFf/KH3/gnd/2bD8Pf/SSWgD9YKACgAoAKACgAoAKACgAoAKACgAoAKACgAoAKACgAoAKACgAoAKACgAoAKACgAoAKACgAoAKACgAoAKACgAoA/m8/4OxP+UJv7Q3/AGUX9nn/ANXT4OoA9f8A+DZD/lBt+wl/2Bfjr/61D8bqAP3koAKACgAoAKACgAoAKACgAoAKACgAoAKACgAoAKACgAoAKACgAoAKACgAoAKACgAoAKACgAoAKACgAoAKACgD5J/b9/5MR/bW/wCzSf2j/wD1TvjKgD+UX/gyJ/5NI/bX/wCzjPBf/qs7WgD+3CgAoAKACgAoAKACgAoAKACgAoAKACgAoA/i2/4NF/8AkpX/AAWg/wCzs/BX/p//AGhKAP7SaAP/0v7+KACgAoAKACgAoAKACgAoAKACgAoA/nM/4Osv+UKn7Rn/AGOvwM/9Wz4XoA+0/wDghX/yh9/4J3f9mw/D3/0kloA/WCgAoAKACgAoAKACgAoAKACgAoAKACgAoAKACgAoAKACgAoAKACgAoAKACgAoAKACgAoAKACgAoAKACgAoAKAP5vP+DsT/lCb+0N/wBlF/Z5/wDV0+DqAPX/APg2Q/5QbfsJf9gX46/+tQ/G6gD95KACgAoAKACgAoAKACgAoAKACgAoAKACgAoAKACgAoAKACgAoAKACgAoAKACgAoAKACgAoAKACgAoAKACgAoA+Sf2/f+TEf21v8As0n9o/8A9U74yoA/lF/4Mif+TSP21/8As4zwX/6rO1oA/twoAKACgAoAKACgAoAKACgAoAKACgAoAKAP4tv+DRf/AJKV/wAFoP8As7PwV/6f/wBoSgD+0mgD/9P+/igAoAKACgAoAKACgAoAKACgAoAKAP5zP+DrL/lCp+0Z/wBjr8DP/Vs+F6APtP8A4IV/8off+Cd3/ZsPw9/9JJaAP1goAKACgAoAKACgAoAKACgAoAKACgAoAKACgAoAKACgAoAKACgAoAKACgAoAKACgAoAKACgAoAKACgAoAKACgD+bz/g7E/5Qm/tDf8AZRf2ef8A1dPg6gD1/wD4NkP+UG37CX/YF+Ov/rUPxuoA/eSgAoAKACgAoAKACgAoAKACgAoAKACgAoAKACgAoAKACgAoAKACgAoAKACgAoAKACgAoAKACgAoAKACgAoAKAPkn9v3/kxH9tb/ALNJ/aP/APVO+MqAP5Rf+DIn/k0j9tf/ALOM8F/+qztaAP7cKACgAoAKACgAoAKACgAoAKACgAoAKACgD+Lb/g0X/wCSlf8ABaD/ALOz8Ff+n/8AaEoA/tJoA//U/v4oAKACgAoAKACgAoAKACgAoAKACgD+cz/g6y/5QqftGf8AY6/Az/1bPhegD7T/AOCFf/KH3/gnd/2bD8Pf/SSWgD9YKACgAoAKACgAoAKACgAoAKACgAoAKACgAoAKACgAoAKACgAoAKACgAoAKACgAoAKACgAoAKACgAoAKACgAoA/m8/4OxP+UJv7Q3/AGUX9nn/ANXT4OoA9f8A+DZD/lBt+wl/2Bfjr/61D8bqAP3koAKACgAoAKACgAoAKACgAoAKACgAoAKACgAoAKACgAoAKACgAoAKACgAoAKACgAoAKACgAoAKACgAoAKACgD5J/b9/5MR/bW/wCzSf2j/wD1TvjKgD+UX/gyJ/5NI/bX/wCzjPBf/qs7WgD+3CgAoAKACgAoAKACgAoAKACgAoAKACgAoA/i2/4NF/8AkpX/AAWg/wCzs/BX/p//AGhKAP7SaAP/1f7+KACgAoAKACgAoAKACgAoAKACgAoA/nM/4Osv+UKn7Rn/AGOvwM/9Wz4XoA+0/wDghX/yh9/4J3f9mw/D3/0kloA/WCgAoAKACgAoAKACgAoAKACgAoAKACgAoAKACgAoAKACgAoAKACgAoAKACgAoAKACgAoAKACgAoAKACgAoAKAP5vP+DsT/lCb+0N/wBlF/Z5/wDV0+DqAPX/APg2Q/5QbfsJf9gX46/+tQ/G6gD95KACgAoAKACgAoAKACgAoAKACgAoAKACgAoAKACgAoAKACgAoAKACgAoAKACgAoAKACgAoAKACgAoAKACgAoA+Sf2/f+TEf21v8As0n9o/8A9U74yoA/lF/4Mif+TSP21/8As4zwX/6rO1oA/twoAKACgAoAKACgAoAKACgAoAKACgAoAKAP4tv+DRf/AJKV/wAFoP8As7PwV/6f/wBoSgD+0mgD/9b+/igAoAKACgAoAKACgAoAKACgAoAKAP5zP+DrL/lCp+0Z/wBjr8DP/Vs+F6APtP8A4IV/8off+Cd3/ZsPw9/9JJaAP1goAKACgAoAKACgAoAKACgAoAKACgAoAKACgAoAKACgAoAKACgAoAKACgAoAKACgAoAKACgAoAKACgAoAKACgD+bz/g7E/5Qm/tDf8AZRf2ef8A1dPg6gD1/wD4NkP+UG37CX/YF+Ov/rUPxuoA/eSgAoAKACgAoAKACgAoAKACgAoAKACgAoAKACgAoAKACgAoAKACgAoAKACgAoAKACgAoAKACgAoAKACgAoA8a8Y/tGfs9/DzXrrwr8QPjv8GvA3ieyjtpr3w54x+KHgjwzr1pDe28d1Zy3Wj61rtjqFvHd2ssVzbSS26rPbyxzRFo3VmAPi79uv9rL9lfWP2Iv2x9I0j9pf9n/VNV1T9lb9oXTtM0zTvjL8Or7UNR1C++Efi+2srCwsrbxJLc3l7eXMsVva2tvFJPcTyJFFG7uqsAfzi/8ABkT/AMmkftr/APZxngv/ANVna0Af24UAFABQAUAFABQAUAFABQAUAFABQAUAFAH8W3/Bov8A8lK/4LQf9nZ+Cv8A0/8A7QlAH9pNAH//1/68f+Cnn/BRT4Q/8Evf2RPH37U3xZibXZdIktPC/wAMvhzZ6jb6ZrXxV+KWvR3R8MeCNJu54rgWcUkdnqGu+JNXW0vX0DwhofiDXItP1OfT4dMvQD+Wz/gjCv7af/BwRf8A7T/7YP7a/wC23+1b8Ifgt4D8dwfCT4MfAj9i/wCM3iv9mbwFoPjW48PWXi/XNSm/4Qy5k1HXR8PND1/wWfDNz4tvPE+vapq2t3d54i1m9sbJdN1AA8e/ZJ/4LiftRf8ABKb/AIKl/Fj/AIJcf8FI/jt4l/aY/Zm8L/GNPhd4T/aQ+K0yah8YvhZpPiiHT9a+FfxE8ZeMpnGqeMfBmv8AhrxN4ZvfiVa+Lb7XtX8KJeXGv+F9ebTtDuvDfiEA/v6VldVZGDKwDKykFWUjIZSMggg5BBwRyM5oAWgD5R/bc/bL+Cv7AX7MvxQ/ap+PuszaX8P/AIZ6Ot0dP05I7jxF4w8S6jMmn+FfAvhOxkkiS+8TeLdcntNI0xJpbewsvPm1bWb3TtD07U9StQD/ADM/29P+Csf/AAcJftkWGtftHWnhL9tj9lD9kOewvNQ8Jxfs4/Dr47fCn4NaP4HeE6lDqHiX44+H9F0i+8fTXOiG3vNa8Sa/4uXw7dILm60PQvDmi3L6agB5Z/wTd/4OXf8Ago3+xV8VvC0vxk+N/wARf2uP2eb3V9FsviT8NPjr4o1b4k+LoPCkd7FHqepfDD4h+K9Un8W+GfF+m6VLdnRLS88QXXgu/uRb2+v+H7qOKyvLAA/1ivhH8VPA/wAc/hV8NPjV8MtZXxF8OPi74C8I/EzwFr6W9xaDWfB3jnQNP8TeG9TNneRQXlm97o+p2lxJZ3cEF3aSO1vcwxTxuigH8hP/AAdwf8FSP2hv2LNI/ZB+A/7Jvxt8ZfBT4nfETUfH/wAXPiJ4j+H2rro3iNPAfhi2sPBvgzRLq6WOWZ9E8U+INd8X38tuqpG9/wCBbSRy7woEAP4pP+H7H/BYT/pIh+01/wCF7N/8iUAf0Zf8Gw/7Y/8AwVF/4KBf8FGBD8cf20v2hfiN+zz+z98LPF3xP+JnhLxL4xubzwp4t1rWoU8A/DrwjrMcdvG0jy+IPElx44tbVnjiu4fh/fQzu0Je3uAD+i//AIOsv+UKn7Rn/Y6/Az/1bPhegD7T/wCCFf8Ayh9/4J3f9mw/D3/0kloA/WCgAoAKACgAoAKACgAoAKACgAoAKACgAoAKACgAoAKACgAoAKACgAoAKACgAoAKACgAoAKACgAoAKACgAoA8A/aL/ar/Zs/ZF8ED4kftO/HL4ZfAvwVNcyWNhrnxK8XaR4Zj1rUooTcPpHhyzv7mPUfE2tC3DTro3h+z1LVXhVpUtGRSygH8fP/AAcR/wDBaL/gmL+2h/wSw+O37P8A+zJ+1h4U+Knxf1bxv8FNS0rwXp/g34qaBdapY+G/ir4W1rXLnTdT8XeA/D+hXyadpVrc30wtdUmZoYJTErurIoB+0P8AwbIf8oNv2Ev+wL8dv0/ah+N1AH7yUAFABQAUAFABQAUAFABQAUAFABQAUAFABQAUAFABQAUAFABQAUAFABQAUAFABQAUAFABQAUAFABQAUAFAH+SL/wdgf8AKbT9o3/sn/7O/wD6o/wRQB/ODQB/pEf8GRP/ACaR+2v/ANnGeC//AFWdrQB/bhQAUAFABQAUAFABQAUAFABQAUAFABQAUAfxbf8ABov/AMlK/wCC0H/Z2fgr/wBP/wC0JQB/aTQB/9D5U/4PV/2nta8Yfti/s0/sl6fqrN4L+CfwQl+LOtaZA7Rxv8SfjH4n1nSZBqcavtup9H8DfD7wxc6RJKm6xh8W6wtuyjULoOAfup/wZm6fBZf8EmfHtzCirJq37aPxg1C6YdZJ4/hj8C9KV29WFrpltH/uxqO1AH8d/wDwdRafBZf8Fx/2v54UVG1TRP2b9QuNvG+df2Yvg/p5cjpuMVhEDjGcbj8zMWAP9EL/AIN8v2n9a/a1/wCCQ37G3xI8Wak2q+N/C3gTU/gn4xvJ5nub+51P4HeJ9Z+GGkalq1zIzS3Wr+IPB3hrwx4m1O6md5rm81qWed2mkdmAP2doA+Ef2u/2EfBX7afxQ/ZP1/4z+IxrnwS/Zh+JevfG2+/Z4v8AwzZ6r4R+MXxet/DreHvhN4k8ealealsl0D4SnVfFmuWPg86DfWPinXNasZNbvBpWkzaRq4B9zT2lrc2s1jc21vcWVxbyWk9nPDHLaz2ssZhltprd1aGS3kiZopIXRo3jYoylCRQB/jN/8F/f2ZPhj+yH/wAFdP2yPgn8GtK07w78NbPxd4M+IHhrwppMUFrpng5fjH8LvBHxb1fwppem2sMFpo+haFr3jXVLLwxo1pGtrpfhdNFs7cLFCiIAf6j/APwRE8GePPh//wAEkv8Agn34W+JUN7beLbP9mj4f6hPY6jF9nv8ATdD8QWcviLwdpN5bMTJa3Ok+DtV0DTZrScR3Nq9q1vdQwXMcsKAH8sPxy/4Lq/sQfsu/8F7P+ChXxU/aw+EXxV+Omh/Dn4cfDD9hn4HP8NPCPwx8dQ+CtJ+F+s6h4s/aCj1jS/iT488E2cN3efHGe8t9KfSLm4mFrpmqLfGGV4o5wD9pv2Tv+C//APwQg/az1zR/CGmeLPAfwJ8d6/fw6do/hH9pX4L6F8LxeXVzIIbaL/hPYbTxH8IrWa5naK3tbS9+I1te3U80UVtbSuStAH9DPhfwd4G8MRzXfgvwt4T8PRatDayXFz4X0PR9Jj1O3jWSSyeabSbW3W9hRbiWS1Z2lRVnkaIgSsXAP59/+DrMgf8ABFP9ozJA/wCK2+BY545Pxa8LAD6kkAep470Aeq/8ETv2sf2WPB3/AASb/YC8L+Lv2lvgB4W8TaF+zb4C07W/DviP4yfDrQ9d0fUILWUT2Oq6RqfiS11DT7yEnEttd28M0Z4eNc4oA/UX/htX9jb/AKO1/Zl/8Pz8LP8A5q6AD/htX9jb/o7X9mX/AMPz8LP/AJq6AD/htX9jb/o7X9mX/wAPz8LP/mroAP8AhtX9jb/o7X9mX/w/Pws/+augA/4bV/Y2/wCjtf2Zf/D8/Cz/AOaugA/4bV/Y2/6O1/Zl/wDD8/Cz/wCaugA/4bV/Y2/6O1/Zl/8AD8/Cz/5q6AD/AIbV/Y2/6O1/Zl/8Pz8LP/mroAP+G1f2Nv8Ao7X9mX/w/Pws/wDmroAP+G1f2Nv+jtf2Zf8Aw/Pws/8AmroAP+G1f2Nv+jtf2Zf/AA/Pws/+augA/wCG1f2Nv+jtf2Zf/D8/Cz/5q6AD/htX9jb/AKO1/Zl/8Pz8LP8A5q6AD/htX9jb/o7X9mX/AMPz8LP/AJq6AD/htX9jb/o7X9mX/wAPz8LP/mroAP8AhtX9jb/o7X9mX/w/Pws/+augA/4bV/Y2/wCjtf2Zf/D8/Cz/AOaugA/4bV/Y2/6O1/Zl/wDD8/Cz/wCaugA/4bV/Y2/6O1/Zl/8AD8/Cz/5q6AD/AIbV/Y2/6O1/Zl/8Pz8LP/mroAP+G1f2Nv8Ao7X9mX/w/Pws/wDmroAP+G1f2Nv+jtf2Zf8Aw/Pws/8AmroAP+G1f2Nv+jtf2Zf/AA/Pws/+augA/wCG1f2Nv+jtf2Zf/D8/Cz/5q6AD/htX9jb/AKO1/Zl/8Pz8LP8A5q6AD/htX9jb/o7X9mX/AMPz8LP/AJq6AD/htX9jb/o7X9mX/wAPz8LP/mroAP8AhtX9jb/o7X9mX/w/Pws/+augA/4bV/Y2/wCjtf2Zf/D8/Cz/AOaugA/4bV/Y2/6O1/Zl/wDD8/Cz/wCaugA/4bV/Y2/6O1/Zl/8AD8/Cz/5q6AD/AIbV/Y2/6O1/Zl/8Pz8LP/mroAP+G1f2Nv8Ao7X9mX/w/Pws/wDmroAP+G1f2Nv+jtf2Zf8Aw/Pws/8AmroAguv23/2L7K2uby5/a4/Zljt7SCa5uJP+F7/C59kMEbSyvsTxS7ttjVm2oju2MKrEgUAf5PHx8+OPxX/4ODP+CuVt/wAJj8XtD+Cnw6+KHjnV/C3wu1f4v+JrHTPh3+zV+zj4RttT1i2M8Oq65pGgR67/AMIxo9xrutabY6rpX/Cf/FXWprS3vrWXXLR7UA/RH/grx/wQj/4Jr/sOfsO6x+0X+yv/AMFDJvjv8YvBPiTwDpGu/DbVviT8BPGlt43sPFviW18Napf+FPD/AMOYdJ8UeGG0Ialb65L9svvGsIsNOvre5eH7Sl/ZAH1P/wAGhX/BWIfCTxl8S/8Agnx+0X8T9H8O/A/WfDWtfF34B+I/iN4y0nw94Z+GXjTStTin+IXgLT9S8T6nZWOnaJ8RrTWpvGdnpVrcQ2tn4s8PeIL+3sZtQ8a6teqAf3rf8Nq/sbf9Ha/sy/8Ah+fhZ/8ANXQAf8Nq/sbf9Ha/sy/+H5+Fn/zV0AH/AA2r+xt/0dr+zL/4fn4Wf/NXQAf8Nq/sbf8AR2v7Mv8A4fn4Wf8AzV0AH/Dav7G3/R2v7Mv/AIfn4Wf/ADV0AH/Dav7G3/R2v7Mv/h+fhZ/81dAB/wANq/sbf9Ha/sy/+H5+Fn/zV0AH/Dav7G3/AEdr+zL/AOH5+Fn/AM1dAB/w2r+xt/0dr+zL/wCH5+Fn/wA1dAB/w2r+xt/0dr+zL/4fn4Wf/NXQAf8ADav7G3/R2v7Mv/h+fhZ/81dAB/w2r+xt/wBHa/sy/wDh+fhZ/wDNXQAf8Nq/sbf9Ha/sy/8Ah+fhZ/8ANXQAf8Nq/sbf9Ha/sy/+H5+Fn/zV0AH/AA2r+xt/0dr+zL/4fn4Wf/NXQAf8Nq/sbf8AR2v7Mv8A4fn4Wf8AzV0AH/Dav7G3/R2v7Mv/AIfn4Wf/ADV0AH/Dav7G3/R2v7Mv/h+fhZ/81dAB/wANq/sbf9Ha/sy/+H5+Fn/zV0AH/Dav7G3/AEdr+zL/AOH5+Fn/AM1dAB/w2r+xt/0dr+zL/wCH5+Fn/wA1dAB/w2r+xt/0dr+zL/4fn4Wf/NXQAf8ADav7G3/R2v7Mv/h+fhZ/81dAB/w2r+xt/wBHa/sy/wDh+fhZ/wDNXQAf8Nq/sbf9Ha/sy/8Ah+fhZ/8ANXQAf8Nq/sbf9Ha/sy/+H5+Fn/zV0AH/AA2r+xt/0dr+zL/4fn4Wf/NXQAf8Nq/sbf8AR2v7Mv8A4fn4Wf8AzV0AH/Dav7G3/R2v7Mv/AIfn4Wf/ADV0AH/Dav7G3/R2v7Mv/h+fhZ/81dAB/wANq/sbf9Ha/sy/+H5+Fn/zV0AH/Dav7G3/AEdr+zL/AOH5+Fn/AM1dAB/w2r+xt/0dr+zL/wCH5+Fn/wA1dAB/w2r+xt/0dr+zL/4fn4Wf/NXQAf8ADav7G3/R2v7Mv/h+fhZ/81dAH+dp/wAHCH/BP/8AaJ/bh/4Kj/Gr9oz9lzUP2Zfif8GvFvg/4M6X4f8AGP8Aw3P+w/4K/tC/8KfCvwt4b1+D/hHviJ+0T4S8VWn2DWtOvbLzb3Q7aG68n7RZSXNpLFcOAfhh4s/4I3ft7eCPCvibxn4i8J/s5w+H/CPh/WfE+uzaZ+3z+wD4i1KLR9A0651XU5NP8P8Ahz9p7VvEOuX0dlaTtaaPoWlalrOpziOy0vT72+mgt3AP67P+DMz48/A34RfsrftjaZ8V/jP8J/hhqWrftA+D7/StP+IfxF8IeC77U7GL4c2tvLe6faeJNZ0y4vbSKcGCS4to5IUmBjZw4KqAf2Xf8Nq/sbf9Ha/sy/8Ah+fhZ/8ANXQAf8Nq/sbf9Ha/sy/+H5+Fn/zV0AH/AA2r+xt/0dr+zL/4fn4Wf/NXQAf8Nq/sbf8AR2v7Mv8A4fn4Wf8AzV0AH/Dav7G3/R2v7Mv/AIfn4Wf/ADV0AH/Dav7G3/R2v7Mv/h+fhZ/81dAB/wANq/sbf9Ha/sy/+H5+Fn/zV0AH/Dav7G3/AEdr+zL/AOH5+Fn/AM1dAB/w2r+xt/0dr+zL/wCH5+Fn/wA1dAB/w2r+xt/0dr+zL/4fn4Wf/NXQAf8ADav7G3/R2v7Mv/h+fhZ/81dAB/w2r+xt/wBHa/sy/wDh+fhZ/wDNXQAf8Nq/sbf9Ha/sy/8Ah+fhZ/8ANXQAf8Nq/sbf9Ha/sy/+H5+Fn/zV0Afyi/8ABoVf2GpfEL/gsteade2l/Z3n7VHgG/s7uyuYbq2urC91v9oSWyvbaeCSSKe0u4syWtzEzwzxjfFI680Af2qUAf/R/Fz/AIO2E1Nf+C0nxia/GLWT4QfAB9F+9zpg+HGmRykZ4/5DCasPlyvHPzbgoB/W3/wZs/8AKJHxR/2eF8ZP/UF+DtAH8d//AAdX/wDKcD9qv/sVf2cf/Wc/hdQB/aF/waAQX8P/AAR20KS8Ytb3X7SHxxn0oEEbLBZvDFtIoJJDA6pb6k+RgZcrglSaAP6jqACgDx79oH48/C79l74J/E/9oX41eJrbwh8LPhD4O1jxv401+52u1tpOj25l+yafal0k1PXNXu2ttG8PaLalr7XNdv8ATtH0+Ka+vreFwD/OY/4Jc/8ABMv4vf8ABwF/wUd+Mn/BUr9rXwffeEf2MdW+O+qfEG80bWobmRfjZdaBqUFn4L/Z+8H3NwIm1X4f+BPDOjeHvCHxL8ZwsYG0zR38HaLJ/wAJHqmo6h4RAP8AS+jto7OySz02G1sorW1W2sLeOBY7K0jgiEVrClrAYVS1gVY0WCExKsSCOMoApUA/ztP2jP8AgzD/AG0vG/iv4ifFLwn+3R8A/ir8Q/HninxT491x/iH4B+IXwrTxD4o8Vaxe+INZuZ7/AEOf4uGym1LU7+7m3SQXSJLKBLMELzIAfzOft4/8Ebf+Cin/AATetY/EP7Un7PWuaB8NrrUl0rTvjH4M1TR/iL8KLu8nlWCxt77xd4SvNRj8JXuqysY9H0jx5Z+FNb1Zo5jp+mXCwyMgB/XV/wAGbv8AwU2+KnxJuPiv/wAE2PjD4o1fxloPwx+Gf/C5/wBm3U9bn+2XngzwdoninRfC3xE+F66ncO97d6DFqHjfwn4i8DaS5dPDtrB4xsraVNJOkadp4B+y/wDwdbxiX/gij+0WpJGPHPwGkyMg5h+L/hOUDjHDFAp7EHByCRQB/PN/wT7/AODRv4D/ALZv7FP7NH7VPiH9sX4ueCNb+PHwo8N/EXU/CWi/DfwbqmleH7vXYXll02w1C+1iG8vLe3KYjnuIo5XzlkXpQB9h/wDEED+zd/0fd8b/APw1HgL/AOXtAB/xBA/s3f8AR93xv/8ADUeAv/l7QAf8QQP7N3/R93xv/wDDUeAv/l7QAf8AEED+zd/0fd8b/wDw1HgL/wCXtAB/xBA/s3f9H3fG/wD8NR4C/wDl7QAf8QQP7N3/AEfd8b//AA1HgL/5e0AH/EED+zd/0fd8b/8Aw1HgL/5e0AH/ABBA/s3f9H3fG/8A8NR4C/8Al7QAf8QQP7N3/R93xv8A/DUeAv8A5e0AH/EED+zd/wBH3fG//wANR4C/+XtAB/xBA/s3f9H3fG//AMNR4C/+XtAB/wAQQP7N3/R93xv/APDUeAv/AJe0AH/EED+zd/0fd8b/APw1HgL/AOXtAB/xBA/s3f8AR93xv/8ADUeAv/l7QAf8QQP7N3/R93xv/wDDUeAv/l7QAf8AEED+zd/0fd8b/wDw1HgL/wCXtAB/xBA/s3f9H3fG/wD8NR4C/wDl7QAf8QQP7N3/AEfd8b//AA1HgL/5e0AH/EED+zd/0fd8b/8Aw1HgL/5e0AH/ABBA/s3f9H3fG/8A8NR4C/8Al7QAf8QQP7N3/R93xv8A/DUeAv8A5e0AH/EED+zd/wBH3fG//wANR4C/+XtAB/xBA/s3f9H3fG//AMNR4C/+XtAB/wAQQP7N3/R93xv/APDUeAv/AJe0AH/EED+zd/0fd8b/APw1HgL/AOXtAB/xBA/s3f8AR93xv/8ADUeAv/l7QAf8QQP7N3/R93xv/wDDUeAv/l7QAf8AEED+zd/0fd8b/wDw1HgL/wCXtAB/xBA/s3f9H3fG/wD8NR4C/wDl7QAf8QQP7N3/AEfd8b//AA1HgL/5e0AH/EED+zd/0fd8b/8Aw1HgL/5e0AH/ABBA/s3f9H3fG/8A8NR4C/8Al7QAf8QQP7N3/R93xv8A/DUeAv8A5e0AH/EED+zd/wBH3fG//wANR4C/+XtAGbrH/BkJ8A4tI1WTQ/26PjJc63Hpt8+j21/8LPAsVjcaoltK2nwXssWuiWO0luxDHcyRnekLOyYYCgD+LP8A4J0fsj/CT9p79vP4Z/seftW/FTxJ+y9onj7xT4p+Gmo+NZNE0t9T8H/FTTtP1aHwz4R8RaZ4nutMt9Mm1/xpptv4FlF3JHPY6/qtjDOkafaHgAP6Gv8AgsX/AMGwXwU/4JjfsIfEb9rzwh+1d8Tfih4h8FeKfhr4dsPBfinwH4S8P6Tqg8deN9H8LXcsmo6XqtzfLPp1nqNxqEEUMDiVrXEm2Le6gH4qf8ETf+CXn/D2f9stv2b9Y8ZeKvhr4C0D4X+M/ib47+IfhTw5aeI7zw7Y6E+laPoNq1vqVxaaXC2u+Kdf0fTkN1cCR4Gu2tYpHhdogD+u/wD4ggf2bv8Ao+743/8AhqPAX/y9oAP+IIH9m7/o+743/wDhqPAX/wAvaAD/AIggf2bv+j7vjf8A+Go8Bf8Ay9oAP+IIH9m7/o+743/+Go8Bf/L2gA/4ggf2bv8Ao+743/8AhqPAX/y9oAP+IIH9m7/o+743/wDhqPAX/wAvaAD/AIggf2bv+j7vjf8A+Go8Bf8Ay9oAP+IIH9m7/o+743/+Go8Bf/L2gA/4ggf2bv8Ao+743/8AhqPAX/y9oAP+IIH9m7/o+743/wDhqPAX/wAvaAD/AIggf2bv+j7vjf8A+Go8Bf8Ay9oAP+IIH9m7/o+743/+Go8Bf/L2gA/4ggf2bv8Ao+743/8AhqPAX/y9oAP+IIH9m7/o+743/wDhqPAX/wAvaAD/AIggf2bv+j7vjf8A+Go8Bf8Ay9oAP+IIH9m7/o+743/+Go8Bf/L2gA/4ggf2bv8Ao+743/8AhqPAX/y9oAP+IIH9m7/o+743/wDhqPAX/wAvaAD/AIggf2bv+j7vjf8A+Go8Bf8Ay9oAP+IIH9m7/o+743/+Go8Bf/L2gA/4ggf2bv8Ao+743/8AhqPAX/y9oAP+IIH9m7/o+743/wDhqPAX/wAvaAD/AIggf2bv+j7vjf8A+Go8Bf8Ay9oAP+IIH9m7/o+743/+Go8Bf/L2gA/4ggf2bv8Ao+743/8AhqPAX/y9oAP+IIH9m7/o+743/wDhqPAX/wAvaAD/AIggf2bv+j7vjf8A+Go8Bf8Ay9oAP+IIH9m7/o+743/+Go8Bf/L2gA/4ggf2bv8Ao+743/8AhqPAX/y9oAP+IIH9m7/o+743/wDhqPAX/wAvaAD/AIggf2bv+j7vjf8A+Go8Bf8Ay9oAP+IIH9m7/o+743/+Go8Bf/L2gA/4ggf2bv8Ao+743/8AhqPAX/y9oAP+IIH9m7/o+743/wDhqPAX/wAvaAD/AIggf2bv+j7vjf8A+Go8Bf8Ay9oAP+IIH9m7/o+743/+Go8Bf/L2gDxr9oz/AIM0f2e/gh+z38d/jRpv7bPxl13UfhD8Gvif8ULDQ774YeCLSy1m98AeCNc8V2ulXl1b6289ta6jPpKWdxcQo80MUzyRqzqooA/Hz/ggp/wQC+Fv/BYT4NfHf4oeP/2h/H/wYvfhD8TtC8BWGleD/B3hzxNa6za6v4Vh8QyaheXGtajZy21xDLKbZIYUeNoxvLBiRQB+9H/EED+zd/0fd8b/APw1HgL/AOXtAB/xBA/s3f8AR93xv/8ADUeAv/l7QAf8QQP7N3/R93xv/wDDUeAv/l7QAf8AEED+zd/0fd8b/wDw1HgL/wCXtAB/xBA/s3f9H3fG/wD8NR4C/wDl7QAf8QQP7N3/AEfd8b//AA1HgL/5e0AH/EED+zd/0fd8b/8Aw1HgL/5e0AH/ABBA/s3f9H3fG/8A8NR4C/8Al7QAf8QQP7N3/R93xv8A/DUeAv8A5e0AH/EED+zd/wBH3fG//wANR4C/+XtAB/xBA/s3f9H3fG//AMNR4C/+XtAB/wAQQP7N3/R93xv/APDUeAv/AJe0AH/EED+zd/0fd8b/APw1HgL/AOXtAB/xBA/s3f8AR93xv/8ADUeAv/l7QA//AIMy/h/a/DTVv+Ctfgyz1G41S38GfHL4JfD+3vrmGOCa+tfBFz+0PpVtqM0URZIri/jfzp4UZo4nG2MkEmgD+4qgD//S+dP+D1z9lTXvDH7UH7MP7Zel6XO3gn4sfCOf4F+KNTgRntLD4i/CzxDr/irRhqUhXFteeKfBfjnyNIi3lbu38AaxIkaPaTvKAftZ/wAGZGrW+o/8EnviNZQyK02g/trfFzTLpB96OW4+FPwG1qMMOuGt9WhZWxg8gZKtQB/Hh/wdOarb6n/wXH/bEit5Y5RpGl/s5aVK0ZDKtxH+zD8HryaIsODJC96YpACSkiNG210dFAP9HL/ghB+yzrf7HX/BJr9jH4M+LdNbSfHM3w0n+KXjvT54Ht9R07xT8bPEmt/Fq70PWYpArJrHhSy8Y6f4P1CMjEM3h/yFaRIlkYAwf2g/+C/v/BJz9l79o27/AGV/jJ+1bougfFnRNah8NeM4tK8F/ELxZ4P+HniOeeO2/sLx3488LeGNX8KeH9Usrl/I8QW0uqSHwhLHOPGDaB9nn8oA/Xi28SeHbzw7B4vtNe0a68JXWixeJLbxRb6pZTeHrjw7PYrqkOvQ61HO2nS6NLprLqEeqJctZPYst2s5gIegD+In9rb9vb9iz/gtx+1pdfAL40/t2/Ar9mT/AIJH/sm+PrC98aaV4p+Nnhb4b/FD/goT8ZdCYzwJ4cs9R1rT9b0P9nDwkXaHTfFxihfxJcTz614ae68R3Wi6x8IwD+g7QP8Agr//AMETP2e/hn4d8EeBP26P2MfBnwz+HPhqy0Dwn4H+GPxE8K6xp/h3w3odqttYaP4e8I+Azq98Yra3iWO3sNO06a6nfJSGaaQswBzH/BLv/gqbZ/8ABQnw5+3h+1pPqnhr4f8A7C/wZ+OE3wt+AXjHxpaR+Br6TwP8Kfhb4d8XfF34vfEfXfEN/bW+m6B4g1HxZaa7pK6pb6JH4P8ADFkNP1tF1m01t4gD7p/Zj/4KA/sTftnXOu2H7LH7UXwW+OWseGI5LjxD4c8BeONI1TxXo9gl19iGr6h4TeeDxJbaFPd4t7PXpNLGjX0hVbO/n3KKAPov4j/DjwF8X/AXi74XfFHwjoHj34d+PtA1Lwt4z8GeKdNt9X8P+JPD+r2z2uo6Vqun3SPDcW1zBIRyA8ThJoXSaKN0AP8AP1/4NnP2IZvhT/wXb/4KR3Hw3bU9T/Z9/YouP2kf2edG8YTTXV3HqWoat8eo/Bvw00C/1LyLe11LVLnwT8PPFus6lIpdDeaFHdQxyw3VtdKAf0Gf8HWX/KFT9oz/ALHX4Gf+rZ8L0Afaf/BCv/lD7/wTu/7Nh+Hv/pJLQB+sFABQAUAFABQAUAFABQAUAFABQAUAFABQAUAFABQAUAFABQAUAFABQAUAFABQAUAFABQAUAFABQAUAFABQB/FL/wXB/4NWNf/AGz/AI8eN/2xv2EfH/w/8BfFP4oXzeI/jH8EvifJqXh/wV4v8aPAF1bx74C8ZeH9F11vD/iXxZLDFfeJfDniLRTo2teJrvVPE58X6JLqFzYSgH8u/wDwUO/4JF/8FuP2Y/2W9W+MP7dfjDxT4j/Zw+Des+EdK0zS/E/7V5+MWj6PqXivXbXwj4ebwd4Ebxf4gGmAX2vGF5o9L0k2dnPetnY7JKAf2q/8GlP7Hfwc+B3/AASz8AftNeFNMurn4xfti6p4z8S/FjxTqb280yaZ8Kviv8TPhj4D8GeH1htoX0/wxo2maHe69Jbzy3l5feJ/E+vX1xeGx/sjTdKAP6jaACgAoAKACgAoAKACgAoAKACgAoAKACgAoAKACgAoAKACgAoAKACgAoAKACgAoAKACgAoAKACgAoAKACgAoA+Sf2/f+TEf21v+zSf2j//AFTvjKgD+UX/AIMif+TSP21/+zjPBf8A6rO1oA/twoAKACgAoAKACgAoAKACgAoAKACgAoAKAP4tv+DRf/kpX/BaD/s7PwV/6f8A9oSgD+0mgD//0/7Jv+Cgn7CfwV/4KP8A7K3xI/ZS+Otpcr4W8cW1tfaB4q0mG1fxP8OPHmiPJdeEviD4Tmu4pIoda0C9Z0mgbbba3oV7rXhnUy+j63qMEoB/Lf8A8EiPgd/wUg/4N9/E37TX7Nnxp/Ym+N/7av7L/wAUvFWmfEr4S/Gb9iGz8GfETUF8c2Wlv4Yuhr/w98Y+OfAniPw3Z+MfDum+FrbW/wC2Et/+EQ1rw6n2S68WeH9TOvWQB5/+xP8A8ECP2nf25/8Agpj8Tf8Agq1/wVb+Gmm/BTwN4m+NFz8Zvh3+yNqPiHQ/GnjXxPNpF5ZD4VeHfinJok2p6FpHw98C+HdI8N6dq2g6jdJ4n8dXehPpeveF/DXh68uYtQAP7oqAP8lv9uv/AINzf+Cs+mft4fGTwr8O/wBm3x18e/B/xU+M3jXxf8Pfjt4avtAm8DeJPDfjvxhqWt6drfj3xPqWsWdj8PtftYtT8vxhYeM59JNpqltqFzps+saLLpur6gAf0zf8FOP2MP8AguTbf8E4v2Of+CT37CXwaPxS+Fvg/wDZW+GPgj9rX9orw98dvgf8PtS8feINA06fw5qf7P3hXS/ip8Tfh94v034Z6bBo9rf67rUWmSL478Lat4b8HPdWGmaf430PXwD+UP8A4hcv+C6//RjP/mzP7Hf/ANEFQAf8QuX/AAXX/wCjGf8AzZn9jv8A+iCoA/uf/Yj/AOCNXxD0j/g3m1L/AIJg/GmYfAr49/GvwR8VdR+JupWeo6H4xg8G/E7xd8UNT8ZeDv7VvfAviLUND8TaXpOh6L8P9A8TwaD4mvLbVtIstSsoL4ifykAP4iNV/wCDez/gvT+xr8bNL8UfBv8AZ++Itx408C67He+Afjn+zH8WfCk8RuYy8cOt+HNZ07xb4b8c+HredDLDPD4o8P8Ahm8a2klg1CwFpcYuAD+vT9j7/iLD/aF+F9h8HP2jbz9lL9jfw1eabDo+vftY+NvCfh/xx+1p/YTxxWF7qfgn4b/Cz4l6z8ID47MPnS293438FeAYYZDJqUM6Xq2TzgH9BP7A/wCwR8Av+Cc/wA0n4AfALS9VfT21W+8XfEH4g+Lr2PWviT8YPiTraW48SfEn4k+I1t7Ztb8Ua21tbxZjgttP0vTbWx0fSbOz06xt4KAPyh/4Osv+UKn7Rn/Y6/Az/wBWz4XoA+0/+CFf/KH3/gnd/wBmw/D3/wBJJaAP1goAKACgAoAKACgAoAKACgAoAKACgAoAKACgAoAKACgAoAKACgAoAKACgAoAKACgAoAKACgAoAKACgAoAKACgD+bz/g7E/5Qm/tDf9lF/Z5/9XT4OoA9f/4NkP8AlBt+wl/2Bfjr/wCtQ/G6gD95KACgAoAKACgAoAKACgAoAKACgAoAKACgAoAKACgAoAKACgAoAKACgAoAKACgAoAKACgAoAKACgAoAKACgAoA+Sf2/f8AkxH9tb/s0n9o/wD9U74yoA/lF/4Mif8Ak0j9tf8A7OM8F/8Aqs7WgD+zv4keNovhr8PvG/xCn8MeNfGsHgfwrr3iubwh8N/DN74z+IPieLQdNudTfQfBHhDTf+Jh4n8VaqtsbLQdBsf9L1bUp7axt/3syUAfzofEL/g6+/4Jf/CPxfrHw++K3hL9s74Y+PfDs6W3iDwR8Qv2Z9X8F+L9CuZIkmjt9Y8NeJPEmm6zpk7wyRzJFfWUEjRSJIFKMrUAW/h1/wAHWH/BM34wa1P4a+Evgb9tn4o+I7Wwm1W50D4dfsv65421q30u3kiiuNSn0rw14i1O+hsIJZ4IprySBbeKSaJHkDSIKAOp8Nf8HUX/AAR7v/Fsngn4g/Fb4yfAnxDb3UNjeWnxl/Z3+K2htpl7Pt8u21eLwzoHi660YjejS3Gq21nZ28Tiee5igDyoAfuj8Df2gfgf+018PNK+LP7PXxZ+H/xn+G2tM8On+M/hx4o0nxXoTXkMcUl1pd1d6TdXI07WrATwrqeiaitpq+lzOINQsrafMdAB8d/j/wDBT9mD4X+JvjT+0J8T/B3wg+Fng+2W58QeNvHGs22jaPaNKSlpYW7TN9o1TWtTnxZ6LoGkwX2t63qEkOnaRp97fTw27AH8xfir/g8w/wCCUegeOP8AhGNF8Bftg+OPDMd3c2s/xH8O/Cr4fWHhyWOObyrXUdO0bxf8YfC/ja4065VWuJP7Q8MaTqltbtF/xK5rlpLWIA/oI/Yi/wCCgX7JX/BRL4Ur8YP2S/i9oPxN8OWb2Np4r0SPztI8dfDzWb+GaaDQPiF4J1SO28QeFdTlFreCwkvrT+ytdisrq/8ADep61paLfuAfZdABQAUAFABQAUAfxbf8Gi//ACUr/gtB/wBnZ+Cv/T/+0JQB/aTQB//U/v4oAKACgAoAKACgAoAKACgAoAKACgD+cz/g6y/5QqftGf8AY6/Az/1bPhegD7T/AOCFf/KH3/gnd/2bD8Pf/SSWgD9YKACgAoAKACgAoAKACgAoAKACgAoAKACgAoAKACgAoAKACgAoAKACgAoAKACgAoAKACgAoAKACgAoAKACgAoA/m8/4OxP+UJv7Q3/AGUX9nn/ANXT4OoA9f8A+DZD/lBt+wl/2Bfjr/61D8bqAP3koA/Az9rH/g4z/Yb/AGIviXrnwt/aa+E/7bvwr1vS/Enifw7o2teKv2XfEugeD/iDH4V1abSbzxN8MvE3iDWNH0/x34OvniivtH8R6Cbmwv8ATbyyu1ZFuUSgD5u0T/g7r/4JK+JdY0zw94cg/au8Qa/rd/a6Xo2h6J8AZdV1jV9Tvpkt7LTtM0yx8Wz3t/f3lxIkFraWkMtxcTOkUUbOyrQB6h4k/wCDpD/gmF8OvENj4a+NmmftffADUb/5oU+M37KXxJ8JS/ZwsbNeDTIYdU1y4to1liLtZ6XdSASxkRsHQ0Afq9+x9/wUa/Yf/b50e+1j9kT9pT4b/GmTSLSLUNc8NaJqF5onxA8O6fM8UUOoeI/hr4tsfD/xB8P6dNPOlrDqOseGbKxmu91rDcPcJIigH2tQB8d/te/8FAv2Mv2DPCP/AAmf7Wv7RHw5+DNhPaTXmj6Hr+rm/wDHnimGAusv/CG/DjQIdW8e+MGjkQxS/wDCN+HNUW2fm5eBNz0AeQ/8EzP+CoPwA/4KsfCv4qfGn9m7QPiRo3w9+GPxp1n4K/b/AImaLo3h7VPFWqaL4O8FeMZfEujaRpHiHxDNZ+Hr6z8bWUGnprcum64zWs73+j6e7LDQB+kVABQAUAFABQAUAFABQAUAFABQAUAFABQAUAFABQAUAFABQAUAFABQAUAFABQAUAFAHyT+37/yYj+2t/2aT+0f/wCqd8ZUAfyi/wDBkT/yaR+2v/2cZ4L/APVZ2tAH9uFAH+aH/wAHsnhnRdP/AG9f2VvFVnYW1trXiT9k5dO1q9hghin1GHw58WvH50l7yWNFkuZrWPWru3jknaR0tlhgQrFEiKAfSH/BjhY2Unj/AP4KP6lJaWr6jaeD/wBl6xtb94Imvbay1DWvjrPf2lvdFDPDa3s+mabNdwRusVzLp9lJMjvawMgB9Rf8Hrv7Knw4vf2av2Y/20NM8M6VYfFrwx8dLf8AZ88TeJ9O0y0ttX8UfD7x74A8d+ONFtfE+pxRpd6ra+C/EPw1ki8LxXjzrpTeN/EC2nkpqNwrgH893/Bqh+2N8Tv2d/8Agqz8Ivgno/iPVB8Hv2s4PFPwv+J3go3kzaHfazp3grxL4r+HPi6LTHL2aeJfD/ivQrLSrfV0ijvovDXiLxNpkdx5GoyxOAf1Zftk/sB/GH/g4b/bR+LHhf4i/G3xv8B/+CXn7CfxCvvgr4I0rwRo9qPF/wC0d+05oWjpb/G7x3oL+Ira58PwaL8Ndb1Sf4XaZ451fSfF2mRnRNe0rwVpEV74i8ealYAH4p/8Fn/+DUPwf+xJ+yv45/a5/Yo+MfxY+J3hn4L2P/CTfF/4VfGhfCet+ME+Hyz2VtrHjbwX4r8BeEPBGmXCeCEmn17xToWs+GYQfCMGq61aa+t3oA0nXAD8rP8Ag2G/ao8ffs3/APBXn9m7wroPibU9N+Hf7Seqax8Cvix4Vgcy6V4usfEnhnX5/AD31myyRJf+GfiXb+FtZ07V4Ui1CxtF1jTI7qLS9d1m3uwD/XooAKACgAoAKACgD+Lb/g0X/wCSlf8ABaD/ALOz8Ff+n/8AaEoA/tJoA//V/v4oAKACgAoAKACgAoAKACgAoAKACgD+cz/g6y/5QqftGf8AY6/Az/1bPhegD7T/AOCFf/KH3/gnd/2bD8Pf/SSWgD9YKACgAoAKACgAoAKACgAoAKACgAoAKACgAoAKACgAoAKACgAoAKACgAoAKACgAoAKACgAoAKACgAoAKACgAoA/m8/4OxP+UJv7Q3/AGUX9nn/ANXT4OoA9f8A+DZD/lBt+wl/2Bfjr/61D8bqAP3koA/lB/4PIfDOi6z/AMElfD+uX9hbT6r4R/ax+EOo6DfyQQvd6fNqnhX4maDqCW1yyGaCK80/UpkuY4nRJzFbmUP5EewA/iT/AODaqxstQ/4Le/sGQX9pa3sEfjD4r30cN3BFcxJe6Z+z18XNS027SOZHRbrT9RtLW/sp1Altby2t7qB0nhjdAD/Se/4L4/sqfDj9q7/glD+2dovjjwzpWseIfhD8DPiP+0H8LNduNMtLvXvCXxB+CfhTU/iLp114Y1CaM3Wj3XiWx8O3/gnWZbKaFr/w34k1fTLnzba6kjYA/wAhj9lP9p34ufsa/tCfCr9pb4HeJtQ8LfEf4T+LdK8T6RdWV3Pa22sWlpcxtrHhTX4oWCan4W8WaV9r8P8AibR7pJ7PVNF1C8s7mCWOUrQB/tRfHn4X/Ff9r74R/DKP4M/tX/E79kbwj410zT/FfjnxH8HfCXw+1b4v+KPBvijw7aX2l+G/B/j34haP4q0n4WX8D3ourvxVpHgvW/EDlYodKu9FMctxOAf5cP8Awcpf8E//AA1/wT1/4KGaV4E8J/GL44fHLS/jP8BfBnx4u/HH7RXjiP4kfFhvEGt+NPiP4A13TvEPjkaVo1x4kQ3fw5XWrG+vbBLuG21tdNlmujYC5lAP61P+DKH/AJRs/tJ/9nw+MP8A1Qv7P1AH9jdABQAUAFABQAUAFABQAUAFABQAUAFABQAUAFABQAUAFABQAUAFABQAUAFABQAUAFAHyT+37/yYj+2t/wBmk/tH/wDqnfGVAH8ov/BkT/yaR+2v/wBnGeC//VZ2tAH9uFAH+bF/we4f8npfsc/9mva5/wCrX8T0Aekf8GUHxH+Hvw48Tf8ABSDUfiH488GeA9PufDH7LZt77xn4o0PwvZ3AtNT+Pz3ZhutcvrGGUWqTQtcGN28lZYjJtDpuAOs/4O/v+Cp/7MH7QPwo+A37DX7N3xd8C/G/WvDvxgHx4+MPij4YeJNL8ZeDvB83hbwZ4t8CeC/Bkni/QLnUPD2qeItWk+IHinVdb0bTNSurvw0vh7S01uKyudUtLegDwf8A4NNf+CQfx28XftU+DP8AgpP8Z/AfiH4efAP4L6H4mvvgZceLdMv9EvfjX8RfGvhfVfB1nr/hPTL+1gn1X4deDvD3iDXNWn8YxvFpWo+Lv+Eb0zw/LrYsfFP9igH+lDQB+WX/AAW3+N/gn4Af8Emv2/PG3jueyTT9e/Zj+Kvwk0OxvmhKa141+N3hbUPhH4J0hLaZgb5bnxN4z02W+tYVeUaVBqFyVWG2mliAP4KP+DR7/gnN42/aO/by0/8AbW8RaJd2nwE/Y3Oq6hba7dRzQWHjD47eJ/DOo6L4N8H6RKUjXUJfB+la3d/EPxHJZ3Df2JPZeC7PVImt/FlokoB/qSUAFABQAUAFABQB/Ft/waL/APJSv+C0H/Z2fgr/ANP/AO0JQB/aTQB//9b+/igAoAKACgAoAKACgAoAKACgAoAKAP5zP+DrL/lCp+0Z/wBjr8DP/Vs+F6APtP8A4IV/8off+Cd3/ZsPw9/9JJaAP1goAKACgAoAKACgAoAKACgAoAKACgAoAKACgAoAKACgAoAKACgAoAKACgAoAKACgAoAKACgAoAKACgAoAKACgD+bz/g7E/5Qm/tDf8AZRf2ef8A1dPg6gD1/wD4NkP+UG37CX/YF+Ov/rUPxuoA/eSgD+WD/g8M/wCUP83/AGdD8Ev/AEg8d0Afw1f8G3GuaL4b/wCC1/7DWt+ItY0vQNFsPEfxikv9X1rULTStLso5P2c/jDBG93qF9Nb2lskk8sUKNNMgaWSONcu6KwB/fX/wX+/4K8/scfs+f8E6v2pPhD4U/aB+E3xJ/aG/aE+EXjf4BeBPhR8OfHnhrxx4ush8WdBvvA/ibxf4m0/wxqOqS+DtB8K+E9Z1/W7fV/Ea6bbaprGn2Oh6VJd6leJCgB/nb/8ABIv/AIJLftDf8FUf2kfBfgPwN4M8S6b8ANE8V6TN+0D8dptMvrTwR8PvBNncW1/4g0m08SSWkmmah8Std0bzbDwT4OtJJ9TvdTvbXU9Rh0/wvY63rmmgH+0FpemWGiaZp2jaVbR2Wl6RYWemabZw5ENpYWFvHa2dtEGLMI4LeKOJNzMdqDJJ5oA/zJv+D1v/AJSafs6f9mJ+Av8A1oD9pCgD9zv+DKH/AJRsftJ/9nxeMf8A1Qv7PtAH9jVABQAUAFABQAUAFABQAUAFABQAUAFABQAUAFABQAUAFABQAUAFABQAUAFABQAUAFAHyT+37/yYj+2t/wBmk/tH/wDqnfGVAH8ov/BkT/yaR+2v/wBnGeC//VZ2tAH9uFAH+bF/we4f8npfsc/9mva5/wCrX8T0Aeef8Gjv7Av7HX7dHir9uy1/a3+APgj4623wy0D9nW68BweNE1Z4/DVx4s1H40xeI5bBdM1TTQW1aPw7oqXP2gTjGnweWI/3m8A/vM+Dn/BI3/gmH8Adah8S/Cb9g/8AZf8AC/ia1MbWPiab4S+FfEniPTHibckuka94ssNc1bSJiSDJNpl5ZyzbUEzPsRVAP0RjjjijSKJEiiiRY4441VI440UKiIigKiIoCqqgKqgAAAAUAOZgoLMQqqCzMxACgDJJJ4AA5JPAHJoA/iX/AG79N+MP/BzH+2hpv7GX7MHinUfBn/BKr9iv4hm7/aU/ar0uJLvw58ZfjpZWs1hfeHPhBLOkmmeOdV8H6DqOp+HfBV1D9o8M6a3iDxH8SvEMmr6BqPwxsvEIB/WR8Efgl+zR/wAE9f2XdG+F/wAMdH8L/BL9nL9n3wJq2rX15qF5BY6Xofh3w9YXWv8AjLx9448R3pjfUNUu0t9T8UeM/FmszPdX95JfanfTncdgB9A+E/FXh3x14V8M+N/CGrWmv+E/GXh/RvFXhfXbBmex1rw74h0621fRNWsndUd7TUtNvLa8tmZEZoZkLKpOKAOgoAKACgAoAKAP4tv+DRf/AJKV/wAFoP8As7PwV/6f/wBoSgD+0mgD/9f+/igAoAKACgAoAKACgAoAKACgAoAKAP5zP+DrL/lCp+0Z/wBjr8DP/Vs+F6APtP8A4IV/8off+Cd3/ZsPw9/9JJaAP1goAKACgAoAKACgAoAKACgAoAKACgAoAKACgAoAKACgAoAKACgAoAKACgAoAKACgAoAKACgAoAKACgAoAKACgD+bz/g7E/5Qm/tDf8AZRf2ef8A1dPg6gD1/wD4NkP+UG37CX/YF+Ov/rUPxuoA/eSgD+WD/g8M/wCUP83/AGdD8Ev/AEg8d0AfwRf8EFfgN8IP2nP+Ctf7HvwM+PfgPRfid8JPHuv/ABRtvGHgXxD9s/sbX4NF+BXxQ8TaXFe/YLqyuytlr2i6XqUQiuos3FlEH3x70YA/1JfBf/BDf/gkN4B1ez13w9/wTy/Zhl1HT5luLRvE/wAO7Dx1Zxzp/q5W0vxw/iLS5nibEkRns5fKlVJo9syo6AH6a+FPCHhPwJoOn+FfA/hfw74N8MaTF5GleHPCmiab4d0HTIM58nT9H0i1s9Ps4s8+Xb28SZ5xzQB0VAH+Yv8A8Hrf/KTT9nT/ALMT8Bf+tAftIUAfud/wZQ/8o2P2k/8As+Lxj/6oX9n2gD+xqgAoAKACgAoAKACgAoAKACgAoAKACgAoAKACgAoAKACgAoAKACgAoAKACgAoAKACgD5J/b9/5MR/bW/7NJ/aP/8AVO+MqAP5Rf8AgyJ/5NI/bX/7OM8F/wDqs7WgD+3CgD/Mq/4PU/iL4R8Tf8FBv2c/AWha3puq+Ivhv+yzZDxpY2F5DdzeHdQ8XfEvxvquk6PrEcLOdP1WbRLWz1z7BclLr+ydY0m/MS22oWsk4B71/wAGQPxG8I6N8dv29fhbqWt6dZ+NPHvww+B/i/wrodzeQQajrWjfDfxL8SNO8WXGm2khEt8NIl+Inhp737Pua2ivY5ZF8os6AH+i3QAUAfwff8HP3/BwRH4MsvHf/BND9iTxtu8aahDf+E/2tfjX4Wv/AJfB+nXEclprXwD8DaxZy8+LNRieWw+LGuWUu3wvp73PgG1mfxLe+KE8JgH4Vfs7f8HU/wDwUC/ZQ+DPgL9n/wDZ/wDgV+wt8NfhP8NtEg0Pwr4V0L4LfEqKCCFCZbzUtSu3+OL3uteIdbvpLjV/EXiLVZ7vWdf1q8vdW1a9u7+6uLhwDH+L3/Ben/gqt/wV71T4a/sBeNPHnw9+H/w//aj+Lfwv+DfiPwz8Dfh7/wAIheeMU8e+PNA8O6doeteINY1vxX4nbQX1LULSXUdH03V9Osdagi+wa5HqOmTXFpKAf6y3h7QNI8K6BofhfQLKLTdB8N6PpmgaJp0AxBYaRo9lDp+m2UIOSIrWzt4YIwTwiAc0AbFABQAUAFABQB/Ft/waL/8AJSv+C0H/AGdn4K/9P/7QlAH9pNAH/9D+/igAoAKACgAoAKACgAoAKACgAoAKAP5zP+DrL/lCp+0Z/wBjr8DP/Vs+F6APtP8A4IV/8off+Cd3/ZsPw9/9JJaAP1goAKACgAoAKACgAoAKACgAoAKACgAoAKACgAoAKACgAoAKACgAoAKACgAoAKACgAoAKACgAoAKACgAoAKACgD+bz/g7E/5Qm/tDf8AZRf2ef8A1dPg6gD1/wD4NkP+UG37CX/YF+Ov/rUPxuoA/eSgD+Sj/g8q+IvhHw5/wSx8E/D/AFPW9Ng8YfEf9qb4anwt4de8hXWNT0/wl4W+IGs+JNYtdO3G6n0rRVbS7PU79I/stne67o1tPKk+o2cc4B/D7/wbx/Ebwj8K/wDgs7+wX4u8ca3p3h7w8/xP8T+EG1bVryDT7CHWfiR8KfH/AMOfC1vPeXJWCE6j4p8V6Np0HmsqvcXcUe5S4agD/ZZoAKACgD/LP/4PJfir4K+If/BVrwR4W8I67pmuaj8Gv2Rvhl8O/H8em3kV2/h/xve/En4y/ER/DuoiEsttqVt4T8c+EtTntWczQpq8SzJFIGRQD94P+DJX4g+Fb79h79rX4VW+r2D+NvC/7Vi/EHVtAF3EdUtvCvjz4RfDrw54e1eSxz562F7q3w58T2UN3tMT3Gnzw5V48MAf2oUAFABQAUAFABQAUAFABQAUAFABQAUAFABQAUAFABQAUAFABQAUAFABQAUAFABQAUAfJP7fv/JiP7a3/ZpP7R//AKp3xlQB/KL/AMGRP/JpH7a//Zxngv8A9Vna0Af2d/Ej4feFviz8PvG3wv8AHFrqd74M+IfhXXfBfiuz0XxL4m8G6vd+HvEum3OkaxbaZ4s8Gax4f8XeGr6awu547XXPDOu6PrumTMl3pep2V5FDcRAH4ian/wAGwv8AwQ61rULzVtY/YqvtW1XUbmW81DU9T/ak/bLv9Qv7udzJPdXl7dftDzXN1czSMXlnnleWR2LOzE5UAn0P/g2P/wCCInhjVrHX/DX7GWq+Htd0uYXOma1of7VX7Z+k6tp1wFZBPY6lYftEW95aTBHdBLbzI+1mXJBIoA/b/wAC+C/D/wAN/BHg74d+EoNRtfCvgLwr4e8F+GbbV9f1/wAVatb+H/C2kWeh6NBqfijxXqeteKfEmoxadY20d7r/AIl1nVtf1i5WXUNY1O/1G4ubqUA6eSNZY3ifdskRo22u8bbXUq22RCro2CcOjK6nlSCAaAPwLuf+DXv/AIIYXtzcXl5+xDPd3d3PLc3V1c/tPftjz3NzczyNLPcXE8v7QjSzTzSu0kssjM8kjM7sWYlgCD/iFy/4IUf9GM/+bM/tif8A0QVAHq3wM/4N3/8Agjr+zb8X/h18evgx+x3B4R+K/wAJ/FOmeNvh/wCKLj48ftOeK4/D/inRpfP0rV18PeNPjT4i8L6nPYXAW5totZ0XUbaO5SK4EAmhidQD9qKACgAoAKACgAoA/i2/4NF/+Slf8FoP+zs/BX/p/wD2hKAP7SaAP//R/v4oAKACgAoAKACgAoAKACgAoAKACgD+cz/g6y/5QqftGf8AY6/Az/1bPhegD7T/AOCFf/KH3/gnd/2bD8Pf/SSWgD9YKACgAoAKACgAoAKACgAoAKACgAoAKACgAoAKACgAoAKACgAoAKACgAoAKACgAoAKACgAoAKACgAoAKACgAoA/m8/4OxP+UJv7Q3/AGUX9nn/ANXT4OoA9f8A+DZD/lBt+wl/2Bfjr/61D8bqAP3koA/Fr43f8G8//BIb9pD4meLvjD8cv2WfEPxJ+I/jnxDrvijxH4k8Q/tRftgO8+reI9Xvdd1VdM0uz+PtponhzSG1PULqWw8OeG9M0jw7o0EiWOjaVp9hDb2sQB5N/wAQuX/BCj/oxn/zZn9sT/6IKgD9av2Vv2RvgL+xV8MZvg5+zl4Y8TeD/h1L4jvfFa6F4o+K3xb+L1xa6xqGl6No1yNN8QfGXx18QPEulaR9g0DTEtvDemaza+HLGeO7vrLS4L/U9TubsA+lKAPmX9qH9kD4EftkeEtD8DfH7RfHuveGPDusy6/pth4E+OPxz+B076lNYT6a51bVfgX8R/hvrHiCx+yXEyppGv6hqWkRzlLyOxS8iiuEAPyiuf8Ag17/AOCGF7c3F5efsQz3d3dzy3N1dXP7T37Y89zc3M7tLPcXE8v7QjSzTzSs0kssjM8jszuxYksAdN4L/wCDa/8A4IxfDbXI/E3w6/ZO8W+AfEkUEtrF4g8F/teftt+Ftcitp2jaa3j1bQ/2j7C/SCZoomliW4WORooy6kopoA/anwR4O0L4d+C/CHw/8LR6pF4Z8C+F9A8HeHYtc8ReIvF+tR6F4Y0q00XSI9X8WeL9V13xZ4o1RNPsrddQ8ReKNb1nxFrV2JdS1rVdQ1K5ubucA6igAoAKACgAoAKACgAoAKACgAoAKACgAoAKACgAoAKACgAoAKACgAoAKACgAoAKAPkn9v3/AJMR/bW/7NJ/aP8A/VO+MqAP5Rf+DIn/AJNI/bX/AOzjPBf/AKrO1oA/twoAKACgAoAKACgAoAKACgAoAKACgAoAKAP4tv8Ag0X/AOSlf8FoP+zs/BX/AKf/ANoSgD+0mgD/0v7+KACgAoAKACgAoAKACgAoAKACgAoA/nM/4Osv+UKn7Rn/AGOvwM/9Wz4XoA+0/wDghX/yh9/4J3f9mw/D3/0kloA/WCgAoAKACgAoAKACgAoAKACgAoAKACgAoAKACgAoAKACgAoAKACgAoAKACgAoAKACgAoAKACgAoAKACgAoAKAP5vP+DsT/lCb+0N/wBlF/Z5/wDV0+DqAPX/APg2Q/5QbfsJf9gX46/+tQ/G6gD95KACgAoAKACgAoAKACgAoAKACgAoAKACgAoAKACgAoAKACgAoAKACgAoAKACgAoAKACgAoAKACgAoAKACgAoA+Sf2/f+TEf21v8As0n9o/8A9U74yoA/lF/4Mif+TSP21/8As4zwX/6rO1oA/twoAKACgAoAKACgAoAKACgAoAKACgAoAKAP4tv+DRf/AJKV/wAFoP8As7PwV/6f/wBoSgD+0mgD/9P+/igAoAKACgAoAKACgAoAKACgAoAKAP5zP+DrL/lCp+0Z/wBjr8DP/Vs+F6APtP8A4IV/8off+Cd3/ZsPw9/9JJaAP1goAKACgAoAKACgAoAKACgAoAKACgAoAKACgAoAKACgAoAKACgAoAKACgAoAKACgAoAKACgAoAKACgAoAKACgD+bz/g7E/5Qm/tDf8AZRf2ef8A1dPg6gD1/wD4NkP+UG37CX/YF+Ov/rUPxuoA/eSgAoAKACgAoAKACgAoAKACgAoAKACgAoAKACgAoAKACgAoAKACgAoAKACgAoAKACgAoAKACgAoAKACgAoAKAPkn9v3/kxH9tb/ALNJ/aP/APVO+MqAP5Rf+DIn/k0j9tf/ALOM8F/+qztaAP7cKACgAoAKACgAoAKACgAoAKACgAoAKACgD+Lb/g0X/wCSlf8ABaD/ALOz8Ff+n/8AaEoA/tJoA//U/v4oAKACgAoAKACgAoAKACgAoAKACgD+cz/g6y/5QqftGf8AY6/Az/1bPhegD7T/AOCFf/KH3/gnd/2bD8Pf/SSWgD9YKACgAoAKACgAoAKACgAoAKACgAoAKACgAoAKACgAoAKACgAoAKACgAoAKACgAoAKACgAoAKACgAoAKACgAoA/m8/4OxP+UJv7Q3/AGUX9nn/ANXT4OoA9f8A+DZD/lBt+wl/2Bfjr/61D8bqAP3koAKACgAoAKACgAoAKACgAoAKACgAoAKACgAoAKACgAoAKACgAoAKACgAoAKACgAoAKACgAoAKACgAoAKACgD5J/b9/5MR/bW/wCzSf2j/wD1TvjKgD+UX/gyJ/5NI/bX/wCzjPBf/qs7WgD+3CgAoAKACgAoAKACgAoAKACgAoAKACgAoA/i2/4NF/8AkpX/AAWg/wCzs/BX/p//AGhKAP7SaAP/1f7+KACgAoAKACgAoAKACgAoAKACgAoA/nM/4Osv+UKn7Rn/AGOvwM/9Wz4XoA+0/wDghX/yh9/4J3f9mw/D3/0kloA/WCgAoAKACgAoAKACgAoAKACgAoAKACgAoAKACgAoAKACgAoAKACgAoAKACgAoAKACgAoAKACgAoAKACgAoAKAP5vP+DsT/lCb+0N/wBlF/Z5/wDV0+DqAPX/APg2Q/5QbfsJf9gX46/+tQ/G6gD95KACgAoAKACgAoAKACgAoAKACgAoAKACgAoAKACgAoAKACgAoAKACgAoAKACgAoAKACgAoAKACgAoAKACgAoA+Sf2/f+TEf21v8As0n9o/8A9U74yoA/lF/4Mif+TSP21/8As4zwX/6rO1oA/twoAKACgAoAKACgAoAKACgAoAKACgAoAKAP4tv+DRf/AJKV/wAFoP8As7PwV/6f/wBoSgD+0mgD/9b+/igAoAKACgAoAKACgAoAKACgAoAKAP5zP+DrL/lCp+0Z/wBjr8DP/Vs+F6APtP8A4IV/8off+Cd3/ZsPw9/9JJaAP1goAKACgAoAKACgAoAKACgAoAKACgAoAKACgAoAKACgAoAKACgAoAKACgAoAKACgAoAKACgAoAKACgAoAKACgD+bz/g7E/5Qm/tDf8AZRf2ef8A1dPg6gD1/wD4NkP+UG37CX/YF+Ov/rUPxuoA/eSgAoAKACgAoAKACgAoAKACgAoAKACgAoAKACgAoAKACgAoAKACgAoAKACgAoAKACgAoAKACgAoAKACgAoAKAPkn9v3/kxH9tb/ALNJ/aP/APVO+MqAP5Rf+DIn/k0j9tf/ALOM8F/+qztaAP7cKACgAoAKACgAoAKACgAoAKACgAoAKACgD+Lb/g0X/wCSlf8ABaD/ALOz8Ff+n/8AaEoA/tJoA//X/v4oAKACgAoAKACgAoAKACgAoAKACgD+cz/g6y/5QqftGf8AY6/Az/1bPhegD7T/AOCFf/KH3/gnd/2bD8Pf/SSWgD9YKACgAoAKACgAoAKACgAoAKACgAoAKACgAoAKACgAoAKACgAoAKACgAoAKACgAoAKACgAoAKACgAoAKACgAoA/m8/4OxP+UJv7Q3/AGUX9nn/ANXT4OoA9f8A+DZD/lBt+wl/2Bfjr/61D8bqAP3koAKACgAoAKACgAoAKACgAoAKACgAoAKACgAoAKACgAoAKACgAoAKACgAoAKACgAoAKACgAoAKACgAoAKACgD5J/b9/5MR/bW/wCzSf2j/wD1TvjKgD+UX/gyJ/5NI/bX/wCzjPBf/qs7WgD+3CgAoAKACgAoAKACgAoAKACgAoAKACgAoA/i2/4NF/8AkpX/AAWg/wCzs/BX/p//AGhKAP7SaAP/0P7+KACgAoAKACgAoAKACgAoAKACgAoA/nM/4Osv+UKn7Rn/AGOvwM/9Wz4XoA+0/wDghX/yh9/4J3f9mw/D3/0kloA/WCgAoAKACgAoAKACgAoAKACgAoAKACgAoAKACgAoAKACgAoAKACgAoAKACgAoAKACgAoAKACgAoAKACgAoAKAP5vP+DsT/lCb+0N/wBlF/Z5/wDV0+DqAPX/APg2Q/5QbfsJf9gX46/+tQ/G6gD95KACgAoAKACgAoAKACgAoAKACgAoAKACgAoAKACgAoAKACgAoAKACgAoAKACgAoAKACgAoAKACgAoAKACgAoA+Sf2/f+TEf21v8As0n9o/8A9U74yoA/lF/4Mif+TSP21/8As4zwX/6rO1oA/twoAKACgAoAKACgAoAKACgAoAKACgAoAKAP4tv+DRf/AJKV/wAFoP8As7PwV/6f/wBoSgD+0mgD/9H+/igAoAKACgAoAKACgAoAKACgAoAKAP5zP+DrL/lCp+0Z/wBjr8DP/Vs+F6APtP8A4IV/8off+Cd3/ZsPw9/9JJaAP1goAKACgAoAKACgAoAKACgAoAKACgAoAKACgAoAKACgAoAKACgAoAKACgAoAKACgAoAKACgAoAKACgAoAKACgD+bz/g7E/5Qm/tDf8AZRf2ef8A1dPg6gD1/wD4NkP+UG37CX/YF+Ov/rUPxuoA/eSgAoAKACgAoAKACgAoAKACgAoAKACgAoAKACgAoAKACgAoAKACgAoAKACgAoAKACgAoAKACgAoAKACgAoAKAPkn9v3/kxH9tb/ALNJ/aP/APVO+MqAP5Rf+DIn/k0j9tf/ALOM8F/+qztaAP7cKACgAoAKACgAoAKACgAoAKACgAoAKACgD+Lb/g0X/wCSlf8ABaD/ALOz8Ff+n/8AaEoA/tJoA//S/v4oAKACgAoAKACgAoAKACgAoAKACgD+cz/g6y/5QqftGf8AY6/Az/1bPhegD7T/AOCFf/KH3/gnd/2bD8Pf/SSWgD9YKACgAoAKACgAoAKACgAoAKACgAoAKACgAoAKACgAoAKACgAoAKACgAoAKACgAoAKACgAoAKACgAoAKACgAoA/m8/4OxP+UJv7Q3/AGUX9nn/ANXT4OoA9f8A+DZD/lBt+wl/2Bfjr/61D8bqAP3koAKACgAoAKACgAoAKACgAoAKACgAoAKACgAoAKACgAoAKACgAoAKACgAoAKACgAoAKACgAoAKACgAoAKACgD5J/b9/5MR/bW/wCzSf2j/wD1TvjKgD+UX/gyJ/5NI/bX/wCzjPBf/qs7WgD+3CgAoAKACgAoAKACgAoAKACgAoAKACgAoA/i2/4NF/8AkpX/AAWg/wCzs/BX/p//AGhKAP7SaAP/0/7+KACgAoAKACgAoAKACgAoAKACgAoA/nM/4Osv+UKn7Rn/AGOvwM/9Wz4XoA+0/wDghX/yh9/4J3f9mw/D3/0kloA/WCgAoAKACgAoAKACgAoAKACgAoAKACgAoAKACgAoAKACgAoAKACgAoAKACgAoAKACgAoAKACgAoAKACgAoAKAP5vP+DsT/lCb+0N/wBlF/Z5/wDV0+DqAPX/APg2Q/5QbfsJf9gX46/+tQ/G6gD95KACgAoAKACgAoAKACgAoAKACgAoAKACgAoAKACgAoAKACgAoAKACgAoAKACgAoAKACgAoAKACgAoAKACgAoA+Sf2/f+TEf21v8As0n9o/8A9U74yoA/lF/4Mif+TSP21/8As4zwX/6rO1oA/twoAKACgAoAKACgAoAKACgAoAKACgAoAKAP4tv+DRf/AJKV/wAFoP8As7PwV/6f/wBoSgD+0mgD/9T+/igAoAKACgAoAKACgAoAKACgAoAKAP5zP+DrL/lCp+0Z/wBjr8DP/Vs+F6APtP8A4IV/8off+Cd3/ZsPw9/9JJaAP1goAKACgAoAKACgAoAKACgAoAKACgAoAKACgAoAKACgAoAKACgAoAKACgAoAKACgAoAKACgAoAKACgAoAKACgD+bz/g7E/5Qm/tDf8AZRf2ef8A1dPg6gD1/wD4NkP+UG37CX/YF+Ov/rUPxuoA/eSgAoAKACgAoAKACgAoAKACgAoAKACgAoAKACgAoAKACgAoAKACgAoAKACgAoAKACgAoAKACgAoAKACgAoAKAPkn9v3/kxH9tb/ALNJ/aP/APVO+MqAP5Rf+DIn/k0j9tf/ALOM8F/+qztaAP7cKACgAoAKACgAoAKACgAoAKACgAoAKACgD+Lb/g0X/wCSlf8ABaD/ALOz8Ff+n/8AaEoA/tJoA//V/v4oAKACgAoAKACgAoAKACgAoAKACgD+cz/g6y/5QqftGf8AY6/Az/1bPhegD7T/AOCFf/KH3/gnd/2bD8Pf/SSWgD9YKACgAoAKACgAoAKACgAoAKACgAoAKACgAoAKACgAoAKACgAoAKACgAoAKACgAoAKACgAoAKACgAoAKACgAoA/m8/4OxP+UJv7Q3/AGUX9nn/ANXT4OoA9f8A+DZD/lBt+wl/2Bfjr/61D8bqAP3koAKACgAoAKACgAoAKACgAoAKACgAoAKACgAoAKACgAoAKACgAoAKACgAoAKACgAoAKACgAoAKACgAoAKACgD5J/b9/5MR/bW/wCzSf2j/wD1TvjKgD+UX/gyJ/5NI/bX/wCzjPBf/qs7WgD+3CgAoAKACgAoAKACgAoAKACgAoAKACgAoA/i2/4NF/8AkpX/AAWg/wCzs/BX/p//AGhKAP7SaAP/1v7+KACgAoAKACgAoAKACgAoAKACgAoA/nM/4Osv+UKn7Rn/AGOvwM/9Wz4XoA+0/wDghX/yh9/4J3f9mw/D3/0kloA/WCgAoAKACgAoAKACgAoAKACgAoAKACgAoAKACgAoAKACgAoAKACgAoAKACgAoAKACgAoAKACgAoAKACgAoAKAP5vP+DsT/lCb+0N/wBlF/Z5/wDV0+DqAPX/APg2Q/5QbfsJf9gX46/+tQ/G6gD95KACgAoAKACgAoAKACgAoAKACgAoAKACgAoAKACgAoAKACgAoAKACgAoAKACgAoAKACgAoAKACgAoAKACgAoA+Sf2/f+TEf21v8As0n9o/8A9U74yoA/lF/4Mif+TSP21/8As4zwX/6rO1oA/twoAKACgAoAKACgAoAKACgAoAKACgAoAKAP4tv+DRf/AJKV/wAFoP8As7PwV/6f/wBoSgD+0mgD/9f+/igAoAKACgAoAKACgAoAKACgAoAKAP5zP+DrL/lCp+0Z/wBjr8DP/Vs+F6APtP8A4IV/8off+Cd3/ZsPw9/9JJaAP1goAKACgAoAKACgAoAKACgAoAKACgAoAKACgAoAKACgAoAKACgAoAKACgAoAKACgAoAKACgAoAKACgAoAKACgD+bz/g7E/5Qm/tDf8AZRf2ef8A1dPg6gD1/wD4NkP+UG37CX/YF+Ov/rUPxuoA/eSgAoAKACgAoAKACgAoAKACgAoAKACgAoAKACgAoAKACgAoAKACgAoAKACgAoAKACgAoAKACgAoAKACgAoAKAPkn9v3/kxH9tb/ALNJ/aP/APVO+MqAP5Rf+DIn/k0j9tf/ALOM8F/+qztaAP7cKACgAoAKACgAoAKACgAoAKACgAoAKACgD+Lb/g0X/wCSlf8ABaD/ALOz8Ff+n/8AaEoA/tJoA//Q/v4oAKACgAoAKACgAoAKACgAoAKACgD+cz/g6y/5QqftGf8AY6/Az/1bPhegD7T/AOCFf/KH3/gnd/2bD8Pf/SSWgD9YKACgAoAKACgAoAKACgAoAKACgAoAKACgAoAKACgAoAKACgAoAKACgAoAKACgAoAKACgAoAKACgAoAKACgAoA/m8/4OxP+UJv7Q3/AGUX9nn/ANXT4OoA9f8A+DZD/lBt+wl/2Bfjr/61D8bqAP3koAKACgAoAKACgAoAKACgAoAKACgAoAKACgAoAKACgAoAKACgAoAKACgAoAKACgAoAKACgAoAKACgAoAKACgD5J/b9/5MR/bW/wCzSf2j/wD1TvjKgD+UX/gyJ/5NI/bX/wCzjPBf/qs7WgD+3CgAoAKACgAoAKACgAoAKACgAoAKACgAoA/i2/4NF/8AkpX/AAWg/wCzs/BX/p//AGhKAP7SaAP/0f7+KACgAoAKACgAoAKACgAoAKACgAoA/nM/4Osv+UKn7Rn/AGOvwM/9Wz4XoA+0/wDghX/yh9/4J3f9mw/D3/0kloA/WCgAoAKACgAoAKACgAoAKACgAoAKACgAoAKACgAoAKACgAoAKACgAoAKACgAoAKACgAoAKACgAoAKACgAoAKAP5vP+DsT/lCb+0N/wBlF/Z5/wDV0+DqAPX/APg2Q/5QbfsJf9gX46/+tQ/G6gD95KACgAoAKACgAoAKACgAoAKACgAoAKACgAoAKACgAoAKACgAoAKACgAoAKACgAoAKACgAoAKACgAoAKACgAoA+Sf2/f+TEf21v8As0n9o/8A9U74yoA/lF/4Mif+TSP21/8As4zwX/6rO1oA/twoAKACgAoAKACgAoAKACgAoAKACgAoAKAP4tv+DRf/AJKV/wAFoP8As7PwV/6f/wBoSgD+0mgD/9L+/igAoAKACgAoAKACgAoAKACgAoAKAP5zP+DrL/lCp+0Z/wBjr8DP/Vs+F6APtP8A4IV/8off+Cd3/ZsPw9/9JJaAP1goAKACgAoAKACgAoAKACgAoAKACgAoAKACgAoAKACgAoAKACgAoAKACgAoAKACgAoAKACgAoAKACgAoAKACgD+bz/g7E/5Qm/tDf8AZRf2ef8A1dPg6gD1/wD4NkP+UG37CX/YF+Ov/rUPxuoA/eSgAoAKACgAoAKACgAoAKACgAoAKACgAoAKACgAoAKACgAoAKACgAoAKACgAoAKACgAoAKACgAoAKACgAoAKAPkn9v3/kxH9tb/ALNJ/aP/APVO+MqAP5Rf+DIn/k0j9tf/ALOM8F/+qztaAP7cKACgAoAKACgAoAKACgAoAKACgAoAKACgD+Lb/g0X/wCSlf8ABaD/ALOz8Ff+n/8AaEoA/tJoA//T/v4oAKACgAoAKACgAoAKACgAoAKACgD+cz/g6y/5QqftGf8AY6/Az/1bPhegD7T/AOCFf/KH3/gnd/2bD8Pf/SSWgD9YKACgAoAKACgAoAKACgAoAKACgAoAKACgAoAKACgAoAKACgAoAKACgAoAKACgAoAKACgAoAKACgAoAKACgAoA/m8/4OxP+UJv7Q3/AGUX9nn/ANXT4OoA9f8A+DZD/lBt+wl/2Bfjr/61D8bqAP3koAKACgAoAKACgAoAKACgAoAKACgAoAKACgAoAKACgAoAKACgAoAKACgAoAKACgAoAKACgAoAKACgAoAKACgD5J/b9/5MR/bW/wCzSf2j/wD1TvjKgD+UX/gyJ/5NI/bX/wCzjPBf/qs7WgD+3CgAoAKACgAoAKACgAoAKACgAoAKACgAoA/i2/4NF/8AkpX/AAWg/wCzs/BX/p//AGhKAP7SaAP/1P7+KACgAoAKACgAoAKACgAoAKACgAoA/nM/4Osv+UKn7Rn/AGOvwM/9Wz4XoA+0/wDghX/yh9/4J3f9mw/D3/0kloA/WCgAoAKACgAoAKACgAoAKACgAoAKACgAoAKACgAoAKACgAoAKACgAoAKACgAoAKACgAoAKACgAoAKACgAoAKAP5vP+DsT/lCb+0N/wBlF/Z5/wDV0+DqAPX/APg2Q/5QbfsJf9gX46/+tQ/G6gD95KACgAoAKACgAoAKACgAoAKACgAoAKACgAoAKACgAoAKACgAoAKACgAoAKACgAoAKACgAoAKACgAoAKACgAoA+Sf2/f+TEf21v8As0n9o/8A9U74yoA/lF/4Mif+TSP21/8As4zwX/6rO1oA/twoAKACgAoAKACgAoAKACgAoAKACgAoAKAP4tv+DRf/AJKV/wAFoP8As7PwV/6f/wBoSgD+0mgD/9X+/igAoAKACgAoAKACgAoAKACgAoAKAP5zP+DrL/lCp+0Z/wBjr8DP/Vs+F6APtP8A4IV/8off+Cd3/ZsPw9/9JJaAP1goAKACgAoAKACgAoAKACgAoAKACgAoAKACgAoAKACgAoAKACgAoAKACgAoAKACgAoAKACgAoAKACgAoAKACgD+bz/g7E/5Qm/tDf8AZRf2ef8A1dPg6gD1/wD4NkP+UG37CX/YF+Ov/rUPxuoA/eSgAoAKACgAoAKACgAoAKACgAoAKACgAoAKACgAoAKACgAoAKACgAoAKACgAoAKACgAoAKACgAoAKACgAoAKAPkn9v3/kxH9tb/ALNJ/aP/APVO+MqAP5Rf+DIn/k0j9tf/ALOM8F/+qztaAP7cKACgAoAKACgAoAKACgAoAKACgAoAKACgD+Lb/g0X/wCSlf8ABaD/ALOz8Ff+n/8AaEoA/tJoA//W/v4oAKACgAoAKACgAoAKACgAoAKACgD+cz/g6y/5QqftGf8AY6/Az/1bPhegD7T/AOCFf/KH3/gnd/2bD8Pf/SSWgD9YKACgAoAKACgAoAKACgAoAKACgAoAKACgAoAKACgAoAKACgAoAKACgAoAKACgAoAKACgAoAKACgAoAKACgAoA/m8/4OxP+UJv7Q3/AGUX9nn/ANXT4OoA9f8A+DZD/lBt+wl/2Bfjr/61D8bqAP3koAKACgAoAKACgAoAKACgAoAKACgAoAKACgAoAKACgAoAKACgAoAKACgAoAKACgAoAKACgAoAKACgAoAKACgD5J/b9/5MR/bW/wCzSf2j/wD1TvjKgD+UX/gyJ/5NI/bX/wCzjPBf/qs7WgD+3CgAoAKACgAoAKACgAoAKACgAoAKACgAoA/i2/4NF/8AkpX/AAWg/wCzs/BX/p//AGhKAP7SaAP/1/7+KACgAoAKACgAoAKACgAoAKACgAoA/nM/4Osv+UKn7Rn/AGOvwM/9Wz4XoA+0/wDghX/yh9/4J3f9mw/D3/0kloA/WCgAoAKACgAoAKACgAoAKACgAoAKACgAoAKACgAoAKACgAoAKACgAoAKACgAoAKACgAoAKACgAoAKACgAoAKAP5vP+DsT/lCb+0N/wBlF/Z5/wDV0+DqAPX/APg2Q/5QbfsJf9gX46/+tQ/G6gD95KACgAoAKACgAoAKACgAoAKACgAoAKACgAoAKACgAoAKACgAoAKACgAoAKACgAoAKACgAoAKACgAoAKACgAoA+Sf2/f+TEf21v8As0n9o/8A9U74yoA/lF/4Mif+TSP21/8As4zwX/6rO1oA/twoAKACgAoAKACgAoAKACgAoAKACgAoAKAP4tv+DRf/AJKV/wAFoP8As7PwV/6f/wBoSgD+0mgD/9D+/igAoAKACgAoAKACgAoAKACgAoAKAP5zP+DrL/lCp+0Z/wBjr8DP/Vs+F6APtP8A4IV/8off+Cd3/ZsPw9/9JJaAP1goAKACgAoAKACgAoAKACgAoAKACgAoAKACgAoAKACgAoAKACgAoAKACgAoAKACgAoAKACgAoAKACgAoAKACgD+bz/g7E/5Qm/tDf8AZRf2ef8A1dPg6gD1/wD4NkP+UG37CX/YF+Ov/rUPxuoA/eSgAoAKACgAoAKACgAoAKACgAoAKACgAoAKACgAoAKACgAoAKACgAoAKACgAoAKACgAoAKACgAoAKACgAoAKAPkn9v3/kxH9tb/ALNJ/aP/APVO+MqAP5Rf+DIn/k0j9tf/ALOM8F/+qztaAP7cKACgAoAKACgAoAKACgAoAKACgAoAKACgD+Lb/g0X/wCSlf8ABaD/ALOz8Ff+n/8AaEoA/tJoA//R/v4oAKACgAoAKACgAoAKACgAoAKACgD+cz/g6y/5QqftGf8AY6/Az/1bPhegD7T/AOCFf/KH3/gnd/2bD8Pf/SSWgD9YKACgAoAKACgAoAKACgAoAKACgAoAKACgAoAKACgAoAKACgAoAKACgAoAKACgAoAKACgAoAKACgAoAKACgAoA/m8/4OxP+UJv7Q3/AGUX9nn/ANXT4OoA9f8A+DZD/lBt+wl/2Bfjr/61D8bqAP3koAKACgAoAKACgAoAKACgAoAKACgAoAKACgAoAKACgAoAKACgAoAKACgAoAKACgAoAKACgAoAKACgAoAKACgD5J/b9/5MR/bW/wCzSf2j/wD1TvjKgD+UX/gyJ/5NI/bX/wCzjPBf/qs7WgD+3CgAoAKACgAoAKACgAoAKACgAoAKACgAoA/i2/4NF/8AkpX/AAWg/wCzs/BX/p//AGhKAP7SaAP/0v7+KACgAoAKACgAoAKACgAoAKACgAoA/nM/4Osv+UKn7Rn/AGOvwM/9Wz4XoA+0/wDghX/yh9/4J3f9mw/D3/0kloA/WCgAoAKACgAoAKACgAoAKACgAoAKACgAoAKACgAoAKACgAoAKACgAoAKACgAoAKACgAoAKACgAoAKACgAoAKAP5vP+DsT/lCb+0N/wBlF/Z5/wDV0+DqAPX/APg2Q/5QbfsJf9gX46/+tQ/G6gD95KACgAoAKACgAoAKACgAoAKACgAoAKACgAoAKACgAoAKACgAoAKACgAoAKACgAoAKACgAoAKACgAoAKACgAoA+Sf2/f+TEf21v8As0n9o/8A9U74yoA/lF/4Mif+TSP21/8As4zwX/6rO1oA/twoAKACgAoAKACgAoAKACgAoAKACgAoAKAP4tv+DRf/AJKV/wAFoP8As7PwV/6f/wBoSgD+0mgD/9P+/igAoAKACgAoAKACgAoAKACgAoAKAP5zP+DrL/lCp+0Z/wBjr8DP/Vs+F6APtP8A4IV/8off+Cd3/ZsPw9/9JJaAP1goAKACgAoAKACgAoAKACgAoAKACgAoAKACgAoAKACgAoAKACgAoAKACgAoAKACgAoAKACgAoAKACgAoAKACgD+bz/g7E/5Qm/tDf8AZRf2ef8A1dPg6gD1/wD4NkP+UG37CX/YF+Ov/rUPxuoA/eSgAoAKACgAoAKACgAoAKACgAoAKACgAoAKACgAoAKACgAoAKACgAoAKACgAoAKACgAoAKACgAoAKACgAoAKAPkn9v3/kxH9tb/ALNJ/aP/APVO+MqAP5Rf+DIn/k0j9tf/ALOM8F/+qztaAP7cKACgAoAKACgAoAKACgAoAKACgAoAKACgD+Lb/g0X/wCSlf8ABaD/ALOz8Ff+n/8AaEoA/tJoA//U/v4oAKACgAoAKACgAoAKACgAoAKACgD+cz/g6y/5QqftGf8AY6/Az/1bPhegD7T/AOCFf/KH3/gnd/2bD8Pf/SSWgD9YKACgAoAKACgAoAKACgAoAKACgAoAKACgAoAKACgAoAKACgAoAKACgAoAKACgAoAKACgAoAKACgAoAKACgAoA/m8/4OxP+UJv7Q3/AGUX9nn/ANXT4OoA9f8A+DZD/lBt+wl/2Bfjr/61D8bqAP3koAKACgAoAKACgAoAKACgAoAKACgAoAKACgAoAKACgAoAKACgAoAKACgAoAKACgAoAKACgAoAKACgAoAKACgD5J/b9/5MR/bW/wCzSf2j/wD1TvjKgD+UX/gyJ/5NI/bX/wCzjPBf/qs7WgD+3CgAoAKACgAoAKACgAoAKACgAoAKACgAoA/i2/4NF/8AkpX/AAWg/wCzs/BX/p//AGhKAP7SaAP/1f7+KACgAoAKACgAoAKACgAoA/nO/wCCz3/Bwd8L/wDgmR4q8NfszfBj4eJ+03+3D4+j0M6R8JrXVZrDwn8OYPFc1rbeEbr4l6jpcdxrF14h8WyXltceE/hzoKW+t6xpbx6xq+s+FNL1Lwzd+IQD5p/bS/4Kff8ABbX/AIJM/C34M/tVftwfBT9hD9oL9n7x94o0Pwj8YvA37M1v8afhx8SvgV4t8TaddanpGhQeNfG/jf4heF/EWkPb6dqenjxA/hjULG58V2sWhNqWn2OqaJrGpAH9CX7EH7bXwA/4KEfs5eBv2n/2bfFEniP4eeNI7i1ubDUobew8WeCPFemeVH4h8B+O9Egur0aF4u8PTyxLfWS3d3ZXtlc6dr2h6hqvh3WNI1e/APyB/wCDrL/lCp+0Z/2OvwM/9Wz4XoA+0/8AghX/AMoff+Cd3/ZsPw9/9JJaAP1goAKACgAoAKACgAoAKACgAoAKACgAoAKACgAoAKACgAoAKACgAoAKACgAoAKACgAoAKACgAoAKACgAoAKACgD+bz/AIOxP+UJv7Q3/ZRf2ef/AFdPg6gD1/8A4NkP+UG37CX/AGBfjr/61D8bqAP3koAKACgAoAKACgAoAKACgAoAKACgAoAKACgAoAKACgAoAKACgAoAKACgAoAKACgAoAKACgAoAKACgAoAKACgD5J/b9/5MR/bW/7NJ/aP/wDVO+MqAP5Rf+DIn/k0j9tf/s4zwX/6rO1oA/twoAKACgAoAKACgAoAKACgAoAKACgAoAKAP4tv+DRf/kpX/BaD/s7PwV/6f/2hKAP7SaAP/9b+/igAoAKACgAoAKACgAoA8f8A2hPjN4c/Zz+Anxs/aB8YRyz+FPgd8JfiL8XfElvBLHDcXWifDjwjq/i/U7S1ll/drd3dno81ta7wQbiWJdrEhWAP8d39gz4peO/2zv8AguD+x78Z/jhq83i3x18bP+Ch/wACfiP47vL1pbiC9urn41+GPEU2jW0M8sn2bw9p9lZw+H9G0mNhaaV4ftLLSrKKKztLeFQD/SG/4OhfDdl4i/4IdftqtdQpJc+H1+AXiTS5mQO1pe6d+0x8HYppoum15dKutSsWcHKw3kv3uVYA/kN/4M4f23vEXwf/AG9PGH7FmtazdS/DL9rfwF4i1nw5oMsu600343fB/Qb7xrp2t2aylo7H+2fhdpXxB0jWxarFNrV1p3g5bqSYaJZRoAf1d/8AB1l/yhU/aM/7HX4Gf+rZ8L0AfYP/AAQw1rR4P+CQX/BPGGfVdNhlj/Zj+HyyRS39tHIjC0myrozhlYdwwyO+KAP1c/t/Qv8AoNaT/wCDK0/+OUAH9v6F/wBBrSf/AAZWn/xygA/t/Qv+g1pP/gytP/jlAB/b+hf9BrSf/Blaf/HKAD+39C/6DWk/+DK0/wDjlAB/b+hf9BrSf/Blaf8AxygA/t/Qv+g1pP8A4MrT/wCOUAH9v6F/0GtJ/wDBlaf/ABygA/t/Qv8AoNaT/wCDK0/+OUAH9v6F/wBBrSf/AAZWn/xygA/t/Qv+g1pP/gytP/jlAB/b+hf9BrSf/Blaf/HKAD+39C/6DWk/+DK0/wDjlAB/b+hf9BrSf/Blaf8AxygA/t/Qv+g1pP8A4MrT/wCOUAH9v6F/0GtJ/wDBlaf/ABygA/t/Qv8AoNaT/wCDK0/+OUAH9v6F/wBBrSf/AAZWn/xygA/t/Qv+g1pP/gytP/jlAB/b+hf9BrSf/Blaf/HKAD+39C/6DWk/+DK0/wDjlAB/b+hf9BrSf/Blaf8AxygA/t/Qv+g1pP8A4MrT/wCOUAH9v6F/0GtJ/wDBlaf/ABygA/t/Qv8AoNaT/wCDK0/+OUAH9v6F/wBBrSf/AAZWn/xygA/t/Qv+g1pP/gytP/jlAB/b+hf9BrSf/Blaf/HKAD+39C/6DWk/+DK0/wDjlAB/b+hf9BrSf/Blaf8AxygA/t/Qv+g1pP8A4MrT/wCOUAH9v6F/0GtJ/wDBlaf/ABygA/t/Qv8AoNaT/wCDK0/+OUAH9v6F/wBBrSf/AAZWn/xygA/t/Qv+g1pP/gytP/jlAB/b+hf9BrSf/Blaf/HKAP5wv+DrzVtKu/8Agil+0JBa6np9zM3xE/Z6KwwXtvNKwX40eD2YrHG5YhVBYkA4AycAEqAevf8ABstrGk23/BDv9hWC51TTreaPRfjoHhnvraKVN37UHxsYb43cMuVZWGRyrAjINAH7v/2/oX/Qa0n/AMGVp/8AHKAD+39C/wCg1pP/AIMrT/45QAf2/oX/AEGtJ/8ABlaf/HKAD+39C/6DWk/+DK0/+OUAH9v6F/0GtJ/8GVp/8coAP7f0L/oNaT/4MrT/AOOUAH9v6F/0GtJ/8GVp/wDHKAD+39C/6DWk/wDgytP/AI5QAf2/oX/Qa0n/AMGVp/8AHKAD+39C/wCg1pP/AIMrT/45QAf2/oX/AEGtJ/8ABlaf/HKAD+39C/6DWk/+DK0/+OUAH9v6F/0GtJ/8GVp/8coAP7f0L/oNaT/4MrT/AOOUAH9v6F/0GtJ/8GVp/wDHKAD+39C/6DWk/wDgytP/AI5QAf2/oX/Qa0n/AMGVp/8AHKAD+39C/wCg1pP/AIMrT/45QAf2/oX/AEGtJ/8ABlaf/HKAD+39C/6DWk/+DK0/+OUAH9v6F/0GtJ/8GVp/8coAP7f0L/oNaT/4MrT/AOOUAH9v6F/0GtJ/8GVp/wDHKAD+39C/6DWk/wDgytP/AI5QAf2/oX/Qa0n/AMGVp/8AHKAD+39C/wCg1pP/AIMrT/45QAf2/oX/AEGtJ/8ABlaf/HKAD+39C/6DWk/+DK0/+OUAH9v6F/0GtJ/8GVp/8coAP7f0L/oNaT/4MrT/AOOUAH9v6F/0GtJ/8GVp/wDHKAD+39C/6DWk/wDgytP/AI5QAf2/oX/Qa0n/AMGVp/8AHKAD+39C/wCg1pP/AIMrT/45QAf2/oX/AEGtJ/8ABlaf/HKAD+39C/6DWk/+DK0/+OUAfJf7fWuaJJ+wp+2pGmr6W7v+yX+0ciImoWrM7N8HvGIVVUSZZmJACjkk4HUUAfymf8GSepadZfslftqJe39laO/7RXgtkS5uobdnUfDS1BZVlZSygjGQMZ44/iAP7Z/7f0L/AKDWk/8AgytP/jlAB/b+hf8AQa0n/wAGVp/8coAP7f0L/oNaT/4MrT/45QAf2/oX/Qa0n/wZWn/xygA/t/Qv+g1pP/gytP8A45QAf2/oX/Qa0n/wZWn/AMcoAP7f0L/oNaT/AODK0/8AjlAB/b+hf9BrSf8AwZWn/wAcoAP7f0L/AKDWk/8AgytP/jlAB/b+hf8AQa0n/wAGVp/8coAP7f0L/oNaT/4MrT/45QAf2/oX/Qa0n/wZWn/xygA/t/Qv+g1pP/gytP8A45QAf2/oX/Qa0n/wZWn/AMcoA/jL/wCDRVlb4k/8FnmUhlb9rLwUyspBVlOvftBkEEZBBGCCDgjkZoA/tKoA/9f+/igAoAKACgAoAKACgAoA/Gr/AIOEtev/AA3/AMEYf+Cgeoac1wtxcfBa30GQ2zOshsPFXjrwh4Y1RWKYP2d9M1i7S7U/I1q0yyZQsKAP8tj/AIIq/wDKW7/gnJ/2eF8C/wD1OtJoA/06P+Dlz/lB/wDt4/8AYq/CD/1oz4PUAf5qP/BBHWdS0L/gsb/wT0vdKM63U/7RHhzRpTbuY5P7N8Radq/h/WQzKQTA2kanfLcp0ktjLGwKswYA/wBXz/gqJ+wLov8AwU0/Yv8Aid+x/rnxL1b4Q2/xB1HwRq1r8QNH8N2Xi+fQ77wX4x0XxXELjwzfapoUesWeoxaVPpk8EWu6PcQG7jvorxvsrWl0Afyf6b/wY4/DiK6V9Y/4KNeNr6y2OGt9N/Zn0LSroyEfu2W8uvjVrMSop5eM2LM44WSPBagDo/8AiB7+Bf8A0f8A/Fn/AMMf4P8A/m6oAP8AiB7+Bf8A0f8A/Fn/AMMf4P8A/m6oAP8AiB7+Bf8A0f8A/Fn/AMMf4P8A/m6oAP8AiB7+Bf8A0f8A/Fn/AMMf4P8A/m6oAP8AiB7+Bf8A0f8A/Fn/AMMf4P8A/m6oAP8AiB7+Bf8A0f8A/Fn/AMMf4P8A/m6oAP8AiB7+Bf8A0f8A/Fn/AMMf4P8A/m6oAP8AiB7+Bf8A0f8A/Fn/AMMf4P8A/m6oAP8AiB7+Bf8A0f8A/Fn/AMMf4P8A/m6oAP8AiB7+Bf8A0f8A/Fn/AMMf4P8A/m6oAP8AiB7+Bf8A0f8A/Fn/AMMf4P8A/m6oAP8AiB7+Bf8A0f8A/Fn/AMMf4P8A/m6oAP8AiB7+Bf8A0f8A/Fn/AMMf4P8A/m6oAP8AiB7+Bf8A0f8A/Fn/AMMf4P8A/m6oAP8AiB7+Bf8A0f8A/Fn/AMMf4P8A/m6oAP8AiB7+Bf8A0f8A/Fn/AMMf4P8A/m6oAP8AiB7+Bf8A0f8A/Fn/AMMf4P8A/m6oAP8AiB7+Bf8A0f8A/Fn/AMMf4P8A/m6oAP8AiB7+Bf8A0f8A/Fn/AMMf4P8A/m6oAP8AiB7+Bf8A0f8A/Fn/AMMf4P8A/m6oAP8AiB7+Bf8A0f8A/Fn/AMMf4P8A/m6oAP8AiB7+Bf8A0f8A/Fn/AMMf4P8A/m6oAP8AiB7+Bf8A0f8A/Fn/AMMf4P8A/m6oAP8AiB7+Bf8A0f8A/Fn/AMMf4P8A/m6oAP8AiB7+Bf8A0f8A/Fn/AMMf4P8A/m6oAP8AiB7+Bf8A0f8A/Fn/AMMf4P8A/m6oAP8AiB7+Bf8A0f8A/Fn/AMMf4P8A/m6oAP8AiB7+Bf8A0f8A/Fn/AMMf4P8A/m6oAP8AiB7+Bf8A0f8A/Fn/AMMf4P8A/m6oAP8AiB7+Bf8A0f8A/Fn/AMMf4P8A/m6oAP8AiB7+Bf8A0f8A/Fn/AMMf4P8A/m6oAP8AiB7+Bf8A0f8A/Fn/AMMf4P8A/m6oAP8AiB7+Bf8A0f8A/Fn/AMMf4P8A/m6oAP8AiB7+Bf8A0f8A/Fn/AMMf4P8A/m6oAP8AiB7+Bf8A0f8A/Fn/AMMf4P8A/m6oAP8AiB7+Bf8A0f8A/Fn/AMMf4P8A/m6oAD/wY9/AvHH7f/xZz2z8D/B+P/U6H8/yoAB/wY9/Avv+3/8AFnPt8D/B/wD83R/n+dAB/wAQPfwL/wCj/wD4s/8Ahj/B/wD83VAB/wAQPfwL/wCj/wD4s/8Ahj/B/wD83VAB/wAQPfwL/wCj/wD4s/8Ahj/B/wD83VAB/wAQPfwL/wCj/wD4s/8Ahj/B/wD83VAB/wAQPfwL/wCj/wD4s/8Ahj/B/wD83VAB/wAQPfwL/wCj/wD4s/8Ahj/B/wD83VAB/wAQPfwL/wCj/wD4s/8Ahj/B/wD83VAB/wAQPfwL/wCj/wD4s/8Ahj/B/wD83VAB/wAQPfwL/wCj/wD4s/8Ahj/B/wD83VAB/wAQPfwL/wCj/wD4s/8Ahj/B/wD83VAB/wAQPfwL/wCj/wD4s/8Ahj/B/wD83VAB/wAQPfwL/wCj/wD4s/8Ahj/B/wD83VAB/wAQPfwL/wCj/wD4s/8Ahj/B/wD83VAB/wAQPfwL/wCj/wD4s/8Ahj/B/wD83VAB/wAQPfwL/wCj/wD4s/8Ahj/B/wD83VAB/wAQPfwL/wCj/wD4s/8Ahj/B/wD83VAB/wAQPfwL/wCj/wD4s/8Ahj/B/wD83VAB/wAQPfwL/wCj/wD4s/8Ahj/B/wD83VAB/wAQPfwL/wCj/wD4s/8Ahj/B/wD83VAB/wAQPfwL/wCj/wD4s/8Ahj/B/wD83VAB/wAQPfwL/wCj/wD4s/8Ahj/B/wD83VAB/wAQPfwL/wCj/wD4s/8Ahj/B/wD83VAB/wAQPfwL/wCj/wD4s/8Ahj/B/wD83VAB/wAQPfwL/wCj/wD4s/8Ahj/B/wD83VAB/wAQPfwL/wCj/wD4s/8Ahj/B/wD83VAB/wAQPfwL/wCj/wD4s/8Ahj/B/wD83VAB/wAQPfwL/wCj/wD4s/8Ahj/B/wD83VAB/wAQPfwL/wCj/wD4s/8Ahj/B/wD83VAB/wAQPfwL/wCj/wD4s/8Ahj/B/wD83VAB/wAQPfwL/wCj/wD4s/8Ahj/B/wD83VAB/wAQPfwL/wCj/wD4s/8Ahj/B/wD83VAB/wAQPfwL/wCj/wD4s/8Ahj/B/wD83VAB/wAQPfwL/wCj/wD4s/8Ahj/B/wD83VAB/wAQPfwL/wCj/wD4s/8Ahj/B/wD83VAB/wAQPfwL/wCj/wD4s/8Ahj/B/wD83VAB/wAQPfwL/wCj/wD4s/8Ahj/B/wD83VAB/wAQPfwL/wCj/wD4s/8Ahj/B/wD83VACD/gx7+Bnf9v/AOLGcnp8D/B447f8z0ecdfXrxnFAC/8AED38C/8Ao/8A+LP/AIY/wf8A/N1QAf8AED38C/8Ao/8A+LP/AIY/wf8A/N1QAf8AED38C/8Ao/8A+LP/AIY/wf8A/N1QAf8AED38C/8Ao/8A+LP/AIY/wf8A/N1QAf8AED38C/8Ao/8A+LP/AIY/wf8A/N1QAf8AED38C/8Ao/8A+LP/AIY/wf8A/N1QAf8AED38C/8Ao/8A+LP/AIY/wf8A/N1QAf8AED38C/8Ao/8A+LP/AIY/wf8A/N1QAf8AED38C/8Ao/8A+LP/AIY/wf8A/N1QAf8AED38C/8Ao/8A+LP/AIY/wf8A/N1QAf8AED38C/8Ao/8A+LP/AIY/wf8A/N1QAf8AED38C/8Ao/8A+LP/AIY/wf8A/N1QAf8AED38C/8Ao/8A+LP/AIY/wf8A/N1QAf8AED38C/8Ao/8A+LP/AIY/wf8A/N1QB+9v/BGH/giv4H/4I3eG/j94d8F/Hnxd8ck+PeufD3WtRuPFPgzRPBy+G2+H1h4tsbWGwg0nVtYe+bVB4tuHu5bq5jSEWFqlvApe4eUA/bagD//Q/v4oAKACgAoAKACgAoAKAPz3/wCCsXwM1j9pT/gml+3J8FPDdlLqXirxt+zT8VE8H6XBFJPNqvjTw/4ZvPFXg7SoYog0rS6n4n0PSrCMxpK6PcB1imZREwB/kh/8EXrmK1/4K1f8E4pZmCo37ZXwBtgSQP3t58RNCtIF5xy006KB1JbAySBQB/p0/wDBzLcR2v8AwQ7/AG75JThW8OfBa3H/AF0u/wBpb4M2kQ7dZZ0H+PSgD/Ps/wCDXn4Fat8bv+C0H7Ll3a2F1deH/gnZ/Ev46eM7q2QsNJ0rwf4A13RvDV9ctgrHbXHxM8U+AtHkd8AnVERSZHQUAf691ABQAUAFABQAUAFABQAUAFABQAUAFABQAUAFABQAUAFABQAUAFABQAUAFABQAUAFABQAUAFABQAUAFABQAUAFABQAUAFABQAUAFABQAUAFABQAUAFABQAUAFABQAUAFABQAUAFABQAUAFABQAUAFABQAUAFABQAUAFABQAUAFABQAUAFABQAUAFABQAUAFABQAUAFABQAUAFABQAUAFABQAUAFAH/9H+/igAoAKACgAoAKACgAoAKAP8x7/gsj/wSW+Kf/BIP/gpP8Mf+CmP7PXww8ReNv2JNM/ac+Gv7TmzwRpdzqrfALxd4Q+JXh74ieJvht4wit4Bb+HPBOq63YXR+GPiTUWtvDy6XqNp4I1K+j1fSIbjXAD9k/8Ag5B/4Ktfsm/tXf8ABMTwj+y/+xR8ZvCH7UXxg/bh+IfwftvD3wt+CWqxfEH4j6T4M8I+KtI+KE7+MPAvhhtR8T+EvEk/jHwt4P8ACdj4J8R6Vp/irUNZvtThstHn/wCEd1t7AA+yf+DZT/gjF4p/4Jofs/8Ai744/tG6Fb6T+1z+0vY6MuueGGmiu7v4NfCPTWXVPD3w1vp4Glt18Ya3rEreJ/iGlncz2trdWnhXw5k3vhW9u78A/bz4s/8ABRT9gP4C+OD8M/jb+2x+yl8JfiJFKkV54I+Ivx/+Fng/xVpbSBmibW9C13xRY6locM21hDcaxBYwTOpjikdwVoA+rPDPijw1418P6R4s8G+ItC8W+FfEFjDqeg+JfDOr6fr3h/W9NuV3W+oaRrOlXF3p2pWM6/NDd2dzNBKvKSECgDdoAKACgAoAKACgAoAKACgAoAKACgAoAKACgAoAKACgAoAKACgAoAKACgAoAKACgAoAKACgAoAKAPjb4s/8FFP2A/gL44Pwz+Nv7bH7KXwl+IkUqRXngj4i/H/4WeD/ABVpbSBmibW9C13xRY6locM21hDcaxBYwTOpjikdwVoA+rPDPijw1418P6R4s8G+ItC8W+FfEFjDqeg+JfDOr6fr3h/W9NuV3W+oaRrOlXF3p2pWM6/NDd2dzNBKvKSECgDdoAKACgD5f+OX7bf7G37MeoQaP+0Z+1b+zn8C9buorS4tdB+LXxo+HfgDX7u2vnMdrdWuheJ/EWl6tc2kxV2F1BaSW6xRTTvKkMMjoAes/C34xfCP45eFYfHXwU+Kfw4+MPgi4uZLODxj8LfHHhn4g+FZ7uGOGaa1h8Q+EtT1fSJLmKG4t5ZIEuzKkc8MjKElRmAPR6APMfiL8bfgz8H20hfi38XPhj8LW8Qi/bQF+Ivj7wr4JbW10s2Y1NtIHibVtLOpDTjqGni/NkJxZm+sxceX9pg3gHmf/Dav7G3/AEdr+zL/AOH5+Fn/AM1dAHZ+BP2jv2efilrv/CL/AAx+PPwY+I3ib7Fcal/wjvgT4o+CPF+u/wBnWjRJd3/9keH9d1G/+xWzXEC3F19n8iFpohJIplQMAez0AFABQAUAFABQAUAFABQAUAFABQAUAFABQAUAFABQAUAFABQAUAFABQAUAFABQAUAFAHxD4h/4KY/8E6PCXxCl+E3in9vH9j3w58S7a/Ok3fgjW/2kPhDpniOw1jzY4F0TUtMvPF0M+na5JNLHFBot+INUnd0ENm5ZQwB9r2t1a31rbX1jcwXlleQQ3VpeWs0dxa3VrcRrNb3NtcQs8U8E8TpLDNE7xyxurozKwNAE9ABQAjMqKzOwVVBZmYgKqgZLMTgAADJJOAOTjFAHzN/w2r+xt/0dr+zL/4fn4Wf/NXQAf8ADav7G3/R2v7Mv/h+fhZ/81dAH0B4d8SeHfGGhaV4o8Ja9ovijw1rtlDqWieIvDuqWOt6FrGnXC77e/0rV9NnurDULKdTuhurS4mglXlJGBBoA2qACgAoAKACgAoAKACgAoAKACgAoA//0v7+KACgAoAKACgAoAKACgAoAgurW1vrW5sr22gvLK8gmtbu0uoY7i1urW4jaK4trmCVXingnid4poZUeOSNmR1ZWYUAeT+CP2e/gH8MvEOoeLvhv8D/AIQfD7xZqyzJqvifwR8NPBfhTxDqaXHliddQ1rQdFsNSvFnEUQmW5uZRJ5ce/O1RQB/MZ/wdNf8ABZfxx/wT/wDgv4M/ZN/Zm8VXnhH9qD9pbw/qeva54/0af7N4h+D3wLhu73w7d694ZvEdLnR/HPxD1+11Pw54Q8R2ay3XhvTvDfjTV9Om0rxNB4Y1a1AOR/4Nj/8Agmh+yp8Rf+CR0fxo/aB+B3w7+Nvjz9uTxP8AGrUPiZ4o+KXhjS/GPie88C+HviH4p+FOmeF7LX9atbrWNFtJL/wXrHjYX2k3llq03iTxB/b737X1jpE9kAfzi/8ABJT/AIKd+Pv+CJ3/AAVP+Mn7DfxE8f63rP7DCftYfFX9nL4keHPE+p3F5o/wv1jwx8Uda+G+ifHzw1E7mHQL/SrrR9Pn+JQ0uBbXxX4LOpTXen6hrui+E7rSwD/U6oAKACgAoAKACgAoAKACgAoAKACgAoAKACgAoAKACgAoAKACgAoAKACgAoAKACgAoAKACgAoA/kt/wCDpr/gsv44/wCCf/wX8Gfsm/szeKrzwj+1B+0t4f1PXtc8f6NP9m8Q/B74Fw3d74du9e8M3iOlzo/jn4h6/a6n4c8IeI7NZbrw3p3hvxpq+nTaV4mg8MatagHI/wDBsf8A8E0P2VPiL/wSOj+NH7QPwO+Hfxt8eftyeJ/jVqHxM8UfFLwxpfjHxPeeBfD3xD8U/CnTPC9lr+tWt1rGi2kl/wCC9Y8bC+0m8stWm8SeIP7fe/a+sdInsgD+cX/gkp/wU78ff8ETv+Cp/wAZP2G/iJ4/1vWf2GE/aw+Kv7OXxI8OeJ9TuLzR/hfrHhj4o618N9E+PnhqJ3MOgX+lXWj6fP8AEoaXAtr4r8FnUprvT9Q13RfCd1pYB/qdUAFAH4ff8Fsf25f2k/2fPh18LP2Tf2AfAeo/Ez/goR+29f8AjDwT8CdN0ltMZvhZ4N8J6VaXfxO+OmsPq80Oh6XD4MsdY0u08Pap4rutN8K6frWoyeJdXur/AE7wlqOg6qAfwv8A7Wv/AAazf8FofCvgXx9+1N8RNX+F37Unjya11Lx78SdA8DfGDx98Tv2hNZmiIn1rUrpPHXgPw9H8QPEMdmst9JYeHfF/ifxBqkdq9lo1pquovZWNwAfj9/wTI/4KW/tBf8Evv2mvBXx5+DXiTXp/CkGuabF8Yfg6Nf1DT/BPxm8BB5LbWvDHifSkkk0uXVotNvL+fwb4lu9Pvb3wf4k+xa1YxyrDcWd2Af7ZPhzX9K8V+HtC8U6FdJfaH4l0bS9f0a9j/wBXeaVrNjBqOnXSdfkuLS5hlXno/egD/O3/AODkP9nz9uL/AIK0f8FQPGnwe/Yp+BXi748eCv8Agnz8IvhT8NPiGfDOr+E9O0nw58T/AI5WmtfF7UpjdeK/EWg213qOp+GJfCuhaja6U95Jps/gzytTWzmmhSUA/Br/AIhyv+C13/RgvxM/8LD4P/8AzxaAP7AP+DUf/gjp+0r+wj4s/ao/aQ/bN+DGp/B34p+KtB8J/Bb4RaBr+p+FtW1ZfAkt9/wm3xM1zzfDGt6/aw2Wva7pXw506wElza3Ql8MawJIZIZoXUA/tGoAKACgAoAKACgAoAKACgAoAKACgAoAKACgAoAKACgAoAKACgAoAKACgAoAKACgAoA/g5/4O0f8AgtP8R/hN4gh/4JjfsteN9X8Da5qXhTTPE/7Wfj/wrqE2leJotD8YWEGp+DfgjoutWU0OpaHBr3hq4g8X/Eaay8i41vwz4g8J+GotR/sXUvGOk6kAfp9/wTs/4IufsfePP+CCXwm+B/ir4FfDfWfiJ+1f+yho3xp8UfFTVfCWh3fxNtPi78aPAg+IPgLxTYeNJ7Fte0nUfhfJ4k8PaP4YtbK+t7Cy0/Q5bG5tbiHVteTUgD+cn/g1Q/4LQfEX4IftD+CP+Cbn7QfjfU/Ef7PHx01P/hFfgBc+KNQur6b4J/Ge9eWXw74O8O3N1LLNZeA/itqLv4aXwrEj2Gl/EPUfDuq6PDpMWt+MZ9SAP9L6gAoA/MH/AILPftL3f7Jf/BMD9sn4w6HcXEHjU/CLVfhn8MxY731Z/if8aruy+EPw/n0e1hzcXuo6V4n8bafrqWtujyG30q4lZRBDM6gH+Xv/AMQ5f/Ba7/owX4mf+Fh8Hx+h+IuR+NAHS+DP+Da//gs34m8YeFPDmtfsU+OvBuj+IPEuhaJq3i/WfFnwpm0fwrpmq6pa2F/4k1WKx+IE97Lpuh2txLqd9HZwTXT2trKtvFJMURgD/XZ+Dfwq8IfAn4RfC74JfD6x/szwJ8IPh54M+GPgzT8Jmz8L+BPDuneF9Bt3MaRo0semaXbLLIqL5koaQgFjuAPSKACgAoAKACgAoAKAOW8c/wDCbf8ACE+MP+FaHwsPiN/wi3iD/hAD45GrN4JHjb+ybv8A4RU+MF0Arrp8LDXfsH/CQDRWXVjpP2sacReGA0AfwN/8Ft/+CxX/AAcKf8Eyvit4L+F/xI8afsXeAtG+LvhPVfFvww+Jn7Mfwg1vxNo2pWeh6ouj+INFu4P2kLrxzd2Hi/w3LdaNeaxZSaLqGjGy8Q6JdWGpXRubuysAD9udL/4OBfBnhP8A4I+/siftr654MvvjL+17+1T4Vufhp8If2X/hrZ3eoeMPjR+034F1bUvh58Q49G8NeH9P1DW9I8B2HjPQLnxHrM+n6Vf3OlaNr3hzw7o8Wq6/4h8O22pAH5Cf8EXP+C6X/BYv9rf/AIK26R+yn+1Z8PrWT4YeKbH4m3fxV+FcXwAPwv1X9mKw8P8Ag3XvEXh3xAdRu7Kx8d6Rp8Xi/TvDngeeD4sa34ml1RPFC2NmzeJrnSJGAP7z6AP/0/7+KACgAoAKACgAoAKACgAoAKACgD/Ho/4OXvjVq3xr/wCC0P7Y1ze3VzLpHww13wT8FfCtjPO00ekaT8N/h94Z0rV7W0Bd1httQ8by+LvERgjCKl1rlyWQSs7MAf6KX/BtpEkP/BEf9gpIxhT4G+JcpA/vz/Hn4rTyH6tJIzH3PvQB/l4/8Fjokh/4Kw/8FIkjGFP7bP7Skp/35/iz4pnkP4ySMfxoA/1wP+CR3xr1j9on/gmL+wl8YPEl5c6l4o8V/sx/CiDxbqt5L513rHi7wv4YsvB/ivWriQsxabWfEWgalqkm5mZWuyrHcp3AH6J0AFABQAUAFABQAUAFABQAUAFABQAUAFABQAUAFABQAUAFABQAUAFABQAUAFABQAUAFABQB/j0f8HL3xq1b41/8Fof2xrm9urmXSPhhrvgn4K+FbGedpo9I0n4b/D7wzpWr2toC7rDbah43l8XeIjBGEVLrXLksglZ2YA/0Uv+DbSJIf8AgiP+wUkYwp8DfEuUgf35/jz8Vp5D9WkkZj7n3oA/y8f+Cx0SQ/8ABWH/AIKRJGMKf22f2lJT/vz/ABZ8UzyH8ZJGP40Af64H/BI7416x+0T/AMExf2EvjB4kvLnUvFHiv9mP4UQeLdVvJfOu9Y8XeF/DFl4P8V61cSFmLTaz4i0DUtUk3MzK12VY7lO4A/ROgDx5PgD8IF+PU/7TzeCLCf48T/Cu1+CKfEW7vNXvNUsPhXa+KbvxqfBujWN3qM+h6Fp9/wCKbw6zrVxoul2Go+ILm00ldcvdQg0TR4bIA9hoA/xNv2ufgcf2gP8Agrx+1F+z3+yf4dh8QR/FP9vz44/Df4JeH/Dtup0aW08QfHXxTpHhxdKTTYXhsfBunWsqXcF6sQtNJ8J2n9oXbJbWc8igH+zZ4C8O+G/2d/gL4L8J6rrsUPhD4GfCLw54d1HxNqO+CGLw38MvBtnpt5rt9vkuHhij0zRJNQut0s7xoH3SSld7AH+Vp+zt/wAHOf7af7IPxj/bF+IHwV+GP7OfjHRv2vP2qfiP+0p4s/4XV4N+IGu+LrN/Fs9vYeGvCFhr3gr4r+Bo7Tw54M8Ladp+l+H9MuLLUl0+WXUpDcXMdysSAH9BH7Ff/B6r8JfGviPw94M/bs/Zj1D4LWeozRWep/Gz4JeIdT+IPg3SppiFGo658KdW0uPxzpGg2pBe7n8N+KPiLrmxh9k8PXToysAf2zfDH4nfD340fD3wb8WPhR4x0D4gfDb4heHtN8V+CvGnhfUIdU0DxH4f1e3W5sNT02+gJSSKaJwHjYRz206y2t1DBcwzQoAd1QAUAFABQAUAFABQAUAFABQAUAFABQAUAFABQAUAFABQAUAFABQAUAFABQAUAFABQB/h0/8ABTL41at+0T/wUM/bW+NGsXVzdSePP2m/jLqGlC7na4lsPCtj451nRvBWiiZnkLQeH/B+m6HodoFbYlrp0McYSNUSgD/ZQ/4J2RJB/wAE/P2FoIxtjh/Y5/ZjijUdFSP4KeCEUD6KAKAP8RpPFviD4ZfGVfHXgrUp9D8VfD74mjxb4S1i0YpdaP4g8KeKv7Y0HUrZ1Ksk+n6jYWt1CyspWSJSCMA0Af7uHwt8c2nxP+GPw5+JdhAbWw+IfgTwh45srZnEjW9p4t8P6fr9tAzjIcww6gkZcHDFcjORQB3dAH8Xv/B4P+3Zq/7OPgr/AIJ+/BzwNH4e1rxfc/tI2P7W2teGvEtrPqnhvVNL/Zqn0xfAnh/xzo9rf6Zdar4O8X+NfGdxdXmmQX9nJqP/AAg1zGt9ZPDHIwB+S/wd/wCD2j9t7QdasD8ef2Sv2X/id4YiKpqFp8L734o/BzxRdx5XMsWveJfGHxo0SGcLuJVfCPku20BYgCzAH9ff/BKT/gvH+xR/wVjguvCPws1DXfhT+0RoWiT+IPE/7PHxNFnD4q/sazlht7/xD4F8Q6e8nh74h+G7Oa4iF3PpU1l4k0qGSK78ReE9DtbqznuAD9r6ACgAoAKACgAoAKACgAoA/i8/4PX/AIIHxZ+w7+yx8fbSyN1ffBj9pDUfAl9Oke6TTvDHxr8Aard6heySYwlo/iX4U+DdPkGcvd39iArAFkAPkj/gy5/Z8+E/xKtvj/8AtReOtY1bx18av2bdR0z4I/BPwz4huH1Hw58Cvh18VbPXPG/i3xP4Esbqe4h0jxF8UPEUvijR9Sv7G0sJ7PS9M8RW0N1cx+M9ciUA/v3EUayPMI0E0iRxyShFEjxxGVoo3cDcyRNNM0asSqGWUqAXYsAPoA//1P7+KACgAoAKACgAoAKACgAoAKACgD/F2/4Ly+GtQ8J/8Fif+Chul6kJhcXX7R/i7xLGJ/v/ANn+NLfTfGOklen7k6Vrtmbf/pgYsZwDQB/pkf8ABtz/AMoSf2Cf+xC+Iv8A6vP4pUAf5eP/AAWT/wCUsn/BSD/s9X9o7/1afiagD/VU/wCCBfhe/wDCH/BG/wD4J66TqME9vcXf7Pmh+KI47gMJGsPHGsa3400udd2T5F1pmv2lzakfKbaaIphCBQB+vdABQAUAFABQAUAFABQAUAFABQAUAFABQAUAFABQAUAFABQAUAFABQAUAFABQAUAFABQAUAf4u3/AAXl8Nah4T/4LE/8FDdL1ITC4uv2j/F3iWMT/f8A7P8AGlvpvjHSSvT9ydK12zNv/wBMDFjOAaAP9Mj/AINuf+UJP7BP/YhfEX/1efxSoA/y8f8Agsn/AMpZP+CkH/Z6v7R3/q0/E1AH+qp/wQL8L3/hD/gjf/wT10nUYJ7e4u/2fND8URx3AYSNYeONY1vxppc67snyLrTNftLm1I+U200RTCECgD9e6ACgD8Q/+C7f/BT+L/gnP+yTd6L8LDd+J/20v2nHvvg5+yR8NPDVrca14yvfG/iJLfRL34jWHh/TorrU7+1+HY1qxvNJtbexuz4g8e3/AIM8JrA0et3NxaAH54f8G53/AAb+f8O/NHtv2zf2v9MtNc/bh8f6JeDw34YubuLWbT9m7wp4os2TWNM+3o9xa6r8YfFVjdz2PjrxJa3N3baBpVxd+DfDt7PBfeKdT8RAH9RPxa+F/g743/Cz4kfBn4iWV/qXgD4s+BPFnw28cabpetax4b1DUvCHjfQr7w34k0+z8QeHr7TNd0W4vtG1K8tY9T0fUbHU7IzefZXdvcIkqgH8yfxg/wCDPH/gkr8QNGv7b4cyftGfAjXZI2bS9W8H/FkeMdPs7kZMX2/Rvih4e8ZzalYZIE9tb6xpN5KihYdTtnJloA/kt/4K4f8ABr/+1b/wTY+H2u/tDfC7x1YftY/s0eGIzeeOfE/h7wld+Dfid8K9LMjbtd8cfD4av4ntL7wXYK9vDqHjXwv4j1FbA/aNT8SeHPCuiw/2hQB+6n/Bkv8AtTeNvFfwp/bF/ZA8T6xNqXg/4Q+IPhz8ZPhTZXU09xNoMXxRPi/QviXo9i00jrZ6CdY8H+EdfstMtFitote8ReKtTZDdaxcSSgH91lABQAUAFABQAUAFABQAUAFABQAUAFABQAUAFABQAUAFABQAUAFABQAUAFABQAUAFAH+Dv8AtN+GtQ8F/tJftB+DtWEw1Xwn8cPix4a1IXH+vGoaF491/S7wT5wfOFxayiTI+/npQB/tjf8ABPL/AJMC/Yb/AOzPf2Z//VLeCqAP8PPx1/yO/jH/ALGrxD/6d7ygD/dS/ZT8L3/gf9l39m3wXqkE9rqfhD4B/B7wvqNtdBhc29/4f+Hnh3SbyC4DZYTw3FpJHMGO4SK2cnNAHvlAH5If8FA/+CIf/BPz/gpr8RtA+Lf7VvgDx74j+I3hbwHZfDXw74l8K/Frx54PTSPCOn654g8R2tha+HNN1d/CBuRrPijWbyfU5vD8mo3vnwQX1zdWtjZW9uAfzn/tbf8ABk58Ede07Wdd/Yj/AGr/AB/8OvEaWlzdaR8Pf2iNH0n4heDdT1MRN9m0ofEHwPpfg/xP4P0mSbYH1K68H/EnULZN+bW8LLsAP4sPE/gH9sr/AIIzft7+Dz4/8Lap8I/2lf2ZPiJ4W+I3h5JLp7jw94s03TtS+16bq2h65psq2XjH4Y/ELSrfUNEvp7G4ey1nRL3XfDesW9rfQ6zpFqAf7Z3hPxJp/jHwt4a8XaQxfSvFXh/RvEmmO2Nz6frmnW2p2TNjjLW11ETjjJ4oA6CgAoAKACgAoAKACgD8o/23f+C2P/BOX/gnd8bvAn7Pv7V/xvvfAPxG8d+GbTxolnpfw+8e+ONO8KeEtT1PVNG0XXvGd94M8P62dFtta1PRNXtrG0hgv9VSGxfU7+wsdHntNRnAP5wP+CzP7Q3iX/gu98PP2jvgV/wTw8ejxZ+xX/wT5+Avi39rL9o74zaJousjQfj78fvDXhzX9V+FP7Ovw9l1C20u61y30Pw1pXjDxlqGoW8F5oura5DaRxRrf6H4TvdcAPye/wCDO/8Abc+GX7M/7Zf7RHwR+MnxG8I/DDwT+0l8GdF1TQvEHjrxLpPhXw3efE74L+Iby/8AD2gS6vrt5YaXbX2o+CvHnxIvLHz7lHuptJFhAslzd28bAH+h1+x1+2f8Pf23/D3xQ+I3wY8P+Kbn4J+Dfiprnww+G/xq1OLToPA37QkXhKy0+28X+PvhE0V4+rav8PdH8bSa94GsfFd5p9ro/inUPDWoal4YvdV00vLAAfYVAH//1f7+KACgAoAKACgAoAKACgAoAKACgD/M3/4PJP2C/FPwr/bL8Eft6+HNDurn4V/tQeE/DXgXx5r9ta7rTQfjp8LvDyeHbHTtWuIh5dr/AMJh8KdD8M3XhsXP7/UrjwX4zMbNHpu1QD+tD/g1/wDF1j4t/wCCH/7FgtZ45LvwxD8c/COrwI257K+0f9oz4sm2gm/uyT6LdaRqKr2hvovWgD/N4/ae+Cnj3/goJ/wXD/al+CPwGsZPEXiv9on/AIKI/tEeHfBc9vGbuztdA1H43eNprnxlqTwtti8N+F/B9pfeMfEF6JRDYeH9K1C7aXy4C7AH+xx8Hfhd4X+B3wj+FnwV8Dwy23gv4P8Aw48D/C7whbzsrzweF/h/4Z0zwn4fhmdFRGli0nSLRJGVEVnUlVUHFAHo9ABQAUAFABQAUAFABQAUAFABQAUAFABQAUAFABQAUAFABQAUAFABQAUAFABQAUAFABQAUAf5m/8AweSfsF+KfhX+2X4I/b18OaHdXPwr/ag8J+GvAvjzX7a13Wmg/HT4XeHk8O2OnatcRDy7X/hMPhTofhm68Ni5/f6lceC/GZjZo9N2qAf1of8ABr/4usfFv/BD/wDYsFrPHJd+GIfjn4R1eBG3PZX2j/tGfFk20E392SfRbrSNRVe0N9F60Af5vH7T3wU8e/8ABQT/AILh/tS/BH4DWMniLxX+0T/wUR/aI8O+C57eM3dna6BqPxu8bTXPjLUnhbbF4b8L+D7S+8Y+IL0SiGw8P6VqF20vlwF2AP8AYc8CeEvh1+y3+z94N8C6feL4d+Ev7Onwc8O+ErK/1JmdNC+HXwi8FWej215ftbxFnXTPDXh5JrpoICzCCQxxElUoA/jC0r/g9o+Dd3+05D4S1L9jjxTpf7Jtx4tTw8PjGfiXHdfFmy8MPe/ZV+I178J4PBn9jSQrCUv7rwLZ+OZtVt7ASvbeIdQ1JU0iUA/qy/b3/wCCif7OH/BO/wDZS8SftafG7xRbzeDrfTLVfh14a0W7tX8T/GLxjrmnS3/hDwP4AtZmAv8AVPEUUZvJb4r/AGdoHh+31PxPrUttouk31xEAfwL/ALHX/Bw5+xBo/wC1n8R/+CkX/BQr4G/tKftB/tx+KL/U/DXwbtfBmifC2/8AgT+yF8E7Wa+tfDHw++A2neMfihousN4kutLvbybxb8Q9U0XTtau7vWNbh02K2udd8Y674zAP1m+JH/B7j+yRZeGNYk+EH7G37RniXxmLC4Hh+y+JGv8Aw08D+GG1RonFq2san4Y8TfELVY7CKfZJcJZaTJcTxK8Ucls7rMoB9s/sWf8ABTIfsI/8ELfDv/BT/wDb71f4g/En4hftSfGT4nfGm48IeG2fUdY1zxf8b/ip4stPhf8ADv4d23ifWodI8IeBNP8Ahp4R0nXtO06TUrXRvCnhGw1CPSrXVL+Gz0/VQD3z/gm5/wAHMH/BOj/goj4psfhSdd8Q/sv/AB01W5t7Hw58N/j9ceHNG0rx9f3O1Y7D4c/ETStYvvCmvaq88kNnaeG9dl8J+MNZvJfL8P8AhzVooppkAP26/aF8Y/CD4f8AwI+MfjT9oG/8Pab8DfDnw08a6l8W7rxWLd/Dh+HkXh+/XxZaavb3IaG+tNQ0Z7vT200pNJqb3SafBBPPcxwOAfyVf8Gb/wCwZ47+A/7Mvx6/bL+I3h3VfCsf7XWteCtH+DGia9FJBq8/wb+F7eK54PHTQyWtpINM8feJPF91DotzLEi6tpHg6x8R6bENF13Tbu9AP7NqACgAoAKACgAoAKACgAoAKACgAoAKACgAoAKACgAoAKACgAoAKACgAoAKACgAoAKAP8jj/g6B/YL8U/sb/wDBUT4ufEi30O6h+Df7ZGr6x+0P8NfEaWuzTLrxX4luYLr42eFnuYgLb+3NA+JGoajrtzYrtng8NeMvCV5OC2oh2AP9LT/gmb8TfDt//wAEpv2E/ind6hBFoGnfsI/s769r975ieTp3/CL/AAM8KjxVHNKzKgbSL3StTtblnZVWS0k3MACVAP8AJm/4JC/sSeKP+Ckf/BSL4C/A2y0K81TwVf8AxDsvil8d72GMvaeHfgh4M16x8Q/EW81G8KmKyOtWbQeCdDuZ1aOfxX4q8P2XlSveJGwB/sb/ALTn7RPw2/ZJ/Z8+MP7S/wAX72+sPht8E/AWv/EDxZJpdoL/AFi6sNDtGmi0jRLFpbeO813Xb42ui6JazXNrb3Gq6hZxXN3aQNLcRAH8j37D3/B4v8N/2m/2xfAH7PHxe/ZHvfgb8MvjN8QNI+G3w5+KmmfFj/hPdW8O+JPFesW3h/wQPiN4YfwJ4Zs4tI1/Vr6xtdZ1nQtamTwe92sstnrum293qtuAfaH7Xv8AwdcfsH/scftqePP2QPGvwr+PvjS0+EviYeBPil8X/AemeDrvQPDvje3NsmvaXpHhfW/FOi6/4k0vwjc3E2m+JdViOn3g1XTNVtvD2ieI7aKyvdQAP37/AGXf2t/2bf20/hVpHxr/AGXPjD4M+Mvw31fbENb8J6iZbvRtRMMc8mg+LfD17HZ+I/Bnia1ilikvPDXivStH120jliknsEilidwD+Qb/AIOb/wBlbTP+CkX/AAUq/wCCV37EPwJtLXWP2i9T0L4tan+0BrehwRXN78Jf2ada8U/DG40Lxt8RL2GzuTpuh6CNH+L2teGLXU7iIzare/2Zp9jdan430SK9AP7cNE0bTvDui6R4f0i3FppOhaXp+jaZaqSVttO0y0isrK3BYliIbaCKMEkkhcknOaANSgAoAKACgAoAKACgD+bv/grR/wAG1/7N/wDwVY/aP8MftP6/8cfib8CviDB4T0PwN8RLfwjoXh/xbo3j7QPC8l5/wj19a22vTWcvhTxVZWV++kXOrRT6zo99pdjpKnw1Bf215qOpAH66fsM/sC/s1f8ABPL9mzQP2Wf2cvBh0r4c6a2oah4lvfEc0OveKfiV4q1y2t7TxL4z+ImrSWttDr3iDxBBaWtpdIllZ6Np+kWen+HdC0nSfDul6bpNoAfz0w/8Gb//AATif9p/VPjLqnxG+Nt98DbzxXN4ts/2WbS90TRvC9p9pvJb+XwVL8RdOs4/Gz/DuKaUWVhpWnPo/i600WKKxfx1Pdg6lQB/V94J8E+D/hr4P8L/AA9+H3hnQ/BfgbwToOleFvCHhHwzptro/h7w14c0Oyh07R9E0XSrGKCz0/TdNsbeC1s7S3hjihhiREUAUAdRQB//1v7+KACgAoAKACgAoAKACgAoAKACgD52/at/ZU+Bf7a3wG8f/s2/tG+B7Dx98KviNpZ0/WNKuv3GoaZfQN5+j+J/DGrRo134f8WeG9QSHVfD2vWBS606/gjcebbvcW84B/Pt+yp/wR0/4Kj/APBMTwD8a/2cf+Cd37d/7O2t/s1fFnxFrnibwcv7WHwZ8eax8Xv2ftd8RaNaaLqHif4far8OPFdn4K8SeJPsthp088XiPw5Z+C9Q1zS7PxCvgzTZLnXNO1oA+rP+CPH/AAQN/Zx/4JPHxF8UH8W6r+0b+1p48sLnTfF/7QfjPQ7fRX0fSdSuRe6v4e+GnhdtS8QT+FNP1u7WGfxPrOo+I/EHijxPcQL9r1ez0lk0O3AP3moAKACgAoAKACgAoAKACgAoAKACgAoAKACgAoAKACgAoAKACgAoAKACgAoAKACgAoAKACgAoA+dv2rf2VPgX+2t8BvH/wCzb+0b4HsPH3wq+I2lnT9Y0q6/cahpl9A3n6P4n8MatGjXfh/xZ4b1BIdV8Pa9YFLrTr+CNx5tu9xbzgH8+37Kn/BHT/gqP/wTE8A/Gv8AZx/4J3ft3/s7a3+zV8WfEWueJvBy/tYfBnx5rHxe/Z+13xFo1pouoeJ/h9qvw48V2fgrxJ4k+y2GnTzxeI/Dln4L1DXNLs/EK+DNNkudc07WgD6s/wCCPH/BA39nH/gk8fEXxQfxbqv7Rv7WnjywudN8X/tB+M9Dt9FfR9J1K5F7q/h74aeF21LxBP4U0/W7tYZ/E+s6j4j8QeKPE9xAv2vV7PSWTQ7cA/cLxl4R8P8AxA8IeK/Afi3T01bwr428N654R8TaVK8kcWp+H/Eml3Wjazp8kkLxzRpe6de3Ns7xOkirIWjdXAagD+CHSv8AgyRv4P2nIbzVv2y9Evv2PoPFqau+lQeCdXt/2gL/AMGJefbP+EGmmEo8CWesS2YGgy/EG3vpYwS/iOHwFFIU8PIAfqv/AMFZv+DbT4o/8FUPj5o3xG1z/gpDf/CD4IfDXwf4c8CfAD9mu3/Zd/4Trwt8GfDum+HNC03xH/Z/iCL9ovwNH4i1vxj4g0mfXNU8RX3hWy1hdK/4R7wlNd3+k+EtHkQA/K7/AIgYv+sov/mk/wD+VrQAf8QMX/WUX/zSf/8AK1oA/rF+MP8AwSm/Zt/aB/4Jr+BP+CZPxcTWdW+Efw9+D3wl+GPhnxh4ZaLwx4w0DxB8G/C+keH/AAj8TfD3mNrNlYeJIrvSTqtzY6oNe0rUo9R1PSNci1nT9QvVuAD+QHxr/wAGPfxLi8U3Q+HP/BQLwNd+Cpb2d7GXxr8DNf03xTYaezbra3uoNC8farpOrXtuhEM95Dc6LBdsn2mOxshKLS3AP3L/AGSv+Dbfwx4E0bwRov7f37eH7V//AAUe8GfDy+0rWPBv7OfxU8eeOdB/ZG0bVdJb7Rpk2p/BHV/iD8Qf+EvXQ7sRHS7PU/Eth4WuoEmtda8H39jdPYxAH9L+n6fYaTYWOlaVY2mmaXplpbafpum6fbQ2Vhp9hZQpbWdjY2dskdvaWlpbxRwW1tBHHDBDGkUSKiKqgFugAoAKACgAoAKACgAoAKACgAoAKACgAoAKACgAoAKACgAoAKACgAoAKACgAoAKACgD4R/4KIf8E6P2af8Agpx+zzrH7O37S3hu7vNGku117wR468NyWOn/ABD+FnjK3hkgs/F/gPXL6w1O3sNRFvNNYanp9/Y3+ia/pNxcaXrOnXltInlAH4i/D/8A4I9/8FfPgX+xN41/4JhfCD/goV+zBf8A7Ini3TfGngTRPi/47+BHxRT9qf4Y/CH4halqM3i7wF4Mg0X4kyfD27ttS0/Wtbs7a71i8bVdBg1jUrLwxrGhw/8ACPS+GAD9Pv8Agkz/AMEcv2Xv+CRnwm1fwb8Gl1Lx78VvHo0+b4v/AB88ZWNhbeNPHk+mqzWOi6dY2PnWng7wFpFzNc3OieDtPu70xT3Ml7rus+I9XA1RQD7h/a3/AGZvh9+2V+zR8bf2W/im2ow+A/jj8Ptd8Ba7f6NLFDrOjf2pBu0zxFosk8c9sNY8N6xBp2v6Ut5BcWT6hptul7a3No09u4B/Gx+wr/wZxa5+z7+2d8Ofjj+0H+1Z4J+KPwT+CXxH0L4l+D/BfgXwP4i0Dxj8SdW8Fa5a694O07x3/bV9caN4M0Q6rYWF94nsdC1PxncarZW1xoFpf6cNROt2QB9x/wDBW3/g1R+Cf/BQ349+MP2qvgh8etU/Zn+M/wASbm01X4o6Hq/gv/hZHww8deI7e0jsJvFVpYQ+JPC+v+CfEWrW1vaPr89hf65oWqXdp9vj8OWGq6jq2p3oB8Nfsff8GhP7VX7N3j1/GWj/APBXT4ifs/reRR2fiG7/AGRfDPxD+H/jjxNpMckgGkzeMo/ip4Xi0+Lyri5eGW/8P+KLa2nlfbpkvmPJQB/V7+w3/wAE3f2Y/wDgn/ofisfBrR/Fniv4o/Ey7g1P4z/tHfGfxVe/E/8AaJ+NesW5Jg1H4k/E/WYo9Q1KK2JL2Wg6Ra6J4Xsbh57600SLUb2/vLoA+9aACgAoAKACgAoAKACgAoAKACgAoAKAP//X/v4oAKACgAoAKACgAoAKACgAoAKACgAoAKACgAoAKACgAoAKACgAoAKACgAoAKACgAoAKACgAoAKACgAoAKACgAoAKACgAoAKACgAoAKACgAoAKACgAoAKACgAoAKACgAoAKACgAoAKACgAoAKACgAoAKACgAoAKACgAoAKACgAoAKACgAoAKACgAoAKACgAoAKACgAoAKACgAoAKACgAoAKACgAoAKACgAoAKACgAoAKACgAoAKACgAoA//0P7+KACgAoAKACgAoAKACgAoAKACgAoAKACgAoAKACgAoAKACgAoAKACgAoAKACgAoAKACgAoAKACgAoAKACgAoAKACgAoAKACgAoAKACgAoAKACgAoAKACgAoAKACgAoAKACgAoAKACgAoAKACgAoAKACgAoAKACgAoAKACgAoAKACgAoAKACgAoAKACgAoAKACgAoAKACgAoAKACgAoAKACgAoAKACgAoAKACgAoAKACgAoAKACgAoAKAP/9k=</file>
<file name="om_pdr8.jpg" path="/" encoding="base64">/9j/4AAQSkZJRgABAQAAlgCWAAD/4QB0RXhpZgAATU0AKgAAAAgABAEaAAUAAAABAAAAPgEbAAUAAAABAAAARgEoAAMAAAABAAIAAIdpAAQAAAABAAAATgAAAAAAAACWAAAAAQAAAJYAAAABAAKgAgAEAAAAAQAABCCgAwAEAAAAAQAAA0kAAAAA/+0AOFBob3Rvc2hvcCAzLjAAOEJJTQQEAAAAAAAAOEJJTQQlAAAAAAAQ1B2M2Y8AsgTpgAmY7PhCfv/iAkBJQ0NfUFJPRklMRQABAQAAAjBBREJFAhAAAG1udHJSR0IgWFlaIAfQAAgACwATADMAO2Fjc3BBUFBMAAAAAG5vbmUAAAAAAAAAAAAAAAAAAAAAAAD21gABAAAAANMtQURCRQAAAAAAAAAAAAAAAAAAAAAAAAAAAAAAAAAAAAAAAAAAAAAAAAAAAAAAAAAAAAAACmNwcnQAAAD8AAAAMmRlc2MAAAEwAAAAa3d0cHQAAAGcAAAAFGJrcHQAAAGwAAAAFHJUUkMAAAHEAAAADmdUUkMAAAHUAAAADmJUUkMAAAHkAAAADnJYWVoAAAH0AAAAFGdYWVoAAAIIAAAAFGJYWVoAAAIcAAAAFHRleHQAAAAAQ29weXJpZ2h0IDIwMDAgQWRvYmUgU3lzdGVtcyBJbmNvcnBvcmF0ZWQAAABkZXNjAAAAAAAAABFBZG9iZSBSR0IgKDE5OTgpAAAAAAAAAAAAAAAAAAAAAAAAAAAAAAAAAAAAAAAAAAAAAAAAAAAAAAAAAAAAAAAAAAAAAAAAAAAAAAAAAAAAAAAAAAAAAAAAAAAAAAAAAABYWVogAAAAAAAA81EAAQAAAAEWzFhZWiAAAAAAAAAAAAAAAAAAAAAAY3VydgAAAAAAAAABAjMAAGN1cnYAAAAAAAAAAQIzAABjdXJ2AAAAAAAAAAECMwAAWFlaIAAAAAAAAJwYAABPpQAABPxYWVogAAAAAAAANI0AAKAsAAAPlVhZWiAAAAAAAAAmMQAAEC8AAL6c/8AAEQgDSQQgAwERAAIRAQMRAf/EAB8AAAEFAQEBAQEBAAAAAAAAAAABAgMEBQYHCAkKC//EALUQAAIBAwMCBAMFBQQEAAABfQECAwAEEQUSITFBBhNRYQcicRQygZGhCCNCscEVUtHwJDNicoIJChYXGBkaJSYnKCkqNDU2Nzg5OkNERUZHSElKU1RVVldYWVpjZGVmZ2hpanN0dXZ3eHl6g4SFhoeIiYqSk5SVlpeYmZqio6Slpqeoqaqys7S1tre4ubrCw8TFxsfIycrS09TV1tfY2drh4uPk5ebn6Onq8fLz9PX29/j5+v/EAB8BAAMBAQEBAQEBAQEAAAAAAAABAgMEBQYHCAkKC//EALURAAIBAgQEAwQHBQQEAAECdwABAgMRBAUhMQYSQVEHYXETIjKBCBRCkaGxwQkjM1LwFWJy0QoWJDThJfEXGBkaJicoKSo1Njc4OTpDREVGR0hJSlNUVVZXWFlaY2RlZmdoaWpzdHV2d3h5eoKDhIWGh4iJipKTlJWWl5iZmqKjpKWmp6ipqrKztLW2t7i5usLDxMXGx8jJytLT1NXW19jZ2uLj5OXm5+jp6vLz9PX29/j5+v/bAEMAAQEBAQEBAQEBAQEBAQEBAQEBAQEBAQEBAQEBAQEBAQEBAQEBAQEBAQEBAQEBAQEBAQEBAQEBAQEBAQEBAQEBAf/bAEMBAQEBAQEBAQEBAQEBAQEBAQEBAQEBAQEBAQEBAQEBAQEBAQEBAQEBAQEBAQEBAQEBAQEBAQEBAQEBAQEBAQEBAf/dAAQAhP/aAAwDAQACEQMRAD8A/v4oAKACgAoAKACgAoAKACgAoAKACgAoAKACgAoAKACgAoAKACgAoAKACgAoAKACgAoAKACgAoAKACgAoAKACgAoAKACgAoAKACgAoAKACgAoAKACgAoAKACgAoAKACgAoAKACgAoAKACgAoAKACgAoAKACgAoAKACgAoAKACgAoAKACgAoAKACgAoAKACgAoAKACgAoAKACgAoAKACgAoAKACgAoAKACgAoAKACgAoAKACgAoAKACgAoAKACgAoAKACgAoAKACgAoAKACgAoAKACgAoAKACgAoAKACgAoAKACgAoAKACgD/0P7+KACgAoAKACgAoAKACgAoAKACgAoAKACgAoAKACgAoAKACgAoAKACgAoAKACgAoAKACgAoAKACgAoAKACgAoAKACgAoAKACgAoAKACgAoAKACgAoAKACgAoAKACgAoAKACgAoAKACgAoAKACgAoAKACgAoAKACgAoAKACgAoAKACgAoAKACgAoAKACgAoAKACgAoAKACgAoAKACgAoAKACgAoAKACgAoAKACgAoAKACgAoAKACgAoAKACgAoAKACgAoAKACgAoAKACgAoAKACgAoAKACgAoAKACgAoAKACgAoAKACgAoA/9H+/igAoAKACgAoAKACgAoAKAOU8deO/BPww8HeJPiF8SPF/hrwD4C8HaTd6/4s8aeMtc03w14W8NaJYRma91bXde1i5s9M0rTrWMb57u9uYYIx95+QKAP5evjT/wAHiH/BJz4V+Pb3wV4R0f8Aae+Pem6XrMul3/xC+FHwz8HWvga5gtmMVzqHh+b4n/E34deJNbt1nBS1lHhuysdQgSS7s9QltmtJLsA/Y3/gnl/wVm/Yc/4Kf+FdU1z9lP4tQ634p8NWv23xr8IPGNkPCHxh8E2LXUVnFqmueCru5uZLzw/NcXFpBF4r8Mah4i8Jm8vINLbXV1fztPtwD9I6ACgAoAKACgAoAKACgAoAKACgAoAKACgAoAKACgAoAKACgAoAKACgAoAKACgAoAKACgAoAKACgAoAKACgAoAKACgAoAKACgAoAKACgAoAKACgAoAKACgAoAKACgAoAKACgAoAKACgAoAKACgAoAKACgAoAKACgAoAKACgAoAKACgAoAKACgAoAKACgAoAKACgAoAKACgAoAKACgAoAKACgAoAKACgAoAKACgAoAKACgAoAKACgAoAKACgAoAKACgAoAKACgAoAKACgAoAKACgAoA//9L+/igAoAKACgAoAKACgAoAKAP5e/8Agqn+zf8AtB/8Fqv2vLn/AIJp/D/4s678BP2Ev2WfDvw/+JX7b3xM0TQ5L7Vvil8bPHhfxR8LvgH4TiupbPS/EF14O8B2+mfETVXury78MeFdX8WaNrfinQtY8Q6D4H0y6APyI/4KGf8ABmv8LPhh+zP8QPiv+wl8d/jl42+L/wAMPCOpeNZ/hT8bT4F8S2nxUsfDGlXmqa/4c8Ear4A8BeBL3w54x1S1tmk8IWOqWXiTT9V1eODw7fXulx6ouvaWAfyJ/wDBJ79qjx9+xt/wUR/ZL+N/gPxNqfhuPTvjZ8PPCvxBh09y0Hin4SeNfFujeHPid4P1WyKyQahYa94RvtRihjmhlfT9Xi0vXdO+z6zpOm3luAf7c9ABQAUAFABQAUAFABQAUAFABQAUAFABQAUAFABQAUAFABQAUAFABQAUAFABQAUAFABQAUAFABQAUAFABQAUAFABQAUAFABQAUAFABQAUAFABQAUAFABQAUAFABQAUAFABQAUAFABQAUAFABQAUAFABQAUAFABQAUAFABQAUAFABQAUAFABQAUAFABQAUAFABQAUAFABQAUAFABQAUAFABQAUAFABQAUAFABQAUAFABQAUAFABQAUAFABQAUAFABQAUAFABQAUAFABQAUAFABQAUAf/T/v4oAKACgAoAKACgAoAKACgAoA8m+PPxl8E/s7fBL4t/Hn4kX8OmeAvg58OfGPxL8W3c00MG3QvBmgX2vX8EDTsscl7eQ2LWen2w3SXd9PbWsEcs0yRsAf5IH/Bvl/wTw8bf8FFf+Clfwou4vDjwfAz9nrxz4Z/aE+PmvQW8tt4e0rQPCfiWLxB4S+HkE6IIv7U+JHinTLTwxp2jw3EGor4Xh8WeILI+T4ZvXiAP9higD+Y79rn/AIOvv+CcX7G37Snxj/Zc+IHwr/bH8ZeOfgf4zvvAPi/xF8Nvhr8Hr7wReeJNIigGtW2gXvjT4/8AgTxJeW+k6hJcaPcXd94W02C5vrC6m0t9Q0mSy1K7APnZf+D1T/glgc5+A/7fiezfCv8AZ559xs/aolH5kfToaAHf8RqX/BK//ohX7fX/AIav9nz/AOijoAP+I1L/AIJX/wDRCv2+v/DV/s+f/RR0AH/Eal/wSv8A+iFft9f+Gr/Z8/8Aoo6AD/iNS/4JX/8ARCv2+v8Aw1f7Pn/0UdAB/wARqX/BK/8A6IV+31/4av8AZ8/+ijoAP+I1L/glf/0Qr9vr/wANX+z5/wDRR0AL/wARqP8AwSu/6IX+3z/4av8AZ9/+ijoAX/iNR/4JXf8ARDP2+P8Aw1X7Px/9+j/z+FAD0/4PTv8AglfIwQfA39vUFjgF/hb+z3GufeR/2pAij3c4+lAHTWP/AAeQf8Ew9R2/Z/gz+2fHuxj7doX7Jel4z/e/tP8AbAswnvuxjvjGaAPRPD3/AAdo/wDBOrxPcJa6X8KP2kIp5Cqxrrfjz/gnv4YV2cgIiy+Jf289JiZ2J2hA4ck4CkkLQB9mfDn/AILgeEPjCkUnwk/4J+/t+/FKOdd8D/Dlv2DfG6TIRnfE3hr9u7UlkUrzuQsMcg45oA9g/wCHnXxP/wCkRn/BV3/w2v7IP/0a1AB/w86+J/8A0iM/4Ku/+G1/ZB/+jWoAP+HnXxP/AOkRn/BV3/w2v7IP/wBGtQAf8POvif8A9IjP+Crv/htf2Qf/AKNagA/4edfE/wD6RGf8FXf/AA2v7IP/ANGtQAf8POvif/0iM/4Ku/8Ahtf2Qf8A6NagA/4edfE//pEZ/wAFXf8Aw2v7IP8A9GtQAf8ADzr4n/8ASIz/AIKu/wDhtf2Qf/o1qAD/AIedfE//AKRGf8FXf/Da/sg//RrUAH/Dzr4n/wDSIz/gq7/4bX9kH/6NagA/4edfE/8A6RGf8FXf/Da/sg//AEa1AB/w86+J/wD0iM/4Ku/+G1/ZB/8Ao1qAD/h518T/APpEZ/wVd/8ADa/sg/8A0a1AB/w86+J//SIz/gq7/wCG1/ZB/wDo1qAD/h518T/+kRn/AAVd/wDDa/sg/wD0a1AHE+Fv+CwGs+NfEHxJ8LeFv+CVv/BVDWfEHwg8X6b4B+JOmWvw0/ZJE/hLxhq/w/8ABHxU03QtRM37Z8UTXd38PviR4I8TxtaS3MH2DxFZK8qXK3FvEAdt/wAPOvif/wBIjP8Agq7/AOG1/ZB/+jWoAP8Ah518T/8ApEZ/wVd/8Nr+yD/9GtQAf8POvif/ANIjP+Crv/htf2Qf/o1qAD/h518T/wDpEZ/wVd/8Nr+yD/8ARrUAH/Dzr4n/APSIz/gq7/4bX9kH/wCjWoAP+HnXxP8A+kRn/BV3/wANr+yD/wDRrUAH/Dzr4n/9IjP+Crv/AIbX9kH/AOjWoAP+HnXxP/6RGf8ABV3/AMNr+yD/APRrUAH/AA86+J//AEiM/wCCrv8A4bX9kH/6NagA/wCHnXxP/wCkRn/BV3/w2v7IP/0a1AB/w86+J/8A0iM/4Ku/+G1/ZB/+jWoAP+HnXxP/AOkRn/BV3/w2v7IP/wBGtQAf8POvif8A9IjP+Crv/htf2Qf/AKNagA/4edfE/wD6RGf8FXf/AA2v7IP/ANGtQAf8POvif/0iM/4Ku/8Ahtf2Qf8A6NagA/4edfE//pEZ/wAFXf8Aw2v7IP8A9GtQAf8ADzr4n/8ASIz/AIKu/wDhtf2Qf/o1qAD/AIedfE//AKRGf8FXf/Da/sg//RrUAH/Dzr4n/wDSIz/gq7/4bX9kH/6NagA/4edfE/8A6RGf8FXf/Da/sg//AEa1AB/w86+J/wD0iM/4Ku/+G1/ZB/8Ao1qAD/h518T/APpEZ/wVd/8ADa/sg/8A0a1AB/w86+J//SIz/gq7/wCG1/ZB/wDo1qAD/h518T/+kRn/AAVd/wDDa/sg/wD0a1AB/wAPOvif/wBIjP8Agq7/AOG1/ZB/+jWoAP8Ah518T/8ApEZ/wVd/8Nr+yD/9GtQAf8POvif/ANIjP+Crv/htf2Qf/o1qAD/h518T/wDpEZ/wVd/8Nr+yD/8ARrUAcTof/BYDWfEvjLx18PtD/wCCVv8AwVQ1Hxl8Mx4YPjrQYPhp+ySLzw4PGelza14Y+3GT9s+OA/2xpdvPeW32ee4xFGwm8p8JQB23/Dzr4n/9IjP+Crv/AIbX9kH/AOjWoAP+HnXxP/6RGf8ABV3/AMNr+yD/APRrUAH/AA86+J//AEiM/wCCrv8A4bX9kH/6NagA/wCHnXxP/wCkRn/BV3/w2v7IP/0a1AB/w86+J/8A0iM/4Ku/+G1/ZB/+jWoAP+HnXxP/AOkRn/BV3/w2v7IP/wBGtQAf8POvif8A9IjP+Crv/htf2Qf/AKNagA/4edfE/wD6RGf8FXf/AA2v7IP/ANGtQAf8POvif/0iM/4Ku/8Ahtf2Qf8A6NagA/4edfE//pEZ/wAFXf8Aw2v7IP8A9GtQAf8ADzr4n/8ASIz/AIKu/wDhtf2Qf/o1qAD/AIedfE//AKRGf8FXf/Da/sg//RrUAH/Dzr4n/wDSIz/gq7/4bX9kH/6NagA/4edfE/8A6RGf8FXf/Da/sg//AEa1AB/w86+J/wD0iM/4Ku/+G1/ZB/8Ao1qAD/h518T/APpEZ/wVd/8ADa/sg/8A0a1AB/w86+J//SIz/gq7/wCG1/ZB/wDo1qAD/h518T/+kRn/AAVd/wDDa/sg/wD0a1AB/wAPOvif/wBIjP8Agq7/AOG1/ZB/+jWoAP8Ah518T/8ApEZ/wVd/8Nr+yD/9GtQAf8POvif/ANIjP+Crv/htf2Qf/o1qAD/h518T/wDpEZ/wVd/8Nr+yD/8ARrUAH/Dzr4n/APSIz/gq7/4bX9kH/wCjWoAP+HnXxP8A+kRn/BV3/wANr+yD/wDRrUAH/Dzr4n/9IjP+Crv/AIbX9kH/AOjWoAP+HnXxP/6RGf8ABV3/AMNr+yD/APRrUAH/AA86+J//AEiM/wCCrv8A4bX9kH/6NagA/wCHnXxP/wCkRn/BV3/w2v7IP/0a1AHE6V/wWA1nW/HvjH4X6V/wSt/4KoXvj74f6D4K8UeMvDMXw0/ZJ+36DoHxFuPFtr4K1O8Z/wBs9LYweILjwL4tishBcTyBtDu/tEcAMJlAO2/4edfE/wD6RGf8FXf/AA2v7IP/ANGtQAf8POvif/0iM/4Ku/8Ahtf2Qf8A6NagA/4edfE//pEZ/wAFXf8Aw2v7IP8A9GtQAf8ADzr4n/8ASIz/AIKu/wDhtf2Qf/o1qAD/AIedfE//AKRGf8FXf/Da/sg//RrUAH/Dzr4n/wDSIz/gq7/4bX9kH/6NagA/4edfE/8A6RGf8FXf/Da/sg//AEa1AB/w86+J/wD0iM/4Ku/+G1/ZB/8Ao1qAD/h518T/APpEZ/wVd/8ADa/sg/8A0a1AB/w86+J//SIz/gq7/wCG1/ZB/wDo1qAD/h518T/+kRn/AAVd/wDDa/sg/wD0a1AB/wAPOvif/wBIjP8Agq7/AOG1/ZB/+jWoAP8Ah518T/8ApEZ/wVd/8Nr+yD/9GtQAf8POvif/ANIjP+Crv/htf2Qf/o1qAD/h518T/wDpEZ/wVd/8Nr+yD/8ARrUAH/Dzr4n/APSIz/gq7/4bX9kH/wCjWoAP+HnXxP8A+kRn/BV3/wANr+yD/wDRrUAH/Dzr4n/9IjP+Crv/AIbX9kH/AOjWoAP+HnXxP/6RGf8ABV3/AMNr+yD/APRrUAH/AA86+J//AEiM/wCCrv8A4bX9kH/6NagA/wCHnXxP/wCkRn/BV3/w2v7IP/0a1AB/w86+J/8A0iM/4Ku/+G1/ZB/+jWoAP+HnXxP/AOkRn/BV3/w2v7IP/wBGtQAf8POvif8A9IjP+Crv/htf2Qf/AKNagA/4edfE/wD6RGf8FXf/AA2v7IP/ANGtQAf8POvif/0iM/4Ku/8Ahtf2Qf8A6NagA/4edfE//pEZ/wAFXf8Aw2v7IP8A9GtQBhX/APwVb+ImnXLWs3/BH/8A4K9zuqoxksPgr+y3qFsQ4yAtzZftiXNuzAcOqylkPDAEYoA9Z/ZO/wCClfgz9qT49ePP2ZNY/Zm/a5/ZW+NvgT4Q+GPju3gj9qr4e/Dvwbe+KvhZ4p8Z+IPh/Z+KvClx8Ofiz8VbO4tbTxb4b1DSLyHW59CuZJsPpcWpRW2pPYAH6Q0AFAH/1P7+KACgAoAKACgAoAKACgAoAKAP5AP+CzPxd+Pf/BYX9oRv+CH/APwTv1KIeBvB2veHvE//AAUo/abVbi7+GXwn0vR9XS/8P/BjUdUsnSLXfEWn63pi+Ide8F6TdJrHiDxvomheC0vdKsvCnxWn0EA/oX/4J4/8E9f2df8AgmZ+zZ4Y/Zu/Z20BrPRdMP8AbXjjxzrKWknjb4q+O7q2gh1rx7461S2gt0u9Vvlt4bawsYUi0rw7olrp+gaLbWumafBEoB9S/Cn4s/DX45+APD/xU+D/AI28P/Eb4ceLE1GXwz418KX8eq+Hdfg0rV7/AEG/udJ1KD9xfWsOraXf2a3Vuz2072zyW8ssLJIwB+Dn/BPH9iL9jH9pPxv/AMFU/F/7RH7I/wCzJ8efF1p/wVv/AGsPDtn4r+MvwG+FvxN8T2egWXhb4NXtloln4g8aeFdb1e00mzvdU1K8tNPt7uO0trrUL65giSa7uHcA+6tY/wCCKv8AwSR1zf8Abf8AgnJ+x7Bvzn+x/gX4F8PYz/c/4R/SNM8v28srjtjqoB5XrH/Bvn/wRk1zf9t/4J9/BGDfnP8AY58Z+HsZ/uf2B4s0zy+vGzbjsBgbQDyvWP8Ag2R/4Ib63uN3+wpotszZO7R/jl+09oW0nuqaL8a9PiGD0UxlOxDD5aAPLNY/4NRf+CI+p7/sX7NPjnw7uzj+x/2ifjzPsz/c/t/x/rucdt4bpznJoA8r1j/g0D/4I6anv+xeHf2jfD27OP7H+OV3P5ef7n9v+G9bzjt5m/33c0AeV6x/wZg/8EotS3Gx+KX7b/h8nO0aT8W/g9OqegA139nnWmKj0Z9xA+8DywB5ZrH/AAZNf8E959/9gftT/tlaZnOz+2NV+CWubfTf9i+Dvh7fjvjZntjigDyvWP8AgyD/AGZZ9/8AYH7dHx20zOdn9sfDH4f65t9N/wBi1Lw9vxxnGzPtQB5XrH/BjZ4Sm3f2B/wUq8Rab12f2x+yfput49Axsv2hfD+73IC+uB0oA8s1j/gxw+IEG/8AsD/go94O1PGdn9sfsw63oe703/Yvjh4h2Z4zjfj3xQB5XrH/AAZD/tXQb/7A/bc/Z61PGdn9seA/iRoe703/AGKPxDsz3xvx70AeFeOf+DLT/gproNq934K+OX7Gnj7ywxOm/wDCcfFvwrrExHKC2TVvgvNorbuQxutdtNrFQN6l3QA+D/iL/wAGuH/Bbf4bvLdWf7J9h8QbCzbeNW+Gnxv+CWsuWjO5JLXRdT8f6B4umYld0Zg8Pl1IAZUcqrAHj/8AwzX/AMHC37IHz+H/AIaf8FW/gzYaV11T4WJ+01aeF7NYeitr/wAMrq68NRxFVICNf+VLGGwrxhxQBr6H/wAF4/8Agux+zbqMOjat+2Z+0ToWp2p2/wBkfHXwZ4U8e6i4iIWRLm2+OHgDxRqExH3ZXkPnAtnzFcqygH2r8Nv+Dwr/AIK/+B/IXxTc/sx/GNYtomb4h/BO60mW5A4Znb4S+N/hhFHIwyQYYEjDc+VtBRgD7++G3/B8D8fdM+zj4v8A7BPwf8a42i6k+G3xj8afDDd0Dvbw+J/Cnxd8vuyxSTyZ4UzDO+gD7/8Aht/we4fsY6r5A+Lv7HH7TfgRn2i4Pw78QfCz4pxQMfvFG8R+IvhDJPGh6t5ETlQSI8kIwB9/fDb/AIO2f+CL3jr7OPEvxd+MPwdafaGT4k/AT4gah9nZsfLcSfCaz+KMIweGeOSSJeSZCg30Aff/AMNv+C6n/BH/AOK32f8A4Rb/AIKHfsy6c1zt8lPiJ4+t/g/KS+NqvF8W4PBMkMhJCiOZUfcdu0scUAffnw5/aK/Z9+MSwv8ACP46/Bv4ppcKGgf4c/E7wT43WZSMhoW8M63qYlUjkFNwxzkggqAeyUAFABQAUAFABQAUAfCn7JvhTxR4f/aK/wCCn2s694b1/RNH8dftn/DHxN4J1XV9H1HTdN8Y+HLH/gnN+wd4MvfEHha+vbeG18Q6JZ+MPCfinwpdarpEt3YW/iXw1r+hTTpqmjaja24B910AFABQAUAFABQAUAFABQAUAFABQAUAFABQAUAFABQAUAFABQAUAFABQAUAFABQAUAfCvwD8KeKNJ/bZ/b+8Uar4b1/TPDXi5P2Ux4U8Q6ho+oWWh+J/wCwPhRrun67/wAI9q1zbx2Gtf2LfyxWWrf2bcXP9m3ckdteeTM6owB91UAFABQAUAFABQAUAFABQAUAFABQAUAFABQAUAFABQAUAFABQAUAFABQAUAFABQAUAfCnwk8KeKNP/4KG/tr+Mb/AMN6/Y+EfE/7PP7DGj+GvFN5o+o23hzxDq/hXxF+2LN4n0rQ9cmtk0zVtS8OQ+JPD0uvWOn3Vxc6PHr2iyajFbrqli04B910AFABQAUAFABQAUAFABQAUAFABQAUAFABQAUAFABQAUAFABQAUAFABQAUAFABQAUAfjNo1vcH/g4X+JF0IJjap/wRm+Cdu9yInNulxL+27+0BJFA02PLWaSOGaSOItvdIpGUFUc0AfszQAUAf/9X+/igAoAKACgAoAKACgAoAKAP5Mv8Ag5G/4L86b/wT+8Caz+x3+yj4qtL79tn4j+Hlj8UeKtJnhu4/2YfA3iCy3ReILyRGkjj+L3ibTLgT+ANCkVp/DWmXEXxB1uKCF/B1j4pAP45/2J/+DlD9uP8A4J//AAO0j4Cfs5/B79jrRfDNtqF94i8U+KfEPwr+I2vfEb4oeONYdZde+IfxQ8YH4zWl34u8aa5KqC71O4hgtrOzgs9H0Wx0rQtO03S7UA7H9pP/AIOqv+Ct37THws8Z/B278afB/wCEPhz4haHqPhXxLqXwP+Gd34b8ZXXh/W7WTT9W0nSvFPibxV411bw+2o2U81o+qeHZdM163jnc6fqtpKRIoB/p+/sDfAVf2XP2Iv2Sv2d3tFsr/wCDn7O/wj8Ba/EEEbTeLNC8EaNbeML+ZBgLc6p4pGr6ldAAL9pupcBQQKAPi/8A4JD/APIV/wCCrf8A2mH/AGuf/UM+BlAH7D0AFABQAUAFABQAUAFABQAUAFABQAUAFAGRrnh/QfE+nTaR4k0TSPEOk3PFxpeuabZ6tp04wRiayv4Z7aXhmH7yJuCRznFAHxV8SP8Agl7/AME3fi/9ok+JX7Bf7IPi29ud3m6zqP7O/wAKk8RfPneYvEtn4Xttfty5+ZzBqUZZgrNllU0AfAPxI/4Nkf8AgiX8SvtE9z+xbpfg3Up92zU/hv8AFn43eCPsxbOTb6HpHxGTwn1wVE3h2dU2gIEUsjAHwB8SP+DMT/glx4r+0XPgP4p/tffCu9fd9mtdN+Inw58WeHYC2cebYeLPhLqGvzqhwFC+KoG25Du5YMoB8A/Ej/gx00SX7Rc/CH/golqtjjd9l0X4kfs52mq+ZnOwXHifwx8W9F8nbwGaPwjPvyWVYsbWAPgH4kf8GV3/AAUg8O/aLn4a/tAfsg/Emyi3eVa6n4m+K3gLxDdDnYIbC6+FPiDQEZgMOLjxVAFZgA7rudQD4B+I3/BrX/wW2+HLTXNl+yjpfxEsLRi39q/DT44fBLV2JQ5R7XRdY8feHPFk7HbuT7P4fd1IAfa7IKAPHP8AhmH/AIOFf2QPn8O/C/8A4Kr/AAasdL66r8J0/aXtvDNisXQNr/wuu7vw5FFgHaGv1ilQNtDoCFANXRP+C7f/AAXZ/Zq1CHR9X/bM/aP8P6nbHaNK+O/g/wAM+PdRfyiA6XNr8c/AXii+nI+7I0oaUHkyK5G0A+6/g3/weJ/8Fafh5eWp+I9r+zb8fdKHlpfw+N/hPc+D9YmiU5kksNU+E3ifwHp1leyDgT3Xh/VLNBnGmsSCoB+zvwE/4Pefgpqv2Ky/af8A2Hfif4GZfLjv/EXwK+JHhb4oQ3LHHmXdv4R8e2Hwml02MEn/AENvGWsyBF3C6d2EdAH7Y/AT/g5z/wCCMXx6+xWaftXQ/BvxDeeXnw78e/Afjb4bfY/MwB9t8ZT6Pqfwwh2N8smzx5Ls2mRtsJDsAfsz8I/2hPgH+0BpH/CQfAj43/CL41aEIknOs/Cb4keDfiLpawyEBJHv/CGs6xbIjFlUF5B8x2khjtoA9foAKACgAoAKACgAoAKACgAoAKACgAoAKACgAoAKACgAoAKACgAoAKACgAoAKACgAoAKACgAoAKACgAoAKACgAoAKACgAoAKACgAoAKACgAoAKACgAoAKACgAoAKACgAoAKACgAoAKACgAoAKACgAoAKACgAoAKACgAoAKACgAoAKACgAoAKACgAoAKACgAoAKACgAoAKACgAoA/JHQP+U73xa/7RI/s8/8ArY37T1AH63UAFAH/1v7+KACgAoAKACgAoAKACgAoA/EX4uf8G5P/AARp+O/xT+I3xr+LP7H1x4x+J/xZ8beJ/iL8QfFV1+0d+1jp02v+MPGOsXeveIdV/szRfjrpmiaVFeanfXMtvpOiaZpujaXbtFp+k6dY6fbW9rEAed/8QuX/AAQo/wCjGf8AzZn9sT/6IKgDX0D/AINjv+CHXhjXdF8S6N+w/BBrHh7V9N1zSp7n9ov9rXU7aHUtJvIb+xluNN1X483ul6jBHdW8Ty2OpWd3YXcatb3lrPbySROAfvPQB+PH/BIf/kK/8FW/+0w/7XP/AKhnwMoA/YegAoAKACgAoAKACgAoAKACgAoAKACgAoAKACgAoAKACgAoAKACgDK1rQdD8SafPpHiLRtK1/SrkYuNM1rTrPVNPuBgjE9lfQ3FtKMEjEkTcE9MmgD4G+N3/BJT/gmV+0Xa3EHxf/YT/Zi8S3VysizeINO+EvhXwX4zKy53rH468C2PhnxnApYlwsOuoFkPmqEkJdgD8Wfj3/wZ3/8ABJ74pfbbz4T3f7Q/7NGpyeY+n2fgH4oJ468JW0z52i90j4yaF4/8TXtpHnKwWnjbSpshR9r2gowB+J3x7/4Miv2hdE+23n7Mf7bPwg+JEX7yaz0L42/D/wAYfCG9jjGWWxOv+Cbn4y2eo3W0BEvJNF0K2mlYeZBZRhnUA/Gb4uf8G4n/AAW7/ZW1f/hK9E/Zc8aeNF0KV7jSvHf7MvxB8MfEHVxNDuzPoug+DvEVt8WLaXbgxO3gyyll37IQ8gkjUA4Dwv8A8Faf+C8P/BPrW7Pwp4k/aV/bK+Fmoae/kW/gL9qnw/r/AI2jggtcLJplt4V/aY8LeKX060jTMRt9MtLI2qsTbNbShJEAP1f+An/B6V/wUI8CfYrD4+fAT9m74/aRbeWLnUdFs/GHwa8daiBxKbjWtI1zxd4KhZwMxmy+GlssTs5ZZUKRqAftj8BP+D1L9gnxv9isf2gv2cf2jvgNql15YuNQ8Kt4L+NngrTmOPNa71i21b4e+MpIkJPltYfDq9llVSWhhYKjAH7Y/AT/AIL3/wDBH/8AaP8AsUPw/wD28vghoeqX3lxxaH8YdV1X4B6t9sk4GnxW/wAa9J8CQ6hemU+THHpNzqEd3LgWMt0ro8oB+rvhjxX4X8baLZ+JPBviTQPFvh3UU83T9f8ADGsadr2i38fB8yz1XSri6sbpMEHfBO68jnmgDfoAKACgAoAKACgAoAKACgAoAKACgAoAKACgAoAKACgAoAKACgAoAKACgAoAKACgAoAKACgAoAKACgAoAKACgAoAKACgAoAKACgAoAKACgAoAKACgAoAKACgAoAKACgAoAKACgAoAKACgAoAKACgAoAKACgAoAKACgAoAKACgAoAKACgAoAKACgAoAKACgAoAKAPyR0D/lO98Wv+0SP7PP8A62N+09QB+t1ABQB//9f+/igAoAKACgAoAKACgAoAKACgAoAKACgD8eP+CQ//ACFf+Crf/aYf9rn/ANQz4GUAfsPQAUAFABQAUAFABQAUAFABQAUAFABQAUAFABQAUAFABQAUAFABQAUAFABQAUAFAHP+KPCXhXxxot54a8aeGfD/AIv8Oainl6hoHijRtO1/Rb6PBGy80rVba7sblMMw2z28i4JGOTtAP8xf/ggJ/wAE4f2NP+Cg/wDwUT/4KTfBX9q34N2fxB+HvgHSfHmu+AdI0nxP4z+HkvgrWYPj43h60vvDt78O/EPhe5tktNHuZLCDSrl7vQzbiKKbS5o4kVAD92Pj3/wZV/sG+Nvtt7+z5+0l+0b8B9UuvMaDT/FsXgv42+CtOY58pbPR5tL+HPjGSFCR5i6h8RL6aQAbbiIklgD8Tvj3/wAGW/8AwUL8Cfbb/wCAvx3/AGbvj/pFt5n2bTtX1Dxf8G/HeoYyYhBomtaF4q8Ews4XD/bPiZbrHIyhWlTfIoB+UXib/gk7/wAF4v8AgnvrV54q8N/s2ftnfCi/09/tF149/ZX8QeIfGcFvDbfNFqV14t/Zm8UeKP7PtY0AkFzqd9ZG1DBbgQTBo1APQ/hD/wAHIH/Bbr9lnVv+EV1v9qLxf44TQZkt9V8C/tM/Dzwv8QNWE8OP3GteIPFvh2z+LNtLtOJUXxrZyyb98oeQI6AH7M/AT/g92/aB0X7FZ/tOfsS/CL4ix/u4b3Xvgh8QfF/wjvIoxgPer4d8b2vxitNSuSo3PZpr+hW8srMY5rOPbEoB+2PwE/4PDv8Agk58U/sVn8V4P2hv2aNTk8tL+7+IPwuHjnwnbzPjcbLV/g1rnxC8R3lohO03F54L0mbIYmzCBXYA/dv9mL/go9+wf+2asUf7MH7WPwP+MOryxmY+EPDfjnSrb4hW8OzzPPv/AIb63Lpfj7ToCgYrNqHhu1iYxyqHLQyhAD7WoAKACgAoAKACgAoAKACgAoAKACgAoAKACgAoAKACgAoAKACgAoAKACgAoAKACgAoAKACgAoAKACgAoAKACgAoAKACgAoAKACgAoAKACgAoAKACgAoAKACgAoAKACgAoAKACgAoAKACgAoAKACgAoAKACgAoAKACgAoAKACgAoAKACgAoAKACgAoA/JHQP+U73xa/7RI/s8/+tjftPUAfrdQAUAf/0P7+KACgAoAKACgAoAKACgAoAKACgAoAKAPx4/4JD/8AIV/4Kt/9ph/2uf8A1DPgZQB+w9ABQAUAFABQAUAFABQAUAFABQAUAFABQAUAFABQAUAFABQAUAFABQAUAFABQAUAFAH+ex/waY/8pav+CqH/AGKnj/8A9aWhoA/0J6ACgAoA8d+L37O/wA/aC0n+wfjz8DvhB8a9DEL266R8Wvhr4M+IumpDJuLxR2Xi/RtYt40YszYSNPmYsMNk0AfjL8e/+DYn/gjF8eftt4f2VF+DXiG98z/iovgJ4+8bfDn7J5mT/oXg1NX1b4YQbGO+PPgN9mAgHk5iYA/E/wCPf/BkL8GNU+23v7MH7cfxM8EMvmSWHhz47fDXwv8AE2K5Y58u1ufGHgHUPhRJp0akjN4ngvWJNq4NozMXUA/Ab9qX/g1W/wCCv37LlzdeJPh/8NfCn7UHhjRZv7QtPFX7NXjZNR8VWaW7iaynHw88Y2vgb4jz6yjIjG18G6F4r+y3K/uL6dBHcMAfP/wb/wCC0/8AwW9/4Jp+Kovhprnx3/aA0B/DZihv/gV+2F4T1nxxHZWFu/lx6QuhfGzTJvH3g3S0eExx2/g7WvCbR7JIoplVpVYA/oo/ZQ/4PcCP7M0T9uD9jbP+qXVPiP8AsueKMf3Uke3+D/xT1TvzM0n/AAugf88o7QZV6AP6af2UP+DgD/gkr+2H/ZunfDn9sD4feB/GepeTEvw7+PMlx8DvFq6hPjytIsZPiJHovhbxTqb7gEt/BPibxMkjbo4pZHR0QA/Y21urW+tre9srmC8s7uCK5tLu1mjuLa6tp0WWC4t54WeKaCaJlkilid45EZXRmVgaAJ6ACgAoAKACgAoAKACgAoAKACgAoAKACgAoAKACgAoAKACgAoAKACgAoAKACgAoAKACgAoAKACgAoAKACgAoAKACgAoAKACgAoAKACgAoAKACgAoAKACgAoAKACgAoAKACgAoAKACgAoAKACgAoAKACgAoAKACgAoAKACgAoAKACgAoA/JHQP8AlO98Wv8AtEj+zz/62N+09QB+t1ABQB//0f7+KACgAoAKACgAoAKACgAoAKACgAoAKAPx4/4JD/8AIV/4Kt/9ph/2uf8A1DPgZQB+w9ABQAUAFABQAUAFABQAUAFABQAUAFABQAUAFABQAUAFABQAUAFABQAUAFABQAUAFAH+ex/waY/8pav+CqH/AGKnj/8A9aWhoA/0J6ACgAoAKACgAoAKAPI/jJ8AfgX+0V4Vl8DfH74N/C741+DZhLu8MfFbwH4X8f6GjzIEeeDTfFOmapa2t1hVMd3bRQ3UTpHJFMkkaOoB/Ov+1f8A8GkH/BKH9oP+0tZ+E3h74nfsjeMrzzbiK7+DXjK41zwNLqMm7EupfDv4mx+MrG305c8aR4I1bwHbqUQwvCDKrgH8y/7WH/BmX/wUD+E/9p6z+yz8Wfg1+1j4ctvNex0C9upPgT8Vr0Dc8UUeg+M7/V/hofkAjeef4v2TvNtKWaRuzRAH5B2fjL/guD/wRe12Gw/tL9tL9jLS7PUdlppOuWvimT4C+INQ84kSWWka/beJPgJ49Jm3qtza2uvwszzRrKPNmRwD9rP2UP8Ag9J/bW+HH9m6J+1v+z/8IP2l9Bt/Jhu/Fngi5vvgV8Tp1bCz6hfyafaeMPhvqc0Q/fQ6dpXgDwhDO+6CS/tkkSeAA/po/ZP/AODrr/gkd+0n/ZukeOPiX43/AGUPGl/5UB0P9obwdPp3ht71sCb7N8S/Al1428CWWmRsS0OpeMdW8HNLEA0tnbTHyFAP6Efhh8XfhR8bfCln47+DPxO+H3xb8Eajj7B4w+GfjPw5478L3uUWQC11/wAL6lqmlTnY6vtiumIVlJ4NAHodABQAUAFABQAUAFABQAUAFABQAUAFABQAUAFABQAUAFABQAUAFABQAUAFABQAUAFABQAUAFABQAUAFABQAUAFABQAUAFABQAUAFABQAUAFABQAUAFABQAUAFABQAUAFABQAUAFABQAUAFABQAUAFABQAUAFABQAUAFABQAUAfkjoH/Kd74tf9okf2ef8A1sb9p6gD9bqACgD/0v7+KACgAoAKACgAoAKACgAoAKACgAoAKAPx4/4JD/8AIV/4Kt/9ph/2uf8A1DPgZQB+w9ABQAUAFABQAUAFABQAUAFABQAUAFABQAUAFABQAUAFABQAUAFABQAUAFABQAUAFAH+ex/waY/8pav+CqH/AGKnj/8A9aWhoA/0J6ACgAoAKACgAoAKACgAoAKAM7V9I0nX9Mv9E17S9O1vRtUtZbLU9I1eyttS0zUbKdCk9pf2F5FPa3drMhKSwXEMsUiEq6MCRQB+Jf7V/wDwbl/8Ehv2uf7S1LxL+yh4Z+DvjTUfNb/hPv2aruX4Iaxb3NxuNxft4Y8LRf8ACrtY1CeU+fNe+Jvh9rtxLPuld98s/mgH8y/7V/8AwZJeOdN/tLXP2I/2xPD/AIptx5sunfDn9pnwxd+F9Vjhj3Olv/wtb4a6fr2mavf3C4ihWf4VeFrFZ1Rri9hgld7cA/nu+J//AASv/wCC4X/BKzxXefEnS/gv+1J8IX0TMsnxx/ZU8VeIPFPh2LS7R2kjv9X8c/AXW9Un8OaRKdxFt45Hh+QiTybvTo3mMLAH2J+yl/wdr/8ABWT9nZtP0P4reJvhv+1r4PsGjtZ9O+NvguDSPHFvYQkCSCw+Inw2l8F6vPqhZTnVvHOn+O7jLyLPDLiHyAD+mb9lD/g84/YD+Kv9m6N+1T8H/jJ+yl4hufKS+8RaXBF8ePhVZnhJp5tZ8I2Gh/EyMM582O1tPhLqgSHej3ryRoZwD+ln9mT9vr9iv9szTYtR/Zc/ag+C3xske2+2XGgeC/HWi3XjbSrfZ5hfX/h/d3Fp448OMI/nMWv+HtNlCfMUwrMwB9d0AFABQAUAFABQAUAFABQAUAFABQAUAFABQAUAFABQAUAFABQAUAFABQAUAFABQAUAFABQAUAFABQAUAFABQAUAFABQAUAFABQAUAFABQAUAFABQAUAFABQAUAFABQAUAFABQAUAFABQAUAFABQAUAFABQAUAFABQB+SOgf8p3vi1/2iR/Z5/9bG/aeoA/W6gAoA//0/7+KACgAoAKACgAoAKACgAoAKACgAoAKAPx4/4JD/8AIV/4Kt/9ph/2uf8A1DPgZQB+w9ABQAUAFABQAUAFABQAUAFABQAUAFABQAUAFABQAUAFABQAUAFABQAUAFABQAUAFAH+ex/waY/8pav+CqH/AGKnj/8A9aWhoA/0J6ACgAoAKACgAoAKACgAoAKACgAoAKACgD8+P2rf+CUn/BOj9txdQuP2mf2Qfgx8RPEWqCQXnxAt/DQ8E/FSQyA8/wDC1vh/ceFviKVRj5qQP4me38352iyzFgD+Zn9q/wD4Mpv2XPGv9p67+xz+0/8AFH4F6vL51za+B/i/o2l/GXwEZ+fJ0vTdd0o+BfHHhzTiNoa/1i7+Il/GVdvJnDpHEAfzTftN/wDBsJ/wWR/ZB1KXxb4M+Dtt+0PoXhy5/tHTfH37JvjKXxd4itJrV/PsbnTvAOoWvg74znVlVBIP+Ed8D6rHa3KGKLUZGa3knAOF/Z4/4L6/8Fq/+CdXjKDwB4r+NfxQ8W2nhKaK31v4C/tq+GfEHjuSG3g/dwaTfXXj3+yPjV4StLaNHhtbHw3458OQQoqw+S0MMcSAH9b37Cv/AAeS/sWfGj+xvCH7bHwz8Yfsj+N7nyLS48feHl1H4u/A68uSVhN3dXOh6bD8S/BwvJ3V4rCfwZ4t0rS4PNfU/GPlQm4cA/rF+Cfx/wDgd+0n4GsPiZ+z78Xfhx8afAGpbVtfF3wx8Y6D400LzzGsj2NzfaDfX0VhqlsG2XulX5t9SsZg9ve2lvPG8aAHrtABQAUAFABQAUAFABQAUAFABQAUAFABQAUAFABQAUAFABQAUAFABQAUAFABQAUAFABQAUAFABQAUAFABQAUAFABQAUAFABQAUAFABQAUAFABQAUAFABQAUAFABQAUAFABQAUAFABQAUAFABQAUAFABQAUAfkjoH/Kd74tf9okf2ef8A1sb9p6gD9bqACgD/1P7+KACgAoA/k6/4OKv+C/8A+0P/AMElvip8CfgT+zV8Gvhb4s8W/E34dXnxY8TfEH426T401/wfaaCPFWr+EtN8J+FNF8GeMfANxceJEvPDuoal4i1DUPEF1b6bpWo6DDBpD3GqC/tADkv2QP8Ag4t/bnuvgl4G/aE/b6/4JF/tBeG/2b/HWlQeINO/as/ZQ8HeLfGXgm08M3Ct5HjTX/g54rudT8X+HPh7OirqVr43uPiHfWep6RPDdeH9O1xZ7Fr8A/pR/ZO/bT/ZZ/bm+GVr8Xv2UfjZ4I+NHgib7PHqFz4X1Fk13wvf3UTTxaL438IanDYeLfA2vGFWmGieLtF0bVHt9t1HavayRTuAfUNABQAUAFABQAUAFAH48f8ABIf/AJCv/BVv/tMP+1z/AOoZ8DKAP2HoAKACgAoAKACgAoAKACgAoAKACgAoAKACgAoAKACgAoAKACgAoAKACgAoAKACgAoA/wA9j/g0x/5S1f8ABVD/ALFTx/8A+tLQ0Af6E9ABQAUAFABQAUAFABQAUAFABQAUAFABQAUAFABQB8yftP8A7GH7KP7aPg0+Af2qfgB8MPjl4bSG4i05PHfhiy1DW/DrXQxcXfhDxZCtt4s8F6lIo2nVfCet6LqYQsi3aqzhgD+Qb9ur/gy1+CvjM6z4x/4J8fH/AFn4Ma7L591Z/Bn49nUfHvwzkuHLeTpuh/E3R7SX4j+ENLgQIBJ4k0X4talPIXMl9CjLsAP5QfjF+wd/wWd/4IlfEKf4qzeEf2gv2dk0meOGP9oj9n/xTq+sfCfW7CK4Js7XX/iB8O7y88Ox6Xqjb2XwX8UIdJvNQt2ni1HwwYjcRUAftH+wr/wea/tY/Cn+xvB/7dnwf8KftQeEYPs9rd/FD4eJpnwm+NVtAMLPqWp6NZWn/Cq/GtxHGii30uw0H4ZPNI8kt74hlbYtAH9mn7C3/Bdb/gmR/wAFCBo+i/BL9o3w/wCF/ijq/kRR/A341/Z/hT8WjqNwFK6Ro+ja/etoPjzUEVg0q/DLxN42togH8y5UxyhAD9e6ACgAoAKACgAoAKACgAoAKACgAoAKACgAoAKACgAoAKACgAoAKACgAoAKACgAoAKACgAoAKACgAoAKACgAoAKACgAoAKACgAoAKACgAoAKACgAoAKACgAoAKACgAoAKACgAoAKACgAoAKACgAoAKAPyR0D/lO98Wv+0SP7PP/AK2N+09QB+t1ABQB/9X+/igAoAKAPyW/4Kd/Hr/gjb8LbbwDaf8ABVDWP2StV1LwusvxA+GPgf47+BtA+MHxDsrK5upNNuvE3gz4YW/hnxt4/n0HV7/QpNLvrzSvDM+h65e6IdOvPttxpX2e3APxa+Ov/B5f/wAE2PhRaP4c/Zz+CX7Qfx8m0a2jsdEnt/Dnhb4J/DGSysolt7G00/UfEmraj41021iijjiht3+FMEdrbLGkceVECgH8jX7Z3/BeC/8Ajd8f9I/an/Yx/ZE8B/8ABNv9o7TdWN7q3xy/Z++KHjCTx98QtLkl8+90D4saNpGkeAPg98T9P1a4SCXW5/Gvwm1nUtXW2gstQvrrTFaycA/p5/4I/wD/AAdz/D/41ah4Z/Z//wCCnNt4X+DPxI1CW00fw1+1F4ctv7F+DXiy9k2W1rD8WdBae4X4U6zeTeW0/jDTJZvhrPcXNxcapZfDbSLFHuAD+3CxvrLU7K01LTbu11DTtQtbe+sL+xuIruyvbK7iSe1u7S6geSC5tbmCRJre4hd4ponSSN2RlagC1QAUAFABQAUAfjx/wSH/AOQr/wAFW/8AtMP+1z/6hnwMoA/YegAoAKACgAoAKACgAoAKACgAoAKACgAoAKACgAoAKACgAoAKACgAoAKACgAoAKACgD/PY/4NMf8AlLV/wVQ/7FTx/wD+tLQ0Af6E9ABQAUAFABQAUAFABQAUAFABQAUAFABQAUAFABQAUAFAEF1a219bXFle28F5Z3kE1rd2l1DHcW11bXEbRT29xBKrxTQTxO0U0MqPHJGzI6spYUAfz/8A7dX/AAbOf8Erv23P7Y8SW/wcb9l/4s6n9ouP+Fl/synTPh/Bd6lIDItz4j+GTadqPws1xLi8P2nWLy28JaN4p1YyXG7xVbXEwuogD+Mr9un/AINEP+CjP7M51jxZ+zPqHhP9tj4aWBnuoYfAoTwB8bbKwhy5l1D4U+J9TuLDWZlUxRW9n8PvHPjTXNQmErx6BaoFSgD4y/ZW/wCC6v8AwWN/4JYeLv8AhUOt/ET4ha1oXge4h03W/wBmT9s3wv4r8TW/h2G22rHodtbeMZtA+Lvw3traESLa6P4W8WeGdJjeXzp9IutqKoB/YF+wr/weM/sMfHT+xvCH7ZHgHxl+x349uvItJ/GFst98W/gZe3jbYBO+v+HNLt/iB4S+3XJEi2ur+A9U0LRbd2OqeNnht3vXAP6tvg/8bvg3+0H4H0z4l/An4q/D34x/D7WB/wAS3xp8M/GGg+NvDV1IER5LZdY8O31/ZR3tuJEW7sZZY72zlPk3dvDMGRQD1GgAoAKACgAoAKACgAoAKACgAoAKACgAoAKACgAoAKACgAoAKACgAoAKACgAoAKACgAoAKACgAoAKACgAoAKACgAoAKACgAoAKACgAoAKACgAoAKACgAoAKACgAoAKACgAoAKACgAoAKACgD8kdA/wCU73xa/wC0SP7PP/rY37T1AH63UAFAH//W/v4oAKACgD+L7/g5z/4JS/HP/gpF+23/AMEv/CXwB0i3s9X+JXhv9of4X/EP4pa9peuy+Afhb4Z+HSeEfijo2r+PNZ0TS9TOnw6hY6z8Qbfwnp0whl8ReJIYtCspYrnUFlQAyf2c/wDgyh/Y58HwWF/+1B+1R8dvjdrcKxTXWj/C/R/CPwQ8GSzkKZrK6j1S1+Kvi2/s4yWiS7sPE3hq7udqXBitAzWigH7X/A//AIN3P+CNHwDS0fwz+wr8KvG2o24Rp9V+N9x4q+O0l/OmP9IutI+LOv8Ai3wvCz4G+303QNPsDjizXLbwD7i8U/8ABO/9grxp8PNT+E/iP9jD9l28+HOr2M+n3XhG3+BXw10rSYYZ7eS287S49H8OafNompW0cjNp2r6LPYatpdwsd3pt7a3UMU6gH83X7HX7bHhH/gk7/wAFkda/4Ibt8X9V+Kf7HXxMtvB19+yzF4x8QXninxl+xx8VviPokvibQv2XNR8U6jJcarrvw+8SRyadb+BNP1G41DU/DE3i/wCHsMlzLLrHjDVJQD+wugAoAKACgAoA/Hj/AIJD/wDIV/4Kt/8AaYf9rn/1DPgZQB+w9ABQAUAFABQAUAFABQAUAFABQAUAFABQAUAFABQAUAFABQAUAFABQAUAFABQAUAFAH+ex/waY/8AKWr/AIKof9ip4/8A/WloaAP9CegAoAKACgAoAKACgAoAKACgAoAKACgAoAKACgAoAKACgAoAKACgD5T/AGqf2Gv2Qv23vCX/AAhP7V/7PHww+OGixW01rpl14y8OW8nirw3HcFjPJ4O8dacdP8b+CruUu+++8JeItEvGDyKbgq7igD+Pz9ur/gyw+GPib+2PGP8AwTz/AGiNT+GeryefdWnwV/aJ+2eLfAck77mjsNA+LHhnTJfG/hjTYFVIoIfE3hL4lahcSSNJda9bxoooA/lU+KP7Hn/BZ/8A4IefEaf4kT+Gf2iv2YGs7u3tV+OnwW8R6lrHwb8VW0dwTp1hrvjvwFe6r4C1aw1Iv5sXgj4jLb308cjxal4XikW4hUA/cX9hX/g8+/aZ+Gv9jeD/ANvj4J+Gv2jvC8PkWt58WvhNHpnwt+MUEA2/aNU1fwiFX4VeNb3C7YNN0a0+ElvlzJPqMhQo4B/Zp+wx/wAFuv8Agmn/AMFC00nSfgD+0l4WsfiZqqxIPgf8V2T4XfGFL6UKzaZpnhXxNcQ2vje5t1ZDc3Pw21fxrpUJcI2pb1dFAP1hoAKACgAoAKACgAoAKACgAoAKACgAoAKACgAoAKACgAoAKACgAoAKACgAoAKACgAoAKACgAoAKACgAoAKACgAoAKACgAoAKACgAoAKACgAoAKACgAoAKACgAoAKACgAoAKACgAoAKAPyR0D/lO98Wv+0SP7PP/rY37T1AH63UAFAH/9f+/igAoAKACgAoAKACgD+JzxR/wbE/tL+Mf+C6N3/wUG1n4/8Aw2P7L7/tdaF+2NF5ur+L7z46HVNE8daZ8ULP4SW/h0+E7fwzp+mWPijTYvCOleI4/HLrpPw+g0++trKbXLYaKgB/bHQAUAFABQAUAfjx/wAEh/8AkK/8FW/+0w/7XP8A6hnwMoA/YegAoAKACgAoAKACgAoAKACgAoAKACgAoAKACgAoAKACgAoAKACgAoAKACgAoAKACgD/AD2P+DTH/lLV/wAFUP8AsVPH/wD60tDQB/oT0AFABQAUAFABQAUAFABQAUAFABQAUAFABQAUAFABQAUAFABQAUAFABQBUv7Cx1WxvNM1SytNS03UbWex1DT7+2hvLG+sruJ4LqzvLS4SS3urW5gkeGe3njeGaJ3jkUozBgD+ej9ur/g2E/4JYftpf2x4l0D4U3P7J3xZ1Lz7lfH/AOzT/Zvg3Q7vUZN0kcviL4R3Nje/DDUbaS6d7nVJtB8O+EvEuqvLKZ/FCStHLEAfxmftz/8ABpJ/wUq/ZZfVvF37O/8AwjX7bHwz0xpry3uvhWreEPjRY2NuS63Op/BzxHqE0+pXrN5S22nfDTxh8RdXncmQ6fbohKgHy5+yX/wX7/4LC/8ABMfxT/wqXxJ8RvGfjvw34Iu4tJ1/9nH9svw54o8UXPhpLUIn9h2174nutB+Mnw8NjaM0Wn6HpfizTNBsmeGS48OXscMcCgH9k/8AwT2/4O7v2DP2pNQ0P4e/tWaBq/7EfxQ1PyLOLxD4u1qHxl+z9q2pOViCr8ULLT9I1PwQblxJdO3xA8KaL4W0i3ZLe58d3s4V5wD+rjw94i8P+LtC0nxR4U13RvE/hnX9PtdW0LxF4e1Oy1rQta0u9iWey1LSdX02e60/UdPu4HSa1vLO4nt54mWSKV0YNQBs0AFABQAUAFABQAUAFABQAUAFABQAUAFABQAUAFABQAUAFABQAUAFABQAUAFABQAUAFABQAUAFABQAUAFABQAUAFABQAUAFABQAUAFABQAUAFABQAUAFABQAUAFABQAUAFAH5I6B/yne+LX/aJH9nn/1sb9p6gD9bqACgD//Q/v4oAKACgAoAKACgAoAKACgAoAKACgAoA/Hj/gkP/wAhX/gq3/2mH/a5/wDUM+BlAH7D0AFABQAUAFABQAUAFABQAUAFABQAUAFABQAUAFABQAUAFABQAUAFABQAUAFABQAUAf57H/Bpj/ylq/4Kof8AYqeP/wD1paGgD/QnoAKACgAoAKACgAoAKACgAoAKACgAoAKACgAoAKACgAoAKACgAoAKACgAoAKACgD5B/a0/YE/Yz/bq8Lf8Il+1n+zl8MfjXYw2ktlpeseJ9BS28ceGoJi7Sjwf8RtDk0rx94OeRpHaSTwv4k0l5Sx80yA4UA/yXvDf/BJH4sftgf8FLf+ChP7EX7Dun+GpNT/AGW/HX7VGtfD7wV8QfGUmkXnib4b/BP9oiw+EWj+DtK8X6vbT6XN40fT/FGhTW194w1LQdG1AabqMup+ILG5mg88A0/2eP29/wDgrx/wQh+Ml98KLa++KXwSk0jUDqPir9lv9oPw3rOr/CDxVbzXMhm1ex8GazcWtpBZa7LGZI/iN8JNc8P6hr1tDE1n4vvdOwjgH9x//BNb/g7R/YX/AGuf7A+HP7WMEf7Evxwvvs1gNS8Y6yNW/Z58U6lJiLzNH+KslvaN4Da5ZJbuWw+KGnaDoelRyW+n23jzxFfMGYA/qu0rVdL13TNP1vQ9SsNZ0bV7K11LStX0q8t9R0zU9OvYUuLLUNPv7SSa1vbK8t5I57W6tpZYJ4XSWKR0ZXoAv0AFABQAUAFABQAUAFABQAUAFABQAUAFABQAUAFABQAUAFABQAUAFABQAUAFABQAUAFABQAUAFABQAUAFABQAUAFABQAUAFABQAUAFABQAUAFABQAUAFABQAUAFABQB+SOgf8p3vi1/2iR/Z5/8AWxv2nqAP1uoAKAP/0f7+KACgAoAKACgAoAKACgAoAKACgAoAKAPx4/4JD/8AIV/4Kt/9ph/2uf8A1DPgZQB+w9ABQAUAFABQAUAFABQAUAFABQAUAFABQAUAFABQAUAFABQAUAFABQAUAFABQAUAFAH+ex/waY/8pav+CqH/AGKnj/8A9aWhoA/0J6ACgAoAKACgAoAKACgAoAKACgAoAKACgAoAKACgAoAKACgAoAKACgAoAKACgAoAKAP89r/ggF/ytG/8Fc/9/wD4KJf+t2/DCgD+4v8Aao/Y0/Zb/bc+HFz8J/2rPgf4C+NngiUXD2Vl4v0kSav4cvLqNYptW8F+LNPlsPFngbXWiRYf7d8Ia3our+TmD7aIWdGAP4Wf+ClP/Bml478Lf2/8Tv8AgmR8TG+I2iL9p1Bv2aPjXrOl6N47tE5l/s74dfFqSLS/CficGSTydP0b4h2/gy5sbC3BvPHniTUpgHAPwF/ZX/4Kc/8ABW//AIIb/Fa9+DMeofEf4c6d4Z1H7R4t/ZE/aa8MeI7/AOGt5Bc3Msst9pXg7Xp9L1bwjDrsiNeQeM/hVrfhhvEkaW902sa3pZSOUA/us/4Jrf8AB1n+wH+2j/YHw9/aJuk/Yl+PWofZrEab8Ttetr34H+KdUkxH/wAUp8Z3ttL0zQnuZAZRpfxN03wWsEk9vpWla34pvMTuAf1DWd5aahaWt/YXVvfWN9bwXlle2c8VzaXlpcxLNbXVrcws8Nxb3ELpLBPE7xSxOskbMjKaALFABQAUAFABQAUAFABQAUAFABQAUAFABQAUAFABQAUAFABQAUAFABQAUAFABQAUAFABQAUAFABQAUAFABQAUAFABQAUAFABQAUAFABQAUAFABQAUAFABQAUAFAH5I6B/wAp3vi1/wBokf2ef/Wxv2nqAP1uoAKAP//S/v4oAKACgAoAKACgAoAKACgAoAKACgAoA/Hj/gkP/wAhX/gq3/2mH/a5/wDUM+BlAH7D0AFABQAUAFABQAUAFABQAUAFABQAUAFABQAUAFABQAUAFABQAUAFABQAUAFABQAUAf57H/Bpj/ylq/4Kof8AYqeP/wD1paGgD/QnoAKACgAoAKACgAoAKACgAoAKACgAoAKACgAoAKACgAoAKACgAoAKACgAoAKACgAoA/z2v+CAX/K0b/wVz/3/APgol/63b8MKAP8AQloAKAPkv9r39hT9kj9vP4dyfDD9rT4FeBvjL4ZSO6GjXXiDT3tfFvhC5vEVJ9S8C+O9Hm03xn4I1OUJGs994X1zS5ruJBbXjXNo0kDAH8If/BSn/gza+MXw6/t/4m/8E1fiM/xw8IRfadQb9nj4t6ponhv4u6VAMymy8EfEQxaL4D8fpHlxb6f4mg+Hur29nBFbRal4t1WYu4B+JX7HP/BXn/grJ/wRT+JFz8EJtS8eaN4X8F6ktt4v/Y8/am8NeKLjwlpcbSl5o9A8Pa/Lo3jD4ZS3qNNeWepfD7V/D+lavNLBqepWXiOyCW8oB/eN/wAE1v8Ag6S/4J6/t0/2B4A+L2tL+xh+0Fqf2WyHgn4xa/YH4X+J9Xm2R+R4B+NjQaT4buGuLiSK3stI8eWPgHxBfX1wmn6HpuvuhuHAP6XIpYp4o5oZEmhmRJYpYnWSKWKRQ8ckcikq6OpDI6kqykEEgg0APoAKACgAoAKACgAoAKACgAoAKACgAoAKACgAoAKACgAoAKACgAoAKACgAoAKACgAoAKACgAoAKACgAoAKACgAoAKACgAoAKACgAoAKACgAoAKACgAoAKAPyR0D/lO98Wv+0SP7PP/rY37T1AH63UAFAH/9P+/igAoAKACgAoAKACgAoAKACgAoAKACgD8eP+CQ//ACFf+Crf/aYf9rn/ANQz4GUAfsPQAUAFABQAUAFABQAUAFABQAUAFABQAUAFABQAUAFABQAUAFABQAUAFABQAUAFABQB/nsf8GmP/KWr/gqh/wBip4//APWloaAP9CegAoAKACgAoAKACgAoAKACgAoAKACgAoAKACgAoAKACgAoAKACgAoAKACgAoAKACgD/Pa/4IBf8rRv/BXP/f8A+CiX/rdvwwoA/wBCWgAoAKACgD4u/bR/4J5fsbf8FB/AR+H37W3wI8GfFewtba5g8OeJr60k0j4ieCJLnczXXgb4i6HLp/jHwtIZylzc2ml6xBpWqPFFDrWn6nZ77ZgD+DL/AIKU/wDBnP8AtC/B3+3/AImf8E6PHkn7Snw9t/tWoN8DviHd6J4X+POg2Sb5Ta+HPEmzRvh/8UltoI5JGDr8PfEkxNvp2keHPEuoOZZQD8kv2IP+C2//AAVX/wCCOfjmT4GatqfjLV/AXgLUo9G8WfsgftV6F4qNj4QjgKefpXhe215tJ+IPwevYrd5p7Cx8NX9h4Xe8uk1XWfCXiBQkTgH97f8AwTV/4Obf+Cdv/BQD+wPAnjHxSP2Rf2h9V+zWf/CqvjfrmmWnhPxHrM+xPsfw2+MZj03wh4oM9zLDZaZpHiSDwL411i9k8jSfCF8iGdgD+i8EEAgggjII5BB6EHuCKAFoAKACgAoAKACgAoAKACgAoAKACgAoAKACgAoAKACgAoAKACgAoAKACgAoAKACgAoAKACgAoAKACgAoAKACgAoAKACgAoAKACgAoAKACgAoAKACgD8kdA/5TvfFr/tEj+zz/62N+09QB+t1ABQB//U/v4oAKACgAoAKACgAoAKACgAoAKACgAoA/Hj/gkP/wAhX/gq3/2mH/a5/wDUM+BlAH7D0AFABQAUAFABQAUAFABQAUAFABQAUAFABQAUAFABQAUAFABQAUAFABQAUAFABQAUAf57H/Bpj/ylq/4Kof8AYqeP/wD1paGgD/QnoAKACgAoAKACgAoAKACgAoAKACgAoAKACgAoAKACgAoAKACgAoAKACgAoAKACgAoA/z2v+CAX/K0b/wVz/3/APgol/63b8MKAP8AQloAKACgAoAKACgD4P8A25P+CZ37Ev8AwUZ8F/8ACHftZ/Ajwp8RLqysZrLwv8QbeF/DnxX8DCUySo/g34k6GbPxTpNtHdyC+m0F7+68LatcxRDXtC1W3DW7AH8EP/BSn/gz3/an+AX9v/Ev9gHxdL+1n8LLT7VqB+E/iQ6R4X/aL8N6fHul+z6fsGmeB/i0LS2jZ5Z9BfwZ4q1C4eHT9E+HmqzkysAfnD+wX/wX0/4Kk/8ABJbxWPgh4r1LxP8AEn4X+AdRTw94n/ZS/amsPFEWpeA0sdkdxoHg/V9bS0+JHwe1Cwty6WOgRS3PgyxuZ/tuoeAtUl4YA/vw/wCCZ/8Awcff8E8P+Cj03hz4fw+MJf2a/wBpDXGtbCL4E/G3UdO0t/EeuXGxBp/wt+I0Zt/B/wARGubl/s+laR5vhzx9qZV5V8B28KmRgD9/KACgAoAKACgAoAKACgAoAKACgAoAKACgAoAKACgAoAKACgAoAKACgAoAKACgAoAKACgAoAKACgAoAKACgAoAKACgAoAKACgAoAKACgAoAKACgD8kdA/5TvfFr/tEj+zz/wCtjftPUAfrdQAUAf/V/v4oAKACgAoAKACgAoAKACgAoAKACgAoA/Hj/gkP/wAhX/gq3/2mH/a5/wDUM+BlAH7D0AFABQAUAFABQAUAFABQAUAFABQAUAFABQAUAFABQAUAFABQAUAFABQAUAFABQAUAf57H/Bpj/ylq/4Kof8AYqeP/wD1paGgD/QnoAKACgAoAKACgAoAKACgAoAKACgAoAKACgAoAKACgAoAKACgAoAKACgAoAKACgAoA/z2v+CAX/K0b/wVz/3/APgol/63b8MKAP8AQloAKACgAoAKACgAoAKAPzu/b1/4JUfsK/8ABSfwo2gftWfAzw94r8R2mnvp/hj4ueHlXwj8Z/BSHe0A8N/EbSI49ZbT7W4c3a+GNf8A7e8GXl0qyar4b1BRsoA/z4v+CrX/AAaj/tZ/sTWWu/Gj9j7VPEH7Yn7Pmk/a9W1XRtI0Fbb9oj4Z6TbFp/tWu+DNEElt8SdI0+AI134o+HVrBqsey71HU/h94e0Wym1KgC1/wSQ/4Orf2pP2KH8N/BD9tSHxT+1j+zXpz22jWfiLUdSW5/aM+E2lQFYFj0DxRrt1bwfEzQtMiWSOLwf8QNQt9YgjW1stD8e6FpGmw6HOAf6PX7H/AO23+y7+3p8JNO+Nn7KXxf8AC/xZ8DXfkQamdHuXtvEng7WJ4PtDeG/HvhHUUtfEngrxJDHmQ6R4i02wuLm28vULD7Zplxa31wAfVVABQAUAFABQAUAFABQAUAFABQAUAFABQAUAFABQAUAFABQAUAFABQAUAFABQAUAFABQAUAFABQAUAFABQAUAFABQAUAFABQAUAFABQAUAfkjoH/ACne+LX/AGiR/Z5/9bG/aeoA/W6gAoA//9b+/igAoAKACgAoAKACgAoAKACgAoAKACgD8eP+CQ//ACFf+Crf/aYf9rn/ANQz4GUAfsPQAUAFABQAUAFABQAUAFABQAUAFABQAUAFABQAUAFABQAUAFABQAUAFABQAUAFABQB/nsf8GmP/KWr/gqh/wBip4//APWloaAP9CegAoAKACgAoAKACgAoAKACgAoAKACgAoAKACgAoAKACgAoAKACgAoAKACgAoAKACgD/Pa/4IBf8rRv/BXP/f8A+CiX/rdvwwoA/wBCWgAoAKACgAoAKACgAoAKACgD+cD/AIK4f8G1n7Gv/BShPEnxZ+HNtp/7LX7XF+t3qLfFjwPoVu3gn4may4aVV+NPw+szY2euXd/MZEuPH3h6TR/HUctwl9rV54xs9OtPD7AH+fB8Tvgf/wAFY/8Ag3n/AGqNL8TPc+PP2efHC3U9n4P+LvgC8k8SfAn45+HrGdbmbS4dSurGTwb8RPD06Lb6hqvw88eaLF4g0TzdPvdf8I6FqIsZVAP7b/8AgkZ/wdffs1ftf/8ACMfBH9uePwv+yj+0befY9I0zx/JfS2X7OXxS1aTbFGbTxBrN5c3Pwh1++l3BdB8c6neeF55Fjj03x9NqWpWfh23AP664pYp4o54JI5oZo0lhmidZIpYpFDxyRyISkkboQyOpKspDKSDmgCSgAoAKACgAoAKACgAoAKACgAoAKACgAoAKACgAoAKACgAoAKACgAoAKACgAoAKACgAoAKACgAoAKACgAoAKACgAoAKACgAoAKACgD8kdA/5TvfFr/tEj+zz/62N+09QB+t1ABQB//X/v4oAKACgAoAKACgAoAKACgAoAKACgAoA/Hj/gkP/wAhX/gq3/2mH/a5/wDUM+BlAH7D0AFABQAUAFABQAUAFABQAUAFABQAUAFABQAUAFABQAUAFABQAUAFABQAUAFABQAUAf57H/Bpj/ylq/4Kof8AYqeP/wD1paGgD/QnoAKACgAoAKACgAoAKACgAoAKACgAoAKACgAoAKACgAoAKACgAoAKACgAoAKACgAoA/z2v+CAX/K0b/wVz/3/APgol/63b8MKAP8AQloAKACgAoAKACgAoAKACgAoAKAPJPjl8BPgx+0z8MfE3wZ/aA+GXg74u/C3xha/ZPEHgnxzotprmi3m0Mba9hiuUM2m6xp0rC60fXdLmsta0S/SHUNIv7K+ghuEAP8APm/4K5/8GhvxJ+FH/CT/AB2/4JgXWtfGD4cw/a9Y1n9lnxPqK3nxe8IWi77m4T4U+J71oYvipo1pEJUs/CuuS2fxIit7e0stNv8A4la3euIgD8v/APglj/wcS/t2f8EovEVp8BPi7p/iX48/s2+EdWfwx4g/Z4+Ll3q2ifET4Pf2bdNY6pp3wr8U63aza94CvdFmheKb4c+JbDVPBaSwXljaaF4W1bULrxBEAf6VH/BPX/gqR+xl/wAFOfhr/wALB/ZX+KdlruraXZWtx48+EviYW3h74xfDG5utiC28beB3u7m5hszcs1pZ+KtCutd8FazcxTw6H4l1F7e4SIA/QygAoAKACgAoAKACgAoAKACgAoAKACgAoAKACgAoAKACgAoAKACgAoAKACgAoAKACgAoAKACgAoAKACgAoAKACgAoAKACgAoAKAPyR0D/lO98Wv+0SP7PP8A62N+09QB+t1ABQB//9D+/igAoAKACgAoA/Or9uH/AIKw/sAf8E7NJuLn9qj9o3wT4M8VrZC90z4TaHcSeNfjJrqSxeZZHTvhn4VTU/FFrZagxSK28Qa7Y6N4VjkcNfa9aQq8yAHon/BPr9uP4Zf8FHP2U/h9+178HfDXjjwl8OfiZqvxC0/w5onxGs9D0/xjDD8PviJ4p+HV3d6vY+HNd8TaPaHU77wtc6laW9rrd+YrK7t0nkW4EsagH2jQAUAYXinxNoXgrwz4j8ZeKNRt9H8NeEtC1fxN4i1e7Yra6XoWg6fcapq+o3LDJW3sdPtbi5mYDIjiYjOKAP5hP+Iwf/gj3/0EP2mv/DIQ/wDzZ0AH/EYP/wAEe/8AoIftNf8AhkIf/mzoA/pF+Bvxd8OfH/4M/Cr45+DtN8S6T4P+MPw+8I/Ezwnp/jHSV0HxTB4Y8b6HY+I/D7a9ogur1tI1KfSNRtLi502W5e5snl+z3SxXMckMQB+Zf/BIf/kK/wDBVv8A7TD/ALXP/qGfAygD9h6ACgAoAKACgAoAKACgAoAKACgAoAKACgAoAKACgAoAKACgAoAKACgAoAKACgAoAKAP89j/AINMf+UtX/BVD/sVPH//AK0tDQB/oT0AFABQAUAFABQAUAFABQAUAFABQAUAFABQAUAFABQAUAFABQAUAFABQAUAFABQAUAf57X/AAQC/wCVo3/grn/v/wDBRL/1u34YUAf6EtABQAUAFABQAUAFABQAUAFABQAUAFAH4qf8FU/+CD/7EP8AwVV0K/174ieGP+FR/tIwaaLTwv8AtNfDPS9PtfHMb2tv5Omad8RNIc22k/FbwtamO3i/svxI8HiDTtPiksfCXi7woLq4mlAP83r9tX/gmF/wU+/4IOfHbw/8YbbUvGXhfQtA8Q/8Wk/bJ/Z+1PXYPBGpS3Dstro2uaraxwX3gfXtYtA9lrHw6+INpBY+JIF1bT9MPjbw1HcahcAH9S//AASM/wCDvbwH8Sf+EY+BH/BUa00r4X+O5fsej6L+1f4S0k2vww8UXT7La3f4v+DtMikk+G2rXUvlteeMPC9tdfD+W4uZ7rU9C+HOiWD3coB/b74a8TeG/Gnh7RfFvg7xDofizwp4k0yz1vw74n8NatYa74e1/RtRgS60/V9F1rS7i703VdMv7aSO4s7+xuri1uoHSaCV42VqANygAoAKACgAoAKACgAoAKACgAoAKACgAoAKACgAoAKACgAoAKACgAoAKACgAoAKACgAoAKACgAoAKACgAoAKACgAoAKACgD8kdA/wCU73xa/wC0SP7PP/rY37T1AH63UAFAH//R/v4oAKACgAoA+F/2wP2Sfi9+1hcaD4V0T9tz9oD9lb4Lpol9Z+PfCn7L9l4E8E/Fnx/q9xdh7O6X4/8AiXQfGPirwHoVnYg2U2j+AdE0DWL95Z7m48VhGgtIAD/I1/4LSfse6D+wZ/wU1/al/Zf8K+OPHPxI8MeBvEPgnxBoPjX4matb6/8AEDW9O+KXwu8D/Fdf+Ew121sdMi1vXtMn8bT6Nfa0NPsn1eXTv7TktYHu3jUA/wBJb/g1a/5Qcfshf9h79pH/ANac+L/T/P8AKgD+hygAoA/Fz/g4C+MviX4W/wDBL745eBfh5IX+L37Wuq+A/wBir4QaYkrQT654x/ab8U2Xw71bS7aWMPPHdf8ACur3x3qFubeOSbzbBAgTJlQA/la/4gd/jJ/0kJ+Gf/hgPFP/AM8wfy/KgDpfBn/BkF47sPGHhS+8cft6eBde8FWXiXQrvxhoejfA/wAS6VrGs+FrfVLWbxBpOlapL8RriLTdS1HSUu7Oxv5beeOzuporh4ZVjZGAP9BTStL03Q9L03RdGsbXS9I0ews9L0rTLGCO2stO03T7eO0sbGztogsVva2lrDFb28EarHFDGkaAKoFAH5D/APBIf/kK/wDBVv8A7TD/ALXP/qGfAygD9h6ACgAoAKACgAoAKACgAoAKACgAoAKACgAoAKACgAoAKACgAoAKACgAoAKACgD8yP8AgrL/AMFM/Bn/AASf/Zc0/wDah8d/C7xP8XNEv/ir4S+FaeFfCWuaV4f1SO+8WaP4q1iDVmv9Yt7m0NpZx+Fp4ZbcRiaR7uJkYLG4YA/ms/4jff2av+jFPjl/4dHwF/8AKmgD4s/4M6fGtt8Rv+ClP/BRL4gWdjPptp4++D2s+NbXTrmWOe40+28TfHvR9ahsbiaJVjmntY9RSCWWNVjd42ZVCsAoB/ou0AFABQAUAFABQAUAFABQAUAFABQAUAFABQAUAFABQAUAFABQAUAFABQAUAFAHwD/AMFSf2wvFH7An7A/7Rv7XvgvwhoHj3xP8FPDfhrXNJ8I+KLvUbDQdam1zx/4S8HzQajd6U8eoQxwWviKe8jNs6s1xbxI5EbPuAP4dP8AiN2/a4/6Mp/Zy/8ACz+Jn/ydQBy3/BqZ8a9W/aK/4Lw/tm/tB67ouneHtb+P/wAAv2q/jFrfh/SZrm40rQNU+J/7TnwS8fajpGl3F4Wu59P0y91eWwsprtmuJLWGOScmZmNAH+llQAUAFABQAUAFABQAUAFABQAUAFABQAUAcx408E+DfiR4T8QeA/iF4T8N+OvA/izS7vQ/FPg7xhomm+JPC/iTRb6MxXuk67oOsW15peraddxEx3FlfW09vKvDxt0oA/hb/wCCuf8AwaBaD4k/4Sf47/8ABK29tPC+vP8Aa9Z1z9kLxtrxi8L6vO2+eeP4I/EHXrhz4Xu5pB/ovgb4g6lN4baW4mGl+N/Cmm2eneHXAP5r/wBgj/grt/wUv/4IafGLWvgnqml+Lx4C8LeJJbf4rfsWftC2PiHSNCsL6eZbjU73wrbajCmv/CjxVqVvM1/Z+JvCsbaDr7z2GseIvD/jXTYbG3oA/wBJf/gl1/wW8/Yh/wCCq3hi2tvg34z/AOEA+PNhpf2/xn+zT8SbzT9L+J+i/ZoQ2p6n4WCTf2b8SvB9rIHceJ/CEt1JY2cllJ4s0XwnqF7HpigH7CUAFABQAUAFABQAUAFABQAUAFABQAUAFABQAUAFABQAUAFABQAUAFABQAUAFABQAUAFABQAUAFABQAUAFABQAUAFABQB+SOgf8AKd74tf8AaJH9nn/1sb9p6gD9bqACgD//0v7+KACgAoAKACgD/IY/4Onf+U5v7Zf/AGDP2a//AFlX4J0Af3mf8GrX/KDj9kL/ALDv7SP/AK078YKAP6G6ACgD+AP/AIPUf2xvEHhjx7+wl+yx8O/F2seF/E3gWTxB+13rmo+G9YvdH13QvEq6o/w++B/iXRtU0u4tdQ0XXPD9zoXxdutP1O1uIr+0nu7O7sZreSLfKAfyp/B3/gt//wAFcfgXrVhrfgf/AIKE/tQalLppX7NpXxQ+Jus/G/wuI1KnyJfCPxnk8e+GJYCF2iN9IcIrN5RjLMWAP7Uv+CGP/B09efth/FjwN+xv+334d8HeCPjX8QLu18M/CD49eCYJtB8FfFDxte3EVtovgDxt4Ndru08HeNvEsji28Oa9oWoQ+FPE2uS2/hyPw94Y1G60sayAf2rUAf55vjb/AIKrf8Fl/wBij9s3/gpp8I/+Cf8A+wfaftLfBHU/+Civ7RHjnV/iDP8Asr/tOfGt7L4iaxH4P0fXfDA8W/Bzx54Y8K2i6dofh7wxqA0K60+TW7M6sb27upbPUdPjgALn/EQp/wAHPX/SIrTf/FfP7en/AM96gA/4iFP+Dnr/AKRFab/4r5/b0/8AnvUAH/EQp/wc9f8ASIrTf/FfP7en/wA96gA/4iFP+Dnr/pEVpv8A4r5/b0/+e9QAf8RCn/Bz1/0iK03/AMV8/t6f/PeoAP8AiIU/4Oev+kRWm/8Aivn9vT/571AB/wARCn/Bz1/0iK03/wAV8/t6f/PeoAP+IhT/AIOev+kRWm/+K+f29P8A571AB/xEKf8ABz1/0iK03/xXz+3p/wDPeoAP+IhT/g56/wCkRWm/+K+f29P/AJ71AB/xEKf8HPX/AEiK03/xXz+3p/8APeoAP+IhT/g56/6RFab/AOK+f29P/nvUAH/EQp/wc9f9IitN/wDFfP7en/z3qAD/AIiFP+Dnr/pEVpv/AIr5/b0/+e9QAf8AEQp/wc9f9IitN/8AFfP7en/z3qAD/iIU/wCDnr/pEVpv/ivn9vT/AOe9QAf8RCn/AAc9f9IitN/8V8/t6f8Az3qAD/iIU/4Oev8ApEVpv/ivn9vT/wCe9QAf8RCn/Bz1/wBIitN/8V8/t6f/AD3qAD/iIU/4Oev+kRWm/wDivn9vT/571AB/xEKf8HPX/SIrTf8AxXz+3p/896gA/wCIhT/g56/6RFab/wCK+f29P/nvUAH/ABEKf8HPX/SIrTf/ABXz+3p/896gA/4iFP8Ag56/6RFab/4r5/b0/wDnvUAH/EQp/wAHPX/SIrTf/FfP7en/AM96gA/4iFP+Dnr/AKRFab/4r5/b0/8AnvUAflf/AMFgv+Crv/BaD9tL9k/Tvg/+31+wXZ/s2fA22+Lng/xlafEOD9lP9qD4MPP470XRfF1joHhw+L/jB4+8S+E5F1LTtZ126OjxacNXvf7NE9ncxQWd4koB/L7QB+zX/BFn9t//AIKFfsNfGf4veOP+Cd37Mdv+1D8Q/GfwwtPCnj3wxcfBH4z/ABxXw34Mh8V6Vq8GvLofwW8T+FtZ0Yya5Z2On/2rrF1c6Y4uPsiW4u5opEAP6OP+IhT/AIOev+kRWm/+K+f29P8A571AB/xEKf8ABz1/0iK03/xXz+3p/wDPeoAP+IhT/g56/wCkRWm/+K+f29P/AJ71AB/xEKf8HPX/AEiK03/xXz+3p/8APeoAP+IhT/g56/6RFab/AOK+f29P/nvUAH/EQp/wc9f9IitN/wDFfP7en/z3qAD/AIiFP+Dnr/pEVpv/AIr5/b0/+e9QAf8AEQp/wc9f9IitN/8AFfP7en/z3qAD/iIU/wCDnr/pEVpv/ivn9vT/AOe9QAf8RCn/AAc9f9IitN/8V8/t6f8Az3qAD/iIU/4Oev8ApEVpv/ivn9vT/wCe9QAf8RCn/Bz1/wBIitN/8V8/t6f/AD3qAD/iIU/4Oev+kRWm/wDivn9vT/571AB/xEKf8HPX/SIrTf8AxXz+3p/896gA/wCIhT/g56/6RFab/wCK+f29P/nvUAH/ABEKf8HPX/SIrTf/ABXz+3p/896gA/4iFP8Ag56/6RFab/4r5/b0/wDnvUAH/EQp/wAHPX/SIrTf/FfP7en/AM96gA/4iFP+Dnr/AKRFab/4r5/b0/8AnvUAH/EQp/wc9f8ASIrTf/FfP7en/wA96gA/4iFP+Dnr/pEVpv8A4r5/b0/+e9QAf8RCn/Bz1/0iK03/AMV8/t6f/PeoAP8AiIU/4Oev+kRWm/8Aivn9vT/571AB/wARCn/Bz1/0iK03/wAV8/t6f/PeoAP+IhT/AIOev+kRWm/+K+f29P8A571AB/xEKf8ABz1/0iK03/xXz+3p/wDPeoA+Kf8Agot/wWg/4L3/ALS/7F3x2+Bv7Wn/AATcsfgr+zv8QNB0DTvib8UIv2Mv2vvhrJ4S0vTvG3hjXdLu18cfEX4la14L8Pm88R6Vo2lG413S7yC4F+bG3Rb66tpYgD+QOgD9X/8Agjl+1/8Atx/sT/tUeJvi5/wT+/Z5h/aX+NuqfBXxZ4F1j4fz/CH4sfGpLH4dax4t8AazrvigeEvg54i8M+KrVtO17w74W04a7c6g+iWY1g2d3ayXmo6fJEAf05/8RCn/AAc9f9IitN/8V8/t6f8Az3qAD/iIU/4Oev8ApEVpv/ivn9vT/wCe9QAf8RCn/Bz1/wBIitN/8V8/t6f/AD3qAD/iIU/4Oev+kRWm/wDivn9vT/571AB/xEKf8HPX/SIrTf8AxXz+3p/896gA/wCIhT/g56/6RFab/wCK+f29P/nvUAH/ABEKf8HPX/SIrTf/ABXz+3p/896gA/4iFP8Ag56/6RFab/4r5/b0/wDnvUAH/EQp/wAHPX/SIrTf/FfP7en/AM96gA/4iFP+Dnr/AKRFab/4r5/b0/8AnvUAH/EQp/wc9f8ASIrTf/FfP7en/wA96gA/4iFP+Dnr/pEVpv8A4r5/b0/+e9QAf8RCn/Bz1/0iK03/AMV8/t6f/PeoAP8AiIU/4Oev+kRWm/8Aivn9vT/571AB/wARCn/Bz1/0iK03/wAV8/t6f/PeoAP+IhT/AIOev+kRWm/+K+f29P8A571AH5tf8FE/2rv+Czn/AAVC8D2/hb9qb/ghxpV/4p0W0e08E/GnwN/wT/8A26PCnxr+H8UkjyvB4Z8bn4maml3pDyzTTS+E/FuleKPBc93J/aNx4cm1GG2urcA/CXUP2OP+Cif7NcMfx11X9lb9tL4BW3wzvLLxPF8YtR+Bvxx+Ftv8P7+yu4f7O8QJ8QLrwxoUXhW6tL54PseqjV7CWG6eIQ3CSsm4A/rj/wCCRn/B314r8F/8Ix8CP+Cp1nf+OfCkf2TR9E/a48GaIJ/HOgWy7Le3f40eA9FgRfG9hbxkG78beB7CDxkkFqJNU8IeONYvrvWEAP7+fhF8YvhV8fvh14W+LvwT+IfhD4qfDHxrpyap4V8c+Bdd0/xH4b1qzLvFIbTUtNnuIBc2lzHNZajYzNHfaZqFvc6dqNta31tcW8QB6TQAUAFABQAUAFABQAUAFABQAUAFABQAUAFABQAUAFABQAUAFABQAUAFABQAUAFABQAUAFABQAUAFABQAUAFAHyL8YPjN+1P4L8bXmg/Cn9jG9+NXg6Gy0+e18eQ/tBfCz4eR3t5c26y39iPDPiqJ9Ytzps5NsbmU+TeFfOg/dkUAfnN+zh44+Lfj3/gtr8a9X+MnwPn+AfiW1/4JY/ALTtP8Iz/ABH8JfE59T0OL9rX9oq5t/EY13waiabZrdX93qWmDSbgfboTpJvJCbe9tgoB+6dABQB//9P+/igAoAKACgAoA/yGP+Dp3/lOb+2X/wBgz9mv/wBZV+CdAH95n/Bq1/yg4/ZC/wCw7+0j/wCtO/GCgD+hugAoA4vxd8N/h34/gNt488A+C/G1u0RgNv4u8LaH4kgMB3ZhMWs2F9GYjvfMZXYd7ZU5JoA/JL9rb/g3z/4JK/tiadrJ8b/sjeAPhh401W0uYrb4nfs72kfwP8ZaVqNxE0a68bTwNDYeCPFGrQFvMRvH3g7xfYyuqG6srjYm0A/zPf8Agr1/wSv+Nf8AwRY/a98L+D08cX/ijwL4jMfxV/Zj+O2kW8nh/WNUsfC+v27G11SC3d4tC+Jnw51oaQdci0u7uLNo9Q8N+JdPezg12HTbAA/2Mvh14gv/ABb8P/AvirVLJtO1PxN4O8MeINR09wFawv8AWdEsdRu7JlBIDWtxcyQEAkApgE4BoA/Kn/gkP/yFf+Crf/aYf9rn/wBQz4GUAfsPQAUAFABQAUAFABQAUAFABQAUAFABQAUAFABQAUAFABQAUAFABQAUAFABQAUAfnx/wUt/4JtfA3/gqh+zrZfsy/tB+K/ix4O8B2HxI8M/FCHVvg3rvg/w94ubX/Cul+I9I0+zkv8Axv4E+ImjHR5rbxRfve26+H0vZJ4rNoNQto4547gA/An/AIgqf+CWX/RfP2//APw6n7On/wBCjQB+U/8AwZ6+DNL+Hn/BTP8A4KN+AtFnv7rR/Anwm1/wZpFzqktvPqVxpfhv4/6Vo1jPqU1pa2VrNfy2unQSXcttZ2du9w0rQ2sEbJEgB/oq0AFABQAUAFABQAUAFABQAUAFABQAUAFABQAUAFABQAUAFABQAUAFABQAUAFAHiH7SP7OHwY/a5+CXj79nP8AaG8G/wDCwfg18T9P0/S/HPg7/hIfFfhT+3LDStc0vxJYQf8ACQ+CNd8NeKtN8jWtG02983R9c0+aX7N9nmkktJri3lAPxw/4hcv+CFH/AEYz/wCbM/tif/RBUAfzNf8ABtl8MPA3wZ/4OQv+ClXwe+Guh/8ACN/Dn4Q+Cv25fhv8O/Dv9p6xrH/CPeC/Av7ZPwj8I+FdG/tfXtQ1TXdW/srw9p1np/8AaOuanqWq33k/a9Svry+kkuXAP9GOgAoAKACgAoAKACgAoAKACgAoAKACgAoAKACgAoAr3lnaahaXVhf2tvfWF9bz2d7ZXkEVzaXlpcxNDc2t1bTK8Nxb3ELvFPBKjxSxO0cisjMKAP43/wDgr7/waYfAX9pW38W/Hj/gncnh79m/4+SRX+uan8DHRdN/Z9+KWpBXuJLTw3awRlfgn4m1JiYrR9FhuPhtcXKWlrceGPCou9T8VRAH8fX7Bf8AwUs/4KIf8EBv2oPGPww1vwp4q0fQtK8VRWX7Q/7HHxfOoaT4a8RzRJBFJruhtsvV8HeMrrRltbnwp8U/CCajpfiDSv7EutQg8c+DTaadcAH+oz/wTd/4Ki/sm/8ABUj4LwfFv9mrxqs2saTDYQfE74QeJXs9O+Kfwk169idk0rxj4ehurkSadeSQ3I0Dxdo0+o+FfEkdrdLpWqSX2n6tYWAB+ilABQAUAFABQAUAFABQAUAFABQAUAFABQAUAFABQAUAFABQAUAFABQAUAFABQAUAFABQAUAFABQAUAFABQAUAfkjoH/ACne+LX/AGiR/Z5/9bG/aeoA/W6gAoA//9T+/igAoAKACgAoA/x0P+Dkv4q+CvjH/wAFq/23/Fvw+13TPEvhrTvEvws+H41rR7yK/sLjxD8LvgT8MPh141tIrqAtDJJo3jXwx4h0O48p5EFzpsoEjYzQB/e9/wAGmfxB8K+L/wDgiz8CfC2havYX+ufCn4k/H7wZ42062u4przQtc1j4weLviRp1pqVsh82zlvPCvjrw/qdskyjzrS8imjLKxCgH9CfxW8eQ/Cz4XfEn4nXGk3uvW/w58A+MfHk+h6Zn+0tZh8IeHtR8QS6Tp+Ipz9t1FNPaztMQTHz5o8RSfcYA/wAp/Sv+Dr//AIK72n7TkPx01L4ueFtT+F7eLU1G9/ZaHw98C2nwmk8DG93yeA7LWk8NSfEeymSwYw2vjdvF9x4sW/WK7vL6/sVl0icA/V7/AIKJ/wDB13/wUK/Zi/4KH/FX4V/DH4OfBrQPgV8JNf0Lw/ZfCv4teCfEl5418ZaHe6BoXiGTxX4j8W6X4s0LU9E1bxPY6sdU8LRaNaW+kaJol/oyato/iS9tr251AA/oe/4J5f8ABzT/AMEz/wBt7wRbSfEj4t+EP2LvjNp1pG3i34X/ALSHjjw54N8Ni48lpJ7zwF8YNel0DwL400Rnjljt0vLjwx4xVoy1/wCDLG3lsrm9APz0/bq+Gfw9/wCDjv8A4KM/sZ/Dr9nNk+I/7Av/AAT+1f4geKv2q/2sNLsZ3+FfxF8UePtX+G2o3X7Ofwa8WXlgtj8RNdu9J+F+jWviLXfClzqXhbSNG8bXWu3F7eS6Jolp4hAP7K0RI0WONVREVUREUKiIowqqq4VVUABVAwBwMYoA/Hr/AIJD/wDIV/4Kt/8AaYf9rn/1DPgZQB+w9ABQAUAFABQAUAFABQAUAFABQAUAFABQAUAFABQAUAFABQAUAFABQAUAFABQAUAFAH+ex/waY/8AKWr/AIKof9ip4/8A/WloaAP9CegAoAKACgAoAKACgAoAKACgAoAKACgAoAKACgAoAKACgAoAKACgAoAKACgAoAKACgD/AD2v+CAX/K0b/wAFc/8Af/4KJf8ArdvwwoA/0JaACgAoAKACgAoAKACgAoAKACgAoAKACgAoAKACgAoAKAPyQ/4Ku/8ABGn9kz/grP8AC4eHvjDoo8D/ABr8L6VdWvwk/aO8IaZZn4g+Arh2lubfSNXR3tYvHnw9mv5ZJtV8B69dpbYub+98Nan4V8Q3Ka/AAf5jXx//AGZv+Cm3/Bu9+2f4b8U2+teIvhT400q91Cb4RfH/AOHj3OpfCD44+D4Lm3fU9LR9Qsf7H8SaTeRLYL44+FHjrTP7S0xpLCfV9C+yT6BrF2Af6BP/AARM/wCDjD9nv/gqFpOh/Bb4ujw98Af23LTTxHefDW41B7fwL8ZZLG3Ml/4g+B+r6tdy3NxeNFFLqWp/DDWLu58X6HafaZ9JvPGeiaVqniC0AP6S6ACgAoAKACgAoAKACgAoAKACgAoAKACgAoAKACgAoAKACgAoAKACgAoAKACgAoAKACgAoAKACgAoAKACgD8kdA/5TvfFr/tEj+zz/wCtjftPUAfrdQAUAf/V/v4oAKACgAoA+K/2tf8Agnv+yr+3GfD6/tL+EPiH4ytfDOlavomm6V4U/aJ/aP8AgzoM+ma7LBLqlvr3h74JfFn4daH4qe4NtFGlz4o0/WLu1tjLaWc9vbXFxDOAfmr/AMQuX/BCj/oxn/zZn9sT/wCiCoA9E+HP/Buh/wAEgPg9qk+t/CX9mf4gfDDWLoWy3ep/D79sr9uXwdfXaWcjS2sd5deHv2lNOmuoreWSR4Yrh5Y0aSQqg3tuAP24dElR45EWSORWSSN1Do6ONrI6tlWVlJVlYYIODkGgD+f3Sv8Ag2L/AOCP+j/tOQ/tP2f7P+t/2nbeLU8d2fwbn8daxP8As/2fiuO8/tSK+h+HLxea2jw6vjUYvBFxr8/w/jCJpCeFB4dVdGoA+0P26P8Agjx/wTr/AOCjmqad4o/au/Z00Dxn8QdI0620fTPij4b1vxP8O/iTBpFk872WkX3i3wNrGhX/AIj0exN1dnT9H8Vf25pWnNdXEthZ200hmUA+GPhT/wAGs3/BFj4W6/a+JJf2Ytd+Jt/YTLcWNp8VvjB8T/FGgRTJKJEa68L2fiTRPDetQhV8prLxDpesWEsTHzrSSQh6AP3r8A/D3wD8KfB+g/D34X+CPCPw48A+FrJdN8M+CPAnhzR/CPhLw9p6u8i2OieHNAs7DSNKtBLJJL9nsbOCLzJJJChd2ZgDsKAPx4/4JD/8hX/gq3/2mH/a5/8AUM+BlAH7D0AFABQAUAFABQAUAFABQAUAFABQAUAFABQAUAFABQAUAFABQAUAFABQAUAFABQAUAf57H/Bpj/ylq/4Kof9ip4//wDWloaAP78viRovjXxH8PvG/h/4b+N7X4afEHWvCuvaX4J+Id94UtPHdn4H8VX2m3NtoPiu78FX+p6NZeLLfQNTkttTm8O3er6Zb6xHbNYTX9qk5nQA/wA/f/gsB/wWD/4L1f8ABIf9p/Sf2efHn7T37PPxe0Xxl8OtK+KXw7+JXh39mXwZ4WTxD4W1HXvEXhea31vwpfXWtS+GvEWl634X1KK+0uHX9fsjYz6XfW2rz/bHgtwD03/gjN/wU4/4L6f8Fj/HXxu8M+Av2uf2aPgr4e+BHhjwhrnivxV4r/Zi8KeK573U/Huo69Y+FdD0nw/pU+lSzC6j8K+I7vUNTm1KCDTo7C3i8i6mvoUUA3v+Ckn/AAV+/wCDhD/gir8Vvhxo37UD/sWftL/Cr4r2mqXnw++JGifCfxTonhrxRJ4Ym05fF3he7Tw14t+H/iHwf420W21nR7t4NSsdX0O5s9Ws73RbzXxZ65Z6aAftn/wRO/4OFPgX/wAFcrjX/hHrXgOf9n79qvwb4bfxZqXwwuvEMfijwn4+8KWM9lYav4q+GPimSx0e9un0m+vrSTX/AAbrOlQa1oljqFreadqHirTbTWtV0sA+Zf8Agur/AMHMHhL/AIJm+PNS/ZR/Zn8AeHPjb+1lZ6BZaj431fxfqN7H8K/gXL4g0+31Tw1p/iPSdDns9d8d+NdQ0a7tddl8J2Ot+FbDRdJ1PRNQ1HxBe3N5LoKAH1R4Y/Yy/wCC5/xH/Z38N/EHxl/wWGk+D/7Vur+DIPFkXwo8Jfsd/sx3/wCz94L8Xano7X9v8OPE2pax4E1vx/4ntLC9mtNE1zxmby6Swkiv9Q0Xwhqvk2y3oB+MP/BJX/g59/aR1H9sjTf+CeP/AAVV8K+Dk8daz8XdY+AOlfHnwh4fh8Ga14W+N9r4sm8E6d4F+KngzQYv+ESu9I1jxnC/hC18XeFdL8Kp4a1GbTZvEelahpE+reItFAP7r6ACgAoAKACgAoAKACgAoAKACgAoAKACgAoAKACgAoAKACgD/PV/4IEpLJ/wdDf8Feo4Jhbzuv8AwUXSGcxiYQSt+3V8MhHMYWZVlEbkOY2ZQ+3aWAOVAPcP+C3P/BRH/gvN/wAEafFHwZk1L9sT9n34/wDwr+O8fjaHwZ42sP2TvBXw78Q6Tr3gE+G5td8P+KfB82ueMLW2Mlj4t0i60XVtN8UX8OqrDqwnstKkskinAPlT/gk7/wAFqf8AgvN/wVh/auj/AGXfhz+0z+zn8Lrix+HXiz4peKfHXiv9nDwdrVlofhTwpe6Bo0zWeg6d9ku9b1O+1/xV4f023sUvrBI4ry4v5rpIbKRHAPuv/gqP+35/wcaf8EaNG8DfGX4q/ET9iz9rH9nzxh4r/wCEITxxpXwJ1vw1DoHjC4s7/VtG8PeP/C2g+KvBHiHQ28SaTo+r3Gh6toHiPXdGabS73TtS1LTtSm0e31UA+xf+CLf/AAdA/Cn/AIKUfFTQ/wBlj9oT4Waf+zl+0z4otL5/h3feH/ENzr3wi+LupaTYXWran4f0WbWYoNf8C+MDplpdXmi+GdavPEthr8On3kFj4sGuzab4evQD4L/4OMP+Dgn9uL/gn5+35pX7MX7HPjX4feHPCXhf4EfD/wAS/EWHxV8N/DfjjU5PiV4z1nxhrLJHfa0kktjYxeAW8CTQWUQUG4u7u5csJowoB+Cf/EW7/wAFoP8AorPwa/8ADA+AP/jFACj/AIO3P+C0LEKvxY+DZJIAA+AHgEkk8AAC3JJJ4AA/PNAH+n9+xrP8fbz9lL9nrU/2qNVstX/aO1z4S+CvEXxqm03QLDwvYWHxE8R6Lba74k8O2eh6ZFDZWVv4UvtQk8MRtFFG12uj/bp0W4uZRQB9LUAFABQAUAFABQAUAFABQAUAFABQB89ftR/sp/s/fto/BjxV+z/+0z8MfDvxW+Fni+ALqGga9A4uNN1GKOaPT/EnhjWrR7fWfCnizRzPLLo3ifw/fafrWmSSS/ZbxI5po5QD/Ly/4LO/8G8X7TH/AASh8VXf7Rn7PeqeM/jH+x/pviC113w78XdAWa2+Kn7P2oxajFc6Da/FqLw5DZvpg06/FrDoHxe8ORWXh291OG0GqWvgnXdQ0bSL8A/aj/ghr/wdcQ3/APwh/wCyf/wVP8VxWt7/AKB4b+G/7Zmo7IbS7J2WmmaJ+0cI8R2dxny7SP4zW0a2kwNvc/Eq1tXi1z4g3QB/e9p2o6frGn2OraTfWeqaVqlna6jpmp6ddQXun6jp97BHc2V9Y3ltJLbXdnd20sVxa3VvLJBPBJHLFI6OrMAXKACgAoAKACgAoAKACgAoAKACgAoAKACgAoAKACgAoAKACgAoAKACgAoAKACgAoAKACgAoAKACgAoA/JHQP8AlO98Wv8AtEj+zz/62N+09QB+t1ABQB//1v7+KACgAoAKACgAoAKACgAoAKACgAoAKAPx4/4JD/8AIV/4Kt/9ph/2uf8A1DPgZQB+w9ABQAUAFABQAUAFABQAUAFABQAUAFABQAUAFABQAUAFABQAUAFABQAUAFABQAUAFAH+ex/waY/8pav+CqH/AGKnj/8A9aWhoA/0J6AP82H/AIPcAP8AhtP9jpsDJ/Zd1oE45IHxY8UkAnqQCzEDPG44xk0Ae+f8GNv/ACOX/BSf/sWf2U//AE6/tB0Afo7/AMHqek+Hrj/gmN8A9ZvhbJ4j0v8Abf8AAFn4fnMcLXz2eq/A/wDaAfXbCGRv38djcDTdMvr3yv3b3Ol6YJgSIioB/HB/wbTy+NYv+C2v7DX/AAg/203snir4mxa8toZxE3gp/gf8TP8AhMf7QEKujWSaB9ulxcL5H2yO0bdFMsEigHz7/wAFwvBHxG8A/wDBXX/godpHxQt9Vt/EOq/tU/Frxto7aukqzXPw8+IPia88b/Cq6szK8hfSZfhrr/hUaQY3aKPTkt4ECeSY1AP9Eb/ghd/wX+/Zk/bs/Zv8DfC346/FDwb8Hf2xvhB8PV0v4l+E/HuvQ+G9M+JeifDzw+Df/GHwB4h8QzQaZrdtqXh7SrjxP448NR6lL4j8GXtp4ivbvT5fCFrp/iK/AP4pf2Mv2O/jB/wWT/4LifFb42fAfwjrMH7Od9+3r48/aa+J/wAZI9P1rQ/B3gf4UXnx41P4nWliPEZs4/K+JnjTw9LBY+CvDMbJ4g1DXL9tau7XTvD+keIdc0YA/wBbqgAoAKACgAoAKACgAoAKACgAoAKACgAoAKACgAoAKACgAoA/z2v+CAX/ACtG/wDBXP8A3/8Agol/63b8MKAPob/g+DA/4UL+wI2BkfF341gHHIB8G+CCQD1AJVSRnnaM5wKAPx9/4Mx/+UsXxI/7Mm+Lv/q2PgFQB/Y3/wAHSGk+HtT/AOCHP7Zs+vC2WbRrj9nvVvDtxNHDJPa+IV/aa+D2n25sPN+ZLm80/UNS0uaSDEy6bf6h1iMooA/y4v8Agm1L41h/4KHfsKSfDn7b/wAJ0v7X/wCzf/wiw08zi5fWD8X/AAeLWMm3V5Ps0jEx3wKPE1k1ws6PAZFoA/0jPBn/AAQI+BP7dP7df/BQL9u3/gpz8H/FXje6+If7R+o/D39m34Q6n478V+CvDcPwK+CnhHwr8L/B3xb1SX4Z+KPDviDU7j4jw+F/tfhzQ9S1m302w8N6fa6vqGk31/4lZNKAPsv/AIhrP+CIf/Rhng3/AMOp+0D/APPboA/iJ+Dn7E/7Kf7YX/BzdafsyfsffB7RfAH7GX7O3xxOp+KfDuj6x4q8W6Dq/hX9k+0srn4m6tq2r+Ltd8T6nfaJ8VvjD4efwTp89rfjT20TxhoJtBFvlv3AP9UKgAoAKACgAoAKACgAoAKACgAoAKACgAoAoatpOl69pepaHrmm2Gs6LrNheaVrGj6tZ2+o6Xqul6jbyWmoabqWn3cc1pfWF9aTS2t5Z3UUtvc28skM0bxO6UAfwF/8Fyv+DUZof+Ew/aw/4JYeFGkh/wBO8SfEj9jLTtzyRf6y71PW/wBnDed0qf6y7k+DFzK0iYuLb4Z3coOhfDyIA/IL/giz/wAHF37Rv/BLLxFpv7N/7SNh4y+NP7HOnazNoWpfDjV3lX4sfs8XUV9Ja6vcfCmXxBPaMmmaddLcSa38H/EVzYaHJfwzyeH77wXq91rd1rQB/qC/szftQfAT9sX4N+E/j9+zX8TfDfxY+FPjO287SPE/hu5d/s95EkZv9B1/S7pLfV/DHinRpJUt9c8MeILHTte0a6P2fUbC3kKhgD3ugAoAKACgAoAKACgAoAKACgAoAKACgAoAKACgAoAKACgAoAKACgAoAKACgAoAKACgAoAKACgAoA/JHQP+U73xa/7RI/s8/wDrY37T1AH63UAFAH//1/7+KACgAoAKACgAoAKACgAoAKACgAoAKAPx4/4JD/8AIV/4Kt/9ph/2uf8A1DPgZQB+w9ABQAUAFABQAUAFABQAUAFABQAUAFABQAUAFABQAUAFABQAUAFABQAUAFABQAUAFAH+ex/waY/8pav+CqH/AGKnj/8A9aWhoA/0J6AP82L/AIPcP+T0v2Of+zXtc/8AVr+J6APCf+DVH9r74wfsna9+3NdfCD9hr9oz9tjUvHGgfs+wajpnwC/4ROKPwD/wjt/8ZZNPn8aX3ijVLE2dv4ofWbmLRZNPtNSdm0LVjcRRiOASgH3p/wAFXf2dv+C+f/Be7x/8K/BsP/BOu6/Y3/Zs+DV1q+seG/D/AMX/AI1fD2KW/wDF/iWK30288eePNXmvdH17WLu00ezGneHvD/g74dal/wAIna6j4gFxf6zNrQuEAP3D/wCCDH/BvP4M/wCCTQ1347fGHxtoXxn/AGwvHfhb/hErrX/DVjqFt8Ovg94Sv5rS91/wl8O31iO01bxJqfiC+sLE6/4/1rR9AvrjTbG10HQ9A0Kwl8Qz+KQD5+/4Okf+Cev/AATq+Ovwa0f9pj4+/tLfC/8AYw/aq8I6Dd+HPhd8RfGC6rq0Pxz0TRvP1OP4YeKfh14K0zxD8SfGVtpFzfSy6R4v8BeFfEXiDwGNWmOo6Vr+i3Fto6AH+Zj8SPgv8Xfg6vgmX4rfDPx38OYfiV4H0D4l/Du58Z+F9Z8OW3jr4eeK7KO/8O+NfCNzqtnaweIvDGsWkyvZ6xpUl1YyN5kBmE8UsaAH92n/AAbGf8HBtjNffB7/AIJcftWaB4M8Lpeiy8A/st/GXwd4b0HwTp+qa35Ri0L4WfFbQ9CttL0a58SeImii0jwf8Q9PsodW8UeIX07RfGcGr+ItbPiq4AP796ACgAoAKACgAoAKACgAoAKACgAoAKACgAoAKACgAoAKACgD/Pa/4IBf8rRv/BXP/f8A+CiX/rdvwwoA+h/+D4P/AJIJ+wJ/2V741f8AqGeCqAP5zf8Ag2O/aM+IX7MH/BQrxz8RPhn+yx8bP2vfEl9+yx8SPCp+FnwGh8Oy+MbKw1L4h/B/UZ/F+oHxPqmk6fB4b0ufR7XS7+eOee7S+1zTBFayxtK6AH9DX/BXK6/4Lxf8Fr/AfhX9k34R/wDBK3x9+yX+zxbeMtN8c+O9Y+Mvxi+GFl4h8f6n4dW4TwyniK+1bVfB9hoHhPQLu/l1mXwjoOn+NNb1nXbLRdXj1BItIGnOAfV//BCH/g2FT/gnz8VNA/bE/bL8beDvih+0l4Ws9RX4UfDbwB/aWo/DX4Panq1nc6Zd+M9Q8T6vZ6Pd+O/Hw0S9u9M0qFPDuneGfB015qGp2Fx4n1r+wdd8OgH9g9AH51f8FZv2y7X9gP8A4J4ftTftQpfQWfivwN8NNS0j4XJMY2N38XvHc0Hgf4XRpatl76Cz8aeINH1fVreFWkXQdN1W7cxQW008QB/Lb/wZV/sf3WmfDT9q79v7xlZ3Fxr/AMU/FVl+z38NtZ1LzH1Kfwx4Rax8efFjWIruffNf2Pizxlq/gjTZbszMTrHw71OOQySq7IAf3T0AFABQAUAFABQAUAFABQAUAFABQAUAFABQAUAfzPf8Ft/+DcP4Bf8ABTjTfEHxz+B//COfAD9tyCykuF8cxWL2nw8+OE1pBiz0X406XpNpNcR61IscdhpvxU0ayu/E+m2xitvEWneMtK0/R9N0oA/gR/Zr/a0/4KY/8G8f7ZPijwfdaD4k+GPinStSsLf41fs3fEtbq8+FXxl8LwTTJp2rhNPupNK1a3u7VbqbwD8X/AeoPdWyPOul6zqOh3muaHqQB/p4/wDBKv8A4LEfsl/8FZPhSfFnwS17/hEvi74Y0y0n+Ln7O3i7ULMfEf4c3krRW82oWyR/Z4/GngG5vpFi0Tx/oNv/AGbdLcWllrtl4a8Svd+HLAA/V6gAoAKACgAoAKACgAoAKACgAoAKACgAoAKACgAoAKACgAoAKACgAoAKACgAoAKACgAoAKACgD8kdA/5TvfFr/tEj+zz/wCtjftPUAfrdQAUAf/Q/v4oAKACgAoAKACgAoAKACgAoAKACgAoA/Hj/gkP/wAhX/gq3/2mH/a5/wDUM+BlAH7D0AFABQAUAFABQAUAFABQAUAFABQAUAFABQAUAFABQAUAFABQAUAFABQAUAFABQAUAf57H/Bpj/ylq/4Kof8AYqeP/wD1paGgD/QnoA/zYv8Ag9w/5PS/Y5/7Ne1z/wBWv4noA97/AODG3/kcv+Ck/wD2LP7Kf/p1/aDoA/0IqACgD/Hh/ay+N3jn/grB/wAF49K0f4z+JLvW/BfxL/by8D/stfD/AEPV55NM0nwP+z8f2hbb4beEvCFjZ+ZbppKx+GtRn1bxC9qttdaz4v1jxBr06HVtWnLAH+pF/wAFAf8Agm7+zJ/wUV/Zd1/9mD41eBNAj0eDw/d2vwh8YaXotnB4j+Bfi630g6b4X8Y/Dme2+xyaS2gNDYJd+Hrae30HxNodrJ4Y120utFupbZgD/FX8ceFvG/7O/wAbfF/gm51C40T4kfAz4qeIPC0+q6RNcWl1pHjf4ZeLbvSZdQ0uciG7trjT9e0RrmymKxXEMkUTkJIuKAP937wXquq674O8J63runjSdb1jwzoOq6xpQ3kaZquoaXa3eoaeC4VyLO7mmthvVX/d/MAcigDpqACgAoAKACgAoAKACgAoAKACgAoAKACgAoAKACgAoAKAP89r/ggF/wArRv8AwVz/AN//AIKJf+t2/DCgD6H/AOD4P/kgn7An/ZXvjV/6hngqgD8fP+DMf/lLF8SP+zJvi7/6tj4BUAf6kNABQAUAfwH/APB6j+2Pe6nefsm/8E6vAl3c3+o6ldzftJ/FHRNK8y5vL28uptY+GnwQ0DyLPdLcXFzcSfE/VbnRZg8ksp8IajHbFmspqAP6/P8Agl/+yHZfsIfsA/srfsrRWttba38LfhPoUXj57Ty2gvfit4pM/jT4sajFLHuE1vffEXxD4mnsnaSZlsGtYfOdYUZgD70oAKACgAoAKACgAoAKACgAoAKACgAoAKACgAoAKAPzc/4KW/8ABKz9kz/gqf8ABqT4W/tHeDxH4m0S3v5fhX8afC8NnY/FP4S63eIN194Z1ya3mW+0K+mitz4i8Fa3FfeGPEUcEE11Yw6vp+j6xpYB/l2ftw/8E7P+CjH/AAb+/tVeD/iRpHirxT4as9J8TT3v7PX7YPwiF/p/g/xkkSTSnQ9VWX7db+HPFF3pC3Fr40+EXjX+0bHWNM/te2hHjfwTM2r34B/cD/wQ7/4OZvg1/wAFB4vCn7Nn7W03hf4EftnyR2mjaBf+eujfCb9oi/CpBBJ4Gu7+4kj8IfEfUJAFuvhpql48Ot3ssc/gHUtTe9m8K+HgD+rWgAoAKACgAoAKACgAoAKACgAoAKACgAoAKACgAoAKACgAoAKACgAoAKACgAoAKACgAoAKAPyR0D/lO98Wv+0SP7PP/rY37T1AH63UAFAH/9H+/igAoAKACgAoAKACgAoAKACgAoAKACgD8eP+CQ//ACFf+Crf/aYf9rn/ANQz4GUAfsPQAUAFABQAUAFABQAUAFABQAUAFABQAUAFABQAUAFABQAUAFABQAUAFABQAUAFABQB/nsf8GmP/KWr/gqh/wBip4//APWloaAP78viR43tfhn8PvG3xEvvD3jXxbZ+BvCuu+LLrwt8N/CWs+PviD4it9A0251OXRPBPgjw7b3eveLvFWppbGz0Lw5o1rcalrGpTW1hZRPcTotAH+ZV/wAHDkP7fP8AwVk/bI8E/FL4E/8ABKr/AIKaeGfg58Ifg9pvwo8KT/EP9ir486T4p8V6n/wlvinxZ4j8W3GiaT4O1210TTbybX7DSdI0+XUp9RkstEXU9RSxudRfSNNAPU/+DbzxN+3F/wAElvj18eLj9o3/AIJW/wDBTzVvg9+0N4F8H6JqPiH4cfsR/HnxDr3hDxf8PNb1nUPDGoX/AIc1HwfoX9peHL3TfFnimz1OfTLy61iwvDpT2mk39vNevagH+kb4F8WW3j3wR4O8dWei+KvDln408K+HvFlr4e8deGtV8GeN9BtvEekWesQaL4x8H69b2uueFPFWlxXi2PiHw1rNrbaroWrwXml6jbw3lrNGgB1VAH+bd/wWY/4N6f23P2Yv23fFf/BQ/wD4J5/DbU/j58JdS+NEH7Ttr4B8BWp1r4p/Bb4lxeMYfiJq+jxfDiwktfEXjvwH/wAJpHPqfhOX4d22r63o2hXH/CP61o9jHodv4k1wA/ph0L/g5L/Ze1b4HDX3/Zr/AG4H/a1g8JQ3V/8AsU6X+yf8cdS+JCePGs2ifQLbxnD4F/4V6fCj66jw23iq916z1d9CA1KTwfHrIfw0gB/NF/wSY/4NxP2w/wBsP9sGz/b8/wCCkvw2l+APwV1f4x63+0TrHwY8a293pfxZ+M3jHWfGVz47g8L6l8Pr1ptc+HHw5uvEV1P/AMJXJ8QJ9J8a6jolsNE0jw5LDr58XaKAf6RtABQAUAFABQAUAFABQAUAFABQAUAFABQAUAFABQAUAFABQB/nq/8ABAmYW/8AwdDf8FerhkmkWBf+Ci8zR28TzzyCL9ur4ZOUhgjDSTTMF2xxRqzyOVRAWYCgDj/+Dln4r/tj/wDBV7Vv2bPh1+yz/wAEsf8AgqJb/DP4BXPxI8R6/wCNfiN+w38ffC1z408V+PIPCOm2EHhzw5beENYv7XQ/DmleGbtpNR13+zdR1K/16W3j0iztdLS91UA/PX/ghD4G/wCCif8AwSv/AG/fDv7SHxV/4JVf8FKvFnwo1/4ceN/hD8SLTwL+xj8eb3xfpfh3xhNoWs2Wv6FpWr+CtE03WZtJ8U+E/Ds9/plzrGnPNo51KWylm1CG0s7oA/1CPgT8YNP+Pnwn8IfFvSvAnxc+GVh4xt9TuIfAvx2+Gfif4O/Fjw8dK1vU9Bmt/F/w48ZWdh4j8N3FzcaVLf6Yt/bImqaJdaZrenyT6bqVncSgHrlABQB/nLfA79if9tb/AIKa/wDByrN+11+1B+x/+1J8If2XvCfx21X4v6D4p+Ov7P8A8Wfhh4MuPhd+zZaW+mfs5+D4L34geENC0C51Xxlqnhj4c3viDwpBdNNqEGp+N9VNnfRw6kzgH+jTQAUAFABQAUAFABQAUAFABQAUAFABQAUAFABQAUAFABQB5N8cvgT8Hf2l/hX4w+CPx7+HXhf4rfCnx7pkmkeK/BPi/Tk1HSNTtWYSQTx8x3Wm6tpt0kOoaLrulXNjreg6rb2uraLqFjqVpbXUQB/mR/8ABb//AINmvjP/AME97rxP+07+x0niz43/ALHVpcXPiDXNNhSbVvjB+zhaxyG6kbxZFp0Edz4v+HGlKPNs/iXpVst94esoXj8fafp8enp4w18A+1/+CGX/AAdXeJPha/gz9k3/AIKeeJtX8Z/DXdp/hv4c/tcX/wBp1jxr4AizHZ6fo3x1KmbUfG/g+FPKji+JMKXXjXw/sLeK4fFmm3Mms+GQD/RL0XWtG8SaNpPiLw7q2ma/4f1/TLHWtC13Rb+11XRta0fVLWK+0zVtJ1OxlnstR0zUbKeC8sb+znmtbu1miuLeWSGRHYA06ACgAoAKACgAoAKACgAoAKACgAoAKACgAoAKACgAoAKACgAoAKACgAoAKACgAoAKAPyR0D/lO98Wv+0SP7PP/rY37T1AH63UAFAH/9L+/igAoAKACgAoAKACgAoAKACgAoAKACgD8eP+CQ//ACFf+Crf/aYf9rn/ANQz4GUAfsPQAUAFABQAUAFABQAUAFABQAUAFABQAUAFABQAUAFABQAUAFABQAUAFABQAUAFABQB/nsf8GmP/KWr/gqh/wBip4//APWloaAP9CegAoAKACgAoAKACgAoAKACgAoAKACgAoAKACgAoAKACgAoAKACgAoAKACgAoAKACgD/Pa/4IBf8rRv/BXP/f8A+CiX/rdvwwoA/wBCWgAoAKACgAoAKACgAoAKACgAoAKACgAoAKACgAoAKACgAoAKACgAoAKACgAoAZLFHPHJDNGksMyPFLFKiyRyxyKVeOSNgVdHUlXRgVZSQQQSKAP4K/8Ag4V/4NjdG1TSPGH7b/8AwTP+HEeleIdOTUfE/wAdP2TvBVgV03xFYr5l9qvxA+AvhyzTZpmv2Kie68Q/CfRol03XbJWvPh/p9lr1o3hnxOAfmF/wbzf8HFniX9gTXPDn7HX7Zmva34o/Yu1rVV0zwX40vRe6v4l/Zb1fUrs+ZNawKLjU9X+Dd3ezPP4k8JW0U+oeEJ5LnxL4PtZc6z4b14A/0+fDXiXw74z8O6F4v8Ia9o/inwp4o0fTfEPhrxN4e1Kz1nQPEOg6zZxahpGtaJq+nTXNhqmlanYXFve6fqFlcT2t5azxXFvLJFIjsAbdABQAUAFABQAUAFABQAUAFABQAUAFABQAUAFABQAUAFABQAUAFABQAUAFABQAUAfkjoH/ACne+LX/AGiR/Z5/9bG/aeoA/W6gAoA//9P+/igAoAKACgAoAKACgAoAKACgAoAKACgD8eP+CQ//ACFf+Crf/aYf9rn/ANQz4GUAfsPQAUAFABQAUAFABQAUAFABQAUAFABQAUAFABQAUAFABQAUAFABQAUAFABQAUAFABQB/nsf8GmP/KWr/gqh/wBip4//APWloaAP9CegAoAKACgAoAKACgAoAKACgAoAKACgAoAKACgAoAKACgAoAKACgAoAKACgAoAKACgD/Pa/4IBf8rRv/BXP/f8A+CiX/rdvwwoA/wBCWgAoAKACgAoAKACgAoAKACgAoAKACgAoAKACgAoAKACgAoAKACgAoAKACgAoAKACgD/HL/bn/Yt+M37XP/BY3/gqp8Kv2XvACeMfGvw9+OH7WXxmh+G3huCODXPEnhnwZ8VZJfFmneCNGt4kj1jxPDaa/ca7ZeHLXy9Q19dPvdM0KDUPEF3pekagAfe3/Bvr/wAHDnjP/gnB4o0f9kv9rjU/EXi39iTXtdksdL1K6iv9W8W/ss+IdSv3+3a34dsNs2p6n8LrvUZprvxz8PrWCW+0a6kvPF3gm0bWm8QeG/GYB/qNeDvGPhP4h+E/DfjzwH4l0Pxl4J8Y6Hpnibwn4s8M6pZ634d8SeHtas4tQ0jW9E1fTprix1PS9SsbiG7sr20nlt7iCVJYpGRgaAOkoAKACgAoAKACgAoAKACgAoAKACgAoAKACgAoAKACgAoAKACgAoAKACgAoAKAPyR0D/lO98Wv+0SP7PP/AK2N+09QB+t1ABQB/9T+/igAoAKACgAoAKACgAoAKACgAoAKACgD8eP+CQ//ACFf+Crf/aYf9rn/ANQz4GUAfsPQAUAFABQAUAFABQAUAFABQAUAFABQAUAFABQAUAFABQAUAFABQAUAFABQAUAFABQB/nsf8GmP/KWr/gqh/wBip4//APWloaAP9CegAoAKACgAoAKACgAoAKACgAoAKACgAoAKACgAoAKACgAoAKACgAoAKACgAoAKACgD/Pa/4IBf8rRv/BXP/f8A+CiX/rdvwwoA/wBCWgAoAKACgAoAKACgAoAKACgAoAKACgAoAKACgAoAKACgAoAKACgAoAKACgAoAKACgD/PY/4JLf8AK3Z/wUT/AOxr/br/APVn6HQB9nf8HF//AAbcWf7TEPjX9u39gTwZbaf+0bBFfeJvjp8AvDtpFaWHx9jiR7rVPHnw+02AJBZ/GoIsl1r2gW4itviviS+tI4viO048egH8+n/BAf8A4OCPiJ/wS+8cWf7Lf7U0/inxd+xJ4g8TXNlfabd22oah40/Zf8VX+oumseKvBukyq2p3XgqXU3nuviL8MYIDcx3ZvvFng60j8VHXNC8cAH+pr4A8f+CPir4I8KfEr4a+LNA8d/D/AMdaDpnijwd4y8K6paa14d8S+HtYtY73S9Y0bVbGWa0vrG9tZUlhnhkZSGwdrh1oA6+gAoAKACgAoAKACgAoAKACgAoAKACgAoAKACgAoAKACgAoAKACgAoAKACgD8kdA/5TvfFr/tEj+zz/AOtjftPUAfrdQAUAf//V/v4oAKACgAoAKACgAoAKACgAoAKACgAoA/Hj/gkP/wAhX/gq3/2mH/a5/wDUM+BlAH7D0AFABQAUAFABQAUAFABQAUAFABQAUAFABQAUAFABQAUAFABQAUAFABQAUAFABQAUAf57H/Bpj/ylq/4Kof8AYqeP/wD1paGgD/QnoAKACgAoAKACgAoAKACgAoAKACgAoAKACgAoAKACgAoAKACgAoAKACgAoAKACgAoA/z2v+CAX/K0b/wVz/3/APgol/63b8MKAP8AQloAKACgAoAKACgAoAKACgAoAKACgAoAKACgAoAKACgAoAKACgAoAKACgAoAKACgAoA/z2P+CS3/ACt2f8FE/wDsa/26/wD1Z+h0Af6E9AH8a3/BxT/wbgaX+2BZ+MP24P2FfCdhov7V1jbXWv8Axg+DWjQ2+naR+0lbWsTTXviXwzbqIbPTPjjFDG0lwm6Gy+KAXZeNB41KX3iQA/mg/wCCDv8AwXw+K/8AwSd+Jbfs1/tKQ+MPFn7FuveLb3T/ABj4H1C01Cfxz+zX4xn1KS217xl4D0S+EWoRadHqYuJfiT8LzFA1/cx3uvaBa2fjFNSsvE4B/qm/DD4n/Dz40/D3wd8WPhN4y8PfEL4a/EHQNP8AFHgvxr4V1K31bw/4j0DVIRPZalpt/bM8csUiHZJG2y4tbhJrS7ihuoZoUAO7oAKACgAoAKACgAoAKACgAoAKACgAoAKACgAoAKACgAoAKACgAoAKACgD8kdA/wCU73xa/wC0SP7PP/rY37T1AH63UAFAH//W/v4oAKACgAoAKACgAoAKACgAoAKACgAoA/Hj/gkP/wAhX/gq3/2mH/a5/wDUM+BlAH7D0AFABQAUAFABQAUAFABQAUAFABQAUAFABQAUAFABQAUAFABQAUAFABQAUAFABQAUAf57H/Bpj/ylq/4Kof8AYqeP/wD1paGgD/QnoAKACgAoAKACgAoAKACgAoAKACgAoAKACgAoAKACgAoAKACgAoAKACgAoAKACgAoA/z2v+CAX/K0b/wVz/3/APgol/63b8MKAP8AQloAKACgAoAKACgAoAKACgAoAKACgAoAKACgAoAKACgAoAKACgAoAKACgAoAKACgAoA/z2P+CS3/ACt2f8FE/wDsa/26/wD1Z+h0Af6E9ABQB/IJ/wAHEP8AwblaF+3Jpfin9s39irw1pXhr9sjSLCXVfiN8NrBbPR/D/wC09p+n2+6S4iLC30/R/jbbWsIj0vXbiS30/wAeRxxaL4nng1I6d4gtQD+VL/ght/wXV+Nn/BH/AOL9/wDs9/tA6X428T/sfa340v8ASfir8IdXs76Hx58AfGqai2m+IvG/w+0PWPsl5pOs6ZfwTR/EL4a3a2Ft4ka1uZEi0rxZbJe3AB/qwfCD4wfDD4//AAx8E/Gf4L+OPD3xI+FvxG0Cz8TeCvG3ha+TUNE1/Rr5T5dxbTKElguLeZJrLUtNvYbbU9I1O2u9K1W0s9Ss7u1iAPSKACgAoAKACgAoAKACgAoAKACgAoAKACgAoAKACgAoAKACgAoAKACgD8kdA/5TvfFr/tEj+zz/AOtjftPUAfrdQAUAf//X/v4oAKACgAoAKACgAoAKACgAoAKACgAoA/Hj/gkP/wAhX/gq3/2mH/a5/wDUM+BlAH7D0AFABQAUAFABQAUAFABQAUAFABQAUAFABQAUAFABQAUAFABQAUAFABQAUAFABQAUAf57H/Bpj/ylq/4Kof8AYqeP/wD1paGgD/QnoAKACgAoAKACgAoAKACgAoAKACgAoAKACgAoAKACgAoAKACgAoAKACgAoAKACgAoA/z2v+CAX/K0b/wVz/3/APgol/63b8MKAP8AQloAKACgAoAKACgAoAKACgAoAKACgAoAKACgAoAKACgAoAKACgAoAKACgAoAKACgAoA/z2P+CS3/ACt2f8FE/wDsa/26/wD1Z+h0Af6E9ABQAUAfyY/8HC//AAbq+Gf+CguheIv2uP2QdC0Xwh+234d0o3nivwrAbLRPDX7UOj6TaBItL1m4k8jT9G+MFhZQR2nhPxpePBY+JIIrXwn41uorNdD8S+FAD+Qb/gin/wAFuP2gf+CMXx01z4GfG/QPHPiL9lXV/HF7onx1+AOvWl5p/jn4N+NLK9/sXxB47+Hmia81jL4d8d6FcWjWvjTwPf8A9mad40ttPOmaqdM8Q2WjeIdGAP8AVw+Bvxy+Ev7Svwm8C/HT4FePNA+Jnwn+JOhW3iPwZ408NXX2rTNW024LxyI6SJDd6dqmnXcVzpmt6HqltZazoGs2d9o2s2FjqljeWcAB6vQAUAFABQAUAFABQAUAFABQAUAFABQAUAFABQAUAFABQAUAFABQB+SOgf8AKd74tf8AaJH9nn/1sb9p6gD9bqACgD//0P7+KACgAoAKACgAoAKACgAoAKACgAoAKAPx4/4JD/8AIV/4Kt/9ph/2uf8A1DPgZQB+w9ABQAUAFABQAUAFABQAUAFABQAUAFABQAUAFABQAUAFABQAUAFABQAUAFABQAUAFAH+ex/waY/8pav+CqH/AGKnj/8A9aWhoA/0J6ACgAoAKACgAoAKACgAoAKACgAoAKACgAoAKACgAoAKACgAoAKACgAoAKACgAoAKAP89r/ggF/ytG/8Fc/9/wD4KJf+t2/DCgD/AEJaACgAoAKACgAoAKACgAoAKACgAoAKACgAoAKACgAoAKACgAoAKACgAoAKACgAoAKAP89j/gkt/wArdn/BRP8A7Gv9uv8A9WfodAH+hPQAUAFABQB/K7/wcGf8G8Xg7/gpD4Z1v9qH9lvSdB8D/t0eFdFEmoWQaz0Pwx+03oejWYjtPCvjK7fyLHSviZp9jbx2HgX4hXskVveQRWng3xxdL4fTQfEHgcA/i/8A+COX/BZj9pb/AIIj/tFeJvg38X/C/jrWv2cNR8dXXh/9o79mjxLbXWk+Mfhx4v0y6XQ9b8dfD7SNfeyHhb4oeHPsf2TxB4dvjp2j+PtN0+LQPEUtjqNn4Z8VeFAD/V7/AGev2hvg1+1X8G/Afx+/Z/8AH2h/Ez4S/EnRYdd8J+LdAnaS2urd2aG7sL+0mSG/0XXtGvornSfEPh7V7Wy1vw/rNne6RrFjZ6jZ3NvEAez0AFABQAUAFABQAUAFABQAUAFABQAUAFABQAUAFABQAUAFABQB+SOgf8p3vi1/2iR/Z5/9bG/aeoA/W6gAoA//0f7+KACgAoAKACgAoAKACgAoAKACgAoAKAPx4/4JD/8AIV/4Kt/9ph/2uf8A1DPgZQB+w9ABQAUAFABQAUAFABQAUAFABQAUAFABQAUAFABQAUAFABQAUAFABQAUAFABQAUAFAH+ex/waY/8pav+CqH/AGKnj/8A9aWhoA/0J6ACgAoAKACgAoAKACgAoAKACgAoAKACgAoAKACgAoAKACgAoAKACgAoAKACgAoAKAP89r/ggF/ytG/8Fc/9/wD4KJf+t2/DCgD/AEJaACgAoAKACgAoAKACgAoAKACgAoAKACgAoAKACgAoAKACgAoAKACgAoAKACgAoAKAP89j/gkt/wArdn/BRP8A7Gv9uv8A9WfodAH+hPQAUAFABQAUAfzD/wDBf/8A4N8fAf8AwU58Hap+0R+zvYeH/h9+3b4M0ILaahJ9m0bwx+0XoWjWnl2HgL4i3mIraw8ZWdpAmn+APiNdkfY40tfCXjC4k8Kro+reCgD+J/8A4Imf8Fevjh/wRU/a21/4QfHfTvHUH7M3iTx5d+B/2ovgTrdpqEev/CvxlpN+vhzUvih4V8MXgWfSPiN4FuLD7D4t0OCGI+OfDWnz+HdRifWdO8H6t4dAP9arwB4+8FfFTwP4R+Jfw38UaL428AePfDmj+LvBni/w5fQ6noPiXwzr9jBqeja1pN/bs8N1Y6jY3EFzbyo3zI4BCsGRQDrqACgAoAKACgAoAKACgAoAKACgAoAKACgAoAKACgAoAKACgD8kdA/5TvfFr/tEj+zz/wCtjftPUAfrdQAUAf/S/v4oAKACgAoAKACgAoAKACgAoAKACgAoA/Hj/gkP/wAhX/gq3/2mH/a5/wDUM+BlAH7D0AFABQAUAFABQAUAFABQAUAFABQAUAFABQAUAFABQAUAFABQAUAFABQAUAFABQAUAf57H/Bpj/ylq/4Kof8AYqeP/wD1paGgD/QnoAKACgAoAKACgAoAKACgAoAKACgAoAKACgAoAKACgAoAKACgAoAKACgAoAKACgAoA/z2v+CAX/K0b/wVz/3/APgol/63b8MKAP8AQloAKACgAoAKACgAoAKACgAoAKACgAoAKACgAoAKACgAoAKACgAoAKACgAoAKACgAoA/z2P+CS3/ACt2f8FE/wDsa/26/wD1Z+h0Af6E9ABQAUAFABQAUAfxg/8AB0T/AMEIP+GpfBviD/goj+yR4N8/9pP4c+Hhc/H/AOHHhyw3X/x4+HHhywWNPGmiafaR79S+LHw80a1WKa0jR9R8d+B7KPSrR5/EPhfw3pGvgH41f8Gv3/Bd8/si+OND/wCCfn7WnjHyP2XPib4jaH4JfELxHfY0/wDZ9+JniS/LyeH9Wv7uVY9L+EXxE1e5aS9nkkXTPAvjW8PiW5Sx0LxH4x1ewAP9NMHPI5B5BHegAoAKACgAoAKACgAoAKACgAoAKACgAoAKACgAoAKACgAoA/JHQP8AlO98Wv8AtEj+zz/62N+09QB+t1ABQB//0/7+KACgAoAKACgAoAKACgAoAKACgAoAKAPx4/4JD/8AIV/4Kt/9ph/2uf8A1DPgZQB+w9ABQAUAFABQAUAFABQAUAFABQAUAFABQAUAFABQAUAFABQAUAFABQAUAFABQAUAFAH+ex/waY/8pav+CqH/AGKnj/8A9aWhoA/0J6ACgAoAKACgAoAKACgAoAKACgAoAKACgAoAKACgAoAKACgAoAKACgAoAKACgAoAKAP89r/ggF/ytG/8Fc/9/wD4KJf+t2/DCgD/AEJaACgAoAKACgAoAKACgAoAKACgAoAKACgAoAKACgAoAKACgAoAKACgAoAKACgAoAKAP89j/gkt/wArdn/BRP8A7Gv9uv8A9WfodAH+hPQAUAFABQAUAFABQB/mt/8AB0h/wQg/4Zt8W+JP+Cjn7I3g3yf2fPiBr4vf2jvhr4csNtn8EviH4jv1jHxE0HT7SLZYfC34g6zdLFq9jGkdn4H8cX8UNkYvDnirSdL8MgH6bf8ABrT/AMF3/wDhfnhjwx/wTX/a78Zeb8cPA+if2f8Asw/E3xHfZuvi94D8P2JdfhP4h1C7lL3fxJ8B6PavJ4V1CV2n8aeCbCSyu/8AipfC733i4A/tuoAKACgAoAKACgAoAKACgAoAKACgAoAKACgAoAKACgAoA/JHQP8AlO98Wv8AtEj+zz/62N+09QB+t1ABQB//1P7+KACgAoAKACgAoAKACgAoAKACgAoAKAPx4/4JD/8AIV/4Kt/9ph/2uf8A1DPgZQB+w9ABQAUAFABQAUAFABQAUAFABQAUAFABQAUAFABQAUAFABQAUAFABQAUAFABQAUAFAH+ex/waY/8pav+CqH/AGKnj/8A9aWhoA/0J6ACgAoAKACgAoAKACgAoAKACgAoAKACgAoAKACgAoAKACgAoAKACgAoAKACgAoAKAP89r/ggF/ytG/8Fc/9/wD4KJf+t2/DCgD/AEJaACgAoAKACgAoAKACgAoAKACgAoAKACgAoAKACgAoAKACgAoAKACgAoAKACgAoAKAP89j/gkt/wArdn/BRP8A7Gv9uv8A9WfodAH+hPQAUAFABQAUAFABQBzfjHwf4V+IXhLxN4C8deHdG8XeCvGmgav4V8W+FfEWn22raD4k8N6/YT6Xreh61pl5HLaahpeq6ddXNlfWdzE8NzbTSRSIyMQwB/kuf8F2/wDgj18T/wDgjT+1d4c+MXwCv/GFp+y18QfG8fjL9mv4raNqOpxeI/g34/0W8HiaD4U654otpV1HTPGXgmezGs/DvxJNdpfeLPC2nxarbX114j8OeME00A/ug/4N7v8Agtt4a/4Kq/s/n4f/ABW1PSND/ba+Bug6fb/F7w3ELXTYvil4Yha30vTvjl4N0uIRQiw1e6ktbD4gaNpkS23hDxldRBLPTfD3ifwlDOAf0T0AFABQAUAFABQAUAFABQAUAFABQAUAFABQAUAFABQB+SOgf8p3vi1/2iR/Z5/9bG/aeoA/W6gAoA//1f7+KACgAoAKACgAoAKACgAoAKACgAoAKAPx4/4JD/8AIV/4Kt/9ph/2uf8A1DPgZQB+w9ABQAUAFABQAUAFABQAUAFABQAUAFABQAUAFABQAUAFABQAUAFABQAUAFABQAUAFAH+ex/waY/8pav+CqH/AGKnj/8A9aWhoA/0J6ACgAoAKACgAoAKACgAoAKACgAoAKACgAoAKACgAoAKACgAoAKACgAoAKACgAoAKAP89r/ggF/ytG/8Fc/9/wD4KJf+t2/DCgD/AEJaACgAoAKACgAoAKACgAoAKACgAoAKACgAoAKACgAoAKACgAoAKACgAoAKACgAoAKAP89j/gkt/wArdn/BRP8A7Gv9uv8A9WfodAH+hPQAUAFABQAUAFABQAUAfNn7Xf7JnwR/bh/Z5+JX7Mf7QvhSHxZ8Mfidokml6nAvlQ6zoGqQsLnQPGPhPUpILg6L4v8ACerxWut+HdWSGVbbULSJLq2vbCa8sroA/wAj/wDab/Z6/bZ/4N3P+Clmg3fhjxLfaN40+GOv/wDCf/AD4yWWn3UPgr45fCW+ubnTz/aWli4EN5pev6S194L+LHgC4v5ZNKv31bS4765sJdD8RagAf6k//BKf/gpv8FP+Cqv7Kfhf9ob4VzW+g+LbH7N4Y+N3wluL+O71/wCEnxNgs45tT0C8OI5tR8N6qpOs+BvFAggt/Efh2eJ5oNO12w17Q9IAP0soAKACgAoAKACgAoAKACgAoAKACgAoAKACgAoAKAPyR0D/AJTvfFr/ALRI/s8/+tjftPUAfrdQAUAf/9b+/igAoAKACgAoAKACgAoAKACgAoAKACgD8eP+CQ//ACFf+Crf/aYf9rn/ANQz4GUAfsPQAUAFABQAUAFABQAUAFABQAUAFABQAUAFABQAUAFABQAUAFABQAUAFABQAUAFABQB/nsf8GmP/KWr/gqh/wBip4//APWloaAP9CegAoAKACgAoAKACgAoAKACgAoAKACgAoAKACgAoAKACgAoAKACgAoAKACgAoAKACgD/Pa/4IBf8rRv/BXP/f8A+CiX/rdvwwoA/wBCWgAoAKACgAoAKACgAoAKACgAoAKACgAoAKACgAoAKACgAoAKACgAoAKACgAoAKACgD/PY/4JLf8AK3Z/wUT/AOxr/br/APVn6HQB/oT0AFABQAUAFABQAUAFABQB+WH/AAV3/wCCWHwd/wCCsX7Keu/A3x6LHwx8T/DX9oeKf2fvjD9h+06r8LviObMRQyTtCv2vUPA3ipILbRfiB4aRmi1bSVttSs0g8TeH/DWq6WAf5g/7Ff7Wv7ZP/BvR/wAFIPE+m+NfCOtaPrHgTxGnwy/ak+AOo3zwaB8V/h0t1FfRz6TfEHT7i8/s27g8b/Br4jWcc1sFv7O8hfUPCPiTxBpGsgH+uX+y9+038GP2x/gL8Nf2k/2fvF9p43+FHxV8PW/iDw1rFvtiu7Zi8ltqvh/X9PEksui+KfDOrW97oPifQroi70bXNPvtPuAXg3UAe+UAFABQAUAFABQAUAFABQAUAFABQAUAFABQAUAfkjoH/Kd74tf9okf2ef8A1sb9p6gD9bqACgD/1/7+KACgAoAKACgAoAKACgAoAZJJHDHJLLIkUUSNJLLIypHHGilnkkdiFREUFmZiFVQSSACaAPwB/b7/AODlf/gl7+wl/bXhZPi0f2nfjNpf2i1/4VT+zbLpXjpdP1SLdF9k8X/Es6ha/DPwv9kvAbbWtPXxLrPjHSdkxPhC6mi+zuAfdn/BKX9vG5/4KX/sNfCb9sy6+GUHweb4q6z8VLOD4eweK38broVl8P8A4r+Nfh1YGXxPJoHhc6ndajZ+FYNUu2TQrCKC5vJbaGNooklcA/RWgD8eP+CQ/wDyFf8Agq3/ANph/wBrn/1DPgZQB+w9ABQAUAFABQAUAFABQAUAFABQAUAFABQAUAFABQAUAFABQAUAFABQAUAFABQAUAFAH+ex/wAGmP8Aylq/4Kof9ip4/wD/AFpaGgD/AEJ6ACgAoAKACgAoAKACgAoAKACgAoAKACgAoAKACgAoAKACgAoAKACgAoAKACgAoAKAP89r/ggF/wArRv8AwVz/AN//AIKJf+t2/DCgD/QloAKACgAoAKACgAoAKACgAoAKACgAoAKACgAoAKACgAoAKACgAoAKACgAoAKACgAoA/z2P+CS3/K3Z/wUT/7Gv9uv/wBWfodAH+hPQAUAFABQAUAFABQAUAFABQB/NT/wcV/8EPNF/wCCoPwMPxp+B+iaZpv7cPwM8OXjeAbxRa6cvxu8C2bXOqX3wV8TajKYYV1P7RLean8Ltb1KVbPRfE13e6Jf3OnaF4s1TV9KAP4sv+Dfz/gtD45/4JG/tKax8BP2if8AhKLX9kL4p+Nm8PfGzwVrOn6muufAL4mWVynhuX4saV4ZuIl1Owv9Clso9B+LPha3s4tV1rw5p0U66fqHibwfoGmXAB/rFeHfEWgeL/D+heLPCmt6V4l8L+J9H0zxD4b8RaFqFrq2h6/oOtWUOpaPrWjapYyz2WpaVqmn3Nvfaff2c81reWk8VxBLJFKjsAbNABQAUAFABQAUAFABQAUAFABQAUAFABQAUAfkjoH/ACne+LX/AGiR/Z5/9bG/aeoA/W6gAoA//9D+/igAoAKACgAoAKACgAoAKAPhr9rz/gnx8C/26Lzw9p37SHiH44+KPhRomj3mmap+z54U+N3xA+FfwT8f3d3eLeJrnxN8O/C7V/B/iHx7qFgqJZ6fp3iDxXd+Fre1Dg+HZLme4uJQD/Ji/wCC737JXwc/Ye/4KsftW/s2fs/aBP4U+DngvUvhdrngbwtcavq+vN4bsfiP8FPhx8StT0KHVtfvdS1q80/S9f8AFur2ekPqeo399HpMVjDc3lxNG8rgH+jP/wAGrX/KDj9kL/sPftI/j/xk78YP/wBVAH9DdAH48f8ABIf/AJCv/BVv/tMP+1z/AOoZ8DKAP2HoAKACgAoAKACgAoAKACgAoAKACgAoAKACgAoAKACgAoAKACgAoAKACgAoAKAP4f8A/g6X/wCC8Hxm/ZQ8a6L/AME+/wBif4j3Hw2+Kd34SsvF/wC0n8XfCcqw+PfAel+LLSO78DfC/wAFa181x4M8Ta34dmTxx4l8S6XFB4l0/Qda8DDwvrelS6jrLMAfg/8ADb/g3J/4Lv8A7SfwZ0r9r+48V21t4s8Y+Ho/iB4X8E/Fz9pDxpp/7R/irT9WtH1bSb0tqFjqug6DrPiC0SzvLaw8dfEbwzrFu2o2UeuW2lXSXsdoAc//AMGvP7dOj/sSf8FVZvAHx5iuNN079rjTb79mvxJ4q8SXNzFq3gr4vaj410zWPBV54imvHeSWLxB470pvAmvPfbZLLU/FNnrt9e29npGoi4AP9YCgAoAKACgAoAKACgAoAKACgAoAKACgAoAKACgAoAKACgAoAKACgAoAKACgAoA+Dv8AgpL/AMFBvgx/wTH/AGTfHv7VnxrjvtY0vw5Np/hzwT4D0W5tLTxH8TviT4i+0J4W8CaBcXuba1mvvsl/q+tapJFdjQPCmi+IfEP9n6l/ZQ0+6AP8/DWP+DnP/gvf+2d8QPFL/sVfC2Hw/oOgs2ov8O/2b/2Wrv8AaJ1nwz4dkluptOm8a674o8L/ABP1K4u5LOyuUvNbt9J8JaVfPaX11Y6JpaRtBbgHxr/wRM/4Kp6d+w3/AMFhviX+1V+23oevG7/abm+MXwv/AGhvEsGl23hPUvhR4++NPxl8I/ETxf8AEXXPAzadYrDpPhvx14TuLLxd4QsYtFvvDuianqt9pVne33h218LauAf64drdW19bW97ZXEF5Z3kEN1aXdrNHcW11bXEaywXFvPEzxTQTxOssM0TvHJGyujMpU0AT0AFABQAUAFABQAUAFABQAUAFABQAUAFABQAUAFABQAUAFABQAUAFABQAUAfgz/wcXft//tG/8E2v2ANG/aG/Ze1jwxofxKvf2hfhz8OZ73xb4V0/xhpZ8M+JfDPxC1TVIV0nUmS3W7ku/DmmNFdg+ZCiSovErUAfwu/8Rc//AAWZ/wCij/A3/wAML4R/+P0AfRf/AAa6/HHx9+0x/wAF8Pib+0J8VLvTr/4k/Gj4P/tKfEnxze6RpsGjaXdeKPF3iDwhrOsz6fpNsTb6daSX11M0FnCTFbxlY0JUA0Af6ftABQAUAFABQAUAFABQAUAFABQB/Cx/wdQf8EIP+Fl6P4u/4Kd/sg+DN3xD8N6bJrH7XXwu8NWOZPHXhfSrUfaPjz4b0y0j3P4v8Lafbr/wtGxt0I8SeGLYeNgsOueH/Ek3ikA+O/8Ag1j/AOC7/wDwp7XvCn/BMz9r3xls+E/i7V10r9lH4oeJL/EPw08Za3eFovgp4k1G7lCw+BPGeq3LN8Pr+aRR4T8X3reGpjJ4d8Saa/hEA/0a6ACgAoAKACgAoAKACgAoAKACgAoAKACgAoA/JHQP+U73xa/7RI/s8/8ArY37T1AH63UAFAH/0f7+KACgAoAKACgAoAKACgAoAKAP8hj/AIOnf+U5v7Zf/YM/Zr/9ZV+CdAH95n/Bq1/yg4/ZC/7Dv7SP/rTvxgoA/oboA/zzvG3x8/4OHPhj+2b/AMFNPD3/AASr+FOt+Nv2bp/+Civ7ROq69q+nfCf4R+OYI/i1cx+D7fxNYtrHjtDrMMsPhqz8Fytp8JOnwpcJPDie5uQoBb/4bB/4PSP+jefFX/iOn7N//wAboAP+Gwf+D0j/AKN58Vf+I6fs3/8AxugA/wCGwf8Ag9I/6N58Vf8AiOn7N/8A8boAP+Gwf+D0j/o3nxV/4jp+zf8A/G6AD/hsH/g9I/6N58Vf+I6fs3//ABugA/4bB/4PSP8Ao3nxV/4jp+zf/wDG6AD/AIbB/wCD0j/o3nxV/wCI6fs3/wDxugA/4bB/4PSP+jefFX/iOn7N/wD8boAP+Gwf+D0j/o3nxV/4jp+zf/8AG6AD/hsH/g9I/wCjefFX/iOn7N//AMboAP8AhsH/AIPSP+jefFX/AIjp+zf/APG6AD/hsH/g9I/6N58Vf+I6fs3/APxugA/4bB/4PSP+jefFX/iOn7N//wAboAP+Gwf+D0j/AKN58Vf+I6fs3/8AxugA/wCGwf8Ag9I/6N58Vf8AiOn7N/8A8boAP+Gwf+D0j/o3nxV/4jp+zf8A/G6AD/hsH/g9I/6N58Vf+I6fs3//ABugA/4bB/4PSP8Ao3nxV/4jp+zf/wDG6AD/AIbB/wCD0j/o3nxV/wCI6fs3/wDxugA/4bB/4PSP+jefFX/iOn7N/wD8boAP+Gwf+D0j/o3nxV/4jp+zf/8AG6AD/hsH/g9I/wCjefFX/iOn7N//AMboAP8AhsH/AIPSP+jefFX/AIjp+zf/APG6AD/hsH/g9I/6N58Vf+I6fs3/APxugA/4bB/4PSP+jefFX/iOn7N//wAboAP+Gwf+D0j/AKN58Vf+I6fs3/8AxugD+SP9vnxn+2j4l/b3+K3jb9urw9Jon7Zl34y8B6n8U/DfjDw34V8Pw22t2fg/wYvgmy1Xw1pwh8IWuiTeCLbwiYrVcaTc6LLDLdu0U8zsAf1sx/tg/wDB6KUQxfs9eJzGUUxmP9nX9m0oUIGwoVj2lCuNu3jGMcUAfxPnUvjNL+0idYt7PUI/2hZPjedSg0+wsLNdVj+Mz+PPtUdnZaZArWA1BfG5ENtYQq1mLkJbxqYQAwB/bH/w2D/wekf9G8+Kv/EdP2b/AP43QAf8Ng/8HpH/AEbz4q/8R0/Zv/8AjdAB/wANg/8AB6R/0bz4q/8AEdP2b/8A43QAf8Ng/wDB6R/0bz4q/wDEdP2b/wD43QAf8Ng/8HpH/RvPir/xHT9m/wD+N0AH/DYP/B6R/wBG8+Kv/EdP2b//AI3QAf8ADYP/AAekf9G8+Kv/ABHT9m//AON0AH/DYP8Awekf9G8+Kv8AxHT9m/8A+N0AH/DYP/B6R/0bz4q/8R0/Zv8A/jdAB/w2D/wekf8ARvPir/xHT9m//wCN0AH/AA2D/wAHpH/RvPir/wAR0/Zv/wDjdAB/w2D/AMHpH/RvPir/AMR0/Zv/APjdAB/w2D/wekf9G8+Kv/EdP2b/AP43QAf8Ng/8HpH/AEbz4q/8R0/Zv/8AjdAB/wANg/8AB6R/0bz4q/8AEdP2b/8A43QAf8Ng/wDB6R/0bz4q/wDEdP2b/wD43QAf8Ng/8HpH/RvPir/xHT9m/wD+N0AH/DYP/B6R/wBG8+Kv/EdP2b//AI3QAf8ADYP/AAekf9G8+Kv/ABHT9m//AON0AH/DYP8Awekf9G8+Kv8AxHT9m/8A+N0AH/DYP/B6R/0bz4q/8R0/Zv8A/jdAB/w2D/wekf8ARvPir/xHT9m//wCN0AH/AA2D/wAHpH/RvPir/wAR0/Zv/wDjdAB/w2D/AMHpH/RvPir/AMR0/Zv/APjdAB/w2D/wekf9G8+Kv/EdP2b/AP43QAf8Ng/8HpH/AEbz4q/8R0/Zv/8AjdAH4J/8Fr/2mv8AgtP8V5fgP8M/+CuGgeI/AMegJ4y8dfB/wjfeAPAXw803Wn1VtG0DxD4jntvh7HHY+Ib7SV0220zT59Yee78Pwarqkemraw+INQN6Afb/APwTA8X/APByx+zb+yX4L03/AIJ0fsy3o/Zu+JN3qXxO0DxlpHwP+Bniq6+Il5r9w1tP4l1XxX4pa48Sa1LBFp8Wh2CanMo0nTdLttLtra2itilAH81f7TurfGHX/wBpT9oXXf2h7CXSvj/rXxx+LOrfHLS59P07SZ9N+MOpePdfvPiZYTaVpAGk6ZLZ+NZtbt5NP0sDTrJ4zbWQFtFEKAP6uP2IP22v+Dr7W/2TPgO/7JHwz8Y/En9mvRPAWn+Cfg14zuPgn8EvFMuq+Cvh7cXfgSwtz4i8XQr4k1lNFl8OT6FFqGreZc3EWmo4nuITHcSgH1T/AMNg/wDB6R/0bz4q/wDEdP2b/wD43QAf8Ng/8HpH/RvPir/xHT9m/wD+N0AH/DYP/B6R/wBG8+Kv/EdP2b//AI3QAf8ADYP/AAekf9G8+Kv/ABHT9m//AON0AH/DYP8Awekf9G8+Kv8AxHT9m/8A+N0AH/DYP/B6R/0bz4q/8R0/Zv8A/jdAB/w2D/wekf8ARvPir/xHT9m//wCN0AH/AA2D/wAHpH/RvPir/wAR0/Zv/wDjdAB/w2D/AMHpH/RvPir/AMR0/Zv/APjdAB/w2D/wekf9G8+Kv/EdP2b/AP43QAf8Ng/8HpH/AEbz4q/8R0/Zv/8AjdAB/wANg/8AB6R/0bz4q/8AEdP2b/8A43QAf8Ng/wDB6R/0bz4q/wDEdP2b/wD43QAf8Ng/8HpH/RvPir/xHT9m/wD+N0AH/DYP/B6R/wBG8+Kv/EdP2b//AI3QAf8ADYP/AAekf9G8+Kv/ABHT9m//AON0AH/DYP8Awekf9G8+Kv8AxHT9m/8A+N0AH/DYP/B6R/0bz4q/8R0/Zv8A/jdAB/w2D/wekf8ARvPir/xHT9m//wCN0AH/AA2D/wAHpH/RvPir/wAR0/Zv/wDjdAB/w2D/AMHpH/RvPir/AMR0/Zv/APjdAB/w2D/wekf9G8+Kv/EdP2b/AP43QAf8Ng/8HpH/AEbz4q/8R0/Zv/8AjdAB/wANg/8AB6R/0bz4q/8AEdP2b/8A43QAf8Ng/wDB6R/0bz4q/wDEdP2b/wD43QB+V/8AwWB+P3/BxP8AEz9k/TvDn/BUv4T654K/ZnT4ueD9SsNY1H4SfCDwRbt8T7XRfFsXhWyGs+BkGtNJNpNz4nkWyY/YpxC0k+ZIYKAP5faAP1A/4JFeP/8Agon8Nf2uYvEn/BL/AMJ33jP9p8fDPxrYR6Np/hHwh41uD8PrqXRT4tuv7F8bhtE2QSxaQGuyPtcHmAW+RI+0A/qS/wCGwf8Ag9I/6N58Vf8AiOn7N/8A8boAP+Gwf+D0j/o3nxV/4jp+zf8A/G6AD/hsH/g9I/6N58Vf+I6fs3//ABugA/4bB/4PSP8Ao3nxV/4jp+zf/wDG6AD/AIbB/wCD0j/o3nxV/wCI6fs3/wDxugA/4bB/4PSP+jefFX/iOn7N/wD8boAP+Gwf+D0j/o3nxV/4jp+zf/8AG6AD/hsH/g9I/wCjefFX/iOn7N//AMboAP8AhsH/AIPSP+jefFX/AIjp+zf/APG6AD/hsH/g9I/6N58Vf+I6fs3/APxugA/4bB/4PSP+jefFX/iOn7N//wAboAZJ+17/AMHosqPFL+zt4nkjkRo5I5P2cv2bXSRHBV0dGiKsjKSrKwIYEggg4oA/lp/bU/4Jrf8ABSX9n2w8W/tP/tTfsXeNvgD4E8V+PfM1nxDpXg3QvDfw08P+LPGN5d31tp+naJ4P1C/0jwLo+o6ktxDommW1tpHhnTrmaz0DQobKJ9J0tQD/AEDv+DXH/gsbqH7fn7OGo/srftBeMH1z9rX9l/Q7BYte1u7E/iH4z/ApJrXSPDvjy8uZXFxrHi3wNfT2Pgn4g6hKkl3fpdeCvFOqX2pa54q1qaAA/qxoAKACgAoAKACgAoAKACgAoAKACgAoA+Rfi/4k/bz0zxteWnwD+C/7IvjX4cLZae+n698X/wBpv4y/DDxtPqL2ytqsF54S8F/skfF7QrWytrvdFp93D41vJ762Cz3Nlp8jG3UA/Ob9nDVP2hNW/wCC2vxruP2kfA/wa8A+Nk/4JY/AKHSNI+CHxU8b/F3wtdeFl/a1/aKez1LUfEXj34OfBHVrHxBLq0mtWtzott4W1HTrfTrTS76LX7m51G607SwD906ACgD/0v7+KACgAoAKACgAoAKACgAoAKAP8hj/AIOnf+U5v7Zf/YM/Zr/9ZV+CdAH95n/Bq1/yg4/ZC/7Dv7SP/rTvxgoA/oboA/Hj/gkP/wAhX/gq3/2mH/a5/wDUM+BlAH7D0AFABQAUAFABQAUAFABQAUAFABQAUAFABQAUAFABQAUAFABQAUAFABQAUAFAH8Rv/B0f/wAEGfjL+154z0T9v39iX4et8RPi7Y+ErPwf+0b8IfDfkJ44+IekeE7VLbwR8S/BWmzNF/wl3izQPD0I8FeIvDNncSeI9Y8PaP4Ij8KaTql3pepW04B+DXw2/wCC/f8AwcE/s1/BnSv2P28C+JX8SeDvD0fw/wDC3i74sfsteNtT/aL8I6ZpVrJpWlackmrwWGm63q3h+1e0s7O/8c+A/E+st9gsf7WutRnNw9wAc5/wa6fsK6L+2l/wVVuvHvx7e6v7P9kPS779o/xB4R8TWt1Lq/jH4w6b420zRPBdp4lgvo0nhXw1451WTx3riX+64u9Y8K2GiX9jcWeq6mbcA/1eqACgAoAKACgAoAKACgAoAKACgAoAKACgAoAKACgAoAKACgAoAKACgAoAKACgD+SL/g7i/wCCafxC/bG/ZC+Gv7UHwT0DW/GHxO/Yw1DxpqXiXwL4d06XU9X8VfBL4jReGj461fTbCzguNR1LVfhvqng3w94mSxtU2R+ELvx7qLia4srSCUA/A3/giX/wdL+GP+CeP7J+ifsfftU/A/4kfFjwV8Lb3xDL8F/Hnwm1PwxN4o03w54l1fVvE9z4F8WaB4z1jw5ZXVhpPiXVdQl0LxFYeIXubPRNSTRG0F4dCsZbsA/nJ8V+HPiZ/wAFQf8Ago58WP8Ahmn4ZeJdb8c/tk/tUfF34h/D/wCHxQahqug6f8WfiX4l8dIPFOoabFNY6fpXgvRNZkvvGfiZgmi6LpWk6nrV3PDp1q8qgH+y7+w/+y7oH7FP7In7O/7KXhrVZdf0z4FfCvwv4Cl8RTQJaSeJdb02yWXxP4lNmmVsh4i8S3Ora0lkGkNml+ts0szRGVwD6ooAKACgAoAKACgAoAKACgAoAKACgAoAKACgAoAKACgAoAKACgAoAKACgAoA8n+MnwF+Bv7RfhGP4f8A7QfwY+E/x28Bw6xZeIYfBPxk+HXg/wCJ/hGLX9OgvLbT9cj8N+N9H1zRo9YsLbUb+3stTWyF7awX15FBMkdzOrgHyx/w6e/4JZf9I0/2AP8AxDf9nT/529AH8WH/AARi8E+Dfhv/AMHX/wC3f4A+HfhHwx4C8CeDtS/bc8OeEPBXgvQdK8LeEvCvh7SfiNoFnpeg+G/Dmh2lho2h6NptpFFa6fpemWVrY2dtGkFtBFEiooB/onUAFABQAUAFABQAUAFABQAUAFABQB4n+0f+z38K/wBq/wCBPxU/Zx+NvhyHxX8LPjF4O1XwV4x0aQpHObDUowbbVNJu3imOmeIfD+pRWWv+GdahQ3eieIdM0zV7Jku7KB1AP8gn4h+EP2r/APg3i/4KywrpN7K3xB/Zx8eW/ijwPrs8d1pvhT4/fAbxR9qgs5L2KFpVl8LfFDwNPqXhjxXZWc95P4U8Spr+lWt7H4j8Kpd2oB/rj/sbftZ/CP8Abl/Zm+EP7VHwP1f+1Ph58XvClp4gsLeaSFtW8NaxE8un+KPBPiOK3eSK18T+CvElnqnhjxBbxvLAup6XcSWc9zZSW11OAfTdABQAUAFABQAUAFABQAUAFABQAUAFAH5I6B/yne+LX/aJH9nn/wBbG/aeoA/W6gAoA//T/v4oAKACgAoAKACgAoAKACgDzf4i/GT4Q/CCxGqfFr4q/Df4XaY1tdXo1H4i+OfDHgmxNnYqHvbsXfiXVNMtzbWaENdTiXyoFIMzoMGgD/HW/wCC+/7Tfws/a+/4K5ftjfHT4J+J9N8a/CvW/FHw/wDB/g/xho0q3Oi+Kbb4U/B74e/CvVfEGh38bPBqug6t4h8G6vfaBrFqzWeraLPY6jZvLa3UMjAH90//AAaiftsfsxXf/BKP4Vfs9az8cfhX4U+MXwS+IXxl0TxP8OfFfjrw14Z8ZGw8bfFDxL8S/DniKw8Pa5qtjqmq+HtUsPGy6faa5p1pPpr6tpWraT55v9NuoUAP6yqAPx4/4JD/APIV/wCCrf8A2mH/AGuf/UM+BlAH7D0AFABQAUAFABQAUAFABQAUAFABQAUAFABQAUAFABQAUAFABQAUAFABQAUAFABQAUAf57H/AAaY/wDKWr/gqh/2Knj/AP8AWloaAP8AQnoAKACgAoAKACgAoAKACgAoAKACgAoAKACgAoAKACgAoAKACgAoAKACgAoAKACgD8tvjp/wRN/4JQ/tI+MdS+IPxe/YU+A+ueNdbvJtS17xL4d8P3/w41XxDqlzObm71bxHcfDTVfCB8Q6teTs0l9qmtC+1C9Zm+1XMoYqwB/Hl/wAG3/w/8G/Cn/g5P/4KdfC74eaDZ+F/AHw08J/t2+AfAvhmwa4ksfDfg/wd+2l8JPDnhnQrGS8nubtrXSND0+z063e5ubi5aCBTPPLIzuwB/orUAFABQAUAFABQAUAFABQAUAFABQAUAFABQAUAFABQAUAFABQAUAFABQAUAFABQAUAf57H/BJb/lbs/wCCif8A2Nf7df8A6s/Q6AP9CegAoAKACgAoAKACgAoAKACgAoAKACgD+ab/AIOZP+CRS/8ABR39j6b4wfCDw0NQ/a4/ZU0nXPF3w7h021D6z8Uvht5f9pfED4OsIEa51PU7i3tD4r+HNoUup18Y6bN4c0xbJPHesXlAH8pP/BqR/wAFdW/Y4/aXk/Yc+OPiY2P7N37Vnimxg8E6jrN2YdK+E/7Rl5Ha6L4f1AyTOI9O8P8AxZgt9N8C+JHdGjtvElp4D1aaXTdLtPEd5cAH+ofQAUAFABQAUAFABQAUAFABQAUAFABQB+SOgf8AKd74tf8AaJH9nn/1sb9p6gD9bqACgD//1P7+KACgAoAKACgAoAKACgAoA+dPjh+x9+yT+05qGgat+0l+y3+zp+0JqvhSzvdO8Lal8cPgl8M/ixqHhrT9SmhudRsdAvPHvhfxBcaPZ39xbW9xe22nS28N1NBDLPG7xIygHhf/AA6e/wCCWX/SNP8AYA/8Q3/Z0/8Anb0AOT/glB/wS1jdZI/+Cav7ASOjK6On7HP7Oyujqcqysvw3DKykAqQQQRkEdaAPv2gD8eP+CQ//ACFf+Crf/aYf9rn/ANQz4GUAfsPQAUAFABQAUAFABQAUAFABQAUAFABQAUAFABQAUAFABQAUAFABQAUAFABQAUAFABQB/nsf8GmP/KWr/gqh/wBip4//APWloaAP76/iD8U/hh8JdJtNe+KvxH8B/DLQtQ1GPSLDWviD4v8AD3gzSb3Vpba6vYtLtNR8R6jptnc6jJZ2V5dx2UM73L21pdTrEYoJXQA8h/4bV/Y2/wCjtf2Zf/D8/Cz/AOaugByftp/scOyon7Wf7M7u5CqifHf4WszMeAqqPFZJJPAAGT0GOKAPaPB3xC8AfESwfVfh/wCOPB/jrTI2CSal4O8TaL4nsI3OcI95ot9fW6sSpwrSAnacDg0AdhQBj+IPEOgeE9F1LxJ4q1zR/DPh3RrWS/1jX/EGp2WjaLpNjDgy3mpapqM9tY2NrECDJcXVxFCmQWcZFAHyB4Q/4KU/8E7PiB4xh+HngX9vL9jfxl47ur630uy8H+F/2mfgxrviTUdTurj7JDpmmaPpnjO5vtT1FrsramxsIbi6juXit5IlmkRHAPtegAoAKACgAoAKACgAoAKACgAoAKACgAoAKACgAoAKACgAoAKAP89r/ggF/wArRv8AwVz/AN//AIKJf+t2/DCgD+3v9r79rTwx+xp8MLX4seMPhH+0Z8X/AA9L4gi0LUdK/Zp+C/ib43+LPDds+j6xrM3irxN4c8LA3ui+C7GHR5LTUvE11t06w1G/0u1uXT7cjqAfgrL/AMHgX/BICCWSGa8/aehmhkeKWKX4GxxyxSxsUkjkjbxkGSRGBV0YBlYEEAgigD1Twf8A8HRv/BOv4g+FdV8d+BfhZ+3f4y8CaDdtY6/438KfsmeK/EvhHQruOOGaW21nxFoesahpWnXEUFxbzyW91cxzrDPFIYysse4A9O+A/wDwc2f8EZfj1r9h4Tsv2sIPhT4k1O5S1s7L47eAPHfwt0fzHlWEG98e61oT/DXR0EjqGbWvGWnBVJkOEjmZAD94dH1jSPEOk6Zr+garp2uaFren2eraNrWj31tqek6vpWo28d3p+p6ZqNlLPZ3+n31rNFc2d5aTS21zbyxzQyPG6swBo0AfCv8AwUU/4KHfs9f8EyP2afEf7TX7RWqal/wj2najp/hvwj4K8Mrp1147+JvjfWDK2l+DfBOmapqGl2d7qj2ltqGs6lcXd/Z2GjeH9J1bWL65S3smVgDxX/gk7/wVn+C//BXb4QfEr4yfBL4cfFD4a6F8MfiSvwy1fS/inF4Ui1a/1ZvDGieKhf6cPCXiTxLZnTvseuW9uTdXVvc/aYZh9n8rZI4B+qlABQAUAFABQAUAFABQAUAFABQAUAFABQAUAFABQAUAFABQB/m3/sN3H7Q9p/wdHf8ABUC4/ZU0r4N638eIvFP7aj+BtK+P2t+NPDnwovSPjX4R/wCEgh8T618PdD8SeLbFz4Z/tltEk0zRrxH19dLi1AQ6a95cRAH0d+17/wAHX/8AwU1/Yb/aK+JX7Lf7Q37CP7Lfhr4s/CvU9PsPEVlpvjb4ma1ot7aa3ommeJvDuvaDrFtr0cOp6H4h8OazpWtaZdeVBcC2vUt7+0sdRgurK3APuX/gnD/wW0/4Lb/8FTPh/wDEz4o/stfsI/sQyeCPhb4lt/Besa18Rfi/8T/BkOteMZtGtvEE3hnwyoutXa+1Kw0fUNIvNRmvjpmmWaa1pYkvi87qgB4v8Yf+Drv9sD9gv9ojVf2cP+Cjv/BLjT/h94w0WPTtT1B/hj8cpo5Lvwpq3nf2Z4y8D/214T8UeE/iN4f1J7W9trK+0nxzpdguoWWp6Pe6haazo2qafbgH9QH/AATn/wCCnH7Jv/BUf4M3Xxl/ZZ8YajqMPh6/tNF+Ivw68YadB4f+Jvwt1+/gmutP0nxt4dt7/VLOKPVbW2urjQ9f0LVdb8L66lnqMOk65eXmk6va6eAfoLQB+Bf/AAUZ/wCDjn/gnl/wT28Tar8IX8SeIf2mv2ldN1JdBuvgT+z9b2XiPUPDviGSVIItH8eeN7q5tvB/hfU1u2+w3nhuwvPEvj3T71o4bvwWglR2AJ/2av2jv+C8H7Xt/wCC/iTe/sjfsd/8E+/2ePEeoaNrNz4d/aT8TfFz41ftS3PgSe8gmuU0/wAE+BLj4W+G/CXifU9JS4EVr8Srfw7qPh+4urc6j4VvnikhoA/e2gAoAKACgAoAKACgD/LV/wCDqb/gkbJ+xF+1JF+2f8DfDb6b+zN+1f4q1HUtbs9Gtjb6V8I/2irlbrXvE/hqFYEWLS9A+JENvqPxA8FxRuIrbU4PHeg2NrpukeHtDhuAD+uz/g2u/wCCuUf/AAUq/Y4tvh18WfEiX/7XX7Lmn6F4J+LLahdK2sfE3wU0DWXgD41RpK5mvrvXbSxk8P8Aj+4jaeSLx1pN3rN7Hpll4w8PWkoB/R9QAUAFABQAUAFABQAUAFABQAUAFAH5I6B/yne+LX/aJH9nn/1sb9p6gD9bqACgD//V/v4oAKACgAoAKACgAoAKACgAoAKACgAoA/Hj/gkP/wAhX/gq3/2mH/a5/wDUM+BlAH7D0AFABQAUAFABQAUAFABQAUAFABQAUAFABQAUAFABQAUAFABQAUAFABQAUAFABQAUAf57H/Bpj/ylq/4Kof8AYqeP/wD1paGgD+7n4+/s0/s9ftVeBj8M/wBpT4J/C/47eAlvxq9r4W+Kngnw/wCNtJ0zW0sL7TIfEGiQa9Y3raD4jtNP1TUrOx8RaK9hrdhBf3cdlfwC4l3AH+LB/wAFO/gJ4J/Zc/4KHftn/s+fDSzm034c/Cj9oz4peE/AOlXF5cajNo3gu08T30/hfRZNQvHlvL5tG0S4sdL+2Xk095dfZBPdzzXDvK4B/eD/AMG5P/BH/wD4Jt/tP/8ABIf4P/GH9on9k34ZfGT4nfF7xh8bJvF3jjxraajdeJ4rbwn8W/F/gDQdK8N65p+oadqvhbTLLQvCmnOINCvbGSXUrjUb6aZ5LvYoB/Jz/wAFs/2MdW/4It/8FQvEPgX9kv4kfE74XeDfEHgvwf8AHr4BeIfDXj3X9E+IXgvwd4z1HXdHu/DSeNdCvdM16eDwv8QfBHjDR9Bvbq8m1e48OadoUut3+qax9t1S7AP7V/8Ag2l/4LS/Ej9uz9kb9obw9+15rl54u+Mv7Eml6L4j8SfEnTdAub/xT8Tvgxrmg+KdR0bWdT8NeGdOluvEvxD8NXPgTxJouszeH9M/tLxVDdeEpn0y98Uahqd9qgBV+Kf/AASV/am/4LvaVZ/tB/8ABRP9o/40fsl/s8+K0i8Sfsyf8E//AIPQaHZ6l8NPAd3C8/hDxv8AtH6t4lstX0bxF8cfFGnvY+Ide8PS+Gb65+Hkd/N4V0/XtEnbUtB0YA/if/4Ln/8ABFDxj/wRx+MXwz0m1+JR+MnwJ+PGleK9U+E3j+90W38N+KbPVPA93okXjHwP4z0Ozv8AUbNdX0C18VeFb6z8Q2Etrpfimy1h5rPTNLu9M1XTLIA/r3/4M6f2/wD47ftO/s6/tG/sv/G7xV4g+Idr+yTqPwpvPhT408S3Fxq+u2Hw/wDixF8Qol+HmqeIbuea+1Gw8Jat8Pbq58IpqbXF5YaLrc/h+0uxoPh7RtN00A/suoAKACgAoAKACgAoAKACgAoAKACgAoAKACgAoAKACgAoAKAP89r/AIIBf8rRv/BXP/f/AOCiX/rdvwwoA/0JaAP8UX/gtX4Z0Xwh/wAFav8Agohofh+wttL0qL9rH4wajBYWUENraW02veKr3Xr9Le2gSOGCJtQ1O6dI4kRED4AGKAP9Iz/g1MsbK0/4IhfsuT2tpa20+p+MP2jL7UpoIIoZdQvY/wBoX4labHd3skaK91dJp2n2Fgk85eVbOytLUOILaBEAP4pf+DtH9lT4cfsx/wDBV6/1r4W+GdK8I+Hv2lvgZ4E/aD13QtA0y00fQbT4g6r4r+IPw68a3Wn6fYxw2sN14kvvhxbeNvEEscMbX/iTxVq2pz77m9nkcA/ev/gyr/bG+J3xC+Fv7Vn7GnjvxHqniPwX8C5/h58UPgvFqt5NfP4Q0b4h3fi3R/H/AIR0x7kySWXhpdd0Lw74i0fSLeRbGy1jXvFd5DbxS6pMzgH9tPxH+I3gX4QeAPGfxU+J3inR/A/w7+HfhnWvGXjbxf4gu1stF8N+GPD1hPqms6xqVy3+rtbGxtpp5AivNJtEUEUszpGwB/k9/wDBxh+13+1D+3N8Wf2e/wBp/wCJmi6t8Nf2SPi34U+Ieq/sFfCHXJbuz8Sj4I+HvFNj4cuvjp438PNDHaaZ4n+PGq2qeItPYT3VwPBOl+FbC2mvdAstD17XwD+nD/gyU/5MU/a3/wCztIv/AFT3w9oA/tIoAKACgAoAKACgAoAKACgAoAKACgAoAKACgAoAKACgAoAKAP8APY/4JLf8rdn/AAUT/wCxr/br/wDVn6HQB+Q3/B2pDFF/wWn+NLxxoj3Hwm/Z+mnZVAaaVfhjo1uJJCOWcQQQxBjk+XFGvRQFAP6ff+DJ7/lHJ+01/wBns+Jv/VFfAqgD4K/4PjvAfhq08S/8E4/ifbWllB4w8QaH+054D1q+CY1HVfDXhC/+B/iDwzaPIPvWWgap448WzRox+SfxLKyZ8x6APgD/AIMy/HnjXQf+CpPxH8C6Jc3sng3x/wDsnfESfxzpcbk6cH8IeN/hvqHhfxDdwZCm80rUb+60SwusM8EPivUbdQEvZGUA/ZH/AIOlv+C83jn9nHUdS/4Jufsb+Mbnwn8WNb8MaZqX7S/xo8LatNZeKfhpoPii1GoaN8I/BGoWLx3nh/xv4n8Oz2PiHxb4ntpor/w/4S1zRdN0GVNa1zUb3w6AeW/8GhH/AASR8GX/AIMuf+CrXx40OHxP4v1nxJ4s8F/sp6Lr1gl5p/hmx8OX0mgePPjhE94kv23xZqXiaDX/AAD4Tu1Eb+GrbQfFupJJeX/iDTbjQQD+9igAoAKACgAoAKACgAoA+Vv22v2P/hH+3n+y98X/ANlP426b9t8C/FnwvcaO2pQQQTax4P8AEls6aj4R8eeGnuAY4PEngrxJa6b4i0dpM21xc2H2DUI7jTLy9tbgA/ySvgx8SP2q/wDg3l/4Kx3L+ItMuV8d/s8+O7vwL8VvCVrPcWPhv47fAjxM9jd6hDps9ymyfw58R/BkmjeOPAOqX9vK2geIY/Cmu3mnpq3h+TT4AD/X+/Z++PHwv/ag+Cfww/aE+C3iW28XfCz4v+DtG8ceC9ettqNc6RrNsJvsmoWod5NM1zSLoXGj+IdGuSt9oeu2Go6PqEUN9ZXESAHsFABQAUAFABQAUAFABQAUAFABQB+SOgf8p3vi1/2iR/Z5/wDWxv2nqAP1uoAKAP/W/v4oAKACgAoAKACgAoAKACgAoAKACgAoA/Hj/gkP/wAhX/gq3/2mH/a5/wDUM+BlAH7D0AFABQAUAFABQAUAFABQAUAFABQAUAFABQAUAFABQAUAFABQAUAFABQAUAFABQAUAf57H/Bpj/ylq/4Kof8AYqeP/wD1paGgD/QnoA/xZP8Aguh/ymA/4KJf9nQ/Eb/0vjoA/wBHf/g1T/5Qe/snf9jN+0f/AOtJfFagD+OT/g8X+Nfgj4qf8FXvD3gvwdqlhq998Af2XPhp8K/H8tjLDcnTvHeo+Nvif8UrnQp7iEsvnab4W+IvhN7m1ZzJY395e20yRXKTRqAfsp/wZRfsjfErwT8NP2tP2yPGOh6noPgP403Xw/8AhN8H5tQtbuyXxjafDi+8W6t8RPFOmrcLFHqPh+z13W9A8L6ZrNotxaza9o3jLSkuEudGvYaAP7bPif8AFj4XfBLwXq/xI+MnxG8C/Cj4feH4hNrnjj4j+LNC8E+EtIjbOw6j4h8R32naVaGQqyxLNdK8zjZEruQtAH+Xf/wdI/8ABYD4Gf8ABSr45fBP4Qfss6tc+Mvgb+y1bfEGSf4ri1v9L0f4o/Eb4jN4St9am8L6Vq1jZapJ4S8Fab4LtNL0bxHdw2g8SalrXiS606yl8P2+h63rQB/X1/wa7fAH9g34LfsC3+t/sa/H7TP2lPG3xM8UaVrv7TnxDOg3vgjxLofxDsNEC6H8LtT+HWsyP4h8HaB4C03UdSi8ONq0l6niy71bxH4y0rU59K120sdNAP6VaACgAoAKACgAoAKACgAoAKACgAoAKACgAoAKACgAoAKACgD/AD2v+CAX/K0b/wAFc/8Af/4KJf8ArdvwwoA/0JaAP8WT/guh/wApgP8Agol/2dD8Rv8A0vjoA/0EP+DZ/wDaQ/Z4+C3/AAQ3/Zfn+MXx5+DPwoh0nX/2jbrVZfiV8UPBHgZNNtn/AGivindJcX7eJ9c0sWkMlq6XCSXBiR4HWVWKMrsAfxVf8HIX7dvw7/4KZ/8ABUSbXP2Y7u7+J/w3+Fvw28Cfsz/DDxB4Y03Ub7/hamsaP4n8YeK9c1nwhpkdqdS1ez1Lxz8RdX8M+G7m1tZD4lsNE03VdKW4sdSsncA/sr/4NVP+CTnxf/4J8fs1/Fj46ftLeGL/AMA/HX9rK98Ez23ww1uKa28TfDT4TeAIPEEvhWy8Y6bNFDLoHjbxdq/i3W9c17w1P515oWj2fhKx1j+zvEaa7omlgHpX7X2rax/wWp/bwm/4Jo/DfVdRj/4J5fsW+K/DXjv/AIKW/ETQr24tNO+N/wAYdIvxq3w9/Ys0DWdPkQ3mnaRqemnW/i+bO636ZqGm3lnNNoHirwZ4bbxCAfzx/wDB7Ho+k+Hv2if2BtA0DTNP0TQtD/Z08eaPoujaTZ2+naVpGk6Z450yy07TNM0+0jhtLHT7CzghtLKztYore1too4IY0iREoA/T/wD4MlP+TFP2t/8As7SL/wBU98PaAP7SKACgAoAKACgAoAKACgAoAKACgAoAKACgAoAKACgAoAKACgD/AD2P+CS3/K3Z/wAFE/8Asa/26/8A1Z+h0AfkV/wdsf8AKaT4x/8AZIfgB/6rfTKAP1B/4Ngv+Csn7Mv7AH7DPx8+HXxj8JftIeMfGfib9qPX/H2jaR8Dv2f/AB78WLa50O6+Enwm8PwQz+IdCso/C+m6w+o+HtRB0nVNcsryO1NpeTJFa3ltLKAfL3/BX7WP+Cl//Bwx+1Z8PdX/AGWv+CcP7XHhf9nj4H+GNT8DfCJfiv8ADi7+Hn2/VfGOqWOreN/HHjfxl4suNK+F/hTVvEI0vwvpieGrXx1rMOmaJ4V02/n1Se51C6jtQD+o7/ggD/wRAi/4I4/CL4sfHv8AaI8R+HPF37VXxR8HCHxzP4Pnk1Dwh8IvhT4bz4qm+HfhvWr2x02717WNX1Wytdb+IGveXBol3qGgeGtI0CGWx8PS+I/EwB/lvftH/HHxb+0z+0B8a/2iPHkrS+Mfjf8AFPx38VPESmZ547TUvHPiXUvEU+m2juFK6fpX9oLpumwIkUNrp9pbW0EUMMUcSgH93X7YX/BNX/gsv/wTh/4JhfDv4+/s1/8ABWH4waroP7KXwY8D6748/Zg8DeBdE+DXhbwN4EsNJt7zxnqHgzVPCetz2HxBi8ATahc6p4nHxD8M/wBt+NdKsvEXjfVNck8QhNA1AAzP+DfP/g5x+PHxw/aF+H37Df8AwUS8TeHfHNz8XdQbwp8Ef2jn0bSvCni9vidqVxDH4R+GXxG0/wANWWleFNbsfGc7Hw14O8S6foWleIIfF1zomkeIH8Rx+Im1nQAD++igAoAKACgAoAKACgAoA/kg/wCDrT/gkT/w2X+zMn7bfwR8Mfbf2lv2T/C+oXHjHTNIs/N1j4r/ALO1nLda14k0YRRIZtQ8Q/Cm4uNT8eeF4kbzrjQbrx7otvbapq2peHra3APxV/4NFP8Agrv/AMKY+Kk//BMj47+J/J+Fvxu1+71/9mLWdYu8Wngn413483XPhilxdSCOz0L4vRQ/bvDdnHLFbwfE6zNhYWN3q/xMuriIA/0iaACgAoAKACgAoAKACgAoAKACgD8kdA/5TvfFr/tEj+zz/wCtjftPUAfrdQAUAf/X/v4oAKACgAoAKACgAoAKACgAoAKACgAoA/Hj/gkP/wAhX/gq3/2mH/a5/wDUM+BlAH7D0AFABQAUAFABQAUAFABQAUAFABQAUAFABQAUAFABQAUAFABQAUAFABQAUAFABQAUAf57H/Bpj/ylq/4Kof8AYqeP/wD1paGgD/QnoA/xZP8Aguh/ymA/4KJf9nQ/Eb/0vjoA/ry/4IO/8E1/2rv2p/8Agkn8APGHgX/grZ+19+yr8L/FGs/HCy074K/AnRfA+gab4U/sv42/ELRdXuNF8fQLY+PFuvEep2V74jup31RXsb/VZ4LLFtBbogB+jPwA/wCDR/8A4Jh/DPxn/wALK+O2uftCftj+O7rxFP4r1qb45/EW3tfCmv8AiCfUH1S41LXNC8BaL4W1zxJJqN+7XeuQeMPGHia0164kuBqtvPa3VxaOAf03eEfB/hP4f+F9A8D+A/DHh7wV4L8J6TY6B4X8I+E9G07w74Z8N6HpkCWunaNoWhaRbWel6RpdhbRpb2en2FrBa2sKJFDEiKq0AeZ/tCfs2fAP9rD4Zat8Gv2kvhH4F+NPwx1qeC8vfB/j/QbPXdMi1O0juIrHW9La4T7ZoXiHTY7u6XS/EWiXWna5pf2idtP1C2aVywB/A3/wXO/4NU/Bv7PPwj+I37ZP/BOO88VS+BfhtpV/40+K/wCy94p1LUPF+oeG/AulQSXXiLxf8IPGeoPc+JtW03wjp0L61r/gzxvd65rbaHba1rWleMbyaxsvCt0Afll/wagftOePfgb/AMFe/hB8LND1W/X4eftUeFviN8J/iZ4dSa6l07UD4f8Ah/4r+JngPXzpkcgtH1vw94w8HWdjZ6xNC9zpXhzxJ4vtbeWG31e+ScA/1n6ACgAoAKACgAoAKACgAoAKACgAoAKACgAoAKACgAoAKACgD/Pa/wCCAX/K0b/wVz/3/wDgol/63b8MKAP9CWgD/Fk/4Lof8pgP+CiX/Z0PxG/9L46AP7Wv+DdL/gkR/wAE1v2p/wDgkx+zf8d/2hv2P/hP8Wfi74s8QfHK38R+OfFttrl1qurweGfjr8RPDWhRXcUGt2+ntHpuhaRp2mwKllGDb2sXm73LyMAf1E/s+/sDfsSfspOlz+zf+yd+z78FtUTzN3iLwB8KfBug+LbjzAwYXvjC30geKb8BGaNBe6vOI4T5MYSIBKAPlT/guV+1p8U/2Hf+CVP7Xv7S3wTubTTvir4M8J+CfDPgrW7tPN/4RfVvi58WPAHwdPjCwiZZIZtb8H2fj668T+H4ruKewk13SdOXUba6sTcW8oB/GD/wTx/4Opv2Z/8AgnZ+yt8Pv2afhr/wTr8f65caJHc+Jvif8R9V/aU0M+KPjD8YfE4hvPiH8U/Ft3N8HLq8u9X8T6wmLOK9vr+bRPDtloXhuG9uLLRbV6APyC/4Lrf8FkPD/wDwWN+KnwG+I/h/4B6z8BIfgz8P/E/gm40nWPiHZfEKTX5PEPiO311NRhvLLwh4RXTktVg+zNbPb3jSs3miaMDYwB+n3/Bq7/wWB0D9kHxt4d/4J3X/AMCNY8d6t+2b+1j4SfTvirZ/ECz8P6d8P/8AhJfDfhnwKgvfCU3hPVrnxF9kl0VtSbyNf0fzkuBajy2jM7gH+nBQAUAFABQAUAFABQAUAFABQAUAFABQAUAFABQAUAFABQAUAf57H/BJb/lbs/4KJ/8AY1/t1/8Aqz9DoA/Ir/g7Y/5TSfGP/skPwA/9VvplAH9PP/Bk9/yjk/aa/wCz2fE3/qivgVQB/ZHQB5z8YfCN58QPhJ8UvAenSCLUPG3w58b+EbGVpjbrHeeJPDOp6NbSG4HMASe9RjMOYgN4+6KAP8FrUtNv9H1G/wBI1W0n0/U9KvbrTdSsLqNobqyv7GeS2vLS5ibDRT21xFJDNGw3JIjKcEGgD/cr/bR0TTPHv7Av7WPhy7hhn0bxn+yB8dtFubfakkE2m+Ivgx4psZYtrbkeJ7W7ZMEspQ9waAP8Vf8AY31TxLof7Xn7K2teDFd/GGj/ALSHwO1TwokQkaRvEun/ABO8L3ehLGsWZS51SG1CCIeYWwEyxWgD/dooAKACgAoAKACgAoAKAGuiSI8ciLJHIrI6OoZHRxtZHVsqyspIZSMEHBzmgD/Ji/4OPf8AglLrX/BLb9t2x+N3wD0/U/Cn7Mf7Q/iW++JvwR1fwu1zpkfwY+KelahBrni34V6fqOnG3k0F/DOrzW3i/wCGEkLWTxeEL+10nSpr2/8AA+u3sQB/ex/wQJ/4Ku6R/wAFUv2JdA8V+K9T0+P9p/4Iro/w2/aV8PQfZ7aa88SR2En/AAjPxVsNPh8tYPD3xY0rT7nWkEFta2OneL9P8aeGtPhay8P29zcAH7j0AFABQAUAFABQAUAFABQAUAfkjoH/ACne+LX/AGiR/Z5/9bG/aeoA/W6gAoA//9D+/igAoAKACgAoAKACgAoAKACgAoAKACgD8eP+CQ//ACFf+Crf/aYf9rn/ANQz4GUAfsPQAUAFABQAUAFABQAUAFABQAUAFABQAUAFABQAUAFABQAUAFABQAUAFABQAUAFABQB/nsf8GmP/KWr/gqh/wBip4//APWloaAP9CegD/Fc/wCC493bXv8AwV8/4KKTWsyTxJ+1T8UbRnQ5Vbmw1p7G8hPT57e7t54JB2kjYc4zQB/o7f8ABqbd21z/AMEQf2WoYJkll0/xf+0baXiIctb3L/tDfEu/SGT0c2d7a3AH/POeM96AP6LaAPmj9sT9rX4NfsLfs2fFT9qv4/6tqWj/AAp+EWi2ereIpND04av4g1O71jWtM8MeG/Dnh3SmuLOK/wDEHifxPrej+H9Ggu77T9PF/qUE2p6lpumxXl/bgH5N/wDBOb/g5J/4Jw/8FIvifB8DvAus/Ef4FfGbWJHj8E+Af2iNG8JeEZPiVMJpFTTPAHiLwt438beGNY8Sm38iZfCV9quk+JtQL3A8P6Zrlvp97dW4B+4nxM1/wN4U+G/xB8UfE+60mx+GvhvwR4r1/wCId7r6xNoVp4G0fQb/AFHxbda0s4aBtJt9At9Ql1JZlaI2aTCQFCwoA/zbv+DP7/gnb42+LX7ams/8FC9d8M6ponwI/Zl0nxx4Z+GWuarBcLB40+NHxE8Nal4Ll0bRblo4bTWbfwD8OPE3iO/8WXkJddL13XfBUSQtNezPp4B/pkUAFABQAUAFABQAUAFABQAUAFABQAUAFABQAUAFABQAUAFAH+e1/wAEAv8AlaN/4K5/7/8AwUS/9bt+GFAH+hGzKis7sqIilmdiFVVUZZmY4AUAZJJwBycYNAH+Jh/wWL+IXhP4q/8ABVD9v7x74G1nT/EXhHXf2qPi8NB8QaRdw3+k63Y6V4qvtEXVtJv7ctbX+l6jJpr3enX1s8lteWcsNzbSywypIwB/o6f8GlfxG8I+Mf8AgjF8GfCOga3p2oeIfhL8T/jx4Q8c6Ta3kE9/oGs678VvE/xG0m31OzQ+fZHUPC3jXRNRs/PULc28/mQswV1QA/pdoA+bv2uf2Tfgj+3H+z34/wD2Xf2jfDmoeLfg38TT4Ubxh4f0rxFrnhO/vz4K8a+HPiD4e8jX/Dd7p2s2H2XxR4V0W9l+x3cX2qG3ksrjfa3M8bgH4pf8Qn//AARL/wCjc/iB/wCJEfG//wCbOgD+MD/g59/4Jnfshf8ABM39oD9mLwF+yD4C1zwF4Z+Jfwd8U+L/ABfZ65478YeO5r/XdL8avo1ncwXnjDVtWurGOPT1ETW1nJFBI3710MnzUAfqF/waGf8ABNX9kb9pPwB42/bT+LfgPW9e/aD/AGYP2stDX4OeKrLx14v0PTPD40PwF4O8Wab9u8LaRq1p4e1/ydc1S8uX/tmwvPNjkW2l3wRpGoB/od0AFABQAUAFABQAUAFABQAUAFABQAUAFABQAUAFABQAUAFAH+bj+wz+0P8ABT9lP/g6Q/4Kf/Hn9of4iaF8KvhD4G8U/tqN4r8deJDef2Ro51/41+EfDOiRzpp1pfX00+qeINY0vSLG3tLSee4vr63hjjLPmgD8Jf8Agvf+218Iv+CgX/BUD4+/tE/APUr/AF74M3th8OfAvw+8TalpGo6Bc+KdL+H/AIA8P+HNS8SR6LrFrY6zpunav4ktdbutFg1izs9VbRW0+fULHT7uaWwtwD+gL/g02/4K6fsU/sW/BX9oj9lr9rL4w6X8DdZ8afGrS/i/8NfE3i3S9dk8H+KV17wT4c8DeIdBk8RaNpep2Xh/VtFl8FaJeoniWXSrLUrXWidLurmewv4IgD/RmoAKAP8AMX/4OXv+CDHxm/Z6/aF+Kn7ef7Lvw71z4h/ss/GrxBrPxL+Kuj+CdIudY1n9nv4keILq41fx1d69oGk2b3Ft8JfE+sz3vifQ/FdnEdG8I3mo6j4S8QrolnZ+Fb7xIAf0hL/wXb/YW8W/8EHtW+LPib9pH4QWXx/1T9iPXPhLrP7Py+PdAf4zXH7Rcvwpu/hpL4YsvhjNqa+O5tG1Xx466vaeJDo50mLwNdp4suNQGmQXFwoB/OZ/wbJf8EKPjv8AGn9pj4Q/8FAv2lvh14g+GX7M3wJ8Q6V8UfhDY+NtJu9C8QfHf4o6A8eqfDzV/C+iagltqafDjwVr6aZ43uvG1zajRvE2qaNpPhnw4Nct7rxPfeGwD/TZoAKACgAoAKACgAoAKACgD4K/4KX/ALAnwu/4KW/sdfFf9lH4oJb2B8W6aNZ+HHjZrNby/wDhj8WdAhup/Anj/TEGyc/2TqM0lhr1jaz2suv+D9V8R+GJLqC21u4kUA/ytP8Agnr+1t+0R/wQJ/4Kk6jH8VPDuuaSvw58aap8B/2uvhLbyvLF4v8AhpPq1qus6hoKytbWmsX+kLFpfxN+FHiCJ7ez177NpHlagvhfxRqa3YB/sGfDj4ieCPi78P8AwT8VPhp4l0vxn8PPiN4V0Hxv4I8WaJP9p0jxJ4V8T6ZbaxoWtadNhWe11HTby3uovMRJUWQJNHHKrooB2lABQAUAFABQAUAFABQAUAfkjoH/ACne+LX/AGiR/Z5/9bG/aeoA/W6gAoA//9H+/igAoAKACgAoAKACgAoAKACgAoAKACgD8eP+CQ//ACFf+Crf/aYf9rn/ANQz4GUAfsPQAUAFABQAUAFABQAUAFABQAUAFABQAUAFABQAUAFABQAUAFABQAUAFABQAUAFABQB/nsf8GmP/KWr/gqh/wBip4//APWloaAP7f8A9rv4W/tS/F34Y2vhT9kn9qvQP2PviI2vx3WrfFTXP2etA/aRll8L/wBj6xaXGh6J4N8UePfAehaRrEmsXej6vB4k1CbxBDbw6RcaY2gTjVDeWgB/Gp45/wCDJnxb8S/Gvi/4jePv+Csup+LPHXj7xPr3jTxn4p1r9i9rvWPEnirxRql1rfiHXtVum/a2LXGo6vq19d397OeZLi4lfjdigD9h/wDgln/wRH/bf/4JXLovw++GH/BWbTviD+zHL8TdO+IXjz9nzxZ+wvoSW2vRzXGlQ+NdP8FfEK7/AGldd8S/DPUvGGh6XHp76nptvrOh6ZqezxHJ4Q1TUPtq6gAf0mUAfMv7ZH7Jfwg/bp/Zm+Lf7KPx30/VL/4X/GLw9b6Jr7aFfJpniDSb3StY0zxN4Z8S+HtQlt7y3tde8K+KtE0XxHo73tlf6c+oaXbw6pp+oadLdWVwAfwb/Er/AIMlv2n/AA/44a+/Z8/bk+DOs+FrPVoNQ8P6x8SvCHxC+HHjjR0hmS5tZGj8EwfEPTp9W0uZUEGpWWqaSLyaBL6O10l3S0twD9/PhT/wRK/b3+MPwp0f4G/8FTP+CvPxp/ab/Z6tLKx03xD+zp8GvCHh74UWvxF0zS7uC7tdD+Lv7RrWP/C7fih4X1BoI01zRtVXStWvVhiceKhMqSRAH9Dvwg+D3ws+AHw08H/Bz4KeAfC/ww+FvgDSItC8H+BvBuk22i+HtC02J5JnjtLK1RA9zeXc9xqGp6hcmbUdX1S7vNV1S6utRvLm5lAPSaACgAoAKACgAoAKACgAoAKACgAoAKACgAoAKACgAoAKACgD/Pa/4IBf8rRv/BXP/f8A+CiX/rdvwwoA/t//AGuf2Lf2cv26vhnZ/B79p/wZ4h8e/Diy8QxeKF8N6B8Vvi98JkvdWh0jWNCRdZ1T4OePPh/rev6Q2ma7qcU3hzXNT1Hw7cTy299caVLf2GnXVoAflP8A8QuX/BCj/oxn/wA2Z/bE/wDogqAPa/gB/wAG/wD/AMEmf2WPid4T+Mf7Pv7Mvib4XfEXwV4j8P8AivQtd8P/ALUX7Xr27ax4X1SHWdFGveH9T+PeoeGvFukQX8CPdeG/Fmja34c1WBp7HVtLvbC5uLaUA/ZOgAoAKAPze/be/wCCRv8AwT0/4KOeLPBPjn9s39n3/hcnin4c+Hb7wn4N1T/ha/xv+Hn9j6BqWpHV72w+xfCr4leBtO1DztRY3H2rVbS+vY/9TDcxwfuqAPT/ANiT/gnl+x7/AME5/Ani74afsa/CD/hTngnx34tHjrxVon/Cf/FH4g/2r4qXR9P0Aap/aXxU8beONXscaTpVhafYdOv7PTv3Hn/ZPtMs80oB9pUAFABQAUAFABQAUAFABQAUAFABQAUAFABQAUAFABQAUAFAH+ex/wAElv8Albs/4KJ/9jX+3X/6s/Q6AP8AQnoAKACgAoAKAPn9f2Tf2WE8Y/8ACxE/Zo/Z/T4gfbf7R/4Tpfg18OV8Y/2gZjcm/wD+EnHhwa39tNwzT/avt3n+cxl8wuS9AH0BQAUAFABQAUAFABQAUAFABQAUAfxM/wDB3T/wSJ/4Xb8JoP8Agpl8CPDHn/Fb4FeH7bQv2mNG0e0zd+OPgfp7MukfEqS3tYzJe698H5p2t/EN5JG9xP8ADG9lvtQvoNK+G1haygHzJ/waA/8ABXVlku/+CVHx48TMySf8JD44/Y91zWLsny3VbzxJ8R/gZHNK/COq6r8SvAkBRQrr8QNLe8Yy+F9LUA/0AaACgAoAKACgAoAKACgAoA/JHQP+U73xa/7RI/s8/wDrY37T1AH63UAFAH//0v7+KACgAoAKACgAoAKACgAoAKACgAoAKAPx4/4JD/8AIV/4Kt/9ph/2uf8A1DPgZQB+w9ABQAUAFABQAUAFABQAUAFABQAUAFABQAUAFABQAUAFABQAUAFABQAUAFABQAUAFAH+ex/waY/8pav+CqH/AGKnj/8A9aWhoA/0J6ACgAoAKACgAoAKACgAoAKACgAoAKACgAoAKACgAoAKACgAoAKACgAoAKACgAoAKAP89r/ggF/ytG/8Fc/9/wD4KJf+t2/DCgD/AEJaACgAoAKACgAoAKACgAoAKACgAoAKACgAoAKACgAoAKACgAoAKACgAoAKACgAoAKAP89j/gkt/wArdn/BRP8A7Gv9uv8A9WfodAH+hPQAUAFABQAUAFABQAUAFABQAUAFABQAUAFABQAUAZ2saPpPiHSdU0DXtMsNa0PXNOvtH1rRtVs7fUNL1bSdTtpbLUdM1Kwuo5bW+sL+znmtbyzuYpLe5t5ZIZo3jd1YA/x4P+Csv7I/xF/4Inf8FbdWj+CFxqPg7w/4R+IPhP8Aam/Y+8UZubiOz8DXniaXxF4T0cz3ErS6tH8O/Fmi658NNZjv55JddtvC8l3qCNaa4nngH+rv+wb+194C/b0/ZC+Av7Wvw4aGHQPjN4C03xBf6LHcrdy+EPGVo82i+PvA17OMebfeCvG2ma/4Yup9qpdvpf22EG2uYXcA+uaACgAoAKACgAoAKACgD8kdA/5TvfFr/tEj+zz/AOtjftPUAfrdQAUAf//T/v4oAKACgAoAKACgAoAKACgAoAKACgAoA/Hj/gkP/wAhX/gq3/2mH/a5/wDUM+BlAH7D0AFABQAUAFABQAUAFABQAUAFABQAUAFABQAUAFABQAUAFABQAUAFABQAUAFABQAUAf57H/Bpj/ylq/4Kof8AYqeP/wD1paGgD/QnoAKACgAoAKACgAoAKACgAoAKACgAoAKACgAoAKACgAoAKACgAoAKACgAoAKACgAoA/z2v+CAX/K0b/wVz/3/APgol/63b8MKAP8AQloAKACgAoAKACgAoAKACgAoAKACgAoAKACgAoAKACgAoAKACgAoAKACgAoAKACgAoA/z2P+CS3/ACt2f8FE/wDsa/26/wD1Z+h0Af6E9ABQAUAFABQAUAFABQAUAFABQAUAFABQAUAFABQAUAfyxf8AB2L/AME5f+Gwf+Cfkv7SXgLQft/xt/Yhl1r4lxGytvM1LxB8CdVgs4/jRoB8tVaZfDVjpmjfFG3kuJZBY2HgnxJZ6fAbvxDIJQD8Tf8AgzL/AOCjf/CH/Ev4sf8ABNP4j67s0H4qrqnxw/Z1W/uf3dp8RvDmjwx/FfwLpwkMkjN4s8D6TYeOdNsYfs9jYyfD7xfd4l1HxESwB/on0AFABQAUAFABQAUAFAH5I6B/yne+LX/aJH9nn/1sb9p6gD9bqACgD//U/v4oAKACgAoAKACgAoAKACgAoAKACgAoA/Hj/gkP/wAhX/gq3/2mH/a5/wDUM+BlAH7D0AFABQAUAFABQAUAFABQAUAFABQAUAFABQAUAFABQAUAFABQAUAFABQAUAFABQAUAf57H/Bpj/ylq/4Kof8AYqeP/wD1paGgD/QnoAKACgAoAKACgAoAKACgAoAKACgAoAKACgAoAKACgAoAKACgAoAKACgAoAKACgAoA/z2v+CAX/K0b/wVz/3/APgol/63b8MKAP8AQloAKACgAoAKACgAoAKACgAoAKACgAoAKACgAoAKACgAoAKACgAoAKACgAoAKACgAoA/z2P+CS3/ACt2f8FE/wDsa/26/wD1Z+h0Af6E9ABQAUAFABQAUAFABQAUAFABQAUAFABQAUAFABQAUAUNV0vTNc0zUtF1rT7LVtH1iwvNL1bStRtob3T9T0zULeW0v9Pv7O4SS3u7K9tZpba6tp45IZ4JJIpUZGZWAP8AHK/4KOfs2/Fb/ghp/wAFfNWt/g/c33h+3+EPxT8LftJ/so+I7z7VNbav8KtV1+XxH4I0y/lkljm16x0Kew1z4R+OVuGSDxFeeGPE0EsT6fqAWUA/1q/2NP2pvh5+21+y18DP2q/hZOsngv43fD7RfGVnYm5ju7rw5q8yPY+LPBmqTxKkUmt+B/FllrfhDXPKURDV9EvREWiCO4B9M0AFABQAUAFABQAUAfkjoH/Kd74tf9okf2ef/Wxv2nqAP1uoAKAP/9X+/igAoAKACgAoAKACgAoAKACgAoAKACgD8eP+CQ//ACFf+Crf/aYf9rn/ANQz4GUAfsPQAUAFABQAUAFABQAUAFABQAUAFABQAUAFABQAUAFABQAUAFABQAUAFABQAUAFABQB/nsf8GmP/KWr/gqh/wBip4//APWloaAP9CegAoAKACgAoAKACgAoAKACgAoAKACgAoAKACgAoAKACgAoAKACgAoAKACgAoAKACgD/Pa/4IBf8rRv/BXP/f8A+CiX/rdvwwoA/wBCWgAoAKACgAoAKACgAoAKACgAoAKACgAoAKACgAoAKACgAoAKACgAoAKACgAoAKACgD/PY/4JLf8AK3Z/wUT/AOxr/br/APVn6HQB/oT0AFABQAUAFABQAUAFABQAUAFABQAUAFABQAUAFABQAUAfyV/8Hc3/AATl/wCGpf2F9N/a9+H+g/bfjF+xPNqXiTxAbG236j4i/Z48TSWcXxKspvKVXuR8PdQtdG+JNtNdzNb6J4a0z4hvaxfadZfeAfl3/wAGYv8AwUb/ALP1r4u/8EyviRruLXXhq3x8/ZrGoXP3NZsbW2g+M3w80zzWeRjqGj22lfEnRdKtRFbWw0P4mavMDc6gzOAf6DFABQAUAFABQAUAFAH5I6B/yne+LX/aJH9nn/1sb9p6gD9bqACgD//W/v4oAKACgAoAKACgAoAKACgAoAKACgAoA/Hj/gkP/wAhX/gq3/2mH/a5/wDUM+BlAH7D0AFABQAUAFABQAUAFABQAUAFABQAUAFABQAUAFABQAUAFABQAUAFABQAUAFABQAUAf57H/Bpj/ylq/4Kof8AYqeP/wD1paGgD/QnoAKACgAoAKACgAoAKACgAoAKACgAoAKACgAoAKACgAoAKACgAoAKACgAoAKACgAoA/z2v+CAX/K0b/wVz/3/APgol/63b8MKAP8AQloAKACgAoAKACgAoAKACgAoAKACgAoAKACgAoAKACgAoAKACgAoAKACgAoAKACgAoA/z2P+CS3/ACt2f8FE/wDsa/26/wD1Z+h0Af6E9ABQAUAFABQAUAFABQAUAFABQAUAFABQAUAFABQAUAFAGL4k8OaD4w8O6/4R8U6RYeIPDHinRdU8OeI9B1W2jvNL1vQdbsZ9M1jSNStJg0V1Yalp9zcWd5bSq0c9vNLE4KsRQB/jh/tl/BT4x/8ABBz/AILCajbfDO4v7O8/Z1+MXh743/s6a9qUlz9m8c/BbW9QfXfBthq92Nkmr6fqnheXVfhV8R/KxBf6ppvjPSxmEMGAP9dn9lj9o74dfte/s5/Bf9pv4TX/ANv+H3xt+H3h3x/4e3yxS3mmLrNkj6l4c1fyS0cOv+FdYTUPDPiK0U5sdd0nUbNsPA4UA99oAKACgAoAKACgD8kdA/5TvfFr/tEj+zz/AOtjftPUAfrdQAUAf//X/v4oAKACgAoAKACgAoAKACgAoAKACgAoA/Hj/gkP/wAhX/gq3/2mH/a5/wDUM+BlAH7D0AFABQAUAFABQAUAFABQAUAFABQAUAFABQAUAFABQAUAFABQAUAFABQAUAFABQAUAf57H/Bpj/ylq/4Kof8AYqeP/wD1paGgD/QnoAKACgAoAKACgAoAKACgAoAKACgAoAKACgAoAKACgAoAKACgAoAKACgAoAKACgAoA/z2v+CAX/K0b/wVz/3/APgol/63b8MKAP8AQloAKACgAoAKACgAoAKACgAoAKACgAoAKACgAoAKACgAoAKACgAoAKACgAoAKACgAoA/z2P+CS3/ACt2f8FE/wDsa/26/wD1Z+h0Af6E9ABQAUAFABQAUAFABQAUAFABQAUAFABQAUAFABQAUAFABQB/Hr/weBf8E5P+Gif2OfCv7cnw80H7X8Vv2O55bP4gmwtt+o+If2dfGWpW8WtyXHlI9xef8Kv8Yz6b4ttEO210fwvrvxK1edgqk0AfE/8AwZi/8FG/t+j/ABe/4JlfEjXc3OhnVvj7+zWNQufv6Re3NtB8Zvh3pnmuqKLDVrnSviVomk2iSXFyda+JusTFbewbaAf3xUAFABQAUAFABQB+SOgf8p3vi1/2iR/Z5/8AWxv2nqAP1uoAKAP/0P7+KACgAoAKACgAoAKACgAoAKACgAoAKAPx4/4JD/8AIV/4Kt/9ph/2uf8A1DPgZQB+w9ABQAUAFABQAUAFABQAUAFABQAUAFABQAUAFABQAUAFABQAUAFABQAUAFABQAUAFAH+ex/waY/8pav+CqH/AGKnj/8A9aWhoA/0J6ACgAoAKACgAoAKACgAoAKACgAoAKACgAoAKACgAoAKACgAoAKACgAoAKACgAoAKAP89r/ggF/ytG/8Fc/9/wD4KJf+t2/DCgD/AEJaACgAoAKACgAoAKACgAoAKACgAoAKACgAoAKACgAoAKACgAoAKACgAoAKACgAoAKAP89j/gkt/wArdn/BRP8A7Gv9uv8A9WfodAH+hPQAUAFABQAUAFABQAUAFABQAUAFABQAUAFABQAUAFABQAUAcv448FeFfiT4L8X/AA68d6HYeJ/BHj3wxr/gvxj4a1WLz9L8Q+FvFGlXeh+IND1GHI86x1XSb67sLuPI3wXEigjOaAP8cX48/D743f8ABAz/AILF3UPg6bUZte/ZU+N2mfEP4S6tqMklpB8VfgV4iLaj4ftdVvbaIRy2PxE+FetX3gLx+um70sNUuvFuiQyi702TYAf6/wD+z18dvh5+098C/hJ+0P8ACbVhrfw4+M/gDwx8RfB9+TGLn+x/FGlW2pw2OpQRvILLWtJknl0rXdMkb7RpWs2V9pt0EubWZKAPY6ACgAoAKACgD8kdA/5TvfFr/tEj+zz/AOtjftPUAfrdQAUAf//R/v4oAKACgAoAKACgAoAKACgAoAKACgAoA/Hj/gkP/wAhX/gq3/2mH/a5/wDUM+BlAH7D0AFABQAUAFABQAUAFABQAUAFABQAUAFABQAUAFABQAUAFABQAUAFABQAUAFABQAUAf57H/Bpj/ylq/4Kof8AYqeP/wD1paGgD/QnoAKACgAoAKACgAoAKACgAoAKACgAoAKACgAoAKACgAoAKACgAoAKACgAoAKACgAoA/z2v+CAX/K0b/wVz/3/APgol/63b8MKAP8AQloAKACgAoAKACgAoAKACgAoAKACgAoAKACgAoAKACgAoAKACgAoAKACgAoAKACgAoA/z2P+CS3/ACt2f8FE/wDsa/26/wD1Z+h0Af6E9ABQAUAFABQAUAFABQAUAFABQAUAFABQAUAFABQAUAFABQAUAfxff8HjP/BOT/hdf7MPgH/goL8O9B+0/Eb9liWDwN8X2sbbzL7XP2fvGutqul6tdGNZLm5Hwt+I2qRXVvBEiw2fh/4h+Ndc1CZbXRkKAHiv/BmX/wAFG/8AhLvht8WP+CaXxH13frvwtbVPjh+zot/c/PdfDvxFq8EfxY8C6cJGSNV8K+N9V0/x1ptjCJ76+j8f+Mbw7NP8PnYAf3V0AFABQAUAFAH5I6B/yne+LX/aJH9nn/1sb9p6gD9bqACgD//S/v4oAKACgAoAKACgAoAKACgAoAKACgAoA/Hj/gkP/wAhX/gq3/2mH/a5/wDUM+BlAH7D0AFABQAUAFABQAUAFABQAUAFABQAUAFABQAUAFABQAUAFABQAUAFABQAUAFABQAUAf57H/Bpj/ylq/4Kof8AYqeP/wD1paGgD/QnoAKACgAoAKACgAoAKACgAoAKACgAoAKACgAoAKACgAoAKACgAoAKACgAoAKACgAoA/z2v+CAX/K0b/wVz/3/APgol/63b8MKAP8AQloAKACgAoAKACgAoAKACgAoAKACgAoAKACgAoAKACgAoAKACgAoAKACgAoAKACgAoA/z2P+CS3/ACt2f8FE/wDsa/26/wD1Z+h0Af6E9ABQAUAFABQAUAFABQAUAFABQAUAFABQAUAFABQAUAFABQAUAcN8T/ht4K+Mnw38ffCP4k6DZ+KPh78T/Bvib4f+OPDd+pay13wn4v0a80DxBpNzjDrFf6Vf3Vs0kZWWPzPMiZZFRlAP8dHxNpXxy/4ICf8ABY6RdOfUr/xN+yH8dIdV0G4nY6dF8YvgL4lg860juZoo1torP4t/BXxLJpOti089NB1TWdTsY5BqWisYgD/Yc+DPxc8B/H74R/DL44fC7WovEXw4+LvgTwr8R/A+txAJ/aPhfxjotnr2jXE0IZ2tbs2N9Cl7ZSt59jeLPZ3AWeCRFAPS6ACgAoAKAPyR0D/lO98Wv+0SP7PP/rY37T1AH63UAFAH/9P+/igAoAKACgAoAKACgAoAKACgAoAKACgD8eP+CQ//ACFf+Crf/aYf9rn/ANQz4GUAfsPQAUAFABQAUAFABQAUAFABQAUAFABQAUAFABQAUAFABQAUAFABQAUAFABQAUAFABQB/nsf8GmP/KWr/gqh/wBip4//APWloaAP9CegAoAKACgAoAKACgAoAKACgAoAKACgAoAKACgAoAKACgAoAKACgAoAKACgAoAKACgD/Pa/4IBf8rRv/BXP/f8A+CiX/rdvwwoA/wBCWgAoAKACgAoAKACgAoAKACgAoAKACgAoAKACgAoAKACgAoAKACgAoAKACgAoAKACgD/PY/4JLf8AK3Z/wUT/AOxr/br/APVn6HQB/oT0AFABQAUAFABQAUAFABQAUAFABQAUAFABQAUAFABQAUAFABQAUAfwU/8AB7B+xjb3vhP9lb9vnwvokS6joOr6n+zL8XdUtbYNc3ej63Bqnj/4PXt+8Sho7PRNT034n6RNfXW5GufFOg6eJYm+zQzgH6J/8Gff7Yv/AAv3/gmlrP7Omv6r9s8b/sZ/E3VPBlvbTTefe/8ACpfilPqfxC+HN/cyOTKIovEcvxM8J6bA26O00jwhp9vC4iRLeAA/rDoAKACgAoA/JHQP+U73xa/7RI/s8/8ArY37T1AH63UAFAH/1P7+KACgAoAKACgAoAKACgAoAKACgAoAKAPx4/4JD/8AIV/4Kt/9ph/2uf8A1DPgZQB+w9ABQAUAFABQAUAFABQAUAFABQAUAFABQAUAFABQAUAFABQAUAFABQAUAFABQAUAFAH+ex/waY/8pav+CqH/AGKnj/8A9aWhoA/0J6ACgAoAKACgAoAKACgAoAKACgAoAKACgAoAKACgAoAKACgAoAKACgAoAKACgAoAKAP89r/ggF/ytG/8Fc/9/wD4KJf+t2/DCgD/AEJaACgAoAKACgAoAKACgAoAKACgAoAKACgAoAKACgAoAKACgAoAKACgAoAKACgAoAKAP89j/gkt/wArdn/BRP8A7Gv9uv8A9WfodAH+hPQAUAFABQAUAFABQAUAFABQAUAFABQAUAFABQAUAFABQAUAFABQB+cP/BXP9j6P9u//AIJxftZfsz2unJqXi3xl8LNW134YQ+WrTD4ufD2W2+IHwwigmwZbRdS8aeGtH0TUJ4P3jaPqmpWzJLDcSwTgH+dP/wAGl/7YUn7Mn/BVXQfg54k1F9N8C/tg+B/EHwR1W2vJGt7G0+JGjBvHPwr1K4iYo7arca1oOr/DvSYyj4ufiLMjxpu86IA/1dqACgAoAKAPyR0D/lO98Wv+0SP7PP8A62N+09QB+t1ABQB//9X+/igAoAKACgAoAKACgAoAKACgAoAKACgD8eP+CQ//ACFf+Crf/aYf9rn/ANQz4GUAfsPQAUAFABQAUAFABQAUAFABQAUAFABQAUAFABQAUAFABQAUAFABQAUAFABQAUAFABQB/nsf8GmP/KWr/gqh/wBip4//APWloaAP9CegAoAKACgAoAKACgAoAKACgAoAKACgAoAKACgAoAKACgAoAKACgAoAKACgAoAKACgD/Pa/4IBf8rRv/BXP/f8A+CiX/rdvwwoA/wBCWgAoAKACgAoAKACgAoAKACgAoAKACgAoAKACgAoAKACgAoAKACgAoAKACgAoAKACgD/PY/4JLf8AK3Z/wUT/AOxr/br/APVn6HQB/oT0AFABQAUAFABQAUAFABQAUAFABQAUAFABQAUAFABQAUAFABQAUAFAH+O//wAFrPgL4u/4Jff8FrvjHrHwqRvCcWl/Gvwj+2R+zvqVvC0Fjpll4y8Q2vxX0JNHgQwOuleBPiRa+I/BFpGrglPB7IsrcPQB/rW/sxfHrwj+1L+zp8Df2kPAcit4R+OXwq8C/FLQ4fOWeXTrXxp4c0/XX0a9dQu3U9DuLybR9VgdEltdSsbq2mjjmidFAPc6ACgAoA/JHQP+U73xa/7RI/s8/wDrY37T1AH63UAFAH//1v7+KACgAoAKAPkj9uD9tz9n7/gnr+zl43/af/aT8UyeHPh74NjhtLPT9Nhhv/FnjrxdqMdwfDvgDwJos1zZrrnjDxJNbTx6fZyXdlYWVnbahruvalo/hzR9Y1jTwD+fL9jL/gpz/wAFt/8Agq/8KvjJ+1j+xB8E/wBhL4Bfs9+BfE3iPwn8F/AH7TFp8aPiH8Tfj34n8L2UF/quj3HjTwR46+Hvhbw3pYhvtO0pdfTw/p+n23jGW50M6hf6dpmr61p4B9I/8EXP+DhD4Xf8FPvE3iT9mz4xfDyP9mb9tvwHb6zPqvwpuNYl1Hwl8R7PwtK1r4svvhtqGrRWetWniHwxcw3U/ij4a63Fea3oukQyazpeueKtN03xJdeHgD+jOgAoA8i/aB+Mnhn9nb4E/Gf4++NHCeEfgn8K/H/xX8SZlWFpNF+H/hXVfFWo28UjBgLi5tdKkt7ZQjvJcSxRxxyOyIwB/njf8RuX7ZP/AEZn+zL/AOFJ8U//AJoaAFH/AAe4/tlEgD9jL9mYknAA8R/FPJPoP+KgPJ+n50Af6Gf7PPif4o+NvgN8GfGnxu8L6L4H+MPi/wCF/gbxT8TvBPhz+0W0TwZ458Q+G9N1fxN4R02TV57jU57fwzq15daILq9l8+7exa5eOHzRBEAfm1/wSH/5Cv8AwVb/AO0w/wC1z/6hnwMoA/YegAoAKACgAoAKACgAoAKACgAoAKACgAoAKACgAoAKACgAoAKACgAoAKACgAoAKACgD/PY/wCDTH/lLV/wVQ/7FTx//wCtLQ0Af6E9ABQAUAFABQAUAFABQAUAFABQAUAFABQAUAFABQAUAFABQAUAFABQAUAFABQAUAFAH+e1/wAEAv8AlaN/4K5/7/8AwUS/9bt+GFAH+hLQAUAFABQAUAFABQAUAFABQAUAFABQAUAFABQAUAFABQAUAFABQAUAFABQAUAFABQB/nsf8Elv+Vuz/gon/wBjX+3X/wCrP0OgD/QnoAKACgAoAKACgAoAKACgAoAKACgAoAKACgAoAKACgAoAKACgAoAKAP4Vv+D1/wDY6/4SP4Sfsr/t2eG9K8zU/hr4n1X9nT4oXtvD5lxJ4O8dx33jX4ZX99IBm30nwz4t0bxtpKyMSj6p8R7GEAPKpYA+v/8Agzl/bF/4Xf8A8E7PG/7Lmv6r9r8Y/sc/FG907R7SWbzblPg/8Z59X8eeDZnaUmeT7N48t/ivpESDfBY6Vp2i2kTJF5VvAAf11UAFABQB+SOgf8p3vi1/2iR/Z5/9bG/aeoA/W6gAoA//1/7+KACgAoAKAP8AMH/4PGf23fEvxi/b88MfsY6PrN7D8MP2R/AfhnUtd8PxXRGnat8a/i74esPHOqeIruCCQQXcmjfDTWvAWgaP9sikutFubnxetpJDHrl7G4B/Yd/wbG+GrLwz/wAEPv2H4rSFI5dZ0v42eJdQmVAsl3e67+0d8Xr0TTEZ3vFZNZ2Mbnn7NaQJxsAoA/zWv21vix47/Ys/4Lc/td/Gj4Hao3hbxx8Bv+CjP7QXjz4f3EAaO0tX0b49eMNWs9DvbeN1W88P6jpcr+Hdb0uXNrq+g3l9pt5FJa3k0NAH+xp8AvjF4Z/aI+BXwY+P3gsSr4P+N/wp+Hvxc8LpO6SXEXh/4jeEtJ8X6RBcsgVTdQWGsW8NyAq7Z0kUqpUrQB63QB/PL/wcx/HHw74B/wCCd+i/s+638QdF+F//AA3N+0l8B/2VtU8fa5q1poum+A/hx4j8a2fjL4t+Ota1G+dLLT/CujeA/Bup6R4n1O+/0Ky0/wASDzyjTRPQB8P/AAg/4IUf8GuP7QOrWXh74FfEn4U/GPxHqAzZ+Gvhl/wUAvfG/iWcjGUHh3w58UtQ1lZV3LviexSRNw3RpkUAfavgz/g1f/4Ix+BfGHhTxto37Pvjm41fwd4l0LxVpVvrXxy+K2s6PPqXh7VLXVrGHVtHvvEktjqumS3VpEl/pt5FJa31q0trcRvDK6sAf0S0Afjx/wAEh/8AkK/8FW/+0w/7XP8A6hnwMoA/YegAoAKACgAoAKACgAoAKACgAoAKACgAoAKACgAoAKACgAoAKACgAoAKACgAoA/n3/4OB/8AgtTB/wAEi/2ffB9t8MNF8L+Nv2rvj1e6zpfwj8NeKXuLrw54N8N+H4bc+K/iv4v0fTrqyv8AVdO0e61HSdD8NaCdQ0mLxD4h1N7lry60zwxr2nygH8VXwd+Kn/B1t/wUl8Lar+058A/id+2z4z+HR1LUvs3ib4c/Efwl+zz8PdXudJuPs2o2fgPwfZeIfhT4f8aW2mXbvptzD4M0DX4k1C0vLC58zUdOvY7cA8u/4Nyv+Clulf8ABPP/AIKca5L+0tp1ynhr9q15fgF8XPHniW8m0nW/hV478QfEXS9XsPHniiO9iWKTSbTxpazaV8QoNQFhPo+m6teeJ/tgPhyfR9ZAP9a6gAoAKACgAoAKACgAoAKACgAoAKACgAoAKACgAoAKACgAoAKACgAoAKACgAoA+Dv+Ckv/AAUG+DH/AATH/ZN8e/tWfGuO+1jS/Dk2n+HPBPgPRbm0tPEfxO+JPiL7QnhbwJoFxe5trWa++yX+r61qkkV2NA8KaL4h8Q/2fqX9lDT7oA/z8NY/4Oc/+C9/7Z3xA8Uv+xV8LYfD+g6Czai/w7/Zv/Zau/2idZ8M+HZJbqbTpvGuu+KPC/xP1K4u5LOyuUvNbt9J8JaVfPaX11Y6JpaRtBbgHxr/AMETP+CqenfsN/8ABYb4l/tVftt6Hrxu/wBpub4xfC/9obxLBpdt4T1L4UePvjT8ZfCPxE8X/EXXPAzadYrDpPhvx14TuLLxd4QsYtFvvDuianqt9pVne33h218LauAf64drdW19bW97ZXEF5Z3kEN1aXdrNHcW11bXEaywXFvPEzxTQTxOssM0TvHJGyujMpU0AT0AFABQAUAFABQAUAFABQAUAFABQAUAFABQAUAFABQAUAFABQAUAFABQAUAfJf7fV/faV+wp+2pqel3t3p2pad+yX+0df6dqNhcTWd9YX1n8HvGVxaXtld27x3Frd2txHHPb3EEkc0E0aSxurqrKAf4lv/DT37Sv/Rw3xy/8Oz49/wDmhoA/Zz/g2O8S+I9W/wCC8P7Gerarr+t6lqvie9/aQfxLqeoarfXmoeIWuP2Wfjjqk7a5eXFxJcas02p2lpqMpv5bgyX1tb3b5uIYpFAP9eqgAoAKACgAoAKACgAoAKACgAoAKACgAoAKACgAoAKACgAoAKACgAoA+A/+CpX7Ilr+3b/wT5/at/ZZNnBea/8AE34Ta6fh99oEYjtfiv4Ra38b/Ci8eV8GGC3+Inhvw2168bxu2nm7hEirK+4A/wA2T/g1S/a7uf2T/wDgrV4H+F3iu8n0XwZ+1j4b8R/s3+KLDUjJaQ2Hj6eaHxP8LLi5sphFINdk8feGbb4fWKSIJrb/AIT3UojEDK+wA/1l6ACgAoA/JHQP+U73xa/7RI/s8/8ArY37T1AH63UAFAH/0P7+KACgAoAKAP8AFv8A+C7uvX/iT/gsN/wUP1DUWuGuLf8AaW8baDGblnaQWHhU2fhjS1Uvk/Z00zR7RLRR8i2qwrHhAooA/wBM/wD4Nuf+UJP7BP8A2IXxF/8AV5/FKgD/AC8f+Cyf/KWT/gpB/wBnq/tHf+rT8TUAf6pH/Bv7rOpa7/wRo/4J83uqmdrqD4EWejRG4cySf2b4d8UeJfD+jBWYkiBdI0yxW2TpHbCKNQFVQoB+w9AH8Q3/AAdj/sO/8FK/29fit+y14V/ZV/Zd8e/GP4CfA/4b+NPFWs+JvCGueBlS6+K3xK8RW2m6vosnhfUfFun+K7+58M+EPh94Xu7K/TQZbEf8JhqFppt1Ncf2lCgB/AV8fP2Sv2p/2T9dh0P9pH9nr40/AXWZLjbpo+KHw68WeCIdSljHmrNoGq63pVlp2twgI0kV5ot5e27bGaKZ9jFQD+jP/ggd/wAHE37SH7Ifx4+FP7M37V3xV8RfGD9jL4i+JNC+Hn2z4la7JrXiL9nO98SarZ6VpHjvw14z1k3Oun4d6Fc3EI8X+BtS1K70PTPDf2zWfCVppeqWM1lrwB/qd0Af55vjb4Nf8HFPxA/bN/4Kaa3/AMEo/iFrfhb9mqH/AIKK/tEadr+m6b8TPgJ4Ogf4uQJ4Pn8T3b6X8TrqHxDLLL4ZufBUbXsCf2VKkMcNsTc297tALf8AwzF/weuf9Fm8V/8Ah+P2P/8A5OoAP+GYv+D1z/os3iv/AMPx+x//APJ1AB/wzF/weuf9Fm8V/wDh+P2P/wD5OoAP+GYv+D1z/os3iv8A8Px+x/8A/J1AB/wzF/weuf8ARZvFf/h+P2P/AP5OoAP+GYv+D1z/AKLN4r/8Px+x/wD/ACdQAf8ADMX/AAeuf9Fm8V/+H4/Y/wD/AJOoAP8AhmL/AIPXP+izeK//AA/H7H//AMnUAH/DMX/B65/0WbxX/wCH4/Y//wDk6gA/4Zi/4PXP+izeK/8Aw/H7H/8A8nUAH/DMX/B65/0WbxX/AOH4/Y//APk6gA/4Zi/4PXP+izeK/wDw/H7H/wD8nUAH/DMX/B65/wBFm8V/+H4/Y/8A/k6gA/4Zi/4PXP8Aos3iv/w/H7H/AP8AJ1AB/wAMxf8AB65/0WbxX/4fj9j/AP8Ak6gA/wCGYv8Ag9c/6LN4r/8AD8fsf/8AydQAf8Mxf8Hrn/RZvFf/AIfj9j//AOTqAD/hmL/g9c/6LN4r/wDD8fsf/wDydQAf8Mxf8Hrn/RZvFf8A4fj9j/8A+TqAD/hmL/g9c/6LN4r/APD8fsf/APydQAf8Mxf8Hrn/AEWbxX/4fj9j/wD+TqAD/hmL/g9c/wCizeK//D8fsf8A/wAnUAH/AAzF/wAHrn/RZvFf/h+P2P8A/wCTqAD/AIZi/wCD1z/os3iv/wAPx+x//wDJ1AB/wzF/weuf9Fm8V/8Ah+P2P/8A5OoAP+GYv+D1z/os3iv/AMPx+x//APJ1AH8wf/BYTQ/+CmvhT9qvSPCP/BVvxXr3i39pHw/8JPCcegXmt+J/Afi1bX4Ualrni3V/Ddppeq/DeSXww1l/wkV94unkijc38eoS3qXmNsS0Af0J/s4fshf8Henhb4AfBfQ/2cviNqHhb4CWvwy8FTfB7QfDnxn/AGRtK0Ww+HWoaBY6l4TFjY3d6t9Etxo93a3cz6ju1S4ubia51SWbUJriVgD+M/4nW3jGy+JPxCs/iJM9x8QLTxx4stvHVw89pdPP4xg16/i8TzPc2BNjcPLra3ztPZE2kpYyWxMLIaAP7VfhD8CP+Dynxr8Jvhf4y+HHxm8b/wDCvPFvw78FeJvAf9o/G39lOw1D/hDNe8NaZqvhf7dY65errdlef2HdWP2m01hV1W2m8yHUFF2kwUA9E/4Zi/4PXP8Aos3iv/w/H7H/AP8AJ1AB/wAMxf8AB65/0WbxX/4fj9j/AP8Ak6gA/wCGYv8Ag9c/6LN4r/8AD8fsf/8AydQAf8Mxf8Hrn/RZvFf/AIfj9j//AOTqAD/hmL/g9c/6LN4r/wDD8fsf/wDydQAf8Mxf8Hrn/RZvFf8A4fj9j/8A+TqAD/hmL/g9c/6LN4r/APD8fsf/APydQAf8Mxf8Hrn/AEWbxX/4fj9j/wD+TqAD/hmL/g9c/wCizeK//D8fsf8A/wAnUAH/AAzF/wAHrn/RZvFf/h+P2P8A/wCTqAD/AIZi/wCD1z/os3iv/wAPx+x//wDJ1AB/wzF/weuf9Fm8V/8Ah+P2P/8A5OoAP+GYv+D1z/os3iv/AMPx+x//APJ1AB/wzF/weuf9Fm8V/wDh+P2P/wD5OoAP+GYv+D1z/os3iv8A8Px+x/8A/J1AB/wzF/weuf8ARZvFf/h+P2P/AP5OoAP+GYv+D1z/AKLN4r/8Px+x/wD/ACdQAf8ADMX/AAeuf9Fm8V/+H4/Y/wD/AJOoAP8AhmL/AIPXP+izeK//AA/H7H//AMnUAH/DMX/B65/0WbxX/wCH4/Y//wDk6gA/4Zi/4PXP+izeK/8Aw/H7H/8A8nUAH/DMX/B65/0WbxX/AOH4/Y//APk6gA/4Zi/4PXP+izeK/wDw/H7H/wD8nUAH/DMX/B65/wBFm8V/+H4/Y/8A/k6gA/4Zi/4PXP8Aos3iv/w/H7H/AP8AJ1AH4D/8Fq7f/gtd8PNU+B/wj/4K8fE3xf4q+26f4n+I3wd8O6j47+GXi/w7Hm5tPDPiHWg3wplk0Y61b+Rb2MY1x5dT02xvZzp6WtprN616Affn/BNL9iD/AIObPCf7J/gHxp/wTn11Ph3+zV8a4ZPir4ZPhb4q/st+HZ/FU+s406XXvEEHiy9Pi6TVlTSk0zyPEb/bNNtrGHToYLW2tkgQA/mb/ad034yaN+0p+0Lo/wC0VeS6h+0FpXxx+LOm/HW/nvtJ1Oe++Mlj491+1+J15NqWgM2hahLc+NotbmkvtFZtJu3cz6axs3hLAH9Vn7CXgP8A4Oy/jx+yL8CviX+x/wDG/wAfXX7MuoeDj4Z+DLat8Yv2c9Eu7bwZ8OdY1T4b2mmrpnxDuovGMFhpNz4SutL0l9aUyXWlWdnd2ks2nz2kzgH1p/wzF/weuf8ARZvFf/h+P2P/AP5OoAP+GYv+D1z/AKLN4r/8Px+x/wD/ACdQAf8ADMX/AAeuf9Fm8V/+H4/Y/wD/AJOoAP8AhmL/AIPXP+izeK//AA/H7H//AMnUAH/DMX/B65/0WbxX/wCH4/Y//wDk6gA/4Zi/4PXP+izeK/8Aw/H7H/8A8nUAH/DMX/B65/0WbxX/AOH4/Y//APk6gA/4Zi/4PXP+izeK/wDw/H7H/wD8nUAH/DMX/B65/wBFm8V/+H4/Y/8A/k6gA/4Zi/4PXP8Aos3iv/w/H7H/AP8AJ1AB/wAMxf8AB65/0WbxX/4fj9j/AP8Ak6gA/wCGYv8Ag9c/6LN4r/8AD8fsf/8AydQAf8Mxf8Hrn/RZvFf/AIfj9j//AOTqAD/hmL/g9c/6LN4r/wDD8fsf/wDydQAf8Mxf8Hrn/RZvFf8A4fj9j/8A+TqAD/hmL/g9c/6LN4r/APD8fsf/APydQAf8Mxf8Hrn/AEWbxX/4fj9j/wD+TqAD/hmL/g9c/wCizeK//D8fsf8A/wAnUAH/AAzF/wAHrn/RZvFf/h+P2P8A/wCTqAD/AIZi/wCD1z/os3iv/wAPx+x//wDJ1AB/wzF/weuf9Fm8V/8Ah+P2P/8A5OoAP+GYv+D1z/os3iv/AMPx+x//APJ1AB/wzF/weuf9Fm8V/wDh+P2P/wD5OoAP+GYv+D1z/os3iv8A8Px+x/8A/J1AB/wzF/weuf8ARZvFf/h+P2P/AP5OoA87+L37J/8AweV618J/iho/xE+IHj/xp8PtW+HfjXTfHXg7Q/i1+y94p1rxZ4OvvDWp2vifwzpHhjwpNd+KPEeqa9okt9pen6D4btLrX9Xu7qLT9Ht5tRubeNgD+XH/AIdPf8FTf+kaf7f/AP4hv+0X/wDO3oA6z/gnf8Bv+CkB/wCCgXg/4VfsPeEviN8Nv28vhzc/E6Gw03VdNsPh94t+FN1ongnxPoHxKj8d/wDC0LKw0bwBJB4d1DW/CF+vjiDTCNc1zT/DcITxHq2kWtwAf1Tf8Mxf8Hrn/RZvFf8A4fj9j/8A+TqAD/hmL/g9c/6LN4r/APD8fsf/APydQAf8Mxf8Hrn/AEWbxX/4fj9j/wD+TqAD/hmL/g9c/wCizeK//D8fsf8A/wAnUAH/AAzF/wAHrn/RZvFf/h+P2P8A/wCTqAD/AIZi/wCD1z/os3iv/wAPx+x//wDJ1AB/wzF/weuf9Fm8V/8Ah+P2P/8A5OoAP+GYv+D1z/os3iv/AMPx+x//APJ1AB/wzF/weuf9Fm8V/wDh+P2P/wD5OoAP+GYv+D1z/os3iv8A8Px+x/8A/J1AB/wzF/weuf8ARZvFf/h+P2P/AP5OoAP+GYv+D1z/AKLN4r/8Px+x/wD/ACdQAf8ADMX/AAeuf9Fm8V/+H4/Y/wD/AJOoAP8AhmL/AIPXP+izeK//AA/H7H//AMnUAH/DMX/B65/0WbxX/wCH4/Y//wDk6gA/4Zi/4PXP+izeK/8Aw/H7H/8A8nUAH/DMX/B65/0WbxX/AOH4/Y//APk6gA/4Zi/4PXP+izeK/wDw/H7H/wD8nUAH/DMX/B65/wBFm8V/+H4/Y/8A/k6gA/4Zi/4PXP8Aos3iv/w/H7H/AP8AJ1AB/wAMxf8AB65/0WbxX/4fj9j/AP8Ak6gA/wCGYv8Ag9c/6LN4r/8AD8fsf/8AydQAf8Mxf8Hrn/RZvFf/AIfj9j//AOTqAD/hmL/g9c/6LN4r/wDD8fsf/wDydQB/KD+2d+zx+3T/AME2/wBtLS739qrQW+Gf7Va+IfDX7VOi65pmt+DNfttQ1rV/HOqeJ9G8f6NqXw/vbzwqB/wnnhzWd9lpZtIdM1TSbuxSxs44I46AP9lv9kT9orwv+1z+y7+z/wDtOeDDCnh746fCXwP8Sraxhm8/+xLzxPoNlqGteGrmTJ/4mHhfW5NR8OamhLNFqOl3UTMzIWoA+iqAPkX4v6F+3pf+Nry5+AXxU/ZF8KfDhrLTl0/R/i/8AvjL8QPG0OopbAarNeeJfBf7Snw00K4sp7vdJp1vD4UtZ7S2Ihubq9kUzsAfnN+zhp/7Qmm/8FtfjXD+0l4t+DXjLxs//BLH4BS6RqXwP+Hfjf4aeFrfwsf2tf2iks7HUdD8e/FD4s6teeII9WTWri51W28Q2OnTadc6XaRaNBc2V1e34B+6dABQB//R/v4oAKACgAoA/wAfz/g5x+BmsfA7/gs/+1mb2ylt9D+MNz4B+Ofg+7kikhTVtH8feBNCTXr2DeNskVp8RNG8b6IZYnkjkm0iYkxSeZBEAf6HX/BthcxXX/BEX9guWFgyL4K+J9sSCD+9s/j78WLSdeM8rNA6kdQVwcEEUAf5eX/BYq4S6/4Kwf8ABSKSLkL+27+0xbcc/vLT4u+K7SUcZ6SwOP8ADpQB/rx/8Et/gXq37NH/AATk/Yi+BniKxutL8VfD39mb4Q6Z400u8Qx3Ol+Or7wdpmt+OdNljIDIbDxdqes2io4DqkKhwHDCgD7bHiLw+2tv4ZXXdHbxJHZrqMnh8anZHW00922JfPpImN+tmz5VbowCFm4EhPFAGxQByvjfwL4J+JnhTXfAfxH8H+F/H/gfxRp8+k+JfB3jTQNK8UeFvEGl3SFLnTta0DW7S+0rVLGdCVmtb20ngkU4aNqAP8rr/g51/wCCPvwt/wCCb/7Uvwc8a/st6Ne6P8Dv2wbXxxeeFvhNatf6v/wrn4oeBdV8KweL/CnhN5Rc3zeD9et/H/hPU/BujXN1fX+m30viLRbJho2n6Ra24B/qefDi08Q2Hw88B2Pi6Xz/ABXZeDPC9p4nm6+d4httDsYdalyHkB8zUkuX4d+v32+9QB+Vf/BIf/kK/wDBVv8A7TD/ALXP/qGfAygD9h6ACgAoAKACgAoAKACgAoAKACgAoAKACgAoAKACgAoAKACgAoAKACgAoAKACgD+ML/g7S/4I9/FP9r/AMHfDP8Abs/Ze8BeIPiV8ZPgX4Un+GXxj+HXhKzudZ8V+LfgjFqus+K/DPifwl4asw9/r2tfDnxRr/igazo+i2t/rus+HfF/2+G3e18GtE4B+DX/AAT+/wCDs/8Aaz/YV/Zg8Ifso/EP9nTwJ+0PF8GNBj8AfCvxl4n8a+JPh34t8K+FNASLT/Dvg/xrY2egeIrfxZa+DLO3OgaR9mXwjqkGiWmmaZf3l1cac97dAH5Wf8Eq/wDgn18UP+Cyf/BQ+18BJZJpPgPVPGWpfHT9qLxbpMy6ZY+CPhTe+NLe/wDGUPh5r24uLlvEPia/1uPwf4G0+L+1b2HU9Wg1i/ik0LQtd1C0AP8AZf0DQdI8LaFovhjw/YQaVoHhzSdN0HRNLttwttN0jSLOHT9NsLcOzOILOyt4beLezN5ca7mJyWANagAoAKACgAoAKACgAoAKACgAoAKACgAoAKACgAoAKACgAoAKACgAoAKACgD+SL/g7i/4Jp/EL9sb9kL4a/tQfBPQNb8YfE79jDUPGmpeJfAvh3TpdT1fxV8EviNF4aPjrV9NsLOC41HUtV+G+qeDfD3iZLG1TZH4Qu/HuouJriytIJQD8Df+CJf/AAdL+GP+CeP7J+ifsfftU/A/4kfFjwV8Lb3xDL8F/Hnwm1PwxN4o03w54l1fVvE9z4F8WaB4z1jw5ZXVhpPiXVdQl0LxFYeIXubPRNSTRG0F4dCsZbsA/nJ8V+HPiZ/wVB/4KOfFj/hmn4ZeJdb8c/tk/tUfF34h/D/4fFBqGq6Dp/xZ+JfiXx0g8U6hpsU1jp+leC9E1mS+8Z+JmCaLoulaTqetXc8OnWryqAf7Lv7D/wCy7oH7FP7In7O/7KXhrVZdf0z4FfCvwv4Cl8RTQJaSeJdb02yWXxP4lNmmVsh4i8S3Ora0lkGkNml+ts0szRGVwD6ooAKACgAoAKACgAoAKACgAoAKACgAoAKACgAoAKACgAoAKACgAoAKACgAoAKACgD/AD2P+CS3/K3Z/wAFE/8Asa/26/8A1Z+h0Af6E9ABQAUAFABQAUAFABQAUAFABQAUAFABQAUAFABQAUAFABQAUAFABQAUAfw+f8Hq37HX/CZfs8/sz/tw+G9L83Wfgp441L4HfEu7tYd1xL8PvinE2ueCtV1SYqdmmeE/Hnhy+0SzCupOpfFLBjlDh4AD3P8A4M0f2xf+FwfsFfFP9kjxDqv2nxV+yP8AFKXUfC1nNN+8j+D/AMcpdX8XaNDbRysZZ/7N+Jml/FNr14d0FlbaxoVs6QGa3NwAf2IUAFAH5I6B/wAp3vi1/wBokf2ef/Wxv2nqAP1uoAKAP//S/v4oAKACgAoA/l+/4OZv+CL3iP8A4KY/AHwt8c/2ddEt9S/a9/Zq03WU0Dw4Jo7W5+M/wkvml1fX/hjazyhYT4w0bV0bxN8Nxdzw2Vxf33ijw3KUuPFdnqGmgHyB/wAG4/8AwVe/ZK/ZX/4Jia9+yt+2r8Y/Cv7LPxp/YZ8Y/GeDxT8LfjpqMPw4+I2r+DfE/jTxB8WYJPB/gnxS2m+J/F3iW28SeMPEnhC48DaFpl/4ytNZsNOs5NDVNc0JrsA/E7/gi7/wSX+Ln/BXP/go748/4KV/tC/DHXvBf7Fd5+0r8Rf2mryTxnYXWnL8efHHij4j678Q/D/w28GpdR48TeENO8SX9vL8TPEtn9p8PtpWmX3g201F9b1l30gA/wBLH4szePbb4V/Ey4+FVvaXfxQt/h/4ym+G9rf/AGf7Dc+PYvDmpP4Pt737Xm0+yTeIV06O5+1D7P5LP52Yt9AH+IF4b8eftsJ+2vpnjfw/4g+OT/t6P8cIzZ6t5viST48T/HaTxF/Zj6bdwXavr8/iibXS+iahoWoQPFNE0+iX9k2nNNaUAfu5/wAF4/iz/wAFmv2SP+Cmnjz40/Ev4zftMfCPSNbv/Deq/s9+Ovhh4+8d+HPglB4L/sHSbiHwN4Fm8OavH4KEmh6lZajp3jvwhfQJqGv6vBqfiLxNo19YeJrfUNSAP1e/4Jmf8HjHjS40XRPg5+31+zh8TPjt8R0W30zwt8VP2SfCPhzVPiD8QrkRMkVr4r+Ceo674P0CTxJPMqmXWvAOuaTpl4JxFD4D057aS8vwD9l/Cf7IHx+/4LFftxfs2/8ABQD9uX9nrxH+yn+yJ+xfHq2u/sd/sh/FxtNuPj78UPiZ4g1fQta1D4y/tEeG7FJ7H4ZaBa33hDwRPpHwlu7/AFLXbvUvBennW5B4cvNRHisA/psoA/Hj/gkP/wAhX/gq3/2mH/a5/wDUM+BlAH7D0AFABQAUAFABQAUAFABQAUAFABQAUAFABQAUAFABQAUAFABQAUAFABQAUAFABQB4H46/ZS/Zd+KPiFvFvxM/Zt+AfxF8VM8cjeJvHXwd+Hfi7xC0kS7IpG1rxB4dv9SLxp8kbG5LIvyqwHCgH8Jv/BpPa2tj/wAFYP8AgqRZWVtBZ2Vn4N8c2tpaWsMdva2trb/tJW8VvbW0ESpFBBBEiRQwxIkccaqiKqqooA/0LqACgAoAKACgAoAKACgAoAKACgAoAKACgAoAKACgAoAKACgAoAKACgAoAKACgAoA/Lb46f8ABE3/AIJQ/tI+MdS+IPxe/YU+A+ueNdbvJtS17xL4d8P3/wAONV8Q6pczm5u9W8R3Hw01XwgfEOrXk7NJfaprQvtQvWZvtVzKGKsAfx5f8G3/AMP/AAb8Kf8Ag5P/AOCnXwu+Hmg2fhfwB8NPCf7dvgHwL4ZsGuJLHw34P8HftpfCTw54Z0KxkvJ7m7a10jQ9Ps9Ot3ubm4uWggUzzyyM7sAf6K1ABQAUAFABQAUAFABQAUAFABQAUAFABQAUAFABQAUAFABQAUAFABQAUAFABQAUAFAH+ex/wSW/5W7P+Cif/Y1/t1/+rP0OgD/QnoAKACgAoAKACgAoAKACgAoAKACgAoAKACgAoAKACgAoAKACgAoAKACgD4j/AOCkn7JunftzfsI/tS/sp3sFrLf/ABg+EXiTR/B016Yxaab8S9Hii8U/CvW7hpcKINC+JGheFtXn+eItDZOgmhLeagB/mSf8Gvf7WWo/sbf8Fffhj8PvGc914c8K/tM2niP9lLx9pWqCS0fTvGXiK/tdQ+Gcdzp1x5Yi11Pi74Y8M+DlaXy7qwtfFOtQpu8+e3nAP9begAoA/JHQP+U73xa/7RI/s8/+tjftPUAfrdQAUAf/0/7+KACgAoAKACgDx7x1+zx8APihrdn4m+JnwN+D3xE8Sac0Taf4g8dfDPwV4u1uxaCPyYWs9V1/RNQv7VoYQIojBcIY4/kQqvy0AeuW9vBaQQ2trDFbW1tFHb29vbxpDBbwQoscMMMMarHFFFGqxxxxqqIiqqqFACgEtAHmcfwV+DkPxGl+MMPwl+GcXxbmtvsU3xSj8B+Fo/iNLZm0NgbSXxuulDxNJbGxJsvIbUzD9kzbbBCSlAHcazomi+ItOudH8QaRpeu6ReKEu9L1mwtNT066VWDKtzY3sNxbTqrAMFliYBlBHIyoBzHg/wCF3wy+HrTv4A+HXgTwM10hjum8H+EfD/hlrmNpBKyTtounWJmRpQJCsm4GRQ5yw3UAd3QAUAfjx/wSH/5Cv/BVv/tMP+1z/wCoZ8DKAP2HoAKACgAoAKACgAoAKACgAoAKACgAoAKACgAoAKACgAoAKACgAoAKACgAoAKACgAoA/z2P+DTH/lLV/wVQ/7FTx//AOtLQ0Af6E9ABQAUAFABQAUAFABQAUAFABQAUAFABQAUAFABQAUAFABQAUAFABQAUAFABQAUAFAH+e1/wQC/5Wjf+Cuf+/8A8FEv/W7fhhQB/oS0AFABQAUAFABQAUAFABQAUAFABQAUAFABQAUAFABQAUAFABQAUAFABQAUAFABQAUAf57H/BJb/lbs/wCCif8A2Nf7df8A6s/Q6AP6h/26v+C6X7Jf/BOf4hax4E/ae+Ev7ZXhjS9Ov9J0vSvi3pX7Nfia/wDgd421DVvD9j4iWy8BfFa91HSvC/iy70+3vXsNXtNMupLvTtX07VbC4hD2UjsAfBUf/B4H/wAEf5XSKK9/adkkkdY444/gdG7yO5CoiIvjIszsxCqqgliQACTigD2Txd/wdB/8E4PhkdJk+MXgX9tz4KadrvkHSdY+K/7JHxA8IaZqEVwrOk9jJcyzXGoQmJHmBsLe6eSKN2hSXaVUA/RX9jP/AIK4f8E5/wDgoBfjQP2U/wBqn4efEXxqLSe+b4a6kuvfD34otaWkckuoXVn8OfiPo/hPxjrFjpkcTvqOqaHo+p6VZx+XNLfCCaCSUA/RygD+fD9rL/g5r/4Jf/sZ/tE/FP8AZh+Leu/Gy/8AiV8HddtvDPjSbwL8Lk8S+F4Ndm0bTNYutOsNafxNpzXlxpH9prpWrL9jiFprNlqFkPNFuszgHzt/xGD/APBHv/oIftNf+GQh/wDmzoA/Z/8A4J2/8FHv2e/+Cnvwa8R/Hr9max+Jcfw38NfEHU/hnNqvxJ8Gp4LudU8T6Nofh/xBqq6HZ/2vqsmo6bYWXifSYZ9SDRWx1B7qwjaW4sbtLcA++aACgAoAKACgAoAKACgAoAKACgAoAKACgAoAKACgD/IQ/wCDiP8AZl8Q/wDBPz/gs38ZfE/w5+1eD9L+KHizwv8AtnfBTWtOQWr6VqXj3W7nxHr97pKqn2a0Hhv44+H/AB7a6TbW+YrTT9O0zEUCMlugB/qmfsSftNeHf2y/2RP2cv2pvDH2aLTfjl8IvBfj660+0kMsWg+I9W0i3HjDwqzl5M3PhLxbDrfhm9/eygXmkzqJHADsAfUdAH5I6B/yne+LX/aJH9nn/wBbG/aeoA/W6gAoA//U/v4oAKACgAoAKACgAoAKACgAoAKACgAoA/Hj/gkP/wAhX/gq3/2mH/a5/wDUM+BlAH7D0AFABQAUAFABQAUAFABQAUAFABQAUAFABQAUAFABQAUAFABQAUAFABQAUAFABQAUAf57H/Bpj/ylq/4Kof8AYqeP/wD1paGgD/QnoAKACgAoAKACgAoAKACgAoAKACgAoAKACgAoAKACgAoAKACgAoAKACgAoAKACgAoA/z2v+CAX/K0b/wVz/3/APgol/63b8MKAP8AQloA/ml/4KO/8HBHxa/4Jf8Aiue2/aT/AOCWPx60z4Va3488S+DfhV8cdK+N3wk1vwB8T4NHudRl0bUrWbwzb+I5fBur+J/Dunv4msfBHjSXR/F1tpyXwl0yT+y9QkgAPgf4R/8AB5L4G+PPxL8F/Bz4Of8ABNb9oP4i/FD4ia7aeGvBXgrwz8VvBF7rfiHW73cYLKyg/wCEYRBtjjluLm5nkhtLK0huLy8uLe0gmnQA+uP2j/8Ag5U8f/sRf8I9qf7bv/BIH9tv9nrwb4l1ddE0rxtL4h+GXjLw1f6qbOXUf7H03xHY3mk+Db3XzY29zeR6E/iu1v5bW0vJ1j8uzuSgB+hP/BOr/gvH/wAE5P8AgptrsXw/+AnxS1nwj8aptPudUi+BPxq0CLwD8S9QsbK2+1383hsW+p+IPBfjaXT7ZLm61HT/AAR4y8Rarp1hZ3WqajYWmlxfbWAP1h+IPxA8EfCjwL4v+JvxK8U6J4H+H3gHw7q/i7xp4w8SX8Gl6D4a8NaDZTajrGs6tqFyyQ2tjYWVvNcTyu3CphQzsiMAfxe/tV/8Hrf7N3w58f614R/ZO/ZO8a/tJeE9HvksoPit46+JA+BWg+JBBL/peoeF/CUvw78f+LptGuY12aZdeKYPB2rszme98O2yQpb3QB+kn/BKL/g5u/Y2/wCCmfxG0n9n/wAReDvE37K/7SXiea5i8C/Dvxtr1n428GfEeW006bU7nSvBPxQ0zR/DtvL4ogtrO+lHhzxV4W8J3OqRxW8Xhm41/UJp9PtQD+k6gAoAKACgAoAKACgAoAKACgAoAKACgAoAKACgAoAKACgAoA/z2P8Agkt/yt2f8FE/+xr/AG6//Vn6HQB/TR/wcgeGdF8U/wDBFL9u+21uwtr5NJ8AeCvE2mm4ghmex1rw58Xfh9q2l39o0qOba6huLYIJ4Sk3kSzwhwkzqwB/lK/8E4LGy1P/AIKH/sF6bqVpa6hp2oftn/suWN/YXsEV1ZXtld/HDwNBdWl3azpJBc2tzBI8NxBMjxTRO0ciMjFaAP8AaV/bB/Zd+GP7aH7NHxl/Zl+Lvh7SPEPg34t+BPEHhVxq+m2mpN4e1y+025j8NeNdEF3G/wBg8T+C9daw8S+GtXtjFe6XrOm2l5azxSxK1AH+Gd4N8ZeO/hF498PeOvAniTX/AAF8Rvh74lsde8M+KPDmo3OjeI/C3ijw/fJc2Op6XqVlLDc2Oo6df26yRTQygrJHg7lJVgD/AGw/2Nv2y7P4v/8ABMz4C/t1fF24tdFi139krw38evjBe2kUNvp+m6hoPw6HiP4pX1jboLeC30221TSPEN1YwYhSGyWGI7AjbQD+F34G/wDBr9+0t/wVh+G+m/8ABSz4gfte+CPg94r/AG4vEHj/APaVv/h3rfwl8R+MNR0G0+KfxA8UeJdFmk8Q2/jXQoL+217Q7zTfEenrDpVrFZadq9rYJ5y2v2hwD1z/AIgd/jH/ANJCfhn/AOGA8U//ADzKAP7TP+CYH7Cnh3/gm1+w98Dv2P8AQdftPGF38M9J1u68X+ObTSH0NfHHjrxf4l1fxd4s8SHTpbzUbm2t5tU1mXT9Jtru/vLix0HTtK04zslnGqgH35QAUAFABQAUAFABQAUAFABQAUAFABQAUAFABQAUAfw7f8HtX7NWma9+zj+yF+1zp+mY8RfDb4veIPgL4j1G2jBluvCnxV8Kan430D+1WCFzZaB4h+GGpwaZIzpFbXnjO9iIeTUY9gB9S/8ABmn+0Bc/Ev8A4JjfEH4Katqcl3qX7N37SHjLRdD0+SUyDS/h78T9D0D4jaMsSsxMEV5491H4oz+UqrEZBJKrM8sgQA/rkoA/JHQP+U73xa/7RI/s8/8ArY37T1AH63UAFAH/1f7+KACgAoAKACgAoAKACgAoAKACgAoAKAPx4/4JD/8AIV/4Kt/9ph/2uf8A1DPgZQB+w9ABQAUAFABQAUAFABQAUAFABQAUAFABQAUAFABQAUAFABQAUAFABQAUAFABQAUAFAH+ex/waY/8pav+CqH/AGKnj/8A9aWhoA/vy+JGi+NfEfw+8b+H/hv43tfhp8Qda8K69pfgn4h33hS08d2fgfxVfabc22g+K7vwVf6no1l4st9A1OS21Obw7d6vplvrEds1hNf2qTmdAD/P3/4LAf8ABYP/AIL1f8Eh/wBp/Sf2efHn7T37PPxe0Xxl8OtK+KXw7+JXh39mXwZ4WTxD4W1HXvEXhea31vwpfXWtS+GvEWl634X1KK+0uHX9fsjYz6XfW2rz/bHgtwD03/gjN/wU4/4L6f8ABY/x18bvDPgL9rn9mj4K+HvgR4Y8Ia54r8VeK/2YvCniue91Px7qOvWPhXQ9J8P6VPpUswuo/CviO71DU5tSgg06Owt4vIupr6FFAN7/AIKSf8Ffv+DhD/gir8Vvhxo37UD/ALFn7S/wq+K9pql58PviRonwn8U6J4a8USeGJtOXxd4Xu08NeLfh/wCIfB/jbRbbWdHu3g1Kx1fQ7mz1azvdFvNfFnrlnpoB+2f/AARO/wCDhT4F/wDBXK41/wCEeteA5/2fv2q/Bvht/FmpfDC68Qx+KPCfj7wpYz2Vhq/ir4Y+KZLHR726fSb6+tJNf8G6zpUGtaJY6ha3mnah4q0201rVdLAP0d/bX/4KkfsK/wDBPnTwf2nfj74X8KeMrvTJNV0D4QeHVvPHfxq8U2oinkguND+FnhC31bxd/Zl21vNDH4k1bT9K8J20kcjajr9jBDPKgB/Ep+33/wAHoHxu8df214I/4J2/BHTfgf4dl+0Wlr8b/jlbaP47+K08DbhDqXh74a2VxqHwz8GX8ZC/J4m1D4t2c8TMTZWUxXYAf3H/APBND4pePfjf/wAE7/2HPjJ8VPEVx4v+JfxT/ZQ+AfxA8f8Aiq7tdPsbrxH4w8XfDLw1rniLW7iz0m0sNLtZ9T1W9uryW306xs7KF5jHbW0MKoigH29QAUAFABQAUAFABQAUAFABQAUAFABQAUAFABQAUAFABQAUAf57X/BAL/laN/4K5/7/APwUS/8AW7fhhQB/oS0Afyq/8HithaXn/BIW1uLiFZZtL/at+Ct/YOwybe7k0H4kaY80fo7WOo3luT/cncdzQB/ET/wbPf8AKcL9g/8A7Gb4y/8ArN3xkoA/03f+C1vwY8JfHj/gk5/wUD8EeMNMtdTtdK/ZZ+L/AMT9BF0IgLDxx8GfB+p/FjwHqkVxKrfZHsfF3g3R5ZbiMo/2X7TCzCKaVXAP8Yv4T/FLx18EPif8PvjH8MPEF94U+Ivwu8Y+HfHvgnxHps0tve6N4m8Lara6zo99DJE8bkQ3tpCZYS4juITLbzbopXWgD/WV/wCClf7NPx7/AOCv/i/9kz9ipZ/ix8B/2GNf+Fmk/tZftsfFfwxps+lR/ES6u59Ltvg5+y54G8QavZT6RqXiuDXIvEPj3xvZajY67pXhOw07wT4n1bTJtbtPDml6qAeJ/Hz/AINGP+CS3xC+C2u+CPgn4C+IH7P/AMXP7CuofCPxq0/4s/E74g3Vt4kQCbTL/wAX+CPHvi3WvB+vaNJcottrOl6DpfhO+udMnuo9L1fSb8WmoWoB/l9+M/C/xX/ZP/aE8WeC7/UNQ8BfHD9mz4x694WvtU8NarNb6p4N+Kfwf8aXek3V/oGt2RgnhvtA8WeHnuNL1S1aKRJrWC7gKsENAH+6F8D/AB5c/FT4LfCD4n3tjJpd58R/hf4A8eXemTRGGbTrnxf4T0nxDPYywnJiktJdRe3eInMbRlTnBoA9QoAKACgAoAKACgAoAKACgAoAKACgAoAKACgAoAKACgAoA/z2P+CS3/K3Z/wUT/7Gv9uv/wBWfodAH9Q//Bw//wAoW/2//wDskOkf+rI8D0Af5O//AATevLTTv+CiH7BWoahdW1jYWP7aH7Ld5e315PFa2lnaWvxx8CzXN1dXM7xw29tbwo8s88zpFFEjySOqKzUAf653/BQj/gsH+xJ+wf8As8/FP4n+Jf2i/gz4j+Jug+Dtfl+GPwa8LfETwp4r+I3xB+ID6bcR+EdA0/wboGqajr0Wk3evvp0Ov+JLvT4tB8OaXJPqWr39rDGolAP8jj9hn9gb9qP/AIKQfHrQfgf+zX8Pdb8Za/rWr6efGnjeaw1EeAPhboGp3jJfeOvif4rt7O6svDPh+xjW7uQZ9+q67cwf2N4Z03Wdfu7LTLgA/wBJL/gvJ4m8L/8ABLv/AIN5rr9lv4da1cLLrXw3+Cn7Bnw81S7ZYNQ8Q6deaLb2vxG1HUbeJzuu/FHwl8C/EmfU0hfyI9Q1jJzbnyXAP84T4R/8FRP+CkPwH0zw3oPwi/bu/a08DeFvCFhpek+GPBWk/Hz4lyeAtD0jQ7eCz0fRtP8AAV94ju/B0GjabZW1vY2ekjRDp1vYQx2Mdr9lUQ0Af0s/8EzP+DwX9qn4Y+PvDHw//wCCj9ro37QvwV1vU9L0jV/jP4Z8J6F4K+M3w0sZpktZfE13ongjSdK8IfEzQ9LgK3Gp6GnhrRPGN3ElzqFn4l1e/SPQ9SAP9InwP428JfErwX4R+I3gHxBpnizwN4+8MaD408GeKdFuFvNH8SeFfFGl2ut+Hte0q6T5bnTtX0m+tL+ynXAltriOQAbiKAOooAKACgAoAKACgAoAKACgAoAKACgAoAKACgAoAKAPwt/4OTvgV/wvr/gjF+2dpVrZ/atc+GfhPwv8ddCmEfmtp/8Awp7xv4d8ZeK7xF6jd8O7DxnYySAjyYb2WZsqhVgD+Ur/AIMkfjr/AMI5+1f+2T+zhc3nlW3xZ+A/g34t6dbTSYim1f4JeOj4YlhtFbj7bcaV8bbq6miixJcWekvNJuj08FAD/SHoA/JHQP8AlO98Wv8AtEj+zz/62N+09QB+t1ABQB//1v7+KACgAoAKACgAoAKACgAoAKACgAoAKAPx4/4JD/8AIV/4Kt/9ph/2uf8A1DPgZQB+w9ABQAUAFABQAUAFABQAUAFABQAUAFABQAUAFABQAUAFABQAUAFABQAUAFABQAUAFAH+ex/waY/8pav+CqH/AGKnj/8A9aWhoA/0J6AP82H/AIPcAP8AhtP9jpsDJ/Zd1oE45IHxY8UkAnqQCzEDPG44xk0Ae+f8GNv/ACOX/BSf/sWf2U//AE6/tB0Afo7/AMHqek+Hrj/gmN8A9ZvhbJ4j0v8Abf8AAFn4fnMcLXz2eq/A/wDaAfXbCGRv38djcDTdMvr3yv3b3Ol6YJgSIioB/HB/wbTy+NYv+C2v7DX/AAg/203snir4mxa8toZxE3gp/gf8TP8AhMf7QEKujWSaB9ulxcL5H2yO0bdFMsEigH+vnY/Dv4f6Z4z1z4jab4G8Haf8QvE1hp2leJPHlj4Z0W08Z+IdM0eLyNJ07XPFEFjHreq2GlwfudOs7++uLeyi/d20cSALQB/iX/8ABVPw3ofg/wD4Kc/8FEPC3hnTLPRfDugftvftT6XoejadbxWmnaRpVp8b/G8Vhpen2sCRw2thp9ssdpZW0SLHBawxRIoVcUAf68v/AAR7/wCUUX/BNv8A7Md/Zf8A/VN+EKAP0coAKACgAoAKACgAoAKACgAoAKACgAoAKACgAoAKACgAoAKAP89r/ggF/wArRv8AwVz/AN//AIKJf+t2/DCgD/QloA/lg/4PDP8AlD/N/wBnQ/BL/wBIPHdAH8F//BAT41fCf9nf/grt+xx8Zfjl8QPDHwt+FfgjX/irdeLfHvjLUodI8NeH7fVfgL8VNA02XU9RnxFbrfa3q2m6Xa7uZr29toEy8qigD+0j/guh/wAHG/7A2pfsLfH79l39jf402X7SHx9/aU8B678Do1+HWg+KJvBvgjwX8RrOXwz498Q634y1XRtL0LVbu88G32vaF4b0Xwlfa9q8niDU9NutQttP0mKa7cA/ly/4Iwf8G8v7Wv7ffxz+Hfjv46fCDxz8Ef2LvC3ibSfEPxL8d/Evw/qfgvVPidoOk3Ntqcvw++FXh7XY9L8Q+JJvGkcf9h3njnT7FvCPhPTp9T1GXV77XrHTfDGrgH+tfBBBawQ2ttDFb21tFHBb28EaRQQQQoI4oYYkCpHFFGqpHGiqiIoVQAAKAMHxh4u8M/D/AMJeKfHnjXW9P8M+DfBPhzW/F3i3xHq04tdK8P8Ahnw3pl1rOva3qdy2Vt9P0rSrK6v7ydhiK2t5ZDkLQB/kX/sbfsaePP8Agvh/wWT+Nfi3wz4b1rRP2f8A4j/tN/Ev9pP4/eMTZ3MWn/Dn4JeMvif4g8YWfhOfU4vKjg8ceNdLmXwJ4KshK+oz6tJe+IpbebRfDfiK9sgD/Xm03TdP0bTrDSNJsrbTtK0qytdN03TrKGO2s7DT7GCO1s7K0t4lWKC2tbeKKCCGNVjiijREUKoCgF2gAoAKACgAoAKACgAoAKACgAoAKACgAoAKACgAoAKACgD/AD2P+CS3/K3Z/wAFE/8Asa/26/8A1Z+h0Af1D/8ABw//AMoW/wBv/wD7JDpH/qyPA9AH+Sr+wb4H8J/E79uT9jL4bePdDs/E3gb4hftXfs7eB/GnhvUPO+weIPCfiz4veD9B8RaHffZ5YJ/seraPqF5YXPkzwzeTcP5csb7XUA/13fD/APwQc/4I7eGr+21HTv8Agnj+zdc3FrNFPFH4g8ITeLLBnhcOgudL8U6hrOmXkJIxLb3lpcW86ZjmidCUoA/TD4cfCr4X/B3w3beDfhH8N/AXws8H2ZBtPCnw48H+HvA/hu1IQRg22h+GdO0vS4CI1VAYrVMIoXgACgDptb8P6D4lsm0zxHomka/prtufT9b02z1WydtpXc1rfQ3EDNtZlyY87WIyATuAPgD9ov8A4JHf8Ezv2r9KuNL+Of7Ev7Pviee4SVD4m0LwHpvw58fwrNnetp8R/hovhDx7aIXPm+Vb+I4ojMBKY2cbqAP8/D/g4V/4Ny9P/wCCaPhmD9rr9k3xB4n8Yfslat4p03wx458E+MrpdZ8a/AfxB4nuZYfDVwPEsFpa/wDCU/DLW9TMPhrTdT1iGLxL4d1y60DR9Z1DxTNryaxAAf2Hf8GtHxB8V/ED/gih+yufFtzqF/P4J1n40/D7Q9S1Kd7me78KeGvjF41Hhy2glkZ3Gn+HtNu4vCemQfKlnp/h+2s4VWG3jFAH9C9ABQAUAFABQAUAFABQAUAFABQAUAFABQAUAFABQB5Z8c/hZo/xz+Cfxh+CfiIRnw/8YfhZ8QfhZrolTzYjo/xB8Jav4S1MSR8+ZH9i1efemPnXK85oA/yS/wDg3U+Kesfsq/8ABcH9lPRvFnmaI/iX4ieP/wBmfxzpUz+U51j4ieFvFPw90bRp2yAZLT4ov4Sm8shvNnsEiAV3V6AP9gegD8kdA/5TvfFr/tEj+zz/AOtjftPUAfrdQAUAf//X/v4oAKACgAoAKACgAoAKACgAoAKACgAoA/Hj/gkP/wAhX/gq3/2mH/a5/wDUM+BlAH7D0AFABQAUAFABQAUAFABQAUAFABQAUAFABQAUAFABQAUAFABQAUAFABQAUAFABQAUAf57H/Bpj/ylq/4Kof8AYqeP/wD1paGgD/QnoA/zYv8Ag9w/5PS/Y5/7Ne1z/wBWv4noA8J/4NUf2vvjB+ydr37c118IP2Gv2jP22NS8caB+z7BqOmfAL/hE4o/AP/CO3/xlk0+fxpfeKNUsTZ2/ih9ZuYtFk0+01J2bQtWNxFGI4BKAfen/AAVd/Z2/4L5/8F7vH/wr8Gw/8E67r9jf9mz4NXWr6x4b8P8Axf8AjV8PYpb/AMX+JYrfTbzx5481ea90fXtYu7TR7Mad4e8P+Dvh1qX/AAidrqPiAXF/rM2tC4QA/cP/AIIMf8G8/gz/AIJNDXfjt8YfG2hfGf8AbC8d+Fv+ESutf8NWOoW3w6+D3hK/mtL3X/CXw7fWI7TVvEmp+IL6wsTr/j/WtH0C+uNNsbXQdD0DQrCXxDP4pAP6XKAP8Rn/AIK8f8pV/wDgpP8A9n2ftXf+rx8b0Af65X/BHv8A5RRf8E2/+zHf2X//AFTfg+gD9HKACgAoAKACgAoAKACgAoAKACgAoAKACgAoAKACgAoAKACgD/Pa/wCCAX/K0b/wVz/3/wDgol/63b8MKAP9CWgD+WD/AIPDP+UP83/Z0PwS/wDSDx3QB/C7/wAG5PhHwp48/wCC0f7EHhPxx4Y8PeMvC2r+JPi6mreGvFei6b4i8P6mlr+zx8Xb+1TUdG1e2u9OvVtr61tr23W5t5BDd20FzHtmhjdAD/Xl8Jfs/wDwG8AalBrHgT4JfCPwVq9qzPbar4S+G3g3w3qVuzoY2aC+0fRrO5hZo2ZGMcylkYqeCdwB65QAUAfylf8ABYH43/H7/gqd8aNY/wCCIX/BObVVttOguNGvf+Cl37VMa3Vx8O/gH8PDepd2vwPl1jT5rca5488TzWbT+KvBGkX0Gp6x/Z8Xw7ubqDSn+Ldx4MAP3M/4J4/8E8P2cP8Agmb+zl4c/Zy/Zw8NNY6RZumseOfHGsLbXHjr4r+Op7SC21bx1461aCGAXmqXqwR29hp1tFb6N4c0mG00PQrGy020ihoA9p/Z3/ad+D37VGgfEHxV8E/EM/izwv8ADb4xfET4F634iGm3dlo2peO/hZqUGi+NB4Wv7lEh8SeHdP1uSfSbXxLpjT6Pql5YXx026uraFLiUA+gKACgAoAKACgAoAKACgAoAKACgAoAKACgAoAKACgAoAKAP89j/AIJLf8rdn/BRP/sa/wBuv/1Z+h0Af0n/APByt8RfCPw9/wCCLP7aq+Kdb03Srrxx4W8DfD/wjYXl5Db3viPxV4j+KXglLXSNFtpGE2pX0GnW+p65c2tqkksGjaPquozCOzsbiZAD/KH/AGFvHfhz4Xftt/sdfEzxjqNto/hH4dftUfs9+O/FWr3sy29npfhzwj8W/CPiDXNRu7h8pBbWOmafdXM8zjbFFE7tkKaAP90i0u7XULW2v7G5t72xvbeG7s7y0mjubW7tbmNZre5triFmhnt54XSWGaJmjljdZI2KMCwBYoA/kV/4OW/+C4f7Zf8AwSv+JP7Mnwp/ZW8H/D3TrT4qeDvEvxH8UfE/4k+FLvxla6zJ4d8SW+gj4c+GtNXWNIsNOOnW7w6x4xv5he6rPaeJfDEWi3OhtBfT6kAch/wSz/4O6/2Y/wBpOHSfhZ/wUG0zw5+yP8Z3jW3tvippcmqz/s1+NrpVLM1xfandaz4i+DuoSjIjs/GGo+IPCLJbyzzfEKxu7qy0RgD27/gtv+2R8Hf+ClH7Muq/8EpP+CcHjn4e/tpftPftb+JvhZbavc/BLxRpHxJ+FPwA+FPgT4oeD/iX4m+L/wAZvir4S/4SPwJ4L0SxuvB2leHorG51eTxQ0/iBLrS9Jn1CHTLLVAD96f2AP2PfBv7An7G/7P8A+yH4Fvjq+jfBXwJbaDf+IWtUsX8V+MNVv77xP4/8XvZJuFl/wlfjnXPEPiCOxaW4ewh1GOya6uTb/aHAPsKgAoAKACgAoAKACgAoAKACgAoAKACgAoAKACgAoAKAP8cD/grB4e1j/gn/AP8ABeT9pbxN4as5LC/+FP7amhftTeCrW3/0ZLeHxn4k8L/tNeFLbTXGxI7ayTxTY2NmUO23FssJYPC9AH+xL4a8Q6R4u8OaB4s8P3keo6B4n0XSvEOh6hD/AKq+0jWrGDUtNvIuv7u6srmCdOfuuOtAH5V6B/yne+LX/aJH9nn/ANbG/aeoA/W6gAoA/9D+/igAoAKACgAoAKACgAoAKACgAoAKACgD8eP+CQ//ACFf+Crf/aYf9rn/ANQz4GUAfsPQAUAFABQAUAFABQAUAFABQAUAFABQAUAFABQAUAFABQAUAFABQAUAFABQAUAFABQB/nsf8GmP/KWr/gqh/wBip4//APWloaAP9CegD/Ni/wCD3D/k9L9jn/s17XP/AFa/iegD3v8A4Mbf+Ry/4KT/APYs/sp/+nX9oOgD/QioAKACgD/EZ/4K8f8AKVf/AIKT/wDZ9n7V3/q8fG9AH+uV/wAEe/8AlFF/wTb/AOzHf2X/AP1Tfg+gD9HKACgAoAKACgAoAKACgAoAKACgAoAKACgAoAKACgAoAKACgD/Pa/4IBf8AK0b/AMFc/wDf/wCCiX/rdvwwoA/0JaAP4uv+DxD9s39m67/YI8LfsqeF/jH8OfGXx68RftL+Cdb1j4Y+E/F2heI/F3gzwv8AD/QPHx8Ra54z0fR7+7u/CccHiC70Tw9a22vxWN5qN/fXcdhbXA0nVXsAD+LD/ghf+0N8Mv2Vv+Csv7FPxy+MnibTPBfwy8LfErWtE8XeMNbmFroXhaw+I3w88Z/DODxBrt82ItM0LR9Q8YWd/rWrXLJZaTpkF3qV9JFZ2s7qAf7Lvw++Jnw3+LXhyHxh8KviD4I+JnhK5ma2t/FPw+8V6D4z8OT3CQwXDwQ634cv9S0yWZLe6tZ2iS6Z1huYJSoSaNmAO3oA/lJ/4OPf+C+2k/8ABO3wDqv7JP7LniOx1P8Abh+JXhxf7X1+wkt763/Zj8D+ILLdb+L9WQ+bAfir4i024Fz8OPDNzG50eyng+IXiKAaX/wAIppXjMA/z/v2Y/wDgs9/wUy/Y28A6j8Mv2av2otY+F/hDW/Fmv+PPEVtY/Dn4N6/rXirxr4ouvteveK/F/i/xd8O/EHjDxd4g1CRYoX1bxLr2qXsVjbWWm200OnWNpawAHpXxI/4OBP8Agsl8WPDGseDvGP7fHxhXQdfsLjS9Vh8IWXgL4bahc2F3E8F1bJrvw48H+E9etFuIJHimaz1OB5I3ZGLKzLQB/p3/APBA74CH9nH/AII//sH+Arm0Nnq3iD4J6b8ZNeSWPZetq/x91bVvjXPHqW796b6wt/HdrpMkc/761i0+GyYILVUUA/X6gAoAKACgAoAKACgAoAKACgAoAKACgAoAKACgAoAKACgD/PY/4JLf8rdn/BRP/sa/26//AFZ+h0Af1hftWf8ABDj/AIJg/tv/ABY1343ftTfs7eIfi38R/ET6e9/qupftH/tUeH9FtjpmiaX4dtU0DwT4O+NvhzwN4ViOlaLp0d3B4Y8NaPDqN3FLqmoJd6reXt9dAHzN/wAQuX/BCj/oxn/zZn9sT/6IKgD9Kv2Mv+Cen7JX/BPvw/4r8J/sl/DvxN8NPDHjM+HP7a8Pax8afjp8WNGhHhRNaj0RPDum/GX4lfEG08GxQx+INTW9i8Hx6FFrIazOspfnStK+xAH2pQB8ufta/sVfssft1/DI/CD9rP4KeDvjV4Cjvm1XTNO8TQXtrqvhvWHtZrFtb8IeK9CvdJ8WeDtbNlcT2jav4Y1rSdQktJpbWS5a3ldKAPxZ0r/g03/4Ipad4gXWrn4B/EvW7BbiOceFdV/aC+Lq+H9sbbjbNLpXiXSvEj28mNsm/wARNMV4WZMnaAftt+zF+x1+y3+xh4Gb4cfsr/Af4a/AzwjO8E2qWPgLw3Z6ZqHiO7tVlS21Hxd4jcT+JPGOq28U0sMOreKtX1nUo4H+zrdiFUSgD6ToAKACgAoAKACgAoAKACgAoAKACgAoAKACgAoAKACgAoA/zB/+Dz34Ff8ACBf8FI/g/wDG2wsvI0n4/fsz+HE1G78vb9u8c/CnxZ4m8K60fMACyfZvBWofDWLBJkTo2EMVAH9y3/BC346/8NGf8Eiv2BfiTJefb9Qtf2fvDPwv1q7d/MuLnX/gXc6h8Etbur1izMb291P4fXN9cs+0yyXJnVQkqUAU9A/5TvfFr/tEj+zz/wCtjftPUAfrdQAUAf/R/v4oAKACgAoAKACgAoAKACgAoAKACgAoA/Hj/gkP/wAhX/gq3/2mH/a5/wDUM+BlAH7D0AFABQAUAFABQAUAFABQAUAFABQAUAFABQAUAFABQAUAFABQAUAFABQAUAFABQAUAf57H/Bpj/ylq/4Kof8AYqeP/wD1paGgD+/L4keN7X4Z/D7xt8RL7w9418W2fgbwrrviy68LfDfwlrPj74g+IrfQNNudTl0TwT4I8O293r3i7xVqaWxs9C8OaNa3GpaxqU1tYWUT3E6LQB/mVf8ABw5D+3z/AMFZP2yPBPxS+BP/AASq/wCCmnhn4OfCH4Pab8KPCk/xD/Yq+POk+KfFep/8Jb4p8WeI/Ftxomk+DtdtdE028m1+w0nSNPl1KfUZLLRF1PUUsbnUX0jTQD1P/g288Tftxf8ABJb49fHi4/aN/wCCVv8AwU81b4PftDeBfB+iaj4h+HH7Efx58Q694Q8X/DzW9Z1DwxqF/wCHNR8H6F/aXhy903xZ4ps9Tn0y8utYsLw6U9ppN/bzXr2oB/pG+BfFlt498EeDvHVnovirw5Z+NPCvh7xZa+HvHXhrVfBnjfQbbxHpFnrEGi+MfB+vW9rrnhTxVpcV4tj4h8Naza22q6Fq8F5peo28N5azRoAdVQB+cn7YP/BR3Rf2R9c1Twjb/sc/8FDP2mvFtn4XtPEenW37Kf7G/wAXPjH4P1WbUftSWOhr8UtK0m2+HFnrEctru1ewm8Rtf6NbSwzXVm0k9tb3AB/lGftK/sE/8FZP2lP2i/j5+0V4g/4Jhft86Prvx6+NHxR+M2s6PbfsgftH3drpGp/E/wAb6542vtKtbqX4aRy3FrptzrcllbzSRxvJDBGxjQkpQB/oW/8ABEr/AIKC/Ejwn+yF+xv+xh+0z/wT0/4KZfA34yfDDwv4A/Zzk8YeK/2Gvj5/wpG80/Qri28GeCfGeo/E1fCv2TwX4Zi8NJoc3jTV/HVh4a0nwlcW2s3U97P4esY9XnAP6YaACgAoAKACgAoAKACgAoAKACgAoAKACgAoAKACgAoAKACgD/Pa/wCCAX/K0b/wVz/3/wDgol/63b8MKAP9CWgD4c8T/wDBMT/gmv418SeIfGXjL/gnp+w54u8YeLdc1bxP4r8V+J/2TfgJr3iTxP4k16/uNV13xD4h1zVfh/d6prWua1ql3dalq2rald3V/qN/c3F5eXE1xNJIwBh/8Onv+CWX/SNP9gD/AMQ3/Z0/+dvQB9RfBb9n74Dfs3eFLzwH+zt8EvhF8BPA+oa7d+KL/wAGfBb4beDfhb4UvvE1/Y6bpl/4ivPDvgbRdB0e512903RtH0+71eazfULmx0rTbSa4eCxtkiAPXaAPj74n/wDBPP8AYC+N3jrXfih8Z/2G/wBj74u/EvxS2nv4m+InxP8A2Z/gt4+8deI30nSrHQdKfXfFvivwRq+v6u2maHpemaNp7ahqNwbLStOsdOtvKs7O3giAOB/4dPf8Esv+kaf7AH/iG/7On/zt6AD/AIdPf8Esv+kaf7AH/iG/7On/AM7egD7u0fR9I8PaRpegaBpenaHoOh6dY6PomiaPY22maRo+kaZbRWWm6Xpem2UUFnp+nafZwQ2ljY2kENtaW0UUEEUcUaIoBo0AFABQAUAFABQAUAFABQAUAFABQAUAFABQAUAFABQAUAf57H/BJb/lbs/4KJ/9jX+3X/6s/Q6AP9CegAoAKACgAoAKACgAoAKACgAoAKACgAoAKACgAoAKACgAoAKACgAoAKACgAoA/ii/4PaPgV/wlH7HX7In7RVrZ+fe/B39oLxL8Mb+eKPMtp4f+OHgSfXJ7q4cAYsk174MeH7EM5IS81S2RFBndqAPYP8AgzD+Ov8Awn3/AATZ+LvwTvrzztW+AH7THiX+zrTzN32LwN8VfCnhnxbovyElo/tPjWz+JUvAEbbdy5k82gD9j9A/5TvfFr/tEj+zz/62N+09QB+t1ABQB//S/v4oAKACgAoAKACgAoAKACgAoAKACgAoA/Hj/gkP/wAhX/gq3/2mH/a5/wDUM+BlAH7D0AFABQAUAFABQAUAFABQAUAFABQAUAFABQAUAFABQAUAFABQAUAFABQAUAFABQAUAf57H/Bpj/ylq/4Kof8AYqeP/wD1paGgD/QnoAKACgAoAKACgAoAKACgAoAKACgAoAKACgAoAKACgAoAKACgAoAKACgAoAKACgAoA/z2v+CAX/K0b/wVz/3/APgol/63b8MKAP8AQloAKACgAoAKACgAoAKACgAoAKACgAoAKACgAoAKACgAoAKACgAoAKACgAoAKACgAoA/z2P+CS3/ACt2f8FE/wDsa/26/wD1Z+h0Af6E9ABQAUAFABQAUAFABQAUAFABQAUAFABQAUAFABQAUAFABQAUAFABQAUAFABQB+H3/Bx78Cv+F+/8EZP22tCtrP7TrPw78B6J8ddFnWPzJdO/4Un4y8PfETxNeRLg48zwJofizT53/wCWdpf3DgjGVAP5KP8AgyW+Ov8AwjH7YP7Xv7Ol1eeRZ/GH9n/wx8ULC3lkxFd6/wDBDx3FoUVtbIcg3smh/GjXL0qgUyWel3DuSLZBQB/ZVoH/ACne+LX/AGiR/Z5/9bG/aeoA/W6gAoA//9P+/igAoAKACgAoAKACgAoAKACgAoAKACgD8eP+CQ//ACFf+Crf/aYf9rn/ANQz4GUAfsPQAUAFABQAUAFABQAUAFABQAUAFABQAUAFABQAUAFABQAUAFABQAUAFABQAUAFABQB/nsf8GmP/KWr/gqh/wBip4//APWloaAP9CegAoAKACgAoAKACgAoAKACgAoAKACgAoAKACgAoAKACgAoAKACgAoAKACgAoAKACgD/Pa/4IBf8rRv/BXP/f8A+CiX/rdvwwoA/wBCWgAoAKACgAoAKACgAoAKACgAoAKACgAoAKACgAoAKACgAoAKACgAoAKACgAoAKACgD/PY/4JLf8AK3Z/wUT/AOxr/br/APVn6HQB/oT0AFABQAUAFABQAUAFABQAUAFABQAUAFABQAUAFABQAUAFABQAUAFABQAUAFAHm/xk+Gmi/Gj4Q/FX4O+JVVvDnxZ+G/jn4aa+rRiVW0Xx34Y1TwtqqtE2FkU2Oqzgxk4cfKcZoA/yNf8Ag3v+Jetfskf8FyP2T9E8XFtHudU+Lnjj9mDxzpUkhjWTW/iV4f8AFXwn03SJidjM1n8S7/wzdRRsAZLvToEKfMVoA/0pNA/5TvfFr/tEj+zz/wCtjftPUAfrdQAUAf/U/v4oAKACgAoAKACgAoAKACgAoAKACgAoA/Hj/gkP/wAhX/gq3/2mH/a5/wDUM+BlAH7D0AFABQAUAFABQAUAFABQAUAFABQAUAFABQAUAFABQAUAFABQAUAFABQAUAFABQAUAf57H/Bpj/ylq/4Kof8AYqeP/wD1paGgD/QnoAKACgAoAKACgAoAKACgAoAKACgAoAKACgAoAKACgAoAKACgAoAKACgAoAKACgAoA/z2v+CAX/K0b/wVz/3/APgol/63b8MKAP8AQloAKACgAoAKACgAoAKACgAoAKACgAoAKACgAoAKACgAoAKACgAoAKACgAoAKACgAoA/z2P+CS3/ACt2f8FE/wDsa/26/wD1Z+h0Af6E9ABQAUAFABQAUAFABQAUAFABQAUAFABQAUAFABQAUAFABQAUAFABQAUAFABQAUAf443/AAWD8L61+wZ/wXg/ah8SeFrRrDUvh5+2B4f/AGqfBEUObaCOTx9qvhX9pfw/Hp0iKEitbK98VRafAIAyWT2b2oCvasigH+lV8MvFOi+OP+C2fjPxr4bu1v8Aw74w/wCCOH7L/inQL5MbL3RfEH7Wn7SuraXdrgsNtzY3cEy4Zhh+CeDQB+x9ABQB/9X+/igAoAKACgAoAKACgAoAKACgAoAKACgD8eP+CQ//ACFf+Crf/aYf9rn/ANQz4GUAfsPQAUAFABQAUAFABQAUAFABQAUAFABQAUAFABQAUAFABQAUAFABQAUAFABQAUAFABQB/nsf8GmP/KWr/gqh/wBip4//APWloaAP9CegAoAKACgAoAKACgAoAKACgAoAKACgAoAKACgAoAKACgAoAKACgAoAKACgAoAKACgD/Pa/4IBf8rRv/BXP/f8A+CiX/rdvwwoA/wBCWgAoAKACgAoAKACgAoAKACgAoAKACgAoAKACgAoAKACgAoAKACgAoAKACgAoAKACgD/PY/4JLf8AK3Z/wUT/AOxr/br/APVn6HQB/oT0AFABQAUAFABQAUAFABQAUAFABQAUAFABQAUAFABQAUAFABQAUAFABQAUAFABQB/mK/8AB6L8Do/A/wDwUX+B/wAbbC2SDTvjt+zLo1jqkoA8y88a/Cfxp4n0DVbl2GCVXwbrvw8s0DBmBtH+cqUSIA/oT/4IB/Gm6+P3xf8A2WPiHfSyXF9a/wDBBD9ln4YX11Mxee7vfgV+2z+1t8Dru9uJCS0txeXHw6kuriZyXmmlklkJd2NAH9a9ABQB/9b+/igAoAKACgAoAKACgAoAKACgAoAKACgD8eP+CQ//ACFf+Crf/aYf9rn/ANQz4GUAfsPQAUAFABQAUAFABQAUAFABQAUAFABQAUAFABQAUAFABQAUAFABQAUAFABQAUAFABQB/nsf8GmP/KWr/gqh/wBip4//APWloaAP9CegAoAKACgAoAKACgAoAKACgAoAKACgAoAKACgAoAKACgAoAKACgAoAKACgAoAKACgD/Pa/4IBf8rRv/BXP/f8A+CiX/rdvwwoA/wBCWgAoAKACgAoAKACgAoAKACgAoAKACgAoAKACgAoAKACgAoAKACgAoAKACgAoAKACgD/PY/4JLf8AK3Z/wUT/AOxr/br/APVn6HQB/oT0AFABQAUAFABQAUAFABQAUAFABQAUAFABQAUAFABQAUAFABQAUAFABQAUAFABQB/n/wD/AAfJ+GcS/wDBNTxjFH9+P9rLwzfy46eW37OuqaTHnvu83WmwSMbcru3PtAPV/wDg0i8Tf294o8EaV5m//hCv+CZzeGduc+T9q/4Kc/tseMvL9sjxb5uOP9bnvlgD+6mgAoA//9f+/igAoAKACgAoAKACgAoAKACgAoAKACgD8eP+CQ//ACFf+Crf/aYf9rn/ANQz4GUAfsPQAUAFABQAUAFABQAUAFABQAUAFABQAUAFABQAUAFABQAUAFABQAUAFABQAUAFABQB/nsf8GmP/KWr/gqh/wBip4//APWloaAP9CegAoAKACgAoAKACgAoAKACgAoAKACgAoAKACgAoAKACgAoAKACgAoAKACgAoAKACgD/Pa/4IBf8rRv/BXP/f8A+CiX/rdvwwoA/wBCWgAoAKACgAoAKACgAoAKACgAoAKACgAoAKACgAoAKACgAoAKACgAoAKACgAoAKACgD/PY/4JLf8AK3Z/wUT/AOxr/br/APVn6HQB/oT0AFABQAUAFABQAUAFABQAUAFABQAUAFABQAUAFABQAUAFABQAUAFABQAUAFABQB/EL/we8+GftX7K37EHjLy8/wBg/tBfEHwz5uPuf8Jb8OYtV8vdjjzP+EK3YyM+VnB25UA+Sv8Agy58Tf298cP2gtK8zf8A8IV+yp4c8M7c58r7V+0X478ZeX7Z/wCEt83HH+sz3JYA/wBC+gAoA//Q/v4oAKACgAoAKACgAoAKACgAoAKACgAoA/Hj/gkP/wAhX/gq3/2mH/a5/wDUM+BlAH7D0AFABQAUAFABQAUAFABQAUAFABQAUAFABQAUAFABQAUAFABQAUAFABQAUAFABQAUAf57H/Bpj/ylq/4Kof8AYqeP/wD1paGgD/QnoAKACgAoAKACgAoAKACgAoAKACgAoAKACgAoAKACgAoAKACgAoAKACgAoAKACgAoA/z2v+CAX/K0b/wVz/3/APgol/63b8MKAP8AQloAKACgAoAKACgAoAKACgAoAKACgAoAKACgAoAKACgAoAKACgAoAKACgAoAKACgAoA/z2P+CS3/ACt2f8FE/wDsa/26/wD1Z+h0Af6E9ABQAUAFABQAUAFABQAUAFABQAUAFABQAUAFABQAUAFABQAUAFABQAUAFABQAUAfyFf8HpPhn+1v+CW/wV8QRR7p/Cn7b3w1nmkxny9N1j4L/tAaVcLnqvmajLpBznHyYOSy0AfkL/wZENn9pf8AbZT+78DPA7f99+P4h/7JQB/o30AFAH//0f7+KACgAoAKACgAoAKACgAoAKACgAoAKAPx4/4JD/8AIV/4Kt/9ph/2uf8A1DPgZQB+w9ABQAUAFABQAUAFABQAUAFABQAUAFABQAUAFABQAUAFABQAUAFABQAUAFABQAUAFAH+ex/waY/8pav+CqH/AGKnj/8A9aWhoA/0J6ACgAoAKACgAoAKACgAoAKACgAoAKACgAoAKACgAoAKACgAoAKACgAoAKACgAoAKAP89r/ggF/ytG/8Fc/9/wD4KJf+t2/DCgD/AEJaACgAoAKACgAoAKACgAoAKACgAoAKACgAoAKACgAoAKACgAoAKACgAoAKACgAoAKAP89j/gkt/wArdn/BRP8A7Gv9uv8A9WfodAH+hPQAUAFABQAUAFABQAUAFABQAUAFABQAUAFABQAUAFABQAUAFABQAUAFABQAUAFAH8yH/B3P4Z/t7/gjL8SNV8vf/wAIV8cvgL4m3Yz5X2rxfJ4N8zODtz/wlvlZ4/1m3J3YoA/n3/4Mhmz+1B+2+n934CfD5v8Avr4hyj/2SgD/AEd6ACgD/9L+/igAoAKACgAoAKACgAoAKACgAoAKACgD8eP+CQ//ACFf+Crf/aYf9rn/ANQz4GUAfsPQAUAFABQAUAFABQAUAFABQAUAFABQAUAFABQAUAFABQAUAFABQAUAFABQAUAFABQB/nsf8GmP/KWr/gqh/wBip4//APWloaAP9CegAoAKACgAoAKACgAoAKACgAoAKACgAoAKACgAoAKACgAoAKACgAoAKACgAoAKACgD/Pa/4IBf8rRv/BXP/f8A+CiX/rdvwwoA/wBCWgAoAKACgAoAKACgAoAKACgAoAKACgAoAKACgAoAKACgAoAKACgAoAKACgAoAKACgD/PY/4JLf8AK3Z/wUT/AOxr/br/APVn6HQB/oT0AFABQAUAFABQAUAFABQAUAFABQAUAFABQAUAFABQAUAFABQAUAFABQAUAFABQB+Cv/Bzn4Z/4Sn/AIId/txWyR77jSdL+B/ia3YLuaL/AIRz9pT4O6veSD0zplrfRM38McrnsaAP5b/+DIX/AJOl/bi/7ID8Ov8A1YlzQB/o9UAFAH//0/7+KACgAoAKACgAoAKACgAoAKACgAoAKAPx4/4JD/8AIV/4Kt/9ph/2uf8A1DPgZQB+w9ABQAUAFABQAUAFABQAUAFABQAUAFABQAUAFABQAUAFABQAUAFABQAUAFABQAUAFAH+ex/waY/8pav+CqH/AGKnj/8A9aWhoA/0J6ACgAoAKACgAoAKACgAoAKACgAoAKACgAoAKACgAoAKACgAoAKACgAoAKACgAoAKAP89r/ggF/ytG/8Fc/9/wD4KJf+t2/DCgD/AEJaACgAoAKACgAoAKACgAoAKACgAoAKACgAoAKACgAoAKACgAoAKACgAoAKACgAoAKAP89j/gkt/wArdn/BRP8A7Gv9uv8A9WfodAH+hPQAUAFABQAUAFABQAUAFABQAUAFABQAUAFABQAUAFABQAUAFABQAUAFABQAUAFAH5N/8F2fDP8Awlv/AAR7/wCCiGleX5n2T9mbx54m24zj/hCorXxl5mMH/Vf2D5uf4dm7IxlQD+On/gyF/wCTpf24v+yA/Dr/ANWJc0Af6PVABQB//9T+/igAoAKACgAoAKACgAoAKACgAoAKACgD8eP+CQ//ACFf+Crf/aYf9rn/ANQz4GUAfsPQAUAFABQAUAFABQAUAFABQAUAFABQAUAFABQAUAFABQAUAFABQAUAFABQAUAFABQB/nsf8GmP/KWr/gqh/wBip4//APWloaAP9CegAoAKACgAoAKACgAoAKACgAoAKACgAoAKACgAoAKACgAoAKACgAoAKACgAoAKACgD/Pa/4IBf8rRv/BXP/f8A+CiX/rdvwwoA/wBCWgAoAKACgAoAKACgAoAKACgAoAKACgAoAKACgAoAKACgAoAKACgAoAKACgAoAKACgD/PY/4JLf8AK3Z/wUT/AOxr/br/APVn6HQB/oT0AFABQAUAFABQAUAFABQAUAFABQAUAFABQAUAFABQAUAFABQAUAFABQAUAFABQB8Qf8FNfDP/AAmf/BN//goB4SEfmSeJP2Kf2ptFgXbuYXWo/A7xza2joP8AnpFcyRSxHnEiKQDjFAH8Mn/BkL/ydL+3F/2QH4df+rEuaAP9HqgAoA//1f7+KACgAoAKACgAoAKACgAoA+SP24P23P2fv+Cev7OXjf8Aaf8A2k/FMnhz4e+DY4bSz0/TYYb/AMWeOvF2ox3B8O+APAmizXNmuueMPEk1tPHp9nJd2VhZWdtqGu69qWj+HNH1jWNPAP58v2Mv+CnP/Bbf/gq/8KvjJ+1j+xB8E/2EvgF+z34F8TeI/CfwX8AftMWnxo+IfxN+PfifwvZQX+q6PceNPBHjr4e+FvDeliG+07Sl19PD+n6fbeMZbnQzqF/p2mavrWngH0j/AMEXP+DhD4Xf8FPvE3iT9mz4xfDyP9mb9tvwHb6zPqvwpuNYl1Hwl8R7PwtK1r4svvhtqGrRWetWniHwxcw3U/ij4a63Fea3oukQyazpeueKtN03xJdeHgD+jOgD8eP+CQ//ACFf+Crf/aYf9rn/ANQz4GUAfsPQAUAFABQAUAFABQAUAFABQAUAFABQAUAFABQAUAFABQAUAFABQAUAFABQAUAFABQB/nsf8GmP/KWr/gqh/wBip4//APWloaAP9CegAoAKACgAoAKACgAoAKACgAoAKACgAoAKACgAoAKACgAoAKACgAoAKACgAoAKACgD/Pa/4IBf8rRv/BXP/f8A+CiX/rdvwwoA/wBCWgAoAKACgAoAKACgAoAKACgAoAKACgAoAKACgAoAKACgAoAKACgAoAKACgAoAKACgD/PY/4JLf8AK3Z/wUT/AOxr/br/APVn6HQB/oT0AFABQAUAFABQAUAFABQAUAFABQAUAFABQAUAFABQAUAFABQAUAFABQAUAFABQB5N8fPDP/Ca/Ar40+DfL83/AIS34TfEbwz5WN3m/wBveDtZ0ry9uDnf9q24wc5xg5xQB/nvf8GQv/J0v7cX/ZAfh1/6sS5oA/0eqACgD//W/v4oAKACgAoAKACgAoAKACgD/MH/AODxn9t3xL8Yv2/PDH7GOj6zew/DD9kfwH4Z1LXfD8V0Rp2rfGv4u+HrDxzqniK7ggkEF3Jo3w01rwFoGj/bIpLrRbm58XraSQx65exuAf2Hf8Gxvhqy8M/8EPv2H4rSFI5dZ0v42eJdQmVAsl3e67+0d8Xr0TTEZ3vFZNZ2Mbnn7NaQJxsAoA/zWv21vix47/Ys/wCC3P7Xfxo+B2qN4W8cfAb/AIKM/tBePPh/cQBo7S1fRvj14w1az0O9t43Vbzw/qOlyv4d1vS5c2ur6DeX2m3kUlreTQ0Af7GnwC+MXhn9oj4FfBj4/eCxKvg/43/Cn4e/Fzwuk7pJcReH/AIjeEtJ8X6RBcsgVTdQWGsW8NyAq7Z0kUqpUrQB+af8AwSH/AOQr/wAFW/8AtMP+1z/6hnwMoA/YegAoAKACgAoAKACgAoAKACgAoAKACgAoAKACgAoAKACgAoAKACgAoAKACgAoAKACgD/PY/4NMf8AlLV/wVQ/7FTx/wD+tLQ0Af6E9ABQAUAFABQAUAFABQAUAFABQAUAFABQAUAFABQAUAFABQAUAFABQAUAFABQAUAFAH+e1/wQC/5Wjf8Agrn/AL//AAUS/wDW7fhhQB/oS0AFABQAUAFABQAUAFABQAUAFABQAUAFABQAUAFABQAUAFABQAUAFABQAUAFABQAUAf57H/BJb/lbs/4KJ/9jX+3X/6s/Q6AP9CegAoAKACgAoAKACgAoAKACgAoAKACgAoAKACgAoAKACgAoAKACgAoAKACgAoAKAGuiyKyOqujqUdGAKsrDDKwOQVYEggjBHBzmgD/ADl/+DMzRrrwX/wUG/4KAeBC7xweHfgidGubdgPmuvC/xt0zRoHcsN4eBJLtMZAPnPvBIUqAf6NVABQB/9f+/igAoAKACgAoAKACgAoAKAP8W/8A4Lu69f8AiT/gsN/wUP1DUWuGuLf9pbxtoMZuWdpBYeFTZ+GNLVS+T9nTTNHtEtFHyLarCseECigD/TP/AODbn/lCT+wT/wBiF8Rf/V5/FKgD/Lx/4LJ/8pZP+CkH/Z6v7R3/AKtPxNQB/qkf8G/us6lrv/BGj/gnze6qZ2uoPgRZ6NEbhzJJ/Zvh3xR4l8P6MFZiSIF0jTLFbZOkdsIo1AVVCgHm2rf8Eu/28vh58Y/2lPG37GP/AAVn1D9mD4U/tJfHzxX+0lrfwf8AEH7DPwJ+P95oHxM+IOg+FNL8c3Fp8SPGfizQdXvtGv73wtbTaFpP9iWEehaQLPTLiXWtUg1HxFq4B1ui/sSf8FibCKZNY/4Lh2GvSySK0Mzf8EyP2bNM8iMLgxCOz8fssu5vn3udw+6Mj7oBtf8ADGf/AAVy/wCk02nf+K2v2eP/AJvqAD/hjP8A4K5f9JptO/8AFbX7PH/zfUAH/DGf/BXL/pNNp3/itr9nj/5vqAD/AIYz/wCCuX/SabTv/FbX7PH/AM31AB/wxn/wVy/6TTad/wCK2v2eP/m+oAP+GM/+CuX/AEmm07/xW1+zx/8AN9QAf8MZ/wDBXL/pNNp3/itr9nj/AOb6gA/4Yz/4K5f9JptO/wDFbX7PH/zfUAH/AAxn/wAFcv8ApNNp3/itr9nj/wCb6gA/4Yz/AOCuX/SabTv/ABW1+zx/831AB/wxn/wVy/6TTad/4ra/Z4/+b6gA/wCGM/8Agrl/0mm07/xW1+zx/wDN9QAf8MZ/8Fcv+k02nf8Aitr9nj/5vqAD/hjP/grl/wBJptO/8Vtfs8f/ADfUAH/DGf8AwVy/6TTad/4ra/Z4/wDm+oAP+GM/+CuX/SabTv8AxW1+zx/831AB/wAMZ/8ABXL/AKTTad/4ra/Z4/8Am+oAP+GM/wDgrl/0mm07/wAVtfs8f/N9QAf8MZ/8Fcv+k02nf+K2v2eP/m+oAP8AhjP/AIK5f9JptO/8Vtfs8f8AzfUAH/DGf/BXL/pNNp3/AIra/Z4/+b6gA/4Yz/4K5f8ASabTv/FbX7PH/wA31AB/wxn/AMFcv+k02nf+K2v2eP8A5vqAD/hjP/grl/0mm07/AMVtfs8f/N9QAf8ADGf/AAVy/wCk02nf+K2v2eP/AJvqAD/hjP8A4K5f9JptO/8AFbX7PH/zfUAH/DGf/BXL/pNNp3/itr9nj/5vqAPzR/Yz/wCDcL9pD9gb4z/GD4+/sz/8FYNR8IfE346WepWHxH1jV/2IPhh4vtNWttW8VL40vUtdI8TfFnU9M0lpPECi6V9Ntbdo4v8ARUK24CMAfpd/wxn/AMFcv+k02nf+K2v2eP8A5vqAD/hjP/grl/0mm07/AMVtfs8f/N9QAf8ADGf/AAVy/wCk02nf+K2v2eP/AJvqAD/hjP8A4K5f9JptO/8AFbX7PH/zfUAH/DGf/BXL/pNNp3/itr9nj/5vqAD/AIYz/wCCuX/SabTv/FbX7PH/AM31AB/wxn/wVy/6TTad/wCK2v2eP/m+oAP+GM/+CuX/AEmm07/xW1+zx/8AN9QAf8MZ/wDBXL/pNNp3/itr9nj/AOb6gA/4Yz/4K5f9JptO/wDFbX7PH/zfUAH/AAxn/wAFcv8ApNNp3/itr9nj/wCb6gA/4Yz/AOCuX/SabTv/ABW1+zx/831AB/wxn/wVy/6TTad/4ra/Z4/+b6gA/wCGM/8Agrl/0mm07/xW1+zx/wDN9QAf8MZ/8Fcv+k02nf8Aitr9nj/5vqAD/hjP/grl/wBJptO/8Vtfs8f/ADfUAH/DGf8AwVy/6TTad/4ra/Z4/wDm+oAP+GM/+CuX/SabTv8AxW1+zx/831AB/wAMZ/8ABXL/AKTTad/4ra/Z4/8Am+oAP+GM/wDgrl/0mm07/wAVtfs8f/N9QAf8MZ/8Fcv+k02nf+K2v2eP/m+oAP8AhjP/AIK5f9JptO/8Vtfs8f8AzfUAH/DGf/BXL/pNNp3/AIra/Z4/+b6gA/4Yz/4K5f8ASabTv/FbX7PH/wA31AB/wxn/AMFcv+k02nf+K2v2eP8A5vqAD/hjP/grl/0mm07/AMVtfs8f/N9QAf8ADGf/AAVy/wCk02nf+K2v2eP/AJvqAD/hjP8A4K5f9JptO/8AFbX7PH/zfUAfml+zf/wbh/tIfsnftc/Gn9uL4J/8FYNR8O/tF/tAn4nH4n+K9Q/Yg+GPiHStYPxf+IekfFLx39j8Ka38Wb7w5o/9p+M9E07ULb+y9Otf7Mt4m0+w8mylkiYA/S3/AIYz/wCCuX/SabTv/FbX7PH/AM31AB/wxn/wVy/6TTad/wCK2v2eP/m+oAP+GM/+CuX/AEmm07/xW1+zx/8AN9QAf8MZ/wDBXL/pNNp3/itr9nj/AOb6gA/4Yz/4K5f9JptO/wDFbX7PH/zfUAH/AAxn/wAFcv8ApNNp3/itr9nj/wCb6gA/4Yz/AOCuX/SabTv/ABW1+zx/831AB/wxn/wVy/6TTad/4ra/Z4/+b6gA/wCGM/8Agrl/0mm07/xW1+zx/wDN9QAf8MZ/8Fcv+k02nf8Aitr9nj/5vqAD/hjP/grl/wBJptO/8Vtfs8f/ADfUAH/DGf8AwVy/6TTad/4ra/Z4/wDm+oAP+GM/+CuX/SabTv8AxW1+zx/831AB/wAMZ/8ABXL/AKTTad/4ra/Z4/8Am+oAP+GM/wDgrl/0mm07/wAVtfs8f/N9QAf8MZ/8Fcv+k02nf+K2v2eP/m+oAP8AhjP/AIK5f9JptO/8Vtfs8f8AzfUAH/DGf/BXL/pNNp3/AIra/Z4/+b6gA/4Yz/4K5f8ASabTv/FbX7PH/wA31AB/wxn/AMFcv+k02nf+K2v2eP8A5vqAD/hjP/grl/0mm07/AMVtfs8f/N9QAf8ADGf/AAVy/wCk02nf+K2v2eP/AJvqAD/hjP8A4K5f9JptO/8AFbX7PH/zfUAH/DGf/BXL/pNNp3/itr9nj/5vqAD/AIYz/wCCuX/SabTv/FbX7PH/AM31AB/wxn/wVy/6TTad/wCK2v2eP/m+oAP+GM/+CuX/AEmm07/xW1+zx/8AN9QAf8MZ/wDBXL/pNNp3/itr9nj/AOb6gD80fgz/AMG4X7SHwC/bU+J3/BQP4Z/8FYNR0f8Aaf8Ai/efEK/8deMbv9iD4Y6vo+pXPxR1aDW/GT2/g7U/izc+F9OXUNRtoZbdLDTLddPRTFZiKNmVgD9Lv+GM/wDgrl/0mm07/wAVtfs8f/N9QAf8MZ/8Fcv+k02nf+K2v2eP/m+oAP8AhjP/AIK5f9JptO/8Vtfs8f8AzfUAH/DGf/BXL/pNNp3/AIra/Z4/+b6gA/4Yz/4K5f8ASabTv/FbX7PH/wA31AB/wxn/AMFcv+k02nf+K2v2eP8A5vqAD/hjP/grl/0mm07/AMVtfs8f/N9QAf8ADGf/AAVy/wCk02nf+K2v2eP/AJvqAD/hjP8A4K5f9JptO/8AFbX7PH/zfUAH/DGf/BXL/pNNp3/itr9nj/5vqAD/AIYz/wCCuX/SabTv/FbX7PH/AM31AB/wxn/wVy/6TTad/wCK2v2eP/m+oAP+GM/+CuX/AEmm07/xW1+zx/8AN9QAf8MZ/wDBXL/pNNp3/itr9nj/AOb6gA/4Yz/4K5f9JptO/wDFbX7PH/zfUAH/AAxn/wAFcv8ApNNp3/itr9nj/wCb6gA/4Yz/AOCuX/SabTv/ABW1+zx/831AB/wxn/wVy/6TTad/4ra/Z4/+b6gA/wCGM/8Agrl/0mm07/xW1+zx/wDN9QAf8MZ/8Fcv+k02nf8Aitr9nj/5vqAD/hjP/grl/wBJptO/8Vtfs8f/ADfUAH/DGf8AwVy/6TTad/4ra/Z4/wDm+oAP+GM/+CuX/SabTv8AxW1+zx/831AB/wAMZ/8ABXL/AKTTad/4ra/Z4/8Am+oAP+GM/wDgrl/0mm07/wAVtfs8f/N9QAf8MZ/8Fcv+k02nf+K2v2eP/m+oAP8AhjP/AIK5f9JptO/8Vtfs8f8AzfUAcpq37Df/AAWYvL159M/4LrWOj2jJGqWK/wDBLz9mW/CMq4d/tN18QBM3mNltpGEzhcgUAeT/APBHz/gg3p//AASt+PX7Sn7SGv8A7Vmu/tK/Er9o7R00bUyPg7oXwY8N6Guo+M7rx54s1GTRNO8a+P21PUtZ19dLOlLpt94Z0jw/YQapaHSNWOo2M2hgH9BlABQB/9D+/igAoAKACgAoAKACgAoAKAP8fz/g5x+BmsfA7/gs/wDtZm9spbfQ/jDc+Afjn4Pu5IpIU1bR/H3gTQk169g3jbJFafETRvG+iGWJ5I5JtImJMUnmQRAH+h1/wbYXMV1/wRF/YLlhYMi+CvifbEgg/vbP4+/Fi0nXjPKzQOpHUFcHBBFAH+Xl/wAFirhLr/grB/wUiki5C/tu/tMW3HP7y0+Lviu0lHGeksDj/DpQB/rx/wDBLf4F6t+zR/wTk/Yi+BniKxutL8VfD39mb4Q6Z400u8Qx3Ol+Or7wdpmt+OdNljIDIbDxdqes2io4DqkKhwHDCgD7zoAKACgAoAKACgAoAKACgAoAKACgAoAKACgAoAKACgAoAKACgAoAKACgAoAKACgAoAKACgAoAKACgAoAKACgAoAKACgAoAKACgAoAKACgAoAKACgAoAKACgAoAKACgAoAKACgAoAKACgAoAKACgAoAKACgAoAKACgAoAKACgAoAKACgAoAKACgAoAKACgAoAKACgAoAKACgAoAKACgAoAKACgAoAKACgAoAKACgAoAKACgAoAKACgAoAKACgAoAKACgAoAKACgAoAKACgAoAKAP/0f7+KACgAoAKACgAoAKACgAoA/l+/wCDmb/gi94j/wCCmPwB8LfHP9nXRLfUv2vf2atN1lNA8OCaO1ufjP8ACS+aXV9f+GNrPKFhPjDRtXRvE3w3F3PDZXF/feKPDcpS48V2eoaaAfIH/BuP/wAFXv2Sv2V/+CYmvfsrftq/GPwr+yz8af2GfGPxng8U/C346ajD8OPiNq/g3xP408QfFmCTwf4J8Utpvifxd4ltvEnjDxJ4QuPA2haZf+MrTWbDTrOTQ1TXNCa7APxO/wCCLv8AwSX+Ln/BXP8A4KO+PP8AgpX+0L8Mde8F/sV3n7SvxF/aavJPGdhdacvx58ceKPiPrvxD8P8Aw28GpdR48TeENO8SX9vL8TPEtn9p8PtpWmX3g201F9b1l30gA/0tPiX8VPhh8F/B+qfEL4w/EfwH8KPAOiKr6z44+JXi/wAP+BfCGkK+djan4l8UahpejWIfY2w3V5Fv2nbnaaAPE/gR+3P+xb+1FrF94d/Zv/az/Zy+OviTTIJrvUvDPwn+M/w98eeJbGyt3McmoXfh7w34g1DWYNN3qfL1KSwWxmA3Q3Dp81AH1TQAUAFABQAUAFABQAUAFABQAUAFABQAUAFABQAUAFABQAUAFABQAUAFABQB8bfFn/gop+wH8BfHB+Gfxt/bY/ZS+EvxEilSK88EfEX4/wDws8H+KtLaQM0Ta3oWu+KLHUtDhm2sIbjWILGCZ1McUjuCtAH1Z4Z8UeGvGvh/SPFng3xFoXi3wr4gsYdT0HxL4Z1fT9e8P63ptyu631DSNZ0q4u9O1KxnX5obuzuZoJV5SQgUAbtABQAUAfO+s/te/sm+HdX1Xw/4g/ag/Z30LX9C1K+0bW9E1n41/DbTNX0bV9MupbLUtK1XTb3xPBe6dqWnXsE1pfWN3BDdWl1DLb3EUcsbooBm/wDDav7G3/R2v7Mv/h+fhZ/81dAHtvgnx94E+Jfh+38WfDjxr4S+IHhW7nura08TeCfEej+K/D91c2MzW17b2+s6Fe3+nTT2dwjwXUUVy728yNFKqOrLQB1tABQAUAFABQAUAFABQAUAFABQAUAFABQAUAFABQAUAFABQAUAFABQAUAeQ/FD9oH4F/BK/wDAuk/GD4w/DP4Yax8UPFuieAvhro3jvxt4d8L6x8QfGviPVLPRdD8K+CtJ1jUbTUfFGvalqmoWdnb6ZoltfXRkuIy8SR7nUA9eoAKACgAoAKACgAoAKACgAoAKACgAoAKACgAoAKACgAoAKACgAoAKACgAoAZLLHBHJNNIkUMKPLLLK6xxxRxqWeSSRiFREUFndiFVQSSACaAPJ/hJ8fPgf8fbTxfqHwO+Lvw3+MGm+APGF78PfGuqfDPxn4f8caX4Y8c6bpulavqXhHWdT8N6hqVjZ+IdO03W9JutQ0mW4W8sVvoEuoYZWKKAet0AFABQB4V4w/ai/Zm+HviPUvB/j79on4FeB/FujG1XV/C3jD4ueAPDXiPSmvbK21KyXUtE1rxDZanYm7068tL+1FzaxGeyura6i3wTxOwBzX/Dav7G3/R2v7Mv/h+fhZ/81dAHrXw9+LPwr+LmnX2r/Cj4mfD/AOJ2k6XejTdT1T4e+MvDnjTTtO1FoI7lbC+vfDepanbWl61tNFcC1uJY5zBJHKIzG6swB6BQAUAFABQAUAFABQAUAFABQAUAFABQAUAFABQAUAFABQAUAFABQAUAV7u7tbC1ub6+ubezsrO3mu7y8u5o7e1tbW3jaa4ubm4mZYoLeCJHlmmlZY4o1Z3YKpKgHxVZ/wDBTH/gnNqPjYfDew/b2/Y2vfHrPHCnhG1/aY+DU+uyXUsvkpp8NhH4zaabVPMAzpUSNqKoySvbLE6OwB9uKysoZSGVgGVlIKspGQQRkEEYIIOCORmgBaAP/9L+/igAoAKACgAoAKACgAoAKACgDx7x1+zx8APihrdn4m+JnwN+D3xE8Sac0Taf4g8dfDPwV4u1uxaCPyYWs9V1/RNQv7VoYQIojBcIY4/kQqvy0AdT4+8c+Cfg58N/GnxJ8banYeEvhz8LPBPiLxv4t1mWMQ6Z4a8F+CdCvNd13UnhgjxFZaPommXVy0UEXyQW+yKPhVoA/wAwX4b/ALXnjv8A4OMf+C+P7L/gP9oWXWpv2PR8XPGeufDT9my+1CaPwV4c+Dvwg8EeNvir/ZfifRrO4fTtT8a/E7TPA1vpfxP8UeZNqWqHW5vDmlX9n4Z0vw5pmlgH69f8Hdn7Ifww/Zc+F/7Fv7fn7Kfg/Qv2a/jR8OvjvY/BBvGnwI0qx+FWqvaaj4C8VePvhvqQl8E2+ii21bwDP8L9csPDmr2qwX1rpuvS6TJcy2FrpltaAH7k/wDBvH/wVkvf+Cqf7FP9tfE6607/AIah/Z71XSfhp8f4tPghsYvFL3unTXfgL4uW+mWyrZ6ZB8SNK03Vo9UsbRbazg8beF/Ga6Vp2naENItkAP3voAKACgAoAKACgAoAKACgAoAKACgAoAKACgAoAKACgAoAKACgAoAKAP5Lf+Dpr/gsv44/4J//AAX8Gfsm/szeKrzwj+1B+0t4f1PXtc8f6NP9m8Q/B74Fw3d74du9e8M3iOlzo/jn4h6/a6n4c8IeI7NZbrw3p3hvxpq+nTaV4mg8MatagHI/8Gx//BND9lT4i/8ABI6P40ftA/A74d/G3x5+3J4n+NWofEzxR8UvDGl+MfE954F8PfEPxT8KdM8L2Wv61a3WsaLaSX/gvWPGwvtJvLLVpvEniD+33v2vrHSJ7IA/nF/4JKf8FO/H3/BE7/gqf8ZP2G/iJ4/1vWf2GE/aw+Kv7OXxI8OeJ9TuLzR/hfrHhj4o618N9E+PnhqJ3MOgX+lXWj6fP8ShpcC2vivwWdSmu9P1DXdF8J3WlgH+p1QAUAeH/tNfHHw7+zL+zn8d/wBorxaYz4b+Bnwh+InxY1eCWXyvt1p4C8J6r4mOmQtkM13qr6amm2UMW6e4vLqC3gR5pURgD/Ikg/4Ib/8ABaX9peCH9o6z/Yr+J/jW0+P8UfxstfGUniX4X6e/i23+Kqjx1D4mew1bx3ZarZNr0evLqrWmpWdpf25u/KvLWC4SSJACX/iHK/4LXf8ARgvxM/8ACw+D/wD88WgD/Va/4JkfskWf7Cn7Av7Kv7KsNrbW2sfCj4SeH7Px01mYntr34p+JBP4x+LGpwSQlllt9S+JHiHxRe2j+ZMRaTwR+dKE3sAfdlABQAUAFABQAUAFABQAUAFABQAUAFABQAUAFABQAUAFABQAUAFABQB/Mf/wVg+Mv/Bf2x/Zb/aX+OX7Nfhb9lL9i74RfAnwR4+8f6ump/EO8+N/7YPjD4afD2z1LVvFHivw/LB8N9R/Z8+HjzeDLC+8TW/h1NU8V+LbSO2eHT/Gel63Bb29wAf50f7EPxm+Lnx9/4Kv/ALBvxN+OHxO8e/F34ia9+3L+yc+seN/iT4s1zxp4ovwPj54EeKK41rxBfX9+bW3MrraWazLa2cR8m1iiiARQD/bMoAKACgAoAKACgAoAKACgAoAKACgAoAKACgAoAKACgAoAKACgAoAKACgD5U/au8c/tdeEPCvh/Tv2NvgL8NfjN8SfFep32l3OufGf4vP8J/hL8KbKGx8618W+Nf7D8M+M/iH4ztJ7xltLfwt4C8OPqN0Umkvda0OFYZ5wD/M0/wCDjP8AaS/4LPfDz9pW5/ZR/b6/ae8M33g/xd8OfD3xX8MfC/8AZR1LxL4G/Zw1vwD4s1fxLoFrb3ugXml+G/GPjKTSvE3hDxRo80fxbufGGo2txppn0/U30+5tJGAP6W/+DKH/AJRs/tKf9nw+MP8A1Qv7P1AH9jdABQBWvb2z02zu9R1C6t7GwsLae9vr27lSC1tLO1iee5urmeVliht7eFHlmlkZUjjRndgqkqAf5D37QP8AwTi/4Ks/8Fbfj78df+CjXwL/AGQfiR8TPgv+1X8Z/ip4++FHjKHXvh9pEF/8O9P8d694P8H6fbWHijxlo+uR23hvQfDNh4Zt5b3TbcXUOjpdWvnWc1vcSgHkf/EOV/wWu/6MF+Jn/hYfB/8A+eLQB/pI/wDBvh+wD4q/4J0/8EyfhH8H/ij4W/4Q/wCO3jzXvF/xp+OuhyT6dd3Wl+O/Gt/FYaRod7d6XdX1jNfeGfhv4d8B+G9RNrf3lr/aulahJbTeTKi0AftrQAUAFABQAUAFABQAUAFABQAUAFABQB81ftWRfthTfC4R/sQXv7NmnfGlvEFpvu/2qNN+J2rfDGLwqNK1o34jsfhLqekeKZPET62PDsdk73yaZBpbazNPFc3SWVvKAf58vxk/4OVP+Czf7IH/AAUdtvgJ+2Vr3wO8PeEvgF8fdA8L/tE/Cv4Q/CrQI/Cnjr4cNqOnz61e+FPG3i+z8S/Eez0zxB4F1a38Y+BdatdU0LWClzoU2t6YEbUtClAP6Pv+C3n/AAXM+Jn7IE+q/ss/8E5/hLrH7T37Z1t4Eg+JnxT1Xwj4B8T/ABd8F/ssfCbU7SK40vxv470bwVa3a3PijXbS9sdV8O6brtxa+GtD0S80zxV4u+16brPh7RPEQBxn/Br/AP8ABUb9vr/gpT8OP2prv9tTT7TxZpXwi8WfDyw+Gvxv074c6N8OYPEuq+J7Txg/jr4dX1t4XsND8I6xf+BYtD8J6qsmiaHb6rpUHi4w+KLmb7d4eoA/qkoAKACgAoAKACgD+Hj/AIKj6b/wVQ/4L9fHz40fsj/8E9LnSvhF/wAE9P2W/HniH4J/Fr40+OviFrfw9+G/7SHx28M3VpafEDQ9RvfCWjeJ/E/xA8G/DvUhJo2j+FfD/hrxF4TF7YXPjDxTqT6lrvgnS9DAP47v+CmP/BF39uX/AIJRXfg+7/ac8I+FNV+Hvj6+uNF8I/GT4Ta/qHjD4X6p4mtYbu9l8JXWq6roXhfX/D/ieTSrK51rT9J8TeGtGl1rSbe/u9DbUhomvLpQB/U1/wAGeP8AwVM+Nvjv4h/ED/gmv8bPF2t/EHwPo3wu1b4v/s8eIfFuv3+s694AHg3VfCfh3xP8IdKn1OW7uZvBWoaLr8PivwvpEdxb2Pg2fwx4jt9PtpbXxIkelgH9/wBQB//T/v4oAKACgAoAKACgAoAKACgAoAKAP55P+Dpf41at8Gv+CL37S1toN1c2Gr/GHXfhR8FYr61naCSHSfFvxB0XVfF9q5R42lttb8EeGvEvh27gyyy2usSiRHiDqwB/Cz/waixJJ/wW4/ZodhloPA37RUsZ/uufgN4/gJHv5czr9D9aAP66v+DzmJJP+CT3w3dhloP22fhFLH7OfhN8fYCf+/czj8fc0Afzj/8ABmb8a9Y8Cf8ABTr4k/B8Xlz/AMIv8d/2Y/GsF5pSS7LSXxd8NPE/hLxh4Z1q4j3ASzaV4dbx9pdt8rMi+I7lgVXfuAP9Q+gAoAKACgAoAKACgAoAKACgAoAKACgAoAKACgAoAKACgAoAKACgAoA/x6P+Dl741at8a/8AgtD+2Nc3t1cy6R8MNd8E/BXwrYzztNHpGk/Df4feGdK1e1tAXdYbbUPG8vi7xEYIwipda5clkErOzAH+il/wbaRJD/wRH/YKSMYU+BviXKQP78/x5+K08h+rSSMx9z70Af5eP/BY6JIf+CsP/BSJIxhT+2z+0pKf9+f4s+KZ5D+MkjH8aAP9cD/gkd8a9Y/aJ/4Ji/sJfGDxJeXOpeKPFf7Mfwog8W6reS+dd6x4u8L+GLLwf4r1q4kLMWm1nxFoGpapJuZmVrsqx3KdwB+idAH8vX/B3H+1J/woT/gk34g+FelagLbxV+1j8WPAPwdt4IJjFfr4M0C8m+K3ju/jwyMdNntfAuk+DtX2Fma38ax2+0LcmWAA/mb+CX/B57+3x8OLXwr4Z8c/su/seeM/APhbT9L0S20TwTonxZ+F2vroGkWcNhZaZp+uXHxQ8f8Ah7TBa2dvBb2sg8EXcUMcYBtZRhVAP6vf+CUn/Byr+xN/wU58X6P8Eb/SfEH7MH7T2vfaF8N/CH4i6vZeIfDvxAltLSS+urP4ZfFHTtP0fS/EWsW1rFNK3hzxFoXgrxNqCQzS6Bo2uW9rezWoB/RZQAUAFABQAUAFABQAUAFABQAUAFABQAUAFABQAUAFABQAUAFABQAUAFAHwn/wVI/5Rl/8FFv+zE/2uv8A1n/4g0Af46v/AATG/wCUk/8AwT1/7Pi/ZO/9X14AoA/3FqACgAoAKACgAoAKACgAoAKACgAoAKACgAoAKACgAoAKACgAoAKACgAoAKAP8xf/AIPW/wDlJp+zp/2Yn4C/9aA/aQoA/c7/AIMof+UbH7Sf/Z8XjH/1Qv7PtAH9jVABQB+PH/BfT9qP/hkb/gkl+2d8SrDUf7O8WeK/hhc/BDwG8Uvk6gfFfx0vLX4XRX2kvlcal4Z0XxLrfjKJwd0MPhye4VZWhWJwD+CX9jL/AIOzP27v2Nvgd8Fv2bPD/wCz/wDsheMPg/8ABDwN4W+Hfhu3vPCPxW8O+OL7w/4YsLfT/tep+JdJ+L0nh+XxDrPlT6nrOr/8IQ0d3rV7dX/2BEl+zMAf1Xf8Ezf+Dsf9i/8Abe8feGPgh8f/AALrP7Gnxn8Z6lpfh7wVN4n8VW3j34M+NfEmqTJZWOhWnxKt9C8L3fhDW9WvWWPTLLxr4X0vQJZZ7fS4fGV5q89nZ3YB/VnQAUAFABQAUAFABQAUAFABQAUAFABQAUAFAH+V9/weK/BA/DX/AIKx2HxQtrIx6f8AtFfs3/Cvx3dagke2K68T+CbnxJ8H9TsnfA8y7sPDngDwbPMRuC2upWK7shlUA/tF/wCDbH9nz4T/AA1/4JifBv4/+FNY1b4hfGP9sjTm+N37Rfxk8X3D6p438bfEVdT1jw5L4Y1HWrqe8v5vDvwvfT9R8I+HrCW8eD7XFr/iP7LZ6n4n1eKgD9+Y4o4VKRRpEheSQpGiopkmkeaaQqgA3yyyPLI33nkd3YlmYsAPoAKACgAoAKAGSxrLHJE5cLKjxsYpZIZArqVJjmheOaJwDlJYnSSNsNG6uA1AHkvwI+Avwi/Zk+FXhT4I/AnwPpnw7+F3gmLUo/DnhXS7jUr6K1k1nV7/AMQa3f3mqa3faprmtaxrevarqWta3rmt6nqOsaxq1/eajqV9dXdxLKwB+HP/AAdT23w9n/4IkftTSeOY9PfVrPxL8Arn4ZPdJbtqMHxCb47fD60STQGuFYx6g3gu68aQai9vtuD4Wm8RRowR3oA/k3/4Mz/2VfHHxF/4KB/En9qv+zb20+F37OXwa8SeGbjxA1vcpYap8Tfi61noOgeFba4zFbXU0Hg208aeINVSN7mTTPsugi5to/7asbhAD/TroA//1P7+KACgAoAKACgAoAKACgAoAKACgD+XL/g7/wDDWoa7/wAEdtf1SzExt/Bf7R/wN8S6sY/uDT7q48T+Dozcf9Mf7V8WaaBnH78wfRgD+M//AINQf+U237N3/YhftE/+qM8dUAf11f8AB5r/AMom/h7/ANnq/CD/ANVZ8eKAP5W/+DQrwvf+IP8Agsh4P1azgnmt/A/7Pnx18UapJCGMdrYXej6P4LjnuscCBtT8X6dbKXyv2m4tx98oVAP9XegAoAKACgAoAKACgAoAKACgAoAKACgAoAKACgAoAKACgAoAKACgAoA/xdv+C8vhrUPCf/BYn/gobpepCYXF1+0f4u8Sxif7/wDZ/jS303xjpJXp+5Ola7Zm3/6YGLGcA0Af6ZH/AAbc/wDKEn9gn/sQviL/AOrz+KVAH+Xj/wAFk/8AlLJ/wUg/7PV/aO/9Wn4moA/1VP8AggX4Xv8Awh/wRv8A+Ceuk6jBPb3F3+z5ofiiOO4DCRrDxxrGt+NNLnXdk+RdaZr9pc2pHym2miKYQgUAfr3QB+cH/BQn/glF+xd/wVB0/wCGmn/tf+BvFvjRPhA/i6X4eSeGviZ468BjQbjxynh1PEt1JY+Fta0/SNZuryPwpoccFxrum6lLp8drNFp8lrHf36XQB/OZ+09/wZU/sdeNrG71H9k79pj41fAfxL5Ej2+h/FGw8PfG7wDPcRqWgtYRY23w48Z6LFctiK51C58SeKmtQ32mDS5/LNpOAfw3ft6f8E9P2xv+CSH7SWjfDj476TP4N8Y6ZeWnjr4N/GP4eatqU/gvxza+HtUtbjT/ABv8MPGS2ukalFqHh/WIrGS9sL6y0Lxd4V1I2Emq6Rp4vNKur0A/2HP+CeP7Qus/tY/sJ/sh/tJeJvsf/CW/Gn9nf4T+PvGq6dCLbTk8c634O0mbxvHp9uMi3sIvFg1iOygz+6tlijOSpoA+x6ACgAoAKACgAoAKACgAoAKACgAoAKACgAoAKACgAoAKACgAoAKACgD4T/4Kj/8AKMv/AIKLf9mJ/tc/+s//ABBoA/x1f+CYv/KSf/gnr/2fF+yb/wCr68AUAf7i1ABQAUAFABQAUAFABQAUAFABQAUAFABQAUAFABQAUAFABQAUAFABQAUAFAH+Yv8A8Hrf/KTT9nT/ALMT8Bf+tAftIUAfud/wZQ/8o2P2k/8As+Lxj/6oX9n2gD+xqgAoA+Lf27P+Cf37MX/BSD4PaT8Cf2sfCPiDxr8N9D8caX8R9M0fw/488ZeAZ4fGGjaL4h8P6XqlzfeDdZ0e41OKz0zxTrUcWl6sb/SftFzFfPYte2VlcQAH83v7Rf8AwZe/8E9/iFpVxN+zn8bf2gv2c/FmyUWZ12+8P/G7wArNlo2u/DGtWPhHxjM8bYXdB8TbaMw5DQPLiagD+Iz/AIKt/wDBGP8Aa4/4JIfEHRtH+N9jpHjj4ReOr29tfhZ+0B4Aj1CXwF4wuLNJbqTw7q0GoQQ6l4K8fWumoNQvfCOsrIk9ul7deGNa8VaXpt7qcAB/ps/8G8P7U3jb9rz/AIJEfslfEz4maxN4h+Ivhnw/4q+Dfi7Xbqaa61DWpPg3411/wB4Y1jV725kmutQ17V/Ami+FNT8Q6ndSyXOp67d6jqEztJclqAP2uoAKACgAoAKACgAoAKACgAoAKACgAoA/D3xD/wAHGv8AwR+8GfHz4s/s5+Of2sLLwV46+DWveJvCnivWPEHw8+JaeALvxR4JuL6y8YeH/D3jfTfCmo6Nq+o6FqWm32lDbJb2viHUoBaeELnxG89t5oB/Ed/wX9b9oz/got8H9N/4LS6rHrPhv9jfUv2gn/ZD/Yz+GGraPd6frp+A2jaR431b/hozxJazOraZ/wALk+JvhfxHawxXdrFf2cdtoehXV1f6XY+F7+9AP3H/AODYn/grN+yr8DP+CP3xB8EftNfHPwR8Nr/9jD4kfEi6t/CWu+INOTxv4i+GHxHv4/iV4Zm8A+Dnul8ReNdW1/4k+KfHnhLSdB8NafqF9ca9Dp1iIxLq1mrAH9jHwN+I2t/F74OfDL4p+I/hn4y+DWt/ELwT4e8Yaj8K/iH/AGSPHPgKfxBpsGpDw14si0S+1LTrbXtOjuEi1GyjuzcWNzvs7+Cz1CC5srcA9UoAKACgAoAKACgAoA/hL/4LVeL/AI7f8F8v29vBH/BIf9gq5hv/AIB/sm+Lh41/bE/aCk+03Pwq8JfFRkv/AAzLHrWoWT+RrUnwn0a48TeGfDXhnTrpdX8bfEzXfGOkRW9rpPga48UWAB/XD/wT/wD2DPgJ/wAE3v2Y/A37Ln7POizWXhPwusureJPE2q+TN4s+JXj7Vbe0j8T/ABE8aX0McSXniHxBJZWsflQxxadouj2OkeG9EtrLQtG02ytwD7ToA//V/v4oAKACgAoAKACgAoAKACgAoAKAPgz/AIKf/sfp+3t+wF+1N+yZFJaW+u/Fv4X6jaeBrq/MaWFn8TfCt/p/jr4XXmoSy8Qadb/ELwx4ak1KdSskWni6eNlcIaAP8yX/AINqYde+BX/BfL9mL4e/E7RdR8E+LdK179pT4Q+MPDviG3k07V/DXja1+A3xg0aXw3q1lMBLbarB4u0uDQJ7RxvjvpNhyVoA/rE/4PUvFun6X/wTM+AXg57hF1jxZ+2v4G1G0tC6rJNpHhb4K/HU6tdKhO947W/1vQIZCqlUa9iLspKK4B8l/wDBlf8AsLeJfCPgv9o//goT420O80qx+KtlZfs9/Au8u4jbnXvB/hvxDF4l+MPiK0VxuvNEvPG+h+B/DGm38RWEa34H8X2TebJa/ugD+72gAoAKACgAoAKACgAoAKACgAoAKACgAoAKACgAoAKACgAoAKACgAoA/wAzf/g8k/YL8U/Cv9svwR+3r4c0O6ufhX+1B4T8NeBfHmv21rutNB+Onwu8PJ4dsdO1a4iHl2v/AAmHwp0PwzdeGxc/v9SuPBfjMxs0em7VAP60P+DX/wAXWPi3/gh/+xYLWeOS78MQ/HPwjq8CNueyvtH/AGjPiybaCb+7JPot1pGoqvaG+i9aAP8AN4/ae+Cnj3/goJ/wXD/al+CPwGsZPEXiv9on/goj+0R4d8Fz28Zu7O10DUfjd42mufGWpPC22Lw34X8H2l94x8QXolENh4f0rULtpfLgLsAf7DngTwl8Ov2W/wBn7wb4F0+8Xw78Jf2dPg54d8JWV/qTM6aF8OvhF4Ks9Htry/a3iLOumeGvDyTXTQQFmEEhjiJKpQB/GFpX/B7R8G7v9pyHwlqX7HHinS/2Tbjxanh4fGM/EuO6+LNl4Ye9+yr8Rr34TweDP7GkhWEpf3XgWz8czarb2Ale28Q6hqSppEoB+r//AAUs/wCDmr9jD/gmt+0h4Z/Zt8V/DP4x/G7xFceDfCfj/wAe+IPhQvg2PR/BXh3x5pq654RttP8A+Et8R6D/AMJb4j1Tw7Np/iSTT4ZtH0a10XWtGkHiO41Ce903TQD9Y/2Gf+CjH7Hv/BRr4ZJ8Uf2TPjH4f+IdhaQ2h8W+Dpn/ALE+Jnw6v7tCV0r4geAdSaLxB4dnMyXFvZ6k9tceHNda1ubnw1retaei3jAH87f/AAd6eA9J/aM+Bv7BX7I/wu8O2/xA/bT+Mv7YWnL8DPAujxwXHjKT4f8A/CufHWhfE7VpWEFxPo/gSPxHq/wyuPFGqXkunaPbJo8Wv6hef2d4T1KS0AP6bf2NP2ebH9kr9kv9mz9mPT9Qj1eL4C/BH4a/Cq41qJXWPXdT8GeE9L0TWdfRJI4njGu6vaX2reW0MXl/bdgii27EAPpWgAoAKACgAoAKACgAoAKACgAoAKACgAoAKACgAoAKACgAoAKACgAoA+B/+Cq+oWel/wDBMD/go1fX86W9tF+wp+1oryOePMn+Avj23t4lHJaSe4lighQDdJLKiLksKAP8dj/gmld22n/8FHP2AL+8mS3s7L9tn9lS7up5DiOC2tvjt4Dmnmc84SOJGdjjgL3oA/3H6ACgAoAKACgAoAKACgAoAKACgAoAKACgAoAKACgAoAKACgAoAKACgAoAKAP8wv8A4PVdQs7n/gp/8ArGCdJbnTf2FPh0t9GhybaS7+PX7R9xBFIeiyPblJ9mdwilic4DrQB+6P8AwZPXds//AATj/aasFmRry2/bZ8T3c8AP7yO2vvgT8CobWZh2SeXT7xEOeTbydMUAf2R0AfxJftaf8HmHww+A/wC1541+CPwo/ZD1P4z/AAR+Fnj7Vvh94w+Ll38WE8GeJ/Ft74a1qbQvFWufDvwafA2t6b/Ymn3lnfyeGW8R+I7S48YW0dtNdr4Pjug6AH6fft+f8HLn7Ev7DHw2/ZH+IcPgv4q/Hc/ti/CfQvj34A0HwNbeH/D954c+DmvLapZeI/GFz4p1W0isfEF5qEmo6NYeE7KO/nOreHPEVtrOpaDHZ2NxqgB93/8ABOP/AILB/sLf8FRfCbar+zN8Uki+IOmWA1Dxh8BfiLHYeEfjb4MhBVZbrUPCA1PUrXxBokLywJL4s8C6x4r8JwzXMFjc61b6m0lkgB+ff/B1hqnw1uv+CQnxO+GfiWyg8Q/F/wCLvxb+AXg79mHwXY2R1fxx4p+MqfFzwlqVxa+AdGtrW/1a91pfhrbePrK6Gl2jXN1pup3OgRzR3Ov2kVwAfeH/AARP/Yp8Tf8ABPz/AIJl/svfs0+Poo7f4naF4W1jxt8U7SKeK6XSviF8UvFGtfEPxB4aa6t/9Fun8GP4jg8Fvd2hktbs+HvtVvPcxTJcygH6qUAFABQAUAFABQAUAFABQAUAFABQAUAfyMeMf+DPH9g/x7+2B4x/aI8S/Gj42TfB3xr8RdV+Jeq/s06fHoem2J1HX9auvEWueEk+Ktuf+Eqh8A3Wp3c9pa2Fjpll4x0/QWFhD47fU0j11AD+iT9pf9hL9m39qj9jvxV+wt8QvAtppH7PfiDwFoPw+0Xwz4KisfD8vw80zwZ/Zcvw/wBQ+HzfYbqw0DU/AN9oeiX/AIY3add6dA+lwWV/p+oaXNeWNwAfiX/wTi/4NWv2EP2B/jfpf7RHinxf4+/ap+JfgnVo9a+E0PxU0zw5o3gX4c6zZ3TXGk+LIfB2g28kXibxxouIW0fWvEOpXWj6PqUUfiDR/DGneILTSNU0oA/p3oAKACgAoAKACgAoA/kU/wCDj/8A4L5+Fv2LdIl/YR/Zv8e6lZftL/Em202w+OvxQ+H0Vhr3iX9ln4SeJBB/a1x4Ys7jWdBsLn4/+KPDN3Pd+CdGu/EGhyeE9JntvFV/q2gX+reDtUUA/O39g/8A4Obv+CM//BOb9nzw7+zv+zZ+xf8Atm6L4e00nVvFnivWNJ+BV948+Knjm6t4o9a+IPxH8SR/F+3m13xPrMkKBnEEGmaLp0VpoPh3TNK0DTdO0u0AN74qf8HJ2r/8Fdvjp+yT/wAE6v2M/g58V/2fvDH7RP7UnwN0T44fFvxP4006w+JMvwe0H4g6H4q8e+F/BenfD+8uf+Edi1Dw9od9eeJtePi6ee/8OWGpeFv7Mistcvb2IA/vfoA//9b+/igAoAKACgAoAKACgAoAKACgAoAKAP50/wDgpZ/wb7/D79rf9pjwH+3/APslfGK5/Yx/bx+HXivwj42j+I2k+ErTxX8OPiR4k8E39pd6HrnxC8Gw3ei3g8WRQWVtpN74o0/Ubm08Q6BCdF8X+F/E0bw3VoAeKftO/wDBDH9sn/gq78ZfgZ4u/wCCs37WfwRPwQ/Z5tdTi8NfAD9iL4b/ABC8FWPj7U/EE+mSeKfEXirxx8WPF/iPVvDWr+KIdB0Kw1JtH0rW103QrWXSfCMnhfUbrUvEupAH9LXwt+Fvw7+CXw58FfCL4S+DtC+H/wANPh14c0zwl4I8F+GrJNP0Pw74e0e2S10/TrC2TJ2xxJvmuJ3mu7y5ea8vbi5vJ57iUA72gAoAKACgAoAKACgAoAKACgAoAKACgAoAKACgAoAKACgAoAKACgAoA+dv2rf2VPgX+2t8BvH/AOzb+0b4HsPH3wq+I2lnT9Y0q6/cahpl9A3n6P4n8MatGjXfh/xZ4b1BIdV8Pa9YFLrTr+CNx5tu9xbzgH8+37Kn/BHT/gqP/wAExPAPxr/Zx/4J3ft3/s7a3+zV8WfEWueJvBy/tYfBnx5rHxe/Z+13xFo1pouoeJ/h9qvw48V2fgrxJ4k+y2GnTzxeI/Dln4L1DXNLs/EK+DNNkudc07WgD6s/4I8f8EDf2cf+CTx8RfFB/Fuq/tG/taePLC503xf+0H4z0O30V9H0nUrkXur+Hvhp4XbUvEE/hTT9bu1hn8T6zqPiPxB4o8T3EC/a9Xs9JZNDtwD9wvGXhHw/8QPCHivwH4t09NW8K+NvDeueEfE2lSvJHFqfh/xJpd1o2s6fJJC8c0aXunXtzbO8TpIqyFo3VwGoA/gh0r/gyRv4P2nIbzVv2y9Evv2PoPFqau+lQeCdXt/2gL/wYl59s/4QaaYSjwJZ6xLZgaDL8Qbe+ljBL+I4fAUUhTw8gB+1n/BYP/g2o/Zw/wCCoXiPwp8XvA/xN1n9mD4++DvAWgfDSPxLpfhiPx98PvGXgrwfALXwfpPi7wTc694cv4NV8Nadv0TSfFGgeJLC5XR3htdb0zxIml6QlgAfjJ+zt/wZtftT/BL4oaZ8QfDH/BVa4+Bmq6RLLFa+PP2evhz8Q/D3xNXTHeKWW0sNasvix4Hl0dr9reFZwNV1O1hZI5pLXUfJWBgD+rH9hX/gk7+zp+w94k1r4wr4m+Lv7T37WPjDRYNA8c/tgftV+PdS+L/x71rRI0j8zwvoXiXXAYfBHgzz1Zl0Dw3bW1zfW62Vt4k1jxC2m2E8AB+oFABQAUAFABQAUAFABQAUAFABQAUAFABQAUAFABQAUAFABQAUAFABQAUAfz7f8FAP+CUv/BSn/goH8O/iP8CfGf8AwV88JfC/9nj4j6veHWPhh8Nf+Ce+i6fqeqeDU1uPV9B8F+KfiLdftVy+K9bsdOW10+31ibSJfCtn4sa3nGs6O2l3smjoAfg7pH/Bjzqmgatpmu6H/wAFVr3SNa0XUbLVtH1bTf2MJrLUdL1TTbmK80/UbC8t/wBriO4tL2yu4Ybm1uYJI5oJ4o5Y3V0VlAP67P2OfgJ+378F9Sktv2tf2/vAn7ZXhC38Ftoek22nfsaaD+zp48TxdHqOiyWnjDXvGfhb44eONA1u3XRrTWtOvvD9r8PdE+33+r2msLrNp/ZUmn6oAff9ABQAUAFABQAUAFABQAUAFABQAUAFABQAUAFABQAUAFABQAUAFABQB8y/tQ/Dz9qb4jeEtD0n9lT9pbwF+zF4sttZluvEXi/x3+zmn7SEGsaE1hPDFpGk+G5/i/8ACG00G+j1B7e+fWbm+19JYIHsRpKGb7XEAfyWftY/8GjP7Qf7cHxx8V/tGftPf8FidQ+J3xb8ZJpttqviG7/YX0fRbO10vRbKLTtE0LQfD3h39qbSvD/h/Q9JsYUhs9M0fTLO3Mr3N/crcanfX97dAH1R/wAE6f8Ag3d/bl/4JbXvjz/hkz/gsZouieGfifJo93478A+N/wDgntonjjwZr2q+H47yDRdcWx1T9rGPVNE1mytdQvbKS+8Oavo76pZywW+tDUo9O0lbAA/qd8Eaf4s0nwX4Q0rx94l0vxp460zwvoGn+NPGOh+GX8FaL4s8WWWlWlt4j8S6R4Ok13xTJ4S0vXdYivNU0/wzJ4m8RvoNpdRaU2u6u1qdQuAD+F39rn/gzI1j4wftg+Ovin8CP2s/Bnw0/Z1+K3xC1nx9rXg7xf4F8Qa98QvhiPFeuXGteIfDPgsaZf2/h/xtpFhPeXn/AAis+v6x4QvLKwex0nVX1Wewn1zVAD9n/wBv7/g20/Y+/bc/ZS/Ze/Z40Txl40+CPjT9jb4VaX8H/gb8Z9Ms7LxjqE/gyw0uytbvR/ih4Su7vQdP8bWesazYr4suptM1PwnrFh4ju9Tm0jVrHTNW1TSrsA/Aj4c/8GVn7SfgD4jaL4u8N/8ABTPwz8OLnw5qcN9oPxD+HPwh8e6Z8RtEkCvFJqOirYfFLwy+k6mkEkscL2fjJGKyOhuURmDAH9Rn7Ef/AARZ+CX7LXxB8N/tDfHP42ftCf8ABQP9rrwppUmkeFP2jP2xfiHrnxQ1b4Y2lwrpf23wU8KeIdR1nTfhpFfxkLNqTah4k8WwK97bWPiq207Ur6ynAP2WoAKACgAoAKACgAoAKACgAoAKACgAoAKACgAoAKACgAoAKACgAoAKAOB+K3h7xz4t+GHxF8K/DDx/D8KPiR4l8DeK9B8AfFG48J2fjyH4ceM9X0O+sPDPjqTwRqOp6Np/i9fCes3Fnrp8M3+r6bZa59g/sy6vraC5kmQA/hl8Zf8ABkp4s+Ifi3xN498ef8FaNb8YeNvGevar4o8W+K/En7HF3rHiDxJ4j1y9m1LWdc1rVb79rue91HVNT1C5uLy+vLqaWe4uJpJZJGZmagDm/wDiBi/6yi/+aT//AJWtAH6I/wDBK3/g1N0H/gmv+238LP2ytb/bW/4aCuPhLpvj6Pw98PW/ZqX4Ywvr3jfwL4g8Axa9N4mb49/EVR/YmmeJtUuray/4Rt2mvjazx3tnJao9AH9ddAH/1/7+KACgAoAKACgAoAKACgAoAKACgAoAKACgAoAKACgAoAKACgAoAKACgAoAKACgAoAKACgAoAKACgAoAKACgAoAKACgAoAKACgAoAKACgAoAKACgAoAKACgAoAKACgAoAKACgAoAKACgAoAKACgAoAKACgAoAKACgAoAKACgAoAKACgAoAKACgAoAKACgAoAKACgAoAKACgAoAKACgAoAKACgAoAKACgAoAKACgAoAKACgAoAKACgAoAKACgAoAKACgAoAKACgAoAKACgAoAKACgAoAKACgAoAKACgAoAKACgAoAKACgAoA/9D+/igAoAKACgAoAKACgAoAKACgAoAKACgAoAKACgAoAKACgAoAKACgAoAKACgAoAKACgAoAKACgAoAKACgAoAKACgAoAKACgAoAKACgAoAKACgAoAKACgAoAKACgAoAKACgAoAKACgAoAKACgAoAKACgAoAKACgAoAKACgAoAKACgAoAKACgAoAKACgAoAKACgAoAKACgAoAKACgAoAKACgAoAKACgAoAKACgAoAKACgAoAKACgAoAKACgAoAKACgAoAKACgAoAKACgAoAKACgAoAKACgAoAKACgAoAKACgAoAKACgAoAKAP/Z</file>
    </questiontext>
    <generalfeedback format="html">
      <text><![CDATA[<p>Rovnice pro regulární uzel A, který má 4 sousední uzly L, P, H, D sestavujeme podle schématu <img src="@@PLUGINFILE@@/pdr_regularni.jpg" alt="" role="presentation" class="img-responsive atto_image_button_right" width="137" height="130"><br></p><p>$$4U(A) - U(L) - U(D) - U(P) - U(H) = h^2 f(x_A, y_A)$$</p><p><br></p><p><br></p><p><br></p><p>Neregulární
uzel (např. N) má sousední hraniční uzel (např.
P) ve vzdálenosti \(\delta h, (0&lt;\delta &lt;1)\),&nbsp;
a na stejné síťové přímce má sousední regulární uzel (např. R) ve
vzdálenosti \(h\). <img src="@@PLUGINFILE@@/pdr_neregularni.jpg" alt="" role="presentation" class="img-responsive atto_image_button_text-bottom" width="300" height="141"><br></p><p>Hledanou
hodnotu U(N) interpolujeme z hodnot v
regulárním uzlu U(R) a v hraničním uzlu u(P)\(=\varphi(P)\), kde \(\varphi(x,y)\) určuje okrajovou podmínku.<br></p><p>$$(1+\delta) U(N) - \delta U(R) = \varphi(P)$$<br></p><p><br></p>]]></text>
<file name="pdr_neregularni.jpg" path="/" encoding="base64">/9j/4AAQSkZJRgABAQAASABIAAD/4QBMRXhpZgAATU0AKgAAAAgAAgESAAMAAAABAAEAAIdpAAQAAAABAAAAJgAAAAAAAqACAAQAAAABAAABLKADAAQAAAABAAAAjQAAAAD/4QkhaHR0cDovL25zLmFkb2JlLmNvbS94YXAvMS4wLwA8P3hwYWNrZXQgYmVnaW49Iu+7vyIgaWQ9Ilc1TTBNcENlaGlIenJlU3pOVGN6a2M5ZCI/PiA8eDp4bXBtZXRhIHhtbG5zOng9ImFkb2JlOm5zOm1ldGEvIiB4OnhtcHRrPSJYTVAgQ29yZSA1LjQuMCI+IDxyZGY6UkRGIHhtbG5zOnJkZj0iaHR0cDovL3d3dy53My5vcmcvMTk5OS8wMi8yMi1yZGYtc3ludGF4LW5zIyI+IDxyZGY6RGVzY3JpcHRpb24gcmRmOmFib3V0PSIiLz4gPC9yZGY6UkRGPiA8L3g6eG1wbWV0YT4gICAgICAgICAgICAgICAgICAgICAgICAgICAgICAgICAgICAgICAgICAgICAgICAgICAgICAgICAgICAgICAgICAgICAgICAgICAgICAgICAgICAgICAgICAgICAgICAgICAgICAgICAgICAgICAgICAgICAgICAgICAgICAgICAgICAgICAgICAgICAgICAgICAgICAgICAgICAgICAgICAgICAgICAgICAgICAgICAgICAgICAgICAgICAgICAgICAgICAgICAgICAgICAgICAgICAgICAgICAgICAgICAgICAgICAgICAgICAgICAgICAgICAgICAgICAgICAgICAgICAgICAgICAgICAgICAgICAgICAgICAgICAgICAgICAgICAgICAgICAgICAgICAgICAgICAgICAgICAgICAgICAgICAgICAgICAgICAgICAgICAgICAgICAgICAgICAgICAgICAgICAgICAgICAgICAgICAgICAgICAgICAgICAgICAgICAgICAgICAgICAgICAgICAgICAgICAgICAgICAgICAgICAgICAgICAgICAgICAgICAgICAgICAgICAgICAgICAgICAgICAgICAgICAgICAgICAgICAgICAgICAgICAgICAgICAgICAgICAgICAgICAgICAgICAgICAgICAgICAgICAgICAgICAgICAgICAgICAgICAgICAgICAgICAgICAgICAgICAgICAgICAgICAgICAgICAgICAgICAgICAgICAgICAgICAgICAgICAgICAgICAgICAgICAgICAgICAgICAgICAgICAgICAgICAgICAgICAgICAgICAgICAgICAgICAgICAgICAgICAgICAgICAgICAgICAgICAgICAgICAgICAgICAgICAgICAgICAgICAgICAgICAgICAgICAgICAgICAgICAgICAgICAgICAgICAgICAgICAgICAgICAgICAgICAgICAgICAgICAgICAgICAgICAgICAgICAgICAgICAgICAgICAgICAgICAgICAgICAgICAgICAgICAgICAgICAgICAgICAgICAgICAgICAgICAgICAgICAgICAgICAgICAgICAgICAgICAgICAgICAgICAgICAgICAgICAgICAgICAgICAgICAgICAgICAgICAgICAgICAgICAgICAgICAgICAgICAgICAgICAgICAgICAgICAgICAgICAgICAgICAgICAgICAgICAgICAgICAgICAgICAgICAgICAgICAgICAgICAgICAgICAgICAgICAgICAgICAgICAgICAgICAgICAgICAgICAgICAgICAgICAgICAgICAgICAgICAgICAgICAgICAgICAgICAgICAgICAgICAgICAgICAgICAgICAgICAgICAgICAgICAgICAgICAgICAgICAgICAgICAgICAgICAgICAgICAgICAgICAgICAgICAgICAgICAgICAgICAgICAgICAgICAgICAgICAgICAgICAgICAgICAgICAgICAgICAgICAgICAgICAgICAgICAgICAgICAgICAgICAgICAgICAgICAgICAgICAgICAgICAgICAgICAgICAgICAgICAgICAgICAgICAgICAgICAgICAgICAgICAgICAgICAgICAgICAgICAgICAgICAgICAgICAgICAgICAgICAgICAgICAgICAgICAgICAgICAgICAgICAgICAgICAgICAgICAgICAgICAgICAgICAgICAgICAgICAgICAgICAgICAgICAgICAgICAgICAgICAgICAgICAgICAgICAgICAgICAgICAgICAgICAgICAgICAgICAgICAgICAgICAgICAgICAgICAgICAgICAgICAgICAgICAgICAgICAgICAgICAgICAgICAgICAgICAgICAgICAgICAgICAgICAgICAgICAgICAgICAgICAgICAgICAgICAgICAgICAgICAgICAgICAgICAgICAgICAgICAgICAgICAgICAgICAgICAgICAgICAgICAgICAgICAgICAgICAgICAgICAgICAgICAgICAgICAgICAgICAgICAgICAgICAgICAgICAgICAgICAgICAgICAgICAgICAgICAgICAgICAgICAgICAgICAgICAgICAgICAgICAgICAgICAgICAgICAgICAgICAgICAgICAgICAgICAgICAgICAgICAgICAgICAgICAgICAgICAgICAgICAgICAgICAgICAgICAgICAgICAgICAgICAgICAgICAgICAgICAgICAgICAgICAgICAgICAgICAgICAgICAgICAgICAgICAgICAgICAgICAgICAgICAgICAgICAgICAgICAgICAgICAgICAgICAgICAgICAgICAgICAgICAgICAgICAgICAgICAgICAgICAgICAgICAgICAgICAgICAgICAgICAgICAgICAgICAgICAgICAgICAgICAgICAgICAgICAgICAgICAgICAgICAgICAgICAgICAgICAgICAgICAgICAgICAgICAgICAgICAgICAgICAgICAgICAgICAgICAgICAgICAgICAgICAgICAgICAgICAgICAgICAgICAgICAgICAgICAgICAgICAgICAgICAgICAgICAgICAgICAgICAgICAgICAgICA8P3hwYWNrZXQgZW5kPSJ3Ij8+AP/tADhQaG90b3Nob3AgMy4wADhCSU0EBAAAAAAAADhCSU0EJQAAAAAAENQdjNmPALIE6YAJmOz4Qn7/4htESUNDX1BST0ZJTEUAAQEAABs0YXBwbAIQAABtbnRyUkdCIFhZWiAH5AABAAEACAAyADRhY3NwQVBQTAAAAABBUFBMAAAAAAAAAAAAAAAAAAAAAAAA9tYAAQAAAADTLWFwcGwAAAAAAAAAAAAAAAAAAAAAAAAAAAAAAAAAAAAAAAAAAAAAAAAAAAAAAAAAAAAAABFkZXNjAAABUAAAAGJkc2NtAAABtAAABDZjcHJ0AAAF7AAAACN3dHB0AAAGEAAAABRyWFlaAAAGJAAAABRnWFlaAAAGOAAAABRiWFlaAAAGTAAAABRyVFJDAAAGYAAACAxhYXJnAAAObAAAACB2Y2d0AAAOjAAABhJuZGluAAAUoAAABj5jaGFkAAAa4AAAACxtbW9kAAAbDAAAAChiVFJDAAAGYAAACAxnVFJDAAAGYAAACAxhYWJnAAAObAAAACBhYWdnAAAObAAAACBkZXNjAAAAAAAAAAhEaXNwbGF5AAAAAAAAAAAAAAAAAAAAAAAAAAAAAAAAAAAAAAAAAAAAAAAAAAAAAAAAAAAAAAAAAAAAAAAAAAAAAAAAAAAAAAAAAAAAAAAAAAAAAAAAAAAAbWx1YwAAAAAAAAAjAAAADGhySFIAAAAUAAABtGtvS1IAAAAMAAAByG5iTk8AAAASAAAB1GlkAAAAAAASAAAB5mh1SFUAAAAUAAAB+GNzQ1oAAAAWAAACDGRhREsAAAAcAAACIm5sTkwAAAAWAAACPmZpRkkAAAAQAAACVGl0SVQAAAAUAAACZHJvUk8AAAASAAACeGVzRVMAAAASAAACeGFyAAAAAAAUAAACinVrVUEAAAAcAAACnmhlSUwAAAAWAAACunpoVFcAAAAMAAAC0HZpVk4AAAAOAAAC3HNrU0sAAAAWAAAC6npoQ04AAAAMAAAC0HJ1UlUAAAAkAAADAGZyRlIAAAAWAAADJG1zAAAAAAASAAADOmhpSU4AAAASAAADTHRoVEgAAAAMAAADXmNhRVMAAAAYAAADamVzWEwAAAASAAACeGRlREUAAAAQAAADgmVuVVMAAAASAAADknB0QlIAAAAYAAADpHBsUEwAAAASAAADvGVsR1IAAAAiAAADznN2U0UAAAAQAAAD8HRyVFIAAAAUAAAEAHB0UFQAAAAWAAAEFGphSlAAAAAMAAAEKgBMAEMARAAgAHUAIABiAG8AagBpzuy37AAgAEwAQwBEAEYAYQByAGcAZQAtAEwAQwBEAEwAQwBEACAAVwBhAHIAbgBhAFMAegDtAG4AZQBzACAATABDAEQAQgBhAHIAZQB2AG4A/QAgAEwAQwBEAEwAQwBEAC0AZgBhAHIAdgBlAHMAawDmAHIAbQBLAGwAZQB1AHIAZQBuAC0ATABDAEQAVgDkAHIAaQAtAEwAQwBEAEwAQwBEACAAYwBvAGwAbwByAGkATABDAEQAIABjAG8AbABvAHIgDwBMAEMARAAgBkUGRAZIBkYGKQQaBD4EOwRMBD4EQAQ+BDIEOAQ5ACAATABDAEQgDwBMAEMARAAgBeYF0QXiBdUF4AXZX2mCcgAgAEwAQwBEAEwAQwBEACAATQDgAHUARgBhAHIAZQBiAG4A/QAgAEwAQwBEBCYEMgQ1BEIEPQQ+BDkAIAQWBBoALQQ0BDgEQQQ/BDsENQQ5AEwAQwBEACAAYwBvAHUAbABlAHUAcgBXAGEAcgBuAGEAIABMAEMARAkwCQIJFwlACSgAIABMAEMARABMAEMARAAgDioONQBMAEMARAAgAGUAbgAgAGMAbwBsAG8AcgBGAGEAcgBiAC0ATABDAEQAQwBvAGwAbwByACAATABDAEQATABDAEQAIABDAG8AbABvAHIAaQBkAG8ASwBvAGwAbwByACAATABDAEQDiAOzA8cDwQPJA7wDtwAgA78DuAPMA70DtwAgAEwAQwBEAEYA5AByAGcALQBMAEMARABSAGUAbgBrAGwAaQAgAEwAQwBEAEwAQwBEACAAYQAgAEMAbwByAGUAczCrMOkw/ABMAEMARAAAdGV4dAAAAABDb3B5cmlnaHQgQXBwbGUgSW5jLiwgMjAyMAAAWFlaIAAAAAAAAPNSAAEAAAABFs9YWVogAAAAAAAAYWwAADgyAAAKQlhZWiAAAAAAAABvHAAArpUAABaZWFlaIAAAAAAAACZOAAAZOQAAslJjdXJ2AAAAAAAABAAAAAAFAAoADwAUABkAHgAjACgALQAyADYAOwBAAEUASgBPAFQAWQBeAGMAaABtAHIAdwB8AIEAhgCLAJAAlQCaAJ8AowCoAK0AsgC3ALwAwQDGAMsA0ADVANsA4ADlAOsA8AD2APsBAQEHAQ0BEwEZAR8BJQErATIBOAE+AUUBTAFSAVkBYAFnAW4BdQF8AYMBiwGSAZoBoQGpAbEBuQHBAckB0QHZAeEB6QHyAfoCAwIMAhQCHQImAi8COAJBAksCVAJdAmcCcQJ6AoQCjgKYAqICrAK2AsECywLVAuAC6wL1AwADCwMWAyEDLQM4A0MDTwNaA2YDcgN+A4oDlgOiA64DugPHA9MD4APsA/kEBgQTBCAELQQ7BEgEVQRjBHEEfgSMBJoEqAS2BMQE0wThBPAE/gUNBRwFKwU6BUkFWAVnBXcFhgWWBaYFtQXFBdUF5QX2BgYGFgYnBjcGSAZZBmoGewaMBp0GrwbABtEG4wb1BwcHGQcrBz0HTwdhB3QHhgeZB6wHvwfSB+UH+AgLCB8IMghGCFoIbgiCCJYIqgi+CNII5wj7CRAJJQk6CU8JZAl5CY8JpAm6Cc8J5Qn7ChEKJwo9ClQKagqBCpgKrgrFCtwK8wsLCyILOQtRC2kLgAuYC7ALyAvhC/kMEgwqDEMMXAx1DI4MpwzADNkM8w0NDSYNQA1aDXQNjg2pDcMN3g34DhMOLg5JDmQOfw6bDrYO0g7uDwkPJQ9BD14Peg+WD7MPzw/sEAkQJhBDEGEQfhCbELkQ1xD1ERMRMRFPEW0RjBGqEckR6BIHEiYSRRJkEoQSoxLDEuMTAxMjE0MTYxODE6QTxRPlFAYUJxRJFGoUixStFM4U8BUSFTQVVhV4FZsVvRXgFgMWJhZJFmwWjxayFtYW+hcdF0EXZReJF64X0hf3GBsYQBhlGIoYrxjVGPoZIBlFGWsZkRm3Gd0aBBoqGlEadxqeGsUa7BsUGzsbYxuKG7Ib2hwCHCocUhx7HKMczBz1HR4dRx1wHZkdwx3sHhYeQB5qHpQevh7pHxMfPh9pH5Qfvx/qIBUgQSBsIJggxCDwIRwhSCF1IaEhziH7IiciVSKCIq8i3SMKIzgjZiOUI8Ij8CQfJE0kfCSrJNolCSU4JWgllyXHJfcmJyZXJocmtyboJxgnSSd6J6sn3CgNKD8ocSiiKNQpBik4KWspnSnQKgIqNSpoKpsqzysCKzYraSudK9EsBSw5LG4soizXLQwtQS12Last4S4WLkwugi63Lu4vJC9aL5Evxy/+MDUwbDCkMNsxEjFKMYIxujHyMioyYzKbMtQzDTNGM38zuDPxNCs0ZTSeNNg1EzVNNYc1wjX9Njc2cjauNuk3JDdgN5w31zgUOFA4jDjIOQU5Qjl/Obw5+To2OnQ6sjrvOy07azuqO+g8JzxlPKQ84z0iPWE9oT3gPiA+YD6gPuA/IT9hP6I/4kAjQGRApkDnQSlBakGsQe5CMEJyQrVC90M6Q31DwEQDREdEikTORRJFVUWaRd5GIkZnRqtG8Ec1R3tHwEgFSEtIkUjXSR1JY0mpSfBKN0p9SsRLDEtTS5pL4kwqTHJMuk0CTUpNk03cTiVObk63TwBPSU+TT91QJ1BxULtRBlFQUZtR5lIxUnxSx1MTU19TqlP2VEJUj1TbVShVdVXCVg9WXFapVvdXRFeSV+BYL1h9WMtZGllpWbhaB1pWWqZa9VtFW5Vb5Vw1XIZc1l0nXXhdyV4aXmxevV8PX2Ffs2AFYFdgqmD8YU9homH1YklinGLwY0Njl2PrZEBklGTpZT1lkmXnZj1mkmboZz1nk2fpaD9olmjsaUNpmmnxakhqn2r3a09rp2v/bFdsr20IbWBtuW4SbmtuxG8eb3hv0XArcIZw4HE6cZVx8HJLcqZzAXNdc7h0FHRwdMx1KHWFdeF2Pnabdvh3VnezeBF4bnjMeSp5iXnnekZ6pXsEe2N7wnwhfIF84X1BfaF+AX5ifsJ/I3+Ef+WAR4CogQqBa4HNgjCCkoL0g1eDuoQdhICE44VHhauGDoZyhteHO4efiASIaYjOiTOJmYn+imSKyoswi5aL/IxjjMqNMY2Yjf+OZo7OjzaPnpAGkG6Q1pE/kaiSEZJ6kuOTTZO2lCCUipT0lV+VyZY0lp+XCpd1l+CYTJi4mSSZkJn8mmia1ZtCm6+cHJyJnPedZJ3SnkCerp8dn4uf+qBpoNihR6G2oiailqMGo3aj5qRWpMelOKWpphqmi6b9p26n4KhSqMSpN6mpqhyqj6sCq3Wr6axcrNCtRK24ri2uoa8Wr4uwALB1sOqxYLHWskuywrM4s660JbSctRO1irYBtnm28Ldot+C4WbjRuUq5wro7urW7LrunvCG8m70VvY++Cr6Evv+/er/1wHDA7MFnwePCX8Lbw1jD1MRRxM7FS8XIxkbGw8dBx7/IPci8yTrJuco4yrfLNsu2zDXMtc01zbXONs62zzfPuNA50LrRPNG+0j/SwdNE08bUSdTL1U7V0dZV1tjXXNfg2GTY6Nls2fHadtr724DcBdyK3RDdlt4c3qLfKd+v4DbgveFE4cziU+Lb42Pj6+Rz5PzlhOYN5pbnH+ep6DLovOlG6dDqW+rl63Dr++yG7RHtnO4o7rTvQO/M8Fjw5fFy8f/yjPMZ86f0NPTC9VD13vZt9vv3ivgZ+Kj5OPnH+lf65/t3/Af8mP0p/br+S/7c/23//3BhcmEAAAAAAAMAAAACZmYAAPKnAAANWQAAE9AAAApbdmNndAAAAAAAAAAAAAMBAAACAAAAVgEuAesCxAODBFMFQAYnBxoIGAkfCj0LTgxrDZAOuQ/sES0SZROjFOMWKhd5GL8aDxtXHKQd8x88IIQhzSMRJFIljSbLKAApMypmK5csyi33LygwUTGAMqsz1TUCNjE3XTiKObY64TwNPTg+YD+JQLFB3EMIRDZFY0aQR7hI3koBSyRMR01qTo9PtFDYUfhTFlQzVU9WbVeNWK5Zy1rhW/Bc9137XwBgCmEZYi1jQWRSZV9mZWdhaFNpPGogawFr4Gy/baBug29ocFBxOHIgcwhz73TWdb52qHeTeH55bHpZe0l8PX03fjZ/OYBBgUuCV4NlhHSFhYaUh6SIs4nAisyL1ozfjeeO7Y/ykPWR9pL1k/WU+pYElxWYLJlHmmObf5yYna6ev5/LoNSh2qLgo+mk9KYDpxWoKqlCqlyrd6yUrbKu0a/xsRGyM7NTtHO1kLapt7q4wbnDusC7u7y1va++qb+jwJ3BlcKKw3zEasVTxjbHGMf5yODJz8rGy8PMwc28zq/PmNBz0UPSDdLT05vUZtU11gXW19eo2HbZQNoG2sfbgNw13Ofdkd473uPfjeA74Ovhn+JS4wPjr+RV5PnllOYs5r/nUufk6IXpL+nk6qjrbuwz7PXtr+5j7xHvtfBQ8ObxfPIX8sbzj/Ru9WH2ZveK+OT6xf0u//8AAABWASMBsAJqAzID6ASxBYAGWAc9CC0JJwonCyIMMA06DlEPYxB+EZ8SvhPpFRAWOBdhGIgZtBreHAsdMx5bH4AgoSG/Itsj9SULJh8nNShJKWAqeSuTLLEtzC7oMAQxITI8M1o0dDWLNqQ3uTjNOeI69DwGPRs+MT9NQGxBj0KwQ9BE7UYIRx1IMklFSlVLY0xuTXhOfk+DUIVRhlKIU4pUjFWKVoRXeVhoWVRaRFs/XEZdWl53X5VgsGHCYspjxWS1ZZxme2dXaDBpDGnsatBrumypbZtuj2+CcHJxXHJAcx9z+3TVda12hndieEV5MHokex18GX0VfhB/Bn/2gOKByoKxg5WEd4VdhkqHRIhMiWGKgYuljMaN3o7uj/WQ95H1kvOT8JTtleyW7pf4mRCaOZtunKadzp7jn+mg5aHfotmj0aTIpb6mvKfKqO2qIatdrJyt2a8UsE6xiLLCs/m1LrZkt5u40roFuzS8X72Fvqa/vMC+warCkMN9xHfFgMaPx53Io8meyo7LdcxTzS3OBM7az7LQi9Fq0lHTRdRF1VHWYtd12ITZh9p922bcQ90a3ezeud+H4FjhLeII4ubjw+Sd5XHmQOcM59Too+l/6mnrZOxo7W3ucO9w8HDxcvJ283n0d/Vp9kf3D/ez+EX4y/la+e360PwM/dr//wAAACsAxAFLAdgCZQMGA48EKwTPBXoGLwbpB6UIaAkvCfkKygufDHcNUg4yDw4P9hDZEcASqROTFH0VZxZSFz0YKRkVGfwa6BvSHL4drh6jH5sgliGUIo8jhiR2JWEmRScgJ/gozCmfKnMrSCwhLQIt6S7XL8gwujGqMpgzgDRgNTk2BjbPN5U4WDkZOdk6nTtkPDI9Bj3ePrY/j0BoQURCJkMQRABE80XnRtZHu0iWSWVKJUrgS5hMT00HTcNOg09JUBhQ6lG+UpNTaFQ7VQ1V3latV3xYSlkVWd9aqFtvXDVc+V29XoBfQ2AIYNFhnGJrYzxkDGTaZadmcWc4Z/xov2mAakBrAGvAbIFtQ24EbsVvhXBBcPhxq3JZcwFzqXRPdPR1mHY8dt53gHgdeL15YHoWetp7q3yDfVh+KH72f8OAk4FngkSDKoQYhQuGAIb0h+OIzYmvioyLYYw0jQeN2o6wj4qQa5FHkhKSxpNbk+yUepVBlkKXiJkImoqb5J0ZnjKfOaA5oTWiL6MopCGlGaYRpwqoCakPqiGrPaxgrYeura/TsPyyKLNatJK10bcUuFm5nLrXvAW9Kb5Hv2LAf8Gewr7D38T/xiHHQ8hnyYzKscvWzP3OKc9b0JfR3tMy1I3V7tdT2LnaIduV3S/fDuF35Ivoee1O8vb5Uf//AABuZGluAAAAAAAABjYAAJOVAABWjQAAVukAAJG3AAAmuwAAFwoAAFANAABUOQACh64AAkeuAAFrhQADAQAAAgAAAAEABAAIAA8AFgAfACkANABAAEwAWgBpAHgAiQCaAKwAvgDSAOYA/AESASkBQAFZAXMBjQGpAcUB4wIBAiECQgJkAocCrALSAvoDIwNNA3oDqAPXBAgEOgRtBKME2QUSBUsFhgXDBgEGQAaABsIHBQdKB5AH2AghCGwIuQkHCVcJqAn6Ck0KoQr3C04LqAwEDGIMww0lDYkN7g5UDrwPJQ+REAAQcRDkEVkRzxJGEr0TOBO2FDoUwxVSFeMWdRcGF5YYJhi4GU4Z6BqIGzEb4xyfHWIeKx74H8YglSFkIjQjBiPbJLMljyZsJ0soKykNKfAq1Su7LJ4tfi5cLzkwFDDwMc0yqjOJNGg1SjYuNxU3/zjtOd460jvKPMU9xD7HP85A2kHoQvZEAEUGRghHCEgISQlKDEsUTCFNNE5OT25QlFG8UuVUDVU0VllXfVigWcRa51wLXTBeVl98YKRhzmL4ZCRlU2aFZ7xo+mpDa5ls+W5jb9JxRnK8dDR1r3cteLF6PHvQfW9/HIDWgpSETIX2h5SJLIrFjGWOFY/fkc2T3ZX/mCCaOZxMnl+geaKgpNqnLamgrDCu4LGhtF63C7muvF2/K8IfxUbIoswMzyjR9tSR1yjZ0dye35fi0uZg6fntEu+s8gD0MPY59//5ivq4+9T8u/2j/nD/N///AAAAAQAFAAoAEgAbACYAMgA/AE0AXABtAH4AkQCkALkAzwDlAP0BFgEvAUoBZgGDAaIBwQHiAgQCJwJMAnICmgLDAu8DHANLA3wDrwPkBBoEUgSLBMUFAQU9BXsFuwX8Bj8GgwbJBxAHWQelB/IIQQiTCOYJOwmTCewKRgqhCvwLWAu0DBIMcgzUDTkNoA4LDngO5w9ZD84QRhDAET4RvxJDEsoTUxPdFGoU+hWPFioWyxdxGBYYthlRGeYaeRsNG6QcQBzkHZEeSh8OH90gsyGOImkjQiQYJOslvSaQJ2YoQiklKhIrCCwFLQguDi8SMBExCDH5Mugz1zTKNcE2wTfKONs58jsOPDA9UT5pP3RAckFoQlhDR0Q5RTRGOEdHSF9JfkqhS8dM8E4bT0VQa1GGUpRTl1SVVZRWoFe/WPFaNVuAXM1eHl90YM9iI2NmZJVltWbOZ+Ro+2oWazNsVG12bppvwHDqchdzRnR2dad22ngQeU16j3vYfSZ+fX/jgWeDEITKhnSIBomHiwSMiI4bj8ORgpNYlUOXO5k7mzudOZ8poQSixqR2phunvaliqxWs3a7FsM+y9bUxt3y5y7wPvkTAcsKmxOnHQsmyzDHOnNDd0vTU8dbn2OPa6Nz03wHhCuMU5STnSOmW7DfvivOm92z5zvuE/MP99P75//8AAAACAAgAEQAeAC0APgBRAGYAfQCWALAAzADqAQkBKwFNAXIBmAHAAeoCFgJEAnQCpgLaAxEDSQOEA8AD/QQ7BHoEugT8BUEFigXXBikGgQbdBz4HoggICG8I1Ak5CZ0KAgpqCtULRAu7DDkMwQ1QDeYOgg8hD8AQXBD2EZASLRLNE24UDRSoFUIV3BZ5Fx4XzhiOGWIaQhsqHBQc+x3dHrgfkiBtIUwiMCMYJAYk+SXxJu8n8yj9Kg4rJCxALWAugC+dMLgx0zLzNBo1STaCN8M5DDpcO7A9Bz5gP75BIkKTRBZFrkdaSRFK0UyaTm9QVVIyU9pVWlbMWEhZ01tmXPheg2ABYXBi1WQ3ZZxnCWiBagpro21NbwBwt3JvdB51w3d1eWR77n6kgHmB1oL8hAKFCIYQhzOIc4nUi1WM6Y6IkC6R2ZOIlTuW8Zipml6cCp2nnzegvaI/o8ClRKbKqFCp1KtUrNCuRq+5sSiyl7QItX22/LiJuia70L2CvzbA6cKcxE/GBMe7yXPLK8zkzp7QWNIU09LVj9dK2P/arNxP3ejfdeD94oLkA+WC5wLog+oE63/s7u5G73nwnfGN8nXzRPP39Kr1TvXb9mj29vd29+n4XPjP+UP5q/oN+nD60vs1+5j78fxJ/KL8+/1U/a3+A/5Y/qz/Af9V/6r//wAAc2YzMgAAAAAAAQxCAAAF3v//8yYAAAeSAAD9kf//+6L///2jAAAD3AAAwGxtbW9kAAAAAAAABhAAAJzfAAAAAMoq1YAAAAAAAAAAAAAAAAAAAAAA/8AAEQgAjQEsAwERAAIRAQMRAf/EAB8AAAEFAQEBAQEBAAAAAAAAAAABAgMEBQYHCAkKC//EALUQAAIBAwMCBAMFBQQEAAABfQECAwAEEQUSITFBBhNRYQcicRQygZGhCCNCscEVUtHwJDNicoIJChYXGBkaJSYnKCkqNDU2Nzg5OkNERUZHSElKU1RVVldYWVpjZGVmZ2hpanN0dXZ3eHl6g4SFhoeIiYqSk5SVlpeYmZqio6Slpqeoqaqys7S1tre4ubrCw8TFxsfIycrS09TV1tfY2drh4uPk5ebn6Onq8fLz9PX29/j5+v/EAB8BAAMBAQEBAQEBAQEAAAAAAAABAgMEBQYHCAkKC//EALURAAIBAgQEAwQHBQQEAAECdwABAgMRBAUhMQYSQVEHYXETIjKBCBRCkaGxwQkjM1LwFWJy0QoWJDThJfEXGBkaJicoKSo1Njc4OTpDREVGR0hJSlNUVVZXWFlaY2RlZmdoaWpzdHV2d3h5eoKDhIWGh4iJipKTlJWWl5iZmqKjpKWmp6ipqrKztLW2t7i5usLDxMXGx8jJytLT1NXW19jZ2uLj5OXm5+jp6vLz9PX29/j5+v/bAEMAAQEBAQEBAQEBAQEBAQEBAQEBAQEBAQEBAQEBAQEBAQEBAQEBAQEBAQEBAQEBAQEBAQEBAQEBAQEBAQEBAQEBAf/bAEMBAQEBAQEBAQEBAQEBAQEBAQEBAQEBAQEBAQEBAQEBAQEBAQEBAQEBAQEBAQEBAQEBAQEBAQEBAQEBAQEBAQEBAf/dAAQAJv/aAAwDAQACEQMRAD8A/v4oAKACgAoAKACgAoAKACgAoA/M/wCAvwG+HHxO1b9o3Wde0Z7Hxbof7Xnxj1jRfGOgXVxoviXT9Xt38T6Bo2oSajp81vJqn9h6f4s1aTSbLV1v9PtbmeOdLUtGoX77ju3Jwe0rX4K4fvbq1hIq+y107s+P4Rb5uJU23binOd+l8S3b8f6+GPta6V+1B8F4o/7J1mz/AGhvAWkWtvG2m+IVTS/i1beH/CXwvmNw9trNsI7Hxx478f8AxG02JV/tCCwsdPtNcwPltd1fAn2B3vgj9pv4beK9Zbwhrdxe/D3x9b3y6LeeDvG8DaNevr8Hg3RfHOt6Vol9cLFYeIx4c0PXrF9av9JlmsrOcXELyh4JdgB9DI6SKskbK6OoZHRgyurDKsrDIZWHIIOCORnIoAdQAUAFABQAUAFABQAUAFABQAUAFABQAUAFABQAUAFABQAUAFABQAUAFAH/0P7+KAIbieG1gnurmRYbe2hknnmc4SKGFDJLI55wqIpZjjgDPNVCEqk4U4RcpzlGEIreUpNKMVvq20lp95M5xpwlUm1GEIynKT2jGKvJvySV2eU/B/48/B34/wCiav4j+DPxC8O/EXQ9A1248M6zqfhy5kubbTtetILe5udLuWkihK3UNvdW8rIFI2TRkO2Rt+g4k4S4k4QxWGwXE2T4zJsVi8LDHYahjYRhOthKk5whXgoyknTlOnOKejvF37R8Hh3ivhzi3DYjGcN5vg84wuExU8Fia+DnKcKOLpwhOdCblGNqkYVISaV9JJ6XsR6B8f8A4M+Kfip4o+CPh74i+G9W+LPguxXUvFXgOzupH17Q7BjbqtzfW5hSOOMm6th8srkecmQMks8XwjxLgMhwPFGMybG4fh/M6ro4DNqlNLCYqqua8KU+ZtytCe8V8Ls3qThOLeG8dnuO4YwecYLEZ/ltL22PyqnNvF4Wk+T95Vhayj+8hs38Svv7vk8n7ZXwxk/a5j/Y10uz1zWfiZb+B38d6/fafbpLoPhnTdlrLFbavdbi0V3Pb3+nzIgUYF7Ah+YsU+gXhrnkfDx+JVerhcNkc80WVYSlWlKOLx1e9SMp4eG0qcJUa0W3v7ObXQ8B+I+SS8QV4cUKeKxOdwyt5ri6tGKlhMFQtTcYYie8ako1qMktf4kU7N3MjxZ/wUR/Yi8DeKdb8E+Lv2lfhjoPivw3qt3oeu6Hf6vOl7pmrWMzW95Y3SpaSRrPbzo0UgV3CupGTiujL/BvxRzXAYXNMu4Iz3F5fjaFPFYXFUsNF0q+HqxU6dWneqm4Ti1KLfLdO9nY58f4weGOV4/FZZmHGuSYTMMFiKmFxWFq4iaq0MRSlyVKU0qdlOEk4y6J+h6f4q/aT+GWj/Afxh+0N4U1e3+J3gHwf4cv/E91ceArq21ma90/S0Wa/Fp5UjKs9pbGS6nimETxQQyO6DFeHgOCc8xPFmW8HZhhp5Fm2ZY2lgacM2pzw0adau+Wi58yu41J2pwlFyUpzST6y9zH8aZJhuFcx4wwGIjnmU5dg6uNnPKakMTKrSoJSq+z5dOanBupNSScYRcmlY2v2fPjp4I/aU+D3gf41/Dyeebwp460iPVLCO7VUvrGUO8N7pl/GpIivtOu45bS7j42TROMcVy8YcK5pwTxHmvDGcwjHH5ViHQqyptulVjZSpV6Mmk5Uq1OUalOVtYyW508I8U5Zxpw7lfE2TynLAZrh1XpKokqtKV3GpRqxWkatGopU6kdbSi9tj2avmj6QKAPjT9kP5dW/anT+7+1R8VW/wC/t9bzfr5mfxr7/jrWhwY+/BmSr/wGlKP6dvvPjuEv4vFC7cUZp+M4S7vv2XlezPsuvgD7E4P4g/DDwB8VNDvvDvxA8K6R4m0y+0jXdCf7fbD7faaZ4n02XR9ft9K1aAw6ro7arpkr2V5caVeWdxLAQjSkKm0A+fNT+DHxm+GP9r6x+z/8TJdWsz/wmOtWnwk+LMsus+FLnV9Q0jwxpvgzwzonimFV17wV4M8My6Nq159itV1G5up9bl825KxIFANNP2p9H8Kaxe6B8bfB3iT4RTWs/jOa08T6xB/aHgTU/DXg3WvDnh4eLpPEtkr22hWPinVPFGmr4X0nVturXsTTZjJt5ioB9O6dqmm6vAbrStQs9Rt1lkgeayuYbqOOeFtk1vI0LuI54XBSaB9ssTgpIisCKAL9ABQAUAFABQAUAFABQAUAFABQAUAFABQAUAFABQAUAFABQAUAFAH/0f7+KAOa8Z/8if4r/wCxa13/ANNd1Xblv/IxwH/Ybhf/AE/TOLMv+Rdj/wDsCxX/AKYqH4Qf8G8f/JuH7RX/AGc94l/9QzwbX9YfTG/5LXg3/shsH/6tM0P5V+iB/wAkbxj/ANlvi/8A1WZaYH7J/wDynT/bU/7Jxd/+lvgyuvxA/wCUVPDL/sdUv/TWaHJwB/ylL4lf9iet/wCnctJ/+CS903xf/bo/4KQftA67GbvVJvHtl4P8OXkx3yaXoo17xLNNpdu5yVt1sLPQIAikAR2MI24Cmp+kHT/1c8KvBbhDCv2dCOU1MxxtOPurEYr6pglCvUS0dT2tXGTbtvVltdl+AFR8ReKXjLxbil7WvLNaeXYKrLV0MN9bxspUIPW0PZUsJBK+1GO1mj8yvg78ZP2LvhB+1v8A8FIbr9sf4b3XxG0jXPiRqVr4Ks7fwVeeKhaXdv4r8dLrkcl/bPHH4dOopeaTDFeXEqLK8WUJNswr9w4k4a8TOI/DvwVh4bZ1DJsThMkw1TNKk8zp4B1ac8tyh4RxpTUnjfYypYmcqUFeKlrfmSPxPh3iPw14d8QPGafiNk085w+KzrEQyylDLamOVOpDMM2+tRdWDUcG6yq0IxqzcVJx0fuM/T3/AIIb/AbxdF+zx+0FrHi3SbnSPgZ+0D4h1T/hWfg7UL6K/wA+D9R0u80fVNQ8uKWeK3i1Kzu49PaI+XLI1g8s0Qd8V+GfSm4sy58ZcIYfLsRDEcVcIYSh/beZUaUqVsyoV6WJoUeaSjKcqFWnKsmlKK9soxk+U/b/AKL3CmYLg/i3E5jh54fhfi7F1/7Ey2tVVZf2dWo1cPXrcqdoRrU6kaPLdN+xcpJNpnSf8ECfFeqL8Ev2gfg/q11I4+E3x+8TWGiWDMSml6JrFpZX72sKn7kb62dXuMDALStwMYrh+lvl+HfFHCPEeHgk+IeEcDWxVZb18VhqlWkpy7tYX6tDfaPW52/ROx9dcM8XcO4ipKX9gcW42jhaLd1QwuIp0qjhHspYr6xOyS1k9re9++FfyUf1eFAHxn+yT8viP9rCP+5+1F8QW/7/AEGlz+3XzM/j3619/wAca4TgmXfg3K1/4DKtHu+3ZHx/Cn+8cVL/AKqbH/jGk/18/wBI/ZlfAH2AUAFAGfqukaVrthcaVremafrOl3fli603VbK21CwuRDNHcQi4s7uKa3m8q4iinj8yNvLmjjlXa6K1AHy7rX7K1ho17fa/8CfHnif4I+I9QuNSu7qDSXHiPwPe6h4o+JGl/EHxzr+peCtblktLvxN4kFvrGgpqy3sCaVp+u3IsrRfJgVQCjH8bvjL8MZrOw+Onwmn1jT7u+s7GD4gfBpbvxJoxv/FXxPu/BvgvQ7rwrdqviO3u4fDU2heKPGOuc6Jo0d1qHls0NkTQB9A+Avin8O/ihpdvrPgDxhofimwuY7qaGTTLxHnaCz1K80e5uDZyeTeLbRapp99YfaXtxbvdWdxFHIzRPQB39ABQAUAFABQAUAFABQAUAFABQAUAFAFa1vLS+i+0WN1bXkBd4xNazxXEReJzHInmRM6b43Vkdc5V1KnkGrnTqU5ctSE6crJ8s4uMrNJp2kk7NNNO2qaavcmM4TXNCUZxu1zRkpK60aurq6ej+7S1izUFBQAUAFABQAUAf//S/v4oAguraG8trizuYxLb3cE1tcRN92SGeNopYz04eN2U89D2q4TlTnCpBuM6c4zhJbxlBqUWvNNJkzhGpCdOa5oTjKEovZxkrST9U7H8yfwB8K/t5f8ABKvx38cPhp4I/Zd1v9pj4LfEfx5e+NvBniXwfexpNbahdwx6daNfjzFNtLd6bZ6bFf2MyB7WW2LxO3mtt/uLi7H+E/j5lPC+eZpx3huCOJslymjleZYHMacnGdGnKVar7FWanGFerWlRqxklNVLNe7Y/iThPA+K3gPmnE+SZZwNieNuG86zWrmmW47LqkYyhWqKNGm61pNwlUoU6EatGSvTlC6k+ax9df8E0P2Wf2ibP9oD9ob9uL9qXwvbfDr4g/HSQWHhz4cRTJPfeG9AkvjfXSamQ7tbFRBptjaW0haZorFriU/vUC/nfjfx7wbU4Q4P8LeA8dPOcn4WXtcZnTXLSxuLjS9lTdHRe0vz16tSaUY81XlXwPm/QvBXgTjClxbxf4n8dYGnk+b8UP2WDyZOM6uCwkqvtZqtaUvZv3KNKEHJzapOcklJc3jH/AASetm+Df7ev/BRz9nnXpDaam3jWz8aeF7OX5JNU0NNe8RJPqsEZxmF9O1Lw5cB1yDHexcDg19N9IGouJfCbwY4xwi9pQWWVMsx1SOqoYp4TBOGHm9bTVahjYNN6Ok0r3bl834BQfDnit4ycIYp+zrvM6eZYGlLR18MsXjFLERX8ro18JNPTSqtFsb/7CH7FHjMftIf8FNh+0V8GLyy+GPxy8TJZeC9W8U6VYT2fiXSL7xB8RJL/AFDw3cSG4khkisdY0y8iu41t5Y3ktZVy6ALx+K/idlv+pXga+DeJadTPOFcC6mZ4fAYirCrgsRRwWSRo0cbBcilGVXDYim4ScotKommmzq8K/DPMf9c/G3/XHhupTyTijHezy3EY7D0pU8bh62MzmVWtgpvnlGUaWJo1I1IqMouUJKzSR0n/AAS18GftC/sVab+1d8Ffjz4L8UaX8DfhRrHiX4hfC34laosZ8Naj4csV1OfXbXR7gzu6WMtlpltrtrF5SAyX96xCnArj8ecy4P8AE6twBxPwnmeBxHFXEGGwOT59ktBtY2jjaroRwk8THkS9rGrXqYWo05JRpUlsmdngVl3F/hrQ4+4Z4qyzHYfhfIMRjc3yLOq6j9SrYOkq8sVDDzc7xpSpUIYqEbL3qtXbQ5//AIIBeENVb4M/tB/GTVEkEXxZ+Ouv3Oi3DKRHqOk6JbW9rLexMQCy/wBsS6nbHGRutzznNdf0usxoLiXg/hqg1zcP8K4SGKh1o4jEznONKS7/AFaNCp00n5Jy5fomZfiHw3xdxHiFK2f8U4qeGm9q2Hw0IQdWP/cxKvT3l8Hqfv7X8in9ZhQB8Z/snZXxj+11H/d/ac8Wt/3+0Lw7N/7Pn8fevv8AjbXAcDPvwfgV/wCA4nFR/Tt958fwr/vfFi7cTYv8aGHflv26ee59mV8AfYBQAUAFABQAUAfP/i39mX4T+KNdsPFdno934K8WWF14Pl/4SPwFfS+FtQvtN8D67q/iXRPDOppYBbO78MPrWu6te6rpItol1V72YXc5BUUAecaXL+1V8Go9J07Xl0n9pLwhC3g7SLvxPYC28G/E21SSDxZeePvGmv6O4bw7qVnpxtfC1loOgeH5Tqd+1/dmRg0I3AHpvwy/aS+FPxRSytNO1m48MeKrjS/Cep3vgHx3ZS+EvGujP420ebX/AA7pWp6Lqnl7dbvtJtrq9/sqzub28ihtbhpYkELlQD3qgAoAKACgAoAKACgAoAKACgAoA+J/GXwN8e/CHWdU+KP7MWoTmS5uptX8afA3W9Rnn8H+NxI5m1C48LzXTzSeFfFc3zzWzwudNvrktFcRRGYNX6FgOI8sz2hRybjClFKEI0Mv4jw9GEcdl1ly0o4yMeVY3BLRTUk6tKGsG+VKXxeMyTHZTWq5nwzOV5TdXGZJXqSlg8bd81SWFc2/qmKau4OMvZzk7SS5lI9/+DXxi8LfGzwfF4q8N/arK5trqfSPEnhvVIvsuveFPEdg3lanoGuWTYktr6ynDIdyqk0eyeItHIhr5nP8gxvD2OeCxfJUhOEa+ExdF8+GxuFqK9HE4aorqdOpHXR+67xd2j38nzfC51hFisNzQlGcqWJw1VctfC4im7VaFaG8ZwlpslJWkrqSUfWa8M9UKACgAoAKAP/T/v4oAKACgAoA+Up/2PPhQ37V1r+2JYnXNI+Kw8FSeBNYXTb/AOz6H4j0llt44pdasBF/pV1BDZWEKSGTlbG1JwUy338PEjiBeH9Tw3q/VcRw/wD2os2wzrUufFYPEe+5Rw1W7UKcpVa0nG29Wpa10j4KXh1kD49h4i0vrWHz7+zHlWJVGry4XGYe0YxliaXKuepCNOklK/8Ay6p78p9W18Afenmnxk+F2i/Gv4W+OfhN4jv9X0zQPH/h+88N6ze6Fd/YtVj02/CpeR2l1sk8s3MAe2myjB7eaWMghzt9zhrPcTwxn2VcQYKjh6+LyjGU8bhqWLp+1w7r0dabqQur8krVI66TjGWtjxOJMiw3E2RZpkGMrYihhM2wlTBYmrhansq8aNWyqKnPW3PFOE/5oSlHS9zI+APwM8Bfs2/CTwZ8F/hpYzWPg/wRpa6bpy3UgmvruRnae81HULgKv2jUNQu5Jru8nIzJPK7cZxXRxdxVm3GvEOZ8TZ3VjVzHNK7r1vZrlpU0koU6NGGvJRo04xp04X92EUtbM5+E+Fsp4L4fy3hvJKUqWXZZQVGjzvmq1G251K1af26tapKVSpLrKTfU9ir5s+jCgD48/Zb+yL48/a8jtvtPmJ+0frDXfniIJ9om8HeE5j9m8v5jCUkQ5lw+8t2wW+84y9o8t4Fc+Sz4ToKHLzawjj8bFc19OZNNPlurWe7aj8hwxyrHcWqPNdcR1nO9rKUsJhJe7bpZp3bvfpG3vfYdfBn14UAFABQAUAFABQAUAeY/ED4OfDf4nLZv4w8L6fqGpaXdXWpaJr0UYtNe0LWbnw7rHhVdc0nVINlxb6xZaFr2rWWnXrmZ7FLyQ24RuVAPGbD4W/GX4N2dy/wu8eXvxJ8JaPpsA0b4X/EKaJtXXTfCPw0GiaH4U0Hx3MTI2p+LvGenWmta94k8Sqwgk1S+IXyY1FAGj4e/ao8IxatB4T+Leia78E/GMt5faZBZ+Obf7P4a1u+0DwToXjfxZdeGfGUO/Q9U8PeHLDWxa3XiC6n06ylu9P1COHcbZ1YA+nLa5try3gu7O4hurW5ijntrm2lSe3uIJVDxTQzRM0csUiEOkkbMjKQVYg5YAnoAKACgAoAKACgAoAKACgD4q+I2mWvwG+PnhD4z6NHcWnhH426/4e+FHxZ0+1EUWkQeK9Vmay8AfEC+Q48q6lvmj8K6reIiiZb3TJbqRjEGr9ByqtPiXhnHcP4hxnjuHsNis7ySrNydeWCoR9pmeV03reCpqWNo03flcKyhbmUY/GZhShkWfYTOaKlHCZ1Xw+VZrCFlSjiqsnDAY+ouknNrC1ZpRvzUpTn7p9qAhgGBBBAII6EHkEdeCPf86/PmradVofZi0AFABQAUAf/U/v4oAKACgAoAKACgAoAKACgAoA+M/wBlr5fiZ+2dH/c/aQkb/v8AfDXwHN/7U9vfsW+/4z/5E/AD78Jrr2zfMo/L4e/lpY+O4Y/5GXGK7cRP8ctwL/W+q1v1ufZlfAH2IUAFABQAUAFABQAUAFABQBzPi7wZ4U8feH9X8K+NPD+leJvDuvaXqWiaxpGsWcV5Z3+k6xavY6pp86SAk21/ZyvbXUalfOhZo3ypIoA+Z9e/Zu8W+EJ9d8Rfs5fE3Ufh9reoDxprEfgvxS114k+F+q+MPEuneFdK0O+1XTGZ9R0rQPB1l4blGi+H/D729mJtY1CV4yzCgB+oftI+JfhXc6pF+0D8Ndb8I+GNNfxbfp8U/DEcvizwKvhfRPEnhrw14Y1HX5NKin1HQ/EPjaXxJFqFn4aFjcTWFrY6i1zKsdszUAfTXhvxZ4Y8Y2MmpeFdf0jxDYQXl5p1xdaPf21/Fbajp1xJaahp9y1tJJ9nvrC7imtby0m2T21xFJDNGkiMiAHQ0AFABQAUAFABQAUAeHftL/D64+KfwB+LvgXTy8et654E8Qf8IxcxHE1j4v06xl1XwjqFu4yyT2HiSy0u7idPnDw/LjJNfR8IZpDJuJ8jzKrZ4fD5lhfrkZfDUwNWoqOOpTWicamEqVoSTdmn00PE4ly+WaZDm2BptqvXwOI+rSWjhi6cPa4SonrZ08TClNWX2epY/Z08et8T/gb8LPHUrKbvxD4L0O81FR/yx1IWUUOoQMOSHhu45Y3B5DKc46VHFeWLJ+I85y2Kap4XMMRTpP8Amo+0bpSXlKDTW2nfRlcPY/8AtPJMrxzd5YjB0J1PKooKNRPzU00/M9pr589kKACgAoA//9X+/igD5B/bs+NPjX9n39mXx98U/h7JpsPizw/JoUemS6vYLqVhH/aOt2VjcNNZO8azH7PPIEBddrkNzjFeHxFj8RlmU4nGYZxVak6XI5xU4+9UjF3i7X0b6/dofhP0k/ELiHwu8H+JuNOFpYSGd5XLLI4SeOwyxeGj9bzHD4aq6mHlKKqfuqklG8lZtS1skdl8GPih4m8c/sreAPjBrpsm8XeIvgzpvjrUja2ot9PbW7rwuNXlMNorERWpu/uwBsLH8mRXRgMXVxGT4bHVOV1quAhiJcqtH2kqPO7R6K/Q9/w/4yzjiPwW4Y48zJ4eWeZrwBhOJMW6NFUsK8xrZMsdP2dBSahRdfampaR0utD5W/Yi/bB8dfFz9mP4u/G/4yTaLPd/DXX/ABwC2i6bHo9tJonhfQYdZit2gjklVrqQs8AlzmRmTjJxXjcP55icblOOzDHOm5YSriF+7goJ06NNTSsnK7eqv/6Vdxj+LfR28eOJOOfB/jrxF4+qZfUr8IZpxGr5fg44ClPLsmy2GPhSdKM6ilWm+amp815OUVvqeQ/safFz4wyfsc/tHftYeLfEt74k8QeItR+JPjDwJp+szPcaPoth4Wt7uys7S1sS2IrRdatLt2gRlSS3SKM5Hzrx5Fjcc8izXOa1aVWrWni6+GjUfNCnGjFxikr/AAqopO2mmjTsfC+APHHHsvATxY8bs8zfEZtmma4ri7PuGcLmFSVbAZfhclpV6GHo0cP7qhQWYUMRJ0krTpRhH3U/eof8E5/+Ci3xB/aD8e6x8J/j3b6FpvizVdEg8U/DvUdK0saJba5pyJuv9OFv5ssc9wkDxX1pJE5eaFbwOF+zHdHC3FOJzPEzwWZKnCtUpqthJQjyKpBfFC19ZJWkmndq+j5W5cv0UPpW8UeKPEuO4I8TaWW4TO8dl1POuFMXgsGsvpZjhFG+JwnsuecalWNOUMTQlCXNOCxCkl7GSPQ/h98cfjP+0n4s/wCCiHwNn1q10X/hU15rHhj4S6n4as/7J1zT7tLzxXb6X9s1GOSSS7mkudB06KSYrG2yW4AB3gr04bMcfm1fijLnOMPqUqlHBSpR5KkZKVZQ5pptybdKKvZPV73PquFvEbxA8XM7+lT4cVMwoZd/qPiMfk3BGMyjD/UcxwteOIzung/rGLjUnKvOdXLMLCdRxhJQnVS5ua8fVv8Agmb8dta+OX7MukSeLdSuNX8b/DnXNU+HnizUrt/Nub680Zo5dPvLiU/NLcXOjXWnzXEjAbp2k64zXbwnmM8wymHtpueIwtSeFrTbu5Sp25JN6Xcqbi27LW+92fa/RA8Scw8RvB/ASzvF1cdxFwpmON4VzvF15OdbEYjL5Rnha9Wo9alWtgK2FqVZverKXmfQ/wAR7H9p2bxHJN8Kdd+Dtl4U+y2wjtPG2neKZ9aF4Ix9rZp9IU2ht3kyYADvVOHBIG79OympwfHCKOd4bPqmN55808uq4OOH9m37lo12p8ySSlra7ur6n9DZjDiV4hvKq2UQwvJG0MbTxTr89vevKknDlb21ulunZc3T/Ew/G1dM0M/CNfh5Jq4eX/hIR44fW47Fk8mDyDpR0hJJQ32j7T5n2kYEXlbcsX28eULh51sT/bjzVULR+q/2csM6l+aXN7b27Ufg5eXkfxKV76HVmX9tKnQ/sn+znVTf1j6866g1yrl9l7FOXxc1+ZrS1r6nx3+zNcfGW2v/ANtUrp/gG7+MCfHLR7hNPN5rNv4Flvp/hx8OhOGu/LOrpbDThcPGwj3m6WJSBGzmvvOL4ZBOl4fXq5nTyF8O14Or7PDyzJUo5rmvK1C/sHL2vKmr8qg2/ekvd+P4alnEanGf7vATzf8AtulNU+etHAucsuy7mvO3teX2fM07X5lFNNXPsD4YX/xyvLXWj8XtA+HmjXsRi/sBPA2ra1qVvcgxyGb+0m1aKJ4SJRGsfkg5QuWwQBXwmcUuHKc8P/YWKzXEU3zfWXmVDD0ZQ1XL7JUJSUtL35utrXv7v12WVM7nGt/a+Hy+jNW9gsDVrVYy0fN7R1UmtbWstu5zfgLXf2l7zxWlr8RvAfwy0XwcUuy+q+GfFOq6lq6yJ/x5KLG7t44isoz553fIfu5AxXXmeG4Rp4JzynM84xGPvC1HF4GhQoWf8S9WFWcrx+zZanPgK/Ek8Uo5jgcto4S071cNiqlSqn9hezlFLX7WunS9iPxH4m/aWtPHraf4a+GXw+1f4d/2np8SeIb7xpcWGvjS5WgGpXb6R9nMX2m1VrhoIFkIn8uMZUsaeEwnCM8tVXGZvmlDNfY1ZPC08BCrhvbJS9jTVbmjLknaClJ/DzPa15TicTxJDH+zw2WZfVy72tNLETxsoV/ZPl9rN0eVLmj7zjFS1ta6vc1/iv4l+PGhXekJ8Ivhp4V8eWc9pLJrM3iDxlH4YlsbsSERQWqSQyi6jeLDtJhdrfLznKY5JhOGsTCu89zfG5bOM0qEcLgJYyNSnbWU5KUORqWiVvuubZric9oSorKctwuOhKDdZ18ZHCuE76Rinzcya1b17eZoeIPEnxjsfhro2t6B8NtE1z4m3EWltrfgiTxfaabpOnTTwO+qpa+JJ4jb3i2E4SKAhF+1K+9du07ssNhMhqZviMPic3xGHyeEq31fMVgalavVjGVqDnhItTpurG8pK75LWbV2zTEYnN6eW0a2Hy6jXzKSpe3wTxcKdKm5Rbq8uJkuWapyslZLnTurCeBfFXxd1bwV4i1jx58MNP8ACXjLThqTaD4T07xdYa9b68LbTluNPVtYt40trBr/AFDdYHzgwt1AuH+Q4ozLBZHQzDC0MszmrjsBV9ksTjauBqYWWG56vLVaoS9+oqVK1X3fi+FapBgcVm1XBYitjssp4XGU/aewwtPF068a/LTUqf76K5aftKl6fvL3bczVnYxPhX8QfjR4r1u+0/4j/BFvhrpUFibi01n/AITPRfEiXt2JUQWQtdOVZoiY2aXznATCbepFdGdZXw/gsPTq5VxEs2ryqKM8P9Qr4V06fK37Tnq3jLX3eVWfW72McrzDOMVWnTzHJXl1KMOaNb65RxCnO9uTkprmV1d8zstNndcuZB8W/jE3xEPhSf8AZz8RxeEf7en0xfiEvjHw1Jp39lRyypDrzaTxqIgnjVJRa489A4VsFWreWR5B/ZX12PFeFeO+rRrPKngMWqvtmk5YZV7ex54tuPPdxdrrR+7jHNs4eYPCy4dxCwnt3SWPWMwzh7JN2rulpPlkknyfGr213L3xS+LnxJ8Ca/BpXhP9n7xp8UdMlsIbuTxB4d13w/p9pBcySSo+nvbanIty00KosjSD92RKoGOTWWTZHlOZYWVfHcUZfk9ZVZQWFxWFxNapKCSaqqdFqCjJtqzu1a7WppmebZjgcRGlhcgxmZ0nTUniMPXw9OEZNu9Nxqe9dJXva2ttToPiJ8SPF3grw1oOuaF8IvF/xB1LVXjS/wDDfhu60xNS0IPbLO73st5JHbyrHITbHyTzIpIwpBrlyrKcDmGLxOHxOeYDK6VBN0sXi4VnSxNpuKVNU05Jte/73Tu01LozDMcXg8NQr0MpxmPq1WvaYbDSp+0oe7dubm+V2b5fd5rvba4uk/EzxPf/AAuvPiBe/CTxtpPiC1S8dPhncf2fN4uuza35s4kthDP9hdryEfb4MzAfZj83zDDFfKMHSzmnldPPMur4Wbpp5vD2qwMOelztz5kqiUJP2ctPj2sncKWZYmplk8fPKsbSxEVNrLZezeLlyz5Eo2k4vnj+8jt7u6bVit8Jfit4j+JUutx6/wDB74h/Cz+yY7F7eTxza2VvHrBvGullj01rOeYSPZfZ0a537dq3EOOp3XnmSYTKFh3hs+yvOvbuopLLZ1Juh7NQadZThGyqc9oWcr8kr2t705TmuIzJ1lXyjMMr9koOLx0YRVbn5rqny7uHLeV1pzK17s5bwh8d9Z8Z+MovBeqfAL4w+FbG6lvoH8T+KvDlpB4WRLNJZEknulu5j5N4YlW1Jjbe8kedua68w4Zw2Cy+WOp8S5BjpxjTl9RwmKnPGS9o43SpunG7pqV5roou8tLS5sFn1fF42OEnkWcYSLc19axGHjHDLkTd3UVR2Ure77t3dJtXPkn9oyw8DfDvxL4sv/hv8Mfjz8PvHGi6LdXUfxG+DHh5rfwdexa14u0z4s+LxdwJONBmuvFWrWl1o/izxHc6XLqlpYaprMdvcAnNY4ThmWMyipmsc7yHCuFHE1fqWNx6oYpfV1UspU3F2dXkvT1fNGUX7rcYnncTcXS4fwub1YZNmmMnl2XYnG06tPDN4GrOjhJ4iMZ4hO8KSlFQrVLXppTaUuU9L+E3xv8A2lovh/8AD/xx43+G9r8WPC3jzQvCutWuu/DMJa+KNMvviH8Qrmw0zSNR8J3Uqr/YPgD4fX+h6z4s8Vi5b7XcWmryQW52xq3yOEr/AFnC0MRZL21KFS0XzRXMr2T6rszq4I4jfF/CHDXFDw8cK8/yXL82eGhN1I0HjcPCv7KM3rNQ5+VSdua17K7R9OfC/wCPXwp+MNpbz+BfFtlf3k+mrrDaDerNpHiW10uTV9W0GG/vfD2px2urWlpc6toWr2VrcT2qR3MlhcGFpEXdXQfUnsNABQAUAFABQAUAfG/7En/En+Gvjf4dvxL8LPjX8XfA4X+FNPsvG+rXeirGv8MY0e7sTH0BQqRwQW+98Q/3+b5dmqXu5zw9keY36urUy6hTxDfduvTqX1eumlry+P4L/c5bjcv65XnWbYL0pwxtWdBLyVGcLflHY+yK+CPsAoAKACgD/9b+/igD8+f+CpOk32rfsQfGVbCCS5ksIPDWpTxxKzyC0tvFOji4lVFDEiFZfNkOMJEkkjYVSV+Z4wpyqcPY9RTbiqU2lvZVqd38r3fZXfQ/lz6ZuBxOO+jpx/HC0pVZ4allGLqQgnKXsKOdYBVZqKUm1TjPnnpaMIyk7qL5cn9mz4wfDa3/AOCdvgPWbjxl4ft7Twv+z3HomtrNqtlHcWOsaJ4Rl02902W3eZZxeC9ha3ig8sSTOyeWrBlqMqx2EXC+GqOvSUaWWKnUTqRvGdOi4Sg0+VqXMrJNat6W+1weEfHnCNL6KnDWYVc/yulQybwtjl2YqpjcPGrhsfl2RTweIwk6UqiqKusTTdKFPl56k3HkUuZOX56/so6VrVt/wSh/al1S2gnjTxHqvjvVdJl2SIbrSom0awvpo+FLRbLK/RmHybVbOQGFfMZLGouDM4mk17WpiZw84Xpxk1tde7Lp62R/Lfgngswo/Ql8Z8dRp1YRzbHcS43AzUZp1sFCeAw2JqQ+FuHLh8TFtXXLF3urqX0l+zs1g3/BHzWDp4xGPg/8U1uOn/H+t3rovzx63fmnnJ9cdK9bKuX/AFHly7fUcXf/ABXqc3/k1+34Jy/W/Cl4Z/QOx/1X4P8AULjRVbf9BKrZmsT8/b8/67s+Dbv4PeI9C/Ye/ZS/bR+FULwfET4Dz3D+ImtFZZNT8H/8JZqBiku/KAeW3sZ7ifTr4fM0ml6tIrMsNtivm/qNWnw9k2fYNWxWXN+0a3lQ9vO3No7qLbg9vdn2Vz+aa3AWbZb9HLwS+kFwVTlT4r8NKlWeaugpc+MyFZ3i3CdfkV50sNUqVMJiE+aUsHjpJ+5RSPrX/gk58QLH4rfH79uT4l6fFJBYeOvFfhrxTbQzgLJFDrOseNL4JIvIVlE2GGeMY5xXtcF4mOMzPiHFx0jia9Ksk+iqVK8tfS/+R+4fQi4nw3Gvid9I7i/CQlTwvEmd5RnVGnU0lTp5hj+IMSoT6JxVSz387WsdD/wRuuGfT/2pIdODDw0PjPcz6YcEL9oksY0mA/h3C0issgDIGMlgV27cCv3c4UP4X19uHq4a7abcvT1sep9Aaq5YXxmhhU1lH/EQK1TB78vtZ4anGok/huqEMPe2tmvI/bCvvj/Q0KAPjT9nD5Pjp+2jD/1WPwtPjt+++E/gc5/HHPr+Ar7/AIsV+G/D+X/Uhxsf/Ac7zHrr3tZ29Ha58dw7/wAjzjNf9TjCv78qwP8AW7v5WaPsuvgD7EKACgAoAKACgAoAKACgAoAKACgAoA5Px9bfbPAvjS0xn7V4T8R22PXz9HvIsfjvxWOJXNhsRH+ajVX3wkjxOJqP1jhviCha/t8kzajbv7TAYiFvnzHiv7G9z9q/ZX+AUhOWX4XeEoZD/wBNINKgifuf4kP/ANfq3n5E+bJstf8A1B0V90bfofnvgFW9t4LeGM73a4NyOnJ7+/TwVKEvxidt4/8AgN8K/iXf2es+J/Clm3iKw1bwnrNv4n0l5tD8SG78D6pe614Xgutb0qS01C/0vTNT1LULldHvbifS5mvboXFrKsrV6x+unjOm+Ef2nPgymkWXhvxjb/tAeCbNfBmjXVn8QpItO+JFjpmn2Piq78e+MJfE9nFFD4q1/Wb3/hFdP8P+H3tLa1tY/tzvKeCwB1ngH9qj4f8Aii8sPDXjKz1r4Q/EO4j8HW174D+Itt/Y+oWviLxr4Vu/GeneFLHU2/4lOva7Z6Dp2o3Wq22kXN0NONhdJcsrRMFAPphHSVFkjdZI3UMkiMHR1IyGVlJVlIwQQSCOQT1oAdQAUAFAHxt+z9/xIP2hP2xPBf8Ayyk+Ifgv4hWo6DyvG3w58NSXZQc/KdUsL/cflzN5h5yTX33E6+s8LcB5g17yyvMMrm99cuzbFqmn0uqNSlb+7bsfH5B/s+f8X4Po8wwWYR9Mbl2Hc7eXtac++va9j7Jr4E+wCgAoAKAP/9f+/igDL1vRNI8S6Pqnh/X9OtdW0TWrG60zVdMvolntL+wvYWgurW4ibh45onZGGQRnKsrAMsVKcKsJ0qkVOnUi4ThJXjKMlZprs1c4sxy7A5vgMZleZ4WjjsuzDDVsHjcHiIKpQxOGrwlTrUasHdOE4SafVbqzVz82bz/gkj+yNdaxc3sWn+PrDRby+OoXXg/T/G2oW3hiW484TLGNOCOgtVICCAljsAAcEA18rLgrJHOUlHEwpyk5SoQxE40W27/BZq3S19l005f5Jr/Qc8DK2PrYmGF4nw2X4jEPFVshwvEWKpZNOq586j9UUOVUVblVN68uilFpOX3HL8GfAlt8HtV+CHh3Q7Hw74Ev/BuseCrbSNOhEdtY6bq+mXWnSPGhyXmUXLTmWQvJJOPMdy53V9C8BhlgZ5fSpxpYaVCdBQgrKMJwcW1vd63u9W9dNz+jZ8AcNUeA8b4dZVl2GyrhvE5Bj+HqOBwtPlo4bCY7B1cJKUI3blUj7Z1XUlLnnVXPJuTbPz2/4J+/BrxzpP7O3xn/AGU/jn4R1/RfDuieL/GnhXSL87rKDX/Bnivzbi6utD1Ab2cm+u9RliuFB2Ry27AAkhfmOGsDiYZXjsmzGhVp0qdfEUYS+FVKFa8m6ctftSnZ9tUlqj+WvovcAcR4Lwq8QfBTxIyLM8vyrLs+4hyTA4h3w9PNOH879pVrVsuxS5pO+Jr4qVOqorljKm0l9n74+HXwC+G/wy+Ddp8B9B0u4vfhzbaLqmgPpWu3R1Sa80zWTcnUILy5kRGm8/7XON21WTcChDIHr6TC5bhMJgVl1KDeFVOdPkqPnbhUvzKTe97s/prhTwx4S4P4BoeGmWYKriOE6OX4zLJYLMq7xtSvg8f7b61SxFaUIup7T29RcyjFxunHVXj81aH+yx8OP2LfhH8ffEv7N/hPxXf+MvFnhK9ltdIfVJtfvbvWrS01G38O2+l27xQmG3sr7VnupIkLHyUk5O0V5VPJ8JkOCzKrlVCtKvWoSahzurKVSMZKkoX5bKMptvTbXWy5vyPLfBbhL6PnA3idm3hNkmd4rP8APMjxE6OBljamZ4ivmFChiqWVUsFSlCn7OlhsTjpVpQTk/Zxk+bRctP8A4Jn/AAC1/wCAv7NWmW3jTTJtH8d/EHXdU+IHizTLlBHdafd6wY4dPsbpOWjurXSLWxiuoyzBLhZVHTNTwnltXLcphHEQdPE4qpPFVoS+KEqmkYy7SUIxuruz7auXP9ELwxzPwz8I8JS4gwdTAcS8U5njeKM8wdZctfDV8e4wwuHrRaThWo4GjhqdaGvLVjJLe5+hNfTH9ShQB8Z/s+fu/wBor9tCH/qpPgC4x/13+Engs5x77evH9W+/4o14V8P5f9SnM4f+A53mGn9fqfH5BpxDxkv+pjl7+/KcH+fp06H2ZXwB9gFABQAUAFABQAUAFABQAUAFABQAUAUdTtvtmm6haYz9qsbu2x6+fBJFjt13ev5VM1zRlHvFr71Y5sZS+sYTFUN/bYavSt39pSlDy79/uPlf9ha4+0fspfBvnP2bwwlj9PsV1cW2Pw8rHf8Aovj8Ou+TYDyoqP8A4C2ra/19x+MfRure28FOAdb+yyeOG/8ACatVo28rcltVH0PravaP3AKAOQ8Z+APBfxD0z+x/G3hnR/EtgiagtsmqWUVxPp76rpN/oV/daVeYW80m+n0fVdR086hps9tfR215cRxToJSaAPmmb4CfE74TrJf/ALOnxJvYtIsYDJbfB/4kTz+I/Bk9j4Y+Fn/CI+CfBXhrW7hn1zwXplz4q03RvEPibWludV1C9Muq9HnU0AXIP2pR4HvJNF/aF8Eav8Jri2fW408aFZNW+G2s2Pg3wLoXjLxr4ug16BC3h3wnpkurXmjWNx4j8i61G80e9ECtgGgD6k0fXNG8Q2UWo6HqdjqtjMkbpc2FzFcx7ZokniDGNiY3eGWOTy5AkgRlJUZAoA1aAPjbwx/xI/26vixYHhfHHwC+FfiWMdml8PeJ/Hfh24k9CxiitEbjIVE6AivvsZ/tHhvklX/oX8T51hH5LFYPLMVFfe5tO3WS0sz4/DfuOOM1hssbkOVYlLu6GKx+Hb6LZRV9X0srpn2TXwJ9gFABQAUAf//Q/v4oAKACgAoAKACgAoAKACgAoA+M/gT+7/af/bOg6f8AFW/Cq4x7T/CPwiQep/ukdB7Zya+/4k14O4Al/wBQWdQ36xzzHL+ux8fkenE3GK/6i8qf35Thbvpvvs/U+zK+APsAoAKACgAoAKACgAoAKACgAoAKACgAoA+PP2Dh5f7Mnge1/wCgfqPjDTcen2DxbrFrt/Dyse1eHw5/yKcOv5J14f8AgNaouy7f8NtH8G+jT7vg/wAOUV/zC4vPsJ6fVs8x9G3y5Lfh0PsOvcP3kKACgAoAoarpWl67pt9o2t6bYaxpGp2s1jqWlapZ2+oabqFlcI0dxaX1jdRy213bTxs0c0E8TxSIxV0ZSQwB8u+LP2WLC3u9a8UfArxv4g+BfjrU5PG2sm50E/214I1Xxn42i8MW9z4o8WeBdVll07W59MtfC9va6PZ29xptjpyX+oSQWwebbQBasPij8bfA3iNdC+K/wwXxB4a1HW9bg0b4i/DGWbUrex0q58b+FfB/w80/xV4bvBHqI8T+JIfEz61rU2kM2haDYaJqtzNKYokDAHNa432X9vT4fTYZBr/7MvjG2IYYLf8ACPeP9IukRv8Aaj/4SJsr238dWr77DfvPDTM47/VuL8BNeX1vK68W/n9UXXp0Pj6/ucdYB/8AP/hvGR/8JsfSl/7sd36dY/ZlfAn2AUAFABQB/9H+/igAoAKAKOqanYaLpmo6zqt3DYaXpNjd6nqV9cuI7aysLC3kury7uJGwscNtbxSzSuThURmOMVFWrTo06larONOlShOrUnJ2jCnTi5TnJ9Ixim2+iR1YHA4vM8dg8twGHq4vH5hisPgcFhaMXOticXi60KGGw9KC1nVrVqkKdOK1lOSS3R4b8F/2oPgj8ffhve/F34b+NtPv/h1p+sanod14q1VhoWkxX+kXn2C+DXeqPBbiCO8It1uDKsUkpEYIf5a8TJuJslz7LZ5tl2Np1Mvp1qtCWKqtUKSqUZ+znedTljyqfu817N6atLm/UvErwM8TvCbjTDeHvGfDGMwnGOLy7BZpQyHAJ5rmE8JmGH+tYZrD4GNWq6s8P+9lRUJTjBOT91KUvR9E+J/w08S3qad4c+IfgbX9QkyY7DRPFugarevgZOy1sL+edsAZOE4HJzjFejRzPLcTNU8PmGCr1HtTo4vD1Zv0hTqc34P5aKXxmZ8Dca5JhpYzOeD+KcpwkLc2KzPh/NsBho3dlzV8VhKVNXeivNXenU89b9pn4NR/tAD9mGfxZFbfGd/Cf/CbW3hW5tpoTe+Hv9HLXVjeOq291IguEZ4ImeRVWUnHlOF858S5Os//ANWZYtRzl4T67HCyjJc+H9334TceWTXMrxUr7/ytH18fBHxIn4R/8RxpZBOt4bR4gfDNbPqNelUWGzf97ahicNF+2oQk6MlGrUSg3Kml/Ehze917x+TmRquiWGsvpMl6LgtourRa1Y+RczWwF9DaXtkhnELoLmDyL+4DW0weFn8qQoXiRl3oYmph1XVPltiKDw9TmhGX7uU6dR8ralyS5qUbTiuZK61Uny41aFOu6TqKT9jVVaHLKUffjGcFzcrXNHlqS92V4t6tOycfFfiP+zN8L/ip4kk8VeLF8WnVpLW2s2Oj+NPEehWfk2kYji22OmX9vbLJtHzyCPfIeWycFvocp4vzjJcIsFgngfYKc6i+sZfhMTU5pu8r1K1Kc7X2V7LoeNmPDWWZpiHisV9b9q4xg/Y4zEUIWgrL3KdSEb23dm35any1oPwT8D/Ff9qD9rDRPFy6+bLQNW+Dd1po0XxLrOgzbrn4OeErWU3U+lXVtLeDbZptFwXCNuYfM7M32WJ4hzLJODeCcRgfqyniaGfwq/WMJh8VFqGfY6aUIVoSjDWo2+VX2XvJJx+YoZNgs14m4qoYt4jkoVcnnTVHE1aDvLJ8JFuUqU4ud1BfE7J30T1l9lp8E/A8fwul+ECjX/8AhDZovJcHxJrB1zZ/aUeq8eIDdf2srfa41+YXIPk5g/1ZKN8C+IcxecLPf9l+vp3X+yYdYe/svY64X2boP929uRe97695H2CyXBLLHlH+0fU2rP8A2mt7f+IqumI5/a/Guk/h92/KR/DH4H+BfhFaa1ZeD18QCDXzEdQ/tvxNrWvv+5jkiT7NJqt1cva/JI27yGTJwxyQCrzjiPMs8nh6mP8AqvNhb+y+r4PD4Ve803zqhCCnqlbmTtqla4ssyTA5TCtDCfWLV7e09tia1d6JpcrqTm4aP7LXzsjlvAP7L/wu+G3i5PG3hk+MhrUcV5Eq6r438SaxppW/wZ92mahfz2bMCv7pjFmL+DGcV25nxjnObYF5fi/qDw8nTbdHLsJh616fw2rUqcKnquvXqjmwHDOWZdi1jcN9c9slNfvcdia9O1T4v3dSbh6aO3S1kR+Jf2W/hd4s8fH4k6tL41HiQ6pp2r7bHxz4ksNI+16W9u9qBo1tfx6eLfdbRedb+R5U43iRWDsKeD4yznA5Z/ZNCOXPCexq0P3uW4SrX5Kykp/7ROlKrzWm+WfNzR0tdq8ZxPDGWYrH/wBpVXjfrPtadX93jsTTo89JxcP3MZez5bxV42alrfe0dz4r/s9/D74zXek3vjJ/FST6LaSWVl/wj3i7XfDcZhllMrfaYtJu7ZLmTeTtkmDOq/KOK58k4pzTIIV6eAWCccRNVKn1vAYbFvmiuVcrr05uCt0jo99Ptb5rkGX5xKlPGPFJ0YuEPq+Lr4ZWbu+ZUZRU3d6OSutla/vaHiD4HeB/E3w00b4Uak/iUeFNBi0uGway8T6xZa4U0e3e2s/tWvW90mp3TGKRvtDTXDG4fDyksAaywvEeY4PN8RndFYP67iXWdRVMHh6mGvXmp1OTCzpyowXNFcqjGKgtFZOxpiMkwWJy2jlVR4n6rQVKNNwxNaFe1GLjDmxEX7WTs3zOTfM9X0cfGP7T/Zi/Zt1vwB+y5rHxBuvDvjD9qa88eaf8M/CPibxXr2reKPHN54c8Kw3XjSDwzqV5Lc3NpJo3h1o79wlzb/Z8tcQZmJKmZcR5jm2YYXM8UsGsVg/Zex9hg8Ph6P7mr7aHtKFKnCnU99vm51Lnj7r0VgwOSYHLsHiMDh3ifYYr2ntfbYqtWq/vafspclWpJzh7i93la5Ze8tW2emfCz9m/4cfB3Wr7X/B8ni99Q1CxOn3A8QeMtf8AEVr9nMqTExWuq3txBDNvQfvo0V9uVBAJDdGdcWZtn2Hp4XHrAKlSqe1j9Vy/C4SfPyuPvVKFOEpKzfutyV9fMxyvhzLsor1MRg3i/aVIezksRjMRiIcrkpe7GrKUU7rdK9tNfs5cH7LHwst/iGfifHJ42/4SdteuPEZV/HXiV9G/tG5lklkA0Rr86d9j3yvss/I+zou1VUBQa3lxpnU8q/sdxy76n9WjhLrLcGsT7KEVFf7T7L23tLJXqc3M9by1bMlwvlccw/tNPG/WfbyxFnjsS6PtJNt/uOf2fJd6QtyrotkaXxO/Zt+G/wAWvEEHibxZL4xj1O3sIdNjGgeNPEHh+z+zQySyIWsdMvILd5t0rbp2TzGG0MxAArHJ+Lc2yPCyweCjgHRlVdV/Wsvw2Kqc8kk7VKsHNR91Wje3Wy3NMz4by7NsQsTi3jFVjTVJfV8ZiKEOWLbV4UqkFfXV638rHRePvgt4M+JHhrRPCniObxKmleH3iewbRvEuraLfsYbcWyfa9Q0+eK6ux5SjcJncM/znLHNcmWcQY/KcXicbhY4R1sVf2qxGEo4il70+d8lKrGUab5n9m1lpqtDpx+TYPMsNRwuJeJVKg04OjiatGppHlXPUpvmnpvzXu9WkGl/BbwbpHwzu/hNZzeJT4UvUu0mkuPE2rXGvhb2//tGfyvEEs51OI/aDiMrPmKH9ymI/korcQY+vm9PO5xwf12m4OMY4SjHDfu6Xso3wqSpNcurTXvS952eoqWTYOjlssqg8R9Vnz3csTVlX9+p7SVsQ/wB4ve2tay0WjblX+FXwM8EfByXWpvB83iiVtejso77/AISLxTrHiRVWwa5aD7Kuq3E4tCTdS+aYAvnARiQny0FVnXEeYZ8sPHHRwcVhnUdP6pgqGEu6igpc7oqLn8C5VJe7ra1/enK8jwWTus8G8U3XUFP6xiq2IX7vm5eVVXaL953slfS7dko834O/Zi+Gngbxlb+OtEuPGz65bT3txGmqeOPEOqaWZL+OWKcPpV5dSWToFnfykaMiJthTaVBrrx/GGb5jgJ5diIZcsPONOEnRy7DUa1qTjKNq1OEZp3iru93qne75ufB8NZbgcZHHUZY114ucl7XHYirSvNNO9KTcGrS01dt9Le78c/so/swfDfx/8P5PHGvX/j2DXrT4p/E+ye30bx1r+j6MjeGPiPr2nWiro9ldR2SKY7CI3KiPFy5keXcZHrxODeMc2yzhxZVh6WWSw9PFZrTUq+W4aviEquNxDnetOMptpzfJeUuVWSskon4J9H3hnLsdwC8VXqY6NfDcZcc4Xlo42tRor+z+L82w8EqUJcq92lHmVnzbvdqP3H8VvgL4I+Ma6Gni288X2o8PR3EVh/wjPizWPDZdboQiT7adMuITeMBAnlmYsY8vt+81enkvEuYZC8S8FTwFT61KEqv1zBUMXZw5uX2ftYy9mvfd1F66XvZcv9BZpkOCzhUFip4uCw6kqf1bFVcPdStfn9nKPPaytzbdLXfNZ1D4IeDdT+F9n8I7i78Vr4VsorSGG5g8U6tB4jKWUvmwmXxCk39pSsX/ANazTAyr8rEjFRS4ix9HOKmeRp4L65Uc5ShLB0ZYS9RcsuXCuPslp8No+7utdSqmSYOplkMplPFLCwUIqUcTVWItB3V8RzKo7ve7d1ps0zz6Tw58E/2Tfhj4sv8AXfFPiPR/Bmt3kNnqF74m8Ta74m1a51XXIYtE0/SfD5na81JtS1FzHDYWOnIZWuWM42KkkqGbcR4/OcVhcZi6eChVwiiqSwuDo4ak+So6q9pTpRUaj5nZ8yd42jsLLsjweV4fEYbDTxUqeJcnUdfE1a81zQ9m/ZznKTh7q05Vvrrb3flH9l340/sMv+0frPwf+G/xN8f6X+0XB4UvdRk+Enxa1vxnYeINQ8KXVxZ3Nzr+heHvFOLPVLOKSG3Av9Nlne2R5Y8KDMqdWccXZpneDjgcZSy2FGFWFZSwuX4bC1nOnCcI3q0oxk4tVHzRvaTs9Le9hlnDeX5TiZYvC1MdKrOnOk1iMbWxFPlnKMm1TqNx5rxVpWTSuup618L/AA9+yf8AtE/E74peP/hT8TvEvjfxd8G/jXrPgX4oWOgfEDxKuieD/i14Wls9R1rwfqehNJDp8cmn/a7R7jT445LQwzqgJViF0p8Z5vSytZRGjlf1VYV4NTlluFlifZODg39YcPaOrZ39o25J63/lifC+W1MweZyqY/6x9Y+s8qx1dUPaKfPb2Knyezvp7O3K1pazse+/Ff8AZ08AfGTWdO1zxbe+NbW90vTBpNsnhnxnrfhu0a1W6ubwNcWul3EMM9x5t1KPtEgMnleXHkoihMMk4qzPIcPVw2CpZdUp1q3t5vGYDD4uanyQp2jOrGUow5YL3E7Xu9W3y65rw7gM4rU6+LqY2E6VP2UVhsZWw8HFTlO8oU5KLleb9562stbI8a/bd0rTfAP7GfxS8UWFhrutj4D/AA31z4iaHpcXi7XNDvNTHgHw9fXkkGra9pki6ncwtpcV5LcFy/mzJHLICV3L8znPG+b8IZdxJxdluFy/F5hhMsx+OlhsZhKVXCTVKP1qqo0ZRcaVo0m4uCTirpaNo/YfBHwm4d8Y/Frwo8JOI81zTJck41434c4Tq5pltZ/2hhJZ1jKeVYWpCU5xVabxOKowcakrS5rq8kjyvwZ4a8L+EP2gv2P9Q8HXWtXWi+Nfgx8ZtQim17Xb/wAQ3rf2s/wy15ol1HUJJbh7eN5SIYy+1AOFGK/SsDn9firw+4lzTExwsZ1MdwpioxwlCnhqKVTDZpBNU6dotu9nLeVr62bPxfibhOPAnibh+GE8U5ZRW4uymq8XWnWrueCx2Dg+ec7yT/d83L8KvZWv7v6ZV+bH0gUAFABQB//S/v4oA8P/AGkvjv4U/Zm+CHxE+OPjQSy6B4A0J9UmtLfb9o1C8muILDTNOg3cB73Ubu1gaTBEMTSzsCkTV4nEee4XhrJMwzvG3eHwFD2soR+KpOUo06VNb6zqTjFu2ibetmfqPgv4VZ/42+KHB/hdw04Qzbi3NY4GliKt/Y4PD0qNXF47GVbXvHDYPD16sY/8vKkYUlZzTPxyl/4KEftu6rov7ONr4a+Hvw0vviP+2WniTxv8HfBMVwbYeD/hn4b0ODXbaTX9a1NksdR1rxJZLeXEEcix/Yt1naNundzX5A/EDjWrR4djhsvy2pmPGCxGOyjAqTh9Ty3DUI14OvXq+5UrYmCnKKajyXhBrm5j/RuH0Qvow4DMvGavnfF/G2F4N+jdPJeGPEbiadFV3xFxtnWa1cqrwynLcEnisFluS4mWGpVakPafWbYnEJKjGHN51+0X/wAFOb34vf8ABMf9q26utGl+H/x38Iy6V8GfHXhkedb3Gi6h4u1g6Pq7SQSYmtXm07TPFOkSxltjzQPc2wNpNBXncQ+Jc838NOKZSovAZ7hHSyfHYbWMqM8XW9lWvFpSg3TpYqlbW7jzR91xZ9l4O/Qgwvh39N7wFo0Mxhxb4VcQU8w8SeFc7/d1qWZYTh7LVmOXqNWF6VeNPG43I8whNJuNOrGhWtXpVkYPx/8AhxZfB7/g3k8O+G9Gjl06fUfhn8KPFGu+UzRST6/4z8V6F4j8QvKybGkWfVNQuHxITldobO0Vz59l0Mo+j9hsPRTpyq5blWKr20csRjMVQxGIbs9VKrUk+vppaPqeE3GeK8Rf2wGc5zmU4YylguNeP8iyr2iVSFLKeG8hzTJsojTUk4xlSwOEoxvDl15mrN2PzA/aH+DP7LvwH/YA/Y4/aF/Z6+It94T/AGzPFdh8J9T1bS/Bfjya/wBb1a/1bwy+peJJ77w9p1zJPpt1Za9HpiLb3Cr+8u2sXt5fN2V+Z8QZPwxkXAXB/EHD2YzwvGOKhlVWrSwWOdSvVqVcM6mJlUoU5uVKUK6pLlkt58nI7uJ/cnhB4keOnir9LX6R3hB4v8G4XP8A6N2Q4vj/AAWXY/ibhOlhMswGEy7O4YLJaOFzfG0o0sbQxWVTxs3VouVoYf61GtBxUj9M/wDgoPrPjH4SftA/8EhP2s9VjOk/FHxBqOgfC34pXKp5Eb6ZqsvhS31i2vYuA7eR4+8RsqzH5Xtoj/yxTb+leIFbGZTn/hJxXVTo5piKmHyvNJJOK9nVeFjWjNaXfLj8S7NPWMX7vKj+JPoiZdw54geEf7Q76P8AgJ/X+Bsowma8dcCUHJVZxxuBhn1XLa2Fk78q9rwpkqbptc0K1Ve97WTP6aYpFmijlQ5SVEkQ+quoZT+IINf0ommk1s0mvRn+I9SEqc505K0qc5Qku0otxa+TQ+mQFAHxP8KNR0/Tf2vv2vkv7+zsjdf8KQaAXd3BbedIfhnpcWyITOnmP+5+6m5unHIr9BzyE6nAvAvJCc+R8RJ8sXLlX9r1pa2WnxPd/fpy/G5TKMeLeLVKUYuX9itXaV/+E2krJO38vRv0PtcEMAykEEZBByCD3BHBB9q/Pj7IWgAoAKACgAoA/mI/4Lc/FfxJ8E/+Cln/AARG+I3g34Y+JvjL4w0bxz+15ZeFfhn4RMEet+K/EHiH4Q6B4d0myS6uStvp+nW95qkWoa1qU58rTtGtL+9YMINrAH2p+y1/wUm/aR1z9tZf2Ev25P2XPDn7Onxb8a/B/UPjp8GdZ8A/ENPiN4M8ZeC9H1uPQ9a0i/1UwQNZ+LNKuZ0+02cKG3P2e8KOVRHYA/aOgAoAKACgAoAjmmhtopbi4ljgghRpZpppFiiiijUs8ksjlUjRFBZnYhVUEnjNNJyajFNtuySV22+iS1bfkJtJNtpJbt6Jeb2/P7j8+/2MPi/8KrHw5498CzfEjwNBr9v8ePjU1ho0vinRYr+8s9S+I2v3tlcWVu94sl1DeR3AltWtxKJkYPHkNurz8gy3MPqOMmsFipUaOa5nSnUWHq8sJRxdVyUmouzi3Z35LbO1rH8+/R8xuDo8N8V5a8Vh1Vwfih4j0Y0nWpqTU+Lc0rR5YuV2mqiatvfr8R+hAIIBByDyCOhHqOvX6/nXef0GFAHwx/wUM1b4H6d+z49v8avHuvfDuXUfHPgqH4Ra/wCCYBqXxJj+NkOswy/DxPh14fGZPEniRtVHlPom37NqGkS6naX0sFpNLKoB+cv7MH7Yt0f2zvhT+zn/AMFJP2ePC3w2/bUvvBfiif8AZP8A2jxodhBpvxz+HTFpda0zTLkb7rwR8Qv7OsE1HxT4Anup4bGYXiWEuBI1wAfmv/wTs/aY/bV+Hfxu/wCCwfwy/Yu/Y9sP2hfEdp/wU5/aL+Ini/xf8QfHsPw3+G+l6fPbeHtNsvB+i6r5Vxea949vv7FurtNKgjSC2tbrTZLiUC6G0A/o4/4Jv/tyeH/+ChX7LXhP9obSfCGpfDvWrrWvFPgrx58PtXnS6v8Awb4+8C69feGvFOitcxgLc2sWp6fPLp9zw09jLbysqszCgD6Z+PXgr/hZXwN+M/w6MXnjx98KPiL4K8nG7zv+Eq8IaxoflbeM+Z9u24zzu7Zrys9wX9pZJnOXWv8AX8qzHBW7/WsJVoW67+07feff+FHE3+pfil4bcY+09l/qnx9wdxN7VO3s/wCwuIsuzT2l+nJ9V5vkfmf+zX4mPi7Rv+CWPiJpd943wX+K3h7ViTk/2lpPhn4c2d9Dk/MTHe6fOpBORtwcEV9L4R4v674L5zN+9KOC4PU+tq1CeZ0Kut+kk1qtGraWfN7f0zch/wBWvpecb5fTioYeXG3HeLwaWieAzOrg8wwUktnz0K0JaPrpzXTP2Irzz8lCgAoAKAP/0/7+KAPib/gop+zpr/7Vf7HPxp+CvhKWGLxh4j0Kzv8Awl9ona3tp9e8P6tY63a2E8o4VdTisrjTEZ8RxzXkUsnyRsG+L8Q+Ha/FPB+c5LhGljMTQhPCcz5Yyr4erTrRpyfaqoSpq7ilKSbeh/Tf0OvGPKfAb6Rvhr4l8QQqT4cyfNcRhOIPY0lWrUsqzfAYrLK+KpQdnKWBqYmjjZKD55U8POnC0pI/nP8AC37W1j8OP2gv+CZ2kfF34ZfFTwj4v/ZX+GvxJ+HPjfwpH4F1rUNY1Caw8Mah4e0Gbw9BbQH+3GvhbQteSacJ4bMyGZ38kfL/ADxheK6eXcQeGtHNsszTCYvhfLcyy7G4VYKtUrVJQw1TD0JYeMY/vuflTm6akobt2SP9kc++j7iuM/CL6bWYeHnG/AfEPD/jxxrwVxlwxn0+KctwmXYSlis7wmcZtTzetXqpZYsJ9YqRw0MY6NXEKCpxhKo4l349/spfFXW/2C/+CiX7XPjfwVrPgHW/2ivjp4d+Neh/DjVI9mt6P8PNJ8XajDp99qlko82zvrs+NLy+lgmw66dbRXMix7mRbz3hXNK/AniFxbjcFWwFfiHPKGdUMuqq1ajl9HF1FTnVgleE5fXJzaktKcVJrVo5fCjx84Cyz6Vv0PPo9cL8TZbxblng74WZz4ZZpxlgKl8szHjDMOHsHUxeFwOJf7vEYah/q1hsLCrTcovGV6lGEpWTPuH9qTU9R+Mv/BA7whqXg/Tr/wAUarrHwb+BxfTPD1hc6tf/AG/T9T8NQ6tax2OnxT3Dy6fcQTx3SRxEwmKTeFCtX23FFWpnHgRg6mEp1MVVrZPkd6WHhKtU9pTqYaNWChTjOTdOSkppKVrO9rWh/L3gXgsH4cftYuIsFxFjMJkeAy/xG8UVDHZviqOX4T6ri8DnVTAV5YnF1KNGNPGUatKdCU6kfaKpBRu5JS92/wCCcH/BNP8AZJ8Lfs/fszfG3XvgHoz/ABu1D4VeAvFev6t4utL251PTfGV9oVjeandnR9R2Q2F/HfPI/kz2pe1m+6iOle74deG/CeFyDhrOq+RUnnVTK8DisRVxcJyqU8ZOhTlVn7GpyqnUVRt8rinCWq1Vz8r+mb9Nb6QOe+Lvjb4Y5T4r5jHwxwfHnFeQ5TgOHq+Fo4LG8N4XNcVh8Fh/7RwV6mLwk8LGEfaUsQo1qe8pRlLm+dP+C5nm+OvjP/wTa+B2gFbjXvEvx6bWLnT4BuurTSP7e8B2FvqXlJ86WkMVrrs0jgBQlhKRjyjXzvjffHZx4c5JQtKvic9dWdOPxQpe3wMI1LLVRShXbaW0Ha9j9j/Zbqnwv4a/TQ8Uc2UqOVZL4VRy6hi6ulDEZj/ZPFeLq4L2kvdliKs6+V04Qak3PF00175/RNY25tLK0tSdxtrW3ty3qYYkjz+O3Nf0LCPLCEf5Yxj9yt+h/jtiqvt8TiK6VlWr1qqXb2lSU7fLmLVUYHwH/wAFJf2yB+xL+zPrvxO0qxg1Xx3r2p2vgr4daZcjfav4o1e3upotRvohzLY6RaWlxeSR5AmuBa2zYSdzX2HA/DL4qz2hl8pShhacXicZOPxOhCUY+zg+k6spRin0jzSWsUfN8VZ6uH8oq4yKUq85Khhoy1iqs1J881peNOMZSeur5Vpc/il8X+N/jX8XdfvviF8Tvi544vfHPiG4/tHWNR03XL7S2efaqWUTf2fNaRsmmWqpZ2S+UBbwII422iv7vyzgjKcLlOBy14XD08Pg4VFRoxo05qn7eftal3U5pScpO83dc0tdLty/kvG8UZjXzHGY5YitOtipwdWpKpOLn7KPJC0YSiklFJKzTSS7n6jf8EtP+CiPxj+CXx88C/s5fGbxvrfxG+DvxZ1S28L+EdV8TXs2pa14K8U3bi30iO31C5klurjT9SvXg0+6tZpZWSe8triNwocV+H+LfhhgaOX4jOMsw9LD4vCU54mToQjTp4rD09a8alOPLCNalF+0Uopc0Va2qR+p+HXHeLnjKOW4+tOth8ROFCPtZOc6FWelKUJt8zp1Je44yekno9Gz+xCv5QP6FCgAoAKACgD8F/8Agoz4U8U6x/wV4/4IZeItI8N69qvh/wAL+Ov2x5fEuuadpGoX2keHY9R+Btja6fJrmpW1vLZ6THfXP+j2b381utzP+5hLyDaoAv7UPhPxRe/8F7f+Cdni2x8Na9d+GdJ/ZP8A2hNO1jxNaaPqE+haZd3PiO1ktbHUtYht30+zubjeslva3VxFLKDvijYEtQB+89ABQAUAFABQB/LN/wAFvf2zPiZqHxi0z9iv4X+JdT8GeHNH8O6T4r+LWsaLdzWOrazPrlrDqelaELy2kjmh0y30q6sLmWKN0N3c3jLMTDAEb9CwGNyvgLgfG+IWZYOlmOPq4p5ZkGCrJOjLFv2sfa1E01aLo1pSlyycY0kopSnFn8nfSh8aJeFnC+LxNGLqVovD4TDYeNR03jMyxtOpVw9KpONpRw1GhSnXq8usrcmt0j8GLz4daTO1leWt7q2na3plvbQ6frlnfzwajbSWkYjt7hbiN0lE643GRZFcsSdwJJr8LyDx641yLHYytBZficuzHNcZmuPyqrhY/V6tXH154jFQpy5nKlGU5vk0mopLR6xP8jeF/pLeInDGbYzHYergK2CzLOsdnePyyWF5Kc8TmWJnicWqFeM/a0Oac5cklzOOi5ep/UD/AMEOv20viN8ZvDnxF/Zt+Mes3Pibxh8E4NJvfC/izUJnuNT1vwZqcl1aQ2Oo3En7y6udFntFEd3KWlls7y1jkd3iZ2/c+LsPlGa5RkHHOQUvq2X8S4d1K+ESssNjYKLqwUVorycoyUbJThJpK6R/th4D+JVLxI4Py7NqcqkqeKwOHxlB1XzVacKnNTrYWtLTmqYWtTlScrO6td3TP3/r8+P3M/BH/gs54M+JGh/HL/glx+1zp/hjxD44+An7JH7THjHxF+0P4c8M6Zda9f6NoHxI8FWvgzwx8SrjQLGOe81LS/AGp/bb/UZ7a3uLjTI7pJ4Y8zOygFH9rjwpoH/BRj9t3/gmdqv7Pklz4n8J/smfE3xv+0F8W/jDaaTq2l6J4V0DUvC2maT4W8BWWr6lZWL6h4i8b6vGs11pFp5qWejaXdy3zRvMiMAan/BEDwp4p8L+NP8Agr1J4l8N694ej8Q/8FXf2hte0B9c0jUNKTW9Du9F8GJa6zpD31vAupaVcvFKlvqNkZ7OZo5BHM5VtoAv/Bvl4T8UeD/2W/2g9O8VeGte8L3dz+21+0zqNlY6/o+oaLcT6bd/EC/ktb61ttRt7aSWxulzJbXMSNbzId8UjqQ7AH7A/tEfG3w5+zf8EPib8dPFtjqOqeHfhh4U1DxVqem6QsZ1LUIrLYkVlZ+biJJrq4mhhEsv7qEOZZMojCvG4hzrD8OZJmeeYunUq4fLMLUxVWnSt7SooWShC+ilKTUbvRXu9mfpPg94Y5z4z+J/BHhZw/i8Hgc444z7CZFgcbmDmsFg54nmlUxOJ9mnUlToUadWq6dNc9RwVOFpSR/Ml/wTi/4KE+Bvip8Yf2SvgVY+APF3h2TwJ8RPj7Lo+u6jc6fcafe+H/irNrGu+FdKht7YCeOXRNO0iCx1CZmNu8yiS3HljFfNfR64+weaeH/iFkX9nY3CrB1cjrYevWcHSq0cyzvOKuDp04xSadGlF06kr8t9Y3TP73/adfRI4j4H8U+AfFWfGnDWey4kyXGYHOMoy+GJp47A5rwPwbwhl/EONxNSo5U+XM8diXi8JRfLXjTlyVkpu5/WnX3x/l+FABQAUAf/1P7+KACgD4M+N/7K/i34mftqfsl/tI6Tq2h2nhf4D6R8SbLxPpt6kx1fUZPFWky6fpS6WYwYyElvZpZjMdsaQOBh5Ur4XO+F8XmXGfCnEdGrQhhcio5lDE05qTrVHiqTp0lStpo5ttt+7yvSXMuX+rvDDx44f4I+jP8ASB8GMfl+aYjPfFbMeC8TkeNwsqay/BwyHMIYzHyx3O1Nc1PDU6dONNOVSVWLfu05I+vfiT4A8O/FX4f+NPhr4ttFvfDPjvwxrXhTW7YhSX07W7CawuHi3AhZ4Vn8+3kxmKeOKRcMor63MsBh80wGNy3Fx58NjsNWwteO96dem6cmtveSleLvpJJ6WP534L4tzjgLi7hrjXh+u8NnfCueZZn2WVk2lHGZZi6WLoxnbV0qkqXsq0Np0pzg9JM+bv2GP2UJP2MPgJpnwGTx9f8AxD0TQNf8Sal4f1DU9PhsZ9N0nX9WudWTRfLieRZYrOe6mEchP3GCLhFUL85wPwq+DchpZEsfUzCjh6+JqYepUgoSp0sRVlV9jZbqEpuzvtolFfF+0fSl8fYfST8WMb4rPhPC8H5nm2U5Lgs3wmCxdTFUsbmGU4Cjl7zLnnGm6dTEUsPS54JfFHmbcpSZ6Z8S/gT/AMLI16LXR8Vvi34K8qxhsf7J8D+Ko9F0hxC8jfaXtGsbjN0+/bJL5nzKqgKMGv1bKOJf7JwssL/YuR5herKr7fMcE8RXXMkuRVFVhaCtdRtu2fypmWR/2liFX/tXNsHaCh7LBYv2NJ2153Dkbc3fWTetlotWfDHiL/gljovjH9pbwz+0D4u+PvxZ19/Afhn+yPAdvf6lazeLPDGpSGfzr6x8Vm23Jav9v1VxZ/YGIfUGPmjyY2XzcRmlDGcSYbP8XwnwPiPqOG9jgY1MgbxeFqPmvUp4v61dR/eVny8j1qdbRP2TJuP804c8FM78I+HuKPEjKI8VZ4sx4qq4TjOdLh/PMFD2Xs8JishWBalXX1TAReJ+t2ccIl7J881L6i/4ZIk/6OJ/aOH/AHUCH/5Vt/P8/wCH6f8A14X/AESvCi/7pb/SrH+u2vN+FPhO+3EPES/7qEfz9j+Fvn0D/hkiT/o4r9o7/wAL+H+ukkfp+dP/AF5X/RKcJ+v9mS/+Xh/qn/1UHEV+/wDaC/8AlTX4fcflh/wV7/Yp8bXH7Ksvj7wR43+K/wAYNU+FvirTvFeqeFfG+ujxNbw+GDbXVrrOs6TY29hayjUdMkawmkdPNK2H2uXYREQ33/hrx/hafEcMPick4eyyGNoujTxGEwboSeIjOM6VOdSVWS5ZrnS0+Pk3u4nx3HHBuInks6+HzXOsdLC1FUnRxGKVWKouLjOpGKp3coNxbs/g5m72P5j9E8TaNrNhFdW+oxRtsUT2880UM9vKB88UschRgyNkE4x34ziv7PwuYYXFUYVIVacbxTcZTinF9V/X4by/mOvgsRQqShL2ujdmoXTV9Gv+HfyteX0L+xn8IfE37Un7Xnwf+HfgCG8msPCXifTfHPjXxrpyNnwXo/h2/tdTbULLUlVorLVHubK3tNMmbfnUJ4nSOVLaTb+Z+JvGGXZJkWNqTp4TFydCthqNDER9pDEYjEQ9l7JR93mgotyrW05E0+VtOX3PAnDONzXNsNGNbFYdRrU69SrRlyTo0aElU9o3a0ZOSUad7XlK+iVpf2df8Ml3Y6ftH/tHf+F3bD/3Dt/P88/L/Hf+u8P+iT4Tt/2Lan/y8/pX/VWX/RRcR/8AhfH/AOUL8/uF/wCGTLz/AKOQ/aN/8Lm0/wDlTT/13pf9Enwp/wCG2p/8vF/qpU/6KTiL/wALY/8AysT/AIZMvu37SX7RwHp/wnNp/wDKn/P4Uf670v8Aok+FP/DbU/8Al4/9VZ/9FHxHfv8AXo/l7F/n91w/4ZNvx/zcn+0d/wCFzaf/ACoP8vyo/wBd6X/RJ8Kf+G2p/wDLxf6qVP8AopOIv/C2P/ysX/hk/UO37Sf7Ro/7ni0/+U6/z/L+I/13pf8ARJ8Kf+G2p/8ALw/1Uqf9FJxF/wCFsf8A5WNP7JupEgn9pX9o0lfuk+N7IkZ64P8AY3GeOlH+u9L/AKJLhR/902p/80L8/uD/AFVqf9FJxF/4Wx/+Vv8AL7xf+GTtSBDf8NK/tG7gCA3/AAm1iSAeoB/sbIBwMgDnjOMUf670f+iQ4TXpl1VflX/r7x/6rVX/AM1JxD/4Wwf50P6+SHH9lHVf+jl/2jh7/wDCbWX/AMpqP9d6P/RI8Kf+EFb/AOXi/wBVat/+Sl4ht2+t0/z9l/7b5eY3/hlDVv8Ao5n9o7/wtbL/AOU1P/Xag/8AmkeFf/DfVf51/wCvkilwtVW3EnEP/hbD/wCUr8/vshf+GUdX/wCjmP2jf/C1sf66NS/11w//AESHCn/huqf/AC8l8K1m2/8AWXiH/wAK6b/9xr+u9rif8Mo6x2/aa/aNX/udLDn/AMo1H+uuH/6JDhT/AMN1T/5eC4VrL/mpeIvli6a/OlL+u+8V/wCGUta/6Oc/aN/8LPTz/PSF/l+WRuP9dcP/ANEhwp/4bqn/AMvB8K12/wDkpuIf/Cum/wAqUfy+77X80n/BYn9k/wAf/s9/GzRP2ho7nxh8TPht4/0TStC8XfETXn/tjxNoPiLR7aLSrXT9dvraGGKPT5NMstPOlyyQRxuiSWglM0Cef93hc1wnHfBWM4dw/DvCc88yvESzDKcpx+Dn/ZuKvzzmqdNV4SjWn7SrFzVSXLJptcspOH8u/SS8Jcx4g4dxE8FChxFi4exxeBhxJF4vCSx2FpypKhWdN0nSlVw8nDD1m3GM/dkrOTPyauPH/g+3smvj4jilQIWSKKTfcSMBny0i2ht59DgenT5vxHCZPx7i8zjla8EOEKFV1fZzxGIyetTwlKN7OrOu8dyqmkr8yu3daO9j/MzA8C+JmMzeGT/8QW4ew9Z1VTqYnE5VUpYKjG+tapifrXJ7JLXmWr7SukfvV/wRg/Yt+JHjPQviL+0p4o8RfEH4Kaf43ez8O+AJvCNyNA8ReJ9B06aea/1XVWvrW4abSZLh7e20wrDF5r2txOrvC8e79u4q4kyrhnKci4PwvD/DGMqZZQ9rmNKlhJ/2fh8ZWSlUhhKarTcPflOTUpyaUknyvQ/1r8EfC/EcOcKYLDvGYjJVRwtKhGjkq+p4SdVuVXGToUqvtZRw8sROXsk5X+J3aaR+6v8Awyp4hP8AzdF+0cP+5v03+uk/5/KvhP8AXTCf9Ebwp/4Q1X+VaP5fdZ837X/qtiP+in4h/wDCumvyoy/P77vlRv2U/EDIyN+1B+0W6MpVlfxbpbqysMMrKdGbcpBIIOQRweMil/rphf8AojeE/wDwhrf/AC8P9VsR/wBFNxD/AOFdP9aK/P7ytZfsj6vpsC2unftL/tBWFspZlt7LxJo9rArMSzFYoNGjjBZiWYheSSTnrT/10wn/AERvCn/hDW/+Xi/1WxH/AEU/EX/hVR/+Vlofsq+JFzj9qP8AaMGTk48WaUMk9z/xJiSfcnP1o/10wn/RG8Kf+ENb/wCXh/qtiP8Aop+Iv/Cqj/8AKwX9lbxKudv7Un7Ri5JJ2+K9KGSTkk40bqTyT3P1o/1zwb/5o3hT/wAIay/Kv/XzYf6rYj/op+Iv/Cqj/wDKzyX48/sF+I/jN8HPiL8Lpv2nvjVeJ428M32ipaeMNYsNZ8LzzyhJbaPXtMt9Ntrm90w3MMP2uGCeKYx5aJt6qG8nPeIcFnGT5jlcuCuDKixuGnR5MZluIrYWUnrFV6UcVCU6XNFc0Yyi7ba6S/QPCnHY7w38R+DuOqXF/HeGlwznmFzN1+Hc3wuW57SpU3KFeeVY6thcRRw2OVGpP2FSrRnS57KolByZ+OHwJ/4JB/EP9nv9rX4F6B4i+OOgvJe6N408YaXrHwt0XVNE8ReG9N8FW1jpeIbrWRcQRvf3Pi+GGKZYpBFFBeI4zLE6rw8w08j4S4ux+N4S8OqFCni+FcBhMNkuTY7DUq8acs5ryp4pV8XL2joLknheRx5JSrOTlzRjH9y+kn485B4p53wrgeGuKvpAYjHYrCcc47PcT4icZZDnMZ4vNlwtRhisBHK8toeyVeOCxFPMo1V+/wCXA+z5fY1ZS/fnSv2ZfFGm6pp2oSftOftBajFYX9neyabf+JtLlsdQjtbiOd7K9jXSY2ktLpUMFyisrNDI6hlJBr0q3F+Cq0atL/U/hinKpTqU41qeFrxqUXODiqlNuu0pwb54Nr4kt7H8o0uG8TTq06j4l4gqKFSE3TqYqk6c1GSbhUXsdYStaSXLeLt5n1eBgAZJwAMnqcdz7nqa+JZ9ULQAUAf/1f7+KACgAoAKACgAoAKAOW8deNfDPw28E+MfiL411WDQvBvgHwt4h8a+Ldbut32bRvDPhXSbvXde1W52Bn8jTtKsLq7m2KzeXC20E4FAHxn+zD/wU3/Yj/bE8XHwB8APjjoXjHxs/hj/AITWw8LT2GsaFrGteDvOit/+Ep0G21qwsRrehCe4hi/tHTZLmDdKuCVJagD7wngguoJrW6hiuba5ikguLeeNJoJ4JkMcsM0UgaOWKWNmSSN1ZHRirAqSKabi1KLcZRacZJ2aa1TTVmmnqmnp5CaTTTSaaaaaumno009Gmt0/1Pyo+KX/AARa/YE+K3i+68aal8M9Z8LalqF499qNj4E8T3nhrRb65lcyzyTaXFDcRJ9olJeVITHGSzBUQHNfoGX+J/F+XYZYWnjqdeEY8kZYuiq9WMdklUck3ZaK8b972vL47GcB8N42s688JOlKUueUcPVdKEpPduHK1q9X+EVf3ftL9nf9lD4Bfsq+G5vDHwO+HejeDLS9ZJNV1C3j+063rMqcJJqurzg3d2UBOyPckCFmZIUZnZ/mM64hzfiCuq+a4yriZR0pwb5aVJdqdNe7H7r+cvs+9lmTZbk9J0svw0KClbnktalRrZzm9Zfgt9Fe8voqvFPUCgAoAKACgAoAKACgAoAKACgD550L9qz4BeJfAni34k6F8RtE1Lwb4F1q38P+K9Xt3kKaNq13qFjpdtbXcJQTL9ovdSsoopBG0beeCGOHVPMp5zltbDVsXTxVOVDDzVOtNX/dzcowipLfWU429fU/K8t8a/DHN+Gs84uy3izLsZkHDeYUsrzvHUXOUcvxtfFYbB0aVenZVF7XEYvDwhNR5Ze0TV7SR7J4g8OeF/Hfh660HxRomk+J/DWt2ipeaTrVhb6jpt9azoGUTWl1HJE/ysHjYrvjbDoyuAy+xh8RWw1SniMNWqUasGp06tKcoTi+jUlZr9eqex+muNDGYdc8IV8PXpxnyzipQnCaUotpprVNNafdY+LtH/4JhfsE6D4oTxhpn7Mnw3h1uG6F9bySWN5c2lvdh/M8+Kwub2Wz3Fzko9u8R6eWAAF+oq8d8XVqDw088xrpcvI0pxUpR2s5qMZbdU7+mjPEp8J8O063t45VhVUT5k3GTSe91FzcVr3Ul0s18P3RY2Fjpdnbadptna6fp9lBHbWdlZQRWtpa28KhIoLe3hVIoYY0ULHHGioigAAACvlJzlUlKc5SnObcpSk3KUpPdtu7bb3bf36n0MYxhFRjFRjFJRjFJJJbJJWSSXl9xbqRhQAUAFABQAUAfG8J/wCEn/buv5YP3lv8Kv2ddL0+7btBq3xJ8Z6rfvCOuGfSvC2mTMOG2uhIKlTX3sr4Pw3pRlpLOuKq1WC6yoZTl9Ckpeir42tFX7PsfHr/AGnjmclrHK+HqdOT/lq5jjKtRr1dLDUm9dmr2ujuv2of2s/gJ+xr8O9O+Kn7RXju0+H/AIJ1jxjofw/0jVLmzv8AUJdU8ZeJINSudD8PafY6bb3N5d6lqUOkai1rbwwu8ptmVQzlVb4I+wJ/2bf2rv2fv2uvBV98QP2efiXofxI8N6Rrl34Z16bSvtVvf+HfEmnrG99oGv6TqEFrqWkataLNE01ne20Miq6sAysDQB9D0AFAH//W/v23r6/pQAb19f0oAN6+v6UAG9fX9KADevr+lABvX1/SgA3r6/pQB8jf8FALG+1f9g79tnSdJsrzU9V1T9kb9pHTtN03T7Wa8v8AUNQvfg34ztrOxsbS3SS4ury7uJYoLa2gjkmnmkSKJGdlVgD+Xj/gkn8EfjT8Ef2w/wDgmT4o/antfFfj7Q/iF/wTF0bwp+zB4m0/4f3ng6y+A+v6dbaPrfjr4N/FC0sLAm+199ES0utG8ReJbmzkMVpNaG2+33DooB/aBvX1/SgA3r6/pQAb19f0oAN6+v6UAG9fX9KADevr+lABvX1/SgA3r6/pQAb19f0oAN6+v6UAG9fX9KADevr+lABvX1/SgA3r6/pQB/L/AKt8H/id8NP2Z/D/AI28FeE/Ed7pHx9uE+H3xd8KwaVqP23TfEfhb4x2/iHwV41k0wW5uY1n0PS7vR7iUW6oyiC4mc+YhX8jqYDGYXKaWIw9GrKnmT+rY6ioz5oVaWO9rQr8llJXpxlTfu22baumf4443gHjLhDwhyriHh7Is2xGB8TqkeF+Oclp4LE/WMJmuS8e0s04f4hnhFSdaKq5dg6+AqzVOMWlTqVJvmjI/pu0U7NH0lHBVl02xVlZSGVltYgVIOCCCMEEZB64r9Zp/wAOH+CP5H+wWXxccBgYyTUo4PDRkmrNNUYJpp6pp6NP9DS3r6/pVnYG9fX9KADevr+lABvX1/SgA3r6/pQAb19f0oAN6+v6UART3VvawTXNzNHb29vFJPcTzMscMMEKGSWWWRiqxxxxqzu7MqqqliQATVRjKcowhFynOSjGMU3KUpO0YxSu222kkldvRXFKUYxcpNRjFOUpN2UYpXbbdkklq2391j4y/ZIlk8e6v8cf2hp0kFl8X/iJLa+CZJUZGm+HHgCyg8H+F7tUbBEOrnTLzXICPleLU1kGd+a++44Syyhw5wtFr2mRZUp5ilZqObZnUlj8ZC/WVD21PDS7OjbofHcJt4+rnXEEk1DN8wcME3pzZdgIRwmGmlbRVfZzrLVpqpe7vc/OH/g4S8F/FDx7+zx+xPo/wc0+S88e2v8AwVD/AGP9W0i/k8M6l4r0bwzLZS/EFYPFPirSNLhmnk8K6JfXFnca5JJ5NuLQmKWeIzIW/Pz7I+yP+CdP7BusfsYW/wC0T40+IfxK034o/Gv9qn406t8bvixr3hnwvD4K8D2Wvahp1hpNvo3g7wtA7jT9Js7PTon8y4LXc88shldlVDQB+lG9fX9KADevr+lAH//X/vvyvqPzoAMr6j86ADK+o/OgAyvqPzoAMr6j86ADK+o/OgAyvqPzoAMr6j86AE+Xj7vHTpx9PT8KAFyvqPzoAMr6j86ADK+o/OgAyvqPzoAMr6j86ADK+o/OgAyvqPzoAMr6j86ADK+o/OgAyvqPzoAMr6j86ADK+o/OgAyvqPzoAMr6j86ADK+o/P8AwoAMr6j86ADK+o/OgAyvqPzoAMr6j86ADK+o/OgAyvqPzoA+QfgL4l1nwT8Tfij+zx421W+1O/0jU7v4j/DHWtXu3ubvxH8NPF1/cXX2UXE2HuLrwfrbX2gXaL/qLSLTpAAk6Ffu+JsLhsxyjJuKcuo0qNKvRhlWcYehBQhhc3wNOEOflimlDH4f2eKg21zTlVWriz5LIsTWwWZZnw9jas6lSjVnmGW1qsuaeIy7FzlPl5ndznhKznQmr+7CNOzal7319lfUfnXwh9afFP7RPjSb4q6/B+yb8O7u4uNW8bwCL41+I9HuGj/4Vv8ACm7/AHOvQtfwkra+LPFlk02jaHaF0uIYri5v5ERIkdv0HhXARyXDT42zSEIUcuk5cPYSvFP+1s7hrhpKnLWeCwNRRxGJqW5ZOMKS5nJo+M4hxks0rrhXL5ylVxsVHOcRRlb+zsrnpXXtFdQxWKg3SoweqUpTdrKR9beFPDOieCvDWheEvDlnDp2heHNLstH0qxgASK2sbCBLe3jVRkcRoMnOSck5zXxGNxmIzDF4nHYupKricXWqV61STu5VKsnOT+96LofV4XDUcFhqGEw8FToYelCjShFWUYU4qMV9y363OgJU9ccHPJzz/Q+9cp0BlfUfnQAZX1H50AGV9R+dAH//0P76KACgAoAKACgAoAKACgAoAKACgAoAKACgAoAKACgAoAKACgAoAKACgAoAKACgAoAKACgAoA+RP2u/BOfBcHxw8N6tN4Y+JnwLg1DxT4W162tluk1DTHSJde8H65ama2+3aBr8Eca3ELTbrW5hhvLcCaP5vueBsxtmEuHcXQjjMo4jlTweMw05uDpVlzPDY7Dz5Z+zxOGk24S5Jc8JSpy5YybPkuLcF/sSzvDVpYXMsjjUxWFrwjzKpTsvb4SvHmhz4fERSUld8skqkbOK5vlvVP20PiN8VZfg/wDDbwdY2Hwu1j4v6ZHNq3ji2mPijUdBhZIkul8PaXd2uk2kF5KJXa2vb24vfsbbGFtKybq+yocAZVkyz3NsfUqZzQyOry0MunH6nSxMvfcHiq0J1pyhHlSnTpxp+0V7zjdI+Zq8Y5jmksny3Bwp5ZWzimnVx0W8VUw8Wvf+r0pqlFTd/dnOUuR2912P0F+D/wAGPBfwW8PS6L4Vt7m4vtTuW1LxN4o1idtQ8TeK9Zm5uNW17VZcz3lzKxOxCwgt0PlQRogAr8wz7P8AMM/xar42cI0qMfY4PB0IKlhMFh4/DQw1GLcYQStd/FJq8mz77KMmweTYd0MLGUp1JuricTWl7TE4qs/iq16rblOb6bKK0SsketV4Z6oUAFABQAUAf//Z</file>
<file name="pdr_regularni.jpg" path="/" encoding="base64">/9j/4AAQSkZJRgABAQAASABIAAD/4QBMRXhpZgAATU0AKgAAAAgAAgESAAMAAAABAAEAAIdpAAQAAAABAAAAJgAAAAAAAqACAAQAAAABAAAAiaADAAQAAAABAAAAggAAAAD/4QkhaHR0cDovL25zLmFkb2JlLmNvbS94YXAvMS4wLwA8P3hwYWNrZXQgYmVnaW49Iu+7vyIgaWQ9Ilc1TTBNcENlaGlIenJlU3pOVGN6a2M5ZCI/PiA8eDp4bXBtZXRhIHhtbG5zOng9ImFkb2JlOm5zOm1ldGEvIiB4OnhtcHRrPSJYTVAgQ29yZSA1LjQuMCI+IDxyZGY6UkRGIHhtbG5zOnJkZj0iaHR0cDovL3d3dy53My5vcmcvMTk5OS8wMi8yMi1yZGYtc3ludGF4LW5zIyI+IDxyZGY6RGVzY3JpcHRpb24gcmRmOmFib3V0PSIiLz4gPC9yZGY6UkRGPiA8L3g6eG1wbWV0YT4gICAgICAgICAgICAgICAgICAgICAgICAgICAgICAgICAgICAgICAgICAgICAgICAgICAgICAgICAgICAgICAgICAgICAgICAgICAgICAgICAgICAgICAgICAgICAgICAgICAgICAgICAgICAgICAgICAgICAgICAgICAgICAgICAgICAgICAgICAgICAgICAgICAgICAgICAgICAgICAgICAgICAgICAgICAgICAgICAgICAgICAgICAgICAgICAgICAgICAgICAgICAgICAgICAgICAgICAgICAgICAgICAgICAgICAgICAgICAgICAgICAgICAgICAgICAgICAgICAgICAgICAgICAgICAgICAgICAgICAgICAgICAgICAgICAgICAgICAgICAgICAgICAgICAgICAgICAgICAgICAgICAgICAgICAgICAgICAgICAgICAgICAgICAgICAgICAgICAgICAgICAgICAgICAgICAgICAgICAgICAgICAgICAgICAgICAgICAgICAgICAgICAgICAgICAgICAgICAgICAgICAgICAgICAgICAgICAgICAgICAgICAgICAgICAgICAgICAgICAgICAgICAgICAgICAgICAgICAgICAgICAgICAgICAgICAgICAgICAgICAgICAgICAgICAgICAgICAgICAgICAgICAgICAgICAgICAgICAgICAgICAgICAgICAgICAgICAgICAgICAgICAgICAgICAgICAgICAgICAgICAgICAgICAgICAgICAgICAgICAgICAgICAgICAgICAgICAgICAgICAgICAgICAgICAgICAgICAgICAgICAgICAgICAgICAgICAgICAgICAgICAgICAgICAgICAgICAgICAgICAgICAgICAgICAgICAgICAgICAgICAgICAgICAgICAgICAgICAgICAgICAgICAgICAgICAgICAgICAgICAgICAgICAgICAgICAgICAgICAgICAgICAgICAgICAgICAgICAgICAgICAgICAgICAgICAgICAgICAgICAgICAgICAgICAgICAgICAgICAgICAgICAgICAgICAgICAgICAgICAgICAgICAgICAgICAgICAgICAgICAgICAgICAgICAgICAgICAgICAgICAgICAgICAgICAgICAgICAgICAgICAgICAgICAgICAgICAgICAgICAgICAgICAgICAgICAgICAgICAgICAgICAgICAgICAgICAgICAgICAgICAgICAgICAgICAgICAgICAgICAgICAgICAgICAgICAgICAgICAgICAgICAgICAgICAgICAgICAgICAgICAgICAgICAgICAgICAgICAgICAgICAgICAgICAgICAgICAgICAgICAgICAgICAgICAgICAgICAgICAgICAgICAgICAgICAgICAgICAgICAgICAgICAgICAgICAgICAgICAgICAgICAgICAgICAgICAgICAgICAgICAgICAgICAgICAgICAgICAgICAgICAgICAgICAgICAgICAgICAgICAgICAgICAgICAgICAgICAgICAgICAgICAgICAgICAgICAgICAgICAgICAgICAgICAgICAgICAgICAgICAgICAgICAgICAgICAgICAgICAgICAgICAgICAgICAgICAgICAgICAgICAgICAgICAgICAgICAgICAgICAgICAgICAgICAgICAgICAgICAgICAgICAgICAgICAgICAgICAgICAgICAgICAgICAgICAgICAgICAgICAgICAgICAgICAgICAgICAgICAgICAgICAgICAgICAgICAgICAgICAgICAgICAgICAgICAgICAgICAgICAgICAgICAgICAgICAgICAgICAgICAgICAgICAgICAgICAgICAgICAgICAgICAgICAgICAgICAgICAgICAgICAgICAgICAgICAgICAgICAgICAgICAgICAgICAgICAgICAgICAgICAgICAgICAgICAgICAgICAgICAgICAgICAgICAgICAgICAgICAgICAgICAgICAgICAgICAgICAgICAgICAgICAgICAgICAgICAgICAgICAgICAgICAgICAgICAgICAgICAgICAgICAgICAgICAgICAgICAgICAgICAgICAgICAgICAgICAgICAgICAgICAgICAgICAgICAgICAgICAgICAgICAgICAgICAgICAgICAgICAgICAgICAgICAgICAgICAgICAgICAgICAgICAgICAgICAgICAgICAgICAgICAgICAgICAgICAgICAgICAgICAgICAgICAgICAgICAgICAgICAgICAgICAgICAgICAgICAgICAgICAgICAgICAgICAgICAgICAgICAgICAgICAgICAgICAgICAgICAgICAgICAgICAgICAgICAgICAgICAgICAgICAgICAgICAgICAgICAgICAgICAgICAgICAgICAgICAgICAgICAgICAgICAgICAgICAgICAgICAgICAgICAgICAgICAgICAgICAgICAgICAgICAgICAgICAgICAgICAgICAgICAgICAgICAgICAgICAgICAgICAgICAgICAgICAgICAgICAgICAgICAgICAgICAgICAgICAgICAgICAgICAgICAgICAgICAgICAgICAgICAgICAgICA8P3hwYWNrZXQgZW5kPSJ3Ij8+AP/tADhQaG90b3Nob3AgMy4wADhCSU0EBAAAAAAAADhCSU0EJQAAAAAAENQdjNmPALIE6YAJmOz4Qn7/4htESUNDX1BST0ZJTEUAAQEAABs0YXBwbAIQAABtbnRyUkdCIFhZWiAH5AABAAEACAAyADRhY3NwQVBQTAAAAABBUFBMAAAAAAAAAAAAAAAAAAAAAAAA9tYAAQAAAADTLWFwcGwAAAAAAAAAAAAAAAAAAAAAAAAAAAAAAAAAAAAAAAAAAAAAAAAAAAAAAAAAAAAAABFkZXNjAAABUAAAAGJkc2NtAAABtAAABDZjcHJ0AAAF7AAAACN3dHB0AAAGEAAAABRyWFlaAAAGJAAAABRnWFlaAAAGOAAAABRiWFlaAAAGTAAAABRyVFJDAAAGYAAACAxhYXJnAAAObAAAACB2Y2d0AAAOjAAABhJuZGluAAAUoAAABj5jaGFkAAAa4AAAACxtbW9kAAAbDAAAAChiVFJDAAAGYAAACAxnVFJDAAAGYAAACAxhYWJnAAAObAAAACBhYWdnAAAObAAAACBkZXNjAAAAAAAAAAhEaXNwbGF5AAAAAAAAAAAAAAAAAAAAAAAAAAAAAAAAAAAAAAAAAAAAAAAAAAAAAAAAAAAAAAAAAAAAAAAAAAAAAAAAAAAAAAAAAAAAAAAAAAAAAAAAAAAAbWx1YwAAAAAAAAAjAAAADGhySFIAAAAUAAABtGtvS1IAAAAMAAAByG5iTk8AAAASAAAB1GlkAAAAAAASAAAB5mh1SFUAAAAUAAAB+GNzQ1oAAAAWAAACDGRhREsAAAAcAAACIm5sTkwAAAAWAAACPmZpRkkAAAAQAAACVGl0SVQAAAAUAAACZHJvUk8AAAASAAACeGVzRVMAAAASAAACeGFyAAAAAAAUAAACinVrVUEAAAAcAAACnmhlSUwAAAAWAAACunpoVFcAAAAMAAAC0HZpVk4AAAAOAAAC3HNrU0sAAAAWAAAC6npoQ04AAAAMAAAC0HJ1UlUAAAAkAAADAGZyRlIAAAAWAAADJG1zAAAAAAASAAADOmhpSU4AAAASAAADTHRoVEgAAAAMAAADXmNhRVMAAAAYAAADamVzWEwAAAASAAACeGRlREUAAAAQAAADgmVuVVMAAAASAAADknB0QlIAAAAYAAADpHBsUEwAAAASAAADvGVsR1IAAAAiAAADznN2U0UAAAAQAAAD8HRyVFIAAAAUAAAEAHB0UFQAAAAWAAAEFGphSlAAAAAMAAAEKgBMAEMARAAgAHUAIABiAG8AagBpzuy37AAgAEwAQwBEAEYAYQByAGcAZQAtAEwAQwBEAEwAQwBEACAAVwBhAHIAbgBhAFMAegDtAG4AZQBzACAATABDAEQAQgBhAHIAZQB2AG4A/QAgAEwAQwBEAEwAQwBEAC0AZgBhAHIAdgBlAHMAawDmAHIAbQBLAGwAZQB1AHIAZQBuAC0ATABDAEQAVgDkAHIAaQAtAEwAQwBEAEwAQwBEACAAYwBvAGwAbwByAGkATABDAEQAIABjAG8AbABvAHIgDwBMAEMARAAgBkUGRAZIBkYGKQQaBD4EOwRMBD4EQAQ+BDIEOAQ5ACAATABDAEQgDwBMAEMARAAgBeYF0QXiBdUF4AXZX2mCcgAgAEwAQwBEAEwAQwBEACAATQDgAHUARgBhAHIAZQBiAG4A/QAgAEwAQwBEBCYEMgQ1BEIEPQQ+BDkAIAQWBBoALQQ0BDgEQQQ/BDsENQQ5AEwAQwBEACAAYwBvAHUAbABlAHUAcgBXAGEAcgBuAGEAIABMAEMARAkwCQIJFwlACSgAIABMAEMARABMAEMARAAgDioONQBMAEMARAAgAGUAbgAgAGMAbwBsAG8AcgBGAGEAcgBiAC0ATABDAEQAQwBvAGwAbwByACAATABDAEQATABDAEQAIABDAG8AbABvAHIAaQBkAG8ASwBvAGwAbwByACAATABDAEQDiAOzA8cDwQPJA7wDtwAgA78DuAPMA70DtwAgAEwAQwBEAEYA5AByAGcALQBMAEMARABSAGUAbgBrAGwAaQAgAEwAQwBEAEwAQwBEACAAYQAgAEMAbwByAGUAczCrMOkw/ABMAEMARAAAdGV4dAAAAABDb3B5cmlnaHQgQXBwbGUgSW5jLiwgMjAyMAAAWFlaIAAAAAAAAPNSAAEAAAABFs9YWVogAAAAAAAAYWwAADgyAAAKQlhZWiAAAAAAAABvHAAArpUAABaZWFlaIAAAAAAAACZOAAAZOQAAslJjdXJ2AAAAAAAABAAAAAAFAAoADwAUABkAHgAjACgALQAyADYAOwBAAEUASgBPAFQAWQBeAGMAaABtAHIAdwB8AIEAhgCLAJAAlQCaAJ8AowCoAK0AsgC3ALwAwQDGAMsA0ADVANsA4ADlAOsA8AD2APsBAQEHAQ0BEwEZAR8BJQErATIBOAE+AUUBTAFSAVkBYAFnAW4BdQF8AYMBiwGSAZoBoQGpAbEBuQHBAckB0QHZAeEB6QHyAfoCAwIMAhQCHQImAi8COAJBAksCVAJdAmcCcQJ6AoQCjgKYAqICrAK2AsECywLVAuAC6wL1AwADCwMWAyEDLQM4A0MDTwNaA2YDcgN+A4oDlgOiA64DugPHA9MD4APsA/kEBgQTBCAELQQ7BEgEVQRjBHEEfgSMBJoEqAS2BMQE0wThBPAE/gUNBRwFKwU6BUkFWAVnBXcFhgWWBaYFtQXFBdUF5QX2BgYGFgYnBjcGSAZZBmoGewaMBp0GrwbABtEG4wb1BwcHGQcrBz0HTwdhB3QHhgeZB6wHvwfSB+UH+AgLCB8IMghGCFoIbgiCCJYIqgi+CNII5wj7CRAJJQk6CU8JZAl5CY8JpAm6Cc8J5Qn7ChEKJwo9ClQKagqBCpgKrgrFCtwK8wsLCyILOQtRC2kLgAuYC7ALyAvhC/kMEgwqDEMMXAx1DI4MpwzADNkM8w0NDSYNQA1aDXQNjg2pDcMN3g34DhMOLg5JDmQOfw6bDrYO0g7uDwkPJQ9BD14Peg+WD7MPzw/sEAkQJhBDEGEQfhCbELkQ1xD1ERMRMRFPEW0RjBGqEckR6BIHEiYSRRJkEoQSoxLDEuMTAxMjE0MTYxODE6QTxRPlFAYUJxRJFGoUixStFM4U8BUSFTQVVhV4FZsVvRXgFgMWJhZJFmwWjxayFtYW+hcdF0EXZReJF64X0hf3GBsYQBhlGIoYrxjVGPoZIBlFGWsZkRm3Gd0aBBoqGlEadxqeGsUa7BsUGzsbYxuKG7Ib2hwCHCocUhx7HKMczBz1HR4dRx1wHZkdwx3sHhYeQB5qHpQevh7pHxMfPh9pH5Qfvx/qIBUgQSBsIJggxCDwIRwhSCF1IaEhziH7IiciVSKCIq8i3SMKIzgjZiOUI8Ij8CQfJE0kfCSrJNolCSU4JWgllyXHJfcmJyZXJocmtyboJxgnSSd6J6sn3CgNKD8ocSiiKNQpBik4KWspnSnQKgIqNSpoKpsqzysCKzYraSudK9EsBSw5LG4soizXLQwtQS12Last4S4WLkwugi63Lu4vJC9aL5Evxy/+MDUwbDCkMNsxEjFKMYIxujHyMioyYzKbMtQzDTNGM38zuDPxNCs0ZTSeNNg1EzVNNYc1wjX9Njc2cjauNuk3JDdgN5w31zgUOFA4jDjIOQU5Qjl/Obw5+To2OnQ6sjrvOy07azuqO+g8JzxlPKQ84z0iPWE9oT3gPiA+YD6gPuA/IT9hP6I/4kAjQGRApkDnQSlBakGsQe5CMEJyQrVC90M6Q31DwEQDREdEikTORRJFVUWaRd5GIkZnRqtG8Ec1R3tHwEgFSEtIkUjXSR1JY0mpSfBKN0p9SsRLDEtTS5pL4kwqTHJMuk0CTUpNk03cTiVObk63TwBPSU+TT91QJ1BxULtRBlFQUZtR5lIxUnxSx1MTU19TqlP2VEJUj1TbVShVdVXCVg9WXFapVvdXRFeSV+BYL1h9WMtZGllpWbhaB1pWWqZa9VtFW5Vb5Vw1XIZc1l0nXXhdyV4aXmxevV8PX2Ffs2AFYFdgqmD8YU9homH1YklinGLwY0Njl2PrZEBklGTpZT1lkmXnZj1mkmboZz1nk2fpaD9olmjsaUNpmmnxakhqn2r3a09rp2v/bFdsr20IbWBtuW4SbmtuxG8eb3hv0XArcIZw4HE6cZVx8HJLcqZzAXNdc7h0FHRwdMx1KHWFdeF2Pnabdvh3VnezeBF4bnjMeSp5iXnnekZ6pXsEe2N7wnwhfIF84X1BfaF+AX5ifsJ/I3+Ef+WAR4CogQqBa4HNgjCCkoL0g1eDuoQdhICE44VHhauGDoZyhteHO4efiASIaYjOiTOJmYn+imSKyoswi5aL/IxjjMqNMY2Yjf+OZo7OjzaPnpAGkG6Q1pE/kaiSEZJ6kuOTTZO2lCCUipT0lV+VyZY0lp+XCpd1l+CYTJi4mSSZkJn8mmia1ZtCm6+cHJyJnPedZJ3SnkCerp8dn4uf+qBpoNihR6G2oiailqMGo3aj5qRWpMelOKWpphqmi6b9p26n4KhSqMSpN6mpqhyqj6sCq3Wr6axcrNCtRK24ri2uoa8Wr4uwALB1sOqxYLHWskuywrM4s660JbSctRO1irYBtnm28Ldot+C4WbjRuUq5wro7urW7LrunvCG8m70VvY++Cr6Evv+/er/1wHDA7MFnwePCX8Lbw1jD1MRRxM7FS8XIxkbGw8dBx7/IPci8yTrJuco4yrfLNsu2zDXMtc01zbXONs62zzfPuNA50LrRPNG+0j/SwdNE08bUSdTL1U7V0dZV1tjXXNfg2GTY6Nls2fHadtr724DcBdyK3RDdlt4c3qLfKd+v4DbgveFE4cziU+Lb42Pj6+Rz5PzlhOYN5pbnH+ep6DLovOlG6dDqW+rl63Dr++yG7RHtnO4o7rTvQO/M8Fjw5fFy8f/yjPMZ86f0NPTC9VD13vZt9vv3ivgZ+Kj5OPnH+lf65/t3/Af8mP0p/br+S/7c/23//3BhcmEAAAAAAAMAAAACZmYAAPKnAAANWQAAE9AAAApbdmNndAAAAAAAAAAAAAMBAAACAAAAVgEuAesCxAODBFMFQAYnBxoIGAkfCj0LTgxrDZAOuQ/sES0SZROjFOMWKhd5GL8aDxtXHKQd8x88IIQhzSMRJFIljSbLKAApMypmK5csyi33LygwUTGAMqsz1TUCNjE3XTiKObY64TwNPTg+YD+JQLFB3EMIRDZFY0aQR7hI3koBSyRMR01qTo9PtFDYUfhTFlQzVU9WbVeNWK5Zy1rhW/Bc9137XwBgCmEZYi1jQWRSZV9mZWdhaFNpPGogawFr4Gy/baBug29ocFBxOHIgcwhz73TWdb52qHeTeH55bHpZe0l8PX03fjZ/OYBBgUuCV4NlhHSFhYaUh6SIs4nAisyL1ozfjeeO7Y/ykPWR9pL1k/WU+pYElxWYLJlHmmObf5yYna6ev5/LoNSh2qLgo+mk9KYDpxWoKqlCqlyrd6yUrbKu0a/xsRGyM7NTtHO1kLapt7q4wbnDusC7u7y1va++qb+jwJ3BlcKKw3zEasVTxjbHGMf5yODJz8rGy8PMwc28zq/PmNBz0UPSDdLT05vUZtU11gXW19eo2HbZQNoG2sfbgNw13Ofdkd473uPfjeA74Ovhn+JS4wPjr+RV5PnllOYs5r/nUufk6IXpL+nk6qjrbuwz7PXtr+5j7xHvtfBQ8ObxfPIX8sbzj/Ru9WH2ZveK+OT6xf0u//8AAABWASMBsAJqAzID6ASxBYAGWAc9CC0JJwonCyIMMA06DlEPYxB+EZ8SvhPpFRAWOBdhGIgZtBreHAsdMx5bH4AgoSG/Itsj9SULJh8nNShJKWAqeSuTLLEtzC7oMAQxITI8M1o0dDWLNqQ3uTjNOeI69DwGPRs+MT9NQGxBj0KwQ9BE7UYIRx1IMklFSlVLY0xuTXhOfk+DUIVRhlKIU4pUjFWKVoRXeVhoWVRaRFs/XEZdWl53X5VgsGHCYspjxWS1ZZxme2dXaDBpDGnsatBrumypbZtuj2+CcHJxXHJAcx9z+3TVda12hndieEV5MHokex18GX0VfhB/Bn/2gOKByoKxg5WEd4VdhkqHRIhMiWGKgYuljMaN3o7uj/WQ95H1kvOT8JTtleyW7pf4mRCaOZtunKadzp7jn+mg5aHfotmj0aTIpb6mvKfKqO2qIatdrJyt2a8UsE6xiLLCs/m1LrZkt5u40roFuzS8X72Fvqa/vMC+warCkMN9xHfFgMaPx53Io8meyo7LdcxTzS3OBM7az7LQi9Fq0lHTRdRF1VHWYtd12ITZh9p922bcQ90a3ezeud+H4FjhLeII4ubjw+Sd5XHmQOcM59Too+l/6mnrZOxo7W3ucO9w8HDxcvJ283n0d/Vp9kf3D/ez+EX4y/la+e360PwM/dr//wAAACsAxAFLAdgCZQMGA48EKwTPBXoGLwbpB6UIaAkvCfkKygufDHcNUg4yDw4P9hDZEcASqROTFH0VZxZSFz0YKRkVGfwa6BvSHL4drh6jH5sgliGUIo8jhiR2JWEmRScgJ/gozCmfKnMrSCwhLQIt6S7XL8gwujGqMpgzgDRgNTk2BjbPN5U4WDkZOdk6nTtkPDI9Bj3ePrY/j0BoQURCJkMQRABE80XnRtZHu0iWSWVKJUrgS5hMT00HTcNOg09JUBhQ6lG+UpNTaFQ7VQ1V3latV3xYSlkVWd9aqFtvXDVc+V29XoBfQ2AIYNFhnGJrYzxkDGTaZadmcWc4Z/xov2mAakBrAGvAbIFtQ24EbsVvhXBBcPhxq3JZcwFzqXRPdPR1mHY8dt53gHgdeL15YHoWetp7q3yDfVh+KH72f8OAk4FngkSDKoQYhQuGAIb0h+OIzYmvioyLYYw0jQeN2o6wj4qQa5FHkhKSxpNbk+yUepVBlkKXiJkImoqb5J0ZnjKfOaA5oTWiL6MopCGlGaYRpwqoCakPqiGrPaxgrYeura/TsPyyKLNatJK10bcUuFm5nLrXvAW9Kb5Hv2LAf8Gewr7D38T/xiHHQ8hnyYzKscvWzP3OKc9b0JfR3tMy1I3V7tdT2LnaIduV3S/fDuF35Ivoee1O8vb5Uf//AABuZGluAAAAAAAABjYAAJOVAABWjQAAVukAAJG3AAAmuwAAFwoAAFANAABUOQACh64AAkeuAAFrhQADAQAAAgAAAAEABAAIAA8AFgAfACkANABAAEwAWgBpAHgAiQCaAKwAvgDSAOYA/AESASkBQAFZAXMBjQGpAcUB4wIBAiECQgJkAocCrALSAvoDIwNNA3oDqAPXBAgEOgRtBKME2QUSBUsFhgXDBgEGQAaABsIHBQdKB5AH2AghCGwIuQkHCVcJqAn6Ck0KoQr3C04LqAwEDGIMww0lDYkN7g5UDrwPJQ+REAAQcRDkEVkRzxJGEr0TOBO2FDoUwxVSFeMWdRcGF5YYJhi4GU4Z6BqIGzEb4xyfHWIeKx74H8YglSFkIjQjBiPbJLMljyZsJ0soKykNKfAq1Su7LJ4tfi5cLzkwFDDwMc0yqjOJNGg1SjYuNxU3/zjtOd460jvKPMU9xD7HP85A2kHoQvZEAEUGRghHCEgISQlKDEsUTCFNNE5OT25QlFG8UuVUDVU0VllXfVigWcRa51wLXTBeVl98YKRhzmL4ZCRlU2aFZ7xo+mpDa5ls+W5jb9JxRnK8dDR1r3cteLF6PHvQfW9/HIDWgpSETIX2h5SJLIrFjGWOFY/fkc2T3ZX/mCCaOZxMnl+geaKgpNqnLamgrDCu4LGhtF63C7muvF2/K8IfxUbIoswMzyjR9tSR1yjZ0dye35fi0uZg6fntEu+s8gD0MPY59//5ivq4+9T8u/2j/nD/N///AAAAAQAFAAoAEgAbACYAMgA/AE0AXABtAH4AkQCkALkAzwDlAP0BFgEvAUoBZgGDAaIBwQHiAgQCJwJMAnICmgLDAu8DHANLA3wDrwPkBBoEUgSLBMUFAQU9BXsFuwX8Bj8GgwbJBxAHWQelB/IIQQiTCOYJOwmTCewKRgqhCvwLWAu0DBIMcgzUDTkNoA4LDngO5w9ZD84QRhDAET4RvxJDEsoTUxPdFGoU+hWPFioWyxdxGBYYthlRGeYaeRsNG6QcQBzkHZEeSh8OH90gsyGOImkjQiQYJOslvSaQJ2YoQiklKhIrCCwFLQguDi8SMBExCDH5Mugz1zTKNcE2wTfKONs58jsOPDA9UT5pP3RAckFoQlhDR0Q5RTRGOEdHSF9JfkqhS8dM8E4bT0VQa1GGUpRTl1SVVZRWoFe/WPFaNVuAXM1eHl90YM9iI2NmZJVltWbOZ+Ro+2oWazNsVG12bppvwHDqchdzRnR2dad22ngQeU16j3vYfSZ+fX/jgWeDEITKhnSIBomHiwSMiI4bj8ORgpNYlUOXO5k7mzudOZ8poQSixqR2phunvaliqxWs3a7FsM+y9bUxt3y5y7wPvkTAcsKmxOnHQsmyzDHOnNDd0vTU8dbn2OPa6Nz03wHhCuMU5STnSOmW7DfvivOm92z5zvuE/MP99P75//8AAAACAAgAEQAeAC0APgBRAGYAfQCWALAAzADqAQkBKwFNAXIBmAHAAeoCFgJEAnQCpgLaAxEDSQOEA8AD/QQ7BHoEugT8BUEFigXXBikGgQbdBz4HoggICG8I1Ak5CZ0KAgpqCtULRAu7DDkMwQ1QDeYOgg8hD8AQXBD2EZASLRLNE24UDRSoFUIV3BZ5Fx4XzhiOGWIaQhsqHBQc+x3dHrgfkiBtIUwiMCMYJAYk+SXxJu8n8yj9Kg4rJCxALWAugC+dMLgx0zLzNBo1STaCN8M5DDpcO7A9Bz5gP75BIkKTRBZFrkdaSRFK0UyaTm9QVVIyU9pVWlbMWEhZ01tmXPheg2ABYXBi1WQ3ZZxnCWiBagpro21NbwBwt3JvdB51w3d1eWR77n6kgHmB1oL8hAKFCIYQhzOIc4nUi1WM6Y6IkC6R2ZOIlTuW8Zipml6cCp2nnzegvaI/o8ClRKbKqFCp1KtUrNCuRq+5sSiyl7QItX22/LiJuia70L2CvzbA6cKcxE/GBMe7yXPLK8zkzp7QWNIU09LVj9dK2P/arNxP3ejfdeD94oLkA+WC5wLog+oE63/s7u5G73nwnfGN8nXzRPP39Kr1TvXb9mj29vd29+n4XPjP+UP5q/oN+nD60vs1+5j78fxJ/KL8+/1U/a3+A/5Y/qz/Af9V/6r//wAAc2YzMgAAAAAAAQxCAAAF3v//8yYAAAeSAAD9kf//+6L///2jAAAD3AAAwGxtbW9kAAAAAAAABhAAAJzfAAAAAMoq1YAAAAAAAAAAAAAAAAAAAAAA/8AAEQgAggCJAwERAAIRAQMRAf/EAB8AAAEFAQEBAQEBAAAAAAAAAAABAgMEBQYHCAkKC//EALUQAAIBAwMCBAMFBQQEAAABfQECAwAEEQUSITFBBhNRYQcicRQygZGhCCNCscEVUtHwJDNicoIJChYXGBkaJSYnKCkqNDU2Nzg5OkNERUZHSElKU1RVVldYWVpjZGVmZ2hpanN0dXZ3eHl6g4SFhoeIiYqSk5SVlpeYmZqio6Slpqeoqaqys7S1tre4ubrCw8TFxsfIycrS09TV1tfY2drh4uPk5ebn6Onq8fLz9PX29/j5+v/EAB8BAAMBAQEBAQEBAQEAAAAAAAABAgMEBQYHCAkKC//EALURAAIBAgQEAwQHBQQEAAECdwABAgMRBAUhMQYSQVEHYXETIjKBCBRCkaGxwQkjM1LwFWJy0QoWJDThJfEXGBkaJicoKSo1Njc4OTpDREVGR0hJSlNUVVZXWFlaY2RlZmdoaWpzdHV2d3h5eoKDhIWGh4iJipKTlJWWl5iZmqKjpKWmp6ipqrKztLW2t7i5usLDxMXGx8jJytLT1NXW19jZ2uLj5OXm5+jp6vLz9PX29/j5+v/bAEMAAQEBAQEBAQEBAQEBAQEBAQEBAQEBAQEBAQEBAQEBAQEBAQEBAQEBAQEBAQEBAQEBAQEBAQEBAQEBAQEBAQEBAf/bAEMBAQEBAQEBAQEBAQEBAQEBAQEBAQEBAQEBAQEBAQEBAQEBAQEBAQEBAQEBAQEBAQEBAQEBAQEBAQEBAQEBAQEBAf/dAAQAEv/aAAwDAQACEQMRAD8A/v4oAKACgAoAKACgAoAKACgAoAKACgAoAKACgAoAKACgD//Q/v4oAKACgAoAKAPgbwP/AMFKP2W/iH+3b8Sv+Cc3hrX/ABVP+018J/AjfEXxfolz4Tv7XwrB4bjTwvJLJYeK3lNjfXkS+MdD8y0iiDqZ5Rk+S5oAX4x/8FKP2W/gT+2d8Bf2CviDr3iqz/aG/aR8Oz+KPhjpGneE77UvDV5pUEniqMvrHiWF/smkTu/gzXVignjdn8mHlfPTcAffFABQAUAFABQAUAFABQAUAFABQB//0f7+KACgAoAKACgD/PN+Lv7S/wC0j+yp/wAHR/7bnxL/AGWv2WPEf7X3xJu/gTb+Frr4V+F7trPUrPwvqegfBS91Pxc8quhNrpN7pWl2EqZ5fWIjg4yoBgeIf2qv2pP2tf8Ag5I/4JU+Of2r/wBkLxR+xr438P8AhXUfC+geAPFV497e+I/DEWnfHLVIvFsEju5W2m1PUtR0kICAJdLlPOaAP9FGgAoAKACgAoAKACgAoAKACgAoA//S/v4oAKACgAoAKAP5xv2fv+CZ/wC1B8Ov+Dhr9qb/AIKOeJNJ8IR/szfFb9n27+Hvg/V7TxZZXXiu58S3kHwhQW974VWIXtlbRP4K1oPdSSFMLbMBidaAF/bj/wCCaH7UHx5/4Lq/8E7P29/h/pPhC5/Z6/Zx+Gd34Z+J+q6n4sstO8TWOrfavjDNHFpXhmWJrvVoZV8baGBNbyIoL3WcfZm3gH5Xf8F+/wDgup8dv2X/AI7ax8GPgt4m1zwT4a8Ea7F4XmbwrJaWWv8AibxJpltbXniW9v8AVLuKbydM0y5uoLGzsYUHmsi3EjnzHWv1/LMBw3wtwvlnEGe5Z/bOOzupU+q4WcuWlRw8LPnWsU5KnKMm73bqJaKD5vzjHYvO+IM/x2T5TjnlmEyqEPrFeMb1KteV0o9+VyUklomoXe9pfr3/AMECP+CnHjz/AIKA/BrxPpfxVvn17xj4H0vwr4h07xXcQRW2o634Z8UpfQwW2tRwBYZda0q/0q8hu7qJUSaKW2byw+814/HWRZThcNkvEOR05YfLc+ozqLCSlzfVq8FCU4Rd37rVSK5fsyjJK6s5elwnm2YV6+aZNms41sdlNaNP6xFW9vSk5xjJ95J0272TakrpO5/QdX5wfahQAUAFABQAUAFABQAUAf/T/v4oAKACgAoAKACgAoA/jL/4L2/8EUvEX7RPxl0/45eAbDQ9b0L4peMdA0y60u4u4LLW9H+JXiBY9OkjtI7llj1Cx8VGz+0yzb4zY3CMrBkWIt+y8L4rJOLeH6fDefPF0a/D9HE5hhsVh1zRjl9FReI5l9lwg4wkm/eSi1ZxPzLPqGacO5xLO8pWHqUs4q0MFWoV3ZvG1m1Rt1fPNOSts3JPRn68f8ET/wDgmFq//BO34PeIV8dQ6NZfELxzb6DpsuhaJcC+tPDHhfw5HdNpelTaipMd5qMt3qF/d3ssQEaiWKEl3iZ6+Y414jy3NIZXk+RwrRybJaMqWGnW0nWnNRjOo4vVLlpwS5tW+Z6J8sfe4WyTG4CWPzLNZU5ZnmlVVK8aWsKUIuTjC+qcuacndacvKtLWP28r4E+vCgAoAKACgAoAKACgAoA//9T+/igAoAKACgAoAKACgD4z/bW/5FP4I/8AZz3wY/8ATpqNffeH3++8Rf8AZH5//wCmqJ8dxn/uuSf9lPkv/p2ofZlfAn2IUAFABQAUAFABQAUAFABQB//V/v4oAKAD/P8An/P86ACgAoAKAPBfCX7TPwX8c/Hz4u/sx+GfGNrqXxq+BegeAvE3xO8GpBOl14a0X4mabPq/gy8nndRBKur6fbS3EaxMzRqMPgnFAHlv7a3/ACKfwR/7Oe+DH/p01GvvvD7/AH3iL/sj8/8A/TVE+O4z/wB1yT/sp8l/9O1D7Mr4E+xCgAoAKACgAoAKACgAoAKAP//W/v4oAKAP48v+Dfn4y/ETxL/wU6/4L02PxE+I3jbxV4S+H3xc8P3Xh/R/EvifW9d0jwpp8HxF+PKXsfh7TNSvLm00eBrDSrSF7fTIraJ4rO2j8vESFqhCVScKcVeU5RhFd5SdkvvZM5KEZTlpGEXKT7KKu/wR+Pn7f3/Bxx+1Pon7Wqab4N8e+LvAng+HxDnQvDXhSewtNJ8PaA+ry2WmPq8U9vLJrmoT2ka3GqO7qksLlIkVxX7niqPBfBtTK+H8yyRZtjMbh8NUzLH1JWdD6y1FOkudWUP4nKk2o295t2j+UYarxRxNDH5zgs0/s7DYWtXhgsHBe7V9hrao0teZe65Svrd2Sfvf2KfsDf8ABUr4WfHj9mXwH43+NnjLSPCfxRWK70bxdZJpurPb39/pVw9rHrlslhY3UNvFrNskOoG1ErG2e4aEDCA185xH4ZZ5h83xMMhy+vjsrn7OrhaqqUFKEKsIz9jL2tSnJypOXJzW9613e95e3k3HeVVcuoSzfGUsLj1zU69NwqNSlTk4+0jyUpxSqW5rX0enRH2b/wANw/srn/mr2jf+CzxGP/cN/n8K8P8A4h1xp/0IsR/4Nwn/AMvPU/134X/6GtH/AMF1/wD5QfyKftR6z8VPFX/BTr/gr3+0N+zP+2Z4t/Zm02D9lT9nLxV8Ndf8AeH7DUL748/EL4V/BbUZtK+HUl1rlhNLoeiwa5Y32kau9xaWX22fWrKWK6EFm70f8Q640/6EWI/8G4T/AOXW/H5dQ/134X/6GtH/AMF1/wD5Qfnb/wAFFv8Agvr+1Frnwi/ZaTxLf6p4e1+z8CfDPWPFeh+HJbXSptS+NOheGNH1Hxx4rv7uJZ1jbSfEWo3VtoVtayNbpGfMO/e9foGCw+A8M8hwmPzfK5YzPc9WKwlbDznFQw+CtT+sYZuLcHzwnTU7SfNNuzUY2j8fia+L46zfEYTLcdHDZTlLoYmnXjBuVXFe/wCxrJSUWnGcZ8l4rlir/E7H9Jn/AARH/wCCxGn/ALRnwAv7X9qD4iRweJvD1t4f1nwx4v8AEFvdyat4k8N+JLa4kjs9WbSrC5jl1bRLy0uLe4uDDCs1tLakAuH2+XxPwJPNaeV59wdllWeBzfBwxFbB0504rB1XGLSXtZK0ZqWylK0oTfu3Sl6ORcWwy6WPynibMKcMXl2JlRp4qcJt4mmm1f8Adxm24tXu4q8JQu200frv8U/+ChX7Mngb4a+O/GGj/FLQNb1rw74U13VtD0SO11qOXWdctNOuJNG0mN7nS4LdX1LUxa2SmWWJAZ+SOleTkPhVxfmud5VluJyfFYbDYzMMLh8VinOg44fC1K0FicQ1CpKTVGh7So+WDfu/M6s98ReHMryXNcxw2ZYfFYnB5fisRhcLGNVSxOKp0ZvDYdOdKnFOtX9nSXNJJc2t9pfzF/sKftM/Fr4Cfta/BP4y/GX4veJ/EXw7/aJ0/wAbW/xJ0nXde8Qahpnw+k1jxFqw0NrjT7+SWwS6B03w7qcMmjxyiDS9ekgUDbsr+5fFbhThTi3w94n4a4ayPL8HnPB1bK5ZLiMJhMLRr5x9WwWG+tKnVpRjWlD9/jaEliJR56+EU29fd/iLwsz3jPhPj/hniPiTNcyxmT8X0czhnWHxeLxFWhlLxGLxCwrnSq1JUlNexwleEsOpctDFONk1yy/pV+Pn/BRv9nT4YfBf4meP/CPxH8P+K/FXhbwjq2p+GvDsVtranVteWAw6RayNNpcEa251Ca3e6LSofsyS7SX2iv4Qyzw14rxOYYOhjcnxWEwdTEU44nEylh2qNDmvUlaNZtvlTUbL4mtrs/ujHcdcPUsHiauEzKhicTCjN4ego1k6lW3uR96jFJc1m7taJn+ey/8AwXu/bKH7bTab/wALb8eDUU8VtYC9OssdBGoW1xLqEuhSeF/K/s9/DhkibS9gUXT27ZMoUhl/Q/rvB64jfAj4aw7winPL/wC0L2xP1yFKSlVbSnK3PFpTTvze89LHx7w3EjyRcWf23X+scscZ9Tf8B4ZzjywtdK/LK7VmnH3VsnP/AErv2VfjQf2iP2dfg78ansRplz8RvAfh/wAS3+nKSUstR1Cwhkv7aNj9+OG7MyRuOGQAjrX4lxBln9jZ1meVqftI4LGV6EJ7c0ITahJ7auNun3H6lk+O/tPK8Dj3HkeKw1KrKPaUormXyd+999L2P5Sv+DpTxD8TdY/ai/4JD/ALwl8Yfif8KPB/x5+O8/w88b3Hwz8Ya14R1C407xn8QfhX4Qur9ptGvrA3V5p2m6zdyaeLt5IYZjkKu+Qt456R85afH+0L/wAEcv8AguT+xf8Asb/BD9sr4wftS/Az9qTR7CT4l/Cv4teLJfGur+Fl1S88W6VM88s15qV1p15o8Xh638V2F2ZredtOe6tp4WglSWgD+8KgAoA//9f+/igAoA/zuf8AgmD/AMFLf2Pf+Cbv/BUv/gt3J+2L4z1TwRpfxm+OY0PwnDbeGtR106s3hf4kfGaTxHbXUNoA9qkVp4m0zBlGJluGCZ2NVRlKEozi7ShJSi10lF3T+TQpRUk4yV1JOLT6pqzXTdPv9xnfFH/ggfq/7ePjzwH+1j+yP9n+K/7OHxPuF8U/C3xpd6zF4UuLvwrPqs9/ZWHjXRdSj+12M2kTvJZTzoXS+hgxHtjZDX7bLiHgXiWOV5vxHLF4TN8toUaeJw9CDnSxjw7vDVW5oykr2SjLkfI7WcpflqybizI3j8uySOHxGW46rVnQrVZxVTCqsrTbUnpJJvXRKXvJM/tn/wCCf/7FPh39jT9mfwV8GdQTRvE/iez+1634x106fbzQXniTWJftN9FYtcxPN/Z2ngpp9iXO9ra2idwHYlvz3izijEcRZ1iMwoyrYXC2hRwtCNSUXDD0YqFPnUZRXPJLmnvaUrJtK8vsOHsgo5NldHB1o0sRXvOriKsoRlzVqj5p8rcZPlXwryjfVt8v2n/wi/hk9fDuhf8AgpsD/wC0P8/hXzf13F/9BWJ/8KKx7n1bDf8AQNQ/8FU//lZ4Nf8A7HX7MWp+LfjT46vvgv4LufFn7RHgnTfhx8Z9aexmFz498E6PoN94Y03QNURbpbe3tbTQdSvtNjk0yGxujDOzvO8qo6n13F/9BWJ/8KKwfVsN/wBA1D/wVT/+Vn8kf/BZ/wD4N7vC3izXvh3r37O/hzRdC+E+ra/4K+Hvhj4d6Xqz6NdeBfE2oWcOg2GnaRcX73b3fh3WYNLiknkuJ5LiwuE3TNKixFv2HhjH5LxhkUOHeJFiY1uH8Ni8zoY6i25vAYdQeIjKTu3NQcY8rXvqMJK8otS/Nc+wmZ8NZs85ySWH9lnWIw+ArYWqkorGV3JUXFbKLkpSUlblcpppKUUfuR/wRy/4JY2v/BPb4JarpPj+28O6t8RfGUWhWmoafZpBrGmeFvDvhu2mh0Tw/b31xEUvrqKa7v7u+v4VRJ5roRgFIUNfLcZ8W4fNJZdluQ/WMJk2TYf6thPenSqVrqMZVZqM7q8YRilJt+620pSk5fQcM8O1svjjcbm3scTmeZ1vb4n3Y1IUlq404NqS0c5uTirO9ldRXL5p/wAFxvE0l38OPgb+yP8ADDSdKtfiN+058UdH0lTYadawTweHtKvbW1X7XJbQrNDYXetapZ3c06N8kGhXRICK5r90+izl1OGdcVeIee1q1TJuBsixOIftas5xnjMRSqzfs1OfLKtTwuHq04Qd05YqmrptH4H9J/Mq08m4X8P8jpU4ZxxvnuGw6dKChKGEoVacEqjhBSjSqYqvTqSknpHC1HrZn5+ft3fsS/8ABQfwn+yt4f8AFPxM8VfA7WPAf7L1tomseHLD4aeEW0PxhpNjBLpGiJOdSjdm1GCy8vT7m+WdWG21a6OAj7v1/wAKPE3wdzDj7GYDJMu4mw+bcdzxWGxtXO8esVluIqzWIxTh7CSUaMqt60KTi/8Al4qaSuj8k8VPDjxiwHAmEx2d5nw3icq4GhhsTgqWS4J4TMcPSg8PhVP20W3WjTtRnVU7/wAPn0tJH9APwan+FX7f/wCxHoOv6t4b0Oz0n47fC+60jxMulaVp0NzoOuXlpLputR2MyWylLzQNcila2fcB9os0J+Ustfxtxtleb+GviFm2SLF4qpLIM2vhJVq1VxxOD5lWwlScXN3hicNOEmmvhn1sj+xOCM4yzxE4CyjPVhsPTWeZYvrUaVKmnh8XZ0sVShJQ0lh8RGcNH8UN9bn8nlx/warfFxf2s4/iDBrngeTwnJqpuJPiJ/bzobe0kL202ojwQ8RvJdfbTiybvP8As5u5DOSEZgn00eMuA/7QfFry7HriNQc/qX/MK8W6fs3X59ad5Xd3v7zdlJpx818M8WrBrh5Y3CPJXJKWJ/5iFh1UU1RSbUrK2iSadknZI/tw+Dnwu8OfBP4V+APhJ4RiaHw38PPCmi+E9HWTBlaz0axhs45ZmH3ppvK82Rjks7EnkkL+OZlj6+aZhjMxxLvXxmIq4ip25qk3JpLoleyWvq9z9MwOEpYDB4bBUValhaNOjDvy04qKb83a7P40f+Dr/wCHlt8Wv2xP+CMXwtvtV1zQNP8AiV8fZPAN7r/hq7m07xDolp4u+Jnwk0G61bQdRgeOaw1nTLfUHvtNvIXSW0vIYbiN1aMNXCdR+6v7C/8AwQk/Ym/YV+L8n7RPhofE34zftAjTpdK0/wCLPx18can8QPEWg2dxb/Zbn/hHm1Zpzplzc2u61luxPNP9lZreJoo2dWAP2joAKAP/0P7+KACgDw7W/wBmL9mzxLq2o6/4j/Z6+B3iDXdXu5r/AFbWtb+E3gLVdW1S+uHMlxe6jqV9oE95e3c8jNJNcXM0s0rsWkkZiWoA9W8O+GvDng/RbDw34S0DRPC/h3SoBbaXoPh3SrHRNF022Xlbew0vTYLaxs4FJJEVvBHGM8KMncAbdABQAUAfGf7a3/Ip/BH/ALOe+DH/AKdNRr77w+/33iL/ALI/P/8A01RPjuM/91yT/sp8l/8ATtQ+zK+BPsTm9U8G+Edc1fSfEGteFvDur69oJZtD1rU9F06+1XR2cksdL1C5tpruwLFmJNrLFyxPJYle2hmWY4XD4jB4bH4zD4TFpLFYWhia1LD4m23t6NOap1bWX8SMtltY4q+W5fisRh8XicDg8Ri8I28Lia+Go1cRh2739hWnF1KV7t+5Ja373NbU9M03WrC70rWNPstV0u/he2vtN1K0gvrC9t5BiSC6s7lJLe4hccPFKjo3cHArnoV6+FrU8Rhq1XD16M1UpV6FSdKrSnHadOpBxnCS6Si010OivQoYmjUw+Jo0sRQrRcKtGtThVpVIPeFSnNShOL6xkmn1Kfh/w34e8J6VbaF4W0LR/DeiWZkNppGhabZ6TplsZpHmmMFjYRQWsTTTO8srJEpkld5Hy7E1rjMbjMwxE8Xj8XicbiqnL7TE4uvUxFefJHljz1asp1JcsUoxu9IpJaIzwmCweX4eGFwOFw+CwtPm9nh8LRp4ehT5pOUuSlSjGnHmk3KVoq8m27t3NquU6QoA4nxT8NPhz451Lw5rPjXwD4M8X6x4PvhqnhPVfE/hfRNe1HwxqSyQzLf+H73VLK5udHvFmt7eYXOny28wmgglDb4Y2UA7agAoAKAP/9H+/igAoAKACgAoAKACgD4z/bW/5FP4I/8AZz3wY/8ATpqNffeH3++8Rf8AZH5//wCmqJ8dxn/uuSf9lPkv/p2ofZlfAn2IUAFABQAUAFABQAUAFABQB//S/v4oAKACgAoAKACgAoA/O7/gov8AF74W/CnwF8JNS+JHxA8L+DItO+Onw88Ypba5qKW+oapo3hO8vLrWjpFiqyXF9c28M8ZSJEVZGOwSBgdv6J4dYbF18fnUcNhMTifrHDua5fGVCk5whiMZCnGgqsrqMIScHeTem+p8XxtWw9PCZVKtiKFD2GeZdjZKrUUJSoYWc5VnTj70pyUZK0UtdtdOX6k+BP7RvwV/aW8Jv42+CPxA0Px74fgujY31xpFxun02+VA7Weo2kqx3FpcBWDbZYwrDlHccr8hm2SZpkeIWFzTB1cJWceaCqR92cduaE03Ga9Hp1sfS5dmmAzWi6+AxNPE04y5ZOD1hL+WUXZp/0r7ntteUd4UAFABQAUAFABQAUAFAH//T/v4oAKACgAoAKACgAoA/zvP+Ds7xn8edO/aI1u20G58Q2/h7SfC/w0tfCj6eLkm38JaloL3fiW70xI1YKJfGTXltfXUCmVSgid1VAF/aMsq4zA+FbxWQOcMfVzepDNKuGV8TToc9aMdY3nFOmsOvKMr6c1z8xx1PC4rj9Uc45JYSnl0ZZfTxDSozquFJytze7fndfe95RtuouP0D/wAGj/jL436t438T2HiyTXZvDmqfCHWb/wAUvfrOkbalpni/T7XwFd6hE6IkeoXej3GtrDIypNcwwsX3bAKnimpisZ4b8PYzO3J5x/aFSnQnXjbE1cG/rHvTTtK3JHDyba+0m7N2HkEKGG43znC5Xb+zfqcJ1oUnzUKeK/c2UbXinzSrxVpfZa0Ssf3hV+Mn6aFABQAUAFABQAUAFABQB//U/v4oAKACgAoAKAPjH/got8TPGvwa/YP/AGvPit8ONam8N+PfAH7PnxR8UeEPEFskb3WieINK8K6jcaZqtqsqvEbqwuljubcyI6LNFGzKwBFAH8hn/BOfwL/wcBftwfsB+D/29Pgp/wAFUNT1bxZ4nm+JS6P8CPij4asL/TdZu/h1401/wpFpMWs2mlWtpBc69LoRlhlvJFtoRcpDJjG+gD9Bf+CbXxi+E/8AwcJfs5+NPCn7c/wrt/C37Wn7JPjS5+GvxG1PwU76BPNHdmV7DV7IMk5h0/Vbizv4NS0CcPbWurWF5JaOsMq7/puHeLM44YnW/s2rB0cTb2+GxFNVsPUa0UnTbilNLTmvqrJ2subw854ey3PY01jacva0b+yr0ZezrQT3iprVxe9naz1V7yR/QP8Ask/sTfAD9irwdf8Ag/4HeFpdKTWriK68Q6/qt0dT8Ra9PbqyWw1DUnjjZrazR2SztI0jht0ZgqMzO7ZcQ8T5txNiIYjM66kqMXChQpRVOhQi91TprRN2XM3zN230sXk2Q5dkVGdLAUpRdWXNVq1Je0rVWtuebSbSu7K2nnc+ta+ePZCgAoAKACgAoAKACgAoA//V/v4oAKACgAoAKAPz1/4Kzf8AKMv9u3/s134wf+ofqVAH85f/AAQI/wCCq/7Bf7EH/BEP4NWX7QX7RfgHwl448C6r8ftZv/hidTF18QdQe8+L/jfWNG03TfD0Mb3E1/rdldWkunI7RpLHdRSFwmdoB2f/AAah/CL4k64n/BQH9vPxh4O1bwT4R/bE+N8d98NbDVoJrB9V8PeGtX8V6xc61Y6fMkbDT31LxbdabBeqgju306Qws8KI7AH9hdABQAUAFABQAUAFABQAUAFAH//W/v4oAKACgAoAKAOU8deBvCPxN8F+Kvh34+0DT/FXgjxx4f1Xwr4t8NatEZtM13w9rllNp2raVfRK8bPbX1lcTW8oSSNwjko6uAygH5n+Ev8Aghr/AMEj/A2rwa94W/YJ+AemarbSxTQ3TaDqd+EkhcSRt9n1PV721fa4DbXhKt0ZSOKAP1E0Hw/oXhXR9P8AD3hnRdK8PaDpNtFZaXouiafa6XpWnWkKhIray0+yigtbWCNQFSKGJUUdAMkUAa9ABQAUAFABQAUAFABQAUAFAH//1/7+KACgAoAKACgAoAKACgAoAKACgAoAKACgAoAKACgAoA//2Q==</file>
    </generalfeedback>
    <defaultgrade>3.0000000</defaultgrade>
    <penalty>0.0000000</penalty>
    <hidden>0</hidden>
    <idnumber></idnumber>
    <correctfeedback format="html">
      <text>Vaše odpověď je správná.</text>
    </correctfeedback>
    <partiallycorrectfeedback format="html">
      <text>Vaše odpověď je částečně správná.</text>
    </partiallycorrectfeedback>
    <incorrectfeedback format="html">
      <text>Vaše odpověď je chybná.</text>
    </incorrectfeedback>
    <shownumcorrect/>
<varsrandom><text></text>
</varsrandom>
<varsglobal><text>a11 = 5.5; a12 = -2; f1 = 0.5;
a21 = -2; a22 = 6; a23 = -2; f2 = 0.5;
a32 = -2; a33 = 6.5; f3 =-1.5;</text>
</varsglobal>
<answernumbering><text>abc</text>
</answernumbering>
<answers>
 <partindex>
  <text>0</text>
 </partindex>
 <placeholder>
  <text></text>
 </placeholder>
 <answermark>
  <text>1</text>
 </answermark>
 <answertype>
  <text>0</text>
 </answertype>
 <numbox>
  <text>5</text>
 </numbox>
 <vars1>
  <text></text>
 </vars1>
 <answer>
  <text>[-1, 4, -1, -1, 1]</text>
 </answer>
 <vars2>
  <text></text>
 </vars2>
 <correctness>
  <text><![CDATA[_relerr < 0.01]]></text>
 </correctness>
 <unitpenalty>
  <text>1</text>
 </unitpenalty>
 <postunit>
  <text></text>
 </postunit>
 <ruleid>
  <text>1</text>
 </ruleid>
 <otherrule>
  <text></text>
 </otherrule>
 <subqtext format="html">
<text><![CDATA[<p>1. rovnice pro <b>regulární</b> uzel \(P_3\): {_0}U\(_1\) + {_1}U\(_3\)&nbsp; {_2}U\(_4\) {_3}U\(_8 =\) {_4}<br></p>]]></text>
 </subqtext>
 <feedback format="html">
<text></text>
 </feedback>
 <correctfeedback format="html">
<text></text>
 </correctfeedback>
 <partiallycorrectfeedback format="html">
<text></text>
 </partiallycorrectfeedback>
 <incorrectfeedback format="html">
<text></text>
 </incorrectfeedback>
</answers>
<answers>
 <partindex>
  <text>1</text>
 </partindex>
 <placeholder>
  <text></text>
 </placeholder>
 <answermark>
  <text>1</text>
 </answermark>
 <answertype>
  <text>0</text>
 </answertype>
 <numbox>
  <text>6</text>
 </numbox>
 <vars1>
  <text></text>
 </vars1>
 <answer>
  <text>[-1, -1, 4, -1, -1, 0]</text>
 </answer>
 <vars2>
  <text></text>
 </vars2>
 <correctness>
  <text><![CDATA[_relerr < 0.01]]></text>
 </correctness>
 <unitpenalty>
  <text>1</text>
 </unitpenalty>
 <postunit>
  <text></text>
 </postunit>
 <ruleid>
  <text>1</text>
 </ruleid>
 <otherrule>
  <text></text>
 </otherrule>
 <subqtext format="html">
<text><![CDATA[<p>2. rovnice pro <b>regulární</b> uzel \(P_4\): {_0}U\(_2\)&nbsp; {_1}U\(_3\) + {_2}U\(_4\)&nbsp; {_3}U\(_6\) {_4}U\(_7 =\) {_5}<br></p>]]></text>
 </subqtext>
 <feedback format="html">
<text></text>
 </feedback>
 <correctfeedback format="html">
<text></text>
 </correctfeedback>
 <partiallycorrectfeedback format="html">
<text></text>
 </partiallycorrectfeedback>
 <incorrectfeedback format="html">
<text></text>
 </incorrectfeedback>
</answers>
<answers>
 <partindex>
  <text>2</text>
 </partindex>
 <placeholder>
  <text></text>
 </placeholder>
 <answermark>
  <text>1</text>
 </answermark>
 <answertype>
  <text>10</text>
 </answertype>
 <numbox>
  <text>3</text>
 </numbox>
 <vars1>
  <text></text>
 </vars1>
 <answer>
  <text>[-2*(sqrt(3)-1.5), 1+2*(sqrt(3)-1.5), sqrt(3)+1]</text>
 </answer>
 <vars2>
  <text></text>
 </vars2>
 <correctness>
  <text><![CDATA[_relerr < 0.01]]></text>
 </correctness>
 <unitpenalty>
  <text>1</text>
 </unitpenalty>
 <postunit>
  <text></text>
 </postunit>
 <ruleid>
  <text>1</text>
 </ruleid>
 <otherrule>
  <text></text>
 </otherrule>
 <subqtext format="html">
<text><![CDATA[<p>3. rovnice pro <b>neregulární</b> uzel \(P_6\): {_0}U\(_4 +\) {_1}U\(_6 =\){_2}<br></p>]]></text>
 </subqtext>
 <feedback format="html">
<text></text>
 </feedback>
 <correctfeedback format="html">
<text></text>
 </correctfeedback>
 <partiallycorrectfeedback format="html">
<text></text>
 </partiallycorrectfeedback>
 <incorrectfeedback format="html">
<text></text>
 </incorrectfeedback>
</answers>
    <hint format="html">
      <text><![CDATA[<p>--<br></p>]]></text>
    </hint>
    <hint format="html">
      <text><![CDATA[<p>--<br></p>]]></text>
    </hint>
  </question>

</quiz>