<?xml version="1.0" encoding="UTF-8"?>
<quiz>
<!-- question: 0  -->
  <question type="category">
    <category>
      <text>$course$/top/Výchozí v B192-2011049/vlna explicitni</text>
    </category>
    <info format="html">
      <text></text>
    </info>
    <idnumber></idnumber>
  </question>

<!-- question: 140156  -->
  <question type="formulas">
    <name>
      <text>vlna 1</text>
    </name>
    <questiontext format="html">
      <text><![CDATA[<p>Je dána smíšená úloha pro vlnovou rovnici</p><p>$$
\frac{\partial^{2} u}{\partial t^{2}}={c2}\frac{\partial^{2} u}{\partial x^{2}}+{f}\quad \mbox{ v oblasti&nbsp; }\Omega=\{[x,t]:x\in({a},\ {b}),\ t&gt;0\},$$ s počátečními a okrajovými podmínkami</p><p>
$$\left.
\begin{array}{rcl}
u(x,0) &amp;=&amp; {phi} \\
\frac{\partial u}{\partial t}(x,0) &amp;=&amp; {psi}
\end{array}
\right\} x \in \langle {a},\ {b} \rangle, \quad&nbsp; \left.
\begin{array}{rcl}
u({a},\ t) &amp;=&amp;{alpha} \\ u({b},\ t) &amp;=&amp; {beta}
\end{array}
\right\} t \in \langle 0,\ \infty ) $$</p><p>Jsou zadané kroky: prostorový \(h = {h}\) a časový \(\tau = {tau}\)<br></p>]]></text>
    </questiontext>
    <generalfeedback format="html">
      <text><![CDATA[<p>Při řešení smíšené úlohy pro vlnovou rovnici </p><p>$$
\frac{\partial^{2} u}{\partial t^{2}}=\mathbf{c^2}\frac{\partial^{2} u}{\partial
 x^{2}}+f(x,t)\quad \mbox{ v oblasti&nbsp; }\Omega=\{[x,t]:x\in(a,\ b),\ 
t&gt;0\},$$ s počátečními a okrajovými podmínkami</p><p>
$$\left.
\begin{array}{rcl}
u(x,0) &amp;=&amp; \varphi(x) \\
\frac{\partial u}{\partial t}(x,0) &amp;=&amp; \psi(x)
\end{array}
\right\} x \in \langle a,\ b \rangle, \quad&nbsp; \left.
\begin{array}{rcl}
u(a,\ t) &amp;=&amp;\alpha(t) \\ u(b,\ t)&amp;=&amp; \beta(t)
\end{array}
\right\} t \in \langle 0,\ \infty ) $$ se zvolenými kroky \(h\) a \(\tau\) tak, že platí \(\displaystyle \frac{\mathbf{\ c} \tau}{\ h}\leq 1\) lze použít explicitní schéma. <br></p><p></p><p>Hodnoty v nulté časové vrstvě \(U_i^0\) počítáme z počáteční podmínky pro polohu: \(U_i^0 = \varphi(x_i)\).</p><p>Hodnoty v první časové vrstvě \(U_i^1\) lze počítat z počátečních podmínek pro polohu a pro rychlost: \(U_i^1 = \varphi(x_i) + \tau\psi(x_i)\).</p><p>Hodnoty v dalších časových vrstvách \(k+1 = 2,3,\dots \) počítáme:<br></p><p>$$U_i^{k+1} = \frac{c^2\tau^2}{h^2} U_{i-1}^k +2 \left( 1-\frac{c^2\tau^2}{h^2}\right)U_i^k + \frac{c^2\tau^2}{h^2}U_{i+1}^k - U_i^{k-1} + \tau^2 f(x_i,\ t^k)$$</p><p>Hodnoty v krajních bodech \(x_0=a, x_n=b\) počítáme pro všechna \(t\) z okrajových podmínek \(U_0^k = \alpha(t^k), U_n^k = \beta(t^k)\)<br></p>]]></text>
    </generalfeedback>
    <defaultgrade>4.0000000</defaultgrade>
    <penalty>0.0000000</penalty>
    <hidden>0</hidden>
    <idnumber></idnumber>
    <correctfeedback format="html">
      <text>Vaše odpověď je správná.</text>
    </correctfeedback>
    <partiallycorrectfeedback format="html">
      <text>Vaše odpověď je částečně správná.</text>
    </partiallycorrectfeedback>
    <incorrectfeedback format="html">
      <text>Vaše odpověď je chybná.</text>
    </incorrectfeedback>
    <shownumcorrect/>
<varsrandom><text></text>
</varsrandom>
<varsglobal><text><![CDATA[c=2;c2=c*c; f = "2x"; a=0;b=1; phi="x(x-1)"; psi="1-x^2"; alpha=" \\sin t"; beta = 0;h=0.2; tau = 0.09; tau2=2*tau;
sigma = c*tau/h; sigma2 = sigma*sigma;
x = [a, a+h, a+2*h, a+3*h, a+4*h, b];
u0 = [x[0]*(x[0]-1), x[1]*(x[1]-1), x[2]*(x[2]-1), x[3]*(x[3]-1), x[4]*(x[4]-1), x[5]*(x[5]-1)];
u1 =[sin(tau), u0[1] + tau*(1-x[1]*x[1]), u0[2] + tau*(1-x[2]*x[2]), u0[3] + tau*(1-x[3]*x[3]), u0[4] + tau*(1-x[4]*x[4]), 0];
u2=[sin(tau+tau),   sigma2*(u1[0] + u1[2]) + 2*(1-sigma2)*u1[1]  -u0[1] + tau*tau*2*x[1],  sigma2*(u1[1] + u1[3]) + 2*(1-sigma2)*u1[2]  -u0[2] + tau*tau*2*x[2],  sigma2*(u1[2] + u1[4]) + 2*(1-sigma2)*u1[3]  -u0[3] + tau*tau*2*x[3],  sigma2*(u1[3] + u1[5]) + 2*(1-sigma2)*u1[4]  -u0[4] + tau*tau*2*x[4], 0]

]]></text>
</varsglobal>
<answernumbering><text>abc</text>
</answernumbering>
<answers>
 <partindex>
  <text>0</text>
 </partindex>
 <placeholder>
  <text></text>
 </placeholder>
 <answermark>
  <text>1</text>
 </answermark>
 <answertype>
  <text>10</text>
 </answertype>
 <numbox>
  <text>6</text>
 </numbox>
 <vars1>
  <text></text>
 </vars1>
 <answer>
  <text>u0</text>
 </answer>
 <vars2>
  <text></text>
 </vars2>
 <correctness>
  <text><![CDATA[_relerr < 0.01]]></text>
 </correctness>
 <unitpenalty>
  <text>1</text>
 </unitpenalty>
 <postunit>
  <text></text>
 </postunit>
 <ruleid>
  <text>1</text>
 </ruleid>
 <otherrule>
  <text></text>
 </otherrule>
 <subqtext format="html">
<text><![CDATA[<p>Určete hodnoty \(u\) v nulté časové vrstvě:</p><p>\(u({x[0]}, 0) =\) {_0}</p><p>\(u({x[1]}, 0) = \){_1}<br></p><p> \(u({x[2]}, 0) = \){_2} <br></p><p>\(u({x[3]}, 0) = \){_3}</p><p>\(u({x[4]}, 0 )= \){_4} <br></p><p>\(u({x[5]}, 0) = \){_5}<br></p><p><br></p>]]></text>
 </subqtext>
 <feedback format="html">
<text></text>
 </feedback>
 <correctfeedback format="html">
<text></text>
 </correctfeedback>
 <partiallycorrectfeedback format="html">
<text></text>
 </partiallycorrectfeedback>
 <incorrectfeedback format="html">
<text></text>
 </incorrectfeedback>
</answers>
<answers>
 <partindex>
  <text>1</text>
 </partindex>
 <placeholder>
  <text></text>
 </placeholder>
 <answermark>
  <text>1</text>
 </answermark>
 <answertype>
  <text>10</text>
 </answertype>
 <numbox>
  <text>6</text>
 </numbox>
 <vars1>
  <text></text>
 </vars1>
 <answer>
  <text>u1</text>
 </answer>
 <vars2>
  <text></text>
 </vars2>
 <correctness>
  <text><![CDATA[_relerr < 0.01]]></text>
 </correctness>
 <unitpenalty>
  <text>1</text>
 </unitpenalty>
 <postunit>
  <text></text>
 </postunit>
 <ruleid>
  <text>1</text>
 </ruleid>
 <otherrule>
  <text></text>
 </otherrule>
 <subqtext format="html">
<text><![CDATA[<p>Určete přibližné hodnoty \(U_i^1\) v první časové vrstvě .</p><p></p><p>\(U({x[0]}, {tau}) =\) {_0}</p><p>\(U({x[1]}, {tau}) = \){_1}<br></p><p> \(U({x[2]}, {tau}) = \){_2} <br></p><p>\(U({x[3]}, {tau}) = \){_3}</p><p>\(U({x[4]}, {tau} )= \){_4} <br></p><p>\(U({x[5]}, {tau}) = \){_5}</p><br><p></p><p><br></p>]]></text>
 </subqtext>
 <feedback format="html">
<text></text>
 </feedback>
 <correctfeedback format="html">
<text></text>
 </correctfeedback>
 <partiallycorrectfeedback format="html">
<text></text>
 </partiallycorrectfeedback>
 <incorrectfeedback format="html">
<text></text>
 </incorrectfeedback>
</answers>
<answers>
 <partindex>
  <text>2</text>
 </partindex>
 <placeholder>
  <text></text>
 </placeholder>
 <answermark>
  <text>1</text>
 </answermark>
 <answertype>
  <text>10</text>
 </answertype>
 <numbox>
  <text>2</text>
 </numbox>
 <vars1>
  <text></text>
 </vars1>
 <answer>
  <text>[sigma, sigma2]</text>
 </answer>
 <vars2>
  <text></text>
 </vars2>
 <correctness>
  <text><![CDATA[_relerr < 0.01]]></text>
 </correctness>
 <unitpenalty>
  <text>1</text>
 </unitpenalty>
 <postunit>
  <text></text>
 </postunit>
 <ruleid>
  <text>1</text>
 </ruleid>
 <otherrule>
  <text></text>
 </otherrule>
 <subqtext format="html">
<text><![CDATA[<p>Určete \(\displaystyle \sigma = \frac{c\tau}{\ h}\) {_0}&nbsp; a \(\sigma^2 = \frac{c^2\tau^2}{{h^2}}\)={_1}.<br></p>]]></text>
 </subqtext>
 <feedback format="html">
<text></text>
 </feedback>
 <correctfeedback format="html">
<text></text>
 </correctfeedback>
 <partiallycorrectfeedback format="html">
<text></text>
 </partiallycorrectfeedback>
 <incorrectfeedback format="html">
<text></text>
 </incorrectfeedback>
</answers>
<answers>
 <partindex>
  <text>3</text>
 </partindex>
 <placeholder>
  <text></text>
 </placeholder>
 <answermark>
  <text>1</text>
 </answermark>
 <answertype>
  <text>10</text>
 </answertype>
 <numbox>
  <text>6</text>
 </numbox>
 <vars1>
  <text></text>
 </vars1>
 <answer>
  <text>u2</text>
 </answer>
 <vars2>
  <text></text>
 </vars2>
 <correctness>
  <text><![CDATA[_relerr < 0.01]]></text>
 </correctness>
 <unitpenalty>
  <text>1</text>
 </unitpenalty>
 <postunit>
  <text></text>
 </postunit>
 <ruleid>
  <text>1</text>
 </ruleid>
 <otherrule>
  <text></text>
 </otherrule>
 <subqtext format="html">
<text><![CDATA[<p></p><p>Určete přibližné hodnoty \(U_i^2\) ve druhé časové vrstvě explicitním schématem.</p><p></p><p>\(U({x[0]}, {tau2}) =\) {_0}</p><p>\(U({x[1]}, {tau2}) = \){_1}<br></p><p> \(U({x[2]}, {tau2}) = \){_2} <br></p><p>\(U({x[3]}, {tau2}) = \){_3}</p><p>\(U({x[4]}, {tau2} )= \){_4} <br></p><p>\(U({x[5]}, {tau2}) = \){_5}</p><br><p></p>]]></text>
 </subqtext>
 <feedback format="html">
<text></text>
 </feedback>
 <correctfeedback format="html">
<text></text>
 </correctfeedback>
 <partiallycorrectfeedback format="html">
<text></text>
 </partiallycorrectfeedback>
 <incorrectfeedback format="html">
<text></text>
 </incorrectfeedback>
</answers>
  </question>

<!-- question: 140160  -->
  <question type="formulas">
    <name>
      <text>vlna 2</text>
    </name>
    <questiontext format="html">
      <text><![CDATA[<p>Je dána smíšená úloha pro vlnovou rovnici</p><p>$$
\frac{\partial^{2} u}{\partial t^{2}}={c2}\frac{\partial^{2} u}{\partial x^{2}}+{f}\quad \mbox{ v oblasti&nbsp; }\Omega=\{[x,t]:x\in({a},\ {b}),\ t&gt;0\},$$ s počátečními a okrajovými podmínkami</p><p>
$$\left.
\begin{array}{rcl}
u(x,0) &amp;=&amp; {phi} \\
\frac{\partial u}{\partial t}(x,0) &amp;=&amp; {psi}
\end{array}
\right\} x \in \langle {a},\ {b} \rangle, \quad&nbsp; \left.
\begin{array}{rcl}
u({a},\ t) &amp;=&amp;{alpha} \\ u({b},\ t) &amp;=&amp; {beta}
\end{array}
\right\} t \in \langle 0,\ \infty ) $$</p><p>Jsou zadané kroky: prostorový \(h = {h}\) a časový \(\tau = {tau}\)<br></p>]]></text>
    </questiontext>
    <generalfeedback format="html">
      <text><![CDATA[<p>Při řešení smíšené úlohy pro vlnovou rovnici </p><p>$$
\frac{\partial^{2} u}{\partial t^{2}}=\mathbf{c^2}\frac{\partial^{2} u}{\partial
 x^{2}}+f(x,t)\quad \mbox{ v oblasti&nbsp; }\Omega=\{[x,t]:x\in(a,\ b),\ 
t&gt;0\},$$ s počátečními a okrajovými podmínkami</p><p>
$$\left.
\begin{array}{rcl}
u(x,0) &amp;=&amp; \varphi(x) \\
\frac{\partial u}{\partial t}(x,0) &amp;=&amp; \psi(x)
\end{array}
\right\} x \in \langle a,\ b \rangle, \quad&nbsp; \left.
\begin{array}{rcl}
u(a,\ t) &amp;=&amp;\alpha(t) \\ u(b,\ t)&amp;=&amp; \beta(t)
\end{array}
\right\} t \in \langle 0,\ \infty ) $$ se zvolenými kroky \(h\) a \(\tau\) tak, že platí \(\displaystyle \frac{\mathbf{\ c} \tau}{\ h}\leq 1\) lze použít explicitní schéma. <br></p><p></p><p>Hodnoty v nulté časové vrstvě \(U_i^0\) počítáme z počáteční podmínky pro polohu: \(U_i^0 = \varphi(x_i)\).</p><p>Hodnoty v první časové vrstvě \(U_i^1\) lze počítat&nbsp; z počátečních podmínek pro polohu a pro rychlost: \(U_i^1 = \varphi(x_i) + \tau\psi(x_i)\).</p><p>Hodnoty v dalších časových vrstvách \(k+1 = 2,3,\dots \) počítáme:<br></p><p>$$U_i^{k+1} = \frac{c^2\tau^2}{h^2} U_{i-1}^k +2 \left( 1-\frac{c^2\tau^2}{h^2}\right)U_i^k + \frac{c^2\tau^2}{h^2}U_{i+1}^k - U_i^{k-1} + \tau^2 f(x_i,\ t^k)$$</p><p>Hodnoty v krajních bodech \(x_0=a, x_n=b\) počítáme pro všechna \(t\) z okrajových podmínek \(U_0^k = \alpha(t^k), U_n^k = \beta(t^k)\)<br></p>]]></text>
    </generalfeedback>
    <defaultgrade>4.0000000</defaultgrade>
    <penalty>0.0000000</penalty>
    <hidden>0</hidden>
    <idnumber></idnumber>
    <correctfeedback format="html">
      <text>Vaše odpověď je správná.</text>
    </correctfeedback>
    <partiallycorrectfeedback format="html">
      <text>Vaše odpověď je částečně správná.</text>
    </partiallycorrectfeedback>
    <incorrectfeedback format="html">
      <text>Vaše odpověď je chybná.</text>
    </incorrectfeedback>
    <shownumcorrect/>
<varsrandom><text></text>
</varsrandom>
<varsglobal><text><![CDATA[c=2;c2=c*c; f = "xt"; a=0;b=3; phi="0"; psi="1"; alpha="t(t+1)"; beta =  "\\sin t";h=0.5; tau = 0.2; tau2=2*tau;
sigma = c*tau/h; sigma2 = sigma*sigma;
x = [a, a+h, a+2*h, a+3*h, a+4*h, a+5*h, b];
u0 = [0,0,0,0,0,0,0];
u1 =[tau*(tau+1), tau, tau, tau, tau, tau, sin(tau)];
u2=[tau2*(tau2+1),   sigma2*(u1[0] + u1[2]) + 2*(1-sigma2)*u1[1]  -u0[1] + tau*tau*x[1]*tau,  sigma2*(u1[1] + u1[3]) + 2*(1-sigma2)*u1[2]  -u0[2] + tau*tau*x[2]*tau,  sigma2*(u1[2] + u1[4]) + 2*(1-sigma2)*u1[3]  -u0[3] + tau*tau*x[3]*tau,  sigma2*(u1[3] + u1[5]) + 2*(1-sigma2)*u1[4]  -u0[4] + tau*tau*x[4]*tau, sigma2*(u1[4] + u1[6]) + 2*(1-sigma2)*u1[5]  -u0[5] + tau*tau*x[5]*tau, sin(tau2)]

]]></text>
</varsglobal>
<answernumbering><text>abc</text>
</answernumbering>
<answers>
 <partindex>
  <text>0</text>
 </partindex>
 <placeholder>
  <text></text>
 </placeholder>
 <answermark>
  <text>1</text>
 </answermark>
 <answertype>
  <text>10</text>
 </answertype>
 <numbox>
  <text>7</text>
 </numbox>
 <vars1>
  <text></text>
 </vars1>
 <answer>
  <text>u0</text>
 </answer>
 <vars2>
  <text></text>
 </vars2>
 <correctness>
  <text><![CDATA[_relerr < 0.01]]></text>
 </correctness>
 <unitpenalty>
  <text>1</text>
 </unitpenalty>
 <postunit>
  <text></text>
 </postunit>
 <ruleid>
  <text>1</text>
 </ruleid>
 <otherrule>
  <text></text>
 </otherrule>
 <subqtext format="html">
<text><![CDATA[<p>Určete hodnoty \(u\) v nulté časové vrstvě:</p><p>\(u({x[0]}, 0) =\) {_0}</p><p>\(u({x[1]}, 0) = \){_1}<br></p><p> \(u({x[2]}, 0) = \){_2} <br></p><p>\(u({x[3]}, 0) = \){_3}</p><p>\(u({x[4]}, 0 )= \){_4} <br></p><p>\(u({x[5]}, 0) = \){_5}</p><p>\(u({x[6]}, 0) = \){_6}<br></p><p><br></p>]]></text>
 </subqtext>
 <feedback format="html">
<text></text>
 </feedback>
 <correctfeedback format="html">
<text></text>
 </correctfeedback>
 <partiallycorrectfeedback format="html">
<text></text>
 </partiallycorrectfeedback>
 <incorrectfeedback format="html">
<text></text>
 </incorrectfeedback>
</answers>
<answers>
 <partindex>
  <text>1</text>
 </partindex>
 <placeholder>
  <text></text>
 </placeholder>
 <answermark>
  <text>1</text>
 </answermark>
 <answertype>
  <text>10</text>
 </answertype>
 <numbox>
  <text>7</text>
 </numbox>
 <vars1>
  <text></text>
 </vars1>
 <answer>
  <text>u1</text>
 </answer>
 <vars2>
  <text></text>
 </vars2>
 <correctness>
  <text><![CDATA[_relerr < 0.01]]></text>
 </correctness>
 <unitpenalty>
  <text>1</text>
 </unitpenalty>
 <postunit>
  <text></text>
 </postunit>
 <ruleid>
  <text>1</text>
 </ruleid>
 <otherrule>
  <text></text>
 </otherrule>
 <subqtext format="html">
<text><![CDATA[<p>Určete přibližné hodnoty \(U_i^1\) v první časové vrstvě .</p><p></p><p>\(U({x[0]}, {tau}) =\) {_0}</p><p>\(U({x[1]}, {tau}) = \){_1}<br></p><p> \(U({x[2]}, {tau}) = \){_2} <br></p><p>\(U({x[3]}, {tau}) = \){_3}</p><p>\(U({x[4]}, {tau} )= \){_4} <br></p><p>\(U({x[5]}, {tau}) = \){_5}</p><p>\(U({x[6]}, {tau}) = \){_6}<br></p><br><p></p><p><br></p>]]></text>
 </subqtext>
 <feedback format="html">
<text></text>
 </feedback>
 <correctfeedback format="html">
<text></text>
 </correctfeedback>
 <partiallycorrectfeedback format="html">
<text></text>
 </partiallycorrectfeedback>
 <incorrectfeedback format="html">
<text></text>
 </incorrectfeedback>
</answers>
<answers>
 <partindex>
  <text>2</text>
 </partindex>
 <placeholder>
  <text></text>
 </placeholder>
 <answermark>
  <text>1</text>
 </answermark>
 <answertype>
  <text>10</text>
 </answertype>
 <numbox>
  <text>2</text>
 </numbox>
 <vars1>
  <text></text>
 </vars1>
 <answer>
  <text>[sigma, sigma2]</text>
 </answer>
 <vars2>
  <text></text>
 </vars2>
 <correctness>
  <text><![CDATA[_relerr < 0.01]]></text>
 </correctness>
 <unitpenalty>
  <text>1</text>
 </unitpenalty>
 <postunit>
  <text></text>
 </postunit>
 <ruleid>
  <text>1</text>
 </ruleid>
 <otherrule>
  <text></text>
 </otherrule>
 <subqtext format="html">
<text><![CDATA[<p>Určete \(\displaystyle \sigma = \frac{c\tau}{\ h}\) {_0}&nbsp; a \(\sigma^2 = \frac{c^2\tau^2}{{h^2}}\)={_1}.<br></p>]]></text>
 </subqtext>
 <feedback format="html">
<text></text>
 </feedback>
 <correctfeedback format="html">
<text></text>
 </correctfeedback>
 <partiallycorrectfeedback format="html">
<text></text>
 </partiallycorrectfeedback>
 <incorrectfeedback format="html">
<text></text>
 </incorrectfeedback>
</answers>
<answers>
 <partindex>
  <text>3</text>
 </partindex>
 <placeholder>
  <text></text>
 </placeholder>
 <answermark>
  <text>1</text>
 </answermark>
 <answertype>
  <text>10</text>
 </answertype>
 <numbox>
  <text>7</text>
 </numbox>
 <vars1>
  <text></text>
 </vars1>
 <answer>
  <text>u2</text>
 </answer>
 <vars2>
  <text></text>
 </vars2>
 <correctness>
  <text><![CDATA[_relerr < 0.01]]></text>
 </correctness>
 <unitpenalty>
  <text>1</text>
 </unitpenalty>
 <postunit>
  <text></text>
 </postunit>
 <ruleid>
  <text>1</text>
 </ruleid>
 <otherrule>
  <text></text>
 </otherrule>
 <subqtext format="html">
<text><![CDATA[<p></p><p>Určete přibližné hodnoty \(U_i^2\) ve druhé časové vrstvě explicitním schématem.</p><p></p><p>\(U({x[0]}, {tau2}) =\) {_0}</p><p>\(U({x[1]}, {tau2}) = \){_1}<br></p><p> \(U({x[2]}, {tau2}) = \){_2} <br></p><p>\(U({x[3]}, {tau2}) = \){_3}</p><p>\(U({x[4]}, {tau2} )= \){_4} <br></p><p>\(U({x[5]}, {tau2}) = \){_5}</p><p>\(U({x[6]}, {tau2}) = \){_6}<br></p><br><p></p>]]></text>
 </subqtext>
 <feedback format="html">
<text></text>
 </feedback>
 <correctfeedback format="html">
<text></text>
 </correctfeedback>
 <partiallycorrectfeedback format="html">
<text></text>
 </partiallycorrectfeedback>
 <incorrectfeedback format="html">
<text></text>
 </incorrectfeedback>
</answers>
  </question>

<!-- question: 140161  -->
  <question type="formulas">
    <name>
      <text>vlna 3</text>
    </name>
    <questiontext format="html">
      <text><![CDATA[<p>Je dána smíšená úloha pro vlnovou rovnici</p><p>$$
\frac{\partial^{2} u}{\partial t^{2}}={c2}\frac{\partial^{2} u}{\partial x^{2}}+{f}\quad \mbox{ v oblasti&nbsp; }\Omega=\{[x,t]:x\in({a},\ {b}),\ t&gt;0\},$$ s počátečními a okrajovými podmínkami</p><p>
$$\left.
\begin{array}{rcl}
u(x,0) &amp;=&amp; {phi} \\
\frac{\partial u}{\partial t}(x,0) &amp;=&amp; {psi}
\end{array}
\right\} x \in \langle {a},\ {b} \rangle, \quad&nbsp; \left.
\begin{array}{rcl}
u({a},\ t) &amp;=&amp;{alpha} \\ u({b},\ t) &amp;=&amp; {beta}
\end{array}
\right\} t \in \langle 0,\ \infty ) $$</p><p>Jsou zadané kroky: prostorový \(h = {h}\) a časový \(\tau = {tau}\)<br></p>]]></text>
    </questiontext>
    <generalfeedback format="html">
      <text><![CDATA[<p>Při řešení smíšené úlohy pro vlnovou rovnici </p><p>$$
\frac{\partial^{2} u}{\partial t^{2}}=\mathbf{c^2}\frac{\partial^{2} u}{\partial
 x^{2}}+f(x,t)\quad \mbox{ v oblasti&nbsp; }\Omega=\{[x,t]:x\in(a,\ b),\ 
t&gt;0\},$$ s počátečními a okrajovými podmínkami</p><p>
$$\left.
\begin{array}{rcl}
u(x,0) &amp;=&amp; \varphi(x) \\
\frac{\partial u}{\partial t}(x,0) &amp;=&amp; \psi(x)
\end{array}
\right\} x \in \langle a,\ b \rangle, \quad&nbsp; \left.
\begin{array}{rcl}
u(a,\ t) &amp;=&amp;\alpha(t) \\ u(b,\ t)&amp;=&amp; \beta(t)
\end{array}
\right\} t \in \langle 0,\ \infty ) $$ se zvolenými kroky \(h\) a \(\tau\) tak, že platí \(\displaystyle \frac{\mathbf{\ c} \tau}{\ h}\leq 1\) lze použít explicitní schéma. <br></p><p></p><p>Hodnoty v nulté časové vrstvě \(U_i^0\) počítáme z počáteční podmínky pro polohu: \(U_i^0 = \varphi(x_i)\).</p><p>Hodnoty v první časové vrstvě \(U_i^1\) lze počítat&nbsp; z počátečních podmínek pro polohu a pro rychlost: \(U_i^1 = \varphi(x_i) + \tau\psi(x_i)\).</p><p>Hodnoty v dalších časových vrstvách \(k+1 = 2,3,\dots \) počítáme:<br></p><p>$$U_i^{k+1} = \frac{c^2\tau^2}{h^2} U_{i-1}^k +2 \left( 1-\frac{c^2\tau^2}{h^2}\right)U_i^k + \frac{c^2\tau^2}{h^2}U_{i+1}^k - U_i^{k-1} + \tau^2 f(x_i,\ t^k)$$</p><p>Hodnoty v krajních bodech \(x_0=a, x_n=b\) počítáme pro všechna \(t\) z okrajových podmínek \(U_0^k = \alpha(t^k), U_n^k = \beta(t^k)\)<br></p>]]></text>
    </generalfeedback>
    <defaultgrade>4.0000000</defaultgrade>
    <penalty>0.0000000</penalty>
    <hidden>0</hidden>
    <idnumber></idnumber>
    <correctfeedback format="html">
      <text>Vaše odpověď je správná.</text>
    </correctfeedback>
    <partiallycorrectfeedback format="html">
      <text>Vaše odpověď je částečně správná.</text>
    </partiallycorrectfeedback>
    <incorrectfeedback format="html">
      <text>Vaše odpověď je chybná.</text>
    </incorrectfeedback>
    <shownumcorrect/>
<varsrandom><text></text>
</varsrandom>
<varsglobal><text><![CDATA[c=1;c2=c*c; f = "x"; a=0;b=2; phi="x"; psi="x+1"; alpha="t"; beta = "t^2+3t+2";h=0.4; tau = 0.4; tau2=2*tau;
sigma = c*tau/h; sigma2 = sigma*sigma;
x = [a, a+h, a+2*h, a+3*h, a+4*h, b];
u0 = [x[0], x[1], x[2], x[3], x[4], x[5]];
u1 =[tau, u0[1] + tau*(1+x[1]), u0[2] + tau*(1+x[2]), u0[3] + tau*(1+x[3]), u0[4] + tau*(1+x[4]), tau*tau+3*tau+2];
u2=[tau+tau,   sigma2*(u1[0] + u1[2]) + 2*(1-sigma2)*u1[1]  -u0[1] + tau*tau*x[1],  sigma2*(u1[1] + u1[3]) + 2*(1-sigma2)*u1[2]  -u0[2] + tau*tau*x[2],  sigma2*(u1[2] + u1[4]) + 2*(1-sigma2)*u1[3]  -u0[3] + tau*tau*x[3],  sigma2*(u1[3] + u1[5]) + 2*(1-sigma2)*u1[4]  -u0[4] + tau*tau*x[4], tau2*tau2+3*tau2+2]

]]></text>
</varsglobal>
<answernumbering><text>abc</text>
</answernumbering>
<answers>
 <partindex>
  <text>0</text>
 </partindex>
 <placeholder>
  <text></text>
 </placeholder>
 <answermark>
  <text>1</text>
 </answermark>
 <answertype>
  <text>10</text>
 </answertype>
 <numbox>
  <text>6</text>
 </numbox>
 <vars1>
  <text></text>
 </vars1>
 <answer>
  <text>u0</text>
 </answer>
 <vars2>
  <text></text>
 </vars2>
 <correctness>
  <text><![CDATA[_relerr < 0.01]]></text>
 </correctness>
 <unitpenalty>
  <text>1</text>
 </unitpenalty>
 <postunit>
  <text></text>
 </postunit>
 <ruleid>
  <text>1</text>
 </ruleid>
 <otherrule>
  <text></text>
 </otherrule>
 <subqtext format="html">
<text><![CDATA[<p>Určete hodnoty \(u\) v nulté časové vrstvě:</p><p>\(u({x[0]}, 0) =\) {_0}</p><p>\(u({x[1]}, 0) = \){_1}<br></p><p> \(u({x[2]}, 0) = \){_2} <br></p><p>\(u({x[3]}, 0) = \){_3}</p><p>\(u({x[4]}, 0 )= \){_4} <br></p><p>\(u({x[5]}, 0) = \){_5}<br></p><p><br></p>]]></text>
 </subqtext>
 <feedback format="html">
<text></text>
 </feedback>
 <correctfeedback format="html">
<text></text>
 </correctfeedback>
 <partiallycorrectfeedback format="html">
<text></text>
 </partiallycorrectfeedback>
 <incorrectfeedback format="html">
<text></text>
 </incorrectfeedback>
</answers>
<answers>
 <partindex>
  <text>1</text>
 </partindex>
 <placeholder>
  <text></text>
 </placeholder>
 <answermark>
  <text>1</text>
 </answermark>
 <answertype>
  <text>10</text>
 </answertype>
 <numbox>
  <text>6</text>
 </numbox>
 <vars1>
  <text></text>
 </vars1>
 <answer>
  <text>u1</text>
 </answer>
 <vars2>
  <text></text>
 </vars2>
 <correctness>
  <text><![CDATA[_relerr < 0.01]]></text>
 </correctness>
 <unitpenalty>
  <text>1</text>
 </unitpenalty>
 <postunit>
  <text></text>
 </postunit>
 <ruleid>
  <text>1</text>
 </ruleid>
 <otherrule>
  <text></text>
 </otherrule>
 <subqtext format="html">
<text><![CDATA[<p>Určete přibližné hodnoty \(U_i^1\) v první časové vrstvě .</p><p></p><p>\(U({x[0]}, {tau}) =\) {_0}</p><p>\(U({x[1]}, {tau}) = \){_1}<br></p><p> \(U({x[2]}, {tau}) = \){_2} <br></p><p>\(U({x[3]}, {tau}) = \){_3}</p><p>\(U({x[4]}, {tau} )= \){_4} <br></p><p>\(U({x[5]}, {tau}) = \){_5}</p><br><p></p><p><br></p>]]></text>
 </subqtext>
 <feedback format="html">
<text></text>
 </feedback>
 <correctfeedback format="html">
<text></text>
 </correctfeedback>
 <partiallycorrectfeedback format="html">
<text></text>
 </partiallycorrectfeedback>
 <incorrectfeedback format="html">
<text></text>
 </incorrectfeedback>
</answers>
<answers>
 <partindex>
  <text>2</text>
 </partindex>
 <placeholder>
  <text></text>
 </placeholder>
 <answermark>
  <text>1</text>
 </answermark>
 <answertype>
  <text>10</text>
 </answertype>
 <numbox>
  <text>2</text>
 </numbox>
 <vars1>
  <text></text>
 </vars1>
 <answer>
  <text>[sigma, sigma2]</text>
 </answer>
 <vars2>
  <text></text>
 </vars2>
 <correctness>
  <text><![CDATA[_relerr < 0.01]]></text>
 </correctness>
 <unitpenalty>
  <text>1</text>
 </unitpenalty>
 <postunit>
  <text></text>
 </postunit>
 <ruleid>
  <text>1</text>
 </ruleid>
 <otherrule>
  <text></text>
 </otherrule>
 <subqtext format="html">
<text><![CDATA[<p>Určete \(\displaystyle \sigma = \frac{c\tau}{\ h}\) {_0}&nbsp; a \(\sigma^2 = \frac{c^2\tau^2}{{h^2}}\)={_1}.<br></p>]]></text>
 </subqtext>
 <feedback format="html">
<text></text>
 </feedback>
 <correctfeedback format="html">
<text></text>
 </correctfeedback>
 <partiallycorrectfeedback format="html">
<text></text>
 </partiallycorrectfeedback>
 <incorrectfeedback format="html">
<text></text>
 </incorrectfeedback>
</answers>
<answers>
 <partindex>
  <text>3</text>
 </partindex>
 <placeholder>
  <text></text>
 </placeholder>
 <answermark>
  <text>1</text>
 </answermark>
 <answertype>
  <text>10</text>
 </answertype>
 <numbox>
  <text>6</text>
 </numbox>
 <vars1>
  <text></text>
 </vars1>
 <answer>
  <text>u2</text>
 </answer>
 <vars2>
  <text></text>
 </vars2>
 <correctness>
  <text><![CDATA[_relerr < 0.01]]></text>
 </correctness>
 <unitpenalty>
  <text>1</text>
 </unitpenalty>
 <postunit>
  <text></text>
 </postunit>
 <ruleid>
  <text>1</text>
 </ruleid>
 <otherrule>
  <text></text>
 </otherrule>
 <subqtext format="html">
<text><![CDATA[<p></p><p>Určete přibližné hodnoty \(U_i^2\) ve druhé časové vrstvě explicitním schématem.</p><p></p><p>\(U({x[0]}, {tau2}) =\) {_0}</p><p>\(U({x[1]}, {tau2}) = \){_1}<br></p><p> \(U({x[2]}, {tau2}) = \){_2} <br></p><p>\(U({x[3]}, {tau2}) = \){_3}</p><p>\(U({x[4]}, {tau2} )= \){_4} <br></p><p>\(U({x[5]}, {tau2}) = \){_5}</p><br><p></p>]]></text>
 </subqtext>
 <feedback format="html">
<text></text>
 </feedback>
 <correctfeedback format="html">
<text></text>
 </correctfeedback>
 <partiallycorrectfeedback format="html">
<text></text>
 </partiallycorrectfeedback>
 <incorrectfeedback format="html">
<text></text>
 </incorrectfeedback>
</answers>
  </question>

<!-- question: 140168  -->
  <question type="formulas">
    <name>
      <text>vlna 4</text>
    </name>
    <questiontext format="html">
      <text><![CDATA[<p>Je dána smíšená úloha pro vlnovou rovnici</p><p>$$
\frac{\partial^{2} u}{\partial t^{2}}=\frac{81}{25}\frac{\partial^{2} u}{\partial x^{2}}+{f}\quad \mbox{ v oblasti&nbsp; }\Omega=\{[x,t]:x\in({a},\ {b}),\ t&gt;0\},$$ s počátečními a okrajovými podmínkami</p><p>
$$\left.
\begin{array}{rcl}
u(x,0) &amp;=&amp; {phi} \\
\frac{\partial u}{\partial t}(x,0) &amp;=&amp; {psi}
\end{array}
\right\} x \in \langle {a},\ {b} \rangle, \quad&nbsp; \left.
\begin{array}{rcl}
u({a},\ t) &amp;=&amp;{alpha} \\ u({b},\ t) &amp;=&amp; {beta}
\end{array}
\right\} t \in \langle 0,\ \infty ) $$</p><p>Jsou zadané kroky: prostorový \(h = {h}\) a časový \(\tau = {tau}\)<br></p>]]></text>
    </questiontext>
    <generalfeedback format="html">
      <text><![CDATA[<p>Hodnoty v nulté časové vrstvě \(U_i^0\) počítáme z počáteční podmínky pro polohu: \(U_i^0 = \varphi(x_i)\).</p><p>Hodnoty v první časové vrstvě \(U_i^1\) lze počítat&nbsp; z počátečních podmínek pro polohu a pro rychlost: \(U_i^1 = \varphi(x_i) + \tau\psi(x_i)\), v krajním bodě [{x[10]},{tau}] z okrajové podmínky.</p><p>Hodnotu v hledaném bodě [{x[9]}, {tau2}] druhé časové vrstvy počítáme:<br></p><p>$$U_9^{2} = {sigma2} U({x[8]}, {tau}) +2 \left( 1-{sigma2}\right)U({x[9]},{tau}) +{sigma2}U({x[10]},{tau}) - U({x[9]},{0}) + {tau}^{2} f({x[9]},{tau})$$</p><p><img src="@@PLUGINFILE@@/vlna4_moodle.jpg" alt="" role="presentation" class="atto_image_button_right" width="250" height="159"><br></p>]]></text>
<file name="vlna4_moodle.jpg" path="/" encoding="base64">/9j/4AAQSkZJRgABAQAASABIAAD/4QBMRXhpZgAATU0AKgAAAAgAAgESAAMAAAABAAEAAIdpAAQAAAABAAAAJgAAAAAAAqACAAQAAAABAAACKKADAAQAAAABAAABYAAAAAD/4QkhaHR0cDovL25zLmFkb2JlLmNvbS94YXAvMS4wLwA8P3hwYWNrZXQgYmVnaW49Iu+7vyIgaWQ9Ilc1TTBNcENlaGlIenJlU3pOVGN6a2M5ZCI/PiA8eDp4bXBtZXRhIHhtbG5zOng9ImFkb2JlOm5zOm1ldGEvIiB4OnhtcHRrPSJYTVAgQ29yZSA1LjQuMCI+IDxyZGY6UkRGIHhtbG5zOnJkZj0iaHR0cDovL3d3dy53My5vcmcvMTk5OS8wMi8yMi1yZGYtc3ludGF4LW5zIyI+IDxyZGY6RGVzY3JpcHRpb24gcmRmOmFib3V0PSIiLz4gPC9yZGY6UkRGPiA8L3g6eG1wbWV0YT4gICAgICAgICAgICAgICAgICAgICAgICAgICAgICAgICAgICAgICAgICAgICAgICAgICAgICAgICAgICAgICAgICAgICAgICAgICAgICAgICAgICAgICAgICAgICAgICAgICAgICAgICAgICAgICAgICAgICAgICAgICAgICAgICAgICAgICAgICAgICAgICAgICAgICAgICAgICAgICAgICAgICAgICAgICAgICAgICAgICAgICAgICAgICAgICAgICAgICAgICAgICAgICAgICAgICAgICAgICAgICAgICAgICAgICAgICAgICAgICAgICAgICAgICAgICAgICAgICAgICAgICAgICAgICAgICAgICAgICAgICAgICAgICAgICAgICAgICAgICAgICAgICAgICAgICAgICAgICAgICAgICAgICAgICAgICAgICAgICAgICAgICAgICAgICAgICAgICAgICAgICAgICAgICAgICAgICAgICAgICAgICAgICAgICAgICAgICAgICAgICAgICAgICAgICAgICAgICAgICAgICAgICAgICAgICAgICAgICAgICAgICAgICAgICAgICAgICAgICAgICAgICAgICAgICAgICAgICAgICAgICAgICAgICAgICAgICAgICAgICAgICAgICAgICAgICAgICAgICAgICAgICAgICAgICAgICAgICAgICAgICAgICAgICAgICAgICAgICAgICAgICAgICAgICAgICAgICAgICAgICAgICAgICAgICAgICAgICAgICAgICAgICAgICAgICAgICAgICAgICAgICAgICAgICAgICAgICAgICAgICAgICAgICAgICAgICAgICAgICAgICAgICAgICAgICAgICAgICAgICAgICAgICAgICAgICAgICAgICAgICAgICAgICAgICAgICAgICAgICAgICAgICAgICAgICAgICAgICAgICAgICAgICAgICAgICAgICAgICAgICAgICAgICAgICAgICAgICAgICAgICAgICAgICAgICAgICAgICAgICAgICAgICAgICAgICAgICAgICAgICAgICAgICAgICAgICAgICAgICAgICAgICAgICAgICAgICAgICAgICAgICAgICAgICAgICAgICAgICAgICAgICAgICAgICAgICAgICAgICAgICAgICAgICAgICAgICAgICAgICAgICAgICAgICAgICAgICAgICAgICAgICAgICAgICAgICAgICAgICAgICAgICAgICAgICAgICAgICAgICAgICAgICAgICAgICAgICAgICAgICAgICAgICAgICAgICAgICAgICAgICAgICAgICAgICAgICAgICAgICAgICAgICAgICAgICAgICAgICAgICAgICAgICAgICAgICAgICAgICAgICAgICAgICAgICAgICAgICAgICAgICAgICAgICAgICAgICAgICAgICAgICAgICAgICAgICAgICAgICAgICAgICAgICAgICAgICAgICAgICAgICAgICAgICAgICAgICAgICAgICAgICAgICAgICAgICAgICAgICAgICAgICAgICAgICAgICAgICAgICAgICAgICAgICAgICAgICAgICAgICAgICAgICAgICAgICAgICAgICAgICAgICAgICAgICAgICAgICAgICAgICAgICAgICAgICAgICAgICAgICAgICAgICAgICAgICAgICAgICAgICAgICAgICAgICAgICAgICAgICAgICAgICAgICAgICAgICAgICAgICAgICAgICAgICAgICAgICAgICAgICAgICAgICAgICAgICAgICAgICAgICAgICAgICAgICAgICAgICAgICAgICAgICAgICAgICAgICAgICAgICAgICAgICAgICAgICAgICAgICAgICAgICAgICAgICAgICAgICAgICAgICAgICAgICAgICAgICAgICAgICAgICAgICAgICAgICAgICAgICAgICAgICAgICAgICAgICAgICAgICAgICAgICAgICAgICAgICAgICAgICAgICAgICAgICAgICAgICAgICAgICAgICAgICAgICAgICAgICAgICAgICAgICAgICAgICAgICAgICAgICAgICAgICAgICAgICAgICAgICAgICAgICAgICAgICAgICAgICAgICAgICAgICAgICAgICAgICAgICAgICAgICAgICAgICAgICAgICAgICAgICAgICAgICAgICAgICAgICAgICAgICAgICAgICAgICAgICAgICAgICAgICAgICAgICAgICAgICAgICAgICAgICAgICAgICAgICAgICAgICAgICAgICAgICAgICAgICAgICAgICAgICAgICAgICAgICAgICAgICAgICAgICAgICAgICAgICAgICAgICAgICAgICAgICAgICAgICAgICAgICAgICAgICAgICAgICAgICAgICAgICAgICAgICAgICAgICAgICAgICAgICAgICAgICAgICAgICAgICAgICAgICAgICAgICAgICAgICAgICAgICAgICAgICAgICAgICAgICAgICAgICAgICAgICAgICAgICAgICAgICAgICAgICAgICAgICAgICAgICAgICAgICAgICAgICAgICAgICAgICAgICAgICAgICAgICAgICAgICAgICAgICAgICA8P3hwYWNrZXQgZW5kPSJ3Ij8+AP/tADhQaG90b3Nob3AgMy4wADhCSU0EBAAAAAAAADhCSU0EJQAAAAAAENQdjNmPALIE6YAJmOz4Qn7/4htESUNDX1BST0ZJTEUAAQEAABs0YXBwbAIQAABtbnRyUkdCIFhZWiAH5AABAAEACAAyADRhY3NwQVBQTAAAAABBUFBMAAAAAAAAAAAAAAAAAAAAAAAA9tYAAQAAAADTLWFwcGwAAAAAAAAAAAAAAAAAAAAAAAAAAAAAAAAAAAAAAAAAAAAAAAAAAAAAAAAAAAAAABFkZXNjAAABUAAAAGJkc2NtAAABtAAABDZjcHJ0AAAF7AAAACN3dHB0AAAGEAAAABRyWFlaAAAGJAAAABRnWFlaAAAGOAAAABRiWFlaAAAGTAAAABRyVFJDAAAGYAAACAxhYXJnAAAObAAAACB2Y2d0AAAOjAAABhJuZGluAAAUoAAABj5jaGFkAAAa4AAAACxtbW9kAAAbDAAAAChiVFJDAAAGYAAACAxnVFJDAAAGYAAACAxhYWJnAAAObAAAACBhYWdnAAAObAAAACBkZXNjAAAAAAAAAAhEaXNwbGF5AAAAAAAAAAAAAAAAAAAAAAAAAAAAAAAAAAAAAAAAAAAAAAAAAAAAAAAAAAAAAAAAAAAAAAAAAAAAAAAAAAAAAAAAAAAAAAAAAAAAAAAAAAAAbWx1YwAAAAAAAAAjAAAADGhySFIAAAAUAAABtGtvS1IAAAAMAAAByG5iTk8AAAASAAAB1GlkAAAAAAASAAAB5mh1SFUAAAAUAAAB+GNzQ1oAAAAWAAACDGRhREsAAAAcAAACIm5sTkwAAAAWAAACPmZpRkkAAAAQAAACVGl0SVQAAAAUAAACZHJvUk8AAAASAAACeGVzRVMAAAASAAACeGFyAAAAAAAUAAACinVrVUEAAAAcAAACnmhlSUwAAAAWAAACunpoVFcAAAAMAAAC0HZpVk4AAAAOAAAC3HNrU0sAAAAWAAAC6npoQ04AAAAMAAAC0HJ1UlUAAAAkAAADAGZyRlIAAAAWAAADJG1zAAAAAAASAAADOmhpSU4AAAASAAADTHRoVEgAAAAMAAADXmNhRVMAAAAYAAADamVzWEwAAAASAAACeGRlREUAAAAQAAADgmVuVVMAAAASAAADknB0QlIAAAAYAAADpHBsUEwAAAASAAADvGVsR1IAAAAiAAADznN2U0UAAAAQAAAD8HRyVFIAAAAUAAAEAHB0UFQAAAAWAAAEFGphSlAAAAAMAAAEKgBMAEMARAAgAHUAIABiAG8AagBpzuy37AAgAEwAQwBEAEYAYQByAGcAZQAtAEwAQwBEAEwAQwBEACAAVwBhAHIAbgBhAFMAegDtAG4AZQBzACAATABDAEQAQgBhAHIAZQB2AG4A/QAgAEwAQwBEAEwAQwBEAC0AZgBhAHIAdgBlAHMAawDmAHIAbQBLAGwAZQB1AHIAZQBuAC0ATABDAEQAVgDkAHIAaQAtAEwAQwBEAEwAQwBEACAAYwBvAGwAbwByAGkATABDAEQAIABjAG8AbABvAHIgDwBMAEMARAAgBkUGRAZIBkYGKQQaBD4EOwRMBD4EQAQ+BDIEOAQ5ACAATABDAEQgDwBMAEMARAAgBeYF0QXiBdUF4AXZX2mCcgAgAEwAQwBEAEwAQwBEACAATQDgAHUARgBhAHIAZQBiAG4A/QAgAEwAQwBEBCYEMgQ1BEIEPQQ+BDkAIAQWBBoALQQ0BDgEQQQ/BDsENQQ5AEwAQwBEACAAYwBvAHUAbABlAHUAcgBXAGEAcgBuAGEAIABMAEMARAkwCQIJFwlACSgAIABMAEMARABMAEMARAAgDioONQBMAEMARAAgAGUAbgAgAGMAbwBsAG8AcgBGAGEAcgBiAC0ATABDAEQAQwBvAGwAbwByACAATABDAEQATABDAEQAIABDAG8AbABvAHIAaQBkAG8ASwBvAGwAbwByACAATABDAEQDiAOzA8cDwQPJA7wDtwAgA78DuAPMA70DtwAgAEwAQwBEAEYA5AByAGcALQBMAEMARABSAGUAbgBrAGwAaQAgAEwAQwBEAEwAQwBEACAAYQAgAEMAbwByAGUAczCrMOkw/ABMAEMARAAAdGV4dAAAAABDb3B5cmlnaHQgQXBwbGUgSW5jLiwgMjAyMAAAWFlaIAAAAAAAAPNSAAEAAAABFs9YWVogAAAAAAAAYWwAADgyAAAKQlhZWiAAAAAAAABvHAAArpUAABaZWFlaIAAAAAAAACZOAAAZOQAAslJjdXJ2AAAAAAAABAAAAAAFAAoADwAUABkAHgAjACgALQAyADYAOwBAAEUASgBPAFQAWQBeAGMAaABtAHIAdwB8AIEAhgCLAJAAlQCaAJ8AowCoAK0AsgC3ALwAwQDGAMsA0ADVANsA4ADlAOsA8AD2APsBAQEHAQ0BEwEZAR8BJQErATIBOAE+AUUBTAFSAVkBYAFnAW4BdQF8AYMBiwGSAZoBoQGpAbEBuQHBAckB0QHZAeEB6QHyAfoCAwIMAhQCHQImAi8COAJBAksCVAJdAmcCcQJ6AoQCjgKYAqICrAK2AsECywLVAuAC6wL1AwADCwMWAyEDLQM4A0MDTwNaA2YDcgN+A4oDlgOiA64DugPHA9MD4APsA/kEBgQTBCAELQQ7BEgEVQRjBHEEfgSMBJoEqAS2BMQE0wThBPAE/gUNBRwFKwU6BUkFWAVnBXcFhgWWBaYFtQXFBdUF5QX2BgYGFgYnBjcGSAZZBmoGewaMBp0GrwbABtEG4wb1BwcHGQcrBz0HTwdhB3QHhgeZB6wHvwfSB+UH+AgLCB8IMghGCFoIbgiCCJYIqgi+CNII5wj7CRAJJQk6CU8JZAl5CY8JpAm6Cc8J5Qn7ChEKJwo9ClQKagqBCpgKrgrFCtwK8wsLCyILOQtRC2kLgAuYC7ALyAvhC/kMEgwqDEMMXAx1DI4MpwzADNkM8w0NDSYNQA1aDXQNjg2pDcMN3g34DhMOLg5JDmQOfw6bDrYO0g7uDwkPJQ9BD14Peg+WD7MPzw/sEAkQJhBDEGEQfhCbELkQ1xD1ERMRMRFPEW0RjBGqEckR6BIHEiYSRRJkEoQSoxLDEuMTAxMjE0MTYxODE6QTxRPlFAYUJxRJFGoUixStFM4U8BUSFTQVVhV4FZsVvRXgFgMWJhZJFmwWjxayFtYW+hcdF0EXZReJF64X0hf3GBsYQBhlGIoYrxjVGPoZIBlFGWsZkRm3Gd0aBBoqGlEadxqeGsUa7BsUGzsbYxuKG7Ib2hwCHCocUhx7HKMczBz1HR4dRx1wHZkdwx3sHhYeQB5qHpQevh7pHxMfPh9pH5Qfvx/qIBUgQSBsIJggxCDwIRwhSCF1IaEhziH7IiciVSKCIq8i3SMKIzgjZiOUI8Ij8CQfJE0kfCSrJNolCSU4JWgllyXHJfcmJyZXJocmtyboJxgnSSd6J6sn3CgNKD8ocSiiKNQpBik4KWspnSnQKgIqNSpoKpsqzysCKzYraSudK9EsBSw5LG4soizXLQwtQS12Last4S4WLkwugi63Lu4vJC9aL5Evxy/+MDUwbDCkMNsxEjFKMYIxujHyMioyYzKbMtQzDTNGM38zuDPxNCs0ZTSeNNg1EzVNNYc1wjX9Njc2cjauNuk3JDdgN5w31zgUOFA4jDjIOQU5Qjl/Obw5+To2OnQ6sjrvOy07azuqO+g8JzxlPKQ84z0iPWE9oT3gPiA+YD6gPuA/IT9hP6I/4kAjQGRApkDnQSlBakGsQe5CMEJyQrVC90M6Q31DwEQDREdEikTORRJFVUWaRd5GIkZnRqtG8Ec1R3tHwEgFSEtIkUjXSR1JY0mpSfBKN0p9SsRLDEtTS5pL4kwqTHJMuk0CTUpNk03cTiVObk63TwBPSU+TT91QJ1BxULtRBlFQUZtR5lIxUnxSx1MTU19TqlP2VEJUj1TbVShVdVXCVg9WXFapVvdXRFeSV+BYL1h9WMtZGllpWbhaB1pWWqZa9VtFW5Vb5Vw1XIZc1l0nXXhdyV4aXmxevV8PX2Ffs2AFYFdgqmD8YU9homH1YklinGLwY0Njl2PrZEBklGTpZT1lkmXnZj1mkmboZz1nk2fpaD9olmjsaUNpmmnxakhqn2r3a09rp2v/bFdsr20IbWBtuW4SbmtuxG8eb3hv0XArcIZw4HE6cZVx8HJLcqZzAXNdc7h0FHRwdMx1KHWFdeF2Pnabdvh3VnezeBF4bnjMeSp5iXnnekZ6pXsEe2N7wnwhfIF84X1BfaF+AX5ifsJ/I3+Ef+WAR4CogQqBa4HNgjCCkoL0g1eDuoQdhICE44VHhauGDoZyhteHO4efiASIaYjOiTOJmYn+imSKyoswi5aL/IxjjMqNMY2Yjf+OZo7OjzaPnpAGkG6Q1pE/kaiSEZJ6kuOTTZO2lCCUipT0lV+VyZY0lp+XCpd1l+CYTJi4mSSZkJn8mmia1ZtCm6+cHJyJnPedZJ3SnkCerp8dn4uf+qBpoNihR6G2oiailqMGo3aj5qRWpMelOKWpphqmi6b9p26n4KhSqMSpN6mpqhyqj6sCq3Wr6axcrNCtRK24ri2uoa8Wr4uwALB1sOqxYLHWskuywrM4s660JbSctRO1irYBtnm28Ldot+C4WbjRuUq5wro7urW7LrunvCG8m70VvY++Cr6Evv+/er/1wHDA7MFnwePCX8Lbw1jD1MRRxM7FS8XIxkbGw8dBx7/IPci8yTrJuco4yrfLNsu2zDXMtc01zbXONs62zzfPuNA50LrRPNG+0j/SwdNE08bUSdTL1U7V0dZV1tjXXNfg2GTY6Nls2fHadtr724DcBdyK3RDdlt4c3qLfKd+v4DbgveFE4cziU+Lb42Pj6+Rz5PzlhOYN5pbnH+ep6DLovOlG6dDqW+rl63Dr++yG7RHtnO4o7rTvQO/M8Fjw5fFy8f/yjPMZ86f0NPTC9VD13vZt9vv3ivgZ+Kj5OPnH+lf65/t3/Af8mP0p/br+S/7c/23//3BhcmEAAAAAAAMAAAACZmYAAPKnAAANWQAAE9AAAApbdmNndAAAAAAAAAAAAAMBAAACAAAAVgEuAesCxAODBFMFQAYnBxoIGAkfCj0LTgxrDZAOuQ/sES0SZROjFOMWKhd5GL8aDxtXHKQd8x88IIQhzSMRJFIljSbLKAApMypmK5csyi33LygwUTGAMqsz1TUCNjE3XTiKObY64TwNPTg+YD+JQLFB3EMIRDZFY0aQR7hI3koBSyRMR01qTo9PtFDYUfhTFlQzVU9WbVeNWK5Zy1rhW/Bc9137XwBgCmEZYi1jQWRSZV9mZWdhaFNpPGogawFr4Gy/baBug29ocFBxOHIgcwhz73TWdb52qHeTeH55bHpZe0l8PX03fjZ/OYBBgUuCV4NlhHSFhYaUh6SIs4nAisyL1ozfjeeO7Y/ykPWR9pL1k/WU+pYElxWYLJlHmmObf5yYna6ev5/LoNSh2qLgo+mk9KYDpxWoKqlCqlyrd6yUrbKu0a/xsRGyM7NTtHO1kLapt7q4wbnDusC7u7y1va++qb+jwJ3BlcKKw3zEasVTxjbHGMf5yODJz8rGy8PMwc28zq/PmNBz0UPSDdLT05vUZtU11gXW19eo2HbZQNoG2sfbgNw13Ofdkd473uPfjeA74Ovhn+JS4wPjr+RV5PnllOYs5r/nUufk6IXpL+nk6qjrbuwz7PXtr+5j7xHvtfBQ8ObxfPIX8sbzj/Ru9WH2ZveK+OT6xf0u//8AAABWASMBsAJqAzID6ASxBYAGWAc9CC0JJwonCyIMMA06DlEPYxB+EZ8SvhPpFRAWOBdhGIgZtBreHAsdMx5bH4AgoSG/Itsj9SULJh8nNShJKWAqeSuTLLEtzC7oMAQxITI8M1o0dDWLNqQ3uTjNOeI69DwGPRs+MT9NQGxBj0KwQ9BE7UYIRx1IMklFSlVLY0xuTXhOfk+DUIVRhlKIU4pUjFWKVoRXeVhoWVRaRFs/XEZdWl53X5VgsGHCYspjxWS1ZZxme2dXaDBpDGnsatBrumypbZtuj2+CcHJxXHJAcx9z+3TVda12hndieEV5MHokex18GX0VfhB/Bn/2gOKByoKxg5WEd4VdhkqHRIhMiWGKgYuljMaN3o7uj/WQ95H1kvOT8JTtleyW7pf4mRCaOZtunKadzp7jn+mg5aHfotmj0aTIpb6mvKfKqO2qIatdrJyt2a8UsE6xiLLCs/m1LrZkt5u40roFuzS8X72Fvqa/vMC+warCkMN9xHfFgMaPx53Io8meyo7LdcxTzS3OBM7az7LQi9Fq0lHTRdRF1VHWYtd12ITZh9p922bcQ90a3ezeud+H4FjhLeII4ubjw+Sd5XHmQOcM59Too+l/6mnrZOxo7W3ucO9w8HDxcvJ283n0d/Vp9kf3D/ez+EX4y/la+e360PwM/dr//wAAACsAxAFLAdgCZQMGA48EKwTPBXoGLwbpB6UIaAkvCfkKygufDHcNUg4yDw4P9hDZEcASqROTFH0VZxZSFz0YKRkVGfwa6BvSHL4drh6jH5sgliGUIo8jhiR2JWEmRScgJ/gozCmfKnMrSCwhLQIt6S7XL8gwujGqMpgzgDRgNTk2BjbPN5U4WDkZOdk6nTtkPDI9Bj3ePrY/j0BoQURCJkMQRABE80XnRtZHu0iWSWVKJUrgS5hMT00HTcNOg09JUBhQ6lG+UpNTaFQ7VQ1V3latV3xYSlkVWd9aqFtvXDVc+V29XoBfQ2AIYNFhnGJrYzxkDGTaZadmcWc4Z/xov2mAakBrAGvAbIFtQ24EbsVvhXBBcPhxq3JZcwFzqXRPdPR1mHY8dt53gHgdeL15YHoWetp7q3yDfVh+KH72f8OAk4FngkSDKoQYhQuGAIb0h+OIzYmvioyLYYw0jQeN2o6wj4qQa5FHkhKSxpNbk+yUepVBlkKXiJkImoqb5J0ZnjKfOaA5oTWiL6MopCGlGaYRpwqoCakPqiGrPaxgrYeura/TsPyyKLNatJK10bcUuFm5nLrXvAW9Kb5Hv2LAf8Gewr7D38T/xiHHQ8hnyYzKscvWzP3OKc9b0JfR3tMy1I3V7tdT2LnaIduV3S/fDuF35Ivoee1O8vb5Uf//AABuZGluAAAAAAAABjYAAJOVAABWjQAAVukAAJG3AAAmuwAAFwoAAFANAABUOQACh64AAkeuAAFrhQADAQAAAgAAAAEABAAIAA8AFgAfACkANABAAEwAWgBpAHgAiQCaAKwAvgDSAOYA/AESASkBQAFZAXMBjQGpAcUB4wIBAiECQgJkAocCrALSAvoDIwNNA3oDqAPXBAgEOgRtBKME2QUSBUsFhgXDBgEGQAaABsIHBQdKB5AH2AghCGwIuQkHCVcJqAn6Ck0KoQr3C04LqAwEDGIMww0lDYkN7g5UDrwPJQ+REAAQcRDkEVkRzxJGEr0TOBO2FDoUwxVSFeMWdRcGF5YYJhi4GU4Z6BqIGzEb4xyfHWIeKx74H8YglSFkIjQjBiPbJLMljyZsJ0soKykNKfAq1Su7LJ4tfi5cLzkwFDDwMc0yqjOJNGg1SjYuNxU3/zjtOd460jvKPMU9xD7HP85A2kHoQvZEAEUGRghHCEgISQlKDEsUTCFNNE5OT25QlFG8UuVUDVU0VllXfVigWcRa51wLXTBeVl98YKRhzmL4ZCRlU2aFZ7xo+mpDa5ls+W5jb9JxRnK8dDR1r3cteLF6PHvQfW9/HIDWgpSETIX2h5SJLIrFjGWOFY/fkc2T3ZX/mCCaOZxMnl+geaKgpNqnLamgrDCu4LGhtF63C7muvF2/K8IfxUbIoswMzyjR9tSR1yjZ0dye35fi0uZg6fntEu+s8gD0MPY59//5ivq4+9T8u/2j/nD/N///AAAAAQAFAAoAEgAbACYAMgA/AE0AXABtAH4AkQCkALkAzwDlAP0BFgEvAUoBZgGDAaIBwQHiAgQCJwJMAnICmgLDAu8DHANLA3wDrwPkBBoEUgSLBMUFAQU9BXsFuwX8Bj8GgwbJBxAHWQelB/IIQQiTCOYJOwmTCewKRgqhCvwLWAu0DBIMcgzUDTkNoA4LDngO5w9ZD84QRhDAET4RvxJDEsoTUxPdFGoU+hWPFioWyxdxGBYYthlRGeYaeRsNG6QcQBzkHZEeSh8OH90gsyGOImkjQiQYJOslvSaQJ2YoQiklKhIrCCwFLQguDi8SMBExCDH5Mugz1zTKNcE2wTfKONs58jsOPDA9UT5pP3RAckFoQlhDR0Q5RTRGOEdHSF9JfkqhS8dM8E4bT0VQa1GGUpRTl1SVVZRWoFe/WPFaNVuAXM1eHl90YM9iI2NmZJVltWbOZ+Ro+2oWazNsVG12bppvwHDqchdzRnR2dad22ngQeU16j3vYfSZ+fX/jgWeDEITKhnSIBomHiwSMiI4bj8ORgpNYlUOXO5k7mzudOZ8poQSixqR2phunvaliqxWs3a7FsM+y9bUxt3y5y7wPvkTAcsKmxOnHQsmyzDHOnNDd0vTU8dbn2OPa6Nz03wHhCuMU5STnSOmW7DfvivOm92z5zvuE/MP99P75//8AAAACAAgAEQAeAC0APgBRAGYAfQCWALAAzADqAQkBKwFNAXIBmAHAAeoCFgJEAnQCpgLaAxEDSQOEA8AD/QQ7BHoEugT8BUEFigXXBikGgQbdBz4HoggICG8I1Ak5CZ0KAgpqCtULRAu7DDkMwQ1QDeYOgg8hD8AQXBD2EZASLRLNE24UDRSoFUIV3BZ5Fx4XzhiOGWIaQhsqHBQc+x3dHrgfkiBtIUwiMCMYJAYk+SXxJu8n8yj9Kg4rJCxALWAugC+dMLgx0zLzNBo1STaCN8M5DDpcO7A9Bz5gP75BIkKTRBZFrkdaSRFK0UyaTm9QVVIyU9pVWlbMWEhZ01tmXPheg2ABYXBi1WQ3ZZxnCWiBagpro21NbwBwt3JvdB51w3d1eWR77n6kgHmB1oL8hAKFCIYQhzOIc4nUi1WM6Y6IkC6R2ZOIlTuW8Zipml6cCp2nnzegvaI/o8ClRKbKqFCp1KtUrNCuRq+5sSiyl7QItX22/LiJuia70L2CvzbA6cKcxE/GBMe7yXPLK8zkzp7QWNIU09LVj9dK2P/arNxP3ejfdeD94oLkA+WC5wLog+oE63/s7u5G73nwnfGN8nXzRPP39Kr1TvXb9mj29vd29+n4XPjP+UP5q/oN+nD60vs1+5j78fxJ/KL8+/1U/a3+A/5Y/qz/Af9V/6r//wAAc2YzMgAAAAAAAQxCAAAF3v//8yYAAAeSAAD9kf//+6L///2jAAAD3AAAwGxtbW9kAAAAAAAABhAAAJzfAAAAAMoq1YAAAAAAAAAAAAAAAAAAAAAA/8AAEQgBYAIoAwERAAIRAQMRAf/EAB8AAAEFAQEBAQEBAAAAAAAAAAABAgMEBQYHCAkKC//EALUQAAIBAwMCBAMFBQQEAAABfQECAwAEEQUSITFBBhNRYQcicRQygZGhCCNCscEVUtHwJDNicoIJChYXGBkaJSYnKCkqNDU2Nzg5OkNERUZHSElKU1RVVldYWVpjZGVmZ2hpanN0dXZ3eHl6g4SFhoeIiYqSk5SVlpeYmZqio6Slpqeoqaqys7S1tre4ubrCw8TFxsfIycrS09TV1tfY2drh4uPk5ebn6Onq8fLz9PX29/j5+v/EAB8BAAMBAQEBAQEBAQEAAAAAAAABAgMEBQYHCAkKC//EALURAAIBAgQEAwQHBQQEAAECdwABAgMRBAUhMQYSQVEHYXETIjKBCBRCkaGxwQkjM1LwFWJy0QoWJDThJfEXGBkaJicoKSo1Njc4OTpDREVGR0hJSlNUVVZXWFlaY2RlZmdoaWpzdHV2d3h5eoKDhIWGh4iJipKTlJWWl5iZmqKjpKWmp6ipqrKztLW2t7i5usLDxMXGx8jJytLT1NXW19jZ2uLj5OXm5+jp6vLz9PX29/j5+v/bAEMAAQEBAQEBAQEBAQEBAQEBAQEBAQEBAQEBAQEBAQEBAQEBAQEBAQEBAQEBAQEBAQEBAQEBAQEBAQEBAQEBAQEBAf/bAEMBAQEBAQEBAQEBAQEBAQEBAQEBAQEBAQEBAQEBAQEBAQEBAQEBAQEBAQEBAQEBAQEBAQEBAQEBAQEBAQEBAQEBAf/dAAQARf/aAAwDAQACEQMRAD8A/v4oAKACgAoAKACgAoA/li+EH/BRu/8AEv8Awc+/tGfsoyeKhN8NU/Za8MfCjw5pu1Ps7fEb4XPb+O9T02JvNP8Ap1vqvj34ji4cRCWSOwWGQ7LSIUAf1O0AFABQAUAFABQAUAFABQAUAFABQAUAFABQAUAFABQAUAFABQAUAFABQAUAFABQAUAFABQAUAFABQAUAFABQAUAFABQAUAFABQAUAFABQAUAFABQAUAFABQAUAFABQAUAFABQAUAFABQAUAf//Q/v4oAKACgAoAKACgDn/FnibR/BXhXxL4y8Q3SWOgeEvD+s+JtcvZCBHZ6PoOnXOq6ndOTgBLeytZ5WJOAE5xQB/mhfBlfG/gj9tj4f8A/BTfXYJLPxlefEb4IftdfEjVXLBbX4K/tWftGfHj4barqEsh5+yQ+CvHHgybDkwBLaMJ9yLaAf6alldwahZ2l/bOJLa9toLu3kHR4LmJZonHs0bqw+tAFmgAoAKACgAoAKACgAoAKACgAoAKACgAoAKACgAoAKACgAoAKACgAoAKACgAoAKACgAoAKACgAoAKACgAoAKACgAoAKACgAoAKACgAoAKACgAoAKACgAoAKACgAoAKACgAoAKACgAoAKAP/R/v4oAKACgD5i+N/7Yn7PX7PfjX4U/DT4m/Ejw5onxG+NXi628HfDzwQ+qWA8RaxfS2N7ql1qMthJcRyafoenabp13dXerXnlWuUitoneeZEoA+nFZXVXRgysAyspBVlYZDKRkEEEEEHBByM5FAC0AfnT/wAFZ4fjHqn/AATz/ab8G/ADwpr3jL4s/E/wPD8JPC+keHrV7q9hh+KWuaV4F8SaxOEZWg0/RPCmua5ql7cg5hhtSww2DQB+G/xD/Ys0Txh+0t+2j+xD4c0tmtrf/gif8DPhv4J0uNFEkXirwbqXjy+8DJGF+5Lb+MND0WRGTDq8e9CHANAH9Ff7CPiP4m+K/wBjj9mzW/jP4V1zwT8WLj4P+B4PiH4X8RWjWWr6R4ustDtLPW7a6t2JKkXsErRtn542R+M0AfWdABQAUAFABQAUAFABQAUAFABQAUAFABQAUAFABQAUAFABQAUAFABQAUAFABQAUAFABQAUAFABQAUAFABQAUAFABQAUAFABQAUAFABQAUAFABQAUAFABQAUAFABQAUAFABQAUAFABQAUAf/9L+/igAoAKAPwO+JXhH4WftL/8ABd3wTpHirwt4G8QaP+xb+yQmo6x/bugaJf3178Z/2hvEN3d+ELKeW7s55tRbRfhr4HutR0+0uGlXT/7WmurdIGlDygH73oiRoscaqiIqoiIoVERRhVVVwqqoACqBgDgYxQA6gAoA/E74f/8AKfH9o3/swL4Df+rE+IlAH7Y0AFABQAUAFABQAUAFABQAUAFABQAUAFABQAUAFABQAUAFABQAUAFABQAUAFABQAUAFABQAUAFABQAUAFABQAUAFABQAUAFABQAUAFABQAUAFABQAUAFABQAUAFABQAUAFABQAUAFABQAUAf/T/v4oAKACgDwHQP2XPgJ4X+PHj39pvQ/hvotl8dPidpnh3R/HHxCWXUJdV13TvCelRaH4egntp7yTTIX0vSoEsba5trGC7W3MkXnMk0u8A9+oAKACgD8Tvh//AMp8f2jf+zAvgN/6sT4iUAftjQAUAFABQAUAFABQAUAFABQAUAFABQAUAFABQAUAFABQAUAFABQAUAFABQAUAFABQAUAFABQAUAFABQAUAFABQAUAFABQAUAFABQAUAFABQAUAFABQAUAFABQAUAFABQAUAFABQAUAFABQB//9T+/igAoAKACgAoAKACgD8Tvh//AMp8f2jf+zAvgN/6sT4iUAftjQAUAFABQAUAFABQAUAFABQAUAFABQAUAFABQAUAFABQAUAFABQAUAFABQAUAFABQAUAFABQAUAFABQAUAFABQAUAFABQAUAFABQAUAFABQAUAFABQAUAFABQAUAFABQAUAFABQAUAFABQB//9X+/igAoAKACgAoAKACgD8Tvh//AMp8f2jf+zAvgN/6sT4iUAftjQAUAFABQAUAFABQAUAFABQAUAFABQAUAFABQAUAFABQAUAFABQAUAFABQAUAFABQAUAFABQAUAFABQAUAFABQAUAFABQAUAFABQAUAFABQAUAFABQAUAFABQAUAFABQAUAFABQAUAFABQB//9b+/igAoAKACgAoAKACgD8Tvh//AMp8f2jf+zAvgN/6sT4iUAftjQAUAFABQAUAFABQAUAFABQAUAFABQAUAFABQAUAFABQAUAFABQAUAFABQAUAFABQAUAFABQAUAFABQAUAFABQAUAFABQAUAFABQAUAFABQAUAFABQAUAFABQAUAFABQAUAFABQAUAFABQB//9f+/igAoAKACgAoAKACgD8Tvh//AMp8f2jf+zAvgN/6sT4iUAftjQAUAFABQAUAFABQAUAFABQAUAFABQAUAFABQAUAFABQAUAFABQAUAFABQAUAFABQAUAFABQAUAFABQAUAFABQAUAFABQAUAFABQAUAFABQAUAFABQAUAFABQAUAFABQAUAFABQAUAFABQB//9D+/igAoAKACgAoAKACgD8Tvh//AMp8f2jf+zAvgN/6sT4iUAftjQAUAFABQAUAFABQAUAFABQAUAFABQAUAFABQAUAFABQAUAFABQAUAFABQAUAFABQAUAFABQAUAFABQAUAFABQAUAFABQAUAFABQAUAFABQAUAFABQAUAFABQAUAFABQAUAFABQAUAFABQB//9H+/igAoAKACgAoAKACgD8Tvh//AMp8f2jf+zAvgN/6sT4iUAftjQAUAFABQAUAFABQAUAFABQAUAFABQAUAFABQAUAFABQAUAFABQAUAFABQAUAFABQAUAFABQAUAFABQAUAFABQAUAFABQAUAFABQAUAFABQAUAFABQAUAFABQAUAFABQAUAFABQAUAFABQB//9L+/igAoAKACgAoAKACgD8Tvh//AMp8f2jf+zAvgN/6sT4iUAftjQAUAFABQAUAFABQAUAFABQAUAFABQAUAFABQAUAFABQAUAFABQAUAFABQAUAFABQAUAFABQAUAFABQAUAFABQAUAFABQAUAFABQAUAFABQAUAFABQAUAFABQAUAFABQAUAFABQAUAFABQB//9P+/igAoAKACgAoAKACgD8Tvh//AMp8f2jf+zAvgN/6sT4iUAftjQAUAFABQAUAFABQBj+Ib3VdM0DXNS0LRH8S63p+j6ne6P4cj1Cz0mTX9VtLKefT9Ej1XUCthpj6rdxw2C6hfMtnZNOLm5Ihjc0AaNrJNNbW8tzbm0uJYIZJ7QypObaZ41aW3M0WYpjC5aMyxnZJt3plSKAJ6ACgAoAKACgAoAKAMdL7VW8QXGmtojpocWj2V7B4j/tCzaO51We8v4LvRRpQP9oRPY2lvY3x1CRfsdwNRW3hJmtbgUAbFABQAUAFABQAUAFAGfq1zfWWlaneaXprazqVpp97c6dpCXdvYPqt9BbSy2mmrfXZFpZNfXCx2q3dyRb25l86YiNGNAE9nLcT2ltNdWpsrmWCKS4s2mjuDazOgaS3M8OYpjE5KGWI7H27kypoAs0AFABQAUAFABQAUAY327Vv+EgbTf7DcaGNJhvV8Sf2jZ+W+qSXd1DLo39k5/tBXgtYre9N+V+ySC6ECEzQyCgDZoAKACgAoAKACgAoA5D4heMbP4d+AfHHxA1G1uL3T/A3hDxL4xv7K0KLdXdn4Z0W91q6tbZpMRi4uILJ4oTIdgkZS+FBoAl8D+K7Tx14N8L+M7C2ns7LxToWma9a2tyUNxb2+qWkV3FDOYyYzLGkoVyh27gcYBoA6qgAoAKACgAoAKACgAoAKACgAoAKACgAoAKACgAoAKAP/9T+/igAoAKACgAoAKACgD8Tvh//AMp8f2jf+zAvgN/6sT4iUAftjQAUAFABQAUAFABQB4j+0z8VdQ+BP7N/7QXxv0nSrTXdV+DfwR+K/wAVdM0S/nltbHWdQ+HngPXvF1npV7cwK89vaajcaPHaXM8KPLFDM8kas6qKAPTfCOtS+I/CnhjxDNCltNr3h7Rdamt4mZ47eXVNNtr6SGN2AZ0iacxozAMyqCQCSKAOhoAKACgAoAKACgAoA8Fsfi9qN3+094p+AraPZppPh/4E/D/4uQ6+LiY6hcah4y8f/E7wdc6RJabPs6Wdlb+ArS8huFkM0k1/cRuipFGzAHvVABQAUAFABQAUAFAHmHxu8fXfwp+C/wAXfijYafb6tffDb4YePvH1lpV3LJBa6nd+DvCmreIbfT7meFWlht7ybTkt5pYlaSOOVnRSygMAdN4G8QTeLPBnhTxRcW8dpP4i8O6PrU1rC7SRW8up2FvePBHI4DOkTTFFZgGZVBIB4oA6mgAoAKACgAoAKACgDwVPi/qDftNX3wH/ALHsxpVp8E/D/wAVV1/7TN9ve/1nxt4w8Ky6SbTZ9nFpDB4Zgu0uA5maW6ljZAiIzAHvVABQAUAFABQAUAFAHhn7UH/JtP7Q/wD2Qz4tf+oD4goAvfs7f8kH+D3/AGTjwh/6ZLOgD2WgAoAKACgAoAKACgAoAKACgAoAKACgAoAKACgAoAKAP//V/v4oAKACgAoAKACgAoA/E74f/wDKfH9o3/swL4Df+rE+IlAH7Y0AFABQAUAFABQAUAcF8VPhv4Z+Mfww+I/wh8axXk/g34qeAvGHw38Ww6fdGxv5vDPjjw9qPhjXorG9VJGs7yTStUuktroRyG3mKShG2bWAOr0bSbTQdH0rQ9PEi2GjabY6TYrK/mSraadaxWdsJJCAZJBDCgdyBubLYGcUAaVABQAUAFABQAUAFAHAQfDPwrbfFLVfjFFbXI8b6z4C8PfDa+uzcsbN/C3hfxD4p8T6TbJZ7dqXMereMdblludxMsUsMRUeSpYA7+gAoAKACgAoAKACgDlvHPg7Q/iL4J8Y/D7xNDNceG/HXhbxB4O8Q29vMba4n0PxPpN5omrQwXChmgmlsL64SKZVYxOyuASuKANPQdFsPDmiaR4f0tHj03RNOs9KsI5HMkiWdhbx21uryEAyOsUShnIG484GSKANagAoAKACgAoAKACgDgF+GfhVfihP8YBbXP8Awm1z4G074dy3f2lvsh8M6Xrms+IbS3Fnt2i4XU9e1GR7jfueN44yAIxuAO/oAKACgAoAKACgAoA8M/ag/wCTaf2h/wDshnxa/wDUB8QUAXv2dv8Akg/we/7Jx4Q/9MlnQB7LQAUAFABQAUAFABQAUAFABQAUAFABQAUAFABQAUAFAH//1v7+KACgAoAKACgAoAKAPxO+H/8Aynx/aN/7MC+A3/qxPiJQB+2NABQAUAFABQAUAFAHyt+3VrHiDw7+xH+2P4g8J32o6X4q0L9lb9oXWPDWp6PJNFq+neINM+Eni+90a+0uW3zPHqNpqMFtcWMkI85LmOJo8uFoA92+HM91dfD3wHc3sks17c+DPC893NOWM8t1NoljJcSTFvmMrys7SFvmLkk8k0AdnQAUAFABQAUAFABQB8maXr3iuT9ujx54Xlv9VbwPa/so/CHXrHTGEn9iReKtQ+Lnxz0/V7+A7PJ/tS40nS9Et7va5k+yWtluQIUZgD6zoAKACgAoAKACgAoA8K/ai1TXND/Zm/aK1vwxdX1j4l0f4FfFzVPD17pm/wDtK01zT/AHiC70m60/y1aT7db38NvLaeWrP56R7VLYDAHcfCu6v774aeAL3VJZ59Su/Bvhy4v5rrd9plvJtJtJLiSfcA3nPKztJuGd5Oc80Ad7QAUAFABQAUAFABQB8mR6/wCLD+3Hqnhg3+q/8IQn7L/g/XItMxJ/Yq+J7j4n/Eexu71Tt8r+0pNMs9OglG/zPs0NvlQpU0AfWdACFlDBSwDMCVUkbmC43EDqQu4ZI6ZGeooAWgAoAKACgAoA8M/ag/5Np/aH/wCyGfFr/wBQHxBQBe/Z2/5IP8Hv+yceEP8A0yWdAHstABQAUAFABQAUAFABQAUAFABQAUAFABQAUAFABQAUAf/X/v4oAKACgAoAKACgAoA/E74f/wDKfH9o3/swL4Df+rE+IlAH7Y0AFABQAUAFABQAUAcr468ReEPCHgjxj4s+IOoaTpPgLwv4V8Q+IvG+q68sbaHpnhDRdIu9S8S6hrKyxyxNpNno1te3GorLFJGbOKYPG6llYA3tOurG+0+wvdLlhn028s7W606a2wLaaxuIEltJbcKAohkt3jeLAA2FcAdKALlABQAUAFABQAUAFAHLx+JfCUnjS98HxanpTeOrPwxpXiS/0dTH/bcPhTU9U1nTNI1KcbfNGl3Wr6PrtraEuYzdWd6FVWDlgDqKACgAoAKACgAoAKAMXxJrGheHvDuv+IPFN5Zad4Z0PRdV1jxFqGplRptjoWmWM97q95qBdWQWVrp8FxPdl1ZfISTcpAIYAuaZe2Go6dY6hpU8Fzpl7aW91p9xa4+zT2c8SyW0sG3C+VJEytHgY2kYxQBeoAKACgAoAKACgAoA5ceJfCR8ZS+EBqel/wDCcx+G7TxDLo+Y/wC2l8L3WpX+n2eosNvm/wBmy6pYajbxHfs+0wXAChtxoA6dmVFZnYKqgszMQFVQMlmJwAABkknAHJxigD+aH4j/ALYvxt1P/gtL/wAE/Neg8QXOk/scfHjRv2pf2ePhDo8M9zDp/wAQPFfgjSPD/ivxP8T9RjDraXlprd94bi0/wJPIsiy+G7a11OzkRtbuFYA/pfoAKACgAoAKAPDP2oP+Taf2h/8Ashnxa/8AUB8QUAXv2dv+SD/B7/snHhD/ANMlnQB7LQAUAFABQAUAFABQAUAFABQAUAFABQAUAFABQAUAFAH/0P7+KACgAoAKACgAoAKAPxO+H/8Aynx/aN/7MC+A3/qxPiJQB+2NABQAUAFABQAUAFAHzv8Ate/DjxP8Y/2Tf2oPhF4IgtLrxn8VP2d/jX8OPCNtf3kWn2Nx4n8cfDXxN4Z0CC9v5v3NjaTarqlpHcXkv7q2hZ5pPkRqAPX/AANpV5oPgnwfoeoKiaho3hbw/pV8kUgljS807SbSzuVjlX5ZEWaFwki8OoDDg0AdTQAUAFABQAUAFABQB80ad8MPFlt+2H4z+M0tvZjwPrf7Nvwv+GVhdC9ia/fxV4V+J3xh8U6vBJp3+vis49J8Z6HJDeEeVPNLcQph7Z6APpegAoAKACgAoAKACgDxz9onwXrvxI/Z++Onw88LxW8/iXx78HPid4L8OwXdwlnaza74o8Fa3oekRXN3L+6tbeTUL63Sa4k+SCNmlf5VNAHYfDnRL/w18P8AwV4e1RI49S0PwroOk36RSLNEl5p+mWtrcrHKvyyossThZF4cfMOooA7OgAoAKACgAoAKACgD5oj+GHixf2v9R+Mht7P/AIQi5/Z48L/DmK6+2xfbz4n0r4h+PPEd5AdOx562i6X4g06RLwnypJWlhGGifcAfNH/BQf8AaGg8Pz/B/wDY+8Lax4h0H4l/tg+LV+HNx4u0PSddkj+Gvwsks766+IHi6fxDp9hc2Oha3q+kWVz4L8Fz3NxFND4k1621WNCmlOWAPxd/4K9fADQf2M9Y/wCCV/xS8BfEz9oj4mXvwB/bR+Fun6f4F8SX1x4+sPBfwW8UWk3hf4i+J9J0zwp4HsX0nTtG0PT7aHUpri6dWgeCMREkswB/V7ousaf4g0jTNc0mf7Vpmr2NtqNhceXLF59peQpPBJ5UyRyx743U7JUV16MoIIoA06ACgAoAKAPDP2oP+Taf2h/+yGfFr/1AfEFAF79nb/kg/wAHv+yceEP/AEyWdAHstABQAUAFABQAUAFABQAUAFABQAUAFABQAUAFABQAUAf/0f7+KACgAoAKACgAoAKAPxO+H/8Aynx/aN/7MC+A3/qxPiJQB+2NABQAUAFABQAUAFAHkf7QHxVg+BPwG+NvxvutKm122+Dfwj+JPxVuNDt5kt59Zg+Hng3WfF02lQ3En7uCbUY9Ha0jmk+SJ5ldvlU0AegeGNaXxH4b8PeIUha2TXtD0nWlt2YM0C6pYW98sLMOGaIT7Cw4JXI6igDcoAKACgAoAKACgAoA8ctPi9ZXf7QHiH4CrpF0mo+H/g/4L+LkmvGaI2VxZeMvGfj/AMHQaSluMzrdWc/gK4vJZmxE8V/CiEvG4oA9joAKACgAoAKACgAoA8/+LXj62+FPwr+JnxRvLCfVbT4bfD/xn4+utLtpEhudStvB3hzUvEM9hbyy4iinvItOa3ikkOxHkVnwoNAG94R8QR+LPCvhzxRDbvaReIdE0vWorWRlaS3j1OzivEhkZSVZ4lmCMynBK5GMigDoqACgAoAKACgAoAKAPHF+L9k3x9u/gP8A2RdDULT4T6L8VDrvnRfYntNZ8WeJ/CqaULfInFzDL4alunmIMTR3MaLh1egD2OgAoAKACgAoAKACgDwz9qD/AJNp/aH/AOyGfFr/ANQHxBQBe/Z2/wCSD/B7/snHhD/0yWdAHstABQAUAFABQAUAFABQAUAFABQAUAFABQAUAFABQAUAf//S/v4oAKACgAoAKACgAoA/E74f/wDKfH9o3/swL4Df+rE+IlAH7Y0AFABQAUAFABQAUAeWfHP4V6b8dPgn8YfglrWpXejaP8YvhZ8QfhXq2r6fFFNf6VpvxC8Jav4SvtSsoZisMt3Y2ury3VtFKyxSTRIshCFjQB3XhzRofDnh7QvD1vK9xBoOjaXo0E8oCyTQ6XZQWMcsirlVeRIA7hTgMxAyKANmgAoAKACgAoAKACgDym1+Eui2vxw1346pfXreIde+FfhH4UXOmMI/7Oi0bwh4s8ceLrG+jOfN+23F7461CCcEbBBbWxU7i4oA9WoAKACgAoAKACgAoA4f4neBNO+KXw1+IXwy1e5ubLSfiL4H8WeBNUvLPabu007xdoOoeH725tQ/yG5gttQllg3/AC+aq7uM0AbfhfQLbwr4b0DwzZyyz2nh/R9O0a2mmwJpYNNtIrSKSXb8vmOkKs+ONxOKAN2gAoAKACgAoAKACgD52XSvhGP2ibn4lj4k+Gj8Rrr4baR8Kn8Gf8JPoH2sabo/ifxF4mguF0r7d/an9oSXviS6gePyMeVDEANxagD6JoAKACgAoAKACgAoA8M/ag/5Np/aH/7IZ8Wv/UB8QUAXv2dv+SD/AAe/7Jx4Q/8ATJZ0Aey0AFABQAUAFABQAUAFABQAUAFABQAUAFABQAUAFABQB//T/v4oAKACgAoAKACgAoA/E74f/wDKfH9o3/swL4Df+rE+IlAH7Y0AFABQAUAFABQA13SNGkkZURFZ3d2CoiKMszM2FVVAJZicAcnGKAPlj9s34n6j8PP2PP2sfiD4A8UWmleOfAP7M/x58b+DtVsbuzubzSvE/hP4V+K9f0HVLaBi6STadqmn2t5GrxyRloB5iMhIoA9z8Ea79q8AeCNa1zUIFvNW8J+G768u7uaG3FzfXujWd1cyZcqm+WaR5Cq9MnAAFAHWWt9ZXwZrK8tbtUIDm1uIrgITyAxiZtpI5AP4Z52gEVxqul2khhu9SsLaYAMYri8t4JArcglJHDYI5BIGe2aALcU0U0azQyxywyKHSWJ1kjdCMhldSVZSOQwOCOeM0AUE1rRpZFhj1bTJJXbYkaX9s8jOTgKqLIGLE8bRznjnpQBduLm3tYzNdTw20KkAy3EqQxgngAySMqgk8DJ57A0AQW2padesyWd/ZXboAzrbXUNwyqehZYmYqCehI598fKAFzqWnWTKl5f2Vo7rvRLm6ht2ZckblWVlLLkEZAxkEcfxAHzHovxL8R6l+2f41+GEWsRXfgHS/2YfhV8QNO06DyZYo/FXiH4q/Gnw3rGoLdR7mc3GleFNEtTFu2Rmz3AB3cKAfSza1oySGF9W0xJVfy2ia/tlkVwduwxlwwcHjaRuzwcGgC/LNDDG000scUKDc8srqkaL/AHmkYqqjkckgUAVLfVdLvJPJtNRsLqXaW8q3vIJ5NoxltkbltoJGTjAyM4zQBLdX9jYhDe3lraCQsIzdXEVuHK43BDKy7iuRu2g4yM4yu4AdbXlpeoZbO6t7uNW2GS2njnQMADtLxMyhgCDtPOCDz/CAVptY0m2kaG41TToJkOHimvraKRCecNG7hlOOeR78ZoAvebH5fneYnkhPM83evl+WBuMm/O3YF+bdnaBznHNAHg37R3xDm8F/s8fHvxl4Q1/TrbxX4P8Agr8VfFXhu5gu7S5ltdd8OeBNf1nSrtLfc4mNrfWMFwY2DKwjIbKk0Ad58O/EUmpfDfwJ4h8Qahbrfaz4U8PahfXdzLDbJcX19pVtc3DgvsQNJI7uEXoMgcDNAHa2t/Y3282V5aXYjwHNrcw3Gwnpv8pm257Z69s4O0AjuNV0yzk8q71GwtZcBvKuLy3gk2nodkjhsHscAH34oAtxTRTxpNBLHNFIA0csTrJG6noyOmVYHsQcH35oAoJrWjSSLCmraY8rOI1jS/tWkZydoRYxLuLluAoJJPAycUAXZ7i3tYzNczw28K4DSzypDGuTgZkkIUZPAyeTwM5oAgttS069Zks7+yu3QbnS2uoLhlU8bmWJmKjPGSMducfKAfyA/wDB1l/wWA+MH7DvgX4Y/sl/s1eJL3wH8WPjx4Y1Pxp42+IemfJrXhv4ZJqd94btNL8NXfzCw1bxDqmm6xHfXwAurPTrWD7Hte8M0QB/m1t8evjg3i9viAfjB8Tv+E5a5a8Pi4eOvEy+I/tTMWM41gamb4SbjkMJgQeQOKAP9I//AINXv+CyfxO/bX8BfEX9lH9qHxcvij4s/A3RNG8Q+BvH2t3UKa540+H19czaZcWGsyuyNfan4VvYrSJtRlJlu7PU7KOQvNDJKwB/YZJNFDG00sscUKLueWR1SNV/vM7EKq+5bHuM5oAqW+q6XdyeTaalYXMpBYRW95bzyFR1OyNy2BkZOOM9sigCW6vrKxCNe3lraCQkRm6uIrcOV5YIZWUMVBBIHTPOMjcALbXlneo0lndW13GrbGe2njnRXwDtZomZQ2CDtODgg45zQBXn1jSbaRobnU9Ot5kxvinvraKRMjI3Ru4ZcjBGRyORkGgC8JYjH5wkQwlPM80Opj8vG7f5gO3Zt53ZxjnPegD5+/aa1nSLj9m39oWCDVNOmmf4G/FsJFFfW0kjkeAPEBIWNJCzHAJwM8DPOKANf9n+7tbP4B/B2W8ube1iPw68HoJLmaOCMudEtCFDyMq7iASBySAcDgmgD2K1v7C+3/Yr20u/Lx5n2W5huNm77u/ymbbnBxkc44zg7QBlxqmmWcnlXeo2NrLgN5dxeQQSbT0bZI4bB7HGD2zQBahmhuI1mt5Y54ZBlJYZEkjcequhKsPcH8s0ASUAFABQAUAFABQAUAFABQAUAFABQAUAFABQB//U/v4oAKACgAoAKACgAoA/E74f/wDKfH9o3/swL4Df+rE+IlAH7Y0AFABQAUAFABQBm6zpGneINI1XQdXtheaTrem32kapaGSaEXWnalay2d7bGa3lhuIhPbTSxGSCaKZN26KVHCuoB8uWf7GP7JvgpNU8QH4Y6FptjDoHiKy12617xP4qvdCHhnVtEv8AS/E0Ot23iDxHd6M+kXOg3eoW+pHUYXtkspZnkZFUuoB7B8Qvgz8LPjD4Y0fwx468M2viPwvpUlrfaNYQapq+l2tu0Nr9mtJbafQNS06V4VtH8uFDPJbmMgqhwr0ARfCv4F/Cv4JW2q2fww8KR+F7bW54bnVIk1fX9W+1T28flQyFtd1TU3h2RnbtgaJW6sGIzQBynxH/AGVPgF8W/Es3jD4h/D+LxF4jntrWzl1J/EXi7TWe2solgtovsuj69p9kvlRKq7lt1d8ZkZm+agD2Pwv4T8P+DPDOj+DvDOnjTPDegabBo+k6atzeXS2mnWsQhgthdX09xezCOIBPNuLiWZurys3zUAfP2h/sW/szeG/EmneLtF+GMFl4i0rVI9a0/UR4q8cTtb6nDN9ojuRbXXiWazkKzfP5U1vJAehiZfloA9s+IXw58GfFXwzdeDvH2ir4g8N3s1vcXOmvfanpyyzWrmS3f7VpF5YXq+W5J2pcqrdHDAAUAcR8LP2cfgx8FNQ1PVfhj4Kj8L3+s2sFlqVwmueJtVNzbW8kksMRj1zWdSii2SSu26GON23YZiABQAz4p/s3fBX416rp2tfE7wTH4o1PSdPOl6fdPrvifSjb2BuZrvyBFoetaZbyf6RcTSeZNFJN8+3zAioigG58Ovhf8JvhUY/Dfw98P6H4fvbDQ4YPskN5NqHiCLw5ca3rWp2kdxd6re3+uyaM2vX+v3FkLm4azS+n1FbXa4mRQDzLVP2Lv2Z9Z8TXfjHUvhjBdeJL/WH1+71I+KfHERm1aS6+2vdm1h8TR2SE3P73yI4Eth9wRCPCKAe+eKfB/hzxr4X1PwZ4n00ap4Z1myXTtS0xrq9tFubJWidYTdWNzbX0WGhjPmQXMcvy4LnJ3AHkXw2/ZX+Anwh8Sf8ACXfDrwBF4c8RfYLnTP7RTxD4t1M/Ybx4JLiD7NrOu6hZ/vHtoW8z7OZV2YR1DNuAOn+K3wI+FHxvh0WD4o+E4/FMPh2W+m0ZJNY8QaT9jk1JLVL1gdB1XTGn85bO3BFyZlj8rMWwu+4A0/hh8Ifh18GdDuvDfw18OJ4Z0W81CTVLmxTU9Z1QS38sUUElx5+t6jqV0paKCJPLjmSIbMhAxYsAeZeN/wBj79nL4j+J9U8ZeNPhvDrXiTWZUm1LU28TeNLFrqSONIlY2umeIrOyixGiriG2iU4yRk5YA94PhjQz4ZfwcbEf8I3Josvh59N+0XW1tHms20+Wz+0+eL0BrN2h84XP2kZ3rOJAHoA+ctH/AGNv2WPAt+/iyx+GekaXNpthrP2q/wBV8TeLL7S4dL1HSb7TNcGp2mu+IrzR5tOn0a9v4L5dQtpbZbWWV327Q6gHrHxA+D3wu+L/AIU0vwp438N2fiLwnYT2mo6Tp1tqWq6XZwyW1tJb2c1tP4f1DTZWhjtZ3SKMTNbFHBEbFUZACr8KvgP8KPglFq0Pwv8ACUfhaLXZLeXVVj1jxBq32uS0V0t2J13VdTaHy1kYYtzEG3ZfcQKAOa+JP7LHwF+L3iM+LfiL4Bi8R+IWtLexOov4h8W6YxtbRdlvD9m0bXtPs8RrxvFsHbq7uTlQD1/wj4R8PeBPDej+EPCmnDSfDugWUOnaRpy3N5eLZ2cC7YoRc6hcXV7MEXjfcXE0jdWc/wAQB8+6T+xV+zHofiOw8W6V8MILXxDpmrwa7Y6iPFXjmUwarb3QvYbsW0/iWWzkKXKiXyZbd7c42NEyEowB7j4/+Hng/wCKPhi98G+O9GXXvDWovbyXumNfalpyzPayieBjdaTeWN6nlyqGxFcoGxtcMpIoA4H4W/s2/BT4LapqGtfDLwTF4Y1PVbRLC/uk13xPqpuLSOQypCYtc1rUoI8SEtviiSQ9C5A20AfxG/8AB5n+wV8XfHWsfAf9uj4feH9S8UeA/BHgG5+EHxSh0iznvZ/CT23iLWPE2geJtQSFZGj0rU4tbutNkn2LDaTaVunkX7THQB/n2bWLBcHcTgLg7iTwAB1yScY6mgD+8X/g0V/4JW6j4tf4v/tsftCfDzVYPh7q2j6d8PvgpaazPrvh5/E1zFqSav4n8V2kVhe6XeXmj2ktppOn6ddvJJY3lymohUcQh6AP9A/xJ4S8PeLvDGpeDfEWnDUfDer6edL1HTWuby2W5sCEBtzdWdzbXsYwijzIbmOb5c7zk7gDxz4cfsp/AH4SeJY/F/w9+H8Xh3xHFaXNhHqSeIvF2pFbS7MZuIvs2sa9f2R8wwx/O1u0i7fkZctuAOt+K3wN+FfxutdHsvih4Uj8U22gT3lzpEUmr69pP2Oe/S3ju3D6FqmmPN5yWsClbhplTy8xhCzlgC78Lvg78N/gtot94e+GXhpPDGj6lqTave2aaprWqifUXt4LRrkza5qOpXMZNvbQR+XFMkPybvL3szMAeceO/wBkL9nX4meKNS8Z+N/hzDrniXVzC2o6m3iXxlYNcm3gjt4SbXS/EVnYx7IYkT9zbRbtu5gWLNQB7pB4X0K28Mp4OgsBH4bTRm8Prpv2i7ZRo7WhsGs/tTTm9INoxi843P2kZ3iYSfPQB8JfG/8AY7/Zw8AfBL45eNfCPw2h0jxPonwV+MF5peqL4n8aXptbif4c+J7aWQWmo+Iruxl3wXE0e2e1lQb9yqHVGUA9j8B/Cf4f/GT9mX4M+FPiT4eTxLoEHgrwRq8WnvqWsaWF1G18PJBb3P2jRb/TbsmOK7uE8prhoW8zLxMyoyAHpHwq+Afwk+CP9sD4X+EY/C39v/ZTq/l6z4h1b7X9i837Ln+3dW1PyfK8+X/j38rfv/ebtq0AYXxM/Zc+BHxh8QJ4p+I/gKLxJryWUGnpqD+IPFemEWdvu8mH7Pouu6daHYWb5zb+Y2fmdv4QD1fwb4N8N/D/AMNaT4P8IaYuj+HNCtVstK01bq9vVtLZPuxi51G4u72bGfv3FzM57ueigHT0AFABQAUAFABQAUAFABQAUAFABQAUAFABQB//1f7+KACgAoAKACgAoAKAPxO+H/8Aynx/aN/7MC+A3/qxPiJQB+2NABQAUAFABQAUAFAHzB+274P8TfEL9i/9rzwD4K0a98ReMvHH7MHx98H+EvD+mxiXUdd8TeJfhT4s0XQdGsIiyiS91PVb21sbWMsoeeeNSwySoB7f8PLG70vwB4G0zULeS0v9O8H+GbG9tZRiW2u7TRbK3ubeUdpIZo3jcdmUjtQB2FABQAUAFABQAUAFAHylpfgjxXD+3B46+JEujXieB9T/AGV/hJ4JsfEBA+wXHirQviz8b9d1fR42yWN3ZaT4j0S9mGABDqEBDEkrQB9W0AFABQAUAFABQAUAeHftO+G9c8Zfs1/tC+EPDGnz6v4k8V/A74s+G/D2lWoButT1zXfAWv6XpOn2wJUGe9v7q3toQWUGSVQSMk0Adt8LtMv9F+G3gLSNUtpLPUtL8H+HbC/tJhiW2vLTSrWC5gkAyA8UsbI2D1B64oA7ugAoAKACgAoAKAMfxB4e0HxZomp+GvFGi6V4j8Pa1aS2Gr6Hrmn2uq6TqllOMS2l/p97FNaXdvIPvRTxOhIBwCM0AfhzF/wQ4/4J3r+21ffED/hhr4UD4cj4O+HNatLg6Pe/8Iwvxh/4WH4yu9WvY9N/tT7L/aw0L/hH5JLcw/2eLVoVFpgstAH7jeH/AA9oHhPRdN8N+F9F0rw54f0a0hsNJ0PQ9PtdK0nTLK3QRwWlhp9lFDa2lvEihY4YIkRQMAHANAGxQAUAFABQAUAFAHhn7UH/ACbT+0P/ANkM+LX/AKgPiCgC9+zt/wAkH+D3/ZOPCH/pks6APZaACgAoAKACgAoAKACgAoAKACgAoAKACgAoAKACgAoA/9b+/igAoAKACgAoAKACgD8Tvh//AMp8f2jf+zAvgN/6sT4iUAftjQAUAFABQAUAFABQB5t8ZfifofwS+D/xW+M/ia3vLvw38Ivht45+J/iG105Fk1C50PwD4Y1TxXq1vYRsQr3k1hpNxHaoxCtO0YJAJNAHZ6BrFv4h0LRdfs1kS01zSdO1i1SUASpb6nZw3sCyAZAkWOdQ4BwGyBmgDWoAKACgAoAKACgAoA8ztvip4cuvjFrPwSjS9/4S7Q/hr4X+KV5I0GNOPh3xZ4n8YeFNMSO5/ivRqXgjVzPBj5IGtpOfMoA9MoAKACgAoAKACgAoA434i+N9I+GXw+8dfEjxAty+g/D7wb4n8b62lnH5122keFNEvte1JbWHjzblrKwmEEefnl2rxmgDY8Oa7Z+J/D+ieJNPEosNe0qw1eyEy7Jha6jbRXUAlTnbII5V3rnhsjnFAG1QAUAFABQAUAFABQB5mvxU8ON8YLn4KBL3/hLbX4d6X8S5H8g/2d/YGreIde8NWyLc5wbwah4evjJDj5YTE+fmAoA9MoAKACgAoAKACgAoA8M/ag/5Np/aH/7IZ8Wv/UB8QUAXv2dv+SD/AAe/7Jx4Q/8ATJZ0Aey0AFABQAUAFABQAUAFABQAUAFABQAUAFABQAUAFABQB//X/v4oAKACgAoAKACgAoA/E74f/wDKfH9o3/swL4Df+rE+IlAH7Y0AFABQAUAFABQAUAeMftIfCqf47fs8fHr4IWuqxaFc/GT4MfFH4VW+uXEL3EGjT/EPwPrvhGHVZreP95PFp0msLdyQx/PKkLIvzMKAPSPCmit4c8LeGvDzzLcvoOgaNorXCqVWdtL062sWmVTyqymDeFPIDYPQ0Ab9ABQAUAFABQAUAFAHiVn8IDaftG+Jfj3/AGxvHiD4K+BvhH/YHkYNufBvjj4jeMf7X+05+f7b/wAJ79i8jb+7+weZk+bigD22gAoAKACgAoAKACgDzj4x+Af+FrfCL4qfC7+0P7J/4WT8OPHHgH+1fK8/+zP+Ex8Man4e/tDyePO+x/2j9o8rP7zytnGaAOi8GeH/APhE/CPhnwv9o+1/8I7oOlaL9q2bPtH9mWUFn5+z+DzfJ37e27FAHS0AFABQAUAFABQAUAeJJ8INv7RV58eP7Yz9r+D2hfCr+wPI+5/Y3jDxX4q/tX7Tnnzv+Em+y+Rgbfsu/J34UA9toAKACgAoAKACgAoA8M/ag/5Np/aH/wCyGfFr/wBQHxBQBe/Z2/5IP8Hv+yceEP8A0yWdAHstABQAUAFABQAUAFABQAUAFABQAUAFABQAUAFABQAUAf/Q/v4oAKACgAoAKACgAoA/E74f/wDKfH9o3/swL4Df+rE+IlAH7Y0AFABQAUAFABQAUAfPn7WvxL8R/Bf9lT9pr4xeDvsX/CXfCf8AZ8+M/wAS/Cv9p2323Tf+Ej8CfDjxJ4o0P+0LPfH9rsv7T0q1+123mR+fB5kW9d+5QD1zwRq93r/gzwjrt/5f27W/DGgave+Snlxfa9S0q0vLjyo8nZH50z7Eydq4GTjNAHT0AFABQAUAFABQAUAfOen/ABV8R3X7W3i/4IyR2I8JaF+zv8NfinZyrARqR8ReLfiR8WvCepxy3O7DWK6b4I0hoIdmUne5ck+aNoB9GUAFABQAUAFABQAUAeR/tAeONX+GXwH+NnxJ8PpbSa98PvhH8SPHGiJexmazfV/Cfg3Wde01LuEFTLbNe2EInjDKXiLqCM5oA6z4e67eeJ/Ang3xJqIiW/17wxoer3ogXZCLrUdNt7ucRJk7IxJK2xcnC4GTjNAHyl+2H/wUC+AH7DU3wth+O6/EO2/4XN4y0z4d/DqTwb4D1bxhF4g8d61dLaaR4ThOmfMmtajPJELW1YfOssbl1DUAbnwd/bm+AXxn+L/iT9nzSdU8TeCvjv4V8OW/jHVfg/8AFDwtqHgXx83hC6mS2i8UWGh6oWbUdDFzJHbSX9nLLHFO6xSbXoA+waACgAoAKACgD5yT4q+I2/ay1D4JmOx/4RO1+APhr4mRy+Qf7SOv6v4+8ceGrmNrndtNkLDw7YtHDsyszSvuO7FAH0bQAUAfE3i39vr4GaJ8Tdc+Dvgix+JPx3+I3hIW58ceH/gH4E1P4nf8IG90C8Ft4x1PSHTStFv5Ih5o06S7e+VXiE0ERkSgDoP2Zv21fg7+1d4i+LvhL4aWXxE0rxP8CvEWn+EfifoPxD8Cax4H1Tw14n1GwTVYdEntdWUGa9TTZrW9mWAyRrbXlrKsrpOjUAfXNABQAUAeGftQf8m0/tD/APZDPi1/6gPiCgC9+zt/yQf4Pf8AZOPCH/pks6APZaAPiH9sT/goH+z/APsMzfC6H47r8Q7b/hcvjHTPh78O5fBvgPVvGMXiDx1rNytppPhKBtLO5Nb1GaSIWtoyfOssbmRQ1AGt4c/br+Auq/E7wr8GfFtz4y+DnxR8e291c+AfBfxq8H6l8OtV8cpZANeR+FG1Ymy1e7to2SSWxgu/tgjkjcW7hlFAH2RQAUAFABQAUAFABQAUAFABQAUAFABQAUAFAH//0f7+KACgAoAKACgAoAKAPxO+H/8Aynx/aN/7MC+A3/qxPiJQB+2NABQAUAFABQAUAFAHKePPBvhX4i+BvGfw+8d6Xa634I8deFPEXg3xlot87x2Wr+FfE+j3mieIdLvJI5IpI7W/0i9vLS4eOWN1hldlkRgGUA3tNsLLS9OsNM02FLfTtOsrWwsLeMkxwWVnBHb2sMZJJKRQRoikkkqoJJ5NAF2gAoAKACgAoAKACgDkYvBHhGHx3f8AxHi0ezTx3qXhPR/BV/4gDSfb7jwnoWsa9rmj6PIvm+ULSy1fxHrt5CwhEhm1C4DSMoRUAOuoAKACgAoAKACgAoAwfFPhvQfGXhjxH4Q8U6fb6t4Y8VaDrHhvxHpV2XW11PQdc0+40zWNPuWjeOQW97p91cW0xR0cRyMVdWAagC/pWmafoumafpGlW8dppml2VtYafaxFjFbWVpCkFtBGWLMUihREUszEheSeTQB/Mn/wU21bx5+0v/wWd/4J2fsu/C3wfp3xMi/ZF8AfEH9tn4h+D9Q1628PaPea7qE0HgjwDp+s6vdK9tZ3+k38OjeKNJjlXzJI7iV4uGZkANz9gK9t/wBsr/gr1+01+0t+0NIfhX+19+xj8MLX9mCH9mHQka+0Hwh8MvGHiC78Tad8Qb3x5iOLx5N4xvtPvLmweyRrDS7dvsyu4WBlAP6X6ACgAoAKACgDkR4I8Ijx1L8Rho9mPHU3haz8HS6/uk+3v4XsNU1LWLPSSvm+V9lh1TVtSu0Pk7zLdSgyMoVUAOuoA/Jz/gt/+2D41/YZ/wCCZf7S3x8+GjG3+JFj4d03wb4F1Py/MXQ9f8davaeHRr/QhZ9F0271HUdOcjauq29iXDISrAHpn/BKr9kzwr+x5+xL8F/h5o4fUvGHiTwvpvxG+LXjW/ma913x/wDFHxzaQ+IPF/irW9Tm33V9cXup3sy232iab7JZR21pE/lQoKAPuHw38OvBnhHxN4/8YeHtBstL8R/FHWtI8Q+OtUto1S58Q6voXhjRvB2l3t6w5aS08O6BpOnJ2MdqGPzs7MAdtQAUAFAHhn7UH/JtP7Q//ZDPi1/6gPiCgC9+zt/yQf4Pf9k48If+mSzoA9loA/m//buUftaf8Fyv+CbX7JcAGpeCv2S/h/8AEb9tr4q2afvLQa7eyW/gr4d6dqfDJFf6dqUOjeJtKRx5hhuJpIuGZlAOX/4Oh/ECaZ+yp+yRpXgeITftI6z+3p8BT+z6dMkEXiy08RWkutLql3o8kH/Ex/swy3eh2Wuw2x+zzreWBvQ0cSbQD+kzwx9v/wCEb8Pf2tuGqf2HpP8AaQf7wv8A7Bb/AGzdnnd9o8zOe9AG5QAUAFABQAUAFABQAUAFABQAUAFABQAUAf/S/v4oAKACgAoAKACgAoA/E74f/wDKfH9o3/swL4Df+rE+IlAH7Y0AFABQAUAFABQAUAfKn7dsevzfsP8A7ZMPhNdWbxTL+yp+0NH4aXQftY11tff4ReL10ZdFNgRfDVjqJthp32Ii7+2GH7ORNsNAHvHw4Fyvw88BLe+eLweDPC4uxc7/ALSLkaHYif7R5n7zz/N3+b5nz792/wCbNAHZ0AFABQAUAFABQAUAfJGlW3ikft2+PbyVNa/4Ql/2Tfg9bWMjvd/8I6fFEXxe+O0urJbIW+wDWl0qbRTfPGouzYtp6zMYRbhQD63oAKACgAoAKACgAoA8H/anh1u4/Zi/aNt/DS6i/iOf4D/F6HQE0czrqza3L8PvEKaUultalbpdRa+aAWJtmWcXPlGEiTaaAO4+FiahH8MPAEeoCcaongvw4t4L4ym5F8NHtROLsyZmMwmDeeXPmb92ctmgD8YPhH+wJ+3r8KP+ChX7ZP7ecnjz9kzxzrn7TXhj4f8AgTwb4d19Pi7ZS/CrwZ8Nob2w0XTLO7stFmS+fVrGawl11V8uKa/02KWNmEruoB9S/sG/8E75P2Vvin+03+098VPiOPi9+1J+154o0jX/AIs+MdP0n+wfCWiaL4ZS9i8KeA/A2jyNLd2/hzw5HqN4ltdX8i312ksYuEHkIKAP06oAKACgAoAKAPkeO28Vf8N0apdlNb/4Qo/st+DreKQvd/8ACPf8JKvxR+JEl2qR5+w/2wNNk04zuF+1Gza1DkxCMUAfXFAHyt+21+yP8Nv26/2XPi/+yt8WDdweDfi14abRp9U04Rtqfh/VrO7ttV8P+ItOWUrHJd6LrVjY36wSMkd3HDLaSuIp3KgHyb+zz8M/+CoHwe+Gfgb9n7xN4s/Zg8Z6P4C0Sw8G2P7RFwfHaeNNT8LaTbjTtK1fUPh39iXR7nxtb6fFbNdwyalDoF9dxyO10iyjaAfpl4K8O3nhTwvo+g6j4j1fxbqOn2qx3/iTXXhfVNYvGJe5vboW8cUERmmZmSCJBHChWJeEFAHU0AFABQB4Z+1B/wAm0/tD/wDZDPi1/wCoD4goAvfs7f8AJB/g9/2Tjwh/6ZLOgD2Nt21tm3ftO3dnbux8u7HO3PXHOOnagD8LPgz+wN+3V8Jv+Ch37Y37eeoeOP2UvHmq/tM+Hfh54G8I+HNY/wCFt2Fz8LfA/wANIb6x0jSLK8tdFmivJNYsZtPk1wrsjkvtNilj3+YzKAfR/hr/AIJxp8Qf2pPBv7Z/7Y/xBh+Ovxh+FVpqVj8CvAul6S2ifBj4Gx6pLIbvVfCugXTy3niDxfcQFYpvF2uiK+AAENrE0Ns8QB+o1ABQAUAFABQAUAFABQAUAFABQAUAFABQAUAf/9P+/igAoAKACgAoAKACgD8Tvh//AMp8f2jf+zAvgN/6sT4iUAftjQAUAFABQAUAFABQBxXxK+IHhj4TfDrx98VPG15Jp3gz4Z+CvFXxA8XahDBJdS2PhjwZoV94j1+8itYsy3MlrpWm3c6QRjzJmQRplmFAHS6TqdnrelaZrOnyGWw1fT7LU7GVlKNJZ39tFdW0hRvmQvDMjFTypOD0oA0KACgAoAKACgAoAKAOKh+IXhSf4ial8KotSDeN9J8GaH8QL7SPLcND4V8Ra34i8O6RqRm/1bC61bwrrdsIwd6mzLHKutAHa0AFABQAUAFABQAUAfyg/wDBS3/g68/ZN/Yo+KPij4FfBLwHqv7TXxM8E30+j+LtW0jWLXRvh1oWvWcpivtCXXcS3Gs3lm/7u5n0uOW1guY5rV5BJHlgDW/4Jh/8HU37KX7dnxS8OfAT4t+BdV/Zr+LHjG4h07whda1q9rq3gHxPrlzI0dtoFprY2XOnalcsES0GpJHHeTzxW0LGXNAH9U4IYBlIIIBBByCDyCCMggjkEH880ALQAUAFABQAUAfFX7ef7fn7OH/BOX4E6r8ff2k/Fv8Awj/hqC4Ok+G9DsIxe+J/G3iWSF5bTw74Z0pSJby7lC77qfAttOtd13dusarQB/Iof+D3D4bj4lNaj9jHxYfhILoquq/8Jrpv/Cdm0DcS/wBm8aL5pX+D7TjJzkgYoA/rv/YR/b3/AGdf+CinwJ0b4+fs4eLF17w1eynTte0S9VbXxL4N8QwRo934f8SaaT5lpewCRZIpAPIu7d47iBmjcbQD7RoAKACgAoAKACgD+R7/AILC/wDBzz+yR+y9P8aP2RPhD4W1j9ob4rTeFPGfw28aa7oOpWmnfD/wTrut6NqHh+/0ybWWZ5tc1HSTfF7n+yUltYbq3nspZDIhagCt/wAEif8Ag6J/ZR/ak1n4VfspfGTwZq37PHxMutJ0HwX4O8Q6zqtpqfw+8Wa5bW8enWOkLqg2XWj6hqLQILZtSjitp7m5gtI38w5oA/rpVlZQykMrAMrKQVZSMggjIIIwQQcEcjNAC0AFABQAUAFABQAUAFABQAUAFABQAUAFABQAUAFAH//U/v4oAKACgAoAKACgAoA/E74f/wDKfH9o3/swL4Df+rE+IlAH7Y0AFABQAUAFABQAUAeAftY/DPxB8av2Wf2lvg34Tezj8U/Fr4AfGT4Z+GpNQm+z2CeIPHnw68R+FtGe+uMHyLNdR1W2a5mwfKhDvg7cUAeV/CHx5+1ZZr4A8FeNP2WbPwz4e03S9F8P654vg+M/gXWl0+DS9Kis5NSi0WxY396kk1suy2hHnBZcnG1qAPo34peIviF4Y8LnU/hl8O0+J/ib+0LW3HhiTxTo/g9TYSpObnUP7Y1siyzaukCfZc+dN5+6PIiegDk/g943+Nni+416P4t/BGH4RQWMOnvoc8XxD8M+Of7cluHuxfwtF4fZn077AkVq4kuvluftW2LJhk2gGV8WfiD8f/Cmv2lh8K/2fYPiroMumx3F1r0vxQ8JeC2tdRaaZJNOGma6y3cwjhSGb7Wn7l/O8sYZG3AHq3gHWPF+veE9J1Xx34PXwH4puopG1Twqmu6f4lXSpFlZUiGtaUTY3nmRhZd8B2ru2HDKaAPnk/Fj9q3/AISpNLH7J1sfC512KxfxT/wuzwFuTRGvVhl1z+xt4vmaKyLXv9nAfaXK/ZxiVhQB9DePNY8XaF4P1nV/A/hBfHXi6zt7eTSPCD67p/hxdYuJLu2iuLc65qhGn2H2e0kuLvzLg7Jfs/kJmSVKAPJ/hP8AEL9oHxV4iudP+Kf7PcHwq8Px6bNc2/iCP4o+EfGbXOopNAkOm/2XoTNdxCaJ55vtbjyY/I8tstKu0A8Y+KHhr9oHwP8AtV6l8dPhR8I9M+Lvh3xV+z/4E+FGoac/xA8PeB9R0HWvBfxE+KHi6S8ceICsd/ZajY+PLOGA2pLwz2VyJgFeM0AfVHwt8R/ETxR4ZGpfE74cx/DDxJ9tuYT4aj8VaP4wUWcbYt7z+1tEJsiblfm8jPmRdHwTQB4t40+Kv7U2jeKda0vwd+ypbeMvDNlfTQaN4nf40eBNAbWrJGxFfHR9RcXtgZl+b7PcgSx9GyRlgD6R1fUNftPC+oanpPh9dW8TW+iz3th4YOp2liuoazHZtLBox1i4xZWwnuwtp9vlP2aPd57YjBoA+f8A4c/E39pbxF4s0/SviF+zLb/DvwrcJcm/8VR/F7wV4paweOFnt0Gi6Q5v7n7RMFhLRDEW7zHwgNAHo/xc8V/FTwnpGm3fwp+FMfxY1W5vXh1HSZfGmg+CRp1msW5L0XuvMsF0XkzF9nh/eLjecLjcAQ/CHxd8WvFum6rcfFj4RxfCXULW9SHS9Oi8ceH/ABuNVsmgjd703WgM0VmUnaSD7PP+8bZ5gyrDaAfGP/BRb4zftU/DT9nT9qq8+DHwHk8Qab4e/Z7+J2saH8VLL4neFtD1PRL6D4daxe3mu2Pha7Ya5Je+FJxPeWkcIaW9n06OS1B81FoA/wAUbWNQv9W1bU9U1W4mu9T1HULy91C6uWL3Fxe3Nw81zNM7YZpZJnd5CeSxOc9aAHaJquqaFrGla1od5dafrOk6jZalpV9YzS295Z6jZXEdxZ3NrPCySw3ENxHHJFJE6ujqCpBAoA/3CvgD8SvjrqX7EP7OfxEHw0bx98ZvEfwh+F+p+K/Bl54k0vwZKmqan4Wsp9cuJtV10raRS2lzgNbyHzpmlJXBVtwB7J8IPHPxv8XXmtw/Fr4Gw/CO0sreyk0a7i+IvhjxwdauJpLhby3MHh9mk0/7HHHbyebc/JP9o2x5MT7QCl8W/H/x88J67p9j8KfgBB8WNEuNLW5v9cl+JvhPwSbDUzdXEbaYNO15lurkLbR29z9siHkE3HkjDxPuAPTvh5rXjLxB4S0zVfH/AIMT4f8Aiq5E/wDaXhRNf03xOumFJ5EgA1rSS1heefAqT5hP7vzPKbLqdoB8/XPxY/asi8VyaVbfsn21z4XXXFsY/FJ+NfgKFpNFN4ITrf8AY7v9uUizJvP7PI+0kr5AHmHFAH0R421bxXovhHV9W8GeE18aeLLS1hl0nwk+t2Hh9dWunuII5bU65qWNPsfKgknn864Plv5HlLh5VoA/zUP+Dwv4yftG+M/2lP2XfAnxf+Hd78I/COjfBTUPE3hrwbF410fxrpGq61q3jbxFp2seKBfaCTY22oyW2lafpEtpKftC22mW0xASZDQB/HJQB/bJ/wAGUnxA+Jln+1n+1F8NNOfUJ/hNrXwZ0fxV4mjJnk0zTvGGjeJFsfDMqqWNvbXep6fqWuo7IiS3UenoHZ1t0CAH98/jj4p/tR6J4q1nS/BX7LFt428MWd20WkeKH+M3gXw82sWoA23R0bUnF9YljkeTcDzBjJxkUAfRt7qGvQ+Fr3VLLQBe+J4dBur6z8LnU7S3W81yKwknttCOsSE2NuLq+WOw/tKQ/ZYRJ9pfEStQB89/Dz4n/tNeIPFul6T4/wD2Ybf4feFLo3H9p+LE+MHgnxO2mCO2lktyNF0lzf3n2i4SK2/cA+V5vmvhEYqAenfFrxT8UfCmiWN78KvhZH8V9Znv/IvtFl8ZaF4KFjY+UzfbhqGvFba5PmhYvs0R835t/CqdwBS+EPjD4u+LbLV5viz8IIvhJeWl1DFpNnF468PeNxq1s8Qaa5M+gFo7Iwy5i8q4O98b1yp+UA+Tf2/vjJ+1H8M/gL+01f8AwX+BTeJbHw5+z58U9f0H4nWvxL8LaHqGia1Y/DjXdR/tWy8K3xOtXl34bvoRd2tvAjS6lNZxx2qs0yCgD/E08Q6rq2u67rOta7dXN7rWq6nfahqt3eMz3VxqF3cyT3c1wz/MZpJ5HaTdzuJz2oAq6ZqF/pOo2Gp6VdXNlqen3lte6feWcssF3a3ttMk1tPbTQMs0U8UyI8TxMsiuAUYEZUA/28/2UPih8edf/wCCfX7LfxOvPh9J8Qvjd4n+BXwm1nxZ4RvfEGl+DJptb1Xwrps+uTT6nre2ztZbadi728uJJGbauSDQB778IfHfxz8W6hq9v8WPgVD8JLC0tbaXSdQi+JHhfxudWuZJJVuLU2ugM0tl9mjSKTzrj5JfN2JlkbaAQ/F3x78ePCWs6ZZ/Cj4CQfFrR7nTPtOpaxL8S/Cvgk6bqX2q4i/s0WGvstxdj7LHb3X2uEeTm48nh4n3AHo/w41zxt4i8I6bq3xC8EJ8O/Fdw92NR8Jp4i0zxSunJFdSxWrjW9HJsLr7XbJFdbYTmHzfJkw6NQB3NABQAUAFABQAUAFABQAUAFABQAUAFABQB//V/v4oAKACgAoAKACgAoA/E74f/wDKfH9o3/swL4Df+rE+IlAH7Y0AFABQAUAFABQAUAeJ/tLfFa9+BH7OXx/+OGmaRa+INS+DXwT+KvxW0/Qb64mtLLW734eeBNe8XWukXl3bpJPa2upT6PHZ3FxCjzQwzPJGjOqrQB6Z4S1qTxJ4V8M+IpYEtZde8P6LrUttG7SR28mqabbXzwRuwDOkTTmNXYBmVQSASRQB0FABQAUAFABQAUAFAHhVl8X7y7/aY8UfAQ6NbJYeH/gb4B+LkfiAXMpvLi78ZePfiZ4Om0d7TZ5KW1lD4Ct72K4WTzZJdQmjZQkKFgD3WgAoAKACgAoAKAKGq6Xp2uaZqWi6xZW2paTq9heaXqmnXkST2d/p2oW8tpe2V1A4ZJra6tppYJ4nVkkidkYEEigD/ON/4K5/8GnPxj8A+N/i7+0Z+w9r/hPxF8B4tP8AGXxR1/4c+LNZh8P+J/h1pOk6fe+Jdb07SLi4Q2viSwtYYLtNLjgMd6YIoxcRq5NAHR/8EnP+DSX4z6l8VPhx8ef29dd8HaF8IvDl9oPjnS/hN4V1aHxLrXxIWNbXV9I0/wAQ3tsBZ6JoMkoQa3Yys1/eW/8AokQWOaZ1AP8ARUsbK102ytNOsYI7WysLaCzs7aJQsVva2sSw28MajhUiiREQdlXHagC1QAUAFABQAUAfiv8A8FrP+COXw2/4K4/AfR/C13rdt8P/AI5fDKbUNS+EfxIlszd2tq2pJH/afhjxFFCpup/D+pvBBOGh3y2F3GZYYiLm4NAH8AK/8Grf/BT5v2hpv2e/7L+Ev9rW/hfTPH03iYfELTf7CXwNqviXWPDVrrSkx+e12bjQ9QlbR9v2xViEZ+dgKAP7+v8Agif/AMEcPh1/wSK+A2teE7bxDb/EX44fE+60/V/i98SoLSSzs7+fToXTS/DXhy2nUXFt4a0M3F21oLgLc3V1dXV3OA0oRAD9rKACgAoAKACgCre2VnqVld6dqFtBe2F/a3FlfWd1Ek9td2d1E0FzbXEMgMc0E8MjxTRSApJG7IwKkigD/Oi/4K7f8Gm3xf8ADXxC+Kf7RX7CeueENa+C1zb+LPiR4g+F3ivWU8P+Ifh9ZWFle+IdatNDvLtWtfEGmRJDcLpdvEUvxGgWZBjcwBl/8Eov+DSj42+LviT8Nvjt+3Xr/g7w38EtJn8P+OdP+GHhXWU8ReJPiRBttdW0zTdXu7NFtfD+iySKI9at52+33Nu3kWyhZJHUA/0bdL0yx0bTdP0jS7WKy03S7O20+ws4EWOC1s7OFLe2giRQFWOKGNEVQMAAdaAL1ABQAUAFABQAUAFABQAUAFABQAUAFABQAUAFABQB/9b+/igAoAKACgAoAKACgD8Tvh//AMp8f2jf+zAvgN/6sT4iUAftjQAUAFABQAUAFABQBwPxW+G3hn4zfC74k/B/xol7L4O+K3gHxj8NvFkem3ZsNRk8M+OfDuo+F9eTT74RymyvX0rVLpbW7EUhtpzHMI32bWAOr0XSbTQdH0nQtPEi2Gi6ZYaTZLK/myi0061is7YSyYXzJBDCgd9q72y2BnFAGnQAUAFABQAUAFABQB55b/DDwrbfFfV/jPFFejxtrfw+8N/DK+na7J09vC3hXxF4r8U6TFHY7Nsd4mreM9bee6EhM0L20RVfIBcA9DoAKACgAoAKACgAoA5Px74L0P4keBvGnw78TR3Mvhvx74T8R+C/EEVnObW7k0PxTo95oerR2tyFY29y9hfXCwThWMMpWQKdoDAGroGiWPhrQ9H8PaWsqaboem2Wk2CzSedKtnYW8drbrLKVUySCKJQzlV3Nk45+UA16ACgAoAKACgAoAKAPPF+GHhVfircfGQQ3v/Ca3PgPTfhxLP8Aaz/Z/wDwjOla9rfiO0iFj5e0XY1PX9RZ7rzcvC0UWweXuYA9DoAKACgAoAKACgAoA8M/ag/5Np/aH/7IZ8Wv/UB8QUAXv2dv+SD/AAe/7Jx4Q/8ATJZ0Aey0AFABQAUAFABQAUAFABQAUAFABQAUAFABQAUAFABQB//X/v4oAKACgAoAKACgAoA/E74f/wDKfH9o3/swL4Df+rE+IlAH7Y0AFABQAUAFABQAUAfLP7c3iDxD4T/Ym/bD8VeEdSv9H8WeGf2Wf2gvEHhjV9Kdo9U0rxDo3wl8XajoupabIgZ0v7HUra2urN0VmW4ijKgkAUAe6fDq6ur34feBL2+llnvbvwb4YuryeYkzTXVxoljLcSyk4Jlkld3kJGS7HOKAOyoAKACgAoAKACgAoA+T9L8TeLJP25fHfg6XUtTbwLZ/sqfCLxLYaQwb+x4fFeqfFv45aZq+owtsC/2ldaRo+h210BIzC2s7QmNQQ7AH1hQAUAFABQAUAFABQB4X+1BrOu+Hf2aP2iPEHhe8vNP8TaF8C/i3rPh3UNOBOoWOu6Z4A8QXukXliFV2N5bahBbzWoCOfORMK2cUAdx8Lb2/1L4a+AdQ1Waa51O98HeHLrULi5/4+J7yfSbWW5lnyAfNkmZ2kyB85PA6UAd5QAUAFABQAUAFABQB8nR+JvFp/bg1TwedS1M+B4/2YfCHiKLSMN/ZC+KLr4nfEbTrzUFOzb/aEumWGm28o8zP2eCDKDIagD6xoAKACgAoAKACgAoA8M/ag/5Np/aH/wCyGfFr/wBQHxBQBe/Z2/5IP8Hv+yceEP8A0yWdAHstABQAUAFABQAUAFABQAUAFABQAUAFABQAUAFABQAUAf/Q/v4oAKACgAoAKACgAoA/E74f/wDKfH9o3/swL4Df+rE+IlAH7Y0AFABQAUAFABQAUAcr461zwf4Y8EeMfEvxCvNI07wB4e8K+Idc8cah4hSGTQLHwfpOkXl/4mvNcjuI5YJNItdFt72fUkmikhaySZZI3QsrAG9p1xY3mn2F3pckEumXVna3GnS2oUW0ljPAktpJbhQFED27RtCFAURlQABgUAXKACgAoAKACgAoAKAOZj13wm/jG98MxX2kt44tfDWl65faYvk/25F4Vv8AU9ZsNIvp8L9o/sq41bTNcgtNzGH7XbX2xQ+8sAdNQAUAFABQAUAFABQBjeI9T0LRPD2u6z4oubGy8NaTo2qan4ivNU8v+zLTQrCxnutXudR81Wi+wwafFcS3fmq0f2dJN6ldwYAuabdWF9p9jeaVLbz6ZdWlvcafNa7fs0tnNEsltJb7Aq+S8TI0e0BdhGOKALtABQAUAFABQAUAFAHMjXfCZ8YSeGhfaT/wm6eHbXWpdNHk/wBuL4YuNRv7KzvX+Tz/AOy5NUtNRhhy/lfaobnaocOWAOmoAKACgAoAKACgAoA8M/ag/wCTaf2h/wDshnxa/wDUB8QUAXv2dv8Akg/we/7Jx4Q/9MlnQB7LQAUAFABQAUAFABQAUAFABQAUAFABQAUAFABQAUAFAH//0f7+KACgAoAKACgAoAKAPxO+H/8Aynx/aN/7MC+A3/qxPiJQB+2NABQAUAFABQAUAFAHzj+2L8PvE/xb/ZF/an+FXgmzi1Dxn8Tf2cfjh8PvCNhPcR2kN94n8Z/DLxP4c0CzmupcRW0VzqupWkMlxKfLhRzI+FVqAPY/Aml3mieB/Bui6ggiv9I8KeHdLvo1YOsd5YaRZ2lyiuuVcJNC6hgcMBkZzQB1dABQAUAFABQAUAFAHzLpvw08WW37ZHjT4xS2luPA+s/s0/C74bWN8LuI3cnirwx8UPjH4n1e1ex/10dvDpPjDQ5Y7o/u5pJ5YV+aB6APpqgAoAKACgAoAKACgDxr9ozwdrnxE/Z7+O/w/wDDEEV14l8dfBr4n+DvD1tPOlrBca54n8Ea5omkwTXMn7u3imv763jknk+SJGMjfKpoA7D4b6Lf+HPh94I8P6pGkWpaJ4U0HSr+KORZUjvLDTLa2uUSVflkVZYnCuvDDBHUUAdrQAUAFABQAUAFABQB8yR/DTxYv7Ymo/F82lv/AMIRcfs6+Fvh5Fffa4vtR8T6X8RPHviG8tTZf64QJpmvadKt0T5bvJJEMtG9AH03QBnav5H9k6p9qv5tKtf7OvftOqW86Ws+mwfZpfOv4bqRJI7aazj3XEc8iOkLxrI6MqlaAP5jP+CVHxP+K/7Xfwj/AGhf2lf2hP26f2h/D/ws8TftaePfhf8Asr6Zo3j3wl4Zvl+G2leMLfwD4ZivY28I3V54h1zUPF73lgk6QoGtYIpseWJpUAP3y/ZZ+F/xZ+Efw61fwj8Y/i/4n+NviJPiN8RdQ0Dxr4vfTpdfPw+1Dxbqlx8P9I1KXTLOxtZb7SfCb6VZ30y26NLeRzyNjcAoB9JUAFABQB4Z+1B/ybT+0P8A9kM+LX/qA+IKAL37O3/JB/g9/wBk48If+mSzoA9loAKACgAoAKACgAoAKACgAoAKACgAoAKACgAoAKACgD//0v7+KACgAoAKACgAoAKAPxO+H/8Aynx/aN/7MC+A3/qxPiJQB+2NABQAUAFABQAUAFAHlHx5+Kth8Cfgd8ZvjfqmlXeu6Z8G/hR8RPirqOiWEsMF/rFh8PPCGseLrvSrKe4It4bvULfR5LS2lnIhjmmR5SEDGgDvfDetR+I/DugeIYYXt4de0XStait5SrSQR6pYwXyQyMuVZ4lnCOVO0spIyMUAbVABQAUAFABQAUAFAHkFp8XtNu/j34g+Aq6RfJq/h/4R+Dfi5NrrSwf2bcad4y8Y+PfB9tpMUAJuVvbO58BXd5PK4EDwX9ssbGRJVoA9foAKACgAoAKACgAoA4H4rePrP4U/C74k/FHULC51Ww+G3gHxj4+vtMs5IorzUrPwf4d1HxDc2FrLORDHc3kOnPbwSTERJLIrSEIGNAG94T8QQ+LPC/h3xRb28trB4h0XTNahtZmRpreLU7OG8SGVkJRpIlmCOyHaWUkYBFAHQUAFABQAUAFABQAUAeQL8X9Nb48XfwH/ALIvhq9p8KtG+Kja75sH9nPp+s+KvE3hWLSxBn7SLyG48NT3UkpBhaG5iRfnV9oB6/QB+Vv/AAWr/at0n9j3/gmb+1n8U5tcstJ8U6h8KPEHgDwDbS3sNrqeo+K/iJHF4JtX0SF5Enur7RbfX7jXiLZXaCLTWmfaq7qAPzt/Zk/Z3/4Jg/sZ/sM/sR/En42fFP4SaB41/Zj8M+DPjB4m8TWXxKt9Yv8Axj8Rp/Amvwa9bDwhY+Jrq21K91nxJ4tl1iytbLRHvH8Q2OmCLEjO9AH9G/gHxX/wnXgnwp4zGkajoC+KdA0vX00XV1RNT0yPVLSK8itL9YyyLdRRyqsqqSA+R2oA62gAoAKAPDP2oP8Ak2n9of8A7IZ8Wv8A1AfEFAF79nb/AJIP8Hv+yceEP/TJZ0Aey0AFABQAUAFABQAUAFABQAUAFABQAUAFABQAUAFABQB//9P+/igAoAKACgAoAKACgD8Tvh//AMp8f2jf+zAvgN/6sT4iUAftjQAUAFABQAUAFABQB5V8dvhVp/x2+CHxk+CGr6pd6HpXxk+FXxD+FWp63YQxXN9o+n/EPwjrHhG91Syt52WCe70+21iW7toZmWKWaJI5GCMSoB3nhzRovDnh7QfD0Ez3EGg6NpejQ3EqhJJ4tLsYLGOaRFJVXlSAO6qSFZiASBmgDZoAKACgAoAKACgAoA8ltfhHpNr8dNe+O66letruv/Cjwf8ACafSDHF/Z8Ok+DvF3jrxfaalHLnzjeXV347vraeMr5aw2duykszigD1qgAoAKACgAoAKACgDhPil4Dsfin8MviL8MdUvLjT9M+I/gTxd4D1HULNEku7Gx8X+H9Q8P3d5apIRG9xbW+oyTQJIQjSooYhSTQBueFdAt/Cnhnw/4YtZpbm28PaNpujW9xMFEs8Om2kVpFLKFwokkSEMwXgMSBnANAG/QAUAFABQAUAFABQB4EvhT4dp+0Vd/FP/AITvSf8AhPLr4Y6R8K38GnWNIFwmm6N4o8SeKIr4WH2r+0vtsl14kubaSMwKgigiI+dnFAHvtAHDeO/hf8NPilp9rpPxN+Hfgb4jaVZXDXVlpnjvwloHi7T7O6ZQjXNrZ+INP1G2t7hkARpookkK4UuQMUAect+yd+yy7WjN+zT8AGbT2jawZvg38Oi1k0LK0LWhPhzNs0TIrRmEqUZVK7SAaAPfI444o0iiRI4okWOOONQkccaDaiIi4VERQFVVGFAwMAUAPoAKACgDwz9qD/k2n9of/shnxa/9QHxBQBe/Z2/5IP8AB7/snHhD/wBMlnQB7LQAUAFABQAUAFABQAUAFABQAUAFABQAUAFABQAUAFAH/9T+8H/hZnw3/wCig+CP/Cr0H/5OoAP+FmfDf/ooPgj/AMKvQf8A5OoAP+FmfDf/AKKD4I/8KvQf/k6gA/4WZ8N/+ig+CP8Awq9B/wDk6gA/4WZ8N/8AooPgj/wq9B/+TqAD/hZnw3/6KD4I/wDCr0H/AOTqAD/hZnw3/wCig+CP/Cr0H/5OoA/FrwB488DL/wAF4/2idTbxn4UXTpf2CfgTaxag3iLSBZS3MXxC+ITyW8d2bwQPPGrqzxK5kRWUsoDA0AftL/wsz4b/APRQfBH/AIVeg/8AydQAf8LM+G//AEUHwR/4Veg//J1AB/wsz4b/APRQfBH/AIVeg/8AydQAf8LM+G//AEUHwR/4Veg//J1AB/wsz4b/APRQfBH/AIVeg/8AydQAf8LM+G//AEUHwR/4Veg//J1AB/wsz4b/APRQfBH/AIVeg/8AydQB83/tkfH/AEX4cfsh/tU/EP4f/EzwhYePPAf7N/xx8Z+Cb+18R6Dd3Vl4u8L/AAx8Ua54bu7a1N5ILm4ttZsbOaG3KOJpEWMo27bQB7L4D+LngXVfA3gzVNT+IngqXUtS8KeHb/UJH8U6CjyX15pFncXbun24bGeeSRmXA2k4wMYoA6v/AIWZ8N/+ig+CP/Cr0H/5OoAP+FmfDf8A6KD4I/8ACr0H/wCTqAD/AIWZ8N/+ig+CP/Cr0H/5OoAP+FmfDf8A6KD4I/8ACr0H/wCTqAD/AIWZ8N/+ig+CP/Cr0H/5OoAP+FmfDf8A6KD4I/8ACr0H/wCTqAD/AIWZ8N/+ig+CP/Cr0H/5OoA+ZtO/aK0qf9sfxp8L5viP4LPw+0r9mr4XePNOtv8AhINCCJ4x8Q/E/wCMfh/W5xf/AG7EjSaL4X8PRm0yfJESzYHn5YA+mf8AhZnw3/6KD4I/8KvQf/k6gA/4WZ8N/wDooPgj/wAKvQf/AJOoAP8AhZnw3/6KD4I/8KvQf/k6gA/4WZ8N/wDooPgj/wAKvQf/AJOoAP8AhZnw3/6KD4I/8KvQf/k6gA/4WZ8N/wDooPgj/wAKvQf/AJOoAP8AhZnw3/6KD4I/8KvQf/k6gDxr9oz46+GPA/7Pnx28a+EfiL4Kh8V+EPg18T/FHhiZPEmhXTQ+IfD/AII1zVtFlW1+3H7S0epWls4gwfOK+Xg7sUAdj8OPjD4I134feCda1j4h+CX1XVvCug6jqTnxPoUJe+vNMtbi6Yxfbv3ZaaRzs/h6dqAO0/4WZ8N/+ig+CP8Awq9B/wDk6gA/4WZ8N/8AooPgj/wq9B/+TqAD/hZnw3/6KD4I/wDCr0H/AOTqAD/hZnw3/wCig+CP/Cr0H/5OoAP+FmfDf/ooPgj/AMKvQf8A5OoAP+FmfDf/AKKD4I/8KvQf/k6gD+S3/g6J/wCC1Xj/APYq+HXw4/Zh/ZJ8d2Wh/F/456BqXirxf8SvDd7Y6pf+D/hvFf3vh+LTvD95bSXNvYa94h1Ox1OK5u5B9qsdNtUNsivfLPEAf5wzftRftIt4vPxAPx6+MH/CbGbzz4q/4WL4s/twy7t+86j/AGqbkncM8ye3clgD/R5/4Nev+C1njn9tP4cfEP8AZl/a18dabqfxe+Buk6LrfhH4ieJdTsNN1Px74C1CafT5LfVprmaBLzWvDN5bwRXF79+7s9RstwaWKV6AP60v+FmfDf8A6KD4I/8ACr0H/wCTqAD/AIWZ8N/+ig+CP/Cr0H/5OoAP+FmfDf8A6KD4I/8ACr0H/wCTqAD/AIWZ8N/+ig+CP/Cr0H/5OoAP+FmfDf8A6KD4I/8ACr0H/wCTqAD/AIWZ8N/+ig+CP/Cr0H/5OoA8P/ab+JHw7m/Zt/aEhh8e+C5ZZfgf8WI4oo/FOhvJJI/gLX1SONFvizu7EKqqCzMQACSBQBe/Z6+JPw7i+BXwhil8e+C45I/h14SSSOTxToaOjrotmGV0a+DKynIKkZB4OKAPYv8AhZnw3/6KD4I/8KvQf/k6gA/4WZ8N/wDooPgj/wAKvQf/AJOoAP8AhZnw3/6KD4I/8KvQf/k6gA/4WZ8N/wDooPgj/wAKvQf/AJOoAP8AhZnw3/6KD4I/8KvQf/k6gA/4WZ8N/wDooPgj/wAKvQf/AJOoAP8AhZnw3/6KD4I/8KvQf/k6gA/4WZ8N/wDooPgj/wAKvQf/AJOoAP8AhZnw3/6KD4I/8KvQf/k6gA/4WZ8N/wDooPgj/wAKvQf/AJOoAP8AhZnw3/6KD4I/8KvQf/k6gA/4WZ8N/wDooPgj/wAKvQf/AJOoA+QP2vfi1+0lpfhzwlqX7E/iT9lrxT4ms9V1CXxr4a+NfxBGg2Gs6N9mtv7MttB1nRZrn+z737ULv7XLdxNH5TQeXyHoA+Bv+Hnf/BQT4W8fHT/gm/o/jiJOJNQ/ZX/aU+GfxERkH/LxHpmv6npWokFQW+y7PtHIXlshQC3Zf8HDH7Fvh27g0f4+eBP2j/2dNfkkEU9n8QfhFrN9pNnJ0cXHiTw0+p6UojbcGYNt2ruBIIFAH2b8KP8Agrh/wTZ+NcttafD39sj4I6nqdzsH9kaj4ttfD+qW8j4AgurXXV08wTKSFdWYhTkEnmgD7h8I/Ev4c/ECOWbwH4/8E+NooHMc8vhLxVoXiSOGQKrGOZ9HvrxYnCurFHKsFYEqAaAO2oA//9X+n3/hxP8A8Ex/+iAX/wD4dD4o/wDzX0AH/Dif/gmP/wBEAv8A/wAOh8Uf/mvoAP8AhxP/AMEx/wDogF//AOHQ+KP/AM19AB/w4n/4Jj/9EAv/APw6HxR/+a+gA/4cT/8ABMf/AKIBf/8Ah0Pij/8ANfQAf8OJ/wDgmP8A9EAv/wDw6HxR/wDmvoAP+HE//BMf/ogF/wD+HQ+KP/zX0Afk94L/AOCRf7BN/wD8Flfjn8DLr4OXknwz8PfsY/B3x3pOgf8ACf8AxAR7bxPrnjfxvp+p6gdUTxKNUmW4tdPtYxazXjWsXl74oVdnZgD9Yf8AhxP/AMEx/wDogF//AOHQ+KP/AM19AB/w4n/4Jj/9EAv/APw6HxR/+a+gA/4cT/8ABMf/AKIBf/8Ah0Pij/8ANfQAf8OJ/wDgmP8A9EAv/wDw6HxR/wDmvoAP+HE//BMf/ogF/wD+HQ+KP/zX0AH/AA4n/wCCY/8A0QC//wDDofFH/wCa+gA/4cT/APBMf/ogF/8A+HQ+KP8A819AEF1/wQd/4JfXttcWV7+zxcXdndwTWt3aXXxL+Js9tdW1xG0U9vcQS+LXimgmidopopUeOSNmR1ZWYUASp/wQk/4JiRokcf7P17HGiqiInxP+KCoiKAFRFXxcFVVAAVQAAAAAMYoAd/w4n/4Jj/8ARAL/AP8ADofFH/5r6AD/AIcT/wDBMf8A6IBf/wDh0Pij/wDNfQAf8OJ/+CY//RAL/wD8Oh8Uf/mvoAP+HE//AATH/wCiAX//AIdD4o//ADX0AH/Dif8A4Jj/APRAL/8A8Oh8Uf8A5r6AD/hxP/wTH/6IBf8A/h0Pij/819AB/wAOJ/8AgmP/ANEAv/8Aw6HxR/8AmvoArj/gg5/wS9F098P2d5xeyQR2r3g+JXxNF09rDJLLFbPcf8Jb5rQRSzzyxwlzGkk0rqqtI5YAsf8ADif/AIJj/wDRAL//AMOh8Uf/AJr6AD/hxP8A8Ex/+iAX/wD4dD4o/wDzX0AH/Dif/gmP/wBEAv8A/wAOh8Uf/mvoAP8AhxP/AMEx/wDogF//AOHQ+KP/AM19AB/w4n/4Jj/9EAv/APw6HxR/+a+gA/4cT/8ABMf/AKIBf/8Ah0Pij/8ANfQAf8OJ/wDgmP8A9EAv/wDw6HxR/wDmvoAin/4IP/8ABMC6gmtrn9nq6uLa4ikguLef4mfE+aCeCZDHLDNFJ4uaOWKWNmSSN1ZHRirAqSKAHR/8EI/+CYcSJFF+z7eRxxqqJHH8TvigiIijCqiL4vCqqgYVVGAOBjAoAf8A8OJ/+CY//RAL/wD8Oh8Uf/mvoAP+HE//AATH/wCiAX//AIdD4o//ADX0AH/Dif8A4Jj/APRAL/8A8Oh8Uf8A5r6AD/hxP/wTH/6IBf8A/h0Pij/819AB/wAOJ/8AgmP/ANEAv/8Aw6HxR/8AmvoAP+HE/wDwTH/6IBf/APh0Pij/APNfQB/Hp/wdOf8ABF7QP2a9O+DX7U37Ivwu1iw+CWneH7rwF8X9NsNT8UeL5/DXiddX1DVdE8U6jc61faxeWWk6xp16NKUpIlnBdaQzy7Huk3gH8R2DnGDnOMd8+mOTnPHT86AP7av+DWL/AIIu+Gf2nNL+MP7VX7XHwv169+Dd7pmneCPgzY3uq+I/CX/CWap9re+8T+J7KXRb/SdRu9I0+OLTtPsrnz5LG7uZL4IHNsrqAf2Jf8OJ/wDgmP8A9EAv/wDw6HxR/wDmvoAP+HE//BMf/ogF/wD+HQ+KP/zX0AH/AA4n/wCCY/8A0QC//wDDofFH/wCa+gA/4cT/APBMf/ogF/8A+HQ+KP8A819AB/w4n/4Jj/8ARAL/AP8ADofFH/5r6AD/AIcT/wDBMf8A6IBf/wDh0Pij/wDNfQBHN/wQh/4Jg3EUsE/7Pd3PBPG8M0M3xN+J8kU0UilJIpY38XMkkciMUdHVlZWKsCCRQAsX/BCL/gmFBGkMP7Pl5DFEqxxxRfE34nxxxoowqIieLlVFUABVUAAcDoaAH/8ADif/AIJj/wDRAL//AMOh8Uf/AJr6AD/hxP8A8Ex/+iAX/wD4dD4o/wDzX0AH/Dif/gmP/wBEAv8A/wAOh8Uf/mvoAP8AhxP/AMEx/wDogF//AOHQ+KP/AM19AB/w4n/4Jj/9EAv/APw6HxR/+a+gA/4cT/8ABMf/AKIBf/8Ah0Pij/8ANfQAf8OJ/wDgmP8A9EAv/wDw6HxR/wDmvoAP+HE//BMf/ogF/wD+HQ+KP/zX0AH/AA4n/wCCY/8A0QC//wDDofFH/wCa+gA/4cT/APBMf/ogF/8A+HQ+KP8A819AB/w4n/4Jj/8ARAL/AP8ADofFH/5r6AD/AIcT/wDBMf8A6IBf/wDh0Pij/wDNfQB8gfte/wDBMf8A4J9/sx+HPCWq+A/+Cb37QH7U+v8Ai7VtQ0q38I/BDx94+vNS0f7BbW1x/aGv3er+ObWx0vTrn7QYoLmVypkgmBHymgD4G/4dtfFr4p/vPhH/AMEWfAvwj0e6+VNV/aT/AG0PHlhrmmq/3JpvC/gzxNqM9zJGDl4VlVdwKlj1oAki/wCDar9oP4pFk+JHxQ/Zk+B3h7UB/pGhfB/w78Z/G3iPTo5Pvw/2/wCM/Hdnp91JGpIRhbNExAY5yQoB6Z8OP+DOj/gnjpWojV/jP8Vfj38Zb9pBNOseuWXgOxkkzuMYgsRrsott3Hkm4JKHBkBO6gD9j/2Vf+CLX/BO/wDYzuIdQ+BXwW1Dw/rFvdxX8esXPxB8dyXZu4o4o/OnttP1/TdJu3kEKGX7Zp0/mFcHCDZQB+qaqEVVUYVQFAyTgAYAyck8DqTk980Af//W/v4oAKACgAoA+J/2o/2t1+Dvjf4S/s+/C3R9N+In7UXx4v55Ph/8N7y5vLKx0fwBoU8aeO/i74z1OGJbTS/BXgxJbe3ljmv7XVdf1e+tNK8O2uqXguLeIAwv2bP2q/Fvjj9pD9pP9kP4wWPhC1+L/wCz3pvwy8aR6v4Im1U6D4y+G/xZ0GXUvDuuR2erQJcabqWnaxp2u+HdVsXkz5+lLfQRixvLWe4APvWgD8Tvh/8A8p8f2jf+zAvgN/6sT4iUAftjQAUAFABQAUAFABQAUAFABQAUAFABQAUAFABQAUAFABQAUAFABQAUAFABQAUAFABQAUAFABQAUAYXifwv4b8a+H9W8J+L9B0jxP4Z16yl07WtA17T7XVNI1Wxmx5lrfafeRzW1zCxCtslQ7XVJF2uqMoB+UH/AA4V/wCCSP8Awmo8df8ADE/woGqi8XURYC31X+wv7QS5+1ref2T/AGl5Hmfav35j3fZi3yGDyf3VAH6veGPC3hrwVoGleFfB+gaN4W8M6HZw6fo3h/w/ptppGj6XY26BIbSw06xigtbWCNQAscMSKOuDkmgDeoAKACgAoAKACgAoAKACgAoAKACgAoAKACgAoAKACgAoAKACgAoAKACgAoAKAP/X/v4oAKACgAoA/B79l7R774mf8F2P+ClXxS8XtcSj9n74G/sv/Ar4S2d+xLaB4e8aeEpPiN48udPjbIhsPEviC4sb7zI8CZ7dy5yuygDG/wCCaenal8e/+Cm//BVj9u7T/Pl+EfiPxP8ACf8AZR+EOq/OdM8Tx/s36De6D468U6Bcj9zqOh6j4mvpbW3u4gYvtljfLGxIagD9+qAPxO+H/wDynx/aN/7MC+A3/qxPiJQB+2NABQAUAFABQAUAFABQAUAFABQAUAFABQAUAFABQAUAFABQAUAFABQAUAFABQAUAFABQAUAFABQAUAFABQB+dHjn9vxPtv7QEvwG+E2rfHfwn+yrZ61J8cPGei+JdE0HRLHxD4X0iXxD4s+H/gyfVHA8WeNPDWhxNdata2Jaztb8pojy/2lKsagH2b8G/ix4N+O/wAKfh58Zvh5qH9q+B/id4Q0Lxr4W1Arsa60XxBYQ6hYySJyUk8mdVkQ8q6kcYIoA+VPFn7at3fftT+PP2QPgd8MLr4pfFX4SfDHwn8U/ird33iTSfCPhrwlpnj59T/4QXw+LzU287Ute8UW+kXl1CbZPsWmW4il1CVRKooA9X/ZA/an8F/tjfBHRvjT4J0jWvDltda/4v8ABviHwt4iSEaz4W8a+APEupeD/GPh2+ktme0un0nxDpF/Zpe2jvbXkUSXMDGOVaAPp6gAoAKACgAoAKACgAoAKACgAoAKACgAoAKACgAoAKACgAoAKACgD//Q/v4oAKACgAoA+P8A4m/sU/Cz4j/Enxl8WrLxD8Svhh47+JfgrRPh38Udb+FPixfCVz8RfCHhttQ/sLTvE7nTdRkmudKtdV1DTLHVLFrHUYNKu5bNLkbbaS3APfPhP8Jvh38Dvh94Z+Fvwq8K6X4L8CeEdPTTdC8P6RAILW1gUs8ssjZaW6vbud5Lq+vrl5bu9u5Zbm5llmld2APRKAPxO+H/APynx/aN/wCzAvgN/wCrE+IlAH7Y0AFABQAUAFABQAUAFABQAUAFABQAUAFABQAUAFABQAUAFABQAUAFABQAUAFABQAUAFABQB+TH/BaL4ifF74A/sNfEf8Aag+CPxW8V/Dvxz+z1qXgT4iroei3+mW+i/Efw3pXjzw+vjLwPr1lqOn3bXsOteFLnVwgtZraeIWxkV1VXdQD6k/ZS8PfFDWtN/4X78RfjVrXjkfG3wN4G8Q6d8MbFNLHwv8Ahi0tndam8fgOe3gGp332+01Szs9U1LUrmRtRk0uK9SK2aaWKgD52/bp+Kf7R3gX4keFdN+Dn7aP7HH7NmgXXgyK91Lwl+0ZoT6p4r1vVjrWrQt4g0aZdY04R6A9pDbafHH5Lf8TCxvm8w52qAeB/AL45ftheIPjJ8PtG8a/8FH/+CdvxP8Kahr0cGueAfhp4XktPHnimyNtcM2meGLk+IbkQ6k8ipKrGCX91DKNvIKgH6b/tj/FfUvgT+yV+018aNEdo9d+FnwF+LPjzQJFi8/Z4g8MeBtc1bQmaLBDxrq1tZmUMNgj3F8KDQB+IfwbuNK/Yk/4NvvEHxD8T3kv/AAm/xA/ZF8d/EbxPqbsbjWvEXxz/AGn9G1GSEGX5rvVtSuvHvj+ztrZR51y1vEkcSlIgFAP1G/4JZfCjxR+zz/wTd/Y5+F/xIZ7Lxd4B/Z2+Hdn4zju3IXS9Xg8M2l3rFsWblLfT5nmiXdgpFFggYIoA/DP9qPT/ANpn4/v40/4LV/8ABPy2vfhhpPg/wFq3gjxh4RGttZeNP2x/2ZfhxqmpN4k8Xw20lrcaX4I8SaDo9lq+ofCfUrkXGqvpypLdWi5toroA/oR/YEsPgVF+yB8B9e/Zu8Ov4Z+EHj/wFo/xM8MWN1NLdapdt8QoB4r1PWNdvZy09/r+r6nql1qGs302JLu/nnmKpu2KAfYVABQAUAFABQAUAFABQAUAFABQAUAFABQAUAFABQAUAFABQB+BvxY+J/7THhD/AIK6Wf7GfhH9ovxLa/Cj9qr9k69+Jek3HiC80TVtX+Bvi34e+Mr/AEfxevw0tG062/4nvijQ9X8PXWm2mrSXkWn24utWRJTZwJKAft18NfCereBPAHg/wbr3jXxD8R9Z8NeH9N0bU/Hniz7J/wAJL4tvbG2jguNe1v7BDb2Q1LUZFNxd/ZoY4fNdvLRFIWgD/9H+/igAoAKACgAoAKACgD8Tvh//AMp8f2jf+zAvgN/6sT4iUAftjQAUAFABQAUAFABQAUAFABQAUAFABQAUAFABQAUAFABQAUAFABQAUAFABQAUAFABQAUAFAHw78Rf2OL746at8a9L+Pvxa1L4mfB74jeH/FHhzwD8IpfCukaRo/wxtvGfgy78G69qR1OC5nufF2sQ2Oo6g/h+61SG3XRZL28nhWW4uEe1AOt/Yr/Zk1r9kr4C+B/grr3xf8TfGqfwL4f0bwlpHizxNpljok8Hhjw1p8GkeHtIh0vT57i3VrLTbWH7dqEk0lzquoPdahN5JnFugB2vxa/ZS/Zp+POuaf4l+NPwK+F3xS8QaTpa6Jpms+OfB2i+ItSsNIS6ub5dNtbvUrK5lhs1vLy6uRbo6xia4lkxudqAOP8AB/7CP7GPw+8TaN408D/sv/A/wn4t8O3i6hoXiPQPh54c0zWNIvlR41u9Pv7XTYbi1nEckiCWKRWCuw5BIYA+gviB4F8M/FDwH41+GvjXTU1jwd8QfCniHwT4q0mU7U1Lw54p0m70TWrFnAJT7Vp19cw+Yo3Rlw64YCgD87PDX/BNDR5PCv7P/wAI/i58Y/EXxe/Z9/Zhu/Dep/Cv4P6p4Y0rQrHUdY8DRiD4f6p8Ttcsr66u/Hz+C4Fhk0qyvLazsp9Vt4tZvYpZ9luoB9W3PwQ8f3H7T9t8bv8AhfHjFPhHD8Grn4ZXP7MX9kaM/wAOr/xPca//AGovxMuNRaM6uNdg0rd4fjsFP9nPYyuZIy4Q0AfOugf8E/77wP8AAPxd+yj8O/jx4l8Ifs7eKLfxd4fs/CkXhTR9Q8WeEfh944nvm8Q+AvDXja4vo7m3sDYarqWk6Lqk1g99oWny28MMd09ssrAH3B8K/hl4M+C/w28DfCX4d6RFoHgX4c+FtF8HeE9GhLNFpug6BYw6dptortln8q2gRS7cs2ScZIoA76gAoAKACgAoAKACgAoAKACgAoAKACgAoAKACgAoAKACgDhPid4e8XeLPh94u8N+AvG0vw38Z6zol3Y+G/HcOj2viCTwtqsy/wCjaumi30sFpqJt2HNtPKiMGJzlVFAH50/E7/gmUvxH8V/syfF8fH/xd4e/aM+AfjnxX4v8SfHHT/C2iS698T7H4heDrfwX448M3mkTXQsfDujXGl6fpA8LWtlNeQ+FJdLs7i3ivbiJ3nAP1GsLNNPsbSxjkmlSzt4bdZZ5DLPKIUCeZNIxJeV9u6RyfmYk8cUAf//S/v4oAKACgAoAKACgAoA/E74f/wDKfH9o3/swL4Df+rE+IlAH7Y0AFABQAUAFABQAUAFABQAUAFABQAUAFABQAUAFABQAUAFABQAUAFABQAUAFABQAUAFABQAUAFABQAUAFABQAUAFABQAUAFABQAUAFABQAUAFABQAUAFABQAUAFABQAUAFABQAUAFABQAUAf//Z</file>
    </generalfeedback>
    <defaultgrade>4.0000000</defaultgrade>
    <penalty>0.0000000</penalty>
    <hidden>0</hidden>
    <idnumber></idnumber>
    <correctfeedback format="html">
      <text>Vaše odpověď je správná.</text>
    </correctfeedback>
    <partiallycorrectfeedback format="html">
      <text>Vaše odpověď je částečně správná.</text>
    </partiallycorrectfeedback>
    <incorrectfeedback format="html">
      <text>Vaše odpověď je chybná.</text>
    </incorrectfeedback>
    <shownumcorrect/>
<varsrandom><text></text>
</varsrandom>
<varsglobal><text><![CDATA[c=9/5;c2=c*c; f = "xt"; a=-1;b=1; phi="x"; psi="1-x^2"; alpha="-1"; beta = "\\frac{1}{1+t^2}";h=0.2; tau = 0.1; tau2=2*tau;
sigma = c*tau/h; sigma2 = sigma*sigma;
x = [a, a+h, a+2*h, a+3*h, a+4*h, a+5*h, a+6*h, a+7*h,a+8*h, a+9*h,  b];
u0 = [x[0], x[1], x[2], x[3], x[4], x[5], x[6], x[7], x[8], x[9], x[10]];
u1 =[-1, u0[1] + tau*(1-pow(x[1],2)), u0[2] + tau*(1-pow(x[2],2)), u0[3] + tau*(1-pow(x[3],2)), u0[4] + tau*(1-pow(x[4],2)),      u0[5] + tau*(1-pow(x[5],2)), u0[6] + tau*(1-pow(x[6],2)), u0[7] + tau*(1-pow(x[7],2)), u0[8] + tau*(1-pow(x[8],2)),  u0[9] + tau*(1-pow(x[9],2)), 1/(1+tau*tau)];
u2=[-1,   sigma2*(u1[0] + u1[2]) + 2*(1-sigma2)*u1[1]  -u0[1] + tau*tau*x[1]*tau,  sigma2*(u1[1] + u1[3]) + 2*(1-sigma2)*u1[2]  -u0[2] + tau*tau*x[2]*tau,  sigma2*(u1[2] + u1[4]) + 2*(1-sigma2)*u1[3]  -u0[3] + tau*tau*x[3]*tau,  sigma2*(u1[3] + u1[5]) + 2*(1-sigma2)*u1[4]  -u0[4] + tau*tau*x[4]*tau,   sigma2*(u1[4] + u1[6]) + 2*(1-sigma2)*u1[5]  -u0[5] + tau*tau*x[5]*tau,  sigma2*(u1[5] + u1[7]) + 2*(1-sigma2)*u1[6]  -u0[6] + tau*tau*x[6]*tau,  sigma2*(u1[6] + u1[8]) + 2*(1-sigma2)*u1[7]  -u0[7] + tau*tau*x[7]*tau,  sigma2*(u1[7] + u1[9]) + 2*(1-sigma2)*u1[8]  -u0[8] + tau*tau*x[8]*tau,    sigma2*(u1[8] + u1[10]) + 2*(1-sigma2)*u1[9]  -u0[9] + tau*tau*x[9]*tau,  1/(1+tau2*tau2)];

]]></text>
</varsglobal>
<answernumbering><text>abc</text>
</answernumbering>
<answers>
 <partindex>
  <text>0</text>
 </partindex>
 <placeholder>
  <text></text>
 </placeholder>
 <answermark>
  <text>1</text>
 </answermark>
 <answertype>
  <text>10</text>
 </answertype>
 <numbox>
  <text>3</text>
 </numbox>
 <vars1>
  <text></text>
 </vars1>
 <answer>
  <text>[u0[8], u0[9], u0[10]]</text>
 </answer>
 <vars2>
  <text></text>
 </vars2>
 <correctness>
  <text><![CDATA[_relerr < 0.01]]></text>
 </correctness>
 <unitpenalty>
  <text>1</text>
 </unitpenalty>
 <postunit>
  <text></text>
 </postunit>
 <ruleid>
  <text>1</text>
 </ruleid>
 <otherrule>
  <text></text>
 </otherrule>
 <subqtext format="html">
<text><![CDATA[<p>Určete hodnoty \(u\) v bodech nulté časové vrstvy:</p><p>\(u({x[8]}, 0) =\) {_0}</p><p>\(u({x[9]}, 0) = \){_1}<br></p><p> \(u({x[10]}, 0) = \){_2} <br></p><p><br></p><p><br></p>]]></text>
 </subqtext>
 <feedback format="html">
<text></text>
 </feedback>
 <correctfeedback format="html">
<text></text>
 </correctfeedback>
 <partiallycorrectfeedback format="html">
<text></text>
 </partiallycorrectfeedback>
 <incorrectfeedback format="html">
<text></text>
 </incorrectfeedback>
</answers>
<answers>
 <partindex>
  <text>1</text>
 </partindex>
 <placeholder>
  <text></text>
 </placeholder>
 <answermark>
  <text>1</text>
 </answermark>
 <answertype>
  <text>10</text>
 </answertype>
 <numbox>
  <text>3</text>
 </numbox>
 <vars1>
  <text></text>
 </vars1>
 <answer>
  <text>[u1[8], u1[9], u1[10]]</text>
 </answer>
 <vars2>
  <text></text>
 </vars2>
 <correctness>
  <text><![CDATA[_relerr < 0.01]]></text>
 </correctness>
 <unitpenalty>
  <text>1</text>
 </unitpenalty>
 <postunit>
  <text></text>
 </postunit>
 <ruleid>
  <text>1</text>
 </ruleid>
 <otherrule>
  <text></text>
 </otherrule>
 <subqtext format="html">
<text><![CDATA[<p>Určete přibližné hodnoty \(U_i^1\) v bodech první časové vrstvy .</p><p></p><p>\(U({x[8]}, {tau}) =\) {_0}</p><p>\(U({x[9]}, {tau}) = \){_1}<br></p><p> \(U({x[10]}, {tau}) = \){_2} <br></p><p></p><p><br></p>]]></text>
 </subqtext>
 <feedback format="html">
<text></text>
 </feedback>
 <correctfeedback format="html">
<text></text>
 </correctfeedback>
 <partiallycorrectfeedback format="html">
<text></text>
 </partiallycorrectfeedback>
 <incorrectfeedback format="html">
<text></text>
 </incorrectfeedback>
</answers>
<answers>
 <partindex>
  <text>2</text>
 </partindex>
 <placeholder>
  <text></text>
 </placeholder>
 <answermark>
  <text>1</text>
 </answermark>
 <answertype>
  <text>10</text>
 </answertype>
 <numbox>
  <text>2</text>
 </numbox>
 <vars1>
  <text></text>
 </vars1>
 <answer>
  <text>[sigma, sigma2]</text>
 </answer>
 <vars2>
  <text></text>
 </vars2>
 <correctness>
  <text><![CDATA[_relerr < 0.01]]></text>
 </correctness>
 <unitpenalty>
  <text>1</text>
 </unitpenalty>
 <postunit>
  <text></text>
 </postunit>
 <ruleid>
  <text>1</text>
 </ruleid>
 <otherrule>
  <text></text>
 </otherrule>
 <subqtext format="html">
<text><![CDATA[<p>Určete \(\displaystyle \sigma = \frac{c\tau}{\ h}\) {_0}&nbsp; a \(\sigma^2 = \frac{c^2\tau^2}{{h^2}}\)={_1}.<br></p>]]></text>
 </subqtext>
 <feedback format="html">
<text></text>
 </feedback>
 <correctfeedback format="html">
<text></text>
 </correctfeedback>
 <partiallycorrectfeedback format="html">
<text></text>
 </partiallycorrectfeedback>
 <incorrectfeedback format="html">
<text></text>
 </incorrectfeedback>
</answers>
<answers>
 <partindex>
  <text>3</text>
 </partindex>
 <placeholder>
  <text></text>
 </placeholder>
 <answermark>
  <text>1</text>
 </answermark>
 <answertype>
  <text>10</text>
 </answertype>
 <numbox>
  <text>1</text>
 </numbox>
 <vars1>
  <text></text>
 </vars1>
 <answer>
  <text>u2[9]</text>
 </answer>
 <vars2>
  <text></text>
 </vars2>
 <correctness>
  <text><![CDATA[_relerr < 0.01]]></text>
 </correctness>
 <unitpenalty>
  <text>1</text>
 </unitpenalty>
 <postunit>
  <text></text>
 </postunit>
 <ruleid>
  <text>1</text>
 </ruleid>
 <otherrule>
  <text></text>
 </otherrule>
 <subqtext format="html">
<text><![CDATA[<p></p><p>Určete přibližnou hodnotu \(U({x[9]},{tau2})\) explicitním schématem.</p><p></p><p>\(U({x[9]}, {tau2}) =\) {_0}</p><p></p>]]></text>
 </subqtext>
 <feedback format="html">
<text></text>
 </feedback>
 <correctfeedback format="html">
<text></text>
 </correctfeedback>
 <partiallycorrectfeedback format="html">
<text></text>
 </partiallycorrectfeedback>
 <incorrectfeedback format="html">
<text></text>
 </incorrectfeedback>
</answers>
  </question>

<!-- question: 140171  -->
  <question type="formulas">
    <name>
      <text>vlna 5</text>
    </name>
    <questiontext format="html">
      <text><![CDATA[<p>Je dána smíšená úloha pro vlnovou rovnici</p><p>$$
\frac{\partial^{2} u}{\partial t^{2}}={c2}\frac{\partial^{2} u}{\partial x^{2}}+{f}\quad \mbox{ v oblasti&nbsp; }\Omega=\{[x,t]:x\in({a},\ {b}),\ t&gt;0\},$$ s počátečními a okrajovými podmínkami</p><p>
$$\left.
\begin{array}{rcl}
u(x,0) &amp;=&amp; {phi} \\
\frac{\partial u}{\partial t}(x,0) &amp;=&amp; {psi}
\end{array}
\right\} x \in \langle {a},\ {b} \rangle, \quad&nbsp; \left.
\begin{array}{rcl}
u({a},\ t) &amp;=&amp;{alpha} \\ u({b},\ t) &amp;=&amp; {beta}
\end{array}
\right\} t \in \langle 0,\ \infty ) $$</p><p>Jsou zadané kroky: prostorový \(h = {h}\) a časový \(\tau = {tau}\)<br></p>]]></text>
    </questiontext>
    <generalfeedback format="html">
      <text><![CDATA[<p>Hodnoty v nulté časové vrstvě \(U_i^0\) počítáme z počáteční podmínky pro polohu: \(U_i^0 = \varphi(x_i)\).</p><p>Hodnoty v první časové vrstvě \(U_i^1\) lze počítat z počátečních podmínek pro polohu a pro rychlost: \(U_i^1 = \varphi(x_i) + \tau\psi(x_i)\), v krajním bodě [{x[0]},{tau}] z okrajové podmínky.</p><p>Hodnotu v hledaných bodech [{x[1]}, {tau2}] , [{x[2]}, {tau2}] druhé časové vrstvy počítáme:<br></p><p>$$U_1^{2} = {sigma2} U({x[0]}, {tau}) +2 \left( 1-{sigma2}\right)U({x[1]},{tau}) +{sigma2}U({x[2]},{tau}) - U({x[1]},{0}) + {tau}^{2} f({x[1]},{tau})$$</p><p>$$U_2^{2} = {sigma2} U({x[1]}, {tau}) +2 \left( 
1-{sigma2}\right)U({x[2]},{tau}) +{sigma2}U({x[3]},{tau}) - 
U({x[2]},{0}) + {tau}^{2} f({x[2]},{tau})$$<br></p><p><img src="@@PLUGINFILE@@/vlna5_moodle.jpg" alt="" role="presentation" class="img-responsive atto_image_button_right" width="250" height="126"><br></p>]]></text>
<file name="vlna4_moodle.jpg" path="/" encoding="base64">/9j/4AAQSkZJRgABAQAASABIAAD/4QBMRXhpZgAATU0AKgAAAAgAAgESAAMAAAABAAEAAIdpAAQAAAABAAAAJgAAAAAAAqACAAQAAAABAAACKKADAAQAAAABAAABYAAAAAD/4QkhaHR0cDovL25zLmFkb2JlLmNvbS94YXAvMS4wLwA8P3hwYWNrZXQgYmVnaW49Iu+7vyIgaWQ9Ilc1TTBNcENlaGlIenJlU3pOVGN6a2M5ZCI/PiA8eDp4bXBtZXRhIHhtbG5zOng9ImFkb2JlOm5zOm1ldGEvIiB4OnhtcHRrPSJYTVAgQ29yZSA1LjQuMCI+IDxyZGY6UkRGIHhtbG5zOnJkZj0iaHR0cDovL3d3dy53My5vcmcvMTk5OS8wMi8yMi1yZGYtc3ludGF4LW5zIyI+IDxyZGY6RGVzY3JpcHRpb24gcmRmOmFib3V0PSIiLz4gPC9yZGY6UkRGPiA8L3g6eG1wbWV0YT4gICAgICAgICAgICAgICAgICAgICAgICAgICAgICAgICAgICAgICAgICAgICAgICAgICAgICAgICAgICAgICAgICAgICAgICAgICAgICAgICAgICAgICAgICAgICAgICAgICAgICAgICAgICAgICAgICAgICAgICAgICAgICAgICAgICAgICAgICAgICAgICAgICAgICAgICAgICAgICAgICAgICAgICAgICAgICAgICAgICAgICAgICAgICAgICAgICAgICAgICAgICAgICAgICAgICAgICAgICAgICAgICAgICAgICAgICAgICAgICAgICAgICAgICAgICAgICAgICAgICAgICAgICAgICAgICAgICAgICAgICAgICAgICAgICAgICAgICAgICAgICAgICAgICAgICAgICAgICAgICAgICAgICAgICAgICAgICAgICAgICAgICAgICAgICAgICAgICAgICAgICAgICAgICAgICAgICAgICAgICAgICAgICAgICAgICAgICAgICAgICAgICAgICAgICAgICAgICAgICAgICAgICAgICAgICAgICAgICAgICAgICAgICAgICAgICAgICAgICAgICAgICAgICAgICAgICAgICAgICAgICAgICAgICAgICAgICAgICAgICAgICAgICAgICAgICAgICAgICAgICAgICAgICAgICAgICAgICAgICAgICAgICAgICAgICAgICAgICAgICAgICAgICAgICAgICAgICAgICAgICAgICAgICAgICAgICAgICAgICAgICAgICAgICAgICAgICAgICAgICAgICAgICAgICAgICAgICAgICAgICAgICAgICAgICAgICAgICAgICAgICAgICAgICAgICAgICAgICAgICAgICAgICAgICAgICAgICAgICAgICAgICAgICAgICAgICAgICAgICAgICAgICAgICAgICAgICAgICAgICAgICAgICAgICAgICAgICAgICAgICAgICAgICAgICAgICAgICAgICAgICAgICAgICAgICAgICAgICAgICAgICAgICAgICAgICAgICAgICAgICAgICAgICAgICAgICAgICAgICAgICAgICAgICAgICAgICAgICAgICAgICAgICAgICAgICAgICAgICAgICAgICAgICAgICAgICAgICAgICAgICAgICAgICAgICAgICAgICAgICAgICAgICAgICAgICAgICAgICAgICAgICAgICAgICAgICAgICAgICAgICAgICAgICAgICAgICAgICAgICAgICAgICAgICAgICAgICAgICAgICAgICAgICAgICAgICAgICAgICAgICAgICAgICAgICAgICAgICAgICAgICAgICAgICAgICAgICAgICAgICAgICAgICAgICAgICAgICAgICAgICAgICAgICAgICAgICAgICAgICAgICAgICAgICAgICAgICAgICAgICAgICAgICAgICAgICAgICAgICAgICAgICAgICAgICAgICAgICAgICAgICAgICAgICAgICAgICAgICAgICAgICAgICAgICAgICAgICAgICAgICAgICAgICAgICAgICAgICAgICAgICAgICAgICAgICAgICAgICAgICAgICAgICAgICAgICAgICAgICAgICAgICAgICAgICAgICAgICAgICAgICAgICAgICAgICAgICAgICAgICAgICAgICAgICAgICAgICAgICAgICAgICAgICAgICAgICAgICAgICAgICAgICAgICAgICAgICAgICAgICAgICAgICAgICAgICAgICAgICAgICAgICAgICAgICAgICAgICAgICAgICAgICAgICAgICAgICAgICAgICAgICAgICAgICAgICAgICAgICAgICAgICAgICAgICAgICAgICAgICAgICAgICAgICAgICAgICAgICAgICAgICAgICAgICAgICAgICAgICAgICAgICAgICAgICAgICAgICAgICAgICAgICAgICAgICAgICAgICAgICAgICAgICAgICAgICAgICAgICAgICAgICAgICAgICAgICAgICAgICAgICAgICAgICAgICAgICAgICAgICAgICAgICAgICAgICAgICAgICAgICAgICAgICAgICAgICAgICAgICAgICAgICAgICAgICAgICAgICAgICAgICAgICAgICAgICAgICAgICAgICAgICAgICAgICAgICAgICAgICAgICAgICAgICAgICAgICAgICAgICAgICAgICAgICAgICAgICAgICAgICAgICAgICAgICAgICAgICAgICAgICAgICAgICAgICAgICAgICAgICAgICAgICAgICAgICAgICAgICAgICAgICAgICAgICAgICAgICAgICAgICAgICAgICAgICAgICAgICAgICAgICAgICAgICAgICAgICAgICAgICAgICAgICAgICAgICAgICAgICAgICAgICAgICAgICAgICAgICAgICAgICAgICAgICAgICAgICAgICAgICAgICAgICAgICAgICAgICAgICAgICAgICAgICAgICAgICAgICAgICAgICAgICAgICAgICAgICAgICAgICAgICAgICAgICAgICAgICAgICAgICAgICAgICAgICAgICAgICAgICAgICAgICAgICAgICAgICAgICAgICAgICAgICA8P3hwYWNrZXQgZW5kPSJ3Ij8+AP/tADhQaG90b3Nob3AgMy4wADhCSU0EBAAAAAAAADhCSU0EJQAAAAAAENQdjNmPALIE6YAJmOz4Qn7/4htESUNDX1BST0ZJTEUAAQEAABs0YXBwbAIQAABtbnRyUkdCIFhZWiAH5AABAAEACAAyADRhY3NwQVBQTAAAAABBUFBMAAAAAAAAAAAAAAAAAAAAAAAA9tYAAQAAAADTLWFwcGwAAAAAAAAAAAAAAAAAAAAAAAAAAAAAAAAAAAAAAAAAAAAAAAAAAAAAAAAAAAAAABFkZXNjAAABUAAAAGJkc2NtAAABtAAABDZjcHJ0AAAF7AAAACN3dHB0AAAGEAAAABRyWFlaAAAGJAAAABRnWFlaAAAGOAAAABRiWFlaAAAGTAAAABRyVFJDAAAGYAAACAxhYXJnAAAObAAAACB2Y2d0AAAOjAAABhJuZGluAAAUoAAABj5jaGFkAAAa4AAAACxtbW9kAAAbDAAAAChiVFJDAAAGYAAACAxnVFJDAAAGYAAACAxhYWJnAAAObAAAACBhYWdnAAAObAAAACBkZXNjAAAAAAAAAAhEaXNwbGF5AAAAAAAAAAAAAAAAAAAAAAAAAAAAAAAAAAAAAAAAAAAAAAAAAAAAAAAAAAAAAAAAAAAAAAAAAAAAAAAAAAAAAAAAAAAAAAAAAAAAAAAAAAAAbWx1YwAAAAAAAAAjAAAADGhySFIAAAAUAAABtGtvS1IAAAAMAAAByG5iTk8AAAASAAAB1GlkAAAAAAASAAAB5mh1SFUAAAAUAAAB+GNzQ1oAAAAWAAACDGRhREsAAAAcAAACIm5sTkwAAAAWAAACPmZpRkkAAAAQAAACVGl0SVQAAAAUAAACZHJvUk8AAAASAAACeGVzRVMAAAASAAACeGFyAAAAAAAUAAACinVrVUEAAAAcAAACnmhlSUwAAAAWAAACunpoVFcAAAAMAAAC0HZpVk4AAAAOAAAC3HNrU0sAAAAWAAAC6npoQ04AAAAMAAAC0HJ1UlUAAAAkAAADAGZyRlIAAAAWAAADJG1zAAAAAAASAAADOmhpSU4AAAASAAADTHRoVEgAAAAMAAADXmNhRVMAAAAYAAADamVzWEwAAAASAAACeGRlREUAAAAQAAADgmVuVVMAAAASAAADknB0QlIAAAAYAAADpHBsUEwAAAASAAADvGVsR1IAAAAiAAADznN2U0UAAAAQAAAD8HRyVFIAAAAUAAAEAHB0UFQAAAAWAAAEFGphSlAAAAAMAAAEKgBMAEMARAAgAHUAIABiAG8AagBpzuy37AAgAEwAQwBEAEYAYQByAGcAZQAtAEwAQwBEAEwAQwBEACAAVwBhAHIAbgBhAFMAegDtAG4AZQBzACAATABDAEQAQgBhAHIAZQB2AG4A/QAgAEwAQwBEAEwAQwBEAC0AZgBhAHIAdgBlAHMAawDmAHIAbQBLAGwAZQB1AHIAZQBuAC0ATABDAEQAVgDkAHIAaQAtAEwAQwBEAEwAQwBEACAAYwBvAGwAbwByAGkATABDAEQAIABjAG8AbABvAHIgDwBMAEMARAAgBkUGRAZIBkYGKQQaBD4EOwRMBD4EQAQ+BDIEOAQ5ACAATABDAEQgDwBMAEMARAAgBeYF0QXiBdUF4AXZX2mCcgAgAEwAQwBEAEwAQwBEACAATQDgAHUARgBhAHIAZQBiAG4A/QAgAEwAQwBEBCYEMgQ1BEIEPQQ+BDkAIAQWBBoALQQ0BDgEQQQ/BDsENQQ5AEwAQwBEACAAYwBvAHUAbABlAHUAcgBXAGEAcgBuAGEAIABMAEMARAkwCQIJFwlACSgAIABMAEMARABMAEMARAAgDioONQBMAEMARAAgAGUAbgAgAGMAbwBsAG8AcgBGAGEAcgBiAC0ATABDAEQAQwBvAGwAbwByACAATABDAEQATABDAEQAIABDAG8AbABvAHIAaQBkAG8ASwBvAGwAbwByACAATABDAEQDiAOzA8cDwQPJA7wDtwAgA78DuAPMA70DtwAgAEwAQwBEAEYA5AByAGcALQBMAEMARABSAGUAbgBrAGwAaQAgAEwAQwBEAEwAQwBEACAAYQAgAEMAbwByAGUAczCrMOkw/ABMAEMARAAAdGV4dAAAAABDb3B5cmlnaHQgQXBwbGUgSW5jLiwgMjAyMAAAWFlaIAAAAAAAAPNSAAEAAAABFs9YWVogAAAAAAAAYWwAADgyAAAKQlhZWiAAAAAAAABvHAAArpUAABaZWFlaIAAAAAAAACZOAAAZOQAAslJjdXJ2AAAAAAAABAAAAAAFAAoADwAUABkAHgAjACgALQAyADYAOwBAAEUASgBPAFQAWQBeAGMAaABtAHIAdwB8AIEAhgCLAJAAlQCaAJ8AowCoAK0AsgC3ALwAwQDGAMsA0ADVANsA4ADlAOsA8AD2APsBAQEHAQ0BEwEZAR8BJQErATIBOAE+AUUBTAFSAVkBYAFnAW4BdQF8AYMBiwGSAZoBoQGpAbEBuQHBAckB0QHZAeEB6QHyAfoCAwIMAhQCHQImAi8COAJBAksCVAJdAmcCcQJ6AoQCjgKYAqICrAK2AsECywLVAuAC6wL1AwADCwMWAyEDLQM4A0MDTwNaA2YDcgN+A4oDlgOiA64DugPHA9MD4APsA/kEBgQTBCAELQQ7BEgEVQRjBHEEfgSMBJoEqAS2BMQE0wThBPAE/gUNBRwFKwU6BUkFWAVnBXcFhgWWBaYFtQXFBdUF5QX2BgYGFgYnBjcGSAZZBmoGewaMBp0GrwbABtEG4wb1BwcHGQcrBz0HTwdhB3QHhgeZB6wHvwfSB+UH+AgLCB8IMghGCFoIbgiCCJYIqgi+CNII5wj7CRAJJQk6CU8JZAl5CY8JpAm6Cc8J5Qn7ChEKJwo9ClQKagqBCpgKrgrFCtwK8wsLCyILOQtRC2kLgAuYC7ALyAvhC/kMEgwqDEMMXAx1DI4MpwzADNkM8w0NDSYNQA1aDXQNjg2pDcMN3g34DhMOLg5JDmQOfw6bDrYO0g7uDwkPJQ9BD14Peg+WD7MPzw/sEAkQJhBDEGEQfhCbELkQ1xD1ERMRMRFPEW0RjBGqEckR6BIHEiYSRRJkEoQSoxLDEuMTAxMjE0MTYxODE6QTxRPlFAYUJxRJFGoUixStFM4U8BUSFTQVVhV4FZsVvRXgFgMWJhZJFmwWjxayFtYW+hcdF0EXZReJF64X0hf3GBsYQBhlGIoYrxjVGPoZIBlFGWsZkRm3Gd0aBBoqGlEadxqeGsUa7BsUGzsbYxuKG7Ib2hwCHCocUhx7HKMczBz1HR4dRx1wHZkdwx3sHhYeQB5qHpQevh7pHxMfPh9pH5Qfvx/qIBUgQSBsIJggxCDwIRwhSCF1IaEhziH7IiciVSKCIq8i3SMKIzgjZiOUI8Ij8CQfJE0kfCSrJNolCSU4JWgllyXHJfcmJyZXJocmtyboJxgnSSd6J6sn3CgNKD8ocSiiKNQpBik4KWspnSnQKgIqNSpoKpsqzysCKzYraSudK9EsBSw5LG4soizXLQwtQS12Last4S4WLkwugi63Lu4vJC9aL5Evxy/+MDUwbDCkMNsxEjFKMYIxujHyMioyYzKbMtQzDTNGM38zuDPxNCs0ZTSeNNg1EzVNNYc1wjX9Njc2cjauNuk3JDdgN5w31zgUOFA4jDjIOQU5Qjl/Obw5+To2OnQ6sjrvOy07azuqO+g8JzxlPKQ84z0iPWE9oT3gPiA+YD6gPuA/IT9hP6I/4kAjQGRApkDnQSlBakGsQe5CMEJyQrVC90M6Q31DwEQDREdEikTORRJFVUWaRd5GIkZnRqtG8Ec1R3tHwEgFSEtIkUjXSR1JY0mpSfBKN0p9SsRLDEtTS5pL4kwqTHJMuk0CTUpNk03cTiVObk63TwBPSU+TT91QJ1BxULtRBlFQUZtR5lIxUnxSx1MTU19TqlP2VEJUj1TbVShVdVXCVg9WXFapVvdXRFeSV+BYL1h9WMtZGllpWbhaB1pWWqZa9VtFW5Vb5Vw1XIZc1l0nXXhdyV4aXmxevV8PX2Ffs2AFYFdgqmD8YU9homH1YklinGLwY0Njl2PrZEBklGTpZT1lkmXnZj1mkmboZz1nk2fpaD9olmjsaUNpmmnxakhqn2r3a09rp2v/bFdsr20IbWBtuW4SbmtuxG8eb3hv0XArcIZw4HE6cZVx8HJLcqZzAXNdc7h0FHRwdMx1KHWFdeF2Pnabdvh3VnezeBF4bnjMeSp5iXnnekZ6pXsEe2N7wnwhfIF84X1BfaF+AX5ifsJ/I3+Ef+WAR4CogQqBa4HNgjCCkoL0g1eDuoQdhICE44VHhauGDoZyhteHO4efiASIaYjOiTOJmYn+imSKyoswi5aL/IxjjMqNMY2Yjf+OZo7OjzaPnpAGkG6Q1pE/kaiSEZJ6kuOTTZO2lCCUipT0lV+VyZY0lp+XCpd1l+CYTJi4mSSZkJn8mmia1ZtCm6+cHJyJnPedZJ3SnkCerp8dn4uf+qBpoNihR6G2oiailqMGo3aj5qRWpMelOKWpphqmi6b9p26n4KhSqMSpN6mpqhyqj6sCq3Wr6axcrNCtRK24ri2uoa8Wr4uwALB1sOqxYLHWskuywrM4s660JbSctRO1irYBtnm28Ldot+C4WbjRuUq5wro7urW7LrunvCG8m70VvY++Cr6Evv+/er/1wHDA7MFnwePCX8Lbw1jD1MRRxM7FS8XIxkbGw8dBx7/IPci8yTrJuco4yrfLNsu2zDXMtc01zbXONs62zzfPuNA50LrRPNG+0j/SwdNE08bUSdTL1U7V0dZV1tjXXNfg2GTY6Nls2fHadtr724DcBdyK3RDdlt4c3qLfKd+v4DbgveFE4cziU+Lb42Pj6+Rz5PzlhOYN5pbnH+ep6DLovOlG6dDqW+rl63Dr++yG7RHtnO4o7rTvQO/M8Fjw5fFy8f/yjPMZ86f0NPTC9VD13vZt9vv3ivgZ+Kj5OPnH+lf65/t3/Af8mP0p/br+S/7c/23//3BhcmEAAAAAAAMAAAACZmYAAPKnAAANWQAAE9AAAApbdmNndAAAAAAAAAAAAAMBAAACAAAAVgEuAesCxAODBFMFQAYnBxoIGAkfCj0LTgxrDZAOuQ/sES0SZROjFOMWKhd5GL8aDxtXHKQd8x88IIQhzSMRJFIljSbLKAApMypmK5csyi33LygwUTGAMqsz1TUCNjE3XTiKObY64TwNPTg+YD+JQLFB3EMIRDZFY0aQR7hI3koBSyRMR01qTo9PtFDYUfhTFlQzVU9WbVeNWK5Zy1rhW/Bc9137XwBgCmEZYi1jQWRSZV9mZWdhaFNpPGogawFr4Gy/baBug29ocFBxOHIgcwhz73TWdb52qHeTeH55bHpZe0l8PX03fjZ/OYBBgUuCV4NlhHSFhYaUh6SIs4nAisyL1ozfjeeO7Y/ykPWR9pL1k/WU+pYElxWYLJlHmmObf5yYna6ev5/LoNSh2qLgo+mk9KYDpxWoKqlCqlyrd6yUrbKu0a/xsRGyM7NTtHO1kLapt7q4wbnDusC7u7y1va++qb+jwJ3BlcKKw3zEasVTxjbHGMf5yODJz8rGy8PMwc28zq/PmNBz0UPSDdLT05vUZtU11gXW19eo2HbZQNoG2sfbgNw13Ofdkd473uPfjeA74Ovhn+JS4wPjr+RV5PnllOYs5r/nUufk6IXpL+nk6qjrbuwz7PXtr+5j7xHvtfBQ8ObxfPIX8sbzj/Ru9WH2ZveK+OT6xf0u//8AAABWASMBsAJqAzID6ASxBYAGWAc9CC0JJwonCyIMMA06DlEPYxB+EZ8SvhPpFRAWOBdhGIgZtBreHAsdMx5bH4AgoSG/Itsj9SULJh8nNShJKWAqeSuTLLEtzC7oMAQxITI8M1o0dDWLNqQ3uTjNOeI69DwGPRs+MT9NQGxBj0KwQ9BE7UYIRx1IMklFSlVLY0xuTXhOfk+DUIVRhlKIU4pUjFWKVoRXeVhoWVRaRFs/XEZdWl53X5VgsGHCYspjxWS1ZZxme2dXaDBpDGnsatBrumypbZtuj2+CcHJxXHJAcx9z+3TVda12hndieEV5MHokex18GX0VfhB/Bn/2gOKByoKxg5WEd4VdhkqHRIhMiWGKgYuljMaN3o7uj/WQ95H1kvOT8JTtleyW7pf4mRCaOZtunKadzp7jn+mg5aHfotmj0aTIpb6mvKfKqO2qIatdrJyt2a8UsE6xiLLCs/m1LrZkt5u40roFuzS8X72Fvqa/vMC+warCkMN9xHfFgMaPx53Io8meyo7LdcxTzS3OBM7az7LQi9Fq0lHTRdRF1VHWYtd12ITZh9p922bcQ90a3ezeud+H4FjhLeII4ubjw+Sd5XHmQOcM59Too+l/6mnrZOxo7W3ucO9w8HDxcvJ283n0d/Vp9kf3D/ez+EX4y/la+e360PwM/dr//wAAACsAxAFLAdgCZQMGA48EKwTPBXoGLwbpB6UIaAkvCfkKygufDHcNUg4yDw4P9hDZEcASqROTFH0VZxZSFz0YKRkVGfwa6BvSHL4drh6jH5sgliGUIo8jhiR2JWEmRScgJ/gozCmfKnMrSCwhLQIt6S7XL8gwujGqMpgzgDRgNTk2BjbPN5U4WDkZOdk6nTtkPDI9Bj3ePrY/j0BoQURCJkMQRABE80XnRtZHu0iWSWVKJUrgS5hMT00HTcNOg09JUBhQ6lG+UpNTaFQ7VQ1V3latV3xYSlkVWd9aqFtvXDVc+V29XoBfQ2AIYNFhnGJrYzxkDGTaZadmcWc4Z/xov2mAakBrAGvAbIFtQ24EbsVvhXBBcPhxq3JZcwFzqXRPdPR1mHY8dt53gHgdeL15YHoWetp7q3yDfVh+KH72f8OAk4FngkSDKoQYhQuGAIb0h+OIzYmvioyLYYw0jQeN2o6wj4qQa5FHkhKSxpNbk+yUepVBlkKXiJkImoqb5J0ZnjKfOaA5oTWiL6MopCGlGaYRpwqoCakPqiGrPaxgrYeura/TsPyyKLNatJK10bcUuFm5nLrXvAW9Kb5Hv2LAf8Gewr7D38T/xiHHQ8hnyYzKscvWzP3OKc9b0JfR3tMy1I3V7tdT2LnaIduV3S/fDuF35Ivoee1O8vb5Uf//AABuZGluAAAAAAAABjYAAJOVAABWjQAAVukAAJG3AAAmuwAAFwoAAFANAABUOQACh64AAkeuAAFrhQADAQAAAgAAAAEABAAIAA8AFgAfACkANABAAEwAWgBpAHgAiQCaAKwAvgDSAOYA/AESASkBQAFZAXMBjQGpAcUB4wIBAiECQgJkAocCrALSAvoDIwNNA3oDqAPXBAgEOgRtBKME2QUSBUsFhgXDBgEGQAaABsIHBQdKB5AH2AghCGwIuQkHCVcJqAn6Ck0KoQr3C04LqAwEDGIMww0lDYkN7g5UDrwPJQ+REAAQcRDkEVkRzxJGEr0TOBO2FDoUwxVSFeMWdRcGF5YYJhi4GU4Z6BqIGzEb4xyfHWIeKx74H8YglSFkIjQjBiPbJLMljyZsJ0soKykNKfAq1Su7LJ4tfi5cLzkwFDDwMc0yqjOJNGg1SjYuNxU3/zjtOd460jvKPMU9xD7HP85A2kHoQvZEAEUGRghHCEgISQlKDEsUTCFNNE5OT25QlFG8UuVUDVU0VllXfVigWcRa51wLXTBeVl98YKRhzmL4ZCRlU2aFZ7xo+mpDa5ls+W5jb9JxRnK8dDR1r3cteLF6PHvQfW9/HIDWgpSETIX2h5SJLIrFjGWOFY/fkc2T3ZX/mCCaOZxMnl+geaKgpNqnLamgrDCu4LGhtF63C7muvF2/K8IfxUbIoswMzyjR9tSR1yjZ0dye35fi0uZg6fntEu+s8gD0MPY59//5ivq4+9T8u/2j/nD/N///AAAAAQAFAAoAEgAbACYAMgA/AE0AXABtAH4AkQCkALkAzwDlAP0BFgEvAUoBZgGDAaIBwQHiAgQCJwJMAnICmgLDAu8DHANLA3wDrwPkBBoEUgSLBMUFAQU9BXsFuwX8Bj8GgwbJBxAHWQelB/IIQQiTCOYJOwmTCewKRgqhCvwLWAu0DBIMcgzUDTkNoA4LDngO5w9ZD84QRhDAET4RvxJDEsoTUxPdFGoU+hWPFioWyxdxGBYYthlRGeYaeRsNG6QcQBzkHZEeSh8OH90gsyGOImkjQiQYJOslvSaQJ2YoQiklKhIrCCwFLQguDi8SMBExCDH5Mugz1zTKNcE2wTfKONs58jsOPDA9UT5pP3RAckFoQlhDR0Q5RTRGOEdHSF9JfkqhS8dM8E4bT0VQa1GGUpRTl1SVVZRWoFe/WPFaNVuAXM1eHl90YM9iI2NmZJVltWbOZ+Ro+2oWazNsVG12bppvwHDqchdzRnR2dad22ngQeU16j3vYfSZ+fX/jgWeDEITKhnSIBomHiwSMiI4bj8ORgpNYlUOXO5k7mzudOZ8poQSixqR2phunvaliqxWs3a7FsM+y9bUxt3y5y7wPvkTAcsKmxOnHQsmyzDHOnNDd0vTU8dbn2OPa6Nz03wHhCuMU5STnSOmW7DfvivOm92z5zvuE/MP99P75//8AAAACAAgAEQAeAC0APgBRAGYAfQCWALAAzADqAQkBKwFNAXIBmAHAAeoCFgJEAnQCpgLaAxEDSQOEA8AD/QQ7BHoEugT8BUEFigXXBikGgQbdBz4HoggICG8I1Ak5CZ0KAgpqCtULRAu7DDkMwQ1QDeYOgg8hD8AQXBD2EZASLRLNE24UDRSoFUIV3BZ5Fx4XzhiOGWIaQhsqHBQc+x3dHrgfkiBtIUwiMCMYJAYk+SXxJu8n8yj9Kg4rJCxALWAugC+dMLgx0zLzNBo1STaCN8M5DDpcO7A9Bz5gP75BIkKTRBZFrkdaSRFK0UyaTm9QVVIyU9pVWlbMWEhZ01tmXPheg2ABYXBi1WQ3ZZxnCWiBagpro21NbwBwt3JvdB51w3d1eWR77n6kgHmB1oL8hAKFCIYQhzOIc4nUi1WM6Y6IkC6R2ZOIlTuW8Zipml6cCp2nnzegvaI/o8ClRKbKqFCp1KtUrNCuRq+5sSiyl7QItX22/LiJuia70L2CvzbA6cKcxE/GBMe7yXPLK8zkzp7QWNIU09LVj9dK2P/arNxP3ejfdeD94oLkA+WC5wLog+oE63/s7u5G73nwnfGN8nXzRPP39Kr1TvXb9mj29vd29+n4XPjP+UP5q/oN+nD60vs1+5j78fxJ/KL8+/1U/a3+A/5Y/qz/Af9V/6r//wAAc2YzMgAAAAAAAQxCAAAF3v//8yYAAAeSAAD9kf//+6L///2jAAAD3AAAwGxtbW9kAAAAAAAABhAAAJzfAAAAAMoq1YAAAAAAAAAAAAAAAAAAAAAA/8AAEQgBYAIoAwERAAIRAQMRAf/EAB8AAAEFAQEBAQEBAAAAAAAAAAABAgMEBQYHCAkKC//EALUQAAIBAwMCBAMFBQQEAAABfQECAwAEEQUSITFBBhNRYQcicRQygZGhCCNCscEVUtHwJDNicoIJChYXGBkaJSYnKCkqNDU2Nzg5OkNERUZHSElKU1RVVldYWVpjZGVmZ2hpanN0dXZ3eHl6g4SFhoeIiYqSk5SVlpeYmZqio6Slpqeoqaqys7S1tre4ubrCw8TFxsfIycrS09TV1tfY2drh4uPk5ebn6Onq8fLz9PX29/j5+v/EAB8BAAMBAQEBAQEBAQEAAAAAAAABAgMEBQYHCAkKC//EALURAAIBAgQEAwQHBQQEAAECdwABAgMRBAUhMQYSQVEHYXETIjKBCBRCkaGxwQkjM1LwFWJy0QoWJDThJfEXGBkaJicoKSo1Njc4OTpDREVGR0hJSlNUVVZXWFlaY2RlZmdoaWpzdHV2d3h5eoKDhIWGh4iJipKTlJWWl5iZmqKjpKWmp6ipqrKztLW2t7i5usLDxMXGx8jJytLT1NXW19jZ2uLj5OXm5+jp6vLz9PX29/j5+v/bAEMAAQEBAQEBAQEBAQEBAQEBAQEBAQEBAQEBAQEBAQEBAQEBAQEBAQEBAQEBAQEBAQEBAQEBAQEBAQEBAQEBAQEBAf/bAEMBAQEBAQEBAQEBAQEBAQEBAQEBAQEBAQEBAQEBAQEBAQEBAQEBAQEBAQEBAQEBAQEBAQEBAQEBAQEBAQEBAQEBAf/dAAQARf/aAAwDAQACEQMRAD8A/v4oAKACgAoAKACgAoA/li+EH/BRu/8AEv8Awc+/tGfsoyeKhN8NU/Za8MfCjw5pu1Ps7fEb4XPb+O9T02JvNP8Ap1vqvj34ji4cRCWSOwWGQ7LSIUAf1O0AFABQAUAFABQAUAFABQAUAFABQAUAFABQAUAFABQAUAFABQAUAFABQAUAFABQAUAFABQAUAFABQAUAFABQAUAFABQAUAFABQAUAFABQAUAFABQAUAFABQAUAFABQAUAFABQAUAFABQAUAf//Q/v4oAKACgAoAKACgDn/FnibR/BXhXxL4y8Q3SWOgeEvD+s+JtcvZCBHZ6PoOnXOq6ndOTgBLeytZ5WJOAE5xQB/mhfBlfG/gj9tj4f8A/BTfXYJLPxlefEb4IftdfEjVXLBbX4K/tWftGfHj4barqEsh5+yQ+CvHHgybDkwBLaMJ9yLaAf6alldwahZ2l/bOJLa9toLu3kHR4LmJZonHs0bqw+tAFmgAoAKACgAoAKACgAoAKACgAoAKACgAoAKACgAoAKACgAoAKACgAoAKACgAoAKACgAoAKACgAoAKACgAoAKACgAoAKACgAoAKACgAoAKACgAoAKACgAoAKACgAoAKACgAoAKACgAoAKAP/R/v4oAKACgD5i+N/7Yn7PX7PfjX4U/DT4m/Ejw5onxG+NXi628HfDzwQ+qWA8RaxfS2N7ql1qMthJcRyafoenabp13dXerXnlWuUitoneeZEoA+nFZXVXRgysAyspBVlYZDKRkEEEEEHBByM5FAC0AfnT/wAFZ4fjHqn/AATz/ab8G/ADwpr3jL4s/E/wPD8JPC+keHrV7q9hh+KWuaV4F8SaxOEZWg0/RPCmua5ql7cg5hhtSww2DQB+G/xD/Ys0Txh+0t+2j+xD4c0tmtrf/gif8DPhv4J0uNFEkXirwbqXjy+8DJGF+5Lb+MND0WRGTDq8e9CHANAH9Ff7CPiP4m+K/wBjj9mzW/jP4V1zwT8WLj4P+B4PiH4X8RWjWWr6R4ustDtLPW7a6t2JKkXsErRtn542R+M0AfWdABQAUAFABQAUAFABQAUAFABQAUAFABQAUAFABQAUAFABQAUAFABQAUAFABQAUAFABQAUAFABQAUAFABQAUAFABQAUAFABQAUAFABQAUAFABQAUAFABQAUAFABQAUAFABQAUAFABQAUAf/9L+/igAoAKAPwO+JXhH4WftL/8ABd3wTpHirwt4G8QaP+xb+yQmo6x/bugaJf3178Z/2hvEN3d+ELKeW7s55tRbRfhr4HutR0+0uGlXT/7WmurdIGlDygH73oiRoscaqiIqoiIoVERRhVVVwqqoACqBgDgYxQA6gAoA/E74f/8AKfH9o3/swL4Df+rE+IlAH7Y0AFABQAUAFABQAUAFABQAUAFABQAUAFABQAUAFABQAUAFABQAUAFABQAUAFABQAUAFABQAUAFABQAUAFABQAUAFABQAUAFABQAUAFABQAUAFABQAUAFABQAUAFABQAUAFABQAUAFABQAUAf/T/v4oAKACgDwHQP2XPgJ4X+PHj39pvQ/hvotl8dPidpnh3R/HHxCWXUJdV13TvCelRaH4egntp7yTTIX0vSoEsba5trGC7W3MkXnMk0u8A9+oAKACgD8Tvh//AMp8f2jf+zAvgN/6sT4iUAftjQAUAFABQAUAFABQAUAFABQAUAFABQAUAFABQAUAFABQAUAFABQAUAFABQAUAFABQAUAFABQAUAFABQAUAFABQAUAFABQAUAFABQAUAFABQAUAFABQAUAFABQAUAFABQAUAFABQAUAFABQB//9T+/igAoAKACgAoAKACgD8Tvh//AMp8f2jf+zAvgN/6sT4iUAftjQAUAFABQAUAFABQAUAFABQAUAFABQAUAFABQAUAFABQAUAFABQAUAFABQAUAFABQAUAFABQAUAFABQAUAFABQAUAFABQAUAFABQAUAFABQAUAFABQAUAFABQAUAFABQAUAFABQAUAFABQB//9X+/igAoAKACgAoAKACgD8Tvh//AMp8f2jf+zAvgN/6sT4iUAftjQAUAFABQAUAFABQAUAFABQAUAFABQAUAFABQAUAFABQAUAFABQAUAFABQAUAFABQAUAFABQAUAFABQAUAFABQAUAFABQAUAFABQAUAFABQAUAFABQAUAFABQAUAFABQAUAFABQAUAFABQB//9b+/igAoAKACgAoAKACgD8Tvh//AMp8f2jf+zAvgN/6sT4iUAftjQAUAFABQAUAFABQAUAFABQAUAFABQAUAFABQAUAFABQAUAFABQAUAFABQAUAFABQAUAFABQAUAFABQAUAFABQAUAFABQAUAFABQAUAFABQAUAFABQAUAFABQAUAFABQAUAFABQAUAFABQB//9f+/igAoAKACgAoAKACgD8Tvh//AMp8f2jf+zAvgN/6sT4iUAftjQAUAFABQAUAFABQAUAFABQAUAFABQAUAFABQAUAFABQAUAFABQAUAFABQAUAFABQAUAFABQAUAFABQAUAFABQAUAFABQAUAFABQAUAFABQAUAFABQAUAFABQAUAFABQAUAFABQAUAFABQB//9D+/igAoAKACgAoAKACgD8Tvh//AMp8f2jf+zAvgN/6sT4iUAftjQAUAFABQAUAFABQAUAFABQAUAFABQAUAFABQAUAFABQAUAFABQAUAFABQAUAFABQAUAFABQAUAFABQAUAFABQAUAFABQAUAFABQAUAFABQAUAFABQAUAFABQAUAFABQAUAFABQAUAFABQB//9H+/igAoAKACgAoAKACgD8Tvh//AMp8f2jf+zAvgN/6sT4iUAftjQAUAFABQAUAFABQAUAFABQAUAFABQAUAFABQAUAFABQAUAFABQAUAFABQAUAFABQAUAFABQAUAFABQAUAFABQAUAFABQAUAFABQAUAFABQAUAFABQAUAFABQAUAFABQAUAFABQAUAFABQB//9L+/igAoAKACgAoAKACgD8Tvh//AMp8f2jf+zAvgN/6sT4iUAftjQAUAFABQAUAFABQAUAFABQAUAFABQAUAFABQAUAFABQAUAFABQAUAFABQAUAFABQAUAFABQAUAFABQAUAFABQAUAFABQAUAFABQAUAFABQAUAFABQAUAFABQAUAFABQAUAFABQAUAFABQB//9P+/igAoAKACgAoAKACgD8Tvh//AMp8f2jf+zAvgN/6sT4iUAftjQAUAFABQAUAFABQBj+Ib3VdM0DXNS0LRH8S63p+j6ne6P4cj1Cz0mTX9VtLKefT9Ej1XUCthpj6rdxw2C6hfMtnZNOLm5Ihjc0AaNrJNNbW8tzbm0uJYIZJ7QypObaZ41aW3M0WYpjC5aMyxnZJt3plSKAJ6ACgAoAKACgAoAKAMdL7VW8QXGmtojpocWj2V7B4j/tCzaO51We8v4LvRRpQP9oRPY2lvY3x1CRfsdwNRW3hJmtbgUAbFABQAUAFABQAUAFAGfq1zfWWlaneaXprazqVpp97c6dpCXdvYPqt9BbSy2mmrfXZFpZNfXCx2q3dyRb25l86YiNGNAE9nLcT2ltNdWpsrmWCKS4s2mjuDazOgaS3M8OYpjE5KGWI7H27kypoAs0AFABQAUAFABQAUAY327Vv+EgbTf7DcaGNJhvV8Sf2jZ+W+qSXd1DLo39k5/tBXgtYre9N+V+ySC6ECEzQyCgDZoAKACgAoAKACgAoA5D4heMbP4d+AfHHxA1G1uL3T/A3hDxL4xv7K0KLdXdn4Z0W91q6tbZpMRi4uILJ4oTIdgkZS+FBoAl8D+K7Tx14N8L+M7C2ns7LxToWma9a2tyUNxb2+qWkV3FDOYyYzLGkoVyh27gcYBoA6qgAoAKACgAoAKACgAoAKACgAoAKACgAoAKACgAoAKAP/9T+/igAoAKACgAoAKACgD8Tvh//AMp8f2jf+zAvgN/6sT4iUAftjQAUAFABQAUAFABQB4j+0z8VdQ+BP7N/7QXxv0nSrTXdV+DfwR+K/wAVdM0S/nltbHWdQ+HngPXvF1npV7cwK89vaajcaPHaXM8KPLFDM8kas6qKAPTfCOtS+I/CnhjxDNCltNr3h7Rdamt4mZ47eXVNNtr6SGN2AZ0iacxozAMyqCQCSKAOhoAKACgAoAKACgAoA8Fsfi9qN3+094p+AraPZppPh/4E/D/4uQ6+LiY6hcah4y8f/E7wdc6RJabPs6Wdlb+ArS8huFkM0k1/cRuipFGzAHvVABQAUAFABQAUAFAHmHxu8fXfwp+C/wAXfijYafb6tffDb4YePvH1lpV3LJBa6nd+DvCmreIbfT7meFWlht7ybTkt5pYlaSOOVnRSygMAdN4G8QTeLPBnhTxRcW8dpP4i8O6PrU1rC7SRW8up2FvePBHI4DOkTTFFZgGZVBIB4oA6mgAoAKACgAoAKACgDwVPi/qDftNX3wH/ALHsxpVp8E/D/wAVV1/7TN9ve/1nxt4w8Ky6SbTZ9nFpDB4Zgu0uA5maW6ljZAiIzAHvVABQAUAFABQAUAFAHhn7UH/JtP7Q/wD2Qz4tf+oD4goAvfs7f8kH+D3/AGTjwh/6ZLOgD2WgAoAKACgAoAKACgAoAKACgAoAKACgAoAKACgAoAKAP//V/v4oAKACgAoAKACgAoA/E74f/wDKfH9o3/swL4Df+rE+IlAH7Y0AFABQAUAFABQAUAcF8VPhv4Z+Mfww+I/wh8axXk/g34qeAvGHw38Ww6fdGxv5vDPjjw9qPhjXorG9VJGs7yTStUuktroRyG3mKShG2bWAOr0bSbTQdH0rQ9PEi2GjabY6TYrK/mSraadaxWdsJJCAZJBDCgdyBubLYGcUAaVABQAUAFABQAUAFAHAQfDPwrbfFLVfjFFbXI8b6z4C8PfDa+uzcsbN/C3hfxD4p8T6TbJZ7dqXMereMdblludxMsUsMRUeSpYA7+gAoAKACgAoAKACgDlvHPg7Q/iL4J8Y/D7xNDNceG/HXhbxB4O8Q29vMba4n0PxPpN5omrQwXChmgmlsL64SKZVYxOyuASuKANPQdFsPDmiaR4f0tHj03RNOs9KsI5HMkiWdhbx21uryEAyOsUShnIG484GSKANagAoAKACgAoAKACgDgF+GfhVfihP8YBbXP8Awm1z4G074dy3f2lvsh8M6Xrms+IbS3Fnt2i4XU9e1GR7jfueN44yAIxuAO/oAKACgAoAKACgAoA8M/ag/wCTaf2h/wDshnxa/wDUB8QUAXv2dv8Akg/we/7Jx4Q/9MlnQB7LQAUAFABQAUAFABQAUAFABQAUAFABQAUAFABQAUAFAH//1v7+KACgAoAKACgAoAKAPxO+H/8Aynx/aN/7MC+A3/qxPiJQB+2NABQAUAFABQAUAFAHyt+3VrHiDw7+xH+2P4g8J32o6X4q0L9lb9oXWPDWp6PJNFq+neINM+Eni+90a+0uW3zPHqNpqMFtcWMkI85LmOJo8uFoA92+HM91dfD3wHc3sks17c+DPC893NOWM8t1NoljJcSTFvmMrys7SFvmLkk8k0AdnQAUAFABQAUAFABQB8maXr3iuT9ujx54Xlv9VbwPa/so/CHXrHTGEn9iReKtQ+Lnxz0/V7+A7PJ/tS40nS9Et7va5k+yWtluQIUZgD6zoAKACgAoAKACgAoA8K/ai1TXND/Zm/aK1vwxdX1j4l0f4FfFzVPD17pm/wDtK01zT/AHiC70m60/y1aT7db38NvLaeWrP56R7VLYDAHcfCu6v774aeAL3VJZ59Su/Bvhy4v5rrd9plvJtJtJLiSfcA3nPKztJuGd5Oc80Ad7QAUAFABQAUAFABQB8mR6/wCLD+3Hqnhg3+q/8IQn7L/g/XItMxJ/Yq+J7j4n/Eexu71Tt8r+0pNMs9OglG/zPs0NvlQpU0AfWdACFlDBSwDMCVUkbmC43EDqQu4ZI6ZGeooAWgAoAKACgAoA8M/ag/5Np/aH/wCyGfFr/wBQHxBQBe/Z2/5IP8Hv+yceEP8A0yWdAHstABQAUAFABQAUAFABQAUAFABQAUAFABQAUAFABQAUAf/X/v4oAKACgAoAKACgAoA/E74f/wDKfH9o3/swL4Df+rE+IlAH7Y0AFABQAUAFABQAUAcr468ReEPCHgjxj4s+IOoaTpPgLwv4V8Q+IvG+q68sbaHpnhDRdIu9S8S6hrKyxyxNpNno1te3GorLFJGbOKYPG6llYA3tOurG+0+wvdLlhn028s7W606a2wLaaxuIEltJbcKAohkt3jeLAA2FcAdKALlABQAUAFABQAUAFAHLx+JfCUnjS98HxanpTeOrPwxpXiS/0dTH/bcPhTU9U1nTNI1KcbfNGl3Wr6PrtraEuYzdWd6FVWDlgDqKACgAoAKACgAoAKAMXxJrGheHvDuv+IPFN5Zad4Z0PRdV1jxFqGplRptjoWmWM97q95qBdWQWVrp8FxPdl1ZfISTcpAIYAuaZe2Go6dY6hpU8Fzpl7aW91p9xa4+zT2c8SyW0sG3C+VJEytHgY2kYxQBeoAKACgAoAKACgAoA5ceJfCR8ZS+EBqel/wDCcx+G7TxDLo+Y/wC2l8L3WpX+n2eosNvm/wBmy6pYajbxHfs+0wXAChtxoA6dmVFZnYKqgszMQFVQMlmJwAABkknAHJxigD+aH4j/ALYvxt1P/gtL/wAE/Neg8QXOk/scfHjRv2pf2ePhDo8M9zDp/wAQPFfgjSPD/ivxP8T9RjDraXlprd94bi0/wJPIsiy+G7a11OzkRtbuFYA/pfoAKACgAoAKAPDP2oP+Taf2h/8Ashnxa/8AUB8QUAXv2dv+SD/B7/snHhD/ANMlnQB7LQAUAFABQAUAFABQAUAFABQAUAFABQAUAFABQAUAFAH/0P7+KACgAoAKACgAoAKAPxO+H/8Aynx/aN/7MC+A3/qxPiJQB+2NABQAUAFABQAUAFAHzv8Ate/DjxP8Y/2Tf2oPhF4IgtLrxn8VP2d/jX8OPCNtf3kWn2Nx4n8cfDXxN4Z0CC9v5v3NjaTarqlpHcXkv7q2hZ5pPkRqAPX/AANpV5oPgnwfoeoKiaho3hbw/pV8kUgljS807SbSzuVjlX5ZEWaFwki8OoDDg0AdTQAUAFABQAUAFABQB80ad8MPFlt+2H4z+M0tvZjwPrf7Nvwv+GVhdC9ia/fxV4V+J3xh8U6vBJp3+vis49J8Z6HJDeEeVPNLcQph7Z6APpegAoAKACgAoAKACgDxz9onwXrvxI/Z++Onw88LxW8/iXx78HPid4L8OwXdwlnaza74o8Fa3oekRXN3L+6tbeTUL63Sa4k+SCNmlf5VNAHYfDnRL/w18P8AwV4e1RI49S0PwroOk36RSLNEl5p+mWtrcrHKvyyossThZF4cfMOooA7OgAoAKACgAoAKACgD5oj+GHixf2v9R+Mht7P/AIQi5/Z48L/DmK6+2xfbz4n0r4h+PPEd5AdOx562i6X4g06RLwnypJWlhGGifcAfNH/BQf8AaGg8Pz/B/wDY+8Lax4h0H4l/tg+LV+HNx4u0PSddkj+Gvwsks766+IHi6fxDp9hc2Oha3q+kWVz4L8Fz3NxFND4k1621WNCmlOWAPxd/4K9fADQf2M9Y/wCCV/xS8BfEz9oj4mXvwB/bR+Fun6f4F8SX1x4+sPBfwW8UWk3hf4i+J9J0zwp4HsX0nTtG0PT7aHUpri6dWgeCMREkswB/V7ousaf4g0jTNc0mf7Vpmr2NtqNhceXLF59peQpPBJ5UyRyx743U7JUV16MoIIoA06ACgAoAKAPDP2oP+Taf2h/+yGfFr/1AfEFAF79nb/kg/wAHv+yceEP/AEyWdAHstABQAUAFABQAUAFABQAUAFABQAUAFABQAUAFABQAUAf/0f7+KACgAoAKACgAoAKAPxO+H/8Aynx/aN/7MC+A3/qxPiJQB+2NABQAUAFABQAUAFAHkf7QHxVg+BPwG+NvxvutKm122+Dfwj+JPxVuNDt5kt59Zg+Hng3WfF02lQ3En7uCbUY9Ha0jmk+SJ5ldvlU0AegeGNaXxH4b8PeIUha2TXtD0nWlt2YM0C6pYW98sLMOGaIT7Cw4JXI6igDcoAKACgAoAKACgAoA8ctPi9ZXf7QHiH4CrpF0mo+H/g/4L+LkmvGaI2VxZeMvGfj/AMHQaSluMzrdWc/gK4vJZmxE8V/CiEvG4oA9joAKACgAoAKACgAoA8/+LXj62+FPwr+JnxRvLCfVbT4bfD/xn4+utLtpEhudStvB3hzUvEM9hbyy4iinvItOa3ikkOxHkVnwoNAG94R8QR+LPCvhzxRDbvaReIdE0vWorWRlaS3j1OzivEhkZSVZ4lmCMynBK5GMigDoqACgAoAKACgAoAKAPHF+L9k3x9u/gP8A2RdDULT4T6L8VDrvnRfYntNZ8WeJ/CqaULfInFzDL4alunmIMTR3MaLh1egD2OgAoAKACgAoAKACgDwz9qD/AJNp/aH/AOyGfFr/ANQHxBQBe/Z2/wCSD/B7/snHhD/0yWdAHstABQAUAFABQAUAFABQAUAFABQAUAFABQAUAFABQAUAf//S/v4oAKACgAoAKACgAoA/E74f/wDKfH9o3/swL4Df+rE+IlAH7Y0AFABQAUAFABQAUAeWfHP4V6b8dPgn8YfglrWpXejaP8YvhZ8QfhXq2r6fFFNf6VpvxC8Jav4SvtSsoZisMt3Y2ury3VtFKyxSTRIshCFjQB3XhzRofDnh7QvD1vK9xBoOjaXo0E8oCyTQ6XZQWMcsirlVeRIA7hTgMxAyKANmgAoAKACgAoAKACgDym1+Eui2vxw1346pfXreIde+FfhH4UXOmMI/7Oi0bwh4s8ceLrG+jOfN+23F7461CCcEbBBbWxU7i4oA9WoAKACgAoAKACgAoA4f4neBNO+KXw1+IXwy1e5ubLSfiL4H8WeBNUvLPabu007xdoOoeH725tQ/yG5gttQllg3/AC+aq7uM0AbfhfQLbwr4b0DwzZyyz2nh/R9O0a2mmwJpYNNtIrSKSXb8vmOkKs+ONxOKAN2gAoAKACgAoAKACgD52XSvhGP2ibn4lj4k+Gj8Rrr4baR8Kn8Gf8JPoH2sabo/ifxF4mguF0r7d/an9oSXviS6gePyMeVDEANxagD6JoAKACgAoAKACgAoA8M/ag/5Np/aH/7IZ8Wv/UB8QUAXv2dv+SD/AAe/7Jx4Q/8ATJZ0Aey0AFABQAUAFABQAUAFABQAUAFABQAUAFABQAUAFABQB//T/v4oAKACgAoAKACgAoA/E74f/wDKfH9o3/swL4Df+rE+IlAH7Y0AFABQAUAFABQA13SNGkkZURFZ3d2CoiKMszM2FVVAJZicAcnGKAPlj9s34n6j8PP2PP2sfiD4A8UWmleOfAP7M/x58b+DtVsbuzubzSvE/hP4V+K9f0HVLaBi6STadqmn2t5GrxyRloB5iMhIoA9z8Ea79q8AeCNa1zUIFvNW8J+G768u7uaG3FzfXujWd1cyZcqm+WaR5Cq9MnAAFAHWWt9ZXwZrK8tbtUIDm1uIrgITyAxiZtpI5AP4Z52gEVxqul2khhu9SsLaYAMYri8t4JArcglJHDYI5BIGe2aALcU0U0azQyxywyKHSWJ1kjdCMhldSVZSOQwOCOeM0AUE1rRpZFhj1bTJJXbYkaX9s8jOTgKqLIGLE8bRznjnpQBduLm3tYzNdTw20KkAy3EqQxgngAySMqgk8DJ57A0AQW2padesyWd/ZXboAzrbXUNwyqehZYmYqCehI598fKAFzqWnWTKl5f2Vo7rvRLm6ht2ZckblWVlLLkEZAxkEcfxAHzHovxL8R6l+2f41+GEWsRXfgHS/2YfhV8QNO06DyZYo/FXiH4q/Gnw3rGoLdR7mc3GleFNEtTFu2Rmz3AB3cKAfSza1oySGF9W0xJVfy2ia/tlkVwduwxlwwcHjaRuzwcGgC/LNDDG000scUKDc8srqkaL/AHmkYqqjkckgUAVLfVdLvJPJtNRsLqXaW8q3vIJ5NoxltkbltoJGTjAyM4zQBLdX9jYhDe3lraCQsIzdXEVuHK43BDKy7iuRu2g4yM4yu4AdbXlpeoZbO6t7uNW2GS2njnQMADtLxMyhgCDtPOCDz/CAVptY0m2kaG41TToJkOHimvraKRCecNG7hlOOeR78ZoAvebH5fneYnkhPM83evl+WBuMm/O3YF+bdnaBznHNAHg37R3xDm8F/s8fHvxl4Q1/TrbxX4P8Agr8VfFXhu5gu7S5ltdd8OeBNf1nSrtLfc4mNrfWMFwY2DKwjIbKk0Ad58O/EUmpfDfwJ4h8Qahbrfaz4U8PahfXdzLDbJcX19pVtc3DgvsQNJI7uEXoMgcDNAHa2t/Y3282V5aXYjwHNrcw3Gwnpv8pm257Z69s4O0AjuNV0yzk8q71GwtZcBvKuLy3gk2nodkjhsHscAH34oAtxTRTxpNBLHNFIA0csTrJG6noyOmVYHsQcH35oAoJrWjSSLCmraY8rOI1jS/tWkZydoRYxLuLluAoJJPAycUAXZ7i3tYzNczw28K4DSzypDGuTgZkkIUZPAyeTwM5oAgttS069Zks7+yu3QbnS2uoLhlU8bmWJmKjPGSMducfKAfyA/wDB1l/wWA+MH7DvgX4Y/sl/s1eJL3wH8WPjx4Y1Pxp42+IemfJrXhv4ZJqd94btNL8NXfzCw1bxDqmm6xHfXwAurPTrWD7Hte8M0QB/m1t8evjg3i9viAfjB8Tv+E5a5a8Pi4eOvEy+I/tTMWM41gamb4SbjkMJgQeQOKAP9I//AINXv+CyfxO/bX8BfEX9lH9qHxcvij4s/A3RNG8Q+BvH2t3UKa540+H19czaZcWGsyuyNfan4VvYrSJtRlJlu7PU7KOQvNDJKwB/YZJNFDG00sscUKLueWR1SNV/vM7EKq+5bHuM5oAqW+q6XdyeTaalYXMpBYRW95bzyFR1OyNy2BkZOOM9sigCW6vrKxCNe3lraCQkRm6uIrcOV5YIZWUMVBBIHTPOMjcALbXlneo0lndW13GrbGe2njnRXwDtZomZQ2CDtODgg45zQBXn1jSbaRobnU9Ot5kxvinvraKRMjI3Ru4ZcjBGRyORkGgC8JYjH5wkQwlPM80Opj8vG7f5gO3Zt53ZxjnPegD5+/aa1nSLj9m39oWCDVNOmmf4G/FsJFFfW0kjkeAPEBIWNJCzHAJwM8DPOKANf9n+7tbP4B/B2W8ube1iPw68HoJLmaOCMudEtCFDyMq7iASBySAcDgmgD2K1v7C+3/Yr20u/Lx5n2W5huNm77u/ymbbnBxkc44zg7QBlxqmmWcnlXeo2NrLgN5dxeQQSbT0bZI4bB7HGD2zQBahmhuI1mt5Y54ZBlJYZEkjcequhKsPcH8s0ASUAFABQAUAFABQAUAFABQAUAFABQAUAFABQB//U/v4oAKACgAoAKACgAoA/E74f/wDKfH9o3/swL4Df+rE+IlAH7Y0AFABQAUAFABQBm6zpGneINI1XQdXtheaTrem32kapaGSaEXWnalay2d7bGa3lhuIhPbTSxGSCaKZN26KVHCuoB8uWf7GP7JvgpNU8QH4Y6FptjDoHiKy12617xP4qvdCHhnVtEv8AS/E0Ot23iDxHd6M+kXOg3eoW+pHUYXtkspZnkZFUuoB7B8Qvgz8LPjD4Y0fwx468M2viPwvpUlrfaNYQapq+l2tu0Nr9mtJbafQNS06V4VtH8uFDPJbmMgqhwr0ARfCv4F/Cv4JW2q2fww8KR+F7bW54bnVIk1fX9W+1T28flQyFtd1TU3h2RnbtgaJW6sGIzQBynxH/AGVPgF8W/Es3jD4h/D+LxF4jntrWzl1J/EXi7TWe2solgtovsuj69p9kvlRKq7lt1d8ZkZm+agD2Pwv4T8P+DPDOj+DvDOnjTPDegabBo+k6atzeXS2mnWsQhgthdX09xezCOIBPNuLiWZurys3zUAfP2h/sW/szeG/EmneLtF+GMFl4i0rVI9a0/UR4q8cTtb6nDN9ojuRbXXiWazkKzfP5U1vJAehiZfloA9s+IXw58GfFXwzdeDvH2ir4g8N3s1vcXOmvfanpyyzWrmS3f7VpF5YXq+W5J2pcqrdHDAAUAcR8LP2cfgx8FNQ1PVfhj4Kj8L3+s2sFlqVwmueJtVNzbW8kksMRj1zWdSii2SSu26GON23YZiABQAz4p/s3fBX416rp2tfE7wTH4o1PSdPOl6fdPrvifSjb2BuZrvyBFoetaZbyf6RcTSeZNFJN8+3zAioigG58Ovhf8JvhUY/Dfw98P6H4fvbDQ4YPskN5NqHiCLw5ca3rWp2kdxd6re3+uyaM2vX+v3FkLm4azS+n1FbXa4mRQDzLVP2Lv2Z9Z8TXfjHUvhjBdeJL/WH1+71I+KfHERm1aS6+2vdm1h8TR2SE3P73yI4Eth9wRCPCKAe+eKfB/hzxr4X1PwZ4n00ap4Z1myXTtS0xrq9tFubJWidYTdWNzbX0WGhjPmQXMcvy4LnJ3AHkXw2/ZX+Anwh8Sf8ACXfDrwBF4c8RfYLnTP7RTxD4t1M/Ybx4JLiD7NrOu6hZ/vHtoW8z7OZV2YR1DNuAOn+K3wI+FHxvh0WD4o+E4/FMPh2W+m0ZJNY8QaT9jk1JLVL1gdB1XTGn85bO3BFyZlj8rMWwu+4A0/hh8Ifh18GdDuvDfw18OJ4Z0W81CTVLmxTU9Z1QS38sUUElx5+t6jqV0paKCJPLjmSIbMhAxYsAeZeN/wBj79nL4j+J9U8ZeNPhvDrXiTWZUm1LU28TeNLFrqSONIlY2umeIrOyixGiriG2iU4yRk5YA94PhjQz4ZfwcbEf8I3Josvh59N+0XW1tHms20+Wz+0+eL0BrN2h84XP2kZ3rOJAHoA+ctH/AGNv2WPAt+/iyx+GekaXNpthrP2q/wBV8TeLL7S4dL1HSb7TNcGp2mu+IrzR5tOn0a9v4L5dQtpbZbWWV327Q6gHrHxA+D3wu+L/AIU0vwp438N2fiLwnYT2mo6Tp1tqWq6XZwyW1tJb2c1tP4f1DTZWhjtZ3SKMTNbFHBEbFUZACr8KvgP8KPglFq0Pwv8ACUfhaLXZLeXVVj1jxBq32uS0V0t2J13VdTaHy1kYYtzEG3ZfcQKAOa+JP7LHwF+L3iM+LfiL4Bi8R+IWtLexOov4h8W6YxtbRdlvD9m0bXtPs8RrxvFsHbq7uTlQD1/wj4R8PeBPDej+EPCmnDSfDugWUOnaRpy3N5eLZ2cC7YoRc6hcXV7MEXjfcXE0jdWc/wAQB8+6T+xV+zHofiOw8W6V8MILXxDpmrwa7Y6iPFXjmUwarb3QvYbsW0/iWWzkKXKiXyZbd7c42NEyEowB7j4/+Hng/wCKPhi98G+O9GXXvDWovbyXumNfalpyzPayieBjdaTeWN6nlyqGxFcoGxtcMpIoA4H4W/s2/BT4LapqGtfDLwTF4Y1PVbRLC/uk13xPqpuLSOQypCYtc1rUoI8SEtviiSQ9C5A20AfxG/8AB5n+wV8XfHWsfAf9uj4feH9S8UeA/BHgG5+EHxSh0iznvZ/CT23iLWPE2geJtQSFZGj0rU4tbutNkn2LDaTaVunkX7THQB/n2bWLBcHcTgLg7iTwAB1yScY6mgD+8X/g0V/4JW6j4tf4v/tsftCfDzVYPh7q2j6d8PvgpaazPrvh5/E1zFqSav4n8V2kVhe6XeXmj2ktppOn6ddvJJY3lymohUcQh6AP9A/xJ4S8PeLvDGpeDfEWnDUfDer6edL1HTWuby2W5sCEBtzdWdzbXsYwijzIbmOb5c7zk7gDxz4cfsp/AH4SeJY/F/w9+H8Xh3xHFaXNhHqSeIvF2pFbS7MZuIvs2sa9f2R8wwx/O1u0i7fkZctuAOt+K3wN+FfxutdHsvih4Uj8U22gT3lzpEUmr69pP2Oe/S3ju3D6FqmmPN5yWsClbhplTy8xhCzlgC78Lvg78N/gtot94e+GXhpPDGj6lqTave2aaprWqifUXt4LRrkza5qOpXMZNvbQR+XFMkPybvL3szMAeceO/wBkL9nX4meKNS8Z+N/hzDrniXVzC2o6m3iXxlYNcm3gjt4SbXS/EVnYx7IYkT9zbRbtu5gWLNQB7pB4X0K28Mp4OgsBH4bTRm8Prpv2i7ZRo7WhsGs/tTTm9INoxi843P2kZ3iYSfPQB8JfG/8AY7/Zw8AfBL45eNfCPw2h0jxPonwV+MF5peqL4n8aXptbif4c+J7aWQWmo+Iruxl3wXE0e2e1lQb9yqHVGUA9j8B/Cf4f/GT9mX4M+FPiT4eTxLoEHgrwRq8WnvqWsaWF1G18PJBb3P2jRb/TbsmOK7uE8prhoW8zLxMyoyAHpHwq+Afwk+CP9sD4X+EY/C39v/ZTq/l6z4h1b7X9i837Ln+3dW1PyfK8+X/j38rfv/ebtq0AYXxM/Zc+BHxh8QJ4p+I/gKLxJryWUGnpqD+IPFemEWdvu8mH7Pouu6daHYWb5zb+Y2fmdv4QD1fwb4N8N/D/AMNaT4P8IaYuj+HNCtVstK01bq9vVtLZPuxi51G4u72bGfv3FzM57ueigHT0AFABQAUAFABQAUAFABQAUAFABQAUAFABQB//1f7+KACgAoAKACgAoAKAPxO+H/8Aynx/aN/7MC+A3/qxPiJQB+2NABQAUAFABQAUAFAHzB+274P8TfEL9i/9rzwD4K0a98ReMvHH7MHx98H+EvD+mxiXUdd8TeJfhT4s0XQdGsIiyiS91PVb21sbWMsoeeeNSwySoB7f8PLG70vwB4G0zULeS0v9O8H+GbG9tZRiW2u7TRbK3ubeUdpIZo3jcdmUjtQB2FABQAUAFABQAUAFAHylpfgjxXD+3B46+JEujXieB9T/AGV/hJ4JsfEBA+wXHirQviz8b9d1fR42yWN3ZaT4j0S9mGABDqEBDEkrQB9W0AFABQAUAFABQAUAeHftO+G9c8Zfs1/tC+EPDGnz6v4k8V/A74s+G/D2lWoButT1zXfAWv6XpOn2wJUGe9v7q3toQWUGSVQSMk0Adt8LtMv9F+G3gLSNUtpLPUtL8H+HbC/tJhiW2vLTSrWC5gkAyA8UsbI2D1B64oA7ugAoAKACgAoAKAMfxB4e0HxZomp+GvFGi6V4j8Pa1aS2Gr6Hrmn2uq6TqllOMS2l/p97FNaXdvIPvRTxOhIBwCM0AfhzF/wQ4/4J3r+21ffED/hhr4UD4cj4O+HNatLg6Pe/8Iwvxh/4WH4yu9WvY9N/tT7L/aw0L/hH5JLcw/2eLVoVFpgstAH7jeH/AA9oHhPRdN8N+F9F0rw54f0a0hsNJ0PQ9PtdK0nTLK3QRwWlhp9lFDa2lvEihY4YIkRQMAHANAGxQAUAFABQAUAFAHhn7UH/ACbT+0P/ANkM+LX/AKgPiCgC9+zt/wAkH+D3/ZOPCH/pks6APZaACgAoAKACgAoAKACgAoAKACgAoAKACgAoAKACgAoA/9b+/igAoAKACgAoAKACgD8Tvh//AMp8f2jf+zAvgN/6sT4iUAftjQAUAFABQAUAFABQB5t8ZfifofwS+D/xW+M/ia3vLvw38Ivht45+J/iG105Fk1C50PwD4Y1TxXq1vYRsQr3k1hpNxHaoxCtO0YJAJNAHZ6BrFv4h0LRdfs1kS01zSdO1i1SUASpb6nZw3sCyAZAkWOdQ4BwGyBmgDWoAKACgAoAKACgAoA8ztvip4cuvjFrPwSjS9/4S7Q/hr4X+KV5I0GNOPh3xZ4n8YeFNMSO5/ivRqXgjVzPBj5IGtpOfMoA9MoAKACgAoAKACgAoA434i+N9I+GXw+8dfEjxAty+g/D7wb4n8b62lnH5122keFNEvte1JbWHjzblrKwmEEefnl2rxmgDY8Oa7Z+J/D+ieJNPEosNe0qw1eyEy7Jha6jbRXUAlTnbII5V3rnhsjnFAG1QAUAFABQAUAFABQB5mvxU8ON8YLn4KBL3/hLbX4d6X8S5H8g/2d/YGreIde8NWyLc5wbwah4evjJDj5YTE+fmAoA9MoAKACgAoAKACgAoA8M/ag/5Np/aH/7IZ8Wv/UB8QUAXv2dv+SD/AAe/7Jx4Q/8ATJZ0Aey0AFABQAUAFABQAUAFABQAUAFABQAUAFABQAUAFABQB//X/v4oAKACgAoAKACgAoA/E74f/wDKfH9o3/swL4Df+rE+IlAH7Y0AFABQAUAFABQAUAeMftIfCqf47fs8fHr4IWuqxaFc/GT4MfFH4VW+uXEL3EGjT/EPwPrvhGHVZreP95PFp0msLdyQx/PKkLIvzMKAPSPCmit4c8LeGvDzzLcvoOgaNorXCqVWdtL062sWmVTyqymDeFPIDYPQ0Ab9ABQAUAFABQAUAFAHiVn8IDaftG+Jfj3/AGxvHiD4K+BvhH/YHkYNufBvjj4jeMf7X+05+f7b/wAJ79i8jb+7+weZk+bigD22gAoAKACgAoAKACgDzj4x+Af+FrfCL4qfC7+0P7J/4WT8OPHHgH+1fK8/+zP+Ex8Man4e/tDyePO+x/2j9o8rP7zytnGaAOi8GeH/APhE/CPhnwv9o+1/8I7oOlaL9q2bPtH9mWUFn5+z+DzfJ37e27FAHS0AFABQAUAFABQAUAeJJ8INv7RV58eP7Yz9r+D2hfCr+wPI+5/Y3jDxX4q/tX7Tnnzv+Em+y+Rgbfsu/J34UA9toAKACgAoAKACgAoA8M/ag/5Np/aH/wCyGfFr/wBQHxBQBe/Z2/5IP8Hv+yceEP8A0yWdAHstABQAUAFABQAUAFABQAUAFABQAUAFABQAUAFABQAUAf/Q/v4oAKACgAoAKACgAoA/E74f/wDKfH9o3/swL4Df+rE+IlAH7Y0AFABQAUAFABQAUAfPn7WvxL8R/Bf9lT9pr4xeDvsX/CXfCf8AZ8+M/wAS/Cv9p2323Tf+Ej8CfDjxJ4o0P+0LPfH9rsv7T0q1+123mR+fB5kW9d+5QD1zwRq93r/gzwjrt/5f27W/DGgave+Snlxfa9S0q0vLjyo8nZH50z7Eydq4GTjNAHT0AFABQAUAFABQAUAfOen/ABV8R3X7W3i/4IyR2I8JaF+zv8NfinZyrARqR8ReLfiR8WvCepxy3O7DWK6b4I0hoIdmUne5ck+aNoB9GUAFABQAUAFABQAUAeR/tAeONX+GXwH+NnxJ8PpbSa98PvhH8SPHGiJexmazfV/Cfg3Wde01LuEFTLbNe2EInjDKXiLqCM5oA6z4e67eeJ/Ang3xJqIiW/17wxoer3ogXZCLrUdNt7ucRJk7IxJK2xcnC4GTjNAHyl+2H/wUC+AH7DU3wth+O6/EO2/4XN4y0z4d/DqTwb4D1bxhF4g8d61dLaaR4ThOmfMmtajPJELW1YfOssbl1DUAbnwd/bm+AXxn+L/iT9nzSdU8TeCvjv4V8OW/jHVfg/8AFDwtqHgXx83hC6mS2i8UWGh6oWbUdDFzJHbSX9nLLHFO6xSbXoA+waACgAoAKACgD5yT4q+I2/ay1D4JmOx/4RO1+APhr4mRy+Qf7SOv6v4+8ceGrmNrndtNkLDw7YtHDsyszSvuO7FAH0bQAUAfE3i39vr4GaJ8Tdc+Dvgix+JPx3+I3hIW58ceH/gH4E1P4nf8IG90C8Ft4x1PSHTStFv5Ih5o06S7e+VXiE0ERkSgDoP2Zv21fg7+1d4i+LvhL4aWXxE0rxP8CvEWn+EfifoPxD8Cax4H1Tw14n1GwTVYdEntdWUGa9TTZrW9mWAyRrbXlrKsrpOjUAfXNABQAUAeGftQf8m0/tD/APZDPi1/6gPiCgC9+zt/yQf4Pf8AZOPCH/pks6APZaAPiH9sT/goH+z/APsMzfC6H47r8Q7b/hcvjHTPh78O5fBvgPVvGMXiDx1rNytppPhKBtLO5Nb1GaSIWtoyfOssbmRQ1AGt4c/br+Auq/E7wr8GfFtz4y+DnxR8e291c+AfBfxq8H6l8OtV8cpZANeR+FG1Ymy1e7to2SSWxgu/tgjkjcW7hlFAH2RQAUAFABQAUAFABQAUAFABQAUAFABQAUAFAH//0f7+KACgAoAKACgAoAKAPxO+H/8Aynx/aN/7MC+A3/qxPiJQB+2NABQAUAFABQAUAFAHKePPBvhX4i+BvGfw+8d6Xa634I8deFPEXg3xlot87x2Wr+FfE+j3mieIdLvJI5IpI7W/0i9vLS4eOWN1hldlkRgGUA3tNsLLS9OsNM02FLfTtOsrWwsLeMkxwWVnBHb2sMZJJKRQRoikkkqoJJ5NAF2gAoAKACgAoAKACgDkYvBHhGHx3f8AxHi0ezTx3qXhPR/BV/4gDSfb7jwnoWsa9rmj6PIvm+ULSy1fxHrt5CwhEhm1C4DSMoRUAOuoAKACgAoAKACgAoAwfFPhvQfGXhjxH4Q8U6fb6t4Y8VaDrHhvxHpV2XW11PQdc0+40zWNPuWjeOQW97p91cW0xR0cRyMVdWAagC/pWmafoumafpGlW8dppml2VtYafaxFjFbWVpCkFtBGWLMUihREUszEheSeTQB/Mn/wU21bx5+0v/wWd/4J2fsu/C3wfp3xMi/ZF8AfEH9tn4h+D9Q1628PaPea7qE0HgjwDp+s6vdK9tZ3+k38OjeKNJjlXzJI7iV4uGZkANz9gK9t/wBsr/gr1+01+0t+0NIfhX+19+xj8MLX9mCH9mHQka+0Hwh8MvGHiC78Tad8Qb3x5iOLx5N4xvtPvLmweyRrDS7dvsyu4WBlAP6X6ACgAoAKACgDkR4I8Ijx1L8Rho9mPHU3haz8HS6/uk+3v4XsNU1LWLPSSvm+V9lh1TVtSu0Pk7zLdSgyMoVUAOuoA/Jz/gt/+2D41/YZ/wCCZf7S3x8+GjG3+JFj4d03wb4F1Py/MXQ9f8davaeHRr/QhZ9F0271HUdOcjauq29iXDISrAHpn/BKr9kzwr+x5+xL8F/h5o4fUvGHiTwvpvxG+LXjW/ma913x/wDFHxzaQ+IPF/irW9Tm33V9cXup3sy232iab7JZR21pE/lQoKAPuHw38OvBnhHxN4/8YeHtBstL8R/FHWtI8Q+OtUto1S58Q6voXhjRvB2l3t6w5aS08O6BpOnJ2MdqGPzs7MAdtQAUAFAHhn7UH/JtP7Q//ZDPi1/6gPiCgC9+zt/yQf4Pf9k48If+mSzoA9loA/m//buUftaf8Fyv+CbX7JcAGpeCv2S/h/8AEb9tr4q2afvLQa7eyW/gr4d6dqfDJFf6dqUOjeJtKRx5hhuJpIuGZlAOX/4Oh/ECaZ+yp+yRpXgeITftI6z+3p8BT+z6dMkEXiy08RWkutLql3o8kH/Ex/swy3eh2Wuw2x+zzreWBvQ0cSbQD+kzwx9v/wCEb8Pf2tuGqf2HpP8AaQf7wv8A7Bb/AGzdnnd9o8zOe9AG5QAUAFABQAUAFABQAUAFABQAUAFABQAUAf/S/v4oAKACgAoAKACgAoA/E74f/wDKfH9o3/swL4Df+rE+IlAH7Y0AFABQAUAFABQAUAfKn7dsevzfsP8A7ZMPhNdWbxTL+yp+0NH4aXQftY11tff4ReL10ZdFNgRfDVjqJthp32Ii7+2GH7ORNsNAHvHw4Fyvw88BLe+eLweDPC4uxc7/ALSLkaHYif7R5n7zz/N3+b5nz792/wCbNAHZ0AFABQAUAFABQAUAfJGlW3ikft2+PbyVNa/4Ql/2Tfg9bWMjvd/8I6fFEXxe+O0urJbIW+wDWl0qbRTfPGouzYtp6zMYRbhQD63oAKACgAoAKACgAoA8H/anh1u4/Zi/aNt/DS6i/iOf4D/F6HQE0czrqza3L8PvEKaUultalbpdRa+aAWJtmWcXPlGEiTaaAO4+FiahH8MPAEeoCcaongvw4t4L4ym5F8NHtROLsyZmMwmDeeXPmb92ctmgD8YPhH+wJ+3r8KP+ChX7ZP7ecnjz9kzxzrn7TXhj4f8AgTwb4d19Pi7ZS/CrwZ8Nob2w0XTLO7stFmS+fVrGawl11V8uKa/02KWNmEruoB9S/sG/8E75P2Vvin+03+098VPiOPi9+1J+154o0jX/AIs+MdP0n+wfCWiaL4ZS9i8KeA/A2jyNLd2/hzw5HqN4ltdX8i312ksYuEHkIKAP06oAKACgAoAKAPkeO28Vf8N0apdlNb/4Qo/st+DreKQvd/8ACPf8JKvxR+JEl2qR5+w/2wNNk04zuF+1Gza1DkxCMUAfXFAHyt+21+yP8Nv26/2XPi/+yt8WDdweDfi14abRp9U04Rtqfh/VrO7ttV8P+ItOWUrHJd6LrVjY36wSMkd3HDLaSuIp3KgHyb+zz8M/+CoHwe+Gfgb9n7xN4s/Zg8Z6P4C0Sw8G2P7RFwfHaeNNT8LaTbjTtK1fUPh39iXR7nxtb6fFbNdwyalDoF9dxyO10iyjaAfpl4K8O3nhTwvo+g6j4j1fxbqOn2qx3/iTXXhfVNYvGJe5vboW8cUERmmZmSCJBHChWJeEFAHU0AFABQB4Z+1B/wAm0/tD/wDZDPi1/wCoD4goAvfs7f8AJB/g9/2Tjwh/6ZLOgD2Nt21tm3ftO3dnbux8u7HO3PXHOOnagD8LPgz+wN+3V8Jv+Ch37Y37eeoeOP2UvHmq/tM+Hfh54G8I+HNY/wCFt2Fz8LfA/wANIb6x0jSLK8tdFmivJNYsZtPk1wrsjkvtNilj3+YzKAfR/hr/AIJxp8Qf2pPBv7Z/7Y/xBh+Ovxh+FVpqVj8CvAul6S2ifBj4Gx6pLIbvVfCugXTy3niDxfcQFYpvF2uiK+AAENrE0Ns8QB+o1ABQAUAFABQAUAFABQAUAFABQAUAFABQAUAf/9P+/igAoAKACgAoAKACgD8Tvh//AMp8f2jf+zAvgN/6sT4iUAftjQAUAFABQAUAFABQBxXxK+IHhj4TfDrx98VPG15Jp3gz4Z+CvFXxA8XahDBJdS2PhjwZoV94j1+8itYsy3MlrpWm3c6QRjzJmQRplmFAHS6TqdnrelaZrOnyGWw1fT7LU7GVlKNJZ39tFdW0hRvmQvDMjFTypOD0oA0KACgAoAKACgAoAKAOKh+IXhSf4ial8KotSDeN9J8GaH8QL7SPLcND4V8Ra34i8O6RqRm/1bC61bwrrdsIwd6mzLHKutAHa0AFABQAUAFABQAUAfyg/wDBS3/g68/ZN/Yo+KPij4FfBLwHqv7TXxM8E30+j+LtW0jWLXRvh1oWvWcpivtCXXcS3Gs3lm/7u5n0uOW1guY5rV5BJHlgDW/4Jh/8HU37KX7dnxS8OfAT4t+BdV/Zr+LHjG4h07whda1q9rq3gHxPrlzI0dtoFprY2XOnalcsES0GpJHHeTzxW0LGXNAH9U4IYBlIIIBBByCDyCCMggjkEH880ALQAUAFABQAUAfFX7ef7fn7OH/BOX4E6r8ff2k/Fv8Awj/hqC4Ok+G9DsIxe+J/G3iWSF5bTw74Z0pSJby7lC77qfAttOtd13dusarQB/Iof+D3D4bj4lNaj9jHxYfhILoquq/8Jrpv/Cdm0DcS/wBm8aL5pX+D7TjJzkgYoA/rv/YR/b3/AGdf+CinwJ0b4+fs4eLF17w1eynTte0S9VbXxL4N8QwRo934f8SaaT5lpewCRZIpAPIu7d47iBmjcbQD7RoAKACgAoAKACgD+R7/AILC/wDBzz+yR+y9P8aP2RPhD4W1j9ob4rTeFPGfw28aa7oOpWmnfD/wTrut6NqHh+/0ybWWZ5tc1HSTfF7n+yUltYbq3nspZDIhagCt/wAEif8Ag6J/ZR/ak1n4VfspfGTwZq37PHxMutJ0HwX4O8Q6zqtpqfw+8Wa5bW8enWOkLqg2XWj6hqLQILZtSjitp7m5gtI38w5oA/rpVlZQykMrAMrKQVZSMggjIIIwQQcEcjNAC0AFABQAUAFABQAUAFABQAUAFABQAUAFABQAUAFAH//U/v4oAKACgAoAKACgAoA/E74f/wDKfH9o3/swL4Df+rE+IlAH7Y0AFABQAUAFABQAUAeAftY/DPxB8av2Wf2lvg34Tezj8U/Fr4AfGT4Z+GpNQm+z2CeIPHnw68R+FtGe+uMHyLNdR1W2a5mwfKhDvg7cUAeV/CHx5+1ZZr4A8FeNP2WbPwz4e03S9F8P654vg+M/gXWl0+DS9Kis5NSi0WxY396kk1suy2hHnBZcnG1qAPo34peIviF4Y8LnU/hl8O0+J/ib+0LW3HhiTxTo/g9TYSpObnUP7Y1siyzaukCfZc+dN5+6PIiegDk/g943+Nni+416P4t/BGH4RQWMOnvoc8XxD8M+Of7cluHuxfwtF4fZn077AkVq4kuvluftW2LJhk2gGV8WfiD8f/Cmv2lh8K/2fYPiroMumx3F1r0vxQ8JeC2tdRaaZJNOGma6y3cwjhSGb7Wn7l/O8sYZG3AHq3gHWPF+veE9J1Xx34PXwH4puopG1Twqmu6f4lXSpFlZUiGtaUTY3nmRhZd8B2ru2HDKaAPnk/Fj9q3/AISpNLH7J1sfC512KxfxT/wuzwFuTRGvVhl1z+xt4vmaKyLXv9nAfaXK/ZxiVhQB9DePNY8XaF4P1nV/A/hBfHXi6zt7eTSPCD67p/hxdYuJLu2iuLc65qhGn2H2e0kuLvzLg7Jfs/kJmSVKAPJ/hP8AEL9oHxV4iudP+Kf7PcHwq8Px6bNc2/iCP4o+EfGbXOopNAkOm/2XoTNdxCaJ55vtbjyY/I8tstKu0A8Y+KHhr9oHwP8AtV6l8dPhR8I9M+Lvh3xV+z/4E+FGoac/xA8PeB9R0HWvBfxE+KHi6S8ceICsd/ZajY+PLOGA2pLwz2VyJgFeM0AfVHwt8R/ETxR4ZGpfE74cx/DDxJ9tuYT4aj8VaP4wUWcbYt7z+1tEJsiblfm8jPmRdHwTQB4t40+Kv7U2jeKda0vwd+ypbeMvDNlfTQaN4nf40eBNAbWrJGxFfHR9RcXtgZl+b7PcgSx9GyRlgD6R1fUNftPC+oanpPh9dW8TW+iz3th4YOp2liuoazHZtLBox1i4xZWwnuwtp9vlP2aPd57YjBoA+f8A4c/E39pbxF4s0/SviF+zLb/DvwrcJcm/8VR/F7wV4paweOFnt0Gi6Q5v7n7RMFhLRDEW7zHwgNAHo/xc8V/FTwnpGm3fwp+FMfxY1W5vXh1HSZfGmg+CRp1msW5L0XuvMsF0XkzF9nh/eLjecLjcAQ/CHxd8WvFum6rcfFj4RxfCXULW9SHS9Oi8ceH/ABuNVsmgjd703WgM0VmUnaSD7PP+8bZ5gyrDaAfGP/BRb4zftU/DT9nT9qq8+DHwHk8Qab4e/Z7+J2saH8VLL4neFtD1PRL6D4daxe3mu2Pha7Ya5Je+FJxPeWkcIaW9n06OS1B81FoA/wAUbWNQv9W1bU9U1W4mu9T1HULy91C6uWL3Fxe3Nw81zNM7YZpZJnd5CeSxOc9aAHaJquqaFrGla1od5dafrOk6jZalpV9YzS295Z6jZXEdxZ3NrPCySw3ENxHHJFJE6ujqCpBAoA/3CvgD8SvjrqX7EP7OfxEHw0bx98ZvEfwh+F+p+K/Bl54k0vwZKmqan4Wsp9cuJtV10raRS2lzgNbyHzpmlJXBVtwB7J8IPHPxv8XXmtw/Fr4Gw/CO0sreyk0a7i+IvhjxwdauJpLhby3MHh9mk0/7HHHbyebc/JP9o2x5MT7QCl8W/H/x88J67p9j8KfgBB8WNEuNLW5v9cl+JvhPwSbDUzdXEbaYNO15lurkLbR29z9siHkE3HkjDxPuAPTvh5rXjLxB4S0zVfH/AIMT4f8Aiq5E/wDaXhRNf03xOumFJ5EgA1rSS1heefAqT5hP7vzPKbLqdoB8/XPxY/asi8VyaVbfsn21z4XXXFsY/FJ+NfgKFpNFN4ITrf8AY7v9uUizJvP7PI+0kr5AHmHFAH0R421bxXovhHV9W8GeE18aeLLS1hl0nwk+t2Hh9dWunuII5bU65qWNPsfKgknn864Plv5HlLh5VoA/zUP+Dwv4yftG+M/2lP2XfAnxf+Hd78I/COjfBTUPE3hrwbF410fxrpGq61q3jbxFp2seKBfaCTY22oyW2lafpEtpKftC22mW0xASZDQB/HJQB/bJ/wAGUnxA+Jln+1n+1F8NNOfUJ/hNrXwZ0fxV4mjJnk0zTvGGjeJFsfDMqqWNvbXep6fqWuo7IiS3UenoHZ1t0CAH98/jj4p/tR6J4q1nS/BX7LFt428MWd20WkeKH+M3gXw82sWoA23R0bUnF9YljkeTcDzBjJxkUAfRt7qGvQ+Fr3VLLQBe+J4dBur6z8LnU7S3W81yKwknttCOsSE2NuLq+WOw/tKQ/ZYRJ9pfEStQB89/Dz4n/tNeIPFul6T4/wD2Ybf4feFLo3H9p+LE+MHgnxO2mCO2lktyNF0lzf3n2i4SK2/cA+V5vmvhEYqAenfFrxT8UfCmiWN78KvhZH8V9Znv/IvtFl8ZaF4KFjY+UzfbhqGvFba5PmhYvs0R835t/CqdwBS+EPjD4u+LbLV5viz8IIvhJeWl1DFpNnF468PeNxq1s8Qaa5M+gFo7Iwy5i8q4O98b1yp+UA+Tf2/vjJ+1H8M/gL+01f8AwX+BTeJbHw5+z58U9f0H4nWvxL8LaHqGia1Y/DjXdR/tWy8K3xOtXl34bvoRd2tvAjS6lNZxx2qs0yCgD/E08Q6rq2u67rOta7dXN7rWq6nfahqt3eMz3VxqF3cyT3c1wz/MZpJ5HaTdzuJz2oAq6ZqF/pOo2Gp6VdXNlqen3lte6feWcssF3a3ttMk1tPbTQMs0U8UyI8TxMsiuAUYEZUA/28/2UPih8edf/wCCfX7LfxOvPh9J8Qvjd4n+BXwm1nxZ4RvfEGl+DJptb1Xwrps+uTT6nre2ztZbadi728uJJGbauSDQB778IfHfxz8W6hq9v8WPgVD8JLC0tbaXSdQi+JHhfxudWuZJJVuLU2ugM0tl9mjSKTzrj5JfN2JlkbaAQ/F3x78ePCWs6ZZ/Cj4CQfFrR7nTPtOpaxL8S/Cvgk6bqX2q4i/s0WGvstxdj7LHb3X2uEeTm48nh4n3AHo/w41zxt4i8I6bq3xC8EJ8O/Fdw92NR8Jp4i0zxSunJFdSxWrjW9HJsLr7XbJFdbYTmHzfJkw6NQB3NABQAUAFABQAUAFABQAUAFABQAUAFABQB//V/v4oAKACgAoAKACgAoA/E74f/wDKfH9o3/swL4Df+rE+IlAH7Y0AFABQAUAFABQAUAeJ/tLfFa9+BH7OXx/+OGmaRa+INS+DXwT+KvxW0/Qb64mtLLW734eeBNe8XWukXl3bpJPa2upT6PHZ3FxCjzQwzPJGjOqrQB6Z4S1qTxJ4V8M+IpYEtZde8P6LrUttG7SR28mqabbXzwRuwDOkTTmNXYBmVQSASRQB0FABQAUAFABQAUAFAHhVl8X7y7/aY8UfAQ6NbJYeH/gb4B+LkfiAXMpvLi78ZePfiZ4Om0d7TZ5KW1lD4Ct72K4WTzZJdQmjZQkKFgD3WgAoAKACgAoAKAKGq6Xp2uaZqWi6xZW2paTq9heaXqmnXkST2d/p2oW8tpe2V1A4ZJra6tppYJ4nVkkidkYEEigD/ON/4K5/8GnPxj8A+N/i7+0Z+w9r/hPxF8B4tP8AGXxR1/4c+LNZh8P+J/h1pOk6fe+Jdb07SLi4Q2viSwtYYLtNLjgMd6YIoxcRq5NAHR/8EnP+DSX4z6l8VPhx8ef29dd8HaF8IvDl9oPjnS/hN4V1aHxLrXxIWNbXV9I0/wAQ3tsBZ6JoMkoQa3Yys1/eW/8AokQWOaZ1AP8ARUsbK102ytNOsYI7WysLaCzs7aJQsVva2sSw28MajhUiiREQdlXHagC1QAUAFABQAUAfiv8A8FrP+COXw2/4K4/AfR/C13rdt8P/AI5fDKbUNS+EfxIlszd2tq2pJH/afhjxFFCpup/D+pvBBOGh3y2F3GZYYiLm4NAH8AK/8Grf/BT5v2hpv2e/7L+Ev9rW/hfTPH03iYfELTf7CXwNqviXWPDVrrSkx+e12bjQ9QlbR9v2xViEZ+dgKAP7+v8Agif/AMEcPh1/wSK+A2teE7bxDb/EX44fE+60/V/i98SoLSSzs7+fToXTS/DXhy2nUXFt4a0M3F21oLgLc3V1dXV3OA0oRAD9rKACgAoAKACgCre2VnqVld6dqFtBe2F/a3FlfWd1Ek9td2d1E0FzbXEMgMc0E8MjxTRSApJG7IwKkigD/Oi/4K7f8Gm3xf8ADXxC+Kf7RX7CeueENa+C1zb+LPiR4g+F3ivWU8P+Ifh9ZWFle+IdatNDvLtWtfEGmRJDcLpdvEUvxGgWZBjcwBl/8Eov+DSj42+LviT8Nvjt+3Xr/g7w38EtJn8P+OdP+GHhXWU8ReJPiRBttdW0zTdXu7NFtfD+iySKI9at52+33Nu3kWyhZJHUA/0bdL0yx0bTdP0jS7WKy03S7O20+ws4EWOC1s7OFLe2giRQFWOKGNEVQMAAdaAL1ABQAUAFABQAUAFABQAUAFABQAUAFABQAUAFABQB/9b+/igAoAKACgAoAKACgD8Tvh//AMp8f2jf+zAvgN/6sT4iUAftjQAUAFABQAUAFABQBwPxW+G3hn4zfC74k/B/xol7L4O+K3gHxj8NvFkem3ZsNRk8M+OfDuo+F9eTT74RymyvX0rVLpbW7EUhtpzHMI32bWAOr0XSbTQdH0nQtPEi2Gi6ZYaTZLK/myi0061is7YSyYXzJBDCgd9q72y2BnFAGnQAUAFABQAUAFABQB55b/DDwrbfFfV/jPFFejxtrfw+8N/DK+na7J09vC3hXxF4r8U6TFHY7Nsd4mreM9bee6EhM0L20RVfIBcA9DoAKACgAoAKACgAoA5Px74L0P4keBvGnw78TR3Mvhvx74T8R+C/EEVnObW7k0PxTo95oerR2tyFY29y9hfXCwThWMMpWQKdoDAGroGiWPhrQ9H8PaWsqaboem2Wk2CzSedKtnYW8drbrLKVUySCKJQzlV3Nk45+UA16ACgAoAKACgAoAKAPPF+GHhVfircfGQQ3v/Ca3PgPTfhxLP8Aaz/Z/wDwjOla9rfiO0iFj5e0XY1PX9RZ7rzcvC0UWweXuYA9DoAKACgAoAKACgAoA8M/ag/5Np/aH/7IZ8Wv/UB8QUAXv2dv+SD/AAe/7Jx4Q/8ATJZ0Aey0AFABQAUAFABQAUAFABQAUAFABQAUAFABQAUAFABQB//X/v4oAKACgAoAKACgAoA/E74f/wDKfH9o3/swL4Df+rE+IlAH7Y0AFABQAUAFABQAUAfLP7c3iDxD4T/Ym/bD8VeEdSv9H8WeGf2Wf2gvEHhjV9Kdo9U0rxDo3wl8XajoupabIgZ0v7HUra2urN0VmW4ijKgkAUAe6fDq6ur34feBL2+llnvbvwb4YuryeYkzTXVxoljLcSyk4Jlkld3kJGS7HOKAOyoAKACgAoAKACgAoA+T9L8TeLJP25fHfg6XUtTbwLZ/sqfCLxLYaQwb+x4fFeqfFv45aZq+owtsC/2ldaRo+h210BIzC2s7QmNQQ7AH1hQAUAFABQAUAFABQB4X+1BrOu+Hf2aP2iPEHhe8vNP8TaF8C/i3rPh3UNOBOoWOu6Z4A8QXukXliFV2N5bahBbzWoCOfORMK2cUAdx8Lb2/1L4a+AdQ1Waa51O98HeHLrULi5/4+J7yfSbWW5lnyAfNkmZ2kyB85PA6UAd5QAUAFABQAUAFABQB8nR+JvFp/bg1TwedS1M+B4/2YfCHiKLSMN/ZC+KLr4nfEbTrzUFOzb/aEumWGm28o8zP2eCDKDIagD6xoAKACgAoAKACgAoA8M/ag/5Np/aH/wCyGfFr/wBQHxBQBe/Z2/5IP8Hv+yceEP8A0yWdAHstABQAUAFABQAUAFABQAUAFABQAUAFABQAUAFABQAUAf/Q/v4oAKACgAoAKACgAoA/E74f/wDKfH9o3/swL4Df+rE+IlAH7Y0AFABQAUAFABQAUAcr461zwf4Y8EeMfEvxCvNI07wB4e8K+Idc8cah4hSGTQLHwfpOkXl/4mvNcjuI5YJNItdFt72fUkmikhaySZZI3QsrAG9p1xY3mn2F3pckEumXVna3GnS2oUW0ljPAktpJbhQFED27RtCFAURlQABgUAXKACgAoAKACgAoAKAOZj13wm/jG98MxX2kt44tfDWl65faYvk/25F4Vv8AU9ZsNIvp8L9o/sq41bTNcgtNzGH7XbX2xQ+8sAdNQAUAFABQAUAFABQBjeI9T0LRPD2u6z4oubGy8NaTo2qan4ivNU8v+zLTQrCxnutXudR81Wi+wwafFcS3fmq0f2dJN6ldwYAuabdWF9p9jeaVLbz6ZdWlvcafNa7fs0tnNEsltJb7Aq+S8TI0e0BdhGOKALtABQAUAFABQAUAFAHMjXfCZ8YSeGhfaT/wm6eHbXWpdNHk/wBuL4YuNRv7KzvX+Tz/AOy5NUtNRhhy/lfaobnaocOWAOmoAKACgAoAKACgAoA8M/ag/wCTaf2h/wDshnxa/wDUB8QUAXv2dv8Akg/we/7Jx4Q/9MlnQB7LQAUAFABQAUAFABQAUAFABQAUAFABQAUAFABQAUAFAH//0f7+KACgAoAKACgAoAKAPxO+H/8Aynx/aN/7MC+A3/qxPiJQB+2NABQAUAFABQAUAFAHzj+2L8PvE/xb/ZF/an+FXgmzi1Dxn8Tf2cfjh8PvCNhPcR2kN94n8Z/DLxP4c0CzmupcRW0VzqupWkMlxKfLhRzI+FVqAPY/Aml3mieB/Bui6ggiv9I8KeHdLvo1YOsd5YaRZ2lyiuuVcJNC6hgcMBkZzQB1dABQAUAFABQAUAFAHzLpvw08WW37ZHjT4xS2luPA+s/s0/C74bWN8LuI3cnirwx8UPjH4n1e1ex/10dvDpPjDQ5Y7o/u5pJ5YV+aB6APpqgAoAKACgAoAKACgDxr9ozwdrnxE/Z7+O/w/wDDEEV14l8dfBr4n+DvD1tPOlrBca54n8Ea5omkwTXMn7u3imv763jknk+SJGMjfKpoA7D4b6Lf+HPh94I8P6pGkWpaJ4U0HSr+KORZUjvLDTLa2uUSVflkVZYnCuvDDBHUUAdrQAUAFABQAUAFABQB8yR/DTxYv7Ymo/F82lv/AMIRcfs6+Fvh5Fffa4vtR8T6X8RPHviG8tTZf64QJpmvadKt0T5bvJJEMtG9AH03QBnav5H9k6p9qv5tKtf7OvftOqW86Ws+mwfZpfOv4bqRJI7aazj3XEc8iOkLxrI6MqlaAP5jP+CVHxP+K/7Xfwj/AGhf2lf2hP26f2h/D/ws8TftaePfhf8Asr6Zo3j3wl4Zvl+G2leMLfwD4ZivY28I3V54h1zUPF73lgk6QoGtYIpseWJpUAP3y/ZZ+F/xZ+Efw61fwj8Y/i/4n+NviJPiN8RdQ0Dxr4vfTpdfPw+1Dxbqlx8P9I1KXTLOxtZb7SfCb6VZ30y26NLeRzyNjcAoB9JUAFABQB4Z+1B/ybT+0P8A9kM+LX/qA+IKAL37O3/JB/g9/wBk48If+mSzoA9loAKACgAoAKACgAoAKACgAoAKACgAoAKACgAoAKACgD//0v7+KACgAoAKACgAoAKAPxO+H/8Aynx/aN/7MC+A3/qxPiJQB+2NABQAUAFABQAUAFAHlHx5+Kth8Cfgd8ZvjfqmlXeu6Z8G/hR8RPirqOiWEsMF/rFh8PPCGseLrvSrKe4It4bvULfR5LS2lnIhjmmR5SEDGgDvfDetR+I/DugeIYYXt4de0XStait5SrSQR6pYwXyQyMuVZ4lnCOVO0spIyMUAbVABQAUAFABQAUAFAHkFp8XtNu/j34g+Aq6RfJq/h/4R+Dfi5NrrSwf2bcad4y8Y+PfB9tpMUAJuVvbO58BXd5PK4EDwX9ssbGRJVoA9foAKACgAoAKACgAoA4H4rePrP4U/C74k/FHULC51Ww+G3gHxj4+vtMs5IorzUrPwf4d1HxDc2FrLORDHc3kOnPbwSTERJLIrSEIGNAG94T8QQ+LPC/h3xRb28trB4h0XTNahtZmRpreLU7OG8SGVkJRpIlmCOyHaWUkYBFAHQUAFABQAUAFABQAUAeQL8X9Nb48XfwH/ALIvhq9p8KtG+Kja75sH9nPp+s+KvE3hWLSxBn7SLyG48NT3UkpBhaG5iRfnV9oB6/QB+Vv/AAWr/at0n9j3/gmb+1n8U5tcstJ8U6h8KPEHgDwDbS3sNrqeo+K/iJHF4JtX0SF5Enur7RbfX7jXiLZXaCLTWmfaq7qAPzt/Zk/Z3/4Jg/sZ/sM/sR/En42fFP4SaB41/Zj8M+DPjB4m8TWXxKt9Yv8Axj8Rp/Amvwa9bDwhY+Jrq21K91nxJ4tl1iytbLRHvH8Q2OmCLEjO9AH9G/gHxX/wnXgnwp4zGkajoC+KdA0vX00XV1RNT0yPVLSK8itL9YyyLdRRyqsqqSA+R2oA62gAoAKAPDP2oP8Ak2n9of8A7IZ8Wv8A1AfEFAF79nb/AJIP8Hv+yceEP/TJZ0Aey0AFABQAUAFABQAUAFABQAUAFABQAUAFABQAUAFABQB//9P+/igAoAKACgAoAKACgD8Tvh//AMp8f2jf+zAvgN/6sT4iUAftjQAUAFABQAUAFABQB5V8dvhVp/x2+CHxk+CGr6pd6HpXxk+FXxD+FWp63YQxXN9o+n/EPwjrHhG91Syt52WCe70+21iW7toZmWKWaJI5GCMSoB3nhzRovDnh7QfD0Ez3EGg6NpejQ3EqhJJ4tLsYLGOaRFJVXlSAO6qSFZiASBmgDZoAKACgAoAKACgAoA8ltfhHpNr8dNe+O66letruv/Cjwf8ACafSDHF/Z8Ok+DvF3jrxfaalHLnzjeXV347vraeMr5aw2duykszigD1qgAoAKACgAoAKACgDhPil4Dsfin8MviL8MdUvLjT9M+I/gTxd4D1HULNEku7Gx8X+H9Q8P3d5apIRG9xbW+oyTQJIQjSooYhSTQBueFdAt/Cnhnw/4YtZpbm28PaNpujW9xMFEs8Om2kVpFLKFwokkSEMwXgMSBnANAG/QAUAFABQAUAFABQB4EvhT4dp+0Vd/FP/AITvSf8AhPLr4Y6R8K38GnWNIFwmm6N4o8SeKIr4WH2r+0vtsl14kubaSMwKgigiI+dnFAHvtAHDeO/hf8NPilp9rpPxN+Hfgb4jaVZXDXVlpnjvwloHi7T7O6ZQjXNrZ+INP1G2t7hkARpookkK4UuQMUAect+yd+yy7WjN+zT8AGbT2jawZvg38Oi1k0LK0LWhPhzNs0TIrRmEqUZVK7SAaAPfI444o0iiRI4okWOOONQkccaDaiIi4VERQFVVGFAwMAUAPoAKACgDwz9qD/k2n9of/shnxa/9QHxBQBe/Z2/5IP8AB7/snHhD/wBMlnQB7LQAUAFABQAUAFABQAUAFABQAUAFABQAUAFABQAUAFAH/9T+8H/hZnw3/wCig+CP/Cr0H/5OoAP+FmfDf/ooPgj/AMKvQf8A5OoAP+FmfDf/AKKD4I/8KvQf/k6gA/4WZ8N/+ig+CP8Awq9B/wDk6gA/4WZ8N/8AooPgj/wq9B/+TqAD/hZnw3/6KD4I/wDCr0H/AOTqAD/hZnw3/wCig+CP/Cr0H/5OoA/FrwB488DL/wAF4/2idTbxn4UXTpf2CfgTaxag3iLSBZS3MXxC+ITyW8d2bwQPPGrqzxK5kRWUsoDA0AftL/wsz4b/APRQfBH/AIVeg/8AydQAf8LM+G//AEUHwR/4Veg//J1AB/wsz4b/APRQfBH/AIVeg/8AydQAf8LM+G//AEUHwR/4Veg//J1AB/wsz4b/APRQfBH/AIVeg/8AydQAf8LM+G//AEUHwR/4Veg//J1AB/wsz4b/APRQfBH/AIVeg/8AydQB83/tkfH/AEX4cfsh/tU/EP4f/EzwhYePPAf7N/xx8Z+Cb+18R6Dd3Vl4u8L/AAx8Ua54bu7a1N5ILm4ttZsbOaG3KOJpEWMo27bQB7L4D+LngXVfA3gzVNT+IngqXUtS8KeHb/UJH8U6CjyX15pFncXbun24bGeeSRmXA2k4wMYoA6v/AIWZ8N/+ig+CP/Cr0H/5OoAP+FmfDf8A6KD4I/8ACr0H/wCTqAD/AIWZ8N/+ig+CP/Cr0H/5OoAP+FmfDf8A6KD4I/8ACr0H/wCTqAD/AIWZ8N/+ig+CP/Cr0H/5OoAP+FmfDf8A6KD4I/8ACr0H/wCTqAD/AIWZ8N/+ig+CP/Cr0H/5OoA+ZtO/aK0qf9sfxp8L5viP4LPw+0r9mr4XePNOtv8AhINCCJ4x8Q/E/wCMfh/W5xf/AG7EjSaL4X8PRm0yfJESzYHn5YA+mf8AhZnw3/6KD4I/8KvQf/k6gA/4WZ8N/wDooPgj/wAKvQf/AJOoAP8AhZnw3/6KD4I/8KvQf/k6gA/4WZ8N/wDooPgj/wAKvQf/AJOoAP8AhZnw3/6KD4I/8KvQf/k6gA/4WZ8N/wDooPgj/wAKvQf/AJOoAP8AhZnw3/6KD4I/8KvQf/k6gDxr9oz46+GPA/7Pnx28a+EfiL4Kh8V+EPg18T/FHhiZPEmhXTQ+IfD/AII1zVtFlW1+3H7S0epWls4gwfOK+Xg7sUAdj8OPjD4I134feCda1j4h+CX1XVvCug6jqTnxPoUJe+vNMtbi6Yxfbv3ZaaRzs/h6dqAO0/4WZ8N/+ig+CP8Awq9B/wDk6gA/4WZ8N/8AooPgj/wq9B/+TqAD/hZnw3/6KD4I/wDCr0H/AOTqAD/hZnw3/wCig+CP/Cr0H/5OoAP+FmfDf/ooPgj/AMKvQf8A5OoAP+FmfDf/AKKD4I/8KvQf/k6gD+S3/g6J/wCC1Xj/APYq+HXw4/Zh/ZJ8d2Wh/F/456BqXirxf8SvDd7Y6pf+D/hvFf3vh+LTvD95bSXNvYa94h1Ox1OK5u5B9qsdNtUNsivfLPEAf5wzftRftIt4vPxAPx6+MH/CbGbzz4q/4WL4s/twy7t+86j/AGqbkncM8ye3clgD/R5/4Nev+C1njn9tP4cfEP8AZl/a18dabqfxe+Buk6LrfhH4ieJdTsNN1Px74C1CafT5LfVprmaBLzWvDN5bwRXF79+7s9RstwaWKV6AP60v+FmfDf8A6KD4I/8ACr0H/wCTqAD/AIWZ8N/+ig+CP/Cr0H/5OoAP+FmfDf8A6KD4I/8ACr0H/wCTqAD/AIWZ8N/+ig+CP/Cr0H/5OoAP+FmfDf8A6KD4I/8ACr0H/wCTqAD/AIWZ8N/+ig+CP/Cr0H/5OoA8P/ab+JHw7m/Zt/aEhh8e+C5ZZfgf8WI4oo/FOhvJJI/gLX1SONFvizu7EKqqCzMQACSBQBe/Z6+JPw7i+BXwhil8e+C45I/h14SSSOTxToaOjrotmGV0a+DKynIKkZB4OKAPYv8AhZnw3/6KD4I/8KvQf/k6gA/4WZ8N/wDooPgj/wAKvQf/AJOoAP8AhZnw3/6KD4I/8KvQf/k6gA/4WZ8N/wDooPgj/wAKvQf/AJOoAP8AhZnw3/6KD4I/8KvQf/k6gA/4WZ8N/wDooPgj/wAKvQf/AJOoAP8AhZnw3/6KD4I/8KvQf/k6gA/4WZ8N/wDooPgj/wAKvQf/AJOoAP8AhZnw3/6KD4I/8KvQf/k6gA/4WZ8N/wDooPgj/wAKvQf/AJOoAP8AhZnw3/6KD4I/8KvQf/k6gA/4WZ8N/wDooPgj/wAKvQf/AJOoA+QP2vfi1+0lpfhzwlqX7E/iT9lrxT4ms9V1CXxr4a+NfxBGg2Gs6N9mtv7MttB1nRZrn+z737ULv7XLdxNH5TQeXyHoA+Bv+Hnf/BQT4W8fHT/gm/o/jiJOJNQ/ZX/aU+GfxERkH/LxHpmv6npWokFQW+y7PtHIXlshQC3Zf8HDH7Fvh27g0f4+eBP2j/2dNfkkEU9n8QfhFrN9pNnJ0cXHiTw0+p6UojbcGYNt2ruBIIFAH2b8KP8Agrh/wTZ+NcttafD39sj4I6nqdzsH9kaj4ttfD+qW8j4AgurXXV08wTKSFdWYhTkEnmgD7h8I/Ev4c/ECOWbwH4/8E+NooHMc8vhLxVoXiSOGQKrGOZ9HvrxYnCurFHKsFYEqAaAO2oA//9X+n3/hxP8A8Ex/+iAX/wD4dD4o/wDzX0AH/Dif/gmP/wBEAv8A/wAOh8Uf/mvoAP8AhxP/AMEx/wDogF//AOHQ+KP/AM19AB/w4n/4Jj/9EAv/APw6HxR/+a+gA/4cT/8ABMf/AKIBf/8Ah0Pij/8ANfQAf8OJ/wDgmP8A9EAv/wDw6HxR/wDmvoAP+HE//BMf/ogF/wD+HQ+KP/zX0Afk94L/AOCRf7BN/wD8Flfjn8DLr4OXknwz8PfsY/B3x3pOgf8ACf8AxAR7bxPrnjfxvp+p6gdUTxKNUmW4tdPtYxazXjWsXl74oVdnZgD9Yf8AhxP/AMEx/wDogF//AOHQ+KP/AM19AB/w4n/4Jj/9EAv/APw6HxR/+a+gA/4cT/8ABMf/AKIBf/8Ah0Pij/8ANfQAf8OJ/wDgmP8A9EAv/wDw6HxR/wDmvoAP+HE//BMf/ogF/wD+HQ+KP/zX0AH/AA4n/wCCY/8A0QC//wDDofFH/wCa+gA/4cT/APBMf/ogF/8A+HQ+KP8A819AEF1/wQd/4JfXttcWV7+zxcXdndwTWt3aXXxL+Js9tdW1xG0U9vcQS+LXimgmidopopUeOSNmR1ZWYUASp/wQk/4JiRokcf7P17HGiqiInxP+KCoiKAFRFXxcFVVAAVQAAAAAMYoAd/w4n/4Jj/8ARAL/AP8ADofFH/5r6AD/AIcT/wDBMf8A6IBf/wDh0Pij/wDNfQAf8OJ/+CY//RAL/wD8Oh8Uf/mvoAP+HE//AATH/wCiAX//AIdD4o//ADX0AH/Dif8A4Jj/APRAL/8A8Oh8Uf8A5r6AD/hxP/wTH/6IBf8A/h0Pij/819AB/wAOJ/8AgmP/ANEAv/8Aw6HxR/8AmvoArj/gg5/wS9F098P2d5xeyQR2r3g+JXxNF09rDJLLFbPcf8Jb5rQRSzzyxwlzGkk0rqqtI5YAsf8ADif/AIJj/wDRAL//AMOh8Uf/AJr6AD/hxP8A8Ex/+iAX/wD4dD4o/wDzX0AH/Dif/gmP/wBEAv8A/wAOh8Uf/mvoAP8AhxP/AMEx/wDogF//AOHQ+KP/AM19AB/w4n/4Jj/9EAv/APw6HxR/+a+gA/4cT/8ABMf/AKIBf/8Ah0Pij/8ANfQAf8OJ/wDgmP8A9EAv/wDw6HxR/wDmvoAin/4IP/8ABMC6gmtrn9nq6uLa4ikguLef4mfE+aCeCZDHLDNFJ4uaOWKWNmSSN1ZHRirAqSKAHR/8EI/+CYcSJFF+z7eRxxqqJHH8TvigiIijCqiL4vCqqgYVVGAOBjAoAf8A8OJ/+CY//RAL/wD8Oh8Uf/mvoAP+HE//AATH/wCiAX//AIdD4o//ADX0AH/Dif8A4Jj/APRAL/8A8Oh8Uf8A5r6AD/hxP/wTH/6IBf8A/h0Pij/819AB/wAOJ/8AgmP/ANEAv/8Aw6HxR/8AmvoAP+HE/wDwTH/6IBf/APh0Pij/APNfQB/Hp/wdOf8ABF7QP2a9O+DX7U37Ivwu1iw+CWneH7rwF8X9NsNT8UeL5/DXiddX1DVdE8U6jc61faxeWWk6xp16NKUpIlnBdaQzy7Huk3gH8R2DnGDnOMd8+mOTnPHT86AP7av+DWL/AIIu+Gf2nNL+MP7VX7XHwv169+Dd7pmneCPgzY3uq+I/CX/CWap9re+8T+J7KXRb/SdRu9I0+OLTtPsrnz5LG7uZL4IHNsrqAf2Jf8OJ/wDgmP8A9EAv/wDw6HxR/wDmvoAP+HE//BMf/ogF/wD+HQ+KP/zX0AH/AA4n/wCCY/8A0QC//wDDofFH/wCa+gA/4cT/APBMf/ogF/8A+HQ+KP8A819AB/w4n/4Jj/8ARAL/AP8ADofFH/5r6AD/AIcT/wDBMf8A6IBf/wDh0Pij/wDNfQBHN/wQh/4Jg3EUsE/7Pd3PBPG8M0M3xN+J8kU0UilJIpY38XMkkciMUdHVlZWKsCCRQAsX/BCL/gmFBGkMP7Pl5DFEqxxxRfE34nxxxoowqIieLlVFUABVUAAcDoaAH/8ADif/AIJj/wDRAL//AMOh8Uf/AJr6AD/hxP8A8Ex/+iAX/wD4dD4o/wDzX0AH/Dif/gmP/wBEAv8A/wAOh8Uf/mvoAP8AhxP/AMEx/wDogF//AOHQ+KP/AM19AB/w4n/4Jj/9EAv/APw6HxR/+a+gA/4cT/8ABMf/AKIBf/8Ah0Pij/8ANfQAf8OJ/wDgmP8A9EAv/wDw6HxR/wDmvoAP+HE//BMf/ogF/wD+HQ+KP/zX0AH/AA4n/wCCY/8A0QC//wDDofFH/wCa+gA/4cT/APBMf/ogF/8A+HQ+KP8A819AB/w4n/4Jj/8ARAL/AP8ADofFH/5r6AD/AIcT/wDBMf8A6IBf/wDh0Pij/wDNfQB8gfte/wDBMf8A4J9/sx+HPCWq+A/+Cb37QH7U+v8Ai7VtQ0q38I/BDx94+vNS0f7BbW1x/aGv3er+ObWx0vTrn7QYoLmVypkgmBHymgD4G/4dtfFr4p/vPhH/AMEWfAvwj0e6+VNV/aT/AG0PHlhrmmq/3JpvC/gzxNqM9zJGDl4VlVdwKlj1oAki/wCDar9oP4pFk+JHxQ/Zk+B3h7UB/pGhfB/w78Z/G3iPTo5Pvw/2/wCM/Hdnp91JGpIRhbNExAY5yQoB6Z8OP+DOj/gnjpWojV/jP8Vfj38Zb9pBNOseuWXgOxkkzuMYgsRrsott3Hkm4JKHBkBO6gD9j/2Vf+CLX/BO/wDYzuIdQ+BXwW1Dw/rFvdxX8esXPxB8dyXZu4o4o/OnttP1/TdJu3kEKGX7Zp0/mFcHCDZQB+qaqEVVUYVQFAyTgAYAyck8DqTk980Af//W/v4oAKACgAoA+J/2o/2t1+Dvjf4S/s+/C3R9N+In7UXx4v55Ph/8N7y5vLKx0fwBoU8aeO/i74z1OGJbTS/BXgxJbe3ljmv7XVdf1e+tNK8O2uqXguLeIAwv2bP2q/Fvjj9pD9pP9kP4wWPhC1+L/wCz3pvwy8aR6v4Im1U6D4y+G/xZ0GXUvDuuR2erQJcabqWnaxp2u+HdVsXkz5+lLfQRixvLWe4APvWgD8Tvh/8A8p8f2jf+zAvgN/6sT4iUAftjQAUAFABQAUAFABQAUAFABQAUAFABQAUAFABQAUAFABQAUAFABQAUAFABQAUAFABQAUAFABQAUAYXifwv4b8a+H9W8J+L9B0jxP4Z16yl07WtA17T7XVNI1Wxmx5lrfafeRzW1zCxCtslQ7XVJF2uqMoB+UH/AA4V/wCCSP8Awmo8df8ADE/woGqi8XURYC31X+wv7QS5+1ref2T/AGl5Hmfav35j3fZi3yGDyf3VAH6veGPC3hrwVoGleFfB+gaN4W8M6HZw6fo3h/w/ptppGj6XY26BIbSw06xigtbWCNQAscMSKOuDkmgDeoAKACgAoAKACgAoAKACgAoAKACgAoAKACgAoAKACgAoAKACgAoAKACgAoAKAP/X/v4oAKACgAoA/B79l7R774mf8F2P+ClXxS8XtcSj9n74G/sv/Ar4S2d+xLaB4e8aeEpPiN48udPjbIhsPEviC4sb7zI8CZ7dy5yuygDG/wCCaenal8e/+Cm//BVj9u7T/Pl+EfiPxP8ACf8AZR+EOq/OdM8Tx/s36De6D468U6Bcj9zqOh6j4mvpbW3u4gYvtljfLGxIagD9+qAPxO+H/wDynx/aN/7MC+A3/qxPiJQB+2NABQAUAFABQAUAFABQAUAFABQAUAFABQAUAFABQAUAFABQAUAFABQAUAFABQAUAFABQAUAFABQAUAFABQB+dHjn9vxPtv7QEvwG+E2rfHfwn+yrZ61J8cPGei+JdE0HRLHxD4X0iXxD4s+H/gyfVHA8WeNPDWhxNdata2Jaztb8pojy/2lKsagH2b8G/ix4N+O/wAKfh58Zvh5qH9q+B/id4Q0Lxr4W1Arsa60XxBYQ6hYySJyUk8mdVkQ8q6kcYIoA+VPFn7at3fftT+PP2QPgd8MLr4pfFX4SfDHwn8U/ird33iTSfCPhrwlpnj59T/4QXw+LzU287Ute8UW+kXl1CbZPsWmW4il1CVRKooA9X/ZA/an8F/tjfBHRvjT4J0jWvDltda/4v8ABviHwt4iSEaz4W8a+APEupeD/GPh2+ktme0un0nxDpF/Zpe2jvbXkUSXMDGOVaAPp6gAoAKACgAoAKACgAoAKACgAoAKACgAoAKACgAoAKACgAoAKACgD//Q/v4oAKACgAoA+P8A4m/sU/Cz4j/Enxl8WrLxD8Svhh47+JfgrRPh38Udb+FPixfCVz8RfCHhttQ/sLTvE7nTdRkmudKtdV1DTLHVLFrHUYNKu5bNLkbbaS3APfPhP8Jvh38Dvh94Z+Fvwq8K6X4L8CeEdPTTdC8P6RAILW1gUs8ssjZaW6vbud5Lq+vrl5bu9u5Zbm5llmld2APRKAPxO+H/APynx/aN/wCzAvgN/wCrE+IlAH7Y0AFABQAUAFABQAUAFABQAUAFABQAUAFABQAUAFABQAUAFABQAUAFABQAUAFABQAUAFABQB+TH/BaL4ifF74A/sNfEf8Aag+CPxW8V/Dvxz+z1qXgT4iroei3+mW+i/Efw3pXjzw+vjLwPr1lqOn3bXsOteFLnVwgtZraeIWxkV1VXdQD6k/ZS8PfFDWtN/4X78RfjVrXjkfG3wN4G8Q6d8MbFNLHwv8Ahi0tndam8fgOe3gGp332+01Szs9U1LUrmRtRk0uK9SK2aaWKgD52/bp+Kf7R3gX4keFdN+Dn7aP7HH7NmgXXgyK91Lwl+0ZoT6p4r1vVjrWrQt4g0aZdY04R6A9pDbafHH5Lf8TCxvm8w52qAeB/AL45ftheIPjJ8PtG8a/8FH/+CdvxP8Kahr0cGueAfhp4XktPHnimyNtcM2meGLk+IbkQ6k8ipKrGCX91DKNvIKgH6b/tj/FfUvgT+yV+018aNEdo9d+FnwF+LPjzQJFi8/Z4g8MeBtc1bQmaLBDxrq1tZmUMNgj3F8KDQB+IfwbuNK/Yk/4NvvEHxD8T3kv/AAm/xA/ZF8d/EbxPqbsbjWvEXxz/AGn9G1GSEGX5rvVtSuvHvj+ztrZR51y1vEkcSlIgFAP1G/4JZfCjxR+zz/wTd/Y5+F/xIZ7Lxd4B/Z2+Hdn4zju3IXS9Xg8M2l3rFsWblLfT5nmiXdgpFFggYIoA/DP9qPT/ANpn4/v40/4LV/8ABPy2vfhhpPg/wFq3gjxh4RGttZeNP2x/2ZfhxqmpN4k8Xw20lrcaX4I8SaDo9lq+ofCfUrkXGqvpypLdWi5toroA/oR/YEsPgVF+yB8B9e/Zu8Ov4Z+EHj/wFo/xM8MWN1NLdapdt8QoB4r1PWNdvZy09/r+r6nql1qGs302JLu/nnmKpu2KAfYVABQAUAFABQAUAFABQAUAFABQAUAFABQAUAFABQAUAFABQB+BvxY+J/7THhD/AIK6Wf7GfhH9ovxLa/Cj9qr9k69+Jek3HiC80TVtX+Bvi34e+Mr/AEfxevw0tG062/4nvijQ9X8PXWm2mrSXkWn24utWRJTZwJKAft18NfCereBPAHg/wbr3jXxD8R9Z8NeH9N0bU/Hniz7J/wAJL4tvbG2jguNe1v7BDb2Q1LUZFNxd/ZoY4fNdvLRFIWgD/9H+/igAoAKACgAoAKACgD8Tvh//AMp8f2jf+zAvgN/6sT4iUAftjQAUAFABQAUAFABQAUAFABQAUAFABQAUAFABQAUAFABQAUAFABQAUAFABQAUAFABQAUAFAHw78Rf2OL746at8a9L+Pvxa1L4mfB74jeH/FHhzwD8IpfCukaRo/wxtvGfgy78G69qR1OC5nufF2sQ2Oo6g/h+61SG3XRZL28nhWW4uEe1AOt/Yr/Zk1r9kr4C+B/grr3xf8TfGqfwL4f0bwlpHizxNpljok8Hhjw1p8GkeHtIh0vT57i3VrLTbWH7dqEk0lzquoPdahN5JnFugB2vxa/ZS/Zp+POuaf4l+NPwK+F3xS8QaTpa6Jpms+OfB2i+ItSsNIS6ub5dNtbvUrK5lhs1vLy6uRbo6xia4lkxudqAOP8AB/7CP7GPw+8TaN408D/sv/A/wn4t8O3i6hoXiPQPh54c0zWNIvlR41u9Pv7XTYbi1nEckiCWKRWCuw5BIYA+gviB4F8M/FDwH41+GvjXTU1jwd8QfCniHwT4q0mU7U1Lw54p0m70TWrFnAJT7Vp19cw+Yo3Rlw64YCgD87PDX/BNDR5PCv7P/wAI/i58Y/EXxe/Z9/Zhu/Dep/Cv4P6p4Y0rQrHUdY8DRiD4f6p8Ttcsr66u/Hz+C4Fhk0qyvLazsp9Vt4tZvYpZ9luoB9W3PwQ8f3H7T9t8bv8AhfHjFPhHD8Grn4ZXP7MX9kaM/wAOr/xPca//AGovxMuNRaM6uNdg0rd4fjsFP9nPYyuZIy4Q0AfOugf8E/77wP8AAPxd+yj8O/jx4l8Ifs7eKLfxd4fs/CkXhTR9Q8WeEfh944nvm8Q+AvDXja4vo7m3sDYarqWk6Lqk1g99oWny28MMd09ssrAH3B8K/hl4M+C/w28DfCX4d6RFoHgX4c+FtF8HeE9GhLNFpug6BYw6dptortln8q2gRS7cs2ScZIoA76gAoAKACgAoAKACgAoAKACgAoAKACgAoAKACgAoAKACgDhPid4e8XeLPh94u8N+AvG0vw38Z6zol3Y+G/HcOj2viCTwtqsy/wCjaumi30sFpqJt2HNtPKiMGJzlVFAH50/E7/gmUvxH8V/syfF8fH/xd4e/aM+AfjnxX4v8SfHHT/C2iS698T7H4heDrfwX448M3mkTXQsfDujXGl6fpA8LWtlNeQ+FJdLs7i3ivbiJ3nAP1GsLNNPsbSxjkmlSzt4bdZZ5DLPKIUCeZNIxJeV9u6RyfmYk8cUAf//S/v4oAKACgAoAKACgAoA/E74f/wDKfH9o3/swL4Df+rE+IlAH7Y0AFABQAUAFABQAUAFABQAUAFABQAUAFABQAUAFABQAUAFABQAUAFABQAUAFABQAUAFABQAUAFABQAUAFABQAUAFABQAUAFABQAUAFABQAUAFABQAUAFABQAUAFABQAUAFABQAUAFABQAUAf//Z</file>
<file name="vlna5_moodle.jpg" path="/" encoding="base64">/9j/4AAQSkZJRgABAQAASABIAAD/4QBMRXhpZgAATU0AKgAAAAgAAgESAAMAAAABAAEAAIdpAAQAAAABAAAAJgAAAAAAAqACAAQAAAABAAACmaADAAQAAAABAAABUAAAAAD/4QkhaHR0cDovL25zLmFkb2JlLmNvbS94YXAvMS4wLwA8P3hwYWNrZXQgYmVnaW49Iu+7vyIgaWQ9Ilc1TTBNcENlaGlIenJlU3pOVGN6a2M5ZCI/PiA8eDp4bXBtZXRhIHhtbG5zOng9ImFkb2JlOm5zOm1ldGEvIiB4OnhtcHRrPSJYTVAgQ29yZSA1LjQuMCI+IDxyZGY6UkRGIHhtbG5zOnJkZj0iaHR0cDovL3d3dy53My5vcmcvMTk5OS8wMi8yMi1yZGYtc3ludGF4LW5zIyI+IDxyZGY6RGVzY3JpcHRpb24gcmRmOmFib3V0PSIiLz4gPC9yZGY6UkRGPiA8L3g6eG1wbWV0YT4gICAgICAgICAgICAgICAgICAgICAgICAgICAgICAgICAgICAgICAgICAgICAgICAgICAgICAgICAgICAgICAgICAgICAgICAgICAgICAgICAgICAgICAgICAgICAgICAgICAgICAgICAgICAgICAgICAgICAgICAgICAgICAgICAgICAgICAgICAgICAgICAgICAgICAgICAgICAgICAgICAgICAgICAgICAgICAgICAgICAgICAgICAgICAgICAgICAgICAgICAgICAgICAgICAgICAgICAgICAgICAgICAgICAgICAgICAgICAgICAgICAgICAgICAgICAgICAgICAgICAgICAgICAgICAgICAgICAgICAgICAgICAgICAgICAgICAgICAgICAgICAgICAgICAgICAgICAgICAgICAgICAgICAgICAgICAgICAgICAgICAgICAgICAgICAgICAgICAgICAgICAgICAgICAgICAgICAgICAgICAgICAgICAgICAgICAgICAgICAgICAgICAgICAgICAgICAgICAgICAgICAgICAgICAgICAgICAgICAgICAgICAgICAgICAgICAgICAgICAgICAgICAgICAgICAgICAgICAgICAgICAgICAgICAgICAgICAgICAgICAgICAgICAgICAgICAgICAgICAgICAgICAgICAgICAgICAgICAgICAgICAgICAgICAgICAgICAgICAgICAgICAgICAgICAgICAgICAgICAgICAgICAgICAgICAgICAgICAgICAgICAgICAgICAgICAgICAgICAgICAgICAgICAgICAgICAgICAgICAgICAgICAgICAgICAgICAgICAgICAgICAgICAgICAgICAgICAgICAgICAgICAgICAgICAgICAgICAgICAgICAgICAgICAgICAgICAgICAgICAgICAgICAgICAgICAgICAgICAgICAgICAgICAgICAgICAgICAgICAgICAgICAgICAgICAgICAgICAgICAgICAgICAgICAgICAgICAgICAgICAgICAgICAgICAgICAgICAgICAgICAgICAgICAgICAgICAgICAgICAgICAgICAgICAgICAgICAgICAgICAgICAgICAgICAgICAgICAgICAgICAgICAgICAgICAgICAgICAgICAgICAgICAgICAgICAgICAgICAgICAgICAgICAgICAgICAgICAgICAgICAgICAgICAgICAgICAgICAgICAgICAgICAgICAgICAgICAgICAgICAgICAgICAgICAgICAgICAgICAgICAgICAgICAgICAgICAgICAgICAgICAgICAgICAgICAgICAgICAgICAgICAgICAgICAgICAgICAgICAgICAgICAgICAgICAgICAgICAgICAgICAgICAgICAgICAgICAgICAgICAgICAgICAgICAgICAgICAgICAgICAgICAgICAgICAgICAgICAgICAgICAgICAgICAgICAgICAgICAgICAgICAgICAgICAgICAgICAgICAgICAgICAgICAgICAgICAgICAgICAgICAgICAgICAgICAgICAgICAgICAgICAgICAgICAgICAgICAgICAgICAgICAgICAgICAgICAgICAgICAgICAgICAgICAgICAgICAgICAgICAgICAgICAgICAgICAgICAgICAgICAgICAgICAgICAgICAgICAgICAgICAgICAgICAgICAgICAgICAgICAgICAgICAgICAgICAgICAgICAgICAgICAgICAgICAgICAgICAgICAgICAgICAgICAgICAgICAgICAgICAgICAgICAgICAgICAgICAgICAgICAgICAgICAgICAgICAgICAgICAgICAgICAgICAgICAgICAgICAgICAgICAgICAgICAgICAgICAgICAgICAgICAgICAgICAgICAgICAgICAgICAgICAgICAgICAgICAgICAgICAgICAgICAgICAgICAgICAgICAgICAgICAgICAgICAgICAgICAgICAgICAgICAgICAgICAgICAgICAgICAgICAgICAgICAgICAgICAgICAgICAgICAgICAgICAgICAgICAgICAgICAgICAgICAgICAgICAgICAgICAgICAgICAgICAgICAgICAgICAgICAgICAgICAgICAgICAgICAgICAgICAgICAgICAgICAgICAgICAgICAgICAgICAgICAgICAgICAgICAgICAgICAgICAgICAgICAgICAgICAgICAgICAgICAgICAgICAgICAgICAgICAgICAgICAgICAgICAgICAgICAgICAgICAgICAgICAgICAgICAgICAgICAgICAgICAgICAgICAgICAgICAgICAgICAgICAgICAgICAgICAgICAgICAgICAgICAgICAgICAgICAgICAgICAgICAgICAgICAgICAgICAgICAgICAgICAgICAgICAgICAgICAgICAgICAgICAgICAgICAgICAgICAgICAgICAgICAgICAgICAgICAgICAgICAgICAgICAgICAgICAgICAgICAgICAgICAgICAgICAgICAgICAgICAgICAgICAgICAgICAgICAgICAgICAgICAgICAgICAgICAgICAgICAgICAgICAgICAgICAgICAgICAgICA8P3hwYWNrZXQgZW5kPSJ3Ij8+AP/tADhQaG90b3Nob3AgMy4wADhCSU0EBAAAAAAAADhCSU0EJQAAAAAAENQdjNmPALIE6YAJmOz4Qn7/4htESUNDX1BST0ZJTEUAAQEAABs0YXBwbAIQAABtbnRyUkdCIFhZWiAH5AABAAEACAAyADRhY3NwQVBQTAAAAABBUFBMAAAAAAAAAAAAAAAAAAAAAAAA9tYAAQAAAADTLWFwcGwAAAAAAAAAAAAAAAAAAAAAAAAAAAAAAAAAAAAAAAAAAAAAAAAAAAAAAAAAAAAAABFkZXNjAAABUAAAAGJkc2NtAAABtAAABDZjcHJ0AAAF7AAAACN3dHB0AAAGEAAAABRyWFlaAAAGJAAAABRnWFlaAAAGOAAAABRiWFlaAAAGTAAAABRyVFJDAAAGYAAACAxhYXJnAAAObAAAACB2Y2d0AAAOjAAABhJuZGluAAAUoAAABj5jaGFkAAAa4AAAACxtbW9kAAAbDAAAAChiVFJDAAAGYAAACAxnVFJDAAAGYAAACAxhYWJnAAAObAAAACBhYWdnAAAObAAAACBkZXNjAAAAAAAAAAhEaXNwbGF5AAAAAAAAAAAAAAAAAAAAAAAAAAAAAAAAAAAAAAAAAAAAAAAAAAAAAAAAAAAAAAAAAAAAAAAAAAAAAAAAAAAAAAAAAAAAAAAAAAAAAAAAAAAAbWx1YwAAAAAAAAAjAAAADGhySFIAAAAUAAABtGtvS1IAAAAMAAAByG5iTk8AAAASAAAB1GlkAAAAAAASAAAB5mh1SFUAAAAUAAAB+GNzQ1oAAAAWAAACDGRhREsAAAAcAAACIm5sTkwAAAAWAAACPmZpRkkAAAAQAAACVGl0SVQAAAAUAAACZHJvUk8AAAASAAACeGVzRVMAAAASAAACeGFyAAAAAAAUAAACinVrVUEAAAAcAAACnmhlSUwAAAAWAAACunpoVFcAAAAMAAAC0HZpVk4AAAAOAAAC3HNrU0sAAAAWAAAC6npoQ04AAAAMAAAC0HJ1UlUAAAAkAAADAGZyRlIAAAAWAAADJG1zAAAAAAASAAADOmhpSU4AAAASAAADTHRoVEgAAAAMAAADXmNhRVMAAAAYAAADamVzWEwAAAASAAACeGRlREUAAAAQAAADgmVuVVMAAAASAAADknB0QlIAAAAYAAADpHBsUEwAAAASAAADvGVsR1IAAAAiAAADznN2U0UAAAAQAAAD8HRyVFIAAAAUAAAEAHB0UFQAAAAWAAAEFGphSlAAAAAMAAAEKgBMAEMARAAgAHUAIABiAG8AagBpzuy37AAgAEwAQwBEAEYAYQByAGcAZQAtAEwAQwBEAEwAQwBEACAAVwBhAHIAbgBhAFMAegDtAG4AZQBzACAATABDAEQAQgBhAHIAZQB2AG4A/QAgAEwAQwBEAEwAQwBEAC0AZgBhAHIAdgBlAHMAawDmAHIAbQBLAGwAZQB1AHIAZQBuAC0ATABDAEQAVgDkAHIAaQAtAEwAQwBEAEwAQwBEACAAYwBvAGwAbwByAGkATABDAEQAIABjAG8AbABvAHIgDwBMAEMARAAgBkUGRAZIBkYGKQQaBD4EOwRMBD4EQAQ+BDIEOAQ5ACAATABDAEQgDwBMAEMARAAgBeYF0QXiBdUF4AXZX2mCcgAgAEwAQwBEAEwAQwBEACAATQDgAHUARgBhAHIAZQBiAG4A/QAgAEwAQwBEBCYEMgQ1BEIEPQQ+BDkAIAQWBBoALQQ0BDgEQQQ/BDsENQQ5AEwAQwBEACAAYwBvAHUAbABlAHUAcgBXAGEAcgBuAGEAIABMAEMARAkwCQIJFwlACSgAIABMAEMARABMAEMARAAgDioONQBMAEMARAAgAGUAbgAgAGMAbwBsAG8AcgBGAGEAcgBiAC0ATABDAEQAQwBvAGwAbwByACAATABDAEQATABDAEQAIABDAG8AbABvAHIAaQBkAG8ASwBvAGwAbwByACAATABDAEQDiAOzA8cDwQPJA7wDtwAgA78DuAPMA70DtwAgAEwAQwBEAEYA5AByAGcALQBMAEMARABSAGUAbgBrAGwAaQAgAEwAQwBEAEwAQwBEACAAYQAgAEMAbwByAGUAczCrMOkw/ABMAEMARAAAdGV4dAAAAABDb3B5cmlnaHQgQXBwbGUgSW5jLiwgMjAyMAAAWFlaIAAAAAAAAPNSAAEAAAABFs9YWVogAAAAAAAAYWwAADgyAAAKQlhZWiAAAAAAAABvHAAArpUAABaZWFlaIAAAAAAAACZOAAAZOQAAslJjdXJ2AAAAAAAABAAAAAAFAAoADwAUABkAHgAjACgALQAyADYAOwBAAEUASgBPAFQAWQBeAGMAaABtAHIAdwB8AIEAhgCLAJAAlQCaAJ8AowCoAK0AsgC3ALwAwQDGAMsA0ADVANsA4ADlAOsA8AD2APsBAQEHAQ0BEwEZAR8BJQErATIBOAE+AUUBTAFSAVkBYAFnAW4BdQF8AYMBiwGSAZoBoQGpAbEBuQHBAckB0QHZAeEB6QHyAfoCAwIMAhQCHQImAi8COAJBAksCVAJdAmcCcQJ6AoQCjgKYAqICrAK2AsECywLVAuAC6wL1AwADCwMWAyEDLQM4A0MDTwNaA2YDcgN+A4oDlgOiA64DugPHA9MD4APsA/kEBgQTBCAELQQ7BEgEVQRjBHEEfgSMBJoEqAS2BMQE0wThBPAE/gUNBRwFKwU6BUkFWAVnBXcFhgWWBaYFtQXFBdUF5QX2BgYGFgYnBjcGSAZZBmoGewaMBp0GrwbABtEG4wb1BwcHGQcrBz0HTwdhB3QHhgeZB6wHvwfSB+UH+AgLCB8IMghGCFoIbgiCCJYIqgi+CNII5wj7CRAJJQk6CU8JZAl5CY8JpAm6Cc8J5Qn7ChEKJwo9ClQKagqBCpgKrgrFCtwK8wsLCyILOQtRC2kLgAuYC7ALyAvhC/kMEgwqDEMMXAx1DI4MpwzADNkM8w0NDSYNQA1aDXQNjg2pDcMN3g34DhMOLg5JDmQOfw6bDrYO0g7uDwkPJQ9BD14Peg+WD7MPzw/sEAkQJhBDEGEQfhCbELkQ1xD1ERMRMRFPEW0RjBGqEckR6BIHEiYSRRJkEoQSoxLDEuMTAxMjE0MTYxODE6QTxRPlFAYUJxRJFGoUixStFM4U8BUSFTQVVhV4FZsVvRXgFgMWJhZJFmwWjxayFtYW+hcdF0EXZReJF64X0hf3GBsYQBhlGIoYrxjVGPoZIBlFGWsZkRm3Gd0aBBoqGlEadxqeGsUa7BsUGzsbYxuKG7Ib2hwCHCocUhx7HKMczBz1HR4dRx1wHZkdwx3sHhYeQB5qHpQevh7pHxMfPh9pH5Qfvx/qIBUgQSBsIJggxCDwIRwhSCF1IaEhziH7IiciVSKCIq8i3SMKIzgjZiOUI8Ij8CQfJE0kfCSrJNolCSU4JWgllyXHJfcmJyZXJocmtyboJxgnSSd6J6sn3CgNKD8ocSiiKNQpBik4KWspnSnQKgIqNSpoKpsqzysCKzYraSudK9EsBSw5LG4soizXLQwtQS12Last4S4WLkwugi63Lu4vJC9aL5Evxy/+MDUwbDCkMNsxEjFKMYIxujHyMioyYzKbMtQzDTNGM38zuDPxNCs0ZTSeNNg1EzVNNYc1wjX9Njc2cjauNuk3JDdgN5w31zgUOFA4jDjIOQU5Qjl/Obw5+To2OnQ6sjrvOy07azuqO+g8JzxlPKQ84z0iPWE9oT3gPiA+YD6gPuA/IT9hP6I/4kAjQGRApkDnQSlBakGsQe5CMEJyQrVC90M6Q31DwEQDREdEikTORRJFVUWaRd5GIkZnRqtG8Ec1R3tHwEgFSEtIkUjXSR1JY0mpSfBKN0p9SsRLDEtTS5pL4kwqTHJMuk0CTUpNk03cTiVObk63TwBPSU+TT91QJ1BxULtRBlFQUZtR5lIxUnxSx1MTU19TqlP2VEJUj1TbVShVdVXCVg9WXFapVvdXRFeSV+BYL1h9WMtZGllpWbhaB1pWWqZa9VtFW5Vb5Vw1XIZc1l0nXXhdyV4aXmxevV8PX2Ffs2AFYFdgqmD8YU9homH1YklinGLwY0Njl2PrZEBklGTpZT1lkmXnZj1mkmboZz1nk2fpaD9olmjsaUNpmmnxakhqn2r3a09rp2v/bFdsr20IbWBtuW4SbmtuxG8eb3hv0XArcIZw4HE6cZVx8HJLcqZzAXNdc7h0FHRwdMx1KHWFdeF2Pnabdvh3VnezeBF4bnjMeSp5iXnnekZ6pXsEe2N7wnwhfIF84X1BfaF+AX5ifsJ/I3+Ef+WAR4CogQqBa4HNgjCCkoL0g1eDuoQdhICE44VHhauGDoZyhteHO4efiASIaYjOiTOJmYn+imSKyoswi5aL/IxjjMqNMY2Yjf+OZo7OjzaPnpAGkG6Q1pE/kaiSEZJ6kuOTTZO2lCCUipT0lV+VyZY0lp+XCpd1l+CYTJi4mSSZkJn8mmia1ZtCm6+cHJyJnPedZJ3SnkCerp8dn4uf+qBpoNihR6G2oiailqMGo3aj5qRWpMelOKWpphqmi6b9p26n4KhSqMSpN6mpqhyqj6sCq3Wr6axcrNCtRK24ri2uoa8Wr4uwALB1sOqxYLHWskuywrM4s660JbSctRO1irYBtnm28Ldot+C4WbjRuUq5wro7urW7LrunvCG8m70VvY++Cr6Evv+/er/1wHDA7MFnwePCX8Lbw1jD1MRRxM7FS8XIxkbGw8dBx7/IPci8yTrJuco4yrfLNsu2zDXMtc01zbXONs62zzfPuNA50LrRPNG+0j/SwdNE08bUSdTL1U7V0dZV1tjXXNfg2GTY6Nls2fHadtr724DcBdyK3RDdlt4c3qLfKd+v4DbgveFE4cziU+Lb42Pj6+Rz5PzlhOYN5pbnH+ep6DLovOlG6dDqW+rl63Dr++yG7RHtnO4o7rTvQO/M8Fjw5fFy8f/yjPMZ86f0NPTC9VD13vZt9vv3ivgZ+Kj5OPnH+lf65/t3/Af8mP0p/br+S/7c/23//3BhcmEAAAAAAAMAAAACZmYAAPKnAAANWQAAE9AAAApbdmNndAAAAAAAAAAAAAMBAAACAAAAVgEuAesCxAODBFMFQAYnBxoIGAkfCj0LTgxrDZAOuQ/sES0SZROjFOMWKhd5GL8aDxtXHKQd8x88IIQhzSMRJFIljSbLKAApMypmK5csyi33LygwUTGAMqsz1TUCNjE3XTiKObY64TwNPTg+YD+JQLFB3EMIRDZFY0aQR7hI3koBSyRMR01qTo9PtFDYUfhTFlQzVU9WbVeNWK5Zy1rhW/Bc9137XwBgCmEZYi1jQWRSZV9mZWdhaFNpPGogawFr4Gy/baBug29ocFBxOHIgcwhz73TWdb52qHeTeH55bHpZe0l8PX03fjZ/OYBBgUuCV4NlhHSFhYaUh6SIs4nAisyL1ozfjeeO7Y/ykPWR9pL1k/WU+pYElxWYLJlHmmObf5yYna6ev5/LoNSh2qLgo+mk9KYDpxWoKqlCqlyrd6yUrbKu0a/xsRGyM7NTtHO1kLapt7q4wbnDusC7u7y1va++qb+jwJ3BlcKKw3zEasVTxjbHGMf5yODJz8rGy8PMwc28zq/PmNBz0UPSDdLT05vUZtU11gXW19eo2HbZQNoG2sfbgNw13Ofdkd473uPfjeA74Ovhn+JS4wPjr+RV5PnllOYs5r/nUufk6IXpL+nk6qjrbuwz7PXtr+5j7xHvtfBQ8ObxfPIX8sbzj/Ru9WH2ZveK+OT6xf0u//8AAABWASMBsAJqAzID6ASxBYAGWAc9CC0JJwonCyIMMA06DlEPYxB+EZ8SvhPpFRAWOBdhGIgZtBreHAsdMx5bH4AgoSG/Itsj9SULJh8nNShJKWAqeSuTLLEtzC7oMAQxITI8M1o0dDWLNqQ3uTjNOeI69DwGPRs+MT9NQGxBj0KwQ9BE7UYIRx1IMklFSlVLY0xuTXhOfk+DUIVRhlKIU4pUjFWKVoRXeVhoWVRaRFs/XEZdWl53X5VgsGHCYspjxWS1ZZxme2dXaDBpDGnsatBrumypbZtuj2+CcHJxXHJAcx9z+3TVda12hndieEV5MHokex18GX0VfhB/Bn/2gOKByoKxg5WEd4VdhkqHRIhMiWGKgYuljMaN3o7uj/WQ95H1kvOT8JTtleyW7pf4mRCaOZtunKadzp7jn+mg5aHfotmj0aTIpb6mvKfKqO2qIatdrJyt2a8UsE6xiLLCs/m1LrZkt5u40roFuzS8X72Fvqa/vMC+warCkMN9xHfFgMaPx53Io8meyo7LdcxTzS3OBM7az7LQi9Fq0lHTRdRF1VHWYtd12ITZh9p922bcQ90a3ezeud+H4FjhLeII4ubjw+Sd5XHmQOcM59Too+l/6mnrZOxo7W3ucO9w8HDxcvJ283n0d/Vp9kf3D/ez+EX4y/la+e360PwM/dr//wAAACsAxAFLAdgCZQMGA48EKwTPBXoGLwbpB6UIaAkvCfkKygufDHcNUg4yDw4P9hDZEcASqROTFH0VZxZSFz0YKRkVGfwa6BvSHL4drh6jH5sgliGUIo8jhiR2JWEmRScgJ/gozCmfKnMrSCwhLQIt6S7XL8gwujGqMpgzgDRgNTk2BjbPN5U4WDkZOdk6nTtkPDI9Bj3ePrY/j0BoQURCJkMQRABE80XnRtZHu0iWSWVKJUrgS5hMT00HTcNOg09JUBhQ6lG+UpNTaFQ7VQ1V3latV3xYSlkVWd9aqFtvXDVc+V29XoBfQ2AIYNFhnGJrYzxkDGTaZadmcWc4Z/xov2mAakBrAGvAbIFtQ24EbsVvhXBBcPhxq3JZcwFzqXRPdPR1mHY8dt53gHgdeL15YHoWetp7q3yDfVh+KH72f8OAk4FngkSDKoQYhQuGAIb0h+OIzYmvioyLYYw0jQeN2o6wj4qQa5FHkhKSxpNbk+yUepVBlkKXiJkImoqb5J0ZnjKfOaA5oTWiL6MopCGlGaYRpwqoCakPqiGrPaxgrYeura/TsPyyKLNatJK10bcUuFm5nLrXvAW9Kb5Hv2LAf8Gewr7D38T/xiHHQ8hnyYzKscvWzP3OKc9b0JfR3tMy1I3V7tdT2LnaIduV3S/fDuF35Ivoee1O8vb5Uf//AABuZGluAAAAAAAABjYAAJOVAABWjQAAVukAAJG3AAAmuwAAFwoAAFANAABUOQACh64AAkeuAAFrhQADAQAAAgAAAAEABAAIAA8AFgAfACkANABAAEwAWgBpAHgAiQCaAKwAvgDSAOYA/AESASkBQAFZAXMBjQGpAcUB4wIBAiECQgJkAocCrALSAvoDIwNNA3oDqAPXBAgEOgRtBKME2QUSBUsFhgXDBgEGQAaABsIHBQdKB5AH2AghCGwIuQkHCVcJqAn6Ck0KoQr3C04LqAwEDGIMww0lDYkN7g5UDrwPJQ+REAAQcRDkEVkRzxJGEr0TOBO2FDoUwxVSFeMWdRcGF5YYJhi4GU4Z6BqIGzEb4xyfHWIeKx74H8YglSFkIjQjBiPbJLMljyZsJ0soKykNKfAq1Su7LJ4tfi5cLzkwFDDwMc0yqjOJNGg1SjYuNxU3/zjtOd460jvKPMU9xD7HP85A2kHoQvZEAEUGRghHCEgISQlKDEsUTCFNNE5OT25QlFG8UuVUDVU0VllXfVigWcRa51wLXTBeVl98YKRhzmL4ZCRlU2aFZ7xo+mpDa5ls+W5jb9JxRnK8dDR1r3cteLF6PHvQfW9/HIDWgpSETIX2h5SJLIrFjGWOFY/fkc2T3ZX/mCCaOZxMnl+geaKgpNqnLamgrDCu4LGhtF63C7muvF2/K8IfxUbIoswMzyjR9tSR1yjZ0dye35fi0uZg6fntEu+s8gD0MPY59//5ivq4+9T8u/2j/nD/N///AAAAAQAFAAoAEgAbACYAMgA/AE0AXABtAH4AkQCkALkAzwDlAP0BFgEvAUoBZgGDAaIBwQHiAgQCJwJMAnICmgLDAu8DHANLA3wDrwPkBBoEUgSLBMUFAQU9BXsFuwX8Bj8GgwbJBxAHWQelB/IIQQiTCOYJOwmTCewKRgqhCvwLWAu0DBIMcgzUDTkNoA4LDngO5w9ZD84QRhDAET4RvxJDEsoTUxPdFGoU+hWPFioWyxdxGBYYthlRGeYaeRsNG6QcQBzkHZEeSh8OH90gsyGOImkjQiQYJOslvSaQJ2YoQiklKhIrCCwFLQguDi8SMBExCDH5Mugz1zTKNcE2wTfKONs58jsOPDA9UT5pP3RAckFoQlhDR0Q5RTRGOEdHSF9JfkqhS8dM8E4bT0VQa1GGUpRTl1SVVZRWoFe/WPFaNVuAXM1eHl90YM9iI2NmZJVltWbOZ+Ro+2oWazNsVG12bppvwHDqchdzRnR2dad22ngQeU16j3vYfSZ+fX/jgWeDEITKhnSIBomHiwSMiI4bj8ORgpNYlUOXO5k7mzudOZ8poQSixqR2phunvaliqxWs3a7FsM+y9bUxt3y5y7wPvkTAcsKmxOnHQsmyzDHOnNDd0vTU8dbn2OPa6Nz03wHhCuMU5STnSOmW7DfvivOm92z5zvuE/MP99P75//8AAAACAAgAEQAeAC0APgBRAGYAfQCWALAAzADqAQkBKwFNAXIBmAHAAeoCFgJEAnQCpgLaAxEDSQOEA8AD/QQ7BHoEugT8BUEFigXXBikGgQbdBz4HoggICG8I1Ak5CZ0KAgpqCtULRAu7DDkMwQ1QDeYOgg8hD8AQXBD2EZASLRLNE24UDRSoFUIV3BZ5Fx4XzhiOGWIaQhsqHBQc+x3dHrgfkiBtIUwiMCMYJAYk+SXxJu8n8yj9Kg4rJCxALWAugC+dMLgx0zLzNBo1STaCN8M5DDpcO7A9Bz5gP75BIkKTRBZFrkdaSRFK0UyaTm9QVVIyU9pVWlbMWEhZ01tmXPheg2ABYXBi1WQ3ZZxnCWiBagpro21NbwBwt3JvdB51w3d1eWR77n6kgHmB1oL8hAKFCIYQhzOIc4nUi1WM6Y6IkC6R2ZOIlTuW8Zipml6cCp2nnzegvaI/o8ClRKbKqFCp1KtUrNCuRq+5sSiyl7QItX22/LiJuia70L2CvzbA6cKcxE/GBMe7yXPLK8zkzp7QWNIU09LVj9dK2P/arNxP3ejfdeD94oLkA+WC5wLog+oE63/s7u5G73nwnfGN8nXzRPP39Kr1TvXb9mj29vd29+n4XPjP+UP5q/oN+nD60vs1+5j78fxJ/KL8+/1U/a3+A/5Y/qz/Af9V/6r//wAAc2YzMgAAAAAAAQxCAAAF3v//8yYAAAeSAAD9kf//+6L///2jAAAD3AAAwGxtbW9kAAAAAAAABhAAAJzfAAAAAMoq1YAAAAAAAAAAAAAAAAAAAAAA/8AAEQgBUAKZAwERAAIRAQMRAf/EAB8AAAEFAQEBAQEBAAAAAAAAAAABAgMEBQYHCAkKC//EALUQAAIBAwMCBAMFBQQEAAABfQECAwAEEQUSITFBBhNRYQcicRQygZGhCCNCscEVUtHwJDNicoIJChYXGBkaJSYnKCkqNDU2Nzg5OkNERUZHSElKU1RVVldYWVpjZGVmZ2hpanN0dXZ3eHl6g4SFhoeIiYqSk5SVlpeYmZqio6Slpqeoqaqys7S1tre4ubrCw8TFxsfIycrS09TV1tfY2drh4uPk5ebn6Onq8fLz9PX29/j5+v/EAB8BAAMBAQEBAQEBAQEAAAAAAAABAgMEBQYHCAkKC//EALURAAIBAgQEAwQHBQQEAAECdwABAgMRBAUhMQYSQVEHYXETIjKBCBRCkaGxwQkjM1LwFWJy0QoWJDThJfEXGBkaJicoKSo1Njc4OTpDREVGR0hJSlNUVVZXWFlaY2RlZmdoaWpzdHV2d3h5eoKDhIWGh4iJipKTlJWWl5iZmqKjpKWmp6ipqrKztLW2t7i5usLDxMXGx8jJytLT1NXW19jZ2uLj5OXm5+jp6vLz9PX29/j5+v/bAEMAAQEBAQEBAQEBAQEBAQEBAQEBAQEBAQEBAQEBAQEBAQEBAQEBAQEBAQEBAQEBAQEBAQEBAQEBAQEBAQEBAQEBAf/bAEMBAQEBAQEBAQEBAQEBAQEBAQEBAQEBAQEBAQEBAQEBAQEBAQEBAQEBAQEBAQEBAQEBAQEBAQEBAQEBAQEBAQEBAf/dAAQAVP/aAAwDAQACEQMRAD8A/v4oAKACgAoAKACgAoAKACgAoAKACgAoAKACgAoAKACgAoAKACgAoAKACgAoAKACgAoAKACgAoAKACgAoAKACgAoAKACgAoAKACgAoAKACgAoAKACgAoAKACgAoAKACgAoAKACgAoAKACgAoAKACgAoAKACgAoAKACgAoAKACgAoAKACgAoAKACgAoAKACgAoAKACgD/0P7+KACgD5a+AviTXta+Lf7XWl6tq19qGn+F/jN4Y0nw7Z3U7S2+jaZcfBr4c6tPY6fG3Fvby6lf3t68aYDXNzNIfmdiwB9S0AFABQAUAFABQAUAFABQAUAFABQAUAFABQB418C774l6h4O1eb4q2s1p4kT4hfEi206Ka1js3bwda+Ndag8EzCKLKtHP4YTTJY5yd86OJXyzmgD2WgAoAKACgAoAKACgAoAKACgAoAKACgAoAydefUI9D1mTSVL6qmk6i+mIqhy2oLZzGyUIeGLXIjAU8MeD1NAHDfBS78d3/wAJPh1e/E+3ltfiHdeEtFm8Z201ulrLB4iks421OKS2j/dwOlyXBjTCqRgAAYoA9PoAKACgAoAKACgAoAKACgAoAKACgAoAKACgAoAKACgAoAKACgAoAKACgAoAKACgAoAKACgD5b/a08Sa94Y8EfD688P6tfaPdX3x2+D2jXk9hO9vLcaVqvi61tdS0+VkILWt7bs0NxEcrJGSpGDQB9SUAFABQAUAFABQAUAFABQAUAFABQAUAFABQAUAFABQB//R/v4oAKAPj/8AZx/5LT+2x/2Xbwl/6or4W0AfYFABQAUAFABQAUAFABQAUAFABQAUAFABQAUAeNfAzxL8QvFXg7VtR+JmjNofiC3+IXxI0ews20y50kzeE9F8a61pvg/UPs11LLJINS8OW2nXovVZYb4T/aoY0jlVFAPZaACgAoAKACgAoAKACgAoAKACgAoAKACgDJ164vrTQ9autLi8/U7bSdRuNOg8tpvOvobOaS0i8pSGl8y4WNPLUhn3bQQSDQBwvwU13xp4m+Enw68Q/EbTDovjzWfCOi6h4t0lrCfS207Xrmzjk1G0OnXMk1xZGG4LobaaV5IsbWZiMqAeoUAFABQAUAFABQAUAFABQAUAFABQAUAFABQAUAFABQAUAFABQAUAFABQAUAFABQAUAFABQB8gfto/wDIgfDP/s4n4Hf+praUAfX9ABQAUAFABQAUAFABQAUAFABQAUAFABQAUAFABQAUAf/S/v4oAKAPj/8AZx/5LT+2x/2Xbwl/6or4W0AfYFABQAUAFABQAUAFABQAUAFABQAUAFABQAUAeNfAvxz4s+IXg7V9c8ZaKmg6rZfEL4keGrWyS3ubUTaF4W8a61oXh/UTHdZkZtT0ixs75pl/czNOZYcRsgoA9loAKACgAoAKACgAoAKACgAoAKACgAoAKAMnXry507Q9a1Cyh+0XljpOo3lpAVZxPc2tnNPBCVX5m8yVETavzHdgckUAcN8FPFviPx58JPh14z8X6Uuh+KPE/hLRda17R0gntU03VL6zjmu7Nbe5LXEIhlYoI5iZFxhuaAPT6ACgAoAKACgAoAKACgAoAKACgAoAKACgDyr44z/EG2+Efj+f4Uxyy/EaLw7eP4PjhignlfWgY/swjhugbeRsFsLKNh744oA9F0k3jaVpjaiCNQOn2ZvgQAReG2jNyCF+UET78gcDoOlAGhQAUAFABQAUAFABQAUAFABQAUAFABQAUAfIH7aP/IgfDP8A7OJ+B3/qa2lAH1/QAUAFABQAUAFABQAUAFABQAUAFABQAUAFABQAUAFAH//T/v4oAKAPj/8AZx/5LT+2x/2Xbwl/6or4W0AfYFABQAUAFABQAUAFABQAUAFABQAUAFABQAUAeN/Az4l6p8VvB+r+JNX0NfD91p3xC+JHg6OxSWaUTWXgnxprPhix1LdPBbuG1S10yK/ZBGY0M5WOSVAsjgHslABQAUAFABQAUAFABQAUAFABQAUAFABQBla9qEmk6HrOqww/aZtM0rUdQitySBPJZWc1ykJKhmHmtEEyqsRuyATxQBwvwV8d6h8T/hL8O/iJqukroOpeM/CWi+Ir7RkkllXTLnU7OO5ls1kmigmcQM+wNJDE5xlkBJFAHp9ABQAUAFABQAUAFABQAUAFABQAUAFABQB5V8cdZ8d+HvhH4/1v4YaZLrXxA0zw7eXXhPSodPm1WW+1hDH9nt49OgZZrxnBb9xGys2OD/dAPRdJku5tK0ya/QxX0un2cl7GUMZju3to2uUMbZZCkxdShOVxg5xQBoUAFABQAUAFABQAUAFABQAUAFABQAUAFAHyB+2j/wAiB8M/+zifgd/6mtpQB9f0AFABQAUAFABQAUAFABQAUAFABQAUAFABQAUAFABQB//U/v4oAKAPj/8AZx/5LT+2x/2Xbwl/6or4W0AfYFABQAUAFABQAUAFABQAUAFABQAUAFABQAUAeRfBX4nt8W/Ceq+Jm0R9AOm+PfiF4L+xPObgzDwN4w1jwsupBzDAVXVBpYvli2MIlnEYkl272APXaACgAoAKACgAoAKACgAoAKACgAoAKACgDL1zUf7H0XV9WEJuDpel6hqItw20z/YrSW58kNhtpl8rZu2tjdnBxigDivg74+b4p/CzwB8R20ptCbxt4V0jxI2jvKZ30w6paR3Js2mMcJlMG/YX8pN2M7VzhgD0mgAoAKACgAoAKACgAoAKACgAoAKACgAoA8q+OPizxX4F+Efj/wAX+BtJXXfF/h/w7eal4f0d7S4vl1DUYTH5Ns1naPHc3AcM37uF1c44IwdwB6LpNxcXelaZdXcfk3Vzp9ncXMQUp5VxNbRSTR7Wyy7JGZdrHIxg5IoA0KACgAoAKACgAoAKACgAoAKACgAoAKACgD5A/bR/5ED4Z/8AZxPwO/8AU1tKAPr+gAoAKACgAoAKACgAoAKACgAoAKACgAoAKACgAoAKAP/V/v4oAKAPj/8AZx/5LT+2x/2Xbwl/6or4W0AfYFABQAUAFABQAUAFABQAUAFABQAUAFABQAUAeR/BX4jaJ8UPCeq+ItA0J/DtlYePfiF4SmsXjtImn1Lwb4x1jw3qep7bLMRXVb7Tp9QV3/fuJw1xiYuKAPXKACgAoAKACgAoAKACgAoAKACgAoAKACgDL1y/h0vRdX1O4hNzBp2l6hfz24Ck3ENnaS3EsID/ACEypG0eH+U7sNwTQBxXwd8b6V8SfhZ4A8faHpDaBo/i/wAK6Pr+m6I6W0baXZ6laR3EFi0dnm1Q26OI9tufKG3CZAFAHpNABQAUAFABQAUAFABQAUAFABQAUAFABQB5V8cfHmrfDD4R+P8A4gaDpCa9rHhPw7eaxp2juZgmo3NuY9lsxt4ppgH3n/VxO3opoA9F0m7kv9L02+mj8mW90+zu5YRn91Jc20Uzx/MA37tnK8gHjkDpQBoUAFABQAUAFABQAUAFABQAUAFABQAUAFAHyB+2j/yIHwz/AOzifgd/6mtpQB9f0AFABQAUAFABQAUAFABQAUAFABQAUAFABQAUAFABQB//1v7+KACgD4//AGcf+S0/tsf9l28Jf+qK+FtAH2BQAUAFABQAUAFABQAUAFABQAUAFABQAUAFAHkvwY8beDfH3hTVNa8DaAvhzR7Px38QPDl3YLp1hpYn8Q+GPF+r6H4k1Q2+nEwSHVtasr3UDdyYurw3BubsfaJJKAPWqACgAoAKACgAoAKACgAoAKACgAoAKACgDM1u8tNP0bV7+/g+02Njpl/eXtsY0l+0WltayzXEHlSfu5PNhR4/Lk+R921/lJoA4v4QeK/DHjn4XeAvGPgvRx4e8JeJfC2kax4d0NbKz00aVpN9aRzWViLDT82NmLeFlj+z2p8iPG2PKgUAej0AFABQAUAFABQAUAFABQAUAFABQAUAFAHl/wAafiHP8JvhT47+JFto58QT+DfD93rcWiid7U6k9sUAtRcRw3Dxb9/31glIx9w0Aeg6XeHUdM07UGj8k31haXhhJ3eUbq3jnMe4hSfLL7clVzjOBnFAF+gAoAKACgAoAKACgAoAKACgAoAKACgAoA+QP20f+RA+Gf8A2cT8Dv8A1NbSgD6/oAKACgAoAKACgAoAKACgAoAKACgAoAKACgAoAKACgD//1/7+KACgD4//AGcf+S0/tsf9l28Jf+qK+FtAH2BQAUAFABQAUAFABQAUAFABQAUAFABQAUAFAHkvwY8RfD3xP4U1TUPhppiaV4fg8d/EDSb+2SxbTxJ4r0fxfq+neMLwwMFLte+I7fUbprkDbdNIbhcBxuAPWqACgAoAKACgAoAKACgAoAKACgAoAKACgDM1uextdG1e51SMS6ZbaZfz6jEUMglsYbWWS7jMY5kD26yLsHLZ2jrQBxfwg1rwX4j+F3gLXvhzYLpfgTV/C2kX/hLTktGsEstBuLWOTTrZbJ8NaiK3KKIWGUxtOMCgD0egAoAKACgAoAKACgAoAKACgAoAKACgAoA8x+M/j3T/AIXfCvx18QtV0dvEGneEdAu9ZvNFQQl9ShtzGGtVFzmAmTeP9aNnHOaAPQNLu01DTNOv44zDHe2NpdpCcZiS5t45ljO35cxhwvHHHFAF6gAoAKACgAoAKACgAoAKACgAoAKACgAoA+QP20f+RA+Gf/ZxPwO/9TW0oA+v6ACgAoAKACgAoAKACgAoAKACgAoAKACgAoAKACgAoA//0P7+KACgD4//AGcf+S0/tsf9l28Jf+qK+FtAH2BQAUAFABQAUAFABQAUAFABQAUAFABQAUAFAHkvwYu/hhe+FNUm+ElvHbeGV8d/ECDUo4odRgVvGlv4v1eHxzKU1RmuC8vilNUkeSM/ZJGYvZgWxjoA9aoAKACgAoAKACgAoAKACgAoAKACgAoAKAMzW205NG1d9XUNpKaZftqikOwbTltZTeqVixKQbYSgiM7z0TDEUAcX8ILnwDefC7wFdfCyFLf4cXHhbSJfBMEUV7DHF4be1jOlxpFqTNfxqttsAW8Zrgf8tTu+8Aej0AFABQAUAFABQAUAFABQAUAFABQAUAFAHmXxm8ZeGvh78LPHPjbxlojeJPC/hrQLvVNc0JbSxv21SwgKebaCz1NksLgybh+6u3WFtvzEYFAHf6XcwXumadeWsXkW13Y2lzbwbUTyYJ7eOWKLYnyL5cbqm1PkXbheAKAL1ABQAUAFABQAUAFABQAUAFABQAUAFABQB8gfto/8iB8M/wDs4n4Hf+praUAfX9ABQAUAFABQAUAFABQAUAFABQAUAFABQAUAFABQAUAf/9H+/igAoA+P/wBnH/ktP7bH/ZdvCX/qivhbQB9gUAFABQAUAFABQAUAFABQAUAFABQAUAFABQB5L8GLT4Z2XhTVIfhRcRXPhtvHfxAn1GSG4nulHjK48X6vN42iMk+XWSHxO+pxyQr+7hdWjiwigUAetUAFABQAUAFABQAUAFABQAUAFABQAUAFAGZra6e+jaumrsF0p9Mv11NmYqq6e1rKL1iy5ZQLYyksoyByMkUAcX8ILbwJZ/C7wFa/C+aO4+Hdv4W0iLwXPFPLcxS+HUtYxpjxzz5mmVrYIRJId7Dk5oA9HoAKACgAoAKACgAoAKACgAoAKACgAoAKAPM/jL4h8F+E/hb448SfEXTF1nwPo2g3V74n0p7JdRS+0qIp59u1i+Vug2V/dMMNjvigDvtMmtbnTdPuLJPKsp7G0mtI9uzy7WW3je3TYOE2RMq7R93GO1AF6gAoAKACgAoAKACgAoAKACgAoAKACgAoA+QP20f+RA+Gf/ZxPwO/9TW0oA+v6ACgAoAKACgAoAKACgAoAKACgAoAKACgAoAKACgAoA//0v7+KACgD4//AGcf+S0/tsf9l28Jf+qK+FtAH2BQAUAFABQAUAFABQAUAFABQAUAFABQAUAFAHkvwY8PfDrwz4U1TT/hhrCa54euPHfxA1a/vI9Tg1ZYfFuseL9X1Hxjp5ubeOKONtO8SXGo2TWTK0ti0JtZXeSJ3oA9aoAKACgAoAKACgAoAKACgAoAKACgAoAKAMzW4LC60bV7bVJRBplzpl/BqM5kWEQ2E1rLHdymVgViEdu0jmRgVTG4ggEUAcX8INF8E+HPhd4C0H4b6mmteAdI8LaRYeENWjv4dUj1HQLa1jj067TUbdI4L1ZrcK4uYkRJc7lABoA9HoAKACgAoAKACgAoAKACgAoAKACgAoAKAPM/jLf/AA90v4W+ONQ+K9ut38OLTQLqbxjbPa316s2iqU+0o1rpv+nzgkp+7tf3x/h6UAd9pj2cmm6fJpw26fJY2j2KhXULZtbxtbAK+HXEBQbXG8dGwQaAL1ABQAUAFABQAUAFABQAUAFABQAUAFABQB8gfto/8iB8M/8As4n4Hf8Aqa2lAH1/QAUAFABQAUAFABQAUAFABQAUAFABQAUAFABQAUAFAH//0/7+KACgD4//AGcf+S0/tsf9l28Jf+qK+FtAH2BQAUAFABQAUAFABQAUAFABQAUAFABQAUAFAHkvwY8E+EPAPhTVNF8E60+vaReeO/iD4ju717u2vDDr/ifxfq+ueItOEtqqRqumazfXlisDAzQCARTEyo5oA9aoA47x58QvA/wv8Nz+MPiJ4q0LwX4WttR0LSJ9f8R6jbaVpUOp+J9c07w14fsZLy7kihW51fXtW03SbGItunvby3gQF5FFAHXo6yIsiMHR1V0dSCrKwyrKRwQwIII4I5HWgB1ABQAUAFABQAUAFABQAUAFABQBma3Z2uoaNq9hfTG3sr7TL+zvJwyoYLW5tZYbiYO3yqY4nd9zfKu3J4BoA4v4QeFPDXgX4XeAvB3g3VW1zwr4a8LaRo3h/WHuILt9S0qxtY4bO8a5tgtvOZ4VVzLCqxvnKAA4oA9HoA/kP/bq8K+ILL/g4i/YK/Zh0L40/tGeFvgH+0T8APGPxG+Knwy8MftBfFzR9A1vxbpF58XbS2v7LyPF7XmhwMvhjRpZNP0a6sbITWxMMEMUrxUAep/txfEb43f8Es/2/wD/AIJveG/2bf2gfi58V/hb+2R8X7n4P/F/9lr4t+LH+K8mkaLDd+F7GL4meCvEGsxXHjvQItItvElzqGpR3+s3unOmh3cjeaLkpYAH9TtABQAUAFABQAUAFABQAUAFABQB5n8ZY/h9N8LfHEXxWaJPhy+gXa+MGmkuYYhopKfaS8tmy3SLnZloGVx2PXaAd9pgsxpunjTsf2eLG0Fjgkj7GLeP7NgtliPI2YLHJ75NAF6gAoAKACgAoAKACgAoAKACgAoAKACgAoA+QP20f+RA+Gf/AGcT8Dv/AFNbSgD6/oAKACgAoAKACgAoAKACgAoAKACgAoAKACgAoAKACgD/1P7+KACgD4//AGcf+S0/tsf9l28Jf+qK+FtAH2BQAUAFABQAUAFABQAUAFABQAUAFABQAUAFAHkvwY+GukfCvwpqnhzRdcfX7TUfHfxA8YS3rpAhhv8Axr4v1bxNqGmgW806FdMvNTmsVZnWVlgDSxxOSigHrVAH88f/AAW5+DPxN/4KJ+G/GH7AfwP8Uaz4c1P4X/BPWf2r/H2qeHJ3iu774gaLcXkH7OPwtlngyY5PGeraH431a8t3aGezksPCOqIRHMj0AfWf/BE39t5/27/+CfXwc+JniO5T/hbfgexl+EHxw0tiqXmmfFD4dFfD+vy3VqAGtE1v7LDr1jFIoY2Go20mWD5oA/WmgAoAKACgAoAKACgAoAKACgAoAzNb0+LVtG1fSp5jbw6npl/p804AJgivbWW2kmAYqpMaSl8Myj5eSAc0AcX8IPAum/DH4XeAvh7o+rNrul+DfC2keHrDWXWJH1O1020jt4bxkglnhUzogciKaVBnh2GDQB6PQB/H/wD8FRPhj4e+MX/BzF/wS0+Hvim/8V6bomu/si+PBeXngnxf4i8C+JYRaeIfjxdxHT/E/hXUdK1zTi0sCrMbO+i8+HzIJd0TujAHlX/BW/4Qf8OTv2gP2Uf+Cin7Mnjzxr8W/EXxC+MGkfBLx98HP2k/EEnx+17VfDWsF55Zfg5418d/2n8RfAF4ljPf6Y8Ph3WfsovtQ05ruO6triSwYA/tA0HUm1nQ9G1d7d7R9V0rTtSe1k5e2a+s4bprdyQpLwmUxtlV5U8DpQBq0AFABQAUAFABQAUAFABQAUAeZ/GXSPAevfC3xxo3xQ1KPR/h9qOg3Vt4t1Oa/j0yKy0dzH9onk1CVXjtFUhMzOrBc++VAO+0yO0h03T4tPcSWEVjaR2UgcSCS0S3jW2cSDAcNCEYOBhs5GM0AXqACgAoAKACgAoAKACgAoAKACgAoAKACgD5A/bR/wCRA+Gf/ZxPwO/9TW0oA+v6ACgAoAKACgAoAKACgAoAKACgAoAKACgAoAKACgAoA//V/v4oAKAPj/8AZx/5LT+2x/2Xbwl/6or4W0AfYFABQAUAFABQAUAFABQAUAFABQAUAFABQAUAeO/A/wCF8Xwk8Iat4Zh1xNfXUfiB8RvGhvUt1thC/jnxnrHiqTTTGs04LaW+qGxaUuDMYPMMURYxoAdh8QviD4N+FPgfxV8R/iF4g03wr4K8E6Bq3ibxN4g1e5jtLDS9F0Sxn1LUbuaWUqMQ2ltNII03SSFdkas5VWAPwz/YY/Z8+JX7XPgnxf8At/aH+2d8efgpqv7a3iu4+LMPg/4Tr8FtV0TRPhnBDHoHwV0C5u/G3wz8b6zBqWj/AAv0zw1Fq1jHqVrZprD6hdLYx3N1cSSgH5l/sPa7pv8AwR3/AOC7Hx4/YM8afFu58T/Ar9vzwppfx5+GXizxnd+GtNvLX42eXe/8JDbaxaeHLDQPDGj6h4jn0/xLpLCz0vS7aSLwxoUNvZwtdJFQB/ZirBgGUhlYBlZSCGBGQQRwQRyCOCORQAtABQAUAFABQAUAFABQAUAFAGVrunDWNE1nSGm+zjVNK1DTjcFd/kC+tJrYzbSyhvKEu/aWXO3G4ZyoBw/wY8AR/Cv4T/Dz4bxasuux+CfCejeG01lIVt11NdLtI7YXqwLLMsQnCbxGssgXOA7cGgD02gD8f/jp/wAEZvgr8f8A9rvwL+3H4q/aU/bG8P8A7RHwt0afw38MPFHgv4hfCjSNO8AeHLptba40LQdD1D4I6xY3GmzN4i1p5Y9fGtSyPfyvJM7LEUAOtg/4JB/s0+JPjZ4A/aB/aF8c/H/9r74j/Ci8Gq/DGX9pX4gaF4l8KeBNcSaK4i1/w/4C8CeCfh34Lj1mKW3t3S+vdCvWL29rNIkk9paSW4B+qSqqqFUBVUBVVQAqqBgAAYAAGAABgDgYoAWgAoAKACgAoAKACgAoAKACgDzP4y+FfCPjf4W+OPCXjzVn0Lwdr+g3WneItYS8t9PfT9MmKedcre3cc1tbFNo/ezRui55ByNoB32mW9taabp9rZyebaW1jaW9rKWD+bbQ28ccEm9cK++JVbcow2cjANAF6gAoAKACgAoAKACgAoAKACgAoAKACgAoA+QP20f8AkQPhn/2cT8Dv/U1tKAPr+gAoAKACgAoAKACgAoAKACgAoAKACgAoAKACgAoAKAP/1v7+KACgD4//AGcf+S0/tsf9l28Jf+qK+FtAH2BQAUAFABQAUAFABQAUAFABQAUAFABQAUAeMfG/9or4Efs1eEZ/Hvx/+Lvw++D3g63O2TxF8QvFGk+GNM3kMRHHcapdW6yyNsYKkQdiRjAJG4A+Gf2DP28P2FvizZ6x8K/gv+2r8Cfjn47vviD8SPF0OheFPiFpeo+IRpvjHxnrHiXTrGDSbq7XUriLTbPUodPWS3ia2Zrdltd0KqWAP0d8d/D3wD8UfDV94M+Jngfwf8RfB+pmI6l4U8d+GtF8XeGtQMD74TfaF4gsdR0u7ML/ADxGe0k8t/mXBANAFT4d/C34ZfCHw9H4S+E/w68CfC/wpFM9xF4Y+HfhHw/4K8PRXEgVZJ49F8NafpmmpNIqKryrbB2CqCxAAUA8w8Yfsgfsl/EPxXL478f/ALLv7OvjnxxcXKXk/jLxh8E/hp4m8VzXccvnR3UviHWvDN5q8lzHN+9Sd7wypL+8Dh8tQB9DRRRQRRwQRxwwwxpFDDEixxRRRqEjjjjQBI40QBURQFVQFUADFAElABQAUAFABQAUAFABQAUAISFBZiAACSScAAckknAAA5JJ/LFAH8o37b3/AAcca0Pj544/Yr/4JifsjePP29/jN4XXXPDfj7xJ4Ok1iPwX4a1GCOfTtSTQZfDuh+IdR8RSaLdF0vb8w6bopZCbTVZ9jsgB4j+yH/wcT/Fr9lzxj8Gf2Sf+Cs/7D/xQ/Yyg1TSvD/gzwZ8cPEP/AAkN14e1O5QxaXbax4us/EWg6Nc6bpFxOYxc61pV7r1tZb5LrUTa2UEtygB/Y3p2o2Gr6fY6rpd3b3+m6laW99YX1pKk9reWd1Ek9tc280ZaOWGaJ0kjkQlWRgRwaALtABQAUAFABQAUAFABQAUAFABQAUAFAHmfxl8C6N8Tfhb448A+IdXfQdE8V6DdaRqWsoYQ+nWtwUMlypuHjgBTaP8AWuic8kYoA77TLSOw03T7GGQzQ2VjaWkUpxmWO2t44Y5DtyuXVA3BxzxmgC9QAUAFABQAUAFABQAUAFABQAUAFABQAUAfIH7aP/IgfDP/ALOJ+B3/AKmtpQB9f0AFABQAUAFABQAUAFABQAUAFABQAUAFABQAUAFABQB//9f+/igDAsfFXhnU9SuNG07xDot/q9oJTdaXZ6nZXOoW4gdY5zPZwzNcRCGR1jl3xjy3ZVcgldwB8i/s3eI/D8nx8/bX0WPW9JfWG+Onhhhpa6hatqBW3+B3wviuGFmJDcEQyo0cp8vEbqyuQVIoA+uv+Eq8M/2wPD3/AAkOif28WKjRf7Usv7VLCMzFRp/nfaiwhBlIEWRGDJjaM0AE/irwxbavHoFz4h0WDXJTGItHm1Syj1SQyx+bEEsXmF0xki/eIBF86fMCV5oAW98VeGdN1K30fUfEOi2OrXZiFrpl3qllb39wZm2QiCzlmS4lMz/JHsQ+Y3C7iMKAGp+KvDOi3lrp2seIdF0q/vQjWdlqOp2Vnd3SyymCM21vcSpLMHmUxIY1YNICgywxQAav4p8NaBJbQ654g0XR5bwZtI9U1OzsZLkbgpMCXM0TSgMQuYw3JxwcbgBdY8UeG/D0dtLr2v6Nosd7v+xyarqVnp6XXlhGk+ztdSxrN5ayRs/lltodScblLADtU8TeHdDtre91nXtH0mzuzi1utR1Kzsre5JUOBBNcSxxzHYQ+I2b5SD05YAL/AMTeHdL0631jUtd0jT9KuzELXUr3UbS2sLkzoZIRBdzSpBKZY0aSPYzb0VmXIBNABceJvDtrpMOvXWvaPb6JcLE0Grz6lZxaZMs4JhMV88q20gmAJjKyHeB8ucfMAB8TeHRo/wDwkJ13SBoO0N/bR1G0GlbWk8pW+3+cLXaZSIwfMwXOwZbFABD4m8O3OkP4gt9d0ebQow5k1mLUrN9LQRy+TIXv1la1URzfunLSDbJ8jYb7oAWfibw7qOmz61p+u6Pe6RaiU3Op2mpWdxp9uIBumM15FK8EQiXLSF3XYOW4FACaZ4m8Oa1ZXWpaRr2j6pp9iZFvb7T9Ss7u0tGiiE8oubm3lkihMcDLNIJGXZEwkPynKgFFPHHhCfSNZ1208SaNqGk+H7K71DWb3TdRtNQi0+0sbaS8uZbk2ksvl+XbRSSlWKkquRn+EA/g3/YL/ZSb/g5T/bV/ai/bb/bo8Z+KtZ/ZS+AnxTv/AIV/Ar9nLRPEdzo+mrb2qi+t7LUUtG82x0aDQ7nS5tX1XS/seq+J9euLzfqNnFpq27gH1x+1z/wbT/sg2f7L/wAT/ip+xhqcHwM/bM+AV18S/jF8MPEfwf8AiV4k1Kx1HSfDOsa74p8JeEtYt9X1m/1XSNet/C9rZ6HpuuaXfWIttYt1W9/tCG4nu1AP1u/4N9/+CiPif/goT/wT88A+Lvi9q9jefH/4aatr3wm+KjLNax32v6t4JuI7Sz8WS2UcgkE+u6LPpeo6rJHbx2qapdXMUOYwjMAftbb+KvDN5q02g2viHRbnW7ZpVuNIg1Oyl1OBoCFnWaxSZrmMwsQsgeNShOGHI3AAvirwy2rnw+viHRG10MynRl1SyOqBlTzGU2AmN1uWMGRgYwQg3EbRQATeKvDFvrCeHp/EOiw69IYwmjS6pZJqjmWLz4gtg0wumMkP71MRfNH84yvzUAF54q8M6dqcGi3/AIh0Sy1e6MQttLutUsoNQnMxxCIbOWZbiQyniMLH854XPWgBdS8VeGdGvrXTNX8Q6Lpmo3ojNnYahqllaXl0JpTBEbe2uJo5ZhJMDFH5atvkBRfmGGADVvFPhrQZra31zxBoujz3gzaQ6nqdnYy3ILbM28dzLG0w3/JmMN83y8HhgBdY8U+GvDy20mva/o2ipebzaNqup2dgtzsCF/IN1LEJdgdC2zdtDqTjcNwA7VvEvh3Qbe3u9b13R9Itbs4tbjU9Ss7GC5IUORBLcyokx2OrYjZsKwPIINABqHibw7pNhb6rqmu6Rp2mXZjFrqN9qNpa2VyZUMkQgup5khlMkYLoEdt6AsuQDtAC58S+HbPSoNdu9d0e10S6WF7bV7jUrOHTbhbhS8DQ30kq20onQFoikjeYoJTIBoAH8S+HY9IXxA+u6OmhMquustqVmNLZXfYjC/Mv2UhnOxSJDlvlHJ+UAIvE3h2bR38Qw67o8ugxh2fWo9StH0pBHL5Eha/WU2oCT/uWJlG2X93944oA+KP+Ci3xS1zwn/wTw/bM+JPwf123u/FPhn9nP4t3/h3W/D9/FdSaXqUHhDU4pNUsruylYQ3+jQSTalbSI++C4tY5MHYVoA/Ez/g1K+Enwf0P/gkbH8VfA82hn4w/Gjxf8YL341eOHmgXXofEejeI9e0TQNP1vUFLX+m2Oh6DBp19bWzyJD/pNxrUMQk1B5HAPeP+C1nwT+DXj7/ghn8btB+O3iXwf478VfAT4T+Gdf0H4ixa1Drt9o/xa0S/0TTbC+0nXbxm1E3XieS8l0S5juSJtStNSLTwNLDA8QB75/wbx/FjxT8Wf+CRn7HmqePNf/tzxho3w6/4Ru5kur5LzWP+Ef8ADurahofhO51XMr3Rmu9B0+ykW4u/3t1zKzuSTQB+yWkeKvDOvz3FtofiHRdYubMA3cGmapZX01sCzIDPHbSyPEC6soLhfmUjkjCgBp/irwxq9/caXpXiHRNS1K0Dm60+w1Syu7y2EbiOQz20EzzRCOQhHMiDa5CnaThgAtfFXhm+1WfQrLxDol3rVqZludJttUsp9St2t2CXAmso5WuIjC7BJQ8a+WzYbBIoAE8VeGZdXbw/H4h0WTXUZ1fRk1SybVEZF3urWAlN0GRBuYGIFV+Y8c0AEnirwxFrC+HpPEOiR685VU0V9Usl1VmeLz1C2DTC6JaAecoEXMeXGVG6gAuvFXhix1SHQ73xDotprNwYxBpNzqllDqUxmGYhFZSTJcyGUcxhEO/+HNABqPirwzpF/baVqviHRdN1O9MQs9PvtUsrW9ujPL5MP2e1nmSabzpv3UXlo2+T5FywIoAXVfFPhnQri2tNa8QaLpF1egG0ttS1Sysp7kM/lKbeK5ljeYGT92DGGBf5eCAGADWPFPhrw99nOveINF0UXYY2p1XU7Kw+0hMbzB9qmi84LuXcUOF3LnGRQA/V/E3h3QIbe413XdH0a3uyRazapqVnYRXJVUZhA9zLGspVXRj5bNhWUnhgWADUfE3h3R7K31LVte0fTdOuygtb6/1KztLO5Mib0EFzPKkMpdBvURs25RuGQCaAC78S+HbDS4Ncvtd0ez0a6EJttWudSs4NNuBcIXgMF7JKttKJkVniMcjeYillyAaACTxL4di0hNfl13R49CkVHTWH1K0XS3WQ7Y2W/aVbUh2+VCJGDHgZNAHmHxm8P+F/jB8EvHnhWTxppWieG/GPh680WfxlFcWN9pmmR3E0UDXfmte21lN5c6iHY15Cplbyy4fhgD0DQdY8OReF7O7sfEWkahomk2EFnLrlvqFnJpwXT4I7aSWW7jne2hwY8yBpiIycFjgUAX9P8TeHNW0+51bS9d0fUdLshMbzUbHUrS6sbUW8XnTm4uoJXghEMP72XzHXy4/nbC0AJpXifw5rttc3mi69o+rWlmSLu603UrO9t7UrH5rC4mt5XjhKxHzG8xlwmGOFOaADR/E/hzxD9o/sHXtH1r7GVF3/AGVqVnf/AGYtnaJ/sssvkltrbd+M7TjoaAG6R4q8M+IJrm30LxBousz2YU3cOl6nZX8tsHZ0UzpbTSNEGZHVfMVcsjAcqQoAmm+KvDGsXtxpuk+IdF1PULQMbqxsNUsry7tgj7HM9vBK8sQR/kYuq7X+U4ORQAtn4q8M6hqlxolh4h0W91m0877VpVrqllcajb/Z3WOfzrOKZriLyZHVJd8Y2OwVgpNABF4q8Mz6tJoEPiHRJdciMiyaPHqlk+qRtEMyK9is32pWjHLq0YKjk8Z3ACN4q8MrrC+HW8Q6Kuvu21NFOp2Q1Vm8oz7V0/zvtRPkK02BFnygZMbATQAtx4q8M2eqxaFd+IdEttbnMYh0ifVLKHUpTKu+IR2Mky3LmVPmjCxnevK5H3gBL/xV4Z0rULbSdT8Q6Jp+qXhiFpp17qlla31yZ5PKgFvazTJPMZpf3cQRG8x/kTLUALqninwzod1bWOs+INF0m9vQps7TUdTs7K5ug8hhQ28FxKkkweUGJTGrbpAUGWBFABrHinw14fNuuveINF0Y3gJtBqmp2dgbkLgMYBdTRGUKWUEoGxuGcZ+YAdrHifw54fitp9e17R9GhvC4tJdU1KzsI7ooqM4t3upollKLIjN5ZbaroTwymgBdT8S+HdFs7fUNX13R9LsLsqLW91DUrOztbkum9RBPcSxxylkO8CNmyvzAYPygHyL+2vr2h23wu+FusXGsaZb6TcftDfAuSDU5r62jsJo38Y20ySRXbyiCRHhjeVWWQho1ZwdqmgD66m8S+HbfSY9fn13R4dDmWN4tYl1K0j0yVZf9U0d88q2ziQjEZWQh/wCHOPmAAeJvDp0c+IRrujnQFXc2tDUbT+ygvmiDcdQ802oHnsIc+aB5hEf3iBQAW/iXw7d6TJr1rruj3GhwiQy6xBqVnLpkQify5TJfJK1sgjkGyQtIuxvlOCKACx8TeHdU0641fTdd0e/0q0EputSs9StLmwthAnmTme7hleCIQx/PJ5ki7E+Zto5oATS/E/hzW7S5v9G17R9VsbIuLy807UrO9trUxxiZxcT28skcJSEiVvMZdsZDn5TlQA0jxP4c8QLcvoWvaPrKWZAu30vUrO/W2JBIE7WssqxEhWI34yASOhoA1ba5t7yCG6tJ4bq2uI1lguLeRJYZonGUkiljLJIjDlWUkEcjrQBPQAUAFABQAUAFABQAUAFABQAUAf/Q/v4oA858P/B34R+E/FWpeOvC3ws+HPhrxtrK3iax4x8P+CPDOjeKtVTUZ4rrUE1LxDp2mW+r3y311BDc3i3V3KLqeKKafdJGrUAfJf7NXwu+Gdt+0r+2t48tvh14Ft/HKfHPQIk8ZweEfD8XixI9T+CfwyvNSjXxEmnprCpqF5NNd3yC823dzLJPOJJHd2APrT/hTvwjHjcfEwfCz4cj4kLI0q/EH/hCPDP/AAm6yvatYtKPFf8AZn9vCRrJ3s2cX4Y2rtbkmFmRgA1D4O/CPVvGlv8AEjVfhZ8OdT+Ilm1u9p491DwR4ZvfGlq1nbfY7RrfxTc6ZLrkLWtp/otu0V8pgtv3Ee2IbaADX/g78I/FXinTfHPij4WfDnxJ410drN9I8Ya/4I8M6x4p0p9Pl8+wbTfEGoaZcatYtYz/AL6za1uojbS/vISj/NQAviz4P/CTx7rmk+J/HXwt+HXjTxJoCW8eheIfFngnwz4i1zRY7S8fULWPSdW1jS7y/wBNS2v5HvrdbO4hWG8d7mNVmZnoAPGnwg+EvxIudLvPiJ8Lvh149u9DUpot1408E+GvFNzpCF1lZNLn1zTL+XT1MqLIVtHiBdVc5ZVKgD/G/wAI/hT8TbfSrT4kfDH4e/EG10Hzzodt438F+G/Fdvo32pIIrn+yode02/i077RHa20c/wBjWHzkt4Ek3LDGEAH+L/hR8LfiDpOmaB49+GvgDxvoWisH0bRfF/g7w74k0nSXWFYFbTNO1nTr2zsGWBEhDWsMREKrGMIqqoAeIfhR8LfF3hfTfBHiv4a+APE/gvRmtH0fwh4h8HeHda8L6S9hBJa2L6boGpabc6VYtZWssttaNa2sRtoJZIYSsbsjABqPwo+FuseDbL4dav8ADXwBqvw+0yO0h07wJqPg7w7feDdPi09SlhHZeGLnTZdEtI7FGZLRILFFtlYrDsBNAA3wo+Fr+CB8M3+GvgB/hwI0iHw/bwd4dbwQIo7lbyOMeFDpx0Hy0u1W6RPsG1blVnUCUB6ACx+FHwt0vwVP8NdN+GvgDTvh1dLcJdeAbHwd4dtPBVyl3dfbrtZ/Ctvp0ehzLc3pN5cLJYMJro/aJN0x30AGhfCj4W+F/CuoeBfDXw18AeHfBGrrdpqvg3QvB3h3SPCuppqCeVfrqHh7T9Ot9IvVvY/3d2tzaSC5T5Jt6kigA8KfCf4WeBNB1fwr4H+GngDwb4Y197mTXvDnhTwb4d8PaDrcl5Zpp14+r6RpGm2en6k93p8cdhcteW87T2caW0paBVjUAz9A+Cnwg8I6D4l8MeC/hh4A8D6F4xsruw8T6b4K8H+HvClrrdvfWcun3A1OLQdOsY713s55YBJcpK6xsVB2nbQB/C7/AME6P2ovDv8Awbg/tuftZfsOft3eEdU8H/AD43/E2f4l/BX9qHT/AAjdalpeo6ZcI1no0Orajpumvqd34ZvdMjtmWCBrmHwr4hTXV1C1sjczzUAfR/7SH/BdP9gP9nX9lT4yfDP9jB/h3+0J+2n+0dqnxh8HfD+P4C/D/Tp3s9F+J/irxDB4QvvF3inw9oVk93N4f0DX7Y6X4YNzeanJrEdtataxQi5uIgD9cv8Ag3l/4Ju6n+wN+wb4D/4XF4I0HSP2mvire+IPiZ8S9Rm0PSR4v8Np43u4b/T/AALc68kD6qkWlaTbaTHqulLemxXV4Z3WIsqvQB+1WmfB34R6J4yv/iLo3ws+HOkfEHVZLyXVPHWmeCPDNh4y1GXUXWXUJL/xPa6ZFrd5JfyKsl49xfSNdOqvOXYCgAj+Dvwjh8bN8S4vhZ8OYviO8kkr/ECPwR4ZTxs0ssBtZZW8VLpi66ZJLVmtpHN+WeBjCxMZKsAF58HfhHqPjaH4mah8LPhzf/Ee2a3e3+IF54I8M3XjaB7Sz/s+1aHxXPpkmvRNbaeBY27R34MNmPs0e2EBFADW/g98I/EvivT/AB54j+Fnw58QeOdJa0fS/Get+CPDOq+K9NewbdYtp/iK+0u41izayb5rRre8Q2zcw+WcFgA8U/B74SeOdf0nxZ42+Fvw58YeKdAW1XQvEvinwR4Z8Qa/oq2N42oWS6TrOraZdajpy2d+731qLO5hFveM1zDsmZnoAXxl8IPhL8Rr7S9T+IXwu+HXjvUtDUJomoeMvBPhrxRfaOgm+0BdLu9b0y+n09ROBOFtJIgJh5g+cbqAHeOPhD8J/ibFpcHxJ+GHw8+IMGhiYaLD448FeG/FkWji5WFLgaXHr2m36aeLhLeBJhaCLzVghWTcIkCgEnjL4UfC34i6bpmjfEH4a+APHWkaKxfRtK8ZeDvDvifTdJcxJAX0yx1vTr21sGMMUUJa1iiJijSM5REVQA8SfCj4W+MvDmmeDvF/w18AeK/COjNbPo/hXxJ4O8O674c0l7OBra0bTND1TTbnTLFrW2d7e2NraxGCB2iiKxlkYANV+FHwt13wdp/w71z4a+ANZ+H+kx2MWleBdV8HeHdR8HaZFpkTQ6bHp/hm706XRLKPT4XaKxS2so1tImaOAIrMtABN8KPhbceCo/hrcfDXwBP8OYo4oovAE3g7w7L4KjigmFxDFH4VfTm0JI4bgCeJFsAscwEqAOAygBa/Cj4W2Pgib4Z2Xw18AWfw3uFmS4+H1r4O8O2/gidLi8/tG4SbwpFpyaDKs+of6dMr2DCW8/0pw0430AVLb4M/CKx8B658LdN+F/gDSfht4msdU03xB4D0fwjoOj+EdYsdahkt9Wt7/wAP6ZYWumXCajDK6XZe2LzbsuxYKVAP4x/FP/BLj/gsF/wR7+Lvx11T/gkpYeBP2mv2K/2gdQ17XPEn7NvxEfS7u98JS61ZNp89i3h/U9V0O41XUYNMcaJZ6z4fuNTtdV0e1tYte0JJRHboAeMeEf8Agl5/wWu/4Ki2Hww+Af7Y3w3+EX/BP/8AYb8Lar4b8QfE3w18MfD/AIU8I+PPjHeeHh5KXHifRfD91ea34g8XSWvmW9nqPiC20Tw5pon+3Pa6hfWVvbuAf26/AL9mn4F/sw+BtC+H3wN+F3gj4caDoXh3QvDIbwt4Z0bRdR1fT/DtmLLTX1/U9Psre+1y7jTzJDd6pcXdwZp55PMDyuWAOu8GfB34R/DjUNT1b4efCz4c+AtU1pVTWdS8GeCPDPhfUNXRJZJkXU7zQ9LsLi/VJppplW7eULLLJIPnd2YAPDPwd+EfgrxDqXi7wd8LPhz4S8WaytwmseJ/DPgjwzoPiHVUu5hc3S6lrWl6Xa6lfrc3CrcXAurqQTTKJZA7gMoAaR8HfhH4f8Yaj8QtB+Fnw50Tx9rD30mreONI8EeGdN8YapJqcyXGpSaj4ms9Mg1q+fUJ40mvmub2RruZEln8x1U0AFv8HvhHaeNZfiTa/Cz4c23xFnkmln8fW/gjwzD41mluIjBcSS+Ko9MXXZJJ4SYZne/LSxExuSnysAFx8HfhHd+N4vibd/Cz4c3XxIgeOSD4g3HgjwzN43hkhszp0MkXiuTS316N4tPY2EbJfhksybZCICUoANX+Dvwj8Q+LrL4ga/8ACz4c654801rV9O8bav4I8M6l4u097Fdtk1l4kvdMm1m1azXC2rQXqG3XiHZgUAHib4PfCPxr4j0nxh4x+Fnw58W+LdBNmdD8U+JvBHhnXvEeinT7v7fp50nW9V0y61PTjY3xN7ZmzuYfs12ftMOyYl6AF8Y/CD4S/ETUtK1n4gfC74deOdY0JUTRNW8Y+CfDXibUtHSO4+1RppV9rWmXt1p6pdf6Si2k0IW4/fACT56ADxx8IPhL8TV0xPiT8Lvh18Ql0VZU0ZfHHgnw14sXSUnEYnTTBr2magLBZhDEJVtRGJBFGHDbFFAE3jX4UfC34k2OmaZ8Rfhr4A8fabojO+jaf418HeHfFNjpDyRRQyPplprmnX9vYNJDBDE7WqRFooooySiIqgB4o+FHwt8b6BpnhTxp8NfAHi/wtorQvo/hvxR4O8O6/oGkvbQm2t30zR9W06606waC3ZoIWtbeIxQkxJtQ7aADWfhR8LfEfhDTfh94h+GvgDXvAWjixXSPBGs+DvDuqeENKXTIXt9NXTfDV9p0+jWI0+3klgsRbWcQtIZHit9iM6MAFz8KPhbe+C4fhtefDXwBd/Du2jgit/ANz4O8O3Hgu3itX822jh8LS6c+hxR28oEkCR2KrE43xhW5oA8z+L/7OngPx7+zr49/Z68NeFvAvg3wd4t8O3ujWug2fhPRrPwZpst3exal9pPhmwsYdLwuoRLfN5doGN6Fuv8AXKHUA77wt8Hvhj4U+Hsfwx0j4d+AdO8DTaeLPVfB+l+D/D+n+EdWM0cY1CS98N22nxaRdjUJlM92Lizl+0SMXm3vksAXvDfwo+Fvg3w3qvg3wh8NfAHhTwhry3qa54U8N+DvDuh+G9ZTUrX7DqKaroel6da6XqK39j/od6t5bTC6tf8AR598JKUAJ4P+E3wr+HularoXgH4Z/D/wPomutI+t6P4P8G+HPDOlaw8tsLOVtV0/RdNsrTUGktFFrI13FKXtgIGzENlAB4I+E3wr+GY1MfDj4Z/D/wCH41to31keCPBnhzwoNXeHzPJbU/7B0yw+3tF5svltdCUp5smzbvfcAReCvg/8JPhre6pqPw5+Fvw68AahraxrrV/4K8EeGfCt7q6wySzQrql1oWmWE9+sUtxPLGLt5Qkk8rqA8jswAnhb4O/CPwNrup+KPBPws+HPg/xNrSyprHiLwt4I8M+H9d1ZJ5vtE66nq+k6ZaahfrNcfv5RdXEokm/euGf5lADRPg78I/DPi3UvH/hv4WfDnw/471n7b/a/jXRPBHhnSvFuq/2lPFc6j/aXiOx0y31m+/tC5hiuL37VeS/a54opp/MkRGUALT4O/CPT/Glx8SLD4WfDmy+Il3JcS3fj208EeGbbxpdS3a7LqW48Uw6YmuTSXKfLcPLfO0y/LIWAzQASfB34Ry+OI/idL8LPhzJ8SYZBLD8QpPBHhl/HEUosn04SR+LG0w6/HINPkewDpqAYWTva58hjHQAmqfB34R654xtPiJrXws+HGsfECwa2ex8c6p4I8M6h4xsnsovIs3tPE13pkut2zWkIENs0N6hgi/dxFU+WgA8R/B34R+MPE2l+NPFvws+HHinxjobWT6L4s8R+B/DOt+JtHfTbn7ZpzaXr2paZdarp7WF5/pdk1pdQm1uf38HlygPQA7xf8IPhL8QdX0rxB49+F3w68b69oKxJoet+L/BPhrxJq+jJBcm9gTStS1nTL2805Yb1mu4ls54hHcsZ0AlJegA8bfCD4S/Et9Mk+I/wu+HXj+TRFkTRpPG3gnw14qfSElKNKmmNrumX7WCyNHG0i2hiDmNCwO1SoBL42+E3wr+JdppWn/Eb4Z/D/wAf2GhGVtEsvG3gzw54qtNHaeOGGdtKttd02/h08zRW9vFKbRITJHBCj7liQIAL4r+FHwt8d6Jpnhrxx8NfAHjLw5orRvo/h/xX4O8O+ItE0l4Yfs8TaZpWr6dd2Ng0VviCNrWCIpCPKXCYFAHyb+3B8Ofh7q3wY+E3gjVfAng3U/Bem/tBfAi107whqHhjRLzwvYWtv4qhsLe2stAuLGXSbWCCxuJ7KGGCzSOK0nltkQQyulAH1le/Cj4W6l4MtfhxqPw18AX/AMPLKO2isvAd74O8O3Xgy0isyTaR2vhefTpNDt47Ukm2SKxRYCSYghNAAvwo+FqeB3+GS/DXwAvw2ljEUnw9Xwd4dXwPJELxdQET+Exp39gvGNQjjvgjWG37Yi3OPOUPQAab8KPhbo3g26+HWj/DXwBpXw+vluUvfAmm+DvDtj4NvEvZvtN4t14YtdOi0S4W6uCbi5WWxYTzHzZdzktQAeHvhR8LfCPhjU/BPhT4a+APDHgzWlvE1nwj4e8HeHdF8MaumowfZdQXU9A03TbfSr9b62/0e8W6tJhdQfuZg8fyUAJ4R+E3wr8AaNq3h3wH8NPh/wCCfD2vPNJrmheEfBvhzw3o2svcWq2Nw+raZo2m2dlqLz2SLZzNeQSmW1Vbd90ICUAHgr4S/Cv4aw6nb/Dr4Z/D/wAAQa2yvrMHgrwZ4c8Kw6u6K6I2px6Fp1gl+yJI6KbtZSqu6ggMwYA7HS9K0vQ9OstH0TTbDR9I023is9O0vS7O30/TrC0hUJDa2VjaRw21rbwoAsUEESRRrgKqgAMAX6ACgAoAKACgAoAKACgAoAKACgD/0f7+KACgD4//AGcf+S0/tsf9l28Jf+qK+FtAH2BQAUAFAHwz8Gf23dH+MX7Zf7Tn7HcPwy8aeD/EH7M3gT4PeOdW8WeJ20mHTPGNj8Yj4pm0R/D1hZX13qNvbWlh4cSW5Osw6feC4u3gNovkb5QD7moAKACgAoAKACgAoAKACgAoA8G/aC/Zd/Z2/as8HjwF+0d8Gvh/8ZPCccjzWul+OfD1lq7aZcSrslutG1B411TRLuSMCOS70i8s7iRAEaUqAKAPgz9gT/gkr+xt+yDHqnjXw1+yX8IvA/xaT4hfEi60HxcumQ+K/EGk+D7rxprE/gf+xdX1rUNffQpovCraVCH0ySy1KONTBfStP54oA/WygAoA+N/29/2wdK/YQ/Za+Kn7UGu/Dnxl8T9D+FmgHXtW8OeC/wCyodQ+yPfWOlRXVze61fafYW1nHqGqWK3OJpb1rZriaztLo2sqKAfVXhbXE8T+GfDviSOBrWPxBoWk63HbOwd7dNVsLe+WB2XCs0SziNmXglcjIOaAN6gAoAKACgAoAKACgAoAKACgDJ15NRk0PWo9IYrq0mk6imlsGjUrqL2cy2TBpf3SkXJiIaT92MZf5QaAOF+Clp4+sPhJ8OrL4pzPc/Ee18I6LB41nknsrmSbxHHZxrqkj3GnAWEzNchyZLMfZ26x5XFAHqFABQB+Ov8AwWV+Kfxq+DPws/ZW8YfB74s+Ivhv/wAJF+3t+yD8LPGemeH7LR3HjHwR8QfirZ2HinQNW1DUrK+vLax1CytoLYjSG0+68pryKW6lhu2jQA/YkdB9BQAtABQAUAFABQAUAFABQAUAFAHlfxw8F+JPiL8JPH3gfwhraeG/E/ifw7d6VomuyXd9Yppd9OY/Ku2u9MSTULcR7W/eWiPMM/KDmgD0XSbWey0vTbK5l8+4tLCztbicM7Cae3t44pZQ0mJG8yRGfc43ndlsMTQBfoAKAPhn9oP9t3R/gD+07+x7+zRqfwy8aa7e/te+PPGngbw78QbNtJtfB3he+8DfDzWfiFqqambu+TV766nsdPtLa0Gm6bcWfm3U6zXcU1m8TAH3NQAUAFABQAUAFABQAUAFABQAUAfIH7aP/IgfDP8A7OJ+B3/qa2lAH1/QAUAFABQAUAFABQAUAFABQAUAFABQAUAFABQAUAFAH//S/v4oAKAPj/8AZx/5LT+2x/2Xbwl/6or4W0AfYFABQAUAfiL+zEyn/gut/wAFSlDAsP2Xv2C8gEZH/Eq+KB5HUcEHnsQe9AH7dUAFABQAUAFABQAUAFABQAUAFAHjXwLuPiZc+DtXk+K8U0PiVfiF8SIdOWaC3t3Pg2HxrrUXgiQJbARtHJ4XXTHjlb97KjCSYmRmLAHstABQB+Qv/Be8hf8Agj5+3kWIA/4U7AMkgDJ8beEwBk8ZJIA9Tx3FAH6dfCYg/Cz4akHIPgHwfgjkf8i9p9AHoFABQAUAFABQAUAFABQAUAFAGVrzaguh6y2kAtqq6VqLaYoCsTqAs5jZAK3ysTciIAN8p6HjNAHC/BSfx5c/CT4dXHxRjli+Is3hHRZPGkU0MNvLH4iazjOprJDbAQROLneGSECNTwoAGKAOqv8Axn4O0u5kstT8WeGtOvISBLaX+u6XaXMRPIEkFxdRSoSMEblGf1oA0tN1vRtZQyaRq+marGACZNNv7W+QA9CWtZZVAPYkgGgD8a/+C3Phn4jePPgt+y34Y+F/wi+LXxb1zQP29/2Sfit4isfhd8O/E/jl/D/w/wDhr8RD4g8Y+JNYfw/p17HY2uladB5hjmZZ52liWCNySKAP2X0rUI9V0yw1KK2v7OO/tILtLXVLG50zUbdZ41kEN9p97HDd2V1GG2z21zFHNDIGSRFZStAGhQAUAFABQAUAFABQAUAFABQB5V8cfDnjLxf8I/H/AIZ+HmqPovjbWvDt3Y+GdVS9k017DVJTH5Fwt9ERJalAG/eody575FAHoukw3NtpWmW97IZby30+zhu5SxcyXMVtGk8hc5Ll5VdtxOWzk5zQBoUAFAH4i/8ABS5lH/BRT/ghsCwBP7UP7R+ASATj9mbxKDjucEgcdMgHqKAP26oAKACgAoAKACgAoAKACgAoAKAPkD9tH/kQPhn/ANnE/A7/ANTW0oA+v6ACgAoAKACgAoAKACgAoAKACgAoAKACgAoAKACgAoA//9P+/igAoA+P/wBnH/ktP7bH/ZdvCX/qivhbQB9SeJbTX77QdVs/C2s2Ph3xFcWcsWj65qeiv4i0/TL5h+6u7vQ49U0R9UhjOd9ourWBkzxcpj5gD+aT/gnP+3v/AMFTP28/iR+274Cs/Gf7IXg+8/Y8+N+q/Bq3TUPhR8QzZfEC801r5Rqd1qVl48vrnw1azG3g3GDStbmjDzEQPsjDgH2v/wAE3P8AgqX4t/aq/aF/an/Yj/aO+EmlfBr9rT9kbWba18Z2Pg/xHP4s+HPjzwxfXl1Zaf4w8Gaxe2GlanFDcvapc3Gm6hp6PbW1/YPHcXHmuUAPv7wX+xj+zf8AD34++PP2ovCHgC+0n47/ABP03RNH8f8Aj5viB8S9SuPFOleGrWaz8Padqmhat4xvvC0llodrczw6VbRaHFFYLPKbZUZi1AH1FQAUAFABQAUAFABQAUAFABQAUAeNfAvXviN4j8Havf8AxQ0ebRPEUHxC+JGl2FpNpc+kvL4R0nxrrWn+DdQFtcSSPJHqPhq3028jvVbyr5JhdRKqSoKAPxs/4Lk/t+ftg/8ABOzw9+zl8Q/2edT+DGseHvjb8dPCPwH1Pwt8S/AHiDVL7QdT8WPGlp4os/EOi+NdMW+tUYXBudKl0a2eBY4jFeXJlZUAMz9uL/goF+3v/wAEt/hX4I/ae/aH8J/AX9pn9mW68WeFvDPxW1T4RWXiz4W/FL4dWniwO1n4h07wl4hvfFmg+KLC2MT2zQr4o06d7p4kkWFZoi4B+s3xL+EX7Of/AAUA/Z003wz8V/Cz/E/4EfGDwx4f8Sy+GZfEnjDwvYeI9D1NNO8Q6VFq0ng/X/Duo3dus0NjctZz3rW3nwKWjbBDAHvPgXwP4b+G/hPQ/A/g+0vLDw14bsIdM0axvta1zxDc2ljbKI4LdtX8R6lq2s3awxgRxte6hcOqKqBgqqKAOsoAKACgAoAKACgAoAKACgAoAydenv7bQ9ZudKiM+qW+k6jPpsCxmYzX8VnM9nEIlw0pkuFjQRqcuTtGCaAOG+CmseN/EHwk+HWt/ErTJdG8f6r4R0W+8YaVNYTaXLp/iC4s431K0k02d5JrJ4bgsjW0rs8RG1mJBNAH8o3/AAXS+DXws1n/AILAf8EYrbUfAnhyW1+MPxM8a6N8VbWLTorO2+IunaP9ku9Nt/GcNl9nj8R/ZZriULJqq3UrQ7baSR7eNIlALP8AwWU8FaZ/wTq/aY/4JsfEf/gnbrevfB343/F/9pfQvhX4x/Z98CeL/EU/w7+Lnw31LVPDNrq0uu/Ce61PUPDWnRaZb6lPZya/YaPYG0i1D7asqT2T3DAH9etk9xLZWkl5EIbuS1t3uoVOViuHiVp4lPORHIWQHPIHegC1QAUAFABQAUAFABQAUAFABQAUAeVfHHTfiBrHwj8f6Z8K7lrP4i3vh27g8IXSXVnZPBrTGP7NIt3qGLKAgBv3lyfKHfGaAPRdJS8i0rTI9QYtfx6fZpfMWVi14ltGtyxZMoxMwc7lO05yuQaAP5xvjT+3t/wUR8N/8FjvB/8AwTN+H/jf9myDwZ8R/gvqPxt8P/EbxR8HPF13rug6bZ/aYj4Z1HSdP+JsVrqVzHe27QLqsV1aLPa/6UbOGU/ZFAPX5/8AgqD+0P8Asq/8FCvgR+wR+3Z8OPhle6Z+1Rpd9P8AAL9oz4H6pr0fh/U9f0/7es3hfxz4E8UWceoeGb5pdNeFbiw1jWrf7Te2CozW0/2qgD9S/jJ+xp+zj8f/AIl/Cn4wfFrwDe+KviP8DtU1LW/hN4lj8ffEnw7J4G1fWNPXSdW1HRtN8K+MND0YXmpaYi6ffT3WnXT3VmWt5sxO6uAfTqIsaJGudqKqLuZnbaowMu5Z2OAMszMzHliSc0AOoAKACgAoAKACgAoAKACgAoA+QP20f+RA+Gf/AGcT8Dv/AFNbSgD6/oAKACgAoAKACgAoAKACgAoAKACgAoAKACgAoAKACgD/1P7+KACgD4//AGcf+S0/tsf9l28Jf+qK+FtAH2BQB/FF/wAESvEH7YWk/tRf8FnLX9lv4afAnxt9u/bf8Zrq2rfGb4peMPAMWg6qbnUks5LbTfCvw48cy61YrEUnnHn2E7SA26qqkXFAH7q/8E2/+CY/ir9lP4y/tQ/tjftG/Evw/wDF39sL9r/xHaap8SNZ8EaXe6T8NPA3hvSLm+uND8DfD221mGLX5tOsjfulzqmqpa3F7DbafA1mn2L7RcAH7EUAFABQAUAFABQAUAFABQAUAFABQB418DPGvjLx54O1bWfHOipoOsWfxC+JHh20sks7mxE3h7w1411rRPDeomG7eSR21PRbKyvmuFYQ3JnM0CrE6ooB/Nl/wdgyalF+zZ+wvLo1vaXesR/t9fB6TSrS/uZLOxutST7U1jb3t5Db3U1raTXQiiubmK1uZIIWeWO3mdRG4B9R/tgfsH/t7f8ABU/4b/Dj9nX9pbVf2eP2bf2SIfEng3xh8VdJ+Dvjbx18U/jD8UbHwxCbjTvDVjqPiH4d+B/DHg/S7xpy17ctcazeRzra3UUT/ZXtZwD97PB/hPQ/AfhPw34K8M2UeneHfCeh6X4d0SwiVVjtNL0izhsbKBQoVR5dvAinaqgkEgDgUAdHQAUAFABQAUAFABQAUAFABQAUAZOvXd3YaHrN9YQi4vrLSdRu7KAqzie7trOaa2hKLhnEkyIm1TubdgYJFAHDfBTxT4n8b/CT4deL/Gulroni3xJ4R0XWPEWkJaz2Sabq97ZxzXtmtpdPJcW4gmZkEUztImMMxIzQB/K//wAF/fCOgfEL/gqv/wAEPPA3iS91ey0fxH8T/iPp+pT+HfEmr+E9fgtrlNKEcmmeIfD9/pmt6RcvPEI4bvTr62uC2+JJfmdHAP6BPg9/wTZ/Y7+CXxTt/jp4Y+GGo+JvjZZWEul6Z8Wfi18RPiR8ZvHei6dOrJLZ+Hda+KPivxW3hqGSOSWJh4fj0xzDNNCZGildGAPuugAoAKACgAoAKACgAoAKACgAoAKAPKvji3xCT4R+P3+FHm/8LHXw7eHwd5KWskv9t5j+zeWl6r2jNjfgXCtH6+qgHouk/bP7K0z+0c/2h/Z9n9uyFB+2fZo/tWQuFB8/fkKNvpgAUAfyBftk6p8YNH/4Okf2dL74GeEPA/jj4gJ+wzrC2Ph/4h+L9V8DeGriyfVdYF7NP4g0bwz4svYLiECMwQro8iTbnDzRbRvAP010X/gmn+0Z+0x/wUD+Df7fv7fni74Q6en7MGh6rp/7OH7OfwHvvFHijwx4f1zXE1KLUPF/xB8c+NPDHhO88Q6xFHqc5s7PSfD1naJLBpk32lH04i9AP3YoAKACgAoAKACgAoAKACgAoAKACgD5A/bR/wCRA+Gf/ZxPwO/9TW0oA+v6ACgAoAKACgAoAKACgAoAKACgAoAKACgAoAKACgAoA//V/v4oAKAPj/8AZx/5LT+2x/2Xbwl/6or4W0AfUviSTxJFoOqyeD7TRL/xOlnK2iWfiTUb/SdBuL8f6mLVdS0vTNa1Cys2OfNntNKv5k/gtpOQoB+Cn/BJH/gmz+2v+wR8ev2xPiF8ZfFH7MPjbwT+2B8Y9Q+Musw/DbxV8Um8UeBtYvm1SSTStNsfEvwu0PSdfs5Dc2EJnudX0mSBIrmZYpndIVAP1S/ad/au0D9nnXPgb8OLLQLrxz8Zv2lfH978PPg54As7y301dWvdD0SfxL4v8S65qtzmPSPCXgzw/b/2jr2oJFdXe66sLHT7G9v722tpQBnwB/as0n4u/FP44fs++KPDz+BPjz+zxe+Fx8QfB41BNX0m+8NeOtIXXPBHjrwhrSw2zat4W8SWHnxwSXVnYanY6jY3+m6np9nd2rx0AfW9ABQAUAFABQAUAFABQAUAFABQB418C/iRrPxS8Hav4i13RE0C80/4hfEjwhDZIZyJtO8GeNdZ8NabqR+0RQybtUstNgvmAVow05EUjx7WYA/ID/gtr/wTi/a7/wCCk/h79n7wH8B/Ff7O3gHwv8EvjR4Y+OU2ufFfxB8R49f1zxF4UMb6foMWjeE/h34i0+20ppDOZ9QfWmuXV0Ask2lqAP2m+F8XxAt/Anhu1+KNj4P07xvaadDZ63a+A9a1rxB4WWW1UQRSaZqviDw/4X1a4SaGOOWUXWiWZilZ4k81ESVgD5X1D9t3R7D9v7wd+wTP8MvGlp4g8Yfs/wDjv9oCw+Jt+2k23g+80LwT4v8ADfgy40bTbUX0uuz6hLqmuXDvPc6da2RtrOKe0nuY7pWQA+5qACgAoAKACgAoAKACgAoAKACgDJ16/l0rQ9Z1SCEXE+m6TqN/DbnIE8tnZzXEcJKhmAleMJ8qsfm4BPFAHDfBXxxqnxL+Enw6+IGt6Uuhav4x8I6L4g1HR0MzJpt3qVnFcTWameOGYiB3KAyxI/HzKpyGAPk/49/8Euf2Gf2nvi74Z+PHx1+C9/4++LXgm7tr/wAFeM7r4ufG/RbzwZeWl2t9Bc+EbHw18StE0fwxKt4ouGbQ9OsfNlG6XfigD7A1jQdc8OfDTU/DXwtMFv4i0vwndaN4Em8Vajq+vWllq0envaaFeeINR1W/vdc1m1sbo293qUl5qVxqeowwTIbprmbzGAPwn+Lvww/am/Y0/bW/YL8Q/Dv9sj48/HqX9qX4xeKfh1+0F8Efi7ceE9Z8C6j4WsfAmreLdZ8f/DrT/D3hTQZfhxYeBb2zsoEthdahDdLqum2N3dTXFwHoA/oXoAKACgAoAKACgAoAKACgAoAKAPKvjjqvj3RPhH4/1b4X6fLqvxBsPDt5ceEtOhsm1KW81hDH9nhjsUIa6ZgW/dKQW9RjNAHoukyXculaZLqCGO/k0+zkvYyuwx3b20bXKFDkoVmLqVJ+XGOcUAfz4/Ev/gm5+3t4s/4LH+AP+CnGg6/+yVB4I+HfwsvPgxp/wu1bxx8X4vE+seE72O8eXW73VrP4O3emafrn2+5W5XToHvbJYYzbf2g2/wA9AD94/iD42b4eeBNa8ZXOgaz4nvNIsrU2/hjwnb/2hrOva1qF1a6ZpmiaOtwbWHzNR1e9tbNL7UJbKwsYZW1DVLmysbe5uIgD4G+Af7evxL8aftdat+xp+0N+y34r/Z5+Jd98H5/jz8NtVbxr4O+I3hPxn8OLDxJH4U1YXWt+DdSv7bQPFWkazcW8F5od6f3scn2iyubqFS6gH6aUAFABQAUAFABQAUAFABQAUAFAHyB+2j/yIHwz/wCzifgd/wCpraUAfX9ABQAUAFABQAUAFABQAUAFABQAUAFABQAUAFABQAUAf//W/v4oA8S+P37SPwI/ZZ+H2o/FP9ob4reCPhD4A0wiO58S+OdfsNB097l1dobK1e9mia8vrgoUtrO2WWeeQrHGhdlDAH4k/sZf8Fxf+CW/xI/aP/aW8J6F+1t8PdP1b4rfGfw5qXw8bxY9/wCENO8V29r8KvAXhdxpOq+IbSw0+5nl1vRdRs7a3WcS3JgEkKPG8cjAH9Dltc217bwXlncQ3VpdRRz21zbypNBcQSqHimhmjLRyRSIQ6OjMrKQQSDmgCegD8P8A9t2x1PSv+CwP/BI/xhrUkn/CDahoH7WPgPRHkUixsfiRf+EPDGuxK9wcxRX2s+GtLu47OFyklzHpN15O/wAmRVAGfB7SdQ1//gvf+2R4r8PyP/wjfgX9i/8AZx8E+O3hRmtLjxnr2seK/EmgWU864i/tDTfDbx3D2zF54rXVLaVgiTJuAP3DoAKACgAoAKACgAoAKACgAoA+Vv2qf23P2U/2JPB9v45/ak+OPgL4O6DfySQaR/wlmt2tpqmvXUKq8tnoGjCRtU1i7SNhIbewtJ5NgYgAKxoA+GP2K/8Aguv/AME5v22NfbwF4C/aK+Hmj/FC78TeJdH8PeAfEWrXHh7WfE+laZrd5YaFquhR+JLLRm1SbXtKitNW/s+ySWaz+1/Z3LtGWoA/Y8EEAggggEEHIIPIII4II6Ef1oAWgD8Rficy/wDEQf8AssruG7/h2N+0IduRnB+PfgDBx152nHrtPoaAP26oAKACgAoAKACgAoAKACgAoAKAPgr9s/8A4KZ/sS/sC6VHcftN/tAeAPhz4h1HTbvUPDvgrUdXS68ZeIFt0kCvp3hjThea3NatcIlvJdx2DRRM656igDy79g//AILB/sJf8FAtM0PTfgr8e/h9f/Fe70Sz1PXfhHNrZ07xlpN1LEGvba00jW7bStT1a2s5i0JvrSwaGQruGBQB+o1AHOeMPEcfg/wr4j8VS6R4g8QR+HNF1LWn0Lwpo194i8TawNNtJbv+zNA0HTIbjUNY1e98r7Pp+nWUEtxd3MkUMSMzAUAfhF8Hf24viH44+Olp8T/HP/BNv/goUnxi8YXdn8Mfh9N4y/Z48T+FvhX8EPh9rWvWy3LX3i7W4oNP0iO9Ih8S/EvxWsJutQj0600mxjvLXRtIt2AP39jLmNDKqrIUUyKjFlVyo3qrEKWUNkBiqkgZIGcUAPoAKACgAoAKACgAoAKACgAoA/JP/gob/wAFj/2If2CfD/i3wz8Qf2jvhjovx6tNAe+8NfDF7qbxT4j+3zbDYNrnhrw69xqdhY3Kl9kt21mj7DiVSpCgH0J+xp/wUf8A2Mv28fD/APaP7M/7QPw9+KOsadY2k3iTwzomrR23inQ55YI3lOpeFr8w65YQGUuInuLQKygEOQMsAfdFAEU08FtG01xNFBChUNLNIkUal2CIGkchQWdlRcn5mYKMkigD8K7rwb+0/wDs8f8ABZD4QeKNW+LNn+0D8Iv2yvhD8UfC+o+H9c8DaBofif8AZ1tvgm3h7xDpn/CHa5pktxfN4B16+8atBqFpeyvNf67eCa5mZrKB5wD92aACgAoAKACgAoAKACgAoAKACgD5A/bR/wCRA+Gf/ZxPwO/9TW0oA+v6ACgAoAKACgAoAKACgAoA+a/2vv2pfhr+xb+zj8Vf2l/izNep4K+Fnhi91+9s9LtpLzVdZvUQx6VoWl20YO++1fUHgsopJSltbCV7u7lhtbeeVAD0b4OfFrwb8cfhz4X+J3gPVbTWPDnijTLe/tbi0mWdIJpIkNzYyyIShubGcvbXAXIWaJwGbGaAOjn8eeB7aaW3ufGXhS3uIXaKaCfxFpEM0UiHDxyxSXQeN1IwyOAwPBAIxQBs6ZrOka3A11o2q6bq9skhie40y+tr+BJVCsYmmtZZY1kCsrFCQwDKSOQaAPxh8M/tU/tIftO6d/wUP+LnwV8Zab4F8LfscfEb4m/CT4G+DJNC0/WtJ+Lviz4GeHV1XxxrPxE1K4kGoHQPGPiWDUfCfhy18PTaRcaDZQw69c3Oru7aaoB+iP7F/wC0ton7YP7LXwR/aT0GwOkWnxa8A6H4qutEaQzPoer3dqo1nRHlZY/NfS9TS6smk2qGMWRgHLAH5x/tM+Ov+CiHwO+Mf7LvjzQPjj8MvGEPxr/aP8H/AAw8WfsZWnw6soRpHwk8RR6tc+KfF3hr4kjxXceI9b8QfDPRNMXWtZ1ibw7YaFqm94EsbJpbYOAft3QAUAf/1/7rdC+Mnwq8TeCdQ+JPh7x/4W1nwFpK3j6l4u0/Vra50GxTTztvmudQjYwRC1IxOWI2HhumaAP4e/DPw98M/wDBwv8A8Fmv2vtU/aX8d6jqn/BPb/gnHnRPCnw50fxDcaR4T8Yxpqmv6Xa6/eXtndRtDp3iP/hEvEHifxPrNqYtYXTm0nS4LqztY0MQB+h0n/BET/gkf+3L4J/be+H3w1+G3w08DL4H+IOk6P8ACb4vfCfU71Lz4avD8EfAWpwTTTLqN3aa7oS69Pe3uuWesR3c92j3xgu7W5f7QgBL/wAGrf7YHxY+J/wR/aS/Yp+NvjOf4jeMP2Gvievgbwx42utTfV7nU/hpqs2p2fh2xm1KZpJr6HSdT0HW7HS7mWSR/wCx4rGGSR3iZ2AP6aPAHxw+EHxU1HV9I+HHxH8I+NdT0BY31qw8O6za6lc6Wks0tvG17FbuzQB5reaJfM6vE6gkqaAPLPFkv7Kf7WFy3wr1rX/BHxK1/wABa9a+MLPSdE8Ry2/jDwJ4n8O3D2tr4l0XVNBvbLX/AA3q2nTXE1jJeWF9btNbXd3pl8J9Pvbu0nAKXwHt/wBk/wCG3jPx98NPg14k8IzfFLX/ABDqnib4oWbeK7nxR8SPEHiTTVtdJ1HU/F2p6zf6hrt5PpMMdjpUNvPcLZaNZxWum6da2lnFBAgB7BafHD4QX3j+f4V2fxH8I3PxHtZLiG48FRazaP4ihltY/OuY5NMDi4VoYv3kgKnanJHGaAC4+OPwgtPiFD8Jrn4j+EYPiXcSRxQeBpdYtU8STSS2DapEkellzcMz6crXqgKM26mQDaCaADW/jj8IPDfjiw+GuvfEfwjpHj/VHs007wff6za2+v3r36CSyW3053E8puoyHhCj94pyM0AHiz44fCDwJ4q0XwN4y+I/hHwz4w8RNYJoXhvWNZtLLV9WbVL3+ztOWxspWE1wby+/0S3CA+ZP+7X5uKAHeOvjd8IvhlrGjeH/AIg/EXwl4O1vxCsb6HpfiDWLXTr3VUmujZRNZQXDK84kuwbdSg5lGwYP3gA+IXxu+EXwn/sg/Er4jeEvA415ZX0U+JNYtdM/tRIPK85rP7Sy+cIvOi3lAdvmLnGfmAJvH/xm+FPwq0/R9V+JHxA8LeCdN8QNKmiXviPVrXTLbVGhignlWyluGVZzHDcQSOE6JLGxwD8wAvjH4yfCv4feHNJ8X+N/H/hbwt4X11oE0bXta1a2sdL1N7mD7VbrZ3cziKYzW4M0ezduj+YYGDQAeIPjJ8KvCvgjSviT4k8f+FtE8A64NPOj+LtR1a2ttB1IatbyXWmm01CRxBN9ut4ZZrbYW82ONmXIBagCj4g+Onwk8M/C+f4z6v4+8NW3wwh01tVTxmdTt/7CubTy5JImtb7cIZ2ufLKW6o2ZZMKuSdtAH8Mv/BMv9mz4Xf8ABcj9pH9sX/gq9/wU317/AIS34AfCL4u3fwp+DXwg8R+JL3R/hr4Y07TRpmoaeNVayv7SWLw/o9hrnh60tLWyubSPXNeuNRu9Ylumd4rgA+//ANtv/gjf/wAExP22v2C/i1+0d+yZ8NPBH7L3xX+BrfFTVPhl8Vvhdq8+j6Tf638Fdb1e0trLXksdRl0ySw8S3GgK2kaxbCz1rSb++0+/a+ZYZIHAPu7/AINz/wBvvxf+2R/wTD8PeOvjx4nTVPiF+z3r3ir4QfE7x3qt2jHV7bwDbQ3+m+KdavGVEN5N4PutLvdZu2CpJcrc3IwjYoA/bnwP8Z/hR8S9F1nxH8P/AIg+FfGGg+HXmTXNW0DV7XUbHSngtFvplvriBjHA0Vmy3LhyMQsHPy4NAHy94a+DH7DHx6/aJt/2t/Bz6H8Qv2gvhx4al8CxfEjwz8V/iDcXHhjwnqepHW7jwxJoGleNIvCUGjahqlsdQudOm0F7a7uYBJNG7RrQB9OfD/43fCL4rX2s6Z8N/iN4S8bah4eWFtcs/DmsWup3GlLcSzwQm9jt3ZoBLNa3EaF/vPDIoztJoAb4N+OPwg+IfiHVvCfgb4j+EfFfiXQVlfWdD0PWbS/1LTEgn+zTNeWsLNJAIrj9y5cfLJ8pyfugB4d+OHwg8XeNdV+HHhn4j+Edd8eaGNQbWPCWm6za3Wu6aNKuIrTUjeafGzTwiyuZ4YLneB5csqK2C2FACw+OPwg1Tx7d/C3TviP4RvfiNYS3UN54Lt9ZtJPEVtLYruvI5tNV/tCPbKQZgVJQdQOtAA/xx+EEfxDj+Ez/ABI8Ip8TJpfJi8DNrNoPEskv2B9T8tNL3i4L/wBnRveYC5+zo0mCoLUAGrfHH4QaD47s/hhrPxH8I6Z8Q9Qe0jsfBt5rNrB4hu3voPtVmsGmu3nyNc25E0IVfnj+YZBzQAeKPjh8IPBXi7SPAXi34j+EfDvjTX3sY9E8MatrNpZ6zqj6nc/Y9PWysZWWac3l1/o9uEH7yX5FwfvADvG/xu+EXw213RfDHj74jeEvCHiHxEkEmhaNr2sWun6hqyXN42n27WNvO4kuBNfI1rGY1O6dTGDuBFAB8QPjd8IvhVNpFv8AEj4jeEvBM2vq76LF4j1i10x9USNkSRrIXDqZwryorFOhdRkZoAl+IPxn+FHwos9G1H4lfELwr4HsfELTrod14k1e10yDVWtYrea4FjJcMqzmGK6tpJNmdqTxk4DZoA8Q/bP/AGufh/8AsjfssfFj9orXvEGgBPCXww8ZeL/AtjqF/FDb+NfEmkeGb3VvDmhaexdTdHV79LGBhA28W87SgjGaAP48/wDgjf8A8E/P2Z/2wPgl46/4LP8A/BWzVdM+OXjj4/8AxF8dv8OfD/xX8RXVn4E8N6f4b1fXdNtbf+z49StIb3UtRudD1O28PaHPJ/YWmaDa2iW+mvJl4gD0T/gr9/wSm/Yyi/YD8Mf8FZP+CfejaZ+xt8dfhBoXgz4z+FLz4a63c6Rofi7Tr28ss6XFbLfXGn2HirTILpr7TrvSDbWOpWdlqWlajY6gt8NgB/SJ/wAEwv27dK/aq/4Jo/s6fti/FjXNE8KXPiT4d6bH8TNc1C7isNDtPGmhXv8AwiXia4NzNsjgtrrxLaTrbq+Dunjj5Y4YA+9dL+Mnwq1vwFd/FHSPH/hbUfh1YLdve+NLTVrabw9bJY3P2O8abUkb7OgtroG3mJb5JflPIxQAeGfjJ8KvGfg/VviB4U8f+FvEHgnQkvpNZ8U6Vq1td6LpqaZB9q1Bry+ibyYRZ2+Zrguw8uP5mwMGgBPBPxm+FPxI8P614q8B/EHwr4u8N+HHuI9e1vQtXtdQ07SJLSyTUblL+6gZo7doLCRLuQSfdgYSHK42gCeAPjP8KPipb6xd/Dj4g+FfGtr4fdU1ufw7q9rqcWlu6PKq3r27EQFo43cB+qqx420AM+Hvxs+EnxYu9asfhr8RPCfji88OC2Ou23hvWLXU5tJF5Jcw2pvkt3ZrcTy2d1HFv+89vKATsNAEfgn44fCD4k65q/hnwF8R/CPi7xBoKs+taPoOs2moX+mIk7WzteW8DmSALcI0RLjiRSvBoAPDPxx+EHjPxjq3w+8KfEfwj4h8b6Et8+seFtK1m0u9b01NMuYrTUGvLGJzNCLO6nhguC4/dyyIjEEgUAGmfHD4Qa148v8A4XaT8R/COofETS5L2HUfBlrrNpN4hs5dOYLfR3GmoxuI3tGZROGGUJGcZoAB8cPhA3xCHwnHxH8In4lGRoR4HGs2n/CSealm2oPH/Zm43G5bJGuiMcQqZDgCgA1L44fCDR/H1r8K9V+I/hHT/iPetapaeCrrWbWLxFcPe2gv7RYdMZhcObizIuYgo+eH5xkYoAPEnxw+EHg/xjpXw98UfEfwjoPjjXGsk0jwrqes2trrepPqUvkWC2lhIwnmN5N+6twi5kfgZ4FAC+NPjf8ACH4c+ItE8I+O/iN4S8J+J/EiWsmgaFrmsWthqerx3t9Jplo9hazuJLhbjUI5LOIoPnuEaMEsCKAPzg/4LW/8FArT/gn1+wD8efiz4W8SaLY/G658F/2L8HdHvbiE6hceI/FOqWfhtPEVjZOym6Xwvbahea7GTG8Ju9Ot4pkaORkYA/nt/wCCd/8AwSs/Yf8Agh/wT98Pf8FBf2/9E8G/tLftf/tUeA7j456Svx88Q6lqelj/AISaCz1208MaNpJ1HbretDTtWsbjxDqWpRandrfz+XYJZ26gOAeX/wDBcv8A4J5/B7/glRYfs7/8FeP+Cbtza/s1/Efwf8Q/B1h42+EfhfXNSg8F/EHRdftf7UvJtK0+9u7maLTLtbQ6H4w0FJbjTb2w1iwvtPsbC604TKAf2Z/DL9qz4WeKv2afgt+0l4w8XaB4F8HfF/wJ4J8V6ZqXiPUrfTbA3Xi7w/DrcFhHcTMImmeM3DRRgktHC5GdpKgF7453f7OPxW/Z+1eH4xeLtFk+A3xG0/SYbnxLbeN9Y8HWGpW095a6zoV1pHjTwtq+i6zp1wb7Tra+sLzStVs5me3A3NEZI5QDmvhf4d/ZX+DPw/s/jB4V8Uadc+ELTw9aaDb/ABg8bfETxF8QLlfDqXkdtDYQ+N/G+t67e21hc6gYhcw2V3bw398sct3FNcIklAHtun/GT4V6t8P7j4rab4/8LX3w3tEupLnxtbatbS+HIEsr06ddtLqat9nQW98DaSkt8k/7s/MMUAHh34yfCrxb4M1P4ieGfiB4W13wLoq3r6t4r03Vra60PT001PMv2u7+NzBELSP55yxXy15bH3qADwb8ZfhT8Q/DeteMfA3xA8LeK/C3ht7uPXtf0PVra/0vSXsLFNTvFvruFjFbtbafIl5MHI2W7rI2FILADfAXxn+FHxRsdY1P4dfEHwr400/w+/l63eeHtXtdSt9LcQm423sluzLA3kK0uHP3Bu5A+UAb8PfjT8JvizPrNr8NPiH4U8cXHh4241yHw3rFrqkmlG6eeO2F6tuzGDz3tbhI9/3mhkAztO0Ai8C/HD4QfE7V9X0D4e/Efwj4x1rQF361pfh/WbXUb3TE86S33XsEDu8AM8UkWX/jRlHQigA8K/HD4QeOPFmreBPB/wAR/CPiTxloS3b6z4a0jWbW81jTEsLhLS9a8somaaAW1zLHBMXHySuqHJPygBo/xw+EHiDx3qXww0T4keEdU+IejyX8Oq+DbLWbSfxBYS6VKsOox3WnI5uInspXWO4DKDG7AMOc0AEPxw+EFx8QH+FMPxH8Iy/EmOSWF/BCazanxGksFu13NG2mB/tAaO1UzuCvEalscFqAC++OHwg0z4gwfCfUPiP4Rs/iVdPbR2/ge41m1j8STPeWH9qWqx6YzC4Zp9PP2yIAfNb/ALwZWgA8QfHH4QeFfGmm/DnxJ8R/COieO9YeyTS/Ceo6zaW2u6g+onbYra6fIwnma7biAKP3h4XNAHyh+3j8XPhl4U0v4P8AgXxL468M6J4x1z4+/AvUNH8Nalqlta6xqNjJ4/t7KO6tLKRhNNC93E9urouDMrIMsMUAfWPjz43fCL4X6jo+kfEP4i+EvBmp+IFV9EsPEOsWum3Oqo0/2ZWsorhlacG4IhBQf6z5Rgk7gBfiH8bPhJ8JodHn+JfxE8J+BofEAnbRJfEmsWulpqi2qwvcmya4ZROIUuLdpNgO0SxnjcdwBN48+Mnwq+F+l6TrnxE+IHhbwZpGvOyaLqPiHVrbTbTU3WGKdls5rhlWciCaKUhP4JFbgEbgA8WfGT4VeBPC2k+N/GXxA8LeGfCGutapo3iPWNWtbLSdTe9t3u7RbO8lYRTG5tkeeIITvjUsMgEqAGtfGT4V+HPAul/E7XfH/hbSfh7rcWnTaR4xvtWtrfw/qMWrQtcaZJaai7fZ5kvoEeW2ZSRKill6fKAFx8ZPhVafD+L4q3PxA8LQfDeeKGaHxtJq1snhySK4mFtBImpl/s7LLcERRsDhpDtA70AFp8ZPhVf/AA9n+LFl4/8AC118NbZJ5LjxxDq1tJ4bijtr/wDsyd31MP8AZwsWoH7HISy7bj90fmIoANC+Mnwr8T+CdQ+JHh7x/wCFtZ8BaSl7Jqfi7T9WtrnQrFNOOL5rnUIyYIhaEETlj8nfFAHcaLrWk+I9I03XtC1C11bRdYs7fUdL1OxmW4s7+xu41mtru1mQlJYJomWSN1JDKwIJ60Afm5/wWb8I+JPHf/BLL9uPwt4R0i917xDqPwH8TS2GkadA9zfXg0y4sNWvFtreNWkmljsLG6nEUatI4iKopYgMAfT/AOx78U/Avxi/Zs+DvjP4da9b+JfDNx4A8KWUOr2aTLaS3lhoVja6haxvNHHvn0+8imsb5BzbXsE9rKEmhdFAPxi+LP7DXjTxJ8TvHuv2/wDwRs/ZR+IEGs+LNc1KHxxrf7Vl7oeseLI7u/mmXX9T0ddJlXTL7VA4u7myWRhbyytGDwBQB+pH/BP/AOD+rfBf4R694Z1j9lb4b/skXN54zvdUT4e/DD4kTfE7QtVil0/T4B4kudcmtrVrbULloDZyWAjxHFZxSgnzTQB+Vv7NGt2X7Bvwm/4KwfAn4q295ovi63+O37Rfxb+B+gz2lzc6p8Z/A3x20e51v4Xz+Bo1imfxNqOt+J9VfwPLY2ZuLm08SWV1p9yiGOgD7E/4JoP4V/Yl/Zh/YR/YW+Ld1qnh/wDaH8b/AAU1XxknhIaJreo2MGqaWbXXfHtjfeIrWxn0TSZtI1HxCLa2tNRvbWW9Ecy2MMq28giAPlH/AIKDeC/2Sv8Agoz4C8FfFn9k7xlF4r/bj+Ffxq+F8fwL8a/D/XvElr468C6xoPxN8MWvxD03xLoX2+0t9K8H2fge28RXvi601awtba4hs4lmaeS++z3YB/QzpcV5BpmnQ6hKJ7+Gws4r6cYxNeR28aXMoxxiSYO4xxzxQBfoA//Q/vph0rS7e0fT7fTbCCwl3CSyhs7aK0kD/fD2yRJC2/8Ai3Id3fPNAH8L/wAdPEXxW/4N1/8Agr7+0H+1vrPwg8UfEf8A4Jzf8FBdQGq+NtW8C6UdRl8A+K7jUdQ16ayltMCxs7jwnq2ueJvs+jXUkR13wrqUNzaTS3loLJwD2bXP+DoT9gL4SaT+1l4i/Zb03xt8d/jN8bPiBomr/A74X6P8LvFXhy0vr9/hH4C8I2t34um1TR9Ois7Cx8T6Zf297pdqbnWL1bXFpavDeRXCgH3l/wAG1P8AwT7+Nf7KX7O/xh/aQ/ai0u58O/tFfttfER/iz4o8Jahamy1jwh4UxPN4b0fXrUqhttYu7nUdV1+ezZUl0+LV4dPuYorq2mWgD+kay0fSNNkll07StOsJZ8CaSysrW1kmAJI814Io2kwWJG8tyxPGSWAC10fSLK4lu7PS9OtLqbcJrq1sraC4mDNuYSzRRJJJubDNvdstyckfKAEOj6Rb3kmoW+ladBfzGQzX0NjaxXkplIaQyXMcSzuZGAaTdI284LZxQALo+kJetqSaVpy6ixJa/WxtlvWLDDFroRCclhwSZORwcigAbR9Ia+GptpWnNqSkFdQaxtWvlITywRdGH7QCIyUGJBhDtHy/eACbR9IuLxNQn0rTp7+IoY76axtpLyMxj5Cly8TToUHCbX+UdM/dUALnR9IvbmK8vNK067u4Nhgurmxtp7mDy38yMxTyxPLH5b/Omxl2v8ww2DQAXmj6TqEsU+oaXp19NBgQTXllbXMsIDbwIpJ4pHjw/wAw2FcN8w5+6AF7pGk6n5X9o6Xp2oeRkQ/bbK2uvJDdfK8+J/LztGdm3OOcYFAC3uk6XqSRR6jpmn38cGTDHe2dtdJDkAHylnikWPIVQdoXIUA9F2gC3Wk6XfQRWt7ptheWsJBhtrqztriCIqu1TFDNHJHGVX5RtQYXgYzQAk2k6Xc2ken3Gm6fcWEOzybKaztpbSLylKx+XbPE0MflqSqbEGxWIHBIoArah4c0HVtFuvDmpaNpt5oN7aTWN1pE1nA2ny2lxE8M1ubUIsSo8Ujp8ioQG+UgjKgH8E/7L/7Rnir/AINkf2xP2l/2T/2yfhn428RfsCftIfEzUfi38GPjb4X8N3PinTdIa6MNiNQ1Cwghl/tFDolpoumeI9B06KXVdF1vSxLb2N9DevcRAH1P+2p/wc0fsm/FL9nDxv8Asw/8EwPhf8QfjH+0h8f7bxd8MfCXhvw/8J9T8M6H4Yl8c3GpaJe+NpbT+y7ddY1vWLa9m1vRbOwtbq6Gp3kNx4iNpcW9xA4B+1X/AAQd/wCCefiX/gnT/wAE8vh/8HPikLWf4wePdT1v4r/GO1jEc1tYeLPHEi3LeGpcK0NzN4c0ZdP8P306NLb3dzYTTQkQuiKAfshZ6TpWnwy29hpmn2ME5Jngs7O2toZiy7GMscEUaSEphDvVsr8vThgAstJ0rTfNGnaZp+nicgzCys7a184joZfIij8wjJxv3EZ4IydwAllpGk6a8smnaXp2nyT4897KytrV5tpJXzWt4o2k2lmI3lsFiRjLFgAtdH0mxnlubHS9Os7mfImuLWxtreeYMdxEssMSSSZb5jvZsnnrxQAQaPpFrdyX9tpWnW99Nv8AOvYLG1iu5RIwaQSXMcSzP5jKrPvkbcwBbJAKgAmj6THetqMel6dHqDli9+llbJeuX++Wuli89i38RMnzd6AA6PpJvhqZ0vTjqQORqBsbb7cDs8vIu/KNwD5ZMefM+58nAJoAJdH0ie8TUZtK06XUIypS/lsbWS8QoNqFLl4jOpRflXbINo4HHFABcaPpF3dRXt3pWnXV5BsMN3cWNtNdQ+W2+Pyp5Ynlj2N8ybHXa3I5oALvR9J1CaK5v9L069uIAognu7K2uZoQrl1EUs0UjxhXJdQhXDksOT8oAXuj6TqRiOo6Xp2oGDIhN7ZW10YQeoiM8UhjyQCdhXOPb5QBb3SdK1NIo9S0zT9QSDJgS9s7a6SEsAG8pZ4pVj3BVB2AZCgHotAHjn7SfwH8KftKfAD4v/ALxXb2qaF8Vvhp40+Hkl49pDO+iHxV4evtEt9YsY2UiO60ie6h1C12bf3trGpDKdtAH8Rv/BNX/gpwv/BBy2+IH/BKr/grB8LPGnhrwB8N/G/i7xH8CvjFpXg2+8c+Dtb8KeK9V1DWPsrwW1jdXOraTrOpXl7qGha3p1rdWtrb6jcabqUWnRWKvOAdj/wUn/4Lk+AP+CoPwC0v/gmP/wAEi/g98QfiZ4//AGkY/Dvg/wAXaynw+ufCHhb4W+DIr/TtQ1TRLG1nsYrW3eH7NHba1rkEEXhnSfD6ahJbahM0yNAAf1n/APBOr9jnR/2H/wBh79nv9k15bHxDL8Lfh5o+j+Kr/wCzpLp+u+L50GpeKtVitriLAt77xBcXt1BHIjtGrJlnZd9AH2rHpOlw2TadFpunxae+4PYR2dslk4dtz7rVYlgbc3zNmP5m5OTzQAtvpWl2lrJZWum2FtZTbxNZ29nbQ2sokG2QSW8cSQyb1+V9yHcOGyKAEtNJ0qwgmtrHTNPsre4LGe3tLO2t4Jy6eWxmihijjkLRgI29Wynyn5RhgAstJ0rTVlXTtM0+wWc5nWysra1WYgYBlEEUYkOCR8+cA4yc0AJY6RpOmNK+m6Xp2nvPt897GytrRptpJXzWt4ozJtLMV3lsFiRjLFgAtNH0nT5pbiw0vTrKefiae0sbW2mmBO4iWSGJHk+Y7vnZ+eeCaAC30fSLS6kvrXStOtr2YOJry3sbaG6lEjBpBJcRxJM4dgrPvdtzAE8igAj0fSYbx9Ri0vTotQkLmS/jsrZLyQycyF7lYhOxcjLlpPm6nODuAD+x9JF9/af9l6d/aWSf7Q+w2327JXYT9q8rz8lCUJ83lflxg4oAJNH0iW9XUpdK06TUUKlL+SxtXvUKLsQrdNEZwVT5FxINqjaOOKACfR9JurqO+utL065vYShhvJ7G2muojGcxmO4kiaVCh5TY67TyMUAF3o+k388N1faXp17c2+0QXF3ZW1xPAEcyJ5Ms0TyR7ZCXUIy4clhhiTQB+fv/AAVX/Yitv+ChH7CH7QX7MVodNsfGfjnwcJvh3rl+kMa6X448NalZeJPDUcl7JHIbKx1TUNMXRNQnHyQWOp3M5BMYKgH8s/8AwT//AODgPwR/wT0/Zsh/4J/f8FQ/g943+GX7SP7IOgTfDLwDe+I/BOsav4W+IWheF1Sx8LabdX+naLq9/oWpQ6NBbWsutzWM+kaxbwWmoRag0941vAAcF/wUf/4KH6v/AMHFvir4M/8ABM7/AIJqfDzxzrHwevPH/hvx5+0F+0P4j8I6n4e8M+H9C0QTWkgtoNWsre+0/wAPaJBf313PJqkGmXuv61Do+m6bathXlAP7k/hR8IfCPwo+EPw2+Dej6ZZ3Xhb4Z+DPDXg3RLW9t4LyJLPw3pNtpVtIEnhKBzHASrCJGAcjC5IoA9Gk0rS5rNNOm02wl0+III7CSztpLOMRjEYS2eIwIEHCBYwEHAHNAAdK0s2X9mHTbA6cAB/Z5s7c2WA28D7L5X2fAb5gPLI3fMACBQAR6VpcVk2mxabYR6c27dYR2dslk29977rVY1gO6T52zH8z/MckZYAINK0u1tZLC202wtrGUOJbOCztorWUSDEgkt44khcOOH3I24cHNACWuk6XY28trY6Zp9na3BYz21rZ21vbzF0EbmWGGJI5C8YCMXRtyAKcgUAFlpOlaaksen6Zp9hHOczpZWdtapMcYzKsESCQ7Tj5w3HGT0oALHSNK0wytpumafp7T485rGytrQzbSSvmm3ijMm0sxG8tgsSOrbgBLPR9I06WWbT9K06xmm4mms7G2tZZhktiWSGJHk+Yk/O7cknnJ2gBbaPpFncy3tppWnWt5MGE13bWNtBczB2DOJZ4oklcOwDNvdtzAE5I+UAItH0iC8k1GHStOh1CUuZb6Kxto7yQyHMhkuUiWdzIeXLSHeeTkjLAANH0gXp1IaVpw1EksdQFjai9JK7STdeUJ8lflJ8zlTg55oAH0fSJL0alJpWnSakpUrqD2Nq16pVPLUi6aIzgrH+7XEownyj5eKACbR9IubuO/udK064voihivZrG2lu4jH9wx3LxNMhT+Da67e2MUAfIf7a+l6bc+CfhfeXOnWNxeQ/tDfA2OG7ntLeW5iQeN7Rgkc7xtKiBiW2q4G4k4JNAH15eaPpOoyRS6hpenX8sHEEl5ZW1zJCM7v3TzxSNHhvmwhXnnr90AL7SNJ1MRLqWl6dqCwZ8lb6ytrsQ7sBvKFxFKI9wVQdmM7RnoKAHXmk6XqMcUOoabYX8UJzDFeWdtdRxEgAmJJ45VjJAA+QDgAdAKAC50rS722is7zTbC7tISphtbmztp7aIou1DFDLE8UZVSVXag2qcDANABLpWlz2cenT6bYTafCIxFYy2dtJZxCIFYxHbPEYEEYJEYWMBBkKMGgAbStLayGmtptg2nKAF09rO2NkAp3KBamIwABuQBGADzjOKABNK0tLI6Ymm2CaawIbT0s7dbIhn8xgbURCAhpP3hzHy/wAxw2CoAQ6VpdvaPYW+m2EFhKHEllDZ20VpIH/1ge2SJIWD5+fch3d93IUAtxQxQRRwwRRwwxKqRRRIscUaKMKkcaAIiqOFVQAAMADGKAJKAGRxpEixxIkcaAKiRqERFHRVVcKoHYAYHbFAD6ACgCrPY2VzLbT3Npa3E9m7SWc09vFLLayOux5LaSRGeB3T5GaJkZl+Ukg4oAnMcbOkpRDJGrqkhUF0WTb5io/3lVyibwDhti5ztFAFe3sLGzkuZrSytLWa9l8+8lt7aGCS7mxt865kjRGnl2gDzJS74GM4AoAt0AFAH//R/v4oA5zxZ4P8JePfD+o+E/HXhbw5408LaxCbbV/DXizRNM8R+H9UtycmDUdG1i1vNOvoScExXNtKhPJU4FAH5efsc/sO/scfDT9on9rnxZ4C/Ze+BHhTxN4U+N3hm08Ka7o3wv8ACFrqnhS1ufg78ONZng8MXg0ppvD0Uuq395fumjNYg3FxLJxnFAH6zUAFABQAUAFABQAUAFABQAUAFABQAUAFAHn3xL+E3wt+M3hm58F/F74ceBvih4QvDuufDPxA8KaH4v0KSTaUWf8AsvXrG/s1uY1Y+VcpElxC3zxSo4DUAfLH7I37Mv7DPw+tdX+IP7L/AOzL8HvhRqMPizxr4RvvEfhn4aeHdB8UHU/CniPU/DevQQ64tgdZi02TUrC7FvbwX0Vm9uyGOBUYLQB90UAFABQAUAFABQAUAFABQAUAFABQAUAFAHhvx5+Av7P3x08IXunftBfBr4a/GDwzo1jfagun/EPwR4f8YDT4reB7i5m0htasLu40y7eOIjz9Nmtbhvu+aAW3AHnf7I/wG/ZJ+GPw48N+M/2WfgH8L/g54d8feHtN1uC48F+ANA8Ka7qWl6jDHdWkeualZWMWsX7KhQ+VqN7c+WwAGMAsAfW1ABQAUAFABQAUAFABQAUAFABQAUAFABQB8W/to/Av9ljx38LfFvxK/aG/Zp+Evx6b4e+H7jWLOLxx4D8Ma/rwgsyv+gaZr+qabPqmnwyGTLQW15FbyEAyRttWgD2n4GfA/wCB3wO8G2Oi/Ar4PfDj4OeG9UtLLUZ9D+HXg3w/4QtLiWe3SZJdRTQrCy/tG7QSlWur1ri4YliZW3ZoA9poAKACgAoAKACgAoAKACgAoAKACgAoAKAPkD9tH/kQPhn/ANnE/A7/ANTW0oA+v6ACgAoAKACgAoAKACgAoAKACgAoAKACgAoAKACgAoA//9L+/igAoA+P/wBnH/ktP7bH/ZdvCX/qivhbQB9gUAFABQAUAFABQAUAFABQAUAFABQAUAFABQB5L8GNS+GOqeFNUufhNbJa+Go/HfxAtNRjS01CyDeM7Pxfq9t44mMWp/6QzTeKY9UlaeP/AESdmMtn/ozR0AetUAFABQAUAFABQAUAFABQAUAFABQAUAFAGZrcmnRaNq8urqH0mPTL+TVEKu4bTktZWvVKRZlcG2EoKxje3RMsRQBxfwgvvAWpfC7wFf8AwtgW2+HN54W0i48FW6W97aJD4cktY20uNbXUf9PgC2xQCK8/0hOknzA0Aej0AFABQAUAFABQAUAFABQAUAFABQAUAFAHmXxm8a+Hvhx8LPHPjrxZoj+JPDfhfQLrVtZ0KO2sbyTVLK3KebaJa6k8dhO0m4YjunSE4+YjFAHf6XdQ32made20Rgt7yxtLqCAhFMMNxbxyxRFUyimNHVCEOwbcLkYoAvUAFABQAUAFABQAUAFABQAUAFABQAUAFAHyB+2j/wAiB8M/+zifgd/6mtpQB9f0AFABQAUAFABQAUAFABQAUAFABQAUAFABQAUAFABQB//T/v4oAKAPj/8AZx/5LT+2x/2Xbwl/6or4W0AfYFABQAUAFABQAUAFABQAUAFABQAUAFABQAUAeS/BiH4ZQeFNUT4TvDJ4aPjv4gSaiYZrqdB4yk8X6u/jdS92TKJF8UHU1kjX9zG4KQARBAoB61QAUAFABQAUAFABQAUAFABQAUAFABQAUAZmtjTm0bV11cgaSdMvxqZYsFGnG1lF6SU+cAW3m5K/MByvIoA4v4QReAoPhd4Ch+Fzxv8ADqPwtpCeCnhkuJom8OC0jGlmOW6JuZFNtsw05Mp/jJOTQB6PQAUAFABQAUAFABQAUAFABQAUAFABQAUAeZ/GXxL4O8HfC3xx4o+IOlLrngrQ9Bur/wASaQ9jDqSahpcRTz7ZrC4/c3Qclf3MnytjmgDvtMntrrTdPubKPyrO4sbSe0iCCMRW01vHJBGI1+VNkTKuwcLjA6UAXqACgAoAKACgAoAKACgAoAKACgAoAKACgD5A/bR/5ED4Z/8AZxPwO/8AU1tKAPr+gAoAKACgAoAKACgAoAKACgAoAKACgAoAKACgAoAKAP/U/v4oAKAPj/8AZx/5LT+2x/2Xbwl/6or4W0AfYFABQAUAFABQAUAFABQAUAFABQAUAFABQAUAeS/BjRPhxoHhTVLL4XarFrHh2bx38QNS1C6h1KLVVi8Xap4v1e+8Z2JuYUjWOSw8Sz6laSWZXfZPE1tIWeNmoA9aoAKACgAoAKACgAoAKACgAoAKACgAoAKAMzW4bC40bV7fVZBDpc+mX8OpTNIIhFYS2sqXkhlbKxiO3aRjIRhANxzigDi/hBpPgfQfhd4C0b4aajHq/wAP9M8LaRZeD9Uhvo9Tiv8Aw/BaRppt1HqESRxXizW4VxcRoqSZ3AAEbgD0egAoAKACgAoAKACgAoAKACgAoAKACgAoA8z+MmqeAdF+FvjjVfinarffDyw0G6uPF1o9rdXq3GjIU+0RtaWQa7nBJX93bgyHt0oA77TJLSXTdPl09dlhLY2kligVkC2j28bWyhWwy4hKDaw3DocEGgC9QAUAFABQAUAFABQAUAFABQAUAFABQAUAfIH7aP8AyIHwz/7OJ+B3/qa2lAH1/QAUAFABQAUAFABQAUAFABQAUAFABQAUAFABQAUAFAH/1f7+KACgD4//AGcf+S0/tsf9l28Jf+qK+FtAH2BQAUAFABQAUAFABQAUAFABQAUAFABQAUAFAHkvwY8G+CvA3hTVNH8Ba0+vaLd+O/iB4hvLx7621Aw+I/Eni/V9a8TacJ7WOKNF0zXLy+sVtmVprVYBBM7yo70AetUAFABQAUAFABQAUAFABQAUAFABQAUAFAGZrdpZ3+javY6hMbewvNMv7S+nDrGYLO4tZYbmYSOCiGOF3fewKrtywIGKAOL+EHhjwr4K+F3gLwl4H1Vtc8H+HfC2kaR4b1h7uC+fUtHsrSOGyvGvLWOK2uTPCquZoI0ifO5FANAHo9ABQAUAFABQAUAFABQAUAFABQAUAFABQB5n8Zf+Fef8Kt8cf8LYWNvhv/YF1/wmKzNeLEdEyn2kO2nvHehc7Mm2dZfQjncAd9pf2P8As3Tv7Ox/Z/2G0+w43Y+x/Z4/suN+Xx5GzG47v72TQBeoAKACgAoAKACgAoAKACgAoAKACgAoAKAPkD9tH/kQPhn/ANnE/A7/ANTW0oA+v6ACgAoAKACgAoAKACgAoAKACgAoAKACgAoAKACgAoA//9b+/igAoA+P/wBnH/ktP7bH/ZdvCX/qivhbQB9gUAFABQAUAFABQAUAFABQAUAFABQAUAFAHwN+2/8A8FOv2JP+Cdmgafrf7WHxx8OfDu81qGW48P8AhCJLvxD488QwQ/LJcaN4M0KC+8QX1rHJsjlu4rFraFnXzZFVi1AH5o/8E+f+C9n/AASM+LevL8APhf8AtK3+ieNfGXxE8a+I9A0/4xeC/EPwzi1zWfiH4t1XxP8A2Po+teIbC00O7uRe6pLZafYjUBqE6RxM1sjuEYA/okjkSVElidZI5FV45EYMjo4DK6MpKsrA5UgkEHIJzmgB9ABQAUAFABQAUAFABQAUAFABQAUAFAH5R/8ABQL/AILE/wDBO39gJb/4f/tOfH7S/D/jzXdEuYl+HPhDTNT8dfEGCx1a2ltoL298M+GLXUb/AEm2nV3a2u9VSztZWjZRICCaAPFP+CZv/BaD/gmB+1PpPgD9mn9nb9otbz4g+FPDNh4b0LwZ8T/DusfDbxd4mh0SzSLzNEsvE1pY2uvXJt0E88GiXN60IJDBWVhQB+49ABQAUAFABQAUAFABQAUAFABQAUAFABQB+GX/AAUO/wCC4X/BKD9l+bxl+zh+0d8e117xbqdnL4f8Z/D74VaPrvj3xFocc4V57LXrjwnYapa+G79UEcn2bU5re6KMGWFgaAPpH9gb/grp/wAE+v8AgodDJ4c/ZU+Ouk+J/Ffh3SYZr34c+I9P1XwZ8QLLTLRY7U3i+FvE9ppmrX9hAwWGTUrG2nsy/KzFSpYA/TygAoAKACgAoAKACgAoAKACgAoAKACgCOWWKCKSeeSOGGGN5ZppXWOKKKNS8kkkjEKkaICzuxCqoJJABNAH8y3/AAUl/wCDg7/glp8LNW8PfBh/2gV8feO/Avxu+HPiDxha/DDwv4i8daNoFj4L8VQXniGG78SaDp91oUmp6ekE0UulW+oS36zxtEbfeVDgH7FfsTf8FH/2M/8Agod4R1Dxh+yb8bPDnxNt9E+zjxFoMa3eieMvDTXS7rceIfB+txWPiHSFnAPkve6dFHLtOxuPmAPuOgAoAKACgAoAKACgAoAKACgAoAKACgAoAKACgAoA/9f+zpv29/2P1JVvj34CDKSCDqTcEHBH+r7GgBP+G+f2Pf8AovngL/wZN/8AG6APlH9n79uH9lDTvi/+2Je3vxw8EW1rrXxr8L32lTy6gwS+tIfgr8NbGWeA+WN0aXdrcQE/34nHOM0AfV3/AA3z+x7/ANF88Bf+DJv/AI3QAf8ADfP7Hv8A0XzwF/4Mm/8AjdAB/wAN8/se/wDRfPAX/gyb/wCN0AH/AA3z+x7/ANF88Bf+DJv/AI3QAf8ADfP7Hv8A0XzwF/4Mm/8AjdAB/wAN8/se/wDRfPAX/gyb/wCN0AH/AA3z+x7/ANF88Bf+DJv/AI3QAf8ADfP7Hv8A0XzwF/4Mm/8AjdAB/wAN8/se/wDRfPAX/gyb/wCN0AH/AA3z+x7/ANF88Bf+DJv/AI3QAf8ADfP7Hv8A0XzwF/4Mm/8AjdAB/wAN8/se/wDRfPAX/gyb/wCN0AH/AA3z+x7/ANF88Bf+DJv/AI3QBn6v/wAFCv2OdH0rU9Wm+O/gieLS9PvdRlgtr8yXE0dlbS3LxW6FAHmkWIpEhI3OyjIzmgD+Jz/gj/4Z/ZG/4Kbftaftef8ABTT/AIKjeOPB/wAQtftPjTqXgj4FfBf4k6lNf+DPDOhabbQ6paXzeH5GNnqPh/R9L1XT/D/h7Q7+F9OSSx1G+v7XULi5hniAP07/AG9f+Cen/BGf48fsX/GTwt4P8Tfs/eEPj34Yi+LPxN+Dfxc+GegaJ8PNb0fxO+p6/wCM/D3gjVo/DEEFnrHhy3d7fwjjUEludOs4ra60z+zza/YnAPY/+Dd3/grH4R+LX/BOTwR4e/au+NOiQfF34JeKfEXweu9e8UalI2q+LPDfhiWJvCWsXM7o0t7cReHrrT9Nu9Rmkknv7uymupm8yVwoB+6v/DfP7Hv/AEXzwF/4Mm/+N0AH/DfP7Hv/AEXzwF/4Mm/+N0AH/DfP7Hv/AEXzwF/4Mm/+N0AH/DfP7Hv/AEXzwF/4Mm/+N0AH/DfP7Hv/AEXzwF/4Mm/+N0AH/DfP7Hv/AEXzwF/4Mm/+N0AH/DfP7Hv/AEXzwF/4Mm/+N0AH/DfP7Hv/AEXzwF/4Mm/+N0AH/DfP7Hv/AEXzwF/4Mm/+N0AH/DfP7Hv/AEXzwF/4Mm/+N0AH/DfP7Hv/AEXzwF/4Mm/+N0AH/DfP7Hv/AEXzwF/4Mm/+N0AfP/7Vv/BUj9mL4LfszfHv4seC/jB4J8S+NPh98JfHnijwb4ft7xp31jxdpfh2/n8M2DxbVL29xrgsEu8MGFqZmXJUCgD+VP8A4ILfs3fsAfG/4PePf+Chv/BRrx58O/jb+1p+0l42+I99Zw/GyWHxfZ/DrQ7fWdS0OC+fw1qiz6HqOtanc2j6xb3GoW00el6W2mafp9vpz29w84B6h/wWP/Yc/wCCXp/YMj+OP7JXxB+E3wz/AGy/2TfDnhTxh4F+Jvwdhtfh7f8AxKfwtfaZDqMesaV4bEWmHXHhMmv6RrduDqq6nZ/Z7q+vYrzdAAfuv/wSu/4K0/Bj9or9gL9mf4qfHj4v+EfD3xk1j4daXpvxJs9Su/st1deLvDu/Qta1g2yR7YI9ZvLCXUoYhu2x3Cjc332AP0F/4b5/Y9/6L54C/wDBk3/xugA/4b5/Y9/6L54C/wDBk3/xugA/4b5/Y9/6L54C/wDBk3/xugA/4b5/Y9/6L54C/wDBk3/xugA/4b5/Y9/6L54C/wDBk3/xugA/4b5/Y9/6L54C/wDBk3/xugA/4b5/Y9/6L54C/wDBk3/xugA/4b5/Y9/6L54C/wDBk3/xugA/4b5/Y9/6L54C/wDBk3/xugA/4b5/Y9/6L54C/wDBk3/xugA/4b5/Y9/6L54C/wDBk3/xugA/4b5/Y9/6L54C/wDBk3/xugD8xv8Agsd/wVr+FH7PX/BOX9pT4gfs5fGXwzq/xvuPClr4P+HX9h3xfUtI1jxlq1loF34itW8p/Ju9A0S81TU9On2P5WqW9izKVB2gH5G/8EfP2Gv+CQvgL9g/wz8Wf2uvGHwk+KH7Tf7S/gSH4ifGH4lfFG403xNrngaTxsi60NA8P/8ACVWWs6Loup6JFdrBqfiEWV1qV/qbXlwb0W0kFtAAfOH/AAXj+Cv7CX7Lnh34Mf8ABSz/AIJfeN/h18E/2nfgV8UfB8eveHvhFcp4e8P+P/DN+tyV1KbwxpUNto0F1FLZRaTrlnplrZabr+hazcx3dn5sDS3QB/W98A/+CnH7KPxV+CPwm+JOt/GPwX4e1nxz8PfCfijVtDvdRK3elalrOi2d7fWNwohQLLb3MssbKFXBGO2WAPXP+G+f2Pf+i+eAv/Bk3/xugA/4b5/Y9/6L54C/8GTf/G6AD/hvn9j3/ovngL/wZN/8boAP+G+f2Pf+i+eAv/Bk3/xugA/4b5/Y9/6L54C/8GTf/G6AD/hvn9j3/ovngL/wZN/8boAP+G+f2Pf+i+eAv/Bk3/xugA/4b5/Y9/6L54C/8GTf/G6AD/hvn9j3/ovngL/wZN/8boAP+G+f2Pf+i+eAv/Bk3/xugA/4b5/Y9/6L54C/8GTf/G6AD/hvn9j3/ovngL/wZN/8boA/ny/4OUP+Cq/hvwF/wTzuvhr+yZ8ZtJufib+0N8QtD+FGr654V1aS11Tw58PtQs9Qu/Fc1vqCBH0+XV2i0zRJLhWQjS7/AFVRLGxV1API/hR+yF/wRc/Ya/Yo+CmjXcn7PXxT+J0/j74Hav8AHL4t/EjQdK8c694knv8AXNOn8aMg8TadqUeieGCJprT+xtMtreKSwSNNRN9OZLhwD8vP+ChfxP8A2Cf+CcP/AAUO/Y2/4KA/8EoPi/4J8NaL4y+IsPgj9qb4H/DXVL+Dwfe+DbjVNFXXdTg0CWP7Na6Tr+h6jqMr6TEr2GleIdEsdT063tUlS1iAP7MLH/gsn/wTWu7KzupP2svhjbPc2tvcPbyahd+ZA80SSNC/+iD54ixRuOq9qALX/D4r/gmn/wBHcfC7/wAD7v8A+RKAD/h8V/wTT/6O4+F3/gfd/wDyJQAf8Piv+Caf/R3Hwu/8D7v/AORKAD/h8V/wTT/6O4+F3/gfd/8AyJQAf8Piv+Caf/R3Hwu/8D7v/wCRKAPTvg9/wUl/Yg+Pvj7R/hd8IP2ifAXjrx94gW8fRvDOjXk8mo6gthayXt59nSSCNWMFrDLO43ZEaMQDj5QD7joAKACgAoAKACgAoAKACgAoA//Q/v4oAKAPj/8AZx/5LT+2x/2Xbwl/6or4W0AfYFABQAUAFABQAUAFABQAUAFABQAUAFAEF1a299a3NleQx3FpeQTWt1byqGint7iNop4ZFOQ0csbsjqRgqxBzmgD+Cz4afFP4+/8ABrn+2X+0L4D+KXwR+I/xl/4JlftP/Ee9+I/w8+JXw90x9U1HwX4gvYwkYkSWaPTf7ZsdIjstH8VaHe31peSQaPaaro5voZ40uADS+Nn/AAcMp8dv2d/Gv7D/APwS5+Dfx3+Pf7Rv7SviT4raNa+N9S8Caroml/D/AMPfGHxTrV7qENrZXpk1O71vSNE8QTaVFfSxWeg6QEbV31Ax2ccLAH9LH/BEn/gnnqf/AATU/YG+GfwE8Y3drqPxZ1e61X4j/GLULGZbmzf4g+Mbj+0NS021uVRBdW+gW7WuhQ3eB9qj08T4G8igD9cKACgAoAKACgAoAKACgAoAKACgAoA8q+Onwi8M/H74L/Ff4H+Mw/8Awivxc+Hni/4da9JEiyT22m+L9CvtDuL21RmVTeWK3v2y03MoFzBESwwSoB/C1+xn+3z8c/8Ag3Sn+Kf/AATZ/wCChnwR+KGs/s0t4j8ea1+zZ+0N8ONAudf0qLQfFd9fXN1cIjSwR6r4dury8k1ho9Nnl17RdVu7vTLvSwsQdADM/an/AOCtvxZ/4Kv/ALOnw8/4JKf8Er/gt8XPH118RNA8HeBfjd+0J418L6j4Z8P2fg3Rrqyn1GWL7V595omiXFzYW934h1/X/sUiWVs+mWNrqM2oZQA/tN/YG/ZP0D9h39j74Bfss+Hbv+0rb4QfD7RPDWo6xtCHW/EMdss/iLWigwEOqaxLeXhUDA83jFAH2BQAUAFABQAUAFABQAUAFABQAUAFAHw1/wAFJv2NdH/b+/Yk/aA/ZR1W+i0i7+KHgySDwtrkyF4tE8baFeWviHwjqE21lZLM65plnZ6nIgeRNKu74xRSSFEYA/j2/ZP/AOCyniH/AIJv/s36/wD8Enf+CwXwK+OXwz1D4TeGp/hh8PvjP4K8JzeJ9P1r4Y2bm28OrPF5m7UFs7G3gtNB17RDqmm6tpkcNxcy2s2VYAzv2w/2y/jv/wAHK3jv4Of8E/P2Evgn8UPAv7FvhXxx4W8XftAftB/EbQpNCjvNN8OxGyiuSU+0WemWtjpV5qcugaJcXT6r4k167tTPp9la6c09AH94nwu+HugfCX4b+BPhh4Wtxa+HPh/4T0HwholuvAi03QNNt9NtVA5xmK3VsdiccdKAO7oAKACgAoAKACgAoAKACgAoAKACgD8YP+C8f/BOLXf+CmH7AfjP4RfDySKD42fD7XtN+LnwYaWdLNdV8YeGLTULebwrJqEksSWCeJNK1G7t7W6Zgkes22kGaSG3E08QB/Oj4N/4OSLX4b/AD4bfstf8FKfgD8b/AIQftVfs8fEv4UweM9Ut/A95daJ450z4a63ZvPqaWkjw6jpfiS/sLNZbmxkt30ya5dWsNSnikyoBHd+PP2jv+Dm//goR+zXr3hf4H+PPgr/wTG/Y18fW/wARr7xX8QtNbTNS+IviKx1PTdUuLR3QS6dfax4km0DRtGj0DTrq9Gg+HF1HU7u+gvdRS1YA/vKtbaGztre0t0EdvawRW0EY6RwwRrFEg9lRFUfSgCegAoAKACgAoAKACgAoAKACgAoAKACgAoAKACgD/9H+/igAoA+P/wBnH/ktP7bH/ZdvCX/qivhbQB9gUAFABQAUAFABQAUAFABQAUAFABQAUAFAGL4h8N+HfF2kXnh/xXoGi+J9B1GPydQ0TxDpdjrWkX0Wc+VeabqUFzZXUeRnZPC655xxhgD5n/ZQ/ZW8Cfsy+FfEOlaD4E+F3hzXdd8ffEbxHLq/w+8HaN4elm8PeKvGmseIPD2jXl3ZaPpV5MNG0m+s9PNo3mWVq1r5NkzW0UTMAfWVABQAUAFABQAUAFABQAUAFABQAUAFABQB578Ufhp4N+LPgvXPBvjbwj4R8Z6Zqem39vBpnjTw9pXiTRor64s5re2u3sNWsdQtw8EkiuJkt2mQDMZ3YFAHnH7Lf7PvhT9m34L+A/hroHhPwF4c1XQfC+i6V4ovfAPhvTPD2na/rWnWaQXWqTGx0zS7i/eeUPIt1qFuLpwxMnzE0AfRNABQAUAFABQAUAFABQAUAFABQAUAFABQB89ftMfs5fC39pn4WeKfh18TfDXgrVbTWNHu9Psde8W+DfDvi9/C8lwYydT0yDxBC0dvcRlPvw3NmxzkzDAKgHqHw++H3gr4YeFdK8IeAvC/hnwj4e0y1t4YNL8J+H9K8NaSzxQRxPdJpejWtpZRS3HliSRkjZmJ5dsZYA7WgAoAKACgAoAKACgAoAKACgAoAKACgAoA/Pr9v/4O/CP4geD/AIXat49+Fnw58b6pB8ffgrp0GpeLvBHhnxJqEOn3XjK1jubGK81nS725js7iNjHPapKsMqEpJGynFAH3foegaF4Y0qy0Lw1ouk+HtD06IW+n6NoenWek6VYQL92Gy06wht7S1iXtHBCiDsBk0Aa1ABQAUAFABQAUAFABQAUAFABQAUAFABQAUAFABQB//9L+/igAoA+P/wBnH/ktP7bH/ZdvCX/qivhbQB9gUAFABQAUAFABQAUAFABQAUAFABQAUAFABQB418C/C3jzwh4O1fS/iLq763rtz8QviRrdjdvqEmpGLwvrvjXWtV8KWAuJfmRdO0C6sLNbUfJZrCLZPljFAHstABQAUAFABQAUAFABQAUAFABQAUAFABQBk69bXt5oes2emymDUbrSdRtrCcOYjDez2c0VrKJBzGY53R945TbuHQUAcN8FPD/i/wAKfCT4deGviBqTaz420Pwloum+KdVe8fUX1DW7Wzjjv7pr6TMl2ZpwzmdzukzuOc0Aen0AFABQAUAFABQAUAFABQAUAFABQAUAFAHlnxu+H8/xV+Evj74dW2sJ4fuPGHh670WLWnR3TTXuTGRdMkbxuwTZ0V1PPUfxAHomlWZ0/S9NsGk85rGws7Npv+eptreKEyc5PzlN3J796AL9ABQAUAFABQAUAFABQAUAFABQAUAFABQB8gfto/8AIgfDP/s4n4Hf+praUAfX9ABQAUAFABQAUAFABQAUAFABQAUAFABQAUAFABQAUAf/0/7+KACgD4//AGcf+S0/tsf9l28Jf+qK+FtAH2BQAUAFABQAUAFABQAUAFABQAUAFABQAUAFAHjXwL0v4m6R4O1e1+LF0954lk+IXxIvdOle8sL4r4NvvGutXfgiATadmBFg8LzaZEtu/wDpVuqCG7xcI4oA9loAKACgAoAKACgAoAKACgAoAKACgAoAKAMnXo9Qm0PWodIYpqsuk6jHpjh0jKag9nMtkweTEaFbkxEPIdi4y+FBoA4b4K6f480r4SfDrTfihcNd/EWx8I6LbeNLl7mzvHn8RxWcS6nI11p5NlcFrkOTLanyH6x4UigD0+gAoAKACgAoAKACgAoAKACgAoAKACgAoA8r+N/gjX/iT8JfH3gTwtrSeHPEPinw7d6TpGuSXF5appd5cGPy7trjT0kvYRHtPz2yNKM/KDk7QD0XSbWax0vTbK4l8+ezsLO1nmBZhNNb28cUkoZ/nPmOhfL/ADHdluSaAL9ABQAUAFABQAUAFABQAUAFABQAUAFABQB8gfto/wDIgfDP/s4n4Hf+praUAfX9ABQAUAFABQAUAFABQAUAFABQAUAFABQAUAFABQAUAf/U/v4oAKAPj/8AZx/5LT+2x/2Xbwl/6or4W0AfYFABQAUAFABQAUAFABQAUAFABQAUAFABQAUAeNfAx/idJ4P1dviyJR4lHxC+JC6d50dpG3/CGJ401lfA5C2SrEUPhYaWY3YfaHTDXJaYu1AHstABQAUAFABQAUAFABQAUAFABQAUAFABQBk68dRGh6ydIz/aw0nUTpe0IT/aIs5vsWA+UJ+0+VgONhPDZGaAOG+Cj+PZPhJ8On+KQkHxGfwjoreNRNHbRSjxGbOP+1PMjswtoj/ad+5bdVhB+4AuBQB6fQAUAFABQAUAFABQAUAFABQAUAFABQAUAeVfHHwv4v8AGvwj8f8AhTwDq7aD4z17w7eaf4c1hL640xtO1OUx+Tcrf2mLm1KBW/ewneucDGTQB6LpMFza6VplreSGa7ttPs4LqYu0hluYbaOOeQu3zOZJVZt7fM2cnkmgDQoAKACgAoAKACgAoAKACgAoAKACgAoAKAPkD9tH/kQPhn/2cT8Dv/U1tKAPr+gAoAKACgAoAKACgAoAKACgAoAKACgAoAKACgAoAKAP/9X+/igAoA+P/wBnH/ktP7bH/ZdvCX/qivhbQB9gUAFABQAUAFABQAUAFABQAUAFABQAUAFABQB418C9Z+JGueDtXvPilpk2k+I4fiF8SNP0+2m099MeTwhpvjXWrLwZei3kZzJHfeGodNuo7sEJdpKLlQFlUUAey0AFABQAUAFABQAUAFABQAUAFABQAUAFAGVr0t/Boesz6VGZtUh0rUZdNhEZlMt/HZzPZxiIEGQvcLEojBBfO0EZzQBwvwU1Txxrfwk+HWr/ABMsJNL+IOo+EdFu/GOnTWTadLZeIJrON9StpLFyz2jxXBdWgZmMZG0k4zQB6fQAUAFABQAUAFABQAUAFABQAUAFABQAUAeVfHHSfHuu/CPx/o/wvvH0/wCIOoeHby28JXqXdvYPbay5j+zSreXf+jW5UBv3k3yDPPUUAei6THdw6VpkWoMXv4tPs471yysXu0to1uWLLlWLTBzuU7TnIyCKANCgAoAKACgAoAKACgAoAKACgAoAKACgAoA+QP20f+RA+Gf/AGcT8Dv/AFNbSgD6/oAKACgAoAKACgAoAKACgAoAKACgAoAKACgAoAKACgD/1v7+KACgD4//AGcf+S0/tsf9l28Jf+qK+FtAH2BQAUAFABQAUAFABQAUAFABQAUAFACEgAkkADqTwB9c4/n+VADfMjOMSIc8D5l5+nzH/wBm/DNAD6ACgCG4mFtbz3BjmlEEMsxit4nnnkESM5jggjBkmmcLtjijBeRyEUFiBQB8S/sdftr6R+174o/av8L6d8NfF/w2vv2U/wBobVP2efEVr4yn0aW+17XtF8JeGPE19rljFol9qVvb6VMfEa29is119qkigE08MLyeVEAfcFABQAUAFABQAUAFABQAUAFABQAUAFABQAUAfnr4i/4Kcfsw+FPih8afgxr03xQsPif8CI/h1P4x8Gy/CTx//bWrW3xX19fDXgK58AWg0MyfEG31/VW8qCfwiurRxxhp52ihR3oA+8rbXLOXQY/Ed2tzo+nnS/7XuRrdtNpd1ptmtt9rnOqWl2sc9hLawhmu4bhUktyjrIqlWFAHxlN/wUz/AOCfFvLLBP8Atk/s8RTQSPDNE/xN8Nq8csbFJI3U32VZHUqwPQjFAH1L8P8A4o+Avi94HsfiJ8JPF3hz4jeD9ZhvX0HxJ4V1e01TQtYlsZprWWK01S2kltXEd7BJazOHIilRw+NhDAH4Hft7/Cn9sT9mDSvgz+2F4H/bU+NHiH9oTxB+0r8EPh74h/Z5nbwxd/s3+PvD/wATvG1l4e1z4a+DfAlv4Xg1/Q10XQbi/wBWtfFl74j1TWI7PRLvUL+UKHSgD+iize4ktLWS7jEN09tA9zEpysVw0SGaNT3CSFlB7gZ70AWaACgAoAKACgAoAKAPKvjivxDf4R+P1+E0ksXxJbw7eDwbJD9h81Nbyn2Yx/2kklhuA34+1I8XqDQB6LpIvBpemjUSTqA0+zF+Ttybz7NF9qJ2AJkz7/uAL/dAGBQBBr+sR+H9E1XXJbHVdTi0mwudQk0/Q9Nu9Y1m8S1iaV7fTNKsIpr3Ub6RVK29laQy3FxKVihjZ2VWAPhT4D/8FL/2Yv2lG+HMXwfuviT4mu/iZr3xK8O6VpzfCrx3p2qeHb74R65beG/Hc3j7Tb/Rbe88CWGka3dQacl/4ph0u2vriQR2Mk5zQB9weLfF3hjwF4a1vxl4017S/C/hTw3p8+ra/wCIdbu4bDSdH0y1Xdc32oXs7JDbWsC/NJNK6og5JFAHxx/w85/4J5/9Hmfs7f8Ahz/DX/ydQB9aweIYPHnw/wD+Em+F3iTQNTj8VeFptU8BeLIz/bPhm6l1TTZJfDutn7FOn9p6MZ5bW7kW1uUa7tAyRTIzq9AH4XyR+K/gv/wVS/ZX+E/w0/b68efFTxT468M/FnxJ+2B8BfjB4+8C6npkvhCw0KxbwN4h+HPhDTvD3h278KeIB40u5obfRtHe987wzZ3kt9CTa/apQD+gSgAoAKACgAoAKACgAoA+QP20f+RA+Gf/AGcT8Dv/AFNbSgD6/oA81+MHxT8P/BP4a+MPir4s07xTqfhjwLol/wCI/EEHgzwvrfjPxDFo2l28l3qN5Y+G/Dtnf6zqQsrSGa5njsbSeVIIpJNhVWKgHzz+z3+3r+z9+1He+BLb4K3vjXxbafEH4U6D8ZtJ1yPwB4rs/D+leCvE91qVloLeK9au9Mh0/wALa9qc+kagLbw1rc9lrjJbvIbARgMoB9I/E34q/Df4MeEL/wAf/Fjxv4a+HngnS5bWHUfFPi3VbXRdDspb2UQWkdzqF5JFbxPcTERQhnBdyFXJICgHy1B/wUy/4J83U8Ntbftj/s8zXFzLHBBDH8TfDbyTTTOI4oo1F9lnkdlRVHJZgB1oA+xtb8UeHvDnhrU/GOuaxYaZ4X0bR7nxBqeuXdxHDp1no1naNfXGozXLsI1to7RGm8zdgpjbklQwB+MnwF/aD/aC+In/AAVx8V+E/Gut6r4e+CniH9hvwr8Vvhj8Hbi3aybw/a6l8YfHHhyx8T+KYH/fSeMfE2kaJaapfW0yQHQLe7h0HZO9jJe3AB+3NABQAUAFABQAUAFABQAUAFABQB//1/7+KACgD5j+BnhDxJ4d+Kv7WGta3pF5p2l+NfjB4b1zwte3MTRw61pNp8IPh5oVxf2Lnia3i1bS9QsWdeBPayp1BoA+nKACgAoAKACgAoAKACgAoAKACgAoAyNf0TTfEmiaroGsJcSaVrFhc6dqKWuoX+k3LWl1E0U4g1PSrqx1Kwm8tm8u7sby1urdsSQzxuquoB/MP/wTxubfwF/wUB8S/sj/ABe+Mvxg8d/C7wBd/Fr4n/8ABPrx14x8ffEl7X476D4i8cXEXxP0nxT4q1PxXLH8UtW+BmqafbeFPB1jqMEukT+Gp7jxNptvqlpfW91ZAH7sftv+L18Dfs7+LPEbfGT4hfAUWl9oif8ACy/hf8OV+K3jHR/Pv44/I0/wW2j66NRiv8/ZrqX+zZvssLGYNHjfQB+D+lftUwS6ppsX/D2v9uy88y/s4/slx+wBDbQXW+4jX7NPcf8ACqV8iGfPlSTbl8pGL5G3NAH9RGlSebpemy/aJbzzLCzk+1zw/Z57rfbxt9omt9q+RLPnzZIdq+U7FNo24UA/FT/gkcyt+0V/wWiAYEj/AIKdeNwcEHBHwh+FYIOOhBBBz0PHrQB+3VABQAUAFABQAUAFABQAUAFABQAUAFABQAUAfzhf8FCPhr+0B8SPjxoP/BRP9nr4BePb34jf8E9/HXh7wV4S+GGofCTxIvj39r74deI5fs/xfg8M2l5p8d1qOj+GrbxPLN8JtYgt0hh17RPFmqC9m0rW7NGAP308G+Lrn4o/C7SvFth4a8QeDr/xb4W+22/hb4neFdX8N65oWoahp7bdM8W+FdZtbLVbRrS6fydRsbi3ikliSVV4dTQB+Sd3+xz/AMFCJbq5lgg/4JSeTJcTSQ/af2UvFElx5TyM0f2iQXBDzbCPNcHDPuIzmgD9Qv2evCPxC+HXwd8O+G/irH8Kz420iPVJdZj+Bfg+98HfDxhJfXV1bL4b8K3BlvLWRrR4hdR/M91f+bJGv70LQB+NHiL9vXxl4r+P1x8QPHv/AATX/wCCkvjC0+EWu+IdF/Z78M6X+y94yh8Ii/uPN0W4+LGqajrMOn2EfiPxJZl7LQb7URFB4P8AC17dgzQXOsa0FAP3y8PXup6loOjahrOmjRtWvtMsrvUdIExuP7MvLi3jlnsGnaOEyvayO0MjmNMuh4HG4A2KACgAoAKACgAoAKAPKvjjqHj7SfhH4/1L4W2cuofEOz8O3c3hGyhtBfy3OsqY/s0SWZIFwxBb93nn3xQB6LpL3kmlaZJqClL+TT7N75CuwpeNbRtcqU52FZi4K5+XGOcUAZ/izxFD4R8M674nuNL1/W4dB0u81STR/Cuiaj4l8SamtnC0pstE0DSLe61PV9SuNvlWlhY281xcSsqRoSTuAP5zfgj4H/aG/ZH/AG9ND/a70v8AZy+JOsfBz/gpnZ6jdftDfC/wB8HfE+qeJv2RviFod/Nf+APFHi+HTdOurzTrPxfousiw+Ke9Fhbx5BqXiOK3s9Oa4egD+g/4p6J4m8VfDXxjoPgpfB3/AAlWteHr2z8Pr8R9Dn8QeCRqVxEPsw8V6BCY7jUtJDHF7YoVkkXKcEUAfkL/AMMa/wDBQ3/nh/wSe/8AET/FP/x+gD9ZNCm8SfDL4J2V14q0XTvEXirwJ8PGvdc8O/B7w1c22na7rHh7Q3urvRvhx4SJa7RNTuLVrLw1oe5pzJPaWYJdgaAPyW+NXwW+Hf8AwUD+Jf7EXx1+EXwI8f8Awl+KPwV/aM0r4v8AjD4u/ED4Na/8FfG/h7wBpHhnxbp3jL4f6pqPiTQdG1jxNf8AjLXtT0TTptEjk1CJbODVdSaaCCQtegH7hUAFABQAUAFABQAUAFAHzH+1V4R8SeMvBfgGw8MaReazeaZ8b/hH4hvreyhaaS20XRPFdre6rqEqqQVtrG1Rpp5DwiLk45KgH05QB5N8cviPd/Cb4V+MvHmm/D7xt8VdV0TR7p9H+Hvw+8Nan4r8UeLNXmieHTNGtNL0q0vZ47e+vHhgvtSnhFhpdm8t9fyx2sMjqAfh5/wT2+Efx0/4J2/tc/EH9nzU/g9408Y/s2ftc6dZftI6D8Tfht8JfE58Bfs8/G7XlFn8QPgf4m1i1sLmPQvBe+0i1bwGdWuSmhWTSaXfXSSy2sKgH7SftJ+CPiT8Q/hNrvhb4TL8IG8bXtzpsmnD46eD7vx18ODFb3Sy3f8Aa/hyydLi7n8kH7DIjYguNshBAIoA/MSx/Y5/4KDw3tnNcwf8Epvs8V1byT/ZP2U/FEV15KSo0v2aU3AEdxsB8mQnCSbWOMGgD9Dv2qP2ePFH7SXwZsvhboXxe1f4K6rF4k8H+JL3xV4U8N6R4jivf+ETn/tFNAuPD+vSw2NzoN3rEWn38lrNJhxpdtbTxzWslzbzgH4+/DL9h79tjwd/wWA0z4qeLP2ovi18QfhrpP7IXg3StX+K9/8ABDwToPhTxdJY/Ffx1dT/AAKl1DSv+JVpt1ZWlxb+J5LqwlOuR2+rxK0QtBCzgH9E9ABQAUAFABQAUAFABQAUAFABQB//0P79PNi/56x/99r/APHKADzYv+esf/fa/wDxygA82L/nrH/32v8A8coAPNi/56x/99r/APHKADzYv+esf/fa/wDxygA82L/nrH/32v8A8coAPNi/56x/99r/APHKADzYv+esf/fa/wDxygA82L/nrH/32v8A8coAPNi/56x/99r/APHKADzYv+esf/fa/wDxygA82L/nrH/32v8A8coAPNi/56x/99r/APHKADzYv+esf/fa/wDxygA82L/nrH/32v8A8coA5/xX4d0Hxr4a1zwl4h+0z6H4j0y70fVodO1rVtAvpbC+iaC5jtda8P6lpmt6ZM8TsqXml6hZXsJO6C5icb6APlzxT+wV+yJ4ys/2eLLxB8KoJ4/2UJjcfs8z6f46+Iuhaj8MZWsbXTJjo+raD4y0zVL9LvTrK2sL+LXr7Vor+zRra9S4hmmRgD7BR4ERUWVNqKqrmTccKMDLNKWY4HLMSx6kkkmgB3mxf89Y/wDvtf8A45QBFOLa5gmt5ZQYp4pIZBHO8LmOVCj7JoZkmifax2yROkiHDRsrgGgD5o+Bf7Hv7N37Nfi34peOfgr4GuPBnin42eLb/wAefFTU38f/ABF8TL408Z6olvHf+JtV0/xf4w13TF1i5itLWB72ys7WUW9vFboVhRUoA+nPNi/56x/99r/8coAPNi/56x/99r/8coAPNi/56x/99r/8coAPNi/56x/99r/8coAPNi/56x/99r/8coAPNi/56x/99r/8coAPNi/56x/99r/8coAPNi/56x/99r/8coAPNi/56x/99r/8coAPNi/56x/99r/8coAPNi/56x/99r/8coAPNi/56x/99r/8coAPNi/56x/99r/8coAPNi/56x/99r/8coAPNi/56x/99r/8coAPNi/56x/99r/8coAPNi/56x/99r/8coAPNi/56x/99r/8coAPNi/56x/99r/8coAPNi/56x/99r/8coAPNi/56x/99r/8coAPNi/56x/99r/8coAPNi/56x/99r/8coAPNi/56x/99r/8coAPNi/56x/99r/8coAPNi/56x/99r/8coAPNi/56x/99r/8coAPNi/56x/99r/8coAPNi/56x/99r/8coAPNi/56x/99r/8coAPNi/56x/99r/8coAPNi/56x/99r/8coAPNi/56x/99r/8coAPNi/56x/99r/8coAPNi/56x/99r/8coAPNi/56x/99r/8coAPNi/56x/99r/8coAPNi/56x/99r/8coAPNi/56x/99r/8coAPNi/56x/99r/8coAPNi/56x/99r/8coAPNi/56x/99r/8coAPNi/56x/99r/8coAPNi/56x/99r/8coAPNi/56x/99r/8coAPNi/56x/99r/8coAPNi/56x/99r/8coAPNi/56x/99r/8coAPNi/56x/99r/8coAPNi/56x/99r/8coAPNi/56x/99r/8coAPNi/56x/99r/8coAPNi/56x/99r/8coAPNi/56x/99r/8coAPNi/56x/99r/8coAPNi/56x/99r/8coAPNi/56x/99r/8coAPNi/56x/99r/8coAPNi/56x/99r/8coAPNi/56x/99r/8coAPNi/56x/99r/8coAPNi/56x/99r/8coAPNi/56x/99r/8coA//9k=</file>
    </generalfeedback>
    <defaultgrade>4.0000000</defaultgrade>
    <penalty>0.0000000</penalty>
    <hidden>0</hidden>
    <idnumber></idnumber>
    <correctfeedback format="html">
      <text>Vaše odpověď je správná.</text>
    </correctfeedback>
    <partiallycorrectfeedback format="html">
      <text>Vaše odpověď je částečně správná.</text>
    </partiallycorrectfeedback>
    <incorrectfeedback format="html">
      <text>Vaše odpověď je chybná.</text>
    </incorrectfeedback>
    <shownumcorrect/>
<varsrandom><text></text>
</varsrandom>
<varsglobal><text><![CDATA[c=3;c2=c*c;  f = "t"; a=0;b=4; phi="x(4-x)"; psi="0"; alpha="0"; beta = "0";h=1; tau = 0.3; tau2=2*tau;
sigma = c*tau/h; sigma2 = sigma*sigma;
x = [a, a+h, a+2*h, a+3*h, b];
u0 = [x[0]*(4-x[0]), x[1]*(4-x[1]), x[2]*(4-x[2]), x[3]*(4-x[3]), x[4]*(4-x[4])];
u1 =[0, u0[1], u0[2] , u0[3] , 0];
u2=[0,   sigma2*(u1[0] + u1[2]) + 2*(1-sigma2)*u1[1]  -u0[1] + tau*tau*tau,  sigma2*(u1[1] + u1[3]) + 2*(1-sigma2)*u1[2]  -u0[2] + tau*tau*tau,  sigma2*(u1[2] + u1[4]) + 2*(1-sigma2)*u1[3]  -u0[3] + tau*tau*tau,  0];

]]></text>
</varsglobal>
<answernumbering><text>abc</text>
</answernumbering>
<answers>
 <partindex>
  <text>0</text>
 </partindex>
 <placeholder>
  <text></text>
 </placeholder>
 <answermark>
  <text>1</text>
 </answermark>
 <answertype>
  <text>10</text>
 </answertype>
 <numbox>
  <text>5</text>
 </numbox>
 <vars1>
  <text></text>
 </vars1>
 <answer>
  <text>u0</text>
 </answer>
 <vars2>
  <text></text>
 </vars2>
 <correctness>
  <text><![CDATA[_relerr < 0.01]]></text>
 </correctness>
 <unitpenalty>
  <text>1</text>
 </unitpenalty>
 <postunit>
  <text></text>
 </postunit>
 <ruleid>
  <text>1</text>
 </ruleid>
 <otherrule>
  <text></text>
 </otherrule>
 <subqtext format="html">
<text><![CDATA[<p>Určete hodnoty \(u\) v bodech nulté časové vrstvy:</p><p>\(u({x[0]}, 0) =\) {_0}</p><p>\(u({x[1]}, 0) = \){_1}<br></p><p> \(u({x[2]}, 0) = \){_2} <br></p><p>\(u({x[3]}, 0) = \){_3}</p><p>\(u({x[4]}, 0) = \){_4}<br></p><p><br></p><p><br></p>]]></text>
 </subqtext>
 <feedback format="html">
<text></text>
 </feedback>
 <correctfeedback format="html">
<text></text>
 </correctfeedback>
 <partiallycorrectfeedback format="html">
<text></text>
 </partiallycorrectfeedback>
 <incorrectfeedback format="html">
<text></text>
 </incorrectfeedback>
</answers>
<answers>
 <partindex>
  <text>1</text>
 </partindex>
 <placeholder>
  <text></text>
 </placeholder>
 <answermark>
  <text>1</text>
 </answermark>
 <answertype>
  <text>10</text>
 </answertype>
 <numbox>
  <text>5</text>
 </numbox>
 <vars1>
  <text></text>
 </vars1>
 <answer>
  <text>u1</text>
 </answer>
 <vars2>
  <text></text>
 </vars2>
 <correctness>
  <text><![CDATA[_relerr < 0.01]]></text>
 </correctness>
 <unitpenalty>
  <text>1</text>
 </unitpenalty>
 <postunit>
  <text></text>
 </postunit>
 <ruleid>
  <text>1</text>
 </ruleid>
 <otherrule>
  <text></text>
 </otherrule>
 <subqtext format="html">
<text><![CDATA[<p>Určete přibližné hodnoty \(U_i^1\) v bodech první časové vrstvy .</p><p></p><p>\(U({x[0]}, {tau}) =\) {_0}</p><p>\(U({x[1]}, {tau}) = \){_1}<br></p><p> \(U({x[2]}, {tau}) = \){_2} <br></p><p></p><p>\(U({x[3]}, {tau}) = \){_3}<br></p><p> \(U({x[4]}, {tau}) = \){_4} </p><br><p></p><p></p><p><br></p>]]></text>
 </subqtext>
 <feedback format="html">
<text></text>
 </feedback>
 <correctfeedback format="html">
<text></text>
 </correctfeedback>
 <partiallycorrectfeedback format="html">
<text></text>
 </partiallycorrectfeedback>
 <incorrectfeedback format="html">
<text></text>
 </incorrectfeedback>
</answers>
<answers>
 <partindex>
  <text>2</text>
 </partindex>
 <placeholder>
  <text></text>
 </placeholder>
 <answermark>
  <text>1</text>
 </answermark>
 <answertype>
  <text>10</text>
 </answertype>
 <numbox>
  <text>2</text>
 </numbox>
 <vars1>
  <text></text>
 </vars1>
 <answer>
  <text>[sigma, sigma2]</text>
 </answer>
 <vars2>
  <text></text>
 </vars2>
 <correctness>
  <text><![CDATA[_relerr < 0.01]]></text>
 </correctness>
 <unitpenalty>
  <text>1</text>
 </unitpenalty>
 <postunit>
  <text></text>
 </postunit>
 <ruleid>
  <text>1</text>
 </ruleid>
 <otherrule>
  <text></text>
 </otherrule>
 <subqtext format="html">
<text><![CDATA[<p>Určete \(\displaystyle \sigma = \frac{c\tau}{\ h}\) {_0}&nbsp; a \(\sigma^2 = \frac{c^2\tau^2}{{h^2}}\)={_1}.<br></p>]]></text>
 </subqtext>
 <feedback format="html">
<text></text>
 </feedback>
 <correctfeedback format="html">
<text></text>
 </correctfeedback>
 <partiallycorrectfeedback format="html">
<text></text>
 </partiallycorrectfeedback>
 <incorrectfeedback format="html">
<text></text>
 </incorrectfeedback>
</answers>
<answers>
 <partindex>
  <text>3</text>
 </partindex>
 <placeholder>
  <text></text>
 </placeholder>
 <answermark>
  <text>1</text>
 </answermark>
 <answertype>
  <text>10</text>
 </answertype>
 <numbox>
  <text>2</text>
 </numbox>
 <vars1>
  <text></text>
 </vars1>
 <answer>
  <text>[u2[1], u2[2]]</text>
 </answer>
 <vars2>
  <text></text>
 </vars2>
 <correctness>
  <text><![CDATA[_relerr < 0.01]]></text>
 </correctness>
 <unitpenalty>
  <text>1</text>
 </unitpenalty>
 <postunit>
  <text></text>
 </postunit>
 <ruleid>
  <text>1</text>
 </ruleid>
 <otherrule>
  <text></text>
 </otherrule>
 <subqtext format="html">
<text><![CDATA[<p></p><p>Určete přibližné hodnoty \(U({x[1]},{tau2})\)&nbsp; a \(U({x[2]},{tau2})\) explicitní metodou.</p><p></p><p>\(U({x[1]}, {tau2}) =\) {_0}</p><p>\(U({x[2]}, {tau2}) =\) {_1}<br></p><p></p>]]></text>
 </subqtext>
 <feedback format="html">
<text></text>
 </feedback>
 <correctfeedback format="html">
<text></text>
 </correctfeedback>
 <partiallycorrectfeedback format="html">
<text></text>
 </partiallycorrectfeedback>
 <incorrectfeedback format="html">
<text></text>
 </incorrectfeedback>
</answers>
  </question>

<!-- question: 140172  -->
  <question type="formulas">
    <name>
      <text>vlna 6</text>
    </name>
    <questiontext format="html">
      <text><![CDATA[<p>Je dána smíšená úloha pro vlnovou rovnici</p><p>$$
\frac{\partial^{2} u}{\partial t^{2}}={c2}\frac{\partial^{2} u}{\partial x^{2}}+{f}\quad \mbox{ v oblasti&nbsp; }\Omega=\{[x,t]:x\in({a},\ {b}),\ t&gt;0\},$$ s počátečními a okrajovými podmínkami</p><p>
$$\left.
\begin{array}{rcl}
u(x,0) &amp;=&amp; {phi} \\
\frac{\partial u}{\partial t}(x,0) &amp;=&amp; {psi}
\end{array}
\right\} x \in \langle {a},\ {b} \rangle, \quad&nbsp; \left.
\begin{array}{rcl}
u({a},\ t) &amp;=&amp;{alpha} \\ u({b},\ t) &amp;=&amp; {beta}
\end{array}
\right\} t \in \langle 0,\ \infty ) $$</p><p>Jsou zadané kroky: prostorový \(h = {h}\) a časový \(\tau = {tau}\)<br></p>]]></text>
    </questiontext>
    <generalfeedback format="html">
      <text><![CDATA[<p>Hodnoty v nulté časové vrstvě \(U_i^0\) počítáme z počáteční podmínky pro polohu: \(U_i^0 = \varphi(x_i)\).</p><p>Hodnoty v první časové vrstvě \(U_i^1\) lze počítat z počátečních podmínek pro polohu a pro rychlost: \(U_i^1 = \varphi(x_i) + \tau\psi(x_i)\), v krajních bodech [{x[0]},{tau}] a&nbsp;[{x[4]},{tau}] z okrajových podmínek.</p><p>Hodnotu v bodě [{x[3]}, {tau2}]&nbsp; druhé časové vrstvy počítáme:<br></p><p>$$U_3^{2} = {sigma2} U({x[2]}, {tau}) +2 \left( 1-{sigma2}\right)U({x[3]},{tau}) +{sigma2}U({x[4]},{tau}) - U({x[3]},{0}) + {tau}^{2} f({x[3]},{tau})$$</p><p><img src="@@PLUGINFILE@@/vlna6_moodle.jpg" alt="" role="presentation" class="img-responsive atto_image_button_right" width="250" height="165"><br></p>]]></text>
<file name="vlna4_moodle.jpg" path="/" encoding="base64">/9j/4AAQSkZJRgABAQAASABIAAD/4QBMRXhpZgAATU0AKgAAAAgAAgESAAMAAAABAAEAAIdpAAQAAAABAAAAJgAAAAAAAqACAAQAAAABAAACKKADAAQAAAABAAABYAAAAAD/4QkhaHR0cDovL25zLmFkb2JlLmNvbS94YXAvMS4wLwA8P3hwYWNrZXQgYmVnaW49Iu+7vyIgaWQ9Ilc1TTBNcENlaGlIenJlU3pOVGN6a2M5ZCI/PiA8eDp4bXBtZXRhIHhtbG5zOng9ImFkb2JlOm5zOm1ldGEvIiB4OnhtcHRrPSJYTVAgQ29yZSA1LjQuMCI+IDxyZGY6UkRGIHhtbG5zOnJkZj0iaHR0cDovL3d3dy53My5vcmcvMTk5OS8wMi8yMi1yZGYtc3ludGF4LW5zIyI+IDxyZGY6RGVzY3JpcHRpb24gcmRmOmFib3V0PSIiLz4gPC9yZGY6UkRGPiA8L3g6eG1wbWV0YT4gICAgICAgICAgICAgICAgICAgICAgICAgICAgICAgICAgICAgICAgICAgICAgICAgICAgICAgICAgICAgICAgICAgICAgICAgICAgICAgICAgICAgICAgICAgICAgICAgICAgICAgICAgICAgICAgICAgICAgICAgICAgICAgICAgICAgICAgICAgICAgICAgICAgICAgICAgICAgICAgICAgICAgICAgICAgICAgICAgICAgICAgICAgICAgICAgICAgICAgICAgICAgICAgICAgICAgICAgICAgICAgICAgICAgICAgICAgICAgICAgICAgICAgICAgICAgICAgICAgICAgICAgICAgICAgICAgICAgICAgICAgICAgICAgICAgICAgICAgICAgICAgICAgICAgICAgICAgICAgICAgICAgICAgICAgICAgICAgICAgICAgICAgICAgICAgICAgICAgICAgICAgICAgICAgICAgICAgICAgICAgICAgICAgICAgICAgICAgICAgICAgICAgICAgICAgICAgICAgICAgICAgICAgICAgICAgICAgICAgICAgICAgICAgICAgICAgICAgICAgICAgICAgICAgICAgICAgICAgICAgICAgICAgICAgICAgICAgICAgICAgICAgICAgICAgICAgICAgICAgICAgICAgICAgICAgICAgICAgICAgICAgICAgICAgICAgICAgICAgICAgICAgICAgICAgICAgICAgICAgICAgICAgICAgICAgICAgICAgICAgICAgICAgICAgICAgICAgICAgICAgICAgICAgICAgICAgICAgICAgICAgICAgICAgICAgICAgICAgICAgICAgICAgICAgICAgICAgICAgICAgICAgICAgICAgICAgICAgICAgICAgICAgICAgICAgICAgICAgICAgICAgICAgICAgICAgICAgICAgICAgICAgICAgICAgICAgICAgICAgICAgICAgICAgICAgICAgICAgICAgICAgICAgICAgICAgICAgICAgICAgICAgICAgICAgICAgICAgICAgICAgICAgICAgICAgICAgICAgICAgICAgICAgICAgICAgICAgICAgICAgICAgICAgICAgICAgICAgICAgICAgICAgICAgICAgICAgICAgICAgICAgICAgICAgICAgICAgICAgICAgICAgICAgICAgICAgICAgICAgICAgICAgICAgICAgICAgICAgICAgICAgICAgICAgICAgICAgICAgICAgICAgICAgICAgICAgICAgICAgICAgICAgICAgICAgICAgICAgICAgICAgICAgICAgICAgICAgICAgICAgICAgICAgICAgICAgICAgICAgICAgICAgICAgICAgICAgICAgICAgICAgICAgICAgICAgICAgICAgICAgICAgICAgICAgICAgICAgICAgICAgICAgICAgICAgICAgICAgICAgICAgICAgICAgICAgICAgICAgICAgICAgICAgICAgICAgICAgICAgICAgICAgICAgICAgICAgICAgICAgICAgICAgICAgICAgICAgICAgICAgICAgICAgICAgICAgICAgICAgICAgICAgICAgICAgICAgICAgICAgICAgICAgICAgICAgICAgICAgICAgICAgICAgICAgICAgICAgICAgICAgICAgICAgICAgICAgICAgICAgICAgICAgICAgICAgICAgICAgICAgICAgICAgICAgICAgICAgICAgICAgICAgICAgICAgICAgICAgICAgICAgICAgICAgICAgICAgICAgICAgICAgICAgICAgICAgICAgICAgICAgICAgICAgICAgICAgICAgICAgICAgICAgICAgICAgICAgICAgICAgICAgICAgICAgICAgICAgICAgICAgICAgICAgICAgICAgICAgICAgICAgICAgICAgICAgICAgICAgICAgICAgICAgICAgICAgICAgICAgICAgICAgICAgICAgICAgICAgICAgICAgICAgICAgICAgICAgICAgICAgICAgICAgICAgICAgICAgICAgICAgICAgICAgICAgICAgICAgICAgICAgICAgICAgICAgICAgICAgICAgICAgICAgICAgICAgICAgICAgICAgICAgICAgICAgICAgICAgICAgICAgICAgICAgICAgICAgICAgICAgICAgICAgICAgICAgICAgICAgICAgICAgICAgICAgICAgICAgICAgICAgICAgICAgICAgICAgICAgICAgICAgICAgICAgICAgICAgICAgICAgICAgICAgICAgICAgICAgICAgICAgICAgICAgICAgICAgICAgICAgICAgICAgICAgICAgICAgICAgICAgICAgICAgICAgICAgICAgICAgICAgICAgICAgICAgICAgICAgICAgICAgICAgICAgICAgICAgICAgICAgICAgICAgICAgICAgICAgICAgICAgICAgICAgICAgICAgICAgICAgICAgICAgICAgICAgICAgICAgICAgICAgICAgICAgICAgICAgICAgICAgICAgICAgICAgICAgICAgICAgICAgICAgICAgICAgICAgICAgICAgICAgICAgICAgICAgICAgICAgICAgICAgICA8P3hwYWNrZXQgZW5kPSJ3Ij8+AP/tADhQaG90b3Nob3AgMy4wADhCSU0EBAAAAAAAADhCSU0EJQAAAAAAENQdjNmPALIE6YAJmOz4Qn7/4htESUNDX1BST0ZJTEUAAQEAABs0YXBwbAIQAABtbnRyUkdCIFhZWiAH5AABAAEACAAyADRhY3NwQVBQTAAAAABBUFBMAAAAAAAAAAAAAAAAAAAAAAAA9tYAAQAAAADTLWFwcGwAAAAAAAAAAAAAAAAAAAAAAAAAAAAAAAAAAAAAAAAAAAAAAAAAAAAAAAAAAAAAABFkZXNjAAABUAAAAGJkc2NtAAABtAAABDZjcHJ0AAAF7AAAACN3dHB0AAAGEAAAABRyWFlaAAAGJAAAABRnWFlaAAAGOAAAABRiWFlaAAAGTAAAABRyVFJDAAAGYAAACAxhYXJnAAAObAAAACB2Y2d0AAAOjAAABhJuZGluAAAUoAAABj5jaGFkAAAa4AAAACxtbW9kAAAbDAAAAChiVFJDAAAGYAAACAxnVFJDAAAGYAAACAxhYWJnAAAObAAAACBhYWdnAAAObAAAACBkZXNjAAAAAAAAAAhEaXNwbGF5AAAAAAAAAAAAAAAAAAAAAAAAAAAAAAAAAAAAAAAAAAAAAAAAAAAAAAAAAAAAAAAAAAAAAAAAAAAAAAAAAAAAAAAAAAAAAAAAAAAAAAAAAAAAbWx1YwAAAAAAAAAjAAAADGhySFIAAAAUAAABtGtvS1IAAAAMAAAByG5iTk8AAAASAAAB1GlkAAAAAAASAAAB5mh1SFUAAAAUAAAB+GNzQ1oAAAAWAAACDGRhREsAAAAcAAACIm5sTkwAAAAWAAACPmZpRkkAAAAQAAACVGl0SVQAAAAUAAACZHJvUk8AAAASAAACeGVzRVMAAAASAAACeGFyAAAAAAAUAAACinVrVUEAAAAcAAACnmhlSUwAAAAWAAACunpoVFcAAAAMAAAC0HZpVk4AAAAOAAAC3HNrU0sAAAAWAAAC6npoQ04AAAAMAAAC0HJ1UlUAAAAkAAADAGZyRlIAAAAWAAADJG1zAAAAAAASAAADOmhpSU4AAAASAAADTHRoVEgAAAAMAAADXmNhRVMAAAAYAAADamVzWEwAAAASAAACeGRlREUAAAAQAAADgmVuVVMAAAASAAADknB0QlIAAAAYAAADpHBsUEwAAAASAAADvGVsR1IAAAAiAAADznN2U0UAAAAQAAAD8HRyVFIAAAAUAAAEAHB0UFQAAAAWAAAEFGphSlAAAAAMAAAEKgBMAEMARAAgAHUAIABiAG8AagBpzuy37AAgAEwAQwBEAEYAYQByAGcAZQAtAEwAQwBEAEwAQwBEACAAVwBhAHIAbgBhAFMAegDtAG4AZQBzACAATABDAEQAQgBhAHIAZQB2AG4A/QAgAEwAQwBEAEwAQwBEAC0AZgBhAHIAdgBlAHMAawDmAHIAbQBLAGwAZQB1AHIAZQBuAC0ATABDAEQAVgDkAHIAaQAtAEwAQwBEAEwAQwBEACAAYwBvAGwAbwByAGkATABDAEQAIABjAG8AbABvAHIgDwBMAEMARAAgBkUGRAZIBkYGKQQaBD4EOwRMBD4EQAQ+BDIEOAQ5ACAATABDAEQgDwBMAEMARAAgBeYF0QXiBdUF4AXZX2mCcgAgAEwAQwBEAEwAQwBEACAATQDgAHUARgBhAHIAZQBiAG4A/QAgAEwAQwBEBCYEMgQ1BEIEPQQ+BDkAIAQWBBoALQQ0BDgEQQQ/BDsENQQ5AEwAQwBEACAAYwBvAHUAbABlAHUAcgBXAGEAcgBuAGEAIABMAEMARAkwCQIJFwlACSgAIABMAEMARABMAEMARAAgDioONQBMAEMARAAgAGUAbgAgAGMAbwBsAG8AcgBGAGEAcgBiAC0ATABDAEQAQwBvAGwAbwByACAATABDAEQATABDAEQAIABDAG8AbABvAHIAaQBkAG8ASwBvAGwAbwByACAATABDAEQDiAOzA8cDwQPJA7wDtwAgA78DuAPMA70DtwAgAEwAQwBEAEYA5AByAGcALQBMAEMARABSAGUAbgBrAGwAaQAgAEwAQwBEAEwAQwBEACAAYQAgAEMAbwByAGUAczCrMOkw/ABMAEMARAAAdGV4dAAAAABDb3B5cmlnaHQgQXBwbGUgSW5jLiwgMjAyMAAAWFlaIAAAAAAAAPNSAAEAAAABFs9YWVogAAAAAAAAYWwAADgyAAAKQlhZWiAAAAAAAABvHAAArpUAABaZWFlaIAAAAAAAACZOAAAZOQAAslJjdXJ2AAAAAAAABAAAAAAFAAoADwAUABkAHgAjACgALQAyADYAOwBAAEUASgBPAFQAWQBeAGMAaABtAHIAdwB8AIEAhgCLAJAAlQCaAJ8AowCoAK0AsgC3ALwAwQDGAMsA0ADVANsA4ADlAOsA8AD2APsBAQEHAQ0BEwEZAR8BJQErATIBOAE+AUUBTAFSAVkBYAFnAW4BdQF8AYMBiwGSAZoBoQGpAbEBuQHBAckB0QHZAeEB6QHyAfoCAwIMAhQCHQImAi8COAJBAksCVAJdAmcCcQJ6AoQCjgKYAqICrAK2AsECywLVAuAC6wL1AwADCwMWAyEDLQM4A0MDTwNaA2YDcgN+A4oDlgOiA64DugPHA9MD4APsA/kEBgQTBCAELQQ7BEgEVQRjBHEEfgSMBJoEqAS2BMQE0wThBPAE/gUNBRwFKwU6BUkFWAVnBXcFhgWWBaYFtQXFBdUF5QX2BgYGFgYnBjcGSAZZBmoGewaMBp0GrwbABtEG4wb1BwcHGQcrBz0HTwdhB3QHhgeZB6wHvwfSB+UH+AgLCB8IMghGCFoIbgiCCJYIqgi+CNII5wj7CRAJJQk6CU8JZAl5CY8JpAm6Cc8J5Qn7ChEKJwo9ClQKagqBCpgKrgrFCtwK8wsLCyILOQtRC2kLgAuYC7ALyAvhC/kMEgwqDEMMXAx1DI4MpwzADNkM8w0NDSYNQA1aDXQNjg2pDcMN3g34DhMOLg5JDmQOfw6bDrYO0g7uDwkPJQ9BD14Peg+WD7MPzw/sEAkQJhBDEGEQfhCbELkQ1xD1ERMRMRFPEW0RjBGqEckR6BIHEiYSRRJkEoQSoxLDEuMTAxMjE0MTYxODE6QTxRPlFAYUJxRJFGoUixStFM4U8BUSFTQVVhV4FZsVvRXgFgMWJhZJFmwWjxayFtYW+hcdF0EXZReJF64X0hf3GBsYQBhlGIoYrxjVGPoZIBlFGWsZkRm3Gd0aBBoqGlEadxqeGsUa7BsUGzsbYxuKG7Ib2hwCHCocUhx7HKMczBz1HR4dRx1wHZkdwx3sHhYeQB5qHpQevh7pHxMfPh9pH5Qfvx/qIBUgQSBsIJggxCDwIRwhSCF1IaEhziH7IiciVSKCIq8i3SMKIzgjZiOUI8Ij8CQfJE0kfCSrJNolCSU4JWgllyXHJfcmJyZXJocmtyboJxgnSSd6J6sn3CgNKD8ocSiiKNQpBik4KWspnSnQKgIqNSpoKpsqzysCKzYraSudK9EsBSw5LG4soizXLQwtQS12Last4S4WLkwugi63Lu4vJC9aL5Evxy/+MDUwbDCkMNsxEjFKMYIxujHyMioyYzKbMtQzDTNGM38zuDPxNCs0ZTSeNNg1EzVNNYc1wjX9Njc2cjauNuk3JDdgN5w31zgUOFA4jDjIOQU5Qjl/Obw5+To2OnQ6sjrvOy07azuqO+g8JzxlPKQ84z0iPWE9oT3gPiA+YD6gPuA/IT9hP6I/4kAjQGRApkDnQSlBakGsQe5CMEJyQrVC90M6Q31DwEQDREdEikTORRJFVUWaRd5GIkZnRqtG8Ec1R3tHwEgFSEtIkUjXSR1JY0mpSfBKN0p9SsRLDEtTS5pL4kwqTHJMuk0CTUpNk03cTiVObk63TwBPSU+TT91QJ1BxULtRBlFQUZtR5lIxUnxSx1MTU19TqlP2VEJUj1TbVShVdVXCVg9WXFapVvdXRFeSV+BYL1h9WMtZGllpWbhaB1pWWqZa9VtFW5Vb5Vw1XIZc1l0nXXhdyV4aXmxevV8PX2Ffs2AFYFdgqmD8YU9homH1YklinGLwY0Njl2PrZEBklGTpZT1lkmXnZj1mkmboZz1nk2fpaD9olmjsaUNpmmnxakhqn2r3a09rp2v/bFdsr20IbWBtuW4SbmtuxG8eb3hv0XArcIZw4HE6cZVx8HJLcqZzAXNdc7h0FHRwdMx1KHWFdeF2Pnabdvh3VnezeBF4bnjMeSp5iXnnekZ6pXsEe2N7wnwhfIF84X1BfaF+AX5ifsJ/I3+Ef+WAR4CogQqBa4HNgjCCkoL0g1eDuoQdhICE44VHhauGDoZyhteHO4efiASIaYjOiTOJmYn+imSKyoswi5aL/IxjjMqNMY2Yjf+OZo7OjzaPnpAGkG6Q1pE/kaiSEZJ6kuOTTZO2lCCUipT0lV+VyZY0lp+XCpd1l+CYTJi4mSSZkJn8mmia1ZtCm6+cHJyJnPedZJ3SnkCerp8dn4uf+qBpoNihR6G2oiailqMGo3aj5qRWpMelOKWpphqmi6b9p26n4KhSqMSpN6mpqhyqj6sCq3Wr6axcrNCtRK24ri2uoa8Wr4uwALB1sOqxYLHWskuywrM4s660JbSctRO1irYBtnm28Ldot+C4WbjRuUq5wro7urW7LrunvCG8m70VvY++Cr6Evv+/er/1wHDA7MFnwePCX8Lbw1jD1MRRxM7FS8XIxkbGw8dBx7/IPci8yTrJuco4yrfLNsu2zDXMtc01zbXONs62zzfPuNA50LrRPNG+0j/SwdNE08bUSdTL1U7V0dZV1tjXXNfg2GTY6Nls2fHadtr724DcBdyK3RDdlt4c3qLfKd+v4DbgveFE4cziU+Lb42Pj6+Rz5PzlhOYN5pbnH+ep6DLovOlG6dDqW+rl63Dr++yG7RHtnO4o7rTvQO/M8Fjw5fFy8f/yjPMZ86f0NPTC9VD13vZt9vv3ivgZ+Kj5OPnH+lf65/t3/Af8mP0p/br+S/7c/23//3BhcmEAAAAAAAMAAAACZmYAAPKnAAANWQAAE9AAAApbdmNndAAAAAAAAAAAAAMBAAACAAAAVgEuAesCxAODBFMFQAYnBxoIGAkfCj0LTgxrDZAOuQ/sES0SZROjFOMWKhd5GL8aDxtXHKQd8x88IIQhzSMRJFIljSbLKAApMypmK5csyi33LygwUTGAMqsz1TUCNjE3XTiKObY64TwNPTg+YD+JQLFB3EMIRDZFY0aQR7hI3koBSyRMR01qTo9PtFDYUfhTFlQzVU9WbVeNWK5Zy1rhW/Bc9137XwBgCmEZYi1jQWRSZV9mZWdhaFNpPGogawFr4Gy/baBug29ocFBxOHIgcwhz73TWdb52qHeTeH55bHpZe0l8PX03fjZ/OYBBgUuCV4NlhHSFhYaUh6SIs4nAisyL1ozfjeeO7Y/ykPWR9pL1k/WU+pYElxWYLJlHmmObf5yYna6ev5/LoNSh2qLgo+mk9KYDpxWoKqlCqlyrd6yUrbKu0a/xsRGyM7NTtHO1kLapt7q4wbnDusC7u7y1va++qb+jwJ3BlcKKw3zEasVTxjbHGMf5yODJz8rGy8PMwc28zq/PmNBz0UPSDdLT05vUZtU11gXW19eo2HbZQNoG2sfbgNw13Ofdkd473uPfjeA74Ovhn+JS4wPjr+RV5PnllOYs5r/nUufk6IXpL+nk6qjrbuwz7PXtr+5j7xHvtfBQ8ObxfPIX8sbzj/Ru9WH2ZveK+OT6xf0u//8AAABWASMBsAJqAzID6ASxBYAGWAc9CC0JJwonCyIMMA06DlEPYxB+EZ8SvhPpFRAWOBdhGIgZtBreHAsdMx5bH4AgoSG/Itsj9SULJh8nNShJKWAqeSuTLLEtzC7oMAQxITI8M1o0dDWLNqQ3uTjNOeI69DwGPRs+MT9NQGxBj0KwQ9BE7UYIRx1IMklFSlVLY0xuTXhOfk+DUIVRhlKIU4pUjFWKVoRXeVhoWVRaRFs/XEZdWl53X5VgsGHCYspjxWS1ZZxme2dXaDBpDGnsatBrumypbZtuj2+CcHJxXHJAcx9z+3TVda12hndieEV5MHokex18GX0VfhB/Bn/2gOKByoKxg5WEd4VdhkqHRIhMiWGKgYuljMaN3o7uj/WQ95H1kvOT8JTtleyW7pf4mRCaOZtunKadzp7jn+mg5aHfotmj0aTIpb6mvKfKqO2qIatdrJyt2a8UsE6xiLLCs/m1LrZkt5u40roFuzS8X72Fvqa/vMC+warCkMN9xHfFgMaPx53Io8meyo7LdcxTzS3OBM7az7LQi9Fq0lHTRdRF1VHWYtd12ITZh9p922bcQ90a3ezeud+H4FjhLeII4ubjw+Sd5XHmQOcM59Too+l/6mnrZOxo7W3ucO9w8HDxcvJ283n0d/Vp9kf3D/ez+EX4y/la+e360PwM/dr//wAAACsAxAFLAdgCZQMGA48EKwTPBXoGLwbpB6UIaAkvCfkKygufDHcNUg4yDw4P9hDZEcASqROTFH0VZxZSFz0YKRkVGfwa6BvSHL4drh6jH5sgliGUIo8jhiR2JWEmRScgJ/gozCmfKnMrSCwhLQIt6S7XL8gwujGqMpgzgDRgNTk2BjbPN5U4WDkZOdk6nTtkPDI9Bj3ePrY/j0BoQURCJkMQRABE80XnRtZHu0iWSWVKJUrgS5hMT00HTcNOg09JUBhQ6lG+UpNTaFQ7VQ1V3latV3xYSlkVWd9aqFtvXDVc+V29XoBfQ2AIYNFhnGJrYzxkDGTaZadmcWc4Z/xov2mAakBrAGvAbIFtQ24EbsVvhXBBcPhxq3JZcwFzqXRPdPR1mHY8dt53gHgdeL15YHoWetp7q3yDfVh+KH72f8OAk4FngkSDKoQYhQuGAIb0h+OIzYmvioyLYYw0jQeN2o6wj4qQa5FHkhKSxpNbk+yUepVBlkKXiJkImoqb5J0ZnjKfOaA5oTWiL6MopCGlGaYRpwqoCakPqiGrPaxgrYeura/TsPyyKLNatJK10bcUuFm5nLrXvAW9Kb5Hv2LAf8Gewr7D38T/xiHHQ8hnyYzKscvWzP3OKc9b0JfR3tMy1I3V7tdT2LnaIduV3S/fDuF35Ivoee1O8vb5Uf//AABuZGluAAAAAAAABjYAAJOVAABWjQAAVukAAJG3AAAmuwAAFwoAAFANAABUOQACh64AAkeuAAFrhQADAQAAAgAAAAEABAAIAA8AFgAfACkANABAAEwAWgBpAHgAiQCaAKwAvgDSAOYA/AESASkBQAFZAXMBjQGpAcUB4wIBAiECQgJkAocCrALSAvoDIwNNA3oDqAPXBAgEOgRtBKME2QUSBUsFhgXDBgEGQAaABsIHBQdKB5AH2AghCGwIuQkHCVcJqAn6Ck0KoQr3C04LqAwEDGIMww0lDYkN7g5UDrwPJQ+REAAQcRDkEVkRzxJGEr0TOBO2FDoUwxVSFeMWdRcGF5YYJhi4GU4Z6BqIGzEb4xyfHWIeKx74H8YglSFkIjQjBiPbJLMljyZsJ0soKykNKfAq1Su7LJ4tfi5cLzkwFDDwMc0yqjOJNGg1SjYuNxU3/zjtOd460jvKPMU9xD7HP85A2kHoQvZEAEUGRghHCEgISQlKDEsUTCFNNE5OT25QlFG8UuVUDVU0VllXfVigWcRa51wLXTBeVl98YKRhzmL4ZCRlU2aFZ7xo+mpDa5ls+W5jb9JxRnK8dDR1r3cteLF6PHvQfW9/HIDWgpSETIX2h5SJLIrFjGWOFY/fkc2T3ZX/mCCaOZxMnl+geaKgpNqnLamgrDCu4LGhtF63C7muvF2/K8IfxUbIoswMzyjR9tSR1yjZ0dye35fi0uZg6fntEu+s8gD0MPY59//5ivq4+9T8u/2j/nD/N///AAAAAQAFAAoAEgAbACYAMgA/AE0AXABtAH4AkQCkALkAzwDlAP0BFgEvAUoBZgGDAaIBwQHiAgQCJwJMAnICmgLDAu8DHANLA3wDrwPkBBoEUgSLBMUFAQU9BXsFuwX8Bj8GgwbJBxAHWQelB/IIQQiTCOYJOwmTCewKRgqhCvwLWAu0DBIMcgzUDTkNoA4LDngO5w9ZD84QRhDAET4RvxJDEsoTUxPdFGoU+hWPFioWyxdxGBYYthlRGeYaeRsNG6QcQBzkHZEeSh8OH90gsyGOImkjQiQYJOslvSaQJ2YoQiklKhIrCCwFLQguDi8SMBExCDH5Mugz1zTKNcE2wTfKONs58jsOPDA9UT5pP3RAckFoQlhDR0Q5RTRGOEdHSF9JfkqhS8dM8E4bT0VQa1GGUpRTl1SVVZRWoFe/WPFaNVuAXM1eHl90YM9iI2NmZJVltWbOZ+Ro+2oWazNsVG12bppvwHDqchdzRnR2dad22ngQeU16j3vYfSZ+fX/jgWeDEITKhnSIBomHiwSMiI4bj8ORgpNYlUOXO5k7mzudOZ8poQSixqR2phunvaliqxWs3a7FsM+y9bUxt3y5y7wPvkTAcsKmxOnHQsmyzDHOnNDd0vTU8dbn2OPa6Nz03wHhCuMU5STnSOmW7DfvivOm92z5zvuE/MP99P75//8AAAACAAgAEQAeAC0APgBRAGYAfQCWALAAzADqAQkBKwFNAXIBmAHAAeoCFgJEAnQCpgLaAxEDSQOEA8AD/QQ7BHoEugT8BUEFigXXBikGgQbdBz4HoggICG8I1Ak5CZ0KAgpqCtULRAu7DDkMwQ1QDeYOgg8hD8AQXBD2EZASLRLNE24UDRSoFUIV3BZ5Fx4XzhiOGWIaQhsqHBQc+x3dHrgfkiBtIUwiMCMYJAYk+SXxJu8n8yj9Kg4rJCxALWAugC+dMLgx0zLzNBo1STaCN8M5DDpcO7A9Bz5gP75BIkKTRBZFrkdaSRFK0UyaTm9QVVIyU9pVWlbMWEhZ01tmXPheg2ABYXBi1WQ3ZZxnCWiBagpro21NbwBwt3JvdB51w3d1eWR77n6kgHmB1oL8hAKFCIYQhzOIc4nUi1WM6Y6IkC6R2ZOIlTuW8Zipml6cCp2nnzegvaI/o8ClRKbKqFCp1KtUrNCuRq+5sSiyl7QItX22/LiJuia70L2CvzbA6cKcxE/GBMe7yXPLK8zkzp7QWNIU09LVj9dK2P/arNxP3ejfdeD94oLkA+WC5wLog+oE63/s7u5G73nwnfGN8nXzRPP39Kr1TvXb9mj29vd29+n4XPjP+UP5q/oN+nD60vs1+5j78fxJ/KL8+/1U/a3+A/5Y/qz/Af9V/6r//wAAc2YzMgAAAAAAAQxCAAAF3v//8yYAAAeSAAD9kf//+6L///2jAAAD3AAAwGxtbW9kAAAAAAAABhAAAJzfAAAAAMoq1YAAAAAAAAAAAAAAAAAAAAAA/8AAEQgBYAIoAwERAAIRAQMRAf/EAB8AAAEFAQEBAQEBAAAAAAAAAAABAgMEBQYHCAkKC//EALUQAAIBAwMCBAMFBQQEAAABfQECAwAEEQUSITFBBhNRYQcicRQygZGhCCNCscEVUtHwJDNicoIJChYXGBkaJSYnKCkqNDU2Nzg5OkNERUZHSElKU1RVVldYWVpjZGVmZ2hpanN0dXZ3eHl6g4SFhoeIiYqSk5SVlpeYmZqio6Slpqeoqaqys7S1tre4ubrCw8TFxsfIycrS09TV1tfY2drh4uPk5ebn6Onq8fLz9PX29/j5+v/EAB8BAAMBAQEBAQEBAQEAAAAAAAABAgMEBQYHCAkKC//EALURAAIBAgQEAwQHBQQEAAECdwABAgMRBAUhMQYSQVEHYXETIjKBCBRCkaGxwQkjM1LwFWJy0QoWJDThJfEXGBkaJicoKSo1Njc4OTpDREVGR0hJSlNUVVZXWFlaY2RlZmdoaWpzdHV2d3h5eoKDhIWGh4iJipKTlJWWl5iZmqKjpKWmp6ipqrKztLW2t7i5usLDxMXGx8jJytLT1NXW19jZ2uLj5OXm5+jp6vLz9PX29/j5+v/bAEMAAQEBAQEBAQEBAQEBAQEBAQEBAQEBAQEBAQEBAQEBAQEBAQEBAQEBAQEBAQEBAQEBAQEBAQEBAQEBAQEBAQEBAf/bAEMBAQEBAQEBAQEBAQEBAQEBAQEBAQEBAQEBAQEBAQEBAQEBAQEBAQEBAQEBAQEBAQEBAQEBAQEBAQEBAQEBAQEBAf/dAAQARf/aAAwDAQACEQMRAD8A/v4oAKACgAoAKACgAoA/li+EH/BRu/8AEv8Awc+/tGfsoyeKhN8NU/Za8MfCjw5pu1Ps7fEb4XPb+O9T02JvNP8Ap1vqvj34ji4cRCWSOwWGQ7LSIUAf1O0AFABQAUAFABQAUAFABQAUAFABQAUAFABQAUAFABQAUAFABQAUAFABQAUAFABQAUAFABQAUAFABQAUAFABQAUAFABQAUAFABQAUAFABQAUAFABQAUAFABQAUAFABQAUAFABQAUAFABQAUAf//Q/v4oAKACgAoAKACgDn/FnibR/BXhXxL4y8Q3SWOgeEvD+s+JtcvZCBHZ6PoOnXOq6ndOTgBLeytZ5WJOAE5xQB/mhfBlfG/gj9tj4f8A/BTfXYJLPxlefEb4IftdfEjVXLBbX4K/tWftGfHj4barqEsh5+yQ+CvHHgybDkwBLaMJ9yLaAf6alldwahZ2l/bOJLa9toLu3kHR4LmJZonHs0bqw+tAFmgAoAKACgAoAKACgAoAKACgAoAKACgAoAKACgAoAKACgAoAKACgAoAKACgAoAKACgAoAKACgAoAKACgAoAKACgAoAKACgAoAKACgAoAKACgAoAKACgAoAKACgAoAKACgAoAKACgAoAKAP/R/v4oAKACgD5i+N/7Yn7PX7PfjX4U/DT4m/Ejw5onxG+NXi628HfDzwQ+qWA8RaxfS2N7ql1qMthJcRyafoenabp13dXerXnlWuUitoneeZEoA+nFZXVXRgysAyspBVlYZDKRkEEEEEHBByM5FAC0AfnT/wAFZ4fjHqn/AATz/ab8G/ADwpr3jL4s/E/wPD8JPC+keHrV7q9hh+KWuaV4F8SaxOEZWg0/RPCmua5ql7cg5hhtSww2DQB+G/xD/Ys0Txh+0t+2j+xD4c0tmtrf/gif8DPhv4J0uNFEkXirwbqXjy+8DJGF+5Lb+MND0WRGTDq8e9CHANAH9Ff7CPiP4m+K/wBjj9mzW/jP4V1zwT8WLj4P+B4PiH4X8RWjWWr6R4ustDtLPW7a6t2JKkXsErRtn542R+M0AfWdABQAUAFABQAUAFABQAUAFABQAUAFABQAUAFABQAUAFABQAUAFABQAUAFABQAUAFABQAUAFABQAUAFABQAUAFABQAUAFABQAUAFABQAUAFABQAUAFABQAUAFABQAUAFABQAUAFABQAUAf/9L+/igAoAKAPwO+JXhH4WftL/8ABd3wTpHirwt4G8QaP+xb+yQmo6x/bugaJf3178Z/2hvEN3d+ELKeW7s55tRbRfhr4HutR0+0uGlXT/7WmurdIGlDygH73oiRoscaqiIqoiIoVERRhVVVwqqoACqBgDgYxQA6gAoA/E74f/8AKfH9o3/swL4Df+rE+IlAH7Y0AFABQAUAFABQAUAFABQAUAFABQAUAFABQAUAFABQAUAFABQAUAFABQAUAFABQAUAFABQAUAFABQAUAFABQAUAFABQAUAFABQAUAFABQAUAFABQAUAFABQAUAFABQAUAFABQAUAFABQAUAf/T/v4oAKACgDwHQP2XPgJ4X+PHj39pvQ/hvotl8dPidpnh3R/HHxCWXUJdV13TvCelRaH4egntp7yTTIX0vSoEsba5trGC7W3MkXnMk0u8A9+oAKACgD8Tvh//AMp8f2jf+zAvgN/6sT4iUAftjQAUAFABQAUAFABQAUAFABQAUAFABQAUAFABQAUAFABQAUAFABQAUAFABQAUAFABQAUAFABQAUAFABQAUAFABQAUAFABQAUAFABQAUAFABQAUAFABQAUAFABQAUAFABQAUAFABQAUAFABQB//9T+/igAoAKACgAoAKACgD8Tvh//AMp8f2jf+zAvgN/6sT4iUAftjQAUAFABQAUAFABQAUAFABQAUAFABQAUAFABQAUAFABQAUAFABQAUAFABQAUAFABQAUAFABQAUAFABQAUAFABQAUAFABQAUAFABQAUAFABQAUAFABQAUAFABQAUAFABQAUAFABQAUAFABQB//9X+/igAoAKACgAoAKACgD8Tvh//AMp8f2jf+zAvgN/6sT4iUAftjQAUAFABQAUAFABQAUAFABQAUAFABQAUAFABQAUAFABQAUAFABQAUAFABQAUAFABQAUAFABQAUAFABQAUAFABQAUAFABQAUAFABQAUAFABQAUAFABQAUAFABQAUAFABQAUAFABQAUAFABQB//9b+/igAoAKACgAoAKACgD8Tvh//AMp8f2jf+zAvgN/6sT4iUAftjQAUAFABQAUAFABQAUAFABQAUAFABQAUAFABQAUAFABQAUAFABQAUAFABQAUAFABQAUAFABQAUAFABQAUAFABQAUAFABQAUAFABQAUAFABQAUAFABQAUAFABQAUAFABQAUAFABQAUAFABQB//9f+/igAoAKACgAoAKACgD8Tvh//AMp8f2jf+zAvgN/6sT4iUAftjQAUAFABQAUAFABQAUAFABQAUAFABQAUAFABQAUAFABQAUAFABQAUAFABQAUAFABQAUAFABQAUAFABQAUAFABQAUAFABQAUAFABQAUAFABQAUAFABQAUAFABQAUAFABQAUAFABQAUAFABQB//9D+/igAoAKACgAoAKACgD8Tvh//AMp8f2jf+zAvgN/6sT4iUAftjQAUAFABQAUAFABQAUAFABQAUAFABQAUAFABQAUAFABQAUAFABQAUAFABQAUAFABQAUAFABQAUAFABQAUAFABQAUAFABQAUAFABQAUAFABQAUAFABQAUAFABQAUAFABQAUAFABQAUAFABQB//9H+/igAoAKACgAoAKACgD8Tvh//AMp8f2jf+zAvgN/6sT4iUAftjQAUAFABQAUAFABQAUAFABQAUAFABQAUAFABQAUAFABQAUAFABQAUAFABQAUAFABQAUAFABQAUAFABQAUAFABQAUAFABQAUAFABQAUAFABQAUAFABQAUAFABQAUAFABQAUAFABQAUAFABQB//9L+/igAoAKACgAoAKACgD8Tvh//AMp8f2jf+zAvgN/6sT4iUAftjQAUAFABQAUAFABQAUAFABQAUAFABQAUAFABQAUAFABQAUAFABQAUAFABQAUAFABQAUAFABQAUAFABQAUAFABQAUAFABQAUAFABQAUAFABQAUAFABQAUAFABQAUAFABQAUAFABQAUAFABQB//9P+/igAoAKACgAoAKACgD8Tvh//AMp8f2jf+zAvgN/6sT4iUAftjQAUAFABQAUAFABQBj+Ib3VdM0DXNS0LRH8S63p+j6ne6P4cj1Cz0mTX9VtLKefT9Ej1XUCthpj6rdxw2C6hfMtnZNOLm5Ihjc0AaNrJNNbW8tzbm0uJYIZJ7QypObaZ41aW3M0WYpjC5aMyxnZJt3plSKAJ6ACgAoAKACgAoAKAMdL7VW8QXGmtojpocWj2V7B4j/tCzaO51We8v4LvRRpQP9oRPY2lvY3x1CRfsdwNRW3hJmtbgUAbFABQAUAFABQAUAFAGfq1zfWWlaneaXprazqVpp97c6dpCXdvYPqt9BbSy2mmrfXZFpZNfXCx2q3dyRb25l86YiNGNAE9nLcT2ltNdWpsrmWCKS4s2mjuDazOgaS3M8OYpjE5KGWI7H27kypoAs0AFABQAUAFABQAUAY327Vv+EgbTf7DcaGNJhvV8Sf2jZ+W+qSXd1DLo39k5/tBXgtYre9N+V+ySC6ECEzQyCgDZoAKACgAoAKACgAoA5D4heMbP4d+AfHHxA1G1uL3T/A3hDxL4xv7K0KLdXdn4Z0W91q6tbZpMRi4uILJ4oTIdgkZS+FBoAl8D+K7Tx14N8L+M7C2ns7LxToWma9a2tyUNxb2+qWkV3FDOYyYzLGkoVyh27gcYBoA6qgAoAKACgAoAKACgAoAKACgAoAKACgAoAKACgAoAKAP/9T+/igAoAKACgAoAKACgD8Tvh//AMp8f2jf+zAvgN/6sT4iUAftjQAUAFABQAUAFABQB4j+0z8VdQ+BP7N/7QXxv0nSrTXdV+DfwR+K/wAVdM0S/nltbHWdQ+HngPXvF1npV7cwK89vaajcaPHaXM8KPLFDM8kas6qKAPTfCOtS+I/CnhjxDNCltNr3h7Rdamt4mZ47eXVNNtr6SGN2AZ0iacxozAMyqCQCSKAOhoAKACgAoAKACgAoA8Fsfi9qN3+094p+AraPZppPh/4E/D/4uQ6+LiY6hcah4y8f/E7wdc6RJabPs6Wdlb+ArS8huFkM0k1/cRuipFGzAHvVABQAUAFABQAUAFAHmHxu8fXfwp+C/wAXfijYafb6tffDb4YePvH1lpV3LJBa6nd+DvCmreIbfT7meFWlht7ybTkt5pYlaSOOVnRSygMAdN4G8QTeLPBnhTxRcW8dpP4i8O6PrU1rC7SRW8up2FvePBHI4DOkTTFFZgGZVBIB4oA6mgAoAKACgAoAKACgDwVPi/qDftNX3wH/ALHsxpVp8E/D/wAVV1/7TN9ve/1nxt4w8Ky6SbTZ9nFpDB4Zgu0uA5maW6ljZAiIzAHvVABQAUAFABQAUAFAHhn7UH/JtP7Q/wD2Qz4tf+oD4goAvfs7f8kH+D3/AGTjwh/6ZLOgD2WgAoAKACgAoAKACgAoAKACgAoAKACgAoAKACgAoAKAP//V/v4oAKACgAoAKACgAoA/E74f/wDKfH9o3/swL4Df+rE+IlAH7Y0AFABQAUAFABQAUAcF8VPhv4Z+Mfww+I/wh8axXk/g34qeAvGHw38Ww6fdGxv5vDPjjw9qPhjXorG9VJGs7yTStUuktroRyG3mKShG2bWAOr0bSbTQdH0rQ9PEi2GjabY6TYrK/mSraadaxWdsJJCAZJBDCgdyBubLYGcUAaVABQAUAFABQAUAFAHAQfDPwrbfFLVfjFFbXI8b6z4C8PfDa+uzcsbN/C3hfxD4p8T6TbJZ7dqXMereMdblludxMsUsMRUeSpYA7+gAoAKACgAoAKACgDlvHPg7Q/iL4J8Y/D7xNDNceG/HXhbxB4O8Q29vMba4n0PxPpN5omrQwXChmgmlsL64SKZVYxOyuASuKANPQdFsPDmiaR4f0tHj03RNOs9KsI5HMkiWdhbx21uryEAyOsUShnIG484GSKANagAoAKACgAoAKACgDgF+GfhVfihP8YBbXP8Awm1z4G074dy3f2lvsh8M6Xrms+IbS3Fnt2i4XU9e1GR7jfueN44yAIxuAO/oAKACgAoAKACgAoA8M/ag/wCTaf2h/wDshnxa/wDUB8QUAXv2dv8Akg/we/7Jx4Q/9MlnQB7LQAUAFABQAUAFABQAUAFABQAUAFABQAUAFABQAUAFAH//1v7+KACgAoAKACgAoAKAPxO+H/8Aynx/aN/7MC+A3/qxPiJQB+2NABQAUAFABQAUAFAHyt+3VrHiDw7+xH+2P4g8J32o6X4q0L9lb9oXWPDWp6PJNFq+neINM+Eni+90a+0uW3zPHqNpqMFtcWMkI85LmOJo8uFoA92+HM91dfD3wHc3sks17c+DPC893NOWM8t1NoljJcSTFvmMrys7SFvmLkk8k0AdnQAUAFABQAUAFABQB8maXr3iuT9ujx54Xlv9VbwPa/so/CHXrHTGEn9iReKtQ+Lnxz0/V7+A7PJ/tS40nS9Et7va5k+yWtluQIUZgD6zoAKACgAoAKACgAoA8K/ai1TXND/Zm/aK1vwxdX1j4l0f4FfFzVPD17pm/wDtK01zT/AHiC70m60/y1aT7db38NvLaeWrP56R7VLYDAHcfCu6v774aeAL3VJZ59Su/Bvhy4v5rrd9plvJtJtJLiSfcA3nPKztJuGd5Oc80Ad7QAUAFABQAUAFABQB8mR6/wCLD+3Hqnhg3+q/8IQn7L/g/XItMxJ/Yq+J7j4n/Eexu71Tt8r+0pNMs9OglG/zPs0NvlQpU0AfWdACFlDBSwDMCVUkbmC43EDqQu4ZI6ZGeooAWgAoAKACgAoA8M/ag/5Np/aH/wCyGfFr/wBQHxBQBe/Z2/5IP8Hv+yceEP8A0yWdAHstABQAUAFABQAUAFABQAUAFABQAUAFABQAUAFABQAUAf/X/v4oAKACgAoAKACgAoA/E74f/wDKfH9o3/swL4Df+rE+IlAH7Y0AFABQAUAFABQAUAcr468ReEPCHgjxj4s+IOoaTpPgLwv4V8Q+IvG+q68sbaHpnhDRdIu9S8S6hrKyxyxNpNno1te3GorLFJGbOKYPG6llYA3tOurG+0+wvdLlhn028s7W606a2wLaaxuIEltJbcKAohkt3jeLAA2FcAdKALlABQAUAFABQAUAFAHLx+JfCUnjS98HxanpTeOrPwxpXiS/0dTH/bcPhTU9U1nTNI1KcbfNGl3Wr6PrtraEuYzdWd6FVWDlgDqKACgAoAKACgAoAKAMXxJrGheHvDuv+IPFN5Zad4Z0PRdV1jxFqGplRptjoWmWM97q95qBdWQWVrp8FxPdl1ZfISTcpAIYAuaZe2Go6dY6hpU8Fzpl7aW91p9xa4+zT2c8SyW0sG3C+VJEytHgY2kYxQBeoAKACgAoAKACgAoA5ceJfCR8ZS+EBqel/wDCcx+G7TxDLo+Y/wC2l8L3WpX+n2eosNvm/wBmy6pYajbxHfs+0wXAChtxoA6dmVFZnYKqgszMQFVQMlmJwAABkknAHJxigD+aH4j/ALYvxt1P/gtL/wAE/Neg8QXOk/scfHjRv2pf2ePhDo8M9zDp/wAQPFfgjSPD/ivxP8T9RjDraXlprd94bi0/wJPIsiy+G7a11OzkRtbuFYA/pfoAKACgAoAKAPDP2oP+Taf2h/8Ashnxa/8AUB8QUAXv2dv+SD/B7/snHhD/ANMlnQB7LQAUAFABQAUAFABQAUAFABQAUAFABQAUAFABQAUAFAH/0P7+KACgAoAKACgAoAKAPxO+H/8Aynx/aN/7MC+A3/qxPiJQB+2NABQAUAFABQAUAFAHzv8Ate/DjxP8Y/2Tf2oPhF4IgtLrxn8VP2d/jX8OPCNtf3kWn2Nx4n8cfDXxN4Z0CC9v5v3NjaTarqlpHcXkv7q2hZ5pPkRqAPX/AANpV5oPgnwfoeoKiaho3hbw/pV8kUgljS807SbSzuVjlX5ZEWaFwki8OoDDg0AdTQAUAFABQAUAFABQB80ad8MPFlt+2H4z+M0tvZjwPrf7Nvwv+GVhdC9ia/fxV4V+J3xh8U6vBJp3+vis49J8Z6HJDeEeVPNLcQph7Z6APpegAoAKACgAoAKACgDxz9onwXrvxI/Z++Onw88LxW8/iXx78HPid4L8OwXdwlnaza74o8Fa3oekRXN3L+6tbeTUL63Sa4k+SCNmlf5VNAHYfDnRL/w18P8AwV4e1RI49S0PwroOk36RSLNEl5p+mWtrcrHKvyyossThZF4cfMOooA7OgAoAKACgAoAKACgD5oj+GHixf2v9R+Mht7P/AIQi5/Z48L/DmK6+2xfbz4n0r4h+PPEd5AdOx562i6X4g06RLwnypJWlhGGifcAfNH/BQf8AaGg8Pz/B/wDY+8Lax4h0H4l/tg+LV+HNx4u0PSddkj+Gvwsks766+IHi6fxDp9hc2Oha3q+kWVz4L8Fz3NxFND4k1621WNCmlOWAPxd/4K9fADQf2M9Y/wCCV/xS8BfEz9oj4mXvwB/bR+Fun6f4F8SX1x4+sPBfwW8UWk3hf4i+J9J0zwp4HsX0nTtG0PT7aHUpri6dWgeCMREkswB/V7ousaf4g0jTNc0mf7Vpmr2NtqNhceXLF59peQpPBJ5UyRyx743U7JUV16MoIIoA06ACgAoAKAPDP2oP+Taf2h/+yGfFr/1AfEFAF79nb/kg/wAHv+yceEP/AEyWdAHstABQAUAFABQAUAFABQAUAFABQAUAFABQAUAFABQAUAf/0f7+KACgAoAKACgAoAKAPxO+H/8Aynx/aN/7MC+A3/qxPiJQB+2NABQAUAFABQAUAFAHkf7QHxVg+BPwG+NvxvutKm122+Dfwj+JPxVuNDt5kt59Zg+Hng3WfF02lQ3En7uCbUY9Ha0jmk+SJ5ldvlU0AegeGNaXxH4b8PeIUha2TXtD0nWlt2YM0C6pYW98sLMOGaIT7Cw4JXI6igDcoAKACgAoAKACgAoA8ctPi9ZXf7QHiH4CrpF0mo+H/g/4L+LkmvGaI2VxZeMvGfj/AMHQaSluMzrdWc/gK4vJZmxE8V/CiEvG4oA9joAKACgAoAKACgAoA8/+LXj62+FPwr+JnxRvLCfVbT4bfD/xn4+utLtpEhudStvB3hzUvEM9hbyy4iinvItOa3ikkOxHkVnwoNAG94R8QR+LPCvhzxRDbvaReIdE0vWorWRlaS3j1OzivEhkZSVZ4lmCMynBK5GMigDoqACgAoAKACgAoAKAPHF+L9k3x9u/gP8A2RdDULT4T6L8VDrvnRfYntNZ8WeJ/CqaULfInFzDL4alunmIMTR3MaLh1egD2OgAoAKACgAoAKACgDwz9qD/AJNp/aH/AOyGfFr/ANQHxBQBe/Z2/wCSD/B7/snHhD/0yWdAHstABQAUAFABQAUAFABQAUAFABQAUAFABQAUAFABQAUAf//S/v4oAKACgAoAKACgAoA/E74f/wDKfH9o3/swL4Df+rE+IlAH7Y0AFABQAUAFABQAUAeWfHP4V6b8dPgn8YfglrWpXejaP8YvhZ8QfhXq2r6fFFNf6VpvxC8Jav4SvtSsoZisMt3Y2ury3VtFKyxSTRIshCFjQB3XhzRofDnh7QvD1vK9xBoOjaXo0E8oCyTQ6XZQWMcsirlVeRIA7hTgMxAyKANmgAoAKACgAoAKACgDym1+Eui2vxw1346pfXreIde+FfhH4UXOmMI/7Oi0bwh4s8ceLrG+jOfN+23F7461CCcEbBBbWxU7i4oA9WoAKACgAoAKACgAoA4f4neBNO+KXw1+IXwy1e5ubLSfiL4H8WeBNUvLPabu007xdoOoeH725tQ/yG5gttQllg3/AC+aq7uM0AbfhfQLbwr4b0DwzZyyz2nh/R9O0a2mmwJpYNNtIrSKSXb8vmOkKs+ONxOKAN2gAoAKACgAoAKACgD52XSvhGP2ibn4lj4k+Gj8Rrr4baR8Kn8Gf8JPoH2sabo/ifxF4mguF0r7d/an9oSXviS6gePyMeVDEANxagD6JoAKACgAoAKACgAoA8M/ag/5Np/aH/7IZ8Wv/UB8QUAXv2dv+SD/AAe/7Jx4Q/8ATJZ0Aey0AFABQAUAFABQAUAFABQAUAFABQAUAFABQAUAFABQB//T/v4oAKACgAoAKACgAoA/E74f/wDKfH9o3/swL4Df+rE+IlAH7Y0AFABQAUAFABQA13SNGkkZURFZ3d2CoiKMszM2FVVAJZicAcnGKAPlj9s34n6j8PP2PP2sfiD4A8UWmleOfAP7M/x58b+DtVsbuzubzSvE/hP4V+K9f0HVLaBi6STadqmn2t5GrxyRloB5iMhIoA9z8Ea79q8AeCNa1zUIFvNW8J+G768u7uaG3FzfXujWd1cyZcqm+WaR5Cq9MnAAFAHWWt9ZXwZrK8tbtUIDm1uIrgITyAxiZtpI5AP4Z52gEVxqul2khhu9SsLaYAMYri8t4JArcglJHDYI5BIGe2aALcU0U0azQyxywyKHSWJ1kjdCMhldSVZSOQwOCOeM0AUE1rRpZFhj1bTJJXbYkaX9s8jOTgKqLIGLE8bRznjnpQBduLm3tYzNdTw20KkAy3EqQxgngAySMqgk8DJ57A0AQW2padesyWd/ZXboAzrbXUNwyqehZYmYqCehI598fKAFzqWnWTKl5f2Vo7rvRLm6ht2ZckblWVlLLkEZAxkEcfxAHzHovxL8R6l+2f41+GEWsRXfgHS/2YfhV8QNO06DyZYo/FXiH4q/Gnw3rGoLdR7mc3GleFNEtTFu2Rmz3AB3cKAfSza1oySGF9W0xJVfy2ia/tlkVwduwxlwwcHjaRuzwcGgC/LNDDG000scUKDc8srqkaL/AHmkYqqjkckgUAVLfVdLvJPJtNRsLqXaW8q3vIJ5NoxltkbltoJGTjAyM4zQBLdX9jYhDe3lraCQsIzdXEVuHK43BDKy7iuRu2g4yM4yu4AdbXlpeoZbO6t7uNW2GS2njnQMADtLxMyhgCDtPOCDz/CAVptY0m2kaG41TToJkOHimvraKRCecNG7hlOOeR78ZoAvebH5fneYnkhPM83evl+WBuMm/O3YF+bdnaBznHNAHg37R3xDm8F/s8fHvxl4Q1/TrbxX4P8Agr8VfFXhu5gu7S5ltdd8OeBNf1nSrtLfc4mNrfWMFwY2DKwjIbKk0Ad58O/EUmpfDfwJ4h8Qahbrfaz4U8PahfXdzLDbJcX19pVtc3DgvsQNJI7uEXoMgcDNAHa2t/Y3282V5aXYjwHNrcw3Gwnpv8pm257Z69s4O0AjuNV0yzk8q71GwtZcBvKuLy3gk2nodkjhsHscAH34oAtxTRTxpNBLHNFIA0csTrJG6noyOmVYHsQcH35oAoJrWjSSLCmraY8rOI1jS/tWkZydoRYxLuLluAoJJPAycUAXZ7i3tYzNczw28K4DSzypDGuTgZkkIUZPAyeTwM5oAgttS069Zks7+yu3QbnS2uoLhlU8bmWJmKjPGSMducfKAfyA/wDB1l/wWA+MH7DvgX4Y/sl/s1eJL3wH8WPjx4Y1Pxp42+IemfJrXhv4ZJqd94btNL8NXfzCw1bxDqmm6xHfXwAurPTrWD7Hte8M0QB/m1t8evjg3i9viAfjB8Tv+E5a5a8Pi4eOvEy+I/tTMWM41gamb4SbjkMJgQeQOKAP9I//AINXv+CyfxO/bX8BfEX9lH9qHxcvij4s/A3RNG8Q+BvH2t3UKa540+H19czaZcWGsyuyNfan4VvYrSJtRlJlu7PU7KOQvNDJKwB/YZJNFDG00sscUKLueWR1SNV/vM7EKq+5bHuM5oAqW+q6XdyeTaalYXMpBYRW95bzyFR1OyNy2BkZOOM9sigCW6vrKxCNe3lraCQkRm6uIrcOV5YIZWUMVBBIHTPOMjcALbXlneo0lndW13GrbGe2njnRXwDtZomZQ2CDtODgg45zQBXn1jSbaRobnU9Ot5kxvinvraKRMjI3Ru4ZcjBGRyORkGgC8JYjH5wkQwlPM80Opj8vG7f5gO3Zt53ZxjnPegD5+/aa1nSLj9m39oWCDVNOmmf4G/FsJFFfW0kjkeAPEBIWNJCzHAJwM8DPOKANf9n+7tbP4B/B2W8ube1iPw68HoJLmaOCMudEtCFDyMq7iASBySAcDgmgD2K1v7C+3/Yr20u/Lx5n2W5huNm77u/ymbbnBxkc44zg7QBlxqmmWcnlXeo2NrLgN5dxeQQSbT0bZI4bB7HGD2zQBahmhuI1mt5Y54ZBlJYZEkjcequhKsPcH8s0ASUAFABQAUAFABQAUAFABQAUAFABQAUAFABQB//U/v4oAKACgAoAKACgAoA/E74f/wDKfH9o3/swL4Df+rE+IlAH7Y0AFABQAUAFABQBm6zpGneINI1XQdXtheaTrem32kapaGSaEXWnalay2d7bGa3lhuIhPbTSxGSCaKZN26KVHCuoB8uWf7GP7JvgpNU8QH4Y6FptjDoHiKy12617xP4qvdCHhnVtEv8AS/E0Ot23iDxHd6M+kXOg3eoW+pHUYXtkspZnkZFUuoB7B8Qvgz8LPjD4Y0fwx468M2viPwvpUlrfaNYQapq+l2tu0Nr9mtJbafQNS06V4VtH8uFDPJbmMgqhwr0ARfCv4F/Cv4JW2q2fww8KR+F7bW54bnVIk1fX9W+1T28flQyFtd1TU3h2RnbtgaJW6sGIzQBynxH/AGVPgF8W/Es3jD4h/D+LxF4jntrWzl1J/EXi7TWe2solgtovsuj69p9kvlRKq7lt1d8ZkZm+agD2Pwv4T8P+DPDOj+DvDOnjTPDegabBo+k6atzeXS2mnWsQhgthdX09xezCOIBPNuLiWZurys3zUAfP2h/sW/szeG/EmneLtF+GMFl4i0rVI9a0/UR4q8cTtb6nDN9ojuRbXXiWazkKzfP5U1vJAehiZfloA9s+IXw58GfFXwzdeDvH2ir4g8N3s1vcXOmvfanpyyzWrmS3f7VpF5YXq+W5J2pcqrdHDAAUAcR8LP2cfgx8FNQ1PVfhj4Kj8L3+s2sFlqVwmueJtVNzbW8kksMRj1zWdSii2SSu26GON23YZiABQAz4p/s3fBX416rp2tfE7wTH4o1PSdPOl6fdPrvifSjb2BuZrvyBFoetaZbyf6RcTSeZNFJN8+3zAioigG58Ovhf8JvhUY/Dfw98P6H4fvbDQ4YPskN5NqHiCLw5ca3rWp2kdxd6re3+uyaM2vX+v3FkLm4azS+n1FbXa4mRQDzLVP2Lv2Z9Z8TXfjHUvhjBdeJL/WH1+71I+KfHERm1aS6+2vdm1h8TR2SE3P73yI4Eth9wRCPCKAe+eKfB/hzxr4X1PwZ4n00ap4Z1myXTtS0xrq9tFubJWidYTdWNzbX0WGhjPmQXMcvy4LnJ3AHkXw2/ZX+Anwh8Sf8ACXfDrwBF4c8RfYLnTP7RTxD4t1M/Ybx4JLiD7NrOu6hZ/vHtoW8z7OZV2YR1DNuAOn+K3wI+FHxvh0WD4o+E4/FMPh2W+m0ZJNY8QaT9jk1JLVL1gdB1XTGn85bO3BFyZlj8rMWwu+4A0/hh8Ifh18GdDuvDfw18OJ4Z0W81CTVLmxTU9Z1QS38sUUElx5+t6jqV0paKCJPLjmSIbMhAxYsAeZeN/wBj79nL4j+J9U8ZeNPhvDrXiTWZUm1LU28TeNLFrqSONIlY2umeIrOyixGiriG2iU4yRk5YA94PhjQz4ZfwcbEf8I3Josvh59N+0XW1tHms20+Wz+0+eL0BrN2h84XP2kZ3rOJAHoA+ctH/AGNv2WPAt+/iyx+GekaXNpthrP2q/wBV8TeLL7S4dL1HSb7TNcGp2mu+IrzR5tOn0a9v4L5dQtpbZbWWV327Q6gHrHxA+D3wu+L/AIU0vwp438N2fiLwnYT2mo6Tp1tqWq6XZwyW1tJb2c1tP4f1DTZWhjtZ3SKMTNbFHBEbFUZACr8KvgP8KPglFq0Pwv8ACUfhaLXZLeXVVj1jxBq32uS0V0t2J13VdTaHy1kYYtzEG3ZfcQKAOa+JP7LHwF+L3iM+LfiL4Bi8R+IWtLexOov4h8W6YxtbRdlvD9m0bXtPs8RrxvFsHbq7uTlQD1/wj4R8PeBPDej+EPCmnDSfDugWUOnaRpy3N5eLZ2cC7YoRc6hcXV7MEXjfcXE0jdWc/wAQB8+6T+xV+zHofiOw8W6V8MILXxDpmrwa7Y6iPFXjmUwarb3QvYbsW0/iWWzkKXKiXyZbd7c42NEyEowB7j4/+Hng/wCKPhi98G+O9GXXvDWovbyXumNfalpyzPayieBjdaTeWN6nlyqGxFcoGxtcMpIoA4H4W/s2/BT4LapqGtfDLwTF4Y1PVbRLC/uk13xPqpuLSOQypCYtc1rUoI8SEtviiSQ9C5A20AfxG/8AB5n+wV8XfHWsfAf9uj4feH9S8UeA/BHgG5+EHxSh0iznvZ/CT23iLWPE2geJtQSFZGj0rU4tbutNkn2LDaTaVunkX7THQB/n2bWLBcHcTgLg7iTwAB1yScY6mgD+8X/g0V/4JW6j4tf4v/tsftCfDzVYPh7q2j6d8PvgpaazPrvh5/E1zFqSav4n8V2kVhe6XeXmj2ktppOn6ddvJJY3lymohUcQh6AP9A/xJ4S8PeLvDGpeDfEWnDUfDer6edL1HTWuby2W5sCEBtzdWdzbXsYwijzIbmOb5c7zk7gDxz4cfsp/AH4SeJY/F/w9+H8Xh3xHFaXNhHqSeIvF2pFbS7MZuIvs2sa9f2R8wwx/O1u0i7fkZctuAOt+K3wN+FfxutdHsvih4Uj8U22gT3lzpEUmr69pP2Oe/S3ju3D6FqmmPN5yWsClbhplTy8xhCzlgC78Lvg78N/gtot94e+GXhpPDGj6lqTave2aaprWqifUXt4LRrkza5qOpXMZNvbQR+XFMkPybvL3szMAeceO/wBkL9nX4meKNS8Z+N/hzDrniXVzC2o6m3iXxlYNcm3gjt4SbXS/EVnYx7IYkT9zbRbtu5gWLNQB7pB4X0K28Mp4OgsBH4bTRm8Prpv2i7ZRo7WhsGs/tTTm9INoxi843P2kZ3iYSfPQB8JfG/8AY7/Zw8AfBL45eNfCPw2h0jxPonwV+MF5peqL4n8aXptbif4c+J7aWQWmo+Iruxl3wXE0e2e1lQb9yqHVGUA9j8B/Cf4f/GT9mX4M+FPiT4eTxLoEHgrwRq8WnvqWsaWF1G18PJBb3P2jRb/TbsmOK7uE8prhoW8zLxMyoyAHpHwq+Afwk+CP9sD4X+EY/C39v/ZTq/l6z4h1b7X9i837Ln+3dW1PyfK8+X/j38rfv/ebtq0AYXxM/Zc+BHxh8QJ4p+I/gKLxJryWUGnpqD+IPFemEWdvu8mH7Pouu6daHYWb5zb+Y2fmdv4QD1fwb4N8N/D/AMNaT4P8IaYuj+HNCtVstK01bq9vVtLZPuxi51G4u72bGfv3FzM57ueigHT0AFABQAUAFABQAUAFABQAUAFABQAUAFABQB//1f7+KACgAoAKACgAoAKAPxO+H/8Aynx/aN/7MC+A3/qxPiJQB+2NABQAUAFABQAUAFAHzB+274P8TfEL9i/9rzwD4K0a98ReMvHH7MHx98H+EvD+mxiXUdd8TeJfhT4s0XQdGsIiyiS91PVb21sbWMsoeeeNSwySoB7f8PLG70vwB4G0zULeS0v9O8H+GbG9tZRiW2u7TRbK3ubeUdpIZo3jcdmUjtQB2FABQAUAFABQAUAFAHylpfgjxXD+3B46+JEujXieB9T/AGV/hJ4JsfEBA+wXHirQviz8b9d1fR42yWN3ZaT4j0S9mGABDqEBDEkrQB9W0AFABQAUAFABQAUAeHftO+G9c8Zfs1/tC+EPDGnz6v4k8V/A74s+G/D2lWoButT1zXfAWv6XpOn2wJUGe9v7q3toQWUGSVQSMk0Adt8LtMv9F+G3gLSNUtpLPUtL8H+HbC/tJhiW2vLTSrWC5gkAyA8UsbI2D1B64oA7ugAoAKACgAoAKAMfxB4e0HxZomp+GvFGi6V4j8Pa1aS2Gr6Hrmn2uq6TqllOMS2l/p97FNaXdvIPvRTxOhIBwCM0AfhzF/wQ4/4J3r+21ffED/hhr4UD4cj4O+HNatLg6Pe/8Iwvxh/4WH4yu9WvY9N/tT7L/aw0L/hH5JLcw/2eLVoVFpgstAH7jeH/AA9oHhPRdN8N+F9F0rw54f0a0hsNJ0PQ9PtdK0nTLK3QRwWlhp9lFDa2lvEihY4YIkRQMAHANAGxQAUAFABQAUAFAHhn7UH/ACbT+0P/ANkM+LX/AKgPiCgC9+zt/wAkH+D3/ZOPCH/pks6APZaACgAoAKACgAoAKACgAoAKACgAoAKACgAoAKACgAoA/9b+/igAoAKACgAoAKACgD8Tvh//AMp8f2jf+zAvgN/6sT4iUAftjQAUAFABQAUAFABQB5t8ZfifofwS+D/xW+M/ia3vLvw38Ivht45+J/iG105Fk1C50PwD4Y1TxXq1vYRsQr3k1hpNxHaoxCtO0YJAJNAHZ6BrFv4h0LRdfs1kS01zSdO1i1SUASpb6nZw3sCyAZAkWOdQ4BwGyBmgDWoAKACgAoAKACgAoA8ztvip4cuvjFrPwSjS9/4S7Q/hr4X+KV5I0GNOPh3xZ4n8YeFNMSO5/ivRqXgjVzPBj5IGtpOfMoA9MoAKACgAoAKACgAoA434i+N9I+GXw+8dfEjxAty+g/D7wb4n8b62lnH5122keFNEvte1JbWHjzblrKwmEEefnl2rxmgDY8Oa7Z+J/D+ieJNPEosNe0qw1eyEy7Jha6jbRXUAlTnbII5V3rnhsjnFAG1QAUAFABQAUAFABQB5mvxU8ON8YLn4KBL3/hLbX4d6X8S5H8g/2d/YGreIde8NWyLc5wbwah4evjJDj5YTE+fmAoA9MoAKACgAoAKACgAoA8M/ag/5Np/aH/7IZ8Wv/UB8QUAXv2dv+SD/AAe/7Jx4Q/8ATJZ0Aey0AFABQAUAFABQAUAFABQAUAFABQAUAFABQAUAFABQB//X/v4oAKACgAoAKACgAoA/E74f/wDKfH9o3/swL4Df+rE+IlAH7Y0AFABQAUAFABQAUAeMftIfCqf47fs8fHr4IWuqxaFc/GT4MfFH4VW+uXEL3EGjT/EPwPrvhGHVZreP95PFp0msLdyQx/PKkLIvzMKAPSPCmit4c8LeGvDzzLcvoOgaNorXCqVWdtL062sWmVTyqymDeFPIDYPQ0Ab9ABQAUAFABQAUAFAHiVn8IDaftG+Jfj3/AGxvHiD4K+BvhH/YHkYNufBvjj4jeMf7X+05+f7b/wAJ79i8jb+7+weZk+bigD22gAoAKACgAoAKACgDzj4x+Af+FrfCL4qfC7+0P7J/4WT8OPHHgH+1fK8/+zP+Ex8Man4e/tDyePO+x/2j9o8rP7zytnGaAOi8GeH/APhE/CPhnwv9o+1/8I7oOlaL9q2bPtH9mWUFn5+z+DzfJ37e27FAHS0AFABQAUAFABQAUAeJJ8INv7RV58eP7Yz9r+D2hfCr+wPI+5/Y3jDxX4q/tX7Tnnzv+Em+y+Rgbfsu/J34UA9toAKACgAoAKACgAoA8M/ag/5Np/aH/wCyGfFr/wBQHxBQBe/Z2/5IP8Hv+yceEP8A0yWdAHstABQAUAFABQAUAFABQAUAFABQAUAFABQAUAFABQAUAf/Q/v4oAKACgAoAKACgAoA/E74f/wDKfH9o3/swL4Df+rE+IlAH7Y0AFABQAUAFABQAUAfPn7WvxL8R/Bf9lT9pr4xeDvsX/CXfCf8AZ8+M/wAS/Cv9p2323Tf+Ej8CfDjxJ4o0P+0LPfH9rsv7T0q1+123mR+fB5kW9d+5QD1zwRq93r/gzwjrt/5f27W/DGgave+Snlxfa9S0q0vLjyo8nZH50z7Eydq4GTjNAHT0AFABQAUAFABQAUAfOen/ABV8R3X7W3i/4IyR2I8JaF+zv8NfinZyrARqR8ReLfiR8WvCepxy3O7DWK6b4I0hoIdmUne5ck+aNoB9GUAFABQAUAFABQAUAeR/tAeONX+GXwH+NnxJ8PpbSa98PvhH8SPHGiJexmazfV/Cfg3Wde01LuEFTLbNe2EInjDKXiLqCM5oA6z4e67eeJ/Ang3xJqIiW/17wxoer3ogXZCLrUdNt7ucRJk7IxJK2xcnC4GTjNAHyl+2H/wUC+AH7DU3wth+O6/EO2/4XN4y0z4d/DqTwb4D1bxhF4g8d61dLaaR4ThOmfMmtajPJELW1YfOssbl1DUAbnwd/bm+AXxn+L/iT9nzSdU8TeCvjv4V8OW/jHVfg/8AFDwtqHgXx83hC6mS2i8UWGh6oWbUdDFzJHbSX9nLLHFO6xSbXoA+waACgAoAKACgD5yT4q+I2/ay1D4JmOx/4RO1+APhr4mRy+Qf7SOv6v4+8ceGrmNrndtNkLDw7YtHDsyszSvuO7FAH0bQAUAfE3i39vr4GaJ8Tdc+Dvgix+JPx3+I3hIW58ceH/gH4E1P4nf8IG90C8Ft4x1PSHTStFv5Ih5o06S7e+VXiE0ERkSgDoP2Zv21fg7+1d4i+LvhL4aWXxE0rxP8CvEWn+EfifoPxD8Cax4H1Tw14n1GwTVYdEntdWUGa9TTZrW9mWAyRrbXlrKsrpOjUAfXNABQAUAeGftQf8m0/tD/APZDPi1/6gPiCgC9+zt/yQf4Pf8AZOPCH/pks6APZaAPiH9sT/goH+z/APsMzfC6H47r8Q7b/hcvjHTPh78O5fBvgPVvGMXiDx1rNytppPhKBtLO5Nb1GaSIWtoyfOssbmRQ1AGt4c/br+Auq/E7wr8GfFtz4y+DnxR8e291c+AfBfxq8H6l8OtV8cpZANeR+FG1Ymy1e7to2SSWxgu/tgjkjcW7hlFAH2RQAUAFABQAUAFABQAUAFABQAUAFABQAUAFAH//0f7+KACgAoAKACgAoAKAPxO+H/8Aynx/aN/7MC+A3/qxPiJQB+2NABQAUAFABQAUAFAHKePPBvhX4i+BvGfw+8d6Xa634I8deFPEXg3xlot87x2Wr+FfE+j3mieIdLvJI5IpI7W/0i9vLS4eOWN1hldlkRgGUA3tNsLLS9OsNM02FLfTtOsrWwsLeMkxwWVnBHb2sMZJJKRQRoikkkqoJJ5NAF2gAoAKACgAoAKACgDkYvBHhGHx3f8AxHi0ezTx3qXhPR/BV/4gDSfb7jwnoWsa9rmj6PIvm+ULSy1fxHrt5CwhEhm1C4DSMoRUAOuoAKACgAoAKACgAoAwfFPhvQfGXhjxH4Q8U6fb6t4Y8VaDrHhvxHpV2XW11PQdc0+40zWNPuWjeOQW97p91cW0xR0cRyMVdWAagC/pWmafoumafpGlW8dppml2VtYafaxFjFbWVpCkFtBGWLMUihREUszEheSeTQB/Mn/wU21bx5+0v/wWd/4J2fsu/C3wfp3xMi/ZF8AfEH9tn4h+D9Q1628PaPea7qE0HgjwDp+s6vdK9tZ3+k38OjeKNJjlXzJI7iV4uGZkANz9gK9t/wBsr/gr1+01+0t+0NIfhX+19+xj8MLX9mCH9mHQka+0Hwh8MvGHiC78Tad8Qb3x5iOLx5N4xvtPvLmweyRrDS7dvsyu4WBlAP6X6ACgAoAKACgDkR4I8Ijx1L8Rho9mPHU3haz8HS6/uk+3v4XsNU1LWLPSSvm+V9lh1TVtSu0Pk7zLdSgyMoVUAOuoA/Jz/gt/+2D41/YZ/wCCZf7S3x8+GjG3+JFj4d03wb4F1Py/MXQ9f8davaeHRr/QhZ9F0271HUdOcjauq29iXDISrAHpn/BKr9kzwr+x5+xL8F/h5o4fUvGHiTwvpvxG+LXjW/ma913x/wDFHxzaQ+IPF/irW9Tm33V9cXup3sy232iab7JZR21pE/lQoKAPuHw38OvBnhHxN4/8YeHtBstL8R/FHWtI8Q+OtUto1S58Q6voXhjRvB2l3t6w5aS08O6BpOnJ2MdqGPzs7MAdtQAUAFAHhn7UH/JtP7Q//ZDPi1/6gPiCgC9+zt/yQf4Pf9k48If+mSzoA9loA/m//buUftaf8Fyv+CbX7JcAGpeCv2S/h/8AEb9tr4q2afvLQa7eyW/gr4d6dqfDJFf6dqUOjeJtKRx5hhuJpIuGZlAOX/4Oh/ECaZ+yp+yRpXgeITftI6z+3p8BT+z6dMkEXiy08RWkutLql3o8kH/Ex/swy3eh2Wuw2x+zzreWBvQ0cSbQD+kzwx9v/wCEb8Pf2tuGqf2HpP8AaQf7wv8A7Bb/AGzdnnd9o8zOe9AG5QAUAFABQAUAFABQAUAFABQAUAFABQAUAf/S/v4oAKACgAoAKACgAoA/E74f/wDKfH9o3/swL4Df+rE+IlAH7Y0AFABQAUAFABQAUAfKn7dsevzfsP8A7ZMPhNdWbxTL+yp+0NH4aXQftY11tff4ReL10ZdFNgRfDVjqJthp32Ii7+2GH7ORNsNAHvHw4Fyvw88BLe+eLweDPC4uxc7/ALSLkaHYif7R5n7zz/N3+b5nz792/wCbNAHZ0AFABQAUAFABQAUAfJGlW3ikft2+PbyVNa/4Ql/2Tfg9bWMjvd/8I6fFEXxe+O0urJbIW+wDWl0qbRTfPGouzYtp6zMYRbhQD63oAKACgAoAKACgAoA8H/anh1u4/Zi/aNt/DS6i/iOf4D/F6HQE0czrqza3L8PvEKaUultalbpdRa+aAWJtmWcXPlGEiTaaAO4+FiahH8MPAEeoCcaongvw4t4L4ym5F8NHtROLsyZmMwmDeeXPmb92ctmgD8YPhH+wJ+3r8KP+ChX7ZP7ecnjz9kzxzrn7TXhj4f8AgTwb4d19Pi7ZS/CrwZ8Nob2w0XTLO7stFmS+fVrGawl11V8uKa/02KWNmEruoB9S/sG/8E75P2Vvin+03+098VPiOPi9+1J+154o0jX/AIs+MdP0n+wfCWiaL4ZS9i8KeA/A2jyNLd2/hzw5HqN4ltdX8i312ksYuEHkIKAP06oAKACgAoAKAPkeO28Vf8N0apdlNb/4Qo/st+DreKQvd/8ACPf8JKvxR+JEl2qR5+w/2wNNk04zuF+1Gza1DkxCMUAfXFAHyt+21+yP8Nv26/2XPi/+yt8WDdweDfi14abRp9U04Rtqfh/VrO7ttV8P+ItOWUrHJd6LrVjY36wSMkd3HDLaSuIp3KgHyb+zz8M/+CoHwe+Gfgb9n7xN4s/Zg8Z6P4C0Sw8G2P7RFwfHaeNNT8LaTbjTtK1fUPh39iXR7nxtb6fFbNdwyalDoF9dxyO10iyjaAfpl4K8O3nhTwvo+g6j4j1fxbqOn2qx3/iTXXhfVNYvGJe5vboW8cUERmmZmSCJBHChWJeEFAHU0AFABQB4Z+1B/wAm0/tD/wDZDPi1/wCoD4goAvfs7f8AJB/g9/2Tjwh/6ZLOgD2Nt21tm3ftO3dnbux8u7HO3PXHOOnagD8LPgz+wN+3V8Jv+Ch37Y37eeoeOP2UvHmq/tM+Hfh54G8I+HNY/wCFt2Fz8LfA/wANIb6x0jSLK8tdFmivJNYsZtPk1wrsjkvtNilj3+YzKAfR/hr/AIJxp8Qf2pPBv7Z/7Y/xBh+Ovxh+FVpqVj8CvAul6S2ifBj4Gx6pLIbvVfCugXTy3niDxfcQFYpvF2uiK+AAENrE0Ns8QB+o1ABQAUAFABQAUAFABQAUAFABQAUAFABQAUAf/9P+/igAoAKACgAoAKACgD8Tvh//AMp8f2jf+zAvgN/6sT4iUAftjQAUAFABQAUAFABQBxXxK+IHhj4TfDrx98VPG15Jp3gz4Z+CvFXxA8XahDBJdS2PhjwZoV94j1+8itYsy3MlrpWm3c6QRjzJmQRplmFAHS6TqdnrelaZrOnyGWw1fT7LU7GVlKNJZ39tFdW0hRvmQvDMjFTypOD0oA0KACgAoAKACgAoAKAOKh+IXhSf4ial8KotSDeN9J8GaH8QL7SPLcND4V8Ra34i8O6RqRm/1bC61bwrrdsIwd6mzLHKutAHa0AFABQAUAFABQAUAfyg/wDBS3/g68/ZN/Yo+KPij4FfBLwHqv7TXxM8E30+j+LtW0jWLXRvh1oWvWcpivtCXXcS3Gs3lm/7u5n0uOW1guY5rV5BJHlgDW/4Jh/8HU37KX7dnxS8OfAT4t+BdV/Zr+LHjG4h07whda1q9rq3gHxPrlzI0dtoFprY2XOnalcsES0GpJHHeTzxW0LGXNAH9U4IYBlIIIBBByCDyCCMggjkEH880ALQAUAFABQAUAfFX7ef7fn7OH/BOX4E6r8ff2k/Fv8Awj/hqC4Ok+G9DsIxe+J/G3iWSF5bTw74Z0pSJby7lC77qfAttOtd13dusarQB/Iof+D3D4bj4lNaj9jHxYfhILoquq/8Jrpv/Cdm0DcS/wBm8aL5pX+D7TjJzkgYoA/rv/YR/b3/AGdf+CinwJ0b4+fs4eLF17w1eynTte0S9VbXxL4N8QwRo934f8SaaT5lpewCRZIpAPIu7d47iBmjcbQD7RoAKACgAoAKACgD+R7/AILC/wDBzz+yR+y9P8aP2RPhD4W1j9ob4rTeFPGfw28aa7oOpWmnfD/wTrut6NqHh+/0ybWWZ5tc1HSTfF7n+yUltYbq3nspZDIhagCt/wAEif8Ag6J/ZR/ak1n4VfspfGTwZq37PHxMutJ0HwX4O8Q6zqtpqfw+8Wa5bW8enWOkLqg2XWj6hqLQILZtSjitp7m5gtI38w5oA/rpVlZQykMrAMrKQVZSMggjIIIwQQcEcjNAC0AFABQAUAFABQAUAFABQAUAFABQAUAFABQAUAFAH//U/v4oAKACgAoAKACgAoA/E74f/wDKfH9o3/swL4Df+rE+IlAH7Y0AFABQAUAFABQAUAeAftY/DPxB8av2Wf2lvg34Tezj8U/Fr4AfGT4Z+GpNQm+z2CeIPHnw68R+FtGe+uMHyLNdR1W2a5mwfKhDvg7cUAeV/CHx5+1ZZr4A8FeNP2WbPwz4e03S9F8P654vg+M/gXWl0+DS9Kis5NSi0WxY396kk1suy2hHnBZcnG1qAPo34peIviF4Y8LnU/hl8O0+J/ib+0LW3HhiTxTo/g9TYSpObnUP7Y1siyzaukCfZc+dN5+6PIiegDk/g943+Nni+416P4t/BGH4RQWMOnvoc8XxD8M+Of7cluHuxfwtF4fZn077AkVq4kuvluftW2LJhk2gGV8WfiD8f/Cmv2lh8K/2fYPiroMumx3F1r0vxQ8JeC2tdRaaZJNOGma6y3cwjhSGb7Wn7l/O8sYZG3AHq3gHWPF+veE9J1Xx34PXwH4puopG1Twqmu6f4lXSpFlZUiGtaUTY3nmRhZd8B2ru2HDKaAPnk/Fj9q3/AISpNLH7J1sfC512KxfxT/wuzwFuTRGvVhl1z+xt4vmaKyLXv9nAfaXK/ZxiVhQB9DePNY8XaF4P1nV/A/hBfHXi6zt7eTSPCD67p/hxdYuJLu2iuLc65qhGn2H2e0kuLvzLg7Jfs/kJmSVKAPJ/hP8AEL9oHxV4iudP+Kf7PcHwq8Px6bNc2/iCP4o+EfGbXOopNAkOm/2XoTNdxCaJ55vtbjyY/I8tstKu0A8Y+KHhr9oHwP8AtV6l8dPhR8I9M+Lvh3xV+z/4E+FGoac/xA8PeB9R0HWvBfxE+KHi6S8ceICsd/ZajY+PLOGA2pLwz2VyJgFeM0AfVHwt8R/ETxR4ZGpfE74cx/DDxJ9tuYT4aj8VaP4wUWcbYt7z+1tEJsiblfm8jPmRdHwTQB4t40+Kv7U2jeKda0vwd+ypbeMvDNlfTQaN4nf40eBNAbWrJGxFfHR9RcXtgZl+b7PcgSx9GyRlgD6R1fUNftPC+oanpPh9dW8TW+iz3th4YOp2liuoazHZtLBox1i4xZWwnuwtp9vlP2aPd57YjBoA+f8A4c/E39pbxF4s0/SviF+zLb/DvwrcJcm/8VR/F7wV4paweOFnt0Gi6Q5v7n7RMFhLRDEW7zHwgNAHo/xc8V/FTwnpGm3fwp+FMfxY1W5vXh1HSZfGmg+CRp1msW5L0XuvMsF0XkzF9nh/eLjecLjcAQ/CHxd8WvFum6rcfFj4RxfCXULW9SHS9Oi8ceH/ABuNVsmgjd703WgM0VmUnaSD7PP+8bZ5gyrDaAfGP/BRb4zftU/DT9nT9qq8+DHwHk8Qab4e/Z7+J2saH8VLL4neFtD1PRL6D4daxe3mu2Pha7Ya5Je+FJxPeWkcIaW9n06OS1B81FoA/wAUbWNQv9W1bU9U1W4mu9T1HULy91C6uWL3Fxe3Nw81zNM7YZpZJnd5CeSxOc9aAHaJquqaFrGla1od5dafrOk6jZalpV9YzS295Z6jZXEdxZ3NrPCySw3ENxHHJFJE6ujqCpBAoA/3CvgD8SvjrqX7EP7OfxEHw0bx98ZvEfwh+F+p+K/Bl54k0vwZKmqan4Wsp9cuJtV10raRS2lzgNbyHzpmlJXBVtwB7J8IPHPxv8XXmtw/Fr4Gw/CO0sreyk0a7i+IvhjxwdauJpLhby3MHh9mk0/7HHHbyebc/JP9o2x5MT7QCl8W/H/x88J67p9j8KfgBB8WNEuNLW5v9cl+JvhPwSbDUzdXEbaYNO15lurkLbR29z9siHkE3HkjDxPuAPTvh5rXjLxB4S0zVfH/AIMT4f8Aiq5E/wDaXhRNf03xOumFJ5EgA1rSS1heefAqT5hP7vzPKbLqdoB8/XPxY/asi8VyaVbfsn21z4XXXFsY/FJ+NfgKFpNFN4ITrf8AY7v9uUizJvP7PI+0kr5AHmHFAH0R421bxXovhHV9W8GeE18aeLLS1hl0nwk+t2Hh9dWunuII5bU65qWNPsfKgknn864Plv5HlLh5VoA/zUP+Dwv4yftG+M/2lP2XfAnxf+Hd78I/COjfBTUPE3hrwbF410fxrpGq61q3jbxFp2seKBfaCTY22oyW2lafpEtpKftC22mW0xASZDQB/HJQB/bJ/wAGUnxA+Jln+1n+1F8NNOfUJ/hNrXwZ0fxV4mjJnk0zTvGGjeJFsfDMqqWNvbXep6fqWuo7IiS3UenoHZ1t0CAH98/jj4p/tR6J4q1nS/BX7LFt428MWd20WkeKH+M3gXw82sWoA23R0bUnF9YljkeTcDzBjJxkUAfRt7qGvQ+Fr3VLLQBe+J4dBur6z8LnU7S3W81yKwknttCOsSE2NuLq+WOw/tKQ/ZYRJ9pfEStQB89/Dz4n/tNeIPFul6T4/wD2Ybf4feFLo3H9p+LE+MHgnxO2mCO2lktyNF0lzf3n2i4SK2/cA+V5vmvhEYqAenfFrxT8UfCmiWN78KvhZH8V9Znv/IvtFl8ZaF4KFjY+UzfbhqGvFba5PmhYvs0R835t/CqdwBS+EPjD4u+LbLV5viz8IIvhJeWl1DFpNnF468PeNxq1s8Qaa5M+gFo7Iwy5i8q4O98b1yp+UA+Tf2/vjJ+1H8M/gL+01f8AwX+BTeJbHw5+z58U9f0H4nWvxL8LaHqGia1Y/DjXdR/tWy8K3xOtXl34bvoRd2tvAjS6lNZxx2qs0yCgD/E08Q6rq2u67rOta7dXN7rWq6nfahqt3eMz3VxqF3cyT3c1wz/MZpJ5HaTdzuJz2oAq6ZqF/pOo2Gp6VdXNlqen3lte6feWcssF3a3ttMk1tPbTQMs0U8UyI8TxMsiuAUYEZUA/28/2UPih8edf/wCCfX7LfxOvPh9J8Qvjd4n+BXwm1nxZ4RvfEGl+DJptb1Xwrps+uTT6nre2ztZbadi728uJJGbauSDQB778IfHfxz8W6hq9v8WPgVD8JLC0tbaXSdQi+JHhfxudWuZJJVuLU2ugM0tl9mjSKTzrj5JfN2JlkbaAQ/F3x78ePCWs6ZZ/Cj4CQfFrR7nTPtOpaxL8S/Cvgk6bqX2q4i/s0WGvstxdj7LHb3X2uEeTm48nh4n3AHo/w41zxt4i8I6bq3xC8EJ8O/Fdw92NR8Jp4i0zxSunJFdSxWrjW9HJsLr7XbJFdbYTmHzfJkw6NQB3NABQAUAFABQAUAFABQAUAFABQAUAFABQB//V/v4oAKACgAoAKACgAoA/E74f/wDKfH9o3/swL4Df+rE+IlAH7Y0AFABQAUAFABQAUAeJ/tLfFa9+BH7OXx/+OGmaRa+INS+DXwT+KvxW0/Qb64mtLLW734eeBNe8XWukXl3bpJPa2upT6PHZ3FxCjzQwzPJGjOqrQB6Z4S1qTxJ4V8M+IpYEtZde8P6LrUttG7SR28mqabbXzwRuwDOkTTmNXYBmVQSASRQB0FABQAUAFABQAUAFAHhVl8X7y7/aY8UfAQ6NbJYeH/gb4B+LkfiAXMpvLi78ZePfiZ4Om0d7TZ5KW1lD4Ct72K4WTzZJdQmjZQkKFgD3WgAoAKACgAoAKAKGq6Xp2uaZqWi6xZW2paTq9heaXqmnXkST2d/p2oW8tpe2V1A4ZJra6tppYJ4nVkkidkYEEigD/ON/4K5/8GnPxj8A+N/i7+0Z+w9r/hPxF8B4tP8AGXxR1/4c+LNZh8P+J/h1pOk6fe+Jdb07SLi4Q2viSwtYYLtNLjgMd6YIoxcRq5NAHR/8EnP+DSX4z6l8VPhx8ef29dd8HaF8IvDl9oPjnS/hN4V1aHxLrXxIWNbXV9I0/wAQ3tsBZ6JoMkoQa3Yys1/eW/8AokQWOaZ1AP8ARUsbK102ytNOsYI7WysLaCzs7aJQsVva2sSw28MajhUiiREQdlXHagC1QAUAFABQAUAfiv8A8FrP+COXw2/4K4/AfR/C13rdt8P/AI5fDKbUNS+EfxIlszd2tq2pJH/afhjxFFCpup/D+pvBBOGh3y2F3GZYYiLm4NAH8AK/8Grf/BT5v2hpv2e/7L+Ev9rW/hfTPH03iYfELTf7CXwNqviXWPDVrrSkx+e12bjQ9QlbR9v2xViEZ+dgKAP7+v8Agif/AMEcPh1/wSK+A2teE7bxDb/EX44fE+60/V/i98SoLSSzs7+fToXTS/DXhy2nUXFt4a0M3F21oLgLc3V1dXV3OA0oRAD9rKACgAoAKACgCre2VnqVld6dqFtBe2F/a3FlfWd1Ek9td2d1E0FzbXEMgMc0E8MjxTRSApJG7IwKkigD/Oi/4K7f8Gm3xf8ADXxC+Kf7RX7CeueENa+C1zb+LPiR4g+F3ivWU8P+Ifh9ZWFle+IdatNDvLtWtfEGmRJDcLpdvEUvxGgWZBjcwBl/8Eov+DSj42+LviT8Nvjt+3Xr/g7w38EtJn8P+OdP+GHhXWU8ReJPiRBttdW0zTdXu7NFtfD+iySKI9at52+33Nu3kWyhZJHUA/0bdL0yx0bTdP0jS7WKy03S7O20+ws4EWOC1s7OFLe2giRQFWOKGNEVQMAAdaAL1ABQAUAFABQAUAFABQAUAFABQAUAFABQAUAFABQB/9b+/igAoAKACgAoAKACgD8Tvh//AMp8f2jf+zAvgN/6sT4iUAftjQAUAFABQAUAFABQBwPxW+G3hn4zfC74k/B/xol7L4O+K3gHxj8NvFkem3ZsNRk8M+OfDuo+F9eTT74RymyvX0rVLpbW7EUhtpzHMI32bWAOr0XSbTQdH0nQtPEi2Gi6ZYaTZLK/myi0061is7YSyYXzJBDCgd9q72y2BnFAGnQAUAFABQAUAFABQB55b/DDwrbfFfV/jPFFejxtrfw+8N/DK+na7J09vC3hXxF4r8U6TFHY7Nsd4mreM9bee6EhM0L20RVfIBcA9DoAKACgAoAKACgAoA5Px74L0P4keBvGnw78TR3Mvhvx74T8R+C/EEVnObW7k0PxTo95oerR2tyFY29y9hfXCwThWMMpWQKdoDAGroGiWPhrQ9H8PaWsqaboem2Wk2CzSedKtnYW8drbrLKVUySCKJQzlV3Nk45+UA16ACgAoAKACgAoAKAPPF+GHhVfircfGQQ3v/Ca3PgPTfhxLP8Aaz/Z/wDwjOla9rfiO0iFj5e0XY1PX9RZ7rzcvC0UWweXuYA9DoAKACgAoAKACgAoA8M/ag/5Np/aH/7IZ8Wv/UB8QUAXv2dv+SD/AAe/7Jx4Q/8ATJZ0Aey0AFABQAUAFABQAUAFABQAUAFABQAUAFABQAUAFABQB//X/v4oAKACgAoAKACgAoA/E74f/wDKfH9o3/swL4Df+rE+IlAH7Y0AFABQAUAFABQAUAfLP7c3iDxD4T/Ym/bD8VeEdSv9H8WeGf2Wf2gvEHhjV9Kdo9U0rxDo3wl8XajoupabIgZ0v7HUra2urN0VmW4ijKgkAUAe6fDq6ur34feBL2+llnvbvwb4YuryeYkzTXVxoljLcSyk4Jlkld3kJGS7HOKAOyoAKACgAoAKACgAoA+T9L8TeLJP25fHfg6XUtTbwLZ/sqfCLxLYaQwb+x4fFeqfFv45aZq+owtsC/2ldaRo+h210BIzC2s7QmNQQ7AH1hQAUAFABQAUAFABQB4X+1BrOu+Hf2aP2iPEHhe8vNP8TaF8C/i3rPh3UNOBOoWOu6Z4A8QXukXliFV2N5bahBbzWoCOfORMK2cUAdx8Lb2/1L4a+AdQ1Waa51O98HeHLrULi5/4+J7yfSbWW5lnyAfNkmZ2kyB85PA6UAd5QAUAFABQAUAFABQB8nR+JvFp/bg1TwedS1M+B4/2YfCHiKLSMN/ZC+KLr4nfEbTrzUFOzb/aEumWGm28o8zP2eCDKDIagD6xoAKACgAoAKACgAoA8M/ag/5Np/aH/wCyGfFr/wBQHxBQBe/Z2/5IP8Hv+yceEP8A0yWdAHstABQAUAFABQAUAFABQAUAFABQAUAFABQAUAFABQAUAf/Q/v4oAKACgAoAKACgAoA/E74f/wDKfH9o3/swL4Df+rE+IlAH7Y0AFABQAUAFABQAUAcr461zwf4Y8EeMfEvxCvNI07wB4e8K+Idc8cah4hSGTQLHwfpOkXl/4mvNcjuI5YJNItdFt72fUkmikhaySZZI3QsrAG9p1xY3mn2F3pckEumXVna3GnS2oUW0ljPAktpJbhQFED27RtCFAURlQABgUAXKACgAoAKACgAoAKAOZj13wm/jG98MxX2kt44tfDWl65faYvk/25F4Vv8AU9ZsNIvp8L9o/sq41bTNcgtNzGH7XbX2xQ+8sAdNQAUAFABQAUAFABQBjeI9T0LRPD2u6z4oubGy8NaTo2qan4ivNU8v+zLTQrCxnutXudR81Wi+wwafFcS3fmq0f2dJN6ldwYAuabdWF9p9jeaVLbz6ZdWlvcafNa7fs0tnNEsltJb7Aq+S8TI0e0BdhGOKALtABQAUAFABQAUAFAHMjXfCZ8YSeGhfaT/wm6eHbXWpdNHk/wBuL4YuNRv7KzvX+Tz/AOy5NUtNRhhy/lfaobnaocOWAOmoAKACgAoAKACgAoA8M/ag/wCTaf2h/wDshnxa/wDUB8QUAXv2dv8Akg/we/7Jx4Q/9MlnQB7LQAUAFABQAUAFABQAUAFABQAUAFABQAUAFABQAUAFAH//0f7+KACgAoAKACgAoAKAPxO+H/8Aynx/aN/7MC+A3/qxPiJQB+2NABQAUAFABQAUAFAHzj+2L8PvE/xb/ZF/an+FXgmzi1Dxn8Tf2cfjh8PvCNhPcR2kN94n8Z/DLxP4c0CzmupcRW0VzqupWkMlxKfLhRzI+FVqAPY/Aml3mieB/Bui6ggiv9I8KeHdLvo1YOsd5YaRZ2lyiuuVcJNC6hgcMBkZzQB1dABQAUAFABQAUAFAHzLpvw08WW37ZHjT4xS2luPA+s/s0/C74bWN8LuI3cnirwx8UPjH4n1e1ex/10dvDpPjDQ5Y7o/u5pJ5YV+aB6APpqgAoAKACgAoAKACgDxr9ozwdrnxE/Z7+O/w/wDDEEV14l8dfBr4n+DvD1tPOlrBca54n8Ea5omkwTXMn7u3imv763jknk+SJGMjfKpoA7D4b6Lf+HPh94I8P6pGkWpaJ4U0HSr+KORZUjvLDTLa2uUSVflkVZYnCuvDDBHUUAdrQAUAFABQAUAFABQB8yR/DTxYv7Ymo/F82lv/AMIRcfs6+Fvh5Fffa4vtR8T6X8RPHviG8tTZf64QJpmvadKt0T5bvJJEMtG9AH03QBnav5H9k6p9qv5tKtf7OvftOqW86Ws+mwfZpfOv4bqRJI7aazj3XEc8iOkLxrI6MqlaAP5jP+CVHxP+K/7Xfwj/AGhf2lf2hP26f2h/D/ws8TftaePfhf8Asr6Zo3j3wl4Zvl+G2leMLfwD4ZivY28I3V54h1zUPF73lgk6QoGtYIpseWJpUAP3y/ZZ+F/xZ+Efw61fwj8Y/i/4n+NviJPiN8RdQ0Dxr4vfTpdfPw+1Dxbqlx8P9I1KXTLOxtZb7SfCb6VZ30y26NLeRzyNjcAoB9JUAFABQB4Z+1B/ybT+0P8A9kM+LX/qA+IKAL37O3/JB/g9/wBk48If+mSzoA9loAKACgAoAKACgAoAKACgAoAKACgAoAKACgAoAKACgD//0v7+KACgAoAKACgAoAKAPxO+H/8Aynx/aN/7MC+A3/qxPiJQB+2NABQAUAFABQAUAFAHlHx5+Kth8Cfgd8ZvjfqmlXeu6Z8G/hR8RPirqOiWEsMF/rFh8PPCGseLrvSrKe4It4bvULfR5LS2lnIhjmmR5SEDGgDvfDetR+I/DugeIYYXt4de0XStait5SrSQR6pYwXyQyMuVZ4lnCOVO0spIyMUAbVABQAUAFABQAUAFAHkFp8XtNu/j34g+Aq6RfJq/h/4R+Dfi5NrrSwf2bcad4y8Y+PfB9tpMUAJuVvbO58BXd5PK4EDwX9ssbGRJVoA9foAKACgAoAKACgAoA4H4rePrP4U/C74k/FHULC51Ww+G3gHxj4+vtMs5IorzUrPwf4d1HxDc2FrLORDHc3kOnPbwSTERJLIrSEIGNAG94T8QQ+LPC/h3xRb28trB4h0XTNahtZmRpreLU7OG8SGVkJRpIlmCOyHaWUkYBFAHQUAFABQAUAFABQAUAeQL8X9Nb48XfwH/ALIvhq9p8KtG+Kja75sH9nPp+s+KvE3hWLSxBn7SLyG48NT3UkpBhaG5iRfnV9oB6/QB+Vv/AAWr/at0n9j3/gmb+1n8U5tcstJ8U6h8KPEHgDwDbS3sNrqeo+K/iJHF4JtX0SF5Enur7RbfX7jXiLZXaCLTWmfaq7qAPzt/Zk/Z3/4Jg/sZ/sM/sR/En42fFP4SaB41/Zj8M+DPjB4m8TWXxKt9Yv8Axj8Rp/Amvwa9bDwhY+Jrq21K91nxJ4tl1iytbLRHvH8Q2OmCLEjO9AH9G/gHxX/wnXgnwp4zGkajoC+KdA0vX00XV1RNT0yPVLSK8itL9YyyLdRRyqsqqSA+R2oA62gAoAKAPDP2oP8Ak2n9of8A7IZ8Wv8A1AfEFAF79nb/AJIP8Hv+yceEP/TJZ0Aey0AFABQAUAFABQAUAFABQAUAFABQAUAFABQAUAFABQB//9P+/igAoAKACgAoAKACgD8Tvh//AMp8f2jf+zAvgN/6sT4iUAftjQAUAFABQAUAFABQB5V8dvhVp/x2+CHxk+CGr6pd6HpXxk+FXxD+FWp63YQxXN9o+n/EPwjrHhG91Syt52WCe70+21iW7toZmWKWaJI5GCMSoB3nhzRovDnh7QfD0Ez3EGg6NpejQ3EqhJJ4tLsYLGOaRFJVXlSAO6qSFZiASBmgDZoAKACgAoAKACgAoA8ltfhHpNr8dNe+O66letruv/Cjwf8ACafSDHF/Z8Ok+DvF3jrxfaalHLnzjeXV347vraeMr5aw2duykszigD1qgAoAKACgAoAKACgDhPil4Dsfin8MviL8MdUvLjT9M+I/gTxd4D1HULNEku7Gx8X+H9Q8P3d5apIRG9xbW+oyTQJIQjSooYhSTQBueFdAt/Cnhnw/4YtZpbm28PaNpujW9xMFEs8Om2kVpFLKFwokkSEMwXgMSBnANAG/QAUAFABQAUAFABQB4EvhT4dp+0Vd/FP/AITvSf8AhPLr4Y6R8K38GnWNIFwmm6N4o8SeKIr4WH2r+0vtsl14kubaSMwKgigiI+dnFAHvtAHDeO/hf8NPilp9rpPxN+Hfgb4jaVZXDXVlpnjvwloHi7T7O6ZQjXNrZ+INP1G2t7hkARpookkK4UuQMUAect+yd+yy7WjN+zT8AGbT2jawZvg38Oi1k0LK0LWhPhzNs0TIrRmEqUZVK7SAaAPfI444o0iiRI4okWOOONQkccaDaiIi4VERQFVVGFAwMAUAPoAKACgDwz9qD/k2n9of/shnxa/9QHxBQBe/Z2/5IP8AB7/snHhD/wBMlnQB7LQAUAFABQAUAFABQAUAFABQAUAFABQAUAFABQAUAFAH/9T+8H/hZnw3/wCig+CP/Cr0H/5OoAP+FmfDf/ooPgj/AMKvQf8A5OoAP+FmfDf/AKKD4I/8KvQf/k6gA/4WZ8N/+ig+CP8Awq9B/wDk6gA/4WZ8N/8AooPgj/wq9B/+TqAD/hZnw3/6KD4I/wDCr0H/AOTqAD/hZnw3/wCig+CP/Cr0H/5OoA/FrwB488DL/wAF4/2idTbxn4UXTpf2CfgTaxag3iLSBZS3MXxC+ITyW8d2bwQPPGrqzxK5kRWUsoDA0AftL/wsz4b/APRQfBH/AIVeg/8AydQAf8LM+G//AEUHwR/4Veg//J1AB/wsz4b/APRQfBH/AIVeg/8AydQAf8LM+G//AEUHwR/4Veg//J1AB/wsz4b/APRQfBH/AIVeg/8AydQAf8LM+G//AEUHwR/4Veg//J1AB/wsz4b/APRQfBH/AIVeg/8AydQB83/tkfH/AEX4cfsh/tU/EP4f/EzwhYePPAf7N/xx8Z+Cb+18R6Dd3Vl4u8L/AAx8Ua54bu7a1N5ILm4ttZsbOaG3KOJpEWMo27bQB7L4D+LngXVfA3gzVNT+IngqXUtS8KeHb/UJH8U6CjyX15pFncXbun24bGeeSRmXA2k4wMYoA6v/AIWZ8N/+ig+CP/Cr0H/5OoAP+FmfDf8A6KD4I/8ACr0H/wCTqAD/AIWZ8N/+ig+CP/Cr0H/5OoAP+FmfDf8A6KD4I/8ACr0H/wCTqAD/AIWZ8N/+ig+CP/Cr0H/5OoAP+FmfDf8A6KD4I/8ACr0H/wCTqAD/AIWZ8N/+ig+CP/Cr0H/5OoA+ZtO/aK0qf9sfxp8L5viP4LPw+0r9mr4XePNOtv8AhINCCJ4x8Q/E/wCMfh/W5xf/AG7EjSaL4X8PRm0yfJESzYHn5YA+mf8AhZnw3/6KD4I/8KvQf/k6gA/4WZ8N/wDooPgj/wAKvQf/AJOoAP8AhZnw3/6KD4I/8KvQf/k6gA/4WZ8N/wDooPgj/wAKvQf/AJOoAP8AhZnw3/6KD4I/8KvQf/k6gA/4WZ8N/wDooPgj/wAKvQf/AJOoAP8AhZnw3/6KD4I/8KvQf/k6gDxr9oz46+GPA/7Pnx28a+EfiL4Kh8V+EPg18T/FHhiZPEmhXTQ+IfD/AII1zVtFlW1+3H7S0epWls4gwfOK+Xg7sUAdj8OPjD4I134feCda1j4h+CX1XVvCug6jqTnxPoUJe+vNMtbi6Yxfbv3ZaaRzs/h6dqAO0/4WZ8N/+ig+CP8Awq9B/wDk6gA/4WZ8N/8AooPgj/wq9B/+TqAD/hZnw3/6KD4I/wDCr0H/AOTqAD/hZnw3/wCig+CP/Cr0H/5OoAP+FmfDf/ooPgj/AMKvQf8A5OoAP+FmfDf/AKKD4I/8KvQf/k6gD+S3/g6J/wCC1Xj/APYq+HXw4/Zh/ZJ8d2Wh/F/456BqXirxf8SvDd7Y6pf+D/hvFf3vh+LTvD95bSXNvYa94h1Ox1OK5u5B9qsdNtUNsivfLPEAf5wzftRftIt4vPxAPx6+MH/CbGbzz4q/4WL4s/twy7t+86j/AGqbkncM8ye3clgD/R5/4Nev+C1njn9tP4cfEP8AZl/a18dabqfxe+Buk6LrfhH4ieJdTsNN1Px74C1CafT5LfVprmaBLzWvDN5bwRXF79+7s9RstwaWKV6AP60v+FmfDf8A6KD4I/8ACr0H/wCTqAD/AIWZ8N/+ig+CP/Cr0H/5OoAP+FmfDf8A6KD4I/8ACr0H/wCTqAD/AIWZ8N/+ig+CP/Cr0H/5OoAP+FmfDf8A6KD4I/8ACr0H/wCTqAD/AIWZ8N/+ig+CP/Cr0H/5OoA8P/ab+JHw7m/Zt/aEhh8e+C5ZZfgf8WI4oo/FOhvJJI/gLX1SONFvizu7EKqqCzMQACSBQBe/Z6+JPw7i+BXwhil8e+C45I/h14SSSOTxToaOjrotmGV0a+DKynIKkZB4OKAPYv8AhZnw3/6KD4I/8KvQf/k6gA/4WZ8N/wDooPgj/wAKvQf/AJOoAP8AhZnw3/6KD4I/8KvQf/k6gA/4WZ8N/wDooPgj/wAKvQf/AJOoAP8AhZnw3/6KD4I/8KvQf/k6gA/4WZ8N/wDooPgj/wAKvQf/AJOoAP8AhZnw3/6KD4I/8KvQf/k6gA/4WZ8N/wDooPgj/wAKvQf/AJOoAP8AhZnw3/6KD4I/8KvQf/k6gA/4WZ8N/wDooPgj/wAKvQf/AJOoAP8AhZnw3/6KD4I/8KvQf/k6gA/4WZ8N/wDooPgj/wAKvQf/AJOoA+QP2vfi1+0lpfhzwlqX7E/iT9lrxT4ms9V1CXxr4a+NfxBGg2Gs6N9mtv7MttB1nRZrn+z737ULv7XLdxNH5TQeXyHoA+Bv+Hnf/BQT4W8fHT/gm/o/jiJOJNQ/ZX/aU+GfxERkH/LxHpmv6npWokFQW+y7PtHIXlshQC3Zf8HDH7Fvh27g0f4+eBP2j/2dNfkkEU9n8QfhFrN9pNnJ0cXHiTw0+p6UojbcGYNt2ruBIIFAH2b8KP8Agrh/wTZ+NcttafD39sj4I6nqdzsH9kaj4ttfD+qW8j4AgurXXV08wTKSFdWYhTkEnmgD7h8I/Ev4c/ECOWbwH4/8E+NooHMc8vhLxVoXiSOGQKrGOZ9HvrxYnCurFHKsFYEqAaAO2oA//9X+n3/hxP8A8Ex/+iAX/wD4dD4o/wDzX0AH/Dif/gmP/wBEAv8A/wAOh8Uf/mvoAP8AhxP/AMEx/wDogF//AOHQ+KP/AM19AB/w4n/4Jj/9EAv/APw6HxR/+a+gA/4cT/8ABMf/AKIBf/8Ah0Pij/8ANfQAf8OJ/wDgmP8A9EAv/wDw6HxR/wDmvoAP+HE//BMf/ogF/wD+HQ+KP/zX0Afk94L/AOCRf7BN/wD8Flfjn8DLr4OXknwz8PfsY/B3x3pOgf8ACf8AxAR7bxPrnjfxvp+p6gdUTxKNUmW4tdPtYxazXjWsXl74oVdnZgD9Yf8AhxP/AMEx/wDogF//AOHQ+KP/AM19AB/w4n/4Jj/9EAv/APw6HxR/+a+gA/4cT/8ABMf/AKIBf/8Ah0Pij/8ANfQAf8OJ/wDgmP8A9EAv/wDw6HxR/wDmvoAP+HE//BMf/ogF/wD+HQ+KP/zX0AH/AA4n/wCCY/8A0QC//wDDofFH/wCa+gA/4cT/APBMf/ogF/8A+HQ+KP8A819AEF1/wQd/4JfXttcWV7+zxcXdndwTWt3aXXxL+Js9tdW1xG0U9vcQS+LXimgmidopopUeOSNmR1ZWYUASp/wQk/4JiRokcf7P17HGiqiInxP+KCoiKAFRFXxcFVVAAVQAAAAAMYoAd/w4n/4Jj/8ARAL/AP8ADofFH/5r6AD/AIcT/wDBMf8A6IBf/wDh0Pij/wDNfQAf8OJ/+CY//RAL/wD8Oh8Uf/mvoAP+HE//AATH/wCiAX//AIdD4o//ADX0AH/Dif8A4Jj/APRAL/8A8Oh8Uf8A5r6AD/hxP/wTH/6IBf8A/h0Pij/819AB/wAOJ/8AgmP/ANEAv/8Aw6HxR/8AmvoArj/gg5/wS9F098P2d5xeyQR2r3g+JXxNF09rDJLLFbPcf8Jb5rQRSzzyxwlzGkk0rqqtI5YAsf8ADif/AIJj/wDRAL//AMOh8Uf/AJr6AD/hxP8A8Ex/+iAX/wD4dD4o/wDzX0AH/Dif/gmP/wBEAv8A/wAOh8Uf/mvoAP8AhxP/AMEx/wDogF//AOHQ+KP/AM19AB/w4n/4Jj/9EAv/APw6HxR/+a+gA/4cT/8ABMf/AKIBf/8Ah0Pij/8ANfQAf8OJ/wDgmP8A9EAv/wDw6HxR/wDmvoAin/4IP/8ABMC6gmtrn9nq6uLa4ikguLef4mfE+aCeCZDHLDNFJ4uaOWKWNmSSN1ZHRirAqSKAHR/8EI/+CYcSJFF+z7eRxxqqJHH8TvigiIijCqiL4vCqqgYVVGAOBjAoAf8A8OJ/+CY//RAL/wD8Oh8Uf/mvoAP+HE//AATH/wCiAX//AIdD4o//ADX0AH/Dif8A4Jj/APRAL/8A8Oh8Uf8A5r6AD/hxP/wTH/6IBf8A/h0Pij/819AB/wAOJ/8AgmP/ANEAv/8Aw6HxR/8AmvoAP+HE/wDwTH/6IBf/APh0Pij/APNfQB/Hp/wdOf8ABF7QP2a9O+DX7U37Ivwu1iw+CWneH7rwF8X9NsNT8UeL5/DXiddX1DVdE8U6jc61faxeWWk6xp16NKUpIlnBdaQzy7Huk3gH8R2DnGDnOMd8+mOTnPHT86AP7av+DWL/AIIu+Gf2nNL+MP7VX7XHwv169+Dd7pmneCPgzY3uq+I/CX/CWap9re+8T+J7KXRb/SdRu9I0+OLTtPsrnz5LG7uZL4IHNsrqAf2Jf8OJ/wDgmP8A9EAv/wDw6HxR/wDmvoAP+HE//BMf/ogF/wD+HQ+KP/zX0AH/AA4n/wCCY/8A0QC//wDDofFH/wCa+gA/4cT/APBMf/ogF/8A+HQ+KP8A819AB/w4n/4Jj/8ARAL/AP8ADofFH/5r6AD/AIcT/wDBMf8A6IBf/wDh0Pij/wDNfQBHN/wQh/4Jg3EUsE/7Pd3PBPG8M0M3xN+J8kU0UilJIpY38XMkkciMUdHVlZWKsCCRQAsX/BCL/gmFBGkMP7Pl5DFEqxxxRfE34nxxxoowqIieLlVFUABVUAAcDoaAH/8ADif/AIJj/wDRAL//AMOh8Uf/AJr6AD/hxP8A8Ex/+iAX/wD4dD4o/wDzX0AH/Dif/gmP/wBEAv8A/wAOh8Uf/mvoAP8AhxP/AMEx/wDogF//AOHQ+KP/AM19AB/w4n/4Jj/9EAv/APw6HxR/+a+gA/4cT/8ABMf/AKIBf/8Ah0Pij/8ANfQAf8OJ/wDgmP8A9EAv/wDw6HxR/wDmvoAP+HE//BMf/ogF/wD+HQ+KP/zX0AH/AA4n/wCCY/8A0QC//wDDofFH/wCa+gA/4cT/APBMf/ogF/8A+HQ+KP8A819AB/w4n/4Jj/8ARAL/AP8ADofFH/5r6AD/AIcT/wDBMf8A6IBf/wDh0Pij/wDNfQB8gfte/wDBMf8A4J9/sx+HPCWq+A/+Cb37QH7U+v8Ai7VtQ0q38I/BDx94+vNS0f7BbW1x/aGv3er+ObWx0vTrn7QYoLmVypkgmBHymgD4G/4dtfFr4p/vPhH/AMEWfAvwj0e6+VNV/aT/AG0PHlhrmmq/3JpvC/gzxNqM9zJGDl4VlVdwKlj1oAki/wCDar9oP4pFk+JHxQ/Zk+B3h7UB/pGhfB/w78Z/G3iPTo5Pvw/2/wCM/Hdnp91JGpIRhbNExAY5yQoB6Z8OP+DOj/gnjpWojV/jP8Vfj38Zb9pBNOseuWXgOxkkzuMYgsRrsott3Hkm4JKHBkBO6gD9j/2Vf+CLX/BO/wDYzuIdQ+BXwW1Dw/rFvdxX8esXPxB8dyXZu4o4o/OnttP1/TdJu3kEKGX7Zp0/mFcHCDZQB+qaqEVVUYVQFAyTgAYAyck8DqTk980Af//W/v4oAKACgAoA+J/2o/2t1+Dvjf4S/s+/C3R9N+In7UXx4v55Ph/8N7y5vLKx0fwBoU8aeO/i74z1OGJbTS/BXgxJbe3ljmv7XVdf1e+tNK8O2uqXguLeIAwv2bP2q/Fvjj9pD9pP9kP4wWPhC1+L/wCz3pvwy8aR6v4Im1U6D4y+G/xZ0GXUvDuuR2erQJcabqWnaxp2u+HdVsXkz5+lLfQRixvLWe4APvWgD8Tvh/8A8p8f2jf+zAvgN/6sT4iUAftjQAUAFABQAUAFABQAUAFABQAUAFABQAUAFABQAUAFABQAUAFABQAUAFABQAUAFABQAUAFABQAUAYXifwv4b8a+H9W8J+L9B0jxP4Z16yl07WtA17T7XVNI1Wxmx5lrfafeRzW1zCxCtslQ7XVJF2uqMoB+UH/AA4V/wCCSP8Awmo8df8ADE/woGqi8XURYC31X+wv7QS5+1ref2T/AGl5Hmfav35j3fZi3yGDyf3VAH6veGPC3hrwVoGleFfB+gaN4W8M6HZw6fo3h/w/ptppGj6XY26BIbSw06xigtbWCNQAscMSKOuDkmgDeoAKACgAoAKACgAoAKACgAoAKACgAoAKACgAoAKACgAoAKACgAoAKACgAoAKAP/X/v4oAKACgAoA/B79l7R774mf8F2P+ClXxS8XtcSj9n74G/sv/Ar4S2d+xLaB4e8aeEpPiN48udPjbIhsPEviC4sb7zI8CZ7dy5yuygDG/wCCaenal8e/+Cm//BVj9u7T/Pl+EfiPxP8ACf8AZR+EOq/OdM8Tx/s36De6D468U6Bcj9zqOh6j4mvpbW3u4gYvtljfLGxIagD9+qAPxO+H/wDynx/aN/7MC+A3/qxPiJQB+2NABQAUAFABQAUAFABQAUAFABQAUAFABQAUAFABQAUAFABQAUAFABQAUAFABQAUAFABQAUAFABQAUAFABQB+dHjn9vxPtv7QEvwG+E2rfHfwn+yrZ61J8cPGei+JdE0HRLHxD4X0iXxD4s+H/gyfVHA8WeNPDWhxNdata2Jaztb8pojy/2lKsagH2b8G/ix4N+O/wAKfh58Zvh5qH9q+B/id4Q0Lxr4W1Arsa60XxBYQ6hYySJyUk8mdVkQ8q6kcYIoA+VPFn7at3fftT+PP2QPgd8MLr4pfFX4SfDHwn8U/ird33iTSfCPhrwlpnj59T/4QXw+LzU287Ute8UW+kXl1CbZPsWmW4il1CVRKooA9X/ZA/an8F/tjfBHRvjT4J0jWvDltda/4v8ABviHwt4iSEaz4W8a+APEupeD/GPh2+ktme0un0nxDpF/Zpe2jvbXkUSXMDGOVaAPp6gAoAKACgAoAKACgAoAKACgAoAKACgAoAKACgAoAKACgAoAKACgD//Q/v4oAKACgAoA+P8A4m/sU/Cz4j/Enxl8WrLxD8Svhh47+JfgrRPh38Udb+FPixfCVz8RfCHhttQ/sLTvE7nTdRkmudKtdV1DTLHVLFrHUYNKu5bNLkbbaS3APfPhP8Jvh38Dvh94Z+Fvwq8K6X4L8CeEdPTTdC8P6RAILW1gUs8ssjZaW6vbud5Lq+vrl5bu9u5Zbm5llmld2APRKAPxO+H/APynx/aN/wCzAvgN/wCrE+IlAH7Y0AFABQAUAFABQAUAFABQAUAFABQAUAFABQAUAFABQAUAFABQAUAFABQAUAFABQAUAFABQB+TH/BaL4ifF74A/sNfEf8Aag+CPxW8V/Dvxz+z1qXgT4iroei3+mW+i/Efw3pXjzw+vjLwPr1lqOn3bXsOteFLnVwgtZraeIWxkV1VXdQD6k/ZS8PfFDWtN/4X78RfjVrXjkfG3wN4G8Q6d8MbFNLHwv8Ahi0tndam8fgOe3gGp332+01Szs9U1LUrmRtRk0uK9SK2aaWKgD52/bp+Kf7R3gX4keFdN+Dn7aP7HH7NmgXXgyK91Lwl+0ZoT6p4r1vVjrWrQt4g0aZdY04R6A9pDbafHH5Lf8TCxvm8w52qAeB/AL45ftheIPjJ8PtG8a/8FH/+CdvxP8Kahr0cGueAfhp4XktPHnimyNtcM2meGLk+IbkQ6k8ipKrGCX91DKNvIKgH6b/tj/FfUvgT+yV+018aNEdo9d+FnwF+LPjzQJFi8/Z4g8MeBtc1bQmaLBDxrq1tZmUMNgj3F8KDQB+IfwbuNK/Yk/4NvvEHxD8T3kv/AAm/xA/ZF8d/EbxPqbsbjWvEXxz/AGn9G1GSEGX5rvVtSuvHvj+ztrZR51y1vEkcSlIgFAP1G/4JZfCjxR+zz/wTd/Y5+F/xIZ7Lxd4B/Z2+Hdn4zju3IXS9Xg8M2l3rFsWblLfT5nmiXdgpFFggYIoA/DP9qPT/ANpn4/v40/4LV/8ABPy2vfhhpPg/wFq3gjxh4RGttZeNP2x/2ZfhxqmpN4k8Xw20lrcaX4I8SaDo9lq+ofCfUrkXGqvpypLdWi5toroA/oR/YEsPgVF+yB8B9e/Zu8Ov4Z+EHj/wFo/xM8MWN1NLdapdt8QoB4r1PWNdvZy09/r+r6nql1qGs302JLu/nnmKpu2KAfYVABQAUAFABQAUAFABQAUAFABQAUAFABQAUAFABQAUAFABQB+BvxY+J/7THhD/AIK6Wf7GfhH9ovxLa/Cj9qr9k69+Jek3HiC80TVtX+Bvi34e+Mr/AEfxevw0tG062/4nvijQ9X8PXWm2mrSXkWn24utWRJTZwJKAft18NfCereBPAHg/wbr3jXxD8R9Z8NeH9N0bU/Hniz7J/wAJL4tvbG2jguNe1v7BDb2Q1LUZFNxd/ZoY4fNdvLRFIWgD/9H+/igAoAKACgAoAKACgD8Tvh//AMp8f2jf+zAvgN/6sT4iUAftjQAUAFABQAUAFABQAUAFABQAUAFABQAUAFABQAUAFABQAUAFABQAUAFABQAUAFABQAUAFAHw78Rf2OL746at8a9L+Pvxa1L4mfB74jeH/FHhzwD8IpfCukaRo/wxtvGfgy78G69qR1OC5nufF2sQ2Oo6g/h+61SG3XRZL28nhWW4uEe1AOt/Yr/Zk1r9kr4C+B/grr3xf8TfGqfwL4f0bwlpHizxNpljok8Hhjw1p8GkeHtIh0vT57i3VrLTbWH7dqEk0lzquoPdahN5JnFugB2vxa/ZS/Zp+POuaf4l+NPwK+F3xS8QaTpa6Jpms+OfB2i+ItSsNIS6ub5dNtbvUrK5lhs1vLy6uRbo6xia4lkxudqAOP8AB/7CP7GPw+8TaN408D/sv/A/wn4t8O3i6hoXiPQPh54c0zWNIvlR41u9Pv7XTYbi1nEckiCWKRWCuw5BIYA+gviB4F8M/FDwH41+GvjXTU1jwd8QfCniHwT4q0mU7U1Lw54p0m70TWrFnAJT7Vp19cw+Yo3Rlw64YCgD87PDX/BNDR5PCv7P/wAI/i58Y/EXxe/Z9/Zhu/Dep/Cv4P6p4Y0rQrHUdY8DRiD4f6p8Ttcsr66u/Hz+C4Fhk0qyvLazsp9Vt4tZvYpZ9luoB9W3PwQ8f3H7T9t8bv8AhfHjFPhHD8Grn4ZXP7MX9kaM/wAOr/xPca//AGovxMuNRaM6uNdg0rd4fjsFP9nPYyuZIy4Q0AfOugf8E/77wP8AAPxd+yj8O/jx4l8Ifs7eKLfxd4fs/CkXhTR9Q8WeEfh944nvm8Q+AvDXja4vo7m3sDYarqWk6Lqk1g99oWny28MMd09ssrAH3B8K/hl4M+C/w28DfCX4d6RFoHgX4c+FtF8HeE9GhLNFpug6BYw6dptortln8q2gRS7cs2ScZIoA76gAoAKACgAoAKACgAoAKACgAoAKACgAoAKACgAoAKACgDhPid4e8XeLPh94u8N+AvG0vw38Z6zol3Y+G/HcOj2viCTwtqsy/wCjaumi30sFpqJt2HNtPKiMGJzlVFAH50/E7/gmUvxH8V/syfF8fH/xd4e/aM+AfjnxX4v8SfHHT/C2iS698T7H4heDrfwX448M3mkTXQsfDujXGl6fpA8LWtlNeQ+FJdLs7i3ivbiJ3nAP1GsLNNPsbSxjkmlSzt4bdZZ5DLPKIUCeZNIxJeV9u6RyfmYk8cUAf//S/v4oAKACgAoAKACgAoA/E74f/wDKfH9o3/swL4Df+rE+IlAH7Y0AFABQAUAFABQAUAFABQAUAFABQAUAFABQAUAFABQAUAFABQAUAFABQAUAFABQAUAFABQAUAFABQAUAFABQAUAFABQAUAFABQAUAFABQAUAFABQAUAFABQAUAFABQAUAFABQAUAFABQAUAf//Z</file>
<file name="vlna5_moodle.jpg" path="/" encoding="base64">/9j/4AAQSkZJRgABAQAASABIAAD/4QBMRXhpZgAATU0AKgAAAAgAAgESAAMAAAABAAEAAIdpAAQAAAABAAAAJgAAAAAAAqACAAQAAAABAAACmaADAAQAAAABAAABUAAAAAD/4QkhaHR0cDovL25zLmFkb2JlLmNvbS94YXAvMS4wLwA8P3hwYWNrZXQgYmVnaW49Iu+7vyIgaWQ9Ilc1TTBNcENlaGlIenJlU3pOVGN6a2M5ZCI/PiA8eDp4bXBtZXRhIHhtbG5zOng9ImFkb2JlOm5zOm1ldGEvIiB4OnhtcHRrPSJYTVAgQ29yZSA1LjQuMCI+IDxyZGY6UkRGIHhtbG5zOnJkZj0iaHR0cDovL3d3dy53My5vcmcvMTk5OS8wMi8yMi1yZGYtc3ludGF4LW5zIyI+IDxyZGY6RGVzY3JpcHRpb24gcmRmOmFib3V0PSIiLz4gPC9yZGY6UkRGPiA8L3g6eG1wbWV0YT4gICAgICAgICAgICAgICAgICAgICAgICAgICAgICAgICAgICAgICAgICAgICAgICAgICAgICAgICAgICAgICAgICAgICAgICAgICAgICAgICAgICAgICAgICAgICAgICAgICAgICAgICAgICAgICAgICAgICAgICAgICAgICAgICAgICAgICAgICAgICAgICAgICAgICAgICAgICAgICAgICAgICAgICAgICAgICAgICAgICAgICAgICAgICAgICAgICAgICAgICAgICAgICAgICAgICAgICAgICAgICAgICAgICAgICAgICAgICAgICAgICAgICAgICAgICAgICAgICAgICAgICAgICAgICAgICAgICAgICAgICAgICAgICAgICAgICAgICAgICAgICAgICAgICAgICAgICAgICAgICAgICAgICAgICAgICAgICAgICAgICAgICAgICAgICAgICAgICAgICAgICAgICAgICAgICAgICAgICAgICAgICAgICAgICAgICAgICAgICAgICAgICAgICAgICAgICAgICAgICAgICAgICAgICAgICAgICAgICAgICAgICAgICAgICAgICAgICAgICAgICAgICAgICAgICAgICAgICAgICAgICAgICAgICAgICAgICAgICAgICAgICAgICAgICAgICAgICAgICAgICAgICAgICAgICAgICAgICAgICAgICAgICAgICAgICAgICAgICAgICAgICAgICAgICAgICAgICAgICAgICAgICAgICAgICAgICAgICAgICAgICAgICAgICAgICAgICAgICAgICAgICAgICAgICAgICAgICAgICAgICAgICAgICAgICAgICAgICAgICAgICAgICAgICAgICAgICAgICAgICAgICAgICAgICAgICAgICAgICAgICAgICAgICAgICAgICAgICAgICAgICAgICAgICAgICAgICAgICAgICAgICAgICAgICAgICAgICAgICAgICAgICAgICAgICAgICAgICAgICAgICAgICAgICAgICAgICAgICAgICAgICAgICAgICAgICAgICAgICAgICAgICAgICAgICAgICAgICAgICAgICAgICAgICAgICAgICAgICAgICAgICAgICAgICAgICAgICAgICAgICAgICAgICAgICAgICAgICAgICAgICAgICAgICAgICAgICAgICAgICAgICAgICAgICAgICAgICAgICAgICAgICAgICAgICAgICAgICAgICAgICAgICAgICAgICAgICAgICAgICAgICAgICAgICAgICAgICAgICAgICAgICAgICAgICAgICAgICAgICAgICAgICAgICAgICAgICAgICAgICAgICAgICAgICAgICAgICAgICAgICAgICAgICAgICAgICAgICAgICAgICAgICAgICAgICAgICAgICAgICAgICAgICAgICAgICAgICAgICAgICAgICAgICAgICAgICAgICAgICAgICAgICAgICAgICAgICAgICAgICAgICAgICAgICAgICAgICAgICAgICAgICAgICAgICAgICAgICAgICAgICAgICAgICAgICAgICAgICAgICAgICAgICAgICAgICAgICAgICAgICAgICAgICAgICAgICAgICAgICAgICAgICAgICAgICAgICAgICAgICAgICAgICAgICAgICAgICAgICAgICAgICAgICAgICAgICAgICAgICAgICAgICAgICAgICAgICAgICAgICAgICAgICAgICAgICAgICAgICAgICAgICAgICAgICAgICAgICAgICAgICAgICAgICAgICAgICAgICAgICAgICAgICAgICAgICAgICAgICAgICAgICAgICAgICAgICAgICAgICAgICAgICAgICAgICAgICAgICAgICAgICAgICAgICAgICAgICAgICAgICAgICAgICAgICAgICAgICAgICAgICAgICAgICAgICAgICAgICAgICAgICAgICAgICAgICAgICAgICAgICAgICAgICAgICAgICAgICAgICAgICAgICAgICAgICAgICAgICAgICAgICAgICAgICAgICAgICAgICAgICAgICAgICAgICAgICAgICAgICAgICAgICAgICAgICAgICAgICAgICAgICAgICAgICAgICAgICAgICAgICAgICAgICAgICAgICAgICAgICAgICAgICAgICAgICAgICAgICAgICAgICAgICAgICAgICAgICAgICAgICAgICAgICAgICAgICAgICAgICAgICAgICAgICAgICAgICAgICAgICAgICAgICAgICAgICAgICAgICAgICAgICAgICAgICAgICAgICAgICAgICAgICAgICAgICAgICAgICAgICAgICAgICAgICAgICAgICAgICAgICAgICAgICAgICAgICAgICAgICAgICAgICAgICAgICAgICAgICAgICAgICAgICAgICAgICAgICAgICAgICAgICAgICAgICAgICAgICAgICAgICAgICAgICAgICAgICAgICAgICAgICAgICAgICAgICAgICAgICAgICAgICAgICAgICAgICAgICAgICAgICAgICAgICAgICAgICAgICAgICAgICAgICAgICAgICAgICAgICAgICAgICAgICAgICAgICAgICAgICAgICAgICAgICA8P3hwYWNrZXQgZW5kPSJ3Ij8+AP/tADhQaG90b3Nob3AgMy4wADhCSU0EBAAAAAAAADhCSU0EJQAAAAAAENQdjNmPALIE6YAJmOz4Qn7/4htESUNDX1BST0ZJTEUAAQEAABs0YXBwbAIQAABtbnRyUkdCIFhZWiAH5AABAAEACAAyADRhY3NwQVBQTAAAAABBUFBMAAAAAAAAAAAAAAAAAAAAAAAA9tYAAQAAAADTLWFwcGwAAAAAAAAAAAAAAAAAAAAAAAAAAAAAAAAAAAAAAAAAAAAAAAAAAAAAAAAAAAAAABFkZXNjAAABUAAAAGJkc2NtAAABtAAABDZjcHJ0AAAF7AAAACN3dHB0AAAGEAAAABRyWFlaAAAGJAAAABRnWFlaAAAGOAAAABRiWFlaAAAGTAAAABRyVFJDAAAGYAAACAxhYXJnAAAObAAAACB2Y2d0AAAOjAAABhJuZGluAAAUoAAABj5jaGFkAAAa4AAAACxtbW9kAAAbDAAAAChiVFJDAAAGYAAACAxnVFJDAAAGYAAACAxhYWJnAAAObAAAACBhYWdnAAAObAAAACBkZXNjAAAAAAAAAAhEaXNwbGF5AAAAAAAAAAAAAAAAAAAAAAAAAAAAAAAAAAAAAAAAAAAAAAAAAAAAAAAAAAAAAAAAAAAAAAAAAAAAAAAAAAAAAAAAAAAAAAAAAAAAAAAAAAAAbWx1YwAAAAAAAAAjAAAADGhySFIAAAAUAAABtGtvS1IAAAAMAAAByG5iTk8AAAASAAAB1GlkAAAAAAASAAAB5mh1SFUAAAAUAAAB+GNzQ1oAAAAWAAACDGRhREsAAAAcAAACIm5sTkwAAAAWAAACPmZpRkkAAAAQAAACVGl0SVQAAAAUAAACZHJvUk8AAAASAAACeGVzRVMAAAASAAACeGFyAAAAAAAUAAACinVrVUEAAAAcAAACnmhlSUwAAAAWAAACunpoVFcAAAAMAAAC0HZpVk4AAAAOAAAC3HNrU0sAAAAWAAAC6npoQ04AAAAMAAAC0HJ1UlUAAAAkAAADAGZyRlIAAAAWAAADJG1zAAAAAAASAAADOmhpSU4AAAASAAADTHRoVEgAAAAMAAADXmNhRVMAAAAYAAADamVzWEwAAAASAAACeGRlREUAAAAQAAADgmVuVVMAAAASAAADknB0QlIAAAAYAAADpHBsUEwAAAASAAADvGVsR1IAAAAiAAADznN2U0UAAAAQAAAD8HRyVFIAAAAUAAAEAHB0UFQAAAAWAAAEFGphSlAAAAAMAAAEKgBMAEMARAAgAHUAIABiAG8AagBpzuy37AAgAEwAQwBEAEYAYQByAGcAZQAtAEwAQwBEAEwAQwBEACAAVwBhAHIAbgBhAFMAegDtAG4AZQBzACAATABDAEQAQgBhAHIAZQB2AG4A/QAgAEwAQwBEAEwAQwBEAC0AZgBhAHIAdgBlAHMAawDmAHIAbQBLAGwAZQB1AHIAZQBuAC0ATABDAEQAVgDkAHIAaQAtAEwAQwBEAEwAQwBEACAAYwBvAGwAbwByAGkATABDAEQAIABjAG8AbABvAHIgDwBMAEMARAAgBkUGRAZIBkYGKQQaBD4EOwRMBD4EQAQ+BDIEOAQ5ACAATABDAEQgDwBMAEMARAAgBeYF0QXiBdUF4AXZX2mCcgAgAEwAQwBEAEwAQwBEACAATQDgAHUARgBhAHIAZQBiAG4A/QAgAEwAQwBEBCYEMgQ1BEIEPQQ+BDkAIAQWBBoALQQ0BDgEQQQ/BDsENQQ5AEwAQwBEACAAYwBvAHUAbABlAHUAcgBXAGEAcgBuAGEAIABMAEMARAkwCQIJFwlACSgAIABMAEMARABMAEMARAAgDioONQBMAEMARAAgAGUAbgAgAGMAbwBsAG8AcgBGAGEAcgBiAC0ATABDAEQAQwBvAGwAbwByACAATABDAEQATABDAEQAIABDAG8AbABvAHIAaQBkAG8ASwBvAGwAbwByACAATABDAEQDiAOzA8cDwQPJA7wDtwAgA78DuAPMA70DtwAgAEwAQwBEAEYA5AByAGcALQBMAEMARABSAGUAbgBrAGwAaQAgAEwAQwBEAEwAQwBEACAAYQAgAEMAbwByAGUAczCrMOkw/ABMAEMARAAAdGV4dAAAAABDb3B5cmlnaHQgQXBwbGUgSW5jLiwgMjAyMAAAWFlaIAAAAAAAAPNSAAEAAAABFs9YWVogAAAAAAAAYWwAADgyAAAKQlhZWiAAAAAAAABvHAAArpUAABaZWFlaIAAAAAAAACZOAAAZOQAAslJjdXJ2AAAAAAAABAAAAAAFAAoADwAUABkAHgAjACgALQAyADYAOwBAAEUASgBPAFQAWQBeAGMAaABtAHIAdwB8AIEAhgCLAJAAlQCaAJ8AowCoAK0AsgC3ALwAwQDGAMsA0ADVANsA4ADlAOsA8AD2APsBAQEHAQ0BEwEZAR8BJQErATIBOAE+AUUBTAFSAVkBYAFnAW4BdQF8AYMBiwGSAZoBoQGpAbEBuQHBAckB0QHZAeEB6QHyAfoCAwIMAhQCHQImAi8COAJBAksCVAJdAmcCcQJ6AoQCjgKYAqICrAK2AsECywLVAuAC6wL1AwADCwMWAyEDLQM4A0MDTwNaA2YDcgN+A4oDlgOiA64DugPHA9MD4APsA/kEBgQTBCAELQQ7BEgEVQRjBHEEfgSMBJoEqAS2BMQE0wThBPAE/gUNBRwFKwU6BUkFWAVnBXcFhgWWBaYFtQXFBdUF5QX2BgYGFgYnBjcGSAZZBmoGewaMBp0GrwbABtEG4wb1BwcHGQcrBz0HTwdhB3QHhgeZB6wHvwfSB+UH+AgLCB8IMghGCFoIbgiCCJYIqgi+CNII5wj7CRAJJQk6CU8JZAl5CY8JpAm6Cc8J5Qn7ChEKJwo9ClQKagqBCpgKrgrFCtwK8wsLCyILOQtRC2kLgAuYC7ALyAvhC/kMEgwqDEMMXAx1DI4MpwzADNkM8w0NDSYNQA1aDXQNjg2pDcMN3g34DhMOLg5JDmQOfw6bDrYO0g7uDwkPJQ9BD14Peg+WD7MPzw/sEAkQJhBDEGEQfhCbELkQ1xD1ERMRMRFPEW0RjBGqEckR6BIHEiYSRRJkEoQSoxLDEuMTAxMjE0MTYxODE6QTxRPlFAYUJxRJFGoUixStFM4U8BUSFTQVVhV4FZsVvRXgFgMWJhZJFmwWjxayFtYW+hcdF0EXZReJF64X0hf3GBsYQBhlGIoYrxjVGPoZIBlFGWsZkRm3Gd0aBBoqGlEadxqeGsUa7BsUGzsbYxuKG7Ib2hwCHCocUhx7HKMczBz1HR4dRx1wHZkdwx3sHhYeQB5qHpQevh7pHxMfPh9pH5Qfvx/qIBUgQSBsIJggxCDwIRwhSCF1IaEhziH7IiciVSKCIq8i3SMKIzgjZiOUI8Ij8CQfJE0kfCSrJNolCSU4JWgllyXHJfcmJyZXJocmtyboJxgnSSd6J6sn3CgNKD8ocSiiKNQpBik4KWspnSnQKgIqNSpoKpsqzysCKzYraSudK9EsBSw5LG4soizXLQwtQS12Last4S4WLkwugi63Lu4vJC9aL5Evxy/+MDUwbDCkMNsxEjFKMYIxujHyMioyYzKbMtQzDTNGM38zuDPxNCs0ZTSeNNg1EzVNNYc1wjX9Njc2cjauNuk3JDdgN5w31zgUOFA4jDjIOQU5Qjl/Obw5+To2OnQ6sjrvOy07azuqO+g8JzxlPKQ84z0iPWE9oT3gPiA+YD6gPuA/IT9hP6I/4kAjQGRApkDnQSlBakGsQe5CMEJyQrVC90M6Q31DwEQDREdEikTORRJFVUWaRd5GIkZnRqtG8Ec1R3tHwEgFSEtIkUjXSR1JY0mpSfBKN0p9SsRLDEtTS5pL4kwqTHJMuk0CTUpNk03cTiVObk63TwBPSU+TT91QJ1BxULtRBlFQUZtR5lIxUnxSx1MTU19TqlP2VEJUj1TbVShVdVXCVg9WXFapVvdXRFeSV+BYL1h9WMtZGllpWbhaB1pWWqZa9VtFW5Vb5Vw1XIZc1l0nXXhdyV4aXmxevV8PX2Ffs2AFYFdgqmD8YU9homH1YklinGLwY0Njl2PrZEBklGTpZT1lkmXnZj1mkmboZz1nk2fpaD9olmjsaUNpmmnxakhqn2r3a09rp2v/bFdsr20IbWBtuW4SbmtuxG8eb3hv0XArcIZw4HE6cZVx8HJLcqZzAXNdc7h0FHRwdMx1KHWFdeF2Pnabdvh3VnezeBF4bnjMeSp5iXnnekZ6pXsEe2N7wnwhfIF84X1BfaF+AX5ifsJ/I3+Ef+WAR4CogQqBa4HNgjCCkoL0g1eDuoQdhICE44VHhauGDoZyhteHO4efiASIaYjOiTOJmYn+imSKyoswi5aL/IxjjMqNMY2Yjf+OZo7OjzaPnpAGkG6Q1pE/kaiSEZJ6kuOTTZO2lCCUipT0lV+VyZY0lp+XCpd1l+CYTJi4mSSZkJn8mmia1ZtCm6+cHJyJnPedZJ3SnkCerp8dn4uf+qBpoNihR6G2oiailqMGo3aj5qRWpMelOKWpphqmi6b9p26n4KhSqMSpN6mpqhyqj6sCq3Wr6axcrNCtRK24ri2uoa8Wr4uwALB1sOqxYLHWskuywrM4s660JbSctRO1irYBtnm28Ldot+C4WbjRuUq5wro7urW7LrunvCG8m70VvY++Cr6Evv+/er/1wHDA7MFnwePCX8Lbw1jD1MRRxM7FS8XIxkbGw8dBx7/IPci8yTrJuco4yrfLNsu2zDXMtc01zbXONs62zzfPuNA50LrRPNG+0j/SwdNE08bUSdTL1U7V0dZV1tjXXNfg2GTY6Nls2fHadtr724DcBdyK3RDdlt4c3qLfKd+v4DbgveFE4cziU+Lb42Pj6+Rz5PzlhOYN5pbnH+ep6DLovOlG6dDqW+rl63Dr++yG7RHtnO4o7rTvQO/M8Fjw5fFy8f/yjPMZ86f0NPTC9VD13vZt9vv3ivgZ+Kj5OPnH+lf65/t3/Af8mP0p/br+S/7c/23//3BhcmEAAAAAAAMAAAACZmYAAPKnAAANWQAAE9AAAApbdmNndAAAAAAAAAAAAAMBAAACAAAAVgEuAesCxAODBFMFQAYnBxoIGAkfCj0LTgxrDZAOuQ/sES0SZROjFOMWKhd5GL8aDxtXHKQd8x88IIQhzSMRJFIljSbLKAApMypmK5csyi33LygwUTGAMqsz1TUCNjE3XTiKObY64TwNPTg+YD+JQLFB3EMIRDZFY0aQR7hI3koBSyRMR01qTo9PtFDYUfhTFlQzVU9WbVeNWK5Zy1rhW/Bc9137XwBgCmEZYi1jQWRSZV9mZWdhaFNpPGogawFr4Gy/baBug29ocFBxOHIgcwhz73TWdb52qHeTeH55bHpZe0l8PX03fjZ/OYBBgUuCV4NlhHSFhYaUh6SIs4nAisyL1ozfjeeO7Y/ykPWR9pL1k/WU+pYElxWYLJlHmmObf5yYna6ev5/LoNSh2qLgo+mk9KYDpxWoKqlCqlyrd6yUrbKu0a/xsRGyM7NTtHO1kLapt7q4wbnDusC7u7y1va++qb+jwJ3BlcKKw3zEasVTxjbHGMf5yODJz8rGy8PMwc28zq/PmNBz0UPSDdLT05vUZtU11gXW19eo2HbZQNoG2sfbgNw13Ofdkd473uPfjeA74Ovhn+JS4wPjr+RV5PnllOYs5r/nUufk6IXpL+nk6qjrbuwz7PXtr+5j7xHvtfBQ8ObxfPIX8sbzj/Ru9WH2ZveK+OT6xf0u//8AAABWASMBsAJqAzID6ASxBYAGWAc9CC0JJwonCyIMMA06DlEPYxB+EZ8SvhPpFRAWOBdhGIgZtBreHAsdMx5bH4AgoSG/Itsj9SULJh8nNShJKWAqeSuTLLEtzC7oMAQxITI8M1o0dDWLNqQ3uTjNOeI69DwGPRs+MT9NQGxBj0KwQ9BE7UYIRx1IMklFSlVLY0xuTXhOfk+DUIVRhlKIU4pUjFWKVoRXeVhoWVRaRFs/XEZdWl53X5VgsGHCYspjxWS1ZZxme2dXaDBpDGnsatBrumypbZtuj2+CcHJxXHJAcx9z+3TVda12hndieEV5MHokex18GX0VfhB/Bn/2gOKByoKxg5WEd4VdhkqHRIhMiWGKgYuljMaN3o7uj/WQ95H1kvOT8JTtleyW7pf4mRCaOZtunKadzp7jn+mg5aHfotmj0aTIpb6mvKfKqO2qIatdrJyt2a8UsE6xiLLCs/m1LrZkt5u40roFuzS8X72Fvqa/vMC+warCkMN9xHfFgMaPx53Io8meyo7LdcxTzS3OBM7az7LQi9Fq0lHTRdRF1VHWYtd12ITZh9p922bcQ90a3ezeud+H4FjhLeII4ubjw+Sd5XHmQOcM59Too+l/6mnrZOxo7W3ucO9w8HDxcvJ283n0d/Vp9kf3D/ez+EX4y/la+e360PwM/dr//wAAACsAxAFLAdgCZQMGA48EKwTPBXoGLwbpB6UIaAkvCfkKygufDHcNUg4yDw4P9hDZEcASqROTFH0VZxZSFz0YKRkVGfwa6BvSHL4drh6jH5sgliGUIo8jhiR2JWEmRScgJ/gozCmfKnMrSCwhLQIt6S7XL8gwujGqMpgzgDRgNTk2BjbPN5U4WDkZOdk6nTtkPDI9Bj3ePrY/j0BoQURCJkMQRABE80XnRtZHu0iWSWVKJUrgS5hMT00HTcNOg09JUBhQ6lG+UpNTaFQ7VQ1V3latV3xYSlkVWd9aqFtvXDVc+V29XoBfQ2AIYNFhnGJrYzxkDGTaZadmcWc4Z/xov2mAakBrAGvAbIFtQ24EbsVvhXBBcPhxq3JZcwFzqXRPdPR1mHY8dt53gHgdeL15YHoWetp7q3yDfVh+KH72f8OAk4FngkSDKoQYhQuGAIb0h+OIzYmvioyLYYw0jQeN2o6wj4qQa5FHkhKSxpNbk+yUepVBlkKXiJkImoqb5J0ZnjKfOaA5oTWiL6MopCGlGaYRpwqoCakPqiGrPaxgrYeura/TsPyyKLNatJK10bcUuFm5nLrXvAW9Kb5Hv2LAf8Gewr7D38T/xiHHQ8hnyYzKscvWzP3OKc9b0JfR3tMy1I3V7tdT2LnaIduV3S/fDuF35Ivoee1O8vb5Uf//AABuZGluAAAAAAAABjYAAJOVAABWjQAAVukAAJG3AAAmuwAAFwoAAFANAABUOQACh64AAkeuAAFrhQADAQAAAgAAAAEABAAIAA8AFgAfACkANABAAEwAWgBpAHgAiQCaAKwAvgDSAOYA/AESASkBQAFZAXMBjQGpAcUB4wIBAiECQgJkAocCrALSAvoDIwNNA3oDqAPXBAgEOgRtBKME2QUSBUsFhgXDBgEGQAaABsIHBQdKB5AH2AghCGwIuQkHCVcJqAn6Ck0KoQr3C04LqAwEDGIMww0lDYkN7g5UDrwPJQ+REAAQcRDkEVkRzxJGEr0TOBO2FDoUwxVSFeMWdRcGF5YYJhi4GU4Z6BqIGzEb4xyfHWIeKx74H8YglSFkIjQjBiPbJLMljyZsJ0soKykNKfAq1Su7LJ4tfi5cLzkwFDDwMc0yqjOJNGg1SjYuNxU3/zjtOd460jvKPMU9xD7HP85A2kHoQvZEAEUGRghHCEgISQlKDEsUTCFNNE5OT25QlFG8UuVUDVU0VllXfVigWcRa51wLXTBeVl98YKRhzmL4ZCRlU2aFZ7xo+mpDa5ls+W5jb9JxRnK8dDR1r3cteLF6PHvQfW9/HIDWgpSETIX2h5SJLIrFjGWOFY/fkc2T3ZX/mCCaOZxMnl+geaKgpNqnLamgrDCu4LGhtF63C7muvF2/K8IfxUbIoswMzyjR9tSR1yjZ0dye35fi0uZg6fntEu+s8gD0MPY59//5ivq4+9T8u/2j/nD/N///AAAAAQAFAAoAEgAbACYAMgA/AE0AXABtAH4AkQCkALkAzwDlAP0BFgEvAUoBZgGDAaIBwQHiAgQCJwJMAnICmgLDAu8DHANLA3wDrwPkBBoEUgSLBMUFAQU9BXsFuwX8Bj8GgwbJBxAHWQelB/IIQQiTCOYJOwmTCewKRgqhCvwLWAu0DBIMcgzUDTkNoA4LDngO5w9ZD84QRhDAET4RvxJDEsoTUxPdFGoU+hWPFioWyxdxGBYYthlRGeYaeRsNG6QcQBzkHZEeSh8OH90gsyGOImkjQiQYJOslvSaQJ2YoQiklKhIrCCwFLQguDi8SMBExCDH5Mugz1zTKNcE2wTfKONs58jsOPDA9UT5pP3RAckFoQlhDR0Q5RTRGOEdHSF9JfkqhS8dM8E4bT0VQa1GGUpRTl1SVVZRWoFe/WPFaNVuAXM1eHl90YM9iI2NmZJVltWbOZ+Ro+2oWazNsVG12bppvwHDqchdzRnR2dad22ngQeU16j3vYfSZ+fX/jgWeDEITKhnSIBomHiwSMiI4bj8ORgpNYlUOXO5k7mzudOZ8poQSixqR2phunvaliqxWs3a7FsM+y9bUxt3y5y7wPvkTAcsKmxOnHQsmyzDHOnNDd0vTU8dbn2OPa6Nz03wHhCuMU5STnSOmW7DfvivOm92z5zvuE/MP99P75//8AAAACAAgAEQAeAC0APgBRAGYAfQCWALAAzADqAQkBKwFNAXIBmAHAAeoCFgJEAnQCpgLaAxEDSQOEA8AD/QQ7BHoEugT8BUEFigXXBikGgQbdBz4HoggICG8I1Ak5CZ0KAgpqCtULRAu7DDkMwQ1QDeYOgg8hD8AQXBD2EZASLRLNE24UDRSoFUIV3BZ5Fx4XzhiOGWIaQhsqHBQc+x3dHrgfkiBtIUwiMCMYJAYk+SXxJu8n8yj9Kg4rJCxALWAugC+dMLgx0zLzNBo1STaCN8M5DDpcO7A9Bz5gP75BIkKTRBZFrkdaSRFK0UyaTm9QVVIyU9pVWlbMWEhZ01tmXPheg2ABYXBi1WQ3ZZxnCWiBagpro21NbwBwt3JvdB51w3d1eWR77n6kgHmB1oL8hAKFCIYQhzOIc4nUi1WM6Y6IkC6R2ZOIlTuW8Zipml6cCp2nnzegvaI/o8ClRKbKqFCp1KtUrNCuRq+5sSiyl7QItX22/LiJuia70L2CvzbA6cKcxE/GBMe7yXPLK8zkzp7QWNIU09LVj9dK2P/arNxP3ejfdeD94oLkA+WC5wLog+oE63/s7u5G73nwnfGN8nXzRPP39Kr1TvXb9mj29vd29+n4XPjP+UP5q/oN+nD60vs1+5j78fxJ/KL8+/1U/a3+A/5Y/qz/Af9V/6r//wAAc2YzMgAAAAAAAQxCAAAF3v//8yYAAAeSAAD9kf//+6L///2jAAAD3AAAwGxtbW9kAAAAAAAABhAAAJzfAAAAAMoq1YAAAAAAAAAAAAAAAAAAAAAA/8AAEQgBUAKZAwERAAIRAQMRAf/EAB8AAAEFAQEBAQEBAAAAAAAAAAABAgMEBQYHCAkKC//EALUQAAIBAwMCBAMFBQQEAAABfQECAwAEEQUSITFBBhNRYQcicRQygZGhCCNCscEVUtHwJDNicoIJChYXGBkaJSYnKCkqNDU2Nzg5OkNERUZHSElKU1RVVldYWVpjZGVmZ2hpanN0dXZ3eHl6g4SFhoeIiYqSk5SVlpeYmZqio6Slpqeoqaqys7S1tre4ubrCw8TFxsfIycrS09TV1tfY2drh4uPk5ebn6Onq8fLz9PX29/j5+v/EAB8BAAMBAQEBAQEBAQEAAAAAAAABAgMEBQYHCAkKC//EALURAAIBAgQEAwQHBQQEAAECdwABAgMRBAUhMQYSQVEHYXETIjKBCBRCkaGxwQkjM1LwFWJy0QoWJDThJfEXGBkaJicoKSo1Njc4OTpDREVGR0hJSlNUVVZXWFlaY2RlZmdoaWpzdHV2d3h5eoKDhIWGh4iJipKTlJWWl5iZmqKjpKWmp6ipqrKztLW2t7i5usLDxMXGx8jJytLT1NXW19jZ2uLj5OXm5+jp6vLz9PX29/j5+v/bAEMAAQEBAQEBAQEBAQEBAQEBAQEBAQEBAQEBAQEBAQEBAQEBAQEBAQEBAQEBAQEBAQEBAQEBAQEBAQEBAQEBAQEBAf/bAEMBAQEBAQEBAQEBAQEBAQEBAQEBAQEBAQEBAQEBAQEBAQEBAQEBAQEBAQEBAQEBAQEBAQEBAQEBAQEBAQEBAQEBAf/dAAQAVP/aAAwDAQACEQMRAD8A/v4oAKACgAoAKACgAoAKACgAoAKACgAoAKACgAoAKACgAoAKACgAoAKACgAoAKACgAoAKACgAoAKACgAoAKACgAoAKACgAoAKACgAoAKACgAoAKACgAoAKACgAoAKACgAoAKACgAoAKACgAoAKACgAoAKACgAoAKACgAoAKACgAoAKACgAoAKACgAoAKACgAoAKACgD/0P7+KACgD5a+AviTXta+Lf7XWl6tq19qGn+F/jN4Y0nw7Z3U7S2+jaZcfBr4c6tPY6fG3Fvby6lf3t68aYDXNzNIfmdiwB9S0AFABQAUAFABQAUAFABQAUAFABQAUAFABQB418C774l6h4O1eb4q2s1p4kT4hfEi206Ka1js3bwda+Ndag8EzCKLKtHP4YTTJY5yd86OJXyzmgD2WgAoAKACgAoAKACgAoAKACgAoAKACgAoAydefUI9D1mTSVL6qmk6i+mIqhy2oLZzGyUIeGLXIjAU8MeD1NAHDfBS78d3/wAJPh1e/E+3ltfiHdeEtFm8Z201ulrLB4iks421OKS2j/dwOlyXBjTCqRgAAYoA9PoAKACgAoAKACgAoAKACgAoAKACgAoAKACgAoAKACgAoAKACgAoAKACgAoAKACgAoAKACgD5b/a08Sa94Y8EfD688P6tfaPdX3x2+D2jXk9hO9vLcaVqvi61tdS0+VkILWt7bs0NxEcrJGSpGDQB9SUAFABQAUAFABQAUAFABQAUAFABQAUAFABQAUAFABQB//R/v4oAKAPj/8AZx/5LT+2x/2Xbwl/6or4W0AfYFABQAUAFABQAUAFABQAUAFABQAUAFABQAUAeNfAzxL8QvFXg7VtR+JmjNofiC3+IXxI0ews20y50kzeE9F8a61pvg/UPs11LLJINS8OW2nXovVZYb4T/aoY0jlVFAPZaACgAoAKACgAoAKACgAoAKACgAoAKACgDJ164vrTQ9autLi8/U7bSdRuNOg8tpvOvobOaS0i8pSGl8y4WNPLUhn3bQQSDQBwvwU13xp4m+Enw68Q/EbTDovjzWfCOi6h4t0lrCfS207Xrmzjk1G0OnXMk1xZGG4LobaaV5IsbWZiMqAeoUAFABQAUAFABQAUAFABQAUAFABQAUAFABQAUAFABQAUAFABQAUAFABQAUAFABQAUAFABQB8gfto/wDIgfDP/s4n4Hf+praUAfX9ABQAUAFABQAUAFABQAUAFABQAUAFABQAUAFABQAUAf/S/v4oAKAPj/8AZx/5LT+2x/2Xbwl/6or4W0AfYFABQAUAFABQAUAFABQAUAFABQAUAFABQAUAeNfAvxz4s+IXg7V9c8ZaKmg6rZfEL4keGrWyS3ubUTaF4W8a61oXh/UTHdZkZtT0ixs75pl/czNOZYcRsgoA9loAKACgAoAKACgAoAKACgAoAKACgAoAKAMnXry507Q9a1Cyh+0XljpOo3lpAVZxPc2tnNPBCVX5m8yVETavzHdgckUAcN8FPFviPx58JPh14z8X6Uuh+KPE/hLRda17R0gntU03VL6zjmu7Nbe5LXEIhlYoI5iZFxhuaAPT6ACgAoAKACgAoAKACgAoAKACgAoAKACgDyr44z/EG2+Efj+f4Uxyy/EaLw7eP4PjhignlfWgY/swjhugbeRsFsLKNh744oA9F0k3jaVpjaiCNQOn2ZvgQAReG2jNyCF+UET78gcDoOlAGhQAUAFABQAUAFABQAUAFABQAUAFABQAUAfIH7aP/IgfDP8A7OJ+B3/qa2lAH1/QAUAFABQAUAFABQAUAFABQAUAFABQAUAFABQAUAFAH//T/v4oAKAPj/8AZx/5LT+2x/2Xbwl/6or4W0AfYFABQAUAFABQAUAFABQAUAFABQAUAFABQAUAeN/Az4l6p8VvB+r+JNX0NfD91p3xC+JHg6OxSWaUTWXgnxprPhix1LdPBbuG1S10yK/ZBGY0M5WOSVAsjgHslABQAUAFABQAUAFABQAUAFABQAUAFABQBla9qEmk6HrOqww/aZtM0rUdQitySBPJZWc1ykJKhmHmtEEyqsRuyATxQBwvwV8d6h8T/hL8O/iJqukroOpeM/CWi+Ir7RkkllXTLnU7OO5ls1kmigmcQM+wNJDE5xlkBJFAHp9ABQAUAFABQAUAFABQAUAFABQAUAFABQB5V8cdZ8d+HvhH4/1v4YaZLrXxA0zw7eXXhPSodPm1WW+1hDH9nt49OgZZrxnBb9xGys2OD/dAPRdJku5tK0ya/QxX0un2cl7GUMZju3to2uUMbZZCkxdShOVxg5xQBoUAFABQAUAFABQAUAFABQAUAFABQAUAFAHyB+2j/wAiB8M/+zifgd/6mtpQB9f0AFABQAUAFABQAUAFABQAUAFABQAUAFABQAUAFABQB//U/v4oAKAPj/8AZx/5LT+2x/2Xbwl/6or4W0AfYFABQAUAFABQAUAFABQAUAFABQAUAFABQAUAeRfBX4nt8W/Ceq+Jm0R9AOm+PfiF4L+xPObgzDwN4w1jwsupBzDAVXVBpYvli2MIlnEYkl272APXaACgAoAKACgAoAKACgAoAKACgAoAKACgDL1zUf7H0XV9WEJuDpel6hqItw20z/YrSW58kNhtpl8rZu2tjdnBxigDivg74+b4p/CzwB8R20ptCbxt4V0jxI2jvKZ30w6paR3Js2mMcJlMG/YX8pN2M7VzhgD0mgAoAKACgAoAKACgAoAKACgAoAKACgAoA8q+OPizxX4F+Efj/wAX+BtJXXfF/h/w7eal4f0d7S4vl1DUYTH5Ns1naPHc3AcM37uF1c44IwdwB6LpNxcXelaZdXcfk3Vzp9ncXMQUp5VxNbRSTR7Wyy7JGZdrHIxg5IoA0KACgAoAKACgAoAKACgAoAKACgAoAKACgD5A/bR/5ED4Z/8AZxPwO/8AU1tKAPr+gAoAKACgAoAKACgAoAKACgAoAKACgAoAKACgAoAKAP/V/v4oAKAPj/8AZx/5LT+2x/2Xbwl/6or4W0AfYFABQAUAFABQAUAFABQAUAFABQAUAFABQAUAeR/BX4jaJ8UPCeq+ItA0J/DtlYePfiF4SmsXjtImn1Lwb4x1jw3qep7bLMRXVb7Tp9QV3/fuJw1xiYuKAPXKACgAoAKACgAoAKACgAoAKACgAoAKACgDL1y/h0vRdX1O4hNzBp2l6hfz24Ck3ENnaS3EsID/ACEypG0eH+U7sNwTQBxXwd8b6V8SfhZ4A8faHpDaBo/i/wAK6Pr+m6I6W0baXZ6laR3EFi0dnm1Q26OI9tufKG3CZAFAHpNABQAUAFABQAUAFABQAUAFABQAUAFABQB5V8cfHmrfDD4R+P8A4gaDpCa9rHhPw7eaxp2juZgmo3NuY9lsxt4ppgH3n/VxO3opoA9F0m7kv9L02+mj8mW90+zu5YRn91Jc20Uzx/MA37tnK8gHjkDpQBoUAFABQAUAFABQAUAFABQAUAFABQAUAFAHyB+2j/yIHwz/AOzifgd/6mtpQB9f0AFABQAUAFABQAUAFABQAUAFABQAUAFABQAUAFABQB//1v7+KACgD4//AGcf+S0/tsf9l28Jf+qK+FtAH2BQAUAFABQAUAFABQAUAFABQAUAFABQAUAFAHkvwY8beDfH3hTVNa8DaAvhzR7Px38QPDl3YLp1hpYn8Q+GPF+r6H4k1Q2+nEwSHVtasr3UDdyYurw3BubsfaJJKAPWqACgAoAKACgAoAKACgAoAKACgAoAKACgDM1u8tNP0bV7+/g+02Njpl/eXtsY0l+0WltayzXEHlSfu5PNhR4/Lk+R921/lJoA4v4QeK/DHjn4XeAvGPgvRx4e8JeJfC2kax4d0NbKz00aVpN9aRzWViLDT82NmLeFlj+z2p8iPG2PKgUAej0AFABQAUAFABQAUAFABQAUAFABQAUAFAHl/wAafiHP8JvhT47+JFto58QT+DfD93rcWiid7U6k9sUAtRcRw3Dxb9/31glIx9w0Aeg6XeHUdM07UGj8k31haXhhJ3eUbq3jnMe4hSfLL7clVzjOBnFAF+gAoAKACgAoAKACgAoAKACgAoAKACgAoA+QP20f+RA+Gf8A2cT8Dv8A1NbSgD6/oAKACgAoAKACgAoAKACgAoAKACgAoAKACgAoAKACgD//1/7+KACgD4//AGcf+S0/tsf9l28Jf+qK+FtAH2BQAUAFABQAUAFABQAUAFABQAUAFABQAUAFAHkvwY8RfD3xP4U1TUPhppiaV4fg8d/EDSb+2SxbTxJ4r0fxfq+neMLwwMFLte+I7fUbprkDbdNIbhcBxuAPWqACgAoAKACgAoAKACgAoAKACgAoAKACgDM1uextdG1e51SMS6ZbaZfz6jEUMglsYbWWS7jMY5kD26yLsHLZ2jrQBxfwg1rwX4j+F3gLXvhzYLpfgTV/C2kX/hLTktGsEstBuLWOTTrZbJ8NaiK3KKIWGUxtOMCgD0egAoAKACgAoAKACgAoAKACgAoAKACgAoA8x+M/j3T/AIXfCvx18QtV0dvEGneEdAu9ZvNFQQl9ShtzGGtVFzmAmTeP9aNnHOaAPQNLu01DTNOv44zDHe2NpdpCcZiS5t45ljO35cxhwvHHHFAF6gAoAKACgAoAKACgAoAKACgAoAKACgAoA+QP20f+RA+Gf/ZxPwO/9TW0oA+v6ACgAoAKACgAoAKACgAoAKACgAoAKACgAoAKACgAoA//0P7+KACgD4//AGcf+S0/tsf9l28Jf+qK+FtAH2BQAUAFABQAUAFABQAUAFABQAUAFABQAUAFAHkvwYu/hhe+FNUm+ElvHbeGV8d/ECDUo4odRgVvGlv4v1eHxzKU1RmuC8vilNUkeSM/ZJGYvZgWxjoA9aoAKACgAoAKACgAoAKACgAoAKACgAoAKAMzW205NG1d9XUNpKaZftqikOwbTltZTeqVixKQbYSgiM7z0TDEUAcX8ILnwDefC7wFdfCyFLf4cXHhbSJfBMEUV7DHF4be1jOlxpFqTNfxqttsAW8Zrgf8tTu+8Aej0AFABQAUAFABQAUAFABQAUAFABQAUAFAHmXxm8ZeGvh78LPHPjbxlojeJPC/hrQLvVNc0JbSxv21SwgKebaCz1NksLgybh+6u3WFtvzEYFAHf6XcwXumadeWsXkW13Y2lzbwbUTyYJ7eOWKLYnyL5cbqm1PkXbheAKAL1ABQAUAFABQAUAFABQAUAFABQAUAFABQB8gfto/8iB8M/wDs4n4Hf+praUAfX9ABQAUAFABQAUAFABQAUAFABQAUAFABQAUAFABQAUAf/9H+/igAoA+P/wBnH/ktP7bH/ZdvCX/qivhbQB9gUAFABQAUAFABQAUAFABQAUAFABQAUAFABQB5L8GLT4Z2XhTVIfhRcRXPhtvHfxAn1GSG4nulHjK48X6vN42iMk+XWSHxO+pxyQr+7hdWjiwigUAetUAFABQAUAFABQAUAFABQAUAFABQAUAFAGZra6e+jaumrsF0p9Mv11NmYqq6e1rKL1iy5ZQLYyksoyByMkUAcX8ILbwJZ/C7wFa/C+aO4+Hdv4W0iLwXPFPLcxS+HUtYxpjxzz5mmVrYIRJId7Dk5oA9HoAKACgAoAKACgAoAKACgAoAKACgAoAKAPM/jL4h8F+E/hb448SfEXTF1nwPo2g3V74n0p7JdRS+0qIp59u1i+Vug2V/dMMNjvigDvtMmtbnTdPuLJPKsp7G0mtI9uzy7WW3je3TYOE2RMq7R93GO1AF6gAoAKACgAoAKACgAoAKACgAoAKACgAoA+QP20f+RA+Gf/ZxPwO/9TW0oA+v6ACgAoAKACgAoAKACgAoAKACgAoAKACgAoAKACgAoA//0v7+KACgD4//AGcf+S0/tsf9l28Jf+qK+FtAH2BQAUAFABQAUAFABQAUAFABQAUAFABQAUAFAHkvwY8PfDrwz4U1TT/hhrCa54euPHfxA1a/vI9Tg1ZYfFuseL9X1Hxjp5ubeOKONtO8SXGo2TWTK0ti0JtZXeSJ3oA9aoAKACgAoAKACgAoAKACgAoAKACgAoAKAMzW4LC60bV7bVJRBplzpl/BqM5kWEQ2E1rLHdymVgViEdu0jmRgVTG4ggEUAcX8INF8E+HPhd4C0H4b6mmteAdI8LaRYeENWjv4dUj1HQLa1jj067TUbdI4L1ZrcK4uYkRJc7lABoA9HoAKACgAoAKACgAoAKACgAoAKACgAoAKAPM/jLf/AA90v4W+ONQ+K9ut38OLTQLqbxjbPa316s2iqU+0o1rpv+nzgkp+7tf3x/h6UAd9pj2cmm6fJpw26fJY2j2KhXULZtbxtbAK+HXEBQbXG8dGwQaAL1ABQAUAFABQAUAFABQAUAFABQAUAFABQB8gfto/8iB8M/8As4n4Hf8Aqa2lAH1/QAUAFABQAUAFABQAUAFABQAUAFABQAUAFABQAUAFAH//0/7+KACgD4//AGcf+S0/tsf9l28Jf+qK+FtAH2BQAUAFABQAUAFABQAUAFABQAUAFABQAUAFAHkvwY8E+EPAPhTVNF8E60+vaReeO/iD4ju717u2vDDr/ifxfq+ueItOEtqqRqumazfXlisDAzQCARTEyo5oA9aoA47x58QvA/wv8Nz+MPiJ4q0LwX4WttR0LSJ9f8R6jbaVpUOp+J9c07w14fsZLy7kihW51fXtW03SbGItunvby3gQF5FFAHXo6yIsiMHR1V0dSCrKwyrKRwQwIII4I5HWgB1ABQAUAFABQAUAFABQAUAFABQBma3Z2uoaNq9hfTG3sr7TL+zvJwyoYLW5tZYbiYO3yqY4nd9zfKu3J4BoA4v4QeFPDXgX4XeAvB3g3VW1zwr4a8LaRo3h/WHuILt9S0qxtY4bO8a5tgtvOZ4VVzLCqxvnKAA4oA9HoA/kP/bq8K+ILL/g4i/YK/Zh0L40/tGeFvgH+0T8APGPxG+Knwy8MftBfFzR9A1vxbpF58XbS2v7LyPF7XmhwMvhjRpZNP0a6sbITWxMMEMUrxUAep/txfEb43f8Es/2/wD/AIJveG/2bf2gfi58V/hb+2R8X7n4P/F/9lr4t+LH+K8mkaLDd+F7GL4meCvEGsxXHjvQItItvElzqGpR3+s3unOmh3cjeaLkpYAH9TtABQAUAFABQAUAFABQAUAFABQB5n8ZY/h9N8LfHEXxWaJPhy+gXa+MGmkuYYhopKfaS8tmy3SLnZloGVx2PXaAd9pgsxpunjTsf2eLG0Fjgkj7GLeP7NgtliPI2YLHJ75NAF6gAoAKACgAoAKACgAoAKACgAoAKACgAoA+QP20f+RA+Gf/AGcT8Dv/AFNbSgD6/oAKACgAoAKACgAoAKACgAoAKACgAoAKACgAoAKACgD/1P7+KACgD4//AGcf+S0/tsf9l28Jf+qK+FtAH2BQAUAFABQAUAFABQAUAFABQAUAFABQAUAFAHkvwY+GukfCvwpqnhzRdcfX7TUfHfxA8YS3rpAhhv8Axr4v1bxNqGmgW806FdMvNTmsVZnWVlgDSxxOSigHrVAH88f/AAW5+DPxN/4KJ+G/GH7AfwP8Uaz4c1P4X/BPWf2r/H2qeHJ3iu774gaLcXkH7OPwtlngyY5PGeraH431a8t3aGezksPCOqIRHMj0AfWf/BE39t5/27/+CfXwc+JniO5T/hbfgexl+EHxw0tiqXmmfFD4dFfD+vy3VqAGtE1v7LDr1jFIoY2Go20mWD5oA/WmgAoAKACgAoAKACgAoAKACgAoAzNb0+LVtG1fSp5jbw6npl/p804AJgivbWW2kmAYqpMaSl8Myj5eSAc0AcX8IPAum/DH4XeAvh7o+rNrul+DfC2keHrDWXWJH1O1020jt4bxkglnhUzogciKaVBnh2GDQB6PQB/H/wD8FRPhj4e+MX/BzF/wS0+Hvim/8V6bomu/si+PBeXngnxf4i8C+JYRaeIfjxdxHT/E/hXUdK1zTi0sCrMbO+i8+HzIJd0TujAHlX/BW/4Qf8OTv2gP2Uf+Cin7Mnjzxr8W/EXxC+MGkfBLx98HP2k/EEnx+17VfDWsF55Zfg5418d/2n8RfAF4ljPf6Y8Ph3WfsovtQ05ruO6triSwYA/tA0HUm1nQ9G1d7d7R9V0rTtSe1k5e2a+s4bprdyQpLwmUxtlV5U8DpQBq0AFABQAUAFABQAUAFABQAUAeZ/GXSPAevfC3xxo3xQ1KPR/h9qOg3Vt4t1Oa/j0yKy0dzH9onk1CVXjtFUhMzOrBc++VAO+0yO0h03T4tPcSWEVjaR2UgcSCS0S3jW2cSDAcNCEYOBhs5GM0AXqACgAoAKACgAoAKACgAoAKACgAoAKACgD5A/bR/wCRA+Gf/ZxPwO/9TW0oA+v6ACgAoAKACgAoAKACgAoAKACgAoAKACgAoAKACgAoA//V/v4oAKAPj/8AZx/5LT+2x/2Xbwl/6or4W0AfYFABQAUAFABQAUAFABQAUAFABQAUAFABQAUAeO/A/wCF8Xwk8Iat4Zh1xNfXUfiB8RvGhvUt1thC/jnxnrHiqTTTGs04LaW+qGxaUuDMYPMMURYxoAdh8QviD4N+FPgfxV8R/iF4g03wr4K8E6Bq3ibxN4g1e5jtLDS9F0Sxn1LUbuaWUqMQ2ltNII03SSFdkas5VWAPwz/YY/Z8+JX7XPgnxf8At/aH+2d8efgpqv7a3iu4+LMPg/4Tr8FtV0TRPhnBDHoHwV0C5u/G3wz8b6zBqWj/AAv0zw1Fq1jHqVrZprD6hdLYx3N1cSSgH5l/sPa7pv8AwR3/AOC7Hx4/YM8afFu58T/Ar9vzwppfx5+GXizxnd+GtNvLX42eXe/8JDbaxaeHLDQPDGj6h4jn0/xLpLCz0vS7aSLwxoUNvZwtdJFQB/ZirBgGUhlYBlZSCGBGQQRwQRyCOCORQAtABQAUAFABQAUAFABQAUAFAGVrunDWNE1nSGm+zjVNK1DTjcFd/kC+tJrYzbSyhvKEu/aWXO3G4ZyoBw/wY8AR/Cv4T/Dz4bxasuux+CfCejeG01lIVt11NdLtI7YXqwLLMsQnCbxGssgXOA7cGgD02gD8f/jp/wAEZvgr8f8A9rvwL+3H4q/aU/bG8P8A7RHwt0afw38MPFHgv4hfCjSNO8AeHLptba40LQdD1D4I6xY3GmzN4i1p5Y9fGtSyPfyvJM7LEUAOtg/4JB/s0+JPjZ4A/aB/aF8c/H/9r74j/Ci8Gq/DGX9pX4gaF4l8KeBNcSaK4i1/w/4C8CeCfh34Lj1mKW3t3S+vdCvWL29rNIkk9paSW4B+qSqqqFUBVUBVVQAqqBgAAYAAGAABgDgYoAWgAoAKACgAoAKACgAoAKACgDzP4y+FfCPjf4W+OPCXjzVn0Lwdr+g3WneItYS8t9PfT9MmKedcre3cc1tbFNo/ezRui55ByNoB32mW9taabp9rZyebaW1jaW9rKWD+bbQ28ccEm9cK++JVbcow2cjANAF6gAoAKACgAoAKACgAoAKACgAoAKACgAoA+QP20f8AkQPhn/2cT8Dv/U1tKAPr+gAoAKACgAoAKACgAoAKACgAoAKACgAoAKACgAoAKAP/1v7+KACgD4//AGcf+S0/tsf9l28Jf+qK+FtAH2BQAUAFABQAUAFABQAUAFABQAUAFABQAUAeMfG/9or4Efs1eEZ/Hvx/+Lvw++D3g63O2TxF8QvFGk+GNM3kMRHHcapdW6yyNsYKkQdiRjAJG4A+Gf2DP28P2FvizZ6x8K/gv+2r8Cfjn47vviD8SPF0OheFPiFpeo+IRpvjHxnrHiXTrGDSbq7XUriLTbPUodPWS3ia2Zrdltd0KqWAP0d8d/D3wD8UfDV94M+Jngfwf8RfB+pmI6l4U8d+GtF8XeGtQMD74TfaF4gsdR0u7ML/ADxGe0k8t/mXBANAFT4d/C34ZfCHw9H4S+E/w68CfC/wpFM9xF4Y+HfhHw/4K8PRXEgVZJ49F8NafpmmpNIqKryrbB2CqCxAAUA8w8Yfsgfsl/EPxXL478f/ALLv7OvjnxxcXKXk/jLxh8E/hp4m8VzXccvnR3UviHWvDN5q8lzHN+9Sd7wypL+8Dh8tQB9DRRRQRRwQRxwwwxpFDDEixxRRRqEjjjjQBI40QBURQFVQFUADFAElABQAUAFABQAUAFABQAUAISFBZiAACSScAAckknAAA5JJ/LFAH8o37b3/AAcca0Pj544/Yr/4JifsjePP29/jN4XXXPDfj7xJ4Ok1iPwX4a1GCOfTtSTQZfDuh+IdR8RSaLdF0vb8w6bopZCbTVZ9jsgB4j+yH/wcT/Fr9lzxj8Gf2Sf+Cs/7D/xQ/Yyg1TSvD/gzwZ8cPEP/AAkN14e1O5QxaXbax4us/EWg6Nc6bpFxOYxc61pV7r1tZb5LrUTa2UEtygB/Y3p2o2Gr6fY6rpd3b3+m6laW99YX1pKk9reWd1Ek9tc280ZaOWGaJ0kjkQlWRgRwaALtABQAUAFABQAUAFABQAUAFABQAUAFAHmfxl8C6N8Tfhb448A+IdXfQdE8V6DdaRqWsoYQ+nWtwUMlypuHjgBTaP8AWuic8kYoA77TLSOw03T7GGQzQ2VjaWkUpxmWO2t44Y5DtyuXVA3BxzxmgC9QAUAFABQAUAFABQAUAFABQAUAFABQAUAfIH7aP/IgfDP/ALOJ+B3/AKmtpQB9f0AFABQAUAFABQAUAFABQAUAFABQAUAFABQAUAFABQB//9f+/igDAsfFXhnU9SuNG07xDot/q9oJTdaXZ6nZXOoW4gdY5zPZwzNcRCGR1jl3xjy3ZVcgldwB8i/s3eI/D8nx8/bX0WPW9JfWG+Onhhhpa6hatqBW3+B3wviuGFmJDcEQyo0cp8vEbqyuQVIoA+uv+Eq8M/2wPD3/AAkOif28WKjRf7Usv7VLCMzFRp/nfaiwhBlIEWRGDJjaM0AE/irwxbavHoFz4h0WDXJTGItHm1Syj1SQyx+bEEsXmF0xki/eIBF86fMCV5oAW98VeGdN1K30fUfEOi2OrXZiFrpl3qllb39wZm2QiCzlmS4lMz/JHsQ+Y3C7iMKAGp+KvDOi3lrp2seIdF0q/vQjWdlqOp2Vnd3SyymCM21vcSpLMHmUxIY1YNICgywxQAav4p8NaBJbQ654g0XR5bwZtI9U1OzsZLkbgpMCXM0TSgMQuYw3JxwcbgBdY8UeG/D0dtLr2v6Nosd7v+xyarqVnp6XXlhGk+ztdSxrN5ayRs/lltodScblLADtU8TeHdDtre91nXtH0mzuzi1utR1Kzsre5JUOBBNcSxxzHYQ+I2b5SD05YAL/AMTeHdL0631jUtd0jT9KuzELXUr3UbS2sLkzoZIRBdzSpBKZY0aSPYzb0VmXIBNABceJvDtrpMOvXWvaPb6JcLE0Grz6lZxaZMs4JhMV88q20gmAJjKyHeB8ucfMAB8TeHRo/wDwkJ13SBoO0N/bR1G0GlbWk8pW+3+cLXaZSIwfMwXOwZbFABD4m8O3OkP4gt9d0ebQow5k1mLUrN9LQRy+TIXv1la1URzfunLSDbJ8jYb7oAWfibw7qOmz61p+u6Pe6RaiU3Op2mpWdxp9uIBumM15FK8EQiXLSF3XYOW4FACaZ4m8Oa1ZXWpaRr2j6pp9iZFvb7T9Ss7u0tGiiE8oubm3lkihMcDLNIJGXZEwkPynKgFFPHHhCfSNZ1208SaNqGk+H7K71DWb3TdRtNQi0+0sbaS8uZbk2ksvl+XbRSSlWKkquRn+EA/g3/YL/ZSb/g5T/bV/ai/bb/bo8Z+KtZ/ZS+AnxTv/AIV/Ar9nLRPEdzo+mrb2qi+t7LUUtG82x0aDQ7nS5tX1XS/seq+J9euLzfqNnFpq27gH1x+1z/wbT/sg2f7L/wAT/ip+xhqcHwM/bM+AV18S/jF8MPEfwf8AiV4k1Kx1HSfDOsa74p8JeEtYt9X1m/1XSNet/C9rZ6HpuuaXfWIttYt1W9/tCG4nu1AP1u/4N9/+CiPif/goT/wT88A+Lvi9q9jefH/4aatr3wm+KjLNax32v6t4JuI7Sz8WS2UcgkE+u6LPpeo6rJHbx2qapdXMUOYwjMAftbb+KvDN5q02g2viHRbnW7ZpVuNIg1Oyl1OBoCFnWaxSZrmMwsQsgeNShOGHI3AAvirwy2rnw+viHRG10MynRl1SyOqBlTzGU2AmN1uWMGRgYwQg3EbRQATeKvDFvrCeHp/EOiw69IYwmjS6pZJqjmWLz4gtg0wumMkP71MRfNH84yvzUAF54q8M6dqcGi3/AIh0Sy1e6MQttLutUsoNQnMxxCIbOWZbiQyniMLH854XPWgBdS8VeGdGvrXTNX8Q6Lpmo3ojNnYahqllaXl0JpTBEbe2uJo5ZhJMDFH5atvkBRfmGGADVvFPhrQZra31zxBoujz3gzaQ6nqdnYy3ILbM28dzLG0w3/JmMN83y8HhgBdY8U+GvDy20mva/o2ipebzaNqup2dgtzsCF/IN1LEJdgdC2zdtDqTjcNwA7VvEvh3Qbe3u9b13R9Itbs4tbjU9Ss7GC5IUORBLcyokx2OrYjZsKwPIINABqHibw7pNhb6rqmu6Rp2mXZjFrqN9qNpa2VyZUMkQgup5khlMkYLoEdt6AsuQDtAC58S+HbPSoNdu9d0e10S6WF7bV7jUrOHTbhbhS8DQ30kq20onQFoikjeYoJTIBoAH8S+HY9IXxA+u6OmhMquustqVmNLZXfYjC/Mv2UhnOxSJDlvlHJ+UAIvE3h2bR38Qw67o8ugxh2fWo9StH0pBHL5Eha/WU2oCT/uWJlG2X93944oA+KP+Ci3xS1zwn/wTw/bM+JPwf123u/FPhn9nP4t3/h3W/D9/FdSaXqUHhDU4pNUsruylYQ3+jQSTalbSI++C4tY5MHYVoA/Ez/g1K+Enwf0P/gkbH8VfA82hn4w/Gjxf8YL341eOHmgXXofEejeI9e0TQNP1vUFLX+m2Oh6DBp19bWzyJD/pNxrUMQk1B5HAPeP+C1nwT+DXj7/ghn8btB+O3iXwf478VfAT4T+Gdf0H4ixa1Drt9o/xa0S/0TTbC+0nXbxm1E3XieS8l0S5juSJtStNSLTwNLDA8QB75/wbx/FjxT8Wf+CRn7HmqePNf/tzxho3w6/4Ru5kur5LzWP+Ef8ADurahofhO51XMr3Rmu9B0+ykW4u/3t1zKzuSTQB+yWkeKvDOvz3FtofiHRdYubMA3cGmapZX01sCzIDPHbSyPEC6soLhfmUjkjCgBp/irwxq9/caXpXiHRNS1K0Dm60+w1Syu7y2EbiOQz20EzzRCOQhHMiDa5CnaThgAtfFXhm+1WfQrLxDol3rVqZludJttUsp9St2t2CXAmso5WuIjC7BJQ8a+WzYbBIoAE8VeGZdXbw/H4h0WTXUZ1fRk1SybVEZF3urWAlN0GRBuYGIFV+Y8c0AEnirwxFrC+HpPEOiR685VU0V9Usl1VmeLz1C2DTC6JaAecoEXMeXGVG6gAuvFXhix1SHQ73xDotprNwYxBpNzqllDqUxmGYhFZSTJcyGUcxhEO/+HNABqPirwzpF/baVqviHRdN1O9MQs9PvtUsrW9ujPL5MP2e1nmSabzpv3UXlo2+T5FywIoAXVfFPhnQri2tNa8QaLpF1egG0ttS1Sysp7kM/lKbeK5ljeYGT92DGGBf5eCAGADWPFPhrw99nOveINF0UXYY2p1XU7Kw+0hMbzB9qmi84LuXcUOF3LnGRQA/V/E3h3QIbe413XdH0a3uyRazapqVnYRXJVUZhA9zLGspVXRj5bNhWUnhgWADUfE3h3R7K31LVte0fTdOuygtb6/1KztLO5Mib0EFzPKkMpdBvURs25RuGQCaAC78S+HbDS4Ncvtd0ez0a6EJttWudSs4NNuBcIXgMF7JKttKJkVniMcjeYillyAaACTxL4di0hNfl13R49CkVHTWH1K0XS3WQ7Y2W/aVbUh2+VCJGDHgZNAHmHxm8P+F/jB8EvHnhWTxppWieG/GPh680WfxlFcWN9pmmR3E0UDXfmte21lN5c6iHY15Cplbyy4fhgD0DQdY8OReF7O7sfEWkahomk2EFnLrlvqFnJpwXT4I7aSWW7jne2hwY8yBpiIycFjgUAX9P8TeHNW0+51bS9d0fUdLshMbzUbHUrS6sbUW8XnTm4uoJXghEMP72XzHXy4/nbC0AJpXifw5rttc3mi69o+rWlmSLu603UrO9t7UrH5rC4mt5XjhKxHzG8xlwmGOFOaADR/E/hzxD9o/sHXtH1r7GVF3/AGVqVnf/AGYtnaJ/sssvkltrbd+M7TjoaAG6R4q8M+IJrm30LxBousz2YU3cOl6nZX8tsHZ0UzpbTSNEGZHVfMVcsjAcqQoAmm+KvDGsXtxpuk+IdF1PULQMbqxsNUsry7tgj7HM9vBK8sQR/kYuq7X+U4ORQAtn4q8M6hqlxolh4h0W91m0877VpVrqllcajb/Z3WOfzrOKZriLyZHVJd8Y2OwVgpNABF4q8Mz6tJoEPiHRJdciMiyaPHqlk+qRtEMyK9is32pWjHLq0YKjk8Z3ACN4q8MrrC+HW8Q6Kuvu21NFOp2Q1Vm8oz7V0/zvtRPkK02BFnygZMbATQAtx4q8M2eqxaFd+IdEttbnMYh0ifVLKHUpTKu+IR2Mky3LmVPmjCxnevK5H3gBL/xV4Z0rULbSdT8Q6Jp+qXhiFpp17qlla31yZ5PKgFvazTJPMZpf3cQRG8x/kTLUALqninwzod1bWOs+INF0m9vQps7TUdTs7K5ug8hhQ28FxKkkweUGJTGrbpAUGWBFABrHinw14fNuuveINF0Y3gJtBqmp2dgbkLgMYBdTRGUKWUEoGxuGcZ+YAdrHifw54fitp9e17R9GhvC4tJdU1KzsI7ooqM4t3upollKLIjN5ZbaroTwymgBdT8S+HdFs7fUNX13R9LsLsqLW91DUrOztbkum9RBPcSxxylkO8CNmyvzAYPygHyL+2vr2h23wu+FusXGsaZb6TcftDfAuSDU5r62jsJo38Y20ySRXbyiCRHhjeVWWQho1ZwdqmgD66m8S+HbfSY9fn13R4dDmWN4tYl1K0j0yVZf9U0d88q2ziQjEZWQh/wCHOPmAAeJvDp0c+IRrujnQFXc2tDUbT+ygvmiDcdQ802oHnsIc+aB5hEf3iBQAW/iXw7d6TJr1rruj3GhwiQy6xBqVnLpkQify5TJfJK1sgjkGyQtIuxvlOCKACx8TeHdU0641fTdd0e/0q0EputSs9StLmwthAnmTme7hleCIQx/PJ5ki7E+Zto5oATS/E/hzW7S5v9G17R9VsbIuLy807UrO9trUxxiZxcT28skcJSEiVvMZdsZDn5TlQA0jxP4c8QLcvoWvaPrKWZAu30vUrO/W2JBIE7WssqxEhWI34yASOhoA1ba5t7yCG6tJ4bq2uI1lguLeRJYZonGUkiljLJIjDlWUkEcjrQBPQAUAFABQAUAFABQAUAFABQAUAf/Q/v4oA858P/B34R+E/FWpeOvC3ws+HPhrxtrK3iax4x8P+CPDOjeKtVTUZ4rrUE1LxDp2mW+r3y311BDc3i3V3KLqeKKafdJGrUAfJf7NXwu+Gdt+0r+2t48tvh14Ft/HKfHPQIk8ZweEfD8XixI9T+CfwyvNSjXxEmnprCpqF5NNd3yC823dzLJPOJJHd2APrT/hTvwjHjcfEwfCz4cj4kLI0q/EH/hCPDP/AAm6yvatYtKPFf8AZn9vCRrJ3s2cX4Y2rtbkmFmRgA1D4O/CPVvGlv8AEjVfhZ8OdT+Ilm1u9p491DwR4ZvfGlq1nbfY7RrfxTc6ZLrkLWtp/otu0V8pgtv3Ee2IbaADX/g78I/FXinTfHPij4WfDnxJ410drN9I8Ya/4I8M6x4p0p9Pl8+wbTfEGoaZcatYtYz/AL6za1uojbS/vISj/NQAviz4P/CTx7rmk+J/HXwt+HXjTxJoCW8eheIfFngnwz4i1zRY7S8fULWPSdW1jS7y/wBNS2v5HvrdbO4hWG8d7mNVmZnoAPGnwg+EvxIudLvPiJ8Lvh149u9DUpot1408E+GvFNzpCF1lZNLn1zTL+XT1MqLIVtHiBdVc5ZVKgD/G/wAI/hT8TbfSrT4kfDH4e/EG10Hzzodt438F+G/Fdvo32pIIrn+yode02/i077RHa20c/wBjWHzkt4Ek3LDGEAH+L/hR8LfiDpOmaB49+GvgDxvoWisH0bRfF/g7w74k0nSXWFYFbTNO1nTr2zsGWBEhDWsMREKrGMIqqoAeIfhR8LfF3hfTfBHiv4a+APE/gvRmtH0fwh4h8HeHda8L6S9hBJa2L6boGpabc6VYtZWssttaNa2sRtoJZIYSsbsjABqPwo+FuseDbL4dav8ADXwBqvw+0yO0h07wJqPg7w7feDdPi09SlhHZeGLnTZdEtI7FGZLRILFFtlYrDsBNAA3wo+Fr+CB8M3+GvgB/hwI0iHw/bwd4dbwQIo7lbyOMeFDpx0Hy0u1W6RPsG1blVnUCUB6ACx+FHwt0vwVP8NdN+GvgDTvh1dLcJdeAbHwd4dtPBVyl3dfbrtZ/Ctvp0ehzLc3pN5cLJYMJro/aJN0x30AGhfCj4W+F/CuoeBfDXw18AeHfBGrrdpqvg3QvB3h3SPCuppqCeVfrqHh7T9Ot9IvVvY/3d2tzaSC5T5Jt6kigA8KfCf4WeBNB1fwr4H+GngDwb4Y197mTXvDnhTwb4d8PaDrcl5Zpp14+r6RpGm2en6k93p8cdhcteW87T2caW0paBVjUAz9A+Cnwg8I6D4l8MeC/hh4A8D6F4xsruw8T6b4K8H+HvClrrdvfWcun3A1OLQdOsY713s55YBJcpK6xsVB2nbQB/C7/AME6P2ovDv8Awbg/tuftZfsOft3eEdU8H/AD43/E2f4l/BX9qHT/AAjdalpeo6ZcI1no0Orajpumvqd34ZvdMjtmWCBrmHwr4hTXV1C1sjczzUAfR/7SH/BdP9gP9nX9lT4yfDP9jB/h3+0J+2n+0dqnxh8HfD+P4C/D/Tp3s9F+J/irxDB4QvvF3inw9oVk93N4f0DX7Y6X4YNzeanJrEdtataxQi5uIgD9cv8Ag3l/4Ju6n+wN+wb4D/4XF4I0HSP2mvire+IPiZ8S9Rm0PSR4v8Np43u4b/T/AALc68kD6qkWlaTbaTHqulLemxXV4Z3WIsqvQB+1WmfB34R6J4yv/iLo3ws+HOkfEHVZLyXVPHWmeCPDNh4y1GXUXWXUJL/xPa6ZFrd5JfyKsl49xfSNdOqvOXYCgAj+Dvwjh8bN8S4vhZ8OYviO8kkr/ECPwR4ZTxs0ssBtZZW8VLpi66ZJLVmtpHN+WeBjCxMZKsAF58HfhHqPjaH4mah8LPhzf/Ee2a3e3+IF54I8M3XjaB7Sz/s+1aHxXPpkmvRNbaeBY27R34MNmPs0e2EBFADW/g98I/EvivT/AB54j+Fnw58QeOdJa0fS/Get+CPDOq+K9NewbdYtp/iK+0u41izayb5rRre8Q2zcw+WcFgA8U/B74SeOdf0nxZ42+Fvw58YeKdAW1XQvEvinwR4Z8Qa/oq2N42oWS6TrOraZdajpy2d+731qLO5hFveM1zDsmZnoAXxl8IPhL8Rr7S9T+IXwu+HXjvUtDUJomoeMvBPhrxRfaOgm+0BdLu9b0y+n09ROBOFtJIgJh5g+cbqAHeOPhD8J/ibFpcHxJ+GHw8+IMGhiYaLD448FeG/FkWji5WFLgaXHr2m36aeLhLeBJhaCLzVghWTcIkCgEnjL4UfC34i6bpmjfEH4a+APHWkaKxfRtK8ZeDvDvifTdJcxJAX0yx1vTr21sGMMUUJa1iiJijSM5REVQA8SfCj4W+MvDmmeDvF/w18AeK/COjNbPo/hXxJ4O8O674c0l7OBra0bTND1TTbnTLFrW2d7e2NraxGCB2iiKxlkYANV+FHwt13wdp/w71z4a+ANZ+H+kx2MWleBdV8HeHdR8HaZFpkTQ6bHp/hm706XRLKPT4XaKxS2so1tImaOAIrMtABN8KPhbceCo/hrcfDXwBP8OYo4oovAE3g7w7L4KjigmFxDFH4VfTm0JI4bgCeJFsAscwEqAOAygBa/Cj4W2Pgib4Z2Xw18AWfw3uFmS4+H1r4O8O2/gidLi8/tG4SbwpFpyaDKs+of6dMr2DCW8/0pw0430AVLb4M/CKx8B658LdN+F/gDSfht4msdU03xB4D0fwjoOj+EdYsdahkt9Wt7/wAP6ZYWumXCajDK6XZe2LzbsuxYKVAP4x/FP/BLj/gsF/wR7+Lvx11T/gkpYeBP2mv2K/2gdQ17XPEn7NvxEfS7u98JS61ZNp89i3h/U9V0O41XUYNMcaJZ6z4fuNTtdV0e1tYte0JJRHboAeMeEf8Agl5/wWu/4Ki2Hww+Af7Y3w3+EX/BP/8AYb8Lar4b8QfE3w18MfD/AIU8I+PPjHeeHh5KXHifRfD91ea34g8XSWvmW9nqPiC20Tw5pon+3Pa6hfWVvbuAf26/AL9mn4F/sw+BtC+H3wN+F3gj4caDoXh3QvDIbwt4Z0bRdR1fT/DtmLLTX1/U9Psre+1y7jTzJDd6pcXdwZp55PMDyuWAOu8GfB34R/DjUNT1b4efCz4c+AtU1pVTWdS8GeCPDPhfUNXRJZJkXU7zQ9LsLi/VJppplW7eULLLJIPnd2YAPDPwd+EfgrxDqXi7wd8LPhz4S8WaytwmseJ/DPgjwzoPiHVUu5hc3S6lrWl6Xa6lfrc3CrcXAurqQTTKJZA7gMoAaR8HfhH4f8Yaj8QtB+Fnw50Tx9rD30mreONI8EeGdN8YapJqcyXGpSaj4ms9Mg1q+fUJ40mvmub2RruZEln8x1U0AFv8HvhHaeNZfiTa/Cz4c23xFnkmln8fW/gjwzD41mluIjBcSS+Ko9MXXZJJ4SYZne/LSxExuSnysAFx8HfhHd+N4vibd/Cz4c3XxIgeOSD4g3HgjwzN43hkhszp0MkXiuTS316N4tPY2EbJfhksybZCICUoANX+Dvwj8Q+LrL4ga/8ACz4c654801rV9O8bav4I8M6l4u097Fdtk1l4kvdMm1m1azXC2rQXqG3XiHZgUAHib4PfCPxr4j0nxh4x+Fnw58W+LdBNmdD8U+JvBHhnXvEeinT7v7fp50nW9V0y61PTjY3xN7ZmzuYfs12ftMOyYl6AF8Y/CD4S/ETUtK1n4gfC74deOdY0JUTRNW8Y+CfDXibUtHSO4+1RppV9rWmXt1p6pdf6Si2k0IW4/fACT56ADxx8IPhL8TV0xPiT8Lvh18Ql0VZU0ZfHHgnw14sXSUnEYnTTBr2magLBZhDEJVtRGJBFGHDbFFAE3jX4UfC34k2OmaZ8Rfhr4A8fabojO+jaf418HeHfFNjpDyRRQyPplprmnX9vYNJDBDE7WqRFooooySiIqgB4o+FHwt8b6BpnhTxp8NfAHi/wtorQvo/hvxR4O8O6/oGkvbQm2t30zR9W06606waC3ZoIWtbeIxQkxJtQ7aADWfhR8LfEfhDTfh94h+GvgDXvAWjixXSPBGs+DvDuqeENKXTIXt9NXTfDV9p0+jWI0+3klgsRbWcQtIZHit9iM6MAFz8KPhbe+C4fhtefDXwBd/Du2jgit/ANz4O8O3Hgu3itX822jh8LS6c+hxR28oEkCR2KrE43xhW5oA8z+L/7OngPx7+zr49/Z68NeFvAvg3wd4t8O3ujWug2fhPRrPwZpst3exal9pPhmwsYdLwuoRLfN5doGN6Fuv8AXKHUA77wt8Hvhj4U+Hsfwx0j4d+AdO8DTaeLPVfB+l+D/D+n+EdWM0cY1CS98N22nxaRdjUJlM92Lizl+0SMXm3vksAXvDfwo+Fvg3w3qvg3wh8NfAHhTwhry3qa54U8N+DvDuh+G9ZTUrX7DqKaroel6da6XqK39j/od6t5bTC6tf8AR598JKUAJ4P+E3wr+HularoXgH4Z/D/wPomutI+t6P4P8G+HPDOlaw8tsLOVtV0/RdNsrTUGktFFrI13FKXtgIGzENlAB4I+E3wr+GY1MfDj4Z/D/wCH41to31keCPBnhzwoNXeHzPJbU/7B0yw+3tF5svltdCUp5smzbvfcAReCvg/8JPhre6pqPw5+Fvw68AahraxrrV/4K8EeGfCt7q6wySzQrql1oWmWE9+sUtxPLGLt5Qkk8rqA8jswAnhb4O/CPwNrup+KPBPws+HPg/xNrSyprHiLwt4I8M+H9d1ZJ5vtE66nq+k6ZaahfrNcfv5RdXEokm/euGf5lADRPg78I/DPi3UvH/hv4WfDnw/471n7b/a/jXRPBHhnSvFuq/2lPFc6j/aXiOx0y31m+/tC5hiuL37VeS/a54opp/MkRGUALT4O/CPT/Glx8SLD4WfDmy+Il3JcS3fj208EeGbbxpdS3a7LqW48Uw6YmuTSXKfLcPLfO0y/LIWAzQASfB34Ry+OI/idL8LPhzJ8SYZBLD8QpPBHhl/HEUosn04SR+LG0w6/HINPkewDpqAYWTva58hjHQAmqfB34R654xtPiJrXws+HGsfECwa2ex8c6p4I8M6h4xsnsovIs3tPE13pkut2zWkIENs0N6hgi/dxFU+WgA8R/B34R+MPE2l+NPFvws+HHinxjobWT6L4s8R+B/DOt+JtHfTbn7ZpzaXr2paZdarp7WF5/pdk1pdQm1uf38HlygPQA7xf8IPhL8QdX0rxB49+F3w68b69oKxJoet+L/BPhrxJq+jJBcm9gTStS1nTL2805Yb1mu4ls54hHcsZ0AlJegA8bfCD4S/Et9Mk+I/wu+HXj+TRFkTRpPG3gnw14qfSElKNKmmNrumX7WCyNHG0i2hiDmNCwO1SoBL42+E3wr+JdppWn/Eb4Z/D/wAf2GhGVtEsvG3gzw54qtNHaeOGGdtKttd02/h08zRW9vFKbRITJHBCj7liQIAL4r+FHwt8d6Jpnhrxx8NfAHjLw5orRvo/h/xX4O8O+ItE0l4Yfs8TaZpWr6dd2Ng0VviCNrWCIpCPKXCYFAHyb+3B8Ofh7q3wY+E3gjVfAng3U/Bem/tBfAi107whqHhjRLzwvYWtv4qhsLe2stAuLGXSbWCCxuJ7KGGCzSOK0nltkQQyulAH1le/Cj4W6l4MtfhxqPw18AX/AMPLKO2isvAd74O8O3Xgy0isyTaR2vhefTpNDt47Ukm2SKxRYCSYghNAAvwo+FqeB3+GS/DXwAvw2ljEUnw9Xwd4dXwPJELxdQET+Exp39gvGNQjjvgjWG37Yi3OPOUPQAab8KPhbo3g26+HWj/DXwBpXw+vluUvfAmm+DvDtj4NvEvZvtN4t14YtdOi0S4W6uCbi5WWxYTzHzZdzktQAeHvhR8LfCPhjU/BPhT4a+APDHgzWlvE1nwj4e8HeHdF8MaumowfZdQXU9A03TbfSr9b62/0e8W6tJhdQfuZg8fyUAJ4R+E3wr8AaNq3h3wH8NPh/wCCfD2vPNJrmheEfBvhzw3o2svcWq2Nw+raZo2m2dlqLz2SLZzNeQSmW1Vbd90ICUAHgr4S/Cv4aw6nb/Dr4Z/D/wAAQa2yvrMHgrwZ4c8Kw6u6K6I2px6Fp1gl+yJI6KbtZSqu6ggMwYA7HS9K0vQ9OstH0TTbDR9I023is9O0vS7O30/TrC0hUJDa2VjaRw21rbwoAsUEESRRrgKqgAMAX6ACgAoAKACgAoAKACgAoAKACgD/0f7+KACgD4//AGcf+S0/tsf9l28Jf+qK+FtAH2BQAUAFAHwz8Gf23dH+MX7Zf7Tn7HcPwy8aeD/EH7M3gT4PeOdW8WeJ20mHTPGNj8Yj4pm0R/D1hZX13qNvbWlh4cSW5Osw6feC4u3gNovkb5QD7moAKACgAoAKACgAoAKACgAoA8G/aC/Zd/Z2/as8HjwF+0d8Gvh/8ZPCccjzWul+OfD1lq7aZcSrslutG1B411TRLuSMCOS70i8s7iRAEaUqAKAPgz9gT/gkr+xt+yDHqnjXw1+yX8IvA/xaT4hfEi60HxcumQ+K/EGk+D7rxprE/gf+xdX1rUNffQpovCraVCH0ySy1KONTBfStP54oA/WygAoA+N/29/2wdK/YQ/Za+Kn7UGu/Dnxl8T9D+FmgHXtW8OeC/wCyodQ+yPfWOlRXVze61fafYW1nHqGqWK3OJpb1rZriaztLo2sqKAfVXhbXE8T+GfDviSOBrWPxBoWk63HbOwd7dNVsLe+WB2XCs0SziNmXglcjIOaAN6gAoAKACgAoAKACgAoAKACgDJ15NRk0PWo9IYrq0mk6imlsGjUrqL2cy2TBpf3SkXJiIaT92MZf5QaAOF+Clp4+sPhJ8OrL4pzPc/Ee18I6LB41nknsrmSbxHHZxrqkj3GnAWEzNchyZLMfZ26x5XFAHqFABQB+Ov8AwWV+Kfxq+DPws/ZW8YfB74s+Ivhv/wAJF+3t+yD8LPGemeH7LR3HjHwR8QfirZ2HinQNW1DUrK+vLax1CytoLYjSG0+68pryKW6lhu2jQA/YkdB9BQAtABQAUAFABQAUAFABQAUAFAHlfxw8F+JPiL8JPH3gfwhraeG/E/ifw7d6VomuyXd9Yppd9OY/Ku2u9MSTULcR7W/eWiPMM/KDmgD0XSbWey0vTbK5l8+4tLCztbicM7Cae3t44pZQ0mJG8yRGfc43ndlsMTQBfoAKAPhn9oP9t3R/gD+07+x7+zRqfwy8aa7e/te+PPGngbw78QbNtJtfB3he+8DfDzWfiFqqambu+TV766nsdPtLa0Gm6bcWfm3U6zXcU1m8TAH3NQAUAFABQAUAFABQAUAFABQAUAfIH7aP/IgfDP8A7OJ+B3/qa2lAH1/QAUAFABQAUAFABQAUAFABQAUAFABQAUAFABQAUAFAH//S/v4oAKAPj/8AZx/5LT+2x/2Xbwl/6or4W0AfYFABQAUAfiL+zEyn/gut/wAFSlDAsP2Xv2C8gEZH/Eq+KB5HUcEHnsQe9AH7dUAFABQAUAFABQAUAFABQAUAFAHjXwLuPiZc+DtXk+K8U0PiVfiF8SIdOWaC3t3Pg2HxrrUXgiQJbARtHJ4XXTHjlb97KjCSYmRmLAHstABQB+Qv/Be8hf8Agj5+3kWIA/4U7AMkgDJ8beEwBk8ZJIA9Tx3FAH6dfCYg/Cz4akHIPgHwfgjkf8i9p9AHoFABQAUAFABQAUAFABQAUAFAGVrzaguh6y2kAtqq6VqLaYoCsTqAs5jZAK3ysTciIAN8p6HjNAHC/BSfx5c/CT4dXHxRjli+Is3hHRZPGkU0MNvLH4iazjOprJDbAQROLneGSECNTwoAGKAOqv8Axn4O0u5kstT8WeGtOvISBLaX+u6XaXMRPIEkFxdRSoSMEblGf1oA0tN1vRtZQyaRq+marGACZNNv7W+QA9CWtZZVAPYkgGgD8a/+C3Phn4jePPgt+y34Y+F/wi+LXxb1zQP29/2Sfit4isfhd8O/E/jl/D/w/wDhr8RD4g8Y+JNYfw/p17HY2uladB5hjmZZ52liWCNySKAP2X0rUI9V0yw1KK2v7OO/tILtLXVLG50zUbdZ41kEN9p97HDd2V1GG2z21zFHNDIGSRFZStAGhQAUAFABQAUAFABQAUAFABQB5V8cfDnjLxf8I/H/AIZ+HmqPovjbWvDt3Y+GdVS9k017DVJTH5Fwt9ERJalAG/eody575FAHoukw3NtpWmW97IZby30+zhu5SxcyXMVtGk8hc5Ll5VdtxOWzk5zQBoUAFAH4i/8ABS5lH/BRT/ghsCwBP7UP7R+ASATj9mbxKDjucEgcdMgHqKAP26oAKACgAoAKACgAoAKACgAoAKAPkD9tH/kQPhn/ANnE/A7/ANTW0oA+v6ACgAoAKACgAoAKACgAoAKACgAoAKACgAoAKACgAoA//9P+/igAoA+P/wBnH/ktP7bH/ZdvCX/qivhbQB9SeJbTX77QdVs/C2s2Ph3xFcWcsWj65qeiv4i0/TL5h+6u7vQ49U0R9UhjOd9ourWBkzxcpj5gD+aT/gnP+3v/AMFTP28/iR+274Cs/Gf7IXg+8/Y8+N+q/Bq3TUPhR8QzZfEC801r5Rqd1qVl48vrnw1azG3g3GDStbmjDzEQPsjDgH2v/wAE3P8AgqX4t/aq/aF/an/Yj/aO+EmlfBr9rT9kbWba18Z2Pg/xHP4s+HPjzwxfXl1Zaf4w8Gaxe2GlanFDcvapc3Gm6hp6PbW1/YPHcXHmuUAPv7wX+xj+zf8AD34++PP2ovCHgC+0n47/ABP03RNH8f8Aj5viB8S9SuPFOleGrWaz8Padqmhat4xvvC0llodrczw6VbRaHFFYLPKbZUZi1AH1FQAUAFABQAUAFABQAUAFABQAUAeNfAvXviN4j8Havf8AxQ0ebRPEUHxC+JGl2FpNpc+kvL4R0nxrrWn+DdQFtcSSPJHqPhq3028jvVbyr5JhdRKqSoKAPxs/4Lk/t+ftg/8ABOzw9+zl8Q/2edT+DGseHvjb8dPCPwH1Pwt8S/AHiDVL7QdT8WPGlp4os/EOi+NdMW+tUYXBudKl0a2eBY4jFeXJlZUAMz9uL/goF+3v/wAEt/hX4I/ae/aH8J/AX9pn9mW68WeFvDPxW1T4RWXiz4W/FL4dWniwO1n4h07wl4hvfFmg+KLC2MT2zQr4o06d7p4kkWFZoi4B+s3xL+EX7Of/AAUA/Z003wz8V/Cz/E/4EfGDwx4f8Sy+GZfEnjDwvYeI9D1NNO8Q6VFq0ng/X/Duo3dus0NjctZz3rW3nwKWjbBDAHvPgXwP4b+G/hPQ/A/g+0vLDw14bsIdM0axvta1zxDc2ljbKI4LdtX8R6lq2s3awxgRxte6hcOqKqBgqqKAOsoAKACgAoAKACgAoAKACgAoAydenv7bQ9ZudKiM+qW+k6jPpsCxmYzX8VnM9nEIlw0pkuFjQRqcuTtGCaAOG+CmseN/EHwk+HWt/ErTJdG8f6r4R0W+8YaVNYTaXLp/iC4s431K0k02d5JrJ4bgsjW0rs8RG1mJBNAH8o3/AAXS+DXws1n/AILAf8EYrbUfAnhyW1+MPxM8a6N8VbWLTorO2+IunaP9ku9Nt/GcNl9nj8R/ZZriULJqq3UrQ7baSR7eNIlALP8AwWU8FaZ/wTq/aY/4JsfEf/gnbrevfB343/F/9pfQvhX4x/Z98CeL/EU/w7+Lnw31LVPDNrq0uu/Ce61PUPDWnRaZb6lPZya/YaPYG0i1D7asqT2T3DAH9etk9xLZWkl5EIbuS1t3uoVOViuHiVp4lPORHIWQHPIHegC1QAUAFABQAUAFABQAUAFABQAUAeVfHHTfiBrHwj8f6Z8K7lrP4i3vh27g8IXSXVnZPBrTGP7NIt3qGLKAgBv3lyfKHfGaAPRdJS8i0rTI9QYtfx6fZpfMWVi14ltGtyxZMoxMwc7lO05yuQaAP5xvjT+3t/wUR8N/8FjvB/8AwTN+H/jf9myDwZ8R/gvqPxt8P/EbxR8HPF13rug6bZ/aYj4Z1HSdP+JsVrqVzHe27QLqsV1aLPa/6UbOGU/ZFAPX5/8AgqD+0P8Asq/8FCvgR+wR+3Z8OPhle6Z+1Rpd9P8AAL9oz4H6pr0fh/U9f0/7es3hfxz4E8UWceoeGb5pdNeFbiw1jWrf7Te2CozW0/2qgD9S/jJ+xp+zj8f/AIl/Cn4wfFrwDe+KviP8DtU1LW/hN4lj8ffEnw7J4G1fWNPXSdW1HRtN8K+MND0YXmpaYi6ffT3WnXT3VmWt5sxO6uAfTqIsaJGudqKqLuZnbaowMu5Z2OAMszMzHliSc0AOoAKACgAoAKACgAoAKACgAoA+QP20f+RA+Gf/AGcT8Dv/AFNbSgD6/oAKACgAoAKACgAoAKACgAoAKACgAoAKACgAoAKACgD/1P7+KACgD4//AGcf+S0/tsf9l28Jf+qK+FtAH2BQB/FF/wAESvEH7YWk/tRf8FnLX9lv4afAnxt9u/bf8Zrq2rfGb4peMPAMWg6qbnUks5LbTfCvw48cy61YrEUnnHn2E7SA26qqkXFAH7q/8E2/+CY/ir9lP4y/tQ/tjftG/Evw/wDF39sL9r/xHaap8SNZ8EaXe6T8NPA3hvSLm+uND8DfD221mGLX5tOsjfulzqmqpa3F7DbafA1mn2L7RcAH7EUAFABQAUAFABQAUAFABQAUAFABQB418DPGvjLx54O1bWfHOipoOsWfxC+JHh20sks7mxE3h7w1411rRPDeomG7eSR21PRbKyvmuFYQ3JnM0CrE6ooB/Nl/wdgyalF+zZ+wvLo1vaXesR/t9fB6TSrS/uZLOxutST7U1jb3t5Db3U1raTXQiiubmK1uZIIWeWO3mdRG4B9R/tgfsH/t7f8ABU/4b/Dj9nX9pbVf2eP2bf2SIfEng3xh8VdJ+Dvjbx18U/jD8UbHwxCbjTvDVjqPiH4d+B/DHg/S7xpy17ctcazeRzra3UUT/ZXtZwD97PB/hPQ/AfhPw34K8M2UeneHfCeh6X4d0SwiVVjtNL0izhsbKBQoVR5dvAinaqgkEgDgUAdHQAUAFABQAUAFABQAUAFABQAUAZOvXd3YaHrN9YQi4vrLSdRu7KAqzie7trOaa2hKLhnEkyIm1TubdgYJFAHDfBTxT4n8b/CT4deL/Gulroni3xJ4R0XWPEWkJaz2Sabq97ZxzXtmtpdPJcW4gmZkEUztImMMxIzQB/K//wAF/fCOgfEL/gqv/wAEPPA3iS91ey0fxH8T/iPp+pT+HfEmr+E9fgtrlNKEcmmeIfD9/pmt6RcvPEI4bvTr62uC2+JJfmdHAP6BPg9/wTZ/Y7+CXxTt/jp4Y+GGo+JvjZZWEul6Z8Wfi18RPiR8ZvHei6dOrJLZ+Hda+KPivxW3hqGSOSWJh4fj0xzDNNCZGildGAPuugAoAKACgAoAKACgAoAKACgAoAKAPKvji3xCT4R+P3+FHm/8LHXw7eHwd5KWskv9t5j+zeWl6r2jNjfgXCtH6+qgHouk/bP7K0z+0c/2h/Z9n9uyFB+2fZo/tWQuFB8/fkKNvpgAUAfyBftk6p8YNH/4Okf2dL74GeEPA/jj4gJ+wzrC2Ph/4h+L9V8DeGriyfVdYF7NP4g0bwz4svYLiECMwQro8iTbnDzRbRvAP010X/gmn+0Z+0x/wUD+Df7fv7fni74Q6en7MGh6rp/7OH7OfwHvvFHijwx4f1zXE1KLUPF/xB8c+NPDHhO88Q6xFHqc5s7PSfD1naJLBpk32lH04i9AP3YoAKACgAoAKACgAoAKACgAoAKACgD5A/bR/wCRA+Gf/ZxPwO/9TW0oA+v6ACgAoAKACgAoAKACgAoAKACgAoAKACgAoAKACgAoA//V/v4oAKAPj/8AZx/5LT+2x/2Xbwl/6or4W0AfUviSTxJFoOqyeD7TRL/xOlnK2iWfiTUb/SdBuL8f6mLVdS0vTNa1Cys2OfNntNKv5k/gtpOQoB+Cn/BJH/gmz+2v+wR8ev2xPiF8ZfFH7MPjbwT+2B8Y9Q+Musw/DbxV8Um8UeBtYvm1SSTStNsfEvwu0PSdfs5Dc2EJnudX0mSBIrmZYpndIVAP1S/ad/au0D9nnXPgb8OLLQLrxz8Zv2lfH978PPg54As7y301dWvdD0SfxL4v8S65qtzmPSPCXgzw/b/2jr2oJFdXe66sLHT7G9v722tpQBnwB/as0n4u/FP44fs++KPDz+BPjz+zxe+Fx8QfB41BNX0m+8NeOtIXXPBHjrwhrSw2zat4W8SWHnxwSXVnYanY6jY3+m6np9nd2rx0AfW9ABQAUAFABQAUAFABQAUAFABQB418C/iRrPxS8Hav4i13RE0C80/4hfEjwhDZIZyJtO8GeNdZ8NabqR+0RQybtUstNgvmAVow05EUjx7WYA/ID/gtr/wTi/a7/wCCk/h79n7wH8B/Ff7O3gHwv8EvjR4Y+OU2ufFfxB8R49f1zxF4UMb6foMWjeE/h34i0+20ppDOZ9QfWmuXV0Ask2lqAP2m+F8XxAt/Anhu1+KNj4P07xvaadDZ63a+A9a1rxB4WWW1UQRSaZqviDw/4X1a4SaGOOWUXWiWZilZ4k81ESVgD5X1D9t3R7D9v7wd+wTP8MvGlp4g8Yfs/wDjv9oCw+Jt+2k23g+80LwT4v8ADfgy40bTbUX0uuz6hLqmuXDvPc6da2RtrOKe0nuY7pWQA+5qACgAoAKACgAoAKACgAoAKACgDJ16/l0rQ9Z1SCEXE+m6TqN/DbnIE8tnZzXEcJKhmAleMJ8qsfm4BPFAHDfBXxxqnxL+Enw6+IGt6Uuhav4x8I6L4g1HR0MzJpt3qVnFcTWameOGYiB3KAyxI/HzKpyGAPk/49/8Euf2Gf2nvi74Z+PHx1+C9/4++LXgm7tr/wAFeM7r4ufG/RbzwZeWl2t9Bc+EbHw18StE0fwxKt4ouGbQ9OsfNlG6XfigD7A1jQdc8OfDTU/DXwtMFv4i0vwndaN4Em8Vajq+vWllq0envaaFeeINR1W/vdc1m1sbo293qUl5qVxqeowwTIbprmbzGAPwn+Lvww/am/Y0/bW/YL8Q/Dv9sj48/HqX9qX4xeKfh1+0F8Efi7ceE9Z8C6j4WsfAmreLdZ8f/DrT/D3hTQZfhxYeBb2zsoEthdahDdLqum2N3dTXFwHoA/oXoAKACgAoAKACgAoAKACgAoAKAPKvjjqvj3RPhH4/1b4X6fLqvxBsPDt5ceEtOhsm1KW81hDH9nhjsUIa6ZgW/dKQW9RjNAHoukyXculaZLqCGO/k0+zkvYyuwx3b20bXKFDkoVmLqVJ+XGOcUAfz4/Ev/gm5+3t4s/4LH+AP+CnGg6/+yVB4I+HfwsvPgxp/wu1bxx8X4vE+seE72O8eXW73VrP4O3emafrn2+5W5XToHvbJYYzbf2g2/wA9AD94/iD42b4eeBNa8ZXOgaz4nvNIsrU2/hjwnb/2hrOva1qF1a6ZpmiaOtwbWHzNR1e9tbNL7UJbKwsYZW1DVLmysbe5uIgD4G+Af7evxL8aftdat+xp+0N+y34r/Z5+Jd98H5/jz8NtVbxr4O+I3hPxn8OLDxJH4U1YXWt+DdSv7bQPFWkazcW8F5od6f3scn2iyubqFS6gH6aUAFABQAUAFABQAUAFABQAUAFAHyB+2j/yIHwz/wCzifgd/wCpraUAfX9ABQAUAFABQAUAFABQAUAFABQAUAFABQAUAFABQAUAf//W/v4oA8S+P37SPwI/ZZ+H2o/FP9ob4reCPhD4A0wiO58S+OdfsNB097l1dobK1e9mia8vrgoUtrO2WWeeQrHGhdlDAH4k/sZf8Fxf+CW/xI/aP/aW8J6F+1t8PdP1b4rfGfw5qXw8bxY9/wCENO8V29r8KvAXhdxpOq+IbSw0+5nl1vRdRs7a3WcS3JgEkKPG8cjAH9Dltc217bwXlncQ3VpdRRz21zbypNBcQSqHimhmjLRyRSIQ6OjMrKQQSDmgCegD8P8A9t2x1PSv+CwP/BI/xhrUkn/CDahoH7WPgPRHkUixsfiRf+EPDGuxK9wcxRX2s+GtLu47OFyklzHpN15O/wAmRVAGfB7SdQ1//gvf+2R4r8PyP/wjfgX9i/8AZx8E+O3hRmtLjxnr2seK/EmgWU864i/tDTfDbx3D2zF54rXVLaVgiTJuAP3DoAKACgAoAKACgAoAKACgAoA+Vv2qf23P2U/2JPB9v45/ak+OPgL4O6DfySQaR/wlmt2tpqmvXUKq8tnoGjCRtU1i7SNhIbewtJ5NgYgAKxoA+GP2K/8Aguv/AME5v22NfbwF4C/aK+Hmj/FC78TeJdH8PeAfEWrXHh7WfE+laZrd5YaFquhR+JLLRm1SbXtKitNW/s+ySWaz+1/Z3LtGWoA/Y8EEAggggEEHIIPIII4II6Ef1oAWgD8Rficy/wDEQf8AssruG7/h2N+0IduRnB+PfgDBx152nHrtPoaAP26oAKACgAoAKACgAoAKACgAoAKAPgr9s/8A4KZ/sS/sC6VHcftN/tAeAPhz4h1HTbvUPDvgrUdXS68ZeIFt0kCvp3hjThea3NatcIlvJdx2DRRM656igDy79g//AILB/sJf8FAtM0PTfgr8e/h9f/Fe70Sz1PXfhHNrZ07xlpN1LEGvba00jW7bStT1a2s5i0JvrSwaGQruGBQB+o1AHOeMPEcfg/wr4j8VS6R4g8QR+HNF1LWn0Lwpo194i8TawNNtJbv+zNA0HTIbjUNY1e98r7Pp+nWUEtxd3MkUMSMzAUAfhF8Hf24viH44+Olp8T/HP/BNv/goUnxi8YXdn8Mfh9N4y/Z48T+FvhX8EPh9rWvWy3LX3i7W4oNP0iO9Ih8S/EvxWsJutQj0600mxjvLXRtIt2AP39jLmNDKqrIUUyKjFlVyo3qrEKWUNkBiqkgZIGcUAPoAKACgAoAKACgAoAKACgAoA/JP/gob/wAFj/2If2CfD/i3wz8Qf2jvhjovx6tNAe+8NfDF7qbxT4j+3zbDYNrnhrw69xqdhY3Kl9kt21mj7DiVSpCgH0J+xp/wUf8A2Mv28fD/APaP7M/7QPw9+KOsadY2k3iTwzomrR23inQ55YI3lOpeFr8w65YQGUuInuLQKygEOQMsAfdFAEU08FtG01xNFBChUNLNIkUal2CIGkchQWdlRcn5mYKMkigD8K7rwb+0/wDs8f8ABZD4QeKNW+LNn+0D8Iv2yvhD8UfC+o+H9c8DaBofif8AZ1tvgm3h7xDpn/CHa5pktxfN4B16+8atBqFpeyvNf67eCa5mZrKB5wD92aACgAoAKACgAoAKACgAoAKACgD5A/bR/wCRA+Gf/ZxPwO/9TW0oA+v6ACgAoAKACgAoAKACgAoA+a/2vv2pfhr+xb+zj8Vf2l/izNep4K+Fnhi91+9s9LtpLzVdZvUQx6VoWl20YO++1fUHgsopJSltbCV7u7lhtbeeVAD0b4OfFrwb8cfhz4X+J3gPVbTWPDnijTLe/tbi0mWdIJpIkNzYyyIShubGcvbXAXIWaJwGbGaAOjn8eeB7aaW3ufGXhS3uIXaKaCfxFpEM0UiHDxyxSXQeN1IwyOAwPBAIxQBs6ZrOka3A11o2q6bq9skhie40y+tr+BJVCsYmmtZZY1kCsrFCQwDKSOQaAPxh8M/tU/tIftO6d/wUP+LnwV8Zab4F8LfscfEb4m/CT4G+DJNC0/WtJ+Lviz4GeHV1XxxrPxE1K4kGoHQPGPiWDUfCfhy18PTaRcaDZQw69c3Oru7aaoB+iP7F/wC0ton7YP7LXwR/aT0GwOkWnxa8A6H4qutEaQzPoer3dqo1nRHlZY/NfS9TS6smk2qGMWRgHLAH5x/tM+Ov+CiHwO+Mf7LvjzQPjj8MvGEPxr/aP8H/AAw8WfsZWnw6soRpHwk8RR6tc+KfF3hr4kjxXceI9b8QfDPRNMXWtZ1ibw7YaFqm94EsbJpbYOAft3QAUAf/1/7rdC+Mnwq8TeCdQ+JPh7x/4W1nwFpK3j6l4u0/Vra50GxTTztvmudQjYwRC1IxOWI2HhumaAP4e/DPw98M/wDBwv8A8Fmv2vtU/aX8d6jqn/BPb/gnHnRPCnw50fxDcaR4T8Yxpqmv6Xa6/eXtndRtDp3iP/hEvEHifxPrNqYtYXTm0nS4LqztY0MQB+h0n/BET/gkf+3L4J/be+H3w1+G3w08DL4H+IOk6P8ACb4vfCfU71Lz4avD8EfAWpwTTTLqN3aa7oS69Pe3uuWesR3c92j3xgu7W5f7QgBL/wAGrf7YHxY+J/wR/aS/Yp+NvjOf4jeMP2Gvievgbwx42utTfV7nU/hpqs2p2fh2xm1KZpJr6HSdT0HW7HS7mWSR/wCx4rGGSR3iZ2AP6aPAHxw+EHxU1HV9I+HHxH8I+NdT0BY31qw8O6za6lc6Wks0tvG17FbuzQB5reaJfM6vE6gkqaAPLPFkv7Kf7WFy3wr1rX/BHxK1/wABa9a+MLPSdE8Ry2/jDwJ4n8O3D2tr4l0XVNBvbLX/AA3q2nTXE1jJeWF9btNbXd3pl8J9Pvbu0nAKXwHt/wBk/wCG3jPx98NPg14k8IzfFLX/ABDqnib4oWbeK7nxR8SPEHiTTVtdJ1HU/F2p6zf6hrt5PpMMdjpUNvPcLZaNZxWum6da2lnFBAgB7BafHD4QX3j+f4V2fxH8I3PxHtZLiG48FRazaP4ihltY/OuY5NMDi4VoYv3kgKnanJHGaAC4+OPwgtPiFD8Jrn4j+EYPiXcSRxQeBpdYtU8STSS2DapEkellzcMz6crXqgKM26mQDaCaADW/jj8IPDfjiw+GuvfEfwjpHj/VHs007wff6za2+v3r36CSyW3053E8puoyHhCj94pyM0AHiz44fCDwJ4q0XwN4y+I/hHwz4w8RNYJoXhvWNZtLLV9WbVL3+ztOWxspWE1wby+/0S3CA+ZP+7X5uKAHeOvjd8IvhlrGjeH/AIg/EXwl4O1vxCsb6HpfiDWLXTr3VUmujZRNZQXDK84kuwbdSg5lGwYP3gA+IXxu+EXwn/sg/Er4jeEvA415ZX0U+JNYtdM/tRIPK85rP7Sy+cIvOi3lAdvmLnGfmAJvH/xm+FPwq0/R9V+JHxA8LeCdN8QNKmiXviPVrXTLbVGhignlWyluGVZzHDcQSOE6JLGxwD8wAvjH4yfCv4feHNJ8X+N/H/hbwt4X11oE0bXta1a2sdL1N7mD7VbrZ3cziKYzW4M0ezduj+YYGDQAeIPjJ8KvCvgjSviT4k8f+FtE8A64NPOj+LtR1a2ttB1IatbyXWmm01CRxBN9ut4ZZrbYW82ONmXIBagCj4g+Onwk8M/C+f4z6v4+8NW3wwh01tVTxmdTt/7CubTy5JImtb7cIZ2ufLKW6o2ZZMKuSdtAH8Mv/BMv9mz4Xf8ABcj9pH9sX/gq9/wU317/AIS34AfCL4u3fwp+DXwg8R+JL3R/hr4Y07TRpmoaeNVayv7SWLw/o9hrnh60tLWyubSPXNeuNRu9Ylumd4rgA+//ANtv/gjf/wAExP22v2C/i1+0d+yZ8NPBH7L3xX+BrfFTVPhl8Vvhdq8+j6Tf638Fdb1e0trLXksdRl0ySw8S3GgK2kaxbCz1rSb++0+/a+ZYZIHAPu7/AINz/wBvvxf+2R/wTD8PeOvjx4nTVPiF+z3r3ir4QfE7x3qt2jHV7bwDbQ3+m+KdavGVEN5N4PutLvdZu2CpJcrc3IwjYoA/bnwP8Z/hR8S9F1nxH8P/AIg+FfGGg+HXmTXNW0DV7XUbHSngtFvplvriBjHA0Vmy3LhyMQsHPy4NAHy94a+DH7DHx6/aJt/2t/Bz6H8Qv2gvhx4al8CxfEjwz8V/iDcXHhjwnqepHW7jwxJoGleNIvCUGjahqlsdQudOm0F7a7uYBJNG7RrQB9OfD/43fCL4rX2s6Z8N/iN4S8bah4eWFtcs/DmsWup3GlLcSzwQm9jt3ZoBLNa3EaF/vPDIoztJoAb4N+OPwg+IfiHVvCfgb4j+EfFfiXQVlfWdD0PWbS/1LTEgn+zTNeWsLNJAIrj9y5cfLJ8pyfugB4d+OHwg8XeNdV+HHhn4j+Edd8eaGNQbWPCWm6za3Wu6aNKuIrTUjeafGzTwiyuZ4YLneB5csqK2C2FACw+OPwg1Tx7d/C3TviP4RvfiNYS3UN54Lt9ZtJPEVtLYruvI5tNV/tCPbKQZgVJQdQOtAA/xx+EEfxDj+Ez/ABI8Ip8TJpfJi8DNrNoPEskv2B9T8tNL3i4L/wBnRveYC5+zo0mCoLUAGrfHH4QaD47s/hhrPxH8I6Z8Q9Qe0jsfBt5rNrB4hu3voPtVmsGmu3nyNc25E0IVfnj+YZBzQAeKPjh8IPBXi7SPAXi34j+EfDvjTX3sY9E8MatrNpZ6zqj6nc/Y9PWysZWWac3l1/o9uEH7yX5FwfvADvG/xu+EXw213RfDHj74jeEvCHiHxEkEmhaNr2sWun6hqyXN42n27WNvO4kuBNfI1rGY1O6dTGDuBFAB8QPjd8IvhVNpFv8AEj4jeEvBM2vq76LF4j1i10x9USNkSRrIXDqZwryorFOhdRkZoAl+IPxn+FHwos9G1H4lfELwr4HsfELTrod14k1e10yDVWtYrea4FjJcMqzmGK6tpJNmdqTxk4DZoA8Q/bP/AGufh/8AsjfssfFj9orXvEGgBPCXww8ZeL/AtjqF/FDb+NfEmkeGb3VvDmhaexdTdHV79LGBhA28W87SgjGaAP48/wDgjf8A8E/P2Z/2wPgl46/4LP8A/BWzVdM+OXjj4/8AxF8dv8OfD/xX8RXVn4E8N6f4b1fXdNtbf+z49StIb3UtRudD1O28PaHPJ/YWmaDa2iW+mvJl4gD0T/gr9/wSm/Yyi/YD8Mf8FZP+CfejaZ+xt8dfhBoXgz4z+FLz4a63c6Rofi7Tr28ss6XFbLfXGn2HirTILpr7TrvSDbWOpWdlqWlajY6gt8NgB/SJ/wAEwv27dK/aq/4Jo/s6fti/FjXNE8KXPiT4d6bH8TNc1C7isNDtPGmhXv8AwiXia4NzNsjgtrrxLaTrbq+Dunjj5Y4YA+9dL+Mnwq1vwFd/FHSPH/hbUfh1YLdve+NLTVrabw9bJY3P2O8abUkb7OgtroG3mJb5JflPIxQAeGfjJ8KvGfg/VviB4U8f+FvEHgnQkvpNZ8U6Vq1td6LpqaZB9q1Bry+ibyYRZ2+Zrguw8uP5mwMGgBPBPxm+FPxI8P614q8B/EHwr4u8N+HHuI9e1vQtXtdQ07SJLSyTUblL+6gZo7doLCRLuQSfdgYSHK42gCeAPjP8KPipb6xd/Dj4g+FfGtr4fdU1ufw7q9rqcWlu6PKq3r27EQFo43cB+qqx420AM+Hvxs+EnxYu9asfhr8RPCfji88OC2Ou23hvWLXU5tJF5Jcw2pvkt3ZrcTy2d1HFv+89vKATsNAEfgn44fCD4k65q/hnwF8R/CPi7xBoKs+taPoOs2moX+mIk7WzteW8DmSALcI0RLjiRSvBoAPDPxx+EHjPxjq3w+8KfEfwj4h8b6Et8+seFtK1m0u9b01NMuYrTUGvLGJzNCLO6nhguC4/dyyIjEEgUAGmfHD4Qa148v8A4XaT8R/COofETS5L2HUfBlrrNpN4hs5dOYLfR3GmoxuI3tGZROGGUJGcZoAB8cPhA3xCHwnHxH8In4lGRoR4HGs2n/CSealm2oPH/Zm43G5bJGuiMcQqZDgCgA1L44fCDR/H1r8K9V+I/hHT/iPetapaeCrrWbWLxFcPe2gv7RYdMZhcObizIuYgo+eH5xkYoAPEnxw+EHg/xjpXw98UfEfwjoPjjXGsk0jwrqes2trrepPqUvkWC2lhIwnmN5N+6twi5kfgZ4FAC+NPjf8ACH4c+ItE8I+O/iN4S8J+J/EiWsmgaFrmsWthqerx3t9Jplo9hazuJLhbjUI5LOIoPnuEaMEsCKAPzg/4LW/8FArT/gn1+wD8efiz4W8SaLY/G658F/2L8HdHvbiE6hceI/FOqWfhtPEVjZOym6Xwvbahea7GTG8Ju9Ot4pkaORkYA/nt/wCCd/8AwSs/Yf8Agh/wT98Pf8FBf2/9E8G/tLftf/tUeA7j456Svx88Q6lqelj/AISaCz1208MaNpJ1HbretDTtWsbjxDqWpRandrfz+XYJZ26gOAeX/wDBcv8A4J5/B7/glRYfs7/8FeP+Cbtza/s1/Efwf8Q/B1h42+EfhfXNSg8F/EHRdftf7UvJtK0+9u7maLTLtbQ6H4w0FJbjTb2w1iwvtPsbC604TKAf2Z/DL9qz4WeKv2afgt+0l4w8XaB4F8HfF/wJ4J8V6ZqXiPUrfTbA3Xi7w/DrcFhHcTMImmeM3DRRgktHC5GdpKgF7453f7OPxW/Z+1eH4xeLtFk+A3xG0/SYbnxLbeN9Y8HWGpW095a6zoV1pHjTwtq+i6zp1wb7Tra+sLzStVs5me3A3NEZI5QDmvhf4d/ZX+DPw/s/jB4V8Uadc+ELTw9aaDb/ABg8bfETxF8QLlfDqXkdtDYQ+N/G+t67e21hc6gYhcw2V3bw398sct3FNcIklAHtun/GT4V6t8P7j4rab4/8LX3w3tEupLnxtbatbS+HIEsr06ddtLqat9nQW98DaSkt8k/7s/MMUAHh34yfCrxb4M1P4ieGfiB4W13wLoq3r6t4r03Vra60PT001PMv2u7+NzBELSP55yxXy15bH3qADwb8ZfhT8Q/DeteMfA3xA8LeK/C3ht7uPXtf0PVra/0vSXsLFNTvFvruFjFbtbafIl5MHI2W7rI2FILADfAXxn+FHxRsdY1P4dfEHwr400/w+/l63eeHtXtdSt9LcQm423sluzLA3kK0uHP3Bu5A+UAb8PfjT8JvizPrNr8NPiH4U8cXHh4241yHw3rFrqkmlG6eeO2F6tuzGDz3tbhI9/3mhkAztO0Ai8C/HD4QfE7V9X0D4e/Efwj4x1rQF361pfh/WbXUb3TE86S33XsEDu8AM8UkWX/jRlHQigA8K/HD4QeOPFmreBPB/wAR/CPiTxloS3b6z4a0jWbW81jTEsLhLS9a8somaaAW1zLHBMXHySuqHJPygBo/xw+EHiDx3qXww0T4keEdU+IejyX8Oq+DbLWbSfxBYS6VKsOox3WnI5uInspXWO4DKDG7AMOc0AEPxw+EFx8QH+FMPxH8Iy/EmOSWF/BCazanxGksFu13NG2mB/tAaO1UzuCvEalscFqAC++OHwg0z4gwfCfUPiP4Rs/iVdPbR2/ge41m1j8STPeWH9qWqx6YzC4Zp9PP2yIAfNb/ALwZWgA8QfHH4QeFfGmm/DnxJ8R/COieO9YeyTS/Ceo6zaW2u6g+onbYra6fIwnma7biAKP3h4XNAHyh+3j8XPhl4U0v4P8AgXxL468M6J4x1z4+/AvUNH8Nalqlta6xqNjJ4/t7KO6tLKRhNNC93E9urouDMrIMsMUAfWPjz43fCL4X6jo+kfEP4i+EvBmp+IFV9EsPEOsWum3Oqo0/2ZWsorhlacG4IhBQf6z5Rgk7gBfiH8bPhJ8JodHn+JfxE8J+BofEAnbRJfEmsWulpqi2qwvcmya4ZROIUuLdpNgO0SxnjcdwBN48+Mnwq+F+l6TrnxE+IHhbwZpGvOyaLqPiHVrbTbTU3WGKdls5rhlWciCaKUhP4JFbgEbgA8WfGT4VeBPC2k+N/GXxA8LeGfCGutapo3iPWNWtbLSdTe9t3u7RbO8lYRTG5tkeeIITvjUsMgEqAGtfGT4V+HPAul/E7XfH/hbSfh7rcWnTaR4xvtWtrfw/qMWrQtcaZJaai7fZ5kvoEeW2ZSRKill6fKAFx8ZPhVafD+L4q3PxA8LQfDeeKGaHxtJq1snhySK4mFtBImpl/s7LLcERRsDhpDtA70AFp8ZPhVf/AA9n+LFl4/8AC118NbZJ5LjxxDq1tJ4bijtr/wDsyd31MP8AZwsWoH7HISy7bj90fmIoANC+Mnwr8T+CdQ+JHh7x/wCFtZ8BaSl7Jqfi7T9WtrnQrFNOOL5rnUIyYIhaEETlj8nfFAHcaLrWk+I9I03XtC1C11bRdYs7fUdL1OxmW4s7+xu41mtru1mQlJYJomWSN1JDKwIJ60Afm5/wWb8I+JPHf/BLL9uPwt4R0i917xDqPwH8TS2GkadA9zfXg0y4sNWvFtreNWkmljsLG6nEUatI4iKopYgMAfT/AOx78U/Avxi/Zs+DvjP4da9b+JfDNx4A8KWUOr2aTLaS3lhoVja6haxvNHHvn0+8imsb5BzbXsE9rKEmhdFAPxi+LP7DXjTxJ8TvHuv2/wDwRs/ZR+IEGs+LNc1KHxxrf7Vl7oeseLI7u/mmXX9T0ddJlXTL7VA4u7myWRhbyytGDwBQB+pH/BP/AOD+rfBf4R694Z1j9lb4b/skXN54zvdUT4e/DD4kTfE7QtVil0/T4B4kudcmtrVrbULloDZyWAjxHFZxSgnzTQB+Vv7NGt2X7Bvwm/4KwfAn4q295ovi63+O37Rfxb+B+gz2lzc6p8Z/A3x20e51v4Xz+Bo1imfxNqOt+J9VfwPLY2ZuLm08SWV1p9yiGOgD7E/4JoP4V/Yl/Zh/YR/YW+Ld1qnh/wDaH8b/AAU1XxknhIaJreo2MGqaWbXXfHtjfeIrWxn0TSZtI1HxCLa2tNRvbWW9Ecy2MMq28giAPlH/AIKDeC/2Sv8Agoz4C8FfFn9k7xlF4r/bj+Ffxq+F8fwL8a/D/XvElr468C6xoPxN8MWvxD03xLoX2+0t9K8H2fge28RXvi601awtba4hs4lmaeS++z3YB/QzpcV5BpmnQ6hKJ7+Gws4r6cYxNeR28aXMoxxiSYO4xxzxQBfoA//Q/vph0rS7e0fT7fTbCCwl3CSyhs7aK0kD/fD2yRJC2/8Ai3Id3fPNAH8L/wAdPEXxW/4N1/8Agr7+0H+1vrPwg8UfEf8A4Jzf8FBdQGq+NtW8C6UdRl8A+K7jUdQ16ayltMCxs7jwnq2ueJvs+jXUkR13wrqUNzaTS3loLJwD2bXP+DoT9gL4SaT+1l4i/Zb03xt8d/jN8bPiBomr/A74X6P8LvFXhy0vr9/hH4C8I2t34um1TR9Ois7Cx8T6Zf297pdqbnWL1bXFpavDeRXCgH3l/wAG1P8AwT7+Nf7KX7O/xh/aQ/ai0u58O/tFfttfER/iz4o8Jahamy1jwh4UxPN4b0fXrUqhttYu7nUdV1+ezZUl0+LV4dPuYorq2mWgD+kay0fSNNkll07StOsJZ8CaSysrW1kmAJI814Io2kwWJG8tyxPGSWAC10fSLK4lu7PS9OtLqbcJrq1sraC4mDNuYSzRRJJJubDNvdstyckfKAEOj6Rb3kmoW+ladBfzGQzX0NjaxXkplIaQyXMcSzuZGAaTdI284LZxQALo+kJetqSaVpy6ixJa/WxtlvWLDDFroRCclhwSZORwcigAbR9Ia+GptpWnNqSkFdQaxtWvlITywRdGH7QCIyUGJBhDtHy/eACbR9IuLxNQn0rTp7+IoY76axtpLyMxj5Cly8TToUHCbX+UdM/dUALnR9IvbmK8vNK067u4Nhgurmxtp7mDy38yMxTyxPLH5b/Omxl2v8ww2DQAXmj6TqEsU+oaXp19NBgQTXllbXMsIDbwIpJ4pHjw/wAw2FcN8w5+6AF7pGk6n5X9o6Xp2oeRkQ/bbK2uvJDdfK8+J/LztGdm3OOcYFAC3uk6XqSRR6jpmn38cGTDHe2dtdJDkAHylnikWPIVQdoXIUA9F2gC3Wk6XfQRWt7ptheWsJBhtrqztriCIqu1TFDNHJHGVX5RtQYXgYzQAk2k6Xc2ken3Gm6fcWEOzybKaztpbSLylKx+XbPE0MflqSqbEGxWIHBIoArah4c0HVtFuvDmpaNpt5oN7aTWN1pE1nA2ny2lxE8M1ubUIsSo8Ujp8ioQG+UgjKgH8E/7L/7Rnir/AINkf2xP2l/2T/2yfhn428RfsCftIfEzUfi38GPjb4X8N3PinTdIa6MNiNQ1Cwghl/tFDolpoumeI9B06KXVdF1vSxLb2N9DevcRAH1P+2p/wc0fsm/FL9nDxv8Asw/8EwPhf8QfjH+0h8f7bxd8MfCXhvw/8J9T8M6H4Yl8c3GpaJe+NpbT+y7ddY1vWLa9m1vRbOwtbq6Gp3kNx4iNpcW9xA4B+1X/AAQd/wCCefiX/gnT/wAE8vh/8HPikLWf4wePdT1v4r/GO1jEc1tYeLPHEi3LeGpcK0NzN4c0ZdP8P306NLb3dzYTTQkQuiKAfshZ6TpWnwy29hpmn2ME5Jngs7O2toZiy7GMscEUaSEphDvVsr8vThgAstJ0rTfNGnaZp+nicgzCys7a184joZfIij8wjJxv3EZ4IydwAllpGk6a8smnaXp2nyT4897KytrV5tpJXzWt4o2k2lmI3lsFiRjLFgAtdH0mxnlubHS9Os7mfImuLWxtreeYMdxEssMSSSZb5jvZsnnrxQAQaPpFrdyX9tpWnW99Nv8AOvYLG1iu5RIwaQSXMcSzP5jKrPvkbcwBbJAKgAmj6THetqMel6dHqDli9+llbJeuX++Wuli89i38RMnzd6AA6PpJvhqZ0vTjqQORqBsbb7cDs8vIu/KNwD5ZMefM+58nAJoAJdH0ie8TUZtK06XUIypS/lsbWS8QoNqFLl4jOpRflXbINo4HHFABcaPpF3dRXt3pWnXV5BsMN3cWNtNdQ+W2+Pyp5Ynlj2N8ybHXa3I5oALvR9J1CaK5v9L069uIAognu7K2uZoQrl1EUs0UjxhXJdQhXDksOT8oAXuj6TqRiOo6Xp2oGDIhN7ZW10YQeoiM8UhjyQCdhXOPb5QBb3SdK1NIo9S0zT9QSDJgS9s7a6SEsAG8pZ4pVj3BVB2AZCgHotAHjn7SfwH8KftKfAD4v/ALxXb2qaF8Vvhp40+Hkl49pDO+iHxV4evtEt9YsY2UiO60ie6h1C12bf3trGpDKdtAH8Rv/BNX/gpwv/BBy2+IH/BKr/grB8LPGnhrwB8N/G/i7xH8CvjFpXg2+8c+Dtb8KeK9V1DWPsrwW1jdXOraTrOpXl7qGha3p1rdWtrb6jcabqUWnRWKvOAdj/wUn/4Lk+AP+CoPwC0v/gmP/wAEi/g98QfiZ4//AGkY/Dvg/wAXaynw+ufCHhb4W+DIr/TtQ1TRLG1nsYrW3eH7NHba1rkEEXhnSfD6ahJbahM0yNAAf1n/APBOr9jnR/2H/wBh79nv9k15bHxDL8Lfh5o+j+Kr/wCzpLp+u+L50GpeKtVitriLAt77xBcXt1BHIjtGrJlnZd9AH2rHpOlw2TadFpunxae+4PYR2dslk4dtz7rVYlgbc3zNmP5m5OTzQAtvpWl2lrJZWum2FtZTbxNZ29nbQ2sokG2QSW8cSQyb1+V9yHcOGyKAEtNJ0qwgmtrHTNPsre4LGe3tLO2t4Jy6eWxmihijjkLRgI29Wynyn5RhgAstJ0rTVlXTtM0+wWc5nWysra1WYgYBlEEUYkOCR8+cA4yc0AJY6RpOmNK+m6Xp2nvPt897GytrRptpJXzWt4ozJtLMV3lsFiRjLFgAtNH0nT5pbiw0vTrKefiae0sbW2mmBO4iWSGJHk+Y7vnZ+eeCaAC30fSLS6kvrXStOtr2YOJry3sbaG6lEjBpBJcRxJM4dgrPvdtzAE8igAj0fSYbx9Ri0vTotQkLmS/jsrZLyQycyF7lYhOxcjLlpPm6nODuAD+x9JF9/af9l6d/aWSf7Q+w2327JXYT9q8rz8lCUJ83lflxg4oAJNH0iW9XUpdK06TUUKlL+SxtXvUKLsQrdNEZwVT5FxINqjaOOKACfR9JurqO+utL065vYShhvJ7G2muojGcxmO4kiaVCh5TY67TyMUAF3o+k388N1faXp17c2+0QXF3ZW1xPAEcyJ5Ms0TyR7ZCXUIy4clhhiTQB+fv/AAVX/Yitv+ChH7CH7QX7MVodNsfGfjnwcJvh3rl+kMa6X448NalZeJPDUcl7JHIbKx1TUNMXRNQnHyQWOp3M5BMYKgH8s/8AwT//AODgPwR/wT0/Zsh/4J/f8FQ/g943+GX7SP7IOgTfDLwDe+I/BOsav4W+IWheF1Sx8LabdX+naLq9/oWpQ6NBbWsutzWM+kaxbwWmoRag0941vAAcF/wUf/4KH6v/AMHFvir4M/8ABM7/AIJqfDzxzrHwevPH/hvx5+0F+0P4j8I6n4e8M+H9C0QTWkgtoNWsre+0/wAPaJBf313PJqkGmXuv61Do+m6bathXlAP7k/hR8IfCPwo+EPw2+Dej6ZZ3Xhb4Z+DPDXg3RLW9t4LyJLPw3pNtpVtIEnhKBzHASrCJGAcjC5IoA9Gk0rS5rNNOm02wl0+III7CSztpLOMRjEYS2eIwIEHCBYwEHAHNAAdK0s2X9mHTbA6cAB/Z5s7c2WA28D7L5X2fAb5gPLI3fMACBQAR6VpcVk2mxabYR6c27dYR2dslk29977rVY1gO6T52zH8z/MckZYAINK0u1tZLC202wtrGUOJbOCztorWUSDEgkt44khcOOH3I24cHNACWuk6XY28trY6Zp9na3BYz21rZ21vbzF0EbmWGGJI5C8YCMXRtyAKcgUAFlpOlaaksen6Zp9hHOczpZWdtapMcYzKsESCQ7Tj5w3HGT0oALHSNK0wytpumafp7T485rGytrQzbSSvmm3ijMm0sxG8tgsSOrbgBLPR9I06WWbT9K06xmm4mms7G2tZZhktiWSGJHk+Yk/O7cknnJ2gBbaPpFncy3tppWnWt5MGE13bWNtBczB2DOJZ4oklcOwDNvdtzAE5I+UAItH0iC8k1GHStOh1CUuZb6Kxto7yQyHMhkuUiWdzIeXLSHeeTkjLAANH0gXp1IaVpw1EksdQFjai9JK7STdeUJ8lflJ8zlTg55oAH0fSJL0alJpWnSakpUrqD2Nq16pVPLUi6aIzgrH+7XEownyj5eKACbR9IubuO/udK064voihivZrG2lu4jH9wx3LxNMhT+Da67e2MUAfIf7a+l6bc+CfhfeXOnWNxeQ/tDfA2OG7ntLeW5iQeN7Rgkc7xtKiBiW2q4G4k4JNAH15eaPpOoyRS6hpenX8sHEEl5ZW1zJCM7v3TzxSNHhvmwhXnnr90AL7SNJ1MRLqWl6dqCwZ8lb6ytrsQ7sBvKFxFKI9wVQdmM7RnoKAHXmk6XqMcUOoabYX8UJzDFeWdtdRxEgAmJJ45VjJAA+QDgAdAKAC50rS722is7zTbC7tISphtbmztp7aIou1DFDLE8UZVSVXag2qcDANABLpWlz2cenT6bYTafCIxFYy2dtJZxCIFYxHbPEYEEYJEYWMBBkKMGgAbStLayGmtptg2nKAF09rO2NkAp3KBamIwABuQBGADzjOKABNK0tLI6Ymm2CaawIbT0s7dbIhn8xgbURCAhpP3hzHy/wAxw2CoAQ6VpdvaPYW+m2EFhKHEllDZ20VpIH/1ge2SJIWD5+fch3d93IUAtxQxQRRwwRRwwxKqRRRIscUaKMKkcaAIiqOFVQAAMADGKAJKAGRxpEixxIkcaAKiRqERFHRVVcKoHYAYHbFAD6ACgCrPY2VzLbT3Npa3E9m7SWc09vFLLayOux5LaSRGeB3T5GaJkZl+Ukg4oAnMcbOkpRDJGrqkhUF0WTb5io/3lVyibwDhti5ztFAFe3sLGzkuZrSytLWa9l8+8lt7aGCS7mxt865kjRGnl2gDzJS74GM4AoAt0AFAH//R/v4oA5zxZ4P8JePfD+o+E/HXhbw5408LaxCbbV/DXizRNM8R+H9UtycmDUdG1i1vNOvoScExXNtKhPJU4FAH5efsc/sO/scfDT9on9rnxZ4C/Ze+BHhTxN4U+N3hm08Ka7o3wv8ACFrqnhS1ufg78ONZng8MXg0ppvD0Uuq395fumjNYg3FxLJxnFAH6zUAFABQAUAFABQAUAFABQAUAFABQAUAFAHn3xL+E3wt+M3hm58F/F74ceBvih4QvDuufDPxA8KaH4v0KSTaUWf8AsvXrG/s1uY1Y+VcpElxC3zxSo4DUAfLH7I37Mv7DPw+tdX+IP7L/AOzL8HvhRqMPizxr4RvvEfhn4aeHdB8UHU/CniPU/DevQQ64tgdZi02TUrC7FvbwX0Vm9uyGOBUYLQB90UAFABQAUAFABQAUAFABQAUAFABQAUAFAHhvx5+Av7P3x08IXunftBfBr4a/GDwzo1jfagun/EPwR4f8YDT4reB7i5m0htasLu40y7eOIjz9Nmtbhvu+aAW3AHnf7I/wG/ZJ+GPw48N+M/2WfgH8L/g54d8feHtN1uC48F+ANA8Ka7qWl6jDHdWkeualZWMWsX7KhQ+VqN7c+WwAGMAsAfW1ABQAUAFABQAUAFABQAUAFABQAUAFABQB8W/to/Av9ljx38LfFvxK/aG/Zp+Evx6b4e+H7jWLOLxx4D8Ma/rwgsyv+gaZr+qabPqmnwyGTLQW15FbyEAyRttWgD2n4GfA/wCB3wO8G2Oi/Ar4PfDj4OeG9UtLLUZ9D+HXg3w/4QtLiWe3SZJdRTQrCy/tG7QSlWur1ri4YliZW3ZoA9poAKACgAoAKACgAoAKACgAoAKACgAoAKAPkD9tH/kQPhn/ANnE/A7/ANTW0oA+v6ACgAoAKACgAoAKACgAoAKACgAoAKACgAoAKACgAoA//9L+/igAoA+P/wBnH/ktP7bH/ZdvCX/qivhbQB9gUAFABQAUAFABQAUAFABQAUAFABQAUAFABQB5L8GNS+GOqeFNUufhNbJa+Go/HfxAtNRjS01CyDeM7Pxfq9t44mMWp/6QzTeKY9UlaeP/AESdmMtn/ozR0AetUAFABQAUAFABQAUAFABQAUAFABQAUAFAGZrcmnRaNq8urqH0mPTL+TVEKu4bTktZWvVKRZlcG2EoKxje3RMsRQBxfwgvvAWpfC7wFf8AwtgW2+HN54W0i48FW6W97aJD4cktY20uNbXUf9PgC2xQCK8/0hOknzA0Aej0AFABQAUAFABQAUAFABQAUAFABQAUAFAHmXxm8a+Hvhx8LPHPjrxZoj+JPDfhfQLrVtZ0KO2sbyTVLK3KebaJa6k8dhO0m4YjunSE4+YjFAHf6XdQ32made20Rgt7yxtLqCAhFMMNxbxyxRFUyimNHVCEOwbcLkYoAvUAFABQAUAFABQAUAFABQAUAFABQAUAFAHyB+2j/wAiB8M/+zifgd/6mtpQB9f0AFABQAUAFABQAUAFABQAUAFABQAUAFABQAUAFABQB//T/v4oAKAPj/8AZx/5LT+2x/2Xbwl/6or4W0AfYFABQAUAFABQAUAFABQAUAFABQAUAFABQAUAeS/BiH4ZQeFNUT4TvDJ4aPjv4gSaiYZrqdB4yk8X6u/jdS92TKJF8UHU1kjX9zG4KQARBAoB61QAUAFABQAUAFABQAUAFABQAUAFABQAUAZmtjTm0bV11cgaSdMvxqZYsFGnG1lF6SU+cAW3m5K/MByvIoA4v4QReAoPhd4Ch+Fzxv8ADqPwtpCeCnhkuJom8OC0jGlmOW6JuZFNtsw05Mp/jJOTQB6PQAUAFABQAUAFABQAUAFABQAUAFABQAUAeZ/GXxL4O8HfC3xx4o+IOlLrngrQ9Bur/wASaQ9jDqSahpcRTz7ZrC4/c3Qclf3MnytjmgDvtMntrrTdPubKPyrO4sbSe0iCCMRW01vHJBGI1+VNkTKuwcLjA6UAXqACgAoAKACgAoAKACgAoAKACgAoAKACgD5A/bR/5ED4Z/8AZxPwO/8AU1tKAPr+gAoAKACgAoAKACgAoAKACgAoAKACgAoAKACgAoAKAP/U/v4oAKAPj/8AZx/5LT+2x/2Xbwl/6or4W0AfYFABQAUAFABQAUAFABQAUAFABQAUAFABQAUAeS/BjRPhxoHhTVLL4XarFrHh2bx38QNS1C6h1KLVVi8Xap4v1e+8Z2JuYUjWOSw8Sz6laSWZXfZPE1tIWeNmoA9aoAKACgAoAKACgAoAKACgAoAKACgAoAKAMzW4bC40bV7fVZBDpc+mX8OpTNIIhFYS2sqXkhlbKxiO3aRjIRhANxzigDi/hBpPgfQfhd4C0b4aajHq/wAP9M8LaRZeD9Uhvo9Tiv8Aw/BaRppt1HqESRxXizW4VxcRoqSZ3AAEbgD0egAoAKACgAoAKACgAoAKACgAoAKACgAoA8z+MmqeAdF+FvjjVfinarffDyw0G6uPF1o9rdXq3GjIU+0RtaWQa7nBJX93bgyHt0oA77TJLSXTdPl09dlhLY2kligVkC2j28bWyhWwy4hKDaw3DocEGgC9QAUAFABQAUAFABQAUAFABQAUAFABQAUAfIH7aP8AyIHwz/7OJ+B3/qa2lAH1/QAUAFABQAUAFABQAUAFABQAUAFABQAUAFABQAUAFAH/1f7+KACgD4//AGcf+S0/tsf9l28Jf+qK+FtAH2BQAUAFABQAUAFABQAUAFABQAUAFABQAUAFAHkvwY8G+CvA3hTVNH8Ba0+vaLd+O/iB4hvLx7621Aw+I/Eni/V9a8TacJ7WOKNF0zXLy+sVtmVprVYBBM7yo70AetUAFABQAUAFABQAUAFABQAUAFABQAUAFAGZrdpZ3+javY6hMbewvNMv7S+nDrGYLO4tZYbmYSOCiGOF3fewKrtywIGKAOL+EHhjwr4K+F3gLwl4H1Vtc8H+HfC2kaR4b1h7uC+fUtHsrSOGyvGvLWOK2uTPCquZoI0ifO5FANAHo9ABQAUAFABQAUAFABQAUAFABQAUAFABQB5n8Zf+Fef8Kt8cf8LYWNvhv/YF1/wmKzNeLEdEyn2kO2nvHehc7Mm2dZfQjncAd9pf2P8As3Tv7Ox/Z/2G0+w43Y+x/Z4/suN+Xx5GzG47v72TQBeoAKACgAoAKACgAoAKACgAoAKACgAoAKAPkD9tH/kQPhn/ANnE/A7/ANTW0oA+v6ACgAoAKACgAoAKACgAoAKACgAoAKACgAoAKACgAoA//9b+/igAoA+P/wBnH/ktP7bH/ZdvCX/qivhbQB9gUAFABQAUAFABQAUAFABQAUAFABQAUAFAHwN+2/8A8FOv2JP+Cdmgafrf7WHxx8OfDu81qGW48P8AhCJLvxD488QwQ/LJcaN4M0KC+8QX1rHJsjlu4rFraFnXzZFVi1AH5o/8E+f+C9n/AASM+LevL8APhf8AtK3+ieNfGXxE8a+I9A0/4xeC/EPwzi1zWfiH4t1XxP8A2Po+teIbC00O7uRe6pLZafYjUBqE6RxM1sjuEYA/okjkSVElidZI5FV45EYMjo4DK6MpKsrA5UgkEHIJzmgB9ABQAUAFABQAUAFABQAUAFABQAUAFAH5R/8ABQL/AILE/wDBO39gJb/4f/tOfH7S/D/jzXdEuYl+HPhDTNT8dfEGCx1a2ltoL298M+GLXUb/AEm2nV3a2u9VSztZWjZRICCaAPFP+CZv/BaD/gmB+1PpPgD9mn9nb9otbz4g+FPDNh4b0LwZ8T/DusfDbxd4mh0SzSLzNEsvE1pY2uvXJt0E88GiXN60IJDBWVhQB+49ABQAUAFABQAUAFABQAUAFABQAUAFABQB+GX/AAUO/wCC4X/BKD9l+bxl+zh+0d8e117xbqdnL4f8Z/D74VaPrvj3xFocc4V57LXrjwnYapa+G79UEcn2bU5re6KMGWFgaAPpH9gb/grp/wAE+v8AgodDJ4c/ZU+Ouk+J/Ffh3SYZr34c+I9P1XwZ8QLLTLRY7U3i+FvE9ppmrX9hAwWGTUrG2nsy/KzFSpYA/TygAoAKACgAoAKACgAoAKACgAoAKACgCOWWKCKSeeSOGGGN5ZppXWOKKKNS8kkkjEKkaICzuxCqoJJABNAH8y3/AAUl/wCDg7/glp8LNW8PfBh/2gV8feO/Avxu+HPiDxha/DDwv4i8daNoFj4L8VQXniGG78SaDp91oUmp6ekE0UulW+oS36zxtEbfeVDgH7FfsTf8FH/2M/8Agod4R1Dxh+yb8bPDnxNt9E+zjxFoMa3eieMvDTXS7rceIfB+txWPiHSFnAPkve6dFHLtOxuPmAPuOgAoAKACgAoAKACgAoAKACgAoAKACgAoAKACgAoA/9f+zpv29/2P1JVvj34CDKSCDqTcEHBH+r7GgBP+G+f2Pf8AovngL/wZN/8AG6APlH9n79uH9lDTvi/+2Je3vxw8EW1rrXxr8L32lTy6gwS+tIfgr8NbGWeA+WN0aXdrcQE/34nHOM0AfV3/AA3z+x7/ANF88Bf+DJv/AI3QAf8ADfP7Hv8A0XzwF/4Mm/8AjdAB/wAN8/se/wDRfPAX/gyb/wCN0AH/AA3z+x7/ANF88Bf+DJv/AI3QAf8ADfP7Hv8A0XzwF/4Mm/8AjdAB/wAN8/se/wDRfPAX/gyb/wCN0AH/AA3z+x7/ANF88Bf+DJv/AI3QAf8ADfP7Hv8A0XzwF/4Mm/8AjdAB/wAN8/se/wDRfPAX/gyb/wCN0AH/AA3z+x7/ANF88Bf+DJv/AI3QAf8ADfP7Hv8A0XzwF/4Mm/8AjdAB/wAN8/se/wDRfPAX/gyb/wCN0AH/AA3z+x7/ANF88Bf+DJv/AI3QBn6v/wAFCv2OdH0rU9Wm+O/gieLS9PvdRlgtr8yXE0dlbS3LxW6FAHmkWIpEhI3OyjIzmgD+Jz/gj/4Z/ZG/4Kbftaftef8ABTT/AIKjeOPB/wAQtftPjTqXgj4FfBf4k6lNf+DPDOhabbQ6paXzeH5GNnqPh/R9L1XT/D/h7Q7+F9OSSx1G+v7XULi5hniAP07/AG9f+Cen/BGf48fsX/GTwt4P8Tfs/eEPj34Yi+LPxN+Dfxc+GegaJ8PNb0fxO+p6/wCM/D3gjVo/DEEFnrHhy3d7fwjjUEludOs4ra60z+zza/YnAPY/+Dd3/grH4R+LX/BOTwR4e/au+NOiQfF34JeKfEXweu9e8UalI2q+LPDfhiWJvCWsXM7o0t7cReHrrT9Nu9Rmkknv7uymupm8yVwoB+6v/DfP7Hv/AEXzwF/4Mm/+N0AH/DfP7Hv/AEXzwF/4Mm/+N0AH/DfP7Hv/AEXzwF/4Mm/+N0AH/DfP7Hv/AEXzwF/4Mm/+N0AH/DfP7Hv/AEXzwF/4Mm/+N0AH/DfP7Hv/AEXzwF/4Mm/+N0AH/DfP7Hv/AEXzwF/4Mm/+N0AH/DfP7Hv/AEXzwF/4Mm/+N0AH/DfP7Hv/AEXzwF/4Mm/+N0AH/DfP7Hv/AEXzwF/4Mm/+N0AH/DfP7Hv/AEXzwF/4Mm/+N0AH/DfP7Hv/AEXzwF/4Mm/+N0AfP/7Vv/BUj9mL4LfszfHv4seC/jB4J8S+NPh98JfHnijwb4ft7xp31jxdpfh2/n8M2DxbVL29xrgsEu8MGFqZmXJUCgD+VP8A4ILfs3fsAfG/4PePf+Chv/BRrx58O/jb+1p+0l42+I99Zw/GyWHxfZ/DrQ7fWdS0OC+fw1qiz6HqOtanc2j6xb3GoW00el6W2mafp9vpz29w84B6h/wWP/Yc/wCCXp/YMj+OP7JXxB+E3wz/AGy/2TfDnhTxh4F+Jvwdhtfh7f8AxKfwtfaZDqMesaV4bEWmHXHhMmv6RrduDqq6nZ/Z7q+vYrzdAAfuv/wSu/4K0/Bj9or9gL9mf4qfHj4v+EfD3xk1j4daXpvxJs9Su/st1deLvDu/Qta1g2yR7YI9ZvLCXUoYhu2x3Cjc332AP0F/4b5/Y9/6L54C/wDBk3/xugA/4b5/Y9/6L54C/wDBk3/xugA/4b5/Y9/6L54C/wDBk3/xugA/4b5/Y9/6L54C/wDBk3/xugA/4b5/Y9/6L54C/wDBk3/xugA/4b5/Y9/6L54C/wDBk3/xugA/4b5/Y9/6L54C/wDBk3/xugA/4b5/Y9/6L54C/wDBk3/xugA/4b5/Y9/6L54C/wDBk3/xugA/4b5/Y9/6L54C/wDBk3/xugA/4b5/Y9/6L54C/wDBk3/xugA/4b5/Y9/6L54C/wDBk3/xugD8xv8Agsd/wVr+FH7PX/BOX9pT4gfs5fGXwzq/xvuPClr4P+HX9h3xfUtI1jxlq1loF34itW8p/Ju9A0S81TU9On2P5WqW9izKVB2gH5G/8EfP2Gv+CQvgL9g/wz8Wf2uvGHwk+KH7Tf7S/gSH4ifGH4lfFG403xNrngaTxsi60NA8P/8ACVWWs6Loup6JFdrBqfiEWV1qV/qbXlwb0W0kFtAAfOH/AAXj+Cv7CX7Lnh34Mf8ABSz/AIJfeN/h18E/2nfgV8UfB8eveHvhFcp4e8P+P/DN+tyV1KbwxpUNto0F1FLZRaTrlnplrZabr+hazcx3dn5sDS3QB/W98A/+CnH7KPxV+CPwm+JOt/GPwX4e1nxz8PfCfijVtDvdRK3elalrOi2d7fWNwohQLLb3MssbKFXBGO2WAPXP+G+f2Pf+i+eAv/Bk3/xugA/4b5/Y9/6L54C/8GTf/G6AD/hvn9j3/ovngL/wZN/8boAP+G+f2Pf+i+eAv/Bk3/xugA/4b5/Y9/6L54C/8GTf/G6AD/hvn9j3/ovngL/wZN/8boAP+G+f2Pf+i+eAv/Bk3/xugA/4b5/Y9/6L54C/8GTf/G6AD/hvn9j3/ovngL/wZN/8boAP+G+f2Pf+i+eAv/Bk3/xugA/4b5/Y9/6L54C/8GTf/G6AD/hvn9j3/ovngL/wZN/8boA/ny/4OUP+Cq/hvwF/wTzuvhr+yZ8ZtJufib+0N8QtD+FGr654V1aS11Tw58PtQs9Qu/Fc1vqCBH0+XV2i0zRJLhWQjS7/AFVRLGxV1API/hR+yF/wRc/Ya/Yo+CmjXcn7PXxT+J0/j74Hav8AHL4t/EjQdK8c694knv8AXNOn8aMg8TadqUeieGCJprT+xtMtreKSwSNNRN9OZLhwD8vP+ChfxP8A2Cf+CcP/AAUO/Y2/4KA/8EoPi/4J8NaL4y+IsPgj9qb4H/DXVL+Dwfe+DbjVNFXXdTg0CWP7Na6Tr+h6jqMr6TEr2GleIdEsdT063tUlS1iAP7MLH/gsn/wTWu7KzupP2svhjbPc2tvcPbyahd+ZA80SSNC/+iD54ixRuOq9qALX/D4r/gmn/wBHcfC7/wAD7v8A+RKAD/h8V/wTT/6O4+F3/gfd/wDyJQAf8Piv+Caf/R3Hwu/8D7v/AORKAD/h8V/wTT/6O4+F3/gfd/8AyJQAf8Piv+Caf/R3Hwu/8D7v/wCRKAPTvg9/wUl/Yg+Pvj7R/hd8IP2ifAXjrx94gW8fRvDOjXk8mo6gthayXt59nSSCNWMFrDLO43ZEaMQDj5QD7joAKACgAoAKACgAoAKACgAoA//Q/v4oAKAPj/8AZx/5LT+2x/2Xbwl/6or4W0AfYFABQAUAFABQAUAFABQAUAFABQAUAFAEF1a299a3NleQx3FpeQTWt1byqGint7iNop4ZFOQ0csbsjqRgqxBzmgD+Cz4afFP4+/8ABrn+2X+0L4D+KXwR+I/xl/4JlftP/Ee9+I/w8+JXw90x9U1HwX4gvYwkYkSWaPTf7ZsdIjstH8VaHe31peSQaPaaro5voZ40uADS+Nn/AAcMp8dv2d/Gv7D/APwS5+Dfx3+Pf7Rv7SviT4raNa+N9S8Caroml/D/AMPfGHxTrV7qENrZXpk1O71vSNE8QTaVFfSxWeg6QEbV31Ax2ccLAH9LH/BEn/gnnqf/AATU/YG+GfwE8Y3drqPxZ1e61X4j/GLULGZbmzf4g+Mbj+0NS021uVRBdW+gW7WuhQ3eB9qj08T4G8igD9cKACgAoAKACgAoAKACgAoAKACgAoA8q+Onwi8M/H74L/Ff4H+Mw/8Awivxc+Hni/4da9JEiyT22m+L9CvtDuL21RmVTeWK3v2y03MoFzBESwwSoB/C1+xn+3z8c/8Ag3Sn+Kf/AATZ/wCChnwR+KGs/s0t4j8ea1+zZ+0N8ONAudf0qLQfFd9fXN1cIjSwR6r4dury8k1ho9Nnl17RdVu7vTLvSwsQdADM/an/AOCtvxZ/4Kv/ALOnw8/4JKf8Er/gt8XPH118RNA8HeBfjd+0J418L6j4Z8P2fg3Rrqyn1GWL7V595omiXFzYW934h1/X/sUiWVs+mWNrqM2oZQA/tN/YG/ZP0D9h39j74Bfss+Hbv+0rb4QfD7RPDWo6xtCHW/EMdss/iLWigwEOqaxLeXhUDA83jFAH2BQAUAFABQAUAFABQAUAFABQAUAFAHw1/wAFJv2NdH/b+/Yk/aA/ZR1W+i0i7+KHgySDwtrkyF4tE8baFeWviHwjqE21lZLM65plnZ6nIgeRNKu74xRSSFEYA/j2/ZP/AOCyniH/AIJv/s36/wD8Enf+CwXwK+OXwz1D4TeGp/hh8PvjP4K8JzeJ9P1r4Y2bm28OrPF5m7UFs7G3gtNB17RDqmm6tpkcNxcy2s2VYAzv2w/2y/jv/wAHK3jv4Of8E/P2Evgn8UPAv7FvhXxx4W8XftAftB/EbQpNCjvNN8OxGyiuSU+0WemWtjpV5qcugaJcXT6r4k167tTPp9la6c09AH94nwu+HugfCX4b+BPhh4Wtxa+HPh/4T0HwholuvAi03QNNt9NtVA5xmK3VsdiccdKAO7oAKACgAoAKACgAoAKACgAoAKACgD8YP+C8f/BOLXf+CmH7AfjP4RfDySKD42fD7XtN+LnwYaWdLNdV8YeGLTULebwrJqEksSWCeJNK1G7t7W6Zgkes22kGaSG3E08QB/Oj4N/4OSLX4b/AD4bfstf8FKfgD8b/AIQftVfs8fEv4UweM9Ut/A95daJ450z4a63ZvPqaWkjw6jpfiS/sLNZbmxkt30ya5dWsNSnikyoBHd+PP2jv+Dm//goR+zXr3hf4H+PPgr/wTG/Y18fW/wARr7xX8QtNbTNS+IviKx1PTdUuLR3QS6dfax4km0DRtGj0DTrq9Gg+HF1HU7u+gvdRS1YA/vKtbaGztre0t0EdvawRW0EY6RwwRrFEg9lRFUfSgCegAoAKACgAoAKACgAoAKACgAoAKACgAoAKACgD/9H+/igAoA+P/wBnH/ktP7bH/ZdvCX/qivhbQB9gUAFABQAUAFABQAUAFABQAUAFABQAUAFAGL4h8N+HfF2kXnh/xXoGi+J9B1GPydQ0TxDpdjrWkX0Wc+VeabqUFzZXUeRnZPC655xxhgD5n/ZQ/ZW8Cfsy+FfEOlaD4E+F3hzXdd8ffEbxHLq/w+8HaN4elm8PeKvGmseIPD2jXl3ZaPpV5MNG0m+s9PNo3mWVq1r5NkzW0UTMAfWVABQAUAFABQAUAFABQAUAFABQAUAFABQB578Ufhp4N+LPgvXPBvjbwj4R8Z6Zqem39vBpnjTw9pXiTRor64s5re2u3sNWsdQtw8EkiuJkt2mQDMZ3YFAHnH7Lf7PvhT9m34L+A/hroHhPwF4c1XQfC+i6V4ovfAPhvTPD2na/rWnWaQXWqTGx0zS7i/eeUPIt1qFuLpwxMnzE0AfRNABQAUAFABQAUAFABQAUAFABQAUAFABQB89ftMfs5fC39pn4WeKfh18TfDXgrVbTWNHu9Psde8W+DfDvi9/C8lwYydT0yDxBC0dvcRlPvw3NmxzkzDAKgHqHw++H3gr4YeFdK8IeAvC/hnwj4e0y1t4YNL8J+H9K8NaSzxQRxPdJpejWtpZRS3HliSRkjZmJ5dsZYA7WgAoAKACgAoAKACgAoAKACgAoAKACgAoA/Pr9v/4O/CP4geD/AIXat49+Fnw58b6pB8ffgrp0GpeLvBHhnxJqEOn3XjK1jubGK81nS725js7iNjHPapKsMqEpJGynFAH3foegaF4Y0qy0Lw1ouk+HtD06IW+n6NoenWek6VYQL92Gy06wht7S1iXtHBCiDsBk0Aa1ABQAUAFABQAUAFABQAUAFABQAUAFABQAUAFABQB//9L+/igAoA+P/wBnH/ktP7bH/ZdvCX/qivhbQB9gUAFABQAUAFABQAUAFABQAUAFABQAUAFABQB418C/C3jzwh4O1fS/iLq763rtz8QviRrdjdvqEmpGLwvrvjXWtV8KWAuJfmRdO0C6sLNbUfJZrCLZPljFAHstABQAUAFABQAUAFABQAUAFABQAUAFABQBk69bXt5oes2emymDUbrSdRtrCcOYjDez2c0VrKJBzGY53R945TbuHQUAcN8FPD/i/wAKfCT4deGviBqTaz420Pwloum+KdVe8fUX1DW7Wzjjv7pr6TMl2ZpwzmdzukzuOc0Aen0AFABQAUAFABQAUAFABQAUAFABQAUAFAHlnxu+H8/xV+Evj74dW2sJ4fuPGHh670WLWnR3TTXuTGRdMkbxuwTZ0V1PPUfxAHomlWZ0/S9NsGk85rGws7Npv+eptreKEyc5PzlN3J796AL9ABQAUAFABQAUAFABQAUAFABQAUAFABQB8gfto/8AIgfDP/s4n4Hf+praUAfX9ABQAUAFABQAUAFABQAUAFABQAUAFABQAUAFABQAUAf/0/7+KACgD4//AGcf+S0/tsf9l28Jf+qK+FtAH2BQAUAFABQAUAFABQAUAFABQAUAFABQAUAFAHjXwL0v4m6R4O1e1+LF0954lk+IXxIvdOle8sL4r4NvvGutXfgiATadmBFg8LzaZEtu/wDpVuqCG7xcI4oA9loAKACgAoAKACgAoAKACgAoAKACgAoAKAMnXo9Qm0PWodIYpqsuk6jHpjh0jKag9nMtkweTEaFbkxEPIdi4y+FBoA4b4K6f480r4SfDrTfihcNd/EWx8I6LbeNLl7mzvHn8RxWcS6nI11p5NlcFrkOTLanyH6x4UigD0+gAoAKACgAoAKACgAoAKACgAoAKACgAoA8r+N/gjX/iT8JfH3gTwtrSeHPEPinw7d6TpGuSXF5appd5cGPy7trjT0kvYRHtPz2yNKM/KDk7QD0XSbWax0vTbK4l8+ezsLO1nmBZhNNb28cUkoZ/nPmOhfL/ADHdluSaAL9ABQAUAFABQAUAFABQAUAFABQAUAFABQB8gfto/wDIgfDP/s4n4Hf+praUAfX9ABQAUAFABQAUAFABQAUAFABQAUAFABQAUAFABQAUAf/U/v4oAKAPj/8AZx/5LT+2x/2Xbwl/6or4W0AfYFABQAUAFABQAUAFABQAUAFABQAUAFABQAUAeNfAx/idJ4P1dviyJR4lHxC+JC6d50dpG3/CGJ401lfA5C2SrEUPhYaWY3YfaHTDXJaYu1AHstABQAUAFABQAUAFABQAUAFABQAUAFABQBk68dRGh6ydIz/aw0nUTpe0IT/aIs5vsWA+UJ+0+VgONhPDZGaAOG+Cj+PZPhJ8On+KQkHxGfwjoreNRNHbRSjxGbOP+1PMjswtoj/ad+5bdVhB+4AuBQB6fQAUAFABQAUAFABQAUAFABQAUAFABQAUAeVfHHwv4v8AGvwj8f8AhTwDq7aD4z17w7eaf4c1hL640xtO1OUx+Tcrf2mLm1KBW/ewneucDGTQB6LpMFza6VplreSGa7ttPs4LqYu0hluYbaOOeQu3zOZJVZt7fM2cnkmgDQoAKACgAoAKACgAoAKACgAoAKACgAoAKAPkD9tH/kQPhn/2cT8Dv/U1tKAPr+gAoAKACgAoAKACgAoAKACgAoAKACgAoAKACgAoAKAP/9X+/igAoA+P/wBnH/ktP7bH/ZdvCX/qivhbQB9gUAFABQAUAFABQAUAFABQAUAFABQAUAFABQB418C9Z+JGueDtXvPilpk2k+I4fiF8SNP0+2m099MeTwhpvjXWrLwZei3kZzJHfeGodNuo7sEJdpKLlQFlUUAey0AFABQAUAFABQAUAFABQAUAFABQAUAFAGVr0t/Boesz6VGZtUh0rUZdNhEZlMt/HZzPZxiIEGQvcLEojBBfO0EZzQBwvwU1Txxrfwk+HWr/ABMsJNL+IOo+EdFu/GOnTWTadLZeIJrON9StpLFyz2jxXBdWgZmMZG0k4zQB6fQAUAFABQAUAFABQAUAFABQAUAFABQAUAeVfHHSfHuu/CPx/o/wvvH0/wCIOoeHby28JXqXdvYPbay5j+zSreXf+jW5UBv3k3yDPPUUAei6THdw6VpkWoMXv4tPs471yysXu0to1uWLLlWLTBzuU7TnIyCKANCgAoAKACgAoAKACgAoAKACgAoAKACgAoA+QP20f+RA+Gf/AGcT8Dv/AFNbSgD6/oAKACgAoAKACgAoAKACgAoAKACgAoAKACgAoAKACgD/1v7+KACgD4//AGcf+S0/tsf9l28Jf+qK+FtAH2BQAUAFABQAUAFABQAUAFABQAUAFACEgAkkADqTwB9c4/n+VADfMjOMSIc8D5l5+nzH/wBm/DNAD6ACgCG4mFtbz3BjmlEEMsxit4nnnkESM5jggjBkmmcLtjijBeRyEUFiBQB8S/sdftr6R+174o/av8L6d8NfF/w2vv2U/wBobVP2efEVr4yn0aW+17XtF8JeGPE19rljFol9qVvb6VMfEa29is119qkigE08MLyeVEAfcFABQAUAFABQAUAFABQAUAFABQAUAFABQAUAfnr4i/4Kcfsw+FPih8afgxr03xQsPif8CI/h1P4x8Gy/CTx//bWrW3xX19fDXgK58AWg0MyfEG31/VW8qCfwiurRxxhp52ihR3oA+8rbXLOXQY/Ed2tzo+nnS/7XuRrdtNpd1ptmtt9rnOqWl2sc9hLawhmu4bhUktyjrIqlWFAHxlN/wUz/AOCfFvLLBP8Atk/s8RTQSPDNE/xN8Nq8csbFJI3U32VZHUqwPQjFAH1L8P8A4o+Avi94HsfiJ8JPF3hz4jeD9ZhvX0HxJ4V1e01TQtYlsZprWWK01S2kltXEd7BJazOHIilRw+NhDAH4Hft7/Cn9sT9mDSvgz+2F4H/bU+NHiH9oTxB+0r8EPh74h/Z5nbwxd/s3+PvD/wATvG1l4e1z4a+DfAlv4Xg1/Q10XQbi/wBWtfFl74j1TWI7PRLvUL+UKHSgD+iize4ktLWS7jEN09tA9zEpysVw0SGaNT3CSFlB7gZ70AWaACgAoAKACgAoAKAPKvjivxDf4R+P1+E0ksXxJbw7eDwbJD9h81Nbyn2Yx/2kklhuA34+1I8XqDQB6LpIvBpemjUSTqA0+zF+Ttybz7NF9qJ2AJkz7/uAL/dAGBQBBr+sR+H9E1XXJbHVdTi0mwudQk0/Q9Nu9Y1m8S1iaV7fTNKsIpr3Ub6RVK29laQy3FxKVihjZ2VWAPhT4D/8FL/2Yv2lG+HMXwfuviT4mu/iZr3xK8O6VpzfCrx3p2qeHb74R65beG/Hc3j7Tb/Rbe88CWGka3dQacl/4ph0u2vriQR2Mk5zQB9weLfF3hjwF4a1vxl4017S/C/hTw3p8+ra/wCIdbu4bDSdH0y1Xdc32oXs7JDbWsC/NJNK6og5JFAHxx/w85/4J5/9Hmfs7f8Ahz/DX/ydQB9aweIYPHnw/wD+Em+F3iTQNTj8VeFptU8BeLIz/bPhm6l1TTZJfDutn7FOn9p6MZ5bW7kW1uUa7tAyRTIzq9AH4XyR+K/gv/wVS/ZX+E/w0/b68efFTxT468M/FnxJ+2B8BfjB4+8C6npkvhCw0KxbwN4h+HPhDTvD3h278KeIB40u5obfRtHe987wzZ3kt9CTa/apQD+gSgAoAKACgAoAKACgAoA+QP20f+RA+Gf/AGcT8Dv/AFNbSgD6/oA81+MHxT8P/BP4a+MPir4s07xTqfhjwLol/wCI/EEHgzwvrfjPxDFo2l28l3qN5Y+G/Dtnf6zqQsrSGa5njsbSeVIIpJNhVWKgHzz+z3+3r+z9+1He+BLb4K3vjXxbafEH4U6D8ZtJ1yPwB4rs/D+leCvE91qVloLeK9au9Mh0/wALa9qc+kagLbw1rc9lrjJbvIbARgMoB9I/E34q/Df4MeEL/wAf/Fjxv4a+HngnS5bWHUfFPi3VbXRdDspb2UQWkdzqF5JFbxPcTERQhnBdyFXJICgHy1B/wUy/4J83U8Ntbftj/s8zXFzLHBBDH8TfDbyTTTOI4oo1F9lnkdlRVHJZgB1oA+xtb8UeHvDnhrU/GOuaxYaZ4X0bR7nxBqeuXdxHDp1no1naNfXGozXLsI1to7RGm8zdgpjbklQwB+MnwF/aD/aC+In/AAVx8V+E/Gut6r4e+CniH9hvwr8Vvhj8Hbi3aybw/a6l8YfHHhyx8T+KYH/fSeMfE2kaJaapfW0yQHQLe7h0HZO9jJe3AB+3NABQAUAFABQAUAFABQAUAFABQB//1/7+KACgD5j+BnhDxJ4d+Kv7WGta3pF5p2l+NfjB4b1zwte3MTRw61pNp8IPh5oVxf2Lnia3i1bS9QsWdeBPayp1BoA+nKACgAoAKACgAoAKACgAoAKACgAoAyNf0TTfEmiaroGsJcSaVrFhc6dqKWuoX+k3LWl1E0U4g1PSrqx1Kwm8tm8u7sby1urdsSQzxuquoB/MP/wTxubfwF/wUB8S/sj/ABe+Mvxg8d/C7wBd/Fr4n/8ABPrx14x8ffEl7X476D4i8cXEXxP0nxT4q1PxXLH8UtW+BmqafbeFPB1jqMEukT+Gp7jxNptvqlpfW91ZAH7sftv+L18Dfs7+LPEbfGT4hfAUWl9oif8ACy/hf8OV+K3jHR/Pv44/I0/wW2j66NRiv8/ZrqX+zZvssLGYNHjfQB+D+lftUwS6ppsX/D2v9uy88y/s4/slx+wBDbQXW+4jX7NPcf8ACqV8iGfPlSTbl8pGL5G3NAH9RGlSebpemy/aJbzzLCzk+1zw/Z57rfbxt9omt9q+RLPnzZIdq+U7FNo24UA/FT/gkcyt+0V/wWiAYEj/AIKdeNwcEHBHwh+FYIOOhBBBz0PHrQB+3VABQAUAFABQAUAFABQAUAFABQAUAFABQAUAfzhf8FCPhr+0B8SPjxoP/BRP9nr4BePb34jf8E9/HXh7wV4S+GGofCTxIvj39r74deI5fs/xfg8M2l5p8d1qOj+GrbxPLN8JtYgt0hh17RPFmqC9m0rW7NGAP308G+Lrn4o/C7SvFth4a8QeDr/xb4W+22/hb4neFdX8N65oWoahp7bdM8W+FdZtbLVbRrS6fydRsbi3ikliSVV4dTQB+Sd3+xz/AMFCJbq5lgg/4JSeTJcTSQ/af2UvFElx5TyM0f2iQXBDzbCPNcHDPuIzmgD9Qv2evCPxC+HXwd8O+G/irH8Kz420iPVJdZj+Bfg+98HfDxhJfXV1bL4b8K3BlvLWRrR4hdR/M91f+bJGv70LQB+NHiL9vXxl4r+P1x8QPHv/AATX/wCCkvjC0+EWu+IdF/Z78M6X+y94yh8Ii/uPN0W4+LGqajrMOn2EfiPxJZl7LQb7URFB4P8AC17dgzQXOsa0FAP3y8PXup6loOjahrOmjRtWvtMsrvUdIExuP7MvLi3jlnsGnaOEyvayO0MjmNMuh4HG4A2KACgAoAKACgAoAKAPKvjjqHj7SfhH4/1L4W2cuofEOz8O3c3hGyhtBfy3OsqY/s0SWZIFwxBb93nn3xQB6LpL3kmlaZJqClL+TT7N75CuwpeNbRtcqU52FZi4K5+XGOcUAZ/izxFD4R8M674nuNL1/W4dB0u81STR/Cuiaj4l8SamtnC0pstE0DSLe61PV9SuNvlWlhY281xcSsqRoSTuAP5zfgj4H/aG/ZH/AG9ND/a70v8AZy+JOsfBz/gpnZ6jdftDfC/wB8HfE+qeJv2RviFod/Nf+APFHi+HTdOurzTrPxfousiw+Ke9Fhbx5BqXiOK3s9Oa4egD+g/4p6J4m8VfDXxjoPgpfB3/AAlWteHr2z8Pr8R9Dn8QeCRqVxEPsw8V6BCY7jUtJDHF7YoVkkXKcEUAfkL/AMMa/wDBQ3/nh/wSe/8AET/FP/x+gD9ZNCm8SfDL4J2V14q0XTvEXirwJ8PGvdc8O/B7w1c22na7rHh7Q3urvRvhx4SJa7RNTuLVrLw1oe5pzJPaWYJdgaAPyW+NXwW+Hf8AwUD+Jf7EXx1+EXwI8f8Awl+KPwV/aM0r4v8AjD4u/ED4Na/8FfG/h7wBpHhnxbp3jL4f6pqPiTQdG1jxNf8AjLXtT0TTptEjk1CJbODVdSaaCCQtegH7hUAFABQAUAFABQAUAFAHzH+1V4R8SeMvBfgGw8MaReazeaZ8b/hH4hvreyhaaS20XRPFdre6rqEqqQVtrG1Rpp5DwiLk45KgH05QB5N8cviPd/Cb4V+MvHmm/D7xt8VdV0TR7p9H+Hvw+8Nan4r8UeLNXmieHTNGtNL0q0vZ47e+vHhgvtSnhFhpdm8t9fyx2sMjqAfh5/wT2+Efx0/4J2/tc/EH9nzU/g9408Y/s2ftc6dZftI6D8Tfht8JfE58Bfs8/G7XlFn8QPgf4m1i1sLmPQvBe+0i1bwGdWuSmhWTSaXfXSSy2sKgH7SftJ+CPiT8Q/hNrvhb4TL8IG8bXtzpsmnD46eD7vx18ODFb3Sy3f8Aa/hyydLi7n8kH7DIjYguNshBAIoA/MSx/Y5/4KDw3tnNcwf8Epvs8V1byT/ZP2U/FEV15KSo0v2aU3AEdxsB8mQnCSbWOMGgD9Dv2qP2ePFH7SXwZsvhboXxe1f4K6rF4k8H+JL3xV4U8N6R4jivf+ETn/tFNAuPD+vSw2NzoN3rEWn38lrNJhxpdtbTxzWslzbzgH4+/DL9h79tjwd/wWA0z4qeLP2ovi18QfhrpP7IXg3StX+K9/8ABDwToPhTxdJY/Ffx1dT/AAKl1DSv+JVpt1ZWlxb+J5LqwlOuR2+rxK0QtBCzgH9E9ABQAUAFABQAUAFABQAUAFABQB//0P79PNi/56x/99r/APHKADzYv+esf/fa/wDxygA82L/nrH/32v8A8coAPNi/56x/99r/APHKADzYv+esf/fa/wDxygA82L/nrH/32v8A8coAPNi/56x/99r/APHKADzYv+esf/fa/wDxygA82L/nrH/32v8A8coAPNi/56x/99r/APHKADzYv+esf/fa/wDxygA82L/nrH/32v8A8coAPNi/56x/99r/APHKADzYv+esf/fa/wDxygA82L/nrH/32v8A8coA5/xX4d0Hxr4a1zwl4h+0z6H4j0y70fVodO1rVtAvpbC+iaC5jtda8P6lpmt6ZM8TsqXml6hZXsJO6C5icb6APlzxT+wV+yJ4ys/2eLLxB8KoJ4/2UJjcfs8z6f46+Iuhaj8MZWsbXTJjo+raD4y0zVL9LvTrK2sL+LXr7Vor+zRra9S4hmmRgD7BR4ERUWVNqKqrmTccKMDLNKWY4HLMSx6kkkmgB3mxf89Y/wDvtf8A45QBFOLa5gmt5ZQYp4pIZBHO8LmOVCj7JoZkmifax2yROkiHDRsrgGgD5o+Bf7Hv7N37Nfi34peOfgr4GuPBnin42eLb/wAefFTU38f/ABF8TL408Z6olvHf+JtV0/xf4w13TF1i5itLWB72ys7WUW9vFboVhRUoA+nPNi/56x/99r/8coAPNi/56x/99r/8coAPNi/56x/99r/8coAPNi/56x/99r/8coAPNi/56x/99r/8coAPNi/56x/99r/8coAPNi/56x/99r/8coAPNi/56x/99r/8coAPNi/56x/99r/8coAPNi/56x/99r/8coAPNi/56x/99r/8coAPNi/56x/99r/8coAPNi/56x/99r/8coAPNi/56x/99r/8coAPNi/56x/99r/8coAPNi/56x/99r/8coAPNi/56x/99r/8coAPNi/56x/99r/8coAPNi/56x/99r/8coAPNi/56x/99r/8coAPNi/56x/99r/8coAPNi/56x/99r/8coAPNi/56x/99r/8coAPNi/56x/99r/8coAPNi/56x/99r/8coAPNi/56x/99r/8coAPNi/56x/99r/8coAPNi/56x/99r/8coAPNi/56x/99r/8coAPNi/56x/99r/8coAPNi/56x/99r/8coAPNi/56x/99r/8coAPNi/56x/99r/8coAPNi/56x/99r/8coAPNi/56x/99r/8coAPNi/56x/99r/8coAPNi/56x/99r/8coAPNi/56x/99r/8coAPNi/56x/99r/8coAPNi/56x/99r/8coAPNi/56x/99r/8coAPNi/56x/99r/8coAPNi/56x/99r/8coAPNi/56x/99r/8coAPNi/56x/99r/8coAPNi/56x/99r/8coAPNi/56x/99r/8coAPNi/56x/99r/8coAPNi/56x/99r/8coAPNi/56x/99r/8coAPNi/56x/99r/8coAPNi/56x/99r/8coAPNi/56x/99r/8coAPNi/56x/99r/8coAPNi/56x/99r/8coAPNi/56x/99r/8coAPNi/56x/99r/8coAPNi/56x/99r/8coAPNi/56x/99r/8coAPNi/56x/99r/8coAPNi/56x/99r/8coAPNi/56x/99r/8coAPNi/56x/99r/8coA//9k=</file>
<file name="vlna6_moodle.jpg" path="/" encoding="base64">/9j/4AAQSkZJRgABAQAASABIAAD/4QBMRXhpZgAATU0AKgAAAAgAAgESAAMAAAABAAEAAIdpAAQAAAABAAAAJgAAAAAAAqACAAQAAAABAAABYaADAAQAAAABAAAA6QAAAAD/4QkhaHR0cDovL25zLmFkb2JlLmNvbS94YXAvMS4wLwA8P3hwYWNrZXQgYmVnaW49Iu+7vyIgaWQ9Ilc1TTBNcENlaGlIenJlU3pOVGN6a2M5ZCI/PiA8eDp4bXBtZXRhIHhtbG5zOng9ImFkb2JlOm5zOm1ldGEvIiB4OnhtcHRrPSJYTVAgQ29yZSA1LjQuMCI+IDxyZGY6UkRGIHhtbG5zOnJkZj0iaHR0cDovL3d3dy53My5vcmcvMTk5OS8wMi8yMi1yZGYtc3ludGF4LW5zIyI+IDxyZGY6RGVzY3JpcHRpb24gcmRmOmFib3V0PSIiLz4gPC9yZGY6UkRGPiA8L3g6eG1wbWV0YT4gICAgICAgICAgICAgICAgICAgICAgICAgICAgICAgICAgICAgICAgICAgICAgICAgICAgICAgICAgICAgICAgICAgICAgICAgICAgICAgICAgICAgICAgICAgICAgICAgICAgICAgICAgICAgICAgICAgICAgICAgICAgICAgICAgICAgICAgICAgICAgICAgICAgICAgICAgICAgICAgICAgICAgICAgICAgICAgICAgICAgICAgICAgICAgICAgICAgICAgICAgICAgICAgICAgICAgICAgICAgICAgICAgICAgICAgICAgICAgICAgICAgICAgICAgICAgICAgICAgICAgICAgICAgICAgICAgICAgICAgICAgICAgICAgICAgICAgICAgICAgICAgICAgICAgICAgICAgICAgICAgICAgICAgICAgICAgICAgICAgICAgICAgICAgICAgICAgICAgICAgICAgICAgICAgICAgICAgICAgICAgICAgICAgICAgICAgICAgICAgICAgICAgICAgICAgICAgICAgICAgICAgICAgICAgICAgICAgICAgICAgICAgICAgICAgICAgICAgICAgICAgICAgICAgICAgICAgICAgICAgICAgICAgICAgICAgICAgICAgICAgICAgICAgICAgICAgICAgICAgICAgICAgICAgICAgICAgICAgICAgICAgICAgICAgICAgICAgICAgICAgICAgICAgICAgICAgICAgICAgICAgICAgICAgICAgICAgICAgICAgICAgICAgICAgICAgICAgICAgICAgICAgICAgICAgICAgICAgICAgICAgICAgICAgICAgICAgICAgICAgICAgICAgICAgICAgICAgICAgICAgICAgICAgICAgICAgICAgICAgICAgICAgICAgICAgICAgICAgICAgICAgICAgICAgICAgICAgICAgICAgICAgICAgICAgICAgICAgICAgICAgICAgICAgICAgICAgICAgICAgICAgICAgICAgICAgICAgICAgICAgICAgICAgICAgICAgICAgICAgICAgICAgICAgICAgICAgICAgICAgICAgICAgICAgICAgICAgICAgICAgICAgICAgICAgICAgICAgICAgICAgICAgICAgICAgICAgICAgICAgICAgICAgICAgICAgICAgICAgICAgICAgICAgICAgICAgICAgICAgICAgICAgICAgICAgICAgICAgICAgICAgICAgICAgICAgICAgICAgICAgICAgICAgICAgICAgICAgICAgICAgICAgICAgICAgICAgICAgICAgICAgICAgICAgICAgICAgICAgICAgICAgICAgICAgICAgICAgICAgICAgICAgICAgICAgICAgICAgICAgICAgICAgICAgICAgICAgICAgICAgICAgICAgICAgICAgICAgICAgICAgICAgICAgICAgICAgICAgICAgICAgICAgICAgICAgICAgICAgICAgICAgICAgICAgICAgICAgICAgICAgICAgICAgICAgICAgICAgICAgICAgICAgICAgICAgICAgICAgICAgICAgICAgICAgICAgICAgICAgICAgICAgICAgICAgICAgICAgICAgICAgICAgICAgICAgICAgICAgICAgICAgICAgICAgICAgICAgICAgICAgICAgICAgICAgICAgICAgICAgICAgICAgICAgICAgICAgICAgICAgICAgICAgICAgICAgICAgICAgICAgICAgICAgICAgICAgICAgICAgICAgICAgICAgICAgICAgICAgICAgICAgICAgICAgICAgICAgICAgICAgICAgICAgICAgICAgICAgICAgICAgICAgICAgICAgICAgICAgICAgICAgICAgICAgICAgICAgICAgICAgICAgICAgICAgICAgICAgICAgICAgICAgICAgICAgICAgICAgICAgICAgICAgICAgICAgICAgICAgICAgICAgICAgICAgICAgICAgICAgICAgICAgICAgICAgICAgICAgICAgICAgICAgICAgICAgICAgICAgICAgICAgICAgICAgICAgICAgICAgICAgICAgICAgICAgICAgICAgICAgICAgICAgICAgICAgICAgICAgICAgICAgICAgICAgICAgICAgICAgICAgICAgICAgICAgICAgICAgICAgICAgICAgICAgICAgICAgICAgICAgICAgICAgICAgICAgICAgICAgICAgICAgICAgICAgICAgICAgICAgICAgICAgICAgICAgICAgICAgICAgICAgICAgICAgICAgICAgICAgICAgICAgICAgICAgICAgICAgICAgICAgICAgICAgICAgICAgICAgICAgICAgICAgICAgICAgICAgICAgICAgICAgICAgICAgICAgICAgICAgICAgICAgICAgICAgICAgICAgICAgICAgICAgICAgICAgICAgICAgICAgICAgICAgICAgICAgICAgICAgICAgICAgICAgICAgICAgICAgICAgICAgICAgICAgICAgICAgICAgICAgICAgICAgICAgICAgICAgICAgICAgICAgICAgICAgICAgICAgICAgICAgICAgICAgICAgICAgICAgICAgICAgICA8P3hwYWNrZXQgZW5kPSJ3Ij8+AP/tADhQaG90b3Nob3AgMy4wADhCSU0EBAAAAAAAADhCSU0EJQAAAAAAENQdjNmPALIE6YAJmOz4Qn7/4htESUNDX1BST0ZJTEUAAQEAABs0YXBwbAIQAABtbnRyUkdCIFhZWiAH5AABAAEACAAyADRhY3NwQVBQTAAAAABBUFBMAAAAAAAAAAAAAAAAAAAAAAAA9tYAAQAAAADTLWFwcGwAAAAAAAAAAAAAAAAAAAAAAAAAAAAAAAAAAAAAAAAAAAAAAAAAAAAAAAAAAAAAABFkZXNjAAABUAAAAGJkc2NtAAABtAAABDZjcHJ0AAAF7AAAACN3dHB0AAAGEAAAABRyWFlaAAAGJAAAABRnWFlaAAAGOAAAABRiWFlaAAAGTAAAABRyVFJDAAAGYAAACAxhYXJnAAAObAAAACB2Y2d0AAAOjAAABhJuZGluAAAUoAAABj5jaGFkAAAa4AAAACxtbW9kAAAbDAAAAChiVFJDAAAGYAAACAxnVFJDAAAGYAAACAxhYWJnAAAObAAAACBhYWdnAAAObAAAACBkZXNjAAAAAAAAAAhEaXNwbGF5AAAAAAAAAAAAAAAAAAAAAAAAAAAAAAAAAAAAAAAAAAAAAAAAAAAAAAAAAAAAAAAAAAAAAAAAAAAAAAAAAAAAAAAAAAAAAAAAAAAAAAAAAAAAbWx1YwAAAAAAAAAjAAAADGhySFIAAAAUAAABtGtvS1IAAAAMAAAByG5iTk8AAAASAAAB1GlkAAAAAAASAAAB5mh1SFUAAAAUAAAB+GNzQ1oAAAAWAAACDGRhREsAAAAcAAACIm5sTkwAAAAWAAACPmZpRkkAAAAQAAACVGl0SVQAAAAUAAACZHJvUk8AAAASAAACeGVzRVMAAAASAAACeGFyAAAAAAAUAAACinVrVUEAAAAcAAACnmhlSUwAAAAWAAACunpoVFcAAAAMAAAC0HZpVk4AAAAOAAAC3HNrU0sAAAAWAAAC6npoQ04AAAAMAAAC0HJ1UlUAAAAkAAADAGZyRlIAAAAWAAADJG1zAAAAAAASAAADOmhpSU4AAAASAAADTHRoVEgAAAAMAAADXmNhRVMAAAAYAAADamVzWEwAAAASAAACeGRlREUAAAAQAAADgmVuVVMAAAASAAADknB0QlIAAAAYAAADpHBsUEwAAAASAAADvGVsR1IAAAAiAAADznN2U0UAAAAQAAAD8HRyVFIAAAAUAAAEAHB0UFQAAAAWAAAEFGphSlAAAAAMAAAEKgBMAEMARAAgAHUAIABiAG8AagBpzuy37AAgAEwAQwBEAEYAYQByAGcAZQAtAEwAQwBEAEwAQwBEACAAVwBhAHIAbgBhAFMAegDtAG4AZQBzACAATABDAEQAQgBhAHIAZQB2AG4A/QAgAEwAQwBEAEwAQwBEAC0AZgBhAHIAdgBlAHMAawDmAHIAbQBLAGwAZQB1AHIAZQBuAC0ATABDAEQAVgDkAHIAaQAtAEwAQwBEAEwAQwBEACAAYwBvAGwAbwByAGkATABDAEQAIABjAG8AbABvAHIgDwBMAEMARAAgBkUGRAZIBkYGKQQaBD4EOwRMBD4EQAQ+BDIEOAQ5ACAATABDAEQgDwBMAEMARAAgBeYF0QXiBdUF4AXZX2mCcgAgAEwAQwBEAEwAQwBEACAATQDgAHUARgBhAHIAZQBiAG4A/QAgAEwAQwBEBCYEMgQ1BEIEPQQ+BDkAIAQWBBoALQQ0BDgEQQQ/BDsENQQ5AEwAQwBEACAAYwBvAHUAbABlAHUAcgBXAGEAcgBuAGEAIABMAEMARAkwCQIJFwlACSgAIABMAEMARABMAEMARAAgDioONQBMAEMARAAgAGUAbgAgAGMAbwBsAG8AcgBGAGEAcgBiAC0ATABDAEQAQwBvAGwAbwByACAATABDAEQATABDAEQAIABDAG8AbABvAHIAaQBkAG8ASwBvAGwAbwByACAATABDAEQDiAOzA8cDwQPJA7wDtwAgA78DuAPMA70DtwAgAEwAQwBEAEYA5AByAGcALQBMAEMARABSAGUAbgBrAGwAaQAgAEwAQwBEAEwAQwBEACAAYQAgAEMAbwByAGUAczCrMOkw/ABMAEMARAAAdGV4dAAAAABDb3B5cmlnaHQgQXBwbGUgSW5jLiwgMjAyMAAAWFlaIAAAAAAAAPNSAAEAAAABFs9YWVogAAAAAAAAYWwAADgyAAAKQlhZWiAAAAAAAABvHAAArpUAABaZWFlaIAAAAAAAACZOAAAZOQAAslJjdXJ2AAAAAAAABAAAAAAFAAoADwAUABkAHgAjACgALQAyADYAOwBAAEUASgBPAFQAWQBeAGMAaABtAHIAdwB8AIEAhgCLAJAAlQCaAJ8AowCoAK0AsgC3ALwAwQDGAMsA0ADVANsA4ADlAOsA8AD2APsBAQEHAQ0BEwEZAR8BJQErATIBOAE+AUUBTAFSAVkBYAFnAW4BdQF8AYMBiwGSAZoBoQGpAbEBuQHBAckB0QHZAeEB6QHyAfoCAwIMAhQCHQImAi8COAJBAksCVAJdAmcCcQJ6AoQCjgKYAqICrAK2AsECywLVAuAC6wL1AwADCwMWAyEDLQM4A0MDTwNaA2YDcgN+A4oDlgOiA64DugPHA9MD4APsA/kEBgQTBCAELQQ7BEgEVQRjBHEEfgSMBJoEqAS2BMQE0wThBPAE/gUNBRwFKwU6BUkFWAVnBXcFhgWWBaYFtQXFBdUF5QX2BgYGFgYnBjcGSAZZBmoGewaMBp0GrwbABtEG4wb1BwcHGQcrBz0HTwdhB3QHhgeZB6wHvwfSB+UH+AgLCB8IMghGCFoIbgiCCJYIqgi+CNII5wj7CRAJJQk6CU8JZAl5CY8JpAm6Cc8J5Qn7ChEKJwo9ClQKagqBCpgKrgrFCtwK8wsLCyILOQtRC2kLgAuYC7ALyAvhC/kMEgwqDEMMXAx1DI4MpwzADNkM8w0NDSYNQA1aDXQNjg2pDcMN3g34DhMOLg5JDmQOfw6bDrYO0g7uDwkPJQ9BD14Peg+WD7MPzw/sEAkQJhBDEGEQfhCbELkQ1xD1ERMRMRFPEW0RjBGqEckR6BIHEiYSRRJkEoQSoxLDEuMTAxMjE0MTYxODE6QTxRPlFAYUJxRJFGoUixStFM4U8BUSFTQVVhV4FZsVvRXgFgMWJhZJFmwWjxayFtYW+hcdF0EXZReJF64X0hf3GBsYQBhlGIoYrxjVGPoZIBlFGWsZkRm3Gd0aBBoqGlEadxqeGsUa7BsUGzsbYxuKG7Ib2hwCHCocUhx7HKMczBz1HR4dRx1wHZkdwx3sHhYeQB5qHpQevh7pHxMfPh9pH5Qfvx/qIBUgQSBsIJggxCDwIRwhSCF1IaEhziH7IiciVSKCIq8i3SMKIzgjZiOUI8Ij8CQfJE0kfCSrJNolCSU4JWgllyXHJfcmJyZXJocmtyboJxgnSSd6J6sn3CgNKD8ocSiiKNQpBik4KWspnSnQKgIqNSpoKpsqzysCKzYraSudK9EsBSw5LG4soizXLQwtQS12Last4S4WLkwugi63Lu4vJC9aL5Evxy/+MDUwbDCkMNsxEjFKMYIxujHyMioyYzKbMtQzDTNGM38zuDPxNCs0ZTSeNNg1EzVNNYc1wjX9Njc2cjauNuk3JDdgN5w31zgUOFA4jDjIOQU5Qjl/Obw5+To2OnQ6sjrvOy07azuqO+g8JzxlPKQ84z0iPWE9oT3gPiA+YD6gPuA/IT9hP6I/4kAjQGRApkDnQSlBakGsQe5CMEJyQrVC90M6Q31DwEQDREdEikTORRJFVUWaRd5GIkZnRqtG8Ec1R3tHwEgFSEtIkUjXSR1JY0mpSfBKN0p9SsRLDEtTS5pL4kwqTHJMuk0CTUpNk03cTiVObk63TwBPSU+TT91QJ1BxULtRBlFQUZtR5lIxUnxSx1MTU19TqlP2VEJUj1TbVShVdVXCVg9WXFapVvdXRFeSV+BYL1h9WMtZGllpWbhaB1pWWqZa9VtFW5Vb5Vw1XIZc1l0nXXhdyV4aXmxevV8PX2Ffs2AFYFdgqmD8YU9homH1YklinGLwY0Njl2PrZEBklGTpZT1lkmXnZj1mkmboZz1nk2fpaD9olmjsaUNpmmnxakhqn2r3a09rp2v/bFdsr20IbWBtuW4SbmtuxG8eb3hv0XArcIZw4HE6cZVx8HJLcqZzAXNdc7h0FHRwdMx1KHWFdeF2Pnabdvh3VnezeBF4bnjMeSp5iXnnekZ6pXsEe2N7wnwhfIF84X1BfaF+AX5ifsJ/I3+Ef+WAR4CogQqBa4HNgjCCkoL0g1eDuoQdhICE44VHhauGDoZyhteHO4efiASIaYjOiTOJmYn+imSKyoswi5aL/IxjjMqNMY2Yjf+OZo7OjzaPnpAGkG6Q1pE/kaiSEZJ6kuOTTZO2lCCUipT0lV+VyZY0lp+XCpd1l+CYTJi4mSSZkJn8mmia1ZtCm6+cHJyJnPedZJ3SnkCerp8dn4uf+qBpoNihR6G2oiailqMGo3aj5qRWpMelOKWpphqmi6b9p26n4KhSqMSpN6mpqhyqj6sCq3Wr6axcrNCtRK24ri2uoa8Wr4uwALB1sOqxYLHWskuywrM4s660JbSctRO1irYBtnm28Ldot+C4WbjRuUq5wro7urW7LrunvCG8m70VvY++Cr6Evv+/er/1wHDA7MFnwePCX8Lbw1jD1MRRxM7FS8XIxkbGw8dBx7/IPci8yTrJuco4yrfLNsu2zDXMtc01zbXONs62zzfPuNA50LrRPNG+0j/SwdNE08bUSdTL1U7V0dZV1tjXXNfg2GTY6Nls2fHadtr724DcBdyK3RDdlt4c3qLfKd+v4DbgveFE4cziU+Lb42Pj6+Rz5PzlhOYN5pbnH+ep6DLovOlG6dDqW+rl63Dr++yG7RHtnO4o7rTvQO/M8Fjw5fFy8f/yjPMZ86f0NPTC9VD13vZt9vv3ivgZ+Kj5OPnH+lf65/t3/Af8mP0p/br+S/7c/23//3BhcmEAAAAAAAMAAAACZmYAAPKnAAANWQAAE9AAAApbdmNndAAAAAAAAAAAAAMBAAACAAAAVgEuAesCxAODBFMFQAYnBxoIGAkfCj0LTgxrDZAOuQ/sES0SZROjFOMWKhd5GL8aDxtXHKQd8x88IIQhzSMRJFIljSbLKAApMypmK5csyi33LygwUTGAMqsz1TUCNjE3XTiKObY64TwNPTg+YD+JQLFB3EMIRDZFY0aQR7hI3koBSyRMR01qTo9PtFDYUfhTFlQzVU9WbVeNWK5Zy1rhW/Bc9137XwBgCmEZYi1jQWRSZV9mZWdhaFNpPGogawFr4Gy/baBug29ocFBxOHIgcwhz73TWdb52qHeTeH55bHpZe0l8PX03fjZ/OYBBgUuCV4NlhHSFhYaUh6SIs4nAisyL1ozfjeeO7Y/ykPWR9pL1k/WU+pYElxWYLJlHmmObf5yYna6ev5/LoNSh2qLgo+mk9KYDpxWoKqlCqlyrd6yUrbKu0a/xsRGyM7NTtHO1kLapt7q4wbnDusC7u7y1va++qb+jwJ3BlcKKw3zEasVTxjbHGMf5yODJz8rGy8PMwc28zq/PmNBz0UPSDdLT05vUZtU11gXW19eo2HbZQNoG2sfbgNw13Ofdkd473uPfjeA74Ovhn+JS4wPjr+RV5PnllOYs5r/nUufk6IXpL+nk6qjrbuwz7PXtr+5j7xHvtfBQ8ObxfPIX8sbzj/Ru9WH2ZveK+OT6xf0u//8AAABWASMBsAJqAzID6ASxBYAGWAc9CC0JJwonCyIMMA06DlEPYxB+EZ8SvhPpFRAWOBdhGIgZtBreHAsdMx5bH4AgoSG/Itsj9SULJh8nNShJKWAqeSuTLLEtzC7oMAQxITI8M1o0dDWLNqQ3uTjNOeI69DwGPRs+MT9NQGxBj0KwQ9BE7UYIRx1IMklFSlVLY0xuTXhOfk+DUIVRhlKIU4pUjFWKVoRXeVhoWVRaRFs/XEZdWl53X5VgsGHCYspjxWS1ZZxme2dXaDBpDGnsatBrumypbZtuj2+CcHJxXHJAcx9z+3TVda12hndieEV5MHokex18GX0VfhB/Bn/2gOKByoKxg5WEd4VdhkqHRIhMiWGKgYuljMaN3o7uj/WQ95H1kvOT8JTtleyW7pf4mRCaOZtunKadzp7jn+mg5aHfotmj0aTIpb6mvKfKqO2qIatdrJyt2a8UsE6xiLLCs/m1LrZkt5u40roFuzS8X72Fvqa/vMC+warCkMN9xHfFgMaPx53Io8meyo7LdcxTzS3OBM7az7LQi9Fq0lHTRdRF1VHWYtd12ITZh9p922bcQ90a3ezeud+H4FjhLeII4ubjw+Sd5XHmQOcM59Too+l/6mnrZOxo7W3ucO9w8HDxcvJ283n0d/Vp9kf3D/ez+EX4y/la+e360PwM/dr//wAAACsAxAFLAdgCZQMGA48EKwTPBXoGLwbpB6UIaAkvCfkKygufDHcNUg4yDw4P9hDZEcASqROTFH0VZxZSFz0YKRkVGfwa6BvSHL4drh6jH5sgliGUIo8jhiR2JWEmRScgJ/gozCmfKnMrSCwhLQIt6S7XL8gwujGqMpgzgDRgNTk2BjbPN5U4WDkZOdk6nTtkPDI9Bj3ePrY/j0BoQURCJkMQRABE80XnRtZHu0iWSWVKJUrgS5hMT00HTcNOg09JUBhQ6lG+UpNTaFQ7VQ1V3latV3xYSlkVWd9aqFtvXDVc+V29XoBfQ2AIYNFhnGJrYzxkDGTaZadmcWc4Z/xov2mAakBrAGvAbIFtQ24EbsVvhXBBcPhxq3JZcwFzqXRPdPR1mHY8dt53gHgdeL15YHoWetp7q3yDfVh+KH72f8OAk4FngkSDKoQYhQuGAIb0h+OIzYmvioyLYYw0jQeN2o6wj4qQa5FHkhKSxpNbk+yUepVBlkKXiJkImoqb5J0ZnjKfOaA5oTWiL6MopCGlGaYRpwqoCakPqiGrPaxgrYeura/TsPyyKLNatJK10bcUuFm5nLrXvAW9Kb5Hv2LAf8Gewr7D38T/xiHHQ8hnyYzKscvWzP3OKc9b0JfR3tMy1I3V7tdT2LnaIduV3S/fDuF35Ivoee1O8vb5Uf//AABuZGluAAAAAAAABjYAAJOVAABWjQAAVukAAJG3AAAmuwAAFwoAAFANAABUOQACh64AAkeuAAFrhQADAQAAAgAAAAEABAAIAA8AFgAfACkANABAAEwAWgBpAHgAiQCaAKwAvgDSAOYA/AESASkBQAFZAXMBjQGpAcUB4wIBAiECQgJkAocCrALSAvoDIwNNA3oDqAPXBAgEOgRtBKME2QUSBUsFhgXDBgEGQAaABsIHBQdKB5AH2AghCGwIuQkHCVcJqAn6Ck0KoQr3C04LqAwEDGIMww0lDYkN7g5UDrwPJQ+REAAQcRDkEVkRzxJGEr0TOBO2FDoUwxVSFeMWdRcGF5YYJhi4GU4Z6BqIGzEb4xyfHWIeKx74H8YglSFkIjQjBiPbJLMljyZsJ0soKykNKfAq1Su7LJ4tfi5cLzkwFDDwMc0yqjOJNGg1SjYuNxU3/zjtOd460jvKPMU9xD7HP85A2kHoQvZEAEUGRghHCEgISQlKDEsUTCFNNE5OT25QlFG8UuVUDVU0VllXfVigWcRa51wLXTBeVl98YKRhzmL4ZCRlU2aFZ7xo+mpDa5ls+W5jb9JxRnK8dDR1r3cteLF6PHvQfW9/HIDWgpSETIX2h5SJLIrFjGWOFY/fkc2T3ZX/mCCaOZxMnl+geaKgpNqnLamgrDCu4LGhtF63C7muvF2/K8IfxUbIoswMzyjR9tSR1yjZ0dye35fi0uZg6fntEu+s8gD0MPY59//5ivq4+9T8u/2j/nD/N///AAAAAQAFAAoAEgAbACYAMgA/AE0AXABtAH4AkQCkALkAzwDlAP0BFgEvAUoBZgGDAaIBwQHiAgQCJwJMAnICmgLDAu8DHANLA3wDrwPkBBoEUgSLBMUFAQU9BXsFuwX8Bj8GgwbJBxAHWQelB/IIQQiTCOYJOwmTCewKRgqhCvwLWAu0DBIMcgzUDTkNoA4LDngO5w9ZD84QRhDAET4RvxJDEsoTUxPdFGoU+hWPFioWyxdxGBYYthlRGeYaeRsNG6QcQBzkHZEeSh8OH90gsyGOImkjQiQYJOslvSaQJ2YoQiklKhIrCCwFLQguDi8SMBExCDH5Mugz1zTKNcE2wTfKONs58jsOPDA9UT5pP3RAckFoQlhDR0Q5RTRGOEdHSF9JfkqhS8dM8E4bT0VQa1GGUpRTl1SVVZRWoFe/WPFaNVuAXM1eHl90YM9iI2NmZJVltWbOZ+Ro+2oWazNsVG12bppvwHDqchdzRnR2dad22ngQeU16j3vYfSZ+fX/jgWeDEITKhnSIBomHiwSMiI4bj8ORgpNYlUOXO5k7mzudOZ8poQSixqR2phunvaliqxWs3a7FsM+y9bUxt3y5y7wPvkTAcsKmxOnHQsmyzDHOnNDd0vTU8dbn2OPa6Nz03wHhCuMU5STnSOmW7DfvivOm92z5zvuE/MP99P75//8AAAACAAgAEQAeAC0APgBRAGYAfQCWALAAzADqAQkBKwFNAXIBmAHAAeoCFgJEAnQCpgLaAxEDSQOEA8AD/QQ7BHoEugT8BUEFigXXBikGgQbdBz4HoggICG8I1Ak5CZ0KAgpqCtULRAu7DDkMwQ1QDeYOgg8hD8AQXBD2EZASLRLNE24UDRSoFUIV3BZ5Fx4XzhiOGWIaQhsqHBQc+x3dHrgfkiBtIUwiMCMYJAYk+SXxJu8n8yj9Kg4rJCxALWAugC+dMLgx0zLzNBo1STaCN8M5DDpcO7A9Bz5gP75BIkKTRBZFrkdaSRFK0UyaTm9QVVIyU9pVWlbMWEhZ01tmXPheg2ABYXBi1WQ3ZZxnCWiBagpro21NbwBwt3JvdB51w3d1eWR77n6kgHmB1oL8hAKFCIYQhzOIc4nUi1WM6Y6IkC6R2ZOIlTuW8Zipml6cCp2nnzegvaI/o8ClRKbKqFCp1KtUrNCuRq+5sSiyl7QItX22/LiJuia70L2CvzbA6cKcxE/GBMe7yXPLK8zkzp7QWNIU09LVj9dK2P/arNxP3ejfdeD94oLkA+WC5wLog+oE63/s7u5G73nwnfGN8nXzRPP39Kr1TvXb9mj29vd29+n4XPjP+UP5q/oN+nD60vs1+5j78fxJ/KL8+/1U/a3+A/5Y/qz/Af9V/6r//wAAc2YzMgAAAAAAAQxCAAAF3v//8yYAAAeSAAD9kf//+6L///2jAAAD3AAAwGxtbW9kAAAAAAAABhAAAJzfAAAAAMoq1YAAAAAAAAAAAAAAAAAAAAAA/8AAEQgA6QFhAwERAAIRAQMRAf/EAB8AAAEFAQEBAQEBAAAAAAAAAAABAgMEBQYHCAkKC//EALUQAAIBAwMCBAMFBQQEAAABfQECAwAEEQUSITFBBhNRYQcicRQygZGhCCNCscEVUtHwJDNicoIJChYXGBkaJSYnKCkqNDU2Nzg5OkNERUZHSElKU1RVVldYWVpjZGVmZ2hpanN0dXZ3eHl6g4SFhoeIiYqSk5SVlpeYmZqio6Slpqeoqaqys7S1tre4ubrCw8TFxsfIycrS09TV1tfY2drh4uPk5ebn6Onq8fLz9PX29/j5+v/EAB8BAAMBAQEBAQEBAQEAAAAAAAABAgMEBQYHCAkKC//EALURAAIBAgQEAwQHBQQEAAECdwABAgMRBAUhMQYSQVEHYXETIjKBCBRCkaGxwQkjM1LwFWJy0QoWJDThJfEXGBkaJicoKSo1Njc4OTpDREVGR0hJSlNUVVZXWFlaY2RlZmdoaWpzdHV2d3h5eoKDhIWGh4iJipKTlJWWl5iZmqKjpKWmp6ipqrKztLW2t7i5usLDxMXGx8jJytLT1NXW19jZ2uLj5OXm5+jp6vLz9PX29/j5+v/bAEMAAQEBAQEBAQEBAQEBAQEBAQEBAQEBAQEBAQEBAQEBAQEBAQEBAQEBAQEBAQEBAQEBAQEBAQEBAQEBAQEBAQEBAf/bAEMBAQEBAQEBAQEBAQEBAQEBAQEBAQEBAQEBAQEBAQEBAQEBAQEBAQEBAQEBAQEBAQEBAQEBAQEBAQEBAQEBAQEBAf/dAAQALf/aAAwDAQACEQMRAD8A/v4oAKACgAoAKAPJPjl4hXwt8M9a1t/Bg+IK22qeDoD4UNuLoX/9peNfDumC78gxzBv7DN4Ne3bD5X9meaNpQMoB6tbtvghfZ5e6KNvLxjy9yKdmOMbM7cY7dsUAS0AFABQAUAFABQAUAFABQAUAYniW41G08Oa/daRYrqerW2iarcaXprruTUdRhsJ5LKxZf4lu7lYrdl7iTHegDC+GeoeI9W+H3g3U/F+gx+F/FN94d0u61/w7FGIotF1Wa1je802OMYCLazFolXHAXHFAHcUAFABQAUAFABQAUAFABQAUAFAH58/8E2v+SMfF/wD7PU/bd/8AWnviXQB+g1ABQAUAFABQAUAFABQAUAFABQAUAFABQB//0P7+KACgAoAKACgDzb4uS/EeDwFqsvwmh06fx2uoeGBpUWqrE9i2nv4r0NPExlWZ44zInhVtaktstkXSwlA7hUoA9Fh8zyYvOx53lx+bt6eZtG/HXjdnHPT1oAkoAKACgAoAKACgAoAKACgAoAxfEkGp3Ph3X7bRbtNP1m40XVYNJv5CBHZanLYzpYXchOQEtrpopmJGAqEnOKAML4a2PijTPh/4O0/xrrMPiHxdZ+HtLt/EeuW7K8GraxFbRrfX8ToqqyXM4eRSqqpDcDH3QDt6ACgAoAKACgAoAKACgAoAKACgD8+f+CbX/JGPi/8A9nqftu/+tPfEugD9BqACgAoAKACgAoAKACgAoAKACgAoAKACgD//0f7+KACgAoAKACgDyr41+H9R8U/DjWdE0rxlH4AvrnU/CM8XiqW4+ypYx6d4y8P6nc2hm3JtOt2tnPoKLuHmPqYi537WAPUIFKQQoz+YVijUyD/loVQAv3+8Ru69+9AEtABQAUAFABQAUAFABQAUAFAHO+L7ayvfCXiiz1LUW0jTrvw7rdtf6sjbX0uyn025iutRRsja1lAz3KtkYMQORjNAHNfB/TND0X4W+ANJ8NeI5PF/h/TvCmjWej+KZpPNl8QafBZxJa6tJLube97EFmZtzZL9f7wB6PQAUAFABQAUAFABQAUAFABQAUAfnz/wTa/5Ix8X/wDs9T9t3/1p74l0AfoNQAUAFABQAUAFABQAUAFABQAUAFABQAUAf//S/v4oAKACgAoAKAPFP2h7L4eah8JdftPipfXum+B5NY8Cvqd5p7Ol3HfweP8AwxceG0jZFdglx4ni0a3nwpBt5ZQcKSygHslsIxbW4hJMQgiERPUxiNdhPuVxmgCegAoAKACgAoAKACgAoAKACgDm/GUulQeEPFc2uwSXWhw+G9cl1m1iBMtzpUel3T6jBGFwxkmtBNGgU5LMAMGgDl/gzd+E774T/Du88B6fcaV4MuvCOiTeGNNuldLmx0SSyibT7WdXy6yw25RHDHduXnNAHplAHx9+0z+2/wDA39k/4g/sy/Db4s62+l+IP2qfipL8J/h7t8sWttrMWiXeprf6xM5C2thcaguk+HrQkq91q+u2UMO7ZPtAPsGgAoAKACgAoAKACgAoAKAPz5/4Jtf8kY+L/wD2ep+27/6098S6AP0GoAKACgAoAKACgAoAKACgAoAKACgAoAKAP//T/v4oAKACgAoAKAPHfj5r2geGfhbrms+J/B1x4+0W21bwVBc+FrWHz576fUPHXhrTdOu1iIO5dE1K7tNdkOPki015ONtAHrluyvbwOqeWrQxMsZ/5ZqyKQn/AR8v4UATUAFABQAUAFABQAUAFABQAUAYXii7ubDw14ivrPTV1m7s9C1a7tdIdd6arc29hcTQaa6Ybet9Ki2rLtbcJcYOcUAYHwu1bUte+HXgrWdY8MxeDNV1Tw3pV7qHhOCPyYfDt3cWsck+kRRbI/LSxdjAq+WmAuNo6KAd5QB/Lr+394G8Uf8FBvBX7aus+EPgZ8YvGuueHZtE8GfsS/FfwVodrfaH4X8Y/s3a7deJ18deHtSluUe3vfFPxfXxXoz6zZJsvfCCaFJ5ji2SgD9gP+CWn7Yln+3N+w/8ABD48Sqll40vfDi+EviroOdtz4a+KngmV/DPjvRLqBsTQva+INNvTD5yq81u0U43JKjMAfoVQAUAFABQAUAFABQAUAfnz/wAE2v8AkjHxf/7PU/bd/wDWnviXQB+g1ABQAUAFABQAUAFABQAUAFABQAUAFABQB//U/v4oAKACgAoAKAPNfi9qXjzSfAOrX/w00a21/wAZRaj4Xj07SrxFkt57K68WaHa+IZmViqlrHw5Pq1/Ec/LNbRsMkYYA9FhMhhiMoCymKMyKOiyFAXA9g2RQBLQAUAFABQAUAFABQAUAFABQBjeI01eXw9rsfh944tek0bVE0SSYgQx6u9jOumvKWwojS9MDSFjjYDnAFAGJ8OYPGNr4D8I2/wAQZ7W68cQ+H9Mj8V3FkyNaTa6ttGNRktmj+RoWuN5jKYUqcgDOKAL3jPwynjTwn4h8Jy634h8OReItJvdIl13wnqS6P4l0qO+haCS80TVGt7oWGoxIxNtdfZ5jC+HCEj5gDyj9nb9nTwZ+zF8EPCfwB+HeueOL/wAF+CNFfQPDuo+MfES+IfFlpp5V1iEmvGwtHurm2MheG6uLaSYyASTNK5YuAeGfsZf8E8Pgd+wlqPxevPgd4i+Lkun/ABt8d6r8S/Gnhnxx47HifwvH431yQSavr3h/SP7H09NDuNQEcUdzFayfZnSGMiISb3cA+8KACgAoAKACgAoAKACgD8+f+CbX/JGPi/8A9nqftu/+tPfEugD9BqACgAoAKACgAoAKACgAoAKACgAoAKACgD//1f7+KACgAoAKACgDzD4yaL4r8Q/DzV9J8E+LrfwL4kn1LwpNZ+J7qTyoLK2sfF+g3+r2rSFXw2s6Na6hokY2ndLqKLxncoB6VArrBCsj+ZIsUau46O4QBnH+8cn8aAJaACgAoAKACgAoAKACgAoAKAPjz9sn9sr9lT9kX4c6hqP7Tv7QHgf4F6f4u0fWNI0G+8S6zHaazdz3dnNZfatD0yEyajdy2kswkSaGFYlmi2+cHUqoBwf7BP7bn7Hn7U/w00Tw1+zN+074I/aAv/h74e0rR/Ec+l60snivdZwLa/2nrGj3rrqaG7ePzJJ9k0as6iSYs6UAff8AQAUAFABQAUAFABQAUAFABQAUAfnz/wAE2v8AkjHxf/7PU/bd/wDWnviXQB+g1ABQAUAFABQAUAcx428Z+F/hz4P8UePvG+t2Hhvwf4M0HVfE/ifX9TmW30/R9C0Sym1DU9RvJn4SC1tLeWVzyxC7VBYqrAFbwB498KfE/wAG+HPH/gfWbTX/AAn4r0u11nQ9WsZo5re8sLyNZYZA0TuqvtbEkTNvicGOQB1YUAdhQB8cfFb9rJfCPxU8c/Bf4eeCbr4j+P8A4XfBBfj98QNOt9SttNg0nwlfX3iKw8LeHraWfmfxZ40m8JeJTokDD7JbR6YkmoFEv7VmAPT/AAJ+0H4M+J/7PPhn9o/4e2+qeLfB/jTwDp3j3wnpulW/m63rkGsWMVzpWjWttkhdUvLqeHTgshWOK5fdKVjR2oA+b/2dv2z/AIifEX9pD4hfss/Hb9njWfgN8TfDXw48O/GfwhIvjDQvHnhzxl8MfE2va54atr5dY0D91pevaZrXh++sdU0q7CnzFJtiyxPtAP0IoAKAP//W/uL0L4reK9X8FeLfFN38GPH2h6r4cvJLXTvBuoDTv7e8VRotqReaL5c7W5gc3Eir57q2bab23AEesfFrxbpnw90Lxpa/BT4g6vrWr3SW934BsRpv/CTaJGyzsbnUN8wtfJUworeXIzZnj6cigDe8RfEHxDoninwf4fsfhj4v8Qaf4lhhl1PxNpf2I6R4SeV3Vodb82VJt8IQPIYFcbXUgcEMATad491+9+JOq+BZ/ht4s0/QtO01r63+It19j/4RXVJ1FkRp9nslN39qY3UoG+MJ/oc/TC7gDF8O/FHxTrei+NtUvfg/478P3XhU3A0rR9UGn/bvGXkRSSIdA8qZo/8ASGURRfaGT53GcclQDw/9ob4hwav+y9qHinx/8OviN4XstR8U+C7XVPC9pLp0HjDR5LH4h6LPoNzNJ5wtFtNX1vTdHsGCyl3t9ZiQgFnFAHumtfEjxFoJ+Hltpvwq8a+JLfxaunxapeaZ9gMXgqKdrSJpvERlmDbbeOd5p/swkOy3l25OBQBrHx7r4+JbeBP+FbeLDoK6el6PiOPsf/CKNO1tDO2nj979s+0o8rW5zFs82J8HGDQBn+HfiT4l1uf4gQ3vwn8a+H08GxXMmjT6n9g8vx40CXzRxeG/KmY77g2kKxfagg3X1vnGH2gGXB8WfFs3w3uvHL/BX4gQa5b35s4/h3INN/4Sm6hFx5P26HE/2QWxT/SBumZ/L4xk0AXPEHxQ8UaLo/gHU7L4QeOtfufGL266zpOm/wBn/bvAomWxLt4j82ZI8QG7lWX7KX5s58dFoA1r7x9r9p8RdI8Ew/DXxbe6JqVj9rufiDbiz/4RjSZvs8832K93Si7+0b4kg+SNl82aPkgE0AQaF8RPEWr+J/G+gXnwu8Y6JYeExdHSfEmofYf7J8aeRJcJGNA8qUzZuRCkkX2lUwtxEGwSxoAxtL+K/izUPh94k8Zz/Bfx/putaHe/ZbHwFdjTR4l8RRefZxfbNK2zG18jZdSz/vpFby7SfqSooAdrfxW8V6T4M8KeKLT4M+Pta1TxFJDHqPg/Txpv9u+FllRWaTWRLOtvshJ2SeTITuU4wKANzXPiB4g0nxx4U8J2nwz8Xa1pPiKxS71Hxrp/2L/hH/C8rG8BstZ8yUXIuFFtET5KMuLuHH8RoAfo3j7X9U8f+IPBt18NvFuj6No1u89n47vhZnw3rzq0QFvppjlN15riRmXzYgMROCThTQB/I1+xR8NPhd/wUS/bz/4K6/te/tyfDLU/jP4q/ZN+K2v/AAK+C/7Pfi1o9TX4T/DTwxYXjPfaN4YupTpY8Qanaxyxi/lie3a/07UbuPz553KAHLf8FKPhN8Cv2IT/AMEuP+Cln7CXwt1P9nn4xeLP2k/hT8ENX+Fvh8QaLq/x0+EXxAd7W/0jxP4e09l07VNV/s+CO0jvBbDbceINMuLhUubaGRgD+v7WfiV4k0vVfAenWnwr8Y67a+L7ayn1fWdM+xf2d4Me62+ZFrvnSJNm2DF5fIVvlXAyeaANG18e6/cfEvUPAknw28WW2g2emi+h+I832P8A4RS/nMNnIdOttshvPtQe5liO+NU32c5yVC7gDJ8OfE7xPrdj46u774ReOPD03hFLttIstU/s/wC0eNjbxXEkaeHvKmZSbpoUih+0lPnnjyRyVAKB+LXi0fDOHx4Pgp8QTr0uovYt8OB/Zv8AwlcUCXNxANQcGcWf2V44UuFxLv8AKni4JytAGl4j+JnibRF8AtY/CTxv4hPjGW0j1hdLFhnwItxJZJJL4k82dfktVupZJvsokOyznxztFAGlN491+L4kw+BV+G3iyXQpbBbx/iKn2P8A4RWGY24nNjJmT7Z9pEh+znEe3zFPReaAKXh34keJNb1Px/YXvwq8aeH4PBsc76NqWpix+yeO2hN+ETw35UrPunFnCY/tSr/x/W2f4yoBlWfxY8WXPw51PxvL8FviBaa5YXxtLf4fTf2b/wAJRqUIuIofttoBP9k+zlJGuBvkDeVE/G7G4Asa98UvFOkeHPAmuWfwd8d65feLvsv9r+HtOGn/ANqeCPtEdq8n/CRebMsQ+ytcSRzfZmk+a1mxxtoA2NS8f+ILH4heHvBcHw08Xajous2X2q98fWos/wDhGdBl+z3c32PUi8i3Xnl7eOD91G48y6h6DJUAZofxB8Q6t4v8X+Grv4Y+L9F0zw1HO+m+LdQ+xf2J4saJ3VI9E8uV7jdOEDx+eifK65xjFAH57/8ABNz4h+Il/Zn+P/iYfC/xg2qaN+2b+2VLZeEQLH+3Nee//aQ8c3c8Om/vfs+/TZb+eyu/NdR9o0272ZUIWAPuzWvix4s0vwJ4c8X2vwW8f6xq+uXEcN94HsP7N/4SLw8kiSMZ9U8ydbby4ygR/Kdzl16UAbviD4g+IdG8YeEvDNl8MfF+vaZ4ktYrjUvFum/Yv7E8KSO9wrW2tGWUXAmiEKM/kROpE8WCSGFAEulePdf1H4i614JuPht4s0vRNLsnurX4g3n2P/hGNYlU2oFnYbJTd+e32iQjzIwv+jS5xgbgDC8OfFPxVrfh3xlrd98HPHnh6+8MSTppfh/VP7O/tPxeIo96PofkzNFtmJ2R/aHQ7hhsY+YAr3vxa8W2nw003x3F8FPiBe67f6kLGf4c2/8AZv8AwlenW5kvU/tG63T/AGT7KBbRP8khfbeQcfe2gHqWn61e3txp8M2g6nYJe6NFqk09z5XlWF1I4VtIudjE/boh877P3eBwRnFAHiP7YvgDWviv+yR+1D8MfDWlR654m+IX7PXxm8GeGNHljikXUfEviT4deItI8PWgWcGISy6zd2KwyNjypvLlDKyKygHg/wAB/h/rnij/AIJ4+A/hbD8Jn8F+KG+DWh+D734afE631/4aQL4h02xs7TVYdek8F3Nt4j0mzvb+3uLoapotzHfXaul0rkTNuAPmH9n79g34r/DT4yeAfHWtfA/9m7w7pXhvWJL291rwn+0F+1h4o8RafE+n3tsJtK0Dxt4guvCup3BedI2g1q3ltRC8kqr58URoA9L8cfDb4j/Bn9tz9qD9oLQ/AHir4j+Fv2jf2R/h74K8OxeFtPOqTaX8Vfg3dfEqKHwpqsZkUadY+LdL8X6BcaVeuPszXNvrhl2m3YsAdZ+x34f8V/sS/srfBD9mfX/hj8TPHviL4Q/sx2vivxD4g8DaCdb8P6v4u0l54tS+HOgXJnie48YX98JJdG0coqvYSQyGVVBWgDC/Y6+KXiH4pfHPxx8QPHP7Kf7Sfwx+Jvj7wva2+vePvjH8Of8AhCfCHhHwP4QvJD4O+FPhK+ub+5n1Mpea9rWu3fkRKb3WLzW9UndUnt4lAP1KoAKAP//X/v4oAKACgAoAKAPGf2gdV8FaL8Kdd1L4heGZ/GHhOHV/A8d/4fto3lmu7y78eeGLPQrhUjeNiul6/caZq0hDYWKxdmDKCrAHsFuUa3gaJdkbQxGNDxsQopRcc42rgde3egCagAoAKACgAoAKACgAoAKACgD+eD9uz/gk1+0Fpf7RXxD/AOCgX/BMf9obTf2bv2gPH3hO4g+P3w18X+HrjxV8Ivj1HotnLLb3eseH7YEr4jvIVkgmdlWK7uZJbhrhZLy4RwDzb9i7/gk5+1P8dvjN8A/23f8Agqp+0J4f+M2u/BjSrDxJ+zr+zX8OvCFx4J+Enwn168gSW31zVtBuTtn8RaQy289jFB5sdveW9rMZozZRwuAf00UAFABQAUAFABQAUAFABQAUAFAH58/8E2v+SMfF/wD7PU/bd/8AWnviXQB+g1ABQAUAFABQAUAFABQAUAFABQAUAFABQB//0P7+KACgAoAKACgDy/4yaz4r0D4eavqvgnwhF478SQal4Uhs/DE0Pnx31rfeL9CsNXuzEQ246Lo1zqGuIcfI+nK/G3KgHpcDO0MLSJ5cjRRs8f8AccoCydvuklenbtQBLQAUAFABQAUAFABQAUAFABQBjeI21hPD2vP4dWF/ECaNqjaElwAbd9YWxnOmLOGIUwteiASBiAULZIHNAGH8OJfGc3gLwhL8RYrODx3J4f0x/FsOnqi2MevtbIdSS0WNnjWBbneIwjsoXGCaAO1oAKACgAoAKACgAoAKACgAoAKAPz5/4Jtf8kY+L/8A2ep+27/6098S6AP0GoAKACgAoAKACgAoAKACgAoAKACgAoAKAP/R/v4oAKACgAoAKAPNPi/p3jvVfAGrWPw11q18PeMZdR8LSadq146R29vZW3izQ7rxBC7yKyBr7w5Dq2nxZGTNdRhSrFWoA9GhEghiEpDSiKMSMOjSBAHI9i2TQB8nat+3h+yBofjbW/hvq3x98CWPj7w2qPr/AIPmudQ/4SDRoZMGK51LTEsWubO0mDK0N3MiW0qMHjlZGXcAfQvgX4heBfif4dtPFvw68X+HfG/hm+3C11zwxq1lrOmyuhxJF9psppo47iJvlmt5fLnhf5JY1cEUAdjQAUAFABQAUAFABQAUAYXii0m1Dwz4isLbURo9xe6Fq9pb6uz+WulzXNhcQxai0mRsFjI63JfI2iLORjNAHP8Awt0i90D4c+CdE1LxInjG/wBK8NaVY3niqOb7RH4guLe0jjl1ZJ9z+at6ymYSb23Bs5OaAPPPip+1T+zv8E9bs/DPxQ+LfhLwp4mv4VubXw1PdXGo+ImtXZVju5NC0a21HVbe0kZlEd1c2kMEmcrKwBoA1PhP+0f8Cvjpf+I9K+EHxS8I/EHU/CCafJ4q07w5qS3l94d/tU3I0+PWrQpHcabPdGzuQltdpFcDyX3xLxQB7ZQAUAFABQAUAFABQAUAFAH58/8ABNr/AJIx8X/+z1P23f8A1p74l0AfSHxr/ac+AP7ONvot38dPir4U+F1p4iu4tP0O88W3kunWeqahM7pBp9pdfZ3t5L+4aOQW9l5v2m42P5MLhWNAD/AX7TPwA+J+qW+heBPi34I8Qa9dwPdWegw6zDZ67eWyf6yez0bUhZaldwp/HJb20qIOWKjhgD3OgAoAKACgAoAKACgAoAKACgAoAKAP/9L+/igAoAKACgAoA8d+PehaB4l+FuuaN4n8a3Hw90W51bwVNc+LLWUQzWE+n+OvDeo6dZrIZIgq67qVpaaBIC43R6o6YbdsoA9ct1VbeBUcyqsMSrIeTIoQAOT3LjDfjQB/LfqfjbxB8O/+DhT9uLW/Cf7P+v8A7QOo3P7EfwB+0+EfC8nhy31CTyrFihmfxEVs5vtwiSyQM3VEEnyBdoB63/wQJ1TSdS8Y/wDBSHUru7T4WePvGP7W3iLx94m/YsuLG40fWP2WrPXbZLfTdG1XSm26WLjxJJYXeoSah4ZRfDt/JG8tnmUTGgD+jugAoAKACgAoAKACgAoA5rxnFpE/g/xXD4glkg0Gbw1rsWtzwkiaHSJNLul1KWIgEiSOzMzoQCQwBAPAoA8/+HF14R8K/Afwtf8Aw8Goa94L8PfDm2vvCStul1PV9E0zRTc6ZFhtrSXl7BDHGoIUtNIAcZoA/DT/AINz1tvj9+zH8U/27/ilLaeNv2lf2kP2jPjhL4+8Z6xBFe654d0TwP4/1zwV4T8B6JNcCWbw/wCGNL0LRrS6s9DsJIrRXvZZmRmkoA/af4e/svfCX4V/HL4u/HvwB4c0/wALeLPjhoPgrSviLaaJp9ppuma9qvgeXXBp/im6gtI4kk1680/WYdN1C6KB7qHTLWaZ5Z3ldgD6JoAKACgAoAKACgAoAKACgD8+f+CbX/JGPi//ANnqftu/+tPfEugD89P+DkK1trr9kj9k1Lq3guUP/BTT9i5Ck8SSoUm8U+I4pUKyKwKSxs0cikbXRirZBxQB7F/wWm/Zv+G3ir/gnr8aPjlo1tp3wx+On7Nvw/Pxr+Dfxp8JrB4V8aeEfF3gVbTWbWzj8Q6VFbX17pOvxwS6Nd6BfTT6XqEt5As9u5AoA+7/APgn38Y/GP7Qv7D37J/xx+Ido1j46+K3wD+GXjrxbavB9maLX/EPhbTtQ1MG358otdTSPs7buMdKAPsCgAoAKACgAoAKACgAoAKACgAoA//T/v4oAKACgAoAKAPiX9tr9qL9j34A/DW5sv2rvip4J8H+H9Z1Twm8XhzWPElhYeINUuLTxh4fvdJu7LShcDUZLXTtWisNUu7gQLAtlZ3MhkZUdKAPpD4UfFz4V/Grwfp3jb4P+PvCfxF8HXsUa2eu+ENcsNd047Y1IgknsJ5xBcIpXfBP5UyfxR8g0Afkna/sL/tu+Df+CmPx9/b+8B+NP2WdQ0z4w/B3wJ8HtO+Hfi5fixbXmjaf4CiiFjrV5qujaXPFPeX8v2hrq2hUwRK8YjdtuKAPZv2FP+Cefif9nD9oX9rj9sX41fEfRPiJ+0b+2HrPhJ/GieCNIu9B+Hfg3wl4At9QtPB/hXwvaaht1XUXs4NSuDqGtaskV5fSGPMSeWWlAP1QoAKACgAoAKACgAoAKAPBv2iv2gPgd+zv8NvEXjP47+P/AAV4I8Jpo2rB4/GPiDTdETXwmn3DS6PYpfTxSXk99GDa7II5dpmXftBJoA4v9kP9p39nH9pv4Q+E/Ev7O/jjwJ4h8NReHtKVvC/hPxHpWs3Xg+J7SMx6JqVnZXEk9o9mjC3zLCkTFCsbvg7QD4Q+Av8AwT8/aG/YE+KHxmm/Yl8a/CjWv2aPjl4/1P4o3n7Pvxlj8UaX/wAKk8eeJbgSeJLn4ZeI/ClveiTwrqDKl7JoOrRRSW9w0ptZZWYlgD9OfhRoXxjs/wC2dd+M/izwxqmvawbWGy8LeArPULfwR4VsbPzcJpt5rUcWu6xqGoPM0+oahqMVuVVbeyggMNqs0oB7HQAUAFABQAUAFABQAUAcr408deDPhx4evvFvj7xToPg3wxpib7/XvEmqWej6XagglRJeXssMXmOFby4lYySYIRWIIX08oyXN8/x9DK8jy3HZtmOJfLQwWX4arisTVf8AdpUYTnZXV5NKKvrKN/eqEJVJKMIuUnsoptv5K35/dqfmB/wSg/aF+BvxO+GHxh8O+APiv4F8Wa+v7Xn7YfiEaJo3iLT7nVn0PxF+0X8RdZ0TVodO85Luew1LSrm3v7a5hhkja2mikYqGWvazrgPjPhzCLH57wxnWV4H63jMB9cxeAr08LHG4DEzwmMws8RyOlCvh8TTnQqU5yUlUhKKV02XOhWprmnTnFKTjdxaXMnZpva6em2j01uix/wAFa/2HPjv+3z8J/gx8MPg343+E3gJPhj+0f8I/2iNS1X4lWvi++fVL/wCEepanqWmeG7KDwxbTrFZ6vLfql9eTET26xfuEYtuX5IyD9oj9iz9p79uHwNpXwL/ad+LHwx8Afs7XWoaHd/FPwJ+z9aeLrnX/AIyaToF/a6hD4J8Q+KPG1tZT+HvCep3FrC+tQ6JFLeXwghhEqRGVWAP1B8KeFtA8D+GfD/g3wrpdronhrwto+n6BoOkWMSw2em6TpVrFZ2FlbRJhY4be2hjjRQMAL2yaAOgoAKACgDmPG3jPwv8ADnwf4o8feN9bsPDfg/wZoOq+J/E+v6nMtvp+j6FollNqGp6jeTPwkFraW8srnliF2qCxVWAK3gDx74U+J/g3w54/8D6zaa/4T8V6Xa6zoerWM0c1veWF5GssMgaJ3VX2tiSJm3xODHIA6sKAOwoA+OPit+1kvhH4qeOfgv8ADzwTdfEfx/8AC74IL8fviBp1vqVtpsGk+Er6+8RWHhbw9bSz8z+LPGk3hLxKdEgYfZLaPTEk1Aol/aswB7n8E/jB4N+Pvwh+Hvxr+Ht2+peC/iX4R0fxl4buGXZPJpms2Ud5bxzR5Pl3EYk8maM42yowxwaAPJv2X/2n4v2kr79oDTh4G1PwLe/AT48eL/gXqtpqeq6fqz6xqfg6Gwa61y0uNN/cR2N897utIXxOkSr5wD7lUA+raACgD//U/uI1r442+i+AvDvj1vhX8btUi8RXEduvhLRvhxf6h470XzFlbzvEXhmO6FxpMCeXtkllmcI7xDB30Ab3iD4pw+H/ABf4R8IN4B+KOsSeLraO5TxHoHgu71Xwj4dEjTr5Hi3XY7iODQrlPI3SQzJIUWWAnPmDaAS6X8TotV+I2s/DkeBfiZp8ujWL3zeNNU8HXdl8O9TCm1H2XRvFjzm11C9b7WNlskCsfs91gnyWNAGH4d+NUHiPw94z8Qp8MPjRoy+DJJ45NG8Q/Dy+0nxD4m8hN5bwbpct1JL4gSX7kDQPF5j/ACj1oA5Xx1+0dB4M+BOq/HD/AIVJ8a9QjsLHWrlfAEXw8vx8Q4G0my1W6Fzq/hcXRutN0iQ6WTJqLyukUF3ay+WfOUUAfx4f8E3P2a/g3+3J8G/Ff/BUP9uP4CePf28/2g/2ofjn448NeDvCOqaN4g8TfC34CeBfDfxhHwz/ALCurfTNStbfwgdO0qDUdejaaFoxYRQW5hJR7lwD6R8J/DPwn/wSN/4Ly/st/s+fsg6T478Cfsyft8+DPF+mfEn4FXyapc/C7w3428NeFdY8Y2XjX4Wy317cjy7Y6TFpGq+UivZ3dzqtncyzrBAUAP6svDvxgh8RDx8V+G/xe0X/AIQCG8lkHiLwFe6S3i/7HFeymLwF5tw//CTzXIs/Ls47fyjPLdWUYI89TQBmR/HO3k+GsnxL/wCFVfG9Io9QbT/+EIk+G9+nxJcrcNb/AGyPwgbs3T2BKect0JwrW7LLtIIFAF/xF8ZIPDun/D/UH+Gvxi1kfECSCKOz8PeAL7Vr/wAH+f8AYPn8f2sV0jeFo4vt4897kzCP7Jf5/wCPVt4BqXXxPhtPiPp3w4/4QT4m3Euo2Ivx41tfBt3P8OrIG3kuPsuo+LRcLa2l8Ankm2aBm+0PHD1YMoBW0H4sw6/4g8eeH1+HvxW0hvAYujJq+veB7zTNA8W/ZXu0P/CC6pJcSR+JjP8AZC9r9nEHnJcWjDb56qoBkad8cLfUfh5r3xDHwr+NtnFoN79ibwbqHw4v7X4hauftFrb/AGrQfCjXTXOp2WbrzvtEc6r9ngupukJVgCTXPjZb6H4S8G+LW+F3xp1VPGT26J4e0P4d32peLPDX2hInDeMNCjukm8PpD5gSdpnl8p0lU52MWANrWPijFo/jzwv4DbwF8T9Sk8UWQvk8W6R4Lu7/AMCaCCl4/wBl8T+JkuFt9GvR9jKtbSwyMHuLNcnz12gC6L8UYdb8c+JvAy+A/ifpcnhmGWd/FeteDLvT/A+ueU6p5XhrxJJO1vrE8m7dFFFFGXRWYHgigDC0H43W+veDfFvjJfhb8a9Ij8I3clo/hnXvhzf6Z4x8RGNbZvtHhPw/JdNPrtq/2nbHPDNGrNBcgAeSdwB/Hp8JfAPgP/grV+3N/wAFE/2rv2zPhX8Yfj/4H/ZJ+M+p/syfsz/scQeGtc1Oy8G3Ph7Rbq/tfGHxC+HenanZTW19f3Qs4dTuZ5QINal1CK4kli8qGIAj/bx/Zv8AA/8AwSI+PH/BNT9uX9jz4c+KP2bPHXxf+NHwp+Cv7TPwR8E22rwfBLx7ovxPu4tM1jS9QsLnUby2svGuklL+4t7DEzPcDTLqGW2SCVJwD+ybRPitDrXj+6+H6+AvidYS2miRa2fGmo+Dru1+HN4ssGnzf2fpvi9p2tb3Ux9vCfY0gVi9peruzbtuAM/w58ZoPEek+N9WT4ZfGTRR4H+0+Zp3iH4fX2k6t4p+zRyyEeCbGS6kfxGZvK2W32d4/NkkjQY3qWAKcvxyt4fhlZ/E7/hVXxvkhvNSk00eBYvhvfyfEu2Mdzd232678HfaxdQaa5tDPHdmco1tcWkwUCYCgDU8RfF+Dw5N4Chb4cfF3Wj4+ls4o5PDvgO91aHwibya0hD+PJIrmMeGIrY3Yku3uPNEENtduciBiwBot8Tol+Jf/Cs/+EF+JjS/2emof8Jwvg66b4bYa3iuPsf/AAl/n/Zf7QUS+S9r5AYXCSxbiUoAoeHfi7B4iu/iBaL8Ofi3op+H8VxLLceIfAl7pVr4w+zi/by/AE8ly48UyzfYCLdLYQmU3diB/wAfSbADKtvjjb3Pw3vfiQPhV8b4IrK+NifBNx8N7+L4jXJFwLf7XZeEjdG6ubHJ84XImVTbgy4wMUAW/EHxng8P6J4C1tvhl8ZNYXx81ssel6B8Pr7VNb8I/aUs3B8eadHdI/hlYftgW4Nw8oie2vAc/Z23AGvf/FCKw+Imi/Do+A/iddy61ZfbV8Z2Hgy7uvh5pg+zz3H2XWfFa3CW2nXoFuYfszwu32iaCPrKKAIdC+K0Ou+KfGvhVfh/8VNKfwUty0mv654JvNN8L+J/s0k8ZHgvWpLhovETT+RvthAkfmxywuMeau0A/wA/T/g5S/bv+Kvxl/apP7Pqaf8AFHwB8HvhH4W8K3kHw68V6Df+E9U8SeJvFGkWWv3nifVvD7zs2opHHfwWWjyzu8KWdp9pgRHmct/uT+zp4F4V4a8F8x8WHkONzXirOM4zPB1MVhct+vZnDLstxv8AZ9LBZJT+OdNzjOvi5UeRubqxm5RopS+zyChSp4OWL5JSqynKN1G8uWL5bQ3vvd/D53smfzlfs1fHv4k/s5+NvDfxl+Euu+JfCvjfwl461TWNJvtF+0RXAe116ed7DVbaGRFudMvUQ22oWVyHgnhkdHUHDJ/R3B+F4b4t8IuKMn4q4PzziDJOJ/EXxVwmJyilkUsbmOBWJ42z3lrYnCuXtMvxOGcuaNaMnOjWha7sz0KSp1cLWhVpTnCricVFxUOaUeatLV9Ytejs+1rS/wBej4QftJzeOvBH7Peq6l8NvifNqXxn+GXhLxtc67oPg281XwR4Wudc0n7XcWPinxKk8UGi3SSwu/kzQOwjubNufPUV/wA6PHGRUuF+MeJ+HaFX29HJc9zPLaVa1nUpYTF1aNOTSvZ8sVddH22PgK0PZ1alO91Ccop+SdvP+t7bHsGjfE6LWfiDrvw9XwL8TNNk0G2a5bxjrHg66sPh/qwVoF8jQ/FTztbanct5+5YI4EJWKY7h5ZD/ACxmYHh3422/iLwr4v8AFS/C741aMng+aWCTw/4h+HV/pPinxH5SRt5vhHRJbp5dehk8zbFJDLEHdJFGNpNAEWpfHK3034b6T8ST8KvjhexavqK6cvgnTvhtqF38R9OLG8H23VvCK3aXVjpw+xnddvM6gXNkdp+0K1AGz4i+LEPh3W/BWiN8PfitrTeNlt2j1Tw74HvNW0Xwv9okSPHjTUYriJPDrQ7t9wJ0l8qNWY5A+YA9YoA+cf2xfAGtfFf9kj9qH4Y+GtKj1zxN8Qv2evjN4M8MaPLHFIuo+JfEnw68RaR4etAs4MQll1m7sVhkbHlTeXKGVkVlAPB/gP8AD/XPFH/BPHwH8LYfhM/gvxQ3wa0Pwfe/DT4nW+v/AA0gXxDptjZ2mqw69J4LubbxHpNne39vcXQ1TRbmO+u1dLpXImbcAfMP7P37BvxX+Gnxk8A+Ota+B/7N3h3SvDesSXt7rXhP9oL9rDxR4i0+J9PvbYTaVoHjbxBdeFdTuC86RtBrVvLaiF5JVXz4ojQB6X44+G3xH+DP7bn7UH7QWh+APFXxH8LftG/sj/D3wV4di8LaedUm0v4q/Bu6+JUUPhTVYzIo06x8W6X4v0C40q9cfZmubfXDLtNuxYA9T/YH+Hnib9lT4B/s2fsfeJ/CPizUdb8A/s+6Jqnij4j2Fgbj4d2/ii3vHstX8IR6y0gdNd+1NNfWOm+QR/ZRjkDjGygDh/8AgnN4W+IHhfxp+3xd+Ovhn4/+Htp4+/bW+KfxF8DXXjXw++i2/i3wVr8OlRaT4g0ORp5vtdldtZzFSQjqu0so3UAfp9QAUAf/1f7+KACgAoAKAI5Yop4pIJ445oZo3imhlRZIpYpFKSRyRuCkkboSrowKspKsCDigD+VTW/8Agmt/wVo/4JxfEj4uv/wR9+I3wb8afsxfGvxvffEh/wBnT473UOkz/Cjxjreo299r7eDPEV5ILUaJfCOW3+zJmaWGXzJo47lC8oB9OfsEf8Ewf2tr79sS4/4KV/8ABUX4teD/AIl/tN6X4Nu/AfwW+FHw2t3T4Y/AXw3qTSrqr6PM7PDe67ewzXMH220ZoxDqGovJI0l2yRAH9CdABQAUAFABQAUAFABQAUAFAH81H7XP/BL/APbs+A/7X3xf/b3/AOCSHxY+H/hXxZ+0ZpgH7SH7PPxak+weAvG/ia3trlI/H+gau+LDRNfM1xcajeXl2FkF/cTzDzoZSkABw/7Pf/BMP/gpD+2L+0R+zz+0d/wV/wDi38MtQ8B/sq31h4u+CX7OXwdvYdc0HV/iPZJatY/ELx54ltP+JZrl1b3NnaalbtCgkN3awRrHFbh2lAP6jgAAAAAAMADgADoAOwAoAWgAoAKACgAoAKACgAoAKAP51v8Agtd/wRAb/goxqnh/44/BbxRofgj4/eF/DyeGtUs/EEUkfh/4iaLZyl9Jhv8AUIQz6brWlJK9pbX0qm2lsEht5gv2aIy/339Dz6ZS8AMNjuDOMMtxuccDZlj3mGGrYGSlj8gxlWKjip0KEuVYjB4lxjVqUYt1I13OpD45nuZTm/1BSo1YudCUuZOPxU5Pe294u12t79r3P55/+CW//Btv8YfjT4xn8c/tNeJ/Cfhn4JeAfjh8VfB/ivw54Z1ca34m8aax8LviTrvhTxFoFpNbItvpmk3utaJeWsupSt5sunN59mpd0r98x/7QjhPg/wAOuKMl8OctzTMeMc74t49zXK8wzHCvB5dlGE4k4mzXM8BjqsKv7zEYqlg8ZRqxw8YuMMQuSq2oyO6WfU6OHqww8ZSq1KtecZSVo01UqSlFvu0nfe1+6uf6Fmh6LpnhvRdJ8PaLaRWGj6Jp1npWmWUCBIbWwsLeO1tYI0XAVYoYkQAD+Htk1/kjjcZicwxmKx+Mqyr4vGYirisTWm7zq1685VKs5N3u5Tk3/lax8s25Nyerbbb7t6v8TVrmEFABQAUAFABQAUAFABQAUAFABQAUAf/W/v4oAKACgAoAKAPJPjl4fXxR8M9a0RvGjfD5bnVPB058WLcG1Nh/ZvjXw7qYtPPEkJX+3DZjQSu8eaNTMR3ByrAHqtuuyCBd/mbYY18zr5mEA355zuxu69+9AE1ABQAUAFABQAUAFABQAUAFAHOeMYNNuvCPim11i9bTdIufDmuQarqKNtew02bTLqO+vUYcq1ratLOrDoUz2oA5j4Oaf4a0r4VfD7TfButy+JPClj4T0W28Pa/NIZZdY0mGziSy1CSQ8u91CFlZj1LZ9aAPSqACgAoAKACgAoAKACgAoAKACgD8+f8Agm1/yRj4v/8AZ6n7bv8A6098S6AP0GoAKACgAoAKACgAoAKACgAoAKACgAoAKAP/1/7+KACgAoAKACgDxT9odPhw/wAJdfX4svqMfgM6x4FOqvpPm/bhqA8f+Fz4ZEXkq0nlt4qGirc7Rj7K0+4qm9qAPZbby/s1v5OfJ8mLys9fL2LsznnO3Gc0ATUAFABQAUAFABQAUAFABQAUAc54xn0218I+KrnWbJ9S0e38Oa5PqunRgs9/psOmXUl9ZIoIJe6tVlgUAgkuACMg0Acx8G7/AMM6p8Kfh7qPgzRJfDfhO98JaLc+HdAnRkm0fSJbKJrLT5UdmZXtYCkTBmYgryem4A7fU9a0bRIo59Z1bTNIhlcxxTanf2thFI4GSkcl1LCruByVVsgckHPy5Va9CglKvWpUYt2UqtSFNN9k5uKbt5/drzYYjFYXCRU8ViaGGjJ2jLEVqdGMn2TqSim/Ja+n2siLx14Hnljgg8ZeFZpppEihhi8Q6TJLLLIwSOOONb4s8juQqIoLMxAAJIFYLMcvk1GOOwcpSaSisTQbbeiSSm223okld9LnLHN8pnKMIZpl0pSajGMcbhnKUpOyjFKpdtvRJat6Lc6quw9EKACgAoAKACgAoAKACgD8+f8Agm1/yRj4v/8AZ6n7bv8A6098S6AP0GoAKACgAoAKACgAoAKACgAoAKACgAoAKAP/0P7+KACgAoAKACgDyH47eILPwt8MNb1vUPBj/EC1tdV8GQP4Vjt/tTX76j438OaZBdiDZJvGiT3kWvM2w+WumGX5dm6gD1i3YPBAwTyw0MbCPp5YKAhMcY2529O3agCagAoAKACgAoAKACgAoAKACgDE8TXN9Z+G/EF3penrq+p2uiatc6dpLruTU76CwuJbTT2Xnct7cLHbMuORJjnNAGB8MdS17Wfh54M1XxR4cj8IeI9Q8OaXd634Xij8qPQNSmtY3u9KSLA8tbOUtCFwMBcYGMUAfCn/AAV0tLZ/+Ce37RepmFBqWi6B4YvdI1BRsvdLu5PiB4RtZLiwukxPaSy2081vI8LqZIZXjfKMa/LvGeEf+IbcTVbL2tDD4SpRqLSpSm8ywUHKnNe9CThKUW46uMmnufhn0kqcH4L8bYjlXt8Lg8BVw1ZaVcPUlnOW05To1FadOTpznCTg1eMmne9pcnpuqfs4eKPD37PPw2ufgp4ms9a+IGueC9KsPFH/AAgd74aj0fWPDnhu98eQ6y3iVBGSz3fhRIFiklxfrdyA7k3rXHTrcL4rDcM5XPIcXCvmOIwNGli/7OnhfYV8NhqmYxrvFd+bBqNnf2im1/Mo+dQxHA+PwXBWR1OFMfSxWc4vKsPRzD+yK2BWFxOCwNXN44p45Rjq6mXKCjKb9sqjT05j9To0EaJGCSERUBPJIUAAk8ZOBzx+VfriVkl2SX3fd+X3H9BpWSXRJLXy0H0xhQAUAFABQAUAFABQB+fP/BNr/kjHxf8A+z1P23f/AFp74l0AfoNQAUAFABQAUAFABQAUAFABQAUAFABQAUAf/9H+/igAoAKACgAoA82+Ll38RLLwFqtz8KbOwv8AxymoeF10u11JUezewm8V6HD4leRZHjQvD4Xk1qe3JbK3MUTKHYKlAHosJkMMRmAEpjjMoHQSFRvA9g2cUASUAFABQAUAFABQAUAFABQAUAcf491m20Twj4guZPEejeFbyXR9Ut9I1nXdSstK0+01eWwuF06aW6v5oIAIbsxSsCx+VCcHkVjXxOHwsPaYmvRw9O9vaV6kKUL9uapKCv5XObFYzCYGk6+NxWHwlFOzq4qvToU79uerOEb+V7nO/BnW59Y+HHhEar4y8O+OfE9joOmWvinXvDWr6drGn3uux2sa39wlxps80AE04eRQNuQeAAMVOHxeFxcXPC4mhiYJ2c6FanWin2bpykk/Ju68/szhMfgcwg6uAxuExtNOzqYTEUcRBPs5UZzSfk3fulvL5z/4KJ/CT4ofH39kn4q/BP4R+G9P8QeLviPYaNpNq+q+IdP8O6dpceneKNB1+W8urm/yJlkh0mW3SKAeYJZEZsoDXxXiZk2bcR8G5vkOTYWnicbmlOhRi6uJpYalRVLF4bESnOVT4rxouKjHW7ufmfjZw3n/ABj4ccQ8K8OYKjjMyzyjhcPTeIxtHBUMPGhmGDxkqtSdZPnThh5QjGC5uaSbsrlbU9d/artPhP4f8KeEf2btFi8eaToOk6RpOv8AiL4qeCLzQ/DGsQ6X/Y0nicWttuvbx9Mgnurq2tbYLLdZNqzrHM5WKuI4vhk+HweD4XoRzGlh6NGjicTm+Anh8JXVL2LxahD95N0oynOEY6y+B6SkZ18Z4h0+HcFl2XcDYWOcYbB4fDYbG43iHKqmEwGKhh/qrzBU6adWo8PCdSpTp01zVP4cpRUmfbOmR3kOm6fFqEonv47K1S+nGMS3awoLmQYwNrzB2XAwAeMcV95SU1Spqo+aooQVSXefL7700s5XtY/VqEakaFGNaXNWjSpqrL+aooL2jW2jldrTbsXq0NQoAKACgAoAKACgAoA/Pn/gm1/yRj4v/wDZ6n7bv/rT3xLoA/QagAoAKACgAoAKAKeo6jYaRp99q2q3trp2maZZ3OoajqF7PHbWdjY2cL3F3eXdzMyRQW1tBHJNPNK6RxRIzuyqCaAIdG1jS/EOladrmiX9tqmj6taQX+majZyCa0vrK5jEtvdW0qkrJDNGyvG6khlYEEg5oA0qAPmn4r/tS/D/AOFXizV/Ac1j4i8XeM/DHwx1D4z+LfDvhLTjqd/4a+GWm3V/ZSeItRVXUCfUbnSdYi8P6Qv+na6+jaqtkD9jcsAe0eAfHXhX4neCvC3xD8D6xa+IPB/jTQtN8SeG9asnElrqej6tax3ljdwsM5SWCVWxnIPByQaAOuoAKACgD//S/s5/4bv/AGYf+h+vf/CN8af/ADPUAH/Dd/7MP/Q/Xv8A4RvjT/5nqAD/AIbv/Zh/6H69/wDCN8af/M9QAf8ADd/7MP8A0P17/wCEb40/+Z6gA/4bv/Zh/wCh+vf/AAjfGn/zPUAeW/Gj9tD9nzxP8OtY0Xw78cJvAGr3OpeE57fxVc+FPGdvDYQ6d4w0DUr+0aU6Cm063p9ndaFGNw3yaksfO7awB6bB+3b+zGkEKt8Qb2RlijVpB4O8aHzGCAF8/wDCPnO4jd1796AJf+G7/wBmH/ofr3/wjfGn/wAz1AB/w3f+zD/0P17/AOEb40/+Z6gA/wCG7/2Yf+h+vf8AwjfGn/zPUAH/AA3f+zD/AND9e/8AhG+NP/meoAP+G7/2Yf8Aofr3/wAI3xp/8z1AB/w3f+zD/wBD9e/+Eb40/wDmeoAP+G7/ANmH/ofr3/wjfGn/AMz1AB/w3f8Asw/9D9e/+Eb40/8AmeoAP+G7/wBmH/ofr3/wjfGn/wAz1AB/w3f+zD/0P17/AOEb40/+Z6gD+JP/AIKxf8FG7r9pn9o34p+Fz8Q9e0/4R+A9Z13wV4M8OW1tr2naYunaW8thP4gv9PMEAn1HUpYn1Bmv4jLaq6wKsYRi/wDDHirmHGHEnGONpRp1JZRlOPlhcuwCxdGnQqww1VRdWrR9t79TEzg5P2kOaKkopLY/y18ec48Q+NPEbM8PCnWlw/kObSwGT5THHYelhq1PB4hQdavh/rCc62NqU+eXtYuUFNQS0seRf8E1/wDgoRqH7JHxu+E03hn4j67qHw91jXfDXhPxv4emh1q70jXvDer39rp13fjTvIkgGpWS3H9o2lxbItw8sAhLOsmK87gXH8Z8McY4XGUqE8PgsdmVOjmeWfW6MsO8Piq8YVEqLq2VSjz89OUYRm3DlejPI8LM48SOCPEbBZhQw1TCZZmmdUsLneRrH4Z4P6pjsVGlWjDDOvaNbC+09rSlGmp81NQatJqX940X7eX7MMsUcg8e3wEiI4B8HeM8gOobBx4fIyM4OCR6E9a/vdO6T6NJ6+ep/rBF80VLuk/vVx//AA3f+zD/AND9e/8AhG+NP/mepjD/AIbv/Zh/6H69/wDCN8af/M9QAf8ADd/7MP8A0P17/wCEb40/+Z6gA/4bv/Zh/wCh+vf/AAjfGn/zPUAH/Dd/7MP/AEP17/4RvjT/AOZ6gA/4bv8A2Yf+h+vf/CN8af8AzPUAH/Dd/wCzD/0P17/4RvjT/wCZ6gA/4bv/AGYf+h+vf/CN8af/ADPUAH/Dd/7MP/Q/Xv8A4RvjT/5nqAD/AIbv/Zh/6H69/wDCN8af/M9QB+XP7D3/AAU9/Yz+Fnw7+L/hPxp8SdZ07Wx+19+2Frf2e3+HXxD1OI6b4i/aJ+IOtaTOLrTvDF1bFrjTr23meHzjNAzmGdEmV0QA+zf+Hwf7A/8A0VjxB/4ar4o//MhQAf8AD4P9gf8A6Kx4g/8ADVfFH/5kKAD/AIfB/sD/APRWPEH/AIar4o//ADIUAH/D4P8AYH/6Kx4g/wDDVfFH/wCZCgA/4fB/sD/9FY8Qf+Gq+KP/AMyFAH3D8FPjX8Ov2hPh5pHxT+FWs3OveCtcudVtNN1O70fV9Cnmn0XUrrSdRRtN1yy0/UYRDfWlxErTWsayqgkhLxMjsAeW/t0+FL7xz+xR+134Q0rTLvWtY8Rfsz/HLS9D0nT/ALR9v1HXrn4Z+JV0OzsltHjuJLufVvsaW8UbZmmKxFXV2RgDwb9mKG11j/gmr8MtO+Ddt48l1EfBLQNO0+x8GeIZPA/j9PFVvYWcWt2eieI/H1reReH9Zg1VL2L7TqtpLZWxSWKGIRGOgD59/Z++Hn7WmlfGTwDqHjfw5+3raeFLXWJJNauPiX+178D/AB14EitTp96it4k8JeHfBthret2PntCFtNPvLeZbk285fyoXVgDd8aW958Cv+Cgn7Ynxd8f6fq174E+OH7Enwssfhxe2ul32qwah4g+Dt/8AFuDxl8O7VbO2uNmsXI8U+H9WsrCTYdQPiMmEuYpxEAfUH/BM/wCD/jX4CfsG/st/CX4jRz2vjfwb8I/C+n+JNOuJPNk0fU3s1uZ9FEgJDJpRnFjGRgbIQMcUAfc9ABQAUAf/0/7+KACgAoAKACgDxX9obTvAOq/CbX7H4n6rdaJ4Ll1jwLJqWpWTMlzDfW3j/wAL3Xh2JGRWYLeeJYdIspcDmG4kBKglqAPY7YRi2txES0QgiETHq0YjUIT7lcGgCegAoAKACgAoAKACgAoAKACgD+Vz/grB/wAEefiP46+I/wAQ/wBpL9nq103xBo3jGDVfFPxG8CXF9Hp+rWGq/YpbrxDq+jPOEhvrXVCk941mjLPbXEsqLmII9fyh4peCedZjxDX4m4SVGu8fiI4rGYGpUjSqUcY5KVTEUZS92pTq1F7SULXg218KvL+BvHX6M3EuccX4rjfw/jh8U81xcMfmOV1a0aNfD5i5qdbF4dzShWo1qq9rKndShKUkkopM8b/4JY/8Ea/iZqXjH4R/H344WGn+EvhV4WOgeOPB3hJr2O/8QeKLqxEGpeGzeww7k03TrS7jtr24W4bzbowRwopjeQL5/AHgdxFLiahn/GCoYbDYHGrHRwsKkatbHYulU9pSlJR92nQjVSqSv70+VRSScnLyPCX6L/GM+NcLxZ4ixwuCweWZks0jgadaNfE5nj6FX22HlJUnyUMNDERjWkpe9U5IxtyuaP7BgAoCgAAAAAdABwAOnAHt+Vf1+f6IJW0WiWiS6C0AFABQAUAFABQAUAFABQAUAfnz/wAE2v8AkjHxf/7PU/bd/wDWnviXQB+g1ABQAUAFABQAUAFACKoUBVAVQMBVAAA9ABgAfh+VAC0AMeOOTZ5iI/luJE3qG2OAQHTIO1wGYBhggEjPNAD6ACgAoAKAP//U/v4oAKACgAoAKAPG/j7rnhjw58LNd1fxj4PufHnh631bwTDd+F7SPzbi+ub/AMd+GtP0q7RMjK6Lq91Ya5Kc/LFprsM7RQB69bsrW8DIhjRoYmSM9Y1KKVQ+6jC/hQBNQAUAFABQAUAFABQAUAFABQBheKLuXT/DPiK/g01dZnstC1e7h0d0Ei6rLbafcTR6a0ZVg63zoLUoVYMJcFTnDAHP/C3V7vX/AIceCdbv/DMfgy91Xw1pN9deE4YVt4vDs9xaRSSaRHAscSxLYsxgEYiQKFxsXGFAO9oAKACgAoAKACgAoAKACgAoAKAPz5/4Jtf8kY+L/wD2ep+27/6098S6AP0GoAKACgAoAKACgAoAKACgAoAKACgAoAKAP//V/v4oAKACgAoAKAPMvjBqnjbRvh/q2o/Dvw9b+KfFsOo+Fo9P0O6jEsN1Z3fi3QrPXZ2Q4BbTfD9xqmpxn+GWzRhkqBQB6RAXaGFpF2SGKMyIOiOUBdR/utkfhQBLQAUAFABQAUAFABQAUAFABQBjeI11hvD2ur4eMK6+2jaouhtcFRAusGynGmGcthRCL3yDIWO0JnOBmgDE+HEfjOLwF4Qj+Ij2cnjtPD+mL4tfT2jeybXxbR/2kbVosxNAbnf5ZjOwryMjFAHaUAFABQAUAFABQAUAFABQAUAFAH58/wDBNr/kjHxf/wCz1P23f/WnviXQB+g1ABQAUAFABQAUAFABQAUAFABQAUAFABQB/9b+/igAoAKACgAoA8x+MWk+Mtb+Hur6b8P/ABTB4L8VTaj4VlsPEdzIkUNnaWfi7Qr3W7ZndJFDavoNvqejRgr80moIoKEh6APSYA6wwrI/mSCKMO4/jcIAz/8AAmyfxoAloAKACgAoAKACgAoAKACgAoAwPFdp9v8AC/iSx/tI6N9t0DWLT+1w/lnSvtOnXMP9pCTK+WbHf9q37l2+VuyMZoA534UaQPD/AMNPAuiDxKfGQ0rwxpFj/wAJW0xuT4h+z2kUf9rGcvIZje487zC7bt2dxyTQB6DQAUAFABQAUAFABQAUAFABQAUAfnz/AME2v+SMfF//ALPU/bd/9ae+JdAH6DUAFABQAUAFABQAUAFABQAUAFABQAUAFAH/1/7+KACgAoAKACgDzv4q/Dy0+KvgbU/A99quo6Jbanf+Gr99S0ptl9C3hvxRo3ieGKJtyYjvJ9Gjsrn5hm1uJhznawB6BDGIYoogSwijSMM3VgihQT7nGT70ASUAFABQAUAFABQAUAFABQAUAc14zGjt4P8AFa+IjMvh8+GtdGutb7vPXRzpd0NTMG0FvOFl55j2gtvxgE4FAHL/AAXTwZH8Jvh0nw6e8k8CL4R0QeEpNQLm+fQBZRf2a12ZFWT7QbbYZN6q27O4Z+6Aem0AFABQAUAFABQAUAFABQAUAFAHxH+wVoNv4d+FfxVsbaaSaOf9rj9r/VGeUAMJdV/aI+IN/KgC8bI5LhkTvtAzzQB9uUAFABQAUAFABQAUAFABQAUAFABQAUAFAH//0P7+KACgAoAKACgAoAKACgAoAKACgAoAKACgAoAKACgDn/Ft3FYeFfE19Ppx1iGy8P6zdzaQqeYdVittNuZpNOCYO83yIbYJg7jLjBzigDm/hHq9rr/ww8B63Y+Gm8HWeq+FtHvrbwq8P2d/D8NxZxyR6S0G1fKNkrCEx7V27cY/ugHolABQAUAFABQAUAFABQAUAFABQB8nfsdabqOlfD74kwanY3enzT/tNftPahBFeW8ttJNY6h8cPG15YXkaSqjPbXtpNFc2s6r5c8EiSxFkZXYA+saACgAoAKACgAoAKACgAoAKACgAoAKACgD/0f7+KACgAoAKACgAoAKACgAoAKACgAoAKACgAoA5LWPH3gTw9qL6Rr/jXwloerRaXPrkml6x4j0fTNRj0S1cR3OsPZXt5BcppdvI6pPqDR/ZIXYLJKpYUAdNbXNte28F3Z3EF3aXMST211bSxz29xDIoeOaCaJnjlikUhkkjdkZSCpINAE9AHxx8Vv2sl8I/FTxz8F/h54JuviP4/wDhd8EF+P3xA0631K202DSfCV9feIrDwt4etpZ+Z/FnjSbwl4lOiQMPsltHpiSagUS/tWYA2x+0re/EH9mTwX+0P+zZ8PNR+ONx8T/D/hTxB8OvBttrOm+Fjqtp4nEFy02teINXcab4ftNJ043c99d3mUFzbxWSJ511HQB86eCf2/PG+naD+1trn7SfwHtvgVB+ydoHhrUvEM8HxQ8LePNJ1zW/FHhqDxPpnhhNZ0JRZ6XqkljrHhVWF58kTeI7QysqpJtAPcv2OP2ifiX+0x4J1H4h+Mvhh4L+Hvha7mtB4IvfBvxk8H/GO28UWUkPnXV9PqfguSXT9He2d47V9Mu3W/juI5zNGqeWKAPsWgAoAKACgAoAKAPKPjj8YvDXwA+FHjj4yeMtK8Xax4T+Hmg33ibxJa+BvDd74t8SRaJpkL3Op31loGnFb2/j0+zjmvLpbfdIltDLIFbbtYA5z4CftG/Dv9pPQNR8W/C1PEt/4RsryKysvFWqaBc6V4f8SSNbRzXEvhfUZneLW7bT5nfT9QuLbEVvqNvcWuXaIvQB4nr3/BSr9iDwxrWq+Hdd+PmhafrOiX91pmqWMnhrx7K9pf2UzwXNu8lv4UlgdopUZC8UrxsVyrsMFgD7Mivk8Q6BHqPhzUo0j1nTEutG1b7K08aJe2/mWV+LO48hplRZEnFtP5W/Ajl2gtQB8Q/8E0Pjp8S/2jf2RfBPxW+Luq6brXjzWfFHxK0zVtR0jSYtD0+eLw38QPEOg6d9m0uGWeO0RLDT7dPLWaTlSS3NAH3xQAUAFABQAUAFABQAUAFABQAUAFAH/9L+/igAoAKACgAoAKACgAoAKACgAoAKACgAoAKAPxL/AOCp37Pvjv4yeMPh98S/gx8CNU8bfEz9mPS4PiLrN8+iRiw+P3w31TxNop8Vfst6beHEfiC88SWfh4+J5LO+YWulavo3hq1YPZeINTRgD7q+NngPW/2if2XdI8P+FfhVollqPiCy8K6tB8MPi9q/j34V2vh2KCFZZdI1i4+GF9Y+J9H1DRw/2aOwsrn7GzxskyNGFFAHzN+x/wDsZ/En4IfGGDxx4n+EHwE8GaXH4d1jS21r4e/G79pXx34iWe+ksXitk0H4oa3f+Fms5hbubi7e3N9A0cS2rqss1AGh4z+F/wATPg/+25+1L+0H4e+H3iv4leFv2h/2Q/h/4Q0GLwrYf2nNpHxQ+DN58R7eLwvq0bSxjT7HxZpvjLw7PpV6wNu1zDrhlwbZt4B6b+wV8O/FH7KP7P37N37Inifwd4v1PWPh9+z7o2qeKPiNpunfavh9D4qtbp7XV/BsOrGUSLr5uWlvrDTPI2tpjROJBwigGN8DNA1b4cfsyeOfiX8dPgl4y8d+N/j/APEzxH8Vvid8INM8E23j7xdbRfEHxaqeGvB+qeE5zJbapb/DXwgvh/Q7mOZpUtNN8OrIAfIRaAKf7Cv7Ltj+z/8AFf8Aa28XfDrwLf8Awc+Anxk8c+CfFHw4+D11ZyaJa6Hr9j4B0PTfiN4p07wiZZYfCFt4q8Vw3sr6RbCG3uZ7WXWIYEj1FQoB+ldABQAUAFABQAUAeXfGXw/4/wDFfw58Q+GPhpqvhzQvE3iGGDRW1jxRb3l3YaboOp3MVn4lu7S1s4bg3GtxaDLqB0KK7ifTm1b7IdQBsxKKAPlX9hX9k/4hfsaaX8TPg3D4x8L+I/2bYfG2o+Jf2d/D8Uetf8Jx8N/DviRv7U13wNr95dxLpWo6LpviG41G48MTWcr3FrpV1Dp9wCLRHYAn8QfsQ+Itd1zVtZj/AGz/ANsHRI9U1C6v00fRviB4Wt9J0xbqZ5VsdOgl8FTSQ2VsG8q3jkmldIlUNIxG5gD7ZgsdR0vw9Fp2n3rapqlhpS2lnf8AiCZ5Gvr23tvLgutYns4kkczzKsl5JbQq53SNFGCVWgD46/4J6fs2fEb9kv8AZo8PfBH4neIvBXirxBoHifx3rKa34Eh1230e5svF3i7V/E9vE0HiCKG9jurQaobWbaGicxB0Y7sKAfcFABQAUAFABQAUAFABQAUAFABQAUAf/9P+/igAoAKACgAoAKACgAoAKACgAoAKACgAoAKACgAoAKACgAoAKACgAoAKACgAoAKACgAoAKACgAoAKACgAoAKACgAoAKACgAoAKACgAoAKAP/1P7+KACgAoAKACgAoAKACgAoAKACgAoAKACgAoAKACgAoAKACgAoAKACgAoAKACgAoAKACgAoAKACgAoAKACgAoAKACgAoAKACgAoAKACgAoA//Z</file>
    </generalfeedback>
    <defaultgrade>4.0000000</defaultgrade>
    <penalty>0.0000000</penalty>
    <hidden>0</hidden>
    <idnumber></idnumber>
    <correctfeedback format="html">
      <text>Vaše odpověď je správná.</text>
    </correctfeedback>
    <partiallycorrectfeedback format="html">
      <text>Vaše odpověď je částečně správná.</text>
    </partiallycorrectfeedback>
    <incorrectfeedback format="html">
      <text>Vaše odpověď je chybná.</text>
    </incorrectfeedback>
    <shownumcorrect/>
<varsrandom><text></text>
</varsrandom>
<varsglobal><text><![CDATA[c=sqrt(2);c2=2;  f = "xt"; a=0;b=1; phi="2x+1"; psi="x-1"; alpha="\\frac{1}{1+t}"; beta = "3";h=0.25; tau = 0.1; tau2=2*tau;
sigma = c*tau/h; sigma2 = sigma*sigma;
x = [a, a+h, a+2*h, a+3*h, b];
u0 = [1+2*x[0], 1+2*x[1], 1+2*x[2], 1+2*x[3], 1+2*x[4]];
u1 =[1/(1+tau), u0[1]+tau*(x[1]-1), u0[2]+tau*(x[2]-1) , u0[3]+tau*(x[3]-1) , 3];
u2=[1/(1+tau2),   sigma2*(u1[0] + u1[2]) + 2*(1-sigma2)*u1[1]  -u0[1] + tau*tau*tau*x[1],  sigma2*(u1[1] + u1[3]) + 2*(1-sigma2)*u1[2]  -u0[2] + tau*tau*tau*x[2],  sigma2*(u1[2] + u1[4]) + 2*(1-sigma2)*u1[3]  -u0[3] + tau*tau*tau*x[3],  3];

]]></text>
</varsglobal>
<answernumbering><text>abc</text>
</answernumbering>
<answers>
 <partindex>
  <text>0</text>
 </partindex>
 <placeholder>
  <text></text>
 </placeholder>
 <answermark>
  <text>1</text>
 </answermark>
 <answertype>
  <text>10</text>
 </answertype>
 <numbox>
  <text>5</text>
 </numbox>
 <vars1>
  <text></text>
 </vars1>
 <answer>
  <text>u0</text>
 </answer>
 <vars2>
  <text></text>
 </vars2>
 <correctness>
  <text><![CDATA[_relerr < 0.01]]></text>
 </correctness>
 <unitpenalty>
  <text>1</text>
 </unitpenalty>
 <postunit>
  <text></text>
 </postunit>
 <ruleid>
  <text>1</text>
 </ruleid>
 <otherrule>
  <text></text>
 </otherrule>
 <subqtext format="html">
<text><![CDATA[<p>Určete hodnoty \(u\) v bodech nulté časové vrstvy:</p><p>\(u({x[0]}, 0) =\) {_0}</p><p>\(u({x[1]}, 0) = \){_1}<br></p><p> \(u({x[2]}, 0) = \){_2} <br></p><p>\(u({x[3]}, 0) = \){_3}</p><p>\(u({x[4]}, 0) = \){_4}<br></p><p><br></p><p><br></p>]]></text>
 </subqtext>
 <feedback format="html">
<text></text>
 </feedback>
 <correctfeedback format="html">
<text></text>
 </correctfeedback>
 <partiallycorrectfeedback format="html">
<text></text>
 </partiallycorrectfeedback>
 <incorrectfeedback format="html">
<text></text>
 </incorrectfeedback>
</answers>
<answers>
 <partindex>
  <text>1</text>
 </partindex>
 <placeholder>
  <text></text>
 </placeholder>
 <answermark>
  <text>1</text>
 </answermark>
 <answertype>
  <text>10</text>
 </answertype>
 <numbox>
  <text>5</text>
 </numbox>
 <vars1>
  <text></text>
 </vars1>
 <answer>
  <text>u1</text>
 </answer>
 <vars2>
  <text></text>
 </vars2>
 <correctness>
  <text><![CDATA[_relerr < 0.01]]></text>
 </correctness>
 <unitpenalty>
  <text>1</text>
 </unitpenalty>
 <postunit>
  <text></text>
 </postunit>
 <ruleid>
  <text>1</text>
 </ruleid>
 <otherrule>
  <text></text>
 </otherrule>
 <subqtext format="html">
<text><![CDATA[<p>Určete přibližné hodnoty \(U_i^1\) v bodech první časové vrstvy .</p><p></p><p>\(U({x[0]}, {tau}) =\) {_0}</p><p>\(U({x[1]}, {tau}) = \){_1}<br></p><p> \(U({x[2]}, {tau}) = \){_2} <br></p><p></p><p>\(U({x[3]}, {tau}) = \){_3}<br></p><p> \(U({x[4]}, {tau}) = \){_4} </p><br><p></p><p></p><p><br></p>]]></text>
 </subqtext>
 <feedback format="html">
<text></text>
 </feedback>
 <correctfeedback format="html">
<text></text>
 </correctfeedback>
 <partiallycorrectfeedback format="html">
<text></text>
 </partiallycorrectfeedback>
 <incorrectfeedback format="html">
<text></text>
 </incorrectfeedback>
</answers>
<answers>
 <partindex>
  <text>2</text>
 </partindex>
 <placeholder>
  <text></text>
 </placeholder>
 <answermark>
  <text>1</text>
 </answermark>
 <answertype>
  <text>10</text>
 </answertype>
 <numbox>
  <text>2</text>
 </numbox>
 <vars1>
  <text></text>
 </vars1>
 <answer>
  <text>[sigma, sigma2]</text>
 </answer>
 <vars2>
  <text></text>
 </vars2>
 <correctness>
  <text><![CDATA[_relerr < 0.01]]></text>
 </correctness>
 <unitpenalty>
  <text>1</text>
 </unitpenalty>
 <postunit>
  <text></text>
 </postunit>
 <ruleid>
  <text>1</text>
 </ruleid>
 <otherrule>
  <text></text>
 </otherrule>
 <subqtext format="html">
<text><![CDATA[<p>Určete \(\displaystyle \sigma = \frac{c\tau}{\ h}\) {_0}&nbsp; a \(\sigma^2 = \frac{c^2\tau^2}{{h^2}}\)={_1}.<br></p>]]></text>
 </subqtext>
 <feedback format="html">
<text></text>
 </feedback>
 <correctfeedback format="html">
<text></text>
 </correctfeedback>
 <partiallycorrectfeedback format="html">
<text></text>
 </partiallycorrectfeedback>
 <incorrectfeedback format="html">
<text></text>
 </incorrectfeedback>
</answers>
<answers>
 <partindex>
  <text>3</text>
 </partindex>
 <placeholder>
  <text></text>
 </placeholder>
 <answermark>
  <text>1</text>
 </answermark>
 <answertype>
  <text>10</text>
 </answertype>
 <numbox>
  <text>1</text>
 </numbox>
 <vars1>
  <text></text>
 </vars1>
 <answer>
  <text>u2[3]</text>
 </answer>
 <vars2>
  <text></text>
 </vars2>
 <correctness>
  <text><![CDATA[_relerr < 0.01]]></text>
 </correctness>
 <unitpenalty>
  <text>1</text>
 </unitpenalty>
 <postunit>
  <text></text>
 </postunit>
 <ruleid>
  <text>1</text>
 </ruleid>
 <otherrule>
  <text></text>
 </otherrule>
 <subqtext format="html">
<text><![CDATA[<p></p><p>Určete přibližnou hodnotu \(U({x[3]},{tau2})\)&nbsp; explicitní metodou.</p><p></p><p>\(U({x[3]}, {tau2}) =\) {_0}</p><p></p>]]></text>
 </subqtext>
 <feedback format="html">
<text></text>
 </feedback>
 <correctfeedback format="html">
<text></text>
 </correctfeedback>
 <partiallycorrectfeedback format="html">
<text></text>
 </partiallycorrectfeedback>
 <incorrectfeedback format="html">
<text></text>
 </incorrectfeedback>
</answers>
  </question>

<!-- question: 140173  -->
  <question type="formulas">
    <name>
      <text>vlna 7</text>
    </name>
    <questiontext format="html">
      <text><![CDATA[<p>Je dána smíšená úloha pro vlnovou rovnici</p><p>$$
\frac{\partial^{2} u}{\partial t^{2}}={c2}\frac{\partial^{2} u}{\partial x^{2}}+{f}\quad \mbox{ v oblasti&nbsp; }\Omega=\{[x,t]:x\in({a},\ {b}),\ t&gt;0\},$$ s počátečními a okrajovými podmínkami</p><p>
$$\left.
\begin{array}{rcl}
u(x,0) &amp;=&amp; {phi} \\
\frac{\partial u}{\partial t}(x,0) &amp;=&amp; {psi}
\end{array}
\right\} x \in \langle {a},\ {b} \rangle, \quad&nbsp; \left.
\begin{array}{rcl}
u({a},\ t) &amp;=&amp;{alpha} \\ u({b},\ t) &amp;=&amp; {beta}
\end{array}
\right\} t \in \langle 0,\ \infty ) $$</p><p>Jsou zadané kroky: prostorový \(h = {h}\) a časový \(\tau = {tau}\)<br></p>]]></text>
    </questiontext>
    <generalfeedback format="html">
      <text><![CDATA[<p>Hodnoty v nulté časové vrstvě \(U_i^0\) počítáme z počáteční podmínky pro polohu: \(U_i^0 = \varphi(x_i)\).</p><p>Hodnoty v první časové vrstvě \(U_i^1\) lze počítat z počátečních podmínek pro polohu a pro rychlost: \(U_i^1 = \varphi(x_i) + \tau\psi(x_i)\), v krajních bodech [{x[0]},{tau}] a&nbsp;[{x[4]},{tau}] z okrajových podmínek.</p><p>Hodnotu v bodě [{x[2]}, {tau2}]&nbsp; druhé časové vrstvy počítáme:<br></p><p>$$U_2^{2} = {sigma2} U({x[1]}, {tau}) +2 \left( 1-{sigma2}\right)U({x[2]},{tau}) +{sigma2}U({x[3]},{tau}) - U({x[2]},{0}) + {tau}^{2} f({x[2]},{tau})$$</p><p><img src="@@PLUGINFILE@@/vlna7_moodle.jpg" alt="" role="presentation" class="img-responsive atto_image_button_right" width="250" height="125"><br></p>]]></text>
<file name="vlna4_moodle.jpg" path="/" encoding="base64">/9j/4AAQSkZJRgABAQAASABIAAD/4QBMRXhpZgAATU0AKgAAAAgAAgESAAMAAAABAAEAAIdpAAQAAAABAAAAJgAAAAAAAqACAAQAAAABAAACKKADAAQAAAABAAABYAAAAAD/4QkhaHR0cDovL25zLmFkb2JlLmNvbS94YXAvMS4wLwA8P3hwYWNrZXQgYmVnaW49Iu+7vyIgaWQ9Ilc1TTBNcENlaGlIenJlU3pOVGN6a2M5ZCI/PiA8eDp4bXBtZXRhIHhtbG5zOng9ImFkb2JlOm5zOm1ldGEvIiB4OnhtcHRrPSJYTVAgQ29yZSA1LjQuMCI+IDxyZGY6UkRGIHhtbG5zOnJkZj0iaHR0cDovL3d3dy53My5vcmcvMTk5OS8wMi8yMi1yZGYtc3ludGF4LW5zIyI+IDxyZGY6RGVzY3JpcHRpb24gcmRmOmFib3V0PSIiLz4gPC9yZGY6UkRGPiA8L3g6eG1wbWV0YT4gICAgICAgICAgICAgICAgICAgICAgICAgICAgICAgICAgICAgICAgICAgICAgICAgICAgICAgICAgICAgICAgICAgICAgICAgICAgICAgICAgICAgICAgICAgICAgICAgICAgICAgICAgICAgICAgICAgICAgICAgICAgICAgICAgICAgICAgICAgICAgICAgICAgICAgICAgICAgICAgICAgICAgICAgICAgICAgICAgICAgICAgICAgICAgICAgICAgICAgICAgICAgICAgICAgICAgICAgICAgICAgICAgICAgICAgICAgICAgICAgICAgICAgICAgICAgICAgICAgICAgICAgICAgICAgICAgICAgICAgICAgICAgICAgICAgICAgICAgICAgICAgICAgICAgICAgICAgICAgICAgICAgICAgICAgICAgICAgICAgICAgICAgICAgICAgICAgICAgICAgICAgICAgICAgICAgICAgICAgICAgICAgICAgICAgICAgICAgICAgICAgICAgICAgICAgICAgICAgICAgICAgICAgICAgICAgICAgICAgICAgICAgICAgICAgICAgICAgICAgICAgICAgICAgICAgICAgICAgICAgICAgICAgICAgICAgICAgICAgICAgICAgICAgICAgICAgICAgICAgICAgICAgICAgICAgICAgICAgICAgICAgICAgICAgICAgICAgICAgICAgICAgICAgICAgICAgICAgICAgICAgICAgICAgICAgICAgICAgICAgICAgICAgICAgICAgICAgICAgICAgICAgICAgICAgICAgICAgICAgICAgICAgICAgICAgICAgICAgICAgICAgICAgICAgICAgICAgICAgICAgICAgICAgICAgICAgICAgICAgICAgICAgICAgICAgICAgICAgICAgICAgICAgICAgICAgICAgICAgICAgICAgICAgICAgICAgICAgICAgICAgICAgICAgICAgICAgICAgICAgICAgICAgICAgICAgICAgICAgICAgICAgICAgICAgICAgICAgICAgICAgICAgICAgICAgICAgICAgICAgICAgICAgICAgICAgICAgICAgICAgICAgICAgICAgICAgICAgICAgICAgICAgICAgICAgICAgICAgICAgICAgICAgICAgICAgICAgICAgICAgICAgICAgICAgICAgICAgICAgICAgICAgICAgICAgICAgICAgICAgICAgICAgICAgICAgICAgICAgICAgICAgICAgICAgICAgICAgICAgICAgICAgICAgICAgICAgICAgICAgICAgICAgICAgICAgICAgICAgICAgICAgICAgICAgICAgICAgICAgICAgICAgICAgICAgICAgICAgICAgICAgICAgICAgICAgICAgICAgICAgICAgICAgICAgICAgICAgICAgICAgICAgICAgICAgICAgICAgICAgICAgICAgICAgICAgICAgICAgICAgICAgICAgICAgICAgICAgICAgICAgICAgICAgICAgICAgICAgICAgICAgICAgICAgICAgICAgICAgICAgICAgICAgICAgICAgICAgICAgICAgICAgICAgICAgICAgICAgICAgICAgICAgICAgICAgICAgICAgICAgICAgICAgICAgICAgICAgICAgICAgICAgICAgICAgICAgICAgICAgICAgICAgICAgICAgICAgICAgICAgICAgICAgICAgICAgICAgICAgICAgICAgICAgICAgICAgICAgICAgICAgICAgICAgICAgICAgICAgICAgICAgICAgICAgICAgICAgICAgICAgICAgICAgICAgICAgICAgICAgICAgICAgICAgICAgICAgICAgICAgICAgICAgICAgICAgICAgICAgICAgICAgICAgICAgICAgICAgICAgICAgICAgICAgICAgICAgICAgICAgICAgICAgICAgICAgICAgICAgICAgICAgICAgICAgICAgICAgICAgICAgICAgICAgICAgICAgICAgICAgICAgICAgICAgICAgICAgICAgICAgICAgICAgICAgICAgICAgICAgICAgICAgICAgICAgICAgICAgICAgICAgICAgICAgICAgICAgICAgICAgICAgICAgICAgICAgICAgICAgICAgICAgICAgICAgICAgICAgICAgICAgICAgICAgICAgICAgICAgICAgICAgICAgICAgICAgICAgICAgICAgICAgICAgICAgICAgICAgICAgICAgICAgICAgICAgICAgICAgICAgICAgICAgICAgICAgICAgICAgICAgICAgICAgICAgICAgICAgICAgICAgICAgICAgICAgICAgICAgICAgICAgICAgICAgICAgICAgICAgICAgICAgICAgICAgICAgICAgICAgICAgICAgICAgICAgICAgICAgICAgICAgICAgICAgICAgICAgICAgICAgICAgICAgICAgICAgICAgICAgICAgICAgICAgICAgICAgICAgICAgICAgICAgICAgICAgICAgICAgICAgICAgICAgICAgICAgICAgICAgICAgICAgICAgICAgICAgICAgICAgICAgICAgICAgICAgICAgICAgICAgICAgICA8P3hwYWNrZXQgZW5kPSJ3Ij8+AP/tADhQaG90b3Nob3AgMy4wADhCSU0EBAAAAAAAADhCSU0EJQAAAAAAENQdjNmPALIE6YAJmOz4Qn7/4htESUNDX1BST0ZJTEUAAQEAABs0YXBwbAIQAABtbnRyUkdCIFhZWiAH5AABAAEACAAyADRhY3NwQVBQTAAAAABBUFBMAAAAAAAAAAAAAAAAAAAAAAAA9tYAAQAAAADTLWFwcGwAAAAAAAAAAAAAAAAAAAAAAAAAAAAAAAAAAAAAAAAAAAAAAAAAAAAAAAAAAAAAABFkZXNjAAABUAAAAGJkc2NtAAABtAAABDZjcHJ0AAAF7AAAACN3dHB0AAAGEAAAABRyWFlaAAAGJAAAABRnWFlaAAAGOAAAABRiWFlaAAAGTAAAABRyVFJDAAAGYAAACAxhYXJnAAAObAAAACB2Y2d0AAAOjAAABhJuZGluAAAUoAAABj5jaGFkAAAa4AAAACxtbW9kAAAbDAAAAChiVFJDAAAGYAAACAxnVFJDAAAGYAAACAxhYWJnAAAObAAAACBhYWdnAAAObAAAACBkZXNjAAAAAAAAAAhEaXNwbGF5AAAAAAAAAAAAAAAAAAAAAAAAAAAAAAAAAAAAAAAAAAAAAAAAAAAAAAAAAAAAAAAAAAAAAAAAAAAAAAAAAAAAAAAAAAAAAAAAAAAAAAAAAAAAbWx1YwAAAAAAAAAjAAAADGhySFIAAAAUAAABtGtvS1IAAAAMAAAByG5iTk8AAAASAAAB1GlkAAAAAAASAAAB5mh1SFUAAAAUAAAB+GNzQ1oAAAAWAAACDGRhREsAAAAcAAACIm5sTkwAAAAWAAACPmZpRkkAAAAQAAACVGl0SVQAAAAUAAACZHJvUk8AAAASAAACeGVzRVMAAAASAAACeGFyAAAAAAAUAAACinVrVUEAAAAcAAACnmhlSUwAAAAWAAACunpoVFcAAAAMAAAC0HZpVk4AAAAOAAAC3HNrU0sAAAAWAAAC6npoQ04AAAAMAAAC0HJ1UlUAAAAkAAADAGZyRlIAAAAWAAADJG1zAAAAAAASAAADOmhpSU4AAAASAAADTHRoVEgAAAAMAAADXmNhRVMAAAAYAAADamVzWEwAAAASAAACeGRlREUAAAAQAAADgmVuVVMAAAASAAADknB0QlIAAAAYAAADpHBsUEwAAAASAAADvGVsR1IAAAAiAAADznN2U0UAAAAQAAAD8HRyVFIAAAAUAAAEAHB0UFQAAAAWAAAEFGphSlAAAAAMAAAEKgBMAEMARAAgAHUAIABiAG8AagBpzuy37AAgAEwAQwBEAEYAYQByAGcAZQAtAEwAQwBEAEwAQwBEACAAVwBhAHIAbgBhAFMAegDtAG4AZQBzACAATABDAEQAQgBhAHIAZQB2AG4A/QAgAEwAQwBEAEwAQwBEAC0AZgBhAHIAdgBlAHMAawDmAHIAbQBLAGwAZQB1AHIAZQBuAC0ATABDAEQAVgDkAHIAaQAtAEwAQwBEAEwAQwBEACAAYwBvAGwAbwByAGkATABDAEQAIABjAG8AbABvAHIgDwBMAEMARAAgBkUGRAZIBkYGKQQaBD4EOwRMBD4EQAQ+BDIEOAQ5ACAATABDAEQgDwBMAEMARAAgBeYF0QXiBdUF4AXZX2mCcgAgAEwAQwBEAEwAQwBEACAATQDgAHUARgBhAHIAZQBiAG4A/QAgAEwAQwBEBCYEMgQ1BEIEPQQ+BDkAIAQWBBoALQQ0BDgEQQQ/BDsENQQ5AEwAQwBEACAAYwBvAHUAbABlAHUAcgBXAGEAcgBuAGEAIABMAEMARAkwCQIJFwlACSgAIABMAEMARABMAEMARAAgDioONQBMAEMARAAgAGUAbgAgAGMAbwBsAG8AcgBGAGEAcgBiAC0ATABDAEQAQwBvAGwAbwByACAATABDAEQATABDAEQAIABDAG8AbABvAHIAaQBkAG8ASwBvAGwAbwByACAATABDAEQDiAOzA8cDwQPJA7wDtwAgA78DuAPMA70DtwAgAEwAQwBEAEYA5AByAGcALQBMAEMARABSAGUAbgBrAGwAaQAgAEwAQwBEAEwAQwBEACAAYQAgAEMAbwByAGUAczCrMOkw/ABMAEMARAAAdGV4dAAAAABDb3B5cmlnaHQgQXBwbGUgSW5jLiwgMjAyMAAAWFlaIAAAAAAAAPNSAAEAAAABFs9YWVogAAAAAAAAYWwAADgyAAAKQlhZWiAAAAAAAABvHAAArpUAABaZWFlaIAAAAAAAACZOAAAZOQAAslJjdXJ2AAAAAAAABAAAAAAFAAoADwAUABkAHgAjACgALQAyADYAOwBAAEUASgBPAFQAWQBeAGMAaABtAHIAdwB8AIEAhgCLAJAAlQCaAJ8AowCoAK0AsgC3ALwAwQDGAMsA0ADVANsA4ADlAOsA8AD2APsBAQEHAQ0BEwEZAR8BJQErATIBOAE+AUUBTAFSAVkBYAFnAW4BdQF8AYMBiwGSAZoBoQGpAbEBuQHBAckB0QHZAeEB6QHyAfoCAwIMAhQCHQImAi8COAJBAksCVAJdAmcCcQJ6AoQCjgKYAqICrAK2AsECywLVAuAC6wL1AwADCwMWAyEDLQM4A0MDTwNaA2YDcgN+A4oDlgOiA64DugPHA9MD4APsA/kEBgQTBCAELQQ7BEgEVQRjBHEEfgSMBJoEqAS2BMQE0wThBPAE/gUNBRwFKwU6BUkFWAVnBXcFhgWWBaYFtQXFBdUF5QX2BgYGFgYnBjcGSAZZBmoGewaMBp0GrwbABtEG4wb1BwcHGQcrBz0HTwdhB3QHhgeZB6wHvwfSB+UH+AgLCB8IMghGCFoIbgiCCJYIqgi+CNII5wj7CRAJJQk6CU8JZAl5CY8JpAm6Cc8J5Qn7ChEKJwo9ClQKagqBCpgKrgrFCtwK8wsLCyILOQtRC2kLgAuYC7ALyAvhC/kMEgwqDEMMXAx1DI4MpwzADNkM8w0NDSYNQA1aDXQNjg2pDcMN3g34DhMOLg5JDmQOfw6bDrYO0g7uDwkPJQ9BD14Peg+WD7MPzw/sEAkQJhBDEGEQfhCbELkQ1xD1ERMRMRFPEW0RjBGqEckR6BIHEiYSRRJkEoQSoxLDEuMTAxMjE0MTYxODE6QTxRPlFAYUJxRJFGoUixStFM4U8BUSFTQVVhV4FZsVvRXgFgMWJhZJFmwWjxayFtYW+hcdF0EXZReJF64X0hf3GBsYQBhlGIoYrxjVGPoZIBlFGWsZkRm3Gd0aBBoqGlEadxqeGsUa7BsUGzsbYxuKG7Ib2hwCHCocUhx7HKMczBz1HR4dRx1wHZkdwx3sHhYeQB5qHpQevh7pHxMfPh9pH5Qfvx/qIBUgQSBsIJggxCDwIRwhSCF1IaEhziH7IiciVSKCIq8i3SMKIzgjZiOUI8Ij8CQfJE0kfCSrJNolCSU4JWgllyXHJfcmJyZXJocmtyboJxgnSSd6J6sn3CgNKD8ocSiiKNQpBik4KWspnSnQKgIqNSpoKpsqzysCKzYraSudK9EsBSw5LG4soizXLQwtQS12Last4S4WLkwugi63Lu4vJC9aL5Evxy/+MDUwbDCkMNsxEjFKMYIxujHyMioyYzKbMtQzDTNGM38zuDPxNCs0ZTSeNNg1EzVNNYc1wjX9Njc2cjauNuk3JDdgN5w31zgUOFA4jDjIOQU5Qjl/Obw5+To2OnQ6sjrvOy07azuqO+g8JzxlPKQ84z0iPWE9oT3gPiA+YD6gPuA/IT9hP6I/4kAjQGRApkDnQSlBakGsQe5CMEJyQrVC90M6Q31DwEQDREdEikTORRJFVUWaRd5GIkZnRqtG8Ec1R3tHwEgFSEtIkUjXSR1JY0mpSfBKN0p9SsRLDEtTS5pL4kwqTHJMuk0CTUpNk03cTiVObk63TwBPSU+TT91QJ1BxULtRBlFQUZtR5lIxUnxSx1MTU19TqlP2VEJUj1TbVShVdVXCVg9WXFapVvdXRFeSV+BYL1h9WMtZGllpWbhaB1pWWqZa9VtFW5Vb5Vw1XIZc1l0nXXhdyV4aXmxevV8PX2Ffs2AFYFdgqmD8YU9homH1YklinGLwY0Njl2PrZEBklGTpZT1lkmXnZj1mkmboZz1nk2fpaD9olmjsaUNpmmnxakhqn2r3a09rp2v/bFdsr20IbWBtuW4SbmtuxG8eb3hv0XArcIZw4HE6cZVx8HJLcqZzAXNdc7h0FHRwdMx1KHWFdeF2Pnabdvh3VnezeBF4bnjMeSp5iXnnekZ6pXsEe2N7wnwhfIF84X1BfaF+AX5ifsJ/I3+Ef+WAR4CogQqBa4HNgjCCkoL0g1eDuoQdhICE44VHhauGDoZyhteHO4efiASIaYjOiTOJmYn+imSKyoswi5aL/IxjjMqNMY2Yjf+OZo7OjzaPnpAGkG6Q1pE/kaiSEZJ6kuOTTZO2lCCUipT0lV+VyZY0lp+XCpd1l+CYTJi4mSSZkJn8mmia1ZtCm6+cHJyJnPedZJ3SnkCerp8dn4uf+qBpoNihR6G2oiailqMGo3aj5qRWpMelOKWpphqmi6b9p26n4KhSqMSpN6mpqhyqj6sCq3Wr6axcrNCtRK24ri2uoa8Wr4uwALB1sOqxYLHWskuywrM4s660JbSctRO1irYBtnm28Ldot+C4WbjRuUq5wro7urW7LrunvCG8m70VvY++Cr6Evv+/er/1wHDA7MFnwePCX8Lbw1jD1MRRxM7FS8XIxkbGw8dBx7/IPci8yTrJuco4yrfLNsu2zDXMtc01zbXONs62zzfPuNA50LrRPNG+0j/SwdNE08bUSdTL1U7V0dZV1tjXXNfg2GTY6Nls2fHadtr724DcBdyK3RDdlt4c3qLfKd+v4DbgveFE4cziU+Lb42Pj6+Rz5PzlhOYN5pbnH+ep6DLovOlG6dDqW+rl63Dr++yG7RHtnO4o7rTvQO/M8Fjw5fFy8f/yjPMZ86f0NPTC9VD13vZt9vv3ivgZ+Kj5OPnH+lf65/t3/Af8mP0p/br+S/7c/23//3BhcmEAAAAAAAMAAAACZmYAAPKnAAANWQAAE9AAAApbdmNndAAAAAAAAAAAAAMBAAACAAAAVgEuAesCxAODBFMFQAYnBxoIGAkfCj0LTgxrDZAOuQ/sES0SZROjFOMWKhd5GL8aDxtXHKQd8x88IIQhzSMRJFIljSbLKAApMypmK5csyi33LygwUTGAMqsz1TUCNjE3XTiKObY64TwNPTg+YD+JQLFB3EMIRDZFY0aQR7hI3koBSyRMR01qTo9PtFDYUfhTFlQzVU9WbVeNWK5Zy1rhW/Bc9137XwBgCmEZYi1jQWRSZV9mZWdhaFNpPGogawFr4Gy/baBug29ocFBxOHIgcwhz73TWdb52qHeTeH55bHpZe0l8PX03fjZ/OYBBgUuCV4NlhHSFhYaUh6SIs4nAisyL1ozfjeeO7Y/ykPWR9pL1k/WU+pYElxWYLJlHmmObf5yYna6ev5/LoNSh2qLgo+mk9KYDpxWoKqlCqlyrd6yUrbKu0a/xsRGyM7NTtHO1kLapt7q4wbnDusC7u7y1va++qb+jwJ3BlcKKw3zEasVTxjbHGMf5yODJz8rGy8PMwc28zq/PmNBz0UPSDdLT05vUZtU11gXW19eo2HbZQNoG2sfbgNw13Ofdkd473uPfjeA74Ovhn+JS4wPjr+RV5PnllOYs5r/nUufk6IXpL+nk6qjrbuwz7PXtr+5j7xHvtfBQ8ObxfPIX8sbzj/Ru9WH2ZveK+OT6xf0u//8AAABWASMBsAJqAzID6ASxBYAGWAc9CC0JJwonCyIMMA06DlEPYxB+EZ8SvhPpFRAWOBdhGIgZtBreHAsdMx5bH4AgoSG/Itsj9SULJh8nNShJKWAqeSuTLLEtzC7oMAQxITI8M1o0dDWLNqQ3uTjNOeI69DwGPRs+MT9NQGxBj0KwQ9BE7UYIRx1IMklFSlVLY0xuTXhOfk+DUIVRhlKIU4pUjFWKVoRXeVhoWVRaRFs/XEZdWl53X5VgsGHCYspjxWS1ZZxme2dXaDBpDGnsatBrumypbZtuj2+CcHJxXHJAcx9z+3TVda12hndieEV5MHokex18GX0VfhB/Bn/2gOKByoKxg5WEd4VdhkqHRIhMiWGKgYuljMaN3o7uj/WQ95H1kvOT8JTtleyW7pf4mRCaOZtunKadzp7jn+mg5aHfotmj0aTIpb6mvKfKqO2qIatdrJyt2a8UsE6xiLLCs/m1LrZkt5u40roFuzS8X72Fvqa/vMC+warCkMN9xHfFgMaPx53Io8meyo7LdcxTzS3OBM7az7LQi9Fq0lHTRdRF1VHWYtd12ITZh9p922bcQ90a3ezeud+H4FjhLeII4ubjw+Sd5XHmQOcM59Too+l/6mnrZOxo7W3ucO9w8HDxcvJ283n0d/Vp9kf3D/ez+EX4y/la+e360PwM/dr//wAAACsAxAFLAdgCZQMGA48EKwTPBXoGLwbpB6UIaAkvCfkKygufDHcNUg4yDw4P9hDZEcASqROTFH0VZxZSFz0YKRkVGfwa6BvSHL4drh6jH5sgliGUIo8jhiR2JWEmRScgJ/gozCmfKnMrSCwhLQIt6S7XL8gwujGqMpgzgDRgNTk2BjbPN5U4WDkZOdk6nTtkPDI9Bj3ePrY/j0BoQURCJkMQRABE80XnRtZHu0iWSWVKJUrgS5hMT00HTcNOg09JUBhQ6lG+UpNTaFQ7VQ1V3latV3xYSlkVWd9aqFtvXDVc+V29XoBfQ2AIYNFhnGJrYzxkDGTaZadmcWc4Z/xov2mAakBrAGvAbIFtQ24EbsVvhXBBcPhxq3JZcwFzqXRPdPR1mHY8dt53gHgdeL15YHoWetp7q3yDfVh+KH72f8OAk4FngkSDKoQYhQuGAIb0h+OIzYmvioyLYYw0jQeN2o6wj4qQa5FHkhKSxpNbk+yUepVBlkKXiJkImoqb5J0ZnjKfOaA5oTWiL6MopCGlGaYRpwqoCakPqiGrPaxgrYeura/TsPyyKLNatJK10bcUuFm5nLrXvAW9Kb5Hv2LAf8Gewr7D38T/xiHHQ8hnyYzKscvWzP3OKc9b0JfR3tMy1I3V7tdT2LnaIduV3S/fDuF35Ivoee1O8vb5Uf//AABuZGluAAAAAAAABjYAAJOVAABWjQAAVukAAJG3AAAmuwAAFwoAAFANAABUOQACh64AAkeuAAFrhQADAQAAAgAAAAEABAAIAA8AFgAfACkANABAAEwAWgBpAHgAiQCaAKwAvgDSAOYA/AESASkBQAFZAXMBjQGpAcUB4wIBAiECQgJkAocCrALSAvoDIwNNA3oDqAPXBAgEOgRtBKME2QUSBUsFhgXDBgEGQAaABsIHBQdKB5AH2AghCGwIuQkHCVcJqAn6Ck0KoQr3C04LqAwEDGIMww0lDYkN7g5UDrwPJQ+REAAQcRDkEVkRzxJGEr0TOBO2FDoUwxVSFeMWdRcGF5YYJhi4GU4Z6BqIGzEb4xyfHWIeKx74H8YglSFkIjQjBiPbJLMljyZsJ0soKykNKfAq1Su7LJ4tfi5cLzkwFDDwMc0yqjOJNGg1SjYuNxU3/zjtOd460jvKPMU9xD7HP85A2kHoQvZEAEUGRghHCEgISQlKDEsUTCFNNE5OT25QlFG8UuVUDVU0VllXfVigWcRa51wLXTBeVl98YKRhzmL4ZCRlU2aFZ7xo+mpDa5ls+W5jb9JxRnK8dDR1r3cteLF6PHvQfW9/HIDWgpSETIX2h5SJLIrFjGWOFY/fkc2T3ZX/mCCaOZxMnl+geaKgpNqnLamgrDCu4LGhtF63C7muvF2/K8IfxUbIoswMzyjR9tSR1yjZ0dye35fi0uZg6fntEu+s8gD0MPY59//5ivq4+9T8u/2j/nD/N///AAAAAQAFAAoAEgAbACYAMgA/AE0AXABtAH4AkQCkALkAzwDlAP0BFgEvAUoBZgGDAaIBwQHiAgQCJwJMAnICmgLDAu8DHANLA3wDrwPkBBoEUgSLBMUFAQU9BXsFuwX8Bj8GgwbJBxAHWQelB/IIQQiTCOYJOwmTCewKRgqhCvwLWAu0DBIMcgzUDTkNoA4LDngO5w9ZD84QRhDAET4RvxJDEsoTUxPdFGoU+hWPFioWyxdxGBYYthlRGeYaeRsNG6QcQBzkHZEeSh8OH90gsyGOImkjQiQYJOslvSaQJ2YoQiklKhIrCCwFLQguDi8SMBExCDH5Mugz1zTKNcE2wTfKONs58jsOPDA9UT5pP3RAckFoQlhDR0Q5RTRGOEdHSF9JfkqhS8dM8E4bT0VQa1GGUpRTl1SVVZRWoFe/WPFaNVuAXM1eHl90YM9iI2NmZJVltWbOZ+Ro+2oWazNsVG12bppvwHDqchdzRnR2dad22ngQeU16j3vYfSZ+fX/jgWeDEITKhnSIBomHiwSMiI4bj8ORgpNYlUOXO5k7mzudOZ8poQSixqR2phunvaliqxWs3a7FsM+y9bUxt3y5y7wPvkTAcsKmxOnHQsmyzDHOnNDd0vTU8dbn2OPa6Nz03wHhCuMU5STnSOmW7DfvivOm92z5zvuE/MP99P75//8AAAACAAgAEQAeAC0APgBRAGYAfQCWALAAzADqAQkBKwFNAXIBmAHAAeoCFgJEAnQCpgLaAxEDSQOEA8AD/QQ7BHoEugT8BUEFigXXBikGgQbdBz4HoggICG8I1Ak5CZ0KAgpqCtULRAu7DDkMwQ1QDeYOgg8hD8AQXBD2EZASLRLNE24UDRSoFUIV3BZ5Fx4XzhiOGWIaQhsqHBQc+x3dHrgfkiBtIUwiMCMYJAYk+SXxJu8n8yj9Kg4rJCxALWAugC+dMLgx0zLzNBo1STaCN8M5DDpcO7A9Bz5gP75BIkKTRBZFrkdaSRFK0UyaTm9QVVIyU9pVWlbMWEhZ01tmXPheg2ABYXBi1WQ3ZZxnCWiBagpro21NbwBwt3JvdB51w3d1eWR77n6kgHmB1oL8hAKFCIYQhzOIc4nUi1WM6Y6IkC6R2ZOIlTuW8Zipml6cCp2nnzegvaI/o8ClRKbKqFCp1KtUrNCuRq+5sSiyl7QItX22/LiJuia70L2CvzbA6cKcxE/GBMe7yXPLK8zkzp7QWNIU09LVj9dK2P/arNxP3ejfdeD94oLkA+WC5wLog+oE63/s7u5G73nwnfGN8nXzRPP39Kr1TvXb9mj29vd29+n4XPjP+UP5q/oN+nD60vs1+5j78fxJ/KL8+/1U/a3+A/5Y/qz/Af9V/6r//wAAc2YzMgAAAAAAAQxCAAAF3v//8yYAAAeSAAD9kf//+6L///2jAAAD3AAAwGxtbW9kAAAAAAAABhAAAJzfAAAAAMoq1YAAAAAAAAAAAAAAAAAAAAAA/8AAEQgBYAIoAwERAAIRAQMRAf/EAB8AAAEFAQEBAQEBAAAAAAAAAAABAgMEBQYHCAkKC//EALUQAAIBAwMCBAMFBQQEAAABfQECAwAEEQUSITFBBhNRYQcicRQygZGhCCNCscEVUtHwJDNicoIJChYXGBkaJSYnKCkqNDU2Nzg5OkNERUZHSElKU1RVVldYWVpjZGVmZ2hpanN0dXZ3eHl6g4SFhoeIiYqSk5SVlpeYmZqio6Slpqeoqaqys7S1tre4ubrCw8TFxsfIycrS09TV1tfY2drh4uPk5ebn6Onq8fLz9PX29/j5+v/EAB8BAAMBAQEBAQEBAQEAAAAAAAABAgMEBQYHCAkKC//EALURAAIBAgQEAwQHBQQEAAECdwABAgMRBAUhMQYSQVEHYXETIjKBCBRCkaGxwQkjM1LwFWJy0QoWJDThJfEXGBkaJicoKSo1Njc4OTpDREVGR0hJSlNUVVZXWFlaY2RlZmdoaWpzdHV2d3h5eoKDhIWGh4iJipKTlJWWl5iZmqKjpKWmp6ipqrKztLW2t7i5usLDxMXGx8jJytLT1NXW19jZ2uLj5OXm5+jp6vLz9PX29/j5+v/bAEMAAQEBAQEBAQEBAQEBAQEBAQEBAQEBAQEBAQEBAQEBAQEBAQEBAQEBAQEBAQEBAQEBAQEBAQEBAQEBAQEBAQEBAf/bAEMBAQEBAQEBAQEBAQEBAQEBAQEBAQEBAQEBAQEBAQEBAQEBAQEBAQEBAQEBAQEBAQEBAQEBAQEBAQEBAQEBAQEBAf/dAAQARf/aAAwDAQACEQMRAD8A/v4oAKACgAoAKACgAoA/li+EH/BRu/8AEv8Awc+/tGfsoyeKhN8NU/Za8MfCjw5pu1Ps7fEb4XPb+O9T02JvNP8Ap1vqvj34ji4cRCWSOwWGQ7LSIUAf1O0AFABQAUAFABQAUAFABQAUAFABQAUAFABQAUAFABQAUAFABQAUAFABQAUAFABQAUAFABQAUAFABQAUAFABQAUAFABQAUAFABQAUAFABQAUAFABQAUAFABQAUAFABQAUAFABQAUAFABQAUAf//Q/v4oAKACgAoAKACgDn/FnibR/BXhXxL4y8Q3SWOgeEvD+s+JtcvZCBHZ6PoOnXOq6ndOTgBLeytZ5WJOAE5xQB/mhfBlfG/gj9tj4f8A/BTfXYJLPxlefEb4IftdfEjVXLBbX4K/tWftGfHj4barqEsh5+yQ+CvHHgybDkwBLaMJ9yLaAf6alldwahZ2l/bOJLa9toLu3kHR4LmJZonHs0bqw+tAFmgAoAKACgAoAKACgAoAKACgAoAKACgAoAKACgAoAKACgAoAKACgAoAKACgAoAKACgAoAKACgAoAKACgAoAKACgAoAKACgAoAKACgAoAKACgAoAKACgAoAKACgAoAKACgAoAKACgAoAKAP/R/v4oAKACgD5i+N/7Yn7PX7PfjX4U/DT4m/Ejw5onxG+NXi628HfDzwQ+qWA8RaxfS2N7ql1qMthJcRyafoenabp13dXerXnlWuUitoneeZEoA+nFZXVXRgysAyspBVlYZDKRkEEEEEHBByM5FAC0AfnT/wAFZ4fjHqn/AATz/ab8G/ADwpr3jL4s/E/wPD8JPC+keHrV7q9hh+KWuaV4F8SaxOEZWg0/RPCmua5ql7cg5hhtSww2DQB+G/xD/Ys0Txh+0t+2j+xD4c0tmtrf/gif8DPhv4J0uNFEkXirwbqXjy+8DJGF+5Lb+MND0WRGTDq8e9CHANAH9Ff7CPiP4m+K/wBjj9mzW/jP4V1zwT8WLj4P+B4PiH4X8RWjWWr6R4ustDtLPW7a6t2JKkXsErRtn542R+M0AfWdABQAUAFABQAUAFABQAUAFABQAUAFABQAUAFABQAUAFABQAUAFABQAUAFABQAUAFABQAUAFABQAUAFABQAUAFABQAUAFABQAUAFABQAUAFABQAUAFABQAUAFABQAUAFABQAUAFABQAUAf/9L+/igAoAKAPwO+JXhH4WftL/8ABd3wTpHirwt4G8QaP+xb+yQmo6x/bugaJf3178Z/2hvEN3d+ELKeW7s55tRbRfhr4HutR0+0uGlXT/7WmurdIGlDygH73oiRoscaqiIqoiIoVERRhVVVwqqoACqBgDgYxQA6gAoA/E74f/8AKfH9o3/swL4Df+rE+IlAH7Y0AFABQAUAFABQAUAFABQAUAFABQAUAFABQAUAFABQAUAFABQAUAFABQAUAFABQAUAFABQAUAFABQAUAFABQAUAFABQAUAFABQAUAFABQAUAFABQAUAFABQAUAFABQAUAFABQAUAFABQAUAf/T/v4oAKACgDwHQP2XPgJ4X+PHj39pvQ/hvotl8dPidpnh3R/HHxCWXUJdV13TvCelRaH4egntp7yTTIX0vSoEsba5trGC7W3MkXnMk0u8A9+oAKACgD8Tvh//AMp8f2jf+zAvgN/6sT4iUAftjQAUAFABQAUAFABQAUAFABQAUAFABQAUAFABQAUAFABQAUAFABQAUAFABQAUAFABQAUAFABQAUAFABQAUAFABQAUAFABQAUAFABQAUAFABQAUAFABQAUAFABQAUAFABQAUAFABQAUAFABQB//9T+/igAoAKACgAoAKACgD8Tvh//AMp8f2jf+zAvgN/6sT4iUAftjQAUAFABQAUAFABQAUAFABQAUAFABQAUAFABQAUAFABQAUAFABQAUAFABQAUAFABQAUAFABQAUAFABQAUAFABQAUAFABQAUAFABQAUAFABQAUAFABQAUAFABQAUAFABQAUAFABQAUAFABQB//9X+/igAoAKACgAoAKACgD8Tvh//AMp8f2jf+zAvgN/6sT4iUAftjQAUAFABQAUAFABQAUAFABQAUAFABQAUAFABQAUAFABQAUAFABQAUAFABQAUAFABQAUAFABQAUAFABQAUAFABQAUAFABQAUAFABQAUAFABQAUAFABQAUAFABQAUAFABQAUAFABQAUAFABQB//9b+/igAoAKACgAoAKACgD8Tvh//AMp8f2jf+zAvgN/6sT4iUAftjQAUAFABQAUAFABQAUAFABQAUAFABQAUAFABQAUAFABQAUAFABQAUAFABQAUAFABQAUAFABQAUAFABQAUAFABQAUAFABQAUAFABQAUAFABQAUAFABQAUAFABQAUAFABQAUAFABQAUAFABQB//9f+/igAoAKACgAoAKACgD8Tvh//AMp8f2jf+zAvgN/6sT4iUAftjQAUAFABQAUAFABQAUAFABQAUAFABQAUAFABQAUAFABQAUAFABQAUAFABQAUAFABQAUAFABQAUAFABQAUAFABQAUAFABQAUAFABQAUAFABQAUAFABQAUAFABQAUAFABQAUAFABQAUAFABQB//9D+/igAoAKACgAoAKACgD8Tvh//AMp8f2jf+zAvgN/6sT4iUAftjQAUAFABQAUAFABQAUAFABQAUAFABQAUAFABQAUAFABQAUAFABQAUAFABQAUAFABQAUAFABQAUAFABQAUAFABQAUAFABQAUAFABQAUAFABQAUAFABQAUAFABQAUAFABQAUAFABQAUAFABQB//9H+/igAoAKACgAoAKACgD8Tvh//AMp8f2jf+zAvgN/6sT4iUAftjQAUAFABQAUAFABQAUAFABQAUAFABQAUAFABQAUAFABQAUAFABQAUAFABQAUAFABQAUAFABQAUAFABQAUAFABQAUAFABQAUAFABQAUAFABQAUAFABQAUAFABQAUAFABQAUAFABQAUAFABQB//9L+/igAoAKACgAoAKACgD8Tvh//AMp8f2jf+zAvgN/6sT4iUAftjQAUAFABQAUAFABQAUAFABQAUAFABQAUAFABQAUAFABQAUAFABQAUAFABQAUAFABQAUAFABQAUAFABQAUAFABQAUAFABQAUAFABQAUAFABQAUAFABQAUAFABQAUAFABQAUAFABQAUAFABQB//9P+/igAoAKACgAoAKACgD8Tvh//AMp8f2jf+zAvgN/6sT4iUAftjQAUAFABQAUAFABQBj+Ib3VdM0DXNS0LRH8S63p+j6ne6P4cj1Cz0mTX9VtLKefT9Ej1XUCthpj6rdxw2C6hfMtnZNOLm5Ihjc0AaNrJNNbW8tzbm0uJYIZJ7QypObaZ41aW3M0WYpjC5aMyxnZJt3plSKAJ6ACgAoAKACgAoAKAMdL7VW8QXGmtojpocWj2V7B4j/tCzaO51We8v4LvRRpQP9oRPY2lvY3x1CRfsdwNRW3hJmtbgUAbFABQAUAFABQAUAFAGfq1zfWWlaneaXprazqVpp97c6dpCXdvYPqt9BbSy2mmrfXZFpZNfXCx2q3dyRb25l86YiNGNAE9nLcT2ltNdWpsrmWCKS4s2mjuDazOgaS3M8OYpjE5KGWI7H27kypoAs0AFABQAUAFABQAUAY327Vv+EgbTf7DcaGNJhvV8Sf2jZ+W+qSXd1DLo39k5/tBXgtYre9N+V+ySC6ECEzQyCgDZoAKACgAoAKACgAoA5D4heMbP4d+AfHHxA1G1uL3T/A3hDxL4xv7K0KLdXdn4Z0W91q6tbZpMRi4uILJ4oTIdgkZS+FBoAl8D+K7Tx14N8L+M7C2ns7LxToWma9a2tyUNxb2+qWkV3FDOYyYzLGkoVyh27gcYBoA6qgAoAKACgAoAKACgAoAKACgAoAKACgAoAKACgAoAKAP/9T+/igAoAKACgAoAKACgD8Tvh//AMp8f2jf+zAvgN/6sT4iUAftjQAUAFABQAUAFABQB4j+0z8VdQ+BP7N/7QXxv0nSrTXdV+DfwR+K/wAVdM0S/nltbHWdQ+HngPXvF1npV7cwK89vaajcaPHaXM8KPLFDM8kas6qKAPTfCOtS+I/CnhjxDNCltNr3h7Rdamt4mZ47eXVNNtr6SGN2AZ0iacxozAMyqCQCSKAOhoAKACgAoAKACgAoA8Fsfi9qN3+094p+AraPZppPh/4E/D/4uQ6+LiY6hcah4y8f/E7wdc6RJabPs6Wdlb+ArS8huFkM0k1/cRuipFGzAHvVABQAUAFABQAUAFAHmHxu8fXfwp+C/wAXfijYafb6tffDb4YePvH1lpV3LJBa6nd+DvCmreIbfT7meFWlht7ybTkt5pYlaSOOVnRSygMAdN4G8QTeLPBnhTxRcW8dpP4i8O6PrU1rC7SRW8up2FvePBHI4DOkTTFFZgGZVBIB4oA6mgAoAKACgAoAKACgDwVPi/qDftNX3wH/ALHsxpVp8E/D/wAVV1/7TN9ve/1nxt4w8Ky6SbTZ9nFpDB4Zgu0uA5maW6ljZAiIzAHvVABQAUAFABQAUAFAHhn7UH/JtP7Q/wD2Qz4tf+oD4goAvfs7f8kH+D3/AGTjwh/6ZLOgD2WgAoAKACgAoAKACgAoAKACgAoAKACgAoAKACgAoAKAP//V/v4oAKACgAoAKACgAoA/E74f/wDKfH9o3/swL4Df+rE+IlAH7Y0AFABQAUAFABQAUAcF8VPhv4Z+Mfww+I/wh8axXk/g34qeAvGHw38Ww6fdGxv5vDPjjw9qPhjXorG9VJGs7yTStUuktroRyG3mKShG2bWAOr0bSbTQdH0rQ9PEi2GjabY6TYrK/mSraadaxWdsJJCAZJBDCgdyBubLYGcUAaVABQAUAFABQAUAFAHAQfDPwrbfFLVfjFFbXI8b6z4C8PfDa+uzcsbN/C3hfxD4p8T6TbJZ7dqXMereMdblludxMsUsMRUeSpYA7+gAoAKACgAoAKACgDlvHPg7Q/iL4J8Y/D7xNDNceG/HXhbxB4O8Q29vMba4n0PxPpN5omrQwXChmgmlsL64SKZVYxOyuASuKANPQdFsPDmiaR4f0tHj03RNOs9KsI5HMkiWdhbx21uryEAyOsUShnIG484GSKANagAoAKACgAoAKACgDgF+GfhVfihP8YBbXP8Awm1z4G074dy3f2lvsh8M6Xrms+IbS3Fnt2i4XU9e1GR7jfueN44yAIxuAO/oAKACgAoAKACgAoA8M/ag/wCTaf2h/wDshnxa/wDUB8QUAXv2dv8Akg/we/7Jx4Q/9MlnQB7LQAUAFABQAUAFABQAUAFABQAUAFABQAUAFABQAUAFAH//1v7+KACgAoAKACgAoAKAPxO+H/8Aynx/aN/7MC+A3/qxPiJQB+2NABQAUAFABQAUAFAHyt+3VrHiDw7+xH+2P4g8J32o6X4q0L9lb9oXWPDWp6PJNFq+neINM+Eni+90a+0uW3zPHqNpqMFtcWMkI85LmOJo8uFoA92+HM91dfD3wHc3sks17c+DPC893NOWM8t1NoljJcSTFvmMrys7SFvmLkk8k0AdnQAUAFABQAUAFABQB8maXr3iuT9ujx54Xlv9VbwPa/so/CHXrHTGEn9iReKtQ+Lnxz0/V7+A7PJ/tS40nS9Et7va5k+yWtluQIUZgD6zoAKACgAoAKACgAoA8K/ai1TXND/Zm/aK1vwxdX1j4l0f4FfFzVPD17pm/wDtK01zT/AHiC70m60/y1aT7db38NvLaeWrP56R7VLYDAHcfCu6v774aeAL3VJZ59Su/Bvhy4v5rrd9plvJtJtJLiSfcA3nPKztJuGd5Oc80Ad7QAUAFABQAUAFABQB8mR6/wCLD+3Hqnhg3+q/8IQn7L/g/XItMxJ/Yq+J7j4n/Eexu71Tt8r+0pNMs9OglG/zPs0NvlQpU0AfWdACFlDBSwDMCVUkbmC43EDqQu4ZI6ZGeooAWgAoAKACgAoA8M/ag/5Np/aH/wCyGfFr/wBQHxBQBe/Z2/5IP8Hv+yceEP8A0yWdAHstABQAUAFABQAUAFABQAUAFABQAUAFABQAUAFABQAUAf/X/v4oAKACgAoAKACgAoA/E74f/wDKfH9o3/swL4Df+rE+IlAH7Y0AFABQAUAFABQAUAcr468ReEPCHgjxj4s+IOoaTpPgLwv4V8Q+IvG+q68sbaHpnhDRdIu9S8S6hrKyxyxNpNno1te3GorLFJGbOKYPG6llYA3tOurG+0+wvdLlhn028s7W606a2wLaaxuIEltJbcKAohkt3jeLAA2FcAdKALlABQAUAFABQAUAFAHLx+JfCUnjS98HxanpTeOrPwxpXiS/0dTH/bcPhTU9U1nTNI1KcbfNGl3Wr6PrtraEuYzdWd6FVWDlgDqKACgAoAKACgAoAKAMXxJrGheHvDuv+IPFN5Zad4Z0PRdV1jxFqGplRptjoWmWM97q95qBdWQWVrp8FxPdl1ZfISTcpAIYAuaZe2Go6dY6hpU8Fzpl7aW91p9xa4+zT2c8SyW0sG3C+VJEytHgY2kYxQBeoAKACgAoAKACgAoA5ceJfCR8ZS+EBqel/wDCcx+G7TxDLo+Y/wC2l8L3WpX+n2eosNvm/wBmy6pYajbxHfs+0wXAChtxoA6dmVFZnYKqgszMQFVQMlmJwAABkknAHJxigD+aH4j/ALYvxt1P/gtL/wAE/Neg8QXOk/scfHjRv2pf2ePhDo8M9zDp/wAQPFfgjSPD/ivxP8T9RjDraXlprd94bi0/wJPIsiy+G7a11OzkRtbuFYA/pfoAKACgAoAKAPDP2oP+Taf2h/8Ashnxa/8AUB8QUAXv2dv+SD/B7/snHhD/ANMlnQB7LQAUAFABQAUAFABQAUAFABQAUAFABQAUAFABQAUAFAH/0P7+KACgAoAKACgAoAKAPxO+H/8Aynx/aN/7MC+A3/qxPiJQB+2NABQAUAFABQAUAFAHzv8Ate/DjxP8Y/2Tf2oPhF4IgtLrxn8VP2d/jX8OPCNtf3kWn2Nx4n8cfDXxN4Z0CC9v5v3NjaTarqlpHcXkv7q2hZ5pPkRqAPX/AANpV5oPgnwfoeoKiaho3hbw/pV8kUgljS807SbSzuVjlX5ZEWaFwki8OoDDg0AdTQAUAFABQAUAFABQB80ad8MPFlt+2H4z+M0tvZjwPrf7Nvwv+GVhdC9ia/fxV4V+J3xh8U6vBJp3+vis49J8Z6HJDeEeVPNLcQph7Z6APpegAoAKACgAoAKACgDxz9onwXrvxI/Z++Onw88LxW8/iXx78HPid4L8OwXdwlnaza74o8Fa3oekRXN3L+6tbeTUL63Sa4k+SCNmlf5VNAHYfDnRL/w18P8AwV4e1RI49S0PwroOk36RSLNEl5p+mWtrcrHKvyyossThZF4cfMOooA7OgAoAKACgAoAKACgD5oj+GHixf2v9R+Mht7P/AIQi5/Z48L/DmK6+2xfbz4n0r4h+PPEd5AdOx562i6X4g06RLwnypJWlhGGifcAfNH/BQf8AaGg8Pz/B/wDY+8Lax4h0H4l/tg+LV+HNx4u0PSddkj+Gvwsks766+IHi6fxDp9hc2Oha3q+kWVz4L8Fz3NxFND4k1621WNCmlOWAPxd/4K9fADQf2M9Y/wCCV/xS8BfEz9oj4mXvwB/bR+Fun6f4F8SX1x4+sPBfwW8UWk3hf4i+J9J0zwp4HsX0nTtG0PT7aHUpri6dWgeCMREkswB/V7ousaf4g0jTNc0mf7Vpmr2NtqNhceXLF59peQpPBJ5UyRyx743U7JUV16MoIIoA06ACgAoAKAPDP2oP+Taf2h/+yGfFr/1AfEFAF79nb/kg/wAHv+yceEP/AEyWdAHstABQAUAFABQAUAFABQAUAFABQAUAFABQAUAFABQAUAf/0f7+KACgAoAKACgAoAKAPxO+H/8Aynx/aN/7MC+A3/qxPiJQB+2NABQAUAFABQAUAFAHkf7QHxVg+BPwG+NvxvutKm122+Dfwj+JPxVuNDt5kt59Zg+Hng3WfF02lQ3En7uCbUY9Ha0jmk+SJ5ldvlU0AegeGNaXxH4b8PeIUha2TXtD0nWlt2YM0C6pYW98sLMOGaIT7Cw4JXI6igDcoAKACgAoAKACgAoA8ctPi9ZXf7QHiH4CrpF0mo+H/g/4L+LkmvGaI2VxZeMvGfj/AMHQaSluMzrdWc/gK4vJZmxE8V/CiEvG4oA9joAKACgAoAKACgAoA8/+LXj62+FPwr+JnxRvLCfVbT4bfD/xn4+utLtpEhudStvB3hzUvEM9hbyy4iinvItOa3ikkOxHkVnwoNAG94R8QR+LPCvhzxRDbvaReIdE0vWorWRlaS3j1OzivEhkZSVZ4lmCMynBK5GMigDoqACgAoAKACgAoAKAPHF+L9k3x9u/gP8A2RdDULT4T6L8VDrvnRfYntNZ8WeJ/CqaULfInFzDL4alunmIMTR3MaLh1egD2OgAoAKACgAoAKACgDwz9qD/AJNp/aH/AOyGfFr/ANQHxBQBe/Z2/wCSD/B7/snHhD/0yWdAHstABQAUAFABQAUAFABQAUAFABQAUAFABQAUAFABQAUAf//S/v4oAKACgAoAKACgAoA/E74f/wDKfH9o3/swL4Df+rE+IlAH7Y0AFABQAUAFABQAUAeWfHP4V6b8dPgn8YfglrWpXejaP8YvhZ8QfhXq2r6fFFNf6VpvxC8Jav4SvtSsoZisMt3Y2ury3VtFKyxSTRIshCFjQB3XhzRofDnh7QvD1vK9xBoOjaXo0E8oCyTQ6XZQWMcsirlVeRIA7hTgMxAyKANmgAoAKACgAoAKACgDym1+Eui2vxw1346pfXreIde+FfhH4UXOmMI/7Oi0bwh4s8ceLrG+jOfN+23F7461CCcEbBBbWxU7i4oA9WoAKACgAoAKACgAoA4f4neBNO+KXw1+IXwy1e5ubLSfiL4H8WeBNUvLPabu007xdoOoeH725tQ/yG5gttQllg3/AC+aq7uM0AbfhfQLbwr4b0DwzZyyz2nh/R9O0a2mmwJpYNNtIrSKSXb8vmOkKs+ONxOKAN2gAoAKACgAoAKACgD52XSvhGP2ibn4lj4k+Gj8Rrr4baR8Kn8Gf8JPoH2sabo/ifxF4mguF0r7d/an9oSXviS6gePyMeVDEANxagD6JoAKACgAoAKACgAoA8M/ag/5Np/aH/7IZ8Wv/UB8QUAXv2dv+SD/AAe/7Jx4Q/8ATJZ0Aey0AFABQAUAFABQAUAFABQAUAFABQAUAFABQAUAFABQB//T/v4oAKACgAoAKACgAoA/E74f/wDKfH9o3/swL4Df+rE+IlAH7Y0AFABQAUAFABQA13SNGkkZURFZ3d2CoiKMszM2FVVAJZicAcnGKAPlj9s34n6j8PP2PP2sfiD4A8UWmleOfAP7M/x58b+DtVsbuzubzSvE/hP4V+K9f0HVLaBi6STadqmn2t5GrxyRloB5iMhIoA9z8Ea79q8AeCNa1zUIFvNW8J+G768u7uaG3FzfXujWd1cyZcqm+WaR5Cq9MnAAFAHWWt9ZXwZrK8tbtUIDm1uIrgITyAxiZtpI5AP4Z52gEVxqul2khhu9SsLaYAMYri8t4JArcglJHDYI5BIGe2aALcU0U0azQyxywyKHSWJ1kjdCMhldSVZSOQwOCOeM0AUE1rRpZFhj1bTJJXbYkaX9s8jOTgKqLIGLE8bRznjnpQBduLm3tYzNdTw20KkAy3EqQxgngAySMqgk8DJ57A0AQW2padesyWd/ZXboAzrbXUNwyqehZYmYqCehI598fKAFzqWnWTKl5f2Vo7rvRLm6ht2ZckblWVlLLkEZAxkEcfxAHzHovxL8R6l+2f41+GEWsRXfgHS/2YfhV8QNO06DyZYo/FXiH4q/Gnw3rGoLdR7mc3GleFNEtTFu2Rmz3AB3cKAfSza1oySGF9W0xJVfy2ia/tlkVwduwxlwwcHjaRuzwcGgC/LNDDG000scUKDc8srqkaL/AHmkYqqjkckgUAVLfVdLvJPJtNRsLqXaW8q3vIJ5NoxltkbltoJGTjAyM4zQBLdX9jYhDe3lraCQsIzdXEVuHK43BDKy7iuRu2g4yM4yu4AdbXlpeoZbO6t7uNW2GS2njnQMADtLxMyhgCDtPOCDz/CAVptY0m2kaG41TToJkOHimvraKRCecNG7hlOOeR78ZoAvebH5fneYnkhPM83evl+WBuMm/O3YF+bdnaBznHNAHg37R3xDm8F/s8fHvxl4Q1/TrbxX4P8Agr8VfFXhu5gu7S5ltdd8OeBNf1nSrtLfc4mNrfWMFwY2DKwjIbKk0Ad58O/EUmpfDfwJ4h8Qahbrfaz4U8PahfXdzLDbJcX19pVtc3DgvsQNJI7uEXoMgcDNAHa2t/Y3282V5aXYjwHNrcw3Gwnpv8pm257Z69s4O0AjuNV0yzk8q71GwtZcBvKuLy3gk2nodkjhsHscAH34oAtxTRTxpNBLHNFIA0csTrJG6noyOmVYHsQcH35oAoJrWjSSLCmraY8rOI1jS/tWkZydoRYxLuLluAoJJPAycUAXZ7i3tYzNczw28K4DSzypDGuTgZkkIUZPAyeTwM5oAgttS069Zks7+yu3QbnS2uoLhlU8bmWJmKjPGSMducfKAfyA/wDB1l/wWA+MH7DvgX4Y/sl/s1eJL3wH8WPjx4Y1Pxp42+IemfJrXhv4ZJqd94btNL8NXfzCw1bxDqmm6xHfXwAurPTrWD7Hte8M0QB/m1t8evjg3i9viAfjB8Tv+E5a5a8Pi4eOvEy+I/tTMWM41gamb4SbjkMJgQeQOKAP9I//AINXv+CyfxO/bX8BfEX9lH9qHxcvij4s/A3RNG8Q+BvH2t3UKa540+H19czaZcWGsyuyNfan4VvYrSJtRlJlu7PU7KOQvNDJKwB/YZJNFDG00sscUKLueWR1SNV/vM7EKq+5bHuM5oAqW+q6XdyeTaalYXMpBYRW95bzyFR1OyNy2BkZOOM9sigCW6vrKxCNe3lraCQkRm6uIrcOV5YIZWUMVBBIHTPOMjcALbXlneo0lndW13GrbGe2njnRXwDtZomZQ2CDtODgg45zQBXn1jSbaRobnU9Ot5kxvinvraKRMjI3Ru4ZcjBGRyORkGgC8JYjH5wkQwlPM80Opj8vG7f5gO3Zt53ZxjnPegD5+/aa1nSLj9m39oWCDVNOmmf4G/FsJFFfW0kjkeAPEBIWNJCzHAJwM8DPOKANf9n+7tbP4B/B2W8ube1iPw68HoJLmaOCMudEtCFDyMq7iASBySAcDgmgD2K1v7C+3/Yr20u/Lx5n2W5huNm77u/ymbbnBxkc44zg7QBlxqmmWcnlXeo2NrLgN5dxeQQSbT0bZI4bB7HGD2zQBahmhuI1mt5Y54ZBlJYZEkjcequhKsPcH8s0ASUAFABQAUAFABQAUAFABQAUAFABQAUAFABQB//U/v4oAKACgAoAKACgAoA/E74f/wDKfH9o3/swL4Df+rE+IlAH7Y0AFABQAUAFABQBm6zpGneINI1XQdXtheaTrem32kapaGSaEXWnalay2d7bGa3lhuIhPbTSxGSCaKZN26KVHCuoB8uWf7GP7JvgpNU8QH4Y6FptjDoHiKy12617xP4qvdCHhnVtEv8AS/E0Ot23iDxHd6M+kXOg3eoW+pHUYXtkspZnkZFUuoB7B8Qvgz8LPjD4Y0fwx468M2viPwvpUlrfaNYQapq+l2tu0Nr9mtJbafQNS06V4VtH8uFDPJbmMgqhwr0ARfCv4F/Cv4JW2q2fww8KR+F7bW54bnVIk1fX9W+1T28flQyFtd1TU3h2RnbtgaJW6sGIzQBynxH/AGVPgF8W/Es3jD4h/D+LxF4jntrWzl1J/EXi7TWe2solgtovsuj69p9kvlRKq7lt1d8ZkZm+agD2Pwv4T8P+DPDOj+DvDOnjTPDegabBo+k6atzeXS2mnWsQhgthdX09xezCOIBPNuLiWZurys3zUAfP2h/sW/szeG/EmneLtF+GMFl4i0rVI9a0/UR4q8cTtb6nDN9ojuRbXXiWazkKzfP5U1vJAehiZfloA9s+IXw58GfFXwzdeDvH2ir4g8N3s1vcXOmvfanpyyzWrmS3f7VpF5YXq+W5J2pcqrdHDAAUAcR8LP2cfgx8FNQ1PVfhj4Kj8L3+s2sFlqVwmueJtVNzbW8kksMRj1zWdSii2SSu26GON23YZiABQAz4p/s3fBX416rp2tfE7wTH4o1PSdPOl6fdPrvifSjb2BuZrvyBFoetaZbyf6RcTSeZNFJN8+3zAioigG58Ovhf8JvhUY/Dfw98P6H4fvbDQ4YPskN5NqHiCLw5ca3rWp2kdxd6re3+uyaM2vX+v3FkLm4azS+n1FbXa4mRQDzLVP2Lv2Z9Z8TXfjHUvhjBdeJL/WH1+71I+KfHERm1aS6+2vdm1h8TR2SE3P73yI4Eth9wRCPCKAe+eKfB/hzxr4X1PwZ4n00ap4Z1myXTtS0xrq9tFubJWidYTdWNzbX0WGhjPmQXMcvy4LnJ3AHkXw2/ZX+Anwh8Sf8ACXfDrwBF4c8RfYLnTP7RTxD4t1M/Ybx4JLiD7NrOu6hZ/vHtoW8z7OZV2YR1DNuAOn+K3wI+FHxvh0WD4o+E4/FMPh2W+m0ZJNY8QaT9jk1JLVL1gdB1XTGn85bO3BFyZlj8rMWwu+4A0/hh8Ifh18GdDuvDfw18OJ4Z0W81CTVLmxTU9Z1QS38sUUElx5+t6jqV0paKCJPLjmSIbMhAxYsAeZeN/wBj79nL4j+J9U8ZeNPhvDrXiTWZUm1LU28TeNLFrqSONIlY2umeIrOyixGiriG2iU4yRk5YA94PhjQz4ZfwcbEf8I3Josvh59N+0XW1tHms20+Wz+0+eL0BrN2h84XP2kZ3rOJAHoA+ctH/AGNv2WPAt+/iyx+GekaXNpthrP2q/wBV8TeLL7S4dL1HSb7TNcGp2mu+IrzR5tOn0a9v4L5dQtpbZbWWV327Q6gHrHxA+D3wu+L/AIU0vwp438N2fiLwnYT2mo6Tp1tqWq6XZwyW1tJb2c1tP4f1DTZWhjtZ3SKMTNbFHBEbFUZACr8KvgP8KPglFq0Pwv8ACUfhaLXZLeXVVj1jxBq32uS0V0t2J13VdTaHy1kYYtzEG3ZfcQKAOa+JP7LHwF+L3iM+LfiL4Bi8R+IWtLexOov4h8W6YxtbRdlvD9m0bXtPs8RrxvFsHbq7uTlQD1/wj4R8PeBPDej+EPCmnDSfDugWUOnaRpy3N5eLZ2cC7YoRc6hcXV7MEXjfcXE0jdWc/wAQB8+6T+xV+zHofiOw8W6V8MILXxDpmrwa7Y6iPFXjmUwarb3QvYbsW0/iWWzkKXKiXyZbd7c42NEyEowB7j4/+Hng/wCKPhi98G+O9GXXvDWovbyXumNfalpyzPayieBjdaTeWN6nlyqGxFcoGxtcMpIoA4H4W/s2/BT4LapqGtfDLwTF4Y1PVbRLC/uk13xPqpuLSOQypCYtc1rUoI8SEtviiSQ9C5A20AfxG/8AB5n+wV8XfHWsfAf9uj4feH9S8UeA/BHgG5+EHxSh0iznvZ/CT23iLWPE2geJtQSFZGj0rU4tbutNkn2LDaTaVunkX7THQB/n2bWLBcHcTgLg7iTwAB1yScY6mgD+8X/g0V/4JW6j4tf4v/tsftCfDzVYPh7q2j6d8PvgpaazPrvh5/E1zFqSav4n8V2kVhe6XeXmj2ktppOn6ddvJJY3lymohUcQh6AP9A/xJ4S8PeLvDGpeDfEWnDUfDer6edL1HTWuby2W5sCEBtzdWdzbXsYwijzIbmOb5c7zk7gDxz4cfsp/AH4SeJY/F/w9+H8Xh3xHFaXNhHqSeIvF2pFbS7MZuIvs2sa9f2R8wwx/O1u0i7fkZctuAOt+K3wN+FfxutdHsvih4Uj8U22gT3lzpEUmr69pP2Oe/S3ju3D6FqmmPN5yWsClbhplTy8xhCzlgC78Lvg78N/gtot94e+GXhpPDGj6lqTave2aaprWqifUXt4LRrkza5qOpXMZNvbQR+XFMkPybvL3szMAeceO/wBkL9nX4meKNS8Z+N/hzDrniXVzC2o6m3iXxlYNcm3gjt4SbXS/EVnYx7IYkT9zbRbtu5gWLNQB7pB4X0K28Mp4OgsBH4bTRm8Prpv2i7ZRo7WhsGs/tTTm9INoxi843P2kZ3iYSfPQB8JfG/8AY7/Zw8AfBL45eNfCPw2h0jxPonwV+MF5peqL4n8aXptbif4c+J7aWQWmo+Iruxl3wXE0e2e1lQb9yqHVGUA9j8B/Cf4f/GT9mX4M+FPiT4eTxLoEHgrwRq8WnvqWsaWF1G18PJBb3P2jRb/TbsmOK7uE8prhoW8zLxMyoyAHpHwq+Afwk+CP9sD4X+EY/C39v/ZTq/l6z4h1b7X9i837Ln+3dW1PyfK8+X/j38rfv/ebtq0AYXxM/Zc+BHxh8QJ4p+I/gKLxJryWUGnpqD+IPFemEWdvu8mH7Pouu6daHYWb5zb+Y2fmdv4QD1fwb4N8N/D/AMNaT4P8IaYuj+HNCtVstK01bq9vVtLZPuxi51G4u72bGfv3FzM57ueigHT0AFABQAUAFABQAUAFABQAUAFABQAUAFABQB//1f7+KACgAoAKACgAoAKAPxO+H/8Aynx/aN/7MC+A3/qxPiJQB+2NABQAUAFABQAUAFAHzB+274P8TfEL9i/9rzwD4K0a98ReMvHH7MHx98H+EvD+mxiXUdd8TeJfhT4s0XQdGsIiyiS91PVb21sbWMsoeeeNSwySoB7f8PLG70vwB4G0zULeS0v9O8H+GbG9tZRiW2u7TRbK3ubeUdpIZo3jcdmUjtQB2FABQAUAFABQAUAFAHylpfgjxXD+3B46+JEujXieB9T/AGV/hJ4JsfEBA+wXHirQviz8b9d1fR42yWN3ZaT4j0S9mGABDqEBDEkrQB9W0AFABQAUAFABQAUAeHftO+G9c8Zfs1/tC+EPDGnz6v4k8V/A74s+G/D2lWoButT1zXfAWv6XpOn2wJUGe9v7q3toQWUGSVQSMk0Adt8LtMv9F+G3gLSNUtpLPUtL8H+HbC/tJhiW2vLTSrWC5gkAyA8UsbI2D1B64oA7ugAoAKACgAoAKAMfxB4e0HxZomp+GvFGi6V4j8Pa1aS2Gr6Hrmn2uq6TqllOMS2l/p97FNaXdvIPvRTxOhIBwCM0AfhzF/wQ4/4J3r+21ffED/hhr4UD4cj4O+HNatLg6Pe/8Iwvxh/4WH4yu9WvY9N/tT7L/aw0L/hH5JLcw/2eLVoVFpgstAH7jeH/AA9oHhPRdN8N+F9F0rw54f0a0hsNJ0PQ9PtdK0nTLK3QRwWlhp9lFDa2lvEihY4YIkRQMAHANAGxQAUAFABQAUAFAHhn7UH/ACbT+0P/ANkM+LX/AKgPiCgC9+zt/wAkH+D3/ZOPCH/pks6APZaACgAoAKACgAoAKACgAoAKACgAoAKACgAoAKACgAoA/9b+/igAoAKACgAoAKACgD8Tvh//AMp8f2jf+zAvgN/6sT4iUAftjQAUAFABQAUAFABQB5t8ZfifofwS+D/xW+M/ia3vLvw38Ivht45+J/iG105Fk1C50PwD4Y1TxXq1vYRsQr3k1hpNxHaoxCtO0YJAJNAHZ6BrFv4h0LRdfs1kS01zSdO1i1SUASpb6nZw3sCyAZAkWOdQ4BwGyBmgDWoAKACgAoAKACgAoA8ztvip4cuvjFrPwSjS9/4S7Q/hr4X+KV5I0GNOPh3xZ4n8YeFNMSO5/ivRqXgjVzPBj5IGtpOfMoA9MoAKACgAoAKACgAoA434i+N9I+GXw+8dfEjxAty+g/D7wb4n8b62lnH5122keFNEvte1JbWHjzblrKwmEEefnl2rxmgDY8Oa7Z+J/D+ieJNPEosNe0qw1eyEy7Jha6jbRXUAlTnbII5V3rnhsjnFAG1QAUAFABQAUAFABQB5mvxU8ON8YLn4KBL3/hLbX4d6X8S5H8g/2d/YGreIde8NWyLc5wbwah4evjJDj5YTE+fmAoA9MoAKACgAoAKACgAoA8M/ag/5Np/aH/7IZ8Wv/UB8QUAXv2dv+SD/AAe/7Jx4Q/8ATJZ0Aey0AFABQAUAFABQAUAFABQAUAFABQAUAFABQAUAFABQB//X/v4oAKACgAoAKACgAoA/E74f/wDKfH9o3/swL4Df+rE+IlAH7Y0AFABQAUAFABQAUAeMftIfCqf47fs8fHr4IWuqxaFc/GT4MfFH4VW+uXEL3EGjT/EPwPrvhGHVZreP95PFp0msLdyQx/PKkLIvzMKAPSPCmit4c8LeGvDzzLcvoOgaNorXCqVWdtL062sWmVTyqymDeFPIDYPQ0Ab9ABQAUAFABQAUAFAHiVn8IDaftG+Jfj3/AGxvHiD4K+BvhH/YHkYNufBvjj4jeMf7X+05+f7b/wAJ79i8jb+7+weZk+bigD22gAoAKACgAoAKACgDzj4x+Af+FrfCL4qfC7+0P7J/4WT8OPHHgH+1fK8/+zP+Ex8Man4e/tDyePO+x/2j9o8rP7zytnGaAOi8GeH/APhE/CPhnwv9o+1/8I7oOlaL9q2bPtH9mWUFn5+z+DzfJ37e27FAHS0AFABQAUAFABQAUAeJJ8INv7RV58eP7Yz9r+D2hfCr+wPI+5/Y3jDxX4q/tX7Tnnzv+Em+y+Rgbfsu/J34UA9toAKACgAoAKACgAoA8M/ag/5Np/aH/wCyGfFr/wBQHxBQBe/Z2/5IP8Hv+yceEP8A0yWdAHstABQAUAFABQAUAFABQAUAFABQAUAFABQAUAFABQAUAf/Q/v4oAKACgAoAKACgAoA/E74f/wDKfH9o3/swL4Df+rE+IlAH7Y0AFABQAUAFABQAUAfPn7WvxL8R/Bf9lT9pr4xeDvsX/CXfCf8AZ8+M/wAS/Cv9p2323Tf+Ej8CfDjxJ4o0P+0LPfH9rsv7T0q1+123mR+fB5kW9d+5QD1zwRq93r/gzwjrt/5f27W/DGgave+Snlxfa9S0q0vLjyo8nZH50z7Eydq4GTjNAHT0AFABQAUAFABQAUAfOen/ABV8R3X7W3i/4IyR2I8JaF+zv8NfinZyrARqR8ReLfiR8WvCepxy3O7DWK6b4I0hoIdmUne5ck+aNoB9GUAFABQAUAFABQAUAeR/tAeONX+GXwH+NnxJ8PpbSa98PvhH8SPHGiJexmazfV/Cfg3Wde01LuEFTLbNe2EInjDKXiLqCM5oA6z4e67eeJ/Ang3xJqIiW/17wxoer3ogXZCLrUdNt7ucRJk7IxJK2xcnC4GTjNAHyl+2H/wUC+AH7DU3wth+O6/EO2/4XN4y0z4d/DqTwb4D1bxhF4g8d61dLaaR4ThOmfMmtajPJELW1YfOssbl1DUAbnwd/bm+AXxn+L/iT9nzSdU8TeCvjv4V8OW/jHVfg/8AFDwtqHgXx83hC6mS2i8UWGh6oWbUdDFzJHbSX9nLLHFO6xSbXoA+waACgAoAKACgD5yT4q+I2/ay1D4JmOx/4RO1+APhr4mRy+Qf7SOv6v4+8ceGrmNrndtNkLDw7YtHDsyszSvuO7FAH0bQAUAfE3i39vr4GaJ8Tdc+Dvgix+JPx3+I3hIW58ceH/gH4E1P4nf8IG90C8Ft4x1PSHTStFv5Ih5o06S7e+VXiE0ERkSgDoP2Zv21fg7+1d4i+LvhL4aWXxE0rxP8CvEWn+EfifoPxD8Cax4H1Tw14n1GwTVYdEntdWUGa9TTZrW9mWAyRrbXlrKsrpOjUAfXNABQAUAeGftQf8m0/tD/APZDPi1/6gPiCgC9+zt/yQf4Pf8AZOPCH/pks6APZaAPiH9sT/goH+z/APsMzfC6H47r8Q7b/hcvjHTPh78O5fBvgPVvGMXiDx1rNytppPhKBtLO5Nb1GaSIWtoyfOssbmRQ1AGt4c/br+Auq/E7wr8GfFtz4y+DnxR8e291c+AfBfxq8H6l8OtV8cpZANeR+FG1Ymy1e7to2SSWxgu/tgjkjcW7hlFAH2RQAUAFABQAUAFABQAUAFABQAUAFABQAUAFAH//0f7+KACgAoAKACgAoAKAPxO+H/8Aynx/aN/7MC+A3/qxPiJQB+2NABQAUAFABQAUAFAHKePPBvhX4i+BvGfw+8d6Xa634I8deFPEXg3xlot87x2Wr+FfE+j3mieIdLvJI5IpI7W/0i9vLS4eOWN1hldlkRgGUA3tNsLLS9OsNM02FLfTtOsrWwsLeMkxwWVnBHb2sMZJJKRQRoikkkqoJJ5NAF2gAoAKACgAoAKACgDkYvBHhGHx3f8AxHi0ezTx3qXhPR/BV/4gDSfb7jwnoWsa9rmj6PIvm+ULSy1fxHrt5CwhEhm1C4DSMoRUAOuoAKACgAoAKACgAoAwfFPhvQfGXhjxH4Q8U6fb6t4Y8VaDrHhvxHpV2XW11PQdc0+40zWNPuWjeOQW97p91cW0xR0cRyMVdWAagC/pWmafoumafpGlW8dppml2VtYafaxFjFbWVpCkFtBGWLMUihREUszEheSeTQB/Mn/wU21bx5+0v/wWd/4J2fsu/C3wfp3xMi/ZF8AfEH9tn4h+D9Q1628PaPea7qE0HgjwDp+s6vdK9tZ3+k38OjeKNJjlXzJI7iV4uGZkANz9gK9t/wBsr/gr1+01+0t+0NIfhX+19+xj8MLX9mCH9mHQka+0Hwh8MvGHiC78Tad8Qb3x5iOLx5N4xvtPvLmweyRrDS7dvsyu4WBlAP6X6ACgAoAKACgDkR4I8Ijx1L8Rho9mPHU3haz8HS6/uk+3v4XsNU1LWLPSSvm+V9lh1TVtSu0Pk7zLdSgyMoVUAOuoA/Jz/gt/+2D41/YZ/wCCZf7S3x8+GjG3+JFj4d03wb4F1Py/MXQ9f8davaeHRr/QhZ9F0271HUdOcjauq29iXDISrAHpn/BKr9kzwr+x5+xL8F/h5o4fUvGHiTwvpvxG+LXjW/ma913x/wDFHxzaQ+IPF/irW9Tm33V9cXup3sy232iab7JZR21pE/lQoKAPuHw38OvBnhHxN4/8YeHtBstL8R/FHWtI8Q+OtUto1S58Q6voXhjRvB2l3t6w5aS08O6BpOnJ2MdqGPzs7MAdtQAUAFAHhn7UH/JtP7Q//ZDPi1/6gPiCgC9+zt/yQf4Pf9k48If+mSzoA9loA/m//buUftaf8Fyv+CbX7JcAGpeCv2S/h/8AEb9tr4q2afvLQa7eyW/gr4d6dqfDJFf6dqUOjeJtKRx5hhuJpIuGZlAOX/4Oh/ECaZ+yp+yRpXgeITftI6z+3p8BT+z6dMkEXiy08RWkutLql3o8kH/Ex/swy3eh2Wuw2x+zzreWBvQ0cSbQD+kzwx9v/wCEb8Pf2tuGqf2HpP8AaQf7wv8A7Bb/AGzdnnd9o8zOe9AG5QAUAFABQAUAFABQAUAFABQAUAFABQAUAf/S/v4oAKACgAoAKACgAoA/E74f/wDKfH9o3/swL4Df+rE+IlAH7Y0AFABQAUAFABQAUAfKn7dsevzfsP8A7ZMPhNdWbxTL+yp+0NH4aXQftY11tff4ReL10ZdFNgRfDVjqJthp32Ii7+2GH7ORNsNAHvHw4Fyvw88BLe+eLweDPC4uxc7/ALSLkaHYif7R5n7zz/N3+b5nz792/wCbNAHZ0AFABQAUAFABQAUAfJGlW3ikft2+PbyVNa/4Ql/2Tfg9bWMjvd/8I6fFEXxe+O0urJbIW+wDWl0qbRTfPGouzYtp6zMYRbhQD63oAKACgAoAKACgAoA8H/anh1u4/Zi/aNt/DS6i/iOf4D/F6HQE0czrqza3L8PvEKaUultalbpdRa+aAWJtmWcXPlGEiTaaAO4+FiahH8MPAEeoCcaongvw4t4L4ym5F8NHtROLsyZmMwmDeeXPmb92ctmgD8YPhH+wJ+3r8KP+ChX7ZP7ecnjz9kzxzrn7TXhj4f8AgTwb4d19Pi7ZS/CrwZ8Nob2w0XTLO7stFmS+fVrGawl11V8uKa/02KWNmEruoB9S/sG/8E75P2Vvin+03+098VPiOPi9+1J+154o0jX/AIs+MdP0n+wfCWiaL4ZS9i8KeA/A2jyNLd2/hzw5HqN4ltdX8i312ksYuEHkIKAP06oAKACgAoAKAPkeO28Vf8N0apdlNb/4Qo/st+DreKQvd/8ACPf8JKvxR+JEl2qR5+w/2wNNk04zuF+1Gza1DkxCMUAfXFAHyt+21+yP8Nv26/2XPi/+yt8WDdweDfi14abRp9U04Rtqfh/VrO7ttV8P+ItOWUrHJd6LrVjY36wSMkd3HDLaSuIp3KgHyb+zz8M/+CoHwe+Gfgb9n7xN4s/Zg8Z6P4C0Sw8G2P7RFwfHaeNNT8LaTbjTtK1fUPh39iXR7nxtb6fFbNdwyalDoF9dxyO10iyjaAfpl4K8O3nhTwvo+g6j4j1fxbqOn2qx3/iTXXhfVNYvGJe5vboW8cUERmmZmSCJBHChWJeEFAHU0AFABQB4Z+1B/wAm0/tD/wDZDPi1/wCoD4goAvfs7f8AJB/g9/2Tjwh/6ZLOgD2Nt21tm3ftO3dnbux8u7HO3PXHOOnagD8LPgz+wN+3V8Jv+Ch37Y37eeoeOP2UvHmq/tM+Hfh54G8I+HNY/wCFt2Fz8LfA/wANIb6x0jSLK8tdFmivJNYsZtPk1wrsjkvtNilj3+YzKAfR/hr/AIJxp8Qf2pPBv7Z/7Y/xBh+Ovxh+FVpqVj8CvAul6S2ifBj4Gx6pLIbvVfCugXTy3niDxfcQFYpvF2uiK+AAENrE0Ns8QB+o1ABQAUAFABQAUAFABQAUAFABQAUAFABQAUAf/9P+/igAoAKACgAoAKACgD8Tvh//AMp8f2jf+zAvgN/6sT4iUAftjQAUAFABQAUAFABQBxXxK+IHhj4TfDrx98VPG15Jp3gz4Z+CvFXxA8XahDBJdS2PhjwZoV94j1+8itYsy3MlrpWm3c6QRjzJmQRplmFAHS6TqdnrelaZrOnyGWw1fT7LU7GVlKNJZ39tFdW0hRvmQvDMjFTypOD0oA0KACgAoAKACgAoAKAOKh+IXhSf4ial8KotSDeN9J8GaH8QL7SPLcND4V8Ra34i8O6RqRm/1bC61bwrrdsIwd6mzLHKutAHa0AFABQAUAFABQAUAfyg/wDBS3/g68/ZN/Yo+KPij4FfBLwHqv7TXxM8E30+j+LtW0jWLXRvh1oWvWcpivtCXXcS3Gs3lm/7u5n0uOW1guY5rV5BJHlgDW/4Jh/8HU37KX7dnxS8OfAT4t+BdV/Zr+LHjG4h07whda1q9rq3gHxPrlzI0dtoFprY2XOnalcsES0GpJHHeTzxW0LGXNAH9U4IYBlIIIBBByCDyCCMggjkEH880ALQAUAFABQAUAfFX7ef7fn7OH/BOX4E6r8ff2k/Fv8Awj/hqC4Ok+G9DsIxe+J/G3iWSF5bTw74Z0pSJby7lC77qfAttOtd13dusarQB/Iof+D3D4bj4lNaj9jHxYfhILoquq/8Jrpv/Cdm0DcS/wBm8aL5pX+D7TjJzkgYoA/rv/YR/b3/AGdf+CinwJ0b4+fs4eLF17w1eynTte0S9VbXxL4N8QwRo934f8SaaT5lpewCRZIpAPIu7d47iBmjcbQD7RoAKACgAoAKACgD+R7/AILC/wDBzz+yR+y9P8aP2RPhD4W1j9ob4rTeFPGfw28aa7oOpWmnfD/wTrut6NqHh+/0ybWWZ5tc1HSTfF7n+yUltYbq3nspZDIhagCt/wAEif8Ag6J/ZR/ak1n4VfspfGTwZq37PHxMutJ0HwX4O8Q6zqtpqfw+8Wa5bW8enWOkLqg2XWj6hqLQILZtSjitp7m5gtI38w5oA/rpVlZQykMrAMrKQVZSMggjIIIwQQcEcjNAC0AFABQAUAFABQAUAFABQAUAFABQAUAFABQAUAFAH//U/v4oAKACgAoAKACgAoA/E74f/wDKfH9o3/swL4Df+rE+IlAH7Y0AFABQAUAFABQAUAeAftY/DPxB8av2Wf2lvg34Tezj8U/Fr4AfGT4Z+GpNQm+z2CeIPHnw68R+FtGe+uMHyLNdR1W2a5mwfKhDvg7cUAeV/CHx5+1ZZr4A8FeNP2WbPwz4e03S9F8P654vg+M/gXWl0+DS9Kis5NSi0WxY396kk1suy2hHnBZcnG1qAPo34peIviF4Y8LnU/hl8O0+J/ib+0LW3HhiTxTo/g9TYSpObnUP7Y1siyzaukCfZc+dN5+6PIiegDk/g943+Nni+416P4t/BGH4RQWMOnvoc8XxD8M+Of7cluHuxfwtF4fZn077AkVq4kuvluftW2LJhk2gGV8WfiD8f/Cmv2lh8K/2fYPiroMumx3F1r0vxQ8JeC2tdRaaZJNOGma6y3cwjhSGb7Wn7l/O8sYZG3AHq3gHWPF+veE9J1Xx34PXwH4puopG1Twqmu6f4lXSpFlZUiGtaUTY3nmRhZd8B2ru2HDKaAPnk/Fj9q3/AISpNLH7J1sfC512KxfxT/wuzwFuTRGvVhl1z+xt4vmaKyLXv9nAfaXK/ZxiVhQB9DePNY8XaF4P1nV/A/hBfHXi6zt7eTSPCD67p/hxdYuJLu2iuLc65qhGn2H2e0kuLvzLg7Jfs/kJmSVKAPJ/hP8AEL9oHxV4iudP+Kf7PcHwq8Px6bNc2/iCP4o+EfGbXOopNAkOm/2XoTNdxCaJ55vtbjyY/I8tstKu0A8Y+KHhr9oHwP8AtV6l8dPhR8I9M+Lvh3xV+z/4E+FGoac/xA8PeB9R0HWvBfxE+KHi6S8ceICsd/ZajY+PLOGA2pLwz2VyJgFeM0AfVHwt8R/ETxR4ZGpfE74cx/DDxJ9tuYT4aj8VaP4wUWcbYt7z+1tEJsiblfm8jPmRdHwTQB4t40+Kv7U2jeKda0vwd+ypbeMvDNlfTQaN4nf40eBNAbWrJGxFfHR9RcXtgZl+b7PcgSx9GyRlgD6R1fUNftPC+oanpPh9dW8TW+iz3th4YOp2liuoazHZtLBox1i4xZWwnuwtp9vlP2aPd57YjBoA+f8A4c/E39pbxF4s0/SviF+zLb/DvwrcJcm/8VR/F7wV4paweOFnt0Gi6Q5v7n7RMFhLRDEW7zHwgNAHo/xc8V/FTwnpGm3fwp+FMfxY1W5vXh1HSZfGmg+CRp1msW5L0XuvMsF0XkzF9nh/eLjecLjcAQ/CHxd8WvFum6rcfFj4RxfCXULW9SHS9Oi8ceH/ABuNVsmgjd703WgM0VmUnaSD7PP+8bZ5gyrDaAfGP/BRb4zftU/DT9nT9qq8+DHwHk8Qab4e/Z7+J2saH8VLL4neFtD1PRL6D4daxe3mu2Pha7Ya5Je+FJxPeWkcIaW9n06OS1B81FoA/wAUbWNQv9W1bU9U1W4mu9T1HULy91C6uWL3Fxe3Nw81zNM7YZpZJnd5CeSxOc9aAHaJquqaFrGla1od5dafrOk6jZalpV9YzS295Z6jZXEdxZ3NrPCySw3ENxHHJFJE6ujqCpBAoA/3CvgD8SvjrqX7EP7OfxEHw0bx98ZvEfwh+F+p+K/Bl54k0vwZKmqan4Wsp9cuJtV10raRS2lzgNbyHzpmlJXBVtwB7J8IPHPxv8XXmtw/Fr4Gw/CO0sreyk0a7i+IvhjxwdauJpLhby3MHh9mk0/7HHHbyebc/JP9o2x5MT7QCl8W/H/x88J67p9j8KfgBB8WNEuNLW5v9cl+JvhPwSbDUzdXEbaYNO15lurkLbR29z9siHkE3HkjDxPuAPTvh5rXjLxB4S0zVfH/AIMT4f8Aiq5E/wDaXhRNf03xOumFJ5EgA1rSS1heefAqT5hP7vzPKbLqdoB8/XPxY/asi8VyaVbfsn21z4XXXFsY/FJ+NfgKFpNFN4ITrf8AY7v9uUizJvP7PI+0kr5AHmHFAH0R421bxXovhHV9W8GeE18aeLLS1hl0nwk+t2Hh9dWunuII5bU65qWNPsfKgknn864Plv5HlLh5VoA/zUP+Dwv4yftG+M/2lP2XfAnxf+Hd78I/COjfBTUPE3hrwbF410fxrpGq61q3jbxFp2seKBfaCTY22oyW2lafpEtpKftC22mW0xASZDQB/HJQB/bJ/wAGUnxA+Jln+1n+1F8NNOfUJ/hNrXwZ0fxV4mjJnk0zTvGGjeJFsfDMqqWNvbXep6fqWuo7IiS3UenoHZ1t0CAH98/jj4p/tR6J4q1nS/BX7LFt428MWd20WkeKH+M3gXw82sWoA23R0bUnF9YljkeTcDzBjJxkUAfRt7qGvQ+Fr3VLLQBe+J4dBur6z8LnU7S3W81yKwknttCOsSE2NuLq+WOw/tKQ/ZYRJ9pfEStQB89/Dz4n/tNeIPFul6T4/wD2Ybf4feFLo3H9p+LE+MHgnxO2mCO2lktyNF0lzf3n2i4SK2/cA+V5vmvhEYqAenfFrxT8UfCmiWN78KvhZH8V9Znv/IvtFl8ZaF4KFjY+UzfbhqGvFba5PmhYvs0R835t/CqdwBS+EPjD4u+LbLV5viz8IIvhJeWl1DFpNnF468PeNxq1s8Qaa5M+gFo7Iwy5i8q4O98b1yp+UA+Tf2/vjJ+1H8M/gL+01f8AwX+BTeJbHw5+z58U9f0H4nWvxL8LaHqGia1Y/DjXdR/tWy8K3xOtXl34bvoRd2tvAjS6lNZxx2qs0yCgD/E08Q6rq2u67rOta7dXN7rWq6nfahqt3eMz3VxqF3cyT3c1wz/MZpJ5HaTdzuJz2oAq6ZqF/pOo2Gp6VdXNlqen3lte6feWcssF3a3ttMk1tPbTQMs0U8UyI8TxMsiuAUYEZUA/28/2UPih8edf/wCCfX7LfxOvPh9J8Qvjd4n+BXwm1nxZ4RvfEGl+DJptb1Xwrps+uTT6nre2ztZbadi728uJJGbauSDQB778IfHfxz8W6hq9v8WPgVD8JLC0tbaXSdQi+JHhfxudWuZJJVuLU2ugM0tl9mjSKTzrj5JfN2JlkbaAQ/F3x78ePCWs6ZZ/Cj4CQfFrR7nTPtOpaxL8S/Cvgk6bqX2q4i/s0WGvstxdj7LHb3X2uEeTm48nh4n3AHo/w41zxt4i8I6bq3xC8EJ8O/Fdw92NR8Jp4i0zxSunJFdSxWrjW9HJsLr7XbJFdbYTmHzfJkw6NQB3NABQAUAFABQAUAFABQAUAFABQAUAFABQB//V/v4oAKACgAoAKACgAoA/E74f/wDKfH9o3/swL4Df+rE+IlAH7Y0AFABQAUAFABQAUAeJ/tLfFa9+BH7OXx/+OGmaRa+INS+DXwT+KvxW0/Qb64mtLLW734eeBNe8XWukXl3bpJPa2upT6PHZ3FxCjzQwzPJGjOqrQB6Z4S1qTxJ4V8M+IpYEtZde8P6LrUttG7SR28mqabbXzwRuwDOkTTmNXYBmVQSASRQB0FABQAUAFABQAUAFAHhVl8X7y7/aY8UfAQ6NbJYeH/gb4B+LkfiAXMpvLi78ZePfiZ4Om0d7TZ5KW1lD4Ct72K4WTzZJdQmjZQkKFgD3WgAoAKACgAoAKAKGq6Xp2uaZqWi6xZW2paTq9heaXqmnXkST2d/p2oW8tpe2V1A4ZJra6tppYJ4nVkkidkYEEigD/ON/4K5/8GnPxj8A+N/i7+0Z+w9r/hPxF8B4tP8AGXxR1/4c+LNZh8P+J/h1pOk6fe+Jdb07SLi4Q2viSwtYYLtNLjgMd6YIoxcRq5NAHR/8EnP+DSX4z6l8VPhx8ef29dd8HaF8IvDl9oPjnS/hN4V1aHxLrXxIWNbXV9I0/wAQ3tsBZ6JoMkoQa3Yys1/eW/8AokQWOaZ1AP8ARUsbK102ytNOsYI7WysLaCzs7aJQsVva2sSw28MajhUiiREQdlXHagC1QAUAFABQAUAfiv8A8FrP+COXw2/4K4/AfR/C13rdt8P/AI5fDKbUNS+EfxIlszd2tq2pJH/afhjxFFCpup/D+pvBBOGh3y2F3GZYYiLm4NAH8AK/8Grf/BT5v2hpv2e/7L+Ev9rW/hfTPH03iYfELTf7CXwNqviXWPDVrrSkx+e12bjQ9QlbR9v2xViEZ+dgKAP7+v8Agif/AMEcPh1/wSK+A2teE7bxDb/EX44fE+60/V/i98SoLSSzs7+fToXTS/DXhy2nUXFt4a0M3F21oLgLc3V1dXV3OA0oRAD9rKACgAoAKACgCre2VnqVld6dqFtBe2F/a3FlfWd1Ek9td2d1E0FzbXEMgMc0E8MjxTRSApJG7IwKkigD/Oi/4K7f8Gm3xf8ADXxC+Kf7RX7CeueENa+C1zb+LPiR4g+F3ivWU8P+Ifh9ZWFle+IdatNDvLtWtfEGmRJDcLpdvEUvxGgWZBjcwBl/8Eov+DSj42+LviT8Nvjt+3Xr/g7w38EtJn8P+OdP+GHhXWU8ReJPiRBttdW0zTdXu7NFtfD+iySKI9at52+33Nu3kWyhZJHUA/0bdL0yx0bTdP0jS7WKy03S7O20+ws4EWOC1s7OFLe2giRQFWOKGNEVQMAAdaAL1ABQAUAFABQAUAFABQAUAFABQAUAFABQAUAFABQB/9b+/igAoAKACgAoAKACgD8Tvh//AMp8f2jf+zAvgN/6sT4iUAftjQAUAFABQAUAFABQBwPxW+G3hn4zfC74k/B/xol7L4O+K3gHxj8NvFkem3ZsNRk8M+OfDuo+F9eTT74RymyvX0rVLpbW7EUhtpzHMI32bWAOr0XSbTQdH0nQtPEi2Gi6ZYaTZLK/myi0061is7YSyYXzJBDCgd9q72y2BnFAGnQAUAFABQAUAFABQB55b/DDwrbfFfV/jPFFejxtrfw+8N/DK+na7J09vC3hXxF4r8U6TFHY7Nsd4mreM9bee6EhM0L20RVfIBcA9DoAKACgAoAKACgAoA5Px74L0P4keBvGnw78TR3Mvhvx74T8R+C/EEVnObW7k0PxTo95oerR2tyFY29y9hfXCwThWMMpWQKdoDAGroGiWPhrQ9H8PaWsqaboem2Wk2CzSedKtnYW8drbrLKVUySCKJQzlV3Nk45+UA16ACgAoAKACgAoAKAPPF+GHhVfircfGQQ3v/Ca3PgPTfhxLP8Aaz/Z/wDwjOla9rfiO0iFj5e0XY1PX9RZ7rzcvC0UWweXuYA9DoAKACgAoAKACgAoA8M/ag/5Np/aH/7IZ8Wv/UB8QUAXv2dv+SD/AAe/7Jx4Q/8ATJZ0Aey0AFABQAUAFABQAUAFABQAUAFABQAUAFABQAUAFABQB//X/v4oAKACgAoAKACgAoA/E74f/wDKfH9o3/swL4Df+rE+IlAH7Y0AFABQAUAFABQAUAfLP7c3iDxD4T/Ym/bD8VeEdSv9H8WeGf2Wf2gvEHhjV9Kdo9U0rxDo3wl8XajoupabIgZ0v7HUra2urN0VmW4ijKgkAUAe6fDq6ur34feBL2+llnvbvwb4YuryeYkzTXVxoljLcSyk4Jlkld3kJGS7HOKAOyoAKACgAoAKACgAoA+T9L8TeLJP25fHfg6XUtTbwLZ/sqfCLxLYaQwb+x4fFeqfFv45aZq+owtsC/2ldaRo+h210BIzC2s7QmNQQ7AH1hQAUAFABQAUAFABQB4X+1BrOu+Hf2aP2iPEHhe8vNP8TaF8C/i3rPh3UNOBOoWOu6Z4A8QXukXliFV2N5bahBbzWoCOfORMK2cUAdx8Lb2/1L4a+AdQ1Waa51O98HeHLrULi5/4+J7yfSbWW5lnyAfNkmZ2kyB85PA6UAd5QAUAFABQAUAFABQB8nR+JvFp/bg1TwedS1M+B4/2YfCHiKLSMN/ZC+KLr4nfEbTrzUFOzb/aEumWGm28o8zP2eCDKDIagD6xoAKACgAoAKACgAoA8M/ag/5Np/aH/wCyGfFr/wBQHxBQBe/Z2/5IP8Hv+yceEP8A0yWdAHstABQAUAFABQAUAFABQAUAFABQAUAFABQAUAFABQAUAf/Q/v4oAKACgAoAKACgAoA/E74f/wDKfH9o3/swL4Df+rE+IlAH7Y0AFABQAUAFABQAUAcr461zwf4Y8EeMfEvxCvNI07wB4e8K+Idc8cah4hSGTQLHwfpOkXl/4mvNcjuI5YJNItdFt72fUkmikhaySZZI3QsrAG9p1xY3mn2F3pckEumXVna3GnS2oUW0ljPAktpJbhQFED27RtCFAURlQABgUAXKACgAoAKACgAoAKAOZj13wm/jG98MxX2kt44tfDWl65faYvk/25F4Vv8AU9ZsNIvp8L9o/sq41bTNcgtNzGH7XbX2xQ+8sAdNQAUAFABQAUAFABQBjeI9T0LRPD2u6z4oubGy8NaTo2qan4ivNU8v+zLTQrCxnutXudR81Wi+wwafFcS3fmq0f2dJN6ldwYAuabdWF9p9jeaVLbz6ZdWlvcafNa7fs0tnNEsltJb7Aq+S8TI0e0BdhGOKALtABQAUAFABQAUAFAHMjXfCZ8YSeGhfaT/wm6eHbXWpdNHk/wBuL4YuNRv7KzvX+Tz/AOy5NUtNRhhy/lfaobnaocOWAOmoAKACgAoAKACgAoA8M/ag/wCTaf2h/wDshnxa/wDUB8QUAXv2dv8Akg/we/7Jx4Q/9MlnQB7LQAUAFABQAUAFABQAUAFABQAUAFABQAUAFABQAUAFAH//0f7+KACgAoAKACgAoAKAPxO+H/8Aynx/aN/7MC+A3/qxPiJQB+2NABQAUAFABQAUAFAHzj+2L8PvE/xb/ZF/an+FXgmzi1Dxn8Tf2cfjh8PvCNhPcR2kN94n8Z/DLxP4c0CzmupcRW0VzqupWkMlxKfLhRzI+FVqAPY/Aml3mieB/Bui6ggiv9I8KeHdLvo1YOsd5YaRZ2lyiuuVcJNC6hgcMBkZzQB1dABQAUAFABQAUAFAHzLpvw08WW37ZHjT4xS2luPA+s/s0/C74bWN8LuI3cnirwx8UPjH4n1e1ex/10dvDpPjDQ5Y7o/u5pJ5YV+aB6APpqgAoAKACgAoAKACgDxr9ozwdrnxE/Z7+O/w/wDDEEV14l8dfBr4n+DvD1tPOlrBca54n8Ea5omkwTXMn7u3imv763jknk+SJGMjfKpoA7D4b6Lf+HPh94I8P6pGkWpaJ4U0HSr+KORZUjvLDTLa2uUSVflkVZYnCuvDDBHUUAdrQAUAFABQAUAFABQB8yR/DTxYv7Ymo/F82lv/AMIRcfs6+Fvh5Fffa4vtR8T6X8RPHviG8tTZf64QJpmvadKt0T5bvJJEMtG9AH03QBnav5H9k6p9qv5tKtf7OvftOqW86Ws+mwfZpfOv4bqRJI7aazj3XEc8iOkLxrI6MqlaAP5jP+CVHxP+K/7Xfwj/AGhf2lf2hP26f2h/D/ws8TftaePfhf8Asr6Zo3j3wl4Zvl+G2leMLfwD4ZivY28I3V54h1zUPF73lgk6QoGtYIpseWJpUAP3y/ZZ+F/xZ+Efw61fwj8Y/i/4n+NviJPiN8RdQ0Dxr4vfTpdfPw+1Dxbqlx8P9I1KXTLOxtZb7SfCb6VZ30y26NLeRzyNjcAoB9JUAFABQB4Z+1B/ybT+0P8A9kM+LX/qA+IKAL37O3/JB/g9/wBk48If+mSzoA9loAKACgAoAKACgAoAKACgAoAKACgAoAKACgAoAKACgD//0v7+KACgAoAKACgAoAKAPxO+H/8Aynx/aN/7MC+A3/qxPiJQB+2NABQAUAFABQAUAFAHlHx5+Kth8Cfgd8ZvjfqmlXeu6Z8G/hR8RPirqOiWEsMF/rFh8PPCGseLrvSrKe4It4bvULfR5LS2lnIhjmmR5SEDGgDvfDetR+I/DugeIYYXt4de0XStait5SrSQR6pYwXyQyMuVZ4lnCOVO0spIyMUAbVABQAUAFABQAUAFAHkFp8XtNu/j34g+Aq6RfJq/h/4R+Dfi5NrrSwf2bcad4y8Y+PfB9tpMUAJuVvbO58BXd5PK4EDwX9ssbGRJVoA9foAKACgAoAKACgAoA4H4rePrP4U/C74k/FHULC51Ww+G3gHxj4+vtMs5IorzUrPwf4d1HxDc2FrLORDHc3kOnPbwSTERJLIrSEIGNAG94T8QQ+LPC/h3xRb28trB4h0XTNahtZmRpreLU7OG8SGVkJRpIlmCOyHaWUkYBFAHQUAFABQAUAFABQAUAeQL8X9Nb48XfwH/ALIvhq9p8KtG+Kja75sH9nPp+s+KvE3hWLSxBn7SLyG48NT3UkpBhaG5iRfnV9oB6/QB+Vv/AAWr/at0n9j3/gmb+1n8U5tcstJ8U6h8KPEHgDwDbS3sNrqeo+K/iJHF4JtX0SF5Enur7RbfX7jXiLZXaCLTWmfaq7qAPzt/Zk/Z3/4Jg/sZ/sM/sR/En42fFP4SaB41/Zj8M+DPjB4m8TWXxKt9Yv8Axj8Rp/Amvwa9bDwhY+Jrq21K91nxJ4tl1iytbLRHvH8Q2OmCLEjO9AH9G/gHxX/wnXgnwp4zGkajoC+KdA0vX00XV1RNT0yPVLSK8itL9YyyLdRRyqsqqSA+R2oA62gAoAKAPDP2oP8Ak2n9of8A7IZ8Wv8A1AfEFAF79nb/AJIP8Hv+yceEP/TJZ0Aey0AFABQAUAFABQAUAFABQAUAFABQAUAFABQAUAFABQB//9P+/igAoAKACgAoAKACgD8Tvh//AMp8f2jf+zAvgN/6sT4iUAftjQAUAFABQAUAFABQB5V8dvhVp/x2+CHxk+CGr6pd6HpXxk+FXxD+FWp63YQxXN9o+n/EPwjrHhG91Syt52WCe70+21iW7toZmWKWaJI5GCMSoB3nhzRovDnh7QfD0Ez3EGg6NpejQ3EqhJJ4tLsYLGOaRFJVXlSAO6qSFZiASBmgDZoAKACgAoAKACgAoA8ltfhHpNr8dNe+O66letruv/Cjwf8ACafSDHF/Z8Ok+DvF3jrxfaalHLnzjeXV347vraeMr5aw2duykszigD1qgAoAKACgAoAKACgDhPil4Dsfin8MviL8MdUvLjT9M+I/gTxd4D1HULNEku7Gx8X+H9Q8P3d5apIRG9xbW+oyTQJIQjSooYhSTQBueFdAt/Cnhnw/4YtZpbm28PaNpujW9xMFEs8Om2kVpFLKFwokkSEMwXgMSBnANAG/QAUAFABQAUAFABQB4EvhT4dp+0Vd/FP/AITvSf8AhPLr4Y6R8K38GnWNIFwmm6N4o8SeKIr4WH2r+0vtsl14kubaSMwKgigiI+dnFAHvtAHDeO/hf8NPilp9rpPxN+Hfgb4jaVZXDXVlpnjvwloHi7T7O6ZQjXNrZ+INP1G2t7hkARpookkK4UuQMUAect+yd+yy7WjN+zT8AGbT2jawZvg38Oi1k0LK0LWhPhzNs0TIrRmEqUZVK7SAaAPfI444o0iiRI4okWOOONQkccaDaiIi4VERQFVVGFAwMAUAPoAKACgDwz9qD/k2n9of/shnxa/9QHxBQBe/Z2/5IP8AB7/snHhD/wBMlnQB7LQAUAFABQAUAFABQAUAFABQAUAFABQAUAFABQAUAFAH/9T+8H/hZnw3/wCig+CP/Cr0H/5OoAP+FmfDf/ooPgj/AMKvQf8A5OoAP+FmfDf/AKKD4I/8KvQf/k6gA/4WZ8N/+ig+CP8Awq9B/wDk6gA/4WZ8N/8AooPgj/wq9B/+TqAD/hZnw3/6KD4I/wDCr0H/AOTqAD/hZnw3/wCig+CP/Cr0H/5OoA/FrwB488DL/wAF4/2idTbxn4UXTpf2CfgTaxag3iLSBZS3MXxC+ITyW8d2bwQPPGrqzxK5kRWUsoDA0AftL/wsz4b/APRQfBH/AIVeg/8AydQAf8LM+G//AEUHwR/4Veg//J1AB/wsz4b/APRQfBH/AIVeg/8AydQAf8LM+G//AEUHwR/4Veg//J1AB/wsz4b/APRQfBH/AIVeg/8AydQAf8LM+G//AEUHwR/4Veg//J1AB/wsz4b/APRQfBH/AIVeg/8AydQB83/tkfH/AEX4cfsh/tU/EP4f/EzwhYePPAf7N/xx8Z+Cb+18R6Dd3Vl4u8L/AAx8Ua54bu7a1N5ILm4ttZsbOaG3KOJpEWMo27bQB7L4D+LngXVfA3gzVNT+IngqXUtS8KeHb/UJH8U6CjyX15pFncXbun24bGeeSRmXA2k4wMYoA6v/AIWZ8N/+ig+CP/Cr0H/5OoAP+FmfDf8A6KD4I/8ACr0H/wCTqAD/AIWZ8N/+ig+CP/Cr0H/5OoAP+FmfDf8A6KD4I/8ACr0H/wCTqAD/AIWZ8N/+ig+CP/Cr0H/5OoAP+FmfDf8A6KD4I/8ACr0H/wCTqAD/AIWZ8N/+ig+CP/Cr0H/5OoA+ZtO/aK0qf9sfxp8L5viP4LPw+0r9mr4XePNOtv8AhINCCJ4x8Q/E/wCMfh/W5xf/AG7EjSaL4X8PRm0yfJESzYHn5YA+mf8AhZnw3/6KD4I/8KvQf/k6gA/4WZ8N/wDooPgj/wAKvQf/AJOoAP8AhZnw3/6KD4I/8KvQf/k6gA/4WZ8N/wDooPgj/wAKvQf/AJOoAP8AhZnw3/6KD4I/8KvQf/k6gA/4WZ8N/wDooPgj/wAKvQf/AJOoAP8AhZnw3/6KD4I/8KvQf/k6gDxr9oz46+GPA/7Pnx28a+EfiL4Kh8V+EPg18T/FHhiZPEmhXTQ+IfD/AII1zVtFlW1+3H7S0epWls4gwfOK+Xg7sUAdj8OPjD4I134feCda1j4h+CX1XVvCug6jqTnxPoUJe+vNMtbi6Yxfbv3ZaaRzs/h6dqAO0/4WZ8N/+ig+CP8Awq9B/wDk6gA/4WZ8N/8AooPgj/wq9B/+TqAD/hZnw3/6KD4I/wDCr0H/AOTqAD/hZnw3/wCig+CP/Cr0H/5OoAP+FmfDf/ooPgj/AMKvQf8A5OoAP+FmfDf/AKKD4I/8KvQf/k6gD+S3/g6J/wCC1Xj/APYq+HXw4/Zh/ZJ8d2Wh/F/456BqXirxf8SvDd7Y6pf+D/hvFf3vh+LTvD95bSXNvYa94h1Ox1OK5u5B9qsdNtUNsivfLPEAf5wzftRftIt4vPxAPx6+MH/CbGbzz4q/4WL4s/twy7t+86j/AGqbkncM8ye3clgD/R5/4Nev+C1njn9tP4cfEP8AZl/a18dabqfxe+Buk6LrfhH4ieJdTsNN1Px74C1CafT5LfVprmaBLzWvDN5bwRXF79+7s9RstwaWKV6AP60v+FmfDf8A6KD4I/8ACr0H/wCTqAD/AIWZ8N/+ig+CP/Cr0H/5OoAP+FmfDf8A6KD4I/8ACr0H/wCTqAD/AIWZ8N/+ig+CP/Cr0H/5OoAP+FmfDf8A6KD4I/8ACr0H/wCTqAD/AIWZ8N/+ig+CP/Cr0H/5OoA8P/ab+JHw7m/Zt/aEhh8e+C5ZZfgf8WI4oo/FOhvJJI/gLX1SONFvizu7EKqqCzMQACSBQBe/Z6+JPw7i+BXwhil8e+C45I/h14SSSOTxToaOjrotmGV0a+DKynIKkZB4OKAPYv8AhZnw3/6KD4I/8KvQf/k6gA/4WZ8N/wDooPgj/wAKvQf/AJOoAP8AhZnw3/6KD4I/8KvQf/k6gA/4WZ8N/wDooPgj/wAKvQf/AJOoAP8AhZnw3/6KD4I/8KvQf/k6gA/4WZ8N/wDooPgj/wAKvQf/AJOoAP8AhZnw3/6KD4I/8KvQf/k6gA/4WZ8N/wDooPgj/wAKvQf/AJOoAP8AhZnw3/6KD4I/8KvQf/k6gA/4WZ8N/wDooPgj/wAKvQf/AJOoAP8AhZnw3/6KD4I/8KvQf/k6gA/4WZ8N/wDooPgj/wAKvQf/AJOoA+QP2vfi1+0lpfhzwlqX7E/iT9lrxT4ms9V1CXxr4a+NfxBGg2Gs6N9mtv7MttB1nRZrn+z737ULv7XLdxNH5TQeXyHoA+Bv+Hnf/BQT4W8fHT/gm/o/jiJOJNQ/ZX/aU+GfxERkH/LxHpmv6npWokFQW+y7PtHIXlshQC3Zf8HDH7Fvh27g0f4+eBP2j/2dNfkkEU9n8QfhFrN9pNnJ0cXHiTw0+p6UojbcGYNt2ruBIIFAH2b8KP8Agrh/wTZ+NcttafD39sj4I6nqdzsH9kaj4ttfD+qW8j4AgurXXV08wTKSFdWYhTkEnmgD7h8I/Ev4c/ECOWbwH4/8E+NooHMc8vhLxVoXiSOGQKrGOZ9HvrxYnCurFHKsFYEqAaAO2oA//9X+n3/hxP8A8Ex/+iAX/wD4dD4o/wDzX0AH/Dif/gmP/wBEAv8A/wAOh8Uf/mvoAP8AhxP/AMEx/wDogF//AOHQ+KP/AM19AB/w4n/4Jj/9EAv/APw6HxR/+a+gA/4cT/8ABMf/AKIBf/8Ah0Pij/8ANfQAf8OJ/wDgmP8A9EAv/wDw6HxR/wDmvoAP+HE//BMf/ogF/wD+HQ+KP/zX0Afk94L/AOCRf7BN/wD8Flfjn8DLr4OXknwz8PfsY/B3x3pOgf8ACf8AxAR7bxPrnjfxvp+p6gdUTxKNUmW4tdPtYxazXjWsXl74oVdnZgD9Yf8AhxP/AMEx/wDogF//AOHQ+KP/AM19AB/w4n/4Jj/9EAv/APw6HxR/+a+gA/4cT/8ABMf/AKIBf/8Ah0Pij/8ANfQAf8OJ/wDgmP8A9EAv/wDw6HxR/wDmvoAP+HE//BMf/ogF/wD+HQ+KP/zX0AH/AA4n/wCCY/8A0QC//wDDofFH/wCa+gA/4cT/APBMf/ogF/8A+HQ+KP8A819AEF1/wQd/4JfXttcWV7+zxcXdndwTWt3aXXxL+Js9tdW1xG0U9vcQS+LXimgmidopopUeOSNmR1ZWYUASp/wQk/4JiRokcf7P17HGiqiInxP+KCoiKAFRFXxcFVVAAVQAAAAAMYoAd/w4n/4Jj/8ARAL/AP8ADofFH/5r6AD/AIcT/wDBMf8A6IBf/wDh0Pij/wDNfQAf8OJ/+CY//RAL/wD8Oh8Uf/mvoAP+HE//AATH/wCiAX//AIdD4o//ADX0AH/Dif8A4Jj/APRAL/8A8Oh8Uf8A5r6AD/hxP/wTH/6IBf8A/h0Pij/819AB/wAOJ/8AgmP/ANEAv/8Aw6HxR/8AmvoArj/gg5/wS9F098P2d5xeyQR2r3g+JXxNF09rDJLLFbPcf8Jb5rQRSzzyxwlzGkk0rqqtI5YAsf8ADif/AIJj/wDRAL//AMOh8Uf/AJr6AD/hxP8A8Ex/+iAX/wD4dD4o/wDzX0AH/Dif/gmP/wBEAv8A/wAOh8Uf/mvoAP8AhxP/AMEx/wDogF//AOHQ+KP/AM19AB/w4n/4Jj/9EAv/APw6HxR/+a+gA/4cT/8ABMf/AKIBf/8Ah0Pij/8ANfQAf8OJ/wDgmP8A9EAv/wDw6HxR/wDmvoAin/4IP/8ABMC6gmtrn9nq6uLa4ikguLef4mfE+aCeCZDHLDNFJ4uaOWKWNmSSN1ZHRirAqSKAHR/8EI/+CYcSJFF+z7eRxxqqJHH8TvigiIijCqiL4vCqqgYVVGAOBjAoAf8A8OJ/+CY//RAL/wD8Oh8Uf/mvoAP+HE//AATH/wCiAX//AIdD4o//ADX0AH/Dif8A4Jj/APRAL/8A8Oh8Uf8A5r6AD/hxP/wTH/6IBf8A/h0Pij/819AB/wAOJ/8AgmP/ANEAv/8Aw6HxR/8AmvoAP+HE/wDwTH/6IBf/APh0Pij/APNfQB/Hp/wdOf8ABF7QP2a9O+DX7U37Ivwu1iw+CWneH7rwF8X9NsNT8UeL5/DXiddX1DVdE8U6jc61faxeWWk6xp16NKUpIlnBdaQzy7Huk3gH8R2DnGDnOMd8+mOTnPHT86AP7av+DWL/AIIu+Gf2nNL+MP7VX7XHwv169+Dd7pmneCPgzY3uq+I/CX/CWap9re+8T+J7KXRb/SdRu9I0+OLTtPsrnz5LG7uZL4IHNsrqAf2Jf8OJ/wDgmP8A9EAv/wDw6HxR/wDmvoAP+HE//BMf/ogF/wD+HQ+KP/zX0AH/AA4n/wCCY/8A0QC//wDDofFH/wCa+gA/4cT/APBMf/ogF/8A+HQ+KP8A819AB/w4n/4Jj/8ARAL/AP8ADofFH/5r6AD/AIcT/wDBMf8A6IBf/wDh0Pij/wDNfQBHN/wQh/4Jg3EUsE/7Pd3PBPG8M0M3xN+J8kU0UilJIpY38XMkkciMUdHVlZWKsCCRQAsX/BCL/gmFBGkMP7Pl5DFEqxxxRfE34nxxxoowqIieLlVFUABVUAAcDoaAH/8ADif/AIJj/wDRAL//AMOh8Uf/AJr6AD/hxP8A8Ex/+iAX/wD4dD4o/wDzX0AH/Dif/gmP/wBEAv8A/wAOh8Uf/mvoAP8AhxP/AMEx/wDogF//AOHQ+KP/AM19AB/w4n/4Jj/9EAv/APw6HxR/+a+gA/4cT/8ABMf/AKIBf/8Ah0Pij/8ANfQAf8OJ/wDgmP8A9EAv/wDw6HxR/wDmvoAP+HE//BMf/ogF/wD+HQ+KP/zX0AH/AA4n/wCCY/8A0QC//wDDofFH/wCa+gA/4cT/APBMf/ogF/8A+HQ+KP8A819AB/w4n/4Jj/8ARAL/AP8ADofFH/5r6AD/AIcT/wDBMf8A6IBf/wDh0Pij/wDNfQB8gfte/wDBMf8A4J9/sx+HPCWq+A/+Cb37QH7U+v8Ai7VtQ0q38I/BDx94+vNS0f7BbW1x/aGv3er+ObWx0vTrn7QYoLmVypkgmBHymgD4G/4dtfFr4p/vPhH/AMEWfAvwj0e6+VNV/aT/AG0PHlhrmmq/3JpvC/gzxNqM9zJGDl4VlVdwKlj1oAki/wCDar9oP4pFk+JHxQ/Zk+B3h7UB/pGhfB/w78Z/G3iPTo5Pvw/2/wCM/Hdnp91JGpIRhbNExAY5yQoB6Z8OP+DOj/gnjpWojV/jP8Vfj38Zb9pBNOseuWXgOxkkzuMYgsRrsott3Hkm4JKHBkBO6gD9j/2Vf+CLX/BO/wDYzuIdQ+BXwW1Dw/rFvdxX8esXPxB8dyXZu4o4o/OnttP1/TdJu3kEKGX7Zp0/mFcHCDZQB+qaqEVVUYVQFAyTgAYAyck8DqTk980Af//W/v4oAKACgAoA+J/2o/2t1+Dvjf4S/s+/C3R9N+In7UXx4v55Ph/8N7y5vLKx0fwBoU8aeO/i74z1OGJbTS/BXgxJbe3ljmv7XVdf1e+tNK8O2uqXguLeIAwv2bP2q/Fvjj9pD9pP9kP4wWPhC1+L/wCz3pvwy8aR6v4Im1U6D4y+G/xZ0GXUvDuuR2erQJcabqWnaxp2u+HdVsXkz5+lLfQRixvLWe4APvWgD8Tvh/8A8p8f2jf+zAvgN/6sT4iUAftjQAUAFABQAUAFABQAUAFABQAUAFABQAUAFABQAUAFABQAUAFABQAUAFABQAUAFABQAUAFABQAUAYXifwv4b8a+H9W8J+L9B0jxP4Z16yl07WtA17T7XVNI1Wxmx5lrfafeRzW1zCxCtslQ7XVJF2uqMoB+UH/AA4V/wCCSP8Awmo8df8ADE/woGqi8XURYC31X+wv7QS5+1ref2T/AGl5Hmfav35j3fZi3yGDyf3VAH6veGPC3hrwVoGleFfB+gaN4W8M6HZw6fo3h/w/ptppGj6XY26BIbSw06xigtbWCNQAscMSKOuDkmgDeoAKACgAoAKACgAoAKACgAoAKACgAoAKACgAoAKACgAoAKACgAoAKACgAoAKAP/X/v4oAKACgAoA/B79l7R774mf8F2P+ClXxS8XtcSj9n74G/sv/Ar4S2d+xLaB4e8aeEpPiN48udPjbIhsPEviC4sb7zI8CZ7dy5yuygDG/wCCaenal8e/+Cm//BVj9u7T/Pl+EfiPxP8ACf8AZR+EOq/OdM8Tx/s36De6D468U6Bcj9zqOh6j4mvpbW3u4gYvtljfLGxIagD9+qAPxO+H/wDynx/aN/7MC+A3/qxPiJQB+2NABQAUAFABQAUAFABQAUAFABQAUAFABQAUAFABQAUAFABQAUAFABQAUAFABQAUAFABQAUAFABQAUAFABQB+dHjn9vxPtv7QEvwG+E2rfHfwn+yrZ61J8cPGei+JdE0HRLHxD4X0iXxD4s+H/gyfVHA8WeNPDWhxNdata2Jaztb8pojy/2lKsagH2b8G/ix4N+O/wAKfh58Zvh5qH9q+B/id4Q0Lxr4W1Arsa60XxBYQ6hYySJyUk8mdVkQ8q6kcYIoA+VPFn7at3fftT+PP2QPgd8MLr4pfFX4SfDHwn8U/ird33iTSfCPhrwlpnj59T/4QXw+LzU287Ute8UW+kXl1CbZPsWmW4il1CVRKooA9X/ZA/an8F/tjfBHRvjT4J0jWvDltda/4v8ABviHwt4iSEaz4W8a+APEupeD/GPh2+ktme0un0nxDpF/Zpe2jvbXkUSXMDGOVaAPp6gAoAKACgAoAKACgAoAKACgAoAKACgAoAKACgAoAKACgAoAKACgD//Q/v4oAKACgAoA+P8A4m/sU/Cz4j/Enxl8WrLxD8Svhh47+JfgrRPh38Udb+FPixfCVz8RfCHhttQ/sLTvE7nTdRkmudKtdV1DTLHVLFrHUYNKu5bNLkbbaS3APfPhP8Jvh38Dvh94Z+Fvwq8K6X4L8CeEdPTTdC8P6RAILW1gUs8ssjZaW6vbud5Lq+vrl5bu9u5Zbm5llmld2APRKAPxO+H/APynx/aN/wCzAvgN/wCrE+IlAH7Y0AFABQAUAFABQAUAFABQAUAFABQAUAFABQAUAFABQAUAFABQAUAFABQAUAFABQAUAFABQB+TH/BaL4ifF74A/sNfEf8Aag+CPxW8V/Dvxz+z1qXgT4iroei3+mW+i/Efw3pXjzw+vjLwPr1lqOn3bXsOteFLnVwgtZraeIWxkV1VXdQD6k/ZS8PfFDWtN/4X78RfjVrXjkfG3wN4G8Q6d8MbFNLHwv8Ahi0tndam8fgOe3gGp332+01Szs9U1LUrmRtRk0uK9SK2aaWKgD52/bp+Kf7R3gX4keFdN+Dn7aP7HH7NmgXXgyK91Lwl+0ZoT6p4r1vVjrWrQt4g0aZdY04R6A9pDbafHH5Lf8TCxvm8w52qAeB/AL45ftheIPjJ8PtG8a/8FH/+CdvxP8Kahr0cGueAfhp4XktPHnimyNtcM2meGLk+IbkQ6k8ipKrGCX91DKNvIKgH6b/tj/FfUvgT+yV+018aNEdo9d+FnwF+LPjzQJFi8/Z4g8MeBtc1bQmaLBDxrq1tZmUMNgj3F8KDQB+IfwbuNK/Yk/4NvvEHxD8T3kv/AAm/xA/ZF8d/EbxPqbsbjWvEXxz/AGn9G1GSEGX5rvVtSuvHvj+ztrZR51y1vEkcSlIgFAP1G/4JZfCjxR+zz/wTd/Y5+F/xIZ7Lxd4B/Z2+Hdn4zju3IXS9Xg8M2l3rFsWblLfT5nmiXdgpFFggYIoA/DP9qPT/ANpn4/v40/4LV/8ABPy2vfhhpPg/wFq3gjxh4RGttZeNP2x/2ZfhxqmpN4k8Xw20lrcaX4I8SaDo9lq+ofCfUrkXGqvpypLdWi5toroA/oR/YEsPgVF+yB8B9e/Zu8Ov4Z+EHj/wFo/xM8MWN1NLdapdt8QoB4r1PWNdvZy09/r+r6nql1qGs302JLu/nnmKpu2KAfYVABQAUAFABQAUAFABQAUAFABQAUAFABQAUAFABQAUAFABQB+BvxY+J/7THhD/AIK6Wf7GfhH9ovxLa/Cj9qr9k69+Jek3HiC80TVtX+Bvi34e+Mr/AEfxevw0tG062/4nvijQ9X8PXWm2mrSXkWn24utWRJTZwJKAft18NfCereBPAHg/wbr3jXxD8R9Z8NeH9N0bU/Hniz7J/wAJL4tvbG2jguNe1v7BDb2Q1LUZFNxd/ZoY4fNdvLRFIWgD/9H+/igAoAKACgAoAKACgD8Tvh//AMp8f2jf+zAvgN/6sT4iUAftjQAUAFABQAUAFABQAUAFABQAUAFABQAUAFABQAUAFABQAUAFABQAUAFABQAUAFABQAUAFAHw78Rf2OL746at8a9L+Pvxa1L4mfB74jeH/FHhzwD8IpfCukaRo/wxtvGfgy78G69qR1OC5nufF2sQ2Oo6g/h+61SG3XRZL28nhWW4uEe1AOt/Yr/Zk1r9kr4C+B/grr3xf8TfGqfwL4f0bwlpHizxNpljok8Hhjw1p8GkeHtIh0vT57i3VrLTbWH7dqEk0lzquoPdahN5JnFugB2vxa/ZS/Zp+POuaf4l+NPwK+F3xS8QaTpa6Jpms+OfB2i+ItSsNIS6ub5dNtbvUrK5lhs1vLy6uRbo6xia4lkxudqAOP8AB/7CP7GPw+8TaN408D/sv/A/wn4t8O3i6hoXiPQPh54c0zWNIvlR41u9Pv7XTYbi1nEckiCWKRWCuw5BIYA+gviB4F8M/FDwH41+GvjXTU1jwd8QfCniHwT4q0mU7U1Lw54p0m70TWrFnAJT7Vp19cw+Yo3Rlw64YCgD87PDX/BNDR5PCv7P/wAI/i58Y/EXxe/Z9/Zhu/Dep/Cv4P6p4Y0rQrHUdY8DRiD4f6p8Ttcsr66u/Hz+C4Fhk0qyvLazsp9Vt4tZvYpZ9luoB9W3PwQ8f3H7T9t8bv8AhfHjFPhHD8Grn4ZXP7MX9kaM/wAOr/xPca//AGovxMuNRaM6uNdg0rd4fjsFP9nPYyuZIy4Q0AfOugf8E/77wP8AAPxd+yj8O/jx4l8Ifs7eKLfxd4fs/CkXhTR9Q8WeEfh944nvm8Q+AvDXja4vo7m3sDYarqWk6Lqk1g99oWny28MMd09ssrAH3B8K/hl4M+C/w28DfCX4d6RFoHgX4c+FtF8HeE9GhLNFpug6BYw6dptortln8q2gRS7cs2ScZIoA76gAoAKACgAoAKACgAoAKACgAoAKACgAoAKACgAoAKACgDhPid4e8XeLPh94u8N+AvG0vw38Z6zol3Y+G/HcOj2viCTwtqsy/wCjaumi30sFpqJt2HNtPKiMGJzlVFAH50/E7/gmUvxH8V/syfF8fH/xd4e/aM+AfjnxX4v8SfHHT/C2iS698T7H4heDrfwX448M3mkTXQsfDujXGl6fpA8LWtlNeQ+FJdLs7i3ivbiJ3nAP1GsLNNPsbSxjkmlSzt4bdZZ5DLPKIUCeZNIxJeV9u6RyfmYk8cUAf//S/v4oAKACgAoAKACgAoA/E74f/wDKfH9o3/swL4Df+rE+IlAH7Y0AFABQAUAFABQAUAFABQAUAFABQAUAFABQAUAFABQAUAFABQAUAFABQAUAFABQAUAFABQAUAFABQAUAFABQAUAFABQAUAFABQAUAFABQAUAFABQAUAFABQAUAFABQAUAFABQAUAFABQAUAf//Z</file>
<file name="vlna5_moodle.jpg" path="/" encoding="base64">/9j/4AAQSkZJRgABAQAASABIAAD/4QBMRXhpZgAATU0AKgAAAAgAAgESAAMAAAABAAEAAIdpAAQAAAABAAAAJgAAAAAAAqACAAQAAAABAAACmaADAAQAAAABAAABUAAAAAD/4QkhaHR0cDovL25zLmFkb2JlLmNvbS94YXAvMS4wLwA8P3hwYWNrZXQgYmVnaW49Iu+7vyIgaWQ9Ilc1TTBNcENlaGlIenJlU3pOVGN6a2M5ZCI/PiA8eDp4bXBtZXRhIHhtbG5zOng9ImFkb2JlOm5zOm1ldGEvIiB4OnhtcHRrPSJYTVAgQ29yZSA1LjQuMCI+IDxyZGY6UkRGIHhtbG5zOnJkZj0iaHR0cDovL3d3dy53My5vcmcvMTk5OS8wMi8yMi1yZGYtc3ludGF4LW5zIyI+IDxyZGY6RGVzY3JpcHRpb24gcmRmOmFib3V0PSIiLz4gPC9yZGY6UkRGPiA8L3g6eG1wbWV0YT4gICAgICAgICAgICAgICAgICAgICAgICAgICAgICAgICAgICAgICAgICAgICAgICAgICAgICAgICAgICAgICAgICAgICAgICAgICAgICAgICAgICAgICAgICAgICAgICAgICAgICAgICAgICAgICAgICAgICAgICAgICAgICAgICAgICAgICAgICAgICAgICAgICAgICAgICAgICAgICAgICAgICAgICAgICAgICAgICAgICAgICAgICAgICAgICAgICAgICAgICAgICAgICAgICAgICAgICAgICAgICAgICAgICAgICAgICAgICAgICAgICAgICAgICAgICAgICAgICAgICAgICAgICAgICAgICAgICAgICAgICAgICAgICAgICAgICAgICAgICAgICAgICAgICAgICAgICAgICAgICAgICAgICAgICAgICAgICAgICAgICAgICAgICAgICAgICAgICAgICAgICAgICAgICAgICAgICAgICAgICAgICAgICAgICAgICAgICAgICAgICAgICAgICAgICAgICAgICAgICAgICAgICAgICAgICAgICAgICAgICAgICAgICAgICAgICAgICAgICAgICAgICAgICAgICAgICAgICAgICAgICAgICAgICAgICAgICAgICAgICAgICAgICAgICAgICAgICAgICAgICAgICAgICAgICAgICAgICAgICAgICAgICAgICAgICAgICAgICAgICAgICAgICAgICAgICAgICAgICAgICAgICAgICAgICAgICAgICAgICAgICAgICAgICAgICAgICAgICAgICAgICAgICAgICAgICAgICAgICAgICAgICAgICAgICAgICAgICAgICAgICAgICAgICAgICAgICAgICAgICAgICAgICAgICAgICAgICAgICAgICAgICAgICAgICAgICAgICAgICAgICAgICAgICAgICAgICAgICAgICAgICAgICAgICAgICAgICAgICAgICAgICAgICAgICAgICAgICAgICAgICAgICAgICAgICAgICAgICAgICAgICAgICAgICAgICAgICAgICAgICAgICAgICAgICAgICAgICAgICAgICAgICAgICAgICAgICAgICAgICAgICAgICAgICAgICAgICAgICAgICAgICAgICAgICAgICAgICAgICAgICAgICAgICAgICAgICAgICAgICAgICAgICAgICAgICAgICAgICAgICAgICAgICAgICAgICAgICAgICAgICAgICAgICAgICAgICAgICAgICAgICAgICAgICAgICAgICAgICAgICAgICAgICAgICAgICAgICAgICAgICAgICAgICAgICAgICAgICAgICAgICAgICAgICAgICAgICAgICAgICAgICAgICAgICAgICAgICAgICAgICAgICAgICAgICAgICAgICAgICAgICAgICAgICAgICAgICAgICAgICAgICAgICAgICAgICAgICAgICAgICAgICAgICAgICAgICAgICAgICAgICAgICAgICAgICAgICAgICAgICAgICAgICAgICAgICAgICAgICAgICAgICAgICAgICAgICAgICAgICAgICAgICAgICAgICAgICAgICAgICAgICAgICAgICAgICAgICAgICAgICAgICAgICAgICAgICAgICAgICAgICAgICAgICAgICAgICAgICAgICAgICAgICAgICAgICAgICAgICAgICAgICAgICAgICAgICAgICAgICAgICAgICAgICAgICAgICAgICAgICAgICAgICAgICAgICAgICAgICAgICAgICAgICAgICAgICAgICAgICAgICAgICAgICAgICAgICAgICAgICAgICAgICAgICAgICAgICAgICAgICAgICAgICAgICAgICAgICAgICAgICAgICAgICAgICAgICAgICAgICAgICAgICAgICAgICAgICAgICAgICAgICAgICAgICAgICAgICAgICAgICAgICAgICAgICAgICAgICAgICAgICAgICAgICAgICAgICAgICAgICAgICAgICAgICAgICAgICAgICAgICAgICAgICAgICAgICAgICAgICAgICAgICAgICAgICAgICAgICAgICAgICAgICAgICAgICAgICAgICAgICAgICAgICAgICAgICAgICAgICAgICAgICAgICAgICAgICAgICAgICAgICAgICAgICAgICAgICAgICAgICAgICAgICAgICAgICAgICAgICAgICAgICAgICAgICAgICAgICAgICAgICAgICAgICAgICAgICAgICAgICAgICAgICAgICAgICAgICAgICAgICAgICAgICAgICAgICAgICAgICAgICAgICAgICAgICAgICAgICAgICAgICAgICAgICAgICAgICAgICAgICAgICAgICAgICAgICAgICAgICAgICAgICAgICAgICAgICAgICAgICAgICAgICAgICAgICAgICAgICAgICAgICAgICAgICAgICAgICAgICAgICAgICAgICAgICAgICAgICAgICAgICAgICAgICAgICAgICAgICAgICAgICAgICAgICAgICAgICAgICAgICAgICAgICAgICAgICAgICAgICAgICAgICAgICAgICAgICAgICAgICAgICAgICAgICAgICAgICAgICAgICAgICA8P3hwYWNrZXQgZW5kPSJ3Ij8+AP/tADhQaG90b3Nob3AgMy4wADhCSU0EBAAAAAAAADhCSU0EJQAAAAAAENQdjNmPALIE6YAJmOz4Qn7/4htESUNDX1BST0ZJTEUAAQEAABs0YXBwbAIQAABtbnRyUkdCIFhZWiAH5AABAAEACAAyADRhY3NwQVBQTAAAAABBUFBMAAAAAAAAAAAAAAAAAAAAAAAA9tYAAQAAAADTLWFwcGwAAAAAAAAAAAAAAAAAAAAAAAAAAAAAAAAAAAAAAAAAAAAAAAAAAAAAAAAAAAAAABFkZXNjAAABUAAAAGJkc2NtAAABtAAABDZjcHJ0AAAF7AAAACN3dHB0AAAGEAAAABRyWFlaAAAGJAAAABRnWFlaAAAGOAAAABRiWFlaAAAGTAAAABRyVFJDAAAGYAAACAxhYXJnAAAObAAAACB2Y2d0AAAOjAAABhJuZGluAAAUoAAABj5jaGFkAAAa4AAAACxtbW9kAAAbDAAAAChiVFJDAAAGYAAACAxnVFJDAAAGYAAACAxhYWJnAAAObAAAACBhYWdnAAAObAAAACBkZXNjAAAAAAAAAAhEaXNwbGF5AAAAAAAAAAAAAAAAAAAAAAAAAAAAAAAAAAAAAAAAAAAAAAAAAAAAAAAAAAAAAAAAAAAAAAAAAAAAAAAAAAAAAAAAAAAAAAAAAAAAAAAAAAAAbWx1YwAAAAAAAAAjAAAADGhySFIAAAAUAAABtGtvS1IAAAAMAAAByG5iTk8AAAASAAAB1GlkAAAAAAASAAAB5mh1SFUAAAAUAAAB+GNzQ1oAAAAWAAACDGRhREsAAAAcAAACIm5sTkwAAAAWAAACPmZpRkkAAAAQAAACVGl0SVQAAAAUAAACZHJvUk8AAAASAAACeGVzRVMAAAASAAACeGFyAAAAAAAUAAACinVrVUEAAAAcAAACnmhlSUwAAAAWAAACunpoVFcAAAAMAAAC0HZpVk4AAAAOAAAC3HNrU0sAAAAWAAAC6npoQ04AAAAMAAAC0HJ1UlUAAAAkAAADAGZyRlIAAAAWAAADJG1zAAAAAAASAAADOmhpSU4AAAASAAADTHRoVEgAAAAMAAADXmNhRVMAAAAYAAADamVzWEwAAAASAAACeGRlREUAAAAQAAADgmVuVVMAAAASAAADknB0QlIAAAAYAAADpHBsUEwAAAASAAADvGVsR1IAAAAiAAADznN2U0UAAAAQAAAD8HRyVFIAAAAUAAAEAHB0UFQAAAAWAAAEFGphSlAAAAAMAAAEKgBMAEMARAAgAHUAIABiAG8AagBpzuy37AAgAEwAQwBEAEYAYQByAGcAZQAtAEwAQwBEAEwAQwBEACAAVwBhAHIAbgBhAFMAegDtAG4AZQBzACAATABDAEQAQgBhAHIAZQB2AG4A/QAgAEwAQwBEAEwAQwBEAC0AZgBhAHIAdgBlAHMAawDmAHIAbQBLAGwAZQB1AHIAZQBuAC0ATABDAEQAVgDkAHIAaQAtAEwAQwBEAEwAQwBEACAAYwBvAGwAbwByAGkATABDAEQAIABjAG8AbABvAHIgDwBMAEMARAAgBkUGRAZIBkYGKQQaBD4EOwRMBD4EQAQ+BDIEOAQ5ACAATABDAEQgDwBMAEMARAAgBeYF0QXiBdUF4AXZX2mCcgAgAEwAQwBEAEwAQwBEACAATQDgAHUARgBhAHIAZQBiAG4A/QAgAEwAQwBEBCYEMgQ1BEIEPQQ+BDkAIAQWBBoALQQ0BDgEQQQ/BDsENQQ5AEwAQwBEACAAYwBvAHUAbABlAHUAcgBXAGEAcgBuAGEAIABMAEMARAkwCQIJFwlACSgAIABMAEMARABMAEMARAAgDioONQBMAEMARAAgAGUAbgAgAGMAbwBsAG8AcgBGAGEAcgBiAC0ATABDAEQAQwBvAGwAbwByACAATABDAEQATABDAEQAIABDAG8AbABvAHIAaQBkAG8ASwBvAGwAbwByACAATABDAEQDiAOzA8cDwQPJA7wDtwAgA78DuAPMA70DtwAgAEwAQwBEAEYA5AByAGcALQBMAEMARABSAGUAbgBrAGwAaQAgAEwAQwBEAEwAQwBEACAAYQAgAEMAbwByAGUAczCrMOkw/ABMAEMARAAAdGV4dAAAAABDb3B5cmlnaHQgQXBwbGUgSW5jLiwgMjAyMAAAWFlaIAAAAAAAAPNSAAEAAAABFs9YWVogAAAAAAAAYWwAADgyAAAKQlhZWiAAAAAAAABvHAAArpUAABaZWFlaIAAAAAAAACZOAAAZOQAAslJjdXJ2AAAAAAAABAAAAAAFAAoADwAUABkAHgAjACgALQAyADYAOwBAAEUASgBPAFQAWQBeAGMAaABtAHIAdwB8AIEAhgCLAJAAlQCaAJ8AowCoAK0AsgC3ALwAwQDGAMsA0ADVANsA4ADlAOsA8AD2APsBAQEHAQ0BEwEZAR8BJQErATIBOAE+AUUBTAFSAVkBYAFnAW4BdQF8AYMBiwGSAZoBoQGpAbEBuQHBAckB0QHZAeEB6QHyAfoCAwIMAhQCHQImAi8COAJBAksCVAJdAmcCcQJ6AoQCjgKYAqICrAK2AsECywLVAuAC6wL1AwADCwMWAyEDLQM4A0MDTwNaA2YDcgN+A4oDlgOiA64DugPHA9MD4APsA/kEBgQTBCAELQQ7BEgEVQRjBHEEfgSMBJoEqAS2BMQE0wThBPAE/gUNBRwFKwU6BUkFWAVnBXcFhgWWBaYFtQXFBdUF5QX2BgYGFgYnBjcGSAZZBmoGewaMBp0GrwbABtEG4wb1BwcHGQcrBz0HTwdhB3QHhgeZB6wHvwfSB+UH+AgLCB8IMghGCFoIbgiCCJYIqgi+CNII5wj7CRAJJQk6CU8JZAl5CY8JpAm6Cc8J5Qn7ChEKJwo9ClQKagqBCpgKrgrFCtwK8wsLCyILOQtRC2kLgAuYC7ALyAvhC/kMEgwqDEMMXAx1DI4MpwzADNkM8w0NDSYNQA1aDXQNjg2pDcMN3g34DhMOLg5JDmQOfw6bDrYO0g7uDwkPJQ9BD14Peg+WD7MPzw/sEAkQJhBDEGEQfhCbELkQ1xD1ERMRMRFPEW0RjBGqEckR6BIHEiYSRRJkEoQSoxLDEuMTAxMjE0MTYxODE6QTxRPlFAYUJxRJFGoUixStFM4U8BUSFTQVVhV4FZsVvRXgFgMWJhZJFmwWjxayFtYW+hcdF0EXZReJF64X0hf3GBsYQBhlGIoYrxjVGPoZIBlFGWsZkRm3Gd0aBBoqGlEadxqeGsUa7BsUGzsbYxuKG7Ib2hwCHCocUhx7HKMczBz1HR4dRx1wHZkdwx3sHhYeQB5qHpQevh7pHxMfPh9pH5Qfvx/qIBUgQSBsIJggxCDwIRwhSCF1IaEhziH7IiciVSKCIq8i3SMKIzgjZiOUI8Ij8CQfJE0kfCSrJNolCSU4JWgllyXHJfcmJyZXJocmtyboJxgnSSd6J6sn3CgNKD8ocSiiKNQpBik4KWspnSnQKgIqNSpoKpsqzysCKzYraSudK9EsBSw5LG4soizXLQwtQS12Last4S4WLkwugi63Lu4vJC9aL5Evxy/+MDUwbDCkMNsxEjFKMYIxujHyMioyYzKbMtQzDTNGM38zuDPxNCs0ZTSeNNg1EzVNNYc1wjX9Njc2cjauNuk3JDdgN5w31zgUOFA4jDjIOQU5Qjl/Obw5+To2OnQ6sjrvOy07azuqO+g8JzxlPKQ84z0iPWE9oT3gPiA+YD6gPuA/IT9hP6I/4kAjQGRApkDnQSlBakGsQe5CMEJyQrVC90M6Q31DwEQDREdEikTORRJFVUWaRd5GIkZnRqtG8Ec1R3tHwEgFSEtIkUjXSR1JY0mpSfBKN0p9SsRLDEtTS5pL4kwqTHJMuk0CTUpNk03cTiVObk63TwBPSU+TT91QJ1BxULtRBlFQUZtR5lIxUnxSx1MTU19TqlP2VEJUj1TbVShVdVXCVg9WXFapVvdXRFeSV+BYL1h9WMtZGllpWbhaB1pWWqZa9VtFW5Vb5Vw1XIZc1l0nXXhdyV4aXmxevV8PX2Ffs2AFYFdgqmD8YU9homH1YklinGLwY0Njl2PrZEBklGTpZT1lkmXnZj1mkmboZz1nk2fpaD9olmjsaUNpmmnxakhqn2r3a09rp2v/bFdsr20IbWBtuW4SbmtuxG8eb3hv0XArcIZw4HE6cZVx8HJLcqZzAXNdc7h0FHRwdMx1KHWFdeF2Pnabdvh3VnezeBF4bnjMeSp5iXnnekZ6pXsEe2N7wnwhfIF84X1BfaF+AX5ifsJ/I3+Ef+WAR4CogQqBa4HNgjCCkoL0g1eDuoQdhICE44VHhauGDoZyhteHO4efiASIaYjOiTOJmYn+imSKyoswi5aL/IxjjMqNMY2Yjf+OZo7OjzaPnpAGkG6Q1pE/kaiSEZJ6kuOTTZO2lCCUipT0lV+VyZY0lp+XCpd1l+CYTJi4mSSZkJn8mmia1ZtCm6+cHJyJnPedZJ3SnkCerp8dn4uf+qBpoNihR6G2oiailqMGo3aj5qRWpMelOKWpphqmi6b9p26n4KhSqMSpN6mpqhyqj6sCq3Wr6axcrNCtRK24ri2uoa8Wr4uwALB1sOqxYLHWskuywrM4s660JbSctRO1irYBtnm28Ldot+C4WbjRuUq5wro7urW7LrunvCG8m70VvY++Cr6Evv+/er/1wHDA7MFnwePCX8Lbw1jD1MRRxM7FS8XIxkbGw8dBx7/IPci8yTrJuco4yrfLNsu2zDXMtc01zbXONs62zzfPuNA50LrRPNG+0j/SwdNE08bUSdTL1U7V0dZV1tjXXNfg2GTY6Nls2fHadtr724DcBdyK3RDdlt4c3qLfKd+v4DbgveFE4cziU+Lb42Pj6+Rz5PzlhOYN5pbnH+ep6DLovOlG6dDqW+rl63Dr++yG7RHtnO4o7rTvQO/M8Fjw5fFy8f/yjPMZ86f0NPTC9VD13vZt9vv3ivgZ+Kj5OPnH+lf65/t3/Af8mP0p/br+S/7c/23//3BhcmEAAAAAAAMAAAACZmYAAPKnAAANWQAAE9AAAApbdmNndAAAAAAAAAAAAAMBAAACAAAAVgEuAesCxAODBFMFQAYnBxoIGAkfCj0LTgxrDZAOuQ/sES0SZROjFOMWKhd5GL8aDxtXHKQd8x88IIQhzSMRJFIljSbLKAApMypmK5csyi33LygwUTGAMqsz1TUCNjE3XTiKObY64TwNPTg+YD+JQLFB3EMIRDZFY0aQR7hI3koBSyRMR01qTo9PtFDYUfhTFlQzVU9WbVeNWK5Zy1rhW/Bc9137XwBgCmEZYi1jQWRSZV9mZWdhaFNpPGogawFr4Gy/baBug29ocFBxOHIgcwhz73TWdb52qHeTeH55bHpZe0l8PX03fjZ/OYBBgUuCV4NlhHSFhYaUh6SIs4nAisyL1ozfjeeO7Y/ykPWR9pL1k/WU+pYElxWYLJlHmmObf5yYna6ev5/LoNSh2qLgo+mk9KYDpxWoKqlCqlyrd6yUrbKu0a/xsRGyM7NTtHO1kLapt7q4wbnDusC7u7y1va++qb+jwJ3BlcKKw3zEasVTxjbHGMf5yODJz8rGy8PMwc28zq/PmNBz0UPSDdLT05vUZtU11gXW19eo2HbZQNoG2sfbgNw13Ofdkd473uPfjeA74Ovhn+JS4wPjr+RV5PnllOYs5r/nUufk6IXpL+nk6qjrbuwz7PXtr+5j7xHvtfBQ8ObxfPIX8sbzj/Ru9WH2ZveK+OT6xf0u//8AAABWASMBsAJqAzID6ASxBYAGWAc9CC0JJwonCyIMMA06DlEPYxB+EZ8SvhPpFRAWOBdhGIgZtBreHAsdMx5bH4AgoSG/Itsj9SULJh8nNShJKWAqeSuTLLEtzC7oMAQxITI8M1o0dDWLNqQ3uTjNOeI69DwGPRs+MT9NQGxBj0KwQ9BE7UYIRx1IMklFSlVLY0xuTXhOfk+DUIVRhlKIU4pUjFWKVoRXeVhoWVRaRFs/XEZdWl53X5VgsGHCYspjxWS1ZZxme2dXaDBpDGnsatBrumypbZtuj2+CcHJxXHJAcx9z+3TVda12hndieEV5MHokex18GX0VfhB/Bn/2gOKByoKxg5WEd4VdhkqHRIhMiWGKgYuljMaN3o7uj/WQ95H1kvOT8JTtleyW7pf4mRCaOZtunKadzp7jn+mg5aHfotmj0aTIpb6mvKfKqO2qIatdrJyt2a8UsE6xiLLCs/m1LrZkt5u40roFuzS8X72Fvqa/vMC+warCkMN9xHfFgMaPx53Io8meyo7LdcxTzS3OBM7az7LQi9Fq0lHTRdRF1VHWYtd12ITZh9p922bcQ90a3ezeud+H4FjhLeII4ubjw+Sd5XHmQOcM59Too+l/6mnrZOxo7W3ucO9w8HDxcvJ283n0d/Vp9kf3D/ez+EX4y/la+e360PwM/dr//wAAACsAxAFLAdgCZQMGA48EKwTPBXoGLwbpB6UIaAkvCfkKygufDHcNUg4yDw4P9hDZEcASqROTFH0VZxZSFz0YKRkVGfwa6BvSHL4drh6jH5sgliGUIo8jhiR2JWEmRScgJ/gozCmfKnMrSCwhLQIt6S7XL8gwujGqMpgzgDRgNTk2BjbPN5U4WDkZOdk6nTtkPDI9Bj3ePrY/j0BoQURCJkMQRABE80XnRtZHu0iWSWVKJUrgS5hMT00HTcNOg09JUBhQ6lG+UpNTaFQ7VQ1V3latV3xYSlkVWd9aqFtvXDVc+V29XoBfQ2AIYNFhnGJrYzxkDGTaZadmcWc4Z/xov2mAakBrAGvAbIFtQ24EbsVvhXBBcPhxq3JZcwFzqXRPdPR1mHY8dt53gHgdeL15YHoWetp7q3yDfVh+KH72f8OAk4FngkSDKoQYhQuGAIb0h+OIzYmvioyLYYw0jQeN2o6wj4qQa5FHkhKSxpNbk+yUepVBlkKXiJkImoqb5J0ZnjKfOaA5oTWiL6MopCGlGaYRpwqoCakPqiGrPaxgrYeura/TsPyyKLNatJK10bcUuFm5nLrXvAW9Kb5Hv2LAf8Gewr7D38T/xiHHQ8hnyYzKscvWzP3OKc9b0JfR3tMy1I3V7tdT2LnaIduV3S/fDuF35Ivoee1O8vb5Uf//AABuZGluAAAAAAAABjYAAJOVAABWjQAAVukAAJG3AAAmuwAAFwoAAFANAABUOQACh64AAkeuAAFrhQADAQAAAgAAAAEABAAIAA8AFgAfACkANABAAEwAWgBpAHgAiQCaAKwAvgDSAOYA/AESASkBQAFZAXMBjQGpAcUB4wIBAiECQgJkAocCrALSAvoDIwNNA3oDqAPXBAgEOgRtBKME2QUSBUsFhgXDBgEGQAaABsIHBQdKB5AH2AghCGwIuQkHCVcJqAn6Ck0KoQr3C04LqAwEDGIMww0lDYkN7g5UDrwPJQ+REAAQcRDkEVkRzxJGEr0TOBO2FDoUwxVSFeMWdRcGF5YYJhi4GU4Z6BqIGzEb4xyfHWIeKx74H8YglSFkIjQjBiPbJLMljyZsJ0soKykNKfAq1Su7LJ4tfi5cLzkwFDDwMc0yqjOJNGg1SjYuNxU3/zjtOd460jvKPMU9xD7HP85A2kHoQvZEAEUGRghHCEgISQlKDEsUTCFNNE5OT25QlFG8UuVUDVU0VllXfVigWcRa51wLXTBeVl98YKRhzmL4ZCRlU2aFZ7xo+mpDa5ls+W5jb9JxRnK8dDR1r3cteLF6PHvQfW9/HIDWgpSETIX2h5SJLIrFjGWOFY/fkc2T3ZX/mCCaOZxMnl+geaKgpNqnLamgrDCu4LGhtF63C7muvF2/K8IfxUbIoswMzyjR9tSR1yjZ0dye35fi0uZg6fntEu+s8gD0MPY59//5ivq4+9T8u/2j/nD/N///AAAAAQAFAAoAEgAbACYAMgA/AE0AXABtAH4AkQCkALkAzwDlAP0BFgEvAUoBZgGDAaIBwQHiAgQCJwJMAnICmgLDAu8DHANLA3wDrwPkBBoEUgSLBMUFAQU9BXsFuwX8Bj8GgwbJBxAHWQelB/IIQQiTCOYJOwmTCewKRgqhCvwLWAu0DBIMcgzUDTkNoA4LDngO5w9ZD84QRhDAET4RvxJDEsoTUxPdFGoU+hWPFioWyxdxGBYYthlRGeYaeRsNG6QcQBzkHZEeSh8OH90gsyGOImkjQiQYJOslvSaQJ2YoQiklKhIrCCwFLQguDi8SMBExCDH5Mugz1zTKNcE2wTfKONs58jsOPDA9UT5pP3RAckFoQlhDR0Q5RTRGOEdHSF9JfkqhS8dM8E4bT0VQa1GGUpRTl1SVVZRWoFe/WPFaNVuAXM1eHl90YM9iI2NmZJVltWbOZ+Ro+2oWazNsVG12bppvwHDqchdzRnR2dad22ngQeU16j3vYfSZ+fX/jgWeDEITKhnSIBomHiwSMiI4bj8ORgpNYlUOXO5k7mzudOZ8poQSixqR2phunvaliqxWs3a7FsM+y9bUxt3y5y7wPvkTAcsKmxOnHQsmyzDHOnNDd0vTU8dbn2OPa6Nz03wHhCuMU5STnSOmW7DfvivOm92z5zvuE/MP99P75//8AAAACAAgAEQAeAC0APgBRAGYAfQCWALAAzADqAQkBKwFNAXIBmAHAAeoCFgJEAnQCpgLaAxEDSQOEA8AD/QQ7BHoEugT8BUEFigXXBikGgQbdBz4HoggICG8I1Ak5CZ0KAgpqCtULRAu7DDkMwQ1QDeYOgg8hD8AQXBD2EZASLRLNE24UDRSoFUIV3BZ5Fx4XzhiOGWIaQhsqHBQc+x3dHrgfkiBtIUwiMCMYJAYk+SXxJu8n8yj9Kg4rJCxALWAugC+dMLgx0zLzNBo1STaCN8M5DDpcO7A9Bz5gP75BIkKTRBZFrkdaSRFK0UyaTm9QVVIyU9pVWlbMWEhZ01tmXPheg2ABYXBi1WQ3ZZxnCWiBagpro21NbwBwt3JvdB51w3d1eWR77n6kgHmB1oL8hAKFCIYQhzOIc4nUi1WM6Y6IkC6R2ZOIlTuW8Zipml6cCp2nnzegvaI/o8ClRKbKqFCp1KtUrNCuRq+5sSiyl7QItX22/LiJuia70L2CvzbA6cKcxE/GBMe7yXPLK8zkzp7QWNIU09LVj9dK2P/arNxP3ejfdeD94oLkA+WC5wLog+oE63/s7u5G73nwnfGN8nXzRPP39Kr1TvXb9mj29vd29+n4XPjP+UP5q/oN+nD60vs1+5j78fxJ/KL8+/1U/a3+A/5Y/qz/Af9V/6r//wAAc2YzMgAAAAAAAQxCAAAF3v//8yYAAAeSAAD9kf//+6L///2jAAAD3AAAwGxtbW9kAAAAAAAABhAAAJzfAAAAAMoq1YAAAAAAAAAAAAAAAAAAAAAA/8AAEQgBUAKZAwERAAIRAQMRAf/EAB8AAAEFAQEBAQEBAAAAAAAAAAABAgMEBQYHCAkKC//EALUQAAIBAwMCBAMFBQQEAAABfQECAwAEEQUSITFBBhNRYQcicRQygZGhCCNCscEVUtHwJDNicoIJChYXGBkaJSYnKCkqNDU2Nzg5OkNERUZHSElKU1RVVldYWVpjZGVmZ2hpanN0dXZ3eHl6g4SFhoeIiYqSk5SVlpeYmZqio6Slpqeoqaqys7S1tre4ubrCw8TFxsfIycrS09TV1tfY2drh4uPk5ebn6Onq8fLz9PX29/j5+v/EAB8BAAMBAQEBAQEBAQEAAAAAAAABAgMEBQYHCAkKC//EALURAAIBAgQEAwQHBQQEAAECdwABAgMRBAUhMQYSQVEHYXETIjKBCBRCkaGxwQkjM1LwFWJy0QoWJDThJfEXGBkaJicoKSo1Njc4OTpDREVGR0hJSlNUVVZXWFlaY2RlZmdoaWpzdHV2d3h5eoKDhIWGh4iJipKTlJWWl5iZmqKjpKWmp6ipqrKztLW2t7i5usLDxMXGx8jJytLT1NXW19jZ2uLj5OXm5+jp6vLz9PX29/j5+v/bAEMAAQEBAQEBAQEBAQEBAQEBAQEBAQEBAQEBAQEBAQEBAQEBAQEBAQEBAQEBAQEBAQEBAQEBAQEBAQEBAQEBAQEBAf/bAEMBAQEBAQEBAQEBAQEBAQEBAQEBAQEBAQEBAQEBAQEBAQEBAQEBAQEBAQEBAQEBAQEBAQEBAQEBAQEBAQEBAQEBAf/dAAQAVP/aAAwDAQACEQMRAD8A/v4oAKACgAoAKACgAoAKACgAoAKACgAoAKACgAoAKACgAoAKACgAoAKACgAoAKACgAoAKACgAoAKACgAoAKACgAoAKACgAoAKACgAoAKACgAoAKACgAoAKACgAoAKACgAoAKACgAoAKACgAoAKACgAoAKACgAoAKACgAoAKACgAoAKACgAoAKACgAoAKACgAoAKACgD/0P7+KACgD5a+AviTXta+Lf7XWl6tq19qGn+F/jN4Y0nw7Z3U7S2+jaZcfBr4c6tPY6fG3Fvby6lf3t68aYDXNzNIfmdiwB9S0AFABQAUAFABQAUAFABQAUAFABQAUAFABQB418C774l6h4O1eb4q2s1p4kT4hfEi206Ka1js3bwda+Ndag8EzCKLKtHP4YTTJY5yd86OJXyzmgD2WgAoAKACgAoAKACgAoAKACgAoAKACgAoAydefUI9D1mTSVL6qmk6i+mIqhy2oLZzGyUIeGLXIjAU8MeD1NAHDfBS78d3/wAJPh1e/E+3ltfiHdeEtFm8Z201ulrLB4iks421OKS2j/dwOlyXBjTCqRgAAYoA9PoAKACgAoAKACgAoAKACgAoAKACgAoAKACgAoAKACgAoAKACgAoAKACgAoAKACgAoAKACgD5b/a08Sa94Y8EfD688P6tfaPdX3x2+D2jXk9hO9vLcaVqvi61tdS0+VkILWt7bs0NxEcrJGSpGDQB9SUAFABQAUAFABQAUAFABQAUAFABQAUAFABQAUAFABQB//R/v4oAKAPj/8AZx/5LT+2x/2Xbwl/6or4W0AfYFABQAUAFABQAUAFABQAUAFABQAUAFABQAUAeNfAzxL8QvFXg7VtR+JmjNofiC3+IXxI0ews20y50kzeE9F8a61pvg/UPs11LLJINS8OW2nXovVZYb4T/aoY0jlVFAPZaACgAoAKACgAoAKACgAoAKACgAoAKACgDJ164vrTQ9autLi8/U7bSdRuNOg8tpvOvobOaS0i8pSGl8y4WNPLUhn3bQQSDQBwvwU13xp4m+Enw68Q/EbTDovjzWfCOi6h4t0lrCfS207Xrmzjk1G0OnXMk1xZGG4LobaaV5IsbWZiMqAeoUAFABQAUAFABQAUAFABQAUAFABQAUAFABQAUAFABQAUAFABQAUAFABQAUAFABQAUAFABQB8gfto/wDIgfDP/s4n4Hf+praUAfX9ABQAUAFABQAUAFABQAUAFABQAUAFABQAUAFABQAUAf/S/v4oAKAPj/8AZx/5LT+2x/2Xbwl/6or4W0AfYFABQAUAFABQAUAFABQAUAFABQAUAFABQAUAeNfAvxz4s+IXg7V9c8ZaKmg6rZfEL4keGrWyS3ubUTaF4W8a61oXh/UTHdZkZtT0ixs75pl/czNOZYcRsgoA9loAKACgAoAKACgAoAKACgAoAKACgAoAKAMnXry507Q9a1Cyh+0XljpOo3lpAVZxPc2tnNPBCVX5m8yVETavzHdgckUAcN8FPFviPx58JPh14z8X6Uuh+KPE/hLRda17R0gntU03VL6zjmu7Nbe5LXEIhlYoI5iZFxhuaAPT6ACgAoAKACgAoAKACgAoAKACgAoAKACgDyr44z/EG2+Efj+f4Uxyy/EaLw7eP4PjhignlfWgY/swjhugbeRsFsLKNh744oA9F0k3jaVpjaiCNQOn2ZvgQAReG2jNyCF+UET78gcDoOlAGhQAUAFABQAUAFABQAUAFABQAUAFABQAUAfIH7aP/IgfDP8A7OJ+B3/qa2lAH1/QAUAFABQAUAFABQAUAFABQAUAFABQAUAFABQAUAFAH//T/v4oAKAPj/8AZx/5LT+2x/2Xbwl/6or4W0AfYFABQAUAFABQAUAFABQAUAFABQAUAFABQAUAeN/Az4l6p8VvB+r+JNX0NfD91p3xC+JHg6OxSWaUTWXgnxprPhix1LdPBbuG1S10yK/ZBGY0M5WOSVAsjgHslABQAUAFABQAUAFABQAUAFABQAUAFABQBla9qEmk6HrOqww/aZtM0rUdQitySBPJZWc1ykJKhmHmtEEyqsRuyATxQBwvwV8d6h8T/hL8O/iJqukroOpeM/CWi+Ir7RkkllXTLnU7OO5ls1kmigmcQM+wNJDE5xlkBJFAHp9ABQAUAFABQAUAFABQAUAFABQAUAFABQB5V8cdZ8d+HvhH4/1v4YaZLrXxA0zw7eXXhPSodPm1WW+1hDH9nt49OgZZrxnBb9xGys2OD/dAPRdJku5tK0ya/QxX0un2cl7GUMZju3to2uUMbZZCkxdShOVxg5xQBoUAFABQAUAFABQAUAFABQAUAFABQAUAFAHyB+2j/wAiB8M/+zifgd/6mtpQB9f0AFABQAUAFABQAUAFABQAUAFABQAUAFABQAUAFABQB//U/v4oAKAPj/8AZx/5LT+2x/2Xbwl/6or4W0AfYFABQAUAFABQAUAFABQAUAFABQAUAFABQAUAeRfBX4nt8W/Ceq+Jm0R9AOm+PfiF4L+xPObgzDwN4w1jwsupBzDAVXVBpYvli2MIlnEYkl272APXaACgAoAKACgAoAKACgAoAKACgAoAKACgDL1zUf7H0XV9WEJuDpel6hqItw20z/YrSW58kNhtpl8rZu2tjdnBxigDivg74+b4p/CzwB8R20ptCbxt4V0jxI2jvKZ30w6paR3Js2mMcJlMG/YX8pN2M7VzhgD0mgAoAKACgAoAKACgAoAKACgAoAKACgAoA8q+OPizxX4F+Efj/wAX+BtJXXfF/h/w7eal4f0d7S4vl1DUYTH5Ns1naPHc3AcM37uF1c44IwdwB6LpNxcXelaZdXcfk3Vzp9ncXMQUp5VxNbRSTR7Wyy7JGZdrHIxg5IoA0KACgAoAKACgAoAKACgAoAKACgAoAKACgD5A/bR/5ED4Z/8AZxPwO/8AU1tKAPr+gAoAKACgAoAKACgAoAKACgAoAKACgAoAKACgAoAKAP/V/v4oAKAPj/8AZx/5LT+2x/2Xbwl/6or4W0AfYFABQAUAFABQAUAFABQAUAFABQAUAFABQAUAeR/BX4jaJ8UPCeq+ItA0J/DtlYePfiF4SmsXjtImn1Lwb4x1jw3qep7bLMRXVb7Tp9QV3/fuJw1xiYuKAPXKACgAoAKACgAoAKACgAoAKACgAoAKACgDL1y/h0vRdX1O4hNzBp2l6hfz24Ck3ENnaS3EsID/ACEypG0eH+U7sNwTQBxXwd8b6V8SfhZ4A8faHpDaBo/i/wAK6Pr+m6I6W0baXZ6laR3EFi0dnm1Q26OI9tufKG3CZAFAHpNABQAUAFABQAUAFABQAUAFABQAUAFABQB5V8cfHmrfDD4R+P8A4gaDpCa9rHhPw7eaxp2juZgmo3NuY9lsxt4ppgH3n/VxO3opoA9F0m7kv9L02+mj8mW90+zu5YRn91Jc20Uzx/MA37tnK8gHjkDpQBoUAFABQAUAFABQAUAFABQAUAFABQAUAFAHyB+2j/yIHwz/AOzifgd/6mtpQB9f0AFABQAUAFABQAUAFABQAUAFABQAUAFABQAUAFABQB//1v7+KACgD4//AGcf+S0/tsf9l28Jf+qK+FtAH2BQAUAFABQAUAFABQAUAFABQAUAFABQAUAFAHkvwY8beDfH3hTVNa8DaAvhzR7Px38QPDl3YLp1hpYn8Q+GPF+r6H4k1Q2+nEwSHVtasr3UDdyYurw3BubsfaJJKAPWqACgAoAKACgAoAKACgAoAKACgAoAKACgDM1u8tNP0bV7+/g+02Njpl/eXtsY0l+0WltayzXEHlSfu5PNhR4/Lk+R921/lJoA4v4QeK/DHjn4XeAvGPgvRx4e8JeJfC2kax4d0NbKz00aVpN9aRzWViLDT82NmLeFlj+z2p8iPG2PKgUAej0AFABQAUAFABQAUAFABQAUAFABQAUAFAHl/wAafiHP8JvhT47+JFto58QT+DfD93rcWiid7U6k9sUAtRcRw3Dxb9/31glIx9w0Aeg6XeHUdM07UGj8k31haXhhJ3eUbq3jnMe4hSfLL7clVzjOBnFAF+gAoAKACgAoAKACgAoAKACgAoAKACgAoA+QP20f+RA+Gf8A2cT8Dv8A1NbSgD6/oAKACgAoAKACgAoAKACgAoAKACgAoAKACgAoAKACgD//1/7+KACgD4//AGcf+S0/tsf9l28Jf+qK+FtAH2BQAUAFABQAUAFABQAUAFABQAUAFABQAUAFAHkvwY8RfD3xP4U1TUPhppiaV4fg8d/EDSb+2SxbTxJ4r0fxfq+neMLwwMFLte+I7fUbprkDbdNIbhcBxuAPWqACgAoAKACgAoAKACgAoAKACgAoAKACgDM1uextdG1e51SMS6ZbaZfz6jEUMglsYbWWS7jMY5kD26yLsHLZ2jrQBxfwg1rwX4j+F3gLXvhzYLpfgTV/C2kX/hLTktGsEstBuLWOTTrZbJ8NaiK3KKIWGUxtOMCgD0egAoAKACgAoAKACgAoAKACgAoAKACgAoA8x+M/j3T/AIXfCvx18QtV0dvEGneEdAu9ZvNFQQl9ShtzGGtVFzmAmTeP9aNnHOaAPQNLu01DTNOv44zDHe2NpdpCcZiS5t45ljO35cxhwvHHHFAF6gAoAKACgAoAKACgAoAKACgAoAKACgAoA+QP20f+RA+Gf/ZxPwO/9TW0oA+v6ACgAoAKACgAoAKACgAoAKACgAoAKACgAoAKACgAoA//0P7+KACgD4//AGcf+S0/tsf9l28Jf+qK+FtAH2BQAUAFABQAUAFABQAUAFABQAUAFABQAUAFAHkvwYu/hhe+FNUm+ElvHbeGV8d/ECDUo4odRgVvGlv4v1eHxzKU1RmuC8vilNUkeSM/ZJGYvZgWxjoA9aoAKACgAoAKACgAoAKACgAoAKACgAoAKAMzW205NG1d9XUNpKaZftqikOwbTltZTeqVixKQbYSgiM7z0TDEUAcX8ILnwDefC7wFdfCyFLf4cXHhbSJfBMEUV7DHF4be1jOlxpFqTNfxqttsAW8Zrgf8tTu+8Aej0AFABQAUAFABQAUAFABQAUAFABQAUAFAHmXxm8ZeGvh78LPHPjbxlojeJPC/hrQLvVNc0JbSxv21SwgKebaCz1NksLgybh+6u3WFtvzEYFAHf6XcwXumadeWsXkW13Y2lzbwbUTyYJ7eOWKLYnyL5cbqm1PkXbheAKAL1ABQAUAFABQAUAFABQAUAFABQAUAFABQB8gfto/8iB8M/wDs4n4Hf+praUAfX9ABQAUAFABQAUAFABQAUAFABQAUAFABQAUAFABQAUAf/9H+/igAoA+P/wBnH/ktP7bH/ZdvCX/qivhbQB9gUAFABQAUAFABQAUAFABQAUAFABQAUAFABQB5L8GLT4Z2XhTVIfhRcRXPhtvHfxAn1GSG4nulHjK48X6vN42iMk+XWSHxO+pxyQr+7hdWjiwigUAetUAFABQAUAFABQAUAFABQAUAFABQAUAFAGZra6e+jaumrsF0p9Mv11NmYqq6e1rKL1iy5ZQLYyksoyByMkUAcX8ILbwJZ/C7wFa/C+aO4+Hdv4W0iLwXPFPLcxS+HUtYxpjxzz5mmVrYIRJId7Dk5oA9HoAKACgAoAKACgAoAKACgAoAKACgAoAKAPM/jL4h8F+E/hb448SfEXTF1nwPo2g3V74n0p7JdRS+0qIp59u1i+Vug2V/dMMNjvigDvtMmtbnTdPuLJPKsp7G0mtI9uzy7WW3je3TYOE2RMq7R93GO1AF6gAoAKACgAoAKACgAoAKACgAoAKACgAoA+QP20f+RA+Gf/ZxPwO/9TW0oA+v6ACgAoAKACgAoAKACgAoAKACgAoAKACgAoAKACgAoA//0v7+KACgD4//AGcf+S0/tsf9l28Jf+qK+FtAH2BQAUAFABQAUAFABQAUAFABQAUAFABQAUAFAHkvwY8PfDrwz4U1TT/hhrCa54euPHfxA1a/vI9Tg1ZYfFuseL9X1Hxjp5ubeOKONtO8SXGo2TWTK0ti0JtZXeSJ3oA9aoAKACgAoAKACgAoAKACgAoAKACgAoAKAMzW4LC60bV7bVJRBplzpl/BqM5kWEQ2E1rLHdymVgViEdu0jmRgVTG4ggEUAcX8INF8E+HPhd4C0H4b6mmteAdI8LaRYeENWjv4dUj1HQLa1jj067TUbdI4L1ZrcK4uYkRJc7lABoA9HoAKACgAoAKACgAoAKACgAoAKACgAoAKAPM/jLf/AA90v4W+ONQ+K9ut38OLTQLqbxjbPa316s2iqU+0o1rpv+nzgkp+7tf3x/h6UAd9pj2cmm6fJpw26fJY2j2KhXULZtbxtbAK+HXEBQbXG8dGwQaAL1ABQAUAFABQAUAFABQAUAFABQAUAFABQB8gfto/8iB8M/8As4n4Hf8Aqa2lAH1/QAUAFABQAUAFABQAUAFABQAUAFABQAUAFABQAUAFAH//0/7+KACgD4//AGcf+S0/tsf9l28Jf+qK+FtAH2BQAUAFABQAUAFABQAUAFABQAUAFABQAUAFAHkvwY8E+EPAPhTVNF8E60+vaReeO/iD4ju717u2vDDr/ifxfq+ueItOEtqqRqumazfXlisDAzQCARTEyo5oA9aoA47x58QvA/wv8Nz+MPiJ4q0LwX4WttR0LSJ9f8R6jbaVpUOp+J9c07w14fsZLy7kihW51fXtW03SbGItunvby3gQF5FFAHXo6yIsiMHR1V0dSCrKwyrKRwQwIII4I5HWgB1ABQAUAFABQAUAFABQAUAFABQBma3Z2uoaNq9hfTG3sr7TL+zvJwyoYLW5tZYbiYO3yqY4nd9zfKu3J4BoA4v4QeFPDXgX4XeAvB3g3VW1zwr4a8LaRo3h/WHuILt9S0qxtY4bO8a5tgtvOZ4VVzLCqxvnKAA4oA9HoA/kP/bq8K+ILL/g4i/YK/Zh0L40/tGeFvgH+0T8APGPxG+Knwy8MftBfFzR9A1vxbpF58XbS2v7LyPF7XmhwMvhjRpZNP0a6sbITWxMMEMUrxUAep/txfEb43f8Es/2/wD/AIJveG/2bf2gfi58V/hb+2R8X7n4P/F/9lr4t+LH+K8mkaLDd+F7GL4meCvEGsxXHjvQItItvElzqGpR3+s3unOmh3cjeaLkpYAH9TtABQAUAFABQAUAFABQAUAFABQB5n8ZY/h9N8LfHEXxWaJPhy+gXa+MGmkuYYhopKfaS8tmy3SLnZloGVx2PXaAd9pgsxpunjTsf2eLG0Fjgkj7GLeP7NgtliPI2YLHJ75NAF6gAoAKACgAoAKACgAoAKACgAoAKACgAoA+QP20f+RA+Gf/AGcT8Dv/AFNbSgD6/oAKACgAoAKACgAoAKACgAoAKACgAoAKACgAoAKACgD/1P7+KACgD4//AGcf+S0/tsf9l28Jf+qK+FtAH2BQAUAFABQAUAFABQAUAFABQAUAFABQAUAFAHkvwY+GukfCvwpqnhzRdcfX7TUfHfxA8YS3rpAhhv8Axr4v1bxNqGmgW806FdMvNTmsVZnWVlgDSxxOSigHrVAH88f/AAW5+DPxN/4KJ+G/GH7AfwP8Uaz4c1P4X/BPWf2r/H2qeHJ3iu774gaLcXkH7OPwtlngyY5PGeraH431a8t3aGezksPCOqIRHMj0AfWf/BE39t5/27/+CfXwc+JniO5T/hbfgexl+EHxw0tiqXmmfFD4dFfD+vy3VqAGtE1v7LDr1jFIoY2Go20mWD5oA/WmgAoAKACgAoAKACgAoAKACgAoAzNb0+LVtG1fSp5jbw6npl/p804AJgivbWW2kmAYqpMaSl8Myj5eSAc0AcX8IPAum/DH4XeAvh7o+rNrul+DfC2keHrDWXWJH1O1020jt4bxkglnhUzogciKaVBnh2GDQB6PQB/H/wD8FRPhj4e+MX/BzF/wS0+Hvim/8V6bomu/si+PBeXngnxf4i8C+JYRaeIfjxdxHT/E/hXUdK1zTi0sCrMbO+i8+HzIJd0TujAHlX/BW/4Qf8OTv2gP2Uf+Cin7Mnjzxr8W/EXxC+MGkfBLx98HP2k/EEnx+17VfDWsF55Zfg5418d/2n8RfAF4ljPf6Y8Ph3WfsovtQ05ruO6triSwYA/tA0HUm1nQ9G1d7d7R9V0rTtSe1k5e2a+s4bprdyQpLwmUxtlV5U8DpQBq0AFABQAUAFABQAUAFABQAUAeZ/GXSPAevfC3xxo3xQ1KPR/h9qOg3Vt4t1Oa/j0yKy0dzH9onk1CVXjtFUhMzOrBc++VAO+0yO0h03T4tPcSWEVjaR2UgcSCS0S3jW2cSDAcNCEYOBhs5GM0AXqACgAoAKACgAoAKACgAoAKACgAoAKACgD5A/bR/wCRA+Gf/ZxPwO/9TW0oA+v6ACgAoAKACgAoAKACgAoAKACgAoAKACgAoAKACgAoA//V/v4oAKAPj/8AZx/5LT+2x/2Xbwl/6or4W0AfYFABQAUAFABQAUAFABQAUAFABQAUAFABQAUAeO/A/wCF8Xwk8Iat4Zh1xNfXUfiB8RvGhvUt1thC/jnxnrHiqTTTGs04LaW+qGxaUuDMYPMMURYxoAdh8QviD4N+FPgfxV8R/iF4g03wr4K8E6Bq3ibxN4g1e5jtLDS9F0Sxn1LUbuaWUqMQ2ltNII03SSFdkas5VWAPwz/YY/Z8+JX7XPgnxf8At/aH+2d8efgpqv7a3iu4+LMPg/4Tr8FtV0TRPhnBDHoHwV0C5u/G3wz8b6zBqWj/AAv0zw1Fq1jHqVrZprD6hdLYx3N1cSSgH5l/sPa7pv8AwR3/AOC7Hx4/YM8afFu58T/Ar9vzwppfx5+GXizxnd+GtNvLX42eXe/8JDbaxaeHLDQPDGj6h4jn0/xLpLCz0vS7aSLwxoUNvZwtdJFQB/ZirBgGUhlYBlZSCGBGQQRwQRyCOCORQAtABQAUAFABQAUAFABQAUAFAGVrunDWNE1nSGm+zjVNK1DTjcFd/kC+tJrYzbSyhvKEu/aWXO3G4ZyoBw/wY8AR/Cv4T/Dz4bxasuux+CfCejeG01lIVt11NdLtI7YXqwLLMsQnCbxGssgXOA7cGgD02gD8f/jp/wAEZvgr8f8A9rvwL+3H4q/aU/bG8P8A7RHwt0afw38MPFHgv4hfCjSNO8AeHLptba40LQdD1D4I6xY3GmzN4i1p5Y9fGtSyPfyvJM7LEUAOtg/4JB/s0+JPjZ4A/aB/aF8c/H/9r74j/Ci8Gq/DGX9pX4gaF4l8KeBNcSaK4i1/w/4C8CeCfh34Lj1mKW3t3S+vdCvWL29rNIkk9paSW4B+qSqqqFUBVUBVVQAqqBgAAYAAGAABgDgYoAWgAoAKACgAoAKACgAoAKACgDzP4y+FfCPjf4W+OPCXjzVn0Lwdr+g3WneItYS8t9PfT9MmKedcre3cc1tbFNo/ezRui55ByNoB32mW9taabp9rZyebaW1jaW9rKWD+bbQ28ccEm9cK++JVbcow2cjANAF6gAoAKACgAoAKACgAoAKACgAoAKACgAoA+QP20f8AkQPhn/2cT8Dv/U1tKAPr+gAoAKACgAoAKACgAoAKACgAoAKACgAoAKACgAoAKAP/1v7+KACgD4//AGcf+S0/tsf9l28Jf+qK+FtAH2BQAUAFABQAUAFABQAUAFABQAUAFABQAUAeMfG/9or4Efs1eEZ/Hvx/+Lvw++D3g63O2TxF8QvFGk+GNM3kMRHHcapdW6yyNsYKkQdiRjAJG4A+Gf2DP28P2FvizZ6x8K/gv+2r8Cfjn47vviD8SPF0OheFPiFpeo+IRpvjHxnrHiXTrGDSbq7XUriLTbPUodPWS3ia2Zrdltd0KqWAP0d8d/D3wD8UfDV94M+Jngfwf8RfB+pmI6l4U8d+GtF8XeGtQMD74TfaF4gsdR0u7ML/ADxGe0k8t/mXBANAFT4d/C34ZfCHw9H4S+E/w68CfC/wpFM9xF4Y+HfhHw/4K8PRXEgVZJ49F8NafpmmpNIqKryrbB2CqCxAAUA8w8Yfsgfsl/EPxXL478f/ALLv7OvjnxxcXKXk/jLxh8E/hp4m8VzXccvnR3UviHWvDN5q8lzHN+9Sd7wypL+8Dh8tQB9DRRRQRRwQRxwwwxpFDDEixxRRRqEjjjjQBI40QBURQFVQFUADFAElABQAUAFABQAUAFABQAUAISFBZiAACSScAAckknAAA5JJ/LFAH8o37b3/AAcca0Pj544/Yr/4JifsjePP29/jN4XXXPDfj7xJ4Ok1iPwX4a1GCOfTtSTQZfDuh+IdR8RSaLdF0vb8w6bopZCbTVZ9jsgB4j+yH/wcT/Fr9lzxj8Gf2Sf+Cs/7D/xQ/Yyg1TSvD/gzwZ8cPEP/AAkN14e1O5QxaXbax4us/EWg6Nc6bpFxOYxc61pV7r1tZb5LrUTa2UEtygB/Y3p2o2Gr6fY6rpd3b3+m6laW99YX1pKk9reWd1Ek9tc280ZaOWGaJ0kjkQlWRgRwaALtABQAUAFABQAUAFABQAUAFABQAUAFAHmfxl8C6N8Tfhb448A+IdXfQdE8V6DdaRqWsoYQ+nWtwUMlypuHjgBTaP8AWuic8kYoA77TLSOw03T7GGQzQ2VjaWkUpxmWO2t44Y5DtyuXVA3BxzxmgC9QAUAFABQAUAFABQAUAFABQAUAFABQAUAfIH7aP/IgfDP/ALOJ+B3/AKmtpQB9f0AFABQAUAFABQAUAFABQAUAFABQAUAFABQAUAFABQB//9f+/igDAsfFXhnU9SuNG07xDot/q9oJTdaXZ6nZXOoW4gdY5zPZwzNcRCGR1jl3xjy3ZVcgldwB8i/s3eI/D8nx8/bX0WPW9JfWG+Onhhhpa6hatqBW3+B3wviuGFmJDcEQyo0cp8vEbqyuQVIoA+uv+Eq8M/2wPD3/AAkOif28WKjRf7Usv7VLCMzFRp/nfaiwhBlIEWRGDJjaM0AE/irwxbavHoFz4h0WDXJTGItHm1Syj1SQyx+bEEsXmF0xki/eIBF86fMCV5oAW98VeGdN1K30fUfEOi2OrXZiFrpl3qllb39wZm2QiCzlmS4lMz/JHsQ+Y3C7iMKAGp+KvDOi3lrp2seIdF0q/vQjWdlqOp2Vnd3SyymCM21vcSpLMHmUxIY1YNICgywxQAav4p8NaBJbQ654g0XR5bwZtI9U1OzsZLkbgpMCXM0TSgMQuYw3JxwcbgBdY8UeG/D0dtLr2v6Nosd7v+xyarqVnp6XXlhGk+ztdSxrN5ayRs/lltodScblLADtU8TeHdDtre91nXtH0mzuzi1utR1Kzsre5JUOBBNcSxxzHYQ+I2b5SD05YAL/AMTeHdL0631jUtd0jT9KuzELXUr3UbS2sLkzoZIRBdzSpBKZY0aSPYzb0VmXIBNABceJvDtrpMOvXWvaPb6JcLE0Grz6lZxaZMs4JhMV88q20gmAJjKyHeB8ucfMAB8TeHRo/wDwkJ13SBoO0N/bR1G0GlbWk8pW+3+cLXaZSIwfMwXOwZbFABD4m8O3OkP4gt9d0ebQow5k1mLUrN9LQRy+TIXv1la1URzfunLSDbJ8jYb7oAWfibw7qOmz61p+u6Pe6RaiU3Op2mpWdxp9uIBumM15FK8EQiXLSF3XYOW4FACaZ4m8Oa1ZXWpaRr2j6pp9iZFvb7T9Ss7u0tGiiE8oubm3lkihMcDLNIJGXZEwkPynKgFFPHHhCfSNZ1208SaNqGk+H7K71DWb3TdRtNQi0+0sbaS8uZbk2ksvl+XbRSSlWKkquRn+EA/g3/YL/ZSb/g5T/bV/ai/bb/bo8Z+KtZ/ZS+AnxTv/AIV/Ar9nLRPEdzo+mrb2qi+t7LUUtG82x0aDQ7nS5tX1XS/seq+J9euLzfqNnFpq27gH1x+1z/wbT/sg2f7L/wAT/ip+xhqcHwM/bM+AV18S/jF8MPEfwf8AiV4k1Kx1HSfDOsa74p8JeEtYt9X1m/1XSNet/C9rZ6HpuuaXfWIttYt1W9/tCG4nu1AP1u/4N9/+CiPif/goT/wT88A+Lvi9q9jefH/4aatr3wm+KjLNax32v6t4JuI7Sz8WS2UcgkE+u6LPpeo6rJHbx2qapdXMUOYwjMAftbb+KvDN5q02g2viHRbnW7ZpVuNIg1Oyl1OBoCFnWaxSZrmMwsQsgeNShOGHI3AAvirwy2rnw+viHRG10MynRl1SyOqBlTzGU2AmN1uWMGRgYwQg3EbRQATeKvDFvrCeHp/EOiw69IYwmjS6pZJqjmWLz4gtg0wumMkP71MRfNH84yvzUAF54q8M6dqcGi3/AIh0Sy1e6MQttLutUsoNQnMxxCIbOWZbiQyniMLH854XPWgBdS8VeGdGvrXTNX8Q6Lpmo3ojNnYahqllaXl0JpTBEbe2uJo5ZhJMDFH5atvkBRfmGGADVvFPhrQZra31zxBoujz3gzaQ6nqdnYy3ILbM28dzLG0w3/JmMN83y8HhgBdY8U+GvDy20mva/o2ipebzaNqup2dgtzsCF/IN1LEJdgdC2zdtDqTjcNwA7VvEvh3Qbe3u9b13R9Itbs4tbjU9Ss7GC5IUORBLcyokx2OrYjZsKwPIINABqHibw7pNhb6rqmu6Rp2mXZjFrqN9qNpa2VyZUMkQgup5khlMkYLoEdt6AsuQDtAC58S+HbPSoNdu9d0e10S6WF7bV7jUrOHTbhbhS8DQ30kq20onQFoikjeYoJTIBoAH8S+HY9IXxA+u6OmhMquustqVmNLZXfYjC/Mv2UhnOxSJDlvlHJ+UAIvE3h2bR38Qw67o8ugxh2fWo9StH0pBHL5Eha/WU2oCT/uWJlG2X93944oA+KP+Ci3xS1zwn/wTw/bM+JPwf123u/FPhn9nP4t3/h3W/D9/FdSaXqUHhDU4pNUsruylYQ3+jQSTalbSI++C4tY5MHYVoA/Ez/g1K+Enwf0P/gkbH8VfA82hn4w/Gjxf8YL341eOHmgXXofEejeI9e0TQNP1vUFLX+m2Oh6DBp19bWzyJD/pNxrUMQk1B5HAPeP+C1nwT+DXj7/ghn8btB+O3iXwf478VfAT4T+Gdf0H4ixa1Drt9o/xa0S/0TTbC+0nXbxm1E3XieS8l0S5juSJtStNSLTwNLDA8QB75/wbx/FjxT8Wf+CRn7HmqePNf/tzxho3w6/4Ru5kur5LzWP+Ef8ADurahofhO51XMr3Rmu9B0+ykW4u/3t1zKzuSTQB+yWkeKvDOvz3FtofiHRdYubMA3cGmapZX01sCzIDPHbSyPEC6soLhfmUjkjCgBp/irwxq9/caXpXiHRNS1K0Dm60+w1Syu7y2EbiOQz20EzzRCOQhHMiDa5CnaThgAtfFXhm+1WfQrLxDol3rVqZludJttUsp9St2t2CXAmso5WuIjC7BJQ8a+WzYbBIoAE8VeGZdXbw/H4h0WTXUZ1fRk1SybVEZF3urWAlN0GRBuYGIFV+Y8c0AEnirwxFrC+HpPEOiR685VU0V9Usl1VmeLz1C2DTC6JaAecoEXMeXGVG6gAuvFXhix1SHQ73xDotprNwYxBpNzqllDqUxmGYhFZSTJcyGUcxhEO/+HNABqPirwzpF/baVqviHRdN1O9MQs9PvtUsrW9ujPL5MP2e1nmSabzpv3UXlo2+T5FywIoAXVfFPhnQri2tNa8QaLpF1egG0ttS1Sysp7kM/lKbeK5ljeYGT92DGGBf5eCAGADWPFPhrw99nOveINF0UXYY2p1XU7Kw+0hMbzB9qmi84LuXcUOF3LnGRQA/V/E3h3QIbe413XdH0a3uyRazapqVnYRXJVUZhA9zLGspVXRj5bNhWUnhgWADUfE3h3R7K31LVte0fTdOuygtb6/1KztLO5Mib0EFzPKkMpdBvURs25RuGQCaAC78S+HbDS4Ncvtd0ez0a6EJttWudSs4NNuBcIXgMF7JKttKJkVniMcjeYillyAaACTxL4di0hNfl13R49CkVHTWH1K0XS3WQ7Y2W/aVbUh2+VCJGDHgZNAHmHxm8P+F/jB8EvHnhWTxppWieG/GPh680WfxlFcWN9pmmR3E0UDXfmte21lN5c6iHY15Cplbyy4fhgD0DQdY8OReF7O7sfEWkahomk2EFnLrlvqFnJpwXT4I7aSWW7jne2hwY8yBpiIycFjgUAX9P8TeHNW0+51bS9d0fUdLshMbzUbHUrS6sbUW8XnTm4uoJXghEMP72XzHXy4/nbC0AJpXifw5rttc3mi69o+rWlmSLu603UrO9t7UrH5rC4mt5XjhKxHzG8xlwmGOFOaADR/E/hzxD9o/sHXtH1r7GVF3/AGVqVnf/AGYtnaJ/sssvkltrbd+M7TjoaAG6R4q8M+IJrm30LxBousz2YU3cOl6nZX8tsHZ0UzpbTSNEGZHVfMVcsjAcqQoAmm+KvDGsXtxpuk+IdF1PULQMbqxsNUsry7tgj7HM9vBK8sQR/kYuq7X+U4ORQAtn4q8M6hqlxolh4h0W91m0877VpVrqllcajb/Z3WOfzrOKZriLyZHVJd8Y2OwVgpNABF4q8Mz6tJoEPiHRJdciMiyaPHqlk+qRtEMyK9is32pWjHLq0YKjk8Z3ACN4q8MrrC+HW8Q6Kuvu21NFOp2Q1Vm8oz7V0/zvtRPkK02BFnygZMbATQAtx4q8M2eqxaFd+IdEttbnMYh0ifVLKHUpTKu+IR2Mky3LmVPmjCxnevK5H3gBL/xV4Z0rULbSdT8Q6Jp+qXhiFpp17qlla31yZ5PKgFvazTJPMZpf3cQRG8x/kTLUALqninwzod1bWOs+INF0m9vQps7TUdTs7K5ug8hhQ28FxKkkweUGJTGrbpAUGWBFABrHinw14fNuuveINF0Y3gJtBqmp2dgbkLgMYBdTRGUKWUEoGxuGcZ+YAdrHifw54fitp9e17R9GhvC4tJdU1KzsI7ooqM4t3upollKLIjN5ZbaroTwymgBdT8S+HdFs7fUNX13R9LsLsqLW91DUrOztbkum9RBPcSxxylkO8CNmyvzAYPygHyL+2vr2h23wu+FusXGsaZb6TcftDfAuSDU5r62jsJo38Y20ySRXbyiCRHhjeVWWQho1ZwdqmgD66m8S+HbfSY9fn13R4dDmWN4tYl1K0j0yVZf9U0d88q2ziQjEZWQh/wCHOPmAAeJvDp0c+IRrujnQFXc2tDUbT+ygvmiDcdQ802oHnsIc+aB5hEf3iBQAW/iXw7d6TJr1rruj3GhwiQy6xBqVnLpkQify5TJfJK1sgjkGyQtIuxvlOCKACx8TeHdU0641fTdd0e/0q0EputSs9StLmwthAnmTme7hleCIQx/PJ5ki7E+Zto5oATS/E/hzW7S5v9G17R9VsbIuLy807UrO9trUxxiZxcT28skcJSEiVvMZdsZDn5TlQA0jxP4c8QLcvoWvaPrKWZAu30vUrO/W2JBIE7WssqxEhWI34yASOhoA1ba5t7yCG6tJ4bq2uI1lguLeRJYZonGUkiljLJIjDlWUkEcjrQBPQAUAFABQAUAFABQAUAFABQAUAf/Q/v4oA858P/B34R+E/FWpeOvC3ws+HPhrxtrK3iax4x8P+CPDOjeKtVTUZ4rrUE1LxDp2mW+r3y311BDc3i3V3KLqeKKafdJGrUAfJf7NXwu+Gdt+0r+2t48tvh14Ft/HKfHPQIk8ZweEfD8XixI9T+CfwyvNSjXxEmnprCpqF5NNd3yC823dzLJPOJJHd2APrT/hTvwjHjcfEwfCz4cj4kLI0q/EH/hCPDP/AAm6yvatYtKPFf8AZn9vCRrJ3s2cX4Y2rtbkmFmRgA1D4O/CPVvGlv8AEjVfhZ8OdT+Ilm1u9p491DwR4ZvfGlq1nbfY7RrfxTc6ZLrkLWtp/otu0V8pgtv3Ee2IbaADX/g78I/FXinTfHPij4WfDnxJ410drN9I8Ya/4I8M6x4p0p9Pl8+wbTfEGoaZcatYtYz/AL6za1uojbS/vISj/NQAviz4P/CTx7rmk+J/HXwt+HXjTxJoCW8eheIfFngnwz4i1zRY7S8fULWPSdW1jS7y/wBNS2v5HvrdbO4hWG8d7mNVmZnoAPGnwg+EvxIudLvPiJ8Lvh149u9DUpot1408E+GvFNzpCF1lZNLn1zTL+XT1MqLIVtHiBdVc5ZVKgD/G/wAI/hT8TbfSrT4kfDH4e/EG10Hzzodt438F+G/Fdvo32pIIrn+yode02/i077RHa20c/wBjWHzkt4Ek3LDGEAH+L/hR8LfiDpOmaB49+GvgDxvoWisH0bRfF/g7w74k0nSXWFYFbTNO1nTr2zsGWBEhDWsMREKrGMIqqoAeIfhR8LfF3hfTfBHiv4a+APE/gvRmtH0fwh4h8HeHda8L6S9hBJa2L6boGpabc6VYtZWssttaNa2sRtoJZIYSsbsjABqPwo+FuseDbL4dav8ADXwBqvw+0yO0h07wJqPg7w7feDdPi09SlhHZeGLnTZdEtI7FGZLRILFFtlYrDsBNAA3wo+Fr+CB8M3+GvgB/hwI0iHw/bwd4dbwQIo7lbyOMeFDpx0Hy0u1W6RPsG1blVnUCUB6ACx+FHwt0vwVP8NdN+GvgDTvh1dLcJdeAbHwd4dtPBVyl3dfbrtZ/Ctvp0ehzLc3pN5cLJYMJro/aJN0x30AGhfCj4W+F/CuoeBfDXw18AeHfBGrrdpqvg3QvB3h3SPCuppqCeVfrqHh7T9Ot9IvVvY/3d2tzaSC5T5Jt6kigA8KfCf4WeBNB1fwr4H+GngDwb4Y197mTXvDnhTwb4d8PaDrcl5Zpp14+r6RpGm2en6k93p8cdhcteW87T2caW0paBVjUAz9A+Cnwg8I6D4l8MeC/hh4A8D6F4xsruw8T6b4K8H+HvClrrdvfWcun3A1OLQdOsY713s55YBJcpK6xsVB2nbQB/C7/AME6P2ovDv8Awbg/tuftZfsOft3eEdU8H/AD43/E2f4l/BX9qHT/AAjdalpeo6ZcI1no0Orajpumvqd34ZvdMjtmWCBrmHwr4hTXV1C1sjczzUAfR/7SH/BdP9gP9nX9lT4yfDP9jB/h3+0J+2n+0dqnxh8HfD+P4C/D/Tp3s9F+J/irxDB4QvvF3inw9oVk93N4f0DX7Y6X4YNzeanJrEdtataxQi5uIgD9cv8Ag3l/4Ju6n+wN+wb4D/4XF4I0HSP2mvire+IPiZ8S9Rm0PSR4v8Np43u4b/T/AALc68kD6qkWlaTbaTHqulLemxXV4Z3WIsqvQB+1WmfB34R6J4yv/iLo3ws+HOkfEHVZLyXVPHWmeCPDNh4y1GXUXWXUJL/xPa6ZFrd5JfyKsl49xfSNdOqvOXYCgAj+Dvwjh8bN8S4vhZ8OYviO8kkr/ECPwR4ZTxs0ssBtZZW8VLpi66ZJLVmtpHN+WeBjCxMZKsAF58HfhHqPjaH4mah8LPhzf/Ee2a3e3+IF54I8M3XjaB7Sz/s+1aHxXPpkmvRNbaeBY27R34MNmPs0e2EBFADW/g98I/EvivT/AB54j+Fnw58QeOdJa0fS/Get+CPDOq+K9NewbdYtp/iK+0u41izayb5rRre8Q2zcw+WcFgA8U/B74SeOdf0nxZ42+Fvw58YeKdAW1XQvEvinwR4Z8Qa/oq2N42oWS6TrOraZdajpy2d+731qLO5hFveM1zDsmZnoAXxl8IPhL8Rr7S9T+IXwu+HXjvUtDUJomoeMvBPhrxRfaOgm+0BdLu9b0y+n09ROBOFtJIgJh5g+cbqAHeOPhD8J/ibFpcHxJ+GHw8+IMGhiYaLD448FeG/FkWji5WFLgaXHr2m36aeLhLeBJhaCLzVghWTcIkCgEnjL4UfC34i6bpmjfEH4a+APHWkaKxfRtK8ZeDvDvifTdJcxJAX0yx1vTr21sGMMUUJa1iiJijSM5REVQA8SfCj4W+MvDmmeDvF/w18AeK/COjNbPo/hXxJ4O8O674c0l7OBra0bTND1TTbnTLFrW2d7e2NraxGCB2iiKxlkYANV+FHwt13wdp/w71z4a+ANZ+H+kx2MWleBdV8HeHdR8HaZFpkTQ6bHp/hm706XRLKPT4XaKxS2so1tImaOAIrMtABN8KPhbceCo/hrcfDXwBP8OYo4oovAE3g7w7L4KjigmFxDFH4VfTm0JI4bgCeJFsAscwEqAOAygBa/Cj4W2Pgib4Z2Xw18AWfw3uFmS4+H1r4O8O2/gidLi8/tG4SbwpFpyaDKs+of6dMr2DCW8/0pw0430AVLb4M/CKx8B658LdN+F/gDSfht4msdU03xB4D0fwjoOj+EdYsdahkt9Wt7/wAP6ZYWumXCajDK6XZe2LzbsuxYKVAP4x/FP/BLj/gsF/wR7+Lvx11T/gkpYeBP2mv2K/2gdQ17XPEn7NvxEfS7u98JS61ZNp89i3h/U9V0O41XUYNMcaJZ6z4fuNTtdV0e1tYte0JJRHboAeMeEf8Agl5/wWu/4Ki2Hww+Af7Y3w3+EX/BP/8AYb8Lar4b8QfE3w18MfD/AIU8I+PPjHeeHh5KXHifRfD91ea34g8XSWvmW9nqPiC20Tw5pon+3Pa6hfWVvbuAf26/AL9mn4F/sw+BtC+H3wN+F3gj4caDoXh3QvDIbwt4Z0bRdR1fT/DtmLLTX1/U9Psre+1y7jTzJDd6pcXdwZp55PMDyuWAOu8GfB34R/DjUNT1b4efCz4c+AtU1pVTWdS8GeCPDPhfUNXRJZJkXU7zQ9LsLi/VJppplW7eULLLJIPnd2YAPDPwd+EfgrxDqXi7wd8LPhz4S8WaytwmseJ/DPgjwzoPiHVUu5hc3S6lrWl6Xa6lfrc3CrcXAurqQTTKJZA7gMoAaR8HfhH4f8Yaj8QtB+Fnw50Tx9rD30mreONI8EeGdN8YapJqcyXGpSaj4ms9Mg1q+fUJ40mvmub2RruZEln8x1U0AFv8HvhHaeNZfiTa/Cz4c23xFnkmln8fW/gjwzD41mluIjBcSS+Ko9MXXZJJ4SYZne/LSxExuSnysAFx8HfhHd+N4vibd/Cz4c3XxIgeOSD4g3HgjwzN43hkhszp0MkXiuTS316N4tPY2EbJfhksybZCICUoANX+Dvwj8Q+LrL4ga/8ACz4c654801rV9O8bav4I8M6l4u097Fdtk1l4kvdMm1m1azXC2rQXqG3XiHZgUAHib4PfCPxr4j0nxh4x+Fnw58W+LdBNmdD8U+JvBHhnXvEeinT7v7fp50nW9V0y61PTjY3xN7ZmzuYfs12ftMOyYl6AF8Y/CD4S/ETUtK1n4gfC74deOdY0JUTRNW8Y+CfDXibUtHSO4+1RppV9rWmXt1p6pdf6Si2k0IW4/fACT56ADxx8IPhL8TV0xPiT8Lvh18Ql0VZU0ZfHHgnw14sXSUnEYnTTBr2magLBZhDEJVtRGJBFGHDbFFAE3jX4UfC34k2OmaZ8Rfhr4A8fabojO+jaf418HeHfFNjpDyRRQyPplprmnX9vYNJDBDE7WqRFooooySiIqgB4o+FHwt8b6BpnhTxp8NfAHi/wtorQvo/hvxR4O8O6/oGkvbQm2t30zR9W06606waC3ZoIWtbeIxQkxJtQ7aADWfhR8LfEfhDTfh94h+GvgDXvAWjixXSPBGs+DvDuqeENKXTIXt9NXTfDV9p0+jWI0+3klgsRbWcQtIZHit9iM6MAFz8KPhbe+C4fhtefDXwBd/Du2jgit/ANz4O8O3Hgu3itX822jh8LS6c+hxR28oEkCR2KrE43xhW5oA8z+L/7OngPx7+zr49/Z68NeFvAvg3wd4t8O3ujWug2fhPRrPwZpst3exal9pPhmwsYdLwuoRLfN5doGN6Fuv8AXKHUA77wt8Hvhj4U+Hsfwx0j4d+AdO8DTaeLPVfB+l+D/D+n+EdWM0cY1CS98N22nxaRdjUJlM92Lizl+0SMXm3vksAXvDfwo+Fvg3w3qvg3wh8NfAHhTwhry3qa54U8N+DvDuh+G9ZTUrX7DqKaroel6da6XqK39j/od6t5bTC6tf8AR598JKUAJ4P+E3wr+HularoXgH4Z/D/wPomutI+t6P4P8G+HPDOlaw8tsLOVtV0/RdNsrTUGktFFrI13FKXtgIGzENlAB4I+E3wr+GY1MfDj4Z/D/wCH41to31keCPBnhzwoNXeHzPJbU/7B0yw+3tF5svltdCUp5smzbvfcAReCvg/8JPhre6pqPw5+Fvw68AahraxrrV/4K8EeGfCt7q6wySzQrql1oWmWE9+sUtxPLGLt5Qkk8rqA8jswAnhb4O/CPwNrup+KPBPws+HPg/xNrSyprHiLwt4I8M+H9d1ZJ5vtE66nq+k6ZaahfrNcfv5RdXEokm/euGf5lADRPg78I/DPi3UvH/hv4WfDnw/471n7b/a/jXRPBHhnSvFuq/2lPFc6j/aXiOx0y31m+/tC5hiuL37VeS/a54opp/MkRGUALT4O/CPT/Glx8SLD4WfDmy+Il3JcS3fj208EeGbbxpdS3a7LqW48Uw6YmuTSXKfLcPLfO0y/LIWAzQASfB34Ry+OI/idL8LPhzJ8SYZBLD8QpPBHhl/HEUosn04SR+LG0w6/HINPkewDpqAYWTva58hjHQAmqfB34R654xtPiJrXws+HGsfECwa2ex8c6p4I8M6h4xsnsovIs3tPE13pkut2zWkIENs0N6hgi/dxFU+WgA8R/B34R+MPE2l+NPFvws+HHinxjobWT6L4s8R+B/DOt+JtHfTbn7ZpzaXr2paZdarp7WF5/pdk1pdQm1uf38HlygPQA7xf8IPhL8QdX0rxB49+F3w68b69oKxJoet+L/BPhrxJq+jJBcm9gTStS1nTL2805Yb1mu4ls54hHcsZ0AlJegA8bfCD4S/Et9Mk+I/wu+HXj+TRFkTRpPG3gnw14qfSElKNKmmNrumX7WCyNHG0i2hiDmNCwO1SoBL42+E3wr+JdppWn/Eb4Z/D/wAf2GhGVtEsvG3gzw54qtNHaeOGGdtKttd02/h08zRW9vFKbRITJHBCj7liQIAL4r+FHwt8d6Jpnhrxx8NfAHjLw5orRvo/h/xX4O8O+ItE0l4Yfs8TaZpWr6dd2Ng0VviCNrWCIpCPKXCYFAHyb+3B8Ofh7q3wY+E3gjVfAng3U/Bem/tBfAi107whqHhjRLzwvYWtv4qhsLe2stAuLGXSbWCCxuJ7KGGCzSOK0nltkQQyulAH1le/Cj4W6l4MtfhxqPw18AX/AMPLKO2isvAd74O8O3Xgy0isyTaR2vhefTpNDt47Ukm2SKxRYCSYghNAAvwo+FqeB3+GS/DXwAvw2ljEUnw9Xwd4dXwPJELxdQET+Exp39gvGNQjjvgjWG37Yi3OPOUPQAab8KPhbo3g26+HWj/DXwBpXw+vluUvfAmm+DvDtj4NvEvZvtN4t14YtdOi0S4W6uCbi5WWxYTzHzZdzktQAeHvhR8LfCPhjU/BPhT4a+APDHgzWlvE1nwj4e8HeHdF8MaumowfZdQXU9A03TbfSr9b62/0e8W6tJhdQfuZg8fyUAJ4R+E3wr8AaNq3h3wH8NPh/wCCfD2vPNJrmheEfBvhzw3o2svcWq2Nw+raZo2m2dlqLz2SLZzNeQSmW1Vbd90ICUAHgr4S/Cv4aw6nb/Dr4Z/D/wAAQa2yvrMHgrwZ4c8Kw6u6K6I2px6Fp1gl+yJI6KbtZSqu6ggMwYA7HS9K0vQ9OstH0TTbDR9I023is9O0vS7O30/TrC0hUJDa2VjaRw21rbwoAsUEESRRrgKqgAMAX6ACgAoAKACgAoAKACgAoAKACgD/0f7+KACgD4//AGcf+S0/tsf9l28Jf+qK+FtAH2BQAUAFAHwz8Gf23dH+MX7Zf7Tn7HcPwy8aeD/EH7M3gT4PeOdW8WeJ20mHTPGNj8Yj4pm0R/D1hZX13qNvbWlh4cSW5Osw6feC4u3gNovkb5QD7moAKACgAoAKACgAoAKACgAoA8G/aC/Zd/Z2/as8HjwF+0d8Gvh/8ZPCccjzWul+OfD1lq7aZcSrslutG1B411TRLuSMCOS70i8s7iRAEaUqAKAPgz9gT/gkr+xt+yDHqnjXw1+yX8IvA/xaT4hfEi60HxcumQ+K/EGk+D7rxprE/gf+xdX1rUNffQpovCraVCH0ySy1KONTBfStP54oA/WygAoA+N/29/2wdK/YQ/Za+Kn7UGu/Dnxl8T9D+FmgHXtW8OeC/wCyodQ+yPfWOlRXVze61fafYW1nHqGqWK3OJpb1rZriaztLo2sqKAfVXhbXE8T+GfDviSOBrWPxBoWk63HbOwd7dNVsLe+WB2XCs0SziNmXglcjIOaAN6gAoAKACgAoAKACgAoAKACgDJ15NRk0PWo9IYrq0mk6imlsGjUrqL2cy2TBpf3SkXJiIaT92MZf5QaAOF+Clp4+sPhJ8OrL4pzPc/Ee18I6LB41nknsrmSbxHHZxrqkj3GnAWEzNchyZLMfZ26x5XFAHqFABQB+Ov8AwWV+Kfxq+DPws/ZW8YfB74s+Ivhv/wAJF+3t+yD8LPGemeH7LR3HjHwR8QfirZ2HinQNW1DUrK+vLax1CytoLYjSG0+68pryKW6lhu2jQA/YkdB9BQAtABQAUAFABQAUAFABQAUAFAHlfxw8F+JPiL8JPH3gfwhraeG/E/ifw7d6VomuyXd9Yppd9OY/Ku2u9MSTULcR7W/eWiPMM/KDmgD0XSbWey0vTbK5l8+4tLCztbicM7Cae3t44pZQ0mJG8yRGfc43ndlsMTQBfoAKAPhn9oP9t3R/gD+07+x7+zRqfwy8aa7e/te+PPGngbw78QbNtJtfB3he+8DfDzWfiFqqambu+TV766nsdPtLa0Gm6bcWfm3U6zXcU1m8TAH3NQAUAFABQAUAFABQAUAFABQAUAfIH7aP/IgfDP8A7OJ+B3/qa2lAH1/QAUAFABQAUAFABQAUAFABQAUAFABQAUAFABQAUAFAH//S/v4oAKAPj/8AZx/5LT+2x/2Xbwl/6or4W0AfYFABQAUAfiL+zEyn/gut/wAFSlDAsP2Xv2C8gEZH/Eq+KB5HUcEHnsQe9AH7dUAFABQAUAFABQAUAFABQAUAFAHjXwLuPiZc+DtXk+K8U0PiVfiF8SIdOWaC3t3Pg2HxrrUXgiQJbARtHJ4XXTHjlb97KjCSYmRmLAHstABQB+Qv/Be8hf8Agj5+3kWIA/4U7AMkgDJ8beEwBk8ZJIA9Tx3FAH6dfCYg/Cz4akHIPgHwfgjkf8i9p9AHoFABQAUAFABQAUAFABQAUAFAGVrzaguh6y2kAtqq6VqLaYoCsTqAs5jZAK3ysTciIAN8p6HjNAHC/BSfx5c/CT4dXHxRjli+Is3hHRZPGkU0MNvLH4iazjOprJDbAQROLneGSECNTwoAGKAOqv8Axn4O0u5kstT8WeGtOvISBLaX+u6XaXMRPIEkFxdRSoSMEblGf1oA0tN1vRtZQyaRq+marGACZNNv7W+QA9CWtZZVAPYkgGgD8a/+C3Phn4jePPgt+y34Y+F/wi+LXxb1zQP29/2Sfit4isfhd8O/E/jl/D/w/wDhr8RD4g8Y+JNYfw/p17HY2uladB5hjmZZ52liWCNySKAP2X0rUI9V0yw1KK2v7OO/tILtLXVLG50zUbdZ41kEN9p97HDd2V1GG2z21zFHNDIGSRFZStAGhQAUAFABQAUAFABQAUAFABQB5V8cfDnjLxf8I/H/AIZ+HmqPovjbWvDt3Y+GdVS9k017DVJTH5Fwt9ERJalAG/eody575FAHoukw3NtpWmW97IZby30+zhu5SxcyXMVtGk8hc5Ll5VdtxOWzk5zQBoUAFAH4i/8ABS5lH/BRT/ghsCwBP7UP7R+ASATj9mbxKDjucEgcdMgHqKAP26oAKACgAoAKACgAoAKACgAoAKAPkD9tH/kQPhn/ANnE/A7/ANTW0oA+v6ACgAoAKACgAoAKACgAoAKACgAoAKACgAoAKACgAoA//9P+/igAoA+P/wBnH/ktP7bH/ZdvCX/qivhbQB9SeJbTX77QdVs/C2s2Ph3xFcWcsWj65qeiv4i0/TL5h+6u7vQ49U0R9UhjOd9ourWBkzxcpj5gD+aT/gnP+3v/AMFTP28/iR+274Cs/Gf7IXg+8/Y8+N+q/Bq3TUPhR8QzZfEC801r5Rqd1qVl48vrnw1azG3g3GDStbmjDzEQPsjDgH2v/wAE3P8AgqX4t/aq/aF/an/Yj/aO+EmlfBr9rT9kbWba18Z2Pg/xHP4s+HPjzwxfXl1Zaf4w8Gaxe2GlanFDcvapc3Gm6hp6PbW1/YPHcXHmuUAPv7wX+xj+zf8AD34++PP2ovCHgC+0n47/ABP03RNH8f8Aj5viB8S9SuPFOleGrWaz8Padqmhat4xvvC0llodrczw6VbRaHFFYLPKbZUZi1AH1FQAUAFABQAUAFABQAUAFABQAUAeNfAvXviN4j8Havf8AxQ0ebRPEUHxC+JGl2FpNpc+kvL4R0nxrrWn+DdQFtcSSPJHqPhq3028jvVbyr5JhdRKqSoKAPxs/4Lk/t+ftg/8ABOzw9+zl8Q/2edT+DGseHvjb8dPCPwH1Pwt8S/AHiDVL7QdT8WPGlp4os/EOi+NdMW+tUYXBudKl0a2eBY4jFeXJlZUAMz9uL/goF+3v/wAEt/hX4I/ae/aH8J/AX9pn9mW68WeFvDPxW1T4RWXiz4W/FL4dWniwO1n4h07wl4hvfFmg+KLC2MT2zQr4o06d7p4kkWFZoi4B+s3xL+EX7Of/AAUA/Z003wz8V/Cz/E/4EfGDwx4f8Sy+GZfEnjDwvYeI9D1NNO8Q6VFq0ng/X/Duo3dus0NjctZz3rW3nwKWjbBDAHvPgXwP4b+G/hPQ/A/g+0vLDw14bsIdM0axvta1zxDc2ljbKI4LdtX8R6lq2s3awxgRxte6hcOqKqBgqqKAOsoAKACgAoAKACgAoAKACgAoAydenv7bQ9ZudKiM+qW+k6jPpsCxmYzX8VnM9nEIlw0pkuFjQRqcuTtGCaAOG+CmseN/EHwk+HWt/ErTJdG8f6r4R0W+8YaVNYTaXLp/iC4s431K0k02d5JrJ4bgsjW0rs8RG1mJBNAH8o3/AAXS+DXws1n/AILAf8EYrbUfAnhyW1+MPxM8a6N8VbWLTorO2+IunaP9ku9Nt/GcNl9nj8R/ZZriULJqq3UrQ7baSR7eNIlALP8AwWU8FaZ/wTq/aY/4JsfEf/gnbrevfB343/F/9pfQvhX4x/Z98CeL/EU/w7+Lnw31LVPDNrq0uu/Ce61PUPDWnRaZb6lPZya/YaPYG0i1D7asqT2T3DAH9etk9xLZWkl5EIbuS1t3uoVOViuHiVp4lPORHIWQHPIHegC1QAUAFABQAUAFABQAUAFABQAUAeVfHHTfiBrHwj8f6Z8K7lrP4i3vh27g8IXSXVnZPBrTGP7NIt3qGLKAgBv3lyfKHfGaAPRdJS8i0rTI9QYtfx6fZpfMWVi14ltGtyxZMoxMwc7lO05yuQaAP5xvjT+3t/wUR8N/8FjvB/8AwTN+H/jf9myDwZ8R/gvqPxt8P/EbxR8HPF13rug6bZ/aYj4Z1HSdP+JsVrqVzHe27QLqsV1aLPa/6UbOGU/ZFAPX5/8AgqD+0P8Asq/8FCvgR+wR+3Z8OPhle6Z+1Rpd9P8AAL9oz4H6pr0fh/U9f0/7es3hfxz4E8UWceoeGb5pdNeFbiw1jWrf7Te2CozW0/2qgD9S/jJ+xp+zj8f/AIl/Cn4wfFrwDe+KviP8DtU1LW/hN4lj8ffEnw7J4G1fWNPXSdW1HRtN8K+MND0YXmpaYi6ffT3WnXT3VmWt5sxO6uAfTqIsaJGudqKqLuZnbaowMu5Z2OAMszMzHliSc0AOoAKACgAoAKACgAoAKACgAoA+QP20f+RA+Gf/AGcT8Dv/AFNbSgD6/oAKACgAoAKACgAoAKACgAoAKACgAoAKACgAoAKACgD/1P7+KACgD4//AGcf+S0/tsf9l28Jf+qK+FtAH2BQB/FF/wAESvEH7YWk/tRf8FnLX9lv4afAnxt9u/bf8Zrq2rfGb4peMPAMWg6qbnUks5LbTfCvw48cy61YrEUnnHn2E7SA26qqkXFAH7q/8E2/+CY/ir9lP4y/tQ/tjftG/Evw/wDF39sL9r/xHaap8SNZ8EaXe6T8NPA3hvSLm+uND8DfD221mGLX5tOsjfulzqmqpa3F7DbafA1mn2L7RcAH7EUAFABQAUAFABQAUAFABQAUAFABQB418DPGvjLx54O1bWfHOipoOsWfxC+JHh20sks7mxE3h7w1411rRPDeomG7eSR21PRbKyvmuFYQ3JnM0CrE6ooB/Nl/wdgyalF+zZ+wvLo1vaXesR/t9fB6TSrS/uZLOxutST7U1jb3t5Db3U1raTXQiiubmK1uZIIWeWO3mdRG4B9R/tgfsH/t7f8ABU/4b/Dj9nX9pbVf2eP2bf2SIfEng3xh8VdJ+Dvjbx18U/jD8UbHwxCbjTvDVjqPiH4d+B/DHg/S7xpy17ctcazeRzra3UUT/ZXtZwD97PB/hPQ/AfhPw34K8M2UeneHfCeh6X4d0SwiVVjtNL0izhsbKBQoVR5dvAinaqgkEgDgUAdHQAUAFABQAUAFABQAUAFABQAUAZOvXd3YaHrN9YQi4vrLSdRu7KAqzie7trOaa2hKLhnEkyIm1TubdgYJFAHDfBTxT4n8b/CT4deL/Gulroni3xJ4R0XWPEWkJaz2Sabq97ZxzXtmtpdPJcW4gmZkEUztImMMxIzQB/K//wAF/fCOgfEL/gqv/wAEPPA3iS91ey0fxH8T/iPp+pT+HfEmr+E9fgtrlNKEcmmeIfD9/pmt6RcvPEI4bvTr62uC2+JJfmdHAP6BPg9/wTZ/Y7+CXxTt/jp4Y+GGo+JvjZZWEul6Z8Wfi18RPiR8ZvHei6dOrJLZ+Hda+KPivxW3hqGSOSWJh4fj0xzDNNCZGildGAPuugAoAKACgAoAKACgAoAKACgAoAKAPKvji3xCT4R+P3+FHm/8LHXw7eHwd5KWskv9t5j+zeWl6r2jNjfgXCtH6+qgHouk/bP7K0z+0c/2h/Z9n9uyFB+2fZo/tWQuFB8/fkKNvpgAUAfyBftk6p8YNH/4Okf2dL74GeEPA/jj4gJ+wzrC2Ph/4h+L9V8DeGriyfVdYF7NP4g0bwz4svYLiECMwQro8iTbnDzRbRvAP010X/gmn+0Z+0x/wUD+Df7fv7fni74Q6en7MGh6rp/7OH7OfwHvvFHijwx4f1zXE1KLUPF/xB8c+NPDHhO88Q6xFHqc5s7PSfD1naJLBpk32lH04i9AP3YoAKACgAoAKACgAoAKACgAoAKACgD5A/bR/wCRA+Gf/ZxPwO/9TW0oA+v6ACgAoAKACgAoAKACgAoAKACgAoAKACgAoAKACgAoA//V/v4oAKAPj/8AZx/5LT+2x/2Xbwl/6or4W0AfUviSTxJFoOqyeD7TRL/xOlnK2iWfiTUb/SdBuL8f6mLVdS0vTNa1Cys2OfNntNKv5k/gtpOQoB+Cn/BJH/gmz+2v+wR8ev2xPiF8ZfFH7MPjbwT+2B8Y9Q+Musw/DbxV8Um8UeBtYvm1SSTStNsfEvwu0PSdfs5Dc2EJnudX0mSBIrmZYpndIVAP1S/ad/au0D9nnXPgb8OLLQLrxz8Zv2lfH978PPg54As7y301dWvdD0SfxL4v8S65qtzmPSPCXgzw/b/2jr2oJFdXe66sLHT7G9v722tpQBnwB/as0n4u/FP44fs++KPDz+BPjz+zxe+Fx8QfB41BNX0m+8NeOtIXXPBHjrwhrSw2zat4W8SWHnxwSXVnYanY6jY3+m6np9nd2rx0AfW9ABQAUAFABQAUAFABQAUAFABQB418C/iRrPxS8Hav4i13RE0C80/4hfEjwhDZIZyJtO8GeNdZ8NabqR+0RQybtUstNgvmAVow05EUjx7WYA/ID/gtr/wTi/a7/wCCk/h79n7wH8B/Ff7O3gHwv8EvjR4Y+OU2ufFfxB8R49f1zxF4UMb6foMWjeE/h34i0+20ppDOZ9QfWmuXV0Ask2lqAP2m+F8XxAt/Anhu1+KNj4P07xvaadDZ63a+A9a1rxB4WWW1UQRSaZqviDw/4X1a4SaGOOWUXWiWZilZ4k81ESVgD5X1D9t3R7D9v7wd+wTP8MvGlp4g8Yfs/wDjv9oCw+Jt+2k23g+80LwT4v8ADfgy40bTbUX0uuz6hLqmuXDvPc6da2RtrOKe0nuY7pWQA+5qACgAoAKACgAoAKACgAoAKACgDJ16/l0rQ9Z1SCEXE+m6TqN/DbnIE8tnZzXEcJKhmAleMJ8qsfm4BPFAHDfBXxxqnxL+Enw6+IGt6Uuhav4x8I6L4g1HR0MzJpt3qVnFcTWameOGYiB3KAyxI/HzKpyGAPk/49/8Euf2Gf2nvi74Z+PHx1+C9/4++LXgm7tr/wAFeM7r4ufG/RbzwZeWl2t9Bc+EbHw18StE0fwxKt4ouGbQ9OsfNlG6XfigD7A1jQdc8OfDTU/DXwtMFv4i0vwndaN4Em8Vajq+vWllq0envaaFeeINR1W/vdc1m1sbo293qUl5qVxqeowwTIbprmbzGAPwn+Lvww/am/Y0/bW/YL8Q/Dv9sj48/HqX9qX4xeKfh1+0F8Efi7ceE9Z8C6j4WsfAmreLdZ8f/DrT/D3hTQZfhxYeBb2zsoEthdahDdLqum2N3dTXFwHoA/oXoAKACgAoAKACgAoAKACgAoAKAPKvjjqvj3RPhH4/1b4X6fLqvxBsPDt5ceEtOhsm1KW81hDH9nhjsUIa6ZgW/dKQW9RjNAHoukyXculaZLqCGO/k0+zkvYyuwx3b20bXKFDkoVmLqVJ+XGOcUAfz4/Ev/gm5+3t4s/4LH+AP+CnGg6/+yVB4I+HfwsvPgxp/wu1bxx8X4vE+seE72O8eXW73VrP4O3emafrn2+5W5XToHvbJYYzbf2g2/wA9AD94/iD42b4eeBNa8ZXOgaz4nvNIsrU2/hjwnb/2hrOva1qF1a6ZpmiaOtwbWHzNR1e9tbNL7UJbKwsYZW1DVLmysbe5uIgD4G+Af7evxL8aftdat+xp+0N+y34r/Z5+Jd98H5/jz8NtVbxr4O+I3hPxn8OLDxJH4U1YXWt+DdSv7bQPFWkazcW8F5od6f3scn2iyubqFS6gH6aUAFABQAUAFABQAUAFABQAUAFAHyB+2j/yIHwz/wCzifgd/wCpraUAfX9ABQAUAFABQAUAFABQAUAFABQAUAFABQAUAFABQAUAf//W/v4oA8S+P37SPwI/ZZ+H2o/FP9ob4reCPhD4A0wiO58S+OdfsNB097l1dobK1e9mia8vrgoUtrO2WWeeQrHGhdlDAH4k/sZf8Fxf+CW/xI/aP/aW8J6F+1t8PdP1b4rfGfw5qXw8bxY9/wCENO8V29r8KvAXhdxpOq+IbSw0+5nl1vRdRs7a3WcS3JgEkKPG8cjAH9Dltc217bwXlncQ3VpdRRz21zbypNBcQSqHimhmjLRyRSIQ6OjMrKQQSDmgCegD8P8A9t2x1PSv+CwP/BI/xhrUkn/CDahoH7WPgPRHkUixsfiRf+EPDGuxK9wcxRX2s+GtLu47OFyklzHpN15O/wAmRVAGfB7SdQ1//gvf+2R4r8PyP/wjfgX9i/8AZx8E+O3hRmtLjxnr2seK/EmgWU864i/tDTfDbx3D2zF54rXVLaVgiTJuAP3DoAKACgAoAKACgAoAKACgAoA+Vv2qf23P2U/2JPB9v45/ak+OPgL4O6DfySQaR/wlmt2tpqmvXUKq8tnoGjCRtU1i7SNhIbewtJ5NgYgAKxoA+GP2K/8Aguv/AME5v22NfbwF4C/aK+Hmj/FC78TeJdH8PeAfEWrXHh7WfE+laZrd5YaFquhR+JLLRm1SbXtKitNW/s+ySWaz+1/Z3LtGWoA/Y8EEAggggEEHIIPIII4II6Ef1oAWgD8Rficy/wDEQf8AssruG7/h2N+0IduRnB+PfgDBx152nHrtPoaAP26oAKACgAoAKACgAoAKACgAoAKAPgr9s/8A4KZ/sS/sC6VHcftN/tAeAPhz4h1HTbvUPDvgrUdXS68ZeIFt0kCvp3hjThea3NatcIlvJdx2DRRM656igDy79g//AILB/sJf8FAtM0PTfgr8e/h9f/Fe70Sz1PXfhHNrZ07xlpN1LEGvba00jW7bStT1a2s5i0JvrSwaGQruGBQB+o1AHOeMPEcfg/wr4j8VS6R4g8QR+HNF1LWn0Lwpo194i8TawNNtJbv+zNA0HTIbjUNY1e98r7Pp+nWUEtxd3MkUMSMzAUAfhF8Hf24viH44+Olp8T/HP/BNv/goUnxi8YXdn8Mfh9N4y/Z48T+FvhX8EPh9rWvWy3LX3i7W4oNP0iO9Ih8S/EvxWsJutQj0600mxjvLXRtIt2AP39jLmNDKqrIUUyKjFlVyo3qrEKWUNkBiqkgZIGcUAPoAKACgAoAKACgAoAKACgAoA/JP/gob/wAFj/2If2CfD/i3wz8Qf2jvhjovx6tNAe+8NfDF7qbxT4j+3zbDYNrnhrw69xqdhY3Kl9kt21mj7DiVSpCgH0J+xp/wUf8A2Mv28fD/APaP7M/7QPw9+KOsadY2k3iTwzomrR23inQ55YI3lOpeFr8w65YQGUuInuLQKygEOQMsAfdFAEU08FtG01xNFBChUNLNIkUal2CIGkchQWdlRcn5mYKMkigD8K7rwb+0/wDs8f8ABZD4QeKNW+LNn+0D8Iv2yvhD8UfC+o+H9c8DaBofif8AZ1tvgm3h7xDpn/CHa5pktxfN4B16+8atBqFpeyvNf67eCa5mZrKB5wD92aACgAoAKACgAoAKACgAoAKACgD5A/bR/wCRA+Gf/ZxPwO/9TW0oA+v6ACgAoAKACgAoAKACgAoA+a/2vv2pfhr+xb+zj8Vf2l/izNep4K+Fnhi91+9s9LtpLzVdZvUQx6VoWl20YO++1fUHgsopJSltbCV7u7lhtbeeVAD0b4OfFrwb8cfhz4X+J3gPVbTWPDnijTLe/tbi0mWdIJpIkNzYyyIShubGcvbXAXIWaJwGbGaAOjn8eeB7aaW3ufGXhS3uIXaKaCfxFpEM0UiHDxyxSXQeN1IwyOAwPBAIxQBs6ZrOka3A11o2q6bq9skhie40y+tr+BJVCsYmmtZZY1kCsrFCQwDKSOQaAPxh8M/tU/tIftO6d/wUP+LnwV8Zab4F8LfscfEb4m/CT4G+DJNC0/WtJ+Lviz4GeHV1XxxrPxE1K4kGoHQPGPiWDUfCfhy18PTaRcaDZQw69c3Oru7aaoB+iP7F/wC0ton7YP7LXwR/aT0GwOkWnxa8A6H4qutEaQzPoer3dqo1nRHlZY/NfS9TS6smk2qGMWRgHLAH5x/tM+Ov+CiHwO+Mf7LvjzQPjj8MvGEPxr/aP8H/AAw8WfsZWnw6soRpHwk8RR6tc+KfF3hr4kjxXceI9b8QfDPRNMXWtZ1ibw7YaFqm94EsbJpbYOAft3QAUAf/1/7rdC+Mnwq8TeCdQ+JPh7x/4W1nwFpK3j6l4u0/Vra50GxTTztvmudQjYwRC1IxOWI2HhumaAP4e/DPw98M/wDBwv8A8Fmv2vtU/aX8d6jqn/BPb/gnHnRPCnw50fxDcaR4T8Yxpqmv6Xa6/eXtndRtDp3iP/hEvEHifxPrNqYtYXTm0nS4LqztY0MQB+h0n/BET/gkf+3L4J/be+H3w1+G3w08DL4H+IOk6P8ACb4vfCfU71Lz4avD8EfAWpwTTTLqN3aa7oS69Pe3uuWesR3c92j3xgu7W5f7QgBL/wAGrf7YHxY+J/wR/aS/Yp+NvjOf4jeMP2Gvievgbwx42utTfV7nU/hpqs2p2fh2xm1KZpJr6HSdT0HW7HS7mWSR/wCx4rGGSR3iZ2AP6aPAHxw+EHxU1HV9I+HHxH8I+NdT0BY31qw8O6za6lc6Wks0tvG17FbuzQB5reaJfM6vE6gkqaAPLPFkv7Kf7WFy3wr1rX/BHxK1/wABa9a+MLPSdE8Ry2/jDwJ4n8O3D2tr4l0XVNBvbLX/AA3q2nTXE1jJeWF9btNbXd3pl8J9Pvbu0nAKXwHt/wBk/wCG3jPx98NPg14k8IzfFLX/ABDqnib4oWbeK7nxR8SPEHiTTVtdJ1HU/F2p6zf6hrt5PpMMdjpUNvPcLZaNZxWum6da2lnFBAgB7BafHD4QX3j+f4V2fxH8I3PxHtZLiG48FRazaP4ihltY/OuY5NMDi4VoYv3kgKnanJHGaAC4+OPwgtPiFD8Jrn4j+EYPiXcSRxQeBpdYtU8STSS2DapEkellzcMz6crXqgKM26mQDaCaADW/jj8IPDfjiw+GuvfEfwjpHj/VHs007wff6za2+v3r36CSyW3053E8puoyHhCj94pyM0AHiz44fCDwJ4q0XwN4y+I/hHwz4w8RNYJoXhvWNZtLLV9WbVL3+ztOWxspWE1wby+/0S3CA+ZP+7X5uKAHeOvjd8IvhlrGjeH/AIg/EXwl4O1vxCsb6HpfiDWLXTr3VUmujZRNZQXDK84kuwbdSg5lGwYP3gA+IXxu+EXwn/sg/Er4jeEvA415ZX0U+JNYtdM/tRIPK85rP7Sy+cIvOi3lAdvmLnGfmAJvH/xm+FPwq0/R9V+JHxA8LeCdN8QNKmiXviPVrXTLbVGhignlWyluGVZzHDcQSOE6JLGxwD8wAvjH4yfCv4feHNJ8X+N/H/hbwt4X11oE0bXta1a2sdL1N7mD7VbrZ3cziKYzW4M0ezduj+YYGDQAeIPjJ8KvCvgjSviT4k8f+FtE8A64NPOj+LtR1a2ttB1IatbyXWmm01CRxBN9ut4ZZrbYW82ONmXIBagCj4g+Onwk8M/C+f4z6v4+8NW3wwh01tVTxmdTt/7CubTy5JImtb7cIZ2ufLKW6o2ZZMKuSdtAH8Mv/BMv9mz4Xf8ABcj9pH9sX/gq9/wU317/AIS34AfCL4u3fwp+DXwg8R+JL3R/hr4Y07TRpmoaeNVayv7SWLw/o9hrnh60tLWyubSPXNeuNRu9Ylumd4rgA+//ANtv/gjf/wAExP22v2C/i1+0d+yZ8NPBH7L3xX+BrfFTVPhl8Vvhdq8+j6Tf638Fdb1e0trLXksdRl0ySw8S3GgK2kaxbCz1rSb++0+/a+ZYZIHAPu7/AINz/wBvvxf+2R/wTD8PeOvjx4nTVPiF+z3r3ir4QfE7x3qt2jHV7bwDbQ3+m+KdavGVEN5N4PutLvdZu2CpJcrc3IwjYoA/bnwP8Z/hR8S9F1nxH8P/AIg+FfGGg+HXmTXNW0DV7XUbHSngtFvplvriBjHA0Vmy3LhyMQsHPy4NAHy94a+DH7DHx6/aJt/2t/Bz6H8Qv2gvhx4al8CxfEjwz8V/iDcXHhjwnqepHW7jwxJoGleNIvCUGjahqlsdQudOm0F7a7uYBJNG7RrQB9OfD/43fCL4rX2s6Z8N/iN4S8bah4eWFtcs/DmsWup3GlLcSzwQm9jt3ZoBLNa3EaF/vPDIoztJoAb4N+OPwg+IfiHVvCfgb4j+EfFfiXQVlfWdD0PWbS/1LTEgn+zTNeWsLNJAIrj9y5cfLJ8pyfugB4d+OHwg8XeNdV+HHhn4j+Edd8eaGNQbWPCWm6za3Wu6aNKuIrTUjeafGzTwiyuZ4YLneB5csqK2C2FACw+OPwg1Tx7d/C3TviP4RvfiNYS3UN54Lt9ZtJPEVtLYruvI5tNV/tCPbKQZgVJQdQOtAA/xx+EEfxDj+Ez/ABI8Ip8TJpfJi8DNrNoPEskv2B9T8tNL3i4L/wBnRveYC5+zo0mCoLUAGrfHH4QaD47s/hhrPxH8I6Z8Q9Qe0jsfBt5rNrB4hu3voPtVmsGmu3nyNc25E0IVfnj+YZBzQAeKPjh8IPBXi7SPAXi34j+EfDvjTX3sY9E8MatrNpZ6zqj6nc/Y9PWysZWWac3l1/o9uEH7yX5FwfvADvG/xu+EXw213RfDHj74jeEvCHiHxEkEmhaNr2sWun6hqyXN42n27WNvO4kuBNfI1rGY1O6dTGDuBFAB8QPjd8IvhVNpFv8AEj4jeEvBM2vq76LF4j1i10x9USNkSRrIXDqZwryorFOhdRkZoAl+IPxn+FHwos9G1H4lfELwr4HsfELTrod14k1e10yDVWtYrea4FjJcMqzmGK6tpJNmdqTxk4DZoA8Q/bP/AGufh/8AsjfssfFj9orXvEGgBPCXww8ZeL/AtjqF/FDb+NfEmkeGb3VvDmhaexdTdHV79LGBhA28W87SgjGaAP48/wDgjf8A8E/P2Z/2wPgl46/4LP8A/BWzVdM+OXjj4/8AxF8dv8OfD/xX8RXVn4E8N6f4b1fXdNtbf+z49StIb3UtRudD1O28PaHPJ/YWmaDa2iW+mvJl4gD0T/gr9/wSm/Yyi/YD8Mf8FZP+CfejaZ+xt8dfhBoXgz4z+FLz4a63c6Rofi7Tr28ss6XFbLfXGn2HirTILpr7TrvSDbWOpWdlqWlajY6gt8NgB/SJ/wAEwv27dK/aq/4Jo/s6fti/FjXNE8KXPiT4d6bH8TNc1C7isNDtPGmhXv8AwiXia4NzNsjgtrrxLaTrbq+Dunjj5Y4YA+9dL+Mnwq1vwFd/FHSPH/hbUfh1YLdve+NLTVrabw9bJY3P2O8abUkb7OgtroG3mJb5JflPIxQAeGfjJ8KvGfg/VviB4U8f+FvEHgnQkvpNZ8U6Vq1td6LpqaZB9q1Bry+ibyYRZ2+Zrguw8uP5mwMGgBPBPxm+FPxI8P614q8B/EHwr4u8N+HHuI9e1vQtXtdQ07SJLSyTUblL+6gZo7doLCRLuQSfdgYSHK42gCeAPjP8KPipb6xd/Dj4g+FfGtr4fdU1ufw7q9rqcWlu6PKq3r27EQFo43cB+qqx420AM+Hvxs+EnxYu9asfhr8RPCfji88OC2Ou23hvWLXU5tJF5Jcw2pvkt3ZrcTy2d1HFv+89vKATsNAEfgn44fCD4k65q/hnwF8R/CPi7xBoKs+taPoOs2moX+mIk7WzteW8DmSALcI0RLjiRSvBoAPDPxx+EHjPxjq3w+8KfEfwj4h8b6Et8+seFtK1m0u9b01NMuYrTUGvLGJzNCLO6nhguC4/dyyIjEEgUAGmfHD4Qa148v8A4XaT8R/COofETS5L2HUfBlrrNpN4hs5dOYLfR3GmoxuI3tGZROGGUJGcZoAB8cPhA3xCHwnHxH8In4lGRoR4HGs2n/CSealm2oPH/Zm43G5bJGuiMcQqZDgCgA1L44fCDR/H1r8K9V+I/hHT/iPetapaeCrrWbWLxFcPe2gv7RYdMZhcObizIuYgo+eH5xkYoAPEnxw+EHg/xjpXw98UfEfwjoPjjXGsk0jwrqes2trrepPqUvkWC2lhIwnmN5N+6twi5kfgZ4FAC+NPjf8ACH4c+ItE8I+O/iN4S8J+J/EiWsmgaFrmsWthqerx3t9Jplo9hazuJLhbjUI5LOIoPnuEaMEsCKAPzg/4LW/8FArT/gn1+wD8efiz4W8SaLY/G658F/2L8HdHvbiE6hceI/FOqWfhtPEVjZOym6Xwvbahea7GTG8Ju9Ot4pkaORkYA/nt/wCCd/8AwSs/Yf8Agh/wT98Pf8FBf2/9E8G/tLftf/tUeA7j456Svx88Q6lqelj/AISaCz1208MaNpJ1HbretDTtWsbjxDqWpRandrfz+XYJZ26gOAeX/wDBcv8A4J5/B7/glRYfs7/8FeP+Cbtza/s1/Efwf8Q/B1h42+EfhfXNSg8F/EHRdftf7UvJtK0+9u7maLTLtbQ6H4w0FJbjTb2w1iwvtPsbC604TKAf2Z/DL9qz4WeKv2afgt+0l4w8XaB4F8HfF/wJ4J8V6ZqXiPUrfTbA3Xi7w/DrcFhHcTMImmeM3DRRgktHC5GdpKgF7453f7OPxW/Z+1eH4xeLtFk+A3xG0/SYbnxLbeN9Y8HWGpW095a6zoV1pHjTwtq+i6zp1wb7Tra+sLzStVs5me3A3NEZI5QDmvhf4d/ZX+DPw/s/jB4V8Uadc+ELTw9aaDb/ABg8bfETxF8QLlfDqXkdtDYQ+N/G+t67e21hc6gYhcw2V3bw398sct3FNcIklAHtun/GT4V6t8P7j4rab4/8LX3w3tEupLnxtbatbS+HIEsr06ddtLqat9nQW98DaSkt8k/7s/MMUAHh34yfCrxb4M1P4ieGfiB4W13wLoq3r6t4r03Vra60PT001PMv2u7+NzBELSP55yxXy15bH3qADwb8ZfhT8Q/DeteMfA3xA8LeK/C3ht7uPXtf0PVra/0vSXsLFNTvFvruFjFbtbafIl5MHI2W7rI2FILADfAXxn+FHxRsdY1P4dfEHwr400/w+/l63eeHtXtdSt9LcQm423sluzLA3kK0uHP3Bu5A+UAb8PfjT8JvizPrNr8NPiH4U8cXHh4241yHw3rFrqkmlG6eeO2F6tuzGDz3tbhI9/3mhkAztO0Ai8C/HD4QfE7V9X0D4e/Efwj4x1rQF361pfh/WbXUb3TE86S33XsEDu8AM8UkWX/jRlHQigA8K/HD4QeOPFmreBPB/wAR/CPiTxloS3b6z4a0jWbW81jTEsLhLS9a8somaaAW1zLHBMXHySuqHJPygBo/xw+EHiDx3qXww0T4keEdU+IejyX8Oq+DbLWbSfxBYS6VKsOox3WnI5uInspXWO4DKDG7AMOc0AEPxw+EFx8QH+FMPxH8Iy/EmOSWF/BCazanxGksFu13NG2mB/tAaO1UzuCvEalscFqAC++OHwg0z4gwfCfUPiP4Rs/iVdPbR2/ge41m1j8STPeWH9qWqx6YzC4Zp9PP2yIAfNb/ALwZWgA8QfHH4QeFfGmm/DnxJ8R/COieO9YeyTS/Ceo6zaW2u6g+onbYra6fIwnma7biAKP3h4XNAHyh+3j8XPhl4U0v4P8AgXxL468M6J4x1z4+/AvUNH8Nalqlta6xqNjJ4/t7KO6tLKRhNNC93E9urouDMrIMsMUAfWPjz43fCL4X6jo+kfEP4i+EvBmp+IFV9EsPEOsWum3Oqo0/2ZWsorhlacG4IhBQf6z5Rgk7gBfiH8bPhJ8JodHn+JfxE8J+BofEAnbRJfEmsWulpqi2qwvcmya4ZROIUuLdpNgO0SxnjcdwBN48+Mnwq+F+l6TrnxE+IHhbwZpGvOyaLqPiHVrbTbTU3WGKdls5rhlWciCaKUhP4JFbgEbgA8WfGT4VeBPC2k+N/GXxA8LeGfCGutapo3iPWNWtbLSdTe9t3u7RbO8lYRTG5tkeeIITvjUsMgEqAGtfGT4V+HPAul/E7XfH/hbSfh7rcWnTaR4xvtWtrfw/qMWrQtcaZJaai7fZ5kvoEeW2ZSRKill6fKAFx8ZPhVafD+L4q3PxA8LQfDeeKGaHxtJq1snhySK4mFtBImpl/s7LLcERRsDhpDtA70AFp8ZPhVf/AA9n+LFl4/8AC118NbZJ5LjxxDq1tJ4bijtr/wDsyd31MP8AZwsWoH7HISy7bj90fmIoANC+Mnwr8T+CdQ+JHh7x/wCFtZ8BaSl7Jqfi7T9WtrnQrFNOOL5rnUIyYIhaEETlj8nfFAHcaLrWk+I9I03XtC1C11bRdYs7fUdL1OxmW4s7+xu41mtru1mQlJYJomWSN1JDKwIJ60Afm5/wWb8I+JPHf/BLL9uPwt4R0i917xDqPwH8TS2GkadA9zfXg0y4sNWvFtreNWkmljsLG6nEUatI4iKopYgMAfT/AOx78U/Avxi/Zs+DvjP4da9b+JfDNx4A8KWUOr2aTLaS3lhoVja6haxvNHHvn0+8imsb5BzbXsE9rKEmhdFAPxi+LP7DXjTxJ8TvHuv2/wDwRs/ZR+IEGs+LNc1KHxxrf7Vl7oeseLI7u/mmXX9T0ddJlXTL7VA4u7myWRhbyytGDwBQB+pH/BP/AOD+rfBf4R694Z1j9lb4b/skXN54zvdUT4e/DD4kTfE7QtVil0/T4B4kudcmtrVrbULloDZyWAjxHFZxSgnzTQB+Vv7NGt2X7Bvwm/4KwfAn4q295ovi63+O37Rfxb+B+gz2lzc6p8Z/A3x20e51v4Xz+Bo1imfxNqOt+J9VfwPLY2ZuLm08SWV1p9yiGOgD7E/4JoP4V/Yl/Zh/YR/YW+Ld1qnh/wDaH8b/AAU1XxknhIaJreo2MGqaWbXXfHtjfeIrWxn0TSZtI1HxCLa2tNRvbWW9Ecy2MMq28giAPlH/AIKDeC/2Sv8Agoz4C8FfFn9k7xlF4r/bj+Ffxq+F8fwL8a/D/XvElr468C6xoPxN8MWvxD03xLoX2+0t9K8H2fge28RXvi601awtba4hs4lmaeS++z3YB/QzpcV5BpmnQ6hKJ7+Gws4r6cYxNeR28aXMoxxiSYO4xxzxQBfoA//Q/vph0rS7e0fT7fTbCCwl3CSyhs7aK0kD/fD2yRJC2/8Ai3Id3fPNAH8L/wAdPEXxW/4N1/8Agr7+0H+1vrPwg8UfEf8A4Jzf8FBdQGq+NtW8C6UdRl8A+K7jUdQ16ayltMCxs7jwnq2ueJvs+jXUkR13wrqUNzaTS3loLJwD2bXP+DoT9gL4SaT+1l4i/Zb03xt8d/jN8bPiBomr/A74X6P8LvFXhy0vr9/hH4C8I2t34um1TR9Ois7Cx8T6Zf297pdqbnWL1bXFpavDeRXCgH3l/wAG1P8AwT7+Nf7KX7O/xh/aQ/ai0u58O/tFfttfER/iz4o8Jahamy1jwh4UxPN4b0fXrUqhttYu7nUdV1+ezZUl0+LV4dPuYorq2mWgD+kay0fSNNkll07StOsJZ8CaSysrW1kmAJI814Io2kwWJG8tyxPGSWAC10fSLK4lu7PS9OtLqbcJrq1sraC4mDNuYSzRRJJJubDNvdstyckfKAEOj6Rb3kmoW+ladBfzGQzX0NjaxXkplIaQyXMcSzuZGAaTdI284LZxQALo+kJetqSaVpy6ixJa/WxtlvWLDDFroRCclhwSZORwcigAbR9Ia+GptpWnNqSkFdQaxtWvlITywRdGH7QCIyUGJBhDtHy/eACbR9IuLxNQn0rTp7+IoY76axtpLyMxj5Cly8TToUHCbX+UdM/dUALnR9IvbmK8vNK067u4Nhgurmxtp7mDy38yMxTyxPLH5b/Omxl2v8ww2DQAXmj6TqEsU+oaXp19NBgQTXllbXMsIDbwIpJ4pHjw/wAw2FcN8w5+6AF7pGk6n5X9o6Xp2oeRkQ/bbK2uvJDdfK8+J/LztGdm3OOcYFAC3uk6XqSRR6jpmn38cGTDHe2dtdJDkAHylnikWPIVQdoXIUA9F2gC3Wk6XfQRWt7ptheWsJBhtrqztriCIqu1TFDNHJHGVX5RtQYXgYzQAk2k6Xc2ken3Gm6fcWEOzybKaztpbSLylKx+XbPE0MflqSqbEGxWIHBIoArah4c0HVtFuvDmpaNpt5oN7aTWN1pE1nA2ny2lxE8M1ubUIsSo8Ujp8ioQG+UgjKgH8E/7L/7Rnir/AINkf2xP2l/2T/2yfhn428RfsCftIfEzUfi38GPjb4X8N3PinTdIa6MNiNQ1Cwghl/tFDolpoumeI9B06KXVdF1vSxLb2N9DevcRAH1P+2p/wc0fsm/FL9nDxv8Asw/8EwPhf8QfjH+0h8f7bxd8MfCXhvw/8J9T8M6H4Yl8c3GpaJe+NpbT+y7ddY1vWLa9m1vRbOwtbq6Gp3kNx4iNpcW9xA4B+1X/AAQd/wCCefiX/gnT/wAE8vh/8HPikLWf4wePdT1v4r/GO1jEc1tYeLPHEi3LeGpcK0NzN4c0ZdP8P306NLb3dzYTTQkQuiKAfshZ6TpWnwy29hpmn2ME5Jngs7O2toZiy7GMscEUaSEphDvVsr8vThgAstJ0rTfNGnaZp+nicgzCys7a184joZfIij8wjJxv3EZ4IydwAllpGk6a8smnaXp2nyT4897KytrV5tpJXzWt4o2k2lmI3lsFiRjLFgAtdH0mxnlubHS9Os7mfImuLWxtreeYMdxEssMSSSZb5jvZsnnrxQAQaPpFrdyX9tpWnW99Nv8AOvYLG1iu5RIwaQSXMcSzP5jKrPvkbcwBbJAKgAmj6THetqMel6dHqDli9+llbJeuX++Wuli89i38RMnzd6AA6PpJvhqZ0vTjqQORqBsbb7cDs8vIu/KNwD5ZMefM+58nAJoAJdH0ie8TUZtK06XUIypS/lsbWS8QoNqFLl4jOpRflXbINo4HHFABcaPpF3dRXt3pWnXV5BsMN3cWNtNdQ+W2+Pyp5Ynlj2N8ybHXa3I5oALvR9J1CaK5v9L069uIAognu7K2uZoQrl1EUs0UjxhXJdQhXDksOT8oAXuj6TqRiOo6Xp2oGDIhN7ZW10YQeoiM8UhjyQCdhXOPb5QBb3SdK1NIo9S0zT9QSDJgS9s7a6SEsAG8pZ4pVj3BVB2AZCgHotAHjn7SfwH8KftKfAD4v/ALxXb2qaF8Vvhp40+Hkl49pDO+iHxV4evtEt9YsY2UiO60ie6h1C12bf3trGpDKdtAH8Rv/BNX/gpwv/BBy2+IH/BKr/grB8LPGnhrwB8N/G/i7xH8CvjFpXg2+8c+Dtb8KeK9V1DWPsrwW1jdXOraTrOpXl7qGha3p1rdWtrb6jcabqUWnRWKvOAdj/wUn/4Lk+AP+CoPwC0v/gmP/wAEi/g98QfiZ4//AGkY/Dvg/wAXaynw+ufCHhb4W+DIr/TtQ1TRLG1nsYrW3eH7NHba1rkEEXhnSfD6ahJbahM0yNAAf1n/APBOr9jnR/2H/wBh79nv9k15bHxDL8Lfh5o+j+Kr/wCzpLp+u+L50GpeKtVitriLAt77xBcXt1BHIjtGrJlnZd9AH2rHpOlw2TadFpunxae+4PYR2dslk4dtz7rVYlgbc3zNmP5m5OTzQAtvpWl2lrJZWum2FtZTbxNZ29nbQ2sokG2QSW8cSQyb1+V9yHcOGyKAEtNJ0qwgmtrHTNPsre4LGe3tLO2t4Jy6eWxmihijjkLRgI29Wynyn5RhgAstJ0rTVlXTtM0+wWc5nWysra1WYgYBlEEUYkOCR8+cA4yc0AJY6RpOmNK+m6Xp2nvPt897GytrRptpJXzWt4ozJtLMV3lsFiRjLFgAtNH0nT5pbiw0vTrKefiae0sbW2mmBO4iWSGJHk+Y7vnZ+eeCaAC30fSLS6kvrXStOtr2YOJry3sbaG6lEjBpBJcRxJM4dgrPvdtzAE8igAj0fSYbx9Ri0vTotQkLmS/jsrZLyQycyF7lYhOxcjLlpPm6nODuAD+x9JF9/af9l6d/aWSf7Q+w2327JXYT9q8rz8lCUJ83lflxg4oAJNH0iW9XUpdK06TUUKlL+SxtXvUKLsQrdNEZwVT5FxINqjaOOKACfR9JurqO+utL065vYShhvJ7G2muojGcxmO4kiaVCh5TY67TyMUAF3o+k388N1faXp17c2+0QXF3ZW1xPAEcyJ5Ms0TyR7ZCXUIy4clhhiTQB+fv/AAVX/Yitv+ChH7CH7QX7MVodNsfGfjnwcJvh3rl+kMa6X448NalZeJPDUcl7JHIbKx1TUNMXRNQnHyQWOp3M5BMYKgH8s/8AwT//AODgPwR/wT0/Zsh/4J/f8FQ/g943+GX7SP7IOgTfDLwDe+I/BOsav4W+IWheF1Sx8LabdX+naLq9/oWpQ6NBbWsutzWM+kaxbwWmoRag0941vAAcF/wUf/4KH6v/AMHFvir4M/8ABM7/AIJqfDzxzrHwevPH/hvx5+0F+0P4j8I6n4e8M+H9C0QTWkgtoNWsre+0/wAPaJBf313PJqkGmXuv61Do+m6bathXlAP7k/hR8IfCPwo+EPw2+Dej6ZZ3Xhb4Z+DPDXg3RLW9t4LyJLPw3pNtpVtIEnhKBzHASrCJGAcjC5IoA9Gk0rS5rNNOm02wl0+III7CSztpLOMRjEYS2eIwIEHCBYwEHAHNAAdK0s2X9mHTbA6cAB/Z5s7c2WA28D7L5X2fAb5gPLI3fMACBQAR6VpcVk2mxabYR6c27dYR2dslk29977rVY1gO6T52zH8z/MckZYAINK0u1tZLC202wtrGUOJbOCztorWUSDEgkt44khcOOH3I24cHNACWuk6XY28trY6Zp9na3BYz21rZ21vbzF0EbmWGGJI5C8YCMXRtyAKcgUAFlpOlaaksen6Zp9hHOczpZWdtapMcYzKsESCQ7Tj5w3HGT0oALHSNK0wytpumafp7T485rGytrQzbSSvmm3ijMm0sxG8tgsSOrbgBLPR9I06WWbT9K06xmm4mms7G2tZZhktiWSGJHk+Yk/O7cknnJ2gBbaPpFncy3tppWnWt5MGE13bWNtBczB2DOJZ4oklcOwDNvdtzAE5I+UAItH0iC8k1GHStOh1CUuZb6Kxto7yQyHMhkuUiWdzIeXLSHeeTkjLAANH0gXp1IaVpw1EksdQFjai9JK7STdeUJ8lflJ8zlTg55oAH0fSJL0alJpWnSakpUrqD2Nq16pVPLUi6aIzgrH+7XEownyj5eKACbR9IubuO/udK064voihivZrG2lu4jH9wx3LxNMhT+Da67e2MUAfIf7a+l6bc+CfhfeXOnWNxeQ/tDfA2OG7ntLeW5iQeN7Rgkc7xtKiBiW2q4G4k4JNAH15eaPpOoyRS6hpenX8sHEEl5ZW1zJCM7v3TzxSNHhvmwhXnnr90AL7SNJ1MRLqWl6dqCwZ8lb6ytrsQ7sBvKFxFKI9wVQdmM7RnoKAHXmk6XqMcUOoabYX8UJzDFeWdtdRxEgAmJJ45VjJAA+QDgAdAKAC50rS722is7zTbC7tISphtbmztp7aIou1DFDLE8UZVSVXag2qcDANABLpWlz2cenT6bYTafCIxFYy2dtJZxCIFYxHbPEYEEYJEYWMBBkKMGgAbStLayGmtptg2nKAF09rO2NkAp3KBamIwABuQBGADzjOKABNK0tLI6Ymm2CaawIbT0s7dbIhn8xgbURCAhpP3hzHy/wAxw2CoAQ6VpdvaPYW+m2EFhKHEllDZ20VpIH/1ge2SJIWD5+fch3d93IUAtxQxQRRwwRRwwxKqRRRIscUaKMKkcaAIiqOFVQAAMADGKAJKAGRxpEixxIkcaAKiRqERFHRVVcKoHYAYHbFAD6ACgCrPY2VzLbT3Npa3E9m7SWc09vFLLayOux5LaSRGeB3T5GaJkZl+Ukg4oAnMcbOkpRDJGrqkhUF0WTb5io/3lVyibwDhti5ztFAFe3sLGzkuZrSytLWa9l8+8lt7aGCS7mxt865kjRGnl2gDzJS74GM4AoAt0AFAH//R/v4oA5zxZ4P8JePfD+o+E/HXhbw5408LaxCbbV/DXizRNM8R+H9UtycmDUdG1i1vNOvoScExXNtKhPJU4FAH5efsc/sO/scfDT9on9rnxZ4C/Ze+BHhTxN4U+N3hm08Ka7o3wv8ACFrqnhS1ufg78ONZng8MXg0ppvD0Uuq395fumjNYg3FxLJxnFAH6zUAFABQAUAFABQAUAFABQAUAFABQAUAFAHn3xL+E3wt+M3hm58F/F74ceBvih4QvDuufDPxA8KaH4v0KSTaUWf8AsvXrG/s1uY1Y+VcpElxC3zxSo4DUAfLH7I37Mv7DPw+tdX+IP7L/AOzL8HvhRqMPizxr4RvvEfhn4aeHdB8UHU/CniPU/DevQQ64tgdZi02TUrC7FvbwX0Vm9uyGOBUYLQB90UAFABQAUAFABQAUAFABQAUAFABQAUAFAHhvx5+Av7P3x08IXunftBfBr4a/GDwzo1jfagun/EPwR4f8YDT4reB7i5m0htasLu40y7eOIjz9Nmtbhvu+aAW3AHnf7I/wG/ZJ+GPw48N+M/2WfgH8L/g54d8feHtN1uC48F+ANA8Ka7qWl6jDHdWkeualZWMWsX7KhQ+VqN7c+WwAGMAsAfW1ABQAUAFABQAUAFABQAUAFABQAUAFABQB8W/to/Av9ljx38LfFvxK/aG/Zp+Evx6b4e+H7jWLOLxx4D8Ma/rwgsyv+gaZr+qabPqmnwyGTLQW15FbyEAyRttWgD2n4GfA/wCB3wO8G2Oi/Ar4PfDj4OeG9UtLLUZ9D+HXg3w/4QtLiWe3SZJdRTQrCy/tG7QSlWur1ri4YliZW3ZoA9poAKACgAoAKACgAoAKACgAoAKACgAoAKAPkD9tH/kQPhn/ANnE/A7/ANTW0oA+v6ACgAoAKACgAoAKACgAoAKACgAoAKACgAoAKACgAoA//9L+/igAoA+P/wBnH/ktP7bH/ZdvCX/qivhbQB9gUAFABQAUAFABQAUAFABQAUAFABQAUAFABQB5L8GNS+GOqeFNUufhNbJa+Go/HfxAtNRjS01CyDeM7Pxfq9t44mMWp/6QzTeKY9UlaeP/AESdmMtn/ozR0AetUAFABQAUAFABQAUAFABQAUAFABQAUAFAGZrcmnRaNq8urqH0mPTL+TVEKu4bTktZWvVKRZlcG2EoKxje3RMsRQBxfwgvvAWpfC7wFf8AwtgW2+HN54W0i48FW6W97aJD4cktY20uNbXUf9PgC2xQCK8/0hOknzA0Aej0AFABQAUAFABQAUAFABQAUAFABQAUAFAHmXxm8a+Hvhx8LPHPjrxZoj+JPDfhfQLrVtZ0KO2sbyTVLK3KebaJa6k8dhO0m4YjunSE4+YjFAHf6XdQ32made20Rgt7yxtLqCAhFMMNxbxyxRFUyimNHVCEOwbcLkYoAvUAFABQAUAFABQAUAFABQAUAFABQAUAFAHyB+2j/wAiB8M/+zifgd/6mtpQB9f0AFABQAUAFABQAUAFABQAUAFABQAUAFABQAUAFABQB//T/v4oAKAPj/8AZx/5LT+2x/2Xbwl/6or4W0AfYFABQAUAFABQAUAFABQAUAFABQAUAFABQAUAeS/BiH4ZQeFNUT4TvDJ4aPjv4gSaiYZrqdB4yk8X6u/jdS92TKJF8UHU1kjX9zG4KQARBAoB61QAUAFABQAUAFABQAUAFABQAUAFABQAUAZmtjTm0bV11cgaSdMvxqZYsFGnG1lF6SU+cAW3m5K/MByvIoA4v4QReAoPhd4Ch+Fzxv8ADqPwtpCeCnhkuJom8OC0jGlmOW6JuZFNtsw05Mp/jJOTQB6PQAUAFABQAUAFABQAUAFABQAUAFABQAUAeZ/GXxL4O8HfC3xx4o+IOlLrngrQ9Bur/wASaQ9jDqSahpcRTz7ZrC4/c3Qclf3MnytjmgDvtMntrrTdPubKPyrO4sbSe0iCCMRW01vHJBGI1+VNkTKuwcLjA6UAXqACgAoAKACgAoAKACgAoAKACgAoAKACgD5A/bR/5ED4Z/8AZxPwO/8AU1tKAPr+gAoAKACgAoAKACgAoAKACgAoAKACgAoAKACgAoAKAP/U/v4oAKAPj/8AZx/5LT+2x/2Xbwl/6or4W0AfYFABQAUAFABQAUAFABQAUAFABQAUAFABQAUAeS/BjRPhxoHhTVLL4XarFrHh2bx38QNS1C6h1KLVVi8Xap4v1e+8Z2JuYUjWOSw8Sz6laSWZXfZPE1tIWeNmoA9aoAKACgAoAKACgAoAKACgAoAKACgAoAKAMzW4bC40bV7fVZBDpc+mX8OpTNIIhFYS2sqXkhlbKxiO3aRjIRhANxzigDi/hBpPgfQfhd4C0b4aajHq/wAP9M8LaRZeD9Uhvo9Tiv8Aw/BaRppt1HqESRxXizW4VxcRoqSZ3AAEbgD0egAoAKACgAoAKACgAoAKACgAoAKACgAoA8z+MmqeAdF+FvjjVfinarffDyw0G6uPF1o9rdXq3GjIU+0RtaWQa7nBJX93bgyHt0oA77TJLSXTdPl09dlhLY2kligVkC2j28bWyhWwy4hKDaw3DocEGgC9QAUAFABQAUAFABQAUAFABQAUAFABQAUAfIH7aP8AyIHwz/7OJ+B3/qa2lAH1/QAUAFABQAUAFABQAUAFABQAUAFABQAUAFABQAUAFAH/1f7+KACgD4//AGcf+S0/tsf9l28Jf+qK+FtAH2BQAUAFABQAUAFABQAUAFABQAUAFABQAUAFAHkvwY8G+CvA3hTVNH8Ba0+vaLd+O/iB4hvLx7621Aw+I/Eni/V9a8TacJ7WOKNF0zXLy+sVtmVprVYBBM7yo70AetUAFABQAUAFABQAUAFABQAUAFABQAUAFAGZrdpZ3+javY6hMbewvNMv7S+nDrGYLO4tZYbmYSOCiGOF3fewKrtywIGKAOL+EHhjwr4K+F3gLwl4H1Vtc8H+HfC2kaR4b1h7uC+fUtHsrSOGyvGvLWOK2uTPCquZoI0ifO5FANAHo9ABQAUAFABQAUAFABQAUAFABQAUAFABQB5n8Zf+Fef8Kt8cf8LYWNvhv/YF1/wmKzNeLEdEyn2kO2nvHehc7Mm2dZfQjncAd9pf2P8As3Tv7Ox/Z/2G0+w43Y+x/Z4/suN+Xx5GzG47v72TQBeoAKACgAoAKACgAoAKACgAoAKACgAoAKAPkD9tH/kQPhn/ANnE/A7/ANTW0oA+v6ACgAoAKACgAoAKACgAoAKACgAoAKACgAoAKACgAoA//9b+/igAoA+P/wBnH/ktP7bH/ZdvCX/qivhbQB9gUAFABQAUAFABQAUAFABQAUAFABQAUAFAHwN+2/8A8FOv2JP+Cdmgafrf7WHxx8OfDu81qGW48P8AhCJLvxD488QwQ/LJcaN4M0KC+8QX1rHJsjlu4rFraFnXzZFVi1AH5o/8E+f+C9n/AASM+LevL8APhf8AtK3+ieNfGXxE8a+I9A0/4xeC/EPwzi1zWfiH4t1XxP8A2Po+teIbC00O7uRe6pLZafYjUBqE6RxM1sjuEYA/okjkSVElidZI5FV45EYMjo4DK6MpKsrA5UgkEHIJzmgB9ABQAUAFABQAUAFABQAUAFABQAUAFAH5R/8ABQL/AILE/wDBO39gJb/4f/tOfH7S/D/jzXdEuYl+HPhDTNT8dfEGCx1a2ltoL298M+GLXUb/AEm2nV3a2u9VSztZWjZRICCaAPFP+CZv/BaD/gmB+1PpPgD9mn9nb9otbz4g+FPDNh4b0LwZ8T/DusfDbxd4mh0SzSLzNEsvE1pY2uvXJt0E88GiXN60IJDBWVhQB+49ABQAUAFABQAUAFABQAUAFABQAUAFABQB+GX/AAUO/wCC4X/BKD9l+bxl+zh+0d8e117xbqdnL4f8Z/D74VaPrvj3xFocc4V57LXrjwnYapa+G79UEcn2bU5re6KMGWFgaAPpH9gb/grp/wAE+v8AgodDJ4c/ZU+Ouk+J/Ffh3SYZr34c+I9P1XwZ8QLLTLRY7U3i+FvE9ppmrX9hAwWGTUrG2nsy/KzFSpYA/TygAoAKACgAoAKACgAoAKACgAoAKACgCOWWKCKSeeSOGGGN5ZppXWOKKKNS8kkkjEKkaICzuxCqoJJABNAH8y3/AAUl/wCDg7/glp8LNW8PfBh/2gV8feO/Avxu+HPiDxha/DDwv4i8daNoFj4L8VQXniGG78SaDp91oUmp6ekE0UulW+oS36zxtEbfeVDgH7FfsTf8FH/2M/8Agod4R1Dxh+yb8bPDnxNt9E+zjxFoMa3eieMvDTXS7rceIfB+txWPiHSFnAPkve6dFHLtOxuPmAPuOgAoAKACgAoAKACgAoAKACgAoAKACgAoAKACgAoA/9f+zpv29/2P1JVvj34CDKSCDqTcEHBH+r7GgBP+G+f2Pf8AovngL/wZN/8AG6APlH9n79uH9lDTvi/+2Je3vxw8EW1rrXxr8L32lTy6gwS+tIfgr8NbGWeA+WN0aXdrcQE/34nHOM0AfV3/AA3z+x7/ANF88Bf+DJv/AI3QAf8ADfP7Hv8A0XzwF/4Mm/8AjdAB/wAN8/se/wDRfPAX/gyb/wCN0AH/AA3z+x7/ANF88Bf+DJv/AI3QAf8ADfP7Hv8A0XzwF/4Mm/8AjdAB/wAN8/se/wDRfPAX/gyb/wCN0AH/AA3z+x7/ANF88Bf+DJv/AI3QAf8ADfP7Hv8A0XzwF/4Mm/8AjdAB/wAN8/se/wDRfPAX/gyb/wCN0AH/AA3z+x7/ANF88Bf+DJv/AI3QAf8ADfP7Hv8A0XzwF/4Mm/8AjdAB/wAN8/se/wDRfPAX/gyb/wCN0AH/AA3z+x7/ANF88Bf+DJv/AI3QBn6v/wAFCv2OdH0rU9Wm+O/gieLS9PvdRlgtr8yXE0dlbS3LxW6FAHmkWIpEhI3OyjIzmgD+Jz/gj/4Z/ZG/4Kbftaftef8ABTT/AIKjeOPB/wAQtftPjTqXgj4FfBf4k6lNf+DPDOhabbQ6paXzeH5GNnqPh/R9L1XT/D/h7Q7+F9OSSx1G+v7XULi5hniAP07/AG9f+Cen/BGf48fsX/GTwt4P8Tfs/eEPj34Yi+LPxN+Dfxc+GegaJ8PNb0fxO+p6/wCM/D3gjVo/DEEFnrHhy3d7fwjjUEludOs4ra60z+zza/YnAPY/+Dd3/grH4R+LX/BOTwR4e/au+NOiQfF34JeKfEXweu9e8UalI2q+LPDfhiWJvCWsXM7o0t7cReHrrT9Nu9Rmkknv7uymupm8yVwoB+6v/DfP7Hv/AEXzwF/4Mm/+N0AH/DfP7Hv/AEXzwF/4Mm/+N0AH/DfP7Hv/AEXzwF/4Mm/+N0AH/DfP7Hv/AEXzwF/4Mm/+N0AH/DfP7Hv/AEXzwF/4Mm/+N0AH/DfP7Hv/AEXzwF/4Mm/+N0AH/DfP7Hv/AEXzwF/4Mm/+N0AH/DfP7Hv/AEXzwF/4Mm/+N0AH/DfP7Hv/AEXzwF/4Mm/+N0AH/DfP7Hv/AEXzwF/4Mm/+N0AH/DfP7Hv/AEXzwF/4Mm/+N0AH/DfP7Hv/AEXzwF/4Mm/+N0AfP/7Vv/BUj9mL4LfszfHv4seC/jB4J8S+NPh98JfHnijwb4ft7xp31jxdpfh2/n8M2DxbVL29xrgsEu8MGFqZmXJUCgD+VP8A4ILfs3fsAfG/4PePf+Chv/BRrx58O/jb+1p+0l42+I99Zw/GyWHxfZ/DrQ7fWdS0OC+fw1qiz6HqOtanc2j6xb3GoW00el6W2mafp9vpz29w84B6h/wWP/Yc/wCCXp/YMj+OP7JXxB+E3wz/AGy/2TfDnhTxh4F+Jvwdhtfh7f8AxKfwtfaZDqMesaV4bEWmHXHhMmv6RrduDqq6nZ/Z7q+vYrzdAAfuv/wSu/4K0/Bj9or9gL9mf4qfHj4v+EfD3xk1j4daXpvxJs9Su/st1deLvDu/Qta1g2yR7YI9ZvLCXUoYhu2x3Cjc332AP0F/4b5/Y9/6L54C/wDBk3/xugA/4b5/Y9/6L54C/wDBk3/xugA/4b5/Y9/6L54C/wDBk3/xugA/4b5/Y9/6L54C/wDBk3/xugA/4b5/Y9/6L54C/wDBk3/xugA/4b5/Y9/6L54C/wDBk3/xugA/4b5/Y9/6L54C/wDBk3/xugA/4b5/Y9/6L54C/wDBk3/xugA/4b5/Y9/6L54C/wDBk3/xugA/4b5/Y9/6L54C/wDBk3/xugA/4b5/Y9/6L54C/wDBk3/xugA/4b5/Y9/6L54C/wDBk3/xugD8xv8Agsd/wVr+FH7PX/BOX9pT4gfs5fGXwzq/xvuPClr4P+HX9h3xfUtI1jxlq1loF34itW8p/Ju9A0S81TU9On2P5WqW9izKVB2gH5G/8EfP2Gv+CQvgL9g/wz8Wf2uvGHwk+KH7Tf7S/gSH4ifGH4lfFG403xNrngaTxsi60NA8P/8ACVWWs6Loup6JFdrBqfiEWV1qV/qbXlwb0W0kFtAAfOH/AAXj+Cv7CX7Lnh34Mf8ABSz/AIJfeN/h18E/2nfgV8UfB8eveHvhFcp4e8P+P/DN+tyV1KbwxpUNto0F1FLZRaTrlnplrZabr+hazcx3dn5sDS3QB/W98A/+CnH7KPxV+CPwm+JOt/GPwX4e1nxz8PfCfijVtDvdRK3elalrOi2d7fWNwohQLLb3MssbKFXBGO2WAPXP+G+f2Pf+i+eAv/Bk3/xugA/4b5/Y9/6L54C/8GTf/G6AD/hvn9j3/ovngL/wZN/8boAP+G+f2Pf+i+eAv/Bk3/xugA/4b5/Y9/6L54C/8GTf/G6AD/hvn9j3/ovngL/wZN/8boAP+G+f2Pf+i+eAv/Bk3/xugA/4b5/Y9/6L54C/8GTf/G6AD/hvn9j3/ovngL/wZN/8boAP+G+f2Pf+i+eAv/Bk3/xugA/4b5/Y9/6L54C/8GTf/G6AD/hvn9j3/ovngL/wZN/8boA/ny/4OUP+Cq/hvwF/wTzuvhr+yZ8ZtJufib+0N8QtD+FGr654V1aS11Tw58PtQs9Qu/Fc1vqCBH0+XV2i0zRJLhWQjS7/AFVRLGxV1API/hR+yF/wRc/Ya/Yo+CmjXcn7PXxT+J0/j74Hav8AHL4t/EjQdK8c694knv8AXNOn8aMg8TadqUeieGCJprT+xtMtreKSwSNNRN9OZLhwD8vP+ChfxP8A2Cf+CcP/AAUO/Y2/4KA/8EoPi/4J8NaL4y+IsPgj9qb4H/DXVL+Dwfe+DbjVNFXXdTg0CWP7Na6Tr+h6jqMr6TEr2GleIdEsdT063tUlS1iAP7MLH/gsn/wTWu7KzupP2svhjbPc2tvcPbyahd+ZA80SSNC/+iD54ixRuOq9qALX/D4r/gmn/wBHcfC7/wAD7v8A+RKAD/h8V/wTT/6O4+F3/gfd/wDyJQAf8Piv+Caf/R3Hwu/8D7v/AORKAD/h8V/wTT/6O4+F3/gfd/8AyJQAf8Piv+Caf/R3Hwu/8D7v/wCRKAPTvg9/wUl/Yg+Pvj7R/hd8IP2ifAXjrx94gW8fRvDOjXk8mo6gthayXt59nSSCNWMFrDLO43ZEaMQDj5QD7joAKACgAoAKACgAoAKACgAoA//Q/v4oAKAPj/8AZx/5LT+2x/2Xbwl/6or4W0AfYFABQAUAFABQAUAFABQAUAFABQAUAFAEF1a299a3NleQx3FpeQTWt1byqGint7iNop4ZFOQ0csbsjqRgqxBzmgD+Cz4afFP4+/8ABrn+2X+0L4D+KXwR+I/xl/4JlftP/Ee9+I/w8+JXw90x9U1HwX4gvYwkYkSWaPTf7ZsdIjstH8VaHe31peSQaPaaro5voZ40uADS+Nn/AAcMp8dv2d/Gv7D/APwS5+Dfx3+Pf7Rv7SviT4raNa+N9S8Caroml/D/AMPfGHxTrV7qENrZXpk1O71vSNE8QTaVFfSxWeg6QEbV31Ax2ccLAH9LH/BEn/gnnqf/AATU/YG+GfwE8Y3drqPxZ1e61X4j/GLULGZbmzf4g+Mbj+0NS021uVRBdW+gW7WuhQ3eB9qj08T4G8igD9cKACgAoAKACgAoAKACgAoAKACgAoA8q+Onwi8M/H74L/Ff4H+Mw/8Awivxc+Hni/4da9JEiyT22m+L9CvtDuL21RmVTeWK3v2y03MoFzBESwwSoB/C1+xn+3z8c/8Ag3Sn+Kf/AATZ/wCChnwR+KGs/s0t4j8ea1+zZ+0N8ONAudf0qLQfFd9fXN1cIjSwR6r4dury8k1ho9Nnl17RdVu7vTLvSwsQdADM/an/AOCtvxZ/4Kv/ALOnw8/4JKf8Er/gt8XPH118RNA8HeBfjd+0J418L6j4Z8P2fg3Rrqyn1GWL7V595omiXFzYW934h1/X/sUiWVs+mWNrqM2oZQA/tN/YG/ZP0D9h39j74Bfss+Hbv+0rb4QfD7RPDWo6xtCHW/EMdss/iLWigwEOqaxLeXhUDA83jFAH2BQAUAFABQAUAFABQAUAFABQAUAFAHw1/wAFJv2NdH/b+/Yk/aA/ZR1W+i0i7+KHgySDwtrkyF4tE8baFeWviHwjqE21lZLM65plnZ6nIgeRNKu74xRSSFEYA/j2/ZP/AOCyniH/AIJv/s36/wD8Enf+CwXwK+OXwz1D4TeGp/hh8PvjP4K8JzeJ9P1r4Y2bm28OrPF5m7UFs7G3gtNB17RDqmm6tpkcNxcy2s2VYAzv2w/2y/jv/wAHK3jv4Of8E/P2Evgn8UPAv7FvhXxx4W8XftAftB/EbQpNCjvNN8OxGyiuSU+0WemWtjpV5qcugaJcXT6r4k167tTPp9la6c09AH94nwu+HugfCX4b+BPhh4Wtxa+HPh/4T0HwholuvAi03QNNt9NtVA5xmK3VsdiccdKAO7oAKACgAoAKACgAoAKACgAoAKACgD8YP+C8f/BOLXf+CmH7AfjP4RfDySKD42fD7XtN+LnwYaWdLNdV8YeGLTULebwrJqEksSWCeJNK1G7t7W6Zgkes22kGaSG3E08QB/Oj4N/4OSLX4b/AD4bfstf8FKfgD8b/AIQftVfs8fEv4UweM9Ut/A95daJ450z4a63ZvPqaWkjw6jpfiS/sLNZbmxkt30ya5dWsNSnikyoBHd+PP2jv+Dm//goR+zXr3hf4H+PPgr/wTG/Y18fW/wARr7xX8QtNbTNS+IviKx1PTdUuLR3QS6dfax4km0DRtGj0DTrq9Gg+HF1HU7u+gvdRS1YA/vKtbaGztre0t0EdvawRW0EY6RwwRrFEg9lRFUfSgCegAoAKACgAoAKACgAoAKACgAoAKACgAoAKACgD/9H+/igAoA+P/wBnH/ktP7bH/ZdvCX/qivhbQB9gUAFABQAUAFABQAUAFABQAUAFABQAUAFAGL4h8N+HfF2kXnh/xXoGi+J9B1GPydQ0TxDpdjrWkX0Wc+VeabqUFzZXUeRnZPC655xxhgD5n/ZQ/ZW8Cfsy+FfEOlaD4E+F3hzXdd8ffEbxHLq/w+8HaN4elm8PeKvGmseIPD2jXl3ZaPpV5MNG0m+s9PNo3mWVq1r5NkzW0UTMAfWVABQAUAFABQAUAFABQAUAFABQAUAFABQB578Ufhp4N+LPgvXPBvjbwj4R8Z6Zqem39vBpnjTw9pXiTRor64s5re2u3sNWsdQtw8EkiuJkt2mQDMZ3YFAHnH7Lf7PvhT9m34L+A/hroHhPwF4c1XQfC+i6V4ovfAPhvTPD2na/rWnWaQXWqTGx0zS7i/eeUPIt1qFuLpwxMnzE0AfRNABQAUAFABQAUAFABQAUAFABQAUAFABQB89ftMfs5fC39pn4WeKfh18TfDXgrVbTWNHu9Psde8W+DfDvi9/C8lwYydT0yDxBC0dvcRlPvw3NmxzkzDAKgHqHw++H3gr4YeFdK8IeAvC/hnwj4e0y1t4YNL8J+H9K8NaSzxQRxPdJpejWtpZRS3HliSRkjZmJ5dsZYA7WgAoAKACgAoAKACgAoAKACgAoAKACgAoA/Pr9v/4O/CP4geD/AIXat49+Fnw58b6pB8ffgrp0GpeLvBHhnxJqEOn3XjK1jubGK81nS725js7iNjHPapKsMqEpJGynFAH3foegaF4Y0qy0Lw1ouk+HtD06IW+n6NoenWek6VYQL92Gy06wht7S1iXtHBCiDsBk0Aa1ABQAUAFABQAUAFABQAUAFABQAUAFABQAUAFABQB//9L+/igAoA+P/wBnH/ktP7bH/ZdvCX/qivhbQB9gUAFABQAUAFABQAUAFABQAUAFABQAUAFABQB418C/C3jzwh4O1fS/iLq763rtz8QviRrdjdvqEmpGLwvrvjXWtV8KWAuJfmRdO0C6sLNbUfJZrCLZPljFAHstABQAUAFABQAUAFABQAUAFABQAUAFABQBk69bXt5oes2emymDUbrSdRtrCcOYjDez2c0VrKJBzGY53R945TbuHQUAcN8FPD/i/wAKfCT4deGviBqTaz420Pwloum+KdVe8fUX1DW7Wzjjv7pr6TMl2ZpwzmdzukzuOc0Aen0AFABQAUAFABQAUAFABQAUAFABQAUAFAHlnxu+H8/xV+Evj74dW2sJ4fuPGHh670WLWnR3TTXuTGRdMkbxuwTZ0V1PPUfxAHomlWZ0/S9NsGk85rGws7Npv+eptreKEyc5PzlN3J796AL9ABQAUAFABQAUAFABQAUAFABQAUAFABQB8gfto/8AIgfDP/s4n4Hf+praUAfX9ABQAUAFABQAUAFABQAUAFABQAUAFABQAUAFABQAUAf/0/7+KACgD4//AGcf+S0/tsf9l28Jf+qK+FtAH2BQAUAFABQAUAFABQAUAFABQAUAFABQAUAFAHjXwL0v4m6R4O1e1+LF0954lk+IXxIvdOle8sL4r4NvvGutXfgiATadmBFg8LzaZEtu/wDpVuqCG7xcI4oA9loAKACgAoAKACgAoAKACgAoAKACgAoAKAMnXo9Qm0PWodIYpqsuk6jHpjh0jKag9nMtkweTEaFbkxEPIdi4y+FBoA4b4K6f480r4SfDrTfihcNd/EWx8I6LbeNLl7mzvHn8RxWcS6nI11p5NlcFrkOTLanyH6x4UigD0+gAoAKACgAoAKACgAoAKACgAoAKACgAoA8r+N/gjX/iT8JfH3gTwtrSeHPEPinw7d6TpGuSXF5appd5cGPy7trjT0kvYRHtPz2yNKM/KDk7QD0XSbWax0vTbK4l8+ezsLO1nmBZhNNb28cUkoZ/nPmOhfL/ADHdluSaAL9ABQAUAFABQAUAFABQAUAFABQAUAFABQB8gfto/wDIgfDP/s4n4Hf+praUAfX9ABQAUAFABQAUAFABQAUAFABQAUAFABQAUAFABQAUAf/U/v4oAKAPj/8AZx/5LT+2x/2Xbwl/6or4W0AfYFABQAUAFABQAUAFABQAUAFABQAUAFABQAUAeNfAx/idJ4P1dviyJR4lHxC+JC6d50dpG3/CGJ401lfA5C2SrEUPhYaWY3YfaHTDXJaYu1AHstABQAUAFABQAUAFABQAUAFABQAUAFABQBk68dRGh6ydIz/aw0nUTpe0IT/aIs5vsWA+UJ+0+VgONhPDZGaAOG+Cj+PZPhJ8On+KQkHxGfwjoreNRNHbRSjxGbOP+1PMjswtoj/ad+5bdVhB+4AuBQB6fQAUAFABQAUAFABQAUAFABQAUAFABQAUAeVfHHwv4v8AGvwj8f8AhTwDq7aD4z17w7eaf4c1hL640xtO1OUx+Tcrf2mLm1KBW/ewneucDGTQB6LpMFza6VplreSGa7ttPs4LqYu0hluYbaOOeQu3zOZJVZt7fM2cnkmgDQoAKACgAoAKACgAoAKACgAoAKACgAoAKAPkD9tH/kQPhn/2cT8Dv/U1tKAPr+gAoAKACgAoAKACgAoAKACgAoAKACgAoAKACgAoAKAP/9X+/igAoA+P/wBnH/ktP7bH/ZdvCX/qivhbQB9gUAFABQAUAFABQAUAFABQAUAFABQAUAFABQB418C9Z+JGueDtXvPilpk2k+I4fiF8SNP0+2m099MeTwhpvjXWrLwZei3kZzJHfeGodNuo7sEJdpKLlQFlUUAey0AFABQAUAFABQAUAFABQAUAFABQAUAFAGVr0t/Boesz6VGZtUh0rUZdNhEZlMt/HZzPZxiIEGQvcLEojBBfO0EZzQBwvwU1Txxrfwk+HWr/ABMsJNL+IOo+EdFu/GOnTWTadLZeIJrON9StpLFyz2jxXBdWgZmMZG0k4zQB6fQAUAFABQAUAFABQAUAFABQAUAFABQAUAeVfHHSfHuu/CPx/o/wvvH0/wCIOoeHby28JXqXdvYPbay5j+zSreXf+jW5UBv3k3yDPPUUAei6THdw6VpkWoMXv4tPs471yysXu0to1uWLLlWLTBzuU7TnIyCKANCgAoAKACgAoAKACgAoAKACgAoAKACgAoA+QP20f+RA+Gf/AGcT8Dv/AFNbSgD6/oAKACgAoAKACgAoAKACgAoAKACgAoAKACgAoAKACgD/1v7+KACgD4//AGcf+S0/tsf9l28Jf+qK+FtAH2BQAUAFABQAUAFABQAUAFABQAUAFACEgAkkADqTwB9c4/n+VADfMjOMSIc8D5l5+nzH/wBm/DNAD6ACgCG4mFtbz3BjmlEEMsxit4nnnkESM5jggjBkmmcLtjijBeRyEUFiBQB8S/sdftr6R+174o/av8L6d8NfF/w2vv2U/wBobVP2efEVr4yn0aW+17XtF8JeGPE19rljFol9qVvb6VMfEa29is119qkigE08MLyeVEAfcFABQAUAFABQAUAFABQAUAFABQAUAFABQAUAfnr4i/4Kcfsw+FPih8afgxr03xQsPif8CI/h1P4x8Gy/CTx//bWrW3xX19fDXgK58AWg0MyfEG31/VW8qCfwiurRxxhp52ihR3oA+8rbXLOXQY/Ed2tzo+nnS/7XuRrdtNpd1ptmtt9rnOqWl2sc9hLawhmu4bhUktyjrIqlWFAHxlN/wUz/AOCfFvLLBP8Atk/s8RTQSPDNE/xN8Nq8csbFJI3U32VZHUqwPQjFAH1L8P8A4o+Avi94HsfiJ8JPF3hz4jeD9ZhvX0HxJ4V1e01TQtYlsZprWWK01S2kltXEd7BJazOHIilRw+NhDAH4Hft7/Cn9sT9mDSvgz+2F4H/bU+NHiH9oTxB+0r8EPh74h/Z5nbwxd/s3+PvD/wATvG1l4e1z4a+DfAlv4Xg1/Q10XQbi/wBWtfFl74j1TWI7PRLvUL+UKHSgD+iize4ktLWS7jEN09tA9zEpysVw0SGaNT3CSFlB7gZ70AWaACgAoAKACgAoAKAPKvjivxDf4R+P1+E0ksXxJbw7eDwbJD9h81Nbyn2Yx/2kklhuA34+1I8XqDQB6LpIvBpemjUSTqA0+zF+Ttybz7NF9qJ2AJkz7/uAL/dAGBQBBr+sR+H9E1XXJbHVdTi0mwudQk0/Q9Nu9Y1m8S1iaV7fTNKsIpr3Ub6RVK29laQy3FxKVihjZ2VWAPhT4D/8FL/2Yv2lG+HMXwfuviT4mu/iZr3xK8O6VpzfCrx3p2qeHb74R65beG/Hc3j7Tb/Rbe88CWGka3dQacl/4ph0u2vriQR2Mk5zQB9weLfF3hjwF4a1vxl4017S/C/hTw3p8+ra/wCIdbu4bDSdH0y1Xdc32oXs7JDbWsC/NJNK6og5JFAHxx/w85/4J5/9Hmfs7f8Ahz/DX/ydQB9aweIYPHnw/wD+Em+F3iTQNTj8VeFptU8BeLIz/bPhm6l1TTZJfDutn7FOn9p6MZ5bW7kW1uUa7tAyRTIzq9AH4XyR+K/gv/wVS/ZX+E/w0/b68efFTxT468M/FnxJ+2B8BfjB4+8C6npkvhCw0KxbwN4h+HPhDTvD3h278KeIB40u5obfRtHe987wzZ3kt9CTa/apQD+gSgAoAKACgAoAKACgAoA+QP20f+RA+Gf/AGcT8Dv/AFNbSgD6/oA81+MHxT8P/BP4a+MPir4s07xTqfhjwLol/wCI/EEHgzwvrfjPxDFo2l28l3qN5Y+G/Dtnf6zqQsrSGa5njsbSeVIIpJNhVWKgHzz+z3+3r+z9+1He+BLb4K3vjXxbafEH4U6D8ZtJ1yPwB4rs/D+leCvE91qVloLeK9au9Mh0/wALa9qc+kagLbw1rc9lrjJbvIbARgMoB9I/E34q/Df4MeEL/wAf/Fjxv4a+HngnS5bWHUfFPi3VbXRdDspb2UQWkdzqF5JFbxPcTERQhnBdyFXJICgHy1B/wUy/4J83U8Ntbftj/s8zXFzLHBBDH8TfDbyTTTOI4oo1F9lnkdlRVHJZgB1oA+xtb8UeHvDnhrU/GOuaxYaZ4X0bR7nxBqeuXdxHDp1no1naNfXGozXLsI1to7RGm8zdgpjbklQwB+MnwF/aD/aC+In/AAVx8V+E/Gut6r4e+CniH9hvwr8Vvhj8Hbi3aybw/a6l8YfHHhyx8T+KYH/fSeMfE2kaJaapfW0yQHQLe7h0HZO9jJe3AB+3NABQAUAFABQAUAFABQAUAFABQB//1/7+KACgD5j+BnhDxJ4d+Kv7WGta3pF5p2l+NfjB4b1zwte3MTRw61pNp8IPh5oVxf2Lnia3i1bS9QsWdeBPayp1BoA+nKACgAoAKACgAoAKACgAoAKACgAoAyNf0TTfEmiaroGsJcSaVrFhc6dqKWuoX+k3LWl1E0U4g1PSrqx1Kwm8tm8u7sby1urdsSQzxuquoB/MP/wTxubfwF/wUB8S/sj/ABe+Mvxg8d/C7wBd/Fr4n/8ABPrx14x8ffEl7X476D4i8cXEXxP0nxT4q1PxXLH8UtW+BmqafbeFPB1jqMEukT+Gp7jxNptvqlpfW91ZAH7sftv+L18Dfs7+LPEbfGT4hfAUWl9oif8ACy/hf8OV+K3jHR/Pv44/I0/wW2j66NRiv8/ZrqX+zZvssLGYNHjfQB+D+lftUwS6ppsX/D2v9uy88y/s4/slx+wBDbQXW+4jX7NPcf8ACqV8iGfPlSTbl8pGL5G3NAH9RGlSebpemy/aJbzzLCzk+1zw/Z57rfbxt9omt9q+RLPnzZIdq+U7FNo24UA/FT/gkcyt+0V/wWiAYEj/AIKdeNwcEHBHwh+FYIOOhBBBz0PHrQB+3VABQAUAFABQAUAFABQAUAFABQAUAFABQAUAfzhf8FCPhr+0B8SPjxoP/BRP9nr4BePb34jf8E9/HXh7wV4S+GGofCTxIvj39r74deI5fs/xfg8M2l5p8d1qOj+GrbxPLN8JtYgt0hh17RPFmqC9m0rW7NGAP308G+Lrn4o/C7SvFth4a8QeDr/xb4W+22/hb4neFdX8N65oWoahp7bdM8W+FdZtbLVbRrS6fydRsbi3ikliSVV4dTQB+Sd3+xz/AMFCJbq5lgg/4JSeTJcTSQ/af2UvFElx5TyM0f2iQXBDzbCPNcHDPuIzmgD9Qv2evCPxC+HXwd8O+G/irH8Kz420iPVJdZj+Bfg+98HfDxhJfXV1bL4b8K3BlvLWRrR4hdR/M91f+bJGv70LQB+NHiL9vXxl4r+P1x8QPHv/AATX/wCCkvjC0+EWu+IdF/Z78M6X+y94yh8Ii/uPN0W4+LGqajrMOn2EfiPxJZl7LQb7URFB4P8AC17dgzQXOsa0FAP3y8PXup6loOjahrOmjRtWvtMsrvUdIExuP7MvLi3jlnsGnaOEyvayO0MjmNMuh4HG4A2KACgAoAKACgAoAKAPKvjjqHj7SfhH4/1L4W2cuofEOz8O3c3hGyhtBfy3OsqY/s0SWZIFwxBb93nn3xQB6LpL3kmlaZJqClL+TT7N75CuwpeNbRtcqU52FZi4K5+XGOcUAZ/izxFD4R8M674nuNL1/W4dB0u81STR/Cuiaj4l8SamtnC0pstE0DSLe61PV9SuNvlWlhY281xcSsqRoSTuAP5zfgj4H/aG/ZH/AG9ND/a70v8AZy+JOsfBz/gpnZ6jdftDfC/wB8HfE+qeJv2RviFod/Nf+APFHi+HTdOurzTrPxfousiw+Ke9Fhbx5BqXiOK3s9Oa4egD+g/4p6J4m8VfDXxjoPgpfB3/AAlWteHr2z8Pr8R9Dn8QeCRqVxEPsw8V6BCY7jUtJDHF7YoVkkXKcEUAfkL/AMMa/wDBQ3/nh/wSe/8AET/FP/x+gD9ZNCm8SfDL4J2V14q0XTvEXirwJ8PGvdc8O/B7w1c22na7rHh7Q3urvRvhx4SJa7RNTuLVrLw1oe5pzJPaWYJdgaAPyW+NXwW+Hf8AwUD+Jf7EXx1+EXwI8f8Awl+KPwV/aM0r4v8AjD4u/ED4Na/8FfG/h7wBpHhnxbp3jL4f6pqPiTQdG1jxNf8AjLXtT0TTptEjk1CJbODVdSaaCCQtegH7hUAFABQAUAFABQAUAFAHzH+1V4R8SeMvBfgGw8MaReazeaZ8b/hH4hvreyhaaS20XRPFdre6rqEqqQVtrG1Rpp5DwiLk45KgH05QB5N8cviPd/Cb4V+MvHmm/D7xt8VdV0TR7p9H+Hvw+8Nan4r8UeLNXmieHTNGtNL0q0vZ47e+vHhgvtSnhFhpdm8t9fyx2sMjqAfh5/wT2+Efx0/4J2/tc/EH9nzU/g9408Y/s2ftc6dZftI6D8Tfht8JfE58Bfs8/G7XlFn8QPgf4m1i1sLmPQvBe+0i1bwGdWuSmhWTSaXfXSSy2sKgH7SftJ+CPiT8Q/hNrvhb4TL8IG8bXtzpsmnD46eD7vx18ODFb3Sy3f8Aa/hyydLi7n8kH7DIjYguNshBAIoA/MSx/Y5/4KDw3tnNcwf8Epvs8V1byT/ZP2U/FEV15KSo0v2aU3AEdxsB8mQnCSbWOMGgD9Dv2qP2ePFH7SXwZsvhboXxe1f4K6rF4k8H+JL3xV4U8N6R4jivf+ETn/tFNAuPD+vSw2NzoN3rEWn38lrNJhxpdtbTxzWslzbzgH4+/DL9h79tjwd/wWA0z4qeLP2ovi18QfhrpP7IXg3StX+K9/8ABDwToPhTxdJY/Ffx1dT/AAKl1DSv+JVpt1ZWlxb+J5LqwlOuR2+rxK0QtBCzgH9E9ABQAUAFABQAUAFABQAUAFABQB//0P79PNi/56x/99r/APHKADzYv+esf/fa/wDxygA82L/nrH/32v8A8coAPNi/56x/99r/APHKADzYv+esf/fa/wDxygA82L/nrH/32v8A8coAPNi/56x/99r/APHKADzYv+esf/fa/wDxygA82L/nrH/32v8A8coAPNi/56x/99r/APHKADzYv+esf/fa/wDxygA82L/nrH/32v8A8coAPNi/56x/99r/APHKADzYv+esf/fa/wDxygA82L/nrH/32v8A8coA5/xX4d0Hxr4a1zwl4h+0z6H4j0y70fVodO1rVtAvpbC+iaC5jtda8P6lpmt6ZM8TsqXml6hZXsJO6C5icb6APlzxT+wV+yJ4ys/2eLLxB8KoJ4/2UJjcfs8z6f46+Iuhaj8MZWsbXTJjo+raD4y0zVL9LvTrK2sL+LXr7Vor+zRra9S4hmmRgD7BR4ERUWVNqKqrmTccKMDLNKWY4HLMSx6kkkmgB3mxf89Y/wDvtf8A45QBFOLa5gmt5ZQYp4pIZBHO8LmOVCj7JoZkmifax2yROkiHDRsrgGgD5o+Bf7Hv7N37Nfi34peOfgr4GuPBnin42eLb/wAefFTU38f/ABF8TL408Z6olvHf+JtV0/xf4w13TF1i5itLWB72ys7WUW9vFboVhRUoA+nPNi/56x/99r/8coAPNi/56x/99r/8coAPNi/56x/99r/8coAPNi/56x/99r/8coAPNi/56x/99r/8coAPNi/56x/99r/8coAPNi/56x/99r/8coAPNi/56x/99r/8coAPNi/56x/99r/8coAPNi/56x/99r/8coAPNi/56x/99r/8coAPNi/56x/99r/8coAPNi/56x/99r/8coAPNi/56x/99r/8coAPNi/56x/99r/8coAPNi/56x/99r/8coAPNi/56x/99r/8coAPNi/56x/99r/8coAPNi/56x/99r/8coAPNi/56x/99r/8coAPNi/56x/99r/8coAPNi/56x/99r/8coAPNi/56x/99r/8coAPNi/56x/99r/8coAPNi/56x/99r/8coAPNi/56x/99r/8coAPNi/56x/99r/8coAPNi/56x/99r/8coAPNi/56x/99r/8coAPNi/56x/99r/8coAPNi/56x/99r/8coAPNi/56x/99r/8coAPNi/56x/99r/8coAPNi/56x/99r/8coAPNi/56x/99r/8coAPNi/56x/99r/8coAPNi/56x/99r/8coAPNi/56x/99r/8coAPNi/56x/99r/8coAPNi/56x/99r/8coAPNi/56x/99r/8coAPNi/56x/99r/8coAPNi/56x/99r/8coAPNi/56x/99r/8coAPNi/56x/99r/8coAPNi/56x/99r/8coAPNi/56x/99r/8coAPNi/56x/99r/8coAPNi/56x/99r/8coAPNi/56x/99r/8coAPNi/56x/99r/8coAPNi/56x/99r/8coAPNi/56x/99r/8coAPNi/56x/99r/8coAPNi/56x/99r/8coAPNi/56x/99r/8coAPNi/56x/99r/8coAPNi/56x/99r/8coAPNi/56x/99r/8coAPNi/56x/99r/8coAPNi/56x/99r/8coAPNi/56x/99r/8coAPNi/56x/99r/8coA//9k=</file>
<file name="vlna6_moodle.jpg" path="/" encoding="base64">/9j/4AAQSkZJRgABAQAASABIAAD/4QBMRXhpZgAATU0AKgAAAAgAAgESAAMAAAABAAEAAIdpAAQAAAABAAAAJgAAAAAAAqACAAQAAAABAAABYaADAAQAAAABAAAA6QAAAAD/4QkhaHR0cDovL25zLmFkb2JlLmNvbS94YXAvMS4wLwA8P3hwYWNrZXQgYmVnaW49Iu+7vyIgaWQ9Ilc1TTBNcENlaGlIenJlU3pOVGN6a2M5ZCI/PiA8eDp4bXBtZXRhIHhtbG5zOng9ImFkb2JlOm5zOm1ldGEvIiB4OnhtcHRrPSJYTVAgQ29yZSA1LjQuMCI+IDxyZGY6UkRGIHhtbG5zOnJkZj0iaHR0cDovL3d3dy53My5vcmcvMTk5OS8wMi8yMi1yZGYtc3ludGF4LW5zIyI+IDxyZGY6RGVzY3JpcHRpb24gcmRmOmFib3V0PSIiLz4gPC9yZGY6UkRGPiA8L3g6eG1wbWV0YT4gICAgICAgICAgICAgICAgICAgICAgICAgICAgICAgICAgICAgICAgICAgICAgICAgICAgICAgICAgICAgICAgICAgICAgICAgICAgICAgICAgICAgICAgICAgICAgICAgICAgICAgICAgICAgICAgICAgICAgICAgICAgICAgICAgICAgICAgICAgICAgICAgICAgICAgICAgICAgICAgICAgICAgICAgICAgICAgICAgICAgICAgICAgICAgICAgICAgICAgICAgICAgICAgICAgICAgICAgICAgICAgICAgICAgICAgICAgICAgICAgICAgICAgICAgICAgICAgICAgICAgICAgICAgICAgICAgICAgICAgICAgICAgICAgICAgICAgICAgICAgICAgICAgICAgICAgICAgICAgICAgICAgICAgICAgICAgICAgICAgICAgICAgICAgICAgICAgICAgICAgICAgICAgICAgICAgICAgICAgICAgICAgICAgICAgICAgICAgICAgICAgICAgICAgICAgICAgICAgICAgICAgICAgICAgICAgICAgICAgICAgICAgICAgICAgICAgICAgICAgICAgICAgICAgICAgICAgICAgICAgICAgICAgICAgICAgICAgICAgICAgICAgICAgICAgICAgICAgICAgICAgICAgICAgICAgICAgICAgICAgICAgICAgICAgICAgICAgICAgICAgICAgICAgICAgICAgICAgICAgICAgICAgICAgICAgICAgICAgICAgICAgICAgICAgICAgICAgICAgICAgICAgICAgICAgICAgICAgICAgICAgICAgICAgICAgICAgICAgICAgICAgICAgICAgICAgICAgICAgICAgICAgICAgICAgICAgICAgICAgICAgICAgICAgICAgICAgICAgICAgICAgICAgICAgICAgICAgICAgICAgICAgICAgICAgICAgICAgICAgICAgICAgICAgICAgICAgICAgICAgICAgICAgICAgICAgICAgICAgICAgICAgICAgICAgICAgICAgICAgICAgICAgICAgICAgICAgICAgICAgICAgICAgICAgICAgICAgICAgICAgICAgICAgICAgICAgICAgICAgICAgICAgICAgICAgICAgICAgICAgICAgICAgICAgICAgICAgICAgICAgICAgICAgICAgICAgICAgICAgICAgICAgICAgICAgICAgICAgICAgICAgICAgICAgICAgICAgICAgICAgICAgICAgICAgICAgICAgICAgICAgICAgICAgICAgICAgICAgICAgICAgICAgICAgICAgICAgICAgICAgICAgICAgICAgICAgICAgICAgICAgICAgICAgICAgICAgICAgICAgICAgICAgICAgICAgICAgICAgICAgICAgICAgICAgICAgICAgICAgICAgICAgICAgICAgICAgICAgICAgICAgICAgICAgICAgICAgICAgICAgICAgICAgICAgICAgICAgICAgICAgICAgICAgICAgICAgICAgICAgICAgICAgICAgICAgICAgICAgICAgICAgICAgICAgICAgICAgICAgICAgICAgICAgICAgICAgICAgICAgICAgICAgICAgICAgICAgICAgICAgICAgICAgICAgICAgICAgICAgICAgICAgICAgICAgICAgICAgICAgICAgICAgICAgICAgICAgICAgICAgICAgICAgICAgICAgICAgICAgICAgICAgICAgICAgICAgICAgICAgICAgICAgICAgICAgICAgICAgICAgICAgICAgICAgICAgICAgICAgICAgICAgICAgICAgICAgICAgICAgICAgICAgICAgICAgICAgICAgICAgICAgICAgICAgICAgICAgICAgICAgICAgICAgICAgICAgICAgICAgICAgICAgICAgICAgICAgICAgICAgICAgICAgICAgICAgICAgICAgICAgICAgICAgICAgICAgICAgICAgICAgICAgICAgICAgICAgICAgICAgICAgICAgICAgICAgICAgICAgICAgICAgICAgICAgICAgICAgICAgICAgICAgICAgICAgICAgICAgICAgICAgICAgICAgICAgICAgICAgICAgICAgICAgICAgICAgICAgICAgICAgICAgICAgICAgICAgICAgICAgICAgICAgICAgICAgICAgICAgICAgICAgICAgICAgICAgICAgICAgICAgICAgICAgICAgICAgICAgICAgICAgICAgICAgICAgICAgICAgICAgICAgICAgICAgICAgICAgICAgICAgICAgICAgICAgICAgICAgICAgICAgICAgICAgICAgICAgICAgICAgICAgICAgICAgICAgICAgICAgICAgICAgICAgICAgICAgICAgICAgICAgICAgICAgICAgICAgICAgICAgICAgICAgICAgICAgICAgICAgICAgICAgICAgICAgICAgICAgICAgICAgICAgICAgICAgICAgICAgICAgICAgICAgICAgICAgICAgICAgICAgICAgICAgICAgICAgICAgICAgICAgICAgICAgICAgICAgICAgICAgICAgICAgICAgICAgICAgICAgICAgICAgICA8P3hwYWNrZXQgZW5kPSJ3Ij8+AP/tADhQaG90b3Nob3AgMy4wADhCSU0EBAAAAAAAADhCSU0EJQAAAAAAENQdjNmPALIE6YAJmOz4Qn7/4htESUNDX1BST0ZJTEUAAQEAABs0YXBwbAIQAABtbnRyUkdCIFhZWiAH5AABAAEACAAyADRhY3NwQVBQTAAAAABBUFBMAAAAAAAAAAAAAAAAAAAAAAAA9tYAAQAAAADTLWFwcGwAAAAAAAAAAAAAAAAAAAAAAAAAAAAAAAAAAAAAAAAAAAAAAAAAAAAAAAAAAAAAABFkZXNjAAABUAAAAGJkc2NtAAABtAAABDZjcHJ0AAAF7AAAACN3dHB0AAAGEAAAABRyWFlaAAAGJAAAABRnWFlaAAAGOAAAABRiWFlaAAAGTAAAABRyVFJDAAAGYAAACAxhYXJnAAAObAAAACB2Y2d0AAAOjAAABhJuZGluAAAUoAAABj5jaGFkAAAa4AAAACxtbW9kAAAbDAAAAChiVFJDAAAGYAAACAxnVFJDAAAGYAAACAxhYWJnAAAObAAAACBhYWdnAAAObAAAACBkZXNjAAAAAAAAAAhEaXNwbGF5AAAAAAAAAAAAAAAAAAAAAAAAAAAAAAAAAAAAAAAAAAAAAAAAAAAAAAAAAAAAAAAAAAAAAAAAAAAAAAAAAAAAAAAAAAAAAAAAAAAAAAAAAAAAbWx1YwAAAAAAAAAjAAAADGhySFIAAAAUAAABtGtvS1IAAAAMAAAByG5iTk8AAAASAAAB1GlkAAAAAAASAAAB5mh1SFUAAAAUAAAB+GNzQ1oAAAAWAAACDGRhREsAAAAcAAACIm5sTkwAAAAWAAACPmZpRkkAAAAQAAACVGl0SVQAAAAUAAACZHJvUk8AAAASAAACeGVzRVMAAAASAAACeGFyAAAAAAAUAAACinVrVUEAAAAcAAACnmhlSUwAAAAWAAACunpoVFcAAAAMAAAC0HZpVk4AAAAOAAAC3HNrU0sAAAAWAAAC6npoQ04AAAAMAAAC0HJ1UlUAAAAkAAADAGZyRlIAAAAWAAADJG1zAAAAAAASAAADOmhpSU4AAAASAAADTHRoVEgAAAAMAAADXmNhRVMAAAAYAAADamVzWEwAAAASAAACeGRlREUAAAAQAAADgmVuVVMAAAASAAADknB0QlIAAAAYAAADpHBsUEwAAAASAAADvGVsR1IAAAAiAAADznN2U0UAAAAQAAAD8HRyVFIAAAAUAAAEAHB0UFQAAAAWAAAEFGphSlAAAAAMAAAEKgBMAEMARAAgAHUAIABiAG8AagBpzuy37AAgAEwAQwBEAEYAYQByAGcAZQAtAEwAQwBEAEwAQwBEACAAVwBhAHIAbgBhAFMAegDtAG4AZQBzACAATABDAEQAQgBhAHIAZQB2AG4A/QAgAEwAQwBEAEwAQwBEAC0AZgBhAHIAdgBlAHMAawDmAHIAbQBLAGwAZQB1AHIAZQBuAC0ATABDAEQAVgDkAHIAaQAtAEwAQwBEAEwAQwBEACAAYwBvAGwAbwByAGkATABDAEQAIABjAG8AbABvAHIgDwBMAEMARAAgBkUGRAZIBkYGKQQaBD4EOwRMBD4EQAQ+BDIEOAQ5ACAATABDAEQgDwBMAEMARAAgBeYF0QXiBdUF4AXZX2mCcgAgAEwAQwBEAEwAQwBEACAATQDgAHUARgBhAHIAZQBiAG4A/QAgAEwAQwBEBCYEMgQ1BEIEPQQ+BDkAIAQWBBoALQQ0BDgEQQQ/BDsENQQ5AEwAQwBEACAAYwBvAHUAbABlAHUAcgBXAGEAcgBuAGEAIABMAEMARAkwCQIJFwlACSgAIABMAEMARABMAEMARAAgDioONQBMAEMARAAgAGUAbgAgAGMAbwBsAG8AcgBGAGEAcgBiAC0ATABDAEQAQwBvAGwAbwByACAATABDAEQATABDAEQAIABDAG8AbABvAHIAaQBkAG8ASwBvAGwAbwByACAATABDAEQDiAOzA8cDwQPJA7wDtwAgA78DuAPMA70DtwAgAEwAQwBEAEYA5AByAGcALQBMAEMARABSAGUAbgBrAGwAaQAgAEwAQwBEAEwAQwBEACAAYQAgAEMAbwByAGUAczCrMOkw/ABMAEMARAAAdGV4dAAAAABDb3B5cmlnaHQgQXBwbGUgSW5jLiwgMjAyMAAAWFlaIAAAAAAAAPNSAAEAAAABFs9YWVogAAAAAAAAYWwAADgyAAAKQlhZWiAAAAAAAABvHAAArpUAABaZWFlaIAAAAAAAACZOAAAZOQAAslJjdXJ2AAAAAAAABAAAAAAFAAoADwAUABkAHgAjACgALQAyADYAOwBAAEUASgBPAFQAWQBeAGMAaABtAHIAdwB8AIEAhgCLAJAAlQCaAJ8AowCoAK0AsgC3ALwAwQDGAMsA0ADVANsA4ADlAOsA8AD2APsBAQEHAQ0BEwEZAR8BJQErATIBOAE+AUUBTAFSAVkBYAFnAW4BdQF8AYMBiwGSAZoBoQGpAbEBuQHBAckB0QHZAeEB6QHyAfoCAwIMAhQCHQImAi8COAJBAksCVAJdAmcCcQJ6AoQCjgKYAqICrAK2AsECywLVAuAC6wL1AwADCwMWAyEDLQM4A0MDTwNaA2YDcgN+A4oDlgOiA64DugPHA9MD4APsA/kEBgQTBCAELQQ7BEgEVQRjBHEEfgSMBJoEqAS2BMQE0wThBPAE/gUNBRwFKwU6BUkFWAVnBXcFhgWWBaYFtQXFBdUF5QX2BgYGFgYnBjcGSAZZBmoGewaMBp0GrwbABtEG4wb1BwcHGQcrBz0HTwdhB3QHhgeZB6wHvwfSB+UH+AgLCB8IMghGCFoIbgiCCJYIqgi+CNII5wj7CRAJJQk6CU8JZAl5CY8JpAm6Cc8J5Qn7ChEKJwo9ClQKagqBCpgKrgrFCtwK8wsLCyILOQtRC2kLgAuYC7ALyAvhC/kMEgwqDEMMXAx1DI4MpwzADNkM8w0NDSYNQA1aDXQNjg2pDcMN3g34DhMOLg5JDmQOfw6bDrYO0g7uDwkPJQ9BD14Peg+WD7MPzw/sEAkQJhBDEGEQfhCbELkQ1xD1ERMRMRFPEW0RjBGqEckR6BIHEiYSRRJkEoQSoxLDEuMTAxMjE0MTYxODE6QTxRPlFAYUJxRJFGoUixStFM4U8BUSFTQVVhV4FZsVvRXgFgMWJhZJFmwWjxayFtYW+hcdF0EXZReJF64X0hf3GBsYQBhlGIoYrxjVGPoZIBlFGWsZkRm3Gd0aBBoqGlEadxqeGsUa7BsUGzsbYxuKG7Ib2hwCHCocUhx7HKMczBz1HR4dRx1wHZkdwx3sHhYeQB5qHpQevh7pHxMfPh9pH5Qfvx/qIBUgQSBsIJggxCDwIRwhSCF1IaEhziH7IiciVSKCIq8i3SMKIzgjZiOUI8Ij8CQfJE0kfCSrJNolCSU4JWgllyXHJfcmJyZXJocmtyboJxgnSSd6J6sn3CgNKD8ocSiiKNQpBik4KWspnSnQKgIqNSpoKpsqzysCKzYraSudK9EsBSw5LG4soizXLQwtQS12Last4S4WLkwugi63Lu4vJC9aL5Evxy/+MDUwbDCkMNsxEjFKMYIxujHyMioyYzKbMtQzDTNGM38zuDPxNCs0ZTSeNNg1EzVNNYc1wjX9Njc2cjauNuk3JDdgN5w31zgUOFA4jDjIOQU5Qjl/Obw5+To2OnQ6sjrvOy07azuqO+g8JzxlPKQ84z0iPWE9oT3gPiA+YD6gPuA/IT9hP6I/4kAjQGRApkDnQSlBakGsQe5CMEJyQrVC90M6Q31DwEQDREdEikTORRJFVUWaRd5GIkZnRqtG8Ec1R3tHwEgFSEtIkUjXSR1JY0mpSfBKN0p9SsRLDEtTS5pL4kwqTHJMuk0CTUpNk03cTiVObk63TwBPSU+TT91QJ1BxULtRBlFQUZtR5lIxUnxSx1MTU19TqlP2VEJUj1TbVShVdVXCVg9WXFapVvdXRFeSV+BYL1h9WMtZGllpWbhaB1pWWqZa9VtFW5Vb5Vw1XIZc1l0nXXhdyV4aXmxevV8PX2Ffs2AFYFdgqmD8YU9homH1YklinGLwY0Njl2PrZEBklGTpZT1lkmXnZj1mkmboZz1nk2fpaD9olmjsaUNpmmnxakhqn2r3a09rp2v/bFdsr20IbWBtuW4SbmtuxG8eb3hv0XArcIZw4HE6cZVx8HJLcqZzAXNdc7h0FHRwdMx1KHWFdeF2Pnabdvh3VnezeBF4bnjMeSp5iXnnekZ6pXsEe2N7wnwhfIF84X1BfaF+AX5ifsJ/I3+Ef+WAR4CogQqBa4HNgjCCkoL0g1eDuoQdhICE44VHhauGDoZyhteHO4efiASIaYjOiTOJmYn+imSKyoswi5aL/IxjjMqNMY2Yjf+OZo7OjzaPnpAGkG6Q1pE/kaiSEZJ6kuOTTZO2lCCUipT0lV+VyZY0lp+XCpd1l+CYTJi4mSSZkJn8mmia1ZtCm6+cHJyJnPedZJ3SnkCerp8dn4uf+qBpoNihR6G2oiailqMGo3aj5qRWpMelOKWpphqmi6b9p26n4KhSqMSpN6mpqhyqj6sCq3Wr6axcrNCtRK24ri2uoa8Wr4uwALB1sOqxYLHWskuywrM4s660JbSctRO1irYBtnm28Ldot+C4WbjRuUq5wro7urW7LrunvCG8m70VvY++Cr6Evv+/er/1wHDA7MFnwePCX8Lbw1jD1MRRxM7FS8XIxkbGw8dBx7/IPci8yTrJuco4yrfLNsu2zDXMtc01zbXONs62zzfPuNA50LrRPNG+0j/SwdNE08bUSdTL1U7V0dZV1tjXXNfg2GTY6Nls2fHadtr724DcBdyK3RDdlt4c3qLfKd+v4DbgveFE4cziU+Lb42Pj6+Rz5PzlhOYN5pbnH+ep6DLovOlG6dDqW+rl63Dr++yG7RHtnO4o7rTvQO/M8Fjw5fFy8f/yjPMZ86f0NPTC9VD13vZt9vv3ivgZ+Kj5OPnH+lf65/t3/Af8mP0p/br+S/7c/23//3BhcmEAAAAAAAMAAAACZmYAAPKnAAANWQAAE9AAAApbdmNndAAAAAAAAAAAAAMBAAACAAAAVgEuAesCxAODBFMFQAYnBxoIGAkfCj0LTgxrDZAOuQ/sES0SZROjFOMWKhd5GL8aDxtXHKQd8x88IIQhzSMRJFIljSbLKAApMypmK5csyi33LygwUTGAMqsz1TUCNjE3XTiKObY64TwNPTg+YD+JQLFB3EMIRDZFY0aQR7hI3koBSyRMR01qTo9PtFDYUfhTFlQzVU9WbVeNWK5Zy1rhW/Bc9137XwBgCmEZYi1jQWRSZV9mZWdhaFNpPGogawFr4Gy/baBug29ocFBxOHIgcwhz73TWdb52qHeTeH55bHpZe0l8PX03fjZ/OYBBgUuCV4NlhHSFhYaUh6SIs4nAisyL1ozfjeeO7Y/ykPWR9pL1k/WU+pYElxWYLJlHmmObf5yYna6ev5/LoNSh2qLgo+mk9KYDpxWoKqlCqlyrd6yUrbKu0a/xsRGyM7NTtHO1kLapt7q4wbnDusC7u7y1va++qb+jwJ3BlcKKw3zEasVTxjbHGMf5yODJz8rGy8PMwc28zq/PmNBz0UPSDdLT05vUZtU11gXW19eo2HbZQNoG2sfbgNw13Ofdkd473uPfjeA74Ovhn+JS4wPjr+RV5PnllOYs5r/nUufk6IXpL+nk6qjrbuwz7PXtr+5j7xHvtfBQ8ObxfPIX8sbzj/Ru9WH2ZveK+OT6xf0u//8AAABWASMBsAJqAzID6ASxBYAGWAc9CC0JJwonCyIMMA06DlEPYxB+EZ8SvhPpFRAWOBdhGIgZtBreHAsdMx5bH4AgoSG/Itsj9SULJh8nNShJKWAqeSuTLLEtzC7oMAQxITI8M1o0dDWLNqQ3uTjNOeI69DwGPRs+MT9NQGxBj0KwQ9BE7UYIRx1IMklFSlVLY0xuTXhOfk+DUIVRhlKIU4pUjFWKVoRXeVhoWVRaRFs/XEZdWl53X5VgsGHCYspjxWS1ZZxme2dXaDBpDGnsatBrumypbZtuj2+CcHJxXHJAcx9z+3TVda12hndieEV5MHokex18GX0VfhB/Bn/2gOKByoKxg5WEd4VdhkqHRIhMiWGKgYuljMaN3o7uj/WQ95H1kvOT8JTtleyW7pf4mRCaOZtunKadzp7jn+mg5aHfotmj0aTIpb6mvKfKqO2qIatdrJyt2a8UsE6xiLLCs/m1LrZkt5u40roFuzS8X72Fvqa/vMC+warCkMN9xHfFgMaPx53Io8meyo7LdcxTzS3OBM7az7LQi9Fq0lHTRdRF1VHWYtd12ITZh9p922bcQ90a3ezeud+H4FjhLeII4ubjw+Sd5XHmQOcM59Too+l/6mnrZOxo7W3ucO9w8HDxcvJ283n0d/Vp9kf3D/ez+EX4y/la+e360PwM/dr//wAAACsAxAFLAdgCZQMGA48EKwTPBXoGLwbpB6UIaAkvCfkKygufDHcNUg4yDw4P9hDZEcASqROTFH0VZxZSFz0YKRkVGfwa6BvSHL4drh6jH5sgliGUIo8jhiR2JWEmRScgJ/gozCmfKnMrSCwhLQIt6S7XL8gwujGqMpgzgDRgNTk2BjbPN5U4WDkZOdk6nTtkPDI9Bj3ePrY/j0BoQURCJkMQRABE80XnRtZHu0iWSWVKJUrgS5hMT00HTcNOg09JUBhQ6lG+UpNTaFQ7VQ1V3latV3xYSlkVWd9aqFtvXDVc+V29XoBfQ2AIYNFhnGJrYzxkDGTaZadmcWc4Z/xov2mAakBrAGvAbIFtQ24EbsVvhXBBcPhxq3JZcwFzqXRPdPR1mHY8dt53gHgdeL15YHoWetp7q3yDfVh+KH72f8OAk4FngkSDKoQYhQuGAIb0h+OIzYmvioyLYYw0jQeN2o6wj4qQa5FHkhKSxpNbk+yUepVBlkKXiJkImoqb5J0ZnjKfOaA5oTWiL6MopCGlGaYRpwqoCakPqiGrPaxgrYeura/TsPyyKLNatJK10bcUuFm5nLrXvAW9Kb5Hv2LAf8Gewr7D38T/xiHHQ8hnyYzKscvWzP3OKc9b0JfR3tMy1I3V7tdT2LnaIduV3S/fDuF35Ivoee1O8vb5Uf//AABuZGluAAAAAAAABjYAAJOVAABWjQAAVukAAJG3AAAmuwAAFwoAAFANAABUOQACh64AAkeuAAFrhQADAQAAAgAAAAEABAAIAA8AFgAfACkANABAAEwAWgBpAHgAiQCaAKwAvgDSAOYA/AESASkBQAFZAXMBjQGpAcUB4wIBAiECQgJkAocCrALSAvoDIwNNA3oDqAPXBAgEOgRtBKME2QUSBUsFhgXDBgEGQAaABsIHBQdKB5AH2AghCGwIuQkHCVcJqAn6Ck0KoQr3C04LqAwEDGIMww0lDYkN7g5UDrwPJQ+REAAQcRDkEVkRzxJGEr0TOBO2FDoUwxVSFeMWdRcGF5YYJhi4GU4Z6BqIGzEb4xyfHWIeKx74H8YglSFkIjQjBiPbJLMljyZsJ0soKykNKfAq1Su7LJ4tfi5cLzkwFDDwMc0yqjOJNGg1SjYuNxU3/zjtOd460jvKPMU9xD7HP85A2kHoQvZEAEUGRghHCEgISQlKDEsUTCFNNE5OT25QlFG8UuVUDVU0VllXfVigWcRa51wLXTBeVl98YKRhzmL4ZCRlU2aFZ7xo+mpDa5ls+W5jb9JxRnK8dDR1r3cteLF6PHvQfW9/HIDWgpSETIX2h5SJLIrFjGWOFY/fkc2T3ZX/mCCaOZxMnl+geaKgpNqnLamgrDCu4LGhtF63C7muvF2/K8IfxUbIoswMzyjR9tSR1yjZ0dye35fi0uZg6fntEu+s8gD0MPY59//5ivq4+9T8u/2j/nD/N///AAAAAQAFAAoAEgAbACYAMgA/AE0AXABtAH4AkQCkALkAzwDlAP0BFgEvAUoBZgGDAaIBwQHiAgQCJwJMAnICmgLDAu8DHANLA3wDrwPkBBoEUgSLBMUFAQU9BXsFuwX8Bj8GgwbJBxAHWQelB/IIQQiTCOYJOwmTCewKRgqhCvwLWAu0DBIMcgzUDTkNoA4LDngO5w9ZD84QRhDAET4RvxJDEsoTUxPdFGoU+hWPFioWyxdxGBYYthlRGeYaeRsNG6QcQBzkHZEeSh8OH90gsyGOImkjQiQYJOslvSaQJ2YoQiklKhIrCCwFLQguDi8SMBExCDH5Mugz1zTKNcE2wTfKONs58jsOPDA9UT5pP3RAckFoQlhDR0Q5RTRGOEdHSF9JfkqhS8dM8E4bT0VQa1GGUpRTl1SVVZRWoFe/WPFaNVuAXM1eHl90YM9iI2NmZJVltWbOZ+Ro+2oWazNsVG12bppvwHDqchdzRnR2dad22ngQeU16j3vYfSZ+fX/jgWeDEITKhnSIBomHiwSMiI4bj8ORgpNYlUOXO5k7mzudOZ8poQSixqR2phunvaliqxWs3a7FsM+y9bUxt3y5y7wPvkTAcsKmxOnHQsmyzDHOnNDd0vTU8dbn2OPa6Nz03wHhCuMU5STnSOmW7DfvivOm92z5zvuE/MP99P75//8AAAACAAgAEQAeAC0APgBRAGYAfQCWALAAzADqAQkBKwFNAXIBmAHAAeoCFgJEAnQCpgLaAxEDSQOEA8AD/QQ7BHoEugT8BUEFigXXBikGgQbdBz4HoggICG8I1Ak5CZ0KAgpqCtULRAu7DDkMwQ1QDeYOgg8hD8AQXBD2EZASLRLNE24UDRSoFUIV3BZ5Fx4XzhiOGWIaQhsqHBQc+x3dHrgfkiBtIUwiMCMYJAYk+SXxJu8n8yj9Kg4rJCxALWAugC+dMLgx0zLzNBo1STaCN8M5DDpcO7A9Bz5gP75BIkKTRBZFrkdaSRFK0UyaTm9QVVIyU9pVWlbMWEhZ01tmXPheg2ABYXBi1WQ3ZZxnCWiBagpro21NbwBwt3JvdB51w3d1eWR77n6kgHmB1oL8hAKFCIYQhzOIc4nUi1WM6Y6IkC6R2ZOIlTuW8Zipml6cCp2nnzegvaI/o8ClRKbKqFCp1KtUrNCuRq+5sSiyl7QItX22/LiJuia70L2CvzbA6cKcxE/GBMe7yXPLK8zkzp7QWNIU09LVj9dK2P/arNxP3ejfdeD94oLkA+WC5wLog+oE63/s7u5G73nwnfGN8nXzRPP39Kr1TvXb9mj29vd29+n4XPjP+UP5q/oN+nD60vs1+5j78fxJ/KL8+/1U/a3+A/5Y/qz/Af9V/6r//wAAc2YzMgAAAAAAAQxCAAAF3v//8yYAAAeSAAD9kf//+6L///2jAAAD3AAAwGxtbW9kAAAAAAAABhAAAJzfAAAAAMoq1YAAAAAAAAAAAAAAAAAAAAAA/8AAEQgA6QFhAwERAAIRAQMRAf/EAB8AAAEFAQEBAQEBAAAAAAAAAAABAgMEBQYHCAkKC//EALUQAAIBAwMCBAMFBQQEAAABfQECAwAEEQUSITFBBhNRYQcicRQygZGhCCNCscEVUtHwJDNicoIJChYXGBkaJSYnKCkqNDU2Nzg5OkNERUZHSElKU1RVVldYWVpjZGVmZ2hpanN0dXZ3eHl6g4SFhoeIiYqSk5SVlpeYmZqio6Slpqeoqaqys7S1tre4ubrCw8TFxsfIycrS09TV1tfY2drh4uPk5ebn6Onq8fLz9PX29/j5+v/EAB8BAAMBAQEBAQEBAQEAAAAAAAABAgMEBQYHCAkKC//EALURAAIBAgQEAwQHBQQEAAECdwABAgMRBAUhMQYSQVEHYXETIjKBCBRCkaGxwQkjM1LwFWJy0QoWJDThJfEXGBkaJicoKSo1Njc4OTpDREVGR0hJSlNUVVZXWFlaY2RlZmdoaWpzdHV2d3h5eoKDhIWGh4iJipKTlJWWl5iZmqKjpKWmp6ipqrKztLW2t7i5usLDxMXGx8jJytLT1NXW19jZ2uLj5OXm5+jp6vLz9PX29/j5+v/bAEMAAQEBAQEBAQEBAQEBAQEBAQEBAQEBAQEBAQEBAQEBAQEBAQEBAQEBAQEBAQEBAQEBAQEBAQEBAQEBAQEBAQEBAf/bAEMBAQEBAQEBAQEBAQEBAQEBAQEBAQEBAQEBAQEBAQEBAQEBAQEBAQEBAQEBAQEBAQEBAQEBAQEBAQEBAQEBAQEBAf/dAAQALf/aAAwDAQACEQMRAD8A/v4oAKACgAoAKAPJPjl4hXwt8M9a1t/Bg+IK22qeDoD4UNuLoX/9peNfDumC78gxzBv7DN4Ne3bD5X9meaNpQMoB6tbtvghfZ5e6KNvLxjy9yKdmOMbM7cY7dsUAS0AFABQAUAFABQAUAFABQAUAYniW41G08Oa/daRYrqerW2iarcaXprruTUdRhsJ5LKxZf4lu7lYrdl7iTHegDC+GeoeI9W+H3g3U/F+gx+F/FN94d0u61/w7FGIotF1Wa1je802OMYCLazFolXHAXHFAHcUAFABQAUAFABQAUAFABQAUAFAH58/8E2v+SMfF/wD7PU/bd/8AWnviXQB+g1ABQAUAFABQAUAFABQAUAFABQAUAFABQB//0P7+KACgAoAKACgDzb4uS/EeDwFqsvwmh06fx2uoeGBpUWqrE9i2nv4r0NPExlWZ44zInhVtaktstkXSwlA7hUoA9Fh8zyYvOx53lx+bt6eZtG/HXjdnHPT1oAkoAKACgAoAKACgAoAKACgAoAxfEkGp3Ph3X7bRbtNP1m40XVYNJv5CBHZanLYzpYXchOQEtrpopmJGAqEnOKAML4a2PijTPh/4O0/xrrMPiHxdZ+HtLt/EeuW7K8GraxFbRrfX8ToqqyXM4eRSqqpDcDH3QDt6ACgAoAKACgAoAKACgAoAKACgD8+f+CbX/JGPi/8A9nqftu/+tPfEugD9BqACgAoAKACgAoAKACgAoAKACgAoAKACgD//0f7+KACgAoAKACgDyr41+H9R8U/DjWdE0rxlH4AvrnU/CM8XiqW4+ypYx6d4y8P6nc2hm3JtOt2tnPoKLuHmPqYi537WAPUIFKQQoz+YVijUyD/loVQAv3+8Ru69+9AEtABQAUAFABQAUAFABQAUAFAHO+L7ayvfCXiiz1LUW0jTrvw7rdtf6sjbX0uyn025iutRRsja1lAz3KtkYMQORjNAHNfB/TND0X4W+ANJ8NeI5PF/h/TvCmjWej+KZpPNl8QafBZxJa6tJLube97EFmZtzZL9f7wB6PQAUAFABQAUAFABQAUAFABQAUAfnz/wTa/5Ix8X/wDs9T9t3/1p74l0AfoNQAUAFABQAUAFABQAUAFABQAUAFABQAUAf//S/v4oAKACgAoAKAPFP2h7L4eah8JdftPipfXum+B5NY8Cvqd5p7Ol3HfweP8AwxceG0jZFdglx4ni0a3nwpBt5ZQcKSygHslsIxbW4hJMQgiERPUxiNdhPuVxmgCegAoAKACgAoAKACgAoAKACgDm/GUulQeEPFc2uwSXWhw+G9cl1m1iBMtzpUel3T6jBGFwxkmtBNGgU5LMAMGgDl/gzd+E774T/Du88B6fcaV4MuvCOiTeGNNuldLmx0SSyibT7WdXy6yw25RHDHduXnNAHplAHx9+0z+2/wDA39k/4g/sy/Db4s62+l+IP2qfipL8J/h7t8sWttrMWiXeprf6xM5C2thcaguk+HrQkq91q+u2UMO7ZPtAPsGgAoAKACgAoAKACgAoAKAPz5/4Jtf8kY+L/wD2ep+27/6098S6AP0GoAKACgAoAKACgAoAKACgAoAKACgAoAKAP//T/v4oAKACgAoAKAPHfj5r2geGfhbrms+J/B1x4+0W21bwVBc+FrWHz576fUPHXhrTdOu1iIO5dE1K7tNdkOPki015ONtAHrluyvbwOqeWrQxMsZ/5ZqyKQn/AR8v4UATUAFABQAUAFABQAUAFABQAUAYXii7ubDw14ivrPTV1m7s9C1a7tdIdd6arc29hcTQaa6Ybet9Ki2rLtbcJcYOcUAYHwu1bUte+HXgrWdY8MxeDNV1Tw3pV7qHhOCPyYfDt3cWsck+kRRbI/LSxdjAq+WmAuNo6KAd5QB/Lr+394G8Uf8FBvBX7aus+EPgZ8YvGuueHZtE8GfsS/FfwVodrfaH4X8Y/s3a7deJ18deHtSluUe3vfFPxfXxXoz6zZJsvfCCaFJ5ji2SgD9gP+CWn7Yln+3N+w/8ABD48Sqll40vfDi+EviroOdtz4a+KngmV/DPjvRLqBsTQva+INNvTD5yq81u0U43JKjMAfoVQAUAFABQAUAFABQAUAfnz/wAE2v8AkjHxf/7PU/bd/wDWnviXQB+g1ABQAUAFABQAUAFABQAUAFABQAUAFABQB//U/v4oAKACgAoAKAPNfi9qXjzSfAOrX/w00a21/wAZRaj4Xj07SrxFkt57K68WaHa+IZmViqlrHw5Pq1/Ec/LNbRsMkYYA9FhMhhiMoCymKMyKOiyFAXA9g2RQBLQAUAFABQAUAFABQAUAFABQBjeI01eXw9rsfh944tek0bVE0SSYgQx6u9jOumvKWwojS9MDSFjjYDnAFAGJ8OYPGNr4D8I2/wAQZ7W68cQ+H9Mj8V3FkyNaTa6ttGNRktmj+RoWuN5jKYUqcgDOKAL3jPwynjTwn4h8Jy634h8OReItJvdIl13wnqS6P4l0qO+haCS80TVGt7oWGoxIxNtdfZ5jC+HCEj5gDyj9nb9nTwZ+zF8EPCfwB+HeueOL/wAF+CNFfQPDuo+MfES+IfFlpp5V1iEmvGwtHurm2MheG6uLaSYyASTNK5YuAeGfsZf8E8Pgd+wlqPxevPgd4i+Lkun/ABt8d6r8S/Gnhnxx47HifwvH431yQSavr3h/SP7H09NDuNQEcUdzFayfZnSGMiISb3cA+8KACgAoAKACgAoAKACgD8+f+CbX/JGPi/8A9nqftu/+tPfEugD9BqACgAoAKACgAoAKACgAoAKACgAoAKACgD//1f7+KACgAoAKACgDzD4yaL4r8Q/DzV9J8E+LrfwL4kn1LwpNZ+J7qTyoLK2sfF+g3+r2rSFXw2s6Na6hokY2ndLqKLxncoB6VArrBCsj+ZIsUau46O4QBnH+8cn8aAJaACgAoAKACgAoAKACgAoAKAPjz9sn9sr9lT9kX4c6hqP7Tv7QHgf4F6f4u0fWNI0G+8S6zHaazdz3dnNZfatD0yEyajdy2kswkSaGFYlmi2+cHUqoBwf7BP7bn7Hn7U/w00Tw1+zN+074I/aAv/h74e0rR/Ec+l60snivdZwLa/2nrGj3rrqaG7ePzJJ9k0as6iSYs6UAff8AQAUAFABQAUAFABQAUAFABQAUAfnz/wAE2v8AkjHxf/7PU/bd/wDWnviXQB+g1ABQAUAFABQAUAcx428Z+F/hz4P8UePvG+t2Hhvwf4M0HVfE/ifX9TmW30/R9C0Sym1DU9RvJn4SC1tLeWVzyxC7VBYqrAFbwB498KfE/wAG+HPH/gfWbTX/AAn4r0u11nQ9WsZo5re8sLyNZYZA0TuqvtbEkTNvicGOQB1YUAdhQB8cfFb9rJfCPxU8c/Bf4eeCbr4j+P8A4XfBBfj98QNOt9SttNg0nwlfX3iKw8LeHraWfmfxZ40m8JeJTokDD7JbR6YkmoFEv7VmAPT/AAJ+0H4M+J/7PPhn9o/4e2+qeLfB/jTwDp3j3wnpulW/m63rkGsWMVzpWjWttkhdUvLqeHTgshWOK5fdKVjR2oA+b/2dv2z/AIifEX9pD4hfss/Hb9njWfgN8TfDXw48O/GfwhIvjDQvHnhzxl8MfE2va54atr5dY0D91pevaZrXh++sdU0q7CnzFJtiyxPtAP0IoAKAP//W/uL0L4reK9X8FeLfFN38GPH2h6r4cvJLXTvBuoDTv7e8VRotqReaL5c7W5gc3Eir57q2bab23AEesfFrxbpnw90Lxpa/BT4g6vrWr3SW934BsRpv/CTaJGyzsbnUN8wtfJUworeXIzZnj6cigDe8RfEHxDoninwf4fsfhj4v8Qaf4lhhl1PxNpf2I6R4SeV3Vodb82VJt8IQPIYFcbXUgcEMATad491+9+JOq+BZ/ht4s0/QtO01r63+It19j/4RXVJ1FkRp9nslN39qY3UoG+MJ/oc/TC7gDF8O/FHxTrei+NtUvfg/478P3XhU3A0rR9UGn/bvGXkRSSIdA8qZo/8ASGURRfaGT53GcclQDw/9ob4hwav+y9qHinx/8OviN4XstR8U+C7XVPC9pLp0HjDR5LH4h6LPoNzNJ5wtFtNX1vTdHsGCyl3t9ZiQgFnFAHumtfEjxFoJ+Hltpvwq8a+JLfxaunxapeaZ9gMXgqKdrSJpvERlmDbbeOd5p/swkOy3l25OBQBrHx7r4+JbeBP+FbeLDoK6el6PiOPsf/CKNO1tDO2nj979s+0o8rW5zFs82J8HGDQBn+HfiT4l1uf4gQ3vwn8a+H08GxXMmjT6n9g8vx40CXzRxeG/KmY77g2kKxfagg3X1vnGH2gGXB8WfFs3w3uvHL/BX4gQa5b35s4/h3INN/4Sm6hFx5P26HE/2QWxT/SBumZ/L4xk0AXPEHxQ8UaLo/gHU7L4QeOtfufGL266zpOm/wBn/bvAomWxLt4j82ZI8QG7lWX7KX5s58dFoA1r7x9r9p8RdI8Ew/DXxbe6JqVj9rufiDbiz/4RjSZvs8832K93Si7+0b4kg+SNl82aPkgE0AQaF8RPEWr+J/G+gXnwu8Y6JYeExdHSfEmofYf7J8aeRJcJGNA8qUzZuRCkkX2lUwtxEGwSxoAxtL+K/izUPh94k8Zz/Bfx/putaHe/ZbHwFdjTR4l8RRefZxfbNK2zG18jZdSz/vpFby7SfqSooAdrfxW8V6T4M8KeKLT4M+Pta1TxFJDHqPg/Txpv9u+FllRWaTWRLOtvshJ2SeTITuU4wKANzXPiB4g0nxx4U8J2nwz8Xa1pPiKxS71Hxrp/2L/hH/C8rG8BstZ8yUXIuFFtET5KMuLuHH8RoAfo3j7X9U8f+IPBt18NvFuj6No1u89n47vhZnw3rzq0QFvppjlN15riRmXzYgMROCThTQB/I1+xR8NPhd/wUS/bz/4K6/te/tyfDLU/jP4q/ZN+K2v/AAK+C/7Pfi1o9TX4T/DTwxYXjPfaN4YupTpY8Qanaxyxi/lie3a/07UbuPz553KAHLf8FKPhN8Cv2IT/AMEuP+Cln7CXwt1P9nn4xeLP2k/hT8ENX+Fvh8QaLq/x0+EXxAd7W/0jxP4e09l07VNV/s+CO0jvBbDbceINMuLhUubaGRgD+v7WfiV4k0vVfAenWnwr8Y67a+L7ayn1fWdM+xf2d4Me62+ZFrvnSJNm2DF5fIVvlXAyeaANG18e6/cfEvUPAknw28WW2g2emi+h+I832P8A4RS/nMNnIdOttshvPtQe5liO+NU32c5yVC7gDJ8OfE7xPrdj46u774ReOPD03hFLttIstU/s/wC0eNjbxXEkaeHvKmZSbpoUih+0lPnnjyRyVAKB+LXi0fDOHx4Pgp8QTr0uovYt8OB/Zv8AwlcUCXNxANQcGcWf2V44UuFxLv8AKni4JytAGl4j+JnibRF8AtY/CTxv4hPjGW0j1hdLFhnwItxJZJJL4k82dfktVupZJvsokOyznxztFAGlN491+L4kw+BV+G3iyXQpbBbx/iKn2P8A4RWGY24nNjJmT7Z9pEh+znEe3zFPReaAKXh34keJNb1Px/YXvwq8aeH4PBsc76NqWpix+yeO2hN+ETw35UrPunFnCY/tSr/x/W2f4yoBlWfxY8WXPw51PxvL8FviBaa5YXxtLf4fTf2b/wAJRqUIuIofttoBP9k+zlJGuBvkDeVE/G7G4Asa98UvFOkeHPAmuWfwd8d65feLvsv9r+HtOGn/ANqeCPtEdq8n/CRebMsQ+ytcSRzfZmk+a1mxxtoA2NS8f+ILH4heHvBcHw08Xajous2X2q98fWos/wDhGdBl+z3c32PUi8i3Xnl7eOD91G48y6h6DJUAZofxB8Q6t4v8X+Grv4Y+L9F0zw1HO+m+LdQ+xf2J4saJ3VI9E8uV7jdOEDx+eifK65xjFAH57/8ABNz4h+Il/Zn+P/iYfC/xg2qaN+2b+2VLZeEQLH+3Nee//aQ8c3c8Om/vfs+/TZb+eyu/NdR9o0272ZUIWAPuzWvix4s0vwJ4c8X2vwW8f6xq+uXEcN94HsP7N/4SLw8kiSMZ9U8ydbby4ygR/Kdzl16UAbviD4g+IdG8YeEvDNl8MfF+vaZ4ktYrjUvFum/Yv7E8KSO9wrW2tGWUXAmiEKM/kROpE8WCSGFAEulePdf1H4i614JuPht4s0vRNLsnurX4g3n2P/hGNYlU2oFnYbJTd+e32iQjzIwv+jS5xgbgDC8OfFPxVrfh3xlrd98HPHnh6+8MSTppfh/VP7O/tPxeIo96PofkzNFtmJ2R/aHQ7hhsY+YAr3vxa8W2nw003x3F8FPiBe67f6kLGf4c2/8AZv8AwlenW5kvU/tG63T/AGT7KBbRP8khfbeQcfe2gHqWn61e3txp8M2g6nYJe6NFqk09z5XlWF1I4VtIudjE/boh877P3eBwRnFAHiP7YvgDWviv+yR+1D8MfDWlR654m+IX7PXxm8GeGNHljikXUfEviT4deItI8PWgWcGISy6zd2KwyNjypvLlDKyKygHg/wAB/h/rnij/AIJ4+A/hbD8Jn8F+KG+DWh+D734afE631/4aQL4h02xs7TVYdek8F3Nt4j0mzvb+3uLoapotzHfXaul0rkTNuAPmH9n79g34r/DT4yeAfHWtfA/9m7w7pXhvWJL291rwn+0F+1h4o8RafE+n3tsJtK0Dxt4guvCup3BedI2g1q3ltRC8kqr58URoA9L8cfDb4j/Bn9tz9qD9oLQ/AHir4j+Fv2jf2R/h74K8OxeFtPOqTaX8Vfg3dfEqKHwpqsZkUadY+LdL8X6BcaVeuPszXNvrhl2m3YsAdZ+x34f8V/sS/srfBD9mfX/hj8TPHviL4Q/sx2vivxD4g8DaCdb8P6v4u0l54tS+HOgXJnie48YX98JJdG0coqvYSQyGVVBWgDC/Y6+KXiH4pfHPxx8QPHP7Kf7Sfwx+Jvj7wva2+vePvjH8Of8AhCfCHhHwP4QvJD4O+FPhK+ub+5n1Mpea9rWu3fkRKb3WLzW9UndUnt4lAP1KoAKAP//X/v4oAKACgAoAKAPGf2gdV8FaL8Kdd1L4heGZ/GHhOHV/A8d/4fto3lmu7y78eeGLPQrhUjeNiul6/caZq0hDYWKxdmDKCrAHsFuUa3gaJdkbQxGNDxsQopRcc42rgde3egCagAoAKACgAoAKACgAoAKACgD+eD9uz/gk1+0Fpf7RXxD/AOCgX/BMf9obTf2bv2gPH3hO4g+P3w18X+HrjxV8Ivj1HotnLLb3eseH7YEr4jvIVkgmdlWK7uZJbhrhZLy4RwDzb9i7/gk5+1P8dvjN8A/23f8Agqp+0J4f+M2u/BjSrDxJ+zr+zX8OvCFx4J+Enwn168gSW31zVtBuTtn8RaQy289jFB5sdveW9rMZozZRwuAf00UAFABQAUAFABQAUAFABQAUAFAH58/8E2v+SMfF/wD7PU/bd/8AWnviXQB+g1ABQAUAFABQAUAFABQAUAFABQAUAFABQB//0P7+KACgAoAKACgDy/4yaz4r0D4eavqvgnwhF478SQal4Uhs/DE0Pnx31rfeL9CsNXuzEQ246Lo1zqGuIcfI+nK/G3KgHpcDO0MLSJ5cjRRs8f8AccoCydvuklenbtQBLQAUAFABQAUAFABQAUAFABQBjeI21hPD2vP4dWF/ECaNqjaElwAbd9YWxnOmLOGIUwteiASBiAULZIHNAGH8OJfGc3gLwhL8RYrODx3J4f0x/FsOnqi2MevtbIdSS0WNnjWBbneIwjsoXGCaAO1oAKACgAoAKACgAoAKACgAoAKAPz5/4Jtf8kY+L/8A2ep+27/6098S6AP0GoAKACgAoAKACgAoAKACgAoAKACgAoAKAP/R/v4oAKACgAoAKAPNPi/p3jvVfAGrWPw11q18PeMZdR8LSadq146R29vZW3izQ7rxBC7yKyBr7w5Dq2nxZGTNdRhSrFWoA9GhEghiEpDSiKMSMOjSBAHI9i2TQB8nat+3h+yBofjbW/hvq3x98CWPj7w2qPr/AIPmudQ/4SDRoZMGK51LTEsWubO0mDK0N3MiW0qMHjlZGXcAfQvgX4heBfif4dtPFvw68X+HfG/hm+3C11zwxq1lrOmyuhxJF9psppo47iJvlmt5fLnhf5JY1cEUAdjQAUAFABQAUAFABQAUAYXii0m1Dwz4isLbURo9xe6Fq9pb6uz+WulzXNhcQxai0mRsFjI63JfI2iLORjNAHP8Awt0i90D4c+CdE1LxInjG/wBK8NaVY3niqOb7RH4guLe0jjl1ZJ9z+at6ymYSb23Bs5OaAPPPip+1T+zv8E9bs/DPxQ+LfhLwp4mv4VubXw1PdXGo+ImtXZVju5NC0a21HVbe0kZlEd1c2kMEmcrKwBoA1PhP+0f8Cvjpf+I9K+EHxS8I/EHU/CCafJ4q07w5qS3l94d/tU3I0+PWrQpHcabPdGzuQltdpFcDyX3xLxQB7ZQAUAFABQAUAFABQAUAFAH58/8ABNr/AJIx8X/+z1P23f8A1p74l0AfSHxr/ac+AP7ONvot38dPir4U+F1p4iu4tP0O88W3kunWeqahM7pBp9pdfZ3t5L+4aOQW9l5v2m42P5MLhWNAD/AX7TPwA+J+qW+heBPi34I8Qa9dwPdWegw6zDZ67eWyf6yez0bUhZaldwp/HJb20qIOWKjhgD3OgAoAKACgAoAKACgAoAKACgAoAKAP/9L+/igAoAKACgAoA8d+PehaB4l+FuuaN4n8a3Hw90W51bwVNc+LLWUQzWE+n+OvDeo6dZrIZIgq67qVpaaBIC43R6o6YbdsoA9ct1VbeBUcyqsMSrIeTIoQAOT3LjDfjQB/LfqfjbxB8O/+DhT9uLW/Cf7P+v8A7QOo3P7EfwB+0+EfC8nhy31CTyrFihmfxEVs5vtwiSyQM3VEEnyBdoB63/wQJ1TSdS8Y/wDBSHUru7T4WePvGP7W3iLx94m/YsuLG40fWP2WrPXbZLfTdG1XSm26WLjxJJYXeoSah4ZRfDt/JG8tnmUTGgD+jugAoAKACgAoAKACgAoA5rxnFpE/g/xXD4glkg0Gbw1rsWtzwkiaHSJNLul1KWIgEiSOzMzoQCQwBAPAoA8/+HF14R8K/Afwtf8Aw8Goa94L8PfDm2vvCStul1PV9E0zRTc6ZFhtrSXl7BDHGoIUtNIAcZoA/DT/AINz1tvj9+zH8U/27/ilLaeNv2lf2kP2jPjhL4+8Z6xBFe654d0TwP4/1zwV4T8B6JNcCWbw/wCGNL0LRrS6s9DsJIrRXvZZmRmkoA/af4e/svfCX4V/HL4u/HvwB4c0/wALeLPjhoPgrSviLaaJp9ppuma9qvgeXXBp/im6gtI4kk1680/WYdN1C6KB7qHTLWaZ5Z3ldgD6JoAKACgAoAKACgAoAKACgD8+f+CbX/JGPi//ANnqftu/+tPfEugD89P+DkK1trr9kj9k1Lq3guUP/BTT9i5Ck8SSoUm8U+I4pUKyKwKSxs0cikbXRirZBxQB7F/wWm/Zv+G3ir/gnr8aPjlo1tp3wx+On7Nvw/Pxr+Dfxp8JrB4V8aeEfF3gVbTWbWzj8Q6VFbX17pOvxwS6Nd6BfTT6XqEt5As9u5AoA+7/APgn38Y/GP7Qv7D37J/xx+Ido1j46+K3wD+GXjrxbavB9maLX/EPhbTtQ1MG358otdTSPs7buMdKAPsCgAoAKACgAoAKACgAoAKACgAoA//T/v4oAKACgAoAKAPiX9tr9qL9j34A/DW5sv2rvip4J8H+H9Z1Twm8XhzWPElhYeINUuLTxh4fvdJu7LShcDUZLXTtWisNUu7gQLAtlZ3MhkZUdKAPpD4UfFz4V/Grwfp3jb4P+PvCfxF8HXsUa2eu+ENcsNd047Y1IgknsJ5xBcIpXfBP5UyfxR8g0Afkna/sL/tu+Df+CmPx9/b+8B+NP2WdQ0z4w/B3wJ8HtO+Hfi5fixbXmjaf4CiiFjrV5qujaXPFPeX8v2hrq2hUwRK8YjdtuKAPZv2FP+Cefif9nD9oX9rj9sX41fEfRPiJ+0b+2HrPhJ/GieCNIu9B+Hfg3wl4At9QtPB/hXwvaaht1XUXs4NSuDqGtaskV5fSGPMSeWWlAP1QoAKACgAoAKACgAoAKAPBv2iv2gPgd+zv8NvEXjP47+P/AAV4I8Jpo2rB4/GPiDTdETXwmn3DS6PYpfTxSXk99GDa7II5dpmXftBJoA4v9kP9p39nH9pv4Q+E/Ev7O/jjwJ4h8NReHtKVvC/hPxHpWs3Xg+J7SMx6JqVnZXEk9o9mjC3zLCkTFCsbvg7QD4Q+Av8AwT8/aG/YE+KHxmm/Yl8a/CjWv2aPjl4/1P4o3n7Pvxlj8UaX/wAKk8eeJbgSeJLn4ZeI/ClveiTwrqDKl7JoOrRRSW9w0ptZZWYlgD9OfhRoXxjs/wC2dd+M/izwxqmvawbWGy8LeArPULfwR4VsbPzcJpt5rUcWu6xqGoPM0+oahqMVuVVbeyggMNqs0oB7HQAUAFABQAUAFABQAUAcr408deDPhx4evvFvj7xToPg3wxpib7/XvEmqWej6XagglRJeXssMXmOFby4lYySYIRWIIX08oyXN8/x9DK8jy3HZtmOJfLQwWX4arisTVf8AdpUYTnZXV5NKKvrKN/eqEJVJKMIuUnsoptv5K35/dqfmB/wSg/aF+BvxO+GHxh8O+APiv4F8Wa+v7Xn7YfiEaJo3iLT7nVn0PxF+0X8RdZ0TVodO85Luew1LSrm3v7a5hhkja2mikYqGWvazrgPjPhzCLH57wxnWV4H63jMB9cxeAr08LHG4DEzwmMws8RyOlCvh8TTnQqU5yUlUhKKV02XOhWprmnTnFKTjdxaXMnZpva6em2j01uix/wAFa/2HPjv+3z8J/gx8MPg343+E3gJPhj+0f8I/2iNS1X4lWvi++fVL/wCEepanqWmeG7KDwxbTrFZ6vLfql9eTET26xfuEYtuX5IyD9oj9iz9p79uHwNpXwL/ad+LHwx8Afs7XWoaHd/FPwJ+z9aeLrnX/AIyaToF/a6hD4J8Q+KPG1tZT+HvCep3FrC+tQ6JFLeXwghhEqRGVWAP1B8KeFtA8D+GfD/g3wrpdronhrwto+n6BoOkWMSw2em6TpVrFZ2FlbRJhY4be2hjjRQMAL2yaAOgoAKACgDmPG3jPwv8ADnwf4o8feN9bsPDfg/wZoOq+J/E+v6nMtvp+j6FollNqGp6jeTPwkFraW8srnliF2qCxVWAK3gDx74U+J/g3w54/8D6zaa/4T8V6Xa6zoerWM0c1veWF5GssMgaJ3VX2tiSJm3xODHIA6sKAOwoA+OPit+1kvhH4qeOfgv8ADzwTdfEfx/8AC74IL8fviBp1vqVtpsGk+Er6+8RWHhbw9bSz8z+LPGk3hLxKdEgYfZLaPTEk1Aol/aswB7n8E/jB4N+Pvwh+Hvxr+Ht2+peC/iX4R0fxl4buGXZPJpms2Ud5bxzR5Pl3EYk8maM42yowxwaAPJv2X/2n4v2kr79oDTh4G1PwLe/AT48eL/gXqtpqeq6fqz6xqfg6Gwa61y0uNN/cR2N897utIXxOkSr5wD7lUA+raACgD//U/uI1r442+i+AvDvj1vhX8btUi8RXEduvhLRvhxf6h470XzFlbzvEXhmO6FxpMCeXtkllmcI7xDB30Ab3iD4pw+H/ABf4R8IN4B+KOsSeLraO5TxHoHgu71Xwj4dEjTr5Hi3XY7iODQrlPI3SQzJIUWWAnPmDaAS6X8TotV+I2s/DkeBfiZp8ujWL3zeNNU8HXdl8O9TCm1H2XRvFjzm11C9b7WNlskCsfs91gnyWNAGH4d+NUHiPw94z8Qp8MPjRoy+DJJ45NG8Q/Dy+0nxD4m8hN5bwbpct1JL4gSX7kDQPF5j/ACj1oA5Xx1+0dB4M+BOq/HD/AIVJ8a9QjsLHWrlfAEXw8vx8Q4G0my1W6Fzq/hcXRutN0iQ6WTJqLyukUF3ay+WfOUUAfx4f8E3P2a/g3+3J8G/Ff/BUP9uP4CePf28/2g/2ofjn448NeDvCOqaN4g8TfC34CeBfDfxhHwz/ALCurfTNStbfwgdO0qDUdejaaFoxYRQW5hJR7lwD6R8J/DPwn/wSN/4Ly/st/s+fsg6T478Cfsyft8+DPF+mfEn4FXyapc/C7w3428NeFdY8Y2XjX4Wy317cjy7Y6TFpGq+UivZ3dzqtncyzrBAUAP6svDvxgh8RDx8V+G/xe0X/AIQCG8lkHiLwFe6S3i/7HFeymLwF5tw//CTzXIs/Ls47fyjPLdWUYI89TQBmR/HO3k+GsnxL/wCFVfG9Io9QbT/+EIk+G9+nxJcrcNb/AGyPwgbs3T2BKect0JwrW7LLtIIFAF/xF8ZIPDun/D/UH+Gvxi1kfECSCKOz8PeAL7Vr/wAH+f8AYPn8f2sV0jeFo4vt4897kzCP7Jf5/wCPVt4BqXXxPhtPiPp3w4/4QT4m3Euo2Ivx41tfBt3P8OrIG3kuPsuo+LRcLa2l8Ankm2aBm+0PHD1YMoBW0H4sw6/4g8eeH1+HvxW0hvAYujJq+veB7zTNA8W/ZXu0P/CC6pJcSR+JjP8AZC9r9nEHnJcWjDb56qoBkad8cLfUfh5r3xDHwr+NtnFoN79ibwbqHw4v7X4hauftFrb/AGrQfCjXTXOp2WbrzvtEc6r9ngupukJVgCTXPjZb6H4S8G+LW+F3xp1VPGT26J4e0P4d32peLPDX2hInDeMNCjukm8PpD5gSdpnl8p0lU52MWANrWPijFo/jzwv4DbwF8T9Sk8UWQvk8W6R4Lu7/AMCaCCl4/wBl8T+JkuFt9GvR9jKtbSwyMHuLNcnz12gC6L8UYdb8c+JvAy+A/ifpcnhmGWd/FeteDLvT/A+ueU6p5XhrxJJO1vrE8m7dFFFFGXRWYHgigDC0H43W+veDfFvjJfhb8a9Ij8I3clo/hnXvhzf6Z4x8RGNbZvtHhPw/JdNPrtq/2nbHPDNGrNBcgAeSdwB/Hp8JfAPgP/grV+3N/wAFE/2rv2zPhX8Yfj/4H/ZJ+M+p/syfsz/scQeGtc1Oy8G3Ph7Rbq/tfGHxC+HenanZTW19f3Qs4dTuZ5QINal1CK4kli8qGIAj/bx/Zv8AA/8AwSI+PH/BNT9uX9jz4c+KP2bPHXxf+NHwp+Cv7TPwR8E22rwfBLx7ovxPu4tM1jS9QsLnUby2svGuklL+4t7DEzPcDTLqGW2SCVJwD+ybRPitDrXj+6+H6+AvidYS2miRa2fGmo+Dru1+HN4ssGnzf2fpvi9p2tb3Ux9vCfY0gVi9peruzbtuAM/w58ZoPEek+N9WT4ZfGTRR4H+0+Zp3iH4fX2k6t4p+zRyyEeCbGS6kfxGZvK2W32d4/NkkjQY3qWAKcvxyt4fhlZ/E7/hVXxvkhvNSk00eBYvhvfyfEu2Mdzd232678HfaxdQaa5tDPHdmco1tcWkwUCYCgDU8RfF+Dw5N4Chb4cfF3Wj4+ls4o5PDvgO91aHwibya0hD+PJIrmMeGIrY3Yku3uPNEENtduciBiwBot8Tol+Jf/Cs/+EF+JjS/2emof8Jwvg66b4bYa3iuPsf/AAl/n/Zf7QUS+S9r5AYXCSxbiUoAoeHfi7B4iu/iBaL8Ofi3op+H8VxLLceIfAl7pVr4w+zi/by/AE8ly48UyzfYCLdLYQmU3diB/wAfSbADKtvjjb3Pw3vfiQPhV8b4IrK+NifBNx8N7+L4jXJFwLf7XZeEjdG6ubHJ84XImVTbgy4wMUAW/EHxng8P6J4C1tvhl8ZNYXx81ssel6B8Pr7VNb8I/aUs3B8eadHdI/hlYftgW4Nw8oie2vAc/Z23AGvf/FCKw+Imi/Do+A/iddy61ZfbV8Z2Hgy7uvh5pg+zz3H2XWfFa3CW2nXoFuYfszwu32iaCPrKKAIdC+K0Ou+KfGvhVfh/8VNKfwUty0mv654JvNN8L+J/s0k8ZHgvWpLhovETT+RvthAkfmxywuMeau0A/wA/T/g5S/bv+Kvxl/apP7Pqaf8AFHwB8HvhH4W8K3kHw68V6Df+E9U8SeJvFGkWWv3nifVvD7zs2opHHfwWWjyzu8KWdp9pgRHmct/uT+zp4F4V4a8F8x8WHkONzXirOM4zPB1MVhct+vZnDLstxv8AZ9LBZJT+OdNzjOvi5UeRubqxm5RopS+zyChSp4OWL5JSqynKN1G8uWL5bQ3vvd/D53smfzlfs1fHv4k/s5+NvDfxl+Euu+JfCvjfwl461TWNJvtF+0RXAe116ed7DVbaGRFudMvUQ22oWVyHgnhkdHUHDJ/R3B+F4b4t8IuKMn4q4PzziDJOJ/EXxVwmJyilkUsbmOBWJ42z3lrYnCuXtMvxOGcuaNaMnOjWha7sz0KSp1cLWhVpTnCricVFxUOaUeatLV9Ytejs+1rS/wBej4QftJzeOvBH7Peq6l8NvifNqXxn+GXhLxtc67oPg281XwR4Wudc0n7XcWPinxKk8UGi3SSwu/kzQOwjubNufPUV/wA6PHGRUuF+MeJ+HaFX29HJc9zPLaVa1nUpYTF1aNOTSvZ8sVddH22PgK0PZ1alO91Ccop+SdvP+t7bHsGjfE6LWfiDrvw9XwL8TNNk0G2a5bxjrHg66sPh/qwVoF8jQ/FTztbanct5+5YI4EJWKY7h5ZD/ACxmYHh3422/iLwr4v8AFS/C741aMng+aWCTw/4h+HV/pPinxH5SRt5vhHRJbp5dehk8zbFJDLEHdJFGNpNAEWpfHK3034b6T8ST8KvjhexavqK6cvgnTvhtqF38R9OLG8H23VvCK3aXVjpw+xnddvM6gXNkdp+0K1AGz4i+LEPh3W/BWiN8PfitrTeNlt2j1Tw74HvNW0Xwv9okSPHjTUYriJPDrQ7t9wJ0l8qNWY5A+YA9YoA+cf2xfAGtfFf9kj9qH4Y+GtKj1zxN8Qv2evjN4M8MaPLHFIuo+JfEnw68RaR4etAs4MQll1m7sVhkbHlTeXKGVkVlAPB/gP8AD/XPFH/BPHwH8LYfhM/gvxQ3wa0Pwfe/DT4nW+v/AA0gXxDptjZ2mqw69J4LubbxHpNne39vcXQ1TRbmO+u1dLpXImbcAfMP7P37BvxX+Gnxk8A+Ota+B/7N3h3SvDesSXt7rXhP9oL9rDxR4i0+J9PvbYTaVoHjbxBdeFdTuC86RtBrVvLaiF5JVXz4ojQB6X44+G3xH+DP7bn7UH7QWh+APFXxH8LftG/sj/D3wV4di8LaedUm0v4q/Bu6+JUUPhTVYzIo06x8W6X4v0C40q9cfZmubfXDLtNuxYA9T/YH+Hnib9lT4B/s2fsfeJ/CPizUdb8A/s+6Jqnij4j2Fgbj4d2/ii3vHstX8IR6y0gdNd+1NNfWOm+QR/ZRjkDjGygDh/8AgnN4W+IHhfxp+3xd+Ovhn4/+Htp4+/bW+KfxF8DXXjXw++i2/i3wVr8OlRaT4g0ORp5vtdldtZzFSQjqu0so3UAfp9QAUAf/1f7+KACgAoAKAI5Yop4pIJ445oZo3imhlRZIpYpFKSRyRuCkkboSrowKspKsCDigD+VTW/8Agmt/wVo/4JxfEj4uv/wR9+I3wb8afsxfGvxvffEh/wBnT473UOkz/Cjxjreo299r7eDPEV5ILUaJfCOW3+zJmaWGXzJo47lC8oB9OfsEf8Ewf2tr79sS4/4KV/8ABUX4teD/AIl/tN6X4Nu/AfwW+FHw2t3T4Y/AXw3qTSrqr6PM7PDe67ewzXMH220ZoxDqGovJI0l2yRAH9CdABQAUAFABQAUAFABQAUAFAH81H7XP/BL/APbs+A/7X3xf/b3/AOCSHxY+H/hXxZ+0ZpgH7SH7PPxak+weAvG/ia3trlI/H+gau+LDRNfM1xcajeXl2FkF/cTzDzoZSkABw/7Pf/BMP/gpD+2L+0R+zz+0d/wV/wDi38MtQ8B/sq31h4u+CX7OXwdvYdc0HV/iPZJatY/ELx54ltP+JZrl1b3NnaalbtCgkN3awRrHFbh2lAP6jgAAAAAAMADgADoAOwAoAWgAoAKACgAoAKACgAoAKAP51v8Agtd/wRAb/goxqnh/44/BbxRofgj4/eF/DyeGtUs/EEUkfh/4iaLZyl9Jhv8AUIQz6brWlJK9pbX0qm2lsEht5gv2aIy/339Dz6ZS8AMNjuDOMMtxuccDZlj3mGGrYGSlj8gxlWKjip0KEuVYjB4lxjVqUYt1I13OpD45nuZTm/1BSo1YudCUuZOPxU5Pe294u12t79r3P55/+CW//Btv8YfjT4xn8c/tNeJ/Cfhn4JeAfjh8VfB/ivw54Z1ca34m8aax8LviTrvhTxFoFpNbItvpmk3utaJeWsupSt5sunN59mpd0r98x/7QjhPg/wAOuKMl8OctzTMeMc74t49zXK8wzHCvB5dlGE4k4mzXM8BjqsKv7zEYqlg8ZRqxw8YuMMQuSq2oyO6WfU6OHqww8ZSq1KtecZSVo01UqSlFvu0nfe1+6uf6Fmh6LpnhvRdJ8PaLaRWGj6Jp1npWmWUCBIbWwsLeO1tYI0XAVYoYkQAD+Htk1/kjjcZicwxmKx+Mqyr4vGYirisTWm7zq1685VKs5N3u5Tk3/lax8s25Nyerbbb7t6v8TVrmEFABQAUAFABQAUAFABQAUAFABQAUAf/W/v4oAKACgAoAKAPJPjl4fXxR8M9a0RvGjfD5bnVPB058WLcG1Nh/ZvjXw7qYtPPEkJX+3DZjQSu8eaNTMR3ByrAHqtuuyCBd/mbYY18zr5mEA355zuxu69+9AE1ABQAUAFABQAUAFABQAUAFAHOeMYNNuvCPim11i9bTdIufDmuQarqKNtew02bTLqO+vUYcq1ratLOrDoUz2oA5j4Oaf4a0r4VfD7TfButy+JPClj4T0W28Pa/NIZZdY0mGziSy1CSQ8u91CFlZj1LZ9aAPSqACgAoAKACgAoAKACgAoAKACgD8+f8Agm1/yRj4v/8AZ6n7bv8A6098S6AP0GoAKACgAoAKACgAoAKACgAoAKACgAoAKAP/1/7+KACgAoAKACgDxT9odPhw/wAJdfX4svqMfgM6x4FOqvpPm/bhqA8f+Fz4ZEXkq0nlt4qGirc7Rj7K0+4qm9qAPZbby/s1v5OfJ8mLys9fL2LsznnO3Gc0ATUAFABQAUAFABQAUAFABQAUAc54xn0218I+KrnWbJ9S0e38Oa5PqunRgs9/psOmXUl9ZIoIJe6tVlgUAgkuACMg0Acx8G7/AMM6p8Kfh7qPgzRJfDfhO98JaLc+HdAnRkm0fSJbKJrLT5UdmZXtYCkTBmYgryem4A7fU9a0bRIo59Z1bTNIhlcxxTanf2thFI4GSkcl1LCruByVVsgckHPy5Va9CglKvWpUYt2UqtSFNN9k5uKbt5/drzYYjFYXCRU8ViaGGjJ2jLEVqdGMn2TqSim/Ja+n2siLx14Hnljgg8ZeFZpppEihhi8Q6TJLLLIwSOOONb4s8juQqIoLMxAAJIFYLMcvk1GOOwcpSaSisTQbbeiSSm223okld9LnLHN8pnKMIZpl0pSajGMcbhnKUpOyjFKpdtvRJat6Lc6quw9EKACgAoAKACgAoAKACgD8+f8Agm1/yRj4v/8AZ6n7bv8A6098S6AP0GoAKACgAoAKACgAoAKACgAoAKACgAoAKAP/0P7+KACgAoAKACgDyH47eILPwt8MNb1vUPBj/EC1tdV8GQP4Vjt/tTX76j438OaZBdiDZJvGiT3kWvM2w+WumGX5dm6gD1i3YPBAwTyw0MbCPp5YKAhMcY2529O3agCagAoAKACgAoAKACgAoAKACgDE8TXN9Z+G/EF3penrq+p2uiatc6dpLruTU76CwuJbTT2Xnct7cLHbMuORJjnNAGB8MdS17Wfh54M1XxR4cj8IeI9Q8OaXd634Xij8qPQNSmtY3u9KSLA8tbOUtCFwMBcYGMUAfCn/AAV0tLZ/+Ce37RepmFBqWi6B4YvdI1BRsvdLu5PiB4RtZLiwukxPaSy2081vI8LqZIZXjfKMa/LvGeEf+IbcTVbL2tDD4SpRqLSpSm8ywUHKnNe9CThKUW46uMmnufhn0kqcH4L8bYjlXt8Lg8BVw1ZaVcPUlnOW05To1FadOTpznCTg1eMmne9pcnpuqfs4eKPD37PPw2ufgp4ms9a+IGueC9KsPFH/AAgd74aj0fWPDnhu98eQ6y3iVBGSz3fhRIFiklxfrdyA7k3rXHTrcL4rDcM5XPIcXCvmOIwNGli/7OnhfYV8NhqmYxrvFd+bBqNnf2im1/Mo+dQxHA+PwXBWR1OFMfSxWc4vKsPRzD+yK2BWFxOCwNXN44p45Rjq6mXKCjKb9sqjT05j9To0EaJGCSERUBPJIUAAk8ZOBzx+VfriVkl2SX3fd+X3H9BpWSXRJLXy0H0xhQAUAFABQAUAFABQB+fP/BNr/kjHxf8A+z1P23f/AFp74l0AfoNQAUAFABQAUAFABQAUAFABQAUAFABQAUAf/9H+/igAoAKACgAoA82+Ll38RLLwFqtz8KbOwv8AxymoeF10u11JUezewm8V6HD4leRZHjQvD4Xk1qe3JbK3MUTKHYKlAHosJkMMRmAEpjjMoHQSFRvA9g2cUASUAFABQAUAFABQAUAFABQAUAcf491m20Twj4guZPEejeFbyXR9Ut9I1nXdSstK0+01eWwuF06aW6v5oIAIbsxSsCx+VCcHkVjXxOHwsPaYmvRw9O9vaV6kKUL9uapKCv5XObFYzCYGk6+NxWHwlFOzq4qvToU79uerOEb+V7nO/BnW59Y+HHhEar4y8O+OfE9joOmWvinXvDWr6drGn3uux2sa39wlxps80AE04eRQNuQeAAMVOHxeFxcXPC4mhiYJ2c6FanWin2bpykk/Ju68/szhMfgcwg6uAxuExtNOzqYTEUcRBPs5UZzSfk3fulvL5z/4KJ/CT4ofH39kn4q/BP4R+G9P8QeLviPYaNpNq+q+IdP8O6dpceneKNB1+W8urm/yJlkh0mW3SKAeYJZEZsoDXxXiZk2bcR8G5vkOTYWnicbmlOhRi6uJpYalRVLF4bESnOVT4rxouKjHW7ufmfjZw3n/ABj4ccQ8K8OYKjjMyzyjhcPTeIxtHBUMPGhmGDxkqtSdZPnThh5QjGC5uaSbsrlbU9d/artPhP4f8KeEf2btFi8eaToOk6RpOv8AiL4qeCLzQ/DGsQ6X/Y0nicWttuvbx9Mgnurq2tbYLLdZNqzrHM5WKuI4vhk+HweD4XoRzGlh6NGjicTm+Anh8JXVL2LxahD95N0oynOEY6y+B6SkZ18Z4h0+HcFl2XcDYWOcYbB4fDYbG43iHKqmEwGKhh/qrzBU6adWo8PCdSpTp01zVP4cpRUmfbOmR3kOm6fFqEonv47K1S+nGMS3awoLmQYwNrzB2XAwAeMcV95SU1Spqo+aooQVSXefL7700s5XtY/VqEakaFGNaXNWjSpqrL+aooL2jW2jldrTbsXq0NQoAKACgAoAKACgAoA/Pn/gm1/yRj4v/wDZ6n7bv/rT3xLoA/QagAoAKACgAoAKAKeo6jYaRp99q2q3trp2maZZ3OoajqF7PHbWdjY2cL3F3eXdzMyRQW1tBHJNPNK6RxRIzuyqCaAIdG1jS/EOladrmiX9tqmj6taQX+majZyCa0vrK5jEtvdW0qkrJDNGyvG6khlYEEg5oA0qAPmn4r/tS/D/AOFXizV/Ac1j4i8XeM/DHwx1D4z+LfDvhLTjqd/4a+GWm3V/ZSeItRVXUCfUbnSdYi8P6Qv+na6+jaqtkD9jcsAe0eAfHXhX4neCvC3xD8D6xa+IPB/jTQtN8SeG9asnElrqej6tax3ljdwsM5SWCVWxnIPByQaAOuoAKACgD//S/s5/4bv/AGYf+h+vf/CN8af/ADPUAH/Dd/7MP/Q/Xv8A4RvjT/5nqAD/AIbv/Zh/6H69/wDCN8af/M9QAf8ADd/7MP8A0P17/wCEb40/+Z6gA/4bv/Zh/wCh+vf/AAjfGn/zPUAeW/Gj9tD9nzxP8OtY0Xw78cJvAGr3OpeE57fxVc+FPGdvDYQ6d4w0DUr+0aU6Cm063p9ndaFGNw3yaksfO7awB6bB+3b+zGkEKt8Qb2RlijVpB4O8aHzGCAF8/wDCPnO4jd1796AJf+G7/wBmH/ofr3/wjfGn/wAz1AB/w3f+zD/0P17/AOEb40/+Z6gA/wCG7/2Yf+h+vf8AwjfGn/zPUAH/AA3f+zD/AND9e/8AhG+NP/meoAP+G7/2Yf8Aofr3/wAI3xp/8z1AB/w3f+zD/wBD9e/+Eb40/wDmeoAP+G7/ANmH/ofr3/wjfGn/AMz1AB/w3f8Asw/9D9e/+Eb40/8AmeoAP+G7/wBmH/ofr3/wjfGn/wAz1AB/w3f+zD/0P17/AOEb40/+Z6gD+JP/AIKxf8FG7r9pn9o34p+Fz8Q9e0/4R+A9Z13wV4M8OW1tr2naYunaW8thP4gv9PMEAn1HUpYn1Bmv4jLaq6wKsYRi/wDDHirmHGHEnGONpRp1JZRlOPlhcuwCxdGnQqww1VRdWrR9t79TEzg5P2kOaKkopLY/y18ec48Q+NPEbM8PCnWlw/kObSwGT5THHYelhq1PB4hQdavh/rCc62NqU+eXtYuUFNQS0seRf8E1/wDgoRqH7JHxu+E03hn4j67qHw91jXfDXhPxv4emh1q70jXvDer39rp13fjTvIkgGpWS3H9o2lxbItw8sAhLOsmK87gXH8Z8McY4XGUqE8PgsdmVOjmeWfW6MsO8Piq8YVEqLq2VSjz89OUYRm3DlejPI8LM48SOCPEbBZhQw1TCZZmmdUsLneRrH4Z4P6pjsVGlWjDDOvaNbC+09rSlGmp81NQatJqX940X7eX7MMsUcg8e3wEiI4B8HeM8gOobBx4fIyM4OCR6E9a/vdO6T6NJ6+ep/rBF80VLuk/vVx//AA3f+zD/AND9e/8AhG+NP/mepjD/AIbv/Zh/6H69/wDCN8af/M9QAf8ADd/7MP8A0P17/wCEb40/+Z6gA/4bv/Zh/wCh+vf/AAjfGn/zPUAH/Dd/7MP/AEP17/4RvjT/AOZ6gA/4bv8A2Yf+h+vf/CN8af8AzPUAH/Dd/wCzD/0P17/4RvjT/wCZ6gA/4bv/AGYf+h+vf/CN8af/ADPUAH/Dd/7MP/Q/Xv8A4RvjT/5nqAD/AIbv/Zh/6H69/wDCN8af/M9QB+XP7D3/AAU9/Yz+Fnw7+L/hPxp8SdZ07Wx+19+2Frf2e3+HXxD1OI6b4i/aJ+IOtaTOLrTvDF1bFrjTr23meHzjNAzmGdEmV0QA+zf+Hwf7A/8A0VjxB/4ar4o//MhQAf8AD4P9gf8A6Kx4g/8ADVfFH/5kKAD/AIfB/sD/APRWPEH/AIar4o//ADIUAH/D4P8AYH/6Kx4g/wDDVfFH/wCZCgA/4fB/sD/9FY8Qf+Gq+KP/AMyFAH3D8FPjX8Ov2hPh5pHxT+FWs3OveCtcudVtNN1O70fV9Cnmn0XUrrSdRRtN1yy0/UYRDfWlxErTWsayqgkhLxMjsAeW/t0+FL7xz+xR+134Q0rTLvWtY8Rfsz/HLS9D0nT/ALR9v1HXrn4Z+JV0OzsltHjuJLufVvsaW8UbZmmKxFXV2RgDwb9mKG11j/gmr8MtO+Ddt48l1EfBLQNO0+x8GeIZPA/j9PFVvYWcWt2eieI/H1reReH9Zg1VL2L7TqtpLZWxSWKGIRGOgD59/Z++Hn7WmlfGTwDqHjfw5+3raeFLXWJJNauPiX+178D/AB14EitTp96it4k8JeHfBthret2PntCFtNPvLeZbk285fyoXVgDd8aW958Cv+Cgn7Ynxd8f6fq174E+OH7Enwssfhxe2ul32qwah4g+Dt/8AFuDxl8O7VbO2uNmsXI8U+H9WsrCTYdQPiMmEuYpxEAfUH/BM/wCD/jX4CfsG/st/CX4jRz2vjfwb8I/C+n+JNOuJPNk0fU3s1uZ9FEgJDJpRnFjGRgbIQMcUAfc9ABQAUAf/0/7+KACgAoAKACgDxX9obTvAOq/CbX7H4n6rdaJ4Ll1jwLJqWpWTMlzDfW3j/wAL3Xh2JGRWYLeeJYdIspcDmG4kBKglqAPY7YRi2txES0QgiETHq0YjUIT7lcGgCegAoAKACgAoAKACgAoAKACgD+Vz/grB/wAEefiP46+I/wAQ/wBpL9nq103xBo3jGDVfFPxG8CXF9Hp+rWGq/YpbrxDq+jPOEhvrXVCk941mjLPbXEsqLmII9fyh4peCedZjxDX4m4SVGu8fiI4rGYGpUjSqUcY5KVTEUZS92pTq1F7SULXg218KvL+BvHX6M3EuccX4rjfw/jh8U81xcMfmOV1a0aNfD5i5qdbF4dzShWo1qq9rKndShKUkkopM8b/4JY/8Ea/iZqXjH4R/H344WGn+EvhV4WOgeOPB3hJr2O/8QeKLqxEGpeGzeww7k03TrS7jtr24W4bzbowRwopjeQL5/AHgdxFLiahn/GCoYbDYHGrHRwsKkatbHYulU9pSlJR92nQjVSqSv70+VRSScnLyPCX6L/GM+NcLxZ4ixwuCweWZks0jgadaNfE5nj6FX22HlJUnyUMNDERjWkpe9U5IxtyuaP7BgAoCgAAAAAdABwAOnAHt+Vf1+f6IJW0WiWiS6C0AFABQAUAFABQAUAFABQAUAfnz/wAE2v8AkjHxf/7PU/bd/wDWnviXQB+g1ABQAUAFABQAUAFACKoUBVAVQMBVAAA9ABgAfh+VAC0AMeOOTZ5iI/luJE3qG2OAQHTIO1wGYBhggEjPNAD6ACgAoAKAP//U/v4oAKACgAoAKAPG/j7rnhjw58LNd1fxj4PufHnh631bwTDd+F7SPzbi+ub/AMd+GtP0q7RMjK6Lq91Ya5Kc/LFprsM7RQB69bsrW8DIhjRoYmSM9Y1KKVQ+6jC/hQBNQAUAFABQAUAFABQAUAFABQBheKLuXT/DPiK/g01dZnstC1e7h0d0Ei6rLbafcTR6a0ZVg63zoLUoVYMJcFTnDAHP/C3V7vX/AIceCdbv/DMfgy91Xw1pN9deE4YVt4vDs9xaRSSaRHAscSxLYsxgEYiQKFxsXGFAO9oAKACgAoAKACgAoAKACgAoAKAPz5/4Jtf8kY+L/wD2ep+27/6098S6AP0GoAKACgAoAKACgAoAKACgAoAKACgAoAKAP//V/v4oAKACgAoAKAPMvjBqnjbRvh/q2o/Dvw9b+KfFsOo+Fo9P0O6jEsN1Z3fi3QrPXZ2Q4BbTfD9xqmpxn+GWzRhkqBQB6RAXaGFpF2SGKMyIOiOUBdR/utkfhQBLQAUAFABQAUAFABQAUAFABQBjeI11hvD2ur4eMK6+2jaouhtcFRAusGynGmGcthRCL3yDIWO0JnOBmgDE+HEfjOLwF4Qj+Ij2cnjtPD+mL4tfT2jeybXxbR/2kbVosxNAbnf5ZjOwryMjFAHaUAFABQAUAFABQAUAFABQAUAFAH58/wDBNr/kjHxf/wCz1P23f/WnviXQB+g1ABQAUAFABQAUAFABQAUAFABQAUAFABQB/9b+/igAoAKACgAoA8x+MWk+Mtb+Hur6b8P/ABTB4L8VTaj4VlsPEdzIkUNnaWfi7Qr3W7ZndJFDavoNvqejRgr80moIoKEh6APSYA6wwrI/mSCKMO4/jcIAz/8AAmyfxoAloAKACgAoAKACgAoAKACgAoAwPFdp9v8AC/iSx/tI6N9t0DWLT+1w/lnSvtOnXMP9pCTK+WbHf9q37l2+VuyMZoA534UaQPD/AMNPAuiDxKfGQ0rwxpFj/wAJW0xuT4h+z2kUf9rGcvIZje487zC7bt2dxyTQB6DQAUAFABQAUAFABQAUAFABQAUAfnz/AME2v+SMfF//ALPU/bd/9ae+JdAH6DUAFABQAUAFABQAUAFABQAUAFABQAUAFAH/1/7+KACgAoAKACgDzv4q/Dy0+KvgbU/A99quo6Jbanf+Gr99S0ptl9C3hvxRo3ieGKJtyYjvJ9Gjsrn5hm1uJhznawB6BDGIYoogSwijSMM3VgihQT7nGT70ASUAFABQAUAFABQAUAFABQAUAc14zGjt4P8AFa+IjMvh8+GtdGutb7vPXRzpd0NTMG0FvOFl55j2gtvxgE4FAHL/AAXTwZH8Jvh0nw6e8k8CL4R0QeEpNQLm+fQBZRf2a12ZFWT7QbbYZN6q27O4Z+6Aem0AFABQAUAFABQAUAFABQAUAFAHxH+wVoNv4d+FfxVsbaaSaOf9rj9r/VGeUAMJdV/aI+IN/KgC8bI5LhkTvtAzzQB9uUAFABQAUAFABQAUAFABQAUAFABQAUAFAH//0P7+KACgAoAKACgAoAKACgAoAKACgAoAKACgAoAKACgDn/Ft3FYeFfE19Ppx1iGy8P6zdzaQqeYdVittNuZpNOCYO83yIbYJg7jLjBzigDm/hHq9rr/ww8B63Y+Gm8HWeq+FtHvrbwq8P2d/D8NxZxyR6S0G1fKNkrCEx7V27cY/ugHolABQAUAFABQAUAFABQAUAFABQB8nfsdabqOlfD74kwanY3enzT/tNftPahBFeW8ttJNY6h8cPG15YXkaSqjPbXtpNFc2s6r5c8EiSxFkZXYA+saACgAoAKACgAoAKACgAoAKACgAoAKACgD/0f7+KACgAoAKACgAoAKACgAoAKACgAoAKACgAoA5LWPH3gTw9qL6Rr/jXwloerRaXPrkml6x4j0fTNRj0S1cR3OsPZXt5BcppdvI6pPqDR/ZIXYLJKpYUAdNbXNte28F3Z3EF3aXMST211bSxz29xDIoeOaCaJnjlikUhkkjdkZSCpINAE9AHxx8Vv2sl8I/FTxz8F/h54JuviP4/wDhd8EF+P3xA0631K202DSfCV9feIrDwt4etpZ+Z/FnjSbwl4lOiQMPsltHpiSagUS/tWYA2x+0re/EH9mTwX+0P+zZ8PNR+ONx8T/D/hTxB8OvBttrOm+Fjqtp4nEFy02teINXcab4ftNJ043c99d3mUFzbxWSJ511HQB86eCf2/PG+naD+1trn7SfwHtvgVB+ydoHhrUvEM8HxQ8LePNJ1zW/FHhqDxPpnhhNZ0JRZ6XqkljrHhVWF58kTeI7QysqpJtAPcv2OP2ifiX+0x4J1H4h+Mvhh4L+Hvha7mtB4IvfBvxk8H/GO28UWUkPnXV9PqfguSXT9He2d47V9Mu3W/juI5zNGqeWKAPsWgAoAKACgAoAKAPKPjj8YvDXwA+FHjj4yeMtK8Xax4T+Hmg33ibxJa+BvDd74t8SRaJpkL3Op31loGnFb2/j0+zjmvLpbfdIltDLIFbbtYA5z4CftG/Dv9pPQNR8W/C1PEt/4RsryKysvFWqaBc6V4f8SSNbRzXEvhfUZneLW7bT5nfT9QuLbEVvqNvcWuXaIvQB4nr3/BSr9iDwxrWq+Hdd+PmhafrOiX91pmqWMnhrx7K9pf2UzwXNu8lv4UlgdopUZC8UrxsVyrsMFgD7Mivk8Q6BHqPhzUo0j1nTEutG1b7K08aJe2/mWV+LO48hplRZEnFtP5W/Ajl2gtQB8Q/8E0Pjp8S/2jf2RfBPxW+Luq6brXjzWfFHxK0zVtR0jSYtD0+eLw38QPEOg6d9m0uGWeO0RLDT7dPLWaTlSS3NAH3xQAUAFABQAUAFABQAUAFABQAUAFAH/9L+/igAoAKACgAoAKACgAoAKACgAoAKACgAoAKAPxL/AOCp37Pvjv4yeMPh98S/gx8CNU8bfEz9mPS4PiLrN8+iRiw+P3w31TxNop8Vfst6beHEfiC88SWfh4+J5LO+YWulavo3hq1YPZeINTRgD7q+NngPW/2if2XdI8P+FfhVollqPiCy8K6tB8MPi9q/j34V2vh2KCFZZdI1i4+GF9Y+J9H1DRw/2aOwsrn7GzxskyNGFFAHzN+x/wDsZ/En4IfGGDxx4n+EHwE8GaXH4d1jS21r4e/G79pXx34iWe+ksXitk0H4oa3f+Fms5hbubi7e3N9A0cS2rqss1AGh4z+F/wATPg/+25+1L+0H4e+H3iv4leFv2h/2Q/h/4Q0GLwrYf2nNpHxQ+DN58R7eLwvq0bSxjT7HxZpvjLw7PpV6wNu1zDrhlwbZt4B6b+wV8O/FH7KP7P37N37Inifwd4v1PWPh9+z7o2qeKPiNpunfavh9D4qtbp7XV/BsOrGUSLr5uWlvrDTPI2tpjROJBwigGN8DNA1b4cfsyeOfiX8dPgl4y8d+N/j/APEzxH8Vvid8INM8E23j7xdbRfEHxaqeGvB+qeE5zJbapb/DXwgvh/Q7mOZpUtNN8OrIAfIRaAKf7Cv7Ltj+z/8AFf8Aa28XfDrwLf8Awc+Anxk8c+CfFHw4+D11ZyaJa6Hr9j4B0PTfiN4p07wiZZYfCFt4q8Vw3sr6RbCG3uZ7WXWIYEj1FQoB+ldABQAUAFABQAUAeXfGXw/4/wDFfw58Q+GPhpqvhzQvE3iGGDRW1jxRb3l3YaboOp3MVn4lu7S1s4bg3GtxaDLqB0KK7ifTm1b7IdQBsxKKAPlX9hX9k/4hfsaaX8TPg3D4x8L+I/2bYfG2o+Jf2d/D8Uetf8Jx8N/DviRv7U13wNr95dxLpWo6LpviG41G48MTWcr3FrpV1Dp9wCLRHYAn8QfsQ+Itd1zVtZj/AGz/ANsHRI9U1C6v00fRviB4Wt9J0xbqZ5VsdOgl8FTSQ2VsG8q3jkmldIlUNIxG5gD7ZgsdR0vw9Fp2n3rapqlhpS2lnf8AiCZ5Gvr23tvLgutYns4kkczzKsl5JbQq53SNFGCVWgD46/4J6fs2fEb9kv8AZo8PfBH4neIvBXirxBoHifx3rKa34Eh1230e5svF3i7V/E9vE0HiCKG9jurQaobWbaGicxB0Y7sKAfcFABQAUAFABQAUAFABQAUAFABQAUAf/9P+/igAoAKACgAoAKACgAoAKACgAoAKACgAoAKACgAoAKACgAoAKACgAoAKACgAoAKACgAoAKACgAoAKACgAoAKACgAoAKACgAoAKACgAoAKAP/1P7+KACgAoAKACgAoAKACgAoAKACgAoAKACgAoAKACgAoAKACgAoAKACgAoAKACgAoAKACgAoAKACgAoAKACgAoAKACgAoAKACgAoAKACgAoA//Z</file>
<file name="vlna7_moodle.jpg" path="/" encoding="base64">/9j/4AAQSkZJRgABAQAASABIAAD/4QBMRXhpZgAATU0AKgAAAAgAAgESAAMAAAABAAEAAIdpAAQAAAABAAAAJgAAAAAAAqACAAQAAAABAAACZKADAAQAAAABAAABMgAAAAD/4QkhaHR0cDovL25zLmFkb2JlLmNvbS94YXAvMS4wLwA8P3hwYWNrZXQgYmVnaW49Iu+7vyIgaWQ9Ilc1TTBNcENlaGlIenJlU3pOVGN6a2M5ZCI/PiA8eDp4bXBtZXRhIHhtbG5zOng9ImFkb2JlOm5zOm1ldGEvIiB4OnhtcHRrPSJYTVAgQ29yZSA1LjQuMCI+IDxyZGY6UkRGIHhtbG5zOnJkZj0iaHR0cDovL3d3dy53My5vcmcvMTk5OS8wMi8yMi1yZGYtc3ludGF4LW5zIyI+IDxyZGY6RGVzY3JpcHRpb24gcmRmOmFib3V0PSIiLz4gPC9yZGY6UkRGPiA8L3g6eG1wbWV0YT4gICAgICAgICAgICAgICAgICAgICAgICAgICAgICAgICAgICAgICAgICAgICAgICAgICAgICAgICAgICAgICAgICAgICAgICAgICAgICAgICAgICAgICAgICAgICAgICAgICAgICAgICAgICAgICAgICAgICAgICAgICAgICAgICAgICAgICAgICAgICAgICAgICAgICAgICAgICAgICAgICAgICAgICAgICAgICAgICAgICAgICAgICAgICAgICAgICAgICAgICAgICAgICAgICAgICAgICAgICAgICAgICAgICAgICAgICAgICAgICAgICAgICAgICAgICAgICAgICAgICAgICAgICAgICAgICAgICAgICAgICAgICAgICAgICAgICAgICAgICAgICAgICAgICAgICAgICAgICAgICAgICAgICAgICAgICAgICAgICAgICAgICAgICAgICAgICAgICAgICAgICAgICAgICAgICAgICAgICAgICAgICAgICAgICAgICAgICAgICAgICAgICAgICAgICAgICAgICAgICAgICAgICAgICAgICAgICAgICAgICAgICAgICAgICAgICAgICAgICAgICAgICAgICAgICAgICAgICAgICAgICAgICAgICAgICAgICAgICAgICAgICAgICAgICAgICAgICAgICAgICAgICAgICAgICAgICAgICAgICAgICAgICAgICAgICAgICAgICAgICAgICAgICAgICAgICAgICAgICAgICAgICAgICAgICAgICAgICAgICAgICAgICAgICAgICAgICAgICAgICAgICAgICAgICAgICAgICAgICAgICAgICAgICAgICAgICAgICAgICAgICAgICAgICAgICAgICAgICAgICAgICAgICAgICAgICAgICAgICAgICAgICAgICAgICAgICAgICAgICAgICAgICAgICAgICAgICAgICAgICAgICAgICAgICAgICAgICAgICAgICAgICAgICAgICAgICAgICAgICAgICAgICAgICAgICAgICAgICAgICAgICAgICAgICAgICAgICAgICAgICAgICAgICAgICAgICAgICAgICAgICAgICAgICAgICAgICAgICAgICAgICAgICAgICAgICAgICAgICAgICAgICAgICAgICAgICAgICAgICAgICAgICAgICAgICAgICAgICAgICAgICAgICAgICAgICAgICAgICAgICAgICAgICAgICAgICAgICAgICAgICAgICAgICAgICAgICAgICAgICAgICAgICAgICAgICAgICAgICAgICAgICAgICAgICAgICAgICAgICAgICAgICAgICAgICAgICAgICAgICAgICAgICAgICAgICAgICAgICAgICAgICAgICAgICAgICAgICAgICAgICAgICAgICAgICAgICAgICAgICAgICAgICAgICAgICAgICAgICAgICAgICAgICAgICAgICAgICAgICAgICAgICAgICAgICAgICAgICAgICAgICAgICAgICAgICAgICAgICAgICAgICAgICAgICAgICAgICAgICAgICAgICAgICAgICAgICAgICAgICAgICAgICAgICAgICAgICAgICAgICAgICAgICAgICAgICAgICAgICAgICAgICAgICAgICAgICAgICAgICAgICAgICAgICAgICAgICAgICAgICAgICAgICAgICAgICAgICAgICAgICAgICAgICAgICAgICAgICAgICAgICAgICAgICAgICAgICAgICAgICAgICAgICAgICAgICAgICAgICAgICAgICAgICAgICAgICAgICAgICAgICAgICAgICAgICAgICAgICAgICAgICAgICAgICAgICAgICAgICAgICAgICAgICAgICAgICAgICAgICAgICAgICAgICAgICAgICAgICAgICAgICAgICAgICAgICAgICAgICAgICAgICAgICAgICAgICAgICAgICAgICAgICAgICAgICAgICAgICAgICAgICAgICAgICAgICAgICAgICAgICAgICAgICAgICAgICAgICAgICAgICAgICAgICAgICAgICAgICAgICAgICAgICAgICAgICAgICAgICAgICAgICAgICAgICAgICAgICAgICAgICAgICAgICAgICAgICAgICAgICAgICAgICAgICAgICAgICAgICAgICAgICAgICAgICAgICAgICAgICAgICAgICAgICAgICAgICAgICAgICAgICAgICAgICAgICAgICAgICAgICAgICAgICAgICAgICAgICAgICAgICAgICAgICAgICAgICAgICAgICAgICAgICAgICAgICAgICAgICAgICAgICAgICAgICAgICAgICAgICAgICAgICAgICAgICAgICAgICAgICAgICAgICAgICAgICAgICAgICAgICAgICAgICAgICAgICAgICAgICAgICAgICAgICAgICAgICAgICAgICAgICAgICAgICAgICAgICAgICAgICAgICAgICAgICAgICAgICAgICAgICAgICAgICAgICAgICAgICAgICAgICAgICAgICAgICAgICAgICAgICAgICAgICAgICAgICAgICAgICAgICAgICAgICAgICAgICAgICAgICAgICAgICAgICAgICAgICAgICAgICAgICAgICA8P3hwYWNrZXQgZW5kPSJ3Ij8+AP/tADhQaG90b3Nob3AgMy4wADhCSU0EBAAAAAAAADhCSU0EJQAAAAAAENQdjNmPALIE6YAJmOz4Qn7/4htESUNDX1BST0ZJTEUAAQEAABs0YXBwbAIQAABtbnRyUkdCIFhZWiAH5AABAAEACAAyADRhY3NwQVBQTAAAAABBUFBMAAAAAAAAAAAAAAAAAAAAAAAA9tYAAQAAAADTLWFwcGwAAAAAAAAAAAAAAAAAAAAAAAAAAAAAAAAAAAAAAAAAAAAAAAAAAAAAAAAAAAAAABFkZXNjAAABUAAAAGJkc2NtAAABtAAABDZjcHJ0AAAF7AAAACN3dHB0AAAGEAAAABRyWFlaAAAGJAAAABRnWFlaAAAGOAAAABRiWFlaAAAGTAAAABRyVFJDAAAGYAAACAxhYXJnAAAObAAAACB2Y2d0AAAOjAAABhJuZGluAAAUoAAABj5jaGFkAAAa4AAAACxtbW9kAAAbDAAAAChiVFJDAAAGYAAACAxnVFJDAAAGYAAACAxhYWJnAAAObAAAACBhYWdnAAAObAAAACBkZXNjAAAAAAAAAAhEaXNwbGF5AAAAAAAAAAAAAAAAAAAAAAAAAAAAAAAAAAAAAAAAAAAAAAAAAAAAAAAAAAAAAAAAAAAAAAAAAAAAAAAAAAAAAAAAAAAAAAAAAAAAAAAAAAAAbWx1YwAAAAAAAAAjAAAADGhySFIAAAAUAAABtGtvS1IAAAAMAAAByG5iTk8AAAASAAAB1GlkAAAAAAASAAAB5mh1SFUAAAAUAAAB+GNzQ1oAAAAWAAACDGRhREsAAAAcAAACIm5sTkwAAAAWAAACPmZpRkkAAAAQAAACVGl0SVQAAAAUAAACZHJvUk8AAAASAAACeGVzRVMAAAASAAACeGFyAAAAAAAUAAACinVrVUEAAAAcAAACnmhlSUwAAAAWAAACunpoVFcAAAAMAAAC0HZpVk4AAAAOAAAC3HNrU0sAAAAWAAAC6npoQ04AAAAMAAAC0HJ1UlUAAAAkAAADAGZyRlIAAAAWAAADJG1zAAAAAAASAAADOmhpSU4AAAASAAADTHRoVEgAAAAMAAADXmNhRVMAAAAYAAADamVzWEwAAAASAAACeGRlREUAAAAQAAADgmVuVVMAAAASAAADknB0QlIAAAAYAAADpHBsUEwAAAASAAADvGVsR1IAAAAiAAADznN2U0UAAAAQAAAD8HRyVFIAAAAUAAAEAHB0UFQAAAAWAAAEFGphSlAAAAAMAAAEKgBMAEMARAAgAHUAIABiAG8AagBpzuy37AAgAEwAQwBEAEYAYQByAGcAZQAtAEwAQwBEAEwAQwBEACAAVwBhAHIAbgBhAFMAegDtAG4AZQBzACAATABDAEQAQgBhAHIAZQB2AG4A/QAgAEwAQwBEAEwAQwBEAC0AZgBhAHIAdgBlAHMAawDmAHIAbQBLAGwAZQB1AHIAZQBuAC0ATABDAEQAVgDkAHIAaQAtAEwAQwBEAEwAQwBEACAAYwBvAGwAbwByAGkATABDAEQAIABjAG8AbABvAHIgDwBMAEMARAAgBkUGRAZIBkYGKQQaBD4EOwRMBD4EQAQ+BDIEOAQ5ACAATABDAEQgDwBMAEMARAAgBeYF0QXiBdUF4AXZX2mCcgAgAEwAQwBEAEwAQwBEACAATQDgAHUARgBhAHIAZQBiAG4A/QAgAEwAQwBEBCYEMgQ1BEIEPQQ+BDkAIAQWBBoALQQ0BDgEQQQ/BDsENQQ5AEwAQwBEACAAYwBvAHUAbABlAHUAcgBXAGEAcgBuAGEAIABMAEMARAkwCQIJFwlACSgAIABMAEMARABMAEMARAAgDioONQBMAEMARAAgAGUAbgAgAGMAbwBsAG8AcgBGAGEAcgBiAC0ATABDAEQAQwBvAGwAbwByACAATABDAEQATABDAEQAIABDAG8AbABvAHIAaQBkAG8ASwBvAGwAbwByACAATABDAEQDiAOzA8cDwQPJA7wDtwAgA78DuAPMA70DtwAgAEwAQwBEAEYA5AByAGcALQBMAEMARABSAGUAbgBrAGwAaQAgAEwAQwBEAEwAQwBEACAAYQAgAEMAbwByAGUAczCrMOkw/ABMAEMARAAAdGV4dAAAAABDb3B5cmlnaHQgQXBwbGUgSW5jLiwgMjAyMAAAWFlaIAAAAAAAAPNSAAEAAAABFs9YWVogAAAAAAAAYWwAADgyAAAKQlhZWiAAAAAAAABvHAAArpUAABaZWFlaIAAAAAAAACZOAAAZOQAAslJjdXJ2AAAAAAAABAAAAAAFAAoADwAUABkAHgAjACgALQAyADYAOwBAAEUASgBPAFQAWQBeAGMAaABtAHIAdwB8AIEAhgCLAJAAlQCaAJ8AowCoAK0AsgC3ALwAwQDGAMsA0ADVANsA4ADlAOsA8AD2APsBAQEHAQ0BEwEZAR8BJQErATIBOAE+AUUBTAFSAVkBYAFnAW4BdQF8AYMBiwGSAZoBoQGpAbEBuQHBAckB0QHZAeEB6QHyAfoCAwIMAhQCHQImAi8COAJBAksCVAJdAmcCcQJ6AoQCjgKYAqICrAK2AsECywLVAuAC6wL1AwADCwMWAyEDLQM4A0MDTwNaA2YDcgN+A4oDlgOiA64DugPHA9MD4APsA/kEBgQTBCAELQQ7BEgEVQRjBHEEfgSMBJoEqAS2BMQE0wThBPAE/gUNBRwFKwU6BUkFWAVnBXcFhgWWBaYFtQXFBdUF5QX2BgYGFgYnBjcGSAZZBmoGewaMBp0GrwbABtEG4wb1BwcHGQcrBz0HTwdhB3QHhgeZB6wHvwfSB+UH+AgLCB8IMghGCFoIbgiCCJYIqgi+CNII5wj7CRAJJQk6CU8JZAl5CY8JpAm6Cc8J5Qn7ChEKJwo9ClQKagqBCpgKrgrFCtwK8wsLCyILOQtRC2kLgAuYC7ALyAvhC/kMEgwqDEMMXAx1DI4MpwzADNkM8w0NDSYNQA1aDXQNjg2pDcMN3g34DhMOLg5JDmQOfw6bDrYO0g7uDwkPJQ9BD14Peg+WD7MPzw/sEAkQJhBDEGEQfhCbELkQ1xD1ERMRMRFPEW0RjBGqEckR6BIHEiYSRRJkEoQSoxLDEuMTAxMjE0MTYxODE6QTxRPlFAYUJxRJFGoUixStFM4U8BUSFTQVVhV4FZsVvRXgFgMWJhZJFmwWjxayFtYW+hcdF0EXZReJF64X0hf3GBsYQBhlGIoYrxjVGPoZIBlFGWsZkRm3Gd0aBBoqGlEadxqeGsUa7BsUGzsbYxuKG7Ib2hwCHCocUhx7HKMczBz1HR4dRx1wHZkdwx3sHhYeQB5qHpQevh7pHxMfPh9pH5Qfvx/qIBUgQSBsIJggxCDwIRwhSCF1IaEhziH7IiciVSKCIq8i3SMKIzgjZiOUI8Ij8CQfJE0kfCSrJNolCSU4JWgllyXHJfcmJyZXJocmtyboJxgnSSd6J6sn3CgNKD8ocSiiKNQpBik4KWspnSnQKgIqNSpoKpsqzysCKzYraSudK9EsBSw5LG4soizXLQwtQS12Last4S4WLkwugi63Lu4vJC9aL5Evxy/+MDUwbDCkMNsxEjFKMYIxujHyMioyYzKbMtQzDTNGM38zuDPxNCs0ZTSeNNg1EzVNNYc1wjX9Njc2cjauNuk3JDdgN5w31zgUOFA4jDjIOQU5Qjl/Obw5+To2OnQ6sjrvOy07azuqO+g8JzxlPKQ84z0iPWE9oT3gPiA+YD6gPuA/IT9hP6I/4kAjQGRApkDnQSlBakGsQe5CMEJyQrVC90M6Q31DwEQDREdEikTORRJFVUWaRd5GIkZnRqtG8Ec1R3tHwEgFSEtIkUjXSR1JY0mpSfBKN0p9SsRLDEtTS5pL4kwqTHJMuk0CTUpNk03cTiVObk63TwBPSU+TT91QJ1BxULtRBlFQUZtR5lIxUnxSx1MTU19TqlP2VEJUj1TbVShVdVXCVg9WXFapVvdXRFeSV+BYL1h9WMtZGllpWbhaB1pWWqZa9VtFW5Vb5Vw1XIZc1l0nXXhdyV4aXmxevV8PX2Ffs2AFYFdgqmD8YU9homH1YklinGLwY0Njl2PrZEBklGTpZT1lkmXnZj1mkmboZz1nk2fpaD9olmjsaUNpmmnxakhqn2r3a09rp2v/bFdsr20IbWBtuW4SbmtuxG8eb3hv0XArcIZw4HE6cZVx8HJLcqZzAXNdc7h0FHRwdMx1KHWFdeF2Pnabdvh3VnezeBF4bnjMeSp5iXnnekZ6pXsEe2N7wnwhfIF84X1BfaF+AX5ifsJ/I3+Ef+WAR4CogQqBa4HNgjCCkoL0g1eDuoQdhICE44VHhauGDoZyhteHO4efiASIaYjOiTOJmYn+imSKyoswi5aL/IxjjMqNMY2Yjf+OZo7OjzaPnpAGkG6Q1pE/kaiSEZJ6kuOTTZO2lCCUipT0lV+VyZY0lp+XCpd1l+CYTJi4mSSZkJn8mmia1ZtCm6+cHJyJnPedZJ3SnkCerp8dn4uf+qBpoNihR6G2oiailqMGo3aj5qRWpMelOKWpphqmi6b9p26n4KhSqMSpN6mpqhyqj6sCq3Wr6axcrNCtRK24ri2uoa8Wr4uwALB1sOqxYLHWskuywrM4s660JbSctRO1irYBtnm28Ldot+C4WbjRuUq5wro7urW7LrunvCG8m70VvY++Cr6Evv+/er/1wHDA7MFnwePCX8Lbw1jD1MRRxM7FS8XIxkbGw8dBx7/IPci8yTrJuco4yrfLNsu2zDXMtc01zbXONs62zzfPuNA50LrRPNG+0j/SwdNE08bUSdTL1U7V0dZV1tjXXNfg2GTY6Nls2fHadtr724DcBdyK3RDdlt4c3qLfKd+v4DbgveFE4cziU+Lb42Pj6+Rz5PzlhOYN5pbnH+ep6DLovOlG6dDqW+rl63Dr++yG7RHtnO4o7rTvQO/M8Fjw5fFy8f/yjPMZ86f0NPTC9VD13vZt9vv3ivgZ+Kj5OPnH+lf65/t3/Af8mP0p/br+S/7c/23//3BhcmEAAAAAAAMAAAACZmYAAPKnAAANWQAAE9AAAApbdmNndAAAAAAAAAAAAAMBAAACAAAAVgEuAesCxAODBFMFQAYnBxoIGAkfCj0LTgxrDZAOuQ/sES0SZROjFOMWKhd5GL8aDxtXHKQd8x88IIQhzSMRJFIljSbLKAApMypmK5csyi33LygwUTGAMqsz1TUCNjE3XTiKObY64TwNPTg+YD+JQLFB3EMIRDZFY0aQR7hI3koBSyRMR01qTo9PtFDYUfhTFlQzVU9WbVeNWK5Zy1rhW/Bc9137XwBgCmEZYi1jQWRSZV9mZWdhaFNpPGogawFr4Gy/baBug29ocFBxOHIgcwhz73TWdb52qHeTeH55bHpZe0l8PX03fjZ/OYBBgUuCV4NlhHSFhYaUh6SIs4nAisyL1ozfjeeO7Y/ykPWR9pL1k/WU+pYElxWYLJlHmmObf5yYna6ev5/LoNSh2qLgo+mk9KYDpxWoKqlCqlyrd6yUrbKu0a/xsRGyM7NTtHO1kLapt7q4wbnDusC7u7y1va++qb+jwJ3BlcKKw3zEasVTxjbHGMf5yODJz8rGy8PMwc28zq/PmNBz0UPSDdLT05vUZtU11gXW19eo2HbZQNoG2sfbgNw13Ofdkd473uPfjeA74Ovhn+JS4wPjr+RV5PnllOYs5r/nUufk6IXpL+nk6qjrbuwz7PXtr+5j7xHvtfBQ8ObxfPIX8sbzj/Ru9WH2ZveK+OT6xf0u//8AAABWASMBsAJqAzID6ASxBYAGWAc9CC0JJwonCyIMMA06DlEPYxB+EZ8SvhPpFRAWOBdhGIgZtBreHAsdMx5bH4AgoSG/Itsj9SULJh8nNShJKWAqeSuTLLEtzC7oMAQxITI8M1o0dDWLNqQ3uTjNOeI69DwGPRs+MT9NQGxBj0KwQ9BE7UYIRx1IMklFSlVLY0xuTXhOfk+DUIVRhlKIU4pUjFWKVoRXeVhoWVRaRFs/XEZdWl53X5VgsGHCYspjxWS1ZZxme2dXaDBpDGnsatBrumypbZtuj2+CcHJxXHJAcx9z+3TVda12hndieEV5MHokex18GX0VfhB/Bn/2gOKByoKxg5WEd4VdhkqHRIhMiWGKgYuljMaN3o7uj/WQ95H1kvOT8JTtleyW7pf4mRCaOZtunKadzp7jn+mg5aHfotmj0aTIpb6mvKfKqO2qIatdrJyt2a8UsE6xiLLCs/m1LrZkt5u40roFuzS8X72Fvqa/vMC+warCkMN9xHfFgMaPx53Io8meyo7LdcxTzS3OBM7az7LQi9Fq0lHTRdRF1VHWYtd12ITZh9p922bcQ90a3ezeud+H4FjhLeII4ubjw+Sd5XHmQOcM59Too+l/6mnrZOxo7W3ucO9w8HDxcvJ283n0d/Vp9kf3D/ez+EX4y/la+e360PwM/dr//wAAACsAxAFLAdgCZQMGA48EKwTPBXoGLwbpB6UIaAkvCfkKygufDHcNUg4yDw4P9hDZEcASqROTFH0VZxZSFz0YKRkVGfwa6BvSHL4drh6jH5sgliGUIo8jhiR2JWEmRScgJ/gozCmfKnMrSCwhLQIt6S7XL8gwujGqMpgzgDRgNTk2BjbPN5U4WDkZOdk6nTtkPDI9Bj3ePrY/j0BoQURCJkMQRABE80XnRtZHu0iWSWVKJUrgS5hMT00HTcNOg09JUBhQ6lG+UpNTaFQ7VQ1V3latV3xYSlkVWd9aqFtvXDVc+V29XoBfQ2AIYNFhnGJrYzxkDGTaZadmcWc4Z/xov2mAakBrAGvAbIFtQ24EbsVvhXBBcPhxq3JZcwFzqXRPdPR1mHY8dt53gHgdeL15YHoWetp7q3yDfVh+KH72f8OAk4FngkSDKoQYhQuGAIb0h+OIzYmvioyLYYw0jQeN2o6wj4qQa5FHkhKSxpNbk+yUepVBlkKXiJkImoqb5J0ZnjKfOaA5oTWiL6MopCGlGaYRpwqoCakPqiGrPaxgrYeura/TsPyyKLNatJK10bcUuFm5nLrXvAW9Kb5Hv2LAf8Gewr7D38T/xiHHQ8hnyYzKscvWzP3OKc9b0JfR3tMy1I3V7tdT2LnaIduV3S/fDuF35Ivoee1O8vb5Uf//AABuZGluAAAAAAAABjYAAJOVAABWjQAAVukAAJG3AAAmuwAAFwoAAFANAABUOQACh64AAkeuAAFrhQADAQAAAgAAAAEABAAIAA8AFgAfACkANABAAEwAWgBpAHgAiQCaAKwAvgDSAOYA/AESASkBQAFZAXMBjQGpAcUB4wIBAiECQgJkAocCrALSAvoDIwNNA3oDqAPXBAgEOgRtBKME2QUSBUsFhgXDBgEGQAaABsIHBQdKB5AH2AghCGwIuQkHCVcJqAn6Ck0KoQr3C04LqAwEDGIMww0lDYkN7g5UDrwPJQ+REAAQcRDkEVkRzxJGEr0TOBO2FDoUwxVSFeMWdRcGF5YYJhi4GU4Z6BqIGzEb4xyfHWIeKx74H8YglSFkIjQjBiPbJLMljyZsJ0soKykNKfAq1Su7LJ4tfi5cLzkwFDDwMc0yqjOJNGg1SjYuNxU3/zjtOd460jvKPMU9xD7HP85A2kHoQvZEAEUGRghHCEgISQlKDEsUTCFNNE5OT25QlFG8UuVUDVU0VllXfVigWcRa51wLXTBeVl98YKRhzmL4ZCRlU2aFZ7xo+mpDa5ls+W5jb9JxRnK8dDR1r3cteLF6PHvQfW9/HIDWgpSETIX2h5SJLIrFjGWOFY/fkc2T3ZX/mCCaOZxMnl+geaKgpNqnLamgrDCu4LGhtF63C7muvF2/K8IfxUbIoswMzyjR9tSR1yjZ0dye35fi0uZg6fntEu+s8gD0MPY59//5ivq4+9T8u/2j/nD/N///AAAAAQAFAAoAEgAbACYAMgA/AE0AXABtAH4AkQCkALkAzwDlAP0BFgEvAUoBZgGDAaIBwQHiAgQCJwJMAnICmgLDAu8DHANLA3wDrwPkBBoEUgSLBMUFAQU9BXsFuwX8Bj8GgwbJBxAHWQelB/IIQQiTCOYJOwmTCewKRgqhCvwLWAu0DBIMcgzUDTkNoA4LDngO5w9ZD84QRhDAET4RvxJDEsoTUxPdFGoU+hWPFioWyxdxGBYYthlRGeYaeRsNG6QcQBzkHZEeSh8OH90gsyGOImkjQiQYJOslvSaQJ2YoQiklKhIrCCwFLQguDi8SMBExCDH5Mugz1zTKNcE2wTfKONs58jsOPDA9UT5pP3RAckFoQlhDR0Q5RTRGOEdHSF9JfkqhS8dM8E4bT0VQa1GGUpRTl1SVVZRWoFe/WPFaNVuAXM1eHl90YM9iI2NmZJVltWbOZ+Ro+2oWazNsVG12bppvwHDqchdzRnR2dad22ngQeU16j3vYfSZ+fX/jgWeDEITKhnSIBomHiwSMiI4bj8ORgpNYlUOXO5k7mzudOZ8poQSixqR2phunvaliqxWs3a7FsM+y9bUxt3y5y7wPvkTAcsKmxOnHQsmyzDHOnNDd0vTU8dbn2OPa6Nz03wHhCuMU5STnSOmW7DfvivOm92z5zvuE/MP99P75//8AAAACAAgAEQAeAC0APgBRAGYAfQCWALAAzADqAQkBKwFNAXIBmAHAAeoCFgJEAnQCpgLaAxEDSQOEA8AD/QQ7BHoEugT8BUEFigXXBikGgQbdBz4HoggICG8I1Ak5CZ0KAgpqCtULRAu7DDkMwQ1QDeYOgg8hD8AQXBD2EZASLRLNE24UDRSoFUIV3BZ5Fx4XzhiOGWIaQhsqHBQc+x3dHrgfkiBtIUwiMCMYJAYk+SXxJu8n8yj9Kg4rJCxALWAugC+dMLgx0zLzNBo1STaCN8M5DDpcO7A9Bz5gP75BIkKTRBZFrkdaSRFK0UyaTm9QVVIyU9pVWlbMWEhZ01tmXPheg2ABYXBi1WQ3ZZxnCWiBagpro21NbwBwt3JvdB51w3d1eWR77n6kgHmB1oL8hAKFCIYQhzOIc4nUi1WM6Y6IkC6R2ZOIlTuW8Zipml6cCp2nnzegvaI/o8ClRKbKqFCp1KtUrNCuRq+5sSiyl7QItX22/LiJuia70L2CvzbA6cKcxE/GBMe7yXPLK8zkzp7QWNIU09LVj9dK2P/arNxP3ejfdeD94oLkA+WC5wLog+oE63/s7u5G73nwnfGN8nXzRPP39Kr1TvXb9mj29vd29+n4XPjP+UP5q/oN+nD60vs1+5j78fxJ/KL8+/1U/a3+A/5Y/qz/Af9V/6r//wAAc2YzMgAAAAAAAQxCAAAF3v//8yYAAAeSAAD9kf//+6L///2jAAAD3AAAwGxtbW9kAAAAAAAABhAAAJzfAAAAAMoq1YAAAAAAAAAAAAAAAAAAAAAA/8AAEQgBMgJkAwEiAAIRAQMRAf/EAB8AAAEFAQEBAQEBAAAAAAAAAAABAgMEBQYHCAkKC//EALUQAAIBAwMCBAMFBQQEAAABfQECAwAEEQUSITFBBhNRYQcicRQygZGhCCNCscEVUtHwJDNicoIJChYXGBkaJSYnKCkqNDU2Nzg5OkNERUZHSElKU1RVVldYWVpjZGVmZ2hpanN0dXZ3eHl6g4SFhoeIiYqSk5SVlpeYmZqio6Slpqeoqaqys7S1tre4ubrCw8TFxsfIycrS09TV1tfY2drh4uPk5ebn6Onq8fLz9PX29/j5+v/EAB8BAAMBAQEBAQEBAQEAAAAAAAABAgMEBQYHCAkKC//EALURAAIBAgQEAwQHBQQEAAECdwABAgMRBAUhMQYSQVEHYXETIjKBCBRCkaGxwQkjM1LwFWJy0QoWJDThJfEXGBkaJicoKSo1Njc4OTpDREVGR0hJSlNUVVZXWFlaY2RlZmdoaWpzdHV2d3h5eoKDhIWGh4iJipKTlJWWl5iZmqKjpKWmp6ipqrKztLW2t7i5usLDxMXGx8jJytLT1NXW19jZ2uLj5OXm5+jp6vLz9PX29/j5+v/bAEMAAgICAgICAwICAwQDAwMEBQQEBAQFBwUFBQUFBwgHBwcHBwcICAgICAgICAoKCgoKCgsLCwsLDQ0NDQ0NDQ0NDf/bAEMBAgICAwMDBgMDBg0JBwkNDQ0NDQ0NDQ0NDQ0NDQ0NDQ0NDQ0NDQ0NDQ0NDQ0NDQ0NDQ0NDQ0NDQ0NDQ0NDQ0NDf/dAAQAJ//aAAwDAQACEQMRAD8A/fyiiigAooooAKKKKAILq6trG2mvb2VILe3jaWWWVgiRxoCzMzHACqBkk8AU+GaG4iSe3dZYpFDI6EMrKeQQRwQa4j4pf8ky8Xf9gLU//SaStfwb/wAino//AF42/wD6AKAOkooooAKKKKACiiigAooooAKKKKACiiigAooooAKKKKACiiigAooooAKKKKACiiigAoopCMgg+lAACCMg5Bpa4z4daJpfhvwLoWgaLfLqdhYWMMFveIVZZ40XCuChKkMPQkV2dABRRRQAUUUUAFFFFABRRRQAUUUUAFFFFABRRRQAUUUUAFFFFABRRRQAUUUUAFFFFABXjHwBura8+F+mz2kqTRmW6AeNgykidweRkcGvZ6+Zf2Qf+SE6N/19aj/6VS0AfTVFFFABRRRQAUUUUAFFFFABRRRQAUUUUAFFFFABRRRQB//Q/fyiiigAooooAKKKKAOE+KX/ACTLxd/2AtT/APSaStfwb/yKej/9eNv/AOgCsj4pf8ky8Xf9gLU//SaStfwb/wAino//AF42/wD6AKAOkooooAKKKKACiiigAooooAKKKKACiiigDBl8R6bD4kg8KuX+33NpJeoNvyeVG4Rst2OSOK3q4u51fRY/H9loktgH1WbTJriK92JlLdJFVot33xuYg4HHFdpQAUUUUAFFFFABRRRQAUUUUAFFFFABSHGDnpilpGxg56Y5oA434dWfhvT/AALoVj4PuWvNEgsYUsLh23NJbhfkYnauSR/sj6V2dcX8OpPC8vgXQpPBMbQ6C1jCdOjffuW22/ID5hL5x/eJNdpQAUUUUAFFFFABRRRQAUUUUAFFFFABWDeeI9NsfEOmeGLguL7VoLu5tgFyhjsjCJdzdiPPTA78+lb1cXqur6LbeOvD+jXdgJtTvrLVJrO82ITbxWxtROm4/MvmmSPheDs56CgDtKKKKACiiigAooooAKKKKACiiigAooooAK+Zf2Qf+SE6N/19aj/6VS19NV8y/sg/8kJ0b/r61H/0qloA+mqKKKACiiigAooooAKKKKACiiigAooooAKKKKACiiigD//R/fyiiigAooooAKKKKAOE+KX/ACTLxd/2AtT/APSaStfwb/yKej/9eNv/AOgCsj4pf8ky8Xf9gLU//SaStfwb/wAino//AF42/wD6AKAOkooooAKKKKACiiigAooooAKKKKACiiigDkLjXni8cWfhsadvSfTprs3+f9WY5FXysbf4s5+8OnSuvrlJ9U15PGlpo8Vlu0eXT5Z5rzY3yXKyKqR7s7RuUk4IzxXV0AFFFFABRRRQAUUUUAFFFFABRRRQAUjYAJPTFLSE4BPpQBxvw61XQ9c8C6Fq/hmyOm6Vd2MMtnaFFj8iFlyqbUJUYHYEiuzrkPAGur4n8FaL4hXTv7JGoWUVwLHOfs+9c+X91Pu9Puj6V19ABRRRQAUUUUAFFFFABRRRQAUUUUAFchqevPZ+NNC8PDTvPTUrPUp2vs/8extDbAR42n/Xecf4l+50Pbr65TUdU1638YaJpNnZebpF5aahLfXexj5E1ubf7Om4HavmiSXggk7OMYNAHV0UUUAFFFFABRRRQAUUUUAFFFFABRRRQAV8y/sg/wDJCdG/6+tR/wDSqWvpqvmX9kH/AJITo3/X1qP/AKVS0AfTVFFFABRRRQAUUUUAFFFFABRRRQAUUUUAFFFFABRRRQB//9L9/KKKKACiiigAooooA4T4pf8AJMvF3/YC1P8A9JpK1/Bv/Ip6P/142/8A6AKyPil/yTLxd/2AtT/9JpK1/Bv/ACKej/8AXjb/APoAoA6SiiigAooooAKKKKACiiigAooooAKKKKAOUnfxT/wmlokEanw8dPlNw+U3C88xfLHJ342Z6Db6nNdXXKT2XiRvGlpqEN0q6GmnyxT2275mumkUo+NvQJkZ3fhXV0AFFFFABRRRQAUUUUAFFFFABRRRQAUhyASKWkOcHHWgDlvA2ra3rvg/R9Y8S2J0zVby0imu7Mo0ZgmYZZNr/MMHsea6quV8DS+J5/B+jzeNIlg157SI6hGm3alwR84GwsuAfQkV1VABRRRQAUUUUAFFFFABRRRQAUUUUAFcpqL+KR4w0RNOjU6A1pqB1NyU3LcA2/2QDJ34I87O0EcDdjjPV1ymo2XiSXxhol/Y3Sx6Lb2moJqNuThpZ5Tb/ZWA2nIQLLn5hjd37AHV0UUUAFFFFABRRRQAUUUUAFFFFABRRRQAV8y/sg/8kJ0b/r61H/0qlr6ar5l/ZB/5ITo3/X1qP/pVLQB9NUUUUAFFFFABRRRQAUUUUAFFFFABRRRQAUUUUAFFFFAH/9P9/KKKKACiiigAooooA4T4pf8AJMvF3/YC1P8A9JpK1/Bv/Ip6P/142/8A6AKyPil/yTLxd/2AtT/9JpK1/Bv/ACKej/8AXjb/APoAoA6SiiigAooooAKKKKACiiigAooooAKKKKAOUn0PUpfGlp4hS/ZLGDT5bV7Hc215XkVllxnblQCMkZ5rq64u50LTpfH1l4ie/VL2DTJrVLLK7nikkVjLjO7CkAdMc9a7SgAooooAKKKKACiiigAooooAKKKKACkOcHHWlpCMggUAct4GtfEtj4P0ez8Y3C3euQ2kSX86EFZLgD52BCqME+gH0rqq5TwNo2q+HfB+j6Frt+2qahY2kUFzeu7u1xKgwzlnJYlj3JzXV0AFFFFABRRRQAUUUUAFFFFABRRRQAVympaHqV34w0TX4L9obLTrTUILiyBYLcSXZtzE5AO0mLynxkEjfxjmurri9V0PTrvx14f8QT36w3um2WqQW9mSu64S7NqZXAJ3fuvKTOAR8/OOMgHaUUUUAFFFFABRRRQAUUUUAFFFFABRRRQAV8y/sg/8kJ0b/r61H/0qlr6ar5l/ZB/5ITo3/X1qP/pVLQB9NUUUUAFFFFABRRRQAUUUUAFFFFABRRRQAUUUUAFFFFAH/9T9/KKKKACiiigAooooA4T4pf8AJMvF3/YC1P8A9JpK1/Bv/Ip6P/142/8A6AKyPil/yTLxd/2AtT/9JpK1/Bv/ACKej/8AXjb/APoAoA6SiiigAooooAKKKKACiiigAooooAKKKKAOLubHw43j+y1Ga6Zdcj0yaKC23Da1q0il327c5DgDO78K7SuLuX8Lf8J/ZJOjf8JCdMmNu3z7RZ+YvmDg7M78dRu9OK7SgAooooAKKKKACiiigAooooAKKKKACkIyCPWlpGxg56YoA4/4e6HaeGfA+h+H7C/Gq2+n2UVvFerjFwqLgSDazD5uvDH612NcX8OtO8O6T4F0LTPCV41/o1tYwx2N07q7TQKuEcsqqpJHcKB7V2lAGLqXiLQtGvtN0zVb+3tLvWJmt7CCWQLJcyohkZIlPLFUUsQOgFbVflT+2No/jD4ix678cvAF1N9p+AGpWt1odvFIVjvrizPma3kDgr5TCBsjK/Z3x96v0Z+FvxB0T4q/Dvw98RfDsom0/wAQafBfQsOoEyBipHZlPBHUGgDvaKKKACiiigAooooAKKKKACuL1Wx8OTeOvD+oX100etW1lqiadbhgFmglNr9qYrtJJjKRY+YY3Hg547SuL1V/Cw8deH01FGOvNZaodMYb9otwbX7WDg7Mk+TjcM8Hb3yAdpRRRQAUUUUAFFFFABRRRQAUUUUAFFFFABXzL+yD/wAkJ0b/AK+tR/8ASqWvpqvmX9kH/khOjf8AX1qP/pVLQB9NUUUUAFFFFABRRRQAUUUUAFFFFABRRRQAUUUUAFFFFAH/1f38ooooAKKKKACiiigDhPil/wAky8Xf9gLU/wD0mkrX8G/8ino//Xjb/wDoArI+KX/JMvF3/YC1P/0mkrX8G/8AIp6P/wBeNv8A+gCgDpKKKKACiiigAooooAKKKKACiiigAooooA4u51PQE8f2WkS2RbWZdMmnhvNi4S2WRVePdncNzEHAGOOtdpXHXGvRReO7Pw2dPDyT6bNdi/4zGscir5X3c/NnP3h06V2NABRRRQAUUUUAFFFFABRRRQAUUUUAFI2MHPTHNLX5z/HD9uHxTpHxXuv2f/2Zfh7P8UfHWmpv1dhcC20zSyf4Jpj8pcHh9zxKp+XcWyAAfcnw6/4Rc+BdC/4Qnd/YP2GH+zt+/d9m2/JnzPnzj+9zUfxI1rxfoHgnVtT8A+H5vE/iGO2kGnabDPbW3m3LKRGXku5oIljV8Fzv3bc7QTxX5j/B79vbxz4G1TwZ4E/aa+E4+G+geK44Lfw54g0q4+0aMxkwIo3G6QRLyoP75mTI3Kq81+tyOkiLJGQysAQRyCD0IoA+RPhp+zD8JJvhrpknxM+Feh3viu4szJrcms6bpl9qd1fyAtO8t1GZo3eRySGE2ORyO3m/7C/gH41/BSw8V/CHx54PvtL8F2WtXt74O1Oe/wBMudunXEhcW00VreTyxuGJZflKgHbkYGf0FooAKKKKACiiigAooooAKKKKACuL1XVNAt/HXh/SbyyMur3llqktjdhFIghgNqLhCxIZfNMkXABB2c4wM9pXHaprsVn430Hw82nieTUrPU50vuM2wtDbAx/dJ/fecP4h9zoewB2NFFFABRRRQAUUUUAFFFFABRRRQAUUUUAFfMv7IP8AyQnRv+vrUf8A0qlr6ar5l/ZB/wCSE6N/19aj/wClUtAH01RRRQAUUUUAFFFFABRRXzl+0l8TfHXwy0Lwnc+BLPT7q51/xXpehztqE7wiOG7ZidmyGblxGVLEfIDkKxxgA+jaK4/xX4qvPCPho69Noeo63cR+Wr6focYu7ks/B8sSGHcq9ydpx2rzbwx8crzxLr1nocnw38c6Qt25Q3upaZDDaQ4UndK63LlRxjhTyRQB7ySByeKK+TfiJrdx4o/af8EfBy+lmHh9PDGreJr+0RikV9PHPDa2yTYx5kcQaRjGfl3FWIJC4ufsveKdc1WH4ieC9XuZ72DwL401TQdNubp2lnewjKywI8jfNIYUkEe4ksdvJJzQB9TUV8MfHrxfr+t+J/hnq2g6nNY+G4fiJp+lBbeTYuqs1pfNPI+OWt43jVYxwrsGf5lKEfc9ABRRRQB//9b9/KKKKACop1naCRbZ1jmKMI3dS6K5HyllDKWAPUBhnpkdalooA4zSrD4gw6NfW+ta5pF3qsjMbK6ttImtraBSBtEtu+oTvMQ2SSs0WRxgYyUh0/4hL4Zks59d0h/EBYmPUE0edLFV3ZAazOoNIx28ZF0Oecdq7SigDxX4rWPjs/BXxFbRa1pS6xHo9+13eNpUzWs0Qtpd6xW328PEzDG1mnkC91bPGrpVh49ufAfhuLw1rek6fex2Nv8Aa5r3SZr2Kb92v+qijv7Zouc/ekk/Tna+KX/JMvF3/YC1P/0mkrX8G/8AIp6P/wBeNv8A+gCgCtrdj45uLuwk8O6zpdhaxFft0V5pc15JOARuEMiX1uISVyAWSXB55xgu1Cy8by6/a3Ol6xpltoqAfarKfS5Z7uU85Md0t9FHGDxwbeTGOvPHV0UAcp9i8bf8JObz+19M/wCEe2gDT/7Ml+3BtoBP237b5eN2Tj7L04z3Jp1l42i8QXd1qur6Zc6I+77LZW+mS293Fkjb5l017KkuBkHbbx5PPHSurooA5DRLHx3bz6g3iPWdKv4ZR/oCWelTWb25+b/XNJf3In6r91Yeh9eI9IsPiBBpd9DruuaRe6jJu+w3FrpE1pBBlfl86F9QnabDcnbLFkccda7OigDi7bT/AIhJ4antLzXNIl19j+4v49HnjsoxuBw9mdQeRztyMi5Xkg9sEn0/4hN4aitLbXdIj19WBlv30ed7JlychbMagsinGOTct0PHPHaUUAcXq2n/ABCn0ayt9D1zSLPVYwPtl1daPPdW0xxyYrdNQgeEFuQGmkwOOetTa5Y+OriSwPhzWdKsI4iPt63mlTXjXAyM+SUvrYQZGcbhLjI64weuooA5PU7LxvNrdlcaPrGl2mkRqovLS50ua5upmBOTFcrfQpECMABoJMEE5OcBZLLxufE63kWsaYvh4KA2ntpkrXxbbgkXv24RgbucfZTxxnvXV0UAeXQXnxKt/ih/Zl9NYXXhK50+e4iaDS54bi3uFkRY4pLw3csMhKljgQRk9sYOek0Wx8c29/fy+IdY0u+spP8Ajxhs9Lms5YOT/rpXvrhZuMfdji5BPfAdPP4nHjS0toIVOgNp8rzzfLuF2JFCL13YKZPTHvXV0Acboth4/t7C/j8Qa3pN9eSh/sE1ppE1nFbkqQpmifULhpwGwSFkiyOOOobY6f8AEKPw7c2uo65pFxrjk/Zr6HR54bOMZGBJaNqEkkhxnkXCdRxxz2lFAHFtp/xCPhlbNNc0geIA2W1A6PObErk8Cz/tASA7cDP2o8847A1PT/iFNoNnbaPrmkWusxhftl5caPPcWkxA+byrVdQheLLcjdPJgcc9a7SigDj9bsPHlwmnjw5rWlWDxH/TzeaTNeC4HH+pEd/beR3+8Zeo9OZNWsvHE+r2M+h6xpdnpkYX7bbXWlzXVxOQ3zeVOl9AsOV4G6GXB556DrKKAOUnsvGzeJoby21fTI/D6j99p76ZK9652kZW8F6sajdg4Ns3HHvRbWXjZPEk13eavpkugMpENhHpksd6jcYLXhvXjcDnIFsucjkY56uigDlNHsvG0Gr3s+v6xpl7pkhP2O2tNMltLiEZOBLO99cJMQMDKwx88+1QaHYeP7a2v08R63pN/PKG+wvZ6RNZJAcHBmSTULkzAHBIVosgEcZyOyooA4vTdP8AiDFoV3batrmkXWsuT9kvLfSJ7e0hHGBJatqEzykHOSs8ec9Bjn8mf+CeF1e+HPF3x4+Fur6np2k/GH/hLp766uNUsnuftdgAqh0gF1bySRiTzCAs5C7wxJ3DP7NV8XftHfsLfBv9o3Xrbx1qkuq+FfGdkipF4h8O3AtL2REGEWbcjrJtHAYBZAMDftAFAHyF/wAFD/Gui+IP2IvC2h6v/Zg8W+LbrS30XSLOxKSvcc5+yW4nd4AobZu3SD5guMsCP0o8JaH8Ubb4a+DdNttb02w1ey0y0j1eTUdMm1Hz5FiQMIxHfWhiYENksZM5HAxz8dfswfsAfDDwZfaD8b/iBc+JPGXjs2sNxE3i66NydMnIz+7iZEbzEzwZSxU8qFPNfpXQByWs2PjmfUbCXQNZ0uysIin26C70ua7mnAbLeTMl9brDleBujlweeelOu7Lxs/iO3u7DV9Mh0FQPtFjLpkst7IcHJS7F7HGgzg4Ns/AIzzkdXRQBykVl42HiaS7m1jTH8PlcR2C6ZKt8rYHJvDfNGwzk4FsODjPGSaXZeNodcvbjWtX0y70eQt9jtLbTJba6hBPyiW5e9mSUheCVgjyeeOldXRQBx2h2Hj23Gof8JHrWk35lB+wfY9Jmsvs55x53mX9z5/b7vldD68N0qw+IMOi31vrWuaRd6tIzGyu7bSJra2gUqNolt31Cd5iGySVmiyDjAxk9nRQBxcWn/EJfDMlnPrukP4gLEx6gujzrYqu7OGszqDSMdvGRdDnnHai80/4hSeG7e0sNd0iHXlZTPfy6PPLZSKM7glmNQjkQnjBNy+MHg547SigDjNZ0/wCINxpljD4f1zSLHUIwPttxd6RNdwTnAz5UKahbtDzk/NLLxx2yZtbsfHNxeWEnh3WdLsLWIr9uivNLmvJJwCNwhkS+txCSuQCyS4PPOMHraKAOU1Cy8by6/a3Wl6xpltoiAfarKfS5Z7uU85Md0t9FHGDxwbd8YPJzxzV/efEm1+KOk6fby2E/hDULO9muAulz/arSa1FuIke9F2Yf37SyMoNupwhA3YJHqFcpqM/idPGGiW+nwq+hS2moNqUp27o7hDb/AGUDLBsMDNnAI4GccZADTrLxtFr93datq+mXOiPu+yWVvpktvdw5I2+ZdNeypLgcHFvHk88dKj0Sx8d28+oN4j1nSr+GUf6AlnpU1m9ufm/1zPf3In/h+6sPQ+vHX0UAcZpFh8QINLvode1zSL3UZN32G4tNImtIIMr8vnQvqE7TYbk7ZYsjjjrSW2n/ABCTw1PaXmuaRLr7H9xfx6PPHZRjcDh7M6g8jnbkZFyvJz2we0ooA4ufT/iE3hqK0ttd0iPX1YGW/fR53snXJyFsxqCyKcY5Ny3Q8c8Graf8Qp9GsrfQ9c0iz1WMD7ZdXWjz3VtMccmK3TUIHhBbkBppMDjnrXaUUAcjrlj46uZbA+HNZ0uwjiI+3reaVNetOMjIhaO+thCSM8sJcZHXGC7U7LxvNrdlcaPrGl2ukRqovLS50ua5upmycmK5W+hSIEYADQSYIzk5wOsooA5SSy8bHxOt5FrGmL4eCgNp7aZK18W24JF79uEYG7nH2U8cZ70WNl42j8R3N3qOr6ZcaE6sLexh0yWG8jYkbS9217JHIAM5AtkzkcjGD1dFAHJaLY+Obe/v5PEOsaXfWcn/AB4w2elzWcsHJ/10r31ws3GB8scXQnvgRaLYeP7ewv4/EOt6TfXkof7BNaaRNZxW5KkKZon1C4aYBsEhZIsjjjqOyooA4ux0/wCIUfh25tdR1zSJ9ccn7NfQ6PPDZxjIwHtG1CSSQ4zyLhOo445+cv2VLPxjN+zbo1vo+q6da6v9s1A/a7jTZbm12/a5cj7Mt5C+cd/P/CvsGvmX9kH/AJITo3/X1qP/AKVS0Aezanp/xCm0GzttH1zSLXWYwv2y8uNHnuLSYgfN5VquoQvFluRunkwOOetSa3YePLhNPHhzWtKsHiP+nm80ma8FwOP9SI7+28jv94y9R6c9hRQByerWXjifV7GfQ9Y0uz0yML9ttrrS5rq4nIY7vKnS+gSHK4A3Qy4PPPQLPZeNm8TQ3ltrGmR+H1H73T30yV75ztIyt4L5Y1G7BwbVuOM85HV0UAcpbWXjZPEk13eavpkugMpENhHpksd6jcYLXhvXjcDnIFsucjkY5NGsvG8GrXs+v6xpl7pkhP2O2tNLltLiEZOBLO99cLMQMDKwxc8+1dXRQBlaLDrdvp6ReIby1vr4Ft89navZwsCTtAiee4YELgE+YcnnA6Dy344/Cm9+LfhrSdL0rWI9D1HQ9e0/X7K7mtDfQ+fYMxCSwLNbs6OrMDiVSODmvZ6KAON8UeCdL8c+GP8AhF/F8t3PDJ5bTyabe3mjyvJHzlJrK4injUn+ES4xwc1514Y/Zu+FvhDXrPxJon/CS/brFzJD9s8XeIb+DcVK/Pb3eozQSDBPDowzzjIBr3eigDyLxt8LP+Eh8deHPid4e1CPSfEvh2C7sFnmtvtUF1p18Uaa3mjWSF+JIkeNlkG0g5BDcUND+FGreDPBOtaP4H16PT/E2v6rNrV7rlzYi6R728uRPct9kMyAIyboo18z92pBySvPtlFAHx58QP2Hv2f/ABvLoF3beC/C2k3Wma5Bq+ozQ6Das2qRRxTJLay42EJM8qyMW3jKD5T1H17b28Fpbx2trGsUMKBI40AVUVRgAAcAAdBU1FABRRRQB//X/fyiiigAooooAKKKKAOE+KX/ACTLxd/2AtT/APSaStfwb/yKej/9eNv/AOgCsj4pf8ky8Xf9gLU//SaStfwb/wAino//AF42/wD6AKAOkooooAKKKKACiiigAooooAKKKKACiiigDlJ7bxM3jS0u4J1GgLp8qTw5Xc12ZFKNjbuwEyOuPaurrk59G1iTxpaa7HfsmmQ6fLbSWO9wrzvIrLLs+4SqgjJ55rrKACivlT4oftRR/DH4veFvgzL4F13W9Z8aLcNos1hPp6W0/wBmRnlDNc3cJjKqhPzAA8YOa6Dwt+0l4Z1j4oj4LeLdB1vwT4znsjqNjp+tx2zR6haIcNJaXVlc3VvKFOQV8xXGDleDgA+i6KKKACiiigAooooAKKKKACkOcHHWlpDnBx17UAct4GuvEt74P0e78Y262uuTWkT38KABY7gj51ADMAAfc11Vcr4Gh8T2/g/R4PGsy3GvJaRLqEqbNr3AHzkbAq4J9ABXQ3t7aadZz6hqE0dta2sbzTzSsEjjjjBZnZjgKqgEkngCgCzRXy54W/aWm+J0N3q/wa8Ba/4w8O2k8lumvCWx0ywvniOH+w/brmGa4UNlfMMaREg4c11/wU+O2mfGp/FVta+Hdb8MXvhHVRo+oWGvQxQXQuPIjnJCwyzIUxIArByGxkEgg0Ae6UUUUAFFFFABRRRQAUUUUAFcpqNt4mk8YaJdafOqaHDaagupQkrukuHNv9lYZUthAs2cED5uc8Y6uuU1LRtYuvGGia3a37Q6bYWmoQ3dkHcLcy3JtzC5UfI3lCKTBbkb+OpoA6uiivl/49/tN2XwD1/wloOq+D9a19vGuorpOlTaVJZBGvW2gRyC5uYCg+cfMRt680AfUFFfLXiL9qjQPhxe2MPxr8I+Jfh5p2oTpawa5qsdleaN58hIRJbzTLu8W3LY4NwIgeucCvp+3uILqCO5tpFlhlUPHIhDKysMggjggjoaAJqKKKACiiigAooooAKKKKACvmX9kH/khOjf9fWo/wDpVLX01XzL+yD/AMkJ0b/r61H/ANKpaAPpqiiigAooooAKKKKACiiigAooooAKKKKACiiigAooooA//9D9/KKKKACiiigAooooA4T4pf8AJMvF3/YC1P8A9JpK1/Bv/Ip6P/142/8A6AKyPil/yTLxd/2AtT/9JpK1/Bv/ACKej/8AXjb/APoAoA6SiiigAooooAKKKKACiiigAooooAKKKKAONuNCt5fHdn4jOoBJoNNmtFsOMyLJIrGX72flIx909etdlXF3Om+H38f2WrTXjLrUWmTQQ2m9cPbNIpeTbt3EhgBkNjnpXaUAfl3+1qfEi/tt/s4Hwitk+rBde+zLqLyJalvssufMaJXcDbnGFPOKwtQ1TxV4d/be+H+v/tZW9lZ6nqFjd6T8PpfCcjz6IJWy04vnuliu/tRDYXEflYYDrzX0x8YP2Z/H/wASvjr4H+N+h+PdL0ObwALoaZptz4cl1COX7YjxyfaJV1W1Z/lf5dipggHnpWgP2YdX8X/F3wz8ZPjZ4yTxXqPgsTtoGl6ZpQ0bSrOe4BV52ie6vp5ZNuAN8+0YBxkDAB9c0UUUAFFFFABRRRQAUUUUAFIckEClpCMgjpQBy3gbSda0Hwfo+jeI746nqlnaRQ3d4XaQzzKMM+58Mcnuea+Rv+CkGqeItI/Y0+Il14beSKZ7W1guJYmKulrNcxJLgjnDA7GHdWOa+tPAGhL4Y8FaL4eTUf7WXT7KK3F9jH2gIMeZjc/3uv3j9a1PEvhvRPGHh/UfCviW0jv9K1a2ls7y2lGUlgmUq6nuMg8EYIPIINAHmX7OlhoOmfAfwDY+GFjXS4vD+ni18oBVMfkrggDjmvULHw/oum6pqOtWFnFBfau8Ul9Ogw9w8MaxRs/qVjRVB9ABXyf8Nv2fvjJ8CdMPgn4R/ELTLvwTDK50vS/Fmizahd6RC3IhhvLW/tDNCpPypLGGUcB8AV9LeDfDes6Bazy+JNduPEGqXsnm3Fw6C3tkIGBHbWqsywxKBwCzueru7c0AdlRRRQAUUUUAFFFFABRRRQAVxuqaFb3njfQPED6gIJtNs9TgjsuM3K3Ztiz/AHgf3Pkjop+/1Hfsq4vVdN8Pz+OvD+qXt40WsWllqkVhah1AnhnNr9pcqQWbyykWCCAN/OcjAB2lfmt+39/yPv7OX/ZQ4P8A2lX6U18hftKfs1+MPj34l8Ca9o3jaw8MReAtXTW7O3n0KTUzcXabMCaQajafuvk+6qq3J+bpQB3f7V2m+G9W/Zs+Jdp4sjjk07/hGdSlYSqHAmigZ4GAbjcsyoV98V57+wFceI7r9kL4aTeKHeS6OjReS8hy5tASLcknn/Vbau+Ov2cPG3xrittC+OfxBj1XwlDcRXNz4d8NaO2g2mpNC25EvZZr7UbiWHPJjSSNWIGegr6r0/T7HSbG30zTII7W0tIkhghiUJHHGgwqqo4AAGAKALlFFFABRRRQAUUUUAFFFFABXzL+yD/yQnRv+vrUf/SqWvpqvmX9kH/khOjf9fWo/wDpVLQB9NUUUUAFFFFABRRRQAUUUUAFFFFABRXOeI/Fvh3wlDbzeIL6O0+2S/Z7WM5ea4m2lvLhiQNJK4VSxVFJCgnoDV3Q9d0bxLpVvrnh+9g1Cwu13w3Fu4kjdfZhkfX0NAGtRXkmp/Hn4NaN47tPhlqnjLR7bxTeyeTBpcl0gnabAbyiM4WUggiMkORyBXrdABRRRQB//9H9/KKKKACiiuM8a+A9C8fWMOna9caxbxQSeajaPrepaJKWxjDS6Zc2sjr/ALLMV74zQB2dNZlRS7kKqjJJ4AArzzxJ8LfDHiq00uy1S68QRR6ONtsdO8Saxpkjj5R/pEllewPdH5RzcNIevqcw+MPhT4Z8bXtrqWrXevwXFlB9nhGn+IdW062Kgkgz2tpeQ21ycn5jPHIWHytleKqKTaT2A/CD9rz/AIKD/E7xx4g8QeDPhVqbeHfB9qtzY+Zbohu9RUBkeSSVlLIj87UTb8p+Yk1L+yb/AMFCPit4Q8XaF4P+KurHxH4T1CWGyea7Rftdh5hCJKkyqGdFJG9X3fLypGMH4N+PHwm8SfCT4i+IvCfi+2uLW/sppzGWeRYZ4W3GOVF3bHR1IIOP1pPgh8J9d+LfxK8P+DfC8FzcXmpXMQlZHlaO3twymWZ1yURY1yc464A5IFf6Fx4C4X/sd4f6rR+q+yT9pf3uXV+15+S/P1te3Tmtoe/7ClyWsrW/pn9isUiTRpNEdyOoZSO4IyDT6828HfC3w74L1GXWdNu9cnvbmIRzLf8AiDVtRsx0JMNneXk1rByOPKiTA4GBxTvDnwr8L+FbfVrXS7vxDKmtRtFcnUPEus6k6KwYE2z3l7O9o3zHDW5jYHBByox/npJJNpbHgHo9FebaT8KPC2i+F9Q8IWd34iew1N/MnkuvE2tXd+pwo/cX9xfSXluPlHywzIOvHzHKr8KvCy+DP+EDF34i/szzDL5x8Ta0dT3Fi+P7TN9/aG3J+79o2gfLjAAqQPSKK821H4U+FtU8J2Xgu6u/ESadYOHilt/E2tW2oMVBA83UIb5L2YcnIlncHjI4GF8RfCrwt4o0rStH1O78QxW+jKVtm0/xNrOm3DghR/pFxZ3sM10cKObh5DnJ6scgHpFFcB4g+GnhvxNrGl65qVzrsVzpHli3Sw8Q6tp1s/lPvX7RbWl5DBdZP3vPjk3r8rZXinah8NvDmp+L7bxvc3OuLqVrt8uKDxBq1vpx2qVG/TYbxLCTg874GyeTk80Ad7RXAxfDbw5D4yfx4lzrp1OQEGFvEGrPpnK7eNMa7Onjj0txg89eado3w48O6D4pv/GFjc65Jf6kZDNFea/qt7YL5rBm8mwubuWygwR8vkwptHC4HFAHeV8f/tnftNXX7Nfw4sbvwvpq65438WX6aN4Y0twSk97KQN7gFSyRll+UEFmZRkAkj3rw38LfDHhRdWTSrrxBKNajMdz/AGj4l1nUyindzbG9vZzaN85+a38tunPyrj8xP+ChvwBuPB/gvwH8YPAdv4j1/Tvhv4jfV9csrnxDrGp6gbC6ECSyW13d3k11bCMQYzBImxnEgAwTQBjL+z7/AMFCNV1uy8a6p+0FYab8S59Klu7Tw8mkRtpsVqXVnt2nEPkjDlVOYHOf4iOa+uP2Kv2nvE/x20XxJ4I+K2mRaJ8TPh7ff2Z4jsoRsikbLKlxGuW2hyjArnAZTjjFeMaV+1z+wJP4Dhkk8e6pBBcabJcySXPiTW38QW2XWR7MXT3x1VZC4GEjk2EA4O2vKv2B/g6nxh8RfFb9oHWrbxNoXg/xzqdvH4aj/wCEh1iz1ae009pts82ow3qX06sJdp8ydg7KSQcKaAP2eorzXX/hR4V8S6JpXh/UrvxFFa6Omy2ew8T61p9042hf9IurS+huLo4Uc3Ekhzk5ySTa8S/DTw34r1DTNT1W616KbSdgt107xDq+mQt5bBh58NleQRXPI589ZNw4ORxQB6BRXAav8NfDet+KLPxhe3Oupf2IQRR2viHVrOwby8482wt7yOzm68+bC27vmnv8OPDr+NR4+a51z+1AAvkjX9VGl4CeX/yCxdjT87ec/Z8lvmPzc0Ad5RXB6R8OPDuieLL7xpZXOuPqOoeZ50V34g1W809fNYM3lafcXcljBgj5fKgTYMhcAkVD4a+GHhnwpLqs2lXWvzNrKbLkaj4j1jU1QfN/x7re3k62p+c824jPTn5VwAehUV5xoHwr8L+G9G1PQtOu/EMltq4YXD33iXWdQuU3LtP2e5u72a4teOhgkjweRzzTbH4U+FtO8IXngi3u/ETabfvvlln8Ta1PqKncrfutRlvnvoRlRxFOgxkYwSCAek0V5rcfCfwrc+DoPAsl34iGmW83npMnifWo9SL5Y4fUkvlv5E+Y/I87JjAxhRhdd+FHhXxF4f0vwzqF34ijs9IQJbyWXibWrC8cBQv+kXlrfRXV0cDrPLIScnOSSQD0mvyP8V/Gb9qD9rj40+K/hP8AsseIrP4f+A/AlwdP1vxfNbLdXN5ejIeK2Dq4wCPlCbDtG5pBuVa/S3xL8MPDPiyTTJdVutfhOkgC3/s7xHrGlhwpBHniyvYBcnjkziQnkHqc/it8A9R+GX7H/wC0R4++D/7SOpa34VW915vEXhXXl13V9O0XULeXAUXUNpdRWcxIUEvcRyAndG7fKFoA7lvGf7VP7BFp4S8WeM/HVj8Y/gVfzW2mz3cNmtveaVDN/q5oym5im3JGZZVYKVwhKk/tNpuo2er6dbarp8gmtryFJ4ZFOQ0cgDKRj1Br8F/2vviH8APjb4S8N/s9fssatrHjjxh4tl0/T4ILHXdZfRtO0+12/vLixNwuniQBQWzbllAZ3w2Cf2L+FfwT8PfDS1025tb3XbnU7bTYrGYXWv6rd6edqoGMWnT3cljCcp8pigUqMhcAkEA9qorz7w58MvDXhbUtR1XS7rXpZ9VBWddQ8RavqUChiSfIgvLyeG2PJwYUjIGAOAMReHPhZ4X8LWGq6bpd34glh1lGjuW1DxLrOpTIrqVP2ea8vZpbVsMcNbtGwOCCCAQAejUV5rpvwn8K6V4Uv/Blrd+In0/Un8yaW48T61c6gp+U/udQmvnvYB8o+WKZB14+Zsq/wo8KyeDIvAbXfiIaZDKZlmXxNrS6mWLM2G1MXw1Blyx+RrgrjAxgAAA9JorzfWPhT4W13w1p3hO+u/EUdjpYUQSWnibWrK+baNo8++t72K7uOOvnTSZPJ55p/iT4W+GPFdrpdnql14gij0cbbY6d4k1jTJHHyj/SJLK9ge6Pyjm4Mh6+pyAei0VwGv8Aw18N+Jdc0zxFqVzrsV3pIjW3Sx8Q6tp9o4ifevn2lpeQ21yST8xnjkLL8rZXin3Pw48O3XjSHx9Lc64NUgACQx6/qsWmHCGP5tMS7XT3+U5O63OW+Y/MAaAO8orgrL4beHLDxhceOYLnXW1K5Dh4pvEGrT6aN+M7NNlvGsI+nGyBdvbGTSeHvht4c8MeIL7xLplzrst5qO7zkv8AxBq2o2a723HybO8vJrWDnp5USYHAwOKAPIP2uP2jbD9mL4PXvxAaz/tTWLmePTND03n/AEvUbnPlqwX5tigFmxycBQQWBH5+WvwO/wCCgnxC1Pw94+8YfHiy8GePNTsNQvtB8N2ukJLZWlsfs7XEE0yxmNcboAwdJyccM2DXoP8AwUK/Zjun+CMPjb4YJ4i1u/8AB2u2viK90/UPEes6s81nbkmY2xvLy4e3ZOGJt/LIXLZ+QYn+Hn7Xf7B+oeAdNkv/ABtqulzX+n3k14NZ8S61NrOlSYthcW0d1cX0moQmVo08tbR9j+WxXqdwB61+xn+018RPiPrfi34EftAWFvpvxS+H0qx3z2qhLfUrRyQl1Go+UEkfNs+Qgqy4DbR9/V+JP7F/wz0v9oX4+/FD9orT4PFOl/De+gi8P+H7m58Q61Hq2oi2KB5v7RN7/aJUCJcr9oKKWMY4TA/W7UfhT4W1XwnZeC7q78RJp1g4eKW38Ta1bagxUEDzdQhvkvZhyciWdweMjgYAPSKK838RfCrwt4o0vStH1O78QxW+jKVtm0/xLrOm3DghR/pFxZ3sM10cKObh5DnJ6sSbPiD4aeG/E2saXrupXOuxXOkeWLdLDxDq2nWz+U+9ftFtaXkNvdZP3vPjk3r8rZXigDv6K4LUPhv4c1PxfbeOLm51xdStdvlxQeINWt9NO1So36bDdpYScHnfA2Tycnmki+G3hyHxk/jxLnXTqcmQYW8Qas+mcrt40xrw6evHpbjB5680Ad9RXB6N8OPDug+Kb/xhY3OuSX+pGQzRXmv6re2C+awZvJsLm7lsoMEfL5MKbRwuBxVXw38LPC/hRNWTSrrxBKNajMdz/aPiXWdTKKd3Nsb29nNo3zn5rfy26c/KuAD0aivONG+FfhfQfDmpeFbG78QyWWqsXuJLzxLrN7eqSAv7i9ub2W7thhRgQSxgHJAySS23+FPha18Hz+BorvxEdNuJPMeWTxNrUmpBtwb5NSe9a/Rcj7qzhccYwSKAPSaK82vPhT4WvvB9t4Gnu/ES6baSiaOWHxNrUOpFhu4k1KO+W/lX5jlJJ2U8ZHyrhPEHwo8K+JdE0rw/qV34iitdHTZbPYeJ9a0+6cbVX/SLq0vobi6OFHzXEkhzk5ySSAfk3+3B+354/wDCXxAv/hJ8FL2PSF0N/s+q6uIo5riS7H+shh81XSNYz8rNt3FgcEDr8Q/sxft7fGv4Nvpdhq2pHxD4SS4c3el3UUZdY5ZS0jwTKqyLICSQGYoTwR3GV+3R8Fde+GX7QniO41iG6/s3Xr2bVdKvPNlEc8Fw5faX3fO8ZO192TkZPB5+QPAHhDVvGeo6VoHh20ur/VtQuBbWltbySZkkdyANittI7kkYA5JwK/vfhngXhueV4GlTwlGpRqUJSlOT96X8LmnKXI3GUW3ZJ+7qrxPcp0KfLFWVrf5H9oXhfxHpXjDw5pnirQ5RPp+rWsV5bSDo0UyhlP5Gt6vnP4LfAHR/hz4Y8HnUL3W5dd0DRbLT5kTxBqo0pnt7dYWP9li7Gn9B1+z53fN97mvUNI+HHh3RPFl940srnXH1HUPM86K78QareaevmsGbytPuLuSxgwR8vlQJsGQuASK/hTMaVCni6tPDS5qak1F94puz+aPEkld2O8orz3w18MPDPhSXVZtKutfmbWU2XI1HxHq+pqg+b/j3W9vJxan5zzbiM9OflXEWg/Cvwv4b0bU9C0678Qy22rhhcPfeJdZ1C5Tcu0/Z7m7vZri146GCSPB5HPNcYj0eivN7H4U+FtO8IXngi3u/ETabfvvlln8Ta1PqKncrfutRlvnvoRlRxFOoxkYwSDYg+Gnhu38N2HhWO5142Om3aXsEj+IdXkvWljcuBNeteG7uIsk7oZpXiYYVkKgAAHoFfIn7YU/iCHw34Bh0HXtQ0L7d490Kxum08wqZoZWkfa/mxSghWjVguNpI+YNxj67AwMVw3xB+HHg/4o6FH4c8a2cl5ZQXlvfw+Rcz2c0N1atvilintpIpo3Q9Crg8mgDnfi94yufhv8PZvEKeItB0OW1eGI6p4sdotPyxwfNMBiw79tu0Z7V80/DL9pvUfGXjzR/DMvxS+EOtpfzNGbDQbm7fU58IzbbdXuGUsMZOVPyg1902lrDZWsVnb7vKhRUTe7SNtUYGWclmPuSSe9WKAPkDxfNeXH7bXw/sNQTOmW/gXX7qwZxlPt73dok20njesITpzhj2p/7KK30F/wDGG1Y7dIg+JOurpaLxHHGXUzqg6AfaTJwOM19HeKfAvhfxlLp11r1o0l1pEzXFhdwTy2t1bSOu1/LngeORVdeHXdtYAbgcDGZe/C3wPfeCZPh49hJDoUzpLJBbXVxbyvIsy3G9riKRJy7SqGdjJuc53E5OQDxf41fDbw78SINB+FGjWsMK6f4hsPFWp3o/5h62U/2rzPMOSbq7kG0ZOdjO7EfLu+p02hFCHK4GDnOR9a+bNT/ZG+Besa7eeI9S03XJr3UbgXV2D4q19beeUY+/bLqIgZMAL5Zj2bRt27eK+kYoo4IkhiG1I1CqB2CjAH5UASUUUUAf/9L9/KKKKACiiigAooooA8F/aH+Ffw4+I/w18QzeOfDmna1NpujahNZz3UCvPbukEjAxS8SJ8wyQGAJ6itL4J/CX4afDHwjYDwD4a07Q3vbSB7mW0gVZpmKA/vJTmR/YFiBXW/FL/kmXi7/sBan/AOk0la/g3/kU9H/68bf/ANAFd/8AamN+r/VPbS9l/LzPl7/De2/kVzO1r6HSUUUVwEhRRRQAUUUUAFFFFABRRRQAUySNJUaKVQ6OCrKwyCDwQQeoNPooA+P9S/Zf/ZSn+KtrBd/CHwxLql3ZTakbv+zoRBujkVTutwvks7Fs7iua+uLW0tbG2isrKGO3t4EEcUUShI0RRgKqqAAAOgAwK5yfW9Vi8aWnh6OwZ9On0+W6kvdrbUmSRVWLONuWBJwTniuroAKKKKACiiigAooooAKKKKACiiigArz34ifCf4ZfFnSk0f4m+F9K8T2cJLxR6naR3PksRgtEzgtGxHdCD716FSE4BJ9KAPn74B/CP4B+B/C9h4o+C3gnS/DNvrVnHMs8NoiX0kDjcqzTkvM2PRpGGa+gq4z4d63pviTwLoWv6NYLpdjf2MM9vZIqqtvG65CAIAoCj0AFdnQAUUUUAFFFFABRRRQAUUUUAFFFFAB14NfInjD9mf8AZY1f4paMuv8Awl8NX+r65BqV+96bCJYy9k1vuM0KqI5mkNxnc6k/Kc5zX13XKajreq2njDRNBt7BprDUbTUJ7q8CsVt5LU24hQkDaDL5r4yQTs4zzQBuaXpWmaHp9vpGi2kFhY2kaxW9taxrDDFGowqoiAKqgdAAAKv0UUAFFFFABRRRQAUUUUAFFFFABRRRQByfjHwJ4K+IWlHQ/HWhafr9hu3i31G2juUV+m5Q4O1v9oYNfJ/7EPwn+GfhX4S6Z4o8PeGNLsdZuZ7+OXUYrZPtbRrcyKE84gyBQABtDY46V9uV8y/sg/8AJCdG/wCvrUf/AEqlrshmOLhReHhVkoO/uqTtra+m2tlf0Q+Z2tc+mqKKK4xBRRRQAUUUUAFFFFABRRRQAUUUUAFFFFABRRRQB//T/fyiiigAooooAKKKKAOE+KX/ACTLxd/2AtT/APSaStfwb/yKej/9eNv/AOgCsj4pf8ky8Xf9gLU//SaStfwb/wAino//AF42/wD6AKAOkooooAKKKKACiiigAooooAKKKKACiiigDlJ7zxKvjS0sYbZW0J9PlknuNvzLdq6hEzu6FMnG38a6uuUni8UnxpaTQSqPDw0+VbiP5NxvDIvlnkb8BM9Dj1FdXQAUUUUAFFFFABRRRQAUUUUAFFFFABSE4BIpaQ5wcdaAOV8C65qHibwdo/iDVbBtLvNQtIp57JgwaB3GShDBW+X3ANSeMtX1Pw/4X1PXdIt4Lu4061muhBcSNCkiwozld6o5BIGB8pFM8DX3iPU/B+j6h4utVsdauLSKS+tkUosU7D51ClmIAPYsfrUfxA/5ELxJ/wBgi/8A/RD1jiG1Sk4uzsznxcpKhNxdnZ/keSfDT4l/FL4n+B7DxvpHh/QLWHUFdooLnVbkOuxivzFLFgMkds17B4N1fXNc8PW2oeJNMGj6kxdLizWQyrG6MV+V2SMspxkHaMivj/4B+FPiLrv7N2n2/hfxYultdWN5HbQ/YIpCjszgDzWcEZP8WMr1HSvs7w8fL0q3sJZ0nurKKOC62OHKzKgyGwTgnrz2NePktevWpU6lZy1gnry2bfa2v/DnzvDWKxWIoUa2Icvepxbb5LSbSenLqrfLR7G3RRRXvH1QUUUUAFFFFABRRRQAVymo3niWLxhollYWyyaJPaag+ozkZaKeM2/2VQdwwHDTZ4Odo6d+rrlNRi8Ut4w0SXTpVXQUtNQGpxnZue4Y2/2QjIL4UCbO0gc/NnjAB1dFFFABRRRQAUUUUAFFFFABRRRQAUUUUAFfMv7IP/JCdG/6+tR/9Kpa+mq+Zf2Qf+SE6N/19aj/AOlUtAH01RRRQAUUUUAFFFFABRRRQAUUUUAFFFFABRRRQAUUUUAf/9T9/KKKKACiiuc8TeMfCXguyTUfGGtafodpLJ5ST6ldRWkTSEZ2h5WVS2BnGc0AdHRXkf8Awv8A+BP/AEUXwp/4OrL/AOO0f8L/APgT/wBFF8Kf+Dqy/wDjtAHQ/FL/AJJl4u/7AWp/+k0la/g3/kU9H/68bf8A9AFeI/Er48fBC6+HPiq1tviD4Wlmm0TUY4401mzZ3dreQKqgS5JJ4AHWtXwl8evgbD4X0mGb4h+FkdLKBWVtZswwIQZBBlyDQB77RXkf/C//AIE/9FF8Kf8Ag6sv/jtH/C//AIE/9FF8Kf8Ag6sv/jtAHrlFeR/8L/8AgT/0UXwp/wCDqy/+O0f8L/8AgT/0UXwp/wCDqy/+O0AeuUV5H/wv/wCBP/RRfCn/AIOrL/47R/wv/wCBP/RRfCn/AIOrL/47QB65RXkf/C//AIE/9FF8Kf8Ag6sv/jtH/C//AIE/9FF8Kf8Ag6sv/jtAHrlFeR/8L/8AgT/0UXwp/wCDqy/+O0f8L/8AgT/0UXwp/wCDqy/+O0AeuUV5H/wv/wCBP/RRfCn/AIOrL/47Xy1+1h+1PoGieAItH+EPirTNT1bWZXgmutIv4buSyt0ALHMLsY3k3AKxx0bHPI4czzClgcLPF1vhiv8Ahl82eXneb0crwNTH4j4YK+m76JfNtI+xLp5T8QLO5XW7aOzj0+WCTTDcYlkuHkVll8rodqgjPXmu9r+XOW7up7pr2aaSS4d/MaZmJkLk53Fick55z1r9Zf2Ov2otNufC194S+L/iiwsJ9HMZ0+/1m+itnuLeTI8vzJ3XzHiK9ck7SM+tfHcP8d08yxawlSlyN3s73vbWz0XQ/OeEfFSjnOYLL6tD2cpX5Xzc17K9noraH6T0V5H/AML/APgT/wBFF8Kf+Dqy/wDjtH/C/wD4E/8ARRfCn/g6sv8A47X35+tHrlFeR/8AC/8A4E/9FF8Kf+Dqy/8AjtH/AAv/AOBP/RRfCn/g6sv/AI7QB65RXkf/AAv/AOBP/RRfCn/g6sv/AI7R/wAL/wDgT/0UXwp/4OrL/wCO0AeuUV5H/wAL/wDgT/0UXwp/4OrL/wCO0f8AC/8A4E/9FF8Kf+Dqy/8AjtAHrlFeR/8AC/8A4E/9FF8Kf+Dqy/8AjtH/AAv/AOBP/RRfCn/g6sv/AI7QB65UFzcwWkDz3MqQxoMl5GCqPqTxXlX/AAv/AOBP/RRfCn/g6sv/AI7X4dftMftPW/xe8faih8TWg8O6fcPBpllHex+QI4yVEpUNtaR+pY564HGK8DiHPVldBVFTc5N2SX6vWx8lxfxVHI8LGsqTqTk7KK/Ft2dkvT/gfvX8Ob7WdQ8E6PN4lu7e91n7JENQltnikja5x8+DD+76/wB3itfxRoC+KNAvfD8l7dafFfwyW8s1n5XnCOVSjhTNHKgyD125HYiv5p/gr8fL34M61pmv6N4ptDPB5Yv4VvU8i9jH30kUsA2RnBIyp5Ff0FaR+0d8CdV0q01L/hYHheH7VDHL5cms2aOhdQdrKZcgjpg1hkOfRzWFSFSm4yjo1rZp9U7L/gHNwpxXDPqVWlVouEo6Na2ad9U7J9PkVPCXwMk8C+GoPCPhXx74qsdLtQ4hixpMrIHJZsSSaYz9Se/HavRfAngmw8A6F/Ydje32pF7ie6nvdSlWa7uJrhy7vK6JGCcnAwowMCuW/wCF/wDwJ/6KL4U/8HVl/wDHaP8Ahf8A8Cf+ii+FP/B1Zf8Ax2vaoYChRadNbKy1bsuyu9Nj6XC5VhcM4ujG3KrLVtJdkm2lstj1yivI/wDhf/wJ/wCii+FP/B1Zf/HaP+F//An/AKKL4U/8HVl/8drsPRPXKK8j/wCF/wDwJ/6KL4U/8HVl/wDHaP8Ahf8A8Cf+ii+FP/B1Zf8Ax2gD1yivI/8Ahf8A8Cf+ii+FP/B1Zf8Ax2j/AIX/APAn/oovhT/wdWX/AMdoA9coryP/AIX/APAn/oovhT/wdWX/AMdo/wCF/wDwJ/6KL4U/8HVl/wDHaAPXK4LWHmHjrQblNbtrSztrTUIrrTnuNkl1NcG3Nu4j6N5Qjk5OCN/GcmvlL9qL9rv4f+BfhjO/w78baBe67qkws4ZLLU7ad7WNgTJNhJGwwAwpPQnPUV+GOq+MdG1nXo9e1HxNa3FziczNNeJJJM8xQ72dnySNvfPWvjuIOLf7OrrD06Lm7Xe6S7LZ6v8AA/OeLeP/AOx8UsJRw7qStdvVJdlondv7lc/q4BB5FFfk5+xD+1x4emt9Q+HfxI8aaWtvYQrcaZe6lqUKFY87XgMksgyF4KAkkAkdAK/Qf/hf/wACf+ii+FP/AAdWX/x2vfynMoY/CxxMIuN+j3TPreH86p5rgYY2nFx5t0901uv8n1R65RXkf/C//gT/ANFF8Kf+Dqy/+O0f8L/+BP8A0UXwp/4OrL/47XpHsnrlFeR/8L/+BP8A0UXwp/4OrL/47R/wv/4E/wDRRfCn/g6sv/jtAHrlFeR/8L/+BP8A0UXwp/4OrL/47R/wv/4E/wDRRfCn/g6sv/jtAHrlFeR/8L/+BP8A0UXwp/4OrL/47R/wv/4E/wDRRfCn/g6sv/jtAHrlFeR/8L/+BP8A0UXwp/4OrL/47R/wv/4E/wDRRfCn/g6sv/jtAHrlfMv7IP8AyQnRv+vrUf8A0qlrvv8Ahf8A8Cf+ii+FP/B1Zf8Ax2vlb9lz9pP9nfw18GtK0fxF8UPB2l38Fzf+Za3mvWNvOm65kZd0ckysMggjI5FAH6C0V8//APDWH7Lf/RYPAn/hSad/8kUf8NYfst/9Fg8Cf+FJp3/yRQB9AUV8/wD/AA1h+y3/ANFg8Cf+FJp3/wAkUf8ADWH7Lf8A0WDwJ/4Umnf/ACRQB9AUV8//APDWH7Lf/RYPAn/hSad/8kVbsP2of2adVvrbS9M+LHgm7vLyVILe3g8Q6fJLNNKwVERFnLM7MQFUAkk4FAHutYXiDxP4f8K2sF74iv4bCG6uoLKBpm2+bc3LhIokHVnZjwB2yegJG6CCMivin9uGw8My+CfAmr+LLWyl0zS/H+hS3lxfxxvBbWsjSJI0jSAqkTEqHJwvTNAH2tRXjvxTtLnVfhm0HgvT9c1ISfZ2tbfwhqNrpF80PYw3F1PbQJGB1HmDI6A184fDLwv8R7Lx5o91q/hP4vWNnHMxluNe8aaLqOmRjYwzcW1vqk00q5wAEjY7sHGATQB9R+NPiZaeFvE2geBdOspNW8SeJVuprKzRxFHHbWQQz3E8pDeXEhkRAQrMzuAFI3EXPht8R9F+Juh3GraVHNaXGn31zpepWNyALiyv7KQxTwSBSVyjqcFSVYYIJBFeAfES3l8J/ta+BPiZ4gmW08L3XhPV/Dn2yZtlvbanJcwXMaSOcLGbiNWCliNxjwOa1v2XPDt/YH4meMZ0dLDxn461bWNLL8CWyJWGKZB12TCPzFJ6hge9AH1XRRRQAUUUUAf/1f38ooooAKQqrDDAH60tFADPKi/uL+Qo8qL+4v5Cn0UAcD8Uo4/+FZeLvkX/AJAWpdv+naStbwdFH/wiej/Iv/Hjb9h/cFZnxS/5Jl4u/wCwFqf/AKTSVr+Df+RT0f8A68bf/wBAFAHQ+VF/cX8hR5UX9xfyFPooAZ5UX9xfyFHlRf3F/IU+igBnlRf3F/IUeVF/cX8hT6KAGeVF/cX8hR5UX9xfyFPooAZ5UX9xfyFHlRf3F/IU+igBnlRf3F/IV8m/td/AvUfjN4Atz4YRX13QZXubSEkKLhJABLECcAMQqlcnHGO9fWtFceYYGljMPPC1/hkrP+vI87N8roZlg6mBxK9yas+/k15p6o/mguPhv8QbXW/+Ebn8N6smqnOLM2c3nsAcEhNu4jPcDFfsF+xf8ANb+EvhjUPEXjOD7NrniDys2jYZra2hyUV8ZAdixLDsMA8ivqm5i8Lnx/ZTTysPEA0yZYI/n2mzMi+Y3TZkPjqc+1dpXyeQ8DYbLcV9b9o5yW11a1/zZ8Bwr4XYLJcd9fdV1JK/LdJJX0v5u2nT07M8qL+4v5Cjyov7i/kKfRX3B+oDPKi/uL+Qo8qL+4v5Cn0UAM8qL+4v5Cjyov7i/kKfRQAzyov7i/kKPKi/uL+Qp9FADPKi/uL+Qo8qL+4v5Cn0UAM8qL+4v5Cvw6/ae/Zi8b+BfHOp+IfDekXWq+GdUnkuoLiziab7MZCWaKZUBKbTwGIww75yB+5FIcEEH0rwOIOH6GbUFSqtpp3TXT/gHyfF3COFz/Cxw9eTjKLvGS6d9OqZ/O58B/2Z/iP8S9R0rRotNvIdIj8sXusXMLwwLCv32RnGHcj7qqWOevGTX9CGk6RY6NpdppNnGqwWcKQRjHRY1Cj+VYHw60jRtA8C6Fovh2/XVNMsrGGG0vUdJFniRcK4aP5GDDuvFdnWfD3DdHKozcZOU57t6fcuhjwjwZhshjUcJudSo7yk1b5JLZasZ5UX9xfyFHlRf3F/IU+ivoz7IZ5UX9xfyFHlRf3F/IU+igBnlRf3F/IUeVF/cX8hT6KAGeVF/cX8hR5UX9xfyFPooAZ5UX9xfyFHlRf3F/IU+igD5v8A2oPgvP8AGj4Yz6Fo2xNZsJhfafuIVZJEBDRFjwodTwTxuAyQMmvwi134T+OtH8XWmjax4e1S21mNbmOCyNpIZJxmPzGjUKTIFwvzJkfN7iv6ba4vVYvC7eOvD82oSsuvJZaoNMjG/a9uxtftZOAVypEONxB5OM84+Pz/AIOoZnXWJU3CdrO2t0fnXFnh1hc7xSxqqunUtytpJprVbd7O1+x8WfsR/s7+Ivhvbah4+8dWbWGqarCtvaWMoxLDbZ3M0o/haQ4+U8gDnk4H6CeVF/cX8hT6K97Kcro5fhY4Whsu+7fVn1nD+R4fKMDDAYW/LHq923u2M8qL+4v5Cjyov7i/kKfRXpHsjPKi/uL+Qo8qL+4v5Cn0UAM8qL+4v5Cjyov7i/kKfRQAzyov7i/kKPKi/uL+Qp9FADPKi/uL+Qo8qL+4v5Cn0UAM8qL+4v5CvmL9kO3gb4FaMzRoT9q1HkqD/wAvUtfUFfMv7IP/ACQnRv8Ar61H/wBKpaAPpP7Lbf8APJP++RR9ltv+eSf98ip6KAIPstt/zyT/AL5FH2W2/wCeSf8AfIqeigCD7Lbf88k/75FKLa3ByIkBH+yKmooAKRlVhhgCPQ89KWigAooooARlVhtYAg9jS0UUAFFFFABRRRQB/9b9/KKKKACiiigAooooA4T4pf8AJMvF3/YC1P8A9JpK1/Bv/Ip6P/142/8A6AKyPil/yTLxd/2AtT/9JpK1/Bv/ACKej/8AXjb/APoAoA6SiiigAooooAKKKKACiiigAooooAKKKKAOLubvw0vj+ysZrZjrr6ZNJBcYO1bQSKHTO7GS+D938a7SuLuda0qLx9ZaBJYK+ozaZNcx321dyQpIqtFuxvAZiDgHHFdpQAUUUUAFFFFABRRRQAUUUUAFFFFABSHGDnpilpDjBz0xQBxvw6t/DNr4F0K28GTNc6FHYwrp8rliz24X5Cdyq2SPUA12dcX8Ornwzd+BdCuvBkDW2hS2MLafC+4MluV+RTuLNkD1JNdpQAUUUUAFFFFABRRRQAUUUUAFFFFABXF6rd+GovHXh+zv7dn1uey1R9OnAO2KCM2v2pSdwALloccH7vbv2lcXqutaVaeOvD+hXNgs2oahZapPa3pVC1tHam1EyBiNwEplTIU4OznoKAO0ooooAKKKKACiiigAooooAKKKKACiiigAr5l/ZB/5ITo3/X1qP/pVLX01XzL+yD/yQnRv+vrUf/SqWgD6aooooAKKKKACiiigAooooAKKKKACiiigAooooAKKKKAP/9f9/KKKKACiiigAooooA4T4pf8AJMvF3/YC1P8A9JpK1/Bv/Ip6P/142/8A6AKyPil/yTLxd/2AtT/9JpK1/Bv/ACKej/8AXjb/APoAoA6SiiigAooooAKKKKACiiigAooooAKKKKAOSuNdvIvG1p4cWwL2s+nzXTX3OI5I5FURfdxlgc/ezx0rra5SfUfESeNLTS4bRW0STT5ZprrYdyXSyKEj3btoBUk425966ugAooooAKKKKACiiigAooooAKKKKACkY4BJ9KWigDjPh1rGj+IPAuha34fsF0vTb2xhmtbJUSMW8TrlUCp8i7R2XiuzpkcccSLFEoRFGFVRgAegAp9ABRRRQAUUUUAFFFFABRRRQAUUUUAFclqWu3tn4y0Pw/Fp5mttStNRnmvRnFs9obcIhwpH77zW6kfc4zzjra5TUdR8RQeMNE02xtFl0a6tNQk1C5KsWhnhNv8AZlDBgAJA8uQVOdowRg5AOrooooAKKKKACiiigAooooAKKKKACiiigAr5l/ZB/wCSE6N/19aj/wClUtfTVePfAdFT4Z6aqAKPNuuAMD/XPQB7DRRRQAUUUUAFFFFABRRRQAUUUUAFFFFABRRRQAUUUUAf/9D9/KKKKACiiigAoor51+NHx11L4Na74etb7ww+o6N4kklsLXU4bpl2auULWtlLELd9hu2GyOUvsBB3YxyAeweO9Lvdc8EeIdF01BJd6hpV7awIWChpZoHRAScAZYjk8CtDw3Z3GneH9OsLtds1vaxRSKCDhkUAjI4PNLY32qf2HHqOsWIgvhb+dNZ2kpudrhdxjjdki3nsCVXJrwN/2jL5HZP+FTfEZtpIyukW5Bx3H+mdKAPpWkBB6c18tftU+PNa8NfCrR00Ga70m78YeJdA8OtPGfJurWDVLpFuMMM+XJ5IdAwOVZsqQcGsrQtQuvAH7VyfCrQnmHhrX/BI1xrR3aSK11CyuzbNJFuJ2faI2UuBwzoX+8zEgH13RRRQAUUUUAFFFFABRRRQAUUUUAcpOPFP/CaWhgK/8I9/Z8v2gfJu+2eYvl9fnxsz049a6uiigAooooAKKKKACiiigAooooAKKKKACivnX40fHXUvg1rvh61vvDD6jo3iSSWwtdThumXZq5Qta2UsQt32G7YbI5S+wEHdjHPuNjfap/Yceo6xYiC+Fv501naSm52uF3GON2SLeewJVcmgDZor5qf9oy+R2T/hU3xGbaSMrpFuQcdx/pnSs79qnx5rXhr4V6NHoU13pN34w8S6B4daeM+VdWtvql0i3GHBPlSGEOgYHKswKkHBoA+pQQenNBIHWvkbQdQuvAP7VyfCnQnmHhrX/BI1xrR3aSK11CyuzbNJFuzs+0RspcDhnQv95mJxP2u/DHxR16HR9S0DwgvjnwbokNxd6xolh4lv/DmszzZXbJbvZ+UJvJiVikTTrvZiNpO00AfavWivKPgbrXgnxF8JPC2t/DmK4t/Dt5psEtjDdyyzXMcbKPknkneSV5VOQ7O7MWzkk816vQAUUUUAFFFFABRRRQAVymojxT/wmGiHTiv9gi01D+0wdm77Rm3+yYz8+Mednbx03dq6uigAooooAKKKKACiiigAooooAKKKKACiivDvjn8Yrr4I6Jp3jC+0M6l4aN/Baa1qEdw6PpMFw2xbp4UglaWIOQrbSCCw4xkgA9xrzr4VeHtU8L+CbLRdZiEN3C87OiurgB5GYcqSOhFbfgrWtb8ReG7LW9f0tNGur2MTCzS5+1GON+U3v5cY3lcFgAQDwGPWvINT/aBvdN1G5sF+FvxBuxbytEJ7bSoHhl2nG6NjdqSp6g4HFAH0TRWJ4c1l/EOh2WtPp97pTXkKymz1CMRXcBYfclRWcK47gMfrXzJ+ztc6ifip8ctMu9Rv7630/wAW20Vol9dzXX2eN9NtZDHEZnfZHuYkIuFGeAKAPraiiigAooooAKKKKACiiigAooooAKKKKACiiigD/9H9/KKKKACiiigArwX4yfA+P412t5ofinVUXQm06WLT7JLV/Ns9WY5i1LzhcLvltiFMKhEKHd853ce9UUAcN4I8N+I9G8DWHhbxxri+JNSt7MWd1qtvatpjXQC7PMMazzNHIV6skn3uV29vJX/ZN+DUjtI3/CW5YknHjnxQBk+w1XA/CvpOigDy74m/CnQ/iZ4E/wCEIvppbQW09ne6degmeazvtOlSe1nBlJMhSRBuDNl1LAkZzVfw38MZbHx7c/E3xTqUWseIZdJt9Ehlt7VrOC3s4HeZgsTTzkvLLIzOxfptUDC8+s0UAFFFFABRRRQAUUUUAFFFFABRRRQAUUUUAFFFFABRRRQAUUUUAFFFFABRRRQB4L8ZPgfH8a7W80PxTqqLoTadLFp9klq/m2erMcxal5wuF3y2xCmFQiFDu+c7uPQfBHhvxHo3gaw8LeONcXxJqVvZizutVt7VtMa6AXZ5hjWeZo5CvVkk+9yu3t3NFAHzY/7JvwakdpG/4S3LEk48c+KAMn2Gq4H4V6F8TfhTofxM8Cf8IRfTS2gtZ7K9069BM81nfadKk9rODKSZCkiDcGbLqWBYZzXqNFAHkvhz4YzWPjy5+JvijUotX8RS6Tb6JBLBatZ29vZwO8zBYmnnJeWWRmdi/TaoA25ORY+DfjrD5cGofEbSby3eze3uW/4Rgw3JnZ2IngkTUgkRWNgu14pV3KG7la9xooA5PwL4L0P4d+EdK8E+G42i03R7ZLW3Dtvcqg6sx5ZieSe5rrKKKACiiigAooooAKKKKACiiigAooooAKKKKACiiigAooooAKKKKACvLviV8Nk+KEVr4e8Q3UEvhJ1mGr6NLatJ/ae9CsaPMJkCRRklynlsWcKQy7efUaKAPI/gl8PPE/wr8BWXgXxL4nHixdK3QWF69kbOdLJT+5hmJuLjzniTC+ZlSwAJGck8pqf7Lfwi1fULnVL3/hKvtF3K00vk+NPEsEe9zk7Y4tUSNBnoqqFHQAV9D0UAYvhzw/pvhXQ7Lw7o/wBo+xWESwQfa7qe9n2IMDfcXMks8rerSOzHua8k+Fvwj174e+N/H3i/U/ENrq8XjnVY9VNrDpj2bWbx28VuqCVrucSjZECTsQ5z24r3WigAooooAKKKKACiiigAooooAKKKKACiiigAooooA//S/fyiiigAooooAKKKKACiiigAooooAKKKKACiiigAooooAKKKKACiiigAooooAKKKKACiiigAooooAKKKKACiiigAooooAKKKKACiiigAooooAKKKKACiiigAooooAKKKKACiiigAooooAKKKKACiiigAooooAKKKKACiiigAooooAKKKKACiiigAooooAKKKKACiiigAooooAKKKKAP/2Q==</file>
    </generalfeedback>
    <defaultgrade>4.0000000</defaultgrade>
    <penalty>0.0000000</penalty>
    <hidden>0</hidden>
    <idnumber></idnumber>
    <correctfeedback format="html">
      <text>Vaše odpověď je správná.</text>
    </correctfeedback>
    <partiallycorrectfeedback format="html">
      <text>Vaše odpověď je částečně správná.</text>
    </partiallycorrectfeedback>
    <incorrectfeedback format="html">
      <text>Vaše odpověď je chybná.</text>
    </incorrectfeedback>
    <shownumcorrect/>
<varsrandom><text></text>
</varsrandom>
<varsglobal><text><![CDATA[c=2;c2=4;  f = "xt"; a=0;b=1; phi="\sin(\pi x)"; psi="0"; alpha="0"; beta = "0";h=0.25; tau = 0.1; tau2=2*tau;
sigma = c*tau/h; sigma2 = sigma*sigma;
x = [a, a+h, a+2*h, a+3*h, b];
u0 = [0, sin(pi()*x[1]), sin(pi()*x[2]), sin(pi()*x[3]), 0];
u1 =[0, u0[1], u0[2] , u0[3] , 0];
u2=[0,   sigma2*(u1[0] + u1[2]) + 2*(1-sigma2)*u1[1]  -u0[1] + tau*tau*tau*x[1],  sigma2*(u1[1] + u1[3]) + 2*(1-sigma2)*u1[2]  -u0[2] + tau*tau*tau*x[2],  sigma2*(u1[2] + u1[4]) + 2*(1-sigma2)*u1[3]  -u0[3] + tau*tau*tau*x[3],  0];

]]></text>
</varsglobal>
<answernumbering><text>abc</text>
</answernumbering>
<answers>
 <partindex>
  <text>0</text>
 </partindex>
 <placeholder>
  <text></text>
 </placeholder>
 <answermark>
  <text>1</text>
 </answermark>
 <answertype>
  <text>10</text>
 </answertype>
 <numbox>
  <text>5</text>
 </numbox>
 <vars1>
  <text></text>
 </vars1>
 <answer>
  <text>u0</text>
 </answer>
 <vars2>
  <text></text>
 </vars2>
 <correctness>
  <text><![CDATA[_relerr < 0.01]]></text>
 </correctness>
 <unitpenalty>
  <text>1</text>
 </unitpenalty>
 <postunit>
  <text></text>
 </postunit>
 <ruleid>
  <text>1</text>
 </ruleid>
 <otherrule>
  <text></text>
 </otherrule>
 <subqtext format="html">
<text><![CDATA[<p>Určete hodnoty \(u\) v bodech nulté časové vrstvy:</p><p>\(u({x[0]}, 0) =\) {_0}</p><p>\(u({x[1]}, 0) = \){_1}<br></p><p> \(u({x[2]}, 0) = \){_2} <br></p><p>\(u({x[3]}, 0) = \){_3}</p><p>\(u({x[4]}, 0) = \){_4}<br></p><p><br></p><p><br></p>]]></text>
 </subqtext>
 <feedback format="html">
<text></text>
 </feedback>
 <correctfeedback format="html">
<text></text>
 </correctfeedback>
 <partiallycorrectfeedback format="html">
<text></text>
 </partiallycorrectfeedback>
 <incorrectfeedback format="html">
<text></text>
 </incorrectfeedback>
</answers>
<answers>
 <partindex>
  <text>1</text>
 </partindex>
 <placeholder>
  <text></text>
 </placeholder>
 <answermark>
  <text>1</text>
 </answermark>
 <answertype>
  <text>10</text>
 </answertype>
 <numbox>
  <text>5</text>
 </numbox>
 <vars1>
  <text></text>
 </vars1>
 <answer>
  <text>u1</text>
 </answer>
 <vars2>
  <text></text>
 </vars2>
 <correctness>
  <text><![CDATA[_relerr < 0.01]]></text>
 </correctness>
 <unitpenalty>
  <text>1</text>
 </unitpenalty>
 <postunit>
  <text></text>
 </postunit>
 <ruleid>
  <text>1</text>
 </ruleid>
 <otherrule>
  <text></text>
 </otherrule>
 <subqtext format="html">
<text><![CDATA[<p>Určete přibližné hodnoty \(U_i^1\) v bodech první časové vrstvy .</p><p></p><p>\(U({x[0]}, {tau}) =\) {_0}</p><p>\(U({x[1]}, {tau}) = \){_1}<br></p><p> \(U({x[2]}, {tau}) = \){_2} <br></p><p></p><p>\(U({x[3]}, {tau}) = \){_3}<br></p><p> \(U({x[4]}, {tau}) = \){_4} </p><br><p></p><p></p><p><br></p>]]></text>
 </subqtext>
 <feedback format="html">
<text></text>
 </feedback>
 <correctfeedback format="html">
<text></text>
 </correctfeedback>
 <partiallycorrectfeedback format="html">
<text></text>
 </partiallycorrectfeedback>
 <incorrectfeedback format="html">
<text></text>
 </incorrectfeedback>
</answers>
<answers>
 <partindex>
  <text>2</text>
 </partindex>
 <placeholder>
  <text></text>
 </placeholder>
 <answermark>
  <text>1</text>
 </answermark>
 <answertype>
  <text>10</text>
 </answertype>
 <numbox>
  <text>2</text>
 </numbox>
 <vars1>
  <text></text>
 </vars1>
 <answer>
  <text>[sigma, sigma2]</text>
 </answer>
 <vars2>
  <text></text>
 </vars2>
 <correctness>
  <text><![CDATA[_relerr < 0.01]]></text>
 </correctness>
 <unitpenalty>
  <text>1</text>
 </unitpenalty>
 <postunit>
  <text></text>
 </postunit>
 <ruleid>
  <text>1</text>
 </ruleid>
 <otherrule>
  <text></text>
 </otherrule>
 <subqtext format="html">
<text><![CDATA[<p>Určete \(\displaystyle \sigma = \frac{c\tau}{\ h}\) {_0}&nbsp; a \(\sigma^2 = \frac{c^2\tau^2}{{h^2}}\)={_1}.<br></p>]]></text>
 </subqtext>
 <feedback format="html">
<text></text>
 </feedback>
 <correctfeedback format="html">
<text></text>
 </correctfeedback>
 <partiallycorrectfeedback format="html">
<text></text>
 </partiallycorrectfeedback>
 <incorrectfeedback format="html">
<text></text>
 </incorrectfeedback>
</answers>
<answers>
 <partindex>
  <text>3</text>
 </partindex>
 <placeholder>
  <text></text>
 </placeholder>
 <answermark>
  <text>1</text>
 </answermark>
 <answertype>
  <text>10</text>
 </answertype>
 <numbox>
  <text>1</text>
 </numbox>
 <vars1>
  <text></text>
 </vars1>
 <answer>
  <text>u2[2]</text>
 </answer>
 <vars2>
  <text></text>
 </vars2>
 <correctness>
  <text><![CDATA[_relerr < 0.01]]></text>
 </correctness>
 <unitpenalty>
  <text>1</text>
 </unitpenalty>
 <postunit>
  <text></text>
 </postunit>
 <ruleid>
  <text>1</text>
 </ruleid>
 <otherrule>
  <text></text>
 </otherrule>
 <subqtext format="html">
<text><![CDATA[<p></p><p>Určete přibližnou hodnotu \(U({x[2]},{tau2})\)&nbsp; explicitní metodou.</p><p></p><p>\(U({x[2]}, {tau2}) =\) {_0}</p><p></p>]]></text>
 </subqtext>
 <feedback format="html">
<text></text>
 </feedback>
 <correctfeedback format="html">
<text></text>
 </correctfeedback>
 <partiallycorrectfeedback format="html">
<text></text>
 </partiallycorrectfeedback>
 <incorrectfeedback format="html">
<text></text>
 </incorrectfeedback>
</answers>
  </question>

<!-- question: 152018  -->
  <question type="formulas">
    <name>
      <text>Vlnová rovnice od Marty Čertíkové</text>
    </name>
    <questiontext format="html">
      <text><![CDATA[<p>Je dána <b>smíšená úloha pro vlnovou rovnici</b></p><p>$$
\frac{\partial^{2} u}{\partial t^{2}}={c2}\frac{\partial^{2} u}{\partial x^{2}}+{xt}\quad \mbox{ v oblasti&nbsp; }\Omega=\{[x,t]:x\in({a},\ {b}),\ t&gt;0\},$$</p><p>s <b>počátečními</b> podmínkami: \( u(x,0) =2x,\quad \frac{\partial u}{\partial t}(x,0) =x-{a},\quad x \in \langle {a},\ {b} \rangle\)<br></p><p>a <b>okrajovými</b> podmínkami: \(u({a},\ t) ={a2},\quad u({b},\ t) = {b2} +{h5}t,\quad t \in \langle 0,\ \infty)\).<br></p>]]></text>
    </questiontext>
    <generalfeedback format="html">
      <text><![CDATA[<p>Při řešení smíšené úlohy pro vlnovou rovnici </p><p>$$
\frac{\partial^{2} u}{\partial t^{2}}=\mathbf{c^2}\frac{\partial^{2} u}{\partial
 x^{2}}+f(x,t)\quad \mbox{ v oblasti&nbsp; }\Omega=\{[x,t]:x\in(a,\ b),\ 
t&gt;0\},$$ s počátečními a okrajovými podmínkami</p><p>
$$\left.
\begin{array}{rcl}
u(x,0) &amp;=&amp; \varphi(x) \\
\frac{\partial u}{\partial t}(x,0) &amp;=&amp; \psi(x)
\end{array}
\right\} x \in \langle a,\ b \rangle, \quad&nbsp; \left.
\begin{array}{rcl}
u(a,\ t) &amp;=&amp;\alpha(t) \\ u(b,\ t)&amp;=&amp; \beta(t)
\end{array}
\right\} t \in \langle 0,\ \infty ) $$ se zvolenými kroky \(h\) a \(\tau\) tak, že platí \(\displaystyle \frac{\mathbf{\ c} \tau}{\ h}\leq 1\) lze použít explicitní schéma. <br></p><p></p><p>Hodnoty v nulté časové vrstvě \(U_i^0\) počítáme z počáteční podmínky pro polohu: \(U_i^0 = \varphi(x_i)\).</p><p>Hodnoty v první časové vrstvě \(U_i^1\) lze počítat z počátečních podmínek pro polohu a pro rychlost: \(U_i^1 = \varphi(x_i) + \tau\psi(x_i)\).</p><p>Hodnoty v dalších časových vrstvách \(k+1 = 2,3,\dots \) počítáme:<br></p><p>$$U_i^{k+1} = \frac{c^2\tau^2}{h^2} U_{i-1}^k +2 \left( 1-\frac{c^2\tau^2}{h^2}\right)U_i^k + \frac{c^2\tau^2}{h^2}U_{i+1}^k - U_i^{k-1} + \tau^2 f(x_i,\ t^k)$$</p><p>Hodnoty v krajních bodech \(x_0=a, x_n=b\) počítáme pro všechna \(t\) z okrajových podmínek \(U_0^k = \alpha(t^k), U_n^k = \beta(t^k)\)<br></p>]]></text>
    </generalfeedback>
    <defaultgrade>6.0000000</defaultgrade>
    <penalty>0.0000000</penalty>
    <hidden>0</hidden>
    <idnumber></idnumber>
    <correctfeedback format="html">
      <text>Vaše odpověď je správná.</text>
    </correctfeedback>
    <partiallycorrectfeedback format="html">
      <text>Vaše odpověď je částečně správná.</text>
    </partiallycorrectfeedback>
    <incorrectfeedback format="html">
      <text>Vaše odpověď je chybná.</text>
    </incorrectfeedback>
    <shownumcorrect/>
<varsrandom><text>h = {0.4, 0.8};
a = {0, 1, 2, 3};
k = {1, 2, 3, 4};
c = {1,2};
tau = {0.1, 0.2};</text>
</varsrandom>
<varsglobal><text>c2=c*c;   tau2=tau+tau; h5=5*h;
sigma = c*tau/h; sigma2 = sigma*sigma;
x = [a, a+h, a+2*h, a+3*h, a+4*h, a+5*h];
u0 = [2*x[0], 2*x[1], 2*x[2], 2*x[3], 2*x[4], 2*x[5]];
u1 = [2*x[0], 2*x[1]+tau*h, 2*x[2]+2*tau*h, 2*x[3]+3*tau*h, 2*x[4]+4*tau*h, 2*x[5]+5*tau*h];
uA=sigma2*(u1[k-1] + u1[k+1]) + 2*(1-sigma2)*u1[k] - u0[k] + tau*tau*x[k]*tau;
a2=2*a; b=x[5]; b2=2*x[5]; xk=x[k];
#a=x[0];b=x[5];
#u_tt = {c^2} u_xx + xt, \Omega = ({x[0]}, {x[5]})x(0, T)
#u(x,0) = 2x
#u'(x,0) = x-{a}
#u({x[0]},t) = {2*a}
#u({x[5]},t) = {2*x[5]+5*h}t
#Určete přibližnou hodnotu v bodě A = [{x[k]}, {2*tau}] explicitní metodou, volte
</text>
</varsglobal>
<answernumbering><text>abc</text>
</answernumbering>
<answers>
 <partindex>
  <text>0</text>
 </partindex>
 <placeholder>
  <text></text>
 </placeholder>
 <answermark>
  <text>1</text>
 </answermark>
 <answertype>
  <text>10</text>
 </answertype>
 <numbox>
  <text>9</text>
 </numbox>
 <vars1>
  <text></text>
 </vars1>
 <answer>
  <text>[u0[0], u0[0],u0[5], u0[5], 0,0, 5*h, 5*h, 1]</text>
 </answer>
 <vars2>
  <text></text>
 </vars2>
 <correctness>
  <text><![CDATA[_relerr < 0.01]]></text>
 </correctness>
 <unitpenalty>
  <text>1</text>
 </unitpenalty>
 <postunit>
  <text></text>
 </postunit>
 <ruleid>
  <text>1</text>
 </ruleid>
 <otherrule>
  <text></text>
 </otherrule>
 <subqtext format="html">
<text><![CDATA[<p>Ověřte, zda jsou splněny <b>podmínky souhlasu</b>.</p><p>Uveďte hodnoty, které porovnáváte pro splnění počáteční podmínky <b>pro polohu</b>:</p><p>\("\varphi(a)" = \){_0}, \("\alpha(0)" = \){_1}, \("\varphi(b)"=\){_2}, \("\beta(0)"=\){_3}<br></p><p></p><p>Uveďte hodnoty, které porovnáváte pro splnění počáteční podmínky <b>pro rychlost</b>:</p><p>\("\psi(a)" = \){_4}, \("\dot\alpha(0)" = \){_5},&nbsp; \("\psi(b)" = \){_6}, \("\dot\beta(0)"= \){_7}</p><p>Jsou-li podmínky souhlasu <b>splněny, zadejte 1</b>, pokud <b>nejsou splněny, zadejte 0</b>.</p><p>Jsou podmínky souhlasu splněny? {_8}<br></p>]]></text>
 </subqtext>
 <feedback format="html">
<text></text>
 </feedback>
 <correctfeedback format="html">
<text></text>
 </correctfeedback>
 <partiallycorrectfeedback format="html">
<text></text>
 </partiallycorrectfeedback>
 <incorrectfeedback format="html">
<text></text>
 </incorrectfeedback>
</answers>
<answers>
 <partindex>
  <text>1</text>
 </partindex>
 <placeholder>
  <text></text>
 </placeholder>
 <answermark>
  <text>1</text>
 </answermark>
 <answertype>
  <text>10</text>
 </answertype>
 <numbox>
  <text>6</text>
 </numbox>
 <vars1>
  <text></text>
 </vars1>
 <answer>
  <text>u0</text>
 </answer>
 <vars2>
  <text></text>
 </vars2>
 <correctness>
  <text><![CDATA[_relerr < 0.01]]></text>
 </correctness>
 <unitpenalty>
  <text>1</text>
 </unitpenalty>
 <postunit>
  <text></text>
 </postunit>
 <ruleid>
  <text>1</text>
 </ruleid>
 <otherrule>
  <text></text>
 </otherrule>
 <subqtext format="html">
<text><![CDATA[<p>Jsou zadané kroky: prostorový \(h = {h}\) a časový \(\tau = {tau}\).<br></p><p>Určete hodnoty \(u\) v <b>nulté časové vrstvě:</b></p><p></p><p>\(u({x[0]}, 0) =\) {_0}</p><p>\(u({x[1]}, 0) = \){_1}<br></p><p> \(u({x[2]}, 0) = \){_2} <br></p><p>\(u({x[3]}, 0) = \){_3}</p><p>\(u({x[4]}, 0 )= \){_4} <br></p><p>\(u({x[5]}, 0) = \){_5}<br></p>]]></text>
 </subqtext>
 <feedback format="html">
<text></text>
 </feedback>
 <correctfeedback format="html">
<text></text>
 </correctfeedback>
 <partiallycorrectfeedback format="html">
<text></text>
 </partiallycorrectfeedback>
 <incorrectfeedback format="html">
<text></text>
 </incorrectfeedback>
</answers>
<answers>
 <partindex>
  <text>2</text>
 </partindex>
 <placeholder>
  <text></text>
 </placeholder>
 <answermark>
  <text>0.5</text>
 </answermark>
 <answertype>
  <text>10</text>
 </answertype>
 <numbox>
  <text>1</text>
 </numbox>
 <vars1>
  <text></text>
 </vars1>
 <answer>
  <text>u1[0]</text>
 </answer>
 <vars2>
  <text></text>
 </vars2>
 <correctness>
  <text><![CDATA[_relerr < 0.01]]></text>
 </correctness>
 <unitpenalty>
  <text>1</text>
 </unitpenalty>
 <postunit>
  <text></text>
 </postunit>
 <ruleid>
  <text>1</text>
 </ruleid>
 <otherrule>
  <text></text>
 </otherrule>
 <subqtext format="html">
<text><![CDATA[<p>Určete přibližné hodnoty \(U_i^1,\ i=0,\dots 5\) v <b>první časové vrstvě</b>.</p><p>\(U({x[0]}, {tau}) =\) {_0}</p>]]></text>
 </subqtext>
 <feedback format="html">
<text></text>
 </feedback>
 <correctfeedback format="html">
<text></text>
 </correctfeedback>
 <partiallycorrectfeedback format="html">
<text></text>
 </partiallycorrectfeedback>
 <incorrectfeedback format="html">
<text></text>
 </incorrectfeedback>
</answers>
<answers>
 <partindex>
  <text>3</text>
 </partindex>
 <placeholder>
  <text></text>
 </placeholder>
 <answermark>
  <text>1</text>
 </answermark>
 <answertype>
  <text>10</text>
 </answertype>
 <numbox>
  <text>4</text>
 </numbox>
 <vars1>
  <text></text>
 </vars1>
 <answer>
  <text>[u1[1],u1[2],u1[3],u1[4]]</text>
 </answer>
 <vars2>
  <text></text>
 </vars2>
 <correctness>
  <text><![CDATA[_relerr < 0.01]]></text>
 </correctness>
 <unitpenalty>
  <text>1</text>
 </unitpenalty>
 <postunit>
  <text></text>
 </postunit>
 <ruleid>
  <text>1</text>
 </ruleid>
 <otherrule>
  <text></text>
 </otherrule>
 <subqtext format="html">
<text><![CDATA[<p>\(U({x[1]}, {tau}) = \){_0}<br></p><p></p><p> \(U({x[2]}, {tau}) = \){_1} <br></p><p>\(U({x[3]}, {tau}) = \){_2}</p><p>\(U({x[4]}, {tau} )= \){_3} <br></p>]]></text>
 </subqtext>
 <feedback format="html">
<text></text>
 </feedback>
 <correctfeedback format="html">
<text></text>
 </correctfeedback>
 <partiallycorrectfeedback format="html">
<text></text>
 </partiallycorrectfeedback>
 <incorrectfeedback format="html">
<text></text>
 </incorrectfeedback>
</answers>
<answers>
 <partindex>
  <text>4</text>
 </partindex>
 <placeholder>
  <text></text>
 </placeholder>
 <answermark>
  <text>0.5</text>
 </answermark>
 <answertype>
  <text>10</text>
 </answertype>
 <numbox>
  <text>1</text>
 </numbox>
 <vars1>
  <text></text>
 </vars1>
 <answer>
  <text>u1[5]</text>
 </answer>
 <vars2>
  <text></text>
 </vars2>
 <correctness>
  <text><![CDATA[_relerr < 0.01]]></text>
 </correctness>
 <unitpenalty>
  <text>1</text>
 </unitpenalty>
 <postunit>
  <text></text>
 </postunit>
 <ruleid>
  <text>1</text>
 </ruleid>
 <otherrule>
  <text></text>
 </otherrule>
 <subqtext format="html">
<text><![CDATA[<p>\(U({x[5]}, {tau}) = \){_0}</p>]]></text>
 </subqtext>
 <feedback format="html">
<text></text>
 </feedback>
 <correctfeedback format="html">
<text></text>
 </correctfeedback>
 <partiallycorrectfeedback format="html">
<text></text>
 </partiallycorrectfeedback>
 <incorrectfeedback format="html">
<text></text>
 </incorrectfeedback>
</answers>
<answers>
 <partindex>
  <text>5</text>
 </partindex>
 <placeholder>
  <text></text>
 </placeholder>
 <answermark>
  <text>1</text>
 </answermark>
 <answertype>
  <text>0</text>
 </answertype>
 <numbox>
  <text>3</text>
 </numbox>
 <vars1>
  <text></text>
 </vars1>
 <answer>
  <text>[sigma, sigma2,1]</text>
 </answer>
 <vars2>
  <text></text>
 </vars2>
 <correctness>
  <text><![CDATA[_relerr < 0.01]]></text>
 </correctness>
 <unitpenalty>
  <text>1</text>
 </unitpenalty>
 <postunit>
  <text></text>
 </postunit>
 <ruleid>
  <text>1</text>
 </ruleid>
 <otherrule>
  <text></text>
 </otherrule>
 <subqtext format="html">
<text><![CDATA[<p>Určete \(\displaystyle "\sigma" =\){_0}&nbsp; a \("\sigma^2" =\){_1}.</p><p>Rozhodněte, zda je explicitní schéma při zadané volbě kroků \(h={h},\ \tau = {tau}\) pro zadanou vlnovou rovnici <b>stabilní. </b><br></p><p>Je-li <b>stabilní, zadejte 1,</b> pokud <b>není stabilní, zadejte 0</b>.</p><p>Je explicitní schéma stabilní? {_2} <br></p>]]></text>
 </subqtext>
 <feedback format="html">
<text></text>
 </feedback>
 <correctfeedback format="html">
<text></text>
 </correctfeedback>
 <partiallycorrectfeedback format="html">
<text></text>
 </partiallycorrectfeedback>
 <incorrectfeedback format="html">
<text></text>
 </incorrectfeedback>
</answers>
<answers>
 <partindex>
  <text>6</text>
 </partindex>
 <placeholder>
  <text></text>
 </placeholder>
 <answermark>
  <text>1</text>
 </answermark>
 <answertype>
  <text>10</text>
 </answertype>
 <numbox>
  <text>1</text>
 </numbox>
 <vars1>
  <text></text>
 </vars1>
 <answer>
  <text>uA</text>
 </answer>
 <vars2>
  <text></text>
 </vars2>
 <correctness>
  <text><![CDATA[_relerr < 0.01]]></text>
 </correctness>
 <unitpenalty>
  <text>1</text>
 </unitpenalty>
 <postunit>
  <text></text>
 </postunit>
 <ruleid>
  <text>1</text>
 </ruleid>
 <otherrule>
  <text></text>
 </otherrule>
 <subqtext format="html">
<text><![CDATA[<p>Určete přibližnou hodnotu \(\rm{U}\)&nbsp; v bodě \(A = [{xk}, {tau2}]\) použitím explicitního schématu.</p><p>\( \rm U( {xk}, {tau2}) = \) {_0}<br></p>]]></text>
 </subqtext>
 <feedback format="html">
<text></text>
 </feedback>
 <correctfeedback format="html">
<text></text>
 </correctfeedback>
 <partiallycorrectfeedback format="html">
<text></text>
 </partiallycorrectfeedback>
 <incorrectfeedback format="html">
<text></text>
 </incorrectfeedback>
</answers>
  </question>

</quiz>