<?xml version="1.0" encoding="UTF-8"?>
<quiz>
<!-- question: 0  -->
  <question type="category">
    <category>
      <text>$course$/top/Výchozí v B192-2011049/teplo explicitni</text>
    </category>
    <info format="html">
      <text></text>
    </info>
    <idnumber></idnumber>
  </question>

<!-- question: 152019  -->
  <question type="formulas">
    <name>
      <text>Rovnice vedení tepla explicitní (od Marty Čertíkové)</text>
    </name>
    <questiontext format="html">
      <text><![CDATA[<p>Je dána <b>smíšená úloha pro rovnici vedení tepla:</b> $$\frac{\partial u}{\partial t} ={{p}}\frac{\partial^2 u}{\partial x^2} + {{f}} \ \mbox{ v oblasti } \Omega = \{[x,t]:\ x\in({a},{b}),\ t&gt;0\}$$ s počáteční podmínkou \( u(x,0) = 2(x-{a}),\ x\in\langle {a},\ {b}\rangle \) <br></p><p>a okrajovými podmínkami \( u({a},t) = {{alpha}},\ u({b},t) = {h10}-{{alpha}},\ t\geq 0\).</p>]]></text>
    </questiontext>
    <generalfeedback format="html">
      <text><![CDATA[<p>Přibližnou hodnotu řešení \(U_A\) v bodě \(A\) určíme pomocí explicitního schématu <br></p><p>$$U_A = \frac{p\tau}{h^2}U_B + \left(1 - 2 \frac{p\tau}{h^2}\right) U_C + \frac{p\tau}{h^2}U_D + \tau f(C),$$</p><p>kde \(U_B,\ U_C,\ U_D\) jsou hodnoty na nulté časové vrstvě. Ty určíme z počáteční podmínky \(U_i^0 = 2(x-{a})\).<br></p><p>Pro zadanou úlohu je \(p={p}\), jsou zvolené kroky \(h={h}, \tau = {tau}\), tedy \(\displaystyle \frac{p\tau}{h^2} = {sigma}\). <br></p>]]></text>
<file name="explicitni1_moodle.jpg" path="/" encoding="base64">/9j/4AAQSkZJRgABAQAASABIAAD/4QBMRXhpZgAATU0AKgAAAAgAAgESAAMAAAABAAEAAIdpAAQAAAABAAAAJgAAAAAAAqACAAQAAAABAAAB/6ADAAQAAAABAAAA6AAAAAD/4QkhaHR0cDovL25zLmFkb2JlLmNvbS94YXAvMS4wLwA8P3hwYWNrZXQgYmVnaW49Iu+7vyIgaWQ9Ilc1TTBNcENlaGlIenJlU3pOVGN6a2M5ZCI/PiA8eDp4bXBtZXRhIHhtbG5zOng9ImFkb2JlOm5zOm1ldGEvIiB4OnhtcHRrPSJYTVAgQ29yZSA1LjQuMCI+IDxyZGY6UkRGIHhtbG5zOnJkZj0iaHR0cDovL3d3dy53My5vcmcvMTk5OS8wMi8yMi1yZGYtc3ludGF4LW5zIyI+IDxyZGY6RGVzY3JpcHRpb24gcmRmOmFib3V0PSIiLz4gPC9yZGY6UkRGPiA8L3g6eG1wbWV0YT4gICAgICAgICAgICAgICAgICAgICAgICAgICAgICAgICAgICAgICAgICAgICAgICAgICAgICAgICAgICAgICAgICAgICAgICAgICAgICAgICAgICAgICAgICAgICAgICAgICAgICAgICAgICAgICAgICAgICAgICAgICAgICAgICAgICAgICAgICAgICAgICAgICAgICAgICAgICAgICAgICAgICAgICAgICAgICAgICAgICAgICAgICAgICAgICAgICAgICAgICAgICAgICAgICAgICAgICAgICAgICAgICAgICAgICAgICAgICAgICAgICAgICAgICAgICAgICAgICAgICAgICAgICAgICAgICAgICAgICAgICAgICAgICAgICAgICAgICAgICAgICAgICAgICAgICAgICAgICAgICAgICAgICAgICAgICAgICAgICAgICAgICAgICAgICAgICAgICAgICAgICAgICAgICAgICAgICAgICAgICAgICAgICAgICAgICAgICAgICAgICAgICAgICAgICAgICAgICAgICAgICAgICAgICAgICAgICAgICAgICAgICAgICAgICAgICAgICAgICAgICAgICAgICAgICAgICAgICAgICAgICAgICAgICAgICAgICAgICAgICAgICAgICAgICAgICAgICAgICAgICAgICAgICAgICAgICAgICAgICAgICAgICAgICAgICAgICAgICAgICAgICAgICAgICAgICAgICAgICAgICAgICAgICAgICAgICAgICAgICAgICAgICAgICAgICAgICAgICAgICAgICAgICAgICAgICAgICAgICAgICAgICAgICAgICAgICAgICAgICAgICAgICAgICAgICAgICAgICAgICAgICAgICAgICAgICAgICAgICAgICAgICAgICAgICAgICAgICAgICAgICAgICAgICAgICAgICAgICAgICAgICAgICAgICAgICAgICAgICAgICAgICAgICAgICAgICAgICAgICAgICAgICAgICAgICAgICAgICAgICAgICAgICAgICAgICAgICAgICAgICAgICAgICAgICAgICAgICAgICAgICAgICAgICAgICAgICAgICAgICAgICAgICAgICAgICAgICAgICAgICAgICAgICAgICAgICAgICAgICAgICAgICAgICAgICAgICAgICAgICAgICAgICAgICAgICAgICAgICAgICAgICAgICAgICAgICAgICAgICAgICAgICAgICAgICAgICAgICAgICAgICAgICAgICAgICAgICAgICAgICAgICAgICAgICAgICAgICAgICAgICAgICAgICAgICAgICAgICAgICAgICAgICAgICAgICAgICAgICAgICAgICAgICAgICAgICAgICAgICAgICAgICAgICAgICAgICAgICAgICAgICAgICAgICAgICAgICAgICAgICAgICAgICAgICAgICAgICAgICAgICAgICAgICAgICAgICAgICAgICAgICAgICAgICAgICAgICAgICAgICAgICAgICAgICAgICAgICAgICAgICAgICAgICAgICAgICAgICAgICAgICAgICAgICAgICAgICAgICAgICAgICAgICAgICAgICAgICAgICAgICAgICAgICAgICAgICAgICAgICAgICAgICAgICAgICAgICAgICAgICAgICAgICAgICAgICAgICAgICAgICAgICAgICAgICAgICAgICAgICAgICAgICAgICAgICAgICAgICAgICAgICAgICAgICAgICAgICAgICAgICAgICAgICAgICAgICAgICAgICAgICAgICAgICAgICAgICAgICAgICAgICAgICAgICAgICAgICAgICAgICAgICAgICAgICAgICAgICAgICAgICAgICAgICAgICAgICAgICAgICAgICAgICAgICAgICAgICAgICAgICAgICAgICAgICAgICAgICAgICAgICAgICAgICAgICAgICAgICAgICAgICAgICAgICAgICAgICAgICAgICAgICAgICAgICAgICAgICAgICAgICAgICAgICAgICAgICAgICAgICAgICAgICAgICAgICAgICAgICAgICAgICAgICAgICAgICAgICAgICAgICAgICAgICAgICAgICAgICAgICAgICAgICAgICAgICAgICAgICAgICAgICAgICAgICAgICAgICAgICAgICAgICAgICAgICAgICAgICAgICAgICAgICAgICAgICAgICAgICAgICAgICAgICAgICAgICAgICAgICAgICAgICAgICAgICAgICAgICAgICAgICAgICAgICAgICAgICAgICAgICAgICAgICAgICAgICAgICAgICAgICAgICAgICAgICAgICAgICAgICAgICAgICAgICAgICAgICAgICAgICAgICAgICAgICAgICAgICAgICAgICAgICAgICAgICAgICAgICAgICAgICAgICAgICAgICAgICAgICAgICAgICAgICAgICAgICAgICAgICAgICAgICAgICAgICAgICAgICAgICAgICAgICAgICAgICAgICAgICAgICAgICAgICAgICAgICAgICAgICAgICAgICAgICAgICAgICAgICAgICAgICAgICAgICAgICAgICAgICAgICAgICAgICA8P3hwYWNrZXQgZW5kPSJ3Ij8+AP/tADhQaG90b3Nob3AgMy4wADhCSU0EBAAAAAAAADhCSU0EJQAAAAAAENQdjNmPALIE6YAJmOz4Qn7/4htESUNDX1BST0ZJTEUAAQEAABs0YXBwbAIQAABtbnRyUkdCIFhZWiAH5AABAAEACAAyADRhY3NwQVBQTAAAAABBUFBMAAAAAAAAAAAAAAAAAAAAAAAA9tYAAQAAAADTLWFwcGwAAAAAAAAAAAAAAAAAAAAAAAAAAAAAAAAAAAAAAAAAAAAAAAAAAAAAAAAAAAAAABFkZXNjAAABUAAAAGJkc2NtAAABtAAABDZjcHJ0AAAF7AAAACN3dHB0AAAGEAAAABRyWFlaAAAGJAAAABRnWFlaAAAGOAAAABRiWFlaAAAGTAAAABRyVFJDAAAGYAAACAxhYXJnAAAObAAAACB2Y2d0AAAOjAAABhJuZGluAAAUoAAABj5jaGFkAAAa4AAAACxtbW9kAAAbDAAAAChiVFJDAAAGYAAACAxnVFJDAAAGYAAACAxhYWJnAAAObAAAACBhYWdnAAAObAAAACBkZXNjAAAAAAAAAAhEaXNwbGF5AAAAAAAAAAAAAAAAAAAAAAAAAAAAAAAAAAAAAAAAAAAAAAAAAAAAAAAAAAAAAAAAAAAAAAAAAAAAAAAAAAAAAAAAAAAAAAAAAAAAAAAAAAAAbWx1YwAAAAAAAAAjAAAADGhySFIAAAAUAAABtGtvS1IAAAAMAAAByG5iTk8AAAASAAAB1GlkAAAAAAASAAAB5mh1SFUAAAAUAAAB+GNzQ1oAAAAWAAACDGRhREsAAAAcAAACIm5sTkwAAAAWAAACPmZpRkkAAAAQAAACVGl0SVQAAAAUAAACZHJvUk8AAAASAAACeGVzRVMAAAASAAACeGFyAAAAAAAUAAACinVrVUEAAAAcAAACnmhlSUwAAAAWAAACunpoVFcAAAAMAAAC0HZpVk4AAAAOAAAC3HNrU0sAAAAWAAAC6npoQ04AAAAMAAAC0HJ1UlUAAAAkAAADAGZyRlIAAAAWAAADJG1zAAAAAAASAAADOmhpSU4AAAASAAADTHRoVEgAAAAMAAADXmNhRVMAAAAYAAADamVzWEwAAAASAAACeGRlREUAAAAQAAADgmVuVVMAAAASAAADknB0QlIAAAAYAAADpHBsUEwAAAASAAADvGVsR1IAAAAiAAADznN2U0UAAAAQAAAD8HRyVFIAAAAUAAAEAHB0UFQAAAAWAAAEFGphSlAAAAAMAAAEKgBMAEMARAAgAHUAIABiAG8AagBpzuy37AAgAEwAQwBEAEYAYQByAGcAZQAtAEwAQwBEAEwAQwBEACAAVwBhAHIAbgBhAFMAegDtAG4AZQBzACAATABDAEQAQgBhAHIAZQB2AG4A/QAgAEwAQwBEAEwAQwBEAC0AZgBhAHIAdgBlAHMAawDmAHIAbQBLAGwAZQB1AHIAZQBuAC0ATABDAEQAVgDkAHIAaQAtAEwAQwBEAEwAQwBEACAAYwBvAGwAbwByAGkATABDAEQAIABjAG8AbABvAHIgDwBMAEMARAAgBkUGRAZIBkYGKQQaBD4EOwRMBD4EQAQ+BDIEOAQ5ACAATABDAEQgDwBMAEMARAAgBeYF0QXiBdUF4AXZX2mCcgAgAEwAQwBEAEwAQwBEACAATQDgAHUARgBhAHIAZQBiAG4A/QAgAEwAQwBEBCYEMgQ1BEIEPQQ+BDkAIAQWBBoALQQ0BDgEQQQ/BDsENQQ5AEwAQwBEACAAYwBvAHUAbABlAHUAcgBXAGEAcgBuAGEAIABMAEMARAkwCQIJFwlACSgAIABMAEMARABMAEMARAAgDioONQBMAEMARAAgAGUAbgAgAGMAbwBsAG8AcgBGAGEAcgBiAC0ATABDAEQAQwBvAGwAbwByACAATABDAEQATABDAEQAIABDAG8AbABvAHIAaQBkAG8ASwBvAGwAbwByACAATABDAEQDiAOzA8cDwQPJA7wDtwAgA78DuAPMA70DtwAgAEwAQwBEAEYA5AByAGcALQBMAEMARABSAGUAbgBrAGwAaQAgAEwAQwBEAEwAQwBEACAAYQAgAEMAbwByAGUAczCrMOkw/ABMAEMARAAAdGV4dAAAAABDb3B5cmlnaHQgQXBwbGUgSW5jLiwgMjAyMAAAWFlaIAAAAAAAAPNSAAEAAAABFs9YWVogAAAAAAAAYWwAADgyAAAKQlhZWiAAAAAAAABvHAAArpUAABaZWFlaIAAAAAAAACZOAAAZOQAAslJjdXJ2AAAAAAAABAAAAAAFAAoADwAUABkAHgAjACgALQAyADYAOwBAAEUASgBPAFQAWQBeAGMAaABtAHIAdwB8AIEAhgCLAJAAlQCaAJ8AowCoAK0AsgC3ALwAwQDGAMsA0ADVANsA4ADlAOsA8AD2APsBAQEHAQ0BEwEZAR8BJQErATIBOAE+AUUBTAFSAVkBYAFnAW4BdQF8AYMBiwGSAZoBoQGpAbEBuQHBAckB0QHZAeEB6QHyAfoCAwIMAhQCHQImAi8COAJBAksCVAJdAmcCcQJ6AoQCjgKYAqICrAK2AsECywLVAuAC6wL1AwADCwMWAyEDLQM4A0MDTwNaA2YDcgN+A4oDlgOiA64DugPHA9MD4APsA/kEBgQTBCAELQQ7BEgEVQRjBHEEfgSMBJoEqAS2BMQE0wThBPAE/gUNBRwFKwU6BUkFWAVnBXcFhgWWBaYFtQXFBdUF5QX2BgYGFgYnBjcGSAZZBmoGewaMBp0GrwbABtEG4wb1BwcHGQcrBz0HTwdhB3QHhgeZB6wHvwfSB+UH+AgLCB8IMghGCFoIbgiCCJYIqgi+CNII5wj7CRAJJQk6CU8JZAl5CY8JpAm6Cc8J5Qn7ChEKJwo9ClQKagqBCpgKrgrFCtwK8wsLCyILOQtRC2kLgAuYC7ALyAvhC/kMEgwqDEMMXAx1DI4MpwzADNkM8w0NDSYNQA1aDXQNjg2pDcMN3g34DhMOLg5JDmQOfw6bDrYO0g7uDwkPJQ9BD14Peg+WD7MPzw/sEAkQJhBDEGEQfhCbELkQ1xD1ERMRMRFPEW0RjBGqEckR6BIHEiYSRRJkEoQSoxLDEuMTAxMjE0MTYxODE6QTxRPlFAYUJxRJFGoUixStFM4U8BUSFTQVVhV4FZsVvRXgFgMWJhZJFmwWjxayFtYW+hcdF0EXZReJF64X0hf3GBsYQBhlGIoYrxjVGPoZIBlFGWsZkRm3Gd0aBBoqGlEadxqeGsUa7BsUGzsbYxuKG7Ib2hwCHCocUhx7HKMczBz1HR4dRx1wHZkdwx3sHhYeQB5qHpQevh7pHxMfPh9pH5Qfvx/qIBUgQSBsIJggxCDwIRwhSCF1IaEhziH7IiciVSKCIq8i3SMKIzgjZiOUI8Ij8CQfJE0kfCSrJNolCSU4JWgllyXHJfcmJyZXJocmtyboJxgnSSd6J6sn3CgNKD8ocSiiKNQpBik4KWspnSnQKgIqNSpoKpsqzysCKzYraSudK9EsBSw5LG4soizXLQwtQS12Last4S4WLkwugi63Lu4vJC9aL5Evxy/+MDUwbDCkMNsxEjFKMYIxujHyMioyYzKbMtQzDTNGM38zuDPxNCs0ZTSeNNg1EzVNNYc1wjX9Njc2cjauNuk3JDdgN5w31zgUOFA4jDjIOQU5Qjl/Obw5+To2OnQ6sjrvOy07azuqO+g8JzxlPKQ84z0iPWE9oT3gPiA+YD6gPuA/IT9hP6I/4kAjQGRApkDnQSlBakGsQe5CMEJyQrVC90M6Q31DwEQDREdEikTORRJFVUWaRd5GIkZnRqtG8Ec1R3tHwEgFSEtIkUjXSR1JY0mpSfBKN0p9SsRLDEtTS5pL4kwqTHJMuk0CTUpNk03cTiVObk63TwBPSU+TT91QJ1BxULtRBlFQUZtR5lIxUnxSx1MTU19TqlP2VEJUj1TbVShVdVXCVg9WXFapVvdXRFeSV+BYL1h9WMtZGllpWbhaB1pWWqZa9VtFW5Vb5Vw1XIZc1l0nXXhdyV4aXmxevV8PX2Ffs2AFYFdgqmD8YU9homH1YklinGLwY0Njl2PrZEBklGTpZT1lkmXnZj1mkmboZz1nk2fpaD9olmjsaUNpmmnxakhqn2r3a09rp2v/bFdsr20IbWBtuW4SbmtuxG8eb3hv0XArcIZw4HE6cZVx8HJLcqZzAXNdc7h0FHRwdMx1KHWFdeF2Pnabdvh3VnezeBF4bnjMeSp5iXnnekZ6pXsEe2N7wnwhfIF84X1BfaF+AX5ifsJ/I3+Ef+WAR4CogQqBa4HNgjCCkoL0g1eDuoQdhICE44VHhauGDoZyhteHO4efiASIaYjOiTOJmYn+imSKyoswi5aL/IxjjMqNMY2Yjf+OZo7OjzaPnpAGkG6Q1pE/kaiSEZJ6kuOTTZO2lCCUipT0lV+VyZY0lp+XCpd1l+CYTJi4mSSZkJn8mmia1ZtCm6+cHJyJnPedZJ3SnkCerp8dn4uf+qBpoNihR6G2oiailqMGo3aj5qRWpMelOKWpphqmi6b9p26n4KhSqMSpN6mpqhyqj6sCq3Wr6axcrNCtRK24ri2uoa8Wr4uwALB1sOqxYLHWskuywrM4s660JbSctRO1irYBtnm28Ldot+C4WbjRuUq5wro7urW7LrunvCG8m70VvY++Cr6Evv+/er/1wHDA7MFnwePCX8Lbw1jD1MRRxM7FS8XIxkbGw8dBx7/IPci8yTrJuco4yrfLNsu2zDXMtc01zbXONs62zzfPuNA50LrRPNG+0j/SwdNE08bUSdTL1U7V0dZV1tjXXNfg2GTY6Nls2fHadtr724DcBdyK3RDdlt4c3qLfKd+v4DbgveFE4cziU+Lb42Pj6+Rz5PzlhOYN5pbnH+ep6DLovOlG6dDqW+rl63Dr++yG7RHtnO4o7rTvQO/M8Fjw5fFy8f/yjPMZ86f0NPTC9VD13vZt9vv3ivgZ+Kj5OPnH+lf65/t3/Af8mP0p/br+S/7c/23//3BhcmEAAAAAAAMAAAACZmYAAPKnAAANWQAAE9AAAApbdmNndAAAAAAAAAAAAAMBAAACAAAAVgEuAesCxAODBFMFQAYnBxoIGAkfCj0LTgxrDZAOuQ/sES0SZROjFOMWKhd5GL8aDxtXHKQd8x88IIQhzSMRJFIljSbLKAApMypmK5csyi33LygwUTGAMqsz1TUCNjE3XTiKObY64TwNPTg+YD+JQLFB3EMIRDZFY0aQR7hI3koBSyRMR01qTo9PtFDYUfhTFlQzVU9WbVeNWK5Zy1rhW/Bc9137XwBgCmEZYi1jQWRSZV9mZWdhaFNpPGogawFr4Gy/baBug29ocFBxOHIgcwhz73TWdb52qHeTeH55bHpZe0l8PX03fjZ/OYBBgUuCV4NlhHSFhYaUh6SIs4nAisyL1ozfjeeO7Y/ykPWR9pL1k/WU+pYElxWYLJlHmmObf5yYna6ev5/LoNSh2qLgo+mk9KYDpxWoKqlCqlyrd6yUrbKu0a/xsRGyM7NTtHO1kLapt7q4wbnDusC7u7y1va++qb+jwJ3BlcKKw3zEasVTxjbHGMf5yODJz8rGy8PMwc28zq/PmNBz0UPSDdLT05vUZtU11gXW19eo2HbZQNoG2sfbgNw13Ofdkd473uPfjeA74Ovhn+JS4wPjr+RV5PnllOYs5r/nUufk6IXpL+nk6qjrbuwz7PXtr+5j7xHvtfBQ8ObxfPIX8sbzj/Ru9WH2ZveK+OT6xf0u//8AAABWASMBsAJqAzID6ASxBYAGWAc9CC0JJwonCyIMMA06DlEPYxB+EZ8SvhPpFRAWOBdhGIgZtBreHAsdMx5bH4AgoSG/Itsj9SULJh8nNShJKWAqeSuTLLEtzC7oMAQxITI8M1o0dDWLNqQ3uTjNOeI69DwGPRs+MT9NQGxBj0KwQ9BE7UYIRx1IMklFSlVLY0xuTXhOfk+DUIVRhlKIU4pUjFWKVoRXeVhoWVRaRFs/XEZdWl53X5VgsGHCYspjxWS1ZZxme2dXaDBpDGnsatBrumypbZtuj2+CcHJxXHJAcx9z+3TVda12hndieEV5MHokex18GX0VfhB/Bn/2gOKByoKxg5WEd4VdhkqHRIhMiWGKgYuljMaN3o7uj/WQ95H1kvOT8JTtleyW7pf4mRCaOZtunKadzp7jn+mg5aHfotmj0aTIpb6mvKfKqO2qIatdrJyt2a8UsE6xiLLCs/m1LrZkt5u40roFuzS8X72Fvqa/vMC+warCkMN9xHfFgMaPx53Io8meyo7LdcxTzS3OBM7az7LQi9Fq0lHTRdRF1VHWYtd12ITZh9p922bcQ90a3ezeud+H4FjhLeII4ubjw+Sd5XHmQOcM59Too+l/6mnrZOxo7W3ucO9w8HDxcvJ283n0d/Vp9kf3D/ez+EX4y/la+e360PwM/dr//wAAACsAxAFLAdgCZQMGA48EKwTPBXoGLwbpB6UIaAkvCfkKygufDHcNUg4yDw4P9hDZEcASqROTFH0VZxZSFz0YKRkVGfwa6BvSHL4drh6jH5sgliGUIo8jhiR2JWEmRScgJ/gozCmfKnMrSCwhLQIt6S7XL8gwujGqMpgzgDRgNTk2BjbPN5U4WDkZOdk6nTtkPDI9Bj3ePrY/j0BoQURCJkMQRABE80XnRtZHu0iWSWVKJUrgS5hMT00HTcNOg09JUBhQ6lG+UpNTaFQ7VQ1V3latV3xYSlkVWd9aqFtvXDVc+V29XoBfQ2AIYNFhnGJrYzxkDGTaZadmcWc4Z/xov2mAakBrAGvAbIFtQ24EbsVvhXBBcPhxq3JZcwFzqXRPdPR1mHY8dt53gHgdeL15YHoWetp7q3yDfVh+KH72f8OAk4FngkSDKoQYhQuGAIb0h+OIzYmvioyLYYw0jQeN2o6wj4qQa5FHkhKSxpNbk+yUepVBlkKXiJkImoqb5J0ZnjKfOaA5oTWiL6MopCGlGaYRpwqoCakPqiGrPaxgrYeura/TsPyyKLNatJK10bcUuFm5nLrXvAW9Kb5Hv2LAf8Gewr7D38T/xiHHQ8hnyYzKscvWzP3OKc9b0JfR3tMy1I3V7tdT2LnaIduV3S/fDuF35Ivoee1O8vb5Uf//AABuZGluAAAAAAAABjYAAJOVAABWjQAAVukAAJG3AAAmuwAAFwoAAFANAABUOQACh64AAkeuAAFrhQADAQAAAgAAAAEABAAIAA8AFgAfACkANABAAEwAWgBpAHgAiQCaAKwAvgDSAOYA/AESASkBQAFZAXMBjQGpAcUB4wIBAiECQgJkAocCrALSAvoDIwNNA3oDqAPXBAgEOgRtBKME2QUSBUsFhgXDBgEGQAaABsIHBQdKB5AH2AghCGwIuQkHCVcJqAn6Ck0KoQr3C04LqAwEDGIMww0lDYkN7g5UDrwPJQ+REAAQcRDkEVkRzxJGEr0TOBO2FDoUwxVSFeMWdRcGF5YYJhi4GU4Z6BqIGzEb4xyfHWIeKx74H8YglSFkIjQjBiPbJLMljyZsJ0soKykNKfAq1Su7LJ4tfi5cLzkwFDDwMc0yqjOJNGg1SjYuNxU3/zjtOd460jvKPMU9xD7HP85A2kHoQvZEAEUGRghHCEgISQlKDEsUTCFNNE5OT25QlFG8UuVUDVU0VllXfVigWcRa51wLXTBeVl98YKRhzmL4ZCRlU2aFZ7xo+mpDa5ls+W5jb9JxRnK8dDR1r3cteLF6PHvQfW9/HIDWgpSETIX2h5SJLIrFjGWOFY/fkc2T3ZX/mCCaOZxMnl+geaKgpNqnLamgrDCu4LGhtF63C7muvF2/K8IfxUbIoswMzyjR9tSR1yjZ0dye35fi0uZg6fntEu+s8gD0MPY59//5ivq4+9T8u/2j/nD/N///AAAAAQAFAAoAEgAbACYAMgA/AE0AXABtAH4AkQCkALkAzwDlAP0BFgEvAUoBZgGDAaIBwQHiAgQCJwJMAnICmgLDAu8DHANLA3wDrwPkBBoEUgSLBMUFAQU9BXsFuwX8Bj8GgwbJBxAHWQelB/IIQQiTCOYJOwmTCewKRgqhCvwLWAu0DBIMcgzUDTkNoA4LDngO5w9ZD84QRhDAET4RvxJDEsoTUxPdFGoU+hWPFioWyxdxGBYYthlRGeYaeRsNG6QcQBzkHZEeSh8OH90gsyGOImkjQiQYJOslvSaQJ2YoQiklKhIrCCwFLQguDi8SMBExCDH5Mugz1zTKNcE2wTfKONs58jsOPDA9UT5pP3RAckFoQlhDR0Q5RTRGOEdHSF9JfkqhS8dM8E4bT0VQa1GGUpRTl1SVVZRWoFe/WPFaNVuAXM1eHl90YM9iI2NmZJVltWbOZ+Ro+2oWazNsVG12bppvwHDqchdzRnR2dad22ngQeU16j3vYfSZ+fX/jgWeDEITKhnSIBomHiwSMiI4bj8ORgpNYlUOXO5k7mzudOZ8poQSixqR2phunvaliqxWs3a7FsM+y9bUxt3y5y7wPvkTAcsKmxOnHQsmyzDHOnNDd0vTU8dbn2OPa6Nz03wHhCuMU5STnSOmW7DfvivOm92z5zvuE/MP99P75//8AAAACAAgAEQAeAC0APgBRAGYAfQCWALAAzADqAQkBKwFNAXIBmAHAAeoCFgJEAnQCpgLaAxEDSQOEA8AD/QQ7BHoEugT8BUEFigXXBikGgQbdBz4HoggICG8I1Ak5CZ0KAgpqCtULRAu7DDkMwQ1QDeYOgg8hD8AQXBD2EZASLRLNE24UDRSoFUIV3BZ5Fx4XzhiOGWIaQhsqHBQc+x3dHrgfkiBtIUwiMCMYJAYk+SXxJu8n8yj9Kg4rJCxALWAugC+dMLgx0zLzNBo1STaCN8M5DDpcO7A9Bz5gP75BIkKTRBZFrkdaSRFK0UyaTm9QVVIyU9pVWlbMWEhZ01tmXPheg2ABYXBi1WQ3ZZxnCWiBagpro21NbwBwt3JvdB51w3d1eWR77n6kgHmB1oL8hAKFCIYQhzOIc4nUi1WM6Y6IkC6R2ZOIlTuW8Zipml6cCp2nnzegvaI/o8ClRKbKqFCp1KtUrNCuRq+5sSiyl7QItX22/LiJuia70L2CvzbA6cKcxE/GBMe7yXPLK8zkzp7QWNIU09LVj9dK2P/arNxP3ejfdeD94oLkA+WC5wLog+oE63/s7u5G73nwnfGN8nXzRPP39Kr1TvXb9mj29vd29+n4XPjP+UP5q/oN+nD60vs1+5j78fxJ/KL8+/1U/a3+A/5Y/qz/Af9V/6r//wAAc2YzMgAAAAAAAQxCAAAF3v//8yYAAAeSAAD9kf//+6L///2jAAAD3AAAwGxtbW9kAAAAAAAABhAAAJzfAAAAAMoq1YAAAAAAAAAAAAAAAAAAAAAA/8AAEQgA6AH/AwERAAIRAQMRAf/EAB8AAAEFAQEBAQEBAAAAAAAAAAABAgMEBQYHCAkKC//EALUQAAIBAwMCBAMFBQQEAAABfQECAwAEEQUSITFBBhNRYQcicRQygZGhCCNCscEVUtHwJDNicoIJChYXGBkaJSYnKCkqNDU2Nzg5OkNERUZHSElKU1RVVldYWVpjZGVmZ2hpanN0dXZ3eHl6g4SFhoeIiYqSk5SVlpeYmZqio6Slpqeoqaqys7S1tre4ubrCw8TFxsfIycrS09TV1tfY2drh4uPk5ebn6Onq8fLz9PX29/j5+v/EAB8BAAMBAQEBAQEBAQEAAAAAAAABAgMEBQYHCAkKC//EALURAAIBAgQEAwQHBQQEAAECdwABAgMRBAUhMQYSQVEHYXETIjKBCBRCkaGxwQkjM1LwFWJy0QoWJDThJfEXGBkaJicoKSo1Njc4OTpDREVGR0hJSlNUVVZXWFlaY2RlZmdoaWpzdHV2d3h5eoKDhIWGh4iJipKTlJWWl5iZmqKjpKWmp6ipqrKztLW2t7i5usLDxMXGx8jJytLT1NXW19jZ2uLj5OXm5+jp6vLz9PX29/j5+v/bAEMAAQEBAQEBAQEBAQEBAQEBAQEBAQEBAQEBAQEBAQEBAQEBAQEBAQEBAQEBAQEBAQEBAQEBAQEBAQEBAQEBAQEBAf/bAEMBAQEBAQEBAQEBAQEBAQEBAQEBAQEBAQEBAQEBAQEBAQEBAQEBAQEBAQEBAQEBAQEBAQEBAQEBAQEBAQEBAQEBAf/dAAQAQP/aAAwDAQACEQMRAD8A/v4oAKACgAoAKACgAoA8N+N7/E5P+FS/8Kz/ALS+b4x+GV8e/wBnRWcv/FvDofik619u+1o/l2H9pjQ/Okttt0JPIEbBGkVgD3KgAoAKACgAoAKACgAoAKACgAoAKACgAoAKACgAoA+X/H/wu8eeIP2tf2a/i5o9zbx/Dv4afCn9pvwn44tH1WW3ubnxD8T9S+AFz4Flg0dVMWpx20Hw+8YCe7lZX0s3ESxhv7RfaAfUFABQAUAFABQAUAFABQAUAFABQAUAFABQAUAFABQB4d4T8CeMtI+O3xb8e6nqUc/gvxf4d+H+m+F9NXUrqeWxv/D1nqEOuSyaZJGtpYC6luIGSW3kd7vYWmCFF3AHuNABQAUAFABQAUAFABQAUAFABQAUAFABQAUAFABQAUAFABQB/9D+/igAoAKACgAoAKACgDw343/E/W/hl/wqX+xNO0/UP+E++Mfhn4d6r/aCXT/YtH1rQ/FOp3N9ZfZZ4Nl9FPodrHE9wJ7YRzTB4Gco6gHuVABQAUAFABQAUAFABQAUAFABQAUAFABQAUAFABQB8yePdf8AjLZ/tX/s4eHPC8Guv8Ddc+Fn7S2ofF24tPDdrfeH4PG2g6l8BE+D0et+KZNLuLvw9fz2esfFA6Hpltq+mReI0h1eS5tdTOh27WAB9N0AFABQAUAFABQAUAFABQAUAFABQAUAFABQAUAFAHhvhPVPidcfHf4t6Vr0OpL8LtP8O/D6bwDNPpFrbaZJq93Z6i3ixbHWI7OK71OZLhLT7VBcXt0lkxRIY4A7BwD3KgAoAKACgAoAKACgAoAKACgAoAKACgAoAKACgAoAKACgAoA//9H+/igAoAKACgAoAKACgDy/4nfFLSvhf/wgH9q6dqGo/wDCwfiLovw407+zzbD7DqWt6XrmqQX979pmhzYwxaFcRy+R5tx5k0JSF1DlQD1CgAoAKACgAoAKACgAoAKACgAoAKACgAoAKACgAoA+bPHXxr13wr+1N+zv8B7TSNMufD3xj+GH7R/jnW9auDdf2tpWofBjUfgVZ6HZaaI5Vsza6snxV1d9TNzDLMG02w+yvEDcCUA+k6ACgAoAKACgAoAKACgAoAKACgAoAKACgAoAKACgDxTwt8UtQ8QfHD4rfCqbSbW3074e+HvAWs2WrRzTPd6lL4vtNQubmG4hZRDElm1mqQtEzNIHJkC4XcAe10AFABQAUAFABQAUAFABQAUAFABQAUAFABQAUAFABQAUAFAH/9L+/igAoAKACgAoAKACgDzH4mXfwytf+EC/4WWunN9o+Iei23gL+0La8udvxDfTNcfRWsvskU32e/GmR655Nxc+XapGZkklV3jDAHp1ABQAUAFABQAUAFABQAUAFABQAUAFABQAUAFABQB4l4r+K/gbw78e/g18HdW8P6hefEH4oeBPjV4v8FeJIdM0i403QtA+Fd78KLXxxpt/q1zfQ61ptzr8/wARfCMlha6Vp17Z6kui3ratcWL2GmrdgHttABQAUAFABQAUAFABQAUAFABQAUAFABQAUAFABQB5joPxG8L638UvH/w2sNMv4PFPgfR/Ceq+INTms7GLT7+z8UW93PpMNnexXcl/dS2kdrMtzHd2dtFAXUW7zBnZQD06gAoAKACgAoAKACgAoAKACgAoAKACgAoAKACgAoAKACgAoA//0/7+KACgAoAKACgAoAKAPMfiZ8OvC3xE/wCEC/4SjUtQ07/hCPiHo3jzw/8AYL6wsvt3iTSNM1zTrGwvPt1nefarGW11m/lltLP7LeySQRSRXUccUqSgHp1ABQAUAFABQAUAFABQAUAFABQAUAFABQAUAFABQB4f4st/gm/x/wDgvc+KjY/8L6g8B/G2P4NiW71yO/PgWe9+Ex+NBsrO0mXQLqAXkPwp+2za1BNf2rG0GiSQpcasJQD3CgAoAKACgAoA/Bj9iH/gs/4Y/az/AOCoH7aP7CMmm6bo/hr4R2un6r+zt4o+z3dtd/FPSPB7w+Ffi5qcF9cTCx1nSrbxcbfU/C9/pcCJeaHqvlnzm06a4lAP3noAKACgAoAKACgAoAKACgAoAKAPMdBg+GKfFHx9caCdNPxRm0fwmvj8QXV5JqS6PHb3g8J/brWWd7K3iNubv7K9rBE8q7jOzkIaAPTqACgAoAKACgAoAKACgAoAKACgAoAKACgAoAKACgAoAKACgD//1P7+KACgAoAKACgAoAKAPFPjR8K774pf8Kr+w6raaX/wr34ueHPiRd/aoZpv7Rs9D0XxPpUum23lf6q5nk16KWOaXMSpbyK3LIVAPa6ACgAoAKACgAoAKACgAoAKACgAoAKACgAoAKACgDxLxX8FNG8VfHz4NfHm61u/tNc+DngT41eBdI0CGK2bTtZsfjPefCi81i+vppP9KiuNFf4VaWliltmKVdWvPtPKQFQD22gAoAKACgD88P8AgqR+1JD+yh+x3498W6f4v0DwP8QviVqXh/4DfCHxJ4m1iy0DRtD+JXxevv8AhFtJ8VX+r6jdWVjp9j4A0q41r4iahc3l1BbpYeE7kSSruVXAP5O/+Cr3iD9kf9gnxH/wSv8A2/P2Hv2ifgJ8Q/Gn7E2p+EvgJ8a/Bnwu+MHw78YeNPiD8GNVtrl9W1W90Pwz4gub7Wrporzxza6prl/aXnl6nrPha4nbdZwlQD+5r4ZfETwt8XPh34H+KPgjVLTW/CHxB8LaH4v8N6tYzLcWd/o+v6db6lY3NvOuFljkguFw6jDYyMUAdzQAUAFABQAUAFABQAUAFABQB5hoHwv0fQPil4/+KdtqN/PrPxA0fwlo+p6bMbb+z7GDwjb3dvYy2YSJbnzbpbx2ufPmkTKL5SqN1AHp9ABQAUAFABQAUAFABQAUAFABQAUAFABQAUAFABQAUAFABQB//9X+/igAoAKACgAoAKACgDw3436P8TdX/wCFS/8ACtJtQh/sz4x+GdU8ef2frFno/mfD230PxTDrMV79rvbL+07FtTuNEaXSrb7VdXEiwzR2kiW0jxAHuVABQAUAFABQAUAFABQAUAFABQAUAFABQAUAFABQB8zePPgr4l8VftW/s4/Hew1PRIPCvwd+Fn7SvgbxFpV3Pfpr+o6p8ZtS+At54butGt4dPn06aw02P4Va6utyX2pWFxC9/pIsLfUFlvWsgD6ZoAKACgAoA/AT4h/EG5/a2/4K3fC34afFL9lv9pyb9k79mL4Z+Mr7wP44+If7H/x3HwL+KH7Tvju4sdG1DVrnxR4g+GL+EP8AhH/AHgW0u9H8N+IfEktn4cv9V17xDeaNq1xbyWVxdAH2B/wUE/Ym/ZP+Jn7F37SPw71j9nLwmw8Z/CrxXomjTfCP9np/GXxCsfFj6bNd+DtS8OaB8LPA2u+Nry707xTaaReldI06XckDQ3TxW0srqAfmB/wbLfF39qnwp+yPbfsVftifsy/tY/Bjxl8AdW1jSfhD40+M/wCzj8a/AXhDxt8HJbk3fh6xi8beK/BWleFtM1fwm1xLoFn4bv8AUbK/l0Kz0y4s4r2T7aLQA/p6oAKACgAoAKACgAoAKACgAoA8O8KfC/WtA+Ovxa+Kd1qWnT6J8QPDvw/0fStNhe7OpWNx4Ss9Qt7+W9SS2S0SK6e7ja2Nvczuyo3nJEQooA9xoAKACgAoAKACgAoAKACgAoAKACgAoAKAAkAZJwB1J4FABQAUAICCMggg9xyP0oAWgAoA/9b+/igAoAKACgAoAKACgDw343+OfGfgf/hUv/CG6dDqP/CW/GPwz4O8Uebpt3qX2Lwnqeh+Kb7Ub6P7LLF9hlivdL0yNb+4320ImaJ42eZGUA9yoAKACgAoAKACgAoAKACgAoAKACgAoAKACgAoA8f+O/x/+C37MPww8SfGb9oD4l+EvhN8L/CVus+veMvGerW+k6TaGVtltaQvK3nX+p30uINN0nT4LvU9SuWS2sLSe4dI2AP5Qvin/wAHb3/BOa1/a5+C994K8S/tLa9+z/4O8G/HPw18UtV0D4YQ2XhXxZ4r8W6l8Im+Fnie00DxB4o0TxVqdh4TtPDHxGE1zeeHbDUbFPEkA0/TdQ+33X2IA/ph/Y2/bx/ZP/b++GMfxb/ZP+Mnhn4r+FI5IrXWYNOa603xR4T1KWJZhpHjHwfrNvp/iXwtqnlsJEtNa0y1a4hKXNo89tIk0oB9eUAFABQAUAFABQAUAFABQAUAFABQAUAFABQAUAeG+E4vicvx2+Lc2vNqJ+F0nh34fL4BWeSzOmjWEs9R/wCEsNjFETepKbg2n2o3QWNm2+RkBqAPcqACgAoAKACgAoAKACgAoAKAPzy/4Kbft3R/8E9P2aLj44xfDfxN8Tta1Pxz4H+Hfh3RtE0q/vdI0/V/HHiPT9Ch1vxbfWI8yy0jToruWa3sbZjqniDVBZaLpyRfarjULAA+0Phh46i+JXgXw740h0PxP4dXXLCK5bSPGHhfW/B2vWsuNsv2nw/4htrXVrKGSRWks2uoV+0WrRTxs8ciOwB4dr37eH7EPhXWtV8N+Jv2wv2YPDviLQr+50vWtC1v48/C/StY0jU7KVoLzT9T02+8TwXljfWsyPDc2t1DFPDKjJJGjhlUA9E+FH7SX7PHx4utZsfgj8dvg98YL3w7BZ3Ov2nww+JPg7x5c6Jbai9xFYXGrweF9Y1OTTob2S0uo7SW8SJLl7a4WEsYX2gH5fftK/F7xf8AHL/grL+zx/wT0sPF/ibwr8FvC/7M3jb9rb46WngbxVrvg7WviPq8XjK0+H/w9+GniDxF4XvNK8S2XhKyEt74v1PStK1nTrfxJJJY2OuC+0uB7KUAn/ZL+OXjP4V/8FPv2v8A/gnZ4h8WeK/Gnwu0f4Z/DP8AaX/Z1uPHHiXWfGnivwZ4f8a2x074kfDy48W+J72/8Sav4X0PxfGt94Lj1bUtZvNH0rVG0T7cthp1hAgBe/4Ka/Hn4gJ+0l/wTm/YR+HPjPXvh/B+2T8YfHt78YvF/gvXL7w344sPg38E/BR8aar4W0HxDpLwa14aX4j6xLZ+H9Q8QeH77TNfstMs7630vVLGS8eZQDm0+K/iL9j3/grh8HP2SNH8UeMta/Zx/bE/Z08U+MvC/g3xr4z8T+Ppfhr8cfhNrLWmpv4K1nxrq2s65pPhHxl4INteav4aTWLrTbTxHpsup6Xp1l/at+XAOc0Pxn8YNC/4OB7v4Pap8dfix4y+EWqf8E9dS+KWmfC/xJrWj2/gPwt4qvfi7aeH5bvQ/DPhbQfDWlTTrp2lwxQ6v4gt9b8SKk1xC+tvbuIaAP3doA//1/7pPE3x0+CngrxRZeCPGPxd+GfhTxnqL2EWn+E/EfjnwzoviS+k1SVIdMS00TUtTttSuH1CaSOKyWG2c3UjokIdmUMAX/H3xf8AhP8ACmLS5/if8TfAHw6h1xrlNGl8ceL/AA/4Vj1Z7JYHu1019c1CwW+a1W5t2uBbeaYVnhMm0SpuALeufFD4a+GfCFt8QfEfxA8F6B4DvYrKez8aaz4n0XTPCt1DqSb9Plt/EF5ewaVNHfJ89m8d2yXK8wlxzQAaB8UPht4r8IXXxB8MfEDwX4i8B2MGpXV5400PxRomq+FbS20YTHV7i58QWN7PpUEOli3nOoSy3apZiGU3DRhH2gFPwB8YfhN8Vl1Fvhf8TvAHxGXRzAurN4G8X+H/ABWNMa5Dm2F+dD1G/FmbgRyGEXAj80I5TdsbaAUPDXx1+CfjPxTd+BvCHxe+GfinxpYLeNfeEfD3jrwzrPiWzXTpUg1BrrQ9O1O51KAWM0kcV2ZbZBbyukcpR2UUAGr/AB1+CmgeNIfhvrvxe+GWjfEO4nsLWDwLqvjnwxYeL57nVYop9Mt4vDd1qkWsST6jDPDLYxLaF7qKWKSBXR0NAHnX7RP7Vnwo/Zpn+GVr8RfFvgvQbn4k+PtK8G2lv4n8b+H/AAlPY6fqGn65e3PigRazPG97pemzaOlldGMRRLPfQh7uJgqOAeweLvih8NvAHhy08YeOviB4L8GeE9QntLWx8T+KfE+i6BoF7c38EtzY29rq+q31rp9xPeW1vPPaxRXDvPDDLLErJGzKAFl8UPhrqXgmT4lad8QPBd98Oorae9l8eWfifRbnwdHZ2sxt7m7k8Sw30mjpb286tDPM14I4pVMcjI4IoAj8BfFX4YfFSyvtS+GPxF8D/ETT9MulstSvvBHirQ/FNnYXjRJOtre3OiX19DbXJgkjmEMzpIYnSQKEYFgDJ8FfHX4KfEnWbzw58PPi78M/HXiDToJbq/0Pwf458M+JNXsba3mW3nuLvTtH1O8vLeGG4dIJZZYVSOVljch2AoAST46/BOLxwvwyl+L3wyj+I73Z09fAL+OvDK+MmvhC1ybMeGW1NdZN0LdHnNuLMy+SjSbdik0AP8cfHH4L/DLV9P0D4j/Fv4a+Add1a1jvtL0bxn448NeGdU1KyluZbKK7sbDWtTsrq6tpLyCe1SeCJ4nuIpYQ5kjZVANXxx8VPhj8MtLsNb+I/wARPBHgHRtUmFvpmq+MvFWh+GdN1C4MQnENle6zfWdtdSmEiURwSu/lt5mCpBYAfN8UPhtb+Bv+Fnz/ABA8Fw/Db7Fban/wn8vifRY/Bf8AZ15PFa2l/wD8JO96NF+x3NzcW9vb3P2zyZpp4oo3d5UDADfB3xS+GfxD0G+8U+AfiF4J8beGdMluIdS8Q+E/FOieIdE0+a0gW6u4r3VdJvryxtZLa2dbidJ5kaGFhLIFRg1AGb4E+Nnwc+KN9qWmfDT4r/Dj4g6jo8Uc2rWHgrxr4b8UXmmQzSSRRS6hbaLqN7NaRySwyxxvcJErvG6qSUdaAILD46/BPVPG8/wz034vfDLUPiNa3t7ptz4CsvHPhm68ZW+o6aJG1Gwm8Mw6m+sxXlgsMzXls9mJrYRSmZECPtAHeKvjn8FfA3iWy8GeNfi78NPCPi/UjZDTvC3iXxz4Z0PxDfHUphb6eLPRtS1O11G5N9Oyw2fk27/aZWEcO9yFoAv+Pvi98KfhVb6Xd/E74l+Avh3a649zFotx448XaB4Vg1aSzSCS7j02XXL+xjvntY7m2e4W2MhhSeFpNiyx7wC1rHxQ+G3h7wdb/ETXviB4L0XwBdwWV1aeN9V8UaJp/hK6tdSCtp1xb+Irq+i0iaC+VlNnLHeMlyGUws+RQAeHPih8NfF/hO78e+E/iB4L8TeB9Ph1G4v/ABjoHifRdY8L2Vvo6Sy6tPda7p97PpdvFpkcE0moSS3apaJFI1wYhG5oAo+APjH8JPisdTX4X/E/4ffEY6N9n/tceBvGPh7xWdL+1+aLX+0BoeoX32P7SYJvI+0eX53lS+XnY1AH8M3/AAVYv9W/4LTf8F7/AII/8Er4viVNp/7JX7PemW3if4lxeDvEEZg8Satb+HLTxX8Qr63a2nu7K68WwTajpfwzspbiDf4cgi1PU7SAXJvEvQD999X/AGXP+CU37O/x7/Zw/wCCfmifso/sDWnw2+Jvwn+Ot1490Px98PPht4k+Ko8UeDJ/gXafCyzvPE3ime78T3OteOLP4jeLr2K68Spq3iXXJtH0678L6lp39l3f2gA/nE/aG+DXhn/g3X/4Lv8A7K/jz9mHXbjwR+x7+2tNonhj4gfCvU/El7c+HvCmjeKvFv8Awh2v6Zez6pd+ZJ4d8FeIbvTfG/hbWtYmvL3QNIl1PRTqM8bajcXQB/fV4o+KPw18D+GLPxt40+IHgvwj4O1GSyisPFXibxPouheHb2XUYJbqwitdZ1S9tdPnlvbeGae1jjuGe4iikeJSqOygC6d8UPhrrHgqX4k6T8QPBep/DuG2u7ybx3p/ijRbzwfFaWErwX11J4kt72TR0t7OeOSG6ma78uCVHjlZWUigCHwD8WPhd8VbW+vvhj8RvA3xEstLuEtNSu/A/ivQvFVtp91JGsyW17Pod9fRWs7xOsqRTMjtGwcLtwaAMrwb8dfgp8RdevPC/gD4vfDLxv4l0+Ce6v8Aw94S8deGPEWt2VtazR211cXel6Rqd3fW8NtcSxQTyywIkM0iRSMrsoYALj46/BO08bp8M7r4vfDK2+I0l0lingKfx14Yi8ZPevCbhLNfDUmpprLXT24My24szK0QMgVk5UAk8dfHD4MfC/UrDRviV8Wvht8PtX1W1W+0zS/Gvjfw14X1HUbNriW1W7sbPWtSsri6tjdQy24ngieLz4pItzOrKoBq+N/in8M/hppNjr/xF+IXgnwHoepzpbadrPjHxTonhrS7+4ki8+OCzv8AWb2ztbmZ4AZkjhmZ2iHmAFOaAHN8UPhsvgb/AIWc3xA8Fr8NxZxaifH7eJ9FXwYNPnnitoL7/hJzff2L9kmuZobeO5+2iF5pY4lcu6LQA3wX8U/hl8SNEv8AxL8PfiH4I8deHdKnntdT13wh4p0TxHo+nXNtbx3dxb32paPfXlnaTwWssdzNFPMjxwSJM6hGVqAMvwN8bvg18T9Q1DSfht8WPhv8QNV0iJZ9V03wX428N+J7/TYXkeFZr+00XU72e0iaWOSISTxopkRkB3KwoAitPjr8E77xxJ8MbL4vfDK8+JEV7d6bL4BtfHXhifxnHqNhHLLfWEnhmLU31lLyzit5pbq1azWa3jikeVFVHoAd4t+OXwV8A+IrHwj45+Lnw08G+K9TW0bTvDXinxz4Z0DXr9b+b7NYtZ6Rqmp2t/creXH7i1MNu4nm/dxFnwtAGj48+Lfwr+Flppl98TfiT4D+HllrUk8Wj3fjfxboPha21WW2SGS4j06fXL+yjvZII7iCSZLZ5GiSaJn2h03AFjVPih8NdE8F2/xI1n4geC9J+Hl3a2N/a+OtR8UaLZeELmy1PZ/Z15B4kub2LR5ra/8AMj+xzx3jRXO9PJZ9wFACeGfij8NfGnha88ceD/iD4K8VeC9Ojv5b/wAW+HfFGiaz4asotKjebU5LvXNOvbjTLdNOijllvnluVW0jR3nKKpKgFHwD8ZPhF8VpNUi+GHxR+HvxFl0QWzazH4H8ZeHvFb6St40y2jaiuh6hfNZLdNb3C27XIiExglEefLcUAeGfDv8Aav8AAvj39pn4t/APTviB8LNUn8CaJ4RvND0vQ/FOl3vjG+1TULe+bxZZX1jDrdw07aBc20ENxBa6Zbz6a0pj1As7IaAPZ9e+OvwT8K+MLX4e+Jvi98MvD3j29n021s/BWt+OvDGleK7u51jyv7Jt7fw/fanBq002pm4gGnxR2jPeedELdX3oWALnj/4y/CL4UtpyfFD4o/D34dPrCztpKeOfGXh7wo2prbFBctYLrmoWJvBAZIxMYPMERdA+N4oAv+Jvih8NvBfhe18b+MPiB4L8K+DL5rNLLxb4j8T6Lovhu7fUIpJ7BLbW9RvbfTZ2vYIpZrRYrljcRRvJDuVWNABpXxQ+G2veC5fiRonxA8F6x8PILe+u5/HWl+KNFv8AwhDa6ZLLBqVzL4ktbybR44LCaGaK9la7CWskUkczIyPtAK/gH4tfCz4rW9/dfDD4k+BPiLa6VNHb6nc+B/Fmg+KoNOnlTzIoL6XQ7++jtZZIyJI452R3T5lBUZoAzPCHx1+CfxA8RXnhDwJ8Xvhl408V6fBdXV/4a8K+OvDHiDX7K2sZ4ra9uLrSNK1O7v7eG0uJ4YLmWWBEgmljilZXdAwAXnx1+CeneNk+Gl/8XvhnZfEWW6hso/Ad3458M2/jGS8uYRcW9onhqXU01l7meAiaGBbMySxESIrIQVAJPHnxv+DPwsvrHTPib8Wfht8PNS1O2N7pth438b+GvC17qFmJntzdWVtrepWU1zbCeKSEzwpJGJUeMtvUqoB6bFLFPFFPBJHNBNGksM0TrJFLFIoeOSORSVeN0YMjqSrKQQSCDQBJQB+In/BwtpmpXH/BM/x54itLC8vtM+Hvxg/Z7+IfiySxt5bubS/CHhj4u+F7jXtZe3gV55LbTLeZbi6MSOYrdZJ3CwxSuoB+r3wI+Knw8+M/wn8E/EL4V+LdH8deBtc0HTm0TxZ4euRf6BrUMFrDBJdaPqkQNnqtl5sbpHfafNcWcxUmGeRRuYA/Gn4rfs8ftZav8S/HeqaD/wAEbf8AgkV8RtE1DxVrV3pXj34g/FDSLHxx4wsJ7+aS28ReLbOT9jXxI9t4g1WIrd6pC+v6w0d3LKp1C6/1rAH2H+wP8LfjZ8PNc+I9x8Wf2Cv2HP2N7XU9M8ORaLq37IvjGx8Uar45ntrnWHvdP8axWnwE+DRs7HQ0mt59Fd7vXRNPqepAW9j5ZkugD5O/aA8In9m7/gtz+z7+2Z4zWPw/8A/jx+yL4w/ZW8TfEa/YWnhjwl8bdE8dWPjXwPZeM9dm2aZ4cs/GPhRLvSvDNzrN1Ywarrmlz6XZTz3rx29AHBfCLxH4K1X/AIKff8FEv+Cn+t6gP+GTv2eP2aPAvwJ8P/GTSrPUvEOieL73wJpt546+O134Jh0Swv7zxXpHgzUY7Hw9PqHhyHVbbUtesNR0/TXuLizmjUAk/bo1nwt48+P/APwRy/4KwfDGa+8TfsyeA/FnjTT/AImeP00PXNLbw58IP2k/hxHpvw3+IviTS9X02x1nwv4Q0vxXJbxeKdT8R6dptv4dj1uyl1p9OQu1AHXeJtG0z9sP/gtv+zv8U/hZeaZ49+Df7Dn7Mvj6Xxx8TvDl/Dq/g+w+Nnxl1lbPw58PNN1uy+0aVqviS08BQXHiHXrXTr64k0Sz1bSYtTS3nvYFYA8qf42fCCf/AIOXINKi+Jngdr+z/wCCbsnw/uLf/hJdJBj8dP8AGiLVl8HeY10sTeJ203ULS8GhJK+pGGYMLY7XVAD+kGgD/9D+9u98LeGdTvo9U1Hw7oWoalCYmh1C90jT7u+iMDBoDHdz28lxGYWVWiKSKY2UFMEAqAS6t4d8P68sC65oej60tqXNsuraZZaituZAokMAvIJxEZAiBzGF3BVBztFAEl1oei32nppF7o+l3elRrGsemXWn2lxp8awjEKpZSwvbKsQ4jCxAIOFxgCgAtND0Ww099IsdH0uy0mVZkl0y00+0ttPkS53C4R7KGJLZ1nDsJlaIiXcwcNlqAI9J8O+H9BEw0LQtH0UXBU3A0nTLLThOUzsMws4IRKUydu/dtycdTtAIrLwt4Z02+k1TTvDmhWGpyiQS6jZaRp9rfSCZg0oku4LaK4cSsA0gaRt7AFskZoAS48LeGLvUl1m78OaDdawjxSJq1xpGnzaksluqrA630ls90rwqirEyygxqqhMBQKAPOfi7J8HLVvAD/Fvwv4Z8RPrPj7SPDPgV/EPhCx8VtZeNb/TtavNLlsWu9N1A6NcCwsdYCaqhthbq8kJnU3IRwD1DUND0XVrOPTtV0fS9TsIXjkisdQ0+0vbOJ4kZInjtrmKWBHjR2SNlQFEdlUgFgwARaHosGmHRYdH0uLRmR4m0mLT7SPTDG7b3jNgsItSjuSzp5JVm5IyaAG6VoOh6DFLDoei6To0M7+bNFpWnWenRTSbQnmSx2cMKyPtULvcM21QM4ACgEGm+FvDOi3Mt5o/hzQtJvJlZJrrTdI0+xuZUdt7JLPa20Usis4DsruQWG45NACHwt4YbVBrbeHNBbWRJ5o1c6Rp51QS7Snmi/wDsxuxJsJTf527aSuQCRQA7VPDHhrW7iG71rw9oer3VugigudU0nT7+4giV2kWOGa7t5pI0WR2kCIyqHZmADMSwBPqeg6HrcEVrrOjaVq9tA2+C31PTrO/ghfbt3RQ3cM0cbbQFyiqdvGccMAK2h6K+l/2G+kaW2i+UkH9kNp9odL8mNleOH+zzCbTyo3RXSPydisqsoBUGgBNO0LRNHtZbHSdH0rS7Kdnaaz07TrOxtZmkUJI0tvaxRRSNIg2OXQllAUkgYUAh0rwz4b0OWafRPD+iaPNcqFuJtK0mw0+WdVJZVmktLeBpVVmLASFgCxIwSaAGxeFvDMGptrcPhzQodZeWWZ9Xi0jT49Teabd50rX6263bSyhmEshmLSbm3FsmgAv/AAv4Z1S9i1LU/DuhajqMPl+Tf3+kafeXsPktuhMV1cW8k8flMA0eyRdjDKYIyoBLq3h7QNeSCPXND0fWUtS7WyatpllqKW7SBBIYFvIJ1iMgjQOYwu4IgOdooAkuND0W705NHu9H0u60iNI449LuNPtJtOjjhGIUSxlie1VIgAI1WICMfdA6UAFnoei6dYSaVp+j6XY6XKsyS6bZ6faWthIlwGFwklnDEls6zh2EytERKGYSBsmgCLSfDnh7QfOOhaFo2i/adn2j+ydLsdO+0eXny/O+xwQebs3Ns8wNt3HGMmgD+Fb/AILK6H8Tf+CPX/BbL4Jf8FkPCfw4v/Gf7M3xgsNJ8DfGi18NWS40XU4/Ddp4Q8YaLIyrFbadretaVpml+PvDc+oXFrZ+IdZstS0hbmFLe+ltQD91tJ/4OBv+CPPjTVvhL4tt/wBpD4DR6B4++H/xF8d+IfGPjTWdD8M+N/hZqnw5Pw7TQ/BnivwJr1jF4+HivxinjLVv+EUsrGxknvv+EG18aOmqR27yW4B/OVr/AMXtW/4OSf8AguT+zprvwA8Ea4v7Cv7Bep6B4o1z4k+I9JudMtvEtp4V8VN4yj1jUbDUIcWt58QvF9npeh+HvCV28Op3PgzTbvVtQ0+1uYNRs1AP9Ay90HQ9SsItL1HRtK1DTIDEYNOvtPtLuxhMCGOEx2lxDJAhhRmSMrGCisVXAJoAWHQ9Ft9MOi2+kaXBo7JJG2kw6faRaY0crFpYzYJEtqUkZmaRTFtdiSwJOWAG6ToGhaDHLFoei6To0U7iSaPSdNs9OjmkA2h5Us4IVkcKAoZwzADA4HygEGneFvDOj3Ul9pPh3QtLvZldJrzTtI0+xupUkYO6SXFtbxTSK7qHdWdgzKGIBAoAR/C3hiTUxrcnhzQX1kSCUas+kae2piVV2LIL82zXYkCZUOJdwX5RlSQoA7VPDHhrXJornWvD2h6xcW6eVBPqmk2GoTQxhzII4pbu3meNA7M+xCF3sWwCcuAT6noWia1bxWms6NpWrWsDB4bbU9Os7+3hcLsDxQ3UMscbBflDIgIXgYBNACnQ9FOl/wBiHR9LOi+WsP8AZB0+0Ol+SjB1i/s/yfsnlq6q6x+VsVlDDBClQBNN0LQ9GtpbLSNG0rSrOdmee003TrOxtpndBG7ywWsMMUjPGAjM6sWQBSSAAoBBpfhnw3ocs1xovh7Q9HnuFCTz6XpNhp8s6hiwWaS0t4nlUMSwEjMAxJHJNACR+FvDMWqHW4vDmhR600kkzavHpGnpqjTShlllOoLbC7MkiswkczbnDMGLZO4ANQ8L+GdWvItQ1Tw7oWpX8HliG+1DSNPvLyERNviEVzc28s0flv8APHsddjfMMHBoAm1Xw/oOvRwxa5omkazFbMzW8eq6bZ6jHbs4VXaFLyGVYmdUUMUVSwVQegoAfPoei3Ompo1zpGl3GjxxxRJpU+n2kumpFBjyY0sZImtVjiwPKQRbY8DaBigAstD0TTbGTS9O0fS9P02YSrNp1lp9paWMqzgrOJLSCKO3kEysVlDR/vAxD7gaAItJ8OeHtBM7aHoOjaK1zsFy2k6XY6cbgR7jGJzZwQmXyy7lPML7dzYxuJoA8n8K+KvA+pfGf4jfD/TPBGnaZ4n8A6P4U1vUvFEWmaRC+qJ41t7y6jjguLeFdQEsP2NheNO+JmZSC3O0A9UuvC3hi+1FNXvfDmhXmrRPC8eqXWkafcajG9vt+zul7NbyXKPBsXyWWRTFtXYRhdoBJq3hzw9rxhOu6Do2tG33C3OraXY6iYA+N4h+2QTeVvwN2zbuwM9PmAJb3Q9F1Kxj0vUdH0u/02IxmLTr3T7S6sYzCpSIx2k8UluhiVmWPbH8ikhdoJoALfQ9FtdNbRrXR9LttHdJY30q30+0h01o52LTo1jHClqyTMzNKpiIkZiWySTQAzSfD+g6Ckseh6JpGixzsHnTSdNs9OSZ1GFaVbOGFZGUcBnDEDgHAwoBDp/hbwzpF5JqGleHNC0y/mV45b7T9I0+yvJUkZXkSS5traKd1kdVd1aRgzKrNkgGgBJPC3hibUxrUvhzQZdZV1lGrSaRp76mJEXYkgv2tzdh1T5VcTBlX5QcUAO1Xwx4b12WKfW/D2h6zNAnlwTarpNhqMsMe4v5cUl5bzPGm9i21Cq7mLYycsAbaqqKqooVVAVVUAKqgYCqBgAADAAGAOBjFAC0AMkjjljeKVElilRo5I5FV45I3Uq6OjAq6OpKsrAqykgggkUAOVVRQqqFVQFVVACqBwAAMAADgADHpjFAC0AFAFe7tLW/tp7K+tre9s7qJ4Lq0u4Y7i2uIJF2yQzwTK8U0Uikq8ciMjKcEEGgBsNjZW1mmn29na2+nxwfZo7GG3his47bZ5f2dLaNFgWAR/J5SxiPYdu3HFAE/lRiPyRGnlbPL8rYvl+Xjbs2Y27Nvy7cbccYxxQBU07S9N0e0jsNI06x0uxiLGKy060t7G0jLsXcx29tHFChd2ZmKoCzEs2ScqAXqACgD//R/v4oAKACgAoAKACgAoA8x+JnhPwF4r/4QH/hPL+Gw/4Rz4iaL4m8H+dq8Ok/bPGthpmuWml2MfnEf2lLLYahq0i6XFmadYmmUEW7FQD06gAoAKACgAoAKACgAoAKACgAoAKACgAoAKACgDhfiZ8MPhz8ZvA3iP4ZfFnwP4W+I/w98X6dNpXibwZ4z0Sw8Q+HdasJh80F/pepQXFrKUYLNbzbFntLmOK5tZYbiKOVAD+b/wCIH/Bs3/wQll+P/grwrqnwe8feEvGnxU0r4geOfCfwn8M/Fn4sW/gnXdC+Gl54Nj8eTR3RuNTuPD9npNx8QfCcS6Z/wmWi3FzHq23QIJ4tPvjYAH77/s0fspfs5/sc/DLTvg7+zF8IPBnwa+HWmyvdJ4e8H6cbc3+oSIkc2ra9q13Lda34k1q4SKNbnWdf1LU9UuFSNJrtkRFoA+g6ACgAoAKACgAoAKACgAoAKACgAoAKACgAoAKAPMdB1P4ZT/FHx9pmgx6cvxQsNI8JzePpYdMvINRfSLq3u28Ji+1OS1js7+JbdbsWsNtdXElou9ZkiLqtAHp1ABQAUAFABQAUAFABQAUAFABQAUAFABQAUAFABQAUAFABQB//0v7+KACgAoAKACgAoAKAPH/i78KR8VP+FaZ13+wv+Fd/FPw/8Sh/xLf7S/tc6Ho/iLSv7G/4/wCw+w/av7f8/wC3/wCl+V9l8r7HJ53mRAHsFABQAUAFABQAUAFABQAUAFABQAUAFABQAUAFABQB4h4s+Gnw7174/fBj4q634hurL4m/DnwH8bPC3gDwzHrOk2tpr/hr4k3vwmufiFqVzodzZS6zq8vh+48B+CY7W+0q/s7PRxrdwmqwXr6pprWgB7fQAUAFABQAUAFABQAUAFABQAUAFABQAUAFABQAUAeY6D4C8H6P8UfH3xA03Ubmfxl4x0fwnpvibTZNRs5raxsPDlveQ6JLBp0Vul7ZPdRXM7Sy3VxNHclA0CxBWDAHp1ABQAUAFABQAUAFABQAUAFABQAUAFABQAUAFABQAUAFABQB/9P+/igAoAKACgAoAKACgDw743+EfHni3/hUv/CCahPp/wDwjfxj8M+KPGHk6xNo/wBs8F2Gh+KbTVLGXyZYv7Thlv8AUNJkbSpd8Nw0KTNGTbKaAPcaACgAoAKACgAoAKACgAoAKACgAoAKACgAoAKACgD5y8cfBHVPFf7T/wCz78fLfW7C00n4NfDP9onwJqWgTW9w+o6zd/GrUPgfeaZfWNyn+jQW+ir8KNQS+jnzJO2rWZt+IZioB9G0AFABQAUAFABQAUAFABQAUAFABQAUAFABQAUAFAHjHhf4VXPh741/FP4sSaxBc2vxE0DwJosGjJayRz6Y/g+0v7aWea7MrR3C3xvA8aJDGYQhDM24UAez0AFABQAUAFABQAUAFABQAUAFABQAUAFABQAUAFABQAUAFAH/1P7+KACgAoAKACgAoAKAPDfjf4g+I/h//hUv/CurHUL7+2fjH4Z0Pxx9g0N9b+yeArvQ/FNxq95e7bW6/smxi1Kz0WOXWG8hbaSWGA3CG5COAe5UAQXUMlxbXNvFdT2Us8E0Md7ai2a5tJJY2RLq2W8t7q0ae3ZhLCLq1ubYyIont5ot8bgH8h/xL/aB/wCCjVt/wX20T/gmh4e/4KSfHPw7+zr4v+D6fFi31GD4J/sTan8StDuX8K2+qzaBZ+ItS/Zel0WfTV1aSY2s994au7+LTBFaT3F5dq+pOAe7f8FDP20P2/8A/gi748/Zu+LfxM/aG0b9uL9jP4zfFXSPhD8S9G+KHwk+H3wx+O3wwv8AUxHJb+JPCnjH4KaV4H8EeJo5rM3+ovY6z8PbdT/Y8mlILZtQi1e3AP6cdJ1KDWdK0zV7UMLXVdPs9Stg4AcQX1tFdQhwMgN5cq7gDgHpmgDQoAKACgAoAKACgAoAKACgAoAKACgD5k8e+F/jBqH7V/7OHi3wzd61H8EvDXws/aW0n4s2dr4oi0/Qbrxp4n1L4CS/CKbWPCTapbzeJb60tPD/AMTV0bVotI1JPDCXOqxS3el/8JBGmoAH03QBDcXFvZ2893dzw2trawy3Fzc3EiQwW9vAjSTTzzSFY4oYo1aSSR2VERSzEKCaAP5kfgv/AMFC/wBsX/gsj+1N8cPhh+wH8S7D9kf9hT9mLxX/AMIV8Qf2tbfwJ4Z+JPxq+OPjPyrhZvDfwg0b4h6N4h+Gng3RI4lTVLjV9f8AD2u+ILbSbzQtSS2t7jVpNM00A+l/2y/2Vv8AgqB8Cf2a/iJ49/YT/wCCkvxu+J/xP8E+DPEHiKT4ZftVfDT9mj4i2XjuPTtIubnUofBXizwB8EPhX4n8KeMfJinvvDlpql14q8PXmrR2ulHTrCCfzqAP1E/Yx8c+KviZ+yZ+zl8QfHN9can4z8ZfBzwD4i8Vahdxww3V54g1Tw9Y3OrT3EVukcEU0l7JMZI4Y0iRsqihQAoB9M0AFABQAUAFABQAUAFABQAUAFABQB4b4T0H4k2fx2+LfiDXLvUJPhnrHhz4fW3gWzm1xLvTrbVtOs9RTxS9loQu5H0mWaeW0NzcvZ241BlVxJN5WVAPcqAPjL/goAnxU039kb4/ePfgx8cvHXwF+Ifwq+DvxR+J3hnxT4I8O/CbxR9v1nwN4H1rxNpekeItG+Lnw3+JGj3egXd5pUUF/HpVpo2rGCeU2+rwOqFQD8H/APgiB4z/AOClf/BSP9hfQP2rvit/wVH+MHhzx7rvjz4h+GLXwvon7N37Gdx8PbWx8G+I7/w7Zy6hp0fwI0jxbqVxdvYG8uWsvGeiJsl+zRKjJ9ocA9o8Wf8ABUX9rn/gmR+1P8H/ANm//gqdpnws+JP7PX7RfiOXwz8Ev2/Pg9oWp/C/RtL1/fBCnhX46fCnVdV8Wab4c1OK8vtPhu9d8O+KItGsbHULHU3tryxTV73SwD+j+3uILu3gurWaO4trmGO4t7iF1khngmRZIZopFLLJHLGyvG6sysjBgSCDQBNQAUAFABQAUAFABQAUAFABQAUAFABQAUAFAH//1f7+KACgAoAKACgAoAKAPGvjH8VLn4W/8Kv+zaLFrX/Cwvix4d+G0/m3r2X9lQa5o3iTVX1ePZa3P2qS2bQUgW0byEkF0XNwhiCOAey0AFAH8S/7WWl/G7WP+DsD4e2P7PXjT4ZeAPibJ+ybZNpfiT4u/DrxN8UvBNtZp4PtzfwX3hDwl8SfhPrV3c3EW1LS6g8ZWsdo4MktpeKRGoBy/wDwWS0j9sL9n741fsr/ALT3/BY5PBP7Zf8AwTt+Gfxh0JdD8I/sdC6+AWjfD34sX0k2paP4n+LXwm+IUfxM8X/Faym0/wAPyy6ZoVj8ZtO0cJpd9Y3eo2o1SfTNcAP7VPhd488F/FL4b+BPiP8ADnUbfVvAPjjwnoPijwdqVpGYra88N6zptvfaRPDEwUxxtZTQ7YyBsxt7CgDvKACgAoAKACgAoAKACgAoAKACgAoA+XviB8RPiPon7W37NXwy0OB3+F/j/wCFH7TniX4hXA0Y3SQ+Jvh7qX7P9v8ADqN9d8sjRzPb+NvHJSxMiHWfJZwr/wBlnYAfUNAHyr+3VD4nuP2Jf2wYPBUkkPi6b9l/49xeGpYXkjuI9bk+FnipdNe0kixJHeLdGI2cin5LnymOADQB/Ot/wZx3vh+f/gmV8RLOwDf8JVpn7TvxCt/H7yMrSSa/NpXh+7smkwA4f+wJ9KDeYWYlSwwpUUAf1pkZ4PIPBB70AV7S0tLC2gsrG1t7KztY1htrS0hjt7a3hQYSKCCFUiijQDCxxoqKOAAKALFABQAUAFABQAUAFABQAUAFABQAUAeG+E/GPjnU/jt8W/BmraeYfAfhfw78Pr/wjqJ0q4txe6jrlnqMviGIas5+z6j9mmgt1MEID2e7bKSXUKAe5UAfK37dX/JkX7Y//Zq37Qv/AKqTxfQB+IH/AAaU/wDKHr4c/wDZYPjp/wCrL1+gDgv+Dwe08HT/APBJi2m8RJZnxBb/ALSfwuHgh5BD/aH9sTaF46W+hsS3+kGKXS1uGvI4NyO0Vq0ykxxFQD+gT9iWDxna/sf/ALMlv8RPtn/CdQ/A34aR+K/7RMpvv7cXwppgv/tZnJmM/nbvM8w792c4zQB9Q0AFABQAUAFABQAUAFABQAUAFABQAUAFABQB/9b+/igAoAKACgAoAKACgDzH4meOvBngb/hAf+Ey06TUf+Eu+Imi+DfC/l6Za6l9h8Wanpeu32nX7/anT7CkVlpWpRHULfdcwmdYkUpNIVAPTqAILqWSC2uJ4bWa9lhgmlisrZrZLi7kjjZ0tbd7ye1tEmuGURRNdXNvbK7qZ54Yg8igH8h3xW/Zx/4KZz/8F7vD/wDwUz8If8E2/ip4q/Z88JfCiD4TJosn7RH7EuhfErWUXwrDpN34j07QdQ/aWbRY7b+14mNjY6n4i067uNLZLm7WxvN2noAe1/8ABUf9mn/gqJ/wWY8A+BP2QIf2U9H/AGDv2aJfiRoHj74wfF747fHH4O/Er4maxYeGo7y1s/D/AIM+Hf7PPjL4paRFII9W1HUANb8VRwatfwaZDNqHh23tLh9QAP6MfgH8G/DH7PHwT+FHwJ8FNcv4S+EXgHwv8PfDsl55f2qTSfCukWukWclx5KRxCWSK2V3EaKilsDIGaAPXKACgAoAKACgAoAKACgAoAKACgAoA8B8ZfHH/AIRL9o/4Ffs//wDCM/bx8afh38evHv8Awlf9sfZv+Ec/4Ujf/Bqy/sr+xP7MuP7W/wCEl/4W15v23+1tN/sj+wdn2XUv7T32AB79QBBdWtrfWtzZXttBeWV5BNa3dpdQx3FrdWtxG0VxbXMEqvFPBPE7xTQyo8ckbMjqyswoA/l2+E3/AATy/bn/AOCOH7WHxs+KP/BO/wCFvh79sD9hb9p/xbP45+IP7JP/AAsPwr8IPix8DfFZkJfXPhZrvxF1fT/AvjDT49OkGmQ6dqGtabrGr2Gn6VpV0bGTS49X1IA/VDTP2s/24fjfpyeHfg5/wTy+LP7PfiHUE+x6h8Uv20PGvwL0H4eeB5JAVn1fT/BHwP8AjF8XPiX8TbvTwHlsdATS/AWj61N5EF1430SCSW6iAP0Z8FaR4g0Hwj4b0XxZ4puPHHibS9G0+y1/xhdaZpmi3HiTVoLdEvtYk0jRre00rTTfXAknFlYW8VtbqwijUhQzAHT0AFABQAUAFABQAUAFABQAUAFABQB5D4b+Ky+IfjF8S/hMNDa0b4daH4K1ptdOoCZdW/4TG1vbkWw077FEbI6f9j2GU3119p8zIig24cA9eoA+Mv8AgoAvxc1f9kb4++APgf8AAzxj8e/iN8Vvg98T/hh4a8L+EvFfwk8Gx6dq/jrwTrPhjTda8Q638X/iN8OdGt9BsbrVkub86Veavq/kW8q2+lTO6bgD8Jf+CI3gD/gpv/wTX/Yc0D9lH4r/APBLv4p+KfGuh+PfiD4mtfFvhn9p39iVfAU9h4z8RX3iK2TU7mX9oafxZp89nLftZ3Caf4R1tTHCLmJ3ZzbqAfQ3iv8A4Jv/ALYf/BSf9qn4L/H3/gpwPg98LP2Zf2avEUnjT4L/ALCnwl8Wax8Wj4o8dgwtbeMfj/8AE2/8PeDvD2uTafcWlncWPhzwzoeoaO9tbw6fNNBDLro8QgH9DsMMNvDFb28UcEEEccMEMSLHFDDEoSOKKNcLHHGihERRtVQFGABQBJQAUAFABQAUAFABQAUAFABQAUAFABQAUAFAH//X/v4oAKACgAoAKACgDgfil8Uvh38Evh74u+K/xa8ZaB8Pvhx4D0W78Q+LvGPijUYNK0PQtJs1Blury8uCEDO7Jb2tvGJLm9vJreys4Z7u4ghcA/jn/ag/4PA/+CeUnjnSPDPw5/Zf+P8A+0d4Y+Hfjez8UaJ8Qzf6V8LNBn8R6Nbalp1nr/hjTLvUrzxLq1lHZatqKQ23izRvD8dz5/mTaaNlvOgB+0v/AATF/wCC+P7Bn/BUnUZfAXwl8ReJvhf8d7PT5dSvPgV8YrDTfD/jO/sbRU+36l4P1DSdV1rw14y020kY+eukax/bllb+VdatoWmxTRMwB+2NABQAUAFABQAUAFABQAUAFABQAUAFABQAUAfLn7X37Z/7Nv7CXwb1r47/ALUPxO0T4ZfD7SWNpb3Ooedd6z4k1qSGWaz8N+EvD1hHcav4k8QX4hf7Pp2l2szpGsl3dtbWEFxdwAH8l/jH/g85/YYPxW0nXND/AGG/jv4z0fwqniDRPDXxX1j/AIVbpXxA0zw74in0hvE6+F9In1HVrjTNO8SHQNAudW0tfGmlR6s2j6L/AGxGsunWn2cA/pZ/4J1/8FVP2N/+CoXw6vvHf7LnxBl1HVfDv2ePx18L/F9nF4c+KPgG4ut/2ZfEnhg3d4r2N2Y5Vsde0S+1jw9fvDNFaarLPb3EMQB+jVABQAUAFABQAUAFABQAUAFABQAUAFABQAUAfm1/wUb/AOCsH7GX/BLfwDpnjL9qPx9eWmu+J0um8B/CnwTp0fib4pePHs8i4bQfDhvLC1s9NhkHkzeIfEuqaB4bhucWkmrrdOkLAH83nhD/AIPRP2JX+JF1e+Jv2I/2gvB3hfXZ7HT9U+JekS/DLWvGNxplq7Q6dc69oKanoxu7TTIpXkFpb+LtWmtIGnTTre6mKwSgH9ZX7In7ZH7OX7dXwX8P/H39mD4laP8AEz4b+IN8Av7Bbiy1bQtWgVDe+HvFXh/UYrbWfDXiHTy6reaRq9na3cYaOVY3glimlAPp6gAoAKACgAoAKACgAoAKACgAoAKACgAoAKACgAoAKACgD//Q/s5/4b6/Y9/6Lz4K/wC/uo//ACDQAf8ADfX7Hv8A0XnwV/391H/5BoAP+G+v2Pf+i8+Cv+/uo/8AyDQAf8N9fse/9F58Ff8Af3Uf/kGgA/4b6/Y9/wCi8+Cv+/uo/wDyDQAf8N9fse/9F58Ff9/dR/8AkGgD+O3/AIOff2z/AA5+1z8ZP2Bv+Cdfwk+NdjpfwV+MXjzQ/Fnxw8W6Jd30OnJDq3jSLwZpTa0rxIl5F4L0m08Q+JLTTpLaeC7vdQtzMjyQ25iAP6Avgb4A/wCCSn7M3wW+C/wP+Avjj4TfDHwz8JPF3hjxlealpGipdeJviTrWgaFrujXVz4/8SXOmJrHiS91ttfu7y9v9UubuZCiW0EUVqFhQA/me/wCDkP4f/sc/AHxj+zf/AMFRv+Cdfiz4efDP9pHwH8btBsfH2jfCux/4RvS/F+pPb33iHw540u/D+mWel6ZHqEh0TWtB8cT28ar4s0rV7eHVopp5b64vQD+yD4I/8FMf2TviX8Hfhf8AEHV/jJ4T0PVfGfgPwt4k1PR7ua+N1puoavo9peXtnP5enrH5sFzLIjBFVQRgDA+UA9R/4b6/Y9/6Lz4K/wC/uo//ACDQAf8ADfX7Hv8A0XnwV/391H/5BoAP+G+v2Pf+i8+Cv+/uo/8AyDQAf8N9fse/9F58Ff8Af3Uf/kGgA/4b6/Y9/wCi8+Cv+/uo/wDyDQAf8N9fse/9F58Ff9/dR/8AkGgA/wCG+v2Pf+i8+Cv+/uo//INAB/w31+x7/wBF58Ff9/dR/wDkGgA/4b6/Y9/6Lz4K/wC/uo//ACDQAf8ADfX7Hv8A0XnwV/391H/5BoAP+G+v2Pf+i8+Cv+/uo/8AyDQAf8N9fse/9F58Ff8Af3Uf/kGgA/4b6/Y9/wCi8+Cv+/uo/wDyDQAf8N9fse/9F58Ff9/dR/8AkGgD+IL/AIKSfFX4Pf8ABWr/AIOCvhF+yz8Zvi/b2v7BX7NPhPS9dv4IdQ1Cw0TxfOnhvSfFnjS3hFssV1BqfirxTqemeEr7VIQl8fCej7bSa0uUt5YgD+rrSPFf/BIDwXrHwb8P+GfEfwA8Gab8MPht8Wfh78OfhLomk6TpPgnUfAvxBk+GP/CxY77wCNC+x+KFhfwJ4GS51C5t7g2TXTG/aeTVUZgD+RP9re+/Zp/4JJ/8F0/2Ov2ov+CfHjzRPDXwD/aa8Q6L4X+Ovwr8FS3Nl4I8OWfi/wAX23hDx5pdvo3kwrD4OMV/ovxD03R4E8jStd06S00iG20+2t7RgD+61P2/P2PHVXHx58F4dQwzJqIOGGRkfYeDg9P8KAHf8N9fse/9F58Ff9/dR/8AkGgA/wCG+v2Pf+i8+Cv+/uo//INAB/w31+x7/wBF58Ff9/dR/wDkGgA/4b6/Y9/6Lz4K/wC/uo//ACDQAf8ADfX7Hv8A0XnwV/391H/5BoAP+G+v2Pf+i8+Cv+/uo/8AyDQAf8N9fse/9F58Ff8Af3Uf/kGgA/4b6/Y9/wCi8+Cv+/uo/wDyDQAf8N9fse/9F58Ff9/dR/8AkGgA/wCG+v2Pf+i8+Cv+/uo//INAB/w31+x7/wBF58Ff9/dR/wDkGgA/4b6/Y9/6Lz4K/wC/uo//ACDQAf8ADfX7Hv8A0XnwV/391H/5BoAP+G+v2Pf+i8+Cv+/uo/8AyDQB/Cb+w5f/ALMf/BWP/gt9+2l+2J/wUG8YeHPEvwX/AGfPEEFh8B/hT48lu7/wVrNnH4h1vQvh5pl7oMsV9Zan4d8IaB4ak1TWNEubW10vxFr+tw6pqUF04vbecA/qh+O/7Zf/AAQl8Jy+Lvhp+0H8Wv2Y10j4neCdA0TXPhb4y0Ial4QfwjoVvf6RoS6V4Tj8OXGleG2tYprpbK70uDT7+2kSG8spYZobe4QA/kq/4Jf/ALcH7Gn/AASi/wCC2P7Qvws+C/7UXhzV/wDgmH8ddAutR0jxhdavr2o+DvCmtPpVj4s8Hxzyz2KXp1jwhJd678Pb/UW0qOfWALBp55reztHoA/sn/wCH+X/BH3/o/L4L/wDgR4j/APlFQAf8P8v+CPv/AEfl8F//AAI8R/8AyioAP+H+X/BH3/o/L4L/APgR4j/+UVAB/wAP8v8Agj7/ANH5fBf/AMCPEf8A8oqAD/h/l/wR9/6Py+C//gR4j/8AlFQAf8P8v+CPv/R+XwX/APAjxH/8oqAD/h/l/wAEff8Ao/L4L/8AgR4j/wDlFQB+gn7OP7UHwD/a5+HFv8XP2cPid4e+LXw4utU1LRbfxb4Ye7fTJdU0i4a11KzU3traTebaXCNFLmLbuXgkYLAHvVABQAUAFABQAUAFABQAUAFABQB//9H+/igAoAKACgAoAKAP5LP+Dov9gr4+/E7wt+zb/wAFHP2SdGv/ABF8c/2E/E0HibXfD2kWVzqutX3gLRvENl430bxDpmj2Qju9Vs/BPiWxv7vxPpdvNJPe6Brk9wIUstN1GegDmfhH/wAHPH/BOr9qj4NfAjV/jl8Ypv2SPjd8MfiV4R8a/GL4e+P/AAh8UNX07UoPDfh3xRpHiAeA/Evw68GeLtN8SWup6pqlreaXo+rNoesfZ0ZdQ0y2uYoklAPy2/4KRftx+K/+DmX9qf4Cf8E6f+Cengvxvd/ss/D7x3Z/EP4x/HPxDoN/4et7m1Rv7K1Hx5eaZqUDN4Z8OeFtAn1i18E2viOGw17xR4k1iS0m0y0heNIAD/QM+GvgTRfhd8PfBHw48NwJbaD4F8K6F4T0iBNwSOw0LTbbTrYKGLMAY7cHBJIzigDtqACgAoAKACgAoAKACgAoAKACgAoAKACgD+Gv/gu18Jv2g/8AgmB/wVR+CP8AwXQ+AHgHV/iT8JdQtPD3g39pfQNHhcW+lPY6JB4GvdP16aGK8Oj6P418KW+lXmh+I5beOyt/HekiPVPllt01AA+7bb/g4z/4IvfFjxv8Bv2x9e/a18R/C/xD8FPhT8dvBuo/s+eKPgT8UtS+IOo6l8brn4O6hJbJqvhnRdX8NyXfh2b4Sx2lvJod94g0PVf+Eh8+81zQk0qYXAB+Snwc8Z/FT/g5S/4LUfBr9qDwx8MPGfw9/wCCfP7CGpaDrPh7XPGGnxwtrOqeEdcbxd4esry4tZJNJm8eeNPGf2HXb/QdOvdVTw14P0u2sdUvZJpbC41AA/0EQAAAAAAMADgADoAOwAoAWgAoAKACgAoAKACgAoAKACgAoAKACgAoA/z6vif4u+Lv/Bs5/wAFkvjV+0R4n+F3inx3/wAE6/289cutQ1HxD4Rg+0y6CLvWtQ8SW+nWcrfZdMbxn8LNX13XLYeGNXvLOfxD4W1T+2LGcyvapOAfsP4g/wCDlH/gjH8LJ/in+1B4Y/aj8R/FXxT8R/Bvg+y0n4D+F/gx8TtM8djU/B2m38dtpU2o+J/DukeG9Nn1Ce7EV1ea5qmlaXZFGe2vtSUorgHwL/wQX+Cn7Sf/AAUn/wCCmXx1/wCC7P7S3gC8+G3w612w1jwd+zj4e1D7Ug1YTWdh4Y0+fw7LfW0Fzq3hrwB4J0mLww3iOO3t7DXdZ1HUUtCZNNuo0AP7iKACgAoAKACgAoAKACgAoAKACgAoAKACgAoAKACgAoAKAP/S/v4oAKACgAoAKACgAoA/Dr9uD/giV/wTs/aE8b/DP4j337DPwn1vxrrnxq8OP8Vdd8F6PqngKXWPBM+jeJ5vEOpeKbT4f6t4X0/UXudYj0OTUtcubWXWbi4dTNfuLm480A/UT9nX9lL9mz9kfwUPh5+zN8EPht8EfB5kWe60j4e+F9N0E6rdKNovte1G3h/tXxDqO07TqWuX2o3zL8rXGBhgD6BoAKACgAoAKACgAoAKACgAoAKACgAoAKACgDM1rRNG8SaTqWgeItI0zXtC1myuNO1fRNasLXVNJ1XTruNobqw1LTb6KezvrK5hdori1uYZYJo2aOSNlJWgD8Fvil/wb2f8E1vGf7XXwX+Kum/sM/A+z+FVn4M+Ocvxl8P6Rca/4W8Pax8QdU1L4RT/AAcvYvh7oPiHTfDklrpltY/FRbu30vR7XSR/aUSaxZXm/TTAAft78MPhR8Mfgn4J0P4a/B74e+C/hb8PfDNsLPw/4J+H/hrR/CXhfR7bJYx6foeh2dlp1t5jlpJmjg3zSs8srvIzuwB39ABQAUAFABQAUAFABQAUAFABQAUAFABQAUAeffFH4S/C743+CdZ+G3xj+Hfgr4p/D/xDD5Gt+DPiB4Z0fxb4a1JArKjXWj65aXti88G9ntbnyVubSXE1tLFMqOoB+M3w0/4N8P8Agl74F/aQ8ffFVv2G/gbd+EprLwZd/DvQtZl8U+LNA0jxDYx3cnii4m8AeJtf1XwettdXhspLe1udJu7FVj221pboHRwD9yNH0bSPD2ladoWgaVpuh6HpFnb6dpOjaPY22maVpen2kSw2tjp2nWUUNpZWdtCiRW9rbQxQQxKsccaooVQDSoAKACgAoAKACgAoAKACgAoAKACgAoAKACgAoAKACgAoA//T/v4oAKACgAoAKACgAoA8P+NvxQ1j4Y/8Kn/sjTbDUv8AhP8A4w+Gvh1qX277T/oOl61ofijVLi/tPs0kf+mwzaFbRRefvg8uaXfGzbCoB7hQAUAFABQAUAFABQAUAFABQAUAFABQAUAFABQAUAfMnj3xD8Y7L9q/9nDwz4Ytddk+B+v/AAr/AGltS+Ll3aeGob/w9beNvD+pfASP4Pxa34qbS7ifw7qFzaa38TzoelQ6vpsfiRLfV5ZrTVDoEL6eAfTdABQAUAFABQAUAFABQAUAFABQAUAFABQAUAFABQB4b4T1n4l3Xx2+Lei67a6lH8MdL8O/D6fwHdT6LFa6bcavfWeov4rSx1tbSOXVJYriO0F1byXlyLFiqLHDvwwB7lQAUAFABQAUAFABQAUAFABQAUAFABQAUAFABQAUAFABQAUAf//U/v4oAKACgAoAKACgAoA8w+JvxP0T4Y/8ID/bWm6jqP8Awn3xE0X4daV/ZyWj/YdX1rS9c1O2v737VcW+ywhg0O6ime28+5WSaER28iGQoAen0AFABQAUAFABQAUAFABQAUAFABQAUAFABQAUAFAHzh44+NmseFf2ov2evgLbaLp91onxk+GX7RfjrVtemmuV1LR734L6j8DbPSLGwhT/AEWW31lPitqb373H72JtKshbcS3FAH0fQAUAFABQAUAFABQAUAFABQAUAFABQAUAFABQAUAeLeF/ine+IPjb8VPhRLpFvbWPw98P+A9ZtNYS5le51OTxfaX9xcQTWzRLFAtk1mqRvHM7ShyXVMDcAe00AFABQAUAFABQAUAFABQAUAFABQAUAFABQAUAFABQAUAFAH//1f7+KACgAoAKACgAoAKAPMfiZL8MYv8AhAv+FmDTjv8AiHosfgL+0UvHx8Q20zXDopsfsYbZf/2YuueS90Psoj84SZcxbQD06gAoAKACgAoAKACgAoAKACgAoAKACgAoAKACgAoA8P8AFnxQ8AeH/j98GPhJrPhy7vviP8SvAfxs8V+BfE8ekaPc2fh/w78Mb34TW3j3TLrWrm8i1vSpvEU/xA8GyWlnpNld2WrDQ7l9Xms303TFugD3CgAoAKACgAoAKACgAoAKACgAoAKACgAoAKACgAoA8w0H4g+E9Z+KXj/4d6dpt1B4u8F6P4T1TxHqclhZQ2l/ZeJbe7n0aK3v4rh728e1itplmjuraGO3LBYHkDOVAPT6ACgAoAKACgAoAKACgAoAKACgAoAKACgAoAKACgAoAKACgD//1v7+KACgAoAKACgAoAKAPMfiZ8NfDnxI/wCEB/4SLUdQ07/hBfiJovxA0P8As+5s7f7dr2j6Zrmm2dhe/bLW68+xmttavZJoLXyLt5IYWjuY0WRJQD06gAoAKACgAoAKACgAoAKACgAoAKACgAoAKACgAoA8R8V2PwUm+PnwZ1DxU2nj482XgT41QfBxJtS1mDUm8C3t78KD8aDYaXa3Ueh6hbLeWnwq/tC51ezur7TmayXR5rVL7VFuAD26gAoAKACgAoAKACgAoAKACgAoAKACgAoAKACgAoA8x0Gy+GMXxR8fX2gvpp+KN1o/hOPx+kGoXk2pLo8FveDwmb7TpbqSysojbtd/ZZbW0t5LldzTyTFVKgHp1ABQAUAFABQAUAFABQAUAFABQAUAFABQAUAFABQAUAFABQB//9f+/igAoAKACgAoAKACgDxL41fCzUfij/wqn+z9TstM/wCFffF/w38SL77bHPJ9vsND0TxPpc2nWnkI+y8mk16GWN5tsISCUO4ZkoA9toAKACgAoAKACgCOaaK3iknnljhhiVnllldY440UZZ3dyFVVAyzMQAOSRgGgCppuqaZrFpFf6RqFlqljMN0N5p91Be2so9Y57d5InH+65/HFAF5mVQWYhVAyzMQAAOpJOAAPXP5UAZela7omuxzTaJq+mavFbXEtpcSaZf2t/HBdQP5c1tM9rLKsc8TgpJE5DowKsARQBdlu7WBts1zbwtjO2WaKNseuHZTj3x+WTuAEs7y01C1t76wure9srqJJ7W7tJo7i2uYZBmOaCeFmilideUkjZlYcg8/MAWaACgAoAKACgDw7xb8E9L8VftAfBb49XGvXdnq/wb8BfG7wLpnh2K1gkstctPjTe/CW91PULu7eVbi2m0JvhTp8dpFBDLHcjWLkztEYId4B7jQAUAFABQAUAFAGdqer6Vo1uLrWNTsNKtWligW41G8t7KBppnEcMIluZI0MssjLHGgbc7sFVWJAoAvo6SKrxsro4DI6MGVlPIZWXIYEcgg4PvQAkkkcSl5ZEiQdXkZUUZ6ZZiAMn3/OgCrDqenXN1LZW9/ZXF5BBFdTWkN1BLcxW08ksUFxLBG7SRwzS288cUrKEkeGVFJaNgoBdoAKACgAoAKACgAoA8t0D4XaVoHxV+IPxUt9TvZ9W+IOjeEdG1HS5VtxY2EPhG2vLezmtWRRcNJdreO04mYoCq+WBzQB6lQAUAFABQAUAFAGbf61o+lyWcOp6rp2nTahP9msYr69trWS9uCpfyLVJ5EaebYrN5cQd9qscABjQBpA55HIPII70AV5bu1gbZNc28LYztlmiRseuHcHHvj8+aAHxTwTKzwzRTKpwzRSI6qcZwxRmAODnntzzxtAKj6tpUcttBJqdgk97cfZbOFry2WW6ufKln+z28Zk3zz+RbzzeVGGfyoZZMbInNAGhQAUAFABQAUAFABQAUAFAH//0P7+KACgAoAKACgAoAKACgAoAjmaRIpXij86VY3aOLeI/NkVSUj3t8qb2wu9uFzk8CgD8erL/gr74Yn+KH7QHwD1D9mb40aF+0P8CPiR8M/hvafA3V9d+E1v48+MUvxWku5/C/i/4RRJ49m0fXvA76Bp2q+Lr3xDquraHDY+F9E13U7yKAaZLCwB+u+j3V/faVp15qmly6JqV1Z2899o811aX02mXUsSvPYy3lhJNZXUlrIWiee0llt5GUtDI6EPQB+YHjv/AILWf8E1Phr4z8UfD7xp+0PeaR4t8Ga7qXhvxJpa/Bv48aiun6zpF1JZ6haC/wBK+GV7pt4ILmKSMXFjd3NrLt3wzyoVdgD6D/ZX/wCCgv7JP7aup+MNH/Zq+KU/xD1HwFZaRqPiuCbwF8SfBo0yz16bULfSpVm8d+EPDEF8bqXS75THp0l3JB5G65SJZYWcA/Pf/gqd491D4h/tp/8ABLD9gifUZh8Kv2i/i58UPiV+0F4YheaKHxx4G+B3gVvEfgzwZryxSxx6r4O13xvIJvFHhy+WfStbg0izttStbm1DwOAYvi3xFZ/sc/8ABbf9m74T/CjS9M8EfBb9uf8AZu8e2/jv4YeGbO30HwZJ8afg3qb32gfEzTfD+nwxaRp3iO88CH/hGPEEum2NlLrlppmj3Op3NzcaejMAfrn+0V8CbL9o3wXpvwv8T+IdZ0r4a6p4jtLz4qeHdB1LVtDvfiT4LtLHUhL8PLzX9B1HSdb0jw9resT6Te+I/wCzL+CXWtK0qfwzfCfRdc1a2nAPwj+E/wCxJ8Kf2M/+C4/w08L/ALA3ha8+Cvwo8Zfse+MfH37YPwo8H32u3PweuLn/AITWPw58IdeudDvtR1DS/Dnj/W7rT9cXS1tlsjPo2havd2tuH1DUZroA+Av299D+FeiftjfFH45f8Fsf+CQXjz4h/szeKvida+DPhR+2/wCEPj3q/j/wZ8Gvg9bSWnhrwBpfj/4S/CTxZokvw30CeSI+IfFGs61qt5qd74k13V7iz0y5jeG1QA/sg+Gtj4E0z4e+CdP+F9to9n8OLPwtodv4GtfDwQaHb+FI9Ot10KLSRGWT7AmnfZxb4Zj5e0sSxY0AdtQAUAFABQAUAfM3jz4L+KPFP7Vv7OPx10/U9Et/CPwf+Fn7SvgfxLpN3c6imv6lq3xk1L4C3nhi60a1g06fTLiw0yL4WeIF1uXUNT0+5tnv9JGn22orPetYAH0zQBla7ealp2janf6Po83iHVLOyuLiw0O3vLLT59Xuoo2eHT4L7UprbT7Wa6ZRFFPfXEFpG7K1xNFEGdQD8jvgR/wV88L/ALQ15H4N8Dfs0fGaz+N1l+0N41/Z68a/s/eJNd+FGk/FX4a6h8O9Nt9T8Y/ETx1pp8d3Oj6T8NtEgv8AR0m1yDWr67up/Efhq107Tb281m3t1AP14vNQt9N0y71XUWNpa6fYz6hfttec21va273N0223SSSYwxxyHbCjvJtxGjMyrQB+TF1/wXa/4JaWV1c2dz+0rex3NpcTW1xH/wAKQ/aEfy54JGilTenwpZH2yIy7kZkbGVJBBoA+1/2XP2yf2c/2z/CviLxt+zf4/l+IPhrwp4g/4RbXtRm8IeOPBxstd/s2y1b7ELLx14b8NX90P7P1Gzn+1WdrcWeZfK+0edHLGgB+VHwk1LRv20v+C0H7dfhf4v6Zo/xH+En7DPwh+Bfwy+Dnw+8WaVaeIPBWleN/i9omseJfi/4wuvC+sR3uhXXi+4lt7Hwva+IZtPfU7bw3bNpdvcRWdzdQzgHSf8Ej/ibrvhr9ob/gpf8AsK3Oo3l/4A/ZJ/aT+1fArT768ubtvAvwZ+K2mf8ACT+Gvhtp73b3FyfD3g6/XVbDw2kl0yWGifYdKtoILWwhRgCf/gt34J/aV+KPw3+EPgX4b/sGah+39+zda+KdY8a/tQfBbQ/j7o/wM8Q+LdL0LTfs3gbQtMl+1Dxb4utLLVL/AFLxRe+F/DVobvVtY0fwtHHdKsFzEwBZ/wCCGl5/wTb1r4DfEnWv2AP2bNT/AGTdeg+Ic3hf9pf4FeOV8Vp8WPh38WfDmn2tpceGfGyeMvEnijVEis7JoZdINjfw6VPBPJdCxs9Rmv4EAP3BoAKACgAoAKACgAoA8O8KfDPxDoXx1+LXxOvNT06fw7498O/D/SNF0yC4vX1GwuvClnqFvqU19by2kdjDFdvdxNavaXlxJIqMbiOFlUMAe40AfMf7YH7Rep/sn/ALx/8AtAWnwX+I3x10j4ZaLeeKPFngr4USeF38cx+FtLhNzrWuaVpvizX/AA1YatDolkk2palaW+pi/TTra5ure2uBA6UAeM/st/t/eF/2vvEPhuD4N/DXxN4h+HmrfCTwD8U/EHxfsfE/gK/8D+C734i6Q2u6F8Mdb+xeIptdufiRDor2Gt6ro2j6RqFlpWi6xo9/f6pB/aVpDKAfT/x6+P3wn/Zk+GOu/GL42eKH8HfDrw3JYRa1r8eg+I/Ej2kmp3kVjZKNI8KaRrmuXHnXU0cWbXTZ1j3b5jHGC6gH5y/8P4/+CV3/AEcxe/8Ahjv2h/8A51FAH6ffCv4oeB/jV8OvBnxY+Gust4h8BfEDw/pvinwlrj6Zq2jNqmhavbJd6fetpWu2OmaxYGe3kST7LqWn2d5Fu2T28bgrQB+Ef/BPPw/4C/4KK/HP/gqn8bf2j/C3h/4xaJpX7U3jn9jz4Q6P4z0q31vR/A/wC+GPh7R7CKw8GWepLdR+EtV8U65qeq+IfE2r+HV07VNS1oWeoXF49zp1jJbgHuH/AAQm+P8A8QvjF+yN42+HvxS8Tap428afsr/tC/F/9mu48Y67dzX2u+IfD/w+8TXEfgy41q5uDJc3OqWnhK60fTry9urm6utQmtGvriYzTutAHp/7TH/BIb/gnL+0f8SviP8AtP8A7Zvwc0344eMbnR4p7vxP8QvF3jrT9B+Hnw98F6IEtdA8NaD4Z8VaHoek6NptjZXesatfyWdxquq6rd6nqN5eeXNBaWoB+c/7EH7NPxE+Cn/BHn9oTxX/AME9/wBnPTLH4pftoeN/iT8XPhT8GtP8eab8N7fQPhj8TPECeHPBVnp3j7x7qk39hatonwJtNPTRtW1W/v7q18Umy1CSGdEnVgDy7/gjd4W/4Jv+C/2w9Z+Fuuf8Eu/E3/BNn/gpt4E+H+qa7H4Y+Jnj/wAafFWz+IPgLU7iysfFHjb4Q/EbV/Elz4R8ZQTagsKatqmkeGdNuYUu5YtIvryxl1DYAf1i0AFABQAUAFABQAUAFABQB//R/v4oAKACgAoAKACgAoAKACgCG5uEtLa4upFneO2hluJEtra4vLl0hRpHW3tLSKa6up2VSIra2hluJ3KxQxPIyIwB/Ll+214R/aY8Y/Frwz/wWX/Z0+B/xl/4Wj+yR8SY/gZ4R/ZcuP2cviFp/wAZ/wBpb9lefxDNofxR1W+8J6j4Dg+JEfiLXtZ1C78Z/CZ2gs/Dul+C9K0q91k2+q3mp6ZcAH9KHwo+Itn8Wfh34T+Ilj4a8deDYPFWj2mq/wDCLfEvwN4s+G/jnQZp4lafS/Efgzxvo+g+JdF1Czm3wSwahpduZCnnQ74XR2APzy8dfCb/AILE3/jLxRe/Dv8AbI/Yh8O+BLvXNSuPCGg+J/2Ovil4i8RaP4elupH0rTta16x/ad0Oz1jU7S0MUN5qNto+mwXcyPNHZW6sI1APoT9ljwT+3f4T1PxhL+2J8ev2ePjHpN7ZaOnge0+CHwH8ZfB280O/hmv21y48QXfin4wfE6LXLa+gk0yPT7ezttJexktruSaa6W5jSAA+PP8Agpb+z98RLv8AaV/4J0ft1fDTwX4g+Iifsb/F/wAeWXxf8FeCtHvPEXjfUvg58bfBZ8F6r4p8PeG9MSbWvE7fDrWorDX7/wAPeHbTU/EN7pV5qFxpmk37WUqIAcc/w98S/tX/APBWP4ZftfaL4H8cWP7OX7Gv7MXjTwd4c8U+LvAfijwZqXxP+OXxR1s6jqlp8N9E8Yafoesa3onhDwZZW+manr66ZBpt34k1iXRtNvrt9Ov2iAPo3xh/wUT8QaX+xJJ+1l4c/Yn/AG2b/wAb6xrGseFPCX7MM/7O3jfWvj6+u2Ov6n4ftNc8T+AvAlv4svPD/gOeLTZPFKeJr25gt7zw3LYi0Y6xq2nabOAfIH7FX7bx1D4jW/grw9/wTq/4Kdaf8bv2gfGA8SfGz9ov9pT9kHxV8CPhn9r0/SXlurzX/HXijU76Dw34U8N6FpkPg/4V+BNPiv1gP9haLutoptS1yAA9c+Mv7T+lft/fsiftM/s7fD79mD9qnw98X/id4P8AH/wGi+Gf7RP7NXxJ+GGneGNc8U6ddeHbHx/4m8fa5ok/wlh8JeGor2Px/p+p6f4+v7zVotIg0/QLS98SzWuksAfpt+z58Lf+FIfAz4RfB7+0pNZPwy+HXhHwQ2qzbzJqD+HNEs9Lku2Msk0h897dnHmSu+CNzMeVAPYKACgAoAKACgD5e8fn4wf8Nbfs1Dwz/wAJF/wpI/Cj9pz/AIWybKNT4Z/4TQan+z9/wqL+35CpaPUjaf8ACzf+EfVXUSRjW9wbYu0A+oaAMDxT4jsvCHhzW/FGo2ev6jY6Dpt1ql1Y+FvDWv8AjHxHdw2kTSvb6J4V8K6brHiPX9SlA2Wul6Lpd9qF1KVjt7aRzigD+XbxroX7T/7Pn7W/wd/4LKfD39nz45eKLb9rvxDB8Ef2s/2PvAf7N/xB1r4w/D/4Bxwi3+D/AMU9b8KeHPAlz45g+JXw/tdKS++K6eIUkguZdZuNB8KwanHHpz2QB/UPZarL4l8LQazoC3ulXGt6IL7R18T+H9Y0a/064vrPzbH+3fDGswaPrunz2sskR1DR9Qg07UYWSW1mW2mBKAH5WXXwd/4LZtc3LWf7bv7BMNo08zWsU/7EvxbmnitjIxgjmmX9q6JZZUiKrJIsUau4LCNAQqgH2v8Asu+Ff2uPCnhXxDaftffF34L/ABg8ZXPiH7T4Y1n4KfCPxN8IND0vwz/ZtjF/ZmraN4o+JXxMutT1b+1Y9Quv7Tt9T0+3+x3Fta/YDJbvcSgH5w+Hfhp4l/Yr/wCCr37Wv7SfiXwf401f9nD9uL4PfBq/i8eeBfBHirx9ZfDf4xfA7TtT8Ma74V8aaT4I0nX/ABBo3/Ce6PqGn+IPDmu3ujroWp6gl5oMGqHWhBpzgHmP7KVv8Sv2RvD3/BRz/gpT8TP2av2g/G2uftWftNweMvhx+zx8LPhrc+If2kH+B2m3mi/Dz4bz6v8ADi/1HS73Ttfu7J7zxxrPh+/u7O/8P6NeGDUbW21GC6tkAP0z+Kf7cXg34N/GD4b/AAl8cfBD9q57b4n+CovFmi/FTwP+zp8Rvir8KtI1aSa6jPw58Wa58LtK8Ya34Z+IKQ2j3jaTqvh2309raW28vVnnuYIHAPJP2Jv2ete8MftHftzftcax4Sv/AIb6X+1r8RfAGo+CfAOr6fJoviFPCfw0+HeheCo/Hni3w/KyXPh3xL8RtZsNW8VT6Fq9nZeJdN0++0+38TWlhra3um2gB+mNABQAUAFABQAUAFAHhvhP/hZ3/C9/i3/b39o/8Ku/4Rz4ff8ACA+etmNN/tj7HqH/AAln2FolF60v2j7J9q+1M0Ybb5AUbtwB7lQB80ftYfGbxB8FfhHqmseC/hb46+MHj7xReWHgfwL4O8G/Dbx18RdNbxJ4rvLfRLLW/iIngjQNdk8NfDXw39vbxB4417V/sVrH4c03UraxludWmsrKcA/FL/gnd8N/jT/wSv8A2wviB+wlffDr42fF/wDY9+PtnaftAfCP49+B/wBnnx5feAPgp8Y/GM0n/C0vg/8AEDxN4D8Ct4J8LeH9W1yK58TeD7q6ubey8P6fcfZPEGpWdxe2tjagH7w/HrRfjp4g+GWuaX+zh47+H3w2+LVxLYHw94u+KPgXWPiR4M06KO7ifUk1PwloPi7wNqeovc2QlgtXg8SWItp3SeRZ0QxOAfnP/wAKb/4Lef8AR8P7An/iEHxc/wDosqAP09+Fmn/EnSfh14M034w+JfC3jH4o2Xh/Tbbx34p8EeGr/wAHeEde8TRWyLqup+HvC2qa74n1HQtKu7oSS2emXniHWLi0hZYpb+5Zd9AH4tfsk+Hdf/4JpfHb/gpF4U+JXw2+KuvfCr48/tE+JP2wP2efFvwv+F3jf4maf4wtviT4e0xPEXwZsE8CaLrzaR8RPDPinRbqwsdA8Sroc2u2Go2WsaVLe6Wl7fW4BT/4J7eG/ih/wTW/Y/8Ahe3xl/Z3+NvxF+M/7Y/7XPiTxZ8S/CPwJ8Ex+Pb34J3/AMfvF2ta5pmvfFd49XtYtE8H/Dnw6uk6b498SQ3GoxaXcwTtbw3UMaCgD7X/AOCqDfE/Xv2P/Ffwa+D3h/xdrXjj9pnxZ4G/ZuGo+EdG1PV5fBPg34r69Bo/xR8da6+mW1w+j+H/AA/8L4fGLXGs3ht7O11G50y3ecT3dvFOAeo/GX4y+D/2CPgF8ObqP4L/AB0+JvgHwrdeC/hc+ifs2/CnWPi54h8D6BHpUtonjTWvBXhuSTxN/wAINocWlhdZv9B0vW9QtJLuyji0qdp1FAHzHq3w1P7Xn7en7JX7Vvg/wV408IfDP9lr4ZfGWC78ffEL4e+MvhX4l+I3ib4yReEbHQvA2jeFPiDo/hXxreeGvB2maFq/iLVNdvdBXw1LqniWzsdDvNR1C11pdNAP1joAKACgAoAKACgAoAKACgD/0v7+KACgAoAKACgAoAKACgAoAKACgAoAKACgAoAKACgAoAKACgAoAKACgAoAKACgAoAKACgAoAKACgAoAKACgAoAKACgAoAKACgAoAKACgAoAKACgAoAKACgAoAKACgAoAKACgAoAKACgAoAKACgAoAKAP/T/v4oAKACgAoAKACgAoAKACgAoAKACgAoAKACgAoAKACgAoAKACgAoAKACgAoAKACgAoAKACgAoAKACgAoAKACgAoAKACgAoAKACgAoAKACgAoAKACgAoAKACgAoAKACgAoAKACgAoAKACgAoAKACgAoA/9k=</file>
    </generalfeedback>
    <defaultgrade>4.0000000</defaultgrade>
    <penalty>0.3333333</penalty>
    <hidden>0</hidden>
    <idnumber></idnumber>
    <correctfeedback format="html">
      <text>Vaše odpověď je správná.</text>
    </correctfeedback>
    <partiallycorrectfeedback format="html">
      <text>Vaše odpověď je částečně správná.</text>
    </partiallycorrectfeedback>
    <incorrectfeedback format="html">
      <text>Vaše odpověď je chybná.</text>
    </incorrectfeedback>
    <shownumcorrect/>
<varsrandom><text>h = {0.2, 0.4, 0.6, 0.8, 1};
a = {1, 2, 3};
sig = {0.5, 0.4, 0.3};
k = {1, 2, 3, 4};</text>
</varsrandom>
<varsglobal><text><![CDATA[b=a+5*h;
tau = 0.5*h; p = 2*sig*h;
x = [a, a+h, a+2*h, a+3*h, a+4*h, a+5*h];
u0 = [2*(x[0] -a), 2*(x[1] -a), 2*(x[2] -a), 2*(x[3] -a), 2*(x[4] -a),2*(x[5] -a)];

uA=sig*(u0[k-1] + u0[k+1]) + (1-2*sig)*u0[k] + tau*3*x[k];

f="3(x+t)";
xB=x[k-1]; xA=x[k]; xD=x[k+1];


left = ["\\ln(t+1)", "t", "\\sin(t)", "xt", "5t"];
#right = {"ln(t+1)", "t", "sin(t)", "xt", "5t"};
alpha=left[k];
h10=10*h;

# formulace úlohy (parametry jsou v {}):
#u_t = {p} u_xx + 3(x+t), \Omega = ({x[0]}, {x[5]})x(0, T)
 #u(x,0) = 2(x-{a})
 #u({x[0]},t) = {left}
#u({x[5]},t) = {10*h} - {right}
#Určete přibližnou hodnotu v bodě A = [{x[k]}, {tau}] explicitní metodou, volte
#h = {h} a tau = {tau}.
]]></text>
</varsglobal>
<answernumbering><text>abc</text>
</answernumbering>
<answers>
 <partindex>
  <text>0</text>
 </partindex>
 <placeholder>
  <text></text>
 </placeholder>
 <answermark>
  <text>1</text>
 </answermark>
 <answertype>
  <text>10</text>
 </answertype>
 <numbox>
  <text>5</text>
 </numbox>
 <vars1>
  <text></text>
 </vars1>
 <answer>
  <text>[u0[0], u0[0], u0[5], u0[5],1]</text>
 </answer>
 <vars2>
  <text></text>
 </vars2>
 <correctness>
  <text><![CDATA[_relerr < 0.01]]></text>
 </correctness>
 <unitpenalty>
  <text>1</text>
 </unitpenalty>
 <postunit>
  <text></text>
 </postunit>
 <ruleid>
  <text>1</text>
 </ruleid>
 <otherrule>
  <text></text>
 </otherrule>
 <subqtext format="html">
<text><![CDATA[<p>Ověřte, zda jsou splněny <b>podmínky souhlasu</b>.</p><p>Uveďte hodnoty, které porovnáváte pro splnění počáteční podmínky:</p><p>\("\varphi(a)" = \){_0}, \("\alpha(0)" = \){_1}, \("\varphi(b)"=\){_2}, \("\beta(0)"=\){_3}</p><p>Jsou-li podmínky souhlasu <b>splněny, zadejte 1</b>, pokud <b>nejsou splněny, zadejte 0</b>.</p><p>Jsou podmínky souhlasu splněny? {_4}</p>]]></text>
 </subqtext>
 <feedback format="html">
<text></text>
 </feedback>
 <correctfeedback format="html">
<text></text>
 </correctfeedback>
 <partiallycorrectfeedback format="html">
<text></text>
 </partiallycorrectfeedback>
 <incorrectfeedback format="html">
<text></text>
 </incorrectfeedback>
</answers>
<answers>
 <partindex>
  <text>1</text>
 </partindex>
 <placeholder>
  <text></text>
 </placeholder>
 <answermark>
  <text>1</text>
 </answermark>
 <answertype>
  <text>10</text>
 </answertype>
 <numbox>
  <text>2</text>
 </numbox>
 <vars1>
  <text></text>
 </vars1>
 <answer>
  <text>[sig, 1]</text>
 </answer>
 <vars2>
  <text></text>
 </vars2>
 <correctness>
  <text><![CDATA[_relerr < 0.01]]></text>
 </correctness>
 <unitpenalty>
  <text>1</text>
 </unitpenalty>
 <postunit>
  <text></text>
 </postunit>
 <ruleid>
  <text>1</text>
 </ruleid>
 <otherrule>
  <text></text>
 </otherrule>
 <subqtext format="html">
<text><![CDATA[<p>Volte prostorový krok \(h = {h}\), časový krok \(\tau = {tau}\).<br></p><p>Je explicitní schéma pro zadanou úlohu&nbsp; s vybranými kroky \(h\) a \(\tau\) <b>stabilní</b>?</p><p>Uveďte hodnotu, podle které rozhodujete o stabilitě explicitního schématu: {_0}</p><p>Je-li podmínka stability <b>splněna, zadejte 1</b>, pokud <b>není splněna, zadejte 0</b>.</p><p>Je podmínka stability splněna? {_1}<br></p><p></p>]]></text>
 </subqtext>
 <feedback format="html">
<text></text>
 </feedback>
 <correctfeedback format="html">
<text></text>
 </correctfeedback>
 <partiallycorrectfeedback format="html">
<text></text>
 </partiallycorrectfeedback>
 <incorrectfeedback format="html">
<text></text>
 </incorrectfeedback>
</answers>
<answers>
 <partindex>
  <text>2</text>
 </partindex>
 <placeholder>
  <text></text>
 </placeholder>
 <answermark>
  <text>1</text>
 </answermark>
 <answertype>
  <text>10</text>
 </answertype>
 <numbox>
  <text>3</text>
 </numbox>
 <vars1>
  <text></text>
 </vars1>
 <answer>
  <text>[u0[k-1], u0[k], u0[k+1]]</text>
 </answer>
 <vars2>
  <text></text>
 </vars2>
 <correctness>
  <text><![CDATA[_relerr < 0.01]]></text>
 </correctness>
 <unitpenalty>
  <text>1</text>
 </unitpenalty>
 <postunit>
  <text></text>
 </postunit>
 <ruleid>
  <text>1</text>
 </ruleid>
 <otherrule>
  <text></text>
 </otherrule>
 <subqtext format="html">
<text><![CDATA[<p>Určete hodnoty řešení v bodech \(B=[{xB},\ 0],\ C=[{xA},\ 0],\ D=[{xD},\ 0] \).</p><p>\(U(B) = \){_0}, \(U(C) = \){_1}, \(U(D) = \){_2}</p>]]></text>
 </subqtext>
 <feedback format="html">
<text></text>
 </feedback>
 <correctfeedback format="html">
<text></text>
 </correctfeedback>
 <partiallycorrectfeedback format="html">
<text></text>
 </partiallycorrectfeedback>
 <incorrectfeedback format="html">
<text></text>
 </incorrectfeedback>
</answers>
<answers>
 <partindex>
  <text>3</text>
 </partindex>
 <placeholder>
  <text></text>
 </placeholder>
 <answermark>
  <text>1</text>
 </answermark>
 <answertype>
  <text>10</text>
 </answertype>
 <numbox>
  <text>1</text>
 </numbox>
 <vars1>
  <text></text>
 </vars1>
 <answer>
  <text>uA</text>
 </answer>
 <vars2>
  <text></text>
 </vars2>
 <correctness>
  <text><![CDATA[_relerr < 0.01]]></text>
 </correctness>
 <unitpenalty>
  <text>1</text>
 </unitpenalty>
 <postunit>
  <text></text>
 </postunit>
 <ruleid>
  <text>1</text>
 </ruleid>
 <otherrule>
  <text></text>
 </otherrule>
 <subqtext format="html">
<text><![CDATA[<p></p><p>Určete přibližnou hodnotu řešení v bodě \(A = [{xA},\ {tau}]\) užitím explicitního schématu.</p><p>\(U(A) =\) {_0}</p><br><p></p>]]></text>
 </subqtext>
 <feedback format="html">
<text></text>
 </feedback>
 <correctfeedback format="html">
<text></text>
 </correctfeedback>
 <partiallycorrectfeedback format="html">
<text></text>
 </partiallycorrectfeedback>
 <incorrectfeedback format="html">
<text></text>
 </incorrectfeedback>
</answers>
  </question>

<!-- question: 140092  -->
  <question type="formulas">
    <name>
      <text>teplo explicitni 1</text>
    </name>
    <questiontext format="html">
      <text><![CDATA[<p>Je dána smíšená úloha pro rovnici vedení tepla: $$\frac{\partial u}{\partial t} ={{p}}\frac{\partial^2 u}{\partial x^2} + {{f}} \ \mbox{ v oblasti } \Omega = \{[x,t]:\ x\in({a},{b}),\ t&gt;0\}$$ s počáteční podmínkou \( u(x,0) = {{phi}},\ x\in\langle {a},\ {b}\rangle \) <br></p><p>a okrajovými podmínkami \( u({a},t) = {alpha},\ u({b},t) = {beta},\ t\geq 0\).</p><p>Volte prostorový krok \(h = {h}\), časový krok \(\tau = {tau}\).<br></p>]]></text>
    </questiontext>
    <generalfeedback format="html">
      <text><![CDATA[<p>Přibližnou hodnotu řešení \(U_A\) v bodě \(A\) určíme pomocí explicitního schématu <img src="@@PLUGINFILE@@/explicitni1_moodle.jpg" alt="" role="presentation" class="img-responsive atto_image_button_right" width="250" height="114"><br></p><p>$$U_A = \frac{p\tau}{h^2}U_B + \left(1 - 2 \frac{p\tau}{h^2}\right) U_C + \frac{p\tau}{h^2}U_D + \tau f(C),$$</p><p>kde \(U_B,\ U_C,\ U_D\) jsou hodnoty na nulté časové vrstvě. Ty určíme z počáteční podmínky \(U_i^0 = {phi}\).<br></p><p>Pro zadanou úlohu je \(p={p}\), jsou zvolené kroky \(h={h}, \tau = {tau}\), tedy \(\displaystyle \frac{p\tau}{h^2} = {sigma}\). <br></p>]]></text>
<file name="explicitni1_moodle.jpg" path="/" encoding="base64">/9j/4AAQSkZJRgABAQAASABIAAD/4QBMRXhpZgAATU0AKgAAAAgAAgESAAMAAAABAAEAAIdpAAQAAAABAAAAJgAAAAAAAqACAAQAAAABAAAB/6ADAAQAAAABAAAA6AAAAAD/4QkhaHR0cDovL25zLmFkb2JlLmNvbS94YXAvMS4wLwA8P3hwYWNrZXQgYmVnaW49Iu+7vyIgaWQ9Ilc1TTBNcENlaGlIenJlU3pOVGN6a2M5ZCI/PiA8eDp4bXBtZXRhIHhtbG5zOng9ImFkb2JlOm5zOm1ldGEvIiB4OnhtcHRrPSJYTVAgQ29yZSA1LjQuMCI+IDxyZGY6UkRGIHhtbG5zOnJkZj0iaHR0cDovL3d3dy53My5vcmcvMTk5OS8wMi8yMi1yZGYtc3ludGF4LW5zIyI+IDxyZGY6RGVzY3JpcHRpb24gcmRmOmFib3V0PSIiLz4gPC9yZGY6UkRGPiA8L3g6eG1wbWV0YT4gICAgICAgICAgICAgICAgICAgICAgICAgICAgICAgICAgICAgICAgICAgICAgICAgICAgICAgICAgICAgICAgICAgICAgICAgICAgICAgICAgICAgICAgICAgICAgICAgICAgICAgICAgICAgICAgICAgICAgICAgICAgICAgICAgICAgICAgICAgICAgICAgICAgICAgICAgICAgICAgICAgICAgICAgICAgICAgICAgICAgICAgICAgICAgICAgICAgICAgICAgICAgICAgICAgICAgICAgICAgICAgICAgICAgICAgICAgICAgICAgICAgICAgICAgICAgICAgICAgICAgICAgICAgICAgICAgICAgICAgICAgICAgICAgICAgICAgICAgICAgICAgICAgICAgICAgICAgICAgICAgICAgICAgICAgICAgICAgICAgICAgICAgICAgICAgICAgICAgICAgICAgICAgICAgICAgICAgICAgICAgICAgICAgICAgICAgICAgICAgICAgICAgICAgICAgICAgICAgICAgICAgICAgICAgICAgICAgICAgICAgICAgICAgICAgICAgICAgICAgICAgICAgICAgICAgICAgICAgICAgICAgICAgICAgICAgICAgICAgICAgICAgICAgICAgICAgICAgICAgICAgICAgICAgICAgICAgICAgICAgICAgICAgICAgICAgICAgICAgICAgICAgICAgICAgICAgICAgICAgICAgICAgICAgICAgICAgICAgICAgICAgICAgICAgICAgICAgICAgICAgICAgICAgICAgICAgICAgICAgICAgICAgICAgICAgICAgICAgICAgICAgICAgICAgICAgICAgICAgICAgICAgICAgICAgICAgICAgICAgICAgICAgICAgICAgICAgICAgICAgICAgICAgICAgICAgICAgICAgICAgICAgICAgICAgICAgICAgICAgICAgICAgICAgICAgICAgICAgICAgICAgICAgICAgICAgICAgICAgICAgICAgICAgICAgICAgICAgICAgICAgICAgICAgICAgICAgICAgICAgICAgICAgICAgICAgICAgICAgICAgICAgICAgICAgICAgICAgICAgICAgICAgICAgICAgICAgICAgICAgICAgICAgICAgICAgICAgICAgICAgICAgICAgICAgICAgICAgICAgICAgICAgICAgICAgICAgICAgICAgICAgICAgICAgICAgICAgICAgICAgICAgICAgICAgICAgICAgICAgICAgICAgICAgICAgICAgICAgICAgICAgICAgICAgICAgICAgICAgICAgICAgICAgICAgICAgICAgICAgICAgICAgICAgICAgICAgICAgICAgICAgICAgICAgICAgICAgICAgICAgICAgICAgICAgICAgICAgICAgICAgICAgICAgICAgICAgICAgICAgICAgICAgICAgICAgICAgICAgICAgICAgICAgICAgICAgICAgICAgICAgICAgICAgICAgICAgICAgICAgICAgICAgICAgICAgICAgICAgICAgICAgICAgICAgICAgICAgICAgICAgICAgICAgICAgICAgICAgICAgICAgICAgICAgICAgICAgICAgICAgICAgICAgICAgICAgICAgICAgICAgICAgICAgICAgICAgICAgICAgICAgICAgICAgICAgICAgICAgICAgICAgICAgICAgICAgICAgICAgICAgICAgICAgICAgICAgICAgICAgICAgICAgICAgICAgICAgICAgICAgICAgICAgICAgICAgICAgICAgICAgICAgICAgICAgICAgICAgICAgICAgICAgICAgICAgICAgICAgICAgICAgICAgICAgICAgICAgICAgICAgICAgICAgICAgICAgICAgICAgICAgICAgICAgICAgICAgICAgICAgICAgICAgICAgICAgICAgICAgICAgICAgICAgICAgICAgICAgICAgICAgICAgICAgICAgICAgICAgICAgICAgICAgICAgICAgICAgICAgICAgICAgICAgICAgICAgICAgICAgICAgICAgICAgICAgICAgICAgICAgICAgICAgICAgICAgICAgICAgICAgICAgICAgICAgICAgICAgICAgICAgICAgICAgICAgICAgICAgICAgICAgICAgICAgICAgICAgICAgICAgICAgICAgICAgICAgICAgICAgICAgICAgICAgICAgICAgICAgICAgICAgICAgICAgICAgICAgICAgICAgICAgICAgICAgICAgICAgICAgICAgICAgICAgICAgICAgICAgICAgICAgICAgICAgICAgICAgICAgICAgICAgICAgICAgICAgICAgICAgICAgICAgICAgICAgICAgICAgICAgICAgICAgICAgICAgICAgICAgICAgICAgICAgICAgICAgICAgICAgICAgICAgICAgICAgICAgICAgICAgICAgICAgICAgICAgICAgICAgICAgICAgICAgICAgICAgICAgICAgICAgICAgICAgICAgICAgICAgICAgICAgICAgICAgICAgICAgICAgICAgICAgICAgICAgICAgICAgICAgICAgICAgICA8P3hwYWNrZXQgZW5kPSJ3Ij8+AP/tADhQaG90b3Nob3AgMy4wADhCSU0EBAAAAAAAADhCSU0EJQAAAAAAENQdjNmPALIE6YAJmOz4Qn7/4htESUNDX1BST0ZJTEUAAQEAABs0YXBwbAIQAABtbnRyUkdCIFhZWiAH5AABAAEACAAyADRhY3NwQVBQTAAAAABBUFBMAAAAAAAAAAAAAAAAAAAAAAAA9tYAAQAAAADTLWFwcGwAAAAAAAAAAAAAAAAAAAAAAAAAAAAAAAAAAAAAAAAAAAAAAAAAAAAAAAAAAAAAABFkZXNjAAABUAAAAGJkc2NtAAABtAAABDZjcHJ0AAAF7AAAACN3dHB0AAAGEAAAABRyWFlaAAAGJAAAABRnWFlaAAAGOAAAABRiWFlaAAAGTAAAABRyVFJDAAAGYAAACAxhYXJnAAAObAAAACB2Y2d0AAAOjAAABhJuZGluAAAUoAAABj5jaGFkAAAa4AAAACxtbW9kAAAbDAAAAChiVFJDAAAGYAAACAxnVFJDAAAGYAAACAxhYWJnAAAObAAAACBhYWdnAAAObAAAACBkZXNjAAAAAAAAAAhEaXNwbGF5AAAAAAAAAAAAAAAAAAAAAAAAAAAAAAAAAAAAAAAAAAAAAAAAAAAAAAAAAAAAAAAAAAAAAAAAAAAAAAAAAAAAAAAAAAAAAAAAAAAAAAAAAAAAbWx1YwAAAAAAAAAjAAAADGhySFIAAAAUAAABtGtvS1IAAAAMAAAByG5iTk8AAAASAAAB1GlkAAAAAAASAAAB5mh1SFUAAAAUAAAB+GNzQ1oAAAAWAAACDGRhREsAAAAcAAACIm5sTkwAAAAWAAACPmZpRkkAAAAQAAACVGl0SVQAAAAUAAACZHJvUk8AAAASAAACeGVzRVMAAAASAAACeGFyAAAAAAAUAAACinVrVUEAAAAcAAACnmhlSUwAAAAWAAACunpoVFcAAAAMAAAC0HZpVk4AAAAOAAAC3HNrU0sAAAAWAAAC6npoQ04AAAAMAAAC0HJ1UlUAAAAkAAADAGZyRlIAAAAWAAADJG1zAAAAAAASAAADOmhpSU4AAAASAAADTHRoVEgAAAAMAAADXmNhRVMAAAAYAAADamVzWEwAAAASAAACeGRlREUAAAAQAAADgmVuVVMAAAASAAADknB0QlIAAAAYAAADpHBsUEwAAAASAAADvGVsR1IAAAAiAAADznN2U0UAAAAQAAAD8HRyVFIAAAAUAAAEAHB0UFQAAAAWAAAEFGphSlAAAAAMAAAEKgBMAEMARAAgAHUAIABiAG8AagBpzuy37AAgAEwAQwBEAEYAYQByAGcAZQAtAEwAQwBEAEwAQwBEACAAVwBhAHIAbgBhAFMAegDtAG4AZQBzACAATABDAEQAQgBhAHIAZQB2AG4A/QAgAEwAQwBEAEwAQwBEAC0AZgBhAHIAdgBlAHMAawDmAHIAbQBLAGwAZQB1AHIAZQBuAC0ATABDAEQAVgDkAHIAaQAtAEwAQwBEAEwAQwBEACAAYwBvAGwAbwByAGkATABDAEQAIABjAG8AbABvAHIgDwBMAEMARAAgBkUGRAZIBkYGKQQaBD4EOwRMBD4EQAQ+BDIEOAQ5ACAATABDAEQgDwBMAEMARAAgBeYF0QXiBdUF4AXZX2mCcgAgAEwAQwBEAEwAQwBEACAATQDgAHUARgBhAHIAZQBiAG4A/QAgAEwAQwBEBCYEMgQ1BEIEPQQ+BDkAIAQWBBoALQQ0BDgEQQQ/BDsENQQ5AEwAQwBEACAAYwBvAHUAbABlAHUAcgBXAGEAcgBuAGEAIABMAEMARAkwCQIJFwlACSgAIABMAEMARABMAEMARAAgDioONQBMAEMARAAgAGUAbgAgAGMAbwBsAG8AcgBGAGEAcgBiAC0ATABDAEQAQwBvAGwAbwByACAATABDAEQATABDAEQAIABDAG8AbABvAHIAaQBkAG8ASwBvAGwAbwByACAATABDAEQDiAOzA8cDwQPJA7wDtwAgA78DuAPMA70DtwAgAEwAQwBEAEYA5AByAGcALQBMAEMARABSAGUAbgBrAGwAaQAgAEwAQwBEAEwAQwBEACAAYQAgAEMAbwByAGUAczCrMOkw/ABMAEMARAAAdGV4dAAAAABDb3B5cmlnaHQgQXBwbGUgSW5jLiwgMjAyMAAAWFlaIAAAAAAAAPNSAAEAAAABFs9YWVogAAAAAAAAYWwAADgyAAAKQlhZWiAAAAAAAABvHAAArpUAABaZWFlaIAAAAAAAACZOAAAZOQAAslJjdXJ2AAAAAAAABAAAAAAFAAoADwAUABkAHgAjACgALQAyADYAOwBAAEUASgBPAFQAWQBeAGMAaABtAHIAdwB8AIEAhgCLAJAAlQCaAJ8AowCoAK0AsgC3ALwAwQDGAMsA0ADVANsA4ADlAOsA8AD2APsBAQEHAQ0BEwEZAR8BJQErATIBOAE+AUUBTAFSAVkBYAFnAW4BdQF8AYMBiwGSAZoBoQGpAbEBuQHBAckB0QHZAeEB6QHyAfoCAwIMAhQCHQImAi8COAJBAksCVAJdAmcCcQJ6AoQCjgKYAqICrAK2AsECywLVAuAC6wL1AwADCwMWAyEDLQM4A0MDTwNaA2YDcgN+A4oDlgOiA64DugPHA9MD4APsA/kEBgQTBCAELQQ7BEgEVQRjBHEEfgSMBJoEqAS2BMQE0wThBPAE/gUNBRwFKwU6BUkFWAVnBXcFhgWWBaYFtQXFBdUF5QX2BgYGFgYnBjcGSAZZBmoGewaMBp0GrwbABtEG4wb1BwcHGQcrBz0HTwdhB3QHhgeZB6wHvwfSB+UH+AgLCB8IMghGCFoIbgiCCJYIqgi+CNII5wj7CRAJJQk6CU8JZAl5CY8JpAm6Cc8J5Qn7ChEKJwo9ClQKagqBCpgKrgrFCtwK8wsLCyILOQtRC2kLgAuYC7ALyAvhC/kMEgwqDEMMXAx1DI4MpwzADNkM8w0NDSYNQA1aDXQNjg2pDcMN3g34DhMOLg5JDmQOfw6bDrYO0g7uDwkPJQ9BD14Peg+WD7MPzw/sEAkQJhBDEGEQfhCbELkQ1xD1ERMRMRFPEW0RjBGqEckR6BIHEiYSRRJkEoQSoxLDEuMTAxMjE0MTYxODE6QTxRPlFAYUJxRJFGoUixStFM4U8BUSFTQVVhV4FZsVvRXgFgMWJhZJFmwWjxayFtYW+hcdF0EXZReJF64X0hf3GBsYQBhlGIoYrxjVGPoZIBlFGWsZkRm3Gd0aBBoqGlEadxqeGsUa7BsUGzsbYxuKG7Ib2hwCHCocUhx7HKMczBz1HR4dRx1wHZkdwx3sHhYeQB5qHpQevh7pHxMfPh9pH5Qfvx/qIBUgQSBsIJggxCDwIRwhSCF1IaEhziH7IiciVSKCIq8i3SMKIzgjZiOUI8Ij8CQfJE0kfCSrJNolCSU4JWgllyXHJfcmJyZXJocmtyboJxgnSSd6J6sn3CgNKD8ocSiiKNQpBik4KWspnSnQKgIqNSpoKpsqzysCKzYraSudK9EsBSw5LG4soizXLQwtQS12Last4S4WLkwugi63Lu4vJC9aL5Evxy/+MDUwbDCkMNsxEjFKMYIxujHyMioyYzKbMtQzDTNGM38zuDPxNCs0ZTSeNNg1EzVNNYc1wjX9Njc2cjauNuk3JDdgN5w31zgUOFA4jDjIOQU5Qjl/Obw5+To2OnQ6sjrvOy07azuqO+g8JzxlPKQ84z0iPWE9oT3gPiA+YD6gPuA/IT9hP6I/4kAjQGRApkDnQSlBakGsQe5CMEJyQrVC90M6Q31DwEQDREdEikTORRJFVUWaRd5GIkZnRqtG8Ec1R3tHwEgFSEtIkUjXSR1JY0mpSfBKN0p9SsRLDEtTS5pL4kwqTHJMuk0CTUpNk03cTiVObk63TwBPSU+TT91QJ1BxULtRBlFQUZtR5lIxUnxSx1MTU19TqlP2VEJUj1TbVShVdVXCVg9WXFapVvdXRFeSV+BYL1h9WMtZGllpWbhaB1pWWqZa9VtFW5Vb5Vw1XIZc1l0nXXhdyV4aXmxevV8PX2Ffs2AFYFdgqmD8YU9homH1YklinGLwY0Njl2PrZEBklGTpZT1lkmXnZj1mkmboZz1nk2fpaD9olmjsaUNpmmnxakhqn2r3a09rp2v/bFdsr20IbWBtuW4SbmtuxG8eb3hv0XArcIZw4HE6cZVx8HJLcqZzAXNdc7h0FHRwdMx1KHWFdeF2Pnabdvh3VnezeBF4bnjMeSp5iXnnekZ6pXsEe2N7wnwhfIF84X1BfaF+AX5ifsJ/I3+Ef+WAR4CogQqBa4HNgjCCkoL0g1eDuoQdhICE44VHhauGDoZyhteHO4efiASIaYjOiTOJmYn+imSKyoswi5aL/IxjjMqNMY2Yjf+OZo7OjzaPnpAGkG6Q1pE/kaiSEZJ6kuOTTZO2lCCUipT0lV+VyZY0lp+XCpd1l+CYTJi4mSSZkJn8mmia1ZtCm6+cHJyJnPedZJ3SnkCerp8dn4uf+qBpoNihR6G2oiailqMGo3aj5qRWpMelOKWpphqmi6b9p26n4KhSqMSpN6mpqhyqj6sCq3Wr6axcrNCtRK24ri2uoa8Wr4uwALB1sOqxYLHWskuywrM4s660JbSctRO1irYBtnm28Ldot+C4WbjRuUq5wro7urW7LrunvCG8m70VvY++Cr6Evv+/er/1wHDA7MFnwePCX8Lbw1jD1MRRxM7FS8XIxkbGw8dBx7/IPci8yTrJuco4yrfLNsu2zDXMtc01zbXONs62zzfPuNA50LrRPNG+0j/SwdNE08bUSdTL1U7V0dZV1tjXXNfg2GTY6Nls2fHadtr724DcBdyK3RDdlt4c3qLfKd+v4DbgveFE4cziU+Lb42Pj6+Rz5PzlhOYN5pbnH+ep6DLovOlG6dDqW+rl63Dr++yG7RHtnO4o7rTvQO/M8Fjw5fFy8f/yjPMZ86f0NPTC9VD13vZt9vv3ivgZ+Kj5OPnH+lf65/t3/Af8mP0p/br+S/7c/23//3BhcmEAAAAAAAMAAAACZmYAAPKnAAANWQAAE9AAAApbdmNndAAAAAAAAAAAAAMBAAACAAAAVgEuAesCxAODBFMFQAYnBxoIGAkfCj0LTgxrDZAOuQ/sES0SZROjFOMWKhd5GL8aDxtXHKQd8x88IIQhzSMRJFIljSbLKAApMypmK5csyi33LygwUTGAMqsz1TUCNjE3XTiKObY64TwNPTg+YD+JQLFB3EMIRDZFY0aQR7hI3koBSyRMR01qTo9PtFDYUfhTFlQzVU9WbVeNWK5Zy1rhW/Bc9137XwBgCmEZYi1jQWRSZV9mZWdhaFNpPGogawFr4Gy/baBug29ocFBxOHIgcwhz73TWdb52qHeTeH55bHpZe0l8PX03fjZ/OYBBgUuCV4NlhHSFhYaUh6SIs4nAisyL1ozfjeeO7Y/ykPWR9pL1k/WU+pYElxWYLJlHmmObf5yYna6ev5/LoNSh2qLgo+mk9KYDpxWoKqlCqlyrd6yUrbKu0a/xsRGyM7NTtHO1kLapt7q4wbnDusC7u7y1va++qb+jwJ3BlcKKw3zEasVTxjbHGMf5yODJz8rGy8PMwc28zq/PmNBz0UPSDdLT05vUZtU11gXW19eo2HbZQNoG2sfbgNw13Ofdkd473uPfjeA74Ovhn+JS4wPjr+RV5PnllOYs5r/nUufk6IXpL+nk6qjrbuwz7PXtr+5j7xHvtfBQ8ObxfPIX8sbzj/Ru9WH2ZveK+OT6xf0u//8AAABWASMBsAJqAzID6ASxBYAGWAc9CC0JJwonCyIMMA06DlEPYxB+EZ8SvhPpFRAWOBdhGIgZtBreHAsdMx5bH4AgoSG/Itsj9SULJh8nNShJKWAqeSuTLLEtzC7oMAQxITI8M1o0dDWLNqQ3uTjNOeI69DwGPRs+MT9NQGxBj0KwQ9BE7UYIRx1IMklFSlVLY0xuTXhOfk+DUIVRhlKIU4pUjFWKVoRXeVhoWVRaRFs/XEZdWl53X5VgsGHCYspjxWS1ZZxme2dXaDBpDGnsatBrumypbZtuj2+CcHJxXHJAcx9z+3TVda12hndieEV5MHokex18GX0VfhB/Bn/2gOKByoKxg5WEd4VdhkqHRIhMiWGKgYuljMaN3o7uj/WQ95H1kvOT8JTtleyW7pf4mRCaOZtunKadzp7jn+mg5aHfotmj0aTIpb6mvKfKqO2qIatdrJyt2a8UsE6xiLLCs/m1LrZkt5u40roFuzS8X72Fvqa/vMC+warCkMN9xHfFgMaPx53Io8meyo7LdcxTzS3OBM7az7LQi9Fq0lHTRdRF1VHWYtd12ITZh9p922bcQ90a3ezeud+H4FjhLeII4ubjw+Sd5XHmQOcM59Too+l/6mnrZOxo7W3ucO9w8HDxcvJ283n0d/Vp9kf3D/ez+EX4y/la+e360PwM/dr//wAAACsAxAFLAdgCZQMGA48EKwTPBXoGLwbpB6UIaAkvCfkKygufDHcNUg4yDw4P9hDZEcASqROTFH0VZxZSFz0YKRkVGfwa6BvSHL4drh6jH5sgliGUIo8jhiR2JWEmRScgJ/gozCmfKnMrSCwhLQIt6S7XL8gwujGqMpgzgDRgNTk2BjbPN5U4WDkZOdk6nTtkPDI9Bj3ePrY/j0BoQURCJkMQRABE80XnRtZHu0iWSWVKJUrgS5hMT00HTcNOg09JUBhQ6lG+UpNTaFQ7VQ1V3latV3xYSlkVWd9aqFtvXDVc+V29XoBfQ2AIYNFhnGJrYzxkDGTaZadmcWc4Z/xov2mAakBrAGvAbIFtQ24EbsVvhXBBcPhxq3JZcwFzqXRPdPR1mHY8dt53gHgdeL15YHoWetp7q3yDfVh+KH72f8OAk4FngkSDKoQYhQuGAIb0h+OIzYmvioyLYYw0jQeN2o6wj4qQa5FHkhKSxpNbk+yUepVBlkKXiJkImoqb5J0ZnjKfOaA5oTWiL6MopCGlGaYRpwqoCakPqiGrPaxgrYeura/TsPyyKLNatJK10bcUuFm5nLrXvAW9Kb5Hv2LAf8Gewr7D38T/xiHHQ8hnyYzKscvWzP3OKc9b0JfR3tMy1I3V7tdT2LnaIduV3S/fDuF35Ivoee1O8vb5Uf//AABuZGluAAAAAAAABjYAAJOVAABWjQAAVukAAJG3AAAmuwAAFwoAAFANAABUOQACh64AAkeuAAFrhQADAQAAAgAAAAEABAAIAA8AFgAfACkANABAAEwAWgBpAHgAiQCaAKwAvgDSAOYA/AESASkBQAFZAXMBjQGpAcUB4wIBAiECQgJkAocCrALSAvoDIwNNA3oDqAPXBAgEOgRtBKME2QUSBUsFhgXDBgEGQAaABsIHBQdKB5AH2AghCGwIuQkHCVcJqAn6Ck0KoQr3C04LqAwEDGIMww0lDYkN7g5UDrwPJQ+REAAQcRDkEVkRzxJGEr0TOBO2FDoUwxVSFeMWdRcGF5YYJhi4GU4Z6BqIGzEb4xyfHWIeKx74H8YglSFkIjQjBiPbJLMljyZsJ0soKykNKfAq1Su7LJ4tfi5cLzkwFDDwMc0yqjOJNGg1SjYuNxU3/zjtOd460jvKPMU9xD7HP85A2kHoQvZEAEUGRghHCEgISQlKDEsUTCFNNE5OT25QlFG8UuVUDVU0VllXfVigWcRa51wLXTBeVl98YKRhzmL4ZCRlU2aFZ7xo+mpDa5ls+W5jb9JxRnK8dDR1r3cteLF6PHvQfW9/HIDWgpSETIX2h5SJLIrFjGWOFY/fkc2T3ZX/mCCaOZxMnl+geaKgpNqnLamgrDCu4LGhtF63C7muvF2/K8IfxUbIoswMzyjR9tSR1yjZ0dye35fi0uZg6fntEu+s8gD0MPY59//5ivq4+9T8u/2j/nD/N///AAAAAQAFAAoAEgAbACYAMgA/AE0AXABtAH4AkQCkALkAzwDlAP0BFgEvAUoBZgGDAaIBwQHiAgQCJwJMAnICmgLDAu8DHANLA3wDrwPkBBoEUgSLBMUFAQU9BXsFuwX8Bj8GgwbJBxAHWQelB/IIQQiTCOYJOwmTCewKRgqhCvwLWAu0DBIMcgzUDTkNoA4LDngO5w9ZD84QRhDAET4RvxJDEsoTUxPdFGoU+hWPFioWyxdxGBYYthlRGeYaeRsNG6QcQBzkHZEeSh8OH90gsyGOImkjQiQYJOslvSaQJ2YoQiklKhIrCCwFLQguDi8SMBExCDH5Mugz1zTKNcE2wTfKONs58jsOPDA9UT5pP3RAckFoQlhDR0Q5RTRGOEdHSF9JfkqhS8dM8E4bT0VQa1GGUpRTl1SVVZRWoFe/WPFaNVuAXM1eHl90YM9iI2NmZJVltWbOZ+Ro+2oWazNsVG12bppvwHDqchdzRnR2dad22ngQeU16j3vYfSZ+fX/jgWeDEITKhnSIBomHiwSMiI4bj8ORgpNYlUOXO5k7mzudOZ8poQSixqR2phunvaliqxWs3a7FsM+y9bUxt3y5y7wPvkTAcsKmxOnHQsmyzDHOnNDd0vTU8dbn2OPa6Nz03wHhCuMU5STnSOmW7DfvivOm92z5zvuE/MP99P75//8AAAACAAgAEQAeAC0APgBRAGYAfQCWALAAzADqAQkBKwFNAXIBmAHAAeoCFgJEAnQCpgLaAxEDSQOEA8AD/QQ7BHoEugT8BUEFigXXBikGgQbdBz4HoggICG8I1Ak5CZ0KAgpqCtULRAu7DDkMwQ1QDeYOgg8hD8AQXBD2EZASLRLNE24UDRSoFUIV3BZ5Fx4XzhiOGWIaQhsqHBQc+x3dHrgfkiBtIUwiMCMYJAYk+SXxJu8n8yj9Kg4rJCxALWAugC+dMLgx0zLzNBo1STaCN8M5DDpcO7A9Bz5gP75BIkKTRBZFrkdaSRFK0UyaTm9QVVIyU9pVWlbMWEhZ01tmXPheg2ABYXBi1WQ3ZZxnCWiBagpro21NbwBwt3JvdB51w3d1eWR77n6kgHmB1oL8hAKFCIYQhzOIc4nUi1WM6Y6IkC6R2ZOIlTuW8Zipml6cCp2nnzegvaI/o8ClRKbKqFCp1KtUrNCuRq+5sSiyl7QItX22/LiJuia70L2CvzbA6cKcxE/GBMe7yXPLK8zkzp7QWNIU09LVj9dK2P/arNxP3ejfdeD94oLkA+WC5wLog+oE63/s7u5G73nwnfGN8nXzRPP39Kr1TvXb9mj29vd29+n4XPjP+UP5q/oN+nD60vs1+5j78fxJ/KL8+/1U/a3+A/5Y/qz/Af9V/6r//wAAc2YzMgAAAAAAAQxCAAAF3v//8yYAAAeSAAD9kf//+6L///2jAAAD3AAAwGxtbW9kAAAAAAAABhAAAJzfAAAAAMoq1YAAAAAAAAAAAAAAAAAAAAAA/8AAEQgA6AH/AwERAAIRAQMRAf/EAB8AAAEFAQEBAQEBAAAAAAAAAAABAgMEBQYHCAkKC//EALUQAAIBAwMCBAMFBQQEAAABfQECAwAEEQUSITFBBhNRYQcicRQygZGhCCNCscEVUtHwJDNicoIJChYXGBkaJSYnKCkqNDU2Nzg5OkNERUZHSElKU1RVVldYWVpjZGVmZ2hpanN0dXZ3eHl6g4SFhoeIiYqSk5SVlpeYmZqio6Slpqeoqaqys7S1tre4ubrCw8TFxsfIycrS09TV1tfY2drh4uPk5ebn6Onq8fLz9PX29/j5+v/EAB8BAAMBAQEBAQEBAQEAAAAAAAABAgMEBQYHCAkKC//EALURAAIBAgQEAwQHBQQEAAECdwABAgMRBAUhMQYSQVEHYXETIjKBCBRCkaGxwQkjM1LwFWJy0QoWJDThJfEXGBkaJicoKSo1Njc4OTpDREVGR0hJSlNUVVZXWFlaY2RlZmdoaWpzdHV2d3h5eoKDhIWGh4iJipKTlJWWl5iZmqKjpKWmp6ipqrKztLW2t7i5usLDxMXGx8jJytLT1NXW19jZ2uLj5OXm5+jp6vLz9PX29/j5+v/bAEMAAQEBAQEBAQEBAQEBAQEBAQEBAQEBAQEBAQEBAQEBAQEBAQEBAQEBAQEBAQEBAQEBAQEBAQEBAQEBAQEBAQEBAf/bAEMBAQEBAQEBAQEBAQEBAQEBAQEBAQEBAQEBAQEBAQEBAQEBAQEBAQEBAQEBAQEBAQEBAQEBAQEBAQEBAQEBAQEBAf/dAAQAQP/aAAwDAQACEQMRAD8A/v4oAKACgAoAKACgAoA8N+N7/E5P+FS/8Kz/ALS+b4x+GV8e/wBnRWcv/FvDofik619u+1o/l2H9pjQ/Okttt0JPIEbBGkVgD3KgAoAKACgAoAKACgAoAKACgAoAKACgAoAKACgAoA+X/H/wu8eeIP2tf2a/i5o9zbx/Dv4afCn9pvwn44tH1WW3ubnxD8T9S+AFz4Flg0dVMWpx20Hw+8YCe7lZX0s3ESxhv7RfaAfUFABQAUAFABQAUAFABQAUAFABQAUAFABQAUAFABQB4d4T8CeMtI+O3xb8e6nqUc/gvxf4d+H+m+F9NXUrqeWxv/D1nqEOuSyaZJGtpYC6luIGSW3kd7vYWmCFF3AHuNABQAUAFABQAUAFABQAUAFABQAUAFABQAUAFABQAUAFABQB/9D+/igAoAKACgAoAKACgDw343/E/W/hl/wqX+xNO0/UP+E++Mfhn4d6r/aCXT/YtH1rQ/FOp3N9ZfZZ4Nl9FPodrHE9wJ7YRzTB4Gco6gHuVABQAUAFABQAUAFABQAUAFABQAUAFABQAUAFABQB8yePdf8AjLZ/tX/s4eHPC8Guv8Ddc+Fn7S2ofF24tPDdrfeH4PG2g6l8BE+D0et+KZNLuLvw9fz2esfFA6Hpltq+mReI0h1eS5tdTOh27WAB9N0AFABQAUAFABQAUAFABQAUAFABQAUAFABQAUAFAHhvhPVPidcfHf4t6Vr0OpL8LtP8O/D6bwDNPpFrbaZJq93Z6i3ixbHWI7OK71OZLhLT7VBcXt0lkxRIY4A7BwD3KgAoAKACgAoAKACgAoAKACgAoAKACgAoAKACgAoAKACgAoA//9H+/igAoAKACgAoAKACgDy/4nfFLSvhf/wgH9q6dqGo/wDCwfiLovw407+zzbD7DqWt6XrmqQX979pmhzYwxaFcRy+R5tx5k0JSF1DlQD1CgAoAKACgAoAKACgAoAKACgAoAKACgAoAKACgAoA+bPHXxr13wr+1N+zv8B7TSNMufD3xj+GH7R/jnW9auDdf2tpWofBjUfgVZ6HZaaI5Vsza6snxV1d9TNzDLMG02w+yvEDcCUA+k6ACgAoAKACgAoAKACgAoAKACgAoAKACgAoAKACgDxTwt8UtQ8QfHD4rfCqbSbW3074e+HvAWs2WrRzTPd6lL4vtNQubmG4hZRDElm1mqQtEzNIHJkC4XcAe10AFABQAUAFABQAUAFABQAUAFABQAUAFABQAUAFABQAUAFAH/9L+/igAoAKACgAoAKACgDzH4mXfwytf+EC/4WWunN9o+Iei23gL+0La8udvxDfTNcfRWsvskU32e/GmR655Nxc+XapGZkklV3jDAHp1ABQAUAFABQAUAFABQAUAFABQAUAFABQAUAFABQB4l4r+K/gbw78e/g18HdW8P6hefEH4oeBPjV4v8FeJIdM0i403QtA+Fd78KLXxxpt/q1zfQ61ptzr8/wARfCMlha6Vp17Z6kui3ratcWL2GmrdgHttABQAUAFABQAUAFABQAUAFABQAUAFABQAUAFABQB5joPxG8L638UvH/w2sNMv4PFPgfR/Ceq+INTms7GLT7+z8UW93PpMNnexXcl/dS2kdrMtzHd2dtFAXUW7zBnZQD06gAoAKACgAoAKACgAoAKACgAoAKACgAoAKACgAoAKACgAoA//0/7+KACgAoAKACgAoAKAPMfiZ8OvC3xE/wCEC/4SjUtQ07/hCPiHo3jzw/8AYL6wsvt3iTSNM1zTrGwvPt1nefarGW11m/lltLP7LeySQRSRXUccUqSgHp1ABQAUAFABQAUAFABQAUAFABQAUAFABQAUAFABQB4f4st/gm/x/wDgvc+KjY/8L6g8B/G2P4NiW71yO/PgWe9+Ex+NBsrO0mXQLqAXkPwp+2za1BNf2rG0GiSQpcasJQD3CgAoAKACgAoA/Bj9iH/gs/4Y/az/AOCoH7aP7CMmm6bo/hr4R2un6r+zt4o+z3dtd/FPSPB7w+Ffi5qcF9cTCx1nSrbxcbfU/C9/pcCJeaHqvlnzm06a4lAP3noAKACgAoAKACgAoAKACgAoAKAPMdBg+GKfFHx9caCdNPxRm0fwmvj8QXV5JqS6PHb3g8J/brWWd7K3iNubv7K9rBE8q7jOzkIaAPTqACgAoAKACgAoAKACgAoAKACgAoAKACgAoAKACgAoAKACgD//1P7+KACgAoAKACgAoAKAPFPjR8K774pf8Kr+w6raaX/wr34ueHPiRd/aoZpv7Rs9D0XxPpUum23lf6q5nk16KWOaXMSpbyK3LIVAPa6ACgAoAKACgAoAKACgAoAKACgAoAKACgAoAKACgDxLxX8FNG8VfHz4NfHm61u/tNc+DngT41eBdI0CGK2bTtZsfjPefCi81i+vppP9KiuNFf4VaWliltmKVdWvPtPKQFQD22gAoAKACgD88P8AgqR+1JD+yh+x3498W6f4v0DwP8QviVqXh/4DfCHxJ4m1iy0DRtD+JXxevv8AhFtJ8VX+r6jdWVjp9j4A0q41r4iahc3l1BbpYeE7kSSruVXAP5O/+Cr3iD9kf9gnxH/wSv8A2/P2Hv2ifgJ8Q/Gn7E2p+EvgJ8a/Bnwu+MHw78YeNPiD8GNVtrl9W1W90Pwz4gub7Wrporzxza6prl/aXnl6nrPha4nbdZwlQD+5r4ZfETwt8XPh34H+KPgjVLTW/CHxB8LaH4v8N6tYzLcWd/o+v6db6lY3NvOuFljkguFw6jDYyMUAdzQAUAFABQAUAFABQAUAFABQB5hoHwv0fQPil4/+KdtqN/PrPxA0fwlo+p6bMbb+z7GDwjb3dvYy2YSJbnzbpbx2ufPmkTKL5SqN1AHp9ABQAUAFABQAUAFABQAUAFABQAUAFABQAUAFABQAUAFABQB//9X+/igAoAKACgAoAKACgDw3436P8TdX/wCFS/8ACtJtQh/sz4x+GdU8ef2frFno/mfD230PxTDrMV79rvbL+07FtTuNEaXSrb7VdXEiwzR2kiW0jxAHuVABQAUAFABQAUAFABQAUAFABQAUAFABQAUAFABQB8zePPgr4l8VftW/s4/Hew1PRIPCvwd+Fn7SvgbxFpV3Pfpr+o6p8ZtS+At54butGt4dPn06aw02P4Va6utyX2pWFxC9/pIsLfUFlvWsgD6ZoAKACgAoA/AT4h/EG5/a2/4K3fC34afFL9lv9pyb9k79mL4Z+Mr7wP44+If7H/x3HwL+KH7Tvju4sdG1DVrnxR4g+GL+EP8AhH/AHgW0u9H8N+IfEktn4cv9V17xDeaNq1xbyWVxdAH2B/wUE/Ym/ZP+Jn7F37SPw71j9nLwmw8Z/CrxXomjTfCP9np/GXxCsfFj6bNd+DtS8OaB8LPA2u+Nry707xTaaReldI06XckDQ3TxW0srqAfmB/wbLfF39qnwp+yPbfsVftifsy/tY/Bjxl8AdW1jSfhD40+M/wCzj8a/AXhDxt8HJbk3fh6xi8beK/BWleFtM1fwm1xLoFn4bv8AUbK/l0Kz0y4s4r2T7aLQA/p6oAKACgAoAKACgAoAKACgAoA8O8KfC/WtA+Ovxa+Kd1qWnT6J8QPDvw/0fStNhe7OpWNx4Ss9Qt7+W9SS2S0SK6e7ja2Nvczuyo3nJEQooA9xoAKACgAoAKACgAoAKACgAoAKACgAoAKAAkAZJwB1J4FABQAUAICCMggg9xyP0oAWgAoA/9b+/igAoAKACgAoAKACgDw343+OfGfgf/hUv/CG6dDqP/CW/GPwz4O8Uebpt3qX2Lwnqeh+Kb7Ub6P7LLF9hlivdL0yNb+4320ImaJ42eZGUA9yoAKACgAoAKACgAoAKACgAoAKACgAoAKACgAoA8f+O/x/+C37MPww8SfGb9oD4l+EvhN8L/CVus+veMvGerW+k6TaGVtltaQvK3nX+p30uINN0nT4LvU9SuWS2sLSe4dI2AP5Qvin/wAHb3/BOa1/a5+C994K8S/tLa9+z/4O8G/HPw18UtV0D4YQ2XhXxZ4r8W6l8Im+Fnie00DxB4o0TxVqdh4TtPDHxGE1zeeHbDUbFPEkA0/TdQ+33X2IA/ph/Y2/bx/ZP/b++GMfxb/ZP+Mnhn4r+FI5IrXWYNOa603xR4T1KWJZhpHjHwfrNvp/iXwtqnlsJEtNa0y1a4hKXNo89tIk0oB9eUAFABQAUAFABQAUAFABQAUAFABQAUAFABQAUAeG+E4vicvx2+Lc2vNqJ+F0nh34fL4BWeSzOmjWEs9R/wCEsNjFETepKbg2n2o3QWNm2+RkBqAPcqACgAoAKACgAoAKACgAoAKAPzy/4Kbft3R/8E9P2aLj44xfDfxN8Tta1Pxz4H+Hfh3RtE0q/vdI0/V/HHiPT9Ch1vxbfWI8yy0jToruWa3sbZjqniDVBZaLpyRfarjULAA+0Phh46i+JXgXw740h0PxP4dXXLCK5bSPGHhfW/B2vWsuNsv2nw/4htrXVrKGSRWks2uoV+0WrRTxs8ciOwB4dr37eH7EPhXWtV8N+Jv2wv2YPDviLQr+50vWtC1v48/C/StY0jU7KVoLzT9T02+8TwXljfWsyPDc2t1DFPDKjJJGjhlUA9E+FH7SX7PHx4utZsfgj8dvg98YL3w7BZ3Ov2nww+JPg7x5c6Jbai9xFYXGrweF9Y1OTTob2S0uo7SW8SJLl7a4WEsYX2gH5fftK/F7xf8AHL/grL+zx/wT0sPF/ibwr8FvC/7M3jb9rb46WngbxVrvg7WviPq8XjK0+H/w9+GniDxF4XvNK8S2XhKyEt74v1PStK1nTrfxJJJY2OuC+0uB7KUAn/ZL+OXjP4V/8FPv2v8A/gnZ4h8WeK/Gnwu0f4Z/DP8AaX/Z1uPHHiXWfGnivwZ4f8a2x074kfDy48W+J72/8Sav4X0PxfGt94Lj1bUtZvNH0rVG0T7cthp1hAgBe/4Ka/Hn4gJ+0l/wTm/YR+HPjPXvh/B+2T8YfHt78YvF/gvXL7w344sPg38E/BR8aar4W0HxDpLwa14aX4j6xLZ+H9Q8QeH77TNfstMs7630vVLGS8eZQDm0+K/iL9j3/grh8HP2SNH8UeMta/Zx/bE/Z08U+MvC/g3xr4z8T+Ppfhr8cfhNrLWmpv4K1nxrq2s65pPhHxl4INteav4aTWLrTbTxHpsup6Xp1l/at+XAOc0Pxn8YNC/4OB7v4Pap8dfix4y+EWqf8E9dS+KWmfC/xJrWj2/gPwt4qvfi7aeH5bvQ/DPhbQfDWlTTrp2lwxQ6v4gt9b8SKk1xC+tvbuIaAP3doA//1/7pPE3x0+CngrxRZeCPGPxd+GfhTxnqL2EWn+E/EfjnwzoviS+k1SVIdMS00TUtTttSuH1CaSOKyWG2c3UjokIdmUMAX/H3xf8AhP8ACmLS5/if8TfAHw6h1xrlNGl8ceL/AA/4Vj1Z7JYHu1019c1CwW+a1W5t2uBbeaYVnhMm0SpuALeufFD4a+GfCFt8QfEfxA8F6B4DvYrKez8aaz4n0XTPCt1DqSb9Plt/EF5ewaVNHfJ89m8d2yXK8wlxzQAaB8UPht4r8IXXxB8MfEDwX4i8B2MGpXV5400PxRomq+FbS20YTHV7i58QWN7PpUEOli3nOoSy3apZiGU3DRhH2gFPwB8YfhN8Vl1Fvhf8TvAHxGXRzAurN4G8X+H/ABWNMa5Dm2F+dD1G/FmbgRyGEXAj80I5TdsbaAUPDXx1+CfjPxTd+BvCHxe+GfinxpYLeNfeEfD3jrwzrPiWzXTpUg1BrrQ9O1O51KAWM0kcV2ZbZBbyukcpR2UUAGr/AB1+CmgeNIfhvrvxe+GWjfEO4nsLWDwLqvjnwxYeL57nVYop9Mt4vDd1qkWsST6jDPDLYxLaF7qKWKSBXR0NAHnX7RP7Vnwo/Zpn+GVr8RfFvgvQbn4k+PtK8G2lv4n8b+H/AAlPY6fqGn65e3PigRazPG97pemzaOlldGMRRLPfQh7uJgqOAeweLvih8NvAHhy08YeOviB4L8GeE9QntLWx8T+KfE+i6BoF7c38EtzY29rq+q31rp9xPeW1vPPaxRXDvPDDLLErJGzKAFl8UPhrqXgmT4lad8QPBd98Oorae9l8eWfifRbnwdHZ2sxt7m7k8Sw30mjpb286tDPM14I4pVMcjI4IoAj8BfFX4YfFSyvtS+GPxF8D/ETT9MulstSvvBHirQ/FNnYXjRJOtre3OiX19DbXJgkjmEMzpIYnSQKEYFgDJ8FfHX4KfEnWbzw58PPi78M/HXiDToJbq/0Pwf458M+JNXsba3mW3nuLvTtH1O8vLeGG4dIJZZYVSOVljch2AoAST46/BOLxwvwyl+L3wyj+I73Z09fAL+OvDK+MmvhC1ybMeGW1NdZN0LdHnNuLMy+SjSbdik0AP8cfHH4L/DLV9P0D4j/Fv4a+Add1a1jvtL0bxn448NeGdU1KyluZbKK7sbDWtTsrq6tpLyCe1SeCJ4nuIpYQ5kjZVANXxx8VPhj8MtLsNb+I/wARPBHgHRtUmFvpmq+MvFWh+GdN1C4MQnENle6zfWdtdSmEiURwSu/lt5mCpBYAfN8UPhtb+Bv+Fnz/ABA8Fw/Db7Fban/wn8vifRY/Bf8AZ15PFa2l/wD8JO96NF+x3NzcW9vb3P2zyZpp4oo3d5UDADfB3xS+GfxD0G+8U+AfiF4J8beGdMluIdS8Q+E/FOieIdE0+a0gW6u4r3VdJvryxtZLa2dbidJ5kaGFhLIFRg1AGb4E+Nnwc+KN9qWmfDT4r/Dj4g6jo8Uc2rWHgrxr4b8UXmmQzSSRRS6hbaLqN7NaRySwyxxvcJErvG6qSUdaAILD46/BPVPG8/wz034vfDLUPiNa3t7ptz4CsvHPhm68ZW+o6aJG1Gwm8Mw6m+sxXlgsMzXls9mJrYRSmZECPtAHeKvjn8FfA3iWy8GeNfi78NPCPi/UjZDTvC3iXxz4Z0PxDfHUphb6eLPRtS1O11G5N9Oyw2fk27/aZWEcO9yFoAv+Pvi98KfhVb6Xd/E74l+Avh3a649zFotx448XaB4Vg1aSzSCS7j02XXL+xjvntY7m2e4W2MhhSeFpNiyx7wC1rHxQ+G3h7wdb/ETXviB4L0XwBdwWV1aeN9V8UaJp/hK6tdSCtp1xb+Irq+i0iaC+VlNnLHeMlyGUws+RQAeHPih8NfF/hO78e+E/iB4L8TeB9Ph1G4v/ABjoHifRdY8L2Vvo6Sy6tPda7p97PpdvFpkcE0moSS3apaJFI1wYhG5oAo+APjH8JPisdTX4X/E/4ffEY6N9n/tceBvGPh7xWdL+1+aLX+0BoeoX32P7SYJvI+0eX53lS+XnY1AH8M3/AAVYv9W/4LTf8F7/AII/8Er4viVNp/7JX7PemW3if4lxeDvEEZg8Satb+HLTxX8Qr63a2nu7K68WwTajpfwzspbiDf4cgi1PU7SAXJvEvQD999X/AGXP+CU37O/x7/Zw/wCCfmifso/sDWnw2+Jvwn+Ot1490Px98PPht4k+Ko8UeDJ/gXafCyzvPE3ime78T3OteOLP4jeLr2K68Spq3iXXJtH0678L6lp39l3f2gA/nE/aG+DXhn/g3X/4Lv8A7K/jz9mHXbjwR+x7+2tNonhj4gfCvU/El7c+HvCmjeKvFv8Awh2v6Zez6pd+ZJ4d8FeIbvTfG/hbWtYmvL3QNIl1PRTqM8bajcXQB/fV4o+KPw18D+GLPxt40+IHgvwj4O1GSyisPFXibxPouheHb2XUYJbqwitdZ1S9tdPnlvbeGae1jjuGe4iikeJSqOygC6d8UPhrrHgqX4k6T8QPBep/DuG2u7ybx3p/ijRbzwfFaWErwX11J4kt72TR0t7OeOSG6ma78uCVHjlZWUigCHwD8WPhd8VbW+vvhj8RvA3xEstLuEtNSu/A/ivQvFVtp91JGsyW17Pod9fRWs7xOsqRTMjtGwcLtwaAMrwb8dfgp8RdevPC/gD4vfDLxv4l0+Ce6v8Aw94S8deGPEWt2VtazR211cXel6Rqd3fW8NtcSxQTyywIkM0iRSMrsoYALj46/BO08bp8M7r4vfDK2+I0l0lingKfx14Yi8ZPevCbhLNfDUmpprLXT24My24szK0QMgVk5UAk8dfHD4MfC/UrDRviV8Wvht8PtX1W1W+0zS/Gvjfw14X1HUbNriW1W7sbPWtSsri6tjdQy24ngieLz4pItzOrKoBq+N/in8M/hppNjr/xF+IXgnwHoepzpbadrPjHxTonhrS7+4ki8+OCzv8AWb2ztbmZ4AZkjhmZ2iHmAFOaAHN8UPhsvgb/AIWc3xA8Fr8NxZxaifH7eJ9FXwYNPnnitoL7/hJzff2L9kmuZobeO5+2iF5pY4lcu6LQA3wX8U/hl8SNEv8AxL8PfiH4I8deHdKnntdT13wh4p0TxHo+nXNtbx3dxb32paPfXlnaTwWssdzNFPMjxwSJM6hGVqAMvwN8bvg18T9Q1DSfht8WPhv8QNV0iJZ9V03wX428N+J7/TYXkeFZr+00XU72e0iaWOSISTxopkRkB3KwoAitPjr8E77xxJ8MbL4vfDK8+JEV7d6bL4BtfHXhifxnHqNhHLLfWEnhmLU31lLyzit5pbq1azWa3jikeVFVHoAd4t+OXwV8A+IrHwj45+Lnw08G+K9TW0bTvDXinxz4Z0DXr9b+b7NYtZ6Rqmp2t/creXH7i1MNu4nm/dxFnwtAGj48+Lfwr+Flppl98TfiT4D+HllrUk8Wj3fjfxboPha21WW2SGS4j06fXL+yjvZII7iCSZLZ5GiSaJn2h03AFjVPih8NdE8F2/xI1n4geC9J+Hl3a2N/a+OtR8UaLZeELmy1PZ/Z15B4kub2LR5ra/8AMj+xzx3jRXO9PJZ9wFACeGfij8NfGnha88ceD/iD4K8VeC9Ojv5b/wAW+HfFGiaz4asotKjebU5LvXNOvbjTLdNOijllvnluVW0jR3nKKpKgFHwD8ZPhF8VpNUi+GHxR+HvxFl0QWzazH4H8ZeHvFb6St40y2jaiuh6hfNZLdNb3C27XIiExglEefLcUAeGfDv8Aav8AAvj39pn4t/APTviB8LNUn8CaJ4RvND0vQ/FOl3vjG+1TULe+bxZZX1jDrdw07aBc20ENxBa6Zbz6a0pj1As7IaAPZ9e+OvwT8K+MLX4e+Jvi98MvD3j29n021s/BWt+OvDGleK7u51jyv7Jt7fw/fanBq002pm4gGnxR2jPeedELdX3oWALnj/4y/CL4UtpyfFD4o/D34dPrCztpKeOfGXh7wo2prbFBctYLrmoWJvBAZIxMYPMERdA+N4oAv+Jvih8NvBfhe18b+MPiB4L8K+DL5rNLLxb4j8T6Lovhu7fUIpJ7BLbW9RvbfTZ2vYIpZrRYrljcRRvJDuVWNABpXxQ+G2veC5fiRonxA8F6x8PILe+u5/HWl+KNFv8AwhDa6ZLLBqVzL4ktbybR44LCaGaK9la7CWskUkczIyPtAK/gH4tfCz4rW9/dfDD4k+BPiLa6VNHb6nc+B/Fmg+KoNOnlTzIoL6XQ7++jtZZIyJI452R3T5lBUZoAzPCHx1+CfxA8RXnhDwJ8Xvhl408V6fBdXV/4a8K+OvDHiDX7K2sZ4ra9uLrSNK1O7v7eG0uJ4YLmWWBEgmljilZXdAwAXnx1+CeneNk+Gl/8XvhnZfEWW6hso/Ad3458M2/jGS8uYRcW9onhqXU01l7meAiaGBbMySxESIrIQVAJPHnxv+DPwsvrHTPib8Wfht8PNS1O2N7pth438b+GvC17qFmJntzdWVtrepWU1zbCeKSEzwpJGJUeMtvUqoB6bFLFPFFPBJHNBNGksM0TrJFLFIoeOSORSVeN0YMjqSrKQQSCDQBJQB+In/BwtpmpXH/BM/x54itLC8vtM+Hvxg/Z7+IfiySxt5bubS/CHhj4u+F7jXtZe3gV55LbTLeZbi6MSOYrdZJ3CwxSuoB+r3wI+Knw8+M/wn8E/EL4V+LdH8deBtc0HTm0TxZ4euRf6BrUMFrDBJdaPqkQNnqtl5sbpHfafNcWcxUmGeRRuYA/Gn4rfs8ftZav8S/HeqaD/wAEbf8AgkV8RtE1DxVrV3pXj34g/FDSLHxx4wsJ7+aS28ReLbOT9jXxI9t4g1WIrd6pC+v6w0d3LKp1C6/1rAH2H+wP8LfjZ8PNc+I9x8Wf2Cv2HP2N7XU9M8ORaLq37IvjGx8Uar45ntrnWHvdP8axWnwE+DRs7HQ0mt59Fd7vXRNPqepAW9j5ZkugD5O/aA8In9m7/gtz+z7+2Z4zWPw/8A/jx+yL4w/ZW8TfEa/YWnhjwl8bdE8dWPjXwPZeM9dm2aZ4cs/GPhRLvSvDNzrN1Ywarrmlz6XZTz3rx29AHBfCLxH4K1X/AIKff8FEv+Cn+t6gP+GTv2eP2aPAvwJ8P/GTSrPUvEOieL73wJpt546+O134Jh0Swv7zxXpHgzUY7Hw9PqHhyHVbbUtesNR0/TXuLizmjUAk/bo1nwt48+P/APwRy/4KwfDGa+8TfsyeA/FnjTT/AImeP00PXNLbw58IP2k/hxHpvw3+IviTS9X02x1nwv4Q0vxXJbxeKdT8R6dptv4dj1uyl1p9OQu1AHXeJtG0z9sP/gtv+zv8U/hZeaZ49+Df7Dn7Mvj6Xxx8TvDl/Dq/g+w+Nnxl1lbPw58PNN1uy+0aVqviS08BQXHiHXrXTr64k0Sz1bSYtTS3nvYFYA8qf42fCCf/AIOXINKi+Jngdr+z/wCCbsnw/uLf/hJdJBj8dP8AGiLVl8HeY10sTeJ203ULS8GhJK+pGGYMLY7XVAD+kGgD/9D+9u98LeGdTvo9U1Hw7oWoalCYmh1C90jT7u+iMDBoDHdz28lxGYWVWiKSKY2UFMEAqAS6t4d8P68sC65oej60tqXNsuraZZaituZAokMAvIJxEZAiBzGF3BVBztFAEl1oei32nppF7o+l3elRrGsemXWn2lxp8awjEKpZSwvbKsQ4jCxAIOFxgCgAtND0Ww099IsdH0uy0mVZkl0y00+0ttPkS53C4R7KGJLZ1nDsJlaIiXcwcNlqAI9J8O+H9BEw0LQtH0UXBU3A0nTLLThOUzsMws4IRKUydu/dtycdTtAIrLwt4Z02+k1TTvDmhWGpyiQS6jZaRp9rfSCZg0oku4LaK4cSsA0gaRt7AFskZoAS48LeGLvUl1m78OaDdawjxSJq1xpGnzaksluqrA630ls90rwqirEyygxqqhMBQKAPOfi7J8HLVvAD/Fvwv4Z8RPrPj7SPDPgV/EPhCx8VtZeNb/TtavNLlsWu9N1A6NcCwsdYCaqhthbq8kJnU3IRwD1DUND0XVrOPTtV0fS9TsIXjkisdQ0+0vbOJ4kZInjtrmKWBHjR2SNlQFEdlUgFgwARaHosGmHRYdH0uLRmR4m0mLT7SPTDG7b3jNgsItSjuSzp5JVm5IyaAG6VoOh6DFLDoei6To0M7+bNFpWnWenRTSbQnmSx2cMKyPtULvcM21QM4ACgEGm+FvDOi3Mt5o/hzQtJvJlZJrrTdI0+xuZUdt7JLPa20Usis4DsruQWG45NACHwt4YbVBrbeHNBbWRJ5o1c6Rp51QS7Snmi/wDsxuxJsJTf527aSuQCRQA7VPDHhrW7iG71rw9oer3VugigudU0nT7+4giV2kWOGa7t5pI0WR2kCIyqHZmADMSwBPqeg6HrcEVrrOjaVq9tA2+C31PTrO/ghfbt3RQ3cM0cbbQFyiqdvGccMAK2h6K+l/2G+kaW2i+UkH9kNp9odL8mNleOH+zzCbTyo3RXSPydisqsoBUGgBNO0LRNHtZbHSdH0rS7Kdnaaz07TrOxtZmkUJI0tvaxRRSNIg2OXQllAUkgYUAh0rwz4b0OWafRPD+iaPNcqFuJtK0mw0+WdVJZVmktLeBpVVmLASFgCxIwSaAGxeFvDMGptrcPhzQodZeWWZ9Xi0jT49Teabd50rX6263bSyhmEshmLSbm3FsmgAv/AAv4Z1S9i1LU/DuhajqMPl+Tf3+kafeXsPktuhMV1cW8k8flMA0eyRdjDKYIyoBLq3h7QNeSCPXND0fWUtS7WyatpllqKW7SBBIYFvIJ1iMgjQOYwu4IgOdooAkuND0W705NHu9H0u60iNI449LuNPtJtOjjhGIUSxlie1VIgAI1WICMfdA6UAFnoei6dYSaVp+j6XY6XKsyS6bZ6faWthIlwGFwklnDEls6zh2EytERKGYSBsmgCLSfDnh7QfOOhaFo2i/adn2j+ydLsdO+0eXny/O+xwQebs3Ns8wNt3HGMmgD+Fb/AILK6H8Tf+CPX/BbL4Jf8FkPCfw4v/Gf7M3xgsNJ8DfGi18NWS40XU4/Ddp4Q8YaLIyrFbadretaVpml+PvDc+oXFrZ+IdZstS0hbmFLe+ltQD91tJ/4OBv+CPPjTVvhL4tt/wBpD4DR6B4++H/xF8d+IfGPjTWdD8M+N/hZqnw5Pw7TQ/BnivwJr1jF4+HivxinjLVv+EUsrGxknvv+EG18aOmqR27yW4B/OVr/AMXtW/4OSf8AguT+zprvwA8Ea4v7Cv7Bep6B4o1z4k+I9JudMtvEtp4V8VN4yj1jUbDUIcWt58QvF9npeh+HvCV28Op3PgzTbvVtQ0+1uYNRs1AP9Ay90HQ9SsItL1HRtK1DTIDEYNOvtPtLuxhMCGOEx2lxDJAhhRmSMrGCisVXAJoAWHQ9Ft9MOi2+kaXBo7JJG2kw6faRaY0crFpYzYJEtqUkZmaRTFtdiSwJOWAG6ToGhaDHLFoei6To0U7iSaPSdNs9OjmkA2h5Us4IVkcKAoZwzADA4HygEGneFvDOj3Ul9pPh3QtLvZldJrzTtI0+xupUkYO6SXFtbxTSK7qHdWdgzKGIBAoAR/C3hiTUxrcnhzQX1kSCUas+kae2piVV2LIL82zXYkCZUOJdwX5RlSQoA7VPDHhrXJornWvD2h6xcW6eVBPqmk2GoTQxhzII4pbu3meNA7M+xCF3sWwCcuAT6noWia1bxWms6NpWrWsDB4bbU9Os7+3hcLsDxQ3UMscbBflDIgIXgYBNACnQ9FOl/wBiHR9LOi+WsP8AZB0+0Ol+SjB1i/s/yfsnlq6q6x+VsVlDDBClQBNN0LQ9GtpbLSNG0rSrOdmee003TrOxtpndBG7ywWsMMUjPGAjM6sWQBSSAAoBBpfhnw3ocs1xovh7Q9HnuFCTz6XpNhp8s6hiwWaS0t4nlUMSwEjMAxJHJNACR+FvDMWqHW4vDmhR600kkzavHpGnpqjTShlllOoLbC7MkiswkczbnDMGLZO4ANQ8L+GdWvItQ1Tw7oWpX8HliG+1DSNPvLyERNviEVzc28s0flv8APHsddjfMMHBoAm1Xw/oOvRwxa5omkazFbMzW8eq6bZ6jHbs4VXaFLyGVYmdUUMUVSwVQegoAfPoei3Ompo1zpGl3GjxxxRJpU+n2kumpFBjyY0sZImtVjiwPKQRbY8DaBigAstD0TTbGTS9O0fS9P02YSrNp1lp9paWMqzgrOJLSCKO3kEysVlDR/vAxD7gaAItJ8OeHtBM7aHoOjaK1zsFy2k6XY6cbgR7jGJzZwQmXyy7lPML7dzYxuJoA8n8K+KvA+pfGf4jfD/TPBGnaZ4n8A6P4U1vUvFEWmaRC+qJ41t7y6jjguLeFdQEsP2NheNO+JmZSC3O0A9UuvC3hi+1FNXvfDmhXmrRPC8eqXWkafcajG9vt+zul7NbyXKPBsXyWWRTFtXYRhdoBJq3hzw9rxhOu6Do2tG33C3OraXY6iYA+N4h+2QTeVvwN2zbuwM9PmAJb3Q9F1Kxj0vUdH0u/02IxmLTr3T7S6sYzCpSIx2k8UluhiVmWPbH8ikhdoJoALfQ9FtdNbRrXR9LttHdJY30q30+0h01o52LTo1jHClqyTMzNKpiIkZiWySTQAzSfD+g6Ckseh6JpGixzsHnTSdNs9OSZ1GFaVbOGFZGUcBnDEDgHAwoBDp/hbwzpF5JqGleHNC0y/mV45b7T9I0+yvJUkZXkSS5traKd1kdVd1aRgzKrNkgGgBJPC3hibUxrUvhzQZdZV1lGrSaRp76mJEXYkgv2tzdh1T5VcTBlX5QcUAO1Xwx4b12WKfW/D2h6zNAnlwTarpNhqMsMe4v5cUl5bzPGm9i21Cq7mLYycsAbaqqKqooVVAVVUAKqgYCqBgAADAAGAOBjFAC0AMkjjljeKVElilRo5I5FV45I3Uq6OjAq6OpKsrAqykgggkUAOVVRQqqFVQFVVACqBwAAMAADgADHpjFAC0AFAFe7tLW/tp7K+tre9s7qJ4Lq0u4Y7i2uIJF2yQzwTK8U0Uikq8ciMjKcEEGgBsNjZW1mmn29na2+nxwfZo7GG3his47bZ5f2dLaNFgWAR/J5SxiPYdu3HFAE/lRiPyRGnlbPL8rYvl+Xjbs2Y27Nvy7cbccYxxQBU07S9N0e0jsNI06x0uxiLGKy060t7G0jLsXcx29tHFChd2ZmKoCzEs2ScqAXqACgD//R/v4oAKACgAoAKACgAoA8x+JnhPwF4r/4QH/hPL+Gw/4Rz4iaL4m8H+dq8Ok/bPGthpmuWml2MfnEf2lLLYahq0i6XFmadYmmUEW7FQD06gAoAKACgAoAKACgAoAKACgAoAKACgAoAKACgDhfiZ8MPhz8ZvA3iP4ZfFnwP4W+I/w98X6dNpXibwZ4z0Sw8Q+HdasJh80F/pepQXFrKUYLNbzbFntLmOK5tZYbiKOVAD+b/wCIH/Bs3/wQll+P/grwrqnwe8feEvGnxU0r4geOfCfwn8M/Fn4sW/gnXdC+Gl54Nj8eTR3RuNTuPD9npNx8QfCcS6Z/wmWi3FzHq23QIJ4tPvjYAH77/s0fspfs5/sc/DLTvg7+zF8IPBnwa+HWmyvdJ4e8H6cbc3+oSIkc2ra9q13Lda34k1q4SKNbnWdf1LU9UuFSNJrtkRFoA+g6ACgAoAKACgAoAKACgAoAKACgAoAKACgAoAKAPMdB1P4ZT/FHx9pmgx6cvxQsNI8JzePpYdMvINRfSLq3u28Ji+1OS1js7+JbdbsWsNtdXElou9ZkiLqtAHp1ABQAUAFABQAUAFABQAUAFABQAUAFABQAUAFABQAUAFABQB//0v7+KACgAoAKACgAoAKAPH/i78KR8VP+FaZ13+wv+Fd/FPw/8Sh/xLf7S/tc6Ho/iLSv7G/4/wCw+w/av7f8/wC3/wCl+V9l8r7HJ53mRAHsFABQAUAFABQAUAFABQAUAFABQAUAFABQAUAFABQB4h4s+Gnw7174/fBj4q634hurL4m/DnwH8bPC3gDwzHrOk2tpr/hr4k3vwmufiFqVzodzZS6zq8vh+48B+CY7W+0q/s7PRxrdwmqwXr6pprWgB7fQAUAFABQAUAFABQAUAFABQAUAFABQAUAFABQAUAeY6D4C8H6P8UfH3xA03Ubmfxl4x0fwnpvibTZNRs5raxsPDlveQ6JLBp0Vul7ZPdRXM7Sy3VxNHclA0CxBWDAHp1ABQAUAFABQAUAFABQAUAFABQAUAFABQAUAFABQAUAFABQB/9P+/igAoAKACgAoAKACgDw743+EfHni3/hUv/CCahPp/wDwjfxj8M+KPGHk6xNo/wBs8F2Gh+KbTVLGXyZYv7Thlv8AUNJkbSpd8Nw0KTNGTbKaAPcaACgAoAKACgAoAKACgAoAKACgAoAKACgAoAKACgD5y8cfBHVPFf7T/wCz78fLfW7C00n4NfDP9onwJqWgTW9w+o6zd/GrUPgfeaZfWNyn+jQW+ir8KNQS+jnzJO2rWZt+IZioB9G0AFABQAUAFABQAUAFABQAUAFABQAUAFABQAUAFAHjHhf4VXPh741/FP4sSaxBc2vxE0DwJosGjJayRz6Y/g+0v7aWea7MrR3C3xvA8aJDGYQhDM24UAez0AFABQAUAFABQAUAFABQAUAFABQAUAFABQAUAFABQAUAFAH/1P7+KACgAoAKACgAoAKAPDfjf4g+I/h//hUv/CurHUL7+2fjH4Z0Pxx9g0N9b+yeArvQ/FNxq95e7bW6/smxi1Kz0WOXWG8hbaSWGA3CG5COAe5UAQXUMlxbXNvFdT2Us8E0Md7ai2a5tJJY2RLq2W8t7q0ae3ZhLCLq1ubYyIont5ot8bgH8h/xL/aB/wCCjVt/wX20T/gmh4e/4KSfHPw7+zr4v+D6fFi31GD4J/sTan8StDuX8K2+qzaBZ+ItS/Zel0WfTV1aSY2s994au7+LTBFaT3F5dq+pOAe7f8FDP20P2/8A/gi748/Zu+LfxM/aG0b9uL9jP4zfFXSPhD8S9G+KHwk+H3wx+O3wwv8AUxHJb+JPCnjH4KaV4H8EeJo5rM3+ovY6z8PbdT/Y8mlILZtQi1e3AP6cdJ1KDWdK0zV7UMLXVdPs9Stg4AcQX1tFdQhwMgN5cq7gDgHpmgDQoAKACgAoAKACgAoAKACgAoAKACgD5k8e+F/jBqH7V/7OHi3wzd61H8EvDXws/aW0n4s2dr4oi0/Qbrxp4n1L4CS/CKbWPCTapbzeJb60tPD/AMTV0bVotI1JPDCXOqxS3el/8JBGmoAH03QBDcXFvZ2893dzw2trawy3Fzc3EiQwW9vAjSTTzzSFY4oYo1aSSR2VERSzEKCaAP5kfgv/AMFC/wBsX/gsj+1N8cPhh+wH8S7D9kf9hT9mLxX/AMIV8Qf2tbfwJ4Z+JPxq+OPjPyrhZvDfwg0b4h6N4h+Gng3RI4lTVLjV9f8AD2u+ILbSbzQtSS2t7jVpNM00A+l/2y/2Vv8AgqB8Cf2a/iJ49/YT/wCCkvxu+J/xP8E+DPEHiKT4ZftVfDT9mj4i2XjuPTtIubnUofBXizwB8EPhX4n8KeMfJinvvDlpql14q8PXmrR2ulHTrCCfzqAP1E/Yx8c+KviZ+yZ+zl8QfHN9can4z8ZfBzwD4i8Vahdxww3V54g1Tw9Y3OrT3EVukcEU0l7JMZI4Y0iRsqihQAoB9M0AFABQAUAFABQAUAFABQAUAFABQB4b4T0H4k2fx2+LfiDXLvUJPhnrHhz4fW3gWzm1xLvTrbVtOs9RTxS9loQu5H0mWaeW0NzcvZ241BlVxJN5WVAPcqAPjL/goAnxU039kb4/ePfgx8cvHXwF+Ifwq+DvxR+J3hnxT4I8O/CbxR9v1nwN4H1rxNpekeItG+Lnw3+JGj3egXd5pUUF/HpVpo2rGCeU2+rwOqFQD8H/APgiB4z/AOClf/BSP9hfQP2rvit/wVH+MHhzx7rvjz4h+GLXwvon7N37Gdx8PbWx8G+I7/w7Zy6hp0fwI0jxbqVxdvYG8uWsvGeiJsl+zRKjJ9ocA9o8Wf8ABUX9rn/gmR+1P8H/ANm//gqdpnws+JP7PX7RfiOXwz8Ev2/Pg9oWp/C/RtL1/fBCnhX46fCnVdV8Wab4c1OK8vtPhu9d8O+KItGsbHULHU3tryxTV73SwD+j+3uILu3gurWaO4trmGO4t7iF1khngmRZIZopFLLJHLGyvG6sysjBgSCDQBNQAUAFABQAUAFABQAUAFABQAUAFABQAUAFAH//1f7+KACgAoAKACgAoAKAPGvjH8VLn4W/8Kv+zaLFrX/Cwvix4d+G0/m3r2X9lQa5o3iTVX1ePZa3P2qS2bQUgW0byEkF0XNwhiCOAey0AFAH8S/7WWl/G7WP+DsD4e2P7PXjT4ZeAPibJ+ybZNpfiT4u/DrxN8UvBNtZp4PtzfwX3hDwl8SfhPrV3c3EW1LS6g8ZWsdo4MktpeKRGoBy/wDwWS0j9sL9n741fsr/ALT3/BY5PBP7Zf8AwTt+Gfxh0JdD8I/sdC6+AWjfD34sX0k2paP4n+LXwm+IUfxM8X/Faym0/wAPyy6ZoVj8ZtO0cJpd9Y3eo2o1SfTNcAP7VPhd488F/FL4b+BPiP8ADnUbfVvAPjjwnoPijwdqVpGYra88N6zptvfaRPDEwUxxtZTQ7YyBsxt7CgDvKACgAoAKACgAoAKACgAoAKACgAoA+XviB8RPiPon7W37NXwy0OB3+F/j/wCFH7TniX4hXA0Y3SQ+Jvh7qX7P9v8ADqN9d8sjRzPb+NvHJSxMiHWfJZwr/wBlnYAfUNAHyr+3VD4nuP2Jf2wYPBUkkPi6b9l/49xeGpYXkjuI9bk+FnipdNe0kixJHeLdGI2cin5LnymOADQB/Ot/wZx3vh+f/gmV8RLOwDf8JVpn7TvxCt/H7yMrSSa/NpXh+7smkwA4f+wJ9KDeYWYlSwwpUUAf1pkZ4PIPBB70AV7S0tLC2gsrG1t7KztY1htrS0hjt7a3hQYSKCCFUiijQDCxxoqKOAAKALFABQAUAFABQAUAFABQAUAFABQAUAeG+E/GPjnU/jt8W/BmraeYfAfhfw78Pr/wjqJ0q4txe6jrlnqMviGIas5+z6j9mmgt1MEID2e7bKSXUKAe5UAfK37dX/JkX7Y//Zq37Qv/AKqTxfQB+IH/AAaU/wDKHr4c/wDZYPjp/wCrL1+gDgv+Dwe08HT/APBJi2m8RJZnxBb/ALSfwuHgh5BD/aH9sTaF46W+hsS3+kGKXS1uGvI4NyO0Vq0ykxxFQD+gT9iWDxna/sf/ALMlv8RPtn/CdQ/A34aR+K/7RMpvv7cXwppgv/tZnJmM/nbvM8w792c4zQB9Q0AFABQAUAFABQAUAFABQAUAFABQAUAFABQB/9b+/igAoAKACgAoAKACgDzH4meOvBngb/hAf+Ey06TUf+Eu+Imi+DfC/l6Za6l9h8Wanpeu32nX7/anT7CkVlpWpRHULfdcwmdYkUpNIVAPTqAILqWSC2uJ4bWa9lhgmlisrZrZLi7kjjZ0tbd7ye1tEmuGURRNdXNvbK7qZ54Yg8igH8h3xW/Zx/4KZz/8F7vD/wDwUz8If8E2/ip4q/Z88JfCiD4TJosn7RH7EuhfErWUXwrDpN34j07QdQ/aWbRY7b+14mNjY6n4i067uNLZLm7WxvN2noAe1/8ABUf9mn/gqJ/wWY8A+BP2QIf2U9H/AGDv2aJfiRoHj74wfF747fHH4O/Er4maxYeGo7y1s/D/AIM+Hf7PPjL4paRFII9W1HUANb8VRwatfwaZDNqHh23tLh9QAP6MfgH8G/DH7PHwT+FHwJ8FNcv4S+EXgHwv8PfDsl55f2qTSfCukWukWclx5KRxCWSK2V3EaKilsDIGaAPXKACgAoAKACgAoAKACgAoAKACgAoA8B8ZfHH/AIRL9o/4Ffs//wDCM/bx8afh38evHv8Awlf9sfZv+Ec/4Ujf/Bqy/sr+xP7MuP7W/wCEl/4W15v23+1tN/sj+wdn2XUv7T32AB79QBBdWtrfWtzZXttBeWV5BNa3dpdQx3FrdWtxG0VxbXMEqvFPBPE7xTQyo8ckbMjqyswoA/l2+E3/AATy/bn/AOCOH7WHxs+KP/BO/wCFvh79sD9hb9p/xbP45+IP7JP/AAsPwr8IPix8DfFZkJfXPhZrvxF1fT/AvjDT49OkGmQ6dqGtabrGr2Gn6VpV0bGTS49X1IA/VDTP2s/24fjfpyeHfg5/wTy+LP7PfiHUE+x6h8Uv20PGvwL0H4eeB5JAVn1fT/BHwP8AjF8XPiX8TbvTwHlsdATS/AWj61N5EF1430SCSW6iAP0Z8FaR4g0Hwj4b0XxZ4puPHHibS9G0+y1/xhdaZpmi3HiTVoLdEvtYk0jRre00rTTfXAknFlYW8VtbqwijUhQzAHT0AFABQAUAFABQAUAFABQAUAFABQB5D4b+Ky+IfjF8S/hMNDa0b4daH4K1ptdOoCZdW/4TG1vbkWw077FEbI6f9j2GU3119p8zIig24cA9eoA+Mv8AgoAvxc1f9kb4++APgf8AAzxj8e/iN8Vvg98T/hh4a8L+EvFfwk8Gx6dq/jrwTrPhjTda8Q638X/iN8OdGt9BsbrVkub86Veavq/kW8q2+lTO6bgD8Jf+CI3gD/gpv/wTX/Yc0D9lH4r/APBLv4p+KfGuh+PfiD4mtfFvhn9p39iVfAU9h4z8RX3iK2TU7mX9oafxZp89nLftZ3Caf4R1tTHCLmJ3ZzbqAfQ3iv8A4Jv/ALYf/BSf9qn4L/H3/gpwPg98LP2Zf2avEUnjT4L/ALCnwl8Wax8Wj4o8dgwtbeMfj/8AE2/8PeDvD2uTafcWlncWPhzwzoeoaO9tbw6fNNBDLro8QgH9DsMMNvDFb28UcEEEccMEMSLHFDDEoSOKKNcLHHGihERRtVQFGABQBJQAUAFABQAUAFABQAUAFABQAUAFABQAUAFAH//X/v4oAKACgAoAKACgDgfil8Uvh38Evh74u+K/xa8ZaB8Pvhx4D0W78Q+LvGPijUYNK0PQtJs1Blury8uCEDO7Jb2tvGJLm9vJreys4Z7u4ghcA/jn/ag/4PA/+CeUnjnSPDPw5/Zf+P8A+0d4Y+Hfjez8UaJ8Qzf6V8LNBn8R6Nbalp1nr/hjTLvUrzxLq1lHZatqKQ23izRvD8dz5/mTaaNlvOgB+0v/AATF/wCC+P7Bn/BUnUZfAXwl8ReJvhf8d7PT5dSvPgV8YrDTfD/jO/sbRU+36l4P1DSdV1rw14y020kY+eukax/bllb+VdatoWmxTRMwB+2NABQAUAFABQAUAFABQAUAFABQAUAFABQAUAfLn7X37Z/7Nv7CXwb1r47/ALUPxO0T4ZfD7SWNpb3Ooedd6z4k1qSGWaz8N+EvD1hHcav4k8QX4hf7Pp2l2szpGsl3dtbWEFxdwAH8l/jH/g85/YYPxW0nXND/AGG/jv4z0fwqniDRPDXxX1j/AIVbpXxA0zw74in0hvE6+F9In1HVrjTNO8SHQNAudW0tfGmlR6s2j6L/AGxGsunWn2cA/pZ/4J1/8FVP2N/+CoXw6vvHf7LnxBl1HVfDv2ePx18L/F9nF4c+KPgG4ut/2ZfEnhg3d4r2N2Y5Vsde0S+1jw9fvDNFaarLPb3EMQB+jVABQAUAFABQAUAFABQAUAFABQAUAFABQAUAfm1/wUb/AOCsH7GX/BLfwDpnjL9qPx9eWmu+J0um8B/CnwTp0fib4pePHs8i4bQfDhvLC1s9NhkHkzeIfEuqaB4bhucWkmrrdOkLAH83nhD/AIPRP2JX+JF1e+Jv2I/2gvB3hfXZ7HT9U+JekS/DLWvGNxplq7Q6dc69oKanoxu7TTIpXkFpb+LtWmtIGnTTre6mKwSgH9ZX7In7ZH7OX7dXwX8P/H39mD4laP8AEz4b+IN8Av7Bbiy1bQtWgVDe+HvFXh/UYrbWfDXiHTy6reaRq9na3cYaOVY3glimlAPp6gAoAKACgAoAKACgAoAKACgAoAKACgAoAKACgAoAKACgD//Q/s5/4b6/Y9/6Lz4K/wC/uo//ACDQAf8ADfX7Hv8A0XnwV/391H/5BoAP+G+v2Pf+i8+Cv+/uo/8AyDQAf8N9fse/9F58Ff8Af3Uf/kGgA/4b6/Y9/wCi8+Cv+/uo/wDyDQAf8N9fse/9F58Ff9/dR/8AkGgD+O3/AIOff2z/AA5+1z8ZP2Bv+Cdfwk+NdjpfwV+MXjzQ/Fnxw8W6Jd30OnJDq3jSLwZpTa0rxIl5F4L0m08Q+JLTTpLaeC7vdQtzMjyQ25iAP6Avgb4A/wCCSn7M3wW+C/wP+Avjj4TfDHwz8JPF3hjxlealpGipdeJviTrWgaFrujXVz4/8SXOmJrHiS91ttfu7y9v9UubuZCiW0EUVqFhQA/me/wCDkP4f/sc/AHxj+zf/AMFRv+Cdfiz4efDP9pHwH8btBsfH2jfCux/4RvS/F+pPb33iHw540u/D+mWel6ZHqEh0TWtB8cT28ar4s0rV7eHVopp5b64vQD+yD4I/8FMf2TviX8Hfhf8AEHV/jJ4T0PVfGfgPwt4k1PR7ua+N1puoavo9peXtnP5enrH5sFzLIjBFVQRgDA+UA9R/4b6/Y9/6Lz4K/wC/uo//ACDQAf8ADfX7Hv8A0XnwV/391H/5BoAP+G+v2Pf+i8+Cv+/uo/8AyDQAf8N9fse/9F58Ff8Af3Uf/kGgA/4b6/Y9/wCi8+Cv+/uo/wDyDQAf8N9fse/9F58Ff9/dR/8AkGgA/wCG+v2Pf+i8+Cv+/uo//INAB/w31+x7/wBF58Ff9/dR/wDkGgA/4b6/Y9/6Lz4K/wC/uo//ACDQAf8ADfX7Hv8A0XnwV/391H/5BoAP+G+v2Pf+i8+Cv+/uo/8AyDQAf8N9fse/9F58Ff8Af3Uf/kGgA/4b6/Y9/wCi8+Cv+/uo/wDyDQAf8N9fse/9F58Ff9/dR/8AkGgD+IL/AIKSfFX4Pf8ABWr/AIOCvhF+yz8Zvi/b2v7BX7NPhPS9dv4IdQ1Cw0TxfOnhvSfFnjS3hFssV1BqfirxTqemeEr7VIQl8fCej7bSa0uUt5YgD+rrSPFf/BIDwXrHwb8P+GfEfwA8Gab8MPht8Wfh78OfhLomk6TpPgnUfAvxBk+GP/CxY77wCNC+x+KFhfwJ4GS51C5t7g2TXTG/aeTVUZgD+RP9re+/Zp/4JJ/8F0/2Ov2ov+CfHjzRPDXwD/aa8Q6L4X+Ovwr8FS3Nl4I8OWfi/wAX23hDx5pdvo3kwrD4OMV/ovxD03R4E8jStd06S00iG20+2t7RgD+61P2/P2PHVXHx58F4dQwzJqIOGGRkfYeDg9P8KAHf8N9fse/9F58Ff9/dR/8AkGgA/wCG+v2Pf+i8+Cv+/uo//INAB/w31+x7/wBF58Ff9/dR/wDkGgA/4b6/Y9/6Lz4K/wC/uo//ACDQAf8ADfX7Hv8A0XnwV/391H/5BoAP+G+v2Pf+i8+Cv+/uo/8AyDQAf8N9fse/9F58Ff8Af3Uf/kGgA/4b6/Y9/wCi8+Cv+/uo/wDyDQAf8N9fse/9F58Ff9/dR/8AkGgA/wCG+v2Pf+i8+Cv+/uo//INAB/w31+x7/wBF58Ff9/dR/wDkGgA/4b6/Y9/6Lz4K/wC/uo//ACDQAf8ADfX7Hv8A0XnwV/391H/5BoAP+G+v2Pf+i8+Cv+/uo/8AyDQB/Cb+w5f/ALMf/BWP/gt9+2l+2J/wUG8YeHPEvwX/AGfPEEFh8B/hT48lu7/wVrNnH4h1vQvh5pl7oMsV9Zan4d8IaB4ak1TWNEubW10vxFr+tw6pqUF04vbecA/qh+O/7Zf/AAQl8Jy+Lvhp+0H8Wv2Y10j4neCdA0TXPhb4y0Ial4QfwjoVvf6RoS6V4Tj8OXGleG2tYprpbK70uDT7+2kSG8spYZobe4QA/kq/4Jf/ALcH7Gn/AASi/wCC2P7Qvws+C/7UXhzV/wDgmH8ddAutR0jxhdavr2o+DvCmtPpVj4s8Hxzyz2KXp1jwhJd678Pb/UW0qOfWALBp55reztHoA/sn/wCH+X/BH3/o/L4L/wDgR4j/APlFQAf8P8v+CPv/AEfl8F//AAI8R/8AyioAP+H+X/BH3/o/L4L/APgR4j/+UVAB/wAP8v8Agj7/ANH5fBf/AMCPEf8A8oqAD/h/l/wR9/6Py+C//gR4j/8AlFQAf8P8v+CPv/R+XwX/APAjxH/8oqAD/h/l/wAEff8Ao/L4L/8AgR4j/wDlFQB+gn7OP7UHwD/a5+HFv8XP2cPid4e+LXw4utU1LRbfxb4Ye7fTJdU0i4a11KzU3traTebaXCNFLmLbuXgkYLAHvVABQAUAFABQAUAFABQAUAFABQB//9H+/igAoAKACgAoAKAP5LP+Dov9gr4+/E7wt+zb/wAFHP2SdGv/ABF8c/2E/E0HibXfD2kWVzqutX3gLRvENl430bxDpmj2Qju9Vs/BPiWxv7vxPpdvNJPe6Brk9wIUstN1GegDmfhH/wAHPH/BOr9qj4NfAjV/jl8Ypv2SPjd8MfiV4R8a/GL4e+P/AAh8UNX07UoPDfh3xRpHiAeA/Evw68GeLtN8SWup6pqlreaXo+rNoesfZ0ZdQ0y2uYoklAPy2/4KRftx+K/+DmX9qf4Cf8E6f+Cengvxvd/ss/D7x3Z/EP4x/HPxDoN/4et7m1Rv7K1Hx5eaZqUDN4Z8OeFtAn1i18E2viOGw17xR4k1iS0m0y0heNIAD/QM+GvgTRfhd8PfBHw48NwJbaD4F8K6F4T0iBNwSOw0LTbbTrYKGLMAY7cHBJIzigDtqACgAoAKACgAoAKACgAoAKACgAoAKACgD+Gv/gu18Jv2g/8AgmB/wVR+CP8AwXQ+AHgHV/iT8JdQtPD3g39pfQNHhcW+lPY6JB4GvdP16aGK8Oj6P418KW+lXmh+I5beOyt/HekiPVPllt01AA+7bb/g4z/4IvfFjxv8Bv2x9e/a18R/C/xD8FPhT8dvBuo/s+eKPgT8UtS+IOo6l8brn4O6hJbJqvhnRdX8NyXfh2b4Sx2lvJod94g0PVf+Eh8+81zQk0qYXAB+Snwc8Z/FT/g5S/4LUfBr9qDwx8MPGfw9/wCCfP7CGpaDrPh7XPGGnxwtrOqeEdcbxd4esry4tZJNJm8eeNPGf2HXb/QdOvdVTw14P0u2sdUvZJpbC41AA/0EQAAAAAAMADgADoAOwAoAWgAoAKACgAoAKACgAoAKACgAoAKACgAoA/z6vif4u+Lv/Bs5/wAFkvjV+0R4n+F3inx3/wAE6/289cutQ1HxD4Rg+0y6CLvWtQ8SW+nWcrfZdMbxn8LNX13XLYeGNXvLOfxD4W1T+2LGcyvapOAfsP4g/wCDlH/gjH8LJ/in+1B4Y/aj8R/FXxT8R/Bvg+y0n4D+F/gx8TtM8djU/B2m38dtpU2o+J/DukeG9Nn1Ce7EV1ea5qmlaXZFGe2vtSUorgHwL/wQX+Cn7Sf/AAUn/wCCmXx1/wCC7P7S3gC8+G3w612w1jwd+zj4e1D7Ug1YTWdh4Y0+fw7LfW0Fzq3hrwB4J0mLww3iOO3t7DXdZ1HUUtCZNNuo0AP7iKACgAoAKACgAoAKACgAoAKACgAoAKACgAoAKACgAoAKAP/S/v4oAKACgAoAKACgAoA/Dr9uD/giV/wTs/aE8b/DP4j337DPwn1vxrrnxq8OP8Vdd8F6PqngKXWPBM+jeJ5vEOpeKbT4f6t4X0/UXudYj0OTUtcubWXWbi4dTNfuLm480A/UT9nX9lL9mz9kfwUPh5+zN8EPht8EfB5kWe60j4e+F9N0E6rdKNovte1G3h/tXxDqO07TqWuX2o3zL8rXGBhgD6BoAKACgAoAKACgAoAKACgAoAKACgAoAKACgDM1rRNG8SaTqWgeItI0zXtC1myuNO1fRNasLXVNJ1XTruNobqw1LTb6KezvrK5hdori1uYZYJo2aOSNlJWgD8Fvil/wb2f8E1vGf7XXwX+Kum/sM/A+z+FVn4M+Ocvxl8P6Rca/4W8Pax8QdU1L4RT/AAcvYvh7oPiHTfDklrpltY/FRbu30vR7XSR/aUSaxZXm/TTAAft78MPhR8Mfgn4J0P4a/B74e+C/hb8PfDNsLPw/4J+H/hrR/CXhfR7bJYx6foeh2dlp1t5jlpJmjg3zSs8srvIzuwB39ABQAUAFABQAUAFABQAUAFABQAUAFABQAUAeffFH4S/C743+CdZ+G3xj+Hfgr4p/D/xDD5Gt+DPiB4Z0fxb4a1JArKjXWj65aXti88G9ntbnyVubSXE1tLFMqOoB+M3w0/4N8P8Agl74F/aQ8ffFVv2G/gbd+EprLwZd/DvQtZl8U+LNA0jxDYx3cnii4m8AeJtf1XwettdXhspLe1udJu7FVj221pboHRwD9yNH0bSPD2ladoWgaVpuh6HpFnb6dpOjaPY22maVpen2kSw2tjp2nWUUNpZWdtCiRW9rbQxQQxKsccaooVQDSoAKACgAoAKACgAoAKACgAoAKACgAoAKACgAoAKACgAoA//T/v4oAKACgAoAKACgAoA8P+NvxQ1j4Y/8Kn/sjTbDUv8AhP8A4w+Gvh1qX277T/oOl61ofijVLi/tPs0kf+mwzaFbRRefvg8uaXfGzbCoB7hQAUAFABQAUAFABQAUAFABQAUAFABQAUAFABQAUAfMnj3xD8Y7L9q/9nDwz4Ytddk+B+v/AAr/AGltS+Ll3aeGob/w9beNvD+pfASP4Pxa34qbS7ifw7qFzaa38TzoelQ6vpsfiRLfV5ZrTVDoEL6eAfTdABQAUAFABQAUAFABQAUAFABQAUAFABQAUAFABQB4b4T1n4l3Xx2+Lei67a6lH8MdL8O/D6fwHdT6LFa6bcavfWeov4rSx1tbSOXVJYriO0F1byXlyLFiqLHDvwwB7lQAUAFABQAUAFABQAUAFABQAUAFABQAUAFABQAUAFABQAUAf//U/v4oAKACgAoAKACgAoA8w+JvxP0T4Y/8ID/bWm6jqP8Awn3xE0X4daV/ZyWj/YdX1rS9c1O2v737VcW+ywhg0O6ime28+5WSaER28iGQoAen0AFABQAUAFABQAUAFABQAUAFABQAUAFABQAUAFAHzh44+NmseFf2ov2evgLbaLp91onxk+GX7RfjrVtemmuV1LR734L6j8DbPSLGwhT/AEWW31lPitqb373H72JtKshbcS3FAH0fQAUAFABQAUAFABQAUAFABQAUAFABQAUAFABQAUAeLeF/ine+IPjb8VPhRLpFvbWPw98P+A9ZtNYS5le51OTxfaX9xcQTWzRLFAtk1mqRvHM7ShyXVMDcAe00AFABQAUAFABQAUAFABQAUAFABQAUAFABQAUAFABQAUAFAH//1f7+KACgAoAKACgAoAKAPMfiZL8MYv8AhAv+FmDTjv8AiHosfgL+0UvHx8Q20zXDopsfsYbZf/2YuueS90Psoj84SZcxbQD06gAoAKACgAoAKACgAoAKACgAoAKACgAoAKACgAoA8P8AFnxQ8AeH/j98GPhJrPhy7vviP8SvAfxs8V+BfE8ekaPc2fh/w78Mb34TW3j3TLrWrm8i1vSpvEU/xA8GyWlnpNld2WrDQ7l9Xms303TFugD3CgAoAKACgAoAKACgAoAKACgAoAKACgAoAKACgAoA8w0H4g+E9Z+KXj/4d6dpt1B4u8F6P4T1TxHqclhZQ2l/ZeJbe7n0aK3v4rh728e1itplmjuraGO3LBYHkDOVAPT6ACgAoAKACgAoAKACgAoAKACgAoAKACgAoAKACgAoAKACgD//1v7+KACgAoAKACgAoAKAPMfiZ8NfDnxI/wCEB/4SLUdQ07/hBfiJovxA0P8As+5s7f7dr2j6Zrmm2dhe/bLW68+xmttavZJoLXyLt5IYWjuY0WRJQD06gAoAKACgAoAKACgAoAKACgAoAKACgAoAKACgAoA8R8V2PwUm+PnwZ1DxU2nj482XgT41QfBxJtS1mDUm8C3t78KD8aDYaXa3Ueh6hbLeWnwq/tC51ezur7TmayXR5rVL7VFuAD26gAoAKACgAoAKACgAoAKACgAoAKACgAoAKACgAoA8x0Gy+GMXxR8fX2gvpp+KN1o/hOPx+kGoXk2pLo8FveDwmb7TpbqSysojbtd/ZZbW0t5LldzTyTFVKgHp1ABQAUAFABQAUAFABQAUAFABQAUAFABQAUAFABQAUAFABQB//9f+/igAoAKACgAoAKACgDxL41fCzUfij/wqn+z9TstM/wCFffF/w38SL77bHPJ9vsND0TxPpc2nWnkI+y8mk16GWN5tsISCUO4ZkoA9toAKACgAoAKACgCOaaK3iknnljhhiVnllldY440UZZ3dyFVVAyzMQAOSRgGgCppuqaZrFpFf6RqFlqljMN0N5p91Be2so9Y57d5InH+65/HFAF5mVQWYhVAyzMQAAOpJOAAPXP5UAZela7omuxzTaJq+mavFbXEtpcSaZf2t/HBdQP5c1tM9rLKsc8TgpJE5DowKsARQBdlu7WBts1zbwtjO2WaKNseuHZTj3x+WTuAEs7y01C1t76wure9srqJJ7W7tJo7i2uYZBmOaCeFmilideUkjZlYcg8/MAWaACgAoAKACgDw7xb8E9L8VftAfBb49XGvXdnq/wb8BfG7wLpnh2K1gkstctPjTe/CW91PULu7eVbi2m0JvhTp8dpFBDLHcjWLkztEYId4B7jQAUAFABQAUAFAGdqer6Vo1uLrWNTsNKtWligW41G8t7KBppnEcMIluZI0MssjLHGgbc7sFVWJAoAvo6SKrxsro4DI6MGVlPIZWXIYEcgg4PvQAkkkcSl5ZEiQdXkZUUZ6ZZiAMn3/OgCrDqenXN1LZW9/ZXF5BBFdTWkN1BLcxW08ksUFxLBG7SRwzS288cUrKEkeGVFJaNgoBdoAKACgAoAKACgAoA8t0D4XaVoHxV+IPxUt9TvZ9W+IOjeEdG1HS5VtxY2EPhG2vLezmtWRRcNJdreO04mYoCq+WBzQB6lQAUAFABQAUAFAGbf61o+lyWcOp6rp2nTahP9msYr69trWS9uCpfyLVJ5EaebYrN5cQd9qscABjQBpA55HIPII70AV5bu1gbZNc28LYztlmiRseuHcHHvj8+aAHxTwTKzwzRTKpwzRSI6qcZwxRmAODnntzzxtAKj6tpUcttBJqdgk97cfZbOFry2WW6ufKln+z28Zk3zz+RbzzeVGGfyoZZMbInNAGhQAUAFABQAUAFABQAUAFAH//0P7+KACgAoAKACgAoAKACgAoAjmaRIpXij86VY3aOLeI/NkVSUj3t8qb2wu9uFzk8CgD8erL/gr74Yn+KH7QHwD1D9mb40aF+0P8CPiR8M/hvafA3V9d+E1v48+MUvxWku5/C/i/4RRJ49m0fXvA76Bp2q+Lr3xDquraHDY+F9E13U7yKAaZLCwB+u+j3V/faVp15qmly6JqV1Z2899o811aX02mXUsSvPYy3lhJNZXUlrIWiee0llt5GUtDI6EPQB+YHjv/AILWf8E1Phr4z8UfD7xp+0PeaR4t8Ga7qXhvxJpa/Bv48aiun6zpF1JZ6haC/wBK+GV7pt4ILmKSMXFjd3NrLt3wzyoVdgD6D/ZX/wCCgv7JP7aup+MNH/Zq+KU/xD1HwFZaRqPiuCbwF8SfBo0yz16bULfSpVm8d+EPDEF8bqXS75THp0l3JB5G65SJZYWcA/Pf/gqd491D4h/tp/8ABLD9gifUZh8Kv2i/i58UPiV+0F4YheaKHxx4G+B3gVvEfgzwZryxSxx6r4O13xvIJvFHhy+WfStbg0izttStbm1DwOAYvi3xFZ/sc/8ABbf9m74T/CjS9M8EfBb9uf8AZu8e2/jv4YeGbO30HwZJ8afg3qb32gfEzTfD+nwxaRp3iO88CH/hGPEEum2NlLrlppmj3Op3NzcaejMAfrn+0V8CbL9o3wXpvwv8T+IdZ0r4a6p4jtLz4qeHdB1LVtDvfiT4LtLHUhL8PLzX9B1HSdb0jw9resT6Te+I/wCzL+CXWtK0qfwzfCfRdc1a2nAPwj+E/wCxJ8Kf2M/+C4/w08L/ALA3ha8+Cvwo8Zfse+MfH37YPwo8H32u3PweuLn/AITWPw58IdeudDvtR1DS/Dnj/W7rT9cXS1tlsjPo2havd2tuH1DUZroA+Av299D+FeiftjfFH45f8Fsf+CQXjz4h/szeKvida+DPhR+2/wCEPj3q/j/wZ8Gvg9bSWnhrwBpfj/4S/CTxZokvw30CeSI+IfFGs61qt5qd74k13V7iz0y5jeG1QA/sg+Gtj4E0z4e+CdP+F9to9n8OLPwtodv4GtfDwQaHb+FI9Ot10KLSRGWT7AmnfZxb4Zj5e0sSxY0AdtQAUAFABQAUAfM3jz4L+KPFP7Vv7OPx10/U9Et/CPwf+Fn7SvgfxLpN3c6imv6lq3xk1L4C3nhi60a1g06fTLiw0yL4WeIF1uXUNT0+5tnv9JGn22orPetYAH0zQBla7ealp2janf6Po83iHVLOyuLiw0O3vLLT59Xuoo2eHT4L7UprbT7Wa6ZRFFPfXEFpG7K1xNFEGdQD8jvgR/wV88L/ALQ15H4N8Dfs0fGaz+N1l+0N41/Z68a/s/eJNd+FGk/FX4a6h8O9Nt9T8Y/ETx1pp8d3Oj6T8NtEgv8AR0m1yDWr67up/Efhq107Tb281m3t1AP14vNQt9N0y71XUWNpa6fYz6hfttec21va273N0223SSSYwxxyHbCjvJtxGjMyrQB+TF1/wXa/4JaWV1c2dz+0rex3NpcTW1xH/wAKQ/aEfy54JGilTenwpZH2yIy7kZkbGVJBBoA+1/2XP2yf2c/2z/CviLxt+zf4/l+IPhrwp4g/4RbXtRm8IeOPBxstd/s2y1b7ELLx14b8NX90P7P1Gzn+1WdrcWeZfK+0edHLGgB+VHwk1LRv20v+C0H7dfhf4v6Zo/xH+En7DPwh+Bfwy+Dnw+8WaVaeIPBWleN/i9omseJfi/4wuvC+sR3uhXXi+4lt7Hwva+IZtPfU7bw3bNpdvcRWdzdQzgHSf8Ej/ibrvhr9ob/gpf8AsK3Oo3l/4A/ZJ/aT+1fArT768ubtvAvwZ+K2mf8ACT+Gvhtp73b3FyfD3g6/XVbDw2kl0yWGifYdKtoILWwhRgCf/gt34J/aV+KPw3+EPgX4b/sGah+39+zda+KdY8a/tQfBbQ/j7o/wM8Q+LdL0LTfs3gbQtMl+1Dxb4utLLVL/AFLxRe+F/DVobvVtY0fwtHHdKsFzEwBZ/wCCGl5/wTb1r4DfEnWv2AP2bNT/AGTdeg+Ic3hf9pf4FeOV8Vp8WPh38WfDmn2tpceGfGyeMvEnijVEis7JoZdINjfw6VPBPJdCxs9Rmv4EAP3BoAKACgAoAKACgAoA8O8KfDPxDoXx1+LXxOvNT06fw7498O/D/SNF0yC4vX1GwuvClnqFvqU19by2kdjDFdvdxNavaXlxJIqMbiOFlUMAe40AfMf7YH7Rep/sn/ALx/8AtAWnwX+I3x10j4ZaLeeKPFngr4USeF38cx+FtLhNzrWuaVpvizX/AA1YatDolkk2palaW+pi/TTra5ure2uBA6UAeM/st/t/eF/2vvEPhuD4N/DXxN4h+HmrfCTwD8U/EHxfsfE/gK/8D+C734i6Q2u6F8Mdb+xeIptdufiRDor2Gt6ro2j6RqFlpWi6xo9/f6pB/aVpDKAfT/x6+P3wn/Zk+GOu/GL42eKH8HfDrw3JYRa1r8eg+I/Ej2kmp3kVjZKNI8KaRrmuXHnXU0cWbXTZ1j3b5jHGC6gH5y/8P4/+CV3/AEcxe/8Ahjv2h/8A51FAH6ffCv4oeB/jV8OvBnxY+Gust4h8BfEDw/pvinwlrj6Zq2jNqmhavbJd6fetpWu2OmaxYGe3kST7LqWn2d5Fu2T28bgrQB+Ef/BPPw/4C/4KK/HP/gqn8bf2j/C3h/4xaJpX7U3jn9jz4Q6P4z0q31vR/A/wC+GPh7R7CKw8GWepLdR+EtV8U65qeq+IfE2r+HV07VNS1oWeoXF49zp1jJbgHuH/AAQm+P8A8QvjF+yN42+HvxS8Tap428afsr/tC/F/9mu48Y67dzX2u+IfD/w+8TXEfgy41q5uDJc3OqWnhK60fTry9urm6utQmtGvriYzTutAHp/7TH/BIb/gnL+0f8SviP8AtP8A7Zvwc0344eMbnR4p7vxP8QvF3jrT9B+Hnw98F6IEtdA8NaD4Z8VaHoek6NptjZXesatfyWdxquq6rd6nqN5eeXNBaWoB+c/7EH7NPxE+Cn/BHn9oTxX/AME9/wBnPTLH4pftoeN/iT8XPhT8GtP8eab8N7fQPhj8TPECeHPBVnp3j7x7qk39hatonwJtNPTRtW1W/v7q18Umy1CSGdEnVgDy7/gjd4W/4Jv+C/2w9Z+Fuuf8Eu/E3/BNn/gpt4E+H+qa7H4Y+Jnj/wAafFWz+IPgLU7iysfFHjb4Q/EbV/Elz4R8ZQTagsKatqmkeGdNuYUu5YtIvryxl1DYAf1i0AFABQAUAFABQAUAFABQB//R/v4oAKACgAoAKACgAoAKACgCG5uEtLa4upFneO2hluJEtra4vLl0hRpHW3tLSKa6up2VSIra2hluJ3KxQxPIyIwB/Ll+214R/aY8Y/Frwz/wWX/Z0+B/xl/4Wj+yR8SY/gZ4R/ZcuP2cviFp/wAZ/wBpb9lefxDNofxR1W+8J6j4Dg+JEfiLXtZ1C78Z/CZ2gs/Dul+C9K0q91k2+q3mp6ZcAH9KHwo+Itn8Wfh34T+Ilj4a8deDYPFWj2mq/wDCLfEvwN4s+G/jnQZp4lafS/Efgzxvo+g+JdF1Czm3wSwahpduZCnnQ74XR2APzy8dfCb/AILE3/jLxRe/Dv8AbI/Yh8O+BLvXNSuPCGg+J/2Ovil4i8RaP4elupH0rTta16x/ad0Oz1jU7S0MUN5qNto+mwXcyPNHZW6sI1APoT9ljwT+3f4T1PxhL+2J8ev2ePjHpN7ZaOnge0+CHwH8ZfB280O/hmv21y48QXfin4wfE6LXLa+gk0yPT7ezttJexktruSaa6W5jSAA+PP8Agpb+z98RLv8AaV/4J0ft1fDTwX4g+Iifsb/F/wAeWXxf8FeCtHvPEXjfUvg58bfBZ8F6r4p8PeG9MSbWvE7fDrWorDX7/wAPeHbTU/EN7pV5qFxpmk37WUqIAcc/w98S/tX/APBWP4ZftfaL4H8cWP7OX7Gv7MXjTwd4c8U+LvAfijwZqXxP+OXxR1s6jqlp8N9E8Yafoesa3onhDwZZW+manr66ZBpt34k1iXRtNvrt9Ov2iAPo3xh/wUT8QaX+xJJ+1l4c/Yn/AG2b/wAb6xrGseFPCX7MM/7O3jfWvj6+u2Ov6n4ftNc8T+AvAlv4svPD/gOeLTZPFKeJr25gt7zw3LYi0Y6xq2nabOAfIH7FX7bx1D4jW/grw9/wTq/4Kdaf8bv2gfGA8SfGz9ov9pT9kHxV8CPhn9r0/SXlurzX/HXijU76Dw34U8N6FpkPg/4V+BNPiv1gP9haLutoptS1yAA9c+Mv7T+lft/fsiftM/s7fD79mD9qnw98X/id4P8AH/wGi+Gf7RP7NXxJ+GGneGNc8U6ddeHbHx/4m8fa5ok/wlh8JeGor2Px/p+p6f4+v7zVotIg0/QLS98SzWuksAfpt+z58Lf+FIfAz4RfB7+0pNZPwy+HXhHwQ2qzbzJqD+HNEs9Lku2Msk0h897dnHmSu+CNzMeVAPYKACgAoAKACgD5e8fn4wf8Nbfs1Dwz/wAJF/wpI/Cj9pz/AIWybKNT4Z/4TQan+z9/wqL+35CpaPUjaf8ACzf+EfVXUSRjW9wbYu0A+oaAMDxT4jsvCHhzW/FGo2ev6jY6Dpt1ql1Y+FvDWv8AjHxHdw2kTSvb6J4V8K6brHiPX9SlA2Wul6Lpd9qF1KVjt7aRzigD+XbxroX7T/7Pn7W/wd/4LKfD39nz45eKLb9rvxDB8Ef2s/2PvAf7N/xB1r4w/D/4Bxwi3+D/AMU9b8KeHPAlz45g+JXw/tdKS++K6eIUkguZdZuNB8KwanHHpz2QB/UPZarL4l8LQazoC3ulXGt6IL7R18T+H9Y0a/064vrPzbH+3fDGswaPrunz2sskR1DR9Qg07UYWSW1mW2mBKAH5WXXwd/4LZtc3LWf7bv7BMNo08zWsU/7EvxbmnitjIxgjmmX9q6JZZUiKrJIsUau4LCNAQqgH2v8Asu+Ff2uPCnhXxDaftffF34L/ABg8ZXPiH7T4Y1n4KfCPxN8IND0vwz/ZtjF/ZmraN4o+JXxMutT1b+1Y9Quv7Tt9T0+3+x3Fta/YDJbvcSgH5w+Hfhp4l/Yr/wCCr37Wv7SfiXwf401f9nD9uL4PfBq/i8eeBfBHirx9ZfDf4xfA7TtT8Ma74V8aaT4I0nX/ABBo3/Ce6PqGn+IPDmu3ujroWp6gl5oMGqHWhBpzgHmP7KVv8Sv2RvD3/BRz/gpT8TP2av2g/G2uftWftNweMvhx+zx8LPhrc+If2kH+B2m3mi/Dz4bz6v8ADi/1HS73Ttfu7J7zxxrPh+/u7O/8P6NeGDUbW21GC6tkAP0z+Kf7cXg34N/GD4b/AAl8cfBD9q57b4n+CovFmi/FTwP+zp8Rvir8KtI1aSa6jPw58Wa58LtK8Ya34Z+IKQ2j3jaTqvh2309raW28vVnnuYIHAPJP2Jv2ete8MftHftzftcax4Sv/AIb6X+1r8RfAGo+CfAOr6fJoviFPCfw0+HeheCo/Hni3w/KyXPh3xL8RtZsNW8VT6Fq9nZeJdN0++0+38TWlhra3um2gB+mNABQAUAFABQAUAFAHhvhP/hZ3/C9/i3/b39o/8Ku/4Rz4ff8ACA+etmNN/tj7HqH/AAln2FolF60v2j7J9q+1M0Ybb5AUbtwB7lQB80ftYfGbxB8FfhHqmseC/hb46+MHj7xReWHgfwL4O8G/Dbx18RdNbxJ4rvLfRLLW/iIngjQNdk8NfDXw39vbxB4417V/sVrH4c03UraxludWmsrKcA/FL/gnd8N/jT/wSv8A2wviB+wlffDr42fF/wDY9+PtnaftAfCP49+B/wBnnx5feAPgp8Y/GM0n/C0vg/8AEDxN4D8Ct4J8LeH9W1yK58TeD7q6ubey8P6fcfZPEGpWdxe2tjagH7w/HrRfjp4g+GWuaX+zh47+H3w2+LVxLYHw94u+KPgXWPiR4M06KO7ifUk1PwloPi7wNqeovc2QlgtXg8SWItp3SeRZ0QxOAfnP/wAKb/4Lef8AR8P7An/iEHxc/wDosqAP09+Fmn/EnSfh14M034w+JfC3jH4o2Xh/Tbbx34p8EeGr/wAHeEde8TRWyLqup+HvC2qa74n1HQtKu7oSS2emXniHWLi0hZYpb+5Zd9AH4tfsk+Hdf/4JpfHb/gpF4U+JXw2+KuvfCr48/tE+JP2wP2efFvwv+F3jf4maf4wtviT4e0xPEXwZsE8CaLrzaR8RPDPinRbqwsdA8Sroc2u2Go2WsaVLe6Wl7fW4BT/4J7eG/ih/wTW/Y/8Ahe3xl/Z3+NvxF+M/7Y/7XPiTxZ8S/CPwJ8Ex+Pb34J3/AMfvF2ta5pmvfFd49XtYtE8H/Dnw6uk6b498SQ3GoxaXcwTtbw3UMaCgD7X/AOCqDfE/Xv2P/Ffwa+D3h/xdrXjj9pnxZ4G/ZuGo+EdG1PV5fBPg34r69Bo/xR8da6+mW1w+j+H/AA/8L4fGLXGs3ht7O11G50y3ecT3dvFOAeo/GX4y+D/2CPgF8ObqP4L/AB0+JvgHwrdeC/hc+ifs2/CnWPi54h8D6BHpUtonjTWvBXhuSTxN/wAINocWlhdZv9B0vW9QtJLuyji0qdp1FAHzHq3w1P7Xn7en7JX7Vvg/wV408IfDP9lr4ZfGWC78ffEL4e+MvhX4l+I3ib4yReEbHQvA2jeFPiDo/hXxreeGvB2maFq/iLVNdvdBXw1LqniWzsdDvNR1C11pdNAP1joAKACgAoAKACgAoAKACgD/0v7+KACgAoAKACgAoAKACgAoAKACgAoAKACgAoAKACgAoAKACgAoAKACgAoAKACgAoAKACgAoAKACgAoAKACgAoAKACgAoAKACgAoAKACgAoAKACgAoAKACgAoAKACgAoAKACgAoAKACgAoAKACgAoAKAP/T/v4oAKACgAoAKACgAoAKACgAoAKACgAoAKACgAoAKACgAoAKACgAoAKACgAoAKACgAoAKACgAoAKACgAoAKACgAoAKACgAoAKACgAoAKACgAoAKACgAoAKACgAoAKACgAoAKACgAoAKACgAoAKACgAoA/9k=</file>
    </generalfeedback>
    <defaultgrade>2.0000000</defaultgrade>
    <penalty>0.3333333</penalty>
    <hidden>0</hidden>
    <idnumber></idnumber>
    <correctfeedback format="html">
      <text>Vaše odpověď je správná.</text>
    </correctfeedback>
    <partiallycorrectfeedback format="html">
      <text>Vaše odpověď je částečně správná.</text>
    </partiallycorrectfeedback>
    <incorrectfeedback format="html">
      <text>Vaše odpověď je chybná.</text>
    </incorrectfeedback>
    <shownumcorrect/>
<varsrandom><text></text>
</varsrandom>
<varsglobal><text><![CDATA[p=2; f="4x";
a = -1; b = 1;
phi="2x + 2"; alpha="0"; beta = "4-t";
h=0.25; tau = 0.01;
x=[0, 0.25, 0.5, 0.75];
u0= [2*x[0] + 2, 2*x[1] + 2, 2*x[2] + 2, 2*x[3] + 2];
sigma = p*tau/(h*h);
uA=sigma*(2*x[1] + 2)+(1-2*sigma)*(2*x[2] + 2)+sigma*(2*x[3] + 2) + tau*4*x[2];]]></text>
</varsglobal>
<answernumbering><text>abc</text>
</answernumbering>
<answers>
 <partindex>
  <text>0</text>
 </partindex>
 <placeholder>
  <text></text>
 </placeholder>
 <answermark>
  <text>1</text>
 </answermark>
 <answertype>
  <text>0</text>
 </answertype>
 <numbox>
  <text>3</text>
 </numbox>
 <vars1>
  <text></text>
 </vars1>
 <answer>
  <text>[u0[1], u0[2], u0[3]]</text>
 </answer>
 <vars2>
  <text></text>
 </vars2>
 <correctness>
  <text><![CDATA[_relerr < 0.01]]></text>
 </correctness>
 <unitpenalty>
  <text>1</text>
 </unitpenalty>
 <postunit>
  <text></text>
 </postunit>
 <ruleid>
  <text>1</text>
 </ruleid>
 <otherrule>
  <text></text>
 </otherrule>
 <subqtext format="html">
<text><![CDATA[<p>Určete hodnoty řešení v bodech \(B=[0.25,\ 0],\ C=[0.5,\ 0],\ D=[0.75,\ 0] \). <br></p><p>\(U_B = \){_0}, \(U_C = \){_1}, \(U_D = \){_2}<br></p>]]></text>
 </subqtext>
 <feedback format="html">
<text></text>
 </feedback>
 <correctfeedback format="html">
<text></text>
 </correctfeedback>
 <partiallycorrectfeedback format="html">
<text></text>
 </partiallycorrectfeedback>
 <incorrectfeedback format="html">
<text></text>
 </incorrectfeedback>
</answers>
<answers>
 <partindex>
  <text>1</text>
 </partindex>
 <placeholder>
  <text></text>
 </placeholder>
 <answermark>
  <text>1</text>
 </answermark>
 <answertype>
  <text>10</text>
 </answertype>
 <numbox>
  <text>1</text>
 </numbox>
 <vars1>
  <text></text>
 </vars1>
 <answer>
  <text>uA</text>
 </answer>
 <vars2>
  <text></text>
 </vars2>
 <correctness>
  <text><![CDATA[_relerr < 0.01]]></text>
 </correctness>
 <unitpenalty>
  <text>1</text>
 </unitpenalty>
 <postunit>
  <text></text>
 </postunit>
 <ruleid>
  <text>1</text>
 </ruleid>
 <otherrule>
  <text></text>
 </otherrule>
 <subqtext format="html">
<text><![CDATA[<p>Určete přibližnou hodnotu řešení v bodě \(A = [0.5,\ 0.01]\) užitím explicitního schématu.</p><p>\(U_A =\) {_0}<br></p>]]></text>
 </subqtext>
 <feedback format="html">
<text></text>
 </feedback>
 <correctfeedback format="html">
<text></text>
 </correctfeedback>
 <partiallycorrectfeedback format="html">
<text></text>
 </partiallycorrectfeedback>
 <incorrectfeedback format="html">
<text></text>
 </incorrectfeedback>
</answers>
  </question>

<!-- question: 140098  -->
  <question type="formulas">
    <name>
      <text>teplo explicitni 2</text>
    </name>
    <questiontext format="html">
      <text><![CDATA[<p>Je dána smíšená úloha pro rovnici vedení tepla: $$\frac{\partial u}{\partial t} ={{p}}\frac{\partial^2 u}{\partial x^2}&nbsp; {{f}} \ \mbox{ v oblasti } \Omega = \{[x,t]:\ x\in({a},{b}),\ t&gt;0\}$$ s počáteční podmínkou \( u(x,0) = {{phi}},\ x\in\langle {a},\ {b}\rangle \) <br></p><p>a okrajovými podmínkami \( u({a},t) = {alpha},\ u({b},t) = {beta},\ t\geq 0\).</p><p>Volte prostorový krok \(h = {h}\), časový krok \(\tau = {tau}\).<br></p>]]></text>
    </questiontext>
    <generalfeedback format="html">
      <text><![CDATA[<p>Přibližnou hodnotu řešení \(U_A\) v bodě \(A\) určíme pomocí explicitního schématu <img src="@@PLUGINFILE@@/explicitni2_moodle.jpg" alt="" role="presentation" class="img-responsive atto_image_button_right" width="250" height="117"><br></p><p>$$U_A = \frac{p\tau}{h^2}U_B + \left(1 - 2 \frac{p\tau}{h^2}\right) U_C + \frac{p\tau}{h^2}U_D + \tau f(C),$$</p><p>kde \(U_B,\ U_C,\ U_D\) jsou hodnoty na nulté časové vrstvě. Ty určíme z počáteční podmínky \(U_i^0 = {phi}\).<br></p><p>Pro zadanou úlohu je \(p={p}\), jsou zvolené kroky \(h={h}, \tau = {tau}\), tedy \(\displaystyle \frac{p\tau}{h^2} = {sigma}\). <br></p>]]></text>
<file name="explicitni1_moodle.jpg" path="/" encoding="base64">/9j/4AAQSkZJRgABAQAASABIAAD/4QBMRXhpZgAATU0AKgAAAAgAAgESAAMAAAABAAEAAIdpAAQAAAABAAAAJgAAAAAAAqACAAQAAAABAAAB/6ADAAQAAAABAAAA6AAAAAD/4QkhaHR0cDovL25zLmFkb2JlLmNvbS94YXAvMS4wLwA8P3hwYWNrZXQgYmVnaW49Iu+7vyIgaWQ9Ilc1TTBNcENlaGlIenJlU3pOVGN6a2M5ZCI/PiA8eDp4bXBtZXRhIHhtbG5zOng9ImFkb2JlOm5zOm1ldGEvIiB4OnhtcHRrPSJYTVAgQ29yZSA1LjQuMCI+IDxyZGY6UkRGIHhtbG5zOnJkZj0iaHR0cDovL3d3dy53My5vcmcvMTk5OS8wMi8yMi1yZGYtc3ludGF4LW5zIyI+IDxyZGY6RGVzY3JpcHRpb24gcmRmOmFib3V0PSIiLz4gPC9yZGY6UkRGPiA8L3g6eG1wbWV0YT4gICAgICAgICAgICAgICAgICAgICAgICAgICAgICAgICAgICAgICAgICAgICAgICAgICAgICAgICAgICAgICAgICAgICAgICAgICAgICAgICAgICAgICAgICAgICAgICAgICAgICAgICAgICAgICAgICAgICAgICAgICAgICAgICAgICAgICAgICAgICAgICAgICAgICAgICAgICAgICAgICAgICAgICAgICAgICAgICAgICAgICAgICAgICAgICAgICAgICAgICAgICAgICAgICAgICAgICAgICAgICAgICAgICAgICAgICAgICAgICAgICAgICAgICAgICAgICAgICAgICAgICAgICAgICAgICAgICAgICAgICAgICAgICAgICAgICAgICAgICAgICAgICAgICAgICAgICAgICAgICAgICAgICAgICAgICAgICAgICAgICAgICAgICAgICAgICAgICAgICAgICAgICAgICAgICAgICAgICAgICAgICAgICAgICAgICAgICAgICAgICAgICAgICAgICAgICAgICAgICAgICAgICAgICAgICAgICAgICAgICAgICAgICAgICAgICAgICAgICAgICAgICAgICAgICAgICAgICAgICAgICAgICAgICAgICAgICAgICAgICAgICAgICAgICAgICAgICAgICAgICAgICAgICAgICAgICAgICAgICAgICAgICAgICAgICAgICAgICAgICAgICAgICAgICAgICAgICAgICAgICAgICAgICAgICAgICAgICAgICAgICAgICAgICAgICAgICAgICAgICAgICAgICAgICAgICAgICAgICAgICAgICAgICAgICAgICAgICAgICAgICAgICAgICAgICAgICAgICAgICAgICAgICAgICAgICAgICAgICAgICAgICAgICAgICAgICAgICAgICAgICAgICAgICAgICAgICAgICAgICAgICAgICAgICAgICAgICAgICAgICAgICAgICAgICAgICAgICAgICAgICAgICAgICAgICAgICAgICAgICAgICAgICAgICAgICAgICAgICAgICAgICAgICAgICAgICAgICAgICAgICAgICAgICAgICAgICAgICAgICAgICAgICAgICAgICAgICAgICAgICAgICAgICAgICAgICAgICAgICAgICAgICAgICAgICAgICAgICAgICAgICAgICAgICAgICAgICAgICAgICAgICAgICAgICAgICAgICAgICAgICAgICAgICAgICAgICAgICAgICAgICAgICAgICAgICAgICAgICAgICAgICAgICAgICAgICAgICAgICAgICAgICAgICAgICAgICAgICAgICAgICAgICAgICAgICAgICAgICAgICAgICAgICAgICAgICAgICAgICAgICAgICAgICAgICAgICAgICAgICAgICAgICAgICAgICAgICAgICAgICAgICAgICAgICAgICAgICAgICAgICAgICAgICAgICAgICAgICAgICAgICAgICAgICAgICAgICAgICAgICAgICAgICAgICAgICAgICAgICAgICAgICAgICAgICAgICAgICAgICAgICAgICAgICAgICAgICAgICAgICAgICAgICAgICAgICAgICAgICAgICAgICAgICAgICAgICAgICAgICAgICAgICAgICAgICAgICAgICAgICAgICAgICAgICAgICAgICAgICAgICAgICAgICAgICAgICAgICAgICAgICAgICAgICAgICAgICAgICAgICAgICAgICAgICAgICAgICAgICAgICAgICAgICAgICAgICAgICAgICAgICAgICAgICAgICAgICAgICAgICAgICAgICAgICAgICAgICAgICAgICAgICAgICAgICAgICAgICAgICAgICAgICAgICAgICAgICAgICAgICAgICAgICAgICAgICAgICAgICAgICAgICAgICAgICAgICAgICAgICAgICAgICAgICAgICAgICAgICAgICAgICAgICAgICAgICAgICAgICAgICAgICAgICAgICAgICAgICAgICAgICAgICAgICAgICAgICAgICAgICAgICAgICAgICAgICAgICAgICAgICAgICAgICAgICAgICAgICAgICAgICAgICAgICAgICAgICAgICAgICAgICAgICAgICAgICAgICAgICAgICAgICAgICAgICAgICAgICAgICAgICAgICAgICAgICAgICAgICAgICAgICAgICAgICAgICAgICAgICAgICAgICAgICAgICAgICAgICAgICAgICAgICAgICAgICAgICAgICAgICAgICAgICAgICAgICAgICAgICAgICAgICAgICAgICAgICAgICAgICAgICAgICAgICAgICAgICAgICAgICAgICAgICAgICAgICAgICAgICAgICAgICAgICAgICAgICAgICAgICAgICAgICAgICAgICAgICAgICAgICAgICAgICAgICAgICAgICAgICAgICAgICAgICAgICAgICAgICAgICAgICAgICAgICAgICAgICAgICAgICAgICAgICAgICAgICAgICAgICAgICAgICAgICAgICAgICAgICAgICAgICAgICAgICAgICAgICAgICAgICAgICAgICAgICAgICAgICAgICAgICAgICAgICA8P3hwYWNrZXQgZW5kPSJ3Ij8+AP/tADhQaG90b3Nob3AgMy4wADhCSU0EBAAAAAAAADhCSU0EJQAAAAAAENQdjNmPALIE6YAJmOz4Qn7/4htESUNDX1BST0ZJTEUAAQEAABs0YXBwbAIQAABtbnRyUkdCIFhZWiAH5AABAAEACAAyADRhY3NwQVBQTAAAAABBUFBMAAAAAAAAAAAAAAAAAAAAAAAA9tYAAQAAAADTLWFwcGwAAAAAAAAAAAAAAAAAAAAAAAAAAAAAAAAAAAAAAAAAAAAAAAAAAAAAAAAAAAAAABFkZXNjAAABUAAAAGJkc2NtAAABtAAABDZjcHJ0AAAF7AAAACN3dHB0AAAGEAAAABRyWFlaAAAGJAAAABRnWFlaAAAGOAAAABRiWFlaAAAGTAAAABRyVFJDAAAGYAAACAxhYXJnAAAObAAAACB2Y2d0AAAOjAAABhJuZGluAAAUoAAABj5jaGFkAAAa4AAAACxtbW9kAAAbDAAAAChiVFJDAAAGYAAACAxnVFJDAAAGYAAACAxhYWJnAAAObAAAACBhYWdnAAAObAAAACBkZXNjAAAAAAAAAAhEaXNwbGF5AAAAAAAAAAAAAAAAAAAAAAAAAAAAAAAAAAAAAAAAAAAAAAAAAAAAAAAAAAAAAAAAAAAAAAAAAAAAAAAAAAAAAAAAAAAAAAAAAAAAAAAAAAAAbWx1YwAAAAAAAAAjAAAADGhySFIAAAAUAAABtGtvS1IAAAAMAAAByG5iTk8AAAASAAAB1GlkAAAAAAASAAAB5mh1SFUAAAAUAAAB+GNzQ1oAAAAWAAACDGRhREsAAAAcAAACIm5sTkwAAAAWAAACPmZpRkkAAAAQAAACVGl0SVQAAAAUAAACZHJvUk8AAAASAAACeGVzRVMAAAASAAACeGFyAAAAAAAUAAACinVrVUEAAAAcAAACnmhlSUwAAAAWAAACunpoVFcAAAAMAAAC0HZpVk4AAAAOAAAC3HNrU0sAAAAWAAAC6npoQ04AAAAMAAAC0HJ1UlUAAAAkAAADAGZyRlIAAAAWAAADJG1zAAAAAAASAAADOmhpSU4AAAASAAADTHRoVEgAAAAMAAADXmNhRVMAAAAYAAADamVzWEwAAAASAAACeGRlREUAAAAQAAADgmVuVVMAAAASAAADknB0QlIAAAAYAAADpHBsUEwAAAASAAADvGVsR1IAAAAiAAADznN2U0UAAAAQAAAD8HRyVFIAAAAUAAAEAHB0UFQAAAAWAAAEFGphSlAAAAAMAAAEKgBMAEMARAAgAHUAIABiAG8AagBpzuy37AAgAEwAQwBEAEYAYQByAGcAZQAtAEwAQwBEAEwAQwBEACAAVwBhAHIAbgBhAFMAegDtAG4AZQBzACAATABDAEQAQgBhAHIAZQB2AG4A/QAgAEwAQwBEAEwAQwBEAC0AZgBhAHIAdgBlAHMAawDmAHIAbQBLAGwAZQB1AHIAZQBuAC0ATABDAEQAVgDkAHIAaQAtAEwAQwBEAEwAQwBEACAAYwBvAGwAbwByAGkATABDAEQAIABjAG8AbABvAHIgDwBMAEMARAAgBkUGRAZIBkYGKQQaBD4EOwRMBD4EQAQ+BDIEOAQ5ACAATABDAEQgDwBMAEMARAAgBeYF0QXiBdUF4AXZX2mCcgAgAEwAQwBEAEwAQwBEACAATQDgAHUARgBhAHIAZQBiAG4A/QAgAEwAQwBEBCYEMgQ1BEIEPQQ+BDkAIAQWBBoALQQ0BDgEQQQ/BDsENQQ5AEwAQwBEACAAYwBvAHUAbABlAHUAcgBXAGEAcgBuAGEAIABMAEMARAkwCQIJFwlACSgAIABMAEMARABMAEMARAAgDioONQBMAEMARAAgAGUAbgAgAGMAbwBsAG8AcgBGAGEAcgBiAC0ATABDAEQAQwBvAGwAbwByACAATABDAEQATABDAEQAIABDAG8AbABvAHIAaQBkAG8ASwBvAGwAbwByACAATABDAEQDiAOzA8cDwQPJA7wDtwAgA78DuAPMA70DtwAgAEwAQwBEAEYA5AByAGcALQBMAEMARABSAGUAbgBrAGwAaQAgAEwAQwBEAEwAQwBEACAAYQAgAEMAbwByAGUAczCrMOkw/ABMAEMARAAAdGV4dAAAAABDb3B5cmlnaHQgQXBwbGUgSW5jLiwgMjAyMAAAWFlaIAAAAAAAAPNSAAEAAAABFs9YWVogAAAAAAAAYWwAADgyAAAKQlhZWiAAAAAAAABvHAAArpUAABaZWFlaIAAAAAAAACZOAAAZOQAAslJjdXJ2AAAAAAAABAAAAAAFAAoADwAUABkAHgAjACgALQAyADYAOwBAAEUASgBPAFQAWQBeAGMAaABtAHIAdwB8AIEAhgCLAJAAlQCaAJ8AowCoAK0AsgC3ALwAwQDGAMsA0ADVANsA4ADlAOsA8AD2APsBAQEHAQ0BEwEZAR8BJQErATIBOAE+AUUBTAFSAVkBYAFnAW4BdQF8AYMBiwGSAZoBoQGpAbEBuQHBAckB0QHZAeEB6QHyAfoCAwIMAhQCHQImAi8COAJBAksCVAJdAmcCcQJ6AoQCjgKYAqICrAK2AsECywLVAuAC6wL1AwADCwMWAyEDLQM4A0MDTwNaA2YDcgN+A4oDlgOiA64DugPHA9MD4APsA/kEBgQTBCAELQQ7BEgEVQRjBHEEfgSMBJoEqAS2BMQE0wThBPAE/gUNBRwFKwU6BUkFWAVnBXcFhgWWBaYFtQXFBdUF5QX2BgYGFgYnBjcGSAZZBmoGewaMBp0GrwbABtEG4wb1BwcHGQcrBz0HTwdhB3QHhgeZB6wHvwfSB+UH+AgLCB8IMghGCFoIbgiCCJYIqgi+CNII5wj7CRAJJQk6CU8JZAl5CY8JpAm6Cc8J5Qn7ChEKJwo9ClQKagqBCpgKrgrFCtwK8wsLCyILOQtRC2kLgAuYC7ALyAvhC/kMEgwqDEMMXAx1DI4MpwzADNkM8w0NDSYNQA1aDXQNjg2pDcMN3g34DhMOLg5JDmQOfw6bDrYO0g7uDwkPJQ9BD14Peg+WD7MPzw/sEAkQJhBDEGEQfhCbELkQ1xD1ERMRMRFPEW0RjBGqEckR6BIHEiYSRRJkEoQSoxLDEuMTAxMjE0MTYxODE6QTxRPlFAYUJxRJFGoUixStFM4U8BUSFTQVVhV4FZsVvRXgFgMWJhZJFmwWjxayFtYW+hcdF0EXZReJF64X0hf3GBsYQBhlGIoYrxjVGPoZIBlFGWsZkRm3Gd0aBBoqGlEadxqeGsUa7BsUGzsbYxuKG7Ib2hwCHCocUhx7HKMczBz1HR4dRx1wHZkdwx3sHhYeQB5qHpQevh7pHxMfPh9pH5Qfvx/qIBUgQSBsIJggxCDwIRwhSCF1IaEhziH7IiciVSKCIq8i3SMKIzgjZiOUI8Ij8CQfJE0kfCSrJNolCSU4JWgllyXHJfcmJyZXJocmtyboJxgnSSd6J6sn3CgNKD8ocSiiKNQpBik4KWspnSnQKgIqNSpoKpsqzysCKzYraSudK9EsBSw5LG4soizXLQwtQS12Last4S4WLkwugi63Lu4vJC9aL5Evxy/+MDUwbDCkMNsxEjFKMYIxujHyMioyYzKbMtQzDTNGM38zuDPxNCs0ZTSeNNg1EzVNNYc1wjX9Njc2cjauNuk3JDdgN5w31zgUOFA4jDjIOQU5Qjl/Obw5+To2OnQ6sjrvOy07azuqO+g8JzxlPKQ84z0iPWE9oT3gPiA+YD6gPuA/IT9hP6I/4kAjQGRApkDnQSlBakGsQe5CMEJyQrVC90M6Q31DwEQDREdEikTORRJFVUWaRd5GIkZnRqtG8Ec1R3tHwEgFSEtIkUjXSR1JY0mpSfBKN0p9SsRLDEtTS5pL4kwqTHJMuk0CTUpNk03cTiVObk63TwBPSU+TT91QJ1BxULtRBlFQUZtR5lIxUnxSx1MTU19TqlP2VEJUj1TbVShVdVXCVg9WXFapVvdXRFeSV+BYL1h9WMtZGllpWbhaB1pWWqZa9VtFW5Vb5Vw1XIZc1l0nXXhdyV4aXmxevV8PX2Ffs2AFYFdgqmD8YU9homH1YklinGLwY0Njl2PrZEBklGTpZT1lkmXnZj1mkmboZz1nk2fpaD9olmjsaUNpmmnxakhqn2r3a09rp2v/bFdsr20IbWBtuW4SbmtuxG8eb3hv0XArcIZw4HE6cZVx8HJLcqZzAXNdc7h0FHRwdMx1KHWFdeF2Pnabdvh3VnezeBF4bnjMeSp5iXnnekZ6pXsEe2N7wnwhfIF84X1BfaF+AX5ifsJ/I3+Ef+WAR4CogQqBa4HNgjCCkoL0g1eDuoQdhICE44VHhauGDoZyhteHO4efiASIaYjOiTOJmYn+imSKyoswi5aL/IxjjMqNMY2Yjf+OZo7OjzaPnpAGkG6Q1pE/kaiSEZJ6kuOTTZO2lCCUipT0lV+VyZY0lp+XCpd1l+CYTJi4mSSZkJn8mmia1ZtCm6+cHJyJnPedZJ3SnkCerp8dn4uf+qBpoNihR6G2oiailqMGo3aj5qRWpMelOKWpphqmi6b9p26n4KhSqMSpN6mpqhyqj6sCq3Wr6axcrNCtRK24ri2uoa8Wr4uwALB1sOqxYLHWskuywrM4s660JbSctRO1irYBtnm28Ldot+C4WbjRuUq5wro7urW7LrunvCG8m70VvY++Cr6Evv+/er/1wHDA7MFnwePCX8Lbw1jD1MRRxM7FS8XIxkbGw8dBx7/IPci8yTrJuco4yrfLNsu2zDXMtc01zbXONs62zzfPuNA50LrRPNG+0j/SwdNE08bUSdTL1U7V0dZV1tjXXNfg2GTY6Nls2fHadtr724DcBdyK3RDdlt4c3qLfKd+v4DbgveFE4cziU+Lb42Pj6+Rz5PzlhOYN5pbnH+ep6DLovOlG6dDqW+rl63Dr++yG7RHtnO4o7rTvQO/M8Fjw5fFy8f/yjPMZ86f0NPTC9VD13vZt9vv3ivgZ+Kj5OPnH+lf65/t3/Af8mP0p/br+S/7c/23//3BhcmEAAAAAAAMAAAACZmYAAPKnAAANWQAAE9AAAApbdmNndAAAAAAAAAAAAAMBAAACAAAAVgEuAesCxAODBFMFQAYnBxoIGAkfCj0LTgxrDZAOuQ/sES0SZROjFOMWKhd5GL8aDxtXHKQd8x88IIQhzSMRJFIljSbLKAApMypmK5csyi33LygwUTGAMqsz1TUCNjE3XTiKObY64TwNPTg+YD+JQLFB3EMIRDZFY0aQR7hI3koBSyRMR01qTo9PtFDYUfhTFlQzVU9WbVeNWK5Zy1rhW/Bc9137XwBgCmEZYi1jQWRSZV9mZWdhaFNpPGogawFr4Gy/baBug29ocFBxOHIgcwhz73TWdb52qHeTeH55bHpZe0l8PX03fjZ/OYBBgUuCV4NlhHSFhYaUh6SIs4nAisyL1ozfjeeO7Y/ykPWR9pL1k/WU+pYElxWYLJlHmmObf5yYna6ev5/LoNSh2qLgo+mk9KYDpxWoKqlCqlyrd6yUrbKu0a/xsRGyM7NTtHO1kLapt7q4wbnDusC7u7y1va++qb+jwJ3BlcKKw3zEasVTxjbHGMf5yODJz8rGy8PMwc28zq/PmNBz0UPSDdLT05vUZtU11gXW19eo2HbZQNoG2sfbgNw13Ofdkd473uPfjeA74Ovhn+JS4wPjr+RV5PnllOYs5r/nUufk6IXpL+nk6qjrbuwz7PXtr+5j7xHvtfBQ8ObxfPIX8sbzj/Ru9WH2ZveK+OT6xf0u//8AAABWASMBsAJqAzID6ASxBYAGWAc9CC0JJwonCyIMMA06DlEPYxB+EZ8SvhPpFRAWOBdhGIgZtBreHAsdMx5bH4AgoSG/Itsj9SULJh8nNShJKWAqeSuTLLEtzC7oMAQxITI8M1o0dDWLNqQ3uTjNOeI69DwGPRs+MT9NQGxBj0KwQ9BE7UYIRx1IMklFSlVLY0xuTXhOfk+DUIVRhlKIU4pUjFWKVoRXeVhoWVRaRFs/XEZdWl53X5VgsGHCYspjxWS1ZZxme2dXaDBpDGnsatBrumypbZtuj2+CcHJxXHJAcx9z+3TVda12hndieEV5MHokex18GX0VfhB/Bn/2gOKByoKxg5WEd4VdhkqHRIhMiWGKgYuljMaN3o7uj/WQ95H1kvOT8JTtleyW7pf4mRCaOZtunKadzp7jn+mg5aHfotmj0aTIpb6mvKfKqO2qIatdrJyt2a8UsE6xiLLCs/m1LrZkt5u40roFuzS8X72Fvqa/vMC+warCkMN9xHfFgMaPx53Io8meyo7LdcxTzS3OBM7az7LQi9Fq0lHTRdRF1VHWYtd12ITZh9p922bcQ90a3ezeud+H4FjhLeII4ubjw+Sd5XHmQOcM59Too+l/6mnrZOxo7W3ucO9w8HDxcvJ283n0d/Vp9kf3D/ez+EX4y/la+e360PwM/dr//wAAACsAxAFLAdgCZQMGA48EKwTPBXoGLwbpB6UIaAkvCfkKygufDHcNUg4yDw4P9hDZEcASqROTFH0VZxZSFz0YKRkVGfwa6BvSHL4drh6jH5sgliGUIo8jhiR2JWEmRScgJ/gozCmfKnMrSCwhLQIt6S7XL8gwujGqMpgzgDRgNTk2BjbPN5U4WDkZOdk6nTtkPDI9Bj3ePrY/j0BoQURCJkMQRABE80XnRtZHu0iWSWVKJUrgS5hMT00HTcNOg09JUBhQ6lG+UpNTaFQ7VQ1V3latV3xYSlkVWd9aqFtvXDVc+V29XoBfQ2AIYNFhnGJrYzxkDGTaZadmcWc4Z/xov2mAakBrAGvAbIFtQ24EbsVvhXBBcPhxq3JZcwFzqXRPdPR1mHY8dt53gHgdeL15YHoWetp7q3yDfVh+KH72f8OAk4FngkSDKoQYhQuGAIb0h+OIzYmvioyLYYw0jQeN2o6wj4qQa5FHkhKSxpNbk+yUepVBlkKXiJkImoqb5J0ZnjKfOaA5oTWiL6MopCGlGaYRpwqoCakPqiGrPaxgrYeura/TsPyyKLNatJK10bcUuFm5nLrXvAW9Kb5Hv2LAf8Gewr7D38T/xiHHQ8hnyYzKscvWzP3OKc9b0JfR3tMy1I3V7tdT2LnaIduV3S/fDuF35Ivoee1O8vb5Uf//AABuZGluAAAAAAAABjYAAJOVAABWjQAAVukAAJG3AAAmuwAAFwoAAFANAABUOQACh64AAkeuAAFrhQADAQAAAgAAAAEABAAIAA8AFgAfACkANABAAEwAWgBpAHgAiQCaAKwAvgDSAOYA/AESASkBQAFZAXMBjQGpAcUB4wIBAiECQgJkAocCrALSAvoDIwNNA3oDqAPXBAgEOgRtBKME2QUSBUsFhgXDBgEGQAaABsIHBQdKB5AH2AghCGwIuQkHCVcJqAn6Ck0KoQr3C04LqAwEDGIMww0lDYkN7g5UDrwPJQ+REAAQcRDkEVkRzxJGEr0TOBO2FDoUwxVSFeMWdRcGF5YYJhi4GU4Z6BqIGzEb4xyfHWIeKx74H8YglSFkIjQjBiPbJLMljyZsJ0soKykNKfAq1Su7LJ4tfi5cLzkwFDDwMc0yqjOJNGg1SjYuNxU3/zjtOd460jvKPMU9xD7HP85A2kHoQvZEAEUGRghHCEgISQlKDEsUTCFNNE5OT25QlFG8UuVUDVU0VllXfVigWcRa51wLXTBeVl98YKRhzmL4ZCRlU2aFZ7xo+mpDa5ls+W5jb9JxRnK8dDR1r3cteLF6PHvQfW9/HIDWgpSETIX2h5SJLIrFjGWOFY/fkc2T3ZX/mCCaOZxMnl+geaKgpNqnLamgrDCu4LGhtF63C7muvF2/K8IfxUbIoswMzyjR9tSR1yjZ0dye35fi0uZg6fntEu+s8gD0MPY59//5ivq4+9T8u/2j/nD/N///AAAAAQAFAAoAEgAbACYAMgA/AE0AXABtAH4AkQCkALkAzwDlAP0BFgEvAUoBZgGDAaIBwQHiAgQCJwJMAnICmgLDAu8DHANLA3wDrwPkBBoEUgSLBMUFAQU9BXsFuwX8Bj8GgwbJBxAHWQelB/IIQQiTCOYJOwmTCewKRgqhCvwLWAu0DBIMcgzUDTkNoA4LDngO5w9ZD84QRhDAET4RvxJDEsoTUxPdFGoU+hWPFioWyxdxGBYYthlRGeYaeRsNG6QcQBzkHZEeSh8OH90gsyGOImkjQiQYJOslvSaQJ2YoQiklKhIrCCwFLQguDi8SMBExCDH5Mugz1zTKNcE2wTfKONs58jsOPDA9UT5pP3RAckFoQlhDR0Q5RTRGOEdHSF9JfkqhS8dM8E4bT0VQa1GGUpRTl1SVVZRWoFe/WPFaNVuAXM1eHl90YM9iI2NmZJVltWbOZ+Ro+2oWazNsVG12bppvwHDqchdzRnR2dad22ngQeU16j3vYfSZ+fX/jgWeDEITKhnSIBomHiwSMiI4bj8ORgpNYlUOXO5k7mzudOZ8poQSixqR2phunvaliqxWs3a7FsM+y9bUxt3y5y7wPvkTAcsKmxOnHQsmyzDHOnNDd0vTU8dbn2OPa6Nz03wHhCuMU5STnSOmW7DfvivOm92z5zvuE/MP99P75//8AAAACAAgAEQAeAC0APgBRAGYAfQCWALAAzADqAQkBKwFNAXIBmAHAAeoCFgJEAnQCpgLaAxEDSQOEA8AD/QQ7BHoEugT8BUEFigXXBikGgQbdBz4HoggICG8I1Ak5CZ0KAgpqCtULRAu7DDkMwQ1QDeYOgg8hD8AQXBD2EZASLRLNE24UDRSoFUIV3BZ5Fx4XzhiOGWIaQhsqHBQc+x3dHrgfkiBtIUwiMCMYJAYk+SXxJu8n8yj9Kg4rJCxALWAugC+dMLgx0zLzNBo1STaCN8M5DDpcO7A9Bz5gP75BIkKTRBZFrkdaSRFK0UyaTm9QVVIyU9pVWlbMWEhZ01tmXPheg2ABYXBi1WQ3ZZxnCWiBagpro21NbwBwt3JvdB51w3d1eWR77n6kgHmB1oL8hAKFCIYQhzOIc4nUi1WM6Y6IkC6R2ZOIlTuW8Zipml6cCp2nnzegvaI/o8ClRKbKqFCp1KtUrNCuRq+5sSiyl7QItX22/LiJuia70L2CvzbA6cKcxE/GBMe7yXPLK8zkzp7QWNIU09LVj9dK2P/arNxP3ejfdeD94oLkA+WC5wLog+oE63/s7u5G73nwnfGN8nXzRPP39Kr1TvXb9mj29vd29+n4XPjP+UP5q/oN+nD60vs1+5j78fxJ/KL8+/1U/a3+A/5Y/qz/Af9V/6r//wAAc2YzMgAAAAAAAQxCAAAF3v//8yYAAAeSAAD9kf//+6L///2jAAAD3AAAwGxtbW9kAAAAAAAABhAAAJzfAAAAAMoq1YAAAAAAAAAAAAAAAAAAAAAA/8AAEQgA6AH/AwERAAIRAQMRAf/EAB8AAAEFAQEBAQEBAAAAAAAAAAABAgMEBQYHCAkKC//EALUQAAIBAwMCBAMFBQQEAAABfQECAwAEEQUSITFBBhNRYQcicRQygZGhCCNCscEVUtHwJDNicoIJChYXGBkaJSYnKCkqNDU2Nzg5OkNERUZHSElKU1RVVldYWVpjZGVmZ2hpanN0dXZ3eHl6g4SFhoeIiYqSk5SVlpeYmZqio6Slpqeoqaqys7S1tre4ubrCw8TFxsfIycrS09TV1tfY2drh4uPk5ebn6Onq8fLz9PX29/j5+v/EAB8BAAMBAQEBAQEBAQEAAAAAAAABAgMEBQYHCAkKC//EALURAAIBAgQEAwQHBQQEAAECdwABAgMRBAUhMQYSQVEHYXETIjKBCBRCkaGxwQkjM1LwFWJy0QoWJDThJfEXGBkaJicoKSo1Njc4OTpDREVGR0hJSlNUVVZXWFlaY2RlZmdoaWpzdHV2d3h5eoKDhIWGh4iJipKTlJWWl5iZmqKjpKWmp6ipqrKztLW2t7i5usLDxMXGx8jJytLT1NXW19jZ2uLj5OXm5+jp6vLz9PX29/j5+v/bAEMAAQEBAQEBAQEBAQEBAQEBAQEBAQEBAQEBAQEBAQEBAQEBAQEBAQEBAQEBAQEBAQEBAQEBAQEBAQEBAQEBAQEBAf/bAEMBAQEBAQEBAQEBAQEBAQEBAQEBAQEBAQEBAQEBAQEBAQEBAQEBAQEBAQEBAQEBAQEBAQEBAQEBAQEBAQEBAQEBAf/dAAQAQP/aAAwDAQACEQMRAD8A/v4oAKACgAoAKACgAoA8N+N7/E5P+FS/8Kz/ALS+b4x+GV8e/wBnRWcv/FvDofik619u+1o/l2H9pjQ/Okttt0JPIEbBGkVgD3KgAoAKACgAoAKACgAoAKACgAoAKACgAoAKACgAoA+X/H/wu8eeIP2tf2a/i5o9zbx/Dv4afCn9pvwn44tH1WW3ubnxD8T9S+AFz4Flg0dVMWpx20Hw+8YCe7lZX0s3ESxhv7RfaAfUFABQAUAFABQAUAFABQAUAFABQAUAFABQAUAFABQB4d4T8CeMtI+O3xb8e6nqUc/gvxf4d+H+m+F9NXUrqeWxv/D1nqEOuSyaZJGtpYC6luIGSW3kd7vYWmCFF3AHuNABQAUAFABQAUAFABQAUAFABQAUAFABQAUAFABQAUAFABQB/9D+/igAoAKACgAoAKACgDw343/E/W/hl/wqX+xNO0/UP+E++Mfhn4d6r/aCXT/YtH1rQ/FOp3N9ZfZZ4Nl9FPodrHE9wJ7YRzTB4Gco6gHuVABQAUAFABQAUAFABQAUAFABQAUAFABQAUAFABQB8yePdf8AjLZ/tX/s4eHPC8Guv8Ddc+Fn7S2ofF24tPDdrfeH4PG2g6l8BE+D0et+KZNLuLvw9fz2esfFA6Hpltq+mReI0h1eS5tdTOh27WAB9N0AFABQAUAFABQAUAFABQAUAFABQAUAFABQAUAFAHhvhPVPidcfHf4t6Vr0OpL8LtP8O/D6bwDNPpFrbaZJq93Z6i3ixbHWI7OK71OZLhLT7VBcXt0lkxRIY4A7BwD3KgAoAKACgAoAKACgAoAKACgAoAKACgAoAKACgAoAKACgAoA//9H+/igAoAKACgAoAKACgDy/4nfFLSvhf/wgH9q6dqGo/wDCwfiLovw407+zzbD7DqWt6XrmqQX979pmhzYwxaFcRy+R5tx5k0JSF1DlQD1CgAoAKACgAoAKACgAoAKACgAoAKACgAoAKACgAoA+bPHXxr13wr+1N+zv8B7TSNMufD3xj+GH7R/jnW9auDdf2tpWofBjUfgVZ6HZaaI5Vsza6snxV1d9TNzDLMG02w+yvEDcCUA+k6ACgAoAKACgAoAKACgAoAKACgAoAKACgAoAKACgDxTwt8UtQ8QfHD4rfCqbSbW3074e+HvAWs2WrRzTPd6lL4vtNQubmG4hZRDElm1mqQtEzNIHJkC4XcAe10AFABQAUAFABQAUAFABQAUAFABQAUAFABQAUAFABQAUAFAH/9L+/igAoAKACgAoAKACgDzH4mXfwytf+EC/4WWunN9o+Iei23gL+0La8udvxDfTNcfRWsvskU32e/GmR655Nxc+XapGZkklV3jDAHp1ABQAUAFABQAUAFABQAUAFABQAUAFABQAUAFABQB4l4r+K/gbw78e/g18HdW8P6hefEH4oeBPjV4v8FeJIdM0i403QtA+Fd78KLXxxpt/q1zfQ61ptzr8/wARfCMlha6Vp17Z6kui3ratcWL2GmrdgHttABQAUAFABQAUAFABQAUAFABQAUAFABQAUAFABQB5joPxG8L638UvH/w2sNMv4PFPgfR/Ceq+INTms7GLT7+z8UW93PpMNnexXcl/dS2kdrMtzHd2dtFAXUW7zBnZQD06gAoAKACgAoAKACgAoAKACgAoAKACgAoAKACgAoAKACgAoA//0/7+KACgAoAKACgAoAKAPMfiZ8OvC3xE/wCEC/4SjUtQ07/hCPiHo3jzw/8AYL6wsvt3iTSNM1zTrGwvPt1nefarGW11m/lltLP7LeySQRSRXUccUqSgHp1ABQAUAFABQAUAFABQAUAFABQAUAFABQAUAFABQB4f4st/gm/x/wDgvc+KjY/8L6g8B/G2P4NiW71yO/PgWe9+Ex+NBsrO0mXQLqAXkPwp+2za1BNf2rG0GiSQpcasJQD3CgAoAKACgAoA/Bj9iH/gs/4Y/az/AOCoH7aP7CMmm6bo/hr4R2un6r+zt4o+z3dtd/FPSPB7w+Ffi5qcF9cTCx1nSrbxcbfU/C9/pcCJeaHqvlnzm06a4lAP3noAKACgAoAKACgAoAKACgAoAKAPMdBg+GKfFHx9caCdNPxRm0fwmvj8QXV5JqS6PHb3g8J/brWWd7K3iNubv7K9rBE8q7jOzkIaAPTqACgAoAKACgAoAKACgAoAKACgAoAKACgAoAKACgAoAKACgD//1P7+KACgAoAKACgAoAKAPFPjR8K774pf8Kr+w6raaX/wr34ueHPiRd/aoZpv7Rs9D0XxPpUum23lf6q5nk16KWOaXMSpbyK3LIVAPa6ACgAoAKACgAoAKACgAoAKACgAoAKACgAoAKACgDxLxX8FNG8VfHz4NfHm61u/tNc+DngT41eBdI0CGK2bTtZsfjPefCi81i+vppP9KiuNFf4VaWliltmKVdWvPtPKQFQD22gAoAKACgD88P8AgqR+1JD+yh+x3498W6f4v0DwP8QviVqXh/4DfCHxJ4m1iy0DRtD+JXxevv8AhFtJ8VX+r6jdWVjp9j4A0q41r4iahc3l1BbpYeE7kSSruVXAP5O/+Cr3iD9kf9gnxH/wSv8A2/P2Hv2ifgJ8Q/Gn7E2p+EvgJ8a/Bnwu+MHw78YeNPiD8GNVtrl9W1W90Pwz4gub7Wrporzxza6prl/aXnl6nrPha4nbdZwlQD+5r4ZfETwt8XPh34H+KPgjVLTW/CHxB8LaH4v8N6tYzLcWd/o+v6db6lY3NvOuFljkguFw6jDYyMUAdzQAUAFABQAUAFABQAUAFABQB5hoHwv0fQPil4/+KdtqN/PrPxA0fwlo+p6bMbb+z7GDwjb3dvYy2YSJbnzbpbx2ufPmkTKL5SqN1AHp9ABQAUAFABQAUAFABQAUAFABQAUAFABQAUAFABQAUAFABQB//9X+/igAoAKACgAoAKACgDw3436P8TdX/wCFS/8ACtJtQh/sz4x+GdU8ef2frFno/mfD230PxTDrMV79rvbL+07FtTuNEaXSrb7VdXEiwzR2kiW0jxAHuVABQAUAFABQAUAFABQAUAFABQAUAFABQAUAFABQB8zePPgr4l8VftW/s4/Hew1PRIPCvwd+Fn7SvgbxFpV3Pfpr+o6p8ZtS+At54butGt4dPn06aw02P4Va6utyX2pWFxC9/pIsLfUFlvWsgD6ZoAKACgAoA/AT4h/EG5/a2/4K3fC34afFL9lv9pyb9k79mL4Z+Mr7wP44+If7H/x3HwL+KH7Tvju4sdG1DVrnxR4g+GL+EP8AhH/AHgW0u9H8N+IfEktn4cv9V17xDeaNq1xbyWVxdAH2B/wUE/Ym/ZP+Jn7F37SPw71j9nLwmw8Z/CrxXomjTfCP9np/GXxCsfFj6bNd+DtS8OaB8LPA2u+Nry707xTaaReldI06XckDQ3TxW0srqAfmB/wbLfF39qnwp+yPbfsVftifsy/tY/Bjxl8AdW1jSfhD40+M/wCzj8a/AXhDxt8HJbk3fh6xi8beK/BWleFtM1fwm1xLoFn4bv8AUbK/l0Kz0y4s4r2T7aLQA/p6oAKACgAoAKACgAoAKACgAoA8O8KfC/WtA+Ovxa+Kd1qWnT6J8QPDvw/0fStNhe7OpWNx4Ss9Qt7+W9SS2S0SK6e7ja2Nvczuyo3nJEQooA9xoAKACgAoAKACgAoAKACgAoAKACgAoAKAAkAZJwB1J4FABQAUAICCMggg9xyP0oAWgAoA/9b+/igAoAKACgAoAKACgDw343+OfGfgf/hUv/CG6dDqP/CW/GPwz4O8Uebpt3qX2Lwnqeh+Kb7Ub6P7LLF9hlivdL0yNb+4320ImaJ42eZGUA9yoAKACgAoAKACgAoAKACgAoAKACgAoAKACgAoA8f+O/x/+C37MPww8SfGb9oD4l+EvhN8L/CVus+veMvGerW+k6TaGVtltaQvK3nX+p30uINN0nT4LvU9SuWS2sLSe4dI2AP5Qvin/wAHb3/BOa1/a5+C994K8S/tLa9+z/4O8G/HPw18UtV0D4YQ2XhXxZ4r8W6l8Im+Fnie00DxB4o0TxVqdh4TtPDHxGE1zeeHbDUbFPEkA0/TdQ+33X2IA/ph/Y2/bx/ZP/b++GMfxb/ZP+Mnhn4r+FI5IrXWYNOa603xR4T1KWJZhpHjHwfrNvp/iXwtqnlsJEtNa0y1a4hKXNo89tIk0oB9eUAFABQAUAFABQAUAFABQAUAFABQAUAFABQAUAeG+E4vicvx2+Lc2vNqJ+F0nh34fL4BWeSzOmjWEs9R/wCEsNjFETepKbg2n2o3QWNm2+RkBqAPcqACgAoAKACgAoAKACgAoAKAPzy/4Kbft3R/8E9P2aLj44xfDfxN8Tta1Pxz4H+Hfh3RtE0q/vdI0/V/HHiPT9Ch1vxbfWI8yy0jToruWa3sbZjqniDVBZaLpyRfarjULAA+0Phh46i+JXgXw740h0PxP4dXXLCK5bSPGHhfW/B2vWsuNsv2nw/4htrXVrKGSRWks2uoV+0WrRTxs8ciOwB4dr37eH7EPhXWtV8N+Jv2wv2YPDviLQr+50vWtC1v48/C/StY0jU7KVoLzT9T02+8TwXljfWsyPDc2t1DFPDKjJJGjhlUA9E+FH7SX7PHx4utZsfgj8dvg98YL3w7BZ3Ov2nww+JPg7x5c6Jbai9xFYXGrweF9Y1OTTob2S0uo7SW8SJLl7a4WEsYX2gH5fftK/F7xf8AHL/grL+zx/wT0sPF/ibwr8FvC/7M3jb9rb46WngbxVrvg7WviPq8XjK0+H/w9+GniDxF4XvNK8S2XhKyEt74v1PStK1nTrfxJJJY2OuC+0uB7KUAn/ZL+OXjP4V/8FPv2v8A/gnZ4h8WeK/Gnwu0f4Z/DP8AaX/Z1uPHHiXWfGnivwZ4f8a2x074kfDy48W+J72/8Sav4X0PxfGt94Lj1bUtZvNH0rVG0T7cthp1hAgBe/4Ka/Hn4gJ+0l/wTm/YR+HPjPXvh/B+2T8YfHt78YvF/gvXL7w344sPg38E/BR8aar4W0HxDpLwa14aX4j6xLZ+H9Q8QeH77TNfstMs7630vVLGS8eZQDm0+K/iL9j3/grh8HP2SNH8UeMta/Zx/bE/Z08U+MvC/g3xr4z8T+Ppfhr8cfhNrLWmpv4K1nxrq2s65pPhHxl4INteav4aTWLrTbTxHpsup6Xp1l/at+XAOc0Pxn8YNC/4OB7v4Pap8dfix4y+EWqf8E9dS+KWmfC/xJrWj2/gPwt4qvfi7aeH5bvQ/DPhbQfDWlTTrp2lwxQ6v4gt9b8SKk1xC+tvbuIaAP3doA//1/7pPE3x0+CngrxRZeCPGPxd+GfhTxnqL2EWn+E/EfjnwzoviS+k1SVIdMS00TUtTttSuH1CaSOKyWG2c3UjokIdmUMAX/H3xf8AhP8ACmLS5/if8TfAHw6h1xrlNGl8ceL/AA/4Vj1Z7JYHu1019c1CwW+a1W5t2uBbeaYVnhMm0SpuALeufFD4a+GfCFt8QfEfxA8F6B4DvYrKez8aaz4n0XTPCt1DqSb9Plt/EF5ewaVNHfJ89m8d2yXK8wlxzQAaB8UPht4r8IXXxB8MfEDwX4i8B2MGpXV5400PxRomq+FbS20YTHV7i58QWN7PpUEOli3nOoSy3apZiGU3DRhH2gFPwB8YfhN8Vl1Fvhf8TvAHxGXRzAurN4G8X+H/ABWNMa5Dm2F+dD1G/FmbgRyGEXAj80I5TdsbaAUPDXx1+CfjPxTd+BvCHxe+GfinxpYLeNfeEfD3jrwzrPiWzXTpUg1BrrQ9O1O51KAWM0kcV2ZbZBbyukcpR2UUAGr/AB1+CmgeNIfhvrvxe+GWjfEO4nsLWDwLqvjnwxYeL57nVYop9Mt4vDd1qkWsST6jDPDLYxLaF7qKWKSBXR0NAHnX7RP7Vnwo/Zpn+GVr8RfFvgvQbn4k+PtK8G2lv4n8b+H/AAlPY6fqGn65e3PigRazPG97pemzaOlldGMRRLPfQh7uJgqOAeweLvih8NvAHhy08YeOviB4L8GeE9QntLWx8T+KfE+i6BoF7c38EtzY29rq+q31rp9xPeW1vPPaxRXDvPDDLLErJGzKAFl8UPhrqXgmT4lad8QPBd98Oorae9l8eWfifRbnwdHZ2sxt7m7k8Sw30mjpb286tDPM14I4pVMcjI4IoAj8BfFX4YfFSyvtS+GPxF8D/ETT9MulstSvvBHirQ/FNnYXjRJOtre3OiX19DbXJgkjmEMzpIYnSQKEYFgDJ8FfHX4KfEnWbzw58PPi78M/HXiDToJbq/0Pwf458M+JNXsba3mW3nuLvTtH1O8vLeGG4dIJZZYVSOVljch2AoAST46/BOLxwvwyl+L3wyj+I73Z09fAL+OvDK+MmvhC1ybMeGW1NdZN0LdHnNuLMy+SjSbdik0AP8cfHH4L/DLV9P0D4j/Fv4a+Add1a1jvtL0bxn448NeGdU1KyluZbKK7sbDWtTsrq6tpLyCe1SeCJ4nuIpYQ5kjZVANXxx8VPhj8MtLsNb+I/wARPBHgHRtUmFvpmq+MvFWh+GdN1C4MQnENle6zfWdtdSmEiURwSu/lt5mCpBYAfN8UPhtb+Bv+Fnz/ABA8Fw/Db7Fban/wn8vifRY/Bf8AZ15PFa2l/wD8JO96NF+x3NzcW9vb3P2zyZpp4oo3d5UDADfB3xS+GfxD0G+8U+AfiF4J8beGdMluIdS8Q+E/FOieIdE0+a0gW6u4r3VdJvryxtZLa2dbidJ5kaGFhLIFRg1AGb4E+Nnwc+KN9qWmfDT4r/Dj4g6jo8Uc2rWHgrxr4b8UXmmQzSSRRS6hbaLqN7NaRySwyxxvcJErvG6qSUdaAILD46/BPVPG8/wz034vfDLUPiNa3t7ptz4CsvHPhm68ZW+o6aJG1Gwm8Mw6m+sxXlgsMzXls9mJrYRSmZECPtAHeKvjn8FfA3iWy8GeNfi78NPCPi/UjZDTvC3iXxz4Z0PxDfHUphb6eLPRtS1O11G5N9Oyw2fk27/aZWEcO9yFoAv+Pvi98KfhVb6Xd/E74l+Avh3a649zFotx448XaB4Vg1aSzSCS7j02XXL+xjvntY7m2e4W2MhhSeFpNiyx7wC1rHxQ+G3h7wdb/ETXviB4L0XwBdwWV1aeN9V8UaJp/hK6tdSCtp1xb+Irq+i0iaC+VlNnLHeMlyGUws+RQAeHPih8NfF/hO78e+E/iB4L8TeB9Ph1G4v/ABjoHifRdY8L2Vvo6Sy6tPda7p97PpdvFpkcE0moSS3apaJFI1wYhG5oAo+APjH8JPisdTX4X/E/4ffEY6N9n/tceBvGPh7xWdL+1+aLX+0BoeoX32P7SYJvI+0eX53lS+XnY1AH8M3/AAVYv9W/4LTf8F7/AII/8Er4viVNp/7JX7PemW3if4lxeDvEEZg8Satb+HLTxX8Qr63a2nu7K68WwTajpfwzspbiDf4cgi1PU7SAXJvEvQD999X/AGXP+CU37O/x7/Zw/wCCfmifso/sDWnw2+Jvwn+Ot1490Px98PPht4k+Ko8UeDJ/gXafCyzvPE3ime78T3OteOLP4jeLr2K68Spq3iXXJtH0678L6lp39l3f2gA/nE/aG+DXhn/g3X/4Lv8A7K/jz9mHXbjwR+x7+2tNonhj4gfCvU/El7c+HvCmjeKvFv8Awh2v6Zez6pd+ZJ4d8FeIbvTfG/hbWtYmvL3QNIl1PRTqM8bajcXQB/fV4o+KPw18D+GLPxt40+IHgvwj4O1GSyisPFXibxPouheHb2XUYJbqwitdZ1S9tdPnlvbeGae1jjuGe4iikeJSqOygC6d8UPhrrHgqX4k6T8QPBep/DuG2u7ybx3p/ijRbzwfFaWErwX11J4kt72TR0t7OeOSG6ma78uCVHjlZWUigCHwD8WPhd8VbW+vvhj8RvA3xEstLuEtNSu/A/ivQvFVtp91JGsyW17Pod9fRWs7xOsqRTMjtGwcLtwaAMrwb8dfgp8RdevPC/gD4vfDLxv4l0+Ce6v8Aw94S8deGPEWt2VtazR211cXel6Rqd3fW8NtcSxQTyywIkM0iRSMrsoYALj46/BO08bp8M7r4vfDK2+I0l0lingKfx14Yi8ZPevCbhLNfDUmpprLXT24My24szK0QMgVk5UAk8dfHD4MfC/UrDRviV8Wvht8PtX1W1W+0zS/Gvjfw14X1HUbNriW1W7sbPWtSsri6tjdQy24ngieLz4pItzOrKoBq+N/in8M/hppNjr/xF+IXgnwHoepzpbadrPjHxTonhrS7+4ki8+OCzv8AWb2ztbmZ4AZkjhmZ2iHmAFOaAHN8UPhsvgb/AIWc3xA8Fr8NxZxaifH7eJ9FXwYNPnnitoL7/hJzff2L9kmuZobeO5+2iF5pY4lcu6LQA3wX8U/hl8SNEv8AxL8PfiH4I8deHdKnntdT13wh4p0TxHo+nXNtbx3dxb32paPfXlnaTwWssdzNFPMjxwSJM6hGVqAMvwN8bvg18T9Q1DSfht8WPhv8QNV0iJZ9V03wX428N+J7/TYXkeFZr+00XU72e0iaWOSISTxopkRkB3KwoAitPjr8E77xxJ8MbL4vfDK8+JEV7d6bL4BtfHXhifxnHqNhHLLfWEnhmLU31lLyzit5pbq1azWa3jikeVFVHoAd4t+OXwV8A+IrHwj45+Lnw08G+K9TW0bTvDXinxz4Z0DXr9b+b7NYtZ6Rqmp2t/creXH7i1MNu4nm/dxFnwtAGj48+Lfwr+Flppl98TfiT4D+HllrUk8Wj3fjfxboPha21WW2SGS4j06fXL+yjvZII7iCSZLZ5GiSaJn2h03AFjVPih8NdE8F2/xI1n4geC9J+Hl3a2N/a+OtR8UaLZeELmy1PZ/Z15B4kub2LR5ra/8AMj+xzx3jRXO9PJZ9wFACeGfij8NfGnha88ceD/iD4K8VeC9Ojv5b/wAW+HfFGiaz4asotKjebU5LvXNOvbjTLdNOijllvnluVW0jR3nKKpKgFHwD8ZPhF8VpNUi+GHxR+HvxFl0QWzazH4H8ZeHvFb6St40y2jaiuh6hfNZLdNb3C27XIiExglEefLcUAeGfDv8Aav8AAvj39pn4t/APTviB8LNUn8CaJ4RvND0vQ/FOl3vjG+1TULe+bxZZX1jDrdw07aBc20ENxBa6Zbz6a0pj1As7IaAPZ9e+OvwT8K+MLX4e+Jvi98MvD3j29n021s/BWt+OvDGleK7u51jyv7Jt7fw/fanBq002pm4gGnxR2jPeedELdX3oWALnj/4y/CL4UtpyfFD4o/D34dPrCztpKeOfGXh7wo2prbFBctYLrmoWJvBAZIxMYPMERdA+N4oAv+Jvih8NvBfhe18b+MPiB4L8K+DL5rNLLxb4j8T6Lovhu7fUIpJ7BLbW9RvbfTZ2vYIpZrRYrljcRRvJDuVWNABpXxQ+G2veC5fiRonxA8F6x8PILe+u5/HWl+KNFv8AwhDa6ZLLBqVzL4ktbybR44LCaGaK9la7CWskUkczIyPtAK/gH4tfCz4rW9/dfDD4k+BPiLa6VNHb6nc+B/Fmg+KoNOnlTzIoL6XQ7++jtZZIyJI452R3T5lBUZoAzPCHx1+CfxA8RXnhDwJ8Xvhl408V6fBdXV/4a8K+OvDHiDX7K2sZ4ra9uLrSNK1O7v7eG0uJ4YLmWWBEgmljilZXdAwAXnx1+CeneNk+Gl/8XvhnZfEWW6hso/Ad3458M2/jGS8uYRcW9onhqXU01l7meAiaGBbMySxESIrIQVAJPHnxv+DPwsvrHTPib8Wfht8PNS1O2N7pth438b+GvC17qFmJntzdWVtrepWU1zbCeKSEzwpJGJUeMtvUqoB6bFLFPFFPBJHNBNGksM0TrJFLFIoeOSORSVeN0YMjqSrKQQSCDQBJQB+In/BwtpmpXH/BM/x54itLC8vtM+Hvxg/Z7+IfiySxt5bubS/CHhj4u+F7jXtZe3gV55LbTLeZbi6MSOYrdZJ3CwxSuoB+r3wI+Knw8+M/wn8E/EL4V+LdH8deBtc0HTm0TxZ4euRf6BrUMFrDBJdaPqkQNnqtl5sbpHfafNcWcxUmGeRRuYA/Gn4rfs8ftZav8S/HeqaD/wAEbf8AgkV8RtE1DxVrV3pXj34g/FDSLHxx4wsJ7+aS28ReLbOT9jXxI9t4g1WIrd6pC+v6w0d3LKp1C6/1rAH2H+wP8LfjZ8PNc+I9x8Wf2Cv2HP2N7XU9M8ORaLq37IvjGx8Uar45ntrnWHvdP8axWnwE+DRs7HQ0mt59Fd7vXRNPqepAW9j5ZkugD5O/aA8In9m7/gtz+z7+2Z4zWPw/8A/jx+yL4w/ZW8TfEa/YWnhjwl8bdE8dWPjXwPZeM9dm2aZ4cs/GPhRLvSvDNzrN1Ywarrmlz6XZTz3rx29AHBfCLxH4K1X/AIKff8FEv+Cn+t6gP+GTv2eP2aPAvwJ8P/GTSrPUvEOieL73wJpt546+O134Jh0Swv7zxXpHgzUY7Hw9PqHhyHVbbUtesNR0/TXuLizmjUAk/bo1nwt48+P/APwRy/4KwfDGa+8TfsyeA/FnjTT/AImeP00PXNLbw58IP2k/hxHpvw3+IviTS9X02x1nwv4Q0vxXJbxeKdT8R6dptv4dj1uyl1p9OQu1AHXeJtG0z9sP/gtv+zv8U/hZeaZ49+Df7Dn7Mvj6Xxx8TvDl/Dq/g+w+Nnxl1lbPw58PNN1uy+0aVqviS08BQXHiHXrXTr64k0Sz1bSYtTS3nvYFYA8qf42fCCf/AIOXINKi+Jngdr+z/wCCbsnw/uLf/hJdJBj8dP8AGiLVl8HeY10sTeJ203ULS8GhJK+pGGYMLY7XVAD+kGgD/9D+9u98LeGdTvo9U1Hw7oWoalCYmh1C90jT7u+iMDBoDHdz28lxGYWVWiKSKY2UFMEAqAS6t4d8P68sC65oej60tqXNsuraZZaituZAokMAvIJxEZAiBzGF3BVBztFAEl1oei32nppF7o+l3elRrGsemXWn2lxp8awjEKpZSwvbKsQ4jCxAIOFxgCgAtND0Ww099IsdH0uy0mVZkl0y00+0ttPkS53C4R7KGJLZ1nDsJlaIiXcwcNlqAI9J8O+H9BEw0LQtH0UXBU3A0nTLLThOUzsMws4IRKUydu/dtycdTtAIrLwt4Z02+k1TTvDmhWGpyiQS6jZaRp9rfSCZg0oku4LaK4cSsA0gaRt7AFskZoAS48LeGLvUl1m78OaDdawjxSJq1xpGnzaksluqrA630ls90rwqirEyygxqqhMBQKAPOfi7J8HLVvAD/Fvwv4Z8RPrPj7SPDPgV/EPhCx8VtZeNb/TtavNLlsWu9N1A6NcCwsdYCaqhthbq8kJnU3IRwD1DUND0XVrOPTtV0fS9TsIXjkisdQ0+0vbOJ4kZInjtrmKWBHjR2SNlQFEdlUgFgwARaHosGmHRYdH0uLRmR4m0mLT7SPTDG7b3jNgsItSjuSzp5JVm5IyaAG6VoOh6DFLDoei6To0M7+bNFpWnWenRTSbQnmSx2cMKyPtULvcM21QM4ACgEGm+FvDOi3Mt5o/hzQtJvJlZJrrTdI0+xuZUdt7JLPa20Usis4DsruQWG45NACHwt4YbVBrbeHNBbWRJ5o1c6Rp51QS7Snmi/wDsxuxJsJTf527aSuQCRQA7VPDHhrW7iG71rw9oer3VugigudU0nT7+4giV2kWOGa7t5pI0WR2kCIyqHZmADMSwBPqeg6HrcEVrrOjaVq9tA2+C31PTrO/ghfbt3RQ3cM0cbbQFyiqdvGccMAK2h6K+l/2G+kaW2i+UkH9kNp9odL8mNleOH+zzCbTyo3RXSPydisqsoBUGgBNO0LRNHtZbHSdH0rS7Kdnaaz07TrOxtZmkUJI0tvaxRRSNIg2OXQllAUkgYUAh0rwz4b0OWafRPD+iaPNcqFuJtK0mw0+WdVJZVmktLeBpVVmLASFgCxIwSaAGxeFvDMGptrcPhzQodZeWWZ9Xi0jT49Teabd50rX6263bSyhmEshmLSbm3FsmgAv/AAv4Z1S9i1LU/DuhajqMPl+Tf3+kafeXsPktuhMV1cW8k8flMA0eyRdjDKYIyoBLq3h7QNeSCPXND0fWUtS7WyatpllqKW7SBBIYFvIJ1iMgjQOYwu4IgOdooAkuND0W705NHu9H0u60iNI449LuNPtJtOjjhGIUSxlie1VIgAI1WICMfdA6UAFnoei6dYSaVp+j6XY6XKsyS6bZ6faWthIlwGFwklnDEls6zh2EytERKGYSBsmgCLSfDnh7QfOOhaFo2i/adn2j+ydLsdO+0eXny/O+xwQebs3Ns8wNt3HGMmgD+Fb/AILK6H8Tf+CPX/BbL4Jf8FkPCfw4v/Gf7M3xgsNJ8DfGi18NWS40XU4/Ddp4Q8YaLIyrFbadretaVpml+PvDc+oXFrZ+IdZstS0hbmFLe+ltQD91tJ/4OBv+CPPjTVvhL4tt/wBpD4DR6B4++H/xF8d+IfGPjTWdD8M+N/hZqnw5Pw7TQ/BnivwJr1jF4+HivxinjLVv+EUsrGxknvv+EG18aOmqR27yW4B/OVr/AMXtW/4OSf8AguT+zprvwA8Ea4v7Cv7Bep6B4o1z4k+I9JudMtvEtp4V8VN4yj1jUbDUIcWt58QvF9npeh+HvCV28Op3PgzTbvVtQ0+1uYNRs1AP9Ay90HQ9SsItL1HRtK1DTIDEYNOvtPtLuxhMCGOEx2lxDJAhhRmSMrGCisVXAJoAWHQ9Ft9MOi2+kaXBo7JJG2kw6faRaY0crFpYzYJEtqUkZmaRTFtdiSwJOWAG6ToGhaDHLFoei6To0U7iSaPSdNs9OjmkA2h5Us4IVkcKAoZwzADA4HygEGneFvDOj3Ul9pPh3QtLvZldJrzTtI0+xupUkYO6SXFtbxTSK7qHdWdgzKGIBAoAR/C3hiTUxrcnhzQX1kSCUas+kae2piVV2LIL82zXYkCZUOJdwX5RlSQoA7VPDHhrXJornWvD2h6xcW6eVBPqmk2GoTQxhzII4pbu3meNA7M+xCF3sWwCcuAT6noWia1bxWms6NpWrWsDB4bbU9Os7+3hcLsDxQ3UMscbBflDIgIXgYBNACnQ9FOl/wBiHR9LOi+WsP8AZB0+0Ol+SjB1i/s/yfsnlq6q6x+VsVlDDBClQBNN0LQ9GtpbLSNG0rSrOdmee003TrOxtpndBG7ywWsMMUjPGAjM6sWQBSSAAoBBpfhnw3ocs1xovh7Q9HnuFCTz6XpNhp8s6hiwWaS0t4nlUMSwEjMAxJHJNACR+FvDMWqHW4vDmhR600kkzavHpGnpqjTShlllOoLbC7MkiswkczbnDMGLZO4ANQ8L+GdWvItQ1Tw7oWpX8HliG+1DSNPvLyERNviEVzc28s0flv8APHsddjfMMHBoAm1Xw/oOvRwxa5omkazFbMzW8eq6bZ6jHbs4VXaFLyGVYmdUUMUVSwVQegoAfPoei3Ompo1zpGl3GjxxxRJpU+n2kumpFBjyY0sZImtVjiwPKQRbY8DaBigAstD0TTbGTS9O0fS9P02YSrNp1lp9paWMqzgrOJLSCKO3kEysVlDR/vAxD7gaAItJ8OeHtBM7aHoOjaK1zsFy2k6XY6cbgR7jGJzZwQmXyy7lPML7dzYxuJoA8n8K+KvA+pfGf4jfD/TPBGnaZ4n8A6P4U1vUvFEWmaRC+qJ41t7y6jjguLeFdQEsP2NheNO+JmZSC3O0A9UuvC3hi+1FNXvfDmhXmrRPC8eqXWkafcajG9vt+zul7NbyXKPBsXyWWRTFtXYRhdoBJq3hzw9rxhOu6Do2tG33C3OraXY6iYA+N4h+2QTeVvwN2zbuwM9PmAJb3Q9F1Kxj0vUdH0u/02IxmLTr3T7S6sYzCpSIx2k8UluhiVmWPbH8ikhdoJoALfQ9FtdNbRrXR9LttHdJY30q30+0h01o52LTo1jHClqyTMzNKpiIkZiWySTQAzSfD+g6Ckseh6JpGixzsHnTSdNs9OSZ1GFaVbOGFZGUcBnDEDgHAwoBDp/hbwzpF5JqGleHNC0y/mV45b7T9I0+yvJUkZXkSS5traKd1kdVd1aRgzKrNkgGgBJPC3hibUxrUvhzQZdZV1lGrSaRp76mJEXYkgv2tzdh1T5VcTBlX5QcUAO1Xwx4b12WKfW/D2h6zNAnlwTarpNhqMsMe4v5cUl5bzPGm9i21Cq7mLYycsAbaqqKqooVVAVVUAKqgYCqBgAADAAGAOBjFAC0AMkjjljeKVElilRo5I5FV45I3Uq6OjAq6OpKsrAqykgggkUAOVVRQqqFVQFVVACqBwAAMAADgADHpjFAC0AFAFe7tLW/tp7K+tre9s7qJ4Lq0u4Y7i2uIJF2yQzwTK8U0Uikq8ciMjKcEEGgBsNjZW1mmn29na2+nxwfZo7GG3his47bZ5f2dLaNFgWAR/J5SxiPYdu3HFAE/lRiPyRGnlbPL8rYvl+Xjbs2Y27Nvy7cbccYxxQBU07S9N0e0jsNI06x0uxiLGKy060t7G0jLsXcx29tHFChd2ZmKoCzEs2ScqAXqACgD//R/v4oAKACgAoAKACgAoA8x+JnhPwF4r/4QH/hPL+Gw/4Rz4iaL4m8H+dq8Ok/bPGthpmuWml2MfnEf2lLLYahq0i6XFmadYmmUEW7FQD06gAoAKACgAoAKACgAoAKACgAoAKACgAoAKACgDhfiZ8MPhz8ZvA3iP4ZfFnwP4W+I/w98X6dNpXibwZ4z0Sw8Q+HdasJh80F/pepQXFrKUYLNbzbFntLmOK5tZYbiKOVAD+b/wCIH/Bs3/wQll+P/grwrqnwe8feEvGnxU0r4geOfCfwn8M/Fn4sW/gnXdC+Gl54Nj8eTR3RuNTuPD9npNx8QfCcS6Z/wmWi3FzHq23QIJ4tPvjYAH77/s0fspfs5/sc/DLTvg7+zF8IPBnwa+HWmyvdJ4e8H6cbc3+oSIkc2ra9q13Lda34k1q4SKNbnWdf1LU9UuFSNJrtkRFoA+g6ACgAoAKACgAoAKACgAoAKACgAoAKACgAoAKAPMdB1P4ZT/FHx9pmgx6cvxQsNI8JzePpYdMvINRfSLq3u28Ji+1OS1js7+JbdbsWsNtdXElou9ZkiLqtAHp1ABQAUAFABQAUAFABQAUAFABQAUAFABQAUAFABQAUAFABQB//0v7+KACgAoAKACgAoAKAPH/i78KR8VP+FaZ13+wv+Fd/FPw/8Sh/xLf7S/tc6Ho/iLSv7G/4/wCw+w/av7f8/wC3/wCl+V9l8r7HJ53mRAHsFABQAUAFABQAUAFABQAUAFABQAUAFABQAUAFABQB4h4s+Gnw7174/fBj4q634hurL4m/DnwH8bPC3gDwzHrOk2tpr/hr4k3vwmufiFqVzodzZS6zq8vh+48B+CY7W+0q/s7PRxrdwmqwXr6pprWgB7fQAUAFABQAUAFABQAUAFABQAUAFABQAUAFABQAUAeY6D4C8H6P8UfH3xA03Ubmfxl4x0fwnpvibTZNRs5raxsPDlveQ6JLBp0Vul7ZPdRXM7Sy3VxNHclA0CxBWDAHp1ABQAUAFABQAUAFABQAUAFABQAUAFABQAUAFABQAUAFABQB/9P+/igAoAKACgAoAKACgDw743+EfHni3/hUv/CCahPp/wDwjfxj8M+KPGHk6xNo/wBs8F2Gh+KbTVLGXyZYv7Thlv8AUNJkbSpd8Nw0KTNGTbKaAPcaACgAoAKACgAoAKACgAoAKACgAoAKACgAoAKACgD5y8cfBHVPFf7T/wCz78fLfW7C00n4NfDP9onwJqWgTW9w+o6zd/GrUPgfeaZfWNyn+jQW+ir8KNQS+jnzJO2rWZt+IZioB9G0AFABQAUAFABQAUAFABQAUAFABQAUAFABQAUAFAHjHhf4VXPh741/FP4sSaxBc2vxE0DwJosGjJayRz6Y/g+0v7aWea7MrR3C3xvA8aJDGYQhDM24UAez0AFABQAUAFABQAUAFABQAUAFABQAUAFABQAUAFABQAUAFAH/1P7+KACgAoAKACgAoAKAPDfjf4g+I/h//hUv/CurHUL7+2fjH4Z0Pxx9g0N9b+yeArvQ/FNxq95e7bW6/smxi1Kz0WOXWG8hbaSWGA3CG5COAe5UAQXUMlxbXNvFdT2Us8E0Md7ai2a5tJJY2RLq2W8t7q0ae3ZhLCLq1ubYyIont5ot8bgH8h/xL/aB/wCCjVt/wX20T/gmh4e/4KSfHPw7+zr4v+D6fFi31GD4J/sTan8StDuX8K2+qzaBZ+ItS/Zel0WfTV1aSY2s994au7+LTBFaT3F5dq+pOAe7f8FDP20P2/8A/gi748/Zu+LfxM/aG0b9uL9jP4zfFXSPhD8S9G+KHwk+H3wx+O3wwv8AUxHJb+JPCnjH4KaV4H8EeJo5rM3+ovY6z8PbdT/Y8mlILZtQi1e3AP6cdJ1KDWdK0zV7UMLXVdPs9Stg4AcQX1tFdQhwMgN5cq7gDgHpmgDQoAKACgAoAKACgAoAKACgAoAKACgD5k8e+F/jBqH7V/7OHi3wzd61H8EvDXws/aW0n4s2dr4oi0/Qbrxp4n1L4CS/CKbWPCTapbzeJb60tPD/AMTV0bVotI1JPDCXOqxS3el/8JBGmoAH03QBDcXFvZ2893dzw2trawy3Fzc3EiQwW9vAjSTTzzSFY4oYo1aSSR2VERSzEKCaAP5kfgv/AMFC/wBsX/gsj+1N8cPhh+wH8S7D9kf9hT9mLxX/AMIV8Qf2tbfwJ4Z+JPxq+OPjPyrhZvDfwg0b4h6N4h+Gng3RI4lTVLjV9f8AD2u+ILbSbzQtSS2t7jVpNM00A+l/2y/2Vv8AgqB8Cf2a/iJ49/YT/wCCkvxu+J/xP8E+DPEHiKT4ZftVfDT9mj4i2XjuPTtIubnUofBXizwB8EPhX4n8KeMfJinvvDlpql14q8PXmrR2ulHTrCCfzqAP1E/Yx8c+KviZ+yZ+zl8QfHN9can4z8ZfBzwD4i8Vahdxww3V54g1Tw9Y3OrT3EVukcEU0l7JMZI4Y0iRsqihQAoB9M0AFABQAUAFABQAUAFABQAUAFABQB4b4T0H4k2fx2+LfiDXLvUJPhnrHhz4fW3gWzm1xLvTrbVtOs9RTxS9loQu5H0mWaeW0NzcvZ241BlVxJN5WVAPcqAPjL/goAnxU039kb4/ePfgx8cvHXwF+Ifwq+DvxR+J3hnxT4I8O/CbxR9v1nwN4H1rxNpekeItG+Lnw3+JGj3egXd5pUUF/HpVpo2rGCeU2+rwOqFQD8H/APgiB4z/AOClf/BSP9hfQP2rvit/wVH+MHhzx7rvjz4h+GLXwvon7N37Gdx8PbWx8G+I7/w7Zy6hp0fwI0jxbqVxdvYG8uWsvGeiJsl+zRKjJ9ocA9o8Wf8ABUX9rn/gmR+1P8H/ANm//gqdpnws+JP7PX7RfiOXwz8Ev2/Pg9oWp/C/RtL1/fBCnhX46fCnVdV8Wab4c1OK8vtPhu9d8O+KItGsbHULHU3tryxTV73SwD+j+3uILu3gurWaO4trmGO4t7iF1khngmRZIZopFLLJHLGyvG6sysjBgSCDQBNQAUAFABQAUAFABQAUAFABQAUAFABQAUAFAH//1f7+KACgAoAKACgAoAKAPGvjH8VLn4W/8Kv+zaLFrX/Cwvix4d+G0/m3r2X9lQa5o3iTVX1ePZa3P2qS2bQUgW0byEkF0XNwhiCOAey0AFAH8S/7WWl/G7WP+DsD4e2P7PXjT4ZeAPibJ+ybZNpfiT4u/DrxN8UvBNtZp4PtzfwX3hDwl8SfhPrV3c3EW1LS6g8ZWsdo4MktpeKRGoBy/wDwWS0j9sL9n741fsr/ALT3/BY5PBP7Zf8AwTt+Gfxh0JdD8I/sdC6+AWjfD34sX0k2paP4n+LXwm+IUfxM8X/Faym0/wAPyy6ZoVj8ZtO0cJpd9Y3eo2o1SfTNcAP7VPhd488F/FL4b+BPiP8ADnUbfVvAPjjwnoPijwdqVpGYra88N6zptvfaRPDEwUxxtZTQ7YyBsxt7CgDvKACgAoAKACgAoAKACgAoAKACgAoA+XviB8RPiPon7W37NXwy0OB3+F/j/wCFH7TniX4hXA0Y3SQ+Jvh7qX7P9v8ADqN9d8sjRzPb+NvHJSxMiHWfJZwr/wBlnYAfUNAHyr+3VD4nuP2Jf2wYPBUkkPi6b9l/49xeGpYXkjuI9bk+FnipdNe0kixJHeLdGI2cin5LnymOADQB/Ot/wZx3vh+f/gmV8RLOwDf8JVpn7TvxCt/H7yMrSSa/NpXh+7smkwA4f+wJ9KDeYWYlSwwpUUAf1pkZ4PIPBB70AV7S0tLC2gsrG1t7KztY1htrS0hjt7a3hQYSKCCFUiijQDCxxoqKOAAKALFABQAUAFABQAUAFABQAUAFABQAUAeG+E/GPjnU/jt8W/BmraeYfAfhfw78Pr/wjqJ0q4txe6jrlnqMviGIas5+z6j9mmgt1MEID2e7bKSXUKAe5UAfK37dX/JkX7Y//Zq37Qv/AKqTxfQB+IH/AAaU/wDKHr4c/wDZYPjp/wCrL1+gDgv+Dwe08HT/APBJi2m8RJZnxBb/ALSfwuHgh5BD/aH9sTaF46W+hsS3+kGKXS1uGvI4NyO0Vq0ykxxFQD+gT9iWDxna/sf/ALMlv8RPtn/CdQ/A34aR+K/7RMpvv7cXwppgv/tZnJmM/nbvM8w792c4zQB9Q0AFABQAUAFABQAUAFABQAUAFABQAUAFABQB/9b+/igAoAKACgAoAKACgDzH4meOvBngb/hAf+Ey06TUf+Eu+Imi+DfC/l6Za6l9h8Wanpeu32nX7/anT7CkVlpWpRHULfdcwmdYkUpNIVAPTqAILqWSC2uJ4bWa9lhgmlisrZrZLi7kjjZ0tbd7ye1tEmuGURRNdXNvbK7qZ54Yg8igH8h3xW/Zx/4KZz/8F7vD/wDwUz8If8E2/ip4q/Z88JfCiD4TJosn7RH7EuhfErWUXwrDpN34j07QdQ/aWbRY7b+14mNjY6n4i067uNLZLm7WxvN2noAe1/8ABUf9mn/gqJ/wWY8A+BP2QIf2U9H/AGDv2aJfiRoHj74wfF747fHH4O/Er4maxYeGo7y1s/D/AIM+Hf7PPjL4paRFII9W1HUANb8VRwatfwaZDNqHh23tLh9QAP6MfgH8G/DH7PHwT+FHwJ8FNcv4S+EXgHwv8PfDsl55f2qTSfCukWukWclx5KRxCWSK2V3EaKilsDIGaAPXKACgAoAKACgAoAKACgAoAKACgAoA8B8ZfHH/AIRL9o/4Ffs//wDCM/bx8afh38evHv8Awlf9sfZv+Ec/4Ujf/Bqy/sr+xP7MuP7W/wCEl/4W15v23+1tN/sj+wdn2XUv7T32AB79QBBdWtrfWtzZXttBeWV5BNa3dpdQx3FrdWtxG0VxbXMEqvFPBPE7xTQyo8ckbMjqyswoA/l2+E3/AATy/bn/AOCOH7WHxs+KP/BO/wCFvh79sD9hb9p/xbP45+IP7JP/AAsPwr8IPix8DfFZkJfXPhZrvxF1fT/AvjDT49OkGmQ6dqGtabrGr2Gn6VpV0bGTS49X1IA/VDTP2s/24fjfpyeHfg5/wTy+LP7PfiHUE+x6h8Uv20PGvwL0H4eeB5JAVn1fT/BHwP8AjF8XPiX8TbvTwHlsdATS/AWj61N5EF1430SCSW6iAP0Z8FaR4g0Hwj4b0XxZ4puPHHibS9G0+y1/xhdaZpmi3HiTVoLdEvtYk0jRre00rTTfXAknFlYW8VtbqwijUhQzAHT0AFABQAUAFABQAUAFABQAUAFABQB5D4b+Ky+IfjF8S/hMNDa0b4daH4K1ptdOoCZdW/4TG1vbkWw077FEbI6f9j2GU3119p8zIig24cA9eoA+Mv8AgoAvxc1f9kb4++APgf8AAzxj8e/iN8Vvg98T/hh4a8L+EvFfwk8Gx6dq/jrwTrPhjTda8Q638X/iN8OdGt9BsbrVkub86Veavq/kW8q2+lTO6bgD8Jf+CI3gD/gpv/wTX/Yc0D9lH4r/APBLv4p+KfGuh+PfiD4mtfFvhn9p39iVfAU9h4z8RX3iK2TU7mX9oafxZp89nLftZ3Caf4R1tTHCLmJ3ZzbqAfQ3iv8A4Jv/ALYf/BSf9qn4L/H3/gpwPg98LP2Zf2avEUnjT4L/ALCnwl8Wax8Wj4o8dgwtbeMfj/8AE2/8PeDvD2uTafcWlncWPhzwzoeoaO9tbw6fNNBDLro8QgH9DsMMNvDFb28UcEEEccMEMSLHFDDEoSOKKNcLHHGihERRtVQFGABQBJQAUAFABQAUAFABQAUAFABQAUAFABQAUAFAH//X/v4oAKACgAoAKACgDgfil8Uvh38Evh74u+K/xa8ZaB8Pvhx4D0W78Q+LvGPijUYNK0PQtJs1Blury8uCEDO7Jb2tvGJLm9vJreys4Z7u4ghcA/jn/ag/4PA/+CeUnjnSPDPw5/Zf+P8A+0d4Y+Hfjez8UaJ8Qzf6V8LNBn8R6Nbalp1nr/hjTLvUrzxLq1lHZatqKQ23izRvD8dz5/mTaaNlvOgB+0v/AATF/wCC+P7Bn/BUnUZfAXwl8ReJvhf8d7PT5dSvPgV8YrDTfD/jO/sbRU+36l4P1DSdV1rw14y020kY+eukax/bllb+VdatoWmxTRMwB+2NABQAUAFABQAUAFABQAUAFABQAUAFABQAUAfLn7X37Z/7Nv7CXwb1r47/ALUPxO0T4ZfD7SWNpb3Ooedd6z4k1qSGWaz8N+EvD1hHcav4k8QX4hf7Pp2l2szpGsl3dtbWEFxdwAH8l/jH/g85/YYPxW0nXND/AGG/jv4z0fwqniDRPDXxX1j/AIVbpXxA0zw74in0hvE6+F9In1HVrjTNO8SHQNAudW0tfGmlR6s2j6L/AGxGsunWn2cA/pZ/4J1/8FVP2N/+CoXw6vvHf7LnxBl1HVfDv2ePx18L/F9nF4c+KPgG4ut/2ZfEnhg3d4r2N2Y5Vsde0S+1jw9fvDNFaarLPb3EMQB+jVABQAUAFABQAUAFABQAUAFABQAUAFABQAUAfm1/wUb/AOCsH7GX/BLfwDpnjL9qPx9eWmu+J0um8B/CnwTp0fib4pePHs8i4bQfDhvLC1s9NhkHkzeIfEuqaB4bhucWkmrrdOkLAH83nhD/AIPRP2JX+JF1e+Jv2I/2gvB3hfXZ7HT9U+JekS/DLWvGNxplq7Q6dc69oKanoxu7TTIpXkFpb+LtWmtIGnTTre6mKwSgH9ZX7In7ZH7OX7dXwX8P/H39mD4laP8AEz4b+IN8Av7Bbiy1bQtWgVDe+HvFXh/UYrbWfDXiHTy6reaRq9na3cYaOVY3glimlAPp6gAoAKACgAoAKACgAoAKACgAoAKACgAoAKACgAoAKACgD//Q/s5/4b6/Y9/6Lz4K/wC/uo//ACDQAf8ADfX7Hv8A0XnwV/391H/5BoAP+G+v2Pf+i8+Cv+/uo/8AyDQAf8N9fse/9F58Ff8Af3Uf/kGgA/4b6/Y9/wCi8+Cv+/uo/wDyDQAf8N9fse/9F58Ff9/dR/8AkGgD+O3/AIOff2z/AA5+1z8ZP2Bv+Cdfwk+NdjpfwV+MXjzQ/Fnxw8W6Jd30OnJDq3jSLwZpTa0rxIl5F4L0m08Q+JLTTpLaeC7vdQtzMjyQ25iAP6Avgb4A/wCCSn7M3wW+C/wP+Avjj4TfDHwz8JPF3hjxlealpGipdeJviTrWgaFrujXVz4/8SXOmJrHiS91ttfu7y9v9UubuZCiW0EUVqFhQA/me/wCDkP4f/sc/AHxj+zf/AMFRv+Cdfiz4efDP9pHwH8btBsfH2jfCux/4RvS/F+pPb33iHw540u/D+mWel6ZHqEh0TWtB8cT28ar4s0rV7eHVopp5b64vQD+yD4I/8FMf2TviX8Hfhf8AEHV/jJ4T0PVfGfgPwt4k1PR7ua+N1puoavo9peXtnP5enrH5sFzLIjBFVQRgDA+UA9R/4b6/Y9/6Lz4K/wC/uo//ACDQAf8ADfX7Hv8A0XnwV/391H/5BoAP+G+v2Pf+i8+Cv+/uo/8AyDQAf8N9fse/9F58Ff8Af3Uf/kGgA/4b6/Y9/wCi8+Cv+/uo/wDyDQAf8N9fse/9F58Ff9/dR/8AkGgA/wCG+v2Pf+i8+Cv+/uo//INAB/w31+x7/wBF58Ff9/dR/wDkGgA/4b6/Y9/6Lz4K/wC/uo//ACDQAf8ADfX7Hv8A0XnwV/391H/5BoAP+G+v2Pf+i8+Cv+/uo/8AyDQAf8N9fse/9F58Ff8Af3Uf/kGgA/4b6/Y9/wCi8+Cv+/uo/wDyDQAf8N9fse/9F58Ff9/dR/8AkGgD+IL/AIKSfFX4Pf8ABWr/AIOCvhF+yz8Zvi/b2v7BX7NPhPS9dv4IdQ1Cw0TxfOnhvSfFnjS3hFssV1BqfirxTqemeEr7VIQl8fCej7bSa0uUt5YgD+rrSPFf/BIDwXrHwb8P+GfEfwA8Gab8MPht8Wfh78OfhLomk6TpPgnUfAvxBk+GP/CxY77wCNC+x+KFhfwJ4GS51C5t7g2TXTG/aeTVUZgD+RP9re+/Zp/4JJ/8F0/2Ov2ov+CfHjzRPDXwD/aa8Q6L4X+Ovwr8FS3Nl4I8OWfi/wAX23hDx5pdvo3kwrD4OMV/ovxD03R4E8jStd06S00iG20+2t7RgD+61P2/P2PHVXHx58F4dQwzJqIOGGRkfYeDg9P8KAHf8N9fse/9F58Ff9/dR/8AkGgA/wCG+v2Pf+i8+Cv+/uo//INAB/w31+x7/wBF58Ff9/dR/wDkGgA/4b6/Y9/6Lz4K/wC/uo//ACDQAf8ADfX7Hv8A0XnwV/391H/5BoAP+G+v2Pf+i8+Cv+/uo/8AyDQAf8N9fse/9F58Ff8Af3Uf/kGgA/4b6/Y9/wCi8+Cv+/uo/wDyDQAf8N9fse/9F58Ff9/dR/8AkGgA/wCG+v2Pf+i8+Cv+/uo//INAB/w31+x7/wBF58Ff9/dR/wDkGgA/4b6/Y9/6Lz4K/wC/uo//ACDQAf8ADfX7Hv8A0XnwV/391H/5BoAP+G+v2Pf+i8+Cv+/uo/8AyDQB/Cb+w5f/ALMf/BWP/gt9+2l+2J/wUG8YeHPEvwX/AGfPEEFh8B/hT48lu7/wVrNnH4h1vQvh5pl7oMsV9Zan4d8IaB4ak1TWNEubW10vxFr+tw6pqUF04vbecA/qh+O/7Zf/AAQl8Jy+Lvhp+0H8Wv2Y10j4neCdA0TXPhb4y0Ial4QfwjoVvf6RoS6V4Tj8OXGleG2tYprpbK70uDT7+2kSG8spYZobe4QA/kq/4Jf/ALcH7Gn/AASi/wCC2P7Qvws+C/7UXhzV/wDgmH8ddAutR0jxhdavr2o+DvCmtPpVj4s8Hxzyz2KXp1jwhJd678Pb/UW0qOfWALBp55reztHoA/sn/wCH+X/BH3/o/L4L/wDgR4j/APlFQAf8P8v+CPv/AEfl8F//AAI8R/8AyioAP+H+X/BH3/o/L4L/APgR4j/+UVAB/wAP8v8Agj7/ANH5fBf/AMCPEf8A8oqAD/h/l/wR9/6Py+C//gR4j/8AlFQAf8P8v+CPv/R+XwX/APAjxH/8oqAD/h/l/wAEff8Ao/L4L/8AgR4j/wDlFQB+gn7OP7UHwD/a5+HFv8XP2cPid4e+LXw4utU1LRbfxb4Ye7fTJdU0i4a11KzU3traTebaXCNFLmLbuXgkYLAHvVABQAUAFABQAUAFABQAUAFABQB//9H+/igAoAKACgAoAKAP5LP+Dov9gr4+/E7wt+zb/wAFHP2SdGv/ABF8c/2E/E0HibXfD2kWVzqutX3gLRvENl430bxDpmj2Qju9Vs/BPiWxv7vxPpdvNJPe6Brk9wIUstN1GegDmfhH/wAHPH/BOr9qj4NfAjV/jl8Ypv2SPjd8MfiV4R8a/GL4e+P/AAh8UNX07UoPDfh3xRpHiAeA/Evw68GeLtN8SWup6pqlreaXo+rNoesfZ0ZdQ0y2uYoklAPy2/4KRftx+K/+DmX9qf4Cf8E6f+Cengvxvd/ss/D7x3Z/EP4x/HPxDoN/4et7m1Rv7K1Hx5eaZqUDN4Z8OeFtAn1i18E2viOGw17xR4k1iS0m0y0heNIAD/QM+GvgTRfhd8PfBHw48NwJbaD4F8K6F4T0iBNwSOw0LTbbTrYKGLMAY7cHBJIzigDtqACgAoAKACgAoAKACgAoAKACgAoAKACgD+Gv/gu18Jv2g/8AgmB/wVR+CP8AwXQ+AHgHV/iT8JdQtPD3g39pfQNHhcW+lPY6JB4GvdP16aGK8Oj6P418KW+lXmh+I5beOyt/HekiPVPllt01AA+7bb/g4z/4IvfFjxv8Bv2x9e/a18R/C/xD8FPhT8dvBuo/s+eKPgT8UtS+IOo6l8brn4O6hJbJqvhnRdX8NyXfh2b4Sx2lvJod94g0PVf+Eh8+81zQk0qYXAB+Snwc8Z/FT/g5S/4LUfBr9qDwx8MPGfw9/wCCfP7CGpaDrPh7XPGGnxwtrOqeEdcbxd4esry4tZJNJm8eeNPGf2HXb/QdOvdVTw14P0u2sdUvZJpbC41AA/0EQAAAAAAMADgADoAOwAoAWgAoAKACgAoAKACgAoAKACgAoAKACgAoA/z6vif4u+Lv/Bs5/wAFkvjV+0R4n+F3inx3/wAE6/289cutQ1HxD4Rg+0y6CLvWtQ8SW+nWcrfZdMbxn8LNX13XLYeGNXvLOfxD4W1T+2LGcyvapOAfsP4g/wCDlH/gjH8LJ/in+1B4Y/aj8R/FXxT8R/Bvg+y0n4D+F/gx8TtM8djU/B2m38dtpU2o+J/DukeG9Nn1Ce7EV1ea5qmlaXZFGe2vtSUorgHwL/wQX+Cn7Sf/AAUn/wCCmXx1/wCC7P7S3gC8+G3w612w1jwd+zj4e1D7Ug1YTWdh4Y0+fw7LfW0Fzq3hrwB4J0mLww3iOO3t7DXdZ1HUUtCZNNuo0AP7iKACgAoAKACgAoAKACgAoAKACgAoAKACgAoAKACgAoAKAP/S/v4oAKACgAoAKACgAoA/Dr9uD/giV/wTs/aE8b/DP4j337DPwn1vxrrnxq8OP8Vdd8F6PqngKXWPBM+jeJ5vEOpeKbT4f6t4X0/UXudYj0OTUtcubWXWbi4dTNfuLm480A/UT9nX9lL9mz9kfwUPh5+zN8EPht8EfB5kWe60j4e+F9N0E6rdKNovte1G3h/tXxDqO07TqWuX2o3zL8rXGBhgD6BoAKACgAoAKACgAoAKACgAoAKACgAoAKACgDM1rRNG8SaTqWgeItI0zXtC1myuNO1fRNasLXVNJ1XTruNobqw1LTb6KezvrK5hdori1uYZYJo2aOSNlJWgD8Fvil/wb2f8E1vGf7XXwX+Kum/sM/A+z+FVn4M+Ocvxl8P6Rca/4W8Pax8QdU1L4RT/AAcvYvh7oPiHTfDklrpltY/FRbu30vR7XSR/aUSaxZXm/TTAAft78MPhR8Mfgn4J0P4a/B74e+C/hb8PfDNsLPw/4J+H/hrR/CXhfR7bJYx6foeh2dlp1t5jlpJmjg3zSs8srvIzuwB39ABQAUAFABQAUAFABQAUAFABQAUAFABQAUAeffFH4S/C743+CdZ+G3xj+Hfgr4p/D/xDD5Gt+DPiB4Z0fxb4a1JArKjXWj65aXti88G9ntbnyVubSXE1tLFMqOoB+M3w0/4N8P8Agl74F/aQ8ffFVv2G/gbd+EprLwZd/DvQtZl8U+LNA0jxDYx3cnii4m8AeJtf1XwettdXhspLe1udJu7FVj221pboHRwD9yNH0bSPD2ladoWgaVpuh6HpFnb6dpOjaPY22maVpen2kSw2tjp2nWUUNpZWdtCiRW9rbQxQQxKsccaooVQDSoAKACgAoAKACgAoAKACgAoAKACgAoAKACgAoAKACgAoA//T/v4oAKACgAoAKACgAoA8P+NvxQ1j4Y/8Kn/sjTbDUv8AhP8A4w+Gvh1qX277T/oOl61ofijVLi/tPs0kf+mwzaFbRRefvg8uaXfGzbCoB7hQAUAFABQAUAFABQAUAFABQAUAFABQAUAFABQAUAfMnj3xD8Y7L9q/9nDwz4Ytddk+B+v/AAr/AGltS+Ll3aeGob/w9beNvD+pfASP4Pxa34qbS7ifw7qFzaa38TzoelQ6vpsfiRLfV5ZrTVDoEL6eAfTdABQAUAFABQAUAFABQAUAFABQAUAFABQAUAFABQB4b4T1n4l3Xx2+Lei67a6lH8MdL8O/D6fwHdT6LFa6bcavfWeov4rSx1tbSOXVJYriO0F1byXlyLFiqLHDvwwB7lQAUAFABQAUAFABQAUAFABQAUAFABQAUAFABQAUAFABQAUAf//U/v4oAKACgAoAKACgAoA8w+JvxP0T4Y/8ID/bWm6jqP8Awn3xE0X4daV/ZyWj/YdX1rS9c1O2v737VcW+ywhg0O6ime28+5WSaER28iGQoAen0AFABQAUAFABQAUAFABQAUAFABQAUAFABQAUAFAHzh44+NmseFf2ov2evgLbaLp91onxk+GX7RfjrVtemmuV1LR734L6j8DbPSLGwhT/AEWW31lPitqb373H72JtKshbcS3FAH0fQAUAFABQAUAFABQAUAFABQAUAFABQAUAFABQAUAeLeF/ine+IPjb8VPhRLpFvbWPw98P+A9ZtNYS5le51OTxfaX9xcQTWzRLFAtk1mqRvHM7ShyXVMDcAe00AFABQAUAFABQAUAFABQAUAFABQAUAFABQAUAFABQAUAFAH//1f7+KACgAoAKACgAoAKAPMfiZL8MYv8AhAv+FmDTjv8AiHosfgL+0UvHx8Q20zXDopsfsYbZf/2YuueS90Psoj84SZcxbQD06gAoAKACgAoAKACgAoAKACgAoAKACgAoAKACgAoA8P8AFnxQ8AeH/j98GPhJrPhy7vviP8SvAfxs8V+BfE8ekaPc2fh/w78Mb34TW3j3TLrWrm8i1vSpvEU/xA8GyWlnpNld2WrDQ7l9Xms303TFugD3CgAoAKACgAoAKACgAoAKACgAoAKACgAoAKACgAoA8w0H4g+E9Z+KXj/4d6dpt1B4u8F6P4T1TxHqclhZQ2l/ZeJbe7n0aK3v4rh728e1itplmjuraGO3LBYHkDOVAPT6ACgAoAKACgAoAKACgAoAKACgAoAKACgAoAKACgAoAKACgD//1v7+KACgAoAKACgAoAKAPMfiZ8NfDnxI/wCEB/4SLUdQ07/hBfiJovxA0P8As+5s7f7dr2j6Zrmm2dhe/bLW68+xmttavZJoLXyLt5IYWjuY0WRJQD06gAoAKACgAoAKACgAoAKACgAoAKACgAoAKACgAoA8R8V2PwUm+PnwZ1DxU2nj482XgT41QfBxJtS1mDUm8C3t78KD8aDYaXa3Ueh6hbLeWnwq/tC51ezur7TmayXR5rVL7VFuAD26gAoAKACgAoAKACgAoAKACgAoAKACgAoAKACgAoA8x0Gy+GMXxR8fX2gvpp+KN1o/hOPx+kGoXk2pLo8FveDwmb7TpbqSysojbtd/ZZbW0t5LldzTyTFVKgHp1ABQAUAFABQAUAFABQAUAFABQAUAFABQAUAFABQAUAFABQB//9f+/igAoAKACgAoAKACgDxL41fCzUfij/wqn+z9TstM/wCFffF/w38SL77bHPJ9vsND0TxPpc2nWnkI+y8mk16GWN5tsISCUO4ZkoA9toAKACgAoAKACgCOaaK3iknnljhhiVnllldY440UZZ3dyFVVAyzMQAOSRgGgCppuqaZrFpFf6RqFlqljMN0N5p91Be2so9Y57d5InH+65/HFAF5mVQWYhVAyzMQAAOpJOAAPXP5UAZela7omuxzTaJq+mavFbXEtpcSaZf2t/HBdQP5c1tM9rLKsc8TgpJE5DowKsARQBdlu7WBts1zbwtjO2WaKNseuHZTj3x+WTuAEs7y01C1t76wure9srqJJ7W7tJo7i2uYZBmOaCeFmilideUkjZlYcg8/MAWaACgAoAKACgDw7xb8E9L8VftAfBb49XGvXdnq/wb8BfG7wLpnh2K1gkstctPjTe/CW91PULu7eVbi2m0JvhTp8dpFBDLHcjWLkztEYId4B7jQAUAFABQAUAFAGdqer6Vo1uLrWNTsNKtWligW41G8t7KBppnEcMIluZI0MssjLHGgbc7sFVWJAoAvo6SKrxsro4DI6MGVlPIZWXIYEcgg4PvQAkkkcSl5ZEiQdXkZUUZ6ZZiAMn3/OgCrDqenXN1LZW9/ZXF5BBFdTWkN1BLcxW08ksUFxLBG7SRwzS288cUrKEkeGVFJaNgoBdoAKACgAoAKACgAoA8t0D4XaVoHxV+IPxUt9TvZ9W+IOjeEdG1HS5VtxY2EPhG2vLezmtWRRcNJdreO04mYoCq+WBzQB6lQAUAFABQAUAFAGbf61o+lyWcOp6rp2nTahP9msYr69trWS9uCpfyLVJ5EaebYrN5cQd9qscABjQBpA55HIPII70AV5bu1gbZNc28LYztlmiRseuHcHHvj8+aAHxTwTKzwzRTKpwzRSI6qcZwxRmAODnntzzxtAKj6tpUcttBJqdgk97cfZbOFry2WW6ufKln+z28Zk3zz+RbzzeVGGfyoZZMbInNAGhQAUAFABQAUAFABQAUAFAH//0P7+KACgAoAKACgAoAKACgAoAjmaRIpXij86VY3aOLeI/NkVSUj3t8qb2wu9uFzk8CgD8erL/gr74Yn+KH7QHwD1D9mb40aF+0P8CPiR8M/hvafA3V9d+E1v48+MUvxWku5/C/i/4RRJ49m0fXvA76Bp2q+Lr3xDquraHDY+F9E13U7yKAaZLCwB+u+j3V/faVp15qmly6JqV1Z2899o811aX02mXUsSvPYy3lhJNZXUlrIWiee0llt5GUtDI6EPQB+YHjv/AILWf8E1Phr4z8UfD7xp+0PeaR4t8Ga7qXhvxJpa/Bv48aiun6zpF1JZ6haC/wBK+GV7pt4ILmKSMXFjd3NrLt3wzyoVdgD6D/ZX/wCCgv7JP7aup+MNH/Zq+KU/xD1HwFZaRqPiuCbwF8SfBo0yz16bULfSpVm8d+EPDEF8bqXS75THp0l3JB5G65SJZYWcA/Pf/gqd491D4h/tp/8ABLD9gifUZh8Kv2i/i58UPiV+0F4YheaKHxx4G+B3gVvEfgzwZryxSxx6r4O13xvIJvFHhy+WfStbg0izttStbm1DwOAYvi3xFZ/sc/8ABbf9m74T/CjS9M8EfBb9uf8AZu8e2/jv4YeGbO30HwZJ8afg3qb32gfEzTfD+nwxaRp3iO88CH/hGPEEum2NlLrlppmj3Op3NzcaejMAfrn+0V8CbL9o3wXpvwv8T+IdZ0r4a6p4jtLz4qeHdB1LVtDvfiT4LtLHUhL8PLzX9B1HSdb0jw9resT6Te+I/wCzL+CXWtK0qfwzfCfRdc1a2nAPwj+E/wCxJ8Kf2M/+C4/w08L/ALA3ha8+Cvwo8Zfse+MfH37YPwo8H32u3PweuLn/AITWPw58IdeudDvtR1DS/Dnj/W7rT9cXS1tlsjPo2havd2tuH1DUZroA+Av299D+FeiftjfFH45f8Fsf+CQXjz4h/szeKvida+DPhR+2/wCEPj3q/j/wZ8Gvg9bSWnhrwBpfj/4S/CTxZokvw30CeSI+IfFGs61qt5qd74k13V7iz0y5jeG1QA/sg+Gtj4E0z4e+CdP+F9to9n8OLPwtodv4GtfDwQaHb+FI9Ot10KLSRGWT7AmnfZxb4Zj5e0sSxY0AdtQAUAFABQAUAfM3jz4L+KPFP7Vv7OPx10/U9Et/CPwf+Fn7SvgfxLpN3c6imv6lq3xk1L4C3nhi60a1g06fTLiw0yL4WeIF1uXUNT0+5tnv9JGn22orPetYAH0zQBla7ealp2janf6Po83iHVLOyuLiw0O3vLLT59Xuoo2eHT4L7UprbT7Wa6ZRFFPfXEFpG7K1xNFEGdQD8jvgR/wV88L/ALQ15H4N8Dfs0fGaz+N1l+0N41/Z68a/s/eJNd+FGk/FX4a6h8O9Nt9T8Y/ETx1pp8d3Oj6T8NtEgv8AR0m1yDWr67up/Efhq107Tb281m3t1AP14vNQt9N0y71XUWNpa6fYz6hfttec21va273N0223SSSYwxxyHbCjvJtxGjMyrQB+TF1/wXa/4JaWV1c2dz+0rex3NpcTW1xH/wAKQ/aEfy54JGilTenwpZH2yIy7kZkbGVJBBoA+1/2XP2yf2c/2z/CviLxt+zf4/l+IPhrwp4g/4RbXtRm8IeOPBxstd/s2y1b7ELLx14b8NX90P7P1Gzn+1WdrcWeZfK+0edHLGgB+VHwk1LRv20v+C0H7dfhf4v6Zo/xH+En7DPwh+Bfwy+Dnw+8WaVaeIPBWleN/i9omseJfi/4wuvC+sR3uhXXi+4lt7Hwva+IZtPfU7bw3bNpdvcRWdzdQzgHSf8Ej/ibrvhr9ob/gpf8AsK3Oo3l/4A/ZJ/aT+1fArT768ubtvAvwZ+K2mf8ACT+Gvhtp73b3FyfD3g6/XVbDw2kl0yWGifYdKtoILWwhRgCf/gt34J/aV+KPw3+EPgX4b/sGah+39+zda+KdY8a/tQfBbQ/j7o/wM8Q+LdL0LTfs3gbQtMl+1Dxb4utLLVL/AFLxRe+F/DVobvVtY0fwtHHdKsFzEwBZ/wCCGl5/wTb1r4DfEnWv2AP2bNT/AGTdeg+Ic3hf9pf4FeOV8Vp8WPh38WfDmn2tpceGfGyeMvEnijVEis7JoZdINjfw6VPBPJdCxs9Rmv4EAP3BoAKACgAoAKACgAoA8O8KfDPxDoXx1+LXxOvNT06fw7498O/D/SNF0yC4vX1GwuvClnqFvqU19by2kdjDFdvdxNavaXlxJIqMbiOFlUMAe40AfMf7YH7Rep/sn/ALx/8AtAWnwX+I3x10j4ZaLeeKPFngr4USeF38cx+FtLhNzrWuaVpvizX/AA1YatDolkk2palaW+pi/TTra5ure2uBA6UAeM/st/t/eF/2vvEPhuD4N/DXxN4h+HmrfCTwD8U/EHxfsfE/gK/8D+C734i6Q2u6F8Mdb+xeIptdufiRDor2Gt6ro2j6RqFlpWi6xo9/f6pB/aVpDKAfT/x6+P3wn/Zk+GOu/GL42eKH8HfDrw3JYRa1r8eg+I/Ej2kmp3kVjZKNI8KaRrmuXHnXU0cWbXTZ1j3b5jHGC6gH5y/8P4/+CV3/AEcxe/8Ahjv2h/8A51FAH6ffCv4oeB/jV8OvBnxY+Gust4h8BfEDw/pvinwlrj6Zq2jNqmhavbJd6fetpWu2OmaxYGe3kST7LqWn2d5Fu2T28bgrQB+Ef/BPPw/4C/4KK/HP/gqn8bf2j/C3h/4xaJpX7U3jn9jz4Q6P4z0q31vR/A/wC+GPh7R7CKw8GWepLdR+EtV8U65qeq+IfE2r+HV07VNS1oWeoXF49zp1jJbgHuH/AAQm+P8A8QvjF+yN42+HvxS8Tap428afsr/tC/F/9mu48Y67dzX2u+IfD/w+8TXEfgy41q5uDJc3OqWnhK60fTry9urm6utQmtGvriYzTutAHp/7TH/BIb/gnL+0f8SviP8AtP8A7Zvwc0344eMbnR4p7vxP8QvF3jrT9B+Hnw98F6IEtdA8NaD4Z8VaHoek6NptjZXesatfyWdxquq6rd6nqN5eeXNBaWoB+c/7EH7NPxE+Cn/BHn9oTxX/AME9/wBnPTLH4pftoeN/iT8XPhT8GtP8eab8N7fQPhj8TPECeHPBVnp3j7x7qk39hatonwJtNPTRtW1W/v7q18Umy1CSGdEnVgDy7/gjd4W/4Jv+C/2w9Z+Fuuf8Eu/E3/BNn/gpt4E+H+qa7H4Y+Jnj/wAafFWz+IPgLU7iysfFHjb4Q/EbV/Elz4R8ZQTagsKatqmkeGdNuYUu5YtIvryxl1DYAf1i0AFABQAUAFABQAUAFABQB//R/v4oAKACgAoAKACgAoAKACgCG5uEtLa4upFneO2hluJEtra4vLl0hRpHW3tLSKa6up2VSIra2hluJ3KxQxPIyIwB/Ll+214R/aY8Y/Frwz/wWX/Z0+B/xl/4Wj+yR8SY/gZ4R/ZcuP2cviFp/wAZ/wBpb9lefxDNofxR1W+8J6j4Dg+JEfiLXtZ1C78Z/CZ2gs/Dul+C9K0q91k2+q3mp6ZcAH9KHwo+Itn8Wfh34T+Ilj4a8deDYPFWj2mq/wDCLfEvwN4s+G/jnQZp4lafS/Efgzxvo+g+JdF1Czm3wSwahpduZCnnQ74XR2APzy8dfCb/AILE3/jLxRe/Dv8AbI/Yh8O+BLvXNSuPCGg+J/2Ovil4i8RaP4elupH0rTta16x/ad0Oz1jU7S0MUN5qNto+mwXcyPNHZW6sI1APoT9ljwT+3f4T1PxhL+2J8ev2ePjHpN7ZaOnge0+CHwH8ZfB280O/hmv21y48QXfin4wfE6LXLa+gk0yPT7ezttJexktruSaa6W5jSAA+PP8Agpb+z98RLv8AaV/4J0ft1fDTwX4g+Iifsb/F/wAeWXxf8FeCtHvPEXjfUvg58bfBZ8F6r4p8PeG9MSbWvE7fDrWorDX7/wAPeHbTU/EN7pV5qFxpmk37WUqIAcc/w98S/tX/APBWP4ZftfaL4H8cWP7OX7Gv7MXjTwd4c8U+LvAfijwZqXxP+OXxR1s6jqlp8N9E8Yafoesa3onhDwZZW+manr66ZBpt34k1iXRtNvrt9Ov2iAPo3xh/wUT8QaX+xJJ+1l4c/Yn/AG2b/wAb6xrGseFPCX7MM/7O3jfWvj6+u2Ov6n4ftNc8T+AvAlv4svPD/gOeLTZPFKeJr25gt7zw3LYi0Y6xq2nabOAfIH7FX7bx1D4jW/grw9/wTq/4Kdaf8bv2gfGA8SfGz9ov9pT9kHxV8CPhn9r0/SXlurzX/HXijU76Dw34U8N6FpkPg/4V+BNPiv1gP9haLutoptS1yAA9c+Mv7T+lft/fsiftM/s7fD79mD9qnw98X/id4P8AH/wGi+Gf7RP7NXxJ+GGneGNc8U6ddeHbHx/4m8fa5ok/wlh8JeGor2Px/p+p6f4+v7zVotIg0/QLS98SzWuksAfpt+z58Lf+FIfAz4RfB7+0pNZPwy+HXhHwQ2qzbzJqD+HNEs9Lku2Msk0h897dnHmSu+CNzMeVAPYKACgAoAKACgD5e8fn4wf8Nbfs1Dwz/wAJF/wpI/Cj9pz/AIWybKNT4Z/4TQan+z9/wqL+35CpaPUjaf8ACzf+EfVXUSRjW9wbYu0A+oaAMDxT4jsvCHhzW/FGo2ev6jY6Dpt1ql1Y+FvDWv8AjHxHdw2kTSvb6J4V8K6brHiPX9SlA2Wul6Lpd9qF1KVjt7aRzigD+XbxroX7T/7Pn7W/wd/4LKfD39nz45eKLb9rvxDB8Ef2s/2PvAf7N/xB1r4w/D/4Bxwi3+D/AMU9b8KeHPAlz45g+JXw/tdKS++K6eIUkguZdZuNB8KwanHHpz2QB/UPZarL4l8LQazoC3ulXGt6IL7R18T+H9Y0a/064vrPzbH+3fDGswaPrunz2sskR1DR9Qg07UYWSW1mW2mBKAH5WXXwd/4LZtc3LWf7bv7BMNo08zWsU/7EvxbmnitjIxgjmmX9q6JZZUiKrJIsUau4LCNAQqgH2v8Asu+Ff2uPCnhXxDaftffF34L/ABg8ZXPiH7T4Y1n4KfCPxN8IND0vwz/ZtjF/ZmraN4o+JXxMutT1b+1Y9Quv7Tt9T0+3+x3Fta/YDJbvcSgH5w+Hfhp4l/Yr/wCCr37Wv7SfiXwf401f9nD9uL4PfBq/i8eeBfBHirx9ZfDf4xfA7TtT8Ma74V8aaT4I0nX/ABBo3/Ce6PqGn+IPDmu3ujroWp6gl5oMGqHWhBpzgHmP7KVv8Sv2RvD3/BRz/gpT8TP2av2g/G2uftWftNweMvhx+zx8LPhrc+If2kH+B2m3mi/Dz4bz6v8ADi/1HS73Ttfu7J7zxxrPh+/u7O/8P6NeGDUbW21GC6tkAP0z+Kf7cXg34N/GD4b/AAl8cfBD9q57b4n+CovFmi/FTwP+zp8Rvir8KtI1aSa6jPw58Wa58LtK8Ya34Z+IKQ2j3jaTqvh2309raW28vVnnuYIHAPJP2Jv2ete8MftHftzftcax4Sv/AIb6X+1r8RfAGo+CfAOr6fJoviFPCfw0+HeheCo/Hni3w/KyXPh3xL8RtZsNW8VT6Fq9nZeJdN0++0+38TWlhra3um2gB+mNABQAUAFABQAUAFAHhvhP/hZ3/C9/i3/b39o/8Ku/4Rz4ff8ACA+etmNN/tj7HqH/AAln2FolF60v2j7J9q+1M0Ybb5AUbtwB7lQB80ftYfGbxB8FfhHqmseC/hb46+MHj7xReWHgfwL4O8G/Dbx18RdNbxJ4rvLfRLLW/iIngjQNdk8NfDXw39vbxB4417V/sVrH4c03UraxludWmsrKcA/FL/gnd8N/jT/wSv8A2wviB+wlffDr42fF/wDY9+PtnaftAfCP49+B/wBnnx5feAPgp8Y/GM0n/C0vg/8AEDxN4D8Ct4J8LeH9W1yK58TeD7q6ubey8P6fcfZPEGpWdxe2tjagH7w/HrRfjp4g+GWuaX+zh47+H3w2+LVxLYHw94u+KPgXWPiR4M06KO7ifUk1PwloPi7wNqeovc2QlgtXg8SWItp3SeRZ0QxOAfnP/wAKb/4Lef8AR8P7An/iEHxc/wDosqAP09+Fmn/EnSfh14M034w+JfC3jH4o2Xh/Tbbx34p8EeGr/wAHeEde8TRWyLqup+HvC2qa74n1HQtKu7oSS2emXniHWLi0hZYpb+5Zd9AH4tfsk+Hdf/4JpfHb/gpF4U+JXw2+KuvfCr48/tE+JP2wP2efFvwv+F3jf4maf4wtviT4e0xPEXwZsE8CaLrzaR8RPDPinRbqwsdA8Sroc2u2Go2WsaVLe6Wl7fW4BT/4J7eG/ih/wTW/Y/8Ahe3xl/Z3+NvxF+M/7Y/7XPiTxZ8S/CPwJ8Ex+Pb34J3/AMfvF2ta5pmvfFd49XtYtE8H/Dnw6uk6b498SQ3GoxaXcwTtbw3UMaCgD7X/AOCqDfE/Xv2P/Ffwa+D3h/xdrXjj9pnxZ4G/ZuGo+EdG1PV5fBPg34r69Bo/xR8da6+mW1w+j+H/AA/8L4fGLXGs3ht7O11G50y3ecT3dvFOAeo/GX4y+D/2CPgF8ObqP4L/AB0+JvgHwrdeC/hc+ifs2/CnWPi54h8D6BHpUtonjTWvBXhuSTxN/wAINocWlhdZv9B0vW9QtJLuyji0qdp1FAHzHq3w1P7Xn7en7JX7Vvg/wV408IfDP9lr4ZfGWC78ffEL4e+MvhX4l+I3ib4yReEbHQvA2jeFPiDo/hXxreeGvB2maFq/iLVNdvdBXw1LqniWzsdDvNR1C11pdNAP1joAKACgAoAKACgAoAKACgD/0v7+KACgAoAKACgAoAKACgAoAKACgAoAKACgAoAKACgAoAKACgAoAKACgAoAKACgAoAKACgAoAKACgAoAKACgAoAKACgAoAKACgAoAKACgAoAKACgAoAKACgAoAKACgAoAKACgAoAKACgAoAKACgAoAKAP/T/v4oAKACgAoAKACgAoAKACgAoAKACgAoAKACgAoAKACgAoAKACgAoAKACgAoAKACgAoAKACgAoAKACgAoAKACgAoAKACgAoAKACgAoAKACgAoAKACgAoAKACgAoAKACgAoAKACgAoAKACgAoAKACgAoA/9k=</file>
<file name="explicitni2_moodle.jpg" path="/" encoding="base64">/9j/4AAQSkZJRgABAQAASABIAAD/4QBMRXhpZgAATU0AKgAAAAgAAgESAAMAAAABAAEAAIdpAAQAAAABAAAAJgAAAAAAAqACAAQAAAABAAABuaADAAQAAAABAAAAzwAAAAD/4QkhaHR0cDovL25zLmFkb2JlLmNvbS94YXAvMS4wLwA8P3hwYWNrZXQgYmVnaW49Iu+7vyIgaWQ9Ilc1TTBNcENlaGlIenJlU3pOVGN6a2M5ZCI/PiA8eDp4bXBtZXRhIHhtbG5zOng9ImFkb2JlOm5zOm1ldGEvIiB4OnhtcHRrPSJYTVAgQ29yZSA1LjQuMCI+IDxyZGY6UkRGIHhtbG5zOnJkZj0iaHR0cDovL3d3dy53My5vcmcvMTk5OS8wMi8yMi1yZGYtc3ludGF4LW5zIyI+IDxyZGY6RGVzY3JpcHRpb24gcmRmOmFib3V0PSIiLz4gPC9yZGY6UkRGPiA8L3g6eG1wbWV0YT4gICAgICAgICAgICAgICAgICAgICAgICAgICAgICAgICAgICAgICAgICAgICAgICAgICAgICAgICAgICAgICAgICAgICAgICAgICAgICAgICAgICAgICAgICAgICAgICAgICAgICAgICAgICAgICAgICAgICAgICAgICAgICAgICAgICAgICAgICAgICAgICAgICAgICAgICAgICAgICAgICAgICAgICAgICAgICAgICAgICAgICAgICAgICAgICAgICAgICAgICAgICAgICAgICAgICAgICAgICAgICAgICAgICAgICAgICAgICAgICAgICAgICAgICAgICAgICAgICAgICAgICAgICAgICAgICAgICAgICAgICAgICAgICAgICAgICAgICAgICAgICAgICAgICAgICAgICAgICAgICAgICAgICAgICAgICAgICAgICAgICAgICAgICAgICAgICAgICAgICAgICAgICAgICAgICAgICAgICAgICAgICAgICAgICAgICAgICAgICAgICAgICAgICAgICAgICAgICAgICAgICAgICAgICAgICAgICAgICAgICAgICAgICAgICAgICAgICAgICAgICAgICAgICAgICAgICAgICAgICAgICAgICAgICAgICAgICAgICAgICAgICAgICAgICAgICAgICAgICAgICAgICAgICAgICAgICAgICAgICAgICAgICAgICAgICAgICAgICAgICAgICAgICAgICAgICAgICAgICAgICAgICAgICAgICAgICAgICAgICAgICAgICAgICAgICAgICAgICAgICAgICAgICAgICAgICAgICAgICAgICAgICAgICAgICAgICAgICAgICAgICAgICAgICAgICAgICAgICAgICAgICAgICAgICAgICAgICAgICAgICAgICAgICAgICAgICAgICAgICAgICAgICAgICAgICAgICAgICAgICAgICAgICAgICAgICAgICAgICAgICAgICAgICAgICAgICAgICAgICAgICAgICAgICAgICAgICAgICAgICAgICAgICAgICAgICAgICAgICAgICAgICAgICAgICAgICAgICAgICAgICAgICAgICAgICAgICAgICAgICAgICAgICAgICAgICAgICAgICAgICAgICAgICAgICAgICAgICAgICAgICAgICAgICAgICAgICAgICAgICAgICAgICAgICAgICAgICAgICAgICAgICAgICAgICAgICAgICAgICAgICAgICAgICAgICAgICAgICAgICAgICAgICAgICAgICAgICAgICAgICAgICAgICAgICAgICAgICAgICAgICAgICAgICAgICAgICAgICAgICAgICAgICAgICAgICAgICAgICAgICAgICAgICAgICAgICAgICAgICAgICAgICAgICAgICAgICAgICAgICAgICAgICAgICAgICAgICAgICAgICAgICAgICAgICAgICAgICAgICAgICAgICAgICAgICAgICAgICAgICAgICAgICAgICAgICAgICAgICAgICAgICAgICAgICAgICAgICAgICAgICAgICAgICAgICAgICAgICAgICAgICAgICAgICAgICAgICAgICAgICAgICAgICAgICAgICAgICAgICAgICAgICAgICAgICAgICAgICAgICAgICAgICAgICAgICAgICAgICAgICAgICAgICAgICAgICAgICAgICAgICAgICAgICAgICAgICAgICAgICAgICAgICAgICAgICAgICAgICAgICAgICAgICAgICAgICAgICAgICAgICAgICAgICAgICAgICAgICAgICAgICAgICAgICAgICAgICAgICAgICAgICAgICAgICAgICAgICAgICAgICAgICAgICAgICAgICAgICAgICAgICAgICAgICAgICAgICAgICAgICAgICAgICAgICAgICAgICAgICAgICAgICAgICAgICAgICAgICAgICAgICAgICAgICAgICAgICAgICAgICAgICAgICAgICAgICAgICAgICAgICAgICAgICAgICAgICAgICAgICAgICAgICAgICAgICAgICAgICAgICAgICAgICAgICAgICAgICAgICAgICAgICAgICAgICAgICAgICAgICAgICAgICAgICAgICAgICAgICAgICAgICAgICAgICAgICAgICAgICAgICAgICAgICAgICAgICAgICAgICAgICAgICAgICAgICAgICAgICAgICAgICAgICAgICAgICAgICAgICAgICAgICAgICAgICAgICAgICAgICAgICAgICAgICAgICAgICAgICAgICAgICAgICAgICAgICAgICAgICAgICAgICAgICAgICAgICAgICAgICAgICAgICAgICAgICAgICAgICAgICAgICAgICAgICAgICAgICAgICAgICAgICAgICAgICAgICAgICAgICAgICAgICAgICAgICAgICAgICAgICAgICAgICAgICAgICAgICAgICAgICAgICAgICAgICAgICAgICAgICAgICAgICAgICAgICAgICAgICAgICAgICAgICAgICAgICAgICAgICAgICAgICAgICAgICAgICAgICAgICAgICAgICAgICAgICAgICAgICAgICAgICAgICAgICAgICAgICAgICAgICAgICAgICA8P3hwYWNrZXQgZW5kPSJ3Ij8+AP/tADhQaG90b3Nob3AgMy4wADhCSU0EBAAAAAAAADhCSU0EJQAAAAAAENQdjNmPALIE6YAJmOz4Qn7/4htESUNDX1BST0ZJTEUAAQEAABs0YXBwbAIQAABtbnRyUkdCIFhZWiAH5AABAAEACAAyADRhY3NwQVBQTAAAAABBUFBMAAAAAAAAAAAAAAAAAAAAAAAA9tYAAQAAAADTLWFwcGwAAAAAAAAAAAAAAAAAAAAAAAAAAAAAAAAAAAAAAAAAAAAAAAAAAAAAAAAAAAAAABFkZXNjAAABUAAAAGJkc2NtAAABtAAABDZjcHJ0AAAF7AAAACN3dHB0AAAGEAAAABRyWFlaAAAGJAAAABRnWFlaAAAGOAAAABRiWFlaAAAGTAAAABRyVFJDAAAGYAAACAxhYXJnAAAObAAAACB2Y2d0AAAOjAAABhJuZGluAAAUoAAABj5jaGFkAAAa4AAAACxtbW9kAAAbDAAAAChiVFJDAAAGYAAACAxnVFJDAAAGYAAACAxhYWJnAAAObAAAACBhYWdnAAAObAAAACBkZXNjAAAAAAAAAAhEaXNwbGF5AAAAAAAAAAAAAAAAAAAAAAAAAAAAAAAAAAAAAAAAAAAAAAAAAAAAAAAAAAAAAAAAAAAAAAAAAAAAAAAAAAAAAAAAAAAAAAAAAAAAAAAAAAAAbWx1YwAAAAAAAAAjAAAADGhySFIAAAAUAAABtGtvS1IAAAAMAAAByG5iTk8AAAASAAAB1GlkAAAAAAASAAAB5mh1SFUAAAAUAAAB+GNzQ1oAAAAWAAACDGRhREsAAAAcAAACIm5sTkwAAAAWAAACPmZpRkkAAAAQAAACVGl0SVQAAAAUAAACZHJvUk8AAAASAAACeGVzRVMAAAASAAACeGFyAAAAAAAUAAACinVrVUEAAAAcAAACnmhlSUwAAAAWAAACunpoVFcAAAAMAAAC0HZpVk4AAAAOAAAC3HNrU0sAAAAWAAAC6npoQ04AAAAMAAAC0HJ1UlUAAAAkAAADAGZyRlIAAAAWAAADJG1zAAAAAAASAAADOmhpSU4AAAASAAADTHRoVEgAAAAMAAADXmNhRVMAAAAYAAADamVzWEwAAAASAAACeGRlREUAAAAQAAADgmVuVVMAAAASAAADknB0QlIAAAAYAAADpHBsUEwAAAASAAADvGVsR1IAAAAiAAADznN2U0UAAAAQAAAD8HRyVFIAAAAUAAAEAHB0UFQAAAAWAAAEFGphSlAAAAAMAAAEKgBMAEMARAAgAHUAIABiAG8AagBpzuy37AAgAEwAQwBEAEYAYQByAGcAZQAtAEwAQwBEAEwAQwBEACAAVwBhAHIAbgBhAFMAegDtAG4AZQBzACAATABDAEQAQgBhAHIAZQB2AG4A/QAgAEwAQwBEAEwAQwBEAC0AZgBhAHIAdgBlAHMAawDmAHIAbQBLAGwAZQB1AHIAZQBuAC0ATABDAEQAVgDkAHIAaQAtAEwAQwBEAEwAQwBEACAAYwBvAGwAbwByAGkATABDAEQAIABjAG8AbABvAHIgDwBMAEMARAAgBkUGRAZIBkYGKQQaBD4EOwRMBD4EQAQ+BDIEOAQ5ACAATABDAEQgDwBMAEMARAAgBeYF0QXiBdUF4AXZX2mCcgAgAEwAQwBEAEwAQwBEACAATQDgAHUARgBhAHIAZQBiAG4A/QAgAEwAQwBEBCYEMgQ1BEIEPQQ+BDkAIAQWBBoALQQ0BDgEQQQ/BDsENQQ5AEwAQwBEACAAYwBvAHUAbABlAHUAcgBXAGEAcgBuAGEAIABMAEMARAkwCQIJFwlACSgAIABMAEMARABMAEMARAAgDioONQBMAEMARAAgAGUAbgAgAGMAbwBsAG8AcgBGAGEAcgBiAC0ATABDAEQAQwBvAGwAbwByACAATABDAEQATABDAEQAIABDAG8AbABvAHIAaQBkAG8ASwBvAGwAbwByACAATABDAEQDiAOzA8cDwQPJA7wDtwAgA78DuAPMA70DtwAgAEwAQwBEAEYA5AByAGcALQBMAEMARABSAGUAbgBrAGwAaQAgAEwAQwBEAEwAQwBEACAAYQAgAEMAbwByAGUAczCrMOkw/ABMAEMARAAAdGV4dAAAAABDb3B5cmlnaHQgQXBwbGUgSW5jLiwgMjAyMAAAWFlaIAAAAAAAAPNSAAEAAAABFs9YWVogAAAAAAAAYWwAADgyAAAKQlhZWiAAAAAAAABvHAAArpUAABaZWFlaIAAAAAAAACZOAAAZOQAAslJjdXJ2AAAAAAAABAAAAAAFAAoADwAUABkAHgAjACgALQAyADYAOwBAAEUASgBPAFQAWQBeAGMAaABtAHIAdwB8AIEAhgCLAJAAlQCaAJ8AowCoAK0AsgC3ALwAwQDGAMsA0ADVANsA4ADlAOsA8AD2APsBAQEHAQ0BEwEZAR8BJQErATIBOAE+AUUBTAFSAVkBYAFnAW4BdQF8AYMBiwGSAZoBoQGpAbEBuQHBAckB0QHZAeEB6QHyAfoCAwIMAhQCHQImAi8COAJBAksCVAJdAmcCcQJ6AoQCjgKYAqICrAK2AsECywLVAuAC6wL1AwADCwMWAyEDLQM4A0MDTwNaA2YDcgN+A4oDlgOiA64DugPHA9MD4APsA/kEBgQTBCAELQQ7BEgEVQRjBHEEfgSMBJoEqAS2BMQE0wThBPAE/gUNBRwFKwU6BUkFWAVnBXcFhgWWBaYFtQXFBdUF5QX2BgYGFgYnBjcGSAZZBmoGewaMBp0GrwbABtEG4wb1BwcHGQcrBz0HTwdhB3QHhgeZB6wHvwfSB+UH+AgLCB8IMghGCFoIbgiCCJYIqgi+CNII5wj7CRAJJQk6CU8JZAl5CY8JpAm6Cc8J5Qn7ChEKJwo9ClQKagqBCpgKrgrFCtwK8wsLCyILOQtRC2kLgAuYC7ALyAvhC/kMEgwqDEMMXAx1DI4MpwzADNkM8w0NDSYNQA1aDXQNjg2pDcMN3g34DhMOLg5JDmQOfw6bDrYO0g7uDwkPJQ9BD14Peg+WD7MPzw/sEAkQJhBDEGEQfhCbELkQ1xD1ERMRMRFPEW0RjBGqEckR6BIHEiYSRRJkEoQSoxLDEuMTAxMjE0MTYxODE6QTxRPlFAYUJxRJFGoUixStFM4U8BUSFTQVVhV4FZsVvRXgFgMWJhZJFmwWjxayFtYW+hcdF0EXZReJF64X0hf3GBsYQBhlGIoYrxjVGPoZIBlFGWsZkRm3Gd0aBBoqGlEadxqeGsUa7BsUGzsbYxuKG7Ib2hwCHCocUhx7HKMczBz1HR4dRx1wHZkdwx3sHhYeQB5qHpQevh7pHxMfPh9pH5Qfvx/qIBUgQSBsIJggxCDwIRwhSCF1IaEhziH7IiciVSKCIq8i3SMKIzgjZiOUI8Ij8CQfJE0kfCSrJNolCSU4JWgllyXHJfcmJyZXJocmtyboJxgnSSd6J6sn3CgNKD8ocSiiKNQpBik4KWspnSnQKgIqNSpoKpsqzysCKzYraSudK9EsBSw5LG4soizXLQwtQS12Last4S4WLkwugi63Lu4vJC9aL5Evxy/+MDUwbDCkMNsxEjFKMYIxujHyMioyYzKbMtQzDTNGM38zuDPxNCs0ZTSeNNg1EzVNNYc1wjX9Njc2cjauNuk3JDdgN5w31zgUOFA4jDjIOQU5Qjl/Obw5+To2OnQ6sjrvOy07azuqO+g8JzxlPKQ84z0iPWE9oT3gPiA+YD6gPuA/IT9hP6I/4kAjQGRApkDnQSlBakGsQe5CMEJyQrVC90M6Q31DwEQDREdEikTORRJFVUWaRd5GIkZnRqtG8Ec1R3tHwEgFSEtIkUjXSR1JY0mpSfBKN0p9SsRLDEtTS5pL4kwqTHJMuk0CTUpNk03cTiVObk63TwBPSU+TT91QJ1BxULtRBlFQUZtR5lIxUnxSx1MTU19TqlP2VEJUj1TbVShVdVXCVg9WXFapVvdXRFeSV+BYL1h9WMtZGllpWbhaB1pWWqZa9VtFW5Vb5Vw1XIZc1l0nXXhdyV4aXmxevV8PX2Ffs2AFYFdgqmD8YU9homH1YklinGLwY0Njl2PrZEBklGTpZT1lkmXnZj1mkmboZz1nk2fpaD9olmjsaUNpmmnxakhqn2r3a09rp2v/bFdsr20IbWBtuW4SbmtuxG8eb3hv0XArcIZw4HE6cZVx8HJLcqZzAXNdc7h0FHRwdMx1KHWFdeF2Pnabdvh3VnezeBF4bnjMeSp5iXnnekZ6pXsEe2N7wnwhfIF84X1BfaF+AX5ifsJ/I3+Ef+WAR4CogQqBa4HNgjCCkoL0g1eDuoQdhICE44VHhauGDoZyhteHO4efiASIaYjOiTOJmYn+imSKyoswi5aL/IxjjMqNMY2Yjf+OZo7OjzaPnpAGkG6Q1pE/kaiSEZJ6kuOTTZO2lCCUipT0lV+VyZY0lp+XCpd1l+CYTJi4mSSZkJn8mmia1ZtCm6+cHJyJnPedZJ3SnkCerp8dn4uf+qBpoNihR6G2oiailqMGo3aj5qRWpMelOKWpphqmi6b9p26n4KhSqMSpN6mpqhyqj6sCq3Wr6axcrNCtRK24ri2uoa8Wr4uwALB1sOqxYLHWskuywrM4s660JbSctRO1irYBtnm28Ldot+C4WbjRuUq5wro7urW7LrunvCG8m70VvY++Cr6Evv+/er/1wHDA7MFnwePCX8Lbw1jD1MRRxM7FS8XIxkbGw8dBx7/IPci8yTrJuco4yrfLNsu2zDXMtc01zbXONs62zzfPuNA50LrRPNG+0j/SwdNE08bUSdTL1U7V0dZV1tjXXNfg2GTY6Nls2fHadtr724DcBdyK3RDdlt4c3qLfKd+v4DbgveFE4cziU+Lb42Pj6+Rz5PzlhOYN5pbnH+ep6DLovOlG6dDqW+rl63Dr++yG7RHtnO4o7rTvQO/M8Fjw5fFy8f/yjPMZ86f0NPTC9VD13vZt9vv3ivgZ+Kj5OPnH+lf65/t3/Af8mP0p/br+S/7c/23//3BhcmEAAAAAAAMAAAACZmYAAPKnAAANWQAAE9AAAApbdmNndAAAAAAAAAAAAAMBAAACAAAAVgEuAesCxAODBFMFQAYnBxoIGAkfCj0LTgxrDZAOuQ/sES0SZROjFOMWKhd5GL8aDxtXHKQd8x88IIQhzSMRJFIljSbLKAApMypmK5csyi33LygwUTGAMqsz1TUCNjE3XTiKObY64TwNPTg+YD+JQLFB3EMIRDZFY0aQR7hI3koBSyRMR01qTo9PtFDYUfhTFlQzVU9WbVeNWK5Zy1rhW/Bc9137XwBgCmEZYi1jQWRSZV9mZWdhaFNpPGogawFr4Gy/baBug29ocFBxOHIgcwhz73TWdb52qHeTeH55bHpZe0l8PX03fjZ/OYBBgUuCV4NlhHSFhYaUh6SIs4nAisyL1ozfjeeO7Y/ykPWR9pL1k/WU+pYElxWYLJlHmmObf5yYna6ev5/LoNSh2qLgo+mk9KYDpxWoKqlCqlyrd6yUrbKu0a/xsRGyM7NTtHO1kLapt7q4wbnDusC7u7y1va++qb+jwJ3BlcKKw3zEasVTxjbHGMf5yODJz8rGy8PMwc28zq/PmNBz0UPSDdLT05vUZtU11gXW19eo2HbZQNoG2sfbgNw13Ofdkd473uPfjeA74Ovhn+JS4wPjr+RV5PnllOYs5r/nUufk6IXpL+nk6qjrbuwz7PXtr+5j7xHvtfBQ8ObxfPIX8sbzj/Ru9WH2ZveK+OT6xf0u//8AAABWASMBsAJqAzID6ASxBYAGWAc9CC0JJwonCyIMMA06DlEPYxB+EZ8SvhPpFRAWOBdhGIgZtBreHAsdMx5bH4AgoSG/Itsj9SULJh8nNShJKWAqeSuTLLEtzC7oMAQxITI8M1o0dDWLNqQ3uTjNOeI69DwGPRs+MT9NQGxBj0KwQ9BE7UYIRx1IMklFSlVLY0xuTXhOfk+DUIVRhlKIU4pUjFWKVoRXeVhoWVRaRFs/XEZdWl53X5VgsGHCYspjxWS1ZZxme2dXaDBpDGnsatBrumypbZtuj2+CcHJxXHJAcx9z+3TVda12hndieEV5MHokex18GX0VfhB/Bn/2gOKByoKxg5WEd4VdhkqHRIhMiWGKgYuljMaN3o7uj/WQ95H1kvOT8JTtleyW7pf4mRCaOZtunKadzp7jn+mg5aHfotmj0aTIpb6mvKfKqO2qIatdrJyt2a8UsE6xiLLCs/m1LrZkt5u40roFuzS8X72Fvqa/vMC+warCkMN9xHfFgMaPx53Io8meyo7LdcxTzS3OBM7az7LQi9Fq0lHTRdRF1VHWYtd12ITZh9p922bcQ90a3ezeud+H4FjhLeII4ubjw+Sd5XHmQOcM59Too+l/6mnrZOxo7W3ucO9w8HDxcvJ283n0d/Vp9kf3D/ez+EX4y/la+e360PwM/dr//wAAACsAxAFLAdgCZQMGA48EKwTPBXoGLwbpB6UIaAkvCfkKygufDHcNUg4yDw4P9hDZEcASqROTFH0VZxZSFz0YKRkVGfwa6BvSHL4drh6jH5sgliGUIo8jhiR2JWEmRScgJ/gozCmfKnMrSCwhLQIt6S7XL8gwujGqMpgzgDRgNTk2BjbPN5U4WDkZOdk6nTtkPDI9Bj3ePrY/j0BoQURCJkMQRABE80XnRtZHu0iWSWVKJUrgS5hMT00HTcNOg09JUBhQ6lG+UpNTaFQ7VQ1V3latV3xYSlkVWd9aqFtvXDVc+V29XoBfQ2AIYNFhnGJrYzxkDGTaZadmcWc4Z/xov2mAakBrAGvAbIFtQ24EbsVvhXBBcPhxq3JZcwFzqXRPdPR1mHY8dt53gHgdeL15YHoWetp7q3yDfVh+KH72f8OAk4FngkSDKoQYhQuGAIb0h+OIzYmvioyLYYw0jQeN2o6wj4qQa5FHkhKSxpNbk+yUepVBlkKXiJkImoqb5J0ZnjKfOaA5oTWiL6MopCGlGaYRpwqoCakPqiGrPaxgrYeura/TsPyyKLNatJK10bcUuFm5nLrXvAW9Kb5Hv2LAf8Gewr7D38T/xiHHQ8hnyYzKscvWzP3OKc9b0JfR3tMy1I3V7tdT2LnaIduV3S/fDuF35Ivoee1O8vb5Uf//AABuZGluAAAAAAAABjYAAJOVAABWjQAAVukAAJG3AAAmuwAAFwoAAFANAABUOQACh64AAkeuAAFrhQADAQAAAgAAAAEABAAIAA8AFgAfACkANABAAEwAWgBpAHgAiQCaAKwAvgDSAOYA/AESASkBQAFZAXMBjQGpAcUB4wIBAiECQgJkAocCrALSAvoDIwNNA3oDqAPXBAgEOgRtBKME2QUSBUsFhgXDBgEGQAaABsIHBQdKB5AH2AghCGwIuQkHCVcJqAn6Ck0KoQr3C04LqAwEDGIMww0lDYkN7g5UDrwPJQ+REAAQcRDkEVkRzxJGEr0TOBO2FDoUwxVSFeMWdRcGF5YYJhi4GU4Z6BqIGzEb4xyfHWIeKx74H8YglSFkIjQjBiPbJLMljyZsJ0soKykNKfAq1Su7LJ4tfi5cLzkwFDDwMc0yqjOJNGg1SjYuNxU3/zjtOd460jvKPMU9xD7HP85A2kHoQvZEAEUGRghHCEgISQlKDEsUTCFNNE5OT25QlFG8UuVUDVU0VllXfVigWcRa51wLXTBeVl98YKRhzmL4ZCRlU2aFZ7xo+mpDa5ls+W5jb9JxRnK8dDR1r3cteLF6PHvQfW9/HIDWgpSETIX2h5SJLIrFjGWOFY/fkc2T3ZX/mCCaOZxMnl+geaKgpNqnLamgrDCu4LGhtF63C7muvF2/K8IfxUbIoswMzyjR9tSR1yjZ0dye35fi0uZg6fntEu+s8gD0MPY59//5ivq4+9T8u/2j/nD/N///AAAAAQAFAAoAEgAbACYAMgA/AE0AXABtAH4AkQCkALkAzwDlAP0BFgEvAUoBZgGDAaIBwQHiAgQCJwJMAnICmgLDAu8DHANLA3wDrwPkBBoEUgSLBMUFAQU9BXsFuwX8Bj8GgwbJBxAHWQelB/IIQQiTCOYJOwmTCewKRgqhCvwLWAu0DBIMcgzUDTkNoA4LDngO5w9ZD84QRhDAET4RvxJDEsoTUxPdFGoU+hWPFioWyxdxGBYYthlRGeYaeRsNG6QcQBzkHZEeSh8OH90gsyGOImkjQiQYJOslvSaQJ2YoQiklKhIrCCwFLQguDi8SMBExCDH5Mugz1zTKNcE2wTfKONs58jsOPDA9UT5pP3RAckFoQlhDR0Q5RTRGOEdHSF9JfkqhS8dM8E4bT0VQa1GGUpRTl1SVVZRWoFe/WPFaNVuAXM1eHl90YM9iI2NmZJVltWbOZ+Ro+2oWazNsVG12bppvwHDqchdzRnR2dad22ngQeU16j3vYfSZ+fX/jgWeDEITKhnSIBomHiwSMiI4bj8ORgpNYlUOXO5k7mzudOZ8poQSixqR2phunvaliqxWs3a7FsM+y9bUxt3y5y7wPvkTAcsKmxOnHQsmyzDHOnNDd0vTU8dbn2OPa6Nz03wHhCuMU5STnSOmW7DfvivOm92z5zvuE/MP99P75//8AAAACAAgAEQAeAC0APgBRAGYAfQCWALAAzADqAQkBKwFNAXIBmAHAAeoCFgJEAnQCpgLaAxEDSQOEA8AD/QQ7BHoEugT8BUEFigXXBikGgQbdBz4HoggICG8I1Ak5CZ0KAgpqCtULRAu7DDkMwQ1QDeYOgg8hD8AQXBD2EZASLRLNE24UDRSoFUIV3BZ5Fx4XzhiOGWIaQhsqHBQc+x3dHrgfkiBtIUwiMCMYJAYk+SXxJu8n8yj9Kg4rJCxALWAugC+dMLgx0zLzNBo1STaCN8M5DDpcO7A9Bz5gP75BIkKTRBZFrkdaSRFK0UyaTm9QVVIyU9pVWlbMWEhZ01tmXPheg2ABYXBi1WQ3ZZxnCWiBagpro21NbwBwt3JvdB51w3d1eWR77n6kgHmB1oL8hAKFCIYQhzOIc4nUi1WM6Y6IkC6R2ZOIlTuW8Zipml6cCp2nnzegvaI/o8ClRKbKqFCp1KtUrNCuRq+5sSiyl7QItX22/LiJuia70L2CvzbA6cKcxE/GBMe7yXPLK8zkzp7QWNIU09LVj9dK2P/arNxP3ejfdeD94oLkA+WC5wLog+oE63/s7u5G73nwnfGN8nXzRPP39Kr1TvXb9mj29vd29+n4XPjP+UP5q/oN+nD60vs1+5j78fxJ/KL8+/1U/a3+A/5Y/qz/Af9V/6r//wAAc2YzMgAAAAAAAQxCAAAF3v//8yYAAAeSAAD9kf//+6L///2jAAAD3AAAwGxtbW9kAAAAAAAABhAAAJzfAAAAAMoq1YAAAAAAAAAAAAAAAAAAAAAA/8AAEQgAzwG5AwERAAIRAQMRAf/EAB8AAAEFAQEBAQEBAAAAAAAAAAABAgMEBQYHCAkKC//EALUQAAIBAwMCBAMFBQQEAAABfQECAwAEEQUSITFBBhNRYQcicRQygZGhCCNCscEVUtHwJDNicoIJChYXGBkaJSYnKCkqNDU2Nzg5OkNERUZHSElKU1RVVldYWVpjZGVmZ2hpanN0dXZ3eHl6g4SFhoeIiYqSk5SVlpeYmZqio6Slpqeoqaqys7S1tre4ubrCw8TFxsfIycrS09TV1tfY2drh4uPk5ebn6Onq8fLz9PX29/j5+v/EAB8BAAMBAQEBAQEBAQEAAAAAAAABAgMEBQYHCAkKC//EALURAAIBAgQEAwQHBQQEAAECdwABAgMRBAUhMQYSQVEHYXETIjKBCBRCkaGxwQkjM1LwFWJy0QoWJDThJfEXGBkaJicoKSo1Njc4OTpDREVGR0hJSlNUVVZXWFlaY2RlZmdoaWpzdHV2d3h5eoKDhIWGh4iJipKTlJWWl5iZmqKjpKWmp6ipqrKztLW2t7i5usLDxMXGx8jJytLT1NXW19jZ2uLj5OXm5+jp6vLz9PX29/j5+v/bAEMAAQEBAQEBAQEBAQEBAQEBAQEBAQEBAQEBAQEBAQEBAQEBAQEBAQEBAQEBAQEBAQEBAQEBAQEBAQEBAQEBAQEBAf/bAEMBAQEBAQEBAQEBAQEBAQEBAQEBAQEBAQEBAQEBAQEBAQEBAQEBAQEBAQEBAQEBAQEBAQEBAQEBAQEBAQEBAQEBAf/dAAQAOP/aAAwDAQACEQMRAD8A/v4oAKACgAoAKACgDxzwz8RNc1v4zfFD4c3egJZ6F4I0PwRqmkeIBFeK+s3HiezvLjULZ5Zf9Dk/s57aONVtRvUSYnwdtAHsdABQAUAFABQAUAFABQAUAFABQAUAFABQAUAfOP7IHib4veM/2XvgP4r+P1jeaZ8avEHwy8Lap8T9Pv8ARbXw7e2fjK70+KTW7e60Kyt7S00qaO7Lq9jb20EMBGxIlAxQB9HUAFABQAUAFABQAUAFABQAUAFABQAUAFAHyB+2X/yJ/wAIv+zj/g3/AOnu5oA+v6ACgAoAKACgAoAKACgAoAKACgAoAKACgAoAKACgAoA//9D+/igAoAKACgAoAKAPHfDPxOl174zfE/4XNoSWkXgDQ/BGrR68J2d9XbxZZ3ty9u8BhRYf7P8AsoRWWaUyB8kJgCgD2KgAoAKACgAoAKACgAoAKACgAoAKACgAoAKAPnP9kTxx8UfiX+zD8CfH/wAbNCuvDHxb8X/DTwvr3xE8PXug3Xhe70fxZqGnxTavp9z4dvYoLvRpre5ZkfT7mGKa2I8t0BBFAH0ZQAUAFABQAUAFABQAUAFABQAUAFABQAUAfIH7Zf8AyJ/wi/7OP+Df/p7uaAPr+gAoAKACgAoAKACgAoAKACgAoAKACgAoAKACgAoAKAP/0f7+KACgAoAKACgAoA8h8NfFC01/4w/Ev4WR6CbO7+H+ieCtXudfN5HINYTxbaXdzDbizWzjktv7OFqYzJJeXIm8zKRw7SGAPXqACgAoAKACgAoAKACgAoAKACgAoAKACgAoA+ef2S/il45+N37M/wADvi78TfC9t4K+IPxF+G/hnxZ4w8JWem6xo9r4e1/V7CK51DSoNK8QXV7rdhFaTu0aWuqXdxexAbZ5WcZYA+hqACgAoAKACgAoAKACgAoAKACgAoAKACgD5A/bL/5E/wCEX/Zx/wAG/wD093NAH1/QAUAFABQAUAFABQAUAFABQAUAFABQAUAFABQAUAFAH//S/v4oAKACgAoAKACgDyTw38RdC1v4vfEn4cWmhvaa94I0XwZqmr66fs+zV7bxNaXdxp9uuyMXGdPS3eNvPkdfn/dBRkUAet0AFABQAUAFABQAUAFABQAUAFABQAUAFABQB85fsh/GHxB+0D+zB8Cfjb4r8P2HhTxJ8Ufhn4X8aa34b0uK9g07RNR1vT4ru506yh1Ka4v47e2kcxxpdzyzhQBI7MM0AfRtABQAUAFABQAUAFABQAUAFABQAUAFABQB8gftl/8AIn/CL/s4/wCDf/p7uaAPr+gAoAKACgAoAKACgAoAKACgAoAKACgAoAKACgAoAKAP/9P+/igAoAKACgAoAKAPJPDfjXwbqvxe+JXgjTNCe08aeFNF8Gah4o142VnEmsWOvWl3Nodut9FK17dnT4YJo2juoo0g37YCysTQB63QAUAFABQAUAFABQAUAFABQAUAFABQAUAFAHzv+yT8aJf2i/2ZfgZ8dpvDtp4Rl+LHw28MeOJPDFjO11Z6E+vafHeHTLa4eKFpobUv5aSNFGWAyUXIFAH0RQAUAFABQAUAFABQAUAFABQAUAFABQAUAfIH7Zf/ACJ/wi/7OP8Ag3/6e7mgD6/oAKACgAoAKACgAoAKACgAoAKACgAoAKACgAoAKACgD//U/v4oAKACgAoAKACgDyTw34l+Hl98XviV4Z0XQ0tPiNoOi+DLrxtro0mztpNX0zVbS7k8MwPq8UrXmpDT7eK4jWG6ijSz3lICwdjQB63QAUAFABQAUAFABQAUAFABQAUAFABQAUAFAHgf7LPxpsf2jf2c/gv8d9M8LHwTp/xY+HnhzxzZ+ETqEOqnw7b69Yx3keknUrfT9JgvTaK/lfaItNskk27hbRZ20Ae+UAFABQB8a/t6fGfxL8Gf2cfE8nw5nWP4z/FXVNE+BvwLi2tJKPiv8VLlvDuga2kCMj3Fv4F0+XWPiNq0SMrHRPB+pkcgBgD8q/8Ag3h/af8Ail4x+Afxi/Yc/ac1WW7/AGrf+CfnxX8QfBb4h/b7qa4vtc8H/wBpX8/gXxPbyXJM1xpBtob3w5Y3zF/t39gSXYdklV5QD+h6gAoAKACgAoAKACgAoAKAPkD9sv8A5E/4Rf8AZx/wb/8AT3c0AfX9ABQAUAFABQAUAFABQAUAFABQAUAFABQAUAFABQAUAf/V/v4oAKACgAoAKACgDyTw3qfw1uPi98StL0Kxjh+Jun6L4Ml8eX62TxSXmlXdpdt4Wje+PyXYt7ZblVjUZg3bTncaAPW6ACgAoAKACgAoAKACgAoAKACgAoAKACgAoA+fP2UPil4V+N37NfwR+LvgfwfH8P8Awh8Rfhx4Z8WeHPBMRtDH4X0nV7CO5s9FQ2FrZWRWxicQg21pbwnb8kSjhQD6DoAKACgD8TPjzd/tEftUf8FBNJ0b9mHWfgqnhb/gn1oX2jxdc/Gfw1408X+EdQ/aN+NXh+KeGy0+18C+NfBNyviT4Y/CeTTnSe61W4Syf4n61Yy6eLmIugB+Pn7Qdz+0r/wS1/4LXfsz/t4/tEaj8F0+EH/BQKO3/ZZ+Pl98DfDPjbwj4L03xZp0Gjaf4D8V+KdN8beNfGrRa2b6TQVXWxqVtb/2a/iq5eBZVuriUA/syiliniinhkSWGaNJYZY2DxyxSKHjkRlyrI6sGVgcFSCM5oAkoAKACgAoAKACgAoAKAPkD9sv/kT/AIRf9nH/AAb/APT3c0AfX9ABQAUAFABQAUAFABQAUAFABQAUAFABQAUAFABQAUAf/9b+/igAoAKACgAoAKAPJPDbfC4/F74kroHl/wDC010XwYfiDtj1IS/2QbS7/wCES3yToNMdfsv2rYNPdpV5+1hXKbgD1ugAoAKACgAoAKACgAoAKACgAoAKACgAoAKAPn/9lPx78N/il+zd8E/iL8HvCK+Avhb40+HXhvxD4C8Frpmm6MvhjwxqNhHPpWjDStHeTS9PFlbssQtbB2totu2JiozQB9AUAFAFe8tkvbS6s5JLiKO7t57aSWzuZ7K7iSeJomktby1khurS4RWLQXNtLFPBKFlhkSRVegD4/wD2Y/2D/wBnz9kPxR8WfGHwUt/ijYa38cfGOofEL4pP40+OPxg+J1j4s8c6rHaw6j4tvNL+InjTxLp0XiG7trKztJtWtbaC9eztYLUyiCNEoA5T9uH/AIJrfsl/8FGNC8LeFf2tPCXjf4geFfBupQ63oHhfRvjD8WPh74cttdtxdrb69caJ8P8Axj4a02+1y3ivrm3g1e9t7i/htnFtHMsKIigH1n8Lfhr4e+D/AIB8NfDfwpe+LL/w74S02HSdHuPHHjXxX8Q/Ev2C3Gy3h1Hxf421fXfE2rmCMLDDLqeqXUscKRwo6xoiUAegUAFABQAUAFABQAUAFAHyB+2X/wAif8Iv+zj/AIN/+nu5oA+v6ACgAoAKACgAoAKACgAoAwvEfifw54P0p9c8Va5pXh3Ro73StNfVNZvrfTrBdQ13VbLQ9Fsjc3UkUQutV1nUdP0rT4N/mXd/eW1rCrzTIjgG6CCARyDyD6j9f5/nQAUAFAH5sSf8FOvg4PCXiL4023hLxre/st+FPi+3wR1z9o+2/sR/B9v4rh8YJ8PLzxNb6L/aX9u3fwu0/wAfSxeDr7xxHDvj1WVL2LQ5/DQl8QQAH6Q29xBd28F1bSpPbXMMVxbzRtujmgmQSRSxsMBkkjZXVgOVYHjNAH5seCP+Ci2r/E/43WXws+HP7GH7VPiT4f6n4v1Hw3pf7TcujfDvSvgDqmkaTLdpdeONN1268ev4tvfCl4llK2hXkPg4zay81iIYIbe5+1IAfpbQAUAf/9f+/igAoAKACgAoAKAPJPDmn/DCH4vfEnUdAuUk+KV7ovgyLx/bC61KR4NItrS7Xwmz2s5OmW4ltmuir2AWWbGbrLBKAPW6ACgAoAKACgAoAKACgAoAKACgAoAKAMLxR4l0XwZ4Z8ReMPEl9Hpnh3wpoWr+Jdf1KbPk6fouhafcapql9LjJ8u0sbWeeTAztQ4zxQB/Cr8N/BP7dn/B0N8ZfjR8T9d/aO+IX7H//AATF+E/j3V/hv8OPh78OLkweI/iRd6ZIjzTX8UU9vpOs6wljPb3er+LPENtrthY312+g6FpUMFpOluAeU+Kf+Cev7V//AASI/Zh+HX/BVn/gkn+2P8dvif8As6WHhjwv8S/ib+zf+0BHpX2jV/hZ4gey83UNY8PeF5Y/B2rw263aW+qWNrpEWteHIJn1rRtfZrWV4gD+2L9g39rrwb+3b+yR8D/2q/AtpLpmjfF3wVp2v3WhzzJcXHh3xAim08SeHbmePEc0+ia3Be6dLJGArPb5GeSwB9d0AFABQAUAFABQAUAFABQAUAFABQAUAfIH7Zf/ACJ/wi/7OP8Ag3/6e7mgD6/oAKACgAoAKACgAoAKACgD8N/+C+Phu08Qfswfs3C61PxJpoj/AOCg/wCxfYNJ4d8U+IPDDm21n4waTY3ck0ug6jp7yXNtFibS72Vjc6Peqt/pktrdqJqAP1L+Kk8Xwp/Z08YT6X8T9T+G0XgvwDctZ/FjxZZ618X9V8KJp9oix+Jtbstbk1zXfHN1aAebcx6hJqN7qTktM0zlmoA/n3/4b08R/wDScrwh/wCK4dS/+YWgD+hLw/qXiHxh+zlZ6p4c8bw+PPFXiP4STXOgfEGDw+3haDxRr+peF5m0rxNH4aeK0bQ49R1CW3vl0pobdrIP5BRCuKAP5jvBEuiW/wDwam/FKz1CEm6tvgj8SvDmsWhjZbw/Ej/hcM2iSWLW5UzjWZPHckFulqUN42pPHCoa5KUAf0yfALwxrU37MXwl8H/EGe6uNcufgx4S8P8Ai24tbu7sL2W6u/CNnY6q9vfWs8V9ZXREsvlXdtcxXdtNiaGaOZFdQD8QtV/Ylv8A/glD+1B+yD41/Yj+K/xht/2fP2iv2gbf9n74z/shePviJ4p+KPgJ7bxX4H8d+NLD4k/DkeNNU1fXfCmteFbrwZdTa5NDqN1bT6XcQ2scVrCJElAP6PaACgD/0P7e/hp+zp4R+FngDxh8OdE8c/H3xFpHjU6qdS134l/tGfG/4p+P9J/tfRotDuP+EP8AiP8AELx34k8ceCfs1tEt3pX/AAimu6T/AGRrLS67pv2bVpZLxgCv8Kv2avB3wg8N+MPC2gePf2hfE9l42gnt9R1H4q/tK/Hb4v8AiTSUuLCTTmfwf4o+Jnj/AMU+IPBM6RStPBceFdT0ma3v1j1GF1vYo7hQA+Df7Nfg74IR+Ko/DXj39oXxaPF8NvBft8ZP2lfjt8cJNMW2W7VH8KyfFjx94vfwhPILyQ3E/hptKmuWitGnZzZWxiAJPgt+zf4Q+BWo+KNU8M+O/wBoHxhN4tSyS+t/jT+0j8c/jrp2mCwnvbiI+F9M+Lvj3xjp/hN5mv5UvX8OW2mNfwQ2VveGaGws0iAKXwj/AGYfBfwY8Va74v8ADvxB/aO8VX/iC3ltrrTPi5+0/wDH74z+FbJJro3bSaF4Q+KPxD8V+GvD9wsh8qK50bS7KeG1xaROtsBGoAnw0/Zg8F/Cv4g638SND+IP7R/iLWNettStbrQfiX+1B8f/AIqfD6yTVL2C+nk0T4b/ABD+IniTwNoNzby26w6bdaPoFlcaXZPPY6fLbWc80EoBwfw2/Zh+Cfgj9p74q/Gnwv8AEj426z8XfE9hZP468G+Jf2jfjL4x8BaTYay0l3o5tvhR4i8a6l4G0WzhSKZPC9va6DFa+HLE3Fl4di0yznmhcA7zRv2X/BWifGK++Ntt8Qf2j7vxJqGo6rqcvhLWf2ofj/rfwdhm1dJUngsfglq3xEu/hRp+nWwlY6Vpll4QgsNIdYn023tnijdAB0f7MXguL40L8dF+IH7RreJlvrjUB4Qk/ad+PkvwXMtzp0+mPC3wLk+Ib/CNrGOG4ae309vB32K21FINUggjv4IbhACTXP2ZvBuv/GWz+OF14+/aJsvEtlNps0fhHQ/2mfj1oHwambS9MTSYEvPgdo3xBsvhNew3ECC51KC68HyxapqbPquoJcai73TAEHjH9l/wV43+K2mfGDUviD+0hpPiDSbnRbqDwx4O/ah/aA8E/Cm5fQlgW1j1P4PeFPiJo/wy1W2vBAp1q11Dwtc2+vM87axFetNKXAJviF+zL4M+JPxI8OfFHWPH/wC0VoOteGJtFnsvD3w9/aa+PXw2+G+oNoWoLqNqniP4XeBfiF4f+H/ieG8mQQa1Br/h3UYde08tp2sJe2LvbsAL8W/2Z/Bvxl8XeGvGniHx9+0T4W1Hwta2lpZaV8JP2mfjz8GvCOox2epz6rHJ4l8F/C74geFPC3im6lnna2u7zxBpWo3N5piQaVcyzadBFbRAEfxj/Zi8GfG/U/Duq+JPiB+0b4Sn8M2A0+ztvg5+098fPghpmoRC4a58/wARaV8J/iH4P07xNfl2MZ1DXba/vDb7bYzmBVRACz8Z/wBmzwd8c7bwxa+JvHn7QnhBPCkNzDYyfBj9pT46/Ay51JbqO2jdvE918JPH/g+fxZNGLVGtp/EUmpTWsklzJbuj3VwzgE3xi/Zy8I/G3RfCmh+JPHXx+8JW3hD7T/Z958Hf2jfjh8Eta1P7VbWdq48V678KPHfhDVvGHlpZRSW3/CTXeqfZbmW8urfy7i+vJZQCH4kfs2eD/ih4I8IeAda8eftCeHtL8FpCmnaz8N/2lPjr8L/G+qiGzislPi/x98P/AB94c8Y+NXaOJZZpPFWs6s8140t7KXu5ZJmAJvGn7OfhHx18KvC/wg1Pxz8ftH0DwmdGNh4n8F/tGfG/wL8VdS/sSwudPtv+Eo+L/hHx3o3xL8Wi7iuXn1keI/FOp/23fx22oat9svba3uEAGeI/2b/CHif4Q6B8Fr3x3+0Dp/hzw6+mvaeK/Dn7SPxz8MfF6+OlQ3EMA1/41aD490/4qeIkuFuXfUo9b8WX6arNHbzagLiW2t3iAGXH7Nng+5+DNt8DX8eftCR+GrWVJk8XW/7Snx1tvjNIyXkt8FufjlB4/j+LV1EZZWieG48YyxPZrFYuhs4o4FAPPfiv+yLonjH9jT4w/sk6B47+Mb2HxE+GvxB8H6d418Y/HT4veMPiXb6l4ttNRms31P4t+JPF2sfEq+0eLVLqG0vdJuvEd1p9z4VN14TmtJvDt1caU4B/KL/wbe/tNfAr4N/Av9ov/gkB+194+1r9mD9on4b/ABv8dxWdhrHxU8T/AAR8WeLtJ1nWItQuB4B+Ieka/wCF9W8O+KNP1SzuYZrDwxr+n6hqujzRanZSX8WoaoqAH0h/wUS/br/4JwfsYf8ABGPxl8Ev2aPiv4q8d6j+1X8Hrfwj+zv8BvFHxy+IXxl+KGi6H8QtMsdFtDLY+MfG/jjxR8OPBmg6Gs0tl4bF5YaTd6wV03TtMuXvtSlQA/Sf/ggd+xJ4s/ZP/wCCTHwU+C3xWuPiJoHjn4leFfEPjrx1oVz488aWGtfD25+Kf2vUP7A8GvDrUU/wu1PRNM1GB5h4Cl0JrXxaL7xTDKfEN5c6rOAfqH8J/wBmnwd8HdB8X+HfD/j39obxRaeNbeS21G++LH7S3x3+MWvaSktnNYmTwh4i+Jvj/wAU634KuFinaaO58K3+kTx3iQ30bpdwQzKAP+DH7Nng/wCBjeKX8M+PP2hPF58WxWkN+PjP+0n8dfjmumLZm8MbeFl+Lfj/AMYL4Sll+2yi7m8NjS5bwRWYuXkFlaCIAT4M/s1+D/gbq/iXWfDXj39oTxfceKo7aO+tfjN+0p8dfjlpGnC1uLq5RvDWjfFrx94x0vwrJI95JHcyeHrXTXureK1trgywWdskQBU+Ev7MHgr4N+Ltb8Z+HviD+0f4p1HX7a4tbrSvi1+1B8f/AIyeEbJLm7W8eTRPBnxQ+InirwvoNyki+Vb3Wj6TZXFtaFrOCSO1YxUAO+G/7MPgv4X/ABF1z4m6L8QP2jvEGs6/b6pbXXh/4kftPfH34ofDqyTVr23vp5ND+Gfj/wCIfiHwFoFxbS2yRaXc6N4dsp9JspLiw02S1s7m4hlAJfDH7M/g3wn8Xde+NFh4+/aI1LxF4hutau7vwp4n/aY+PHiz4RWMmu3KXN1HoPwX8R/EDU/hb4etbN0Eei2mi+E7G20K2L2ujx2duzowBX0r9l/wVpHxju/jdb/EH9pC68SXmo6lqcnhLVf2of2gNX+DkU+qwywz29p8ENS+Ilz8J7PTrdZmbTdLtvCEWn6VMsU+n28EsMToASj9mTwYPjTH8df+E/8A2i/+EmivZb5fB5/ab+PZ+CzSzaXNpLRSfAr/AIWF/wAKils1gna5isZPBzWkOqJDq0UK6jBFcIAHiD9mTwZ4j+MVl8brzx/+0XY+JLGfS7iPwl4f/ac+Pnhv4OzPpOnx6bbpe/BLQ/iDY/Ci+guYYhPqlvd+D5odX1BpNS1JLq/le4oAi8afsv8Agrx18VNK+L2p/EL9pDR9f0e50S6t/DPgv9qH4/8AgX4V3T6CYTax6r8IfCPxD0f4a6xbXhgX+27TU/C93b6+HmXWIrwTy7wCx8Rf2aPBvxN+Ivhn4m6z4+/aI8P6z4Vk0aWx8P8Aw6/aY+PHwx+HWpHRNS/tS2XxN8MvAXxA8PeAvFUd3OPs+sx+IvD+pJrmm/8AEq1VbzTybegBvxd/Zl8GfGjxV4c8X+IvH/7RXhS/8MWdtZWWmfCL9pv49fBfwrqEdrqU2ppL4j8IfCz4g+FPDXie8kmna3ub3X9M1K6utNSHTLiWWwgit0AG/GT9mPwX8cL7w7qHiX4gftGeEZfDNibCzh+Df7Tvx8+B9jqERm87zvEWn/Cb4h+ELPxNfbvkGoa9DqF6If3InMWUUA+Y/wDgoz8CfDHxX8EfAS313xh8afDieHvj38MtJtH+GPx3+L3wonvrfWtSjtbm5125+HXjLw1N4h1S1Swik0jV9aa91LRbma9utKurO4vryScA+qPi7+zh4Q+M+geE/DniLx1+0B4VtPBwnGn33wi/aQ+OXwY1/VPPtrS1Y+LPEXwt8eeFNb8ZFI7KOSA+KL/VTBcy3d1Dtub26llAI/iJ+zZ4P+JfgLwj8O9Z8eftCaBpPgtLZNO1z4d/tKfHX4aePdVFrZpZIfF3xE8B+P8Aw/428aPJGgluX8U65q73V4z31wZLtmnYAseMv2dPCPjf4TeGPg5qXjn4+6T4e8KHRPsPijwb+0X8b/A/xZ1H+wbC6061/wCEn+MfhPx3o/xP8V/bIrp59b/4SPxVqY16/jtdQ1j7be2tvcRAEOvfs3eD/EPwf0T4KXfjv9oOy8OaDJYSWvizQf2kvjp4e+MF42nJcJCNb+Nei+PrH4q69HOLlzfxax4tvY9RdLdr5Z2trdkAEk/Zt8HyfBiL4GHx5+0GvhmGUSr4vj/aT+OkfxnZhqD6ltl+OaeP1+Lc0XnSGAxSeMWj/s8JpxT7DGluoBNp/wCzp4R074J3nwHh8c/H2fwvei5EnjHUP2i/jfqPxsi+1a4uvubP4833ju5+L9kY7pBZWxtPGcJtdDLaBb+VozNZMAQeG/2bPB/hb4Sa/wDBqx8eftCaj4e8RPcvd+KfEn7Snx18U/FuxN1PDcSDQPjN4h8fal8UPDqRtAkdsmieK7FLWBpre2WKGedHAOj+C3wS8N/Arw5f+GPDPiz4xeMLLUdWk1ibUPjT8bfit8dfEcFxJbW9qbWw8T/F3xf4y1/TtJVLZJI9HsdQt9MjuZLi6S1W4uZ5JQD2GgDwf9pL9mv4RftZfCnVvgx8bdAvfEHgfVtU8P695Wk+INe8J67pXiHwprFpr/hrxB4f8T+GNR0nxBoGt6JrFja31hqWk6lZ3UMkeBKUd0cA9N8IeDNF8FeEtG8F6UdUvtH0TToNMhm8S61qvivWr+KCMIbnXNf8Q3ep6zr2pXRBlvtT1e+vb++nZ57q4lld3oA0v+Ec8Pf9AHRv/BZZf/GKANaOOOJFjiRI441CJHGoREVeAqqoCqoHAAGB0GaAPiy//wCCfn7Mmo6jqRm8Ja1H4P1v4pQ/GzW/hPbeMfFNt8INY+K0Oqp4gXxnqHw1h1dfCU97J4kjj8U3VidKGk3niyNPFF3Yz68q6jQB3Pir9kL4JeM/iJ8Tfijrul+Kn8WfF34OW3wI8Zy6f8QfG+j6ZN8PLVtWaCz0XRtL1600rw3rUR1m9MXifQbTTvEETtHLHqKSRI9AFX4N/sffCX4Lr4Pl0+/+JnxC1T4faffaX4F1z40fFb4gfGHWfB9hqKpDeReG7/4heINfl0aa6s4rbT7u+sWhv76wtLS0vLmeG3jRAD6noAKAP//R/v4oAKACgAoAKACgDyTw34N8EaZ8XviV400nxCl7458UaL4MsPFnh4arp1w+i6fodpdw6BctpMAGpacNTgnnkWa+LRXnl7rXCo9AHrdABQAUAFABQAUAFABQAUAFABQAUAFABQB+QP8AwUQ/4Ic/sAf8FLdbtvHnx3+HGqeHfjDY2dvp9r8aPhZrc/gv4gSWFqhjt7XV7q1jm0jxKltGUis38SaVq01jDGsFlJBE0iuAfGv/AATT/wCDez/gkp8C5vhf+1z8HdK8cftLX+paVo3jn4N/EP47a5c69aaLp95EL3Rtc0TwS2h+FtCtNQiVorjT7zWPC7avpUyLJayW0pcsAf0jgAAAAAAAAAYAA4AAHAAHQD+lAC0AFABQAUAFABQAUAFABQAUAFABQAUAfIH7Zf8AyJ/wi/7OP+Df/p7uaAPr+gAoAKACgAoAKACgAoAKACgAoAKACgAoAKACgAoAKAP/0v7+KACgAoAKACgAoA8i8N/D/wANaN8YPiV8QrHxA954n8Z6J4L0zXvDxurCRNFtPDdpdwaVcrawxjULc6lHcSSM97I8cvl5tgqhxQB67QAUAFABQAUAFABQAUAFABQAUAFABQAUAFAHz/8AsqaV8GNE/Zv+Cmkfs7ai2r/AvTvh14btPhTqjT6vdNf+CIbCNdCuTca/FDrUxls9jeZqcUd43WdFc4oA+gKACgAoAKACgAoAKACgAoAKACgAoAKACgD5A/bL/wCRP+EX/Zx/wb/9PdzQB9f0AFABQAUAFABQAUAFABQAUAFABQAUAFABQAUAFABQB//T/v4oAKACgAoAKACgDyLw38NbHQvjB8S/ibDrz3d9470XwXpV5oBWEJo8fhW0vLa3uVZZDMx1FbkyHzY0UeX8hYZNAHrtAHlvjD45fBT4eaqNB8f/ABh+FvgbXDbxXY0bxh8QfCXhnVTaz58m5Gna1q9jefZ5QD5U3kmOTB2scUAWvB3xk+EPxDuXsvAHxV+G/jm8jR5HtPB3jjwx4muUjj2+Y7waLqd9KqIWUOxG1dy7sZAoA9IoAKACgAoAKACgAoAKACgAoAKACgD58/ZQ8JfCrwH+zX8EfBnwN8SyeMvg/wCGfhx4Z0f4b+Kpb2PUpNf8I2VhHFo+qPfxW1nHdtd2oSUzpawLJuyIl6KAfQdAGVreu6J4Z0m+17xJrGleH9D0yE3OpazreoWmlaTp9uGVTcX2o381vZ2kIZlUy3E0cYZlBYErQB4t4Y/av/Za8bHVV8GftK/AHxc2hRXs+tr4Y+Mfw7186NBpsUk+ozaqNK8R3h0+KwghlmvZLvyFtYopJJ2REcqAe6WN9ZapZ2uo6beWuo6ffQRXVlf2NxDd2d5azoJIbm1urd5ILiCaNleKaJ2jkRgysQQaALVABQAUAFABQAUAFABQAUAFAHyB+2X/AMif8Iv+zj/g3/6e7mgD6/oA5vxX4y8IeA9Hm8ReOPFfhvwZ4ft5YoJ9d8V65pfh3R4ZpyVghm1PV7qzso5ZmUrFG86vIQQgYgigDzrR/wBpL9nbxDfw6VoHx8+C2u6pcttt9N0f4p+BtTv7hsgbYbOy124uJWyQMJGTkgdxQB7OrK6q6MrowDKykMrKRkMrDIII5BBwR0zkUAOoAKACgAoAKACgAoAKACgAoAKACgAoAKAP/9T+/igAoAKACgAoAKAPIfDXwum0D4xfEz4qNrpu4fiDongrSItA+xvGNHbwlaXltJci8N1Ilz/aJug+xbS3MHl4LzbsqAevUAfyq/8AB3ToHhp/+CeHwP8AFeo6ZpY1fTf24fgVoy6/cQW8d5aeHta8P/EiTXtOfUG2yR6XqC6XYvqEDyrbSrZQtMpESmgDzP8A4LRD/gnjrH7BulXX7JWt/BnVP+CiGnzfCq4/ZMg/ZC1nw3r37REnxEh1rw0urxWdl8ILu98WJ4ej8M/29Nq76vFHocd5b2Mlwy3kNsVAP6eP2VH+Lsn7NPwHk+P0flfG1/hR4Gb4qxZhLJ47Ph6x/wCEkVzATCZBqfn+aYzt8zd0oA9+oAKACgAoAKACgAoAKACgAoAKAPA/2Wfhz8OvhF+zn8F/hh8IvGH/AAsH4Y+Bfh54c8NeBfG41nRPEQ8U+GtLsY7fS9a/tzw3Db6Bqv263VZft2kQRWE+7fboqECgD3ygD+TTwn4mvv8Agsj/AMFsP2pvgV8YL6/1P9h7/gmEmjeHrf4CwarqC+B/i58d7zxBrOlJ42+JVhbT2+m+LLfQ9Q8M+I49P0HUrW806Cz/ALIVkd47yXUAD9mv23/+CVf7JH7Zn7M/jf4C6v8ABz4feFNSuvCOr2Hwv8ZeGPDun+Gdc+HHiwadcr4b1jRdV0S1tr60sbTUjb/2rp0LNa6nphurK6t5YpvLUA+1vgJ4I1z4afBP4UfDzxNc2l74g8EeAPCvhbWLuwmluLK61DQ9HtdOuZ7WaeC2mlhlkt2dHkt4XIbJjXpQB63QAUAFABQAUAFABQAUAFABQB8gftl/8if8Iv8As4/4N/8Ap7uaAPr+gDzz4uaFo3iX4W/EXQvEGmWOs6NqngjxVZ6hpupW0N5ZXdtPod/HLDPbzo8UiOjMpDKeG9zQB/KN/wAGvv7L37Ofxn/4JwfEO7+LfwR+GHxJu9Q/aY+NOk3l5428GaF4ku7jTLLWW0+0sJLnVbS6mNra2SrbQQBhHFEAqBQNtAGl8aJPGn/BCb/gpz+yFp/wY8b+Kb7/AIJ0/wDBQ34g3Hwf1v8AZp1/Xb/WPCvwN+L91f6Bptj4l+GEmr3N7J4X0nUNW8VaHPJpNoYbGS1utYsZI3g07RvsAB/XUCCAQcg8gjoR6jr1+v50AFABQAUAFABQAUAFABQAUAFABQAUAFAH/9X+/igAoAKACgAoAKAPG/DHw01XQvjP8UPibca4l3pXjzQ/A+ladoQimV9Jm8K2d5bXly0rTPDINQa5R1WKCJl2YkZzg0AeyUAfyz/8Hc91p0X/AATZ+CtvqFxaRJP+3j+z5NJFdyxIklla+Hfil9vldZWVTbQRzp9qdv3caSr5rKGG4A6T/guB8AP+Cefgv/gmL40+M3ibw78H/hF8e/Bnw58KeI/2bvif4Gj0Hwb8Y4virEuiyeHbTwFqvh2TTvEur/2nJNImp2FlJeWYsHl1W4hL2NvcQAH6g/8ABHPxt+0h8Rf+Cav7JfjL9rJdcPxx1z4W6PdeKLvxRBNb+KdUssOnh3WPE0Nykd0niDVdBXT77VxeRx3f22eU3KCYvQB+mdABQAUAFABQAUAFABQAUAFABQB8+fsn/C7wj8E/2a/gj8JPAXjGH4heDPh38OPDPhTwz44t7vTL6DxVo+kWEdtZa3FeaM8mlXKX0SiZZtPdrVw2YWK80AfQdAH8dn7LX2T/AIJK/wDBfv8Abn0P9ou9T4cfs9/8FMZ7L4mfAf4y+IVk0f4V3fj2DxFr3id/hrfeLL8JoejeJ4JvGWt6VHa6hqFqbh9LsSIwmr6Ql0Af1i/En40/Cf4QeEJfHvxM+IPhXwd4TSBJrbV9X1e1jTVmm2CzsvD9rE8t94k1bUpJYbbSNG0G21LVdXvLi2stMs7y7uIIZQDtPDmu2nifQdH8RWEGoWtlrenWmqWlvq1hc6VqcVtewrPCl9pt4kd3Y3QjdfOtbmNJ4XzHIodWCgG1QAUAFABQAUAFABQAUAFABQB8gftl/wDIn/CL/s4/4N/+nu5oA+v6AOM+I88Nt8PPHlzcSxwW9v4M8UTzzSuscUMMWh30kssjsQqRxorO7sQqqpJIAJoA/mQ/4NQ/FPhjRv8Agmd8Rb/WPEWhaVY6X+1J8cJdTvdT1ewsLXTom11rtZb+4up4orSNrR1uQ9w8Sm3YTAmM7qAOb/bj1DQv+CyH/BUT9g74DfsvahZfEr9n3/gn78T739or9pr9oHw4suufCa28bWGpeFtQ8KfCbw74xsDL4d8V+K/tnhTTZ7230XUrm3tLTU9Ra6lZrBbe6AP6xQAoCqAFUAADgADgADjAA4HH5UALQAUAFABQAUAFABQAUAFABQAUAFABQB//1v7+KACgAoAKACgDP1XVtK0HTb7Wtc1PT9G0fS7Wa+1PVtVvLfTtN06ytkMtxeX19dyQ2tpa28atJNcXEscMSKXkdVBagD84Phh+2z+xdr/7TnxMt9A/bw/ZX8YX/jjTvAfh3wl8OdD+P3w/1TWotd0K3vbPVLfTNOi8RyWt/falc3EQW10R7u8keLE0IdVCgH6XAhgGUhlYAqwOQQeQQRkEEcgg8+9AHy/8eP2JP2Pv2o76w1P9o/8AZj+Bvx01DS1VNNvPit8M/Cfjq4sFRNiC0k8RaXftBtQbFMbKQvyjAwGAOH8Gf8E2P+Cffw613TfE/gT9i79mXwl4i0e5t7zSda0H4M+BNN1LTbu0bfa3Fjd2+ipNbTW7DdDJEUaM8rt/iAPtaOOOJEiiRI441CJHGqoiIowqoi4VVUYAVRgDgY4oAfQAUAFABQAUAFABQAUAFABQB5P8X/jx8Ev2ffDQ8ZfHX4u/Db4O+FXleCHxB8TPGvh3wTpV1cxqrNaWV54i1DT4r28CuhFpaNPctvTETblFAHyf/wAE5/il+ypc/s6/Cb4Afs8ftW/Bn9pa5+B3w58O+CtU1b4c+OPCusazcweH7OHT/wC2tU8LaRr2rapokF24Rl+1h4QZFVLmXcGoA/QigDzH4tfBX4Q/HrwlceAvjZ8MvAvxY8FXc0Vxc+FfiD4Y0fxZoM08OTFO+ma1aXlqZY9x8uTyg6kkqe1AHzp8IP8AgnB+wt8BPFUHjf4SfstfBvwV4tsmlOleIdL8GaT/AGpoiTPLJJb6Ddz20suiWrPM5+y6a1vAMgCIBVNAH2yBjgcAcADtQAUAFABQAUAFABQAUAFABQAUAflZ/wAFFf2yv2S/g5a/CnwV8VP2lPgf4A8Z2fx8+E2t33hDxR8TvCGk+KdO0Wx1eaa81jUvD1zqyavpulW8TrJLqV9ZwWaocmbhioB+jnw9+Jnw4+Lfhix8bfCrx/4K+Jfg3VFLab4s8AeKdD8YeG78L977Hrnh6+1DTLkrkBxFcuUPDYPFADfiP8Mvh38YPCOqeAPip4J8MfEPwRrkfk6x4T8Y6LYeIPD+qRbXTyr/AErUobizuoykjqUmhddrsMEMaAPjnw7/AMEpf+CZ/hC5jvPCv7BX7Jnh25hmNxFNonwJ+HemOk7Y3TA2mgxDzWAwz43HHJONtAH2l4L8BeCPhxodt4Z8AeEfDfgrw9Zgra6J4X0bT9D0u3BJYiKy06C3gTLMTxGMkk96AOtoAKACgAoAKACgAoAKACgAoAKACgAoAKAP/9f+8j/hYfgD/oePB/8A4U2i/wDyXQAf8LD8Af8AQ8eD/wDwptF/+S6AD/hYfgD/AKHjwf8A+FNov/yXQAf8LD8Af9Dx4P8A/Cm0X/5LoAP+Fh+AP+h48H/+FNov/wAl0Afxe/8ABVP4m/FP/gsF/wAFbPDn/BHn4bfHK6+C/wCyB8EfCFl8Sv2oPGvhfxHZadJ47uPseh6rqNjBeSXCabq1zpUmvaL4Y8O6TqIurCy1T+3vEjWt+kC2bgHuXiz/AINVP+CVWuaZ8RvDnhDxHefDG6k8J+Gbf4RfFrRfj74g1/x1onjiz0+7HiHXfFXh7XtZn8J6np+qat9inl0+C2QC0FzBpDaE7RSRAHYf8G5f7dHxp0nxJ+1l/wAEuP2zfiTY+Mvih+wx4wbQvAXxQ1zxLBfN4t+Hf9r6toSaQmv6hctJrdv4evNJWfR7+Wd3/sDV9LsY9yWO9gD+qD/hYfgD/oePB/8A4U2i/wDyXQAf8LD8Af8AQ8eD/wDwptF/+S6AD/hYfgD/AKHjwf8A+FNov/yXQAf8LD8Af9Dx4P8A/Cm0X/5LoAP+Fh+AP+h48H/+FNov/wAl0AH/AAsPwB/0PHg//wAKbRf/AJLoAP8AhYfgD/oePB//AIU2i/8AyXQAf8LD8Af9Dx4P/wDCm0X/AOS6AD/hYfgD/oePB/8A4U2i/wDyXQAf8LD8Af8AQ8eD/wDwptF/+S6AD/hYfgD/AKHjwf8A+FNov/yXQAf8LD8Af9Dx4P8A/Cm0X/5LoA4v4kfHv4WfDL4d+PfiTrnjTwvNovw98F+KfHGsQ2niPRpLuXS/Ceh32vahFaxi6JkuJLSwmSBAMtIVUZzQB/DH/wAE8P2KNL/4OFfi98af+Cj/APwU/wDjFrGp/AqP4leIvAn7Pv7M2k/Ei78G+H7Pw94evdj5uLHVNO1XSvDGmZTS7a20SXTNS1nVrXVNX1nUb1rlNwB1X7ef/BAP4V/8E+f2T/D/AO2r/wAE3v2k9X+Gv7X/AOyN4V0fxv8AELUfDfxDvxoPxog8MrbN4u1/S/Deq+KPEt34X1Rokl1afw5bare+GNS0aLU9HvdLuvtKOoB/VD/wSx/4KBeFv27f2Df2ef2mfEuueFfDnjHx34PW18d6PLrmmWSWfjvwzd3HhzxeLW2uZ4p4rKTXtMvpbNZE3fZ3TlhhqAP0F/4WH4A/6Hjwf/4U2i//ACXQAf8ACw/AH/Q8eD//AAptF/8AkugA/wCFh+AP+h48H/8AhTaL/wDJdAB/wsPwB/0PHg//AMKbRf8A5LoAP+Fh+AP+h48H/wDhTaL/APJdAB/wsPwB/wBDx4P/APCm0X/5LoAP+Fh+AP8AoePB/wD4U2i//JdAB/wsPwB/0PHg/wD8KbRf/kugA/4WH4A/6Hjwf/4U2i//ACXQAf8ACw/AH/Q8eD//AAptF/8AkugA/wCFh+AP+h48H/8AhTaL/wDJdAB/wsPwB/0PHg//AMKbRf8A5LoA/EH/AIOA/wDgp1rH7AX/AAT+8TeNP2f/ABVod38e/i14s0f4NfDC/wBH1HTdXv8AwnfeJrPUrnWPGdtawTyYvdG0vT5LTSpmBa11rVtMvY1ZrXCgH4kfDr/g3g/YV8G/s2fCH40ft3/EXUf2iv2pfjb8SfhfqHxt8UeJfjlq+h6D4Yi+I17Je+K9B0c+HfFGlTTfZhcpBd+K9dvL3VJL1Jb2yl0mOdbKIA8m8U+HNE/4NyP+Ck37MPib9j39o0/Er/gnj+2f42svht8XPg3q/wASdG8eRfDbVptU0nRpdWmubTVrh4ofDa6/pXiDw/4o1COPV30i313QL6+1Hy5LxwD+5qH9or4AXEMU8fxw+EJjnijmjJ+JXgxSUkQOhKnWcqSrDIPI6HvQBL/w0J8A/wDot/wg/wDDl+C//lzQAf8ADQnwD/6Lf8IP/Dl+C/8A5c0AH/DQnwD/AOi3/CD/AMOX4L/+XNAB/wANCfAP/ot/wg/8OX4L/wDlzQAf8NCfAP8A6Lf8IP8Aw5fgv/5c0AdJ4Y+Kfwx8bX0mmeDfiN4E8W6lDbtdzad4Y8X+H9fvorVHSN7mS00rULq4jt1eSNGmaPy1d0UsCy0Ad3QAUAFABQAUAFABQAUAFABQB//Q/tn/AOGOv2Uv+jdfg1/4b3w1/wDK2gA/4Y6/ZS/6N1+DX/hvfDX/AMraAD/hjr9lL/o3X4Nf+G98Nf8AytoAP+GOv2Uv+jdfg1/4b3w1/wDK2gA/4Y6/ZS/6N1+DX/hvfDX/AMraAP4xv+Ckfwl8Lf8ABGT/AILN+Gv+CiXi/wDZu0n4nf8ABPD9qDwda/Dr4oaPofgbSta0n4TeKGsNEstUns9Kmtl0rTtbGo6BaeKNDF29jBrOk6tr+kWEzX1lIYgD7g8T/wDBYj/ggn8NZPi/8cj4u+B3xS8D6r4J8G3Hwm+DHhD4PavL4+v/ABTp2mXn/CQ6Mvh/XPA2k6V4Uub6/ltEu9T1nVLSwdY5Z4Zb1ooo5wDyn/g3N/YQv/2hviB+2N/wVJ/ai/Z68IeEPC/7XXjSWT9nz4Q+IfBljFpXh/wBFrWraxceItF0LUbIiz0PUDf2Gi+HpzbxNe2GhtqlvJPY6jbTOAf1X/8ADHX7KX/Ruvwa/wDDe+Gv/lbQAf8ADHX7KX/Ruvwa/wDDe+Gv/lbQAf8ADHX7KX/Ruvwa/wDDe+Gv/lbQAf8ADHX7KX/Ruvwa/wDDe+Gv/lbQAf8ADHX7KX/Ruvwa/wDDe+Gv/lbQAf8ADHX7KX/Ruvwa/wDDe+Gv/lbQAf8ADHX7KX/Ruvwa/wDDe+Gv/lbQAf8ADHX7KX/Ruvwa/wDDe+Gv/lbQAf8ADHX7KX/Ruvwa/wDDe+Gv/lbQAf8ADHX7KX/Ruvwa/wDDe+Gv/lbQAf8ADHX7KX/Ruvwa/wDDe+Gv/lbQAf8ADHX7KX/Ruvwa/wDDe+Gv/lbQBw/xO/YF/ZP+JPw1+IXw6k+BPwn0SPx94H8WeCpNa03wB4dj1HSE8U6Df6G2qWEiWMLx3tgt+bu1dJYnWeKNlkQgPQB/FR/wSY/aW/ZU/wCCSPxO+OP/AAS8/wCCuvwb8G/DbXPCHxQ8ReJ/gp8fPG3wyHijwt4k8H+IbuSaCC91i20jVtUfQtTnjbVfDPiK1tLzTPJv59L1RtKm03dOAdB+3D/wUE/4J4+B/wDgnb8PP+CdX7EWg/C79tv9vX4s/DLwr8BIfGfwg+FV7qVlY6nqUEGl+IvEyeIda0TTtT1fxLrFkLm30e302S+eya8m1fWdQsU07ybgA/pa/wCCT3/BKT4QfskfsAfs5/BH41fB/wCGPjD4u6F4P/tz4lavrfhDQ9ZvYvGvi++uvE/iHSBql1a3M95a6LqOqT6XZzO67re1jxGigKoB+iv/AAx1+yl/0br8Gv8Aw3vhr/5W0AH/AAx1+yl/0br8Gv8Aw3vhr/5W0AH/AAx1+yl/0br8Gv8Aw3vhr/5W0AH/AAx1+yl/0br8Gv8Aw3vhr/5W0AH/AAx1+yl/0br8Gv8Aw3vhr/5W0AH/AAx1+yl/0br8Gv8Aw3vhr/5W0AH/AAx1+yl/0br8Gv8Aw3vhr/5W0AH/AAx1+yl/0br8Gv8Aw3vhr/5W0AH/AAx1+yl/0br8Gv8Aw3vhr/5W0AH/AAx1+yl/0br8Gv8Aw3vhr/5W0AH/AAx1+yl/0br8Gv8Aw3vhr/5W0AH/AAx1+yl/0br8Gv8Aw3vhr/5W0AfhZ/wcM/8ABJXQ/wBpn/gnx4iu/wBkn4MeC9G+O3wO8YaP8Y/D2keB/CWk6Zr3jbQvD9lqVt4n8KafHYWCSajqMtndwa1p+nEu9/PopsLaKW6vIYnAPzK+Fn/BWL/gjH+1R+yJ8HPB37SXw6+BvwG/aA8F/EP4T6P+0R8JPib8Ho4bC7tvCt89n4y1bT7yDwreaZrPh27mszdXGi3rw69asfs13pEhRJnAPin4u/Dv9iX/AILVf8FOv2W/2av+CWH7Inwt8E/sj/s6+MIPiH+1D+0N4L+COj/Dbw98Q9Ct9V0jUdS8Paj5Xh3TL+Xw/qFjoi+GfC2k6/Bb6lqt7r2t6mdITTrWWRQD+1qH/gkR/wAEuYYYoR/wT8/ZDkEUccYeX4B/Dh5H2IF3yOdCBd2xl2IyzEk4zQBJ/wAOjP8Agl1/0j6/ZA/8MD8N/wD5RUAH/Doz/gl1/wBI+v2QP/DA/Df/AOUVAB/w6M/4Jdf9I+v2QP8AwwPw3/8AlFQAf8OjP+CXX/SPr9kD/wAMD8N//lFQAf8ADoz/AIJdf9I+v2QP/DA/Df8A+UVAHsvwQ/YV/Yy/Zp8VXfjn9nv9lr4D/BXxlqGkT6BfeKPhl8MPCXgzXbvRLqe3urnSbjU9C0y0u5tPnubS1nltHl8l5beGRkZkQqAfVlABQAUAFABQAUAFABQAUAFAH//R/v4oAKACgAoAKAOO8f8Aw88B/FXwjrfgH4meDvDXj7wT4kspdO1/wn4u0XT/ABB4f1iwnXbNaajpWpwXNldwSKSrRzQupBII7MAfjv8AC7/ght/wTn8D/tOfEf4lJ+wj+zxbeE4LLwFqXwwE/gTwzqGk6R4nsobqfxHe6T4duILi10q5g1BbKaCb7DCqSIslns2EqAftfZWVnptpbafp9rb2NjZwx21pZ2kMdva21vCgSKGCCFViiijRVVI41VVUAAcfKAWqACgAoAKACgAoAKACgAoAKACgAoAKAPlL9qL9hz9kf9tLQLTw3+1H+z/8M/jRYaaXbSJ/GvhjT9S1fRHkBEkmh640I1fR5HU4aTT7y3dgcFscMAfIv/BND/gkh+yn+wD8JvhhJoP7PnwX0j9pTTPAmh6P8Tvi/wCGtAi1bX9e8TwWaprl1pXi3W7CHX4tLvLvzJkgjTTom3bjaRn5aAP1noAKACgAoAKACgAoAKACgAoAKACgAoACAQQRkHgg9CPQ9ev0/OgD8N/+ClP/AASm/wCCeXx01L4e/Fj4k/sofCPWPiR4o+O/wy0HxT4zsvDlvoPiDxTpWuaxPFqtt4l1HQv7OuNd+1xKsUkupvcTCNRGsgQAKAfqn+z9+zH+z5+yp4Gt/ht+zl8Hfh98GfBFvJ5//CPfD7wxpfhuxubsokcl/frp1tA+oahOsam4v7157q4cb5pXc7qAPdaACgAoAKACgAoAKACgAoAKACgAoAKACgAoAKACgD//0v7+KACgAoAKACgAoA8b8MXPxSf4z/FC28QQyL8K4NC8Dv8AD6YxaSscmry2d6fFqpNbZ1eQpdLa7l1LbCmcWeULmgD2SgAoAKACgAoAKACgAoAKACgAoAKACgAoAKAPnj9krwN8Uvhn+zN8Dfh/8bfEX/CW/Fzwf8NvDGgfEXxMNb1DxJ/bnizT9Pig1fUv7e1W3tdS1b7Tcq0n26+toLmfO+WNWJCgH0PQAUAFABQAUAFABQAUAFABQAUAFABQAUAfIH7Zf/In/CL/ALOP+Df/AKe7mgD6/oAKACgAoAKACgAoAKACgAoAKACgAoAKACgAoAKACgD/0/7+KACgAoAKACgAoA8b8Ma38SLr4z/FDRNc094fhrpWheB7jwLqBsreJL3VL+zvX8URreoPtF2ba4S2Vo5jst922MfMTQB7JQAUAFABQAUAFABQAUAFABQAUAFABQAUAFAHzj+yD4f+MHhX9l/4EeG/2gNT1DWfjZonwz8L6d8UdV1bWv8AhI9S1DxpbafHHrd1fa6ZZ/7WuZbsO0l950vnt8+85zQB9HUAFABQAUAFABQAUAFABQAUAFABQAUAFAHyB+2X/wAif8Iv+zj/AIN/+nu5oA+v6ACgAoAKACgAoAKACgAoAKACgAoAKACgAoAKACgAoA//1P7+KACgAoAKACgAoA8b8MeK/Hmo/Gf4oeEtX0N7TwD4c0LwPe+D9dOmXUCatqOs2d7L4ht11OQ/Zb86fPDAjRW4D2m/bNyy7gD2SgAoAKACgAoAKACgAoAKACgAoAKACgAoAKAPnL9kKz+M+n/swfAiy/aKbUH+Otr8M/C8PxXfVb7TtT1JvHCafENdN7qGkXN5pd5cm83+bPYXU9tI3MUrrhqAPo2gAoAKACgAoAKACgAoAKACgAoAKACgAoA+QP2y/wDkT/hF/wBnH/Bv/wBPdzQB9f0AFABQAUAFABQAUAFABQAUAFABQAUAFABQAUAFABQB/9X+/igAoAKACgAoAKAPHPDHjvxdq/xm+KHgLUvD0dl4Q8H6H4H1Hw14iWw1OGTW73xDZ3s+tWr6hPK2l3g0ya3hjSPT4Y5bcSFbtmdkoA9joAKACgAoAKACgAoAKACgAoAKACgAoAKACgD54/ZK1T40a1+zN8DdW/aMt57T47ah8NvDN18WLa5sdF0yeDxxLYRNr0c2n+HUj0KzkW8LhoNKRLGM8QAJQB9D0AFABQAUAFABQAUAFABQAUAFABQAUAFAHyB+2X/yJ/wi/wCzj/g3/wCnu5oA+v6ACgAoAKACgAoAKACgAoAKACgAoAKACgAoAKACgAoA/9b+/igAoAKACgAoAKAEwMk4GT1OOT9T/jQAtAHzR8U/2wf2ePgp8XPhZ8Cvih47vPCnxP8Aja2tRfCvQbjwL8Rb/TvGdz4c0u41vXbHTPF2j+EdS8GR6jpWkWs+o3um33iGyv4bRUma2KSxMwB6L8HPjR8Ovj74E0r4mfCrWNS8QeCNc81tF1zUfCXjHwcuqwRO0f27T9P8baB4d1W70ycgvZarBYyabqEJW4sbq4gZJWAOf8V/tPfs1eBNev8Awt44/aG+Bvg3xPpbpHqfhzxX8WfAXh7XtOkdFkSO/wBI1fxFZ6haO8brIi3FtGzIyuAVINAHV/D74x/CH4tJqMnwq+Knw4+JkejvAmryfD7xx4Z8Zppb3IdrdNRbw5quprYvOqO0C3JiMoRzGGCk0AfnB/wU0t/jl4T+D3xl+OOi/t06j+x9onws8EXmqfBrTPDWn/CddG8e/Ei10P7douk/FG/+KfhbXLvXT4o8XhPCekeEvDGq6DZSaZPBd3P2rUJZpYgD7y/Zi8Q/FPxb+zt8EfE/xvtdEsvjB4g+GHgzV/iVa+GpbafQIfGd/oVlc68ujzWc1xaSaeb+SZrZraeWDy2HlOU20Ae6UAFABQAUAFABQAUAFAHzh+yB4q+Lnjj9l34D+L/j3p95pPxo8R/DLwtq3xN0zUNEh8N3tj4xvNPik1q2utBt7e0g0iaO7Lq9jFbQJAfkWJQMUAfR9AHxFq3/AAUZ/Y70Lxj8Zfh5q3xU1ay8c/s/z+Bbb4s+FJPhL8aW13w1L8TtYj0D4e/Y9Nj+Hb3HiuPxjq80VnoE/g0eIYNQLrNDI1uRLQB9lWusafd6RDryzPa6VPYLqn2jVLa60d7exaD7SZ7+11aGxvNNMUGZLmLUILWa1CsLmOJkcUAeAyftk/sgxO8Uv7Vf7N0ckbtHJHJ8cvhijxuhKujo3isMrqwKsrAFSCCARigD2/wp4w8JePNBsfFPgbxT4d8Z+GNUV30zxH4U1vTfEWg6ikcjRSPY6vpF1eafdrHKjRO1vcyhZEZGIZWWgD8ff27P2yPjP4U/aG/Yz8AfAnWLbQ/hXrH7aHhD4IfHXxatpFeT+M9W1XwD8QvEGo/DTw5dTZggsfCkmgWL+NdRtRcTP4guI/DSTabe+HdZgugD9pKACgAoAKACgAoAKACgD5A/bL/5E/4Rf9nH/Bv/ANPdzQB9f0AedfFn4reBvgf8O/FfxW+Jep6jovgPwPpF3r/inWdL8MeKvGFxpOi6fC9xf6nJoXgvRPEXiK4s7G2jlur2ay0i6W0tYpbm48uCKSRQDx/4P/tpfs2fH3VfBWj/AAf+IN744uviF8L9D+M/hS4034f/ABMttIvvhn4muL618O+KL7xBqng2w0HQYtbuNM1GPS9M8Q6jpWtXv2K5a3050id1APavHvxR+GXwq0211n4ofEXwJ8N9Hvrr7DZar498XaB4P028vdhl+x2t94h1HTbW4uvKUyfZ4pXm2Avs2hioB53of7WH7LPifV9O8P8Ahr9pb4AeIdf1i7isdJ0PQ/jH8O9W1fVL6dtsFnp2m2HiW4vb27mb5Yre2glmkbhI2IxQB5f/AMFBPj94v/Zp/ZO+KfxS+H/g74meN/HFpY6b4e8M6d8I/hxqvxY8b6NfeKtUtdDufGum+BdJt7iTXR4D0q71Dxj9gvVj0vUJtEg0vUJ4YL5nUA+H/wDgkP8AGSH9o3S/iB8ULP8A4KO/Fb9skaIbXwf4g+E3xS+EngD4HeKvgh4rjmmuNVtfF/gLwz4K8J+IotXvAkNrZy6zLqmmQxWdyuk3c0kt7IwB+19ABQAUAFABQAUAFABQAUAFABQB/9f+/igAoAKACgAoAKACgAoA/Gj/AIK1/Aq+/bl8H6L+xn4D0HWND+KcNhq/x38NfHzV/h740vPBXwi1bwLp81t4b0vS/GdrpKeG7/xT8SdU1X/hF9Y8MQ6pqU3/AAr5vGB1HRnurrQywB9O/wDBNv8AaP8AEf7R/wCy34B1r4gfBf4gfAH4p+DNNg8B/Er4aeOPhn43+HFnpXirwun9kXt94JHi/QNFh8QeCdaNoNV8Oaro0l7AdNu7eK7a1vUntkAPmb9pf9kz9pX4h/Gnxp4v8D/spf8ABLr4g+GNXu7aXTPFvx68CePdW+KurRx2cMTyeKr/AEiJtPnuY5EaKBrdiotkiBwwIoA+l/2Gvgf8XvgzaePYvir8Ev2M/g7JrdzpEmkRfsjeGvE3h621pLWK5W5k8ZL4jjRrme1aRF0w22Qkck4kwSKAMH9qjxd+x18e9S+Jf7IX7SHwU8efFS707wh9uXQNU/Zy+JfjHwt4ls/FOi29xHP8NviLZ+D9R8CnxDZzyWllLdL4m0e78O69bxSXlxYpZNfRAHVf8EyfgL8R/wBmP9hj9nb4GfFfUrvUPG3w+8CWmjahDe6l/bE+hWazTTaR4XOp8C+TwzpclpoqXC/JItmCuV2mgD7woAKACgAoAKACgAoAKAPnX9kbx38T/if+zH8CviH8afD9z4U+LPjL4aeGPEHxC8NXmg33he60TxVqOnxT6tp0/h3Ukj1DRpba5Zo30+8RZ7Yjy5FDAigD6KoA/mg/4KD6F8RtZ/ac8Pf8FLfgB8BvG3iqf9gvxz4R+FnxE+HD/Bf4lN8RP2tfAevXE0PjfUfAXhy48Ow3vidPgs3i9dQ+Fev6fpU0GoazZ+OmXXJNBudKFAH9DPhrxdZfFX4X2Pi/w1pOpQWvjPwm+oaXofxD8K+JPCN/G+qaa5h0vxb4U8TaZo/iTSdssotdW0/UNNtLxI/OQRAlTQB+Il7+w3+19LeXcsX7Ef8AwRgmjluZ5I5br4afE5rqVHldkkuWWDa07qQ0xHBkLEUAfrL8FPht8SPCv7NNp8N9U0n4QfBL4lf8Ir4m0izi/Z/0C8j+F3gXXtUi1GPRtb8JeH/EISe4j0y5uLXV57HUAsN5exTRSfuZSWAP5/8A9sX9hL/gon4Ki/4J9+DfCn7VVr8TtB8F/tl+ENS0278K/si6Tcz/AAzu38BfEw3Xxb+IWo6VrmrXGtabHNdzWGt33im4tLK/1fxBbXN9qgvGt1nAP6gvDlprVhoGjWXiPV4tf1+002zt9Z1uDT4tJh1bUooES81CLTIZJobCO7nDzLaRSukAfy1ZgoKgG1QAUAFABQAUAFABQB8rftZ6BrniHwr8LLfQdH1PWZ7D4/fCfV76HS7K5vpbTStP1i4lv9RuUtopWhsbOMiS6upAsMCENJIoIoA+qaAPIfjz8TNG+EHwk8cePtd8H+L/AIg2Oi6He7fAvgXwbr/jzxN4wvLqCS2svDWn+HfDmka3fTf21cyR6fPeXNj/AGTp0NxJe6tPBYQzyoAfhX/wTN8G/Er/AIJ5ftUfEn9kHx38KPFOo/CD9pjStK/aR+C3xV+HXwi+Jeq/D34Pa/rsP2LxX+zB4x8ZxaDqlh4Z0fwXcWZuvhofE2swiLw/O9hqN1Z3QsrRwD9Y/wBtn4R/E34w/D/w5ofwv+E37LHxd1jT/En9oXuh/tX6D4g8QeC7Cy+xyw/b9DtvDyPdRa75rLF5sw8n7K0i5DYDAHwd8HP2OP2pvCfxS8B+JfEv7H3/AASV8K6BonibTdR1fxH8L/h98RLD4h6LY28wefUPB15fwiyttft1+ewmuSIUlALkDmgD9RP2hf2i/A/7NPhfw/4x+Ifh/wCJ2teGtf8AF2meDri9+GPww8Z/Fa58Nz6vBeS2+ueJ9C8B6TrviHTvC0LWhtb7XIdJvLayubq0juVRJw6gHxR8BPgbpmu/8FGPjf8AtpfDbwdqXgH4XePP2cvhd8J9ZvdT8Kav4Cv/AIx/E3wz4t8ba7f+Nrnwn4h0zRfEUdp4Z8K614b8I2Wta5pOn3OqXVlqP2KGfS4LLUb0A/VOgAoAKACgAoAKACgAoAKACgAoA//Q/tc/4av+HH/QJ8Zf+C3R/wD5oaAD/hq/4cf9Anxl/wCC3R//AJoaAD/hq/4cf9Anxl/4LdH/APmhoAP+Gr/hx/0CfGX/AILdH/8AmhoAP+Gr/hx/0CfGX/gt0f8A+aGgA/4av+HH/QJ8Zf8Agt0f/wCaGgA/4av+HH/QJ8Zf+C3R/wD5oaAD/hq/4cf9Anxl/wCC3R//AJoaAD/hq/4cf9Anxl/4LdH/APmhoAP+Gr/hx/0CfGX/AILdH/8AmhoAP+Gr/hx/0CfGX/gt0f8A+aGgA/4av+HH/QJ8Zf8Agt0f/wCaGgBp/as+GpYOdG8YFwMBzpeilgO4DHxBuAJ7A/nmgB3/AA1f8OP+gT4y/wDBbo//AM0NAB/w1f8ADj/oE+Mv/Bbo/wD80NAB/wANX/Dj/oE+Mv8AwW6P/wDNDQAf8NX/AA4/6BPjL/wW6P8A/NDQAf8ADV/w4/6BPjL/AMFuj/8AzQ0AH/DV/wAOP+gT4y/8Fuj/APzQ0AH/AA1f8OP+gT4y/wDBbo//AM0NAB/w1f8ADj/oE+Mv/Bbo/wD80NAB/wANX/Dj/oE+Mv8AwW6P/wDNDQAf8NX/AA4/6BPjL/wW6P8A/NDQAf8ADV/w4/6BPjL/AMFuj/8AzQ0AH/DV/wAOP+gT4y/8Fuj/APzQ0AH/AA1f8OP+gT4y/wDBbo//AM0NAB/w1f8ADj/oE+Mv/Bbo/wD80NAB/wANX/Dj/oE+Mv8AwW6P/wDNDQAf8NX/AA4/6BPjL/wW6P8A/NDQAf8ADV/w4/6BPjL/AMFuj/8AzQ0AH/DV/wAOP+gT4y/8Fuj/APzQ0AH/AA1f8OP+gT4y/wDBbo//AM0NAB/w1f8ADj/oE+Mv/Bbo/wD80NAB/wANX/Dj/oE+Mv8AwW6P/wDNDQAf8NX/AA4/6BPjL/wW6P8A/NDQAf8ADV/w4/6BPjL/AMFuj/8AzQ0AH/DV/wAOP+gT4y/8Fuj/APzQ0AH/AA1f8OP+gT4y/wDBbo//AM0NAB/w1f8ADj/oE+Mv/Bbo/wD80NAB/wANX/Dj/oE+Mv8AwW6P/wDNDQAf8NX/AA4/6BPjL/wW6P8A/NDQAf8ADV/w4/6BPjL/AMFuj/8AzQ0AH/DV/wAOP+gT4y/8Fuj/APzQ0ANb9q34bOpV9H8YOp6q2maMyn6g+ICDz6j8sCgBw/av+G44GkeMgB0A03R+P/LgH8vyoAP+Gr/hx/0CfGX/AILdH/8AmhoAP+Gr/hx/0CfGX/gt0f8A+aGgA/4av+HH/QJ8Zf8Agt0f/wCaGgA/4av+HH/QJ8Zf+C3R/wD5oaAD/hq/4cf9Anxl/wCC3R//AJoaAD/hq/4cf9Anxl/4LdH/APmhoAP+Gr/hx/0CfGX/AILdH/8AmhoAP+Gr/hx/0CfGX/gt0f8A+aGgA/4av+HH/QJ8Zf8Agt0f/wCaGgA/4av+HH/QJ8Zf+C3R/wD5oaAD/hq/4cf9Anxl/wCC3R//AJoaAP/Z</file>
    </generalfeedback>
    <defaultgrade>2.0000000</defaultgrade>
    <penalty>0.3333333</penalty>
    <hidden>0</hidden>
    <idnumber></idnumber>
    <correctfeedback format="html">
      <text>Vaše odpověď je správná.</text>
    </correctfeedback>
    <partiallycorrectfeedback format="html">
      <text>Vaše odpověď je částečně správná.</text>
    </partiallycorrectfeedback>
    <incorrectfeedback format="html">
      <text>Vaše odpověď je chybná.</text>
    </incorrectfeedback>
    <shownumcorrect/>
<varsrandom><text></text>
</varsrandom>
<varsglobal><text><![CDATA[p=0.5; f="-x + 2t";
a = 1; b = 5;
phi="x"; alpha="1+3t"; beta = "2t+5";
h=1; tau = 0.5;
x=[1,2,3,4,5];
u0= x;
sigma = p*tau/(h*h);
uA=sigma*u0[2]+(1-2*sigma)*u0[3]+sigma*u0[4] - tau*x[3];]]></text>
</varsglobal>
<answernumbering><text>abc</text>
</answernumbering>
<answers>
 <partindex>
  <text>0</text>
 </partindex>
 <placeholder>
  <text></text>
 </placeholder>
 <answermark>
  <text>1</text>
 </answermark>
 <answertype>
  <text>0</text>
 </answertype>
 <numbox>
  <text>3</text>
 </numbox>
 <vars1>
  <text></text>
 </vars1>
 <answer>
  <text>[u0[2], u0[3], u0[4]]</text>
 </answer>
 <vars2>
  <text></text>
 </vars2>
 <correctness>
  <text><![CDATA[_relerr < 0.01]]></text>
 </correctness>
 <unitpenalty>
  <text>1</text>
 </unitpenalty>
 <postunit>
  <text></text>
 </postunit>
 <ruleid>
  <text>1</text>
 </ruleid>
 <otherrule>
  <text></text>
 </otherrule>
 <subqtext format="html">
<text><![CDATA[<p>Určete hodnoty řešení v bodech \(B=[3,\ 0],\ C=[4,\ 0],\ D=[5,\ 0] \). <br></p><p>\(U_B = \){_0}, \(U_C = \){_1}, \(U_D = \){_2}<br></p>]]></text>
 </subqtext>
 <feedback format="html">
<text></text>
 </feedback>
 <correctfeedback format="html">
<text></text>
 </correctfeedback>
 <partiallycorrectfeedback format="html">
<text></text>
 </partiallycorrectfeedback>
 <incorrectfeedback format="html">
<text></text>
 </incorrectfeedback>
</answers>
<answers>
 <partindex>
  <text>1</text>
 </partindex>
 <placeholder>
  <text></text>
 </placeholder>
 <answermark>
  <text>1</text>
 </answermark>
 <answertype>
  <text>10</text>
 </answertype>
 <numbox>
  <text>1</text>
 </numbox>
 <vars1>
  <text></text>
 </vars1>
 <answer>
  <text>uA</text>
 </answer>
 <vars2>
  <text></text>
 </vars2>
 <correctness>
  <text><![CDATA[_relerr < 0.01]]></text>
 </correctness>
 <unitpenalty>
  <text>1</text>
 </unitpenalty>
 <postunit>
  <text></text>
 </postunit>
 <ruleid>
  <text>1</text>
 </ruleid>
 <otherrule>
  <text></text>
 </otherrule>
 <subqtext format="html">
<text><![CDATA[<p>Určete přibližnou hodnotu řešení v bodě \(A = [4,\ 0.5]\) užitím explicitního schématu.</p><p>\(U_A =\) {_0}<br></p>]]></text>
 </subqtext>
 <feedback format="html">
<text></text>
 </feedback>
 <correctfeedback format="html">
<text></text>
 </correctfeedback>
 <partiallycorrectfeedback format="html">
<text></text>
 </partiallycorrectfeedback>
 <incorrectfeedback format="html">
<text></text>
 </incorrectfeedback>
</answers>
  </question>

<!-- question: 140101  -->
  <question type="formulas">
    <name>
      <text>teplo explicitni 3</text>
    </name>
    <questiontext format="html">
      <text><![CDATA[<p>Je dána smíšená úloha pro rovnici vedení tepla: $$\frac{\partial u}{\partial t} ={{p}}\frac{\partial^2 u}{\partial x^2} + {{f}} \ \mbox{ v oblasti } \Omega = \{[x,t]:\ x\in({a},{b}),\ t&gt;0\}$$ s počáteční podmínkou \( u(x,0) = {{phi}},\ x\in\langle {a},\ {b}\rangle \) <br></p><p>a okrajovými podmínkami \( u({a},t) = {alpha},\ u({b},t) = {beta},\ t\geq 0\).</p><p>Volte prostorový krok \(h = {h}\), časový krok \(\tau = {tau}\).<br></p>]]></text>
    </questiontext>
    <generalfeedback format="html">
      <text><![CDATA[<p>Přibližnou hodnotu řešení \(U_A\) v bodě \(A\) určíme pomocí explicitního schématu <img src="@@PLUGINFILE@@/explicitni2_moodle.jpg" alt="" role="presentation" class="img-responsive atto_image_button_right" width="250" height="117"><br></p><p>$$U_A = \frac{p\tau}{h^2}U_B + \left(1 - 2 \frac{p\tau}{h^2}\right) U_C + \frac{p\tau}{h^2}U_D + \tau f(C),$$</p><p>kde \(U_B,\ U_C,\ U_D\) jsou hodnoty na nulté časové vrstvě. Ty určíme z počáteční podmínky \(U_i^0 = {phi}\).<br></p><p>Pro zadanou úlohu je \(p={p}\), jsou zvolené kroky \(h={h}, \tau = {tau}\), tedy \(\displaystyle \frac{p\tau}{h^2} = {sigma}\). <br></p>]]></text>
<file name="explicitni1_moodle.jpg" path="/" encoding="base64">/9j/4AAQSkZJRgABAQAASABIAAD/4QBMRXhpZgAATU0AKgAAAAgAAgESAAMAAAABAAEAAIdpAAQAAAABAAAAJgAAAAAAAqACAAQAAAABAAAB/6ADAAQAAAABAAAA6AAAAAD/4QkhaHR0cDovL25zLmFkb2JlLmNvbS94YXAvMS4wLwA8P3hwYWNrZXQgYmVnaW49Iu+7vyIgaWQ9Ilc1TTBNcENlaGlIenJlU3pOVGN6a2M5ZCI/PiA8eDp4bXBtZXRhIHhtbG5zOng9ImFkb2JlOm5zOm1ldGEvIiB4OnhtcHRrPSJYTVAgQ29yZSA1LjQuMCI+IDxyZGY6UkRGIHhtbG5zOnJkZj0iaHR0cDovL3d3dy53My5vcmcvMTk5OS8wMi8yMi1yZGYtc3ludGF4LW5zIyI+IDxyZGY6RGVzY3JpcHRpb24gcmRmOmFib3V0PSIiLz4gPC9yZGY6UkRGPiA8L3g6eG1wbWV0YT4gICAgICAgICAgICAgICAgICAgICAgICAgICAgICAgICAgICAgICAgICAgICAgICAgICAgICAgICAgICAgICAgICAgICAgICAgICAgICAgICAgICAgICAgICAgICAgICAgICAgICAgICAgICAgICAgICAgICAgICAgICAgICAgICAgICAgICAgICAgICAgICAgICAgICAgICAgICAgICAgICAgICAgICAgICAgICAgICAgICAgICAgICAgICAgICAgICAgICAgICAgICAgICAgICAgICAgICAgICAgICAgICAgICAgICAgICAgICAgICAgICAgICAgICAgICAgICAgICAgICAgICAgICAgICAgICAgICAgICAgICAgICAgICAgICAgICAgICAgICAgICAgICAgICAgICAgICAgICAgICAgICAgICAgICAgICAgICAgICAgICAgICAgICAgICAgICAgICAgICAgICAgICAgICAgICAgICAgICAgICAgICAgICAgICAgICAgICAgICAgICAgICAgICAgICAgICAgICAgICAgICAgICAgICAgICAgICAgICAgICAgICAgICAgICAgICAgICAgICAgICAgICAgICAgICAgICAgICAgICAgICAgICAgICAgICAgICAgICAgICAgICAgICAgICAgICAgICAgICAgICAgICAgICAgICAgICAgICAgICAgICAgICAgICAgICAgICAgICAgICAgICAgICAgICAgICAgICAgICAgICAgICAgICAgICAgICAgICAgICAgICAgICAgICAgICAgICAgICAgICAgICAgICAgICAgICAgICAgICAgICAgICAgICAgICAgICAgICAgICAgICAgICAgICAgICAgICAgICAgICAgICAgICAgICAgICAgICAgICAgICAgICAgICAgICAgICAgICAgICAgICAgICAgICAgICAgICAgICAgICAgICAgICAgICAgICAgICAgICAgICAgICAgICAgICAgICAgICAgICAgICAgICAgICAgICAgICAgICAgICAgICAgICAgICAgICAgICAgICAgICAgICAgICAgICAgICAgICAgICAgICAgICAgICAgICAgICAgICAgICAgICAgICAgICAgICAgICAgICAgICAgICAgICAgICAgICAgICAgICAgICAgICAgICAgICAgICAgICAgICAgICAgICAgICAgICAgICAgICAgICAgICAgICAgICAgICAgICAgICAgICAgICAgICAgICAgICAgICAgICAgICAgICAgICAgICAgICAgICAgICAgICAgICAgICAgICAgICAgICAgICAgICAgICAgICAgICAgICAgICAgICAgICAgICAgICAgICAgICAgICAgICAgICAgICAgICAgICAgICAgICAgICAgICAgICAgICAgICAgICAgICAgICAgICAgICAgICAgICAgICAgICAgICAgICAgICAgICAgICAgICAgICAgICAgICAgICAgICAgICAgICAgICAgICAgICAgICAgICAgICAgICAgICAgICAgICAgICAgICAgICAgICAgICAgICAgICAgICAgICAgICAgICAgICAgICAgICAgICAgICAgICAgICAgICAgICAgICAgICAgICAgICAgICAgICAgICAgICAgICAgICAgICAgICAgICAgICAgICAgICAgICAgICAgICAgICAgICAgICAgICAgICAgICAgICAgICAgICAgICAgICAgICAgICAgICAgICAgICAgICAgICAgICAgICAgICAgICAgICAgICAgICAgICAgICAgICAgICAgICAgICAgICAgICAgICAgICAgICAgICAgICAgICAgICAgICAgICAgICAgICAgICAgICAgICAgICAgICAgICAgICAgICAgICAgICAgICAgICAgICAgICAgICAgICAgICAgICAgICAgICAgICAgICAgICAgICAgICAgICAgICAgICAgICAgICAgICAgICAgICAgICAgICAgICAgICAgICAgICAgICAgICAgICAgICAgICAgICAgICAgICAgICAgICAgICAgICAgICAgICAgICAgICAgICAgICAgICAgICAgICAgICAgICAgICAgICAgICAgICAgICAgICAgICAgICAgICAgICAgICAgICAgICAgICAgICAgICAgICAgICAgICAgICAgICAgICAgICAgICAgICAgICAgICAgICAgICAgICAgICAgICAgICAgICAgICAgICAgICAgICAgICAgICAgICAgICAgICAgICAgICAgICAgICAgICAgICAgICAgICAgICAgICAgICAgICAgICAgICAgICAgICAgICAgICAgICAgICAgICAgICAgICAgICAgICAgICAgICAgICAgICAgICAgICAgICAgICAgICAgICAgICAgICAgICAgICAgICAgICAgICAgICAgICAgICAgICAgICAgICAgICAgICAgICAgICAgICAgICAgICAgICAgICAgICAgICAgICAgICAgICAgICAgICAgICAgICAgICAgICAgICAgICAgICAgICAgICAgICAgICAgICAgICAgICAgICAgICAgICAgICAgICAgICAgICAgICAgICAgICAgICAgICAgICAgICAgICAgICAgICAgICAgICA8P3hwYWNrZXQgZW5kPSJ3Ij8+AP/tADhQaG90b3Nob3AgMy4wADhCSU0EBAAAAAAAADhCSU0EJQAAAAAAENQdjNmPALIE6YAJmOz4Qn7/4htESUNDX1BST0ZJTEUAAQEAABs0YXBwbAIQAABtbnRyUkdCIFhZWiAH5AABAAEACAAyADRhY3NwQVBQTAAAAABBUFBMAAAAAAAAAAAAAAAAAAAAAAAA9tYAAQAAAADTLWFwcGwAAAAAAAAAAAAAAAAAAAAAAAAAAAAAAAAAAAAAAAAAAAAAAAAAAAAAAAAAAAAAABFkZXNjAAABUAAAAGJkc2NtAAABtAAABDZjcHJ0AAAF7AAAACN3dHB0AAAGEAAAABRyWFlaAAAGJAAAABRnWFlaAAAGOAAAABRiWFlaAAAGTAAAABRyVFJDAAAGYAAACAxhYXJnAAAObAAAACB2Y2d0AAAOjAAABhJuZGluAAAUoAAABj5jaGFkAAAa4AAAACxtbW9kAAAbDAAAAChiVFJDAAAGYAAACAxnVFJDAAAGYAAACAxhYWJnAAAObAAAACBhYWdnAAAObAAAACBkZXNjAAAAAAAAAAhEaXNwbGF5AAAAAAAAAAAAAAAAAAAAAAAAAAAAAAAAAAAAAAAAAAAAAAAAAAAAAAAAAAAAAAAAAAAAAAAAAAAAAAAAAAAAAAAAAAAAAAAAAAAAAAAAAAAAbWx1YwAAAAAAAAAjAAAADGhySFIAAAAUAAABtGtvS1IAAAAMAAAByG5iTk8AAAASAAAB1GlkAAAAAAASAAAB5mh1SFUAAAAUAAAB+GNzQ1oAAAAWAAACDGRhREsAAAAcAAACIm5sTkwAAAAWAAACPmZpRkkAAAAQAAACVGl0SVQAAAAUAAACZHJvUk8AAAASAAACeGVzRVMAAAASAAACeGFyAAAAAAAUAAACinVrVUEAAAAcAAACnmhlSUwAAAAWAAACunpoVFcAAAAMAAAC0HZpVk4AAAAOAAAC3HNrU0sAAAAWAAAC6npoQ04AAAAMAAAC0HJ1UlUAAAAkAAADAGZyRlIAAAAWAAADJG1zAAAAAAASAAADOmhpSU4AAAASAAADTHRoVEgAAAAMAAADXmNhRVMAAAAYAAADamVzWEwAAAASAAACeGRlREUAAAAQAAADgmVuVVMAAAASAAADknB0QlIAAAAYAAADpHBsUEwAAAASAAADvGVsR1IAAAAiAAADznN2U0UAAAAQAAAD8HRyVFIAAAAUAAAEAHB0UFQAAAAWAAAEFGphSlAAAAAMAAAEKgBMAEMARAAgAHUAIABiAG8AagBpzuy37AAgAEwAQwBEAEYAYQByAGcAZQAtAEwAQwBEAEwAQwBEACAAVwBhAHIAbgBhAFMAegDtAG4AZQBzACAATABDAEQAQgBhAHIAZQB2AG4A/QAgAEwAQwBEAEwAQwBEAC0AZgBhAHIAdgBlAHMAawDmAHIAbQBLAGwAZQB1AHIAZQBuAC0ATABDAEQAVgDkAHIAaQAtAEwAQwBEAEwAQwBEACAAYwBvAGwAbwByAGkATABDAEQAIABjAG8AbABvAHIgDwBMAEMARAAgBkUGRAZIBkYGKQQaBD4EOwRMBD4EQAQ+BDIEOAQ5ACAATABDAEQgDwBMAEMARAAgBeYF0QXiBdUF4AXZX2mCcgAgAEwAQwBEAEwAQwBEACAATQDgAHUARgBhAHIAZQBiAG4A/QAgAEwAQwBEBCYEMgQ1BEIEPQQ+BDkAIAQWBBoALQQ0BDgEQQQ/BDsENQQ5AEwAQwBEACAAYwBvAHUAbABlAHUAcgBXAGEAcgBuAGEAIABMAEMARAkwCQIJFwlACSgAIABMAEMARABMAEMARAAgDioONQBMAEMARAAgAGUAbgAgAGMAbwBsAG8AcgBGAGEAcgBiAC0ATABDAEQAQwBvAGwAbwByACAATABDAEQATABDAEQAIABDAG8AbABvAHIAaQBkAG8ASwBvAGwAbwByACAATABDAEQDiAOzA8cDwQPJA7wDtwAgA78DuAPMA70DtwAgAEwAQwBEAEYA5AByAGcALQBMAEMARABSAGUAbgBrAGwAaQAgAEwAQwBEAEwAQwBEACAAYQAgAEMAbwByAGUAczCrMOkw/ABMAEMARAAAdGV4dAAAAABDb3B5cmlnaHQgQXBwbGUgSW5jLiwgMjAyMAAAWFlaIAAAAAAAAPNSAAEAAAABFs9YWVogAAAAAAAAYWwAADgyAAAKQlhZWiAAAAAAAABvHAAArpUAABaZWFlaIAAAAAAAACZOAAAZOQAAslJjdXJ2AAAAAAAABAAAAAAFAAoADwAUABkAHgAjACgALQAyADYAOwBAAEUASgBPAFQAWQBeAGMAaABtAHIAdwB8AIEAhgCLAJAAlQCaAJ8AowCoAK0AsgC3ALwAwQDGAMsA0ADVANsA4ADlAOsA8AD2APsBAQEHAQ0BEwEZAR8BJQErATIBOAE+AUUBTAFSAVkBYAFnAW4BdQF8AYMBiwGSAZoBoQGpAbEBuQHBAckB0QHZAeEB6QHyAfoCAwIMAhQCHQImAi8COAJBAksCVAJdAmcCcQJ6AoQCjgKYAqICrAK2AsECywLVAuAC6wL1AwADCwMWAyEDLQM4A0MDTwNaA2YDcgN+A4oDlgOiA64DugPHA9MD4APsA/kEBgQTBCAELQQ7BEgEVQRjBHEEfgSMBJoEqAS2BMQE0wThBPAE/gUNBRwFKwU6BUkFWAVnBXcFhgWWBaYFtQXFBdUF5QX2BgYGFgYnBjcGSAZZBmoGewaMBp0GrwbABtEG4wb1BwcHGQcrBz0HTwdhB3QHhgeZB6wHvwfSB+UH+AgLCB8IMghGCFoIbgiCCJYIqgi+CNII5wj7CRAJJQk6CU8JZAl5CY8JpAm6Cc8J5Qn7ChEKJwo9ClQKagqBCpgKrgrFCtwK8wsLCyILOQtRC2kLgAuYC7ALyAvhC/kMEgwqDEMMXAx1DI4MpwzADNkM8w0NDSYNQA1aDXQNjg2pDcMN3g34DhMOLg5JDmQOfw6bDrYO0g7uDwkPJQ9BD14Peg+WD7MPzw/sEAkQJhBDEGEQfhCbELkQ1xD1ERMRMRFPEW0RjBGqEckR6BIHEiYSRRJkEoQSoxLDEuMTAxMjE0MTYxODE6QTxRPlFAYUJxRJFGoUixStFM4U8BUSFTQVVhV4FZsVvRXgFgMWJhZJFmwWjxayFtYW+hcdF0EXZReJF64X0hf3GBsYQBhlGIoYrxjVGPoZIBlFGWsZkRm3Gd0aBBoqGlEadxqeGsUa7BsUGzsbYxuKG7Ib2hwCHCocUhx7HKMczBz1HR4dRx1wHZkdwx3sHhYeQB5qHpQevh7pHxMfPh9pH5Qfvx/qIBUgQSBsIJggxCDwIRwhSCF1IaEhziH7IiciVSKCIq8i3SMKIzgjZiOUI8Ij8CQfJE0kfCSrJNolCSU4JWgllyXHJfcmJyZXJocmtyboJxgnSSd6J6sn3CgNKD8ocSiiKNQpBik4KWspnSnQKgIqNSpoKpsqzysCKzYraSudK9EsBSw5LG4soizXLQwtQS12Last4S4WLkwugi63Lu4vJC9aL5Evxy/+MDUwbDCkMNsxEjFKMYIxujHyMioyYzKbMtQzDTNGM38zuDPxNCs0ZTSeNNg1EzVNNYc1wjX9Njc2cjauNuk3JDdgN5w31zgUOFA4jDjIOQU5Qjl/Obw5+To2OnQ6sjrvOy07azuqO+g8JzxlPKQ84z0iPWE9oT3gPiA+YD6gPuA/IT9hP6I/4kAjQGRApkDnQSlBakGsQe5CMEJyQrVC90M6Q31DwEQDREdEikTORRJFVUWaRd5GIkZnRqtG8Ec1R3tHwEgFSEtIkUjXSR1JY0mpSfBKN0p9SsRLDEtTS5pL4kwqTHJMuk0CTUpNk03cTiVObk63TwBPSU+TT91QJ1BxULtRBlFQUZtR5lIxUnxSx1MTU19TqlP2VEJUj1TbVShVdVXCVg9WXFapVvdXRFeSV+BYL1h9WMtZGllpWbhaB1pWWqZa9VtFW5Vb5Vw1XIZc1l0nXXhdyV4aXmxevV8PX2Ffs2AFYFdgqmD8YU9homH1YklinGLwY0Njl2PrZEBklGTpZT1lkmXnZj1mkmboZz1nk2fpaD9olmjsaUNpmmnxakhqn2r3a09rp2v/bFdsr20IbWBtuW4SbmtuxG8eb3hv0XArcIZw4HE6cZVx8HJLcqZzAXNdc7h0FHRwdMx1KHWFdeF2Pnabdvh3VnezeBF4bnjMeSp5iXnnekZ6pXsEe2N7wnwhfIF84X1BfaF+AX5ifsJ/I3+Ef+WAR4CogQqBa4HNgjCCkoL0g1eDuoQdhICE44VHhauGDoZyhteHO4efiASIaYjOiTOJmYn+imSKyoswi5aL/IxjjMqNMY2Yjf+OZo7OjzaPnpAGkG6Q1pE/kaiSEZJ6kuOTTZO2lCCUipT0lV+VyZY0lp+XCpd1l+CYTJi4mSSZkJn8mmia1ZtCm6+cHJyJnPedZJ3SnkCerp8dn4uf+qBpoNihR6G2oiailqMGo3aj5qRWpMelOKWpphqmi6b9p26n4KhSqMSpN6mpqhyqj6sCq3Wr6axcrNCtRK24ri2uoa8Wr4uwALB1sOqxYLHWskuywrM4s660JbSctRO1irYBtnm28Ldot+C4WbjRuUq5wro7urW7LrunvCG8m70VvY++Cr6Evv+/er/1wHDA7MFnwePCX8Lbw1jD1MRRxM7FS8XIxkbGw8dBx7/IPci8yTrJuco4yrfLNsu2zDXMtc01zbXONs62zzfPuNA50LrRPNG+0j/SwdNE08bUSdTL1U7V0dZV1tjXXNfg2GTY6Nls2fHadtr724DcBdyK3RDdlt4c3qLfKd+v4DbgveFE4cziU+Lb42Pj6+Rz5PzlhOYN5pbnH+ep6DLovOlG6dDqW+rl63Dr++yG7RHtnO4o7rTvQO/M8Fjw5fFy8f/yjPMZ86f0NPTC9VD13vZt9vv3ivgZ+Kj5OPnH+lf65/t3/Af8mP0p/br+S/7c/23//3BhcmEAAAAAAAMAAAACZmYAAPKnAAANWQAAE9AAAApbdmNndAAAAAAAAAAAAAMBAAACAAAAVgEuAesCxAODBFMFQAYnBxoIGAkfCj0LTgxrDZAOuQ/sES0SZROjFOMWKhd5GL8aDxtXHKQd8x88IIQhzSMRJFIljSbLKAApMypmK5csyi33LygwUTGAMqsz1TUCNjE3XTiKObY64TwNPTg+YD+JQLFB3EMIRDZFY0aQR7hI3koBSyRMR01qTo9PtFDYUfhTFlQzVU9WbVeNWK5Zy1rhW/Bc9137XwBgCmEZYi1jQWRSZV9mZWdhaFNpPGogawFr4Gy/baBug29ocFBxOHIgcwhz73TWdb52qHeTeH55bHpZe0l8PX03fjZ/OYBBgUuCV4NlhHSFhYaUh6SIs4nAisyL1ozfjeeO7Y/ykPWR9pL1k/WU+pYElxWYLJlHmmObf5yYna6ev5/LoNSh2qLgo+mk9KYDpxWoKqlCqlyrd6yUrbKu0a/xsRGyM7NTtHO1kLapt7q4wbnDusC7u7y1va++qb+jwJ3BlcKKw3zEasVTxjbHGMf5yODJz8rGy8PMwc28zq/PmNBz0UPSDdLT05vUZtU11gXW19eo2HbZQNoG2sfbgNw13Ofdkd473uPfjeA74Ovhn+JS4wPjr+RV5PnllOYs5r/nUufk6IXpL+nk6qjrbuwz7PXtr+5j7xHvtfBQ8ObxfPIX8sbzj/Ru9WH2ZveK+OT6xf0u//8AAABWASMBsAJqAzID6ASxBYAGWAc9CC0JJwonCyIMMA06DlEPYxB+EZ8SvhPpFRAWOBdhGIgZtBreHAsdMx5bH4AgoSG/Itsj9SULJh8nNShJKWAqeSuTLLEtzC7oMAQxITI8M1o0dDWLNqQ3uTjNOeI69DwGPRs+MT9NQGxBj0KwQ9BE7UYIRx1IMklFSlVLY0xuTXhOfk+DUIVRhlKIU4pUjFWKVoRXeVhoWVRaRFs/XEZdWl53X5VgsGHCYspjxWS1ZZxme2dXaDBpDGnsatBrumypbZtuj2+CcHJxXHJAcx9z+3TVda12hndieEV5MHokex18GX0VfhB/Bn/2gOKByoKxg5WEd4VdhkqHRIhMiWGKgYuljMaN3o7uj/WQ95H1kvOT8JTtleyW7pf4mRCaOZtunKadzp7jn+mg5aHfotmj0aTIpb6mvKfKqO2qIatdrJyt2a8UsE6xiLLCs/m1LrZkt5u40roFuzS8X72Fvqa/vMC+warCkMN9xHfFgMaPx53Io8meyo7LdcxTzS3OBM7az7LQi9Fq0lHTRdRF1VHWYtd12ITZh9p922bcQ90a3ezeud+H4FjhLeII4ubjw+Sd5XHmQOcM59Too+l/6mnrZOxo7W3ucO9w8HDxcvJ283n0d/Vp9kf3D/ez+EX4y/la+e360PwM/dr//wAAACsAxAFLAdgCZQMGA48EKwTPBXoGLwbpB6UIaAkvCfkKygufDHcNUg4yDw4P9hDZEcASqROTFH0VZxZSFz0YKRkVGfwa6BvSHL4drh6jH5sgliGUIo8jhiR2JWEmRScgJ/gozCmfKnMrSCwhLQIt6S7XL8gwujGqMpgzgDRgNTk2BjbPN5U4WDkZOdk6nTtkPDI9Bj3ePrY/j0BoQURCJkMQRABE80XnRtZHu0iWSWVKJUrgS5hMT00HTcNOg09JUBhQ6lG+UpNTaFQ7VQ1V3latV3xYSlkVWd9aqFtvXDVc+V29XoBfQ2AIYNFhnGJrYzxkDGTaZadmcWc4Z/xov2mAakBrAGvAbIFtQ24EbsVvhXBBcPhxq3JZcwFzqXRPdPR1mHY8dt53gHgdeL15YHoWetp7q3yDfVh+KH72f8OAk4FngkSDKoQYhQuGAIb0h+OIzYmvioyLYYw0jQeN2o6wj4qQa5FHkhKSxpNbk+yUepVBlkKXiJkImoqb5J0ZnjKfOaA5oTWiL6MopCGlGaYRpwqoCakPqiGrPaxgrYeura/TsPyyKLNatJK10bcUuFm5nLrXvAW9Kb5Hv2LAf8Gewr7D38T/xiHHQ8hnyYzKscvWzP3OKc9b0JfR3tMy1I3V7tdT2LnaIduV3S/fDuF35Ivoee1O8vb5Uf//AABuZGluAAAAAAAABjYAAJOVAABWjQAAVukAAJG3AAAmuwAAFwoAAFANAABUOQACh64AAkeuAAFrhQADAQAAAgAAAAEABAAIAA8AFgAfACkANABAAEwAWgBpAHgAiQCaAKwAvgDSAOYA/AESASkBQAFZAXMBjQGpAcUB4wIBAiECQgJkAocCrALSAvoDIwNNA3oDqAPXBAgEOgRtBKME2QUSBUsFhgXDBgEGQAaABsIHBQdKB5AH2AghCGwIuQkHCVcJqAn6Ck0KoQr3C04LqAwEDGIMww0lDYkN7g5UDrwPJQ+REAAQcRDkEVkRzxJGEr0TOBO2FDoUwxVSFeMWdRcGF5YYJhi4GU4Z6BqIGzEb4xyfHWIeKx74H8YglSFkIjQjBiPbJLMljyZsJ0soKykNKfAq1Su7LJ4tfi5cLzkwFDDwMc0yqjOJNGg1SjYuNxU3/zjtOd460jvKPMU9xD7HP85A2kHoQvZEAEUGRghHCEgISQlKDEsUTCFNNE5OT25QlFG8UuVUDVU0VllXfVigWcRa51wLXTBeVl98YKRhzmL4ZCRlU2aFZ7xo+mpDa5ls+W5jb9JxRnK8dDR1r3cteLF6PHvQfW9/HIDWgpSETIX2h5SJLIrFjGWOFY/fkc2T3ZX/mCCaOZxMnl+geaKgpNqnLamgrDCu4LGhtF63C7muvF2/K8IfxUbIoswMzyjR9tSR1yjZ0dye35fi0uZg6fntEu+s8gD0MPY59//5ivq4+9T8u/2j/nD/N///AAAAAQAFAAoAEgAbACYAMgA/AE0AXABtAH4AkQCkALkAzwDlAP0BFgEvAUoBZgGDAaIBwQHiAgQCJwJMAnICmgLDAu8DHANLA3wDrwPkBBoEUgSLBMUFAQU9BXsFuwX8Bj8GgwbJBxAHWQelB/IIQQiTCOYJOwmTCewKRgqhCvwLWAu0DBIMcgzUDTkNoA4LDngO5w9ZD84QRhDAET4RvxJDEsoTUxPdFGoU+hWPFioWyxdxGBYYthlRGeYaeRsNG6QcQBzkHZEeSh8OH90gsyGOImkjQiQYJOslvSaQJ2YoQiklKhIrCCwFLQguDi8SMBExCDH5Mugz1zTKNcE2wTfKONs58jsOPDA9UT5pP3RAckFoQlhDR0Q5RTRGOEdHSF9JfkqhS8dM8E4bT0VQa1GGUpRTl1SVVZRWoFe/WPFaNVuAXM1eHl90YM9iI2NmZJVltWbOZ+Ro+2oWazNsVG12bppvwHDqchdzRnR2dad22ngQeU16j3vYfSZ+fX/jgWeDEITKhnSIBomHiwSMiI4bj8ORgpNYlUOXO5k7mzudOZ8poQSixqR2phunvaliqxWs3a7FsM+y9bUxt3y5y7wPvkTAcsKmxOnHQsmyzDHOnNDd0vTU8dbn2OPa6Nz03wHhCuMU5STnSOmW7DfvivOm92z5zvuE/MP99P75//8AAAACAAgAEQAeAC0APgBRAGYAfQCWALAAzADqAQkBKwFNAXIBmAHAAeoCFgJEAnQCpgLaAxEDSQOEA8AD/QQ7BHoEugT8BUEFigXXBikGgQbdBz4HoggICG8I1Ak5CZ0KAgpqCtULRAu7DDkMwQ1QDeYOgg8hD8AQXBD2EZASLRLNE24UDRSoFUIV3BZ5Fx4XzhiOGWIaQhsqHBQc+x3dHrgfkiBtIUwiMCMYJAYk+SXxJu8n8yj9Kg4rJCxALWAugC+dMLgx0zLzNBo1STaCN8M5DDpcO7A9Bz5gP75BIkKTRBZFrkdaSRFK0UyaTm9QVVIyU9pVWlbMWEhZ01tmXPheg2ABYXBi1WQ3ZZxnCWiBagpro21NbwBwt3JvdB51w3d1eWR77n6kgHmB1oL8hAKFCIYQhzOIc4nUi1WM6Y6IkC6R2ZOIlTuW8Zipml6cCp2nnzegvaI/o8ClRKbKqFCp1KtUrNCuRq+5sSiyl7QItX22/LiJuia70L2CvzbA6cKcxE/GBMe7yXPLK8zkzp7QWNIU09LVj9dK2P/arNxP3ejfdeD94oLkA+WC5wLog+oE63/s7u5G73nwnfGN8nXzRPP39Kr1TvXb9mj29vd29+n4XPjP+UP5q/oN+nD60vs1+5j78fxJ/KL8+/1U/a3+A/5Y/qz/Af9V/6r//wAAc2YzMgAAAAAAAQxCAAAF3v//8yYAAAeSAAD9kf//+6L///2jAAAD3AAAwGxtbW9kAAAAAAAABhAAAJzfAAAAAMoq1YAAAAAAAAAAAAAAAAAAAAAA/8AAEQgA6AH/AwERAAIRAQMRAf/EAB8AAAEFAQEBAQEBAAAAAAAAAAABAgMEBQYHCAkKC//EALUQAAIBAwMCBAMFBQQEAAABfQECAwAEEQUSITFBBhNRYQcicRQygZGhCCNCscEVUtHwJDNicoIJChYXGBkaJSYnKCkqNDU2Nzg5OkNERUZHSElKU1RVVldYWVpjZGVmZ2hpanN0dXZ3eHl6g4SFhoeIiYqSk5SVlpeYmZqio6Slpqeoqaqys7S1tre4ubrCw8TFxsfIycrS09TV1tfY2drh4uPk5ebn6Onq8fLz9PX29/j5+v/EAB8BAAMBAQEBAQEBAQEAAAAAAAABAgMEBQYHCAkKC//EALURAAIBAgQEAwQHBQQEAAECdwABAgMRBAUhMQYSQVEHYXETIjKBCBRCkaGxwQkjM1LwFWJy0QoWJDThJfEXGBkaJicoKSo1Njc4OTpDREVGR0hJSlNUVVZXWFlaY2RlZmdoaWpzdHV2d3h5eoKDhIWGh4iJipKTlJWWl5iZmqKjpKWmp6ipqrKztLW2t7i5usLDxMXGx8jJytLT1NXW19jZ2uLj5OXm5+jp6vLz9PX29/j5+v/bAEMAAQEBAQEBAQEBAQEBAQEBAQEBAQEBAQEBAQEBAQEBAQEBAQEBAQEBAQEBAQEBAQEBAQEBAQEBAQEBAQEBAQEBAf/bAEMBAQEBAQEBAQEBAQEBAQEBAQEBAQEBAQEBAQEBAQEBAQEBAQEBAQEBAQEBAQEBAQEBAQEBAQEBAQEBAQEBAQEBAf/dAAQAQP/aAAwDAQACEQMRAD8A/v4oAKACgAoAKACgAoA8N+N7/E5P+FS/8Kz/ALS+b4x+GV8e/wBnRWcv/FvDofik619u+1o/l2H9pjQ/Okttt0JPIEbBGkVgD3KgAoAKACgAoAKACgAoAKACgAoAKACgAoAKACgAoA+X/H/wu8eeIP2tf2a/i5o9zbx/Dv4afCn9pvwn44tH1WW3ubnxD8T9S+AFz4Flg0dVMWpx20Hw+8YCe7lZX0s3ESxhv7RfaAfUFABQAUAFABQAUAFABQAUAFABQAUAFABQAUAFABQB4d4T8CeMtI+O3xb8e6nqUc/gvxf4d+H+m+F9NXUrqeWxv/D1nqEOuSyaZJGtpYC6luIGSW3kd7vYWmCFF3AHuNABQAUAFABQAUAFABQAUAFABQAUAFABQAUAFABQAUAFABQB/9D+/igAoAKACgAoAKACgDw343/E/W/hl/wqX+xNO0/UP+E++Mfhn4d6r/aCXT/YtH1rQ/FOp3N9ZfZZ4Nl9FPodrHE9wJ7YRzTB4Gco6gHuVABQAUAFABQAUAFABQAUAFABQAUAFABQAUAFABQB8yePdf8AjLZ/tX/s4eHPC8Guv8Ddc+Fn7S2ofF24tPDdrfeH4PG2g6l8BE+D0et+KZNLuLvw9fz2esfFA6Hpltq+mReI0h1eS5tdTOh27WAB9N0AFABQAUAFABQAUAFABQAUAFABQAUAFABQAUAFAHhvhPVPidcfHf4t6Vr0OpL8LtP8O/D6bwDNPpFrbaZJq93Z6i3ixbHWI7OK71OZLhLT7VBcXt0lkxRIY4A7BwD3KgAoAKACgAoAKACgAoAKACgAoAKACgAoAKACgAoAKACgAoA//9H+/igAoAKACgAoAKACgDy/4nfFLSvhf/wgH9q6dqGo/wDCwfiLovw407+zzbD7DqWt6XrmqQX979pmhzYwxaFcRy+R5tx5k0JSF1DlQD1CgAoAKACgAoAKACgAoAKACgAoAKACgAoAKACgAoA+bPHXxr13wr+1N+zv8B7TSNMufD3xj+GH7R/jnW9auDdf2tpWofBjUfgVZ6HZaaI5Vsza6snxV1d9TNzDLMG02w+yvEDcCUA+k6ACgAoAKACgAoAKACgAoAKACgAoAKACgAoAKACgDxTwt8UtQ8QfHD4rfCqbSbW3074e+HvAWs2WrRzTPd6lL4vtNQubmG4hZRDElm1mqQtEzNIHJkC4XcAe10AFABQAUAFABQAUAFABQAUAFABQAUAFABQAUAFABQAUAFAH/9L+/igAoAKACgAoAKACgDzH4mXfwytf+EC/4WWunN9o+Iei23gL+0La8udvxDfTNcfRWsvskU32e/GmR655Nxc+XapGZkklV3jDAHp1ABQAUAFABQAUAFABQAUAFABQAUAFABQAUAFABQB4l4r+K/gbw78e/g18HdW8P6hefEH4oeBPjV4v8FeJIdM0i403QtA+Fd78KLXxxpt/q1zfQ61ptzr8/wARfCMlha6Vp17Z6kui3ratcWL2GmrdgHttABQAUAFABQAUAFABQAUAFABQAUAFABQAUAFABQB5joPxG8L638UvH/w2sNMv4PFPgfR/Ceq+INTms7GLT7+z8UW93PpMNnexXcl/dS2kdrMtzHd2dtFAXUW7zBnZQD06gAoAKACgAoAKACgAoAKACgAoAKACgAoAKACgAoAKACgAoA//0/7+KACgAoAKACgAoAKAPMfiZ8OvC3xE/wCEC/4SjUtQ07/hCPiHo3jzw/8AYL6wsvt3iTSNM1zTrGwvPt1nefarGW11m/lltLP7LeySQRSRXUccUqSgHp1ABQAUAFABQAUAFABQAUAFABQAUAFABQAUAFABQB4f4st/gm/x/wDgvc+KjY/8L6g8B/G2P4NiW71yO/PgWe9+Ex+NBsrO0mXQLqAXkPwp+2za1BNf2rG0GiSQpcasJQD3CgAoAKACgAoA/Bj9iH/gs/4Y/az/AOCoH7aP7CMmm6bo/hr4R2un6r+zt4o+z3dtd/FPSPB7w+Ffi5qcF9cTCx1nSrbxcbfU/C9/pcCJeaHqvlnzm06a4lAP3noAKACgAoAKACgAoAKACgAoAKAPMdBg+GKfFHx9caCdNPxRm0fwmvj8QXV5JqS6PHb3g8J/brWWd7K3iNubv7K9rBE8q7jOzkIaAPTqACgAoAKACgAoAKACgAoAKACgAoAKACgAoAKACgAoAKACgD//1P7+KACgAoAKACgAoAKAPFPjR8K774pf8Kr+w6raaX/wr34ueHPiRd/aoZpv7Rs9D0XxPpUum23lf6q5nk16KWOaXMSpbyK3LIVAPa6ACgAoAKACgAoAKACgAoAKACgAoAKACgAoAKACgDxLxX8FNG8VfHz4NfHm61u/tNc+DngT41eBdI0CGK2bTtZsfjPefCi81i+vppP9KiuNFf4VaWliltmKVdWvPtPKQFQD22gAoAKACgD88P8AgqR+1JD+yh+x3498W6f4v0DwP8QviVqXh/4DfCHxJ4m1iy0DRtD+JXxevv8AhFtJ8VX+r6jdWVjp9j4A0q41r4iahc3l1BbpYeE7kSSruVXAP5O/+Cr3iD9kf9gnxH/wSv8A2/P2Hv2ifgJ8Q/Gn7E2p+EvgJ8a/Bnwu+MHw78YeNPiD8GNVtrl9W1W90Pwz4gub7Wrporzxza6prl/aXnl6nrPha4nbdZwlQD+5r4ZfETwt8XPh34H+KPgjVLTW/CHxB8LaH4v8N6tYzLcWd/o+v6db6lY3NvOuFljkguFw6jDYyMUAdzQAUAFABQAUAFABQAUAFABQB5hoHwv0fQPil4/+KdtqN/PrPxA0fwlo+p6bMbb+z7GDwjb3dvYy2YSJbnzbpbx2ufPmkTKL5SqN1AHp9ABQAUAFABQAUAFABQAUAFABQAUAFABQAUAFABQAUAFABQB//9X+/igAoAKACgAoAKACgDw3436P8TdX/wCFS/8ACtJtQh/sz4x+GdU8ef2frFno/mfD230PxTDrMV79rvbL+07FtTuNEaXSrb7VdXEiwzR2kiW0jxAHuVABQAUAFABQAUAFABQAUAFABQAUAFABQAUAFABQB8zePPgr4l8VftW/s4/Hew1PRIPCvwd+Fn7SvgbxFpV3Pfpr+o6p8ZtS+At54butGt4dPn06aw02P4Va6utyX2pWFxC9/pIsLfUFlvWsgD6ZoAKACgAoA/AT4h/EG5/a2/4K3fC34afFL9lv9pyb9k79mL4Z+Mr7wP44+If7H/x3HwL+KH7Tvju4sdG1DVrnxR4g+GL+EP8AhH/AHgW0u9H8N+IfEktn4cv9V17xDeaNq1xbyWVxdAH2B/wUE/Ym/ZP+Jn7F37SPw71j9nLwmw8Z/CrxXomjTfCP9np/GXxCsfFj6bNd+DtS8OaB8LPA2u+Nry707xTaaReldI06XckDQ3TxW0srqAfmB/wbLfF39qnwp+yPbfsVftifsy/tY/Bjxl8AdW1jSfhD40+M/wCzj8a/AXhDxt8HJbk3fh6xi8beK/BWleFtM1fwm1xLoFn4bv8AUbK/l0Kz0y4s4r2T7aLQA/p6oAKACgAoAKACgAoAKACgAoA8O8KfC/WtA+Ovxa+Kd1qWnT6J8QPDvw/0fStNhe7OpWNx4Ss9Qt7+W9SS2S0SK6e7ja2Nvczuyo3nJEQooA9xoAKACgAoAKACgAoAKACgAoAKACgAoAKAAkAZJwB1J4FABQAUAICCMggg9xyP0oAWgAoA/9b+/igAoAKACgAoAKACgDw343+OfGfgf/hUv/CG6dDqP/CW/GPwz4O8Uebpt3qX2Lwnqeh+Kb7Ub6P7LLF9hlivdL0yNb+4320ImaJ42eZGUA9yoAKACgAoAKACgAoAKACgAoAKACgAoAKACgAoA8f+O/x/+C37MPww8SfGb9oD4l+EvhN8L/CVus+veMvGerW+k6TaGVtltaQvK3nX+p30uINN0nT4LvU9SuWS2sLSe4dI2AP5Qvin/wAHb3/BOa1/a5+C994K8S/tLa9+z/4O8G/HPw18UtV0D4YQ2XhXxZ4r8W6l8Im+Fnie00DxB4o0TxVqdh4TtPDHxGE1zeeHbDUbFPEkA0/TdQ+33X2IA/ph/Y2/bx/ZP/b++GMfxb/ZP+Mnhn4r+FI5IrXWYNOa603xR4T1KWJZhpHjHwfrNvp/iXwtqnlsJEtNa0y1a4hKXNo89tIk0oB9eUAFABQAUAFABQAUAFABQAUAFABQAUAFABQAUAeG+E4vicvx2+Lc2vNqJ+F0nh34fL4BWeSzOmjWEs9R/wCEsNjFETepKbg2n2o3QWNm2+RkBqAPcqACgAoAKACgAoAKACgAoAKAPzy/4Kbft3R/8E9P2aLj44xfDfxN8Tta1Pxz4H+Hfh3RtE0q/vdI0/V/HHiPT9Ch1vxbfWI8yy0jToruWa3sbZjqniDVBZaLpyRfarjULAA+0Phh46i+JXgXw740h0PxP4dXXLCK5bSPGHhfW/B2vWsuNsv2nw/4htrXVrKGSRWks2uoV+0WrRTxs8ciOwB4dr37eH7EPhXWtV8N+Jv2wv2YPDviLQr+50vWtC1v48/C/StY0jU7KVoLzT9T02+8TwXljfWsyPDc2t1DFPDKjJJGjhlUA9E+FH7SX7PHx4utZsfgj8dvg98YL3w7BZ3Ov2nww+JPg7x5c6Jbai9xFYXGrweF9Y1OTTob2S0uo7SW8SJLl7a4WEsYX2gH5fftK/F7xf8AHL/grL+zx/wT0sPF/ibwr8FvC/7M3jb9rb46WngbxVrvg7WviPq8XjK0+H/w9+GniDxF4XvNK8S2XhKyEt74v1PStK1nTrfxJJJY2OuC+0uB7KUAn/ZL+OXjP4V/8FPv2v8A/gnZ4h8WeK/Gnwu0f4Z/DP8AaX/Z1uPHHiXWfGnivwZ4f8a2x074kfDy48W+J72/8Sav4X0PxfGt94Lj1bUtZvNH0rVG0T7cthp1hAgBe/4Ka/Hn4gJ+0l/wTm/YR+HPjPXvh/B+2T8YfHt78YvF/gvXL7w344sPg38E/BR8aar4W0HxDpLwa14aX4j6xLZ+H9Q8QeH77TNfstMs7630vVLGS8eZQDm0+K/iL9j3/grh8HP2SNH8UeMta/Zx/bE/Z08U+MvC/g3xr4z8T+Ppfhr8cfhNrLWmpv4K1nxrq2s65pPhHxl4INteav4aTWLrTbTxHpsup6Xp1l/at+XAOc0Pxn8YNC/4OB7v4Pap8dfix4y+EWqf8E9dS+KWmfC/xJrWj2/gPwt4qvfi7aeH5bvQ/DPhbQfDWlTTrp2lwxQ6v4gt9b8SKk1xC+tvbuIaAP3doA//1/7pPE3x0+CngrxRZeCPGPxd+GfhTxnqL2EWn+E/EfjnwzoviS+k1SVIdMS00TUtTttSuH1CaSOKyWG2c3UjokIdmUMAX/H3xf8AhP8ACmLS5/if8TfAHw6h1xrlNGl8ceL/AA/4Vj1Z7JYHu1019c1CwW+a1W5t2uBbeaYVnhMm0SpuALeufFD4a+GfCFt8QfEfxA8F6B4DvYrKez8aaz4n0XTPCt1DqSb9Plt/EF5ewaVNHfJ89m8d2yXK8wlxzQAaB8UPht4r8IXXxB8MfEDwX4i8B2MGpXV5400PxRomq+FbS20YTHV7i58QWN7PpUEOli3nOoSy3apZiGU3DRhH2gFPwB8YfhN8Vl1Fvhf8TvAHxGXRzAurN4G8X+H/ABWNMa5Dm2F+dD1G/FmbgRyGEXAj80I5TdsbaAUPDXx1+CfjPxTd+BvCHxe+GfinxpYLeNfeEfD3jrwzrPiWzXTpUg1BrrQ9O1O51KAWM0kcV2ZbZBbyukcpR2UUAGr/AB1+CmgeNIfhvrvxe+GWjfEO4nsLWDwLqvjnwxYeL57nVYop9Mt4vDd1qkWsST6jDPDLYxLaF7qKWKSBXR0NAHnX7RP7Vnwo/Zpn+GVr8RfFvgvQbn4k+PtK8G2lv4n8b+H/AAlPY6fqGn65e3PigRazPG97pemzaOlldGMRRLPfQh7uJgqOAeweLvih8NvAHhy08YeOviB4L8GeE9QntLWx8T+KfE+i6BoF7c38EtzY29rq+q31rp9xPeW1vPPaxRXDvPDDLLErJGzKAFl8UPhrqXgmT4lad8QPBd98Oorae9l8eWfifRbnwdHZ2sxt7m7k8Sw30mjpb286tDPM14I4pVMcjI4IoAj8BfFX4YfFSyvtS+GPxF8D/ETT9MulstSvvBHirQ/FNnYXjRJOtre3OiX19DbXJgkjmEMzpIYnSQKEYFgDJ8FfHX4KfEnWbzw58PPi78M/HXiDToJbq/0Pwf458M+JNXsba3mW3nuLvTtH1O8vLeGG4dIJZZYVSOVljch2AoAST46/BOLxwvwyl+L3wyj+I73Z09fAL+OvDK+MmvhC1ybMeGW1NdZN0LdHnNuLMy+SjSbdik0AP8cfHH4L/DLV9P0D4j/Fv4a+Add1a1jvtL0bxn448NeGdU1KyluZbKK7sbDWtTsrq6tpLyCe1SeCJ4nuIpYQ5kjZVANXxx8VPhj8MtLsNb+I/wARPBHgHRtUmFvpmq+MvFWh+GdN1C4MQnENle6zfWdtdSmEiURwSu/lt5mCpBYAfN8UPhtb+Bv+Fnz/ABA8Fw/Db7Fban/wn8vifRY/Bf8AZ15PFa2l/wD8JO96NF+x3NzcW9vb3P2zyZpp4oo3d5UDADfB3xS+GfxD0G+8U+AfiF4J8beGdMluIdS8Q+E/FOieIdE0+a0gW6u4r3VdJvryxtZLa2dbidJ5kaGFhLIFRg1AGb4E+Nnwc+KN9qWmfDT4r/Dj4g6jo8Uc2rWHgrxr4b8UXmmQzSSRRS6hbaLqN7NaRySwyxxvcJErvG6qSUdaAILD46/BPVPG8/wz034vfDLUPiNa3t7ptz4CsvHPhm68ZW+o6aJG1Gwm8Mw6m+sxXlgsMzXls9mJrYRSmZECPtAHeKvjn8FfA3iWy8GeNfi78NPCPi/UjZDTvC3iXxz4Z0PxDfHUphb6eLPRtS1O11G5N9Oyw2fk27/aZWEcO9yFoAv+Pvi98KfhVb6Xd/E74l+Avh3a649zFotx448XaB4Vg1aSzSCS7j02XXL+xjvntY7m2e4W2MhhSeFpNiyx7wC1rHxQ+G3h7wdb/ETXviB4L0XwBdwWV1aeN9V8UaJp/hK6tdSCtp1xb+Irq+i0iaC+VlNnLHeMlyGUws+RQAeHPih8NfF/hO78e+E/iB4L8TeB9Ph1G4v/ABjoHifRdY8L2Vvo6Sy6tPda7p97PpdvFpkcE0moSS3apaJFI1wYhG5oAo+APjH8JPisdTX4X/E/4ffEY6N9n/tceBvGPh7xWdL+1+aLX+0BoeoX32P7SYJvI+0eX53lS+XnY1AH8M3/AAVYv9W/4LTf8F7/AII/8Er4viVNp/7JX7PemW3if4lxeDvEEZg8Satb+HLTxX8Qr63a2nu7K68WwTajpfwzspbiDf4cgi1PU7SAXJvEvQD999X/AGXP+CU37O/x7/Zw/wCCfmifso/sDWnw2+Jvwn+Ot1490Px98PPht4k+Ko8UeDJ/gXafCyzvPE3ime78T3OteOLP4jeLr2K68Spq3iXXJtH0678L6lp39l3f2gA/nE/aG+DXhn/g3X/4Lv8A7K/jz9mHXbjwR+x7+2tNonhj4gfCvU/El7c+HvCmjeKvFv8Awh2v6Zez6pd+ZJ4d8FeIbvTfG/hbWtYmvL3QNIl1PRTqM8bajcXQB/fV4o+KPw18D+GLPxt40+IHgvwj4O1GSyisPFXibxPouheHb2XUYJbqwitdZ1S9tdPnlvbeGae1jjuGe4iikeJSqOygC6d8UPhrrHgqX4k6T8QPBep/DuG2u7ybx3p/ijRbzwfFaWErwX11J4kt72TR0t7OeOSG6ma78uCVHjlZWUigCHwD8WPhd8VbW+vvhj8RvA3xEstLuEtNSu/A/ivQvFVtp91JGsyW17Pod9fRWs7xOsqRTMjtGwcLtwaAMrwb8dfgp8RdevPC/gD4vfDLxv4l0+Ce6v8Aw94S8deGPEWt2VtazR211cXel6Rqd3fW8NtcSxQTyywIkM0iRSMrsoYALj46/BO08bp8M7r4vfDK2+I0l0lingKfx14Yi8ZPevCbhLNfDUmpprLXT24My24szK0QMgVk5UAk8dfHD4MfC/UrDRviV8Wvht8PtX1W1W+0zS/Gvjfw14X1HUbNriW1W7sbPWtSsri6tjdQy24ngieLz4pItzOrKoBq+N/in8M/hppNjr/xF+IXgnwHoepzpbadrPjHxTonhrS7+4ki8+OCzv8AWb2ztbmZ4AZkjhmZ2iHmAFOaAHN8UPhsvgb/AIWc3xA8Fr8NxZxaifH7eJ9FXwYNPnnitoL7/hJzff2L9kmuZobeO5+2iF5pY4lcu6LQA3wX8U/hl8SNEv8AxL8PfiH4I8deHdKnntdT13wh4p0TxHo+nXNtbx3dxb32paPfXlnaTwWssdzNFPMjxwSJM6hGVqAMvwN8bvg18T9Q1DSfht8WPhv8QNV0iJZ9V03wX428N+J7/TYXkeFZr+00XU72e0iaWOSISTxopkRkB3KwoAitPjr8E77xxJ8MbL4vfDK8+JEV7d6bL4BtfHXhifxnHqNhHLLfWEnhmLU31lLyzit5pbq1azWa3jikeVFVHoAd4t+OXwV8A+IrHwj45+Lnw08G+K9TW0bTvDXinxz4Z0DXr9b+b7NYtZ6Rqmp2t/creXH7i1MNu4nm/dxFnwtAGj48+Lfwr+Flppl98TfiT4D+HllrUk8Wj3fjfxboPha21WW2SGS4j06fXL+yjvZII7iCSZLZ5GiSaJn2h03AFjVPih8NdE8F2/xI1n4geC9J+Hl3a2N/a+OtR8UaLZeELmy1PZ/Z15B4kub2LR5ra/8AMj+xzx3jRXO9PJZ9wFACeGfij8NfGnha88ceD/iD4K8VeC9Ojv5b/wAW+HfFGiaz4asotKjebU5LvXNOvbjTLdNOijllvnluVW0jR3nKKpKgFHwD8ZPhF8VpNUi+GHxR+HvxFl0QWzazH4H8ZeHvFb6St40y2jaiuh6hfNZLdNb3C27XIiExglEefLcUAeGfDv8Aav8AAvj39pn4t/APTviB8LNUn8CaJ4RvND0vQ/FOl3vjG+1TULe+bxZZX1jDrdw07aBc20ENxBa6Zbz6a0pj1As7IaAPZ9e+OvwT8K+MLX4e+Jvi98MvD3j29n021s/BWt+OvDGleK7u51jyv7Jt7fw/fanBq002pm4gGnxR2jPeedELdX3oWALnj/4y/CL4UtpyfFD4o/D34dPrCztpKeOfGXh7wo2prbFBctYLrmoWJvBAZIxMYPMERdA+N4oAv+Jvih8NvBfhe18b+MPiB4L8K+DL5rNLLxb4j8T6Lovhu7fUIpJ7BLbW9RvbfTZ2vYIpZrRYrljcRRvJDuVWNABpXxQ+G2veC5fiRonxA8F6x8PILe+u5/HWl+KNFv8AwhDa6ZLLBqVzL4ktbybR44LCaGaK9la7CWskUkczIyPtAK/gH4tfCz4rW9/dfDD4k+BPiLa6VNHb6nc+B/Fmg+KoNOnlTzIoL6XQ7++jtZZIyJI452R3T5lBUZoAzPCHx1+CfxA8RXnhDwJ8Xvhl408V6fBdXV/4a8K+OvDHiDX7K2sZ4ra9uLrSNK1O7v7eG0uJ4YLmWWBEgmljilZXdAwAXnx1+CeneNk+Gl/8XvhnZfEWW6hso/Ad3458M2/jGS8uYRcW9onhqXU01l7meAiaGBbMySxESIrIQVAJPHnxv+DPwsvrHTPib8Wfht8PNS1O2N7pth438b+GvC17qFmJntzdWVtrepWU1zbCeKSEzwpJGJUeMtvUqoB6bFLFPFFPBJHNBNGksM0TrJFLFIoeOSORSVeN0YMjqSrKQQSCDQBJQB+In/BwtpmpXH/BM/x54itLC8vtM+Hvxg/Z7+IfiySxt5bubS/CHhj4u+F7jXtZe3gV55LbTLeZbi6MSOYrdZJ3CwxSuoB+r3wI+Knw8+M/wn8E/EL4V+LdH8deBtc0HTm0TxZ4euRf6BrUMFrDBJdaPqkQNnqtl5sbpHfafNcWcxUmGeRRuYA/Gn4rfs8ftZav8S/HeqaD/wAEbf8AgkV8RtE1DxVrV3pXj34g/FDSLHxx4wsJ7+aS28ReLbOT9jXxI9t4g1WIrd6pC+v6w0d3LKp1C6/1rAH2H+wP8LfjZ8PNc+I9x8Wf2Cv2HP2N7XU9M8ORaLq37IvjGx8Uar45ntrnWHvdP8axWnwE+DRs7HQ0mt59Fd7vXRNPqepAW9j5ZkugD5O/aA8In9m7/gtz+z7+2Z4zWPw/8A/jx+yL4w/ZW8TfEa/YWnhjwl8bdE8dWPjXwPZeM9dm2aZ4cs/GPhRLvSvDNzrN1Ywarrmlz6XZTz3rx29AHBfCLxH4K1X/AIKff8FEv+Cn+t6gP+GTv2eP2aPAvwJ8P/GTSrPUvEOieL73wJpt546+O134Jh0Swv7zxXpHgzUY7Hw9PqHhyHVbbUtesNR0/TXuLizmjUAk/bo1nwt48+P/APwRy/4KwfDGa+8TfsyeA/FnjTT/AImeP00PXNLbw58IP2k/hxHpvw3+IviTS9X02x1nwv4Q0vxXJbxeKdT8R6dptv4dj1uyl1p9OQu1AHXeJtG0z9sP/gtv+zv8U/hZeaZ49+Df7Dn7Mvj6Xxx8TvDl/Dq/g+w+Nnxl1lbPw58PNN1uy+0aVqviS08BQXHiHXrXTr64k0Sz1bSYtTS3nvYFYA8qf42fCCf/AIOXINKi+Jngdr+z/wCCbsnw/uLf/hJdJBj8dP8AGiLVl8HeY10sTeJ203ULS8GhJK+pGGYMLY7XVAD+kGgD/9D+9u98LeGdTvo9U1Hw7oWoalCYmh1C90jT7u+iMDBoDHdz28lxGYWVWiKSKY2UFMEAqAS6t4d8P68sC65oej60tqXNsuraZZaituZAokMAvIJxEZAiBzGF3BVBztFAEl1oei32nppF7o+l3elRrGsemXWn2lxp8awjEKpZSwvbKsQ4jCxAIOFxgCgAtND0Ww099IsdH0uy0mVZkl0y00+0ttPkS53C4R7KGJLZ1nDsJlaIiXcwcNlqAI9J8O+H9BEw0LQtH0UXBU3A0nTLLThOUzsMws4IRKUydu/dtycdTtAIrLwt4Z02+k1TTvDmhWGpyiQS6jZaRp9rfSCZg0oku4LaK4cSsA0gaRt7AFskZoAS48LeGLvUl1m78OaDdawjxSJq1xpGnzaksluqrA630ls90rwqirEyygxqqhMBQKAPOfi7J8HLVvAD/Fvwv4Z8RPrPj7SPDPgV/EPhCx8VtZeNb/TtavNLlsWu9N1A6NcCwsdYCaqhthbq8kJnU3IRwD1DUND0XVrOPTtV0fS9TsIXjkisdQ0+0vbOJ4kZInjtrmKWBHjR2SNlQFEdlUgFgwARaHosGmHRYdH0uLRmR4m0mLT7SPTDG7b3jNgsItSjuSzp5JVm5IyaAG6VoOh6DFLDoei6To0M7+bNFpWnWenRTSbQnmSx2cMKyPtULvcM21QM4ACgEGm+FvDOi3Mt5o/hzQtJvJlZJrrTdI0+xuZUdt7JLPa20Usis4DsruQWG45NACHwt4YbVBrbeHNBbWRJ5o1c6Rp51QS7Snmi/wDsxuxJsJTf527aSuQCRQA7VPDHhrW7iG71rw9oer3VugigudU0nT7+4giV2kWOGa7t5pI0WR2kCIyqHZmADMSwBPqeg6HrcEVrrOjaVq9tA2+C31PTrO/ghfbt3RQ3cM0cbbQFyiqdvGccMAK2h6K+l/2G+kaW2i+UkH9kNp9odL8mNleOH+zzCbTyo3RXSPydisqsoBUGgBNO0LRNHtZbHSdH0rS7Kdnaaz07TrOxtZmkUJI0tvaxRRSNIg2OXQllAUkgYUAh0rwz4b0OWafRPD+iaPNcqFuJtK0mw0+WdVJZVmktLeBpVVmLASFgCxIwSaAGxeFvDMGptrcPhzQodZeWWZ9Xi0jT49Teabd50rX6263bSyhmEshmLSbm3FsmgAv/AAv4Z1S9i1LU/DuhajqMPl+Tf3+kafeXsPktuhMV1cW8k8flMA0eyRdjDKYIyoBLq3h7QNeSCPXND0fWUtS7WyatpllqKW7SBBIYFvIJ1iMgjQOYwu4IgOdooAkuND0W705NHu9H0u60iNI449LuNPtJtOjjhGIUSxlie1VIgAI1WICMfdA6UAFnoei6dYSaVp+j6XY6XKsyS6bZ6faWthIlwGFwklnDEls6zh2EytERKGYSBsmgCLSfDnh7QfOOhaFo2i/adn2j+ydLsdO+0eXny/O+xwQebs3Ns8wNt3HGMmgD+Fb/AILK6H8Tf+CPX/BbL4Jf8FkPCfw4v/Gf7M3xgsNJ8DfGi18NWS40XU4/Ddp4Q8YaLIyrFbadretaVpml+PvDc+oXFrZ+IdZstS0hbmFLe+ltQD91tJ/4OBv+CPPjTVvhL4tt/wBpD4DR6B4++H/xF8d+IfGPjTWdD8M+N/hZqnw5Pw7TQ/BnivwJr1jF4+HivxinjLVv+EUsrGxknvv+EG18aOmqR27yW4B/OVr/AMXtW/4OSf8AguT+zprvwA8Ea4v7Cv7Bep6B4o1z4k+I9JudMtvEtp4V8VN4yj1jUbDUIcWt58QvF9npeh+HvCV28Op3PgzTbvVtQ0+1uYNRs1AP9Ay90HQ9SsItL1HRtK1DTIDEYNOvtPtLuxhMCGOEx2lxDJAhhRmSMrGCisVXAJoAWHQ9Ft9MOi2+kaXBo7JJG2kw6faRaY0crFpYzYJEtqUkZmaRTFtdiSwJOWAG6ToGhaDHLFoei6To0U7iSaPSdNs9OjmkA2h5Us4IVkcKAoZwzADA4HygEGneFvDOj3Ul9pPh3QtLvZldJrzTtI0+xupUkYO6SXFtbxTSK7qHdWdgzKGIBAoAR/C3hiTUxrcnhzQX1kSCUas+kae2piVV2LIL82zXYkCZUOJdwX5RlSQoA7VPDHhrXJornWvD2h6xcW6eVBPqmk2GoTQxhzII4pbu3meNA7M+xCF3sWwCcuAT6noWia1bxWms6NpWrWsDB4bbU9Os7+3hcLsDxQ3UMscbBflDIgIXgYBNACnQ9FOl/wBiHR9LOi+WsP8AZB0+0Ol+SjB1i/s/yfsnlq6q6x+VsVlDDBClQBNN0LQ9GtpbLSNG0rSrOdmee003TrOxtpndBG7ywWsMMUjPGAjM6sWQBSSAAoBBpfhnw3ocs1xovh7Q9HnuFCTz6XpNhp8s6hiwWaS0t4nlUMSwEjMAxJHJNACR+FvDMWqHW4vDmhR600kkzavHpGnpqjTShlllOoLbC7MkiswkczbnDMGLZO4ANQ8L+GdWvItQ1Tw7oWpX8HliG+1DSNPvLyERNviEVzc28s0flv8APHsddjfMMHBoAm1Xw/oOvRwxa5omkazFbMzW8eq6bZ6jHbs4VXaFLyGVYmdUUMUVSwVQegoAfPoei3Ompo1zpGl3GjxxxRJpU+n2kumpFBjyY0sZImtVjiwPKQRbY8DaBigAstD0TTbGTS9O0fS9P02YSrNp1lp9paWMqzgrOJLSCKO3kEysVlDR/vAxD7gaAItJ8OeHtBM7aHoOjaK1zsFy2k6XY6cbgR7jGJzZwQmXyy7lPML7dzYxuJoA8n8K+KvA+pfGf4jfD/TPBGnaZ4n8A6P4U1vUvFEWmaRC+qJ41t7y6jjguLeFdQEsP2NheNO+JmZSC3O0A9UuvC3hi+1FNXvfDmhXmrRPC8eqXWkafcajG9vt+zul7NbyXKPBsXyWWRTFtXYRhdoBJq3hzw9rxhOu6Do2tG33C3OraXY6iYA+N4h+2QTeVvwN2zbuwM9PmAJb3Q9F1Kxj0vUdH0u/02IxmLTr3T7S6sYzCpSIx2k8UluhiVmWPbH8ikhdoJoALfQ9FtdNbRrXR9LttHdJY30q30+0h01o52LTo1jHClqyTMzNKpiIkZiWySTQAzSfD+g6Ckseh6JpGixzsHnTSdNs9OSZ1GFaVbOGFZGUcBnDEDgHAwoBDp/hbwzpF5JqGleHNC0y/mV45b7T9I0+yvJUkZXkSS5traKd1kdVd1aRgzKrNkgGgBJPC3hibUxrUvhzQZdZV1lGrSaRp76mJEXYkgv2tzdh1T5VcTBlX5QcUAO1Xwx4b12WKfW/D2h6zNAnlwTarpNhqMsMe4v5cUl5bzPGm9i21Cq7mLYycsAbaqqKqooVVAVVUAKqgYCqBgAADAAGAOBjFAC0AMkjjljeKVElilRo5I5FV45I3Uq6OjAq6OpKsrAqykgggkUAOVVRQqqFVQFVVACqBwAAMAADgADHpjFAC0AFAFe7tLW/tp7K+tre9s7qJ4Lq0u4Y7i2uIJF2yQzwTK8U0Uikq8ciMjKcEEGgBsNjZW1mmn29na2+nxwfZo7GG3his47bZ5f2dLaNFgWAR/J5SxiPYdu3HFAE/lRiPyRGnlbPL8rYvl+Xjbs2Y27Nvy7cbccYxxQBU07S9N0e0jsNI06x0uxiLGKy060t7G0jLsXcx29tHFChd2ZmKoCzEs2ScqAXqACgD//R/v4oAKACgAoAKACgAoA8x+JnhPwF4r/4QH/hPL+Gw/4Rz4iaL4m8H+dq8Ok/bPGthpmuWml2MfnEf2lLLYahq0i6XFmadYmmUEW7FQD06gAoAKACgAoAKACgAoAKACgAoAKACgAoAKACgDhfiZ8MPhz8ZvA3iP4ZfFnwP4W+I/w98X6dNpXibwZ4z0Sw8Q+HdasJh80F/pepQXFrKUYLNbzbFntLmOK5tZYbiKOVAD+b/wCIH/Bs3/wQll+P/grwrqnwe8feEvGnxU0r4geOfCfwn8M/Fn4sW/gnXdC+Gl54Nj8eTR3RuNTuPD9npNx8QfCcS6Z/wmWi3FzHq23QIJ4tPvjYAH77/s0fspfs5/sc/DLTvg7+zF8IPBnwa+HWmyvdJ4e8H6cbc3+oSIkc2ra9q13Lda34k1q4SKNbnWdf1LU9UuFSNJrtkRFoA+g6ACgAoAKACgAoAKACgAoAKACgAoAKACgAoAKAPMdB1P4ZT/FHx9pmgx6cvxQsNI8JzePpYdMvINRfSLq3u28Ji+1OS1js7+JbdbsWsNtdXElou9ZkiLqtAHp1ABQAUAFABQAUAFABQAUAFABQAUAFABQAUAFABQAUAFABQB//0v7+KACgAoAKACgAoAKAPH/i78KR8VP+FaZ13+wv+Fd/FPw/8Sh/xLf7S/tc6Ho/iLSv7G/4/wCw+w/av7f8/wC3/wCl+V9l8r7HJ53mRAHsFABQAUAFABQAUAFABQAUAFABQAUAFABQAUAFABQB4h4s+Gnw7174/fBj4q634hurL4m/DnwH8bPC3gDwzHrOk2tpr/hr4k3vwmufiFqVzodzZS6zq8vh+48B+CY7W+0q/s7PRxrdwmqwXr6pprWgB7fQAUAFABQAUAFABQAUAFABQAUAFABQAUAFABQAUAeY6D4C8H6P8UfH3xA03Ubmfxl4x0fwnpvibTZNRs5raxsPDlveQ6JLBp0Vul7ZPdRXM7Sy3VxNHclA0CxBWDAHp1ABQAUAFABQAUAFABQAUAFABQAUAFABQAUAFABQAUAFABQB/9P+/igAoAKACgAoAKACgDw743+EfHni3/hUv/CCahPp/wDwjfxj8M+KPGHk6xNo/wBs8F2Gh+KbTVLGXyZYv7Thlv8AUNJkbSpd8Nw0KTNGTbKaAPcaACgAoAKACgAoAKACgAoAKACgAoAKACgAoAKACgD5y8cfBHVPFf7T/wCz78fLfW7C00n4NfDP9onwJqWgTW9w+o6zd/GrUPgfeaZfWNyn+jQW+ir8KNQS+jnzJO2rWZt+IZioB9G0AFABQAUAFABQAUAFABQAUAFABQAUAFABQAUAFAHjHhf4VXPh741/FP4sSaxBc2vxE0DwJosGjJayRz6Y/g+0v7aWea7MrR3C3xvA8aJDGYQhDM24UAez0AFABQAUAFABQAUAFABQAUAFABQAUAFABQAUAFABQAUAFAH/1P7+KACgAoAKACgAoAKAPDfjf4g+I/h//hUv/CurHUL7+2fjH4Z0Pxx9g0N9b+yeArvQ/FNxq95e7bW6/smxi1Kz0WOXWG8hbaSWGA3CG5COAe5UAQXUMlxbXNvFdT2Us8E0Md7ai2a5tJJY2RLq2W8t7q0ae3ZhLCLq1ubYyIont5ot8bgH8h/xL/aB/wCCjVt/wX20T/gmh4e/4KSfHPw7+zr4v+D6fFi31GD4J/sTan8StDuX8K2+qzaBZ+ItS/Zel0WfTV1aSY2s994au7+LTBFaT3F5dq+pOAe7f8FDP20P2/8A/gi748/Zu+LfxM/aG0b9uL9jP4zfFXSPhD8S9G+KHwk+H3wx+O3wwv8AUxHJb+JPCnjH4KaV4H8EeJo5rM3+ovY6z8PbdT/Y8mlILZtQi1e3AP6cdJ1KDWdK0zV7UMLXVdPs9Stg4AcQX1tFdQhwMgN5cq7gDgHpmgDQoAKACgAoAKACgAoAKACgAoAKACgD5k8e+F/jBqH7V/7OHi3wzd61H8EvDXws/aW0n4s2dr4oi0/Qbrxp4n1L4CS/CKbWPCTapbzeJb60tPD/AMTV0bVotI1JPDCXOqxS3el/8JBGmoAH03QBDcXFvZ2893dzw2trawy3Fzc3EiQwW9vAjSTTzzSFY4oYo1aSSR2VERSzEKCaAP5kfgv/AMFC/wBsX/gsj+1N8cPhh+wH8S7D9kf9hT9mLxX/AMIV8Qf2tbfwJ4Z+JPxq+OPjPyrhZvDfwg0b4h6N4h+Gng3RI4lTVLjV9f8AD2u+ILbSbzQtSS2t7jVpNM00A+l/2y/2Vv8AgqB8Cf2a/iJ49/YT/wCCkvxu+J/xP8E+DPEHiKT4ZftVfDT9mj4i2XjuPTtIubnUofBXizwB8EPhX4n8KeMfJinvvDlpql14q8PXmrR2ulHTrCCfzqAP1E/Yx8c+KviZ+yZ+zl8QfHN9can4z8ZfBzwD4i8Vahdxww3V54g1Tw9Y3OrT3EVukcEU0l7JMZI4Y0iRsqihQAoB9M0AFABQAUAFABQAUAFABQAUAFABQB4b4T0H4k2fx2+LfiDXLvUJPhnrHhz4fW3gWzm1xLvTrbVtOs9RTxS9loQu5H0mWaeW0NzcvZ241BlVxJN5WVAPcqAPjL/goAnxU039kb4/ePfgx8cvHXwF+Ifwq+DvxR+J3hnxT4I8O/CbxR9v1nwN4H1rxNpekeItG+Lnw3+JGj3egXd5pUUF/HpVpo2rGCeU2+rwOqFQD8H/APgiB4z/AOClf/BSP9hfQP2rvit/wVH+MHhzx7rvjz4h+GLXwvon7N37Gdx8PbWx8G+I7/w7Zy6hp0fwI0jxbqVxdvYG8uWsvGeiJsl+zRKjJ9ocA9o8Wf8ABUX9rn/gmR+1P8H/ANm//gqdpnws+JP7PX7RfiOXwz8Ev2/Pg9oWp/C/RtL1/fBCnhX46fCnVdV8Wab4c1OK8vtPhu9d8O+KItGsbHULHU3tryxTV73SwD+j+3uILu3gurWaO4trmGO4t7iF1khngmRZIZopFLLJHLGyvG6sysjBgSCDQBNQAUAFABQAUAFABQAUAFABQAUAFABQAUAFAH//1f7+KACgAoAKACgAoAKAPGvjH8VLn4W/8Kv+zaLFrX/Cwvix4d+G0/m3r2X9lQa5o3iTVX1ePZa3P2qS2bQUgW0byEkF0XNwhiCOAey0AFAH8S/7WWl/G7WP+DsD4e2P7PXjT4ZeAPibJ+ybZNpfiT4u/DrxN8UvBNtZp4PtzfwX3hDwl8SfhPrV3c3EW1LS6g8ZWsdo4MktpeKRGoBy/wDwWS0j9sL9n741fsr/ALT3/BY5PBP7Zf8AwTt+Gfxh0JdD8I/sdC6+AWjfD34sX0k2paP4n+LXwm+IUfxM8X/Faym0/wAPyy6ZoVj8ZtO0cJpd9Y3eo2o1SfTNcAP7VPhd488F/FL4b+BPiP8ADnUbfVvAPjjwnoPijwdqVpGYra88N6zptvfaRPDEwUxxtZTQ7YyBsxt7CgDvKACgAoAKACgAoAKACgAoAKACgAoA+XviB8RPiPon7W37NXwy0OB3+F/j/wCFH7TniX4hXA0Y3SQ+Jvh7qX7P9v8ADqN9d8sjRzPb+NvHJSxMiHWfJZwr/wBlnYAfUNAHyr+3VD4nuP2Jf2wYPBUkkPi6b9l/49xeGpYXkjuI9bk+FnipdNe0kixJHeLdGI2cin5LnymOADQB/Ot/wZx3vh+f/gmV8RLOwDf8JVpn7TvxCt/H7yMrSSa/NpXh+7smkwA4f+wJ9KDeYWYlSwwpUUAf1pkZ4PIPBB70AV7S0tLC2gsrG1t7KztY1htrS0hjt7a3hQYSKCCFUiijQDCxxoqKOAAKALFABQAUAFABQAUAFABQAUAFABQAUAeG+E/GPjnU/jt8W/BmraeYfAfhfw78Pr/wjqJ0q4txe6jrlnqMviGIas5+z6j9mmgt1MEID2e7bKSXUKAe5UAfK37dX/JkX7Y//Zq37Qv/AKqTxfQB+IH/AAaU/wDKHr4c/wDZYPjp/wCrL1+gDgv+Dwe08HT/APBJi2m8RJZnxBb/ALSfwuHgh5BD/aH9sTaF46W+hsS3+kGKXS1uGvI4NyO0Vq0ykxxFQD+gT9iWDxna/sf/ALMlv8RPtn/CdQ/A34aR+K/7RMpvv7cXwppgv/tZnJmM/nbvM8w792c4zQB9Q0AFABQAUAFABQAUAFABQAUAFABQAUAFABQB/9b+/igAoAKACgAoAKACgDzH4meOvBngb/hAf+Ey06TUf+Eu+Imi+DfC/l6Za6l9h8Wanpeu32nX7/anT7CkVlpWpRHULfdcwmdYkUpNIVAPTqAILqWSC2uJ4bWa9lhgmlisrZrZLi7kjjZ0tbd7ye1tEmuGURRNdXNvbK7qZ54Yg8igH8h3xW/Zx/4KZz/8F7vD/wDwUz8If8E2/ip4q/Z88JfCiD4TJosn7RH7EuhfErWUXwrDpN34j07QdQ/aWbRY7b+14mNjY6n4i067uNLZLm7WxvN2noAe1/8ABUf9mn/gqJ/wWY8A+BP2QIf2U9H/AGDv2aJfiRoHj74wfF747fHH4O/Er4maxYeGo7y1s/D/AIM+Hf7PPjL4paRFII9W1HUANb8VRwatfwaZDNqHh23tLh9QAP6MfgH8G/DH7PHwT+FHwJ8FNcv4S+EXgHwv8PfDsl55f2qTSfCukWukWclx5KRxCWSK2V3EaKilsDIGaAPXKACgAoAKACgAoAKACgAoAKACgAoA8B8ZfHH/AIRL9o/4Ffs//wDCM/bx8afh38evHv8Awlf9sfZv+Ec/4Ujf/Bqy/sr+xP7MuP7W/wCEl/4W15v23+1tN/sj+wdn2XUv7T32AB79QBBdWtrfWtzZXttBeWV5BNa3dpdQx3FrdWtxG0VxbXMEqvFPBPE7xTQyo8ckbMjqyswoA/l2+E3/AATy/bn/AOCOH7WHxs+KP/BO/wCFvh79sD9hb9p/xbP45+IP7JP/AAsPwr8IPix8DfFZkJfXPhZrvxF1fT/AvjDT49OkGmQ6dqGtabrGr2Gn6VpV0bGTS49X1IA/VDTP2s/24fjfpyeHfg5/wTy+LP7PfiHUE+x6h8Uv20PGvwL0H4eeB5JAVn1fT/BHwP8AjF8XPiX8TbvTwHlsdATS/AWj61N5EF1430SCSW6iAP0Z8FaR4g0Hwj4b0XxZ4puPHHibS9G0+y1/xhdaZpmi3HiTVoLdEvtYk0jRre00rTTfXAknFlYW8VtbqwijUhQzAHT0AFABQAUAFABQAUAFABQAUAFABQB5D4b+Ky+IfjF8S/hMNDa0b4daH4K1ptdOoCZdW/4TG1vbkWw077FEbI6f9j2GU3119p8zIig24cA9eoA+Mv8AgoAvxc1f9kb4++APgf8AAzxj8e/iN8Vvg98T/hh4a8L+EvFfwk8Gx6dq/jrwTrPhjTda8Q638X/iN8OdGt9BsbrVkub86Veavq/kW8q2+lTO6bgD8Jf+CI3gD/gpv/wTX/Yc0D9lH4r/APBLv4p+KfGuh+PfiD4mtfFvhn9p39iVfAU9h4z8RX3iK2TU7mX9oafxZp89nLftZ3Caf4R1tTHCLmJ3ZzbqAfQ3iv8A4Jv/ALYf/BSf9qn4L/H3/gpwPg98LP2Zf2avEUnjT4L/ALCnwl8Wax8Wj4o8dgwtbeMfj/8AE2/8PeDvD2uTafcWlncWPhzwzoeoaO9tbw6fNNBDLro8QgH9DsMMNvDFb28UcEEEccMEMSLHFDDEoSOKKNcLHHGihERRtVQFGABQBJQAUAFABQAUAFABQAUAFABQAUAFABQAUAFAH//X/v4oAKACgAoAKACgDgfil8Uvh38Evh74u+K/xa8ZaB8Pvhx4D0W78Q+LvGPijUYNK0PQtJs1Blury8uCEDO7Jb2tvGJLm9vJreys4Z7u4ghcA/jn/ag/4PA/+CeUnjnSPDPw5/Zf+P8A+0d4Y+Hfjez8UaJ8Qzf6V8LNBn8R6Nbalp1nr/hjTLvUrzxLq1lHZatqKQ23izRvD8dz5/mTaaNlvOgB+0v/AATF/wCC+P7Bn/BUnUZfAXwl8ReJvhf8d7PT5dSvPgV8YrDTfD/jO/sbRU+36l4P1DSdV1rw14y020kY+eukax/bllb+VdatoWmxTRMwB+2NABQAUAFABQAUAFABQAUAFABQAUAFABQAUAfLn7X37Z/7Nv7CXwb1r47/ALUPxO0T4ZfD7SWNpb3Ooedd6z4k1qSGWaz8N+EvD1hHcav4k8QX4hf7Pp2l2szpGsl3dtbWEFxdwAH8l/jH/g85/YYPxW0nXND/AGG/jv4z0fwqniDRPDXxX1j/AIVbpXxA0zw74in0hvE6+F9In1HVrjTNO8SHQNAudW0tfGmlR6s2j6L/AGxGsunWn2cA/pZ/4J1/8FVP2N/+CoXw6vvHf7LnxBl1HVfDv2ePx18L/F9nF4c+KPgG4ut/2ZfEnhg3d4r2N2Y5Vsde0S+1jw9fvDNFaarLPb3EMQB+jVABQAUAFABQAUAFABQAUAFABQAUAFABQAUAfm1/wUb/AOCsH7GX/BLfwDpnjL9qPx9eWmu+J0um8B/CnwTp0fib4pePHs8i4bQfDhvLC1s9NhkHkzeIfEuqaB4bhucWkmrrdOkLAH83nhD/AIPRP2JX+JF1e+Jv2I/2gvB3hfXZ7HT9U+JekS/DLWvGNxplq7Q6dc69oKanoxu7TTIpXkFpb+LtWmtIGnTTre6mKwSgH9ZX7In7ZH7OX7dXwX8P/H39mD4laP8AEz4b+IN8Av7Bbiy1bQtWgVDe+HvFXh/UYrbWfDXiHTy6reaRq9na3cYaOVY3glimlAPp6gAoAKACgAoAKACgAoAKACgAoAKACgAoAKACgAoAKACgD//Q/s5/4b6/Y9/6Lz4K/wC/uo//ACDQAf8ADfX7Hv8A0XnwV/391H/5BoAP+G+v2Pf+i8+Cv+/uo/8AyDQAf8N9fse/9F58Ff8Af3Uf/kGgA/4b6/Y9/wCi8+Cv+/uo/wDyDQAf8N9fse/9F58Ff9/dR/8AkGgD+O3/AIOff2z/AA5+1z8ZP2Bv+Cdfwk+NdjpfwV+MXjzQ/Fnxw8W6Jd30OnJDq3jSLwZpTa0rxIl5F4L0m08Q+JLTTpLaeC7vdQtzMjyQ25iAP6Avgb4A/wCCSn7M3wW+C/wP+Avjj4TfDHwz8JPF3hjxlealpGipdeJviTrWgaFrujXVz4/8SXOmJrHiS91ttfu7y9v9UubuZCiW0EUVqFhQA/me/wCDkP4f/sc/AHxj+zf/AMFRv+Cdfiz4efDP9pHwH8btBsfH2jfCux/4RvS/F+pPb33iHw540u/D+mWel6ZHqEh0TWtB8cT28ar4s0rV7eHVopp5b64vQD+yD4I/8FMf2TviX8Hfhf8AEHV/jJ4T0PVfGfgPwt4k1PR7ua+N1puoavo9peXtnP5enrH5sFzLIjBFVQRgDA+UA9R/4b6/Y9/6Lz4K/wC/uo//ACDQAf8ADfX7Hv8A0XnwV/391H/5BoAP+G+v2Pf+i8+Cv+/uo/8AyDQAf8N9fse/9F58Ff8Af3Uf/kGgA/4b6/Y9/wCi8+Cv+/uo/wDyDQAf8N9fse/9F58Ff9/dR/8AkGgA/wCG+v2Pf+i8+Cv+/uo//INAB/w31+x7/wBF58Ff9/dR/wDkGgA/4b6/Y9/6Lz4K/wC/uo//ACDQAf8ADfX7Hv8A0XnwV/391H/5BoAP+G+v2Pf+i8+Cv+/uo/8AyDQAf8N9fse/9F58Ff8Af3Uf/kGgA/4b6/Y9/wCi8+Cv+/uo/wDyDQAf8N9fse/9F58Ff9/dR/8AkGgD+IL/AIKSfFX4Pf8ABWr/AIOCvhF+yz8Zvi/b2v7BX7NPhPS9dv4IdQ1Cw0TxfOnhvSfFnjS3hFssV1BqfirxTqemeEr7VIQl8fCej7bSa0uUt5YgD+rrSPFf/BIDwXrHwb8P+GfEfwA8Gab8MPht8Wfh78OfhLomk6TpPgnUfAvxBk+GP/CxY77wCNC+x+KFhfwJ4GS51C5t7g2TXTG/aeTVUZgD+RP9re+/Zp/4JJ/8F0/2Ov2ov+CfHjzRPDXwD/aa8Q6L4X+Ovwr8FS3Nl4I8OWfi/wAX23hDx5pdvo3kwrD4OMV/ovxD03R4E8jStd06S00iG20+2t7RgD+61P2/P2PHVXHx58F4dQwzJqIOGGRkfYeDg9P8KAHf8N9fse/9F58Ff9/dR/8AkGgA/wCG+v2Pf+i8+Cv+/uo//INAB/w31+x7/wBF58Ff9/dR/wDkGgA/4b6/Y9/6Lz4K/wC/uo//ACDQAf8ADfX7Hv8A0XnwV/391H/5BoAP+G+v2Pf+i8+Cv+/uo/8AyDQAf8N9fse/9F58Ff8Af3Uf/kGgA/4b6/Y9/wCi8+Cv+/uo/wDyDQAf8N9fse/9F58Ff9/dR/8AkGgA/wCG+v2Pf+i8+Cv+/uo//INAB/w31+x7/wBF58Ff9/dR/wDkGgA/4b6/Y9/6Lz4K/wC/uo//ACDQAf8ADfX7Hv8A0XnwV/391H/5BoAP+G+v2Pf+i8+Cv+/uo/8AyDQB/Cb+w5f/ALMf/BWP/gt9+2l+2J/wUG8YeHPEvwX/AGfPEEFh8B/hT48lu7/wVrNnH4h1vQvh5pl7oMsV9Zan4d8IaB4ak1TWNEubW10vxFr+tw6pqUF04vbecA/qh+O/7Zf/AAQl8Jy+Lvhp+0H8Wv2Y10j4neCdA0TXPhb4y0Ial4QfwjoVvf6RoS6V4Tj8OXGleG2tYprpbK70uDT7+2kSG8spYZobe4QA/kq/4Jf/ALcH7Gn/AASi/wCC2P7Qvws+C/7UXhzV/wDgmH8ddAutR0jxhdavr2o+DvCmtPpVj4s8Hxzyz2KXp1jwhJd678Pb/UW0qOfWALBp55reztHoA/sn/wCH+X/BH3/o/L4L/wDgR4j/APlFQAf8P8v+CPv/AEfl8F//AAI8R/8AyioAP+H+X/BH3/o/L4L/APgR4j/+UVAB/wAP8v8Agj7/ANH5fBf/AMCPEf8A8oqAD/h/l/wR9/6Py+C//gR4j/8AlFQAf8P8v+CPv/R+XwX/APAjxH/8oqAD/h/l/wAEff8Ao/L4L/8AgR4j/wDlFQB+gn7OP7UHwD/a5+HFv8XP2cPid4e+LXw4utU1LRbfxb4Ye7fTJdU0i4a11KzU3traTebaXCNFLmLbuXgkYLAHvVABQAUAFABQAUAFABQAUAFABQB//9H+/igAoAKACgAoAKAP5LP+Dov9gr4+/E7wt+zb/wAFHP2SdGv/ABF8c/2E/E0HibXfD2kWVzqutX3gLRvENl430bxDpmj2Qju9Vs/BPiWxv7vxPpdvNJPe6Brk9wIUstN1GegDmfhH/wAHPH/BOr9qj4NfAjV/jl8Ypv2SPjd8MfiV4R8a/GL4e+P/AAh8UNX07UoPDfh3xRpHiAeA/Evw68GeLtN8SWup6pqlreaXo+rNoesfZ0ZdQ0y2uYoklAPy2/4KRftx+K/+DmX9qf4Cf8E6f+Cengvxvd/ss/D7x3Z/EP4x/HPxDoN/4et7m1Rv7K1Hx5eaZqUDN4Z8OeFtAn1i18E2viOGw17xR4k1iS0m0y0heNIAD/QM+GvgTRfhd8PfBHw48NwJbaD4F8K6F4T0iBNwSOw0LTbbTrYKGLMAY7cHBJIzigDtqACgAoAKACgAoAKACgAoAKACgAoAKACgD+Gv/gu18Jv2g/8AgmB/wVR+CP8AwXQ+AHgHV/iT8JdQtPD3g39pfQNHhcW+lPY6JB4GvdP16aGK8Oj6P418KW+lXmh+I5beOyt/HekiPVPllt01AA+7bb/g4z/4IvfFjxv8Bv2x9e/a18R/C/xD8FPhT8dvBuo/s+eKPgT8UtS+IOo6l8brn4O6hJbJqvhnRdX8NyXfh2b4Sx2lvJod94g0PVf+Eh8+81zQk0qYXAB+Snwc8Z/FT/g5S/4LUfBr9qDwx8MPGfw9/wCCfP7CGpaDrPh7XPGGnxwtrOqeEdcbxd4esry4tZJNJm8eeNPGf2HXb/QdOvdVTw14P0u2sdUvZJpbC41AA/0EQAAAAAAMADgADoAOwAoAWgAoAKACgAoAKACgAoAKACgAoAKACgAoA/z6vif4u+Lv/Bs5/wAFkvjV+0R4n+F3inx3/wAE6/289cutQ1HxD4Rg+0y6CLvWtQ8SW+nWcrfZdMbxn8LNX13XLYeGNXvLOfxD4W1T+2LGcyvapOAfsP4g/wCDlH/gjH8LJ/in+1B4Y/aj8R/FXxT8R/Bvg+y0n4D+F/gx8TtM8djU/B2m38dtpU2o+J/DukeG9Nn1Ce7EV1ea5qmlaXZFGe2vtSUorgHwL/wQX+Cn7Sf/AAUn/wCCmXx1/wCC7P7S3gC8+G3w612w1jwd+zj4e1D7Ug1YTWdh4Y0+fw7LfW0Fzq3hrwB4J0mLww3iOO3t7DXdZ1HUUtCZNNuo0AP7iKACgAoAKACgAoAKACgAoAKACgAoAKACgAoAKACgAoAKAP/S/v4oAKACgAoAKACgAoA/Dr9uD/giV/wTs/aE8b/DP4j337DPwn1vxrrnxq8OP8Vdd8F6PqngKXWPBM+jeJ5vEOpeKbT4f6t4X0/UXudYj0OTUtcubWXWbi4dTNfuLm480A/UT9nX9lL9mz9kfwUPh5+zN8EPht8EfB5kWe60j4e+F9N0E6rdKNovte1G3h/tXxDqO07TqWuX2o3zL8rXGBhgD6BoAKACgAoAKACgAoAKACgAoAKACgAoAKACgDM1rRNG8SaTqWgeItI0zXtC1myuNO1fRNasLXVNJ1XTruNobqw1LTb6KezvrK5hdori1uYZYJo2aOSNlJWgD8Fvil/wb2f8E1vGf7XXwX+Kum/sM/A+z+FVn4M+Ocvxl8P6Rca/4W8Pax8QdU1L4RT/AAcvYvh7oPiHTfDklrpltY/FRbu30vR7XSR/aUSaxZXm/TTAAft78MPhR8Mfgn4J0P4a/B74e+C/hb8PfDNsLPw/4J+H/hrR/CXhfR7bJYx6foeh2dlp1t5jlpJmjg3zSs8srvIzuwB39ABQAUAFABQAUAFABQAUAFABQAUAFABQAUAeffFH4S/C743+CdZ+G3xj+Hfgr4p/D/xDD5Gt+DPiB4Z0fxb4a1JArKjXWj65aXti88G9ntbnyVubSXE1tLFMqOoB+M3w0/4N8P8Agl74F/aQ8ffFVv2G/gbd+EprLwZd/DvQtZl8U+LNA0jxDYx3cnii4m8AeJtf1XwettdXhspLe1udJu7FVj221pboHRwD9yNH0bSPD2ladoWgaVpuh6HpFnb6dpOjaPY22maVpen2kSw2tjp2nWUUNpZWdtCiRW9rbQxQQxKsccaooVQDSoAKACgAoAKACgAoAKACgAoAKACgAoAKACgAoAKACgAoA//T/v4oAKACgAoAKACgAoA8P+NvxQ1j4Y/8Kn/sjTbDUv8AhP8A4w+Gvh1qX277T/oOl61ofijVLi/tPs0kf+mwzaFbRRefvg8uaXfGzbCoB7hQAUAFABQAUAFABQAUAFABQAUAFABQAUAFABQAUAfMnj3xD8Y7L9q/9nDwz4Ytddk+B+v/AAr/AGltS+Ll3aeGob/w9beNvD+pfASP4Pxa34qbS7ifw7qFzaa38TzoelQ6vpsfiRLfV5ZrTVDoEL6eAfTdABQAUAFABQAUAFABQAUAFABQAUAFABQAUAFABQB4b4T1n4l3Xx2+Lei67a6lH8MdL8O/D6fwHdT6LFa6bcavfWeov4rSx1tbSOXVJYriO0F1byXlyLFiqLHDvwwB7lQAUAFABQAUAFABQAUAFABQAUAFABQAUAFABQAUAFABQAUAf//U/v4oAKACgAoAKACgAoA8w+JvxP0T4Y/8ID/bWm6jqP8Awn3xE0X4daV/ZyWj/YdX1rS9c1O2v737VcW+ywhg0O6ime28+5WSaER28iGQoAen0AFABQAUAFABQAUAFABQAUAFABQAUAFABQAUAFAHzh44+NmseFf2ov2evgLbaLp91onxk+GX7RfjrVtemmuV1LR734L6j8DbPSLGwhT/AEWW31lPitqb373H72JtKshbcS3FAH0fQAUAFABQAUAFABQAUAFABQAUAFABQAUAFABQAUAeLeF/ine+IPjb8VPhRLpFvbWPw98P+A9ZtNYS5le51OTxfaX9xcQTWzRLFAtk1mqRvHM7ShyXVMDcAe00AFABQAUAFABQAUAFABQAUAFABQAUAFABQAUAFABQAUAFAH//1f7+KACgAoAKACgAoAKAPMfiZL8MYv8AhAv+FmDTjv8AiHosfgL+0UvHx8Q20zXDopsfsYbZf/2YuueS90Psoj84SZcxbQD06gAoAKACgAoAKACgAoAKACgAoAKACgAoAKACgAoA8P8AFnxQ8AeH/j98GPhJrPhy7vviP8SvAfxs8V+BfE8ekaPc2fh/w78Mb34TW3j3TLrWrm8i1vSpvEU/xA8GyWlnpNld2WrDQ7l9Xms303TFugD3CgAoAKACgAoAKACgAoAKACgAoAKACgAoAKACgAoA8w0H4g+E9Z+KXj/4d6dpt1B4u8F6P4T1TxHqclhZQ2l/ZeJbe7n0aK3v4rh728e1itplmjuraGO3LBYHkDOVAPT6ACgAoAKACgAoAKACgAoAKACgAoAKACgAoAKACgAoAKACgD//1v7+KACgAoAKACgAoAKAPMfiZ8NfDnxI/wCEB/4SLUdQ07/hBfiJovxA0P8As+5s7f7dr2j6Zrmm2dhe/bLW68+xmttavZJoLXyLt5IYWjuY0WRJQD06gAoAKACgAoAKACgAoAKACgAoAKACgAoAKACgAoA8R8V2PwUm+PnwZ1DxU2nj482XgT41QfBxJtS1mDUm8C3t78KD8aDYaXa3Ueh6hbLeWnwq/tC51ezur7TmayXR5rVL7VFuAD26gAoAKACgAoAKACgAoAKACgAoAKACgAoAKACgAoA8x0Gy+GMXxR8fX2gvpp+KN1o/hOPx+kGoXk2pLo8FveDwmb7TpbqSysojbtd/ZZbW0t5LldzTyTFVKgHp1ABQAUAFABQAUAFABQAUAFABQAUAFABQAUAFABQAUAFABQB//9f+/igAoAKACgAoAKACgDxL41fCzUfij/wqn+z9TstM/wCFffF/w38SL77bHPJ9vsND0TxPpc2nWnkI+y8mk16GWN5tsISCUO4ZkoA9toAKACgAoAKACgCOaaK3iknnljhhiVnllldY440UZZ3dyFVVAyzMQAOSRgGgCppuqaZrFpFf6RqFlqljMN0N5p91Be2so9Y57d5InH+65/HFAF5mVQWYhVAyzMQAAOpJOAAPXP5UAZela7omuxzTaJq+mavFbXEtpcSaZf2t/HBdQP5c1tM9rLKsc8TgpJE5DowKsARQBdlu7WBts1zbwtjO2WaKNseuHZTj3x+WTuAEs7y01C1t76wure9srqJJ7W7tJo7i2uYZBmOaCeFmilideUkjZlYcg8/MAWaACgAoAKACgDw7xb8E9L8VftAfBb49XGvXdnq/wb8BfG7wLpnh2K1gkstctPjTe/CW91PULu7eVbi2m0JvhTp8dpFBDLHcjWLkztEYId4B7jQAUAFABQAUAFAGdqer6Vo1uLrWNTsNKtWligW41G8t7KBppnEcMIluZI0MssjLHGgbc7sFVWJAoAvo6SKrxsro4DI6MGVlPIZWXIYEcgg4PvQAkkkcSl5ZEiQdXkZUUZ6ZZiAMn3/OgCrDqenXN1LZW9/ZXF5BBFdTWkN1BLcxW08ksUFxLBG7SRwzS288cUrKEkeGVFJaNgoBdoAKACgAoAKACgAoA8t0D4XaVoHxV+IPxUt9TvZ9W+IOjeEdG1HS5VtxY2EPhG2vLezmtWRRcNJdreO04mYoCq+WBzQB6lQAUAFABQAUAFAGbf61o+lyWcOp6rp2nTahP9msYr69trWS9uCpfyLVJ5EaebYrN5cQd9qscABjQBpA55HIPII70AV5bu1gbZNc28LYztlmiRseuHcHHvj8+aAHxTwTKzwzRTKpwzRSI6qcZwxRmAODnntzzxtAKj6tpUcttBJqdgk97cfZbOFry2WW6ufKln+z28Zk3zz+RbzzeVGGfyoZZMbInNAGhQAUAFABQAUAFABQAUAFAH//0P7+KACgAoAKACgAoAKACgAoAjmaRIpXij86VY3aOLeI/NkVSUj3t8qb2wu9uFzk8CgD8erL/gr74Yn+KH7QHwD1D9mb40aF+0P8CPiR8M/hvafA3V9d+E1v48+MUvxWku5/C/i/4RRJ49m0fXvA76Bp2q+Lr3xDquraHDY+F9E13U7yKAaZLCwB+u+j3V/faVp15qmly6JqV1Z2899o811aX02mXUsSvPYy3lhJNZXUlrIWiee0llt5GUtDI6EPQB+YHjv/AILWf8E1Phr4z8UfD7xp+0PeaR4t8Ga7qXhvxJpa/Bv48aiun6zpF1JZ6haC/wBK+GV7pt4ILmKSMXFjd3NrLt3wzyoVdgD6D/ZX/wCCgv7JP7aup+MNH/Zq+KU/xD1HwFZaRqPiuCbwF8SfBo0yz16bULfSpVm8d+EPDEF8bqXS75THp0l3JB5G65SJZYWcA/Pf/gqd491D4h/tp/8ABLD9gifUZh8Kv2i/i58UPiV+0F4YheaKHxx4G+B3gVvEfgzwZryxSxx6r4O13xvIJvFHhy+WfStbg0izttStbm1DwOAYvi3xFZ/sc/8ABbf9m74T/CjS9M8EfBb9uf8AZu8e2/jv4YeGbO30HwZJ8afg3qb32gfEzTfD+nwxaRp3iO88CH/hGPEEum2NlLrlppmj3Op3NzcaejMAfrn+0V8CbL9o3wXpvwv8T+IdZ0r4a6p4jtLz4qeHdB1LVtDvfiT4LtLHUhL8PLzX9B1HSdb0jw9resT6Te+I/wCzL+CXWtK0qfwzfCfRdc1a2nAPwj+E/wCxJ8Kf2M/+C4/w08L/ALA3ha8+Cvwo8Zfse+MfH37YPwo8H32u3PweuLn/AITWPw58IdeudDvtR1DS/Dnj/W7rT9cXS1tlsjPo2havd2tuH1DUZroA+Av299D+FeiftjfFH45f8Fsf+CQXjz4h/szeKvida+DPhR+2/wCEPj3q/j/wZ8Gvg9bSWnhrwBpfj/4S/CTxZokvw30CeSI+IfFGs61qt5qd74k13V7iz0y5jeG1QA/sg+Gtj4E0z4e+CdP+F9to9n8OLPwtodv4GtfDwQaHb+FI9Ot10KLSRGWT7AmnfZxb4Zj5e0sSxY0AdtQAUAFABQAUAfM3jz4L+KPFP7Vv7OPx10/U9Et/CPwf+Fn7SvgfxLpN3c6imv6lq3xk1L4C3nhi60a1g06fTLiw0yL4WeIF1uXUNT0+5tnv9JGn22orPetYAH0zQBla7ealp2janf6Po83iHVLOyuLiw0O3vLLT59Xuoo2eHT4L7UprbT7Wa6ZRFFPfXEFpG7K1xNFEGdQD8jvgR/wV88L/ALQ15H4N8Dfs0fGaz+N1l+0N41/Z68a/s/eJNd+FGk/FX4a6h8O9Nt9T8Y/ETx1pp8d3Oj6T8NtEgv8AR0m1yDWr67up/Efhq107Tb281m3t1AP14vNQt9N0y71XUWNpa6fYz6hfttec21va273N0223SSSYwxxyHbCjvJtxGjMyrQB+TF1/wXa/4JaWV1c2dz+0rex3NpcTW1xH/wAKQ/aEfy54JGilTenwpZH2yIy7kZkbGVJBBoA+1/2XP2yf2c/2z/CviLxt+zf4/l+IPhrwp4g/4RbXtRm8IeOPBxstd/s2y1b7ELLx14b8NX90P7P1Gzn+1WdrcWeZfK+0edHLGgB+VHwk1LRv20v+C0H7dfhf4v6Zo/xH+En7DPwh+Bfwy+Dnw+8WaVaeIPBWleN/i9omseJfi/4wuvC+sR3uhXXi+4lt7Hwva+IZtPfU7bw3bNpdvcRWdzdQzgHSf8Ej/ibrvhr9ob/gpf8AsK3Oo3l/4A/ZJ/aT+1fArT768ubtvAvwZ+K2mf8ACT+Gvhtp73b3FyfD3g6/XVbDw2kl0yWGifYdKtoILWwhRgCf/gt34J/aV+KPw3+EPgX4b/sGah+39+zda+KdY8a/tQfBbQ/j7o/wM8Q+LdL0LTfs3gbQtMl+1Dxb4utLLVL/AFLxRe+F/DVobvVtY0fwtHHdKsFzEwBZ/wCCGl5/wTb1r4DfEnWv2AP2bNT/AGTdeg+Ic3hf9pf4FeOV8Vp8WPh38WfDmn2tpceGfGyeMvEnijVEis7JoZdINjfw6VPBPJdCxs9Rmv4EAP3BoAKACgAoAKACgAoA8O8KfDPxDoXx1+LXxOvNT06fw7498O/D/SNF0yC4vX1GwuvClnqFvqU19by2kdjDFdvdxNavaXlxJIqMbiOFlUMAe40AfMf7YH7Rep/sn/ALx/8AtAWnwX+I3x10j4ZaLeeKPFngr4USeF38cx+FtLhNzrWuaVpvizX/AA1YatDolkk2palaW+pi/TTra5ure2uBA6UAeM/st/t/eF/2vvEPhuD4N/DXxN4h+HmrfCTwD8U/EHxfsfE/gK/8D+C734i6Q2u6F8Mdb+xeIptdufiRDor2Gt6ro2j6RqFlpWi6xo9/f6pB/aVpDKAfT/x6+P3wn/Zk+GOu/GL42eKH8HfDrw3JYRa1r8eg+I/Ej2kmp3kVjZKNI8KaRrmuXHnXU0cWbXTZ1j3b5jHGC6gH5y/8P4/+CV3/AEcxe/8Ahjv2h/8A51FAH6ffCv4oeB/jV8OvBnxY+Gust4h8BfEDw/pvinwlrj6Zq2jNqmhavbJd6fetpWu2OmaxYGe3kST7LqWn2d5Fu2T28bgrQB+Ef/BPPw/4C/4KK/HP/gqn8bf2j/C3h/4xaJpX7U3jn9jz4Q6P4z0q31vR/A/wC+GPh7R7CKw8GWepLdR+EtV8U65qeq+IfE2r+HV07VNS1oWeoXF49zp1jJbgHuH/AAQm+P8A8QvjF+yN42+HvxS8Tap428afsr/tC/F/9mu48Y67dzX2u+IfD/w+8TXEfgy41q5uDJc3OqWnhK60fTry9urm6utQmtGvriYzTutAHp/7TH/BIb/gnL+0f8SviP8AtP8A7Zvwc0344eMbnR4p7vxP8QvF3jrT9B+Hnw98F6IEtdA8NaD4Z8VaHoek6NptjZXesatfyWdxquq6rd6nqN5eeXNBaWoB+c/7EH7NPxE+Cn/BHn9oTxX/AME9/wBnPTLH4pftoeN/iT8XPhT8GtP8eab8N7fQPhj8TPECeHPBVnp3j7x7qk39hatonwJtNPTRtW1W/v7q18Umy1CSGdEnVgDy7/gjd4W/4Jv+C/2w9Z+Fuuf8Eu/E3/BNn/gpt4E+H+qa7H4Y+Jnj/wAafFWz+IPgLU7iysfFHjb4Q/EbV/Elz4R8ZQTagsKatqmkeGdNuYUu5YtIvryxl1DYAf1i0AFABQAUAFABQAUAFABQB//R/v4oAKACgAoAKACgAoAKACgCG5uEtLa4upFneO2hluJEtra4vLl0hRpHW3tLSKa6up2VSIra2hluJ3KxQxPIyIwB/Ll+214R/aY8Y/Frwz/wWX/Z0+B/xl/4Wj+yR8SY/gZ4R/ZcuP2cviFp/wAZ/wBpb9lefxDNofxR1W+8J6j4Dg+JEfiLXtZ1C78Z/CZ2gs/Dul+C9K0q91k2+q3mp6ZcAH9KHwo+Itn8Wfh34T+Ilj4a8deDYPFWj2mq/wDCLfEvwN4s+G/jnQZp4lafS/Efgzxvo+g+JdF1Czm3wSwahpduZCnnQ74XR2APzy8dfCb/AILE3/jLxRe/Dv8AbI/Yh8O+BLvXNSuPCGg+J/2Ovil4i8RaP4elupH0rTta16x/ad0Oz1jU7S0MUN5qNto+mwXcyPNHZW6sI1APoT9ljwT+3f4T1PxhL+2J8ev2ePjHpN7ZaOnge0+CHwH8ZfB280O/hmv21y48QXfin4wfE6LXLa+gk0yPT7ezttJexktruSaa6W5jSAA+PP8Agpb+z98RLv8AaV/4J0ft1fDTwX4g+Iifsb/F/wAeWXxf8FeCtHvPEXjfUvg58bfBZ8F6r4p8PeG9MSbWvE7fDrWorDX7/wAPeHbTU/EN7pV5qFxpmk37WUqIAcc/w98S/tX/APBWP4ZftfaL4H8cWP7OX7Gv7MXjTwd4c8U+LvAfijwZqXxP+OXxR1s6jqlp8N9E8Yafoesa3onhDwZZW+manr66ZBpt34k1iXRtNvrt9Ov2iAPo3xh/wUT8QaX+xJJ+1l4c/Yn/AG2b/wAb6xrGseFPCX7MM/7O3jfWvj6+u2Ov6n4ftNc8T+AvAlv4svPD/gOeLTZPFKeJr25gt7zw3LYi0Y6xq2nabOAfIH7FX7bx1D4jW/grw9/wTq/4Kdaf8bv2gfGA8SfGz9ov9pT9kHxV8CPhn9r0/SXlurzX/HXijU76Dw34U8N6FpkPg/4V+BNPiv1gP9haLutoptS1yAA9c+Mv7T+lft/fsiftM/s7fD79mD9qnw98X/id4P8AH/wGi+Gf7RP7NXxJ+GGneGNc8U6ddeHbHx/4m8fa5ok/wlh8JeGor2Px/p+p6f4+v7zVotIg0/QLS98SzWuksAfpt+z58Lf+FIfAz4RfB7+0pNZPwy+HXhHwQ2qzbzJqD+HNEs9Lku2Msk0h897dnHmSu+CNzMeVAPYKACgAoAKACgD5e8fn4wf8Nbfs1Dwz/wAJF/wpI/Cj9pz/AIWybKNT4Z/4TQan+z9/wqL+35CpaPUjaf8ACzf+EfVXUSRjW9wbYu0A+oaAMDxT4jsvCHhzW/FGo2ev6jY6Dpt1ql1Y+FvDWv8AjHxHdw2kTSvb6J4V8K6brHiPX9SlA2Wul6Lpd9qF1KVjt7aRzigD+XbxroX7T/7Pn7W/wd/4LKfD39nz45eKLb9rvxDB8Ef2s/2PvAf7N/xB1r4w/D/4Bxwi3+D/AMU9b8KeHPAlz45g+JXw/tdKS++K6eIUkguZdZuNB8KwanHHpz2QB/UPZarL4l8LQazoC3ulXGt6IL7R18T+H9Y0a/064vrPzbH+3fDGswaPrunz2sskR1DR9Qg07UYWSW1mW2mBKAH5WXXwd/4LZtc3LWf7bv7BMNo08zWsU/7EvxbmnitjIxgjmmX9q6JZZUiKrJIsUau4LCNAQqgH2v8Asu+Ff2uPCnhXxDaftffF34L/ABg8ZXPiH7T4Y1n4KfCPxN8IND0vwz/ZtjF/ZmraN4o+JXxMutT1b+1Y9Quv7Tt9T0+3+x3Fta/YDJbvcSgH5w+Hfhp4l/Yr/wCCr37Wv7SfiXwf401f9nD9uL4PfBq/i8eeBfBHirx9ZfDf4xfA7TtT8Ma74V8aaT4I0nX/ABBo3/Ce6PqGn+IPDmu3ujroWp6gl5oMGqHWhBpzgHmP7KVv8Sv2RvD3/BRz/gpT8TP2av2g/G2uftWftNweMvhx+zx8LPhrc+If2kH+B2m3mi/Dz4bz6v8ADi/1HS73Ttfu7J7zxxrPh+/u7O/8P6NeGDUbW21GC6tkAP0z+Kf7cXg34N/GD4b/AAl8cfBD9q57b4n+CovFmi/FTwP+zp8Rvir8KtI1aSa6jPw58Wa58LtK8Ya34Z+IKQ2j3jaTqvh2309raW28vVnnuYIHAPJP2Jv2ete8MftHftzftcax4Sv/AIb6X+1r8RfAGo+CfAOr6fJoviFPCfw0+HeheCo/Hni3w/KyXPh3xL8RtZsNW8VT6Fq9nZeJdN0++0+38TWlhra3um2gB+mNABQAUAFABQAUAFAHhvhP/hZ3/C9/i3/b39o/8Ku/4Rz4ff8ACA+etmNN/tj7HqH/AAln2FolF60v2j7J9q+1M0Ybb5AUbtwB7lQB80ftYfGbxB8FfhHqmseC/hb46+MHj7xReWHgfwL4O8G/Dbx18RdNbxJ4rvLfRLLW/iIngjQNdk8NfDXw39vbxB4417V/sVrH4c03UraxludWmsrKcA/FL/gnd8N/jT/wSv8A2wviB+wlffDr42fF/wDY9+PtnaftAfCP49+B/wBnnx5feAPgp8Y/GM0n/C0vg/8AEDxN4D8Ct4J8LeH9W1yK58TeD7q6ubey8P6fcfZPEGpWdxe2tjagH7w/HrRfjp4g+GWuaX+zh47+H3w2+LVxLYHw94u+KPgXWPiR4M06KO7ifUk1PwloPi7wNqeovc2QlgtXg8SWItp3SeRZ0QxOAfnP/wAKb/4Lef8AR8P7An/iEHxc/wDosqAP09+Fmn/EnSfh14M034w+JfC3jH4o2Xh/Tbbx34p8EeGr/wAHeEde8TRWyLqup+HvC2qa74n1HQtKu7oSS2emXniHWLi0hZYpb+5Zd9AH4tfsk+Hdf/4JpfHb/gpF4U+JXw2+KuvfCr48/tE+JP2wP2efFvwv+F3jf4maf4wtviT4e0xPEXwZsE8CaLrzaR8RPDPinRbqwsdA8Sroc2u2Go2WsaVLe6Wl7fW4BT/4J7eG/ih/wTW/Y/8Ahe3xl/Z3+NvxF+M/7Y/7XPiTxZ8S/CPwJ8Ex+Pb34J3/AMfvF2ta5pmvfFd49XtYtE8H/Dnw6uk6b498SQ3GoxaXcwTtbw3UMaCgD7X/AOCqDfE/Xv2P/Ffwa+D3h/xdrXjj9pnxZ4G/ZuGo+EdG1PV5fBPg34r69Bo/xR8da6+mW1w+j+H/AA/8L4fGLXGs3ht7O11G50y3ecT3dvFOAeo/GX4y+D/2CPgF8ObqP4L/AB0+JvgHwrdeC/hc+ifs2/CnWPi54h8D6BHpUtonjTWvBXhuSTxN/wAINocWlhdZv9B0vW9QtJLuyji0qdp1FAHzHq3w1P7Xn7en7JX7Vvg/wV408IfDP9lr4ZfGWC78ffEL4e+MvhX4l+I3ib4yReEbHQvA2jeFPiDo/hXxreeGvB2maFq/iLVNdvdBXw1LqniWzsdDvNR1C11pdNAP1joAKACgAoAKACgAoAKACgD/0v7+KACgAoAKACgAoAKACgAoAKACgAoAKACgAoAKACgAoAKACgAoAKACgAoAKACgAoAKACgAoAKACgAoAKACgAoAKACgAoAKACgAoAKACgAoAKACgAoAKACgAoAKACgAoAKACgAoAKACgAoAKACgAoAKAP/T/v4oAKACgAoAKACgAoAKACgAoAKACgAoAKACgAoAKACgAoAKACgAoAKACgAoAKACgAoAKACgAoAKACgAoAKACgAoAKACgAoAKACgAoAKACgAoAKACgAoAKACgAoAKACgAoAKACgAoAKACgAoAKACgAoA/9k=</file>
<file name="explicitni2_moodle.jpg" path="/" encoding="base64">/9j/4AAQSkZJRgABAQAASABIAAD/4QBMRXhpZgAATU0AKgAAAAgAAgESAAMAAAABAAEAAIdpAAQAAAABAAAAJgAAAAAAAqACAAQAAAABAAABuaADAAQAAAABAAAAzwAAAAD/4QkhaHR0cDovL25zLmFkb2JlLmNvbS94YXAvMS4wLwA8P3hwYWNrZXQgYmVnaW49Iu+7vyIgaWQ9Ilc1TTBNcENlaGlIenJlU3pOVGN6a2M5ZCI/PiA8eDp4bXBtZXRhIHhtbG5zOng9ImFkb2JlOm5zOm1ldGEvIiB4OnhtcHRrPSJYTVAgQ29yZSA1LjQuMCI+IDxyZGY6UkRGIHhtbG5zOnJkZj0iaHR0cDovL3d3dy53My5vcmcvMTk5OS8wMi8yMi1yZGYtc3ludGF4LW5zIyI+IDxyZGY6RGVzY3JpcHRpb24gcmRmOmFib3V0PSIiLz4gPC9yZGY6UkRGPiA8L3g6eG1wbWV0YT4gICAgICAgICAgICAgICAgICAgICAgICAgICAgICAgICAgICAgICAgICAgICAgICAgICAgICAgICAgICAgICAgICAgICAgICAgICAgICAgICAgICAgICAgICAgICAgICAgICAgICAgICAgICAgICAgICAgICAgICAgICAgICAgICAgICAgICAgICAgICAgICAgICAgICAgICAgICAgICAgICAgICAgICAgICAgICAgICAgICAgICAgICAgICAgICAgICAgICAgICAgICAgICAgICAgICAgICAgICAgICAgICAgICAgICAgICAgICAgICAgICAgICAgICAgICAgICAgICAgICAgICAgICAgICAgICAgICAgICAgICAgICAgICAgICAgICAgICAgICAgICAgICAgICAgICAgICAgICAgICAgICAgICAgICAgICAgICAgICAgICAgICAgICAgICAgICAgICAgICAgICAgICAgICAgICAgICAgICAgICAgICAgICAgICAgICAgICAgICAgICAgICAgICAgICAgICAgICAgICAgICAgICAgICAgICAgICAgICAgICAgICAgICAgICAgICAgICAgICAgICAgICAgICAgICAgICAgICAgICAgICAgICAgICAgICAgICAgICAgICAgICAgICAgICAgICAgICAgICAgICAgICAgICAgICAgICAgICAgICAgICAgICAgICAgICAgICAgICAgICAgICAgICAgICAgICAgICAgICAgICAgICAgICAgICAgICAgICAgICAgICAgICAgICAgICAgICAgICAgICAgICAgICAgICAgICAgICAgICAgICAgICAgICAgICAgICAgICAgICAgICAgICAgICAgICAgICAgICAgICAgICAgICAgICAgICAgICAgICAgICAgICAgICAgICAgICAgICAgICAgICAgICAgICAgICAgICAgICAgICAgICAgICAgICAgICAgICAgICAgICAgICAgICAgICAgICAgICAgICAgICAgICAgICAgICAgICAgICAgICAgICAgICAgICAgICAgICAgICAgICAgICAgICAgICAgICAgICAgICAgICAgICAgICAgICAgICAgICAgICAgICAgICAgICAgICAgICAgICAgICAgICAgICAgICAgICAgICAgICAgICAgICAgICAgICAgICAgICAgICAgICAgICAgICAgICAgICAgICAgICAgICAgICAgICAgICAgICAgICAgICAgICAgICAgICAgICAgICAgICAgICAgICAgICAgICAgICAgICAgICAgICAgICAgICAgICAgICAgICAgICAgICAgICAgICAgICAgICAgICAgICAgICAgICAgICAgICAgICAgICAgICAgICAgICAgICAgICAgICAgICAgICAgICAgICAgICAgICAgICAgICAgICAgICAgICAgICAgICAgICAgICAgICAgICAgICAgICAgICAgICAgICAgICAgICAgICAgICAgICAgICAgICAgICAgICAgICAgICAgICAgICAgICAgICAgICAgICAgICAgICAgICAgICAgICAgICAgICAgICAgICAgICAgICAgICAgICAgICAgICAgICAgICAgICAgICAgICAgICAgICAgICAgICAgICAgICAgICAgICAgICAgICAgICAgICAgICAgICAgICAgICAgICAgICAgICAgICAgICAgICAgICAgICAgICAgICAgICAgICAgICAgICAgICAgICAgICAgICAgICAgICAgICAgICAgICAgICAgICAgICAgICAgICAgICAgICAgICAgICAgICAgICAgICAgICAgICAgICAgICAgICAgICAgICAgICAgICAgICAgICAgICAgICAgICAgICAgICAgICAgICAgICAgICAgICAgICAgICAgICAgICAgICAgICAgICAgICAgICAgICAgICAgICAgICAgICAgICAgICAgICAgICAgICAgICAgICAgICAgICAgICAgICAgICAgICAgICAgICAgICAgICAgICAgICAgICAgICAgICAgICAgICAgICAgICAgICAgICAgICAgICAgICAgICAgICAgICAgICAgICAgICAgICAgICAgICAgICAgICAgICAgICAgICAgICAgICAgICAgICAgICAgICAgICAgICAgICAgICAgICAgICAgICAgICAgICAgICAgICAgICAgICAgICAgICAgICAgICAgICAgICAgICAgICAgICAgICAgICAgICAgICAgICAgICAgICAgICAgICAgICAgICAgICAgICAgICAgICAgICAgICAgICAgICAgICAgICAgICAgICAgICAgICAgICAgICAgICAgICAgICAgICAgICAgICAgICAgICAgICAgICAgICAgICAgICAgICAgICAgICAgICAgICAgICAgICAgICAgICAgICAgICAgICAgICAgICAgICAgICAgICAgICAgICAgICAgICAgICAgICAgICAgICAgICAgICAgICAgICAgICAgICAgICAgICAgICAgICAgICAgICAgICAgICAgICAgICAgICAgICAgICAgICAgICAgICAgICAgICAgICAgICAgICAgICAgICAgICAgICAgICAgICAgICAgICAgICAgICAgICAgICAgICA8P3hwYWNrZXQgZW5kPSJ3Ij8+AP/tADhQaG90b3Nob3AgMy4wADhCSU0EBAAAAAAAADhCSU0EJQAAAAAAENQdjNmPALIE6YAJmOz4Qn7/4htESUNDX1BST0ZJTEUAAQEAABs0YXBwbAIQAABtbnRyUkdCIFhZWiAH5AABAAEACAAyADRhY3NwQVBQTAAAAABBUFBMAAAAAAAAAAAAAAAAAAAAAAAA9tYAAQAAAADTLWFwcGwAAAAAAAAAAAAAAAAAAAAAAAAAAAAAAAAAAAAAAAAAAAAAAAAAAAAAAAAAAAAAABFkZXNjAAABUAAAAGJkc2NtAAABtAAABDZjcHJ0AAAF7AAAACN3dHB0AAAGEAAAABRyWFlaAAAGJAAAABRnWFlaAAAGOAAAABRiWFlaAAAGTAAAABRyVFJDAAAGYAAACAxhYXJnAAAObAAAACB2Y2d0AAAOjAAABhJuZGluAAAUoAAABj5jaGFkAAAa4AAAACxtbW9kAAAbDAAAAChiVFJDAAAGYAAACAxnVFJDAAAGYAAACAxhYWJnAAAObAAAACBhYWdnAAAObAAAACBkZXNjAAAAAAAAAAhEaXNwbGF5AAAAAAAAAAAAAAAAAAAAAAAAAAAAAAAAAAAAAAAAAAAAAAAAAAAAAAAAAAAAAAAAAAAAAAAAAAAAAAAAAAAAAAAAAAAAAAAAAAAAAAAAAAAAbWx1YwAAAAAAAAAjAAAADGhySFIAAAAUAAABtGtvS1IAAAAMAAAByG5iTk8AAAASAAAB1GlkAAAAAAASAAAB5mh1SFUAAAAUAAAB+GNzQ1oAAAAWAAACDGRhREsAAAAcAAACIm5sTkwAAAAWAAACPmZpRkkAAAAQAAACVGl0SVQAAAAUAAACZHJvUk8AAAASAAACeGVzRVMAAAASAAACeGFyAAAAAAAUAAACinVrVUEAAAAcAAACnmhlSUwAAAAWAAACunpoVFcAAAAMAAAC0HZpVk4AAAAOAAAC3HNrU0sAAAAWAAAC6npoQ04AAAAMAAAC0HJ1UlUAAAAkAAADAGZyRlIAAAAWAAADJG1zAAAAAAASAAADOmhpSU4AAAASAAADTHRoVEgAAAAMAAADXmNhRVMAAAAYAAADamVzWEwAAAASAAACeGRlREUAAAAQAAADgmVuVVMAAAASAAADknB0QlIAAAAYAAADpHBsUEwAAAASAAADvGVsR1IAAAAiAAADznN2U0UAAAAQAAAD8HRyVFIAAAAUAAAEAHB0UFQAAAAWAAAEFGphSlAAAAAMAAAEKgBMAEMARAAgAHUAIABiAG8AagBpzuy37AAgAEwAQwBEAEYAYQByAGcAZQAtAEwAQwBEAEwAQwBEACAAVwBhAHIAbgBhAFMAegDtAG4AZQBzACAATABDAEQAQgBhAHIAZQB2AG4A/QAgAEwAQwBEAEwAQwBEAC0AZgBhAHIAdgBlAHMAawDmAHIAbQBLAGwAZQB1AHIAZQBuAC0ATABDAEQAVgDkAHIAaQAtAEwAQwBEAEwAQwBEACAAYwBvAGwAbwByAGkATABDAEQAIABjAG8AbABvAHIgDwBMAEMARAAgBkUGRAZIBkYGKQQaBD4EOwRMBD4EQAQ+BDIEOAQ5ACAATABDAEQgDwBMAEMARAAgBeYF0QXiBdUF4AXZX2mCcgAgAEwAQwBEAEwAQwBEACAATQDgAHUARgBhAHIAZQBiAG4A/QAgAEwAQwBEBCYEMgQ1BEIEPQQ+BDkAIAQWBBoALQQ0BDgEQQQ/BDsENQQ5AEwAQwBEACAAYwBvAHUAbABlAHUAcgBXAGEAcgBuAGEAIABMAEMARAkwCQIJFwlACSgAIABMAEMARABMAEMARAAgDioONQBMAEMARAAgAGUAbgAgAGMAbwBsAG8AcgBGAGEAcgBiAC0ATABDAEQAQwBvAGwAbwByACAATABDAEQATABDAEQAIABDAG8AbABvAHIAaQBkAG8ASwBvAGwAbwByACAATABDAEQDiAOzA8cDwQPJA7wDtwAgA78DuAPMA70DtwAgAEwAQwBEAEYA5AByAGcALQBMAEMARABSAGUAbgBrAGwAaQAgAEwAQwBEAEwAQwBEACAAYQAgAEMAbwByAGUAczCrMOkw/ABMAEMARAAAdGV4dAAAAABDb3B5cmlnaHQgQXBwbGUgSW5jLiwgMjAyMAAAWFlaIAAAAAAAAPNSAAEAAAABFs9YWVogAAAAAAAAYWwAADgyAAAKQlhZWiAAAAAAAABvHAAArpUAABaZWFlaIAAAAAAAACZOAAAZOQAAslJjdXJ2AAAAAAAABAAAAAAFAAoADwAUABkAHgAjACgALQAyADYAOwBAAEUASgBPAFQAWQBeAGMAaABtAHIAdwB8AIEAhgCLAJAAlQCaAJ8AowCoAK0AsgC3ALwAwQDGAMsA0ADVANsA4ADlAOsA8AD2APsBAQEHAQ0BEwEZAR8BJQErATIBOAE+AUUBTAFSAVkBYAFnAW4BdQF8AYMBiwGSAZoBoQGpAbEBuQHBAckB0QHZAeEB6QHyAfoCAwIMAhQCHQImAi8COAJBAksCVAJdAmcCcQJ6AoQCjgKYAqICrAK2AsECywLVAuAC6wL1AwADCwMWAyEDLQM4A0MDTwNaA2YDcgN+A4oDlgOiA64DugPHA9MD4APsA/kEBgQTBCAELQQ7BEgEVQRjBHEEfgSMBJoEqAS2BMQE0wThBPAE/gUNBRwFKwU6BUkFWAVnBXcFhgWWBaYFtQXFBdUF5QX2BgYGFgYnBjcGSAZZBmoGewaMBp0GrwbABtEG4wb1BwcHGQcrBz0HTwdhB3QHhgeZB6wHvwfSB+UH+AgLCB8IMghGCFoIbgiCCJYIqgi+CNII5wj7CRAJJQk6CU8JZAl5CY8JpAm6Cc8J5Qn7ChEKJwo9ClQKagqBCpgKrgrFCtwK8wsLCyILOQtRC2kLgAuYC7ALyAvhC/kMEgwqDEMMXAx1DI4MpwzADNkM8w0NDSYNQA1aDXQNjg2pDcMN3g34DhMOLg5JDmQOfw6bDrYO0g7uDwkPJQ9BD14Peg+WD7MPzw/sEAkQJhBDEGEQfhCbELkQ1xD1ERMRMRFPEW0RjBGqEckR6BIHEiYSRRJkEoQSoxLDEuMTAxMjE0MTYxODE6QTxRPlFAYUJxRJFGoUixStFM4U8BUSFTQVVhV4FZsVvRXgFgMWJhZJFmwWjxayFtYW+hcdF0EXZReJF64X0hf3GBsYQBhlGIoYrxjVGPoZIBlFGWsZkRm3Gd0aBBoqGlEadxqeGsUa7BsUGzsbYxuKG7Ib2hwCHCocUhx7HKMczBz1HR4dRx1wHZkdwx3sHhYeQB5qHpQevh7pHxMfPh9pH5Qfvx/qIBUgQSBsIJggxCDwIRwhSCF1IaEhziH7IiciVSKCIq8i3SMKIzgjZiOUI8Ij8CQfJE0kfCSrJNolCSU4JWgllyXHJfcmJyZXJocmtyboJxgnSSd6J6sn3CgNKD8ocSiiKNQpBik4KWspnSnQKgIqNSpoKpsqzysCKzYraSudK9EsBSw5LG4soizXLQwtQS12Last4S4WLkwugi63Lu4vJC9aL5Evxy/+MDUwbDCkMNsxEjFKMYIxujHyMioyYzKbMtQzDTNGM38zuDPxNCs0ZTSeNNg1EzVNNYc1wjX9Njc2cjauNuk3JDdgN5w31zgUOFA4jDjIOQU5Qjl/Obw5+To2OnQ6sjrvOy07azuqO+g8JzxlPKQ84z0iPWE9oT3gPiA+YD6gPuA/IT9hP6I/4kAjQGRApkDnQSlBakGsQe5CMEJyQrVC90M6Q31DwEQDREdEikTORRJFVUWaRd5GIkZnRqtG8Ec1R3tHwEgFSEtIkUjXSR1JY0mpSfBKN0p9SsRLDEtTS5pL4kwqTHJMuk0CTUpNk03cTiVObk63TwBPSU+TT91QJ1BxULtRBlFQUZtR5lIxUnxSx1MTU19TqlP2VEJUj1TbVShVdVXCVg9WXFapVvdXRFeSV+BYL1h9WMtZGllpWbhaB1pWWqZa9VtFW5Vb5Vw1XIZc1l0nXXhdyV4aXmxevV8PX2Ffs2AFYFdgqmD8YU9homH1YklinGLwY0Njl2PrZEBklGTpZT1lkmXnZj1mkmboZz1nk2fpaD9olmjsaUNpmmnxakhqn2r3a09rp2v/bFdsr20IbWBtuW4SbmtuxG8eb3hv0XArcIZw4HE6cZVx8HJLcqZzAXNdc7h0FHRwdMx1KHWFdeF2Pnabdvh3VnezeBF4bnjMeSp5iXnnekZ6pXsEe2N7wnwhfIF84X1BfaF+AX5ifsJ/I3+Ef+WAR4CogQqBa4HNgjCCkoL0g1eDuoQdhICE44VHhauGDoZyhteHO4efiASIaYjOiTOJmYn+imSKyoswi5aL/IxjjMqNMY2Yjf+OZo7OjzaPnpAGkG6Q1pE/kaiSEZJ6kuOTTZO2lCCUipT0lV+VyZY0lp+XCpd1l+CYTJi4mSSZkJn8mmia1ZtCm6+cHJyJnPedZJ3SnkCerp8dn4uf+qBpoNihR6G2oiailqMGo3aj5qRWpMelOKWpphqmi6b9p26n4KhSqMSpN6mpqhyqj6sCq3Wr6axcrNCtRK24ri2uoa8Wr4uwALB1sOqxYLHWskuywrM4s660JbSctRO1irYBtnm28Ldot+C4WbjRuUq5wro7urW7LrunvCG8m70VvY++Cr6Evv+/er/1wHDA7MFnwePCX8Lbw1jD1MRRxM7FS8XIxkbGw8dBx7/IPci8yTrJuco4yrfLNsu2zDXMtc01zbXONs62zzfPuNA50LrRPNG+0j/SwdNE08bUSdTL1U7V0dZV1tjXXNfg2GTY6Nls2fHadtr724DcBdyK3RDdlt4c3qLfKd+v4DbgveFE4cziU+Lb42Pj6+Rz5PzlhOYN5pbnH+ep6DLovOlG6dDqW+rl63Dr++yG7RHtnO4o7rTvQO/M8Fjw5fFy8f/yjPMZ86f0NPTC9VD13vZt9vv3ivgZ+Kj5OPnH+lf65/t3/Af8mP0p/br+S/7c/23//3BhcmEAAAAAAAMAAAACZmYAAPKnAAANWQAAE9AAAApbdmNndAAAAAAAAAAAAAMBAAACAAAAVgEuAesCxAODBFMFQAYnBxoIGAkfCj0LTgxrDZAOuQ/sES0SZROjFOMWKhd5GL8aDxtXHKQd8x88IIQhzSMRJFIljSbLKAApMypmK5csyi33LygwUTGAMqsz1TUCNjE3XTiKObY64TwNPTg+YD+JQLFB3EMIRDZFY0aQR7hI3koBSyRMR01qTo9PtFDYUfhTFlQzVU9WbVeNWK5Zy1rhW/Bc9137XwBgCmEZYi1jQWRSZV9mZWdhaFNpPGogawFr4Gy/baBug29ocFBxOHIgcwhz73TWdb52qHeTeH55bHpZe0l8PX03fjZ/OYBBgUuCV4NlhHSFhYaUh6SIs4nAisyL1ozfjeeO7Y/ykPWR9pL1k/WU+pYElxWYLJlHmmObf5yYna6ev5/LoNSh2qLgo+mk9KYDpxWoKqlCqlyrd6yUrbKu0a/xsRGyM7NTtHO1kLapt7q4wbnDusC7u7y1va++qb+jwJ3BlcKKw3zEasVTxjbHGMf5yODJz8rGy8PMwc28zq/PmNBz0UPSDdLT05vUZtU11gXW19eo2HbZQNoG2sfbgNw13Ofdkd473uPfjeA74Ovhn+JS4wPjr+RV5PnllOYs5r/nUufk6IXpL+nk6qjrbuwz7PXtr+5j7xHvtfBQ8ObxfPIX8sbzj/Ru9WH2ZveK+OT6xf0u//8AAABWASMBsAJqAzID6ASxBYAGWAc9CC0JJwonCyIMMA06DlEPYxB+EZ8SvhPpFRAWOBdhGIgZtBreHAsdMx5bH4AgoSG/Itsj9SULJh8nNShJKWAqeSuTLLEtzC7oMAQxITI8M1o0dDWLNqQ3uTjNOeI69DwGPRs+MT9NQGxBj0KwQ9BE7UYIRx1IMklFSlVLY0xuTXhOfk+DUIVRhlKIU4pUjFWKVoRXeVhoWVRaRFs/XEZdWl53X5VgsGHCYspjxWS1ZZxme2dXaDBpDGnsatBrumypbZtuj2+CcHJxXHJAcx9z+3TVda12hndieEV5MHokex18GX0VfhB/Bn/2gOKByoKxg5WEd4VdhkqHRIhMiWGKgYuljMaN3o7uj/WQ95H1kvOT8JTtleyW7pf4mRCaOZtunKadzp7jn+mg5aHfotmj0aTIpb6mvKfKqO2qIatdrJyt2a8UsE6xiLLCs/m1LrZkt5u40roFuzS8X72Fvqa/vMC+warCkMN9xHfFgMaPx53Io8meyo7LdcxTzS3OBM7az7LQi9Fq0lHTRdRF1VHWYtd12ITZh9p922bcQ90a3ezeud+H4FjhLeII4ubjw+Sd5XHmQOcM59Too+l/6mnrZOxo7W3ucO9w8HDxcvJ283n0d/Vp9kf3D/ez+EX4y/la+e360PwM/dr//wAAACsAxAFLAdgCZQMGA48EKwTPBXoGLwbpB6UIaAkvCfkKygufDHcNUg4yDw4P9hDZEcASqROTFH0VZxZSFz0YKRkVGfwa6BvSHL4drh6jH5sgliGUIo8jhiR2JWEmRScgJ/gozCmfKnMrSCwhLQIt6S7XL8gwujGqMpgzgDRgNTk2BjbPN5U4WDkZOdk6nTtkPDI9Bj3ePrY/j0BoQURCJkMQRABE80XnRtZHu0iWSWVKJUrgS5hMT00HTcNOg09JUBhQ6lG+UpNTaFQ7VQ1V3latV3xYSlkVWd9aqFtvXDVc+V29XoBfQ2AIYNFhnGJrYzxkDGTaZadmcWc4Z/xov2mAakBrAGvAbIFtQ24EbsVvhXBBcPhxq3JZcwFzqXRPdPR1mHY8dt53gHgdeL15YHoWetp7q3yDfVh+KH72f8OAk4FngkSDKoQYhQuGAIb0h+OIzYmvioyLYYw0jQeN2o6wj4qQa5FHkhKSxpNbk+yUepVBlkKXiJkImoqb5J0ZnjKfOaA5oTWiL6MopCGlGaYRpwqoCakPqiGrPaxgrYeura/TsPyyKLNatJK10bcUuFm5nLrXvAW9Kb5Hv2LAf8Gewr7D38T/xiHHQ8hnyYzKscvWzP3OKc9b0JfR3tMy1I3V7tdT2LnaIduV3S/fDuF35Ivoee1O8vb5Uf//AABuZGluAAAAAAAABjYAAJOVAABWjQAAVukAAJG3AAAmuwAAFwoAAFANAABUOQACh64AAkeuAAFrhQADAQAAAgAAAAEABAAIAA8AFgAfACkANABAAEwAWgBpAHgAiQCaAKwAvgDSAOYA/AESASkBQAFZAXMBjQGpAcUB4wIBAiECQgJkAocCrALSAvoDIwNNA3oDqAPXBAgEOgRtBKME2QUSBUsFhgXDBgEGQAaABsIHBQdKB5AH2AghCGwIuQkHCVcJqAn6Ck0KoQr3C04LqAwEDGIMww0lDYkN7g5UDrwPJQ+REAAQcRDkEVkRzxJGEr0TOBO2FDoUwxVSFeMWdRcGF5YYJhi4GU4Z6BqIGzEb4xyfHWIeKx74H8YglSFkIjQjBiPbJLMljyZsJ0soKykNKfAq1Su7LJ4tfi5cLzkwFDDwMc0yqjOJNGg1SjYuNxU3/zjtOd460jvKPMU9xD7HP85A2kHoQvZEAEUGRghHCEgISQlKDEsUTCFNNE5OT25QlFG8UuVUDVU0VllXfVigWcRa51wLXTBeVl98YKRhzmL4ZCRlU2aFZ7xo+mpDa5ls+W5jb9JxRnK8dDR1r3cteLF6PHvQfW9/HIDWgpSETIX2h5SJLIrFjGWOFY/fkc2T3ZX/mCCaOZxMnl+geaKgpNqnLamgrDCu4LGhtF63C7muvF2/K8IfxUbIoswMzyjR9tSR1yjZ0dye35fi0uZg6fntEu+s8gD0MPY59//5ivq4+9T8u/2j/nD/N///AAAAAQAFAAoAEgAbACYAMgA/AE0AXABtAH4AkQCkALkAzwDlAP0BFgEvAUoBZgGDAaIBwQHiAgQCJwJMAnICmgLDAu8DHANLA3wDrwPkBBoEUgSLBMUFAQU9BXsFuwX8Bj8GgwbJBxAHWQelB/IIQQiTCOYJOwmTCewKRgqhCvwLWAu0DBIMcgzUDTkNoA4LDngO5w9ZD84QRhDAET4RvxJDEsoTUxPdFGoU+hWPFioWyxdxGBYYthlRGeYaeRsNG6QcQBzkHZEeSh8OH90gsyGOImkjQiQYJOslvSaQJ2YoQiklKhIrCCwFLQguDi8SMBExCDH5Mugz1zTKNcE2wTfKONs58jsOPDA9UT5pP3RAckFoQlhDR0Q5RTRGOEdHSF9JfkqhS8dM8E4bT0VQa1GGUpRTl1SVVZRWoFe/WPFaNVuAXM1eHl90YM9iI2NmZJVltWbOZ+Ro+2oWazNsVG12bppvwHDqchdzRnR2dad22ngQeU16j3vYfSZ+fX/jgWeDEITKhnSIBomHiwSMiI4bj8ORgpNYlUOXO5k7mzudOZ8poQSixqR2phunvaliqxWs3a7FsM+y9bUxt3y5y7wPvkTAcsKmxOnHQsmyzDHOnNDd0vTU8dbn2OPa6Nz03wHhCuMU5STnSOmW7DfvivOm92z5zvuE/MP99P75//8AAAACAAgAEQAeAC0APgBRAGYAfQCWALAAzADqAQkBKwFNAXIBmAHAAeoCFgJEAnQCpgLaAxEDSQOEA8AD/QQ7BHoEugT8BUEFigXXBikGgQbdBz4HoggICG8I1Ak5CZ0KAgpqCtULRAu7DDkMwQ1QDeYOgg8hD8AQXBD2EZASLRLNE24UDRSoFUIV3BZ5Fx4XzhiOGWIaQhsqHBQc+x3dHrgfkiBtIUwiMCMYJAYk+SXxJu8n8yj9Kg4rJCxALWAugC+dMLgx0zLzNBo1STaCN8M5DDpcO7A9Bz5gP75BIkKTRBZFrkdaSRFK0UyaTm9QVVIyU9pVWlbMWEhZ01tmXPheg2ABYXBi1WQ3ZZxnCWiBagpro21NbwBwt3JvdB51w3d1eWR77n6kgHmB1oL8hAKFCIYQhzOIc4nUi1WM6Y6IkC6R2ZOIlTuW8Zipml6cCp2nnzegvaI/o8ClRKbKqFCp1KtUrNCuRq+5sSiyl7QItX22/LiJuia70L2CvzbA6cKcxE/GBMe7yXPLK8zkzp7QWNIU09LVj9dK2P/arNxP3ejfdeD94oLkA+WC5wLog+oE63/s7u5G73nwnfGN8nXzRPP39Kr1TvXb9mj29vd29+n4XPjP+UP5q/oN+nD60vs1+5j78fxJ/KL8+/1U/a3+A/5Y/qz/Af9V/6r//wAAc2YzMgAAAAAAAQxCAAAF3v//8yYAAAeSAAD9kf//+6L///2jAAAD3AAAwGxtbW9kAAAAAAAABhAAAJzfAAAAAMoq1YAAAAAAAAAAAAAAAAAAAAAA/8AAEQgAzwG5AwERAAIRAQMRAf/EAB8AAAEFAQEBAQEBAAAAAAAAAAABAgMEBQYHCAkKC//EALUQAAIBAwMCBAMFBQQEAAABfQECAwAEEQUSITFBBhNRYQcicRQygZGhCCNCscEVUtHwJDNicoIJChYXGBkaJSYnKCkqNDU2Nzg5OkNERUZHSElKU1RVVldYWVpjZGVmZ2hpanN0dXZ3eHl6g4SFhoeIiYqSk5SVlpeYmZqio6Slpqeoqaqys7S1tre4ubrCw8TFxsfIycrS09TV1tfY2drh4uPk5ebn6Onq8fLz9PX29/j5+v/EAB8BAAMBAQEBAQEBAQEAAAAAAAABAgMEBQYHCAkKC//EALURAAIBAgQEAwQHBQQEAAECdwABAgMRBAUhMQYSQVEHYXETIjKBCBRCkaGxwQkjM1LwFWJy0QoWJDThJfEXGBkaJicoKSo1Njc4OTpDREVGR0hJSlNUVVZXWFlaY2RlZmdoaWpzdHV2d3h5eoKDhIWGh4iJipKTlJWWl5iZmqKjpKWmp6ipqrKztLW2t7i5usLDxMXGx8jJytLT1NXW19jZ2uLj5OXm5+jp6vLz9PX29/j5+v/bAEMAAQEBAQEBAQEBAQEBAQEBAQEBAQEBAQEBAQEBAQEBAQEBAQEBAQEBAQEBAQEBAQEBAQEBAQEBAQEBAQEBAQEBAf/bAEMBAQEBAQEBAQEBAQEBAQEBAQEBAQEBAQEBAQEBAQEBAQEBAQEBAQEBAQEBAQEBAQEBAQEBAQEBAQEBAQEBAQEBAf/dAAQAOP/aAAwDAQACEQMRAD8A/v4oAKACgAoAKACgDxzwz8RNc1v4zfFD4c3egJZ6F4I0PwRqmkeIBFeK+s3HiezvLjULZ5Zf9Dk/s57aONVtRvUSYnwdtAHsdABQAUAFABQAUAFABQAUAFABQAUAFABQAUAfOP7IHib4veM/2XvgP4r+P1jeaZ8avEHwy8Lap8T9Pv8ARbXw7e2fjK70+KTW7e60Kyt7S00qaO7Lq9jb20EMBGxIlAxQB9HUAFABQAUAFABQAUAFABQAUAFABQAUAFAHyB+2X/yJ/wAIv+zj/g3/AOnu5oA+v6ACgAoAKACgAoAKACgAoAKACgAoAKACgAoAKACgAoA//9D+/igAoAKACgAoAKAPHfDPxOl174zfE/4XNoSWkXgDQ/BGrR68J2d9XbxZZ3ty9u8BhRYf7P8AsoRWWaUyB8kJgCgD2KgAoAKACgAoAKACgAoAKACgAoAKACgAoAKAPnP9kTxx8UfiX+zD8CfH/wAbNCuvDHxb8X/DTwvr3xE8PXug3Xhe70fxZqGnxTavp9z4dvYoLvRpre5ZkfT7mGKa2I8t0BBFAH0ZQAUAFABQAUAFABQAUAFABQAUAFABQAUAfIH7Zf8AyJ/wi/7OP+Df/p7uaAPr+gAoAKACgAoAKACgAoAKACgAoAKACgAoAKACgAoAKAP/0f7+KACgAoAKACgAoA8h8NfFC01/4w/Ev4WR6CbO7+H+ieCtXudfN5HINYTxbaXdzDbizWzjktv7OFqYzJJeXIm8zKRw7SGAPXqACgAoAKACgAoAKACgAoAKACgAoAKACgAoA+ef2S/il45+N37M/wADvi78TfC9t4K+IPxF+G/hnxZ4w8JWem6xo9r4e1/V7CK51DSoNK8QXV7rdhFaTu0aWuqXdxexAbZ5WcZYA+hqACgAoAKACgAoAKACgAoAKACgAoAKACgD5A/bL/5E/wCEX/Zx/wAG/wD093NAH1/QAUAFABQAUAFABQAUAFABQAUAFABQAUAFABQAUAFAH//S/v4oAKACgAoAKACgDyTw38RdC1v4vfEn4cWmhvaa94I0XwZqmr66fs+zV7bxNaXdxp9uuyMXGdPS3eNvPkdfn/dBRkUAet0AFABQAUAFABQAUAFABQAUAFABQAUAFABQB85fsh/GHxB+0D+zB8Cfjb4r8P2HhTxJ8Ufhn4X8aa34b0uK9g07RNR1vT4ru506yh1Ka4v47e2kcxxpdzyzhQBI7MM0AfRtABQAUAFABQAUAFABQAUAFABQAUAFABQB8gftl/8AIn/CL/s4/wCDf/p7uaAPr+gAoAKACgAoAKACgAoAKACgAoAKACgAoAKACgAoAKAP/9P+/igAoAKACgAoAKAPJPDfjXwbqvxe+JXgjTNCe08aeFNF8Gah4o142VnEmsWOvWl3Nodut9FK17dnT4YJo2juoo0g37YCysTQB63QAUAFABQAUAFABQAUAFABQAUAFABQAUAFAHzv+yT8aJf2i/2ZfgZ8dpvDtp4Rl+LHw28MeOJPDFjO11Z6E+vafHeHTLa4eKFpobUv5aSNFGWAyUXIFAH0RQAUAFABQAUAFABQAUAFABQAUAFABQAUAfIH7Zf/ACJ/wi/7OP8Ag3/6e7mgD6/oAKACgAoAKACgAoAKACgAoAKACgAoAKACgAoAKACgD//U/v4oAKACgAoAKACgDyTw34l+Hl98XviV4Z0XQ0tPiNoOi+DLrxtro0mztpNX0zVbS7k8MwPq8UrXmpDT7eK4jWG6ijSz3lICwdjQB63QAUAFABQAUAFABQAUAFABQAUAFABQAUAFAHgf7LPxpsf2jf2c/gv8d9M8LHwTp/xY+HnhzxzZ+ETqEOqnw7b69Yx3keknUrfT9JgvTaK/lfaItNskk27hbRZ20Ae+UAFABQB8a/t6fGfxL8Gf2cfE8nw5nWP4z/FXVNE+BvwLi2tJKPiv8VLlvDuga2kCMj3Fv4F0+XWPiNq0SMrHRPB+pkcgBgD8q/8Ag3h/af8Ail4x+Afxi/Yc/ac1WW7/AGrf+CfnxX8QfBb4h/b7qa4vtc8H/wBpX8/gXxPbyXJM1xpBtob3w5Y3zF/t39gSXYdklV5QD+h6gAoAKACgAoAKACgAoAKAPkD9sv8A5E/4Rf8AZx/wb/8AT3c0AfX9ABQAUAFABQAUAFABQAUAFABQAUAFABQAUAFABQAUAf/V/v4oAKACgAoAKACgDyTw3qfw1uPi98StL0Kxjh+Jun6L4Ml8eX62TxSXmlXdpdt4Wje+PyXYt7ZblVjUZg3bTncaAPW6ACgAoAKACgAoAKACgAoAKACgAoAKACgAoA+fP2UPil4V+N37NfwR+LvgfwfH8P8Awh8Rfhx4Z8WeHPBMRtDH4X0nV7CO5s9FQ2FrZWRWxicQg21pbwnb8kSjhQD6DoAKACgD8TPjzd/tEftUf8FBNJ0b9mHWfgqnhb/gn1oX2jxdc/Gfw1408X+EdQ/aN+NXh+KeGy0+18C+NfBNyviT4Y/CeTTnSe61W4Syf4n61Yy6eLmIugB+Pn7Qdz+0r/wS1/4LXfsz/t4/tEaj8F0+EH/BQKO3/ZZ+Pl98DfDPjbwj4L03xZp0Gjaf4D8V+KdN8beNfGrRa2b6TQVXWxqVtb/2a/iq5eBZVuriUA/syiliniinhkSWGaNJYZY2DxyxSKHjkRlyrI6sGVgcFSCM5oAkoAKACgAoAKACgAoAKAPkD9sv/kT/AIRf9nH/AAb/APT3c0AfX9ABQAUAFABQAUAFABQAUAFABQAUAFABQAUAFABQAUAf/9b+/igAoAKACgAoAKAPJPDbfC4/F74kroHl/wDC010XwYfiDtj1IS/2QbS7/wCES3yToNMdfsv2rYNPdpV5+1hXKbgD1ugAoAKACgAoAKACgAoAKACgAoAKACgAoAKAPn/9lPx78N/il+zd8E/iL8HvCK+Avhb40+HXhvxD4C8Frpmm6MvhjwxqNhHPpWjDStHeTS9PFlbssQtbB2totu2JiozQB9AUAFAFe8tkvbS6s5JLiKO7t57aSWzuZ7K7iSeJomktby1khurS4RWLQXNtLFPBKFlhkSRVegD4/wD2Y/2D/wBnz9kPxR8WfGHwUt/ijYa38cfGOofEL4pP40+OPxg+J1j4s8c6rHaw6j4tvNL+InjTxLp0XiG7trKztJtWtbaC9eztYLUyiCNEoA5T9uH/AIJrfsl/8FGNC8LeFf2tPCXjf4geFfBupQ63oHhfRvjD8WPh74cttdtxdrb69caJ8P8Axj4a02+1y3ivrm3g1e9t7i/htnFtHMsKIigH1n8Lfhr4e+D/AIB8NfDfwpe+LL/w74S02HSdHuPHHjXxX8Q/Ev2C3Gy3h1Hxf421fXfE2rmCMLDDLqeqXUscKRwo6xoiUAegUAFABQAUAFABQAUAFAHyB+2X/wAif8Iv+zj/AIN/+nu5oA+v6ACgAoAKACgAoAKACgAoAwvEfifw54P0p9c8Va5pXh3Ro73StNfVNZvrfTrBdQ13VbLQ9Fsjc3UkUQutV1nUdP0rT4N/mXd/eW1rCrzTIjgG6CCARyDyD6j9f5/nQAUAFAH5sSf8FOvg4PCXiL4023hLxre/st+FPi+3wR1z9o+2/sR/B9v4rh8YJ8PLzxNb6L/aX9u3fwu0/wAfSxeDr7xxHDvj1WVL2LQ5/DQl8QQAH6Q29xBd28F1bSpPbXMMVxbzRtujmgmQSRSxsMBkkjZXVgOVYHjNAH5seCP+Ci2r/E/43WXws+HP7GH7VPiT4f6n4v1Hw3pf7TcujfDvSvgDqmkaTLdpdeONN1268ev4tvfCl4llK2hXkPg4zay81iIYIbe5+1IAfpbQAUAf/9f+/igAoAKACgAoAKAPJPDmn/DCH4vfEnUdAuUk+KV7ovgyLx/bC61KR4NItrS7Xwmz2s5OmW4ltmuir2AWWbGbrLBKAPW6ACgAoAKACgAoAKACgAoAKACgAoAKAMLxR4l0XwZ4Z8ReMPEl9Hpnh3wpoWr+Jdf1KbPk6fouhafcapql9LjJ8u0sbWeeTAztQ4zxQB/Cr8N/BP7dn/B0N8ZfjR8T9d/aO+IX7H//AATF+E/j3V/hv8OPh78OLkweI/iRd6ZIjzTX8UU9vpOs6wljPb3er+LPENtrthY312+g6FpUMFpOluAeU+Kf+Cev7V//AASI/Zh+HX/BVn/gkn+2P8dvif8As6WHhjwv8S/ib+zf+0BHpX2jV/hZ4gey83UNY8PeF5Y/B2rw263aW+qWNrpEWteHIJn1rRtfZrWV4gD+2L9g39rrwb+3b+yR8D/2q/AtpLpmjfF3wVp2v3WhzzJcXHh3xAim08SeHbmePEc0+ia3Be6dLJGArPb5GeSwB9d0AFABQAUAFABQAUAFABQAUAFABQAUAfIH7Zf/ACJ/wi/7OP8Ag3/6e7mgD6/oAKACgAoAKACgAoAKACgD8N/+C+Phu08Qfswfs3C61PxJpoj/AOCg/wCxfYNJ4d8U+IPDDm21n4waTY3ck0ug6jp7yXNtFibS72Vjc6Peqt/pktrdqJqAP1L+Kk8Xwp/Z08YT6X8T9T+G0XgvwDctZ/FjxZZ618X9V8KJp9oix+Jtbstbk1zXfHN1aAebcx6hJqN7qTktM0zlmoA/n3/4b08R/wDScrwh/wCK4dS/+YWgD+hLw/qXiHxh+zlZ6p4c8bw+PPFXiP4STXOgfEGDw+3haDxRr+peF5m0rxNH4aeK0bQ49R1CW3vl0pobdrIP5BRCuKAP5jvBEuiW/wDwam/FKz1CEm6tvgj8SvDmsWhjZbw/Ej/hcM2iSWLW5UzjWZPHckFulqUN42pPHCoa5KUAf0yfALwxrU37MXwl8H/EGe6uNcufgx4S8P8Ai24tbu7sL2W6u/CNnY6q9vfWs8V9ZXREsvlXdtcxXdtNiaGaOZFdQD8QtV/Ylv8A/glD+1B+yD41/Yj+K/xht/2fP2iv2gbf9n74z/shePviJ4p+KPgJ7bxX4H8d+NLD4k/DkeNNU1fXfCmteFbrwZdTa5NDqN1bT6XcQ2scVrCJElAP6PaACgD/0P7e/hp+zp4R+FngDxh8OdE8c/H3xFpHjU6qdS134l/tGfG/4p+P9J/tfRotDuP+EP8AiP8AELx34k8ceCfs1tEt3pX/AAimu6T/AGRrLS67pv2bVpZLxgCv8Kv2avB3wg8N+MPC2gePf2hfE9l42gnt9R1H4q/tK/Hb4v8AiTSUuLCTTmfwf4o+Jnj/AMU+IPBM6RStPBceFdT0ma3v1j1GF1vYo7hQA+Df7Nfg74IR+Ko/DXj39oXxaPF8NvBft8ZP2lfjt8cJNMW2W7VH8KyfFjx94vfwhPILyQ3E/hptKmuWitGnZzZWxiAJPgt+zf4Q+BWo+KNU8M+O/wBoHxhN4tSyS+t/jT+0j8c/jrp2mCwnvbiI+F9M+Lvj3xjp/hN5mv5UvX8OW2mNfwQ2VveGaGws0iAKXwj/AGYfBfwY8Va74v8ADvxB/aO8VX/iC3ltrrTPi5+0/wDH74z+FbJJro3bSaF4Q+KPxD8V+GvD9wsh8qK50bS7KeG1xaROtsBGoAnw0/Zg8F/Cv4g638SND+IP7R/iLWNettStbrQfiX+1B8f/AIqfD6yTVL2C+nk0T4b/ABD+IniTwNoNzby26w6bdaPoFlcaXZPPY6fLbWc80EoBwfw2/Zh+Cfgj9p74q/Gnwv8AEj426z8XfE9hZP468G+Jf2jfjL4x8BaTYay0l3o5tvhR4i8a6l4G0WzhSKZPC9va6DFa+HLE3Fl4di0yznmhcA7zRv2X/BWifGK++Ntt8Qf2j7vxJqGo6rqcvhLWf2ofj/rfwdhm1dJUngsfglq3xEu/hRp+nWwlY6Vpll4QgsNIdYn023tnijdAB0f7MXguL40L8dF+IH7RreJlvrjUB4Qk/ad+PkvwXMtzp0+mPC3wLk+Ib/CNrGOG4ae309vB32K21FINUggjv4IbhACTXP2ZvBuv/GWz+OF14+/aJsvEtlNps0fhHQ/2mfj1oHwambS9MTSYEvPgdo3xBsvhNew3ECC51KC68HyxapqbPquoJcai73TAEHjH9l/wV43+K2mfGDUviD+0hpPiDSbnRbqDwx4O/ah/aA8E/Cm5fQlgW1j1P4PeFPiJo/wy1W2vBAp1q11Dwtc2+vM87axFetNKXAJviF+zL4M+JPxI8OfFHWPH/wC0VoOteGJtFnsvD3w9/aa+PXw2+G+oNoWoLqNqniP4XeBfiF4f+H/ieG8mQQa1Br/h3UYde08tp2sJe2LvbsAL8W/2Z/Bvxl8XeGvGniHx9+0T4W1Hwta2lpZaV8JP2mfjz8GvCOox2epz6rHJ4l8F/C74geFPC3im6lnna2u7zxBpWo3N5piQaVcyzadBFbRAEfxj/Zi8GfG/U/Duq+JPiB+0b4Sn8M2A0+ztvg5+098fPghpmoRC4a58/wARaV8J/iH4P07xNfl2MZ1DXba/vDb7bYzmBVRACz8Z/wBmzwd8c7bwxa+JvHn7QnhBPCkNzDYyfBj9pT46/Ay51JbqO2jdvE918JPH/g+fxZNGLVGtp/EUmpTWsklzJbuj3VwzgE3xi/Zy8I/G3RfCmh+JPHXx+8JW3hD7T/Z958Hf2jfjh8Eta1P7VbWdq48V678KPHfhDVvGHlpZRSW3/CTXeqfZbmW8urfy7i+vJZQCH4kfs2eD/ih4I8IeAda8eftCeHtL8FpCmnaz8N/2lPjr8L/G+qiGzislPi/x98P/AB94c8Y+NXaOJZZpPFWs6s8140t7KXu5ZJmAJvGn7OfhHx18KvC/wg1Pxz8ftH0DwmdGNh4n8F/tGfG/wL8VdS/sSwudPtv+Eo+L/hHx3o3xL8Wi7iuXn1keI/FOp/23fx22oat9svba3uEAGeI/2b/CHif4Q6B8Fr3x3+0Dp/hzw6+mvaeK/Dn7SPxz8MfF6+OlQ3EMA1/41aD490/4qeIkuFuXfUo9b8WX6arNHbzagLiW2t3iAGXH7Nng+5+DNt8DX8eftCR+GrWVJk8XW/7Snx1tvjNIyXkt8FufjlB4/j+LV1EZZWieG48YyxPZrFYuhs4o4FAPPfiv+yLonjH9jT4w/sk6B47+Mb2HxE+GvxB8H6d418Y/HT4veMPiXb6l4ttNRms31P4t+JPF2sfEq+0eLVLqG0vdJuvEd1p9z4VN14TmtJvDt1caU4B/KL/wbe/tNfAr4N/Av9ov/gkB+194+1r9mD9on4b/ABv8dxWdhrHxU8T/AAR8WeLtJ1nWItQuB4B+Ieka/wCF9W8O+KNP1SzuYZrDwxr+n6hqujzRanZSX8WoaoqAH0h/wUS/br/4JwfsYf8ABGPxl8Ev2aPiv4q8d6j+1X8Hrfwj+zv8BvFHxy+IXxl+KGi6H8QtMsdFtDLY+MfG/jjxR8OPBmg6Gs0tl4bF5YaTd6wV03TtMuXvtSlQA/Sf/ggd+xJ4s/ZP/wCCTHwU+C3xWuPiJoHjn4leFfEPjrx1oVz488aWGtfD25+Kf2vUP7A8GvDrUU/wu1PRNM1GB5h4Cl0JrXxaL7xTDKfEN5c6rOAfqH8J/wBmnwd8HdB8X+HfD/j39obxRaeNbeS21G++LH7S3x3+MWvaSktnNYmTwh4i+Jvj/wAU634KuFinaaO58K3+kTx3iQ30bpdwQzKAP+DH7Nng/wCBjeKX8M+PP2hPF58WxWkN+PjP+0n8dfjmumLZm8MbeFl+Lfj/AMYL4Sll+2yi7m8NjS5bwRWYuXkFlaCIAT4M/s1+D/gbq/iXWfDXj39oTxfceKo7aO+tfjN+0p8dfjlpGnC1uLq5RvDWjfFrx94x0vwrJI95JHcyeHrXTXureK1trgywWdskQBU+Ev7MHgr4N+Ltb8Z+HviD+0f4p1HX7a4tbrSvi1+1B8f/AIyeEbJLm7W8eTRPBnxQ+InirwvoNyki+Vb3Wj6TZXFtaFrOCSO1YxUAO+G/7MPgv4X/ABF1z4m6L8QP2jvEGs6/b6pbXXh/4kftPfH34ofDqyTVr23vp5ND+Gfj/wCIfiHwFoFxbS2yRaXc6N4dsp9JspLiw02S1s7m4hlAJfDH7M/g3wn8Xde+NFh4+/aI1LxF4hutau7vwp4n/aY+PHiz4RWMmu3KXN1HoPwX8R/EDU/hb4etbN0Eei2mi+E7G20K2L2ujx2duzowBX0r9l/wVpHxju/jdb/EH9pC68SXmo6lqcnhLVf2of2gNX+DkU+qwywz29p8ENS+Ilz8J7PTrdZmbTdLtvCEWn6VMsU+n28EsMToASj9mTwYPjTH8df+E/8A2i/+EmivZb5fB5/ab+PZ+CzSzaXNpLRSfAr/AIWF/wAKils1gna5isZPBzWkOqJDq0UK6jBFcIAHiD9mTwZ4j+MVl8brzx/+0XY+JLGfS7iPwl4f/ac+Pnhv4OzPpOnx6bbpe/BLQ/iDY/Ci+guYYhPqlvd+D5odX1BpNS1JLq/le4oAi8afsv8Agrx18VNK+L2p/EL9pDR9f0e50S6t/DPgv9qH4/8AgX4V3T6CYTax6r8IfCPxD0f4a6xbXhgX+27TU/C93b6+HmXWIrwTy7wCx8Rf2aPBvxN+Ivhn4m6z4+/aI8P6z4Vk0aWx8P8Aw6/aY+PHwx+HWpHRNS/tS2XxN8MvAXxA8PeAvFUd3OPs+sx+IvD+pJrmm/8AEq1VbzTybegBvxd/Zl8GfGjxV4c8X+IvH/7RXhS/8MWdtZWWmfCL9pv49fBfwrqEdrqU2ppL4j8IfCz4g+FPDXie8kmna3ub3X9M1K6utNSHTLiWWwgit0AG/GT9mPwX8cL7w7qHiX4gftGeEZfDNibCzh+Df7Tvx8+B9jqERm87zvEWn/Cb4h+ELPxNfbvkGoa9DqF6If3InMWUUA+Y/wDgoz8CfDHxX8EfAS313xh8afDieHvj38MtJtH+GPx3+L3wonvrfWtSjtbm5125+HXjLw1N4h1S1Swik0jV9aa91LRbma9utKurO4vryScA+qPi7+zh4Q+M+geE/DniLx1+0B4VtPBwnGn33wi/aQ+OXwY1/VPPtrS1Y+LPEXwt8eeFNb8ZFI7KOSA+KL/VTBcy3d1Dtub26llAI/iJ+zZ4P+JfgLwj8O9Z8eftCaBpPgtLZNO1z4d/tKfHX4aePdVFrZpZIfF3xE8B+P8Aw/428aPJGgluX8U65q73V4z31wZLtmnYAseMv2dPCPjf4TeGPg5qXjn4+6T4e8KHRPsPijwb+0X8b/A/xZ1H+wbC6061/wCEn+MfhPx3o/xP8V/bIrp59b/4SPxVqY16/jtdQ1j7be2tvcRAEOvfs3eD/EPwf0T4KXfjv9oOy8OaDJYSWvizQf2kvjp4e+MF42nJcJCNb+Nei+PrH4q69HOLlzfxax4tvY9RdLdr5Z2trdkAEk/Zt8HyfBiL4GHx5+0GvhmGUSr4vj/aT+OkfxnZhqD6ltl+OaeP1+Lc0XnSGAxSeMWj/s8JpxT7DGluoBNp/wCzp4R074J3nwHh8c/H2fwvei5EnjHUP2i/jfqPxsi+1a4uvubP4833ju5+L9kY7pBZWxtPGcJtdDLaBb+VozNZMAQeG/2bPB/hb4Sa/wDBqx8eftCaj4e8RPcvd+KfEn7Snx18U/FuxN1PDcSDQPjN4h8fal8UPDqRtAkdsmieK7FLWBpre2WKGedHAOj+C3wS8N/Arw5f+GPDPiz4xeMLLUdWk1ibUPjT8bfit8dfEcFxJbW9qbWw8T/F3xf4y1/TtJVLZJI9HsdQt9MjuZLi6S1W4uZ5JQD2GgDwf9pL9mv4RftZfCnVvgx8bdAvfEHgfVtU8P695Wk+INe8J67pXiHwprFpr/hrxB4f8T+GNR0nxBoGt6JrFja31hqWk6lZ3UMkeBKUd0cA9N8IeDNF8FeEtG8F6UdUvtH0TToNMhm8S61qvivWr+KCMIbnXNf8Q3ep6zr2pXRBlvtT1e+vb++nZ57q4lld3oA0v+Ec8Pf9AHRv/BZZf/GKANaOOOJFjiRI441CJHGoREVeAqqoCqoHAAGB0GaAPiy//wCCfn7Mmo6jqRm8Ja1H4P1v4pQ/GzW/hPbeMfFNt8INY+K0Oqp4gXxnqHw1h1dfCU97J4kjj8U3VidKGk3niyNPFF3Yz68q6jQB3Pir9kL4JeM/iJ8Tfijrul+Kn8WfF34OW3wI8Zy6f8QfG+j6ZN8PLVtWaCz0XRtL1600rw3rUR1m9MXifQbTTvEETtHLHqKSRI9AFX4N/sffCX4Lr4Pl0+/+JnxC1T4faffaX4F1z40fFb4gfGHWfB9hqKpDeReG7/4heINfl0aa6s4rbT7u+sWhv76wtLS0vLmeG3jRAD6noAKAP//R/v4oAKACgAoAKACgDyTw34N8EaZ8XviV400nxCl7458UaL4MsPFnh4arp1w+i6fodpdw6BctpMAGpacNTgnnkWa+LRXnl7rXCo9AHrdABQAUAFABQAUAFABQAUAFABQAUAFABQB+QP8AwUQ/4Ic/sAf8FLdbtvHnx3+HGqeHfjDY2dvp9r8aPhZrc/gv4gSWFqhjt7XV7q1jm0jxKltGUis38SaVq01jDGsFlJBE0iuAfGv/AATT/wCDez/gkp8C5vhf+1z8HdK8cftLX+paVo3jn4N/EP47a5c69aaLp95EL3Rtc0TwS2h+FtCtNQiVorjT7zWPC7avpUyLJayW0pcsAf0jgAAAAAAAAAYAA4AAHAAHQD+lAC0AFABQAUAFABQAUAFABQAUAFABQAUAfIH7Zf8AyJ/wi/7OP+Df/p7uaAPr+gAoAKACgAoAKACgAoAKACgAoAKACgAoAKACgAoAKAP/0v7+KACgAoAKACgAoA8i8N/D/wANaN8YPiV8QrHxA954n8Z6J4L0zXvDxurCRNFtPDdpdwaVcrawxjULc6lHcSSM97I8cvl5tgqhxQB67QAUAFABQAUAFABQAUAFABQAUAFABQAUAFAHz/8AsqaV8GNE/Zv+Cmkfs7ai2r/AvTvh14btPhTqjT6vdNf+CIbCNdCuTca/FDrUxls9jeZqcUd43WdFc4oA+gKACgAoAKACgAoAKACgAoAKACgAoAKACgD5A/bL/wCRP+EX/Zx/wb/9PdzQB9f0AFABQAUAFABQAUAFABQAUAFABQAUAFABQAUAFABQB//T/v4oAKACgAoAKACgDyLw38NbHQvjB8S/ibDrz3d9470XwXpV5oBWEJo8fhW0vLa3uVZZDMx1FbkyHzY0UeX8hYZNAHrtAHlvjD45fBT4eaqNB8f/ABh+FvgbXDbxXY0bxh8QfCXhnVTaz58m5Gna1q9jefZ5QD5U3kmOTB2scUAWvB3xk+EPxDuXsvAHxV+G/jm8jR5HtPB3jjwx4muUjj2+Y7waLqd9KqIWUOxG1dy7sZAoA9IoAKACgAoAKACgAoAKACgAoAKACgD58/ZQ8JfCrwH+zX8EfBnwN8SyeMvg/wCGfhx4Z0f4b+Kpb2PUpNf8I2VhHFo+qPfxW1nHdtd2oSUzpawLJuyIl6KAfQdAGVreu6J4Z0m+17xJrGleH9D0yE3OpazreoWmlaTp9uGVTcX2o381vZ2kIZlUy3E0cYZlBYErQB4t4Y/av/Za8bHVV8GftK/AHxc2hRXs+tr4Y+Mfw7186NBpsUk+ozaqNK8R3h0+KwghlmvZLvyFtYopJJ2REcqAe6WN9ZapZ2uo6beWuo6ffQRXVlf2NxDd2d5azoJIbm1urd5ILiCaNleKaJ2jkRgysQQaALVABQAUAFABQAUAFABQAUAFAHyB+2X/AMif8Iv+zj/g3/6e7mgD6/oA5vxX4y8IeA9Hm8ReOPFfhvwZ4ft5YoJ9d8V65pfh3R4ZpyVghm1PV7qzso5ZmUrFG86vIQQgYgigDzrR/wBpL9nbxDfw6VoHx8+C2u6pcttt9N0f4p+BtTv7hsgbYbOy124uJWyQMJGTkgdxQB7OrK6q6MrowDKykMrKRkMrDIII5BBwR0zkUAOoAKACgAoAKACgAoAKACgAoAKACgAoAKAP/9T+/igAoAKACgAoAKAPIfDXwum0D4xfEz4qNrpu4fiDongrSItA+xvGNHbwlaXltJci8N1Ilz/aJug+xbS3MHl4LzbsqAevUAfyq/8AB3ToHhp/+CeHwP8AFeo6ZpY1fTf24fgVoy6/cQW8d5aeHta8P/EiTXtOfUG2yR6XqC6XYvqEDyrbSrZQtMpESmgDzP8A4LRD/gnjrH7BulXX7JWt/BnVP+CiGnzfCq4/ZMg/ZC1nw3r37REnxEh1rw0urxWdl8ILu98WJ4ej8M/29Nq76vFHocd5b2Mlwy3kNsVAP6eP2VH+Lsn7NPwHk+P0flfG1/hR4Gb4qxZhLJ47Ph6x/wCEkVzATCZBqfn+aYzt8zd0oA9+oAKACgAoAKACgAoAKACgAoAKAPA/2Wfhz8OvhF+zn8F/hh8IvGH/AAsH4Y+Bfh54c8NeBfG41nRPEQ8U+GtLsY7fS9a/tzw3Db6Bqv263VZft2kQRWE+7fboqECgD3ygD+TTwn4mvv8Agsj/AMFsP2pvgV8YL6/1P9h7/gmEmjeHrf4CwarqC+B/i58d7zxBrOlJ42+JVhbT2+m+LLfQ9Q8M+I49P0HUrW806Cz/ALIVkd47yXUAD9mv23/+CVf7JH7Zn7M/jf4C6v8ABz4feFNSuvCOr2Hwv8ZeGPDun+Gdc+HHiwadcr4b1jRdV0S1tr60sbTUjb/2rp0LNa6nphurK6t5YpvLUA+1vgJ4I1z4afBP4UfDzxNc2l74g8EeAPCvhbWLuwmluLK61DQ9HtdOuZ7WaeC2mlhlkt2dHkt4XIbJjXpQB63QAUAFABQAUAFABQAUAFABQB8gftl/8if8Iv8As4/4N/8Ap7uaAPr+gDzz4uaFo3iX4W/EXQvEGmWOs6NqngjxVZ6hpupW0N5ZXdtPod/HLDPbzo8UiOjMpDKeG9zQB/KN/wAGvv7L37Ofxn/4JwfEO7+LfwR+GHxJu9Q/aY+NOk3l5428GaF4ku7jTLLWW0+0sJLnVbS6mNra2SrbQQBhHFEAqBQNtAGl8aJPGn/BCb/gpz+yFp/wY8b+Kb7/AIJ0/wDBQ34g3Hwf1v8AZp1/Xb/WPCvwN+L91f6Bptj4l+GEmr3N7J4X0nUNW8VaHPJpNoYbGS1utYsZI3g07RvsAB/XUCCAQcg8gjoR6jr1+v50AFABQAUAFABQAUAFABQAUAFABQAUAFAH/9X+/igAoAKACgAoAKAPG/DHw01XQvjP8UPibca4l3pXjzQ/A+ladoQimV9Jm8K2d5bXly0rTPDINQa5R1WKCJl2YkZzg0AeyUAfyz/8Hc91p0X/AATZ+CtvqFxaRJP+3j+z5NJFdyxIklla+Hfil9vldZWVTbQRzp9qdv3caSr5rKGG4A6T/guB8AP+Cefgv/gmL40+M3ibw78H/hF8e/Bnw58KeI/2bvif4Gj0Hwb8Y4virEuiyeHbTwFqvh2TTvEur/2nJNImp2FlJeWYsHl1W4hL2NvcQAH6g/8ABHPxt+0h8Rf+Cav7JfjL9rJdcPxx1z4W6PdeKLvxRBNb+KdUssOnh3WPE0Nykd0niDVdBXT77VxeRx3f22eU3KCYvQB+mdABQAUAFABQAUAFABQAUAFABQB8+fsn/C7wj8E/2a/gj8JPAXjGH4heDPh38OPDPhTwz44t7vTL6DxVo+kWEdtZa3FeaM8mlXKX0SiZZtPdrVw2YWK80AfQdAH8dn7LX2T/AIJK/wDBfv8Abn0P9ou9T4cfs9/8FMZ7L4mfAf4y+IVk0f4V3fj2DxFr3id/hrfeLL8JoejeJ4JvGWt6VHa6hqFqbh9LsSIwmr6Ql0Af1i/En40/Cf4QeEJfHvxM+IPhXwd4TSBJrbV9X1e1jTVmm2CzsvD9rE8t94k1bUpJYbbSNG0G21LVdXvLi2stMs7y7uIIZQDtPDmu2nifQdH8RWEGoWtlrenWmqWlvq1hc6VqcVtewrPCl9pt4kd3Y3QjdfOtbmNJ4XzHIodWCgG1QAUAFABQAUAFABQAUAFABQB8gftl/wDIn/CL/s4/4N/+nu5oA+v6AOM+I88Nt8PPHlzcSxwW9v4M8UTzzSuscUMMWh30kssjsQqRxorO7sQqqpJIAJoA/mQ/4NQ/FPhjRv8Agmd8Rb/WPEWhaVY6X+1J8cJdTvdT1ewsLXTom11rtZb+4up4orSNrR1uQ9w8Sm3YTAmM7qAOb/bj1DQv+CyH/BUT9g74DfsvahZfEr9n3/gn78T739or9pr9oHw4suufCa28bWGpeFtQ8KfCbw74xsDL4d8V+K/tnhTTZ7230XUrm3tLTU9Ra6lZrBbe6AP6xQAoCqAFUAADgADgADjAA4HH5UALQAUAFABQAUAFABQAUAFABQAUAFABQB//1v7+KACgAoAKACgDP1XVtK0HTb7Wtc1PT9G0fS7Wa+1PVtVvLfTtN06ytkMtxeX19dyQ2tpa28atJNcXEscMSKXkdVBagD84Phh+2z+xdr/7TnxMt9A/bw/ZX8YX/jjTvAfh3wl8OdD+P3w/1TWotd0K3vbPVLfTNOi8RyWt/falc3EQW10R7u8keLE0IdVCgH6XAhgGUhlYAqwOQQeQQRkEEcgg8+9AHy/8eP2JP2Pv2o76w1P9o/8AZj+Bvx01DS1VNNvPit8M/Cfjq4sFRNiC0k8RaXftBtQbFMbKQvyjAwGAOH8Gf8E2P+Cffw613TfE/gT9i79mXwl4i0e5t7zSda0H4M+BNN1LTbu0bfa3Fjd2+ipNbTW7DdDJEUaM8rt/iAPtaOOOJEiiRI441CJHGqoiIowqoi4VVUYAVRgDgY4oAfQAUAFABQAUAFABQAUAFABQB5P8X/jx8Ev2ffDQ8ZfHX4u/Db4O+FXleCHxB8TPGvh3wTpV1cxqrNaWV54i1DT4r28CuhFpaNPctvTETblFAHyf/wAE5/il+ypc/s6/Cb4Afs8ftW/Bn9pa5+B3w58O+CtU1b4c+OPCusazcweH7OHT/wC2tU8LaRr2rapokF24Rl+1h4QZFVLmXcGoA/QigDzH4tfBX4Q/HrwlceAvjZ8MvAvxY8FXc0Vxc+FfiD4Y0fxZoM08OTFO+ma1aXlqZY9x8uTyg6kkqe1AHzp8IP8AgnB+wt8BPFUHjf4SfstfBvwV4tsmlOleIdL8GaT/AGpoiTPLJJb6Ddz20suiWrPM5+y6a1vAMgCIBVNAH2yBjgcAcADtQAUAFABQAUAFABQAUAFABQAUAflZ/wAFFf2yv2S/g5a/CnwV8VP2lPgf4A8Z2fx8+E2t33hDxR8TvCGk+KdO0Wx1eaa81jUvD1zqyavpulW8TrJLqV9ZwWaocmbhioB+jnw9+Jnw4+Lfhix8bfCrx/4K+Jfg3VFLab4s8AeKdD8YeG78L977Hrnh6+1DTLkrkBxFcuUPDYPFADfiP8Mvh38YPCOqeAPip4J8MfEPwRrkfk6x4T8Y6LYeIPD+qRbXTyr/AErUobizuoykjqUmhddrsMEMaAPjnw7/AMEpf+CZ/hC5jvPCv7BX7Jnh25hmNxFNonwJ+HemOk7Y3TA2mgxDzWAwz43HHJONtAH2l4L8BeCPhxodt4Z8AeEfDfgrw9Zgra6J4X0bT9D0u3BJYiKy06C3gTLMTxGMkk96AOtoAKACgAoAKACgAoAKACgAoAKACgAoAKAP/9f+8j/hYfgD/oePB/8A4U2i/wDyXQAf8LD8Af8AQ8eD/wDwptF/+S6AD/hYfgD/AKHjwf8A+FNov/yXQAf8LD8Af9Dx4P8A/Cm0X/5LoAP+Fh+AP+h48H/+FNov/wAl0Afxe/8ABVP4m/FP/gsF/wAFbPDn/BHn4bfHK6+C/wCyB8EfCFl8Sv2oPGvhfxHZadJ47uPseh6rqNjBeSXCabq1zpUmvaL4Y8O6TqIurCy1T+3vEjWt+kC2bgHuXiz/AINVP+CVWuaZ8RvDnhDxHefDG6k8J+Gbf4RfFrRfj74g1/x1onjiz0+7HiHXfFXh7XtZn8J6np+qat9inl0+C2QC0FzBpDaE7RSRAHYf8G5f7dHxp0nxJ+1l/wAEuP2zfiTY+Mvih+wx4wbQvAXxQ1zxLBfN4t+Hf9r6toSaQmv6hctJrdv4evNJWfR7+Wd3/sDV9LsY9yWO9gD+qD/hYfgD/oePB/8A4U2i/wDyXQAf8LD8Af8AQ8eD/wDwptF/+S6AD/hYfgD/AKHjwf8A+FNov/yXQAf8LD8Af9Dx4P8A/Cm0X/5LoAP+Fh+AP+h48H/+FNov/wAl0AH/AAsPwB/0PHg//wAKbRf/AJLoAP8AhYfgD/oePB//AIU2i/8AyXQAf8LD8Af9Dx4P/wDCm0X/AOS6AD/hYfgD/oePB/8A4U2i/wDyXQAf8LD8Af8AQ8eD/wDwptF/+S6AD/hYfgD/AKHjwf8A+FNov/yXQAf8LD8Af9Dx4P8A/Cm0X/5LoA4v4kfHv4WfDL4d+PfiTrnjTwvNovw98F+KfHGsQ2niPRpLuXS/Ceh32vahFaxi6JkuJLSwmSBAMtIVUZzQB/DH/wAE8P2KNL/4OFfi98af+Cj/APwU/wDjFrGp/AqP4leIvAn7Pv7M2k/Ei78G+H7Pw94evdj5uLHVNO1XSvDGmZTS7a20SXTNS1nVrXVNX1nUb1rlNwB1X7ef/BAP4V/8E+f2T/D/AO2r/wAE3v2k9X+Gv7X/AOyN4V0fxv8AELUfDfxDvxoPxog8MrbN4u1/S/Deq+KPEt34X1Rokl1afw5bare+GNS0aLU9HvdLuvtKOoB/VD/wSx/4KBeFv27f2Df2ef2mfEuueFfDnjHx34PW18d6PLrmmWSWfjvwzd3HhzxeLW2uZ4p4rKTXtMvpbNZE3fZ3TlhhqAP0F/4WH4A/6Hjwf/4U2i//ACXQAf8ACw/AH/Q8eD//AAptF/8AkugA/wCFh+AP+h48H/8AhTaL/wDJdAB/wsPwB/0PHg//AMKbRf8A5LoAP+Fh+AP+h48H/wDhTaL/APJdAB/wsPwB/wBDx4P/APCm0X/5LoAP+Fh+AP8AoePB/wD4U2i//JdAB/wsPwB/0PHg/wD8KbRf/kugA/4WH4A/6Hjwf/4U2i//ACXQAf8ACw/AH/Q8eD//AAptF/8AkugA/wCFh+AP+h48H/8AhTaL/wDJdAB/wsPwB/0PHg//AMKbRf8A5LoA/EH/AIOA/wDgp1rH7AX/AAT+8TeNP2f/ABVod38e/i14s0f4NfDC/wBH1HTdXv8AwnfeJrPUrnWPGdtawTyYvdG0vT5LTSpmBa11rVtMvY1ZrXCgH4kfDr/g3g/YV8G/s2fCH40ft3/EXUf2iv2pfjb8SfhfqHxt8UeJfjlq+h6D4Yi+I17Je+K9B0c+HfFGlTTfZhcpBd+K9dvL3VJL1Jb2yl0mOdbKIA8m8U+HNE/4NyP+Ck37MPib9j39o0/Er/gnj+2f42svht8XPg3q/wASdG8eRfDbVptU0nRpdWmubTVrh4ofDa6/pXiDw/4o1COPV30i313QL6+1Hy5LxwD+5qH9or4AXEMU8fxw+EJjnijmjJ+JXgxSUkQOhKnWcqSrDIPI6HvQBL/w0J8A/wDot/wg/wDDl+C//lzQAf8ADQnwD/6Lf8IP/Dl+C/8A5c0AH/DQnwD/AOi3/CD/AMOX4L/+XNAB/wANCfAP/ot/wg/8OX4L/wDlzQAf8NCfAP8A6Lf8IP8Aw5fgv/5c0AdJ4Y+Kfwx8bX0mmeDfiN4E8W6lDbtdzad4Y8X+H9fvorVHSN7mS00rULq4jt1eSNGmaPy1d0UsCy0Ad3QAUAFABQAUAFABQAUAFABQB//Q/tn/AOGOv2Uv+jdfg1/4b3w1/wDK2gA/4Y6/ZS/6N1+DX/hvfDX/AMraAD/hjr9lL/o3X4Nf+G98Nf8AytoAP+GOv2Uv+jdfg1/4b3w1/wDK2gA/4Y6/ZS/6N1+DX/hvfDX/AMraAP4xv+Ckfwl8Lf8ABGT/AILN+Gv+CiXi/wDZu0n4nf8ABPD9qDwda/Dr4oaPofgbSta0n4TeKGsNEstUns9Kmtl0rTtbGo6BaeKNDF29jBrOk6tr+kWEzX1lIYgD7g8T/wDBYj/ggn8NZPi/8cj4u+B3xS8D6r4J8G3Hwm+DHhD4PavL4+v/ABTp2mXn/CQ6Mvh/XPA2k6V4Uub6/ltEu9T1nVLSwdY5Z4Zb1ooo5wDyn/g3N/YQv/2hviB+2N/wVJ/ai/Z68IeEPC/7XXjSWT9nz4Q+IfBljFpXh/wBFrWraxceItF0LUbIiz0PUDf2Gi+HpzbxNe2GhtqlvJPY6jbTOAf1X/8ADHX7KX/Ruvwa/wDDe+Gv/lbQAf8ADHX7KX/Ruvwa/wDDe+Gv/lbQAf8ADHX7KX/Ruvwa/wDDe+Gv/lbQAf8ADHX7KX/Ruvwa/wDDe+Gv/lbQAf8ADHX7KX/Ruvwa/wDDe+Gv/lbQAf8ADHX7KX/Ruvwa/wDDe+Gv/lbQAf8ADHX7KX/Ruvwa/wDDe+Gv/lbQAf8ADHX7KX/Ruvwa/wDDe+Gv/lbQAf8ADHX7KX/Ruvwa/wDDe+Gv/lbQAf8ADHX7KX/Ruvwa/wDDe+Gv/lbQAf8ADHX7KX/Ruvwa/wDDe+Gv/lbQAf8ADHX7KX/Ruvwa/wDDe+Gv/lbQBw/xO/YF/ZP+JPw1+IXw6k+BPwn0SPx94H8WeCpNa03wB4dj1HSE8U6Df6G2qWEiWMLx3tgt+bu1dJYnWeKNlkQgPQB/FR/wSY/aW/ZU/wCCSPxO+OP/AAS8/wCCuvwb8G/DbXPCHxQ8ReJ/gp8fPG3wyHijwt4k8H+IbuSaCC91i20jVtUfQtTnjbVfDPiK1tLzTPJv59L1RtKm03dOAdB+3D/wUE/4J4+B/wDgnb8PP+CdX7EWg/C79tv9vX4s/DLwr8BIfGfwg+FV7qVlY6nqUEGl+IvEyeIda0TTtT1fxLrFkLm30e302S+eya8m1fWdQsU07ybgA/pa/wCCT3/BKT4QfskfsAfs5/BH41fB/wCGPjD4u6F4P/tz4lavrfhDQ9ZvYvGvi++uvE/iHSBql1a3M95a6LqOqT6XZzO67re1jxGigKoB+iv/AAx1+yl/0br8Gv8Aw3vhr/5W0AH/AAx1+yl/0br8Gv8Aw3vhr/5W0AH/AAx1+yl/0br8Gv8Aw3vhr/5W0AH/AAx1+yl/0br8Gv8Aw3vhr/5W0AH/AAx1+yl/0br8Gv8Aw3vhr/5W0AH/AAx1+yl/0br8Gv8Aw3vhr/5W0AH/AAx1+yl/0br8Gv8Aw3vhr/5W0AH/AAx1+yl/0br8Gv8Aw3vhr/5W0AH/AAx1+yl/0br8Gv8Aw3vhr/5W0AH/AAx1+yl/0br8Gv8Aw3vhr/5W0AH/AAx1+yl/0br8Gv8Aw3vhr/5W0AH/AAx1+yl/0br8Gv8Aw3vhr/5W0AfhZ/wcM/8ABJXQ/wBpn/gnx4iu/wBkn4MeC9G+O3wO8YaP8Y/D2keB/CWk6Zr3jbQvD9lqVt4n8KafHYWCSajqMtndwa1p+nEu9/PopsLaKW6vIYnAPzK+Fn/BWL/gjH+1R+yJ8HPB37SXw6+BvwG/aA8F/EP4T6P+0R8JPib8Ho4bC7tvCt89n4y1bT7yDwreaZrPh27mszdXGi3rw69asfs13pEhRJnAPin4u/Dv9iX/AILVf8FOv2W/2av+CWH7Inwt8E/sj/s6+MIPiH+1D+0N4L+COj/Dbw98Q9Ct9V0jUdS8Paj5Xh3TL+Xw/qFjoi+GfC2k6/Bb6lqt7r2t6mdITTrWWRQD+1qH/gkR/wAEuYYYoR/wT8/ZDkEUccYeX4B/Dh5H2IF3yOdCBd2xl2IyzEk4zQBJ/wAOjP8Agl1/0j6/ZA/8MD8N/wD5RUAH/Doz/gl1/wBI+v2QP/DA/Df/AOUVAB/w6M/4Jdf9I+v2QP8AwwPw3/8AlFQAf8OjP+CXX/SPr9kD/wAMD8N//lFQAf8ADoz/AIJdf9I+v2QP/DA/Df8A+UVAHsvwQ/YV/Yy/Zp8VXfjn9nv9lr4D/BXxlqGkT6BfeKPhl8MPCXgzXbvRLqe3urnSbjU9C0y0u5tPnubS1nltHl8l5beGRkZkQqAfVlABQAUAFABQAUAFABQAUAFAH//R/v4oAKACgAoAKAOO8f8Aw88B/FXwjrfgH4meDvDXj7wT4kspdO1/wn4u0XT/ABB4f1iwnXbNaajpWpwXNldwSKSrRzQupBII7MAfjv8AC7/ght/wTn8D/tOfEf4lJ+wj+zxbeE4LLwFqXwwE/gTwzqGk6R4nsobqfxHe6T4duILi10q5g1BbKaCb7DCqSIslns2EqAftfZWVnptpbafp9rb2NjZwx21pZ2kMdva21vCgSKGCCFViiijRVVI41VVUAAcfKAWqACgAoAKACgAoAKACgAoAKACgAoAKAPlL9qL9hz9kf9tLQLTw3+1H+z/8M/jRYaaXbSJ/GvhjT9S1fRHkBEkmh640I1fR5HU4aTT7y3dgcFscMAfIv/BND/gkh+yn+wD8JvhhJoP7PnwX0j9pTTPAmh6P8Tvi/wCGtAi1bX9e8TwWaprl1pXi3W7CHX4tLvLvzJkgjTTom3bjaRn5aAP1noAKACgAoAKACgAoAKACgAoAKACgAoACAQQRkHgg9CPQ9ev0/OgD8N/+ClP/AASm/wCCeXx01L4e/Fj4k/sofCPWPiR4o+O/wy0HxT4zsvDlvoPiDxTpWuaxPFqtt4l1HQv7OuNd+1xKsUkupvcTCNRGsgQAKAfqn+z9+zH+z5+yp4Gt/ht+zl8Hfh98GfBFvJ5//CPfD7wxpfhuxubsokcl/frp1tA+oahOsam4v7157q4cb5pXc7qAPdaACgAoAKACgAoAKACgAoAKACgAoAKACgAoAKACgD//0v7+KACgAoAKACgAoA8b8MXPxSf4z/FC28QQyL8K4NC8Dv8AD6YxaSscmry2d6fFqpNbZ1eQpdLa7l1LbCmcWeULmgD2SgAoAKACgAoAKACgAoAKACgAoAKACgAoAKAPnj9krwN8Uvhn+zN8Dfh/8bfEX/CW/Fzwf8NvDGgfEXxMNb1DxJ/bnizT9Pig1fUv7e1W3tdS1b7Tcq0n26+toLmfO+WNWJCgH0PQAUAFABQAUAFABQAUAFABQAUAFABQAUAfIH7Zf/In/CL/ALOP+Df/AKe7mgD6/oAKACgAoAKACgAoAKACgAoAKACgAoAKACgAoAKACgD/0/7+KACgAoAKACgAoA8b8Ma38SLr4z/FDRNc094fhrpWheB7jwLqBsreJL3VL+zvX8URreoPtF2ba4S2Vo5jst922MfMTQB7JQAUAFABQAUAFABQAUAFABQAUAFABQAUAFAHzj+yD4f+MHhX9l/4EeG/2gNT1DWfjZonwz8L6d8UdV1bWv8AhI9S1DxpbafHHrd1fa6ZZ/7WuZbsO0l950vnt8+85zQB9HUAFABQAUAFABQAUAFABQAUAFABQAUAFAHyB+2X/wAif8Iv+zj/AIN/+nu5oA+v6ACgAoAKACgAoAKACgAoAKACgAoAKACgAoAKACgAoA//1P7+KACgAoAKACgAoA8b8MeK/Hmo/Gf4oeEtX0N7TwD4c0LwPe+D9dOmXUCatqOs2d7L4ht11OQ/Zb86fPDAjRW4D2m/bNyy7gD2SgAoAKACgAoAKACgAoAKACgAoAKACgAoAKAPnL9kKz+M+n/swfAiy/aKbUH+Otr8M/C8PxXfVb7TtT1JvHCafENdN7qGkXN5pd5cm83+bPYXU9tI3MUrrhqAPo2gAoAKACgAoAKACgAoAKACgAoAKACgAoA+QP2y/wDkT/hF/wBnH/Bv/wBPdzQB9f0AFABQAUAFABQAUAFABQAUAFABQAUAFABQAUAFABQB/9X+/igAoAKACgAoAKAPHPDHjvxdq/xm+KHgLUvD0dl4Q8H6H4H1Hw14iWw1OGTW73xDZ3s+tWr6hPK2l3g0ya3hjSPT4Y5bcSFbtmdkoA9joAKACgAoAKACgAoAKACgAoAKACgAoAKACgD54/ZK1T40a1+zN8DdW/aMt57T47ah8NvDN18WLa5sdF0yeDxxLYRNr0c2n+HUj0KzkW8LhoNKRLGM8QAJQB9D0AFABQAUAFABQAUAFABQAUAFABQAUAFAHyB+2X/yJ/wi/wCzj/g3/wCnu5oA+v6ACgAoAKACgAoAKACgAoAKACgAoAKACgAoAKACgAoA/9b+/igAoAKACgAoAKAEwMk4GT1OOT9T/jQAtAHzR8U/2wf2ePgp8XPhZ8Cvih47vPCnxP8Aja2tRfCvQbjwL8Rb/TvGdz4c0u41vXbHTPF2j+EdS8GR6jpWkWs+o3um33iGyv4bRUma2KSxMwB6L8HPjR8Ovj74E0r4mfCrWNS8QeCNc81tF1zUfCXjHwcuqwRO0f27T9P8baB4d1W70ycgvZarBYyabqEJW4sbq4gZJWAOf8V/tPfs1eBNev8Awt44/aG+Bvg3xPpbpHqfhzxX8WfAXh7XtOkdFkSO/wBI1fxFZ6haO8brIi3FtGzIyuAVINAHV/D74x/CH4tJqMnwq+Knw4+JkejvAmryfD7xx4Z8Zppb3IdrdNRbw5quprYvOqO0C3JiMoRzGGCk0AfnB/wU0t/jl4T+D3xl+OOi/t06j+x9onws8EXmqfBrTPDWn/CddG8e/Ei10P7douk/FG/+KfhbXLvXT4o8XhPCekeEvDGq6DZSaZPBd3P2rUJZpYgD7y/Zi8Q/FPxb+zt8EfE/xvtdEsvjB4g+GHgzV/iVa+GpbafQIfGd/oVlc68ujzWc1xaSaeb+SZrZraeWDy2HlOU20Ae6UAFABQAUAFABQAUAFAHzh+yB4q+Lnjj9l34D+L/j3p95pPxo8R/DLwtq3xN0zUNEh8N3tj4xvNPik1q2utBt7e0g0iaO7Lq9jFbQJAfkWJQMUAfR9AHxFq3/AAUZ/Y70Lxj8Zfh5q3xU1ay8c/s/z+Bbb4s+FJPhL8aW13w1L8TtYj0D4e/Y9Nj+Hb3HiuPxjq80VnoE/g0eIYNQLrNDI1uRLQB9lWusafd6RDryzPa6VPYLqn2jVLa60d7exaD7SZ7+11aGxvNNMUGZLmLUILWa1CsLmOJkcUAeAyftk/sgxO8Uv7Vf7N0ckbtHJHJ8cvhijxuhKujo3isMrqwKsrAFSCCARigD2/wp4w8JePNBsfFPgbxT4d8Z+GNUV30zxH4U1vTfEWg6ikcjRSPY6vpF1eafdrHKjRO1vcyhZEZGIZWWgD8ff27P2yPjP4U/aG/Yz8AfAnWLbQ/hXrH7aHhD4IfHXxatpFeT+M9W1XwD8QvEGo/DTw5dTZggsfCkmgWL+NdRtRcTP4guI/DSTabe+HdZgugD9pKACgAoAKACgAoAKACgD5A/bL/5E/4Rf9nH/Bv/ANPdzQB9f0AedfFn4reBvgf8O/FfxW+Jep6jovgPwPpF3r/inWdL8MeKvGFxpOi6fC9xf6nJoXgvRPEXiK4s7G2jlur2ay0i6W0tYpbm48uCKSRQDx/4P/tpfs2fH3VfBWj/AAf+IN744uviF8L9D+M/hS4034f/ABMttIvvhn4muL618O+KL7xBqng2w0HQYtbuNM1GPS9M8Q6jpWtXv2K5a3050id1APavHvxR+GXwq0211n4ofEXwJ8N9Hvrr7DZar498XaB4P028vdhl+x2t94h1HTbW4uvKUyfZ4pXm2Avs2hioB53of7WH7LPifV9O8P8Ahr9pb4AeIdf1i7isdJ0PQ/jH8O9W1fVL6dtsFnp2m2HiW4vb27mb5Yre2glmkbhI2IxQB5f/AMFBPj94v/Zp/ZO+KfxS+H/g74meN/HFpY6b4e8M6d8I/hxqvxY8b6NfeKtUtdDufGum+BdJt7iTXR4D0q71Dxj9gvVj0vUJtEg0vUJ4YL5nUA+H/wDgkP8AGSH9o3S/iB8ULP8A4KO/Fb9skaIbXwf4g+E3xS+EngD4HeKvgh4rjmmuNVtfF/gLwz4K8J+IotXvAkNrZy6zLqmmQxWdyuk3c0kt7IwB+19ABQAUAFABQAUAFABQAUAFABQB/9f+/igAoAKACgAoAKACgAoA/Gj/AIK1/Aq+/bl8H6L+xn4D0HWND+KcNhq/x38NfHzV/h740vPBXwi1bwLp81t4b0vS/GdrpKeG7/xT8SdU1X/hF9Y8MQ6pqU3/AAr5vGB1HRnurrQywB9O/wDBNv8AaP8AEf7R/wCy34B1r4gfBf4gfAH4p+DNNg8B/Er4aeOPhn43+HFnpXirwun9kXt94JHi/QNFh8QeCdaNoNV8Oaro0l7AdNu7eK7a1vUntkAPmb9pf9kz9pX4h/Gnxp4v8D/spf8ABLr4g+GNXu7aXTPFvx68CePdW+KurRx2cMTyeKr/AEiJtPnuY5EaKBrdiotkiBwwIoA+l/2Gvgf8XvgzaePYvir8Ev2M/g7JrdzpEmkRfsjeGvE3h621pLWK5W5k8ZL4jjRrme1aRF0w22Qkck4kwSKAMH9qjxd+x18e9S+Jf7IX7SHwU8efFS707wh9uXQNU/Zy+JfjHwt4ls/FOi29xHP8NviLZ+D9R8CnxDZzyWllLdL4m0e78O69bxSXlxYpZNfRAHVf8EyfgL8R/wBmP9hj9nb4GfFfUrvUPG3w+8CWmjahDe6l/bE+hWazTTaR4XOp8C+TwzpclpoqXC/JItmCuV2mgD7woAKACgAoAKACgAoAKAPnX9kbx38T/if+zH8CviH8afD9z4U+LPjL4aeGPEHxC8NXmg33he60TxVqOnxT6tp0/h3Ukj1DRpba5Zo30+8RZ7Yjy5FDAigD6KoA/mg/4KD6F8RtZ/ac8Pf8FLfgB8BvG3iqf9gvxz4R+FnxE+HD/Bf4lN8RP2tfAevXE0PjfUfAXhy48Ow3vidPgs3i9dQ+Fev6fpU0GoazZ+OmXXJNBudKFAH9DPhrxdZfFX4X2Pi/w1pOpQWvjPwm+oaXofxD8K+JPCN/G+qaa5h0vxb4U8TaZo/iTSdssotdW0/UNNtLxI/OQRAlTQB+Il7+w3+19LeXcsX7Ef8AwRgmjluZ5I5br4afE5rqVHldkkuWWDa07qQ0xHBkLEUAfrL8FPht8SPCv7NNp8N9U0n4QfBL4lf8Ir4m0izi/Z/0C8j+F3gXXtUi1GPRtb8JeH/EISe4j0y5uLXV57HUAsN5exTRSfuZSWAP5/8A9sX9hL/gon4Ki/4J9+DfCn7VVr8TtB8F/tl+ENS0278K/si6Tcz/AAzu38BfEw3Xxb+IWo6VrmrXGtabHNdzWGt33im4tLK/1fxBbXN9qgvGt1nAP6gvDlprVhoGjWXiPV4tf1+002zt9Z1uDT4tJh1bUooES81CLTIZJobCO7nDzLaRSukAfy1ZgoKgG1QAUAFABQAUAFABQB8rftZ6BrniHwr8LLfQdH1PWZ7D4/fCfV76HS7K5vpbTStP1i4lv9RuUtopWhsbOMiS6upAsMCENJIoIoA+qaAPIfjz8TNG+EHwk8cePtd8H+L/AIg2Oi6He7fAvgXwbr/jzxN4wvLqCS2svDWn+HfDmka3fTf21cyR6fPeXNj/AGTp0NxJe6tPBYQzyoAfhX/wTN8G/Er/AIJ5ftUfEn9kHx38KPFOo/CD9pjStK/aR+C3xV+HXwi+Jeq/D34Pa/rsP2LxX+zB4x8ZxaDqlh4Z0fwXcWZuvhofE2swiLw/O9hqN1Z3QsrRwD9Y/wBtn4R/E34w/D/w5ofwv+E37LHxd1jT/En9oXuh/tX6D4g8QeC7Cy+xyw/b9DtvDyPdRa75rLF5sw8n7K0i5DYDAHwd8HP2OP2pvCfxS8B+JfEv7H3/AASV8K6BonibTdR1fxH8L/h98RLD4h6LY28wefUPB15fwiyttft1+ewmuSIUlALkDmgD9RP2hf2i/A/7NPhfw/4x+Ifh/wCJ2teGtf8AF2meDri9+GPww8Z/Fa58Nz6vBeS2+ueJ9C8B6TrviHTvC0LWhtb7XIdJvLayubq0juVRJw6gHxR8BPgbpmu/8FGPjf8AtpfDbwdqXgH4XePP2cvhd8J9ZvdT8Kav4Cv/AIx/E3wz4t8ba7f+Nrnwn4h0zRfEUdp4Z8K614b8I2Wta5pOn3OqXVlqP2KGfS4LLUb0A/VOgAoAKACgAoAKACgAoAKACgAoA//Q/tc/4av+HH/QJ8Zf+C3R/wD5oaAD/hq/4cf9Anxl/wCC3R//AJoaAD/hq/4cf9Anxl/4LdH/APmhoAP+Gr/hx/0CfGX/AILdH/8AmhoAP+Gr/hx/0CfGX/gt0f8A+aGgA/4av+HH/QJ8Zf8Agt0f/wCaGgA/4av+HH/QJ8Zf+C3R/wD5oaAD/hq/4cf9Anxl/wCC3R//AJoaAD/hq/4cf9Anxl/4LdH/APmhoAP+Gr/hx/0CfGX/AILdH/8AmhoAP+Gr/hx/0CfGX/gt0f8A+aGgA/4av+HH/QJ8Zf8Agt0f/wCaGgBp/as+GpYOdG8YFwMBzpeilgO4DHxBuAJ7A/nmgB3/AA1f8OP+gT4y/wDBbo//AM0NAB/w1f8ADj/oE+Mv/Bbo/wD80NAB/wANX/Dj/oE+Mv8AwW6P/wDNDQAf8NX/AA4/6BPjL/wW6P8A/NDQAf8ADV/w4/6BPjL/AMFuj/8AzQ0AH/DV/wAOP+gT4y/8Fuj/APzQ0AH/AA1f8OP+gT4y/wDBbo//AM0NAB/w1f8ADj/oE+Mv/Bbo/wD80NAB/wANX/Dj/oE+Mv8AwW6P/wDNDQAf8NX/AA4/6BPjL/wW6P8A/NDQAf8ADV/w4/6BPjL/AMFuj/8AzQ0AH/DV/wAOP+gT4y/8Fuj/APzQ0AH/AA1f8OP+gT4y/wDBbo//AM0NAB/w1f8ADj/oE+Mv/Bbo/wD80NAB/wANX/Dj/oE+Mv8AwW6P/wDNDQAf8NX/AA4/6BPjL/wW6P8A/NDQAf8ADV/w4/6BPjL/AMFuj/8AzQ0AH/DV/wAOP+gT4y/8Fuj/APzQ0AH/AA1f8OP+gT4y/wDBbo//AM0NAB/w1f8ADj/oE+Mv/Bbo/wD80NAB/wANX/Dj/oE+Mv8AwW6P/wDNDQAf8NX/AA4/6BPjL/wW6P8A/NDQAf8ADV/w4/6BPjL/AMFuj/8AzQ0AH/DV/wAOP+gT4y/8Fuj/APzQ0AH/AA1f8OP+gT4y/wDBbo//AM0NAB/w1f8ADj/oE+Mv/Bbo/wD80NAB/wANX/Dj/oE+Mv8AwW6P/wDNDQAf8NX/AA4/6BPjL/wW6P8A/NDQAf8ADV/w4/6BPjL/AMFuj/8AzQ0AH/DV/wAOP+gT4y/8Fuj/APzQ0ANb9q34bOpV9H8YOp6q2maMyn6g+ICDz6j8sCgBw/av+G44GkeMgB0A03R+P/LgH8vyoAP+Gr/hx/0CfGX/AILdH/8AmhoAP+Gr/hx/0CfGX/gt0f8A+aGgA/4av+HH/QJ8Zf8Agt0f/wCaGgA/4av+HH/QJ8Zf+C3R/wD5oaAD/hq/4cf9Anxl/wCC3R//AJoaAD/hq/4cf9Anxl/4LdH/APmhoAP+Gr/hx/0CfGX/AILdH/8AmhoAP+Gr/hx/0CfGX/gt0f8A+aGgA/4av+HH/QJ8Zf8Agt0f/wCaGgA/4av+HH/QJ8Zf+C3R/wD5oaAD/hq/4cf9Anxl/wCC3R//AJoaAP/Z</file>
    </generalfeedback>
    <defaultgrade>2.0000000</defaultgrade>
    <penalty>0.3333333</penalty>
    <hidden>0</hidden>
    <idnumber></idnumber>
    <correctfeedback format="html">
      <text>Vaše odpověď je správná.</text>
    </correctfeedback>
    <partiallycorrectfeedback format="html">
      <text>Vaše odpověď je částečně správná.</text>
    </partiallycorrectfeedback>
    <incorrectfeedback format="html">
      <text>Vaše odpověď je chybná.</text>
    </incorrectfeedback>
    <shownumcorrect/>
<varsrandom><text></text>
</varsrandom>
<varsglobal><text><![CDATA[p=0.5; f="x + 2t";
a = 1; b = 5;
phi="4x"; alpha="4+3t"; beta = "2t+20";
h=1; tau = 0.5;
x=[1,2,3,4,5];
u0= [4*x[0],4*x[1] ,4*x[2],4*x[3],4*x[4]];
sigma = p*tau/(h*h);
uA=sigma*u0[2]+(1-2*sigma)*u0[3]+sigma*u0[4] + tau*x[3];]]></text>
</varsglobal>
<answernumbering><text>abc</text>
</answernumbering>
<answers>
 <partindex>
  <text>0</text>
 </partindex>
 <placeholder>
  <text></text>
 </placeholder>
 <answermark>
  <text>1</text>
 </answermark>
 <answertype>
  <text>0</text>
 </answertype>
 <numbox>
  <text>3</text>
 </numbox>
 <vars1>
  <text></text>
 </vars1>
 <answer>
  <text>[u0[2], u0[3], u0[4]]</text>
 </answer>
 <vars2>
  <text></text>
 </vars2>
 <correctness>
  <text><![CDATA[_relerr < 0.01]]></text>
 </correctness>
 <unitpenalty>
  <text>1</text>
 </unitpenalty>
 <postunit>
  <text></text>
 </postunit>
 <ruleid>
  <text>1</text>
 </ruleid>
 <otherrule>
  <text></text>
 </otherrule>
 <subqtext format="html">
<text><![CDATA[<p>Určete hodnoty řešení v bodech \(B=[3,\ 0],\ C=[4,\ 0],\ D=[5,\ 0] \). <br></p><p>\(U_B = \){_0}, \(U_C = \){_1}, \(U_D = \){_2}<br></p>]]></text>
 </subqtext>
 <feedback format="html">
<text></text>
 </feedback>
 <correctfeedback format="html">
<text></text>
 </correctfeedback>
 <partiallycorrectfeedback format="html">
<text></text>
 </partiallycorrectfeedback>
 <incorrectfeedback format="html">
<text></text>
 </incorrectfeedback>
</answers>
<answers>
 <partindex>
  <text>1</text>
 </partindex>
 <placeholder>
  <text></text>
 </placeholder>
 <answermark>
  <text>1</text>
 </answermark>
 <answertype>
  <text>10</text>
 </answertype>
 <numbox>
  <text>1</text>
 </numbox>
 <vars1>
  <text></text>
 </vars1>
 <answer>
  <text>uA</text>
 </answer>
 <vars2>
  <text></text>
 </vars2>
 <correctness>
  <text><![CDATA[_relerr < 0.01]]></text>
 </correctness>
 <unitpenalty>
  <text>1</text>
 </unitpenalty>
 <postunit>
  <text></text>
 </postunit>
 <ruleid>
  <text>1</text>
 </ruleid>
 <otherrule>
  <text></text>
 </otherrule>
 <subqtext format="html">
<text><![CDATA[<p>Určete přibližnou hodnotu řešení v bodě \(A = [4,\ 0.5]\) užitím explicitního schématu.</p><p>\(U_A =\) {_0}<br></p>]]></text>
 </subqtext>
 <feedback format="html">
<text></text>
 </feedback>
 <correctfeedback format="html">
<text></text>
 </correctfeedback>
 <partiallycorrectfeedback format="html">
<text></text>
 </partiallycorrectfeedback>
 <incorrectfeedback format="html">
<text></text>
 </incorrectfeedback>
</answers>
  </question>

<!-- question: 140103  -->
  <question type="formulas">
    <name>
      <text>teplo explicitni 4</text>
    </name>
    <questiontext format="html">
      <text><![CDATA[<p>Je dána smíšená úloha pro rovnici vedení tepla: $$\frac{\partial u}{\partial t} ={{p}}\frac{\partial^2 u}{\partial x^2} + {{f}} \ \mbox{ v oblasti } \Omega = \{[x,t]:\ x\in({a},{b}),\ t&gt;0\}$$ s počáteční podmínkou \( u(x,0) = {{phi}},\ x\in\langle {a},\ {b}\rangle \) <br></p><p>a okrajovými podmínkami \( u({a},t) = {alpha},\ u({b},t) = {{beta}},\ t\geq 0\).</p><p>Volte prostorový krok \(h = {h}\), časový krok \(\tau = {tau}\).<br></p>]]></text>
    </questiontext>
    <generalfeedback format="html">
      <text><![CDATA[<p>Bod \(A\) leží ve druhé časové vrstvě. Pro zadanou úlohu je \(p={p}\), jsou zvolené kroky \(h={h}, \tau = {tau}\), tedy \(\displaystyle \frac{p\tau}{h^2} = {sigma}\).<br></p><p>Výpočet přibližné hodnoty řešení \(U_A\) v bodě \(A\) pomocí explicitního schématu bude vzhledem k hodnotě \(\displaystyle \frac{p\tau}{h^2} = {sigma}\)<br></p><p>$$U_A = \frac{p\tau}{h^2}U_B +&nbsp; \frac{p\tau}{h^2}U_C + \tau f(0.8,\ 0.01),$$ kde \(U_B,\ U_C\) jsou hodnoty na první časové vrstvě, \(U_B = \frac{p\tau}{h^2}U_D +&nbsp; \frac{p\tau}{h^2}U_E + \tau f(0.7,\ 0), U_C=\frac{p\tau}{h^2}U_E +&nbsp; \frac{p\tau}{h^2}U_F + \tau f(0.9,\ 0)\). Hodnoty \(U_D, U_E, U_F\) leží v nulté časové vrstvě. Ty určíme z počáteční podmínky \(U_i^0 = {phi}\).<br></p>]]></text>
<file name="explicitni1_moodle.jpg" path="/" encoding="base64">/9j/4AAQSkZJRgABAQAASABIAAD/4QBMRXhpZgAATU0AKgAAAAgAAgESAAMAAAABAAEAAIdpAAQAAAABAAAAJgAAAAAAAqACAAQAAAABAAAB/6ADAAQAAAABAAAA6AAAAAD/4QkhaHR0cDovL25zLmFkb2JlLmNvbS94YXAvMS4wLwA8P3hwYWNrZXQgYmVnaW49Iu+7vyIgaWQ9Ilc1TTBNcENlaGlIenJlU3pOVGN6a2M5ZCI/PiA8eDp4bXBtZXRhIHhtbG5zOng9ImFkb2JlOm5zOm1ldGEvIiB4OnhtcHRrPSJYTVAgQ29yZSA1LjQuMCI+IDxyZGY6UkRGIHhtbG5zOnJkZj0iaHR0cDovL3d3dy53My5vcmcvMTk5OS8wMi8yMi1yZGYtc3ludGF4LW5zIyI+IDxyZGY6RGVzY3JpcHRpb24gcmRmOmFib3V0PSIiLz4gPC9yZGY6UkRGPiA8L3g6eG1wbWV0YT4gICAgICAgICAgICAgICAgICAgICAgICAgICAgICAgICAgICAgICAgICAgICAgICAgICAgICAgICAgICAgICAgICAgICAgICAgICAgICAgICAgICAgICAgICAgICAgICAgICAgICAgICAgICAgICAgICAgICAgICAgICAgICAgICAgICAgICAgICAgICAgICAgICAgICAgICAgICAgICAgICAgICAgICAgICAgICAgICAgICAgICAgICAgICAgICAgICAgICAgICAgICAgICAgICAgICAgICAgICAgICAgICAgICAgICAgICAgICAgICAgICAgICAgICAgICAgICAgICAgICAgICAgICAgICAgICAgICAgICAgICAgICAgICAgICAgICAgICAgICAgICAgICAgICAgICAgICAgICAgICAgICAgICAgICAgICAgICAgICAgICAgICAgICAgICAgICAgICAgICAgICAgICAgICAgICAgICAgICAgICAgICAgICAgICAgICAgICAgICAgICAgICAgICAgICAgICAgICAgICAgICAgICAgICAgICAgICAgICAgICAgICAgICAgICAgICAgICAgICAgICAgICAgICAgICAgICAgICAgICAgICAgICAgICAgICAgICAgICAgICAgICAgICAgICAgICAgICAgICAgICAgICAgICAgICAgICAgICAgICAgICAgICAgICAgICAgICAgICAgICAgICAgICAgICAgICAgICAgICAgICAgICAgICAgICAgICAgICAgICAgICAgICAgICAgICAgICAgICAgICAgICAgICAgICAgICAgICAgICAgICAgICAgICAgICAgICAgICAgICAgICAgICAgICAgICAgICAgICAgICAgICAgICAgICAgICAgICAgICAgICAgICAgICAgICAgICAgICAgICAgICAgICAgICAgICAgICAgICAgICAgICAgICAgICAgICAgICAgICAgICAgICAgICAgICAgICAgICAgICAgICAgICAgICAgICAgICAgICAgICAgICAgICAgICAgICAgICAgICAgICAgICAgICAgICAgICAgICAgICAgICAgICAgICAgICAgICAgICAgICAgICAgICAgICAgICAgICAgICAgICAgICAgICAgICAgICAgICAgICAgICAgICAgICAgICAgICAgICAgICAgICAgICAgICAgICAgICAgICAgICAgICAgICAgICAgICAgICAgICAgICAgICAgICAgICAgICAgICAgICAgICAgICAgICAgICAgICAgICAgICAgICAgICAgICAgICAgICAgICAgICAgICAgICAgICAgICAgICAgICAgICAgICAgICAgICAgICAgICAgICAgICAgICAgICAgICAgICAgICAgICAgICAgICAgICAgICAgICAgICAgICAgICAgICAgICAgICAgICAgICAgICAgICAgICAgICAgICAgICAgICAgICAgICAgICAgICAgICAgICAgICAgICAgICAgICAgICAgICAgICAgICAgICAgICAgICAgICAgICAgICAgICAgICAgICAgICAgICAgICAgICAgICAgICAgICAgICAgICAgICAgICAgICAgICAgICAgICAgICAgICAgICAgICAgICAgICAgICAgICAgICAgICAgICAgICAgICAgICAgICAgICAgICAgICAgICAgICAgICAgICAgICAgICAgICAgICAgICAgICAgICAgICAgICAgICAgICAgICAgICAgICAgICAgICAgICAgICAgICAgICAgICAgICAgICAgICAgICAgICAgICAgICAgICAgICAgICAgICAgICAgICAgICAgICAgICAgICAgICAgICAgICAgICAgICAgICAgICAgICAgICAgICAgICAgICAgICAgICAgICAgICAgICAgICAgICAgICAgICAgICAgICAgICAgICAgICAgICAgICAgICAgICAgICAgICAgICAgICAgICAgICAgICAgICAgICAgICAgICAgICAgICAgICAgICAgICAgICAgICAgICAgICAgICAgICAgICAgICAgICAgICAgICAgICAgICAgICAgICAgICAgICAgICAgICAgICAgICAgICAgICAgICAgICAgICAgICAgICAgICAgICAgICAgICAgICAgICAgICAgICAgICAgICAgICAgICAgICAgICAgICAgICAgICAgICAgICAgICAgICAgICAgICAgICAgICAgICAgICAgICAgICAgICAgICAgICAgICAgICAgICAgICAgICAgICAgICAgICAgICAgICAgICAgICAgICAgICAgICAgICAgICAgICAgICAgICAgICAgICAgICAgICAgICAgICAgICAgICAgICAgICAgICAgICAgICAgICAgICAgICAgICAgICAgICAgICAgICAgICAgICAgICAgICAgICAgICAgICAgICAgICAgICAgICAgICAgICAgICAgICAgICAgICAgICAgICAgICAgICAgICAgICAgICAgICAgICAgICAgICAgICAgICAgICAgICAgICAgICAgICAgICAgICAgICAgICAgICAgICAgICAgICAgICAgICAgICAgICAgICAgICAgICAgICAgICAgICAgICAgICAgICAgICA8P3hwYWNrZXQgZW5kPSJ3Ij8+AP/tADhQaG90b3Nob3AgMy4wADhCSU0EBAAAAAAAADhCSU0EJQAAAAAAENQdjNmPALIE6YAJmOz4Qn7/4htESUNDX1BST0ZJTEUAAQEAABs0YXBwbAIQAABtbnRyUkdCIFhZWiAH5AABAAEACAAyADRhY3NwQVBQTAAAAABBUFBMAAAAAAAAAAAAAAAAAAAAAAAA9tYAAQAAAADTLWFwcGwAAAAAAAAAAAAAAAAAAAAAAAAAAAAAAAAAAAAAAAAAAAAAAAAAAAAAAAAAAAAAABFkZXNjAAABUAAAAGJkc2NtAAABtAAABDZjcHJ0AAAF7AAAACN3dHB0AAAGEAAAABRyWFlaAAAGJAAAABRnWFlaAAAGOAAAABRiWFlaAAAGTAAAABRyVFJDAAAGYAAACAxhYXJnAAAObAAAACB2Y2d0AAAOjAAABhJuZGluAAAUoAAABj5jaGFkAAAa4AAAACxtbW9kAAAbDAAAAChiVFJDAAAGYAAACAxnVFJDAAAGYAAACAxhYWJnAAAObAAAACBhYWdnAAAObAAAACBkZXNjAAAAAAAAAAhEaXNwbGF5AAAAAAAAAAAAAAAAAAAAAAAAAAAAAAAAAAAAAAAAAAAAAAAAAAAAAAAAAAAAAAAAAAAAAAAAAAAAAAAAAAAAAAAAAAAAAAAAAAAAAAAAAAAAbWx1YwAAAAAAAAAjAAAADGhySFIAAAAUAAABtGtvS1IAAAAMAAAByG5iTk8AAAASAAAB1GlkAAAAAAASAAAB5mh1SFUAAAAUAAAB+GNzQ1oAAAAWAAACDGRhREsAAAAcAAACIm5sTkwAAAAWAAACPmZpRkkAAAAQAAACVGl0SVQAAAAUAAACZHJvUk8AAAASAAACeGVzRVMAAAASAAACeGFyAAAAAAAUAAACinVrVUEAAAAcAAACnmhlSUwAAAAWAAACunpoVFcAAAAMAAAC0HZpVk4AAAAOAAAC3HNrU0sAAAAWAAAC6npoQ04AAAAMAAAC0HJ1UlUAAAAkAAADAGZyRlIAAAAWAAADJG1zAAAAAAASAAADOmhpSU4AAAASAAADTHRoVEgAAAAMAAADXmNhRVMAAAAYAAADamVzWEwAAAASAAACeGRlREUAAAAQAAADgmVuVVMAAAASAAADknB0QlIAAAAYAAADpHBsUEwAAAASAAADvGVsR1IAAAAiAAADznN2U0UAAAAQAAAD8HRyVFIAAAAUAAAEAHB0UFQAAAAWAAAEFGphSlAAAAAMAAAEKgBMAEMARAAgAHUAIABiAG8AagBpzuy37AAgAEwAQwBEAEYAYQByAGcAZQAtAEwAQwBEAEwAQwBEACAAVwBhAHIAbgBhAFMAegDtAG4AZQBzACAATABDAEQAQgBhAHIAZQB2AG4A/QAgAEwAQwBEAEwAQwBEAC0AZgBhAHIAdgBlAHMAawDmAHIAbQBLAGwAZQB1AHIAZQBuAC0ATABDAEQAVgDkAHIAaQAtAEwAQwBEAEwAQwBEACAAYwBvAGwAbwByAGkATABDAEQAIABjAG8AbABvAHIgDwBMAEMARAAgBkUGRAZIBkYGKQQaBD4EOwRMBD4EQAQ+BDIEOAQ5ACAATABDAEQgDwBMAEMARAAgBeYF0QXiBdUF4AXZX2mCcgAgAEwAQwBEAEwAQwBEACAATQDgAHUARgBhAHIAZQBiAG4A/QAgAEwAQwBEBCYEMgQ1BEIEPQQ+BDkAIAQWBBoALQQ0BDgEQQQ/BDsENQQ5AEwAQwBEACAAYwBvAHUAbABlAHUAcgBXAGEAcgBuAGEAIABMAEMARAkwCQIJFwlACSgAIABMAEMARABMAEMARAAgDioONQBMAEMARAAgAGUAbgAgAGMAbwBsAG8AcgBGAGEAcgBiAC0ATABDAEQAQwBvAGwAbwByACAATABDAEQATABDAEQAIABDAG8AbABvAHIAaQBkAG8ASwBvAGwAbwByACAATABDAEQDiAOzA8cDwQPJA7wDtwAgA78DuAPMA70DtwAgAEwAQwBEAEYA5AByAGcALQBMAEMARABSAGUAbgBrAGwAaQAgAEwAQwBEAEwAQwBEACAAYQAgAEMAbwByAGUAczCrMOkw/ABMAEMARAAAdGV4dAAAAABDb3B5cmlnaHQgQXBwbGUgSW5jLiwgMjAyMAAAWFlaIAAAAAAAAPNSAAEAAAABFs9YWVogAAAAAAAAYWwAADgyAAAKQlhZWiAAAAAAAABvHAAArpUAABaZWFlaIAAAAAAAACZOAAAZOQAAslJjdXJ2AAAAAAAABAAAAAAFAAoADwAUABkAHgAjACgALQAyADYAOwBAAEUASgBPAFQAWQBeAGMAaABtAHIAdwB8AIEAhgCLAJAAlQCaAJ8AowCoAK0AsgC3ALwAwQDGAMsA0ADVANsA4ADlAOsA8AD2APsBAQEHAQ0BEwEZAR8BJQErATIBOAE+AUUBTAFSAVkBYAFnAW4BdQF8AYMBiwGSAZoBoQGpAbEBuQHBAckB0QHZAeEB6QHyAfoCAwIMAhQCHQImAi8COAJBAksCVAJdAmcCcQJ6AoQCjgKYAqICrAK2AsECywLVAuAC6wL1AwADCwMWAyEDLQM4A0MDTwNaA2YDcgN+A4oDlgOiA64DugPHA9MD4APsA/kEBgQTBCAELQQ7BEgEVQRjBHEEfgSMBJoEqAS2BMQE0wThBPAE/gUNBRwFKwU6BUkFWAVnBXcFhgWWBaYFtQXFBdUF5QX2BgYGFgYnBjcGSAZZBmoGewaMBp0GrwbABtEG4wb1BwcHGQcrBz0HTwdhB3QHhgeZB6wHvwfSB+UH+AgLCB8IMghGCFoIbgiCCJYIqgi+CNII5wj7CRAJJQk6CU8JZAl5CY8JpAm6Cc8J5Qn7ChEKJwo9ClQKagqBCpgKrgrFCtwK8wsLCyILOQtRC2kLgAuYC7ALyAvhC/kMEgwqDEMMXAx1DI4MpwzADNkM8w0NDSYNQA1aDXQNjg2pDcMN3g34DhMOLg5JDmQOfw6bDrYO0g7uDwkPJQ9BD14Peg+WD7MPzw/sEAkQJhBDEGEQfhCbELkQ1xD1ERMRMRFPEW0RjBGqEckR6BIHEiYSRRJkEoQSoxLDEuMTAxMjE0MTYxODE6QTxRPlFAYUJxRJFGoUixStFM4U8BUSFTQVVhV4FZsVvRXgFgMWJhZJFmwWjxayFtYW+hcdF0EXZReJF64X0hf3GBsYQBhlGIoYrxjVGPoZIBlFGWsZkRm3Gd0aBBoqGlEadxqeGsUa7BsUGzsbYxuKG7Ib2hwCHCocUhx7HKMczBz1HR4dRx1wHZkdwx3sHhYeQB5qHpQevh7pHxMfPh9pH5Qfvx/qIBUgQSBsIJggxCDwIRwhSCF1IaEhziH7IiciVSKCIq8i3SMKIzgjZiOUI8Ij8CQfJE0kfCSrJNolCSU4JWgllyXHJfcmJyZXJocmtyboJxgnSSd6J6sn3CgNKD8ocSiiKNQpBik4KWspnSnQKgIqNSpoKpsqzysCKzYraSudK9EsBSw5LG4soizXLQwtQS12Last4S4WLkwugi63Lu4vJC9aL5Evxy/+MDUwbDCkMNsxEjFKMYIxujHyMioyYzKbMtQzDTNGM38zuDPxNCs0ZTSeNNg1EzVNNYc1wjX9Njc2cjauNuk3JDdgN5w31zgUOFA4jDjIOQU5Qjl/Obw5+To2OnQ6sjrvOy07azuqO+g8JzxlPKQ84z0iPWE9oT3gPiA+YD6gPuA/IT9hP6I/4kAjQGRApkDnQSlBakGsQe5CMEJyQrVC90M6Q31DwEQDREdEikTORRJFVUWaRd5GIkZnRqtG8Ec1R3tHwEgFSEtIkUjXSR1JY0mpSfBKN0p9SsRLDEtTS5pL4kwqTHJMuk0CTUpNk03cTiVObk63TwBPSU+TT91QJ1BxULtRBlFQUZtR5lIxUnxSx1MTU19TqlP2VEJUj1TbVShVdVXCVg9WXFapVvdXRFeSV+BYL1h9WMtZGllpWbhaB1pWWqZa9VtFW5Vb5Vw1XIZc1l0nXXhdyV4aXmxevV8PX2Ffs2AFYFdgqmD8YU9homH1YklinGLwY0Njl2PrZEBklGTpZT1lkmXnZj1mkmboZz1nk2fpaD9olmjsaUNpmmnxakhqn2r3a09rp2v/bFdsr20IbWBtuW4SbmtuxG8eb3hv0XArcIZw4HE6cZVx8HJLcqZzAXNdc7h0FHRwdMx1KHWFdeF2Pnabdvh3VnezeBF4bnjMeSp5iXnnekZ6pXsEe2N7wnwhfIF84X1BfaF+AX5ifsJ/I3+Ef+WAR4CogQqBa4HNgjCCkoL0g1eDuoQdhICE44VHhauGDoZyhteHO4efiASIaYjOiTOJmYn+imSKyoswi5aL/IxjjMqNMY2Yjf+OZo7OjzaPnpAGkG6Q1pE/kaiSEZJ6kuOTTZO2lCCUipT0lV+VyZY0lp+XCpd1l+CYTJi4mSSZkJn8mmia1ZtCm6+cHJyJnPedZJ3SnkCerp8dn4uf+qBpoNihR6G2oiailqMGo3aj5qRWpMelOKWpphqmi6b9p26n4KhSqMSpN6mpqhyqj6sCq3Wr6axcrNCtRK24ri2uoa8Wr4uwALB1sOqxYLHWskuywrM4s660JbSctRO1irYBtnm28Ldot+C4WbjRuUq5wro7urW7LrunvCG8m70VvY++Cr6Evv+/er/1wHDA7MFnwePCX8Lbw1jD1MRRxM7FS8XIxkbGw8dBx7/IPci8yTrJuco4yrfLNsu2zDXMtc01zbXONs62zzfPuNA50LrRPNG+0j/SwdNE08bUSdTL1U7V0dZV1tjXXNfg2GTY6Nls2fHadtr724DcBdyK3RDdlt4c3qLfKd+v4DbgveFE4cziU+Lb42Pj6+Rz5PzlhOYN5pbnH+ep6DLovOlG6dDqW+rl63Dr++yG7RHtnO4o7rTvQO/M8Fjw5fFy8f/yjPMZ86f0NPTC9VD13vZt9vv3ivgZ+Kj5OPnH+lf65/t3/Af8mP0p/br+S/7c/23//3BhcmEAAAAAAAMAAAACZmYAAPKnAAANWQAAE9AAAApbdmNndAAAAAAAAAAAAAMBAAACAAAAVgEuAesCxAODBFMFQAYnBxoIGAkfCj0LTgxrDZAOuQ/sES0SZROjFOMWKhd5GL8aDxtXHKQd8x88IIQhzSMRJFIljSbLKAApMypmK5csyi33LygwUTGAMqsz1TUCNjE3XTiKObY64TwNPTg+YD+JQLFB3EMIRDZFY0aQR7hI3koBSyRMR01qTo9PtFDYUfhTFlQzVU9WbVeNWK5Zy1rhW/Bc9137XwBgCmEZYi1jQWRSZV9mZWdhaFNpPGogawFr4Gy/baBug29ocFBxOHIgcwhz73TWdb52qHeTeH55bHpZe0l8PX03fjZ/OYBBgUuCV4NlhHSFhYaUh6SIs4nAisyL1ozfjeeO7Y/ykPWR9pL1k/WU+pYElxWYLJlHmmObf5yYna6ev5/LoNSh2qLgo+mk9KYDpxWoKqlCqlyrd6yUrbKu0a/xsRGyM7NTtHO1kLapt7q4wbnDusC7u7y1va++qb+jwJ3BlcKKw3zEasVTxjbHGMf5yODJz8rGy8PMwc28zq/PmNBz0UPSDdLT05vUZtU11gXW19eo2HbZQNoG2sfbgNw13Ofdkd473uPfjeA74Ovhn+JS4wPjr+RV5PnllOYs5r/nUufk6IXpL+nk6qjrbuwz7PXtr+5j7xHvtfBQ8ObxfPIX8sbzj/Ru9WH2ZveK+OT6xf0u//8AAABWASMBsAJqAzID6ASxBYAGWAc9CC0JJwonCyIMMA06DlEPYxB+EZ8SvhPpFRAWOBdhGIgZtBreHAsdMx5bH4AgoSG/Itsj9SULJh8nNShJKWAqeSuTLLEtzC7oMAQxITI8M1o0dDWLNqQ3uTjNOeI69DwGPRs+MT9NQGxBj0KwQ9BE7UYIRx1IMklFSlVLY0xuTXhOfk+DUIVRhlKIU4pUjFWKVoRXeVhoWVRaRFs/XEZdWl53X5VgsGHCYspjxWS1ZZxme2dXaDBpDGnsatBrumypbZtuj2+CcHJxXHJAcx9z+3TVda12hndieEV5MHokex18GX0VfhB/Bn/2gOKByoKxg5WEd4VdhkqHRIhMiWGKgYuljMaN3o7uj/WQ95H1kvOT8JTtleyW7pf4mRCaOZtunKadzp7jn+mg5aHfotmj0aTIpb6mvKfKqO2qIatdrJyt2a8UsE6xiLLCs/m1LrZkt5u40roFuzS8X72Fvqa/vMC+warCkMN9xHfFgMaPx53Io8meyo7LdcxTzS3OBM7az7LQi9Fq0lHTRdRF1VHWYtd12ITZh9p922bcQ90a3ezeud+H4FjhLeII4ubjw+Sd5XHmQOcM59Too+l/6mnrZOxo7W3ucO9w8HDxcvJ283n0d/Vp9kf3D/ez+EX4y/la+e360PwM/dr//wAAACsAxAFLAdgCZQMGA48EKwTPBXoGLwbpB6UIaAkvCfkKygufDHcNUg4yDw4P9hDZEcASqROTFH0VZxZSFz0YKRkVGfwa6BvSHL4drh6jH5sgliGUIo8jhiR2JWEmRScgJ/gozCmfKnMrSCwhLQIt6S7XL8gwujGqMpgzgDRgNTk2BjbPN5U4WDkZOdk6nTtkPDI9Bj3ePrY/j0BoQURCJkMQRABE80XnRtZHu0iWSWVKJUrgS5hMT00HTcNOg09JUBhQ6lG+UpNTaFQ7VQ1V3latV3xYSlkVWd9aqFtvXDVc+V29XoBfQ2AIYNFhnGJrYzxkDGTaZadmcWc4Z/xov2mAakBrAGvAbIFtQ24EbsVvhXBBcPhxq3JZcwFzqXRPdPR1mHY8dt53gHgdeL15YHoWetp7q3yDfVh+KH72f8OAk4FngkSDKoQYhQuGAIb0h+OIzYmvioyLYYw0jQeN2o6wj4qQa5FHkhKSxpNbk+yUepVBlkKXiJkImoqb5J0ZnjKfOaA5oTWiL6MopCGlGaYRpwqoCakPqiGrPaxgrYeura/TsPyyKLNatJK10bcUuFm5nLrXvAW9Kb5Hv2LAf8Gewr7D38T/xiHHQ8hnyYzKscvWzP3OKc9b0JfR3tMy1I3V7tdT2LnaIduV3S/fDuF35Ivoee1O8vb5Uf//AABuZGluAAAAAAAABjYAAJOVAABWjQAAVukAAJG3AAAmuwAAFwoAAFANAABUOQACh64AAkeuAAFrhQADAQAAAgAAAAEABAAIAA8AFgAfACkANABAAEwAWgBpAHgAiQCaAKwAvgDSAOYA/AESASkBQAFZAXMBjQGpAcUB4wIBAiECQgJkAocCrALSAvoDIwNNA3oDqAPXBAgEOgRtBKME2QUSBUsFhgXDBgEGQAaABsIHBQdKB5AH2AghCGwIuQkHCVcJqAn6Ck0KoQr3C04LqAwEDGIMww0lDYkN7g5UDrwPJQ+REAAQcRDkEVkRzxJGEr0TOBO2FDoUwxVSFeMWdRcGF5YYJhi4GU4Z6BqIGzEb4xyfHWIeKx74H8YglSFkIjQjBiPbJLMljyZsJ0soKykNKfAq1Su7LJ4tfi5cLzkwFDDwMc0yqjOJNGg1SjYuNxU3/zjtOd460jvKPMU9xD7HP85A2kHoQvZEAEUGRghHCEgISQlKDEsUTCFNNE5OT25QlFG8UuVUDVU0VllXfVigWcRa51wLXTBeVl98YKRhzmL4ZCRlU2aFZ7xo+mpDa5ls+W5jb9JxRnK8dDR1r3cteLF6PHvQfW9/HIDWgpSETIX2h5SJLIrFjGWOFY/fkc2T3ZX/mCCaOZxMnl+geaKgpNqnLamgrDCu4LGhtF63C7muvF2/K8IfxUbIoswMzyjR9tSR1yjZ0dye35fi0uZg6fntEu+s8gD0MPY59//5ivq4+9T8u/2j/nD/N///AAAAAQAFAAoAEgAbACYAMgA/AE0AXABtAH4AkQCkALkAzwDlAP0BFgEvAUoBZgGDAaIBwQHiAgQCJwJMAnICmgLDAu8DHANLA3wDrwPkBBoEUgSLBMUFAQU9BXsFuwX8Bj8GgwbJBxAHWQelB/IIQQiTCOYJOwmTCewKRgqhCvwLWAu0DBIMcgzUDTkNoA4LDngO5w9ZD84QRhDAET4RvxJDEsoTUxPdFGoU+hWPFioWyxdxGBYYthlRGeYaeRsNG6QcQBzkHZEeSh8OH90gsyGOImkjQiQYJOslvSaQJ2YoQiklKhIrCCwFLQguDi8SMBExCDH5Mugz1zTKNcE2wTfKONs58jsOPDA9UT5pP3RAckFoQlhDR0Q5RTRGOEdHSF9JfkqhS8dM8E4bT0VQa1GGUpRTl1SVVZRWoFe/WPFaNVuAXM1eHl90YM9iI2NmZJVltWbOZ+Ro+2oWazNsVG12bppvwHDqchdzRnR2dad22ngQeU16j3vYfSZ+fX/jgWeDEITKhnSIBomHiwSMiI4bj8ORgpNYlUOXO5k7mzudOZ8poQSixqR2phunvaliqxWs3a7FsM+y9bUxt3y5y7wPvkTAcsKmxOnHQsmyzDHOnNDd0vTU8dbn2OPa6Nz03wHhCuMU5STnSOmW7DfvivOm92z5zvuE/MP99P75//8AAAACAAgAEQAeAC0APgBRAGYAfQCWALAAzADqAQkBKwFNAXIBmAHAAeoCFgJEAnQCpgLaAxEDSQOEA8AD/QQ7BHoEugT8BUEFigXXBikGgQbdBz4HoggICG8I1Ak5CZ0KAgpqCtULRAu7DDkMwQ1QDeYOgg8hD8AQXBD2EZASLRLNE24UDRSoFUIV3BZ5Fx4XzhiOGWIaQhsqHBQc+x3dHrgfkiBtIUwiMCMYJAYk+SXxJu8n8yj9Kg4rJCxALWAugC+dMLgx0zLzNBo1STaCN8M5DDpcO7A9Bz5gP75BIkKTRBZFrkdaSRFK0UyaTm9QVVIyU9pVWlbMWEhZ01tmXPheg2ABYXBi1WQ3ZZxnCWiBagpro21NbwBwt3JvdB51w3d1eWR77n6kgHmB1oL8hAKFCIYQhzOIc4nUi1WM6Y6IkC6R2ZOIlTuW8Zipml6cCp2nnzegvaI/o8ClRKbKqFCp1KtUrNCuRq+5sSiyl7QItX22/LiJuia70L2CvzbA6cKcxE/GBMe7yXPLK8zkzp7QWNIU09LVj9dK2P/arNxP3ejfdeD94oLkA+WC5wLog+oE63/s7u5G73nwnfGN8nXzRPP39Kr1TvXb9mj29vd29+n4XPjP+UP5q/oN+nD60vs1+5j78fxJ/KL8+/1U/a3+A/5Y/qz/Af9V/6r//wAAc2YzMgAAAAAAAQxCAAAF3v//8yYAAAeSAAD9kf//+6L///2jAAAD3AAAwGxtbW9kAAAAAAAABhAAAJzfAAAAAMoq1YAAAAAAAAAAAAAAAAAAAAAA/8AAEQgA6AH/AwERAAIRAQMRAf/EAB8AAAEFAQEBAQEBAAAAAAAAAAABAgMEBQYHCAkKC//EALUQAAIBAwMCBAMFBQQEAAABfQECAwAEEQUSITFBBhNRYQcicRQygZGhCCNCscEVUtHwJDNicoIJChYXGBkaJSYnKCkqNDU2Nzg5OkNERUZHSElKU1RVVldYWVpjZGVmZ2hpanN0dXZ3eHl6g4SFhoeIiYqSk5SVlpeYmZqio6Slpqeoqaqys7S1tre4ubrCw8TFxsfIycrS09TV1tfY2drh4uPk5ebn6Onq8fLz9PX29/j5+v/EAB8BAAMBAQEBAQEBAQEAAAAAAAABAgMEBQYHCAkKC//EALURAAIBAgQEAwQHBQQEAAECdwABAgMRBAUhMQYSQVEHYXETIjKBCBRCkaGxwQkjM1LwFWJy0QoWJDThJfEXGBkaJicoKSo1Njc4OTpDREVGR0hJSlNUVVZXWFlaY2RlZmdoaWpzdHV2d3h5eoKDhIWGh4iJipKTlJWWl5iZmqKjpKWmp6ipqrKztLW2t7i5usLDxMXGx8jJytLT1NXW19jZ2uLj5OXm5+jp6vLz9PX29/j5+v/bAEMAAQEBAQEBAQEBAQEBAQEBAQEBAQEBAQEBAQEBAQEBAQEBAQEBAQEBAQEBAQEBAQEBAQEBAQEBAQEBAQEBAQEBAf/bAEMBAQEBAQEBAQEBAQEBAQEBAQEBAQEBAQEBAQEBAQEBAQEBAQEBAQEBAQEBAQEBAQEBAQEBAQEBAQEBAQEBAQEBAf/dAAQAQP/aAAwDAQACEQMRAD8A/v4oAKACgAoAKACgAoA8N+N7/E5P+FS/8Kz/ALS+b4x+GV8e/wBnRWcv/FvDofik619u+1o/l2H9pjQ/Okttt0JPIEbBGkVgD3KgAoAKACgAoAKACgAoAKACgAoAKACgAoAKACgAoA+X/H/wu8eeIP2tf2a/i5o9zbx/Dv4afCn9pvwn44tH1WW3ubnxD8T9S+AFz4Flg0dVMWpx20Hw+8YCe7lZX0s3ESxhv7RfaAfUFABQAUAFABQAUAFABQAUAFABQAUAFABQAUAFABQB4d4T8CeMtI+O3xb8e6nqUc/gvxf4d+H+m+F9NXUrqeWxv/D1nqEOuSyaZJGtpYC6luIGSW3kd7vYWmCFF3AHuNABQAUAFABQAUAFABQAUAFABQAUAFABQAUAFABQAUAFABQB/9D+/igAoAKACgAoAKACgDw343/E/W/hl/wqX+xNO0/UP+E++Mfhn4d6r/aCXT/YtH1rQ/FOp3N9ZfZZ4Nl9FPodrHE9wJ7YRzTB4Gco6gHuVABQAUAFABQAUAFABQAUAFABQAUAFABQAUAFABQB8yePdf8AjLZ/tX/s4eHPC8Guv8Ddc+Fn7S2ofF24tPDdrfeH4PG2g6l8BE+D0et+KZNLuLvw9fz2esfFA6Hpltq+mReI0h1eS5tdTOh27WAB9N0AFABQAUAFABQAUAFABQAUAFABQAUAFABQAUAFAHhvhPVPidcfHf4t6Vr0OpL8LtP8O/D6bwDNPpFrbaZJq93Z6i3ixbHWI7OK71OZLhLT7VBcXt0lkxRIY4A7BwD3KgAoAKACgAoAKACgAoAKACgAoAKACgAoAKACgAoAKACgAoA//9H+/igAoAKACgAoAKACgDy/4nfFLSvhf/wgH9q6dqGo/wDCwfiLovw407+zzbD7DqWt6XrmqQX979pmhzYwxaFcRy+R5tx5k0JSF1DlQD1CgAoAKACgAoAKACgAoAKACgAoAKACgAoAKACgAoA+bPHXxr13wr+1N+zv8B7TSNMufD3xj+GH7R/jnW9auDdf2tpWofBjUfgVZ6HZaaI5Vsza6snxV1d9TNzDLMG02w+yvEDcCUA+k6ACgAoAKACgAoAKACgAoAKACgAoAKACgAoAKACgDxTwt8UtQ8QfHD4rfCqbSbW3074e+HvAWs2WrRzTPd6lL4vtNQubmG4hZRDElm1mqQtEzNIHJkC4XcAe10AFABQAUAFABQAUAFABQAUAFABQAUAFABQAUAFABQAUAFAH/9L+/igAoAKACgAoAKACgDzH4mXfwytf+EC/4WWunN9o+Iei23gL+0La8udvxDfTNcfRWsvskU32e/GmR655Nxc+XapGZkklV3jDAHp1ABQAUAFABQAUAFABQAUAFABQAUAFABQAUAFABQB4l4r+K/gbw78e/g18HdW8P6hefEH4oeBPjV4v8FeJIdM0i403QtA+Fd78KLXxxpt/q1zfQ61ptzr8/wARfCMlha6Vp17Z6kui3ratcWL2GmrdgHttABQAUAFABQAUAFABQAUAFABQAUAFABQAUAFABQB5joPxG8L638UvH/w2sNMv4PFPgfR/Ceq+INTms7GLT7+z8UW93PpMNnexXcl/dS2kdrMtzHd2dtFAXUW7zBnZQD06gAoAKACgAoAKACgAoAKACgAoAKACgAoAKACgAoAKACgAoA//0/7+KACgAoAKACgAoAKAPMfiZ8OvC3xE/wCEC/4SjUtQ07/hCPiHo3jzw/8AYL6wsvt3iTSNM1zTrGwvPt1nefarGW11m/lltLP7LeySQRSRXUccUqSgHp1ABQAUAFABQAUAFABQAUAFABQAUAFABQAUAFABQB4f4st/gm/x/wDgvc+KjY/8L6g8B/G2P4NiW71yO/PgWe9+Ex+NBsrO0mXQLqAXkPwp+2za1BNf2rG0GiSQpcasJQD3CgAoAKACgAoA/Bj9iH/gs/4Y/az/AOCoH7aP7CMmm6bo/hr4R2un6r+zt4o+z3dtd/FPSPB7w+Ffi5qcF9cTCx1nSrbxcbfU/C9/pcCJeaHqvlnzm06a4lAP3noAKACgAoAKACgAoAKACgAoAKAPMdBg+GKfFHx9caCdNPxRm0fwmvj8QXV5JqS6PHb3g8J/brWWd7K3iNubv7K9rBE8q7jOzkIaAPTqACgAoAKACgAoAKACgAoAKACgAoAKACgAoAKACgAoAKACgD//1P7+KACgAoAKACgAoAKAPFPjR8K774pf8Kr+w6raaX/wr34ueHPiRd/aoZpv7Rs9D0XxPpUum23lf6q5nk16KWOaXMSpbyK3LIVAPa6ACgAoAKACgAoAKACgAoAKACgAoAKACgAoAKACgDxLxX8FNG8VfHz4NfHm61u/tNc+DngT41eBdI0CGK2bTtZsfjPefCi81i+vppP9KiuNFf4VaWliltmKVdWvPtPKQFQD22gAoAKACgD88P8AgqR+1JD+yh+x3498W6f4v0DwP8QviVqXh/4DfCHxJ4m1iy0DRtD+JXxevv8AhFtJ8VX+r6jdWVjp9j4A0q41r4iahc3l1BbpYeE7kSSruVXAP5O/+Cr3iD9kf9gnxH/wSv8A2/P2Hv2ifgJ8Q/Gn7E2p+EvgJ8a/Bnwu+MHw78YeNPiD8GNVtrl9W1W90Pwz4gub7Wrporzxza6prl/aXnl6nrPha4nbdZwlQD+5r4ZfETwt8XPh34H+KPgjVLTW/CHxB8LaH4v8N6tYzLcWd/o+v6db6lY3NvOuFljkguFw6jDYyMUAdzQAUAFABQAUAFABQAUAFABQB5hoHwv0fQPil4/+KdtqN/PrPxA0fwlo+p6bMbb+z7GDwjb3dvYy2YSJbnzbpbx2ufPmkTKL5SqN1AHp9ABQAUAFABQAUAFABQAUAFABQAUAFABQAUAFABQAUAFABQB//9X+/igAoAKACgAoAKACgDw3436P8TdX/wCFS/8ACtJtQh/sz4x+GdU8ef2frFno/mfD230PxTDrMV79rvbL+07FtTuNEaXSrb7VdXEiwzR2kiW0jxAHuVABQAUAFABQAUAFABQAUAFABQAUAFABQAUAFABQB8zePPgr4l8VftW/s4/Hew1PRIPCvwd+Fn7SvgbxFpV3Pfpr+o6p8ZtS+At54butGt4dPn06aw02P4Va6utyX2pWFxC9/pIsLfUFlvWsgD6ZoAKACgAoA/AT4h/EG5/a2/4K3fC34afFL9lv9pyb9k79mL4Z+Mr7wP44+If7H/x3HwL+KH7Tvju4sdG1DVrnxR4g+GL+EP8AhH/AHgW0u9H8N+IfEktn4cv9V17xDeaNq1xbyWVxdAH2B/wUE/Ym/ZP+Jn7F37SPw71j9nLwmw8Z/CrxXomjTfCP9np/GXxCsfFj6bNd+DtS8OaB8LPA2u+Nry707xTaaReldI06XckDQ3TxW0srqAfmB/wbLfF39qnwp+yPbfsVftifsy/tY/Bjxl8AdW1jSfhD40+M/wCzj8a/AXhDxt8HJbk3fh6xi8beK/BWleFtM1fwm1xLoFn4bv8AUbK/l0Kz0y4s4r2T7aLQA/p6oAKACgAoAKACgAoAKACgAoA8O8KfC/WtA+Ovxa+Kd1qWnT6J8QPDvw/0fStNhe7OpWNx4Ss9Qt7+W9SS2S0SK6e7ja2Nvczuyo3nJEQooA9xoAKACgAoAKACgAoAKACgAoAKACgAoAKAAkAZJwB1J4FABQAUAICCMggg9xyP0oAWgAoA/9b+/igAoAKACgAoAKACgDw343+OfGfgf/hUv/CG6dDqP/CW/GPwz4O8Uebpt3qX2Lwnqeh+Kb7Ub6P7LLF9hlivdL0yNb+4320ImaJ42eZGUA9yoAKACgAoAKACgAoAKACgAoAKACgAoAKACgAoA8f+O/x/+C37MPww8SfGb9oD4l+EvhN8L/CVus+veMvGerW+k6TaGVtltaQvK3nX+p30uINN0nT4LvU9SuWS2sLSe4dI2AP5Qvin/wAHb3/BOa1/a5+C994K8S/tLa9+z/4O8G/HPw18UtV0D4YQ2XhXxZ4r8W6l8Im+Fnie00DxB4o0TxVqdh4TtPDHxGE1zeeHbDUbFPEkA0/TdQ+33X2IA/ph/Y2/bx/ZP/b++GMfxb/ZP+Mnhn4r+FI5IrXWYNOa603xR4T1KWJZhpHjHwfrNvp/iXwtqnlsJEtNa0y1a4hKXNo89tIk0oB9eUAFABQAUAFABQAUAFABQAUAFABQAUAFABQAUAeG+E4vicvx2+Lc2vNqJ+F0nh34fL4BWeSzOmjWEs9R/wCEsNjFETepKbg2n2o3QWNm2+RkBqAPcqACgAoAKACgAoAKACgAoAKAPzy/4Kbft3R/8E9P2aLj44xfDfxN8Tta1Pxz4H+Hfh3RtE0q/vdI0/V/HHiPT9Ch1vxbfWI8yy0jToruWa3sbZjqniDVBZaLpyRfarjULAA+0Phh46i+JXgXw740h0PxP4dXXLCK5bSPGHhfW/B2vWsuNsv2nw/4htrXVrKGSRWks2uoV+0WrRTxs8ciOwB4dr37eH7EPhXWtV8N+Jv2wv2YPDviLQr+50vWtC1v48/C/StY0jU7KVoLzT9T02+8TwXljfWsyPDc2t1DFPDKjJJGjhlUA9E+FH7SX7PHx4utZsfgj8dvg98YL3w7BZ3Ov2nww+JPg7x5c6Jbai9xFYXGrweF9Y1OTTob2S0uo7SW8SJLl7a4WEsYX2gH5fftK/F7xf8AHL/grL+zx/wT0sPF/ibwr8FvC/7M3jb9rb46WngbxVrvg7WviPq8XjK0+H/w9+GniDxF4XvNK8S2XhKyEt74v1PStK1nTrfxJJJY2OuC+0uB7KUAn/ZL+OXjP4V/8FPv2v8A/gnZ4h8WeK/Gnwu0f4Z/DP8AaX/Z1uPHHiXWfGnivwZ4f8a2x074kfDy48W+J72/8Sav4X0PxfGt94Lj1bUtZvNH0rVG0T7cthp1hAgBe/4Ka/Hn4gJ+0l/wTm/YR+HPjPXvh/B+2T8YfHt78YvF/gvXL7w344sPg38E/BR8aar4W0HxDpLwa14aX4j6xLZ+H9Q8QeH77TNfstMs7630vVLGS8eZQDm0+K/iL9j3/grh8HP2SNH8UeMta/Zx/bE/Z08U+MvC/g3xr4z8T+Ppfhr8cfhNrLWmpv4K1nxrq2s65pPhHxl4INteav4aTWLrTbTxHpsup6Xp1l/at+XAOc0Pxn8YNC/4OB7v4Pap8dfix4y+EWqf8E9dS+KWmfC/xJrWj2/gPwt4qvfi7aeH5bvQ/DPhbQfDWlTTrp2lwxQ6v4gt9b8SKk1xC+tvbuIaAP3doA//1/7pPE3x0+CngrxRZeCPGPxd+GfhTxnqL2EWn+E/EfjnwzoviS+k1SVIdMS00TUtTttSuH1CaSOKyWG2c3UjokIdmUMAX/H3xf8AhP8ACmLS5/if8TfAHw6h1xrlNGl8ceL/AA/4Vj1Z7JYHu1019c1CwW+a1W5t2uBbeaYVnhMm0SpuALeufFD4a+GfCFt8QfEfxA8F6B4DvYrKez8aaz4n0XTPCt1DqSb9Plt/EF5ewaVNHfJ89m8d2yXK8wlxzQAaB8UPht4r8IXXxB8MfEDwX4i8B2MGpXV5400PxRomq+FbS20YTHV7i58QWN7PpUEOli3nOoSy3apZiGU3DRhH2gFPwB8YfhN8Vl1Fvhf8TvAHxGXRzAurN4G8X+H/ABWNMa5Dm2F+dD1G/FmbgRyGEXAj80I5TdsbaAUPDXx1+CfjPxTd+BvCHxe+GfinxpYLeNfeEfD3jrwzrPiWzXTpUg1BrrQ9O1O51KAWM0kcV2ZbZBbyukcpR2UUAGr/AB1+CmgeNIfhvrvxe+GWjfEO4nsLWDwLqvjnwxYeL57nVYop9Mt4vDd1qkWsST6jDPDLYxLaF7qKWKSBXR0NAHnX7RP7Vnwo/Zpn+GVr8RfFvgvQbn4k+PtK8G2lv4n8b+H/AAlPY6fqGn65e3PigRazPG97pemzaOlldGMRRLPfQh7uJgqOAeweLvih8NvAHhy08YeOviB4L8GeE9QntLWx8T+KfE+i6BoF7c38EtzY29rq+q31rp9xPeW1vPPaxRXDvPDDLLErJGzKAFl8UPhrqXgmT4lad8QPBd98Oorae9l8eWfifRbnwdHZ2sxt7m7k8Sw30mjpb286tDPM14I4pVMcjI4IoAj8BfFX4YfFSyvtS+GPxF8D/ETT9MulstSvvBHirQ/FNnYXjRJOtre3OiX19DbXJgkjmEMzpIYnSQKEYFgDJ8FfHX4KfEnWbzw58PPi78M/HXiDToJbq/0Pwf458M+JNXsba3mW3nuLvTtH1O8vLeGG4dIJZZYVSOVljch2AoAST46/BOLxwvwyl+L3wyj+I73Z09fAL+OvDK+MmvhC1ybMeGW1NdZN0LdHnNuLMy+SjSbdik0AP8cfHH4L/DLV9P0D4j/Fv4a+Add1a1jvtL0bxn448NeGdU1KyluZbKK7sbDWtTsrq6tpLyCe1SeCJ4nuIpYQ5kjZVANXxx8VPhj8MtLsNb+I/wARPBHgHRtUmFvpmq+MvFWh+GdN1C4MQnENle6zfWdtdSmEiURwSu/lt5mCpBYAfN8UPhtb+Bv+Fnz/ABA8Fw/Db7Fban/wn8vifRY/Bf8AZ15PFa2l/wD8JO96NF+x3NzcW9vb3P2zyZpp4oo3d5UDADfB3xS+GfxD0G+8U+AfiF4J8beGdMluIdS8Q+E/FOieIdE0+a0gW6u4r3VdJvryxtZLa2dbidJ5kaGFhLIFRg1AGb4E+Nnwc+KN9qWmfDT4r/Dj4g6jo8Uc2rWHgrxr4b8UXmmQzSSRRS6hbaLqN7NaRySwyxxvcJErvG6qSUdaAILD46/BPVPG8/wz034vfDLUPiNa3t7ptz4CsvHPhm68ZW+o6aJG1Gwm8Mw6m+sxXlgsMzXls9mJrYRSmZECPtAHeKvjn8FfA3iWy8GeNfi78NPCPi/UjZDTvC3iXxz4Z0PxDfHUphb6eLPRtS1O11G5N9Oyw2fk27/aZWEcO9yFoAv+Pvi98KfhVb6Xd/E74l+Avh3a649zFotx448XaB4Vg1aSzSCS7j02XXL+xjvntY7m2e4W2MhhSeFpNiyx7wC1rHxQ+G3h7wdb/ETXviB4L0XwBdwWV1aeN9V8UaJp/hK6tdSCtp1xb+Irq+i0iaC+VlNnLHeMlyGUws+RQAeHPih8NfF/hO78e+E/iB4L8TeB9Ph1G4v/ABjoHifRdY8L2Vvo6Sy6tPda7p97PpdvFpkcE0moSS3apaJFI1wYhG5oAo+APjH8JPisdTX4X/E/4ffEY6N9n/tceBvGPh7xWdL+1+aLX+0BoeoX32P7SYJvI+0eX53lS+XnY1AH8M3/AAVYv9W/4LTf8F7/AII/8Er4viVNp/7JX7PemW3if4lxeDvEEZg8Satb+HLTxX8Qr63a2nu7K68WwTajpfwzspbiDf4cgi1PU7SAXJvEvQD999X/AGXP+CU37O/x7/Zw/wCCfmifso/sDWnw2+Jvwn+Ot1490Px98PPht4k+Ko8UeDJ/gXafCyzvPE3ime78T3OteOLP4jeLr2K68Spq3iXXJtH0678L6lp39l3f2gA/nE/aG+DXhn/g3X/4Lv8A7K/jz9mHXbjwR+x7+2tNonhj4gfCvU/El7c+HvCmjeKvFv8Awh2v6Zez6pd+ZJ4d8FeIbvTfG/hbWtYmvL3QNIl1PRTqM8bajcXQB/fV4o+KPw18D+GLPxt40+IHgvwj4O1GSyisPFXibxPouheHb2XUYJbqwitdZ1S9tdPnlvbeGae1jjuGe4iikeJSqOygC6d8UPhrrHgqX4k6T8QPBep/DuG2u7ybx3p/ijRbzwfFaWErwX11J4kt72TR0t7OeOSG6ma78uCVHjlZWUigCHwD8WPhd8VbW+vvhj8RvA3xEstLuEtNSu/A/ivQvFVtp91JGsyW17Pod9fRWs7xOsqRTMjtGwcLtwaAMrwb8dfgp8RdevPC/gD4vfDLxv4l0+Ce6v8Aw94S8deGPEWt2VtazR211cXel6Rqd3fW8NtcSxQTyywIkM0iRSMrsoYALj46/BO08bp8M7r4vfDK2+I0l0lingKfx14Yi8ZPevCbhLNfDUmpprLXT24My24szK0QMgVk5UAk8dfHD4MfC/UrDRviV8Wvht8PtX1W1W+0zS/Gvjfw14X1HUbNriW1W7sbPWtSsri6tjdQy24ngieLz4pItzOrKoBq+N/in8M/hppNjr/xF+IXgnwHoepzpbadrPjHxTonhrS7+4ki8+OCzv8AWb2ztbmZ4AZkjhmZ2iHmAFOaAHN8UPhsvgb/AIWc3xA8Fr8NxZxaifH7eJ9FXwYNPnnitoL7/hJzff2L9kmuZobeO5+2iF5pY4lcu6LQA3wX8U/hl8SNEv8AxL8PfiH4I8deHdKnntdT13wh4p0TxHo+nXNtbx3dxb32paPfXlnaTwWssdzNFPMjxwSJM6hGVqAMvwN8bvg18T9Q1DSfht8WPhv8QNV0iJZ9V03wX428N+J7/TYXkeFZr+00XU72e0iaWOSISTxopkRkB3KwoAitPjr8E77xxJ8MbL4vfDK8+JEV7d6bL4BtfHXhifxnHqNhHLLfWEnhmLU31lLyzit5pbq1azWa3jikeVFVHoAd4t+OXwV8A+IrHwj45+Lnw08G+K9TW0bTvDXinxz4Z0DXr9b+b7NYtZ6Rqmp2t/creXH7i1MNu4nm/dxFnwtAGj48+Lfwr+Flppl98TfiT4D+HllrUk8Wj3fjfxboPha21WW2SGS4j06fXL+yjvZII7iCSZLZ5GiSaJn2h03AFjVPih8NdE8F2/xI1n4geC9J+Hl3a2N/a+OtR8UaLZeELmy1PZ/Z15B4kub2LR5ra/8AMj+xzx3jRXO9PJZ9wFACeGfij8NfGnha88ceD/iD4K8VeC9Ojv5b/wAW+HfFGiaz4asotKjebU5LvXNOvbjTLdNOijllvnluVW0jR3nKKpKgFHwD8ZPhF8VpNUi+GHxR+HvxFl0QWzazH4H8ZeHvFb6St40y2jaiuh6hfNZLdNb3C27XIiExglEefLcUAeGfDv8Aav8AAvj39pn4t/APTviB8LNUn8CaJ4RvND0vQ/FOl3vjG+1TULe+bxZZX1jDrdw07aBc20ENxBa6Zbz6a0pj1As7IaAPZ9e+OvwT8K+MLX4e+Jvi98MvD3j29n021s/BWt+OvDGleK7u51jyv7Jt7fw/fanBq002pm4gGnxR2jPeedELdX3oWALnj/4y/CL4UtpyfFD4o/D34dPrCztpKeOfGXh7wo2prbFBctYLrmoWJvBAZIxMYPMERdA+N4oAv+Jvih8NvBfhe18b+MPiB4L8K+DL5rNLLxb4j8T6Lovhu7fUIpJ7BLbW9RvbfTZ2vYIpZrRYrljcRRvJDuVWNABpXxQ+G2veC5fiRonxA8F6x8PILe+u5/HWl+KNFv8AwhDa6ZLLBqVzL4ktbybR44LCaGaK9la7CWskUkczIyPtAK/gH4tfCz4rW9/dfDD4k+BPiLa6VNHb6nc+B/Fmg+KoNOnlTzIoL6XQ7++jtZZIyJI452R3T5lBUZoAzPCHx1+CfxA8RXnhDwJ8Xvhl408V6fBdXV/4a8K+OvDHiDX7K2sZ4ra9uLrSNK1O7v7eG0uJ4YLmWWBEgmljilZXdAwAXnx1+CeneNk+Gl/8XvhnZfEWW6hso/Ad3458M2/jGS8uYRcW9onhqXU01l7meAiaGBbMySxESIrIQVAJPHnxv+DPwsvrHTPib8Wfht8PNS1O2N7pth438b+GvC17qFmJntzdWVtrepWU1zbCeKSEzwpJGJUeMtvUqoB6bFLFPFFPBJHNBNGksM0TrJFLFIoeOSORSVeN0YMjqSrKQQSCDQBJQB+In/BwtpmpXH/BM/x54itLC8vtM+Hvxg/Z7+IfiySxt5bubS/CHhj4u+F7jXtZe3gV55LbTLeZbi6MSOYrdZJ3CwxSuoB+r3wI+Knw8+M/wn8E/EL4V+LdH8deBtc0HTm0TxZ4euRf6BrUMFrDBJdaPqkQNnqtl5sbpHfafNcWcxUmGeRRuYA/Gn4rfs8ftZav8S/HeqaD/wAEbf8AgkV8RtE1DxVrV3pXj34g/FDSLHxx4wsJ7+aS28ReLbOT9jXxI9t4g1WIrd6pC+v6w0d3LKp1C6/1rAH2H+wP8LfjZ8PNc+I9x8Wf2Cv2HP2N7XU9M8ORaLq37IvjGx8Uar45ntrnWHvdP8axWnwE+DRs7HQ0mt59Fd7vXRNPqepAW9j5ZkugD5O/aA8In9m7/gtz+z7+2Z4zWPw/8A/jx+yL4w/ZW8TfEa/YWnhjwl8bdE8dWPjXwPZeM9dm2aZ4cs/GPhRLvSvDNzrN1Ywarrmlz6XZTz3rx29AHBfCLxH4K1X/AIKff8FEv+Cn+t6gP+GTv2eP2aPAvwJ8P/GTSrPUvEOieL73wJpt546+O134Jh0Swv7zxXpHgzUY7Hw9PqHhyHVbbUtesNR0/TXuLizmjUAk/bo1nwt48+P/APwRy/4KwfDGa+8TfsyeA/FnjTT/AImeP00PXNLbw58IP2k/hxHpvw3+IviTS9X02x1nwv4Q0vxXJbxeKdT8R6dptv4dj1uyl1p9OQu1AHXeJtG0z9sP/gtv+zv8U/hZeaZ49+Df7Dn7Mvj6Xxx8TvDl/Dq/g+w+Nnxl1lbPw58PNN1uy+0aVqviS08BQXHiHXrXTr64k0Sz1bSYtTS3nvYFYA8qf42fCCf/AIOXINKi+Jngdr+z/wCCbsnw/uLf/hJdJBj8dP8AGiLVl8HeY10sTeJ203ULS8GhJK+pGGYMLY7XVAD+kGgD/9D+9u98LeGdTvo9U1Hw7oWoalCYmh1C90jT7u+iMDBoDHdz28lxGYWVWiKSKY2UFMEAqAS6t4d8P68sC65oej60tqXNsuraZZaituZAokMAvIJxEZAiBzGF3BVBztFAEl1oei32nppF7o+l3elRrGsemXWn2lxp8awjEKpZSwvbKsQ4jCxAIOFxgCgAtND0Ww099IsdH0uy0mVZkl0y00+0ttPkS53C4R7KGJLZ1nDsJlaIiXcwcNlqAI9J8O+H9BEw0LQtH0UXBU3A0nTLLThOUzsMws4IRKUydu/dtycdTtAIrLwt4Z02+k1TTvDmhWGpyiQS6jZaRp9rfSCZg0oku4LaK4cSsA0gaRt7AFskZoAS48LeGLvUl1m78OaDdawjxSJq1xpGnzaksluqrA630ls90rwqirEyygxqqhMBQKAPOfi7J8HLVvAD/Fvwv4Z8RPrPj7SPDPgV/EPhCx8VtZeNb/TtavNLlsWu9N1A6NcCwsdYCaqhthbq8kJnU3IRwD1DUND0XVrOPTtV0fS9TsIXjkisdQ0+0vbOJ4kZInjtrmKWBHjR2SNlQFEdlUgFgwARaHosGmHRYdH0uLRmR4m0mLT7SPTDG7b3jNgsItSjuSzp5JVm5IyaAG6VoOh6DFLDoei6To0M7+bNFpWnWenRTSbQnmSx2cMKyPtULvcM21QM4ACgEGm+FvDOi3Mt5o/hzQtJvJlZJrrTdI0+xuZUdt7JLPa20Usis4DsruQWG45NACHwt4YbVBrbeHNBbWRJ5o1c6Rp51QS7Snmi/wDsxuxJsJTf527aSuQCRQA7VPDHhrW7iG71rw9oer3VugigudU0nT7+4giV2kWOGa7t5pI0WR2kCIyqHZmADMSwBPqeg6HrcEVrrOjaVq9tA2+C31PTrO/ghfbt3RQ3cM0cbbQFyiqdvGccMAK2h6K+l/2G+kaW2i+UkH9kNp9odL8mNleOH+zzCbTyo3RXSPydisqsoBUGgBNO0LRNHtZbHSdH0rS7Kdnaaz07TrOxtZmkUJI0tvaxRRSNIg2OXQllAUkgYUAh0rwz4b0OWafRPD+iaPNcqFuJtK0mw0+WdVJZVmktLeBpVVmLASFgCxIwSaAGxeFvDMGptrcPhzQodZeWWZ9Xi0jT49Teabd50rX6263bSyhmEshmLSbm3FsmgAv/AAv4Z1S9i1LU/DuhajqMPl+Tf3+kafeXsPktuhMV1cW8k8flMA0eyRdjDKYIyoBLq3h7QNeSCPXND0fWUtS7WyatpllqKW7SBBIYFvIJ1iMgjQOYwu4IgOdooAkuND0W705NHu9H0u60iNI449LuNPtJtOjjhGIUSxlie1VIgAI1WICMfdA6UAFnoei6dYSaVp+j6XY6XKsyS6bZ6faWthIlwGFwklnDEls6zh2EytERKGYSBsmgCLSfDnh7QfOOhaFo2i/adn2j+ydLsdO+0eXny/O+xwQebs3Ns8wNt3HGMmgD+Fb/AILK6H8Tf+CPX/BbL4Jf8FkPCfw4v/Gf7M3xgsNJ8DfGi18NWS40XU4/Ddp4Q8YaLIyrFbadretaVpml+PvDc+oXFrZ+IdZstS0hbmFLe+ltQD91tJ/4OBv+CPPjTVvhL4tt/wBpD4DR6B4++H/xF8d+IfGPjTWdD8M+N/hZqnw5Pw7TQ/BnivwJr1jF4+HivxinjLVv+EUsrGxknvv+EG18aOmqR27yW4B/OVr/AMXtW/4OSf8AguT+zprvwA8Ea4v7Cv7Bep6B4o1z4k+I9JudMtvEtp4V8VN4yj1jUbDUIcWt58QvF9npeh+HvCV28Op3PgzTbvVtQ0+1uYNRs1AP9Ay90HQ9SsItL1HRtK1DTIDEYNOvtPtLuxhMCGOEx2lxDJAhhRmSMrGCisVXAJoAWHQ9Ft9MOi2+kaXBo7JJG2kw6faRaY0crFpYzYJEtqUkZmaRTFtdiSwJOWAG6ToGhaDHLFoei6To0U7iSaPSdNs9OjmkA2h5Us4IVkcKAoZwzADA4HygEGneFvDOj3Ul9pPh3QtLvZldJrzTtI0+xupUkYO6SXFtbxTSK7qHdWdgzKGIBAoAR/C3hiTUxrcnhzQX1kSCUas+kae2piVV2LIL82zXYkCZUOJdwX5RlSQoA7VPDHhrXJornWvD2h6xcW6eVBPqmk2GoTQxhzII4pbu3meNA7M+xCF3sWwCcuAT6noWia1bxWms6NpWrWsDB4bbU9Os7+3hcLsDxQ3UMscbBflDIgIXgYBNACnQ9FOl/wBiHR9LOi+WsP8AZB0+0Ol+SjB1i/s/yfsnlq6q6x+VsVlDDBClQBNN0LQ9GtpbLSNG0rSrOdmee003TrOxtpndBG7ywWsMMUjPGAjM6sWQBSSAAoBBpfhnw3ocs1xovh7Q9HnuFCTz6XpNhp8s6hiwWaS0t4nlUMSwEjMAxJHJNACR+FvDMWqHW4vDmhR600kkzavHpGnpqjTShlllOoLbC7MkiswkczbnDMGLZO4ANQ8L+GdWvItQ1Tw7oWpX8HliG+1DSNPvLyERNviEVzc28s0flv8APHsddjfMMHBoAm1Xw/oOvRwxa5omkazFbMzW8eq6bZ6jHbs4VXaFLyGVYmdUUMUVSwVQegoAfPoei3Ompo1zpGl3GjxxxRJpU+n2kumpFBjyY0sZImtVjiwPKQRbY8DaBigAstD0TTbGTS9O0fS9P02YSrNp1lp9paWMqzgrOJLSCKO3kEysVlDR/vAxD7gaAItJ8OeHtBM7aHoOjaK1zsFy2k6XY6cbgR7jGJzZwQmXyy7lPML7dzYxuJoA8n8K+KvA+pfGf4jfD/TPBGnaZ4n8A6P4U1vUvFEWmaRC+qJ41t7y6jjguLeFdQEsP2NheNO+JmZSC3O0A9UuvC3hi+1FNXvfDmhXmrRPC8eqXWkafcajG9vt+zul7NbyXKPBsXyWWRTFtXYRhdoBJq3hzw9rxhOu6Do2tG33C3OraXY6iYA+N4h+2QTeVvwN2zbuwM9PmAJb3Q9F1Kxj0vUdH0u/02IxmLTr3T7S6sYzCpSIx2k8UluhiVmWPbH8ikhdoJoALfQ9FtdNbRrXR9LttHdJY30q30+0h01o52LTo1jHClqyTMzNKpiIkZiWySTQAzSfD+g6Ckseh6JpGixzsHnTSdNs9OSZ1GFaVbOGFZGUcBnDEDgHAwoBDp/hbwzpF5JqGleHNC0y/mV45b7T9I0+yvJUkZXkSS5traKd1kdVd1aRgzKrNkgGgBJPC3hibUxrUvhzQZdZV1lGrSaRp76mJEXYkgv2tzdh1T5VcTBlX5QcUAO1Xwx4b12WKfW/D2h6zNAnlwTarpNhqMsMe4v5cUl5bzPGm9i21Cq7mLYycsAbaqqKqooVVAVVUAKqgYCqBgAADAAGAOBjFAC0AMkjjljeKVElilRo5I5FV45I3Uq6OjAq6OpKsrAqykgggkUAOVVRQqqFVQFVVACqBwAAMAADgADHpjFAC0AFAFe7tLW/tp7K+tre9s7qJ4Lq0u4Y7i2uIJF2yQzwTK8U0Uikq8ciMjKcEEGgBsNjZW1mmn29na2+nxwfZo7GG3his47bZ5f2dLaNFgWAR/J5SxiPYdu3HFAE/lRiPyRGnlbPL8rYvl+Xjbs2Y27Nvy7cbccYxxQBU07S9N0e0jsNI06x0uxiLGKy060t7G0jLsXcx29tHFChd2ZmKoCzEs2ScqAXqACgD//R/v4oAKACgAoAKACgAoA8x+JnhPwF4r/4QH/hPL+Gw/4Rz4iaL4m8H+dq8Ok/bPGthpmuWml2MfnEf2lLLYahq0i6XFmadYmmUEW7FQD06gAoAKACgAoAKACgAoAKACgAoAKACgAoAKACgDhfiZ8MPhz8ZvA3iP4ZfFnwP4W+I/w98X6dNpXibwZ4z0Sw8Q+HdasJh80F/pepQXFrKUYLNbzbFntLmOK5tZYbiKOVAD+b/wCIH/Bs3/wQll+P/grwrqnwe8feEvGnxU0r4geOfCfwn8M/Fn4sW/gnXdC+Gl54Nj8eTR3RuNTuPD9npNx8QfCcS6Z/wmWi3FzHq23QIJ4tPvjYAH77/s0fspfs5/sc/DLTvg7+zF8IPBnwa+HWmyvdJ4e8H6cbc3+oSIkc2ra9q13Lda34k1q4SKNbnWdf1LU9UuFSNJrtkRFoA+g6ACgAoAKACgAoAKACgAoAKACgAoAKACgAoAKAPMdB1P4ZT/FHx9pmgx6cvxQsNI8JzePpYdMvINRfSLq3u28Ji+1OS1js7+JbdbsWsNtdXElou9ZkiLqtAHp1ABQAUAFABQAUAFABQAUAFABQAUAFABQAUAFABQAUAFABQB//0v7+KACgAoAKACgAoAKAPH/i78KR8VP+FaZ13+wv+Fd/FPw/8Sh/xLf7S/tc6Ho/iLSv7G/4/wCw+w/av7f8/wC3/wCl+V9l8r7HJ53mRAHsFABQAUAFABQAUAFABQAUAFABQAUAFABQAUAFABQB4h4s+Gnw7174/fBj4q634hurL4m/DnwH8bPC3gDwzHrOk2tpr/hr4k3vwmufiFqVzodzZS6zq8vh+48B+CY7W+0q/s7PRxrdwmqwXr6pprWgB7fQAUAFABQAUAFABQAUAFABQAUAFABQAUAFABQAUAeY6D4C8H6P8UfH3xA03Ubmfxl4x0fwnpvibTZNRs5raxsPDlveQ6JLBp0Vul7ZPdRXM7Sy3VxNHclA0CxBWDAHp1ABQAUAFABQAUAFABQAUAFABQAUAFABQAUAFABQAUAFABQB/9P+/igAoAKACgAoAKACgDw743+EfHni3/hUv/CCahPp/wDwjfxj8M+KPGHk6xNo/wBs8F2Gh+KbTVLGXyZYv7Thlv8AUNJkbSpd8Nw0KTNGTbKaAPcaACgAoAKACgAoAKACgAoAKACgAoAKACgAoAKACgD5y8cfBHVPFf7T/wCz78fLfW7C00n4NfDP9onwJqWgTW9w+o6zd/GrUPgfeaZfWNyn+jQW+ir8KNQS+jnzJO2rWZt+IZioB9G0AFABQAUAFABQAUAFABQAUAFABQAUAFABQAUAFAHjHhf4VXPh741/FP4sSaxBc2vxE0DwJosGjJayRz6Y/g+0v7aWea7MrR3C3xvA8aJDGYQhDM24UAez0AFABQAUAFABQAUAFABQAUAFABQAUAFABQAUAFABQAUAFAH/1P7+KACgAoAKACgAoAKAPDfjf4g+I/h//hUv/CurHUL7+2fjH4Z0Pxx9g0N9b+yeArvQ/FNxq95e7bW6/smxi1Kz0WOXWG8hbaSWGA3CG5COAe5UAQXUMlxbXNvFdT2Us8E0Md7ai2a5tJJY2RLq2W8t7q0ae3ZhLCLq1ubYyIont5ot8bgH8h/xL/aB/wCCjVt/wX20T/gmh4e/4KSfHPw7+zr4v+D6fFi31GD4J/sTan8StDuX8K2+qzaBZ+ItS/Zel0WfTV1aSY2s994au7+LTBFaT3F5dq+pOAe7f8FDP20P2/8A/gi748/Zu+LfxM/aG0b9uL9jP4zfFXSPhD8S9G+KHwk+H3wx+O3wwv8AUxHJb+JPCnjH4KaV4H8EeJo5rM3+ovY6z8PbdT/Y8mlILZtQi1e3AP6cdJ1KDWdK0zV7UMLXVdPs9Stg4AcQX1tFdQhwMgN5cq7gDgHpmgDQoAKACgAoAKACgAoAKACgAoAKACgD5k8e+F/jBqH7V/7OHi3wzd61H8EvDXws/aW0n4s2dr4oi0/Qbrxp4n1L4CS/CKbWPCTapbzeJb60tPD/AMTV0bVotI1JPDCXOqxS3el/8JBGmoAH03QBDcXFvZ2893dzw2trawy3Fzc3EiQwW9vAjSTTzzSFY4oYo1aSSR2VERSzEKCaAP5kfgv/AMFC/wBsX/gsj+1N8cPhh+wH8S7D9kf9hT9mLxX/AMIV8Qf2tbfwJ4Z+JPxq+OPjPyrhZvDfwg0b4h6N4h+Gng3RI4lTVLjV9f8AD2u+ILbSbzQtSS2t7jVpNM00A+l/2y/2Vv8AgqB8Cf2a/iJ49/YT/wCCkvxu+J/xP8E+DPEHiKT4ZftVfDT9mj4i2XjuPTtIubnUofBXizwB8EPhX4n8KeMfJinvvDlpql14q8PXmrR2ulHTrCCfzqAP1E/Yx8c+KviZ+yZ+zl8QfHN9can4z8ZfBzwD4i8Vahdxww3V54g1Tw9Y3OrT3EVukcEU0l7JMZI4Y0iRsqihQAoB9M0AFABQAUAFABQAUAFABQAUAFABQB4b4T0H4k2fx2+LfiDXLvUJPhnrHhz4fW3gWzm1xLvTrbVtOs9RTxS9loQu5H0mWaeW0NzcvZ241BlVxJN5WVAPcqAPjL/goAnxU039kb4/ePfgx8cvHXwF+Ifwq+DvxR+J3hnxT4I8O/CbxR9v1nwN4H1rxNpekeItG+Lnw3+JGj3egXd5pUUF/HpVpo2rGCeU2+rwOqFQD8H/APgiB4z/AOClf/BSP9hfQP2rvit/wVH+MHhzx7rvjz4h+GLXwvon7N37Gdx8PbWx8G+I7/w7Zy6hp0fwI0jxbqVxdvYG8uWsvGeiJsl+zRKjJ9ocA9o8Wf8ABUX9rn/gmR+1P8H/ANm//gqdpnws+JP7PX7RfiOXwz8Ev2/Pg9oWp/C/RtL1/fBCnhX46fCnVdV8Wab4c1OK8vtPhu9d8O+KItGsbHULHU3tryxTV73SwD+j+3uILu3gurWaO4trmGO4t7iF1khngmRZIZopFLLJHLGyvG6sysjBgSCDQBNQAUAFABQAUAFABQAUAFABQAUAFABQAUAFAH//1f7+KACgAoAKACgAoAKAPGvjH8VLn4W/8Kv+zaLFrX/Cwvix4d+G0/m3r2X9lQa5o3iTVX1ePZa3P2qS2bQUgW0byEkF0XNwhiCOAey0AFAH8S/7WWl/G7WP+DsD4e2P7PXjT4ZeAPibJ+ybZNpfiT4u/DrxN8UvBNtZp4PtzfwX3hDwl8SfhPrV3c3EW1LS6g8ZWsdo4MktpeKRGoBy/wDwWS0j9sL9n741fsr/ALT3/BY5PBP7Zf8AwTt+Gfxh0JdD8I/sdC6+AWjfD34sX0k2paP4n+LXwm+IUfxM8X/Faym0/wAPyy6ZoVj8ZtO0cJpd9Y3eo2o1SfTNcAP7VPhd488F/FL4b+BPiP8ADnUbfVvAPjjwnoPijwdqVpGYra88N6zptvfaRPDEwUxxtZTQ7YyBsxt7CgDvKACgAoAKACgAoAKACgAoAKACgAoA+XviB8RPiPon7W37NXwy0OB3+F/j/wCFH7TniX4hXA0Y3SQ+Jvh7qX7P9v8ADqN9d8sjRzPb+NvHJSxMiHWfJZwr/wBlnYAfUNAHyr+3VD4nuP2Jf2wYPBUkkPi6b9l/49xeGpYXkjuI9bk+FnipdNe0kixJHeLdGI2cin5LnymOADQB/Ot/wZx3vh+f/gmV8RLOwDf8JVpn7TvxCt/H7yMrSSa/NpXh+7smkwA4f+wJ9KDeYWYlSwwpUUAf1pkZ4PIPBB70AV7S0tLC2gsrG1t7KztY1htrS0hjt7a3hQYSKCCFUiijQDCxxoqKOAAKALFABQAUAFABQAUAFABQAUAFABQAUAeG+E/GPjnU/jt8W/BmraeYfAfhfw78Pr/wjqJ0q4txe6jrlnqMviGIas5+z6j9mmgt1MEID2e7bKSXUKAe5UAfK37dX/JkX7Y//Zq37Qv/AKqTxfQB+IH/AAaU/wDKHr4c/wDZYPjp/wCrL1+gDgv+Dwe08HT/APBJi2m8RJZnxBb/ALSfwuHgh5BD/aH9sTaF46W+hsS3+kGKXS1uGvI4NyO0Vq0ykxxFQD+gT9iWDxna/sf/ALMlv8RPtn/CdQ/A34aR+K/7RMpvv7cXwppgv/tZnJmM/nbvM8w792c4zQB9Q0AFABQAUAFABQAUAFABQAUAFABQAUAFABQB/9b+/igAoAKACgAoAKACgDzH4meOvBngb/hAf+Ey06TUf+Eu+Imi+DfC/l6Za6l9h8Wanpeu32nX7/anT7CkVlpWpRHULfdcwmdYkUpNIVAPTqAILqWSC2uJ4bWa9lhgmlisrZrZLi7kjjZ0tbd7ye1tEmuGURRNdXNvbK7qZ54Yg8igH8h3xW/Zx/4KZz/8F7vD/wDwUz8If8E2/ip4q/Z88JfCiD4TJosn7RH7EuhfErWUXwrDpN34j07QdQ/aWbRY7b+14mNjY6n4i067uNLZLm7WxvN2noAe1/8ABUf9mn/gqJ/wWY8A+BP2QIf2U9H/AGDv2aJfiRoHj74wfF747fHH4O/Er4maxYeGo7y1s/D/AIM+Hf7PPjL4paRFII9W1HUANb8VRwatfwaZDNqHh23tLh9QAP6MfgH8G/DH7PHwT+FHwJ8FNcv4S+EXgHwv8PfDsl55f2qTSfCukWukWclx5KRxCWSK2V3EaKilsDIGaAPXKACgAoAKACgAoAKACgAoAKACgAoA8B8ZfHH/AIRL9o/4Ffs//wDCM/bx8afh38evHv8Awlf9sfZv+Ec/4Ujf/Bqy/sr+xP7MuP7W/wCEl/4W15v23+1tN/sj+wdn2XUv7T32AB79QBBdWtrfWtzZXttBeWV5BNa3dpdQx3FrdWtxG0VxbXMEqvFPBPE7xTQyo8ckbMjqyswoA/l2+E3/AATy/bn/AOCOH7WHxs+KP/BO/wCFvh79sD9hb9p/xbP45+IP7JP/AAsPwr8IPix8DfFZkJfXPhZrvxF1fT/AvjDT49OkGmQ6dqGtabrGr2Gn6VpV0bGTS49X1IA/VDTP2s/24fjfpyeHfg5/wTy+LP7PfiHUE+x6h8Uv20PGvwL0H4eeB5JAVn1fT/BHwP8AjF8XPiX8TbvTwHlsdATS/AWj61N5EF1430SCSW6iAP0Z8FaR4g0Hwj4b0XxZ4puPHHibS9G0+y1/xhdaZpmi3HiTVoLdEvtYk0jRre00rTTfXAknFlYW8VtbqwijUhQzAHT0AFABQAUAFABQAUAFABQAUAFABQB5D4b+Ky+IfjF8S/hMNDa0b4daH4K1ptdOoCZdW/4TG1vbkWw077FEbI6f9j2GU3119p8zIig24cA9eoA+Mv8AgoAvxc1f9kb4++APgf8AAzxj8e/iN8Vvg98T/hh4a8L+EvFfwk8Gx6dq/jrwTrPhjTda8Q638X/iN8OdGt9BsbrVkub86Veavq/kW8q2+lTO6bgD8Jf+CI3gD/gpv/wTX/Yc0D9lH4r/APBLv4p+KfGuh+PfiD4mtfFvhn9p39iVfAU9h4z8RX3iK2TU7mX9oafxZp89nLftZ3Caf4R1tTHCLmJ3ZzbqAfQ3iv8A4Jv/ALYf/BSf9qn4L/H3/gpwPg98LP2Zf2avEUnjT4L/ALCnwl8Wax8Wj4o8dgwtbeMfj/8AE2/8PeDvD2uTafcWlncWPhzwzoeoaO9tbw6fNNBDLro8QgH9DsMMNvDFb28UcEEEccMEMSLHFDDEoSOKKNcLHHGihERRtVQFGABQBJQAUAFABQAUAFABQAUAFABQAUAFABQAUAFAH//X/v4oAKACgAoAKACgDgfil8Uvh38Evh74u+K/xa8ZaB8Pvhx4D0W78Q+LvGPijUYNK0PQtJs1Blury8uCEDO7Jb2tvGJLm9vJreys4Z7u4ghcA/jn/ag/4PA/+CeUnjnSPDPw5/Zf+P8A+0d4Y+Hfjez8UaJ8Qzf6V8LNBn8R6Nbalp1nr/hjTLvUrzxLq1lHZatqKQ23izRvD8dz5/mTaaNlvOgB+0v/AATF/wCC+P7Bn/BUnUZfAXwl8ReJvhf8d7PT5dSvPgV8YrDTfD/jO/sbRU+36l4P1DSdV1rw14y020kY+eukax/bllb+VdatoWmxTRMwB+2NABQAUAFABQAUAFABQAUAFABQAUAFABQAUAfLn7X37Z/7Nv7CXwb1r47/ALUPxO0T4ZfD7SWNpb3Ooedd6z4k1qSGWaz8N+EvD1hHcav4k8QX4hf7Pp2l2szpGsl3dtbWEFxdwAH8l/jH/g85/YYPxW0nXND/AGG/jv4z0fwqniDRPDXxX1j/AIVbpXxA0zw74in0hvE6+F9In1HVrjTNO8SHQNAudW0tfGmlR6s2j6L/AGxGsunWn2cA/pZ/4J1/8FVP2N/+CoXw6vvHf7LnxBl1HVfDv2ePx18L/F9nF4c+KPgG4ut/2ZfEnhg3d4r2N2Y5Vsde0S+1jw9fvDNFaarLPb3EMQB+jVABQAUAFABQAUAFABQAUAFABQAUAFABQAUAfm1/wUb/AOCsH7GX/BLfwDpnjL9qPx9eWmu+J0um8B/CnwTp0fib4pePHs8i4bQfDhvLC1s9NhkHkzeIfEuqaB4bhucWkmrrdOkLAH83nhD/AIPRP2JX+JF1e+Jv2I/2gvB3hfXZ7HT9U+JekS/DLWvGNxplq7Q6dc69oKanoxu7TTIpXkFpb+LtWmtIGnTTre6mKwSgH9ZX7In7ZH7OX7dXwX8P/H39mD4laP8AEz4b+IN8Av7Bbiy1bQtWgVDe+HvFXh/UYrbWfDXiHTy6reaRq9na3cYaOVY3glimlAPp6gAoAKACgAoAKACgAoAKACgAoAKACgAoAKACgAoAKACgD//Q/s5/4b6/Y9/6Lz4K/wC/uo//ACDQAf8ADfX7Hv8A0XnwV/391H/5BoAP+G+v2Pf+i8+Cv+/uo/8AyDQAf8N9fse/9F58Ff8Af3Uf/kGgA/4b6/Y9/wCi8+Cv+/uo/wDyDQAf8N9fse/9F58Ff9/dR/8AkGgD+O3/AIOff2z/AA5+1z8ZP2Bv+Cdfwk+NdjpfwV+MXjzQ/Fnxw8W6Jd30OnJDq3jSLwZpTa0rxIl5F4L0m08Q+JLTTpLaeC7vdQtzMjyQ25iAP6Avgb4A/wCCSn7M3wW+C/wP+Avjj4TfDHwz8JPF3hjxlealpGipdeJviTrWgaFrujXVz4/8SXOmJrHiS91ttfu7y9v9UubuZCiW0EUVqFhQA/me/wCDkP4f/sc/AHxj+zf/AMFRv+Cdfiz4efDP9pHwH8btBsfH2jfCux/4RvS/F+pPb33iHw540u/D+mWel6ZHqEh0TWtB8cT28ar4s0rV7eHVopp5b64vQD+yD4I/8FMf2TviX8Hfhf8AEHV/jJ4T0PVfGfgPwt4k1PR7ua+N1puoavo9peXtnP5enrH5sFzLIjBFVQRgDA+UA9R/4b6/Y9/6Lz4K/wC/uo//ACDQAf8ADfX7Hv8A0XnwV/391H/5BoAP+G+v2Pf+i8+Cv+/uo/8AyDQAf8N9fse/9F58Ff8Af3Uf/kGgA/4b6/Y9/wCi8+Cv+/uo/wDyDQAf8N9fse/9F58Ff9/dR/8AkGgA/wCG+v2Pf+i8+Cv+/uo//INAB/w31+x7/wBF58Ff9/dR/wDkGgA/4b6/Y9/6Lz4K/wC/uo//ACDQAf8ADfX7Hv8A0XnwV/391H/5BoAP+G+v2Pf+i8+Cv+/uo/8AyDQAf8N9fse/9F58Ff8Af3Uf/kGgA/4b6/Y9/wCi8+Cv+/uo/wDyDQAf8N9fse/9F58Ff9/dR/8AkGgD+IL/AIKSfFX4Pf8ABWr/AIOCvhF+yz8Zvi/b2v7BX7NPhPS9dv4IdQ1Cw0TxfOnhvSfFnjS3hFssV1BqfirxTqemeEr7VIQl8fCej7bSa0uUt5YgD+rrSPFf/BIDwXrHwb8P+GfEfwA8Gab8MPht8Wfh78OfhLomk6TpPgnUfAvxBk+GP/CxY77wCNC+x+KFhfwJ4GS51C5t7g2TXTG/aeTVUZgD+RP9re+/Zp/4JJ/8F0/2Ov2ov+CfHjzRPDXwD/aa8Q6L4X+Ovwr8FS3Nl4I8OWfi/wAX23hDx5pdvo3kwrD4OMV/ovxD03R4E8jStd06S00iG20+2t7RgD+61P2/P2PHVXHx58F4dQwzJqIOGGRkfYeDg9P8KAHf8N9fse/9F58Ff9/dR/8AkGgA/wCG+v2Pf+i8+Cv+/uo//INAB/w31+x7/wBF58Ff9/dR/wDkGgA/4b6/Y9/6Lz4K/wC/uo//ACDQAf8ADfX7Hv8A0XnwV/391H/5BoAP+G+v2Pf+i8+Cv+/uo/8AyDQAf8N9fse/9F58Ff8Af3Uf/kGgA/4b6/Y9/wCi8+Cv+/uo/wDyDQAf8N9fse/9F58Ff9/dR/8AkGgA/wCG+v2Pf+i8+Cv+/uo//INAB/w31+x7/wBF58Ff9/dR/wDkGgA/4b6/Y9/6Lz4K/wC/uo//ACDQAf8ADfX7Hv8A0XnwV/391H/5BoAP+G+v2Pf+i8+Cv+/uo/8AyDQB/Cb+w5f/ALMf/BWP/gt9+2l+2J/wUG8YeHPEvwX/AGfPEEFh8B/hT48lu7/wVrNnH4h1vQvh5pl7oMsV9Zan4d8IaB4ak1TWNEubW10vxFr+tw6pqUF04vbecA/qh+O/7Zf/AAQl8Jy+Lvhp+0H8Wv2Y10j4neCdA0TXPhb4y0Ial4QfwjoVvf6RoS6V4Tj8OXGleG2tYprpbK70uDT7+2kSG8spYZobe4QA/kq/4Jf/ALcH7Gn/AASi/wCC2P7Qvws+C/7UXhzV/wDgmH8ddAutR0jxhdavr2o+DvCmtPpVj4s8Hxzyz2KXp1jwhJd678Pb/UW0qOfWALBp55reztHoA/sn/wCH+X/BH3/o/L4L/wDgR4j/APlFQAf8P8v+CPv/AEfl8F//AAI8R/8AyioAP+H+X/BH3/o/L4L/APgR4j/+UVAB/wAP8v8Agj7/ANH5fBf/AMCPEf8A8oqAD/h/l/wR9/6Py+C//gR4j/8AlFQAf8P8v+CPv/R+XwX/APAjxH/8oqAD/h/l/wAEff8Ao/L4L/8AgR4j/wDlFQB+gn7OP7UHwD/a5+HFv8XP2cPid4e+LXw4utU1LRbfxb4Ye7fTJdU0i4a11KzU3traTebaXCNFLmLbuXgkYLAHvVABQAUAFABQAUAFABQAUAFABQB//9H+/igAoAKACgAoAKAP5LP+Dov9gr4+/E7wt+zb/wAFHP2SdGv/ABF8c/2E/E0HibXfD2kWVzqutX3gLRvENl430bxDpmj2Qju9Vs/BPiWxv7vxPpdvNJPe6Brk9wIUstN1GegDmfhH/wAHPH/BOr9qj4NfAjV/jl8Ypv2SPjd8MfiV4R8a/GL4e+P/AAh8UNX07UoPDfh3xRpHiAeA/Evw68GeLtN8SWup6pqlreaXo+rNoesfZ0ZdQ0y2uYoklAPy2/4KRftx+K/+DmX9qf4Cf8E6f+Cengvxvd/ss/D7x3Z/EP4x/HPxDoN/4et7m1Rv7K1Hx5eaZqUDN4Z8OeFtAn1i18E2viOGw17xR4k1iS0m0y0heNIAD/QM+GvgTRfhd8PfBHw48NwJbaD4F8K6F4T0iBNwSOw0LTbbTrYKGLMAY7cHBJIzigDtqACgAoAKACgAoAKACgAoAKACgAoAKACgD+Gv/gu18Jv2g/8AgmB/wVR+CP8AwXQ+AHgHV/iT8JdQtPD3g39pfQNHhcW+lPY6JB4GvdP16aGK8Oj6P418KW+lXmh+I5beOyt/HekiPVPllt01AA+7bb/g4z/4IvfFjxv8Bv2x9e/a18R/C/xD8FPhT8dvBuo/s+eKPgT8UtS+IOo6l8brn4O6hJbJqvhnRdX8NyXfh2b4Sx2lvJod94g0PVf+Eh8+81zQk0qYXAB+Snwc8Z/FT/g5S/4LUfBr9qDwx8MPGfw9/wCCfP7CGpaDrPh7XPGGnxwtrOqeEdcbxd4esry4tZJNJm8eeNPGf2HXb/QdOvdVTw14P0u2sdUvZJpbC41AA/0EQAAAAAAMADgADoAOwAoAWgAoAKACgAoAKACgAoAKACgAoAKACgAoA/z6vif4u+Lv/Bs5/wAFkvjV+0R4n+F3inx3/wAE6/289cutQ1HxD4Rg+0y6CLvWtQ8SW+nWcrfZdMbxn8LNX13XLYeGNXvLOfxD4W1T+2LGcyvapOAfsP4g/wCDlH/gjH8LJ/in+1B4Y/aj8R/FXxT8R/Bvg+y0n4D+F/gx8TtM8djU/B2m38dtpU2o+J/DukeG9Nn1Ce7EV1ea5qmlaXZFGe2vtSUorgHwL/wQX+Cn7Sf/AAUn/wCCmXx1/wCC7P7S3gC8+G3w612w1jwd+zj4e1D7Ug1YTWdh4Y0+fw7LfW0Fzq3hrwB4J0mLww3iOO3t7DXdZ1HUUtCZNNuo0AP7iKACgAoAKACgAoAKACgAoAKACgAoAKACgAoAKACgAoAKAP/S/v4oAKACgAoAKACgAoA/Dr9uD/giV/wTs/aE8b/DP4j337DPwn1vxrrnxq8OP8Vdd8F6PqngKXWPBM+jeJ5vEOpeKbT4f6t4X0/UXudYj0OTUtcubWXWbi4dTNfuLm480A/UT9nX9lL9mz9kfwUPh5+zN8EPht8EfB5kWe60j4e+F9N0E6rdKNovte1G3h/tXxDqO07TqWuX2o3zL8rXGBhgD6BoAKACgAoAKACgAoAKACgAoAKACgAoAKACgDM1rRNG8SaTqWgeItI0zXtC1myuNO1fRNasLXVNJ1XTruNobqw1LTb6KezvrK5hdori1uYZYJo2aOSNlJWgD8Fvil/wb2f8E1vGf7XXwX+Kum/sM/A+z+FVn4M+Ocvxl8P6Rca/4W8Pax8QdU1L4RT/AAcvYvh7oPiHTfDklrpltY/FRbu30vR7XSR/aUSaxZXm/TTAAft78MPhR8Mfgn4J0P4a/B74e+C/hb8PfDNsLPw/4J+H/hrR/CXhfR7bJYx6foeh2dlp1t5jlpJmjg3zSs8srvIzuwB39ABQAUAFABQAUAFABQAUAFABQAUAFABQAUAeffFH4S/C743+CdZ+G3xj+Hfgr4p/D/xDD5Gt+DPiB4Z0fxb4a1JArKjXWj65aXti88G9ntbnyVubSXE1tLFMqOoB+M3w0/4N8P8Agl74F/aQ8ffFVv2G/gbd+EprLwZd/DvQtZl8U+LNA0jxDYx3cnii4m8AeJtf1XwettdXhspLe1udJu7FVj221pboHRwD9yNH0bSPD2ladoWgaVpuh6HpFnb6dpOjaPY22maVpen2kSw2tjp2nWUUNpZWdtCiRW9rbQxQQxKsccaooVQDSoAKACgAoAKACgAoAKACgAoAKACgAoAKACgAoAKACgAoA//T/v4oAKACgAoAKACgAoA8P+NvxQ1j4Y/8Kn/sjTbDUv8AhP8A4w+Gvh1qX277T/oOl61ofijVLi/tPs0kf+mwzaFbRRefvg8uaXfGzbCoB7hQAUAFABQAUAFABQAUAFABQAUAFABQAUAFABQAUAfMnj3xD8Y7L9q/9nDwz4Ytddk+B+v/AAr/AGltS+Ll3aeGob/w9beNvD+pfASP4Pxa34qbS7ifw7qFzaa38TzoelQ6vpsfiRLfV5ZrTVDoEL6eAfTdABQAUAFABQAUAFABQAUAFABQAUAFABQAUAFABQB4b4T1n4l3Xx2+Lei67a6lH8MdL8O/D6fwHdT6LFa6bcavfWeov4rSx1tbSOXVJYriO0F1byXlyLFiqLHDvwwB7lQAUAFABQAUAFABQAUAFABQAUAFABQAUAFABQAUAFABQAUAf//U/v4oAKACgAoAKACgAoA8w+JvxP0T4Y/8ID/bWm6jqP8Awn3xE0X4daV/ZyWj/YdX1rS9c1O2v737VcW+ywhg0O6ime28+5WSaER28iGQoAen0AFABQAUAFABQAUAFABQAUAFABQAUAFABQAUAFAHzh44+NmseFf2ov2evgLbaLp91onxk+GX7RfjrVtemmuV1LR734L6j8DbPSLGwhT/AEWW31lPitqb373H72JtKshbcS3FAH0fQAUAFABQAUAFABQAUAFABQAUAFABQAUAFABQAUAeLeF/ine+IPjb8VPhRLpFvbWPw98P+A9ZtNYS5le51OTxfaX9xcQTWzRLFAtk1mqRvHM7ShyXVMDcAe00AFABQAUAFABQAUAFABQAUAFABQAUAFABQAUAFABQAUAFAH//1f7+KACgAoAKACgAoAKAPMfiZL8MYv8AhAv+FmDTjv8AiHosfgL+0UvHx8Q20zXDopsfsYbZf/2YuueS90Psoj84SZcxbQD06gAoAKACgAoAKACgAoAKACgAoAKACgAoAKACgAoA8P8AFnxQ8AeH/j98GPhJrPhy7vviP8SvAfxs8V+BfE8ekaPc2fh/w78Mb34TW3j3TLrWrm8i1vSpvEU/xA8GyWlnpNld2WrDQ7l9Xms303TFugD3CgAoAKACgAoAKACgAoAKACgAoAKACgAoAKACgAoA8w0H4g+E9Z+KXj/4d6dpt1B4u8F6P4T1TxHqclhZQ2l/ZeJbe7n0aK3v4rh728e1itplmjuraGO3LBYHkDOVAPT6ACgAoAKACgAoAKACgAoAKACgAoAKACgAoAKACgAoAKACgD//1v7+KACgAoAKACgAoAKAPMfiZ8NfDnxI/wCEB/4SLUdQ07/hBfiJovxA0P8As+5s7f7dr2j6Zrmm2dhe/bLW68+xmttavZJoLXyLt5IYWjuY0WRJQD06gAoAKACgAoAKACgAoAKACgAoAKACgAoAKACgAoA8R8V2PwUm+PnwZ1DxU2nj482XgT41QfBxJtS1mDUm8C3t78KD8aDYaXa3Ueh6hbLeWnwq/tC51ezur7TmayXR5rVL7VFuAD26gAoAKACgAoAKACgAoAKACgAoAKACgAoAKACgAoA8x0Gy+GMXxR8fX2gvpp+KN1o/hOPx+kGoXk2pLo8FveDwmb7TpbqSysojbtd/ZZbW0t5LldzTyTFVKgHp1ABQAUAFABQAUAFABQAUAFABQAUAFABQAUAFABQAUAFABQB//9f+/igAoAKACgAoAKACgDxL41fCzUfij/wqn+z9TstM/wCFffF/w38SL77bHPJ9vsND0TxPpc2nWnkI+y8mk16GWN5tsISCUO4ZkoA9toAKACgAoAKACgCOaaK3iknnljhhiVnllldY440UZZ3dyFVVAyzMQAOSRgGgCppuqaZrFpFf6RqFlqljMN0N5p91Be2so9Y57d5InH+65/HFAF5mVQWYhVAyzMQAAOpJOAAPXP5UAZela7omuxzTaJq+mavFbXEtpcSaZf2t/HBdQP5c1tM9rLKsc8TgpJE5DowKsARQBdlu7WBts1zbwtjO2WaKNseuHZTj3x+WTuAEs7y01C1t76wure9srqJJ7W7tJo7i2uYZBmOaCeFmilideUkjZlYcg8/MAWaACgAoAKACgDw7xb8E9L8VftAfBb49XGvXdnq/wb8BfG7wLpnh2K1gkstctPjTe/CW91PULu7eVbi2m0JvhTp8dpFBDLHcjWLkztEYId4B7jQAUAFABQAUAFAGdqer6Vo1uLrWNTsNKtWligW41G8t7KBppnEcMIluZI0MssjLHGgbc7sFVWJAoAvo6SKrxsro4DI6MGVlPIZWXIYEcgg4PvQAkkkcSl5ZEiQdXkZUUZ6ZZiAMn3/OgCrDqenXN1LZW9/ZXF5BBFdTWkN1BLcxW08ksUFxLBG7SRwzS288cUrKEkeGVFJaNgoBdoAKACgAoAKACgAoA8t0D4XaVoHxV+IPxUt9TvZ9W+IOjeEdG1HS5VtxY2EPhG2vLezmtWRRcNJdreO04mYoCq+WBzQB6lQAUAFABQAUAFAGbf61o+lyWcOp6rp2nTahP9msYr69trWS9uCpfyLVJ5EaebYrN5cQd9qscABjQBpA55HIPII70AV5bu1gbZNc28LYztlmiRseuHcHHvj8+aAHxTwTKzwzRTKpwzRSI6qcZwxRmAODnntzzxtAKj6tpUcttBJqdgk97cfZbOFry2WW6ufKln+z28Zk3zz+RbzzeVGGfyoZZMbInNAGhQAUAFABQAUAFABQAUAFAH//0P7+KACgAoAKACgAoAKACgAoAjmaRIpXij86VY3aOLeI/NkVSUj3t8qb2wu9uFzk8CgD8erL/gr74Yn+KH7QHwD1D9mb40aF+0P8CPiR8M/hvafA3V9d+E1v48+MUvxWku5/C/i/4RRJ49m0fXvA76Bp2q+Lr3xDquraHDY+F9E13U7yKAaZLCwB+u+j3V/faVp15qmly6JqV1Z2899o811aX02mXUsSvPYy3lhJNZXUlrIWiee0llt5GUtDI6EPQB+YHjv/AILWf8E1Phr4z8UfD7xp+0PeaR4t8Ga7qXhvxJpa/Bv48aiun6zpF1JZ6haC/wBK+GV7pt4ILmKSMXFjd3NrLt3wzyoVdgD6D/ZX/wCCgv7JP7aup+MNH/Zq+KU/xD1HwFZaRqPiuCbwF8SfBo0yz16bULfSpVm8d+EPDEF8bqXS75THp0l3JB5G65SJZYWcA/Pf/gqd491D4h/tp/8ABLD9gifUZh8Kv2i/i58UPiV+0F4YheaKHxx4G+B3gVvEfgzwZryxSxx6r4O13xvIJvFHhy+WfStbg0izttStbm1DwOAYvi3xFZ/sc/8ABbf9m74T/CjS9M8EfBb9uf8AZu8e2/jv4YeGbO30HwZJ8afg3qb32gfEzTfD+nwxaRp3iO88CH/hGPEEum2NlLrlppmj3Op3NzcaejMAfrn+0V8CbL9o3wXpvwv8T+IdZ0r4a6p4jtLz4qeHdB1LVtDvfiT4LtLHUhL8PLzX9B1HSdb0jw9resT6Te+I/wCzL+CXWtK0qfwzfCfRdc1a2nAPwj+E/wCxJ8Kf2M/+C4/w08L/ALA3ha8+Cvwo8Zfse+MfH37YPwo8H32u3PweuLn/AITWPw58IdeudDvtR1DS/Dnj/W7rT9cXS1tlsjPo2havd2tuH1DUZroA+Av299D+FeiftjfFH45f8Fsf+CQXjz4h/szeKvida+DPhR+2/wCEPj3q/j/wZ8Gvg9bSWnhrwBpfj/4S/CTxZokvw30CeSI+IfFGs61qt5qd74k13V7iz0y5jeG1QA/sg+Gtj4E0z4e+CdP+F9to9n8OLPwtodv4GtfDwQaHb+FI9Ot10KLSRGWT7AmnfZxb4Zj5e0sSxY0AdtQAUAFABQAUAfM3jz4L+KPFP7Vv7OPx10/U9Et/CPwf+Fn7SvgfxLpN3c6imv6lq3xk1L4C3nhi60a1g06fTLiw0yL4WeIF1uXUNT0+5tnv9JGn22orPetYAH0zQBla7ealp2janf6Po83iHVLOyuLiw0O3vLLT59Xuoo2eHT4L7UprbT7Wa6ZRFFPfXEFpG7K1xNFEGdQD8jvgR/wV88L/ALQ15H4N8Dfs0fGaz+N1l+0N41/Z68a/s/eJNd+FGk/FX4a6h8O9Nt9T8Y/ETx1pp8d3Oj6T8NtEgv8AR0m1yDWr67up/Efhq107Tb281m3t1AP14vNQt9N0y71XUWNpa6fYz6hfttec21va273N0223SSSYwxxyHbCjvJtxGjMyrQB+TF1/wXa/4JaWV1c2dz+0rex3NpcTW1xH/wAKQ/aEfy54JGilTenwpZH2yIy7kZkbGVJBBoA+1/2XP2yf2c/2z/CviLxt+zf4/l+IPhrwp4g/4RbXtRm8IeOPBxstd/s2y1b7ELLx14b8NX90P7P1Gzn+1WdrcWeZfK+0edHLGgB+VHwk1LRv20v+C0H7dfhf4v6Zo/xH+En7DPwh+Bfwy+Dnw+8WaVaeIPBWleN/i9omseJfi/4wuvC+sR3uhXXi+4lt7Hwva+IZtPfU7bw3bNpdvcRWdzdQzgHSf8Ej/ibrvhr9ob/gpf8AsK3Oo3l/4A/ZJ/aT+1fArT768ubtvAvwZ+K2mf8ACT+Gvhtp73b3FyfD3g6/XVbDw2kl0yWGifYdKtoILWwhRgCf/gt34J/aV+KPw3+EPgX4b/sGah+39+zda+KdY8a/tQfBbQ/j7o/wM8Q+LdL0LTfs3gbQtMl+1Dxb4utLLVL/AFLxRe+F/DVobvVtY0fwtHHdKsFzEwBZ/wCCGl5/wTb1r4DfEnWv2AP2bNT/AGTdeg+Ic3hf9pf4FeOV8Vp8WPh38WfDmn2tpceGfGyeMvEnijVEis7JoZdINjfw6VPBPJdCxs9Rmv4EAP3BoAKACgAoAKACgAoA8O8KfDPxDoXx1+LXxOvNT06fw7498O/D/SNF0yC4vX1GwuvClnqFvqU19by2kdjDFdvdxNavaXlxJIqMbiOFlUMAe40AfMf7YH7Rep/sn/ALx/8AtAWnwX+I3x10j4ZaLeeKPFngr4USeF38cx+FtLhNzrWuaVpvizX/AA1YatDolkk2palaW+pi/TTra5ure2uBA6UAeM/st/t/eF/2vvEPhuD4N/DXxN4h+HmrfCTwD8U/EHxfsfE/gK/8D+C734i6Q2u6F8Mdb+xeIptdufiRDor2Gt6ro2j6RqFlpWi6xo9/f6pB/aVpDKAfT/x6+P3wn/Zk+GOu/GL42eKH8HfDrw3JYRa1r8eg+I/Ej2kmp3kVjZKNI8KaRrmuXHnXU0cWbXTZ1j3b5jHGC6gH5y/8P4/+CV3/AEcxe/8Ahjv2h/8A51FAH6ffCv4oeB/jV8OvBnxY+Gust4h8BfEDw/pvinwlrj6Zq2jNqmhavbJd6fetpWu2OmaxYGe3kST7LqWn2d5Fu2T28bgrQB+Ef/BPPw/4C/4KK/HP/gqn8bf2j/C3h/4xaJpX7U3jn9jz4Q6P4z0q31vR/A/wC+GPh7R7CKw8GWepLdR+EtV8U65qeq+IfE2r+HV07VNS1oWeoXF49zp1jJbgHuH/AAQm+P8A8QvjF+yN42+HvxS8Tap428afsr/tC/F/9mu48Y67dzX2u+IfD/w+8TXEfgy41q5uDJc3OqWnhK60fTry9urm6utQmtGvriYzTutAHp/7TH/BIb/gnL+0f8SviP8AtP8A7Zvwc0344eMbnR4p7vxP8QvF3jrT9B+Hnw98F6IEtdA8NaD4Z8VaHoek6NptjZXesatfyWdxquq6rd6nqN5eeXNBaWoB+c/7EH7NPxE+Cn/BHn9oTxX/AME9/wBnPTLH4pftoeN/iT8XPhT8GtP8eab8N7fQPhj8TPECeHPBVnp3j7x7qk39hatonwJtNPTRtW1W/v7q18Umy1CSGdEnVgDy7/gjd4W/4Jv+C/2w9Z+Fuuf8Eu/E3/BNn/gpt4E+H+qa7H4Y+Jnj/wAafFWz+IPgLU7iysfFHjb4Q/EbV/Elz4R8ZQTagsKatqmkeGdNuYUu5YtIvryxl1DYAf1i0AFABQAUAFABQAUAFABQB//R/v4oAKACgAoAKACgAoAKACgCG5uEtLa4upFneO2hluJEtra4vLl0hRpHW3tLSKa6up2VSIra2hluJ3KxQxPIyIwB/Ll+214R/aY8Y/Frwz/wWX/Z0+B/xl/4Wj+yR8SY/gZ4R/ZcuP2cviFp/wAZ/wBpb9lefxDNofxR1W+8J6j4Dg+JEfiLXtZ1C78Z/CZ2gs/Dul+C9K0q91k2+q3mp6ZcAH9KHwo+Itn8Wfh34T+Ilj4a8deDYPFWj2mq/wDCLfEvwN4s+G/jnQZp4lafS/Efgzxvo+g+JdF1Czm3wSwahpduZCnnQ74XR2APzy8dfCb/AILE3/jLxRe/Dv8AbI/Yh8O+BLvXNSuPCGg+J/2Ovil4i8RaP4elupH0rTta16x/ad0Oz1jU7S0MUN5qNto+mwXcyPNHZW6sI1APoT9ljwT+3f4T1PxhL+2J8ev2ePjHpN7ZaOnge0+CHwH8ZfB280O/hmv21y48QXfin4wfE6LXLa+gk0yPT7ezttJexktruSaa6W5jSAA+PP8Agpb+z98RLv8AaV/4J0ft1fDTwX4g+Iifsb/F/wAeWXxf8FeCtHvPEXjfUvg58bfBZ8F6r4p8PeG9MSbWvE7fDrWorDX7/wAPeHbTU/EN7pV5qFxpmk37WUqIAcc/w98S/tX/APBWP4ZftfaL4H8cWP7OX7Gv7MXjTwd4c8U+LvAfijwZqXxP+OXxR1s6jqlp8N9E8Yafoesa3onhDwZZW+manr66ZBpt34k1iXRtNvrt9Ov2iAPo3xh/wUT8QaX+xJJ+1l4c/Yn/AG2b/wAb6xrGseFPCX7MM/7O3jfWvj6+u2Ov6n4ftNc8T+AvAlv4svPD/gOeLTZPFKeJr25gt7zw3LYi0Y6xq2nabOAfIH7FX7bx1D4jW/grw9/wTq/4Kdaf8bv2gfGA8SfGz9ov9pT9kHxV8CPhn9r0/SXlurzX/HXijU76Dw34U8N6FpkPg/4V+BNPiv1gP9haLutoptS1yAA9c+Mv7T+lft/fsiftM/s7fD79mD9qnw98X/id4P8AH/wGi+Gf7RP7NXxJ+GGneGNc8U6ddeHbHx/4m8fa5ok/wlh8JeGor2Px/p+p6f4+v7zVotIg0/QLS98SzWuksAfpt+z58Lf+FIfAz4RfB7+0pNZPwy+HXhHwQ2qzbzJqD+HNEs9Lku2Msk0h897dnHmSu+CNzMeVAPYKACgAoAKACgD5e8fn4wf8Nbfs1Dwz/wAJF/wpI/Cj9pz/AIWybKNT4Z/4TQan+z9/wqL+35CpaPUjaf8ACzf+EfVXUSRjW9wbYu0A+oaAMDxT4jsvCHhzW/FGo2ev6jY6Dpt1ql1Y+FvDWv8AjHxHdw2kTSvb6J4V8K6brHiPX9SlA2Wul6Lpd9qF1KVjt7aRzigD+XbxroX7T/7Pn7W/wd/4LKfD39nz45eKLb9rvxDB8Ef2s/2PvAf7N/xB1r4w/D/4Bxwi3+D/AMU9b8KeHPAlz45g+JXw/tdKS++K6eIUkguZdZuNB8KwanHHpz2QB/UPZarL4l8LQazoC3ulXGt6IL7R18T+H9Y0a/064vrPzbH+3fDGswaPrunz2sskR1DR9Qg07UYWSW1mW2mBKAH5WXXwd/4LZtc3LWf7bv7BMNo08zWsU/7EvxbmnitjIxgjmmX9q6JZZUiKrJIsUau4LCNAQqgH2v8Asu+Ff2uPCnhXxDaftffF34L/ABg8ZXPiH7T4Y1n4KfCPxN8IND0vwz/ZtjF/ZmraN4o+JXxMutT1b+1Y9Quv7Tt9T0+3+x3Fta/YDJbvcSgH5w+Hfhp4l/Yr/wCCr37Wv7SfiXwf401f9nD9uL4PfBq/i8eeBfBHirx9ZfDf4xfA7TtT8Ma74V8aaT4I0nX/ABBo3/Ce6PqGn+IPDmu3ujroWp6gl5oMGqHWhBpzgHmP7KVv8Sv2RvD3/BRz/gpT8TP2av2g/G2uftWftNweMvhx+zx8LPhrc+If2kH+B2m3mi/Dz4bz6v8ADi/1HS73Ttfu7J7zxxrPh+/u7O/8P6NeGDUbW21GC6tkAP0z+Kf7cXg34N/GD4b/AAl8cfBD9q57b4n+CovFmi/FTwP+zp8Rvir8KtI1aSa6jPw58Wa58LtK8Ya34Z+IKQ2j3jaTqvh2309raW28vVnnuYIHAPJP2Jv2ete8MftHftzftcax4Sv/AIb6X+1r8RfAGo+CfAOr6fJoviFPCfw0+HeheCo/Hni3w/KyXPh3xL8RtZsNW8VT6Fq9nZeJdN0++0+38TWlhra3um2gB+mNABQAUAFABQAUAFAHhvhP/hZ3/C9/i3/b39o/8Ku/4Rz4ff8ACA+etmNN/tj7HqH/AAln2FolF60v2j7J9q+1M0Ybb5AUbtwB7lQB80ftYfGbxB8FfhHqmseC/hb46+MHj7xReWHgfwL4O8G/Dbx18RdNbxJ4rvLfRLLW/iIngjQNdk8NfDXw39vbxB4417V/sVrH4c03UraxludWmsrKcA/FL/gnd8N/jT/wSv8A2wviB+wlffDr42fF/wDY9+PtnaftAfCP49+B/wBnnx5feAPgp8Y/GM0n/C0vg/8AEDxN4D8Ct4J8LeH9W1yK58TeD7q6ubey8P6fcfZPEGpWdxe2tjagH7w/HrRfjp4g+GWuaX+zh47+H3w2+LVxLYHw94u+KPgXWPiR4M06KO7ifUk1PwloPi7wNqeovc2QlgtXg8SWItp3SeRZ0QxOAfnP/wAKb/4Lef8AR8P7An/iEHxc/wDosqAP09+Fmn/EnSfh14M034w+JfC3jH4o2Xh/Tbbx34p8EeGr/wAHeEde8TRWyLqup+HvC2qa74n1HQtKu7oSS2emXniHWLi0hZYpb+5Zd9AH4tfsk+Hdf/4JpfHb/gpF4U+JXw2+KuvfCr48/tE+JP2wP2efFvwv+F3jf4maf4wtviT4e0xPEXwZsE8CaLrzaR8RPDPinRbqwsdA8Sroc2u2Go2WsaVLe6Wl7fW4BT/4J7eG/ih/wTW/Y/8Ahe3xl/Z3+NvxF+M/7Y/7XPiTxZ8S/CPwJ8Ex+Pb34J3/AMfvF2ta5pmvfFd49XtYtE8H/Dnw6uk6b498SQ3GoxaXcwTtbw3UMaCgD7X/AOCqDfE/Xv2P/Ffwa+D3h/xdrXjj9pnxZ4G/ZuGo+EdG1PV5fBPg34r69Bo/xR8da6+mW1w+j+H/AA/8L4fGLXGs3ht7O11G50y3ecT3dvFOAeo/GX4y+D/2CPgF8ObqP4L/AB0+JvgHwrdeC/hc+ifs2/CnWPi54h8D6BHpUtonjTWvBXhuSTxN/wAINocWlhdZv9B0vW9QtJLuyji0qdp1FAHzHq3w1P7Xn7en7JX7Vvg/wV408IfDP9lr4ZfGWC78ffEL4e+MvhX4l+I3ib4yReEbHQvA2jeFPiDo/hXxreeGvB2maFq/iLVNdvdBXw1LqniWzsdDvNR1C11pdNAP1joAKACgAoAKACgAoAKACgD/0v7+KACgAoAKACgAoAKACgAoAKACgAoAKACgAoAKACgAoAKACgAoAKACgAoAKACgAoAKACgAoAKACgAoAKACgAoAKACgAoAKACgAoAKACgAoAKACgAoAKACgAoAKACgAoAKACgAoAKACgAoAKACgAoAKAP/T/v4oAKACgAoAKACgAoAKACgAoAKACgAoAKACgAoAKACgAoAKACgAoAKACgAoAKACgAoAKACgAoAKACgAoAKACgAoAKACgAoAKACgAoAKACgAoAKACgAoAKACgAoAKACgAoAKACgAoAKACgAoAKACgAoA/9k=</file>
<file name="explicitni2_moodle.jpg" path="/" encoding="base64">/9j/4AAQSkZJRgABAQAASABIAAD/4QBMRXhpZgAATU0AKgAAAAgAAgESAAMAAAABAAEAAIdpAAQAAAABAAAAJgAAAAAAAqACAAQAAAABAAABuaADAAQAAAABAAAAzwAAAAD/4QkhaHR0cDovL25zLmFkb2JlLmNvbS94YXAvMS4wLwA8P3hwYWNrZXQgYmVnaW49Iu+7vyIgaWQ9Ilc1TTBNcENlaGlIenJlU3pOVGN6a2M5ZCI/PiA8eDp4bXBtZXRhIHhtbG5zOng9ImFkb2JlOm5zOm1ldGEvIiB4OnhtcHRrPSJYTVAgQ29yZSA1LjQuMCI+IDxyZGY6UkRGIHhtbG5zOnJkZj0iaHR0cDovL3d3dy53My5vcmcvMTk5OS8wMi8yMi1yZGYtc3ludGF4LW5zIyI+IDxyZGY6RGVzY3JpcHRpb24gcmRmOmFib3V0PSIiLz4gPC9yZGY6UkRGPiA8L3g6eG1wbWV0YT4gICAgICAgICAgICAgICAgICAgICAgICAgICAgICAgICAgICAgICAgICAgICAgICAgICAgICAgICAgICAgICAgICAgICAgICAgICAgICAgICAgICAgICAgICAgICAgICAgICAgICAgICAgICAgICAgICAgICAgICAgICAgICAgICAgICAgICAgICAgICAgICAgICAgICAgICAgICAgICAgICAgICAgICAgICAgICAgICAgICAgICAgICAgICAgICAgICAgICAgICAgICAgICAgICAgICAgICAgICAgICAgICAgICAgICAgICAgICAgICAgICAgICAgICAgICAgICAgICAgICAgICAgICAgICAgICAgICAgICAgICAgICAgICAgICAgICAgICAgICAgICAgICAgICAgICAgICAgICAgICAgICAgICAgICAgICAgICAgICAgICAgICAgICAgICAgICAgICAgICAgICAgICAgICAgICAgICAgICAgICAgICAgICAgICAgICAgICAgICAgICAgICAgICAgICAgICAgICAgICAgICAgICAgICAgICAgICAgICAgICAgICAgICAgICAgICAgICAgICAgICAgICAgICAgICAgICAgICAgICAgICAgICAgICAgICAgICAgICAgICAgICAgICAgICAgICAgICAgICAgICAgICAgICAgICAgICAgICAgICAgICAgICAgICAgICAgICAgICAgICAgICAgICAgICAgICAgICAgICAgICAgICAgICAgICAgICAgICAgICAgICAgICAgICAgICAgICAgICAgICAgICAgICAgICAgICAgICAgICAgICAgICAgICAgICAgICAgICAgICAgICAgICAgICAgICAgICAgICAgICAgICAgICAgICAgICAgICAgICAgICAgICAgICAgICAgICAgICAgICAgICAgICAgICAgICAgICAgICAgICAgICAgICAgICAgICAgICAgICAgICAgICAgICAgICAgICAgICAgICAgICAgICAgICAgICAgICAgICAgICAgICAgICAgICAgICAgICAgICAgICAgICAgICAgICAgICAgICAgICAgICAgICAgICAgICAgICAgICAgICAgICAgICAgICAgICAgICAgICAgICAgICAgICAgICAgICAgICAgICAgICAgICAgICAgICAgICAgICAgICAgICAgICAgICAgICAgICAgICAgICAgICAgICAgICAgICAgICAgICAgICAgICAgICAgICAgICAgICAgICAgICAgICAgICAgICAgICAgICAgICAgICAgICAgICAgICAgICAgICAgICAgICAgICAgICAgICAgICAgICAgICAgICAgICAgICAgICAgICAgICAgICAgICAgICAgICAgICAgICAgICAgICAgICAgICAgICAgICAgICAgICAgICAgICAgICAgICAgICAgICAgICAgICAgICAgICAgICAgICAgICAgICAgICAgICAgICAgICAgICAgICAgICAgICAgICAgICAgICAgICAgICAgICAgICAgICAgICAgICAgICAgICAgICAgICAgICAgICAgICAgICAgICAgICAgICAgICAgICAgICAgICAgICAgICAgICAgICAgICAgICAgICAgICAgICAgICAgICAgICAgICAgICAgICAgICAgICAgICAgICAgICAgICAgICAgICAgICAgICAgICAgICAgICAgICAgICAgICAgICAgICAgICAgICAgICAgICAgICAgICAgICAgICAgICAgICAgICAgICAgICAgICAgICAgICAgICAgICAgICAgICAgICAgICAgICAgICAgICAgICAgICAgICAgICAgICAgICAgICAgICAgICAgICAgICAgICAgICAgICAgICAgICAgICAgICAgICAgICAgICAgICAgICAgICAgICAgICAgICAgICAgICAgICAgICAgICAgICAgICAgICAgICAgICAgICAgICAgICAgICAgICAgICAgICAgICAgICAgICAgICAgICAgICAgICAgICAgICAgICAgICAgICAgICAgICAgICAgICAgICAgICAgICAgICAgICAgICAgICAgICAgICAgICAgICAgICAgICAgICAgICAgICAgICAgICAgICAgICAgICAgICAgICAgICAgICAgICAgICAgICAgICAgICAgICAgICAgICAgICAgICAgICAgICAgICAgICAgICAgICAgICAgICAgICAgICAgICAgICAgICAgICAgICAgICAgICAgICAgICAgICAgICAgICAgICAgICAgICAgICAgICAgICAgICAgICAgICAgICAgICAgICAgICAgICAgICAgICAgICAgICAgICAgICAgICAgICAgICAgICAgICAgICAgICAgICAgICAgICAgICAgICAgICAgICAgICAgICAgICAgICAgICAgICAgICAgICAgICAgICAgICAgICAgICAgICAgICAgICAgICAgICAgICAgICAgICAgICAgICAgICAgICAgICAgICAgICAgICAgICAgICAgICAgICAgICAgICAgICAgICAgICAgICAgICAgICAgICAgICAgICAgICAgICAgICAgICAgICAgICAgICAgICAgICAgICAgICAgICAgICAgICAgICA8P3hwYWNrZXQgZW5kPSJ3Ij8+AP/tADhQaG90b3Nob3AgMy4wADhCSU0EBAAAAAAAADhCSU0EJQAAAAAAENQdjNmPALIE6YAJmOz4Qn7/4htESUNDX1BST0ZJTEUAAQEAABs0YXBwbAIQAABtbnRyUkdCIFhZWiAH5AABAAEACAAyADRhY3NwQVBQTAAAAABBUFBMAAAAAAAAAAAAAAAAAAAAAAAA9tYAAQAAAADTLWFwcGwAAAAAAAAAAAAAAAAAAAAAAAAAAAAAAAAAAAAAAAAAAAAAAAAAAAAAAAAAAAAAABFkZXNjAAABUAAAAGJkc2NtAAABtAAABDZjcHJ0AAAF7AAAACN3dHB0AAAGEAAAABRyWFlaAAAGJAAAABRnWFlaAAAGOAAAABRiWFlaAAAGTAAAABRyVFJDAAAGYAAACAxhYXJnAAAObAAAACB2Y2d0AAAOjAAABhJuZGluAAAUoAAABj5jaGFkAAAa4AAAACxtbW9kAAAbDAAAAChiVFJDAAAGYAAACAxnVFJDAAAGYAAACAxhYWJnAAAObAAAACBhYWdnAAAObAAAACBkZXNjAAAAAAAAAAhEaXNwbGF5AAAAAAAAAAAAAAAAAAAAAAAAAAAAAAAAAAAAAAAAAAAAAAAAAAAAAAAAAAAAAAAAAAAAAAAAAAAAAAAAAAAAAAAAAAAAAAAAAAAAAAAAAAAAbWx1YwAAAAAAAAAjAAAADGhySFIAAAAUAAABtGtvS1IAAAAMAAAByG5iTk8AAAASAAAB1GlkAAAAAAASAAAB5mh1SFUAAAAUAAAB+GNzQ1oAAAAWAAACDGRhREsAAAAcAAACIm5sTkwAAAAWAAACPmZpRkkAAAAQAAACVGl0SVQAAAAUAAACZHJvUk8AAAASAAACeGVzRVMAAAASAAACeGFyAAAAAAAUAAACinVrVUEAAAAcAAACnmhlSUwAAAAWAAACunpoVFcAAAAMAAAC0HZpVk4AAAAOAAAC3HNrU0sAAAAWAAAC6npoQ04AAAAMAAAC0HJ1UlUAAAAkAAADAGZyRlIAAAAWAAADJG1zAAAAAAASAAADOmhpSU4AAAASAAADTHRoVEgAAAAMAAADXmNhRVMAAAAYAAADamVzWEwAAAASAAACeGRlREUAAAAQAAADgmVuVVMAAAASAAADknB0QlIAAAAYAAADpHBsUEwAAAASAAADvGVsR1IAAAAiAAADznN2U0UAAAAQAAAD8HRyVFIAAAAUAAAEAHB0UFQAAAAWAAAEFGphSlAAAAAMAAAEKgBMAEMARAAgAHUAIABiAG8AagBpzuy37AAgAEwAQwBEAEYAYQByAGcAZQAtAEwAQwBEAEwAQwBEACAAVwBhAHIAbgBhAFMAegDtAG4AZQBzACAATABDAEQAQgBhAHIAZQB2AG4A/QAgAEwAQwBEAEwAQwBEAC0AZgBhAHIAdgBlAHMAawDmAHIAbQBLAGwAZQB1AHIAZQBuAC0ATABDAEQAVgDkAHIAaQAtAEwAQwBEAEwAQwBEACAAYwBvAGwAbwByAGkATABDAEQAIABjAG8AbABvAHIgDwBMAEMARAAgBkUGRAZIBkYGKQQaBD4EOwRMBD4EQAQ+BDIEOAQ5ACAATABDAEQgDwBMAEMARAAgBeYF0QXiBdUF4AXZX2mCcgAgAEwAQwBEAEwAQwBEACAATQDgAHUARgBhAHIAZQBiAG4A/QAgAEwAQwBEBCYEMgQ1BEIEPQQ+BDkAIAQWBBoALQQ0BDgEQQQ/BDsENQQ5AEwAQwBEACAAYwBvAHUAbABlAHUAcgBXAGEAcgBuAGEAIABMAEMARAkwCQIJFwlACSgAIABMAEMARABMAEMARAAgDioONQBMAEMARAAgAGUAbgAgAGMAbwBsAG8AcgBGAGEAcgBiAC0ATABDAEQAQwBvAGwAbwByACAATABDAEQATABDAEQAIABDAG8AbABvAHIAaQBkAG8ASwBvAGwAbwByACAATABDAEQDiAOzA8cDwQPJA7wDtwAgA78DuAPMA70DtwAgAEwAQwBEAEYA5AByAGcALQBMAEMARABSAGUAbgBrAGwAaQAgAEwAQwBEAEwAQwBEACAAYQAgAEMAbwByAGUAczCrMOkw/ABMAEMARAAAdGV4dAAAAABDb3B5cmlnaHQgQXBwbGUgSW5jLiwgMjAyMAAAWFlaIAAAAAAAAPNSAAEAAAABFs9YWVogAAAAAAAAYWwAADgyAAAKQlhZWiAAAAAAAABvHAAArpUAABaZWFlaIAAAAAAAACZOAAAZOQAAslJjdXJ2AAAAAAAABAAAAAAFAAoADwAUABkAHgAjACgALQAyADYAOwBAAEUASgBPAFQAWQBeAGMAaABtAHIAdwB8AIEAhgCLAJAAlQCaAJ8AowCoAK0AsgC3ALwAwQDGAMsA0ADVANsA4ADlAOsA8AD2APsBAQEHAQ0BEwEZAR8BJQErATIBOAE+AUUBTAFSAVkBYAFnAW4BdQF8AYMBiwGSAZoBoQGpAbEBuQHBAckB0QHZAeEB6QHyAfoCAwIMAhQCHQImAi8COAJBAksCVAJdAmcCcQJ6AoQCjgKYAqICrAK2AsECywLVAuAC6wL1AwADCwMWAyEDLQM4A0MDTwNaA2YDcgN+A4oDlgOiA64DugPHA9MD4APsA/kEBgQTBCAELQQ7BEgEVQRjBHEEfgSMBJoEqAS2BMQE0wThBPAE/gUNBRwFKwU6BUkFWAVnBXcFhgWWBaYFtQXFBdUF5QX2BgYGFgYnBjcGSAZZBmoGewaMBp0GrwbABtEG4wb1BwcHGQcrBz0HTwdhB3QHhgeZB6wHvwfSB+UH+AgLCB8IMghGCFoIbgiCCJYIqgi+CNII5wj7CRAJJQk6CU8JZAl5CY8JpAm6Cc8J5Qn7ChEKJwo9ClQKagqBCpgKrgrFCtwK8wsLCyILOQtRC2kLgAuYC7ALyAvhC/kMEgwqDEMMXAx1DI4MpwzADNkM8w0NDSYNQA1aDXQNjg2pDcMN3g34DhMOLg5JDmQOfw6bDrYO0g7uDwkPJQ9BD14Peg+WD7MPzw/sEAkQJhBDEGEQfhCbELkQ1xD1ERMRMRFPEW0RjBGqEckR6BIHEiYSRRJkEoQSoxLDEuMTAxMjE0MTYxODE6QTxRPlFAYUJxRJFGoUixStFM4U8BUSFTQVVhV4FZsVvRXgFgMWJhZJFmwWjxayFtYW+hcdF0EXZReJF64X0hf3GBsYQBhlGIoYrxjVGPoZIBlFGWsZkRm3Gd0aBBoqGlEadxqeGsUa7BsUGzsbYxuKG7Ib2hwCHCocUhx7HKMczBz1HR4dRx1wHZkdwx3sHhYeQB5qHpQevh7pHxMfPh9pH5Qfvx/qIBUgQSBsIJggxCDwIRwhSCF1IaEhziH7IiciVSKCIq8i3SMKIzgjZiOUI8Ij8CQfJE0kfCSrJNolCSU4JWgllyXHJfcmJyZXJocmtyboJxgnSSd6J6sn3CgNKD8ocSiiKNQpBik4KWspnSnQKgIqNSpoKpsqzysCKzYraSudK9EsBSw5LG4soizXLQwtQS12Last4S4WLkwugi63Lu4vJC9aL5Evxy/+MDUwbDCkMNsxEjFKMYIxujHyMioyYzKbMtQzDTNGM38zuDPxNCs0ZTSeNNg1EzVNNYc1wjX9Njc2cjauNuk3JDdgN5w31zgUOFA4jDjIOQU5Qjl/Obw5+To2OnQ6sjrvOy07azuqO+g8JzxlPKQ84z0iPWE9oT3gPiA+YD6gPuA/IT9hP6I/4kAjQGRApkDnQSlBakGsQe5CMEJyQrVC90M6Q31DwEQDREdEikTORRJFVUWaRd5GIkZnRqtG8Ec1R3tHwEgFSEtIkUjXSR1JY0mpSfBKN0p9SsRLDEtTS5pL4kwqTHJMuk0CTUpNk03cTiVObk63TwBPSU+TT91QJ1BxULtRBlFQUZtR5lIxUnxSx1MTU19TqlP2VEJUj1TbVShVdVXCVg9WXFapVvdXRFeSV+BYL1h9WMtZGllpWbhaB1pWWqZa9VtFW5Vb5Vw1XIZc1l0nXXhdyV4aXmxevV8PX2Ffs2AFYFdgqmD8YU9homH1YklinGLwY0Njl2PrZEBklGTpZT1lkmXnZj1mkmboZz1nk2fpaD9olmjsaUNpmmnxakhqn2r3a09rp2v/bFdsr20IbWBtuW4SbmtuxG8eb3hv0XArcIZw4HE6cZVx8HJLcqZzAXNdc7h0FHRwdMx1KHWFdeF2Pnabdvh3VnezeBF4bnjMeSp5iXnnekZ6pXsEe2N7wnwhfIF84X1BfaF+AX5ifsJ/I3+Ef+WAR4CogQqBa4HNgjCCkoL0g1eDuoQdhICE44VHhauGDoZyhteHO4efiASIaYjOiTOJmYn+imSKyoswi5aL/IxjjMqNMY2Yjf+OZo7OjzaPnpAGkG6Q1pE/kaiSEZJ6kuOTTZO2lCCUipT0lV+VyZY0lp+XCpd1l+CYTJi4mSSZkJn8mmia1ZtCm6+cHJyJnPedZJ3SnkCerp8dn4uf+qBpoNihR6G2oiailqMGo3aj5qRWpMelOKWpphqmi6b9p26n4KhSqMSpN6mpqhyqj6sCq3Wr6axcrNCtRK24ri2uoa8Wr4uwALB1sOqxYLHWskuywrM4s660JbSctRO1irYBtnm28Ldot+C4WbjRuUq5wro7urW7LrunvCG8m70VvY++Cr6Evv+/er/1wHDA7MFnwePCX8Lbw1jD1MRRxM7FS8XIxkbGw8dBx7/IPci8yTrJuco4yrfLNsu2zDXMtc01zbXONs62zzfPuNA50LrRPNG+0j/SwdNE08bUSdTL1U7V0dZV1tjXXNfg2GTY6Nls2fHadtr724DcBdyK3RDdlt4c3qLfKd+v4DbgveFE4cziU+Lb42Pj6+Rz5PzlhOYN5pbnH+ep6DLovOlG6dDqW+rl63Dr++yG7RHtnO4o7rTvQO/M8Fjw5fFy8f/yjPMZ86f0NPTC9VD13vZt9vv3ivgZ+Kj5OPnH+lf65/t3/Af8mP0p/br+S/7c/23//3BhcmEAAAAAAAMAAAACZmYAAPKnAAANWQAAE9AAAApbdmNndAAAAAAAAAAAAAMBAAACAAAAVgEuAesCxAODBFMFQAYnBxoIGAkfCj0LTgxrDZAOuQ/sES0SZROjFOMWKhd5GL8aDxtXHKQd8x88IIQhzSMRJFIljSbLKAApMypmK5csyi33LygwUTGAMqsz1TUCNjE3XTiKObY64TwNPTg+YD+JQLFB3EMIRDZFY0aQR7hI3koBSyRMR01qTo9PtFDYUfhTFlQzVU9WbVeNWK5Zy1rhW/Bc9137XwBgCmEZYi1jQWRSZV9mZWdhaFNpPGogawFr4Gy/baBug29ocFBxOHIgcwhz73TWdb52qHeTeH55bHpZe0l8PX03fjZ/OYBBgUuCV4NlhHSFhYaUh6SIs4nAisyL1ozfjeeO7Y/ykPWR9pL1k/WU+pYElxWYLJlHmmObf5yYna6ev5/LoNSh2qLgo+mk9KYDpxWoKqlCqlyrd6yUrbKu0a/xsRGyM7NTtHO1kLapt7q4wbnDusC7u7y1va++qb+jwJ3BlcKKw3zEasVTxjbHGMf5yODJz8rGy8PMwc28zq/PmNBz0UPSDdLT05vUZtU11gXW19eo2HbZQNoG2sfbgNw13Ofdkd473uPfjeA74Ovhn+JS4wPjr+RV5PnllOYs5r/nUufk6IXpL+nk6qjrbuwz7PXtr+5j7xHvtfBQ8ObxfPIX8sbzj/Ru9WH2ZveK+OT6xf0u//8AAABWASMBsAJqAzID6ASxBYAGWAc9CC0JJwonCyIMMA06DlEPYxB+EZ8SvhPpFRAWOBdhGIgZtBreHAsdMx5bH4AgoSG/Itsj9SULJh8nNShJKWAqeSuTLLEtzC7oMAQxITI8M1o0dDWLNqQ3uTjNOeI69DwGPRs+MT9NQGxBj0KwQ9BE7UYIRx1IMklFSlVLY0xuTXhOfk+DUIVRhlKIU4pUjFWKVoRXeVhoWVRaRFs/XEZdWl53X5VgsGHCYspjxWS1ZZxme2dXaDBpDGnsatBrumypbZtuj2+CcHJxXHJAcx9z+3TVda12hndieEV5MHokex18GX0VfhB/Bn/2gOKByoKxg5WEd4VdhkqHRIhMiWGKgYuljMaN3o7uj/WQ95H1kvOT8JTtleyW7pf4mRCaOZtunKadzp7jn+mg5aHfotmj0aTIpb6mvKfKqO2qIatdrJyt2a8UsE6xiLLCs/m1LrZkt5u40roFuzS8X72Fvqa/vMC+warCkMN9xHfFgMaPx53Io8meyo7LdcxTzS3OBM7az7LQi9Fq0lHTRdRF1VHWYtd12ITZh9p922bcQ90a3ezeud+H4FjhLeII4ubjw+Sd5XHmQOcM59Too+l/6mnrZOxo7W3ucO9w8HDxcvJ283n0d/Vp9kf3D/ez+EX4y/la+e360PwM/dr//wAAACsAxAFLAdgCZQMGA48EKwTPBXoGLwbpB6UIaAkvCfkKygufDHcNUg4yDw4P9hDZEcASqROTFH0VZxZSFz0YKRkVGfwa6BvSHL4drh6jH5sgliGUIo8jhiR2JWEmRScgJ/gozCmfKnMrSCwhLQIt6S7XL8gwujGqMpgzgDRgNTk2BjbPN5U4WDkZOdk6nTtkPDI9Bj3ePrY/j0BoQURCJkMQRABE80XnRtZHu0iWSWVKJUrgS5hMT00HTcNOg09JUBhQ6lG+UpNTaFQ7VQ1V3latV3xYSlkVWd9aqFtvXDVc+V29XoBfQ2AIYNFhnGJrYzxkDGTaZadmcWc4Z/xov2mAakBrAGvAbIFtQ24EbsVvhXBBcPhxq3JZcwFzqXRPdPR1mHY8dt53gHgdeL15YHoWetp7q3yDfVh+KH72f8OAk4FngkSDKoQYhQuGAIb0h+OIzYmvioyLYYw0jQeN2o6wj4qQa5FHkhKSxpNbk+yUepVBlkKXiJkImoqb5J0ZnjKfOaA5oTWiL6MopCGlGaYRpwqoCakPqiGrPaxgrYeura/TsPyyKLNatJK10bcUuFm5nLrXvAW9Kb5Hv2LAf8Gewr7D38T/xiHHQ8hnyYzKscvWzP3OKc9b0JfR3tMy1I3V7tdT2LnaIduV3S/fDuF35Ivoee1O8vb5Uf//AABuZGluAAAAAAAABjYAAJOVAABWjQAAVukAAJG3AAAmuwAAFwoAAFANAABUOQACh64AAkeuAAFrhQADAQAAAgAAAAEABAAIAA8AFgAfACkANABAAEwAWgBpAHgAiQCaAKwAvgDSAOYA/AESASkBQAFZAXMBjQGpAcUB4wIBAiECQgJkAocCrALSAvoDIwNNA3oDqAPXBAgEOgRtBKME2QUSBUsFhgXDBgEGQAaABsIHBQdKB5AH2AghCGwIuQkHCVcJqAn6Ck0KoQr3C04LqAwEDGIMww0lDYkN7g5UDrwPJQ+REAAQcRDkEVkRzxJGEr0TOBO2FDoUwxVSFeMWdRcGF5YYJhi4GU4Z6BqIGzEb4xyfHWIeKx74H8YglSFkIjQjBiPbJLMljyZsJ0soKykNKfAq1Su7LJ4tfi5cLzkwFDDwMc0yqjOJNGg1SjYuNxU3/zjtOd460jvKPMU9xD7HP85A2kHoQvZEAEUGRghHCEgISQlKDEsUTCFNNE5OT25QlFG8UuVUDVU0VllXfVigWcRa51wLXTBeVl98YKRhzmL4ZCRlU2aFZ7xo+mpDa5ls+W5jb9JxRnK8dDR1r3cteLF6PHvQfW9/HIDWgpSETIX2h5SJLIrFjGWOFY/fkc2T3ZX/mCCaOZxMnl+geaKgpNqnLamgrDCu4LGhtF63C7muvF2/K8IfxUbIoswMzyjR9tSR1yjZ0dye35fi0uZg6fntEu+s8gD0MPY59//5ivq4+9T8u/2j/nD/N///AAAAAQAFAAoAEgAbACYAMgA/AE0AXABtAH4AkQCkALkAzwDlAP0BFgEvAUoBZgGDAaIBwQHiAgQCJwJMAnICmgLDAu8DHANLA3wDrwPkBBoEUgSLBMUFAQU9BXsFuwX8Bj8GgwbJBxAHWQelB/IIQQiTCOYJOwmTCewKRgqhCvwLWAu0DBIMcgzUDTkNoA4LDngO5w9ZD84QRhDAET4RvxJDEsoTUxPdFGoU+hWPFioWyxdxGBYYthlRGeYaeRsNG6QcQBzkHZEeSh8OH90gsyGOImkjQiQYJOslvSaQJ2YoQiklKhIrCCwFLQguDi8SMBExCDH5Mugz1zTKNcE2wTfKONs58jsOPDA9UT5pP3RAckFoQlhDR0Q5RTRGOEdHSF9JfkqhS8dM8E4bT0VQa1GGUpRTl1SVVZRWoFe/WPFaNVuAXM1eHl90YM9iI2NmZJVltWbOZ+Ro+2oWazNsVG12bppvwHDqchdzRnR2dad22ngQeU16j3vYfSZ+fX/jgWeDEITKhnSIBomHiwSMiI4bj8ORgpNYlUOXO5k7mzudOZ8poQSixqR2phunvaliqxWs3a7FsM+y9bUxt3y5y7wPvkTAcsKmxOnHQsmyzDHOnNDd0vTU8dbn2OPa6Nz03wHhCuMU5STnSOmW7DfvivOm92z5zvuE/MP99P75//8AAAACAAgAEQAeAC0APgBRAGYAfQCWALAAzADqAQkBKwFNAXIBmAHAAeoCFgJEAnQCpgLaAxEDSQOEA8AD/QQ7BHoEugT8BUEFigXXBikGgQbdBz4HoggICG8I1Ak5CZ0KAgpqCtULRAu7DDkMwQ1QDeYOgg8hD8AQXBD2EZASLRLNE24UDRSoFUIV3BZ5Fx4XzhiOGWIaQhsqHBQc+x3dHrgfkiBtIUwiMCMYJAYk+SXxJu8n8yj9Kg4rJCxALWAugC+dMLgx0zLzNBo1STaCN8M5DDpcO7A9Bz5gP75BIkKTRBZFrkdaSRFK0UyaTm9QVVIyU9pVWlbMWEhZ01tmXPheg2ABYXBi1WQ3ZZxnCWiBagpro21NbwBwt3JvdB51w3d1eWR77n6kgHmB1oL8hAKFCIYQhzOIc4nUi1WM6Y6IkC6R2ZOIlTuW8Zipml6cCp2nnzegvaI/o8ClRKbKqFCp1KtUrNCuRq+5sSiyl7QItX22/LiJuia70L2CvzbA6cKcxE/GBMe7yXPLK8zkzp7QWNIU09LVj9dK2P/arNxP3ejfdeD94oLkA+WC5wLog+oE63/s7u5G73nwnfGN8nXzRPP39Kr1TvXb9mj29vd29+n4XPjP+UP5q/oN+nD60vs1+5j78fxJ/KL8+/1U/a3+A/5Y/qz/Af9V/6r//wAAc2YzMgAAAAAAAQxCAAAF3v//8yYAAAeSAAD9kf//+6L///2jAAAD3AAAwGxtbW9kAAAAAAAABhAAAJzfAAAAAMoq1YAAAAAAAAAAAAAAAAAAAAAA/8AAEQgAzwG5AwERAAIRAQMRAf/EAB8AAAEFAQEBAQEBAAAAAAAAAAABAgMEBQYHCAkKC//EALUQAAIBAwMCBAMFBQQEAAABfQECAwAEEQUSITFBBhNRYQcicRQygZGhCCNCscEVUtHwJDNicoIJChYXGBkaJSYnKCkqNDU2Nzg5OkNERUZHSElKU1RVVldYWVpjZGVmZ2hpanN0dXZ3eHl6g4SFhoeIiYqSk5SVlpeYmZqio6Slpqeoqaqys7S1tre4ubrCw8TFxsfIycrS09TV1tfY2drh4uPk5ebn6Onq8fLz9PX29/j5+v/EAB8BAAMBAQEBAQEBAQEAAAAAAAABAgMEBQYHCAkKC//EALURAAIBAgQEAwQHBQQEAAECdwABAgMRBAUhMQYSQVEHYXETIjKBCBRCkaGxwQkjM1LwFWJy0QoWJDThJfEXGBkaJicoKSo1Njc4OTpDREVGR0hJSlNUVVZXWFlaY2RlZmdoaWpzdHV2d3h5eoKDhIWGh4iJipKTlJWWl5iZmqKjpKWmp6ipqrKztLW2t7i5usLDxMXGx8jJytLT1NXW19jZ2uLj5OXm5+jp6vLz9PX29/j5+v/bAEMAAQEBAQEBAQEBAQEBAQEBAQEBAQEBAQEBAQEBAQEBAQEBAQEBAQEBAQEBAQEBAQEBAQEBAQEBAQEBAQEBAQEBAf/bAEMBAQEBAQEBAQEBAQEBAQEBAQEBAQEBAQEBAQEBAQEBAQEBAQEBAQEBAQEBAQEBAQEBAQEBAQEBAQEBAQEBAQEBAf/dAAQAOP/aAAwDAQACEQMRAD8A/v4oAKACgAoAKACgDxzwz8RNc1v4zfFD4c3egJZ6F4I0PwRqmkeIBFeK+s3HiezvLjULZ5Zf9Dk/s57aONVtRvUSYnwdtAHsdABQAUAFABQAUAFABQAUAFABQAUAFABQAUAfOP7IHib4veM/2XvgP4r+P1jeaZ8avEHwy8Lap8T9Pv8ARbXw7e2fjK70+KTW7e60Kyt7S00qaO7Lq9jb20EMBGxIlAxQB9HUAFABQAUAFABQAUAFABQAUAFABQAUAFAHyB+2X/yJ/wAIv+zj/g3/AOnu5oA+v6ACgAoAKACgAoAKACgAoAKACgAoAKACgAoAKACgAoA//9D+/igAoAKACgAoAKAPHfDPxOl174zfE/4XNoSWkXgDQ/BGrR68J2d9XbxZZ3ty9u8BhRYf7P8AsoRWWaUyB8kJgCgD2KgAoAKACgAoAKACgAoAKACgAoAKACgAoAKAPnP9kTxx8UfiX+zD8CfH/wAbNCuvDHxb8X/DTwvr3xE8PXug3Xhe70fxZqGnxTavp9z4dvYoLvRpre5ZkfT7mGKa2I8t0BBFAH0ZQAUAFABQAUAFABQAUAFABQAUAFABQAUAfIH7Zf8AyJ/wi/7OP+Df/p7uaAPr+gAoAKACgAoAKACgAoAKACgAoAKACgAoAKACgAoAKAP/0f7+KACgAoAKACgAoA8h8NfFC01/4w/Ev4WR6CbO7+H+ieCtXudfN5HINYTxbaXdzDbizWzjktv7OFqYzJJeXIm8zKRw7SGAPXqACgAoAKACgAoAKACgAoAKACgAoAKACgAoA+ef2S/il45+N37M/wADvi78TfC9t4K+IPxF+G/hnxZ4w8JWem6xo9r4e1/V7CK51DSoNK8QXV7rdhFaTu0aWuqXdxexAbZ5WcZYA+hqACgAoAKACgAoAKACgAoAKACgAoAKACgD5A/bL/5E/wCEX/Zx/wAG/wD093NAH1/QAUAFABQAUAFABQAUAFABQAUAFABQAUAFABQAUAFAH//S/v4oAKACgAoAKACgDyTw38RdC1v4vfEn4cWmhvaa94I0XwZqmr66fs+zV7bxNaXdxp9uuyMXGdPS3eNvPkdfn/dBRkUAet0AFABQAUAFABQAUAFABQAUAFABQAUAFABQB85fsh/GHxB+0D+zB8Cfjb4r8P2HhTxJ8Ufhn4X8aa34b0uK9g07RNR1vT4ru506yh1Ka4v47e2kcxxpdzyzhQBI7MM0AfRtABQAUAFABQAUAFABQAUAFABQAUAFABQB8gftl/8AIn/CL/s4/wCDf/p7uaAPr+gAoAKACgAoAKACgAoAKACgAoAKACgAoAKACgAoAKAP/9P+/igAoAKACgAoAKAPJPDfjXwbqvxe+JXgjTNCe08aeFNF8Gah4o142VnEmsWOvWl3Nodut9FK17dnT4YJo2juoo0g37YCysTQB63QAUAFABQAUAFABQAUAFABQAUAFABQAUAFAHzv+yT8aJf2i/2ZfgZ8dpvDtp4Rl+LHw28MeOJPDFjO11Z6E+vafHeHTLa4eKFpobUv5aSNFGWAyUXIFAH0RQAUAFABQAUAFABQAUAFABQAUAFABQAUAfIH7Zf/ACJ/wi/7OP8Ag3/6e7mgD6/oAKACgAoAKACgAoAKACgAoAKACgAoAKACgAoAKACgD//U/v4oAKACgAoAKACgDyTw34l+Hl98XviV4Z0XQ0tPiNoOi+DLrxtro0mztpNX0zVbS7k8MwPq8UrXmpDT7eK4jWG6ijSz3lICwdjQB63QAUAFABQAUAFABQAUAFABQAUAFABQAUAFAHgf7LPxpsf2jf2c/gv8d9M8LHwTp/xY+HnhzxzZ+ETqEOqnw7b69Yx3keknUrfT9JgvTaK/lfaItNskk27hbRZ20Ae+UAFABQB8a/t6fGfxL8Gf2cfE8nw5nWP4z/FXVNE+BvwLi2tJKPiv8VLlvDuga2kCMj3Fv4F0+XWPiNq0SMrHRPB+pkcgBgD8q/8Ag3h/af8Ail4x+Afxi/Yc/ac1WW7/AGrf+CfnxX8QfBb4h/b7qa4vtc8H/wBpX8/gXxPbyXJM1xpBtob3w5Y3zF/t39gSXYdklV5QD+h6gAoAKACgAoAKACgAoAKAPkD9sv8A5E/4Rf8AZx/wb/8AT3c0AfX9ABQAUAFABQAUAFABQAUAFABQAUAFABQAUAFABQAUAf/V/v4oAKACgAoAKACgDyTw3qfw1uPi98StL0Kxjh+Jun6L4Ml8eX62TxSXmlXdpdt4Wje+PyXYt7ZblVjUZg3bTncaAPW6ACgAoAKACgAoAKACgAoAKACgAoAKACgAoA+fP2UPil4V+N37NfwR+LvgfwfH8P8Awh8Rfhx4Z8WeHPBMRtDH4X0nV7CO5s9FQ2FrZWRWxicQg21pbwnb8kSjhQD6DoAKACgD8TPjzd/tEftUf8FBNJ0b9mHWfgqnhb/gn1oX2jxdc/Gfw1408X+EdQ/aN+NXh+KeGy0+18C+NfBNyviT4Y/CeTTnSe61W4Syf4n61Yy6eLmIugB+Pn7Qdz+0r/wS1/4LXfsz/t4/tEaj8F0+EH/BQKO3/ZZ+Pl98DfDPjbwj4L03xZp0Gjaf4D8V+KdN8beNfGrRa2b6TQVXWxqVtb/2a/iq5eBZVuriUA/syiliniinhkSWGaNJYZY2DxyxSKHjkRlyrI6sGVgcFSCM5oAkoAKACgAoAKACgAoAKAPkD9sv/kT/AIRf9nH/AAb/APT3c0AfX9ABQAUAFABQAUAFABQAUAFABQAUAFABQAUAFABQAUAf/9b+/igAoAKACgAoAKAPJPDbfC4/F74kroHl/wDC010XwYfiDtj1IS/2QbS7/wCES3yToNMdfsv2rYNPdpV5+1hXKbgD1ugAoAKACgAoAKACgAoAKACgAoAKACgAoAKAPn/9lPx78N/il+zd8E/iL8HvCK+Avhb40+HXhvxD4C8Frpmm6MvhjwxqNhHPpWjDStHeTS9PFlbssQtbB2totu2JiozQB9AUAFAFe8tkvbS6s5JLiKO7t57aSWzuZ7K7iSeJomktby1khurS4RWLQXNtLFPBKFlhkSRVegD4/wD2Y/2D/wBnz9kPxR8WfGHwUt/ijYa38cfGOofEL4pP40+OPxg+J1j4s8c6rHaw6j4tvNL+InjTxLp0XiG7trKztJtWtbaC9eztYLUyiCNEoA5T9uH/AIJrfsl/8FGNC8LeFf2tPCXjf4geFfBupQ63oHhfRvjD8WPh74cttdtxdrb69caJ8P8Axj4a02+1y3ivrm3g1e9t7i/htnFtHMsKIigH1n8Lfhr4e+D/AIB8NfDfwpe+LL/w74S02HSdHuPHHjXxX8Q/Ev2C3Gy3h1Hxf421fXfE2rmCMLDDLqeqXUscKRwo6xoiUAegUAFABQAUAFABQAUAFAHyB+2X/wAif8Iv+zj/AIN/+nu5oA+v6ACgAoAKACgAoAKACgAoAwvEfifw54P0p9c8Va5pXh3Ro73StNfVNZvrfTrBdQ13VbLQ9Fsjc3UkUQutV1nUdP0rT4N/mXd/eW1rCrzTIjgG6CCARyDyD6j9f5/nQAUAFAH5sSf8FOvg4PCXiL4023hLxre/st+FPi+3wR1z9o+2/sR/B9v4rh8YJ8PLzxNb6L/aX9u3fwu0/wAfSxeDr7xxHDvj1WVL2LQ5/DQl8QQAH6Q29xBd28F1bSpPbXMMVxbzRtujmgmQSRSxsMBkkjZXVgOVYHjNAH5seCP+Ci2r/E/43WXws+HP7GH7VPiT4f6n4v1Hw3pf7TcujfDvSvgDqmkaTLdpdeONN1268ev4tvfCl4llK2hXkPg4zay81iIYIbe5+1IAfpbQAUAf/9f+/igAoAKACgAoAKAPJPDmn/DCH4vfEnUdAuUk+KV7ovgyLx/bC61KR4NItrS7Xwmz2s5OmW4ltmuir2AWWbGbrLBKAPW6ACgAoAKACgAoAKACgAoAKACgAoAKAMLxR4l0XwZ4Z8ReMPEl9Hpnh3wpoWr+Jdf1KbPk6fouhafcapql9LjJ8u0sbWeeTAztQ4zxQB/Cr8N/BP7dn/B0N8ZfjR8T9d/aO+IX7H//AATF+E/j3V/hv8OPh78OLkweI/iRd6ZIjzTX8UU9vpOs6wljPb3er+LPENtrthY312+g6FpUMFpOluAeU+Kf+Cev7V//AASI/Zh+HX/BVn/gkn+2P8dvif8As6WHhjwv8S/ib+zf+0BHpX2jV/hZ4gey83UNY8PeF5Y/B2rw263aW+qWNrpEWteHIJn1rRtfZrWV4gD+2L9g39rrwb+3b+yR8D/2q/AtpLpmjfF3wVp2v3WhzzJcXHh3xAim08SeHbmePEc0+ia3Be6dLJGArPb5GeSwB9d0AFABQAUAFABQAUAFABQAUAFABQAUAfIH7Zf/ACJ/wi/7OP8Ag3/6e7mgD6/oAKACgAoAKACgAoAKACgD8N/+C+Phu08Qfswfs3C61PxJpoj/AOCg/wCxfYNJ4d8U+IPDDm21n4waTY3ck0ug6jp7yXNtFibS72Vjc6Peqt/pktrdqJqAP1L+Kk8Xwp/Z08YT6X8T9T+G0XgvwDctZ/FjxZZ618X9V8KJp9oix+Jtbstbk1zXfHN1aAebcx6hJqN7qTktM0zlmoA/n3/4b08R/wDScrwh/wCK4dS/+YWgD+hLw/qXiHxh+zlZ6p4c8bw+PPFXiP4STXOgfEGDw+3haDxRr+peF5m0rxNH4aeK0bQ49R1CW3vl0pobdrIP5BRCuKAP5jvBEuiW/wDwam/FKz1CEm6tvgj8SvDmsWhjZbw/Ej/hcM2iSWLW5UzjWZPHckFulqUN42pPHCoa5KUAf0yfALwxrU37MXwl8H/EGe6uNcufgx4S8P8Ai24tbu7sL2W6u/CNnY6q9vfWs8V9ZXREsvlXdtcxXdtNiaGaOZFdQD8QtV/Ylv8A/glD+1B+yD41/Yj+K/xht/2fP2iv2gbf9n74z/shePviJ4p+KPgJ7bxX4H8d+NLD4k/DkeNNU1fXfCmteFbrwZdTa5NDqN1bT6XcQ2scVrCJElAP6PaACgD/0P7e/hp+zp4R+FngDxh8OdE8c/H3xFpHjU6qdS134l/tGfG/4p+P9J/tfRotDuP+EP8AiP8AELx34k8ceCfs1tEt3pX/AAimu6T/AGRrLS67pv2bVpZLxgCv8Kv2avB3wg8N+MPC2gePf2hfE9l42gnt9R1H4q/tK/Hb4v8AiTSUuLCTTmfwf4o+Jnj/AMU+IPBM6RStPBceFdT0ma3v1j1GF1vYo7hQA+Df7Nfg74IR+Ko/DXj39oXxaPF8NvBft8ZP2lfjt8cJNMW2W7VH8KyfFjx94vfwhPILyQ3E/hptKmuWitGnZzZWxiAJPgt+zf4Q+BWo+KNU8M+O/wBoHxhN4tSyS+t/jT+0j8c/jrp2mCwnvbiI+F9M+Lvj3xjp/hN5mv5UvX8OW2mNfwQ2VveGaGws0iAKXwj/AGYfBfwY8Va74v8ADvxB/aO8VX/iC3ltrrTPi5+0/wDH74z+FbJJro3bSaF4Q+KPxD8V+GvD9wsh8qK50bS7KeG1xaROtsBGoAnw0/Zg8F/Cv4g638SND+IP7R/iLWNettStbrQfiX+1B8f/AIqfD6yTVL2C+nk0T4b/ABD+IniTwNoNzby26w6bdaPoFlcaXZPPY6fLbWc80EoBwfw2/Zh+Cfgj9p74q/Gnwv8AEj426z8XfE9hZP468G+Jf2jfjL4x8BaTYay0l3o5tvhR4i8a6l4G0WzhSKZPC9va6DFa+HLE3Fl4di0yznmhcA7zRv2X/BWifGK++Ntt8Qf2j7vxJqGo6rqcvhLWf2ofj/rfwdhm1dJUngsfglq3xEu/hRp+nWwlY6Vpll4QgsNIdYn023tnijdAB0f7MXguL40L8dF+IH7RreJlvrjUB4Qk/ad+PkvwXMtzp0+mPC3wLk+Ib/CNrGOG4ae309vB32K21FINUggjv4IbhACTXP2ZvBuv/GWz+OF14+/aJsvEtlNps0fhHQ/2mfj1oHwambS9MTSYEvPgdo3xBsvhNew3ECC51KC68HyxapqbPquoJcai73TAEHjH9l/wV43+K2mfGDUviD+0hpPiDSbnRbqDwx4O/ah/aA8E/Cm5fQlgW1j1P4PeFPiJo/wy1W2vBAp1q11Dwtc2+vM87axFetNKXAJviF+zL4M+JPxI8OfFHWPH/wC0VoOteGJtFnsvD3w9/aa+PXw2+G+oNoWoLqNqniP4XeBfiF4f+H/ieG8mQQa1Br/h3UYde08tp2sJe2LvbsAL8W/2Z/Bvxl8XeGvGniHx9+0T4W1Hwta2lpZaV8JP2mfjz8GvCOox2epz6rHJ4l8F/C74geFPC3im6lnna2u7zxBpWo3N5piQaVcyzadBFbRAEfxj/Zi8GfG/U/Duq+JPiB+0b4Sn8M2A0+ztvg5+098fPghpmoRC4a58/wARaV8J/iH4P07xNfl2MZ1DXba/vDb7bYzmBVRACz8Z/wBmzwd8c7bwxa+JvHn7QnhBPCkNzDYyfBj9pT46/Ay51JbqO2jdvE918JPH/g+fxZNGLVGtp/EUmpTWsklzJbuj3VwzgE3xi/Zy8I/G3RfCmh+JPHXx+8JW3hD7T/Z958Hf2jfjh8Eta1P7VbWdq48V678KPHfhDVvGHlpZRSW3/CTXeqfZbmW8urfy7i+vJZQCH4kfs2eD/ih4I8IeAda8eftCeHtL8FpCmnaz8N/2lPjr8L/G+qiGzislPi/x98P/AB94c8Y+NXaOJZZpPFWs6s8140t7KXu5ZJmAJvGn7OfhHx18KvC/wg1Pxz8ftH0DwmdGNh4n8F/tGfG/wL8VdS/sSwudPtv+Eo+L/hHx3o3xL8Wi7iuXn1keI/FOp/23fx22oat9svba3uEAGeI/2b/CHif4Q6B8Fr3x3+0Dp/hzw6+mvaeK/Dn7SPxz8MfF6+OlQ3EMA1/41aD490/4qeIkuFuXfUo9b8WX6arNHbzagLiW2t3iAGXH7Nng+5+DNt8DX8eftCR+GrWVJk8XW/7Snx1tvjNIyXkt8FufjlB4/j+LV1EZZWieG48YyxPZrFYuhs4o4FAPPfiv+yLonjH9jT4w/sk6B47+Mb2HxE+GvxB8H6d418Y/HT4veMPiXb6l4ttNRms31P4t+JPF2sfEq+0eLVLqG0vdJuvEd1p9z4VN14TmtJvDt1caU4B/KL/wbe/tNfAr4N/Av9ov/gkB+194+1r9mD9on4b/ABv8dxWdhrHxU8T/AAR8WeLtJ1nWItQuB4B+Ieka/wCF9W8O+KNP1SzuYZrDwxr+n6hqujzRanZSX8WoaoqAH0h/wUS/br/4JwfsYf8ABGPxl8Ev2aPiv4q8d6j+1X8Hrfwj+zv8BvFHxy+IXxl+KGi6H8QtMsdFtDLY+MfG/jjxR8OPBmg6Gs0tl4bF5YaTd6wV03TtMuXvtSlQA/Sf/ggd+xJ4s/ZP/wCCTHwU+C3xWuPiJoHjn4leFfEPjrx1oVz488aWGtfD25+Kf2vUP7A8GvDrUU/wu1PRNM1GB5h4Cl0JrXxaL7xTDKfEN5c6rOAfqH8J/wBmnwd8HdB8X+HfD/j39obxRaeNbeS21G++LH7S3x3+MWvaSktnNYmTwh4i+Jvj/wAU634KuFinaaO58K3+kTx3iQ30bpdwQzKAP+DH7Nng/wCBjeKX8M+PP2hPF58WxWkN+PjP+0n8dfjmumLZm8MbeFl+Lfj/AMYL4Sll+2yi7m8NjS5bwRWYuXkFlaCIAT4M/s1+D/gbq/iXWfDXj39oTxfceKo7aO+tfjN+0p8dfjlpGnC1uLq5RvDWjfFrx94x0vwrJI95JHcyeHrXTXureK1trgywWdskQBU+Ev7MHgr4N+Ltb8Z+HviD+0f4p1HX7a4tbrSvi1+1B8f/AIyeEbJLm7W8eTRPBnxQ+InirwvoNyki+Vb3Wj6TZXFtaFrOCSO1YxUAO+G/7MPgv4X/ABF1z4m6L8QP2jvEGs6/b6pbXXh/4kftPfH34ofDqyTVr23vp5ND+Gfj/wCIfiHwFoFxbS2yRaXc6N4dsp9JspLiw02S1s7m4hlAJfDH7M/g3wn8Xde+NFh4+/aI1LxF4hutau7vwp4n/aY+PHiz4RWMmu3KXN1HoPwX8R/EDU/hb4etbN0Eei2mi+E7G20K2L2ujx2duzowBX0r9l/wVpHxju/jdb/EH9pC68SXmo6lqcnhLVf2of2gNX+DkU+qwywz29p8ENS+Ilz8J7PTrdZmbTdLtvCEWn6VMsU+n28EsMToASj9mTwYPjTH8df+E/8A2i/+EmivZb5fB5/ab+PZ+CzSzaXNpLRSfAr/AIWF/wAKils1gna5isZPBzWkOqJDq0UK6jBFcIAHiD9mTwZ4j+MVl8brzx/+0XY+JLGfS7iPwl4f/ac+Pnhv4OzPpOnx6bbpe/BLQ/iDY/Ci+guYYhPqlvd+D5odX1BpNS1JLq/le4oAi8afsv8Agrx18VNK+L2p/EL9pDR9f0e50S6t/DPgv9qH4/8AgX4V3T6CYTax6r8IfCPxD0f4a6xbXhgX+27TU/C93b6+HmXWIrwTy7wCx8Rf2aPBvxN+Ivhn4m6z4+/aI8P6z4Vk0aWx8P8Aw6/aY+PHwx+HWpHRNS/tS2XxN8MvAXxA8PeAvFUd3OPs+sx+IvD+pJrmm/8AEq1VbzTybegBvxd/Zl8GfGjxV4c8X+IvH/7RXhS/8MWdtZWWmfCL9pv49fBfwrqEdrqU2ppL4j8IfCz4g+FPDXie8kmna3ub3X9M1K6utNSHTLiWWwgit0AG/GT9mPwX8cL7w7qHiX4gftGeEZfDNibCzh+Df7Tvx8+B9jqERm87zvEWn/Cb4h+ELPxNfbvkGoa9DqF6If3InMWUUA+Y/wDgoz8CfDHxX8EfAS313xh8afDieHvj38MtJtH+GPx3+L3wonvrfWtSjtbm5125+HXjLw1N4h1S1Swik0jV9aa91LRbma9utKurO4vryScA+qPi7+zh4Q+M+geE/DniLx1+0B4VtPBwnGn33wi/aQ+OXwY1/VPPtrS1Y+LPEXwt8eeFNb8ZFI7KOSA+KL/VTBcy3d1Dtub26llAI/iJ+zZ4P+JfgLwj8O9Z8eftCaBpPgtLZNO1z4d/tKfHX4aePdVFrZpZIfF3xE8B+P8Aw/428aPJGgluX8U65q73V4z31wZLtmnYAseMv2dPCPjf4TeGPg5qXjn4+6T4e8KHRPsPijwb+0X8b/A/xZ1H+wbC6061/wCEn+MfhPx3o/xP8V/bIrp59b/4SPxVqY16/jtdQ1j7be2tvcRAEOvfs3eD/EPwf0T4KXfjv9oOy8OaDJYSWvizQf2kvjp4e+MF42nJcJCNb+Nei+PrH4q69HOLlzfxax4tvY9RdLdr5Z2trdkAEk/Zt8HyfBiL4GHx5+0GvhmGUSr4vj/aT+OkfxnZhqD6ltl+OaeP1+Lc0XnSGAxSeMWj/s8JpxT7DGluoBNp/wCzp4R074J3nwHh8c/H2fwvei5EnjHUP2i/jfqPxsi+1a4uvubP4833ju5+L9kY7pBZWxtPGcJtdDLaBb+VozNZMAQeG/2bPB/hb4Sa/wDBqx8eftCaj4e8RPcvd+KfEn7Snx18U/FuxN1PDcSDQPjN4h8fal8UPDqRtAkdsmieK7FLWBpre2WKGedHAOj+C3wS8N/Arw5f+GPDPiz4xeMLLUdWk1ibUPjT8bfit8dfEcFxJbW9qbWw8T/F3xf4y1/TtJVLZJI9HsdQt9MjuZLi6S1W4uZ5JQD2GgDwf9pL9mv4RftZfCnVvgx8bdAvfEHgfVtU8P695Wk+INe8J67pXiHwprFpr/hrxB4f8T+GNR0nxBoGt6JrFja31hqWk6lZ3UMkeBKUd0cA9N8IeDNF8FeEtG8F6UdUvtH0TToNMhm8S61qvivWr+KCMIbnXNf8Q3ep6zr2pXRBlvtT1e+vb++nZ57q4lld3oA0v+Ec8Pf9AHRv/BZZf/GKANaOOOJFjiRI441CJHGoREVeAqqoCqoHAAGB0GaAPiy//wCCfn7Mmo6jqRm8Ja1H4P1v4pQ/GzW/hPbeMfFNt8INY+K0Oqp4gXxnqHw1h1dfCU97J4kjj8U3VidKGk3niyNPFF3Yz68q6jQB3Pir9kL4JeM/iJ8Tfijrul+Kn8WfF34OW3wI8Zy6f8QfG+j6ZN8PLVtWaCz0XRtL1600rw3rUR1m9MXifQbTTvEETtHLHqKSRI9AFX4N/sffCX4Lr4Pl0+/+JnxC1T4faffaX4F1z40fFb4gfGHWfB9hqKpDeReG7/4heINfl0aa6s4rbT7u+sWhv76wtLS0vLmeG3jRAD6noAKAP//R/v4oAKACgAoAKACgDyTw34N8EaZ8XviV400nxCl7458UaL4MsPFnh4arp1w+i6fodpdw6BctpMAGpacNTgnnkWa+LRXnl7rXCo9AHrdABQAUAFABQAUAFABQAUAFABQAUAFABQB+QP8AwUQ/4Ic/sAf8FLdbtvHnx3+HGqeHfjDY2dvp9r8aPhZrc/gv4gSWFqhjt7XV7q1jm0jxKltGUis38SaVq01jDGsFlJBE0iuAfGv/AATT/wCDez/gkp8C5vhf+1z8HdK8cftLX+paVo3jn4N/EP47a5c69aaLp95EL3Rtc0TwS2h+FtCtNQiVorjT7zWPC7avpUyLJayW0pcsAf0jgAAAAAAAAAYAA4AAHAAHQD+lAC0AFABQAUAFABQAUAFABQAUAFABQAUAfIH7Zf8AyJ/wi/7OP+Df/p7uaAPr+gAoAKACgAoAKACgAoAKACgAoAKACgAoAKACgAoAKAP/0v7+KACgAoAKACgAoA8i8N/D/wANaN8YPiV8QrHxA954n8Z6J4L0zXvDxurCRNFtPDdpdwaVcrawxjULc6lHcSSM97I8cvl5tgqhxQB67QAUAFABQAUAFABQAUAFABQAUAFABQAUAFAHz/8AsqaV8GNE/Zv+Cmkfs7ai2r/AvTvh14btPhTqjT6vdNf+CIbCNdCuTca/FDrUxls9jeZqcUd43WdFc4oA+gKACgAoAKACgAoAKACgAoAKACgAoAKACgD5A/bL/wCRP+EX/Zx/wb/9PdzQB9f0AFABQAUAFABQAUAFABQAUAFABQAUAFABQAUAFABQB//T/v4oAKACgAoAKACgDyLw38NbHQvjB8S/ibDrz3d9470XwXpV5oBWEJo8fhW0vLa3uVZZDMx1FbkyHzY0UeX8hYZNAHrtAHlvjD45fBT4eaqNB8f/ABh+FvgbXDbxXY0bxh8QfCXhnVTaz58m5Gna1q9jefZ5QD5U3kmOTB2scUAWvB3xk+EPxDuXsvAHxV+G/jm8jR5HtPB3jjwx4muUjj2+Y7waLqd9KqIWUOxG1dy7sZAoA9IoAKACgAoAKACgAoAKACgAoAKACgD58/ZQ8JfCrwH+zX8EfBnwN8SyeMvg/wCGfhx4Z0f4b+Kpb2PUpNf8I2VhHFo+qPfxW1nHdtd2oSUzpawLJuyIl6KAfQdAGVreu6J4Z0m+17xJrGleH9D0yE3OpazreoWmlaTp9uGVTcX2o381vZ2kIZlUy3E0cYZlBYErQB4t4Y/av/Za8bHVV8GftK/AHxc2hRXs+tr4Y+Mfw7186NBpsUk+ozaqNK8R3h0+KwghlmvZLvyFtYopJJ2REcqAe6WN9ZapZ2uo6beWuo6ffQRXVlf2NxDd2d5azoJIbm1urd5ILiCaNleKaJ2jkRgysQQaALVABQAUAFABQAUAFABQAUAFAHyB+2X/AMif8Iv+zj/g3/6e7mgD6/oA5vxX4y8IeA9Hm8ReOPFfhvwZ4ft5YoJ9d8V65pfh3R4ZpyVghm1PV7qzso5ZmUrFG86vIQQgYgigDzrR/wBpL9nbxDfw6VoHx8+C2u6pcttt9N0f4p+BtTv7hsgbYbOy124uJWyQMJGTkgdxQB7OrK6q6MrowDKykMrKRkMrDIII5BBwR0zkUAOoAKACgAoAKACgAoAKACgAoAKACgAoAKAP/9T+/igAoAKACgAoAKAPIfDXwum0D4xfEz4qNrpu4fiDongrSItA+xvGNHbwlaXltJci8N1Ilz/aJug+xbS3MHl4LzbsqAevUAfyq/8AB3ToHhp/+CeHwP8AFeo6ZpY1fTf24fgVoy6/cQW8d5aeHta8P/EiTXtOfUG2yR6XqC6XYvqEDyrbSrZQtMpESmgDzP8A4LRD/gnjrH7BulXX7JWt/BnVP+CiGnzfCq4/ZMg/ZC1nw3r37REnxEh1rw0urxWdl8ILu98WJ4ej8M/29Nq76vFHocd5b2Mlwy3kNsVAP6eP2VH+Lsn7NPwHk+P0flfG1/hR4Gb4qxZhLJ47Ph6x/wCEkVzATCZBqfn+aYzt8zd0oA9+oAKACgAoAKACgAoAKACgAoAKAPA/2Wfhz8OvhF+zn8F/hh8IvGH/AAsH4Y+Bfh54c8NeBfG41nRPEQ8U+GtLsY7fS9a/tzw3Db6Bqv263VZft2kQRWE+7fboqECgD3ygD+TTwn4mvv8Agsj/AMFsP2pvgV8YL6/1P9h7/gmEmjeHrf4CwarqC+B/i58d7zxBrOlJ42+JVhbT2+m+LLfQ9Q8M+I49P0HUrW806Cz/ALIVkd47yXUAD9mv23/+CVf7JH7Zn7M/jf4C6v8ABz4feFNSuvCOr2Hwv8ZeGPDun+Gdc+HHiwadcr4b1jRdV0S1tr60sbTUjb/2rp0LNa6nphurK6t5YpvLUA+1vgJ4I1z4afBP4UfDzxNc2l74g8EeAPCvhbWLuwmluLK61DQ9HtdOuZ7WaeC2mlhlkt2dHkt4XIbJjXpQB63QAUAFABQAUAFABQAUAFABQB8gftl/8if8Iv8As4/4N/8Ap7uaAPr+gDzz4uaFo3iX4W/EXQvEGmWOs6NqngjxVZ6hpupW0N5ZXdtPod/HLDPbzo8UiOjMpDKeG9zQB/KN/wAGvv7L37Ofxn/4JwfEO7+LfwR+GHxJu9Q/aY+NOk3l5428GaF4ku7jTLLWW0+0sJLnVbS6mNra2SrbQQBhHFEAqBQNtAGl8aJPGn/BCb/gpz+yFp/wY8b+Kb7/AIJ0/wDBQ34g3Hwf1v8AZp1/Xb/WPCvwN+L91f6Bptj4l+GEmr3N7J4X0nUNW8VaHPJpNoYbGS1utYsZI3g07RvsAB/XUCCAQcg8gjoR6jr1+v50AFABQAUAFABQAUAFABQAUAFABQAUAFAH/9X+/igAoAKACgAoAKAPG/DHw01XQvjP8UPibca4l3pXjzQ/A+ladoQimV9Jm8K2d5bXly0rTPDINQa5R1WKCJl2YkZzg0AeyUAfyz/8Hc91p0X/AATZ+CtvqFxaRJP+3j+z5NJFdyxIklla+Hfil9vldZWVTbQRzp9qdv3caSr5rKGG4A6T/guB8AP+Cefgv/gmL40+M3ibw78H/hF8e/Bnw58KeI/2bvif4Gj0Hwb8Y4virEuiyeHbTwFqvh2TTvEur/2nJNImp2FlJeWYsHl1W4hL2NvcQAH6g/8ABHPxt+0h8Rf+Cav7JfjL9rJdcPxx1z4W6PdeKLvxRBNb+KdUssOnh3WPE0Nykd0niDVdBXT77VxeRx3f22eU3KCYvQB+mdABQAUAFABQAUAFABQAUAFABQB8+fsn/C7wj8E/2a/gj8JPAXjGH4heDPh38OPDPhTwz44t7vTL6DxVo+kWEdtZa3FeaM8mlXKX0SiZZtPdrVw2YWK80AfQdAH8dn7LX2T/AIJK/wDBfv8Abn0P9ou9T4cfs9/8FMZ7L4mfAf4y+IVk0f4V3fj2DxFr3id/hrfeLL8JoejeJ4JvGWt6VHa6hqFqbh9LsSIwmr6Ql0Af1i/En40/Cf4QeEJfHvxM+IPhXwd4TSBJrbV9X1e1jTVmm2CzsvD9rE8t94k1bUpJYbbSNG0G21LVdXvLi2stMs7y7uIIZQDtPDmu2nifQdH8RWEGoWtlrenWmqWlvq1hc6VqcVtewrPCl9pt4kd3Y3QjdfOtbmNJ4XzHIodWCgG1QAUAFABQAUAFABQAUAFABQB8gftl/wDIn/CL/s4/4N/+nu5oA+v6AOM+I88Nt8PPHlzcSxwW9v4M8UTzzSuscUMMWh30kssjsQqRxorO7sQqqpJIAJoA/mQ/4NQ/FPhjRv8Agmd8Rb/WPEWhaVY6X+1J8cJdTvdT1ewsLXTom11rtZb+4up4orSNrR1uQ9w8Sm3YTAmM7qAOb/bj1DQv+CyH/BUT9g74DfsvahZfEr9n3/gn78T739or9pr9oHw4suufCa28bWGpeFtQ8KfCbw74xsDL4d8V+K/tnhTTZ7230XUrm3tLTU9Ra6lZrBbe6AP6xQAoCqAFUAADgADgADjAA4HH5UALQAUAFABQAUAFABQAUAFABQAUAFABQB//1v7+KACgAoAKACgDP1XVtK0HTb7Wtc1PT9G0fS7Wa+1PVtVvLfTtN06ytkMtxeX19dyQ2tpa28atJNcXEscMSKXkdVBagD84Phh+2z+xdr/7TnxMt9A/bw/ZX8YX/jjTvAfh3wl8OdD+P3w/1TWotd0K3vbPVLfTNOi8RyWt/falc3EQW10R7u8keLE0IdVCgH6XAhgGUhlYAqwOQQeQQRkEEcgg8+9AHy/8eP2JP2Pv2o76w1P9o/8AZj+Bvx01DS1VNNvPit8M/Cfjq4sFRNiC0k8RaXftBtQbFMbKQvyjAwGAOH8Gf8E2P+Cffw613TfE/gT9i79mXwl4i0e5t7zSda0H4M+BNN1LTbu0bfa3Fjd2+ipNbTW7DdDJEUaM8rt/iAPtaOOOJEiiRI441CJHGqoiIowqoi4VVUYAVRgDgY4oAfQAUAFABQAUAFABQAUAFABQB5P8X/jx8Ev2ffDQ8ZfHX4u/Db4O+FXleCHxB8TPGvh3wTpV1cxqrNaWV54i1DT4r28CuhFpaNPctvTETblFAHyf/wAE5/il+ypc/s6/Cb4Afs8ftW/Bn9pa5+B3w58O+CtU1b4c+OPCusazcweH7OHT/wC2tU8LaRr2rapokF24Rl+1h4QZFVLmXcGoA/QigDzH4tfBX4Q/HrwlceAvjZ8MvAvxY8FXc0Vxc+FfiD4Y0fxZoM08OTFO+ma1aXlqZY9x8uTyg6kkqe1AHzp8IP8AgnB+wt8BPFUHjf4SfstfBvwV4tsmlOleIdL8GaT/AGpoiTPLJJb6Ddz20suiWrPM5+y6a1vAMgCIBVNAH2yBjgcAcADtQAUAFABQAUAFABQAUAFABQAUAflZ/wAFFf2yv2S/g5a/CnwV8VP2lPgf4A8Z2fx8+E2t33hDxR8TvCGk+KdO0Wx1eaa81jUvD1zqyavpulW8TrJLqV9ZwWaocmbhioB+jnw9+Jnw4+Lfhix8bfCrx/4K+Jfg3VFLab4s8AeKdD8YeG78L977Hrnh6+1DTLkrkBxFcuUPDYPFADfiP8Mvh38YPCOqeAPip4J8MfEPwRrkfk6x4T8Y6LYeIPD+qRbXTyr/AErUobizuoykjqUmhddrsMEMaAPjnw7/AMEpf+CZ/hC5jvPCv7BX7Jnh25hmNxFNonwJ+HemOk7Y3TA2mgxDzWAwz43HHJONtAH2l4L8BeCPhxodt4Z8AeEfDfgrw9Zgra6J4X0bT9D0u3BJYiKy06C3gTLMTxGMkk96AOtoAKACgAoAKACgAoAKACgAoAKACgAoAKAP/9f+8j/hYfgD/oePB/8A4U2i/wDyXQAf8LD8Af8AQ8eD/wDwptF/+S6AD/hYfgD/AKHjwf8A+FNov/yXQAf8LD8Af9Dx4P8A/Cm0X/5LoAP+Fh+AP+h48H/+FNov/wAl0Afxe/8ABVP4m/FP/gsF/wAFbPDn/BHn4bfHK6+C/wCyB8EfCFl8Sv2oPGvhfxHZadJ47uPseh6rqNjBeSXCabq1zpUmvaL4Y8O6TqIurCy1T+3vEjWt+kC2bgHuXiz/AINVP+CVWuaZ8RvDnhDxHefDG6k8J+Gbf4RfFrRfj74g1/x1onjiz0+7HiHXfFXh7XtZn8J6np+qat9inl0+C2QC0FzBpDaE7RSRAHYf8G5f7dHxp0nxJ+1l/wAEuP2zfiTY+Mvih+wx4wbQvAXxQ1zxLBfN4t+Hf9r6toSaQmv6hctJrdv4evNJWfR7+Wd3/sDV9LsY9yWO9gD+qD/hYfgD/oePB/8A4U2i/wDyXQAf8LD8Af8AQ8eD/wDwptF/+S6AD/hYfgD/AKHjwf8A+FNov/yXQAf8LD8Af9Dx4P8A/Cm0X/5LoAP+Fh+AP+h48H/+FNov/wAl0AH/AAsPwB/0PHg//wAKbRf/AJLoAP8AhYfgD/oePB//AIU2i/8AyXQAf8LD8Af9Dx4P/wDCm0X/AOS6AD/hYfgD/oePB/8A4U2i/wDyXQAf8LD8Af8AQ8eD/wDwptF/+S6AD/hYfgD/AKHjwf8A+FNov/yXQAf8LD8Af9Dx4P8A/Cm0X/5LoA4v4kfHv4WfDL4d+PfiTrnjTwvNovw98F+KfHGsQ2niPRpLuXS/Ceh32vahFaxi6JkuJLSwmSBAMtIVUZzQB/DH/wAE8P2KNL/4OFfi98af+Cj/APwU/wDjFrGp/AqP4leIvAn7Pv7M2k/Ei78G+H7Pw94evdj5uLHVNO1XSvDGmZTS7a20SXTNS1nVrXVNX1nUb1rlNwB1X7ef/BAP4V/8E+f2T/D/AO2r/wAE3v2k9X+Gv7X/AOyN4V0fxv8AELUfDfxDvxoPxog8MrbN4u1/S/Deq+KPEt34X1Rokl1afw5bare+GNS0aLU9HvdLuvtKOoB/VD/wSx/4KBeFv27f2Df2ef2mfEuueFfDnjHx34PW18d6PLrmmWSWfjvwzd3HhzxeLW2uZ4p4rKTXtMvpbNZE3fZ3TlhhqAP0F/4WH4A/6Hjwf/4U2i//ACXQAf8ACw/AH/Q8eD//AAptF/8AkugA/wCFh+AP+h48H/8AhTaL/wDJdAB/wsPwB/0PHg//AMKbRf8A5LoAP+Fh+AP+h48H/wDhTaL/APJdAB/wsPwB/wBDx4P/APCm0X/5LoAP+Fh+AP8AoePB/wD4U2i//JdAB/wsPwB/0PHg/wD8KbRf/kugA/4WH4A/6Hjwf/4U2i//ACXQAf8ACw/AH/Q8eD//AAptF/8AkugA/wCFh+AP+h48H/8AhTaL/wDJdAB/wsPwB/0PHg//AMKbRf8A5LoA/EH/AIOA/wDgp1rH7AX/AAT+8TeNP2f/ABVod38e/i14s0f4NfDC/wBH1HTdXv8AwnfeJrPUrnWPGdtawTyYvdG0vT5LTSpmBa11rVtMvY1ZrXCgH4kfDr/g3g/YV8G/s2fCH40ft3/EXUf2iv2pfjb8SfhfqHxt8UeJfjlq+h6D4Yi+I17Je+K9B0c+HfFGlTTfZhcpBd+K9dvL3VJL1Jb2yl0mOdbKIA8m8U+HNE/4NyP+Ck37MPib9j39o0/Er/gnj+2f42svht8XPg3q/wASdG8eRfDbVptU0nRpdWmubTVrh4ofDa6/pXiDw/4o1COPV30i313QL6+1Hy5LxwD+5qH9or4AXEMU8fxw+EJjnijmjJ+JXgxSUkQOhKnWcqSrDIPI6HvQBL/w0J8A/wDot/wg/wDDl+C//lzQAf8ADQnwD/6Lf8IP/Dl+C/8A5c0AH/DQnwD/AOi3/CD/AMOX4L/+XNAB/wANCfAP/ot/wg/8OX4L/wDlzQAf8NCfAP8A6Lf8IP8Aw5fgv/5c0AdJ4Y+Kfwx8bX0mmeDfiN4E8W6lDbtdzad4Y8X+H9fvorVHSN7mS00rULq4jt1eSNGmaPy1d0UsCy0Ad3QAUAFABQAUAFABQAUAFABQB//Q/tn/AOGOv2Uv+jdfg1/4b3w1/wDK2gA/4Y6/ZS/6N1+DX/hvfDX/AMraAD/hjr9lL/o3X4Nf+G98Nf8AytoAP+GOv2Uv+jdfg1/4b3w1/wDK2gA/4Y6/ZS/6N1+DX/hvfDX/AMraAP4xv+Ckfwl8Lf8ABGT/AILN+Gv+CiXi/wDZu0n4nf8ABPD9qDwda/Dr4oaPofgbSta0n4TeKGsNEstUns9Kmtl0rTtbGo6BaeKNDF29jBrOk6tr+kWEzX1lIYgD7g8T/wDBYj/ggn8NZPi/8cj4u+B3xS8D6r4J8G3Hwm+DHhD4PavL4+v/ABTp2mXn/CQ6Mvh/XPA2k6V4Uub6/ltEu9T1nVLSwdY5Z4Zb1ooo5wDyn/g3N/YQv/2hviB+2N/wVJ/ai/Z68IeEPC/7XXjSWT9nz4Q+IfBljFpXh/wBFrWraxceItF0LUbIiz0PUDf2Gi+HpzbxNe2GhtqlvJPY6jbTOAf1X/8ADHX7KX/Ruvwa/wDDe+Gv/lbQAf8ADHX7KX/Ruvwa/wDDe+Gv/lbQAf8ADHX7KX/Ruvwa/wDDe+Gv/lbQAf8ADHX7KX/Ruvwa/wDDe+Gv/lbQAf8ADHX7KX/Ruvwa/wDDe+Gv/lbQAf8ADHX7KX/Ruvwa/wDDe+Gv/lbQAf8ADHX7KX/Ruvwa/wDDe+Gv/lbQAf8ADHX7KX/Ruvwa/wDDe+Gv/lbQAf8ADHX7KX/Ruvwa/wDDe+Gv/lbQAf8ADHX7KX/Ruvwa/wDDe+Gv/lbQAf8ADHX7KX/Ruvwa/wDDe+Gv/lbQAf8ADHX7KX/Ruvwa/wDDe+Gv/lbQBw/xO/YF/ZP+JPw1+IXw6k+BPwn0SPx94H8WeCpNa03wB4dj1HSE8U6Df6G2qWEiWMLx3tgt+bu1dJYnWeKNlkQgPQB/FR/wSY/aW/ZU/wCCSPxO+OP/AAS8/wCCuvwb8G/DbXPCHxQ8ReJ/gp8fPG3wyHijwt4k8H+IbuSaCC91i20jVtUfQtTnjbVfDPiK1tLzTPJv59L1RtKm03dOAdB+3D/wUE/4J4+B/wDgnb8PP+CdX7EWg/C79tv9vX4s/DLwr8BIfGfwg+FV7qVlY6nqUEGl+IvEyeIda0TTtT1fxLrFkLm30e302S+eya8m1fWdQsU07ybgA/pa/wCCT3/BKT4QfskfsAfs5/BH41fB/wCGPjD4u6F4P/tz4lavrfhDQ9ZvYvGvi++uvE/iHSBql1a3M95a6LqOqT6XZzO67re1jxGigKoB+iv/AAx1+yl/0br8Gv8Aw3vhr/5W0AH/AAx1+yl/0br8Gv8Aw3vhr/5W0AH/AAx1+yl/0br8Gv8Aw3vhr/5W0AH/AAx1+yl/0br8Gv8Aw3vhr/5W0AH/AAx1+yl/0br8Gv8Aw3vhr/5W0AH/AAx1+yl/0br8Gv8Aw3vhr/5W0AH/AAx1+yl/0br8Gv8Aw3vhr/5W0AH/AAx1+yl/0br8Gv8Aw3vhr/5W0AH/AAx1+yl/0br8Gv8Aw3vhr/5W0AH/AAx1+yl/0br8Gv8Aw3vhr/5W0AH/AAx1+yl/0br8Gv8Aw3vhr/5W0AH/AAx1+yl/0br8Gv8Aw3vhr/5W0AfhZ/wcM/8ABJXQ/wBpn/gnx4iu/wBkn4MeC9G+O3wO8YaP8Y/D2keB/CWk6Zr3jbQvD9lqVt4n8KafHYWCSajqMtndwa1p+nEu9/PopsLaKW6vIYnAPzK+Fn/BWL/gjH+1R+yJ8HPB37SXw6+BvwG/aA8F/EP4T6P+0R8JPib8Ho4bC7tvCt89n4y1bT7yDwreaZrPh27mszdXGi3rw69asfs13pEhRJnAPin4u/Dv9iX/AILVf8FOv2W/2av+CWH7Inwt8E/sj/s6+MIPiH+1D+0N4L+COj/Dbw98Q9Ct9V0jUdS8Paj5Xh3TL+Xw/qFjoi+GfC2k6/Bb6lqt7r2t6mdITTrWWRQD+1qH/gkR/wAEuYYYoR/wT8/ZDkEUccYeX4B/Dh5H2IF3yOdCBd2xl2IyzEk4zQBJ/wAOjP8Agl1/0j6/ZA/8MD8N/wD5RUAH/Doz/gl1/wBI+v2QP/DA/Df/AOUVAB/w6M/4Jdf9I+v2QP8AwwPw3/8AlFQAf8OjP+CXX/SPr9kD/wAMD8N//lFQAf8ADoz/AIJdf9I+v2QP/DA/Df8A+UVAHsvwQ/YV/Yy/Zp8VXfjn9nv9lr4D/BXxlqGkT6BfeKPhl8MPCXgzXbvRLqe3urnSbjU9C0y0u5tPnubS1nltHl8l5beGRkZkQqAfVlABQAUAFABQAUAFABQAUAFAH//R/v4oAKACgAoAKAOO8f8Aw88B/FXwjrfgH4meDvDXj7wT4kspdO1/wn4u0XT/ABB4f1iwnXbNaajpWpwXNldwSKSrRzQupBII7MAfjv8AC7/ght/wTn8D/tOfEf4lJ+wj+zxbeE4LLwFqXwwE/gTwzqGk6R4nsobqfxHe6T4duILi10q5g1BbKaCb7DCqSIslns2EqAftfZWVnptpbafp9rb2NjZwx21pZ2kMdva21vCgSKGCCFViiijRVVI41VVUAAcfKAWqACgAoAKACgAoAKACgAoAKACgAoAKAPlL9qL9hz9kf9tLQLTw3+1H+z/8M/jRYaaXbSJ/GvhjT9S1fRHkBEkmh640I1fR5HU4aTT7y3dgcFscMAfIv/BND/gkh+yn+wD8JvhhJoP7PnwX0j9pTTPAmh6P8Tvi/wCGtAi1bX9e8TwWaprl1pXi3W7CHX4tLvLvzJkgjTTom3bjaRn5aAP1noAKACgAoAKACgAoAKACgAoAKACgAoACAQQRkHgg9CPQ9ev0/OgD8N/+ClP/AASm/wCCeXx01L4e/Fj4k/sofCPWPiR4o+O/wy0HxT4zsvDlvoPiDxTpWuaxPFqtt4l1HQv7OuNd+1xKsUkupvcTCNRGsgQAKAfqn+z9+zH+z5+yp4Gt/ht+zl8Hfh98GfBFvJ5//CPfD7wxpfhuxubsokcl/frp1tA+oahOsam4v7157q4cb5pXc7qAPdaACgAoAKACgAoAKACgAoAKACgAoAKACgAoAKACgD//0v7+KACgAoAKACgAoA8b8MXPxSf4z/FC28QQyL8K4NC8Dv8AD6YxaSscmry2d6fFqpNbZ1eQpdLa7l1LbCmcWeULmgD2SgAoAKACgAoAKACgAoAKACgAoAKACgAoAKAPnj9krwN8Uvhn+zN8Dfh/8bfEX/CW/Fzwf8NvDGgfEXxMNb1DxJ/bnizT9Pig1fUv7e1W3tdS1b7Tcq0n26+toLmfO+WNWJCgH0PQAUAFABQAUAFABQAUAFABQAUAFABQAUAfIH7Zf/In/CL/ALOP+Df/AKe7mgD6/oAKACgAoAKACgAoAKACgAoAKACgAoAKACgAoAKACgD/0/7+KACgAoAKACgAoA8b8Ma38SLr4z/FDRNc094fhrpWheB7jwLqBsreJL3VL+zvX8URreoPtF2ba4S2Vo5jst922MfMTQB7JQAUAFABQAUAFABQAUAFABQAUAFABQAUAFAHzj+yD4f+MHhX9l/4EeG/2gNT1DWfjZonwz8L6d8UdV1bWv8AhI9S1DxpbafHHrd1fa6ZZ/7WuZbsO0l950vnt8+85zQB9HUAFABQAUAFABQAUAFABQAUAFABQAUAFAHyB+2X/wAif8Iv+zj/AIN/+nu5oA+v6ACgAoAKACgAoAKACgAoAKACgAoAKACgAoAKACgAoA//1P7+KACgAoAKACgAoA8b8MeK/Hmo/Gf4oeEtX0N7TwD4c0LwPe+D9dOmXUCatqOs2d7L4ht11OQ/Zb86fPDAjRW4D2m/bNyy7gD2SgAoAKACgAoAKACgAoAKACgAoAKACgAoAKAPnL9kKz+M+n/swfAiy/aKbUH+Otr8M/C8PxXfVb7TtT1JvHCafENdN7qGkXN5pd5cm83+bPYXU9tI3MUrrhqAPo2gAoAKACgAoAKACgAoAKACgAoAKACgAoA+QP2y/wDkT/hF/wBnH/Bv/wBPdzQB9f0AFABQAUAFABQAUAFABQAUAFABQAUAFABQAUAFABQB/9X+/igAoAKACgAoAKAPHPDHjvxdq/xm+KHgLUvD0dl4Q8H6H4H1Hw14iWw1OGTW73xDZ3s+tWr6hPK2l3g0ya3hjSPT4Y5bcSFbtmdkoA9joAKACgAoAKACgAoAKACgAoAKACgAoAKACgD54/ZK1T40a1+zN8DdW/aMt57T47ah8NvDN18WLa5sdF0yeDxxLYRNr0c2n+HUj0KzkW8LhoNKRLGM8QAJQB9D0AFABQAUAFABQAUAFABQAUAFABQAUAFAHyB+2X/yJ/wi/wCzj/g3/wCnu5oA+v6ACgAoAKACgAoAKACgAoAKACgAoAKACgAoAKACgAoA/9b+/igAoAKACgAoAKAEwMk4GT1OOT9T/jQAtAHzR8U/2wf2ePgp8XPhZ8Cvih47vPCnxP8Aja2tRfCvQbjwL8Rb/TvGdz4c0u41vXbHTPF2j+EdS8GR6jpWkWs+o3um33iGyv4bRUma2KSxMwB6L8HPjR8Ovj74E0r4mfCrWNS8QeCNc81tF1zUfCXjHwcuqwRO0f27T9P8baB4d1W70ycgvZarBYyabqEJW4sbq4gZJWAOf8V/tPfs1eBNev8Awt44/aG+Bvg3xPpbpHqfhzxX8WfAXh7XtOkdFkSO/wBI1fxFZ6haO8brIi3FtGzIyuAVINAHV/D74x/CH4tJqMnwq+Knw4+JkejvAmryfD7xx4Z8Zppb3IdrdNRbw5quprYvOqO0C3JiMoRzGGCk0AfnB/wU0t/jl4T+D3xl+OOi/t06j+x9onws8EXmqfBrTPDWn/CddG8e/Ei10P7douk/FG/+KfhbXLvXT4o8XhPCekeEvDGq6DZSaZPBd3P2rUJZpYgD7y/Zi8Q/FPxb+zt8EfE/xvtdEsvjB4g+GHgzV/iVa+GpbafQIfGd/oVlc68ujzWc1xaSaeb+SZrZraeWDy2HlOU20Ae6UAFABQAUAFABQAUAFAHzh+yB4q+Lnjj9l34D+L/j3p95pPxo8R/DLwtq3xN0zUNEh8N3tj4xvNPik1q2utBt7e0g0iaO7Lq9jFbQJAfkWJQMUAfR9AHxFq3/AAUZ/Y70Lxj8Zfh5q3xU1ay8c/s/z+Bbb4s+FJPhL8aW13w1L8TtYj0D4e/Y9Nj+Hb3HiuPxjq80VnoE/g0eIYNQLrNDI1uRLQB9lWusafd6RDryzPa6VPYLqn2jVLa60d7exaD7SZ7+11aGxvNNMUGZLmLUILWa1CsLmOJkcUAeAyftk/sgxO8Uv7Vf7N0ckbtHJHJ8cvhijxuhKujo3isMrqwKsrAFSCCARigD2/wp4w8JePNBsfFPgbxT4d8Z+GNUV30zxH4U1vTfEWg6ikcjRSPY6vpF1eafdrHKjRO1vcyhZEZGIZWWgD8ff27P2yPjP4U/aG/Yz8AfAnWLbQ/hXrH7aHhD4IfHXxatpFeT+M9W1XwD8QvEGo/DTw5dTZggsfCkmgWL+NdRtRcTP4guI/DSTabe+HdZgugD9pKACgAoAKACgAoAKACgD5A/bL/5E/4Rf9nH/Bv/ANPdzQB9f0AedfFn4reBvgf8O/FfxW+Jep6jovgPwPpF3r/inWdL8MeKvGFxpOi6fC9xf6nJoXgvRPEXiK4s7G2jlur2ay0i6W0tYpbm48uCKSRQDx/4P/tpfs2fH3VfBWj/AAf+IN744uviF8L9D+M/hS4034f/ABMttIvvhn4muL618O+KL7xBqng2w0HQYtbuNM1GPS9M8Q6jpWtXv2K5a3050id1APavHvxR+GXwq0211n4ofEXwJ8N9Hvrr7DZar498XaB4P028vdhl+x2t94h1HTbW4uvKUyfZ4pXm2Avs2hioB53of7WH7LPifV9O8P8Ahr9pb4AeIdf1i7isdJ0PQ/jH8O9W1fVL6dtsFnp2m2HiW4vb27mb5Yre2glmkbhI2IxQB5f/AMFBPj94v/Zp/ZO+KfxS+H/g74meN/HFpY6b4e8M6d8I/hxqvxY8b6NfeKtUtdDufGum+BdJt7iTXR4D0q71Dxj9gvVj0vUJtEg0vUJ4YL5nUA+H/wDgkP8AGSH9o3S/iB8ULP8A4KO/Fb9skaIbXwf4g+E3xS+EngD4HeKvgh4rjmmuNVtfF/gLwz4K8J+IotXvAkNrZy6zLqmmQxWdyuk3c0kt7IwB+19ABQAUAFABQAUAFABQAUAFABQB/9f+/igAoAKACgAoAKACgAoA/Gj/AIK1/Aq+/bl8H6L+xn4D0HWND+KcNhq/x38NfHzV/h740vPBXwi1bwLp81t4b0vS/GdrpKeG7/xT8SdU1X/hF9Y8MQ6pqU3/AAr5vGB1HRnurrQywB9O/wDBNv8AaP8AEf7R/wCy34B1r4gfBf4gfAH4p+DNNg8B/Er4aeOPhn43+HFnpXirwun9kXt94JHi/QNFh8QeCdaNoNV8Oaro0l7AdNu7eK7a1vUntkAPmb9pf9kz9pX4h/Gnxp4v8D/spf8ABLr4g+GNXu7aXTPFvx68CePdW+KurRx2cMTyeKr/AEiJtPnuY5EaKBrdiotkiBwwIoA+l/2Gvgf8XvgzaePYvir8Ev2M/g7JrdzpEmkRfsjeGvE3h621pLWK5W5k8ZL4jjRrme1aRF0w22Qkck4kwSKAMH9qjxd+x18e9S+Jf7IX7SHwU8efFS707wh9uXQNU/Zy+JfjHwt4ls/FOi29xHP8NviLZ+D9R8CnxDZzyWllLdL4m0e78O69bxSXlxYpZNfRAHVf8EyfgL8R/wBmP9hj9nb4GfFfUrvUPG3w+8CWmjahDe6l/bE+hWazTTaR4XOp8C+TwzpclpoqXC/JItmCuV2mgD7woAKACgAoAKACgAoAKAPnX9kbx38T/if+zH8CviH8afD9z4U+LPjL4aeGPEHxC8NXmg33he60TxVqOnxT6tp0/h3Ukj1DRpba5Zo30+8RZ7Yjy5FDAigD6KoA/mg/4KD6F8RtZ/ac8Pf8FLfgB8BvG3iqf9gvxz4R+FnxE+HD/Bf4lN8RP2tfAevXE0PjfUfAXhy48Ow3vidPgs3i9dQ+Fev6fpU0GoazZ+OmXXJNBudKFAH9DPhrxdZfFX4X2Pi/w1pOpQWvjPwm+oaXofxD8K+JPCN/G+qaa5h0vxb4U8TaZo/iTSdssotdW0/UNNtLxI/OQRAlTQB+Il7+w3+19LeXcsX7Ef8AwRgmjluZ5I5br4afE5rqVHldkkuWWDa07qQ0xHBkLEUAfrL8FPht8SPCv7NNp8N9U0n4QfBL4lf8Ir4m0izi/Z/0C8j+F3gXXtUi1GPRtb8JeH/EISe4j0y5uLXV57HUAsN5exTRSfuZSWAP5/8A9sX9hL/gon4Ki/4J9+DfCn7VVr8TtB8F/tl+ENS0278K/si6Tcz/AAzu38BfEw3Xxb+IWo6VrmrXGtabHNdzWGt33im4tLK/1fxBbXN9qgvGt1nAP6gvDlprVhoGjWXiPV4tf1+002zt9Z1uDT4tJh1bUooES81CLTIZJobCO7nDzLaRSukAfy1ZgoKgG1QAUAFABQAUAFABQB8rftZ6BrniHwr8LLfQdH1PWZ7D4/fCfV76HS7K5vpbTStP1i4lv9RuUtopWhsbOMiS6upAsMCENJIoIoA+qaAPIfjz8TNG+EHwk8cePtd8H+L/AIg2Oi6He7fAvgXwbr/jzxN4wvLqCS2svDWn+HfDmka3fTf21cyR6fPeXNj/AGTp0NxJe6tPBYQzyoAfhX/wTN8G/Er/AIJ5ftUfEn9kHx38KPFOo/CD9pjStK/aR+C3xV+HXwi+Jeq/D34Pa/rsP2LxX+zB4x8ZxaDqlh4Z0fwXcWZuvhofE2swiLw/O9hqN1Z3QsrRwD9Y/wBtn4R/E34w/D/w5ofwv+E37LHxd1jT/En9oXuh/tX6D4g8QeC7Cy+xyw/b9DtvDyPdRa75rLF5sw8n7K0i5DYDAHwd8HP2OP2pvCfxS8B+JfEv7H3/AASV8K6BonibTdR1fxH8L/h98RLD4h6LY28wefUPB15fwiyttft1+ewmuSIUlALkDmgD9RP2hf2i/A/7NPhfw/4x+Ifh/wCJ2teGtf8AF2meDri9+GPww8Z/Fa58Nz6vBeS2+ueJ9C8B6TrviHTvC0LWhtb7XIdJvLayubq0juVRJw6gHxR8BPgbpmu/8FGPjf8AtpfDbwdqXgH4XePP2cvhd8J9ZvdT8Kav4Cv/AIx/E3wz4t8ba7f+Nrnwn4h0zRfEUdp4Z8K614b8I2Wta5pOn3OqXVlqP2KGfS4LLUb0A/VOgAoAKACgAoAKACgAoAKACgAoA//Q/tc/4av+HH/QJ8Zf+C3R/wD5oaAD/hq/4cf9Anxl/wCC3R//AJoaAD/hq/4cf9Anxl/4LdH/APmhoAP+Gr/hx/0CfGX/AILdH/8AmhoAP+Gr/hx/0CfGX/gt0f8A+aGgA/4av+HH/QJ8Zf8Agt0f/wCaGgA/4av+HH/QJ8Zf+C3R/wD5oaAD/hq/4cf9Anxl/wCC3R//AJoaAD/hq/4cf9Anxl/4LdH/APmhoAP+Gr/hx/0CfGX/AILdH/8AmhoAP+Gr/hx/0CfGX/gt0f8A+aGgA/4av+HH/QJ8Zf8Agt0f/wCaGgBp/as+GpYOdG8YFwMBzpeilgO4DHxBuAJ7A/nmgB3/AA1f8OP+gT4y/wDBbo//AM0NAB/w1f8ADj/oE+Mv/Bbo/wD80NAB/wANX/Dj/oE+Mv8AwW6P/wDNDQAf8NX/AA4/6BPjL/wW6P8A/NDQAf8ADV/w4/6BPjL/AMFuj/8AzQ0AH/DV/wAOP+gT4y/8Fuj/APzQ0AH/AA1f8OP+gT4y/wDBbo//AM0NAB/w1f8ADj/oE+Mv/Bbo/wD80NAB/wANX/Dj/oE+Mv8AwW6P/wDNDQAf8NX/AA4/6BPjL/wW6P8A/NDQAf8ADV/w4/6BPjL/AMFuj/8AzQ0AH/DV/wAOP+gT4y/8Fuj/APzQ0AH/AA1f8OP+gT4y/wDBbo//AM0NAB/w1f8ADj/oE+Mv/Bbo/wD80NAB/wANX/Dj/oE+Mv8AwW6P/wDNDQAf8NX/AA4/6BPjL/wW6P8A/NDQAf8ADV/w4/6BPjL/AMFuj/8AzQ0AH/DV/wAOP+gT4y/8Fuj/APzQ0AH/AA1f8OP+gT4y/wDBbo//AM0NAB/w1f8ADj/oE+Mv/Bbo/wD80NAB/wANX/Dj/oE+Mv8AwW6P/wDNDQAf8NX/AA4/6BPjL/wW6P8A/NDQAf8ADV/w4/6BPjL/AMFuj/8AzQ0AH/DV/wAOP+gT4y/8Fuj/APzQ0AH/AA1f8OP+gT4y/wDBbo//AM0NAB/w1f8ADj/oE+Mv/Bbo/wD80NAB/wANX/Dj/oE+Mv8AwW6P/wDNDQAf8NX/AA4/6BPjL/wW6P8A/NDQAf8ADV/w4/6BPjL/AMFuj/8AzQ0AH/DV/wAOP+gT4y/8Fuj/APzQ0ANb9q34bOpV9H8YOp6q2maMyn6g+ICDz6j8sCgBw/av+G44GkeMgB0A03R+P/LgH8vyoAP+Gr/hx/0CfGX/AILdH/8AmhoAP+Gr/hx/0CfGX/gt0f8A+aGgA/4av+HH/QJ8Zf8Agt0f/wCaGgA/4av+HH/QJ8Zf+C3R/wD5oaAD/hq/4cf9Anxl/wCC3R//AJoaAD/hq/4cf9Anxl/4LdH/APmhoAP+Gr/hx/0CfGX/AILdH/8AmhoAP+Gr/hx/0CfGX/gt0f8A+aGgA/4av+HH/QJ8Zf8Agt0f/wCaGgA/4av+HH/QJ8Zf+C3R/wD5oaAD/hq/4cf9Anxl/wCC3R//AJoaAP/Z</file>
    </generalfeedback>
    <defaultgrade>3.0000000</defaultgrade>
    <penalty>0.3333333</penalty>
    <hidden>0</hidden>
    <idnumber></idnumber>
    <correctfeedback format="html">
      <text>Vaše odpověď je správná.</text>
    </correctfeedback>
    <partiallycorrectfeedback format="html">
      <text>Vaše odpověď je částečně správná.</text>
    </partiallycorrectfeedback>
    <incorrectfeedback format="html">
      <text>Vaše odpověď je chybná.</text>
    </incorrectfeedback>
    <shownumcorrect/>
<varsrandom><text></text>
</varsrandom>
<varsglobal><text><![CDATA[p=0.5; f="2x ";
a = 0; b = 1;
phi="10x-4"; alpha="t-4"; beta = "\\frac{6}{1+t}";
h=0.1; tau = 0.01;
x=[0,0.1,0.2,0.3,0.4,0.5,0.6,0.7,0.8,0.9,1];
u0= [10*x[0]-4, 10*x[1]-4, 10*x[2]-4, 10*x[3]-4, 10*x[4]-4, 10*x[5]-4, 10*x[6]-4, 10*x[7]-4, 10*x[8]-4, 10*x[9]-4, 10*x[10]-4];
sigma = p*tau/(h*h);
uB=sigma*(u0[6] +u0[8])+tau*2*x[7];
uC=sigma*(u0[8] +u0[10])+tau*2*x[9];
uA=sigma*(uB + uC)+ tau*2*x[8];]]></text>
</varsglobal>
<answernumbering><text>abc</text>
</answernumbering>
<answers>
 <partindex>
  <text>0</text>
 </partindex>
 <placeholder>
  <text></text>
 </placeholder>
 <answermark>
  <text>1</text>
 </answermark>
 <answertype>
  <text>0</text>
 </answertype>
 <numbox>
  <text>3</text>
 </numbox>
 <vars1>
  <text></text>
 </vars1>
 <answer>
  <text>[u0[6], u0[8], u0[10]]</text>
 </answer>
 <vars2>
  <text></text>
 </vars2>
 <correctness>
  <text><![CDATA[_relerr < 0.01]]></text>
 </correctness>
 <unitpenalty>
  <text>1</text>
 </unitpenalty>
 <postunit>
  <text></text>
 </postunit>
 <ruleid>
  <text>1</text>
 </ruleid>
 <otherrule>
  <text></text>
 </otherrule>
 <subqtext format="html">
<text><![CDATA[<p>Určete hodnoty řešení v bodech \(D=[0.6\ 0],\ E=[0.8,\ 0],\ F=[1,\ 0] \). <br></p><p>\(U_D = \){_0}, \(U_E = \){_1}, \(U_F = \){_2}<br></p>]]></text>
 </subqtext>
 <feedback format="html">
<text></text>
 </feedback>
 <correctfeedback format="html">
<text></text>
 </correctfeedback>
 <partiallycorrectfeedback format="html">
<text></text>
 </partiallycorrectfeedback>
 <incorrectfeedback format="html">
<text></text>
 </incorrectfeedback>
</answers>
<answers>
 <partindex>
  <text>1</text>
 </partindex>
 <placeholder>
  <text></text>
 </placeholder>
 <answermark>
  <text>1</text>
 </answermark>
 <answertype>
  <text>10</text>
 </answertype>
 <numbox>
  <text>2</text>
 </numbox>
 <vars1>
  <text></text>
 </vars1>
 <answer>
  <text>[uB, uC]</text>
 </answer>
 <vars2>
  <text></text>
 </vars2>
 <correctness>
  <text><![CDATA[_relerr < 0.01]]></text>
 </correctness>
 <unitpenalty>
  <text>1</text>
 </unitpenalty>
 <postunit>
  <text></text>
 </postunit>
 <ruleid>
  <text>1</text>
 </ruleid>
 <otherrule>
  <text></text>
 </otherrule>
 <subqtext format="html">
<text><![CDATA[<p>Určete přibližné hodnoty řešení v bodech \(B=[0.7,\ 0.01],\ C=[0.9,\ 0.01]\).</p><p>\(U_B = \){_0}, \(U_C = \){_1}<br></p>]]></text>
 </subqtext>
 <feedback format="html">
<text></text>
 </feedback>
 <correctfeedback format="html">
<text></text>
 </correctfeedback>
 <partiallycorrectfeedback format="html">
<text></text>
 </partiallycorrectfeedback>
 <incorrectfeedback format="html">
<text></text>
 </incorrectfeedback>
</answers>
<answers>
 <partindex>
  <text>2</text>
 </partindex>
 <placeholder>
  <text></text>
 </placeholder>
 <answermark>
  <text>1</text>
 </answermark>
 <answertype>
  <text>10</text>
 </answertype>
 <numbox>
  <text>1</text>
 </numbox>
 <vars1>
  <text></text>
 </vars1>
 <answer>
  <text>uA</text>
 </answer>
 <vars2>
  <text></text>
 </vars2>
 <correctness>
  <text><![CDATA[_relerr < 0.01]]></text>
 </correctness>
 <unitpenalty>
  <text>1</text>
 </unitpenalty>
 <postunit>
  <text></text>
 </postunit>
 <ruleid>
  <text>1</text>
 </ruleid>
 <otherrule>
  <text></text>
 </otherrule>
 <subqtext format="html">
<text><![CDATA[<p></p><p>Určete přibližnou hodnotu řešení v bodě \(A = [0.8,\ 0.02]\) užitím explicitního schématu.</p><p>\(U_A =\) {_0}</p><br><p></p>]]></text>
 </subqtext>
 <feedback format="html">
<text></text>
 </feedback>
 <correctfeedback format="html">
<text></text>
 </correctfeedback>
 <partiallycorrectfeedback format="html">
<text></text>
 </partiallycorrectfeedback>
 <incorrectfeedback format="html">
<text></text>
 </incorrectfeedback>
</answers>
  </question>

<!-- question: 140104  -->
  <question type="formulas">
    <name>
      <text>teplo explicitni 5</text>
    </name>
    <questiontext format="html">
      <text><![CDATA[<p>Je dána smíšená úloha pro rovnici vedení tepla: $$\frac{\partial u}{\partial t} ={{p}}\frac{\partial^2 u}{\partial x^2} + {{f}} \ \mbox{ v oblasti } \Omega = \{[x,t]:\ x\in({a},{b}),\ t&gt;0\}$$ s počáteční podmínkou \( u(x,0) = {{phi}},\ x\in\langle {a},\ {b}\rangle \) <br></p><p>a okrajovými podmínkami \( u({a},t) = {alpha},\ u({b},t) = {beta},\ t\geq 0\).</p><p>Volte prostorový krok \(h = {h}\), časový krok \(\tau = {tau}\).<br></p>]]></text>
    </questiontext>
    <generalfeedback format="html">
      <text><![CDATA[<p>Bod \(A\) leží ve druhé časové vrstvě. <br></p><p>Přibližnou hodnotu řešení \(U_A\) v bodě \(A\) pomocí explicitního schématu vypočteme:&nbsp;<img src="@@PLUGINFILE@@/explicitni4_moodle.jpg" alt="" role="presentation" class="img-responsive atto_image_button_right" width="250" height="114"> <br></p><p>$$U_A = \frac{p\tau}{h^2}U_B + \left(1-2 \frac{p\tau}{h^2}\right)U_C +\frac{p\tau}{h^2}U_D + \tau f(0.25,\ 0.1),$$ kde \(U_B,\ U_C,\ U_D\) jsou hodnoty na první časové vrstvě, \(U_B =0\) (okrajová podmínka), \(U_C = \frac{p\tau}{h^2}U_E +\left(1-2 \frac{p\tau}{h^2}\right)U_F+ \frac{p\tau}{h^2}U_G + \tau f(0.25,\ 0), U_D=\frac{p\tau}{h^2}U_F +&nbsp; \left(1-2 \frac{p\tau}{h^2}\right)U_G+\frac{p\tau}{h^2}U_H + \tau f(0.5,\ 0)\). Hodnoty \(U_E, U_F, U_G, U_H\) leží v nulté časové vrstvě. Ty určíme z počáteční podmínky \(U_i^0 = {phi}\).</p><p>Pro zadanou úlohu je \(p={p}\), jsou zvolené kroky \(h={h}, \tau = {tau}\), tedy \(\displaystyle \frac{p\tau}{h^2} = {sigma}\).<br></p>]]></text>
<file name="explicitni1_moodle.jpg" path="/" encoding="base64">/9j/4AAQSkZJRgABAQAASABIAAD/4QBMRXhpZgAATU0AKgAAAAgAAgESAAMAAAABAAEAAIdpAAQAAAABAAAAJgAAAAAAAqACAAQAAAABAAAB/6ADAAQAAAABAAAA6AAAAAD/4QkhaHR0cDovL25zLmFkb2JlLmNvbS94YXAvMS4wLwA8P3hwYWNrZXQgYmVnaW49Iu+7vyIgaWQ9Ilc1TTBNcENlaGlIenJlU3pOVGN6a2M5ZCI/PiA8eDp4bXBtZXRhIHhtbG5zOng9ImFkb2JlOm5zOm1ldGEvIiB4OnhtcHRrPSJYTVAgQ29yZSA1LjQuMCI+IDxyZGY6UkRGIHhtbG5zOnJkZj0iaHR0cDovL3d3dy53My5vcmcvMTk5OS8wMi8yMi1yZGYtc3ludGF4LW5zIyI+IDxyZGY6RGVzY3JpcHRpb24gcmRmOmFib3V0PSIiLz4gPC9yZGY6UkRGPiA8L3g6eG1wbWV0YT4gICAgICAgICAgICAgICAgICAgICAgICAgICAgICAgICAgICAgICAgICAgICAgICAgICAgICAgICAgICAgICAgICAgICAgICAgICAgICAgICAgICAgICAgICAgICAgICAgICAgICAgICAgICAgICAgICAgICAgICAgICAgICAgICAgICAgICAgICAgICAgICAgICAgICAgICAgICAgICAgICAgICAgICAgICAgICAgICAgICAgICAgICAgICAgICAgICAgICAgICAgICAgICAgICAgICAgICAgICAgICAgICAgICAgICAgICAgICAgICAgICAgICAgICAgICAgICAgICAgICAgICAgICAgICAgICAgICAgICAgICAgICAgICAgICAgICAgICAgICAgICAgICAgICAgICAgICAgICAgICAgICAgICAgICAgICAgICAgICAgICAgICAgICAgICAgICAgICAgICAgICAgICAgICAgICAgICAgICAgICAgICAgICAgICAgICAgICAgICAgICAgICAgICAgICAgICAgICAgICAgICAgICAgICAgICAgICAgICAgICAgICAgICAgICAgICAgICAgICAgICAgICAgICAgICAgICAgICAgICAgICAgICAgICAgICAgICAgICAgICAgICAgICAgICAgICAgICAgICAgICAgICAgICAgICAgICAgICAgICAgICAgICAgICAgICAgICAgICAgICAgICAgICAgICAgICAgICAgICAgICAgICAgICAgICAgICAgICAgICAgICAgICAgICAgICAgICAgICAgICAgICAgICAgICAgICAgICAgICAgICAgICAgICAgICAgICAgICAgICAgICAgICAgICAgICAgICAgICAgICAgICAgICAgICAgICAgICAgICAgICAgICAgICAgICAgICAgICAgICAgICAgICAgICAgICAgICAgICAgICAgICAgICAgICAgICAgICAgICAgICAgICAgICAgICAgICAgICAgICAgICAgICAgICAgICAgICAgICAgICAgICAgICAgICAgICAgICAgICAgICAgICAgICAgICAgICAgICAgICAgICAgICAgICAgICAgICAgICAgICAgICAgICAgICAgICAgICAgICAgICAgICAgICAgICAgICAgICAgICAgICAgICAgICAgICAgICAgICAgICAgICAgICAgICAgICAgICAgICAgICAgICAgICAgICAgICAgICAgICAgICAgICAgICAgICAgICAgICAgICAgICAgICAgICAgICAgICAgICAgICAgICAgICAgICAgICAgICAgICAgICAgICAgICAgICAgICAgICAgICAgICAgICAgICAgICAgICAgICAgICAgICAgICAgICAgICAgICAgICAgICAgICAgICAgICAgICAgICAgICAgICAgICAgICAgICAgICAgICAgICAgICAgICAgICAgICAgICAgICAgICAgICAgICAgICAgICAgICAgICAgICAgICAgICAgICAgICAgICAgICAgICAgICAgICAgICAgICAgICAgICAgICAgICAgICAgICAgICAgICAgICAgICAgICAgICAgICAgICAgICAgICAgICAgICAgICAgICAgICAgICAgICAgICAgICAgICAgICAgICAgICAgICAgICAgICAgICAgICAgICAgICAgICAgICAgICAgICAgICAgICAgICAgICAgICAgICAgICAgICAgICAgICAgICAgICAgICAgICAgICAgICAgICAgICAgICAgICAgICAgICAgICAgICAgICAgICAgICAgICAgICAgICAgICAgICAgICAgICAgICAgICAgICAgICAgICAgICAgICAgICAgICAgICAgICAgICAgICAgICAgICAgICAgICAgICAgICAgICAgICAgICAgICAgICAgICAgICAgICAgICAgICAgICAgICAgICAgICAgICAgICAgICAgICAgICAgICAgICAgICAgICAgICAgICAgICAgICAgICAgICAgICAgICAgICAgICAgICAgICAgICAgICAgICAgICAgICAgICAgICAgICAgICAgICAgICAgICAgICAgICAgICAgICAgICAgICAgICAgICAgICAgICAgICAgICAgICAgICAgICAgICAgICAgICAgICAgICAgICAgICAgICAgICAgICAgICAgICAgICAgICAgICAgICAgICAgICAgICAgICAgICAgICAgICAgICAgICAgICAgICAgICAgICAgICAgICAgICAgICAgICAgICAgICAgICAgICAgICAgICAgICAgICAgICAgICAgICAgICAgICAgICAgICAgICAgICAgICAgICAgICAgICAgICAgICAgICAgICAgICAgICAgICAgICAgICAgICAgICAgICAgICAgICAgICAgICAgICAgICAgICAgICAgICAgICAgICAgICAgICAgICAgICAgICAgICAgICAgICAgICAgICAgICAgICAgICAgICAgICAgICAgICAgICAgICAgICAgICAgICAgICAgICAgICAgICAgICAgICAgICAgICAgICAgICAgICAgICAgICAgICAgICAgICAgICAgICAgICAgICAgICAgICAgICAgICAgICAgICAgICAgICAgICA8P3hwYWNrZXQgZW5kPSJ3Ij8+AP/tADhQaG90b3Nob3AgMy4wADhCSU0EBAAAAAAAADhCSU0EJQAAAAAAENQdjNmPALIE6YAJmOz4Qn7/4htESUNDX1BST0ZJTEUAAQEAABs0YXBwbAIQAABtbnRyUkdCIFhZWiAH5AABAAEACAAyADRhY3NwQVBQTAAAAABBUFBMAAAAAAAAAAAAAAAAAAAAAAAA9tYAAQAAAADTLWFwcGwAAAAAAAAAAAAAAAAAAAAAAAAAAAAAAAAAAAAAAAAAAAAAAAAAAAAAAAAAAAAAABFkZXNjAAABUAAAAGJkc2NtAAABtAAABDZjcHJ0AAAF7AAAACN3dHB0AAAGEAAAABRyWFlaAAAGJAAAABRnWFlaAAAGOAAAABRiWFlaAAAGTAAAABRyVFJDAAAGYAAACAxhYXJnAAAObAAAACB2Y2d0AAAOjAAABhJuZGluAAAUoAAABj5jaGFkAAAa4AAAACxtbW9kAAAbDAAAAChiVFJDAAAGYAAACAxnVFJDAAAGYAAACAxhYWJnAAAObAAAACBhYWdnAAAObAAAACBkZXNjAAAAAAAAAAhEaXNwbGF5AAAAAAAAAAAAAAAAAAAAAAAAAAAAAAAAAAAAAAAAAAAAAAAAAAAAAAAAAAAAAAAAAAAAAAAAAAAAAAAAAAAAAAAAAAAAAAAAAAAAAAAAAAAAbWx1YwAAAAAAAAAjAAAADGhySFIAAAAUAAABtGtvS1IAAAAMAAAByG5iTk8AAAASAAAB1GlkAAAAAAASAAAB5mh1SFUAAAAUAAAB+GNzQ1oAAAAWAAACDGRhREsAAAAcAAACIm5sTkwAAAAWAAACPmZpRkkAAAAQAAACVGl0SVQAAAAUAAACZHJvUk8AAAASAAACeGVzRVMAAAASAAACeGFyAAAAAAAUAAACinVrVUEAAAAcAAACnmhlSUwAAAAWAAACunpoVFcAAAAMAAAC0HZpVk4AAAAOAAAC3HNrU0sAAAAWAAAC6npoQ04AAAAMAAAC0HJ1UlUAAAAkAAADAGZyRlIAAAAWAAADJG1zAAAAAAASAAADOmhpSU4AAAASAAADTHRoVEgAAAAMAAADXmNhRVMAAAAYAAADamVzWEwAAAASAAACeGRlREUAAAAQAAADgmVuVVMAAAASAAADknB0QlIAAAAYAAADpHBsUEwAAAASAAADvGVsR1IAAAAiAAADznN2U0UAAAAQAAAD8HRyVFIAAAAUAAAEAHB0UFQAAAAWAAAEFGphSlAAAAAMAAAEKgBMAEMARAAgAHUAIABiAG8AagBpzuy37AAgAEwAQwBEAEYAYQByAGcAZQAtAEwAQwBEAEwAQwBEACAAVwBhAHIAbgBhAFMAegDtAG4AZQBzACAATABDAEQAQgBhAHIAZQB2AG4A/QAgAEwAQwBEAEwAQwBEAC0AZgBhAHIAdgBlAHMAawDmAHIAbQBLAGwAZQB1AHIAZQBuAC0ATABDAEQAVgDkAHIAaQAtAEwAQwBEAEwAQwBEACAAYwBvAGwAbwByAGkATABDAEQAIABjAG8AbABvAHIgDwBMAEMARAAgBkUGRAZIBkYGKQQaBD4EOwRMBD4EQAQ+BDIEOAQ5ACAATABDAEQgDwBMAEMARAAgBeYF0QXiBdUF4AXZX2mCcgAgAEwAQwBEAEwAQwBEACAATQDgAHUARgBhAHIAZQBiAG4A/QAgAEwAQwBEBCYEMgQ1BEIEPQQ+BDkAIAQWBBoALQQ0BDgEQQQ/BDsENQQ5AEwAQwBEACAAYwBvAHUAbABlAHUAcgBXAGEAcgBuAGEAIABMAEMARAkwCQIJFwlACSgAIABMAEMARABMAEMARAAgDioONQBMAEMARAAgAGUAbgAgAGMAbwBsAG8AcgBGAGEAcgBiAC0ATABDAEQAQwBvAGwAbwByACAATABDAEQATABDAEQAIABDAG8AbABvAHIAaQBkAG8ASwBvAGwAbwByACAATABDAEQDiAOzA8cDwQPJA7wDtwAgA78DuAPMA70DtwAgAEwAQwBEAEYA5AByAGcALQBMAEMARABSAGUAbgBrAGwAaQAgAEwAQwBEAEwAQwBEACAAYQAgAEMAbwByAGUAczCrMOkw/ABMAEMARAAAdGV4dAAAAABDb3B5cmlnaHQgQXBwbGUgSW5jLiwgMjAyMAAAWFlaIAAAAAAAAPNSAAEAAAABFs9YWVogAAAAAAAAYWwAADgyAAAKQlhZWiAAAAAAAABvHAAArpUAABaZWFlaIAAAAAAAACZOAAAZOQAAslJjdXJ2AAAAAAAABAAAAAAFAAoADwAUABkAHgAjACgALQAyADYAOwBAAEUASgBPAFQAWQBeAGMAaABtAHIAdwB8AIEAhgCLAJAAlQCaAJ8AowCoAK0AsgC3ALwAwQDGAMsA0ADVANsA4ADlAOsA8AD2APsBAQEHAQ0BEwEZAR8BJQErATIBOAE+AUUBTAFSAVkBYAFnAW4BdQF8AYMBiwGSAZoBoQGpAbEBuQHBAckB0QHZAeEB6QHyAfoCAwIMAhQCHQImAi8COAJBAksCVAJdAmcCcQJ6AoQCjgKYAqICrAK2AsECywLVAuAC6wL1AwADCwMWAyEDLQM4A0MDTwNaA2YDcgN+A4oDlgOiA64DugPHA9MD4APsA/kEBgQTBCAELQQ7BEgEVQRjBHEEfgSMBJoEqAS2BMQE0wThBPAE/gUNBRwFKwU6BUkFWAVnBXcFhgWWBaYFtQXFBdUF5QX2BgYGFgYnBjcGSAZZBmoGewaMBp0GrwbABtEG4wb1BwcHGQcrBz0HTwdhB3QHhgeZB6wHvwfSB+UH+AgLCB8IMghGCFoIbgiCCJYIqgi+CNII5wj7CRAJJQk6CU8JZAl5CY8JpAm6Cc8J5Qn7ChEKJwo9ClQKagqBCpgKrgrFCtwK8wsLCyILOQtRC2kLgAuYC7ALyAvhC/kMEgwqDEMMXAx1DI4MpwzADNkM8w0NDSYNQA1aDXQNjg2pDcMN3g34DhMOLg5JDmQOfw6bDrYO0g7uDwkPJQ9BD14Peg+WD7MPzw/sEAkQJhBDEGEQfhCbELkQ1xD1ERMRMRFPEW0RjBGqEckR6BIHEiYSRRJkEoQSoxLDEuMTAxMjE0MTYxODE6QTxRPlFAYUJxRJFGoUixStFM4U8BUSFTQVVhV4FZsVvRXgFgMWJhZJFmwWjxayFtYW+hcdF0EXZReJF64X0hf3GBsYQBhlGIoYrxjVGPoZIBlFGWsZkRm3Gd0aBBoqGlEadxqeGsUa7BsUGzsbYxuKG7Ib2hwCHCocUhx7HKMczBz1HR4dRx1wHZkdwx3sHhYeQB5qHpQevh7pHxMfPh9pH5Qfvx/qIBUgQSBsIJggxCDwIRwhSCF1IaEhziH7IiciVSKCIq8i3SMKIzgjZiOUI8Ij8CQfJE0kfCSrJNolCSU4JWgllyXHJfcmJyZXJocmtyboJxgnSSd6J6sn3CgNKD8ocSiiKNQpBik4KWspnSnQKgIqNSpoKpsqzysCKzYraSudK9EsBSw5LG4soizXLQwtQS12Last4S4WLkwugi63Lu4vJC9aL5Evxy/+MDUwbDCkMNsxEjFKMYIxujHyMioyYzKbMtQzDTNGM38zuDPxNCs0ZTSeNNg1EzVNNYc1wjX9Njc2cjauNuk3JDdgN5w31zgUOFA4jDjIOQU5Qjl/Obw5+To2OnQ6sjrvOy07azuqO+g8JzxlPKQ84z0iPWE9oT3gPiA+YD6gPuA/IT9hP6I/4kAjQGRApkDnQSlBakGsQe5CMEJyQrVC90M6Q31DwEQDREdEikTORRJFVUWaRd5GIkZnRqtG8Ec1R3tHwEgFSEtIkUjXSR1JY0mpSfBKN0p9SsRLDEtTS5pL4kwqTHJMuk0CTUpNk03cTiVObk63TwBPSU+TT91QJ1BxULtRBlFQUZtR5lIxUnxSx1MTU19TqlP2VEJUj1TbVShVdVXCVg9WXFapVvdXRFeSV+BYL1h9WMtZGllpWbhaB1pWWqZa9VtFW5Vb5Vw1XIZc1l0nXXhdyV4aXmxevV8PX2Ffs2AFYFdgqmD8YU9homH1YklinGLwY0Njl2PrZEBklGTpZT1lkmXnZj1mkmboZz1nk2fpaD9olmjsaUNpmmnxakhqn2r3a09rp2v/bFdsr20IbWBtuW4SbmtuxG8eb3hv0XArcIZw4HE6cZVx8HJLcqZzAXNdc7h0FHRwdMx1KHWFdeF2Pnabdvh3VnezeBF4bnjMeSp5iXnnekZ6pXsEe2N7wnwhfIF84X1BfaF+AX5ifsJ/I3+Ef+WAR4CogQqBa4HNgjCCkoL0g1eDuoQdhICE44VHhauGDoZyhteHO4efiASIaYjOiTOJmYn+imSKyoswi5aL/IxjjMqNMY2Yjf+OZo7OjzaPnpAGkG6Q1pE/kaiSEZJ6kuOTTZO2lCCUipT0lV+VyZY0lp+XCpd1l+CYTJi4mSSZkJn8mmia1ZtCm6+cHJyJnPedZJ3SnkCerp8dn4uf+qBpoNihR6G2oiailqMGo3aj5qRWpMelOKWpphqmi6b9p26n4KhSqMSpN6mpqhyqj6sCq3Wr6axcrNCtRK24ri2uoa8Wr4uwALB1sOqxYLHWskuywrM4s660JbSctRO1irYBtnm28Ldot+C4WbjRuUq5wro7urW7LrunvCG8m70VvY++Cr6Evv+/er/1wHDA7MFnwePCX8Lbw1jD1MRRxM7FS8XIxkbGw8dBx7/IPci8yTrJuco4yrfLNsu2zDXMtc01zbXONs62zzfPuNA50LrRPNG+0j/SwdNE08bUSdTL1U7V0dZV1tjXXNfg2GTY6Nls2fHadtr724DcBdyK3RDdlt4c3qLfKd+v4DbgveFE4cziU+Lb42Pj6+Rz5PzlhOYN5pbnH+ep6DLovOlG6dDqW+rl63Dr++yG7RHtnO4o7rTvQO/M8Fjw5fFy8f/yjPMZ86f0NPTC9VD13vZt9vv3ivgZ+Kj5OPnH+lf65/t3/Af8mP0p/br+S/7c/23//3BhcmEAAAAAAAMAAAACZmYAAPKnAAANWQAAE9AAAApbdmNndAAAAAAAAAAAAAMBAAACAAAAVgEuAesCxAODBFMFQAYnBxoIGAkfCj0LTgxrDZAOuQ/sES0SZROjFOMWKhd5GL8aDxtXHKQd8x88IIQhzSMRJFIljSbLKAApMypmK5csyi33LygwUTGAMqsz1TUCNjE3XTiKObY64TwNPTg+YD+JQLFB3EMIRDZFY0aQR7hI3koBSyRMR01qTo9PtFDYUfhTFlQzVU9WbVeNWK5Zy1rhW/Bc9137XwBgCmEZYi1jQWRSZV9mZWdhaFNpPGogawFr4Gy/baBug29ocFBxOHIgcwhz73TWdb52qHeTeH55bHpZe0l8PX03fjZ/OYBBgUuCV4NlhHSFhYaUh6SIs4nAisyL1ozfjeeO7Y/ykPWR9pL1k/WU+pYElxWYLJlHmmObf5yYna6ev5/LoNSh2qLgo+mk9KYDpxWoKqlCqlyrd6yUrbKu0a/xsRGyM7NTtHO1kLapt7q4wbnDusC7u7y1va++qb+jwJ3BlcKKw3zEasVTxjbHGMf5yODJz8rGy8PMwc28zq/PmNBz0UPSDdLT05vUZtU11gXW19eo2HbZQNoG2sfbgNw13Ofdkd473uPfjeA74Ovhn+JS4wPjr+RV5PnllOYs5r/nUufk6IXpL+nk6qjrbuwz7PXtr+5j7xHvtfBQ8ObxfPIX8sbzj/Ru9WH2ZveK+OT6xf0u//8AAABWASMBsAJqAzID6ASxBYAGWAc9CC0JJwonCyIMMA06DlEPYxB+EZ8SvhPpFRAWOBdhGIgZtBreHAsdMx5bH4AgoSG/Itsj9SULJh8nNShJKWAqeSuTLLEtzC7oMAQxITI8M1o0dDWLNqQ3uTjNOeI69DwGPRs+MT9NQGxBj0KwQ9BE7UYIRx1IMklFSlVLY0xuTXhOfk+DUIVRhlKIU4pUjFWKVoRXeVhoWVRaRFs/XEZdWl53X5VgsGHCYspjxWS1ZZxme2dXaDBpDGnsatBrumypbZtuj2+CcHJxXHJAcx9z+3TVda12hndieEV5MHokex18GX0VfhB/Bn/2gOKByoKxg5WEd4VdhkqHRIhMiWGKgYuljMaN3o7uj/WQ95H1kvOT8JTtleyW7pf4mRCaOZtunKadzp7jn+mg5aHfotmj0aTIpb6mvKfKqO2qIatdrJyt2a8UsE6xiLLCs/m1LrZkt5u40roFuzS8X72Fvqa/vMC+warCkMN9xHfFgMaPx53Io8meyo7LdcxTzS3OBM7az7LQi9Fq0lHTRdRF1VHWYtd12ITZh9p922bcQ90a3ezeud+H4FjhLeII4ubjw+Sd5XHmQOcM59Too+l/6mnrZOxo7W3ucO9w8HDxcvJ283n0d/Vp9kf3D/ez+EX4y/la+e360PwM/dr//wAAACsAxAFLAdgCZQMGA48EKwTPBXoGLwbpB6UIaAkvCfkKygufDHcNUg4yDw4P9hDZEcASqROTFH0VZxZSFz0YKRkVGfwa6BvSHL4drh6jH5sgliGUIo8jhiR2JWEmRScgJ/gozCmfKnMrSCwhLQIt6S7XL8gwujGqMpgzgDRgNTk2BjbPN5U4WDkZOdk6nTtkPDI9Bj3ePrY/j0BoQURCJkMQRABE80XnRtZHu0iWSWVKJUrgS5hMT00HTcNOg09JUBhQ6lG+UpNTaFQ7VQ1V3latV3xYSlkVWd9aqFtvXDVc+V29XoBfQ2AIYNFhnGJrYzxkDGTaZadmcWc4Z/xov2mAakBrAGvAbIFtQ24EbsVvhXBBcPhxq3JZcwFzqXRPdPR1mHY8dt53gHgdeL15YHoWetp7q3yDfVh+KH72f8OAk4FngkSDKoQYhQuGAIb0h+OIzYmvioyLYYw0jQeN2o6wj4qQa5FHkhKSxpNbk+yUepVBlkKXiJkImoqb5J0ZnjKfOaA5oTWiL6MopCGlGaYRpwqoCakPqiGrPaxgrYeura/TsPyyKLNatJK10bcUuFm5nLrXvAW9Kb5Hv2LAf8Gewr7D38T/xiHHQ8hnyYzKscvWzP3OKc9b0JfR3tMy1I3V7tdT2LnaIduV3S/fDuF35Ivoee1O8vb5Uf//AABuZGluAAAAAAAABjYAAJOVAABWjQAAVukAAJG3AAAmuwAAFwoAAFANAABUOQACh64AAkeuAAFrhQADAQAAAgAAAAEABAAIAA8AFgAfACkANABAAEwAWgBpAHgAiQCaAKwAvgDSAOYA/AESASkBQAFZAXMBjQGpAcUB4wIBAiECQgJkAocCrALSAvoDIwNNA3oDqAPXBAgEOgRtBKME2QUSBUsFhgXDBgEGQAaABsIHBQdKB5AH2AghCGwIuQkHCVcJqAn6Ck0KoQr3C04LqAwEDGIMww0lDYkN7g5UDrwPJQ+REAAQcRDkEVkRzxJGEr0TOBO2FDoUwxVSFeMWdRcGF5YYJhi4GU4Z6BqIGzEb4xyfHWIeKx74H8YglSFkIjQjBiPbJLMljyZsJ0soKykNKfAq1Su7LJ4tfi5cLzkwFDDwMc0yqjOJNGg1SjYuNxU3/zjtOd460jvKPMU9xD7HP85A2kHoQvZEAEUGRghHCEgISQlKDEsUTCFNNE5OT25QlFG8UuVUDVU0VllXfVigWcRa51wLXTBeVl98YKRhzmL4ZCRlU2aFZ7xo+mpDa5ls+W5jb9JxRnK8dDR1r3cteLF6PHvQfW9/HIDWgpSETIX2h5SJLIrFjGWOFY/fkc2T3ZX/mCCaOZxMnl+geaKgpNqnLamgrDCu4LGhtF63C7muvF2/K8IfxUbIoswMzyjR9tSR1yjZ0dye35fi0uZg6fntEu+s8gD0MPY59//5ivq4+9T8u/2j/nD/N///AAAAAQAFAAoAEgAbACYAMgA/AE0AXABtAH4AkQCkALkAzwDlAP0BFgEvAUoBZgGDAaIBwQHiAgQCJwJMAnICmgLDAu8DHANLA3wDrwPkBBoEUgSLBMUFAQU9BXsFuwX8Bj8GgwbJBxAHWQelB/IIQQiTCOYJOwmTCewKRgqhCvwLWAu0DBIMcgzUDTkNoA4LDngO5w9ZD84QRhDAET4RvxJDEsoTUxPdFGoU+hWPFioWyxdxGBYYthlRGeYaeRsNG6QcQBzkHZEeSh8OH90gsyGOImkjQiQYJOslvSaQJ2YoQiklKhIrCCwFLQguDi8SMBExCDH5Mugz1zTKNcE2wTfKONs58jsOPDA9UT5pP3RAckFoQlhDR0Q5RTRGOEdHSF9JfkqhS8dM8E4bT0VQa1GGUpRTl1SVVZRWoFe/WPFaNVuAXM1eHl90YM9iI2NmZJVltWbOZ+Ro+2oWazNsVG12bppvwHDqchdzRnR2dad22ngQeU16j3vYfSZ+fX/jgWeDEITKhnSIBomHiwSMiI4bj8ORgpNYlUOXO5k7mzudOZ8poQSixqR2phunvaliqxWs3a7FsM+y9bUxt3y5y7wPvkTAcsKmxOnHQsmyzDHOnNDd0vTU8dbn2OPa6Nz03wHhCuMU5STnSOmW7DfvivOm92z5zvuE/MP99P75//8AAAACAAgAEQAeAC0APgBRAGYAfQCWALAAzADqAQkBKwFNAXIBmAHAAeoCFgJEAnQCpgLaAxEDSQOEA8AD/QQ7BHoEugT8BUEFigXXBikGgQbdBz4HoggICG8I1Ak5CZ0KAgpqCtULRAu7DDkMwQ1QDeYOgg8hD8AQXBD2EZASLRLNE24UDRSoFUIV3BZ5Fx4XzhiOGWIaQhsqHBQc+x3dHrgfkiBtIUwiMCMYJAYk+SXxJu8n8yj9Kg4rJCxALWAugC+dMLgx0zLzNBo1STaCN8M5DDpcO7A9Bz5gP75BIkKTRBZFrkdaSRFK0UyaTm9QVVIyU9pVWlbMWEhZ01tmXPheg2ABYXBi1WQ3ZZxnCWiBagpro21NbwBwt3JvdB51w3d1eWR77n6kgHmB1oL8hAKFCIYQhzOIc4nUi1WM6Y6IkC6R2ZOIlTuW8Zipml6cCp2nnzegvaI/o8ClRKbKqFCp1KtUrNCuRq+5sSiyl7QItX22/LiJuia70L2CvzbA6cKcxE/GBMe7yXPLK8zkzp7QWNIU09LVj9dK2P/arNxP3ejfdeD94oLkA+WC5wLog+oE63/s7u5G73nwnfGN8nXzRPP39Kr1TvXb9mj29vd29+n4XPjP+UP5q/oN+nD60vs1+5j78fxJ/KL8+/1U/a3+A/5Y/qz/Af9V/6r//wAAc2YzMgAAAAAAAQxCAAAF3v//8yYAAAeSAAD9kf//+6L///2jAAAD3AAAwGxtbW9kAAAAAAAABhAAAJzfAAAAAMoq1YAAAAAAAAAAAAAAAAAAAAAA/8AAEQgA6AH/AwERAAIRAQMRAf/EAB8AAAEFAQEBAQEBAAAAAAAAAAABAgMEBQYHCAkKC//EALUQAAIBAwMCBAMFBQQEAAABfQECAwAEEQUSITFBBhNRYQcicRQygZGhCCNCscEVUtHwJDNicoIJChYXGBkaJSYnKCkqNDU2Nzg5OkNERUZHSElKU1RVVldYWVpjZGVmZ2hpanN0dXZ3eHl6g4SFhoeIiYqSk5SVlpeYmZqio6Slpqeoqaqys7S1tre4ubrCw8TFxsfIycrS09TV1tfY2drh4uPk5ebn6Onq8fLz9PX29/j5+v/EAB8BAAMBAQEBAQEBAQEAAAAAAAABAgMEBQYHCAkKC//EALURAAIBAgQEAwQHBQQEAAECdwABAgMRBAUhMQYSQVEHYXETIjKBCBRCkaGxwQkjM1LwFWJy0QoWJDThJfEXGBkaJicoKSo1Njc4OTpDREVGR0hJSlNUVVZXWFlaY2RlZmdoaWpzdHV2d3h5eoKDhIWGh4iJipKTlJWWl5iZmqKjpKWmp6ipqrKztLW2t7i5usLDxMXGx8jJytLT1NXW19jZ2uLj5OXm5+jp6vLz9PX29/j5+v/bAEMAAQEBAQEBAQEBAQEBAQEBAQEBAQEBAQEBAQEBAQEBAQEBAQEBAQEBAQEBAQEBAQEBAQEBAQEBAQEBAQEBAQEBAf/bAEMBAQEBAQEBAQEBAQEBAQEBAQEBAQEBAQEBAQEBAQEBAQEBAQEBAQEBAQEBAQEBAQEBAQEBAQEBAQEBAQEBAQEBAf/dAAQAQP/aAAwDAQACEQMRAD8A/v4oAKACgAoAKACgAoA8N+N7/E5P+FS/8Kz/ALS+b4x+GV8e/wBnRWcv/FvDofik619u+1o/l2H9pjQ/Okttt0JPIEbBGkVgD3KgAoAKACgAoAKACgAoAKACgAoAKACgAoAKACgAoA+X/H/wu8eeIP2tf2a/i5o9zbx/Dv4afCn9pvwn44tH1WW3ubnxD8T9S+AFz4Flg0dVMWpx20Hw+8YCe7lZX0s3ESxhv7RfaAfUFABQAUAFABQAUAFABQAUAFABQAUAFABQAUAFABQB4d4T8CeMtI+O3xb8e6nqUc/gvxf4d+H+m+F9NXUrqeWxv/D1nqEOuSyaZJGtpYC6luIGSW3kd7vYWmCFF3AHuNABQAUAFABQAUAFABQAUAFABQAUAFABQAUAFABQAUAFABQB/9D+/igAoAKACgAoAKACgDw343/E/W/hl/wqX+xNO0/UP+E++Mfhn4d6r/aCXT/YtH1rQ/FOp3N9ZfZZ4Nl9FPodrHE9wJ7YRzTB4Gco6gHuVABQAUAFABQAUAFABQAUAFABQAUAFABQAUAFABQB8yePdf8AjLZ/tX/s4eHPC8Guv8Ddc+Fn7S2ofF24tPDdrfeH4PG2g6l8BE+D0et+KZNLuLvw9fz2esfFA6Hpltq+mReI0h1eS5tdTOh27WAB9N0AFABQAUAFABQAUAFABQAUAFABQAUAFABQAUAFAHhvhPVPidcfHf4t6Vr0OpL8LtP8O/D6bwDNPpFrbaZJq93Z6i3ixbHWI7OK71OZLhLT7VBcXt0lkxRIY4A7BwD3KgAoAKACgAoAKACgAoAKACgAoAKACgAoAKACgAoAKACgAoA//9H+/igAoAKACgAoAKACgDy/4nfFLSvhf/wgH9q6dqGo/wDCwfiLovw407+zzbD7DqWt6XrmqQX979pmhzYwxaFcRy+R5tx5k0JSF1DlQD1CgAoAKACgAoAKACgAoAKACgAoAKACgAoAKACgAoA+bPHXxr13wr+1N+zv8B7TSNMufD3xj+GH7R/jnW9auDdf2tpWofBjUfgVZ6HZaaI5Vsza6snxV1d9TNzDLMG02w+yvEDcCUA+k6ACgAoAKACgAoAKACgAoAKACgAoAKACgAoAKACgDxTwt8UtQ8QfHD4rfCqbSbW3074e+HvAWs2WrRzTPd6lL4vtNQubmG4hZRDElm1mqQtEzNIHJkC4XcAe10AFABQAUAFABQAUAFABQAUAFABQAUAFABQAUAFABQAUAFAH/9L+/igAoAKACgAoAKACgDzH4mXfwytf+EC/4WWunN9o+Iei23gL+0La8udvxDfTNcfRWsvskU32e/GmR655Nxc+XapGZkklV3jDAHp1ABQAUAFABQAUAFABQAUAFABQAUAFABQAUAFABQB4l4r+K/gbw78e/g18HdW8P6hefEH4oeBPjV4v8FeJIdM0i403QtA+Fd78KLXxxpt/q1zfQ61ptzr8/wARfCMlha6Vp17Z6kui3ratcWL2GmrdgHttABQAUAFABQAUAFABQAUAFABQAUAFABQAUAFABQB5joPxG8L638UvH/w2sNMv4PFPgfR/Ceq+INTms7GLT7+z8UW93PpMNnexXcl/dS2kdrMtzHd2dtFAXUW7zBnZQD06gAoAKACgAoAKACgAoAKACgAoAKACgAoAKACgAoAKACgAoA//0/7+KACgAoAKACgAoAKAPMfiZ8OvC3xE/wCEC/4SjUtQ07/hCPiHo3jzw/8AYL6wsvt3iTSNM1zTrGwvPt1nefarGW11m/lltLP7LeySQRSRXUccUqSgHp1ABQAUAFABQAUAFABQAUAFABQAUAFABQAUAFABQB4f4st/gm/x/wDgvc+KjY/8L6g8B/G2P4NiW71yO/PgWe9+Ex+NBsrO0mXQLqAXkPwp+2za1BNf2rG0GiSQpcasJQD3CgAoAKACgAoA/Bj9iH/gs/4Y/az/AOCoH7aP7CMmm6bo/hr4R2un6r+zt4o+z3dtd/FPSPB7w+Ffi5qcF9cTCx1nSrbxcbfU/C9/pcCJeaHqvlnzm06a4lAP3noAKACgAoAKACgAoAKACgAoAKAPMdBg+GKfFHx9caCdNPxRm0fwmvj8QXV5JqS6PHb3g8J/brWWd7K3iNubv7K9rBE8q7jOzkIaAPTqACgAoAKACgAoAKACgAoAKACgAoAKACgAoAKACgAoAKACgD//1P7+KACgAoAKACgAoAKAPFPjR8K774pf8Kr+w6raaX/wr34ueHPiRd/aoZpv7Rs9D0XxPpUum23lf6q5nk16KWOaXMSpbyK3LIVAPa6ACgAoAKACgAoAKACgAoAKACgAoAKACgAoAKACgDxLxX8FNG8VfHz4NfHm61u/tNc+DngT41eBdI0CGK2bTtZsfjPefCi81i+vppP9KiuNFf4VaWliltmKVdWvPtPKQFQD22gAoAKACgD88P8AgqR+1JD+yh+x3498W6f4v0DwP8QviVqXh/4DfCHxJ4m1iy0DRtD+JXxevv8AhFtJ8VX+r6jdWVjp9j4A0q41r4iahc3l1BbpYeE7kSSruVXAP5O/+Cr3iD9kf9gnxH/wSv8A2/P2Hv2ifgJ8Q/Gn7E2p+EvgJ8a/Bnwu+MHw78YeNPiD8GNVtrl9W1W90Pwz4gub7Wrporzxza6prl/aXnl6nrPha4nbdZwlQD+5r4ZfETwt8XPh34H+KPgjVLTW/CHxB8LaH4v8N6tYzLcWd/o+v6db6lY3NvOuFljkguFw6jDYyMUAdzQAUAFABQAUAFABQAUAFABQB5hoHwv0fQPil4/+KdtqN/PrPxA0fwlo+p6bMbb+z7GDwjb3dvYy2YSJbnzbpbx2ufPmkTKL5SqN1AHp9ABQAUAFABQAUAFABQAUAFABQAUAFABQAUAFABQAUAFABQB//9X+/igAoAKACgAoAKACgDw3436P8TdX/wCFS/8ACtJtQh/sz4x+GdU8ef2frFno/mfD230PxTDrMV79rvbL+07FtTuNEaXSrb7VdXEiwzR2kiW0jxAHuVABQAUAFABQAUAFABQAUAFABQAUAFABQAUAFABQB8zePPgr4l8VftW/s4/Hew1PRIPCvwd+Fn7SvgbxFpV3Pfpr+o6p8ZtS+At54butGt4dPn06aw02P4Va6utyX2pWFxC9/pIsLfUFlvWsgD6ZoAKACgAoA/AT4h/EG5/a2/4K3fC34afFL9lv9pyb9k79mL4Z+Mr7wP44+If7H/x3HwL+KH7Tvju4sdG1DVrnxR4g+GL+EP8AhH/AHgW0u9H8N+IfEktn4cv9V17xDeaNq1xbyWVxdAH2B/wUE/Ym/ZP+Jn7F37SPw71j9nLwmw8Z/CrxXomjTfCP9np/GXxCsfFj6bNd+DtS8OaB8LPA2u+Nry707xTaaReldI06XckDQ3TxW0srqAfmB/wbLfF39qnwp+yPbfsVftifsy/tY/Bjxl8AdW1jSfhD40+M/wCzj8a/AXhDxt8HJbk3fh6xi8beK/BWleFtM1fwm1xLoFn4bv8AUbK/l0Kz0y4s4r2T7aLQA/p6oAKACgAoAKACgAoAKACgAoA8O8KfC/WtA+Ovxa+Kd1qWnT6J8QPDvw/0fStNhe7OpWNx4Ss9Qt7+W9SS2S0SK6e7ja2Nvczuyo3nJEQooA9xoAKACgAoAKACgAoAKACgAoAKACgAoAKAAkAZJwB1J4FABQAUAICCMggg9xyP0oAWgAoA/9b+/igAoAKACgAoAKACgDw343+OfGfgf/hUv/CG6dDqP/CW/GPwz4O8Uebpt3qX2Lwnqeh+Kb7Ub6P7LLF9hlivdL0yNb+4320ImaJ42eZGUA9yoAKACgAoAKACgAoAKACgAoAKACgAoAKACgAoA8f+O/x/+C37MPww8SfGb9oD4l+EvhN8L/CVus+veMvGerW+k6TaGVtltaQvK3nX+p30uINN0nT4LvU9SuWS2sLSe4dI2AP5Qvin/wAHb3/BOa1/a5+C994K8S/tLa9+z/4O8G/HPw18UtV0D4YQ2XhXxZ4r8W6l8Im+Fnie00DxB4o0TxVqdh4TtPDHxGE1zeeHbDUbFPEkA0/TdQ+33X2IA/ph/Y2/bx/ZP/b++GMfxb/ZP+Mnhn4r+FI5IrXWYNOa603xR4T1KWJZhpHjHwfrNvp/iXwtqnlsJEtNa0y1a4hKXNo89tIk0oB9eUAFABQAUAFABQAUAFABQAUAFABQAUAFABQAUAeG+E4vicvx2+Lc2vNqJ+F0nh34fL4BWeSzOmjWEs9R/wCEsNjFETepKbg2n2o3QWNm2+RkBqAPcqACgAoAKACgAoAKACgAoAKAPzy/4Kbft3R/8E9P2aLj44xfDfxN8Tta1Pxz4H+Hfh3RtE0q/vdI0/V/HHiPT9Ch1vxbfWI8yy0jToruWa3sbZjqniDVBZaLpyRfarjULAA+0Phh46i+JXgXw740h0PxP4dXXLCK5bSPGHhfW/B2vWsuNsv2nw/4htrXVrKGSRWks2uoV+0WrRTxs8ciOwB4dr37eH7EPhXWtV8N+Jv2wv2YPDviLQr+50vWtC1v48/C/StY0jU7KVoLzT9T02+8TwXljfWsyPDc2t1DFPDKjJJGjhlUA9E+FH7SX7PHx4utZsfgj8dvg98YL3w7BZ3Ov2nww+JPg7x5c6Jbai9xFYXGrweF9Y1OTTob2S0uo7SW8SJLl7a4WEsYX2gH5fftK/F7xf8AHL/grL+zx/wT0sPF/ibwr8FvC/7M3jb9rb46WngbxVrvg7WviPq8XjK0+H/w9+GniDxF4XvNK8S2XhKyEt74v1PStK1nTrfxJJJY2OuC+0uB7KUAn/ZL+OXjP4V/8FPv2v8A/gnZ4h8WeK/Gnwu0f4Z/DP8AaX/Z1uPHHiXWfGnivwZ4f8a2x074kfDy48W+J72/8Sav4X0PxfGt94Lj1bUtZvNH0rVG0T7cthp1hAgBe/4Ka/Hn4gJ+0l/wTm/YR+HPjPXvh/B+2T8YfHt78YvF/gvXL7w344sPg38E/BR8aar4W0HxDpLwa14aX4j6xLZ+H9Q8QeH77TNfstMs7630vVLGS8eZQDm0+K/iL9j3/grh8HP2SNH8UeMta/Zx/bE/Z08U+MvC/g3xr4z8T+Ppfhr8cfhNrLWmpv4K1nxrq2s65pPhHxl4INteav4aTWLrTbTxHpsup6Xp1l/at+XAOc0Pxn8YNC/4OB7v4Pap8dfix4y+EWqf8E9dS+KWmfC/xJrWj2/gPwt4qvfi7aeH5bvQ/DPhbQfDWlTTrp2lwxQ6v4gt9b8SKk1xC+tvbuIaAP3doA//1/7pPE3x0+CngrxRZeCPGPxd+GfhTxnqL2EWn+E/EfjnwzoviS+k1SVIdMS00TUtTttSuH1CaSOKyWG2c3UjokIdmUMAX/H3xf8AhP8ACmLS5/if8TfAHw6h1xrlNGl8ceL/AA/4Vj1Z7JYHu1019c1CwW+a1W5t2uBbeaYVnhMm0SpuALeufFD4a+GfCFt8QfEfxA8F6B4DvYrKez8aaz4n0XTPCt1DqSb9Plt/EF5ewaVNHfJ89m8d2yXK8wlxzQAaB8UPht4r8IXXxB8MfEDwX4i8B2MGpXV5400PxRomq+FbS20YTHV7i58QWN7PpUEOli3nOoSy3apZiGU3DRhH2gFPwB8YfhN8Vl1Fvhf8TvAHxGXRzAurN4G8X+H/ABWNMa5Dm2F+dD1G/FmbgRyGEXAj80I5TdsbaAUPDXx1+CfjPxTd+BvCHxe+GfinxpYLeNfeEfD3jrwzrPiWzXTpUg1BrrQ9O1O51KAWM0kcV2ZbZBbyukcpR2UUAGr/AB1+CmgeNIfhvrvxe+GWjfEO4nsLWDwLqvjnwxYeL57nVYop9Mt4vDd1qkWsST6jDPDLYxLaF7qKWKSBXR0NAHnX7RP7Vnwo/Zpn+GVr8RfFvgvQbn4k+PtK8G2lv4n8b+H/AAlPY6fqGn65e3PigRazPG97pemzaOlldGMRRLPfQh7uJgqOAeweLvih8NvAHhy08YeOviB4L8GeE9QntLWx8T+KfE+i6BoF7c38EtzY29rq+q31rp9xPeW1vPPaxRXDvPDDLLErJGzKAFl8UPhrqXgmT4lad8QPBd98Oorae9l8eWfifRbnwdHZ2sxt7m7k8Sw30mjpb286tDPM14I4pVMcjI4IoAj8BfFX4YfFSyvtS+GPxF8D/ETT9MulstSvvBHirQ/FNnYXjRJOtre3OiX19DbXJgkjmEMzpIYnSQKEYFgDJ8FfHX4KfEnWbzw58PPi78M/HXiDToJbq/0Pwf458M+JNXsba3mW3nuLvTtH1O8vLeGG4dIJZZYVSOVljch2AoAST46/BOLxwvwyl+L3wyj+I73Z09fAL+OvDK+MmvhC1ybMeGW1NdZN0LdHnNuLMy+SjSbdik0AP8cfHH4L/DLV9P0D4j/Fv4a+Add1a1jvtL0bxn448NeGdU1KyluZbKK7sbDWtTsrq6tpLyCe1SeCJ4nuIpYQ5kjZVANXxx8VPhj8MtLsNb+I/wARPBHgHRtUmFvpmq+MvFWh+GdN1C4MQnENle6zfWdtdSmEiURwSu/lt5mCpBYAfN8UPhtb+Bv+Fnz/ABA8Fw/Db7Fban/wn8vifRY/Bf8AZ15PFa2l/wD8JO96NF+x3NzcW9vb3P2zyZpp4oo3d5UDADfB3xS+GfxD0G+8U+AfiF4J8beGdMluIdS8Q+E/FOieIdE0+a0gW6u4r3VdJvryxtZLa2dbidJ5kaGFhLIFRg1AGb4E+Nnwc+KN9qWmfDT4r/Dj4g6jo8Uc2rWHgrxr4b8UXmmQzSSRRS6hbaLqN7NaRySwyxxvcJErvG6qSUdaAILD46/BPVPG8/wz034vfDLUPiNa3t7ptz4CsvHPhm68ZW+o6aJG1Gwm8Mw6m+sxXlgsMzXls9mJrYRSmZECPtAHeKvjn8FfA3iWy8GeNfi78NPCPi/UjZDTvC3iXxz4Z0PxDfHUphb6eLPRtS1O11G5N9Oyw2fk27/aZWEcO9yFoAv+Pvi98KfhVb6Xd/E74l+Avh3a649zFotx448XaB4Vg1aSzSCS7j02XXL+xjvntY7m2e4W2MhhSeFpNiyx7wC1rHxQ+G3h7wdb/ETXviB4L0XwBdwWV1aeN9V8UaJp/hK6tdSCtp1xb+Irq+i0iaC+VlNnLHeMlyGUws+RQAeHPih8NfF/hO78e+E/iB4L8TeB9Ph1G4v/ABjoHifRdY8L2Vvo6Sy6tPda7p97PpdvFpkcE0moSS3apaJFI1wYhG5oAo+APjH8JPisdTX4X/E/4ffEY6N9n/tceBvGPh7xWdL+1+aLX+0BoeoX32P7SYJvI+0eX53lS+XnY1AH8M3/AAVYv9W/4LTf8F7/AII/8Er4viVNp/7JX7PemW3if4lxeDvEEZg8Satb+HLTxX8Qr63a2nu7K68WwTajpfwzspbiDf4cgi1PU7SAXJvEvQD999X/AGXP+CU37O/x7/Zw/wCCfmifso/sDWnw2+Jvwn+Ot1490Px98PPht4k+Ko8UeDJ/gXafCyzvPE3ime78T3OteOLP4jeLr2K68Spq3iXXJtH0678L6lp39l3f2gA/nE/aG+DXhn/g3X/4Lv8A7K/jz9mHXbjwR+x7+2tNonhj4gfCvU/El7c+HvCmjeKvFv8Awh2v6Zez6pd+ZJ4d8FeIbvTfG/hbWtYmvL3QNIl1PRTqM8bajcXQB/fV4o+KPw18D+GLPxt40+IHgvwj4O1GSyisPFXibxPouheHb2XUYJbqwitdZ1S9tdPnlvbeGae1jjuGe4iikeJSqOygC6d8UPhrrHgqX4k6T8QPBep/DuG2u7ybx3p/ijRbzwfFaWErwX11J4kt72TR0t7OeOSG6ma78uCVHjlZWUigCHwD8WPhd8VbW+vvhj8RvA3xEstLuEtNSu/A/ivQvFVtp91JGsyW17Pod9fRWs7xOsqRTMjtGwcLtwaAMrwb8dfgp8RdevPC/gD4vfDLxv4l0+Ce6v8Aw94S8deGPEWt2VtazR211cXel6Rqd3fW8NtcSxQTyywIkM0iRSMrsoYALj46/BO08bp8M7r4vfDK2+I0l0lingKfx14Yi8ZPevCbhLNfDUmpprLXT24My24szK0QMgVk5UAk8dfHD4MfC/UrDRviV8Wvht8PtX1W1W+0zS/Gvjfw14X1HUbNriW1W7sbPWtSsri6tjdQy24ngieLz4pItzOrKoBq+N/in8M/hppNjr/xF+IXgnwHoepzpbadrPjHxTonhrS7+4ki8+OCzv8AWb2ztbmZ4AZkjhmZ2iHmAFOaAHN8UPhsvgb/AIWc3xA8Fr8NxZxaifH7eJ9FXwYNPnnitoL7/hJzff2L9kmuZobeO5+2iF5pY4lcu6LQA3wX8U/hl8SNEv8AxL8PfiH4I8deHdKnntdT13wh4p0TxHo+nXNtbx3dxb32paPfXlnaTwWssdzNFPMjxwSJM6hGVqAMvwN8bvg18T9Q1DSfht8WPhv8QNV0iJZ9V03wX428N+J7/TYXkeFZr+00XU72e0iaWOSISTxopkRkB3KwoAitPjr8E77xxJ8MbL4vfDK8+JEV7d6bL4BtfHXhifxnHqNhHLLfWEnhmLU31lLyzit5pbq1azWa3jikeVFVHoAd4t+OXwV8A+IrHwj45+Lnw08G+K9TW0bTvDXinxz4Z0DXr9b+b7NYtZ6Rqmp2t/creXH7i1MNu4nm/dxFnwtAGj48+Lfwr+Flppl98TfiT4D+HllrUk8Wj3fjfxboPha21WW2SGS4j06fXL+yjvZII7iCSZLZ5GiSaJn2h03AFjVPih8NdE8F2/xI1n4geC9J+Hl3a2N/a+OtR8UaLZeELmy1PZ/Z15B4kub2LR5ra/8AMj+xzx3jRXO9PJZ9wFACeGfij8NfGnha88ceD/iD4K8VeC9Ojv5b/wAW+HfFGiaz4asotKjebU5LvXNOvbjTLdNOijllvnluVW0jR3nKKpKgFHwD8ZPhF8VpNUi+GHxR+HvxFl0QWzazH4H8ZeHvFb6St40y2jaiuh6hfNZLdNb3C27XIiExglEefLcUAeGfDv8Aav8AAvj39pn4t/APTviB8LNUn8CaJ4RvND0vQ/FOl3vjG+1TULe+bxZZX1jDrdw07aBc20ENxBa6Zbz6a0pj1As7IaAPZ9e+OvwT8K+MLX4e+Jvi98MvD3j29n021s/BWt+OvDGleK7u51jyv7Jt7fw/fanBq002pm4gGnxR2jPeedELdX3oWALnj/4y/CL4UtpyfFD4o/D34dPrCztpKeOfGXh7wo2prbFBctYLrmoWJvBAZIxMYPMERdA+N4oAv+Jvih8NvBfhe18b+MPiB4L8K+DL5rNLLxb4j8T6Lovhu7fUIpJ7BLbW9RvbfTZ2vYIpZrRYrljcRRvJDuVWNABpXxQ+G2veC5fiRonxA8F6x8PILe+u5/HWl+KNFv8AwhDa6ZLLBqVzL4ktbybR44LCaGaK9la7CWskUkczIyPtAK/gH4tfCz4rW9/dfDD4k+BPiLa6VNHb6nc+B/Fmg+KoNOnlTzIoL6XQ7++jtZZIyJI452R3T5lBUZoAzPCHx1+CfxA8RXnhDwJ8Xvhl408V6fBdXV/4a8K+OvDHiDX7K2sZ4ra9uLrSNK1O7v7eG0uJ4YLmWWBEgmljilZXdAwAXnx1+CeneNk+Gl/8XvhnZfEWW6hso/Ad3458M2/jGS8uYRcW9onhqXU01l7meAiaGBbMySxESIrIQVAJPHnxv+DPwsvrHTPib8Wfht8PNS1O2N7pth438b+GvC17qFmJntzdWVtrepWU1zbCeKSEzwpJGJUeMtvUqoB6bFLFPFFPBJHNBNGksM0TrJFLFIoeOSORSVeN0YMjqSrKQQSCDQBJQB+In/BwtpmpXH/BM/x54itLC8vtM+Hvxg/Z7+IfiySxt5bubS/CHhj4u+F7jXtZe3gV55LbTLeZbi6MSOYrdZJ3CwxSuoB+r3wI+Knw8+M/wn8E/EL4V+LdH8deBtc0HTm0TxZ4euRf6BrUMFrDBJdaPqkQNnqtl5sbpHfafNcWcxUmGeRRuYA/Gn4rfs8ftZav8S/HeqaD/wAEbf8AgkV8RtE1DxVrV3pXj34g/FDSLHxx4wsJ7+aS28ReLbOT9jXxI9t4g1WIrd6pC+v6w0d3LKp1C6/1rAH2H+wP8LfjZ8PNc+I9x8Wf2Cv2HP2N7XU9M8ORaLq37IvjGx8Uar45ntrnWHvdP8axWnwE+DRs7HQ0mt59Fd7vXRNPqepAW9j5ZkugD5O/aA8In9m7/gtz+z7+2Z4zWPw/8A/jx+yL4w/ZW8TfEa/YWnhjwl8bdE8dWPjXwPZeM9dm2aZ4cs/GPhRLvSvDNzrN1Ywarrmlz6XZTz3rx29AHBfCLxH4K1X/AIKff8FEv+Cn+t6gP+GTv2eP2aPAvwJ8P/GTSrPUvEOieL73wJpt546+O134Jh0Swv7zxXpHgzUY7Hw9PqHhyHVbbUtesNR0/TXuLizmjUAk/bo1nwt48+P/APwRy/4KwfDGa+8TfsyeA/FnjTT/AImeP00PXNLbw58IP2k/hxHpvw3+IviTS9X02x1nwv4Q0vxXJbxeKdT8R6dptv4dj1uyl1p9OQu1AHXeJtG0z9sP/gtv+zv8U/hZeaZ49+Df7Dn7Mvj6Xxx8TvDl/Dq/g+w+Nnxl1lbPw58PNN1uy+0aVqviS08BQXHiHXrXTr64k0Sz1bSYtTS3nvYFYA8qf42fCCf/AIOXINKi+Jngdr+z/wCCbsnw/uLf/hJdJBj8dP8AGiLVl8HeY10sTeJ203ULS8GhJK+pGGYMLY7XVAD+kGgD/9D+9u98LeGdTvo9U1Hw7oWoalCYmh1C90jT7u+iMDBoDHdz28lxGYWVWiKSKY2UFMEAqAS6t4d8P68sC65oej60tqXNsuraZZaituZAokMAvIJxEZAiBzGF3BVBztFAEl1oei32nppF7o+l3elRrGsemXWn2lxp8awjEKpZSwvbKsQ4jCxAIOFxgCgAtND0Ww099IsdH0uy0mVZkl0y00+0ttPkS53C4R7KGJLZ1nDsJlaIiXcwcNlqAI9J8O+H9BEw0LQtH0UXBU3A0nTLLThOUzsMws4IRKUydu/dtycdTtAIrLwt4Z02+k1TTvDmhWGpyiQS6jZaRp9rfSCZg0oku4LaK4cSsA0gaRt7AFskZoAS48LeGLvUl1m78OaDdawjxSJq1xpGnzaksluqrA630ls90rwqirEyygxqqhMBQKAPOfi7J8HLVvAD/Fvwv4Z8RPrPj7SPDPgV/EPhCx8VtZeNb/TtavNLlsWu9N1A6NcCwsdYCaqhthbq8kJnU3IRwD1DUND0XVrOPTtV0fS9TsIXjkisdQ0+0vbOJ4kZInjtrmKWBHjR2SNlQFEdlUgFgwARaHosGmHRYdH0uLRmR4m0mLT7SPTDG7b3jNgsItSjuSzp5JVm5IyaAG6VoOh6DFLDoei6To0M7+bNFpWnWenRTSbQnmSx2cMKyPtULvcM21QM4ACgEGm+FvDOi3Mt5o/hzQtJvJlZJrrTdI0+xuZUdt7JLPa20Usis4DsruQWG45NACHwt4YbVBrbeHNBbWRJ5o1c6Rp51QS7Snmi/wDsxuxJsJTf527aSuQCRQA7VPDHhrW7iG71rw9oer3VugigudU0nT7+4giV2kWOGa7t5pI0WR2kCIyqHZmADMSwBPqeg6HrcEVrrOjaVq9tA2+C31PTrO/ghfbt3RQ3cM0cbbQFyiqdvGccMAK2h6K+l/2G+kaW2i+UkH9kNp9odL8mNleOH+zzCbTyo3RXSPydisqsoBUGgBNO0LRNHtZbHSdH0rS7Kdnaaz07TrOxtZmkUJI0tvaxRRSNIg2OXQllAUkgYUAh0rwz4b0OWafRPD+iaPNcqFuJtK0mw0+WdVJZVmktLeBpVVmLASFgCxIwSaAGxeFvDMGptrcPhzQodZeWWZ9Xi0jT49Teabd50rX6263bSyhmEshmLSbm3FsmgAv/AAv4Z1S9i1LU/DuhajqMPl+Tf3+kafeXsPktuhMV1cW8k8flMA0eyRdjDKYIyoBLq3h7QNeSCPXND0fWUtS7WyatpllqKW7SBBIYFvIJ1iMgjQOYwu4IgOdooAkuND0W705NHu9H0u60iNI449LuNPtJtOjjhGIUSxlie1VIgAI1WICMfdA6UAFnoei6dYSaVp+j6XY6XKsyS6bZ6faWthIlwGFwklnDEls6zh2EytERKGYSBsmgCLSfDnh7QfOOhaFo2i/adn2j+ydLsdO+0eXny/O+xwQebs3Ns8wNt3HGMmgD+Fb/AILK6H8Tf+CPX/BbL4Jf8FkPCfw4v/Gf7M3xgsNJ8DfGi18NWS40XU4/Ddp4Q8YaLIyrFbadretaVpml+PvDc+oXFrZ+IdZstS0hbmFLe+ltQD91tJ/4OBv+CPPjTVvhL4tt/wBpD4DR6B4++H/xF8d+IfGPjTWdD8M+N/hZqnw5Pw7TQ/BnivwJr1jF4+HivxinjLVv+EUsrGxknvv+EG18aOmqR27yW4B/OVr/AMXtW/4OSf8AguT+zprvwA8Ea4v7Cv7Bep6B4o1z4k+I9JudMtvEtp4V8VN4yj1jUbDUIcWt58QvF9npeh+HvCV28Op3PgzTbvVtQ0+1uYNRs1AP9Ay90HQ9SsItL1HRtK1DTIDEYNOvtPtLuxhMCGOEx2lxDJAhhRmSMrGCisVXAJoAWHQ9Ft9MOi2+kaXBo7JJG2kw6faRaY0crFpYzYJEtqUkZmaRTFtdiSwJOWAG6ToGhaDHLFoei6To0U7iSaPSdNs9OjmkA2h5Us4IVkcKAoZwzADA4HygEGneFvDOj3Ul9pPh3QtLvZldJrzTtI0+xupUkYO6SXFtbxTSK7qHdWdgzKGIBAoAR/C3hiTUxrcnhzQX1kSCUas+kae2piVV2LIL82zXYkCZUOJdwX5RlSQoA7VPDHhrXJornWvD2h6xcW6eVBPqmk2GoTQxhzII4pbu3meNA7M+xCF3sWwCcuAT6noWia1bxWms6NpWrWsDB4bbU9Os7+3hcLsDxQ3UMscbBflDIgIXgYBNACnQ9FOl/wBiHR9LOi+WsP8AZB0+0Ol+SjB1i/s/yfsnlq6q6x+VsVlDDBClQBNN0LQ9GtpbLSNG0rSrOdmee003TrOxtpndBG7ywWsMMUjPGAjM6sWQBSSAAoBBpfhnw3ocs1xovh7Q9HnuFCTz6XpNhp8s6hiwWaS0t4nlUMSwEjMAxJHJNACR+FvDMWqHW4vDmhR600kkzavHpGnpqjTShlllOoLbC7MkiswkczbnDMGLZO4ANQ8L+GdWvItQ1Tw7oWpX8HliG+1DSNPvLyERNviEVzc28s0flv8APHsddjfMMHBoAm1Xw/oOvRwxa5omkazFbMzW8eq6bZ6jHbs4VXaFLyGVYmdUUMUVSwVQegoAfPoei3Ompo1zpGl3GjxxxRJpU+n2kumpFBjyY0sZImtVjiwPKQRbY8DaBigAstD0TTbGTS9O0fS9P02YSrNp1lp9paWMqzgrOJLSCKO3kEysVlDR/vAxD7gaAItJ8OeHtBM7aHoOjaK1zsFy2k6XY6cbgR7jGJzZwQmXyy7lPML7dzYxuJoA8n8K+KvA+pfGf4jfD/TPBGnaZ4n8A6P4U1vUvFEWmaRC+qJ41t7y6jjguLeFdQEsP2NheNO+JmZSC3O0A9UuvC3hi+1FNXvfDmhXmrRPC8eqXWkafcajG9vt+zul7NbyXKPBsXyWWRTFtXYRhdoBJq3hzw9rxhOu6Do2tG33C3OraXY6iYA+N4h+2QTeVvwN2zbuwM9PmAJb3Q9F1Kxj0vUdH0u/02IxmLTr3T7S6sYzCpSIx2k8UluhiVmWPbH8ikhdoJoALfQ9FtdNbRrXR9LttHdJY30q30+0h01o52LTo1jHClqyTMzNKpiIkZiWySTQAzSfD+g6Ckseh6JpGixzsHnTSdNs9OSZ1GFaVbOGFZGUcBnDEDgHAwoBDp/hbwzpF5JqGleHNC0y/mV45b7T9I0+yvJUkZXkSS5traKd1kdVd1aRgzKrNkgGgBJPC3hibUxrUvhzQZdZV1lGrSaRp76mJEXYkgv2tzdh1T5VcTBlX5QcUAO1Xwx4b12WKfW/D2h6zNAnlwTarpNhqMsMe4v5cUl5bzPGm9i21Cq7mLYycsAbaqqKqooVVAVVUAKqgYCqBgAADAAGAOBjFAC0AMkjjljeKVElilRo5I5FV45I3Uq6OjAq6OpKsrAqykgggkUAOVVRQqqFVQFVVACqBwAAMAADgADHpjFAC0AFAFe7tLW/tp7K+tre9s7qJ4Lq0u4Y7i2uIJF2yQzwTK8U0Uikq8ciMjKcEEGgBsNjZW1mmn29na2+nxwfZo7GG3his47bZ5f2dLaNFgWAR/J5SxiPYdu3HFAE/lRiPyRGnlbPL8rYvl+Xjbs2Y27Nvy7cbccYxxQBU07S9N0e0jsNI06x0uxiLGKy060t7G0jLsXcx29tHFChd2ZmKoCzEs2ScqAXqACgD//R/v4oAKACgAoAKACgAoA8x+JnhPwF4r/4QH/hPL+Gw/4Rz4iaL4m8H+dq8Ok/bPGthpmuWml2MfnEf2lLLYahq0i6XFmadYmmUEW7FQD06gAoAKACgAoAKACgAoAKACgAoAKACgAoAKACgDhfiZ8MPhz8ZvA3iP4ZfFnwP4W+I/w98X6dNpXibwZ4z0Sw8Q+HdasJh80F/pepQXFrKUYLNbzbFntLmOK5tZYbiKOVAD+b/wCIH/Bs3/wQll+P/grwrqnwe8feEvGnxU0r4geOfCfwn8M/Fn4sW/gnXdC+Gl54Nj8eTR3RuNTuPD9npNx8QfCcS6Z/wmWi3FzHq23QIJ4tPvjYAH77/s0fspfs5/sc/DLTvg7+zF8IPBnwa+HWmyvdJ4e8H6cbc3+oSIkc2ra9q13Lda34k1q4SKNbnWdf1LU9UuFSNJrtkRFoA+g6ACgAoAKACgAoAKACgAoAKACgAoAKACgAoAKAPMdB1P4ZT/FHx9pmgx6cvxQsNI8JzePpYdMvINRfSLq3u28Ji+1OS1js7+JbdbsWsNtdXElou9ZkiLqtAHp1ABQAUAFABQAUAFABQAUAFABQAUAFABQAUAFABQAUAFABQB//0v7+KACgAoAKACgAoAKAPH/i78KR8VP+FaZ13+wv+Fd/FPw/8Sh/xLf7S/tc6Ho/iLSv7G/4/wCw+w/av7f8/wC3/wCl+V9l8r7HJ53mRAHsFABQAUAFABQAUAFABQAUAFABQAUAFABQAUAFABQB4h4s+Gnw7174/fBj4q634hurL4m/DnwH8bPC3gDwzHrOk2tpr/hr4k3vwmufiFqVzodzZS6zq8vh+48B+CY7W+0q/s7PRxrdwmqwXr6pprWgB7fQAUAFABQAUAFABQAUAFABQAUAFABQAUAFABQAUAeY6D4C8H6P8UfH3xA03Ubmfxl4x0fwnpvibTZNRs5raxsPDlveQ6JLBp0Vul7ZPdRXM7Sy3VxNHclA0CxBWDAHp1ABQAUAFABQAUAFABQAUAFABQAUAFABQAUAFABQAUAFABQB/9P+/igAoAKACgAoAKACgDw743+EfHni3/hUv/CCahPp/wDwjfxj8M+KPGHk6xNo/wBs8F2Gh+KbTVLGXyZYv7Thlv8AUNJkbSpd8Nw0KTNGTbKaAPcaACgAoAKACgAoAKACgAoAKACgAoAKACgAoAKACgD5y8cfBHVPFf7T/wCz78fLfW7C00n4NfDP9onwJqWgTW9w+o6zd/GrUPgfeaZfWNyn+jQW+ir8KNQS+jnzJO2rWZt+IZioB9G0AFABQAUAFABQAUAFABQAUAFABQAUAFABQAUAFAHjHhf4VXPh741/FP4sSaxBc2vxE0DwJosGjJayRz6Y/g+0v7aWea7MrR3C3xvA8aJDGYQhDM24UAez0AFABQAUAFABQAUAFABQAUAFABQAUAFABQAUAFABQAUAFAH/1P7+KACgAoAKACgAoAKAPDfjf4g+I/h//hUv/CurHUL7+2fjH4Z0Pxx9g0N9b+yeArvQ/FNxq95e7bW6/smxi1Kz0WOXWG8hbaSWGA3CG5COAe5UAQXUMlxbXNvFdT2Us8E0Md7ai2a5tJJY2RLq2W8t7q0ae3ZhLCLq1ubYyIont5ot8bgH8h/xL/aB/wCCjVt/wX20T/gmh4e/4KSfHPw7+zr4v+D6fFi31GD4J/sTan8StDuX8K2+qzaBZ+ItS/Zel0WfTV1aSY2s994au7+LTBFaT3F5dq+pOAe7f8FDP20P2/8A/gi748/Zu+LfxM/aG0b9uL9jP4zfFXSPhD8S9G+KHwk+H3wx+O3wwv8AUxHJb+JPCnjH4KaV4H8EeJo5rM3+ovY6z8PbdT/Y8mlILZtQi1e3AP6cdJ1KDWdK0zV7UMLXVdPs9Stg4AcQX1tFdQhwMgN5cq7gDgHpmgDQoAKACgAoAKACgAoAKACgAoAKACgD5k8e+F/jBqH7V/7OHi3wzd61H8EvDXws/aW0n4s2dr4oi0/Qbrxp4n1L4CS/CKbWPCTapbzeJb60tPD/AMTV0bVotI1JPDCXOqxS3el/8JBGmoAH03QBDcXFvZ2893dzw2trawy3Fzc3EiQwW9vAjSTTzzSFY4oYo1aSSR2VERSzEKCaAP5kfgv/AMFC/wBsX/gsj+1N8cPhh+wH8S7D9kf9hT9mLxX/AMIV8Qf2tbfwJ4Z+JPxq+OPjPyrhZvDfwg0b4h6N4h+Gng3RI4lTVLjV9f8AD2u+ILbSbzQtSS2t7jVpNM00A+l/2y/2Vv8AgqB8Cf2a/iJ49/YT/wCCkvxu+J/xP8E+DPEHiKT4ZftVfDT9mj4i2XjuPTtIubnUofBXizwB8EPhX4n8KeMfJinvvDlpql14q8PXmrR2ulHTrCCfzqAP1E/Yx8c+KviZ+yZ+zl8QfHN9can4z8ZfBzwD4i8Vahdxww3V54g1Tw9Y3OrT3EVukcEU0l7JMZI4Y0iRsqihQAoB9M0AFABQAUAFABQAUAFABQAUAFABQB4b4T0H4k2fx2+LfiDXLvUJPhnrHhz4fW3gWzm1xLvTrbVtOs9RTxS9loQu5H0mWaeW0NzcvZ241BlVxJN5WVAPcqAPjL/goAnxU039kb4/ePfgx8cvHXwF+Ifwq+DvxR+J3hnxT4I8O/CbxR9v1nwN4H1rxNpekeItG+Lnw3+JGj3egXd5pUUF/HpVpo2rGCeU2+rwOqFQD8H/APgiB4z/AOClf/BSP9hfQP2rvit/wVH+MHhzx7rvjz4h+GLXwvon7N37Gdx8PbWx8G+I7/w7Zy6hp0fwI0jxbqVxdvYG8uWsvGeiJsl+zRKjJ9ocA9o8Wf8ABUX9rn/gmR+1P8H/ANm//gqdpnws+JP7PX7RfiOXwz8Ev2/Pg9oWp/C/RtL1/fBCnhX46fCnVdV8Wab4c1OK8vtPhu9d8O+KItGsbHULHU3tryxTV73SwD+j+3uILu3gurWaO4trmGO4t7iF1khngmRZIZopFLLJHLGyvG6sysjBgSCDQBNQAUAFABQAUAFABQAUAFABQAUAFABQAUAFAH//1f7+KACgAoAKACgAoAKAPGvjH8VLn4W/8Kv+zaLFrX/Cwvix4d+G0/m3r2X9lQa5o3iTVX1ePZa3P2qS2bQUgW0byEkF0XNwhiCOAey0AFAH8S/7WWl/G7WP+DsD4e2P7PXjT4ZeAPibJ+ybZNpfiT4u/DrxN8UvBNtZp4PtzfwX3hDwl8SfhPrV3c3EW1LS6g8ZWsdo4MktpeKRGoBy/wDwWS0j9sL9n741fsr/ALT3/BY5PBP7Zf8AwTt+Gfxh0JdD8I/sdC6+AWjfD34sX0k2paP4n+LXwm+IUfxM8X/Faym0/wAPyy6ZoVj8ZtO0cJpd9Y3eo2o1SfTNcAP7VPhd488F/FL4b+BPiP8ADnUbfVvAPjjwnoPijwdqVpGYra88N6zptvfaRPDEwUxxtZTQ7YyBsxt7CgDvKACgAoAKACgAoAKACgAoAKACgAoA+XviB8RPiPon7W37NXwy0OB3+F/j/wCFH7TniX4hXA0Y3SQ+Jvh7qX7P9v8ADqN9d8sjRzPb+NvHJSxMiHWfJZwr/wBlnYAfUNAHyr+3VD4nuP2Jf2wYPBUkkPi6b9l/49xeGpYXkjuI9bk+FnipdNe0kixJHeLdGI2cin5LnymOADQB/Ot/wZx3vh+f/gmV8RLOwDf8JVpn7TvxCt/H7yMrSSa/NpXh+7smkwA4f+wJ9KDeYWYlSwwpUUAf1pkZ4PIPBB70AV7S0tLC2gsrG1t7KztY1htrS0hjt7a3hQYSKCCFUiijQDCxxoqKOAAKALFABQAUAFABQAUAFABQAUAFABQAUAeG+E/GPjnU/jt8W/BmraeYfAfhfw78Pr/wjqJ0q4txe6jrlnqMviGIas5+z6j9mmgt1MEID2e7bKSXUKAe5UAfK37dX/JkX7Y//Zq37Qv/AKqTxfQB+IH/AAaU/wDKHr4c/wDZYPjp/wCrL1+gDgv+Dwe08HT/APBJi2m8RJZnxBb/ALSfwuHgh5BD/aH9sTaF46W+hsS3+kGKXS1uGvI4NyO0Vq0ykxxFQD+gT9iWDxna/sf/ALMlv8RPtn/CdQ/A34aR+K/7RMpvv7cXwppgv/tZnJmM/nbvM8w792c4zQB9Q0AFABQAUAFABQAUAFABQAUAFABQAUAFABQB/9b+/igAoAKACgAoAKACgDzH4meOvBngb/hAf+Ey06TUf+Eu+Imi+DfC/l6Za6l9h8Wanpeu32nX7/anT7CkVlpWpRHULfdcwmdYkUpNIVAPTqAILqWSC2uJ4bWa9lhgmlisrZrZLi7kjjZ0tbd7ye1tEmuGURRNdXNvbK7qZ54Yg8igH8h3xW/Zx/4KZz/8F7vD/wDwUz8If8E2/ip4q/Z88JfCiD4TJosn7RH7EuhfErWUXwrDpN34j07QdQ/aWbRY7b+14mNjY6n4i067uNLZLm7WxvN2noAe1/8ABUf9mn/gqJ/wWY8A+BP2QIf2U9H/AGDv2aJfiRoHj74wfF747fHH4O/Er4maxYeGo7y1s/D/AIM+Hf7PPjL4paRFII9W1HUANb8VRwatfwaZDNqHh23tLh9QAP6MfgH8G/DH7PHwT+FHwJ8FNcv4S+EXgHwv8PfDsl55f2qTSfCukWukWclx5KRxCWSK2V3EaKilsDIGaAPXKACgAoAKACgAoAKACgAoAKACgAoA8B8ZfHH/AIRL9o/4Ffs//wDCM/bx8afh38evHv8Awlf9sfZv+Ec/4Ujf/Bqy/sr+xP7MuP7W/wCEl/4W15v23+1tN/sj+wdn2XUv7T32AB79QBBdWtrfWtzZXttBeWV5BNa3dpdQx3FrdWtxG0VxbXMEqvFPBPE7xTQyo8ckbMjqyswoA/l2+E3/AATy/bn/AOCOH7WHxs+KP/BO/wCFvh79sD9hb9p/xbP45+IP7JP/AAsPwr8IPix8DfFZkJfXPhZrvxF1fT/AvjDT49OkGmQ6dqGtabrGr2Gn6VpV0bGTS49X1IA/VDTP2s/24fjfpyeHfg5/wTy+LP7PfiHUE+x6h8Uv20PGvwL0H4eeB5JAVn1fT/BHwP8AjF8XPiX8TbvTwHlsdATS/AWj61N5EF1430SCSW6iAP0Z8FaR4g0Hwj4b0XxZ4puPHHibS9G0+y1/xhdaZpmi3HiTVoLdEvtYk0jRre00rTTfXAknFlYW8VtbqwijUhQzAHT0AFABQAUAFABQAUAFABQAUAFABQB5D4b+Ky+IfjF8S/hMNDa0b4daH4K1ptdOoCZdW/4TG1vbkWw077FEbI6f9j2GU3119p8zIig24cA9eoA+Mv8AgoAvxc1f9kb4++APgf8AAzxj8e/iN8Vvg98T/hh4a8L+EvFfwk8Gx6dq/jrwTrPhjTda8Q638X/iN8OdGt9BsbrVkub86Veavq/kW8q2+lTO6bgD8Jf+CI3gD/gpv/wTX/Yc0D9lH4r/APBLv4p+KfGuh+PfiD4mtfFvhn9p39iVfAU9h4z8RX3iK2TU7mX9oafxZp89nLftZ3Caf4R1tTHCLmJ3ZzbqAfQ3iv8A4Jv/ALYf/BSf9qn4L/H3/gpwPg98LP2Zf2avEUnjT4L/ALCnwl8Wax8Wj4o8dgwtbeMfj/8AE2/8PeDvD2uTafcWlncWPhzwzoeoaO9tbw6fNNBDLro8QgH9DsMMNvDFb28UcEEEccMEMSLHFDDEoSOKKNcLHHGihERRtVQFGABQBJQAUAFABQAUAFABQAUAFABQAUAFABQAUAFAH//X/v4oAKACgAoAKACgDgfil8Uvh38Evh74u+K/xa8ZaB8Pvhx4D0W78Q+LvGPijUYNK0PQtJs1Blury8uCEDO7Jb2tvGJLm9vJreys4Z7u4ghcA/jn/ag/4PA/+CeUnjnSPDPw5/Zf+P8A+0d4Y+Hfjez8UaJ8Qzf6V8LNBn8R6Nbalp1nr/hjTLvUrzxLq1lHZatqKQ23izRvD8dz5/mTaaNlvOgB+0v/AATF/wCC+P7Bn/BUnUZfAXwl8ReJvhf8d7PT5dSvPgV8YrDTfD/jO/sbRU+36l4P1DSdV1rw14y020kY+eukax/bllb+VdatoWmxTRMwB+2NABQAUAFABQAUAFABQAUAFABQAUAFABQAUAfLn7X37Z/7Nv7CXwb1r47/ALUPxO0T4ZfD7SWNpb3Ooedd6z4k1qSGWaz8N+EvD1hHcav4k8QX4hf7Pp2l2szpGsl3dtbWEFxdwAH8l/jH/g85/YYPxW0nXND/AGG/jv4z0fwqniDRPDXxX1j/AIVbpXxA0zw74in0hvE6+F9In1HVrjTNO8SHQNAudW0tfGmlR6s2j6L/AGxGsunWn2cA/pZ/4J1/8FVP2N/+CoXw6vvHf7LnxBl1HVfDv2ePx18L/F9nF4c+KPgG4ut/2ZfEnhg3d4r2N2Y5Vsde0S+1jw9fvDNFaarLPb3EMQB+jVABQAUAFABQAUAFABQAUAFABQAUAFABQAUAfm1/wUb/AOCsH7GX/BLfwDpnjL9qPx9eWmu+J0um8B/CnwTp0fib4pePHs8i4bQfDhvLC1s9NhkHkzeIfEuqaB4bhucWkmrrdOkLAH83nhD/AIPRP2JX+JF1e+Jv2I/2gvB3hfXZ7HT9U+JekS/DLWvGNxplq7Q6dc69oKanoxu7TTIpXkFpb+LtWmtIGnTTre6mKwSgH9ZX7In7ZH7OX7dXwX8P/H39mD4laP8AEz4b+IN8Av7Bbiy1bQtWgVDe+HvFXh/UYrbWfDXiHTy6reaRq9na3cYaOVY3glimlAPp6gAoAKACgAoAKACgAoAKACgAoAKACgAoAKACgAoAKACgD//Q/s5/4b6/Y9/6Lz4K/wC/uo//ACDQAf8ADfX7Hv8A0XnwV/391H/5BoAP+G+v2Pf+i8+Cv+/uo/8AyDQAf8N9fse/9F58Ff8Af3Uf/kGgA/4b6/Y9/wCi8+Cv+/uo/wDyDQAf8N9fse/9F58Ff9/dR/8AkGgD+O3/AIOff2z/AA5+1z8ZP2Bv+Cdfwk+NdjpfwV+MXjzQ/Fnxw8W6Jd30OnJDq3jSLwZpTa0rxIl5F4L0m08Q+JLTTpLaeC7vdQtzMjyQ25iAP6Avgb4A/wCCSn7M3wW+C/wP+Avjj4TfDHwz8JPF3hjxlealpGipdeJviTrWgaFrujXVz4/8SXOmJrHiS91ttfu7y9v9UubuZCiW0EUVqFhQA/me/wCDkP4f/sc/AHxj+zf/AMFRv+Cdfiz4efDP9pHwH8btBsfH2jfCux/4RvS/F+pPb33iHw540u/D+mWel6ZHqEh0TWtB8cT28ar4s0rV7eHVopp5b64vQD+yD4I/8FMf2TviX8Hfhf8AEHV/jJ4T0PVfGfgPwt4k1PR7ua+N1puoavo9peXtnP5enrH5sFzLIjBFVQRgDA+UA9R/4b6/Y9/6Lz4K/wC/uo//ACDQAf8ADfX7Hv8A0XnwV/391H/5BoAP+G+v2Pf+i8+Cv+/uo/8AyDQAf8N9fse/9F58Ff8Af3Uf/kGgA/4b6/Y9/wCi8+Cv+/uo/wDyDQAf8N9fse/9F58Ff9/dR/8AkGgA/wCG+v2Pf+i8+Cv+/uo//INAB/w31+x7/wBF58Ff9/dR/wDkGgA/4b6/Y9/6Lz4K/wC/uo//ACDQAf8ADfX7Hv8A0XnwV/391H/5BoAP+G+v2Pf+i8+Cv+/uo/8AyDQAf8N9fse/9F58Ff8Af3Uf/kGgA/4b6/Y9/wCi8+Cv+/uo/wDyDQAf8N9fse/9F58Ff9/dR/8AkGgD+IL/AIKSfFX4Pf8ABWr/AIOCvhF+yz8Zvi/b2v7BX7NPhPS9dv4IdQ1Cw0TxfOnhvSfFnjS3hFssV1BqfirxTqemeEr7VIQl8fCej7bSa0uUt5YgD+rrSPFf/BIDwXrHwb8P+GfEfwA8Gab8MPht8Wfh78OfhLomk6TpPgnUfAvxBk+GP/CxY77wCNC+x+KFhfwJ4GS51C5t7g2TXTG/aeTVUZgD+RP9re+/Zp/4JJ/8F0/2Ov2ov+CfHjzRPDXwD/aa8Q6L4X+Ovwr8FS3Nl4I8OWfi/wAX23hDx5pdvo3kwrD4OMV/ovxD03R4E8jStd06S00iG20+2t7RgD+61P2/P2PHVXHx58F4dQwzJqIOGGRkfYeDg9P8KAHf8N9fse/9F58Ff9/dR/8AkGgA/wCG+v2Pf+i8+Cv+/uo//INAB/w31+x7/wBF58Ff9/dR/wDkGgA/4b6/Y9/6Lz4K/wC/uo//ACDQAf8ADfX7Hv8A0XnwV/391H/5BoAP+G+v2Pf+i8+Cv+/uo/8AyDQAf8N9fse/9F58Ff8Af3Uf/kGgA/4b6/Y9/wCi8+Cv+/uo/wDyDQAf8N9fse/9F58Ff9/dR/8AkGgA/wCG+v2Pf+i8+Cv+/uo//INAB/w31+x7/wBF58Ff9/dR/wDkGgA/4b6/Y9/6Lz4K/wC/uo//ACDQAf8ADfX7Hv8A0XnwV/391H/5BoAP+G+v2Pf+i8+Cv+/uo/8AyDQB/Cb+w5f/ALMf/BWP/gt9+2l+2J/wUG8YeHPEvwX/AGfPEEFh8B/hT48lu7/wVrNnH4h1vQvh5pl7oMsV9Zan4d8IaB4ak1TWNEubW10vxFr+tw6pqUF04vbecA/qh+O/7Zf/AAQl8Jy+Lvhp+0H8Wv2Y10j4neCdA0TXPhb4y0Ial4QfwjoVvf6RoS6V4Tj8OXGleG2tYprpbK70uDT7+2kSG8spYZobe4QA/kq/4Jf/ALcH7Gn/AASi/wCC2P7Qvws+C/7UXhzV/wDgmH8ddAutR0jxhdavr2o+DvCmtPpVj4s8Hxzyz2KXp1jwhJd678Pb/UW0qOfWALBp55reztHoA/sn/wCH+X/BH3/o/L4L/wDgR4j/APlFQAf8P8v+CPv/AEfl8F//AAI8R/8AyioAP+H+X/BH3/o/L4L/APgR4j/+UVAB/wAP8v8Agj7/ANH5fBf/AMCPEf8A8oqAD/h/l/wR9/6Py+C//gR4j/8AlFQAf8P8v+CPv/R+XwX/APAjxH/8oqAD/h/l/wAEff8Ao/L4L/8AgR4j/wDlFQB+gn7OP7UHwD/a5+HFv8XP2cPid4e+LXw4utU1LRbfxb4Ye7fTJdU0i4a11KzU3traTebaXCNFLmLbuXgkYLAHvVABQAUAFABQAUAFABQAUAFABQB//9H+/igAoAKACgAoAKAP5LP+Dov9gr4+/E7wt+zb/wAFHP2SdGv/ABF8c/2E/E0HibXfD2kWVzqutX3gLRvENl430bxDpmj2Qju9Vs/BPiWxv7vxPpdvNJPe6Brk9wIUstN1GegDmfhH/wAHPH/BOr9qj4NfAjV/jl8Ypv2SPjd8MfiV4R8a/GL4e+P/AAh8UNX07UoPDfh3xRpHiAeA/Evw68GeLtN8SWup6pqlreaXo+rNoesfZ0ZdQ0y2uYoklAPy2/4KRftx+K/+DmX9qf4Cf8E6f+Cengvxvd/ss/D7x3Z/EP4x/HPxDoN/4et7m1Rv7K1Hx5eaZqUDN4Z8OeFtAn1i18E2viOGw17xR4k1iS0m0y0heNIAD/QM+GvgTRfhd8PfBHw48NwJbaD4F8K6F4T0iBNwSOw0LTbbTrYKGLMAY7cHBJIzigDtqACgAoAKACgAoAKACgAoAKACgAoAKACgD+Gv/gu18Jv2g/8AgmB/wVR+CP8AwXQ+AHgHV/iT8JdQtPD3g39pfQNHhcW+lPY6JB4GvdP16aGK8Oj6P418KW+lXmh+I5beOyt/HekiPVPllt01AA+7bb/g4z/4IvfFjxv8Bv2x9e/a18R/C/xD8FPhT8dvBuo/s+eKPgT8UtS+IOo6l8brn4O6hJbJqvhnRdX8NyXfh2b4Sx2lvJod94g0PVf+Eh8+81zQk0qYXAB+Snwc8Z/FT/g5S/4LUfBr9qDwx8MPGfw9/wCCfP7CGpaDrPh7XPGGnxwtrOqeEdcbxd4esry4tZJNJm8eeNPGf2HXb/QdOvdVTw14P0u2sdUvZJpbC41AA/0EQAAAAAAMADgADoAOwAoAWgAoAKACgAoAKACgAoAKACgAoAKACgAoA/z6vif4u+Lv/Bs5/wAFkvjV+0R4n+F3inx3/wAE6/289cutQ1HxD4Rg+0y6CLvWtQ8SW+nWcrfZdMbxn8LNX13XLYeGNXvLOfxD4W1T+2LGcyvapOAfsP4g/wCDlH/gjH8LJ/in+1B4Y/aj8R/FXxT8R/Bvg+y0n4D+F/gx8TtM8djU/B2m38dtpU2o+J/DukeG9Nn1Ce7EV1ea5qmlaXZFGe2vtSUorgHwL/wQX+Cn7Sf/AAUn/wCCmXx1/wCC7P7S3gC8+G3w612w1jwd+zj4e1D7Ug1YTWdh4Y0+fw7LfW0Fzq3hrwB4J0mLww3iOO3t7DXdZ1HUUtCZNNuo0AP7iKACgAoAKACgAoAKACgAoAKACgAoAKACgAoAKACgAoAKAP/S/v4oAKACgAoAKACgAoA/Dr9uD/giV/wTs/aE8b/DP4j337DPwn1vxrrnxq8OP8Vdd8F6PqngKXWPBM+jeJ5vEOpeKbT4f6t4X0/UXudYj0OTUtcubWXWbi4dTNfuLm480A/UT9nX9lL9mz9kfwUPh5+zN8EPht8EfB5kWe60j4e+F9N0E6rdKNovte1G3h/tXxDqO07TqWuX2o3zL8rXGBhgD6BoAKACgAoAKACgAoAKACgAoAKACgAoAKACgDM1rRNG8SaTqWgeItI0zXtC1myuNO1fRNasLXVNJ1XTruNobqw1LTb6KezvrK5hdori1uYZYJo2aOSNlJWgD8Fvil/wb2f8E1vGf7XXwX+Kum/sM/A+z+FVn4M+Ocvxl8P6Rca/4W8Pax8QdU1L4RT/AAcvYvh7oPiHTfDklrpltY/FRbu30vR7XSR/aUSaxZXm/TTAAft78MPhR8Mfgn4J0P4a/B74e+C/hb8PfDNsLPw/4J+H/hrR/CXhfR7bJYx6foeh2dlp1t5jlpJmjg3zSs8srvIzuwB39ABQAUAFABQAUAFABQAUAFABQAUAFABQAUAeffFH4S/C743+CdZ+G3xj+Hfgr4p/D/xDD5Gt+DPiB4Z0fxb4a1JArKjXWj65aXti88G9ntbnyVubSXE1tLFMqOoB+M3w0/4N8P8Agl74F/aQ8ffFVv2G/gbd+EprLwZd/DvQtZl8U+LNA0jxDYx3cnii4m8AeJtf1XwettdXhspLe1udJu7FVj221pboHRwD9yNH0bSPD2ladoWgaVpuh6HpFnb6dpOjaPY22maVpen2kSw2tjp2nWUUNpZWdtCiRW9rbQxQQxKsccaooVQDSoAKACgAoAKACgAoAKACgAoAKACgAoAKACgAoAKACgAoA//T/v4oAKACgAoAKACgAoA8P+NvxQ1j4Y/8Kn/sjTbDUv8AhP8A4w+Gvh1qX277T/oOl61ofijVLi/tPs0kf+mwzaFbRRefvg8uaXfGzbCoB7hQAUAFABQAUAFABQAUAFABQAUAFABQAUAFABQAUAfMnj3xD8Y7L9q/9nDwz4Ytddk+B+v/AAr/AGltS+Ll3aeGob/w9beNvD+pfASP4Pxa34qbS7ifw7qFzaa38TzoelQ6vpsfiRLfV5ZrTVDoEL6eAfTdABQAUAFABQAUAFABQAUAFABQAUAFABQAUAFABQB4b4T1n4l3Xx2+Lei67a6lH8MdL8O/D6fwHdT6LFa6bcavfWeov4rSx1tbSOXVJYriO0F1byXlyLFiqLHDvwwB7lQAUAFABQAUAFABQAUAFABQAUAFABQAUAFABQAUAFABQAUAf//U/v4oAKACgAoAKACgAoA8w+JvxP0T4Y/8ID/bWm6jqP8Awn3xE0X4daV/ZyWj/YdX1rS9c1O2v737VcW+ywhg0O6ime28+5WSaER28iGQoAen0AFABQAUAFABQAUAFABQAUAFABQAUAFABQAUAFAHzh44+NmseFf2ov2evgLbaLp91onxk+GX7RfjrVtemmuV1LR734L6j8DbPSLGwhT/AEWW31lPitqb373H72JtKshbcS3FAH0fQAUAFABQAUAFABQAUAFABQAUAFABQAUAFABQAUAeLeF/ine+IPjb8VPhRLpFvbWPw98P+A9ZtNYS5le51OTxfaX9xcQTWzRLFAtk1mqRvHM7ShyXVMDcAe00AFABQAUAFABQAUAFABQAUAFABQAUAFABQAUAFABQAUAFAH//1f7+KACgAoAKACgAoAKAPMfiZL8MYv8AhAv+FmDTjv8AiHosfgL+0UvHx8Q20zXDopsfsYbZf/2YuueS90Psoj84SZcxbQD06gAoAKACgAoAKACgAoAKACgAoAKACgAoAKACgAoA8P8AFnxQ8AeH/j98GPhJrPhy7vviP8SvAfxs8V+BfE8ekaPc2fh/w78Mb34TW3j3TLrWrm8i1vSpvEU/xA8GyWlnpNld2WrDQ7l9Xms303TFugD3CgAoAKACgAoAKACgAoAKACgAoAKACgAoAKACgAoA8w0H4g+E9Z+KXj/4d6dpt1B4u8F6P4T1TxHqclhZQ2l/ZeJbe7n0aK3v4rh728e1itplmjuraGO3LBYHkDOVAPT6ACgAoAKACgAoAKACgAoAKACgAoAKACgAoAKACgAoAKACgD//1v7+KACgAoAKACgAoAKAPMfiZ8NfDnxI/wCEB/4SLUdQ07/hBfiJovxA0P8As+5s7f7dr2j6Zrmm2dhe/bLW68+xmttavZJoLXyLt5IYWjuY0WRJQD06gAoAKACgAoAKACgAoAKACgAoAKACgAoAKACgAoA8R8V2PwUm+PnwZ1DxU2nj482XgT41QfBxJtS1mDUm8C3t78KD8aDYaXa3Ueh6hbLeWnwq/tC51ezur7TmayXR5rVL7VFuAD26gAoAKACgAoAKACgAoAKACgAoAKACgAoAKACgAoA8x0Gy+GMXxR8fX2gvpp+KN1o/hOPx+kGoXk2pLo8FveDwmb7TpbqSysojbtd/ZZbW0t5LldzTyTFVKgHp1ABQAUAFABQAUAFABQAUAFABQAUAFABQAUAFABQAUAFABQB//9f+/igAoAKACgAoAKACgDxL41fCzUfij/wqn+z9TstM/wCFffF/w38SL77bHPJ9vsND0TxPpc2nWnkI+y8mk16GWN5tsISCUO4ZkoA9toAKACgAoAKACgCOaaK3iknnljhhiVnllldY440UZZ3dyFVVAyzMQAOSRgGgCppuqaZrFpFf6RqFlqljMN0N5p91Be2so9Y57d5InH+65/HFAF5mVQWYhVAyzMQAAOpJOAAPXP5UAZela7omuxzTaJq+mavFbXEtpcSaZf2t/HBdQP5c1tM9rLKsc8TgpJE5DowKsARQBdlu7WBts1zbwtjO2WaKNseuHZTj3x+WTuAEs7y01C1t76wure9srqJJ7W7tJo7i2uYZBmOaCeFmilideUkjZlYcg8/MAWaACgAoAKACgDw7xb8E9L8VftAfBb49XGvXdnq/wb8BfG7wLpnh2K1gkstctPjTe/CW91PULu7eVbi2m0JvhTp8dpFBDLHcjWLkztEYId4B7jQAUAFABQAUAFAGdqer6Vo1uLrWNTsNKtWligW41G8t7KBppnEcMIluZI0MssjLHGgbc7sFVWJAoAvo6SKrxsro4DI6MGVlPIZWXIYEcgg4PvQAkkkcSl5ZEiQdXkZUUZ6ZZiAMn3/OgCrDqenXN1LZW9/ZXF5BBFdTWkN1BLcxW08ksUFxLBG7SRwzS288cUrKEkeGVFJaNgoBdoAKACgAoAKACgAoA8t0D4XaVoHxV+IPxUt9TvZ9W+IOjeEdG1HS5VtxY2EPhG2vLezmtWRRcNJdreO04mYoCq+WBzQB6lQAUAFABQAUAFAGbf61o+lyWcOp6rp2nTahP9msYr69trWS9uCpfyLVJ5EaebYrN5cQd9qscABjQBpA55HIPII70AV5bu1gbZNc28LYztlmiRseuHcHHvj8+aAHxTwTKzwzRTKpwzRSI6qcZwxRmAODnntzzxtAKj6tpUcttBJqdgk97cfZbOFry2WW6ufKln+z28Zk3zz+RbzzeVGGfyoZZMbInNAGhQAUAFABQAUAFABQAUAFAH//0P7+KACgAoAKACgAoAKACgAoAjmaRIpXij86VY3aOLeI/NkVSUj3t8qb2wu9uFzk8CgD8erL/gr74Yn+KH7QHwD1D9mb40aF+0P8CPiR8M/hvafA3V9d+E1v48+MUvxWku5/C/i/4RRJ49m0fXvA76Bp2q+Lr3xDquraHDY+F9E13U7yKAaZLCwB+u+j3V/faVp15qmly6JqV1Z2899o811aX02mXUsSvPYy3lhJNZXUlrIWiee0llt5GUtDI6EPQB+YHjv/AILWf8E1Phr4z8UfD7xp+0PeaR4t8Ga7qXhvxJpa/Bv48aiun6zpF1JZ6haC/wBK+GV7pt4ILmKSMXFjd3NrLt3wzyoVdgD6D/ZX/wCCgv7JP7aup+MNH/Zq+KU/xD1HwFZaRqPiuCbwF8SfBo0yz16bULfSpVm8d+EPDEF8bqXS75THp0l3JB5G65SJZYWcA/Pf/gqd491D4h/tp/8ABLD9gifUZh8Kv2i/i58UPiV+0F4YheaKHxx4G+B3gVvEfgzwZryxSxx6r4O13xvIJvFHhy+WfStbg0izttStbm1DwOAYvi3xFZ/sc/8ABbf9m74T/CjS9M8EfBb9uf8AZu8e2/jv4YeGbO30HwZJ8afg3qb32gfEzTfD+nwxaRp3iO88CH/hGPEEum2NlLrlppmj3Op3NzcaejMAfrn+0V8CbL9o3wXpvwv8T+IdZ0r4a6p4jtLz4qeHdB1LVtDvfiT4LtLHUhL8PLzX9B1HSdb0jw9resT6Te+I/wCzL+CXWtK0qfwzfCfRdc1a2nAPwj+E/wCxJ8Kf2M/+C4/w08L/ALA3ha8+Cvwo8Zfse+MfH37YPwo8H32u3PweuLn/AITWPw58IdeudDvtR1DS/Dnj/W7rT9cXS1tlsjPo2havd2tuH1DUZroA+Av299D+FeiftjfFH45f8Fsf+CQXjz4h/szeKvida+DPhR+2/wCEPj3q/j/wZ8Gvg9bSWnhrwBpfj/4S/CTxZokvw30CeSI+IfFGs61qt5qd74k13V7iz0y5jeG1QA/sg+Gtj4E0z4e+CdP+F9to9n8OLPwtodv4GtfDwQaHb+FI9Ot10KLSRGWT7AmnfZxb4Zj5e0sSxY0AdtQAUAFABQAUAfM3jz4L+KPFP7Vv7OPx10/U9Et/CPwf+Fn7SvgfxLpN3c6imv6lq3xk1L4C3nhi60a1g06fTLiw0yL4WeIF1uXUNT0+5tnv9JGn22orPetYAH0zQBla7ealp2janf6Po83iHVLOyuLiw0O3vLLT59Xuoo2eHT4L7UprbT7Wa6ZRFFPfXEFpG7K1xNFEGdQD8jvgR/wV88L/ALQ15H4N8Dfs0fGaz+N1l+0N41/Z68a/s/eJNd+FGk/FX4a6h8O9Nt9T8Y/ETx1pp8d3Oj6T8NtEgv8AR0m1yDWr67up/Efhq107Tb281m3t1AP14vNQt9N0y71XUWNpa6fYz6hfttec21va273N0223SSSYwxxyHbCjvJtxGjMyrQB+TF1/wXa/4JaWV1c2dz+0rex3NpcTW1xH/wAKQ/aEfy54JGilTenwpZH2yIy7kZkbGVJBBoA+1/2XP2yf2c/2z/CviLxt+zf4/l+IPhrwp4g/4RbXtRm8IeOPBxstd/s2y1b7ELLx14b8NX90P7P1Gzn+1WdrcWeZfK+0edHLGgB+VHwk1LRv20v+C0H7dfhf4v6Zo/xH+En7DPwh+Bfwy+Dnw+8WaVaeIPBWleN/i9omseJfi/4wuvC+sR3uhXXi+4lt7Hwva+IZtPfU7bw3bNpdvcRWdzdQzgHSf8Ej/ibrvhr9ob/gpf8AsK3Oo3l/4A/ZJ/aT+1fArT768ubtvAvwZ+K2mf8ACT+Gvhtp73b3FyfD3g6/XVbDw2kl0yWGifYdKtoILWwhRgCf/gt34J/aV+KPw3+EPgX4b/sGah+39+zda+KdY8a/tQfBbQ/j7o/wM8Q+LdL0LTfs3gbQtMl+1Dxb4utLLVL/AFLxRe+F/DVobvVtY0fwtHHdKsFzEwBZ/wCCGl5/wTb1r4DfEnWv2AP2bNT/AGTdeg+Ic3hf9pf4FeOV8Vp8WPh38WfDmn2tpceGfGyeMvEnijVEis7JoZdINjfw6VPBPJdCxs9Rmv4EAP3BoAKACgAoAKACgAoA8O8KfDPxDoXx1+LXxOvNT06fw7498O/D/SNF0yC4vX1GwuvClnqFvqU19by2kdjDFdvdxNavaXlxJIqMbiOFlUMAe40AfMf7YH7Rep/sn/ALx/8AtAWnwX+I3x10j4ZaLeeKPFngr4USeF38cx+FtLhNzrWuaVpvizX/AA1YatDolkk2palaW+pi/TTra5ure2uBA6UAeM/st/t/eF/2vvEPhuD4N/DXxN4h+HmrfCTwD8U/EHxfsfE/gK/8D+C734i6Q2u6F8Mdb+xeIptdufiRDor2Gt6ro2j6RqFlpWi6xo9/f6pB/aVpDKAfT/x6+P3wn/Zk+GOu/GL42eKH8HfDrw3JYRa1r8eg+I/Ej2kmp3kVjZKNI8KaRrmuXHnXU0cWbXTZ1j3b5jHGC6gH5y/8P4/+CV3/AEcxe/8Ahjv2h/8A51FAH6ffCv4oeB/jV8OvBnxY+Gust4h8BfEDw/pvinwlrj6Zq2jNqmhavbJd6fetpWu2OmaxYGe3kST7LqWn2d5Fu2T28bgrQB+Ef/BPPw/4C/4KK/HP/gqn8bf2j/C3h/4xaJpX7U3jn9jz4Q6P4z0q31vR/A/wC+GPh7R7CKw8GWepLdR+EtV8U65qeq+IfE2r+HV07VNS1oWeoXF49zp1jJbgHuH/AAQm+P8A8QvjF+yN42+HvxS8Tap428afsr/tC/F/9mu48Y67dzX2u+IfD/w+8TXEfgy41q5uDJc3OqWnhK60fTry9urm6utQmtGvriYzTutAHp/7TH/BIb/gnL+0f8SviP8AtP8A7Zvwc0344eMbnR4p7vxP8QvF3jrT9B+Hnw98F6IEtdA8NaD4Z8VaHoek6NptjZXesatfyWdxquq6rd6nqN5eeXNBaWoB+c/7EH7NPxE+Cn/BHn9oTxX/AME9/wBnPTLH4pftoeN/iT8XPhT8GtP8eab8N7fQPhj8TPECeHPBVnp3j7x7qk39hatonwJtNPTRtW1W/v7q18Umy1CSGdEnVgDy7/gjd4W/4Jv+C/2w9Z+Fuuf8Eu/E3/BNn/gpt4E+H+qa7H4Y+Jnj/wAafFWz+IPgLU7iysfFHjb4Q/EbV/Elz4R8ZQTagsKatqmkeGdNuYUu5YtIvryxl1DYAf1i0AFABQAUAFABQAUAFABQB//R/v4oAKACgAoAKACgAoAKACgCG5uEtLa4upFneO2hluJEtra4vLl0hRpHW3tLSKa6up2VSIra2hluJ3KxQxPIyIwB/Ll+214R/aY8Y/Frwz/wWX/Z0+B/xl/4Wj+yR8SY/gZ4R/ZcuP2cviFp/wAZ/wBpb9lefxDNofxR1W+8J6j4Dg+JEfiLXtZ1C78Z/CZ2gs/Dul+C9K0q91k2+q3mp6ZcAH9KHwo+Itn8Wfh34T+Ilj4a8deDYPFWj2mq/wDCLfEvwN4s+G/jnQZp4lafS/Efgzxvo+g+JdF1Czm3wSwahpduZCnnQ74XR2APzy8dfCb/AILE3/jLxRe/Dv8AbI/Yh8O+BLvXNSuPCGg+J/2Ovil4i8RaP4elupH0rTta16x/ad0Oz1jU7S0MUN5qNto+mwXcyPNHZW6sI1APoT9ljwT+3f4T1PxhL+2J8ev2ePjHpN7ZaOnge0+CHwH8ZfB280O/hmv21y48QXfin4wfE6LXLa+gk0yPT7ezttJexktruSaa6W5jSAA+PP8Agpb+z98RLv8AaV/4J0ft1fDTwX4g+Iifsb/F/wAeWXxf8FeCtHvPEXjfUvg58bfBZ8F6r4p8PeG9MSbWvE7fDrWorDX7/wAPeHbTU/EN7pV5qFxpmk37WUqIAcc/w98S/tX/APBWP4ZftfaL4H8cWP7OX7Gv7MXjTwd4c8U+LvAfijwZqXxP+OXxR1s6jqlp8N9E8Yafoesa3onhDwZZW+manr66ZBpt34k1iXRtNvrt9Ov2iAPo3xh/wUT8QaX+xJJ+1l4c/Yn/AG2b/wAb6xrGseFPCX7MM/7O3jfWvj6+u2Ov6n4ftNc8T+AvAlv4svPD/gOeLTZPFKeJr25gt7zw3LYi0Y6xq2nabOAfIH7FX7bx1D4jW/grw9/wTq/4Kdaf8bv2gfGA8SfGz9ov9pT9kHxV8CPhn9r0/SXlurzX/HXijU76Dw34U8N6FpkPg/4V+BNPiv1gP9haLutoptS1yAA9c+Mv7T+lft/fsiftM/s7fD79mD9qnw98X/id4P8AH/wGi+Gf7RP7NXxJ+GGneGNc8U6ddeHbHx/4m8fa5ok/wlh8JeGor2Px/p+p6f4+v7zVotIg0/QLS98SzWuksAfpt+z58Lf+FIfAz4RfB7+0pNZPwy+HXhHwQ2qzbzJqD+HNEs9Lku2Msk0h897dnHmSu+CNzMeVAPYKACgAoAKACgD5e8fn4wf8Nbfs1Dwz/wAJF/wpI/Cj9pz/AIWybKNT4Z/4TQan+z9/wqL+35CpaPUjaf8ACzf+EfVXUSRjW9wbYu0A+oaAMDxT4jsvCHhzW/FGo2ev6jY6Dpt1ql1Y+FvDWv8AjHxHdw2kTSvb6J4V8K6brHiPX9SlA2Wul6Lpd9qF1KVjt7aRzigD+XbxroX7T/7Pn7W/wd/4LKfD39nz45eKLb9rvxDB8Ef2s/2PvAf7N/xB1r4w/D/4Bxwi3+D/AMU9b8KeHPAlz45g+JXw/tdKS++K6eIUkguZdZuNB8KwanHHpz2QB/UPZarL4l8LQazoC3ulXGt6IL7R18T+H9Y0a/064vrPzbH+3fDGswaPrunz2sskR1DR9Qg07UYWSW1mW2mBKAH5WXXwd/4LZtc3LWf7bv7BMNo08zWsU/7EvxbmnitjIxgjmmX9q6JZZUiKrJIsUau4LCNAQqgH2v8Asu+Ff2uPCnhXxDaftffF34L/ABg8ZXPiH7T4Y1n4KfCPxN8IND0vwz/ZtjF/ZmraN4o+JXxMutT1b+1Y9Quv7Tt9T0+3+x3Fta/YDJbvcSgH5w+Hfhp4l/Yr/wCCr37Wv7SfiXwf401f9nD9uL4PfBq/i8eeBfBHirx9ZfDf4xfA7TtT8Ma74V8aaT4I0nX/ABBo3/Ce6PqGn+IPDmu3ujroWp6gl5oMGqHWhBpzgHmP7KVv8Sv2RvD3/BRz/gpT8TP2av2g/G2uftWftNweMvhx+zx8LPhrc+If2kH+B2m3mi/Dz4bz6v8ADi/1HS73Ttfu7J7zxxrPh+/u7O/8P6NeGDUbW21GC6tkAP0z+Kf7cXg34N/GD4b/AAl8cfBD9q57b4n+CovFmi/FTwP+zp8Rvir8KtI1aSa6jPw58Wa58LtK8Ya34Z+IKQ2j3jaTqvh2309raW28vVnnuYIHAPJP2Jv2ete8MftHftzftcax4Sv/AIb6X+1r8RfAGo+CfAOr6fJoviFPCfw0+HeheCo/Hni3w/KyXPh3xL8RtZsNW8VT6Fq9nZeJdN0++0+38TWlhra3um2gB+mNABQAUAFABQAUAFAHhvhP/hZ3/C9/i3/b39o/8Ku/4Rz4ff8ACA+etmNN/tj7HqH/AAln2FolF60v2j7J9q+1M0Ybb5AUbtwB7lQB80ftYfGbxB8FfhHqmseC/hb46+MHj7xReWHgfwL4O8G/Dbx18RdNbxJ4rvLfRLLW/iIngjQNdk8NfDXw39vbxB4417V/sVrH4c03UraxludWmsrKcA/FL/gnd8N/jT/wSv8A2wviB+wlffDr42fF/wDY9+PtnaftAfCP49+B/wBnnx5feAPgp8Y/GM0n/C0vg/8AEDxN4D8Ct4J8LeH9W1yK58TeD7q6ubey8P6fcfZPEGpWdxe2tjagH7w/HrRfjp4g+GWuaX+zh47+H3w2+LVxLYHw94u+KPgXWPiR4M06KO7ifUk1PwloPi7wNqeovc2QlgtXg8SWItp3SeRZ0QxOAfnP/wAKb/4Lef8AR8P7An/iEHxc/wDosqAP09+Fmn/EnSfh14M034w+JfC3jH4o2Xh/Tbbx34p8EeGr/wAHeEde8TRWyLqup+HvC2qa74n1HQtKu7oSS2emXniHWLi0hZYpb+5Zd9AH4tfsk+Hdf/4JpfHb/gpF4U+JXw2+KuvfCr48/tE+JP2wP2efFvwv+F3jf4maf4wtviT4e0xPEXwZsE8CaLrzaR8RPDPinRbqwsdA8Sroc2u2Go2WsaVLe6Wl7fW4BT/4J7eG/ih/wTW/Y/8Ahe3xl/Z3+NvxF+M/7Y/7XPiTxZ8S/CPwJ8Ex+Pb34J3/AMfvF2ta5pmvfFd49XtYtE8H/Dnw6uk6b498SQ3GoxaXcwTtbw3UMaCgD7X/AOCqDfE/Xv2P/Ffwa+D3h/xdrXjj9pnxZ4G/ZuGo+EdG1PV5fBPg34r69Bo/xR8da6+mW1w+j+H/AA/8L4fGLXGs3ht7O11G50y3ecT3dvFOAeo/GX4y+D/2CPgF8ObqP4L/AB0+JvgHwrdeC/hc+ifs2/CnWPi54h8D6BHpUtonjTWvBXhuSTxN/wAINocWlhdZv9B0vW9QtJLuyji0qdp1FAHzHq3w1P7Xn7en7JX7Vvg/wV408IfDP9lr4ZfGWC78ffEL4e+MvhX4l+I3ib4yReEbHQvA2jeFPiDo/hXxreeGvB2maFq/iLVNdvdBXw1LqniWzsdDvNR1C11pdNAP1joAKACgAoAKACgAoAKACgD/0v7+KACgAoAKACgAoAKACgAoAKACgAoAKACgAoAKACgAoAKACgAoAKACgAoAKACgAoAKACgAoAKACgAoAKACgAoAKACgAoAKACgAoAKACgAoAKACgAoAKACgAoAKACgAoAKACgAoAKACgAoAKACgAoAKAP/T/v4oAKACgAoAKACgAoAKACgAoAKACgAoAKACgAoAKACgAoAKACgAoAKACgAoAKACgAoAKACgAoAKACgAoAKACgAoAKACgAoAKACgAoAKACgAoAKACgAoAKACgAoAKACgAoAKACgAoAKACgAoAKACgAoA/9k=</file>
<file name="explicitni2_moodle.jpg" path="/" encoding="base64">/9j/4AAQSkZJRgABAQAASABIAAD/4QBMRXhpZgAATU0AKgAAAAgAAgESAAMAAAABAAEAAIdpAAQAAAABAAAAJgAAAAAAAqACAAQAAAABAAABuaADAAQAAAABAAAAzwAAAAD/4QkhaHR0cDovL25zLmFkb2JlLmNvbS94YXAvMS4wLwA8P3hwYWNrZXQgYmVnaW49Iu+7vyIgaWQ9Ilc1TTBNcENlaGlIenJlU3pOVGN6a2M5ZCI/PiA8eDp4bXBtZXRhIHhtbG5zOng9ImFkb2JlOm5zOm1ldGEvIiB4OnhtcHRrPSJYTVAgQ29yZSA1LjQuMCI+IDxyZGY6UkRGIHhtbG5zOnJkZj0iaHR0cDovL3d3dy53My5vcmcvMTk5OS8wMi8yMi1yZGYtc3ludGF4LW5zIyI+IDxyZGY6RGVzY3JpcHRpb24gcmRmOmFib3V0PSIiLz4gPC9yZGY6UkRGPiA8L3g6eG1wbWV0YT4gICAgICAgICAgICAgICAgICAgICAgICAgICAgICAgICAgICAgICAgICAgICAgICAgICAgICAgICAgICAgICAgICAgICAgICAgICAgICAgICAgICAgICAgICAgICAgICAgICAgICAgICAgICAgICAgICAgICAgICAgICAgICAgICAgICAgICAgICAgICAgICAgICAgICAgICAgICAgICAgICAgICAgICAgICAgICAgICAgICAgICAgICAgICAgICAgICAgICAgICAgICAgICAgICAgICAgICAgICAgICAgICAgICAgICAgICAgICAgICAgICAgICAgICAgICAgICAgICAgICAgICAgICAgICAgICAgICAgICAgICAgICAgICAgICAgICAgICAgICAgICAgICAgICAgICAgICAgICAgICAgICAgICAgICAgICAgICAgICAgICAgICAgICAgICAgICAgICAgICAgICAgICAgICAgICAgICAgICAgICAgICAgICAgICAgICAgICAgICAgICAgICAgICAgICAgICAgICAgICAgICAgICAgICAgICAgICAgICAgICAgICAgICAgICAgICAgICAgICAgICAgICAgICAgICAgICAgICAgICAgICAgICAgICAgICAgICAgICAgICAgICAgICAgICAgICAgICAgICAgICAgICAgICAgICAgICAgICAgICAgICAgICAgICAgICAgICAgICAgICAgICAgICAgICAgICAgICAgICAgICAgICAgICAgICAgICAgICAgICAgICAgICAgICAgICAgICAgICAgICAgICAgICAgICAgICAgICAgICAgICAgICAgICAgICAgICAgICAgICAgICAgICAgICAgICAgICAgICAgICAgICAgICAgICAgICAgICAgICAgICAgICAgICAgICAgICAgICAgICAgICAgICAgICAgICAgICAgICAgICAgICAgICAgICAgICAgICAgICAgICAgICAgICAgICAgICAgICAgICAgICAgICAgICAgICAgICAgICAgICAgICAgICAgICAgICAgICAgICAgICAgICAgICAgICAgICAgICAgICAgICAgICAgICAgICAgICAgICAgICAgICAgICAgICAgICAgICAgICAgICAgICAgICAgICAgICAgICAgICAgICAgICAgICAgICAgICAgICAgICAgICAgICAgICAgICAgICAgICAgICAgICAgICAgICAgICAgICAgICAgICAgICAgICAgICAgICAgICAgICAgICAgICAgICAgICAgICAgICAgICAgICAgICAgICAgICAgICAgICAgICAgICAgICAgICAgICAgICAgICAgICAgICAgICAgICAgICAgICAgICAgICAgICAgICAgICAgICAgICAgICAgICAgICAgICAgICAgICAgICAgICAgICAgICAgICAgICAgICAgICAgICAgICAgICAgICAgICAgICAgICAgICAgICAgICAgICAgICAgICAgICAgICAgICAgICAgICAgICAgICAgICAgICAgICAgICAgICAgICAgICAgICAgICAgICAgICAgICAgICAgICAgICAgICAgICAgICAgICAgICAgICAgICAgICAgICAgICAgICAgICAgICAgICAgICAgICAgICAgICAgICAgICAgICAgICAgICAgICAgICAgICAgICAgICAgICAgICAgICAgICAgICAgICAgICAgICAgICAgICAgICAgICAgICAgICAgICAgICAgICAgICAgICAgICAgICAgICAgICAgICAgICAgICAgICAgICAgICAgICAgICAgICAgICAgICAgICAgICAgICAgICAgICAgICAgICAgICAgICAgICAgICAgICAgICAgICAgICAgICAgICAgICAgICAgICAgICAgICAgICAgICAgICAgICAgICAgICAgICAgICAgICAgICAgICAgICAgICAgICAgICAgICAgICAgICAgICAgICAgICAgICAgICAgICAgICAgICAgICAgICAgICAgICAgICAgICAgICAgICAgICAgICAgICAgICAgICAgICAgICAgICAgICAgICAgICAgICAgICAgICAgICAgICAgICAgICAgICAgICAgICAgICAgICAgICAgICAgICAgICAgICAgICAgICAgICAgICAgICAgICAgICAgICAgICAgICAgICAgICAgICAgICAgICAgICAgICAgICAgICAgICAgICAgICAgICAgICAgICAgICAgICAgICAgICAgICAgICAgICAgICAgICAgICAgICAgICAgICAgICAgICAgICAgICAgICAgICAgICAgICAgICAgICAgICAgICAgICAgICAgICAgICAgICAgICAgICAgICAgICAgICAgICAgICAgICAgICAgICAgICAgICAgICAgICAgICAgICAgICAgICAgICAgICAgICAgICAgICAgICAgICAgICAgICAgICAgICAgICAgICAgICAgICAgICAgICAgICAgICAgICAgICAgICAgICAgICAgICAgICAgICAgICAgICAgICAgICAgICAgICAgICAgICAgICAgICAgICAgICAgICAgICAgICAgICAgICAgICAgICAgICAgICAgICAgICAgICAgICAgICAgICAgICA8P3hwYWNrZXQgZW5kPSJ3Ij8+AP/tADhQaG90b3Nob3AgMy4wADhCSU0EBAAAAAAAADhCSU0EJQAAAAAAENQdjNmPALIE6YAJmOz4Qn7/4htESUNDX1BST0ZJTEUAAQEAABs0YXBwbAIQAABtbnRyUkdCIFhZWiAH5AABAAEACAAyADRhY3NwQVBQTAAAAABBUFBMAAAAAAAAAAAAAAAAAAAAAAAA9tYAAQAAAADTLWFwcGwAAAAAAAAAAAAAAAAAAAAAAAAAAAAAAAAAAAAAAAAAAAAAAAAAAAAAAAAAAAAAABFkZXNjAAABUAAAAGJkc2NtAAABtAAABDZjcHJ0AAAF7AAAACN3dHB0AAAGEAAAABRyWFlaAAAGJAAAABRnWFlaAAAGOAAAABRiWFlaAAAGTAAAABRyVFJDAAAGYAAACAxhYXJnAAAObAAAACB2Y2d0AAAOjAAABhJuZGluAAAUoAAABj5jaGFkAAAa4AAAACxtbW9kAAAbDAAAAChiVFJDAAAGYAAACAxnVFJDAAAGYAAACAxhYWJnAAAObAAAACBhYWdnAAAObAAAACBkZXNjAAAAAAAAAAhEaXNwbGF5AAAAAAAAAAAAAAAAAAAAAAAAAAAAAAAAAAAAAAAAAAAAAAAAAAAAAAAAAAAAAAAAAAAAAAAAAAAAAAAAAAAAAAAAAAAAAAAAAAAAAAAAAAAAbWx1YwAAAAAAAAAjAAAADGhySFIAAAAUAAABtGtvS1IAAAAMAAAByG5iTk8AAAASAAAB1GlkAAAAAAASAAAB5mh1SFUAAAAUAAAB+GNzQ1oAAAAWAAACDGRhREsAAAAcAAACIm5sTkwAAAAWAAACPmZpRkkAAAAQAAACVGl0SVQAAAAUAAACZHJvUk8AAAASAAACeGVzRVMAAAASAAACeGFyAAAAAAAUAAACinVrVUEAAAAcAAACnmhlSUwAAAAWAAACunpoVFcAAAAMAAAC0HZpVk4AAAAOAAAC3HNrU0sAAAAWAAAC6npoQ04AAAAMAAAC0HJ1UlUAAAAkAAADAGZyRlIAAAAWAAADJG1zAAAAAAASAAADOmhpSU4AAAASAAADTHRoVEgAAAAMAAADXmNhRVMAAAAYAAADamVzWEwAAAASAAACeGRlREUAAAAQAAADgmVuVVMAAAASAAADknB0QlIAAAAYAAADpHBsUEwAAAASAAADvGVsR1IAAAAiAAADznN2U0UAAAAQAAAD8HRyVFIAAAAUAAAEAHB0UFQAAAAWAAAEFGphSlAAAAAMAAAEKgBMAEMARAAgAHUAIABiAG8AagBpzuy37AAgAEwAQwBEAEYAYQByAGcAZQAtAEwAQwBEAEwAQwBEACAAVwBhAHIAbgBhAFMAegDtAG4AZQBzACAATABDAEQAQgBhAHIAZQB2AG4A/QAgAEwAQwBEAEwAQwBEAC0AZgBhAHIAdgBlAHMAawDmAHIAbQBLAGwAZQB1AHIAZQBuAC0ATABDAEQAVgDkAHIAaQAtAEwAQwBEAEwAQwBEACAAYwBvAGwAbwByAGkATABDAEQAIABjAG8AbABvAHIgDwBMAEMARAAgBkUGRAZIBkYGKQQaBD4EOwRMBD4EQAQ+BDIEOAQ5ACAATABDAEQgDwBMAEMARAAgBeYF0QXiBdUF4AXZX2mCcgAgAEwAQwBEAEwAQwBEACAATQDgAHUARgBhAHIAZQBiAG4A/QAgAEwAQwBEBCYEMgQ1BEIEPQQ+BDkAIAQWBBoALQQ0BDgEQQQ/BDsENQQ5AEwAQwBEACAAYwBvAHUAbABlAHUAcgBXAGEAcgBuAGEAIABMAEMARAkwCQIJFwlACSgAIABMAEMARABMAEMARAAgDioONQBMAEMARAAgAGUAbgAgAGMAbwBsAG8AcgBGAGEAcgBiAC0ATABDAEQAQwBvAGwAbwByACAATABDAEQATABDAEQAIABDAG8AbABvAHIAaQBkAG8ASwBvAGwAbwByACAATABDAEQDiAOzA8cDwQPJA7wDtwAgA78DuAPMA70DtwAgAEwAQwBEAEYA5AByAGcALQBMAEMARABSAGUAbgBrAGwAaQAgAEwAQwBEAEwAQwBEACAAYQAgAEMAbwByAGUAczCrMOkw/ABMAEMARAAAdGV4dAAAAABDb3B5cmlnaHQgQXBwbGUgSW5jLiwgMjAyMAAAWFlaIAAAAAAAAPNSAAEAAAABFs9YWVogAAAAAAAAYWwAADgyAAAKQlhZWiAAAAAAAABvHAAArpUAABaZWFlaIAAAAAAAACZOAAAZOQAAslJjdXJ2AAAAAAAABAAAAAAFAAoADwAUABkAHgAjACgALQAyADYAOwBAAEUASgBPAFQAWQBeAGMAaABtAHIAdwB8AIEAhgCLAJAAlQCaAJ8AowCoAK0AsgC3ALwAwQDGAMsA0ADVANsA4ADlAOsA8AD2APsBAQEHAQ0BEwEZAR8BJQErATIBOAE+AUUBTAFSAVkBYAFnAW4BdQF8AYMBiwGSAZoBoQGpAbEBuQHBAckB0QHZAeEB6QHyAfoCAwIMAhQCHQImAi8COAJBAksCVAJdAmcCcQJ6AoQCjgKYAqICrAK2AsECywLVAuAC6wL1AwADCwMWAyEDLQM4A0MDTwNaA2YDcgN+A4oDlgOiA64DugPHA9MD4APsA/kEBgQTBCAELQQ7BEgEVQRjBHEEfgSMBJoEqAS2BMQE0wThBPAE/gUNBRwFKwU6BUkFWAVnBXcFhgWWBaYFtQXFBdUF5QX2BgYGFgYnBjcGSAZZBmoGewaMBp0GrwbABtEG4wb1BwcHGQcrBz0HTwdhB3QHhgeZB6wHvwfSB+UH+AgLCB8IMghGCFoIbgiCCJYIqgi+CNII5wj7CRAJJQk6CU8JZAl5CY8JpAm6Cc8J5Qn7ChEKJwo9ClQKagqBCpgKrgrFCtwK8wsLCyILOQtRC2kLgAuYC7ALyAvhC/kMEgwqDEMMXAx1DI4MpwzADNkM8w0NDSYNQA1aDXQNjg2pDcMN3g34DhMOLg5JDmQOfw6bDrYO0g7uDwkPJQ9BD14Peg+WD7MPzw/sEAkQJhBDEGEQfhCbELkQ1xD1ERMRMRFPEW0RjBGqEckR6BIHEiYSRRJkEoQSoxLDEuMTAxMjE0MTYxODE6QTxRPlFAYUJxRJFGoUixStFM4U8BUSFTQVVhV4FZsVvRXgFgMWJhZJFmwWjxayFtYW+hcdF0EXZReJF64X0hf3GBsYQBhlGIoYrxjVGPoZIBlFGWsZkRm3Gd0aBBoqGlEadxqeGsUa7BsUGzsbYxuKG7Ib2hwCHCocUhx7HKMczBz1HR4dRx1wHZkdwx3sHhYeQB5qHpQevh7pHxMfPh9pH5Qfvx/qIBUgQSBsIJggxCDwIRwhSCF1IaEhziH7IiciVSKCIq8i3SMKIzgjZiOUI8Ij8CQfJE0kfCSrJNolCSU4JWgllyXHJfcmJyZXJocmtyboJxgnSSd6J6sn3CgNKD8ocSiiKNQpBik4KWspnSnQKgIqNSpoKpsqzysCKzYraSudK9EsBSw5LG4soizXLQwtQS12Last4S4WLkwugi63Lu4vJC9aL5Evxy/+MDUwbDCkMNsxEjFKMYIxujHyMioyYzKbMtQzDTNGM38zuDPxNCs0ZTSeNNg1EzVNNYc1wjX9Njc2cjauNuk3JDdgN5w31zgUOFA4jDjIOQU5Qjl/Obw5+To2OnQ6sjrvOy07azuqO+g8JzxlPKQ84z0iPWE9oT3gPiA+YD6gPuA/IT9hP6I/4kAjQGRApkDnQSlBakGsQe5CMEJyQrVC90M6Q31DwEQDREdEikTORRJFVUWaRd5GIkZnRqtG8Ec1R3tHwEgFSEtIkUjXSR1JY0mpSfBKN0p9SsRLDEtTS5pL4kwqTHJMuk0CTUpNk03cTiVObk63TwBPSU+TT91QJ1BxULtRBlFQUZtR5lIxUnxSx1MTU19TqlP2VEJUj1TbVShVdVXCVg9WXFapVvdXRFeSV+BYL1h9WMtZGllpWbhaB1pWWqZa9VtFW5Vb5Vw1XIZc1l0nXXhdyV4aXmxevV8PX2Ffs2AFYFdgqmD8YU9homH1YklinGLwY0Njl2PrZEBklGTpZT1lkmXnZj1mkmboZz1nk2fpaD9olmjsaUNpmmnxakhqn2r3a09rp2v/bFdsr20IbWBtuW4SbmtuxG8eb3hv0XArcIZw4HE6cZVx8HJLcqZzAXNdc7h0FHRwdMx1KHWFdeF2Pnabdvh3VnezeBF4bnjMeSp5iXnnekZ6pXsEe2N7wnwhfIF84X1BfaF+AX5ifsJ/I3+Ef+WAR4CogQqBa4HNgjCCkoL0g1eDuoQdhICE44VHhauGDoZyhteHO4efiASIaYjOiTOJmYn+imSKyoswi5aL/IxjjMqNMY2Yjf+OZo7OjzaPnpAGkG6Q1pE/kaiSEZJ6kuOTTZO2lCCUipT0lV+VyZY0lp+XCpd1l+CYTJi4mSSZkJn8mmia1ZtCm6+cHJyJnPedZJ3SnkCerp8dn4uf+qBpoNihR6G2oiailqMGo3aj5qRWpMelOKWpphqmi6b9p26n4KhSqMSpN6mpqhyqj6sCq3Wr6axcrNCtRK24ri2uoa8Wr4uwALB1sOqxYLHWskuywrM4s660JbSctRO1irYBtnm28Ldot+C4WbjRuUq5wro7urW7LrunvCG8m70VvY++Cr6Evv+/er/1wHDA7MFnwePCX8Lbw1jD1MRRxM7FS8XIxkbGw8dBx7/IPci8yTrJuco4yrfLNsu2zDXMtc01zbXONs62zzfPuNA50LrRPNG+0j/SwdNE08bUSdTL1U7V0dZV1tjXXNfg2GTY6Nls2fHadtr724DcBdyK3RDdlt4c3qLfKd+v4DbgveFE4cziU+Lb42Pj6+Rz5PzlhOYN5pbnH+ep6DLovOlG6dDqW+rl63Dr++yG7RHtnO4o7rTvQO/M8Fjw5fFy8f/yjPMZ86f0NPTC9VD13vZt9vv3ivgZ+Kj5OPnH+lf65/t3/Af8mP0p/br+S/7c/23//3BhcmEAAAAAAAMAAAACZmYAAPKnAAANWQAAE9AAAApbdmNndAAAAAAAAAAAAAMBAAACAAAAVgEuAesCxAODBFMFQAYnBxoIGAkfCj0LTgxrDZAOuQ/sES0SZROjFOMWKhd5GL8aDxtXHKQd8x88IIQhzSMRJFIljSbLKAApMypmK5csyi33LygwUTGAMqsz1TUCNjE3XTiKObY64TwNPTg+YD+JQLFB3EMIRDZFY0aQR7hI3koBSyRMR01qTo9PtFDYUfhTFlQzVU9WbVeNWK5Zy1rhW/Bc9137XwBgCmEZYi1jQWRSZV9mZWdhaFNpPGogawFr4Gy/baBug29ocFBxOHIgcwhz73TWdb52qHeTeH55bHpZe0l8PX03fjZ/OYBBgUuCV4NlhHSFhYaUh6SIs4nAisyL1ozfjeeO7Y/ykPWR9pL1k/WU+pYElxWYLJlHmmObf5yYna6ev5/LoNSh2qLgo+mk9KYDpxWoKqlCqlyrd6yUrbKu0a/xsRGyM7NTtHO1kLapt7q4wbnDusC7u7y1va++qb+jwJ3BlcKKw3zEasVTxjbHGMf5yODJz8rGy8PMwc28zq/PmNBz0UPSDdLT05vUZtU11gXW19eo2HbZQNoG2sfbgNw13Ofdkd473uPfjeA74Ovhn+JS4wPjr+RV5PnllOYs5r/nUufk6IXpL+nk6qjrbuwz7PXtr+5j7xHvtfBQ8ObxfPIX8sbzj/Ru9WH2ZveK+OT6xf0u//8AAABWASMBsAJqAzID6ASxBYAGWAc9CC0JJwonCyIMMA06DlEPYxB+EZ8SvhPpFRAWOBdhGIgZtBreHAsdMx5bH4AgoSG/Itsj9SULJh8nNShJKWAqeSuTLLEtzC7oMAQxITI8M1o0dDWLNqQ3uTjNOeI69DwGPRs+MT9NQGxBj0KwQ9BE7UYIRx1IMklFSlVLY0xuTXhOfk+DUIVRhlKIU4pUjFWKVoRXeVhoWVRaRFs/XEZdWl53X5VgsGHCYspjxWS1ZZxme2dXaDBpDGnsatBrumypbZtuj2+CcHJxXHJAcx9z+3TVda12hndieEV5MHokex18GX0VfhB/Bn/2gOKByoKxg5WEd4VdhkqHRIhMiWGKgYuljMaN3o7uj/WQ95H1kvOT8JTtleyW7pf4mRCaOZtunKadzp7jn+mg5aHfotmj0aTIpb6mvKfKqO2qIatdrJyt2a8UsE6xiLLCs/m1LrZkt5u40roFuzS8X72Fvqa/vMC+warCkMN9xHfFgMaPx53Io8meyo7LdcxTzS3OBM7az7LQi9Fq0lHTRdRF1VHWYtd12ITZh9p922bcQ90a3ezeud+H4FjhLeII4ubjw+Sd5XHmQOcM59Too+l/6mnrZOxo7W3ucO9w8HDxcvJ283n0d/Vp9kf3D/ez+EX4y/la+e360PwM/dr//wAAACsAxAFLAdgCZQMGA48EKwTPBXoGLwbpB6UIaAkvCfkKygufDHcNUg4yDw4P9hDZEcASqROTFH0VZxZSFz0YKRkVGfwa6BvSHL4drh6jH5sgliGUIo8jhiR2JWEmRScgJ/gozCmfKnMrSCwhLQIt6S7XL8gwujGqMpgzgDRgNTk2BjbPN5U4WDkZOdk6nTtkPDI9Bj3ePrY/j0BoQURCJkMQRABE80XnRtZHu0iWSWVKJUrgS5hMT00HTcNOg09JUBhQ6lG+UpNTaFQ7VQ1V3latV3xYSlkVWd9aqFtvXDVc+V29XoBfQ2AIYNFhnGJrYzxkDGTaZadmcWc4Z/xov2mAakBrAGvAbIFtQ24EbsVvhXBBcPhxq3JZcwFzqXRPdPR1mHY8dt53gHgdeL15YHoWetp7q3yDfVh+KH72f8OAk4FngkSDKoQYhQuGAIb0h+OIzYmvioyLYYw0jQeN2o6wj4qQa5FHkhKSxpNbk+yUepVBlkKXiJkImoqb5J0ZnjKfOaA5oTWiL6MopCGlGaYRpwqoCakPqiGrPaxgrYeura/TsPyyKLNatJK10bcUuFm5nLrXvAW9Kb5Hv2LAf8Gewr7D38T/xiHHQ8hnyYzKscvWzP3OKc9b0JfR3tMy1I3V7tdT2LnaIduV3S/fDuF35Ivoee1O8vb5Uf//AABuZGluAAAAAAAABjYAAJOVAABWjQAAVukAAJG3AAAmuwAAFwoAAFANAABUOQACh64AAkeuAAFrhQADAQAAAgAAAAEABAAIAA8AFgAfACkANABAAEwAWgBpAHgAiQCaAKwAvgDSAOYA/AESASkBQAFZAXMBjQGpAcUB4wIBAiECQgJkAocCrALSAvoDIwNNA3oDqAPXBAgEOgRtBKME2QUSBUsFhgXDBgEGQAaABsIHBQdKB5AH2AghCGwIuQkHCVcJqAn6Ck0KoQr3C04LqAwEDGIMww0lDYkN7g5UDrwPJQ+REAAQcRDkEVkRzxJGEr0TOBO2FDoUwxVSFeMWdRcGF5YYJhi4GU4Z6BqIGzEb4xyfHWIeKx74H8YglSFkIjQjBiPbJLMljyZsJ0soKykNKfAq1Su7LJ4tfi5cLzkwFDDwMc0yqjOJNGg1SjYuNxU3/zjtOd460jvKPMU9xD7HP85A2kHoQvZEAEUGRghHCEgISQlKDEsUTCFNNE5OT25QlFG8UuVUDVU0VllXfVigWcRa51wLXTBeVl98YKRhzmL4ZCRlU2aFZ7xo+mpDa5ls+W5jb9JxRnK8dDR1r3cteLF6PHvQfW9/HIDWgpSETIX2h5SJLIrFjGWOFY/fkc2T3ZX/mCCaOZxMnl+geaKgpNqnLamgrDCu4LGhtF63C7muvF2/K8IfxUbIoswMzyjR9tSR1yjZ0dye35fi0uZg6fntEu+s8gD0MPY59//5ivq4+9T8u/2j/nD/N///AAAAAQAFAAoAEgAbACYAMgA/AE0AXABtAH4AkQCkALkAzwDlAP0BFgEvAUoBZgGDAaIBwQHiAgQCJwJMAnICmgLDAu8DHANLA3wDrwPkBBoEUgSLBMUFAQU9BXsFuwX8Bj8GgwbJBxAHWQelB/IIQQiTCOYJOwmTCewKRgqhCvwLWAu0DBIMcgzUDTkNoA4LDngO5w9ZD84QRhDAET4RvxJDEsoTUxPdFGoU+hWPFioWyxdxGBYYthlRGeYaeRsNG6QcQBzkHZEeSh8OH90gsyGOImkjQiQYJOslvSaQJ2YoQiklKhIrCCwFLQguDi8SMBExCDH5Mugz1zTKNcE2wTfKONs58jsOPDA9UT5pP3RAckFoQlhDR0Q5RTRGOEdHSF9JfkqhS8dM8E4bT0VQa1GGUpRTl1SVVZRWoFe/WPFaNVuAXM1eHl90YM9iI2NmZJVltWbOZ+Ro+2oWazNsVG12bppvwHDqchdzRnR2dad22ngQeU16j3vYfSZ+fX/jgWeDEITKhnSIBomHiwSMiI4bj8ORgpNYlUOXO5k7mzudOZ8poQSixqR2phunvaliqxWs3a7FsM+y9bUxt3y5y7wPvkTAcsKmxOnHQsmyzDHOnNDd0vTU8dbn2OPa6Nz03wHhCuMU5STnSOmW7DfvivOm92z5zvuE/MP99P75//8AAAACAAgAEQAeAC0APgBRAGYAfQCWALAAzADqAQkBKwFNAXIBmAHAAeoCFgJEAnQCpgLaAxEDSQOEA8AD/QQ7BHoEugT8BUEFigXXBikGgQbdBz4HoggICG8I1Ak5CZ0KAgpqCtULRAu7DDkMwQ1QDeYOgg8hD8AQXBD2EZASLRLNE24UDRSoFUIV3BZ5Fx4XzhiOGWIaQhsqHBQc+x3dHrgfkiBtIUwiMCMYJAYk+SXxJu8n8yj9Kg4rJCxALWAugC+dMLgx0zLzNBo1STaCN8M5DDpcO7A9Bz5gP75BIkKTRBZFrkdaSRFK0UyaTm9QVVIyU9pVWlbMWEhZ01tmXPheg2ABYXBi1WQ3ZZxnCWiBagpro21NbwBwt3JvdB51w3d1eWR77n6kgHmB1oL8hAKFCIYQhzOIc4nUi1WM6Y6IkC6R2ZOIlTuW8Zipml6cCp2nnzegvaI/o8ClRKbKqFCp1KtUrNCuRq+5sSiyl7QItX22/LiJuia70L2CvzbA6cKcxE/GBMe7yXPLK8zkzp7QWNIU09LVj9dK2P/arNxP3ejfdeD94oLkA+WC5wLog+oE63/s7u5G73nwnfGN8nXzRPP39Kr1TvXb9mj29vd29+n4XPjP+UP5q/oN+nD60vs1+5j78fxJ/KL8+/1U/a3+A/5Y/qz/Af9V/6r//wAAc2YzMgAAAAAAAQxCAAAF3v//8yYAAAeSAAD9kf//+6L///2jAAAD3AAAwGxtbW9kAAAAAAAABhAAAJzfAAAAAMoq1YAAAAAAAAAAAAAAAAAAAAAA/8AAEQgAzwG5AwERAAIRAQMRAf/EAB8AAAEFAQEBAQEBAAAAAAAAAAABAgMEBQYHCAkKC//EALUQAAIBAwMCBAMFBQQEAAABfQECAwAEEQUSITFBBhNRYQcicRQygZGhCCNCscEVUtHwJDNicoIJChYXGBkaJSYnKCkqNDU2Nzg5OkNERUZHSElKU1RVVldYWVpjZGVmZ2hpanN0dXZ3eHl6g4SFhoeIiYqSk5SVlpeYmZqio6Slpqeoqaqys7S1tre4ubrCw8TFxsfIycrS09TV1tfY2drh4uPk5ebn6Onq8fLz9PX29/j5+v/EAB8BAAMBAQEBAQEBAQEAAAAAAAABAgMEBQYHCAkKC//EALURAAIBAgQEAwQHBQQEAAECdwABAgMRBAUhMQYSQVEHYXETIjKBCBRCkaGxwQkjM1LwFWJy0QoWJDThJfEXGBkaJicoKSo1Njc4OTpDREVGR0hJSlNUVVZXWFlaY2RlZmdoaWpzdHV2d3h5eoKDhIWGh4iJipKTlJWWl5iZmqKjpKWmp6ipqrKztLW2t7i5usLDxMXGx8jJytLT1NXW19jZ2uLj5OXm5+jp6vLz9PX29/j5+v/bAEMAAQEBAQEBAQEBAQEBAQEBAQEBAQEBAQEBAQEBAQEBAQEBAQEBAQEBAQEBAQEBAQEBAQEBAQEBAQEBAQEBAQEBAf/bAEMBAQEBAQEBAQEBAQEBAQEBAQEBAQEBAQEBAQEBAQEBAQEBAQEBAQEBAQEBAQEBAQEBAQEBAQEBAQEBAQEBAQEBAf/dAAQAOP/aAAwDAQACEQMRAD8A/v4oAKACgAoAKACgDxzwz8RNc1v4zfFD4c3egJZ6F4I0PwRqmkeIBFeK+s3HiezvLjULZ5Zf9Dk/s57aONVtRvUSYnwdtAHsdABQAUAFABQAUAFABQAUAFABQAUAFABQAUAfOP7IHib4veM/2XvgP4r+P1jeaZ8avEHwy8Lap8T9Pv8ARbXw7e2fjK70+KTW7e60Kyt7S00qaO7Lq9jb20EMBGxIlAxQB9HUAFABQAUAFABQAUAFABQAUAFABQAUAFAHyB+2X/yJ/wAIv+zj/g3/AOnu5oA+v6ACgAoAKACgAoAKACgAoAKACgAoAKACgAoAKACgAoA//9D+/igAoAKACgAoAKAPHfDPxOl174zfE/4XNoSWkXgDQ/BGrR68J2d9XbxZZ3ty9u8BhRYf7P8AsoRWWaUyB8kJgCgD2KgAoAKACgAoAKACgAoAKACgAoAKACgAoAKAPnP9kTxx8UfiX+zD8CfH/wAbNCuvDHxb8X/DTwvr3xE8PXug3Xhe70fxZqGnxTavp9z4dvYoLvRpre5ZkfT7mGKa2I8t0BBFAH0ZQAUAFABQAUAFABQAUAFABQAUAFABQAUAfIH7Zf8AyJ/wi/7OP+Df/p7uaAPr+gAoAKACgAoAKACgAoAKACgAoAKACgAoAKACgAoAKAP/0f7+KACgAoAKACgAoA8h8NfFC01/4w/Ev4WR6CbO7+H+ieCtXudfN5HINYTxbaXdzDbizWzjktv7OFqYzJJeXIm8zKRw7SGAPXqACgAoAKACgAoAKACgAoAKACgAoAKACgAoA+ef2S/il45+N37M/wADvi78TfC9t4K+IPxF+G/hnxZ4w8JWem6xo9r4e1/V7CK51DSoNK8QXV7rdhFaTu0aWuqXdxexAbZ5WcZYA+hqACgAoAKACgAoAKACgAoAKACgAoAKACgD5A/bL/5E/wCEX/Zx/wAG/wD093NAH1/QAUAFABQAUAFABQAUAFABQAUAFABQAUAFABQAUAFAH//S/v4oAKACgAoAKACgDyTw38RdC1v4vfEn4cWmhvaa94I0XwZqmr66fs+zV7bxNaXdxp9uuyMXGdPS3eNvPkdfn/dBRkUAet0AFABQAUAFABQAUAFABQAUAFABQAUAFABQB85fsh/GHxB+0D+zB8Cfjb4r8P2HhTxJ8Ufhn4X8aa34b0uK9g07RNR1vT4ru506yh1Ka4v47e2kcxxpdzyzhQBI7MM0AfRtABQAUAFABQAUAFABQAUAFABQAUAFABQB8gftl/8AIn/CL/s4/wCDf/p7uaAPr+gAoAKACgAoAKACgAoAKACgAoAKACgAoAKACgAoAKAP/9P+/igAoAKACgAoAKAPJPDfjXwbqvxe+JXgjTNCe08aeFNF8Gah4o142VnEmsWOvWl3Nodut9FK17dnT4YJo2juoo0g37YCysTQB63QAUAFABQAUAFABQAUAFABQAUAFABQAUAFAHzv+yT8aJf2i/2ZfgZ8dpvDtp4Rl+LHw28MeOJPDFjO11Z6E+vafHeHTLa4eKFpobUv5aSNFGWAyUXIFAH0RQAUAFABQAUAFABQAUAFABQAUAFABQAUAfIH7Zf/ACJ/wi/7OP8Ag3/6e7mgD6/oAKACgAoAKACgAoAKACgAoAKACgAoAKACgAoAKACgD//U/v4oAKACgAoAKACgDyTw34l+Hl98XviV4Z0XQ0tPiNoOi+DLrxtro0mztpNX0zVbS7k8MwPq8UrXmpDT7eK4jWG6ijSz3lICwdjQB63QAUAFABQAUAFABQAUAFABQAUAFABQAUAFAHgf7LPxpsf2jf2c/gv8d9M8LHwTp/xY+HnhzxzZ+ETqEOqnw7b69Yx3keknUrfT9JgvTaK/lfaItNskk27hbRZ20Ae+UAFABQB8a/t6fGfxL8Gf2cfE8nw5nWP4z/FXVNE+BvwLi2tJKPiv8VLlvDuga2kCMj3Fv4F0+XWPiNq0SMrHRPB+pkcgBgD8q/8Ag3h/af8Ail4x+Afxi/Yc/ac1WW7/AGrf+CfnxX8QfBb4h/b7qa4vtc8H/wBpX8/gXxPbyXJM1xpBtob3w5Y3zF/t39gSXYdklV5QD+h6gAoAKACgAoAKACgAoAKAPkD9sv8A5E/4Rf8AZx/wb/8AT3c0AfX9ABQAUAFABQAUAFABQAUAFABQAUAFABQAUAFABQAUAf/V/v4oAKACgAoAKACgDyTw3qfw1uPi98StL0Kxjh+Jun6L4Ml8eX62TxSXmlXdpdt4Wje+PyXYt7ZblVjUZg3bTncaAPW6ACgAoAKACgAoAKACgAoAKACgAoAKACgAoA+fP2UPil4V+N37NfwR+LvgfwfH8P8Awh8Rfhx4Z8WeHPBMRtDH4X0nV7CO5s9FQ2FrZWRWxicQg21pbwnb8kSjhQD6DoAKACgD8TPjzd/tEftUf8FBNJ0b9mHWfgqnhb/gn1oX2jxdc/Gfw1408X+EdQ/aN+NXh+KeGy0+18C+NfBNyviT4Y/CeTTnSe61W4Syf4n61Yy6eLmIugB+Pn7Qdz+0r/wS1/4LXfsz/t4/tEaj8F0+EH/BQKO3/ZZ+Pl98DfDPjbwj4L03xZp0Gjaf4D8V+KdN8beNfGrRa2b6TQVXWxqVtb/2a/iq5eBZVuriUA/syiliniinhkSWGaNJYZY2DxyxSKHjkRlyrI6sGVgcFSCM5oAkoAKACgAoAKACgAoAKAPkD9sv/kT/AIRf9nH/AAb/APT3c0AfX9ABQAUAFABQAUAFABQAUAFABQAUAFABQAUAFABQAUAf/9b+/igAoAKACgAoAKAPJPDbfC4/F74kroHl/wDC010XwYfiDtj1IS/2QbS7/wCES3yToNMdfsv2rYNPdpV5+1hXKbgD1ugAoAKACgAoAKACgAoAKACgAoAKACgAoAKAPn/9lPx78N/il+zd8E/iL8HvCK+Avhb40+HXhvxD4C8Frpmm6MvhjwxqNhHPpWjDStHeTS9PFlbssQtbB2totu2JiozQB9AUAFAFe8tkvbS6s5JLiKO7t57aSWzuZ7K7iSeJomktby1khurS4RWLQXNtLFPBKFlhkSRVegD4/wD2Y/2D/wBnz9kPxR8WfGHwUt/ijYa38cfGOofEL4pP40+OPxg+J1j4s8c6rHaw6j4tvNL+InjTxLp0XiG7trKztJtWtbaC9eztYLUyiCNEoA5T9uH/AIJrfsl/8FGNC8LeFf2tPCXjf4geFfBupQ63oHhfRvjD8WPh74cttdtxdrb69caJ8P8Axj4a02+1y3ivrm3g1e9t7i/htnFtHMsKIigH1n8Lfhr4e+D/AIB8NfDfwpe+LL/w74S02HSdHuPHHjXxX8Q/Ev2C3Gy3h1Hxf421fXfE2rmCMLDDLqeqXUscKRwo6xoiUAegUAFABQAUAFABQAUAFAHyB+2X/wAif8Iv+zj/AIN/+nu5oA+v6ACgAoAKACgAoAKACgAoAwvEfifw54P0p9c8Va5pXh3Ro73StNfVNZvrfTrBdQ13VbLQ9Fsjc3UkUQutV1nUdP0rT4N/mXd/eW1rCrzTIjgG6CCARyDyD6j9f5/nQAUAFAH5sSf8FOvg4PCXiL4023hLxre/st+FPi+3wR1z9o+2/sR/B9v4rh8YJ8PLzxNb6L/aX9u3fwu0/wAfSxeDr7xxHDvj1WVL2LQ5/DQl8QQAH6Q29xBd28F1bSpPbXMMVxbzRtujmgmQSRSxsMBkkjZXVgOVYHjNAH5seCP+Ci2r/E/43WXws+HP7GH7VPiT4f6n4v1Hw3pf7TcujfDvSvgDqmkaTLdpdeONN1268ev4tvfCl4llK2hXkPg4zay81iIYIbe5+1IAfpbQAUAf/9f+/igAoAKACgAoAKAPJPDmn/DCH4vfEnUdAuUk+KV7ovgyLx/bC61KR4NItrS7Xwmz2s5OmW4ltmuir2AWWbGbrLBKAPW6ACgAoAKACgAoAKACgAoAKACgAoAKAMLxR4l0XwZ4Z8ReMPEl9Hpnh3wpoWr+Jdf1KbPk6fouhafcapql9LjJ8u0sbWeeTAztQ4zxQB/Cr8N/BP7dn/B0N8ZfjR8T9d/aO+IX7H//AATF+E/j3V/hv8OPh78OLkweI/iRd6ZIjzTX8UU9vpOs6wljPb3er+LPENtrthY312+g6FpUMFpOluAeU+Kf+Cev7V//AASI/Zh+HX/BVn/gkn+2P8dvif8As6WHhjwv8S/ib+zf+0BHpX2jV/hZ4gey83UNY8PeF5Y/B2rw263aW+qWNrpEWteHIJn1rRtfZrWV4gD+2L9g39rrwb+3b+yR8D/2q/AtpLpmjfF3wVp2v3WhzzJcXHh3xAim08SeHbmePEc0+ia3Be6dLJGArPb5GeSwB9d0AFABQAUAFABQAUAFABQAUAFABQAUAfIH7Zf/ACJ/wi/7OP8Ag3/6e7mgD6/oAKACgAoAKACgAoAKACgD8N/+C+Phu08Qfswfs3C61PxJpoj/AOCg/wCxfYNJ4d8U+IPDDm21n4waTY3ck0ug6jp7yXNtFibS72Vjc6Peqt/pktrdqJqAP1L+Kk8Xwp/Z08YT6X8T9T+G0XgvwDctZ/FjxZZ618X9V8KJp9oix+Jtbstbk1zXfHN1aAebcx6hJqN7qTktM0zlmoA/n3/4b08R/wDScrwh/wCK4dS/+YWgD+hLw/qXiHxh+zlZ6p4c8bw+PPFXiP4STXOgfEGDw+3haDxRr+peF5m0rxNH4aeK0bQ49R1CW3vl0pobdrIP5BRCuKAP5jvBEuiW/wDwam/FKz1CEm6tvgj8SvDmsWhjZbw/Ej/hcM2iSWLW5UzjWZPHckFulqUN42pPHCoa5KUAf0yfALwxrU37MXwl8H/EGe6uNcufgx4S8P8Ai24tbu7sL2W6u/CNnY6q9vfWs8V9ZXREsvlXdtcxXdtNiaGaOZFdQD8QtV/Ylv8A/glD+1B+yD41/Yj+K/xht/2fP2iv2gbf9n74z/shePviJ4p+KPgJ7bxX4H8d+NLD4k/DkeNNU1fXfCmteFbrwZdTa5NDqN1bT6XcQ2scVrCJElAP6PaACgD/0P7e/hp+zp4R+FngDxh8OdE8c/H3xFpHjU6qdS134l/tGfG/4p+P9J/tfRotDuP+EP8AiP8AELx34k8ceCfs1tEt3pX/AAimu6T/AGRrLS67pv2bVpZLxgCv8Kv2avB3wg8N+MPC2gePf2hfE9l42gnt9R1H4q/tK/Hb4v8AiTSUuLCTTmfwf4o+Jnj/AMU+IPBM6RStPBceFdT0ma3v1j1GF1vYo7hQA+Df7Nfg74IR+Ko/DXj39oXxaPF8NvBft8ZP2lfjt8cJNMW2W7VH8KyfFjx94vfwhPILyQ3E/hptKmuWitGnZzZWxiAJPgt+zf4Q+BWo+KNU8M+O/wBoHxhN4tSyS+t/jT+0j8c/jrp2mCwnvbiI+F9M+Lvj3xjp/hN5mv5UvX8OW2mNfwQ2VveGaGws0iAKXwj/AGYfBfwY8Va74v8ADvxB/aO8VX/iC3ltrrTPi5+0/wDH74z+FbJJro3bSaF4Q+KPxD8V+GvD9wsh8qK50bS7KeG1xaROtsBGoAnw0/Zg8F/Cv4g638SND+IP7R/iLWNettStbrQfiX+1B8f/AIqfD6yTVL2C+nk0T4b/ABD+IniTwNoNzby26w6bdaPoFlcaXZPPY6fLbWc80EoBwfw2/Zh+Cfgj9p74q/Gnwv8AEj426z8XfE9hZP468G+Jf2jfjL4x8BaTYay0l3o5tvhR4i8a6l4G0WzhSKZPC9va6DFa+HLE3Fl4di0yznmhcA7zRv2X/BWifGK++Ntt8Qf2j7vxJqGo6rqcvhLWf2ofj/rfwdhm1dJUngsfglq3xEu/hRp+nWwlY6Vpll4QgsNIdYn023tnijdAB0f7MXguL40L8dF+IH7RreJlvrjUB4Qk/ad+PkvwXMtzp0+mPC3wLk+Ib/CNrGOG4ae309vB32K21FINUggjv4IbhACTXP2ZvBuv/GWz+OF14+/aJsvEtlNps0fhHQ/2mfj1oHwambS9MTSYEvPgdo3xBsvhNew3ECC51KC68HyxapqbPquoJcai73TAEHjH9l/wV43+K2mfGDUviD+0hpPiDSbnRbqDwx4O/ah/aA8E/Cm5fQlgW1j1P4PeFPiJo/wy1W2vBAp1q11Dwtc2+vM87axFetNKXAJviF+zL4M+JPxI8OfFHWPH/wC0VoOteGJtFnsvD3w9/aa+PXw2+G+oNoWoLqNqniP4XeBfiF4f+H/ieG8mQQa1Br/h3UYde08tp2sJe2LvbsAL8W/2Z/Bvxl8XeGvGniHx9+0T4W1Hwta2lpZaV8JP2mfjz8GvCOox2epz6rHJ4l8F/C74geFPC3im6lnna2u7zxBpWo3N5piQaVcyzadBFbRAEfxj/Zi8GfG/U/Duq+JPiB+0b4Sn8M2A0+ztvg5+098fPghpmoRC4a58/wARaV8J/iH4P07xNfl2MZ1DXba/vDb7bYzmBVRACz8Z/wBmzwd8c7bwxa+JvHn7QnhBPCkNzDYyfBj9pT46/Ay51JbqO2jdvE918JPH/g+fxZNGLVGtp/EUmpTWsklzJbuj3VwzgE3xi/Zy8I/G3RfCmh+JPHXx+8JW3hD7T/Z958Hf2jfjh8Eta1P7VbWdq48V678KPHfhDVvGHlpZRSW3/CTXeqfZbmW8urfy7i+vJZQCH4kfs2eD/ih4I8IeAda8eftCeHtL8FpCmnaz8N/2lPjr8L/G+qiGzislPi/x98P/AB94c8Y+NXaOJZZpPFWs6s8140t7KXu5ZJmAJvGn7OfhHx18KvC/wg1Pxz8ftH0DwmdGNh4n8F/tGfG/wL8VdS/sSwudPtv+Eo+L/hHx3o3xL8Wi7iuXn1keI/FOp/23fx22oat9svba3uEAGeI/2b/CHif4Q6B8Fr3x3+0Dp/hzw6+mvaeK/Dn7SPxz8MfF6+OlQ3EMA1/41aD490/4qeIkuFuXfUo9b8WX6arNHbzagLiW2t3iAGXH7Nng+5+DNt8DX8eftCR+GrWVJk8XW/7Snx1tvjNIyXkt8FufjlB4/j+LV1EZZWieG48YyxPZrFYuhs4o4FAPPfiv+yLonjH9jT4w/sk6B47+Mb2HxE+GvxB8H6d418Y/HT4veMPiXb6l4ttNRms31P4t+JPF2sfEq+0eLVLqG0vdJuvEd1p9z4VN14TmtJvDt1caU4B/KL/wbe/tNfAr4N/Av9ov/gkB+194+1r9mD9on4b/ABv8dxWdhrHxU8T/AAR8WeLtJ1nWItQuB4B+Ieka/wCF9W8O+KNP1SzuYZrDwxr+n6hqujzRanZSX8WoaoqAH0h/wUS/br/4JwfsYf8ABGPxl8Ev2aPiv4q8d6j+1X8Hrfwj+zv8BvFHxy+IXxl+KGi6H8QtMsdFtDLY+MfG/jjxR8OPBmg6Gs0tl4bF5YaTd6wV03TtMuXvtSlQA/Sf/ggd+xJ4s/ZP/wCCTHwU+C3xWuPiJoHjn4leFfEPjrx1oVz488aWGtfD25+Kf2vUP7A8GvDrUU/wu1PRNM1GB5h4Cl0JrXxaL7xTDKfEN5c6rOAfqH8J/wBmnwd8HdB8X+HfD/j39obxRaeNbeS21G++LH7S3x3+MWvaSktnNYmTwh4i+Jvj/wAU634KuFinaaO58K3+kTx3iQ30bpdwQzKAP+DH7Nng/wCBjeKX8M+PP2hPF58WxWkN+PjP+0n8dfjmumLZm8MbeFl+Lfj/AMYL4Sll+2yi7m8NjS5bwRWYuXkFlaCIAT4M/s1+D/gbq/iXWfDXj39oTxfceKo7aO+tfjN+0p8dfjlpGnC1uLq5RvDWjfFrx94x0vwrJI95JHcyeHrXTXureK1trgywWdskQBU+Ev7MHgr4N+Ltb8Z+HviD+0f4p1HX7a4tbrSvi1+1B8f/AIyeEbJLm7W8eTRPBnxQ+InirwvoNyki+Vb3Wj6TZXFtaFrOCSO1YxUAO+G/7MPgv4X/ABF1z4m6L8QP2jvEGs6/b6pbXXh/4kftPfH34ofDqyTVr23vp5ND+Gfj/wCIfiHwFoFxbS2yRaXc6N4dsp9JspLiw02S1s7m4hlAJfDH7M/g3wn8Xde+NFh4+/aI1LxF4hutau7vwp4n/aY+PHiz4RWMmu3KXN1HoPwX8R/EDU/hb4etbN0Eei2mi+E7G20K2L2ujx2duzowBX0r9l/wVpHxju/jdb/EH9pC68SXmo6lqcnhLVf2of2gNX+DkU+qwywz29p8ENS+Ilz8J7PTrdZmbTdLtvCEWn6VMsU+n28EsMToASj9mTwYPjTH8df+E/8A2i/+EmivZb5fB5/ab+PZ+CzSzaXNpLRSfAr/AIWF/wAKils1gna5isZPBzWkOqJDq0UK6jBFcIAHiD9mTwZ4j+MVl8brzx/+0XY+JLGfS7iPwl4f/ac+Pnhv4OzPpOnx6bbpe/BLQ/iDY/Ci+guYYhPqlvd+D5odX1BpNS1JLq/le4oAi8afsv8Agrx18VNK+L2p/EL9pDR9f0e50S6t/DPgv9qH4/8AgX4V3T6CYTax6r8IfCPxD0f4a6xbXhgX+27TU/C93b6+HmXWIrwTy7wCx8Rf2aPBvxN+Ivhn4m6z4+/aI8P6z4Vk0aWx8P8Aw6/aY+PHwx+HWpHRNS/tS2XxN8MvAXxA8PeAvFUd3OPs+sx+IvD+pJrmm/8AEq1VbzTybegBvxd/Zl8GfGjxV4c8X+IvH/7RXhS/8MWdtZWWmfCL9pv49fBfwrqEdrqU2ppL4j8IfCz4g+FPDXie8kmna3ub3X9M1K6utNSHTLiWWwgit0AG/GT9mPwX8cL7w7qHiX4gftGeEZfDNibCzh+Df7Tvx8+B9jqERm87zvEWn/Cb4h+ELPxNfbvkGoa9DqF6If3InMWUUA+Y/wDgoz8CfDHxX8EfAS313xh8afDieHvj38MtJtH+GPx3+L3wonvrfWtSjtbm5125+HXjLw1N4h1S1Swik0jV9aa91LRbma9utKurO4vryScA+qPi7+zh4Q+M+geE/DniLx1+0B4VtPBwnGn33wi/aQ+OXwY1/VPPtrS1Y+LPEXwt8eeFNb8ZFI7KOSA+KL/VTBcy3d1Dtub26llAI/iJ+zZ4P+JfgLwj8O9Z8eftCaBpPgtLZNO1z4d/tKfHX4aePdVFrZpZIfF3xE8B+P8Aw/428aPJGgluX8U65q73V4z31wZLtmnYAseMv2dPCPjf4TeGPg5qXjn4+6T4e8KHRPsPijwb+0X8b/A/xZ1H+wbC6061/wCEn+MfhPx3o/xP8V/bIrp59b/4SPxVqY16/jtdQ1j7be2tvcRAEOvfs3eD/EPwf0T4KXfjv9oOy8OaDJYSWvizQf2kvjp4e+MF42nJcJCNb+Nei+PrH4q69HOLlzfxax4tvY9RdLdr5Z2trdkAEk/Zt8HyfBiL4GHx5+0GvhmGUSr4vj/aT+OkfxnZhqD6ltl+OaeP1+Lc0XnSGAxSeMWj/s8JpxT7DGluoBNp/wCzp4R074J3nwHh8c/H2fwvei5EnjHUP2i/jfqPxsi+1a4uvubP4833ju5+L9kY7pBZWxtPGcJtdDLaBb+VozNZMAQeG/2bPB/hb4Sa/wDBqx8eftCaj4e8RPcvd+KfEn7Snx18U/FuxN1PDcSDQPjN4h8fal8UPDqRtAkdsmieK7FLWBpre2WKGedHAOj+C3wS8N/Arw5f+GPDPiz4xeMLLUdWk1ibUPjT8bfit8dfEcFxJbW9qbWw8T/F3xf4y1/TtJVLZJI9HsdQt9MjuZLi6S1W4uZ5JQD2GgDwf9pL9mv4RftZfCnVvgx8bdAvfEHgfVtU8P695Wk+INe8J67pXiHwprFpr/hrxB4f8T+GNR0nxBoGt6JrFja31hqWk6lZ3UMkeBKUd0cA9N8IeDNF8FeEtG8F6UdUvtH0TToNMhm8S61qvivWr+KCMIbnXNf8Q3ep6zr2pXRBlvtT1e+vb++nZ57q4lld3oA0v+Ec8Pf9AHRv/BZZf/GKANaOOOJFjiRI441CJHGoREVeAqqoCqoHAAGB0GaAPiy//wCCfn7Mmo6jqRm8Ja1H4P1v4pQ/GzW/hPbeMfFNt8INY+K0Oqp4gXxnqHw1h1dfCU97J4kjj8U3VidKGk3niyNPFF3Yz68q6jQB3Pir9kL4JeM/iJ8Tfijrul+Kn8WfF34OW3wI8Zy6f8QfG+j6ZN8PLVtWaCz0XRtL1600rw3rUR1m9MXifQbTTvEETtHLHqKSRI9AFX4N/sffCX4Lr4Pl0+/+JnxC1T4faffaX4F1z40fFb4gfGHWfB9hqKpDeReG7/4heINfl0aa6s4rbT7u+sWhv76wtLS0vLmeG3jRAD6noAKAP//R/v4oAKACgAoAKACgDyTw34N8EaZ8XviV400nxCl7458UaL4MsPFnh4arp1w+i6fodpdw6BctpMAGpacNTgnnkWa+LRXnl7rXCo9AHrdABQAUAFABQAUAFABQAUAFABQAUAFABQB+QP8AwUQ/4Ic/sAf8FLdbtvHnx3+HGqeHfjDY2dvp9r8aPhZrc/gv4gSWFqhjt7XV7q1jm0jxKltGUis38SaVq01jDGsFlJBE0iuAfGv/AATT/wCDez/gkp8C5vhf+1z8HdK8cftLX+paVo3jn4N/EP47a5c69aaLp95EL3Rtc0TwS2h+FtCtNQiVorjT7zWPC7avpUyLJayW0pcsAf0jgAAAAAAAAAYAA4AAHAAHQD+lAC0AFABQAUAFABQAUAFABQAUAFABQAUAfIH7Zf8AyJ/wi/7OP+Df/p7uaAPr+gAoAKACgAoAKACgAoAKACgAoAKACgAoAKACgAoAKAP/0v7+KACgAoAKACgAoA8i8N/D/wANaN8YPiV8QrHxA954n8Z6J4L0zXvDxurCRNFtPDdpdwaVcrawxjULc6lHcSSM97I8cvl5tgqhxQB67QAUAFABQAUAFABQAUAFABQAUAFABQAUAFAHz/8AsqaV8GNE/Zv+Cmkfs7ai2r/AvTvh14btPhTqjT6vdNf+CIbCNdCuTca/FDrUxls9jeZqcUd43WdFc4oA+gKACgAoAKACgAoAKACgAoAKACgAoAKACgD5A/bL/wCRP+EX/Zx/wb/9PdzQB9f0AFABQAUAFABQAUAFABQAUAFABQAUAFABQAUAFABQB//T/v4oAKACgAoAKACgDyLw38NbHQvjB8S/ibDrz3d9470XwXpV5oBWEJo8fhW0vLa3uVZZDMx1FbkyHzY0UeX8hYZNAHrtAHlvjD45fBT4eaqNB8f/ABh+FvgbXDbxXY0bxh8QfCXhnVTaz58m5Gna1q9jefZ5QD5U3kmOTB2scUAWvB3xk+EPxDuXsvAHxV+G/jm8jR5HtPB3jjwx4muUjj2+Y7waLqd9KqIWUOxG1dy7sZAoA9IoAKACgAoAKACgAoAKACgAoAKACgD58/ZQ8JfCrwH+zX8EfBnwN8SyeMvg/wCGfhx4Z0f4b+Kpb2PUpNf8I2VhHFo+qPfxW1nHdtd2oSUzpawLJuyIl6KAfQdAGVreu6J4Z0m+17xJrGleH9D0yE3OpazreoWmlaTp9uGVTcX2o381vZ2kIZlUy3E0cYZlBYErQB4t4Y/av/Za8bHVV8GftK/AHxc2hRXs+tr4Y+Mfw7186NBpsUk+ozaqNK8R3h0+KwghlmvZLvyFtYopJJ2REcqAe6WN9ZapZ2uo6beWuo6ffQRXVlf2NxDd2d5azoJIbm1urd5ILiCaNleKaJ2jkRgysQQaALVABQAUAFABQAUAFABQAUAFAHyB+2X/AMif8Iv+zj/g3/6e7mgD6/oA5vxX4y8IeA9Hm8ReOPFfhvwZ4ft5YoJ9d8V65pfh3R4ZpyVghm1PV7qzso5ZmUrFG86vIQQgYgigDzrR/wBpL9nbxDfw6VoHx8+C2u6pcttt9N0f4p+BtTv7hsgbYbOy124uJWyQMJGTkgdxQB7OrK6q6MrowDKykMrKRkMrDIII5BBwR0zkUAOoAKACgAoAKACgAoAKACgAoAKACgAoAKAP/9T+/igAoAKACgAoAKAPIfDXwum0D4xfEz4qNrpu4fiDongrSItA+xvGNHbwlaXltJci8N1Ilz/aJug+xbS3MHl4LzbsqAevUAfyq/8AB3ToHhp/+CeHwP8AFeo6ZpY1fTf24fgVoy6/cQW8d5aeHta8P/EiTXtOfUG2yR6XqC6XYvqEDyrbSrZQtMpESmgDzP8A4LRD/gnjrH7BulXX7JWt/BnVP+CiGnzfCq4/ZMg/ZC1nw3r37REnxEh1rw0urxWdl8ILu98WJ4ej8M/29Nq76vFHocd5b2Mlwy3kNsVAP6eP2VH+Lsn7NPwHk+P0flfG1/hR4Gb4qxZhLJ47Ph6x/wCEkVzATCZBqfn+aYzt8zd0oA9+oAKACgAoAKACgAoAKACgAoAKAPA/2Wfhz8OvhF+zn8F/hh8IvGH/AAsH4Y+Bfh54c8NeBfG41nRPEQ8U+GtLsY7fS9a/tzw3Db6Bqv263VZft2kQRWE+7fboqECgD3ygD+TTwn4mvv8Agsj/AMFsP2pvgV8YL6/1P9h7/gmEmjeHrf4CwarqC+B/i58d7zxBrOlJ42+JVhbT2+m+LLfQ9Q8M+I49P0HUrW806Cz/ALIVkd47yXUAD9mv23/+CVf7JH7Zn7M/jf4C6v8ABz4feFNSuvCOr2Hwv8ZeGPDun+Gdc+HHiwadcr4b1jRdV0S1tr60sbTUjb/2rp0LNa6nphurK6t5YpvLUA+1vgJ4I1z4afBP4UfDzxNc2l74g8EeAPCvhbWLuwmluLK61DQ9HtdOuZ7WaeC2mlhlkt2dHkt4XIbJjXpQB63QAUAFABQAUAFABQAUAFABQB8gftl/8if8Iv8As4/4N/8Ap7uaAPr+gDzz4uaFo3iX4W/EXQvEGmWOs6NqngjxVZ6hpupW0N5ZXdtPod/HLDPbzo8UiOjMpDKeG9zQB/KN/wAGvv7L37Ofxn/4JwfEO7+LfwR+GHxJu9Q/aY+NOk3l5428GaF4ku7jTLLWW0+0sJLnVbS6mNra2SrbQQBhHFEAqBQNtAGl8aJPGn/BCb/gpz+yFp/wY8b+Kb7/AIJ0/wDBQ34g3Hwf1v8AZp1/Xb/WPCvwN+L91f6Bptj4l+GEmr3N7J4X0nUNW8VaHPJpNoYbGS1utYsZI3g07RvsAB/XUCCAQcg8gjoR6jr1+v50AFABQAUAFABQAUAFABQAUAFABQAUAFAH/9X+/igAoAKACgAoAKAPG/DHw01XQvjP8UPibca4l3pXjzQ/A+ladoQimV9Jm8K2d5bXly0rTPDINQa5R1WKCJl2YkZzg0AeyUAfyz/8Hc91p0X/AATZ+CtvqFxaRJP+3j+z5NJFdyxIklla+Hfil9vldZWVTbQRzp9qdv3caSr5rKGG4A6T/guB8AP+Cefgv/gmL40+M3ibw78H/hF8e/Bnw58KeI/2bvif4Gj0Hwb8Y4virEuiyeHbTwFqvh2TTvEur/2nJNImp2FlJeWYsHl1W4hL2NvcQAH6g/8ABHPxt+0h8Rf+Cav7JfjL9rJdcPxx1z4W6PdeKLvxRBNb+KdUssOnh3WPE0Nykd0niDVdBXT77VxeRx3f22eU3KCYvQB+mdABQAUAFABQAUAFABQAUAFABQB8+fsn/C7wj8E/2a/gj8JPAXjGH4heDPh38OPDPhTwz44t7vTL6DxVo+kWEdtZa3FeaM8mlXKX0SiZZtPdrVw2YWK80AfQdAH8dn7LX2T/AIJK/wDBfv8Abn0P9ou9T4cfs9/8FMZ7L4mfAf4y+IVk0f4V3fj2DxFr3id/hrfeLL8JoejeJ4JvGWt6VHa6hqFqbh9LsSIwmr6Ql0Af1i/En40/Cf4QeEJfHvxM+IPhXwd4TSBJrbV9X1e1jTVmm2CzsvD9rE8t94k1bUpJYbbSNG0G21LVdXvLi2stMs7y7uIIZQDtPDmu2nifQdH8RWEGoWtlrenWmqWlvq1hc6VqcVtewrPCl9pt4kd3Y3QjdfOtbmNJ4XzHIodWCgG1QAUAFABQAUAFABQAUAFABQB8gftl/wDIn/CL/s4/4N/+nu5oA+v6AOM+I88Nt8PPHlzcSxwW9v4M8UTzzSuscUMMWh30kssjsQqRxorO7sQqqpJIAJoA/mQ/4NQ/FPhjRv8Agmd8Rb/WPEWhaVY6X+1J8cJdTvdT1ewsLXTom11rtZb+4up4orSNrR1uQ9w8Sm3YTAmM7qAOb/bj1DQv+CyH/BUT9g74DfsvahZfEr9n3/gn78T739or9pr9oHw4suufCa28bWGpeFtQ8KfCbw74xsDL4d8V+K/tnhTTZ7230XUrm3tLTU9Ra6lZrBbe6AP6xQAoCqAFUAADgADgADjAA4HH5UALQAUAFABQAUAFABQAUAFABQAUAFABQB//1v7+KACgAoAKACgDP1XVtK0HTb7Wtc1PT9G0fS7Wa+1PVtVvLfTtN06ytkMtxeX19dyQ2tpa28atJNcXEscMSKXkdVBagD84Phh+2z+xdr/7TnxMt9A/bw/ZX8YX/jjTvAfh3wl8OdD+P3w/1TWotd0K3vbPVLfTNOi8RyWt/falc3EQW10R7u8keLE0IdVCgH6XAhgGUhlYAqwOQQeQQRkEEcgg8+9AHy/8eP2JP2Pv2o76w1P9o/8AZj+Bvx01DS1VNNvPit8M/Cfjq4sFRNiC0k8RaXftBtQbFMbKQvyjAwGAOH8Gf8E2P+Cffw613TfE/gT9i79mXwl4i0e5t7zSda0H4M+BNN1LTbu0bfa3Fjd2+ipNbTW7DdDJEUaM8rt/iAPtaOOOJEiiRI441CJHGqoiIowqoi4VVUYAVRgDgY4oAfQAUAFABQAUAFABQAUAFABQB5P8X/jx8Ev2ffDQ8ZfHX4u/Db4O+FXleCHxB8TPGvh3wTpV1cxqrNaWV54i1DT4r28CuhFpaNPctvTETblFAHyf/wAE5/il+ypc/s6/Cb4Afs8ftW/Bn9pa5+B3w58O+CtU1b4c+OPCusazcweH7OHT/wC2tU8LaRr2rapokF24Rl+1h4QZFVLmXcGoA/QigDzH4tfBX4Q/HrwlceAvjZ8MvAvxY8FXc0Vxc+FfiD4Y0fxZoM08OTFO+ma1aXlqZY9x8uTyg6kkqe1AHzp8IP8AgnB+wt8BPFUHjf4SfstfBvwV4tsmlOleIdL8GaT/AGpoiTPLJJb6Ddz20suiWrPM5+y6a1vAMgCIBVNAH2yBjgcAcADtQAUAFABQAUAFABQAUAFABQAUAflZ/wAFFf2yv2S/g5a/CnwV8VP2lPgf4A8Z2fx8+E2t33hDxR8TvCGk+KdO0Wx1eaa81jUvD1zqyavpulW8TrJLqV9ZwWaocmbhioB+jnw9+Jnw4+Lfhix8bfCrx/4K+Jfg3VFLab4s8AeKdD8YeG78L977Hrnh6+1DTLkrkBxFcuUPDYPFADfiP8Mvh38YPCOqeAPip4J8MfEPwRrkfk6x4T8Y6LYeIPD+qRbXTyr/AErUobizuoykjqUmhddrsMEMaAPjnw7/AMEpf+CZ/hC5jvPCv7BX7Jnh25hmNxFNonwJ+HemOk7Y3TA2mgxDzWAwz43HHJONtAH2l4L8BeCPhxodt4Z8AeEfDfgrw9Zgra6J4X0bT9D0u3BJYiKy06C3gTLMTxGMkk96AOtoAKACgAoAKACgAoAKACgAoAKACgAoAKAP/9f+8j/hYfgD/oePB/8A4U2i/wDyXQAf8LD8Af8AQ8eD/wDwptF/+S6AD/hYfgD/AKHjwf8A+FNov/yXQAf8LD8Af9Dx4P8A/Cm0X/5LoAP+Fh+AP+h48H/+FNov/wAl0Afxe/8ABVP4m/FP/gsF/wAFbPDn/BHn4bfHK6+C/wCyB8EfCFl8Sv2oPGvhfxHZadJ47uPseh6rqNjBeSXCabq1zpUmvaL4Y8O6TqIurCy1T+3vEjWt+kC2bgHuXiz/AINVP+CVWuaZ8RvDnhDxHefDG6k8J+Gbf4RfFrRfj74g1/x1onjiz0+7HiHXfFXh7XtZn8J6np+qat9inl0+C2QC0FzBpDaE7RSRAHYf8G5f7dHxp0nxJ+1l/wAEuP2zfiTY+Mvih+wx4wbQvAXxQ1zxLBfN4t+Hf9r6toSaQmv6hctJrdv4evNJWfR7+Wd3/sDV9LsY9yWO9gD+qD/hYfgD/oePB/8A4U2i/wDyXQAf8LD8Af8AQ8eD/wDwptF/+S6AD/hYfgD/AKHjwf8A+FNov/yXQAf8LD8Af9Dx4P8A/Cm0X/5LoAP+Fh+AP+h48H/+FNov/wAl0AH/AAsPwB/0PHg//wAKbRf/AJLoAP8AhYfgD/oePB//AIU2i/8AyXQAf8LD8Af9Dx4P/wDCm0X/AOS6AD/hYfgD/oePB/8A4U2i/wDyXQAf8LD8Af8AQ8eD/wDwptF/+S6AD/hYfgD/AKHjwf8A+FNov/yXQAf8LD8Af9Dx4P8A/Cm0X/5LoA4v4kfHv4WfDL4d+PfiTrnjTwvNovw98F+KfHGsQ2niPRpLuXS/Ceh32vahFaxi6JkuJLSwmSBAMtIVUZzQB/DH/wAE8P2KNL/4OFfi98af+Cj/APwU/wDjFrGp/AqP4leIvAn7Pv7M2k/Ei78G+H7Pw94evdj5uLHVNO1XSvDGmZTS7a20SXTNS1nVrXVNX1nUb1rlNwB1X7ef/BAP4V/8E+f2T/D/AO2r/wAE3v2k9X+Gv7X/AOyN4V0fxv8AELUfDfxDvxoPxog8MrbN4u1/S/Deq+KPEt34X1Rokl1afw5bare+GNS0aLU9HvdLuvtKOoB/VD/wSx/4KBeFv27f2Df2ef2mfEuueFfDnjHx34PW18d6PLrmmWSWfjvwzd3HhzxeLW2uZ4p4rKTXtMvpbNZE3fZ3TlhhqAP0F/4WH4A/6Hjwf/4U2i//ACXQAf8ACw/AH/Q8eD//AAptF/8AkugA/wCFh+AP+h48H/8AhTaL/wDJdAB/wsPwB/0PHg//AMKbRf8A5LoAP+Fh+AP+h48H/wDhTaL/APJdAB/wsPwB/wBDx4P/APCm0X/5LoAP+Fh+AP8AoePB/wD4U2i//JdAB/wsPwB/0PHg/wD8KbRf/kugA/4WH4A/6Hjwf/4U2i//ACXQAf8ACw/AH/Q8eD//AAptF/8AkugA/wCFh+AP+h48H/8AhTaL/wDJdAB/wsPwB/0PHg//AMKbRf8A5LoA/EH/AIOA/wDgp1rH7AX/AAT+8TeNP2f/ABVod38e/i14s0f4NfDC/wBH1HTdXv8AwnfeJrPUrnWPGdtawTyYvdG0vT5LTSpmBa11rVtMvY1ZrXCgH4kfDr/g3g/YV8G/s2fCH40ft3/EXUf2iv2pfjb8SfhfqHxt8UeJfjlq+h6D4Yi+I17Je+K9B0c+HfFGlTTfZhcpBd+K9dvL3VJL1Jb2yl0mOdbKIA8m8U+HNE/4NyP+Ck37MPib9j39o0/Er/gnj+2f42svht8XPg3q/wASdG8eRfDbVptU0nRpdWmubTVrh4ofDa6/pXiDw/4o1COPV30i313QL6+1Hy5LxwD+5qH9or4AXEMU8fxw+EJjnijmjJ+JXgxSUkQOhKnWcqSrDIPI6HvQBL/w0J8A/wDot/wg/wDDl+C//lzQAf8ADQnwD/6Lf8IP/Dl+C/8A5c0AH/DQnwD/AOi3/CD/AMOX4L/+XNAB/wANCfAP/ot/wg/8OX4L/wDlzQAf8NCfAP8A6Lf8IP8Aw5fgv/5c0AdJ4Y+Kfwx8bX0mmeDfiN4E8W6lDbtdzad4Y8X+H9fvorVHSN7mS00rULq4jt1eSNGmaPy1d0UsCy0Ad3QAUAFABQAUAFABQAUAFABQB//Q/tn/AOGOv2Uv+jdfg1/4b3w1/wDK2gA/4Y6/ZS/6N1+DX/hvfDX/AMraAD/hjr9lL/o3X4Nf+G98Nf8AytoAP+GOv2Uv+jdfg1/4b3w1/wDK2gA/4Y6/ZS/6N1+DX/hvfDX/AMraAP4xv+Ckfwl8Lf8ABGT/AILN+Gv+CiXi/wDZu0n4nf8ABPD9qDwda/Dr4oaPofgbSta0n4TeKGsNEstUns9Kmtl0rTtbGo6BaeKNDF29jBrOk6tr+kWEzX1lIYgD7g8T/wDBYj/ggn8NZPi/8cj4u+B3xS8D6r4J8G3Hwm+DHhD4PavL4+v/ABTp2mXn/CQ6Mvh/XPA2k6V4Uub6/ltEu9T1nVLSwdY5Z4Zb1ooo5wDyn/g3N/YQv/2hviB+2N/wVJ/ai/Z68IeEPC/7XXjSWT9nz4Q+IfBljFpXh/wBFrWraxceItF0LUbIiz0PUDf2Gi+HpzbxNe2GhtqlvJPY6jbTOAf1X/8ADHX7KX/Ruvwa/wDDe+Gv/lbQAf8ADHX7KX/Ruvwa/wDDe+Gv/lbQAf8ADHX7KX/Ruvwa/wDDe+Gv/lbQAf8ADHX7KX/Ruvwa/wDDe+Gv/lbQAf8ADHX7KX/Ruvwa/wDDe+Gv/lbQAf8ADHX7KX/Ruvwa/wDDe+Gv/lbQAf8ADHX7KX/Ruvwa/wDDe+Gv/lbQAf8ADHX7KX/Ruvwa/wDDe+Gv/lbQAf8ADHX7KX/Ruvwa/wDDe+Gv/lbQAf8ADHX7KX/Ruvwa/wDDe+Gv/lbQAf8ADHX7KX/Ruvwa/wDDe+Gv/lbQAf8ADHX7KX/Ruvwa/wDDe+Gv/lbQBw/xO/YF/ZP+JPw1+IXw6k+BPwn0SPx94H8WeCpNa03wB4dj1HSE8U6Df6G2qWEiWMLx3tgt+bu1dJYnWeKNlkQgPQB/FR/wSY/aW/ZU/wCCSPxO+OP/AAS8/wCCuvwb8G/DbXPCHxQ8ReJ/gp8fPG3wyHijwt4k8H+IbuSaCC91i20jVtUfQtTnjbVfDPiK1tLzTPJv59L1RtKm03dOAdB+3D/wUE/4J4+B/wDgnb8PP+CdX7EWg/C79tv9vX4s/DLwr8BIfGfwg+FV7qVlY6nqUEGl+IvEyeIda0TTtT1fxLrFkLm30e302S+eya8m1fWdQsU07ybgA/pa/wCCT3/BKT4QfskfsAfs5/BH41fB/wCGPjD4u6F4P/tz4lavrfhDQ9ZvYvGvi++uvE/iHSBql1a3M95a6LqOqT6XZzO67re1jxGigKoB+iv/AAx1+yl/0br8Gv8Aw3vhr/5W0AH/AAx1+yl/0br8Gv8Aw3vhr/5W0AH/AAx1+yl/0br8Gv8Aw3vhr/5W0AH/AAx1+yl/0br8Gv8Aw3vhr/5W0AH/AAx1+yl/0br8Gv8Aw3vhr/5W0AH/AAx1+yl/0br8Gv8Aw3vhr/5W0AH/AAx1+yl/0br8Gv8Aw3vhr/5W0AH/AAx1+yl/0br8Gv8Aw3vhr/5W0AH/AAx1+yl/0br8Gv8Aw3vhr/5W0AH/AAx1+yl/0br8Gv8Aw3vhr/5W0AH/AAx1+yl/0br8Gv8Aw3vhr/5W0AH/AAx1+yl/0br8Gv8Aw3vhr/5W0AfhZ/wcM/8ABJXQ/wBpn/gnx4iu/wBkn4MeC9G+O3wO8YaP8Y/D2keB/CWk6Zr3jbQvD9lqVt4n8KafHYWCSajqMtndwa1p+nEu9/PopsLaKW6vIYnAPzK+Fn/BWL/gjH+1R+yJ8HPB37SXw6+BvwG/aA8F/EP4T6P+0R8JPib8Ho4bC7tvCt89n4y1bT7yDwreaZrPh27mszdXGi3rw69asfs13pEhRJnAPin4u/Dv9iX/AILVf8FOv2W/2av+CWH7Inwt8E/sj/s6+MIPiH+1D+0N4L+COj/Dbw98Q9Ct9V0jUdS8Paj5Xh3TL+Xw/qFjoi+GfC2k6/Bb6lqt7r2t6mdITTrWWRQD+1qH/gkR/wAEuYYYoR/wT8/ZDkEUccYeX4B/Dh5H2IF3yOdCBd2xl2IyzEk4zQBJ/wAOjP8Agl1/0j6/ZA/8MD8N/wD5RUAH/Doz/gl1/wBI+v2QP/DA/Df/AOUVAB/w6M/4Jdf9I+v2QP8AwwPw3/8AlFQAf8OjP+CXX/SPr9kD/wAMD8N//lFQAf8ADoz/AIJdf9I+v2QP/DA/Df8A+UVAHsvwQ/YV/Yy/Zp8VXfjn9nv9lr4D/BXxlqGkT6BfeKPhl8MPCXgzXbvRLqe3urnSbjU9C0y0u5tPnubS1nltHl8l5beGRkZkQqAfVlABQAUAFABQAUAFABQAUAFAH//R/v4oAKACgAoAKAOO8f8Aw88B/FXwjrfgH4meDvDXj7wT4kspdO1/wn4u0XT/ABB4f1iwnXbNaajpWpwXNldwSKSrRzQupBII7MAfjv8AC7/ght/wTn8D/tOfEf4lJ+wj+zxbeE4LLwFqXwwE/gTwzqGk6R4nsobqfxHe6T4duILi10q5g1BbKaCb7DCqSIslns2EqAftfZWVnptpbafp9rb2NjZwx21pZ2kMdva21vCgSKGCCFViiijRVVI41VVUAAcfKAWqACgAoAKACgAoAKACgAoAKACgAoAKAPlL9qL9hz9kf9tLQLTw3+1H+z/8M/jRYaaXbSJ/GvhjT9S1fRHkBEkmh640I1fR5HU4aTT7y3dgcFscMAfIv/BND/gkh+yn+wD8JvhhJoP7PnwX0j9pTTPAmh6P8Tvi/wCGtAi1bX9e8TwWaprl1pXi3W7CHX4tLvLvzJkgjTTom3bjaRn5aAP1noAKACgAoAKACgAoAKACgAoAKACgAoACAQQRkHgg9CPQ9ev0/OgD8N/+ClP/AASm/wCCeXx01L4e/Fj4k/sofCPWPiR4o+O/wy0HxT4zsvDlvoPiDxTpWuaxPFqtt4l1HQv7OuNd+1xKsUkupvcTCNRGsgQAKAfqn+z9+zH+z5+yp4Gt/ht+zl8Hfh98GfBFvJ5//CPfD7wxpfhuxubsokcl/frp1tA+oahOsam4v7157q4cb5pXc7qAPdaACgAoAKACgAoAKACgAoAKACgAoAKACgAoAKACgD//0v7+KACgAoAKACgAoA8b8MXPxSf4z/FC28QQyL8K4NC8Dv8AD6YxaSscmry2d6fFqpNbZ1eQpdLa7l1LbCmcWeULmgD2SgAoAKACgAoAKACgAoAKACgAoAKACgAoAKAPnj9krwN8Uvhn+zN8Dfh/8bfEX/CW/Fzwf8NvDGgfEXxMNb1DxJ/bnizT9Pig1fUv7e1W3tdS1b7Tcq0n26+toLmfO+WNWJCgH0PQAUAFABQAUAFABQAUAFABQAUAFABQAUAfIH7Zf/In/CL/ALOP+Df/AKe7mgD6/oAKACgAoAKACgAoAKACgAoAKACgAoAKACgAoAKACgD/0/7+KACgAoAKACgAoA8b8Ma38SLr4z/FDRNc094fhrpWheB7jwLqBsreJL3VL+zvX8URreoPtF2ba4S2Vo5jst922MfMTQB7JQAUAFABQAUAFABQAUAFABQAUAFABQAUAFAHzj+yD4f+MHhX9l/4EeG/2gNT1DWfjZonwz8L6d8UdV1bWv8AhI9S1DxpbafHHrd1fa6ZZ/7WuZbsO0l950vnt8+85zQB9HUAFABQAUAFABQAUAFABQAUAFABQAUAFAHyB+2X/wAif8Iv+zj/AIN/+nu5oA+v6ACgAoAKACgAoAKACgAoAKACgAoAKACgAoAKACgAoA//1P7+KACgAoAKACgAoA8b8MeK/Hmo/Gf4oeEtX0N7TwD4c0LwPe+D9dOmXUCatqOs2d7L4ht11OQ/Zb86fPDAjRW4D2m/bNyy7gD2SgAoAKACgAoAKACgAoAKACgAoAKACgAoAKAPnL9kKz+M+n/swfAiy/aKbUH+Otr8M/C8PxXfVb7TtT1JvHCafENdN7qGkXN5pd5cm83+bPYXU9tI3MUrrhqAPo2gAoAKACgAoAKACgAoAKACgAoAKACgAoA+QP2y/wDkT/hF/wBnH/Bv/wBPdzQB9f0AFABQAUAFABQAUAFABQAUAFABQAUAFABQAUAFABQB/9X+/igAoAKACgAoAKAPHPDHjvxdq/xm+KHgLUvD0dl4Q8H6H4H1Hw14iWw1OGTW73xDZ3s+tWr6hPK2l3g0ya3hjSPT4Y5bcSFbtmdkoA9joAKACgAoAKACgAoAKACgAoAKACgAoAKACgD54/ZK1T40a1+zN8DdW/aMt57T47ah8NvDN18WLa5sdF0yeDxxLYRNr0c2n+HUj0KzkW8LhoNKRLGM8QAJQB9D0AFABQAUAFABQAUAFABQAUAFABQAUAFAHyB+2X/yJ/wi/wCzj/g3/wCnu5oA+v6ACgAoAKACgAoAKACgAoAKACgAoAKACgAoAKACgAoA/9b+/igAoAKACgAoAKAEwMk4GT1OOT9T/jQAtAHzR8U/2wf2ePgp8XPhZ8Cvih47vPCnxP8Aja2tRfCvQbjwL8Rb/TvGdz4c0u41vXbHTPF2j+EdS8GR6jpWkWs+o3um33iGyv4bRUma2KSxMwB6L8HPjR8Ovj74E0r4mfCrWNS8QeCNc81tF1zUfCXjHwcuqwRO0f27T9P8baB4d1W70ycgvZarBYyabqEJW4sbq4gZJWAOf8V/tPfs1eBNev8Awt44/aG+Bvg3xPpbpHqfhzxX8WfAXh7XtOkdFkSO/wBI1fxFZ6haO8brIi3FtGzIyuAVINAHV/D74x/CH4tJqMnwq+Knw4+JkejvAmryfD7xx4Z8Zppb3IdrdNRbw5quprYvOqO0C3JiMoRzGGCk0AfnB/wU0t/jl4T+D3xl+OOi/t06j+x9onws8EXmqfBrTPDWn/CddG8e/Ei10P7douk/FG/+KfhbXLvXT4o8XhPCekeEvDGq6DZSaZPBd3P2rUJZpYgD7y/Zi8Q/FPxb+zt8EfE/xvtdEsvjB4g+GHgzV/iVa+GpbafQIfGd/oVlc68ujzWc1xaSaeb+SZrZraeWDy2HlOU20Ae6UAFABQAUAFABQAUAFAHzh+yB4q+Lnjj9l34D+L/j3p95pPxo8R/DLwtq3xN0zUNEh8N3tj4xvNPik1q2utBt7e0g0iaO7Lq9jFbQJAfkWJQMUAfR9AHxFq3/AAUZ/Y70Lxj8Zfh5q3xU1ay8c/s/z+Bbb4s+FJPhL8aW13w1L8TtYj0D4e/Y9Nj+Hb3HiuPxjq80VnoE/g0eIYNQLrNDI1uRLQB9lWusafd6RDryzPa6VPYLqn2jVLa60d7exaD7SZ7+11aGxvNNMUGZLmLUILWa1CsLmOJkcUAeAyftk/sgxO8Uv7Vf7N0ckbtHJHJ8cvhijxuhKujo3isMrqwKsrAFSCCARigD2/wp4w8JePNBsfFPgbxT4d8Z+GNUV30zxH4U1vTfEWg6ikcjRSPY6vpF1eafdrHKjRO1vcyhZEZGIZWWgD8ff27P2yPjP4U/aG/Yz8AfAnWLbQ/hXrH7aHhD4IfHXxatpFeT+M9W1XwD8QvEGo/DTw5dTZggsfCkmgWL+NdRtRcTP4guI/DSTabe+HdZgugD9pKACgAoAKACgAoAKACgD5A/bL/5E/4Rf9nH/Bv/ANPdzQB9f0AedfFn4reBvgf8O/FfxW+Jep6jovgPwPpF3r/inWdL8MeKvGFxpOi6fC9xf6nJoXgvRPEXiK4s7G2jlur2ay0i6W0tYpbm48uCKSRQDx/4P/tpfs2fH3VfBWj/AAf+IN744uviF8L9D+M/hS4034f/ABMttIvvhn4muL618O+KL7xBqng2w0HQYtbuNM1GPS9M8Q6jpWtXv2K5a3050id1APavHvxR+GXwq0211n4ofEXwJ8N9Hvrr7DZar498XaB4P028vdhl+x2t94h1HTbW4uvKUyfZ4pXm2Avs2hioB53of7WH7LPifV9O8P8Ahr9pb4AeIdf1i7isdJ0PQ/jH8O9W1fVL6dtsFnp2m2HiW4vb27mb5Yre2glmkbhI2IxQB5f/AMFBPj94v/Zp/ZO+KfxS+H/g74meN/HFpY6b4e8M6d8I/hxqvxY8b6NfeKtUtdDufGum+BdJt7iTXR4D0q71Dxj9gvVj0vUJtEg0vUJ4YL5nUA+H/wDgkP8AGSH9o3S/iB8ULP8A4KO/Fb9skaIbXwf4g+E3xS+EngD4HeKvgh4rjmmuNVtfF/gLwz4K8J+IotXvAkNrZy6zLqmmQxWdyuk3c0kt7IwB+19ABQAUAFABQAUAFABQAUAFABQB/9f+/igAoAKACgAoAKACgAoA/Gj/AIK1/Aq+/bl8H6L+xn4D0HWND+KcNhq/x38NfHzV/h740vPBXwi1bwLp81t4b0vS/GdrpKeG7/xT8SdU1X/hF9Y8MQ6pqU3/AAr5vGB1HRnurrQywB9O/wDBNv8AaP8AEf7R/wCy34B1r4gfBf4gfAH4p+DNNg8B/Er4aeOPhn43+HFnpXirwun9kXt94JHi/QNFh8QeCdaNoNV8Oaro0l7AdNu7eK7a1vUntkAPmb9pf9kz9pX4h/Gnxp4v8D/spf8ABLr4g+GNXu7aXTPFvx68CePdW+KurRx2cMTyeKr/AEiJtPnuY5EaKBrdiotkiBwwIoA+l/2Gvgf8XvgzaePYvir8Ev2M/g7JrdzpEmkRfsjeGvE3h621pLWK5W5k8ZL4jjRrme1aRF0w22Qkck4kwSKAMH9qjxd+x18e9S+Jf7IX7SHwU8efFS707wh9uXQNU/Zy+JfjHwt4ls/FOi29xHP8NviLZ+D9R8CnxDZzyWllLdL4m0e78O69bxSXlxYpZNfRAHVf8EyfgL8R/wBmP9hj9nb4GfFfUrvUPG3w+8CWmjahDe6l/bE+hWazTTaR4XOp8C+TwzpclpoqXC/JItmCuV2mgD7woAKACgAoAKACgAoAKAPnX9kbx38T/if+zH8CviH8afD9z4U+LPjL4aeGPEHxC8NXmg33he60TxVqOnxT6tp0/h3Ukj1DRpba5Zo30+8RZ7Yjy5FDAigD6KoA/mg/4KD6F8RtZ/ac8Pf8FLfgB8BvG3iqf9gvxz4R+FnxE+HD/Bf4lN8RP2tfAevXE0PjfUfAXhy48Ow3vidPgs3i9dQ+Fev6fpU0GoazZ+OmXXJNBudKFAH9DPhrxdZfFX4X2Pi/w1pOpQWvjPwm+oaXofxD8K+JPCN/G+qaa5h0vxb4U8TaZo/iTSdssotdW0/UNNtLxI/OQRAlTQB+Il7+w3+19LeXcsX7Ef8AwRgmjluZ5I5br4afE5rqVHldkkuWWDa07qQ0xHBkLEUAfrL8FPht8SPCv7NNp8N9U0n4QfBL4lf8Ir4m0izi/Z/0C8j+F3gXXtUi1GPRtb8JeH/EISe4j0y5uLXV57HUAsN5exTRSfuZSWAP5/8A9sX9hL/gon4Ki/4J9+DfCn7VVr8TtB8F/tl+ENS0278K/si6Tcz/AAzu38BfEw3Xxb+IWo6VrmrXGtabHNdzWGt33im4tLK/1fxBbXN9qgvGt1nAP6gvDlprVhoGjWXiPV4tf1+002zt9Z1uDT4tJh1bUooES81CLTIZJobCO7nDzLaRSukAfy1ZgoKgG1QAUAFABQAUAFABQB8rftZ6BrniHwr8LLfQdH1PWZ7D4/fCfV76HS7K5vpbTStP1i4lv9RuUtopWhsbOMiS6upAsMCENJIoIoA+qaAPIfjz8TNG+EHwk8cePtd8H+L/AIg2Oi6He7fAvgXwbr/jzxN4wvLqCS2svDWn+HfDmka3fTf21cyR6fPeXNj/AGTp0NxJe6tPBYQzyoAfhX/wTN8G/Er/AIJ5ftUfEn9kHx38KPFOo/CD9pjStK/aR+C3xV+HXwi+Jeq/D34Pa/rsP2LxX+zB4x8ZxaDqlh4Z0fwXcWZuvhofE2swiLw/O9hqN1Z3QsrRwD9Y/wBtn4R/E34w/D/w5ofwv+E37LHxd1jT/En9oXuh/tX6D4g8QeC7Cy+xyw/b9DtvDyPdRa75rLF5sw8n7K0i5DYDAHwd8HP2OP2pvCfxS8B+JfEv7H3/AASV8K6BonibTdR1fxH8L/h98RLD4h6LY28wefUPB15fwiyttft1+ewmuSIUlALkDmgD9RP2hf2i/A/7NPhfw/4x+Ifh/wCJ2teGtf8AF2meDri9+GPww8Z/Fa58Nz6vBeS2+ueJ9C8B6TrviHTvC0LWhtb7XIdJvLayubq0juVRJw6gHxR8BPgbpmu/8FGPjf8AtpfDbwdqXgH4XePP2cvhd8J9ZvdT8Kav4Cv/AIx/E3wz4t8ba7f+Nrnwn4h0zRfEUdp4Z8K614b8I2Wta5pOn3OqXVlqP2KGfS4LLUb0A/VOgAoAKACgAoAKACgAoAKACgAoA//Q/tc/4av+HH/QJ8Zf+C3R/wD5oaAD/hq/4cf9Anxl/wCC3R//AJoaAD/hq/4cf9Anxl/4LdH/APmhoAP+Gr/hx/0CfGX/AILdH/8AmhoAP+Gr/hx/0CfGX/gt0f8A+aGgA/4av+HH/QJ8Zf8Agt0f/wCaGgA/4av+HH/QJ8Zf+C3R/wD5oaAD/hq/4cf9Anxl/wCC3R//AJoaAD/hq/4cf9Anxl/4LdH/APmhoAP+Gr/hx/0CfGX/AILdH/8AmhoAP+Gr/hx/0CfGX/gt0f8A+aGgA/4av+HH/QJ8Zf8Agt0f/wCaGgBp/as+GpYOdG8YFwMBzpeilgO4DHxBuAJ7A/nmgB3/AA1f8OP+gT4y/wDBbo//AM0NAB/w1f8ADj/oE+Mv/Bbo/wD80NAB/wANX/Dj/oE+Mv8AwW6P/wDNDQAf8NX/AA4/6BPjL/wW6P8A/NDQAf8ADV/w4/6BPjL/AMFuj/8AzQ0AH/DV/wAOP+gT4y/8Fuj/APzQ0AH/AA1f8OP+gT4y/wDBbo//AM0NAB/w1f8ADj/oE+Mv/Bbo/wD80NAB/wANX/Dj/oE+Mv8AwW6P/wDNDQAf8NX/AA4/6BPjL/wW6P8A/NDQAf8ADV/w4/6BPjL/AMFuj/8AzQ0AH/DV/wAOP+gT4y/8Fuj/APzQ0AH/AA1f8OP+gT4y/wDBbo//AM0NAB/w1f8ADj/oE+Mv/Bbo/wD80NAB/wANX/Dj/oE+Mv8AwW6P/wDNDQAf8NX/AA4/6BPjL/wW6P8A/NDQAf8ADV/w4/6BPjL/AMFuj/8AzQ0AH/DV/wAOP+gT4y/8Fuj/APzQ0AH/AA1f8OP+gT4y/wDBbo//AM0NAB/w1f8ADj/oE+Mv/Bbo/wD80NAB/wANX/Dj/oE+Mv8AwW6P/wDNDQAf8NX/AA4/6BPjL/wW6P8A/NDQAf8ADV/w4/6BPjL/AMFuj/8AzQ0AH/DV/wAOP+gT4y/8Fuj/APzQ0AH/AA1f8OP+gT4y/wDBbo//AM0NAB/w1f8ADj/oE+Mv/Bbo/wD80NAB/wANX/Dj/oE+Mv8AwW6P/wDNDQAf8NX/AA4/6BPjL/wW6P8A/NDQAf8ADV/w4/6BPjL/AMFuj/8AzQ0AH/DV/wAOP+gT4y/8Fuj/APzQ0ANb9q34bOpV9H8YOp6q2maMyn6g+ICDz6j8sCgBw/av+G44GkeMgB0A03R+P/LgH8vyoAP+Gr/hx/0CfGX/AILdH/8AmhoAP+Gr/hx/0CfGX/gt0f8A+aGgA/4av+HH/QJ8Zf8Agt0f/wCaGgA/4av+HH/QJ8Zf+C3R/wD5oaAD/hq/4cf9Anxl/wCC3R//AJoaAD/hq/4cf9Anxl/4LdH/APmhoAP+Gr/hx/0CfGX/AILdH/8AmhoAP+Gr/hx/0CfGX/gt0f8A+aGgA/4av+HH/QJ8Zf8Agt0f/wCaGgA/4av+HH/QJ8Zf+C3R/wD5oaAD/hq/4cf9Anxl/wCC3R//AJoaAP/Z</file>
<file name="explicitni4_moodle.jpg" path="/" encoding="base64">/9j/4AAQSkZJRgABAQAASABIAAD/4QBMRXhpZgAATU0AKgAAAAgAAgESAAMAAAABAAEAAIdpAAQAAAABAAAAJgAAAAAAAqACAAQAAAABAAAB9qADAAQAAAABAAAA5AAAAAD/4QkhaHR0cDovL25zLmFkb2JlLmNvbS94YXAvMS4wLwA8P3hwYWNrZXQgYmVnaW49Iu+7vyIgaWQ9Ilc1TTBNcENlaGlIenJlU3pOVGN6a2M5ZCI/PiA8eDp4bXBtZXRhIHhtbG5zOng9ImFkb2JlOm5zOm1ldGEvIiB4OnhtcHRrPSJYTVAgQ29yZSA1LjQuMCI+IDxyZGY6UkRGIHhtbG5zOnJkZj0iaHR0cDovL3d3dy53My5vcmcvMTk5OS8wMi8yMi1yZGYtc3ludGF4LW5zIyI+IDxyZGY6RGVzY3JpcHRpb24gcmRmOmFib3V0PSIiLz4gPC9yZGY6UkRGPiA8L3g6eG1wbWV0YT4gICAgICAgICAgICAgICAgICAgICAgICAgICAgICAgICAgICAgICAgICAgICAgICAgICAgICAgICAgICAgICAgICAgICAgICAgICAgICAgICAgICAgICAgICAgICAgICAgICAgICAgICAgICAgICAgICAgICAgICAgICAgICAgICAgICAgICAgICAgICAgICAgICAgICAgICAgICAgICAgICAgICAgICAgICAgICAgICAgICAgICAgICAgICAgICAgICAgICAgICAgICAgICAgICAgICAgICAgICAgICAgICAgICAgICAgICAgICAgICAgICAgICAgICAgICAgICAgICAgICAgICAgICAgICAgICAgICAgICAgICAgICAgICAgICAgICAgICAgICAgICAgICAgICAgICAgICAgICAgICAgICAgICAgICAgICAgICAgICAgICAgICAgICAgICAgICAgICAgICAgICAgICAgICAgICAgICAgICAgICAgICAgICAgICAgICAgICAgICAgICAgICAgICAgICAgICAgICAgICAgICAgICAgICAgICAgICAgICAgICAgICAgICAgICAgICAgICAgICAgICAgICAgICAgICAgICAgICAgICAgICAgICAgICAgICAgICAgICAgICAgICAgICAgICAgICAgICAgICAgICAgICAgICAgICAgICAgICAgICAgICAgICAgICAgICAgICAgICAgICAgICAgICAgICAgICAgICAgICAgICAgICAgICAgICAgICAgICAgICAgICAgICAgICAgICAgICAgICAgICAgICAgICAgICAgICAgICAgICAgICAgICAgICAgICAgICAgICAgICAgICAgICAgICAgICAgICAgICAgICAgICAgICAgICAgICAgICAgICAgICAgICAgICAgICAgICAgICAgICAgICAgICAgICAgICAgICAgICAgICAgICAgICAgICAgICAgICAgICAgICAgICAgICAgICAgICAgICAgICAgICAgICAgICAgICAgICAgICAgICAgICAgICAgICAgICAgICAgICAgICAgICAgICAgICAgICAgICAgICAgICAgICAgICAgICAgICAgICAgICAgICAgICAgICAgICAgICAgICAgICAgICAgICAgICAgICAgICAgICAgICAgICAgICAgICAgICAgICAgICAgICAgICAgICAgICAgICAgICAgICAgICAgICAgICAgICAgICAgICAgICAgICAgICAgICAgICAgICAgICAgICAgICAgICAgICAgICAgICAgICAgICAgICAgICAgICAgICAgICAgICAgICAgICAgICAgICAgICAgICAgICAgICAgICAgICAgICAgICAgICAgICAgICAgICAgICAgICAgICAgICAgICAgICAgICAgICAgICAgICAgICAgICAgICAgICAgICAgICAgICAgICAgICAgICAgICAgICAgICAgICAgICAgICAgICAgICAgICAgICAgICAgICAgICAgICAgICAgICAgICAgICAgICAgICAgICAgICAgICAgICAgICAgICAgICAgICAgICAgICAgICAgICAgICAgICAgICAgICAgICAgICAgICAgICAgICAgICAgICAgICAgICAgICAgICAgICAgICAgICAgICAgICAgICAgICAgICAgICAgICAgICAgICAgICAgICAgICAgICAgICAgICAgICAgICAgICAgICAgICAgICAgICAgICAgICAgICAgICAgICAgICAgICAgICAgICAgICAgICAgICAgICAgICAgICAgICAgICAgICAgICAgICAgICAgICAgICAgICAgICAgICAgICAgICAgICAgICAgICAgICAgICAgICAgICAgICAgICAgICAgICAgICAgICAgICAgICAgICAgICAgICAgICAgICAgICAgICAgICAgICAgICAgICAgICAgICAgICAgICAgICAgICAgICAgICAgICAgICAgICAgICAgICAgICAgICAgICAgICAgICAgICAgICAgICAgICAgICAgICAgICAgICAgICAgICAgICAgICAgICAgICAgICAgICAgICAgICAgICAgICAgICAgICAgICAgICAgICAgICAgICAgICAgICAgICAgICAgICAgICAgICAgICAgICAgICAgICAgICAgICAgICAgICAgICAgICAgICAgICAgICAgICAgICAgICAgICAgICAgICAgICAgICAgICAgICAgICAgICAgICAgICAgICAgICAgICAgICAgICAgICAgICAgICAgICAgICAgICAgICAgICAgICAgICAgICAgICAgICAgICAgICAgICAgICAgICAgICAgICAgICAgICAgICAgICAgICAgICAgICAgICAgICAgICAgICAgICAgICAgICAgICAgICAgICAgICAgICAgICAgICAgICAgICAgICAgICAgICAgICAgICAgICAgICAgICAgICAgICAgICAgICAgICAgICAgICAgICAgICAgICAgICAgICAgICAgICAgICAgICAgICAgICAgICAgICAgICAgICAgICAgICAgICAgICAgICAgICAgICAgICAgICAgICAgICAgICAgICAgICAgICAgICAgICAgICAgICAgICAgICAgICAgICA8P3hwYWNrZXQgZW5kPSJ3Ij8+AP/tADhQaG90b3Nob3AgMy4wADhCSU0EBAAAAAAAADhCSU0EJQAAAAAAENQdjNmPALIE6YAJmOz4Qn7/4htESUNDX1BST0ZJTEUAAQEAABs0YXBwbAIQAABtbnRyUkdCIFhZWiAH5AABAAEACAAyADRhY3NwQVBQTAAAAABBUFBMAAAAAAAAAAAAAAAAAAAAAAAA9tYAAQAAAADTLWFwcGwAAAAAAAAAAAAAAAAAAAAAAAAAAAAAAAAAAAAAAAAAAAAAAAAAAAAAAAAAAAAAABFkZXNjAAABUAAAAGJkc2NtAAABtAAABDZjcHJ0AAAF7AAAACN3dHB0AAAGEAAAABRyWFlaAAAGJAAAABRnWFlaAAAGOAAAABRiWFlaAAAGTAAAABRyVFJDAAAGYAAACAxhYXJnAAAObAAAACB2Y2d0AAAOjAAABhJuZGluAAAUoAAABj5jaGFkAAAa4AAAACxtbW9kAAAbDAAAAChiVFJDAAAGYAAACAxnVFJDAAAGYAAACAxhYWJnAAAObAAAACBhYWdnAAAObAAAACBkZXNjAAAAAAAAAAhEaXNwbGF5AAAAAAAAAAAAAAAAAAAAAAAAAAAAAAAAAAAAAAAAAAAAAAAAAAAAAAAAAAAAAAAAAAAAAAAAAAAAAAAAAAAAAAAAAAAAAAAAAAAAAAAAAAAAbWx1YwAAAAAAAAAjAAAADGhySFIAAAAUAAABtGtvS1IAAAAMAAAByG5iTk8AAAASAAAB1GlkAAAAAAASAAAB5mh1SFUAAAAUAAAB+GNzQ1oAAAAWAAACDGRhREsAAAAcAAACIm5sTkwAAAAWAAACPmZpRkkAAAAQAAACVGl0SVQAAAAUAAACZHJvUk8AAAASAAACeGVzRVMAAAASAAACeGFyAAAAAAAUAAACinVrVUEAAAAcAAACnmhlSUwAAAAWAAACunpoVFcAAAAMAAAC0HZpVk4AAAAOAAAC3HNrU0sAAAAWAAAC6npoQ04AAAAMAAAC0HJ1UlUAAAAkAAADAGZyRlIAAAAWAAADJG1zAAAAAAASAAADOmhpSU4AAAASAAADTHRoVEgAAAAMAAADXmNhRVMAAAAYAAADamVzWEwAAAASAAACeGRlREUAAAAQAAADgmVuVVMAAAASAAADknB0QlIAAAAYAAADpHBsUEwAAAASAAADvGVsR1IAAAAiAAADznN2U0UAAAAQAAAD8HRyVFIAAAAUAAAEAHB0UFQAAAAWAAAEFGphSlAAAAAMAAAEKgBMAEMARAAgAHUAIABiAG8AagBpzuy37AAgAEwAQwBEAEYAYQByAGcAZQAtAEwAQwBEAEwAQwBEACAAVwBhAHIAbgBhAFMAegDtAG4AZQBzACAATABDAEQAQgBhAHIAZQB2AG4A/QAgAEwAQwBEAEwAQwBEAC0AZgBhAHIAdgBlAHMAawDmAHIAbQBLAGwAZQB1AHIAZQBuAC0ATABDAEQAVgDkAHIAaQAtAEwAQwBEAEwAQwBEACAAYwBvAGwAbwByAGkATABDAEQAIABjAG8AbABvAHIgDwBMAEMARAAgBkUGRAZIBkYGKQQaBD4EOwRMBD4EQAQ+BDIEOAQ5ACAATABDAEQgDwBMAEMARAAgBeYF0QXiBdUF4AXZX2mCcgAgAEwAQwBEAEwAQwBEACAATQDgAHUARgBhAHIAZQBiAG4A/QAgAEwAQwBEBCYEMgQ1BEIEPQQ+BDkAIAQWBBoALQQ0BDgEQQQ/BDsENQQ5AEwAQwBEACAAYwBvAHUAbABlAHUAcgBXAGEAcgBuAGEAIABMAEMARAkwCQIJFwlACSgAIABMAEMARABMAEMARAAgDioONQBMAEMARAAgAGUAbgAgAGMAbwBsAG8AcgBGAGEAcgBiAC0ATABDAEQAQwBvAGwAbwByACAATABDAEQATABDAEQAIABDAG8AbABvAHIAaQBkAG8ASwBvAGwAbwByACAATABDAEQDiAOzA8cDwQPJA7wDtwAgA78DuAPMA70DtwAgAEwAQwBEAEYA5AByAGcALQBMAEMARABSAGUAbgBrAGwAaQAgAEwAQwBEAEwAQwBEACAAYQAgAEMAbwByAGUAczCrMOkw/ABMAEMARAAAdGV4dAAAAABDb3B5cmlnaHQgQXBwbGUgSW5jLiwgMjAyMAAAWFlaIAAAAAAAAPNSAAEAAAABFs9YWVogAAAAAAAAYWwAADgyAAAKQlhZWiAAAAAAAABvHAAArpUAABaZWFlaIAAAAAAAACZOAAAZOQAAslJjdXJ2AAAAAAAABAAAAAAFAAoADwAUABkAHgAjACgALQAyADYAOwBAAEUASgBPAFQAWQBeAGMAaABtAHIAdwB8AIEAhgCLAJAAlQCaAJ8AowCoAK0AsgC3ALwAwQDGAMsA0ADVANsA4ADlAOsA8AD2APsBAQEHAQ0BEwEZAR8BJQErATIBOAE+AUUBTAFSAVkBYAFnAW4BdQF8AYMBiwGSAZoBoQGpAbEBuQHBAckB0QHZAeEB6QHyAfoCAwIMAhQCHQImAi8COAJBAksCVAJdAmcCcQJ6AoQCjgKYAqICrAK2AsECywLVAuAC6wL1AwADCwMWAyEDLQM4A0MDTwNaA2YDcgN+A4oDlgOiA64DugPHA9MD4APsA/kEBgQTBCAELQQ7BEgEVQRjBHEEfgSMBJoEqAS2BMQE0wThBPAE/gUNBRwFKwU6BUkFWAVnBXcFhgWWBaYFtQXFBdUF5QX2BgYGFgYnBjcGSAZZBmoGewaMBp0GrwbABtEG4wb1BwcHGQcrBz0HTwdhB3QHhgeZB6wHvwfSB+UH+AgLCB8IMghGCFoIbgiCCJYIqgi+CNII5wj7CRAJJQk6CU8JZAl5CY8JpAm6Cc8J5Qn7ChEKJwo9ClQKagqBCpgKrgrFCtwK8wsLCyILOQtRC2kLgAuYC7ALyAvhC/kMEgwqDEMMXAx1DI4MpwzADNkM8w0NDSYNQA1aDXQNjg2pDcMN3g34DhMOLg5JDmQOfw6bDrYO0g7uDwkPJQ9BD14Peg+WD7MPzw/sEAkQJhBDEGEQfhCbELkQ1xD1ERMRMRFPEW0RjBGqEckR6BIHEiYSRRJkEoQSoxLDEuMTAxMjE0MTYxODE6QTxRPlFAYUJxRJFGoUixStFM4U8BUSFTQVVhV4FZsVvRXgFgMWJhZJFmwWjxayFtYW+hcdF0EXZReJF64X0hf3GBsYQBhlGIoYrxjVGPoZIBlFGWsZkRm3Gd0aBBoqGlEadxqeGsUa7BsUGzsbYxuKG7Ib2hwCHCocUhx7HKMczBz1HR4dRx1wHZkdwx3sHhYeQB5qHpQevh7pHxMfPh9pH5Qfvx/qIBUgQSBsIJggxCDwIRwhSCF1IaEhziH7IiciVSKCIq8i3SMKIzgjZiOUI8Ij8CQfJE0kfCSrJNolCSU4JWgllyXHJfcmJyZXJocmtyboJxgnSSd6J6sn3CgNKD8ocSiiKNQpBik4KWspnSnQKgIqNSpoKpsqzysCKzYraSudK9EsBSw5LG4soizXLQwtQS12Last4S4WLkwugi63Lu4vJC9aL5Evxy/+MDUwbDCkMNsxEjFKMYIxujHyMioyYzKbMtQzDTNGM38zuDPxNCs0ZTSeNNg1EzVNNYc1wjX9Njc2cjauNuk3JDdgN5w31zgUOFA4jDjIOQU5Qjl/Obw5+To2OnQ6sjrvOy07azuqO+g8JzxlPKQ84z0iPWE9oT3gPiA+YD6gPuA/IT9hP6I/4kAjQGRApkDnQSlBakGsQe5CMEJyQrVC90M6Q31DwEQDREdEikTORRJFVUWaRd5GIkZnRqtG8Ec1R3tHwEgFSEtIkUjXSR1JY0mpSfBKN0p9SsRLDEtTS5pL4kwqTHJMuk0CTUpNk03cTiVObk63TwBPSU+TT91QJ1BxULtRBlFQUZtR5lIxUnxSx1MTU19TqlP2VEJUj1TbVShVdVXCVg9WXFapVvdXRFeSV+BYL1h9WMtZGllpWbhaB1pWWqZa9VtFW5Vb5Vw1XIZc1l0nXXhdyV4aXmxevV8PX2Ffs2AFYFdgqmD8YU9homH1YklinGLwY0Njl2PrZEBklGTpZT1lkmXnZj1mkmboZz1nk2fpaD9olmjsaUNpmmnxakhqn2r3a09rp2v/bFdsr20IbWBtuW4SbmtuxG8eb3hv0XArcIZw4HE6cZVx8HJLcqZzAXNdc7h0FHRwdMx1KHWFdeF2Pnabdvh3VnezeBF4bnjMeSp5iXnnekZ6pXsEe2N7wnwhfIF84X1BfaF+AX5ifsJ/I3+Ef+WAR4CogQqBa4HNgjCCkoL0g1eDuoQdhICE44VHhauGDoZyhteHO4efiASIaYjOiTOJmYn+imSKyoswi5aL/IxjjMqNMY2Yjf+OZo7OjzaPnpAGkG6Q1pE/kaiSEZJ6kuOTTZO2lCCUipT0lV+VyZY0lp+XCpd1l+CYTJi4mSSZkJn8mmia1ZtCm6+cHJyJnPedZJ3SnkCerp8dn4uf+qBpoNihR6G2oiailqMGo3aj5qRWpMelOKWpphqmi6b9p26n4KhSqMSpN6mpqhyqj6sCq3Wr6axcrNCtRK24ri2uoa8Wr4uwALB1sOqxYLHWskuywrM4s660JbSctRO1irYBtnm28Ldot+C4WbjRuUq5wro7urW7LrunvCG8m70VvY++Cr6Evv+/er/1wHDA7MFnwePCX8Lbw1jD1MRRxM7FS8XIxkbGw8dBx7/IPci8yTrJuco4yrfLNsu2zDXMtc01zbXONs62zzfPuNA50LrRPNG+0j/SwdNE08bUSdTL1U7V0dZV1tjXXNfg2GTY6Nls2fHadtr724DcBdyK3RDdlt4c3qLfKd+v4DbgveFE4cziU+Lb42Pj6+Rz5PzlhOYN5pbnH+ep6DLovOlG6dDqW+rl63Dr++yG7RHtnO4o7rTvQO/M8Fjw5fFy8f/yjPMZ86f0NPTC9VD13vZt9vv3ivgZ+Kj5OPnH+lf65/t3/Af8mP0p/br+S/7c/23//3BhcmEAAAAAAAMAAAACZmYAAPKnAAANWQAAE9AAAApbdmNndAAAAAAAAAAAAAMBAAACAAAAVgEuAesCxAODBFMFQAYnBxoIGAkfCj0LTgxrDZAOuQ/sES0SZROjFOMWKhd5GL8aDxtXHKQd8x88IIQhzSMRJFIljSbLKAApMypmK5csyi33LygwUTGAMqsz1TUCNjE3XTiKObY64TwNPTg+YD+JQLFB3EMIRDZFY0aQR7hI3koBSyRMR01qTo9PtFDYUfhTFlQzVU9WbVeNWK5Zy1rhW/Bc9137XwBgCmEZYi1jQWRSZV9mZWdhaFNpPGogawFr4Gy/baBug29ocFBxOHIgcwhz73TWdb52qHeTeH55bHpZe0l8PX03fjZ/OYBBgUuCV4NlhHSFhYaUh6SIs4nAisyL1ozfjeeO7Y/ykPWR9pL1k/WU+pYElxWYLJlHmmObf5yYna6ev5/LoNSh2qLgo+mk9KYDpxWoKqlCqlyrd6yUrbKu0a/xsRGyM7NTtHO1kLapt7q4wbnDusC7u7y1va++qb+jwJ3BlcKKw3zEasVTxjbHGMf5yODJz8rGy8PMwc28zq/PmNBz0UPSDdLT05vUZtU11gXW19eo2HbZQNoG2sfbgNw13Ofdkd473uPfjeA74Ovhn+JS4wPjr+RV5PnllOYs5r/nUufk6IXpL+nk6qjrbuwz7PXtr+5j7xHvtfBQ8ObxfPIX8sbzj/Ru9WH2ZveK+OT6xf0u//8AAABWASMBsAJqAzID6ASxBYAGWAc9CC0JJwonCyIMMA06DlEPYxB+EZ8SvhPpFRAWOBdhGIgZtBreHAsdMx5bH4AgoSG/Itsj9SULJh8nNShJKWAqeSuTLLEtzC7oMAQxITI8M1o0dDWLNqQ3uTjNOeI69DwGPRs+MT9NQGxBj0KwQ9BE7UYIRx1IMklFSlVLY0xuTXhOfk+DUIVRhlKIU4pUjFWKVoRXeVhoWVRaRFs/XEZdWl53X5VgsGHCYspjxWS1ZZxme2dXaDBpDGnsatBrumypbZtuj2+CcHJxXHJAcx9z+3TVda12hndieEV5MHokex18GX0VfhB/Bn/2gOKByoKxg5WEd4VdhkqHRIhMiWGKgYuljMaN3o7uj/WQ95H1kvOT8JTtleyW7pf4mRCaOZtunKadzp7jn+mg5aHfotmj0aTIpb6mvKfKqO2qIatdrJyt2a8UsE6xiLLCs/m1LrZkt5u40roFuzS8X72Fvqa/vMC+warCkMN9xHfFgMaPx53Io8meyo7LdcxTzS3OBM7az7LQi9Fq0lHTRdRF1VHWYtd12ITZh9p922bcQ90a3ezeud+H4FjhLeII4ubjw+Sd5XHmQOcM59Too+l/6mnrZOxo7W3ucO9w8HDxcvJ283n0d/Vp9kf3D/ez+EX4y/la+e360PwM/dr//wAAACsAxAFLAdgCZQMGA48EKwTPBXoGLwbpB6UIaAkvCfkKygufDHcNUg4yDw4P9hDZEcASqROTFH0VZxZSFz0YKRkVGfwa6BvSHL4drh6jH5sgliGUIo8jhiR2JWEmRScgJ/gozCmfKnMrSCwhLQIt6S7XL8gwujGqMpgzgDRgNTk2BjbPN5U4WDkZOdk6nTtkPDI9Bj3ePrY/j0BoQURCJkMQRABE80XnRtZHu0iWSWVKJUrgS5hMT00HTcNOg09JUBhQ6lG+UpNTaFQ7VQ1V3latV3xYSlkVWd9aqFtvXDVc+V29XoBfQ2AIYNFhnGJrYzxkDGTaZadmcWc4Z/xov2mAakBrAGvAbIFtQ24EbsVvhXBBcPhxq3JZcwFzqXRPdPR1mHY8dt53gHgdeL15YHoWetp7q3yDfVh+KH72f8OAk4FngkSDKoQYhQuGAIb0h+OIzYmvioyLYYw0jQeN2o6wj4qQa5FHkhKSxpNbk+yUepVBlkKXiJkImoqb5J0ZnjKfOaA5oTWiL6MopCGlGaYRpwqoCakPqiGrPaxgrYeura/TsPyyKLNatJK10bcUuFm5nLrXvAW9Kb5Hv2LAf8Gewr7D38T/xiHHQ8hnyYzKscvWzP3OKc9b0JfR3tMy1I3V7tdT2LnaIduV3S/fDuF35Ivoee1O8vb5Uf//AABuZGluAAAAAAAABjYAAJOVAABWjQAAVukAAJG3AAAmuwAAFwoAAFANAABUOQACh64AAkeuAAFrhQADAQAAAgAAAAEABAAIAA8AFgAfACkANABAAEwAWgBpAHgAiQCaAKwAvgDSAOYA/AESASkBQAFZAXMBjQGpAcUB4wIBAiECQgJkAocCrALSAvoDIwNNA3oDqAPXBAgEOgRtBKME2QUSBUsFhgXDBgEGQAaABsIHBQdKB5AH2AghCGwIuQkHCVcJqAn6Ck0KoQr3C04LqAwEDGIMww0lDYkN7g5UDrwPJQ+REAAQcRDkEVkRzxJGEr0TOBO2FDoUwxVSFeMWdRcGF5YYJhi4GU4Z6BqIGzEb4xyfHWIeKx74H8YglSFkIjQjBiPbJLMljyZsJ0soKykNKfAq1Su7LJ4tfi5cLzkwFDDwMc0yqjOJNGg1SjYuNxU3/zjtOd460jvKPMU9xD7HP85A2kHoQvZEAEUGRghHCEgISQlKDEsUTCFNNE5OT25QlFG8UuVUDVU0VllXfVigWcRa51wLXTBeVl98YKRhzmL4ZCRlU2aFZ7xo+mpDa5ls+W5jb9JxRnK8dDR1r3cteLF6PHvQfW9/HIDWgpSETIX2h5SJLIrFjGWOFY/fkc2T3ZX/mCCaOZxMnl+geaKgpNqnLamgrDCu4LGhtF63C7muvF2/K8IfxUbIoswMzyjR9tSR1yjZ0dye35fi0uZg6fntEu+s8gD0MPY59//5ivq4+9T8u/2j/nD/N///AAAAAQAFAAoAEgAbACYAMgA/AE0AXABtAH4AkQCkALkAzwDlAP0BFgEvAUoBZgGDAaIBwQHiAgQCJwJMAnICmgLDAu8DHANLA3wDrwPkBBoEUgSLBMUFAQU9BXsFuwX8Bj8GgwbJBxAHWQelB/IIQQiTCOYJOwmTCewKRgqhCvwLWAu0DBIMcgzUDTkNoA4LDngO5w9ZD84QRhDAET4RvxJDEsoTUxPdFGoU+hWPFioWyxdxGBYYthlRGeYaeRsNG6QcQBzkHZEeSh8OH90gsyGOImkjQiQYJOslvSaQJ2YoQiklKhIrCCwFLQguDi8SMBExCDH5Mugz1zTKNcE2wTfKONs58jsOPDA9UT5pP3RAckFoQlhDR0Q5RTRGOEdHSF9JfkqhS8dM8E4bT0VQa1GGUpRTl1SVVZRWoFe/WPFaNVuAXM1eHl90YM9iI2NmZJVltWbOZ+Ro+2oWazNsVG12bppvwHDqchdzRnR2dad22ngQeU16j3vYfSZ+fX/jgWeDEITKhnSIBomHiwSMiI4bj8ORgpNYlUOXO5k7mzudOZ8poQSixqR2phunvaliqxWs3a7FsM+y9bUxt3y5y7wPvkTAcsKmxOnHQsmyzDHOnNDd0vTU8dbn2OPa6Nz03wHhCuMU5STnSOmW7DfvivOm92z5zvuE/MP99P75//8AAAACAAgAEQAeAC0APgBRAGYAfQCWALAAzADqAQkBKwFNAXIBmAHAAeoCFgJEAnQCpgLaAxEDSQOEA8AD/QQ7BHoEugT8BUEFigXXBikGgQbdBz4HoggICG8I1Ak5CZ0KAgpqCtULRAu7DDkMwQ1QDeYOgg8hD8AQXBD2EZASLRLNE24UDRSoFUIV3BZ5Fx4XzhiOGWIaQhsqHBQc+x3dHrgfkiBtIUwiMCMYJAYk+SXxJu8n8yj9Kg4rJCxALWAugC+dMLgx0zLzNBo1STaCN8M5DDpcO7A9Bz5gP75BIkKTRBZFrkdaSRFK0UyaTm9QVVIyU9pVWlbMWEhZ01tmXPheg2ABYXBi1WQ3ZZxnCWiBagpro21NbwBwt3JvdB51w3d1eWR77n6kgHmB1oL8hAKFCIYQhzOIc4nUi1WM6Y6IkC6R2ZOIlTuW8Zipml6cCp2nnzegvaI/o8ClRKbKqFCp1KtUrNCuRq+5sSiyl7QItX22/LiJuia70L2CvzbA6cKcxE/GBMe7yXPLK8zkzp7QWNIU09LVj9dK2P/arNxP3ejfdeD94oLkA+WC5wLog+oE63/s7u5G73nwnfGN8nXzRPP39Kr1TvXb9mj29vd29+n4XPjP+UP5q/oN+nD60vs1+5j78fxJ/KL8+/1U/a3+A/5Y/qz/Af9V/6r//wAAc2YzMgAAAAAAAQxCAAAF3v//8yYAAAeSAAD9kf//+6L///2jAAAD3AAAwGxtbW9kAAAAAAAABhAAAJzfAAAAAMoq1YAAAAAAAAAAAAAAAAAAAAAA/8AAEQgA5AH2AwERAAIRAQMRAf/EAB8AAAEFAQEBAQEBAAAAAAAAAAABAgMEBQYHCAkKC//EALUQAAIBAwMCBAMFBQQEAAABfQECAwAEEQUSITFBBhNRYQcicRQygZGhCCNCscEVUtHwJDNicoIJChYXGBkaJSYnKCkqNDU2Nzg5OkNERUZHSElKU1RVVldYWVpjZGVmZ2hpanN0dXZ3eHl6g4SFhoeIiYqSk5SVlpeYmZqio6Slpqeoqaqys7S1tre4ubrCw8TFxsfIycrS09TV1tfY2drh4uPk5ebn6Onq8fLz9PX29/j5+v/EAB8BAAMBAQEBAQEBAQEAAAAAAAABAgMEBQYHCAkKC//EALURAAIBAgQEAwQHBQQEAAECdwABAgMRBAUhMQYSQVEHYXETIjKBCBRCkaGxwQkjM1LwFWJy0QoWJDThJfEXGBkaJicoKSo1Njc4OTpDREVGR0hJSlNUVVZXWFlaY2RlZmdoaWpzdHV2d3h5eoKDhIWGh4iJipKTlJWWl5iZmqKjpKWmp6ipqrKztLW2t7i5usLDxMXGx8jJytLT1NXW19jZ2uLj5OXm5+jp6vLz9PX29/j5+v/bAEMAAQEBAQEBAQEBAQEBAQEBAQEBAQEBAQEBAQEBAQEBAQEBAQEBAQEBAQEBAQEBAQEBAQEBAQEBAQEBAQEBAQEBAf/bAEMBAQEBAQEBAQEBAQEBAQEBAQEBAQEBAQEBAQEBAQEBAQEBAQEBAQEBAQEBAQEBAQEBAQEBAQEBAQEBAQEBAQEBAf/dAAQAP//aAAwDAQACEQMRAD8A/v4oAKACgAoAKACgD4//AG2v+ST+EP8Asv37Pn/q2/CtAH2BQAUAFABQAUAFABQAUAFABQAUAFABQB5T8I/C3jnwnpXjC18eeKZfFd9q/wAVPij4o8P3Ut5e3p0jwP4n8b61rXgnwuj3vzwReGfDV5p2ix2cH+h2iWYgs/8AR0SgD1agAoAKACgAoAKACgAoAKACgAoAKAPHPiR4Is/FHjj4K6/ceMIvDk/gTxlrGuWWiPJCj+M5r3wnq+jPo8SyXdu8rWkV6+qlIYLxwtmWMSKDMgB7HQAUAFABQAUAFABQAUAFABQAUAFABQB81fsceGPhT4K/ZX+AXhL4GeMNQ+IHwe8PfC/wrpXw28baqytqXijwhaadFHo2tXrJpeiobi+tQkshXSNOG48WkP3FAPpWgAoAKACgAoAKACgAoAKACgAoAKACgAoAKAP/0P7+KACgAoAKACgAoA+P/wBtr/kk/hD/ALL9+z5/6tvwrQB9gUAFABQAUAFABQAUAFABQAUAFABQAUAeO/BbwRD4E0fxvYweMY/Gi6/8YPi542e8jeNxoc3jTx9rviObwexjvr4CTwjJqDaBIjNbyI1gVksrNw1uoB7FQAUAFABQAUAFABQAUAFABQAUAFAHi3xL8OeAtZ8d/BDVPFniS40XxF4a8aazqPw+0qG4hhi8T6/c+EdY0++025jktZ3uY7bRLi+1BY4ZbV1kt1cysitG4B7TQAUAFABQAUAFABQAUAFABQAUAFABQB82/sdzfBa4/Za+Ak/7OdjqemfAmX4Y+Fn+E+n61NqVxq1n4HbTojoVvqE2sX2p6pLdx2exZnv9QvLpmyZbiRstQB9JUAFABQAUAFABQAUAFABQAUAFABQAUAFABQB//9H+/igAoAKACgAoAKAPj/8Aba/5JP4Q/wCy/fs+f+rb8K0AfYFABQAUAFABQAUAFABQAUAFABQAUAFAHi/wQ8NeBfC+i+OrXwD4mufFNjqvxm+MXiXxDdXNzbXTaV458SfEPX9Y8beGYmtrSzWK38N+JbvUdGt7aVZ7m3is0hubq5mR5nAPaKAPLfjX8afhl+zt8LPGfxq+MnizTvA3wy+H2lprPi7xXqpkFho+ny3lrp0M0wiSSVzPfXtpaQxxozyT3EUaqWZRQB6DpGradr2labrekXcN/pWr2Fpqem3tu4kgu7G+gjubW4icEho5oJUkUg9GHTJoA0aACgAoAKACgAoAKACgAoA8V+Ji/C8+O/gefHQuj4tXxrrJ+FJgk1FIl8Uf8IjrA1Q3S2cqWskX/COHUgq6mktsJNpjVbgROoB7VQAUAFABQAUAFABQAUAFABQAUAFABQB81/sc+L/hl4//AGWPgH41+DHgw/Dv4UeJ/hh4V1n4feBTBa2p8KeFr3To5dJ0Q29i8lnD9htmWHy7d2iXbhGIGaAPpSgAoAKACgAoAKACgAoAKACgAoAKACgAoAKAP//S/v4oAKACgAoAKACgD4//AG2v+ST+EP8Asv37Pn/q2/CtAH2BQAUAFABQAUAFABQAUAFABQAUAFABQB4t8Do/hfHovjsfCprltLb4z/GOTxb9pfUnYfE6T4h+IG+JaxHU3eQWy+MzrAt0tdunJEFXT0WzEIoA9poA/D3/AIKq67+zT+0h418Jf8E8P2h/jn8LfhD8MPFfww8afGL4zz/EL4leEfADajb3Wn6z4C+CmgWP/CT69oy6uV8aXPiH4i3VpbO0un6j8OvCNzcxm11SMuAcT/wbx/tbyfHH9jnWv2cfGXjXQPG3xi/YV8f69+zX4x17QPEeneKdO8WeFfCF1Jb/AA28b6Vr+mXV5a+INL1vwklhbN4ht7u6ttV1bTtTlgnZFoA/figAoAKACgAoAKACgAoAKAPFfiZ4j+H+jeO/gfpfi7w42s+JPEvjXWdN+HepraWtwPDXiC38I6xf3+pPNPLHNZi40O3v7ATWqyyubjymQRu70Ae1UAFABQAUAFABQAUAFABQAUAFABQAUAfOn7IvxJ0/4w/sxfAr4paV8PoPhTpvj34aeGPE9l8NrbZ9n8E22q6fFcReHIdmnaQnl6areQu3TLFcLxaxfcUA+i6ACgAoAKACgAoAKACgAoAKACgAoAKACgAoA//T/v4oAKACgAoAKACgD4//AG2v+ST+EP8Asv37Pn/q2/CtAH2BQAUAFABQAUAFABQAUAFABQAUAFABQB4t8DvEPw98R6L47uPhz4el8Oafpnxn+Mfh/wAS28tnbWZ1P4gaB8RPEGlePvECJa3Nys8Wv+KrbVNViu5TFc3aXQnubeCZ3iUA9hu3uY7W5ksoIrq8S3me0tri4a0guLlY2MEE12lvdPaxTShI5LhbW5aFGaRbeYr5bgH5xfsd/s9/HLTvG37UHxT/AGx/hz8EJviF8Zvi/N4n8KX/AIG8bar8UbXSfhfo2j6f4W+H3geQ+LPhj4Hm0RvDHhvR7Bb7+z/ttnrWuXerayYbKe8lWUA+NdC/YL/bB+CP/BZPx1+27+zt4R/Z80X9lT48/C3wn8N/2gPh/ffFfxV4d8X+Itd8JOkGh/FTQfCekfBq98NWmu6LpyPENDuPEbx6vNqOrzXOs2011HNbgH730AFABQAUAFABQAUAFABQB498RvG9t4X8b/BjQJ/BjeJZfHfjHV9EtddBUDwRLZeFdX1htaYHT7skXsdk2kYW5045vM/aJQDbsAew0AFABQAUAFABQAUAFABQAUAFABQAUAeB/ssePPiJ8UP2cvgt8Q/i14Ih+GvxM8ZfDzw54g8c+AbbSdV0KDwj4k1Gxjn1PQYdG1y4u9Y0yPT7hmhWz1K5nvIQuyaVnBNAHvlABQAUAFABQAUAFABQAUAFABQAUAFABQAUAf/U/v4oAKACgAoAKACgD4//AG2v+ST+EP8Asv37Pn/q2/CtAH2BQAUAFABQAUAFABQAUAFABQAUAFAH8+v/AAU//wCCs3x9+Ev7SXgX/gnB/wAE2/gzoH7QH7ePxC8NR+M/EMvi+5lh+HXwL8C3CRTQeIvGapdacJr2fT7q01aM3V/Hp1jZXukg2uuX+r22lxAH5dw/8FDP+DgD/gnZ4T179pn9tH4Kfs4ftNfsjeGvi3408IfHOH4BaQPCnxC+Gl1o/j+/8LeKfHFgll4U8FR6lpl9rltd6hp+uanpfiK01uO8s5NXuNCm1H7bAAf16/An41/D79o74O/Db46/CrWofEHw8+Kvg/Q/G3hPVYSv+k6Pr1jDf2omRWYwXUSTeTdW7nzIJ0kjcBlagD1mgAoAKACgAoAKACgAoAKACgAoA8n8f+K/GWgeMvhDo3hvwomv6H4u8WarpXjXWGtLy4bwlo1p4Y1TU7PVkmtpUgs2utWtbPTTNepLC63RiRRM6OgB6xQAUAFABQAUAFABQAUAFABQAUAFABQB4L+y5d/G2+/Z2+DN5+0lax2Px7ufh94cm+LlpDHoMMVt47exjOvwxxeF2fw6ipebwF0V204f8uxMe2gD3qgAoAKACgAoAKACgAoAKACgAoAKACgAoAKAP//V/v4oAKACgDynxv8AD/xj4o8UeFtd0D40+Pfh7pGgzW0ur+DvDGjfDbUND8ZRwXwupbfXbvxd4G8R+IrOO7tx/Z0zeHNb0SVLUmS3khvMXNABqnw/8Y3/AMSdH8bWfxp8e6N4V06JY774TWOj/DabwXrrraXFuZtQ1XUfA174+gkeaaK9K6X4x0+MXFrCioLZ54JQAsPh/wCMbT4l6h43ufjT491LwpeWssFt8JLrRvhtH4K0uZ0tlS8tNVs/A1t4/lnhaCWREvfGN1bFrqYSQOiwCIA+P/2qvh/4x8N+FYfEWt/Gnx7460TX/wBoP4AyaP4H8RaP8NrLw94NST4yeGp0h0K98L+BdA8T3iQROtpGfEev63IYYkeR5Jy8rgH1j4I+Gnjrwvpfi6w1/wCPfxI+Id54iiuo9E1nxNoXwp0+/wDA7z208MU3h6Hwj8PPDenXslnLLHdQDxPY6/G01tEtwk0DTwzgEeg/DHx5pPw/1/whqP7QHxK8S+JNXmll034naroPwmtvF3hmOQ25S30nTdF+HWleCbmOEQyhDrXhTVJWF1L5krlYDEAI/wAMPHrfDGHwKv7QPxLj8WxXTXEnxfXQfhKfG9xCbya4FnLpL/Dlvh6sCwSJYh4fBcdx9ngidpmuWluHADxN8MPHuueBPDPhPSf2gfiX4Q8RaGlomrfEjRNB+Et34q8Xtb2pgmk1vTvEPw61nwbaPeykXlwPD/hjRkSf5LZILceTQBb8bfDnxt4oPg46B8c/iH8Pf+EbkjfXB4Z0T4X6h/wnao1ozR+Iv+Eu8AeJPsSSi3mRz4X/AOEfcLezmN1ZLc24BP4o+H3jLXfG3hjxRpHxr8feD9A0KC3i1f4e6Ho3w1u/DPjCSG4uJpbnXNQ8Q+BdZ8W2kt1FNFazL4d8R6JCsNrE8EUU7TyygDp/AHjGX4nReOo/jR49t/CUdtHC/wAIItG+GzeB55UsBaNdyatL4Hk+ISzyXA/tJ1j8aJALo+WkK2YFqoAaD4A8Y6T8Q9e8Zaj8aPHviTwxq0V1Hp3wt1XR/hvb+D/Db3E0EsM+lano3gfS/HNxJZRxSW8A1nxZqkTxXEpuIp5lhliAIPBXw68a+F9T8Y32vfHH4hfEG08SDGh6R4m0X4Y2Fj4DPmXj7vDkvhLwF4c1C+O25gix4qvfEA2WFsfvvdNdAFXwj8M/Hfh3wt4s0HWvj78SfHGseITdnRvGXiDQvhTZa74JFxaC3hXQLPwx8PNA8O3osph9ttz4m0XXS9wxS6Nxa4goAZp/wx8e2fwz1PwPc/tA/EvU/Fl9M0lp8XbvQfhLF420hDfQ3QgsdJsvhxa/D+WNbeJ9ODah4NvZTa3EshkN4sV1EAGqfDDx7f8Aw20rwTaftA/EvR/FVhdQT3nxZsdB+E03jTWYoftPmWd9pWofDq98AwwXPnwmV9O8HWVwv2SHyZot9x5oB/H5qWqw/sH/APBxn8e2/ag/aL8dfAjw5+2h8GvhmnwP/akvtD+FY0vxPqHhnS9MsNV8FeJtb8bfD3XPBXhZNQ1O0u9PuptJ03w/ZwXuiadC72VvqOmxsAfoF/wWA/by+Enhj/gnt+0rcfEn9pS18DeKPGFn+0D8CPhX8Avh23wh8V6t+0da33iHX/AngDxhc6L4k8J+MvE39l63o0um+LtR8TeEL/w1pYt5RcaFeWepXOkbgD6d/wCCHX7JPx++An/BOj9iTQfih8Wfid4F1Xw78No9c8TfAuXRPh0+hxp4svdV8Q6foXiS91vwPqfj3TtQ0ey1mxtbm00jxdp0VtPp0UKKIvOjlAP14tvh/wCMYPibd+OZfjT49uvCdxamCH4RTaN8Nl8E2Uxt4IReW+rQeBoviC84kikuQlz4zntvOuJVMBgWCJAA8KfD/wAY+H/G3ijxRrHxp8e+NNA12W5k0j4e69o/w2s/DPg5J7pp4odD1Dw34G0LxdeR2kJFnCfEXiPW5GgUPcSTXOZ6AKXgj4beOfC9r4wt9f8Ajz8R/iFN4jimTRLzxPofwrsJ/AryxXUccvh1PCPw98N2989u88M0Y8UQeII2e0gEqSRtcJOAReHPhl480XwL4k8Kap8f/iV4r8Q63PPLpXxH1nQfhPa+KfCccsdukdvo2naD8O9H8HXUVu0MssTa94Z1iZnuphNLNGkCRADU+GHj1fhgPAjftA/EuTxcLqWf/hcLaD8JR44MMl/JdpZnSE+HSfDzyIbZ00yN/wDhCvtDWkSSSSvel7xwA8Q/DDx7rPw/8PeENM/aB+JfhbxLozWh1P4naPoPwlufFvigW9vJDMur6Zrnw61bwTbC9kdLm4/sPwrpRSaJFtvs0JeFwCz42+G/jjxRaeDbfQPjt8Rfh7N4acNrt74Z0T4W38/jxQLIeX4jTxb8PvEdtYqTbXDE+FYPDz51C5wcJaC1ALPiv4e+MvEHi/wp4j0b42eP/BWieH47WPWPA2g6N8NL3w940aC6lnml1698S+Bdd8T2b3kMiWU48N6/oSJBDG9ssFyZLhgB154A8Y3PxNsvHMHxo8e2PhO1gWK4+ENvo/w2fwTqEi2L2pubnVrrwNcfEGOV7hl1Fls/GVtCLqNY1jFmz2zABo3w/wDGOmfEjWfGt98afHuveFtTtbqCx+FGpaP8NoPBmgzXElq8N5puqaV4G0/x7PPZLbzRQJqvjDULZ0vbg3MM7pbNAAR+DPh5408M674u1bXfjd8QPH2neIi39ieG/EmjfDOw0rwODNcyAeHrnwp4E8Paze7UnhgX/hJ9T18mOzhZi0rXDzgHjt58Pv2ifCd/4S0HQ/jf8QPiLo3i3xR4hg8c+L/FOg/Biy1z4c+GZ/B2rx6LdeFrbQfAPhvTLyaz8U/2XcQf2ro/iSaSUeXfxXGnNPEwB6lpXwx8e6f8NtY8E3n7QPxL1rxVqUrSWPxYv9B+E0PjPQka6t5xBp2l6b8ObHwFOiQwy2atqng7UJPIupnaRrhIJoAAvvhj49uvhpYeB7f9oH4l6f4rtLqOe5+LdroPwlk8a6lCklw7Wd3pV38Obn4fxwSrNFE72Xg21uAlrEY5kdpnnADxf8MPHviPwf4X8N6J+0D8S/A2uaDFDHq/jvw9oPwlvfEXjF47aOCSfXbHxR8Odf8AC1pJPKjXci+HfD+iRLPK6RIluqQoAX/G/wAPPGninU/CN94f+N3xA+Hlp4dltpNb0nwxovwy1Cy8cJBcW80sPiGXxd4E8SX9lHdxwy20x8MXmgSLDczNBLFMsEsABJr/AMPvGWr+P/D3i/TfjV4+8M+G9Hhii1P4ZaTo3w2ufCXih4/tG+41fUtb8Dap41tpZ/Oi8xdD8U6TEPssPlxpvn80AVfAHjEfE6bx0fjT49bwlJapbp8Hzo3w2/4QeCZbOG2a8j1dfAy/EIzvPG9+yS+NHthczyRrCLVYrZAA8NfD/wAY6H488S+LdV+NPj3xb4c1x7ttK+G2taN8NrTwr4SFxcieFNF1HQPA2jeM7tbKIG0gOv8AijWWeFi1yZ7gCegCr4J+HHjfwufGJ1/47fEX4hDxIki6GPE+ifC2wHgRnW7CyeHf+ER+H/ho3zRm4hZR4pOvoTZW4ZWV7oTgEHhb4ZeO9B8FeKfDGr/H74leMte164uZtI+IGu6F8J7PxN4OjmtreCK20Ow8OfDvRPCV5FaTQy3kLeIvDutzPPdSpcSzW6wQRADLf4YePYfhjP4Fl/aB+Jd14tluJJo/i/LoPwmXxvbxPf8A2tbWLSYPh3D8PWhit/8AiWq83guSY2n7ySR7wfamADXfhj491X4d6F4M079oH4l+HPE+lTWkuo/FPS9B+E1x4w8Rx28NxHNb6ppms/DnU/AtvFeyTRTzto3hHTJUktoltpYImnSUAn8a/DXxz4n0rwfYaD8efiN8P7zw2c65rXhrQvhXf3/jv93ZpjxFD4t+H3iPTbEbraeX/ilrHw+d9/cDhEtEgALPi/4e+M/EfijwlruifG3x/wCBtI8PfZP7a8H+HtG+Gd7ofjb7Pd/aJ/8AhILzxP4E1/xDZfboP9BuP+EZ1rQvLt/ntfIuibigDB/Zf8J/FvwJ+zx8GvBvx68UweN/jP4a+H/h3R/iZ4utdWv9dt/EfjGysY4ta1aHWdUsdM1HUo7y6DSreXmn2dxNndJbxsdtAHvFABQAUAFABQAUAFABQAUAFABQAUAFABQAUAf/1v7+KACgAoAKACgAoA+P/wBtr/kk/hD/ALL9+z5/6tvwrQB9gUAFABQAUAFABQAUAFABQAUAFABQB8i/tj/sJfsqft9fDZPhV+1Z8IfD3xT8LWdzJf6JLqH2rTvEXhfUpYvJfU/CvinSLiw8QeHL9k2rJcaRqVq8yIsc29BhQD8lf2C/+Ddr/gnt+zP491T40eIf2eL3xF8TvBnxd+I7fCO4+Kvj7xF8TtJ8PeBNI8a6xB8MPEml+Htb8Raz4ej1u68KQ6LqiajqFg+uWN63mEWN0rxRAH9EaqqKqIoVVAVVUAKqqMBQBgAADAAGAOmKAFoAKACgAoAKACgAoAKACgAoAKAPKfH2i/EjU/GHwkvvBet2umeF9E8V6re/EywnupIJtc8NzeGdUtNOsbSFLK5W6lh1+bT7x4pZ7JVjhaQTMyiJgD1agAoAKACgAoAKACgAoAKACgAoAKACgD55/ZM+G+sfB/8AZo+B/wALvEHju3+J+t+Avhx4Z8Map8Q7SaW4tvGV7pVhHbz+IIJpr3UppY9RZfPV5L+7dg2Wnc5NAH0NQAUAFABQAUAFABQAUAFABQAUAFABQAUAFAH/1/7+KACgAoAKACgAoA+P/wBtr/kk/hD/ALL9+z5/6tvwrQB9gUAFABQAUAFABQAUAFABQAUAFABQAUAeU/CPSPiRo+leMIfibrFrrWpXvxU+KOreFprW4a4Wy+HGq+N9Zvvh3pErNZ2ZiutI8Iz6Vp9zbhZ1gmgeJbu7C/aHAPVqACgAoAKACgAoAKACgAoAKACgAoA8l+IPgrXfE3jP4P69pXi9/DuneB/Fura3r+iq86r4xsLzwxqukQaQ4iureNxaXt7BqgFxDdxg2oKxK+2RQD1qgAoAKACgAoAKACgAoAKACgAoAKACgD5u/Y9+H/g74VfsufAb4b/D7x/bfFTwR4J+GXhbw74W+I9ldWN7aeNNF03T44LHxDb3emzXGn3EWpQqs6S2c81u4bMcjqQ1AH0jQAUAFABQAUAFABQAUAFABQAUAFABQAUAFAH/0P7+KACgAoAKACgAoA+P/wBtr/kk/hD/ALL9+z5/6tvwrQB9gUAfmH/wVb/4KB+Mv+CaP7NN9+0/pXwK0j45+D9A8Q+G/D3ifRJvinN8NtdsZvFGoPpunXemf8W98b2epwR3XkLdpNNpskaTl4/O8vawB5r8aP8Agp58Uv2QtL+CnxC/bJ/ZV0XwB8BvjP408FfD1fjJ8GfjzJ8ZLf4d+KviGit4UHxD8HeIfg98JNV07QLx/Ojudd0HUfEa2Rt5TPZIZLZJwD9f7W5gvba3vLWRZra7ghubeVc7ZYJ41lhkXODteNlYZGcHnHNAE9ABQAUAFABQAUAFABQAUAeT/CHwX4i8EaT4ys/Eni2Txhc678Vvin4z0y7ke5kOjeHvGHjnW/EPh/wmpubm5ZY/Cuk39roUaRNFbolkFt7aCEJEgB6xQB+VLf8ABRnxd8b/ANo34r/s0fsLfBTRfjzqP7P2pweHPj38cvHvxIPw5+Bnw98bTwQXR+HmhahofhPx34l+Ivjqwt5mbXNJ0/TfD+laI0YF1rzGe0FwAdV8PP2zP2jz+2p4P/Y8+Pf7JumfDC38Z/Bn4j/Fnwx8c/BXxfk+JXw48Xv8Pda8AaNfeF9Jtb74eeBNb0bxBB/wm6Xur6bq0NwLK2WxexvNUguWuEAP0soAKACgAoAKACgAoAKACgDxj4leDfDXiTx18Edc1vxfD4d1XwV401nWfC+iyXthav4y1O88JaxpNzo8NvdSLcXz2mnXdzqrQWCyToloZpFEKOygHs9AH5Hf8FIP+CkvxS/YP+Jn7KHgDwt+zZ4X+Ndr+1t8WbX4L+Ddb1H44Xnw0k8OeMrr+ydk3iLTk+EnjsHQQmq+Yb+wvLi8C20o/s0s6bgC58dP+Clnjn9ipPC/ir9u39l66+EnwQ8R63p3hnUf2g/gp8U3/aB+HHw71zWbkWukN8VLK++Gnwj8Z+EdBvpd0beI7Dw34l0qyuWtrW6uFluotwB+p+g67o3ijRdJ8SeHdTsta0HXdOs9W0bV9NuIrvT9T0y/gjubK+s7mFmint7m3lSWKWNirowIx0oA1qACgAoAKACgAoAKACgAoA+a/wBjnRfg94c/ZY+Aehfs++JL7xj8EdJ+GHhWx+FvinU0vU1DX/BcGnRJoeqXiajpuj3y3F3aBJJBd6XYTgn95awn5KAPpSgAoAKACgAoAKACgAoAKACgAoAKACgAoAKAP//R/v4oAKACgAoAKACgD4//AG2v+ST+EP8Asv37Pn/q2/CtAH2BQB/PF/wdHBz/AMEgPjII2COfiL8HQjsu4K58Z2u1iuRuAOCVyMjjIzmgD4s/4LG+Cv2qfhV+yx+zx+0p+1b8TvA/7Uv7CvwE8f8AwR+I3xi/Zk8C+Bv+FEeLtauLOTTLDwb4lk8eJrvjO58YWXhrUdT/ANI8DPF4d03W3nV9Rup7culuAf1bfC/xj4f+Ifw48CeO/CcU0Hhjxf4S8P8AiLQILiFreeDSNW0u2vdPgmgcBopIbaaKN0I+UpjnigDuqACgAoAKACgAoAKACgAoA8Z+CXgvw94I0bx1ZeHPF8HjK3134yfGDxnqd5BeWN6NF8QeMfiDr3iHX/CMj2E0yQT+E9Vv7rQZrO4ZL2zksWt72GG5R41APVdYXU20jVV0V4ItZbTr5dJkukMlrHqZtpRYPcoCC8CXXlNMgILRhgCMg0AfzHf8Gqup2i/sX/tF+EteilsvjJ4S/bN+N1r8ZdO1VhF4lj8UXurQ3tlPrVjPjUrZzos1hbRm9XLm2dVbKOigH9N1zomj3mq6Zrl3pdhc6zosGo2ukarPawyahpltq/2I6pBY3boZ7WHUTp1h9tjhdEufsVr5wfyU2AGpQAUAFABQAUAFABQAUAFAHivxM0r4a3/jz4HXnjXWJ9O8VaT411m6+GNlE10I9Z8Sy+EdYttSs51gtZ4mSHw/LqN0BdTWsQeIFZXl2RMAe1UAfzX/APBfX/k4X/gil/2kG0b/ANJ/DFAH6W/8FgtT+Guk/wDBMH9uS6+LD2CeEX/Zy+JFmg1Ce1t45PFN9oNzaeBY4Hu/3ZvG8aTaCbWNQ0zzALCrOQKAOM/4IgeGviV4R/4JQfsLaB8WIdQtPGFl+z/4G8zTtXtbqy1bStFm0uKbw7pWqWt7i6g1DTtEextbuOdY5VmiYPGh+SgD9VqACgAoAKACgAoAKACgAoA+af2NtU+Dmt/srfAHV/2etD1fwz8D9R+F/hW7+Fnh/X/N/trR/BU2nRNodhqfn6nrU3223tCiT+Zq2oPvBzdTffoA+lqACgAoAKACgAoAKACgAoAKACgAoAKACgAoA//S/v4oAKACgAoAKACgD4+/bbIHwn8H5IH/ABf/APZ7HJxyfi34W4+tAH2DQB+ev/BSD/gnl4S/4KWfAqf9nX4mfGn4vfCv4aalrWi694gsfhJH8NYNS1++8PXct9pP2zVvHPw/8a31nDbXTpMYtJm09Jmgi84SYbcAeM/Fn/gktoH7THhbwJ8Mf2uP2t/2mv2lfgh4E1bw1rSfBHxVH8Dvh14B8XXvhKONNDTx8vwO+Dnww1/xlp9q8SSyaTrutXel3Lh1uLSWOWZHAP1g0nStN0LS9O0TR7K307SdIsbXTdNsLSNYbaysLKFLe0tbeJQFjhggjSKNFGFVQBnFAGhQAUAFABQAUAFABQAUAFAHivwN0n4b6RonjqP4Y63NrumX3xn+MeseJ7iaSaQ2XxF1f4h6/f8AxC0eJp7W1Ig0fxbPqunwJGs8CRQKsF1dRhZnAPaqAPy+8X/8EvvAunftI+N/2tv2XfjR8V/2Pvjd8VYbZfjLc/CWLwLr3w8+M15ZySPZ6z8Rfhh8TPCPjPwffa/bC4uvL8Q6Pp2i66811cXE+oyzTSu4B9X/AAr/AGeb3wV4mPj/AOI/xi+JPx8+IkWnTaPpPif4hr4P0ax8L6TdtDLf2HhXwV8OPC3gnwNo0mpTW8DanrEPhw+IdVitbG21TWLy2sLKKAA+kqACgAoAKACgAoAKACgAoA8U+JuofDK08efA228b6fc3nivUfG2s2/wtuYElaLTvE8fhDWZ9TuLox3VuiRSeHU1GBTNDdoZHQCJXKyKAe10AfmH+3n/wTH8O/t7fEH9nf4heLf2kfjx8JLz9mD4gQ/FP4VaP8KrL4MHSLHx9bnTDFr+rf8J98KPG+o62B/ZVuv8AZWoX8ujlHuI/sGyeRWANLxp/wTQ8EfHfWfBl/wDtg/HL43/te6B4A16x8V+Gfhv8U7j4d+EPhUvirSpvN0jxD4g+G3wS8AfC7wf4y1DSWaUaf/wmGka7Db+dI6xb9sigH6R21tb2Vtb2dnBFa2lrDFb21tBGsUFvBCgjihhiQBI4oo1VI0UBVVQAAABQBPQAUAFABQAUAFABQAUAFAHzV+xv8QPA/wAVv2VvgD8SPhn8P7D4U/D/AMbfC7wp4j8IfDbS0sY9O8E6DqWnRT6f4csk0yx03T1t9NhZYIhZWFpbhV/dQRrhaAPpWgAoAKACgAoAKACgCrc31lZvaR3d5a2sl/dCysI7m4hge9vDBNci0tFldWubo21tc3AghDymC3ml2COF3UAtUAFAHgPxS/aT+G3wo8X6H8O9VPiPxP8AEXX/AAtr3juz8BeBdBuPE3imHwF4Xlht9f8AGd9YwSQRWmi2V1PHZWkUlx/a/iG/W407wvpmt39ne29uAekfDj4jeCPi74G8MfEr4b+JNN8XeB/GWkWmu+GvEWkymax1TTL2MSQXERZUkjbB2ywTJHPBKrxTRrIjrQB534U/aY+D3jb47/Ef9mzw34iv734vfCbwp4U8aeO/D1x4a8SaXa6T4f8AGt9rmn+G7y11vVtKstH11L+fw7qn7zQL3VLeEQhZrlJi0SgHvVABQB//0/7+KACgAoA5/VPFnhbQ7+w0vWvEvh/R9T1VkTS9O1TWdO0+/wBSeSXyI0sLO7uYri8aSb9yi28chaX92uXO2gAn8WeFrXW7bwzdeJfD9t4jvF32nh+fWdOh1u6QxvMGttKkuFv51MUcku6KBgY43fO1CVAPlH9uH9s74efsZfsv/tD/ALQGrap4d1/Wfgd8NdZ8Yp4FGu2K6rqWtD7LpfhjTNQsLe5OqWdhqfiTVtEsb27W3D29pePNHucJuAP42PAv/BMz4m/8FVf2efB3/BQb/go5+2r8WfEnxL/aD+I3wl1X4cfs9fCX4g6PovhD4G/Cv4n+PdG0bRkbw21tq0mja/HoOope2Nha2GiWmi3biHU7XVb+Oe4cA+5P2KPiv8dP+CQv/BT74Yf8EzviX+1RrP7XH7EX7U/g7xDq/wCzb8RPHvijSdf8XfBnxl4Ws9Y1bUvBniDXbW5uYrWyisdC1KG+sUWx0h/tOg6vYWekSXep2jAH9dVp428G6ho954hsfFvhi90DT2ZL/W7TXtKudHsXTZvW81OG6eytmXzE3LNMhXemfvLQAHxt4MXQl8UN4u8ML4ZdzEniI6/pQ0J5BI0JjXV/tQ09nEyNEUE5bzFaMjcpFABfeNvBml6TY6/qXi7wxp2hamI203Wr7X9KtNJ1FZk82JrHUbi6js7sSxfvIzbyyB0+dcr81AEmqeMfCOh/2aNa8U+HNHOskLo/9qa5pmn/ANqsxiCrpv2u5h+3FjNEALXzCTLEBnem4Aff+LfCul6pYaHqfibw/p2taoiSaZo9/rWm2mqajHI7xxvYafcXEd3eJJJHJGjW8Mis6OoyVZaAFbxZ4WTXV8Lv4l0BPEzoJV8OtrOnLrrRtF56yLpBuRqBQwETBxb7TEfMGUO6gAtPFnha/wBZu/Dtj4l0C98QWCyPfaFaazp1xrNkkTIkrXelw3L3tssbyIkjTQIEZ0B2lgGAGaX4v8Ja3PqVrovijw7q9zo3OsW+l63pt/PpXMq51KG1uZZLH5oJl/0oRcxSj/lm4QAj07xp4O1ew1DVdJ8WeGdU0vSDINV1LTte0q9sNMMMfmyjULy2upbeyMUREsn2mWPZGd7fLyoAkPjbwZcaHP4nt/F3hifw1asUufEMOv6VJodu4lWApPqyXTWETCd0hKyTqRK6xkb2AYAJ/G/gy10S38TXXi7wxbeHLuRIrXxBPr+lQ6JcyyeZ5cdvqsl0thNI/lSbEjnZm8uTGdjBQD+LNdO+Lf8AwcR/tc/tN3fxR/a18Zfsw/8ABLX9l34p6t8CvAPgL4W+NdN8D658efHGiRW15fa3rmqao1xpN75mn3Wnatdy3Vlrklnba1Bo+htpv2We9uADyT46fAvxb/wb8QeFf25P+CfX7Wnxl+I37Jvh39oTU/g/+1X+yN8cfFOla2Ncs9D8Y6t4O8YeLvA0McWnw3i2ut6TqkVjrv8AZ7a1aapc6Vdf2jc6VqGpabEAf3C+EPi38P8AxlovgnVtO8V+HUn8feG9G8T+HdHn1rT4dX1DTtb06LU7V7TTZ5ob+5UwOx3xWuGETsAArbQDqU8WeFpNck8MR+JfD8niWGPzZfDyazpra5FFsSTzJNJW4N+kYjkR97QBdjo2cMDQAaf4s8Latql/oel+JfD+pa1pbOmp6Pp+s6deappzxP5Ui3+n29xJd2bRygxutxFGUcbGww20AR6X4z8H64mpS6L4r8N6xFo4ZtXk0vXdL1BNKVFkZ21J7S6lWxCrFKzG5MQVYpCcBW2gDbLxr4N1LSr3XtO8W+GdQ0PTXePUdZste0q60rT3jVGdL3UYLqS0tXRZI2dZ5o2VXQnG5SwAg8beDG0L/hKV8XeGD4Z8xov+EjGv6UdC81JjbtH/AGv9q/s/zFnVoWTzywmUxkBwRQAXnjbwZp2j2fiHUPF3hix0DUTGNP1y81/SrXR74zI0kQs9TnuksrkyxqzxiCZ96KzLkKTQA/VPGXhHRI9Nl1rxV4b0eLWjt0eTVNc0ywj1Zv3Xy6a93cwrfHE8JxamQ/vounmIWAJNQ8W+FdJ1HT9H1XxN4f0zVtWCNpWl6hrWm2Wo6mssjRRtp9jc3MdzeCSVGjQ20cm+RWRcsCKAFk8WeFodci8MTeJdAi8SzoJIfD0ms6dHrk0ZiM4eLSWuRfyIYFaYMluVMQMnKAsoAlt4s8LXut3Phqz8S+H7vxHZRyS3mgW2s6dPrdpFEY1lkudKiuGvoI42miWR5YFVDLGGILrQB+VH/BYr/gpbp3/BPT9hT4ufHj4Y33hPxt8YrfVtA+Fvwz8Opqena1FYfEzx1JqFtot3rulWk885TR7PStb1eDTryFYtRv8ASodPuUa3muFoA/ny8Ff8EIPCH7RXhn4O/Gn/AIKKft8/tLfFn9sD9oXVNSv77xd8K/jJ4Yt/An7Pevy+DtR8eppthHe6fr/+j+H7Ozaxmc3em6bsjH2HStKs0woB9p/8Ehf2ufj/APstftxfH/8A4JBftg/tCWv7R/hv4YfDy2+Mv7L37TviLX9Onv8AXvhLHcaLY3XhzxV4hk1C/jubrTD4h0eC3j1DVJrnTdSt9a0uG6n0+209IgD+oqXxt4Mg0OHxPN4u8MQ+G7hxFB4hl1/So9DnkYuqxw6s90LCR2aORQiTliUcAHawUANR8b+DNH02w1nV/F3hjS9I1VVfS9V1HX9KsdN1FHQSo1hfXN1Ha3ivGyyKbeWQMjBwSpBoAm1Txd4T0OfTrXW/E/h7R7nWGRNJt9U1rTdPn1R5XSONdOhu7mKS+aSSSNEW2WQu7oq5ZgKAFu/FvhXT9Xs/D9/4m8P2Wvaiqvp+iXes6dbavfI+/a9nps1wl7cq3lybWghcNsfGdrCgAHizwqddbwuPEvh8+JkjEr+HRrOnHXUiMazCRtI+0f2gsZhdJQ5gCmN1kBKNmgAsfFnhbU9WvtA03xL4f1DXdMMg1LRbHWdOu9W08xP5UovtOt7mS8tDFIfLkE8KbH+RtrDDADNL8Y+Edc/tIaL4q8OaudGBbWBpeuaZqH9lKBISdS+yXMxsQBDMSbrywBFIeNj7QBlh418G6rpl/rel+LfDOpaNpTvHqer2GvaVeaZpskSJLJHf39vdSWlm8cciSOtxLEyI6Oy7WU0AInjfwZJoT+KI/F3hiTwzG5jfxEmv6U2hJIs3kNG+rrdf2erif9yVNwCJv3ZG/wCVgAu/G3gyw0a08R33i7wxZ+Hr9o0sdeu9f0q30a8eZXeJLTVJrpLG5aVI5GjWGdy6o7KCFagB+p+M/B+iW+m3es+K/DekWusnGkXOp67pdhb6qSImxps11dRR3x2zQt/orS8SxEYDrvAH6j4t8KaPf6fpereJ/D2l6nq/l/2Vp2o61ptjf6n5snlRf2faXVzFcXvmS/uo/syS75PkXLfKwB5F+yt8TPE3xl/Zw+CvxV8Z+CD8NfFfj/4d+G/FHiDwCbHUNM/4RHVdVsY7i70H+z9Vih1Kz/s+RjD9nvYkuY9u2VQwoA9+oAKACgAoAKACgAoA/G79v7Q01b/goT/wSYt7vxN430TSNQ8b/tNLqNp4d8e+LfCWlXl1oPww8P6tpD3ltoOs6ZZz3aedqaSSTK095pjXdjcGXTxLAwB9S/t3fFHxr8Kvh74Q1XwL8VPiP8LL2/8AEUllc6x8OP2VPG37WuqajapY+Ytpf+E/BPhnxRf6DahsSjXbu1ggmkP2YTFyVYA+bP2Iv2hviz8TfjS/hrxp+0P8c/idow8Ia3qA8NfEL/gnH8WP2XNAF3bXmkRw6iPid4y8AeG9Ha+tUuJY7fw4NR+16olxPcQ28iafK6AFjwXa6non/Baz9obUvGzrDpnij9hH4DS/CK7vNsdsNC8LfEn4sx/Eu1sriTMe6x13U9MvtXjR4mgg1HTZrlDFPbyOAZf/AARNvU8NfsHfDu08Ta1YaZD4++NP7SWufCPTdWvYdPvNb8Aa18ZvHfiPwTb+G7S+lt59VtE8Gz2V/YxabbOkWjiKZIzbIJqANL4Rsn/D6/8AbKVSuV/Yl/ZJ3KCMhj46+OTfMByCVIbnHBB7gsAfrzQAUAf/1P7+KACgAoA4nxH8Nfh94v1nRfEXinwV4Y8Q694ckhl0DWdZ0Ww1DUtGlguftkMmmXt1DLPZPFdAXMbQMhSYeYCHGaAC9+Gvw+1HxdYeP7/wV4YvPHGloItN8W3Oi2E3iGxjWCW2CWurSQNewILeeaALHMo8qWSMYVmoA+O/2+f2Dfhp+2f+y9+0v8Fk8PeEvDnj746/DDV/CNp8RX0O0GrW2vQy6drfha41fVLe2Opz6VB4k0DQpNShjkaV7C3kWL94sdAH8f8A8HP+Cqvgf/gmr+zn4P8A2Cf+CkX7LPxC+AH7TP7Onj/4QaFbfF7wj8NNO1Pwp8efhh8JviDomrWniG18Uw3elvresN4d04Mb21u9a0zXbv8A02bUdPubmWzgAPrP9jjwL4k/4LK/8FVvhN+374d/ZR1z9mP/AIJ3/si+EfFVt8IovH3gnTvCWuftF/EHxjYa1omo+IL3RLVBBfadJY67dy39zZ3Gp6LaW+laHpUV/q14+rvAAf2CaZ8JfhfovhbVPBGkfD7wfpvg7W5Hl1jwxY+H9NttC1OWTyjJJfaXFbpaXLuYISzSxuW8qMkjatAA3wk+F7+Do/h43w+8Ht4EimNzF4Pbw/pp8ORztPJdNMmjm3NishuJZZy4hDGWR5M72NABrHwk+F/iHw1o/gzXfh94P1jwl4eWBNC8N6j4f0280TSEtofs9uunabPbPa2iwQHyYhBGgjj+Rcj7oBP4i+F3w48XHQD4p8C+FPEJ8Ksj+GjrOhafqJ0F0MDI2k/aYJTYMrW1uVNuYyDBER9xdoBLrPw0+HniLxFo3i7XvBPhfWPFPh2KKHQfEOpaJYXms6PDBNLPDFpuozwvdWaRTTzSxrBKgSSWRlwzMaAFk+Gvw+m8ZJ8Q5fBXhiTx3HEkEfjB9FsG8RpAlt9iSJNYMJvljS0AtlQTACD90BsFABpnw2+H2jeK9T8daT4K8Mab4z1qOeLVvFNlothba9qUdzJFLcJfapFCt5crNLBDJKJZWDvGjNkqDQBH4e+F/wAOfCV5r+oeF/A3hXw9feKhjxLeaPoen6fc68N1w+NWmtYInvxvu7pv9IMnzXEp6uxYAg0L4T/DHwvouueHPDngDwjoegeJjOfEOjaVoGm2Oma2bmAW1wdUs7e2SC+M9uBBKbiN/MiARsqMUANtfhJ8L7LwfefD6z+H3g+18DahIZb7wjB4f02Lw7eSm5juzJc6QluLKZzdQxXBaSJiZo0k4dQaAC9+Enwv1HwjZeAL/wCH3g+88EabPHc6f4SufD+mzeHrK4h87yprbSXt2soZYxcThHjhVl86TB+Y7gD+KXwv4sj/AODeb9rP9pz4Tfti/sw+I/jH/wAEzP2kfjHrPx/+A/xz8EeALTx9bfCHxR4gt7PTL3w34nsL77PpunTRaVp2jaTe20l9o12Z9HbV9Ht9WtNR8m0AOL/bJ/bG8P8A/BwnD4H/AGAv+CZv7JHjbSfhZr/xtPin9oz9rzxj8O9L8MeFfBXgiPxRf63r154f1K2F7bRaz4zuLufxRqNpf3UPiLV/ESWunrYy2q6rrDAH9tPgz4A/Crwdpvw7ig8EeGL3Xfhn4U0Dwl4Z8UXmjWVzr+nafoGlJpVstnqtxFLfWy+QJQFS44WeRcgMdwB2UXw1+H0HjCf4hQ+CvDEXjq5hNtceL49FsE8Rz25iihMMuriAXrxmGGKLY0xXZGi8BVoANE+Gvw+8NeItZ8X+H/BXhjRfFPiKSaXXvEOmaLYWWs6zJcTG5nk1LUYIY7q8ea4LTSNO8heVi7Esd1AFbw78Kvhp4Rh1638LeAvCXh638UpJH4kh0bQdO06PXUmSaOVNWS2giW+WSO4nRxcCQMs0in7zBgBmk/Cb4YaD4a1fwZonw/8ACGk+Etfkkm1vw3p/h/TbTRNWlmSKOWTUNNht0tbt5EghR2mjcssUYJG1aAEX4SfC9fBo+Ha/D7wevgMTPcjwcPD+mDw2LiS6e9kmGj/ZvsPmvdyPcs/khmndpCd5JYANV+Enwv13wvpXgnWvh94P1XwfoRgOi+GL/wAP6bdaFpRtongtzYaZNA9paGGGR4ovJiXYjsowCRQBN4i+Ffw28XQaBbeKfAnhPxDb+FTu8Mw6zoWnahFoLAW4DaSlzBKtgQLS1Gbcx8W8I/5ZptAJdb+Gfw88S69onijxD4J8L614k8NpDH4f13U9E0+91XRUt53uYE0y+uIZLiyWG4keaMQSxhJXZ1yzEqAOn+Gvw+uvGNv8QrnwV4Yn8d2kaw2vi+XRbCTxHbxLbNZrHDq7QG9jRbR3tgqzACFmjGFJDABp/wANfh9pXi3UPH2meC/DFh431WGa31PxZaaLYQeIb+3uWge4hu9WjhW8nime2t2kSSVldoIiwJRTQB+RH/BZ/wD4Jead+3T+wd8Y/hP8B/DHg3wd8eP+Ei8NfGXwBqlppunaG3ir4ifD6TV7rTtI1rV4IbdjNrNjruv2On3l9Mttbaxf2lxeSxWouZVAPxV+CX/ByT+yv+y18L/Cn7P/AO2r+xR8UfgB+0r4din8EftA/DjR/g/pVtp3jO90rwzdaGviTwRZ3F1oqayfGWpW9vpjafqcUNjFaajIbXXdYtUWSUA9p/4JC/st/EX9t39vj9of/grP8ev2YF/Zs/Z98YfDC2+BX7Kf7OvjPwpY6Ze6r8Ori70LU9R8beIvDcllYCL7fL4b02/gur3TFTVNX1PWLvT4F0uLTbi4AP6q7j4SfC+78IW3w/uvh94PuPA1lMtxZ+EZvD+myeHbadHldJoNIaBrKKRHnmdXSFWDSuRjc1ABr3wk+F/ijQdF8LeJPh94P13w14cSOLQNB1Xw/pt9pOjRxQpbxppthcWzW1mscEaQoIIkCxqqAAABQC14j+GPw78X3mhah4p8EeFvEV94XeGXw5d6zomn6jcaHJbyxTwPpUt1BI9i8M0EMsbW7RlHijYYKqaAHap8NPh7rfijS/G2seCvDGp+MNDjjh0bxNfaLYXWuaXFF5vlx2GpzQPd2qJ5821YpVA82TGNzGgBR8Nfh8vjJ/iGPBXhgePJYVt5PGA0Ww/4SN4Ft47RYW1jyBfNEttFFbhDMVESIg+VdtABpHw1+H3h/wATav400PwV4Y0jxd4gadtc8S6dothaa3q7XMwuLhtR1KCGO6uzPOBNL58kpeQb2OaAIPDvws+G3hE6+fC3gTwn4ePipWTxKdG0LTtPOvK4nDrqxtbeL7eGFzcBhceYCJ5QR87bgCPRfhN8MfDnh7WvCWgeAPCGjeF/Ecss2v8Ah/TdA02z0fWZp4YreaXU9Pgt0trySWCCGGR545C8cUaHKoBQA2L4SfC+DwdJ8PIfh94Pi8CTStPL4Pj8P6avhySZ7n7Y8r6OLcWLSNd/6SzmHcZv3hywzQAal8JPhfrHhTTfAmrfD7wfqXgvR5IJtJ8K3vh/TbjQNOlto5YreSy0qW2ezt3gjnmjiaKJCiSyKvDEUASeIfhV8NPFtloOm+KPAXhLxBp/hY58NWWsaDp1/a6CQkCZ0mG5t5I7A7LW2X/RhF8tvEOkaKoBPrvwy+HfijWND8Q+I/BHhfXde8M+R/wjusaromn32paJ9ln+02/9l3lxBLPZeRcHz4vIdNkvzrhjmgDzr9ljxR8WPGv7OXwW8W/HXw5H4R+MfiH4eeHNV+JXhiKwXS49C8X3djHJrOmJpyz3K2S2t0XjFutxKI8bQ5xQB77QAUAFABQAUAFABQB5d8S/gj8IPjM/g+T4sfDTwV8RZPh/4lg8Y+CJPGPh3TNffwp4qtoZLeDxBoDajbztperRQyPEl7aGKcI23fgAqAenqqoqoihVRQqqowFVRgKAOAAAAAOgoAdQB5b8R/gn8Jfi8dNb4m/D3wp42l0e21Sy0q58QaPZ6hd6fYa5FDBrmn2l1NE1xDYa1b28Ntq1kkq22pW8awXcU0Q2UAPvPgp8ItQvPhhqF58NvBdxe/BS5u7z4R3Mnh3TGm+G9zf6NJ4dvZvBj/ZgfD73WhSyaRO2mfZvMsHNswaL5FAMnR/2dfgN4f8Aix4g+PGh/B34caR8afFljb6Z4n+KuneENDtPH+v6daGU2tjq/iqGzj1i/tLYzTGC3ubuWKIyyFFBdiwB7LQAUAf/1f7+KACgAoAKACgAoA+Jv27PDnh7WfhX4Mm1fQtH1SWP4+/s+iOXUNNs7yRFb4seGI2VXuIZWCtG7oyggFGKkEE0AfaNra2tlBHa2Vtb2ltENsVvawx28ES/3Y4okSNBnPCqBQBYoAKACgAoAKACgAoAKACgAoAKAKGpaVpes2r2Wr6bYapZyBhJa6jaW97bOGG1g0NzHJGdykg5U5HGDQB498CNbtNe0Hxi9r8ObH4aw+Hfir8UfAdnpdlpa6XHrGleBfHGt+GNK8VRxCw08PbeKLLTodctXjiltmhvVa2ubiFkmcA9woAKACgAoAKACgAoAKACgAoAKACgDwT4oaZqbePfg5/Y/wANvC3ivStY8XataePfEGreH9P1C/8AC+hQ+GNTvLDU7O8nZJLaa41y30+xaTbdbo5ygiQt5iAHvEcccMaRRRpFFGoSOONVSNEUYVURQqqoHAVQABwO1AD6ACgAoAKACgAoAKACgAoAKACgAoA8F/Zci+NUH7OvwZh/aOniufjxH8PvDifFm4g/sryZvHIsY/7eeP8AsOKHR9rXm8j+zYo7T/niipgUAe9UAFABQAUAFABQAUAFABQAUAFABQAUAFABQB//1v7+KACgAoAKACgAoA+P/wBtr/kk/hD/ALL9+z5/6tvwrQB9gUAFABQAUAFABQAUAFABQAUAFABQAUAeU/CPxD4+8R6T4wuPiF4dt/DV/pvxV+KPh/w5bW8Eluup+AtA8b6zpXgXxFIJLu7Mtx4g8L2umatPOjQxzS3TyR2tsjCBAD1agAoAKACgAoAKACgAoAKACgAoAKAPKfHyfFBvGHwkbwNcWsXhJPFeqt8VY5009prjwufDOqDTI7Rru2muY5V8RnTZHbTpbe4MasskhgMiMAerUAFABQAUAFABQAUAFABQAUAFABQAUAeDfsu+Cvil8N/2d/gz4D+N3jF/iD8XfCXw+8O6F8RfG8mr6nr8ninxZYWMcOr60+tazFBquptfXKtMb3UIYrqctvmRWOKAPeaACgAoAKACgAoAKACgAoAKACgAoAKACgAoA//X/v4oAKACgAoAKACgD4//AG2v+ST+EP8Asv37Pn/q2/CtAH2BQAUAFABQAUAFABQAUAFABQAUAFABQB5T8I/+Fof2V4w/4WtLay6p/wALU+KP/CJG1j02NU+GP/Cb61/wrSOUaZBbxtcx+DP7HS5kuhLqMkwdtQmmuzLIwB6tQAUAFABQAUAFABQAUAFABQAUAFAHlPj7wx481zxh8JNW8KeJm0Pw74W8V6rqfxA0kXl5bjxToNz4Z1PTrHTGht0aC8FtrVxY6iIbwpChtvNRjKqKwB6tQAUAFABQAUAFABQAUAFABQAUAFABQB84fsgfDax+Dv7L3wH+Fmm/EXTvi5YeAvhl4X8MWfxN0l4ZNM8cwaVp8dvH4lsXt9V1yBrbU1X7REYtY1JCrcXc2d7AH0fQAUAFABQAUAFABQAUAFABQAUAFABQAUAFAH//0P7+KACgAoAKACgAoA+P/wBtr/kk/hD/ALL9+z5/6tvwrQB9gUAFABQAUAFABQAUAFABQAUAFABQAUAeVfCTw34+8MaV4wtviF4lHie/1T4qfFHxJ4cuRd3V5/ZXgPxF431nV/AvhvfdxRPCfDvhi703RzaQhrW0+yeRayywIjsAeq0AFABQAUAFABQAUAFABQAUAFABQB498RvBH/CUeNvgxr//AAmSeG/+EE8Y6vrn9hsVDeNftvhXVtH/ALGQG+tSWs/tv9rELb35xaZ8hADMoB7DQAUAFABQAUAFABQAUAFABQAUAFABQB82/seeEvhb4D/Za+Avgz4JeM774ifCPwz8MfC2j/Drxzqc1vPqHivwnZadFFpGuXk1ppmjW0lxf2wWaR4NKsIyzfLaxAbaAPpKgAoAKACgAoAKACgAoAKACgAoAKACgAoAKAP/0f7+KACgAoAKACgAoA+P/wBtr/kk/hD/ALL9+z5/6tvwrQB9gUAFABQAUAFABQAUAFABQAUAFABQB86ftOftb/s2fsZ/Dmf4s/tQfGLwZ8GvAUM7WkOs+Lb6VJ9VvliMzab4f0PT4L7X/EmpiFTKdN0DS9RvhF+8MKp89AH5a/sB/wDBaL/glz8dvGniL4H/AAq/bW8PeNPiX8QPjD8TvGfhHQvHfhfxr8NLjVIfiL451vxTo3g/wxfeONPtNI1e40a31OLQ9MsYdTtdS1IWsRs9EtvNS2QA/dWgAoAKACgAoAKACgAoAKACgAoAZJJHDHJNNIkUUSNJLLIypHHGilnkkdiFREUFmZiFVQSSACaAPwP/AGof+C5f/BGv4d/Hj4d+EPid+2ppEXjr4KeN9V1K4h+Hfhzxh498IWOs32ian4VvLHxN4m8K+ENf0e+trOHUJ5mXw1qd5Nb3UK+e5CPAwB+ynwN+P3wV/aY+HOifFv4A/E3wf8Wvhv4ijMmk+LfBer2+raZM6Y860ufLYXOm6lasfLvdK1O3stSsZg0F5ZwTK6MAev0AFABQAUAFABQAUAFABQAUAFAHxj+2L/wUL/Y0/YD8L6d4s/a1+PXg74Q2etrM3h7SdUbUtZ8W+JPs7COV9B8HeGrDWfE+pW0cxWCfUIdL/sy1mYLd3sGSVAPjv/gmB/wVA/4JYftGeB/h5+zJ+xN+0BpV/f8Aw18F6f4c8J/CLxxF4k8M/EiPw54dsljijtIfGVtA3i+eys082+l0HVNdmhiV57tkRWdQD9kqACgAoAKACgAoAKACgAoAKACgAoAKACgAoA//0v7+KACgAoAKACgD5Y8QftN6xoWt6ro0f7L/AO05r0el39zYprWheHPhdPo2qLbytGL7S5r/AOLmm3stjchRLbPdafZztEymS3iYlKAPjr9sX9p/WdU+F/hS3f8AZa/ah0wR/HL4EXf2jU/DXwsjt5GtPil4ZuFtI2tPi/eSG7vDGLezRokhe4dFmnhjLSIAfVv/AA1jrn/RpP7WP/hLfCP/AOfTQAf8NY65/wBGk/tY/wDhLfCP/wCfTQAf8NY65/0aT+1j/wCEt8I//n00AH/DWOuf9Gk/tY/+Et8I/wD59NAB/wANY65/0aT+1j/4S3wj/wDn00AH/DWOuf8ARpP7WP8A4S3wj/8An00AH/DWOuf9Gk/tY/8AhLfCP/59NAB/w1jrn/RpP7WP/hLfCP8A+fTQAf8ADWOuf9Gk/tY/+Et8I/8A59NAB/w1jrn/AEaT+1j/AOEt8I//AJ9NAB/w1jrn/RpP7WP/AIS3wj/+fTQAf8NY65/0aT+1j/4S3wj/APn00AfyV+Mb3w5/wU2/4OBPjJo37W37Pnx0+KfwR/Yb+FPgt/hJ+ydc6X4GvEi8Ta/bWF1e+MfiF4Q1T4j2PhfV7C61KXUdT8m11PWoLxLzQ4dQUwadaIwB9Gf8FHf2I/2G/iz+wV+0zrPgX9iv4yfDn4k/BzUPj58afh18f9A8D/Afwnq3wf8AH3hnxH4i8b6z4Hk8Q+DfifBfW3g3w5qtleeDZPD7Wup3Wk21vbm3tbrW7C1agD9E/wDgjn/wUU+Lnx4/4Ju/ss/EL4p/AP8AaS+J/j24+H1t4f8AEfxG8NaB8O73SvG994Uubjw6fE6XevfE7w7qVxc6wmnLeXksukWkb3MsrQK0JR2AP01/4ax1z/o0n9rH/wAJb4R//PpoAP8AhrHXP+jSf2sf/CW+Ef8A8+mgA/4ax1z/AKNJ/ax/8Jb4R/8Az6aAD/hrHXP+jSf2sf8AwlvhH/8APpoAP+Gsdc/6NJ/ax/8ACW+Ef/z6aAD/AIax1z/o0n9rH/wlvhH/APPpoAP+Gsdc/wCjSf2sf/CW+Ef/AM+mgA/4ax1z/o0n9rH/AMJb4R//AD6aAD/hrHXP+jSf2sf/AAlvhH/8+mgA/wCGsdc/6NJ/ax/8Jb4R/wDz6aAPwx/4OKf+Cg/xi+GP/BMj4j6b8MfhB+0H8Edb+MHjfwV8FtV+JfjLSfAej6b4f8KeM11m58Rpbap4Z+JPiPUbK91aw0VtHeVrKC1bTb/UYpr62MiBwDQ/Zo/Yy/4Jtfsy/BL9m74P6p/wTR+LfjHxDrlvAX8W+LfhX8GPE+s/G7xzf+AruXxNqvjXUNQ+Ld7/AMJDa6hpL6lf2una240iwhWCLTbS28mCJAD4G/4J7+MLf/gnD/wXT/ag/Y//AGdfgd+0Bpv7Lnx5+Bdn8fLf9mSOx8E33ij4VeOLKTwyJdW0TSJPiTN4c0nwpcL4h1C2j2+IrfUP7Il8L2Utrcx2McigH9W//DWOuf8ARpP7WP8A4S3wj/8An00AH/DWOuf9Gk/tY/8AhLfCP/59NAB/w1jrn/RpP7WP/hLfCP8A+fTQByPjX9tzxB4M0Rtai/Yf/bb8YslzDbnR/Bvgr4I32slZhITdLb6p8fdHtmtoSgWZhd+aDJHsicbygB43/wAPPPE//SMf/gpv/wCGs/Zx/wDop6AD/h554n/6Rj/8FN//AA1n7OP/ANFPQAf8PPPE/wD0jH/4Kb/+Gs/Zx/8Aop6AD/h554n/AOkY/wDwU3/8NZ+zj/8ART0AH/DzzxP/ANIx/wDgpv8A+Gs/Zx/+inoAP+Hnnif/AKRj/wDBTf8A8NZ+zj/9FPQAf8PPPE//AEjH/wCCm/8A4az9nH/6KegD+UP9iH4keB/26/8Agp1+3l+25+2N+wf+13+2H4g+FnxWm+FHwL+DOheA/g7448Lfs6eGdGedbLSvGvg34gfHDwrpVt43tLGOztITp1t4g0q0vbfU9QtNWk1C+umQAyv+CsU/7JPiD9hT4U/ty/sTf8E6/wBrj9iX4q/s7n4XePvgV+09YfDb4G+AfAt34SfWtNsdL0TxlrvhX47a34r17TLn7baXOh3Fx4O1XVkubf7FLFa6XqGqvQB/Th+z3/wVr8e+P/gX8IfG2vf8E3f+Cimv634q+HXhHXdW1zwh8NPgLdeFtY1HUdEs7i71Pw/c63+0po2sT6TfTu9zZS6lpOnXrwSobizgkzGoB7D/AMPPPE//AEjH/wCCm/8A4az9nH/6KegA/wCHnnif/pGP/wAFN/8Aw1n7OP8A9FPQAf8ADzzxP/0jH/4Kb/8AhrP2cf8A6KegA/4eeeJ/+kY//BTf/wANZ+zj/wDRT0AfVP7NX7TuqftFjxU2o/sx/tN/s6jwwdNEX/DRPhf4beGz4nOofaS//CMjwB8VfiS10NO+zr/aB1JdKEf2m2FsbotKIgD6ooAKACgAoAKACgAoAKACgD//0/7+KACgAoAKACgAoA+P/wBtr/kk/hD/ALL9+z5/6tvwrQB9gUAFABQAUAFABQAUAFABQAUAFABQB/Of/wAFNv8Agl/+1rd/tdeEv+CpX/BLT4g+DvAX7ZHhzwbD8P8A4q/Df4hq6/D79oTwNYw2lpZaZrNyYrm3t9Vt9MsNO0vybyGC0uodK0e7tdT0TU9P/tC4APy5tPgj/wAF7f8Agqr8PvG/7KXxK8Ffs9fsB/sn+Kvjb8T2/ag8afDnxLq/ivx98QPEw+J+r33xc8KeGre98ZePLhLKXxourRW2nLeeGNAKwRtJc6xpcMNldAH9hH7Nv7P/AMPP2V/gR8Kv2ePhTpg0n4f/AAi8FaF4I8NWpCee9holjFZrd3sihfPv7142ur25fdJPcyyyyMzMWYA9uoAKACgAoAKACgAoAKACgAoA+Ov2+P2LPhf/AMFBv2U/iv8Asp/Fs3Vp4Z+JGjxx2HiDTkjfVvCPinS501Dw14q0rzMKbrSNThieaAtGt/p0t9pksiwXshoA/lu0p/8Ag4+/YCtvgv8Asj2nwU/ZN/bi0nwzr2q+Dv2U/wBpLx74i1K08W6BBaeGdVgsW8RwTeN/BNy+o6L4LS5Rzq2keI5N0ElrNrevIUinAP1p/wCCRf8AwSv+NP7NHxM+Nn7d/wC3l8UNK+NX/BQL9p6K3s/HOteHA/8AwhXwx8GW8kUtr4A8GSPZ6d9otwbawjvbi303S9OitNL0nStO05LfTRd3QB+9tABQAUAFABQAUAFABQAUAFABQB/Ll+1j/wAE1/8Agoj+x1+258V/+Cin/BHPW/hn4juv2jXtdR/ab/ZD+Lc0mneEPiD4pt5p7yfxd4f1H7Xp1smo6lfXF5qE6vrXhnUNNv8AUtSex1mXT9QfTLcA+MfA/wCyV/wVo/4LmeEP2c9N/bQ8MfAj9h//AIJk+H7jwZ8Sbb4BfAg3a+IfjJoemxC58PaRc6bJrXiVtC0WW0MtqYtT1rT10W0vZ/sXhj+03S/tQD+0Hw34e0fwj4e0Pwt4esYNM0Lw5pOn6Jo+nWsaQ29lpumWsVnZW0MUYCJHDbwoihQBx0GcUAbVABQAUAFABQAUAFABQAUAFABQAUAFABQB/9T+/igAoAKACgAoAKAPj/8Aba/5JP4Q/wCy/fs+f+rb8K0AfYFABQAUAFABQAUAFABQAUAFABQAUAFAHi3wO1z4c69ovjuf4aaHdaDpth8Z/jHonieC7tIbNtQ+Iui/ETxBpvxC1yFIL29Wa11vxbb6rqVrdyNBNdQ3CTzWdnI7W6AHtNABQAUAFABQAUAFABQAUAFABQAUAeN/Ejxtpfhjxx8FdBv/AAd/wkd3458Zaxomla5+7/4ou6svCesaxLrA32N0/wDpltZy6V+6uLBv9L5mdCYmAPZKACgAoAKACgAoAKACgAoAKACgAoAKAPAf2VvH/j74qfs4/BX4j/FPwMnwz+I3jX4eeHPEXjT4fx6Pq/h9PB/iHUrGOfUtAXRNelm1rSxp87NCLLU5XvIduyZi4agD36gAoAKACgAoAKACgAoAKACgAoAKACgAoAKAP//V/v4oAKACgAoAKACgD4//AG2v+ST+EP8Asv37Pn/q2/CtAH2BQAUAFABQAUAFABQAUAFABQAUAFABQB418E/GujeOdG8c3uieEF8Gw6D8Y/i/4LvrNRCBres+DfiBrvh3WPFx8m0swW8Wahp8+vMXSaYm+zNd3jlrhwD2WgAoAKACgAoAKACgAoAKACgAoAKAPJ/iB4v8VeHfGXwh0TQPCTeINH8ZeLdV0jxbrIs725Hg/SbPwxquq2urtPbEQWQu9TtbXSxNfZgc3Xkp++dBQB6xQAUAFABQAUAFABQAUAFABQAUAFABQB4P+y9ffGvU/wBnf4Nah+0hp8Wk/Hm8+H3h24+LWmwpoccVj46ksY2162jTwzNceH1WK83qF0eeWwH/AC7uyYNAHvFABQAUAFABQAUAFABQAUAFABQAUAFABQAUAf/W/v4oAKACgAoAKACgD4//AG2v+ST+EP8Asv37Pn/q2/CtAH2BQAUAFABQAUAFABQAUAFABQAUAFABQB5N8IPGPifxppPjK88VeEZPB11onxX+Kfg/SbSSyvrE614Z8I+ONa0Dw14tVL9EeePxXo1jZ67He2+6xvEvRcWTtbPGaAPWaACgAoAKACgAoAKACgAoAKACgAoA8p8fah8TbPxh8I7bwRpcF/4U1HxXqtv8UruUWHmaT4Yj8M6pPpt1B9ruYLgSS+Ik063b+z4rq42SN5kSweZIgB6tQAUAFABQAUAFABQAUAFABQAUAFABQB4L+y34e+L/AIS/Z1+DHhn4/wCvx+KfjZofw98Oab8UPEUOoy6tFrXjO1sY49b1CPU5rWylvlubsPILmS0t2lzuMS5IUA96oAKACgAoAKACgAoAKACgAoAKACgAoAKACgD/1/7+KACgAoAKACgAoA+af2qvBHinx98OvDWjeEdIl1rU7L4xfBjxJdWsM9pbtDonhr4j+HtZ1y/L3txbRMlhplpc3ckSSNPKsWy3ilmZI2APpagAoAKACgAoAKACgAoAKACgAoAKACgDyr4San8S9U0rxhL8UNJg0fU7T4qfFDTfCsMAswt58NtN8b61Z/DnVpPsV1dIZ9V8HxaTfTGdorwyTsbu2t7jzIYgD1WgAoAKACgAoAKACgAoAKACgAoAKAPKfH2mfEq+8YfCO78Fara2HhXSvFeq3PxPs55hHNq/hqXwzqlvptpaxm1uDPLF4gk065dBNZkRxM/nPtMLgHq1ABQAUAFABQAUAFABQAUAFABQAUAFAHz9+yl8OfFnwh/Zt+Cfww8eeNU+I/jLwJ8OvDfhnxL48jurq9j8WaxpdhHb3uuJd309zeXIv5VMwmubiWZ92Xck0AfQNABQAUAFABQAUAFABQAUAFABQAUAFABQAUAf/9D+/igAoAKACgAoA/NFf+CgHi8/tb+Kf2MZP2ctQtPi5pGo+F/EHhtr34hyQeG/GvwH1uzvpdb+Omk60Ph9JbQ6N4S1e1g8Iar4XLXGuP4vvoNOV005ZdXiAPtz4wfFO2+DngW+8dX3gr4iePobC4srZ/DPwr8MN4x8X3LXknliWy0Rbuwa4t7YjfdTeevlR4coc4UA+bvhl+3ToXxP8d+HfAdr+zZ+2B4Nn8R3U9pH4m+IXwPm8M+DdJMFldXpn13XW8QXa6dbSLam2hmNvLvu5reHaPN3KAeGftT+Ptd8d/8ABQ79i/8AY7m1LUrH4V+JvhX8e/2hvijolpcXNlYfERvh7e+BfBvgnwjr01vLB/aXh+w1DxhrPiDUfD0zS2WoX1tol3e2sp060dADS/4JrfFrxn4p179ub4F+K9Z1fxHpP7KP7Y3jv4QfDnW9dvLrVdXPw31HQPDXxC8J6Bfa1eSTXWqP4QsPF6+FrW6vZ59Qew0q1N7K8xd3AP1EoAKACgAoAKACgAoAKACgAoAKAI5mlWGVoI0lnWORoYpJTDHLKEJjjkmWKZokd8K0ohlMaksInxsYA/Nj9n79v7xX8d/jz47/AGc/+GddS8D/ABK+DPjbxL4f+Oena54/ea3+H3hO2gsbj4cePtNux4Bs7bxlpfxitbu41HwVZ6ZNZ+VpWl6hc6zfWFylvZXAB9J/H39pzTP2f7zw/Z6h8HP2gfiifENtdXMdx8FfhpJ4+tdKFrKIjDrcyatpv9n3ExO+3iKy+bGCwYYxQBH8Af2n9L/aBv8AxJp+n/Br9oT4Wt4btdOu5Lr41/DKTwDZauNRlu4lg0G4fVtS/tK5tDaF76ELF9njntXLN5uKAPy31DxR4w/ab+I3/BX3xDqfjLxX4dl/ZFhf4Qfs4LpOs6loq/C7xb4K+Amj/Fe9+Jei21vdQW7+Idd8d+IQ2o6tPBJ/bPhbTbLwxfSXGgo9kwB+hP7HvxY8dftafsCfs/8AxfvNZl8FfEH44/s/+CvE2p+ILGxSS68P674q8N2kmqavpVpcFLf+0LaSe4u9JlnWWzhvvs1zNa3lsj20oB8WfA/9m/xJ+z9/wVBk0n4D/Fj44eJ/gRf/ALNGsa3+1F4S+KHxc8efF7wzZ/GzV/Fejn4U61pt18QPEuv33hzxzr3hi38Vanruk6RNa2qaBL4e1K704Qazpc9AHzX8Prjx98M/+ClHgsf8FA/gz8WvC3jT49/FP4gf8MwfG34Y/ti/Fzx9+yx4h1TS9M13WPDfwl8X/ACefwT4R8G69oHw6tTJol7q3grVtN17U9IkvxfTeIbY6g4B/SFQAUAFABQB5R4/8G+KPEnjH4Ra7oXiybQNI8E+LNV1nxXo0ct1Gni/S7zwzqek2ukzJBPFDMlpqV5bamq3cc8Qe1DIiyhHUA9XoA/Pf9sP9uy8/Y78ffCXw94p+Cus+KvAvxok1/wn4M+I+j+KHgtG+NFtpj33gj4PatosfhPUjpWs/FC7Q6V4O1281VNFa8gvv7TksltV88A+0/D3iHxHP4DsPFHjLwkfDfiQ+HhrWt+DND1U+Lp9MvUsjeXGiafqh0zQP7bvI2BtYXXTbBbm5wioqsHoA+GZv+CkPhuGaWE/sj/t3yGKSSMvF+zpO8TlGK743/4Scbo2xlGx8ykHjNAGT/wVL+Pnjf4PfsbprXw01TXfBXjL4yfFr9nz4FaP4mtElsPEXgm0+OPxV8J+DPEGtW80Mnm6JruneF9U1qCw1GKeOfRtZmtLy1uI7u1glUA878IeKNY/Z8/4KifDn9ljwhf6s/wd+N/7FPiH4s6h4YvdQvtWsNB+KHwh+IOj+FL/AMW6Z9snuH0y68d6F4v05PEnlOlrqmq6CNXmWTVb6/uJwDjv+Cunhv8Aad1ix+HfiXwP8DvGnx4/Zg+GujeKfGPxu8E/A79qzx9+zJ+0Be6rE1r9l1vwpceC7XSP+Ey03wX4XstZ1C38KXHjzRh4j1HWLizOnT3VnpV1EAfoV+xj4s+EHjv9lb4D+M/gJd+Jr74Q+KPhr4Y1zwJdeNtZ17xF40l0PUdOhubc+L9c8Uajq/iTVfEy+Yya3fa7qd9qtxqCzyXt1NOzyOAfTlABQAUAFABQB4V+zH8FU/Zx/Z7+DvwHTxHdeL0+E3gDw94GXxRfWws7vXhoNlHZjU7i1We5EEt1s8x4hcShCcbzQB7rQAUAFABQAUAFABQAUAFABQAUAFABQAUAFAH/0f7+KACgAoAKACgD8o/jV/wT4+LnxR+MfgT9qTQPj/4S8F/tR/C/4wtq/gX4gp8L/EOp+FrP9my8sH0rXf2bNX8HD4o2U+saH4miW28Razrj6/bovjlJvFGlaNp00qW8QB+gvxa+EPh743/D+4+HvjrVvG+maZqEmn3V/qPwv+Ifj34ReI/tdi3mA6d4s+H3iTQvFum2csxYy2cGueXcQ7YbszquaAPnP4Zf8E+fgf8ACbx34d+Inhnxv+1Tqeu+F7qe806x8c/tk/tR/ETwncS3FldWDprXgvxv8V9d8K6/biC7leK11nSb23iulgu441ubaCVADrfjn+zDJ8TfjZ+z5+0V4M8U6f4L+K/wCfx3ollf6v4fuPEeh+Kvh18S7DSofF/gzXNPsNb8Oahh9U8OeG9b0XULfV0GmX2nXAktbuG/njoAsfsofsxW/wCzZo/xXu9R8TL42+Ivx2+Mvjj45/FXxbBpT6Dpup+MPGl6rrY6FoUmoatLpHh3w5ottpfhzQrK51XU7yPTNMtje6heXbT3DgH1dQAUAFABQAUAFABQAUAFABQAUAQ3IuGt7hbN4Yrswyi1kuYnnt47gowge4gimt5ZoUk2tLFHcQPIgZEmiYh1APyq0b/gnz8W/C/7Tnws/bB8MfH/AMJ6Z8cZofGHhr9rDUJfhh4hufC/7Rnw31nUo9S8E+DrLQf+FoRyeB5fhEVlsPh3rdzqHiu80rSZ5dKnS6sJZLdgD7C+Pv7J/wANP2kLzw/fePvEvxx0Gfw3a3NpYJ8Iv2h/jb8ELa4ju5RNK2r2nwm8deEbfXJ1cYguNXjvJ7aP91DIiMVoAZ8Af2TPhl+zdf8AiTUvAPiX46a9ceKbXTrPUY/i9+0T8cPjfaW8Wly3c1u+i2Pxa8d+MLTw/cSNezC8utGhsri/jS3ivJJktrdUAPAfiJ+wv4l1Dxd+2Hrvwg+K+k/DXSv22vBGk+Hfitp2peB7rxNfaJ4rg8GJ8MNa+IPgW+tPFfh+z0zXtX+HUFhY+XrOl67aQeJdMstfkiuYmvNNuAD13w78BPiz8IvDPgL4Zfs+fFDwP4H+EHwy/Z7u/hZ4R8G+LvhleeM9Qh+Iumw6fY+BfiBqHiK08aeGrm68OeH9MtJ4dV8EQW9nLrtzcC5/4SKxEQhcA+f/ANmX9mL9vz4TeLNPuPi3+158BfiF4Ge+13xH4w0zwH+y1r/w/wDHPxD8XanY3MFnqPizx14g+O3xD87T7e8uEvbuy0/RLC7nFhp9jZ6lp2nwSW04B61bfsz/ABd+JniP4FeJv2p/ih8N/iFefs++PtT+KPg+z+FHwu8RfDDTdW8eSeG/EfgrQtb8T23iT4m/Et7saD4X8V6/DFY6ZPpNlcatqMmpSQBbawtrQA+46ACgAoAKAPKvHvwwi8ceMPhL4sk1m701/hX4r1TxPDY28avDrban4a1Tw4bK8YsrRxQrqRu0ZNxMsKqVwSVAPVaAPz9/bV/Yivf22tH8QeA/H/j/AEzS/hhB4Ev3+GWh6b4b1qLxL4G/aBW5jvPB3x2m8TWnjGyj1HUvhxeWVhdeDNK0/SNFurCa410XGt3UOrtFbgH0r8F/AnxQ8OfA/wAJ/Dv47fEfSvin8Q9N8JR+FvF3xJ8G+G9V+GUfiqSOxOmvr1toy+K/Et/4f1m7tsXFxc6d4g/daiXu9PFjiKOIA+UZv+CXX7Oc80sz/ET9tJXmkeVli/b6/bKijDSMXYRxR/GtY40BJCRxqqIuFVQoAUA9/wD2ov2YfC37Tn7PXiD4C6zquo6JHcN4P1nwh4t3S61rPhPxv8OPEmi+MfAXisS6jO9zql1pHibw9pd1frc3i3GrWf260mvI2vXnUA8E1f8AY7+M+p/FnxZ+0pD8cfBFh+0Za/s8aJ+z38FvE0fwm1C88AfDfS18SHxb4z8T6z4I1L4g3l94w1rxlrEgjuUPijRrKx03S9CtoLd5rO9ub8A+gvHXg39qPW/ETweDvjD8I/Dvw71H4eJ4e1fTdZ+DniTXfHtv44m+1w6h4z8N+K7L4r6H4esLOS0uIjY+HtY8E6/DaX1nBcS3l1bvcWc4B23wB+Cfg39nH4MfDb4GfD6K6i8HfDDwnpPhHQTfTfab+ay0q2WBbm+uCFM95csGnuJiAXldmPWgD1+gAoAKACgAoAKACgAoAKACgAoAKACgAoAKACgAoAKACgAoAKAP/9L+/igAoAKACgAoAKACgAoAKACgAoAKACgAoAKACgAoAKACgAoAKACgAoAKACgAoAKACgAoAKACgAoAKACgAoAKACgAoAKACgAoAKACgAoAKACgAoAKACgAoAKACgAoAKACgAoAKACgAoAKACgAoAKAP//T/v4oAKACgAoAKACgAoAKACgAoAKACgAoAKACgAoAKACgAoAKACgAoAKACgAoAKACgAoAKACgAoAKACgAoAKACgAoAKACgAoAKACgAoAKACgAoAKACgAoAKACgAoAKACgAoAKACgAoAKACgAoAKACgD//2Q==</file>
    </generalfeedback>
    <defaultgrade>3.0000000</defaultgrade>
    <penalty>0.3333333</penalty>
    <hidden>0</hidden>
    <idnumber></idnumber>
    <correctfeedback format="html">
      <text>Vaše odpověď je správná.</text>
    </correctfeedback>
    <partiallycorrectfeedback format="html">
      <text>Vaše odpověď je částečně správná.</text>
    </partiallycorrectfeedback>
    <incorrectfeedback format="html">
      <text>Vaše odpověď je chybná.</text>
    </incorrectfeedback>
    <shownumcorrect/>
<varsrandom><text></text>
</varsrandom>
<varsglobal><text><![CDATA[p=0.2; f="x t";
a = 0; b = 1;
phi="x(1-x)"; alpha="0"; beta = "0";
h=0.25; tau = 0.1;
x=[0, 0.25, 0.5, 0.75, 1];
u0= [0, 3/16, 1/4, 3/16, 0];
sigma = p*tau/(h*h);
uB=0;
uC=sigma*u0[2] +(1-2*sigma)*u0[1];
uD =sigma*(u0[1]+u0[3]) +(1-2*sigma)*u0[2];
uA=sigma*(uB + uD)+ (1-2*sigma)*uC + tau*tau*x[1];]]></text>
</varsglobal>
<answernumbering><text>abc</text>
</answernumbering>
<answers>
 <partindex>
  <text>0</text>
 </partindex>
 <placeholder>
  <text></text>
 </placeholder>
 <answermark>
  <text>1</text>
 </answermark>
 <answertype>
  <text>10</text>
 </answertype>
 <numbox>
  <text>3</text>
 </numbox>
 <vars1>
  <text></text>
 </vars1>
 <answer>
  <text>[u0[1], u0[2], u0[3]]</text>
 </answer>
 <vars2>
  <text></text>
 </vars2>
 <correctness>
  <text><![CDATA[_relerr < 0.01]]></text>
 </correctness>
 <unitpenalty>
  <text>1</text>
 </unitpenalty>
 <postunit>
  <text></text>
 </postunit>
 <ruleid>
  <text>1</text>
 </ruleid>
 <otherrule>
  <text></text>
 </otherrule>
 <subqtext format="html">
<text><![CDATA[<p>Určete hodnoty řešení v bodech \(F=[0.25\ 0],\ G=[0.5,\ 0],\ H=[0.75,\ 0] \). <br></p><p>\(U_F = \){_0}, \(U_G = \){_1}, \(U_H = \){_2}<br></p>]]></text>
 </subqtext>
 <feedback format="html">
<text></text>
 </feedback>
 <correctfeedback format="html">
<text></text>
 </correctfeedback>
 <partiallycorrectfeedback format="html">
<text></text>
 </partiallycorrectfeedback>
 <incorrectfeedback format="html">
<text></text>
 </incorrectfeedback>
</answers>
<answers>
 <partindex>
  <text>1</text>
 </partindex>
 <placeholder>
  <text></text>
 </placeholder>
 <answermark>
  <text>1</text>
 </answermark>
 <answertype>
  <text>10</text>
 </answertype>
 <numbox>
  <text>3</text>
 </numbox>
 <vars1>
  <text></text>
 </vars1>
 <answer>
  <text>[uB, uC, uD]</text>
 </answer>
 <vars2>
  <text></text>
 </vars2>
 <correctness>
  <text><![CDATA[_relerr < 0.01]]></text>
 </correctness>
 <unitpenalty>
  <text>1</text>
 </unitpenalty>
 <postunit>
  <text></text>
 </postunit>
 <ruleid>
  <text>1</text>
 </ruleid>
 <otherrule>
  <text></text>
 </otherrule>
 <subqtext format="html">
<text><![CDATA[<p>Určete přibližné hodnoty řešení v bodech \(B=[0,\ 0.1],\ C=[0.25,\ 0.1], D=[0.5,\ 0.1]\).</p><p>\(U_B = \){_0}, \(U_C = \){_1}, \(U_D = \){_2}<br></p>]]></text>
 </subqtext>
 <feedback format="html">
<text></text>
 </feedback>
 <correctfeedback format="html">
<text></text>
 </correctfeedback>
 <partiallycorrectfeedback format="html">
<text></text>
 </partiallycorrectfeedback>
 <incorrectfeedback format="html">
<text></text>
 </incorrectfeedback>
</answers>
<answers>
 <partindex>
  <text>2</text>
 </partindex>
 <placeholder>
  <text></text>
 </placeholder>
 <answermark>
  <text>1</text>
 </answermark>
 <answertype>
  <text>10</text>
 </answertype>
 <numbox>
  <text>1</text>
 </numbox>
 <vars1>
  <text></text>
 </vars1>
 <answer>
  <text>uA</text>
 </answer>
 <vars2>
  <text></text>
 </vars2>
 <correctness>
  <text><![CDATA[_relerr < 0.01]]></text>
 </correctness>
 <unitpenalty>
  <text>1</text>
 </unitpenalty>
 <postunit>
  <text></text>
 </postunit>
 <ruleid>
  <text>1</text>
 </ruleid>
 <otherrule>
  <text></text>
 </otherrule>
 <subqtext format="html">
<text><![CDATA[<p></p><p>Určete přibližnou hodnotu řešení v bodě \(A = [0.25,\ 0.2]\) užitím explicitního schématu.</p><p>\(U_A =\) {_0}</p><br><p></p>]]></text>
 </subqtext>
 <feedback format="html">
<text></text>
 </feedback>
 <correctfeedback format="html">
<text></text>
 </correctfeedback>
 <partiallycorrectfeedback format="html">
<text></text>
 </partiallycorrectfeedback>
 <incorrectfeedback format="html">
<text></text>
 </incorrectfeedback>
</answers>
  </question>

<!-- question: 140105  -->
  <question type="formulas">
    <name>
      <text>teplo explicitni 6</text>
    </name>
    <questiontext format="html">
      <text><![CDATA[<p>Je dána smíšená úloha pro rovnici vedení tepla: $$\frac{\partial u}{\partial t} ={{p}}\frac{\partial^2 u}{\partial x^2}&nbsp; {{f}} \ \mbox{ v oblasti } \Omega = \{[x,t]:\ x\in({a},{b}),\ t&gt;0\}$$ s počáteční podmínkou \( u(x,0) = {{phi}},\ x\in\langle {a},\ {b}\rangle \) <br></p><p>a okrajovými podmínkami \( u({a},t) = {alpha},\ u({b},t) = {beta},\ t\geq 0\).</p><p>Volte prostorový krok \(h = {h}\), časový krok \(\tau = {tau}\).<br></p>]]></text>
    </questiontext>
    <generalfeedback format="html">
      <text><![CDATA[<p>Bod \(A\) leží ve druhé časové vrstvě. <br></p><p>Přibližnou hodnotu řešení \(U_A\) v bodě \(A\) pomocí explicitního schématu vypočteme:&nbsp;<img src="@@PLUGINFILE@@/explicitni6_moodle.jpg" alt="" role="presentation" class="img-responsive atto_image_button_right" width="250" height="131"> <br></p><p>$$U_A = \frac{p\tau}{h^2}U_B + \left(1-2 \frac{p\tau}{h^2}\right)U_C +\frac{p\tau}{h^2}U_D + \tau f(0.75,\ 0.01),$$ kde \(U_B,\ U_C,\ U_D\) jsou hodnoty na první časové vrstvě, \(U_D =1\) (okrajová podmínka), \(U_C = \frac{p\tau}{h^2}U_F +\left(1-2 \frac{p\tau}{h^2}\right)U_G+ \frac{p\tau}{h^2}U_H + \tau f(0.25,\ 0), U_B=\frac{p\tau}{h^2}U_E +&nbsp; \left(1-2 \frac{p\tau}{h^2}\right)U_F+\frac{p\tau}{h^2}U_G + \tau f(0.5,\ 0)\). Hodnoty \(U_E, U_F, U_G, U_H\) leží v nulté časové vrstvě. Ty určíme z počáteční podmínky \(U_i^0 = {phi}\).</p><p>Pro zadanou úlohu je \(p={p}\), jsou zvolené kroky \(h={h}, \tau = {tau}\), tedy \(\displaystyle \frac{p\tau}{h^2} = {sigma}\).<br></p>]]></text>
<file name="explicitni1_moodle.jpg" path="/" encoding="base64">/9j/4AAQSkZJRgABAQAASABIAAD/4QBMRXhpZgAATU0AKgAAAAgAAgESAAMAAAABAAEAAIdpAAQAAAABAAAAJgAAAAAAAqACAAQAAAABAAAB/6ADAAQAAAABAAAA6AAAAAD/4QkhaHR0cDovL25zLmFkb2JlLmNvbS94YXAvMS4wLwA8P3hwYWNrZXQgYmVnaW49Iu+7vyIgaWQ9Ilc1TTBNcENlaGlIenJlU3pOVGN6a2M5ZCI/PiA8eDp4bXBtZXRhIHhtbG5zOng9ImFkb2JlOm5zOm1ldGEvIiB4OnhtcHRrPSJYTVAgQ29yZSA1LjQuMCI+IDxyZGY6UkRGIHhtbG5zOnJkZj0iaHR0cDovL3d3dy53My5vcmcvMTk5OS8wMi8yMi1yZGYtc3ludGF4LW5zIyI+IDxyZGY6RGVzY3JpcHRpb24gcmRmOmFib3V0PSIiLz4gPC9yZGY6UkRGPiA8L3g6eG1wbWV0YT4gICAgICAgICAgICAgICAgICAgICAgICAgICAgICAgICAgICAgICAgICAgICAgICAgICAgICAgICAgICAgICAgICAgICAgICAgICAgICAgICAgICAgICAgICAgICAgICAgICAgICAgICAgICAgICAgICAgICAgICAgICAgICAgICAgICAgICAgICAgICAgICAgICAgICAgICAgICAgICAgICAgICAgICAgICAgICAgICAgICAgICAgICAgICAgICAgICAgICAgICAgICAgICAgICAgICAgICAgICAgICAgICAgICAgICAgICAgICAgICAgICAgICAgICAgICAgICAgICAgICAgICAgICAgICAgICAgICAgICAgICAgICAgICAgICAgICAgICAgICAgICAgICAgICAgICAgICAgICAgICAgICAgICAgICAgICAgICAgICAgICAgICAgICAgICAgICAgICAgICAgICAgICAgICAgICAgICAgICAgICAgICAgICAgICAgICAgICAgICAgICAgICAgICAgICAgICAgICAgICAgICAgICAgICAgICAgICAgICAgICAgICAgICAgICAgICAgICAgICAgICAgICAgICAgICAgICAgICAgICAgICAgICAgICAgICAgICAgICAgICAgICAgICAgICAgICAgICAgICAgICAgICAgICAgICAgICAgICAgICAgICAgICAgICAgICAgICAgICAgICAgICAgICAgICAgICAgICAgICAgICAgICAgICAgICAgICAgICAgICAgICAgICAgICAgICAgICAgICAgICAgICAgICAgICAgICAgICAgICAgICAgICAgICAgICAgICAgICAgICAgICAgICAgICAgICAgICAgICAgICAgICAgICAgICAgICAgICAgICAgICAgICAgICAgICAgICAgICAgICAgICAgICAgICAgICAgICAgICAgICAgICAgICAgICAgICAgICAgICAgICAgICAgICAgICAgICAgICAgICAgICAgICAgICAgICAgICAgICAgICAgICAgICAgICAgICAgICAgICAgICAgICAgICAgICAgICAgICAgICAgICAgICAgICAgICAgICAgICAgICAgICAgICAgICAgICAgICAgICAgICAgICAgICAgICAgICAgICAgICAgICAgICAgICAgICAgICAgICAgICAgICAgICAgICAgICAgICAgICAgICAgICAgICAgICAgICAgICAgICAgICAgICAgICAgICAgICAgICAgICAgICAgICAgICAgICAgICAgICAgICAgICAgICAgICAgICAgICAgICAgICAgICAgICAgICAgICAgICAgICAgICAgICAgICAgICAgICAgICAgICAgICAgICAgICAgICAgICAgICAgICAgICAgICAgICAgICAgICAgICAgICAgICAgICAgICAgICAgICAgICAgICAgICAgICAgICAgICAgICAgICAgICAgICAgICAgICAgICAgICAgICAgICAgICAgICAgICAgICAgICAgICAgICAgICAgICAgICAgICAgICAgICAgICAgICAgICAgICAgICAgICAgICAgICAgICAgICAgICAgICAgICAgICAgICAgICAgICAgICAgICAgICAgICAgICAgICAgICAgICAgICAgICAgICAgICAgICAgICAgICAgICAgICAgICAgICAgICAgICAgICAgICAgICAgICAgICAgICAgICAgICAgICAgICAgICAgICAgICAgICAgICAgICAgICAgICAgICAgICAgICAgICAgICAgICAgICAgICAgICAgICAgICAgICAgICAgICAgICAgICAgICAgICAgICAgICAgICAgICAgICAgICAgICAgICAgICAgICAgICAgICAgICAgICAgICAgICAgICAgICAgICAgICAgICAgICAgICAgICAgICAgICAgICAgICAgICAgICAgICAgICAgICAgICAgICAgICAgICAgICAgICAgICAgICAgICAgICAgICAgICAgICAgICAgICAgICAgICAgICAgICAgICAgICAgICAgICAgICAgICAgICAgICAgICAgICAgICAgICAgICAgICAgICAgICAgICAgICAgICAgICAgICAgICAgICAgICAgICAgICAgICAgICAgICAgICAgICAgICAgICAgICAgICAgICAgICAgICAgICAgICAgICAgICAgICAgICAgICAgICAgICAgICAgICAgICAgICAgICAgICAgICAgICAgICAgICAgICAgICAgICAgICAgICAgICAgICAgICAgICAgICAgICAgICAgICAgICAgICAgICAgICAgICAgICAgICAgICAgICAgICAgICAgICAgICAgICAgICAgICAgICAgICAgICAgICAgICAgICAgICAgICAgICAgICAgICAgICAgICAgICAgICAgICAgICAgICAgICAgICAgICAgICAgICAgICAgICAgICAgICAgICAgICAgICAgICAgICAgICAgICAgICAgICAgICAgICAgICAgICAgICAgICAgICAgICAgICAgICAgICAgICAgICAgICAgICAgICAgICAgICAgICAgICAgICAgICAgICAgICAgICAgICAgICAgICAgICAgICAgICAgICAgICA8P3hwYWNrZXQgZW5kPSJ3Ij8+AP/tADhQaG90b3Nob3AgMy4wADhCSU0EBAAAAAAAADhCSU0EJQAAAAAAENQdjNmPALIE6YAJmOz4Qn7/4htESUNDX1BST0ZJTEUAAQEAABs0YXBwbAIQAABtbnRyUkdCIFhZWiAH5AABAAEACAAyADRhY3NwQVBQTAAAAABBUFBMAAAAAAAAAAAAAAAAAAAAAAAA9tYAAQAAAADTLWFwcGwAAAAAAAAAAAAAAAAAAAAAAAAAAAAAAAAAAAAAAAAAAAAAAAAAAAAAAAAAAAAAABFkZXNjAAABUAAAAGJkc2NtAAABtAAABDZjcHJ0AAAF7AAAACN3dHB0AAAGEAAAABRyWFlaAAAGJAAAABRnWFlaAAAGOAAAABRiWFlaAAAGTAAAABRyVFJDAAAGYAAACAxhYXJnAAAObAAAACB2Y2d0AAAOjAAABhJuZGluAAAUoAAABj5jaGFkAAAa4AAAACxtbW9kAAAbDAAAAChiVFJDAAAGYAAACAxnVFJDAAAGYAAACAxhYWJnAAAObAAAACBhYWdnAAAObAAAACBkZXNjAAAAAAAAAAhEaXNwbGF5AAAAAAAAAAAAAAAAAAAAAAAAAAAAAAAAAAAAAAAAAAAAAAAAAAAAAAAAAAAAAAAAAAAAAAAAAAAAAAAAAAAAAAAAAAAAAAAAAAAAAAAAAAAAbWx1YwAAAAAAAAAjAAAADGhySFIAAAAUAAABtGtvS1IAAAAMAAAByG5iTk8AAAASAAAB1GlkAAAAAAASAAAB5mh1SFUAAAAUAAAB+GNzQ1oAAAAWAAACDGRhREsAAAAcAAACIm5sTkwAAAAWAAACPmZpRkkAAAAQAAACVGl0SVQAAAAUAAACZHJvUk8AAAASAAACeGVzRVMAAAASAAACeGFyAAAAAAAUAAACinVrVUEAAAAcAAACnmhlSUwAAAAWAAACunpoVFcAAAAMAAAC0HZpVk4AAAAOAAAC3HNrU0sAAAAWAAAC6npoQ04AAAAMAAAC0HJ1UlUAAAAkAAADAGZyRlIAAAAWAAADJG1zAAAAAAASAAADOmhpSU4AAAASAAADTHRoVEgAAAAMAAADXmNhRVMAAAAYAAADamVzWEwAAAASAAACeGRlREUAAAAQAAADgmVuVVMAAAASAAADknB0QlIAAAAYAAADpHBsUEwAAAASAAADvGVsR1IAAAAiAAADznN2U0UAAAAQAAAD8HRyVFIAAAAUAAAEAHB0UFQAAAAWAAAEFGphSlAAAAAMAAAEKgBMAEMARAAgAHUAIABiAG8AagBpzuy37AAgAEwAQwBEAEYAYQByAGcAZQAtAEwAQwBEAEwAQwBEACAAVwBhAHIAbgBhAFMAegDtAG4AZQBzACAATABDAEQAQgBhAHIAZQB2AG4A/QAgAEwAQwBEAEwAQwBEAC0AZgBhAHIAdgBlAHMAawDmAHIAbQBLAGwAZQB1AHIAZQBuAC0ATABDAEQAVgDkAHIAaQAtAEwAQwBEAEwAQwBEACAAYwBvAGwAbwByAGkATABDAEQAIABjAG8AbABvAHIgDwBMAEMARAAgBkUGRAZIBkYGKQQaBD4EOwRMBD4EQAQ+BDIEOAQ5ACAATABDAEQgDwBMAEMARAAgBeYF0QXiBdUF4AXZX2mCcgAgAEwAQwBEAEwAQwBEACAATQDgAHUARgBhAHIAZQBiAG4A/QAgAEwAQwBEBCYEMgQ1BEIEPQQ+BDkAIAQWBBoALQQ0BDgEQQQ/BDsENQQ5AEwAQwBEACAAYwBvAHUAbABlAHUAcgBXAGEAcgBuAGEAIABMAEMARAkwCQIJFwlACSgAIABMAEMARABMAEMARAAgDioONQBMAEMARAAgAGUAbgAgAGMAbwBsAG8AcgBGAGEAcgBiAC0ATABDAEQAQwBvAGwAbwByACAATABDAEQATABDAEQAIABDAG8AbABvAHIAaQBkAG8ASwBvAGwAbwByACAATABDAEQDiAOzA8cDwQPJA7wDtwAgA78DuAPMA70DtwAgAEwAQwBEAEYA5AByAGcALQBMAEMARABSAGUAbgBrAGwAaQAgAEwAQwBEAEwAQwBEACAAYQAgAEMAbwByAGUAczCrMOkw/ABMAEMARAAAdGV4dAAAAABDb3B5cmlnaHQgQXBwbGUgSW5jLiwgMjAyMAAAWFlaIAAAAAAAAPNSAAEAAAABFs9YWVogAAAAAAAAYWwAADgyAAAKQlhZWiAAAAAAAABvHAAArpUAABaZWFlaIAAAAAAAACZOAAAZOQAAslJjdXJ2AAAAAAAABAAAAAAFAAoADwAUABkAHgAjACgALQAyADYAOwBAAEUASgBPAFQAWQBeAGMAaABtAHIAdwB8AIEAhgCLAJAAlQCaAJ8AowCoAK0AsgC3ALwAwQDGAMsA0ADVANsA4ADlAOsA8AD2APsBAQEHAQ0BEwEZAR8BJQErATIBOAE+AUUBTAFSAVkBYAFnAW4BdQF8AYMBiwGSAZoBoQGpAbEBuQHBAckB0QHZAeEB6QHyAfoCAwIMAhQCHQImAi8COAJBAksCVAJdAmcCcQJ6AoQCjgKYAqICrAK2AsECywLVAuAC6wL1AwADCwMWAyEDLQM4A0MDTwNaA2YDcgN+A4oDlgOiA64DugPHA9MD4APsA/kEBgQTBCAELQQ7BEgEVQRjBHEEfgSMBJoEqAS2BMQE0wThBPAE/gUNBRwFKwU6BUkFWAVnBXcFhgWWBaYFtQXFBdUF5QX2BgYGFgYnBjcGSAZZBmoGewaMBp0GrwbABtEG4wb1BwcHGQcrBz0HTwdhB3QHhgeZB6wHvwfSB+UH+AgLCB8IMghGCFoIbgiCCJYIqgi+CNII5wj7CRAJJQk6CU8JZAl5CY8JpAm6Cc8J5Qn7ChEKJwo9ClQKagqBCpgKrgrFCtwK8wsLCyILOQtRC2kLgAuYC7ALyAvhC/kMEgwqDEMMXAx1DI4MpwzADNkM8w0NDSYNQA1aDXQNjg2pDcMN3g34DhMOLg5JDmQOfw6bDrYO0g7uDwkPJQ9BD14Peg+WD7MPzw/sEAkQJhBDEGEQfhCbELkQ1xD1ERMRMRFPEW0RjBGqEckR6BIHEiYSRRJkEoQSoxLDEuMTAxMjE0MTYxODE6QTxRPlFAYUJxRJFGoUixStFM4U8BUSFTQVVhV4FZsVvRXgFgMWJhZJFmwWjxayFtYW+hcdF0EXZReJF64X0hf3GBsYQBhlGIoYrxjVGPoZIBlFGWsZkRm3Gd0aBBoqGlEadxqeGsUa7BsUGzsbYxuKG7Ib2hwCHCocUhx7HKMczBz1HR4dRx1wHZkdwx3sHhYeQB5qHpQevh7pHxMfPh9pH5Qfvx/qIBUgQSBsIJggxCDwIRwhSCF1IaEhziH7IiciVSKCIq8i3SMKIzgjZiOUI8Ij8CQfJE0kfCSrJNolCSU4JWgllyXHJfcmJyZXJocmtyboJxgnSSd6J6sn3CgNKD8ocSiiKNQpBik4KWspnSnQKgIqNSpoKpsqzysCKzYraSudK9EsBSw5LG4soizXLQwtQS12Last4S4WLkwugi63Lu4vJC9aL5Evxy/+MDUwbDCkMNsxEjFKMYIxujHyMioyYzKbMtQzDTNGM38zuDPxNCs0ZTSeNNg1EzVNNYc1wjX9Njc2cjauNuk3JDdgN5w31zgUOFA4jDjIOQU5Qjl/Obw5+To2OnQ6sjrvOy07azuqO+g8JzxlPKQ84z0iPWE9oT3gPiA+YD6gPuA/IT9hP6I/4kAjQGRApkDnQSlBakGsQe5CMEJyQrVC90M6Q31DwEQDREdEikTORRJFVUWaRd5GIkZnRqtG8Ec1R3tHwEgFSEtIkUjXSR1JY0mpSfBKN0p9SsRLDEtTS5pL4kwqTHJMuk0CTUpNk03cTiVObk63TwBPSU+TT91QJ1BxULtRBlFQUZtR5lIxUnxSx1MTU19TqlP2VEJUj1TbVShVdVXCVg9WXFapVvdXRFeSV+BYL1h9WMtZGllpWbhaB1pWWqZa9VtFW5Vb5Vw1XIZc1l0nXXhdyV4aXmxevV8PX2Ffs2AFYFdgqmD8YU9homH1YklinGLwY0Njl2PrZEBklGTpZT1lkmXnZj1mkmboZz1nk2fpaD9olmjsaUNpmmnxakhqn2r3a09rp2v/bFdsr20IbWBtuW4SbmtuxG8eb3hv0XArcIZw4HE6cZVx8HJLcqZzAXNdc7h0FHRwdMx1KHWFdeF2Pnabdvh3VnezeBF4bnjMeSp5iXnnekZ6pXsEe2N7wnwhfIF84X1BfaF+AX5ifsJ/I3+Ef+WAR4CogQqBa4HNgjCCkoL0g1eDuoQdhICE44VHhauGDoZyhteHO4efiASIaYjOiTOJmYn+imSKyoswi5aL/IxjjMqNMY2Yjf+OZo7OjzaPnpAGkG6Q1pE/kaiSEZJ6kuOTTZO2lCCUipT0lV+VyZY0lp+XCpd1l+CYTJi4mSSZkJn8mmia1ZtCm6+cHJyJnPedZJ3SnkCerp8dn4uf+qBpoNihR6G2oiailqMGo3aj5qRWpMelOKWpphqmi6b9p26n4KhSqMSpN6mpqhyqj6sCq3Wr6axcrNCtRK24ri2uoa8Wr4uwALB1sOqxYLHWskuywrM4s660JbSctRO1irYBtnm28Ldot+C4WbjRuUq5wro7urW7LrunvCG8m70VvY++Cr6Evv+/er/1wHDA7MFnwePCX8Lbw1jD1MRRxM7FS8XIxkbGw8dBx7/IPci8yTrJuco4yrfLNsu2zDXMtc01zbXONs62zzfPuNA50LrRPNG+0j/SwdNE08bUSdTL1U7V0dZV1tjXXNfg2GTY6Nls2fHadtr724DcBdyK3RDdlt4c3qLfKd+v4DbgveFE4cziU+Lb42Pj6+Rz5PzlhOYN5pbnH+ep6DLovOlG6dDqW+rl63Dr++yG7RHtnO4o7rTvQO/M8Fjw5fFy8f/yjPMZ86f0NPTC9VD13vZt9vv3ivgZ+Kj5OPnH+lf65/t3/Af8mP0p/br+S/7c/23//3BhcmEAAAAAAAMAAAACZmYAAPKnAAANWQAAE9AAAApbdmNndAAAAAAAAAAAAAMBAAACAAAAVgEuAesCxAODBFMFQAYnBxoIGAkfCj0LTgxrDZAOuQ/sES0SZROjFOMWKhd5GL8aDxtXHKQd8x88IIQhzSMRJFIljSbLKAApMypmK5csyi33LygwUTGAMqsz1TUCNjE3XTiKObY64TwNPTg+YD+JQLFB3EMIRDZFY0aQR7hI3koBSyRMR01qTo9PtFDYUfhTFlQzVU9WbVeNWK5Zy1rhW/Bc9137XwBgCmEZYi1jQWRSZV9mZWdhaFNpPGogawFr4Gy/baBug29ocFBxOHIgcwhz73TWdb52qHeTeH55bHpZe0l8PX03fjZ/OYBBgUuCV4NlhHSFhYaUh6SIs4nAisyL1ozfjeeO7Y/ykPWR9pL1k/WU+pYElxWYLJlHmmObf5yYna6ev5/LoNSh2qLgo+mk9KYDpxWoKqlCqlyrd6yUrbKu0a/xsRGyM7NTtHO1kLapt7q4wbnDusC7u7y1va++qb+jwJ3BlcKKw3zEasVTxjbHGMf5yODJz8rGy8PMwc28zq/PmNBz0UPSDdLT05vUZtU11gXW19eo2HbZQNoG2sfbgNw13Ofdkd473uPfjeA74Ovhn+JS4wPjr+RV5PnllOYs5r/nUufk6IXpL+nk6qjrbuwz7PXtr+5j7xHvtfBQ8ObxfPIX8sbzj/Ru9WH2ZveK+OT6xf0u//8AAABWASMBsAJqAzID6ASxBYAGWAc9CC0JJwonCyIMMA06DlEPYxB+EZ8SvhPpFRAWOBdhGIgZtBreHAsdMx5bH4AgoSG/Itsj9SULJh8nNShJKWAqeSuTLLEtzC7oMAQxITI8M1o0dDWLNqQ3uTjNOeI69DwGPRs+MT9NQGxBj0KwQ9BE7UYIRx1IMklFSlVLY0xuTXhOfk+DUIVRhlKIU4pUjFWKVoRXeVhoWVRaRFs/XEZdWl53X5VgsGHCYspjxWS1ZZxme2dXaDBpDGnsatBrumypbZtuj2+CcHJxXHJAcx9z+3TVda12hndieEV5MHokex18GX0VfhB/Bn/2gOKByoKxg5WEd4VdhkqHRIhMiWGKgYuljMaN3o7uj/WQ95H1kvOT8JTtleyW7pf4mRCaOZtunKadzp7jn+mg5aHfotmj0aTIpb6mvKfKqO2qIatdrJyt2a8UsE6xiLLCs/m1LrZkt5u40roFuzS8X72Fvqa/vMC+warCkMN9xHfFgMaPx53Io8meyo7LdcxTzS3OBM7az7LQi9Fq0lHTRdRF1VHWYtd12ITZh9p922bcQ90a3ezeud+H4FjhLeII4ubjw+Sd5XHmQOcM59Too+l/6mnrZOxo7W3ucO9w8HDxcvJ283n0d/Vp9kf3D/ez+EX4y/la+e360PwM/dr//wAAACsAxAFLAdgCZQMGA48EKwTPBXoGLwbpB6UIaAkvCfkKygufDHcNUg4yDw4P9hDZEcASqROTFH0VZxZSFz0YKRkVGfwa6BvSHL4drh6jH5sgliGUIo8jhiR2JWEmRScgJ/gozCmfKnMrSCwhLQIt6S7XL8gwujGqMpgzgDRgNTk2BjbPN5U4WDkZOdk6nTtkPDI9Bj3ePrY/j0BoQURCJkMQRABE80XnRtZHu0iWSWVKJUrgS5hMT00HTcNOg09JUBhQ6lG+UpNTaFQ7VQ1V3latV3xYSlkVWd9aqFtvXDVc+V29XoBfQ2AIYNFhnGJrYzxkDGTaZadmcWc4Z/xov2mAakBrAGvAbIFtQ24EbsVvhXBBcPhxq3JZcwFzqXRPdPR1mHY8dt53gHgdeL15YHoWetp7q3yDfVh+KH72f8OAk4FngkSDKoQYhQuGAIb0h+OIzYmvioyLYYw0jQeN2o6wj4qQa5FHkhKSxpNbk+yUepVBlkKXiJkImoqb5J0ZnjKfOaA5oTWiL6MopCGlGaYRpwqoCakPqiGrPaxgrYeura/TsPyyKLNatJK10bcUuFm5nLrXvAW9Kb5Hv2LAf8Gewr7D38T/xiHHQ8hnyYzKscvWzP3OKc9b0JfR3tMy1I3V7tdT2LnaIduV3S/fDuF35Ivoee1O8vb5Uf//AABuZGluAAAAAAAABjYAAJOVAABWjQAAVukAAJG3AAAmuwAAFwoAAFANAABUOQACh64AAkeuAAFrhQADAQAAAgAAAAEABAAIAA8AFgAfACkANABAAEwAWgBpAHgAiQCaAKwAvgDSAOYA/AESASkBQAFZAXMBjQGpAcUB4wIBAiECQgJkAocCrALSAvoDIwNNA3oDqAPXBAgEOgRtBKME2QUSBUsFhgXDBgEGQAaABsIHBQdKB5AH2AghCGwIuQkHCVcJqAn6Ck0KoQr3C04LqAwEDGIMww0lDYkN7g5UDrwPJQ+REAAQcRDkEVkRzxJGEr0TOBO2FDoUwxVSFeMWdRcGF5YYJhi4GU4Z6BqIGzEb4xyfHWIeKx74H8YglSFkIjQjBiPbJLMljyZsJ0soKykNKfAq1Su7LJ4tfi5cLzkwFDDwMc0yqjOJNGg1SjYuNxU3/zjtOd460jvKPMU9xD7HP85A2kHoQvZEAEUGRghHCEgISQlKDEsUTCFNNE5OT25QlFG8UuVUDVU0VllXfVigWcRa51wLXTBeVl98YKRhzmL4ZCRlU2aFZ7xo+mpDa5ls+W5jb9JxRnK8dDR1r3cteLF6PHvQfW9/HIDWgpSETIX2h5SJLIrFjGWOFY/fkc2T3ZX/mCCaOZxMnl+geaKgpNqnLamgrDCu4LGhtF63C7muvF2/K8IfxUbIoswMzyjR9tSR1yjZ0dye35fi0uZg6fntEu+s8gD0MPY59//5ivq4+9T8u/2j/nD/N///AAAAAQAFAAoAEgAbACYAMgA/AE0AXABtAH4AkQCkALkAzwDlAP0BFgEvAUoBZgGDAaIBwQHiAgQCJwJMAnICmgLDAu8DHANLA3wDrwPkBBoEUgSLBMUFAQU9BXsFuwX8Bj8GgwbJBxAHWQelB/IIQQiTCOYJOwmTCewKRgqhCvwLWAu0DBIMcgzUDTkNoA4LDngO5w9ZD84QRhDAET4RvxJDEsoTUxPdFGoU+hWPFioWyxdxGBYYthlRGeYaeRsNG6QcQBzkHZEeSh8OH90gsyGOImkjQiQYJOslvSaQJ2YoQiklKhIrCCwFLQguDi8SMBExCDH5Mugz1zTKNcE2wTfKONs58jsOPDA9UT5pP3RAckFoQlhDR0Q5RTRGOEdHSF9JfkqhS8dM8E4bT0VQa1GGUpRTl1SVVZRWoFe/WPFaNVuAXM1eHl90YM9iI2NmZJVltWbOZ+Ro+2oWazNsVG12bppvwHDqchdzRnR2dad22ngQeU16j3vYfSZ+fX/jgWeDEITKhnSIBomHiwSMiI4bj8ORgpNYlUOXO5k7mzudOZ8poQSixqR2phunvaliqxWs3a7FsM+y9bUxt3y5y7wPvkTAcsKmxOnHQsmyzDHOnNDd0vTU8dbn2OPa6Nz03wHhCuMU5STnSOmW7DfvivOm92z5zvuE/MP99P75//8AAAACAAgAEQAeAC0APgBRAGYAfQCWALAAzADqAQkBKwFNAXIBmAHAAeoCFgJEAnQCpgLaAxEDSQOEA8AD/QQ7BHoEugT8BUEFigXXBikGgQbdBz4HoggICG8I1Ak5CZ0KAgpqCtULRAu7DDkMwQ1QDeYOgg8hD8AQXBD2EZASLRLNE24UDRSoFUIV3BZ5Fx4XzhiOGWIaQhsqHBQc+x3dHrgfkiBtIUwiMCMYJAYk+SXxJu8n8yj9Kg4rJCxALWAugC+dMLgx0zLzNBo1STaCN8M5DDpcO7A9Bz5gP75BIkKTRBZFrkdaSRFK0UyaTm9QVVIyU9pVWlbMWEhZ01tmXPheg2ABYXBi1WQ3ZZxnCWiBagpro21NbwBwt3JvdB51w3d1eWR77n6kgHmB1oL8hAKFCIYQhzOIc4nUi1WM6Y6IkC6R2ZOIlTuW8Zipml6cCp2nnzegvaI/o8ClRKbKqFCp1KtUrNCuRq+5sSiyl7QItX22/LiJuia70L2CvzbA6cKcxE/GBMe7yXPLK8zkzp7QWNIU09LVj9dK2P/arNxP3ejfdeD94oLkA+WC5wLog+oE63/s7u5G73nwnfGN8nXzRPP39Kr1TvXb9mj29vd29+n4XPjP+UP5q/oN+nD60vs1+5j78fxJ/KL8+/1U/a3+A/5Y/qz/Af9V/6r//wAAc2YzMgAAAAAAAQxCAAAF3v//8yYAAAeSAAD9kf//+6L///2jAAAD3AAAwGxtbW9kAAAAAAAABhAAAJzfAAAAAMoq1YAAAAAAAAAAAAAAAAAAAAAA/8AAEQgA6AH/AwERAAIRAQMRAf/EAB8AAAEFAQEBAQEBAAAAAAAAAAABAgMEBQYHCAkKC//EALUQAAIBAwMCBAMFBQQEAAABfQECAwAEEQUSITFBBhNRYQcicRQygZGhCCNCscEVUtHwJDNicoIJChYXGBkaJSYnKCkqNDU2Nzg5OkNERUZHSElKU1RVVldYWVpjZGVmZ2hpanN0dXZ3eHl6g4SFhoeIiYqSk5SVlpeYmZqio6Slpqeoqaqys7S1tre4ubrCw8TFxsfIycrS09TV1tfY2drh4uPk5ebn6Onq8fLz9PX29/j5+v/EAB8BAAMBAQEBAQEBAQEAAAAAAAABAgMEBQYHCAkKC//EALURAAIBAgQEAwQHBQQEAAECdwABAgMRBAUhMQYSQVEHYXETIjKBCBRCkaGxwQkjM1LwFWJy0QoWJDThJfEXGBkaJicoKSo1Njc4OTpDREVGR0hJSlNUVVZXWFlaY2RlZmdoaWpzdHV2d3h5eoKDhIWGh4iJipKTlJWWl5iZmqKjpKWmp6ipqrKztLW2t7i5usLDxMXGx8jJytLT1NXW19jZ2uLj5OXm5+jp6vLz9PX29/j5+v/bAEMAAQEBAQEBAQEBAQEBAQEBAQEBAQEBAQEBAQEBAQEBAQEBAQEBAQEBAQEBAQEBAQEBAQEBAQEBAQEBAQEBAQEBAf/bAEMBAQEBAQEBAQEBAQEBAQEBAQEBAQEBAQEBAQEBAQEBAQEBAQEBAQEBAQEBAQEBAQEBAQEBAQEBAQEBAQEBAQEBAf/dAAQAQP/aAAwDAQACEQMRAD8A/v4oAKACgAoAKACgAoA8N+N7/E5P+FS/8Kz/ALS+b4x+GV8e/wBnRWcv/FvDofik619u+1o/l2H9pjQ/Okttt0JPIEbBGkVgD3KgAoAKACgAoAKACgAoAKACgAoAKACgAoAKACgAoA+X/H/wu8eeIP2tf2a/i5o9zbx/Dv4afCn9pvwn44tH1WW3ubnxD8T9S+AFz4Flg0dVMWpx20Hw+8YCe7lZX0s3ESxhv7RfaAfUFABQAUAFABQAUAFABQAUAFABQAUAFABQAUAFABQB4d4T8CeMtI+O3xb8e6nqUc/gvxf4d+H+m+F9NXUrqeWxv/D1nqEOuSyaZJGtpYC6luIGSW3kd7vYWmCFF3AHuNABQAUAFABQAUAFABQAUAFABQAUAFABQAUAFABQAUAFABQB/9D+/igAoAKACgAoAKACgDw343/E/W/hl/wqX+xNO0/UP+E++Mfhn4d6r/aCXT/YtH1rQ/FOp3N9ZfZZ4Nl9FPodrHE9wJ7YRzTB4Gco6gHuVABQAUAFABQAUAFABQAUAFABQAUAFABQAUAFABQB8yePdf8AjLZ/tX/s4eHPC8Guv8Ddc+Fn7S2ofF24tPDdrfeH4PG2g6l8BE+D0et+KZNLuLvw9fz2esfFA6Hpltq+mReI0h1eS5tdTOh27WAB9N0AFABQAUAFABQAUAFABQAUAFABQAUAFABQAUAFAHhvhPVPidcfHf4t6Vr0OpL8LtP8O/D6bwDNPpFrbaZJq93Z6i3ixbHWI7OK71OZLhLT7VBcXt0lkxRIY4A7BwD3KgAoAKACgAoAKACgAoAKACgAoAKACgAoAKACgAoAKACgAoA//9H+/igAoAKACgAoAKACgDy/4nfFLSvhf/wgH9q6dqGo/wDCwfiLovw407+zzbD7DqWt6XrmqQX979pmhzYwxaFcRy+R5tx5k0JSF1DlQD1CgAoAKACgAoAKACgAoAKACgAoAKACgAoAKACgAoA+bPHXxr13wr+1N+zv8B7TSNMufD3xj+GH7R/jnW9auDdf2tpWofBjUfgVZ6HZaaI5Vsza6snxV1d9TNzDLMG02w+yvEDcCUA+k6ACgAoAKACgAoAKACgAoAKACgAoAKACgAoAKACgDxTwt8UtQ8QfHD4rfCqbSbW3074e+HvAWs2WrRzTPd6lL4vtNQubmG4hZRDElm1mqQtEzNIHJkC4XcAe10AFABQAUAFABQAUAFABQAUAFABQAUAFABQAUAFABQAUAFAH/9L+/igAoAKACgAoAKACgDzH4mXfwytf+EC/4WWunN9o+Iei23gL+0La8udvxDfTNcfRWsvskU32e/GmR655Nxc+XapGZkklV3jDAHp1ABQAUAFABQAUAFABQAUAFABQAUAFABQAUAFABQB4l4r+K/gbw78e/g18HdW8P6hefEH4oeBPjV4v8FeJIdM0i403QtA+Fd78KLXxxpt/q1zfQ61ptzr8/wARfCMlha6Vp17Z6kui3ratcWL2GmrdgHttABQAUAFABQAUAFABQAUAFABQAUAFABQAUAFABQB5joPxG8L638UvH/w2sNMv4PFPgfR/Ceq+INTms7GLT7+z8UW93PpMNnexXcl/dS2kdrMtzHd2dtFAXUW7zBnZQD06gAoAKACgAoAKACgAoAKACgAoAKACgAoAKACgAoAKACgAoA//0/7+KACgAoAKACgAoAKAPMfiZ8OvC3xE/wCEC/4SjUtQ07/hCPiHo3jzw/8AYL6wsvt3iTSNM1zTrGwvPt1nefarGW11m/lltLP7LeySQRSRXUccUqSgHp1ABQAUAFABQAUAFABQAUAFABQAUAFABQAUAFABQB4f4st/gm/x/wDgvc+KjY/8L6g8B/G2P4NiW71yO/PgWe9+Ex+NBsrO0mXQLqAXkPwp+2za1BNf2rG0GiSQpcasJQD3CgAoAKACgAoA/Bj9iH/gs/4Y/az/AOCoH7aP7CMmm6bo/hr4R2un6r+zt4o+z3dtd/FPSPB7w+Ffi5qcF9cTCx1nSrbxcbfU/C9/pcCJeaHqvlnzm06a4lAP3noAKACgAoAKACgAoAKACgAoAKAPMdBg+GKfFHx9caCdNPxRm0fwmvj8QXV5JqS6PHb3g8J/brWWd7K3iNubv7K9rBE8q7jOzkIaAPTqACgAoAKACgAoAKACgAoAKACgAoAKACgAoAKACgAoAKACgD//1P7+KACgAoAKACgAoAKAPFPjR8K774pf8Kr+w6raaX/wr34ueHPiRd/aoZpv7Rs9D0XxPpUum23lf6q5nk16KWOaXMSpbyK3LIVAPa6ACgAoAKACgAoAKACgAoAKACgAoAKACgAoAKACgDxLxX8FNG8VfHz4NfHm61u/tNc+DngT41eBdI0CGK2bTtZsfjPefCi81i+vppP9KiuNFf4VaWliltmKVdWvPtPKQFQD22gAoAKACgD88P8AgqR+1JD+yh+x3498W6f4v0DwP8QviVqXh/4DfCHxJ4m1iy0DRtD+JXxevv8AhFtJ8VX+r6jdWVjp9j4A0q41r4iahc3l1BbpYeE7kSSruVXAP5O/+Cr3iD9kf9gnxH/wSv8A2/P2Hv2ifgJ8Q/Gn7E2p+EvgJ8a/Bnwu+MHw78YeNPiD8GNVtrl9W1W90Pwz4gub7Wrporzxza6prl/aXnl6nrPha4nbdZwlQD+5r4ZfETwt8XPh34H+KPgjVLTW/CHxB8LaH4v8N6tYzLcWd/o+v6db6lY3NvOuFljkguFw6jDYyMUAdzQAUAFABQAUAFABQAUAFABQB5hoHwv0fQPil4/+KdtqN/PrPxA0fwlo+p6bMbb+z7GDwjb3dvYy2YSJbnzbpbx2ufPmkTKL5SqN1AHp9ABQAUAFABQAUAFABQAUAFABQAUAFABQAUAFABQAUAFABQB//9X+/igAoAKACgAoAKACgDw3436P8TdX/wCFS/8ACtJtQh/sz4x+GdU8ef2frFno/mfD230PxTDrMV79rvbL+07FtTuNEaXSrb7VdXEiwzR2kiW0jxAHuVABQAUAFABQAUAFABQAUAFABQAUAFABQAUAFABQB8zePPgr4l8VftW/s4/Hew1PRIPCvwd+Fn7SvgbxFpV3Pfpr+o6p8ZtS+At54butGt4dPn06aw02P4Va6utyX2pWFxC9/pIsLfUFlvWsgD6ZoAKACgAoA/AT4h/EG5/a2/4K3fC34afFL9lv9pyb9k79mL4Z+Mr7wP44+If7H/x3HwL+KH7Tvju4sdG1DVrnxR4g+GL+EP8AhH/AHgW0u9H8N+IfEktn4cv9V17xDeaNq1xbyWVxdAH2B/wUE/Ym/ZP+Jn7F37SPw71j9nLwmw8Z/CrxXomjTfCP9np/GXxCsfFj6bNd+DtS8OaB8LPA2u+Nry707xTaaReldI06XckDQ3TxW0srqAfmB/wbLfF39qnwp+yPbfsVftifsy/tY/Bjxl8AdW1jSfhD40+M/wCzj8a/AXhDxt8HJbk3fh6xi8beK/BWleFtM1fwm1xLoFn4bv8AUbK/l0Kz0y4s4r2T7aLQA/p6oAKACgAoAKACgAoAKACgAoA8O8KfC/WtA+Ovxa+Kd1qWnT6J8QPDvw/0fStNhe7OpWNx4Ss9Qt7+W9SS2S0SK6e7ja2Nvczuyo3nJEQooA9xoAKACgAoAKACgAoAKACgAoAKACgAoAKAAkAZJwB1J4FABQAUAICCMggg9xyP0oAWgAoA/9b+/igAoAKACgAoAKACgDw343+OfGfgf/hUv/CG6dDqP/CW/GPwz4O8Uebpt3qX2Lwnqeh+Kb7Ub6P7LLF9hlivdL0yNb+4320ImaJ42eZGUA9yoAKACgAoAKACgAoAKACgAoAKACgAoAKACgAoA8f+O/x/+C37MPww8SfGb9oD4l+EvhN8L/CVus+veMvGerW+k6TaGVtltaQvK3nX+p30uINN0nT4LvU9SuWS2sLSe4dI2AP5Qvin/wAHb3/BOa1/a5+C994K8S/tLa9+z/4O8G/HPw18UtV0D4YQ2XhXxZ4r8W6l8Im+Fnie00DxB4o0TxVqdh4TtPDHxGE1zeeHbDUbFPEkA0/TdQ+33X2IA/ph/Y2/bx/ZP/b++GMfxb/ZP+Mnhn4r+FI5IrXWYNOa603xR4T1KWJZhpHjHwfrNvp/iXwtqnlsJEtNa0y1a4hKXNo89tIk0oB9eUAFABQAUAFABQAUAFABQAUAFABQAUAFABQAUAeG+E4vicvx2+Lc2vNqJ+F0nh34fL4BWeSzOmjWEs9R/wCEsNjFETepKbg2n2o3QWNm2+RkBqAPcqACgAoAKACgAoAKACgAoAKAPzy/4Kbft3R/8E9P2aLj44xfDfxN8Tta1Pxz4H+Hfh3RtE0q/vdI0/V/HHiPT9Ch1vxbfWI8yy0jToruWa3sbZjqniDVBZaLpyRfarjULAA+0Phh46i+JXgXw740h0PxP4dXXLCK5bSPGHhfW/B2vWsuNsv2nw/4htrXVrKGSRWks2uoV+0WrRTxs8ciOwB4dr37eH7EPhXWtV8N+Jv2wv2YPDviLQr+50vWtC1v48/C/StY0jU7KVoLzT9T02+8TwXljfWsyPDc2t1DFPDKjJJGjhlUA9E+FH7SX7PHx4utZsfgj8dvg98YL3w7BZ3Ov2nww+JPg7x5c6Jbai9xFYXGrweF9Y1OTTob2S0uo7SW8SJLl7a4WEsYX2gH5fftK/F7xf8AHL/grL+zx/wT0sPF/ibwr8FvC/7M3jb9rb46WngbxVrvg7WviPq8XjK0+H/w9+GniDxF4XvNK8S2XhKyEt74v1PStK1nTrfxJJJY2OuC+0uB7KUAn/ZL+OXjP4V/8FPv2v8A/gnZ4h8WeK/Gnwu0f4Z/DP8AaX/Z1uPHHiXWfGnivwZ4f8a2x074kfDy48W+J72/8Sav4X0PxfGt94Lj1bUtZvNH0rVG0T7cthp1hAgBe/4Ka/Hn4gJ+0l/wTm/YR+HPjPXvh/B+2T8YfHt78YvF/gvXL7w344sPg38E/BR8aar4W0HxDpLwa14aX4j6xLZ+H9Q8QeH77TNfstMs7630vVLGS8eZQDm0+K/iL9j3/grh8HP2SNH8UeMta/Zx/bE/Z08U+MvC/g3xr4z8T+Ppfhr8cfhNrLWmpv4K1nxrq2s65pPhHxl4INteav4aTWLrTbTxHpsup6Xp1l/at+XAOc0Pxn8YNC/4OB7v4Pap8dfix4y+EWqf8E9dS+KWmfC/xJrWj2/gPwt4qvfi7aeH5bvQ/DPhbQfDWlTTrp2lwxQ6v4gt9b8SKk1xC+tvbuIaAP3doA//1/7pPE3x0+CngrxRZeCPGPxd+GfhTxnqL2EWn+E/EfjnwzoviS+k1SVIdMS00TUtTttSuH1CaSOKyWG2c3UjokIdmUMAX/H3xf8AhP8ACmLS5/if8TfAHw6h1xrlNGl8ceL/AA/4Vj1Z7JYHu1019c1CwW+a1W5t2uBbeaYVnhMm0SpuALeufFD4a+GfCFt8QfEfxA8F6B4DvYrKez8aaz4n0XTPCt1DqSb9Plt/EF5ewaVNHfJ89m8d2yXK8wlxzQAaB8UPht4r8IXXxB8MfEDwX4i8B2MGpXV5400PxRomq+FbS20YTHV7i58QWN7PpUEOli3nOoSy3apZiGU3DRhH2gFPwB8YfhN8Vl1Fvhf8TvAHxGXRzAurN4G8X+H/ABWNMa5Dm2F+dD1G/FmbgRyGEXAj80I5TdsbaAUPDXx1+CfjPxTd+BvCHxe+GfinxpYLeNfeEfD3jrwzrPiWzXTpUg1BrrQ9O1O51KAWM0kcV2ZbZBbyukcpR2UUAGr/AB1+CmgeNIfhvrvxe+GWjfEO4nsLWDwLqvjnwxYeL57nVYop9Mt4vDd1qkWsST6jDPDLYxLaF7qKWKSBXR0NAHnX7RP7Vnwo/Zpn+GVr8RfFvgvQbn4k+PtK8G2lv4n8b+H/AAlPY6fqGn65e3PigRazPG97pemzaOlldGMRRLPfQh7uJgqOAeweLvih8NvAHhy08YeOviB4L8GeE9QntLWx8T+KfE+i6BoF7c38EtzY29rq+q31rp9xPeW1vPPaxRXDvPDDLLErJGzKAFl8UPhrqXgmT4lad8QPBd98Oorae9l8eWfifRbnwdHZ2sxt7m7k8Sw30mjpb286tDPM14I4pVMcjI4IoAj8BfFX4YfFSyvtS+GPxF8D/ETT9MulstSvvBHirQ/FNnYXjRJOtre3OiX19DbXJgkjmEMzpIYnSQKEYFgDJ8FfHX4KfEnWbzw58PPi78M/HXiDToJbq/0Pwf458M+JNXsba3mW3nuLvTtH1O8vLeGG4dIJZZYVSOVljch2AoAST46/BOLxwvwyl+L3wyj+I73Z09fAL+OvDK+MmvhC1ybMeGW1NdZN0LdHnNuLMy+SjSbdik0AP8cfHH4L/DLV9P0D4j/Fv4a+Add1a1jvtL0bxn448NeGdU1KyluZbKK7sbDWtTsrq6tpLyCe1SeCJ4nuIpYQ5kjZVANXxx8VPhj8MtLsNb+I/wARPBHgHRtUmFvpmq+MvFWh+GdN1C4MQnENle6zfWdtdSmEiURwSu/lt5mCpBYAfN8UPhtb+Bv+Fnz/ABA8Fw/Db7Fban/wn8vifRY/Bf8AZ15PFa2l/wD8JO96NF+x3NzcW9vb3P2zyZpp4oo3d5UDADfB3xS+GfxD0G+8U+AfiF4J8beGdMluIdS8Q+E/FOieIdE0+a0gW6u4r3VdJvryxtZLa2dbidJ5kaGFhLIFRg1AGb4E+Nnwc+KN9qWmfDT4r/Dj4g6jo8Uc2rWHgrxr4b8UXmmQzSSRRS6hbaLqN7NaRySwyxxvcJErvG6qSUdaAILD46/BPVPG8/wz034vfDLUPiNa3t7ptz4CsvHPhm68ZW+o6aJG1Gwm8Mw6m+sxXlgsMzXls9mJrYRSmZECPtAHeKvjn8FfA3iWy8GeNfi78NPCPi/UjZDTvC3iXxz4Z0PxDfHUphb6eLPRtS1O11G5N9Oyw2fk27/aZWEcO9yFoAv+Pvi98KfhVb6Xd/E74l+Avh3a649zFotx448XaB4Vg1aSzSCS7j02XXL+xjvntY7m2e4W2MhhSeFpNiyx7wC1rHxQ+G3h7wdb/ETXviB4L0XwBdwWV1aeN9V8UaJp/hK6tdSCtp1xb+Irq+i0iaC+VlNnLHeMlyGUws+RQAeHPih8NfF/hO78e+E/iB4L8TeB9Ph1G4v/ABjoHifRdY8L2Vvo6Sy6tPda7p97PpdvFpkcE0moSS3apaJFI1wYhG5oAo+APjH8JPisdTX4X/E/4ffEY6N9n/tceBvGPh7xWdL+1+aLX+0BoeoX32P7SYJvI+0eX53lS+XnY1AH8M3/AAVYv9W/4LTf8F7/AII/8Er4viVNp/7JX7PemW3if4lxeDvEEZg8Satb+HLTxX8Qr63a2nu7K68WwTajpfwzspbiDf4cgi1PU7SAXJvEvQD999X/AGXP+CU37O/x7/Zw/wCCfmifso/sDWnw2+Jvwn+Ot1490Px98PPht4k+Ko8UeDJ/gXafCyzvPE3ime78T3OteOLP4jeLr2K68Spq3iXXJtH0678L6lp39l3f2gA/nE/aG+DXhn/g3X/4Lv8A7K/jz9mHXbjwR+x7+2tNonhj4gfCvU/El7c+HvCmjeKvFv8Awh2v6Zez6pd+ZJ4d8FeIbvTfG/hbWtYmvL3QNIl1PRTqM8bajcXQB/fV4o+KPw18D+GLPxt40+IHgvwj4O1GSyisPFXibxPouheHb2XUYJbqwitdZ1S9tdPnlvbeGae1jjuGe4iikeJSqOygC6d8UPhrrHgqX4k6T8QPBep/DuG2u7ybx3p/ijRbzwfFaWErwX11J4kt72TR0t7OeOSG6ma78uCVHjlZWUigCHwD8WPhd8VbW+vvhj8RvA3xEstLuEtNSu/A/ivQvFVtp91JGsyW17Pod9fRWs7xOsqRTMjtGwcLtwaAMrwb8dfgp8RdevPC/gD4vfDLxv4l0+Ce6v8Aw94S8deGPEWt2VtazR211cXel6Rqd3fW8NtcSxQTyywIkM0iRSMrsoYALj46/BO08bp8M7r4vfDK2+I0l0lingKfx14Yi8ZPevCbhLNfDUmpprLXT24My24szK0QMgVk5UAk8dfHD4MfC/UrDRviV8Wvht8PtX1W1W+0zS/Gvjfw14X1HUbNriW1W7sbPWtSsri6tjdQy24ngieLz4pItzOrKoBq+N/in8M/hppNjr/xF+IXgnwHoepzpbadrPjHxTonhrS7+4ki8+OCzv8AWb2ztbmZ4AZkjhmZ2iHmAFOaAHN8UPhsvgb/AIWc3xA8Fr8NxZxaifH7eJ9FXwYNPnnitoL7/hJzff2L9kmuZobeO5+2iF5pY4lcu6LQA3wX8U/hl8SNEv8AxL8PfiH4I8deHdKnntdT13wh4p0TxHo+nXNtbx3dxb32paPfXlnaTwWssdzNFPMjxwSJM6hGVqAMvwN8bvg18T9Q1DSfht8WPhv8QNV0iJZ9V03wX428N+J7/TYXkeFZr+00XU72e0iaWOSISTxopkRkB3KwoAitPjr8E77xxJ8MbL4vfDK8+JEV7d6bL4BtfHXhifxnHqNhHLLfWEnhmLU31lLyzit5pbq1azWa3jikeVFVHoAd4t+OXwV8A+IrHwj45+Lnw08G+K9TW0bTvDXinxz4Z0DXr9b+b7NYtZ6Rqmp2t/creXH7i1MNu4nm/dxFnwtAGj48+Lfwr+Flppl98TfiT4D+HllrUk8Wj3fjfxboPha21WW2SGS4j06fXL+yjvZII7iCSZLZ5GiSaJn2h03AFjVPih8NdE8F2/xI1n4geC9J+Hl3a2N/a+OtR8UaLZeELmy1PZ/Z15B4kub2LR5ra/8AMj+xzx3jRXO9PJZ9wFACeGfij8NfGnha88ceD/iD4K8VeC9Ojv5b/wAW+HfFGiaz4asotKjebU5LvXNOvbjTLdNOijllvnluVW0jR3nKKpKgFHwD8ZPhF8VpNUi+GHxR+HvxFl0QWzazH4H8ZeHvFb6St40y2jaiuh6hfNZLdNb3C27XIiExglEefLcUAeGfDv8Aav8AAvj39pn4t/APTviB8LNUn8CaJ4RvND0vQ/FOl3vjG+1TULe+bxZZX1jDrdw07aBc20ENxBa6Zbz6a0pj1As7IaAPZ9e+OvwT8K+MLX4e+Jvi98MvD3j29n021s/BWt+OvDGleK7u51jyv7Jt7fw/fanBq002pm4gGnxR2jPeedELdX3oWALnj/4y/CL4UtpyfFD4o/D34dPrCztpKeOfGXh7wo2prbFBctYLrmoWJvBAZIxMYPMERdA+N4oAv+Jvih8NvBfhe18b+MPiB4L8K+DL5rNLLxb4j8T6Lovhu7fUIpJ7BLbW9RvbfTZ2vYIpZrRYrljcRRvJDuVWNABpXxQ+G2veC5fiRonxA8F6x8PILe+u5/HWl+KNFv8AwhDa6ZLLBqVzL4ktbybR44LCaGaK9la7CWskUkczIyPtAK/gH4tfCz4rW9/dfDD4k+BPiLa6VNHb6nc+B/Fmg+KoNOnlTzIoL6XQ7++jtZZIyJI452R3T5lBUZoAzPCHx1+CfxA8RXnhDwJ8Xvhl408V6fBdXV/4a8K+OvDHiDX7K2sZ4ra9uLrSNK1O7v7eG0uJ4YLmWWBEgmljilZXdAwAXnx1+CeneNk+Gl/8XvhnZfEWW6hso/Ad3458M2/jGS8uYRcW9onhqXU01l7meAiaGBbMySxESIrIQVAJPHnxv+DPwsvrHTPib8Wfht8PNS1O2N7pth438b+GvC17qFmJntzdWVtrepWU1zbCeKSEzwpJGJUeMtvUqoB6bFLFPFFPBJHNBNGksM0TrJFLFIoeOSORSVeN0YMjqSrKQQSCDQBJQB+In/BwtpmpXH/BM/x54itLC8vtM+Hvxg/Z7+IfiySxt5bubS/CHhj4u+F7jXtZe3gV55LbTLeZbi6MSOYrdZJ3CwxSuoB+r3wI+Knw8+M/wn8E/EL4V+LdH8deBtc0HTm0TxZ4euRf6BrUMFrDBJdaPqkQNnqtl5sbpHfafNcWcxUmGeRRuYA/Gn4rfs8ftZav8S/HeqaD/wAEbf8AgkV8RtE1DxVrV3pXj34g/FDSLHxx4wsJ7+aS28ReLbOT9jXxI9t4g1WIrd6pC+v6w0d3LKp1C6/1rAH2H+wP8LfjZ8PNc+I9x8Wf2Cv2HP2N7XU9M8ORaLq37IvjGx8Uar45ntrnWHvdP8axWnwE+DRs7HQ0mt59Fd7vXRNPqepAW9j5ZkugD5O/aA8In9m7/gtz+z7+2Z4zWPw/8A/jx+yL4w/ZW8TfEa/YWnhjwl8bdE8dWPjXwPZeM9dm2aZ4cs/GPhRLvSvDNzrN1Ywarrmlz6XZTz3rx29AHBfCLxH4K1X/AIKff8FEv+Cn+t6gP+GTv2eP2aPAvwJ8P/GTSrPUvEOieL73wJpt546+O134Jh0Swv7zxXpHgzUY7Hw9PqHhyHVbbUtesNR0/TXuLizmjUAk/bo1nwt48+P/APwRy/4KwfDGa+8TfsyeA/FnjTT/AImeP00PXNLbw58IP2k/hxHpvw3+IviTS9X02x1nwv4Q0vxXJbxeKdT8R6dptv4dj1uyl1p9OQu1AHXeJtG0z9sP/gtv+zv8U/hZeaZ49+Df7Dn7Mvj6Xxx8TvDl/Dq/g+w+Nnxl1lbPw58PNN1uy+0aVqviS08BQXHiHXrXTr64k0Sz1bSYtTS3nvYFYA8qf42fCCf/AIOXINKi+Jngdr+z/wCCbsnw/uLf/hJdJBj8dP8AGiLVl8HeY10sTeJ203ULS8GhJK+pGGYMLY7XVAD+kGgD/9D+9u98LeGdTvo9U1Hw7oWoalCYmh1C90jT7u+iMDBoDHdz28lxGYWVWiKSKY2UFMEAqAS6t4d8P68sC65oej60tqXNsuraZZaituZAokMAvIJxEZAiBzGF3BVBztFAEl1oei32nppF7o+l3elRrGsemXWn2lxp8awjEKpZSwvbKsQ4jCxAIOFxgCgAtND0Ww099IsdH0uy0mVZkl0y00+0ttPkS53C4R7KGJLZ1nDsJlaIiXcwcNlqAI9J8O+H9BEw0LQtH0UXBU3A0nTLLThOUzsMws4IRKUydu/dtycdTtAIrLwt4Z02+k1TTvDmhWGpyiQS6jZaRp9rfSCZg0oku4LaK4cSsA0gaRt7AFskZoAS48LeGLvUl1m78OaDdawjxSJq1xpGnzaksluqrA630ls90rwqirEyygxqqhMBQKAPOfi7J8HLVvAD/Fvwv4Z8RPrPj7SPDPgV/EPhCx8VtZeNb/TtavNLlsWu9N1A6NcCwsdYCaqhthbq8kJnU3IRwD1DUND0XVrOPTtV0fS9TsIXjkisdQ0+0vbOJ4kZInjtrmKWBHjR2SNlQFEdlUgFgwARaHosGmHRYdH0uLRmR4m0mLT7SPTDG7b3jNgsItSjuSzp5JVm5IyaAG6VoOh6DFLDoei6To0M7+bNFpWnWenRTSbQnmSx2cMKyPtULvcM21QM4ACgEGm+FvDOi3Mt5o/hzQtJvJlZJrrTdI0+xuZUdt7JLPa20Usis4DsruQWG45NACHwt4YbVBrbeHNBbWRJ5o1c6Rp51QS7Snmi/wDsxuxJsJTf527aSuQCRQA7VPDHhrW7iG71rw9oer3VugigudU0nT7+4giV2kWOGa7t5pI0WR2kCIyqHZmADMSwBPqeg6HrcEVrrOjaVq9tA2+C31PTrO/ghfbt3RQ3cM0cbbQFyiqdvGccMAK2h6K+l/2G+kaW2i+UkH9kNp9odL8mNleOH+zzCbTyo3RXSPydisqsoBUGgBNO0LRNHtZbHSdH0rS7Kdnaaz07TrOxtZmkUJI0tvaxRRSNIg2OXQllAUkgYUAh0rwz4b0OWafRPD+iaPNcqFuJtK0mw0+WdVJZVmktLeBpVVmLASFgCxIwSaAGxeFvDMGptrcPhzQodZeWWZ9Xi0jT49Teabd50rX6263bSyhmEshmLSbm3FsmgAv/AAv4Z1S9i1LU/DuhajqMPl+Tf3+kafeXsPktuhMV1cW8k8flMA0eyRdjDKYIyoBLq3h7QNeSCPXND0fWUtS7WyatpllqKW7SBBIYFvIJ1iMgjQOYwu4IgOdooAkuND0W705NHu9H0u60iNI449LuNPtJtOjjhGIUSxlie1VIgAI1WICMfdA6UAFnoei6dYSaVp+j6XY6XKsyS6bZ6faWthIlwGFwklnDEls6zh2EytERKGYSBsmgCLSfDnh7QfOOhaFo2i/adn2j+ydLsdO+0eXny/O+xwQebs3Ns8wNt3HGMmgD+Fb/AILK6H8Tf+CPX/BbL4Jf8FkPCfw4v/Gf7M3xgsNJ8DfGi18NWS40XU4/Ddp4Q8YaLIyrFbadretaVpml+PvDc+oXFrZ+IdZstS0hbmFLe+ltQD91tJ/4OBv+CPPjTVvhL4tt/wBpD4DR6B4++H/xF8d+IfGPjTWdD8M+N/hZqnw5Pw7TQ/BnivwJr1jF4+HivxinjLVv+EUsrGxknvv+EG18aOmqR27yW4B/OVr/AMXtW/4OSf8AguT+zprvwA8Ea4v7Cv7Bep6B4o1z4k+I9JudMtvEtp4V8VN4yj1jUbDUIcWt58QvF9npeh+HvCV28Op3PgzTbvVtQ0+1uYNRs1AP9Ay90HQ9SsItL1HRtK1DTIDEYNOvtPtLuxhMCGOEx2lxDJAhhRmSMrGCisVXAJoAWHQ9Ft9MOi2+kaXBo7JJG2kw6faRaY0crFpYzYJEtqUkZmaRTFtdiSwJOWAG6ToGhaDHLFoei6To0U7iSaPSdNs9OjmkA2h5Us4IVkcKAoZwzADA4HygEGneFvDOj3Ul9pPh3QtLvZldJrzTtI0+xupUkYO6SXFtbxTSK7qHdWdgzKGIBAoAR/C3hiTUxrcnhzQX1kSCUas+kae2piVV2LIL82zXYkCZUOJdwX5RlSQoA7VPDHhrXJornWvD2h6xcW6eVBPqmk2GoTQxhzII4pbu3meNA7M+xCF3sWwCcuAT6noWia1bxWms6NpWrWsDB4bbU9Os7+3hcLsDxQ3UMscbBflDIgIXgYBNACnQ9FOl/wBiHR9LOi+WsP8AZB0+0Ol+SjB1i/s/yfsnlq6q6x+VsVlDDBClQBNN0LQ9GtpbLSNG0rSrOdmee003TrOxtpndBG7ywWsMMUjPGAjM6sWQBSSAAoBBpfhnw3ocs1xovh7Q9HnuFCTz6XpNhp8s6hiwWaS0t4nlUMSwEjMAxJHJNACR+FvDMWqHW4vDmhR600kkzavHpGnpqjTShlllOoLbC7MkiswkczbnDMGLZO4ANQ8L+GdWvItQ1Tw7oWpX8HliG+1DSNPvLyERNviEVzc28s0flv8APHsddjfMMHBoAm1Xw/oOvRwxa5omkazFbMzW8eq6bZ6jHbs4VXaFLyGVYmdUUMUVSwVQegoAfPoei3Ompo1zpGl3GjxxxRJpU+n2kumpFBjyY0sZImtVjiwPKQRbY8DaBigAstD0TTbGTS9O0fS9P02YSrNp1lp9paWMqzgrOJLSCKO3kEysVlDR/vAxD7gaAItJ8OeHtBM7aHoOjaK1zsFy2k6XY6cbgR7jGJzZwQmXyy7lPML7dzYxuJoA8n8K+KvA+pfGf4jfD/TPBGnaZ4n8A6P4U1vUvFEWmaRC+qJ41t7y6jjguLeFdQEsP2NheNO+JmZSC3O0A9UuvC3hi+1FNXvfDmhXmrRPC8eqXWkafcajG9vt+zul7NbyXKPBsXyWWRTFtXYRhdoBJq3hzw9rxhOu6Do2tG33C3OraXY6iYA+N4h+2QTeVvwN2zbuwM9PmAJb3Q9F1Kxj0vUdH0u/02IxmLTr3T7S6sYzCpSIx2k8UluhiVmWPbH8ikhdoJoALfQ9FtdNbRrXR9LttHdJY30q30+0h01o52LTo1jHClqyTMzNKpiIkZiWySTQAzSfD+g6Ckseh6JpGixzsHnTSdNs9OSZ1GFaVbOGFZGUcBnDEDgHAwoBDp/hbwzpF5JqGleHNC0y/mV45b7T9I0+yvJUkZXkSS5traKd1kdVd1aRgzKrNkgGgBJPC3hibUxrUvhzQZdZV1lGrSaRp76mJEXYkgv2tzdh1T5VcTBlX5QcUAO1Xwx4b12WKfW/D2h6zNAnlwTarpNhqMsMe4v5cUl5bzPGm9i21Cq7mLYycsAbaqqKqooVVAVVUAKqgYCqBgAADAAGAOBjFAC0AMkjjljeKVElilRo5I5FV45I3Uq6OjAq6OpKsrAqykgggkUAOVVRQqqFVQFVVACqBwAAMAADgADHpjFAC0AFAFe7tLW/tp7K+tre9s7qJ4Lq0u4Y7i2uIJF2yQzwTK8U0Uikq8ciMjKcEEGgBsNjZW1mmn29na2+nxwfZo7GG3his47bZ5f2dLaNFgWAR/J5SxiPYdu3HFAE/lRiPyRGnlbPL8rYvl+Xjbs2Y27Nvy7cbccYxxQBU07S9N0e0jsNI06x0uxiLGKy060t7G0jLsXcx29tHFChd2ZmKoCzEs2ScqAXqACgD//R/v4oAKACgAoAKACgAoA8x+JnhPwF4r/4QH/hPL+Gw/4Rz4iaL4m8H+dq8Ok/bPGthpmuWml2MfnEf2lLLYahq0i6XFmadYmmUEW7FQD06gAoAKACgAoAKACgAoAKACgAoAKACgAoAKACgDhfiZ8MPhz8ZvA3iP4ZfFnwP4W+I/w98X6dNpXibwZ4z0Sw8Q+HdasJh80F/pepQXFrKUYLNbzbFntLmOK5tZYbiKOVAD+b/wCIH/Bs3/wQll+P/grwrqnwe8feEvGnxU0r4geOfCfwn8M/Fn4sW/gnXdC+Gl54Nj8eTR3RuNTuPD9npNx8QfCcS6Z/wmWi3FzHq23QIJ4tPvjYAH77/s0fspfs5/sc/DLTvg7+zF8IPBnwa+HWmyvdJ4e8H6cbc3+oSIkc2ra9q13Lda34k1q4SKNbnWdf1LU9UuFSNJrtkRFoA+g6ACgAoAKACgAoAKACgAoAKACgAoAKACgAoAKAPMdB1P4ZT/FHx9pmgx6cvxQsNI8JzePpYdMvINRfSLq3u28Ji+1OS1js7+JbdbsWsNtdXElou9ZkiLqtAHp1ABQAUAFABQAUAFABQAUAFABQAUAFABQAUAFABQAUAFABQB//0v7+KACgAoAKACgAoAKAPH/i78KR8VP+FaZ13+wv+Fd/FPw/8Sh/xLf7S/tc6Ho/iLSv7G/4/wCw+w/av7f8/wC3/wCl+V9l8r7HJ53mRAHsFABQAUAFABQAUAFABQAUAFABQAUAFABQAUAFABQB4h4s+Gnw7174/fBj4q634hurL4m/DnwH8bPC3gDwzHrOk2tpr/hr4k3vwmufiFqVzodzZS6zq8vh+48B+CY7W+0q/s7PRxrdwmqwXr6pprWgB7fQAUAFABQAUAFABQAUAFABQAUAFABQAUAFABQAUAeY6D4C8H6P8UfH3xA03Ubmfxl4x0fwnpvibTZNRs5raxsPDlveQ6JLBp0Vul7ZPdRXM7Sy3VxNHclA0CxBWDAHp1ABQAUAFABQAUAFABQAUAFABQAUAFABQAUAFABQAUAFABQB/9P+/igAoAKACgAoAKACgDw743+EfHni3/hUv/CCahPp/wDwjfxj8M+KPGHk6xNo/wBs8F2Gh+KbTVLGXyZYv7Thlv8AUNJkbSpd8Nw0KTNGTbKaAPcaACgAoAKACgAoAKACgAoAKACgAoAKACgAoAKACgD5y8cfBHVPFf7T/wCz78fLfW7C00n4NfDP9onwJqWgTW9w+o6zd/GrUPgfeaZfWNyn+jQW+ir8KNQS+jnzJO2rWZt+IZioB9G0AFABQAUAFABQAUAFABQAUAFABQAUAFABQAUAFAHjHhf4VXPh741/FP4sSaxBc2vxE0DwJosGjJayRz6Y/g+0v7aWea7MrR3C3xvA8aJDGYQhDM24UAez0AFABQAUAFABQAUAFABQAUAFABQAUAFABQAUAFABQAUAFAH/1P7+KACgAoAKACgAoAKAPDfjf4g+I/h//hUv/CurHUL7+2fjH4Z0Pxx9g0N9b+yeArvQ/FNxq95e7bW6/smxi1Kz0WOXWG8hbaSWGA3CG5COAe5UAQXUMlxbXNvFdT2Us8E0Md7ai2a5tJJY2RLq2W8t7q0ae3ZhLCLq1ubYyIont5ot8bgH8h/xL/aB/wCCjVt/wX20T/gmh4e/4KSfHPw7+zr4v+D6fFi31GD4J/sTan8StDuX8K2+qzaBZ+ItS/Zel0WfTV1aSY2s994au7+LTBFaT3F5dq+pOAe7f8FDP20P2/8A/gi748/Zu+LfxM/aG0b9uL9jP4zfFXSPhD8S9G+KHwk+H3wx+O3wwv8AUxHJb+JPCnjH4KaV4H8EeJo5rM3+ovY6z8PbdT/Y8mlILZtQi1e3AP6cdJ1KDWdK0zV7UMLXVdPs9Stg4AcQX1tFdQhwMgN5cq7gDgHpmgDQoAKACgAoAKACgAoAKACgAoAKACgD5k8e+F/jBqH7V/7OHi3wzd61H8EvDXws/aW0n4s2dr4oi0/Qbrxp4n1L4CS/CKbWPCTapbzeJb60tPD/AMTV0bVotI1JPDCXOqxS3el/8JBGmoAH03QBDcXFvZ2893dzw2trawy3Fzc3EiQwW9vAjSTTzzSFY4oYo1aSSR2VERSzEKCaAP5kfgv/AMFC/wBsX/gsj+1N8cPhh+wH8S7D9kf9hT9mLxX/AMIV8Qf2tbfwJ4Z+JPxq+OPjPyrhZvDfwg0b4h6N4h+Gng3RI4lTVLjV9f8AD2u+ILbSbzQtSS2t7jVpNM00A+l/2y/2Vv8AgqB8Cf2a/iJ49/YT/wCCkvxu+J/xP8E+DPEHiKT4ZftVfDT9mj4i2XjuPTtIubnUofBXizwB8EPhX4n8KeMfJinvvDlpql14q8PXmrR2ulHTrCCfzqAP1E/Yx8c+KviZ+yZ+zl8QfHN9can4z8ZfBzwD4i8Vahdxww3V54g1Tw9Y3OrT3EVukcEU0l7JMZI4Y0iRsqihQAoB9M0AFABQAUAFABQAUAFABQAUAFABQB4b4T0H4k2fx2+LfiDXLvUJPhnrHhz4fW3gWzm1xLvTrbVtOs9RTxS9loQu5H0mWaeW0NzcvZ241BlVxJN5WVAPcqAPjL/goAnxU039kb4/ePfgx8cvHXwF+Ifwq+DvxR+J3hnxT4I8O/CbxR9v1nwN4H1rxNpekeItG+Lnw3+JGj3egXd5pUUF/HpVpo2rGCeU2+rwOqFQD8H/APgiB4z/AOClf/BSP9hfQP2rvit/wVH+MHhzx7rvjz4h+GLXwvon7N37Gdx8PbWx8G+I7/w7Zy6hp0fwI0jxbqVxdvYG8uWsvGeiJsl+zRKjJ9ocA9o8Wf8ABUX9rn/gmR+1P8H/ANm//gqdpnws+JP7PX7RfiOXwz8Ev2/Pg9oWp/C/RtL1/fBCnhX46fCnVdV8Wab4c1OK8vtPhu9d8O+KItGsbHULHU3tryxTV73SwD+j+3uILu3gurWaO4trmGO4t7iF1khngmRZIZopFLLJHLGyvG6sysjBgSCDQBNQAUAFABQAUAFABQAUAFABQAUAFABQAUAFAH//1f7+KACgAoAKACgAoAKAPGvjH8VLn4W/8Kv+zaLFrX/Cwvix4d+G0/m3r2X9lQa5o3iTVX1ePZa3P2qS2bQUgW0byEkF0XNwhiCOAey0AFAH8S/7WWl/G7WP+DsD4e2P7PXjT4ZeAPibJ+ybZNpfiT4u/DrxN8UvBNtZp4PtzfwX3hDwl8SfhPrV3c3EW1LS6g8ZWsdo4MktpeKRGoBy/wDwWS0j9sL9n741fsr/ALT3/BY5PBP7Zf8AwTt+Gfxh0JdD8I/sdC6+AWjfD34sX0k2paP4n+LXwm+IUfxM8X/Faym0/wAPyy6ZoVj8ZtO0cJpd9Y3eo2o1SfTNcAP7VPhd488F/FL4b+BPiP8ADnUbfVvAPjjwnoPijwdqVpGYra88N6zptvfaRPDEwUxxtZTQ7YyBsxt7CgDvKACgAoAKACgAoAKACgAoAKACgAoA+XviB8RPiPon7W37NXwy0OB3+F/j/wCFH7TniX4hXA0Y3SQ+Jvh7qX7P9v8ADqN9d8sjRzPb+NvHJSxMiHWfJZwr/wBlnYAfUNAHyr+3VD4nuP2Jf2wYPBUkkPi6b9l/49xeGpYXkjuI9bk+FnipdNe0kixJHeLdGI2cin5LnymOADQB/Ot/wZx3vh+f/gmV8RLOwDf8JVpn7TvxCt/H7yMrSSa/NpXh+7smkwA4f+wJ9KDeYWYlSwwpUUAf1pkZ4PIPBB70AV7S0tLC2gsrG1t7KztY1htrS0hjt7a3hQYSKCCFUiijQDCxxoqKOAAKALFABQAUAFABQAUAFABQAUAFABQAUAeG+E/GPjnU/jt8W/BmraeYfAfhfw78Pr/wjqJ0q4txe6jrlnqMviGIas5+z6j9mmgt1MEID2e7bKSXUKAe5UAfK37dX/JkX7Y//Zq37Qv/AKqTxfQB+IH/AAaU/wDKHr4c/wDZYPjp/wCrL1+gDgv+Dwe08HT/APBJi2m8RJZnxBb/ALSfwuHgh5BD/aH9sTaF46W+hsS3+kGKXS1uGvI4NyO0Vq0ykxxFQD+gT9iWDxna/sf/ALMlv8RPtn/CdQ/A34aR+K/7RMpvv7cXwppgv/tZnJmM/nbvM8w792c4zQB9Q0AFABQAUAFABQAUAFABQAUAFABQAUAFABQB/9b+/igAoAKACgAoAKACgDzH4meOvBngb/hAf+Ey06TUf+Eu+Imi+DfC/l6Za6l9h8Wanpeu32nX7/anT7CkVlpWpRHULfdcwmdYkUpNIVAPTqAILqWSC2uJ4bWa9lhgmlisrZrZLi7kjjZ0tbd7ye1tEmuGURRNdXNvbK7qZ54Yg8igH8h3xW/Zx/4KZz/8F7vD/wDwUz8If8E2/ip4q/Z88JfCiD4TJosn7RH7EuhfErWUXwrDpN34j07QdQ/aWbRY7b+14mNjY6n4i067uNLZLm7WxvN2noAe1/8ABUf9mn/gqJ/wWY8A+BP2QIf2U9H/AGDv2aJfiRoHj74wfF747fHH4O/Er4maxYeGo7y1s/D/AIM+Hf7PPjL4paRFII9W1HUANb8VRwatfwaZDNqHh23tLh9QAP6MfgH8G/DH7PHwT+FHwJ8FNcv4S+EXgHwv8PfDsl55f2qTSfCukWukWclx5KRxCWSK2V3EaKilsDIGaAPXKACgAoAKACgAoAKACgAoAKACgAoA8B8ZfHH/AIRL9o/4Ffs//wDCM/bx8afh38evHv8Awlf9sfZv+Ec/4Ujf/Bqy/sr+xP7MuP7W/wCEl/4W15v23+1tN/sj+wdn2XUv7T32AB79QBBdWtrfWtzZXttBeWV5BNa3dpdQx3FrdWtxG0VxbXMEqvFPBPE7xTQyo8ckbMjqyswoA/l2+E3/AATy/bn/AOCOH7WHxs+KP/BO/wCFvh79sD9hb9p/xbP45+IP7JP/AAsPwr8IPix8DfFZkJfXPhZrvxF1fT/AvjDT49OkGmQ6dqGtabrGr2Gn6VpV0bGTS49X1IA/VDTP2s/24fjfpyeHfg5/wTy+LP7PfiHUE+x6h8Uv20PGvwL0H4eeB5JAVn1fT/BHwP8AjF8XPiX8TbvTwHlsdATS/AWj61N5EF1430SCSW6iAP0Z8FaR4g0Hwj4b0XxZ4puPHHibS9G0+y1/xhdaZpmi3HiTVoLdEvtYk0jRre00rTTfXAknFlYW8VtbqwijUhQzAHT0AFABQAUAFABQAUAFABQAUAFABQB5D4b+Ky+IfjF8S/hMNDa0b4daH4K1ptdOoCZdW/4TG1vbkWw077FEbI6f9j2GU3119p8zIig24cA9eoA+Mv8AgoAvxc1f9kb4++APgf8AAzxj8e/iN8Vvg98T/hh4a8L+EvFfwk8Gx6dq/jrwTrPhjTda8Q638X/iN8OdGt9BsbrVkub86Veavq/kW8q2+lTO6bgD8Jf+CI3gD/gpv/wTX/Yc0D9lH4r/APBLv4p+KfGuh+PfiD4mtfFvhn9p39iVfAU9h4z8RX3iK2TU7mX9oafxZp89nLftZ3Caf4R1tTHCLmJ3ZzbqAfQ3iv8A4Jv/ALYf/BSf9qn4L/H3/gpwPg98LP2Zf2avEUnjT4L/ALCnwl8Wax8Wj4o8dgwtbeMfj/8AE2/8PeDvD2uTafcWlncWPhzwzoeoaO9tbw6fNNBDLro8QgH9DsMMNvDFb28UcEEEccMEMSLHFDDEoSOKKNcLHHGihERRtVQFGABQBJQAUAFABQAUAFABQAUAFABQAUAFABQAUAFAH//X/v4oAKACgAoAKACgDgfil8Uvh38Evh74u+K/xa8ZaB8Pvhx4D0W78Q+LvGPijUYNK0PQtJs1Blury8uCEDO7Jb2tvGJLm9vJreys4Z7u4ghcA/jn/ag/4PA/+CeUnjnSPDPw5/Zf+P8A+0d4Y+Hfjez8UaJ8Qzf6V8LNBn8R6Nbalp1nr/hjTLvUrzxLq1lHZatqKQ23izRvD8dz5/mTaaNlvOgB+0v/AATF/wCC+P7Bn/BUnUZfAXwl8ReJvhf8d7PT5dSvPgV8YrDTfD/jO/sbRU+36l4P1DSdV1rw14y020kY+eukax/bllb+VdatoWmxTRMwB+2NABQAUAFABQAUAFABQAUAFABQAUAFABQAUAfLn7X37Z/7Nv7CXwb1r47/ALUPxO0T4ZfD7SWNpb3Ooedd6z4k1qSGWaz8N+EvD1hHcav4k8QX4hf7Pp2l2szpGsl3dtbWEFxdwAH8l/jH/g85/YYPxW0nXND/AGG/jv4z0fwqniDRPDXxX1j/AIVbpXxA0zw74in0hvE6+F9In1HVrjTNO8SHQNAudW0tfGmlR6s2j6L/AGxGsunWn2cA/pZ/4J1/8FVP2N/+CoXw6vvHf7LnxBl1HVfDv2ePx18L/F9nF4c+KPgG4ut/2ZfEnhg3d4r2N2Y5Vsde0S+1jw9fvDNFaarLPb3EMQB+jVABQAUAFABQAUAFABQAUAFABQAUAFABQAUAfm1/wUb/AOCsH7GX/BLfwDpnjL9qPx9eWmu+J0um8B/CnwTp0fib4pePHs8i4bQfDhvLC1s9NhkHkzeIfEuqaB4bhucWkmrrdOkLAH83nhD/AIPRP2JX+JF1e+Jv2I/2gvB3hfXZ7HT9U+JekS/DLWvGNxplq7Q6dc69oKanoxu7TTIpXkFpb+LtWmtIGnTTre6mKwSgH9ZX7In7ZH7OX7dXwX8P/H39mD4laP8AEz4b+IN8Av7Bbiy1bQtWgVDe+HvFXh/UYrbWfDXiHTy6reaRq9na3cYaOVY3glimlAPp6gAoAKACgAoAKACgAoAKACgAoAKACgAoAKACgAoAKACgD//Q/s5/4b6/Y9/6Lz4K/wC/uo//ACDQAf8ADfX7Hv8A0XnwV/391H/5BoAP+G+v2Pf+i8+Cv+/uo/8AyDQAf8N9fse/9F58Ff8Af3Uf/kGgA/4b6/Y9/wCi8+Cv+/uo/wDyDQAf8N9fse/9F58Ff9/dR/8AkGgD+O3/AIOff2z/AA5+1z8ZP2Bv+Cdfwk+NdjpfwV+MXjzQ/Fnxw8W6Jd30OnJDq3jSLwZpTa0rxIl5F4L0m08Q+JLTTpLaeC7vdQtzMjyQ25iAP6Avgb4A/wCCSn7M3wW+C/wP+Avjj4TfDHwz8JPF3hjxlealpGipdeJviTrWgaFrujXVz4/8SXOmJrHiS91ttfu7y9v9UubuZCiW0EUVqFhQA/me/wCDkP4f/sc/AHxj+zf/AMFRv+Cdfiz4efDP9pHwH8btBsfH2jfCux/4RvS/F+pPb33iHw540u/D+mWel6ZHqEh0TWtB8cT28ar4s0rV7eHVopp5b64vQD+yD4I/8FMf2TviX8Hfhf8AEHV/jJ4T0PVfGfgPwt4k1PR7ua+N1puoavo9peXtnP5enrH5sFzLIjBFVQRgDA+UA9R/4b6/Y9/6Lz4K/wC/uo//ACDQAf8ADfX7Hv8A0XnwV/391H/5BoAP+G+v2Pf+i8+Cv+/uo/8AyDQAf8N9fse/9F58Ff8Af3Uf/kGgA/4b6/Y9/wCi8+Cv+/uo/wDyDQAf8N9fse/9F58Ff9/dR/8AkGgA/wCG+v2Pf+i8+Cv+/uo//INAB/w31+x7/wBF58Ff9/dR/wDkGgA/4b6/Y9/6Lz4K/wC/uo//ACDQAf8ADfX7Hv8A0XnwV/391H/5BoAP+G+v2Pf+i8+Cv+/uo/8AyDQAf8N9fse/9F58Ff8Af3Uf/kGgA/4b6/Y9/wCi8+Cv+/uo/wDyDQAf8N9fse/9F58Ff9/dR/8AkGgD+IL/AIKSfFX4Pf8ABWr/AIOCvhF+yz8Zvi/b2v7BX7NPhPS9dv4IdQ1Cw0TxfOnhvSfFnjS3hFssV1BqfirxTqemeEr7VIQl8fCej7bSa0uUt5YgD+rrSPFf/BIDwXrHwb8P+GfEfwA8Gab8MPht8Wfh78OfhLomk6TpPgnUfAvxBk+GP/CxY77wCNC+x+KFhfwJ4GS51C5t7g2TXTG/aeTVUZgD+RP9re+/Zp/4JJ/8F0/2Ov2ov+CfHjzRPDXwD/aa8Q6L4X+Ovwr8FS3Nl4I8OWfi/wAX23hDx5pdvo3kwrD4OMV/ovxD03R4E8jStd06S00iG20+2t7RgD+61P2/P2PHVXHx58F4dQwzJqIOGGRkfYeDg9P8KAHf8N9fse/9F58Ff9/dR/8AkGgA/wCG+v2Pf+i8+Cv+/uo//INAB/w31+x7/wBF58Ff9/dR/wDkGgA/4b6/Y9/6Lz4K/wC/uo//ACDQAf8ADfX7Hv8A0XnwV/391H/5BoAP+G+v2Pf+i8+Cv+/uo/8AyDQAf8N9fse/9F58Ff8Af3Uf/kGgA/4b6/Y9/wCi8+Cv+/uo/wDyDQAf8N9fse/9F58Ff9/dR/8AkGgA/wCG+v2Pf+i8+Cv+/uo//INAB/w31+x7/wBF58Ff9/dR/wDkGgA/4b6/Y9/6Lz4K/wC/uo//ACDQAf8ADfX7Hv8A0XnwV/391H/5BoAP+G+v2Pf+i8+Cv+/uo/8AyDQB/Cb+w5f/ALMf/BWP/gt9+2l+2J/wUG8YeHPEvwX/AGfPEEFh8B/hT48lu7/wVrNnH4h1vQvh5pl7oMsV9Zan4d8IaB4ak1TWNEubW10vxFr+tw6pqUF04vbecA/qh+O/7Zf/AAQl8Jy+Lvhp+0H8Wv2Y10j4neCdA0TXPhb4y0Ial4QfwjoVvf6RoS6V4Tj8OXGleG2tYprpbK70uDT7+2kSG8spYZobe4QA/kq/4Jf/ALcH7Gn/AASi/wCC2P7Qvws+C/7UXhzV/wDgmH8ddAutR0jxhdavr2o+DvCmtPpVj4s8Hxzyz2KXp1jwhJd678Pb/UW0qOfWALBp55reztHoA/sn/wCH+X/BH3/o/L4L/wDgR4j/APlFQAf8P8v+CPv/AEfl8F//AAI8R/8AyioAP+H+X/BH3/o/L4L/APgR4j/+UVAB/wAP8v8Agj7/ANH5fBf/AMCPEf8A8oqAD/h/l/wR9/6Py+C//gR4j/8AlFQAf8P8v+CPv/R+XwX/APAjxH/8oqAD/h/l/wAEff8Ao/L4L/8AgR4j/wDlFQB+gn7OP7UHwD/a5+HFv8XP2cPid4e+LXw4utU1LRbfxb4Ye7fTJdU0i4a11KzU3traTebaXCNFLmLbuXgkYLAHvVABQAUAFABQAUAFABQAUAFABQB//9H+/igAoAKACgAoAKAP5LP+Dov9gr4+/E7wt+zb/wAFHP2SdGv/ABF8c/2E/E0HibXfD2kWVzqutX3gLRvENl430bxDpmj2Qju9Vs/BPiWxv7vxPpdvNJPe6Brk9wIUstN1GegDmfhH/wAHPH/BOr9qj4NfAjV/jl8Ypv2SPjd8MfiV4R8a/GL4e+P/AAh8UNX07UoPDfh3xRpHiAeA/Evw68GeLtN8SWup6pqlreaXo+rNoesfZ0ZdQ0y2uYoklAPy2/4KRftx+K/+DmX9qf4Cf8E6f+Cengvxvd/ss/D7x3Z/EP4x/HPxDoN/4et7m1Rv7K1Hx5eaZqUDN4Z8OeFtAn1i18E2viOGw17xR4k1iS0m0y0heNIAD/QM+GvgTRfhd8PfBHw48NwJbaD4F8K6F4T0iBNwSOw0LTbbTrYKGLMAY7cHBJIzigDtqACgAoAKACgAoAKACgAoAKACgAoAKACgD+Gv/gu18Jv2g/8AgmB/wVR+CP8AwXQ+AHgHV/iT8JdQtPD3g39pfQNHhcW+lPY6JB4GvdP16aGK8Oj6P418KW+lXmh+I5beOyt/HekiPVPllt01AA+7bb/g4z/4IvfFjxv8Bv2x9e/a18R/C/xD8FPhT8dvBuo/s+eKPgT8UtS+IOo6l8brn4O6hJbJqvhnRdX8NyXfh2b4Sx2lvJod94g0PVf+Eh8+81zQk0qYXAB+Snwc8Z/FT/g5S/4LUfBr9qDwx8MPGfw9/wCCfP7CGpaDrPh7XPGGnxwtrOqeEdcbxd4esry4tZJNJm8eeNPGf2HXb/QdOvdVTw14P0u2sdUvZJpbC41AA/0EQAAAAAAMADgADoAOwAoAWgAoAKACgAoAKACgAoAKACgAoAKACgAoA/z6vif4u+Lv/Bs5/wAFkvjV+0R4n+F3inx3/wAE6/289cutQ1HxD4Rg+0y6CLvWtQ8SW+nWcrfZdMbxn8LNX13XLYeGNXvLOfxD4W1T+2LGcyvapOAfsP4g/wCDlH/gjH8LJ/in+1B4Y/aj8R/FXxT8R/Bvg+y0n4D+F/gx8TtM8djU/B2m38dtpU2o+J/DukeG9Nn1Ce7EV1ea5qmlaXZFGe2vtSUorgHwL/wQX+Cn7Sf/AAUn/wCCmXx1/wCC7P7S3gC8+G3w612w1jwd+zj4e1D7Ug1YTWdh4Y0+fw7LfW0Fzq3hrwB4J0mLww3iOO3t7DXdZ1HUUtCZNNuo0AP7iKACgAoAKACgAoAKACgAoAKACgAoAKACgAoAKACgAoAKAP/S/v4oAKACgAoAKACgAoA/Dr9uD/giV/wTs/aE8b/DP4j337DPwn1vxrrnxq8OP8Vdd8F6PqngKXWPBM+jeJ5vEOpeKbT4f6t4X0/UXudYj0OTUtcubWXWbi4dTNfuLm480A/UT9nX9lL9mz9kfwUPh5+zN8EPht8EfB5kWe60j4e+F9N0E6rdKNovte1G3h/tXxDqO07TqWuX2o3zL8rXGBhgD6BoAKACgAoAKACgAoAKACgAoAKACgAoAKACgDM1rRNG8SaTqWgeItI0zXtC1myuNO1fRNasLXVNJ1XTruNobqw1LTb6KezvrK5hdori1uYZYJo2aOSNlJWgD8Fvil/wb2f8E1vGf7XXwX+Kum/sM/A+z+FVn4M+Ocvxl8P6Rca/4W8Pax8QdU1L4RT/AAcvYvh7oPiHTfDklrpltY/FRbu30vR7XSR/aUSaxZXm/TTAAft78MPhR8Mfgn4J0P4a/B74e+C/hb8PfDNsLPw/4J+H/hrR/CXhfR7bJYx6foeh2dlp1t5jlpJmjg3zSs8srvIzuwB39ABQAUAFABQAUAFABQAUAFABQAUAFABQAUAeffFH4S/C743+CdZ+G3xj+Hfgr4p/D/xDD5Gt+DPiB4Z0fxb4a1JArKjXWj65aXti88G9ntbnyVubSXE1tLFMqOoB+M3w0/4N8P8Agl74F/aQ8ffFVv2G/gbd+EprLwZd/DvQtZl8U+LNA0jxDYx3cnii4m8AeJtf1XwettdXhspLe1udJu7FVj221pboHRwD9yNH0bSPD2ladoWgaVpuh6HpFnb6dpOjaPY22maVpen2kSw2tjp2nWUUNpZWdtCiRW9rbQxQQxKsccaooVQDSoAKACgAoAKACgAoAKACgAoAKACgAoAKACgAoAKACgAoA//T/v4oAKACgAoAKACgAoA8P+NvxQ1j4Y/8Kn/sjTbDUv8AhP8A4w+Gvh1qX277T/oOl61ofijVLi/tPs0kf+mwzaFbRRefvg8uaXfGzbCoB7hQAUAFABQAUAFABQAUAFABQAUAFABQAUAFABQAUAfMnj3xD8Y7L9q/9nDwz4Ytddk+B+v/AAr/AGltS+Ll3aeGob/w9beNvD+pfASP4Pxa34qbS7ifw7qFzaa38TzoelQ6vpsfiRLfV5ZrTVDoEL6eAfTdABQAUAFABQAUAFABQAUAFABQAUAFABQAUAFABQB4b4T1n4l3Xx2+Lei67a6lH8MdL8O/D6fwHdT6LFa6bcavfWeov4rSx1tbSOXVJYriO0F1byXlyLFiqLHDvwwB7lQAUAFABQAUAFABQAUAFABQAUAFABQAUAFABQAUAFABQAUAf//U/v4oAKACgAoAKACgAoA8w+JvxP0T4Y/8ID/bWm6jqP8Awn3xE0X4daV/ZyWj/YdX1rS9c1O2v737VcW+ywhg0O6ime28+5WSaER28iGQoAen0AFABQAUAFABQAUAFABQAUAFABQAUAFABQAUAFAHzh44+NmseFf2ov2evgLbaLp91onxk+GX7RfjrVtemmuV1LR734L6j8DbPSLGwhT/AEWW31lPitqb373H72JtKshbcS3FAH0fQAUAFABQAUAFABQAUAFABQAUAFABQAUAFABQAUAeLeF/ine+IPjb8VPhRLpFvbWPw98P+A9ZtNYS5le51OTxfaX9xcQTWzRLFAtk1mqRvHM7ShyXVMDcAe00AFABQAUAFABQAUAFABQAUAFABQAUAFABQAUAFABQAUAFAH//1f7+KACgAoAKACgAoAKAPMfiZL8MYv8AhAv+FmDTjv8AiHosfgL+0UvHx8Q20zXDopsfsYbZf/2YuueS90Psoj84SZcxbQD06gAoAKACgAoAKACgAoAKACgAoAKACgAoAKACgAoA8P8AFnxQ8AeH/j98GPhJrPhy7vviP8SvAfxs8V+BfE8ekaPc2fh/w78Mb34TW3j3TLrWrm8i1vSpvEU/xA8GyWlnpNld2WrDQ7l9Xms303TFugD3CgAoAKACgAoAKACgAoAKACgAoAKACgAoAKACgAoA8w0H4g+E9Z+KXj/4d6dpt1B4u8F6P4T1TxHqclhZQ2l/ZeJbe7n0aK3v4rh728e1itplmjuraGO3LBYHkDOVAPT6ACgAoAKACgAoAKACgAoAKACgAoAKACgAoAKACgAoAKACgD//1v7+KACgAoAKACgAoAKAPMfiZ8NfDnxI/wCEB/4SLUdQ07/hBfiJovxA0P8As+5s7f7dr2j6Zrmm2dhe/bLW68+xmttavZJoLXyLt5IYWjuY0WRJQD06gAoAKACgAoAKACgAoAKACgAoAKACgAoAKACgAoA8R8V2PwUm+PnwZ1DxU2nj482XgT41QfBxJtS1mDUm8C3t78KD8aDYaXa3Ueh6hbLeWnwq/tC51ezur7TmayXR5rVL7VFuAD26gAoAKACgAoAKACgAoAKACgAoAKACgAoAKACgAoA8x0Gy+GMXxR8fX2gvpp+KN1o/hOPx+kGoXk2pLo8FveDwmb7TpbqSysojbtd/ZZbW0t5LldzTyTFVKgHp1ABQAUAFABQAUAFABQAUAFABQAUAFABQAUAFABQAUAFABQB//9f+/igAoAKACgAoAKACgDxL41fCzUfij/wqn+z9TstM/wCFffF/w38SL77bHPJ9vsND0TxPpc2nWnkI+y8mk16GWN5tsISCUO4ZkoA9toAKACgAoAKACgCOaaK3iknnljhhiVnllldY440UZZ3dyFVVAyzMQAOSRgGgCppuqaZrFpFf6RqFlqljMN0N5p91Be2so9Y57d5InH+65/HFAF5mVQWYhVAyzMQAAOpJOAAPXP5UAZela7omuxzTaJq+mavFbXEtpcSaZf2t/HBdQP5c1tM9rLKsc8TgpJE5DowKsARQBdlu7WBts1zbwtjO2WaKNseuHZTj3x+WTuAEs7y01C1t76wure9srqJJ7W7tJo7i2uYZBmOaCeFmilideUkjZlYcg8/MAWaACgAoAKACgDw7xb8E9L8VftAfBb49XGvXdnq/wb8BfG7wLpnh2K1gkstctPjTe/CW91PULu7eVbi2m0JvhTp8dpFBDLHcjWLkztEYId4B7jQAUAFABQAUAFAGdqer6Vo1uLrWNTsNKtWligW41G8t7KBppnEcMIluZI0MssjLHGgbc7sFVWJAoAvo6SKrxsro4DI6MGVlPIZWXIYEcgg4PvQAkkkcSl5ZEiQdXkZUUZ6ZZiAMn3/OgCrDqenXN1LZW9/ZXF5BBFdTWkN1BLcxW08ksUFxLBG7SRwzS288cUrKEkeGVFJaNgoBdoAKACgAoAKACgAoA8t0D4XaVoHxV+IPxUt9TvZ9W+IOjeEdG1HS5VtxY2EPhG2vLezmtWRRcNJdreO04mYoCq+WBzQB6lQAUAFABQAUAFAGbf61o+lyWcOp6rp2nTahP9msYr69trWS9uCpfyLVJ5EaebYrN5cQd9qscABjQBpA55HIPII70AV5bu1gbZNc28LYztlmiRseuHcHHvj8+aAHxTwTKzwzRTKpwzRSI6qcZwxRmAODnntzzxtAKj6tpUcttBJqdgk97cfZbOFry2WW6ufKln+z28Zk3zz+RbzzeVGGfyoZZMbInNAGhQAUAFABQAUAFABQAUAFAH//0P7+KACgAoAKACgAoAKACgAoAjmaRIpXij86VY3aOLeI/NkVSUj3t8qb2wu9uFzk8CgD8erL/gr74Yn+KH7QHwD1D9mb40aF+0P8CPiR8M/hvafA3V9d+E1v48+MUvxWku5/C/i/4RRJ49m0fXvA76Bp2q+Lr3xDquraHDY+F9E13U7yKAaZLCwB+u+j3V/faVp15qmly6JqV1Z2899o811aX02mXUsSvPYy3lhJNZXUlrIWiee0llt5GUtDI6EPQB+YHjv/AILWf8E1Phr4z8UfD7xp+0PeaR4t8Ga7qXhvxJpa/Bv48aiun6zpF1JZ6haC/wBK+GV7pt4ILmKSMXFjd3NrLt3wzyoVdgD6D/ZX/wCCgv7JP7aup+MNH/Zq+KU/xD1HwFZaRqPiuCbwF8SfBo0yz16bULfSpVm8d+EPDEF8bqXS75THp0l3JB5G65SJZYWcA/Pf/gqd491D4h/tp/8ABLD9gifUZh8Kv2i/i58UPiV+0F4YheaKHxx4G+B3gVvEfgzwZryxSxx6r4O13xvIJvFHhy+WfStbg0izttStbm1DwOAYvi3xFZ/sc/8ABbf9m74T/CjS9M8EfBb9uf8AZu8e2/jv4YeGbO30HwZJ8afg3qb32gfEzTfD+nwxaRp3iO88CH/hGPEEum2NlLrlppmj3Op3NzcaejMAfrn+0V8CbL9o3wXpvwv8T+IdZ0r4a6p4jtLz4qeHdB1LVtDvfiT4LtLHUhL8PLzX9B1HSdb0jw9resT6Te+I/wCzL+CXWtK0qfwzfCfRdc1a2nAPwj+E/wCxJ8Kf2M/+C4/w08L/ALA3ha8+Cvwo8Zfse+MfH37YPwo8H32u3PweuLn/AITWPw58IdeudDvtR1DS/Dnj/W7rT9cXS1tlsjPo2havd2tuH1DUZroA+Av299D+FeiftjfFH45f8Fsf+CQXjz4h/szeKvida+DPhR+2/wCEPj3q/j/wZ8Gvg9bSWnhrwBpfj/4S/CTxZokvw30CeSI+IfFGs61qt5qd74k13V7iz0y5jeG1QA/sg+Gtj4E0z4e+CdP+F9to9n8OLPwtodv4GtfDwQaHb+FI9Ot10KLSRGWT7AmnfZxb4Zj5e0sSxY0AdtQAUAFABQAUAfM3jz4L+KPFP7Vv7OPx10/U9Et/CPwf+Fn7SvgfxLpN3c6imv6lq3xk1L4C3nhi60a1g06fTLiw0yL4WeIF1uXUNT0+5tnv9JGn22orPetYAH0zQBla7ealp2janf6Po83iHVLOyuLiw0O3vLLT59Xuoo2eHT4L7UprbT7Wa6ZRFFPfXEFpG7K1xNFEGdQD8jvgR/wV88L/ALQ15H4N8Dfs0fGaz+N1l+0N41/Z68a/s/eJNd+FGk/FX4a6h8O9Nt9T8Y/ETx1pp8d3Oj6T8NtEgv8AR0m1yDWr67up/Efhq107Tb281m3t1AP14vNQt9N0y71XUWNpa6fYz6hfttec21va273N0223SSSYwxxyHbCjvJtxGjMyrQB+TF1/wXa/4JaWV1c2dz+0rex3NpcTW1xH/wAKQ/aEfy54JGilTenwpZH2yIy7kZkbGVJBBoA+1/2XP2yf2c/2z/CviLxt+zf4/l+IPhrwp4g/4RbXtRm8IeOPBxstd/s2y1b7ELLx14b8NX90P7P1Gzn+1WdrcWeZfK+0edHLGgB+VHwk1LRv20v+C0H7dfhf4v6Zo/xH+En7DPwh+Bfwy+Dnw+8WaVaeIPBWleN/i9omseJfi/4wuvC+sR3uhXXi+4lt7Hwva+IZtPfU7bw3bNpdvcRWdzdQzgHSf8Ej/ibrvhr9ob/gpf8AsK3Oo3l/4A/ZJ/aT+1fArT768ubtvAvwZ+K2mf8ACT+Gvhtp73b3FyfD3g6/XVbDw2kl0yWGifYdKtoILWwhRgCf/gt34J/aV+KPw3+EPgX4b/sGah+39+zda+KdY8a/tQfBbQ/j7o/wM8Q+LdL0LTfs3gbQtMl+1Dxb4utLLVL/AFLxRe+F/DVobvVtY0fwtHHdKsFzEwBZ/wCCGl5/wTb1r4DfEnWv2AP2bNT/AGTdeg+Ic3hf9pf4FeOV8Vp8WPh38WfDmn2tpceGfGyeMvEnijVEis7JoZdINjfw6VPBPJdCxs9Rmv4EAP3BoAKACgAoAKACgAoA8O8KfDPxDoXx1+LXxOvNT06fw7498O/D/SNF0yC4vX1GwuvClnqFvqU19by2kdjDFdvdxNavaXlxJIqMbiOFlUMAe40AfMf7YH7Rep/sn/ALx/8AtAWnwX+I3x10j4ZaLeeKPFngr4USeF38cx+FtLhNzrWuaVpvizX/AA1YatDolkk2palaW+pi/TTra5ure2uBA6UAeM/st/t/eF/2vvEPhuD4N/DXxN4h+HmrfCTwD8U/EHxfsfE/gK/8D+C734i6Q2u6F8Mdb+xeIptdufiRDor2Gt6ro2j6RqFlpWi6xo9/f6pB/aVpDKAfT/x6+P3wn/Zk+GOu/GL42eKH8HfDrw3JYRa1r8eg+I/Ej2kmp3kVjZKNI8KaRrmuXHnXU0cWbXTZ1j3b5jHGC6gH5y/8P4/+CV3/AEcxe/8Ahjv2h/8A51FAH6ffCv4oeB/jV8OvBnxY+Gust4h8BfEDw/pvinwlrj6Zq2jNqmhavbJd6fetpWu2OmaxYGe3kST7LqWn2d5Fu2T28bgrQB+Ef/BPPw/4C/4KK/HP/gqn8bf2j/C3h/4xaJpX7U3jn9jz4Q6P4z0q31vR/A/wC+GPh7R7CKw8GWepLdR+EtV8U65qeq+IfE2r+HV07VNS1oWeoXF49zp1jJbgHuH/AAQm+P8A8QvjF+yN42+HvxS8Tap428afsr/tC/F/9mu48Y67dzX2u+IfD/w+8TXEfgy41q5uDJc3OqWnhK60fTry9urm6utQmtGvriYzTutAHp/7TH/BIb/gnL+0f8SviP8AtP8A7Zvwc0344eMbnR4p7vxP8QvF3jrT9B+Hnw98F6IEtdA8NaD4Z8VaHoek6NptjZXesatfyWdxquq6rd6nqN5eeXNBaWoB+c/7EH7NPxE+Cn/BHn9oTxX/AME9/wBnPTLH4pftoeN/iT8XPhT8GtP8eab8N7fQPhj8TPECeHPBVnp3j7x7qk39hatonwJtNPTRtW1W/v7q18Umy1CSGdEnVgDy7/gjd4W/4Jv+C/2w9Z+Fuuf8Eu/E3/BNn/gpt4E+H+qa7H4Y+Jnj/wAafFWz+IPgLU7iysfFHjb4Q/EbV/Elz4R8ZQTagsKatqmkeGdNuYUu5YtIvryxl1DYAf1i0AFABQAUAFABQAUAFABQB//R/v4oAKACgAoAKACgAoAKACgCG5uEtLa4upFneO2hluJEtra4vLl0hRpHW3tLSKa6up2VSIra2hluJ3KxQxPIyIwB/Ll+214R/aY8Y/Frwz/wWX/Z0+B/xl/4Wj+yR8SY/gZ4R/ZcuP2cviFp/wAZ/wBpb9lefxDNofxR1W+8J6j4Dg+JEfiLXtZ1C78Z/CZ2gs/Dul+C9K0q91k2+q3mp6ZcAH9KHwo+Itn8Wfh34T+Ilj4a8deDYPFWj2mq/wDCLfEvwN4s+G/jnQZp4lafS/Efgzxvo+g+JdF1Czm3wSwahpduZCnnQ74XR2APzy8dfCb/AILE3/jLxRe/Dv8AbI/Yh8O+BLvXNSuPCGg+J/2Ovil4i8RaP4elupH0rTta16x/ad0Oz1jU7S0MUN5qNto+mwXcyPNHZW6sI1APoT9ljwT+3f4T1PxhL+2J8ev2ePjHpN7ZaOnge0+CHwH8ZfB280O/hmv21y48QXfin4wfE6LXLa+gk0yPT7ezttJexktruSaa6W5jSAA+PP8Agpb+z98RLv8AaV/4J0ft1fDTwX4g+Iifsb/F/wAeWXxf8FeCtHvPEXjfUvg58bfBZ8F6r4p8PeG9MSbWvE7fDrWorDX7/wAPeHbTU/EN7pV5qFxpmk37WUqIAcc/w98S/tX/APBWP4ZftfaL4H8cWP7OX7Gv7MXjTwd4c8U+LvAfijwZqXxP+OXxR1s6jqlp8N9E8Yafoesa3onhDwZZW+manr66ZBpt34k1iXRtNvrt9Ov2iAPo3xh/wUT8QaX+xJJ+1l4c/Yn/AG2b/wAb6xrGseFPCX7MM/7O3jfWvj6+u2Ov6n4ftNc8T+AvAlv4svPD/gOeLTZPFKeJr25gt7zw3LYi0Y6xq2nabOAfIH7FX7bx1D4jW/grw9/wTq/4Kdaf8bv2gfGA8SfGz9ov9pT9kHxV8CPhn9r0/SXlurzX/HXijU76Dw34U8N6FpkPg/4V+BNPiv1gP9haLutoptS1yAA9c+Mv7T+lft/fsiftM/s7fD79mD9qnw98X/id4P8AH/wGi+Gf7RP7NXxJ+GGneGNc8U6ddeHbHx/4m8fa5ok/wlh8JeGor2Px/p+p6f4+v7zVotIg0/QLS98SzWuksAfpt+z58Lf+FIfAz4RfB7+0pNZPwy+HXhHwQ2qzbzJqD+HNEs9Lku2Msk0h897dnHmSu+CNzMeVAPYKACgAoAKACgD5e8fn4wf8Nbfs1Dwz/wAJF/wpI/Cj9pz/AIWybKNT4Z/4TQan+z9/wqL+35CpaPUjaf8ACzf+EfVXUSRjW9wbYu0A+oaAMDxT4jsvCHhzW/FGo2ev6jY6Dpt1ql1Y+FvDWv8AjHxHdw2kTSvb6J4V8K6brHiPX9SlA2Wul6Lpd9qF1KVjt7aRzigD+XbxroX7T/7Pn7W/wd/4LKfD39nz45eKLb9rvxDB8Ef2s/2PvAf7N/xB1r4w/D/4Bxwi3+D/AMU9b8KeHPAlz45g+JXw/tdKS++K6eIUkguZdZuNB8KwanHHpz2QB/UPZarL4l8LQazoC3ulXGt6IL7R18T+H9Y0a/064vrPzbH+3fDGswaPrunz2sskR1DR9Qg07UYWSW1mW2mBKAH5WXXwd/4LZtc3LWf7bv7BMNo08zWsU/7EvxbmnitjIxgjmmX9q6JZZUiKrJIsUau4LCNAQqgH2v8Asu+Ff2uPCnhXxDaftffF34L/ABg8ZXPiH7T4Y1n4KfCPxN8IND0vwz/ZtjF/ZmraN4o+JXxMutT1b+1Y9Quv7Tt9T0+3+x3Fta/YDJbvcSgH5w+Hfhp4l/Yr/wCCr37Wv7SfiXwf401f9nD9uL4PfBq/i8eeBfBHirx9ZfDf4xfA7TtT8Ma74V8aaT4I0nX/ABBo3/Ce6PqGn+IPDmu3ujroWp6gl5oMGqHWhBpzgHmP7KVv8Sv2RvD3/BRz/gpT8TP2av2g/G2uftWftNweMvhx+zx8LPhrc+If2kH+B2m3mi/Dz4bz6v8ADi/1HS73Ttfu7J7zxxrPh+/u7O/8P6NeGDUbW21GC6tkAP0z+Kf7cXg34N/GD4b/AAl8cfBD9q57b4n+CovFmi/FTwP+zp8Rvir8KtI1aSa6jPw58Wa58LtK8Ya34Z+IKQ2j3jaTqvh2309raW28vVnnuYIHAPJP2Jv2ete8MftHftzftcax4Sv/AIb6X+1r8RfAGo+CfAOr6fJoviFPCfw0+HeheCo/Hni3w/KyXPh3xL8RtZsNW8VT6Fq9nZeJdN0++0+38TWlhra3um2gB+mNABQAUAFABQAUAFAHhvhP/hZ3/C9/i3/b39o/8Ku/4Rz4ff8ACA+etmNN/tj7HqH/AAln2FolF60v2j7J9q+1M0Ybb5AUbtwB7lQB80ftYfGbxB8FfhHqmseC/hb46+MHj7xReWHgfwL4O8G/Dbx18RdNbxJ4rvLfRLLW/iIngjQNdk8NfDXw39vbxB4417V/sVrH4c03UraxludWmsrKcA/FL/gnd8N/jT/wSv8A2wviB+wlffDr42fF/wDY9+PtnaftAfCP49+B/wBnnx5feAPgp8Y/GM0n/C0vg/8AEDxN4D8Ct4J8LeH9W1yK58TeD7q6ubey8P6fcfZPEGpWdxe2tjagH7w/HrRfjp4g+GWuaX+zh47+H3w2+LVxLYHw94u+KPgXWPiR4M06KO7ifUk1PwloPi7wNqeovc2QlgtXg8SWItp3SeRZ0QxOAfnP/wAKb/4Lef8AR8P7An/iEHxc/wDosqAP09+Fmn/EnSfh14M034w+JfC3jH4o2Xh/Tbbx34p8EeGr/wAHeEde8TRWyLqup+HvC2qa74n1HQtKu7oSS2emXniHWLi0hZYpb+5Zd9AH4tfsk+Hdf/4JpfHb/gpF4U+JXw2+KuvfCr48/tE+JP2wP2efFvwv+F3jf4maf4wtviT4e0xPEXwZsE8CaLrzaR8RPDPinRbqwsdA8Sroc2u2Go2WsaVLe6Wl7fW4BT/4J7eG/ih/wTW/Y/8Ahe3xl/Z3+NvxF+M/7Y/7XPiTxZ8S/CPwJ8Ex+Pb34J3/AMfvF2ta5pmvfFd49XtYtE8H/Dnw6uk6b498SQ3GoxaXcwTtbw3UMaCgD7X/AOCqDfE/Xv2P/Ffwa+D3h/xdrXjj9pnxZ4G/ZuGo+EdG1PV5fBPg34r69Bo/xR8da6+mW1w+j+H/AA/8L4fGLXGs3ht7O11G50y3ecT3dvFOAeo/GX4y+D/2CPgF8ObqP4L/AB0+JvgHwrdeC/hc+ifs2/CnWPi54h8D6BHpUtonjTWvBXhuSTxN/wAINocWlhdZv9B0vW9QtJLuyji0qdp1FAHzHq3w1P7Xn7en7JX7Vvg/wV408IfDP9lr4ZfGWC78ffEL4e+MvhX4l+I3ib4yReEbHQvA2jeFPiDo/hXxreeGvB2maFq/iLVNdvdBXw1LqniWzsdDvNR1C11pdNAP1joAKACgAoAKACgAoAKACgD/0v7+KACgAoAKACgAoAKACgAoAKACgAoAKACgAoAKACgAoAKACgAoAKACgAoAKACgAoAKACgAoAKACgAoAKACgAoAKACgAoAKACgAoAKACgAoAKACgAoAKACgAoAKACgAoAKACgAoAKACgAoAKACgAoAKAP/T/v4oAKACgAoAKACgAoAKACgAoAKACgAoAKACgAoAKACgAoAKACgAoAKACgAoAKACgAoAKACgAoAKACgAoAKACgAoAKACgAoAKACgAoAKACgAoAKACgAoAKACgAoAKACgAoAKACgAoAKACgAoAKACgAoA/9k=</file>
<file name="explicitni2_moodle.jpg" path="/" encoding="base64">/9j/4AAQSkZJRgABAQAASABIAAD/4QBMRXhpZgAATU0AKgAAAAgAAgESAAMAAAABAAEAAIdpAAQAAAABAAAAJgAAAAAAAqACAAQAAAABAAABuaADAAQAAAABAAAAzwAAAAD/4QkhaHR0cDovL25zLmFkb2JlLmNvbS94YXAvMS4wLwA8P3hwYWNrZXQgYmVnaW49Iu+7vyIgaWQ9Ilc1TTBNcENlaGlIenJlU3pOVGN6a2M5ZCI/PiA8eDp4bXBtZXRhIHhtbG5zOng9ImFkb2JlOm5zOm1ldGEvIiB4OnhtcHRrPSJYTVAgQ29yZSA1LjQuMCI+IDxyZGY6UkRGIHhtbG5zOnJkZj0iaHR0cDovL3d3dy53My5vcmcvMTk5OS8wMi8yMi1yZGYtc3ludGF4LW5zIyI+IDxyZGY6RGVzY3JpcHRpb24gcmRmOmFib3V0PSIiLz4gPC9yZGY6UkRGPiA8L3g6eG1wbWV0YT4gICAgICAgICAgICAgICAgICAgICAgICAgICAgICAgICAgICAgICAgICAgICAgICAgICAgICAgICAgICAgICAgICAgICAgICAgICAgICAgICAgICAgICAgICAgICAgICAgICAgICAgICAgICAgICAgICAgICAgICAgICAgICAgICAgICAgICAgICAgICAgICAgICAgICAgICAgICAgICAgICAgICAgICAgICAgICAgICAgICAgICAgICAgICAgICAgICAgICAgICAgICAgICAgICAgICAgICAgICAgICAgICAgICAgICAgICAgICAgICAgICAgICAgICAgICAgICAgICAgICAgICAgICAgICAgICAgICAgICAgICAgICAgICAgICAgICAgICAgICAgICAgICAgICAgICAgICAgICAgICAgICAgICAgICAgICAgICAgICAgICAgICAgICAgICAgICAgICAgICAgICAgICAgICAgICAgICAgICAgICAgICAgICAgICAgICAgICAgICAgICAgICAgICAgICAgICAgICAgICAgICAgICAgICAgICAgICAgICAgICAgICAgICAgICAgICAgICAgICAgICAgICAgICAgICAgICAgICAgICAgICAgICAgICAgICAgICAgICAgICAgICAgICAgICAgICAgICAgICAgICAgICAgICAgICAgICAgICAgICAgICAgICAgICAgICAgICAgICAgICAgICAgICAgICAgICAgICAgICAgICAgICAgICAgICAgICAgICAgICAgICAgICAgICAgICAgICAgICAgICAgICAgICAgICAgICAgICAgICAgICAgICAgICAgICAgICAgICAgICAgICAgICAgICAgICAgICAgICAgICAgICAgICAgICAgICAgICAgICAgICAgICAgICAgICAgICAgICAgICAgICAgICAgICAgICAgICAgICAgICAgICAgICAgICAgICAgICAgICAgICAgICAgICAgICAgICAgICAgICAgICAgICAgICAgICAgICAgICAgICAgICAgICAgICAgICAgICAgICAgICAgICAgICAgICAgICAgICAgICAgICAgICAgICAgICAgICAgICAgICAgICAgICAgICAgICAgICAgICAgICAgICAgICAgICAgICAgICAgICAgICAgICAgICAgICAgICAgICAgICAgICAgICAgICAgICAgICAgICAgICAgICAgICAgICAgICAgICAgICAgICAgICAgICAgICAgICAgICAgICAgICAgICAgICAgICAgICAgICAgICAgICAgICAgICAgICAgICAgICAgICAgICAgICAgICAgICAgICAgICAgICAgICAgICAgICAgICAgICAgICAgICAgICAgICAgICAgICAgICAgICAgICAgICAgICAgICAgICAgICAgICAgICAgICAgICAgICAgICAgICAgICAgICAgICAgICAgICAgICAgICAgICAgICAgICAgICAgICAgICAgICAgICAgICAgICAgICAgICAgICAgICAgICAgICAgICAgICAgICAgICAgICAgICAgICAgICAgICAgICAgICAgICAgICAgICAgICAgICAgICAgICAgICAgICAgICAgICAgICAgICAgICAgICAgICAgICAgICAgICAgICAgICAgICAgICAgICAgICAgICAgICAgICAgICAgICAgICAgICAgICAgICAgICAgICAgICAgICAgICAgICAgICAgICAgICAgICAgICAgICAgICAgICAgICAgICAgICAgICAgICAgICAgICAgICAgICAgICAgICAgICAgICAgICAgICAgICAgICAgICAgICAgICAgICAgICAgICAgICAgICAgICAgICAgICAgICAgICAgICAgICAgICAgICAgICAgICAgICAgICAgICAgICAgICAgICAgICAgICAgICAgICAgICAgICAgICAgICAgICAgICAgICAgICAgICAgICAgICAgICAgICAgICAgICAgICAgICAgICAgICAgICAgICAgICAgICAgICAgICAgICAgICAgICAgICAgICAgICAgICAgICAgICAgICAgICAgICAgICAgICAgICAgICAgICAgICAgICAgICAgICAgICAgICAgICAgICAgICAgICAgICAgICAgICAgICAgICAgICAgICAgICAgICAgICAgICAgICAgICAgICAgICAgICAgICAgICAgICAgICAgICAgICAgICAgICAgICAgICAgICAgICAgICAgICAgICAgICAgICAgICAgICAgICAgICAgICAgICAgICAgICAgICAgICAgICAgICAgICAgICAgICAgICAgICAgICAgICAgICAgICAgICAgICAgICAgICAgICAgICAgICAgICAgICAgICAgICAgICAgICAgICAgICAgICAgICAgICAgICAgICAgICAgICAgICAgICAgICAgICAgICAgICAgICAgICAgICAgICAgICAgICAgICAgICAgICAgICAgICAgICAgICAgICAgICAgICAgICAgICAgICAgICAgICAgICAgICAgICAgICAgICAgICAgICAgICAgICAgICAgICAgICAgICAgICAgICAgICAgICAgICAgICAgICAgICAgICAgICAgICAgICAgICA8P3hwYWNrZXQgZW5kPSJ3Ij8+AP/tADhQaG90b3Nob3AgMy4wADhCSU0EBAAAAAAAADhCSU0EJQAAAAAAENQdjNmPALIE6YAJmOz4Qn7/4htESUNDX1BST0ZJTEUAAQEAABs0YXBwbAIQAABtbnRyUkdCIFhZWiAH5AABAAEACAAyADRhY3NwQVBQTAAAAABBUFBMAAAAAAAAAAAAAAAAAAAAAAAA9tYAAQAAAADTLWFwcGwAAAAAAAAAAAAAAAAAAAAAAAAAAAAAAAAAAAAAAAAAAAAAAAAAAAAAAAAAAAAAABFkZXNjAAABUAAAAGJkc2NtAAABtAAABDZjcHJ0AAAF7AAAACN3dHB0AAAGEAAAABRyWFlaAAAGJAAAABRnWFlaAAAGOAAAABRiWFlaAAAGTAAAABRyVFJDAAAGYAAACAxhYXJnAAAObAAAACB2Y2d0AAAOjAAABhJuZGluAAAUoAAABj5jaGFkAAAa4AAAACxtbW9kAAAbDAAAAChiVFJDAAAGYAAACAxnVFJDAAAGYAAACAxhYWJnAAAObAAAACBhYWdnAAAObAAAACBkZXNjAAAAAAAAAAhEaXNwbGF5AAAAAAAAAAAAAAAAAAAAAAAAAAAAAAAAAAAAAAAAAAAAAAAAAAAAAAAAAAAAAAAAAAAAAAAAAAAAAAAAAAAAAAAAAAAAAAAAAAAAAAAAAAAAbWx1YwAAAAAAAAAjAAAADGhySFIAAAAUAAABtGtvS1IAAAAMAAAByG5iTk8AAAASAAAB1GlkAAAAAAASAAAB5mh1SFUAAAAUAAAB+GNzQ1oAAAAWAAACDGRhREsAAAAcAAACIm5sTkwAAAAWAAACPmZpRkkAAAAQAAACVGl0SVQAAAAUAAACZHJvUk8AAAASAAACeGVzRVMAAAASAAACeGFyAAAAAAAUAAACinVrVUEAAAAcAAACnmhlSUwAAAAWAAACunpoVFcAAAAMAAAC0HZpVk4AAAAOAAAC3HNrU0sAAAAWAAAC6npoQ04AAAAMAAAC0HJ1UlUAAAAkAAADAGZyRlIAAAAWAAADJG1zAAAAAAASAAADOmhpSU4AAAASAAADTHRoVEgAAAAMAAADXmNhRVMAAAAYAAADamVzWEwAAAASAAACeGRlREUAAAAQAAADgmVuVVMAAAASAAADknB0QlIAAAAYAAADpHBsUEwAAAASAAADvGVsR1IAAAAiAAADznN2U0UAAAAQAAAD8HRyVFIAAAAUAAAEAHB0UFQAAAAWAAAEFGphSlAAAAAMAAAEKgBMAEMARAAgAHUAIABiAG8AagBpzuy37AAgAEwAQwBEAEYAYQByAGcAZQAtAEwAQwBEAEwAQwBEACAAVwBhAHIAbgBhAFMAegDtAG4AZQBzACAATABDAEQAQgBhAHIAZQB2AG4A/QAgAEwAQwBEAEwAQwBEAC0AZgBhAHIAdgBlAHMAawDmAHIAbQBLAGwAZQB1AHIAZQBuAC0ATABDAEQAVgDkAHIAaQAtAEwAQwBEAEwAQwBEACAAYwBvAGwAbwByAGkATABDAEQAIABjAG8AbABvAHIgDwBMAEMARAAgBkUGRAZIBkYGKQQaBD4EOwRMBD4EQAQ+BDIEOAQ5ACAATABDAEQgDwBMAEMARAAgBeYF0QXiBdUF4AXZX2mCcgAgAEwAQwBEAEwAQwBEACAATQDgAHUARgBhAHIAZQBiAG4A/QAgAEwAQwBEBCYEMgQ1BEIEPQQ+BDkAIAQWBBoALQQ0BDgEQQQ/BDsENQQ5AEwAQwBEACAAYwBvAHUAbABlAHUAcgBXAGEAcgBuAGEAIABMAEMARAkwCQIJFwlACSgAIABMAEMARABMAEMARAAgDioONQBMAEMARAAgAGUAbgAgAGMAbwBsAG8AcgBGAGEAcgBiAC0ATABDAEQAQwBvAGwAbwByACAATABDAEQATABDAEQAIABDAG8AbABvAHIAaQBkAG8ASwBvAGwAbwByACAATABDAEQDiAOzA8cDwQPJA7wDtwAgA78DuAPMA70DtwAgAEwAQwBEAEYA5AByAGcALQBMAEMARABSAGUAbgBrAGwAaQAgAEwAQwBEAEwAQwBEACAAYQAgAEMAbwByAGUAczCrMOkw/ABMAEMARAAAdGV4dAAAAABDb3B5cmlnaHQgQXBwbGUgSW5jLiwgMjAyMAAAWFlaIAAAAAAAAPNSAAEAAAABFs9YWVogAAAAAAAAYWwAADgyAAAKQlhZWiAAAAAAAABvHAAArpUAABaZWFlaIAAAAAAAACZOAAAZOQAAslJjdXJ2AAAAAAAABAAAAAAFAAoADwAUABkAHgAjACgALQAyADYAOwBAAEUASgBPAFQAWQBeAGMAaABtAHIAdwB8AIEAhgCLAJAAlQCaAJ8AowCoAK0AsgC3ALwAwQDGAMsA0ADVANsA4ADlAOsA8AD2APsBAQEHAQ0BEwEZAR8BJQErATIBOAE+AUUBTAFSAVkBYAFnAW4BdQF8AYMBiwGSAZoBoQGpAbEBuQHBAckB0QHZAeEB6QHyAfoCAwIMAhQCHQImAi8COAJBAksCVAJdAmcCcQJ6AoQCjgKYAqICrAK2AsECywLVAuAC6wL1AwADCwMWAyEDLQM4A0MDTwNaA2YDcgN+A4oDlgOiA64DugPHA9MD4APsA/kEBgQTBCAELQQ7BEgEVQRjBHEEfgSMBJoEqAS2BMQE0wThBPAE/gUNBRwFKwU6BUkFWAVnBXcFhgWWBaYFtQXFBdUF5QX2BgYGFgYnBjcGSAZZBmoGewaMBp0GrwbABtEG4wb1BwcHGQcrBz0HTwdhB3QHhgeZB6wHvwfSB+UH+AgLCB8IMghGCFoIbgiCCJYIqgi+CNII5wj7CRAJJQk6CU8JZAl5CY8JpAm6Cc8J5Qn7ChEKJwo9ClQKagqBCpgKrgrFCtwK8wsLCyILOQtRC2kLgAuYC7ALyAvhC/kMEgwqDEMMXAx1DI4MpwzADNkM8w0NDSYNQA1aDXQNjg2pDcMN3g34DhMOLg5JDmQOfw6bDrYO0g7uDwkPJQ9BD14Peg+WD7MPzw/sEAkQJhBDEGEQfhCbELkQ1xD1ERMRMRFPEW0RjBGqEckR6BIHEiYSRRJkEoQSoxLDEuMTAxMjE0MTYxODE6QTxRPlFAYUJxRJFGoUixStFM4U8BUSFTQVVhV4FZsVvRXgFgMWJhZJFmwWjxayFtYW+hcdF0EXZReJF64X0hf3GBsYQBhlGIoYrxjVGPoZIBlFGWsZkRm3Gd0aBBoqGlEadxqeGsUa7BsUGzsbYxuKG7Ib2hwCHCocUhx7HKMczBz1HR4dRx1wHZkdwx3sHhYeQB5qHpQevh7pHxMfPh9pH5Qfvx/qIBUgQSBsIJggxCDwIRwhSCF1IaEhziH7IiciVSKCIq8i3SMKIzgjZiOUI8Ij8CQfJE0kfCSrJNolCSU4JWgllyXHJfcmJyZXJocmtyboJxgnSSd6J6sn3CgNKD8ocSiiKNQpBik4KWspnSnQKgIqNSpoKpsqzysCKzYraSudK9EsBSw5LG4soizXLQwtQS12Last4S4WLkwugi63Lu4vJC9aL5Evxy/+MDUwbDCkMNsxEjFKMYIxujHyMioyYzKbMtQzDTNGM38zuDPxNCs0ZTSeNNg1EzVNNYc1wjX9Njc2cjauNuk3JDdgN5w31zgUOFA4jDjIOQU5Qjl/Obw5+To2OnQ6sjrvOy07azuqO+g8JzxlPKQ84z0iPWE9oT3gPiA+YD6gPuA/IT9hP6I/4kAjQGRApkDnQSlBakGsQe5CMEJyQrVC90M6Q31DwEQDREdEikTORRJFVUWaRd5GIkZnRqtG8Ec1R3tHwEgFSEtIkUjXSR1JY0mpSfBKN0p9SsRLDEtTS5pL4kwqTHJMuk0CTUpNk03cTiVObk63TwBPSU+TT91QJ1BxULtRBlFQUZtR5lIxUnxSx1MTU19TqlP2VEJUj1TbVShVdVXCVg9WXFapVvdXRFeSV+BYL1h9WMtZGllpWbhaB1pWWqZa9VtFW5Vb5Vw1XIZc1l0nXXhdyV4aXmxevV8PX2Ffs2AFYFdgqmD8YU9homH1YklinGLwY0Njl2PrZEBklGTpZT1lkmXnZj1mkmboZz1nk2fpaD9olmjsaUNpmmnxakhqn2r3a09rp2v/bFdsr20IbWBtuW4SbmtuxG8eb3hv0XArcIZw4HE6cZVx8HJLcqZzAXNdc7h0FHRwdMx1KHWFdeF2Pnabdvh3VnezeBF4bnjMeSp5iXnnekZ6pXsEe2N7wnwhfIF84X1BfaF+AX5ifsJ/I3+Ef+WAR4CogQqBa4HNgjCCkoL0g1eDuoQdhICE44VHhauGDoZyhteHO4efiASIaYjOiTOJmYn+imSKyoswi5aL/IxjjMqNMY2Yjf+OZo7OjzaPnpAGkG6Q1pE/kaiSEZJ6kuOTTZO2lCCUipT0lV+VyZY0lp+XCpd1l+CYTJi4mSSZkJn8mmia1ZtCm6+cHJyJnPedZJ3SnkCerp8dn4uf+qBpoNihR6G2oiailqMGo3aj5qRWpMelOKWpphqmi6b9p26n4KhSqMSpN6mpqhyqj6sCq3Wr6axcrNCtRK24ri2uoa8Wr4uwALB1sOqxYLHWskuywrM4s660JbSctRO1irYBtnm28Ldot+C4WbjRuUq5wro7urW7LrunvCG8m70VvY++Cr6Evv+/er/1wHDA7MFnwePCX8Lbw1jD1MRRxM7FS8XIxkbGw8dBx7/IPci8yTrJuco4yrfLNsu2zDXMtc01zbXONs62zzfPuNA50LrRPNG+0j/SwdNE08bUSdTL1U7V0dZV1tjXXNfg2GTY6Nls2fHadtr724DcBdyK3RDdlt4c3qLfKd+v4DbgveFE4cziU+Lb42Pj6+Rz5PzlhOYN5pbnH+ep6DLovOlG6dDqW+rl63Dr++yG7RHtnO4o7rTvQO/M8Fjw5fFy8f/yjPMZ86f0NPTC9VD13vZt9vv3ivgZ+Kj5OPnH+lf65/t3/Af8mP0p/br+S/7c/23//3BhcmEAAAAAAAMAAAACZmYAAPKnAAANWQAAE9AAAApbdmNndAAAAAAAAAAAAAMBAAACAAAAVgEuAesCxAODBFMFQAYnBxoIGAkfCj0LTgxrDZAOuQ/sES0SZROjFOMWKhd5GL8aDxtXHKQd8x88IIQhzSMRJFIljSbLKAApMypmK5csyi33LygwUTGAMqsz1TUCNjE3XTiKObY64TwNPTg+YD+JQLFB3EMIRDZFY0aQR7hI3koBSyRMR01qTo9PtFDYUfhTFlQzVU9WbVeNWK5Zy1rhW/Bc9137XwBgCmEZYi1jQWRSZV9mZWdhaFNpPGogawFr4Gy/baBug29ocFBxOHIgcwhz73TWdb52qHeTeH55bHpZe0l8PX03fjZ/OYBBgUuCV4NlhHSFhYaUh6SIs4nAisyL1ozfjeeO7Y/ykPWR9pL1k/WU+pYElxWYLJlHmmObf5yYna6ev5/LoNSh2qLgo+mk9KYDpxWoKqlCqlyrd6yUrbKu0a/xsRGyM7NTtHO1kLapt7q4wbnDusC7u7y1va++qb+jwJ3BlcKKw3zEasVTxjbHGMf5yODJz8rGy8PMwc28zq/PmNBz0UPSDdLT05vUZtU11gXW19eo2HbZQNoG2sfbgNw13Ofdkd473uPfjeA74Ovhn+JS4wPjr+RV5PnllOYs5r/nUufk6IXpL+nk6qjrbuwz7PXtr+5j7xHvtfBQ8ObxfPIX8sbzj/Ru9WH2ZveK+OT6xf0u//8AAABWASMBsAJqAzID6ASxBYAGWAc9CC0JJwonCyIMMA06DlEPYxB+EZ8SvhPpFRAWOBdhGIgZtBreHAsdMx5bH4AgoSG/Itsj9SULJh8nNShJKWAqeSuTLLEtzC7oMAQxITI8M1o0dDWLNqQ3uTjNOeI69DwGPRs+MT9NQGxBj0KwQ9BE7UYIRx1IMklFSlVLY0xuTXhOfk+DUIVRhlKIU4pUjFWKVoRXeVhoWVRaRFs/XEZdWl53X5VgsGHCYspjxWS1ZZxme2dXaDBpDGnsatBrumypbZtuj2+CcHJxXHJAcx9z+3TVda12hndieEV5MHokex18GX0VfhB/Bn/2gOKByoKxg5WEd4VdhkqHRIhMiWGKgYuljMaN3o7uj/WQ95H1kvOT8JTtleyW7pf4mRCaOZtunKadzp7jn+mg5aHfotmj0aTIpb6mvKfKqO2qIatdrJyt2a8UsE6xiLLCs/m1LrZkt5u40roFuzS8X72Fvqa/vMC+warCkMN9xHfFgMaPx53Io8meyo7LdcxTzS3OBM7az7LQi9Fq0lHTRdRF1VHWYtd12ITZh9p922bcQ90a3ezeud+H4FjhLeII4ubjw+Sd5XHmQOcM59Too+l/6mnrZOxo7W3ucO9w8HDxcvJ283n0d/Vp9kf3D/ez+EX4y/la+e360PwM/dr//wAAACsAxAFLAdgCZQMGA48EKwTPBXoGLwbpB6UIaAkvCfkKygufDHcNUg4yDw4P9hDZEcASqROTFH0VZxZSFz0YKRkVGfwa6BvSHL4drh6jH5sgliGUIo8jhiR2JWEmRScgJ/gozCmfKnMrSCwhLQIt6S7XL8gwujGqMpgzgDRgNTk2BjbPN5U4WDkZOdk6nTtkPDI9Bj3ePrY/j0BoQURCJkMQRABE80XnRtZHu0iWSWVKJUrgS5hMT00HTcNOg09JUBhQ6lG+UpNTaFQ7VQ1V3latV3xYSlkVWd9aqFtvXDVc+V29XoBfQ2AIYNFhnGJrYzxkDGTaZadmcWc4Z/xov2mAakBrAGvAbIFtQ24EbsVvhXBBcPhxq3JZcwFzqXRPdPR1mHY8dt53gHgdeL15YHoWetp7q3yDfVh+KH72f8OAk4FngkSDKoQYhQuGAIb0h+OIzYmvioyLYYw0jQeN2o6wj4qQa5FHkhKSxpNbk+yUepVBlkKXiJkImoqb5J0ZnjKfOaA5oTWiL6MopCGlGaYRpwqoCakPqiGrPaxgrYeura/TsPyyKLNatJK10bcUuFm5nLrXvAW9Kb5Hv2LAf8Gewr7D38T/xiHHQ8hnyYzKscvWzP3OKc9b0JfR3tMy1I3V7tdT2LnaIduV3S/fDuF35Ivoee1O8vb5Uf//AABuZGluAAAAAAAABjYAAJOVAABWjQAAVukAAJG3AAAmuwAAFwoAAFANAABUOQACh64AAkeuAAFrhQADAQAAAgAAAAEABAAIAA8AFgAfACkANABAAEwAWgBpAHgAiQCaAKwAvgDSAOYA/AESASkBQAFZAXMBjQGpAcUB4wIBAiECQgJkAocCrALSAvoDIwNNA3oDqAPXBAgEOgRtBKME2QUSBUsFhgXDBgEGQAaABsIHBQdKB5AH2AghCGwIuQkHCVcJqAn6Ck0KoQr3C04LqAwEDGIMww0lDYkN7g5UDrwPJQ+REAAQcRDkEVkRzxJGEr0TOBO2FDoUwxVSFeMWdRcGF5YYJhi4GU4Z6BqIGzEb4xyfHWIeKx74H8YglSFkIjQjBiPbJLMljyZsJ0soKykNKfAq1Su7LJ4tfi5cLzkwFDDwMc0yqjOJNGg1SjYuNxU3/zjtOd460jvKPMU9xD7HP85A2kHoQvZEAEUGRghHCEgISQlKDEsUTCFNNE5OT25QlFG8UuVUDVU0VllXfVigWcRa51wLXTBeVl98YKRhzmL4ZCRlU2aFZ7xo+mpDa5ls+W5jb9JxRnK8dDR1r3cteLF6PHvQfW9/HIDWgpSETIX2h5SJLIrFjGWOFY/fkc2T3ZX/mCCaOZxMnl+geaKgpNqnLamgrDCu4LGhtF63C7muvF2/K8IfxUbIoswMzyjR9tSR1yjZ0dye35fi0uZg6fntEu+s8gD0MPY59//5ivq4+9T8u/2j/nD/N///AAAAAQAFAAoAEgAbACYAMgA/AE0AXABtAH4AkQCkALkAzwDlAP0BFgEvAUoBZgGDAaIBwQHiAgQCJwJMAnICmgLDAu8DHANLA3wDrwPkBBoEUgSLBMUFAQU9BXsFuwX8Bj8GgwbJBxAHWQelB/IIQQiTCOYJOwmTCewKRgqhCvwLWAu0DBIMcgzUDTkNoA4LDngO5w9ZD84QRhDAET4RvxJDEsoTUxPdFGoU+hWPFioWyxdxGBYYthlRGeYaeRsNG6QcQBzkHZEeSh8OH90gsyGOImkjQiQYJOslvSaQJ2YoQiklKhIrCCwFLQguDi8SMBExCDH5Mugz1zTKNcE2wTfKONs58jsOPDA9UT5pP3RAckFoQlhDR0Q5RTRGOEdHSF9JfkqhS8dM8E4bT0VQa1GGUpRTl1SVVZRWoFe/WPFaNVuAXM1eHl90YM9iI2NmZJVltWbOZ+Ro+2oWazNsVG12bppvwHDqchdzRnR2dad22ngQeU16j3vYfSZ+fX/jgWeDEITKhnSIBomHiwSMiI4bj8ORgpNYlUOXO5k7mzudOZ8poQSixqR2phunvaliqxWs3a7FsM+y9bUxt3y5y7wPvkTAcsKmxOnHQsmyzDHOnNDd0vTU8dbn2OPa6Nz03wHhCuMU5STnSOmW7DfvivOm92z5zvuE/MP99P75//8AAAACAAgAEQAeAC0APgBRAGYAfQCWALAAzADqAQkBKwFNAXIBmAHAAeoCFgJEAnQCpgLaAxEDSQOEA8AD/QQ7BHoEugT8BUEFigXXBikGgQbdBz4HoggICG8I1Ak5CZ0KAgpqCtULRAu7DDkMwQ1QDeYOgg8hD8AQXBD2EZASLRLNE24UDRSoFUIV3BZ5Fx4XzhiOGWIaQhsqHBQc+x3dHrgfkiBtIUwiMCMYJAYk+SXxJu8n8yj9Kg4rJCxALWAugC+dMLgx0zLzNBo1STaCN8M5DDpcO7A9Bz5gP75BIkKTRBZFrkdaSRFK0UyaTm9QVVIyU9pVWlbMWEhZ01tmXPheg2ABYXBi1WQ3ZZxnCWiBagpro21NbwBwt3JvdB51w3d1eWR77n6kgHmB1oL8hAKFCIYQhzOIc4nUi1WM6Y6IkC6R2ZOIlTuW8Zipml6cCp2nnzegvaI/o8ClRKbKqFCp1KtUrNCuRq+5sSiyl7QItX22/LiJuia70L2CvzbA6cKcxE/GBMe7yXPLK8zkzp7QWNIU09LVj9dK2P/arNxP3ejfdeD94oLkA+WC5wLog+oE63/s7u5G73nwnfGN8nXzRPP39Kr1TvXb9mj29vd29+n4XPjP+UP5q/oN+nD60vs1+5j78fxJ/KL8+/1U/a3+A/5Y/qz/Af9V/6r//wAAc2YzMgAAAAAAAQxCAAAF3v//8yYAAAeSAAD9kf//+6L///2jAAAD3AAAwGxtbW9kAAAAAAAABhAAAJzfAAAAAMoq1YAAAAAAAAAAAAAAAAAAAAAA/8AAEQgAzwG5AwERAAIRAQMRAf/EAB8AAAEFAQEBAQEBAAAAAAAAAAABAgMEBQYHCAkKC//EALUQAAIBAwMCBAMFBQQEAAABfQECAwAEEQUSITFBBhNRYQcicRQygZGhCCNCscEVUtHwJDNicoIJChYXGBkaJSYnKCkqNDU2Nzg5OkNERUZHSElKU1RVVldYWVpjZGVmZ2hpanN0dXZ3eHl6g4SFhoeIiYqSk5SVlpeYmZqio6Slpqeoqaqys7S1tre4ubrCw8TFxsfIycrS09TV1tfY2drh4uPk5ebn6Onq8fLz9PX29/j5+v/EAB8BAAMBAQEBAQEBAQEAAAAAAAABAgMEBQYHCAkKC//EALURAAIBAgQEAwQHBQQEAAECdwABAgMRBAUhMQYSQVEHYXETIjKBCBRCkaGxwQkjM1LwFWJy0QoWJDThJfEXGBkaJicoKSo1Njc4OTpDREVGR0hJSlNUVVZXWFlaY2RlZmdoaWpzdHV2d3h5eoKDhIWGh4iJipKTlJWWl5iZmqKjpKWmp6ipqrKztLW2t7i5usLDxMXGx8jJytLT1NXW19jZ2uLj5OXm5+jp6vLz9PX29/j5+v/bAEMAAQEBAQEBAQEBAQEBAQEBAQEBAQEBAQEBAQEBAQEBAQEBAQEBAQEBAQEBAQEBAQEBAQEBAQEBAQEBAQEBAQEBAf/bAEMBAQEBAQEBAQEBAQEBAQEBAQEBAQEBAQEBAQEBAQEBAQEBAQEBAQEBAQEBAQEBAQEBAQEBAQEBAQEBAQEBAQEBAf/dAAQAOP/aAAwDAQACEQMRAD8A/v4oAKACgAoAKACgDxzwz8RNc1v4zfFD4c3egJZ6F4I0PwRqmkeIBFeK+s3HiezvLjULZ5Zf9Dk/s57aONVtRvUSYnwdtAHsdABQAUAFABQAUAFABQAUAFABQAUAFABQAUAfOP7IHib4veM/2XvgP4r+P1jeaZ8avEHwy8Lap8T9Pv8ARbXw7e2fjK70+KTW7e60Kyt7S00qaO7Lq9jb20EMBGxIlAxQB9HUAFABQAUAFABQAUAFABQAUAFABQAUAFAHyB+2X/yJ/wAIv+zj/g3/AOnu5oA+v6ACgAoAKACgAoAKACgAoAKACgAoAKACgAoAKACgAoA//9D+/igAoAKACgAoAKAPHfDPxOl174zfE/4XNoSWkXgDQ/BGrR68J2d9XbxZZ3ty9u8BhRYf7P8AsoRWWaUyB8kJgCgD2KgAoAKACgAoAKACgAoAKACgAoAKACgAoAKAPnP9kTxx8UfiX+zD8CfH/wAbNCuvDHxb8X/DTwvr3xE8PXug3Xhe70fxZqGnxTavp9z4dvYoLvRpre5ZkfT7mGKa2I8t0BBFAH0ZQAUAFABQAUAFABQAUAFABQAUAFABQAUAfIH7Zf8AyJ/wi/7OP+Df/p7uaAPr+gAoAKACgAoAKACgAoAKACgAoAKACgAoAKACgAoAKAP/0f7+KACgAoAKACgAoA8h8NfFC01/4w/Ev4WR6CbO7+H+ieCtXudfN5HINYTxbaXdzDbizWzjktv7OFqYzJJeXIm8zKRw7SGAPXqACgAoAKACgAoAKACgAoAKACgAoAKACgAoA+ef2S/il45+N37M/wADvi78TfC9t4K+IPxF+G/hnxZ4w8JWem6xo9r4e1/V7CK51DSoNK8QXV7rdhFaTu0aWuqXdxexAbZ5WcZYA+hqACgAoAKACgAoAKACgAoAKACgAoAKACgD5A/bL/5E/wCEX/Zx/wAG/wD093NAH1/QAUAFABQAUAFABQAUAFABQAUAFABQAUAFABQAUAFAH//S/v4oAKACgAoAKACgDyTw38RdC1v4vfEn4cWmhvaa94I0XwZqmr66fs+zV7bxNaXdxp9uuyMXGdPS3eNvPkdfn/dBRkUAet0AFABQAUAFABQAUAFABQAUAFABQAUAFABQB85fsh/GHxB+0D+zB8Cfjb4r8P2HhTxJ8Ufhn4X8aa34b0uK9g07RNR1vT4ru506yh1Ka4v47e2kcxxpdzyzhQBI7MM0AfRtABQAUAFABQAUAFABQAUAFABQAUAFABQB8gftl/8AIn/CL/s4/wCDf/p7uaAPr+gAoAKACgAoAKACgAoAKACgAoAKACgAoAKACgAoAKAP/9P+/igAoAKACgAoAKAPJPDfjXwbqvxe+JXgjTNCe08aeFNF8Gah4o142VnEmsWOvWl3Nodut9FK17dnT4YJo2juoo0g37YCysTQB63QAUAFABQAUAFABQAUAFABQAUAFABQAUAFAHzv+yT8aJf2i/2ZfgZ8dpvDtp4Rl+LHw28MeOJPDFjO11Z6E+vafHeHTLa4eKFpobUv5aSNFGWAyUXIFAH0RQAUAFABQAUAFABQAUAFABQAUAFABQAUAfIH7Zf/ACJ/wi/7OP8Ag3/6e7mgD6/oAKACgAoAKACgAoAKACgAoAKACgAoAKACgAoAKACgD//U/v4oAKACgAoAKACgDyTw34l+Hl98XviV4Z0XQ0tPiNoOi+DLrxtro0mztpNX0zVbS7k8MwPq8UrXmpDT7eK4jWG6ijSz3lICwdjQB63QAUAFABQAUAFABQAUAFABQAUAFABQAUAFAHgf7LPxpsf2jf2c/gv8d9M8LHwTp/xY+HnhzxzZ+ETqEOqnw7b69Yx3keknUrfT9JgvTaK/lfaItNskk27hbRZ20Ae+UAFABQB8a/t6fGfxL8Gf2cfE8nw5nWP4z/FXVNE+BvwLi2tJKPiv8VLlvDuga2kCMj3Fv4F0+XWPiNq0SMrHRPB+pkcgBgD8q/8Ag3h/af8Ail4x+Afxi/Yc/ac1WW7/AGrf+CfnxX8QfBb4h/b7qa4vtc8H/wBpX8/gXxPbyXJM1xpBtob3w5Y3zF/t39gSXYdklV5QD+h6gAoAKACgAoAKACgAoAKAPkD9sv8A5E/4Rf8AZx/wb/8AT3c0AfX9ABQAUAFABQAUAFABQAUAFABQAUAFABQAUAFABQAUAf/V/v4oAKACgAoAKACgDyTw3qfw1uPi98StL0Kxjh+Jun6L4Ml8eX62TxSXmlXdpdt4Wje+PyXYt7ZblVjUZg3bTncaAPW6ACgAoAKACgAoAKACgAoAKACgAoAKACgAoA+fP2UPil4V+N37NfwR+LvgfwfH8P8Awh8Rfhx4Z8WeHPBMRtDH4X0nV7CO5s9FQ2FrZWRWxicQg21pbwnb8kSjhQD6DoAKACgD8TPjzd/tEftUf8FBNJ0b9mHWfgqnhb/gn1oX2jxdc/Gfw1408X+EdQ/aN+NXh+KeGy0+18C+NfBNyviT4Y/CeTTnSe61W4Syf4n61Yy6eLmIugB+Pn7Qdz+0r/wS1/4LXfsz/t4/tEaj8F0+EH/BQKO3/ZZ+Pl98DfDPjbwj4L03xZp0Gjaf4D8V+KdN8beNfGrRa2b6TQVXWxqVtb/2a/iq5eBZVuriUA/syiliniinhkSWGaNJYZY2DxyxSKHjkRlyrI6sGVgcFSCM5oAkoAKACgAoAKACgAoAKAPkD9sv/kT/AIRf9nH/AAb/APT3c0AfX9ABQAUAFABQAUAFABQAUAFABQAUAFABQAUAFABQAUAf/9b+/igAoAKACgAoAKAPJPDbfC4/F74kroHl/wDC010XwYfiDtj1IS/2QbS7/wCES3yToNMdfsv2rYNPdpV5+1hXKbgD1ugAoAKACgAoAKACgAoAKACgAoAKACgAoAKAPn/9lPx78N/il+zd8E/iL8HvCK+Avhb40+HXhvxD4C8Frpmm6MvhjwxqNhHPpWjDStHeTS9PFlbssQtbB2totu2JiozQB9AUAFAFe8tkvbS6s5JLiKO7t57aSWzuZ7K7iSeJomktby1khurS4RWLQXNtLFPBKFlhkSRVegD4/wD2Y/2D/wBnz9kPxR8WfGHwUt/ijYa38cfGOofEL4pP40+OPxg+J1j4s8c6rHaw6j4tvNL+InjTxLp0XiG7trKztJtWtbaC9eztYLUyiCNEoA5T9uH/AIJrfsl/8FGNC8LeFf2tPCXjf4geFfBupQ63oHhfRvjD8WPh74cttdtxdrb69caJ8P8Axj4a02+1y3ivrm3g1e9t7i/htnFtHMsKIigH1n8Lfhr4e+D/AIB8NfDfwpe+LL/w74S02HSdHuPHHjXxX8Q/Ev2C3Gy3h1Hxf421fXfE2rmCMLDDLqeqXUscKRwo6xoiUAegUAFABQAUAFABQAUAFAHyB+2X/wAif8Iv+zj/AIN/+nu5oA+v6ACgAoAKACgAoAKACgAoAwvEfifw54P0p9c8Va5pXh3Ro73StNfVNZvrfTrBdQ13VbLQ9Fsjc3UkUQutV1nUdP0rT4N/mXd/eW1rCrzTIjgG6CCARyDyD6j9f5/nQAUAFAH5sSf8FOvg4PCXiL4023hLxre/st+FPi+3wR1z9o+2/sR/B9v4rh8YJ8PLzxNb6L/aX9u3fwu0/wAfSxeDr7xxHDvj1WVL2LQ5/DQl8QQAH6Q29xBd28F1bSpPbXMMVxbzRtujmgmQSRSxsMBkkjZXVgOVYHjNAH5seCP+Ci2r/E/43WXws+HP7GH7VPiT4f6n4v1Hw3pf7TcujfDvSvgDqmkaTLdpdeONN1268ev4tvfCl4llK2hXkPg4zay81iIYIbe5+1IAfpbQAUAf/9f+/igAoAKACgAoAKAPJPDmn/DCH4vfEnUdAuUk+KV7ovgyLx/bC61KR4NItrS7Xwmz2s5OmW4ltmuir2AWWbGbrLBKAPW6ACgAoAKACgAoAKACgAoAKACgAoAKAMLxR4l0XwZ4Z8ReMPEl9Hpnh3wpoWr+Jdf1KbPk6fouhafcapql9LjJ8u0sbWeeTAztQ4zxQB/Cr8N/BP7dn/B0N8ZfjR8T9d/aO+IX7H//AATF+E/j3V/hv8OPh78OLkweI/iRd6ZIjzTX8UU9vpOs6wljPb3er+LPENtrthY312+g6FpUMFpOluAeU+Kf+Cev7V//AASI/Zh+HX/BVn/gkn+2P8dvif8As6WHhjwv8S/ib+zf+0BHpX2jV/hZ4gey83UNY8PeF5Y/B2rw263aW+qWNrpEWteHIJn1rRtfZrWV4gD+2L9g39rrwb+3b+yR8D/2q/AtpLpmjfF3wVp2v3WhzzJcXHh3xAim08SeHbmePEc0+ia3Be6dLJGArPb5GeSwB9d0AFABQAUAFABQAUAFABQAUAFABQAUAfIH7Zf/ACJ/wi/7OP8Ag3/6e7mgD6/oAKACgAoAKACgAoAKACgD8N/+C+Phu08Qfswfs3C61PxJpoj/AOCg/wCxfYNJ4d8U+IPDDm21n4waTY3ck0ug6jp7yXNtFibS72Vjc6Peqt/pktrdqJqAP1L+Kk8Xwp/Z08YT6X8T9T+G0XgvwDctZ/FjxZZ618X9V8KJp9oix+Jtbstbk1zXfHN1aAebcx6hJqN7qTktM0zlmoA/n3/4b08R/wDScrwh/wCK4dS/+YWgD+hLw/qXiHxh+zlZ6p4c8bw+PPFXiP4STXOgfEGDw+3haDxRr+peF5m0rxNH4aeK0bQ49R1CW3vl0pobdrIP5BRCuKAP5jvBEuiW/wDwam/FKz1CEm6tvgj8SvDmsWhjZbw/Ej/hcM2iSWLW5UzjWZPHckFulqUN42pPHCoa5KUAf0yfALwxrU37MXwl8H/EGe6uNcufgx4S8P8Ai24tbu7sL2W6u/CNnY6q9vfWs8V9ZXREsvlXdtcxXdtNiaGaOZFdQD8QtV/Ylv8A/glD+1B+yD41/Yj+K/xht/2fP2iv2gbf9n74z/shePviJ4p+KPgJ7bxX4H8d+NLD4k/DkeNNU1fXfCmteFbrwZdTa5NDqN1bT6XcQ2scVrCJElAP6PaACgD/0P7e/hp+zp4R+FngDxh8OdE8c/H3xFpHjU6qdS134l/tGfG/4p+P9J/tfRotDuP+EP8AiP8AELx34k8ceCfs1tEt3pX/AAimu6T/AGRrLS67pv2bVpZLxgCv8Kv2avB3wg8N+MPC2gePf2hfE9l42gnt9R1H4q/tK/Hb4v8AiTSUuLCTTmfwf4o+Jnj/AMU+IPBM6RStPBceFdT0ma3v1j1GF1vYo7hQA+Df7Nfg74IR+Ko/DXj39oXxaPF8NvBft8ZP2lfjt8cJNMW2W7VH8KyfFjx94vfwhPILyQ3E/hptKmuWitGnZzZWxiAJPgt+zf4Q+BWo+KNU8M+O/wBoHxhN4tSyS+t/jT+0j8c/jrp2mCwnvbiI+F9M+Lvj3xjp/hN5mv5UvX8OW2mNfwQ2VveGaGws0iAKXwj/AGYfBfwY8Va74v8ADvxB/aO8VX/iC3ltrrTPi5+0/wDH74z+FbJJro3bSaF4Q+KPxD8V+GvD9wsh8qK50bS7KeG1xaROtsBGoAnw0/Zg8F/Cv4g638SND+IP7R/iLWNettStbrQfiX+1B8f/AIqfD6yTVL2C+nk0T4b/ABD+IniTwNoNzby26w6bdaPoFlcaXZPPY6fLbWc80EoBwfw2/Zh+Cfgj9p74q/Gnwv8AEj426z8XfE9hZP468G+Jf2jfjL4x8BaTYay0l3o5tvhR4i8a6l4G0WzhSKZPC9va6DFa+HLE3Fl4di0yznmhcA7zRv2X/BWifGK++Ntt8Qf2j7vxJqGo6rqcvhLWf2ofj/rfwdhm1dJUngsfglq3xEu/hRp+nWwlY6Vpll4QgsNIdYn023tnijdAB0f7MXguL40L8dF+IH7RreJlvrjUB4Qk/ad+PkvwXMtzp0+mPC3wLk+Ib/CNrGOG4ae309vB32K21FINUggjv4IbhACTXP2ZvBuv/GWz+OF14+/aJsvEtlNps0fhHQ/2mfj1oHwambS9MTSYEvPgdo3xBsvhNew3ECC51KC68HyxapqbPquoJcai73TAEHjH9l/wV43+K2mfGDUviD+0hpPiDSbnRbqDwx4O/ah/aA8E/Cm5fQlgW1j1P4PeFPiJo/wy1W2vBAp1q11Dwtc2+vM87axFetNKXAJviF+zL4M+JPxI8OfFHWPH/wC0VoOteGJtFnsvD3w9/aa+PXw2+G+oNoWoLqNqniP4XeBfiF4f+H/ieG8mQQa1Br/h3UYde08tp2sJe2LvbsAL8W/2Z/Bvxl8XeGvGniHx9+0T4W1Hwta2lpZaV8JP2mfjz8GvCOox2epz6rHJ4l8F/C74geFPC3im6lnna2u7zxBpWo3N5piQaVcyzadBFbRAEfxj/Zi8GfG/U/Duq+JPiB+0b4Sn8M2A0+ztvg5+098fPghpmoRC4a58/wARaV8J/iH4P07xNfl2MZ1DXba/vDb7bYzmBVRACz8Z/wBmzwd8c7bwxa+JvHn7QnhBPCkNzDYyfBj9pT46/Ay51JbqO2jdvE918JPH/g+fxZNGLVGtp/EUmpTWsklzJbuj3VwzgE3xi/Zy8I/G3RfCmh+JPHXx+8JW3hD7T/Z958Hf2jfjh8Eta1P7VbWdq48V678KPHfhDVvGHlpZRSW3/CTXeqfZbmW8urfy7i+vJZQCH4kfs2eD/ih4I8IeAda8eftCeHtL8FpCmnaz8N/2lPjr8L/G+qiGzislPi/x98P/AB94c8Y+NXaOJZZpPFWs6s8140t7KXu5ZJmAJvGn7OfhHx18KvC/wg1Pxz8ftH0DwmdGNh4n8F/tGfG/wL8VdS/sSwudPtv+Eo+L/hHx3o3xL8Wi7iuXn1keI/FOp/23fx22oat9svba3uEAGeI/2b/CHif4Q6B8Fr3x3+0Dp/hzw6+mvaeK/Dn7SPxz8MfF6+OlQ3EMA1/41aD490/4qeIkuFuXfUo9b8WX6arNHbzagLiW2t3iAGXH7Nng+5+DNt8DX8eftCR+GrWVJk8XW/7Snx1tvjNIyXkt8FufjlB4/j+LV1EZZWieG48YyxPZrFYuhs4o4FAPPfiv+yLonjH9jT4w/sk6B47+Mb2HxE+GvxB8H6d418Y/HT4veMPiXb6l4ttNRms31P4t+JPF2sfEq+0eLVLqG0vdJuvEd1p9z4VN14TmtJvDt1caU4B/KL/wbe/tNfAr4N/Av9ov/gkB+194+1r9mD9on4b/ABv8dxWdhrHxU8T/AAR8WeLtJ1nWItQuB4B+Ieka/wCF9W8O+KNP1SzuYZrDwxr+n6hqujzRanZSX8WoaoqAH0h/wUS/br/4JwfsYf8ABGPxl8Ev2aPiv4q8d6j+1X8Hrfwj+zv8BvFHxy+IXxl+KGi6H8QtMsdFtDLY+MfG/jjxR8OPBmg6Gs0tl4bF5YaTd6wV03TtMuXvtSlQA/Sf/ggd+xJ4s/ZP/wCCTHwU+C3xWuPiJoHjn4leFfEPjrx1oVz488aWGtfD25+Kf2vUP7A8GvDrUU/wu1PRNM1GB5h4Cl0JrXxaL7xTDKfEN5c6rOAfqH8J/wBmnwd8HdB8X+HfD/j39obxRaeNbeS21G++LH7S3x3+MWvaSktnNYmTwh4i+Jvj/wAU634KuFinaaO58K3+kTx3iQ30bpdwQzKAP+DH7Nng/wCBjeKX8M+PP2hPF58WxWkN+PjP+0n8dfjmumLZm8MbeFl+Lfj/AMYL4Sll+2yi7m8NjS5bwRWYuXkFlaCIAT4M/s1+D/gbq/iXWfDXj39oTxfceKo7aO+tfjN+0p8dfjlpGnC1uLq5RvDWjfFrx94x0vwrJI95JHcyeHrXTXureK1trgywWdskQBU+Ev7MHgr4N+Ltb8Z+HviD+0f4p1HX7a4tbrSvi1+1B8f/AIyeEbJLm7W8eTRPBnxQ+InirwvoNyki+Vb3Wj6TZXFtaFrOCSO1YxUAO+G/7MPgv4X/ABF1z4m6L8QP2jvEGs6/b6pbXXh/4kftPfH34ofDqyTVr23vp5ND+Gfj/wCIfiHwFoFxbS2yRaXc6N4dsp9JspLiw02S1s7m4hlAJfDH7M/g3wn8Xde+NFh4+/aI1LxF4hutau7vwp4n/aY+PHiz4RWMmu3KXN1HoPwX8R/EDU/hb4etbN0Eei2mi+E7G20K2L2ujx2duzowBX0r9l/wVpHxju/jdb/EH9pC68SXmo6lqcnhLVf2of2gNX+DkU+qwywz29p8ENS+Ilz8J7PTrdZmbTdLtvCEWn6VMsU+n28EsMToASj9mTwYPjTH8df+E/8A2i/+EmivZb5fB5/ab+PZ+CzSzaXNpLRSfAr/AIWF/wAKils1gna5isZPBzWkOqJDq0UK6jBFcIAHiD9mTwZ4j+MVl8brzx/+0XY+JLGfS7iPwl4f/ac+Pnhv4OzPpOnx6bbpe/BLQ/iDY/Ci+guYYhPqlvd+D5odX1BpNS1JLq/le4oAi8afsv8Agrx18VNK+L2p/EL9pDR9f0e50S6t/DPgv9qH4/8AgX4V3T6CYTax6r8IfCPxD0f4a6xbXhgX+27TU/C93b6+HmXWIrwTy7wCx8Rf2aPBvxN+Ivhn4m6z4+/aI8P6z4Vk0aWx8P8Aw6/aY+PHwx+HWpHRNS/tS2XxN8MvAXxA8PeAvFUd3OPs+sx+IvD+pJrmm/8AEq1VbzTybegBvxd/Zl8GfGjxV4c8X+IvH/7RXhS/8MWdtZWWmfCL9pv49fBfwrqEdrqU2ppL4j8IfCz4g+FPDXie8kmna3ub3X9M1K6utNSHTLiWWwgit0AG/GT9mPwX8cL7w7qHiX4gftGeEZfDNibCzh+Df7Tvx8+B9jqERm87zvEWn/Cb4h+ELPxNfbvkGoa9DqF6If3InMWUUA+Y/wDgoz8CfDHxX8EfAS313xh8afDieHvj38MtJtH+GPx3+L3wonvrfWtSjtbm5125+HXjLw1N4h1S1Swik0jV9aa91LRbma9utKurO4vryScA+qPi7+zh4Q+M+geE/DniLx1+0B4VtPBwnGn33wi/aQ+OXwY1/VPPtrS1Y+LPEXwt8eeFNb8ZFI7KOSA+KL/VTBcy3d1Dtub26llAI/iJ+zZ4P+JfgLwj8O9Z8eftCaBpPgtLZNO1z4d/tKfHX4aePdVFrZpZIfF3xE8B+P8Aw/428aPJGgluX8U65q73V4z31wZLtmnYAseMv2dPCPjf4TeGPg5qXjn4+6T4e8KHRPsPijwb+0X8b/A/xZ1H+wbC6061/wCEn+MfhPx3o/xP8V/bIrp59b/4SPxVqY16/jtdQ1j7be2tvcRAEOvfs3eD/EPwf0T4KXfjv9oOy8OaDJYSWvizQf2kvjp4e+MF42nJcJCNb+Nei+PrH4q69HOLlzfxax4tvY9RdLdr5Z2trdkAEk/Zt8HyfBiL4GHx5+0GvhmGUSr4vj/aT+OkfxnZhqD6ltl+OaeP1+Lc0XnSGAxSeMWj/s8JpxT7DGluoBNp/wCzp4R074J3nwHh8c/H2fwvei5EnjHUP2i/jfqPxsi+1a4uvubP4833ju5+L9kY7pBZWxtPGcJtdDLaBb+VozNZMAQeG/2bPB/hb4Sa/wDBqx8eftCaj4e8RPcvd+KfEn7Snx18U/FuxN1PDcSDQPjN4h8fal8UPDqRtAkdsmieK7FLWBpre2WKGedHAOj+C3wS8N/Arw5f+GPDPiz4xeMLLUdWk1ibUPjT8bfit8dfEcFxJbW9qbWw8T/F3xf4y1/TtJVLZJI9HsdQt9MjuZLi6S1W4uZ5JQD2GgDwf9pL9mv4RftZfCnVvgx8bdAvfEHgfVtU8P695Wk+INe8J67pXiHwprFpr/hrxB4f8T+GNR0nxBoGt6JrFja31hqWk6lZ3UMkeBKUd0cA9N8IeDNF8FeEtG8F6UdUvtH0TToNMhm8S61qvivWr+KCMIbnXNf8Q3ep6zr2pXRBlvtT1e+vb++nZ57q4lld3oA0v+Ec8Pf9AHRv/BZZf/GKANaOOOJFjiRI441CJHGoREVeAqqoCqoHAAGB0GaAPiy//wCCfn7Mmo6jqRm8Ja1H4P1v4pQ/GzW/hPbeMfFNt8INY+K0Oqp4gXxnqHw1h1dfCU97J4kjj8U3VidKGk3niyNPFF3Yz68q6jQB3Pir9kL4JeM/iJ8Tfijrul+Kn8WfF34OW3wI8Zy6f8QfG+j6ZN8PLVtWaCz0XRtL1600rw3rUR1m9MXifQbTTvEETtHLHqKSRI9AFX4N/sffCX4Lr4Pl0+/+JnxC1T4faffaX4F1z40fFb4gfGHWfB9hqKpDeReG7/4heINfl0aa6s4rbT7u+sWhv76wtLS0vLmeG3jRAD6noAKAP//R/v4oAKACgAoAKACgDyTw34N8EaZ8XviV400nxCl7458UaL4MsPFnh4arp1w+i6fodpdw6BctpMAGpacNTgnnkWa+LRXnl7rXCo9AHrdABQAUAFABQAUAFABQAUAFABQAUAFABQB+QP8AwUQ/4Ic/sAf8FLdbtvHnx3+HGqeHfjDY2dvp9r8aPhZrc/gv4gSWFqhjt7XV7q1jm0jxKltGUis38SaVq01jDGsFlJBE0iuAfGv/AATT/wCDez/gkp8C5vhf+1z8HdK8cftLX+paVo3jn4N/EP47a5c69aaLp95EL3Rtc0TwS2h+FtCtNQiVorjT7zWPC7avpUyLJayW0pcsAf0jgAAAAAAAAAYAA4AAHAAHQD+lAC0AFABQAUAFABQAUAFABQAUAFABQAUAfIH7Zf8AyJ/wi/7OP+Df/p7uaAPr+gAoAKACgAoAKACgAoAKACgAoAKACgAoAKACgAoAKAP/0v7+KACgAoAKACgAoA8i8N/D/wANaN8YPiV8QrHxA954n8Z6J4L0zXvDxurCRNFtPDdpdwaVcrawxjULc6lHcSSM97I8cvl5tgqhxQB67QAUAFABQAUAFABQAUAFABQAUAFABQAUAFAHz/8AsqaV8GNE/Zv+Cmkfs7ai2r/AvTvh14btPhTqjT6vdNf+CIbCNdCuTca/FDrUxls9jeZqcUd43WdFc4oA+gKACgAoAKACgAoAKACgAoAKACgAoAKACgD5A/bL/wCRP+EX/Zx/wb/9PdzQB9f0AFABQAUAFABQAUAFABQAUAFABQAUAFABQAUAFABQB//T/v4oAKACgAoAKACgDyLw38NbHQvjB8S/ibDrz3d9470XwXpV5oBWEJo8fhW0vLa3uVZZDMx1FbkyHzY0UeX8hYZNAHrtAHlvjD45fBT4eaqNB8f/ABh+FvgbXDbxXY0bxh8QfCXhnVTaz58m5Gna1q9jefZ5QD5U3kmOTB2scUAWvB3xk+EPxDuXsvAHxV+G/jm8jR5HtPB3jjwx4muUjj2+Y7waLqd9KqIWUOxG1dy7sZAoA9IoAKACgAoAKACgAoAKACgAoAKACgD58/ZQ8JfCrwH+zX8EfBnwN8SyeMvg/wCGfhx4Z0f4b+Kpb2PUpNf8I2VhHFo+qPfxW1nHdtd2oSUzpawLJuyIl6KAfQdAGVreu6J4Z0m+17xJrGleH9D0yE3OpazreoWmlaTp9uGVTcX2o381vZ2kIZlUy3E0cYZlBYErQB4t4Y/av/Za8bHVV8GftK/AHxc2hRXs+tr4Y+Mfw7186NBpsUk+ozaqNK8R3h0+KwghlmvZLvyFtYopJJ2REcqAe6WN9ZapZ2uo6beWuo6ffQRXVlf2NxDd2d5azoJIbm1urd5ILiCaNleKaJ2jkRgysQQaALVABQAUAFABQAUAFABQAUAFAHyB+2X/AMif8Iv+zj/g3/6e7mgD6/oA5vxX4y8IeA9Hm8ReOPFfhvwZ4ft5YoJ9d8V65pfh3R4ZpyVghm1PV7qzso5ZmUrFG86vIQQgYgigDzrR/wBpL9nbxDfw6VoHx8+C2u6pcttt9N0f4p+BtTv7hsgbYbOy124uJWyQMJGTkgdxQB7OrK6q6MrowDKykMrKRkMrDIII5BBwR0zkUAOoAKACgAoAKACgAoAKACgAoAKACgAoAKAP/9T+/igAoAKACgAoAKAPIfDXwum0D4xfEz4qNrpu4fiDongrSItA+xvGNHbwlaXltJci8N1Ilz/aJug+xbS3MHl4LzbsqAevUAfyq/8AB3ToHhp/+CeHwP8AFeo6ZpY1fTf24fgVoy6/cQW8d5aeHta8P/EiTXtOfUG2yR6XqC6XYvqEDyrbSrZQtMpESmgDzP8A4LRD/gnjrH7BulXX7JWt/BnVP+CiGnzfCq4/ZMg/ZC1nw3r37REnxEh1rw0urxWdl8ILu98WJ4ej8M/29Nq76vFHocd5b2Mlwy3kNsVAP6eP2VH+Lsn7NPwHk+P0flfG1/hR4Gb4qxZhLJ47Ph6x/wCEkVzATCZBqfn+aYzt8zd0oA9+oAKACgAoAKACgAoAKACgAoAKAPA/2Wfhz8OvhF+zn8F/hh8IvGH/AAsH4Y+Bfh54c8NeBfG41nRPEQ8U+GtLsY7fS9a/tzw3Db6Bqv263VZft2kQRWE+7fboqECgD3ygD+TTwn4mvv8Agsj/AMFsP2pvgV8YL6/1P9h7/gmEmjeHrf4CwarqC+B/i58d7zxBrOlJ42+JVhbT2+m+LLfQ9Q8M+I49P0HUrW806Cz/ALIVkd47yXUAD9mv23/+CVf7JH7Zn7M/jf4C6v8ABz4feFNSuvCOr2Hwv8ZeGPDun+Gdc+HHiwadcr4b1jRdV0S1tr60sbTUjb/2rp0LNa6nphurK6t5YpvLUA+1vgJ4I1z4afBP4UfDzxNc2l74g8EeAPCvhbWLuwmluLK61DQ9HtdOuZ7WaeC2mlhlkt2dHkt4XIbJjXpQB63QAUAFABQAUAFABQAUAFABQB8gftl/8if8Iv8As4/4N/8Ap7uaAPr+gDzz4uaFo3iX4W/EXQvEGmWOs6NqngjxVZ6hpupW0N5ZXdtPod/HLDPbzo8UiOjMpDKeG9zQB/KN/wAGvv7L37Ofxn/4JwfEO7+LfwR+GHxJu9Q/aY+NOk3l5428GaF4ku7jTLLWW0+0sJLnVbS6mNra2SrbQQBhHFEAqBQNtAGl8aJPGn/BCb/gpz+yFp/wY8b+Kb7/AIJ0/wDBQ34g3Hwf1v8AZp1/Xb/WPCvwN+L91f6Bptj4l+GEmr3N7J4X0nUNW8VaHPJpNoYbGS1utYsZI3g07RvsAB/XUCCAQcg8gjoR6jr1+v50AFABQAUAFABQAUAFABQAUAFABQAUAFAH/9X+/igAoAKACgAoAKAPG/DHw01XQvjP8UPibca4l3pXjzQ/A+ladoQimV9Jm8K2d5bXly0rTPDINQa5R1WKCJl2YkZzg0AeyUAfyz/8Hc91p0X/AATZ+CtvqFxaRJP+3j+z5NJFdyxIklla+Hfil9vldZWVTbQRzp9qdv3caSr5rKGG4A6T/guB8AP+Cefgv/gmL40+M3ibw78H/hF8e/Bnw58KeI/2bvif4Gj0Hwb8Y4virEuiyeHbTwFqvh2TTvEur/2nJNImp2FlJeWYsHl1W4hL2NvcQAH6g/8ABHPxt+0h8Rf+Cav7JfjL9rJdcPxx1z4W6PdeKLvxRBNb+KdUssOnh3WPE0Nykd0niDVdBXT77VxeRx3f22eU3KCYvQB+mdABQAUAFABQAUAFABQAUAFABQB8+fsn/C7wj8E/2a/gj8JPAXjGH4heDPh38OPDPhTwz44t7vTL6DxVo+kWEdtZa3FeaM8mlXKX0SiZZtPdrVw2YWK80AfQdAH8dn7LX2T/AIJK/wDBfv8Abn0P9ou9T4cfs9/8FMZ7L4mfAf4y+IVk0f4V3fj2DxFr3id/hrfeLL8JoejeJ4JvGWt6VHa6hqFqbh9LsSIwmr6Ql0Af1i/En40/Cf4QeEJfHvxM+IPhXwd4TSBJrbV9X1e1jTVmm2CzsvD9rE8t94k1bUpJYbbSNG0G21LVdXvLi2stMs7y7uIIZQDtPDmu2nifQdH8RWEGoWtlrenWmqWlvq1hc6VqcVtewrPCl9pt4kd3Y3QjdfOtbmNJ4XzHIodWCgG1QAUAFABQAUAFABQAUAFABQB8gftl/wDIn/CL/s4/4N/+nu5oA+v6AOM+I88Nt8PPHlzcSxwW9v4M8UTzzSuscUMMWh30kssjsQqRxorO7sQqqpJIAJoA/mQ/4NQ/FPhjRv8Agmd8Rb/WPEWhaVY6X+1J8cJdTvdT1ewsLXTom11rtZb+4up4orSNrR1uQ9w8Sm3YTAmM7qAOb/bj1DQv+CyH/BUT9g74DfsvahZfEr9n3/gn78T739or9pr9oHw4suufCa28bWGpeFtQ8KfCbw74xsDL4d8V+K/tnhTTZ7230XUrm3tLTU9Ra6lZrBbe6AP6xQAoCqAFUAADgADgADjAA4HH5UALQAUAFABQAUAFABQAUAFABQAUAFABQB//1v7+KACgAoAKACgDP1XVtK0HTb7Wtc1PT9G0fS7Wa+1PVtVvLfTtN06ytkMtxeX19dyQ2tpa28atJNcXEscMSKXkdVBagD84Phh+2z+xdr/7TnxMt9A/bw/ZX8YX/jjTvAfh3wl8OdD+P3w/1TWotd0K3vbPVLfTNOi8RyWt/falc3EQW10R7u8keLE0IdVCgH6XAhgGUhlYAqwOQQeQQRkEEcgg8+9AHy/8eP2JP2Pv2o76w1P9o/8AZj+Bvx01DS1VNNvPit8M/Cfjq4sFRNiC0k8RaXftBtQbFMbKQvyjAwGAOH8Gf8E2P+Cffw613TfE/gT9i79mXwl4i0e5t7zSda0H4M+BNN1LTbu0bfa3Fjd2+ipNbTW7DdDJEUaM8rt/iAPtaOOOJEiiRI441CJHGqoiIowqoi4VVUYAVRgDgY4oAfQAUAFABQAUAFABQAUAFABQB5P8X/jx8Ev2ffDQ8ZfHX4u/Db4O+FXleCHxB8TPGvh3wTpV1cxqrNaWV54i1DT4r28CuhFpaNPctvTETblFAHyf/wAE5/il+ypc/s6/Cb4Afs8ftW/Bn9pa5+B3w58O+CtU1b4c+OPCusazcweH7OHT/wC2tU8LaRr2rapokF24Rl+1h4QZFVLmXcGoA/QigDzH4tfBX4Q/HrwlceAvjZ8MvAvxY8FXc0Vxc+FfiD4Y0fxZoM08OTFO+ma1aXlqZY9x8uTyg6kkqe1AHzp8IP8AgnB+wt8BPFUHjf4SfstfBvwV4tsmlOleIdL8GaT/AGpoiTPLJJb6Ddz20suiWrPM5+y6a1vAMgCIBVNAH2yBjgcAcADtQAUAFABQAUAFABQAUAFABQAUAflZ/wAFFf2yv2S/g5a/CnwV8VP2lPgf4A8Z2fx8+E2t33hDxR8TvCGk+KdO0Wx1eaa81jUvD1zqyavpulW8TrJLqV9ZwWaocmbhioB+jnw9+Jnw4+Lfhix8bfCrx/4K+Jfg3VFLab4s8AeKdD8YeG78L977Hrnh6+1DTLkrkBxFcuUPDYPFADfiP8Mvh38YPCOqeAPip4J8MfEPwRrkfk6x4T8Y6LYeIPD+qRbXTyr/AErUobizuoykjqUmhddrsMEMaAPjnw7/AMEpf+CZ/hC5jvPCv7BX7Jnh25hmNxFNonwJ+HemOk7Y3TA2mgxDzWAwz43HHJONtAH2l4L8BeCPhxodt4Z8AeEfDfgrw9Zgra6J4X0bT9D0u3BJYiKy06C3gTLMTxGMkk96AOtoAKACgAoAKACgAoAKACgAoAKACgAoAKAP/9f+8j/hYfgD/oePB/8A4U2i/wDyXQAf8LD8Af8AQ8eD/wDwptF/+S6AD/hYfgD/AKHjwf8A+FNov/yXQAf8LD8Af9Dx4P8A/Cm0X/5LoAP+Fh+AP+h48H/+FNov/wAl0Afxe/8ABVP4m/FP/gsF/wAFbPDn/BHn4bfHK6+C/wCyB8EfCFl8Sv2oPGvhfxHZadJ47uPseh6rqNjBeSXCabq1zpUmvaL4Y8O6TqIurCy1T+3vEjWt+kC2bgHuXiz/AINVP+CVWuaZ8RvDnhDxHefDG6k8J+Gbf4RfFrRfj74g1/x1onjiz0+7HiHXfFXh7XtZn8J6np+qat9inl0+C2QC0FzBpDaE7RSRAHYf8G5f7dHxp0nxJ+1l/wAEuP2zfiTY+Mvih+wx4wbQvAXxQ1zxLBfN4t+Hf9r6toSaQmv6hctJrdv4evNJWfR7+Wd3/sDV9LsY9yWO9gD+qD/hYfgD/oePB/8A4U2i/wDyXQAf8LD8Af8AQ8eD/wDwptF/+S6AD/hYfgD/AKHjwf8A+FNov/yXQAf8LD8Af9Dx4P8A/Cm0X/5LoAP+Fh+AP+h48H/+FNov/wAl0AH/AAsPwB/0PHg//wAKbRf/AJLoAP8AhYfgD/oePB//AIU2i/8AyXQAf8LD8Af9Dx4P/wDCm0X/AOS6AD/hYfgD/oePB/8A4U2i/wDyXQAf8LD8Af8AQ8eD/wDwptF/+S6AD/hYfgD/AKHjwf8A+FNov/yXQAf8LD8Af9Dx4P8A/Cm0X/5LoA4v4kfHv4WfDL4d+PfiTrnjTwvNovw98F+KfHGsQ2niPRpLuXS/Ceh32vahFaxi6JkuJLSwmSBAMtIVUZzQB/DH/wAE8P2KNL/4OFfi98af+Cj/APwU/wDjFrGp/AqP4leIvAn7Pv7M2k/Ei78G+H7Pw94evdj5uLHVNO1XSvDGmZTS7a20SXTNS1nVrXVNX1nUb1rlNwB1X7ef/BAP4V/8E+f2T/D/AO2r/wAE3v2k9X+Gv7X/AOyN4V0fxv8AELUfDfxDvxoPxog8MrbN4u1/S/Deq+KPEt34X1Rokl1afw5bare+GNS0aLU9HvdLuvtKOoB/VD/wSx/4KBeFv27f2Df2ef2mfEuueFfDnjHx34PW18d6PLrmmWSWfjvwzd3HhzxeLW2uZ4p4rKTXtMvpbNZE3fZ3TlhhqAP0F/4WH4A/6Hjwf/4U2i//ACXQAf8ACw/AH/Q8eD//AAptF/8AkugA/wCFh+AP+h48H/8AhTaL/wDJdAB/wsPwB/0PHg//AMKbRf8A5LoAP+Fh+AP+h48H/wDhTaL/APJdAB/wsPwB/wBDx4P/APCm0X/5LoAP+Fh+AP8AoePB/wD4U2i//JdAB/wsPwB/0PHg/wD8KbRf/kugA/4WH4A/6Hjwf/4U2i//ACXQAf8ACw/AH/Q8eD//AAptF/8AkugA/wCFh+AP+h48H/8AhTaL/wDJdAB/wsPwB/0PHg//AMKbRf8A5LoA/EH/AIOA/wDgp1rH7AX/AAT+8TeNP2f/ABVod38e/i14s0f4NfDC/wBH1HTdXv8AwnfeJrPUrnWPGdtawTyYvdG0vT5LTSpmBa11rVtMvY1ZrXCgH4kfDr/g3g/YV8G/s2fCH40ft3/EXUf2iv2pfjb8SfhfqHxt8UeJfjlq+h6D4Yi+I17Je+K9B0c+HfFGlTTfZhcpBd+K9dvL3VJL1Jb2yl0mOdbKIA8m8U+HNE/4NyP+Ck37MPib9j39o0/Er/gnj+2f42svht8XPg3q/wASdG8eRfDbVptU0nRpdWmubTVrh4ofDa6/pXiDw/4o1COPV30i313QL6+1Hy5LxwD+5qH9or4AXEMU8fxw+EJjnijmjJ+JXgxSUkQOhKnWcqSrDIPI6HvQBL/w0J8A/wDot/wg/wDDl+C//lzQAf8ADQnwD/6Lf8IP/Dl+C/8A5c0AH/DQnwD/AOi3/CD/AMOX4L/+XNAB/wANCfAP/ot/wg/8OX4L/wDlzQAf8NCfAP8A6Lf8IP8Aw5fgv/5c0AdJ4Y+Kfwx8bX0mmeDfiN4E8W6lDbtdzad4Y8X+H9fvorVHSN7mS00rULq4jt1eSNGmaPy1d0UsCy0Ad3QAUAFABQAUAFABQAUAFABQB//Q/tn/AOGOv2Uv+jdfg1/4b3w1/wDK2gA/4Y6/ZS/6N1+DX/hvfDX/AMraAD/hjr9lL/o3X4Nf+G98Nf8AytoAP+GOv2Uv+jdfg1/4b3w1/wDK2gA/4Y6/ZS/6N1+DX/hvfDX/AMraAP4xv+Ckfwl8Lf8ABGT/AILN+Gv+CiXi/wDZu0n4nf8ABPD9qDwda/Dr4oaPofgbSta0n4TeKGsNEstUns9Kmtl0rTtbGo6BaeKNDF29jBrOk6tr+kWEzX1lIYgD7g8T/wDBYj/ggn8NZPi/8cj4u+B3xS8D6r4J8G3Hwm+DHhD4PavL4+v/ABTp2mXn/CQ6Mvh/XPA2k6V4Uub6/ltEu9T1nVLSwdY5Z4Zb1ooo5wDyn/g3N/YQv/2hviB+2N/wVJ/ai/Z68IeEPC/7XXjSWT9nz4Q+IfBljFpXh/wBFrWraxceItF0LUbIiz0PUDf2Gi+HpzbxNe2GhtqlvJPY6jbTOAf1X/8ADHX7KX/Ruvwa/wDDe+Gv/lbQAf8ADHX7KX/Ruvwa/wDDe+Gv/lbQAf8ADHX7KX/Ruvwa/wDDe+Gv/lbQAf8ADHX7KX/Ruvwa/wDDe+Gv/lbQAf8ADHX7KX/Ruvwa/wDDe+Gv/lbQAf8ADHX7KX/Ruvwa/wDDe+Gv/lbQAf8ADHX7KX/Ruvwa/wDDe+Gv/lbQAf8ADHX7KX/Ruvwa/wDDe+Gv/lbQAf8ADHX7KX/Ruvwa/wDDe+Gv/lbQAf8ADHX7KX/Ruvwa/wDDe+Gv/lbQAf8ADHX7KX/Ruvwa/wDDe+Gv/lbQAf8ADHX7KX/Ruvwa/wDDe+Gv/lbQBw/xO/YF/ZP+JPw1+IXw6k+BPwn0SPx94H8WeCpNa03wB4dj1HSE8U6Df6G2qWEiWMLx3tgt+bu1dJYnWeKNlkQgPQB/FR/wSY/aW/ZU/wCCSPxO+OP/AAS8/wCCuvwb8G/DbXPCHxQ8ReJ/gp8fPG3wyHijwt4k8H+IbuSaCC91i20jVtUfQtTnjbVfDPiK1tLzTPJv59L1RtKm03dOAdB+3D/wUE/4J4+B/wDgnb8PP+CdX7EWg/C79tv9vX4s/DLwr8BIfGfwg+FV7qVlY6nqUEGl+IvEyeIda0TTtT1fxLrFkLm30e302S+eya8m1fWdQsU07ybgA/pa/wCCT3/BKT4QfskfsAfs5/BH41fB/wCGPjD4u6F4P/tz4lavrfhDQ9ZvYvGvi++uvE/iHSBql1a3M95a6LqOqT6XZzO67re1jxGigKoB+iv/AAx1+yl/0br8Gv8Aw3vhr/5W0AH/AAx1+yl/0br8Gv8Aw3vhr/5W0AH/AAx1+yl/0br8Gv8Aw3vhr/5W0AH/AAx1+yl/0br8Gv8Aw3vhr/5W0AH/AAx1+yl/0br8Gv8Aw3vhr/5W0AH/AAx1+yl/0br8Gv8Aw3vhr/5W0AH/AAx1+yl/0br8Gv8Aw3vhr/5W0AH/AAx1+yl/0br8Gv8Aw3vhr/5W0AH/AAx1+yl/0br8Gv8Aw3vhr/5W0AH/AAx1+yl/0br8Gv8Aw3vhr/5W0AH/AAx1+yl/0br8Gv8Aw3vhr/5W0AH/AAx1+yl/0br8Gv8Aw3vhr/5W0AfhZ/wcM/8ABJXQ/wBpn/gnx4iu/wBkn4MeC9G+O3wO8YaP8Y/D2keB/CWk6Zr3jbQvD9lqVt4n8KafHYWCSajqMtndwa1p+nEu9/PopsLaKW6vIYnAPzK+Fn/BWL/gjH+1R+yJ8HPB37SXw6+BvwG/aA8F/EP4T6P+0R8JPib8Ho4bC7tvCt89n4y1bT7yDwreaZrPh27mszdXGi3rw69asfs13pEhRJnAPin4u/Dv9iX/AILVf8FOv2W/2av+CWH7Inwt8E/sj/s6+MIPiH+1D+0N4L+COj/Dbw98Q9Ct9V0jUdS8Paj5Xh3TL+Xw/qFjoi+GfC2k6/Bb6lqt7r2t6mdITTrWWRQD+1qH/gkR/wAEuYYYoR/wT8/ZDkEUccYeX4B/Dh5H2IF3yOdCBd2xl2IyzEk4zQBJ/wAOjP8Agl1/0j6/ZA/8MD8N/wD5RUAH/Doz/gl1/wBI+v2QP/DA/Df/AOUVAB/w6M/4Jdf9I+v2QP8AwwPw3/8AlFQAf8OjP+CXX/SPr9kD/wAMD8N//lFQAf8ADoz/AIJdf9I+v2QP/DA/Df8A+UVAHsvwQ/YV/Yy/Zp8VXfjn9nv9lr4D/BXxlqGkT6BfeKPhl8MPCXgzXbvRLqe3urnSbjU9C0y0u5tPnubS1nltHl8l5beGRkZkQqAfVlABQAUAFABQAUAFABQAUAFAH//R/v4oAKACgAoAKAOO8f8Aw88B/FXwjrfgH4meDvDXj7wT4kspdO1/wn4u0XT/ABB4f1iwnXbNaajpWpwXNldwSKSrRzQupBII7MAfjv8AC7/ght/wTn8D/tOfEf4lJ+wj+zxbeE4LLwFqXwwE/gTwzqGk6R4nsobqfxHe6T4duILi10q5g1BbKaCb7DCqSIslns2EqAftfZWVnptpbafp9rb2NjZwx21pZ2kMdva21vCgSKGCCFViiijRVVI41VVUAAcfKAWqACgAoAKACgAoAKACgAoAKACgAoAKAPlL9qL9hz9kf9tLQLTw3+1H+z/8M/jRYaaXbSJ/GvhjT9S1fRHkBEkmh640I1fR5HU4aTT7y3dgcFscMAfIv/BND/gkh+yn+wD8JvhhJoP7PnwX0j9pTTPAmh6P8Tvi/wCGtAi1bX9e8TwWaprl1pXi3W7CHX4tLvLvzJkgjTTom3bjaRn5aAP1noAKACgAoAKACgAoAKACgAoAKACgAoACAQQRkHgg9CPQ9ev0/OgD8N/+ClP/AASm/wCCeXx01L4e/Fj4k/sofCPWPiR4o+O/wy0HxT4zsvDlvoPiDxTpWuaxPFqtt4l1HQv7OuNd+1xKsUkupvcTCNRGsgQAKAfqn+z9+zH+z5+yp4Gt/ht+zl8Hfh98GfBFvJ5//CPfD7wxpfhuxubsokcl/frp1tA+oahOsam4v7157q4cb5pXc7qAPdaACgAoAKACgAoAKACgAoAKACgAoAKACgAoAKACgD//0v7+KACgAoAKACgAoA8b8MXPxSf4z/FC28QQyL8K4NC8Dv8AD6YxaSscmry2d6fFqpNbZ1eQpdLa7l1LbCmcWeULmgD2SgAoAKACgAoAKACgAoAKACgAoAKACgAoAKAPnj9krwN8Uvhn+zN8Dfh/8bfEX/CW/Fzwf8NvDGgfEXxMNb1DxJ/bnizT9Pig1fUv7e1W3tdS1b7Tcq0n26+toLmfO+WNWJCgH0PQAUAFABQAUAFABQAUAFABQAUAFABQAUAfIH7Zf/In/CL/ALOP+Df/AKe7mgD6/oAKACgAoAKACgAoAKACgAoAKACgAoAKACgAoAKACgD/0/7+KACgAoAKACgAoA8b8Ma38SLr4z/FDRNc094fhrpWheB7jwLqBsreJL3VL+zvX8URreoPtF2ba4S2Vo5jst922MfMTQB7JQAUAFABQAUAFABQAUAFABQAUAFABQAUAFAHzj+yD4f+MHhX9l/4EeG/2gNT1DWfjZonwz8L6d8UdV1bWv8AhI9S1DxpbafHHrd1fa6ZZ/7WuZbsO0l950vnt8+85zQB9HUAFABQAUAFABQAUAFABQAUAFABQAUAFAHyB+2X/wAif8Iv+zj/AIN/+nu5oA+v6ACgAoAKACgAoAKACgAoAKACgAoAKACgAoAKACgAoA//1P7+KACgAoAKACgAoA8b8MeK/Hmo/Gf4oeEtX0N7TwD4c0LwPe+D9dOmXUCatqOs2d7L4ht11OQ/Zb86fPDAjRW4D2m/bNyy7gD2SgAoAKACgAoAKACgAoAKACgAoAKACgAoAKAPnL9kKz+M+n/swfAiy/aKbUH+Otr8M/C8PxXfVb7TtT1JvHCafENdN7qGkXN5pd5cm83+bPYXU9tI3MUrrhqAPo2gAoAKACgAoAKACgAoAKACgAoAKACgAoA+QP2y/wDkT/hF/wBnH/Bv/wBPdzQB9f0AFABQAUAFABQAUAFABQAUAFABQAUAFABQAUAFABQB/9X+/igAoAKACgAoAKAPHPDHjvxdq/xm+KHgLUvD0dl4Q8H6H4H1Hw14iWw1OGTW73xDZ3s+tWr6hPK2l3g0ya3hjSPT4Y5bcSFbtmdkoA9joAKACgAoAKACgAoAKACgAoAKACgAoAKACgD54/ZK1T40a1+zN8DdW/aMt57T47ah8NvDN18WLa5sdF0yeDxxLYRNr0c2n+HUj0KzkW8LhoNKRLGM8QAJQB9D0AFABQAUAFABQAUAFABQAUAFABQAUAFAHyB+2X/yJ/wi/wCzj/g3/wCnu5oA+v6ACgAoAKACgAoAKACgAoAKACgAoAKACgAoAKACgAoA/9b+/igAoAKACgAoAKAEwMk4GT1OOT9T/jQAtAHzR8U/2wf2ePgp8XPhZ8Cvih47vPCnxP8Aja2tRfCvQbjwL8Rb/TvGdz4c0u41vXbHTPF2j+EdS8GR6jpWkWs+o3um33iGyv4bRUma2KSxMwB6L8HPjR8Ovj74E0r4mfCrWNS8QeCNc81tF1zUfCXjHwcuqwRO0f27T9P8baB4d1W70ycgvZarBYyabqEJW4sbq4gZJWAOf8V/tPfs1eBNev8Awt44/aG+Bvg3xPpbpHqfhzxX8WfAXh7XtOkdFkSO/wBI1fxFZ6haO8brIi3FtGzIyuAVINAHV/D74x/CH4tJqMnwq+Knw4+JkejvAmryfD7xx4Z8Zppb3IdrdNRbw5quprYvOqO0C3JiMoRzGGCk0AfnB/wU0t/jl4T+D3xl+OOi/t06j+x9onws8EXmqfBrTPDWn/CddG8e/Ei10P7douk/FG/+KfhbXLvXT4o8XhPCekeEvDGq6DZSaZPBd3P2rUJZpYgD7y/Zi8Q/FPxb+zt8EfE/xvtdEsvjB4g+GHgzV/iVa+GpbafQIfGd/oVlc68ujzWc1xaSaeb+SZrZraeWDy2HlOU20Ae6UAFABQAUAFABQAUAFAHzh+yB4q+Lnjj9l34D+L/j3p95pPxo8R/DLwtq3xN0zUNEh8N3tj4xvNPik1q2utBt7e0g0iaO7Lq9jFbQJAfkWJQMUAfR9AHxFq3/AAUZ/Y70Lxj8Zfh5q3xU1ay8c/s/z+Bbb4s+FJPhL8aW13w1L8TtYj0D4e/Y9Nj+Hb3HiuPxjq80VnoE/g0eIYNQLrNDI1uRLQB9lWusafd6RDryzPa6VPYLqn2jVLa60d7exaD7SZ7+11aGxvNNMUGZLmLUILWa1CsLmOJkcUAeAyftk/sgxO8Uv7Vf7N0ckbtHJHJ8cvhijxuhKujo3isMrqwKsrAFSCCARigD2/wp4w8JePNBsfFPgbxT4d8Z+GNUV30zxH4U1vTfEWg6ikcjRSPY6vpF1eafdrHKjRO1vcyhZEZGIZWWgD8ff27P2yPjP4U/aG/Yz8AfAnWLbQ/hXrH7aHhD4IfHXxatpFeT+M9W1XwD8QvEGo/DTw5dTZggsfCkmgWL+NdRtRcTP4guI/DSTabe+HdZgugD9pKACgAoAKACgAoAKACgD5A/bL/5E/4Rf9nH/Bv/ANPdzQB9f0AedfFn4reBvgf8O/FfxW+Jep6jovgPwPpF3r/inWdL8MeKvGFxpOi6fC9xf6nJoXgvRPEXiK4s7G2jlur2ay0i6W0tYpbm48uCKSRQDx/4P/tpfs2fH3VfBWj/AAf+IN744uviF8L9D+M/hS4034f/ABMttIvvhn4muL618O+KL7xBqng2w0HQYtbuNM1GPS9M8Q6jpWtXv2K5a3050id1APavHvxR+GXwq0211n4ofEXwJ8N9Hvrr7DZar498XaB4P028vdhl+x2t94h1HTbW4uvKUyfZ4pXm2Avs2hioB53of7WH7LPifV9O8P8Ahr9pb4AeIdf1i7isdJ0PQ/jH8O9W1fVL6dtsFnp2m2HiW4vb27mb5Yre2glmkbhI2IxQB5f/AMFBPj94v/Zp/ZO+KfxS+H/g74meN/HFpY6b4e8M6d8I/hxqvxY8b6NfeKtUtdDufGum+BdJt7iTXR4D0q71Dxj9gvVj0vUJtEg0vUJ4YL5nUA+H/wDgkP8AGSH9o3S/iB8ULP8A4KO/Fb9skaIbXwf4g+E3xS+EngD4HeKvgh4rjmmuNVtfF/gLwz4K8J+IotXvAkNrZy6zLqmmQxWdyuk3c0kt7IwB+19ABQAUAFABQAUAFABQAUAFABQB/9f+/igAoAKACgAoAKACgAoA/Gj/AIK1/Aq+/bl8H6L+xn4D0HWND+KcNhq/x38NfHzV/h740vPBXwi1bwLp81t4b0vS/GdrpKeG7/xT8SdU1X/hF9Y8MQ6pqU3/AAr5vGB1HRnurrQywB9O/wDBNv8AaP8AEf7R/wCy34B1r4gfBf4gfAH4p+DNNg8B/Er4aeOPhn43+HFnpXirwun9kXt94JHi/QNFh8QeCdaNoNV8Oaro0l7AdNu7eK7a1vUntkAPmb9pf9kz9pX4h/Gnxp4v8D/spf8ABLr4g+GNXu7aXTPFvx68CePdW+KurRx2cMTyeKr/AEiJtPnuY5EaKBrdiotkiBwwIoA+l/2Gvgf8XvgzaePYvir8Ev2M/g7JrdzpEmkRfsjeGvE3h621pLWK5W5k8ZL4jjRrme1aRF0w22Qkck4kwSKAMH9qjxd+x18e9S+Jf7IX7SHwU8efFS707wh9uXQNU/Zy+JfjHwt4ls/FOi29xHP8NviLZ+D9R8CnxDZzyWllLdL4m0e78O69bxSXlxYpZNfRAHVf8EyfgL8R/wBmP9hj9nb4GfFfUrvUPG3w+8CWmjahDe6l/bE+hWazTTaR4XOp8C+TwzpclpoqXC/JItmCuV2mgD7woAKACgAoAKACgAoAKAPnX9kbx38T/if+zH8CviH8afD9z4U+LPjL4aeGPEHxC8NXmg33he60TxVqOnxT6tp0/h3Ukj1DRpba5Zo30+8RZ7Yjy5FDAigD6KoA/mg/4KD6F8RtZ/ac8Pf8FLfgB8BvG3iqf9gvxz4R+FnxE+HD/Bf4lN8RP2tfAevXE0PjfUfAXhy48Ow3vidPgs3i9dQ+Fev6fpU0GoazZ+OmXXJNBudKFAH9DPhrxdZfFX4X2Pi/w1pOpQWvjPwm+oaXofxD8K+JPCN/G+qaa5h0vxb4U8TaZo/iTSdssotdW0/UNNtLxI/OQRAlTQB+Il7+w3+19LeXcsX7Ef8AwRgmjluZ5I5br4afE5rqVHldkkuWWDa07qQ0xHBkLEUAfrL8FPht8SPCv7NNp8N9U0n4QfBL4lf8Ir4m0izi/Z/0C8j+F3gXXtUi1GPRtb8JeH/EISe4j0y5uLXV57HUAsN5exTRSfuZSWAP5/8A9sX9hL/gon4Ki/4J9+DfCn7VVr8TtB8F/tl+ENS0278K/si6Tcz/AAzu38BfEw3Xxb+IWo6VrmrXGtabHNdzWGt33im4tLK/1fxBbXN9qgvGt1nAP6gvDlprVhoGjWXiPV4tf1+002zt9Z1uDT4tJh1bUooES81CLTIZJobCO7nDzLaRSukAfy1ZgoKgG1QAUAFABQAUAFABQB8rftZ6BrniHwr8LLfQdH1PWZ7D4/fCfV76HS7K5vpbTStP1i4lv9RuUtopWhsbOMiS6upAsMCENJIoIoA+qaAPIfjz8TNG+EHwk8cePtd8H+L/AIg2Oi6He7fAvgXwbr/jzxN4wvLqCS2svDWn+HfDmka3fTf21cyR6fPeXNj/AGTp0NxJe6tPBYQzyoAfhX/wTN8G/Er/AIJ5ftUfEn9kHx38KPFOo/CD9pjStK/aR+C3xV+HXwi+Jeq/D34Pa/rsP2LxX+zB4x8ZxaDqlh4Z0fwXcWZuvhofE2swiLw/O9hqN1Z3QsrRwD9Y/wBtn4R/E34w/D/w5ofwv+E37LHxd1jT/En9oXuh/tX6D4g8QeC7Cy+xyw/b9DtvDyPdRa75rLF5sw8n7K0i5DYDAHwd8HP2OP2pvCfxS8B+JfEv7H3/AASV8K6BonibTdR1fxH8L/h98RLD4h6LY28wefUPB15fwiyttft1+ewmuSIUlALkDmgD9RP2hf2i/A/7NPhfw/4x+Ifh/wCJ2teGtf8AF2meDri9+GPww8Z/Fa58Nz6vBeS2+ueJ9C8B6TrviHTvC0LWhtb7XIdJvLayubq0juVRJw6gHxR8BPgbpmu/8FGPjf8AtpfDbwdqXgH4XePP2cvhd8J9ZvdT8Kav4Cv/AIx/E3wz4t8ba7f+Nrnwn4h0zRfEUdp4Z8K614b8I2Wta5pOn3OqXVlqP2KGfS4LLUb0A/VOgAoAKACgAoAKACgAoAKACgAoA//Q/tc/4av+HH/QJ8Zf+C3R/wD5oaAD/hq/4cf9Anxl/wCC3R//AJoaAD/hq/4cf9Anxl/4LdH/APmhoAP+Gr/hx/0CfGX/AILdH/8AmhoAP+Gr/hx/0CfGX/gt0f8A+aGgA/4av+HH/QJ8Zf8Agt0f/wCaGgA/4av+HH/QJ8Zf+C3R/wD5oaAD/hq/4cf9Anxl/wCC3R//AJoaAD/hq/4cf9Anxl/4LdH/APmhoAP+Gr/hx/0CfGX/AILdH/8AmhoAP+Gr/hx/0CfGX/gt0f8A+aGgA/4av+HH/QJ8Zf8Agt0f/wCaGgBp/as+GpYOdG8YFwMBzpeilgO4DHxBuAJ7A/nmgB3/AA1f8OP+gT4y/wDBbo//AM0NAB/w1f8ADj/oE+Mv/Bbo/wD80NAB/wANX/Dj/oE+Mv8AwW6P/wDNDQAf8NX/AA4/6BPjL/wW6P8A/NDQAf8ADV/w4/6BPjL/AMFuj/8AzQ0AH/DV/wAOP+gT4y/8Fuj/APzQ0AH/AA1f8OP+gT4y/wDBbo//AM0NAB/w1f8ADj/oE+Mv/Bbo/wD80NAB/wANX/Dj/oE+Mv8AwW6P/wDNDQAf8NX/AA4/6BPjL/wW6P8A/NDQAf8ADV/w4/6BPjL/AMFuj/8AzQ0AH/DV/wAOP+gT4y/8Fuj/APzQ0AH/AA1f8OP+gT4y/wDBbo//AM0NAB/w1f8ADj/oE+Mv/Bbo/wD80NAB/wANX/Dj/oE+Mv8AwW6P/wDNDQAf8NX/AA4/6BPjL/wW6P8A/NDQAf8ADV/w4/6BPjL/AMFuj/8AzQ0AH/DV/wAOP+gT4y/8Fuj/APzQ0AH/AA1f8OP+gT4y/wDBbo//AM0NAB/w1f8ADj/oE+Mv/Bbo/wD80NAB/wANX/Dj/oE+Mv8AwW6P/wDNDQAf8NX/AA4/6BPjL/wW6P8A/NDQAf8ADV/w4/6BPjL/AMFuj/8AzQ0AH/DV/wAOP+gT4y/8Fuj/APzQ0AH/AA1f8OP+gT4y/wDBbo//AM0NAB/w1f8ADj/oE+Mv/Bbo/wD80NAB/wANX/Dj/oE+Mv8AwW6P/wDNDQAf8NX/AA4/6BPjL/wW6P8A/NDQAf8ADV/w4/6BPjL/AMFuj/8AzQ0AH/DV/wAOP+gT4y/8Fuj/APzQ0ANb9q34bOpV9H8YOp6q2maMyn6g+ICDz6j8sCgBw/av+G44GkeMgB0A03R+P/LgH8vyoAP+Gr/hx/0CfGX/AILdH/8AmhoAP+Gr/hx/0CfGX/gt0f8A+aGgA/4av+HH/QJ8Zf8Agt0f/wCaGgA/4av+HH/QJ8Zf+C3R/wD5oaAD/hq/4cf9Anxl/wCC3R//AJoaAD/hq/4cf9Anxl/4LdH/APmhoAP+Gr/hx/0CfGX/AILdH/8AmhoAP+Gr/hx/0CfGX/gt0f8A+aGgA/4av+HH/QJ8Zf8Agt0f/wCaGgA/4av+HH/QJ8Zf+C3R/wD5oaAD/hq/4cf9Anxl/wCC3R//AJoaAP/Z</file>
<file name="explicitni4_moodle.jpg" path="/" encoding="base64">/9j/4AAQSkZJRgABAQAASABIAAD/4QBMRXhpZgAATU0AKgAAAAgAAgESAAMAAAABAAEAAIdpAAQAAAABAAAAJgAAAAAAAqACAAQAAAABAAAB9qADAAQAAAABAAAA5AAAAAD/4QkhaHR0cDovL25zLmFkb2JlLmNvbS94YXAvMS4wLwA8P3hwYWNrZXQgYmVnaW49Iu+7vyIgaWQ9Ilc1TTBNcENlaGlIenJlU3pOVGN6a2M5ZCI/PiA8eDp4bXBtZXRhIHhtbG5zOng9ImFkb2JlOm5zOm1ldGEvIiB4OnhtcHRrPSJYTVAgQ29yZSA1LjQuMCI+IDxyZGY6UkRGIHhtbG5zOnJkZj0iaHR0cDovL3d3dy53My5vcmcvMTk5OS8wMi8yMi1yZGYtc3ludGF4LW5zIyI+IDxyZGY6RGVzY3JpcHRpb24gcmRmOmFib3V0PSIiLz4gPC9yZGY6UkRGPiA8L3g6eG1wbWV0YT4gICAgICAgICAgICAgICAgICAgICAgICAgICAgICAgICAgICAgICAgICAgICAgICAgICAgICAgICAgICAgICAgICAgICAgICAgICAgICAgICAgICAgICAgICAgICAgICAgICAgICAgICAgICAgICAgICAgICAgICAgICAgICAgICAgICAgICAgICAgICAgICAgICAgICAgICAgICAgICAgICAgICAgICAgICAgICAgICAgICAgICAgICAgICAgICAgICAgICAgICAgICAgICAgICAgICAgICAgICAgICAgICAgICAgICAgICAgICAgICAgICAgICAgICAgICAgICAgICAgICAgICAgICAgICAgICAgICAgICAgICAgICAgICAgICAgICAgICAgICAgICAgICAgICAgICAgICAgICAgICAgICAgICAgICAgICAgICAgICAgICAgICAgICAgICAgICAgICAgICAgICAgICAgICAgICAgICAgICAgICAgICAgICAgICAgICAgICAgICAgICAgICAgICAgICAgICAgICAgICAgICAgICAgICAgICAgICAgICAgICAgICAgICAgICAgICAgICAgICAgICAgICAgICAgICAgICAgICAgICAgICAgICAgICAgICAgICAgICAgICAgICAgICAgICAgICAgICAgICAgICAgICAgICAgICAgICAgICAgICAgICAgICAgICAgICAgICAgICAgICAgICAgICAgICAgICAgICAgICAgICAgICAgICAgICAgICAgICAgICAgICAgICAgICAgICAgICAgICAgICAgICAgICAgICAgICAgICAgICAgICAgICAgICAgICAgICAgICAgICAgICAgICAgICAgICAgICAgICAgICAgICAgICAgICAgICAgICAgICAgICAgICAgICAgICAgICAgICAgICAgICAgICAgICAgICAgICAgICAgICAgICAgICAgICAgICAgICAgICAgICAgICAgICAgICAgICAgICAgICAgICAgICAgICAgICAgICAgICAgICAgICAgICAgICAgICAgICAgICAgICAgICAgICAgICAgICAgICAgICAgICAgICAgICAgICAgICAgICAgICAgICAgICAgICAgICAgICAgICAgICAgICAgICAgICAgICAgICAgICAgICAgICAgICAgICAgICAgICAgICAgICAgICAgICAgICAgICAgICAgICAgICAgICAgICAgICAgICAgICAgICAgICAgICAgICAgICAgICAgICAgICAgICAgICAgICAgICAgICAgICAgICAgICAgICAgICAgICAgICAgICAgICAgICAgICAgICAgICAgICAgICAgICAgICAgICAgICAgICAgICAgICAgICAgICAgICAgICAgICAgICAgICAgICAgICAgICAgICAgICAgICAgICAgICAgICAgICAgICAgICAgICAgICAgICAgICAgICAgICAgICAgICAgICAgICAgICAgICAgICAgICAgICAgICAgICAgICAgICAgICAgICAgICAgICAgICAgICAgICAgICAgICAgICAgICAgICAgICAgICAgICAgICAgICAgICAgICAgICAgICAgICAgICAgICAgICAgICAgICAgICAgICAgICAgICAgICAgICAgICAgICAgICAgICAgICAgICAgICAgICAgICAgICAgICAgICAgICAgICAgICAgICAgICAgICAgICAgICAgICAgICAgICAgICAgICAgICAgICAgICAgICAgICAgICAgICAgICAgICAgICAgICAgICAgICAgICAgICAgICAgICAgICAgICAgICAgICAgICAgICAgICAgICAgICAgICAgICAgICAgICAgICAgICAgICAgICAgICAgICAgICAgICAgICAgICAgICAgICAgICAgICAgICAgICAgICAgICAgICAgICAgICAgICAgICAgICAgICAgICAgICAgICAgICAgICAgICAgICAgICAgICAgICAgICAgICAgICAgICAgICAgICAgICAgICAgICAgICAgICAgICAgICAgICAgICAgICAgICAgICAgICAgICAgICAgICAgICAgICAgICAgICAgICAgICAgICAgICAgICAgICAgICAgICAgICAgICAgICAgICAgICAgICAgICAgICAgICAgICAgICAgICAgICAgICAgICAgICAgICAgICAgICAgICAgICAgICAgICAgICAgICAgICAgICAgICAgICAgICAgICAgICAgICAgICAgICAgICAgICAgICAgICAgICAgICAgICAgICAgICAgICAgICAgICAgICAgICAgICAgICAgICAgICAgICAgICAgICAgICAgICAgICAgICAgICAgICAgICAgICAgICAgICAgICAgICAgICAgICAgICAgICAgICAgICAgICAgICAgICAgICAgICAgICAgICAgICAgICAgICAgICAgICAgICAgICAgICAgICAgICAgICAgICAgICAgICAgICAgICAgICAgICAgICAgICAgICAgICAgICAgICAgICAgICAgICAgICAgICAgICAgICAgICAgICAgICAgICAgICAgICAgICAgICAgICAgICAgICAgICAgICAgICAgICAgICAgICAgICAgICAgICAgICA8P3hwYWNrZXQgZW5kPSJ3Ij8+AP/tADhQaG90b3Nob3AgMy4wADhCSU0EBAAAAAAAADhCSU0EJQAAAAAAENQdjNmPALIE6YAJmOz4Qn7/4htESUNDX1BST0ZJTEUAAQEAABs0YXBwbAIQAABtbnRyUkdCIFhZWiAH5AABAAEACAAyADRhY3NwQVBQTAAAAABBUFBMAAAAAAAAAAAAAAAAAAAAAAAA9tYAAQAAAADTLWFwcGwAAAAAAAAAAAAAAAAAAAAAAAAAAAAAAAAAAAAAAAAAAAAAAAAAAAAAAAAAAAAAABFkZXNjAAABUAAAAGJkc2NtAAABtAAABDZjcHJ0AAAF7AAAACN3dHB0AAAGEAAAABRyWFlaAAAGJAAAABRnWFlaAAAGOAAAABRiWFlaAAAGTAAAABRyVFJDAAAGYAAACAxhYXJnAAAObAAAACB2Y2d0AAAOjAAABhJuZGluAAAUoAAABj5jaGFkAAAa4AAAACxtbW9kAAAbDAAAAChiVFJDAAAGYAAACAxnVFJDAAAGYAAACAxhYWJnAAAObAAAACBhYWdnAAAObAAAACBkZXNjAAAAAAAAAAhEaXNwbGF5AAAAAAAAAAAAAAAAAAAAAAAAAAAAAAAAAAAAAAAAAAAAAAAAAAAAAAAAAAAAAAAAAAAAAAAAAAAAAAAAAAAAAAAAAAAAAAAAAAAAAAAAAAAAbWx1YwAAAAAAAAAjAAAADGhySFIAAAAUAAABtGtvS1IAAAAMAAAByG5iTk8AAAASAAAB1GlkAAAAAAASAAAB5mh1SFUAAAAUAAAB+GNzQ1oAAAAWAAACDGRhREsAAAAcAAACIm5sTkwAAAAWAAACPmZpRkkAAAAQAAACVGl0SVQAAAAUAAACZHJvUk8AAAASAAACeGVzRVMAAAASAAACeGFyAAAAAAAUAAACinVrVUEAAAAcAAACnmhlSUwAAAAWAAACunpoVFcAAAAMAAAC0HZpVk4AAAAOAAAC3HNrU0sAAAAWAAAC6npoQ04AAAAMAAAC0HJ1UlUAAAAkAAADAGZyRlIAAAAWAAADJG1zAAAAAAASAAADOmhpSU4AAAASAAADTHRoVEgAAAAMAAADXmNhRVMAAAAYAAADamVzWEwAAAASAAACeGRlREUAAAAQAAADgmVuVVMAAAASAAADknB0QlIAAAAYAAADpHBsUEwAAAASAAADvGVsR1IAAAAiAAADznN2U0UAAAAQAAAD8HRyVFIAAAAUAAAEAHB0UFQAAAAWAAAEFGphSlAAAAAMAAAEKgBMAEMARAAgAHUAIABiAG8AagBpzuy37AAgAEwAQwBEAEYAYQByAGcAZQAtAEwAQwBEAEwAQwBEACAAVwBhAHIAbgBhAFMAegDtAG4AZQBzACAATABDAEQAQgBhAHIAZQB2AG4A/QAgAEwAQwBEAEwAQwBEAC0AZgBhAHIAdgBlAHMAawDmAHIAbQBLAGwAZQB1AHIAZQBuAC0ATABDAEQAVgDkAHIAaQAtAEwAQwBEAEwAQwBEACAAYwBvAGwAbwByAGkATABDAEQAIABjAG8AbABvAHIgDwBMAEMARAAgBkUGRAZIBkYGKQQaBD4EOwRMBD4EQAQ+BDIEOAQ5ACAATABDAEQgDwBMAEMARAAgBeYF0QXiBdUF4AXZX2mCcgAgAEwAQwBEAEwAQwBEACAATQDgAHUARgBhAHIAZQBiAG4A/QAgAEwAQwBEBCYEMgQ1BEIEPQQ+BDkAIAQWBBoALQQ0BDgEQQQ/BDsENQQ5AEwAQwBEACAAYwBvAHUAbABlAHUAcgBXAGEAcgBuAGEAIABMAEMARAkwCQIJFwlACSgAIABMAEMARABMAEMARAAgDioONQBMAEMARAAgAGUAbgAgAGMAbwBsAG8AcgBGAGEAcgBiAC0ATABDAEQAQwBvAGwAbwByACAATABDAEQATABDAEQAIABDAG8AbABvAHIAaQBkAG8ASwBvAGwAbwByACAATABDAEQDiAOzA8cDwQPJA7wDtwAgA78DuAPMA70DtwAgAEwAQwBEAEYA5AByAGcALQBMAEMARABSAGUAbgBrAGwAaQAgAEwAQwBEAEwAQwBEACAAYQAgAEMAbwByAGUAczCrMOkw/ABMAEMARAAAdGV4dAAAAABDb3B5cmlnaHQgQXBwbGUgSW5jLiwgMjAyMAAAWFlaIAAAAAAAAPNSAAEAAAABFs9YWVogAAAAAAAAYWwAADgyAAAKQlhZWiAAAAAAAABvHAAArpUAABaZWFlaIAAAAAAAACZOAAAZOQAAslJjdXJ2AAAAAAAABAAAAAAFAAoADwAUABkAHgAjACgALQAyADYAOwBAAEUASgBPAFQAWQBeAGMAaABtAHIAdwB8AIEAhgCLAJAAlQCaAJ8AowCoAK0AsgC3ALwAwQDGAMsA0ADVANsA4ADlAOsA8AD2APsBAQEHAQ0BEwEZAR8BJQErATIBOAE+AUUBTAFSAVkBYAFnAW4BdQF8AYMBiwGSAZoBoQGpAbEBuQHBAckB0QHZAeEB6QHyAfoCAwIMAhQCHQImAi8COAJBAksCVAJdAmcCcQJ6AoQCjgKYAqICrAK2AsECywLVAuAC6wL1AwADCwMWAyEDLQM4A0MDTwNaA2YDcgN+A4oDlgOiA64DugPHA9MD4APsA/kEBgQTBCAELQQ7BEgEVQRjBHEEfgSMBJoEqAS2BMQE0wThBPAE/gUNBRwFKwU6BUkFWAVnBXcFhgWWBaYFtQXFBdUF5QX2BgYGFgYnBjcGSAZZBmoGewaMBp0GrwbABtEG4wb1BwcHGQcrBz0HTwdhB3QHhgeZB6wHvwfSB+UH+AgLCB8IMghGCFoIbgiCCJYIqgi+CNII5wj7CRAJJQk6CU8JZAl5CY8JpAm6Cc8J5Qn7ChEKJwo9ClQKagqBCpgKrgrFCtwK8wsLCyILOQtRC2kLgAuYC7ALyAvhC/kMEgwqDEMMXAx1DI4MpwzADNkM8w0NDSYNQA1aDXQNjg2pDcMN3g34DhMOLg5JDmQOfw6bDrYO0g7uDwkPJQ9BD14Peg+WD7MPzw/sEAkQJhBDEGEQfhCbELkQ1xD1ERMRMRFPEW0RjBGqEckR6BIHEiYSRRJkEoQSoxLDEuMTAxMjE0MTYxODE6QTxRPlFAYUJxRJFGoUixStFM4U8BUSFTQVVhV4FZsVvRXgFgMWJhZJFmwWjxayFtYW+hcdF0EXZReJF64X0hf3GBsYQBhlGIoYrxjVGPoZIBlFGWsZkRm3Gd0aBBoqGlEadxqeGsUa7BsUGzsbYxuKG7Ib2hwCHCocUhx7HKMczBz1HR4dRx1wHZkdwx3sHhYeQB5qHpQevh7pHxMfPh9pH5Qfvx/qIBUgQSBsIJggxCDwIRwhSCF1IaEhziH7IiciVSKCIq8i3SMKIzgjZiOUI8Ij8CQfJE0kfCSrJNolCSU4JWgllyXHJfcmJyZXJocmtyboJxgnSSd6J6sn3CgNKD8ocSiiKNQpBik4KWspnSnQKgIqNSpoKpsqzysCKzYraSudK9EsBSw5LG4soizXLQwtQS12Last4S4WLkwugi63Lu4vJC9aL5Evxy/+MDUwbDCkMNsxEjFKMYIxujHyMioyYzKbMtQzDTNGM38zuDPxNCs0ZTSeNNg1EzVNNYc1wjX9Njc2cjauNuk3JDdgN5w31zgUOFA4jDjIOQU5Qjl/Obw5+To2OnQ6sjrvOy07azuqO+g8JzxlPKQ84z0iPWE9oT3gPiA+YD6gPuA/IT9hP6I/4kAjQGRApkDnQSlBakGsQe5CMEJyQrVC90M6Q31DwEQDREdEikTORRJFVUWaRd5GIkZnRqtG8Ec1R3tHwEgFSEtIkUjXSR1JY0mpSfBKN0p9SsRLDEtTS5pL4kwqTHJMuk0CTUpNk03cTiVObk63TwBPSU+TT91QJ1BxULtRBlFQUZtR5lIxUnxSx1MTU19TqlP2VEJUj1TbVShVdVXCVg9WXFapVvdXRFeSV+BYL1h9WMtZGllpWbhaB1pWWqZa9VtFW5Vb5Vw1XIZc1l0nXXhdyV4aXmxevV8PX2Ffs2AFYFdgqmD8YU9homH1YklinGLwY0Njl2PrZEBklGTpZT1lkmXnZj1mkmboZz1nk2fpaD9olmjsaUNpmmnxakhqn2r3a09rp2v/bFdsr20IbWBtuW4SbmtuxG8eb3hv0XArcIZw4HE6cZVx8HJLcqZzAXNdc7h0FHRwdMx1KHWFdeF2Pnabdvh3VnezeBF4bnjMeSp5iXnnekZ6pXsEe2N7wnwhfIF84X1BfaF+AX5ifsJ/I3+Ef+WAR4CogQqBa4HNgjCCkoL0g1eDuoQdhICE44VHhauGDoZyhteHO4efiASIaYjOiTOJmYn+imSKyoswi5aL/IxjjMqNMY2Yjf+OZo7OjzaPnpAGkG6Q1pE/kaiSEZJ6kuOTTZO2lCCUipT0lV+VyZY0lp+XCpd1l+CYTJi4mSSZkJn8mmia1ZtCm6+cHJyJnPedZJ3SnkCerp8dn4uf+qBpoNihR6G2oiailqMGo3aj5qRWpMelOKWpphqmi6b9p26n4KhSqMSpN6mpqhyqj6sCq3Wr6axcrNCtRK24ri2uoa8Wr4uwALB1sOqxYLHWskuywrM4s660JbSctRO1irYBtnm28Ldot+C4WbjRuUq5wro7urW7LrunvCG8m70VvY++Cr6Evv+/er/1wHDA7MFnwePCX8Lbw1jD1MRRxM7FS8XIxkbGw8dBx7/IPci8yTrJuco4yrfLNsu2zDXMtc01zbXONs62zzfPuNA50LrRPNG+0j/SwdNE08bUSdTL1U7V0dZV1tjXXNfg2GTY6Nls2fHadtr724DcBdyK3RDdlt4c3qLfKd+v4DbgveFE4cziU+Lb42Pj6+Rz5PzlhOYN5pbnH+ep6DLovOlG6dDqW+rl63Dr++yG7RHtnO4o7rTvQO/M8Fjw5fFy8f/yjPMZ86f0NPTC9VD13vZt9vv3ivgZ+Kj5OPnH+lf65/t3/Af8mP0p/br+S/7c/23//3BhcmEAAAAAAAMAAAACZmYAAPKnAAANWQAAE9AAAApbdmNndAAAAAAAAAAAAAMBAAACAAAAVgEuAesCxAODBFMFQAYnBxoIGAkfCj0LTgxrDZAOuQ/sES0SZROjFOMWKhd5GL8aDxtXHKQd8x88IIQhzSMRJFIljSbLKAApMypmK5csyi33LygwUTGAMqsz1TUCNjE3XTiKObY64TwNPTg+YD+JQLFB3EMIRDZFY0aQR7hI3koBSyRMR01qTo9PtFDYUfhTFlQzVU9WbVeNWK5Zy1rhW/Bc9137XwBgCmEZYi1jQWRSZV9mZWdhaFNpPGogawFr4Gy/baBug29ocFBxOHIgcwhz73TWdb52qHeTeH55bHpZe0l8PX03fjZ/OYBBgUuCV4NlhHSFhYaUh6SIs4nAisyL1ozfjeeO7Y/ykPWR9pL1k/WU+pYElxWYLJlHmmObf5yYna6ev5/LoNSh2qLgo+mk9KYDpxWoKqlCqlyrd6yUrbKu0a/xsRGyM7NTtHO1kLapt7q4wbnDusC7u7y1va++qb+jwJ3BlcKKw3zEasVTxjbHGMf5yODJz8rGy8PMwc28zq/PmNBz0UPSDdLT05vUZtU11gXW19eo2HbZQNoG2sfbgNw13Ofdkd473uPfjeA74Ovhn+JS4wPjr+RV5PnllOYs5r/nUufk6IXpL+nk6qjrbuwz7PXtr+5j7xHvtfBQ8ObxfPIX8sbzj/Ru9WH2ZveK+OT6xf0u//8AAABWASMBsAJqAzID6ASxBYAGWAc9CC0JJwonCyIMMA06DlEPYxB+EZ8SvhPpFRAWOBdhGIgZtBreHAsdMx5bH4AgoSG/Itsj9SULJh8nNShJKWAqeSuTLLEtzC7oMAQxITI8M1o0dDWLNqQ3uTjNOeI69DwGPRs+MT9NQGxBj0KwQ9BE7UYIRx1IMklFSlVLY0xuTXhOfk+DUIVRhlKIU4pUjFWKVoRXeVhoWVRaRFs/XEZdWl53X5VgsGHCYspjxWS1ZZxme2dXaDBpDGnsatBrumypbZtuj2+CcHJxXHJAcx9z+3TVda12hndieEV5MHokex18GX0VfhB/Bn/2gOKByoKxg5WEd4VdhkqHRIhMiWGKgYuljMaN3o7uj/WQ95H1kvOT8JTtleyW7pf4mRCaOZtunKadzp7jn+mg5aHfotmj0aTIpb6mvKfKqO2qIatdrJyt2a8UsE6xiLLCs/m1LrZkt5u40roFuzS8X72Fvqa/vMC+warCkMN9xHfFgMaPx53Io8meyo7LdcxTzS3OBM7az7LQi9Fq0lHTRdRF1VHWYtd12ITZh9p922bcQ90a3ezeud+H4FjhLeII4ubjw+Sd5XHmQOcM59Too+l/6mnrZOxo7W3ucO9w8HDxcvJ283n0d/Vp9kf3D/ez+EX4y/la+e360PwM/dr//wAAACsAxAFLAdgCZQMGA48EKwTPBXoGLwbpB6UIaAkvCfkKygufDHcNUg4yDw4P9hDZEcASqROTFH0VZxZSFz0YKRkVGfwa6BvSHL4drh6jH5sgliGUIo8jhiR2JWEmRScgJ/gozCmfKnMrSCwhLQIt6S7XL8gwujGqMpgzgDRgNTk2BjbPN5U4WDkZOdk6nTtkPDI9Bj3ePrY/j0BoQURCJkMQRABE80XnRtZHu0iWSWVKJUrgS5hMT00HTcNOg09JUBhQ6lG+UpNTaFQ7VQ1V3latV3xYSlkVWd9aqFtvXDVc+V29XoBfQ2AIYNFhnGJrYzxkDGTaZadmcWc4Z/xov2mAakBrAGvAbIFtQ24EbsVvhXBBcPhxq3JZcwFzqXRPdPR1mHY8dt53gHgdeL15YHoWetp7q3yDfVh+KH72f8OAk4FngkSDKoQYhQuGAIb0h+OIzYmvioyLYYw0jQeN2o6wj4qQa5FHkhKSxpNbk+yUepVBlkKXiJkImoqb5J0ZnjKfOaA5oTWiL6MopCGlGaYRpwqoCakPqiGrPaxgrYeura/TsPyyKLNatJK10bcUuFm5nLrXvAW9Kb5Hv2LAf8Gewr7D38T/xiHHQ8hnyYzKscvWzP3OKc9b0JfR3tMy1I3V7tdT2LnaIduV3S/fDuF35Ivoee1O8vb5Uf//AABuZGluAAAAAAAABjYAAJOVAABWjQAAVukAAJG3AAAmuwAAFwoAAFANAABUOQACh64AAkeuAAFrhQADAQAAAgAAAAEABAAIAA8AFgAfACkANABAAEwAWgBpAHgAiQCaAKwAvgDSAOYA/AESASkBQAFZAXMBjQGpAcUB4wIBAiECQgJkAocCrALSAvoDIwNNA3oDqAPXBAgEOgRtBKME2QUSBUsFhgXDBgEGQAaABsIHBQdKB5AH2AghCGwIuQkHCVcJqAn6Ck0KoQr3C04LqAwEDGIMww0lDYkN7g5UDrwPJQ+REAAQcRDkEVkRzxJGEr0TOBO2FDoUwxVSFeMWdRcGF5YYJhi4GU4Z6BqIGzEb4xyfHWIeKx74H8YglSFkIjQjBiPbJLMljyZsJ0soKykNKfAq1Su7LJ4tfi5cLzkwFDDwMc0yqjOJNGg1SjYuNxU3/zjtOd460jvKPMU9xD7HP85A2kHoQvZEAEUGRghHCEgISQlKDEsUTCFNNE5OT25QlFG8UuVUDVU0VllXfVigWcRa51wLXTBeVl98YKRhzmL4ZCRlU2aFZ7xo+mpDa5ls+W5jb9JxRnK8dDR1r3cteLF6PHvQfW9/HIDWgpSETIX2h5SJLIrFjGWOFY/fkc2T3ZX/mCCaOZxMnl+geaKgpNqnLamgrDCu4LGhtF63C7muvF2/K8IfxUbIoswMzyjR9tSR1yjZ0dye35fi0uZg6fntEu+s8gD0MPY59//5ivq4+9T8u/2j/nD/N///AAAAAQAFAAoAEgAbACYAMgA/AE0AXABtAH4AkQCkALkAzwDlAP0BFgEvAUoBZgGDAaIBwQHiAgQCJwJMAnICmgLDAu8DHANLA3wDrwPkBBoEUgSLBMUFAQU9BXsFuwX8Bj8GgwbJBxAHWQelB/IIQQiTCOYJOwmTCewKRgqhCvwLWAu0DBIMcgzUDTkNoA4LDngO5w9ZD84QRhDAET4RvxJDEsoTUxPdFGoU+hWPFioWyxdxGBYYthlRGeYaeRsNG6QcQBzkHZEeSh8OH90gsyGOImkjQiQYJOslvSaQJ2YoQiklKhIrCCwFLQguDi8SMBExCDH5Mugz1zTKNcE2wTfKONs58jsOPDA9UT5pP3RAckFoQlhDR0Q5RTRGOEdHSF9JfkqhS8dM8E4bT0VQa1GGUpRTl1SVVZRWoFe/WPFaNVuAXM1eHl90YM9iI2NmZJVltWbOZ+Ro+2oWazNsVG12bppvwHDqchdzRnR2dad22ngQeU16j3vYfSZ+fX/jgWeDEITKhnSIBomHiwSMiI4bj8ORgpNYlUOXO5k7mzudOZ8poQSixqR2phunvaliqxWs3a7FsM+y9bUxt3y5y7wPvkTAcsKmxOnHQsmyzDHOnNDd0vTU8dbn2OPa6Nz03wHhCuMU5STnSOmW7DfvivOm92z5zvuE/MP99P75//8AAAACAAgAEQAeAC0APgBRAGYAfQCWALAAzADqAQkBKwFNAXIBmAHAAeoCFgJEAnQCpgLaAxEDSQOEA8AD/QQ7BHoEugT8BUEFigXXBikGgQbdBz4HoggICG8I1Ak5CZ0KAgpqCtULRAu7DDkMwQ1QDeYOgg8hD8AQXBD2EZASLRLNE24UDRSoFUIV3BZ5Fx4XzhiOGWIaQhsqHBQc+x3dHrgfkiBtIUwiMCMYJAYk+SXxJu8n8yj9Kg4rJCxALWAugC+dMLgx0zLzNBo1STaCN8M5DDpcO7A9Bz5gP75BIkKTRBZFrkdaSRFK0UyaTm9QVVIyU9pVWlbMWEhZ01tmXPheg2ABYXBi1WQ3ZZxnCWiBagpro21NbwBwt3JvdB51w3d1eWR77n6kgHmB1oL8hAKFCIYQhzOIc4nUi1WM6Y6IkC6R2ZOIlTuW8Zipml6cCp2nnzegvaI/o8ClRKbKqFCp1KtUrNCuRq+5sSiyl7QItX22/LiJuia70L2CvzbA6cKcxE/GBMe7yXPLK8zkzp7QWNIU09LVj9dK2P/arNxP3ejfdeD94oLkA+WC5wLog+oE63/s7u5G73nwnfGN8nXzRPP39Kr1TvXb9mj29vd29+n4XPjP+UP5q/oN+nD60vs1+5j78fxJ/KL8+/1U/a3+A/5Y/qz/Af9V/6r//wAAc2YzMgAAAAAAAQxCAAAF3v//8yYAAAeSAAD9kf//+6L///2jAAAD3AAAwGxtbW9kAAAAAAAABhAAAJzfAAAAAMoq1YAAAAAAAAAAAAAAAAAAAAAA/8AAEQgA5AH2AwERAAIRAQMRAf/EAB8AAAEFAQEBAQEBAAAAAAAAAAABAgMEBQYHCAkKC//EALUQAAIBAwMCBAMFBQQEAAABfQECAwAEEQUSITFBBhNRYQcicRQygZGhCCNCscEVUtHwJDNicoIJChYXGBkaJSYnKCkqNDU2Nzg5OkNERUZHSElKU1RVVldYWVpjZGVmZ2hpanN0dXZ3eHl6g4SFhoeIiYqSk5SVlpeYmZqio6Slpqeoqaqys7S1tre4ubrCw8TFxsfIycrS09TV1tfY2drh4uPk5ebn6Onq8fLz9PX29/j5+v/EAB8BAAMBAQEBAQEBAQEAAAAAAAABAgMEBQYHCAkKC//EALURAAIBAgQEAwQHBQQEAAECdwABAgMRBAUhMQYSQVEHYXETIjKBCBRCkaGxwQkjM1LwFWJy0QoWJDThJfEXGBkaJicoKSo1Njc4OTpDREVGR0hJSlNUVVZXWFlaY2RlZmdoaWpzdHV2d3h5eoKDhIWGh4iJipKTlJWWl5iZmqKjpKWmp6ipqrKztLW2t7i5usLDxMXGx8jJytLT1NXW19jZ2uLj5OXm5+jp6vLz9PX29/j5+v/bAEMAAQEBAQEBAQEBAQEBAQEBAQEBAQEBAQEBAQEBAQEBAQEBAQEBAQEBAQEBAQEBAQEBAQEBAQEBAQEBAQEBAQEBAf/bAEMBAQEBAQEBAQEBAQEBAQEBAQEBAQEBAQEBAQEBAQEBAQEBAQEBAQEBAQEBAQEBAQEBAQEBAQEBAQEBAQEBAQEBAf/dAAQAP//aAAwDAQACEQMRAD8A/v4oAKACgAoAKACgD4//AG2v+ST+EP8Asv37Pn/q2/CtAH2BQAUAFABQAUAFABQAUAFABQAUAFABQB5T8I/C3jnwnpXjC18eeKZfFd9q/wAVPij4o8P3Ut5e3p0jwP4n8b61rXgnwuj3vzwReGfDV5p2ix2cH+h2iWYgs/8AR0SgD1agAoAKACgAoAKACgAoAKACgAoAKAPHPiR4Is/FHjj4K6/ceMIvDk/gTxlrGuWWiPJCj+M5r3wnq+jPo8SyXdu8rWkV6+qlIYLxwtmWMSKDMgB7HQAUAFABQAUAFABQAUAFABQAUAFABQB81fsceGPhT4K/ZX+AXhL4GeMNQ+IHwe8PfC/wrpXw28baqytqXijwhaadFHo2tXrJpeiobi+tQkshXSNOG48WkP3FAPpWgAoAKACgAoAKACgAoAKACgAoAKACgAoAKAP/0P7+KACgAoAKACgAoA+P/wBtr/kk/hD/ALL9+z5/6tvwrQB9gUAFABQAUAFABQAUAFABQAUAFABQAUAeO/BbwRD4E0fxvYweMY/Gi6/8YPi542e8jeNxoc3jTx9rviObwexjvr4CTwjJqDaBIjNbyI1gVksrNw1uoB7FQAUAFABQAUAFABQAUAFABQAUAFAHi3xL8OeAtZ8d/BDVPFniS40XxF4a8aazqPw+0qG4hhi8T6/c+EdY0++025jktZ3uY7bRLi+1BY4ZbV1kt1cysitG4B7TQAUAFABQAUAFABQAUAFABQAUAFABQB82/sdzfBa4/Za+Ak/7OdjqemfAmX4Y+Fn+E+n61NqVxq1n4HbTojoVvqE2sX2p6pLdx2exZnv9QvLpmyZbiRstQB9JUAFABQAUAFABQAUAFABQAUAFABQAUAFABQB//9H+/igAoAKACgAoAKAPj/8Aba/5JP4Q/wCy/fs+f+rb8K0AfYFABQAUAFABQAUAFABQAUAFABQAUAFAHi/wQ8NeBfC+i+OrXwD4mufFNjqvxm+MXiXxDdXNzbXTaV458SfEPX9Y8beGYmtrSzWK38N+JbvUdGt7aVZ7m3is0hubq5mR5nAPaKAPLfjX8afhl+zt8LPGfxq+MnizTvA3wy+H2lprPi7xXqpkFho+ny3lrp0M0wiSSVzPfXtpaQxxozyT3EUaqWZRQB6DpGradr2labrekXcN/pWr2Fpqem3tu4kgu7G+gjubW4icEho5oJUkUg9GHTJoA0aACgAoAKACgAoAKACgAoA8V+Ji/C8+O/gefHQuj4tXxrrJ+FJgk1FIl8Uf8IjrA1Q3S2cqWskX/COHUgq6mktsJNpjVbgROoB7VQAUAFABQAUAFABQAUAFABQAUAFABQB81/sc+L/hl4//AGWPgH41+DHgw/Dv4UeJ/hh4V1n4feBTBa2p8KeFr3To5dJ0Q29i8lnD9htmWHy7d2iXbhGIGaAPpSgAoAKACgAoAKACgAoAKACgAoAKACgAoAKAP//S/v4oAKACgAoAKACgD4//AG2v+ST+EP8Asv37Pn/q2/CtAH2BQAUAFABQAUAFABQAUAFABQAUAFABQB4t8Do/hfHovjsfCprltLb4z/GOTxb9pfUnYfE6T4h+IG+JaxHU3eQWy+MzrAt0tdunJEFXT0WzEIoA9poA/D3/AIKq67+zT+0h418Jf8E8P2h/jn8LfhD8MPFfww8afGL4zz/EL4leEfADajb3Wn6z4C+CmgWP/CT69oy6uV8aXPiH4i3VpbO0un6j8OvCNzcxm11SMuAcT/wbx/tbyfHH9jnWv2cfGXjXQPG3xi/YV8f69+zX4x17QPEeneKdO8WeFfCF1Jb/AA28b6Vr+mXV5a+INL1vwklhbN4ht7u6ttV1bTtTlgnZFoA/figAoAKACgAoAKACgAoAKAPFfiZ4j+H+jeO/gfpfi7w42s+JPEvjXWdN+HepraWtwPDXiC38I6xf3+pPNPLHNZi40O3v7ATWqyyubjymQRu70Ae1UAFABQAUAFABQAUAFABQAUAFABQAUAfOn7IvxJ0/4w/sxfAr4paV8PoPhTpvj34aeGPE9l8NrbZ9n8E22q6fFcReHIdmnaQnl6areQu3TLFcLxaxfcUA+i6ACgAoAKACgAoAKACgAoAKACgAoAKACgAoA//T/v4oAKACgAoAKACgD4//AG2v+ST+EP8Asv37Pn/q2/CtAH2BQAUAFABQAUAFABQAUAFABQAUAFABQB4t8DvEPw98R6L47uPhz4el8Oafpnxn+Mfh/wAS28tnbWZ1P4gaB8RPEGlePvECJa3Nys8Wv+KrbVNViu5TFc3aXQnubeCZ3iUA9hu3uY7W5ksoIrq8S3me0tri4a0guLlY2MEE12lvdPaxTShI5LhbW5aFGaRbeYr5bgH5xfsd/s9/HLTvG37UHxT/AGx/hz8EJviF8Zvi/N4n8KX/AIG8bar8UbXSfhfo2j6f4W+H3geQ+LPhj4Hm0RvDHhvR7Bb7+z/ttnrWuXerayYbKe8lWUA+NdC/YL/bB+CP/BZPx1+27+zt4R/Z80X9lT48/C3wn8N/2gPh/ffFfxV4d8X+Itd8JOkGh/FTQfCekfBq98NWmu6LpyPENDuPEbx6vNqOrzXOs2011HNbgH730AFABQAUAFABQAUAFABQB498RvG9t4X8b/BjQJ/BjeJZfHfjHV9EtddBUDwRLZeFdX1htaYHT7skXsdk2kYW5045vM/aJQDbsAew0AFABQAUAFABQAUAFABQAUAFABQAUAeB/ssePPiJ8UP2cvgt8Q/i14Ih+GvxM8ZfDzw54g8c+AbbSdV0KDwj4k1Gxjn1PQYdG1y4u9Y0yPT7hmhWz1K5nvIQuyaVnBNAHvlABQAUAFABQAUAFABQAUAFABQAUAFABQAUAf/U/v4oAKACgAoAKACgD4//AG2v+ST+EP8Asv37Pn/q2/CtAH2BQAUAFABQAUAFABQAUAFABQAUAFAH8+v/AAU//wCCs3x9+Ev7SXgX/gnB/wAE2/gzoH7QH7ePxC8NR+M/EMvi+5lh+HXwL8C3CRTQeIvGapdacJr2fT7q01aM3V/Hp1jZXukg2uuX+r22lxAH5dw/8FDP+DgD/gnZ4T179pn9tH4Kfs4ftNfsjeGvi3408IfHOH4BaQPCnxC+Gl1o/j+/8LeKfHFgll4U8FR6lpl9rltd6hp+uanpfiK01uO8s5NXuNCm1H7bAAf16/An41/D79o74O/Db46/CrWofEHw8+Kvg/Q/G3hPVYSv+k6Pr1jDf2omRWYwXUSTeTdW7nzIJ0kjcBlagD1mgAoAKACgAoAKACgAoAKACgAoA8n8f+K/GWgeMvhDo3hvwomv6H4u8WarpXjXWGtLy4bwlo1p4Y1TU7PVkmtpUgs2utWtbPTTNepLC63RiRRM6OgB6xQAUAFABQAUAFABQAUAFABQAUAFABQB4L+y5d/G2+/Z2+DN5+0lax2Px7ufh94cm+LlpDHoMMVt47exjOvwxxeF2fw6ipebwF0V204f8uxMe2gD3qgAoAKACgAoAKACgAoAKACgAoAKACgAoAKAP//V/v4oAKACgDynxv8AD/xj4o8UeFtd0D40+Pfh7pGgzW0ur+DvDGjfDbUND8ZRwXwupbfXbvxd4G8R+IrOO7tx/Z0zeHNb0SVLUmS3khvMXNABqnw/8Y3/AMSdH8bWfxp8e6N4V06JY774TWOj/DabwXrrraXFuZtQ1XUfA174+gkeaaK9K6X4x0+MXFrCioLZ54JQAsPh/wCMbT4l6h43ufjT491LwpeWssFt8JLrRvhtH4K0uZ0tlS8tNVs/A1t4/lnhaCWREvfGN1bFrqYSQOiwCIA+P/2qvh/4x8N+FYfEWt/Gnx7460TX/wBoP4AyaP4H8RaP8NrLw94NST4yeGp0h0K98L+BdA8T3iQROtpGfEev63IYYkeR5Jy8rgH1j4I+Gnjrwvpfi6w1/wCPfxI+Id54iiuo9E1nxNoXwp0+/wDA7z208MU3h6Hwj8PPDenXslnLLHdQDxPY6/G01tEtwk0DTwzgEeg/DHx5pPw/1/whqP7QHxK8S+JNXmll034naroPwmtvF3hmOQ25S30nTdF+HWleCbmOEQyhDrXhTVJWF1L5krlYDEAI/wAMPHrfDGHwKv7QPxLj8WxXTXEnxfXQfhKfG9xCbya4FnLpL/Dlvh6sCwSJYh4fBcdx9ngidpmuWluHADxN8MPHuueBPDPhPSf2gfiX4Q8RaGlomrfEjRNB+Et34q8Xtb2pgmk1vTvEPw61nwbaPeykXlwPD/hjRkSf5LZILceTQBb8bfDnxt4oPg46B8c/iH8Pf+EbkjfXB4Z0T4X6h/wnao1ozR+Iv+Eu8AeJPsSSi3mRz4X/AOEfcLezmN1ZLc24BP4o+H3jLXfG3hjxRpHxr8feD9A0KC3i1f4e6Ho3w1u/DPjCSG4uJpbnXNQ8Q+BdZ8W2kt1FNFazL4d8R6JCsNrE8EUU7TyygDp/AHjGX4nReOo/jR49t/CUdtHC/wAIItG+GzeB55UsBaNdyatL4Hk+ISzyXA/tJ1j8aJALo+WkK2YFqoAaD4A8Y6T8Q9e8Zaj8aPHviTwxq0V1Hp3wt1XR/hvb+D/Db3E0EsM+lano3gfS/HNxJZRxSW8A1nxZqkTxXEpuIp5lhliAIPBXw68a+F9T8Y32vfHH4hfEG08SDGh6R4m0X4Y2Fj4DPmXj7vDkvhLwF4c1C+O25gix4qvfEA2WFsfvvdNdAFXwj8M/Hfh3wt4s0HWvj78SfHGseITdnRvGXiDQvhTZa74JFxaC3hXQLPwx8PNA8O3osph9ttz4m0XXS9wxS6Nxa4goAZp/wx8e2fwz1PwPc/tA/EvU/Fl9M0lp8XbvQfhLF420hDfQ3QgsdJsvhxa/D+WNbeJ9ODah4NvZTa3EshkN4sV1EAGqfDDx7f8Aw20rwTaftA/EvR/FVhdQT3nxZsdB+E03jTWYoftPmWd9pWofDq98AwwXPnwmV9O8HWVwv2SHyZot9x5oB/H5qWqw/sH/APBxn8e2/ag/aL8dfAjw5+2h8GvhmnwP/akvtD+FY0vxPqHhnS9MsNV8FeJtb8bfD3XPBXhZNQ1O0u9PuptJ03w/ZwXuiadC72VvqOmxsAfoF/wWA/by+Enhj/gnt+0rcfEn9pS18DeKPGFn+0D8CPhX8Avh23wh8V6t+0da33iHX/AngDxhc6L4k8J+MvE39l63o0um+LtR8TeEL/w1pYt5RcaFeWepXOkbgD6d/wCCHX7JPx++An/BOj9iTQfih8Wfid4F1Xw78No9c8TfAuXRPh0+hxp4svdV8Q6foXiS91vwPqfj3TtQ0ey1mxtbm00jxdp0VtPp0UKKIvOjlAP14tvh/wCMYPibd+OZfjT49uvCdxamCH4RTaN8Nl8E2Uxt4IReW+rQeBoviC84kikuQlz4zntvOuJVMBgWCJAA8KfD/wAY+H/G3ijxRrHxp8e+NNA12W5k0j4e69o/w2s/DPg5J7pp4odD1Dw34G0LxdeR2kJFnCfEXiPW5GgUPcSTXOZ6AKXgj4beOfC9r4wt9f8Ajz8R/iFN4jimTRLzxPofwrsJ/AryxXUccvh1PCPw98N2989u88M0Y8UQeII2e0gEqSRtcJOAReHPhl480XwL4k8Kap8f/iV4r8Q63PPLpXxH1nQfhPa+KfCccsdukdvo2naD8O9H8HXUVu0MssTa94Z1iZnuphNLNGkCRADU+GHj1fhgPAjftA/EuTxcLqWf/hcLaD8JR44MMl/JdpZnSE+HSfDzyIbZ00yN/wDhCvtDWkSSSSvel7xwA8Q/DDx7rPw/8PeENM/aB+JfhbxLozWh1P4naPoPwlufFvigW9vJDMur6Zrnw61bwTbC9kdLm4/sPwrpRSaJFtvs0JeFwCz42+G/jjxRaeDbfQPjt8Rfh7N4acNrt74Z0T4W38/jxQLIeX4jTxb8PvEdtYqTbXDE+FYPDz51C5wcJaC1ALPiv4e+MvEHi/wp4j0b42eP/BWieH47WPWPA2g6N8NL3w940aC6lnml1698S+Bdd8T2b3kMiWU48N6/oSJBDG9ssFyZLhgB154A8Y3PxNsvHMHxo8e2PhO1gWK4+ENvo/w2fwTqEi2L2pubnVrrwNcfEGOV7hl1Fls/GVtCLqNY1jFmz2zABo3w/wDGOmfEjWfGt98afHuveFtTtbqCx+FGpaP8NoPBmgzXElq8N5puqaV4G0/x7PPZLbzRQJqvjDULZ0vbg3MM7pbNAAR+DPh5408M674u1bXfjd8QPH2neIi39ieG/EmjfDOw0rwODNcyAeHrnwp4E8Paze7UnhgX/hJ9T18mOzhZi0rXDzgHjt58Pv2ifCd/4S0HQ/jf8QPiLo3i3xR4hg8c+L/FOg/Biy1z4c+GZ/B2rx6LdeFrbQfAPhvTLyaz8U/2XcQf2ro/iSaSUeXfxXGnNPEwB6lpXwx8e6f8NtY8E3n7QPxL1rxVqUrSWPxYv9B+E0PjPQka6t5xBp2l6b8ObHwFOiQwy2atqng7UJPIupnaRrhIJoAAvvhj49uvhpYeB7f9oH4l6f4rtLqOe5+LdroPwlk8a6lCklw7Wd3pV38Obn4fxwSrNFE72Xg21uAlrEY5kdpnnADxf8MPHviPwf4X8N6J+0D8S/A2uaDFDHq/jvw9oPwlvfEXjF47aOCSfXbHxR8Odf8AC1pJPKjXci+HfD+iRLPK6RIluqQoAX/G/wAPPGninU/CN94f+N3xA+Hlp4dltpNb0nwxovwy1Cy8cJBcW80sPiGXxd4E8SX9lHdxwy20x8MXmgSLDczNBLFMsEsABJr/AMPvGWr+P/D3i/TfjV4+8M+G9Hhii1P4ZaTo3w2ufCXih4/tG+41fUtb8Dap41tpZ/Oi8xdD8U6TEPssPlxpvn80AVfAHjEfE6bx0fjT49bwlJapbp8Hzo3w2/4QeCZbOG2a8j1dfAy/EIzvPG9+yS+NHthczyRrCLVYrZAA8NfD/wAY6H488S+LdV+NPj3xb4c1x7ttK+G2taN8NrTwr4SFxcieFNF1HQPA2jeM7tbKIG0gOv8AijWWeFi1yZ7gCegCr4J+HHjfwufGJ1/47fEX4hDxIki6GPE+ifC2wHgRnW7CyeHf+ER+H/ho3zRm4hZR4pOvoTZW4ZWV7oTgEHhb4ZeO9B8FeKfDGr/H74leMte164uZtI+IGu6F8J7PxN4OjmtreCK20Ow8OfDvRPCV5FaTQy3kLeIvDutzPPdSpcSzW6wQRADLf4YePYfhjP4Fl/aB+Jd14tluJJo/i/LoPwmXxvbxPf8A2tbWLSYPh3D8PWhit/8AiWq83guSY2n7ySR7wfamADXfhj491X4d6F4M079oH4l+HPE+lTWkuo/FPS9B+E1x4w8Rx28NxHNb6ppms/DnU/AtvFeyTRTzto3hHTJUktoltpYImnSUAn8a/DXxz4n0rwfYaD8efiN8P7zw2c65rXhrQvhXf3/jv93ZpjxFD4t+H3iPTbEbraeX/ilrHw+d9/cDhEtEgALPi/4e+M/EfijwlruifG3x/wCBtI8PfZP7a8H+HtG+Gd7ofjb7Pd/aJ/8AhILzxP4E1/xDZfboP9BuP+EZ1rQvLt/ntfIuibigDB/Zf8J/FvwJ+zx8GvBvx68UweN/jP4a+H/h3R/iZ4utdWv9dt/EfjGysY4ta1aHWdUsdM1HUo7y6DSreXmn2dxNndJbxsdtAHvFABQAUAFABQAUAFABQAUAFABQAUAFABQAUAf/1v7+KACgAoAKACgAoA+P/wBtr/kk/hD/ALL9+z5/6tvwrQB9gUAFABQAUAFABQAUAFABQAUAFABQB8i/tj/sJfsqft9fDZPhV+1Z8IfD3xT8LWdzJf6JLqH2rTvEXhfUpYvJfU/CvinSLiw8QeHL9k2rJcaRqVq8yIsc29BhQD8lf2C/+Ddr/gnt+zP491T40eIf2eL3xF8TvBnxd+I7fCO4+Kvj7xF8TtJ8PeBNI8a6xB8MPEml+Htb8Raz4ej1u68KQ6LqiajqFg+uWN63mEWN0rxRAH9EaqqKqIoVVAVVUAKqqMBQBgAADAAGAOmKAFoAKACgAoAKACgAoAKACgAoAKAPKfH2i/EjU/GHwkvvBet2umeF9E8V6re/EywnupIJtc8NzeGdUtNOsbSFLK5W6lh1+bT7x4pZ7JVjhaQTMyiJgD1agAoAKACgAoAKACgAoAKACgAoAKACgD55/ZM+G+sfB/8AZo+B/wALvEHju3+J+t+Avhx4Z8Map8Q7SaW4tvGV7pVhHbz+IIJpr3UppY9RZfPV5L+7dg2Wnc5NAH0NQAUAFABQAUAFABQAUAFABQAUAFABQAUAFAH/1/7+KACgAoAKACgAoA+P/wBtr/kk/hD/ALL9+z5/6tvwrQB9gUAFABQAUAFABQAUAFABQAUAFABQAUAeU/CPSPiRo+leMIfibrFrrWpXvxU+KOreFprW4a4Wy+HGq+N9Zvvh3pErNZ2ZiutI8Iz6Vp9zbhZ1gmgeJbu7C/aHAPVqACgAoAKACgAoAKACgAoAKACgAoA8l+IPgrXfE3jP4P69pXi9/DuneB/Fura3r+iq86r4xsLzwxqukQaQ4iureNxaXt7BqgFxDdxg2oKxK+2RQD1qgAoAKACgAoAKACgAoAKACgAoAKACgD5u/Y9+H/g74VfsufAb4b/D7x/bfFTwR4J+GXhbw74W+I9ldWN7aeNNF03T44LHxDb3emzXGn3EWpQqs6S2c81u4bMcjqQ1AH0jQAUAFABQAUAFABQAUAFABQAUAFABQAUAFAH/0P7+KACgAoAKACgAoA+P/wBtr/kk/hD/ALL9+z5/6tvwrQB9gUAfmH/wVb/4KB+Mv+CaP7NN9+0/pXwK0j45+D9A8Q+G/D3ifRJvinN8NtdsZvFGoPpunXemf8W98b2epwR3XkLdpNNpskaTl4/O8vawB5r8aP8Agp58Uv2QtL+CnxC/bJ/ZV0XwB8BvjP408FfD1fjJ8GfjzJ8ZLf4d+KviGit4UHxD8HeIfg98JNV07QLx/Ojudd0HUfEa2Rt5TPZIZLZJwD9f7W5gvba3vLWRZra7ghubeVc7ZYJ41lhkXODteNlYZGcHnHNAE9ABQAUAFABQAUAFABQAUAeT/CHwX4i8EaT4ys/Eni2Txhc678Vvin4z0y7ke5kOjeHvGHjnW/EPh/wmpubm5ZY/Cuk39roUaRNFbolkFt7aCEJEgB6xQB+VLf8ABRnxd8b/ANo34r/s0fsLfBTRfjzqP7P2pweHPj38cvHvxIPw5+Bnw98bTwQXR+HmhahofhPx34l+Ivjqwt5mbXNJ0/TfD+laI0YF1rzGe0FwAdV8PP2zP2jz+2p4P/Y8+Pf7JumfDC38Z/Bn4j/Fnwx8c/BXxfk+JXw48Xv8Pda8AaNfeF9Jtb74eeBNb0bxBB/wm6Xur6bq0NwLK2WxexvNUguWuEAP0soAKACgAoAKACgAoAKACgDxj4leDfDXiTx18Edc1vxfD4d1XwV401nWfC+iyXthav4y1O88JaxpNzo8NvdSLcXz2mnXdzqrQWCyToloZpFEKOygHs9AH5Hf8FIP+CkvxS/YP+Jn7KHgDwt+zZ4X+Ndr+1t8WbX4L+Ddb1H44Xnw0k8OeMrr+ydk3iLTk+EnjsHQQmq+Yb+wvLi8C20o/s0s6bgC58dP+Clnjn9ipPC/ir9u39l66+EnwQ8R63p3hnUf2g/gp8U3/aB+HHw71zWbkWukN8VLK++Gnwj8Z+EdBvpd0beI7Dw34l0qyuWtrW6uFluotwB+p+g67o3ijRdJ8SeHdTsta0HXdOs9W0bV9NuIrvT9T0y/gjubK+s7mFmint7m3lSWKWNirowIx0oA1qACgAoAKACgAoAKACgAoA+a/wBjnRfg94c/ZY+Aehfs++JL7xj8EdJ+GHhWx+FvinU0vU1DX/BcGnRJoeqXiajpuj3y3F3aBJJBd6XYTgn95awn5KAPpSgAoAKACgAoAKACgAoAKACgAoAKACgAoAKAP//R/v4oAKACgAoAKACgD4//AG2v+ST+EP8Asv37Pn/q2/CtAH2BQB/PF/wdHBz/AMEgPjII2COfiL8HQjsu4K58Z2u1iuRuAOCVyMjjIzmgD4s/4LG+Cv2qfhV+yx+zx+0p+1b8TvA/7Uv7CvwE8f8AwR+I3xi/Zk8C+Bv+FEeLtauLOTTLDwb4lk8eJrvjO58YWXhrUdT/ANI8DPF4d03W3nV9Rup7culuAf1bfC/xj4f+Ifw48CeO/CcU0Hhjxf4S8P8AiLQILiFreeDSNW0u2vdPgmgcBopIbaaKN0I+UpjnigDuqACgAoAKACgAoAKACgAoA8Z+CXgvw94I0bx1ZeHPF8HjK3134yfGDxnqd5BeWN6NF8QeMfiDr3iHX/CMj2E0yQT+E9Vv7rQZrO4ZL2zksWt72GG5R41APVdYXU20jVV0V4ItZbTr5dJkukMlrHqZtpRYPcoCC8CXXlNMgILRhgCMg0AfzHf8Gqup2i/sX/tF+EteilsvjJ4S/bN+N1r8ZdO1VhF4lj8UXurQ3tlPrVjPjUrZzos1hbRm9XLm2dVbKOigH9N1zomj3mq6Zrl3pdhc6zosGo2ukarPawyahpltq/2I6pBY3boZ7WHUTp1h9tjhdEufsVr5wfyU2AGpQAUAFABQAUAFABQAUAFAHivxM0r4a3/jz4HXnjXWJ9O8VaT411m6+GNlE10I9Z8Sy+EdYttSs51gtZ4mSHw/LqN0BdTWsQeIFZXl2RMAe1UAfzX/APBfX/k4X/gil/2kG0b/ANJ/DFAH6W/8FgtT+Guk/wDBMH9uS6+LD2CeEX/Zy+JFmg1Ce1t45PFN9oNzaeBY4Hu/3ZvG8aTaCbWNQ0zzALCrOQKAOM/4IgeGviV4R/4JQfsLaB8WIdQtPGFl+z/4G8zTtXtbqy1bStFm0uKbw7pWqWt7i6g1DTtEextbuOdY5VmiYPGh+SgD9VqACgAoAKACgAoAKACgAoA+af2NtU+Dmt/srfAHV/2etD1fwz8D9R+F/hW7+Fnh/X/N/trR/BU2nRNodhqfn6nrU3223tCiT+Zq2oPvBzdTffoA+lqACgAoAKACgAoAKACgAoAKACgAoAKACgAoA//S/v4oAKACgAoAKACgD4+/bbIHwn8H5IH/ABf/APZ7HJxyfi34W4+tAH2DQB+ev/BSD/gnl4S/4KWfAqf9nX4mfGn4vfCv4aalrWi694gsfhJH8NYNS1++8PXct9pP2zVvHPw/8a31nDbXTpMYtJm09Jmgi84SYbcAeM/Fn/gktoH7THhbwJ8Mf2uP2t/2mv2lfgh4E1bw1rSfBHxVH8Dvh14B8XXvhKONNDTx8vwO+Dnww1/xlp9q8SSyaTrutXel3Lh1uLSWOWZHAP1g0nStN0LS9O0TR7K307SdIsbXTdNsLSNYbaysLKFLe0tbeJQFjhggjSKNFGFVQBnFAGhQAUAFABQAUAFABQAUAFAHivwN0n4b6RonjqP4Y63NrumX3xn+MeseJ7iaSaQ2XxF1f4h6/f8AxC0eJp7W1Ig0fxbPqunwJGs8CRQKsF1dRhZnAPaqAPy+8X/8EvvAunftI+N/2tv2XfjR8V/2Pvjd8VYbZfjLc/CWLwLr3w8+M15ZySPZ6z8Rfhh8TPCPjPwffa/bC4uvL8Q6Pp2i66811cXE+oyzTSu4B9X/AAr/AGeb3wV4mPj/AOI/xi+JPx8+IkWnTaPpPif4hr4P0ax8L6TdtDLf2HhXwV8OPC3gnwNo0mpTW8DanrEPhw+IdVitbG21TWLy2sLKKAA+kqACgAoAKACgAoAKACgAoA8U+JuofDK08efA228b6fc3nivUfG2s2/wtuYElaLTvE8fhDWZ9TuLox3VuiRSeHU1GBTNDdoZHQCJXKyKAe10AfmH+3n/wTH8O/t7fEH9nf4heLf2kfjx8JLz9mD4gQ/FP4VaP8KrL4MHSLHx9bnTDFr+rf8J98KPG+o62B/ZVuv8AZWoX8ujlHuI/sGyeRWANLxp/wTQ8EfHfWfBl/wDtg/HL43/te6B4A16x8V+Gfhv8U7j4d+EPhUvirSpvN0jxD4g+G3wS8AfC7wf4y1DSWaUaf/wmGka7Db+dI6xb9sigH6R21tb2Vtb2dnBFa2lrDFb21tBGsUFvBCgjihhiQBI4oo1VI0UBVVQAAABQBPQAUAFABQAUAFABQAUAFAHzV+xv8QPA/wAVv2VvgD8SPhn8P7D4U/D/AMbfC7wp4j8IfDbS0sY9O8E6DqWnRT6f4csk0yx03T1t9NhZYIhZWFpbhV/dQRrhaAPpWgAoAKACgAoAKACgCrc31lZvaR3d5a2sl/dCysI7m4hge9vDBNci0tFldWubo21tc3AghDymC3ml2COF3UAtUAFAHgPxS/aT+G3wo8X6H8O9VPiPxP8AEXX/AAtr3juz8BeBdBuPE3imHwF4Xlht9f8AGd9YwSQRWmi2V1PHZWkUlx/a/iG/W407wvpmt39ne29uAekfDj4jeCPi74G8MfEr4b+JNN8XeB/GWkWmu+GvEWkymax1TTL2MSQXERZUkjbB2ywTJHPBKrxTRrIjrQB534U/aY+D3jb47/Ef9mzw34iv734vfCbwp4U8aeO/D1x4a8SaXa6T4f8AGt9rmn+G7y11vVtKstH11L+fw7qn7zQL3VLeEQhZrlJi0SgHvVABQB//0/7+KACgAoA5/VPFnhbQ7+w0vWvEvh/R9T1VkTS9O1TWdO0+/wBSeSXyI0sLO7uYri8aSb9yi28chaX92uXO2gAn8WeFrXW7bwzdeJfD9t4jvF32nh+fWdOh1u6QxvMGttKkuFv51MUcku6KBgY43fO1CVAPlH9uH9s74efsZfsv/tD/ALQGrap4d1/Wfgd8NdZ8Yp4FGu2K6rqWtD7LpfhjTNQsLe5OqWdhqfiTVtEsb27W3D29pePNHucJuAP42PAv/BMz4m/8FVf2efB3/BQb/go5+2r8WfEnxL/aD+I3wl1X4cfs9fCX4g6PovhD4G/Cv4n+PdG0bRkbw21tq0mja/HoOope2Nha2GiWmi3biHU7XVb+Oe4cA+5P2KPiv8dP+CQv/BT74Yf8EzviX+1RrP7XH7EX7U/g7xDq/wCzb8RPHvijSdf8XfBnxl4Ws9Y1bUvBniDXbW5uYrWyisdC1KG+sUWx0h/tOg6vYWekSXep2jAH9dVp428G6ho954hsfFvhi90DT2ZL/W7TXtKudHsXTZvW81OG6eytmXzE3LNMhXemfvLQAHxt4MXQl8UN4u8ML4ZdzEniI6/pQ0J5BI0JjXV/tQ09nEyNEUE5bzFaMjcpFABfeNvBml6TY6/qXi7wxp2hamI203Wr7X9KtNJ1FZk82JrHUbi6js7sSxfvIzbyyB0+dcr81AEmqeMfCOh/2aNa8U+HNHOskLo/9qa5pmn/ANqsxiCrpv2u5h+3FjNEALXzCTLEBnem4Aff+LfCul6pYaHqfibw/p2taoiSaZo9/rWm2mqajHI7xxvYafcXEd3eJJJHJGjW8Mis6OoyVZaAFbxZ4WTXV8Lv4l0BPEzoJV8OtrOnLrrRtF56yLpBuRqBQwETBxb7TEfMGUO6gAtPFnha/wBZu/Dtj4l0C98QWCyPfaFaazp1xrNkkTIkrXelw3L3tssbyIkjTQIEZ0B2lgGAGaX4v8Ja3PqVrovijw7q9zo3OsW+l63pt/PpXMq51KG1uZZLH5oJl/0oRcxSj/lm4QAj07xp4O1ew1DVdJ8WeGdU0vSDINV1LTte0q9sNMMMfmyjULy2upbeyMUREsn2mWPZGd7fLyoAkPjbwZcaHP4nt/F3hifw1asUufEMOv6VJodu4lWApPqyXTWETCd0hKyTqRK6xkb2AYAJ/G/gy10S38TXXi7wxbeHLuRIrXxBPr+lQ6JcyyeZ5cdvqsl0thNI/lSbEjnZm8uTGdjBQD+LNdO+Lf8AwcR/tc/tN3fxR/a18Zfsw/8ABLX9l34p6t8CvAPgL4W+NdN8D658efHGiRW15fa3rmqao1xpN75mn3Wnatdy3Vlrklnba1Bo+htpv2We9uADyT46fAvxb/wb8QeFf25P+CfX7Wnxl+I37Jvh39oTU/g/+1X+yN8cfFOla2Ncs9D8Y6t4O8YeLvA0McWnw3i2ut6TqkVjrv8AZ7a1aapc6Vdf2jc6VqGpabEAf3C+EPi38P8AxlovgnVtO8V+HUn8feG9G8T+HdHn1rT4dX1DTtb06LU7V7TTZ5ob+5UwOx3xWuGETsAArbQDqU8WeFpNck8MR+JfD8niWGPzZfDyazpra5FFsSTzJNJW4N+kYjkR97QBdjo2cMDQAaf4s8Latql/oel+JfD+pa1pbOmp6Pp+s6deappzxP5Ui3+n29xJd2bRygxutxFGUcbGww20AR6X4z8H64mpS6L4r8N6xFo4ZtXk0vXdL1BNKVFkZ21J7S6lWxCrFKzG5MQVYpCcBW2gDbLxr4N1LSr3XtO8W+GdQ0PTXePUdZste0q60rT3jVGdL3UYLqS0tXRZI2dZ5o2VXQnG5SwAg8beDG0L/hKV8XeGD4Z8xov+EjGv6UdC81JjbtH/AGv9q/s/zFnVoWTzywmUxkBwRQAXnjbwZp2j2fiHUPF3hix0DUTGNP1y81/SrXR74zI0kQs9TnuksrkyxqzxiCZ96KzLkKTQA/VPGXhHRI9Nl1rxV4b0eLWjt0eTVNc0ywj1Zv3Xy6a93cwrfHE8JxamQ/vounmIWAJNQ8W+FdJ1HT9H1XxN4f0zVtWCNpWl6hrWm2Wo6mssjRRtp9jc3MdzeCSVGjQ20cm+RWRcsCKAFk8WeFodci8MTeJdAi8SzoJIfD0ms6dHrk0ZiM4eLSWuRfyIYFaYMluVMQMnKAsoAlt4s8LXut3Phqz8S+H7vxHZRyS3mgW2s6dPrdpFEY1lkudKiuGvoI42miWR5YFVDLGGILrQB+VH/BYr/gpbp3/BPT9hT4ufHj4Y33hPxt8YrfVtA+Fvwz8Opqena1FYfEzx1JqFtot3rulWk885TR7PStb1eDTryFYtRv8ASodPuUa3muFoA/ny8Ff8EIPCH7RXhn4O/Gn/AIKKft8/tLfFn9sD9oXVNSv77xd8K/jJ4Yt/An7Pevy+DtR8eppthHe6fr/+j+H7Ozaxmc3em6bsjH2HStKs0woB9p/8Ehf2ufj/APstftxfH/8A4JBftg/tCWv7R/hv4YfDy2+Mv7L37TviLX9Onv8AXvhLHcaLY3XhzxV4hk1C/jubrTD4h0eC3j1DVJrnTdSt9a0uG6n0+209IgD+oqXxt4Mg0OHxPN4u8MQ+G7hxFB4hl1/So9DnkYuqxw6s90LCR2aORQiTliUcAHawUANR8b+DNH02w1nV/F3hjS9I1VVfS9V1HX9KsdN1FHQSo1hfXN1Ha3ivGyyKbeWQMjBwSpBoAm1Txd4T0OfTrXW/E/h7R7nWGRNJt9U1rTdPn1R5XSONdOhu7mKS+aSSSNEW2WQu7oq5ZgKAFu/FvhXT9Xs/D9/4m8P2Wvaiqvp+iXes6dbavfI+/a9nps1wl7cq3lybWghcNsfGdrCgAHizwqddbwuPEvh8+JkjEr+HRrOnHXUiMazCRtI+0f2gsZhdJQ5gCmN1kBKNmgAsfFnhbU9WvtA03xL4f1DXdMMg1LRbHWdOu9W08xP5UovtOt7mS8tDFIfLkE8KbH+RtrDDADNL8Y+Edc/tIaL4q8OaudGBbWBpeuaZqH9lKBISdS+yXMxsQBDMSbrywBFIeNj7QBlh418G6rpl/rel+LfDOpaNpTvHqer2GvaVeaZpskSJLJHf39vdSWlm8cciSOtxLEyI6Oy7WU0AInjfwZJoT+KI/F3hiTwzG5jfxEmv6U2hJIs3kNG+rrdf2erif9yVNwCJv3ZG/wCVgAu/G3gyw0a08R33i7wxZ+Hr9o0sdeu9f0q30a8eZXeJLTVJrpLG5aVI5GjWGdy6o7KCFagB+p+M/B+iW+m3es+K/DekWusnGkXOp67pdhb6qSImxps11dRR3x2zQt/orS8SxEYDrvAH6j4t8KaPf6fpereJ/D2l6nq/l/2Vp2o61ptjf6n5snlRf2faXVzFcXvmS/uo/syS75PkXLfKwB5F+yt8TPE3xl/Zw+CvxV8Z+CD8NfFfj/4d+G/FHiDwCbHUNM/4RHVdVsY7i70H+z9Vih1Kz/s+RjD9nvYkuY9u2VQwoA9+oAKACgAoAKACgAoA/G79v7Q01b/goT/wSYt7vxN430TSNQ8b/tNLqNp4d8e+LfCWlXl1oPww8P6tpD3ltoOs6ZZz3aedqaSSTK095pjXdjcGXTxLAwB9S/t3fFHxr8Kvh74Q1XwL8VPiP8LL2/8AEUllc6x8OP2VPG37WuqajapY+Ytpf+E/BPhnxRf6DahsSjXbu1ggmkP2YTFyVYA+bP2Iv2hviz8TfjS/hrxp+0P8c/idow8Ia3qA8NfEL/gnH8WP2XNAF3bXmkRw6iPid4y8AeG9Ha+tUuJY7fw4NR+16olxPcQ28iafK6AFjwXa6non/Baz9obUvGzrDpnij9hH4DS/CK7vNsdsNC8LfEn4sx/Eu1sriTMe6x13U9MvtXjR4mgg1HTZrlDFPbyOAZf/AARNvU8NfsHfDu08Ta1YaZD4++NP7SWufCPTdWvYdPvNb8Aa18ZvHfiPwTb+G7S+lt59VtE8Gz2V/YxabbOkWjiKZIzbIJqANL4Rsn/D6/8AbKVSuV/Yl/ZJ3KCMhj46+OTfMByCVIbnHBB7gsAfrzQAUAf/1P7+KACgAoA4nxH8Nfh94v1nRfEXinwV4Y8Q694ckhl0DWdZ0Ww1DUtGlguftkMmmXt1DLPZPFdAXMbQMhSYeYCHGaAC9+Gvw+1HxdYeP7/wV4YvPHGloItN8W3Oi2E3iGxjWCW2CWurSQNewILeeaALHMo8qWSMYVmoA+O/2+f2Dfhp+2f+y9+0v8Fk8PeEvDnj746/DDV/CNp8RX0O0GrW2vQy6drfha41fVLe2Opz6VB4k0DQpNShjkaV7C3kWL94sdAH8f8A8HP+Cqvgf/gmr+zn4P8A2Cf+CkX7LPxC+AH7TP7Onj/4QaFbfF7wj8NNO1Pwp8efhh8JviDomrWniG18Uw3elvresN4d04Mb21u9a0zXbv8A02bUdPubmWzgAPrP9jjwL4k/4LK/8FVvhN+374d/ZR1z9mP/AIJ3/si+EfFVt8IovH3gnTvCWuftF/EHxjYa1omo+IL3RLVBBfadJY67dy39zZ3Gp6LaW+laHpUV/q14+rvAAf2CaZ8JfhfovhbVPBGkfD7wfpvg7W5Hl1jwxY+H9NttC1OWTyjJJfaXFbpaXLuYISzSxuW8qMkjatAA3wk+F7+Do/h43w+8Ht4EimNzF4Pbw/pp8ORztPJdNMmjm3NishuJZZy4hDGWR5M72NABrHwk+F/iHw1o/gzXfh94P1jwl4eWBNC8N6j4f0280TSEtofs9uunabPbPa2iwQHyYhBGgjj+Rcj7oBP4i+F3w48XHQD4p8C+FPEJ8Ksj+GjrOhafqJ0F0MDI2k/aYJTYMrW1uVNuYyDBER9xdoBLrPw0+HniLxFo3i7XvBPhfWPFPh2KKHQfEOpaJYXms6PDBNLPDFpuozwvdWaRTTzSxrBKgSSWRlwzMaAFk+Gvw+m8ZJ8Q5fBXhiTx3HEkEfjB9FsG8RpAlt9iSJNYMJvljS0AtlQTACD90BsFABpnw2+H2jeK9T8daT4K8Mab4z1qOeLVvFNlothba9qUdzJFLcJfapFCt5crNLBDJKJZWDvGjNkqDQBH4e+F/wAOfCV5r+oeF/A3hXw9feKhjxLeaPoen6fc68N1w+NWmtYInvxvu7pv9IMnzXEp6uxYAg0L4T/DHwvouueHPDngDwjoegeJjOfEOjaVoGm2Oma2bmAW1wdUs7e2SC+M9uBBKbiN/MiARsqMUANtfhJ8L7LwfefD6z+H3g+18DahIZb7wjB4f02Lw7eSm5juzJc6QluLKZzdQxXBaSJiZo0k4dQaAC9+Enwv1HwjZeAL/wCH3g+88EabPHc6f4SufD+mzeHrK4h87yprbSXt2soZYxcThHjhVl86TB+Y7gD+KXwv4sj/AODeb9rP9pz4Tfti/sw+I/jH/wAEzP2kfjHrPx/+A/xz8EeALTx9bfCHxR4gt7PTL3w34nsL77PpunTRaVp2jaTe20l9o12Z9HbV9Ht9WtNR8m0AOL/bJ/bG8P8A/BwnD4H/AGAv+CZv7JHjbSfhZr/xtPin9oz9rzxj8O9L8MeFfBXgiPxRf63r154f1K2F7bRaz4zuLufxRqNpf3UPiLV/ESWunrYy2q6rrDAH9tPgz4A/Crwdpvw7ig8EeGL3Xfhn4U0Dwl4Z8UXmjWVzr+nafoGlJpVstnqtxFLfWy+QJQFS44WeRcgMdwB2UXw1+H0HjCf4hQ+CvDEXjq5hNtceL49FsE8Rz25iihMMuriAXrxmGGKLY0xXZGi8BVoANE+Gvw+8NeItZ8X+H/BXhjRfFPiKSaXXvEOmaLYWWs6zJcTG5nk1LUYIY7q8ea4LTSNO8heVi7Esd1AFbw78Kvhp4Rh1638LeAvCXh638UpJH4kh0bQdO06PXUmSaOVNWS2giW+WSO4nRxcCQMs0in7zBgBmk/Cb4YaD4a1fwZonw/8ACGk+Etfkkm1vw3p/h/TbTRNWlmSKOWTUNNht0tbt5EghR2mjcssUYJG1aAEX4SfC9fBo+Ha/D7wevgMTPcjwcPD+mDw2LiS6e9kmGj/ZvsPmvdyPcs/khmndpCd5JYANV+Enwv13wvpXgnWvh94P1XwfoRgOi+GL/wAP6bdaFpRtongtzYaZNA9paGGGR4ovJiXYjsowCRQBN4i+Ffw28XQaBbeKfAnhPxDb+FTu8Mw6zoWnahFoLAW4DaSlzBKtgQLS1Gbcx8W8I/5ZptAJdb+Gfw88S69onijxD4J8L614k8NpDH4f13U9E0+91XRUt53uYE0y+uIZLiyWG4keaMQSxhJXZ1yzEqAOn+Gvw+uvGNv8QrnwV4Yn8d2kaw2vi+XRbCTxHbxLbNZrHDq7QG9jRbR3tgqzACFmjGFJDABp/wANfh9pXi3UPH2meC/DFh431WGa31PxZaaLYQeIb+3uWge4hu9WjhW8nime2t2kSSVldoIiwJRTQB+RH/BZ/wD4Jead+3T+wd8Y/hP8B/DHg3wd8eP+Ei8NfGXwBqlppunaG3ir4ifD6TV7rTtI1rV4IbdjNrNjruv2On3l9Mttbaxf2lxeSxWouZVAPxV+CX/ByT+yv+y18L/Cn7P/AO2r+xR8UfgB+0r4din8EftA/DjR/g/pVtp3jO90rwzdaGviTwRZ3F1oqayfGWpW9vpjafqcUNjFaajIbXXdYtUWSUA9p/4JC/st/EX9t39vj9of/grP8ev2YF/Zs/Z98YfDC2+BX7Kf7OvjPwpY6Ze6r8Ori70LU9R8beIvDcllYCL7fL4b02/gur3TFTVNX1PWLvT4F0uLTbi4AP6q7j4SfC+78IW3w/uvh94PuPA1lMtxZ+EZvD+myeHbadHldJoNIaBrKKRHnmdXSFWDSuRjc1ABr3wk+F/ijQdF8LeJPh94P13w14cSOLQNB1Xw/pt9pOjRxQpbxppthcWzW1mscEaQoIIkCxqqAAABQC14j+GPw78X3mhah4p8EeFvEV94XeGXw5d6zomn6jcaHJbyxTwPpUt1BI9i8M0EMsbW7RlHijYYKqaAHap8NPh7rfijS/G2seCvDGp+MNDjjh0bxNfaLYXWuaXFF5vlx2GpzQPd2qJ5821YpVA82TGNzGgBR8Nfh8vjJ/iGPBXhgePJYVt5PGA0Ww/4SN4Ft47RYW1jyBfNEttFFbhDMVESIg+VdtABpHw1+H3h/wATav400PwV4Y0jxd4gadtc8S6dothaa3q7XMwuLhtR1KCGO6uzPOBNL58kpeQb2OaAIPDvws+G3hE6+fC3gTwn4ePipWTxKdG0LTtPOvK4nDrqxtbeL7eGFzcBhceYCJ5QR87bgCPRfhN8MfDnh7WvCWgeAPCGjeF/Ecss2v8Ah/TdA02z0fWZp4YreaXU9Pgt0trySWCCGGR545C8cUaHKoBQA2L4SfC+DwdJ8PIfh94Pi8CTStPL4Pj8P6avhySZ7n7Y8r6OLcWLSNd/6SzmHcZv3hywzQAal8JPhfrHhTTfAmrfD7wfqXgvR5IJtJ8K3vh/TbjQNOlto5YreSy0qW2ezt3gjnmjiaKJCiSyKvDEUASeIfhV8NPFtloOm+KPAXhLxBp/hY58NWWsaDp1/a6CQkCZ0mG5t5I7A7LW2X/RhF8tvEOkaKoBPrvwy+HfijWND8Q+I/BHhfXde8M+R/wjusaromn32paJ9ln+02/9l3lxBLPZeRcHz4vIdNkvzrhjmgDzr9ljxR8WPGv7OXwW8W/HXw5H4R+MfiH4eeHNV+JXhiKwXS49C8X3djHJrOmJpyz3K2S2t0XjFutxKI8bQ5xQB77QAUAFABQAUAFABQB5d8S/gj8IPjM/g+T4sfDTwV8RZPh/4lg8Y+CJPGPh3TNffwp4qtoZLeDxBoDajbztperRQyPEl7aGKcI23fgAqAenqqoqoihVRQqqowFVRgKAOAAAAAOgoAdQB5b8R/gn8Jfi8dNb4m/D3wp42l0e21Sy0q58QaPZ6hd6fYa5FDBrmn2l1NE1xDYa1b28Ntq1kkq22pW8awXcU0Q2UAPvPgp8ItQvPhhqF58NvBdxe/BS5u7z4R3Mnh3TGm+G9zf6NJ4dvZvBj/ZgfD73WhSyaRO2mfZvMsHNswaL5FAMnR/2dfgN4f8Aix4g+PGh/B34caR8afFljb6Z4n+KuneENDtPH+v6daGU2tjq/iqGzj1i/tLYzTGC3ubuWKIyyFFBdiwB7LQAUAf/1f7+KACgAoAKACgAoA+Jv27PDnh7WfhX4Mm1fQtH1SWP4+/s+iOXUNNs7yRFb4seGI2VXuIZWCtG7oyggFGKkEE0AfaNra2tlBHa2Vtb2ltENsVvawx28ES/3Y4okSNBnPCqBQBYoAKACgAoAKACgAoAKACgAoAKAKGpaVpes2r2Wr6bYapZyBhJa6jaW97bOGG1g0NzHJGdykg5U5HGDQB498CNbtNe0Hxi9r8ObH4aw+Hfir8UfAdnpdlpa6XHrGleBfHGt+GNK8VRxCw08PbeKLLTodctXjiltmhvVa2ubiFkmcA9woAKACgAoAKACgAoAKACgAoAKACgDwT4oaZqbePfg5/Y/wANvC3ivStY8XataePfEGreH9P1C/8AC+hQ+GNTvLDU7O8nZJLaa41y30+xaTbdbo5ygiQt5iAHvEcccMaRRRpFFGoSOONVSNEUYVURQqqoHAVQABwO1AD6ACgAoAKACgAoAKACgAoAKACgAoA8F/Zci+NUH7OvwZh/aOniufjxH8PvDifFm4g/sryZvHIsY/7eeP8AsOKHR9rXm8j+zYo7T/niipgUAe9UAFABQAUAFABQAUAFABQAUAFABQAUAFABQB//1v7+KACgAoAKACgAoA+P/wBtr/kk/hD/ALL9+z5/6tvwrQB9gUAFABQAUAFABQAUAFABQAUAFABQAUAeU/CPxD4+8R6T4wuPiF4dt/DV/pvxV+KPh/w5bW8Eluup+AtA8b6zpXgXxFIJLu7Mtx4g8L2umatPOjQxzS3TyR2tsjCBAD1agAoAKACgAoAKACgAoAKACgAoAKAPKfHyfFBvGHwkbwNcWsXhJPFeqt8VY5009prjwufDOqDTI7Rru2muY5V8RnTZHbTpbe4MasskhgMiMAerUAFABQAUAFABQAUAFABQAUAFABQAUAeDfsu+Cvil8N/2d/gz4D+N3jF/iD8XfCXw+8O6F8RfG8mr6nr8ninxZYWMcOr60+tazFBquptfXKtMb3UIYrqctvmRWOKAPeaACgAoAKACgAoAKACgAoAKACgAoAKACgAoA//X/v4oAKACgAoAKACgD4//AG2v+ST+EP8Asv37Pn/q2/CtAH2BQAUAFABQAUAFABQAUAFABQAUAFABQB5T8I/+Fof2V4w/4WtLay6p/wALU+KP/CJG1j02NU+GP/Cb61/wrSOUaZBbxtcx+DP7HS5kuhLqMkwdtQmmuzLIwB6tQAUAFABQAUAFABQAUAFABQAUAFAHlPj7wx481zxh8JNW8KeJm0Pw74W8V6rqfxA0kXl5bjxToNz4Z1PTrHTGht0aC8FtrVxY6iIbwpChtvNRjKqKwB6tQAUAFABQAUAFABQAUAFABQAUAFABQB84fsgfDax+Dv7L3wH+Fmm/EXTvi5YeAvhl4X8MWfxN0l4ZNM8cwaVp8dvH4lsXt9V1yBrbU1X7REYtY1JCrcXc2d7AH0fQAUAFABQAUAFABQAUAFABQAUAFABQAUAFAH//0P7+KACgAoAKACgAoA+P/wBtr/kk/hD/ALL9+z5/6tvwrQB9gUAFABQAUAFABQAUAFABQAUAFABQAUAeVfCTw34+8MaV4wtviF4lHie/1T4qfFHxJ4cuRd3V5/ZXgPxF431nV/AvhvfdxRPCfDvhi703RzaQhrW0+yeRayywIjsAeq0AFABQAUAFABQAUAFABQAUAFABQB498RvBH/CUeNvgxr//AAmSeG/+EE8Y6vrn9hsVDeNftvhXVtH/ALGQG+tSWs/tv9rELb35xaZ8hADMoB7DQAUAFABQAUAFABQAUAFABQAUAFABQB82/seeEvhb4D/Za+Avgz4JeM774ifCPwz8MfC2j/Drxzqc1vPqHivwnZadFFpGuXk1ppmjW0lxf2wWaR4NKsIyzfLaxAbaAPpKgAoAKACgAoAKACgAoAKACgAoAKACgAoAKAP/0f7+KACgAoAKACgAoA+P/wBtr/kk/hD/ALL9+z5/6tvwrQB9gUAFABQAUAFABQAUAFABQAUAFABQB86ftOftb/s2fsZ/Dmf4s/tQfGLwZ8GvAUM7WkOs+Lb6VJ9VvliMzab4f0PT4L7X/EmpiFTKdN0DS9RvhF+8MKp89AH5a/sB/wDBaL/glz8dvGniL4H/AAq/bW8PeNPiX8QPjD8TvGfhHQvHfhfxr8NLjVIfiL451vxTo3g/wxfeONPtNI1e40a31OLQ9MsYdTtdS1IWsRs9EtvNS2QA/dWgAoAKACgAoAKACgAoAKACgAoAZJJHDHJNNIkUUSNJLLIypHHGilnkkdiFREUFmZiFVQSSACaAPwP/AGof+C5f/BGv4d/Hj4d+EPid+2ppEXjr4KeN9V1K4h+Hfhzxh498IWOs32ian4VvLHxN4m8K+ENf0e+trOHUJ5mXw1qd5Nb3UK+e5CPAwB+ynwN+P3wV/aY+HOifFv4A/E3wf8Wvhv4ijMmk+LfBer2+raZM6Y860ufLYXOm6lasfLvdK1O3stSsZg0F5ZwTK6MAev0AFABQAUAFABQAUAFABQAUAFAHxj+2L/wUL/Y0/YD8L6d4s/a1+PXg74Q2etrM3h7SdUbUtZ8W+JPs7COV9B8HeGrDWfE+pW0cxWCfUIdL/sy1mYLd3sGSVAPjv/gmB/wVA/4JYftGeB/h5+zJ+xN+0BpV/f8Aw18F6f4c8J/CLxxF4k8M/EiPw54dsljijtIfGVtA3i+eys082+l0HVNdmhiV57tkRWdQD9kqACgAoAKACgAoAKACgAoAKACgAoAKACgAoA//0v7+KACgAoAKACgD5Y8QftN6xoWt6ro0f7L/AO05r0el39zYprWheHPhdPo2qLbytGL7S5r/AOLmm3stjchRLbPdafZztEymS3iYlKAPjr9sX9p/WdU+F/hS3f8AZa/ah0wR/HL4EXf2jU/DXwsjt5GtPil4ZuFtI2tPi/eSG7vDGLezRokhe4dFmnhjLSIAfVv/AA1jrn/RpP7WP/hLfCP/AOfTQAf8NY65/wBGk/tY/wDhLfCP/wCfTQAf8NY65/0aT+1j/wCEt8I//n00AH/DWOuf9Gk/tY/+Et8I/wD59NAB/wANY65/0aT+1j/4S3wj/wDn00AH/DWOuf8ARpP7WP8A4S3wj/8An00AH/DWOuf9Gk/tY/8AhLfCP/59NAB/w1jrn/RpP7WP/hLfCP8A+fTQAf8ADWOuf9Gk/tY/+Et8I/8A59NAB/w1jrn/AEaT+1j/AOEt8I//AJ9NAB/w1jrn/RpP7WP/AIS3wj/+fTQAf8NY65/0aT+1j/4S3wj/APn00AfyV+Mb3w5/wU2/4OBPjJo37W37Pnx0+KfwR/Yb+FPgt/hJ+ydc6X4GvEi8Ta/bWF1e+MfiF4Q1T4j2PhfV7C61KXUdT8m11PWoLxLzQ4dQUwadaIwB9Gf8FHf2I/2G/iz+wV+0zrPgX9iv4yfDn4k/BzUPj58afh18f9A8D/Afwnq3wf8AH3hnxH4i8b6z4Hk8Q+DfifBfW3g3w5qtleeDZPD7Wup3Wk21vbm3tbrW7C1agD9E/wDgjn/wUU+Lnx4/4Ju/ss/EL4p/AP8AaS+J/j24+H1t4f8AEfxG8NaB8O73SvG994Uubjw6fE6XevfE7w7qVxc6wmnLeXksukWkb3MsrQK0JR2AP01/4ax1z/o0n9rH/wAJb4R//PpoAP8AhrHXP+jSf2sf/CW+Ef8A8+mgA/4ax1z/AKNJ/ax/8Jb4R/8Az6aAD/hrHXP+jSf2sf8AwlvhH/8APpoAP+Gsdc/6NJ/ax/8ACW+Ef/z6aAD/AIax1z/o0n9rH/wlvhH/APPpoAP+Gsdc/wCjSf2sf/CW+Ef/AM+mgA/4ax1z/o0n9rH/AMJb4R//AD6aAD/hrHXP+jSf2sf/AAlvhH/8+mgA/wCGsdc/6NJ/ax/8Jb4R/wDz6aAPwx/4OKf+Cg/xi+GP/BMj4j6b8MfhB+0H8Edb+MHjfwV8FtV+JfjLSfAej6b4f8KeM11m58Rpbap4Z+JPiPUbK91aw0VtHeVrKC1bTb/UYpr62MiBwDQ/Zo/Yy/4Jtfsy/BL9m74P6p/wTR+LfjHxDrlvAX8W+LfhX8GPE+s/G7xzf+AruXxNqvjXUNQ+Ld7/AMJDa6hpL6lf2una240iwhWCLTbS28mCJAD4G/4J7+MLf/gnD/wXT/ag/Y//AGdfgd+0Bpv7Lnx5+Bdn8fLf9mSOx8E33ij4VeOLKTwyJdW0TSJPiTN4c0nwpcL4h1C2j2+IrfUP7Il8L2Utrcx2McigH9W//DWOuf8ARpP7WP8A4S3wj/8An00AH/DWOuf9Gk/tY/8AhLfCP/59NAB/w1jrn/RpP7WP/hLfCP8A+fTQByPjX9tzxB4M0Rtai/Yf/bb8YslzDbnR/Bvgr4I32slZhITdLb6p8fdHtmtoSgWZhd+aDJHsicbygB43/wAPPPE//SMf/gpv/wCGs/Zx/wDop6AD/h554n/6Rj/8FN//AA1n7OP/ANFPQAf8PPPE/wD0jH/4Kb/+Gs/Zx/8Aop6AD/h554n/AOkY/wDwU3/8NZ+zj/8ART0AH/DzzxP/ANIx/wDgpv8A+Gs/Zx/+inoAP+Hnnif/AKRj/wDBTf8A8NZ+zj/9FPQAf8PPPE//AEjH/wCCm/8A4az9nH/6KegD+UP9iH4keB/26/8Agp1+3l+25+2N+wf+13+2H4g+FnxWm+FHwL+DOheA/g7448Lfs6eGdGedbLSvGvg34gfHDwrpVt43tLGOztITp1t4g0q0vbfU9QtNWk1C+umQAyv+CsU/7JPiD9hT4U/ty/sTf8E6/wBrj9iX4q/s7n4XePvgV+09YfDb4G+AfAt34SfWtNsdL0TxlrvhX47a34r17TLn7baXOh3Fx4O1XVkubf7FLFa6XqGqvQB/Th+z3/wVr8e+P/gX8IfG2vf8E3f+Cimv634q+HXhHXdW1zwh8NPgLdeFtY1HUdEs7i71Pw/c63+0po2sT6TfTu9zZS6lpOnXrwSobizgkzGoB7D/AMPPPE//AEjH/wCCm/8A4az9nH/6KegA/wCHnnif/pGP/wAFN/8Aw1n7OP8A9FPQAf8ADzzxP/0jH/4Kb/8AhrP2cf8A6KegA/4eeeJ/+kY//BTf/wANZ+zj/wDRT0AfVP7NX7TuqftFjxU2o/sx/tN/s6jwwdNEX/DRPhf4beGz4nOofaS//CMjwB8VfiS10NO+zr/aB1JdKEf2m2FsbotKIgD6ooAKACgAoAKACgAoAKACgD//0/7+KACgAoAKACgAoA+P/wBtr/kk/hD/ALL9+z5/6tvwrQB9gUAFABQAUAFABQAUAFABQAUAFABQB/Of/wAFNv8Agl/+1rd/tdeEv+CpX/BLT4g+DvAX7ZHhzwbD8P8A4q/Df4hq6/D79oTwNYw2lpZaZrNyYrm3t9Vt9MsNO0vybyGC0uodK0e7tdT0TU9P/tC4APy5tPgj/wAF7f8Agqr8PvG/7KXxK8Ffs9fsB/sn+Kvjb8T2/ag8afDnxLq/ivx98QPEw+J+r33xc8KeGre98ZePLhLKXxourRW2nLeeGNAKwRtJc6xpcMNldAH9hH7Nv7P/AMPP2V/gR8Kv2ePhTpg0n4f/AAi8FaF4I8NWpCee9holjFZrd3sihfPv7142ur25fdJPcyyyyMzMWYA9uoAKACgAoAKACgAoAKACgAoA+Ov2+P2LPhf/AMFBv2U/iv8Asp/Fs3Vp4Z+JGjxx2HiDTkjfVvCPinS501Dw14q0rzMKbrSNThieaAtGt/p0t9pksiwXshoA/lu0p/8Ag4+/YCtvgv8Asj2nwU/ZN/bi0nwzr2q+Dv2U/wBpLx74i1K08W6BBaeGdVgsW8RwTeN/BNy+o6L4LS5Rzq2keI5N0ElrNrevIUinAP1p/wCCRf8AwSv+NP7NHxM+Nn7d/wC3l8UNK+NX/BQL9p6K3s/HOteHA/8AwhXwx8GW8kUtr4A8GSPZ6d9otwbawjvbi303S9OitNL0nStO05LfTRd3QB+9tABQAUAFABQAUAFABQAUAFABQB/Ll+1j/wAE1/8Agoj+x1+258V/+Cin/BHPW/hn4juv2jXtdR/ab/ZD+Lc0mneEPiD4pt5p7yfxd4f1H7Xp1smo6lfXF5qE6vrXhnUNNv8AUtSex1mXT9QfTLcA+MfA/wCyV/wVo/4LmeEP2c9N/bQ8MfAj9h//AIJk+H7jwZ8Sbb4BfAg3a+IfjJoemxC58PaRc6bJrXiVtC0WW0MtqYtT1rT10W0vZ/sXhj+03S/tQD+0Hw34e0fwj4e0Pwt4esYNM0Lw5pOn6Jo+nWsaQ29lpumWsVnZW0MUYCJHDbwoihQBx0GcUAbVABQAUAFABQAUAFABQAUAFABQAUAFABQB/9T+/igAoAKACgAoAKAPj/8Aba/5JP4Q/wCy/fs+f+rb8K0AfYFABQAUAFABQAUAFABQAUAFABQAUAFAHi3wO1z4c69ovjuf4aaHdaDpth8Z/jHonieC7tIbNtQ+Iui/ETxBpvxC1yFIL29Wa11vxbb6rqVrdyNBNdQ3CTzWdnI7W6AHtNABQAUAFABQAUAFABQAUAFABQAUAeN/Ejxtpfhjxx8FdBv/AAd/wkd3458Zaxomla5+7/4ou6svCesaxLrA32N0/wDpltZy6V+6uLBv9L5mdCYmAPZKACgAoAKACgAoAKACgAoAKACgAoAKAPAf2VvH/j74qfs4/BX4j/FPwMnwz+I3jX4eeHPEXjT4fx6Pq/h9PB/iHUrGOfUtAXRNelm1rSxp87NCLLU5XvIduyZi4agD36gAoAKACgAoAKACgAoAKACgAoAKACgAoAKAP//V/v4oAKACgAoAKACgD4//AG2v+ST+EP8Asv37Pn/q2/CtAH2BQAUAFABQAUAFABQAUAFABQAUAFABQB418E/GujeOdG8c3uieEF8Gw6D8Y/i/4LvrNRCBres+DfiBrvh3WPFx8m0swW8Wahp8+vMXSaYm+zNd3jlrhwD2WgAoAKACgAoAKACgAoAKACgAoAKAPJ/iB4v8VeHfGXwh0TQPCTeINH8ZeLdV0jxbrIs725Hg/SbPwxquq2urtPbEQWQu9TtbXSxNfZgc3Xkp++dBQB6xQAUAFABQAUAFABQAUAFABQAUAFABQB4P+y9ffGvU/wBnf4Nah+0hp8Wk/Hm8+H3h24+LWmwpoccVj46ksY2162jTwzNceH1WK83qF0eeWwH/AC7uyYNAHvFABQAUAFABQAUAFABQAUAFABQAUAFABQAUAf/W/v4oAKACgAoAKACgD4//AG2v+ST+EP8Asv37Pn/q2/CtAH2BQAUAFABQAUAFABQAUAFABQAUAFABQB5N8IPGPifxppPjK88VeEZPB11onxX+Kfg/SbSSyvrE614Z8I+ONa0Dw14tVL9EeePxXo1jZ67He2+6xvEvRcWTtbPGaAPWaACgAoAKACgAoAKACgAoAKACgAoA8p8fah8TbPxh8I7bwRpcF/4U1HxXqtv8UruUWHmaT4Yj8M6pPpt1B9ruYLgSS+Ik063b+z4rq42SN5kSweZIgB6tQAUAFABQAUAFABQAUAFABQAUAFABQB4L+y34e+L/AIS/Z1+DHhn4/wCvx+KfjZofw98Oab8UPEUOoy6tFrXjO1sY49b1CPU5rWylvlubsPILmS0t2lzuMS5IUA96oAKACgAoAKACgAoAKACgAoAKACgAoAKACgD/1/7+KACgAoAKACgAoA+af2qvBHinx98OvDWjeEdIl1rU7L4xfBjxJdWsM9pbtDonhr4j+HtZ1y/L3txbRMlhplpc3ckSSNPKsWy3ilmZI2APpagAoAKACgAoAKACgAoAKACgAoAKACgDyr4San8S9U0rxhL8UNJg0fU7T4qfFDTfCsMAswt58NtN8b61Z/DnVpPsV1dIZ9V8HxaTfTGdorwyTsbu2t7jzIYgD1WgAoAKACgAoAKACgAoAKACgAoAKAPKfH2mfEq+8YfCO78Fara2HhXSvFeq3PxPs55hHNq/hqXwzqlvptpaxm1uDPLF4gk065dBNZkRxM/nPtMLgHq1ABQAUAFABQAUAFABQAUAFABQAUAFAHz9+yl8OfFnwh/Zt+Cfww8eeNU+I/jLwJ8OvDfhnxL48jurq9j8WaxpdhHb3uuJd309zeXIv5VMwmubiWZ92Xck0AfQNABQAUAFABQAUAFABQAUAFABQAUAFABQAUAf/9D+/igAoAKACgAoA/NFf+CgHi8/tb+Kf2MZP2ctQtPi5pGo+F/EHhtr34hyQeG/GvwH1uzvpdb+Omk60Ph9JbQ6N4S1e1g8Iar4XLXGuP4vvoNOV005ZdXiAPtz4wfFO2+DngW+8dX3gr4iePobC4srZ/DPwr8MN4x8X3LXknliWy0Rbuwa4t7YjfdTeevlR4coc4UA+bvhl+3ToXxP8d+HfAdr+zZ+2B4Nn8R3U9pH4m+IXwPm8M+DdJMFldXpn13XW8QXa6dbSLam2hmNvLvu5reHaPN3KAeGftT+Ptd8d/8ABQ79i/8AY7m1LUrH4V+JvhX8e/2hvijolpcXNlYfERvh7e+BfBvgnwjr01vLB/aXh+w1DxhrPiDUfD0zS2WoX1tol3e2sp060dADS/4JrfFrxn4p179ub4F+K9Z1fxHpP7KP7Y3jv4QfDnW9dvLrVdXPw31HQPDXxC8J6Bfa1eSTXWqP4QsPF6+FrW6vZ59Qew0q1N7K8xd3AP1EoAKACgAoAKACgAoAKACgAoAKAI5mlWGVoI0lnWORoYpJTDHLKEJjjkmWKZokd8K0ohlMaksInxsYA/Nj9n79v7xX8d/jz47/AGc/+GddS8D/ABK+DPjbxL4f+Oena54/ea3+H3hO2gsbj4cePtNux4Bs7bxlpfxitbu41HwVZ6ZNZ+VpWl6hc6zfWFylvZXAB9J/H39pzTP2f7zw/Z6h8HP2gfiifENtdXMdx8FfhpJ4+tdKFrKIjDrcyatpv9n3ExO+3iKy+bGCwYYxQBH8Af2n9L/aBv8AxJp+n/Br9oT4Wt4btdOu5Lr41/DKTwDZauNRlu4lg0G4fVtS/tK5tDaF76ELF9njntXLN5uKAPy31DxR4w/ab+I3/BX3xDqfjLxX4dl/ZFhf4Qfs4LpOs6loq/C7xb4K+Amj/Fe9+Jei21vdQW7+Idd8d+IQ2o6tPBJ/bPhbTbLwxfSXGgo9kwB+hP7HvxY8dftafsCfs/8AxfvNZl8FfEH44/s/+CvE2p+ILGxSS68P674q8N2kmqavpVpcFLf+0LaSe4u9JlnWWzhvvs1zNa3lsj20oB8WfA/9m/xJ+z9/wVBk0n4D/Fj44eJ/gRf/ALNGsa3+1F4S+KHxc8efF7wzZ/GzV/Fejn4U61pt18QPEuv33hzxzr3hi38Vanruk6RNa2qaBL4e1K704Qazpc9AHzX8Prjx98M/+ClHgsf8FA/gz8WvC3jT49/FP4gf8MwfG34Y/ti/Fzx9+yx4h1TS9M13WPDfwl8X/ACefwT4R8G69oHw6tTJol7q3grVtN17U9IkvxfTeIbY6g4B/SFQAUAFABQB5R4/8G+KPEnjH4Ra7oXiybQNI8E+LNV1nxXo0ct1Gni/S7zwzqek2ukzJBPFDMlpqV5bamq3cc8Qe1DIiyhHUA9XoA/Pf9sP9uy8/Y78ffCXw94p+Cus+KvAvxok1/wn4M+I+j+KHgtG+NFtpj33gj4PatosfhPUjpWs/FC7Q6V4O1281VNFa8gvv7TksltV88A+0/D3iHxHP4DsPFHjLwkfDfiQ+HhrWt+DND1U+Lp9MvUsjeXGiafqh0zQP7bvI2BtYXXTbBbm5wioqsHoA+GZv+CkPhuGaWE/sj/t3yGKSSMvF+zpO8TlGK743/4Scbo2xlGx8ykHjNAGT/wVL+Pnjf4PfsbprXw01TXfBXjL4yfFr9nz4FaP4mtElsPEXgm0+OPxV8J+DPEGtW80Mnm6JruneF9U1qCw1GKeOfRtZmtLy1uI7u1glUA878IeKNY/Z8/4KifDn9ljwhf6s/wd+N/7FPiH4s6h4YvdQvtWsNB+KHwh+IOj+FL/AMW6Z9snuH0y68d6F4v05PEnlOlrqmq6CNXmWTVb6/uJwDjv+Cunhv8Aad1ix+HfiXwP8DvGnx4/Zg+GujeKfGPxu8E/A79qzx9+zJ+0Be6rE1r9l1vwpceC7XSP+Ey03wX4XstZ1C38KXHjzRh4j1HWLizOnT3VnpV1EAfoV+xj4s+EHjv9lb4D+M/gJd+Jr74Q+KPhr4Y1zwJdeNtZ17xF40l0PUdOhubc+L9c8Uajq/iTVfEy+Yya3fa7qd9qtxqCzyXt1NOzyOAfTlABQAUAFABQB4V+zH8FU/Zx/Z7+DvwHTxHdeL0+E3gDw94GXxRfWws7vXhoNlHZjU7i1We5EEt1s8x4hcShCcbzQB7rQAUAFABQAUAFABQAUAFABQAUAFABQAUAFAH/0f7+KACgAoAKACgD8o/jV/wT4+LnxR+MfgT9qTQPj/4S8F/tR/C/4wtq/gX4gp8L/EOp+FrP9my8sH0rXf2bNX8HD4o2U+saH4miW28Razrj6/bovjlJvFGlaNp00qW8QB+gvxa+EPh743/D+4+HvjrVvG+maZqEmn3V/qPwv+Ifj34ReI/tdi3mA6d4s+H3iTQvFum2csxYy2cGueXcQ7YbszquaAPnP4Zf8E+fgf8ACbx34d+Inhnxv+1Tqeu+F7qe806x8c/tk/tR/ETwncS3FldWDprXgvxv8V9d8K6/biC7leK11nSb23iulgu441ubaCVADrfjn+zDJ8TfjZ+z5+0V4M8U6f4L+K/wCfx3ollf6v4fuPEeh+Kvh18S7DSofF/gzXNPsNb8Oahh9U8OeG9b0XULfV0GmX2nXAktbuG/njoAsfsofsxW/wCzZo/xXu9R8TL42+Ivx2+Mvjj45/FXxbBpT6Dpup+MPGl6rrY6FoUmoatLpHh3w5ottpfhzQrK51XU7yPTNMtje6heXbT3DgH1dQAUAFABQAUAFABQAUAFABQAUAQ3IuGt7hbN4Yrswyi1kuYnnt47gowge4gimt5ZoUk2tLFHcQPIgZEmiYh1APyq0b/gnz8W/C/7Tnws/bB8MfH/AMJ6Z8cZofGHhr9rDUJfhh4hufC/7Rnw31nUo9S8E+DrLQf+FoRyeB5fhEVlsPh3rdzqHiu80rSZ5dKnS6sJZLdgD7C+Pv7J/wANP2kLzw/fePvEvxx0Gfw3a3NpYJ8Iv2h/jb8ELa4ju5RNK2r2nwm8deEbfXJ1cYguNXjvJ7aP91DIiMVoAZ8Af2TPhl+zdf8AiTUvAPiX46a9ceKbXTrPUY/i9+0T8cPjfaW8Wly3c1u+i2Pxa8d+MLTw/cSNezC8utGhsri/jS3ivJJktrdUAPAfiJ+wv4l1Dxd+2Hrvwg+K+k/DXSv22vBGk+Hfitp2peB7rxNfaJ4rg8GJ8MNa+IPgW+tPFfh+z0zXtX+HUFhY+XrOl67aQeJdMstfkiuYmvNNuAD13w78BPiz8IvDPgL4Zfs+fFDwP4H+EHwy/Z7u/hZ4R8G+LvhleeM9Qh+Iumw6fY+BfiBqHiK08aeGrm68OeH9MtJ4dV8EQW9nLrtzcC5/4SKxEQhcA+f/ANmX9mL9vz4TeLNPuPi3+158BfiF4Ge+13xH4w0zwH+y1r/w/wDHPxD8XanY3MFnqPizx14g+O3xD87T7e8uEvbuy0/RLC7nFhp9jZ6lp2nwSW04B61bfsz/ABd+JniP4FeJv2p/ih8N/iFefs++PtT+KPg+z+FHwu8RfDDTdW8eSeG/EfgrQtb8T23iT4m/Et7saD4X8V6/DFY6ZPpNlcatqMmpSQBbawtrQA+46ACgAoAKAPKvHvwwi8ceMPhL4sk1m701/hX4r1TxPDY28avDrban4a1Tw4bK8YsrRxQrqRu0ZNxMsKqVwSVAPVaAPz9/bV/Yivf22tH8QeA/H/j/AEzS/hhB4Ev3+GWh6b4b1qLxL4G/aBW5jvPB3x2m8TWnjGyj1HUvhxeWVhdeDNK0/SNFurCa410XGt3UOrtFbgH0r8F/AnxQ8OfA/wAJ/Dv47fEfSvin8Q9N8JR+FvF3xJ8G+G9V+GUfiqSOxOmvr1toy+K/Et/4f1m7tsXFxc6d4g/daiXu9PFjiKOIA+UZv+CXX7Oc80sz/ET9tJXmkeVli/b6/bKijDSMXYRxR/GtY40BJCRxqqIuFVQoAUA9/wD2ov2YfC37Tn7PXiD4C6zquo6JHcN4P1nwh4t3S61rPhPxv8OPEmi+MfAXisS6jO9zql1pHibw9pd1frc3i3GrWf260mvI2vXnUA8E1f8AY7+M+p/FnxZ+0pD8cfBFh+0Za/s8aJ+z38FvE0fwm1C88AfDfS18SHxb4z8T6z4I1L4g3l94w1rxlrEgjuUPijRrKx03S9CtoLd5rO9ub8A+gvHXg39qPW/ETweDvjD8I/Dvw71H4eJ4e1fTdZ+DniTXfHtv44m+1w6h4z8N+K7L4r6H4esLOS0uIjY+HtY8E6/DaX1nBcS3l1bvcWc4B23wB+Cfg39nH4MfDb4GfD6K6i8HfDDwnpPhHQTfTfab+ay0q2WBbm+uCFM95csGnuJiAXldmPWgD1+gAoAKACgAoAKACgAoAKACgAoAKACgAoAKACgAoAKACgAoAKAP/9L+/igAoAKACgAoAKACgAoAKACgAoAKACgAoAKACgAoAKACgAoAKACgAoAKACgAoAKACgAoAKACgAoAKACgAoAKACgAoAKACgAoAKACgAoAKACgAoAKACgAoAKACgAoAKACgAoAKACgAoAKACgAoAKAP//T/v4oAKACgAoAKACgAoAKACgAoAKACgAoAKACgAoAKACgAoAKACgAoAKACgAoAKACgAoAKACgAoAKACgAoAKACgAoAKACgAoAKACgAoAKACgAoAKACgAoAKACgAoAKACgAoAKACgAoAKACgAoAKACgD//2Q==</file>
<file name="explicitni6_moodle.jpg" path="/" encoding="base64">/9j/4AAQSkZJRgABAQAASABIAAD/4QBMRXhpZgAATU0AKgAAAAgAAgESAAMAAAABAAEAAIdpAAQAAAABAAAAJgAAAAAAAqACAAQAAAABAAACSqADAAQAAAABAAABMwAAAAD/4QkhaHR0cDovL25zLmFkb2JlLmNvbS94YXAvMS4wLwA8P3hwYWNrZXQgYmVnaW49Iu+7vyIgaWQ9Ilc1TTBNcENlaGlIenJlU3pOVGN6a2M5ZCI/PiA8eDp4bXBtZXRhIHhtbG5zOng9ImFkb2JlOm5zOm1ldGEvIiB4OnhtcHRrPSJYTVAgQ29yZSA1LjQuMCI+IDxyZGY6UkRGIHhtbG5zOnJkZj0iaHR0cDovL3d3dy53My5vcmcvMTk5OS8wMi8yMi1yZGYtc3ludGF4LW5zIyI+IDxyZGY6RGVzY3JpcHRpb24gcmRmOmFib3V0PSIiLz4gPC9yZGY6UkRGPiA8L3g6eG1wbWV0YT4gICAgICAgICAgICAgICAgICAgICAgICAgICAgICAgICAgICAgICAgICAgICAgICAgICAgICAgICAgICAgICAgICAgICAgICAgICAgICAgICAgICAgICAgICAgICAgICAgICAgICAgICAgICAgICAgICAgICAgICAgICAgICAgICAgICAgICAgICAgICAgICAgICAgICAgICAgICAgICAgICAgICAgICAgICAgICAgICAgICAgICAgICAgICAgICAgICAgICAgICAgICAgICAgICAgICAgICAgICAgICAgICAgICAgICAgICAgICAgICAgICAgICAgICAgICAgICAgICAgICAgICAgICAgICAgICAgICAgICAgICAgICAgICAgICAgICAgICAgICAgICAgICAgICAgICAgICAgICAgICAgICAgICAgICAgICAgICAgICAgICAgICAgICAgICAgICAgICAgICAgICAgICAgICAgICAgICAgICAgICAgICAgICAgICAgICAgICAgICAgICAgICAgICAgICAgICAgICAgICAgICAgICAgICAgICAgICAgICAgICAgICAgICAgICAgICAgICAgICAgICAgICAgICAgICAgICAgICAgICAgICAgICAgICAgICAgICAgICAgICAgICAgICAgICAgICAgICAgICAgICAgICAgICAgICAgICAgICAgICAgICAgICAgICAgICAgICAgICAgICAgICAgICAgICAgICAgICAgICAgICAgICAgICAgICAgICAgICAgICAgICAgICAgICAgICAgICAgICAgICAgICAgICAgICAgICAgICAgICAgICAgICAgICAgICAgICAgICAgICAgICAgICAgICAgICAgICAgICAgICAgICAgICAgICAgICAgICAgICAgICAgICAgICAgICAgICAgICAgICAgICAgICAgICAgICAgICAgICAgICAgICAgICAgICAgICAgICAgICAgICAgICAgICAgICAgICAgICAgICAgICAgICAgICAgICAgICAgICAgICAgICAgICAgICAgICAgICAgICAgICAgICAgICAgICAgICAgICAgICAgICAgICAgICAgICAgICAgICAgICAgICAgICAgICAgICAgICAgICAgICAgICAgICAgICAgICAgICAgICAgICAgICAgICAgICAgICAgICAgICAgICAgICAgICAgICAgICAgICAgICAgICAgICAgICAgICAgICAgICAgICAgICAgICAgICAgICAgICAgICAgICAgICAgICAgICAgICAgICAgICAgICAgICAgICAgICAgICAgICAgICAgICAgICAgICAgICAgICAgICAgICAgICAgICAgICAgICAgICAgICAgICAgICAgICAgICAgICAgICAgICAgICAgICAgICAgICAgICAgICAgICAgICAgICAgICAgICAgICAgICAgICAgICAgICAgICAgICAgICAgICAgICAgICAgICAgICAgICAgICAgICAgICAgICAgICAgICAgICAgICAgICAgICAgICAgICAgICAgICAgICAgICAgICAgICAgICAgICAgICAgICAgICAgICAgICAgICAgICAgICAgICAgICAgICAgICAgICAgICAgICAgICAgICAgICAgICAgICAgICAgICAgICAgICAgICAgICAgICAgICAgICAgICAgICAgICAgICAgICAgICAgICAgICAgICAgICAgICAgICAgICAgICAgICAgICAgICAgICAgICAgICAgICAgICAgICAgICAgICAgICAgICAgICAgICAgICAgICAgICAgICAgICAgICAgICAgICAgICAgICAgICAgICAgICAgICAgICAgICAgICAgICAgICAgICAgICAgICAgICAgICAgICAgICAgICAgICAgICAgICAgICAgICAgICAgICAgICAgICAgICAgICAgICAgICAgICAgICAgICAgICAgICAgICAgICAgICAgICAgICAgICAgICAgICAgICAgICAgICAgICAgICAgICAgICAgICAgICAgICAgICAgICAgICAgICAgICAgICAgICAgICAgICAgICAgICAgICAgICAgICAgICAgICAgICAgICAgICAgICAgICAgICAgICAgICAgICAgICAgICAgICAgICAgICAgICAgICAgICAgICAgICAgICAgICAgICAgICAgICAgICAgICAgICAgICAgICAgICAgICAgICAgICAgICAgICAgICAgICAgICAgICAgICAgICAgICAgICAgICAgICAgICAgICAgICAgICAgICAgICAgICAgICAgICAgICAgICAgICAgICAgICAgICAgICAgICAgICAgICAgICAgICAgICAgICAgICAgICAgICAgICAgICAgICAgICAgICAgICAgICAgICAgICAgICAgICAgICAgICAgICAgICAgICAgICAgICAgICAgICAgICAgICAgICAgICAgICAgICAgICAgICAgICAgICAgICAgICAgICAgICAgICAgICAgICAgICAgICAgICAgICAgICAgICAgICAgICAgICAgICAgICAgICAgICAgICAgICAgICAgICAgICAgICAgICAgICAgICAgICAgICAgICAgICAgICAgICAgICAgICAgICAgICA8P3hwYWNrZXQgZW5kPSJ3Ij8+AP/tADhQaG90b3Nob3AgMy4wADhCSU0EBAAAAAAAADhCSU0EJQAAAAAAENQdjNmPALIE6YAJmOz4Qn7/4htESUNDX1BST0ZJTEUAAQEAABs0YXBwbAIQAABtbnRyUkdCIFhZWiAH5AABAAEACAAyADRhY3NwQVBQTAAAAABBUFBMAAAAAAAAAAAAAAAAAAAAAAAA9tYAAQAAAADTLWFwcGwAAAAAAAAAAAAAAAAAAAAAAAAAAAAAAAAAAAAAAAAAAAAAAAAAAAAAAAAAAAAAABFkZXNjAAABUAAAAGJkc2NtAAABtAAABDZjcHJ0AAAF7AAAACN3dHB0AAAGEAAAABRyWFlaAAAGJAAAABRnWFlaAAAGOAAAABRiWFlaAAAGTAAAABRyVFJDAAAGYAAACAxhYXJnAAAObAAAACB2Y2d0AAAOjAAABhJuZGluAAAUoAAABj5jaGFkAAAa4AAAACxtbW9kAAAbDAAAAChiVFJDAAAGYAAACAxnVFJDAAAGYAAACAxhYWJnAAAObAAAACBhYWdnAAAObAAAACBkZXNjAAAAAAAAAAhEaXNwbGF5AAAAAAAAAAAAAAAAAAAAAAAAAAAAAAAAAAAAAAAAAAAAAAAAAAAAAAAAAAAAAAAAAAAAAAAAAAAAAAAAAAAAAAAAAAAAAAAAAAAAAAAAAAAAbWx1YwAAAAAAAAAjAAAADGhySFIAAAAUAAABtGtvS1IAAAAMAAAByG5iTk8AAAASAAAB1GlkAAAAAAASAAAB5mh1SFUAAAAUAAAB+GNzQ1oAAAAWAAACDGRhREsAAAAcAAACIm5sTkwAAAAWAAACPmZpRkkAAAAQAAACVGl0SVQAAAAUAAACZHJvUk8AAAASAAACeGVzRVMAAAASAAACeGFyAAAAAAAUAAACinVrVUEAAAAcAAACnmhlSUwAAAAWAAACunpoVFcAAAAMAAAC0HZpVk4AAAAOAAAC3HNrU0sAAAAWAAAC6npoQ04AAAAMAAAC0HJ1UlUAAAAkAAADAGZyRlIAAAAWAAADJG1zAAAAAAASAAADOmhpSU4AAAASAAADTHRoVEgAAAAMAAADXmNhRVMAAAAYAAADamVzWEwAAAASAAACeGRlREUAAAAQAAADgmVuVVMAAAASAAADknB0QlIAAAAYAAADpHBsUEwAAAASAAADvGVsR1IAAAAiAAADznN2U0UAAAAQAAAD8HRyVFIAAAAUAAAEAHB0UFQAAAAWAAAEFGphSlAAAAAMAAAEKgBMAEMARAAgAHUAIABiAG8AagBpzuy37AAgAEwAQwBEAEYAYQByAGcAZQAtAEwAQwBEAEwAQwBEACAAVwBhAHIAbgBhAFMAegDtAG4AZQBzACAATABDAEQAQgBhAHIAZQB2AG4A/QAgAEwAQwBEAEwAQwBEAC0AZgBhAHIAdgBlAHMAawDmAHIAbQBLAGwAZQB1AHIAZQBuAC0ATABDAEQAVgDkAHIAaQAtAEwAQwBEAEwAQwBEACAAYwBvAGwAbwByAGkATABDAEQAIABjAG8AbABvAHIgDwBMAEMARAAgBkUGRAZIBkYGKQQaBD4EOwRMBD4EQAQ+BDIEOAQ5ACAATABDAEQgDwBMAEMARAAgBeYF0QXiBdUF4AXZX2mCcgAgAEwAQwBEAEwAQwBEACAATQDgAHUARgBhAHIAZQBiAG4A/QAgAEwAQwBEBCYEMgQ1BEIEPQQ+BDkAIAQWBBoALQQ0BDgEQQQ/BDsENQQ5AEwAQwBEACAAYwBvAHUAbABlAHUAcgBXAGEAcgBuAGEAIABMAEMARAkwCQIJFwlACSgAIABMAEMARABMAEMARAAgDioONQBMAEMARAAgAGUAbgAgAGMAbwBsAG8AcgBGAGEAcgBiAC0ATABDAEQAQwBvAGwAbwByACAATABDAEQATABDAEQAIABDAG8AbABvAHIAaQBkAG8ASwBvAGwAbwByACAATABDAEQDiAOzA8cDwQPJA7wDtwAgA78DuAPMA70DtwAgAEwAQwBEAEYA5AByAGcALQBMAEMARABSAGUAbgBrAGwAaQAgAEwAQwBEAEwAQwBEACAAYQAgAEMAbwByAGUAczCrMOkw/ABMAEMARAAAdGV4dAAAAABDb3B5cmlnaHQgQXBwbGUgSW5jLiwgMjAyMAAAWFlaIAAAAAAAAPNSAAEAAAABFs9YWVogAAAAAAAAYWwAADgyAAAKQlhZWiAAAAAAAABvHAAArpUAABaZWFlaIAAAAAAAACZOAAAZOQAAslJjdXJ2AAAAAAAABAAAAAAFAAoADwAUABkAHgAjACgALQAyADYAOwBAAEUASgBPAFQAWQBeAGMAaABtAHIAdwB8AIEAhgCLAJAAlQCaAJ8AowCoAK0AsgC3ALwAwQDGAMsA0ADVANsA4ADlAOsA8AD2APsBAQEHAQ0BEwEZAR8BJQErATIBOAE+AUUBTAFSAVkBYAFnAW4BdQF8AYMBiwGSAZoBoQGpAbEBuQHBAckB0QHZAeEB6QHyAfoCAwIMAhQCHQImAi8COAJBAksCVAJdAmcCcQJ6AoQCjgKYAqICrAK2AsECywLVAuAC6wL1AwADCwMWAyEDLQM4A0MDTwNaA2YDcgN+A4oDlgOiA64DugPHA9MD4APsA/kEBgQTBCAELQQ7BEgEVQRjBHEEfgSMBJoEqAS2BMQE0wThBPAE/gUNBRwFKwU6BUkFWAVnBXcFhgWWBaYFtQXFBdUF5QX2BgYGFgYnBjcGSAZZBmoGewaMBp0GrwbABtEG4wb1BwcHGQcrBz0HTwdhB3QHhgeZB6wHvwfSB+UH+AgLCB8IMghGCFoIbgiCCJYIqgi+CNII5wj7CRAJJQk6CU8JZAl5CY8JpAm6Cc8J5Qn7ChEKJwo9ClQKagqBCpgKrgrFCtwK8wsLCyILOQtRC2kLgAuYC7ALyAvhC/kMEgwqDEMMXAx1DI4MpwzADNkM8w0NDSYNQA1aDXQNjg2pDcMN3g34DhMOLg5JDmQOfw6bDrYO0g7uDwkPJQ9BD14Peg+WD7MPzw/sEAkQJhBDEGEQfhCbELkQ1xD1ERMRMRFPEW0RjBGqEckR6BIHEiYSRRJkEoQSoxLDEuMTAxMjE0MTYxODE6QTxRPlFAYUJxRJFGoUixStFM4U8BUSFTQVVhV4FZsVvRXgFgMWJhZJFmwWjxayFtYW+hcdF0EXZReJF64X0hf3GBsYQBhlGIoYrxjVGPoZIBlFGWsZkRm3Gd0aBBoqGlEadxqeGsUa7BsUGzsbYxuKG7Ib2hwCHCocUhx7HKMczBz1HR4dRx1wHZkdwx3sHhYeQB5qHpQevh7pHxMfPh9pH5Qfvx/qIBUgQSBsIJggxCDwIRwhSCF1IaEhziH7IiciVSKCIq8i3SMKIzgjZiOUI8Ij8CQfJE0kfCSrJNolCSU4JWgllyXHJfcmJyZXJocmtyboJxgnSSd6J6sn3CgNKD8ocSiiKNQpBik4KWspnSnQKgIqNSpoKpsqzysCKzYraSudK9EsBSw5LG4soizXLQwtQS12Last4S4WLkwugi63Lu4vJC9aL5Evxy/+MDUwbDCkMNsxEjFKMYIxujHyMioyYzKbMtQzDTNGM38zuDPxNCs0ZTSeNNg1EzVNNYc1wjX9Njc2cjauNuk3JDdgN5w31zgUOFA4jDjIOQU5Qjl/Obw5+To2OnQ6sjrvOy07azuqO+g8JzxlPKQ84z0iPWE9oT3gPiA+YD6gPuA/IT9hP6I/4kAjQGRApkDnQSlBakGsQe5CMEJyQrVC90M6Q31DwEQDREdEikTORRJFVUWaRd5GIkZnRqtG8Ec1R3tHwEgFSEtIkUjXSR1JY0mpSfBKN0p9SsRLDEtTS5pL4kwqTHJMuk0CTUpNk03cTiVObk63TwBPSU+TT91QJ1BxULtRBlFQUZtR5lIxUnxSx1MTU19TqlP2VEJUj1TbVShVdVXCVg9WXFapVvdXRFeSV+BYL1h9WMtZGllpWbhaB1pWWqZa9VtFW5Vb5Vw1XIZc1l0nXXhdyV4aXmxevV8PX2Ffs2AFYFdgqmD8YU9homH1YklinGLwY0Njl2PrZEBklGTpZT1lkmXnZj1mkmboZz1nk2fpaD9olmjsaUNpmmnxakhqn2r3a09rp2v/bFdsr20IbWBtuW4SbmtuxG8eb3hv0XArcIZw4HE6cZVx8HJLcqZzAXNdc7h0FHRwdMx1KHWFdeF2Pnabdvh3VnezeBF4bnjMeSp5iXnnekZ6pXsEe2N7wnwhfIF84X1BfaF+AX5ifsJ/I3+Ef+WAR4CogQqBa4HNgjCCkoL0g1eDuoQdhICE44VHhauGDoZyhteHO4efiASIaYjOiTOJmYn+imSKyoswi5aL/IxjjMqNMY2Yjf+OZo7OjzaPnpAGkG6Q1pE/kaiSEZJ6kuOTTZO2lCCUipT0lV+VyZY0lp+XCpd1l+CYTJi4mSSZkJn8mmia1ZtCm6+cHJyJnPedZJ3SnkCerp8dn4uf+qBpoNihR6G2oiailqMGo3aj5qRWpMelOKWpphqmi6b9p26n4KhSqMSpN6mpqhyqj6sCq3Wr6axcrNCtRK24ri2uoa8Wr4uwALB1sOqxYLHWskuywrM4s660JbSctRO1irYBtnm28Ldot+C4WbjRuUq5wro7urW7LrunvCG8m70VvY++Cr6Evv+/er/1wHDA7MFnwePCX8Lbw1jD1MRRxM7FS8XIxkbGw8dBx7/IPci8yTrJuco4yrfLNsu2zDXMtc01zbXONs62zzfPuNA50LrRPNG+0j/SwdNE08bUSdTL1U7V0dZV1tjXXNfg2GTY6Nls2fHadtr724DcBdyK3RDdlt4c3qLfKd+v4DbgveFE4cziU+Lb42Pj6+Rz5PzlhOYN5pbnH+ep6DLovOlG6dDqW+rl63Dr++yG7RHtnO4o7rTvQO/M8Fjw5fFy8f/yjPMZ86f0NPTC9VD13vZt9vv3ivgZ+Kj5OPnH+lf65/t3/Af8mP0p/br+S/7c/23//3BhcmEAAAAAAAMAAAACZmYAAPKnAAANWQAAE9AAAApbdmNndAAAAAAAAAAAAAMBAAACAAAAVgEuAesCxAODBFMFQAYnBxoIGAkfCj0LTgxrDZAOuQ/sES0SZROjFOMWKhd5GL8aDxtXHKQd8x88IIQhzSMRJFIljSbLKAApMypmK5csyi33LygwUTGAMqsz1TUCNjE3XTiKObY64TwNPTg+YD+JQLFB3EMIRDZFY0aQR7hI3koBSyRMR01qTo9PtFDYUfhTFlQzVU9WbVeNWK5Zy1rhW/Bc9137XwBgCmEZYi1jQWRSZV9mZWdhaFNpPGogawFr4Gy/baBug29ocFBxOHIgcwhz73TWdb52qHeTeH55bHpZe0l8PX03fjZ/OYBBgUuCV4NlhHSFhYaUh6SIs4nAisyL1ozfjeeO7Y/ykPWR9pL1k/WU+pYElxWYLJlHmmObf5yYna6ev5/LoNSh2qLgo+mk9KYDpxWoKqlCqlyrd6yUrbKu0a/xsRGyM7NTtHO1kLapt7q4wbnDusC7u7y1va++qb+jwJ3BlcKKw3zEasVTxjbHGMf5yODJz8rGy8PMwc28zq/PmNBz0UPSDdLT05vUZtU11gXW19eo2HbZQNoG2sfbgNw13Ofdkd473uPfjeA74Ovhn+JS4wPjr+RV5PnllOYs5r/nUufk6IXpL+nk6qjrbuwz7PXtr+5j7xHvtfBQ8ObxfPIX8sbzj/Ru9WH2ZveK+OT6xf0u//8AAABWASMBsAJqAzID6ASxBYAGWAc9CC0JJwonCyIMMA06DlEPYxB+EZ8SvhPpFRAWOBdhGIgZtBreHAsdMx5bH4AgoSG/Itsj9SULJh8nNShJKWAqeSuTLLEtzC7oMAQxITI8M1o0dDWLNqQ3uTjNOeI69DwGPRs+MT9NQGxBj0KwQ9BE7UYIRx1IMklFSlVLY0xuTXhOfk+DUIVRhlKIU4pUjFWKVoRXeVhoWVRaRFs/XEZdWl53X5VgsGHCYspjxWS1ZZxme2dXaDBpDGnsatBrumypbZtuj2+CcHJxXHJAcx9z+3TVda12hndieEV5MHokex18GX0VfhB/Bn/2gOKByoKxg5WEd4VdhkqHRIhMiWGKgYuljMaN3o7uj/WQ95H1kvOT8JTtleyW7pf4mRCaOZtunKadzp7jn+mg5aHfotmj0aTIpb6mvKfKqO2qIatdrJyt2a8UsE6xiLLCs/m1LrZkt5u40roFuzS8X72Fvqa/vMC+warCkMN9xHfFgMaPx53Io8meyo7LdcxTzS3OBM7az7LQi9Fq0lHTRdRF1VHWYtd12ITZh9p922bcQ90a3ezeud+H4FjhLeII4ubjw+Sd5XHmQOcM59Too+l/6mnrZOxo7W3ucO9w8HDxcvJ283n0d/Vp9kf3D/ez+EX4y/la+e360PwM/dr//wAAACsAxAFLAdgCZQMGA48EKwTPBXoGLwbpB6UIaAkvCfkKygufDHcNUg4yDw4P9hDZEcASqROTFH0VZxZSFz0YKRkVGfwa6BvSHL4drh6jH5sgliGUIo8jhiR2JWEmRScgJ/gozCmfKnMrSCwhLQIt6S7XL8gwujGqMpgzgDRgNTk2BjbPN5U4WDkZOdk6nTtkPDI9Bj3ePrY/j0BoQURCJkMQRABE80XnRtZHu0iWSWVKJUrgS5hMT00HTcNOg09JUBhQ6lG+UpNTaFQ7VQ1V3latV3xYSlkVWd9aqFtvXDVc+V29XoBfQ2AIYNFhnGJrYzxkDGTaZadmcWc4Z/xov2mAakBrAGvAbIFtQ24EbsVvhXBBcPhxq3JZcwFzqXRPdPR1mHY8dt53gHgdeL15YHoWetp7q3yDfVh+KH72f8OAk4FngkSDKoQYhQuGAIb0h+OIzYmvioyLYYw0jQeN2o6wj4qQa5FHkhKSxpNbk+yUepVBlkKXiJkImoqb5J0ZnjKfOaA5oTWiL6MopCGlGaYRpwqoCakPqiGrPaxgrYeura/TsPyyKLNatJK10bcUuFm5nLrXvAW9Kb5Hv2LAf8Gewr7D38T/xiHHQ8hnyYzKscvWzP3OKc9b0JfR3tMy1I3V7tdT2LnaIduV3S/fDuF35Ivoee1O8vb5Uf//AABuZGluAAAAAAAABjYAAJOVAABWjQAAVukAAJG3AAAmuwAAFwoAAFANAABUOQACh64AAkeuAAFrhQADAQAAAgAAAAEABAAIAA8AFgAfACkANABAAEwAWgBpAHgAiQCaAKwAvgDSAOYA/AESASkBQAFZAXMBjQGpAcUB4wIBAiECQgJkAocCrALSAvoDIwNNA3oDqAPXBAgEOgRtBKME2QUSBUsFhgXDBgEGQAaABsIHBQdKB5AH2AghCGwIuQkHCVcJqAn6Ck0KoQr3C04LqAwEDGIMww0lDYkN7g5UDrwPJQ+REAAQcRDkEVkRzxJGEr0TOBO2FDoUwxVSFeMWdRcGF5YYJhi4GU4Z6BqIGzEb4xyfHWIeKx74H8YglSFkIjQjBiPbJLMljyZsJ0soKykNKfAq1Su7LJ4tfi5cLzkwFDDwMc0yqjOJNGg1SjYuNxU3/zjtOd460jvKPMU9xD7HP85A2kHoQvZEAEUGRghHCEgISQlKDEsUTCFNNE5OT25QlFG8UuVUDVU0VllXfVigWcRa51wLXTBeVl98YKRhzmL4ZCRlU2aFZ7xo+mpDa5ls+W5jb9JxRnK8dDR1r3cteLF6PHvQfW9/HIDWgpSETIX2h5SJLIrFjGWOFY/fkc2T3ZX/mCCaOZxMnl+geaKgpNqnLamgrDCu4LGhtF63C7muvF2/K8IfxUbIoswMzyjR9tSR1yjZ0dye35fi0uZg6fntEu+s8gD0MPY59//5ivq4+9T8u/2j/nD/N///AAAAAQAFAAoAEgAbACYAMgA/AE0AXABtAH4AkQCkALkAzwDlAP0BFgEvAUoBZgGDAaIBwQHiAgQCJwJMAnICmgLDAu8DHANLA3wDrwPkBBoEUgSLBMUFAQU9BXsFuwX8Bj8GgwbJBxAHWQelB/IIQQiTCOYJOwmTCewKRgqhCvwLWAu0DBIMcgzUDTkNoA4LDngO5w9ZD84QRhDAET4RvxJDEsoTUxPdFGoU+hWPFioWyxdxGBYYthlRGeYaeRsNG6QcQBzkHZEeSh8OH90gsyGOImkjQiQYJOslvSaQJ2YoQiklKhIrCCwFLQguDi8SMBExCDH5Mugz1zTKNcE2wTfKONs58jsOPDA9UT5pP3RAckFoQlhDR0Q5RTRGOEdHSF9JfkqhS8dM8E4bT0VQa1GGUpRTl1SVVZRWoFe/WPFaNVuAXM1eHl90YM9iI2NmZJVltWbOZ+Ro+2oWazNsVG12bppvwHDqchdzRnR2dad22ngQeU16j3vYfSZ+fX/jgWeDEITKhnSIBomHiwSMiI4bj8ORgpNYlUOXO5k7mzudOZ8poQSixqR2phunvaliqxWs3a7FsM+y9bUxt3y5y7wPvkTAcsKmxOnHQsmyzDHOnNDd0vTU8dbn2OPa6Nz03wHhCuMU5STnSOmW7DfvivOm92z5zvuE/MP99P75//8AAAACAAgAEQAeAC0APgBRAGYAfQCWALAAzADqAQkBKwFNAXIBmAHAAeoCFgJEAnQCpgLaAxEDSQOEA8AD/QQ7BHoEugT8BUEFigXXBikGgQbdBz4HoggICG8I1Ak5CZ0KAgpqCtULRAu7DDkMwQ1QDeYOgg8hD8AQXBD2EZASLRLNE24UDRSoFUIV3BZ5Fx4XzhiOGWIaQhsqHBQc+x3dHrgfkiBtIUwiMCMYJAYk+SXxJu8n8yj9Kg4rJCxALWAugC+dMLgx0zLzNBo1STaCN8M5DDpcO7A9Bz5gP75BIkKTRBZFrkdaSRFK0UyaTm9QVVIyU9pVWlbMWEhZ01tmXPheg2ABYXBi1WQ3ZZxnCWiBagpro21NbwBwt3JvdB51w3d1eWR77n6kgHmB1oL8hAKFCIYQhzOIc4nUi1WM6Y6IkC6R2ZOIlTuW8Zipml6cCp2nnzegvaI/o8ClRKbKqFCp1KtUrNCuRq+5sSiyl7QItX22/LiJuia70L2CvzbA6cKcxE/GBMe7yXPLK8zkzp7QWNIU09LVj9dK2P/arNxP3ejfdeD94oLkA+WC5wLog+oE63/s7u5G73nwnfGN8nXzRPP39Kr1TvXb9mj29vd29+n4XPjP+UP5q/oN+nD60vs1+5j78fxJ/KL8+/1U/a3+A/5Y/qz/Af9V/6r//wAAc2YzMgAAAAAAAQxCAAAF3v//8yYAAAeSAAD9kf//+6L///2jAAAD3AAAwGxtbW9kAAAAAAAABhAAAJzfAAAAAMoq1YAAAAAAAAAAAAAAAAAAAAAA/8AAEQgBMwJKAwERAAIRAQMRAf/EAB8AAAEFAQEBAQEBAAAAAAAAAAABAgMEBQYHCAkKC//EALUQAAIBAwMCBAMFBQQEAAABfQECAwAEEQUSITFBBhNRYQcicRQygZGhCCNCscEVUtHwJDNicoIJChYXGBkaJSYnKCkqNDU2Nzg5OkNERUZHSElKU1RVVldYWVpjZGVmZ2hpanN0dXZ3eHl6g4SFhoeIiYqSk5SVlpeYmZqio6Slpqeoqaqys7S1tre4ubrCw8TFxsfIycrS09TV1tfY2drh4uPk5ebn6Onq8fLz9PX29/j5+v/EAB8BAAMBAQEBAQEBAQEAAAAAAAABAgMEBQYHCAkKC//EALURAAIBAgQEAwQHBQQEAAECdwABAgMRBAUhMQYSQVEHYXETIjKBCBRCkaGxwQkjM1LwFWJy0QoWJDThJfEXGBkaJicoKSo1Njc4OTpDREVGR0hJSlNUVVZXWFlaY2RlZmdoaWpzdHV2d3h5eoKDhIWGh4iJipKTlJWWl5iZmqKjpKWmp6ipqrKztLW2t7i5usLDxMXGx8jJytLT1NXW19jZ2uLj5OXm5+jp6vLz9PX29/j5+v/bAEMAAQEBAQEBAQEBAQEBAQEBAQEBAQEBAQEBAQEBAQEBAQEBAQEBAQEBAQEBAQEBAQEBAQEBAQEBAQEBAQEBAQEBAf/bAEMBAQEBAQEBAQEBAQEBAQEBAQEBAQEBAQEBAQEBAQEBAQEBAQEBAQEBAQEBAQEBAQEBAQEBAQEBAQEBAQEBAQEBAf/dAAQASv/aAAwDAQACEQMRAD8A/v4oAKACgAoAKACgAoAKACgAoAKACgAoAKACgAoAKACgAoAKACgAoAKACgAoAKACgAoAKACgAoAKACgAoAKACgAoAKACgAoAKACgAoAKACgAoAKACgAoAKACgAoAKACgAoAKACgAoAKACgAoAKACgAoAKACgAoAKACgAoAKACgAoAKAP/9D+/igAoAKACgAoAKACgAoAKACgAoAKACgAoAKACgAoAKACgAoAKACgAoAKACgAoAKACgAoAKACgAoAKACgAoAKACgAoAKACgAoAKACgAoAKACgAoAKACgAoAKACgAoAKACgAoAKACgD5y/ZO8feJvid8B/BPjXxfeJf+INYj1Nr66jhWBJTb6reW0RESfKm2GJF464z3oA+jaACgAoAKACgAoAKACgAoAKACgAoAKACgAoA//R/v4oAKACgAoAzNa1vR/DmlX+u+INUsNE0XSraS81PVtVu4LDTtPtIhmW5vLy5eOC2gjHLyyuiL3IzW1DD18VWp4fDUauIxFaap0aFGEqlWrN7Qp04KUpyfSMU2/mCV9Fq/ItWV7aajaW1/p91Be2N7BFc2l5aypPbXNvMgkhngmjZo5YpUIeORGZXUgqcH5oqU50pzpVYSp1KcnCcJxcZwlF2lGUZaxkno09UBZqACgAoAKACgAoAKACgAoAKACgAoAKACgAoAKACgAoAKACgAoAKACgAoAKAGGRA6xl0EjKWWMsN7KuAzKudxVSwBIBAyAeo2gD6ACgAoAKACgAoAKACgAoAKACgAoAKACgAoAKACgAoAKACgAoAKACgAoAKACgD4u/4J86xpWu/sn/AAz1HRdSsdVsHHiKBbzTrqG8tmmtfEep29zEJ7d5IzJBPHJDMgbdHIjI+GXFa1qFbDT9liKVSjUSjJ06sJQmozSlF8srO0otSi9mrNXTuB9o1kAUAFABQAUAFABQAUAFABQAUAFABQAUAFAH/9L+/igAoAKACgD87v8AgrX/AMo1P21P+yCeNP8A0mir9Q8Ff+TscA/9lJgP/S2b4b/eKX+NH0d+yb/ybF+z/wD9kg+H/wD6jOnV8rxp/wAldxL/ANjzM/8A1LqmdT+JU/xy/wDSmfQdfMkBQAUAFABQAUAFABQAUAFABQAUAFABQAUAFABQAUAFABQAUAFABQAUAFAHj2r+DLa8+Ofgrx43jB7O60P4feMvDsXgYXIVNah1rV/Dl5L4gNr56mVtGbTUtBMLdxF/aO0yJ5mGAPYaACgAoAKACgAoAKACgAoAKACgAoAKACgAoAKACgAoAKACgAoAKACgAoAKAGv9xv8Adb+VNbr1QH4mf8G8/wDyi0+DX/Y//H3/ANXZ45r9H8V/+SxxH/YryP8A9VODNa38R+kP/SIn7a1+bmQUAFABQAUAFABQAUAFABQAUAFABQAUAFAH/9P+/igAoAKACgD87v8AgrX/AMo1P21P+yCeNP8A0mir9Q8Ff+TscA/9lJgP/S2b4b/eKX+NH0d+yb/ybF+z/wD9kg+H/wD6jOnV8rxp/wAldxL/ANjzM/8A1LqmdT+JU/xy/wDSmfQdfMkBQAUAFABQAUAFABQAUAFABQAUAcN4H+Ivhj4hr4pfwzcXNwvg7xn4k8Ba39ptJLTyfEXhTUptK1iCDzP+Pi3ivIJFhukxHOgDpwcsAdzQAUAFABQAUAFABQAUAFABQAUAFAHimtaD8PZ/j/4F8R6hr/2f4m6f8N/HGl+G/DXn7f7R8J3+s+GJ/EWq/Z9hMn9n39rpEHmb12fa8FW3AqAe10AFABQAUAFABQAUAFABQAUAFABQB5n8Xfi34N+CHgiT4g+Prm9tPDcXin4d+Dnn0+wm1K6Gt/FH4h+Fvhf4SiFrB+8MFx4s8Y6Jb3lx9yys5Z72X91bvQB6ZQAUAFABQAUAFABQAUAFABQAUAFADX+43+638qa3XqgPxM/4N5/+UWnwa/7H/wCPv/q7PHNfo/iv/wAljiP+xXkf/qpwZrW/iP0h/wCkRP21r83MgoAKACgAoAKACgAoAKACgAoAKACgAoAKAP/U/v4oAKACgAoA/O7/AIK1/wDKNT9tT/sgnjT/ANJoq/UPBX/k7HAP/ZSYD/0tm+G/3il/jR9Hfsm/8mxfs/8A/ZIPh/8A+ozp1fK8af8AJXcS/wDY8zP/ANS6pnU/iVP8cv8A0pn0HXzJAUAFABQAUAFABQAUAFABQAUAFAHjHwZ8UeEfE8fxJbwl4Wl8LLofxc+IXhvxCssUcX9u+KdF8QXdnrviSPyyd8etX0ct6kj4kdZcuM0Aez0AFABQAUAFABQAUAFABQAUAFABQB4prVz8Ml+P3gW01KC6b4ty/DfxvN4VuFhnNnH4Mi1nwwvieKadf9HSeTUn0Roo5B5rokhjwqvQB7XQAUAFABQAUAFABQAUAFABQAUAFAHzb+1n4y+HvgL4LXPiT4o+B5fiL4QT4n/s+6JJ4Xh8rzH8R+LP2gfhh4T8C6/++kij2eDfHWt+G/GUnz7/AC9Bfy1eXYjgH0lQAUAFABQAUAFABQAUAFABQAUAFADX+43+638qa3XqgPxM/wCDef8A5RafBr/sf/j7/wCrs8c1+j+K/wDyWOI/7FeR/wDqpwZrW/iP0h/6RE/bWvzcyCgAoAKACgAoAKACgAoAKACgAoAKACgAoA//1f7+KACgAoAKAPzu/wCCtf8AyjU/bU/7IJ40/wDSaKv1DwV/5OxwD/2UmA/9LZvhv94pf40fR37Jv/JsX7P/AP2SD4f/APqM6dXyvGn/ACV3Ev8A2PMz/wDUuqZ1P4lT/HL/ANKZ9B18yQFABQAUAFABQAUAFABQAUAFABQB5D8IvGN94wj+IbX3g9PCB8OfFPx54TtVSBoP+Eis9A126sLbxU26KLzX16OIX7Tr5iymXcJXBBoA9eoAKACgAoAKACgAoAKACgAoAKACgDxjWfFPhK1+PXgfwfd+FZbrxrq3w68ba3o3jERRGHSNB0rWPDNrrGhvMSJUk1a6v9OulRAyOLAlsFVoA9noAKACgAoAKACgAoAKACgAoAKACgD54/al+IV/8Lvg9ceMNM+H9n8T7uP4k/Ajw2PCN/ZyX9tJbeO/jv8ADbwLfeIjbRWt65n8DWPiS48cWk3kbLW78OQ3Uk1rHC9zEAfQ9ABQAUAFABQAUAFABQAUAFABQAUANf7jf7rfyprdeqA/Ez/g3n/5RafBr/sf/j7/AOrs8c1+j+K//JY4j/sV5H/6qcGa1v4j9If+kRP21r83MgoAKACgAoAKACgAoAKACgAoAKACgAoAKAP/1v7+KACgAoAKAPzu/wCCtf8AyjU/bU/7IJ40/wDSaKv1DwV/5OxwD/2UmA/9LZvhv94pf40fR37Jv/JsX7P/AP2SD4f/APqM6dXyvGn/ACV3Ev8A2PMz/wDUuqZ1P4lT/HL/ANKZ9B18yQFABQAUAFABQAUAFABQAUAFABQB5V8LNb+IetJ48PxC0NNEfTPiX420fweEg8n+1PAmna1c2/hXWW+d/NbUtKSC5M2V8wuW8tP4gD1WgAoAKACgAoAKACgAoAKACgAoAKAPIdX8Y39n8b/BngWPwel5put+APGPiG48cmFjJot1o2reHbO38PrceQyousx6lLdtGbiMudODCN9pKgHr1ABQAUAFABQAUAFABQAUAFABQAUAeEftJeI/i54U+FM+s/A7w8PFHxCX4gfBbTIdHNgNTDeDdf8AjT8PtA+KWpfZDNACdC+F2p+MtdFx5n+hHTftoSU2/lOAe70AFABQAUAFABQAUAFABQAUAFABQA1/uN/ut/Kmt16oD8TP+Def/lFp8Gv+x/8Aj7/6uzxzX6P4r/8AJY4j/sV5H/6qcGa1v4j9If8ApET9ta/NzIKACgAoAKACgAoAKACgAoAKACgAoAKACgD/1/7+KACgAoAKAPzu/wCCtf8AyjU/bU/7IJ40/wDSaKv1DwV/5OxwD/2UmA/9LZvhv94pf40fR37Jv/JsX7P/AP2SD4f/APqM6dXyvGn/ACV3Ev8A2PMz/wDUuqZ1P4lT/HL/ANKZ9B18yQFABQAUAFABQAUAFABQAUAFABQB5V8LLP4l2cfjz/hZV1a3T3PxL8bXfgn7LPBP5Hw8uNbuZPB9tP5AURXMOjm3SaGXM0bgrKSwJYA9VoAKACgAoAKACgAoAKACgAoAKACgDyrVda+IkPxl8I6Bp+iJN8L77wN4s1HxLr5g3SWPi2y1TQIfDmmrcbx5a32n3OsTGPy28w2udw24oA9VoAKACgAoAKACgAoAKACgAoAKACgDwn9pHSvjJrPwqnsPgJqMGlfEg/ED4LXcN5cXlpYRDwTpvxo+H+pfFm2+03scluJL/wCE9p42sIYSnnXU11Ha2zJczQuoB7tQAUAFABQAUAFABQAUAFABQAUAFADX+43+638qa3XqgPxM/wCDef8A5RafBr/sf/j7/wCrs8c1+j+K/wDyWOI/7FeR/wDqpwZrW/iP0h/6RE/bWvzcyCgAoAKACgAoAKACgAoAKACgAoAKACgAoA//0P7+KACgAoAKAPzu/wCCtf8AyjU/bU/7IJ40/wDSaKv1DwV/5OxwD/2UmA/9LZvhv94pf40fR37Jv/JsX7P/AP2SD4f/APqM6dXyvGn/ACV3Ev8A2PMz/wDUuqZ1P4lT/HL/ANKZ9B18yQFABQAUAFABQAUAFABQAUAFABQB5N8J/CninwrH8QF8UeLIvFba98UPHPibQmilml/sDw3rmt3N7ovhiTzf9XLodnLHYyRR/ukaLCfLigD1mgAoAKACgAoAKACgAoAKACgAoAKAPKtVsviW/wAZPCF/pt3bJ8JoPA3iy38U2TTwLdzeMp9U0F/DE8Vuw+0SQw6bFraSyRt5aNJGJASyGgD1WgAoAKACgAoAKACgAoAKACgAoAKAPAf2m/Afi74k/CSfwp4H8c23w58QyfET4H+IE8U3d5c2ECaN4K+OHw78aeKdANzaMkwl8Z+F/D+s+DbeAN5V3ca/FaXAa3mkRgD36gAoAKACgAoAKACgAoAKACgAoAKAGv8Acb/db+VNbr1QH4mf8G8//KLT4Nf9j/8AH3/1dnjmv0fxX/5LHEf9ivI//VTgzWt/EfpD/wBIiftrX5uZBQAUAFABQAUAFABQAUAFABQAUAFABQAUAf/R/v4oAKACgAoA/O7/AIK1/wDKNT9tT/sgnjT/ANJoq/UPBX/k7HAP/ZSYD/0tm+G/3il/jR9Hfsm/8mxfs/8A/ZIPh/8A+ozp1fK8af8AJXcS/wDY8zP/ANS6pnU/iVP8cv8A0pn0HXzJAUAFABQAUAFABQAUAFABQAUAFAHjnwe8H6V4Pj+Iy6X4wk8XjxF8WPH/AIrv2kmSX/hHdS1/X7u/vfCqbJpvLTQJpWsFiby3QRbWijI20Aex0AFABQAUAFABQAUAFABQAUAFABQB5Lq3hTxRdfGrwd4ztfFsNp4Q0fwH4v0LVvBRlmE+s63q2q+HrrS9eSEfuHj0i20++tHkfEiHUFCfKzhgD1qgAoAKACgAoAKACgAoAKACgAoAKAPnL9q3wF4e+JfwauPCfijx6vw00eT4mfALxC3ixpEiEepeCfj58M/GuheHt8ksK58ba74e03wSq790jeIRGiSuyxOAfRtABQAUAFABQAUAFABQAUAFABQAUANf7jf7rfyprdeqA/Ez/g3n/wCUWnwa/wCx/wDj7/6uzxzX6P4r/wDJY4j/ALFeR/8AqpwZrW/iP0h/6RE/bWvzcyCgAoAKACgAoAKACgAoAKACgAoAKACgAoA//9L+/igAoAKACgD87v8AgrX/AMo1P21P+yCeNP8A0mir9Q8Ff+TscA/9lJgP/S2b4b/eKX+NH0d+yb/ybF+z/wD9kg+H/wD6jOnV8rxp/wAldxL/ANjzM/8A1LqmdT+JU/xy/wDSmfQdfMkBQAUAFABQAUAFABQAUAFABQAUAeKfBbR/hzpEfxMHw71iXV01H4v/ABE1XxkZZzP/AGd49v8AxDdz+LNKjyieVHYaq88CQjeIwm0O2M0Ae10AFABQAUAFABQAUAFABQAUAFABQB45rHg7Sbz46+CfHMvjCSz1rRfh7408P2fgYSxiLWrDWdX8N3d54gaEyiR30aXTre0WRYWVBqJDSKWVWAPY6ACgAoAKACgAoAKACgAoAKACgAoA+a/2ttC+FHiP4K3OlfGrxBdeF/ALfFD9ny/l1ezcxzr4v0b9oL4X6z8MtO3BJD5Ou/Eyw8IaHcjb81tqMqkoG30AfSlABQAUAFABQAUAFABQAUAFABQAUANf7jf7rfyprdeqA/Ez/g3n/wCUWnwa/wCx/wDj7/6uzxzX6P4r/wDJY4j/ALFeR/8AqpwZrW/iP0h/6RE/bWvzcyCgAoAKACgAoAKACgAoAKACgAoAKACgAoA//9P+/igAoAKACgD87v8AgrX/AMo1P21P+yCeNP8A0mir9Q8Ff+TscA/9lJgP/S2b4b/eKX+NH0d+yb/ybF+z/wD9kg+H/wD6jOnV8rxp/wAldxL/ANjzM/8A1LqmdT+JU/xy/wDSmfQdfMkBQAUAFABQAUAFABQAUAFABQAUAeKfBbUPhrfx/Ew/DawuLBLT4vfESx8aC4hmh+1fEG18Q3cXi+9h85n8yC51dbiWKaPbDIrBo1VSBQB7XQAUAFABQAUAFABQAUAFABQAUAFAHietaR8OZfj/AOBNb1HV5ovinZ/DfxvYeGdEE5WC88IXms+GZfEl+9tsIkks9Rt9GiSUyKYxcMoVt+VAPbKACgAoAKACgAoAKACgAoAKACgAoA+a/wBrbUfhFpXwVubz45abqGrfDwfFD9ny2mstLSaS8PjK/wD2gvhfYfCy6CwESfZ9P+KVz4N1C+b7iWNrcvKDErhgD6UoAKAPnnwZ+1N8EvH/AO0J8X/2XfC/jGy1L40fAvQPA/iX4j+E48CfRdJ+Idlc3/hqYSbttw89tau11HFuazZokuBG0iBgD6GoAKACgAoAKACgAoAKACgBr/cb/db+VNbr1QH4mf8ABvP/AMotPg1/2P8A8ff/AFdnjmv0fxX/AOSxxH/YryP/ANVODNa38R+kP/SIn7a1+bmQUAFABQAUAFABQAUAFABQAUAFABQAUAFAH//U/v4oAKACgAoA/O7/AIK1/wDKNT9tT/sgnjT/ANJoq/UPBX/k7HAP/ZSYD/0tm+G/3il/jR9Hfsm/8mxfs/8A/ZIPh/8A+ozp1fK8af8AJXcS/wDY8zP/ANS6pnU/iVP8cv8A0pn0HXzJAUAFABQAUAFABQAUAFABQAUAFAHjPwb8W+HPFkfxIbw74Rl8JDw/8WviB4Y1lZYYYf8AhIdf0PX7qx1bxTH5IHmRa7dxSX0csn72RZN0hLZLAHs1ABQAUAFABQAUAFABQAUAFABQAUAeKa1qHw1j+P3gXTNS0+eT4r3Pw38cXfhfU1hmNvbeDrfWfDEfia0knDCBJbjUZtFkjjdGkdYXKEKr0Ae10AFABQAUAFABQAUAFABQAUAFABQB84/tXeN/BXw7+DNx4o+IPgST4keGU+JvwB0F/CsSQyO+u+Mfj78MvB/hDxBtnZY9vgvxfr2heNHOd6p4fZog0qotAH0dQB5d8bfi14W+A3wh+JXxn8azPD4W+GXgzxB4y1gRDddXcGh6fNeR6ZYRfeuNU1e5jg0vS7VAZbvUby1tolaSVFYA/jU8YfHn4SfsYfthfsCf8FH/AA98WNJ8SeNf2hfEPiH4Kf8ABRTS9Mt/EcNrb23x68Sy+MfB3ieeXU9MtLKPR/hl4q1NPDUF3cTRjSPCWh2NhAP3rbQD+3S0ure+tba9tJUntbyCG6tp423RzW9xGssMsbDhkkjdXUjqGB70AWKACgAoAKACgAoAKACgBr/cb/db+VNbr1QH4mf8G8//ACi0+DX/AGP/AMff/V2eOa/R/Ff/AJLHEf8AYryP/wBVODNa38R+kP8A0iJ+2tfm5kFABQAUAFABQAUAFABQAUAFABQAUAFABQB//9X+/igAoAKACgD87v8AgrX/AMo1P21P+yCeNP8A0mir9Q8Ff+TscA/9lJgP/S2b4b/eKX+NH0d+yb/ybF+z/wD9kg+H/wD6jOnV8rxp/wAldxL/ANjzM/8A1LqmdT+JU/xy/wDSmfQdfMkBQAUAFABQAUAFABQAUAFABQAUAeR/CXxfrni6P4gtrfg+LwgfDvxR8deFdLWKOWP/AISLR9B126sdO8VP5sUW+TX7eJL95I/Mjcy5SRgQzAHrlABQAUAFABQAUAFABQAUAFABQAUAeNax4u8PWnx48EeCbjwjLd+J9Z+HfjTX9N8bCGEw6NpOkax4atNR0B5yPPR9YuNQs7tY0IjcacS/zIu4A9loAKACgAoAKACgAoAKACgAoAKACgD59/af+IOt/C/4RXHi/wAPeALT4nanH8RvgZ4cXwle2013byWPjn45/DjwNrHiIw29tdyed4H0fxHfeOLWXyClvdeHYbiaW3hie4QA+gqAPgv9uX4BftC/tGWPwa8F/CjxP8JtC+Gfh/4weBviR8adF+Ikfi6TUfiBoPw/1hPEejeCtKPhyzubS3sJ/Elnouu38uoMBPNoVrYyRPZ3NwGAKP8AwUj/AGMW/bg/Yo+NH7LWg2Xw30fXPir4ctNG0/X/ABjYakui+FtTsb211XTvENkfD1jLq32/SNUsLOezSJY1mhE9vO6RzMrAHoP7CPwr/aM+Bv7MHws+D37UPj7wH8Uvid8NPDOk+DJ/iJ4Bh8R21n4v0rQNPttP07WtatvE0EN5F4guooN2peRvtXk/eRtliqgH2DQAUAFABQAUAFABQAUANf7jf7rfyprdeqA/Ez/g3n/5RafBr/sf/j7/AOrs8c1+j+K//JY4j/sV5H/6qcGa1v4j9If+kRP21r83MgoAKACgAoAKACgAoAKACgDjvF3xC8D+AksZPGnivQfDK6k8yWH9s6lbWT3f2ZUe6kgjmcSPb2aSRyXtyF+z2cckcl1LCjq9AHU213a3lrDe2lzBdWdxClxb3dvNHNbT28iB454Z42aKSJ0IdJEZkZTuBwfmAOQ8MfEv4feNb2+07wj4z8N+I77TRvvLXR9Ws76eKHzHhFyqQSsZrMzRyQreQebatNHJEJjIjogBhaD8c/gz4o8d6z8L/DfxU8Aa78RfD0bS634I0nxXot/4n0yNG2Std6NbXst7F5D/ACXAMW63f5J1iYqrgHqlAH//1v7+KACgAoAKAPzu/wCCtf8AyjU/bU/7IJ40/wDSaKv1DwV/5OxwD/2UmA/9LZvhv94pf40fR37Jv/JsX7P/AP2SD4f/APqM6dXyvGn/ACV3Ev8A2PMz/wDUuqZ1P4lT/HL/ANKZ9B18yQFABQAUAFABQAUAFABQAUAFABQB5V8LNU+JGqR+PD8RtLt9Mex+JfjbTfBgggWD7d8P7LWrmHwlqUu2STzZ73SVgmlnbY0rMWMaZAoA9VoAKACgAoAKACgAoAKACgAoAKACgDyTVvF+u2nxs8G+B4PB8d34c1rwF4v1/UPHBjlMui6no2q+HrSw8PrIIjCqazBqN1dsrzI7HTVKI4DFAD1ugAoAKACgAoAKACgAoAKACgAoA4j4mfETwn8Ivh147+KvjzU49F8E/Dfwh4i8c+LNWlG5NP8ADvhbSbvWtXu9g+aV4bGynaOFMvNIFijBd1VgD+Oqw/ab/wCC9/8AwVt8HeJP2qv2HPF/hD9j39klfiJo3g74IaLLoJ8QfE/4q+Hbn4kaL4G174gX0jW90y6H4Z0zUdS8Y6y/kRWraX4c1W10qS5mEJlAPtn9hz/gol+3n+zR+3V4U/4Je/8ABWa28E+JfHPxc8Naj4j/AGYP2nPANq2m+HfiyukRX1zeeHtXsyPKi1c2emanLHI/kXcN1YXFneWytLaM4B/TnQAUAFABQAUAFABQAUAFABQAUANf7jf7rfyprdeqA/Ez/g3n/wCUWnwa/wCx/wDj7/6uzxzX6P4r/wDJY4j/ALFeR/8AqpwZrW/iP0h/6RE/bWvzcyCgAoAKACgAoAKAPyv/AG0/iJ8bfD37cH/BNb4Z/Dv4pS+B/AfxZ8WfHuX4haBF4asNYTxI/wAPPAeiappMd3dXN3byi2MfiC/gW2RdkFz5N+DLLEkagH1B+1n8dfG3wG8H+HNf8FWPwj1HUNW1qTTLtPi/8UdI+FOjLBHa+d5mm6rq8kcF9fF/vWMW51i/eYwMqAeLfsrftefFX44/E248F+M9H/ZqsdIi8Larraz/AAl/aE8N/FDxSbyxvNLt4Uk8N6TK91HpLR3sxu9TI8q1mW0hf5rpKAPG9EV/if8A8Fjf2hPBXxM0y21rwb8Mv2HPgtB8L/D+uW8N/otza/Fnxz8Uo/inq1pp93HJA1xqr+HNE8P6vOqlprLSrS1lPlqEYA+Kfgr8Y/jT4Y/4N6P2iPHvh7VdcvPHvwy+HH7W/hH4Z6+Lye41u28DeB/H3jrwd4J12z1By9xJPo/gW0ttTsb0s8n+hRT72Kh6APX/AB5oFl8Kfj//AMEQdL+Dg/sGz8d+GPjL8JPG114bMVjc658KpfgJovjBrnUpII9t+dF8b6Xoeo6beXaztp+pa3eSxMG1K4E4B7F43/Yp+Dusft1fsdeLvgF4D8P+AdV/ZNvfiH4y+NXxM8N2UWl6n4n0zx14PuvCnh74WeLvENpGl1431vX9Y1Gbxpq6a7c6hc6WNF0y5uXSfWLfYAfslQB//9f+/igDzn4m/Di2+J+gQeH7rxZ458HRwajDqI1PwBr6+HdZkaCKeIWk181lfb7GQTl5YBEu+SOJt42YoAw/GfwbsvGtn4Msp/H3xP8ADy+CnDwXHhXxYukXXiDAsl2+Kpjptx/a6n7EpICW3NxdH/lt8oBa8U/CW08U+MvCvjOXxx8SNFn8KQW0EPh/w94nXTfC2ti2uZ7kSeItJOn3B1OaYzmGeQXMG+3jijCjbvoA/PH/AIK4/Ci0m/Yi/bQ+KB8bfEWO6i/Z78YWv/CHReJlTwA4j0iGx86Tw59gZmuGVRcvJ9uG67/fYHKL+oeCv/J2OAf+ykwH/pbN8N/vFL/Gj6O/Yt+FFp4e+EPwg+IMfjb4i6pceIvg94JWXwtrXiZb7wXpX2rQdKnLaLoX2CI2LQmPyrcm7l8uF5E+bcDXyvGn/JXcS/8AY8zP/wBS6pnU/iVP8cvwZ7x4L+Dtl4Kl8ZywePfid4hPjRHjnXxV4rXV4/D4kF4N3hZBp1t/ZLr9rOxmNzj7Pa5B8klvmSCv4Z+Clj4Y8E+KPBEXxC+KusQeKbie5l8R6/4vXUfFmjG4gt4DF4e1gaZbrpsMQtxLDH9mn2TSzPz5m1QBifBGxT4Yf8KuHxE+K7Wn2uW7/wCEybxep+IGZb6S+MH/AAkf9mY+zo0hto4vsI22aJDuO3ewAeJPgjY+JPAXhvwBL8RPivpNv4aFqIvE+heMF0/xjq/2W3a2X+3db/syYaiZg/m3GLSHzJwsnG0igC740+D9n41fwa8/jz4m+Hv+EMlilgXwp4qXSE8QGF7RwnikHT7r+1kf7IFkUG33JPcj/lr8oBP4i+E9p4j8d+G/Hkvjf4j6TceGreG3i8NaH4nWw8H6uIXuX83XtFNhMdRmk+0FZZPtUG9IoRtXy9zADh8KLQfE+X4o/wDCbfEU3ctpHZnwafEy/wDCv0WOyhsvPj8OfYNy3LLCLh5ftx3XTyzYG/YoAeGPhRaeF/HXifx3F42+Ius3HiiS6kl8NeIPEy6j4Q0b7Vdfainh/RRp8B05IW/c26m7n8qD93l8kqAUfBfwasvBNp4xtIPH/wAUfEI8ZRTxTT+KvFi6vc6B9ohuYS/heUaZbjSZIhcmSFit15csNu21vLIYAh0D4J2Ph/wD4h+H8fxD+K2p2/iKeWeTxRrPi9L7xnpRl+zZj0TXP7MhWwhT7OPLQ2ku3zp/+egFADZfgjYy/DK2+GB+InxXS1trs3Y8Yx+MEXx/MTcz3PkT+Iv7MKyWwM5hEX2FSLeOKPeShdgBfFfwSsfFngnwv4Im+InxX0SDwtDbwxeIvDni9dM8Wa0La2S1EniHWDpk41KWUIJp2FrB5lwWk4ztoA850D4H+PPEd/eal8Tvib8RLGXw38UfFmr+BbTwd4ug03T9R8AN4iN94Q0rxZbx6ZN/aRh0qG2tLuB5IZPKeeJ5Cz71APW9b+E9nrnxC0H4iSeNviNp1zoECQR+FdJ8TLZ+CdTEcdzH5msaF9gkN7KwuSzuLuHc8MDYXYdwAWvwotLX4mXnxOHjb4izXV7aNZt4PuPEyyeAbdWht4fPtfDv2BTDcgW4kEv25sTSzSYPmbFAE8JfCe08I+L/ABV4wh8bfEbXZvFcs0s2g+JfEy6p4Z0QzXMtyU8O6ULC3OmRxmUwxL9on2QKkeW2lmAM/wAF/Bey8FaN4w0aD4gfFPxCnjKG8hn1DxV4tTV9U0D7Zaz2pk8MXY022/smW3E5mtXMVwIriKKXadm1gCPR/glY6P8ADnW/hunxE+K9/ba3O07+LNT8YLdeOdOL3FvceXpPiD+zIxZxA2wiVTZSYhlnTI8wMoAl98ErG/8Ahpp/wyb4ifFe2tdOu47tfGFn4wWHx7dGN7lxBe+If7MdZ7Z/tJV4vsS7khgG8FN1AEni74K2Xi/wv4T8LTfEL4q6DF4SSJIdZ8M+L10vxDrnkwQwBvEmpHTbgao7iASyEQ2+6aSV/wCMrQBe8Y/CSz8Z6/4Q1+fxz8SdAk8Hy2csOmeF/FC6To2vGzu47tU8T2J0+5OqpcGPyLpRNb+dbO8Xy53qASap8KLTVPiVo/xLfxt8RbK60aEQp4R0/wATLbeA78C0uLPzNT8PfYJGu5StwZy/22PNzFBLgeWQwAaZ8KLPTPiVqnxLXxt8Rby61S0ntG8Iah4mW48B2Qn+y5n07w99gjNtcx/ZR5UpvZNnnXBwfNAUAj8H/CSz8HeIfF/iKHxz8Sdfl8YNI02l+J/FC6roug+ZNczY8M2IsLY6UFNyY0BluNsUUCc+XlgCl4Q+C9l4P8N+LvDcPxB+KevReLxd+dq/ibxcuq67oX2y0Nox8NagNNtxpZgDefbEwXHlXIEuDjZQB5LL8JfHWlazonwb0vxj8Tr/AOD+veDPF2p+KviNf+KI7n4j6T4xt/EPhq58Nafpfir7AhsrS4sP7aje3GnSh7ZXjMinDKAeq6v8ErHV/hvo/wANX+InxXsLXR7u3u08XaZ4wW08d35tku0EGp+IP7MmF3bTfa2aeIWcXmNBbHcvlncAT+MvgxZeM9G8HaLP8QPiloCeDdvk6h4X8WppOqa/tjtI/wDiqLs6dcjVs/Y1c7YrfMk9y3Hm4UAt+LPhJZ+LvFPhLxVN44+JGhS+EVtVh0Xw34oXS/D2ufZbproHxJpp064OqGYt5NyRcW3m24EXyY30AS3nwptLz4mWPxObxt8Rbe6sbdbdfB1r4mWHwDchbJ7Hzbvw79gZppisn2ln+3Lm7RJsDBRgBNE+FFponxG1v4jp42+Iuo3OuW11bSeE9W8TLeeB9OF1LbSmXSdA/s+JrOeE2wS3kN7J5cc064fzQVAK/gz4QWfgrUvGepQeO/iZ4hbxou2e08VeKV1ew8P/AD3z58LW40+2/shv9OZcl7r5ba0Bz5OXAKvhX4K2PhTwj4r8IQ/EL4qa3D4sluZZte8R+Ll1PxNohuraK1KeHNVGmW40yOERCa3U28/l3DyS87ttADLb4JWNr8Mrn4YD4ifFea1ubiS4PjGfxesnj+IyX324xQeI/wCzQscCt/oyR/YTi0/c7uj0AJr3wSsdf+Hmg/DuT4ifFfTLbQJbWWPxVo/jBbLxtqf2WGaEJrOu/wBmSi+jmE5kuFFpD5kscTZGwhgC140+Dll41tfBlrP4++J/h4eCnWSCfwr4sXSLjxAVFkNviqU6bdf2up+xKSAlvk3F1nPnDYAWvFHwls/FPjTwr41l8b/EfRp/Clvb28Ph7w/4nXTfCutC3ubi5EviLSDYXDalPKbgxTuLqDzIIoY8Dy97AHyH/wAFBf2NtX/ad/Z0/ai8K+EfH3xFsvG3xP8AgT458FeF/CEfikQfD248QXHhWe10SCfQRY7kOqahbWsF3P8Abwolu5rggKWSgD+Zf/gkf+3X8J/hr+wvo/7KHiD9ojXP2U/25v2YPFXwj+Ffj74R/HPxvYeC/CQ8CeBPjv4B1L4m6/4N0/XNIgtCfEfwd0jxhp9yn2ue7kvdUuLG2LXF1b3CgFbx74j+HP8AwVT/AOC4v7HHhP8AYs+IPxR+MvwZ/Yl1Dxz8T/jv+0Td69LrXgzQdV8Q6dLbWvhD4e+IBpVlGii7i0m2tAr3CvPcanJFG0Vi7SgH9jnhv4KWPhrwP4n8DRfEL4q6vB4ouJ7iXxJr3i9dR8W6MbiG3hMXh/Wf7MhXToIhbiSGM2s+yWad8nzNqgDF+CVivwwX4Xf8LE+K5tFu5bv/AITJvGCn4gMZb6W/MDeI/wCzCptkaY20cX2EbbNI4d52l6ADxL8ErHxN4D8NeAZfiJ8V9It/DK2qxeJtC8YLp/jHVxa25tgde1s6bONQaYHzbgi1g8ycCT5cbaAL3jT4P2fjWXwbLP47+Jnh7/hDJYZYE8K+Kl0iPXzDJayBPFCHT7n+1o5PsoSVQ1vuSa4XjzcqAT+IfhNaeIvHnhvx7L43+I+lXHhu3ht4vDOieJ1sPB2riFrlvN13RP7PmN/NJ9pKyyfa496xQDC+VlgBV+FFovxOm+KH/CbfEVrua0S0Pg1vEyn4fxqlnBZ+fF4c+whkuWEAuGl+3HddSSzbRuEdAB4X+FFp4W8c+KPHUXjb4i6zceKZbqWXw34g8TLqXhHRvtV0box+HtGFhAdNjhJ8m3U3U5jtwItzYzQBQ8F/Bmy8FWXjGyg8f/FHxCvjKK4imuPFfixNYu9AFxDcwF/C8w022/smSIXJkgYpcbJYbdyD5WGAIdB+CdjoPgDxB8Po/iH8VtTt/EM8k8nijWPF6XvjTSjKbZjHouu/2ZGLCFPs4EaGzn2iWcAnzPlACf4JWM/wytfhgfiJ8V47W1u/tQ8YxeMETx/OftM9z5Fx4i/swrJbZuDD5QslPkRQx722FqAE8WfBKx8W+C/C3gqb4ifFfQ4PCsMEMXiHw34wTTPFWtfZ7VLUSeIdXOmTjUpZQnnTOttb77hnkAAJSgC/44+Edn421Lwlqs/jn4k+Hm8HSW00Nj4U8ULo+na+bSeC5Efie2On3J1WKY24iuFEtv5kEs0fG/crW69UB+KP/BAH4T2mt/8ABPf9n34iyeNviNp1zoPjn49Qx+FdK8TLZ+CNTCfGf4gReZrGg/YZDeysLguz/bIt0kUDYHl4b9H8V/8AkscR/wBivI//AFU4M1rfxH6Q/wDSIn7a2nwotLP4mX3xOXxt8RZ7q+tGtG8H3PiZZfANsrQ20Pn2nh77ArQXIFuJFl+2viWWdsASbV/NzIb4S+E1n4R8W+K/F0Pjf4j67N4skmlm0PxL4nXVfDeiGa4luCnhzSxYWx0xIzKYolNxPsgSOPc23ewBQ8GfBey8F6J4w0SD4g/FPxBH4xhvYZtR8U+Ll1fVtA+22k1o0nhi8Gm2w0mW3ExntXMVx5VzHFLg7CjAEekfBKx0j4ca18Nk+InxXvrXWpmmfxbqXjBLrx1pxa5t7kx6Vr40uMWcQNuIlQ2cuIJp4wR5mVAEv/glY6h8NdO+GbfET4r2trpt3Hdr4vsvF6wePLsxNcsIL7xD/Zri4tn+0kSRfYk3LDANw8vdQB1S/Dy2UfD8f8JT41P/AAr7zDbk68pPijzNNOmf8Vp/oQ/t3ap+2Jt+xbb8C5+bAjoA9BoA+a/jv+yx8Ov2gvF/wQ8f+K9U8aeHfGf7Pvi/WPF/w88ReBvEC+H9Stp/EmjjQfEui6lJJY38d/oHiDS44LXVLExRPIkETRXEMiq9AHrPjj4W/DT4nabY6P8AEz4e+B/iPpWmz/arDTvHvhPQPGFlZ3fl+Sbu2tfEGn6jb2900XyPcRRJKyfKWI4UA57wR8APgP8ADPWX8R/Df4J/CP4feIZLKfTX17wR8N/BvhTWX065khmudPfVNB0XT75rK4ltraWe1M/kSyW8LyRs0MZoA434o/syeB/ib8QNL+K6az4v8B/E3TPAut/DM+NvAWrxaNrOoeBNevBqFx4f1KSW0vI7qLTtRa41PQJ2RZdH1G9vLqAt9okjcA57wz+xn8GPCFn4T8N6Bb+I7L4a+Evgj4h+AcXwgGts/wAMNc8FeKJopNZvvE3hhrULrPim7gSexk164uRcPZ3t7HJG7XDvQBS+Gv7F3wr+GniTwH4otdX8ceJ9R+EvgHWfhl8If+Ev16PWU+GXhPxA2nnWYvC+6wiMWrahDo+jWM+sXJnu/wCzdG02yB2RTPcAHh/w9/4JgfDD4dePLHx3Z/tDftjeJPsvjeb4hXvg7xb8dX1TwP4g8RzahJqvm+IdEtvC+n3Gp2ceotFdR2b6mkQa1tYWDW0XlMAfpZQB/9D+/igAoAKACgD87v8AgrX/AMo1P21P+yCeNP8A0mir9Q8Ff+TscA/9lJgP/S2b4b/eKX+NH0d+yb/ybF+z/wD9kg+H/wD6jOnV8rxp/wAldxL/ANjzM/8A1LqmdT+JU/xy/wDSmfQdfMkBQAUAFABQAUAFABQAUAFABQAUAeSfCXwhrnhGP4grrni5PFp8Q/FHx14p0tkuJrj/AIR7Rte1y6v9N8LN5rN5L6FbSpYtBHiKIxbYwFGFAPW6ACgAoAKACgAoAKACgAoAKACgAoA8q1TS/iRL8ZPCOr6dqkMXwqtPA3iyy8T6OZYhPd+MLrVNAl8NXyQlDM8drp1vrUTyJIqIZwHUllNAHqtABQAUAFABQAUAFABQAUAFABQAUAfkd/wUb/4JDfsU/t2aA3ib4lfBf4O2nxfHjX4TXp+L/iHTZ9J1S48PaP8AFTwVqXjLwzqepaLc2D6nd+PPBdjrngPT5dRW5uft/iCxWOZNimgD7t/Zx/ZP/Zv/AGRPBQ+Hf7NXwb8DfBvweZEmn0jwZpEdj9unRdiT6nfytPqepzRr8scuoXly8akrHsUhaAPoSgAoAKACgAoAKACgAoAKACgAoAa/3G/3W/lTW69UB+Jn/BvP/wAotPg1/wBj/wDH3/1dnjmv0fxX/wCSxxH/AGK8j/8AVTgzWt/EfpD/ANIiftrX5uZBQAUAFABQAUAFABQAUAFABQAUAFABQAUAf//R/v4oAKACgAoA/O7/AIK1/wDKNT9tT/sgnjT/ANJoq/UPBX/k7HAP/ZSYD/0tm+G/3il/jR9Hfsm/8mxfs/8A/ZIPh/8A+ozp1fK8af8AJXcS/wDY8zP/ANS6pnU/iVP8cv8A0pn0HXzJAUAFABQAUAFABQAUAFABQAUAFAHjPwb8I+HfCUfxIXw74uk8WjxB8WviB4o1hpHif/hHte1zX7q+1bwsnlSy7Y9CupXsER/LkURYeNWDKoB7NQAUAFABQAUAFABQAUAFABQAUAFAHkereENbu/jZ4N8cQeLktPD+i+AvGGgX/gg3EyvrOpaxqvh27sdfW2DCCRdHg066tGldGkjOogIQHagD1ygAoAKACgAoAKACgAoAKACgAoAKAPnD9rDwN4K+IvwYuPC3xB8en4aeGX+J3wA15/Fg8jKa74N+P/wx8ZeEPD3+kSRxf8Vt4v0DQvBJ+fzMeIv3KvN5aMAfR9ABQAUAFABQAUAFABQAUAFABQAUANf7jf7rfyprdeqA/Ez/AIN5/wDlFp8Gv+x/+Pv/AKuzxzX6P4r/APJY4j/sV5H/AOqnBmtb+I/SH/pET9ta/NzIKACgAoAKACgAoAKACgAoAKACgAoAKACgD//S/v4oAKACgAoA/O7/AIK1/wDKNT9tT/sgnjT/ANJoq/UPBX/k7HAP/ZSYD/0tm+G/3il/jR9Hfsm/8mxfs/8A/ZIPh/8A+ozp1fK8af8AJXcS/wDY8zP/ANS6pnU/iVP8cv8A0pn0HXzJAUAFABQAUAFABQAUAFABQAUAFAHinwW074a6fH8TP+Fb6hdX6Xnxf+Il/wCNPtVw9wbT4g3XiG7l8X2MG+KPyba11c3EcEC71iQBFkcDcwB7XQAUAFABQAUAFABQAUAFABQAUAFAHjOs+EvDd38ePA/jW58XSWnirRvh3410HTPBIkiEes6Pq+seGrrUteaIyCVn0e40+ztVZImRRqBDOpKhgD2agD8Wv2vf+ChH7UnwG/4KE/snfsQfDn4V/AfxJYftdaT491Pwd8QPGvirx/ps3hRvAGkaxrGo2/iXSdD0e7Fy15BpaR2r6W0qrJdL5uFR2UA9I+HH/BQzx/4f/bv0b/gnt+1V8J/D3gT4sfEH4U6l8Y/g58Qvhn4ivfEvwz+IfhbQ9Um0fXNP8rWra08R+H9f0+9trtxaanbLHcWsDSxScgUAfq7QAUAFABQAUAFABQAUAFAHzb+1np/wf1T4LXNn8dtR1PS/h0fif+z7czXmkTSwXo8aWP7QPwwvvhVbCSGKZxa33xVt/BdjqKeXtl065uopGjjdpFAPpKgD4i/bz/br+F/7A/wg0z4kePdO1fxh4q8ceMtB+GXwe+FPhXyJPGXxV+Jfim8isdC8KeHYJ3WNWkmlSW/v5sWunW2JbiRPMjDgHjer/FP/AIKoaL8IdW+Ln/DPv7MGveIbTw3J4nt/2f8ASPiF49X4gtFDZfbn8Nw+KrjRl8IX3izy98PkxTrp1xeRpa2krSTKFAPrn9kn4ya9+0N+zH8B/jl4o8Nx+DvEfxX+F3hDx3rnhSKSaWPw5qviLSLfUL7RkluUjnkGnXEz22+WNHby8lRnCgH0RQAUAFABQAUAFABQAUANf7jf7rfyprdeqA/Ez/g3n/5RafBr/sf/AI+/+rs8c1+j+K//ACWOI/7FeR/+qnBmtb+I/SH/AKRE/ZzxEfEI0PUz4TTRn8SC0k/sZPEUl9FobX3/ACyGpyabFNfpadfMa1ieYfwqa/NzI/Cz/gn1/wAFG/28/wBvn4b/ABi+KHhL4B/syeH7H4P/ABn8d/Be48I3fxF+Ii+I/FGteBjAlxqGlapcaEmgadZ6hNOILf8AtOaN4mUyTARkUAfZ37Ff/BR3wF+1h8QPi5+z34o8EeJvgT+1d+z9cWtv8YPgR44a3l1PTrO+klj03xX4Q1q0/wCJf4w8GauIhPYa5pheFYp7dbjZJKgoA/R6gAoAKACgAoAKACgAoAKACgAoAKAP/9P+/igAoAKACgD87v8AgrX/AMo1P21P+yCeNP8A0mir9Q8Ff+TscA/9lJgP/S2b4b/eKX+NH0d+yb/ybF+z/wD9kg+H/wD6jOnV8rxp/wAldxL/ANjzM/8A1LqmdT+JU/xy/wDSmfQdfMkBQAUAFABQAUAFABQAUAFABQAUAeKfBbVvhzq0fxMPw60eTSE0/wCL/wARNL8ZCSKWL+0fH1j4hu4PFuqp5kknmJf6ss86ypsjcPlI1UgKAe10AFABQAUAFABQAUAFABQAUAFABQB4prWn/DST4/eBdT1K+u4/izbfDjxvaeFtOS4dbO48G3Gs+GJPE11Na+UY5J7fUodESKUyq0aSyKEYOSoB7XQB/L5/wVX8OeKvFn/BcT/gjToHgrxzc/DfxLf+Fv2jl07xlZ6LY+IrjR2j8HeIZpXj0jUZ7ezu/tEEclqRNMgRZjIuWQCgDz+7svHX7Cn/AAXa/Zcg/ad8cXf7aPiT9tH4ceNfhp8DfjJ4hs7fw142/Zy0zw6mp+KNa8I6Z4C0QS+H/wDhE9cvLGeSbxAlxNqjNcBZHRILxKAP6w6ACgAoAKACgAoAKACgAoA+a/2tde+FHhv4K3Oq/Grw5c+KvAK/FD9nzT5dGtVdpm8X61+0F8L9F+GWpgRyRt5egfEzUPCGvTnftWDTZS6ugZGAPpSgD+XH/gvxc3ngP9t3/giD8cfG6f8AGP3gD9rLxXoXjnVLtTF4f8LeLvG2n+E9M8Harr9+2be1jubuHz9PkudiRNoV9IJUw5oA/qIiuIJ4I7qGaOW2miSeKdHVopIZEEiSpIDtaNkIdXB2lTkHBzQBR0UaKuk6evh0aWuhraxLpS6KLQaStkq4hXTxY4sxahcCIWw8kLwmBigDUoAKACgAoAKACgAoAKAGv9xv91v5U1uvVAfiZ/wbz/8AKLT4Nf8AY/8Ax9/9XZ45r9H8V/8AkscR/wBivI//AFU4M1rfxH6Q/wDSIn7a1+bmR/Nr/wAGzn/Jtn7Y3/Z/n7QP/pxsaAOW8NWKfFz/AIOgvFnxB+DOLrwn8Bf2DU+HP7R/izRXW+0Sb4ieJfFOk6j4U8G6veW5NtHr8Og2lsDaO73VkugTRSpF5oWgD+nOgAoAKACgAoAKACgAoAKACgAoAKAP/9T+/igAoAKACgD8tf8Agsr8Tvh34H/4Jz/tZ6J4w8beGPDWteLfgp4t0rwxpGsa1Y2Oqa/qNzCkcNrpOnzTLd30skgKD7PC6hxtJB+7+1eAXDmf5z4n8IY3KsmzLMMHlee4PFZli8JhK1bDYHD025Tq4qvCDpUYxTT9+cXbVXszqwdOpOvCUISkoSTk0naK7t7L8fycfo79hb4m/Dv4lfss/A67+H/jbwx4yg0r4W+BtO1RvDus2Oqtpl/b+HrGGaz1CK1nlmsrmOWKRDFcxxPlG27gCa+V8TeHM/4d4yz6lnuT5llM8Vm2YYjDLMMJXwyxFCpiak4VaEqsIRrU5QlGSnTco6622M69OpTqT54SjeUmuZNXTejW99P6Wx9eV+fmIUAFABQAUAFABQAUAFABQAUAFAHjnwd8YaR4vj+I7aT4QbwiPDvxY8f+FNQVraK2/wCEh1TQdfurC+8VARRx+cuvTxNfi4k3yTebveRiTtAPY6ACgAoAKACgAoAKACgAoAKACgBrukaNJIyoiKzu7sFREUZZmZsKqqASzE4A5OMUAfnt4p/bv/4J/aN+1B4Q+HPiH48/B2L45p4T8U6TpF5L440MLothPq2gjVfC97fDUTp9pqWr3yWE8FncOs0g06fDReW6OAfoHa3drf21ve2Nzb3lndRR3Frd2s0dxbXMEqh4preeFmimikQh45I2ZHUgqxBywB+b/wC0T/wS5+B37S/7S3ws/a08afE/9o/w18Z/gja6vZfCfWPh78UbXwzpfga38QQX1priaNpEvhbU4P8AiaWepXlpdm8a8LwS7U2MiOoB1nww/wCCbv7O/wAPPj9aftT+ILz4mfHD9oXR9Bn8MeFvir8d/Gz+PfEXgvQrvzRe6f4Ohi03RdG8PrfJPLHeT2WlJdTRu6NOBLL5oB9+UAFABQAUAFABQAUAFABQB8Bft7/tqfsvfspfDSG4+PHiv4Z3l5f+PvgtY2fw38WeJtDs9VvP7c+Mvw/0mDxcukXtwboW3w+bUU+Ixu3tlSKHwq9zBIZIV2gH2J8PPib8O/i34Zs/Gfwv8b+FviB4U1AA2niDwjrmn69pUzFQ5j+16dNPFHMqurPBIyzRhhvRcgUAch+0D+zx8Gv2pfhZ4k+C3x68BaH8R/hx4qhVNU8Pa7b+dElzCsn2PVdOuFKXOm6xpzyNLp+pWUsV1bSE7HKPIjAHyz4B/wCCdnhjwBoNn4Ct/wBpb9rfxD8KNMt7bT9N+GXiX4vpqGiRaJAojbw5eavH4et/FN9obwqtukDa3DexQAoNQYneoB98aFoWj+GNG0zw94f0200jRNGsrfTtK0yxiWC0sbG1jWG3treJeEjijRVUcnjJJJ3MAa1ABQAUAFABQAUAFABQBxXj74jeAvhf4du/FPxG8ZeG/A/h20RzPrPijWLHRrBNoGVWe+mhWWTkHyot8hByFAya9jI+H884kx9LLOH8pzHOcwqyXJhMtwlbGV35uFGMnGOj96Vo973SKhCdSSjCMpSfSKbf4W/P7tT8Qf8Ag3N+Knw28R/8E3Phh4I0Lx14V1XxjoXjj433WseFrPW7CXX9OtdS+MHjPULC5udJE/25Le7sriC5hn8lonhlRw+Gw36Z4xcM8Q5fn8c4xuS5nhspxuXZTTwuZVcHXjga9TD5dhqFenTxXIqLqUq1OdOcObmU4tWVmjbEUqkZc8oSUJKNpNPldopPXVbq3T0drn7s+ItGbxDoep6Iur61oDanaSWo1nw7eR2GuacZMf6Vpl7Nb3UVtdx4/dyvbzKuTlD/ABfjZzn5Yfs/f8EdfgJ+y94b8Z+DPgl8dv2w/Bng74h+MNd8eeNfDNp8b7STTPEPinxKkaa5qt27+DP7Qhm1FYoxMbK9t9pQPGUc5YA+5P2dP2VfgN+yl4W1Dwn8DPh/pfg6013VJ9e8V6urT6l4o8Z+Iro7r3xD4w8TajJcaz4h1m8lZ5Z7zULqX53cQpChCUAfQtABQAUAFAHlfjn43fCj4a+LPh54F8c+O/Dnhrxf8VtVv9H8AeH9V1S0s9T8SXmlafNqeomwtp5Y5JILO2iAmnx5YnntrdS0sypQB6oCCAQcg8gjoR6jr1+v50AFAHyD8TP2o7nQvjzbfs1fC3wSfiT8WbT4TX3xr8Vaa+s2mh6b4b8G/wBrXeg+F7K6vbnIOvePNZ0rXNP8PRELa2w0e6vNRdLZomYAu/Dj9s34K/Eb9ktv2zLbWJ9F+EGn/D/xL8QfE91q0Plal4WsvBdpqE/i/SdWtEJMeseH7rStQ027s1Jc31u0CbmZaAPNvhp+3BH4h8d/s9eCPiZ8OdQ+GE37WHgPxL49+BlzeatZ6p/aP/CJ2ejavrXgrxKtsR/ZnjCDw5r+leIbeGIPZ3tk9/FbymfSb1aAO8+H37WVn47/AGw/jv8AsjP4A13QNW+CHwx+FXxOl8Zahf6dNpXizS/inqvjXTLCLSrC3Zr6zOnP4MuDO18E837TGYsqp3AH19QB/9X+/igDyD4z/Hv4R/s8+GbPxj8ZPGdn4H8NX+qw6Jaape2Gs6jFNqk8E9zDaCHQ9M1W6V3gtp5BI8CQgRkNIGKigDkfiH+1t+zt8KdD+HniT4g/EzTfDeifFeLzvh9f3GkeJrtPEkXlafNvtotN0O8ntP3WqWD41KGyP+kKOCkgQAzvjT+2J+z38A9S03w78SPH9povi7xD4Wn8W+FPDB0rxDd33iTTUGoJa/Yrmw0e7063kvrvTbmzhXUL20ZZV3SrHEQ79+VZfVzbNMtyujKMK2ZY/B5fRnPSEauMxFPD05TfSMZVU5eRUY80oxWjlJRTfS7t5/l95/lEft9ftrfE79tH9oX4l/Er4v8Ai++1XXNT1vWU8N+F3uL19E8H+HkupTpug+HrF91lp9la2McSt5W2W4dPNuGlmZmr/pP4MyXwm8GuBKfg/wAM4jBYPiOHDtCrjcP9SxH9p5vjK2XQx1XH47HQwv1etWrUpSrrnxMlTi1Thyu0I/fxhhcJhXhKbiqvsrtcr5ptxUm3LZ6a9bLRW0R7t/wST/bx+I/7HH7Y3wc1H4e+LdTXw34q8c+E/BfxS8BpPeHRPEvhbxJrWn6DqTXenNtspdU0pL5b/S7xcXEd1bRxCRoZJEbwPHPhnwp8dfDTivgPFYnAYzjjhThbNM5yytHB4inmWSZlkeDlWly4+rhYUvq1SvGGFxVGnXnTqU60pxjKULk4unhcbhJ0G4uvSpSnH3WpQlBN/FtZ7NK19bNWbP8AUM+F37Xv7Ovxns/Hl98N/iXp/iWH4YaQuufEDyNH8S2beGdOMGo3DT3Q1LRrL7Xsj0nUiyaZ9tk/0VgFJeIP/wA4lWm6VWpSlZyp1J05NbNwk4u3ldaHwD007f15/n94eEv2vv2cPHXwy8a/GTwn8UNM1j4afDq9fTvGniqHR/E8FroV7HDYXDwT2V5odrqtwyw6pYPusbC6TFwAGLI4XMBP+GwP2bx8GYf2hP8AhaGm/wDCnLjVJdFh8b/2P4o+xPqkN9c6bLaDT/7B/tsMl9Z3MBkbSxCWiLCQxlHYATxd+2F+zd4D+Gfgz4xeLfijpmjfDX4hCI+DfFM2j+KLi11wTW/2uIwWdnoNxqtvvt/3o+22FrgcNhvloAufEX9rL9nr4Tf8IB/wsP4lad4a/wCFoxW8/gL7TpPiW7/4SKK6ktYrd7f+zdEvvsvmSXtsoGomzI80bsBXKAFzxj+1D8BvAHxK8I/B/wAX/ETT9F+JHjuHT7jwl4Xm0vxDcXOsw6pPNb2EkN5ZaPcaXALma3mjUXl/ashQmQKpWgCV/wBpv4Fx/Go/s7P8QbBfjOIIrk+Bv7M8QfbfIm0qPWopP7RGjnQ8Npcsd2B/au4I2wgTAx0AL4N/ab+BfxB+Kfi/4KeDviDYa38UPAUmqReLvCUOl+ILe60V9Fvo9M1NZr690e10m4+yX0sduxstRug7NuiLoC1AGP8ADr9rn9nT4tWPxE1L4efE3TfEtj8JtPuNV+IVxbaR4mtF8NafaQ6jcXFzcrqeiWMl2scGk6jIU01L2RhbMFQs8auAQeGf2w/2bfGXwq8YfG7w18UdM1X4W+AL4ab4v8XRaN4ohtNFvT/ZwEE1jdaHb6vcMTq2n/NZafcx/wCkr852SlAAuf2wv2bbP4M6d+0Jc/FHTIvg5q2ryaDp/jc6P4oNlc6tFd31jJZrp66E2to63emX0PmSaWkJNuzLIUeNnAF8c/tgfs3/AA1+H3gL4qeOPihpmgeAPifZw3/gTxHPo/ii5t/ENpPZW+oRTW9pp+hXmo2oezu7ecLqFnZuFlCsgcMiAHnOnftp/CnwdrMnhz4163pnwu13xf8AE7xT4a+FOmzaN4nnk8f+G7fxQ+heF/E8MlhoV5BC/iTfaz772a1Tfcb2YRgyUAeweJf2oPgP4Q+LHh74G+JPiHYaX8VfFcdpL4e8Hy6X4hmu9Sjv4Zri0eO+tdIuNHiE0NvNIPtOpQFQhDgNtDAC2X7T3wI1H4y3v7Pll8QrCf4xadFLNe+CF0vxCt7BFBbRXkrnUH0ddEYJbTxSnZqjkh9oUMCqgCeA/wBqD4D/ABO+IHjH4WeBfiHYeIfH/wAPzfDxh4ct9L8Q2txoh028Nhfeddaho9np1x5F2phb7Fe3e4jdHuQ76AMz4dftcfs6/FnRPiH4j+HnxN03xLovwpsLzU/iDfW2keJrRPDdjp9pfX15cXEWpaHYz3awWmm30xTTYr2RhAyojO0auAV/D/7YX7N3ir4SeKvjroHxR03UvhP4IvV0/wAU+MY9G8URWmkXjz6fbLBLYXOhW+sTsZ9V0+PdaadcIDcqSwVJCoAmo/th/s2aT8HNI/aB1D4paZbfB7XtY/sDSfGzaN4oezvNX87UIPsSafHoUmtxv5ulagnmTaZFD/ozHzAHj3gC+Pf2wv2bvhh4I+H/AMR/HfxR0zw94K+KdmL/AMA69Po3ii6g8R2htLK+E1vbadod5f2gNpqFnNt1G0tHxOF2h1cIAbHxB/ak+Anwr8XeAvAfj/4iaf4c8W/E/wDsr/hBNGuNK8RXc3iH+3NTTR9K+z3GnaPeWVr9s1KRbVP7QubPYx8yYxRDfQBPq/7TXwL0H4y6P+z5q3xBsLP4x6/HFLpHgh9M8QPe3sc2l3GsxMmoQ6PLokYfTLae7An1SIhYyhxKyx0AN0L9p34E+JfjBrfwC0P4hWF/8XvDkN9ca14Lj0vxBFeWMOmtbJfO9/caRDosgt2vLYMINUlZvNBjVsOFAKvw/wD2qvgB8U/Evjrwf4A+I+n+I/Enw0gurnxxpdvpPiO1l0CCzmube5knm1HRrK1uRFLZ3KEafPeMxiJUMGQsAfzgf8F+f+CpWh6n+zD8IP2fP2O/jwnh3Xv2tP2gdJ+AvxB+L+h2XirSLz4YeBIzo7+Nbi2mvNG03UFurmy8QWMkk+jx3N2dOs9QtbPNzcoUAPNPCH/BIX/gghF8D9N8L6t4KvviNo178OvFGtePP21L/UviIvjjSPG2g6p4W0C9u/Ok02O7i1TUdd8VQX9hFFoV7GixEPcSIJJlAIv+CDn/AAUC0T9m/Vf24v2HP2h/2kp/id8EP2PfiT4Osf2d/jt4lsPFWpX+t/Dj4lP4tPhnw1exx6Re+II3tIPCF3qFuupWSGzS8ewLqlvCqgH9QHxB/a9/Zx+FfhX4eeNvH/xP03w54W+K9ubv4favcaP4nu4vEluttYXZktoNO0S9u7QC31Swk26lBZNi5VcBlkCAGn4+/ak+Anwv8b+Bfhx49+Iun+HfG3xMi0qfwNoNxpXiK6n1+LW9TbR9KeC507R7yxthd6kj2qDULqzKMu+YJF89AE+oftOfArS/jVp/7O1/8QbC2+M+qRwzWHgZtL8QPe3Mc+jya/Cy6jHpD6Gu/SIZL395qiEIvllRMQlAB4W/ab+BfjX4ueJvgR4X+INhq3xa8HQ6pceJfBsWl+IILzS4dFu7Sx1OSW/u9It9GmFpdX1pC4tdRuGczgxK6K70AUfh1+1d+z78Wrv4iWHw8+JOneJbv4UWj33xChttJ8SWbeGrSM6kHmuW1PRbJLsA6PqIxpjXzn7KxCDfEJQCn4M/a+/Zx+IXw/8AHPxT8G/E/Tdc8A/DWaWDxv4jg0fxPb2+gSwwQXMqT2t7oVrqNyUguoJCdPsbtSJAAxYOqAEdr+2F+zbe/B27+P8Aa/FHTJvg/Y6k2j3fjVdH8UCzh1Jbz7A1q2nvoKa2zC7/AHO9NMaLd83mFMGgA8Sfthfs2+EfhT4W+N/iP4o6Zpnws8a3UVl4X8XS6P4omtNWupo7iWKKKxtdCn1eAtHa3DZu9NgQeWQWUlQwBZ+If7W37O3wo0f4e6/8QfiZp3hvSPitEJ/h9e3GkeJrtPEkRSwkD28em6JezWmU1OwbGpRWR/0hfulZFUA0fHX7UHwG+Gnj/wAD/C3xz8Q9P8P+PfiTbabeeCPDs+l+Ibm41621fUZ9J06WC6sNHu9OthdahbT2yi/vbNkaMvKqxFXYA+Yf25P+CjfwR/ZJ+GH7Q23xlpt/8evhR8GvF/j/AMPfDSbSfEMs2oazZ+DbnxF4Yju7+PSG0T7BO0mn3l8P7VWRbDz0wtwBGoB/JB/wT6/ZA/Y8/bW/Z0uf21v2wQ3/AAUG/wCCgf7QXi/4Y+LfEPwq8a3fxBl8PfDD4U/Ej4//AA9+H+sR6Fa2Fnp+nRTeBPAfje/8TXH2DVJLGym08QR2osLOeegD0j4cfED9nX/gjz/wV/8A2evAn7DHxw1fXf2GP2w/+E18JfG34CanN4x1HSfg3498MWOoak3inwtb67pVmVt457ewdJNOiu7lrC41izmN4bawkYA/se8J/tf/ALOHjn4YeNPjN4U+KGm6x8Mvh3etp3jPxXFo/ieC10O9SLT5mgnsrzRLfVblhFqlg26xsLqP/SFAkYq4QAR/2wP2b0+DFt+0K/xQ00fBu81WXRLbxx/Y/ij7FLqkF/d6ZLaDTxoX9uB0vrG7ty76WsJaEssjRsjOAJ4w/bB/Zu8A/DXwV8YPF/xR0zRfhv8AERIpPBniibR/FFxba6k9st5E0FnZaFdapbb7Zll/06wtSAdrBXG2gC78RP2sP2e/hPJ4Ai+IfxK07w1J8UY7abwEtzpPiS7/AOEiju5baC2a3OmaLei182W8tkA1H7EQZQX2BXKgFvxf+1F8BvAfxM8J/B3xb8RNP0b4leOIbC48KeFptK8Q3FzrEOqSzQ2Dw3tlo9zpUAuJLeZVF3f27IUJkABWgCU/tOfAofGlv2d/+Fg2H/C5kgS5bwN/ZfiH7aIJNMj1hJP7R/sj+w8HTZY7rjVC21vLKCUMlAC+DP2mvgX8Qvil4w+Cvg34g2GufFDwDJqcXi/wnDpniC3utFk0a+TTNTSa9vtItdJuDa30qW7fYtQug7HfFvjBdQDH+HX7XP7Onxa074i6r8PPibpvibT/AITafc6r8Q7m20jxNaL4a0+zg1G5ubm5XUtEspLtYoNJ1CQppiXshFswVGZ41YAg8Nfth/s2+MPhT4w+N/hv4paZqnws8A3o07xd4ui0fxRDaaLesdOUQTWN1oVvq9wxbVtPG6y0+6T/AElfn+WTYAF1+2H+zbZfBrTf2g7r4o6ZF8HNX1iTQdO8bnRvFDWVzq8V1f2T2S6emhNraOt1pl/F5kulpCTblg5R4y4Avjr9sH9m74afD/wF8UvHPxR0zw/4B+J9nFqHgTxHPo/ii5t/ENnNZ22oRTW9rp+hXmo2oezu7acLqFnZvtlCsgcMiAH+cl/wXy/b/wDHn7Sf7d3xa+G2seM9TtPhF8GPGWq/Db4b+CYZb+DRJf8AhHbs6ZqHia5sIwsVzqev6jDNfC4vovPtbeaK1Tyki2v/ANBX0PeF/CvwT8IvDvHZricuwfHPijlOX8Q1sxr4PE4nHYz+2ZR+oZdh8VRwteOHw+FjVpYZU/a0oTqKVap8XMfdZXSwuCwlBzcY18VBVLtNt8/wxT6W0VtddXa6R+OX7KP7SvxB/Zi8d+APib8I/HOq+DPiF4W1uLV9Nk0y6vbaLUktdRlnfStXhgxa6jpOoQrLbXtjeB4ZYJXAVJQkqfc8BVfCvjPwpyjwn45qZdj8VxLRznD0cnxeBxNfEf7XjsdKjisHiVhalHC4qkoOtRrRrwnCVNKWjcZaYV4WthI4Wu4ydV1bQcW3ZylrF6JPS+jvttc/1of2U/2/PgP+0l4b+EOk6f42sbf4xfEH4WeFPiDqPw7GmeIlvtMGteG9N1y7jfUZtHj0VvIjvkchNTZiHChCwYL/AM+HiNwq+BuPuMeDnWWI/wBWeI83yVVla1WOX42rh4z0uvejBPR27XPh8RS9jXrUr39nUnC/+GTXS6+5/ee4+Av2ovgL8T/HnjP4Y+BPiJp/iHx18Pvtp8Y+H4NL8RWtxoY067exvTNdaho1pp9x5F1G0TfYby63Fd0e5CGb4sxM/wCHX7W/7O3xZ0L4heJvh58TdN8S6H8KrG91P4gahbaR4mtI/Ddjp1ne397cXEWpaHY3F2sFnp95MU02K9kZYGWNWdkRwCvoH7YP7N3ij4R+KfjvoPxR0zUfhN4JvF0/xR4yj0fxRFZ6TePcafarDLYXOhQazOTcarp8e6002eMG5UlgqSuoAmpfth/s26R8HNH/AGgNR+KOmWvwf1/WBoGkeNm0fxQ9ne6uZNQhFkmnxaE+txv5mlagnmTaXHD/AKMxMmGjLgHaxfH74QTr8IXi8a2br8eY55fhIRp+tD/hMo7XR01+drTOmA6f5ejypen+2RppKN5aqZwYqAPYaAPxv/4KH6P4b0z9uP8A4JV/FDxn4Wg1Hwb4Y+In7QnhfXvEs3hWTxFbaLq/i/4eeG/+EGstRlt9Nv5bJNS1nS75NKmuPKtYtTUMJYZZA7AH1L+3X8OvH/xL+Hvg/Tvhz8L/AIh/FC+tPEMl7daT8OvjzovwA1LT7N7DZHd3uv65iDVrVnxENLiHmRyfvjgCgD51/Ye+B3xo+Hfxmu9f8ffAD42fDPQ38E65p6eI/iD+2J4U+O2gyX9zqGiS2+mp4J0bF3DqFzHbzzW+uH9zYRW1xbPlr5BQBHqVmP2cv+Cqfxs+P3xIkv7L4U/Hz9jz4WaL4c8WGxv9Q0zR/FfwG8V/EO58WeEibK2uXttQ1DRPGGia7p9tsX+02lukty88DooB8Q/C34G+Lr7/AIJCfFT/AIJ/Xtn4j8O/tNftK/AX9rD9oDwR4JuNK1KL7FpPxF+JniTxpoXhTU9aWD+y9J1mW58R6T4dfQ7q6jvFW5m/dCCGR1APfZYbj9qT9oX/AIJB6n4A0vV4I/2adA+Jvxh+Mq3Wl3+lL4Dj1D4P6d8J9E8Ha217bW8aa3rXiHWNZaHSYmll8rwtd3LgRLC7gHpnwW8RabJ/wWr/AG14gNRRL79kz9lTw5YX02jaxDpWoa74Z8SfGTUPEGlWOry2KaXd3mkWmuaTPfQwXjtCt9BnO7bQB+x1AH//1v7+KACgAoAqX9hZ6pYXumajbRXmn6jaXNhfWk674bqzvIXt7m2mX+KKeCR4pF7oxHetaFerhq9HE4epKlXw9WnXo1YO06VWlNVKdSD6ShOMZRfRq402mmtGndPs/wAPz+4/zRv+CuX/AAQ3/aU/Y88a/Fn4o/C/wdqvxO/Zemn1jxhp/jbQkS6uvAuhXt1JeS6Z40styzWLaQZfso1BUktryNEmjKhvl/348Efpn+Hnix4b0OGuJM2w3DniTDKIZTXyfGuVOlnWNo0YUo4nKK2sKyxah7X2DcalJtwknZH22GzehisI6dSSp4j2fK4PRTkusX57pX021sj6D/4Iuf8ABC39oz4wfGr4QftFftFeB9R+FvwC8A6r4b+JWk2/iaNLfXfiXf6RcW2s+GbPSNL3PKmhTX0FnfX2o3GyKa0iNtGu6fNfNfSh+mnwBwn4bZvwBwBnOH4l45zzJ6/DuLqZc3PBcO0MXhnhMxrYrE6RljYUalWhRoU/ehVl7Rtclo55hnFClhXh6E/aV5wdN8vw001aV3p71tEr+eh/ofoiRIkcahI41VEReFVEAVVA4wFAAHHT0r/CiUnJuUm3KTcm3q227tt6Xbbvt9x8YOpAFABQAUAFABQAUAFABQAUAFAHlXwsvfiXeJ48/wCFlWdpZvbfEvxtaeCvskMcP2j4e2+tXMfg+6uPLkk8y6uNIW3knlfY8jksyKTtUA9VoAKACgAoAKACgAoAKACgAoAKAPx9/wCC0f8AwTg8S/8ABRf9mbw1o/wj8UWvgX9pj9n/AOI2hfG/9nPxhfTfZrCy8e+Gp4LlNH1G7w32Ky1lrSwcXhGy21DTdPlnxbLMVAPyHs/+Cx//AAW18C2uk/Afxl/wRx8d+LP2k9O8OXvhiPx7oVzcSfDfxFr8Js7DT/G8F5HvEPh64CyavqlrHc+U5MIhLQB3QA/Rv/giP/wTp+Ov7Jmh/tDftRftma9pniL9tf8Abc8ex/En40Lo0sdzpXg7T4Jb670DwNaXMW6Cd9KudY1W6uXtW+ywy3v2ODdDao1AH7v0AFABQAUAFABQAUAFABQAUAeW/HD4ReEvj98HPij8EPHdu1z4O+LHgPxT8P8AxHHGFMyaV4q0e70i5ubXdhVvLNbr7ZZuTiO6ghfjbQB/G78OviL/AMFqv+CIPw01j9ifw7+yL4h/bO+Afg/x3olz+zZ8ffhvanWrzSvhi/xC0jXvEvgLxLoryx/Zrm+8EjxB4d0M3JS40DUdRs5ws1tYJuAPr/8AY9/ZW/b6/wCCk/8AwUO+GX/BTb/gov8ACUfsw/Cb9mTSNWsf2UP2W7+5N74l/tvXra9t5/G3i+JzvtriO21Ga6klmCyXV4mmR2yG20wOwB/VrQAUAFABQAUAFABQAUAFABQAUAfwxf8ABdj/AIIa/tD+KP2i/Hf7XX7JvgW9+KnhP4sX0nin4h+A/Dgjm8X+GvGtyqNr2rWWms8b6ro+uXIm1aSS3DS2E0s8MilBE7f7R/Qp+mhwFlnAGS+FfijnVHhnM+F6MctyDO8w5o5VmOT021gsLWxCUlhcXgqfJhYxqLlrwjCcZOSnGP1+UZvQjh44XEzVOVNckJy+Fw+ym9k1tZrXyuz8Qv8Aglj/AMEYf2s/287jwPrVp4I1PwH+z9N4iv7fxX8X/EKpZaUdN0TxBcaf4k07wxGxabWPEEM1vdafHbRRiO3uwZJm8qGXb+mU/peeF3gj4L4TB1M5w2d8dwoZrUyvhXAt1sT9YxmLxVfL8RmTVo4TAzhUp4h1JNyqUtKfvSgjanmuGweCSc1OtzVHGlHV+9JuLlvaLWt/e9Ho4/6kXwz+H3h74T/DzwT8MvCVsLPwz4C8L6L4T0K1HPkaXodhBp9nH26QwLnjr6Yr/CniLPcfxPn2ccRZpVdbMc8zLGZpjar+3icbXnXqy6/am+v3nxtScqs51JO8pycpPzbuzuK8YgKACgAoAKACgBCqtjcAdp3LkA7WxjI9DgkZGDg/UMALQAUARSwQ3ChJ4YpkV0kCSxpIokjbdG4VwQHRgGRgNysMjBFAD9q7g21dwBUNgbgpxkA9QDxkA9h1xQAyOCCJpXihijed/MmeONEaaTaF3ysoBkfaAu5iW2gDgCgCWgAoA//X/v4oAKACgAoA/O7/AIK1/wDKNT9tT/sgnjT/ANJoq/UPBX/k7HAP/ZSYD/0tm+G/3il/jR9Hfsm/8mxfs/8A/ZIPh/8A+ozp1fK8af8AJXcS/wDY8zP/ANS6pnU/iVP8cv8A0pn0HXzJAUAFABQAUAFABQAUAFABQAUAFAHlXws0X4iaMnjwfEPXF1x9S+JfjbV/B5WSOT+y/Aeoa1c3HhTRj5ccWxtN0p4LYxuHdNmGlc5NAHqtABQAUAFABQAUAFABQAUAFABQAUAeVapd/EtPjL4RstNtLR/hNN4G8WXHim8eFDew+ModU0BPDEEM5kEiQS6bJrbTRrEyuyRlnUqoYA9VoAKACgAoAKACgAoAKACgAoAKACgDwn9pDQPi/wCJvhVPpPwL18eGfiI3j/4L6jDqxurayC+DNE+NHgDW/ipp3n3UU8IOt/CzTvGeiCIxmS5Ooi2geKeaORAD3agAoAKACgAoAKACgAoAKACgAoAKAGv9xv8Adb+VNbr1QH4mf8G8/wDyi0+DX/Y//H3/ANXZ45r9H8V/+SxxH/YryP8A9VODNa38R+kP/SIn7a1+bmQUAFABQAUAFABQAUAFABQAUAFABQAUAFAH/9D+/igAoAKACgD87v8AgrX/AMo1P21P+yCeNP8A0mir9Q8Ff+TscA/9lJgP/S2b4b/eKX+NH0d+yb/ybF+z/wD9kg+H/wD6jOnV8rxp/wAldxL/ANjzM/8A1LqmdT+JU/xy/wDSmfQdfMkBQAUAFABQAUAFABQAUAFABQAUAeRfCTwdqHg6P4hLqHi//hLj4j+KfjvxZZsLqS6/4R2w8Qa7dX9r4V/eSy+QdBilFh9mTy44fK2JEgGKAPXaACgAoAKACgAoAKACgAoAKACgAoA8q1XRfiJN8ZPCGv6frqwfC+x8DeLNN8S+HPMjDah4tvtU0Gbw5qgiMZlYWGn22swF1lVF+1gMrEqVAPVaACgAoAKACgAoAKACgAoAKACgAoA+e/2ofh9rHxQ+ENx4Q0Lx/B8MtRk+I/wK8Rr4tudRudLijsvAvx0+G/jnVfDv2y0ntpxJ430rw5e+CILYSiK/n8RR2FxHNb3MsMoB9CUAFADd6FzGHUyKoYpuG8KTgMV6hSQQCRgkYGcUrq9rq+9uvr3/AK8xXV7XV7XtfW3e29vl94oIYBlIYHkEEEEeoI4NNO+q1XkNNNXTuns1qhaACgAoAKACgAoAKACgBr/cb/db+VNbr1QH4mf8G8//ACi0+DX/AGP/AMff/V2eOa/R/Ff/AJLHEf8AYryP/wBVODNa38R+kP8A0iJ+2tfm5kFABQAUAFABQAUAFABQAUAFABQAUAFABQB//9H+/igAoAKACgD87v8AgrX/AMo1P21P+yCeNP8A0mir9Q8Ff+TscA/9lJgP/S2b4b/eKX+NH0d+yb/ybF+z/wD9kg+H/wD6jOnV8rxp/wAldxL/ANjzM/8A1LqmdT+JU/xy/wDSmfQdfMkBQAUAFABQAUAFABQAUAFABQAUAeL/AAZ8LeEfC8fxKHhLxSfFC678XPiF4k8QMZI5P7C8U614gu73XfDY8tm2DRb6SWyEb7XQR4ZQRQB7HcQRXUE1tOpeG4ikgmQO8ZaKZGjkUPGVkQlGIDoyuvVSGANKUVOMoyV4yTi1dq6as1dWa0e6d10sTOEakJ05q8JxlCSu1eMlaSvFqSum9U01umtz8Ev2WdO+DN9+1P8At9eFvjV4uv5NC8D/ABqk0r4e6N4o+J3jWxtNA0Qi8muLLRoovEtswtUkIUq7TFVREDjaA3878JUsjqcX+IuEz3G1Hh8BnvsstoYvNsfThhqDUpSp0IrFQ9xN23k1Zb68v8feH1Hhet4heMWXcU5lWeDynil4fJcLmGfZrSpYPCP2sqlLCxWPp2pJ2Tu52SSXU/Tj9k7QPhQunfETx58EvFeteIPh14z8catYWFjqGv6x4i0nSdW8CXMvgnXT4Zvda1DUbpdH1HUtEnvo0WcxNJNJMuRJhf1Xg7DZP7PM8xyHGV8TlmOx9alTp1MTXxNChWy+TwGI+qzr1asvY1atCVRWlZuV1v73714dYPh1Uc7zfhTMcXjckzPNsTRo0a+MxWOw2GxOUTllWL+oVcXVrVFhq1fCzqxSlyuUnJXveX11X2h+khQAUAFABQAUAFABQAUAeQ6v4Nv7z43eDPHcfjD7Jpuh+APGPh648D/apF/tq61rVvDt3b+IPsYlEUv9jx6bLaee0LvF/aOxZEEjK4B69QB+If7V1p4P07/gp9+zfoHjLxJrOifDfxv8GfGOu+NNEk8deKdC8M6xr1hq+tWum397bWGt2UEVzHEkUUYtvIjYQRZjcqzN+C8YU8FT8V+FsPjcVXw+V4/JMdXx2HlmGLw+ErYilWrRpVakaeIpxU1FKK5XBe6tG/i/lHxEp5ZQ8fOBsHmeOxWEyPNuGMzxea4WWb5hhMBisZRxOKhQr1adLF0oRqRShGPI6afJFW0fN9k/Cnwh+zhqv7QIv/gV4x1Nte+F/hEv420XRvG3ifxL4U1Ky8fXE0GkQarbazrep2set6a3hqa8tniRZI7PURn/AF2V+3yjBcMVuJPacP42q8RlOCvj6FDH4vFYOrDMZONCNaFbEVYKvS+qucbJtQqa2u+b9P4dyzgjEcZe24RzOu8ZkGW3zbC4XNcwx2XV6WcznDDQxNPFYrEUo4ug8BOrTcPeVOvrbmvL7zr9DP18KACgAoAKACgAoAKACgD5r/a18F+APiB8Fbnwz8TfHQ+HHhJ/ih+z5rkniphCQniLwj+0F8L/ABd4H8P/AL9kjz408caH4d8GD5g4PiAGHM2xWAPpSgD82/8Agoh+0P8AED4YwfAX4G/B/Ux4e+KH7UPxLi8AaZ4vEKXM3g3wvp/9nz+LdfsbZ8h9WhsNRj/sx3RokeO5cgsiivy7xL4lzLKo8O8P5JV+rZtxZmqy6ljUlKWBwlP2csZiacXde2jTqL2V1a6k+iUvw3xq41znIY8H8JcNV/qWf8f56smoZkoxqTyvL6PsZZljaVOSs8RCjWj7ByvBOM20mlzen6l+xx8DdD+Hd3peseI/GWiay2lG2vPi5qPxP8T2XiqHV3t9v9vyane65DoyXQnDTrbtYJZld8YhQEvXrVeCMgw+WTo1sVjsPX9jyTzqrm2Lp4yNZxt9Y9tUrqgp8yclH2ahurRuz36/hjwlhMkqYfE47M8Jinh/Z1OJK+f4+nmEcS4NfW3Xq4uGGVTnvNU3TjSavFQSvI9Y/Ze0Gbwf8Bvhn4HvfHem/EnVfBHhbSvC2reMNM1uHxAmtX2k20ds97c6lFcXJmvLhVSa4MsplLuS2c7q9jhLDSwPD2VZfUzCnmlbAYSjhK2NpYiOJVepRgouc6qlNynJWlLmfNd3e59FwBg5ZZwfkOU1c3oZ5iMqy/D5fiMzoYuGNWLrYamqcq068J1OarUSU5803Jt3dz32voz7EKACgAoAKACgAoAKAGv9xv8Adb+VNbr1QH4mf8G8/wDyi0+DX/Y//H3/ANXZ45r9H8V/+SxxH/YryP8A9VODNa38R+kP/SIn7S6rpdjrWnXmk6lC1xYX8D213Ck9xbNJDIMOgntZYLiIkfxwzRuOzCvzOtSp16U6NVOVOpFxnFSlBuL3XNBxlG/eLT7dTkxGHpYuhVw1eLnRrQcKkFOdNyi90p05RnG/eMovz0938VP+CVPjfwLpPhP9om4+IvxNh/4SK0/aB8f+FNM/4Tz4jXc9/aeD9O+wxadpthba/rbGCxhbzjHNDEJTIZD9oP3V/CfCDHZfRwXEssyzZfWocSZjg6X9o5pOVSGCpezjSpU4YnELlpr3rSjG929tj+WPo85rlOHy3jaed59F42lxnnWW0P7YzypOtTyyh7KFChRp4zFS5KMfe5ZRhzczl77v7ux+wguja/8At5/t6/2Z4n1fxR4U8Daz4CX4eQN4113xD4c0G38QW+vzawNEgl1i804x3csaI+5bgRiGNYjFsNbeHvsMR4h+InssXWxeDwFfL/7Nj9exGIwuHjiY4iVf2EXWqUmpyVm/eS5Vy23OrwiWFxni94wewzDE5hl2U4rKFksHmmMxuBwcMZDFzxSwkJ4qrQaqSik3aduVJcrR+0dfuh/UYUAFABQAUAFABQAUAFABQAUAFAH/0v7+KACgAoAKAPzu/wCCtf8AyjU/bU/7IJ40/wDSaKv1DwV/5OxwD/2UmA/9LZvhv94pf40fR37Jv/JsX7P/AP2SD4f/APqM6dXyvGn/ACV3Ev8A2PMz/wDUuqZ1P4lT/HL/ANKZ9B18yQFABQAUAFABQAUAFABQAUAFABQB4p8Frf4aW8fxMHw1uLu4SX4v/ESfxt9reR/K+IcviG7bxhBb+YibbWLV/tCwIm6NUACMQNzAHs1xPFawTXM7iOC3iknmkIJEcUKNJI5CgsQqKWIUEnHAJ4pSkoRlOTtGKcpPsoq7fyRM5xpwnUm+WFOMpzlq7RiuaTsrt2Sb0V+1z8GP2QvHnwQ0X9q//goLr/xWtNMt9J8YfG19X8Dav4w8Bare2mu6PELyG4vdCub3w/dLLaeaAWaIhXDI4BDAr/PHBmY5BQ4x8SMTnEKUaONz32uArY3L61SGIoR54yqYeU8NJODa3ja90+to/wAgeG2ccJ4XxF8ZsZxFSoQw2Z8VPEZTiczyfE1qWMw0VVjUq4SpVwVRSpcy15bJ3T1upR/SH9mf4r/CfxN4t+Ifwx+Anhe6s/ht4Lmm8Wan4nXQtS8P+HL/AMbfEXxHr2va1o3hS2vdP0+G5srFm+33UlnCtravqUNnFkwvX6hwrnGTYrGZllPDuEnDK8DKWMq4tYerhsLUx+Z4rE4ivQwcKlOmpQpv95NwXJB1Y01blkj9x4D4i4cx+ZZ1kPB+X1KWR5XOeY18esHXwWCrZrneOxmMxWGy6nVo0I1KVFv2tSVKEadN14Uor3ZH2XX3B+oBQAUAFABQAUAFABQAUAeL6z4W8IXXx78DeMLvxS1r440n4c+NtE0Xwf5qBdW8P6rrPhm61jWzEWEjHSrux061DqpVft2GIJWgD2igD8T/ANpTVvCOq/8ABWD9lqTXNLfW/C/h74OeMfDfiS9vfC2o6x4b0rxDqer65caZpupXUmmXOmR3k0flyRb3IUTRHeN2F/COKa2CreMPCLxFJ18Jhclx2GxVSeEq18LRxNWtWlRpVZulOkpyVmt7cyu1e0f5W46xOW4n6RXh88Xh3i8BgeGc0wOOq1cvr4nA4fG18Ti50MPXm8PUoKrONpQu/txfMrrm/W3w18LPh94S8U63418J+F9G8O614m0XRtE1mXQ9Os9KttQsdDutUvdMkuLSyggiku4n1i7Q3ThpXg8mEtshQV+y4XKMtwWLxGOweEoYWviqFChXeHpQowqww86s6TlCEYpzTrzXO9XHlTtZc39H4Dh7JctzDFZrl2X4XBYrH4XC4TFSwlCnh6dalhKmIq0JTp0oQjKpF4monUa5nDki21FKPodeke0FABQAUAFABQAUAFABQB81ftbW/wAHLr4KXMPx5udXtPhwfih+z3JNNoTzJqI8awftB/C+f4URBreOWT7FcfFePwVb6qNmxtKlvFmZIWd0APpWgD8xP+CjfwC+JPju8/Zx/aG+DuhyeLfHn7LnxLl8Z3Hgi1dIdR8X+DdZj0+38T2GkyOcSavbWemn+z7X5fPN5P8AN8gFflHidw7muYT4Y4lySg8ZmPCWavHSwELKrjcDXVKOLpUW960IUr0oXjzOctdEfgnjfwdnmb1eB+NOGcJLMc44Az6WaTyunJRr5lleJVGGPo4ZvSWJp06F6FPTndSd/hSl13xg/ah+AXxb/Zq+KemNfSz+IPEvwt8ZaXafDzxD4Q1seKrfxXqnhXVbPTNHk0O70qRotXTVJ47e3ljJEU+2SOdflLdud8W8OZzwtm9L2jlicVlOOowy3E4Kv9bjjK2DrQpUHh5UpctZVXyxaekveUne0fS4m4/4O4j4F4hw7qynjcdw/meHp5Ljctxf9oQzHE5diKWHwssJUw83HErETUIST0m01NfEdD/wTW+G2r/Cn9i74H+E/EnhKXwX4oh8LQ3niLRrywSw1RNTvJZJpJtVjUeY99JG0fmPOzSgBUJAXDdPhbldbKOBcgweKwbwOLWDjUxVCVNU6qrTbblWW7qNNXcrvppax2+BeRYjh3wu4Ty7G5dLK8fHL4VcbhalGNHELEVW5yliIpJurJNNud5W0bdko/dlfoJ+uBQAUAFABQAUAFABQA1/uN/ut/Kmt16oD8TP+Def/lFp8Gv+x/8Aj7/6uzxzX6P4r/8AJY4j/sV5H/6qcGa1v4j9If8ApET9pdV1Sw0TTrzVtUuFtNO0+B7m8uXSSRYIIxl5CkKSSsFHZEZvRTnFfmdWrToU51qslCnTi5Tm7tRit27JvTyX3aHJiMRRwtGriK81To0YOdSbUmowW7ainJ28lf0PxF/4JQeE/hZ4p8I/tGp46+HXh7U/EUv7Q3xB8S2DeO/h3BLqk3hK/wDsM1hqNnceItCaWTTJiZTEsMzKHEoEe7c1fgvg9g8oxeC4mWYZZhquKfEuZYqDzDLE6rwdT2cqdSE8Vh+Z0n7zSi7Xva12fyl9HbLuH8wy3jiOb5Jgq+OlxrnWPpPN8ljLETy2t7KdGvSnjsGpTw8ry5eSVubmslubX7BOoeEdG/b6/b+sdA0g+G/DnizWvAB8Bx2nhW/8P+Htag0G38QQawNAK6XZ6Y8dlMytMISinzUdd2+t/Dyrg6PiN4jU8PQeFwuMr5d/ZyhhKmHw1eOHjiI1/q1qNOk4wlrKzS96+t/e6/B+vluF8YfGOjgsK8DgcxxeT/2QqWXVsFgsVHBwxkMV9Tth6VBxpSacuXlXvJpu6Z+2Ffu5/VAUAFABQAUAFABQAUAFABQAUAFAH//T/v4oAKACgAoA/O7/AIK1/wDKNT9tT/sgnjT/ANJoq/UPBX/k7HAP/ZSYD/0tm+G/3il/jR9Hfsm/8mxfs/8A/ZIPh/8A+ozp1fK8af8AJXcS/wDY8zP/ANS6pnU/iVP8cv8A0pn0HXzJAUAFABQAUAFABQAUAFABQAUAfC37bP8AwUD+B37DXhrTNR+JFze634t8RRzyeF/APh4wya/q8MG5JL6UzOIdO0xZl8k311tiaYGNNzKRX5/x34j5BwBhaVTNJVMRjMUpPCZdhuV4mtGOjqSvpSpKXu+1npzaJSaaPyTxV8ZeE/CbA4etnk62LzLGxnLL8nwXJLGYmMNJVZc7UaFBSXL7ao+VyXKrtH5Y/s4/8F4f2Ybzxtd+FfFXwb174L6J448W6lr2oeL4L611nSh4i8SX73Wpaz4jghla6hfUL6cz3l3bJ9mt98khQRrX5dkX0keHswx9PCZtlWLymhWmoQxrqU69GlzOyeIjD31HVXnH3Yat6H4Xwt9M3hHNs1o4DP8AIcwyDC4mqqVPM3VpYrD0Od8sXioU5upCF3HmqQUoQSlKTSVj+ifStV07XNM0/WdIvLfUdK1Szt7/AE6/tJUntryzuolmt7iCZCUkilidXR1JBU5BPWv6No1qWIpU69GcatGtCNWlUg7wnTmuaEotNpxlFppp6rXS5/ZOHxFDF0KOKw1WFbD4inCtRq05KVOpSqR5oThJaSjKLTTW6+RoVobBQAUAFABQAUAFABQAUAFAHmPxi+MPw9+Avw78R/FP4o+ILbw14M8LWn2rU9RuMu7M7bLeysrdf3t5f3kpWG0tIQ0s0jYAADMvlZ3neW8PZZis3zbEwwuBwkOerVlu29I04RWs6k5WjCC1kzwOJ+Jsl4PyTHcQ8QYyngcry+n7SvXnu23aFKlDV1a1SXu06cVzSltezP5wfE//AAcB/s1v+0V4Z8UW/wACPiHqM2g+GfE/hfRPEDa9pVrdT+FdX1XRJ9bvhorZiy91punT28c8yXSQh4thdiV/n+p9I/K+eriKHDmPq5TQxNLC1MW8RQhWcq0akoTjRfRxpTlZvmSVtWz+Sav0y8j9riMZheDs2r8P4XG0cFVx8sVhaeJc66qyp1IYZz+GcKM5qM5RklHlerP6Dv2bP2lvhR+1b8MNJ+K/wh15dZ8PaizW15azJ9n1bQtVhVTdaRrNixMlnf2xdd0b8OjJKmUdS37nwvxTk/F+VUc4yXEe3w1VuM4SXLWw9WPx0a9N6wqRurp2urNaO8v6k4G464d8Q8gw/EXDWLWJwVZuFWnNcmIwmIil7TDYqldulWp3V4vdNSV4tOXv1fRH2IUAFABQAUAFABQAUAFABQAySSOKN5ZXSOKJGkkkkYJHHGg3O7u2FREUFmZjhQMnAFJtJNtpJJttuySWrbb0SS3b/QUpKKcpNRjFOUpSaSikrttvRJLVt6Jas/nL/wCCgH/Bcz9kT4cNrfwrf4S6r+0f4e0Dx58O0126tb+203wmfFvh34meE9T8JXmmXLTwXOpSeGPHen6DrsF3CRZvcaRGSJYwY5fw3NfHPIqOe1chyTB1c4rYejmNWtjI1IUsF/wmYHFY6vTpTfvVW6eFqQhOK5HNx1abZ/Lme/Sk4Ww3FNfhThnLq/EOJwdDOa+KzKNaFDLU8kyvG5ri6OHqS/eV5SpYCtSp1IxlTdRxV0r8v6L/ALC//BTb4E/typqOh+FI9R8EfEnRbRb/AFL4f+JpbU6jcWAKpLqWi3du7W+qWcMrKlwIT51r5kXnId4K/SeH/irw/wAfqrh8IqmAzShD2lXLsVKHtJU9nVoTjaNaEXZSUbyhzRcmuZI+08JfHnhHxZVfCZfGvlOe4Wkq1fJsfKm606OkZV8LUhJ069KMmlNR9+HNHmSvc/SCv08/cCD7Lbef9q+zwfatnl/afJj8/wAsHIj87b5mzJJ27tuTnA/inkjzc/LHntbmsua3a+9vIj2dPn9pyQ9pbl5+Vc/L25rXt5X+XUnqiwoAKACgAoAKACgAoAKAPzM/bq/4Kj/Af9h64tfCfiK31Tx78T9SsF1G38CeGZbZLnTrGcf6Ne69f3JFtpkdwD5tvBIWubmEGSJApDN+WcfeLXD3ANSng8TCtmObVYRqxy/CuKlSpya5amIqz9ykpJ80Iv3pR1ifhHi14/8ACHhRUpZdjYYjOM/r0lXhlGAlTVShRl/Dq4ytU/d0Y1FrTg2p1IptW0cvw0/4N+P+CrnwH8H/ALL3wl/ZY+Junax4F1mXxx8TDoPje+ltp/Cuo3/jL4neI9ZsNLvHiP2jS5lk1RbIXVyFtZJggDLv+X9A8WvGHh7B+L+L4SzWlXy+vLKeFfq+PqSg8HUqY7h/Lq9OjUavKi06qp880oN8tt/czxv0iOEMs8Rqvh9n1DE5RiZ08peDzarKnPLq9bNMDhcTRw1Vp8+GmnXVL2lRKlKVlzLmP6/EdJESSNleORVdHUgq6ONyspHBVgQQRwQcjrXpJppNO6aumuqezP3pNSSkmmmk01s09U1vo15/eOpjCgAoAKACgAoA+YPjN8dPFHw5+Mf7PXwu0HwSniK3+MmreMYNQ1h9YsdPbSrXwho1tqFzDBb3RBkmf+0bW6MrEI0MElvDumf5flM84gxeWZ3w3lOHwCxUc8rY6NSu68KXsYYKhCpNRjK95fvYTu0k4xcU+ZnwPFHF2PyPifgvh/B5UsdDijE5pCtiXiaVB4anlmFp1qkYQqayk/bwm3bWMHCN5SPVPiZ8V/C3wm0qw1jxXDr0lrqN2bKBdA0LUNfuFnWLzW86306KWSKILwJXAQtwDnivWzXOMJk9GnWxkcQ4VZ+zisNh6mIlzJX1jSUmlbq1Z+dvd+gz7iPL+HMPRxWYxxkqdeo6UFg8JWxk+dR5nzQownKKt9pq2jOS+G/7Rfw9+KniGTwz4Xt/GEWpR6dc6oza74P1vQrL7Lay20MoF7qEEcBnL3UXlwBvMkXzGUEI+3jyvibLc3xLwuEhjo1VSnVviMFXoU+WDhFpTqRjHmvNWje7V2rW97zci44yXiLGvAZfDM4140KmIbxmW4rCUvZ05QjJKrWpQg53qRtC92rtJ8rcfHdX8Va58VP2ufGfwPXX9b8O+DvhZ8FPDHiy+XQbw6ffan4x+JOr+IbTTdSkufLcunhnTPDsU2mxAND9vvrprmOZFRK8StjMRm/GWPyBYjEYbA5RkWExlT6tP2dSrjs0rYqFKq5Wd1haOFjKkvh9pUnzqWiPmsTmOL4h8SM04TWMxeCyzh/hbL8xrLB1PY1sRmeeYnG06FeVSzusBh8EpUIr3fbVqjqKaSidb+xX8W/Evxp/Z88L+MPGMiXPiqx1jxj4K1+/jiEKarqngPxVqvhO61YQr8sX9pSaSbwonyKZiF4Ars4EznFZ7w3hMbjWp4unXxuBxFRLlVarl+MrYOda3T2ro89lp72mlj0vCziTHcU8GZfmeZyjUzCliszyrGVox5Y4jEZPmGIy2piVHVR9vLDuq0nZOVlex9W19gfoYUAFAH//1P7+KAPFfjtcfHm38IWr/s86f4E1LxqdatVvIPiDeX1loq6Ebe6N3JDLYRyzG+FyLMRIQEMbSk8gV4XEEuIY4KD4bp5fVx3t4qccynUhQ+r8s+dxdP3vaKXJZbWufLcXT4vp5bTlwXQyjEZr9apqrDOatWjhfqjhU9pKEqSlL2yqKlypq3K5bu3L8if2r/wVN/6FP9lz/wAKHxP/APIlfG+28Wv+gPhL/wAKMWfm31n6QP8A0K+Af/C7G/8AysP7V/4Km/8AQp/suf8AhQ+J/wD5Eo9t4tf9AfCX/hRiw+s/SB/6FfAP/hdjf/lZ8V/8FGtQ/wCChE37C37UsXxc8Ofs/Wfwzk+D/ihfG114S1rX7nxLBoBgT7bJotvd2yW01+q48lJnVCepHFffeFtfxvj4icHyyTAcEVM2WeYR5fDG4rGwwksTzP2axE4KUo02/icU2a0MT9IP21PlyvgDm5lbmx2OtfztTv8A16nt37Oup/8ABStPgL8HF8JeF/2bZvC6/DXwavh+XV9e8Rx6pJo40KyGnvqEcNqYku2tvLadIyVWQsATjNfP8UVvGR8SZ68bguDo4x5tj/rMaOJxkqSr/WantVTk1FuCndRbSurd2RPE/SC553yzgC/NK9sdjrXv0vTuezf2r/wVN/6FP9lz/wAKHxP/APIleD7bxa/6A+Ev/CjFk/WfpA/9CvgH/wALsb/8rD+1f+Cpv/Qp/suf+FD4n/8AkSj23i1/0B8Jf+FGLD6z9IH/AKFfAP8A4XY3/wCVh/av/BU3/oU/2XP/AAofE/8A8iUe28Wv+gPhL/woxYfWfpA/9CvgH/wuxv8A8rD+1f8Agqb/ANCn+y5/4UPif/5Eo9t4tf8AQHwl/wCFGLD6z9IH/oV8A/8Ahdjf/lYf2r/wVN/6FP8AZc/8KHxP/wDIlHtvFr/oD4S/8KMWH1n6QP8A0K+Af/C7G/8AysP7V/4Km/8AQp/suf8AhQ+J/wD5Eo9t4tf9AfCX/hRiw+s/SB/6FfAP/hdjf/lYf2r/AMFTf+hT/Zc/8KHxP/8AIlHtvFr/AKA+Ev8AwoxYfWfpA/8AQr4B/wDC7G//ACsP7V/4Km/9Cn+y5/4UPif/AORKPbeLX/QHwl/4UYsPrP0gf+hXwD/4XY3/AOVh/av/AAVN/wChT/Zc/wDCh8T/APyJR7bxa/6A+Ev/AAoxYfWfpA/9CvgH/wALsb/8rD+1f+Cpv/Qp/suf+FD4n/8AkSj23i1/0B8Jf+FGLD6z9IH/AKFfAP8A4XY3/wCVh/av/BU3/oU/2XP/AAofE/8A8iUe28Wv+gPhL/woxYfWfpA/9CvgH/wuxv8A8rP5PP8AgrteftC3f7YWvf8ADR9p4fsfFsPhHwfHo9p4QuLy78JReHjo1u8B0Ke+VZnSS7e7k1L5VVdWa9XqCF/j3xmqcST41xP+s8MNTxkcHglQhgpTng44b2EXH6vKp7zTm5urtas5rV3Z/nZ9JCrxpV8TMb/rvSwdHMo5dliw1LLalWplscF9Vg4fVJ1UpPmqOpKvZaYh1FrY/L+vyg/BD+zf/gn1q3/BSk/sf/BEeDfD3wSv/B6eFIY/Cl38Q9Z8Q2viqbw4k8q6M2oQwW8kaxiwEAtCHZmtREzYJIr+4fDet4o/6lZD9Rw+Q1MEsIlg55lWxMcW8KpNUPaKOlvZ8vJs3Cze95f6f+DOJ8dP+IacKf2ZgeFa+WLLorLquc4vGU8wngVOSwrrQjGSS9ioqm+Z3p8r0vY+zP7V/wCCpv8A0Kf7Ln/hQ+J//kSvuPbeLX/QHwl/4UYs/T/rP0gf+hXwD/4XY3/5WH9q/wDBU3/oU/2XP/Ch8T//ACJR7bxa/wCgPhL/AMKMWH1n6QP/AEK+Af8Awuxv/wArD+1f+Cpv/Qp/suf+FD4n/wDkSj23i1/0B8Jf+FGLD6z9IH/oV8A/+F2N/wDlYf2r/wAFTf8AoU/2XP8AwofE/wD8iUe28Wv+gPhL/wAKMWH1n6QP/Qr4B/8AC7G//Kw/tX/gqb/0Kf7Ln/hQ+J//AJEo9t4tf9AfCX/hRiw+s/SB/wChXwD/AOF2N/8AlYf2r/wVN/6FP9lz/wAKHxP/APIlHtvFr/oD4S/8KMWH1n6QP/Qr4B/8Lsb/APKw/tX/AIKm/wDQp/suf+FD4n/+RKPbeLX/AEB8Jf8AhRiw+s/SB/6FfAP/AIXY3/5WH9q/8FTf+hT/AGXP/Ch8T/8AyJR7bxa/6A+Ev/CjFh9Z+kD/ANCvgH/wuxv/AMrD+1f+Cpv/AEKf7Ln/AIUPif8A+RKPbeLX/QHwl/4UYsPrP0gf+hXwD/4XY3/5WH9q/wDBU3/oU/2XP/Ch8T//ACJR7bxa/wCgPhL/AMKMWH1n6QP/AEK+Af8Awuxv/wArPxr/AOC0+pft0zfAP4fQfHrSPhlpXw5k8fubh/hhqes3xm11NLf+yI/EAvooo0txC2otY/eDzCfcAVQ1+IeOlXj98PZZHiGjlVLLHmT5nlNWvPmxCov2KxPtNOSzqunrrLm3sfzD9KXEeLU+EMlhxhhMiw2RyzmTnLIcRia3NjFh39WWMVSMYqHK67o3dnPn2ajzfy23F1o6+KdMtJrctrsukalNZXWw/utPjuLNbyHzN20ebM9s2wqSfLyGGCG/manSxjyvE1YVLYGGMw0K9LmXvYmVOu6E+W13ywjVV1Ky5tU7pn8UUaGYyyLHYinWtldPMMFTxNDmXv4ypRxLw1Tktd8lONaPMmkuazTveP8ARZ/wQ91D9sa3tfjzB+zhpngDVPC32jwhLryfEu/1Ww0eDX2j1RVbQ20+KVZNSk09LUaorgFLZNNOfmAr998BKvG0Y8Qx4Yo5dWwfNgpYn+1alWnQjiWqyTw/sr3qumoe2vy2gqW97H9YfRQr+JtOHF8OB8Nk+Jy/nyyWMWe169HDQxjjiUnhHRjJSryoqCxF9qcaG948v79f2r/wVN/6FP8AZc/8KHxP/wDIlf0X7bxa/wCgPhL/AMKMWf2L9Z+kD/0K+Af/AAuxv/ysP7V/4Km/9Cn+y5/4UPif/wCRKPbeLX/QHwl/4UYsPrP0gf8AoV8A/wDhdjf/AJWH9q/8FTf+hT/Zc/8ACh8T/wDyJR7bxa/6A+Ev/CjFh9Z+kD/0K+Af/C7G/wDysP7V/wCCpv8A0Kf7Ln/hQ+J//kSj23i1/wBAfCX/AIUYsPrP0gf+hXwD/wCF2N/+Vh/av/BU3/oU/wBlz/wofE//AMiUe28Wv+gPhL/woxYfWfpA/wDQr4B/8Lsb/wDKw/tX/gqb/wBCn+y5/wCFD4n/APkSj23i1/0B8Jf+FGLD6z9IH/oV8A/+F2N/+Vh/av8AwVN/6FP9lz/wofE//wAiUe28Wv8AoD4S/wDCjFh9Z+kD/wBCvgH/AMLsb/8AKw/tX/gqb/0Kf7Ln/hQ+J/8A5Eo9t4tf9AfCX/hRiw+s/SB/6FfAP/hdjf8A5WH9q/8ABU3/AKFP9lz/AMKHxP8A/IlHtvFr/oD4S/8ACjFh9Z+kD/0K+Af/AAuxv/ysP7V/4Km/9Cn+y5/4UPif/wCRKPbeLX/QHwl/4UYsPrP0gf8AoV8A/wDhdjf/AJWeK/tIav8A8FRk+APxme78M/s/21gvw18YnU7jwhrniObxRBpP9h3v9qzaDFLaqj6nFp32p7QEhvMAKfOFrweKK3iyuHM8c8Lw5CmsrxrqzwVfFPFxo+wn7aWHT0dVUudw89tUfLccYrx/XBvFDqZfwfSorIsz9vUy3GYyePhh/qlX6xPBwcEpYiND2jpq9+bazsfwj+MdWtNH0ufUdasJtUi/tjQrWe1FsLuZr3U/EWm6ba3LwyK+TZaheQX0spXdbrbtcAq8Qdf4XyvC4nG472GHxCw1d4bMazrTquj7mGwGKxOIpuacXzV6FKrQUb/vJVFTd1JqX+WmRYDG5nmf1XB4tYHFPB5xiHiKtaWHtSwWVY7G4ui6icZc2Kw2Hr4VU7/vp1lRldTal99/8E57r4zWv7ZHwWk+AcNjc/Eptb1KPS7bV5bmDQbixbQ9SOrx6/Laq0kek/YFmeVirBbhLYqPNEe76nwznnkON8ifDsacs1eIqKjCtKccNKm8PV9ssS4aqj7Pmcr2XMo21spfd+CdTien4ncLS4PhSqZ68XXjh6eJlUhhJ0nhK/1mOMlTTksN7FTc3b4owatJRP7J/wC1f+Cpv/Qp/suf+FD4n/8AkSv7d9t4tf8AQHwl/wCFGLP9OfrP0gf+hXwD/wCF2N/+Vh/av/BU3/oU/wBlz/wofE//AMiUe28Wv+gPhL/woxYfWfpA/wDQr4B/8Lsb/wDKw/tX/gqb/wBCn+y5/wCFD4n/APkSj23i1/0B8Jf+FGLD6z9IH/oV8A/+F2N/+Vh/av8AwVN/6FP9lz/wofE//wAiUe28Wv8AoD4S/wDCjFh9Z+kD/wBCvgH/AMLsb/8AKw/tX/gqb/0Kf7Ln/hQ+J/8A5Eo9t4tf9AfCX/hRiw+s/SB/6FfAP/hdjf8A5WH9q/8ABU3/AKFP9lz/AMKHxP8A/IlHtvFr/oD4S/8ACjFh9Z+kD/0K+Af/AAuxv/ysP7V/4Km/9Cn+y5/4UPif/wCRKPbeLX/QHwl/4UYsPrP0gf8AoV8A/wDhdjf/AJWH9q/8FTf+hT/Zc/8ACh8T/wDyJR7bxa/6A+Ev/CjFh9Z+kD/0K+Af/C7G/wDysP7V/wCCpv8A0Kf7Ln/hQ+J//kSj23i1/wBAfCX/AIUYsPrP0gf+hXwD/wCF2N/+Vh/av/BU3/oU/wBlz/wofE//AMiUe28Wv+gPhL/woxYfWfpA/wDQr4B/8Lsb/wDKw/tX/gqb/wBCn+y5/wCFD4n/APkSj23i1/0B8Jf+FGLD6z9IH/oV8A/+F2N/+Vn8Yn/BQO7+L15+2D8dpfjrFZ2/xIXxtqUes22mS3M+i29tGVXS4dBmugs8mhppotl0mRlUvYiFgOc1/DniLPOp8bcQPP4wjmv9oVFXjRcnQjFW9isO5+88OqXJ7FveFn1P8vvGOpxLU8S+LpcWxpwzz+1q8cVChKcsLCC/3eODlUtOWEjQ5Fhm1rS5XpdH5sfABfDkPw28Pf8ACD3GqzaSt5qr2U1+nk6kL7+2LtrobYslWjv/ADRA0Z5URlM8V9z9IapxfU8VM3nxrQy3DcQLLuHFKnk9WVXBLBRyLALK506jtP2s8CsPOspLmjWc07NI7fGufE8/EbNZ8VUsDh87+rZNzQyupKphlh45Xg1l8qU9Je0lhfYyqJrmjVclo0j+534P+J/+C2H/AAqv4d/2T8Pf2fr7S/8AhDfD39nXninxLbW/iO5sf7Mt/ss+twSzLJDqckGxryNxuWYsDkjLfuWS4rx3/sjLPY5bw3Oj9Rw3sp4vFwhip0/ZQ5JYiMryjVcbOaevNvbY/ubhrH/Sp/1eyT6tkvBtXD/2ZgvYVcwx1OnjqlL2EPZzxcJVOaNeUbOonqpb7Ho//CT/APBcD/omX7MH/hV2X/x+vT+tePn/AEK+E/8AwtpnufX/AKV//Qh4B/8ADjR/+WB/wk//AAXA/wCiZfswf+FXZf8Ax+j614+f9CvhP/wtph9f+lf/ANCHgH/w40f/AJYH/CT/APBcD/omX7MH/hV2X/x+j614+f8AQr4T/wDC2mH1/wClf/0IeAf/AA40f/lgf8JP/wAFwP8AomX7MH/hV2X/AMfo+tePn/Qr4T/8LaYfX/pX/wDQh4B/8ONH/wCWHrPwL1//AIKwXfxY8G2/x88BfAHSvhDLfXg8bah4U8RW154htrAaVftZvpltHKzyzNq66fHIqqcW7zMcBSa9nh/EeMU84wMeIsv4co5K6k/r9TB4qE8TGn7GpyOlFauTreyT/utt6Jn0fCWM+kVU4iyuHGGUcHYfhqVaos1rZdjadXG06P1es6ToU4zcpSeJ9imkvgc3pY/Uqv1s/oE+Zfjh8GvGHj34mfs+fE3wVq/h2w1L4NeJfFt3qGn+JY9Ra01bQfGmhWujaktnJpscsseqWJsba5slmVbaZi8c0iIS1fK59keNzHNeG82wNbDU6uR4rGzqUsUqvJWw+Pw8KFXkdK7VWn7OE6fN7j1TtufBcWcL5lnGfcGZ9leJwVGvwvjsyqVqOOVd08RhM0wlLDV1SlQUnHEUvYwnS51ySd4ysnePpvxL+Gi/E3SdP0ubxx8QvAxsLo3Z1D4c+IYfDmo3bNF5Zt7y5uNO1MTWgILpCIkYPyZD0r1c0ytZrRp0pY/MsB7OfP7TLMSsLUqXVuWpJ0qilDqlyx117qPv59kSz7DUcPLNs6yl0antPbZJjY4GvUbjyuFSpKhXUqfVR5Vrrc5T4bfAeL4b+IZPEKfFr42eNi+nXOnf2N8QfG1p4h0JRcy20v21LCDQtOddQg+zeXb3H2grHFNcKY28zKceV8PxyvEvErN89x16UqXscxx8MTh1zSjLnVNUKb9pHktGXNopSVnf3fOyPhCGR4141cRcVZq3QqUPq2c5tDG4Rc8qcvaqjHCYdqtDk5YT52oxnNcr5rxwPFPwd8UWHxuvPjt8NLzw/F4h8Q/DSD4ceKtH8Sfbo9P1AaFqmo6t4P1yKbT4pZfO0qfW9Vtr+Bwv2iweAQkyxba5sZkmLpZ9U4hyqeHWJxOVRyzF0MV7RU6n1erVrYLEJ003zUZV6sakXfmpuPLZpqfHmHDOYUeK6vF2RVcHHG43IoZJmOGx3tVRrfVMRXxGWYtTpKUubDzxWIp1oNe/RcOW8ovl7D9n34O6d8BvhP4W+Gen3z6o+jR3t5q2rSL5bat4g1q/udX17VBFgeUt9qt7dXCRcmNZApOQa7uG8kp8PZPhMqp1HWdBVJ1qzVnWxNepOtiKttbe0q1JytfS9tT0+DeGaPCHDuX5FRqvEPCqrVxOJkrPE43F1qmJxmI5bLlVXEVak1HXlUrXPZ69w+oCgAoA/9X+/igAoAKACgD87v8AgrX/AMo1P21P+yCeNP8A0mir9Q8Ff+TscA/9lJgP/S2b4b/eKX+NH0d+yb/ybF+z/wD9kg+H/wD6jOnV8rxp/wAldxL/ANjzM/8A1LqmdT+JU/xy/wDSmfQdfMkBQAUAFABQAUAFABQAUAFABQB+fv7dX/BOv4L/ALdfh/So/Gsl74U8e+GoJrfwz8QdCggl1S0tJi8h0vUbabZFqelm4YzJBLKjW8jyyQklytfnHiB4Z5H4g4aisc6mDzHCxlDC5lh4xdaEJXfsasJWjVo8zclGT91ttN6xPxvxb8E+FvFvB4dZo6uXZxgYSp4DOsHCDxFKnK8vq9eEvdr4fnfOoSs4SlJx3al+P/7LX/BAvwe/jPX/ABD8e/GfiTVfDPgz4ieJNC0fwfb6SmjReONF8O6xLbaTr15qLStcRaRr1vBHdrBaLumtpzEZI872/J8j+jVleEx1PEZ1nVXMsJSqKawVCj9XVdRaahWquTkou1pKEXdNrXc/AuGPoV5FgM1pYziXiXEZzl+HqxqLLcLh1hY4pQkpKGJrv3403a1SFNe/FuN1uf026Foek+GdF0rw7oNhbaVomiafaaXpWm2caw2tjp9jClva2tvEgCpFDCiIigYAXvzX9M4fD0cLQo4bD040aFCnClRpQXLCnTpxUYQilsoxVkj+2cHhMNgMLh8Fg6MMPhcJRp4fD0KUVCnSo0oKFOnCK0UYxSSS/wAzVrY6AoAKACgAoAKACgAoAKACgDyH47fAz4cftHfDDxL8I/iroaa74P8AE9usd1b7vJu7K7gPmWWqaZdD57TUrCb97a3CcqS6MHjd0bxeIOH8s4nynF5Lm9D2+CxcbTinyzpzjrTrUp6uFWnL3oSS7p3TZ81xdwlknG+QY7hviHCrF5Zj4KNSF+WpSqQd6WIoVN6VejL3qdRXtqmmpSR/M14o/wCCA3hG1/aW8KfDvSvjB4kHgfxP4T8WeMF12bwpbXGqaFYaBrGg2TeG2vxJ9je7v49XElvJJLEZlspJWiDKQ385VPozYV4mcaPFGLhls6qqewlh4utyq9k7TVKc4xbjGb1s3orn8b1/oTYF46pHDccY6lk1TEQqvCzwcJYhU4uVou0/Y1KkIycKdWfK7Sk3u0f0a/st/ss/Cf8AZE+FmmfCn4S6Q1lpNtI19q+rXhSbWvEuszIiXOsazdKqme6lEaJGgxHbwJFBENiZr+gOEuEsn4Myilk+TUXCjBupWrVPer4qvJJTr152XNN2SSStGKUVdJH9a+H/AIfcO+G3D9Dh7hzDOlh6cnVxOJq2lisdipJKpicTUsnOpJJJL4YQUYRSSR9HV9OfcBQAUAFABQAUAFABQAUAFAEc0MVxFLBPFHPBPG8M0MyLJFNFIpSSKWNwySRyIxR0dWVlYqwIJFKUVJOMkpRknGUZJNSTVmmno01o09GtGTKMZxlCcYzhOLjKEkpRlGStKMou6cWnZpqzWjvdn8yP/BRb/giF4Q1C31z4z/szajrOh65r3xE+Fthqfwqt9GXW9GgsvHvxc8FeEfGXiHRGjcXdpZeGPDniPXPF9xZurQ2lnokpVyqkp/O3EX0dsgzXNq2ZZXmNfKKOJdepWwEKanQhWqUqnJLDy5nKnT9u4TnSat7NTgrt3P494x+h9wnn2f4jOsjzjFcP4fGvF1cTlVOlGrhqeJr0Kvs6mEqX9pTpfWpQqVMPJ8jpKdNNXR+mf7BH/BLX4L/sNS3/AIr07Ur34ifFbV7JtOuvHGt2lvbDStNlMck+meH9Oi8xLGKaWNftF4XN1cxpGjeWodW+y8O/CTI+AJVMZTq1MzzitB0p5hXhGCo0pWcqWGpLmVNSaXNUvzySSd07R/SPB/6P/C/hNKtmNGvVzviLE0nRqZti6cKf1ehKznh8FRipKlGUkuerpUqRjFNxSal+n9frB++BQAUAFABQAUAFABQAUAFABQB+V37fH/BKb4Lftv6hB46uNVvvhv8AFiysE09vGOi2kF3Br1nbJss7bxFp0pjF09rGBDb30b/aIoFWHa6qpX8k8QvCHI+Pa0MwdaeV5zCEaTx1CEZxxFOOkI4mm3HncFpGonzqPu6K3N/PnjB9HnhfxXrwzeWIq5HxHSpRoPM8LShUhjKVOypQxtGVlUdOK5IVY+/GFovmSTPwu/4IDf8ABI74N/ET9mf4S/tR/FnxDqXjPyPHPxHOh/DoWkNp4eS/8GfEvxJo1rfa1cb3uNTiefTEvP7PKJbl/LEjuqsj/feL3gzkmZeMWL4szjE1cco5Twp9XyzkjDDe1wPD+XUI1MRK/NVi5UVUVKyh0blZqWOZfRv4YzrxJq8f8RY6vmfs6eT/AFTJPZRp4JVsrwGFw1Orip3c8RFzoKr7Cyg3ZSbs0f2PxRxwxxwxIscUSJHHGgARI0UKiKBgBVUBVAGABgYxXuJKKUYqySSSWyS0SXoj+iIxjGMYxSjGKUYxSsoxSskl0SSSS/yH0xhQAUAFABQAUAFABQAUAFABQAUAFABQB//W/v4oAKACgAoA/O7/AIK1/wDKNT9tT/sgnjT/ANJoq/UPBX/k7HAP/ZSYD/0tm+G/3il/jR9Hfsm/8mxfs/8A/ZIPh/8A+ozp1fK8af8AJXcS/wDY8zP/ANS6pnU/iVP8cv8A0pn0HXzJAUAFABQAUAFABQAUAFABQAUAFAHlXwrk+JkiePf+FlR2kbp8TPGyeCfsgiG/4eJrVyPB8lx5Tvm6fRxbtOZNspckyKGOKAPVaACgAoAKACgAoAKACgAoAKACgAoA8p1XxN41tvjN4Q8JWXhn7T4A1TwL4t1rXfFvluf7L8SaZqmgW2h6N5o/dr/adlfanc7G+ZvsWV4VqAPVqACgAoAKACgAoAKACgAoAKACgAoA8G/aUm+McHwonk+A0UU/xH/4WD8FEhjmSCRP+EKl+NXw+i+LD7bhli3RfCh/G0sZz5iyIrQhpljWgD3mgAoAKACgAoAKACgAoAKACgAoAKAGv9xv91v5U1uvVAfiZ/wbz/8AKLT4Nf8AY/8Ax9/9XZ45r9H8V/8AkscR/wBivI//AFU4M1rfxH6Q/wDSIn7a1+bmQUAFABQAUAFABQAUAFABQAUAFABQAUAFAH//1/7+KACgAoAKAPzu/wCCtf8AyjU/bU/7IJ40/wDSaKv1DwV/5OxwD/2UmA/9LZvhv94pf40fR37Jv/JsX7P/AP2SD4f/APqM6dXyvGn/ACV3Ev8A2PMz/wDUuqZ1P4lT/HL/ANKZ9B18yQFABQAUAFABQAUAFABQAUAFABQB5T8K/D3jzw/H49HjvxCviFtX+JnjbXfChWTzP7H8FarrdzdeGdBP7uPY2laZJDalPn2lMb2xuYA9WoAKACgAoAKACgAoAKACgAoAKACgDyrVX+Jg+MvhBNNS0PwlbwN4sbxTI/lfbV8ZjVNB/wCEYWHLCb7O2mnWzNsRk3rHvIIWgD1WgAoAKACgAoAKACgAoAKACgAoAKAPBf2lfCnxQ8afCefQPg74lXwl45f4hfBPV4tae7WxVfCnhn41/D3xL8R9L+0Okig+IfhzpHivw+sO3N02qC1VkaYOoB71QAUAFABQAUAFABQAUAFABQAUAFADX+43+638qa3XqgPxM/4N5/8AlFp8Gv8Asf8A4+/+rs8c1+j+K/8AyWOI/wCxXkf/AKqcGa1v4j9If+kRP21r83MgoAKACgAoAKACgAoAKACgAoAKACgAoAKAP//Q/v4oAKACgAoA/O7/AIK1/wDKNT9tT/sgnjT/ANJoq/UPBX/k7HAP/ZSYD/0tm+G/3il/jR9Hfsm/8mxfs/8A/ZIPh/8A+ozp1fK8af8AJXcS/wDY8zP/ANS6pnU/iVP8cv8A0pn0HXzJAUAFABQAUAFABQAUAFABQAUAFAHkHwi8FyeDI/iGsnjA+L/+El+KnjzxcjG8a7/4R2PxDrt1qCeFRumn+zjQRN9gFqpjWDyvLEMQASgD1+gAoAKACgAoAKACgAoAKACgAoAKAPKdV8PeO7j4zeEPE9j4jW3+HWm+BfFmk+IPCxkw+p+J9R1TQLjQNXEWw7hptjZ6rbl/MXb9txtO7NAHq1ABQAUAFABQAUAFABQAUAFABQAUAfPn7UHw6vPip8IbjwdYePovhncyfEf4F+JR4snv5dMjjg8BfHP4cePLvw99rhuLWQP43tPDU/gmK387ZfS+IksZIp4rh7eUA+g6ACgAoAKACgAoAKACgAoAKACgAoAa/wBxv91v5U1uvVAfiZ/wbz/8otPg1/2P/wAff/V2eOa/R/Ff/kscR/2K8j/9VODNa38R+kP/AEiJ+2tfm5kFABQAUAFABQAUAFABQAUAFABQAUAFABQB/9H+/igAoAKACgD87v8AgrX/AMo1P21P+yCeNP8A0mir9Q8Ff+TscA/9lJgP/S2b4b/eKX+NH0d+yb/ybF+z/wD9kg+H/wD6jOnV8rxp/wAldxL/ANjzM/8A1LqmdT+JU/xy/wDSmfQdfMkBQAUAFABQAUAFABQAUAFABQAUAeK/Bbw14F8Nx/EweBvEg8RprXxe+IniDxSRKkv9jeM9X8Q3d34l8PnYB5Z0jUpJrQxNl08vBJIIUA9qoAKACgAoAKACgAoAKACgAoAKACgDyvVPh5qGofGPwj8T4/El5baZ4a8D+LPCVz4VR5xYand+I9U0C/ttYmjWUW5uNMj0ea3haSJpAl7II3UFwwB6pQAUAFABQAUAFABQAUAFABQAUAFAHzX+1r4P+G3jv4K3Phz4s+Nk+Hvgt/ih+z5rUnieQxKqeJ/Cn7QXwv8AFXw/0LM2Y8+L/iBovhfwgo++W10CPEhQ0AfSlABQAUAFABQAUAFABQAUAFABQAUANf7jf7rfyprdeqA/F7/g38sP7N/4Jf8AwatfM83/AIrn46zbsY/1/wAZvG0uMf7O/H4V+u+OeV/2N4i5ll3tfbfVsuyGPtOXl5r5NgpbdN/L9Zb4mPLWkr30j5fZXm/09NT9o6/ITAKACgAoAKACgAoAKACgAoAKACgAoAKACgD/0v7+KACgAoAKAPzu/wCCtf8AyjU/bU/7IJ40/wDSaKv1DwV/5OxwD/2UmA/9LZvhv94pf40fR37Jv/JsX7P/AP2SD4f/APqM6dXyvGn/ACV3Ev8A2PMz/wDUuqZ1P4lT/HL/ANKZ9B18yQFABQAUAFABQAUAFABQAUAFABQB4p8Fj8MzH8TP+Fa/a9g+L/xE/wCE2+1iYf8AFw/+Ehu/+EwFv5oXNt/bH2jyDHmIpjyyVGWAPa6ACgAoAKACgAoAKACgAoAKACgAoAKACgAoAKACgAoAKACgAoAKACgAoAKAPmr9rcfBw/BS5/4X02sJ8OP+Fofs9+c2hLcNqP8Awmv/AA0H8Lv+FTgC2SSb7E3xX/4QldVIXy10o3rTskAkdQD6VoAKACgAoAKACgAoAKACgAoAKACgBr/cb/db+VNbr1QH43/8EEf+UZXwb/7HL42/+rf8Z1+6fSQ/5Oznn/YBw/8A+qTAnTi/48vSP/pKP2Sr8KOYKACgAoAKACgAoAKACgAoAKACgAoAKACgD//T/v4oAKACgDEvfE3hvTb3+zdR8QaJYaj9lkvvsF7qtha3v2KFWea8+yz3Ec/2WJEdpLjy/KRVYtIoUmuinhMVVp+1pYbEVKXOqftKdGpOn7STtGHPGEo88m7KN+Zt2V7+67N7J/df+v67GH4v8JeA/jB4E1vwb4u0vRfHPw98caPNpWt6RcSJf6H4h0S+UCa2lktZSlzaXCgZMU2HGMMK6MDjcyyPMcPj8DWxGXZnl9eNbD14p08Rhq9P4ZxU03GcH/MtPKwJuMk1dST+af4/l950WhaHpHhnRdK8O6BYW+laJodha6XpOm2ilLaw06xhS3tLS3ViSsNvBGkUakkhVAycZrlxGIr4uvWxWJqSrYjEVZ1q1WbvOpVqScpzk9LylJtvT7rg2223u9/Pz67+v3niP7RH7QOh/AHQvBM11plx4k8X/FL4jeHPhT8NfCNncQ2t14k8YeI1vbzy2uZz5Vrp2jaFpWs+IdXunB8vT9KmjiBuJoVb6DhfhnEcS4jMIwrRwmCyfK8VnOa42pCU4YXA4V06d1CPvTq4jEVqGFoQV71a0W/dUnG6dNzb1soxcpN9EvLrd2XTu9rSo/Bb9ofTvij47+Mfwg1rRn8KfFj4E614f0zxz4cN3HfWdxpfi7QLLxN4R8V6Dex4N1oXiDSb1WhMqpcWd9bX2nXSi5s5Qumf8MVcny7Is8oV1jMl4joYmtl2KUHTnCtgcTUwmNwWJptWhicNWh71ny1Kc6VWC5Z3CVNxjGd7xnflfo7NW8n/AJ6X5Y/SNfKmYUAFABQAUAFABQAUAFABQBgaB4W8PeFhqw8PaTaaSNe1zVPEmsC0Rk/tDXdaunvdV1S4yW3XV9dSvPO4wGdiQAMBQDfoAKACgAoAKACgAoAKACgDmLzxt4M0+41Cz1Dxd4YsbvSYo59VtbzXtLtrjTIJWRIptQgmu0ksopHkRI5LlYkdnRVYllFAHSRyxzRpLDIksUqq8csbq8ciMMq6OpKurAgqykgg5BPBoAfQB8ufHP8AaUsvhX8SPgn8EPDehDxh8Yfj1e+LX8IeHnvo9O0/SvCvgLTbPUPGPjbxDdtuki0XR5tW0DSVhtke7vNS1y0SAFIbgqAaP7Mv7Snhr9pTwv401HS9KvfDHi34W/Ezxp8HPil4K1Oe3ub/AMIfETwFq0uk67pUl1as1te2VwY4dT0fUYGMOo6Re2V7FhJwKAPmzxR+3b401T9qPW/2bvgD8FND+MqeAtf8OeGvit4wHxq+HnhS78Danq1tpmqa4y+A9Wvh4u1+08K6NqtvNqU2mWTrJqcN3pETC7hZaAP0kXdtXdgNgbgvQNjnGecZ6Z7UALQAUAFABQAUAFABQAUAcxeeNvBmn3GoWeoeLvDFjd6TFHPqtrea9pdtcaZBKyJFNqEE12kllFI8iJHJcrEjs6KrEsooAq+M/A/gv4oeGh4Z8aaJp3ivwxcat4V8SLp16XlsZtW8GeJ9G8beE9UVreVC8ujeKfD+ia5Yushj+16fbM4eIOjgHY0AfLnxz/aUsvhX8SPgn8EPDehDxh8Yfj1e+LX8IeHnvo9O0/SvCvgLTbPUPGPjbxDdtuki0XR5tW0DSVhtke7vNS1y0SAFIbgqAaP7Mv7Snhr9pTwv401HS9KvfDHi34W/Ezxp8HPil4K1Oe3ub/wh8RPAWrS6TrulSXVqzW17ZXBjh1PR9RgYw6jpF7ZXsWEnAoA+LfjJ+35+1B8JdRm12f8AYL8UX3weu/i54T+Fvhbx9ffGP4d6Lr/ihPG3j3TPAnh3xFY/Dy7mPiOO2vZtUj1xrCVfttvodvd3swVLaQoAd14h/bw8cax+05qv7OPwH+B+h/F9vAuteGPDnxb8Vf8AC7Ph14XvPAGr6xZ6Xq2vqPAuqX3/AAlniC18JaRq0Empz6VZukupwXWkwv8Aa4SqgH6Uru2ruwGwNwXoGxzjPOM9M9qAFoAKACgAoAKAMnUNe0LSbiys9V1rSdMu9Rcx6da6hqNnZ3F/Iv3o7KC5milunXIysCSEZ5AzW1LD4itGpOjh61WFJXqzpUpzjTXepKMJKC85NL7mOze1/uv/AF/XYm07VdL1q1+2aRqVhqtk0ksP2vTby3vrYywu0c0QntZZYvMikVo5E37kdSrAMDSq0a2HnyVqVWjUSUuSrTnTnZq8XyzSlZqzTtZp3VxWtucb8LvhR8Ofgp4M0/4efCnwho/gXwTpNxqV3p3hvQoXg02zudY1C41XU5oYpJZmV73Ubu5u5syHM0zkYBxXdnGc5pn+Pq5nnONr5hj60aUKuKxDUqs4UKUaNGMmlFWp0oRhHTSMUtd5VKUpvmk233fl8l+X32O6u5ntrW4uIreS7lhglljtYcCW4kRCyQRlsKHlYBFLHaCwLYArzoRUpxi5KClJJzl8MU3ZydruyWrsvvJPmb9kT9pix/aw+FGofFGw8H6t4Fj074m/Fb4aXHh7Wr2y1DUIb74W+Pdd8CX13Jc6ez2rR6hc6HLewpGcxxTLHJ86mvruN+EqnBec0snqY6jmLq5Tk2axxWHp1KdOVPOMtw+Y04KNW070oYhU5NpXlFtXTRpVp+ykot814xldf3lfy/L7j6hr48zCgAoAKACgAoAKACgAoAKACgAoAKAP/9T+/igAoAKAPxL/AOCrvgq58Z6t4M8V/Brw9quu/HT4A+F/EPxN+Imn6X9vsIPG37Mt4sWm/E74R3V7FZy2+oeJPH+jw3x8FwQu+oWV3ot9HDJanUomf9/8GcfDA0Mfgs+xNHD8O8S4vDZTldWt7OrLL+LYc1XKM7hTdSMqeFyyu6f1+T5adSGIpOUZ+ybj14aVrxk7Rm7R0vy1Psz/AMMW/e39HZuP39oniTwr8bf2QLTXPgf4V1y+8OeLvhraf8Id4J0nUm+FPiOJGtoETw7Dq2t2tmfCOqWLxvaS3N7botvLC+d2/dX5tiMJjOH+OJ4fiHGYenisFm01j8wrUv7ZwranJvEyoYeVT67RqKSnGFOUnKMla1nEws4VbTaupe87c69bJ6r0b+Z+dPw8/Zz+P+l+P/A2p6l+zF+0NpGnad4w8M3+oatqf7eXgvxHpul2VprVlcXWo6h4et/3+vWNlBHJc3ejQ/vtUt4pLGP551r9RzTinhmtluY0qPF3DFerVwOLp0qNHw4x+Fq1qk8PUjClSxUvdw1SpJqEK8vdoyaqPSLN5Tp2f7ym9HoqMlfTv09f8j6g/wCCgvgbX7jx1+wv8dLCy1DVPC/7PH7Ulv4k+Iljp9vPePZeE/Hnw68Z/DlfE81lbJNLPbeHde1/RXuXjR3tbW9nuQGjil2/IeGWY4aOXeInDtWpTo4zifg+WEyupVlGmqmNy7NMBmrwkakpwUZ4rDYbEKCckpzpwpvWSIoNWrQ2dSnaN+8ZKVvmk/ut1Kv7L3g/VPEf7e/7df7Sen216nw38Z6B+z/8HvCOq3Vvc2UHibVvhV4W1O78XavplvdwwTzWNjrHiqTw2b4xLFcXWi3CQmSOJXq+L8dRwvhv4d8K1J03m2AxPEueY6jCcKksJQznGUoYGhVnCTjGpUoYJYv2erjDEQcuVuwVGlRo0/tRdSTV9lJq3Tqlff5dT9Nq/JDnCgAoAKACgAoAKACgAoAKACgAoAKACgAoAKACgAoAKACgD+cf/gpXpfh7QP2qdA/an8DeBfEHjT4e/AaT4c+CP+CgvhHRtO1eW2+JHw38UeK7TU/h6+jaHbadM/irxN8HvEj6V458UR6TvfVfCl9BpdzJciwnt1AP29+JLR/Ev9nbxFJ8NtF1fxdb+LvAcc/hHQvDPiWL4aazrNrf21tPp1npXifVIoIvCd1Jbsvl3l5DELTaY5EU8UAfjv8ADT9mL9o/SPiN4A1XVf2UP2ldG0zTPG3hXUNS1jVv+Ch/gTxPpek2Flrthc3mpal4at/9I8Q6fY28Ul1eaHB++1a2ilsIvnnWgD6o/ab8Hax4H/4KV/sS/tSapb6jcfC20+Df7Qn7PHijUbe0u76y8G+K/HGp/D7xt4O1bUobSG4ktbbX4PCHiDR/t/ltHHc2lpbzOn2iIsAef/sMatpvwDj/AGyv2hviVB4i0PwT+2P/AMFEvE+r/B+JfD2sXuoalo/iQeH/AIW+B9dm0e2tXv8ASNG8Xz+EpPEUeoahBBb2+m6jFfXjQpLuoA8k/bE+CX7MX7RHxQ8B/F79kPQodE/bx+FX7WXw003VvH/w+8P654O8R3Og6J8R9IT47aZ8Tr/7DpemeKfBd98ObfxKbq5v21EahqL6OtjOZrlHUA/fRAwVQ5BcKAxAwC2PmIHYE8gf4UAOoAKACgAoAKACgAoAKAP5x/8AgpXpfh7QP2qdA/an8DeBfEHjT4e/AaT4c+CP+CgvhHRtO1eW2+JHw38UeK7TU/h6+jaHbadM/irxN8HvEj6V458UR6TvfVfCl9BpdzJciwnt1AP11/aU0u/+MX7M6D4Q+DfFnxHj8RxeF9Y8N+HfAfxLsvgZr15osoS5hntPF+uxQQaNDbWskbT6dcQxSzp/o4RWQigD4G/Zd/Z4+Png749fDrxL4t/Zo/aB8EeHdK1HU5dT8U+L/wBunwZ8VfDmkRTeH9XtYptU+H+m4vfEkU9zPDaQ21ud1rc3EGothLN6APYf2m/B2seB/wDgpX+xL+1HqdvqFz8LbT4N/tCfs8eKNStrS7vrHwd4r8can8PvG3g7VtShtIbiS1ttfg8IeINH+3+UY47m0tbeZ4/tEZYA8/8A2GNW034Bx/tlftDfEqDxFofgn9sf/gol4n1f4PxL4e1i91DUtH8SDw/8LfA+uzaPbWr3+kaN4vn8JSeIo9Q1CCC3t9N1GK+vGhSXdQB9NfH3T9U+Lv7Zf7KnwgGm38vgX4RWHi79qXx9fPZ3P9jT+JbK2vPhl8HdEkuzEbO6lluNc+JeuT2JkeW0uNC0S+aJN9vJQB8FftifBL9mL9of4oeA/i9+yJoMOift4/Cn9rL4aabq3j/4feH9d8HeI7nQdE+I+kJ8dtM+J1/9h0zTPFPgu++HNv4lN1c37al/aGovo62NwZrlHUA/fRAwVQ5BcKAxAwC2PmIHYE8gf4UAOoAKACgAoAKAPy7/AOCoHw5uvjF8PfAvw8+Fbz6b+1fbeJZfiF+zr4pt1uba18J654GsbjUdcv8AxLqsdpcWcXhjWdMkk8KXFjel1l1TXtMvordzp7un6/4Q5pDI80zHNM5UavBk8LHLOKMHPknPG4fMakKWHp4Si6kJvF0KyWNjUp8rjRw1am5v2qjLow8uWTctabVpq1277W801fpouux7d/wT6+J3w9+Kf7LXw21j4feDNS+HEWlaYPD3ivwFrWk6hpWr+FfG+kH7L4p03UP7StbWfUZv7WW5nXWF8+LVIpUvI53EuW+f8TMozPJ+MM1oZnj6WautW+s4PMsPWpVqGMy+v7+Dq0vZTnGlH2DhF0G4ujKLpuK5SK0ZRqSUmpPdNO6aezXy6aW7LY+CPH/7Ofx/1Pxv4s1HTv2Yf2htWsL3xBqt1Z6npn7eXgvw7p1/bTXkrw3dloU/77SLaeMrJDp0v7y0RlhflK/SMt4o4Zo5fgqVXi7hijUp4ajCpRreHGPxVWnOMIqUKmJjaNecXdSqx0m02rrU2U6dl+8prRaexlp+f5/efrv8HrC/8J/BvwDp3ibSNW8Laj4f8EaRDrei+IPFMHjnWdDnsNNj+22Wq+L7ENb+Jr2yMckdzrFspj1CRGniUh13fiOeVKeNz3MquEr0cZSxOYV5YfEYbByy6hiI1Kr9nUo4GpaWEp1LpwoTd6SfK7WOaVnJ2aabdmlZetnt/XY/Pj/gjzq1refsyePbJY9Qtb2L9qf9qvWHs9T0rU9JuxpfiX48eOdb0G/FvqlnZyva6ppN5a39nNGjRy208cgbDAV+m+OVCdPi3LajdOdOXB/B1BVKVajXh7bC8O5fQxFPmo1KkVOjWhOlUi3FxnFprT3d8V/Ej/17pr5qCvt2P1dr8ZOYKACgAoAKACgAoAKACgAoAKACgAoA/9X+/igAoAKACgAoAKACgAoAKACgAoAKACgAoAKACgAoAKACgAoAKACgAoAKACgAoAKACgAoAKACgAoAKACgAoAKACgAoAKACgAoAKACgAoAKACgAoAKACgAoAKACgAoAKACgAoAKACgAoAKACgAoAKACgAoAKACgAoAKACgAoAKACgAoA//2Q==</file>
    </generalfeedback>
    <defaultgrade>3.0000000</defaultgrade>
    <penalty>0.3333333</penalty>
    <hidden>0</hidden>
    <idnumber></idnumber>
    <correctfeedback format="html">
      <text>Vaše odpověď je správná.</text>
    </correctfeedback>
    <partiallycorrectfeedback format="html">
      <text>Vaše odpověď je částečně správná.</text>
    </partiallycorrectfeedback>
    <incorrectfeedback format="html">
      <text>Vaše odpověď je chybná.</text>
    </incorrectfeedback>
    <shownumcorrect/>
<varsrandom><text></text>
</varsrandom>
<varsglobal><text><![CDATA[p=2; f=-4;
a = 0; b = 1;
phi="x^2"; alpha=0; beta = 1;
h=0.25; tau = 0.01;
x=[0, 0.25, 0.5, 0.75, 1];
u0= [0, 1/16, 1/4, 9/16, 1];
sigma = p*tau/(h*h);
uD=1;
uB=sigma*(u0[1]+u0[3]) +(1-2*sigma)*u0[2] -4*tau;
uC =sigma*(u0[2]+u0[4]) +(1-2*sigma)*u0[3] - 4*tau;
uA=sigma*(uB + uD)+ (1-2*sigma)*uC -4*tau;]]></text>
</varsglobal>
<answernumbering><text>abc</text>
</answernumbering>
<answers>
 <partindex>
  <text>0</text>
 </partindex>
 <placeholder>
  <text></text>
 </placeholder>
 <answermark>
  <text>1</text>
 </answermark>
 <answertype>
  <text>10</text>
 </answertype>
 <numbox>
  <text>3</text>
 </numbox>
 <vars1>
  <text></text>
 </vars1>
 <answer>
  <text>[u0[1], u0[2], u0[3]]</text>
 </answer>
 <vars2>
  <text></text>
 </vars2>
 <correctness>
  <text><![CDATA[_relerr < 0.01]]></text>
 </correctness>
 <unitpenalty>
  <text>1</text>
 </unitpenalty>
 <postunit>
  <text></text>
 </postunit>
 <ruleid>
  <text>1</text>
 </ruleid>
 <otherrule>
  <text></text>
 </otherrule>
 <subqtext format="html">
<text><![CDATA[<p>Určete hodnoty řešení v bodech \(E=[0.25\ 0],\ F=[0.5,\ 0],\ G=[0.75,\ 0] \). <br></p><p>\(U_E = \){_0}, \(U_F = \){_1}, \(U_G = \){_2}<br></p>]]></text>
 </subqtext>
 <feedback format="html">
<text></text>
 </feedback>
 <correctfeedback format="html">
<text></text>
 </correctfeedback>
 <partiallycorrectfeedback format="html">
<text></text>
 </partiallycorrectfeedback>
 <incorrectfeedback format="html">
<text></text>
 </incorrectfeedback>
</answers>
<answers>
 <partindex>
  <text>1</text>
 </partindex>
 <placeholder>
  <text></text>
 </placeholder>
 <answermark>
  <text>1</text>
 </answermark>
 <answertype>
  <text>10</text>
 </answertype>
 <numbox>
  <text>3</text>
 </numbox>
 <vars1>
  <text></text>
 </vars1>
 <answer>
  <text>[uB, uC, uD]</text>
 </answer>
 <vars2>
  <text></text>
 </vars2>
 <correctness>
  <text><![CDATA[_relerr < 0.01]]></text>
 </correctness>
 <unitpenalty>
  <text>1</text>
 </unitpenalty>
 <postunit>
  <text></text>
 </postunit>
 <ruleid>
  <text>1</text>
 </ruleid>
 <otherrule>
  <text></text>
 </otherrule>
 <subqtext format="html">
<text><![CDATA[<p>Určete přibližné hodnoty řešení v bodech \(B=[0.5,\ 0.01],\ C=[0.75,\ 0.01], D=[1,\ 0.01]\).</p><p>\(U_B = \){_0}, \(U_C = \){_1}, \(U_D = \){_2}<br></p>]]></text>
 </subqtext>
 <feedback format="html">
<text></text>
 </feedback>
 <correctfeedback format="html">
<text></text>
 </correctfeedback>
 <partiallycorrectfeedback format="html">
<text></text>
 </partiallycorrectfeedback>
 <incorrectfeedback format="html">
<text></text>
 </incorrectfeedback>
</answers>
<answers>
 <partindex>
  <text>2</text>
 </partindex>
 <placeholder>
  <text></text>
 </placeholder>
 <answermark>
  <text>1</text>
 </answermark>
 <answertype>
  <text>10</text>
 </answertype>
 <numbox>
  <text>1</text>
 </numbox>
 <vars1>
  <text></text>
 </vars1>
 <answer>
  <text>uA</text>
 </answer>
 <vars2>
  <text></text>
 </vars2>
 <correctness>
  <text><![CDATA[_relerr < 0.01]]></text>
 </correctness>
 <unitpenalty>
  <text>1</text>
 </unitpenalty>
 <postunit>
  <text></text>
 </postunit>
 <ruleid>
  <text>1</text>
 </ruleid>
 <otherrule>
  <text></text>
 </otherrule>
 <subqtext format="html">
<text><![CDATA[<p></p><p>Určete přibližnou hodnotu řešení v bodě \(A = [0.75,\ 0.02]\) užitím explicitního schématu.</p><p>\(U_A =\) {_0}</p><br><p></p>]]></text>
 </subqtext>
 <feedback format="html">
<text></text>
 </feedback>
 <correctfeedback format="html">
<text></text>
 </correctfeedback>
 <partiallycorrectfeedback format="html">
<text></text>
 </partiallycorrectfeedback>
 <incorrectfeedback format="html">
<text></text>
 </incorrectfeedback>
</answers>
  </question>

<!-- question: 140123  -->
  <question type="formulas">
    <name>
      <text>teplo explicitni 7</text>
    </name>
    <questiontext format="html">
      <text><![CDATA[<p>Je dána smíšená úloha pro rovnici vedení tepla: $$\frac{\partial u}{\partial t} ={{p}}\frac{\partial^2 u}{\partial x^2} + {{f}} \ \mbox{ v oblasti } \Omega = \{[x,t]:\ x\in({a},{b}),\ t&gt;0\}$$ s počáteční podmínkou \( u(x,0) = {{phi}},\ x\in\langle {a},\ {b}\rangle \) <br></p><p>a okrajovými podmínkami \( u({a},t) = {alpha},\ u({b},t) = {beta},\ t\geq 0\).</p><p>Volte prostorový krok \(h = {h}\), časový krok \(\tau = {tau}\).<br></p>]]></text>
    </questiontext>
    <generalfeedback format="html">
      <text><![CDATA[<p>Přibližnou hodnotu řešení \(U_A\) v bodě \(A\) určíme pomocí explicitního schématu <img src="@@PLUGINFILE@@/explicitni7_moodle.jpg" alt="" role="presentation" class="img-responsive atto_image_button_right" width="250" height="117"><br></p><p>$$U_A = \frac{p\tau}{h^2}U_B + \left(1 - 2 \frac{p\tau}{h^2}\right) U_C + \frac{p\tau}{h^2}U_D + \tau f(C),$$</p><p>kde \(U_B,\ U_C,\ U_D\) jsou hodnoty na nulté časové vrstvě. Ty určíme z počáteční podmínky \(U_i^0 = {phi}\).<br></p><p>Pro zadanou úlohu je \(p={p}\), jsou zvolené kroky \(h={h}, \tau = {tau}\), tedy \(\displaystyle \frac{p\tau}{h^2} = {sigma}\). <br></p>]]></text>
<file name="explicitni1_moodle.jpg" path="/" encoding="base64">/9j/4AAQSkZJRgABAQAASABIAAD/4QBMRXhpZgAATU0AKgAAAAgAAgESAAMAAAABAAEAAIdpAAQAAAABAAAAJgAAAAAAAqACAAQAAAABAAAB/6ADAAQAAAABAAAA6AAAAAD/4QkhaHR0cDovL25zLmFkb2JlLmNvbS94YXAvMS4wLwA8P3hwYWNrZXQgYmVnaW49Iu+7vyIgaWQ9Ilc1TTBNcENlaGlIenJlU3pOVGN6a2M5ZCI/PiA8eDp4bXBtZXRhIHhtbG5zOng9ImFkb2JlOm5zOm1ldGEvIiB4OnhtcHRrPSJYTVAgQ29yZSA1LjQuMCI+IDxyZGY6UkRGIHhtbG5zOnJkZj0iaHR0cDovL3d3dy53My5vcmcvMTk5OS8wMi8yMi1yZGYtc3ludGF4LW5zIyI+IDxyZGY6RGVzY3JpcHRpb24gcmRmOmFib3V0PSIiLz4gPC9yZGY6UkRGPiA8L3g6eG1wbWV0YT4gICAgICAgICAgICAgICAgICAgICAgICAgICAgICAgICAgICAgICAgICAgICAgICAgICAgICAgICAgICAgICAgICAgICAgICAgICAgICAgICAgICAgICAgICAgICAgICAgICAgICAgICAgICAgICAgICAgICAgICAgICAgICAgICAgICAgICAgICAgICAgICAgICAgICAgICAgICAgICAgICAgICAgICAgICAgICAgICAgICAgICAgICAgICAgICAgICAgICAgICAgICAgICAgICAgICAgICAgICAgICAgICAgICAgICAgICAgICAgICAgICAgICAgICAgICAgICAgICAgICAgICAgICAgICAgICAgICAgICAgICAgICAgICAgICAgICAgICAgICAgICAgICAgICAgICAgICAgICAgICAgICAgICAgICAgICAgICAgICAgICAgICAgICAgICAgICAgICAgICAgICAgICAgICAgICAgICAgICAgICAgICAgICAgICAgICAgICAgICAgICAgICAgICAgICAgICAgICAgICAgICAgICAgICAgICAgICAgICAgICAgICAgICAgICAgICAgICAgICAgICAgICAgICAgICAgICAgICAgICAgICAgICAgICAgICAgICAgICAgICAgICAgICAgICAgICAgICAgICAgICAgICAgICAgICAgICAgICAgICAgICAgICAgICAgICAgICAgICAgICAgICAgICAgICAgICAgICAgICAgICAgICAgICAgICAgICAgICAgICAgICAgICAgICAgICAgICAgICAgICAgICAgICAgICAgICAgICAgICAgICAgICAgICAgICAgICAgICAgICAgICAgICAgICAgICAgICAgICAgICAgICAgICAgICAgICAgICAgICAgICAgICAgICAgICAgICAgICAgICAgICAgICAgICAgICAgICAgICAgICAgICAgICAgICAgICAgICAgICAgICAgICAgICAgICAgICAgICAgICAgICAgICAgICAgICAgICAgICAgICAgICAgICAgICAgICAgICAgICAgICAgICAgICAgICAgICAgICAgICAgICAgICAgICAgICAgICAgICAgICAgICAgICAgICAgICAgICAgICAgICAgICAgICAgICAgICAgICAgICAgICAgICAgICAgICAgICAgICAgICAgICAgICAgICAgICAgICAgICAgICAgICAgICAgICAgICAgICAgICAgICAgICAgICAgICAgICAgICAgICAgICAgICAgICAgICAgICAgICAgICAgICAgICAgICAgICAgICAgICAgICAgICAgICAgICAgICAgICAgICAgICAgICAgICAgICAgICAgICAgICAgICAgICAgICAgICAgICAgICAgICAgICAgICAgICAgICAgICAgICAgICAgICAgICAgICAgICAgICAgICAgICAgICAgICAgICAgICAgICAgICAgICAgICAgICAgICAgICAgICAgICAgICAgICAgICAgICAgICAgICAgICAgICAgICAgICAgICAgICAgICAgICAgICAgICAgICAgICAgICAgICAgICAgICAgICAgICAgICAgICAgICAgICAgICAgICAgICAgICAgICAgICAgICAgICAgICAgICAgICAgICAgICAgICAgICAgICAgICAgICAgICAgICAgICAgICAgICAgICAgICAgICAgICAgICAgICAgICAgICAgICAgICAgICAgICAgICAgICAgICAgICAgICAgICAgICAgICAgICAgICAgICAgICAgICAgICAgICAgICAgICAgICAgICAgICAgICAgICAgICAgICAgICAgICAgICAgICAgICAgICAgICAgICAgICAgICAgICAgICAgICAgICAgICAgICAgICAgICAgICAgICAgICAgICAgICAgICAgICAgICAgICAgICAgICAgICAgICAgICAgICAgICAgICAgICAgICAgICAgICAgICAgICAgICAgICAgICAgICAgICAgICAgICAgICAgICAgICAgICAgICAgICAgICAgICAgICAgICAgICAgICAgICAgICAgICAgICAgICAgICAgICAgICAgICAgICAgICAgICAgICAgICAgICAgICAgICAgICAgICAgICAgICAgICAgICAgICAgICAgICAgICAgICAgICAgICAgICAgICAgICAgICAgICAgICAgICAgICAgICAgICAgICAgICAgICAgICAgICAgICAgICAgICAgICAgICAgICAgICAgICAgICAgICAgICAgICAgICAgICAgICAgICAgICAgICAgICAgICAgICAgICAgICAgICAgICAgICAgICAgICAgICAgICAgICAgICAgICAgICAgICAgICAgICAgICAgICAgICAgICAgICAgICAgICAgICAgICAgICAgICAgICAgICAgICAgICAgICAgICAgICAgICAgICAgICAgICAgICAgICAgICAgICAgICAgICAgICAgICAgICAgICAgICAgICAgICAgICAgICAgICAgICAgICAgICAgICAgICAgICAgICAgICAgICAgICAgICAgICAgICAgICAgICAgICAgICAgICAgICAgICAgICAgICAgICAgICAgICAgICAgICAgICA8P3hwYWNrZXQgZW5kPSJ3Ij8+AP/tADhQaG90b3Nob3AgMy4wADhCSU0EBAAAAAAAADhCSU0EJQAAAAAAENQdjNmPALIE6YAJmOz4Qn7/4htESUNDX1BST0ZJTEUAAQEAABs0YXBwbAIQAABtbnRyUkdCIFhZWiAH5AABAAEACAAyADRhY3NwQVBQTAAAAABBUFBMAAAAAAAAAAAAAAAAAAAAAAAA9tYAAQAAAADTLWFwcGwAAAAAAAAAAAAAAAAAAAAAAAAAAAAAAAAAAAAAAAAAAAAAAAAAAAAAAAAAAAAAABFkZXNjAAABUAAAAGJkc2NtAAABtAAABDZjcHJ0AAAF7AAAACN3dHB0AAAGEAAAABRyWFlaAAAGJAAAABRnWFlaAAAGOAAAABRiWFlaAAAGTAAAABRyVFJDAAAGYAAACAxhYXJnAAAObAAAACB2Y2d0AAAOjAAABhJuZGluAAAUoAAABj5jaGFkAAAa4AAAACxtbW9kAAAbDAAAAChiVFJDAAAGYAAACAxnVFJDAAAGYAAACAxhYWJnAAAObAAAACBhYWdnAAAObAAAACBkZXNjAAAAAAAAAAhEaXNwbGF5AAAAAAAAAAAAAAAAAAAAAAAAAAAAAAAAAAAAAAAAAAAAAAAAAAAAAAAAAAAAAAAAAAAAAAAAAAAAAAAAAAAAAAAAAAAAAAAAAAAAAAAAAAAAbWx1YwAAAAAAAAAjAAAADGhySFIAAAAUAAABtGtvS1IAAAAMAAAByG5iTk8AAAASAAAB1GlkAAAAAAASAAAB5mh1SFUAAAAUAAAB+GNzQ1oAAAAWAAACDGRhREsAAAAcAAACIm5sTkwAAAAWAAACPmZpRkkAAAAQAAACVGl0SVQAAAAUAAACZHJvUk8AAAASAAACeGVzRVMAAAASAAACeGFyAAAAAAAUAAACinVrVUEAAAAcAAACnmhlSUwAAAAWAAACunpoVFcAAAAMAAAC0HZpVk4AAAAOAAAC3HNrU0sAAAAWAAAC6npoQ04AAAAMAAAC0HJ1UlUAAAAkAAADAGZyRlIAAAAWAAADJG1zAAAAAAASAAADOmhpSU4AAAASAAADTHRoVEgAAAAMAAADXmNhRVMAAAAYAAADamVzWEwAAAASAAACeGRlREUAAAAQAAADgmVuVVMAAAASAAADknB0QlIAAAAYAAADpHBsUEwAAAASAAADvGVsR1IAAAAiAAADznN2U0UAAAAQAAAD8HRyVFIAAAAUAAAEAHB0UFQAAAAWAAAEFGphSlAAAAAMAAAEKgBMAEMARAAgAHUAIABiAG8AagBpzuy37AAgAEwAQwBEAEYAYQByAGcAZQAtAEwAQwBEAEwAQwBEACAAVwBhAHIAbgBhAFMAegDtAG4AZQBzACAATABDAEQAQgBhAHIAZQB2AG4A/QAgAEwAQwBEAEwAQwBEAC0AZgBhAHIAdgBlAHMAawDmAHIAbQBLAGwAZQB1AHIAZQBuAC0ATABDAEQAVgDkAHIAaQAtAEwAQwBEAEwAQwBEACAAYwBvAGwAbwByAGkATABDAEQAIABjAG8AbABvAHIgDwBMAEMARAAgBkUGRAZIBkYGKQQaBD4EOwRMBD4EQAQ+BDIEOAQ5ACAATABDAEQgDwBMAEMARAAgBeYF0QXiBdUF4AXZX2mCcgAgAEwAQwBEAEwAQwBEACAATQDgAHUARgBhAHIAZQBiAG4A/QAgAEwAQwBEBCYEMgQ1BEIEPQQ+BDkAIAQWBBoALQQ0BDgEQQQ/BDsENQQ5AEwAQwBEACAAYwBvAHUAbABlAHUAcgBXAGEAcgBuAGEAIABMAEMARAkwCQIJFwlACSgAIABMAEMARABMAEMARAAgDioONQBMAEMARAAgAGUAbgAgAGMAbwBsAG8AcgBGAGEAcgBiAC0ATABDAEQAQwBvAGwAbwByACAATABDAEQATABDAEQAIABDAG8AbABvAHIAaQBkAG8ASwBvAGwAbwByACAATABDAEQDiAOzA8cDwQPJA7wDtwAgA78DuAPMA70DtwAgAEwAQwBEAEYA5AByAGcALQBMAEMARABSAGUAbgBrAGwAaQAgAEwAQwBEAEwAQwBEACAAYQAgAEMAbwByAGUAczCrMOkw/ABMAEMARAAAdGV4dAAAAABDb3B5cmlnaHQgQXBwbGUgSW5jLiwgMjAyMAAAWFlaIAAAAAAAAPNSAAEAAAABFs9YWVogAAAAAAAAYWwAADgyAAAKQlhZWiAAAAAAAABvHAAArpUAABaZWFlaIAAAAAAAACZOAAAZOQAAslJjdXJ2AAAAAAAABAAAAAAFAAoADwAUABkAHgAjACgALQAyADYAOwBAAEUASgBPAFQAWQBeAGMAaABtAHIAdwB8AIEAhgCLAJAAlQCaAJ8AowCoAK0AsgC3ALwAwQDGAMsA0ADVANsA4ADlAOsA8AD2APsBAQEHAQ0BEwEZAR8BJQErATIBOAE+AUUBTAFSAVkBYAFnAW4BdQF8AYMBiwGSAZoBoQGpAbEBuQHBAckB0QHZAeEB6QHyAfoCAwIMAhQCHQImAi8COAJBAksCVAJdAmcCcQJ6AoQCjgKYAqICrAK2AsECywLVAuAC6wL1AwADCwMWAyEDLQM4A0MDTwNaA2YDcgN+A4oDlgOiA64DugPHA9MD4APsA/kEBgQTBCAELQQ7BEgEVQRjBHEEfgSMBJoEqAS2BMQE0wThBPAE/gUNBRwFKwU6BUkFWAVnBXcFhgWWBaYFtQXFBdUF5QX2BgYGFgYnBjcGSAZZBmoGewaMBp0GrwbABtEG4wb1BwcHGQcrBz0HTwdhB3QHhgeZB6wHvwfSB+UH+AgLCB8IMghGCFoIbgiCCJYIqgi+CNII5wj7CRAJJQk6CU8JZAl5CY8JpAm6Cc8J5Qn7ChEKJwo9ClQKagqBCpgKrgrFCtwK8wsLCyILOQtRC2kLgAuYC7ALyAvhC/kMEgwqDEMMXAx1DI4MpwzADNkM8w0NDSYNQA1aDXQNjg2pDcMN3g34DhMOLg5JDmQOfw6bDrYO0g7uDwkPJQ9BD14Peg+WD7MPzw/sEAkQJhBDEGEQfhCbELkQ1xD1ERMRMRFPEW0RjBGqEckR6BIHEiYSRRJkEoQSoxLDEuMTAxMjE0MTYxODE6QTxRPlFAYUJxRJFGoUixStFM4U8BUSFTQVVhV4FZsVvRXgFgMWJhZJFmwWjxayFtYW+hcdF0EXZReJF64X0hf3GBsYQBhlGIoYrxjVGPoZIBlFGWsZkRm3Gd0aBBoqGlEadxqeGsUa7BsUGzsbYxuKG7Ib2hwCHCocUhx7HKMczBz1HR4dRx1wHZkdwx3sHhYeQB5qHpQevh7pHxMfPh9pH5Qfvx/qIBUgQSBsIJggxCDwIRwhSCF1IaEhziH7IiciVSKCIq8i3SMKIzgjZiOUI8Ij8CQfJE0kfCSrJNolCSU4JWgllyXHJfcmJyZXJocmtyboJxgnSSd6J6sn3CgNKD8ocSiiKNQpBik4KWspnSnQKgIqNSpoKpsqzysCKzYraSudK9EsBSw5LG4soizXLQwtQS12Last4S4WLkwugi63Lu4vJC9aL5Evxy/+MDUwbDCkMNsxEjFKMYIxujHyMioyYzKbMtQzDTNGM38zuDPxNCs0ZTSeNNg1EzVNNYc1wjX9Njc2cjauNuk3JDdgN5w31zgUOFA4jDjIOQU5Qjl/Obw5+To2OnQ6sjrvOy07azuqO+g8JzxlPKQ84z0iPWE9oT3gPiA+YD6gPuA/IT9hP6I/4kAjQGRApkDnQSlBakGsQe5CMEJyQrVC90M6Q31DwEQDREdEikTORRJFVUWaRd5GIkZnRqtG8Ec1R3tHwEgFSEtIkUjXSR1JY0mpSfBKN0p9SsRLDEtTS5pL4kwqTHJMuk0CTUpNk03cTiVObk63TwBPSU+TT91QJ1BxULtRBlFQUZtR5lIxUnxSx1MTU19TqlP2VEJUj1TbVShVdVXCVg9WXFapVvdXRFeSV+BYL1h9WMtZGllpWbhaB1pWWqZa9VtFW5Vb5Vw1XIZc1l0nXXhdyV4aXmxevV8PX2Ffs2AFYFdgqmD8YU9homH1YklinGLwY0Njl2PrZEBklGTpZT1lkmXnZj1mkmboZz1nk2fpaD9olmjsaUNpmmnxakhqn2r3a09rp2v/bFdsr20IbWBtuW4SbmtuxG8eb3hv0XArcIZw4HE6cZVx8HJLcqZzAXNdc7h0FHRwdMx1KHWFdeF2Pnabdvh3VnezeBF4bnjMeSp5iXnnekZ6pXsEe2N7wnwhfIF84X1BfaF+AX5ifsJ/I3+Ef+WAR4CogQqBa4HNgjCCkoL0g1eDuoQdhICE44VHhauGDoZyhteHO4efiASIaYjOiTOJmYn+imSKyoswi5aL/IxjjMqNMY2Yjf+OZo7OjzaPnpAGkG6Q1pE/kaiSEZJ6kuOTTZO2lCCUipT0lV+VyZY0lp+XCpd1l+CYTJi4mSSZkJn8mmia1ZtCm6+cHJyJnPedZJ3SnkCerp8dn4uf+qBpoNihR6G2oiailqMGo3aj5qRWpMelOKWpphqmi6b9p26n4KhSqMSpN6mpqhyqj6sCq3Wr6axcrNCtRK24ri2uoa8Wr4uwALB1sOqxYLHWskuywrM4s660JbSctRO1irYBtnm28Ldot+C4WbjRuUq5wro7urW7LrunvCG8m70VvY++Cr6Evv+/er/1wHDA7MFnwePCX8Lbw1jD1MRRxM7FS8XIxkbGw8dBx7/IPci8yTrJuco4yrfLNsu2zDXMtc01zbXONs62zzfPuNA50LrRPNG+0j/SwdNE08bUSdTL1U7V0dZV1tjXXNfg2GTY6Nls2fHadtr724DcBdyK3RDdlt4c3qLfKd+v4DbgveFE4cziU+Lb42Pj6+Rz5PzlhOYN5pbnH+ep6DLovOlG6dDqW+rl63Dr++yG7RHtnO4o7rTvQO/M8Fjw5fFy8f/yjPMZ86f0NPTC9VD13vZt9vv3ivgZ+Kj5OPnH+lf65/t3/Af8mP0p/br+S/7c/23//3BhcmEAAAAAAAMAAAACZmYAAPKnAAANWQAAE9AAAApbdmNndAAAAAAAAAAAAAMBAAACAAAAVgEuAesCxAODBFMFQAYnBxoIGAkfCj0LTgxrDZAOuQ/sES0SZROjFOMWKhd5GL8aDxtXHKQd8x88IIQhzSMRJFIljSbLKAApMypmK5csyi33LygwUTGAMqsz1TUCNjE3XTiKObY64TwNPTg+YD+JQLFB3EMIRDZFY0aQR7hI3koBSyRMR01qTo9PtFDYUfhTFlQzVU9WbVeNWK5Zy1rhW/Bc9137XwBgCmEZYi1jQWRSZV9mZWdhaFNpPGogawFr4Gy/baBug29ocFBxOHIgcwhz73TWdb52qHeTeH55bHpZe0l8PX03fjZ/OYBBgUuCV4NlhHSFhYaUh6SIs4nAisyL1ozfjeeO7Y/ykPWR9pL1k/WU+pYElxWYLJlHmmObf5yYna6ev5/LoNSh2qLgo+mk9KYDpxWoKqlCqlyrd6yUrbKu0a/xsRGyM7NTtHO1kLapt7q4wbnDusC7u7y1va++qb+jwJ3BlcKKw3zEasVTxjbHGMf5yODJz8rGy8PMwc28zq/PmNBz0UPSDdLT05vUZtU11gXW19eo2HbZQNoG2sfbgNw13Ofdkd473uPfjeA74Ovhn+JS4wPjr+RV5PnllOYs5r/nUufk6IXpL+nk6qjrbuwz7PXtr+5j7xHvtfBQ8ObxfPIX8sbzj/Ru9WH2ZveK+OT6xf0u//8AAABWASMBsAJqAzID6ASxBYAGWAc9CC0JJwonCyIMMA06DlEPYxB+EZ8SvhPpFRAWOBdhGIgZtBreHAsdMx5bH4AgoSG/Itsj9SULJh8nNShJKWAqeSuTLLEtzC7oMAQxITI8M1o0dDWLNqQ3uTjNOeI69DwGPRs+MT9NQGxBj0KwQ9BE7UYIRx1IMklFSlVLY0xuTXhOfk+DUIVRhlKIU4pUjFWKVoRXeVhoWVRaRFs/XEZdWl53X5VgsGHCYspjxWS1ZZxme2dXaDBpDGnsatBrumypbZtuj2+CcHJxXHJAcx9z+3TVda12hndieEV5MHokex18GX0VfhB/Bn/2gOKByoKxg5WEd4VdhkqHRIhMiWGKgYuljMaN3o7uj/WQ95H1kvOT8JTtleyW7pf4mRCaOZtunKadzp7jn+mg5aHfotmj0aTIpb6mvKfKqO2qIatdrJyt2a8UsE6xiLLCs/m1LrZkt5u40roFuzS8X72Fvqa/vMC+warCkMN9xHfFgMaPx53Io8meyo7LdcxTzS3OBM7az7LQi9Fq0lHTRdRF1VHWYtd12ITZh9p922bcQ90a3ezeud+H4FjhLeII4ubjw+Sd5XHmQOcM59Too+l/6mnrZOxo7W3ucO9w8HDxcvJ283n0d/Vp9kf3D/ez+EX4y/la+e360PwM/dr//wAAACsAxAFLAdgCZQMGA48EKwTPBXoGLwbpB6UIaAkvCfkKygufDHcNUg4yDw4P9hDZEcASqROTFH0VZxZSFz0YKRkVGfwa6BvSHL4drh6jH5sgliGUIo8jhiR2JWEmRScgJ/gozCmfKnMrSCwhLQIt6S7XL8gwujGqMpgzgDRgNTk2BjbPN5U4WDkZOdk6nTtkPDI9Bj3ePrY/j0BoQURCJkMQRABE80XnRtZHu0iWSWVKJUrgS5hMT00HTcNOg09JUBhQ6lG+UpNTaFQ7VQ1V3latV3xYSlkVWd9aqFtvXDVc+V29XoBfQ2AIYNFhnGJrYzxkDGTaZadmcWc4Z/xov2mAakBrAGvAbIFtQ24EbsVvhXBBcPhxq3JZcwFzqXRPdPR1mHY8dt53gHgdeL15YHoWetp7q3yDfVh+KH72f8OAk4FngkSDKoQYhQuGAIb0h+OIzYmvioyLYYw0jQeN2o6wj4qQa5FHkhKSxpNbk+yUepVBlkKXiJkImoqb5J0ZnjKfOaA5oTWiL6MopCGlGaYRpwqoCakPqiGrPaxgrYeura/TsPyyKLNatJK10bcUuFm5nLrXvAW9Kb5Hv2LAf8Gewr7D38T/xiHHQ8hnyYzKscvWzP3OKc9b0JfR3tMy1I3V7tdT2LnaIduV3S/fDuF35Ivoee1O8vb5Uf//AABuZGluAAAAAAAABjYAAJOVAABWjQAAVukAAJG3AAAmuwAAFwoAAFANAABUOQACh64AAkeuAAFrhQADAQAAAgAAAAEABAAIAA8AFgAfACkANABAAEwAWgBpAHgAiQCaAKwAvgDSAOYA/AESASkBQAFZAXMBjQGpAcUB4wIBAiECQgJkAocCrALSAvoDIwNNA3oDqAPXBAgEOgRtBKME2QUSBUsFhgXDBgEGQAaABsIHBQdKB5AH2AghCGwIuQkHCVcJqAn6Ck0KoQr3C04LqAwEDGIMww0lDYkN7g5UDrwPJQ+REAAQcRDkEVkRzxJGEr0TOBO2FDoUwxVSFeMWdRcGF5YYJhi4GU4Z6BqIGzEb4xyfHWIeKx74H8YglSFkIjQjBiPbJLMljyZsJ0soKykNKfAq1Su7LJ4tfi5cLzkwFDDwMc0yqjOJNGg1SjYuNxU3/zjtOd460jvKPMU9xD7HP85A2kHoQvZEAEUGRghHCEgISQlKDEsUTCFNNE5OT25QlFG8UuVUDVU0VllXfVigWcRa51wLXTBeVl98YKRhzmL4ZCRlU2aFZ7xo+mpDa5ls+W5jb9JxRnK8dDR1r3cteLF6PHvQfW9/HIDWgpSETIX2h5SJLIrFjGWOFY/fkc2T3ZX/mCCaOZxMnl+geaKgpNqnLamgrDCu4LGhtF63C7muvF2/K8IfxUbIoswMzyjR9tSR1yjZ0dye35fi0uZg6fntEu+s8gD0MPY59//5ivq4+9T8u/2j/nD/N///AAAAAQAFAAoAEgAbACYAMgA/AE0AXABtAH4AkQCkALkAzwDlAP0BFgEvAUoBZgGDAaIBwQHiAgQCJwJMAnICmgLDAu8DHANLA3wDrwPkBBoEUgSLBMUFAQU9BXsFuwX8Bj8GgwbJBxAHWQelB/IIQQiTCOYJOwmTCewKRgqhCvwLWAu0DBIMcgzUDTkNoA4LDngO5w9ZD84QRhDAET4RvxJDEsoTUxPdFGoU+hWPFioWyxdxGBYYthlRGeYaeRsNG6QcQBzkHZEeSh8OH90gsyGOImkjQiQYJOslvSaQJ2YoQiklKhIrCCwFLQguDi8SMBExCDH5Mugz1zTKNcE2wTfKONs58jsOPDA9UT5pP3RAckFoQlhDR0Q5RTRGOEdHSF9JfkqhS8dM8E4bT0VQa1GGUpRTl1SVVZRWoFe/WPFaNVuAXM1eHl90YM9iI2NmZJVltWbOZ+Ro+2oWazNsVG12bppvwHDqchdzRnR2dad22ngQeU16j3vYfSZ+fX/jgWeDEITKhnSIBomHiwSMiI4bj8ORgpNYlUOXO5k7mzudOZ8poQSixqR2phunvaliqxWs3a7FsM+y9bUxt3y5y7wPvkTAcsKmxOnHQsmyzDHOnNDd0vTU8dbn2OPa6Nz03wHhCuMU5STnSOmW7DfvivOm92z5zvuE/MP99P75//8AAAACAAgAEQAeAC0APgBRAGYAfQCWALAAzADqAQkBKwFNAXIBmAHAAeoCFgJEAnQCpgLaAxEDSQOEA8AD/QQ7BHoEugT8BUEFigXXBikGgQbdBz4HoggICG8I1Ak5CZ0KAgpqCtULRAu7DDkMwQ1QDeYOgg8hD8AQXBD2EZASLRLNE24UDRSoFUIV3BZ5Fx4XzhiOGWIaQhsqHBQc+x3dHrgfkiBtIUwiMCMYJAYk+SXxJu8n8yj9Kg4rJCxALWAugC+dMLgx0zLzNBo1STaCN8M5DDpcO7A9Bz5gP75BIkKTRBZFrkdaSRFK0UyaTm9QVVIyU9pVWlbMWEhZ01tmXPheg2ABYXBi1WQ3ZZxnCWiBagpro21NbwBwt3JvdB51w3d1eWR77n6kgHmB1oL8hAKFCIYQhzOIc4nUi1WM6Y6IkC6R2ZOIlTuW8Zipml6cCp2nnzegvaI/o8ClRKbKqFCp1KtUrNCuRq+5sSiyl7QItX22/LiJuia70L2CvzbA6cKcxE/GBMe7yXPLK8zkzp7QWNIU09LVj9dK2P/arNxP3ejfdeD94oLkA+WC5wLog+oE63/s7u5G73nwnfGN8nXzRPP39Kr1TvXb9mj29vd29+n4XPjP+UP5q/oN+nD60vs1+5j78fxJ/KL8+/1U/a3+A/5Y/qz/Af9V/6r//wAAc2YzMgAAAAAAAQxCAAAF3v//8yYAAAeSAAD9kf//+6L///2jAAAD3AAAwGxtbW9kAAAAAAAABhAAAJzfAAAAAMoq1YAAAAAAAAAAAAAAAAAAAAAA/8AAEQgA6AH/AwERAAIRAQMRAf/EAB8AAAEFAQEBAQEBAAAAAAAAAAABAgMEBQYHCAkKC//EALUQAAIBAwMCBAMFBQQEAAABfQECAwAEEQUSITFBBhNRYQcicRQygZGhCCNCscEVUtHwJDNicoIJChYXGBkaJSYnKCkqNDU2Nzg5OkNERUZHSElKU1RVVldYWVpjZGVmZ2hpanN0dXZ3eHl6g4SFhoeIiYqSk5SVlpeYmZqio6Slpqeoqaqys7S1tre4ubrCw8TFxsfIycrS09TV1tfY2drh4uPk5ebn6Onq8fLz9PX29/j5+v/EAB8BAAMBAQEBAQEBAQEAAAAAAAABAgMEBQYHCAkKC//EALURAAIBAgQEAwQHBQQEAAECdwABAgMRBAUhMQYSQVEHYXETIjKBCBRCkaGxwQkjM1LwFWJy0QoWJDThJfEXGBkaJicoKSo1Njc4OTpDREVGR0hJSlNUVVZXWFlaY2RlZmdoaWpzdHV2d3h5eoKDhIWGh4iJipKTlJWWl5iZmqKjpKWmp6ipqrKztLW2t7i5usLDxMXGx8jJytLT1NXW19jZ2uLj5OXm5+jp6vLz9PX29/j5+v/bAEMAAQEBAQEBAQEBAQEBAQEBAQEBAQEBAQEBAQEBAQEBAQEBAQEBAQEBAQEBAQEBAQEBAQEBAQEBAQEBAQEBAQEBAf/bAEMBAQEBAQEBAQEBAQEBAQEBAQEBAQEBAQEBAQEBAQEBAQEBAQEBAQEBAQEBAQEBAQEBAQEBAQEBAQEBAQEBAQEBAf/dAAQAQP/aAAwDAQACEQMRAD8A/v4oAKACgAoAKACgAoA8N+N7/E5P+FS/8Kz/ALS+b4x+GV8e/wBnRWcv/FvDofik619u+1o/l2H9pjQ/Okttt0JPIEbBGkVgD3KgAoAKACgAoAKACgAoAKACgAoAKACgAoAKACgAoA+X/H/wu8eeIP2tf2a/i5o9zbx/Dv4afCn9pvwn44tH1WW3ubnxD8T9S+AFz4Flg0dVMWpx20Hw+8YCe7lZX0s3ESxhv7RfaAfUFABQAUAFABQAUAFABQAUAFABQAUAFABQAUAFABQB4d4T8CeMtI+O3xb8e6nqUc/gvxf4d+H+m+F9NXUrqeWxv/D1nqEOuSyaZJGtpYC6luIGSW3kd7vYWmCFF3AHuNABQAUAFABQAUAFABQAUAFABQAUAFABQAUAFABQAUAFABQB/9D+/igAoAKACgAoAKACgDw343/E/W/hl/wqX+xNO0/UP+E++Mfhn4d6r/aCXT/YtH1rQ/FOp3N9ZfZZ4Nl9FPodrHE9wJ7YRzTB4Gco6gHuVABQAUAFABQAUAFABQAUAFABQAUAFABQAUAFABQB8yePdf8AjLZ/tX/s4eHPC8Guv8Ddc+Fn7S2ofF24tPDdrfeH4PG2g6l8BE+D0et+KZNLuLvw9fz2esfFA6Hpltq+mReI0h1eS5tdTOh27WAB9N0AFABQAUAFABQAUAFABQAUAFABQAUAFABQAUAFAHhvhPVPidcfHf4t6Vr0OpL8LtP8O/D6bwDNPpFrbaZJq93Z6i3ixbHWI7OK71OZLhLT7VBcXt0lkxRIY4A7BwD3KgAoAKACgAoAKACgAoAKACgAoAKACgAoAKACgAoAKACgAoA//9H+/igAoAKACgAoAKACgDy/4nfFLSvhf/wgH9q6dqGo/wDCwfiLovw407+zzbD7DqWt6XrmqQX979pmhzYwxaFcRy+R5tx5k0JSF1DlQD1CgAoAKACgAoAKACgAoAKACgAoAKACgAoAKACgAoA+bPHXxr13wr+1N+zv8B7TSNMufD3xj+GH7R/jnW9auDdf2tpWofBjUfgVZ6HZaaI5Vsza6snxV1d9TNzDLMG02w+yvEDcCUA+k6ACgAoAKACgAoAKACgAoAKACgAoAKACgAoAKACgDxTwt8UtQ8QfHD4rfCqbSbW3074e+HvAWs2WrRzTPd6lL4vtNQubmG4hZRDElm1mqQtEzNIHJkC4XcAe10AFABQAUAFABQAUAFABQAUAFABQAUAFABQAUAFABQAUAFAH/9L+/igAoAKACgAoAKACgDzH4mXfwytf+EC/4WWunN9o+Iei23gL+0La8udvxDfTNcfRWsvskU32e/GmR655Nxc+XapGZkklV3jDAHp1ABQAUAFABQAUAFABQAUAFABQAUAFABQAUAFABQB4l4r+K/gbw78e/g18HdW8P6hefEH4oeBPjV4v8FeJIdM0i403QtA+Fd78KLXxxpt/q1zfQ61ptzr8/wARfCMlha6Vp17Z6kui3ratcWL2GmrdgHttABQAUAFABQAUAFABQAUAFABQAUAFABQAUAFABQB5joPxG8L638UvH/w2sNMv4PFPgfR/Ceq+INTms7GLT7+z8UW93PpMNnexXcl/dS2kdrMtzHd2dtFAXUW7zBnZQD06gAoAKACgAoAKACgAoAKACgAoAKACgAoAKACgAoAKACgAoA//0/7+KACgAoAKACgAoAKAPMfiZ8OvC3xE/wCEC/4SjUtQ07/hCPiHo3jzw/8AYL6wsvt3iTSNM1zTrGwvPt1nefarGW11m/lltLP7LeySQRSRXUccUqSgHp1ABQAUAFABQAUAFABQAUAFABQAUAFABQAUAFABQB4f4st/gm/x/wDgvc+KjY/8L6g8B/G2P4NiW71yO/PgWe9+Ex+NBsrO0mXQLqAXkPwp+2za1BNf2rG0GiSQpcasJQD3CgAoAKACgAoA/Bj9iH/gs/4Y/az/AOCoH7aP7CMmm6bo/hr4R2un6r+zt4o+z3dtd/FPSPB7w+Ffi5qcF9cTCx1nSrbxcbfU/C9/pcCJeaHqvlnzm06a4lAP3noAKACgAoAKACgAoAKACgAoAKAPMdBg+GKfFHx9caCdNPxRm0fwmvj8QXV5JqS6PHb3g8J/brWWd7K3iNubv7K9rBE8q7jOzkIaAPTqACgAoAKACgAoAKACgAoAKACgAoAKACgAoAKACgAoAKACgD//1P7+KACgAoAKACgAoAKAPFPjR8K774pf8Kr+w6raaX/wr34ueHPiRd/aoZpv7Rs9D0XxPpUum23lf6q5nk16KWOaXMSpbyK3LIVAPa6ACgAoAKACgAoAKACgAoAKACgAoAKACgAoAKACgDxLxX8FNG8VfHz4NfHm61u/tNc+DngT41eBdI0CGK2bTtZsfjPefCi81i+vppP9KiuNFf4VaWliltmKVdWvPtPKQFQD22gAoAKACgD88P8AgqR+1JD+yh+x3498W6f4v0DwP8QviVqXh/4DfCHxJ4m1iy0DRtD+JXxevv8AhFtJ8VX+r6jdWVjp9j4A0q41r4iahc3l1BbpYeE7kSSruVXAP5O/+Cr3iD9kf9gnxH/wSv8A2/P2Hv2ifgJ8Q/Gn7E2p+EvgJ8a/Bnwu+MHw78YeNPiD8GNVtrl9W1W90Pwz4gub7Wrporzxza6prl/aXnl6nrPha4nbdZwlQD+5r4ZfETwt8XPh34H+KPgjVLTW/CHxB8LaH4v8N6tYzLcWd/o+v6db6lY3NvOuFljkguFw6jDYyMUAdzQAUAFABQAUAFABQAUAFABQB5hoHwv0fQPil4/+KdtqN/PrPxA0fwlo+p6bMbb+z7GDwjb3dvYy2YSJbnzbpbx2ufPmkTKL5SqN1AHp9ABQAUAFABQAUAFABQAUAFABQAUAFABQAUAFABQAUAFABQB//9X+/igAoAKACgAoAKACgDw3436P8TdX/wCFS/8ACtJtQh/sz4x+GdU8ef2frFno/mfD230PxTDrMV79rvbL+07FtTuNEaXSrb7VdXEiwzR2kiW0jxAHuVABQAUAFABQAUAFABQAUAFABQAUAFABQAUAFABQB8zePPgr4l8VftW/s4/Hew1PRIPCvwd+Fn7SvgbxFpV3Pfpr+o6p8ZtS+At54butGt4dPn06aw02P4Va6utyX2pWFxC9/pIsLfUFlvWsgD6ZoAKACgAoA/AT4h/EG5/a2/4K3fC34afFL9lv9pyb9k79mL4Z+Mr7wP44+If7H/x3HwL+KH7Tvju4sdG1DVrnxR4g+GL+EP8AhH/AHgW0u9H8N+IfEktn4cv9V17xDeaNq1xbyWVxdAH2B/wUE/Ym/ZP+Jn7F37SPw71j9nLwmw8Z/CrxXomjTfCP9np/GXxCsfFj6bNd+DtS8OaB8LPA2u+Nry707xTaaReldI06XckDQ3TxW0srqAfmB/wbLfF39qnwp+yPbfsVftifsy/tY/Bjxl8AdW1jSfhD40+M/wCzj8a/AXhDxt8HJbk3fh6xi8beK/BWleFtM1fwm1xLoFn4bv8AUbK/l0Kz0y4s4r2T7aLQA/p6oAKACgAoAKACgAoAKACgAoA8O8KfC/WtA+Ovxa+Kd1qWnT6J8QPDvw/0fStNhe7OpWNx4Ss9Qt7+W9SS2S0SK6e7ja2Nvczuyo3nJEQooA9xoAKACgAoAKACgAoAKACgAoAKACgAoAKAAkAZJwB1J4FABQAUAICCMggg9xyP0oAWgAoA/9b+/igAoAKACgAoAKACgDw343+OfGfgf/hUv/CG6dDqP/CW/GPwz4O8Uebpt3qX2Lwnqeh+Kb7Ub6P7LLF9hlivdL0yNb+4320ImaJ42eZGUA9yoAKACgAoAKACgAoAKACgAoAKACgAoAKACgAoA8f+O/x/+C37MPww8SfGb9oD4l+EvhN8L/CVus+veMvGerW+k6TaGVtltaQvK3nX+p30uINN0nT4LvU9SuWS2sLSe4dI2AP5Qvin/wAHb3/BOa1/a5+C994K8S/tLa9+z/4O8G/HPw18UtV0D4YQ2XhXxZ4r8W6l8Im+Fnie00DxB4o0TxVqdh4TtPDHxGE1zeeHbDUbFPEkA0/TdQ+33X2IA/ph/Y2/bx/ZP/b++GMfxb/ZP+Mnhn4r+FI5IrXWYNOa603xR4T1KWJZhpHjHwfrNvp/iXwtqnlsJEtNa0y1a4hKXNo89tIk0oB9eUAFABQAUAFABQAUAFABQAUAFABQAUAFABQAUAeG+E4vicvx2+Lc2vNqJ+F0nh34fL4BWeSzOmjWEs9R/wCEsNjFETepKbg2n2o3QWNm2+RkBqAPcqACgAoAKACgAoAKACgAoAKAPzy/4Kbft3R/8E9P2aLj44xfDfxN8Tta1Pxz4H+Hfh3RtE0q/vdI0/V/HHiPT9Ch1vxbfWI8yy0jToruWa3sbZjqniDVBZaLpyRfarjULAA+0Phh46i+JXgXw740h0PxP4dXXLCK5bSPGHhfW/B2vWsuNsv2nw/4htrXVrKGSRWks2uoV+0WrRTxs8ciOwB4dr37eH7EPhXWtV8N+Jv2wv2YPDviLQr+50vWtC1v48/C/StY0jU7KVoLzT9T02+8TwXljfWsyPDc2t1DFPDKjJJGjhlUA9E+FH7SX7PHx4utZsfgj8dvg98YL3w7BZ3Ov2nww+JPg7x5c6Jbai9xFYXGrweF9Y1OTTob2S0uo7SW8SJLl7a4WEsYX2gH5fftK/F7xf8AHL/grL+zx/wT0sPF/ibwr8FvC/7M3jb9rb46WngbxVrvg7WviPq8XjK0+H/w9+GniDxF4XvNK8S2XhKyEt74v1PStK1nTrfxJJJY2OuC+0uB7KUAn/ZL+OXjP4V/8FPv2v8A/gnZ4h8WeK/Gnwu0f4Z/DP8AaX/Z1uPHHiXWfGnivwZ4f8a2x074kfDy48W+J72/8Sav4X0PxfGt94Lj1bUtZvNH0rVG0T7cthp1hAgBe/4Ka/Hn4gJ+0l/wTm/YR+HPjPXvh/B+2T8YfHt78YvF/gvXL7w344sPg38E/BR8aar4W0HxDpLwa14aX4j6xLZ+H9Q8QeH77TNfstMs7630vVLGS8eZQDm0+K/iL9j3/grh8HP2SNH8UeMta/Zx/bE/Z08U+MvC/g3xr4z8T+Ppfhr8cfhNrLWmpv4K1nxrq2s65pPhHxl4INteav4aTWLrTbTxHpsup6Xp1l/at+XAOc0Pxn8YNC/4OB7v4Pap8dfix4y+EWqf8E9dS+KWmfC/xJrWj2/gPwt4qvfi7aeH5bvQ/DPhbQfDWlTTrp2lwxQ6v4gt9b8SKk1xC+tvbuIaAP3doA//1/7pPE3x0+CngrxRZeCPGPxd+GfhTxnqL2EWn+E/EfjnwzoviS+k1SVIdMS00TUtTttSuH1CaSOKyWG2c3UjokIdmUMAX/H3xf8AhP8ACmLS5/if8TfAHw6h1xrlNGl8ceL/AA/4Vj1Z7JYHu1019c1CwW+a1W5t2uBbeaYVnhMm0SpuALeufFD4a+GfCFt8QfEfxA8F6B4DvYrKez8aaz4n0XTPCt1DqSb9Plt/EF5ewaVNHfJ89m8d2yXK8wlxzQAaB8UPht4r8IXXxB8MfEDwX4i8B2MGpXV5400PxRomq+FbS20YTHV7i58QWN7PpUEOli3nOoSy3apZiGU3DRhH2gFPwB8YfhN8Vl1Fvhf8TvAHxGXRzAurN4G8X+H/ABWNMa5Dm2F+dD1G/FmbgRyGEXAj80I5TdsbaAUPDXx1+CfjPxTd+BvCHxe+GfinxpYLeNfeEfD3jrwzrPiWzXTpUg1BrrQ9O1O51KAWM0kcV2ZbZBbyukcpR2UUAGr/AB1+CmgeNIfhvrvxe+GWjfEO4nsLWDwLqvjnwxYeL57nVYop9Mt4vDd1qkWsST6jDPDLYxLaF7qKWKSBXR0NAHnX7RP7Vnwo/Zpn+GVr8RfFvgvQbn4k+PtK8G2lv4n8b+H/AAlPY6fqGn65e3PigRazPG97pemzaOlldGMRRLPfQh7uJgqOAeweLvih8NvAHhy08YeOviB4L8GeE9QntLWx8T+KfE+i6BoF7c38EtzY29rq+q31rp9xPeW1vPPaxRXDvPDDLLErJGzKAFl8UPhrqXgmT4lad8QPBd98Oorae9l8eWfifRbnwdHZ2sxt7m7k8Sw30mjpb286tDPM14I4pVMcjI4IoAj8BfFX4YfFSyvtS+GPxF8D/ETT9MulstSvvBHirQ/FNnYXjRJOtre3OiX19DbXJgkjmEMzpIYnSQKEYFgDJ8FfHX4KfEnWbzw58PPi78M/HXiDToJbq/0Pwf458M+JNXsba3mW3nuLvTtH1O8vLeGG4dIJZZYVSOVljch2AoAST46/BOLxwvwyl+L3wyj+I73Z09fAL+OvDK+MmvhC1ybMeGW1NdZN0LdHnNuLMy+SjSbdik0AP8cfHH4L/DLV9P0D4j/Fv4a+Add1a1jvtL0bxn448NeGdU1KyluZbKK7sbDWtTsrq6tpLyCe1SeCJ4nuIpYQ5kjZVANXxx8VPhj8MtLsNb+I/wARPBHgHRtUmFvpmq+MvFWh+GdN1C4MQnENle6zfWdtdSmEiURwSu/lt5mCpBYAfN8UPhtb+Bv+Fnz/ABA8Fw/Db7Fban/wn8vifRY/Bf8AZ15PFa2l/wD8JO96NF+x3NzcW9vb3P2zyZpp4oo3d5UDADfB3xS+GfxD0G+8U+AfiF4J8beGdMluIdS8Q+E/FOieIdE0+a0gW6u4r3VdJvryxtZLa2dbidJ5kaGFhLIFRg1AGb4E+Nnwc+KN9qWmfDT4r/Dj4g6jo8Uc2rWHgrxr4b8UXmmQzSSRRS6hbaLqN7NaRySwyxxvcJErvG6qSUdaAILD46/BPVPG8/wz034vfDLUPiNa3t7ptz4CsvHPhm68ZW+o6aJG1Gwm8Mw6m+sxXlgsMzXls9mJrYRSmZECPtAHeKvjn8FfA3iWy8GeNfi78NPCPi/UjZDTvC3iXxz4Z0PxDfHUphb6eLPRtS1O11G5N9Oyw2fk27/aZWEcO9yFoAv+Pvi98KfhVb6Xd/E74l+Avh3a649zFotx448XaB4Vg1aSzSCS7j02XXL+xjvntY7m2e4W2MhhSeFpNiyx7wC1rHxQ+G3h7wdb/ETXviB4L0XwBdwWV1aeN9V8UaJp/hK6tdSCtp1xb+Irq+i0iaC+VlNnLHeMlyGUws+RQAeHPih8NfF/hO78e+E/iB4L8TeB9Ph1G4v/ABjoHifRdY8L2Vvo6Sy6tPda7p97PpdvFpkcE0moSS3apaJFI1wYhG5oAo+APjH8JPisdTX4X/E/4ffEY6N9n/tceBvGPh7xWdL+1+aLX+0BoeoX32P7SYJvI+0eX53lS+XnY1AH8M3/AAVYv9W/4LTf8F7/AII/8Er4viVNp/7JX7PemW3if4lxeDvEEZg8Satb+HLTxX8Qr63a2nu7K68WwTajpfwzspbiDf4cgi1PU7SAXJvEvQD999X/AGXP+CU37O/x7/Zw/wCCfmifso/sDWnw2+Jvwn+Ot1490Px98PPht4k+Ko8UeDJ/gXafCyzvPE3ime78T3OteOLP4jeLr2K68Spq3iXXJtH0678L6lp39l3f2gA/nE/aG+DXhn/g3X/4Lv8A7K/jz9mHXbjwR+x7+2tNonhj4gfCvU/El7c+HvCmjeKvFv8Awh2v6Zez6pd+ZJ4d8FeIbvTfG/hbWtYmvL3QNIl1PRTqM8bajcXQB/fV4o+KPw18D+GLPxt40+IHgvwj4O1GSyisPFXibxPouheHb2XUYJbqwitdZ1S9tdPnlvbeGae1jjuGe4iikeJSqOygC6d8UPhrrHgqX4k6T8QPBep/DuG2u7ybx3p/ijRbzwfFaWErwX11J4kt72TR0t7OeOSG6ma78uCVHjlZWUigCHwD8WPhd8VbW+vvhj8RvA3xEstLuEtNSu/A/ivQvFVtp91JGsyW17Pod9fRWs7xOsqRTMjtGwcLtwaAMrwb8dfgp8RdevPC/gD4vfDLxv4l0+Ce6v8Aw94S8deGPEWt2VtazR211cXel6Rqd3fW8NtcSxQTyywIkM0iRSMrsoYALj46/BO08bp8M7r4vfDK2+I0l0lingKfx14Yi8ZPevCbhLNfDUmpprLXT24My24szK0QMgVk5UAk8dfHD4MfC/UrDRviV8Wvht8PtX1W1W+0zS/Gvjfw14X1HUbNriW1W7sbPWtSsri6tjdQy24ngieLz4pItzOrKoBq+N/in8M/hppNjr/xF+IXgnwHoepzpbadrPjHxTonhrS7+4ki8+OCzv8AWb2ztbmZ4AZkjhmZ2iHmAFOaAHN8UPhsvgb/AIWc3xA8Fr8NxZxaifH7eJ9FXwYNPnnitoL7/hJzff2L9kmuZobeO5+2iF5pY4lcu6LQA3wX8U/hl8SNEv8AxL8PfiH4I8deHdKnntdT13wh4p0TxHo+nXNtbx3dxb32paPfXlnaTwWssdzNFPMjxwSJM6hGVqAMvwN8bvg18T9Q1DSfht8WPhv8QNV0iJZ9V03wX428N+J7/TYXkeFZr+00XU72e0iaWOSISTxopkRkB3KwoAitPjr8E77xxJ8MbL4vfDK8+JEV7d6bL4BtfHXhifxnHqNhHLLfWEnhmLU31lLyzit5pbq1azWa3jikeVFVHoAd4t+OXwV8A+IrHwj45+Lnw08G+K9TW0bTvDXinxz4Z0DXr9b+b7NYtZ6Rqmp2t/creXH7i1MNu4nm/dxFnwtAGj48+Lfwr+Flppl98TfiT4D+HllrUk8Wj3fjfxboPha21WW2SGS4j06fXL+yjvZII7iCSZLZ5GiSaJn2h03AFjVPih8NdE8F2/xI1n4geC9J+Hl3a2N/a+OtR8UaLZeELmy1PZ/Z15B4kub2LR5ra/8AMj+xzx3jRXO9PJZ9wFACeGfij8NfGnha88ceD/iD4K8VeC9Ojv5b/wAW+HfFGiaz4asotKjebU5LvXNOvbjTLdNOijllvnluVW0jR3nKKpKgFHwD8ZPhF8VpNUi+GHxR+HvxFl0QWzazH4H8ZeHvFb6St40y2jaiuh6hfNZLdNb3C27XIiExglEefLcUAeGfDv8Aav8AAvj39pn4t/APTviB8LNUn8CaJ4RvND0vQ/FOl3vjG+1TULe+bxZZX1jDrdw07aBc20ENxBa6Zbz6a0pj1As7IaAPZ9e+OvwT8K+MLX4e+Jvi98MvD3j29n021s/BWt+OvDGleK7u51jyv7Jt7fw/fanBq002pm4gGnxR2jPeedELdX3oWALnj/4y/CL4UtpyfFD4o/D34dPrCztpKeOfGXh7wo2prbFBctYLrmoWJvBAZIxMYPMERdA+N4oAv+Jvih8NvBfhe18b+MPiB4L8K+DL5rNLLxb4j8T6Lovhu7fUIpJ7BLbW9RvbfTZ2vYIpZrRYrljcRRvJDuVWNABpXxQ+G2veC5fiRonxA8F6x8PILe+u5/HWl+KNFv8AwhDa6ZLLBqVzL4ktbybR44LCaGaK9la7CWskUkczIyPtAK/gH4tfCz4rW9/dfDD4k+BPiLa6VNHb6nc+B/Fmg+KoNOnlTzIoL6XQ7++jtZZIyJI452R3T5lBUZoAzPCHx1+CfxA8RXnhDwJ8Xvhl408V6fBdXV/4a8K+OvDHiDX7K2sZ4ra9uLrSNK1O7v7eG0uJ4YLmWWBEgmljilZXdAwAXnx1+CeneNk+Gl/8XvhnZfEWW6hso/Ad3458M2/jGS8uYRcW9onhqXU01l7meAiaGBbMySxESIrIQVAJPHnxv+DPwsvrHTPib8Wfht8PNS1O2N7pth438b+GvC17qFmJntzdWVtrepWU1zbCeKSEzwpJGJUeMtvUqoB6bFLFPFFPBJHNBNGksM0TrJFLFIoeOSORSVeN0YMjqSrKQQSCDQBJQB+In/BwtpmpXH/BM/x54itLC8vtM+Hvxg/Z7+IfiySxt5bubS/CHhj4u+F7jXtZe3gV55LbTLeZbi6MSOYrdZJ3CwxSuoB+r3wI+Knw8+M/wn8E/EL4V+LdH8deBtc0HTm0TxZ4euRf6BrUMFrDBJdaPqkQNnqtl5sbpHfafNcWcxUmGeRRuYA/Gn4rfs8ftZav8S/HeqaD/wAEbf8AgkV8RtE1DxVrV3pXj34g/FDSLHxx4wsJ7+aS28ReLbOT9jXxI9t4g1WIrd6pC+v6w0d3LKp1C6/1rAH2H+wP8LfjZ8PNc+I9x8Wf2Cv2HP2N7XU9M8ORaLq37IvjGx8Uar45ntrnWHvdP8axWnwE+DRs7HQ0mt59Fd7vXRNPqepAW9j5ZkugD5O/aA8In9m7/gtz+z7+2Z4zWPw/8A/jx+yL4w/ZW8TfEa/YWnhjwl8bdE8dWPjXwPZeM9dm2aZ4cs/GPhRLvSvDNzrN1Ywarrmlz6XZTz3rx29AHBfCLxH4K1X/AIKff8FEv+Cn+t6gP+GTv2eP2aPAvwJ8P/GTSrPUvEOieL73wJpt546+O134Jh0Swv7zxXpHgzUY7Hw9PqHhyHVbbUtesNR0/TXuLizmjUAk/bo1nwt48+P/APwRy/4KwfDGa+8TfsyeA/FnjTT/AImeP00PXNLbw58IP2k/hxHpvw3+IviTS9X02x1nwv4Q0vxXJbxeKdT8R6dptv4dj1uyl1p9OQu1AHXeJtG0z9sP/gtv+zv8U/hZeaZ49+Df7Dn7Mvj6Xxx8TvDl/Dq/g+w+Nnxl1lbPw58PNN1uy+0aVqviS08BQXHiHXrXTr64k0Sz1bSYtTS3nvYFYA8qf42fCCf/AIOXINKi+Jngdr+z/wCCbsnw/uLf/hJdJBj8dP8AGiLVl8HeY10sTeJ203ULS8GhJK+pGGYMLY7XVAD+kGgD/9D+9u98LeGdTvo9U1Hw7oWoalCYmh1C90jT7u+iMDBoDHdz28lxGYWVWiKSKY2UFMEAqAS6t4d8P68sC65oej60tqXNsuraZZaituZAokMAvIJxEZAiBzGF3BVBztFAEl1oei32nppF7o+l3elRrGsemXWn2lxp8awjEKpZSwvbKsQ4jCxAIOFxgCgAtND0Ww099IsdH0uy0mVZkl0y00+0ttPkS53C4R7KGJLZ1nDsJlaIiXcwcNlqAI9J8O+H9BEw0LQtH0UXBU3A0nTLLThOUzsMws4IRKUydu/dtycdTtAIrLwt4Z02+k1TTvDmhWGpyiQS6jZaRp9rfSCZg0oku4LaK4cSsA0gaRt7AFskZoAS48LeGLvUl1m78OaDdawjxSJq1xpGnzaksluqrA630ls90rwqirEyygxqqhMBQKAPOfi7J8HLVvAD/Fvwv4Z8RPrPj7SPDPgV/EPhCx8VtZeNb/TtavNLlsWu9N1A6NcCwsdYCaqhthbq8kJnU3IRwD1DUND0XVrOPTtV0fS9TsIXjkisdQ0+0vbOJ4kZInjtrmKWBHjR2SNlQFEdlUgFgwARaHosGmHRYdH0uLRmR4m0mLT7SPTDG7b3jNgsItSjuSzp5JVm5IyaAG6VoOh6DFLDoei6To0M7+bNFpWnWenRTSbQnmSx2cMKyPtULvcM21QM4ACgEGm+FvDOi3Mt5o/hzQtJvJlZJrrTdI0+xuZUdt7JLPa20Usis4DsruQWG45NACHwt4YbVBrbeHNBbWRJ5o1c6Rp51QS7Snmi/wDsxuxJsJTf527aSuQCRQA7VPDHhrW7iG71rw9oer3VugigudU0nT7+4giV2kWOGa7t5pI0WR2kCIyqHZmADMSwBPqeg6HrcEVrrOjaVq9tA2+C31PTrO/ghfbt3RQ3cM0cbbQFyiqdvGccMAK2h6K+l/2G+kaW2i+UkH9kNp9odL8mNleOH+zzCbTyo3RXSPydisqsoBUGgBNO0LRNHtZbHSdH0rS7Kdnaaz07TrOxtZmkUJI0tvaxRRSNIg2OXQllAUkgYUAh0rwz4b0OWafRPD+iaPNcqFuJtK0mw0+WdVJZVmktLeBpVVmLASFgCxIwSaAGxeFvDMGptrcPhzQodZeWWZ9Xi0jT49Teabd50rX6263bSyhmEshmLSbm3FsmgAv/AAv4Z1S9i1LU/DuhajqMPl+Tf3+kafeXsPktuhMV1cW8k8flMA0eyRdjDKYIyoBLq3h7QNeSCPXND0fWUtS7WyatpllqKW7SBBIYFvIJ1iMgjQOYwu4IgOdooAkuND0W705NHu9H0u60iNI449LuNPtJtOjjhGIUSxlie1VIgAI1WICMfdA6UAFnoei6dYSaVp+j6XY6XKsyS6bZ6faWthIlwGFwklnDEls6zh2EytERKGYSBsmgCLSfDnh7QfOOhaFo2i/adn2j+ydLsdO+0eXny/O+xwQebs3Ns8wNt3HGMmgD+Fb/AILK6H8Tf+CPX/BbL4Jf8FkPCfw4v/Gf7M3xgsNJ8DfGi18NWS40XU4/Ddp4Q8YaLIyrFbadretaVpml+PvDc+oXFrZ+IdZstS0hbmFLe+ltQD91tJ/4OBv+CPPjTVvhL4tt/wBpD4DR6B4++H/xF8d+IfGPjTWdD8M+N/hZqnw5Pw7TQ/BnivwJr1jF4+HivxinjLVv+EUsrGxknvv+EG18aOmqR27yW4B/OVr/AMXtW/4OSf8AguT+zprvwA8Ea4v7Cv7Bep6B4o1z4k+I9JudMtvEtp4V8VN4yj1jUbDUIcWt58QvF9npeh+HvCV28Op3PgzTbvVtQ0+1uYNRs1AP9Ay90HQ9SsItL1HRtK1DTIDEYNOvtPtLuxhMCGOEx2lxDJAhhRmSMrGCisVXAJoAWHQ9Ft9MOi2+kaXBo7JJG2kw6faRaY0crFpYzYJEtqUkZmaRTFtdiSwJOWAG6ToGhaDHLFoei6To0U7iSaPSdNs9OjmkA2h5Us4IVkcKAoZwzADA4HygEGneFvDOj3Ul9pPh3QtLvZldJrzTtI0+xupUkYO6SXFtbxTSK7qHdWdgzKGIBAoAR/C3hiTUxrcnhzQX1kSCUas+kae2piVV2LIL82zXYkCZUOJdwX5RlSQoA7VPDHhrXJornWvD2h6xcW6eVBPqmk2GoTQxhzII4pbu3meNA7M+xCF3sWwCcuAT6noWia1bxWms6NpWrWsDB4bbU9Os7+3hcLsDxQ3UMscbBflDIgIXgYBNACnQ9FOl/wBiHR9LOi+WsP8AZB0+0Ol+SjB1i/s/yfsnlq6q6x+VsVlDDBClQBNN0LQ9GtpbLSNG0rSrOdmee003TrOxtpndBG7ywWsMMUjPGAjM6sWQBSSAAoBBpfhnw3ocs1xovh7Q9HnuFCTz6XpNhp8s6hiwWaS0t4nlUMSwEjMAxJHJNACR+FvDMWqHW4vDmhR600kkzavHpGnpqjTShlllOoLbC7MkiswkczbnDMGLZO4ANQ8L+GdWvItQ1Tw7oWpX8HliG+1DSNPvLyERNviEVzc28s0flv8APHsddjfMMHBoAm1Xw/oOvRwxa5omkazFbMzW8eq6bZ6jHbs4VXaFLyGVYmdUUMUVSwVQegoAfPoei3Ompo1zpGl3GjxxxRJpU+n2kumpFBjyY0sZImtVjiwPKQRbY8DaBigAstD0TTbGTS9O0fS9P02YSrNp1lp9paWMqzgrOJLSCKO3kEysVlDR/vAxD7gaAItJ8OeHtBM7aHoOjaK1zsFy2k6XY6cbgR7jGJzZwQmXyy7lPML7dzYxuJoA8n8K+KvA+pfGf4jfD/TPBGnaZ4n8A6P4U1vUvFEWmaRC+qJ41t7y6jjguLeFdQEsP2NheNO+JmZSC3O0A9UuvC3hi+1FNXvfDmhXmrRPC8eqXWkafcajG9vt+zul7NbyXKPBsXyWWRTFtXYRhdoBJq3hzw9rxhOu6Do2tG33C3OraXY6iYA+N4h+2QTeVvwN2zbuwM9PmAJb3Q9F1Kxj0vUdH0u/02IxmLTr3T7S6sYzCpSIx2k8UluhiVmWPbH8ikhdoJoALfQ9FtdNbRrXR9LttHdJY30q30+0h01o52LTo1jHClqyTMzNKpiIkZiWySTQAzSfD+g6Ckseh6JpGixzsHnTSdNs9OSZ1GFaVbOGFZGUcBnDEDgHAwoBDp/hbwzpF5JqGleHNC0y/mV45b7T9I0+yvJUkZXkSS5traKd1kdVd1aRgzKrNkgGgBJPC3hibUxrUvhzQZdZV1lGrSaRp76mJEXYkgv2tzdh1T5VcTBlX5QcUAO1Xwx4b12WKfW/D2h6zNAnlwTarpNhqMsMe4v5cUl5bzPGm9i21Cq7mLYycsAbaqqKqooVVAVVUAKqgYCqBgAADAAGAOBjFAC0AMkjjljeKVElilRo5I5FV45I3Uq6OjAq6OpKsrAqykgggkUAOVVRQqqFVQFVVACqBwAAMAADgADHpjFAC0AFAFe7tLW/tp7K+tre9s7qJ4Lq0u4Y7i2uIJF2yQzwTK8U0Uikq8ciMjKcEEGgBsNjZW1mmn29na2+nxwfZo7GG3his47bZ5f2dLaNFgWAR/J5SxiPYdu3HFAE/lRiPyRGnlbPL8rYvl+Xjbs2Y27Nvy7cbccYxxQBU07S9N0e0jsNI06x0uxiLGKy060t7G0jLsXcx29tHFChd2ZmKoCzEs2ScqAXqACgD//R/v4oAKACgAoAKACgAoA8x+JnhPwF4r/4QH/hPL+Gw/4Rz4iaL4m8H+dq8Ok/bPGthpmuWml2MfnEf2lLLYahq0i6XFmadYmmUEW7FQD06gAoAKACgAoAKACgAoAKACgAoAKACgAoAKACgDhfiZ8MPhz8ZvA3iP4ZfFnwP4W+I/w98X6dNpXibwZ4z0Sw8Q+HdasJh80F/pepQXFrKUYLNbzbFntLmOK5tZYbiKOVAD+b/wCIH/Bs3/wQll+P/grwrqnwe8feEvGnxU0r4geOfCfwn8M/Fn4sW/gnXdC+Gl54Nj8eTR3RuNTuPD9npNx8QfCcS6Z/wmWi3FzHq23QIJ4tPvjYAH77/s0fspfs5/sc/DLTvg7+zF8IPBnwa+HWmyvdJ4e8H6cbc3+oSIkc2ra9q13Lda34k1q4SKNbnWdf1LU9UuFSNJrtkRFoA+g6ACgAoAKACgAoAKACgAoAKACgAoAKACgAoAKAPMdB1P4ZT/FHx9pmgx6cvxQsNI8JzePpYdMvINRfSLq3u28Ji+1OS1js7+JbdbsWsNtdXElou9ZkiLqtAHp1ABQAUAFABQAUAFABQAUAFABQAUAFABQAUAFABQAUAFABQB//0v7+KACgAoAKACgAoAKAPH/i78KR8VP+FaZ13+wv+Fd/FPw/8Sh/xLf7S/tc6Ho/iLSv7G/4/wCw+w/av7f8/wC3/wCl+V9l8r7HJ53mRAHsFABQAUAFABQAUAFABQAUAFABQAUAFABQAUAFABQB4h4s+Gnw7174/fBj4q634hurL4m/DnwH8bPC3gDwzHrOk2tpr/hr4k3vwmufiFqVzodzZS6zq8vh+48B+CY7W+0q/s7PRxrdwmqwXr6pprWgB7fQAUAFABQAUAFABQAUAFABQAUAFABQAUAFABQAUAeY6D4C8H6P8UfH3xA03Ubmfxl4x0fwnpvibTZNRs5raxsPDlveQ6JLBp0Vul7ZPdRXM7Sy3VxNHclA0CxBWDAHp1ABQAUAFABQAUAFABQAUAFABQAUAFABQAUAFABQAUAFABQB/9P+/igAoAKACgAoAKACgDw743+EfHni3/hUv/CCahPp/wDwjfxj8M+KPGHk6xNo/wBs8F2Gh+KbTVLGXyZYv7Thlv8AUNJkbSpd8Nw0KTNGTbKaAPcaACgAoAKACgAoAKACgAoAKACgAoAKACgAoAKACgD5y8cfBHVPFf7T/wCz78fLfW7C00n4NfDP9onwJqWgTW9w+o6zd/GrUPgfeaZfWNyn+jQW+ir8KNQS+jnzJO2rWZt+IZioB9G0AFABQAUAFABQAUAFABQAUAFABQAUAFABQAUAFAHjHhf4VXPh741/FP4sSaxBc2vxE0DwJosGjJayRz6Y/g+0v7aWea7MrR3C3xvA8aJDGYQhDM24UAez0AFABQAUAFABQAUAFABQAUAFABQAUAFABQAUAFABQAUAFAH/1P7+KACgAoAKACgAoAKAPDfjf4g+I/h//hUv/CurHUL7+2fjH4Z0Pxx9g0N9b+yeArvQ/FNxq95e7bW6/smxi1Kz0WOXWG8hbaSWGA3CG5COAe5UAQXUMlxbXNvFdT2Us8E0Md7ai2a5tJJY2RLq2W8t7q0ae3ZhLCLq1ubYyIont5ot8bgH8h/xL/aB/wCCjVt/wX20T/gmh4e/4KSfHPw7+zr4v+D6fFi31GD4J/sTan8StDuX8K2+qzaBZ+ItS/Zel0WfTV1aSY2s994au7+LTBFaT3F5dq+pOAe7f8FDP20P2/8A/gi748/Zu+LfxM/aG0b9uL9jP4zfFXSPhD8S9G+KHwk+H3wx+O3wwv8AUxHJb+JPCnjH4KaV4H8EeJo5rM3+ovY6z8PbdT/Y8mlILZtQi1e3AP6cdJ1KDWdK0zV7UMLXVdPs9Stg4AcQX1tFdQhwMgN5cq7gDgHpmgDQoAKACgAoAKACgAoAKACgAoAKACgD5k8e+F/jBqH7V/7OHi3wzd61H8EvDXws/aW0n4s2dr4oi0/Qbrxp4n1L4CS/CKbWPCTapbzeJb60tPD/AMTV0bVotI1JPDCXOqxS3el/8JBGmoAH03QBDcXFvZ2893dzw2trawy3Fzc3EiQwW9vAjSTTzzSFY4oYo1aSSR2VERSzEKCaAP5kfgv/AMFC/wBsX/gsj+1N8cPhh+wH8S7D9kf9hT9mLxX/AMIV8Qf2tbfwJ4Z+JPxq+OPjPyrhZvDfwg0b4h6N4h+Gng3RI4lTVLjV9f8AD2u+ILbSbzQtSS2t7jVpNM00A+l/2y/2Vv8AgqB8Cf2a/iJ49/YT/wCCkvxu+J/xP8E+DPEHiKT4ZftVfDT9mj4i2XjuPTtIubnUofBXizwB8EPhX4n8KeMfJinvvDlpql14q8PXmrR2ulHTrCCfzqAP1E/Yx8c+KviZ+yZ+zl8QfHN9can4z8ZfBzwD4i8Vahdxww3V54g1Tw9Y3OrT3EVukcEU0l7JMZI4Y0iRsqihQAoB9M0AFABQAUAFABQAUAFABQAUAFABQB4b4T0H4k2fx2+LfiDXLvUJPhnrHhz4fW3gWzm1xLvTrbVtOs9RTxS9loQu5H0mWaeW0NzcvZ241BlVxJN5WVAPcqAPjL/goAnxU039kb4/ePfgx8cvHXwF+Ifwq+DvxR+J3hnxT4I8O/CbxR9v1nwN4H1rxNpekeItG+Lnw3+JGj3egXd5pUUF/HpVpo2rGCeU2+rwOqFQD8H/APgiB4z/AOClf/BSP9hfQP2rvit/wVH+MHhzx7rvjz4h+GLXwvon7N37Gdx8PbWx8G+I7/w7Zy6hp0fwI0jxbqVxdvYG8uWsvGeiJsl+zRKjJ9ocA9o8Wf8ABUX9rn/gmR+1P8H/ANm//gqdpnws+JP7PX7RfiOXwz8Ev2/Pg9oWp/C/RtL1/fBCnhX46fCnVdV8Wab4c1OK8vtPhu9d8O+KItGsbHULHU3tryxTV73SwD+j+3uILu3gurWaO4trmGO4t7iF1khngmRZIZopFLLJHLGyvG6sysjBgSCDQBNQAUAFABQAUAFABQAUAFABQAUAFABQAUAFAH//1f7+KACgAoAKACgAoAKAPGvjH8VLn4W/8Kv+zaLFrX/Cwvix4d+G0/m3r2X9lQa5o3iTVX1ePZa3P2qS2bQUgW0byEkF0XNwhiCOAey0AFAH8S/7WWl/G7WP+DsD4e2P7PXjT4ZeAPibJ+ybZNpfiT4u/DrxN8UvBNtZp4PtzfwX3hDwl8SfhPrV3c3EW1LS6g8ZWsdo4MktpeKRGoBy/wDwWS0j9sL9n741fsr/ALT3/BY5PBP7Zf8AwTt+Gfxh0JdD8I/sdC6+AWjfD34sX0k2paP4n+LXwm+IUfxM8X/Faym0/wAPyy6ZoVj8ZtO0cJpd9Y3eo2o1SfTNcAP7VPhd488F/FL4b+BPiP8ADnUbfVvAPjjwnoPijwdqVpGYra88N6zptvfaRPDEwUxxtZTQ7YyBsxt7CgDvKACgAoAKACgAoAKACgAoAKACgAoA+XviB8RPiPon7W37NXwy0OB3+F/j/wCFH7TniX4hXA0Y3SQ+Jvh7qX7P9v8ADqN9d8sjRzPb+NvHJSxMiHWfJZwr/wBlnYAfUNAHyr+3VD4nuP2Jf2wYPBUkkPi6b9l/49xeGpYXkjuI9bk+FnipdNe0kixJHeLdGI2cin5LnymOADQB/Ot/wZx3vh+f/gmV8RLOwDf8JVpn7TvxCt/H7yMrSSa/NpXh+7smkwA4f+wJ9KDeYWYlSwwpUUAf1pkZ4PIPBB70AV7S0tLC2gsrG1t7KztY1htrS0hjt7a3hQYSKCCFUiijQDCxxoqKOAAKALFABQAUAFABQAUAFABQAUAFABQAUAeG+E/GPjnU/jt8W/BmraeYfAfhfw78Pr/wjqJ0q4txe6jrlnqMviGIas5+z6j9mmgt1MEID2e7bKSXUKAe5UAfK37dX/JkX7Y//Zq37Qv/AKqTxfQB+IH/AAaU/wDKHr4c/wDZYPjp/wCrL1+gDgv+Dwe08HT/APBJi2m8RJZnxBb/ALSfwuHgh5BD/aH9sTaF46W+hsS3+kGKXS1uGvI4NyO0Vq0ykxxFQD+gT9iWDxna/sf/ALMlv8RPtn/CdQ/A34aR+K/7RMpvv7cXwppgv/tZnJmM/nbvM8w792c4zQB9Q0AFABQAUAFABQAUAFABQAUAFABQAUAFABQB/9b+/igAoAKACgAoAKACgDzH4meOvBngb/hAf+Ey06TUf+Eu+Imi+DfC/l6Za6l9h8Wanpeu32nX7/anT7CkVlpWpRHULfdcwmdYkUpNIVAPTqAILqWSC2uJ4bWa9lhgmlisrZrZLi7kjjZ0tbd7ye1tEmuGURRNdXNvbK7qZ54Yg8igH8h3xW/Zx/4KZz/8F7vD/wDwUz8If8E2/ip4q/Z88JfCiD4TJosn7RH7EuhfErWUXwrDpN34j07QdQ/aWbRY7b+14mNjY6n4i067uNLZLm7WxvN2noAe1/8ABUf9mn/gqJ/wWY8A+BP2QIf2U9H/AGDv2aJfiRoHj74wfF747fHH4O/Er4maxYeGo7y1s/D/AIM+Hf7PPjL4paRFII9W1HUANb8VRwatfwaZDNqHh23tLh9QAP6MfgH8G/DH7PHwT+FHwJ8FNcv4S+EXgHwv8PfDsl55f2qTSfCukWukWclx5KRxCWSK2V3EaKilsDIGaAPXKACgAoAKACgAoAKACgAoAKACgAoA8B8ZfHH/AIRL9o/4Ffs//wDCM/bx8afh38evHv8Awlf9sfZv+Ec/4Ujf/Bqy/sr+xP7MuP7W/wCEl/4W15v23+1tN/sj+wdn2XUv7T32AB79QBBdWtrfWtzZXttBeWV5BNa3dpdQx3FrdWtxG0VxbXMEqvFPBPE7xTQyo8ckbMjqyswoA/l2+E3/AATy/bn/AOCOH7WHxs+KP/BO/wCFvh79sD9hb9p/xbP45+IP7JP/AAsPwr8IPix8DfFZkJfXPhZrvxF1fT/AvjDT49OkGmQ6dqGtabrGr2Gn6VpV0bGTS49X1IA/VDTP2s/24fjfpyeHfg5/wTy+LP7PfiHUE+x6h8Uv20PGvwL0H4eeB5JAVn1fT/BHwP8AjF8XPiX8TbvTwHlsdATS/AWj61N5EF1430SCSW6iAP0Z8FaR4g0Hwj4b0XxZ4puPHHibS9G0+y1/xhdaZpmi3HiTVoLdEvtYk0jRre00rTTfXAknFlYW8VtbqwijUhQzAHT0AFABQAUAFABQAUAFABQAUAFABQB5D4b+Ky+IfjF8S/hMNDa0b4daH4K1ptdOoCZdW/4TG1vbkWw077FEbI6f9j2GU3119p8zIig24cA9eoA+Mv8AgoAvxc1f9kb4++APgf8AAzxj8e/iN8Vvg98T/hh4a8L+EvFfwk8Gx6dq/jrwTrPhjTda8Q638X/iN8OdGt9BsbrVkub86Veavq/kW8q2+lTO6bgD8Jf+CI3gD/gpv/wTX/Yc0D9lH4r/APBLv4p+KfGuh+PfiD4mtfFvhn9p39iVfAU9h4z8RX3iK2TU7mX9oafxZp89nLftZ3Caf4R1tTHCLmJ3ZzbqAfQ3iv8A4Jv/ALYf/BSf9qn4L/H3/gpwPg98LP2Zf2avEUnjT4L/ALCnwl8Wax8Wj4o8dgwtbeMfj/8AE2/8PeDvD2uTafcWlncWPhzwzoeoaO9tbw6fNNBDLro8QgH9DsMMNvDFb28UcEEEccMEMSLHFDDEoSOKKNcLHHGihERRtVQFGABQBJQAUAFABQAUAFABQAUAFABQAUAFABQAUAFAH//X/v4oAKACgAoAKACgDgfil8Uvh38Evh74u+K/xa8ZaB8Pvhx4D0W78Q+LvGPijUYNK0PQtJs1Blury8uCEDO7Jb2tvGJLm9vJreys4Z7u4ghcA/jn/ag/4PA/+CeUnjnSPDPw5/Zf+P8A+0d4Y+Hfjez8UaJ8Qzf6V8LNBn8R6Nbalp1nr/hjTLvUrzxLq1lHZatqKQ23izRvD8dz5/mTaaNlvOgB+0v/AATF/wCC+P7Bn/BUnUZfAXwl8ReJvhf8d7PT5dSvPgV8YrDTfD/jO/sbRU+36l4P1DSdV1rw14y020kY+eukax/bllb+VdatoWmxTRMwB+2NABQAUAFABQAUAFABQAUAFABQAUAFABQAUAfLn7X37Z/7Nv7CXwb1r47/ALUPxO0T4ZfD7SWNpb3Ooedd6z4k1qSGWaz8N+EvD1hHcav4k8QX4hf7Pp2l2szpGsl3dtbWEFxdwAH8l/jH/g85/YYPxW0nXND/AGG/jv4z0fwqniDRPDXxX1j/AIVbpXxA0zw74in0hvE6+F9In1HVrjTNO8SHQNAudW0tfGmlR6s2j6L/AGxGsunWn2cA/pZ/4J1/8FVP2N/+CoXw6vvHf7LnxBl1HVfDv2ePx18L/F9nF4c+KPgG4ut/2ZfEnhg3d4r2N2Y5Vsde0S+1jw9fvDNFaarLPb3EMQB+jVABQAUAFABQAUAFABQAUAFABQAUAFABQAUAfm1/wUb/AOCsH7GX/BLfwDpnjL9qPx9eWmu+J0um8B/CnwTp0fib4pePHs8i4bQfDhvLC1s9NhkHkzeIfEuqaB4bhucWkmrrdOkLAH83nhD/AIPRP2JX+JF1e+Jv2I/2gvB3hfXZ7HT9U+JekS/DLWvGNxplq7Q6dc69oKanoxu7TTIpXkFpb+LtWmtIGnTTre6mKwSgH9ZX7In7ZH7OX7dXwX8P/H39mD4laP8AEz4b+IN8Av7Bbiy1bQtWgVDe+HvFXh/UYrbWfDXiHTy6reaRq9na3cYaOVY3glimlAPp6gAoAKACgAoAKACgAoAKACgAoAKACgAoAKACgAoAKACgD//Q/s5/4b6/Y9/6Lz4K/wC/uo//ACDQAf8ADfX7Hv8A0XnwV/391H/5BoAP+G+v2Pf+i8+Cv+/uo/8AyDQAf8N9fse/9F58Ff8Af3Uf/kGgA/4b6/Y9/wCi8+Cv+/uo/wDyDQAf8N9fse/9F58Ff9/dR/8AkGgD+O3/AIOff2z/AA5+1z8ZP2Bv+Cdfwk+NdjpfwV+MXjzQ/Fnxw8W6Jd30OnJDq3jSLwZpTa0rxIl5F4L0m08Q+JLTTpLaeC7vdQtzMjyQ25iAP6Avgb4A/wCCSn7M3wW+C/wP+Avjj4TfDHwz8JPF3hjxlealpGipdeJviTrWgaFrujXVz4/8SXOmJrHiS91ttfu7y9v9UubuZCiW0EUVqFhQA/me/wCDkP4f/sc/AHxj+zf/AMFRv+Cdfiz4efDP9pHwH8btBsfH2jfCux/4RvS/F+pPb33iHw540u/D+mWel6ZHqEh0TWtB8cT28ar4s0rV7eHVopp5b64vQD+yD4I/8FMf2TviX8Hfhf8AEHV/jJ4T0PVfGfgPwt4k1PR7ua+N1puoavo9peXtnP5enrH5sFzLIjBFVQRgDA+UA9R/4b6/Y9/6Lz4K/wC/uo//ACDQAf8ADfX7Hv8A0XnwV/391H/5BoAP+G+v2Pf+i8+Cv+/uo/8AyDQAf8N9fse/9F58Ff8Af3Uf/kGgA/4b6/Y9/wCi8+Cv+/uo/wDyDQAf8N9fse/9F58Ff9/dR/8AkGgA/wCG+v2Pf+i8+Cv+/uo//INAB/w31+x7/wBF58Ff9/dR/wDkGgA/4b6/Y9/6Lz4K/wC/uo//ACDQAf8ADfX7Hv8A0XnwV/391H/5BoAP+G+v2Pf+i8+Cv+/uo/8AyDQAf8N9fse/9F58Ff8Af3Uf/kGgA/4b6/Y9/wCi8+Cv+/uo/wDyDQAf8N9fse/9F58Ff9/dR/8AkGgD+IL/AIKSfFX4Pf8ABWr/AIOCvhF+yz8Zvi/b2v7BX7NPhPS9dv4IdQ1Cw0TxfOnhvSfFnjS3hFssV1BqfirxTqemeEr7VIQl8fCej7bSa0uUt5YgD+rrSPFf/BIDwXrHwb8P+GfEfwA8Gab8MPht8Wfh78OfhLomk6TpPgnUfAvxBk+GP/CxY77wCNC+x+KFhfwJ4GS51C5t7g2TXTG/aeTVUZgD+RP9re+/Zp/4JJ/8F0/2Ov2ov+CfHjzRPDXwD/aa8Q6L4X+Ovwr8FS3Nl4I8OWfi/wAX23hDx5pdvo3kwrD4OMV/ovxD03R4E8jStd06S00iG20+2t7RgD+61P2/P2PHVXHx58F4dQwzJqIOGGRkfYeDg9P8KAHf8N9fse/9F58Ff9/dR/8AkGgA/wCG+v2Pf+i8+Cv+/uo//INAB/w31+x7/wBF58Ff9/dR/wDkGgA/4b6/Y9/6Lz4K/wC/uo//ACDQAf8ADfX7Hv8A0XnwV/391H/5BoAP+G+v2Pf+i8+Cv+/uo/8AyDQAf8N9fse/9F58Ff8Af3Uf/kGgA/4b6/Y9/wCi8+Cv+/uo/wDyDQAf8N9fse/9F58Ff9/dR/8AkGgA/wCG+v2Pf+i8+Cv+/uo//INAB/w31+x7/wBF58Ff9/dR/wDkGgA/4b6/Y9/6Lz4K/wC/uo//ACDQAf8ADfX7Hv8A0XnwV/391H/5BoAP+G+v2Pf+i8+Cv+/uo/8AyDQB/Cb+w5f/ALMf/BWP/gt9+2l+2J/wUG8YeHPEvwX/AGfPEEFh8B/hT48lu7/wVrNnH4h1vQvh5pl7oMsV9Zan4d8IaB4ak1TWNEubW10vxFr+tw6pqUF04vbecA/qh+O/7Zf/AAQl8Jy+Lvhp+0H8Wv2Y10j4neCdA0TXPhb4y0Ial4QfwjoVvf6RoS6V4Tj8OXGleG2tYprpbK70uDT7+2kSG8spYZobe4QA/kq/4Jf/ALcH7Gn/AASi/wCC2P7Qvws+C/7UXhzV/wDgmH8ddAutR0jxhdavr2o+DvCmtPpVj4s8Hxzyz2KXp1jwhJd678Pb/UW0qOfWALBp55reztHoA/sn/wCH+X/BH3/o/L4L/wDgR4j/APlFQAf8P8v+CPv/AEfl8F//AAI8R/8AyioAP+H+X/BH3/o/L4L/APgR4j/+UVAB/wAP8v8Agj7/ANH5fBf/AMCPEf8A8oqAD/h/l/wR9/6Py+C//gR4j/8AlFQAf8P8v+CPv/R+XwX/APAjxH/8oqAD/h/l/wAEff8Ao/L4L/8AgR4j/wDlFQB+gn7OP7UHwD/a5+HFv8XP2cPid4e+LXw4utU1LRbfxb4Ye7fTJdU0i4a11KzU3traTebaXCNFLmLbuXgkYLAHvVABQAUAFABQAUAFABQAUAFABQB//9H+/igAoAKACgAoAKAP5LP+Dov9gr4+/E7wt+zb/wAFHP2SdGv/ABF8c/2E/E0HibXfD2kWVzqutX3gLRvENl430bxDpmj2Qju9Vs/BPiWxv7vxPpdvNJPe6Brk9wIUstN1GegDmfhH/wAHPH/BOr9qj4NfAjV/jl8Ypv2SPjd8MfiV4R8a/GL4e+P/AAh8UNX07UoPDfh3xRpHiAeA/Evw68GeLtN8SWup6pqlreaXo+rNoesfZ0ZdQ0y2uYoklAPy2/4KRftx+K/+DmX9qf4Cf8E6f+Cengvxvd/ss/D7x3Z/EP4x/HPxDoN/4et7m1Rv7K1Hx5eaZqUDN4Z8OeFtAn1i18E2viOGw17xR4k1iS0m0y0heNIAD/QM+GvgTRfhd8PfBHw48NwJbaD4F8K6F4T0iBNwSOw0LTbbTrYKGLMAY7cHBJIzigDtqACgAoAKACgAoAKACgAoAKACgAoAKACgD+Gv/gu18Jv2g/8AgmB/wVR+CP8AwXQ+AHgHV/iT8JdQtPD3g39pfQNHhcW+lPY6JB4GvdP16aGK8Oj6P418KW+lXmh+I5beOyt/HekiPVPllt01AA+7bb/g4z/4IvfFjxv8Bv2x9e/a18R/C/xD8FPhT8dvBuo/s+eKPgT8UtS+IOo6l8brn4O6hJbJqvhnRdX8NyXfh2b4Sx2lvJod94g0PVf+Eh8+81zQk0qYXAB+Snwc8Z/FT/g5S/4LUfBr9qDwx8MPGfw9/wCCfP7CGpaDrPh7XPGGnxwtrOqeEdcbxd4esry4tZJNJm8eeNPGf2HXb/QdOvdVTw14P0u2sdUvZJpbC41AA/0EQAAAAAAMADgADoAOwAoAWgAoAKACgAoAKACgAoAKACgAoAKACgAoA/z6vif4u+Lv/Bs5/wAFkvjV+0R4n+F3inx3/wAE6/289cutQ1HxD4Rg+0y6CLvWtQ8SW+nWcrfZdMbxn8LNX13XLYeGNXvLOfxD4W1T+2LGcyvapOAfsP4g/wCDlH/gjH8LJ/in+1B4Y/aj8R/FXxT8R/Bvg+y0n4D+F/gx8TtM8djU/B2m38dtpU2o+J/DukeG9Nn1Ce7EV1ea5qmlaXZFGe2vtSUorgHwL/wQX+Cn7Sf/AAUn/wCCmXx1/wCC7P7S3gC8+G3w612w1jwd+zj4e1D7Ug1YTWdh4Y0+fw7LfW0Fzq3hrwB4J0mLww3iOO3t7DXdZ1HUUtCZNNuo0AP7iKACgAoAKACgAoAKACgAoAKACgAoAKACgAoAKACgAoAKAP/S/v4oAKACgAoAKACgAoA/Dr9uD/giV/wTs/aE8b/DP4j337DPwn1vxrrnxq8OP8Vdd8F6PqngKXWPBM+jeJ5vEOpeKbT4f6t4X0/UXudYj0OTUtcubWXWbi4dTNfuLm480A/UT9nX9lL9mz9kfwUPh5+zN8EPht8EfB5kWe60j4e+F9N0E6rdKNovte1G3h/tXxDqO07TqWuX2o3zL8rXGBhgD6BoAKACgAoAKACgAoAKACgAoAKACgAoAKACgDM1rRNG8SaTqWgeItI0zXtC1myuNO1fRNasLXVNJ1XTruNobqw1LTb6KezvrK5hdori1uYZYJo2aOSNlJWgD8Fvil/wb2f8E1vGf7XXwX+Kum/sM/A+z+FVn4M+Ocvxl8P6Rca/4W8Pax8QdU1L4RT/AAcvYvh7oPiHTfDklrpltY/FRbu30vR7XSR/aUSaxZXm/TTAAft78MPhR8Mfgn4J0P4a/B74e+C/hb8PfDNsLPw/4J+H/hrR/CXhfR7bJYx6foeh2dlp1t5jlpJmjg3zSs8srvIzuwB39ABQAUAFABQAUAFABQAUAFABQAUAFABQAUAeffFH4S/C743+CdZ+G3xj+Hfgr4p/D/xDD5Gt+DPiB4Z0fxb4a1JArKjXWj65aXti88G9ntbnyVubSXE1tLFMqOoB+M3w0/4N8P8Agl74F/aQ8ffFVv2G/gbd+EprLwZd/DvQtZl8U+LNA0jxDYx3cnii4m8AeJtf1XwettdXhspLe1udJu7FVj221pboHRwD9yNH0bSPD2ladoWgaVpuh6HpFnb6dpOjaPY22maVpen2kSw2tjp2nWUUNpZWdtCiRW9rbQxQQxKsccaooVQDSoAKACgAoAKACgAoAKACgAoAKACgAoAKACgAoAKACgAoA//T/v4oAKACgAoAKACgAoA8P+NvxQ1j4Y/8Kn/sjTbDUv8AhP8A4w+Gvh1qX277T/oOl61ofijVLi/tPs0kf+mwzaFbRRefvg8uaXfGzbCoB7hQAUAFABQAUAFABQAUAFABQAUAFABQAUAFABQAUAfMnj3xD8Y7L9q/9nDwz4Ytddk+B+v/AAr/AGltS+Ll3aeGob/w9beNvD+pfASP4Pxa34qbS7ifw7qFzaa38TzoelQ6vpsfiRLfV5ZrTVDoEL6eAfTdABQAUAFABQAUAFABQAUAFABQAUAFABQAUAFABQB4b4T1n4l3Xx2+Lei67a6lH8MdL8O/D6fwHdT6LFa6bcavfWeov4rSx1tbSOXVJYriO0F1byXlyLFiqLHDvwwB7lQAUAFABQAUAFABQAUAFABQAUAFABQAUAFABQAUAFABQAUAf//U/v4oAKACgAoAKACgAoA8w+JvxP0T4Y/8ID/bWm6jqP8Awn3xE0X4daV/ZyWj/YdX1rS9c1O2v737VcW+ywhg0O6ime28+5WSaER28iGQoAen0AFABQAUAFABQAUAFABQAUAFABQAUAFABQAUAFAHzh44+NmseFf2ov2evgLbaLp91onxk+GX7RfjrVtemmuV1LR734L6j8DbPSLGwhT/AEWW31lPitqb373H72JtKshbcS3FAH0fQAUAFABQAUAFABQAUAFABQAUAFABQAUAFABQAUAeLeF/ine+IPjb8VPhRLpFvbWPw98P+A9ZtNYS5le51OTxfaX9xcQTWzRLFAtk1mqRvHM7ShyXVMDcAe00AFABQAUAFABQAUAFABQAUAFABQAUAFABQAUAFABQAUAFAH//1f7+KACgAoAKACgAoAKAPMfiZL8MYv8AhAv+FmDTjv8AiHosfgL+0UvHx8Q20zXDopsfsYbZf/2YuueS90Psoj84SZcxbQD06gAoAKACgAoAKACgAoAKACgAoAKACgAoAKACgAoA8P8AFnxQ8AeH/j98GPhJrPhy7vviP8SvAfxs8V+BfE8ekaPc2fh/w78Mb34TW3j3TLrWrm8i1vSpvEU/xA8GyWlnpNld2WrDQ7l9Xms303TFugD3CgAoAKACgAoAKACgAoAKACgAoAKACgAoAKACgAoA8w0H4g+E9Z+KXj/4d6dpt1B4u8F6P4T1TxHqclhZQ2l/ZeJbe7n0aK3v4rh728e1itplmjuraGO3LBYHkDOVAPT6ACgAoAKACgAoAKACgAoAKACgAoAKACgAoAKACgAoAKACgD//1v7+KACgAoAKACgAoAKAPMfiZ8NfDnxI/wCEB/4SLUdQ07/hBfiJovxA0P8As+5s7f7dr2j6Zrmm2dhe/bLW68+xmttavZJoLXyLt5IYWjuY0WRJQD06gAoAKACgAoAKACgAoAKACgAoAKACgAoAKACgAoA8R8V2PwUm+PnwZ1DxU2nj482XgT41QfBxJtS1mDUm8C3t78KD8aDYaXa3Ueh6hbLeWnwq/tC51ezur7TmayXR5rVL7VFuAD26gAoAKACgAoAKACgAoAKACgAoAKACgAoAKACgAoA8x0Gy+GMXxR8fX2gvpp+KN1o/hOPx+kGoXk2pLo8FveDwmb7TpbqSysojbtd/ZZbW0t5LldzTyTFVKgHp1ABQAUAFABQAUAFABQAUAFABQAUAFABQAUAFABQAUAFABQB//9f+/igAoAKACgAoAKACgDxL41fCzUfij/wqn+z9TstM/wCFffF/w38SL77bHPJ9vsND0TxPpc2nWnkI+y8mk16GWN5tsISCUO4ZkoA9toAKACgAoAKACgCOaaK3iknnljhhiVnllldY440UZZ3dyFVVAyzMQAOSRgGgCppuqaZrFpFf6RqFlqljMN0N5p91Be2so9Y57d5InH+65/HFAF5mVQWYhVAyzMQAAOpJOAAPXP5UAZela7omuxzTaJq+mavFbXEtpcSaZf2t/HBdQP5c1tM9rLKsc8TgpJE5DowKsARQBdlu7WBts1zbwtjO2WaKNseuHZTj3x+WTuAEs7y01C1t76wure9srqJJ7W7tJo7i2uYZBmOaCeFmilideUkjZlYcg8/MAWaACgAoAKACgDw7xb8E9L8VftAfBb49XGvXdnq/wb8BfG7wLpnh2K1gkstctPjTe/CW91PULu7eVbi2m0JvhTp8dpFBDLHcjWLkztEYId4B7jQAUAFABQAUAFAGdqer6Vo1uLrWNTsNKtWligW41G8t7KBppnEcMIluZI0MssjLHGgbc7sFVWJAoAvo6SKrxsro4DI6MGVlPIZWXIYEcgg4PvQAkkkcSl5ZEiQdXkZUUZ6ZZiAMn3/OgCrDqenXN1LZW9/ZXF5BBFdTWkN1BLcxW08ksUFxLBG7SRwzS288cUrKEkeGVFJaNgoBdoAKACgAoAKACgAoA8t0D4XaVoHxV+IPxUt9TvZ9W+IOjeEdG1HS5VtxY2EPhG2vLezmtWRRcNJdreO04mYoCq+WBzQB6lQAUAFABQAUAFAGbf61o+lyWcOp6rp2nTahP9msYr69trWS9uCpfyLVJ5EaebYrN5cQd9qscABjQBpA55HIPII70AV5bu1gbZNc28LYztlmiRseuHcHHvj8+aAHxTwTKzwzRTKpwzRSI6qcZwxRmAODnntzzxtAKj6tpUcttBJqdgk97cfZbOFry2WW6ufKln+z28Zk3zz+RbzzeVGGfyoZZMbInNAGhQAUAFABQAUAFABQAUAFAH//0P7+KACgAoAKACgAoAKACgAoAjmaRIpXij86VY3aOLeI/NkVSUj3t8qb2wu9uFzk8CgD8erL/gr74Yn+KH7QHwD1D9mb40aF+0P8CPiR8M/hvafA3V9d+E1v48+MUvxWku5/C/i/4RRJ49m0fXvA76Bp2q+Lr3xDquraHDY+F9E13U7yKAaZLCwB+u+j3V/faVp15qmly6JqV1Z2899o811aX02mXUsSvPYy3lhJNZXUlrIWiee0llt5GUtDI6EPQB+YHjv/AILWf8E1Phr4z8UfD7xp+0PeaR4t8Ga7qXhvxJpa/Bv48aiun6zpF1JZ6haC/wBK+GV7pt4ILmKSMXFjd3NrLt3wzyoVdgD6D/ZX/wCCgv7JP7aup+MNH/Zq+KU/xD1HwFZaRqPiuCbwF8SfBo0yz16bULfSpVm8d+EPDEF8bqXS75THp0l3JB5G65SJZYWcA/Pf/gqd491D4h/tp/8ABLD9gifUZh8Kv2i/i58UPiV+0F4YheaKHxx4G+B3gVvEfgzwZryxSxx6r4O13xvIJvFHhy+WfStbg0izttStbm1DwOAYvi3xFZ/sc/8ABbf9m74T/CjS9M8EfBb9uf8AZu8e2/jv4YeGbO30HwZJ8afg3qb32gfEzTfD+nwxaRp3iO88CH/hGPEEum2NlLrlppmj3Op3NzcaejMAfrn+0V8CbL9o3wXpvwv8T+IdZ0r4a6p4jtLz4qeHdB1LVtDvfiT4LtLHUhL8PLzX9B1HSdb0jw9resT6Te+I/wCzL+CXWtK0qfwzfCfRdc1a2nAPwj+E/wCxJ8Kf2M/+C4/w08L/ALA3ha8+Cvwo8Zfse+MfH37YPwo8H32u3PweuLn/AITWPw58IdeudDvtR1DS/Dnj/W7rT9cXS1tlsjPo2havd2tuH1DUZroA+Av299D+FeiftjfFH45f8Fsf+CQXjz4h/szeKvida+DPhR+2/wCEPj3q/j/wZ8Gvg9bSWnhrwBpfj/4S/CTxZokvw30CeSI+IfFGs61qt5qd74k13V7iz0y5jeG1QA/sg+Gtj4E0z4e+CdP+F9to9n8OLPwtodv4GtfDwQaHb+FI9Ot10KLSRGWT7AmnfZxb4Zj5e0sSxY0AdtQAUAFABQAUAfM3jz4L+KPFP7Vv7OPx10/U9Et/CPwf+Fn7SvgfxLpN3c6imv6lq3xk1L4C3nhi60a1g06fTLiw0yL4WeIF1uXUNT0+5tnv9JGn22orPetYAH0zQBla7ealp2janf6Po83iHVLOyuLiw0O3vLLT59Xuoo2eHT4L7UprbT7Wa6ZRFFPfXEFpG7K1xNFEGdQD8jvgR/wV88L/ALQ15H4N8Dfs0fGaz+N1l+0N41/Z68a/s/eJNd+FGk/FX4a6h8O9Nt9T8Y/ETx1pp8d3Oj6T8NtEgv8AR0m1yDWr67up/Efhq107Tb281m3t1AP14vNQt9N0y71XUWNpa6fYz6hfttec21va273N0223SSSYwxxyHbCjvJtxGjMyrQB+TF1/wXa/4JaWV1c2dz+0rex3NpcTW1xH/wAKQ/aEfy54JGilTenwpZH2yIy7kZkbGVJBBoA+1/2XP2yf2c/2z/CviLxt+zf4/l+IPhrwp4g/4RbXtRm8IeOPBxstd/s2y1b7ELLx14b8NX90P7P1Gzn+1WdrcWeZfK+0edHLGgB+VHwk1LRv20v+C0H7dfhf4v6Zo/xH+En7DPwh+Bfwy+Dnw+8WaVaeIPBWleN/i9omseJfi/4wuvC+sR3uhXXi+4lt7Hwva+IZtPfU7bw3bNpdvcRWdzdQzgHSf8Ej/ibrvhr9ob/gpf8AsK3Oo3l/4A/ZJ/aT+1fArT768ubtvAvwZ+K2mf8ACT+Gvhtp73b3FyfD3g6/XVbDw2kl0yWGifYdKtoILWwhRgCf/gt34J/aV+KPw3+EPgX4b/sGah+39+zda+KdY8a/tQfBbQ/j7o/wM8Q+LdL0LTfs3gbQtMl+1Dxb4utLLVL/AFLxRe+F/DVobvVtY0fwtHHdKsFzEwBZ/wCCGl5/wTb1r4DfEnWv2AP2bNT/AGTdeg+Ic3hf9pf4FeOV8Vp8WPh38WfDmn2tpceGfGyeMvEnijVEis7JoZdINjfw6VPBPJdCxs9Rmv4EAP3BoAKACgAoAKACgAoA8O8KfDPxDoXx1+LXxOvNT06fw7498O/D/SNF0yC4vX1GwuvClnqFvqU19by2kdjDFdvdxNavaXlxJIqMbiOFlUMAe40AfMf7YH7Rep/sn/ALx/8AtAWnwX+I3x10j4ZaLeeKPFngr4USeF38cx+FtLhNzrWuaVpvizX/AA1YatDolkk2palaW+pi/TTra5ure2uBA6UAeM/st/t/eF/2vvEPhuD4N/DXxN4h+HmrfCTwD8U/EHxfsfE/gK/8D+C734i6Q2u6F8Mdb+xeIptdufiRDor2Gt6ro2j6RqFlpWi6xo9/f6pB/aVpDKAfT/x6+P3wn/Zk+GOu/GL42eKH8HfDrw3JYRa1r8eg+I/Ej2kmp3kVjZKNI8KaRrmuXHnXU0cWbXTZ1j3b5jHGC6gH5y/8P4/+CV3/AEcxe/8Ahjv2h/8A51FAH6ffCv4oeB/jV8OvBnxY+Gust4h8BfEDw/pvinwlrj6Zq2jNqmhavbJd6fetpWu2OmaxYGe3kST7LqWn2d5Fu2T28bgrQB+Ef/BPPw/4C/4KK/HP/gqn8bf2j/C3h/4xaJpX7U3jn9jz4Q6P4z0q31vR/A/wC+GPh7R7CKw8GWepLdR+EtV8U65qeq+IfE2r+HV07VNS1oWeoXF49zp1jJbgHuH/AAQm+P8A8QvjF+yN42+HvxS8Tap428afsr/tC/F/9mu48Y67dzX2u+IfD/w+8TXEfgy41q5uDJc3OqWnhK60fTry9urm6utQmtGvriYzTutAHp/7TH/BIb/gnL+0f8SviP8AtP8A7Zvwc0344eMbnR4p7vxP8QvF3jrT9B+Hnw98F6IEtdA8NaD4Z8VaHoek6NptjZXesatfyWdxquq6rd6nqN5eeXNBaWoB+c/7EH7NPxE+Cn/BHn9oTxX/AME9/wBnPTLH4pftoeN/iT8XPhT8GtP8eab8N7fQPhj8TPECeHPBVnp3j7x7qk39hatonwJtNPTRtW1W/v7q18Umy1CSGdEnVgDy7/gjd4W/4Jv+C/2w9Z+Fuuf8Eu/E3/BNn/gpt4E+H+qa7H4Y+Jnj/wAafFWz+IPgLU7iysfFHjb4Q/EbV/Elz4R8ZQTagsKatqmkeGdNuYUu5YtIvryxl1DYAf1i0AFABQAUAFABQAUAFABQB//R/v4oAKACgAoAKACgAoAKACgCG5uEtLa4upFneO2hluJEtra4vLl0hRpHW3tLSKa6up2VSIra2hluJ3KxQxPIyIwB/Ll+214R/aY8Y/Frwz/wWX/Z0+B/xl/4Wj+yR8SY/gZ4R/ZcuP2cviFp/wAZ/wBpb9lefxDNofxR1W+8J6j4Dg+JEfiLXtZ1C78Z/CZ2gs/Dul+C9K0q91k2+q3mp6ZcAH9KHwo+Itn8Wfh34T+Ilj4a8deDYPFWj2mq/wDCLfEvwN4s+G/jnQZp4lafS/Efgzxvo+g+JdF1Czm3wSwahpduZCnnQ74XR2APzy8dfCb/AILE3/jLxRe/Dv8AbI/Yh8O+BLvXNSuPCGg+J/2Ovil4i8RaP4elupH0rTta16x/ad0Oz1jU7S0MUN5qNto+mwXcyPNHZW6sI1APoT9ljwT+3f4T1PxhL+2J8ev2ePjHpN7ZaOnge0+CHwH8ZfB280O/hmv21y48QXfin4wfE6LXLa+gk0yPT7ezttJexktruSaa6W5jSAA+PP8Agpb+z98RLv8AaV/4J0ft1fDTwX4g+Iifsb/F/wAeWXxf8FeCtHvPEXjfUvg58bfBZ8F6r4p8PeG9MSbWvE7fDrWorDX7/wAPeHbTU/EN7pV5qFxpmk37WUqIAcc/w98S/tX/APBWP4ZftfaL4H8cWP7OX7Gv7MXjTwd4c8U+LvAfijwZqXxP+OXxR1s6jqlp8N9E8Yafoesa3onhDwZZW+manr66ZBpt34k1iXRtNvrt9Ov2iAPo3xh/wUT8QaX+xJJ+1l4c/Yn/AG2b/wAb6xrGseFPCX7MM/7O3jfWvj6+u2Ov6n4ftNc8T+AvAlv4svPD/gOeLTZPFKeJr25gt7zw3LYi0Y6xq2nabOAfIH7FX7bx1D4jW/grw9/wTq/4Kdaf8bv2gfGA8SfGz9ov9pT9kHxV8CPhn9r0/SXlurzX/HXijU76Dw34U8N6FpkPg/4V+BNPiv1gP9haLutoptS1yAA9c+Mv7T+lft/fsiftM/s7fD79mD9qnw98X/id4P8AH/wGi+Gf7RP7NXxJ+GGneGNc8U6ddeHbHx/4m8fa5ok/wlh8JeGor2Px/p+p6f4+v7zVotIg0/QLS98SzWuksAfpt+z58Lf+FIfAz4RfB7+0pNZPwy+HXhHwQ2qzbzJqD+HNEs9Lku2Msk0h897dnHmSu+CNzMeVAPYKACgAoAKACgD5e8fn4wf8Nbfs1Dwz/wAJF/wpI/Cj9pz/AIWybKNT4Z/4TQan+z9/wqL+35CpaPUjaf8ACzf+EfVXUSRjW9wbYu0A+oaAMDxT4jsvCHhzW/FGo2ev6jY6Dpt1ql1Y+FvDWv8AjHxHdw2kTSvb6J4V8K6brHiPX9SlA2Wul6Lpd9qF1KVjt7aRzigD+XbxroX7T/7Pn7W/wd/4LKfD39nz45eKLb9rvxDB8Ef2s/2PvAf7N/xB1r4w/D/4Bxwi3+D/AMU9b8KeHPAlz45g+JXw/tdKS++K6eIUkguZdZuNB8KwanHHpz2QB/UPZarL4l8LQazoC3ulXGt6IL7R18T+H9Y0a/064vrPzbH+3fDGswaPrunz2sskR1DR9Qg07UYWSW1mW2mBKAH5WXXwd/4LZtc3LWf7bv7BMNo08zWsU/7EvxbmnitjIxgjmmX9q6JZZUiKrJIsUau4LCNAQqgH2v8Asu+Ff2uPCnhXxDaftffF34L/ABg8ZXPiH7T4Y1n4KfCPxN8IND0vwz/ZtjF/ZmraN4o+JXxMutT1b+1Y9Quv7Tt9T0+3+x3Fta/YDJbvcSgH5w+Hfhp4l/Yr/wCCr37Wv7SfiXwf401f9nD9uL4PfBq/i8eeBfBHirx9ZfDf4xfA7TtT8Ma74V8aaT4I0nX/ABBo3/Ce6PqGn+IPDmu3ujroWp6gl5oMGqHWhBpzgHmP7KVv8Sv2RvD3/BRz/gpT8TP2av2g/G2uftWftNweMvhx+zx8LPhrc+If2kH+B2m3mi/Dz4bz6v8ADi/1HS73Ttfu7J7zxxrPh+/u7O/8P6NeGDUbW21GC6tkAP0z+Kf7cXg34N/GD4b/AAl8cfBD9q57b4n+CovFmi/FTwP+zp8Rvir8KtI1aSa6jPw58Wa58LtK8Ya34Z+IKQ2j3jaTqvh2309raW28vVnnuYIHAPJP2Jv2ete8MftHftzftcax4Sv/AIb6X+1r8RfAGo+CfAOr6fJoviFPCfw0+HeheCo/Hni3w/KyXPh3xL8RtZsNW8VT6Fq9nZeJdN0++0+38TWlhra3um2gB+mNABQAUAFABQAUAFAHhvhP/hZ3/C9/i3/b39o/8Ku/4Rz4ff8ACA+etmNN/tj7HqH/AAln2FolF60v2j7J9q+1M0Ybb5AUbtwB7lQB80ftYfGbxB8FfhHqmseC/hb46+MHj7xReWHgfwL4O8G/Dbx18RdNbxJ4rvLfRLLW/iIngjQNdk8NfDXw39vbxB4417V/sVrH4c03UraxludWmsrKcA/FL/gnd8N/jT/wSv8A2wviB+wlffDr42fF/wDY9+PtnaftAfCP49+B/wBnnx5feAPgp8Y/GM0n/C0vg/8AEDxN4D8Ct4J8LeH9W1yK58TeD7q6ubey8P6fcfZPEGpWdxe2tjagH7w/HrRfjp4g+GWuaX+zh47+H3w2+LVxLYHw94u+KPgXWPiR4M06KO7ifUk1PwloPi7wNqeovc2QlgtXg8SWItp3SeRZ0QxOAfnP/wAKb/4Lef8AR8P7An/iEHxc/wDosqAP09+Fmn/EnSfh14M034w+JfC3jH4o2Xh/Tbbx34p8EeGr/wAHeEde8TRWyLqup+HvC2qa74n1HQtKu7oSS2emXniHWLi0hZYpb+5Zd9AH4tfsk+Hdf/4JpfHb/gpF4U+JXw2+KuvfCr48/tE+JP2wP2efFvwv+F3jf4maf4wtviT4e0xPEXwZsE8CaLrzaR8RPDPinRbqwsdA8Sroc2u2Go2WsaVLe6Wl7fW4BT/4J7eG/ih/wTW/Y/8Ahe3xl/Z3+NvxF+M/7Y/7XPiTxZ8S/CPwJ8Ex+Pb34J3/AMfvF2ta5pmvfFd49XtYtE8H/Dnw6uk6b498SQ3GoxaXcwTtbw3UMaCgD7X/AOCqDfE/Xv2P/Ffwa+D3h/xdrXjj9pnxZ4G/ZuGo+EdG1PV5fBPg34r69Bo/xR8da6+mW1w+j+H/AA/8L4fGLXGs3ht7O11G50y3ecT3dvFOAeo/GX4y+D/2CPgF8ObqP4L/AB0+JvgHwrdeC/hc+ifs2/CnWPi54h8D6BHpUtonjTWvBXhuSTxN/wAINocWlhdZv9B0vW9QtJLuyji0qdp1FAHzHq3w1P7Xn7en7JX7Vvg/wV408IfDP9lr4ZfGWC78ffEL4e+MvhX4l+I3ib4yReEbHQvA2jeFPiDo/hXxreeGvB2maFq/iLVNdvdBXw1LqniWzsdDvNR1C11pdNAP1joAKACgAoAKACgAoAKACgD/0v7+KACgAoAKACgAoAKACgAoAKACgAoAKACgAoAKACgAoAKACgAoAKACgAoAKACgAoAKACgAoAKACgAoAKACgAoAKACgAoAKACgAoAKACgAoAKACgAoAKACgAoAKACgAoAKACgAoAKACgAoAKACgAoAKAP/T/v4oAKACgAoAKACgAoAKACgAoAKACgAoAKACgAoAKACgAoAKACgAoAKACgAoAKACgAoAKACgAoAKACgAoAKACgAoAKACgAoAKACgAoAKACgAoAKACgAoAKACgAoAKACgAoAKACgAoAKACgAoAKACgAoA/9k=</file>
<file name="explicitni7_moodle.jpg" path="/" encoding="base64">/9j/4AAQSkZJRgABAQAASABIAAD/4QBMRXhpZgAATU0AKgAAAAgAAgESAAMAAAABAAEAAIdpAAQAAAABAAAAJgAAAAAAAqACAAQAAAABAAACBaADAAQAAAABAAAA8gAAAAD/4QkhaHR0cDovL25zLmFkb2JlLmNvbS94YXAvMS4wLwA8P3hwYWNrZXQgYmVnaW49Iu+7vyIgaWQ9Ilc1TTBNcENlaGlIenJlU3pOVGN6a2M5ZCI/PiA8eDp4bXBtZXRhIHhtbG5zOng9ImFkb2JlOm5zOm1ldGEvIiB4OnhtcHRrPSJYTVAgQ29yZSA1LjQuMCI+IDxyZGY6UkRGIHhtbG5zOnJkZj0iaHR0cDovL3d3dy53My5vcmcvMTk5OS8wMi8yMi1yZGYtc3ludGF4LW5zIyI+IDxyZGY6RGVzY3JpcHRpb24gcmRmOmFib3V0PSIiLz4gPC9yZGY6UkRGPiA8L3g6eG1wbWV0YT4gICAgICAgICAgICAgICAgICAgICAgICAgICAgICAgICAgICAgICAgICAgICAgICAgICAgICAgICAgICAgICAgICAgICAgICAgICAgICAgICAgICAgICAgICAgICAgICAgICAgICAgICAgICAgICAgICAgICAgICAgICAgICAgICAgICAgICAgICAgICAgICAgICAgICAgICAgICAgICAgICAgICAgICAgICAgICAgICAgICAgICAgICAgICAgICAgICAgICAgICAgICAgICAgICAgICAgICAgICAgICAgICAgICAgICAgICAgICAgICAgICAgICAgICAgICAgICAgICAgICAgICAgICAgICAgICAgICAgICAgICAgICAgICAgICAgICAgICAgICAgICAgICAgICAgICAgICAgICAgICAgICAgICAgICAgICAgICAgICAgICAgICAgICAgICAgICAgICAgICAgICAgICAgICAgICAgICAgICAgICAgICAgICAgICAgICAgICAgICAgICAgICAgICAgICAgICAgICAgICAgICAgICAgICAgICAgICAgICAgICAgICAgICAgICAgICAgICAgICAgICAgICAgICAgICAgICAgICAgICAgICAgICAgICAgICAgICAgICAgICAgICAgICAgICAgICAgICAgICAgICAgICAgICAgICAgICAgICAgICAgICAgICAgICAgICAgICAgICAgICAgICAgICAgICAgICAgICAgICAgICAgICAgICAgICAgICAgICAgICAgICAgICAgICAgICAgICAgICAgICAgICAgICAgICAgICAgICAgICAgICAgICAgICAgICAgICAgICAgICAgICAgICAgICAgICAgICAgICAgICAgICAgICAgICAgICAgICAgICAgICAgICAgICAgICAgICAgICAgICAgICAgICAgICAgICAgICAgICAgICAgICAgICAgICAgICAgICAgICAgICAgICAgICAgICAgICAgICAgICAgICAgICAgICAgICAgICAgICAgICAgICAgICAgICAgICAgICAgICAgICAgICAgICAgICAgICAgICAgICAgICAgICAgICAgICAgICAgICAgICAgICAgICAgICAgICAgICAgICAgICAgICAgICAgICAgICAgICAgICAgICAgICAgICAgICAgICAgICAgICAgICAgICAgICAgICAgICAgICAgICAgICAgICAgICAgICAgICAgICAgICAgICAgICAgICAgICAgICAgICAgICAgICAgICAgICAgICAgICAgICAgICAgICAgICAgICAgICAgICAgICAgICAgICAgICAgICAgICAgICAgICAgICAgICAgICAgICAgICAgICAgICAgICAgICAgICAgICAgICAgICAgICAgICAgICAgICAgICAgICAgICAgICAgICAgICAgICAgICAgICAgICAgICAgICAgICAgICAgICAgICAgICAgICAgICAgICAgICAgICAgICAgICAgICAgICAgICAgICAgICAgICAgICAgICAgICAgICAgICAgICAgICAgICAgICAgICAgICAgICAgICAgICAgICAgICAgICAgICAgICAgICAgICAgICAgICAgICAgICAgICAgICAgICAgICAgICAgICAgICAgICAgICAgICAgICAgICAgICAgICAgICAgICAgICAgICAgICAgICAgICAgICAgICAgICAgICAgICAgICAgICAgICAgICAgICAgICAgICAgICAgICAgICAgICAgICAgICAgICAgICAgICAgICAgICAgICAgICAgICAgICAgICAgICAgICAgICAgICAgICAgICAgICAgICAgICAgICAgICAgICAgICAgICAgICAgICAgICAgICAgICAgICAgICAgICAgICAgICAgICAgICAgICAgICAgICAgICAgICAgICAgICAgICAgICAgICAgICAgICAgICAgICAgICAgICAgICAgICAgICAgICAgICAgICAgICAgICAgICAgICAgICAgICAgICAgICAgICAgICAgICAgICAgICAgICAgICAgICAgICAgICAgICAgICAgICAgICAgICAgICAgICAgICAgICAgICAgICAgICAgICAgICAgICAgICAgICAgICAgICAgICAgICAgICAgICAgICAgICAgICAgICAgICAgICAgICAgICAgICAgICAgICAgICAgICAgICAgICAgICAgICAgICAgICAgICAgICAgICAgICAgICAgICAgICAgICAgICAgICAgICAgICAgICAgICAgICAgICAgICAgICAgICAgICAgICAgICAgICAgICAgICAgICAgICAgICAgICAgICAgICAgICAgICAgICAgICAgICAgICAgICAgICAgICAgICAgICAgICAgICAgICAgICAgICAgICAgICAgICAgICAgICAgICAgICAgICAgICAgICAgICAgICAgICAgICAgICAgICAgICAgICAgICAgICAgICAgICAgICAgICAgICAgICAgICAgICAgICAgICAgICAgICAgICAgICAgICAgICAgICAgICAgICAgICAgICAgICAgICAgICAgICAgICAgICAgICAgICAgICAgICAgICAgICAgICAgICAgICAgICAgICAgICA8P3hwYWNrZXQgZW5kPSJ3Ij8+AP/tADhQaG90b3Nob3AgMy4wADhCSU0EBAAAAAAAADhCSU0EJQAAAAAAENQdjNmPALIE6YAJmOz4Qn7/4htESUNDX1BST0ZJTEUAAQEAABs0YXBwbAIQAABtbnRyUkdCIFhZWiAH5AABAAEACAAyADRhY3NwQVBQTAAAAABBUFBMAAAAAAAAAAAAAAAAAAAAAAAA9tYAAQAAAADTLWFwcGwAAAAAAAAAAAAAAAAAAAAAAAAAAAAAAAAAAAAAAAAAAAAAAAAAAAAAAAAAAAAAABFkZXNjAAABUAAAAGJkc2NtAAABtAAABDZjcHJ0AAAF7AAAACN3dHB0AAAGEAAAABRyWFlaAAAGJAAAABRnWFlaAAAGOAAAABRiWFlaAAAGTAAAABRyVFJDAAAGYAAACAxhYXJnAAAObAAAACB2Y2d0AAAOjAAABhJuZGluAAAUoAAABj5jaGFkAAAa4AAAACxtbW9kAAAbDAAAAChiVFJDAAAGYAAACAxnVFJDAAAGYAAACAxhYWJnAAAObAAAACBhYWdnAAAObAAAACBkZXNjAAAAAAAAAAhEaXNwbGF5AAAAAAAAAAAAAAAAAAAAAAAAAAAAAAAAAAAAAAAAAAAAAAAAAAAAAAAAAAAAAAAAAAAAAAAAAAAAAAAAAAAAAAAAAAAAAAAAAAAAAAAAAAAAbWx1YwAAAAAAAAAjAAAADGhySFIAAAAUAAABtGtvS1IAAAAMAAAByG5iTk8AAAASAAAB1GlkAAAAAAASAAAB5mh1SFUAAAAUAAAB+GNzQ1oAAAAWAAACDGRhREsAAAAcAAACIm5sTkwAAAAWAAACPmZpRkkAAAAQAAACVGl0SVQAAAAUAAACZHJvUk8AAAASAAACeGVzRVMAAAASAAACeGFyAAAAAAAUAAACinVrVUEAAAAcAAACnmhlSUwAAAAWAAACunpoVFcAAAAMAAAC0HZpVk4AAAAOAAAC3HNrU0sAAAAWAAAC6npoQ04AAAAMAAAC0HJ1UlUAAAAkAAADAGZyRlIAAAAWAAADJG1zAAAAAAASAAADOmhpSU4AAAASAAADTHRoVEgAAAAMAAADXmNhRVMAAAAYAAADamVzWEwAAAASAAACeGRlREUAAAAQAAADgmVuVVMAAAASAAADknB0QlIAAAAYAAADpHBsUEwAAAASAAADvGVsR1IAAAAiAAADznN2U0UAAAAQAAAD8HRyVFIAAAAUAAAEAHB0UFQAAAAWAAAEFGphSlAAAAAMAAAEKgBMAEMARAAgAHUAIABiAG8AagBpzuy37AAgAEwAQwBEAEYAYQByAGcAZQAtAEwAQwBEAEwAQwBEACAAVwBhAHIAbgBhAFMAegDtAG4AZQBzACAATABDAEQAQgBhAHIAZQB2AG4A/QAgAEwAQwBEAEwAQwBEAC0AZgBhAHIAdgBlAHMAawDmAHIAbQBLAGwAZQB1AHIAZQBuAC0ATABDAEQAVgDkAHIAaQAtAEwAQwBEAEwAQwBEACAAYwBvAGwAbwByAGkATABDAEQAIABjAG8AbABvAHIgDwBMAEMARAAgBkUGRAZIBkYGKQQaBD4EOwRMBD4EQAQ+BDIEOAQ5ACAATABDAEQgDwBMAEMARAAgBeYF0QXiBdUF4AXZX2mCcgAgAEwAQwBEAEwAQwBEACAATQDgAHUARgBhAHIAZQBiAG4A/QAgAEwAQwBEBCYEMgQ1BEIEPQQ+BDkAIAQWBBoALQQ0BDgEQQQ/BDsENQQ5AEwAQwBEACAAYwBvAHUAbABlAHUAcgBXAGEAcgBuAGEAIABMAEMARAkwCQIJFwlACSgAIABMAEMARABMAEMARAAgDioONQBMAEMARAAgAGUAbgAgAGMAbwBsAG8AcgBGAGEAcgBiAC0ATABDAEQAQwBvAGwAbwByACAATABDAEQATABDAEQAIABDAG8AbABvAHIAaQBkAG8ASwBvAGwAbwByACAATABDAEQDiAOzA8cDwQPJA7wDtwAgA78DuAPMA70DtwAgAEwAQwBEAEYA5AByAGcALQBMAEMARABSAGUAbgBrAGwAaQAgAEwAQwBEAEwAQwBEACAAYQAgAEMAbwByAGUAczCrMOkw/ABMAEMARAAAdGV4dAAAAABDb3B5cmlnaHQgQXBwbGUgSW5jLiwgMjAyMAAAWFlaIAAAAAAAAPNSAAEAAAABFs9YWVogAAAAAAAAYWwAADgyAAAKQlhZWiAAAAAAAABvHAAArpUAABaZWFlaIAAAAAAAACZOAAAZOQAAslJjdXJ2AAAAAAAABAAAAAAFAAoADwAUABkAHgAjACgALQAyADYAOwBAAEUASgBPAFQAWQBeAGMAaABtAHIAdwB8AIEAhgCLAJAAlQCaAJ8AowCoAK0AsgC3ALwAwQDGAMsA0ADVANsA4ADlAOsA8AD2APsBAQEHAQ0BEwEZAR8BJQErATIBOAE+AUUBTAFSAVkBYAFnAW4BdQF8AYMBiwGSAZoBoQGpAbEBuQHBAckB0QHZAeEB6QHyAfoCAwIMAhQCHQImAi8COAJBAksCVAJdAmcCcQJ6AoQCjgKYAqICrAK2AsECywLVAuAC6wL1AwADCwMWAyEDLQM4A0MDTwNaA2YDcgN+A4oDlgOiA64DugPHA9MD4APsA/kEBgQTBCAELQQ7BEgEVQRjBHEEfgSMBJoEqAS2BMQE0wThBPAE/gUNBRwFKwU6BUkFWAVnBXcFhgWWBaYFtQXFBdUF5QX2BgYGFgYnBjcGSAZZBmoGewaMBp0GrwbABtEG4wb1BwcHGQcrBz0HTwdhB3QHhgeZB6wHvwfSB+UH+AgLCB8IMghGCFoIbgiCCJYIqgi+CNII5wj7CRAJJQk6CU8JZAl5CY8JpAm6Cc8J5Qn7ChEKJwo9ClQKagqBCpgKrgrFCtwK8wsLCyILOQtRC2kLgAuYC7ALyAvhC/kMEgwqDEMMXAx1DI4MpwzADNkM8w0NDSYNQA1aDXQNjg2pDcMN3g34DhMOLg5JDmQOfw6bDrYO0g7uDwkPJQ9BD14Peg+WD7MPzw/sEAkQJhBDEGEQfhCbELkQ1xD1ERMRMRFPEW0RjBGqEckR6BIHEiYSRRJkEoQSoxLDEuMTAxMjE0MTYxODE6QTxRPlFAYUJxRJFGoUixStFM4U8BUSFTQVVhV4FZsVvRXgFgMWJhZJFmwWjxayFtYW+hcdF0EXZReJF64X0hf3GBsYQBhlGIoYrxjVGPoZIBlFGWsZkRm3Gd0aBBoqGlEadxqeGsUa7BsUGzsbYxuKG7Ib2hwCHCocUhx7HKMczBz1HR4dRx1wHZkdwx3sHhYeQB5qHpQevh7pHxMfPh9pH5Qfvx/qIBUgQSBsIJggxCDwIRwhSCF1IaEhziH7IiciVSKCIq8i3SMKIzgjZiOUI8Ij8CQfJE0kfCSrJNolCSU4JWgllyXHJfcmJyZXJocmtyboJxgnSSd6J6sn3CgNKD8ocSiiKNQpBik4KWspnSnQKgIqNSpoKpsqzysCKzYraSudK9EsBSw5LG4soizXLQwtQS12Last4S4WLkwugi63Lu4vJC9aL5Evxy/+MDUwbDCkMNsxEjFKMYIxujHyMioyYzKbMtQzDTNGM38zuDPxNCs0ZTSeNNg1EzVNNYc1wjX9Njc2cjauNuk3JDdgN5w31zgUOFA4jDjIOQU5Qjl/Obw5+To2OnQ6sjrvOy07azuqO+g8JzxlPKQ84z0iPWE9oT3gPiA+YD6gPuA/IT9hP6I/4kAjQGRApkDnQSlBakGsQe5CMEJyQrVC90M6Q31DwEQDREdEikTORRJFVUWaRd5GIkZnRqtG8Ec1R3tHwEgFSEtIkUjXSR1JY0mpSfBKN0p9SsRLDEtTS5pL4kwqTHJMuk0CTUpNk03cTiVObk63TwBPSU+TT91QJ1BxULtRBlFQUZtR5lIxUnxSx1MTU19TqlP2VEJUj1TbVShVdVXCVg9WXFapVvdXRFeSV+BYL1h9WMtZGllpWbhaB1pWWqZa9VtFW5Vb5Vw1XIZc1l0nXXhdyV4aXmxevV8PX2Ffs2AFYFdgqmD8YU9homH1YklinGLwY0Njl2PrZEBklGTpZT1lkmXnZj1mkmboZz1nk2fpaD9olmjsaUNpmmnxakhqn2r3a09rp2v/bFdsr20IbWBtuW4SbmtuxG8eb3hv0XArcIZw4HE6cZVx8HJLcqZzAXNdc7h0FHRwdMx1KHWFdeF2Pnabdvh3VnezeBF4bnjMeSp5iXnnekZ6pXsEe2N7wnwhfIF84X1BfaF+AX5ifsJ/I3+Ef+WAR4CogQqBa4HNgjCCkoL0g1eDuoQdhICE44VHhauGDoZyhteHO4efiASIaYjOiTOJmYn+imSKyoswi5aL/IxjjMqNMY2Yjf+OZo7OjzaPnpAGkG6Q1pE/kaiSEZJ6kuOTTZO2lCCUipT0lV+VyZY0lp+XCpd1l+CYTJi4mSSZkJn8mmia1ZtCm6+cHJyJnPedZJ3SnkCerp8dn4uf+qBpoNihR6G2oiailqMGo3aj5qRWpMelOKWpphqmi6b9p26n4KhSqMSpN6mpqhyqj6sCq3Wr6axcrNCtRK24ri2uoa8Wr4uwALB1sOqxYLHWskuywrM4s660JbSctRO1irYBtnm28Ldot+C4WbjRuUq5wro7urW7LrunvCG8m70VvY++Cr6Evv+/er/1wHDA7MFnwePCX8Lbw1jD1MRRxM7FS8XIxkbGw8dBx7/IPci8yTrJuco4yrfLNsu2zDXMtc01zbXONs62zzfPuNA50LrRPNG+0j/SwdNE08bUSdTL1U7V0dZV1tjXXNfg2GTY6Nls2fHadtr724DcBdyK3RDdlt4c3qLfKd+v4DbgveFE4cziU+Lb42Pj6+Rz5PzlhOYN5pbnH+ep6DLovOlG6dDqW+rl63Dr++yG7RHtnO4o7rTvQO/M8Fjw5fFy8f/yjPMZ86f0NPTC9VD13vZt9vv3ivgZ+Kj5OPnH+lf65/t3/Af8mP0p/br+S/7c/23//3BhcmEAAAAAAAMAAAACZmYAAPKnAAANWQAAE9AAAApbdmNndAAAAAAAAAAAAAMBAAACAAAAVgEuAesCxAODBFMFQAYnBxoIGAkfCj0LTgxrDZAOuQ/sES0SZROjFOMWKhd5GL8aDxtXHKQd8x88IIQhzSMRJFIljSbLKAApMypmK5csyi33LygwUTGAMqsz1TUCNjE3XTiKObY64TwNPTg+YD+JQLFB3EMIRDZFY0aQR7hI3koBSyRMR01qTo9PtFDYUfhTFlQzVU9WbVeNWK5Zy1rhW/Bc9137XwBgCmEZYi1jQWRSZV9mZWdhaFNpPGogawFr4Gy/baBug29ocFBxOHIgcwhz73TWdb52qHeTeH55bHpZe0l8PX03fjZ/OYBBgUuCV4NlhHSFhYaUh6SIs4nAisyL1ozfjeeO7Y/ykPWR9pL1k/WU+pYElxWYLJlHmmObf5yYna6ev5/LoNSh2qLgo+mk9KYDpxWoKqlCqlyrd6yUrbKu0a/xsRGyM7NTtHO1kLapt7q4wbnDusC7u7y1va++qb+jwJ3BlcKKw3zEasVTxjbHGMf5yODJz8rGy8PMwc28zq/PmNBz0UPSDdLT05vUZtU11gXW19eo2HbZQNoG2sfbgNw13Ofdkd473uPfjeA74Ovhn+JS4wPjr+RV5PnllOYs5r/nUufk6IXpL+nk6qjrbuwz7PXtr+5j7xHvtfBQ8ObxfPIX8sbzj/Ru9WH2ZveK+OT6xf0u//8AAABWASMBsAJqAzID6ASxBYAGWAc9CC0JJwonCyIMMA06DlEPYxB+EZ8SvhPpFRAWOBdhGIgZtBreHAsdMx5bH4AgoSG/Itsj9SULJh8nNShJKWAqeSuTLLEtzC7oMAQxITI8M1o0dDWLNqQ3uTjNOeI69DwGPRs+MT9NQGxBj0KwQ9BE7UYIRx1IMklFSlVLY0xuTXhOfk+DUIVRhlKIU4pUjFWKVoRXeVhoWVRaRFs/XEZdWl53X5VgsGHCYspjxWS1ZZxme2dXaDBpDGnsatBrumypbZtuj2+CcHJxXHJAcx9z+3TVda12hndieEV5MHokex18GX0VfhB/Bn/2gOKByoKxg5WEd4VdhkqHRIhMiWGKgYuljMaN3o7uj/WQ95H1kvOT8JTtleyW7pf4mRCaOZtunKadzp7jn+mg5aHfotmj0aTIpb6mvKfKqO2qIatdrJyt2a8UsE6xiLLCs/m1LrZkt5u40roFuzS8X72Fvqa/vMC+warCkMN9xHfFgMaPx53Io8meyo7LdcxTzS3OBM7az7LQi9Fq0lHTRdRF1VHWYtd12ITZh9p922bcQ90a3ezeud+H4FjhLeII4ubjw+Sd5XHmQOcM59Too+l/6mnrZOxo7W3ucO9w8HDxcvJ283n0d/Vp9kf3D/ez+EX4y/la+e360PwM/dr//wAAACsAxAFLAdgCZQMGA48EKwTPBXoGLwbpB6UIaAkvCfkKygufDHcNUg4yDw4P9hDZEcASqROTFH0VZxZSFz0YKRkVGfwa6BvSHL4drh6jH5sgliGUIo8jhiR2JWEmRScgJ/gozCmfKnMrSCwhLQIt6S7XL8gwujGqMpgzgDRgNTk2BjbPN5U4WDkZOdk6nTtkPDI9Bj3ePrY/j0BoQURCJkMQRABE80XnRtZHu0iWSWVKJUrgS5hMT00HTcNOg09JUBhQ6lG+UpNTaFQ7VQ1V3latV3xYSlkVWd9aqFtvXDVc+V29XoBfQ2AIYNFhnGJrYzxkDGTaZadmcWc4Z/xov2mAakBrAGvAbIFtQ24EbsVvhXBBcPhxq3JZcwFzqXRPdPR1mHY8dt53gHgdeL15YHoWetp7q3yDfVh+KH72f8OAk4FngkSDKoQYhQuGAIb0h+OIzYmvioyLYYw0jQeN2o6wj4qQa5FHkhKSxpNbk+yUepVBlkKXiJkImoqb5J0ZnjKfOaA5oTWiL6MopCGlGaYRpwqoCakPqiGrPaxgrYeura/TsPyyKLNatJK10bcUuFm5nLrXvAW9Kb5Hv2LAf8Gewr7D38T/xiHHQ8hnyYzKscvWzP3OKc9b0JfR3tMy1I3V7tdT2LnaIduV3S/fDuF35Ivoee1O8vb5Uf//AABuZGluAAAAAAAABjYAAJOVAABWjQAAVukAAJG3AAAmuwAAFwoAAFANAABUOQACh64AAkeuAAFrhQADAQAAAgAAAAEABAAIAA8AFgAfACkANABAAEwAWgBpAHgAiQCaAKwAvgDSAOYA/AESASkBQAFZAXMBjQGpAcUB4wIBAiECQgJkAocCrALSAvoDIwNNA3oDqAPXBAgEOgRtBKME2QUSBUsFhgXDBgEGQAaABsIHBQdKB5AH2AghCGwIuQkHCVcJqAn6Ck0KoQr3C04LqAwEDGIMww0lDYkN7g5UDrwPJQ+REAAQcRDkEVkRzxJGEr0TOBO2FDoUwxVSFeMWdRcGF5YYJhi4GU4Z6BqIGzEb4xyfHWIeKx74H8YglSFkIjQjBiPbJLMljyZsJ0soKykNKfAq1Su7LJ4tfi5cLzkwFDDwMc0yqjOJNGg1SjYuNxU3/zjtOd460jvKPMU9xD7HP85A2kHoQvZEAEUGRghHCEgISQlKDEsUTCFNNE5OT25QlFG8UuVUDVU0VllXfVigWcRa51wLXTBeVl98YKRhzmL4ZCRlU2aFZ7xo+mpDa5ls+W5jb9JxRnK8dDR1r3cteLF6PHvQfW9/HIDWgpSETIX2h5SJLIrFjGWOFY/fkc2T3ZX/mCCaOZxMnl+geaKgpNqnLamgrDCu4LGhtF63C7muvF2/K8IfxUbIoswMzyjR9tSR1yjZ0dye35fi0uZg6fntEu+s8gD0MPY59//5ivq4+9T8u/2j/nD/N///AAAAAQAFAAoAEgAbACYAMgA/AE0AXABtAH4AkQCkALkAzwDlAP0BFgEvAUoBZgGDAaIBwQHiAgQCJwJMAnICmgLDAu8DHANLA3wDrwPkBBoEUgSLBMUFAQU9BXsFuwX8Bj8GgwbJBxAHWQelB/IIQQiTCOYJOwmTCewKRgqhCvwLWAu0DBIMcgzUDTkNoA4LDngO5w9ZD84QRhDAET4RvxJDEsoTUxPdFGoU+hWPFioWyxdxGBYYthlRGeYaeRsNG6QcQBzkHZEeSh8OH90gsyGOImkjQiQYJOslvSaQJ2YoQiklKhIrCCwFLQguDi8SMBExCDH5Mugz1zTKNcE2wTfKONs58jsOPDA9UT5pP3RAckFoQlhDR0Q5RTRGOEdHSF9JfkqhS8dM8E4bT0VQa1GGUpRTl1SVVZRWoFe/WPFaNVuAXM1eHl90YM9iI2NmZJVltWbOZ+Ro+2oWazNsVG12bppvwHDqchdzRnR2dad22ngQeU16j3vYfSZ+fX/jgWeDEITKhnSIBomHiwSMiI4bj8ORgpNYlUOXO5k7mzudOZ8poQSixqR2phunvaliqxWs3a7FsM+y9bUxt3y5y7wPvkTAcsKmxOnHQsmyzDHOnNDd0vTU8dbn2OPa6Nz03wHhCuMU5STnSOmW7DfvivOm92z5zvuE/MP99P75//8AAAACAAgAEQAeAC0APgBRAGYAfQCWALAAzADqAQkBKwFNAXIBmAHAAeoCFgJEAnQCpgLaAxEDSQOEA8AD/QQ7BHoEugT8BUEFigXXBikGgQbdBz4HoggICG8I1Ak5CZ0KAgpqCtULRAu7DDkMwQ1QDeYOgg8hD8AQXBD2EZASLRLNE24UDRSoFUIV3BZ5Fx4XzhiOGWIaQhsqHBQc+x3dHrgfkiBtIUwiMCMYJAYk+SXxJu8n8yj9Kg4rJCxALWAugC+dMLgx0zLzNBo1STaCN8M5DDpcO7A9Bz5gP75BIkKTRBZFrkdaSRFK0UyaTm9QVVIyU9pVWlbMWEhZ01tmXPheg2ABYXBi1WQ3ZZxnCWiBagpro21NbwBwt3JvdB51w3d1eWR77n6kgHmB1oL8hAKFCIYQhzOIc4nUi1WM6Y6IkC6R2ZOIlTuW8Zipml6cCp2nnzegvaI/o8ClRKbKqFCp1KtUrNCuRq+5sSiyl7QItX22/LiJuia70L2CvzbA6cKcxE/GBMe7yXPLK8zkzp7QWNIU09LVj9dK2P/arNxP3ejfdeD94oLkA+WC5wLog+oE63/s7u5G73nwnfGN8nXzRPP39Kr1TvXb9mj29vd29+n4XPjP+UP5q/oN+nD60vs1+5j78fxJ/KL8+/1U/a3+A/5Y/qz/Af9V/6r//wAAc2YzMgAAAAAAAQxCAAAF3v//8yYAAAeSAAD9kf//+6L///2jAAAD3AAAwGxtbW9kAAAAAAAABhAAAJzfAAAAAMoq1YAAAAAAAAAAAAAAAAAAAAAA/8AAEQgA8gIFAwERAAIRAQMRAf/EAB8AAAEFAQEBAQEBAAAAAAAAAAABAgMEBQYHCAkKC//EALUQAAIBAwMCBAMFBQQEAAABfQECAwAEEQUSITFBBhNRYQcicRQygZGhCCNCscEVUtHwJDNicoIJChYXGBkaJSYnKCkqNDU2Nzg5OkNERUZHSElKU1RVVldYWVpjZGVmZ2hpanN0dXZ3eHl6g4SFhoeIiYqSk5SVlpeYmZqio6Slpqeoqaqys7S1tre4ubrCw8TFxsfIycrS09TV1tfY2drh4uPk5ebn6Onq8fLz9PX29/j5+v/EAB8BAAMBAQEBAQEBAQEAAAAAAAABAgMEBQYHCAkKC//EALURAAIBAgQEAwQHBQQEAAECdwABAgMRBAUhMQYSQVEHYXETIjKBCBRCkaGxwQkjM1LwFWJy0QoWJDThJfEXGBkaJicoKSo1Njc4OTpDREVGR0hJSlNUVVZXWFlaY2RlZmdoaWpzdHV2d3h5eoKDhIWGh4iJipKTlJWWl5iZmqKjpKWmp6ipqrKztLW2t7i5usLDxMXGx8jJytLT1NXW19jZ2uLj5OXm5+jp6vLz9PX29/j5+v/bAEMAAQEBAQEBAQEBAQEBAQEBAQEBAQEBAQEBAQEBAQEBAQEBAQEBAQEBAQEBAQEBAQEBAQEBAQEBAQEBAQEBAQEBAf/bAEMBAQEBAQEBAQEBAQEBAQEBAQEBAQEBAQEBAQEBAQEBAQEBAQEBAQEBAQEBAQEBAQEBAQEBAQEBAQEBAQEBAQEBAf/dAAQAQf/aAAwDAQACEQMRAD8A/v4oAKACgAoAKACgAoA8M/Z98eeL/iJ4O8R6141sYNP1TTfir8WvCdjDb2E+nJJ4c8IfEDXvDvhq6aG4kleWW60XT7Oea7VlivJHa4hRI5ESgD3OgAoAKACgAoAKACgAoAKACgAoAKACgAoAKACgAoA8M/Z9X4lJ4M8Qj4qNqLeIT8U/iy2lHU0gS4HglviBr58CiIW8cSGzXwr/AGWLJmVpWthE0rvIWegD3OgAoAKACgAoAKACgAoAKACgAoAKACgAoAKACgAoA8M/Z9X4lp4L18fFVtRbxEfil8V20s6mkEdx/wAIU3j/AF4+BhGtvFEhsx4WOmCyZlaVrYRNLI8hZ2APc6ACgAoAKACgAoAKACgAoAKACgAoAKACgAoAKACgAoAKACgAoA//0P7+KACgAoAKACgAoAKAPKPg78U7T4u+Gda8SWel3GkxaN8QfiJ4Ce3uZYpZJrj4feMdY8I3F+rRFlEOoTaS93DGTvjjlVJMMCFAPV6ACgAoAKACgAoAKACgAoAKACgAoAKACgAoAKACgDxH4BfEfX/ih4O8Qa/4j02DSr7Svih8VvBdtb28U0SS6T4I8fa94X0e+ZZ8OZb7TtMt7uV1/dSSSs0WYypoA9uoAKACgAoAKACgAoAKACgAoAKACgAoAKACgAoAKAPEPgD8R9f+KPg3XvEHiPTIdKvtL+J3xU8GW9vBHNEkuk+CfHuu+GNIvmWcBzLfadplvdSuv7p5JWaImMqWAPb6ACgAoAKACgAoAKACgAoAKACgAoAKACgAoAKACgAoAKACgAoA/9H+/igAoAKACgAoAKACgDzP4U6x8Otb8PavdfDKG0g0KDxz4803VVs7OWyibxnpnirVLLxtK8Uqq0lxL4ng1J7m5XMd1MXnjZkcGgD0ygAoAKACgAoAKACgAoAKACgAoAKACgAoAKACgAoA8t+EXxL0P4q+G9X8Q+H9KvNHstJ8eeP/AARcW16lqks2qeBfF2reFdWv4xaSSRm31DUNLuLu2ZyJ2hlRrhEmLrQB6lQAUAFABQAUAFABQAUAFABQAUAFABQAUAFABQAUAeW/CL4maH8VvDWreIvD+lXmj2Wl+OvH3gqe1vUtUll1TwN4t1bwtqt+gtJJIjb6hqGl3F5bMzCdoZka4RJi6KAepUAFABQAUAFABQAUAFABQAUAFABQAUAFABQAUAFABQAUAFABQB//0v7+KACgAoAKACgAoAKAPM/hT4D8IfDzw9q+i+Cr6e/0vUvHPjzxZfTXF9BqDx+I/F/ivVfEPiW1Wa3jiSOK01rUL23htGVpbOONbeZ3kjd6APTKACgAoAKACgAoAKACgAoAKACgAoAKACgAoAKACgDzL4UN8NX8O6sfhWunJ4eHjjx2uqjTHneA+Nl8V6qPHLSm4kkcXp8VDVDeqrCJbnzViRIwqKAem0AFABQAUAFABQAUAFABQAUAFABQAUAFABQAUAFAHmXwob4aP4d1U/CtdOXw6PG3jpdUGmPO9v8A8JqvirVB44MhnklcXh8U/wBqG9VWWJbkyrEiIAlAHptABQAUAFABQAUAFABQAUAFABQAUAFABQAUAFABQAUAFABQAUAf/9P+/igAoAKACgAoAKACgDxf4FfCy7+EXhLX/Dd5qlvq0us/E34o+PUubaKSKOG3+IPjrXPF1tYOsoDGbT4dWS0nkX5JJYmeMlCpYA9ooAKACgAoAKACgAoAKACgAoAKACgAoAKACgAoAKAPLvhJ8ONA+F3hvV9A8OalPqtjqvjvx/40ubi4lhleLVvG/i3VvFGsWStBlBFY6jqdxaxI372NIgsuJAwoA9RoAKACgAoA+Rf28v2rvDX7EX7Ivx1/ae8TRR3kXwt8Danqug6M7MG8R+MrwLpfgzw7GkeZ5P7Y8S3um2k/kJJNFZvdXKoVhc0Acz/wTk/bS8J/8FBP2Nvgl+1V4UhttP8A+FleFobjxN4et5/tH/CJ+NtMll0zxf4WmkOHaXQtdtb2wLuq+asIlA2srMAfcFABQAUAFABQAUAFABQAUAFABQB5d8I/hxoHwu8N6t4f8OalPqtjqnjnx94zubi4lhleLVvG3izVfE+sWStBlBFY6jqVxaxI372NIgsuJAwoA9RoAKACgAoAKACgAoAKACgAoAKACgAoAKACgAoAKACgAoAKACgD/9T+/igAoAKACgAoAKACgDwz9n7R/iLong7xHa/E6a7n16f4q/FnUtKe8vIr6RfBmp/EDXr7wTHHLEzrHbxeGJ9NjtrYkPbQqsMgDowoA9zoAKACgAoAKACgAoAKACgAoAKACgAoAKACgAoAKAPEvgJ8NNc+FXg/X/D2v6rZ6veat8T/AIq+N7e5snunih0rx14913xVpNhIbyOKQXOn6fqlvZ3KorW6zQutu7whHoA9toAKACgAoA/G/wDau8R/D/8AaY/b6+CH7JHjPXvCf/Cof2bPCkv7UXx/0XxNq+k2mkeI/G3iu21nwP8AAfwHq1pqF1bpeQ22ny+OvHV/YvvUN/wid5JEQYXoA/HX/giB8QrH/gn5/wAFRP27P+CQOreLNP1b4V+LfFWpftIfsk6lBrNpqmn3Oha9Fa6lrHhuxvraea0N9J4dv9E1CTS7NmaPVNN8TyuA0UrUAf2NUAFABQAUAFABQAUAFABQAUAFAHiXwD+GeufCnwdr3h3xBqtnrF7qnxN+KfjW3ubJ7t4odL8c+PNd8U6VYObyOOUXGn2GqW9pcqimBZonW3d4QrsAe20AFABQAUAFABQAUAFABQAUAFABQAUAFABQAUAFABQAUAFABQB//9X+/igAoAKACgAoAKACgDwz9n7x54v+Ing7xHrXjWxg0/VNN+KvxZ8J2ENvYT6eknhzwh8QNe8PeGrpobiSV5ZbvRdPsria7VlivJJGuIUSN0SgD3OgAoAKACgAoAKACgAoAKACgAoAKACgAoAKACgAoA8M/Z9X4lJ4M8Qj4qNqLeIT8U/iy2lHU0gS4HglviBr58CiIW8cSGzXwr/ZYsmZWla2ETSu8hZ6APc6ACgAoA8g+PHx0+G37Nvwq8XfGT4s66PD/gjwbps2oaleLa3V9d3Mqxu1ppemWFlDPd3+q6nOi2enWVvE0t1dSxQplmxQB+Ev/BLP4I/sj/8ABRn4S/E39s79oX4SeCfit8e/j78Z/H3jPxlpfxA8P38niP4VeFrfWbjw58L/AIZfZdVjtLuwsfDXw/0XQbeKAx+TLcNcXcRInLMAflP/AMHCf7PfwU/4J1/Gn9gD9uL9hn4d6P4E+PvwU+LkX/CYfCn4VaDqj6t49+Gl2Wu57280/TILryrOSyTxR4U1HUZjhoPENlFgfZkoA/sS/Zi/aO+G37VvwX8E/Gv4W6wNW8OeLdGsbyaKW1u7DUNF1aS1hk1PQNX0+/gt7yw1XSbqSSzvrS4iWSCaJkYAg0Ae/wBABQAUAFABQAUAFABQAUAFAHhn7Pq/EtPBevj4qtqLeIj8Uviu2lnU0gjuP+EKbx/rx8DCNbeKJDZjwsdMFkzK0rWwiaWR5CzsAe50AFABQAUAFABQAUAFABQAUAFABQAUAFABQAUAFABQAUAFABQB/9b+/igAoAKACgAoAKACgDyj4OfFO0+LvhnW/ElnpdxpMWjfEH4ieAnt7mWKWSa4+H3jHWPCNxfq0RZRDqE2kvdwRk744pVSTDAhQD1egAoAKACgAoAKACgAoAKACgAoAKACgAoAKACgDzP4n/Gb4S/BTQ28S/F34k+CvhtoChj/AGr4z8RaX4ftGCAl/Lk1G6tzLtCkt5QfbjnHFAHx9+xx/wAFHf2Zf2s9L1u38IfH74KeJvGFl8R/iP4Y0/w54U8c6Leahe+H/DfjTWNF8L6nFYte/abiTWtCs7HU1aBGScXQkhUxsu4A/Q2gAoAKACgAoAKACgAoAKACgAoAKACgAoAKACgAoA8Q+APxH1/4o+Dde8QeI9Mh0q+0v4nfFTwZb28Ec0SS6T4J8e674Y0i+ZZwHMt9p2mW91K6/unklZoiYypYA9voAKACgAoAKACgAoAKACgAoA+O/wBrH9ub4Afsa3Pwb0n4x+LLTSfEfx4+Jmh/DH4deHxPCmoarqWpzL/aWsSiZ0jtNA8O2W681fUp3SGIva2qFrm6hRgD610vVNO1vTbHWNIvbbUtL1K1hvdP1CzlSe0vLS4QSQXNvMhZJYZY2V43UlWVgR1oAv0AFAH5Oad+1f8AF79p/wDbt/aM/ZL/AGfvFeg/DL4ffsh+D/BCfFn4oal4Sh8c6t4o+MHxFs7nWtK8GeG9Nk13RLSw0fwXpNtbv4snuZpbzUb+9k0q3SzSEX1AHpX/AATo/bN8QftV+F/jn4G+KOmaPof7QX7Jvx28bfs5/HGx8PBo/Duq+KvB08T2PjDwzbTTT3FtoHi3RLrT9XtLaWWf7HNPcWK3M4tvNcAxP23/ANsjxt8Kvjx+yF+xx8C00NPjv+1x4t8UyL4o8Saedc0H4W/Cb4caP/bXjXxtqGgRX2mz6xqWoyNb+HfC1ib6ztZdSluri6uUSyEc4Bl/C79rP4kfDz/goLrv/BPj4/63ovjLUvGPwMtP2jP2efihpWhR+FbrxH4O0zXH8HePPBnizRY9U1W2/wCEm8NeJIBeWGoWVyi6vol9FcSWFm8DIwByWlfth/tGp/wWOX9hrxZYfDSz+CVz+xrrn7Q+gT+G01q/8X3usx/EjTvBVkuvarqcOnW1kLeGDUpG0zT7O8gY3MUn9osUKMAfrrQAUAf/1/7+KACgAoAKACgAoAKAPM/hTrHw61vw9q918MobSDQoPHPjzTdVWzs5bKJvGemeKtUsvG0rxSqrSXEvieDUnublcx3UxeeNmRwaAPTKACgAoAKACgAoAKACgAoAKACgAoAKACgAoA8e/aD+NXhP9nH4G/Fv49eOpHj8JfCD4feKviDrqxFRcXVn4Z0i61P+z7TeQrX2py28Wn2KMcSXd1CnO6gD+Bv9gf8AYA+N/wDwczfGj4rf8FAP+CgXxZ+IPhv9k7RfH+s+E/g38IvBmqyafFeQabKRNovhEX0dzpnh3QfD0DWenar4hTSb7Vdc1iG+trhg9s8ygH2H8fv+DW39lL4ifAbxb8bv+CZ/iz46fAj9pL4P+J/iNpvgex8T+OotYs/GPin4SeIdX8Nz6fp+p6Na6TqvhXVNfv8ARLp9D1u2v5R591ZwXtnZQvO8AB+ln/BtL/wVA+JX7en7MPjz4OftGXs+o/tOfsjeIbH4f/EDW74KmqeL/DV0t3b+FvFOsRoiImtNNpOraFrEiqgvNQ0a41ARRLdpGgB/StQAUAFABQAUAFABQAUAFABQAUAFABQAUAFABQB5b8IviZofxW8Nat4i8P6VeaPZaX468feCp7W9S1SWXVPA3i3VvC2q36C0kkiNvqGoaXcXlszMJ2hmRrhEmLooB6lQAUAFABQAUAFABQAUAFABQB/Pt/wXH8O+FdT+Kn/BJa/8SaF4f1C2f/goH4L0W/vNb0zTruF9NvfC2vuukXc99BKjWF5dAMLCYtbT3GD5RkAagD94Lu10Kz8G6hY6XbC18PWnh+/tbaz8Jxx27W2nQ2E0f2bQIdMVUguIoVMenRWSL5cwiWFQQooA/kb1bSP2JjqmpGbQP+C+plOoXnmmx1T9pf7EZPtEm82fl6UY/spbP2fYdnlbNuVxQB+23/BKi1+EFr8N/iYvwgsf23LHS28b2zaqn7blz8Qrnxc9/wD2DpoV/BzfEK1tr5fDn2fyhKLBWtf7TF4WImLhgD5W/wCCafhi/wDhJ/wVY/4LLfDrxeJLLxH8Rfip8L/2g/By3rAPr/w58feGJ4rDUNIc7ReWGlalY3mk3fkCQWF5E1rcFJRhgC7/AMEdfCVxd/tMf8Fjf2gY2ni8E/E39v8A8eeHvBmoP8mi+INK+G2k6bomseKNJumxBd2UniA6tpkt9FI0LyaS+GCpmgDmv2v4bCz/AOC1/wDwSm/aSh1jT9X+Evjn4V/tAfs96R4t03UbTUfDMHxGKXHjDTdOfUrWWS0h1DWtPN7Z2IecNeXGn3FpCrTW0kbAHUfGDwfd/E3/AIOH/wBl3U9DFzLp37Pn/BP34jeJPHmpWKtJaaZqXxA+KV1pHhDw1rM6BktrrWrK31fWrKzlZJZbewFyoMbIWAI9VkQ/8HKnhVA6l1/4JRayGQMCwP8Aw0GzYK9QdrK3OOGU9DlgD99KACgD/9D+6vw18J/DXhX4eXPwy02/8WT+H7u11i0kvtV8V63qniZYtbe4ku2i8TXt3Pq8U0TXMgsZkuQ9koiW22CJKAM/4VfBTwn8Ho9Xi8L6n411Fdae2kuz4w8a+IfF7RG1V1jFk2u314bIMJD5otyglIUuDtBoAyfB/wCz34I8EeOL34g6Rq/xButbvxqAmtNc+IPijXPD6f2lKk1x5GgajqE2mQFGjAtjHar9mQskOxWO4APEv7PfgjxV8Q7X4m6lq/xBg8QWl1pF5HZaV8QfFOleGWl0VLeO0WXwzZajFo8sMgtozewvalL1jK1yHMrtQBofFX4HeEPjC+kSeKNU8cac2ircpaDwf448ReEFkF0UMn21dCvrNb1gYx5TXG8xDcExuNAGt4x+E/hrxx4Hsvh/q9/4stdEsTp5hu9E8Wa3oniBv7Nhkgt/P8Qadd2+qXG9JCbnzbhvtLgPNuZQVADw18J/DXhX4eXPwy02/wDFk/h+7tdYtJL7VfFet6p4mWLW3uJLtovE17dz6vFNE1zILGZLkPZKIlttgiSgDzX9mn9m74Wfs56F4o0r4V654y1zTfE3i7xL4h1eXxZ451PxobfXtV1/U9U1q3s5L6aSKxMOq315DPHGv2kugW+lmuEeRgDpPB/7PfgjwR44vfiDpGr/ABButbvxqAmtNc+IPijXPD6f2lKk1x5GgajqE2mQFGjAtjHar9mQskOxWO4APEv7PfgjxV8Q7X4m6lq/xBg8QWl1pF5HZaV8QfFOleGWl0VLeO0WXwzZajFo8sMgtozewvalL1jK1yHMrtQBofFX4HeEPjC+kSeKNU8cac2ipcJaDwf448ReEFkFyUaQ3q6Ff2a3rAoPKa4DmIbgmNxoA1/GPwn8NeOPBFl8P9Xv/FdrolidPMN3ofivW9E19v7NheC38/X9OvINTn3pITciW4YXLhXm3MqsoAnhr4T+GvCvw7ufhlpuoeLJ/D93a6xaSXuq+K9b1TxMsWtvcSXbQ+Jr27n1eKaJrlxZTR3IkslES2+wRJQBn/Cr4KeE/g9Hq8XhfU/GuorrT20l2fGHjXxD4vaI2qusYsm12+vDZBhIfNFuUEpClwdoNAGT4O/Z78EeB/HF78QNI1f4g3Wt366gs1prnxB8Ua54fQalLHNcfZ9A1HUbjTICjRgW3l26/ZkLRwlVZtwAeJf2e/BHir4h2vxN1LV/iDB4gtLrSLyOy0r4g+KdK8MtLoqW8dosvhmy1GLR5YZBbRm9he1KXrGVrkOZXagDQ+KvwO8IfGF9Ik8Uap4405tFS4S0Hg/xx4i8ILILko0hvV0K/s1vWBQeU1wHMQ3BMbjQBr+MfhP4a8ceCLL4f6vf+K7XRLE6eYbvQ/Fet6Jr7f2bC8Fv5+v6deQanPvSQm5EtwwuXCvNuZVZQBPDXwn8NeFfh3c/DLTdQ8WT+H7u11i0kvdV8V63qniZYtbe4ku2h8TXt3Pq8U0TXLiymjuRJZKIlt9giSgDP+FXwU8J/B6PV4vC+p+NdRXWntpLs+MPGviDxe0TWqusYsm12+vDZKwkbzRblBKQpcHapoAyfB37PfgjwP44vfiBo+r/ABBudav11BZrTXPiD4o1vw+g1KaOa48jQNR1C40yAo8ai28u3X7MhZIWVWIYAPEv7PngjxV8Q7X4m6lq/wAQYPEFpdaRdx2WlfEHxTpXhlpdFS3jtFl8M2WoxaPLFILaM3sL2pS9ZpGuQ5ldqAND4q/A7wh8YX0iTxRqnjjTm0VLhLQeD/HHiLwgsguSjSG9XQr+zW9YFB5TXAcxDcExuNAHyl/wU2/ZX1P9p/8A4J2/tKfs5+C5tcl8Ua58HfEMHgS3g1nUE1DWfE/h7SJtQ8PaLqF4k4n1Nddu7OLS5ob6SSC5uLqKa53GINQB/O//AMGoP7YnwZ179iTxj/wTW+JWvW/w3+PnwO8dfFS2v/B+q6v/AMIr4o8T+F/HninV9cvtX8PXDy2d7/aWgaxrGoaFeR2jrqOmvZ2d0UjjuLd2AP331T4wfsO/8E3v2bvjJ8fJfiXJoXww8Oap451HX4fE3xB1TxHfa54+0PWtZg13w94YsPEWpXNzP4m1zxfHfWElvYRD7Zqs/mTEqC6gH82H/Bop8CvF/jrx3+3r/wAFDfEGi654Z8FfHb4iweGPhnYteajZ6ZrA0zXPFHiXxNqJs2aODXLSxl8T2Gj2V9PHMLLULHWIbd1d7igD+xXxJ+z34I8U/ES2+Juo6v8AEGDxBaXWkXkdlpXxB8U6V4ZaXRY7aK0WXwzZajFo8sMi20ZvYXtGjvWaVrkOZXNAGh8Vfgb4Q+MMmkSeKNU8cac2ipcpaDwf448ReEFlF0yNIb1dCv7Jb1lMY8prgOYgWCbdx3AGt4x+E/hrxx4IsvAGr3/iy10SxOnmG70PxXreh6+39mwyQW4n1/Try31OcOkhNyJbhhcuFeYMyqaADw38J/DXhb4d3Pwx06/8WT+H7q11izlvtU8V63qviZYtbkuJLtovE15eS6xFNE1zILKaO7WSyVYltygiQUAZ/wAKvgr4T+D0erxeF9S8a6iutPbyXZ8YeNPEHi9o2tldYxZNrt9eGyUh281bcoJTtLg7VNAGT4O/Z78EeB/HF78QNH1f4g3OtX66gs1prnxB8U65oCDUpo57jyNA1LUbjTYCjxgWxjt0+zIWjh2IxWgA8Sfs9+CPFPxEtvibqOr/ABBg8QWl1pF5HZaV8QfFOleGWl0WO2itFl8M2WoxaPLDIttGb2F7Ro71mla5DmVzQBofFX4G+EPjDJpEnijVPHGnNoqXKWg8H+OPEXhBZRdMjSG9XQr+yW9ZTGPKa4DmIFgm3cdwBreMfhP4a8ceCLLwBq9/4stdEsTp5hu9D8V63oevt/ZsMkFuJ9f068t9TnDpITciW4YXLhXmDMqmgA8N/Cfw14W+Hdz8MdOv/Fk/h+6tdYs5b7VPFet6r4mWLW5LiS7aLxNeXkusRTRNcyCymju1kslWJbcoIkFAGf8ACr4K+E/g9Hq8XhfUvGuorrT28l2fGHjTxB4vaNrZXWMWTa7fXhslIdvNW3KCU7S4O1TQBk+Dv2e/BHgfxxe/EDR9X+INzrV+uoLNaa58QfFOuaAg1KaOe48jQNS1G402Ao8YFsY7dPsyFo4diMVoAPEn7PfgjxT8RLb4m6jq/wAQYPEFpdaReR2WlfEHxTpXhlpdFjtorRZfDNlqMWjywyLbRm9he0aO9ZpWuQ5lc0AX/ir8DfB/xhk0iXxRqnjjTm0VLiO0Hg/xx4i8ILKt0yNIb1dCv7Jb1lMY8prgOYgWCbdx3AGv4y+E/hrxz4IsvAGsX/iy10WxbT2hu9D8V63oevsdNhkgg8/X9OvINTnDpKxuRLcsLlwrzbmRTQAeG/hP4a8LfDu5+GOnX/iyfw/dWusWct9qnivW9V8TLFrclxJdtF4mvLyXWIpomuZBZTR3ayWSrEtuUESCgDy39mD4S/BD4Y+HfFLfAzUvEGo+H9V8ZeKoNdOseMPEHiqCPxjpXiLVLXxd5H9uXd0bS9bxINT/ALVa3K/aL0SSSbjjaAdZ4O/Z78EeB/HF78QNH1f4g3OtX66gs1prnxB8U65oCDUpo57jyNA1LUbjTYCjxgWxjt0+zIWjh2IxWgA8Sfs9+CPFPxEtvidqOr/EGDxDaXWkXkdlpfxB8U6X4ZaXRY7eK0WXwzZ6jFo8sMi20ZvYXtGjvWMr3IcyuaAL/wAVfgb4P+MMmkS+KNU8cac2ipcR2g8H+OPEXhBZVumRpDeroV/ZLespjHlNcBzECwTbuO4A1/GXwn8NeOfBFl4A1i/8WWui2Lae0N3ofivW9D19jpsMkEHn6/p15Bqc4dJWNyJblhcuFebcyKaADw38J/DXhb4d3Pwx06/8WT+Hrq11izlvdU8V63qniZYtbkuJbtovE15eS6xFNE1zILKaO7WSyVYlt2QRIFAM/wCFXwV8J/B6LVovC+p+NdRXWpLeS7PjDxp4g8XvG1srrGLJtdvrxrNSHPmrblBIdpcHANAGT4N/Z78EeBvG994/0fV/iDda1frqCzWmufEHxTrmgINSmjnuPs+galqU+m25R4gLYx2y/Zoy0cOxGIoAPEn7PfgjxT8RLb4najq/xBg8Q2l1pF5HZaX8QfFOl+GWl0WO3itFl8M2eoxaPLDIttGb2F7Ro71jK9yHMrmgD3OgAoA+ef2lf2U/gD+174G0r4c/tEfDyx+InhPQfF2h+PNBs7jU9d0K/wBC8X+HGmbR/EGi674Z1TRtc0vUrJbm5jjuLHUIX2Tv/GqOgB7R4Y8MaF4M8P6R4V8M6fHpWg6DYW2maVp8Uk8y21naxrFDGZ7qW4uriQIo8y4up57mZ90k8skjM7AG9QAUAfP/AMVv2Xvgh8aPE+h+OPHfg6Sbxz4b0q+0DR/G3hvxH4o8EeLrfw9qcglv/D8/iHwZrWhanqOh3EoMy6VqU95ZWl08l9Yw2t85uaAO38DfB/4ZfDT4c2nwk8B+DNG8LfDmy0u+0aDwrpMMlvYmx1NZ11MTy+a17d3epNc3M2o6ld3U2pX1zPNd3V3LcyPMwB4d4a/YP/ZM8I/s/wCgfsvaB8GtBsPgh4U1ubxP4X8HR3/iDzfDfiafW7rxG/iTw94l/tgeK9C19davry9h1fSNbsr63N1cW9vNFayvEwB6h8Jf2ePhD8ELrxRqnw68JjTPEHje4sbrxj4r1XV9c8U+LvE0ml2q2Wlx6x4o8T6lq+t3Vlplovkabpv21NN0+NpBZWkBlkLgHl0n7B/7Kcv7Rq/tcSfC2Q/tGJo3/COL8UR49+Ja6wvhz7Zb6ifDw05PGK+H/wCwWvrW3un0b+yP7NeeMO9qSW3AH13QAUAf/9H+/igAoAKACgAoAKACgDxf4FfCy7+EXhLX/Dd5qlvq0ms/E34o+PUubaKSJIbf4g+Otc8XW9g6ygMZtPh1ZbSaRfkkliZ4yUKlgD2igAoAKACgAoAKACgAoAKACgAoAKACgAoAKACgD+Zv/gpd/wAGzf7Nv7bnxju/2nvgV8UvF/7Hf7SGq6g+seJvF3w5tXk0DxXrLo6ya5Pp1hqei6j4c8RXbvv1HW9Fvn+28tJp4mkluHAPzw+Ev/BoXqnjPxXoWp/trf8ABRD4q/tA/Dvw74jv9Wf4eaHfeJb+21i4lv5bjUUk1/xhr2ojw/qGoXjzSa5c6fo95eXFxLciSYzO9xQB/Y78EPgh8LP2cPhV4K+CfwV8G6T4B+Gfw90W10Dwr4X0WDybPT7C1QKGdyWlu7y5k3XF9f3Ly3d9dyy3NzK80juwB6tQAUAFABQAUAFABQAUAFABQAUAFABQAUAFABQB5d8I/hxoHwu8N6t4f8OalPqtjqnjnx94zubi4lhleLVvG3izVfE+sWStBlBFY6jqVxaxI372NIgsuJAwoA9RoAKACgAoAKACgAoAKACgAoAKACgAoAKACgAoAKACgAoAKACgD//S/v4oAKACgAoAKACgAoA8M/Z+0f4i6J4O8R2nxOmu59en+Kvxa1LSnvbyO+lXwZqfxA1++8ExxyxM6x28XhmfTY7a2JD2sKpA4DowoA9zoAKACgAoAKACgAoAKACgAoAKACgAoAKACgAoAKAPEvgJ8NNc+FXg/X/D2v6rZ6veat8T/ir43t7mye6eKHSvHXj3XfFWk2EhvI4pBc6fp+qW9ncqitbrNC627vCEegD22gAoAKACgAoAKACgAoAKACgAoAKACgAoAKACgAoA8S+Afwz1z4U+Dte8O+INVs9YvdU+JvxT8a29zZPdvFDpfjnx5rvinSrBzeRxyi40+w1S3tLlUUwLNE627vCFdgD22gAoAKACgAoAKACgAoAKACgAoAKACgAoAKACgAoAKACgAoAKAP/T/v4oAKACgAoAKACgAoA8M/Z+8eeL/iJ4O8R6141sYNP1TTfir8WfCdhDb2E+npJ4c8IfEDXvD3hq6aG4kleWW70XT7K4mu1ZYrySRriFEjdEoA9zoAKACgAoAKACgAoAKACgAoAKACgAoAKACgAoAKAPDP2fV+JSeDPEI+Kjai3iE/FP4stpR1NIEuB4Jb4ga+fAoiFvHEhs18K/2WLJmVpWthE0rvIWegD3OgAoAKACgAoAKACgAoAKACgAoAKACgAoAKACgAoA8M/Z9T4lp4L18fFVtRfxEfil8V20s6mkEdx/whTeP9ebwMI1t440NmvhY6YLJmBla2ERld5CzUAe50AFABQAUAFABQAUAFABQAUAFABQAUAFABQAUAFABQAUAFABQB//1P7+KACgAoAKACgAoAKAPKPg58U7T4u+Gdb8SWel3GkxaN8QfiJ4Ce3uZYpZJrj4feMdY8I3F+rRFlEOoTaS93BGTvjilVJMMCFAPV6APzq/4KeftM/tA/sa/so/FT9qH4I+C/hh8Q7X4L+FJfF/i3wd4/1/xH4dvtY0yHU7CynXw9faJoWs2wura3vWu3j1A20ciW8iRuZGRXAPgv8AYx/b3/4KrftlfsceAf2zvhr+zL+x5rXh74i6Bq2veHfhJc/HD4m6D8QLuHS729s0tF1S7+F0nhCO/wBQeyP2SK41mKEGaMXE0TBwgB9Zf8Euf+Cqnw3/AOClvhf4r2WneAfFXwa+OH7PnjKTwD8c/g14xa2uNV8H+IY5rq3ins9SspJLbU9Gv57C9itLoeVOstrPBdW8M8UiKAfqvQAUAFABQAUAFABQAUAFABQAUAFABQB4h8AviPr/AMUPB3iDX/EemwaVfaV8UPit4Ltre3imiSXSfBHj7XvC+j3zLPhzLfadplvdyuv7qSSUtFmMqaAPb6APEP2j/wBov4Q/snfBbx5+0D8dvF1l4I+F3w40dtZ8Ta/eh5DHEZY7e0srG0iV7nUNU1G8mgstO0+1jkuby6mjihjYk0AflN+zd+25/wAFGv8AgoF4P/4Xd+zH+zl8GfgB+zd4hvJb34R+Ov2pfFnjMfEL4seEdudO8U2Xw78EeGNYTw7oet8Tade6nq6TzWLrdQ2svyo4Bg6T/wAFHv27/hv/AMFC/wBmT9hP9qb9k/4b+DNG+Pz+PbrQf2h/hl8Qdd8X/D3xnZ+CvB15r9xpnh201rw1oGq6R4itruKA6vpetQwT2tnJbzW6Tw3iSqAfvNQAUAFABQAUAFABQAUAFABQAUAFABQB4h8AfiPr/wAUfBuveIPEemQaVfaZ8T/ip4MtreCKeJJdJ8E+Pdd8MaPess+HMt9p2mW91K6/unklLRZQg0Ae30AfmR/wVh/a4+P/AOwh+yF8Tv2tfgz4E+GPxK0j4MaPpuu+NvB3jvxD4i8OarqWnap4n0bw0j+G7zRtC1i0ee0m1u3uriLUGtVe3hn8t2cIjAHyZ+yH+2x/wVi/ay/ZO+E37XXgT9mT9jbVvDnxh8Gw+NfDfw1ufjz8SPD3jaHTLyN5tOiudTvvhc/hRL2+jVQkUusxw27Sr9pmTa4UA9M/ZG/4LL/DL42ftJaz+w7+0f8ACfxz+xx+2nodst3B8HvinLp1xpPj2y+xrff2r8MvGemzS6R4n0+5tC15p8fmQaheWMcl3FaNEhFAH7PUAFABQAUAFABQAUAFABQAUAFABQAUAFABQAUAFAH/1f7+KACgAoAKACgAoAKAPM/hTrPw61zw9q938MobSDQoPHPjzTdVSzs5bGJvGemeKtUsfG0rxShWkuJfE8OpPc3S5jupmeeMlHBYA9MoA/LD/gt1/wAom/27/wDsg2v/APpw0qgD8Of+CRP7ZH7c3wJ/4Ixfs3D4Bf8ABNr4kftFW3h34e69J4V8VaH8T/hnBpnil11nV5I5ofCdp4gvfH8Sx3TLE9o/h0XcyRyNDE2UDAHq/wDwbO+GPgpd61+3F8f7j49aB49/bU/aO+Ka+Mv2nfg1YaDrngjUvgbcwa14kvbLwjeeEfFdjpevvLaa/rXiKG61z7AmnXUyC2s5JobeOeUA/q+oAKACgAoAKACgAoAKACgAoAKACgAoA8t+EXxL0P4q+G9X8Q+H9KvNHs9J8efEDwRcWt6lqks2qeBfF2reFdWv0FnLLEbfUNQ0u4vLZnYTtDMjXCJMXWgD1KgD+Mr/AIPA/HHiS/8ABv8AwTj/AGahqOpaV8Nvj3+0pqSfEaRLiW00fUoPD958PdG0m21KWJkEqadB401q+eGUmJPNiuNjSRoyAH9ffww8L6F4J+G/gLwh4X06x0jw74a8H+HNE0XTNMgjttPsdN07SLS1tLezgiCxxW8cMaiJEAUL07UAZ3jf4QfDv4i+KPhf408YeGrPV/FHwZ8VX/jP4b61LvjvvDOvar4c1bwnqdxZzRsjGDUND1m8tLy0k329wVtZpI2ltLd0APS6ACgAoAKACgAoAKACgAoAKACgAoAKAPLfhF8TND+K3hrVvEXh/SrzR7LSvHXj7wTPa3qWqSy6p4F8W6t4V1W+QWjyRG31C/0u4vLZmYTtDMhuFWYuigHqVAH4z/8ABwp/yhn/AG8/+yW+Hf8A1aHgKgDc/wCCCH/KH/8AYG/7N98F/wDpCtAH4Yf8HcHhuD4T+I/+CZ/7aHw6httC+OPwz/aIl0Cx1/Solg8S+INLsr3wl4m0DR5rmLZPe6fpeo2+rwi0kZo3i8R3VtIDDOyMAf2V+Er+41Xwr4Z1S8z9r1Lw/o1/dZGD9ovNNtrifIGAD5sjcAcdOMUAdBQAUAFABQAUAFABQAUAFABQAUAFABQAUAFABQB//9b+/igAoAKACgAoAKACgDzP4U+A/CHw88Pavovgq+nv9L1Lxz488WX01xfQag8fiPxf4r1XxD4ltVmt44kjitNa1C9t4bRlaWzjjW3md5I3egD0ygD8Zf8AgvZ8XvAPgT/gmF+1p4H1/XFj8b/E74R6j4b+H/g+ytL7UvEXi7WL7WtHtls9E0vT7W5ubySBWkubkIo8m1t55mwiM1AH5vf8EOf+Cl37Hv7Mv/BJz9mn4a/Gr4k6h4M+Jvw58Ma/pnif4a3XgrxlceO7e9g8QatOkNn4attEl1G/a8gaOax+yxN9rSWIw7g6mgDyj/gix+zP+0B8Xv8AgsL+3j/wVf1f4QeOfgF+zP8AGqw8a+FvhP4e+IWiXHhPxF8TD4q8U6FqsHjCXw1dhLuNLOz8NtdXN7PCkT6h4guoIHMsFyqgH9iVABQAUAFABQAUAFABQAUAFABQAUAFAHmfwof4av4d1Y/CtdOTw8PHHjtdVGmPO8B8bL4r1VfHTSm4eRxenxUNUN6qsIluTKsSrGFRQD0ygD8OP+C+P/BLzxB/wU7/AGO7Twz8Kb230z9o74G+KV+KHwKur28h0+w1HW1jtoNc8LXd9cEQWH9u2dnZTWN/KRFBqulWCTNHbzyyoAebfsHf8Fr/AIUx/Czw38Fv+CiMOufsbftbfCbS9O8B/FPQPjF4c1bwt4S8T6/4fsY7CfxT4L8UyWc2h6hpWuNbNd29nHeNeW/mbJIgrRPKAfpN8Kv23/Dn7SfxD0Lw/wDsxeEdc+KXwttZry4+Ifx+ubHUvDnwq0iyhtrhLPSfBGualYx/8LB8VX2pC3WSx0JJtP0nTkurnVr61ll06C6APuqgAoAKACgAoAKACgAoAKACgAoAKACgDzL4UP8ADR/Dmqn4Vrpy+HR428dLqg0x53t/+E1XxVqg8cGUzySuLw+Kf7UN6qssS3JlWJEQBKAPTaAPwk/4ON/in4K8L/8ABJ/9q/4ZajqrS/EX4s+BvD+g/DnwTptlf6p4j8W6jD8RvB1/dxaRpun2t1POtjp9he3t2+0LFb2srEnGKAPlb/gj3/wVD/Y3/Z9/4Ja/sh/DD4n+P9f0f4ofDX4N6H4Z8W/DWz+HvjjVfHVjrei25gurCLw5Y6FLf3Us0ibbPyUYXe9DDu3igDzL4k/s5/tI/wDBdn9ur9mr4x/FT4K+PP2cP+CbH7G3ieXx74G0j4v6VJ4Y+Jv7RnxBXUdM1FdWTwRd/wDEw0fwdeT6FoMSy6xbxltHsruBfKvdUuoLUA/rMghitoYbeCNYoIIo4YYkGEiiiQJHGg7KiKFUdgMUAS0AFABQAUAFABQAUAFABQAUAFABQAUAFABQAUAf/9f+/igAoAKACgAoAKAPJPjD8evgr+z74Zm8ZfG/4qeBPhV4Wg/1mueOvEul+HbH+I/JJqNzAZcBHz5QfG3nbgUAfEH7Dn7ZH7DPjay8Q/DH4Jftl/s+/G3xTq/xP+KXjpNM8CfEDRNR1COLx/471zxZBpq2X2qOee60+LVks5vJRxLLEzxbkYMoB+nVABQAUAFABQAUAFABQAUAFABQAUAFABQAUAFAHknxh+PfwU/Z98MzeMvjh8VPAnwq8LQY8zW/HXiXS/Dtjzu+5JqFzAZceW+fKVsbTkjBFAHx7+x3+2X/AME9/HS6v8Mv2a/2wvgl8ZNZ1Xxz488bT6T4a+IvhvVtYGq+PPFmp+KtTs7e0trpJJora/1aa3tI40eUwomdzbjQB+jtABQBha74X8M+KIYbbxN4d0LxFb20qz28Gu6TYatDBOpBWaGK/t7iOKVSoKyIA4IBBBADAGvb29vaQRW1rBDbW0CLFDb28SQwQxoAEjiijVY40UDCoiqqjAA4+UAmoAKACgAoAKACgAoAKACgAoAKACgDzL4ofGj4SfBPQ28S/F74k+CvhtoChj/avjTxHpfh+0YICzmOTUbiAy7ApLeWH29xzigD5K/ZF/an/YT8WWGr+Af2df2r/g58XbzU/H3j7xbPY+HviF4b1bVBrXjbxZqvijVtOt7W2u1lmSz1DVJ7a2jjjaUwom4McmgD9AqACgAoAKACgAoAKACgAoAKACgAoAKACgAoAKACgAoAKACgAoA//9D+/igAoAKACgAoA8f/AGgvjP4X/Z0+Bnxd+PPjV2Xwr8IPh34t+IetxxsFmurPwtot3qx0+23cG81KS2j0+zT/AJaXVzDGOWFAH8Dn7Af/AAT++N3/AAcyfGT4o/8ABQb/AIKEfFnxxoH7LGjeO9X8HfB74ReB9Uk02K7h0i4UzaL4VS9judO8PeHdCt3g0zU9dGn3usa5rEd9FOwe3aVQD7H+O3/BpH8KY/gP4v8AiR+yP4s+KfwK/a6+G/i/4neI/hTBJ42Gr6J4t0LQPE+t3Hw20uK/0y203VvC/iXV/DUOmx22vWmoy7dRnhjvLOzjaeRAD9G/+DZv/gpv8U/26f2YviH8Ff2kdQu9X/aV/ZC8TWfw/wDG/iDUQiav4t8L3a3cHhbxDrcahca3HPpWraDqk+xPt15o8t/5cf2kIoB/TDQAUAFABQAUAFABQAUAFABQAUAFABQAUAePftCfGjwv+zn8C/i78efGjMPC3wg+Hfi34ha1GjBZru08L6Ld6r/Z9sWwDealLbxafZr/AB3VzEgyWAoA/ge/YC/4J+fG7/g5i+MXxQ/4KEf8FCviz450H9lnSPHer+D/AIOfCLwPqj6bFdQ6Rcr52jeFUvYrnTvDvhzQoHg0zU9cXTr7WNc1iK/jnkV4GmUA+4f2mP8Ag0Q+DehfBLxL8Qf2MfiX8Rfhd+1p8PNZ8b+M/hfLZeL72+8P+JdOsNX1TVPAfhVb1NP0XXPDPjEaELDSm8RWF7Paya0FBiis5XuUAP0D/wCDZz/gpv8AFH9uv9l/4gfBn9pDULvV/wBpX9kTxPafD7xz4g1EIureLvDF2l1D4W8R62iBANaWfS9W0LVZtifbr3Rpr8In2ny0AP6XqACgAoAKACgAoAKACgAoAKACgAoAKACgDx39oX41+E/2b/gX8XPj346kePwl8IPh94q+IGuLEVFxdWfhnSLrUxp1pvKq17qc0EWnWKEgSXd1An8QoA/gc/YF/wCCf3xu/wCDmT4y/FX/AIKBf8FBPiz8QfDn7KOkeP8AWvCfwb+EXgvVpNPhvIdOmIn0bwiL6O50zw5oPh2B7TTdT8QR6Vf6rrusQX1vcOHtnliAPtj9pf8A4ND/AISeF/gd4n+Iv7FfxS+Jfw0/a3+HWr+NfGfwxe38Y3V9oPifTdO1XUNS8EeE4dQg0zQNc8MeMToC2emt4hsrqe0n13CmGGyle5QA/Rj/AINpf+CoHxK/b1/Zh8efB39oy9n1H9pv9kbxDY/D/wCIGt3yqmqeL/DV2t3B4W8U6xGgVE1lptK1bQtXkCRi81DRri/WKJbpY1AP6VaACgAoAKACgAoAKACgAoAKACgAoAKACgAoAKACgAoAKACgD//R/s4/4Yk+EX/Qy/Gz/wAPZ8RP/l7QAf8ADEnwi/6GX42f+Hs+In/y9oAP+GJPhF/0Mvxs/wDD2fET/wCXtAB/wxJ8Iv8AoZfjZ/4ez4if/L2gA/4Yk+EX/Qy/Gz/w9nxE/wDl7QB8gft//wDBNfwv8ZP2KP2ofhp8ONc+L178QPFPwY8b23gvTdS+LXjrWLLV/FFlpM2q6Jotxpl7rE9peLrWo2FvpSw3MTwl7xGk2qpZQD+d7/g1e8c/sx/E39mHxV+xf8VPG3jb4bftM/AX4keOmvPAKfFjxT4Cl8T+G/EXiO81f+19F0C01jT7We50fVr690HV4Le3+2xzWUVzcxbLuORwD92PGGrfsv8A7N/7L/xc/aU/ay+J3xL+H3h/4a+OPjPpVrbzfG34haRqHiLR/BXjnxFoHgrS9A0q88TPd6zr/iTT9N063s/sgKaje3QniSGGQBQD+fb/AINS/wBj+f4/3v7ef7aHjiz+I/g74b/Gb4naT4c+GaaD408WeEZda/4R/VPFPiLW7+S/067srnxJZWZ8W2ekx3l08yQanZarGreeZ9wB/Yj/AMMSfCL/AKGX42f+Hs+In/y9oAP+GJPhF/0Mvxs/8PZ8RP8A5e0AH/DEnwi/6GX42f8Ah7PiJ/8AL2gA/wCGJPhF/wBDL8bP/D2fET/5e0AH/DEnwi/6GX42f+Hs+In/AMvaAD/hiT4Rf9DL8bP/AA9nxE/+XtAB/wAMSfCL/oZfjZ/4ez4if/L2gA/4Yk+EX/Qy/Gz/AMPZ8RP/AJe0AH/DEnwi/wChl+Nn/h7PiJ/8vaAD/hiT4Rf9DL8bP/D2fET/AOXtAB/wxJ8Iv+hl+Nn/AIez4if/AC9oAP8AhiT4Rf8AQy/Gz/w9nxE/+XtAB/wxJ8Iv+hl+Nn/h7PiJ/wDL2gA/4Yk+EX/Qy/Gz/wAPZ8RP/l7QB8ff8FA/+Ca/hf4yfsS/tRfDX4ca58Xr34geKPgx42g8F6bqXxZ8dazY6v4nsNJl1fRNEn0y91ie0vBreoWEGkpFcxPD5l4jSAKpNAH88n/Bq945/Zj+J/7Lnif9jH4p+NvG3w4/aY+AvxI8dG98AR/FjxV4Dl8S+G/EniS91ldX0XQLTWNOtZ7jSdWv73QdXgtrf7ZHPZxXVzGVu4nYA/dnx1oH7PP7GH7MPxZ+Pv7aHxa+LvgrTPA3jH4wappsetfHbxtZ6z4g8K2vjXxCPhpoXhvTl1+ObVdS13QU0ax0aCCKSa5kuITMQTJJQB/Pl/wak/sfXHx8n/bx/bP8c2fxG8HfDj4z/E/SfDnwzj0Dxp4s8Iyaz/wjup+KfEOuahJf6de2V14jsrRvF1ppMd5dtMkGp2GqxK4m88MAf2If8MSfCL/oZfjZ/wCHs+In/wAvaAD/AIYk+EX/AEMvxs/8PZ8RP/l7QAf8MSfCL/oZfjZ/4ez4if8Ay9oAP+GJPhF/0Mvxs/8AD2fET/5e0AH/AAxJ8Iv+hl+Nn/h7PiJ/8vaAD/hiT4Rf9DL8bP8Aw9nxE/8Al7QAf8MSfCL/AKGX42f+Hs+In/y9oAP+GJPhF/0Mvxs/8PZ8RP8A5e0AH/DEnwi/6GX42f8Ah7PiJ/8AL2gA/wCGJPhF/wBDL8bP/D2fET/5e0AH/DEnwi/6GX42f+Hs+In/AMvaAD/hiT4Rf9DL8bP/AA9nxE/+XtAB/wAMSfCL/oZfjZ/4ez4if/L2gA/4Yk+EX/Qy/Gz/AMPZ8RP/AJe0AfHP/BQn/gmn4b+NH7EX7UPwy+GeufFy++Ifir4OeMLfwVpuqfFnx1rNhq/ibT9PbWNG0W40y+1iezvBrV9p0OlRxXMTw+beRvIAqk0Afzx/8GsvxC/Zh+JH7M3ib9iT4t+NPHPww/ad+AfxE8eNd+AW+LHirwC3ijw34i8TX2tNquh6Ba6tp1nLeaJq1/eaFrVrbRG9jmtILy5TZfRuwB+pvxo/ZB/Y1/Zk+AXxt/ai/bg+Ov7VfgJvDvjX4xeILbTl/bK+M3hmfX/DsHjHxC3w30Lwh4bsvGsMVxe+INCj0ez0a0sbcCWS5idwilyoB+En/BsN/wAEyPD37Xel/tjftb/Fe4+PfgH4T/EP4jad4Y+Dp8AfGv4mfDLWPEK6BqHiLV/EGo63r3hrWdL1PxtZ2f8AwkOn6TBfavLeCDWLHWzHJ9onuTQB/V9/w5a/ZP8A+ilftpf+Jn/tA/8AzZ0AH/Dlr9k//opX7aX/AImf+0D/APNnQAf8OWv2T/8AopX7aX/iZ/7QP/zZ0AH/AA5a/ZP/AOilftpf+Jn/ALQP/wA2dAB/w5a/ZP8A+ilftpf+Jn/tA/8AzZ0AH/Dlr9k//opX7aX/AImf+0D/APNnQAf8OWv2T/8AopX7aX/iZ/7QP/zZ0Afpd8Jvhl4f+DXw68I/DDwre+J9R8PeC9GtND0m+8ZeJtY8ZeJ7mzs0EcUuteJ9furzWNZvmUZmvtQuZrmZvmkdic0AeiUAFABQAUAFABQAUAFABQAUAFABQB//0v7+KACgAoAKACgAoA/mQ/4KX/8ABsx+zv8AtpfF6/8A2of2dvin4q/Y3/aX1O+fWdc8UfD6CZPC/ijXXDCTXJ7LSL7SNW8Ma/eM7SajrWg3b/bHG5tOSV5riUA/LT9l/wD4NePH37VWqW3jn9vL/gob8bPjv8N/h98S/HHg6H4dP4g8ZeILnWJ/hv4x1PwjfmPXPHWu6lF4bstWk0eeVJ9N026vTaXGyVY5i7oAf2yfBD4IfCz9nD4V+C/gp8FfBukeAPhn8P8AR7fQvC3hbRIBBZafZW45dicy3N5dSl7q+vrl5bq9u5Zbm4lklldqAPVqACgAoAKACgAoAKACgAoAKACgAoAKACgAoA/mO/4KX/8ABsv+zv8AtofF7UP2of2dfir4r/Y3/aW1S+bWNd8T/D6GdPC3ijXXDCXXJrLSL7SNW8L69eM7S6jrOhXkv2xxltOWWSW4YA/Lj9l7/g1w+JP7UOq2vjj/AIKB/wDBQT42/HD4e+AfiT438KWvw2k17xxrtzrS/D3xhqfhWSaPXPiBrN6vhux1yPSXuUuNL0q7uZLO7AyjuXUA/tk+CXwS+Fv7OXws8GfBX4LeDdI8A/DP4f6Nb6F4W8LaJAILLT7G3XlmPMt1eXMpe5vr65eW6vbuWW5uZZJpHdgD1SgAoAKACgAoAKACgAoAKACgAoAKACgAoAKAP5mv+Cl3/Bs1+zZ+258Yrv8Aae+BXxS8X/sd/tIarqEmseJvF3w5tXl0DxXrMiOJNcn06w1PRdR8O+IryRy+o61ot8/23BaTTxO81w4B+Wv7MH/BrP4t/aa1Cw8eft6/8FAfjx8cfA/gL4mePPCcfw0u9V8W6xPrlp8PvF+q+FIpYfEnjzxBqcnhy01qPSRdGTTNHupWs7gwo4LCVAD+1r4IfBH4W/s4/CvwV8FPgt4O0nwF8M/h7otroHhXwvosPk2en2Fqm0F2bM11eXL7ri+vrl5bu9upJbm5lkmkdqAPVaACgAoAKACgAoAKACgAoAKACgAoAKACgAoAKACgAoAKACgD/9P+/igAoAKACgAoAKACgDzP4U6z8Otc8Pavd/DKG0g0KDxz4803VUs7OWxibxnpnirVLHxtK8UoVpLiXxPDqT3N0uY7qZnnjJRwWAPTKACgAoAKACgAoAKACgAoAKACgAoAKACgAoAKACgDy34RfEzQ/ir4b1fxDoGlXmj2ek+O/H/gi4tb1LVJZtU8CeLtW8K6tfoLOWWI22oahpdxeWzOwnaCZDcIkxdaAPUqACgAoAKACgAoAKACgAoAKACgAoAKACgAoAKACgDy34RfEzQ/it4a1bxF4f0q80ey0rx14+8Ez2t6lqksuqeBfFureFdVvkFo8kRt9Qv9LuLy2ZmE7QzIbhVmLooB6lQAUAFABQAUAFABQAUAFABQAUAFABQAUAFABQAUAFABQAUAFAH/1P7+KACgAoAKACgAoAKAPM/hT4E8H/Dzw9q+i+Cb6fUNL1Lxz488WX81xfwai8fiPxd4r1TxD4ltFmt44kjitNa1C8t4bRlaWzjjW3md5I3egD0ygAoAKACgAoAKACgAoAKACgAoAKACgAoAKACgAoA8z+FL/DV/DurH4VrpyeHh438drqo0x53g/wCE2XxXqg8dGU3Ekji8bxUNUN6qkRLdGVYkSMKtAHplABQAUAFABQAUAFABQAUAFABQAUAFABQAUAFABQB5l8KH+Gj+HNVPwrXTl8Ojxt46XVBpjzvb/wDCar4q1QeODKZ5JXF4fFP9qG9VWWJbkyrEiIAlAHptABQAUAFABQAUAFABQAUAFABQAUAFABQAUAFABQAUAFABQAUAf//V/v4oAKACgAoAKACgAoA8X+BXwsu/hF4S1/w3eapb6tJrPxN+KPj1Lm2ikiSG3+IPjrXPF1vYOsoDGbT4dWW0mkX5JJYmeMlCpYA9ooAKACgAoAKACgAoAKACgAoAKACgAoAKACgAoAKAPLvhJ8ONA+F/hvV/D/hzU59VsdU8d+P/ABpc3FxLBK8Wr+N/FureKNYsVaDKCKx1HU7i1iRv3sccSrLhwRQB6jQAUAFABQAUAFABQAUAFABQAUAFABQAUAFABQAUAeXfCP4caB8LvDereH/DmpT6rY6p468feM7i4uJYZXi1bxt4t1XxPrFkrQZQRWOo6lcWsSN+9jSJVlxIGFAHqNABQAUAFABQAUAFABQAUAFABQAUAFABQAUAFABQAUAFABQAUAf/1v7+KACgAoAKACgAoAKAPDP2ftG+Iuh+DvEdp8TprufXrj4q/FrUtKe9vYr6VfBmp/EDX77wVFHLE7rHbxeGZ9NjtrUkPawqkEiqyFaAPc6ACgAoAKACgAoAKACgAoAKACgAoAKACgAoAKACgDxL4CfDPXPhT4P1/wAPa/qtnq95q3xP+Kvje3ubJ7p4odL8d+Pdd8VaTYObuOKUXOn6fqtvZ3KorQLPC627vCEegD22gAoAKACgAoAKACgAoAKACgAoAKACgAoAKACgAoA8R+Afwz1z4U+Dte8O+INVs9YvdV+J3xT8bQXNk908UOl+OfHmu+KdKsHN3HHKLjT7DVLe0uVUGBZonFu7whGoA9uoAKACgAoAKACgAoAKACgAoAKACgAoAKACgAoAKACgAoAKACgD/9f+/igAoAKACgAoAKACgDw39n7x34w+Ifg7xHrPjaxg0/VdN+Kvxa8J2MNvYT6cknhzwh8QNe8PeGrpobiWV5ZbvRNPsria7VhFeSO1xCiRui0Ae5UAFABQAUAFABQAUAFABQAUAFABQAUAFABQAUAFAHhn7PqfEpPBniEfFRtRbxCfin8WW0o6mkCXA8Et8QNfbwKIhBHEhs18KnSxZMytK1sIjM7yFnoA9zoAKACgAoAKACgAoAKACgAoAKACgAoAKACgAoAKAPDP2fU+JaeC9fHxVbUX8RH4pfFdtLOppBHcf8IU3j/Xm8DCNbeONDZr4WOmCyZgZWthEZXeQs1AHudABQAUAFABQAUAFABQAUAFABQAUAFABQAUAFABQAUAFABQAUAf/9D+/igAoAKACgAoAKACgAoAKAOB8cfFP4bfDRdOf4heOfC/gpNWnFrpcnibWbHRo9QumO1bazkvpoUuLl2OEgiLyufuoaALOjfEfwF4h8Q6j4T0Lxf4f1fxPo9vFd6roFhqdrdatpttcRxS2899YxuZ7WKeKeGWB5kQSxyo8e9GDUAdrQAUAeM/tE/HDwf+zT8Cfi5+0B4/klTwf8H/AIf+J/H+upbmMXV5aeHNLuL9NMsfOZIm1DVriKDTNPSR0SS9u4I2ZQ2aAPxs8Vft0fth/B/9gD4df8FRPibd+B734dak/wAPviZ8Xf2ddL8HPbX/AIJ/Z9+Juv6do9jJ4f8AHLeIZbrVPiD4GtvE2hatrb3GiRadr0UGo2kUWnC1juLoA/dzwv4j0rxh4b0DxXodyl5o3iXRtN13SrqNldJ7DVbOG9tJVdcqweGZDlTj0zxQB+Cn7bv/AAUL+JN9+22P2Jf2X/22P2PP2WfiH4G8MeF7nxTp/wC0xoupeItb+JHjTx1HNq2neGvAthYazo0cUfh3w4NHu9QuZZ5Tc3+ty2KIkmnSlgD9nv2ePD/xj8MfCDwdpPx++Ifhn4qfFxLKS68Z+NvBfh+Twx4S1XUr24lutnhvRJ7q9uLPRbOKWO008XN1Ncy20Ucs7mRm3AHtVABQAUAFABQAUAFAHiPwC+I+v/FDwd4g1/xHpsGlX2lfFD4reC7a3t4pokl0jwR4+17wvo98yz4cy3+naZb3csi/upJJWeHMZU0Ae3UAcD44+Kfw2+Gi6c/xC8c+F/BSatOLXS5PE2s2OjR6hdMdq21nJfTQpcXLscJBEXlc/dQ0AWdG+I/gLxF4h1LwloXi/wAP6v4n0e3hutW0Cw1O2udW022uI4pbee+sY3NxaxzxTwywPMiCWOVHjLo25QDtaACgAoA/IrSv2w/2jU/4LHL+w14ssPhpZ/BK5/Y11z9ofQJ/Daa1f+L73WY/iRp3gqyXXtV1OHTrayFvDBqUjaZp9neQMbmKT+0WKFGAP11oA/Gf4M/tWftL/t3+K/20Nc/Zg8Y+Cfhn8MP2aPiZ4q+Avwem8S+C08ZS/Gf4s+ANJjm8TeIfEGojxHo8ejfDu88Q3S+GtKh0+G41AQ28uvTTB4l02UA+s/8AgnR+2fo37ev7KXgD9oSw0b/hF9d1O58ReEfH/hIzic+F/iJ4E12+8KeM9Hjk4kezh1zS7x9NmlSOSewkt5mQbwKAPuWgAoAKACgAoAKACgDxD4A/EfX/AIo+Dde8QeI9Mg0q+0z4n/FTwZbW8EU8SS6T4J8e674Y0e9ZZ8OZb7TtMt7qV1/dPJKWiyhBoA9voA4Hxx8U/ht8NF05/iF458L+Ck1acWulyeJtZsdGj1C6Y7VtrOS+mhS4uXY4SCIvK5+6hoAs6N8R/AXiLxDqXhLQvF/h/V/E+j28N1q2gWGp21zq2m21xHFLbz31jG5uLWOeKeGWB5kQSxyo8ZdG3KAdrQAUAFAH5FaV+2H+0an/AAWOX9hrxZYfDSz+CVz+xrrn7Q+gT+G01q/8X3usx/EjTvBVkuvarqcOnW1kLeGDUpG0zT7O8gY3MUn9osUKMAfrrQB/Pv8Atuf8FC/iTfftt/8ADEn7L/7bH7Hn7LXxE8DeGPC9z4p079pjRNT8R638SPGnjqKbVtO8NeBbCw1nRo4o/DnhsaPd6hcyTTG5v9blsVWOTTpdwB+z37PPh/4x+GfhB4N0n4/fEPwz8U/i4ljJc+M/G3gzQJPDHhLVtTvbiW72+G9Enur24s9Fs4pUtNPFzdTXMltDHLO5kZtwB7VQAUAFABQAUAFABQAUAFABQAUAf//R/v4oAKACgAoAKACgAoAKACgD8yf+CunwI+CP7Q37EnxN8AfGGzZtavjpX/Ci9W0i0tbnxzo/7QDX0SfCWXwEZx5g1y68WNYWlzGjx27aJLqk1/LBZQT3NuAfLf8AwQ7+J1n43+H3xv8ACvxx0BPD3/BRL4Z/Ey78IftnQ+ILLSrfxlqeuaVa2+m+A9a0uW0UvL8NLnwTY6NbeC0sZrjTbe2tZoDcXV/Hd3U4B9T/APBUi2+FVz8FPCKfFuy/bFvdBHjy3ayj/YtuPHdt8RV1H+y77a2ut4AtrnVW8M+T5glW5VbP7b9mJbzAgoA/BX+yP2Iv+hf/AOC//wD4NP2mf/lTQB+5P/BUj4S+IPjd/wAEjP2q/hh8M7LxRe65r37NF7d+GtM1g3L+Mb6PwvbaX4sOm6kt2v22fX73T9DntLq3lQ3d1eyvb7DNKFoA/Pb9s7x3oXj7/g2fuZ/Bxi1y8+KH7K/wF+HXgnQ7HFxqGteOPFXib4d+HNN8LWNnHmaXW49TaaKXT1BuLd7K5MqqLeXaAfuv8BdK0j4H/s/fAD4deLvEmn6df6L8P/APgSzm17UbWwudZ1+y8N2Vv/Z9sLyWFrvU5ntpttpDunco21DgigD5j/bY/wCCf/7A/wC3H8L/AIqaV8c/hp8HtR1ZdH1f+1/jHplh4b0v4jfD7WtJsppLfxBc+PdJjh1+yu/Dc0CXklpq9/LbBLdori1IBoA5r/gi/L8Zn/4Jq/svxfHfUNa1fxzY+DrrTLXWfEZum13WfBWm6xf2XgHVtVkvY47ya91HwhBpF1PPdL58zyeZIzMxZgD9R6ACgAoAKACgAoAKAPLfhF8TND+KvhvV/EOgaVeaPZ6T478f+CLi1vUtUlm1TwJ4u1bwrq1+gs5ZYjbahqGl3F5bM7CdoJkNwiTF1oA9SoA/Mj/grr8B/gj+0N+xJ8TPAHxgs2OuXp0r/hRWraPaWlx460j9oFr6JPhLL4CM48wa5deLDYWl1GjxW7aJLqk1/JDZwTXVqAfLv/BDv4n2fjf4ffG/wr8cdBTw/wD8FEvhp8S7vwj+2fD4gstLtvGWqa5pVrb6b4D1rTJbNC0vw0uvBVjo9t4LSynudMt7W0lgNzd36Xl3OAfUv/BUi2+FN18FPCKfFuz/AGxb3QR48t2so/2Lbjx5b/ERdR/sq+2trz+ALe51Q+GfJ8wSrcoLP7b9mJYSbBQB+C39kfsRf9C//wAF/wD/AMGn7TP/AMqaAP68PAQsx4I8JDThrq2A8OaOLJfE5uW8Rraiwt/IGuteBbs6sI9o1A3KrObrzfNAcsKAPw41WRD/AMHKnhVA6l1/4JRayGQMCwP/AA0GzYK9QdrK3OOGU9DlgD92tY8SeHvDraYuv65pGitrWow6PpC6rqNpp51TVbhXe303TxdSxG8vpljkaK0g3zSbDtQ4wwB+Bv8AwQP0g/A/4Sft0/A/x/cponjb4F/tyftAyeOodXnjgubfRdd1BPGWh+KLmSQoH0XVfDmoQahZartFpcWyPJHKyowQA6j/AIN1Ph/rPhX/AIJ+XnjbV7TUNNh+N37RP7QnxZ8PabqEEluYfCXiH4n+IY/C9/aQyqjCx13RbWz1y0cArNDqCygkMKAP3koAKACgAoAKACgAoA8t+EXxM0P4reGtX8ReH9KvNHstK8d+P/BM9rfJapLNqngXxbqvhXVb9BZySxG31C/0u4vLZnZZ2hmQ3CJMXSgD1KgD8yP+CuvwH+CP7Q37EnxM8AfGCzY65enSv+FFato9paXHjrSP2gWvok+EsvgIzjzBrl14sNhaXUaPFbtokuqTX8kNnBNdWoB8u/8ABDv4n2fjf4ffG/wr8cdBTw//AMFEvhp8S7vwj+2fD4gstLtvGWqa5pVrb6b4D1rTJbNC0vw0uvBVjo9t4LSynudMt7W0lgNzd36Xl3OAfUv/AAVItvhTdfBTwinxbs/2xb3QR48t2so/2Lbjx5b/ABEXUf7Kvtra8/gC3udUPhnyfMEq3KCz+2/ZiWEmwUAfgt/ZH7EX/Qv/APBf/wD8Gn7TP/ypoA/rw8BCzHgjwkNOGurYDw5o4sl8Tm5bxGtqLC38ga614Fuzqwj2jUDcqs5uvN80BywoA/DjVZEP/Byp4VQOpdf+CUWshkDAsD/w0GzYK9QdrK3OOGU9DlgD92tY8SeHvDraYuv65pGitrWow6PpC6rqNpp51TVbhXe303TxdSxG8vpljkaK0g3zSbDtQ4wwB+e/7bH/AAT/AP2B/wBuP4X/ABU0r45fDX4P6hqy6Pq/9rfGTS7Dw3pfxG+Hut6TZTSW/iG58e6THBr9ld+G57dLyS01e+mtgts0VzakDNAHNf8ABF+X4zSf8E1P2XovjvqGtav46svBtzpltrHiP7U2u6x4L0zWNQsfAOq6rJexx3k97qHhCDR7qee6UzzPKZJHdmLsAfqPQAUAFABQAUAFABQAUAFABQAUAf/S/v4oAKACgAoAKACgAoAKACgDx/4h/AT4T/Fbxf8ADPx34/8ACzeIvFHwe1+bxV8OL6XxB4nsLTw34jn0+80p9ZTRdK1mx0PU79dO1C/soJ9b03Umtre9uo7byhPKGAPPNG/Yt/Zl8PftKeKP2v8AQ/hhbaV+0d430iw0Dxh8TLHxR42gvfE2j6VYxabpen63oKeJB4T1G30yyhjg05brQJGsVDPavFI7u4B9R0AFADWVXVkdVdHUq6MAysrDDKynIZWBIIIwRwc80AfJGifsI/sp+HfEmm+JdH+EunWraJ4yuPiHoPhptd8V3Pw+0Dx3dS3FxL4r0L4b3Wuz+BdH1dLi6nubOSw0C3g027llvdMgs7yWWecA9D+N37M/wP8A2jZvhfP8Z/AWn+OJfg18SNE+Lfw2a+vNVs/+EY+IPhwSjRfEVsNLv7AXM9iZi8dve/aLN2VfNgdQVYA8N0n/AIJtfsbaH8UPiP8AF3SfhRdWHir4va7eeKPiZY23xB+JUPgjxr4i1K7kvdU1fxF8PI/F6eCNVn1W4lkOp295oU2n3sUjwXFlJAzxuAfcFpaWtha29lY20FnZ2kMVta2lrDHb21tbwoI4YLeCJVihhijVUjjjVURFCqoAAUAsUAFABQAUAFABQAUAc14W8H+GvBOn3eleFdIttF0++1vXPEd3a2pmaOfW/Euq3Wt67qLGaWVhNqWq3t1ezhWWMSzOIo0TCKAdLQB4/wDEL4CfCf4reMPhn488f+Fm8Q+KPg7r83in4cX0viDxPYWnhrxHPp95pT60mi6VrVhoeqagunahf2UFxrWnai9rb3tzHbeUJ5NwB55o37Fv7Mvh39pTxT+1/oXwwttK/aO8b6RYaD4w+Jlj4o8bW974m0fSrGLTdL0/W9BTxKPCepW+mWUMcGnLdaBK1iAXtWhkd3YA+o6ACgAoA+RJP2D/ANlOX9o1f2uJPhbIf2jE0b/hHF+KI8e/EtdYXw59st9RPh4acnjFfD/9gtfWtvdPo39kf2a88Yd7UktuAPRfjd+zP8EP2jZvhfcfGjwHp/jiX4NfEjRPi38Nnv7zVbT/AIRn4g+HFlGjeIrYaXf2IuZ7EzM8dvffabN3VTLA4BFAHKfEv9jP9nD4t+Ltd8deNPh4JvFXi3Qbbwt411Xw/wCJ/GHg1vHXhu0WSO20XxxbeEPEGiWfiy0ggle0ifXLa9uk05m0pbldMeW0cA+hvDfhvQPB2gaP4V8K6Npvh3w34e0600jQ9C0ezgsNL0nS7CFLezsLCytkjgtrW2gjSKGKJFREUAAYO4A26ACgAoAKACgAoAKAOa8K+D/DXgnT7rSfCukW2i6de61rniK6tbUzGObWvEmqXWta5qDedLMwm1HVLy6vZwrCMSzOIkRMIoB0tAHj/wAQvgJ8J/it4w+Gfjzx/wCFm8Q+KPg7r83in4cX0viDxPYWnhrxHPp95pT60mi6VrVhoeqagunahf2UFxrWnai9rb3tzHbeUJ5NwB55o37Fv7Mvh39pTxT+1/oXwwttK/aO8b6RYaD4w+Jlj4o8bW974m0fSrGLTdL0/W9BTxKPCepW+mWUMcGnLdaBK1iAXtWhkd3YA+o6ACgAoA+RJP2D/wBlOX9o1f2uJPhbIf2jE0b/AIRxfiiPHvxLXWF8OfbLfUT4eGnJ4xXw/wD2C19a290+jf2R/Zrzxh3tSS24A9F+N37M/wAEP2jZvhfcfGjwHp/jiX4NfEjRPi38Nnv7zVbT/hGfiD4cWUaN4ithpd/Yi5nsTMzx2999ps3dVMsDgEUAeG6T/wAE2v2NtD+KHxH+Lmk/Ci6sPFXxd1688UfEuwtviD8SofBHjXxFqV297qmr+Ivh5H4vTwRqs+q3Esh1O3vNBm0+9id4LiykgZ43APuC0tLWwtbeysbaCzs7SGO2tbS1hjt7a2t4UEcMEEEQWOGGKNVSOONVREUKoAGKALFABQAUAFABQAUAFABQAUAFABQB/9P+/igAoAKACgAoAKACgAoAKACgAoAKACgAoAKACgAoAKACgAoAKACgAoAKACgAoAKACgAoAKACgAoAKACgAoAKACgAoAKACgAoAKACgAoAKACgAoAKACgAoAKACgAoAKACgAoAKACgAoAKACgAoAKACgAoA//U/v4oAKACgAoAKACgAoAKACgAoAKACgAoAKACgAoAKACgAoAKACgAoAKACgAoAKACgAoAKACgAoAKACgAoAKACgAoAKACgAoAKACgAoAKACgAoAKACgAoAKACgAoAKACgAoAKACgAoAKACgAoAKACgAoAKAP/1f7+KACgAoAKACgAoAKACgAoAKACgAoAKACgAoAKACgAoAKACgAoAKACgAoAKACgAoAKACgAoAKACgAoAKACgAoAKACgAoAKACgAoAKACgAoAKACgAoAKACgAoAKACgAoAKACgAoAKACgAoAKACgAoAKACgD/9k=</file>
    </generalfeedback>
    <defaultgrade>2.0000000</defaultgrade>
    <penalty>0.3333333</penalty>
    <hidden>0</hidden>
    <idnumber></idnumber>
    <correctfeedback format="html">
      <text>Vaše odpověď je správná.</text>
    </correctfeedback>
    <partiallycorrectfeedback format="html">
      <text>Vaše odpověď je částečně správná.</text>
    </partiallycorrectfeedback>
    <incorrectfeedback format="html">
      <text>Vaše odpověď je chybná.</text>
    </incorrectfeedback>
    <shownumcorrect/>
<varsrandom><text></text>
</varsrandom>
<varsglobal><text><![CDATA[p=3; f="2xt";
a = -2; b = 2;
phi="2x"; alpha="t-4"; beta = "4";
h=0.5; tau = 0.01;
x=[-2, -1.5, -0.5, 0, 0.5, 1, 1.5, 2];
u0= [2*x[0], 2*x[1] , 2*x[2], 2*x[3] , 2*x[4], 2*x[5], 2*x[6], 2*x[7]];
sigma = p*tau/(h*h);
uA=sigma*u0[4]+(1-2*sigma)*u0[5]+sigma*u0[6] ;]]></text>
</varsglobal>
<answernumbering><text>abc</text>
</answernumbering>
<answers>
 <partindex>
  <text>0</text>
 </partindex>
 <placeholder>
  <text></text>
 </placeholder>
 <answermark>
  <text>1</text>
 </answermark>
 <answertype>
  <text>0</text>
 </answertype>
 <numbox>
  <text>3</text>
 </numbox>
 <vars1>
  <text></text>
 </vars1>
 <answer>
  <text>[u0[4], u0[5], u0[6]]</text>
 </answer>
 <vars2>
  <text></text>
 </vars2>
 <correctness>
  <text><![CDATA[_relerr < 0.01]]></text>
 </correctness>
 <unitpenalty>
  <text>1</text>
 </unitpenalty>
 <postunit>
  <text></text>
 </postunit>
 <ruleid>
  <text>1</text>
 </ruleid>
 <otherrule>
  <text></text>
 </otherrule>
 <subqtext format="html">
<text><![CDATA[<p>Určete hodnoty řešení v bodech \(B=[0.5,\ 0],\ C=[1,\ 0],\ D=[1.5,\ 0] \). <br></p><p>\(U_B = \){_0}, \(U_C = \){_1}, \(U_D = \){_2}<br></p>]]></text>
 </subqtext>
 <feedback format="html">
<text></text>
 </feedback>
 <correctfeedback format="html">
<text></text>
 </correctfeedback>
 <partiallycorrectfeedback format="html">
<text></text>
 </partiallycorrectfeedback>
 <incorrectfeedback format="html">
<text></text>
 </incorrectfeedback>
</answers>
<answers>
 <partindex>
  <text>1</text>
 </partindex>
 <placeholder>
  <text></text>
 </placeholder>
 <answermark>
  <text>1</text>
 </answermark>
 <answertype>
  <text>10</text>
 </answertype>
 <numbox>
  <text>1</text>
 </numbox>
 <vars1>
  <text></text>
 </vars1>
 <answer>
  <text>uA</text>
 </answer>
 <vars2>
  <text></text>
 </vars2>
 <correctness>
  <text><![CDATA[_relerr < 0.01]]></text>
 </correctness>
 <unitpenalty>
  <text>1</text>
 </unitpenalty>
 <postunit>
  <text></text>
 </postunit>
 <ruleid>
  <text>1</text>
 </ruleid>
 <otherrule>
  <text></text>
 </otherrule>
 <subqtext format="html">
<text><![CDATA[<p>Určete přibližnou hodnotu řešení v bodě \(A = [1,\ 0.01]\) užitím explicitního schématu.</p><p>\(U_A =\) {_0}<br></p>]]></text>
 </subqtext>
 <feedback format="html">
<text></text>
 </feedback>
 <correctfeedback format="html">
<text></text>
 </correctfeedback>
 <partiallycorrectfeedback format="html">
<text></text>
 </partiallycorrectfeedback>
 <incorrectfeedback format="html">
<text></text>
 </incorrectfeedback>
</answers>
  </question>

</quiz>