<?xml version="1.0" encoding="UTF-8"?>
<quiz>
<!-- question: 0  -->
  <question type="category">
    <category>
      <text>$course$/top/Zkouska NMA BETA</text>
    </category>
    <info format="html">
      <text></text>
    </info>
    <idnumber></idnumber>
  </question>

<!-- question: 152479  -->
  <question type="formulas">
    <name>
      <text>Euler-Collatz-převod (do bety)</text>
    </name>
    <questiontext format="html">
      <text><![CDATA[<p>Je dána <b>Cauchyova úloha</b> pro neznámou funkci \(y(x)\).
$$y^{\prime\prime\prime}={a}y^{\prime\prime}-{b}y^\prime+{c}y,\ y({x0})={Y0[0]},y^\prime({x0})={Y0[1]},\ y^{\prime\prime}({x0})={Y0[2]} $$ <br></p><p><b>a)</b> Rovnici <b>převeďte na soustavu</b> tří rovnic 1. řádu.</p><p>Postup převodu a soustavu rovnic zapište do odevzdávaného textu řešení.<br></p>]]></text>
    </questiontext>
    <generalfeedback format="html">
      <text></text>
    </generalfeedback>
    <defaultgrade>4.0000000</defaultgrade>
    <penalty>0.0000000</penalty>
    <hidden>0</hidden>
    <idnumber></idnumber>
    <correctfeedback format="html">
      <text>Vaše odpověď je správná.</text>
    </correctfeedback>
    <partiallycorrectfeedback format="html">
      <text>Vaše odpověď je částečně správná.</text>
    </partiallycorrectfeedback>
    <incorrectfeedback format="html">
      <text>Vaše odpověď je chybná.</text>
    </incorrectfeedback>
    <shownumcorrect/>
<varsrandom><text>h={ -0.4, -0.2, 0.2, 0.4,0.5};
x0 = {-4:4};
yx= {-4:4}; yy ={-4:4};  yz={-4:4};
a={2:6};b={2:6};c={2:6};</text>
</varsrandom>
<varsglobal><text>x0h=x0+h/2; x1 = x0+h; x1h = x1+h/2; x2 = x1+h; hpul=h/2;
Y0 = [yx,yy,yz];

k11 = [Y0[1], Y0[2],a*Y0[2]-b*Y0[1] +c*Y0[0]];
Ypom1 = [Y0[0] +( h/2*k11[0]), Y0[1] + (h/2*k11[1]), Y0[2] +( h/2*k11[2]) ];
k21 = [Ypom1[1], Ypom1[2], a*Ypom1[2]-b*Ypom1[1] +c*Ypom1[0]];
Y2E = [Ypom1[0] + (hpul*k21[0]), Ypom1[1] + (hpul*k21[1]), Ypom1[2]+(hpul*k21[2])];
Y1 = [Y0[0] + (h*k21[0]), Y0[1] + (h*k21[1]), Y0[2]+(h*k21[2])];
#k12 = [Y1[1], Y1[2],a*Y1[2]-b*Y1[1] +c*Y1[0]];
#Ypom2 = [Y1[0] + (h/2*k12[0]), Y1[1] + (h/2*k12[1]), Y1[2]+ (h/2*k12[2])];
#k22 = [Ypom2[1], Ypom2[2],a*Ypom2[2]-b*Ypom2[1] +c*Ypom2[0]];
#Y2 = [Y1[0] + (h*k22[0]), Y1[1] + (h*k22[1]) , Y1[2]  +(h*k22[2] )];</text>
</varsglobal>
<answernumbering><text>abc</text>
</answernumbering>
<answers>
 <partindex>
  <text>0</text>
 </partindex>
 <placeholder>
  <text></text>
 </placeholder>
 <answermark>
  <text>1</text>
 </answermark>
 <answertype>
  <text>10</text>
 </answertype>
 <numbox>
  <text>3</text>
 </numbox>
 <vars1>
  <text></text>
 </vars1>
 <answer>
  <text>Ypom1</text>
 </answer>
 <vars2>
  <text></text>
 </vars2>
 <correctness>
  <text><![CDATA[_relerr < 0.01]]></text>
 </correctness>
 <unitpenalty>
  <text>1</text>
 </unitpenalty>
 <postunit>
  <text></text>
 </postunit>
 <ruleid>
  <text>1</text>
 </ruleid>
 <otherrule>
  <text></text>
 </otherrule>
 <subqtext format="html">
<text><![CDATA[<p><b>b) </b>Volte krok \(h = \) {hpul} a určete přibližné hodnoty \(y({x0h}), y^\prime({x0h}),&nbsp;y^{\prime\prime}({x0h})\)&nbsp;<b> Eulerovou explicitní metodou</b><b>.<br></b></p><p>\(y({x0h}) \doteq\)&nbsp;&nbsp; {_0} <br></p><p>\(y^\prime({x0h})\doteq\) {_1}<br></p><p>\(y^{\prime\prime}({x0h}) \doteq\){_2}<br></p>]]></text>
 </subqtext>
 <feedback format="html">
<text></text>
 </feedback>
 <correctfeedback format="html">
<text><![CDATA[<p>ok<br></p>]]></text>
 </correctfeedback>
 <partiallycorrectfeedback format="html">
<text></text>
 </partiallycorrectfeedback>
 <incorrectfeedback format="html">
<text><![CDATA[<p>chybně<br></p>]]></text>
 </incorrectfeedback>
</answers>
<answers>
 <partindex>
  <text>1</text>
 </partindex>
 <placeholder>
  <text></text>
 </placeholder>
 <answermark>
  <text>1</text>
 </answermark>
 <answertype>
  <text>10</text>
 </answertype>
 <numbox>
  <text>3</text>
 </numbox>
 <vars1>
  <text></text>
 </vars1>
 <answer>
  <text>Y2E</text>
 </answer>
 <vars2>
  <text></text>
 </vars2>
 <correctness>
  <text><![CDATA[_relerr < 0.01]]></text>
 </correctness>
 <unitpenalty>
  <text>1</text>
 </unitpenalty>
 <postunit>
  <text></text>
 </postunit>
 <ruleid>
  <text>1</text>
 </ruleid>
 <otherrule>
  <text></text>
 </otherrule>
 <subqtext format="html">
<text><![CDATA[<p><b>c)</b> Se stejným krokem \(h = \){hpul} určete přibližné hodnoty \(y({x1}), y^\prime({x1}),&nbsp;y^{\prime\prime}({x1})\)&nbsp; <b>Eulerovou explicitní metodou</b><b>.</b></p><p></p><p>\(y({x1}) \doteq\)&nbsp; {_0} <br></p><p>\(y^\prime({x1})\doteq\) {_1} <br></p><p>\(y^{\prime\prime}({x1}) \doteq\){_2}</p><p></p>]]></text>
 </subqtext>
 <feedback format="html">
<text></text>
 </feedback>
 <correctfeedback format="html">
<text><![CDATA[<p>ok<br></p>]]></text>
 </correctfeedback>
 <partiallycorrectfeedback format="html">
<text></text>
 </partiallycorrectfeedback>
 <incorrectfeedback format="html">
<text><![CDATA[<p>chybně<br></p>]]></text>
 </incorrectfeedback>
</answers>
<answers>
 <partindex>
  <text>2</text>
 </partindex>
 <placeholder>
  <text></text>
 </placeholder>
 <answermark>
  <text>1</text>
 </answermark>
 <answertype>
  <text>10</text>
 </answertype>
 <numbox>
  <text>3</text>
 </numbox>
 <vars1>
  <text></text>
 </vars1>
 <answer>
  <text>Y1</text>
 </answer>
 <vars2>
  <text></text>
 </vars2>
 <correctness>
  <text><![CDATA[_relerr < 0.01]]></text>
 </correctness>
 <unitpenalty>
  <text>1</text>
 </unitpenalty>
 <postunit>
  <text></text>
 </postunit>
 <ruleid>
  <text>1</text>
 </ruleid>
 <otherrule>
  <text></text>
 </otherrule>
 <subqtext format="html">
<text><![CDATA[<p><b>d) </b>Volte krok \(h=\){h} a určete přibližné hodnoty \(y({x1}), y^\prime({x1}),&nbsp;y^{\prime\prime}({x1})\) <b>Collatzovou metodou</b>.</p><p></p><p>\(y({x1}) \doteq\)&nbsp; {_0} <br></p><p>\(y^\prime({x1})\doteq\) {_1}<br></p><p>\(y^{\prime\prime}({x1}) \doteq\){_2}</p><p></p>]]></text>
 </subqtext>
 <feedback format="html">
<text></text>
 </feedback>
 <correctfeedback format="html">
<text><![CDATA[<p>ok<br></p>]]></text>
 </correctfeedback>
 <partiallycorrectfeedback format="html">
<text></text>
 </partiallycorrectfeedback>
 <incorrectfeedback format="html">
<text><![CDATA[<p>chybně<br></p>]]></text>
 </incorrectfeedback>
</answers>
<answers>
 <partindex>
  <text>3</text>
 </partindex>
 <placeholder>
  <text></text>
 </placeholder>
 <answermark>
  <text>1</text>
 </answermark>
 <answertype>
  <text>10</text>
 </answertype>
 <numbox>
  <text>6</text>
 </numbox>
 <vars1>
  <text></text>
 </vars1>
 <answer>
  <text>[k11[0], k11[1], k11[2], k21[0],k21[1],k21[2]]</text>
 </answer>
 <vars2>
  <text></text>
 </vars2>
 <correctness>
  <text><![CDATA[_relerr < 0.01]]></text>
 </correctness>
 <unitpenalty>
  <text>1</text>
 </unitpenalty>
 <postunit>
  <text></text>
 </postunit>
 <ruleid>
  <text>1</text>
 </ruleid>
 <otherrule>
  <text></text>
 </otherrule>
 <subqtext format="html">
<text><![CDATA[<p><b>e)</b> Postup řešení Collatzovou metodou v bodě d) zapište do odevzdávaného řešení. <br></p><p>Zde uveďte výsledky mezivýpočtů, které obvykle značíme \(k_1, k_2\) (do řádku):</p><p>\(k_1=\) ({_0}, {_1}, {_2})</p><p>\(k_2=\) ({_3}, {_4}, {_5})<br></p>]]></text>
 </subqtext>
 <feedback format="html">
<text></text>
 </feedback>
 <correctfeedback format="html">
<text></text>
 </correctfeedback>
 <partiallycorrectfeedback format="html">
<text></text>
 </partiallycorrectfeedback>
 <incorrectfeedback format="html">
<text></text>
 </incorrectfeedback>
</answers>
    <hint format="html">
      <text><![CDATA[<p>--<br></p>]]></text>
    </hint>
    <hint format="html">
      <text><![CDATA[<p>--<br></p>]]></text>
    </hint>
  </question>

<!-- question: 152776  -->
  <question type="formulas">
    <name>
      <text>formulas s výběrem GS: Olga/Matěj, par</text>
    </name>
    <questiontext format="html">
      <text><![CDATA[<p><b>Spektrální poloměr Gaussovy-Seidelovy matice.</b><br></p><p>Je dána&nbsp; matice \( \mathbf{A} = \left(\begin{array}{rrr} {a11} &amp; {a12} &amp;{a13}\\{a21}&amp;{a22} &amp;{a23} \\{a31}&amp;{a32}&amp;{a33}\end{array}\right) \).<br>Určete <b>spektrální poloměr Gaussovy-Seidelovy iterační matice</b> ( \(\rho(U_G) \) ).<br><br></p>]]></text>
    </questiontext>
    <generalfeedback format="html">
      <text></text>
    </generalfeedback>
    <defaultgrade>4.0000000</defaultgrade>
    <penalty>0.3333333</penalty>
    <hidden>0</hidden>
    <idnumber></idnumber>
    <correctfeedback format="html">
      <text>Vaše odpověď je správná.</text>
    </correctfeedback>
    <partiallycorrectfeedback format="html">
      <text>Vaše odpověď je částečně správná.</text>
    </partiallycorrectfeedback>
    <incorrectfeedback format="html">
      <text>Vaše odpověď je chybná.</text>
    </incorrectfeedback>
    <shownumcorrect/>
<varsrandom><text>a11 = {-4,-5,-2,-1,1,2,3,4,5,6};  a12 = {-2, -1,-0.5, 0, 0.5, 1,2};a13 = {-2, -1,-0.5, 0, 0.5, 1,2};a21={-2, -1,-0.5, 0, 0.5, 1,2};a22={-4,-5,-2,-1,1,2,3,4,5,6};  a23={-2, -1,-0.5, 0, 0.5, 1,2}; a31 = {-2, -1,-0.5, 0, 0.5, 1,2}; a32 = {-2, -1,-0.5, 0, 0.5, 1,2};a33 = {-4,-5,-2,-1,1,2,3,4,5,6}; 
ans_order=shuffle([0:3]);
</text>
</varsrandom>
<varsglobal><text><![CDATA[aaa=a11*a22*a33; bbb = a21*a32*a13 - a13*a22*a31-a23*a32*a11-a12*a21*a33; ccc = a31*a12*a23;
ddd = bbb*bbb - 4*aaa*ccc;
rhoG =(ddd>0 ? max(abs((sqrt(ddd)-bbb)/(2*aaa)), abs((sqrt(ddd)+bbb)/(2*aaa))) : sqrt(bbb*bbb+ abs(ddd))/abs(2*aaa) );
ans_inv=inv(ans_order);
answers=["Gaussova-Seidelova metoda pro tuto matici nekonverguje",
"Gaussova-Seidelova metoda je pro tuto matici konvergentní", 
"Konvergence Gaussovy-Seidelovy metody pro tuto matici není zaručena"];
ans_permuted=sublist(answers,ans_order);
ans = (rhoG < 1) ? ans_inv[1] : ans_inv[0];]]></text>
</varsglobal>
<answernumbering><text>abc</text>
</answernumbering>
<answers>
 <partindex>
  <text>0</text>
 </partindex>
 <placeholder>
  <text></text>
 </placeholder>
 <answermark>
  <text>3</text>
 </answermark>
 <answertype>
  <text>10</text>
 </answertype>
 <numbox>
  <text>1</text>
 </numbox>
 <vars1>
  <text></text>
 </vars1>
 <answer>
  <text>rhoG</text>
 </answer>
 <vars2>
  <text></text>
 </vars2>
 <correctness>
  <text><![CDATA[_relerr < 0.01]]></text>
 </correctness>
 <unitpenalty>
  <text>1</text>
 </unitpenalty>
 <postunit>
  <text></text>
 </postunit>
 <ruleid>
  <text>1</text>
 </ruleid>
 <otherrule>
  <text></text>
 </otherrule>
 <subqtext format="html">
<text><![CDATA[<p>&nbsp;\(\rho(U_G) \)&nbsp; = {_0} <br></p>]]></text>
 </subqtext>
 <feedback format="html">
<text></text>
 </feedback>
 <correctfeedback format="html">
<text><![CDATA[<p>správně<br></p>]]></text>
 </correctfeedback>
 <partiallycorrectfeedback format="html">
<text></text>
 </partiallycorrectfeedback>
 <incorrectfeedback format="html">
<text><![CDATA[<p>chybně,</p><p>určete řešení kvadratické rovnice \( ({aaa})\lambda^2 + ({bbb})\lambda + ({ccc}) = 0 \)<br></p>]]></text>
 </incorrectfeedback>
</answers>
<answers>
 <partindex>
  <text>1</text>
 </partindex>
 <placeholder>
  <text></text>
 </placeholder>
 <answermark>
  <text>1</text>
 </answermark>
 <answertype>
  <text>0</text>
 </answertype>
 <numbox>
  <text>1</text>
 </numbox>
 <vars1>
  <text></text>
 </vars1>
 <answer>
  <text>ans</text>
 </answer>
 <vars2>
  <text></text>
 </vars2>
 <correctness>
  <text>_0 == ans</text>
 </correctness>
 <unitpenalty>
  <text>1</text>
 </unitpenalty>
 <postunit>
  <text></text>
 </postunit>
 <ruleid>
  <text>1</text>
 </ruleid>
 <otherrule>
  <text></text>
 </otherrule>
 <subqtext format="html">
<text><![CDATA[<p><b>Vyberte platné tvrzení:</b></p><p>{_0:ans_permuted}<br></p>]]></text>
 </subqtext>
 <feedback format="html">
<text></text>
 </feedback>
 <correctfeedback format="html">
<text></text>
 </correctfeedback>
 <partiallycorrectfeedback format="html">
<text></text>
 </partiallycorrectfeedback>
 <incorrectfeedback format="html">
<text></text>
 </incorrectfeedback>
</answers>
    <hint format="html">
      <text></text>
      <shownumcorrect/>
      <clearwrong/>
    </hint>
    <hint format="html">
      <text></text>
      <shownumcorrect/>
      <clearwrong/>
    </hint>
  </question>

<!-- question: 152014  -->
  <question type="formulas">
    <name>
      <text>Gaussova-Seidelova metoda (do beta)</text>
    </name>
    <questiontext format="html">
      <text><![CDATA[<p><b>Gaussova-Seidelova iterační metoda</b><br></p><p>Je dána&nbsp; soustava rovnic \( \mathbf{A} \mathbf{x} = \mathbf{b} \) , kde  <br>\( \mathbf{A} = \left(\begin{array}{rrr} {a11} &amp; {a12} &amp;{a13}\\{a21}&amp;{a22} &amp;{a23} \\{a31}&amp;{a32}&amp;{a33}\end{array}\right) \), \(&nbsp; \mathbf{b} = \left(\begin{array}{r} {b1}\\ {b2}\\{b3}\end{array}\right) \) .<br></p><p><br></p>]]></text>
    </questiontext>
    <generalfeedback format="html">
      <text><![CDATA[<p>Spektrální poloměr Gaussovy-Seidelovy iterační matice ( \(\rho(U_G) \) ) určíme z matice&nbsp; ( \(\mathbf{A}\) ).<br>Nejprve určíme \(\lambda_1, \lambda_2, \lambda_3 \) pro které platí<br>det
 \( \left( \begin{array}{rrr}{a11} \lambda &amp; {a12} &amp;{a13}\\ 
{a21}\lambda&amp; {a22}&nbsp;\lambda &amp;{a23} 
\\{a31}\lambda&amp;{a32}\lambda&amp; {a33} \lambda\end{array}\right) = 
0\)<br>\(\rho(U_G) = \max \{ | \lambda_1|, |\lambda_2|, |\lambda_3| \} = {rhoG} \)<br></p><p>Gaussova-Seidelova iterační metoda konverguje právě tehdy, když \(\rho(U_G) &lt;1 \). Toto je splněno, proto metoda konverguje.<br></p><p>Výpočet hodnot \( \mathbf{x}^{(1)}\)&nbsp; po složkách :  <br>\(x_1^{(1)} = \frac{b_1 - x_2^{(0)}a_{12} - x_3^{(0)} a_{13}}{a_{11}} =\) ( {b1} -( {x2})*({a12}) - ({x3}) *({a13}) )/{a11} <br>\(x_2^{(1)} = \frac{b_2 - x_1^{(1)}a_{21} - x_3^{(0)} a_{23}}{a_{22}} =\) ( {b2} -( {xx1})*({a21}) - ({x3}) *({a23}) )/{a22}<br>\(x_3^{(1)} = \frac{b_3 - x_1^{(1)}a_{31} - x_2^{(1)} a_{32}}{a_{33}} =\) ( {b3} -( {xx1})*({a31}) - ({xx2}) *({a32}) )/{a33}<br><br></p>]]></text>
    </generalfeedback>
    <defaultgrade>5.0000000</defaultgrade>
    <penalty>0.3333333</penalty>
    <hidden>0</hidden>
    <idnumber></idnumber>
    <correctfeedback format="html">
      <text>Vaše odpověď je správná.</text>
    </correctfeedback>
    <partiallycorrectfeedback format="html">
      <text>Vaše odpověď je částečně správná.</text>
    </partiallycorrectfeedback>
    <incorrectfeedback format="html">
      <text>Vaše odpověď je chybná.</text>
    </incorrectfeedback>
    <shownumcorrect/>
<varsrandom><text>a11 = {4,5,6};   a12 = {-0.5, 0, 0.5, 1}; a13 = {-0.5, 0, 0.5, 1};
a21={-0.5, 0, 0.5, 1}; a22={4,5,6};  a23={-0.5, 0, 0.5, 1}; 
a31 = {-0.5, 0, 0.5, 1}; a32 = {-0.5, 0, 0.5, 1}; a33 = {4,5,6};  
b1 = {-7:7}; b2= {-7:7}; b3= {-7:7}; 
x1={-3:3}; x2={-3:3}; x3={-3:3}; 


#a11 = {-4,-5,-2,-1,1,2,3,4,5,6};  
#a12 = {-2, -1,-0.5, 0, 0.5, 1,2};
#a13 = {-2, -1,-0.5, 0, 0.5, 1,2};
#a21={-2, -1,-0.5, 0, 0.5, 1,2};
#a22={-4,-5,-2,-1,1,2,3,4,5,6};  
#a23={-2, -1,-0.5, 0, 0.5, 1,2}; 
#a31 = {-2, -1,-0.5, 0, 0.5, 1,2}; 
#a32 = {-2, -1,-0.5, 0, 0.5, 1,2};
#a33 = {-4,-5,-2,-1,1,2,3,4,5,6}; 
</text>
</varsrandom>
<varsglobal><text><![CDATA[aaa=a11*a22*a33; 
bbb = a21*a32*a13 - a13*a22*a31-a23*a32*a11-a12*a21*a33; 
ccc = a31*a12*a23;
ddd = bbb*bbb - 4*aaa*ccc;
rhoG =(ddd>0 ? round(max(abs((sqrt(ddd)-bbb)/(2*aaa)), abs((sqrt(ddd)+bbb)/(2*aaa))),4) : round(sqrt(bbb*bbb+ abs(ddd))/abs(2*aaa) , 4));

xx1 = round((b1 - x2*a12 -x3*a13)/a11,3);
xx2= round((b2 - xx1*a21 -x3*a23)/a22,3);
xx3= round( (b3- xx1*a31 -xx2*a32)/a33,3);]]></text>
</varsglobal>
<answernumbering><text>abc</text>
</answernumbering>
<answers>
 <partindex>
  <text>0</text>
 </partindex>
 <placeholder>
  <text></text>
 </placeholder>
 <answermark>
  <text>1</text>
 </answermark>
 <answertype>
  <text>10</text>
 </answertype>
 <numbox>
  <text>1</text>
 </numbox>
 <vars1>
  <text></text>
 </vars1>
 <answer>
  <text>rhoG</text>
 </answer>
 <vars2>
  <text></text>
 </vars2>
 <correctness>
  <text><![CDATA[_relerr < 0.01]]></text>
 </correctness>
 <unitpenalty>
  <text>1</text>
 </unitpenalty>
 <postunit>
  <text></text>
 </postunit>
 <ruleid>
  <text>1</text>
 </ruleid>
 <otherrule>
  <text></text>
 </otherrule>
 <subqtext format="html">
<text><![CDATA[<p><b>a)</b> Určete <b>spektrální poloměr Gaussovy-Seidelovy iterační matice</b> ( \(\rho(U_G) \) ).<br>
\(\rho(U_G) =\) {_0}
</p>]]></text>
 </subqtext>
 <feedback format="html">
<text></text>
 </feedback>
 <correctfeedback format="html">
<text><![CDATA[<p>správně<br></p>]]></text>
 </correctfeedback>
 <partiallycorrectfeedback format="html">
<text><![CDATA[<p>správně<br></p>]]></text>
 </partiallycorrectfeedback>
 <incorrectfeedback format="html">
<text><![CDATA[chybně<br>]]></text>
 </incorrectfeedback>
</answers>
<answers>
 <partindex>
  <text>1</text>
 </partindex>
 <placeholder>
  <text></text>
 </placeholder>
 <answermark>
  <text>1</text>
 </answermark>
 <answertype>
  <text>0</text>
 </answertype>
 <numbox>
  <text>1</text>
 </numbox>
 <vars1>
  <text></text>
 </vars1>
 <answer>
  <text>1</text>
 </answer>
 <vars2>
  <text></text>
 </vars2>
 <correctness>
  <text>_err == 0</text>
 </correctness>
 <unitpenalty>
  <text>1</text>
 </unitpenalty>
 <postunit>
  <text></text>
 </postunit>
 <ruleid>
  <text>1</text>
 </ruleid>
 <otherrule>
  <text></text>
 </otherrule>
 <subqtext format="html">
<text><![CDATA[<p><b>b)</b> Rozhodněte, zda tato metoda pro zadanou soustavu rovnic<b> konverguje</b>. <br></p><p>V případě, že <b>konverguje, zadejde 1</b>, v případě, že <b>nekonverguje, zadejte 0</b>.<br></p><p>Konverguje? {_0}<br></p>]]></text>
 </subqtext>
 <feedback format="html">
<text></text>
 </feedback>
 <correctfeedback format="html">
<text><![CDATA[<p>správně<br></p>]]></text>
 </correctfeedback>
 <partiallycorrectfeedback format="html">
<text><![CDATA[<p>správně<br></p>]]></text>
 </partiallycorrectfeedback>
 <incorrectfeedback format="html">
<text><![CDATA[<p>chybně</p>]]></text>
 </incorrectfeedback>
</answers>
<answers>
 <partindex>
  <text>2</text>
 </partindex>
 <placeholder>
  <text></text>
 </placeholder>
 <answermark>
  <text>1</text>
 </answermark>
 <answertype>
  <text>10</text>
 </answertype>
 <numbox>
  <text>1</text>
 </numbox>
 <vars1>
  <text></text>
 </vars1>
 <answer>
  <text>xx1</text>
 </answer>
 <vars2>
  <text></text>
 </vars2>
 <correctness>
  <text><![CDATA[_relerr < 0.01]]></text>
 </correctness>
 <unitpenalty>
  <text>1</text>
 </unitpenalty>
 <postunit>
  <text></text>
 </postunit>
 <ruleid>
  <text>1</text>
 </ruleid>
 <otherrule>
  <text></text>
 </otherrule>
 <subqtext format="html">
<text><![CDATA[<p><b>c) </b>Volte&nbsp; \(&nbsp; \mathbf{x}^{(0)} = \left(\begin{array}{r} {x1}\\ {x2}\\{x3}\end{array}\right) \)  <br>vypočtěte hodnoty \(&nbsp; \mathbf{x}^{(1)}&nbsp; = (x^{(1)}_1, x^{(1)}_2, x^{(1)}_3)^T\)</p><p><b>Gaussovou-Seidelovou iterační metodou.</b><br></p><p>\(x_1^{(1)}= \){_0}<br></p>]]></text>
 </subqtext>
 <feedback format="html">
<text></text>
 </feedback>
 <correctfeedback format="html">
<text><![CDATA[<p>správně<br></p>]]></text>
 </correctfeedback>
 <partiallycorrectfeedback format="html">
<text>správně</text>
 </partiallycorrectfeedback>
 <incorrectfeedback format="html">
<text><![CDATA[<p>chybně</p>]]></text>
 </incorrectfeedback>
</answers>
<answers>
 <partindex>
  <text>3</text>
 </partindex>
 <placeholder>
  <text></text>
 </placeholder>
 <answermark>
  <text>1</text>
 </answermark>
 <answertype>
  <text>10</text>
 </answertype>
 <numbox>
  <text>1</text>
 </numbox>
 <vars1>
  <text></text>
 </vars1>
 <answer>
  <text>xx2</text>
 </answer>
 <vars2>
  <text></text>
 </vars2>
 <correctness>
  <text><![CDATA[_relerr < 0.01]]></text>
 </correctness>
 <unitpenalty>
  <text>1</text>
 </unitpenalty>
 <postunit>
  <text></text>
 </postunit>
 <ruleid>
  <text>1</text>
 </ruleid>
 <otherrule>
  <text></text>
 </otherrule>
 <subqtext format="html">
<text><![CDATA[<p>\(x_2^{(1)}= \){_0}<br></p>]]></text>
 </subqtext>
 <feedback format="html">
<text></text>
 </feedback>
 <correctfeedback format="html">
<text><![CDATA[<p>správně<br></p>]]></text>
 </correctfeedback>
 <partiallycorrectfeedback format="html">
<text><![CDATA[<p>správně<br></p>]]></text>
 </partiallycorrectfeedback>
 <incorrectfeedback format="html">
<text><![CDATA[<p>chybně<br></p>]]></text>
 </incorrectfeedback>
</answers>
<answers>
 <partindex>
  <text>4</text>
 </partindex>
 <placeholder>
  <text></text>
 </placeholder>
 <answermark>
  <text>1</text>
 </answermark>
 <answertype>
  <text>10</text>
 </answertype>
 <numbox>
  <text>1</text>
 </numbox>
 <vars1>
  <text></text>
 </vars1>
 <answer>
  <text>xx3</text>
 </answer>
 <vars2>
  <text></text>
 </vars2>
 <correctness>
  <text><![CDATA[_relerr < 0.01]]></text>
 </correctness>
 <unitpenalty>
  <text>1</text>
 </unitpenalty>
 <postunit>
  <text></text>
 </postunit>
 <ruleid>
  <text>1</text>
 </ruleid>
 <otherrule>
  <text></text>
 </otherrule>
 <subqtext format="html">
<text><![CDATA[<p>\(x_3^{(1)}= \){_0}<br></p>]]></text>
 </subqtext>
 <feedback format="html">
<text></text>
 </feedback>
 <correctfeedback format="html">
<text><![CDATA[<p>správně<br></p>]]></text>
 </correctfeedback>
 <partiallycorrectfeedback format="html">
<text><![CDATA[<p>správně<br></p>]]></text>
 </partiallycorrectfeedback>
 <incorrectfeedback format="html">
<text><![CDATA[<p>chybně<br></p>]]></text>
 </incorrectfeedback>
</answers>
    <hint format="html">
      <text></text>
      <shownumcorrect/>
      <clearwrong/>
    </hint>
    <hint format="html">
      <text></text>
      <shownumcorrect/>
      <clearwrong/>
    </hint>
  </question>

<!-- question: 152016  -->
  <question type="formulas">
    <name>
      <text>Jacobiho iterační metoda (do beta)</text>
    </name>
    <questiontext format="html">
      <text><![CDATA[<p><b>Jacobiho iterační metoda.</b><br></p><p>Ja dána soustava rovnic \( \mathbf{A} \mathbf{x} = \mathbf{b} \) , kde <br></p><p>\( \mathbf{A} = \left(\begin{array}{rrr} {a11} &amp; {a12} &amp;{a13}\\{a21}&amp;{a22} &amp;{a23} \\{a31}&amp;{a32}&amp;{a33}\end{array}\right) \), \(&nbsp; \mathbf{b} = \left(\begin{array}{r} {b1}\\ {b2}\\{b3}\end{array}\right) \).</p>]]></text>
    </questiontext>
    <generalfeedback format="html">
      <text><![CDATA[<p></p><p>Spektrální poloměr Jacobiho iterační matice ( \(\rho(U_J) \) ) určíme z matice&nbsp; ( \(\mathbf{A}\) ).</p><p>Nejprve určíme \(\lambda_1, \lambda_2, \lambda_3 \) pro které platí</p><p>det
 \( \left( \begin{array}{rrr}{a11} \lambda &amp; {a12} &amp;{a13}\\ 
{a21}&amp; {a22}&nbsp;\lambda &amp;{a23} \\{a31}&amp;{a32}&amp; {a33} 
\lambda\end{array}\right) = 0\)</p><p>\(\rho(U_J) = \max \{ | \lambda_1|, |\lambda_2|, |\lambda_3| \}&nbsp; = {rhoJ} \) <br></p><p>Jacobiho iterační metoda konverguje právě tehdy, když \(\rho(U_J&lt;1\). Toto je splněno, proto metoda konverguje.<br></p><p>Výpočet hodnot \( \mathbf{x}^{(1)}\)&nbsp; po složkách : <br></p><p></p><p>\(x_1^{(1)} = \frac{b_1 - x_2^{(0)}a_{12} - x_3^{(0)} a_{13}}{a_{11}} =\) ( {b1} -( {x2})*({a12}) - ({x3}) *({a13}) )/{a11}<br></p><p>\(x_2^{(1)} = \frac{b_2 - x_1^{(0)}a_{21} - x_3^{(0)} a_{23}}{a_{22}} =\) ( {b2} -( {x1})*({a21}) - ({x3}) *({a23}) )/{a22}</p><p>\(x_3^{(1)} = \frac{b_3 - x_1^{(0)}a_{31} - x_2^{(0)} a_{32}}{a_{33}} =\) ( {b3} -( {x1})*({a31}) - ({x2}) *({a32}) )/{a33}<br></p>]]></text>
    </generalfeedback>
    <defaultgrade>5.0000000</defaultgrade>
    <penalty>0.3333333</penalty>
    <hidden>0</hidden>
    <idnumber></idnumber>
    <correctfeedback format="html">
      <text>Vaše odpověď je správná.</text>
    </correctfeedback>
    <partiallycorrectfeedback format="html">
      <text>Vaše odpověď je částečně správná.</text>
    </partiallycorrectfeedback>
    <incorrectfeedback format="html">
      <text>Vaše odpověď je chybná.</text>
    </incorrectfeedback>
    <shownumcorrect/>
<varsrandom><text>a11 = {4,5,6};  a12 = {-1,-0.5, 0, 0.5, 1, 1.5};a13 = {-1, -0.5, 0, 0.5, 1,1.5};
 a22={4,5,6};  
a31 = {-1, -0.5, 0, 0.5, 1,1.5}; a33 = {4,5,6};  
b1 = {-7:7}; b2= {-7:7}; b3= {-7:7}; 
x1={-3:3}; x2={-3:3}; x3={-3:3}; </text>
</varsrandom>
<varsglobal><text>a21 = -a12; a23 = a13; a32 = a31;
rhoJ = round(sqrt(abs( ( a13*a22*a31 + a23*a32*a11 +a33*a21*a12 )/ (a11*a22*a33) ) ),4);

xx1 = [round((b1 - x2*a12 -x3*a13)/a11,3) , round((b2 - x1*a21 -x3*a23)/a22,3) ,round( (b3- x1*a31 -x2*a32)/a33,3)];</text>
</varsglobal>
<answernumbering><text>abc</text>
</answernumbering>
<answers>
 <partindex>
  <text>0</text>
 </partindex>
 <placeholder>
  <text></text>
 </placeholder>
 <answermark>
  <text>1</text>
 </answermark>
 <answertype>
  <text>10</text>
 </answertype>
 <numbox>
  <text>1</text>
 </numbox>
 <vars1>
  <text></text>
 </vars1>
 <answer>
  <text>rhoJ</text>
 </answer>
 <vars2>
  <text></text>
 </vars2>
 <correctness>
  <text><![CDATA[_err < 0.01]]></text>
 </correctness>
 <unitpenalty>
  <text>1</text>
 </unitpenalty>
 <postunit>
  <text></text>
 </postunit>
 <ruleid>
  <text>1</text>
 </ruleid>
 <otherrule>
  <text></text>
 </otherrule>
 <subqtext format="html">
<text><![CDATA[<p><b>a)</b> Určete <b>spektrální poloměr Jacobiho iterační matice</b> ( \(\rho(U_J) \) ).<br></p><p>\(\rho(U_J) =\) {_0}<br></p>]]></text>
 </subqtext>
 <feedback format="html">
<text></text>
 </feedback>
 <correctfeedback format="html">
<text><![CDATA[<p>správně<br></p>]]></text>
 </correctfeedback>
 <partiallycorrectfeedback format="html">
<text><![CDATA[správně<br>]]></text>
 </partiallycorrectfeedback>
 <incorrectfeedback format="html">
<text><![CDATA[<p>chybně<br></p>]]></text>
 </incorrectfeedback>
</answers>
<answers>
 <partindex>
  <text>1</text>
 </partindex>
 <placeholder>
  <text></text>
 </placeholder>
 <answermark>
  <text>1</text>
 </answermark>
 <answertype>
  <text>0</text>
 </answertype>
 <numbox>
  <text>1</text>
 </numbox>
 <vars1>
  <text></text>
 </vars1>
 <answer>
  <text>1</text>
 </answer>
 <vars2>
  <text></text>
 </vars2>
 <correctness>
  <text>_err == 0</text>
 </correctness>
 <unitpenalty>
  <text>1</text>
 </unitpenalty>
 <postunit>
  <text></text>
 </postunit>
 <ruleid>
  <text>1</text>
 </ruleid>
 <otherrule>
  <text></text>
 </otherrule>
 <subqtext format="html">
<text><![CDATA[<p></p><p><b>b)</b> Rozhodněte, zda Jacobiho iterační metoda pro zadanou soustavu rovnic <b>konverguje.</b></p><p>Pokud <b>konverguje, zadejte 1</b>, pokud <b>nekonverguje, zadejte 0</b>.<br></p><p>Konverguje?{_0}<br></p><p></p>]]></text>
 </subqtext>
 <feedback format="html">
<text></text>
 </feedback>
 <correctfeedback format="html">
<text><![CDATA[<p>správně<br></p>]]></text>
 </correctfeedback>
 <partiallycorrectfeedback format="html">
<text><![CDATA[<p>správně<br></p>]]></text>
 </partiallycorrectfeedback>
 <incorrectfeedback format="html">
<text><![CDATA[<p>chybně<br></p>]]></text>
 </incorrectfeedback>
</answers>
<answers>
 <partindex>
  <text>2</text>
 </partindex>
 <placeholder>
  <text></text>
 </placeholder>
 <answermark>
  <text>1</text>
 </answermark>
 <answertype>
  <text>10</text>
 </answertype>
 <numbox>
  <text>1</text>
 </numbox>
 <vars1>
  <text></text>
 </vars1>
 <answer>
  <text>xx1[0]</text>
 </answer>
 <vars2>
  <text></text>
 </vars2>
 <correctness>
  <text><![CDATA[_relerr < 0.01]]></text>
 </correctness>
 <unitpenalty>
  <text>1</text>
 </unitpenalty>
 <postunit>
  <text></text>
 </postunit>
 <ruleid>
  <text>1</text>
 </ruleid>
 <otherrule>
  <text></text>
 </otherrule>
 <subqtext format="html">
<text><![CDATA[<p></p><p><b>c)</b> Volte \(&nbsp; \mathbf{x}^{(0)} = \left(\begin{array}{r} {x1}\\ {x2}\\{x3}\end{array}\right) \) <br></p><p>a vypočtěte hodnoty \(&nbsp; \mathbf{x}^{(1)}&nbsp; = (x^{(1)}_1, x^{(1)}_2, x^{(1)}_3)^T\) <br></p><p><b>Jacobiho iterační metodou.</b></p>\(x_1^{(1)}= \){_0}<br><p></p>]]></text>
 </subqtext>
 <feedback format="html">
<text></text>
 </feedback>
 <correctfeedback format="html">
<text><![CDATA[<p>správně<br></p>]]></text>
 </correctfeedback>
 <partiallycorrectfeedback format="html">
<text><![CDATA[<p>správně<br></p>]]></text>
 </partiallycorrectfeedback>
 <incorrectfeedback format="html">
<text><![CDATA[<p>chybně<br></p>]]></text>
 </incorrectfeedback>
</answers>
<answers>
 <partindex>
  <text>3</text>
 </partindex>
 <placeholder>
  <text></text>
 </placeholder>
 <answermark>
  <text>1</text>
 </answermark>
 <answertype>
  <text>10</text>
 </answertype>
 <numbox>
  <text>1</text>
 </numbox>
 <vars1>
  <text></text>
 </vars1>
 <answer>
  <text>xx1[1]</text>
 </answer>
 <vars2>
  <text></text>
 </vars2>
 <correctness>
  <text><![CDATA[_relerr < 0.01]]></text>
 </correctness>
 <unitpenalty>
  <text>1</text>
 </unitpenalty>
 <postunit>
  <text></text>
 </postunit>
 <ruleid>
  <text>1</text>
 </ruleid>
 <otherrule>
  <text></text>
 </otherrule>
 <subqtext format="html">
<text><![CDATA[<p>\(x_2^{(1)}= \){_0}<br></p>]]></text>
 </subqtext>
 <feedback format="html">
<text></text>
 </feedback>
 <correctfeedback format="html">
<text><![CDATA[<p>správně<br></p>]]></text>
 </correctfeedback>
 <partiallycorrectfeedback format="html">
<text><![CDATA[<p>správně<br></p>]]></text>
 </partiallycorrectfeedback>
 <incorrectfeedback format="html">
<text><![CDATA[<p>chybně<br></p>]]></text>
 </incorrectfeedback>
</answers>
<answers>
 <partindex>
  <text>4</text>
 </partindex>
 <placeholder>
  <text></text>
 </placeholder>
 <answermark>
  <text>1</text>
 </answermark>
 <answertype>
  <text>10</text>
 </answertype>
 <numbox>
  <text>1</text>
 </numbox>
 <vars1>
  <text></text>
 </vars1>
 <answer>
  <text>xx1[2]</text>
 </answer>
 <vars2>
  <text></text>
 </vars2>
 <correctness>
  <text><![CDATA[_relerr < 0.01]]></text>
 </correctness>
 <unitpenalty>
  <text>1</text>
 </unitpenalty>
 <postunit>
  <text></text>
 </postunit>
 <ruleid>
  <text>1</text>
 </ruleid>
 <otherrule>
  <text></text>
 </otherrule>
 <subqtext format="html">
<text><![CDATA[<p>\(x_3^{(1)}= \){_0}<br></p>]]></text>
 </subqtext>
 <feedback format="html">
<text></text>
 </feedback>
 <correctfeedback format="html">
<text><![CDATA[<p>správně<br></p>]]></text>
 </correctfeedback>
 <partiallycorrectfeedback format="html">
<text><![CDATA[<p>správně<br></p>]]></text>
 </partiallycorrectfeedback>
 <incorrectfeedback format="html">
<text><![CDATA[<p>chybně<br></p>]]></text>
 </incorrectfeedback>
</answers>
    <hint format="html">
      <text></text>
      <shownumcorrect/>
    </hint>
    <hint format="html">
      <text></text>
      <shownumcorrect/>
    </hint>
  </question>

<!-- question: 152022  -->
  <question type="formulas">
    <name>
      <text>MNČ, 1. stupeň</text>
    </name>
    <questiontext format="html">
      <text><![CDATA[<p style="text-align: center;">Je zadaná tabulka hodnot:</p>
<p style="text-align: center;"></p><table border="1">
<thead><tr><td style="text-align: center;"><b>&nbsp;
\(\mathbf i\) <br></b></td><td style="text-align: center;">&nbsp;1&nbsp;</td><td style="text-align: center;">&nbsp;2&nbsp;</td><td style="text-align: center;">&nbsp;3&nbsp;</td><td style="text-align: center;">&nbsp;4&nbsp;</td><td style="text-align: center;">&nbsp;5&nbsp;</td><td style="text-align: center;">6&nbsp;</td></tr></thead>
<tbody>
<tr>
<td style="text-align: center;">&nbsp;\(\mathbf{x_i}\)&nbsp;</td>
<td style="text-align: center;">&nbsp;{x[0]}&nbsp;</td>
<td style="text-align: center;">&nbsp;{x[1]}&nbsp;</td>
<td style="text-align: center;">&nbsp;{x[2]}&nbsp;</td>
<td style="text-align: center;">&nbsp;{x[3]}&nbsp;</td>
<td style="text-align: center;">&nbsp;{x[4]}&nbsp;</td>
<td style="text-align: center;">&nbsp;{x[5]}&nbsp;</td>
</tr>
<tr>
<td style="text-align: center;">&nbsp;\(\mathbf{y_i}\)&nbsp;</td>
<td style="text-align: center;">&nbsp;{y[0]}&nbsp;</td>
<td style="text-align: center;">&nbsp;{y[1]}&nbsp;</td>
<td style="text-align: center;">&nbsp;{y[2]}&nbsp;</td>
<td style="text-align: center;">&nbsp;{y[3]}&nbsp;</td>
<td style="text-align: center;">&nbsp;{y[4]}&nbsp;</td>
<td style="text-align: center;">&nbsp;{y[5]}&nbsp;</td>
</tr>
</tbody>
</table>
<p></p>]]></text>
    </questiontext>
    <generalfeedback format="html">
      <text><![CDATA[<p>Soustava normálních rovnic pro polynom 1.stupně:<br><br>\( a_0 \sum\limits_i 1 + a_1 \sum\limits_i {x_i} = \sum\limits_i {y_i} \)<br><br>\( a_0 \sum\limits_i {x_i} + a_1 \sum\limits_i {x_i}^2 = \sum\limits_i {x_i y_i} \)<br><br>Po dosazení (maticový zápis):<br><br>\( \left( \begin{array}{c c} {x0sum} &amp; {x1sum} \\ {x1sum} &amp; {x2sum} \end{array} \right) \left( \begin{array}{c} a_0 \\ a_1 \end{array} \right) = \left( \begin{array}{c} {ysum} \\ {xysum} \end{array} \right) \)<br><br>Po vyřešení této soustavy získáme aproximační polynom:<br><br>\( p(x) = {a0} + ({a1}) x \)<br><br><br></p>]]></text>
    </generalfeedback>
    <defaultgrade>4.0000000</defaultgrade>
    <penalty>0.3333333</penalty>
    <hidden>0</hidden>
    <idnumber></idnumber>
    <correctfeedback format="html">
      <text>Vaše odpověď je správná.</text>
    </correctfeedback>
    <partiallycorrectfeedback format="html">
      <text>Vaše odpověď je částečně správná.</text>
    </partiallycorrectfeedback>
    <incorrectfeedback format="html">
      <text>Vaše odpověď je chybná.</text>
    </incorrectfeedback>
    <shownumcorrect/>
<varsrandom><text>x = {[-2,-1,0,0,1,2],[-1,0,1,2,3,3],[0,0.5,1,1,1.5,2]};
y0 = {-2,1,0.6,1,2.8,2.6,0.9,-0.9,0.3,-1,-1.2,-0.4,-0.5};
y1 = {-2,1,0.6,1,2.8,2.6,0.9,-0.9,0.3,-1,-1.2,-0.4,-0.5};
y2 = {-2,1,0.6,1,2.8,2.6,0.9,-0.9,0.3,-1,-1.2,-0.4,-0.5};
y3 = {-2,1,0.6,1,2.8,2.6,0.9,-0.9,0.3,-1,-1.2,-0.4,-0.5};
y4 = {-2,1,0.6,1,2.8,2.6,0.9,-0.9,0.3,-1,-1.2,-0.4,-0.5};
y5 = {-2,1,0.6,1,2.8,2.6,0.9,-0.9,0.3,-1,-1.2,-0.4,-0.5};</text>
</varsrandom>
<varsglobal><text><![CDATA[y = [y0,y1,y2,y3,y4,y5]; 
x0sum = 6;
x1sum = sum(x);
x2sum = sum(map("pow",x,2));
ysum = sum(y);
xysum = sum(map("*",x,y));
res = [x0sum,x1sum,ysum,x1sum,x2sum,xysum];
detA = x2sum*x0sum - x1sum*x1sum;
a1 = (xysum*x0sum - ysum*x1sum)/detA;
a0 = ysum/x0sum - a1*x1sum/x0sum;
yaprox = [a0 + a1*x[0],  a0 + a1*x[1], a0 + a1*x[2], a0 + a1*x[3], a0 + a1*x[4], a0 + a1*x[5] ];
delta2 =(yaprox[0]-y[0])*(yaprox[0]-y[0])+(yaprox[1]-y[1])*(yaprox[1]-y[1])+(yaprox[2]-y[2])*(yaprox[2]-y[2])+(yaprox[3]-y[3])*(yaprox[3]-y[3])+(yaprox[4]-y[4])*(yaprox[4]-y[4])+(yaprox[5]-y[5])*(yaprox[5]-y[5]);
delta=sqrt(delta2);]]></text>
</varsglobal>
<answernumbering><text>abc</text>
</answernumbering>
<answers>
 <partindex>
  <text>0</text>
 </partindex>
 <placeholder>
  <text></text>
 </placeholder>
 <answermark>
  <text>1</text>
 </answermark>
 <answertype>
  <text>10</text>
 </answertype>
 <numbox>
  <text>6</text>
 </numbox>
 <vars1>
  <text></text>
 </vars1>
 <answer>
  <text>res</text>
 </answer>
 <vars2>
  <text></text>
 </vars2>
 <correctness>
  <text><![CDATA[_relerr < 0.01]]></text>
 </correctness>
 <unitpenalty>
  <text>1</text>
 </unitpenalty>
 <postunit>
  <text></text>
 </postunit>
 <ruleid>
  <text>1</text>
 </ruleid>
 <otherrule>
  <text></text>
 </otherrule>
 <subqtext format="html">
<text><![CDATA[<p><b>a)</b> Sestavte soustavu normálních rovnic pro určení polynomu 1. stupně, který
 ve smyslu <b>metody nejmenších čtverců </b>nejlépe aproximuje zadanou tabulku 
hodnot.</p><p>Rovnice zapište v takovém pořadí, ve kterém je v pravé straně 1. rovnice \(\sum_i y_i\).<br>{_0} \( a_0 \) + {_1} \( a_1 = \) {_2}<br><br>{_3} \( a_0 \) + {_4} \( a_1 = \) {_5}<br><br></p>]]></text>
 </subqtext>
 <feedback format="html">
<text></text>
 </feedback>
 <correctfeedback format="html">
<text></text>
 </correctfeedback>
 <partiallycorrectfeedback format="html">
<text></text>
 </partiallycorrectfeedback>
 <incorrectfeedback format="html">
<text></text>
 </incorrectfeedback>
</answers>
<answers>
 <partindex>
  <text>1</text>
 </partindex>
 <placeholder>
  <text></text>
 </placeholder>
 <answermark>
  <text>1</text>
 </answermark>
 <answertype>
  <text>10</text>
 </answertype>
 <numbox>
  <text>2</text>
 </numbox>
 <vars1>
  <text></text>
 </vars1>
 <answer>
  <text>[a0, a1]</text>
 </answer>
 <vars2>
  <text></text>
 </vars2>
 <correctness>
  <text><![CDATA[_relerr < 0.01]]></text>
 </correctness>
 <unitpenalty>
  <text>1</text>
 </unitpenalty>
 <postunit>
  <text></text>
 </postunit>
 <ruleid>
  <text>1</text>
 </ruleid>
 <otherrule>
  <text></text>
 </otherrule>
 <subqtext format="html">
<text><![CDATA[<p><b>b)</b> Určete&nbsp; <b>koeficienty aproximačního polynomu</b> \( p(x) = a_0 + a_1 x \) :<br><br>\( a_0 = \) {_0}, \( a_1 = \) {_1}<br></p>]]></text>
 </subqtext>
 <feedback format="html">
<text></text>
 </feedback>
 <correctfeedback format="html">
<text></text>
 </correctfeedback>
 <partiallycorrectfeedback format="html">
<text></text>
 </partiallycorrectfeedback>
 <incorrectfeedback format="html">
<text></text>
 </incorrectfeedback>
</answers>
<answers>
 <partindex>
  <text>2</text>
 </partindex>
 <placeholder>
  <text></text>
 </placeholder>
 <answermark>
  <text>1</text>
 </answermark>
 <answertype>
  <text>10</text>
 </answertype>
 <numbox>
  <text>6</text>
 </numbox>
 <vars1>
  <text></text>
 </vars1>
 <answer>
  <text>yaprox</text>
 </answer>
 <vars2>
  <text></text>
 </vars2>
 <correctness>
  <text><![CDATA[_relerr < 0.01]]></text>
 </correctness>
 <unitpenalty>
  <text>1</text>
 </unitpenalty>
 <postunit>
  <text></text>
 </postunit>
 <ruleid>
  <text>1</text>
 </ruleid>
 <otherrule>
  <text></text>
 </otherrule>
 <subqtext format="html">
<text><![CDATA[<p><b>c)</b> Vypočtěte<b> hodnoty aproximačního polynomu</b>, který jste určili v předcházejícím kroku, v bodech \(x_i\), ze zadané tabulky hodnot.</p><p>p({x[0]})= {_0}</p><p>p({x[1]}) = {_1}</p><p>p({x[2]}) = {_2}</p><p>p({x[3]}) = {_3}</p><p>p({x[4]}) = {_4}</p><p>p({x[5]}) = {_5}<br></p>]]></text>
 </subqtext>
 <feedback format="html">
<text></text>
 </feedback>
 <correctfeedback format="html">
<text></text>
 </correctfeedback>
 <partiallycorrectfeedback format="html">
<text></text>
 </partiallycorrectfeedback>
 <incorrectfeedback format="html">
<text></text>
 </incorrectfeedback>
</answers>
<answers>
 <partindex>
  <text>3</text>
 </partindex>
 <placeholder>
  <text></text>
 </placeholder>
 <answermark>
  <text>1</text>
 </answermark>
 <answertype>
  <text>10</text>
 </answertype>
 <numbox>
  <text>2</text>
 </numbox>
 <vars1>
  <text></text>
 </vars1>
 <answer>
  <text>[delta2, delta]</text>
 </answer>
 <vars2>
  <text></text>
 </vars2>
 <correctness>
  <text><![CDATA[_relerr < 0.01]]></text>
 </correctness>
 <unitpenalty>
  <text>1</text>
 </unitpenalty>
 <postunit>
  <text></text>
 </postunit>
 <ruleid>
  <text>1</text>
 </ruleid>
 <otherrule>
  <text></text>
 </otherrule>
 <subqtext format="html">
<text><![CDATA[<p><b>d</b>) Vypočtěte <b>kvadratickou odchylku</b> (\(\delta\)) určeného aproximačního polynomu.</p><p>\(\delta^2 =\){_0}, \(\delta = \) {_1}<br></p>]]></text>
 </subqtext>
 <feedback format="html">
<text></text>
 </feedback>
 <correctfeedback format="html">
<text></text>
 </correctfeedback>
 <partiallycorrectfeedback format="html">
<text></text>
 </partiallycorrectfeedback>
 <incorrectfeedback format="html">
<text></text>
 </incorrectfeedback>
</answers>
  </question>

<!-- question: 152020  -->
  <question type="formulas">
    <name>
      <text>Poisson  (do bety)</text>
    </name>
    <questiontext format="html">
      <text><![CDATA[<p>V oblasti \( \Omega\) platí <br></p><p>$$ -\Delta u = 2x,$$ na hranici oblasti \(\Omega\), kterou tvoří obdélník ABCD je zadána okrajová podmínka \(u(x,y) = x+y\). <br></p><p>$$\begin{array}{ccl}A &amp;=&amp; [{X[0]},{Y[0]}]\\B&amp;=&amp;[{X[3]},{Y[0]}] \\C&amp;=&amp;[{X[3]},{Y[3]}] \\ D&amp;=&amp;[{X[0]},{Y[3]}]\end{array}$$<br></p><p>Je zvolen krok \(h={h}\) a sestrojena síť tak, že bod [{X[1]}, {Y[1]}] je uzlem sítě.<br></p><p>Uzly na síťové přímce \(x=\){X[1]} jsou označeny \(Q_1,\ P_1,\ P_2,\ Q_2\), <br>jsou uspořádané podle velikosti jejich \(y\)-ové souřadnice,<br> bod \(Q_1\) má nejmenší \(y\)-ovou souřadnici.<br></p><p>Uzly na síťové přímce \(x=\){X[2]} jsou označeny \(Q_3,\ P_3,\ P_4,\ Q_4\),<br> jsou uspořádané podle velikosti jejich \(y\)-ové souřadnice,<br>bod 
\(Q_3\) má nejmenší \(y\)-ovou souřadnici.<br></p>]]></text>
<file name="om_pdr5.jpg" path="/" encoding="base64">/9j/4AAQSkZJRgABAQAAlgCWAAD/4QB0RXhpZgAATU0AKgAAAAgABAEaAAUAAAABAAAAPgEbAAUAAAABAAAARgEoAAMAAAABAAIAAIdpAAQAAAABAAAATgAAAAAAAACWAAAAAQAAAJYAAAABAAKgAgAEAAAAAQAAA02gAwAEAAAAAQAAA0kAAAAA/+0AOFBob3Rvc2hvcCAzLjAAOEJJTQQEAAAAAAAAOEJJTQQlAAAAAAAQ1B2M2Y8AsgTpgAmY7PhCfv/iAkBJQ0NfUFJPRklMRQABAQAAAjBBREJFAhAAAG1udHJSR0IgWFlaIAfQAAgACwATADMAO2Fjc3BBUFBMAAAAAG5vbmUAAAAAAAAAAAAAAAAAAAAAAAD21gABAAAAANMtQURCRQAAAAAAAAAAAAAAAAAAAAAAAAAAAAAAAAAAAAAAAAAAAAAAAAAAAAAAAAAAAAAACmNwcnQAAAD8AAAAMmRlc2MAAAEwAAAAa3d0cHQAAAGcAAAAFGJrcHQAAAGwAAAAFHJUUkMAAAHEAAAADmdUUkMAAAHUAAAADmJUUkMAAAHkAAAADnJYWVoAAAH0AAAAFGdYWVoAAAIIAAAAFGJYWVoAAAIcAAAAFHRleHQAAAAAQ29weXJpZ2h0IDIwMDAgQWRvYmUgU3lzdGVtcyBJbmNvcnBvcmF0ZWQAAABkZXNjAAAAAAAAABFBZG9iZSBSR0IgKDE5OTgpAAAAAAAAAAAAAAAAAAAAAAAAAAAAAAAAAAAAAAAAAAAAAAAAAAAAAAAAAAAAAAAAAAAAAAAAAAAAAAAAAAAAAAAAAAAAAAAAAAAAAAAAAABYWVogAAAAAAAA81EAAQAAAAEWzFhZWiAAAAAAAAAAAAAAAAAAAAAAY3VydgAAAAAAAAABAjMAAGN1cnYAAAAAAAAAAQIzAABjdXJ2AAAAAAAAAAECMwAAWFlaIAAAAAAAAJwYAABPpQAABPxYWVogAAAAAAAANI0AAKAsAAAPlVhZWiAAAAAAAAAmMQAAEC8AAL6c/8AAEQgDSQNNAwERAAIRAQMRAf/EAB8AAAEFAQEBAQEBAAAAAAAAAAABAgMEBQYHCAkKC//EALUQAAIBAwMCBAMFBQQEAAABfQECAwAEEQUSITFBBhNRYQcicRQygZGhCCNCscEVUtHwJDNicoIJChYXGBkaJSYnKCkqNDU2Nzg5OkNERUZHSElKU1RVVldYWVpjZGVmZ2hpanN0dXZ3eHl6g4SFhoeIiYqSk5SVlpeYmZqio6Slpqeoqaqys7S1tre4ubrCw8TFxsfIycrS09TV1tfY2drh4uPk5ebn6Onq8fLz9PX29/j5+v/EAB8BAAMBAQEBAQEBAQEAAAAAAAABAgMEBQYHCAkKC//EALURAAIBAgQEAwQHBQQEAAECdwABAgMRBAUhMQYSQVEHYXETIjKBCBRCkaGxwQkjM1LwFWJy0QoWJDThJfEXGBkaJicoKSo1Njc4OTpDREVGR0hJSlNUVVZXWFlaY2RlZmdoaWpzdHV2d3h5eoKDhIWGh4iJipKTlJWWl5iZmqKjpKWmp6ipqrKztLW2t7i5usLDxMXGx8jJytLT1NXW19jZ2uLj5OXm5+jp6vLz9PX29/j5+v/bAEMAAQEBAQEBAQEBAQEBAQEBAQEBAQEBAQEBAQEBAQEBAQEBAQEBAQEBAQEBAQEBAQEBAQEBAQEBAQEBAQEBAQEBAf/bAEMBAQEBAQEBAQEBAQEBAQEBAQEBAQEBAQEBAQEBAQEBAQEBAQEBAQEBAQEBAQEBAQEBAQEBAQEBAQEBAQEBAQEBAf/dAAQAav/aAAwDAQACEQMRAD8A/v4oAKACgAoAKACgAoAKACgAoAKACgAoAKACgAoAKACgAoAKACgAoAKACgAoAKACgAoAKACgAoAKACgAoAKACgAoAKACgAoAKACgAoAKACgAoAKACgAoAKACgAoAKACgAoAKACgAoAKACgAoAKACgAoAKACgAoAKACgAoAKACgAoAKACgAoAKACgAoAKACgAoAKACgAoAKACgAoAKACgAoAKACgAoAKACgAoAKACgAoAKACgAoAKACgAoA//0P7+KACgAoAKACgAoAKACgAoAKACgAoAKACgAoAKACgAoAKACgAoAKACgAoAKACgAoAKACgAoAKACgAoAKACgAoAKACgAoAKACgAoAKACgAoAKACgAoAKACgAoAKACgAoAKACgAoAKACgAoAKACgAoAKACgAoAKACgAoAKACgAoAKACgAoAKACgAoAKACgAoAKACgAoAKACgAoAKACgAoAKACgAoAKACgAoAKACgAoAKACgAoAKACgAoAKAP/9H+/igAoAKACgAoAKACgAoAKACgAoAKACgAoAKACgAoAKACgAoAKACgAoAKACgAoAKACgAoAKACgAoAKACgAoAKACgAoAKACgAoAKACgAoAKACgAoAKACgAoAKACgAoAKACgAoAKACgAoAKACgAoAKACgAoAKACgAoAKACgAoAKACgAoAKACgAoAKACgAoAKACgAoAKACgAoAKACgAoAKACgAoAKACgAoAKACgAoAKACgAoAKACgAoAKACgD//S/v4oAKACgAoAKACgAoAKACgAoAKACgAoAKACgAoAKACgAoAKACgAoAKACgAoAKACgAoAKACgAoAKACgAoAKACgAoAKACgAoAKACgAoAKACgAoAKACgAoAKACgAoAKACgAoAKACgAoAKACgAoAKACgAoAKACgAoAKACgAoAKACgAoAKACgAoAKACgAoAKACgAoAKACgAoAKACgAoAKACgAoAKACgAoAKACgAoAKACgAoAKACgAoAKACgAoA//0/7+KACgAoAKACgAoAKACgAoAKACgAoA+Wv2yv2yPgV+wV8AvE/7S/7R+u6z4b+E3g/U/DGk69q+g+HNW8V6la3Pi3X7Hw5pTR6JokFzqVzCNQ1GBrp7eCV4bdZZBHI6ojAH4t/8RZP/AARQ/wCi+/Ev/wAR8+MX/wAylAB/xFk/8EUP+i+/Ev8A8R8+MX/zKUAH/EWT/wAEUP8AovvxL/8AEfPjF/8AMpQAf8RZP/BFD/ovvxL/APEfPjF/8ylAB/xFk/8ABFD/AKL78S//ABHz4xf/ADKUAH/EWT/wRQ/6L78S/wDxHz4xf/MpQAf8RZP/AARQ/wCi+/Ev/wAR8+MX/wAylAB/xFk/8EUP+i+/Ev8A8R8+MX/zKUAH/EWT/wAEUP8AovvxL/8AEfPjF/8AMpQAf8RZP/BFD/ovvxL/APEfPjF/8ylAB/xFk/8ABFD/AKL78S//ABHz4xf/ADKUAH/EWT/wRQ/6L78S/wDxHz4xf/MpQAf8RZP/AARQ/wCi+/Ev/wAR8+MX/wAylAB/xFk/8EUP+i+/Ev8A8R8+MX/zKUAH/EWT/wAEUP8AovvxL/8AEfPjF/8AMpQAf8RZP/BFD/ovvxL/APEfPjF/8ylAB/xFk/8ABFD/AKL78S//ABHz4xf/ADKUAH/EWT/wRQ/6L78S/wDxHz4xf/MpQAf8RZP/AARQ/wCi+/Ev/wAR8+MX/wAylAB/xFk/8EUP+i+/Ev8A8R8+MX/zKUAH/EWT/wAEUP8AovvxL/8AEfPjF/8AMpQAf8RZP/BFD/ovvxL/APEfPjF/8ylAB/xFk/8ABFD/AKL78S//ABHz4xf/ADKUAH/EWT/wRQ/6L78S/wDxHz4xf/MpQAf8RZP/AARQ/wCi+/Ev/wAR8+MX/wAylAB/xFk/8EUP+i+/Ev8A8R8+MX/zKUAH/EWT/wAEUP8AovvxL/8AEfPjF/8AMpQAf8RZP/BFD/ovvxL/APEfPjF/8ylAB/xFk/8ABFD/AKL78S//ABHz4xf/ADKUAH/EWT/wRQ/6L78S/wDxHz4xf/MpQAf8RZP/AARQ/wCi+/Ev/wAR8+MX/wAylAB/xFk/8EUP+i+/Ev8A8R8+MX/zKUAH/EWT/wAEUP8AovvxL/8AEfPjF/8AMpQAf8RZP/BFD/ovvxL/APEfPjF/8ylAB/xFk/8ABFD/AKL78S//ABHz4xf/ADKUAH/EWT/wRQ/6L78S/wDxHz4xf/MpQAf8RZP/AARQ/wCi+/Ev/wAR8+MX/wAylAEcv/B2Z/wRTjQunx3+KFwwIxFF+z78XA7ZOCQbjw1bxfKOTmUHHQMeKACL/g7M/wCCKUkau/x4+J8DNnMUv7PvxdMiYJA3GDwzPFyBuGyV+CM7WyqgEn/EWT/wRQ/6L78S/wDxHz4xf/MpQAf8RZP/AARQ/wCi+/Ev/wAR8+MX/wAylAB/xFk/8EUP+i+/Ev8A8R8+MX/zKUAH/EWT/wAEUP8AovvxL/8AEfPjF/8AMpQAf8RZP/BFD/ovvxL/APEfPjF/8ylAB/xFk/8ABFD/AKL78S//ABHz4xf/ADKUAH/EWT/wRQ/6L78S/wDxHz4xf/MpQAf8RZP/AARQ/wCi+/Ev/wAR8+MX/wAylAB/xFk/8EUP+i+/Ev8A8R8+MX/zKUAH/EWT/wAEUP8AovvxL/8AEfPjF/8AMpQAf8RZP/BFD/ovvxL/APEfPjF/8ylAB/xFk/8ABFD/AKL78S//ABHz4xf/ADKUAH/EWT/wRQ/6L78S/wDxHz4xf/MpQAf8RZP/AARQ/wCi+/Ev/wAR8+MX/wAylAB/xFk/8EUP+i+/Ev8A8R8+MX/zKUAH/EWT/wAEUP8AovvxL/8AEfPjF/8AMpQAf8RZP/BFD/ovvxL/APEfPjF/8ylAB/xFk/8ABFD/AKL78S//ABHz4xf/ADKUAH/EWT/wRQ/6L78S/wDxHz4xf/MpQAf8RZP/AARQ/wCi+/Ev/wAR8+MX/wAylAB/xFk/8EUP+i+/Ev8A8R8+MX/zKUAH/EWT/wAEUP8AovvxL/8AEfPjF/8AMpQB96fsG/8ABar/AIJy/wDBSXxv4l+GP7Knx3/4Sf4l+FtG/wCElvPAHi/wd4w+HPijU/DiSrBd654YsfGmi6RH4qsdKneKLW18P3F/eaGtxaXGr2lnZ31lc3AB+qtABQAUAFABQAUAFABQAUAFABQAUAFABQAUAFABQAUAFABQAUAFABQAUAFABQAUAFABQAUAFAH/1P7+KACgAoAKACgAoAKACgAoAKACgAoA/nM/4Osv+UKn7Rn/AGOvwM/9Wz4XoA6T/gi3+wb+w38Q/wDglL+wV438f/sY/soeOfGnif8AZx8Cav4l8X+MP2dvhB4m8UeIdVurWVrnU9c1/WvB97q2rahcMAZ72/u7i5lIzJK38IB+nn/Dtr/gnZ/0YP8AsWf+ItfAz/5haAD/AIdtf8E7P+jB/wBiz/xFr4Gf/MLQAf8ADtr/AIJ2f9GD/sWf+ItfAz/5haAD/h21/wAE7P8Aowf9iz/xFr4Gf/MLQAf8O2v+Cdn/AEYP+xZ/4i18DP8A5haAD/h21/wTs/6MH/Ys/wDEWvgZ/wDMLQAf8O2v+Cdn/Rg/7Fn/AIi18DP/AJhaAD/h21/wTs/6MH/Ys/8AEWvgZ/8AMLQAf8O2v+Cdn/Rg/wCxZ/4i18DP/mFoAP8Ah21/wTs/6MH/AGLP/EWvgZ/8wtAB/wAO2v8AgnZ/0YP+xZ/4i18DP/mFoAP+HbX/AATs/wCjB/2LP/EWvgZ/8wtAB/w7a/4J2f8ARg/7Fn/iLXwM/wDmFoAP+HbX/BOz/owf9iz/AMRa+Bn/AMwtAB/w7a/4J2f9GD/sWf8AiLXwM/8AmFoAP+HbX/BOz/owf9iz/wARa+Bn/wAwtAB/w7a/4J2f9GD/ALFn/iLXwM/+YWgA/wCHbX/BOz/owf8AYs/8Ra+Bn/zC0AH/AA7a/wCCdn/Rg/7Fn/iLXwM/+YWgA/4dtf8ABOz/AKMH/Ys/8Ra+Bn/zC0AH/Dtr/gnZ/wBGD/sWf+ItfAz/AOYWgA/4dtf8E7P+jB/2LP8AxFr4Gf8AzC0AH/Dtr/gnZ/0YP+xZ/wCItfAz/wCYWgA/4dtf8E7P+jB/2LP/ABFr4Gf/ADC0AH/Dtr/gnZ/0YP8AsWf+ItfAz/5haAD/AIdtf8E7P+jB/wBiz/xFr4Gf/MLQAf8ADtr/AIJ2f9GD/sWf+ItfAz/5haAD/h21/wAE7P8Aowf9iz/xFr4Gf/MLQAf8O2v+Cdn/AEYP+xZ/4i18DP8A5haAD/h21/wTs/6MH/Ys/wDEWvgZ/wDMLQAf8O2v+Cdn/Rg/7Fn/AIi18DP/AJhaAD/h21/wTs/6MH/Ys/8AEWvgZ/8AMLQAf8O2v+Cdn/Rg/wCxZ/4i18DP/mFoAP8Ah21/wTs/6MH/AGLP/EWvgZ/8wtAB/wAO2v8AgnZ/0YP+xZ/4i18DP/mFoAP+HbX/AATs/wCjB/2LP/EWvgZ/8wtAH8/H/Bz3+xb+x18Gf+CPXx48ffB/9k39mj4U+O9M8ffAe103xr8NvgR8LfA3i3T7bU/i94TsNSt7HxH4X8K6XrFpBqFjPPZX0MF5HHd2k0ttcLJDI6MAeq/8G6H7EH7FvxZ/4Iy/sV/EL4qfshfsvfEzx94i0j40yeIPHHxA+APwo8ZeL9dk079pH4xaRp76x4l8R+E9S1rU3sdJ0+w0uza9vZzbadZWllB5dtbQxIAftl/w7a/4J2f9GD/sWf8AiLXwM/8AmFoAP+HbX/BOz/owf9iz/wARa+Bn/wAwtAB/w7a/4J2f9GD/ALFn/iLXwM/+YWgA/wCHbX/BOz/owf8AYs/8Ra+Bn/zC0AH/AA7a/wCCdn/Rg/7Fn/iLXwM/+YWgA/4dtf8ABOz/AKMH/Ys/8Ra+Bn/zC0AH/Dtr/gnZ/wBGD/sWf+ItfAz/AOYWgA/4dtf8E7P+jB/2LP8AxFr4Gf8AzC0AH/Dtr/gnZ/0YP+xZ/wCItfAz/wCYWgA/4dtf8E7P+jB/2LP/ABFr4Gf/ADC0AH/Dtr/gnZ/0YP8AsWf+ItfAz/5haAD/AIdtf8E7P+jB/wBiz/xFr4Gf/MLQAf8ADtr/AIJ2f9GD/sWf+ItfAz/5haAD/h21/wAE7P8Aowf9iz/xFr4Gf/MLQAf8O2v+Cdn/AEYP+xZ/4i18DP8A5haAD/h21/wTs/6MH/Ys/wDEWvgZ/wDMLQAf8O2v+Cdn/Rg/7Fn/AIi18DP/AJhaAD/h21/wTs/6MH/Ys/8AEWvgZ/8AMLQAf8O2v+Cdn/Rg/wCxZ/4i18DP/mFoAP8Ah21/wTs/6MH/AGLP/EWvgZ/8wtAB/wAO2v8AgnZ/0YP+xZ/4i18DP/mFoA8z+Mn/AASF/wCCZfxw+F3jj4TeKf2Hf2YfD+hePNAvNBvfEHw4+B/ww+HPj3QTchWtdb8H+OPCPhTTPEPhrxBpN3HBf6ZqWn3a7Lm3SK8gvbCW6spwD/L8/wCCmP8AwTO/bI/4IG/tkeCvHngPxr4vtvBVt4vk8Y/snftY+DopNJk1CTSZHuR4a8Sm3SXTtD+I+h6dM2n+MfB2oLPonivRLi6vLK21Twrqt7ZW4B/f9/wQa/4Ly/DD/gq98MIvhr8SpfD/AMN/24Phv4fiuPiN8OLeVbHRfihotgsNtcfFn4TW9zK8txo9xK8TeLvCKzXOp+BdTukSRrzw9e6Rq90Af0SUAFABQAUAFABQAUAFABQAUAFABQAUAFABQAUAFABQAUAFABQAUAFABQAUAFABQAUAFABQB//V/v4oAKACgAoAKACgAoAKACgAoAKACgD+cz/g6y/5QqftGf8AY6/Az/1bPhegD7T/AOCFf/KH3/gnd/2bD8Pf/SSWgD9YKACgAoAKACgAoAKACgAoAKACgAoAKACgAoAKACgAoAKACgAoAKACgAoAKACgAoAKACgAoAKACgAoAKACgAoA/m8/4OxP+UJv7Q3/AGUX9nn/ANXT4OoA9f8A+DZD/lBt+wl/2Bfjr/61D8bqAP3koAKACgAoAKACgAoAKACgAoAKACgAoAKACgAoAKACgAoAKACgAoA+b/2tP2S/gL+2/wDAbx1+zd+0j4F0/wAf/C3x9p5ttQ0+5CwaroeqwK7aP4u8I6ysb3fhvxh4bu3F/oOvWG25s7hWilW4sLm9tJwD/Ju/4KY/8Ezv2yP+CBv7ZHgrx54D8a+MLbwVbeMJfGP7J37WPg6N9Kl1CXSZGuR4a8Stbxy6dofxH0PTpmsPGPg6/WfRPFmhz3V7Z2uqeFtVvbK1AP7/AH/gg1/wXl+GH/BV74YRfDX4lS+H/hv+3B8N/D8Vx8RvhxbyrY6L8UNFsFhtrj4s/Ca3uZXluNHuJXibxd4RWa51PwLqd0iSNeeHr3SNXugD+iSgAoAKACgAoAKACgAoAKACgAoAKACgAoAKACgAoAKACgAoAKACgAoAKACgAoAKACgAoA//1v7+KACgAoAKACgAoAKACgAoAKACgAoA/nM/4Osv+UKn7Rn/AGOvwM/9Wz4XoA+0/wDghX/yh9/4J3f9mw/D3/0kloA/WCgAoAKACgAoAKACgAoAKACgAoAKACgAoAKACgAoAKACgAoAKACgAoAKACgAoAKACgAoAKACgAoAKACgAoAKAP5vP+DsT/lCb+0N/wBlF/Z5/wDV0+DqAPX/APg2Q/5QbfsJf9gX46/+tQ/G6gD95KACgAoAKACgAoAKACgAoAKACgAoAKACgAoAKACgAoAKACgAoAKACgD5v/az/ZM+A37b3wG8dfs3ftI+BdP8f/C3x/p5ttQ0+5xBquh6rArto/i3wlrKxyXfhvxh4bu3F/oOvWBW4s7lWilE9jc3tncAH+Td/wAFMf8Agmd+2R/wQN/bI8FePPAfjXxhbeCrbxhL4x/ZO/ax8HRvpUuoS6TI1yPDXiVreOXTtD+I+h6dM1h4x8HX6z6J4s0Oe6vbO11Twtqt7ZWoB/f7/wAEGv8AgvL8MP8Agq98MIvhr8SpfD/w3/bg+G/h+K4+I3w4t5VsdF+KGi2Cw21x8WfhNb3Mry3Gj3ErxN4u8IrNc6n4F1O6RJGvPD17pGr3QB/RJQAUAFABQAUAFABQAUAFABQAUAFABQAUAFABQAUAFABQAUAFABQAUAFABQAUAFABQB//1/7+KACgAoAKACgAoAKACgAoAKACgAoA/nM/4Osv+UKn7Rn/AGOvwM/9Wz4XoA+0/wDghX/yh9/4J3f9mw/D3/0kloA/WCgAoAKACgAoAKACgAoAKACgAoAKACgAoAKACgAoAKACgAoAKACgAoAKACgAoAKACgAoAKACgAoAKACgAoAKAP5vP+DsT/lCb+0N/wBlF/Z5/wDV0+DqAPX/APg2Q/5QbfsJf9gX46/+tQ/G6gD95KACgAoAKACgAoAKACgAoAKACgAoAKACgAoAKACgAoAKACgAoAKACgAoA+b/ANrP9kz4DftvfAbx1+zd+0j4F0/x/wDC3x/p5ttQ0+5xBquh6rArto/i3wlrKxyXfhvxh4bu3F/oOvWBW4s7lWilE9jc3tncAH+Td/wUx/4Jnftkf8EDf2yPBXjzwH418YW3gq28YS+Mf2Tv2sfB0b6VLqEukyNcjw14la3jl07Q/iPoenTNYeMfB1+s+ieLNDnur2ztdU8Lare2VqAf3+/8EGv+C8vww/4KvfDCL4a/EqXw/wDDf9uD4b+H4rj4jfDi3lWx0X4oaLYLDbXHxZ+E1vcyvLcaPcSvE3i7wis1zqfgXU7pEka88PXukavdAH9ElABQAUAFABQAUAFABQAUAFABQAUAFABQAUAFABQAUAFABQAUAFABQAUAFABQAUAf/9D+/igAoAKACgD/ADRPAn/BbX/g5J/ax/4KXeNf2ZP2bryx8K+OIPij400N/wBlrxD8CfhFH4B+DfhXwlq99BqFv8UfG/irwK3xA0bR/DFlbxrr/i/VvHdrqes6pLBYeH/Nu9Y0Hw9OAf05eG/+Cw/7dH7Fsljo/wDwWh/4J7eJfhB8P1kgtr39uL9jh9R+PP7MumRuEjbWvib4M0O98W/Eb4R6KkiSh7/Ur/XdVv7qVI7DwfBZqt0wB++nwW+OXwc/aN+HWgfFz4C/E7wP8X/hn4og8/Q/G/w+8R6Z4n8P3pVUNxaG+0u4uEtdUsGkEGqaRei21XSbsSWWp2VpeRSQKAeq0AFABQAUAFAH85n/AAdZf8oVP2jP+x1+Bn/q2fC9AH2n/wAEK/8AlD7/AME7v+zYfh7/AOkktAH6wUAFABQAUAFABQAUAFABQAUAFABQAUAFABQAUAFABQAUAFABQAUAFABQAUAFABQAUAFABQAUAFABQAUAFABQB/N5/wAHYn/KE39ob/sov7PP/q6fB1AHr/8AwbIf8oNv2Ev+wL8df/WofjdQB+8lABQAUAFABQAUAFABQAUAFABQAUAFABQAUAFABQAUAFABQAUAFABQAUAFAHzf+1n+yZ8Bv23vgN46/Zu/aR8C6f4/+Fvj/Tzbahp9ziDVdD1WBXbR/FvhLWVjku/DfjDw3duL/QdesCtxZ3KtFKJ7G5vbO4AP8m7/AIKY/wDBM79sj/ggb+2R4K8eeA/GvjC28FW3jCXxj+yd+1j4OjfSpdQl0mRrkeGvErW8cunaH8R9D06ZrDxj4Ov1n0TxZoc91e2drqnhbVb2ytQD+/3/AIINf8F5fhh/wVe+GEXw1+JUvh/4b/twfDfw/FcfEb4cW8q2Oi/FDRbBYba4+LPwmt7mV5bjR7iV4m8XeEVmudT8C6ndIkjXnh690jV7oA/okoAKACgAoAKACgAoAKACgAoAKACgAoAKACgAoAKACgAoAKACgAoAKACgAoAKAP/R/v4oAKACgAoA/kq/ae/4O+v+CXnwF8Q+LdH+Cfw7+Of7Sfj2C8k0vVNZ8M+ALD4SeDtRv9AefT0s9c8VfE+40H4gA2EoltbRh8MdWjgi8/yzCmxLgA/Cf9oH/g9b/bL8brqWl/s+/slfs5/B/QdQiuLRpPijq3jj47eIo7SdHiPlXOnX3wh8LtLJGxWaLUvB+r2To0kL20gIdgD8A/gB/wAFUP8AgoP8Jv2sPEX7SH7JXiSH4TfE34iavbat4z+Ef7O/wq0Lwx8EfH5tnAls/EX7PHg7RR4A1qK6WWZZdQbw62v2t1e3WraZrFjrs7anQB/o4f8ABJD/AIOEfhh+3XrHhz9mr9rH4d6n+xj+3Zd6fA2n/C3x5puv+FvA3xsYQhpNT+DGo+M4bTVoNXu9j3n/AArLxJJceIorVwfDOueO7ex1i+00A/o5oAKACgAoA/nM/wCDrL/lCp+0Z/2OvwM/9Wz4XoA+0/8AghX/AMoff+Cd3/ZsPw9/9JJaAP1goAKACgAoAKACgAoAKACgAoAKACgAoAKACgAoAKACgAoAKACgAoAKACgAoAKACgAoAKACgAoAKACgAoAKACgD+bz/AIOxP+UJv7Q3/ZRf2ef/AFdPg6gD1/8A4NkP+UG37CX/AGBfjr/61D8bqAP3koAKACgAoAKACgAoAKACgAoAKACgAoAKACgAoAKACgAoAKACgAoAKACgAoAKAPnD9rP9kz4C/tvfAbx1+zd+0j4E0/x/8LfH+nm21DT7nEGq6JqsAdtH8W+EtZSOS78N+MPDl24v9B16wK3NncK0Ugnsbm9s7gA/ybf+CmX/AATO/bI/4IG/tkeCvHvgLxr4wtvBNt4wk8Y/snftY+Do30qW/l0l3uR4Z8TG3ik07Q/iPoenStYeMPB9+J9D8WaHPdXtla6p4W1W9srcA/v9/wCCDX/BeX4Yf8FXvhhF8NfiVL4f+G/7cHw38PxXHxG+HFvKtjovxQ0WwWG2uPiz8Jre5leW40e4leJvF3hFZrnU/Aup3SJI154evdI1e6AP6JKACgAoAKACgAoAKACgAoAKACgAoAKACgAoAKACgAoAKACgAoAKACgAoAKAP//S/v4oAKACgAoA/g5/Z5/4NI/CX7RP7Vf7c3xp/bZ8XfFr4T/CWX9tT48w/s8/Cn4XS+DNE1n4jfBq78Y3Xivwb8S9V8aarp/jaLS/C/iHT/EkGgWPhuw8PaX4hil8O6xczarpyXGnGgD+hz4Cf8G7n/BG39nmOxk8M/sOfC/x7q9n5bza58dp/EXx2uNRuY8Yu7rRviprHinwhbyMVBMGk+GdLsAw3JZqzM9AH63fD/4WfDH4TaLH4b+Ffw58B/DPw7EsaxaD8P8Awh4f8GaLGsQ2xLHpfhzTtNsUWNSVjCwgIDheCaAPzx/4LF/s/wD7H/xq/YK+P/iP9sTT9O0jwj8E/hp4x+K3hD4x2NvDbfE74I+OPC+kvqvhjxt8I/EsBt9d0nxr/wAJFYaLZado2kX9vH42upbXwlqdrqVlqj2UoB+eP/BsX/wVh8ef8FLf2OPFngr49avJ4j/aU/ZM1fwn4G8feM5ypv8A4leAvF2m6vP8LviFrz5Uy+ML5fCni3w14uuFjb+1dR8Lw+KLmc33iW6t7cA/pYoAKACgD+cz/g6y/wCUKn7Rn/Y6/Az/ANWz4XoA+0/+CFf/ACh9/wCCd3/ZsPw9/wDSSWgD9YKACgAoAKACgAoAKACgAoAKACgAoAKACgAoAKACgAoAKACgAoAKACgAoAKACgAoAKACgAoAKACgAoAKACgAoA/m8/4OxP8AlCb+0N/2UX9nn/1dPg6gD1//AINkP+UG37CX/YF+Ov8A61D8bqAP3koAKACgAoAKACgAoAKACgAoAKACgAoAKACgAoAKACgAoAKACgAoAKACgAoAKACgD5w/az/ZM+A37b3wG8dfs3ftI+BdP8f/AAt8f6ebbUdOuQINV0TVYA7aP4t8Jawsb3fhzxh4cu2F/oOvWBW5srlWjkW5sbm9s7gA/wAm3/gpl/wTO/bI/wCCBv7ZHgrx74C8a+MLbwTbeMJPGP7J37WPg6N9Klv5dJd7keGfExt4pNO0P4j6Hp0rWHjDwffifQ/Fmhz3V7ZWuqeFtVvbK3AP7/f+CDX/AAXl+GH/AAVe+GEXw1+JUvh/4b/twfDfw/FcfEb4cW8q2Oi/FDRbBYba4+LPwmt7mV5bjR7iV4m8XeEVmudT8C6ndIkjXnh690jV7oA/okoAKACgAoAKACgAoAKACgAoAKACgAoAKACgAoAKACgAoAKACgAoAKACgD//0/7+KACgAoAKACgAoAKAPjT/AIKE/saeFP8AgoP+xn8e/wBjrxp4n1PwVonxu8J2WjR+MdIs/wC0r3wr4h8PeJdC8beDvEQ0k32lrrdpo3i/wxoWoajoT6npseuadb3WkSX9kl41wgB+c3/BDX/gh14R/wCCNPgn43Rt8a7349/Fb4/ap4Mbxh4vXwavgDw1o3hj4dp4n/4RLw34c8Mv4j8W3v2j7X4y8Qahr+uXuuE6pJLpdpb6Xp0WkGa/AP3koAKACgD+cz/g6y/5QqftGf8AY6/Az/1bPhegD7T/AOCFf/KH3/gnd/2bD8Pf/SSWgD9YKACgAoAKACgAoAKACgAoAKACgAoAKACgAoAKACgAoAKACgAoAKACgAoAKACgAoAKACgAoAKACgAoAKACgAoA/m8/4OxP+UJv7Q3/AGUX9nn/ANXT4OoA9f8A+DZD/lBt+wl/2Bfjr/61D8bqAP3koAKACgAoAKACgAoAKACgAoAKACgAoAKACgAoAKACgAoAKACgAoAKACgAoAKACgAoA+cP2s/2TPgN+298BvHX7N37SPgXT/H/AMLfH+nm21HTrkCDVdE1WAO2j+LfCWsLG934c8YeHLthf6Dr1gVubK5Vo5FubG5vbO4AP8m3/gpl/wAEzv2yP+CBv7ZHgrx74C8a+MLbwTbeMJPGP7J37WPg6N9Klv5dJd7keGfExt4pNO0P4j6Hp0rWHjDwffifQ/Fmhz3V7ZWuqeFtVvbK3AP7/f8Agg1/wXl+GH/BV74YRfDX4lS+H/hv+3B8N/D8Vx8RvhxbyrY6L8UNFsFhtrj4s/Ca3uZXluNHuJXibxd4RWa51PwLqd0iSNeeHr3SNXugD+iSgAoAKACgAoAKACgAoAKACgAoAKACgAoAKACgAoAKACgAoAKACgAoA//U/v4oAKACgAoAKACgAoAKACgAoAKACgD+cz/g6y/5QqftGf8AY6/Az/1bPhegD7T/AOCFf/KH3/gnd/2bD8Pf/SSWgD9YKACgAoAKACgAoAKACgAoAKACgAoAKACgAoAKACgAoAKACgAoAKACgAoAKACgAoAKACgAoAKACgAoAKACgAoA/m8/4OxP+UJv7Q3/AGUX9nn/ANXT4OoA9f8A+DZD/lBt+wl/2Bfjr/61D8bqAP3koAKACgAoAKACgAoAKACgAoAKACgAoAKACgAoAKACgAoAKACgAoAKACgAoAKACgAoAKAPnD9rP9kz4DftvfAbx1+zd+0j4F0/x/8AC3x/p5ttR065Ag1XRNVgDto/i3wlrCxvd+HPGHhy7YX+g69YFbmyuVaORbmxub2zuAD/ACbf+CmX/BM79sj/AIIG/tkeCvHvgLxr4wtvBNt4wk8Y/snftY+Do30qW/l0l3uR4Z8TG3ik07Q/iPoenStYeMPB9+J9D8WaHPdXtla6p4W1W9srcA/v9/4INf8ABeX4Yf8ABV74YRfDX4lS+H/hv+3B8N/D8Vx8RvhxbyrY6L8UNFsFhtrj4s/Ca3uZXluNHuJXibxd4RWa51PwLqd0iSNeeHr3SNXugD+iSgAoAKACgAoAKACgAoAKACgAoAKACgAoAKACgAoAKACgAoAKACgD/9X+/igAoAKACgAoAKACgAoAKACgAoAKAP5zP+DrL/lCp+0Z/wBjr8DP/Vs+F6APtP8A4IV/8off+Cd3/ZsPw9/9JJaAP1goAKACgAoAKACgAoAKACgAoAKACgAoAKACgAoAKACgAoAKACgAoAKACgAoAKACgAoAKACgAoAKACgAoAKACgD+bz/g7E/5Qm/tDf8AZRf2ef8A1dPg6gD1/wD4NkP+UG37CX/YF+Ov/rUPxuoA/eSgAoAKACgAoAKACgAoAKACgAoAKACgAoAKACgAoAKACgAoAKACgAoAKACgAoAKACgAoAKAPnD9rP8AZM+A37b3wG8dfs3ftI+BdP8AH/wt8f6ebbUdOuQINV0TVYA7aP4t8Jawsb3fhzxh4cu2F/oOvWBW5srlWjkW5sbm9s7gA/ybv+CmX/BM39sj/ggb+2R4K8e+AvGvjC28E23jCTxh+yd+1j4PjfSZb+XSXe5HhnxM1skunaH8SND06VrDxh4Pv0n0Pxboc91e2NtqnhbVb+wtQD+/z/gg1/wXl+GH/BV74YRfDX4lS+H/AIb/ALcHw38PxXHxG+HFvKtjovxQ0WwWG2uPiz8Jre5leW40e4leJvF3hFZrnU/Aup3SJI154evdI1e6AP6JKACgAoAKACgAoAKACgAoAKACgAoAKACgAoAKACgAoAKACgAoA//W/v4oAKACgAoAKACgAoAKACgAoAKACgD+cz/g6y/5QqftGf8AY6/Az/1bPhegD7T/AOCFf/KH3/gnd/2bD8Pf/SSWgD9YKACgAoAKACgAoAKACgAoAKACgAoAKACgAoAKACgAoAKACgAoAKACgAoAKACgAoAKACgAoAKACgAoAKACgAoA/m8/4OxP+UJv7Q3/AGUX9nn/ANXT4OoA9f8A+DZD/lBt+wl/2Bfjr/61D8bqAP3koAKACgAoAKACgAoAKACgAoAKACgAoAKACgAoAKACgAoAKACgAoAKACgAoAKACgAoAKACgAoA+cP2s/2TPgN+278BvHf7N37SPgTT/H/wt8f6ebbUdOuQINU0TVIA7aP4t8JawiNd+HPGHhu7cahoOvaeVubK5UxyLcWU95aXAB/k3f8ABTL/AIJm/tkf8EDf2yPBXj3wF418YW3gm28YSeMP2Tv2sfB8b6TLfy6S73I8M+Jmtkl07Q/iRoenStYeMPB9+k+h+LdDnur2xttU8Larf2FqAf3+f8EGv+C8vww/4KvfDCL4a/EqXw/8N/24Phv4fiuPiN8OLeVbHRfihotgsNtcfFn4TW9zK8txo9xK8TeLvCKzXOp+BdTukSRrzw9e6Rq90Af0SUAFABQAUAFABQAUAFABQAUAFABQAUAFABQAUAFABQAUAFAH/9f+/igAoAKACgAoAKACgAoAKACgAoAKAP5zP+DrL/lCp+0Z/wBjr8DP/Vs+F6APtP8A4IV/8off+Cd3/ZsPw9/9JJaAP1goAKACgAoAKACgAoAKACgAoAKACgAoAKACgAoAKACgAoAKACgAoAKACgAoAKACgAoAKACgAoAKACgAoAKACgD+bz/g7E/5Qm/tDf8AZRf2ef8A1dPg6gD1/wD4NkP+UG37CX/YF+Ov/rUPxuoA/eSgAoAKACgAoAKACgAoAKACgAoAKACgAoAKACgAoAKACgAoAKACgAoAKACgAoAKACgAoAKACgAoA+cP2s/2TPgN+278BvHf7N37SPgTT/H/AMLfH+nm21HTrkCDVNE1SAO2j+LfCWsIjXfhzxh4bu3GoaDr2nlbmyuVMci3FlPeWlwAf5N3/BTL/gmb+2R/wQN/bI8FePfAXjXxhbeCbbxhJ4w/ZO/ax8HxvpMt/LpLvcjwz4ma2SXTtD+JGh6dK1h4w8H36T6H4t0Oe6vbG21Twtqt/YWoB/f5/wAEGv8AgvL8MP8Agq98MIvhr8SpfD/w3/bg+G/h+K4+I3w4t5VsdF+KGi2Cw21x8WfhNb3Mry3Gj3ErxN4u8IrNc6n4F1O6RJGvPD17pGr3QB/RJQAUAFABQAUAFABQAUAFABQAUAFABQAUAFABQAUAFABQB//Q/v4oAKACgAoACccngDkk9qAKOn6npurQNc6XqFjqVsk0tu1xp93BeQLPA2yaBpbeSSMTQuCksZbfG3yuqkYoAvUAFABQAUAFABQB/OZ/wdZf8oVP2jP+x1+Bn/q2fC9AH2n/AMEK/wDlD7/wTu/7Nh+Hv/pJLQB+sFABQAUAFABQAUAFABQAUAFABQAUAFABQAUAFABQAUAFABQAUAFABQAUAFABQAUAFABQAUAFABQAUAFABQAUAfzef8HYn/KE39ob/sov7PP/AKunwdQB6/8A8GyH/KDb9hL/ALAvx1/9ah+N1AH7yUAFABQAUAFABQAUAFABQAUAFABQAUAFABQAUAFABQAUAFABQAUAFABQAUAFABQAUAFABQAUAFABQB84ftZ/smfAb9t34DeO/wBm79pHwJp/j/4W+P8ATzbajp1yBBqmiapAHbR/FvhLWERrvw54w8N3bjUNB17TytzZXKmORbiynvLS4AP8m7/gpl/wTN/bI/4IG/tkeCvHvgLxr4wtvBNt4wk8YfsnftY+D430mW/l0l3uR4Z8TNbJLp2h/EjQ9Olaw8YeD79J9D8W6HPdXtjbap4W1W/sLUA/v8/4INf8F5fhh/wVe+GEXw1+JUvh/wCG/wC3B8N/D8Vx8RvhxbyrY6L8UNFsFhtrj4s/Ca3uZXluNHuJXibxd4RWa51PwLqd0iSNeeHr3SNXugD+iSgAoAKACgAoAKACgAoAKACgAoAKACgAoAKACgAoAKAP/9H+/igAoAKAMvXNc0fwzomseJPEWp2OieH/AA9peoa5rus6ncxWWm6Ro+k2k1/qep6heTskFpY2Flbz3d3czOkUFvFJLIyohNAH+bD8Vv8AgpZ8Yf8Ag4n/AOCxPwK/YI8L/Efx98L/APgm94l+LuvaLD8MvAms6r4M1P4y/Cf4W+HPFfxC8d+Ovihe2L2mpalrnxF8HeCdXj8N+HdXE2g/Diw1HSY7TRZ/FNtrmva4AfXv/Bw1+xp4Z/4Ikwfsj/8ABQX/AIJO3XiP9i7xBP8AExPgR8T/AA38L/E/iSTwJ47u4/Cmr+Ovh3e+LfCXiLVdb0TxOk2neB/GuleMdH8S22saL4ygk0291bTZNUtb2/1AA/qC/wCCK3/BUnwp/wAFYf2LPDPx3jsNK8LfGTwdqR+G37Qvw/0udms/DXxM0nT7O8fWtBt7mabUI/BPjvSru08UeFWu3umsBdan4Vl1TVtS8L6nesAfrnQAUAfw1/8AB3/8ef2ifF3i79j39hz9k/TPjT4n8d23h3x5+1Z8VvDvwJ0zxzrXi2Dwouo2vwj+GOsajY/D6C51mLw8mrXHxOs7y6vol00ajcaNFvFzLAGAP4s/+FJ/8Fbv+iR/8FGP/CC/aY/+VNAH9K//AAay/sY/tweL/wDgo1dfG/8Aao0L9qzwT8L/ANmz4VeKPFWiWPxvs/i74a8PeL/ij48hf4feE9Ji0zx5HYafr66R4e1jxx4tLRRXp0jWPD/h+5eKKae1uEAP6Vv+DrL/AJQqftGf9jr8DP8A1bPhegD7T/4IV/8AKH3/AIJ3f9mw/D3/ANJJaAP1goAKACgAoAKACgAoAKACgAoAKACgAoAKACgAoAKACgAoAKACgAoAKACgAoAKACgAoAKACgAoAKACgAoAKAP8n3/grB/wWc/4Km/Bj/gpb+3P8J/hZ+3F8d/A/wAOPh3+058W/CPgjwfoPiO2ttG8NeGtE8WahZaTo2l27WEjQ2VhaRRwW8bOxWNACx5NAH5I/tAf8FXv+Cjf7VPwx1j4L/tE/tgfGX4u/CvxBe6PqOteBvGOvW9/oOpXvh/U7bWdFubm2jsoGeXTdUtLa+tiJBsnhRiDjFAH+oZ/wbIf8oNv2Ev+wL8df/WofjdQB+8lABQAUAFABQAUAFABQAUAFABQAUAFABQAUAFABQAUAFABQAUAFABQAUAFABQAUAFABQAUAFABQAUAFAHzh+1n+yZ8Bv23fgN47/Zu/aR8Caf4/wDhb4/0822o6dcgQapomqQB20fxb4S1hEa78OeMPDd241DQde08rc2VypjkW4sp7y0uAD/Jv/4KZf8ABM39sj/ggb+2R4K8feAfGvjC38EW3jCTxh+yd+1j4OjfSZr6bSXe5HhnxMbZJdO0P4kaJp0r2Hi/wffrNofi3Qp7u9sbXVfC2q39jaAH9/f/AAQa/wCC8vww/wCCr3wwi+GvxKl8P/Df9uD4b+H4rj4jfDi3lWx0X4oaLYLDbXHxZ+E1vcyvLcaPcSvE3i7wis1zqfgXU7pEka88PXukavdAH9ElABQAUAFABQAUAFABQAUAFABQAUAFABQAUAFABQB//9L+/igAoAKAPwZ/4OX/ANoTWP2d/wDgjR+1tqnhnUrrSfFHxX0zwZ8A9Iu7VijnTvi34z0bw74+s3kX5o49R+Fh8dWG5cNvuY1BGdygH8D/APwakWsVx/wW7/ZilkVWex8F/tF3UBIBKSv8APiJZFlP8LGC7mTIwdrsvRiGAP66v+Dzy1iuP+CUHwxlkVWey/be+Ed1ASoJSV/hD+0FZFlJ5VjDdzJuHO1mXoxoA/AH/gy2/aF1nwL/AMFAvjz+zrNqEyeDvj9+znfeKDpalmiuPiJ8F/FmiX3hi9Zc7IxbeCvG3xPikkA3yPcWqHKqNoB/ptUAFAH+cT8df+DjbTf2HP8AguP/AMFK/jlYfs12H7T+n3cngb9jrwFdS/GCX4YT+APA37N95qOkfEOy8P6lH8N/iLba1p/xC+LlvqnixpDa2dtAun2TWxvUvGuIgD9fv2Tv+Dyj/gnp8Z9c0fwr+0d8K/jL+yVq+sX8NkPFV/8A2V8YvhLpQuJBDFNrfivwnFovjuxj8x4/NuE+FFzp1pCZbi+v7e3heRQD+sf4ffEPwF8WfBPhn4k/C7xn4X+Inw98aaTba74R8b+Ctd03xN4V8S6NeAm21PQ9e0e6vNM1OymwyrcWlzLHvR42IkR0UA/n6/4OtXWP/gil+0YznAPjj4EID/tSfF3wpGg/F3Ufj7UAfBv/AASp/wCDjj/gkX+zF/wTm/Y4/Z9+M/7R/iLwv8VfhH8DPB/grx54etvgV8dvEFvpHiPSbeSO+sotb8PfDrU9E1NImZQLvTNQu7STrHM/O0A/QH/iKu/4Iff9HW+Kf/Ecv2jv/nWUAH/EVd/wQ+/6Ot8U/wDiOX7R3/zrKAD/AIirv+CH3/R1vin/AMRy/aO/+dZQAf8AEVd/wQ+/6Ot8U/8AiOX7R3/zrKAD/iKu/wCCH3/R1vin/wARy/aO/wDnWUAH/EVd/wAEPv8Ao63xT/4jl+0d/wDOsoAP+Iq7/gh9/wBHW+Kf/Ecv2jv/AJ1lAB/xFXf8EPv+jrfFP/iOX7R3/wA6ygA/4irv+CH3/R1vin/xHL9o7/51lAB/xFXf8EPv+jrfFP8A4jl+0d/86ygA/wCIq7/gh9/0db4p/wDEcv2jv/nWUAH/ABFXf8EPv+jrfFP/AIjl+0d/86ygA/4irv8Agh9/0db4p/8AEcv2jv8A51lAB/xFXf8ABD7/AKOt8U/+I5ftHf8AzrKAD/iKu/4Iff8AR1vin/xHL9o7/wCdZQAf8RV3/BD7/o63xT/4jl+0d/8AOsoAP+Iq7/gh9/0db4p/8Ry/aO/+dZQAf8RV3/BD7/o63xT/AOI5ftHf/OsoAP8AiKu/4Iff9HW+Kf8AxHL9o7/51lAB/wARV3/BD7/o63xT/wCI5ftHf/OsoAP+Iq7/AIIff9HW+Kf/ABHL9o7/AOdZQAf8RV3/AAQ+/wCjrfFP/iOX7R3/AM6ygA/4irv+CH3/AEdb4p/8Ry/aO/8AnWUAH/EVd/wQ+/6Ot8U/+I5ftHf/ADrKAD/iKu/4Iff9HW+Kf/Ecv2jv/nWUAH/EVd/wQ+/6Ot8U/wDiOX7R3/zrKAD/AIirv+CH3/R1vin/AMRy/aO/+dZQAf8AEVd/wQ+/6Ot8U/8AiOX7R3/zrKAD/iKu/wCCH3/R1vin/wARy/aO/wDnWUAH/EVd/wAEPv8Ao63xT/4jl+0d/wDOsoAP+Iq7/gh9/wBHW+Kf/Ecv2jv/AJ1lAB/xFXf8EPv+jrfFP/iOX7R3/wA6ygA/4irv+CH3/R1vin/xHL9o7/51lAB/xFXf8EPv+jrfFP8A4jl+0d/86ygA/wCIq7/gh9/0db4p/wDEcv2jv/nWUAf5i/8AwU5+Nfw5/aQ/4KGftnfHz4Q63P4k+F3xf/aM+KPxA8A6/c6Tq2gz6x4V8TeKL/UtG1CbRtestO1rTJLqznilay1Sws723LeXcW8UgZFAPhagD/Rw/wCCHH/BwX/wSo/Yu/4JY/spfsy/tE/tCa/4K+Mvwv0z4q23jTwxZfBP42+K7bS5vE/x2+KHjbRVi8QeFPh/rPh/UPtXhvxLo98zafqV0tu9y1pcGO7guIYgD9Yf+Iq7/gh9/wBHW+Kf/Ecv2jv/AJ1lAB/xFXf8EPv+jrfFP/iOX7R3/wA6ygA/4irv+CH3/R1vin/xHL9o7/51lAB/xFXf8EPv+jrfFP8A4jl+0d/86ygA/wCIq7/gh9/0db4p/wDEcv2jv/nWUAH/ABFXf8EPv+jrfFP/AIjl+0d/86ygA/4irv8Agh9/0db4p/8AEcv2jv8A51lAB/xFXf8ABD7/AKOt8U/+I5ftHf8AzrKAD/iKu/4Iff8AR1vin/xHL9o7/wCdZQAf8RV3/BD7/o63xT/4jl+0d/8AOsoAP+Iq7/gh9/0db4p/8Ry/aO/+dZQAf8RV3/BD7/o63xT/AOI5ftHf/OsoAP8AiKu/4Iff9HW+Kf8AxHL9o7/51lAB/wARV3/BD7/o63xT/wCI5ftHf/OsoAP+Iq7/AIIff9HW+Kf/ABHL9o7/AOdZQAf8RV3/AAQ+/wCjrfFP/iOX7R3/AM6ygA/4irv+CH3/AEdb4p/8Ry/aO/8AnWUAH/EVd/wQ+/6Ot8U/+I5ftHf/ADrKAD/iKu/4Iff9HW+Kf/Ecv2jv/nWUAH/EVd/wQ+/6Ot8U/wDiOX7R3/zrKAD/AIirv+CH3/R1vin/AMRy/aO/+dZQAf8AEVd/wQ+/6Ot8U/8AiOX7R3/zrKAD/iKu/wCCH3/R1vin/wARy/aO/wDnWUAH/EVd/wAEPv8Ao63xT/4jl+0d/wDOsoAP+Iq7/gh9/wBHW+Kf/Ecv2jv/AJ1lAB/xFXf8EPv+jrfFP/iOX7R3/wA6ygA/4irv+CH3/R1vin/xHL9o7/51lAB/xFXf8EPv+jrfFP8A4jl+0d/86ygA/wCIq7/gh9/0db4p/wDEcv2jv/nWUAH/ABFXf8EPv+jrfFP/AIjl+0d/86ygA/4irv8Agh9/0db4p/8AEcv2jv8A51lAB/xFXf8ABD7/AKOt8U/+I5ftHf8AzrKAD/iKu/4Iff8AR1vin/xHL9o7/wCdZQAf8RV3/BD7/o63xT/4jl+0d/8AOsoAP+Iq7/gh9/0db4p/8Ry/aO/+dZQB84/tZf8ABfz/AINxf23fgN47/Zu/aR+OWs+P/hb4/wBPNrqOnXX7OP7RsGqaLqkAdtH8WeEtYX4Utd+G/GHhy7ZdQ0HX9PZLmyuUMcgnsri7tLgA/wA4j4i+I/Cv7G37YLeP/wDgn5+1drvxG8O/DDxla+MvgF+0P4e8KeN/hX43s7ZZJJtNs/E/hbxz4c8PXdr4l060eTRPF1jb2OreCfE9nNdQpJeaPq17o9qAf6hH/BBr/gvL8MP+Cr3wwi+GvxKl8P8Aw3/bg+G/h+K4+I3w4t5VsdF+KGi2Cw21x8WfhNb3Mry3Gj3ErxN4u8IrNc6n4F1O6RJGvPD17pGr3QB/RJQAUAFABQAUAFABQAUAFABQAUAFABQAUAFABQB//9P+/igAoAKAP5Zv+DwfS9T1D/gj5f3dgZBa6H+038ENU1rYpZTpk0HjTRYhKRwkf9s6xpJDHAMoiTq4DAH8bf8Awag/8ptv2bv+xC/aJ/8AVGeOqAP66v8Ag81/5RN/D3/s9X4Qf+qs+PFAH8pv/BorpN9qX/BZj4eXlp532fQPgV8edW1PylJT7DN4Vt9Cj+0EAhYf7S1rTtrMVH2jyFyWZVYA/wBYWgBkqs8UiJI0LujqkyKjPEzKQsirIrxs0ZIZVkR0JGHVlJFAH8Snxq/4Mo/2evHV34o8SfD39vD9oHQ/G3iPUNW1651r4seAfh98T4dQ1/VrubULy+1mPws/wmurh76+nmmvJ7e5ifzJnmSJtvlOAfzFf8FKf+Dab/goh/wTi8D698adS07wZ+0d+z94aWe88TfE74HXOuX+p+AtFiZVTWviT8PNe0fSvEvh7Sgpkm1DXfD/APwmXhPQLeIzeIfEmlpJAZQD9mP+DLX9uj4j2/xo+PP/AAT38V+INS1r4Vaz8L9T/aD+E2mapqU1zaeAPGnhPxZ4a8PePND8L2cpb7Fp/wAQ9K8dWvibVrOB1soNV8Dy6lb20V/r+sXF2Af0Lf8AB1qiv/wRT/aMVxkDxv8AAhwOR80fxc8KyIeMfddVb0OMHIJFAHxb/wAEoP8Ag3i/4I9ftLf8E3v2Mvj58bP2Qj40+LPxY+BPg7xn4/8AFf8Awv79qHw5/b/iTVbeSS/1L+wvCfxp0Lw1pfnuoP2PRdH06wi6Q2sQyGAP0I/4hcf+CFH/AEY2f/Emf2wv/n/0AH/ELj/wQo/6MbP/AIkz+2F/8/8AoAP+IXH/AIIUf9GNn/xJn9sL/wCf/QAf8QuP/BCj/oxs/wDiTP7YX/z/AOgA/wCIXH/ghR/0Y2f/ABJn9sL/AOf/AEAH/ELj/wAEKP8Aoxs/+JM/thf/AD/6AD/iFx/4IUf9GNn/AMSZ/bC/+f8A0AH/ABC4/wDBCj/oxs/+JM/thf8Az/6AD/iFx/4IUf8ARjZ/8SZ/bC/+f/QAf8QuP/BCj/oxs/8AiTP7YX/z/wCgA/4hcf8AghR/0Y2f/Emf2wv/AJ/9AB/xC4/8EKP+jGz/AOJM/thf/P8A6AD/AIhcf+CFH/RjZ/8AEmf2wv8A5/8AQAf8QuP/AAQo/wCjGz/4kz+2F/8AP/oAP+IXH/ghR/0Y2f8AxJn9sL/5/wDQAf8AELj/AMEKP+jGz/4kz+2F/wDP/oAP+IXH/ghR/wBGNn/xJn9sL/5/9AB/xC4/8EKP+jGz/wCJM/thf/P/AKAD/iFx/wCCFH/RjZ/8SZ/bC/8An/0AH/ELj/wQo/6MbP8A4kz+2F/8/wDoAP8AiFx/4IUf9GNn/wASZ/bC/wDn/wBAB/xC4/8ABCj/AKMbP/iTP7YX/wA/+gA/4hcf+CFH/RjZ/wDEmf2wv/n/ANAB/wAQuP8AwQo/6MbP/iTP7YX/AM/+gA/4hcf+CFH/AEY2f/Emf2wv/n/0AH/ELj/wQo/6MbP/AIkz+2F/8/8AoAP+IXH/AIIUf9GNn/xJn9sL/wCf/QAf8QuP/BCj/oxs/wDiTP7YX/z/AOgA/wCIXH/ghR/0Y2f/ABJn9sL/AOf/AEAH/ELj/wAEKP8Aoxs/+JM/thf/AD/6AD/iFx/4IUf9GNn/AMSZ/bC/+f8A0AH/ABC4/wDBCj/oxs/+JM/thf8Az/6AD/iFx/4IUf8ARjZ/8SZ/bC/+f/QAf8QuP/BCj/oxs/8AiTP7YX/z/wCgA/4hcf8AghR/0Y2f/Emf2wv/AJ/9AB/xC4/8EKP+jGz/AOJM/thf/P8A6APxN/4OE/8AghV/wSu/Yc/4JdfGT9ov9lz9lw/DD4yeFPGnwa0nQPGH/C7f2i/Gv2DT/FfxP8N+Hdft/wDhH/iH8W/Fnha6+36PqF3Z+beaJcT2vm/aLKS3uo450APR/wDghZ/wQM/4JMftkf8ABKn9k79pP9pD9lE/Eb40/EzTPixceN/Gf/C9P2lPCH9tTeGfjz8UvBeiP/wjvgT4w+GPCmm/YvDXhzRtN26Rodglz9j+2Xaz39zd3U4B+tf/ABC4/wDBCj/oxs/+JM/thf8Az/6AD/iFx/4IUf8ARjZ/8SZ/bC/+f/QAf8QuP/BCj/oxs/8AiTP7YX/z/wCgA/4hcf8AghR/0Y2f/Emf2wv/AJ/9AB/xC4/8EKP+jGz/AOJM/thf/P8A6AD/AIhcf+CFH/RjZ/8AEmf2wv8A5/8AQAf8QuP/AAQo/wCjGz/4kz+2F/8AP/oAP+IXH/ghR/0Y2f8AxJn9sL/5/wDQAf8AELj/AMEKP+jGz/4kz+2F/wDP/oAP+IXH/ghR/wBGNn/xJn9sL/5/9AB/xC4/8EKP+jGz/wCJM/thf/P/AKAD/iFx/wCCFH/RjZ/8SZ/bC/8An/0AH/ELj/wQo/6MbP8A4kz+2F/8/wDoAP8AiFx/4IUf9GNn/wASZ/bC/wDn/wBAB/xC4/8ABCj/AKMbP/iTP7YX/wA/+gA/4hcf+CFH/RjZ/wDEmf2wv/n/ANAB/wAQuP8AwQo/6MbP/iTP7YX/AM/+gA/4hcf+CFH/AEY2f/Emf2wv/n/0AH/ELj/wQo/6MbP/AIkz+2F/8/8AoAP+IXH/AIIUf9GNn/xJn9sL/wCf/QAf8QuP/BCj/oxs/wDiTP7YX/z/AOgA/wCIXH/ghR/0Y2f/ABJn9sL/AOf/AEAH/ELj/wAEKP8Aoxs/+JM/thf/AD/6AD/iFx/4IUf9GNn/AMSZ/bC/+f8A0AH/ABC4/wDBCj/oxs/+JM/thf8Az/6AD/iFx/4IUf8ARjZ/8SZ/bC/+f/QAf8QuP/BCj/oxs/8AiTP7YX/z/wCgA/4hcf8AghR/0Y2f/Emf2wv/AJ/9AB/xC4/8EKP+jGz/AOJM/thf/P8A6AD/AIhcf+CFH/RjZ/8AEmf2wv8A5/8AQAf8QuP/AAQo/wCjGz/4kz+2F/8AP/oAP+IXH/ghR/0Y2f8AxJn9sL/5/wDQAf8AELj/AMEKP+jGz/4kz+2F/wDP/oAP+IXH/ghR/wBGNn/xJn9sL/5/9AB/xC4/8EKP+jGz/wCJM/thf/P/AKAD/iFx/wCCFH/RjZ/8SZ/bC/8An/0AfOX7Yn/BtR/wRV+Gf7I/7U3xH8A/sbTeGvHXw/8A2cvjf438F+I4f2iv2q9Vm0DxZ4U+GfifXvDmtxaZ4g+N2r6DqMulaxYWd/HYa3pOqaRePALfUtOvbKSe2lAP8wb4ReJ/2gP2fNX8AftZfBnUvHPw41PwD8ShpvgT4z+FRc2kGgfEvQtKsvED6CurpHLYjUbnw/qiT3Ph/Vkez8S+HrjV7G5sdU0pdYt4gD/Vh/4INf8ABeX4Yf8ABV74YRfDX4lS+H/hv+3B8N/D8Vx8RvhxbyrY6L8UNFsFhtrj4s/Ca3uZXluNHuJXibxd4RWa51PwLqd0iSNeeHr3SNXugD+iSgAoAKACgAoAKACgAoAKACgAoAKACgAoAKAP/9T+/igAoAKAPzF/4LL/ALH2r/t3f8EzP2t/2avCtgmpePvFfw3/AOEp+GNjt/f6h8TPhdrmkfE7wPotpMMNaz+J9f8ACVn4Ve5GVS21y4WZXt3lRwD/ADYf+DW3VD4Q/wCC537J+j65DPpV7qmn/tHeEri11CJ7K4stXT9nT4tXY0+8guFimtrw32j/ANn/AGaVFmF88ds0ayErQB/XH/wela/aad/wS3+CmhPMov8AxF+3B8NRb23/AC0ls9J+Cv7QV7fXAH/PK3nbTopCOQ93CMEMSoB+a3/Bk3+x14hPjD9rD9vPxDpV3ZeGbfwnpv7L/wAL9QubRxa+IdT1nXNA+JPxYutPmlVQf+EZi8LfDHTvtVqZEmk8SapZGRJLK5iYA/q6/wCCq3/BZL9kv/gkZ4E8D+I/2hP+E18Y+OPild6vbfDX4Q/C/TtH1Txx4ltfD/2AeIPEd4+v634e0Lw94U0SbVdLtrzV9U1Vbq7u75LXQdL1u5ttQisgDhv2H/8AgvF+wB+3D+yr8cv2svDvjXX/AIOeDv2X9L/tr9ovwr8YdLtNP8ZfC7Rbi01C70TXp7DwjqXi618U6L4uGkapZ+DZPCl5q2ra/rFjN4dj0a38RlNIYA1P2Hv+C9H/AAS//wCCgnjv/hVHwE/aItbD4s3E0sehfDP4r+HNc+FnirxiqSvHEfAv/CV2trofjO+uI4nu18O+Gta1LxXbWCSXt/oNlbxyOgB+v1/YWOq2N7peqWVpqWmalaXNhqOnX9tDeWN/Y3kL293ZXtpcJJb3VpdW8kkFzbTxyQzwyPFKjIzKwB/A3/wbR/sP6Hp//BZn/gqH+0z8GdMjj/ZA/Zx+IX7SP7NvwM8QaeFm8N61qPi743x3PhPRvCer/arqLW9N8IfCPwl5l9c2s07jT/FvgvULqSBNat4ZQD9vP+DrL/lCp+0Z/wBjr8DP/Vs+F6APtP8A4IV/8off+Cd3/ZsPw9/9JJaAP1goAKACgAoAKACgAoAKACgAoAKACgAoAKACgAoAKACgAoAKACgAoAKACgAoAKACgAoAKACgAoAKACgAoAKACgD+bz/g7E/5Qm/tDf8AZRf2ef8A1dPg6gD1/wD4NkP+UG37CX/YF+Ov/rUPxuoA/eSgAoAKACgAoAKACgAoAKACgAoAKACgAoAKACgAoAKACgAoAKACgAoAKACgAoAKACgAoAKACgAoAKACgAoAKAPkn9v3/kxH9tb/ALNJ/aP/APVO+MqAP4t/+DTv9k34Dftu/wDBM/8A4KI/s3ftI+BdP8f/AAt8f/HzwZa6jp10BBqmiapB8MoH0fxb4S1hEa78OeMPDl4w1DQdf08rc2VyhjkFxZT3lncAH873/BTL/gmb+2R/wQN/bI8FePvAPjXxhb+CLfxhJ4w/ZO/ax8HxvpU19NpLvcr4Y8TNbRyadofxI0PTpXsPF/g+/SbQ/Fuhz3V7Y2uqeFtUv7G0AP7+/wDgg1/wXl+GH/BV74YRfDX4lS+H/hv+3B8N/D8Vx8RvhxbyrY6L8UNFsFhtrj4s/Ca3uZXluNHuJXibxd4RWa51PwLqd0iSNeeHr3SNXugD+iSgAoAKACgAoAKACgAoAKACgAoAKACgAoA//9X+/igAoAKACgD+Sf8A4KIf8G8vxOT9vLwJ/wAFWf8AglP4x+Gnwx/aa8LfFHSfi98QvgP8UjqmjfCv4n+NYtTe48WeJNC8TaLZ6pN4XvviNp11qWmfEPwtd6ZBo/iSTWNY8Qaf4l8MazeXUeqAHJ/8FDP+CX//AAVU/wCC7PxN/Zy8Kfta+BPgp/wTt/ZO+AVxrOueKNC8I/HKH9pz4q/Efxn4mXTrLXfEXhdNA8DeEPCdlFbaNpC6H4Pt/FV3pb+GLfXNc17Ul8XXN+nhjTQD+oT9ln9mD4MfsZ/AH4Z/sz/s++E4fBnwn+FHh9NB8M6QsrXd9cvLcz6jrOv69qTqk2r+JvE+uXuo+IfEmsTqsup61qV7dlIllSFAD+cD/g5d/wCCGXx//wCCpi/An45fspa94Tu/jD8E/D3iTwDr3wv8d+IB4W03xv4K1/WLXXtM1Dwl4iurebRNL8U+H9YOqLqFj4gm03Tde0fUopI9a0++8P21hrgB4Z/wR1/4Nm/GXwH/AGLP26/g/wDt6eLdM03xj+3l4C8LfC298IfCXX7fxGfg/wCFPAupax4k8PeJ5/ENzp3/AAjmu/EA+OL3S/ENtYWVvrHh3SbHwzp9sdW1KbX9Xs9NAPwo+LX/AAZsf8FQvh/46uI/gp8Tv2bfi74RtNTim8MeNF8d+J/hf4qjghm8y01HW/C2teFb2Dw/qltJGkzQaB4w8VpA3lSW2pTSB0iAP6K/2Pv+CSv/AAXy8QfC+w+BX7e3/BYbWvB/7OLabDo2u+A/2eYtK8f/ALRnibwoI4rG78I3P7Vfjv4X+F/iH4G+26ekkEut6b4h+Itw1o5s3iKXc32cA/pi/Zj/AGYPgV+xx8EvBH7O/wCzh8PdG+GXwl+H2ntY+H/DWjieZ5J55GuNS1vXNWvpbnVvEXiXXL15tR17xFrV5e6vq9/NLc3t3M5BUA/Ej/g6y/5QqftGf9jr8DP/AFbPhegD7T/4IV/8off+Cd3/AGbD8Pf/AEkloA/WCgAoAKACgAoAKACgAoAKACgAoAKACgAoAKACgAoAKACgAoAKACgAoAKACgAoAKACgAoAKACgAoAKACgAoAKAP5vP+DsT/lCb+0N/2UX9nn/1dPg6gD1//g2Q/wCUG37CX/YF+Ov/AK1D8bqAP06/a++HX7WPxL+GFrpH7HH7Sfg39mL4r6f4gi1eXxh48+CGmfHXw54l0KDR9Ytn8GXmgaj4p8LN4cXUNYu9H1JvF1hJrN9p0Wky2kehX8eoSBAD/N9/aO/4OZv+C6/7L3x/+NH7OPxJ+LPwJPj34GfE/wAbfCrxbNo3wK8CXmjXeueBvEN/4evtQ0W7lsbWa60fUpbA3+lXE9rbTzafcW0k9tBMzxIAf0K/8Ex/i9/wcT/8FL/2MvD/AO2N4R/bo/Y++FWl+N/EfjXRvh94F8ZfsuaZrcuu2fgTxLfeDtV1XxD4g8OAv4ZguPEuja5Y2lpbaLrt49pYRX7+Sl7DGoB+YfxO/wCDoT/gsR/wTY/at8efssft/wD7PP7MPxY1/wCFmu2Vn4usfCmneKfhzrniTQtVsrHXfD3ifwD8Q9D8Ra74Sfw94q8M6jZaxo13qnwtvNQgjvIrTWdN0nWbHVdIgAP7Qv8AgmR/wUy/Z5/4Ko/s22H7RHwBn1bSTYavJ4Q+Jnw08VfY4/Gnwu8e2ljZ6hd+HdcSynns9R0+8sr611Tw14m02RtN8QaTcJIFsNXs9a0PSAD8kP27f+Cwv7fXxT8a/Ez9n/8A4Ibfsb6p+1frHwi1vUfBXxj/AGvvEOnWEvwC8JePdKRjrvw8+El5r3ibwb4S+JnjXww6SWviHU7jxReaTpGrJHptp4T8VW19Z6pQB/In8Tf+DiH/AIOLv2NPj5qfgb9qH4naj4W8d+Hrux1LXPgf8b/2Xfgj4X0a+0h7mWSwMA8L/DbwZ4oufCmsQw3FvZeJPCHjOJNasle50/xDczxRXsQB/eR/wRA/4LBeDP8Agr/+zNrnxH/4RC3+Gfx0+EWu6b4O+PPw20+6udR8PaXq2t2l7f8AhXxf4M1K8Z7648G+NrDTNUk06z1V21jQtY0XxBoF3Nq1tptj4j1wA/aSgAoAKACgAoAKACgAoAKACgAoAKACgAoAKACgAoAKACgAoAKACgAoAKACgAoAKACgD5J/b9/5MR/bW/7NJ/aP/wDVO+MqAP5Rf+DIn/k0j9tf/s4zwX/6rO1oA/ri/ay/ZN+A37bvwG8d/s3ftI+BdP8AH/wt8f6ebXUdOugINU0TVIA76P4t8JawiNd+HPGHhy8YahoOv6eVubK5QxyC4sp7yzuAD/Ju/wCCmf8AwTM/bI/4IG/tkeCvH3gHxt4wt/BFv4wk8YfsnftY+D430ma+m0p3uR4Y8Tm2jk07Q/iRoenStYeL/CF+s+heLtCnu72xtdT8L6pqFhaAH9/f/BBr/gvL8MP+Cr3wwi+GvxKl8P8Aw3/bg+G/h+K4+I3w4t5VsdF+KGi2Cw21x8WfhNb3Mry3Gj3ErxN4u8IrNc6n4F1O6RJGvPD17pGr3QB/RJQAUAFABQAUAFABQAUAFABQAUAFABQB/9b+/igAoAKACgAoAKACgAoAKACgAoAKAP5zP+DrL/lCp+0Z/wBjr8DP/Vs+F6APtP8A4IV/8off+Cd3/ZsPw9/9JJaAP1goAKACgAoAKACgAoAKACgAoAKACgAoAKACgAoAKACgAoAKACgAoAKACgAoAKACgAoAKACgAoAKACgAoAKACgD+bz/g7E/5Qm/tDf8AZRf2ef8A1dPg6gD1/wD4NkP+UG37CX/YF+Ov/rUPxuoA/eSgD/Fj/wCC54A/4K//APBRIAAD/hqL4jnAGOW1BCx7ckkknuTk55NAH+jx/wAGqf8Ayg9/ZO/7Gb9o/wD9aS+K1AH8kH/B6VpPh6w/4Kk/BW/0sW0Ws63+xB8NLzxPHbxwq815a/Gr9oLTNNv76SP95JfTaRZWdh+//eJp+l6cFJhMYUA+uf8Agym8OeKfG9x/wU98C3OoeKdK+Ffi/wCGPwO8OeINV8Na1qnh3VNK8U6+/wAatH0zUPC+vac0VxoPim38OXfiS4s9a0y4g1TTbi10u9iYvbWrxAH99vwE+BPwr/Zk+Dfw5+AXwS8I6d4F+Ffwq8L6d4R8G+GdMjxFZ6bp8fz3V7ctm41TW9XvJLnWPEOu6hJPqviDXr/Udb1a6utS1C6uHAP4LP8Ag+B8T/Bu8+IH7AvhLS5NAuvj7onhb46ax4y/s6bTT4k0n4U65qXw2g8A23iuOJTqraXqvinSvH114JS8kWztJ7DxxLZRCTU7uRwD9Gv+DP8A/wCCc3x5/ZI/Z2/aG/aX/aA8H+Ifhpqf7Wuo/Cu1+Gnw+8W6feaH4pg+GvwstvHV3a+O9b0C+jt77SYPHeq/ES6Xw3a6tbW2ozaF4cg8QW9uuj+JdNur8A/sWoAKACgAoAKACgAoAKACgAoAKACgAoAKACgAoAKACgAoAKACgAoAKACgAoAKACgAoA+Sf2/f+TEf21v+zSf2j/8A1TvjKgD+UX/gyJ/5NI/bX/7OM8F/+qztaAP7cKAPnH9rL9k34Dftu/Abx3+zd+0j4E0/x/8AC3x/p5tdR026Ag1TRdUgDvo/izwnrCI134b8X+HLthqGga/p5W5srlSjieznu7S4AP8AJu/4KZ/8EzP2yP8Aggb+2R4K8feAfGvjC38D2/jCTxh+yd+1j4PjfSpr6bSne5Xwx4na2jk07Q/iRoenStYeL/CF+s+heLtCnu72xtdT8L6pqFhaAH9/f/BBr/gvL8MP+Cr3wwi+GvxKl8P/AA3/AG4Phv4fiuPiN8OLeVbHRfihotgsNtcfFn4TW9zK8txo9xK8TeLvCKzXOp+BdTukSRrzw9e6Rq90Af0SUAFABQAUAFABQAUAFABQAUAFABQB/9f+/igAoAKACgAoAKACgAoAKACgAoAKAP5zP+DrL/lCp+0Z/wBjr8DP/Vs+F6APtP8A4IV/8off+Cd3/ZsPw9/9JJaAP1goAKACgAoAKACgAoAKACgAoAKACgAoAKACgAoAKACgAoAKACgAoAKACgAoAKACgAoAKACgAoAKACgAoAKACgD+bz/g7E/5Qm/tDf8AZRf2ef8A1dPg6gD1/wD4NkP+UG37CX/YF+Ov/rUPxuoA/eSgD/Fk/wCC6H/KYD/gol/2dD8Rv/S+OgD+vL/gg7/wUj/a3/Z3/wCCSfwA+FXwE/4JI/tbfteReHdZ+OE+ifFXwZ4i8C+Cfg94tu9c+NvxC1yez07xNqP/AAkWvW40G+1GXw9rc8vhRxBqum34t0nhSN5QD87f2gf+CHP/AAXa/wCC1H7Z3jD9rP8Aap+D3w0/ZB0fx9f6FoOmQfEj4kaBf2Hwz+F/heGPStF8MeFfA/gfU/HHjrVbvSNOW61G4fxFp/hKHxb4s1LVtYe60Oz1ZvsQB/cd/wAEqf8Agl/8D/8AglB+y7pn7O3wfvb7xdrmq6vL4z+L3xa1yxi03xD8VPiFeWdrp9zrtxpcN1f2/hzQNM06ys9G8KeErK/vbXQtJtd91fax4g1HXvEOsgH0B+2n8PP2r/ij+z94t8H/ALFn7QXhH9mX4+3zW8nhn4p+Nfhdp/xZ0aytYo7kXmkDQNVu007SLzVJJLUQ+KrrRPGK6HHBM8fhHVpp42tQD/I3/wCCv3/BPH/gp9+x78ddc+JH/BRa18XfFDW/it4gdbH9qmPxVq3xP+HfxS1W3sj9m07TvHt/a2d/omoWOk6e9vo3gHxbo3g7XdM8PaQF0XwvD4a0+1lQA/pf/wCDTz/gtZ8evH3x0tv+CaP7UvxF8Q/Fnw94w8GeJNd/Zh8b+ONXv/EPjnwl4g+HWgS+I9d+Elxr+otcajrPgm++Hui+I/EfhkavfTT+D7rwhJoGlNLpGvWVloYB/oLUAFABQAUAFABQAUAFABQAUAFABQAUAFABQAUAFABQAUAFABQAUAFABQAUAFABQAUAfJP7fv8AyYj+2t/2aT+0f/6p3xlQB/KL/wAGRP8AyaR+2v8A9nGeC/8A1WdrQB/bhQAUAfOP7WX7JvwG/bd+A3jv9m79pHwJp/j/AOFvj/Tza6jpt0BBqmi6pAHfR/FnhPWERrvw34v8OXbDUNA1/TytzZXKlHE9nPd2lwAf5N3/AAUz/wCCZn7ZH/BA39sjwV4+8A+NfGFv4Ht/GEnjD9k79rHwfG+lTX02lO9yvhjxO1tHJp2h/EjQ9Olaw8X+EL9Z9C8XaFPd3tja6n4X1TULC0AP7+/+CDX/AAXl+GH/AAVe+GEXw1+JUvh/4b/twfDfw/FcfEb4cW8q2Oi/FDRbBYba4+LPwmt7mV5bjR7iV4m8XeEVmudT8C6ndIkjXnh690jV7oA/okoAKACgAoAKACgAoAKACgAoAKAP/9D+/igAoAKACgAoAKACgAoAKACgAoAKAP5zP+DrL/lCp+0Z/wBjr8DP/Vs+F6APtP8A4IV/8off+Cd3/ZsPw9/9JJaAP1goAKACgAoAKACgAoAKACgAoAKACgAoAKACgAoAKACgAoAKACgAoAKACgAoAKACgAoAKACgAoAKACgAoAKACgD+bz/g7E/5Qm/tDf8AZRf2ef8A1dPg6gD1/wD4NkP+UG37CX/YF+Ov/rUPxuoA/eSgD/Fk/wCC6H/KYD/gol/2dD8Rv/S+OgD/AEd/+DVP/lB7+yd/2M37R/8A60l8VqAP6JKACgCtZ3tnqEC3Vhd219bM8sa3NnPFcwNJbyvBPGs0DyRl4Z4pIZVDbo5Y3jcK6MqgHzb+2T+yn8Lv23P2Y/jL+y78YtFsdY8E/F3wVq/hqSa8tEu5/DWvyW7T+FPG2i7trW3iLwV4ki0zxPoN3E6PDqel2+4mFpUlAP8ALT/4NZ/gX40+J3/Bav8AZ41nQrS4m0P9n/RfjL8VfiNq2nySSW2leHrP4Z+K/hzpjteWwMDwav488d+E9E2tKkV3Z6lclPNRWjcA/wBcegAoAKACgAoAKACgAoAKACgAoAKACgAoAKACgAoAKACgAoAKACgAoAKACgAoAKACgD5J/b9/5MR/bW/7NJ/aP/8AVO+MqAP5Rf8AgyJ/5NI/bX/7OM8F/wDqs7WgD+3CgAoAKAPnH9rL9k34Dftu/Abx3+zd+0j4E0/x/wDC3x/p5tdR026Ag1TRdUgDvo/izwnrCI134b8X+HLthqGga/p5W5srlSjieznu7S4AP8m7/gpn/wAEzP2yP+CBv7ZHgrx94B8a+MLfwPb+MJPGH7J37WPg+N9KmvptKd7lfDHidraOTTtD+JGh6dK1h4v8IX6z6F4u0Ke7vbG11PwvqmoWFoAf39/8EGv+C8vww/4KvfDCL4a/EqXw/wDDf9uD4b+H4rj4jfDi3lWx0X4oaLYLDbXHxZ+E1vcyvLcaPcSvE3i7wis1zqfgXU7pEka88PXukavdAH9ElABQAUAFABQAUAFABQAUAFAH/9H+/igAoAKACgAoAKACgAoAKACgAoAKAP5zP+DrL/lCp+0Z/wBjr8DP/Vs+F6APtP8A4IV/8off+Cd3/ZsPw9/9JJaAP1goAKACgAoAKACgAoAKACgAoAKACgAoAKACgAoAKACgAoAKACgAoAKACgAoAKACgAoAKACgAoAKACgAoAKACgD+bz/g7E/5Qm/tDf8AZRf2ef8A1dPg6gD1/wD4NkP+UG37CX/YF+Ov/rUPxuoA/Tz9rv8Aaq0/9kP4Y2vxKvvgN+1L+0XJqGvx+G9P+Hv7JHwJ8WfH74ky302j6xrEV9feGvCyoug+HNmjSafP4n8QX+maFbatf6Rps98l1qdojgH+Sl+27+xb/wAFUv2wf2wP2mP2o5P+CW//AAUE8MRfHv41/EP4oad4ZuP2Qf2iL258OaL4r8SX+paDoF1ex/DZYr270XRZrDTbq7hSKG6uLWWeGKGKRIlAP7M/+Daz9qv9ob9lX9lj4X/8E9P2r/8Agm//AMFJvhV4j0r4yeItO+HHxgvv2MPjZ/wpVPDPxf8AGf8AwkK3PxJ8X6n4a0mX4bw+GvF3iPxBL4g17V9Mfwlp3hg2uuX2vWxh1K3tQD+yKgD8zv8AgsZ+z1+0b+1X/wAE0/2r/gF+yd4ln8M/Hn4heBNLsvBr22vr4Wm8TWWleM/DPiDxl8PI/Eck1tBpDfEvwPpPiPwCtze3lhpUjeIhaa1qFjo1xf3UQB/lufsd/tCf8Fav+CJX7R6a34Q+FP7QHws1CHVrbTviX+z/APFj4a/ES0+GPxZ0tJlc6V4g8L3mn2tnfTXNvuk8M+O/Cdxb6/p8Vwbzw34gbTr+8t78A/vH0D/gs3+3B/wUa/Z11f4c/sBf8EtP2uvhX+0J8T/BepeFJ/j3+0vYaF8Lf2T/AIEanr9rJo+rePfD/wAXNUvINc+Leo+CYLuXWdC8OaH4A0vxDeanDYTz+Hb63gn0q/APvH/gi3/wRq+Dn/BIL4B6p4Q0HWIfiZ+0F8U20nVfjz8a5NNfTF8RXujpdHQ/Bng7S55bifQvh74QbUtRGlW9xPJquv6pfal4j1toGu9N0TQQD9nKACgAoAKACgAoAKACgAoAKACgAoAKACgAoAKACgAoAKACgAoAKACgAoAKACgAoAKAPkn9v3/kxH9tb/s0n9o//wBU74yoA/lF/wCDIn/k0j9tf/s4zwX/AOqztaAP7cKACgAoAKAPnH9rL9k34Dftu/Abx3+zd+0j4E0/x/8AC3x/p5tdR026Ag1TRdUgDvo/izwnrCI134b8X+HLthqGga/p5W5srlSjieznu7S4AP8AJv8A+Cmf/BMz9sj/AIIG/tj+CvH/AIB8a+MLfwPb+MJPGH7J37WPg+N9KmvZtJd7lfC/ic20cunaH8SNE06VrDxf4Qv1m0LxdoU93fWNrqnhfVNQ0+yAP7+v+CDX/BeX4Yf8FXvhhF8NfiVL4f8Ahv8AtwfDfw/FcfEb4cW8q2Oi/FDRbBYba4+LPwmt7mV5bjR7iV4m8XeEVmudT8C6ndIkjXnh690jV7oA/okoAKACgAoAKACgAoAKACgD/9L+/igAoAKACgAoAKACgAoAKACgAoAKAP5zP+DrL/lCp+0Z/wBjr8DP/Vs+F6APtP8A4IV/8off+Cd3/ZsPw9/9JJaAP1goAKACgAoAKACgAoAKACgAoAKACgAoAKACgAoAKACgAoAKACgAoAKACgAoAKACgAoAKACgAoAKACgAoAKACgD+bz/g7E/5Qm/tDf8AZRf2ef8A1dPg6gD1/wD4NkP+UG37CX/YF+Ov/rUPxuoA/eSgAoAKACgAoAKACgAoAKACgAoAKACgAoAKACgAoAKACgAoAKACgAoAKACgAoAKACgAoAKACgAoAKACgAoAKAPkn9v3/kxH9tb/ALNJ/aP/APVO+MqAP5Rf+DIn/k0j9tf/ALOM8F/+qztaAP7cKACgAoAKACgD5x/ax/ZO+A37bnwG8d/s3ftI+BNP+IHwt8f6ebXUtNugINU0XU4A76P4s8J6wiNeeHPF/hy8YahoGv6eUurK6TY4ns57u1nAP8m//gpn/wAEzP2yP+CBv7ZHgrx/4A8a+MLfwPb+MJPGH7J37WPg+N9KmvZtJd7lfC/idraKTTtD+JGh6dK9h4v8IX6S6F4u0Ke7vrG11TwvqmoadZAH9/X/AAQa/wCC8vww/wCCr3wwi+GvxKl8P/Df9uD4b+H4rj4jfDi3lWx0X4oaLYLDbXHxZ+E1vcyvLcaPcSvE3i7wis1zqfgXU7pEka88PXukavdAH9ElABQAUAFABQAUAFABQB//0/7+KACgAoAKACgAoAKACgAoAKACgAoA/nM/4Osv+UKn7Rn/AGOvwM/9Wz4XoA+0/wDghX/yh9/4J3f9mw/D3/0kloA/WCgAoAKACgAoAKACgAoAKACgAoAKACgAoAKACgAoAKACgAoAKACgAoAKACgAoAKACgAoAKACgAoAKACgAoAKAP5vP+DsT/lCb+0N/wBlF/Z5/wDV0+DqAPX/APg2Q/5QbfsJf9gX46/+tQ/G6gD95KACgAoAKACgAoAKACgAoAKACgAoAKACgAoAKACgAoAKACgAoAKACgAoAKACgAoAKACgAoAKACgAoAKACgAoA+Sf2/f+TEf21v8As0n9o/8A9U74yoA/lF/4Mif+TSP21/8As4zwX/6rO1oA/twoAKACgAoAKACgD5x/ax/ZO+A37bnwG8d/s3ftI+BNP+IHwt8f6ebXUtNugINU0XU4A76P4s8J6wiNeeHPF/hy8YahoGv6eUurK6TY4ns57u1nAP8AJv8A+Cmf/BMz9sj/AIIG/tkeCvH/AIA8a+MLfwPb+MJPGH7J37WPg+N9KmvZtJd7lfC/idraKTTtD+JGh6dK9h4v8IX6S6F4u0Ke7vrG11TwvqmoadZAH9/X/BBr/gvL8MP+Cr3wwi+GvxKl8P8Aw3/bg+G/h+K4+I3w4t5VsdF+KGi2Cw21x8WfhNb3Mry3Gj3ErxN4u8IrNc6n4F1O6RJGvPD17pGr3QB/RJQAUAFABQAUAFABQB//1P7+KACgAoAKACgAoAKACgAoAKACgAoA/nM/4Osv+UKn7Rn/AGOvwM/9Wz4XoA+0/wDghX/yh9/4J3f9mw/D3/0kloA/WCgAoAKACgAoAKACgAoAKACgAoAKACgAoAKACgAoAKACgAoAKACgAoAKACgAoAKACgAoAKACgAoAKACgAoAKAP5vP+DsT/lCb+0N/wBlF/Z5/wDV0+DqAPX/APg2Q/5QbfsJf9gX46/+tQ/G6gD95KACgAoAKACgAoAKACgAoAKACgAoAKACgAoAKACgAoAKACgAoAKACgAoAKACgAoAKACgAoAKACgAoAKACgAoA+Sf2/f+TEf21v8As0n9o/8A9U74yoA/lF/4Mif+TSP21/8As4zwX/6rO1oA/twoAKACgAoAKACgAoA+cf2sf2TvgN+258BvHf7N37SPgTT/AIgfC3x/p5tdS026Ag1TRdTgDvo/izwnrCI154c8X+HLxhqGga/p5S6srpNjieznu7WcA/yb/wDgpn/wTM/bI/4IG/tkeCvH/gDxr4wt/A9v4wk8YfsnftY+D430qa9m0l3uV8L+J2topNO0P4kaHp0r2Hi/whfpLoXi7Qp7u+sbXVPC+qahp1kAf39f8EGv+C8vww/4KvfDCL4a/EqXw/8ADf8Abg+G/h+K4+I3w4t5VsdF+KGi2Cw21x8WfhNb3Mry3Gj3ErxN4u8IrNc6n4F1O6RJGvPD17pGr3QB/RJQAUAFABQAUAFAH//V/v4oAKACgAoAKACgAoAKACgAoAKACgD+cz/g6y/5QqftGf8AY6/Az/1bPhegD7T/AOCFf/KH3/gnd/2bD8Pf/SSWgD9YKACgAoAKACgAoAKACgAoAKACgAoAKACgAoAKACgAoAKACgAoAKACgAoAKACgAoAKACgAoAKACgAoAKACgAoA/m8/4OxP+UJv7Q3/AGUX9nn/ANXT4OoA9f8A+DZD/lBt+wl/2Bfjr/61D8bqAP3koAKACgAoAKACgAoAKACgAoAKACgAoAKACgAoAKACgAoAKACgAoAKACgAoAKACgAoAKACgAoAKACgAoAKACgD5J/b9/5MR/bW/wCzSf2j/wD1TvjKgD+UX/gyJ/5NI/bX/wCzjPBf/qs7WgD+3CgAoAKACgAoAKACgAoA+cf2sf2TvgN+258BvHf7N37SPgTT/iB8LfH+nm11LTboCDVNF1OAO+j+LPCesIjXnhzxf4cvGGoaBr+nlLqyuk2OJ7Oe7tZwD/Jv/wCCmf8AwTM/bI/4IG/tj+CvH/gDxr4wt/A9v4wk8YfsnftY+D430qa9n0p3uV8L+KGto5NO0P4kaJp0r2Hi7whfpNoXi/Qpru+sbXU/C+qahp1kAf39f8EGv+C8vww/4KvfDCL4a/EqXw/8N/24Phv4fiuPiN8OLeVbHRfihotgsNtcfFn4TW9zK8txo9xK8TeLvCKzXOp+BdTukSRrzw9e6Rq90Af0SUAFABQAUAFAH//W/v4oAKACgAoAKACgAoAKACgAoAKACgD+cz/g6y/5QqftGf8AY6/Az/1bPhegD7T/AOCFf/KH3/gnd/2bD8Pf/SSWgD9YKACgAoAKACgAoAKACgAoAKACgAoAKACgAoAKACgAoAKACgAoAKACgAoAKACgAoAKACgAoAKACgAoAKACgAoA/m8/4OxP+UJv7Q3/AGUX9nn/ANXT4OoA9f8A+DZD/lBt+wl/2Bfjr/61D8bqAP3koAKACgAoAKACgAoAKACgAoAKACgAoAKACgAoAKACgAoAKACgAoAKACgAoAKACgAoAKACgAoAKACgAoAKACgD5J/b9/5MR/bW/wCzSf2j/wD1TvjKgD+UX/gyJ/5NI/bX/wCzjPBf/qs7WgD+3CgAoAKACgAoAKACgAoAKAPnL9rH9k74D/tufAfx3+zd+0h4E074gfC34gacbXUtNugINT0bU4A76P4s8J6wiNeeHPF/hy8ZdQ0DX9PZLqxukKuJ7Oe7s7gA/wAm/wD4Kaf8Ey/2x/8Aggb+2P4K8f8AgDxr4wt/A1v4wk8YfsnftY+D430qe9n0p3uV8L+KGto5NO0T4kaJp0r2Hi7wjfxy6F4v0Ka7vrG11TwvqmoafZAH9/P/AAQa/wCC8vww/wCCr3wwi+GvxKl8P/Df9uD4b+H4rj4jfDi3lWx0X4oaLYLDbXHxZ+E1vcyvLcaPcSvE3i7wis1zqfgXU7pEka88PXukavdAH9ElABQAUAFAH//X/v4oAKACgAoAKACgAoAKACgAoAKACgD+cz/g6y/5QqftGf8AY6/Az/1bPhegD7T/AOCFf/KH3/gnd/2bD8Pf/SSWgD9YKACgAoAKACgAoAKACgAoAKACgAoAKACgAoAKACgAoAKACgAoAKACgAoAKACgAoAKACgAoAKACgAoAKACgAoA/m8/4OxP+UJv7Q3/AGUX9nn/ANXT4OoA9f8A+DZD/lBt+wl/2Bfjr/61D8bqAP3koAKACgAoAKACgAoAKACgAoAKACgAoAKACgAoAKACgAoAKACgAoAKACgAoAKACgAoAKACgAoAKACgAoAKACgD5J/b9/5MR/bW/wCzSf2j/wD1TvjKgD+UX/gyJ/5NI/bX/wCzjPBf/qs7WgD+3CgAoAKACgAoAKACgAoAKACgD5y/ax/ZO+A/7bnwH8d/s3ftIeBNO+IHwt+IGnG11LTboCDU9G1OAO+j+LPCesIjXnhzxf4cvGXUNA1/T2S6sbpCrieznu7O4AP8m/8A4Kaf8Ey/2x/+CBv7Y/grx/4A8a+MLfwNb+MJPGH7J37WPg+N9KnvZ9Kd7lfC/ihraOTTtE+JGiadK9h4u8I38cuheL9Cmu76xtdU8L6pqGn2QB/fz/wQa/4Ly/DD/gq98MIvhr8SpfD/AMN/24Phv4fiuPiN8OLeVbHRfihotgsNtcfFn4TW9zK8txo9xK8TeLvCKzXOp+BdTukSRrzw9e6Rq90Af0SUAFABQB//0P7+KACgAoAKACgAoAKACgAoAKACgAoA/nM/4Osv+UKn7Rn/AGOvwM/9Wz4XoA+0/wDghX/yh9/4J3f9mw/D3/0kloA/WCgAoAKACgAoAKACgAoAKACgAoAKACgAoAKACgAoAKACgAoAKACgAoAKACgAoAKACgAoAKACgAoAKACgAoAKAP5vP+DsT/lCb+0N/wBlF/Z5/wDV0+DqAPX/APg2Q/5QbfsJf9gX46/+tQ/G6gD95KACgAoAKACgAoAKACgAoAKACgAoAKACgAoAKACgAoAKACgAoAKACgAoAKACgAoAKACgAoAKACgAoAKACgAoA+Sf2/f+TEf21v8As0n9o/8A9U74yoA/lF/4Mif+TSP21/8As4zwX/6rO1oA/twoAKACgAoAKACgAoAKACgAoAKAPnL9rH9k74D/ALbnwH8d/s3ftIeBNO+IHwt+IGnG11LTboCDU9G1OAO+j+LPCesIjXnhzxf4cvGXUNA1/T2S6sbpCrieznu7O4AP8m//AIKaf8Ey/wBsf/ggb+2P4K8f+APGvjC38DW/jCTxh+yd+1j4PjfSp72fSne5Xwv4oa2jk07RPiRomnSvYeLvCN/HLoXi/Qpru+sbXVPC+qahp9kAf38/8EGv+C8vww/4KvfDCL4a/EqXw/8ADf8Abg+G/h+K4+I3w4t5VsdF+KGi2Cw21x8WfhNb3Mry3Gj3ErxN4u8IrNc6n4F1O6RJGvPD17pGr3QB/RJQAUAf/9H+/igAoAKACgAoAKACgAoAKACgAoAKAP5zP+DrL/lCp+0Z/wBjr8DP/Vs+F6APtP8A4IV/8off+Cd3/ZsPw9/9JJaAP1goAKACgAoAKACgAoAKACgAoAKACgAoAKACgAoAKACgAoAKACgAoAKACgAoAKACgAoAKACgAoAKACgAoAKACgD+bz/g7E/5Qm/tDf8AZRf2ef8A1dPg6gD1/wD4NkP+UG37CX/YF+Ov/rUPxuoA/eSgAoAKACgAoAKACgAoAKACgAoAKACgAoAKACgAoAKACgAoAKACgAoAKACgAoAKACgAoAKACgAoAKACgAoAKAPkn9v3/kxH9tb/ALNJ/aP/APVO+MqAP5Rf+DIn/k0j9tf/ALOM8F/+qztaAP7cKACgAoAKACgAoAKACgAoAKACgAoA+cv2sf2TvgP+258B/Hf7N37SHgTTviB8LfiBpxtdS026Ag1PRtTgDvo/izwnrCI154c8X+HLxl1DQNf09kurG6Qq4ns57uzuAD/Jv/4Kaf8ABMv9sj/ggb+2P4K+IHgDxr4wt/A1v4wk8YfsnftY+D430qa8n0p5LlfC/ihraOTTtD+JGiadK9h4u8I38cuheL9Cmu76xtdU8L6nqGn2QB/ohf8ABAr/AILCJ/wV1/ZZ1/xP408Ip4L/AGifgJqXhnwP8eLDSLaSPwT4k1PxBpd/eeGfiF4Jd5JnsNM8YQaHrMmoeFrqWS88La1p1/ZJPe6PPo2pXoB+7dAH/9L+/igAoAKACgAoAKACgAoAKACgAoAKAP5zP+DrL/lCp+0Z/wBjr8DP/Vs+F6APtP8A4IV/8off+Cd3/ZsPw9/9JJaAP1goAKACgAoAKACgAoAKACgAoAKACgAoAKACgAoAKACgAoAKACgAoAKACgAoAKACgAoAKACgAoAKACgAoAKACgD+bz/g7E/5Qm/tDf8AZRf2ef8A1dPg6gD1/wD4NkP+UG37CX/YF+Ov/rUPxuoA/eSgAoAKACgAoAKACgAoAKACgAoAKACgAoAKACgAoAKACgAoAKACgAoAKACgAoAKACgAoAKACgAoAKACgAoAKAPkn9v3/kxH9tb/ALNJ/aP/APVO+MqAP5Rf+DIn/k0j9tf/ALOM8F/+qztaAP7cKACgAoAKACgAoAKACgAoAKACgAoAKAPnL9rH9k74D/tt/Afx3+zf+0h4E074gfCz4gacbTUtMuwINT0bU4Az6P4r8KawiNeeHPF/hy8ZdQ0DX9PKXVjdJtbzrOe7tbgA/kU/4M1fBth8Ob3/AIK0fD3Srq8vdL8CftCfCXwbpt7qBha/u7DwxL8d9Es7q+a2ht7c3lxb2Mctybe3ghMzOYoYkKooB/bxQB//0/7+KACgAoAKACgAoAKACgAoAKACgAoA/nM/4Osv+UKn7Rn/AGOvwM/9Wz4XoA+0/wDghX/yh9/4J3f9mw/D3/0kloA/WCgAoAKACgAoAKACgAoAKACgAoAKACgAoAKACgAoAKACgAoAKACgAoAKACgAoAKACgAoAKACgAoAKACgAoAKAP5vP+DsT/lCb+0N/wBlF/Z5/wDV0+DqAPX/APg2Q/5QbfsJf9gX46/+tQ/G6gD95KACgAoAKACgAoAKACgAoAKACgAoAKACgAoAKACgAoAKACgAoAKACgAoAKACgAoAKACgAoAKACgAoAKACgAoA+Sf2/f+TEf21v8As0n9o/8A9U74yoA/lF/4Mif+TSP21/8As4zwX/6rO1oA/twoAKACgAoAKACgAoAKACgAoAKACgAoAKAP4tv+DRf/AJKV/wAFoP8As7PwV/6f/wBoSgD+0mgD/9T+/igAoAKACgAoAKACgAoAKACgAoAKAP5zP+DrL/lCp+0Z/wBjr8DP/Vs+F6APtP8A4IV/8off+Cd3/ZsPw9/9JJaAP1goAKACgAoAKACgAoAKACgAoAKACgAoAKACgAoAKACgAoAKACgAoAKACgAoAKACgAoAKACgAoAKACgAoAKACgD+bz/g7E/5Qm/tDf8AZRf2ef8A1dPg6gD1/wD4NkP+UG37CX/YF+Ov/rUPxuoA/eSgAoAKACgAoAKACgAoAKACgAoAKACgAoAKACgAoAKACgAoAKACgAoAKACgAoAKACgAoAKACgAoAKACgAoAKAPkn9v3/kxH9tb/ALNJ/aP/APVO+MqAP5Rf+DIn/k0j9tf/ALOM8F/+qztaAP7cKACgAoAKACgAoAKACgAoAKACgAoAKACgD+Lb/g0X/wCSlf8ABaD/ALOz8Ff+n/8AaEoA/tJoA//V/v4oAKACgAoAKACgAoAKACgAoAKACgD+cz/g6y/5QqftGf8AY6/Az/1bPhegD7T/AOCFf/KH3/gnd/2bD8Pf/SSWgD9YKACgAoAKACgAoAKACgAoAKACgAoAKACgAoAKACgAoAKACgAoAKACgAoAKACgAoAKACgAoAKACgAoAKACgAoA/m8/4OxP+UJv7Q3/AGUX9nn/ANXT4OoA9f8A+DZD/lBt+wl/2Bfjr/61D8bqAP3koAKACgAoAKACgAoAKACgAoAKACgAoAKACgAoAKACgAoAKACgAoAKACgAoAKACgAoAKACgAoAKACgAoAKACgD5J/b9/5MR/bW/wCzSf2j/wD1TvjKgD+UX/gyJ/5NI/bX/wCzjPBf/qs7WgD+3CgAoAKACgAoAKACgAoAKACgAoAKACgAoA/i2/4NF/8AkpX/AAWg/wCzs/BX/p//AGhKAP7SaAP/1v7+KACgAoAKACgAoAKACgAoAKACgAoA/nM/4Osv+UKn7Rn/AGOvwM/9Wz4XoA+0/wDghX/yh9/4J3f9mw/D3/0kloA/WCgAoAKACgAoAKACgAoAKACgAoAKACgAoAKACgAoAKACgAoAKACgAoAKACgAoAKACgAoAKACgAoAKACgAoAKAP5vP+DsT/lCb+0N/wBlF/Z5/wDV0+DqAPX/APg2Q/5QbfsJf9gX46/+tQ/G6gD95KACgAoAKACgAoAKACgAoAKACgAoAKACgAoAKACgAoAKACgAoAKACgAoAKACgAoAKACgAoAKACgAoAKACgAoA+Sf2/f+TEf21v8As0n9o/8A9U74yoA/lF/4Mif+TSP21/8As4zwX/6rO1oA/twoAKACgAoAKACgAoAKACgAoAKACgAoAKAP4tv+DRf/AJKV/wAFoP8As7PwV/6f/wBoSgD+0mgD/9f+/igAoAKACgAoAKACgAoAKACgAoAKAP5zP+DrL/lCp+0Z/wBjr8DP/Vs+F6APtP8A4IV/8off+Cd3/ZsPw9/9JJaAP1goAKACgAoAKACgAoAKACgAoAKACgAoAKACgAoAKACgAoAKACgAoAKACgAoAKACgAoAKACgAoAKACgAoAKACgD+bz/g7E/5Qm/tDf8AZRf2ef8A1dPg6gD1/wD4NkP+UG37CX/YF+Ov/rUPxuoA/eSgAoAKACgAoAKACgAoAKACgAoAKACgAoAKACgAoAKACgAoAKACgAoAKACgAoAKACgAoAKACgAoAKACgAoAKAPkn9v3/kxH9tb/ALNJ/aP/APVO+MqAP5Rf+DIn/k0j9tf/ALOM8F/+qztaAP7cKACgAoAKACgAoAKACgAoAKACgAoAKACgD+Lb/g0X/wCSlf8ABaD/ALOz8Ff+n/8AaEoA/tJoA//Q/v4oAKACgAoAKACgAoAKACgAoAKACgD+cz/g6y/5QqftGf8AY6/Az/1bPhegD7T/AOCFf/KH3/gnd/2bD8Pf/SSWgD9YKACgAoAKACgAoAKACgAoAKACgAoAKACgAoAKACgAoAKACgAoAKACgAoAKACgAoAKACgAoAKACgAoAKACgAoA/m8/4OxP+UJv7Q3/AGUX9nn/ANXT4OoA9f8A+DZD/lBt+wl/2Bfjr/61D8bqAP3koAKACgAoAKACgAoAKACgAoAKACgAoAKACgAoAKACgAoAKACgAoAKACgAoAKACgAoAKACgAoAKACgAoAKACgD5J/b9/5MR/bW/wCzSf2j/wD1TvjKgD+UX/gyJ/5NI/bX/wCzjPBf/qs7WgD+3CgAoAKACgAoAKACgAoAKACgAoAKACgAoA/i2/4NF/8AkpX/AAWg/wCzs/BX/p//AGhKAP7SaAP/0f7+KACgAoAKACgAoAKACgAoAKACgAoA/nM/4Osv+UKn7Rn/AGOvwM/9Wz4XoA+0/wDghX/yh9/4J3f9mw/D3/0kloA/WCgAoAKACgAoAKACgAoAKACgAoAKACgAoAKACgAoAKACgAoAKACgAoAKACgAoAKACgAoAKACgAoAKACgAoAKAP5vP+DsT/lCb+0N/wBlF/Z5/wDV0+DqAPX/APg2Q/5QbfsJf9gX46/+tQ/G6gD95KACgAoAKACgAoAKACgAoAKACgAoAKACgAoAKACgAoAKACgAoAKACgAoAKACgAoAKACgAoAKACgAoAKACgAoA+Sf2/f+TEf21v8As0n9o/8A9U74yoA/lF/4Mif+TSP21/8As4zwX/6rO1oA/twoAKACgAoAKACgAoAKACgAoAKACgAoAKAP4tv+DRf/AJKV/wAFoP8As7PwV/6f/wBoSgD+0mgD/9L+/igAoAKACgAoAKACgAoAKACgAoAKAP5zP+DrL/lCp+0Z/wBjr8DP/Vs+F6APtP8A4IV/8off+Cd3/ZsPw9/9JJaAP1goAKACgAoAKACgAoAKACgAoAKACgAoAKACgAoAKACgAoAKACgAoAKACgAoAKACgAoAKACgAoAKACgAoAKACgD+bz/g7E/5Qm/tDf8AZRf2ef8A1dPg6gD1/wD4NkP+UG37CX/YF+Ov/rUPxuoA/eSgAoAKACgAoAKACgAoAKACgAoAKACgAoAKACgAoAKACgAoAKACgAoAKACgAoAKACgAoAKACgAoAKACgAoAKAPkn9v3/kxH9tb/ALNJ/aP/APVO+MqAP5Rf+DIn/k0j9tf/ALOM8F/+qztaAP7cKACgAoAKACgAoAKACgAoAKACgAoAKACgD+Lb/g0X/wCSlf8ABaD/ALOz8Ff+n/8AaEoA/tJoA//T/v4oAKACgAoAKACgAoAKACgAoAKACgD+cz/g6y/5QqftGf8AY6/Az/1bPhegD7T/AOCFf/KH3/gnd/2bD8Pf/SSWgD9YKACgAoAKACgAoAKACgAoAKACgAoAKACgAoAKACgAoAKACgAoAKACgAoAKACgAoAKACgAoAKACgAoAKACgAoA/m8/4OxP+UJv7Q3/AGUX9nn/ANXT4OoA9f8A+DZD/lBt+wl/2Bfjr/61D8bqAP3koAKACgAoAKACgAoAKACgAoAKACgAoAKACgAoAKACgAoAKACgAoAKACgAoAKACgAoAKACgAoAKACgAoAKACgD5J/b9/5MR/bW/wCzSf2j/wD1TvjKgD+UX/gyJ/5NI/bX/wCzjPBf/qs7WgD+3CgAoAKACgAoAKACgAoAKACgAoAKACgAoA/i2/4NF/8AkpX/AAWg/wCzs/BX/p//AGhKAP7SaAP/1P7+KACgAoAKACgAoAKACgAoAKACgAoA/nM/4Osv+UKn7Rn/AGOvwM/9Wz4XoA+0/wDghX/yh9/4J3f9mw/D3/0kloA/WCgAoAKACgAoAKACgAoAKACgAoAKACgAoAKACgAoAKACgAoAKACgAoAKACgAoAKACgAoAKACgAoAKACgAoAKAP5vP+DsT/lCb+0N/wBlF/Z5/wDV0+DqAPX/APg2Q/5QbfsJf9gX46/+tQ/G6gD95KACgAoAKACgAoAKACgAoAKACgAoAKACgAoAKACgAoAKACgAoAKACgAoAKACgAoAKACgAoAKACgAoAKACgAoA+Sf2/f+TEf21v8As0n9o/8A9U74yoA/lF/4Mif+TSP21/8As4zwX/6rO1oA/twoAKACgAoAKACgAoAKACgAoAKACgAoAKAP4tv+DRf/AJKV/wAFoP8As7PwV/6f/wBoSgD+0mgD/9X+/igAoAKACgAoAKACgAoAKACgAoAKAP5zP+DrL/lCp+0Z/wBjr8DP/Vs+F6APtP8A4IV/8off+Cd3/ZsPw9/9JJaAP1goAKACgAoAKACgAoAKACgAoAKACgAoAKACgAoAKACgAoAKACgAoAKACgAoAKACgAoAKACgAoAKACgAoAKACgD+bz/g7E/5Qm/tDf8AZRf2ef8A1dPg6gD1/wD4NkP+UG37CX/YF+Ov/rUPxuoA/eSgAoAKACgAoAKACgAoAKACgAoAKACgAoAKACgAoAKACgAoAKACgAoAKACgAoAKACgAoAKACgAoAKACgAoAKAPkn9v3/kxH9tb/ALNJ/aP/APVO+MqAP5Rf+DIn/k0j9tf/ALOM8F/+qztaAP7cKACgAoAKACgAoAKACgAoAKACgAoAKACgD+Lb/g0X/wCSlf8ABaD/ALOz8Ff+n/8AaEoA/tJoA//W/v4oAKACgAoAKACgAoAKACgAoAKACgD+cz/g6y/5QqftGf8AY6/Az/1bPhegD7T/AOCFf/KH3/gnd/2bD8Pf/SSWgD9YKACgAoAKACgAoAKACgAoAKACgAoAKACgAoAKACgAoAKACgAoAKACgAoAKACgAoAKACgAoAKACgAoAKACgAoA/m8/4OxP+UJv7Q3/AGUX9nn/ANXT4OoA9f8A+DZD/lBt+wl/2Bfjr/61D8bqAP3koAKACgAoAKACgAoAKACgAoAKACgAoAKACgAoAKACgAoAKACgAoAKACgAoAKACgAoAKACgAoAKACgAoAKACgD5J/b9/5MR/bW/wCzSf2j/wD1TvjKgD+UX/gyJ/5NI/bX/wCzjPBf/qs7WgD+3CgAoAKACgAoAKACgAoAKACgAoAKACgAoA/i2/4NF/8AkpX/AAWg/wCzs/BX/p//AGhKAP7SaAP/1/7+KACgAoAKACgAoAKACgAoAKACgAoA/nM/4Osv+UKn7Rn/AGOvwM/9Wz4XoA+0/wDghX/yh9/4J3f9mw/D3/0kloA/WCgAoAKACgAoAKACgAoAKACgAoAKACgAoAKACgAoAKACgAoAKACgAoAKACgAoAKACgAoAKACgAoAKACgAoAKAP5vP+DsT/lCb+0N/wBlF/Z5/wDV0+DqAPX/APg2Q/5QbfsJf9gX46/+tQ/G6gD95KACgAoAKACgAoAKACgAoAKACgAoAKACgAoAKACgAoAKACgAoAKACgAoAKACgAoAKACgAoAKACgAoAKACgAoA+Sf2/f+TEf21v8As0n9o/8A9U74yoA/lF/4Mif+TSP21/8As4zwX/6rO1oA/twoAKACgAoAKACgAoAKACgAoAKACgAoAKAP4tv+DRf/AJKV/wAFoP8As7PwV/6f/wBoSgD+0mgD/9D+/igAoAKACgAoAKACgAoAKACgAoAKAP5zP+DrL/lCp+0Z/wBjr8DP/Vs+F6APtP8A4IV/8off+Cd3/ZsPw9/9JJaAP1goAKACgAoAKACgAoAKACgAoAKACgAoAKACgAoAKACgAoAKACgAoAKACgAoAKACgAoAKACgAoAKACgAoAKACgD+bz/g7E/5Qm/tDf8AZRf2ef8A1dPg6gD1/wD4NkP+UG37CX/YF+Ov/rUPxuoA/eSgAoAKACgAoAKACgAoAKACgAoAKACgAoAKACgAoAKACgAoAKACgAoAKACgAoAKACgAoAKACgAoAKACgAoAKAPkn9v3/kxH9tb/ALNJ/aP/APVO+MqAP5Rf+DIn/k0j9tf/ALOM8F/+qztaAP7cKACgAoAKACgAoAKACgAoAKACgAoAKACgD+Lb/g0X/wCSlf8ABaD/ALOz8Ff+n/8AaEoA/tJoA//R/v4oAKACgAoAKACgAoAKACgAoAKACgD+cz/g6y/5QqftGf8AY6/Az/1bPhegD7T/AOCFf/KH3/gnd/2bD8Pf/SSWgD9YKACgAoAKACgAoAKACgAoAKACgAoAKACgAoAKACgAoAKACgAoAKACgAoAKACgAoAKACgAoAKACgAoAKACgAoA/m8/4OxP+UJv7Q3/AGUX9nn/ANXT4OoA9f8A+DZD/lBt+wl/2Bfjr/61D8bqAP3koAKACgAoAKACgAoAKACgAoAKACgAoAKACgAoAKACgAoAKACgAoAKACgAoAKACgAoAKACgAoAKACgAoAKACgD5J/b9/5MR/bW/wCzSf2j/wD1TvjKgD+UX/gyJ/5NI/bX/wCzjPBf/qs7WgD+3CgAoAKACgAoAKACgAoAKACgAoAKACgAoA/i2/4NF/8AkpX/AAWg/wCzs/BX/p//AGhKAP7SaAP/0v7+KACgAoAKACgAoAKACgAoAKACgAoA/nM/4Osv+UKn7Rn/AGOvwM/9Wz4XoA+0/wDghX/yh9/4J3f9mw/D3/0kloA/WCgAoAKACgAoAKACgAoAKACgAoAKACgAoAKACgAoAKACgAoAKACgAoAKACgAoAKACgAoAKACgAoAKACgAoAKAP5vP+DsT/lCb+0N/wBlF/Z5/wDV0+DqAPX/APg2Q/5QbfsJf9gX46/+tQ/G6gD95KACgAoAKACgAoAKACgAoAKACgAoAKACgAoAKACgAoAKACgAoAKACgAoAKACgAoAKACgAoAKACgAoAKACgAoA+Sf2/f+TEf21v8As0n9o/8A9U74yoA/lF/4Mif+TSP21/8As4zwX/6rO1oA/twoAKACgAoAKACgAoAKACgAoAKACgAoAKAP4tv+DRf/AJKV/wAFoP8As7PwV/6f/wBoSgD+0mgD/9P+/igAoAKACgAoAKACgAoAKACgAoAKAP5zP+DrL/lCp+0Z/wBjr8DP/Vs+F6APtP8A4IV/8off+Cd3/ZsPw9/9JJaAP1goAKACgAoAKACgAoAKACgAoAKACgAoAKACgAoAKACgAoAKACgAoAKACgAoAKACgAoAKACgAoAKACgAoAKACgD+bz/g7E/5Qm/tDf8AZRf2ef8A1dPg6gD1/wD4NkP+UG37CX/YF+Ov/rUPxuoA/eSgAoAKACgAoAKACgAoAKACgAoAKACgAoAKACgAoAKACgAoAKACgAoAKACgAoAKACgAoAKACgAoAKACgAoAKAPkn9v3/kxH9tb/ALNJ/aP/APVO+MqAP5Rf+DIn/k0j9tf/ALOM8F/+qztaAP7cKACgAoAKACgAoAKACgAoAKACgAoAKACgD+Lb/g0X/wCSlf8ABaD/ALOz8Ff+n/8AaEoA/tJoA//U/v4oAKACgAoAKACgAoAKACgAoAKACgD+cz/g6y/5QqftGf8AY6/Az/1bPhegD7T/AOCFf/KH3/gnd/2bD8Pf/SSWgD9YKACgAoAKACgAoAKACgAoAKACgAoAKACgAoAKACgAoAKACgAoAKACgAoAKACgAoAKACgAoAKACgAoAKACgAoA/m8/4OxP+UJv7Q3/AGUX9nn/ANXT4OoA9f8A+DZD/lBt+wl/2Bfjr/61D8bqAP3koAKACgAoAKACgAoAKACgAoAKACgAoAKACgAoAKACgAoAKACgAoAKACgAoAKACgAoAKACgAoAKACgAoAKACgD5J/b9/5MR/bW/wCzSf2j/wD1TvjKgD+UX/gyJ/5NI/bX/wCzjPBf/qs7WgD+3CgAoAKACgAoAKACgAoAKACgAoAKACgAoA/i2/4NF/8AkpX/AAWg/wCzs/BX/p//AGhKAP7SaAP/1f7+KACgAoAKACgAoAKACgAoAKACgAoA/nM/4Osv+UKn7Rn/AGOvwM/9Wz4XoA+0/wDghX/yh9/4J3f9mw/D3/0kloA/WCgAoAKACgAoAKACgAoAKACgAoAKACgAoAKACgAoAKACgAoAKACgAoAKACgAoAKACgAoAKACgAoAKACgAoAKAP5vP+DsT/lCb+0N/wBlF/Z5/wDV0+DqAPX/APg2Q/5QbfsJf9gX46/+tQ/G6gD95KACgAoAKACgAoAKACgAoAKACgAoAKACgAoAKACgAoAKACgAoAKACgAoAKACgAoAKACgAoAKACgAoAKACgAoA+Sf2/f+TEf21v8As0n9o/8A9U74yoA/lF/4Mif+TSP21/8As4zwX/6rO1oA/twoAKACgAoAKACgAoAKACgAoAKACgAoAKAP4tv+DRf/AJKV/wAFoP8As7PwV/6f/wBoSgD+0mgD/9b+/igAoAKACgAoAKACgAoAKACgAoAKAP5zP+DrL/lCp+0Z/wBjr8DP/Vs+F6APtP8A4IV/8off+Cd3/ZsPw9/9JJaAP1goAKACgAoAKACgAoAKACgAoAKACgAoAKACgAoAKACgAoAKACgAoAKACgAoAKACgAoAKACgAoAKACgAoAKACgD+bz/g7E/5Qm/tDf8AZRf2ef8A1dPg6gD1/wD4NkP+UG37CX/YF+Ov/rUPxuoA/eSgAoAKACgAoAKACgAoAKACgAoAKACgAoAKACgAoAKACgAoAKACgAoAKACgAoAKACgAoAKACgAoAKACgAoA8a8Y/tGfs9/DzXrrwr8QPjv8GvA3ieyjtpr3w54x+KHgjwzr1pDe28d1Zy3Wj61rtjqFvHd2ssVzbSS26rPbyxzRFo3VmAPi79uv9rL9lfWP2Iv2x9I0j9pf9n/VNV1T9lb9oXTtM0zTvjL8Or7UNR1C++Efi+2srCwsrbxJLc3l7eXMsVva2tvFJPcTyJFFG7uqsAfzi/8ABkT/AMmkftr/APZxngv/ANVna0Af24UAFABQAUAFABQAUAFABQAUAFABQAUAFAH8W3/Bov8A8lK/4LQf9nZ+Cv8A0/8A7QlAH9pNAH//1/68f+Cnn/BRT4Q/8Evf2RPH37U3xZibXZdIktPC/wAMvhzZ6jb6ZrXxV+KWvR3R8MeCNJu54rgWcUkdnqGu+JNXW0vX0DwhofiDXItP1OfT4dMvQD+Wz/gjCv7af/BwRf8A7T/7YP7a/wC23+1b8Ifgt4D8dwfCT4MfAj9i/wCM3iv9mbwFoPjW48PWXi/XNSm/4Qy5k1HXR8PND1/wWfDNz4tvPE+vapq2t3d54i1m9sbJdN1AA8e/ZJ/4LiftRf8ABKb/AIKl/Fj/AIJcf8FI/jt4l/aY/Zm8L/GNPhd4T/aQ+K0yah8YvhZpPiiHT9a+FfxE8ZeMpnGqeMfBmv8AhrxN4ZvfiVa+Lb7XtX8KJeXGv+F9ebTtDuvDfiEA/v6VldVZGDKwDKykFWUjIZSMggg5BBwRyM5oAWgD5R/bc/bL+Cv7AX7MvxQ/ap+PuszaX8P/AIZ6Ot0dP05I7jxF4w8S6jMmn+FfAvhOxkkiS+8TeLdcntNI0xJpbewsvPm1bWb3TtD07U9StQD/ADM/29P+Csf/AAcJftkWGtftHWnhL9tj9lD9kOewvNQ8Jxfs4/Dr47fCn4NaP4HeE6lDqHiX44+H9F0i+8fTXOiG3vNa8Sa/4uXw7dILm60PQvDmi3L6agB5Z/wTd/4OXf8Ago3+xV8VvC0vxk+N/wARf2uP2eb3V9FsviT8NPjr4o1b4k+LoPCkd7FHqepfDD4h+K9Un8W+GfF+m6VLdnRLS88QXXgu/uRb2+v+H7qOKyvLAA/1ivhH8VPA/wAc/hV8NPjV8MtZXxF8OPi74C8I/EzwFr6W9xaDWfB3jnQNP8TeG9TNneRQXlm97o+p2lxJZ3cEF3aSO1vcwxTxuigH8hP/AAdwf8FSP2hv2LNI/ZB+A/7Jvxt8ZfBT4nfETUfH/wAXPiJ4j+H2rro3iNPAfhi2sPBvgzRLq6WOWZ9E8U+INd8X38tuqpG9/wCBbSRy7woEAP4pP+H7H/BYT/pIh+01/wCF7N/8iUAf0Zf8Gw/7Y/8AwVF/4KBf8FGBD8cf20v2hfiN+zz+z98LPF3xP+JnhLxL4xubzwp4t1rWoU8A/DrwjrMcdvG0jy+IPElx44tbVnjiu4fh/fQzu0Je3uAD+i//AIOsv+UKn7Rn/Y6/Az/1bPhegD7T/wCCFf8Ayh9/4J3f9mw/D3/0kloA/WCgAoAKACgAoAKACgAoAKACgAoAKACgAoAKACgAoAKACgAoAKACgAoAKACgAoAKACgAoAKACgAoAKACgAoA8A/aL/ar/Zs/ZF8ED4kftO/HL4ZfAvwVNcyWNhrnxK8XaR4Zj1rUooTcPpHhyzv7mPUfE2tC3DTro3h+z1LVXhVpUtGRSygH8fP/AAcR/wDBaL/gmL+2h/wSw+O37P8A+zJ+1h4U+Knxf1bxv8FNS0rwXp/g34qaBdapY+G/ir4W1rXLnTdT8XeA/D+hXyadpVrc30wtdUmZoYJTErurIoB+0P8AwbIf8oNv2Ev+wL8dv0/ah+N1AH7yUAFABQAUAFABQAUAFABQAUAFABQAUAFABQAUAFABQAUAFABQAUAFABQAUAFABQAUAFABQAUAFABQAUAFAH+SL/wdgf8AKbT9o3/sn/7O/wD6o/wRQB/ODQB/pEf8GRP/ACaR+2v/ANnGeC//AFWdrQB/bhQAUAFABQAUAFABQAUAFABQAUAFABQAUAfxbf8ABov/AMlK/wCC0H/Z2fgr/wBP/wC0JQB/aTQB/9D5U/4PV/2nta8Yfti/s0/sl6fqrN4L+CfwQl+LOtaZA7Rxv8SfjH4n1nSZBqcavtup9H8DfD7wxc6RJKm6xh8W6wtuyjULoOAfup/wZm6fBZf8EmfHtzCirJq37aPxg1C6YdZJ4/hj8C9KV29WFrpltH/uxqO1AH8d/wDwdRafBZf8Fx/2v54UVG1TRP2b9QuNvG+df2Yvg/p5cjpuMVhEDjGcbj8zMWAP9EL/AIN8v2n9a/a1/wCCQ37G3xI8Wak2q+N/C3gTU/gn4xvJ5nub+51P4HeJ9Z+GGkalq1zIzS3Wr+IPB3hrwx4m1O6md5rm81qWed2mkdmAP2doA+Ef2u/2EfBX7afxQ/ZP1/4z+IxrnwS/Zh+JevfG2+/Z4v8AwzZ6r4R+MXxet/DreHvhN4k8ealealsl0D4SnVfFmuWPg86DfWPinXNasZNbvBpWkzaRq4B9zT2lrc2s1jc21vcWVxbyWk9nPDHLaz2ssZhltprd1aGS3kiZopIXRo3jYoylCRQB/jN/8F/f2ZPhj+yH/wAFdP2yPgn8GtK07w78NbPxd4M+IHhrwppMUFrpng5fjH8LvBHxb1fwppem2sMFpo+haFr3jXVLLwxo1pGtrpfhdNFs7cLFCiIAf6j/APwRE8GePPh//wAEkv8Agn34W+JUN7beLbP9mj4f6hPY6jF9nv8ATdD8QWcviLwdpN5bMTJa3Ok+DtV0DTZrScR3Nq9q1vdQwXMcsKAH8sPxy/4Lq/sQfsu/8F7P+ChXxU/aw+EXxV+Omh/Dn4cfDD9hn4HP8NPCPwx8dQ+CtJ+F+s6h4s/aCj1jS/iT488E2cN3efHGe8t9KfSLm4mFrpmqLfGGV4o5wD9pv2Tv+C//APwQg/az1zR/CGmeLPAfwJ8d6/fw6do/hH9pX4L6F8LxeXVzIIbaL/hPYbTxH8IrWa5naK3tbS9+I1te3U80UVtbSuStAH9DPhfwd4G8MRzXfgvwt4T8PRatDayXFz4X0PR9Jj1O3jWSSyeabSbW3W9hRbiWS1Z2lRVnkaIgSsXAP59/+DrMgf8ABFP9ozJA/wCK2+BY545Pxa8LAD6kkAep470Aeq/8ETv2sf2WPB3/AASb/YC8L+Lv2lvgB4W8TaF+zb4C07W/DviP4yfDrQ9d0fUILWUT2Oq6RqfiS11DT7yEnEttd28M0Z4eNc4oA/UX/htX9jb/AKO1/Zl/8Pz8LP8A5q6AD/htX9jb/o7X9mX/AMPz8LP/AJq6AD/htX9jb/o7X9mX/wAPz8LP/mroAP8AhtX9jb/o7X9mX/w/Pws/+augA/4bV/Y2/wCjtf2Zf/D8/Cz/AOaugA/4bV/Y2/6O1/Zl/wDD8/Cz/wCaugA/4bV/Y2/6O1/Zl/8AD8/Cz/5q6AD/AIbV/Y2/6O1/Zl/8Pz8LP/mroAP+G1f2Nv8Ao7X9mX/w/Pws/wDmroAP+G1f2Nv+jtf2Zf8Aw/Pws/8AmroAP+G1f2Nv+jtf2Zf/AA/Pws/+augA/wCG1f2Nv+jtf2Zf/D8/Cz/5q6AD/htX9jb/AKO1/Zl/8Pz8LP8A5q6AD/htX9jb/o7X9mX/AMPz8LP/AJq6AD/htX9jb/o7X9mX/wAPz8LP/mroAP8AhtX9jb/o7X9mX/w/Pws/+augA/4bV/Y2/wCjtf2Zf/D8/Cz/AOaugA/4bV/Y2/6O1/Zl/wDD8/Cz/wCaugA/4bV/Y2/6O1/Zl/8AD8/Cz/5q6AD/AIbV/Y2/6O1/Zl/8Pz8LP/mroAP+G1f2Nv8Ao7X9mX/w/Pws/wDmroAP+G1f2Nv+jtf2Zf8Aw/Pws/8AmroAP+G1f2Nv+jtf2Zf/AA/Pws/+augA/wCG1f2Nv+jtf2Zf/D8/Cz/5q6AD/htX9jb/AKO1/Zl/8Pz8LP8A5q6AD/htX9jb/o7X9mX/AMPz8LP/AJq6AD/htX9jb/o7X9mX/wAPz8LP/mroAP8AhtX9jb/o7X9mX/w/Pws/+augA/4bV/Y2/wCjtf2Zf/D8/Cz/AOaugA/4bV/Y2/6O1/Zl/wDD8/Cz/wCaugA/4bV/Y2/6O1/Zl/8AD8/Cz/5q6AD/AIbV/Y2/6O1/Zl/8Pz8LP/mroAP+G1f2Nv8Ao7X9mX/w/Pws/wDmroAP+G1f2Nv+jtf2Zf8Aw/Pws/8AmroAguv23/2L7K2uby5/a4/Zljt7SCa5uJP+F7/C59kMEbSyvsTxS7ttjVm2oju2MKrEgUAf5PHx8+OPxX/4ODP+CuVt/wAJj8XtD+Cnw6+KHjnV/C3wu1f4v+JrHTPh3+zV+zj4RttT1i2M8Oq65pGgR67/AMIxo9xrutabY6rpX/Cf/FXWprS3vrWXXLR7UA/RH/grx/wQj/4Jr/sOfsO6x+0X+yv/AMFDJvjv8YvBPiTwDpGu/DbVviT8BPGlt43sPFviW18Napf+FPD/AMOYdJ8UeGG0Ialb65L9svvGsIsNOvre5eH7Sl/ZAH1P/wAGhX/BWIfCTxl8S/8Agnx+0X8T9H8O/A/WfDWtfF34B+I/iN4y0nw94Z+GXjTStTin+IXgLT9S8T6nZWOnaJ8RrTWpvGdnpVrcQ2tn4s8PeIL+3sZtQ8a6teqAf3rf8Nq/sbf9Ha/sy/8Ah+fhZ/8ANXQAf8Nq/sbf9Ha/sy/+H5+Fn/zV0AH/AA2r+xt/0dr+zL/4fn4Wf/NXQAf8Nq/sbf8AR2v7Mv8A4fn4Wf8AzV0AH/Dav7G3/R2v7Mv/AIfn4Wf/ADV0AH/Dav7G3/R2v7Mv/h+fhZ/81dAB/wANq/sbf9Ha/sy/+H5+Fn/zV0AH/Dav7G3/AEdr+zL/AOH5+Fn/AM1dAB/w2r+xt/0dr+zL/wCH5+Fn/wA1dAB/w2r+xt/0dr+zL/4fn4Wf/NXQAf8ADav7G3/R2v7Mv/h+fhZ/81dAB/w2r+xt/wBHa/sy/wDh+fhZ/wDNXQAf8Nq/sbf9Ha/sy/8Ah+fhZ/8ANXQAf8Nq/sbf9Ha/sy/+H5+Fn/zV0AH/AA2r+xt/0dr+zL/4fn4Wf/NXQAf8Nq/sbf8AR2v7Mv8A4fn4Wf8AzV0AH/Dav7G3/R2v7Mv/AIfn4Wf/ADV0AH/Dav7G3/R2v7Mv/h+fhZ/81dAB/wANq/sbf9Ha/sy/+H5+Fn/zV0AH/Dav7G3/AEdr+zL/AOH5+Fn/AM1dAB/w2r+xt/0dr+zL/wCH5+Fn/wA1dAB/w2r+xt/0dr+zL/4fn4Wf/NXQAf8ADav7G3/R2v7Mv/h+fhZ/81dAB/w2r+xt/wBHa/sy/wDh+fhZ/wDNXQAf8Nq/sbf9Ha/sy/8Ah+fhZ/8ANXQAf8Nq/sbf9Ha/sy/+H5+Fn/zV0AH/AA2r+xt/0dr+zL/4fn4Wf/NXQAf8Nq/sbf8AR2v7Mv8A4fn4Wf8AzV0AH/Dav7G3/R2v7Mv/AIfn4Wf/ADV0AH/Dav7G3/R2v7Mv/h+fhZ/81dAB/wANq/sbf9Ha/sy/+H5+Fn/zV0AH/Dav7G3/AEdr+zL/AOH5+Fn/AM1dAB/w2r+xt/0dr+zL/wCH5+Fn/wA1dAB/w2r+xt/0dr+zL/4fn4Wf/NXQAf8ADav7G3/R2v7Mv/h+fhZ/81dAH+dp/wAHCH/BP/8AaJ/bh/4Kj/Gr9oz9lzUP2Zfif8GvFvg/4M6X4f8AGP8Aw3P+w/4K/tC/8KfCvwt4b1+D/hHviJ+0T4S8VWn2DWtOvbLzb3Q7aG68n7RZSXNpLFcOAfhh4s/4I3ft7eCPCvibxn4i8J/s5w+H/CPh/WfE+uzaZ+3z+wD4i1KLR9A0651XU5NP8P8Ahz9p7VvEOuX0dlaTtaaPoWlalrOpziOy0vT72+mgt3AP67P+DMz48/A34RfsrftjaZ8V/jP8J/hhqWrftA+D7/StP+IfxF8IeC77U7GL4c2tvLe6faeJNZ0y4vbSKcGCS4to5IUmBjZw4KqAf2Xf8Nq/sbf9Ha/sy/8Ah+fhZ/8ANXQAf8Nq/sbf9Ha/sy/+H5+Fn/zV0AH/AA2r+xt/0dr+zL/4fn4Wf/NXQAf8Nq/sbf8AR2v7Mv8A4fn4Wf8AzV0AH/Dav7G3/R2v7Mv/AIfn4Wf/ADV0AH/Dav7G3/R2v7Mv/h+fhZ/81dAB/wANq/sbf9Ha/sy/+H5+Fn/zV0AH/Dav7G3/AEdr+zL/AOH5+Fn/AM1dAB/w2r+xt/0dr+zL/wCH5+Fn/wA1dAB/w2r+xt/0dr+zL/4fn4Wf/NXQAf8ADav7G3/R2v7Mv/h+fhZ/81dAB/w2r+xt/wBHa/sy/wDh+fhZ/wDNXQAf8Nq/sbf9Ha/sy/8Ah+fhZ/8ANXQAf8Nq/sbf9Ha/sy/+H5+Fn/zV0Afyi/8ABoVf2GpfEL/gsteade2l/Z3n7VHgG/s7uyuYbq2urC91v9oSWyvbaeCSSKe0u4syWtzEzwzxjfFI680Af2qUAf/R/Fz/AIO2E1Nf+C0nxia/GLWT4QfAB9F+9zpg+HGmRykZ4/5DCasPlyvHPzbgoB/W3/wZs/8AKJHxR/2eF8ZP/UF+DtAH8d//AAdX/wDKcD9qv/sVf2cf/Wc/hdQB/aF/waAQX8P/AAR20KS8Ytb3X7SHxxn0oEEbLBZvDFtIoJJDA6pb6k+RgZcrglSaAP6jqACgDx79oH48/C79l74J/E/9oX41eJrbwh8LPhD4O1jxv401+52u1tpOj25l+yafal0k1PXNXu2ttG8PaLalr7XNdv8ATtH0+Ka+vreFwD/OY/4Jc/8ABMv4vf8ABwF/wUd+Mn/BUr9rXwffeEf2MdW+O+qfEG80bWobmRfjZdaBqUFn4L/Z+8H3NwIm1X4f+BPDOjeHvCHxL8ZwsYG0zR38HaLJ/wAJHqmo6h4RAP8AS+jto7OySz02G1sorW1W2sLeOBY7K0jgiEVrClrAYVS1gVY0WCExKsSCOMoApUA/ztP2jP8AgzD/AG0vG/iv4ifFLwn+3R8A/ir8Q/HninxT491x/iH4B+IXwrTxD4o8Vaxe+INZuZ7/AEOf4uGym1LU7+7m3SQXSJLKBLMELzIAfzOft4/8Ebf+Cin/AATetY/EP7Un7PWuaB8NrrUl0rTvjH4M1TR/iL8KLu8nlWCxt77xd4SvNRj8JXuqysY9H0jx5Z+FNb1Zo5jp+mXCwyMgB/XV/wAGbv8AwU2+KnxJuPiv/wAE2PjD4o1fxloPwx+Gf/C5/wBm3U9bn+2XngzwdoninRfC3xE+F66ncO97d6DFqHjfwn4i8DaS5dPDtrB4xsraVNJOkadp4B+y/wDwdbxiX/gij+0WpJGPHPwGkyMg5h+L/hOUDjHDFAp7EHByCRQB/PN/wT7/AODRv4D/ALZv7FP7NH7VPiH9sX4ueCNb+PHwo8N/EXU/CWi/DfwbqmleH7vXYXll02w1C+1iG8vLe3KYjnuIo5XzlkXpQB9h/wDEED+zd/0fd8b/APw1HgL/AOXtAB/xBA/s3f8AR93xv/8ADUeAv/l7QAf8QQP7N3/R93xv/wDDUeAv/l7QAf8AEED+zd/0fd8b/wDw1HgL/wCXtAB/xBA/s3f9H3fG/wD8NR4C/wDl7QAf8QQP7N3/AEfd8b//AA1HgL/5e0AH/EED+zd/0fd8b/8Aw1HgL/5e0AH/ABBA/s3f9H3fG/8A8NR4C/8Al7QAf8QQP7N3/R93xv8A/DUeAv8A5e0AH/EED+zd/wBH3fG//wANR4C/+XtAB/xBA/s3f9H3fG//AMNR4C/+XtAB/wAQQP7N3/R93xv/APDUeAv/AJe0AH/EED+zd/0fd8b/APw1HgL/AOXtAB/xBA/s3f8AR93xv/8ADUeAv/l7QAf8QQP7N3/R93xv/wDDUeAv/l7QAf8AEED+zd/0fd8b/wDw1HgL/wCXtAB/xBA/s3f9H3fG/wD8NR4C/wDl7QAf8QQP7N3/AEfd8b//AA1HgL/5e0AH/EED+zd/0fd8b/8Aw1HgL/5e0AH/ABBA/s3f9H3fG/8A8NR4C/8Al7QAf8QQP7N3/R93xv8A/DUeAv8A5e0AH/EED+zd/wBH3fG//wANR4C/+XtAB/xBA/s3f9H3fG//AMNR4C/+XtAB/wAQQP7N3/R93xv/APDUeAv/AJe0AH/EED+zd/0fd8b/APw1HgL/AOXtAB/xBA/s3f8AR93xv/8ADUeAv/l7QAf8QQP7N3/R93xv/wDDUeAv/l7QAf8AEED+zd/0fd8b/wDw1HgL/wCXtAB/xBA/s3f9H3fG/wD8NR4C/wDl7QAf8QQP7N3/AEfd8b//AA1HgL/5e0AH/EED+zd/0fd8b/8Aw1HgL/5e0AH/ABBA/s3f9H3fG/8A8NR4C/8Al7QAf8QQP7N3/R93xv8A/DUeAv8A5e0AH/EED+zd/wBH3fG//wANR4C/+XtAGbrH/BkJ8A4tI1WTQ/26PjJc63Hpt8+j21/8LPAsVjcaoltK2nwXssWuiWO0luxDHcyRnekLOyYYCgD+LP8A4J0fsj/CT9p79vP4Z/seftW/FTxJ+y9onj7xT4p+Gmo+NZNE0t9T8H/FTTtP1aHwz4R8RaZ4nutMt9Mm1/xpptv4FlF3JHPY6/qtjDOkafaHgAP6Gv8AgsX/AMGwXwU/4JjfsIfEb9rzwh+1d8Tfih4h8FeKfhr4dsPBfinwH4S8P6Tqg8deN9H8LXcsmo6XqtzfLPp1nqNxqEEUMDiVrXEm2Le6gH4qf8ETf+CXn/D2f9stv2b9Y8ZeKvhr4C0D4X+M/ib47+IfhTw5aeI7zw7Y6E+laPoNq1vqVxaaXC2u+Kdf0fTkN1cCR4Gu2tYpHhdogD+u/wD4ggf2bv8Ao+743/8AhqPAX/y9oAP+IIH9m7/o+743/wDhqPAX/wAvaAD/AIggf2bv+j7vjf8A+Go8Bf8Ay9oAP+IIH9m7/o+743/+Go8Bf/L2gA/4ggf2bv8Ao+743/8AhqPAX/y9oAP+IIH9m7/o+743/wDhqPAX/wAvaAD/AIggf2bv+j7vjf8A+Go8Bf8Ay9oAP+IIH9m7/o+743/+Go8Bf/L2gA/4ggf2bv8Ao+743/8AhqPAX/y9oAP+IIH9m7/o+743/wDhqPAX/wAvaAD/AIggf2bv+j7vjf8A+Go8Bf8Ay9oAP+IIH9m7/o+743/+Go8Bf/L2gA/4ggf2bv8Ao+743/8AhqPAX/y9oAP+IIH9m7/o+743/wDhqPAX/wAvaAD/AIggf2bv+j7vjf8A+Go8Bf8Ay9oAP+IIH9m7/o+743/+Go8Bf/L2gA/4ggf2bv8Ao+743/8AhqPAX/y9oAP+IIH9m7/o+743/wDhqPAX/wAvaAD/AIggf2bv+j7vjf8A+Go8Bf8Ay9oAP+IIH9m7/o+743/+Go8Bf/L2gA/4ggf2bv8Ao+743/8AhqPAX/y9oAP+IIH9m7/o+743/wDhqPAX/wAvaAD/AIggf2bv+j7vjf8A+Go8Bf8Ay9oAP+IIH9m7/o+743/+Go8Bf/L2gA/4ggf2bv8Ao+743/8AhqPAX/y9oAP+IIH9m7/o+743/wDhqPAX/wAvaAD/AIggf2bv+j7vjf8A+Go8Bf8Ay9oAP+IIH9m7/o+743/+Go8Bf/L2gA/4ggf2bv8Ao+743/8AhqPAX/y9oAP+IIH9m7/o+743/wDhqPAX/wAvaAD/AIggf2bv+j7vjf8A+Go8Bf8Ay9oAP+IIH9m7/o+743/+Go8Bf/L2gA/4ggf2bv8Ao+743/8AhqPAX/y9oAP+IIH9m7/o+743/wDhqPAX/wAvaAD/AIggf2bv+j7vjf8A+Go8Bf8Ay9oAP+IIH9m7/o+743/+Go8Bf/L2gDxr9oz/AIM0f2e/gh+z38d/jRpv7bPxl13UfhD8Gvif8ULDQ774YeCLSy1m98AeCNc8V2ulXl1b6289ta6jPpKWdxcQo80MUzyRqzqooA/Hz/ggp/wQC+Fv/BYT4NfHf4oeP/2h/H/wYvfhD8TtC8BWGleD/B3hzxNa6za6v4Vh8QyaheXGtajZy21xDLKbZIYUeNoxvLBiRQB+9H/EED+zd/0fd8b/APw1HgL/AOXtAB/xBA/s3f8AR93xv/8ADUeAv/l7QAf8QQP7N3/R93xv/wDDUeAv/l7QAf8AEED+zd/0fd8b/wDw1HgL/wCXtAB/xBA/s3f9H3fG/wD8NR4C/wDl7QAf8QQP7N3/AEfd8b//AA1HgL/5e0AH/EED+zd/0fd8b/8Aw1HgL/5e0AH/ABBA/s3f9H3fG/8A8NR4C/8Al7QAf8QQP7N3/R93xv8A/DUeAv8A5e0AH/EED+zd/wBH3fG//wANR4C/+XtAB/xBA/s3f9H3fG//AMNR4C/+XtAB/wAQQP7N3/R93xv/APDUeAv/AJe0AH/EED+zd/0fd8b/APw1HgL/AOXtAB/xBA/s3f8AR93xv/8ADUeAv/l7QA//AIMy/h/a/DTVv+Ctfgyz1G41S38GfHL4JfD+3vrmGOCa+tfBFz+0PpVtqM0URZIri/jfzp4UZo4nG2MkEmgD+4qgD//S+dP+D1z9lTXvDH7UH7MP7Zel6XO3gn4sfCOf4F+KNTgRntLD4i/CzxDr/irRhqUhXFteeKfBfjnyNIi3lbu38AaxIkaPaTvKAftZ/wAGZGrW+o/8EnviNZQyK02g/trfFzTLpB96OW4+FPwG1qMMOuGt9WhZWxg8gZKtQB/Hh/wdOarb6n/wXH/bEit5Y5RpGl/s5aVK0ZDKtxH+zD8HryaIsODJC96YpACSkiNG210dFAP9HL/ghB+yzrf7HX/BJr9jH4M+LdNbSfHM3w0n+KXjvT54Ht9R07xT8bPEmt/Fq70PWYpArJrHhSy8Y6f4P1CMjEM3h/yFaRIlkYAwf2g/+C/v/BJz9l79o27/AGV/jJ+1bougfFnRNah8NeM4tK8F/ELxZ4P+HniOeeO2/sLx3488LeGNX8KeH9Usrl/I8QW0uqSHwhLHOPGDaB9nn8oA/Xi28SeHbzw7B4vtNe0a68JXWixeJLbxRb6pZTeHrjw7PYrqkOvQ61HO2nS6NLprLqEeqJctZPYst2s5gIegD+In9rb9vb9iz/gtx+1pdfAL40/t2/Ar9mT/AIJH/sm+PrC98aaV4p+Nnhb4b/FD/goT8ZdCYzwJ4cs9R1rT9b0P9nDwkXaHTfFxihfxJcTz614ae68R3Wi6x8IwD+g7QP8Agr//AMETP2e/hn4d8EeBP26P2MfBnwz+HPhqy0Dwn4H+GPxE8K6xp/h3w3odqttYaP4e8I+Azq98Yra3iWO3sNO06a6nfJSGaaQswBzH/BLv/gqbZ/8ABQnw5+3h+1pPqnhr4f8A7C/wZ+OE3wt+AXjHxpaR+Br6TwP8Kfhb4d8XfF34vfEfXfEN/bW+m6B4g1HxZaa7pK6pb6JH4P8ADFkNP1tF1m01t4gD7p/Zj/4KA/sTftnXOu2H7LH7UXwW+OWseGI5LjxD4c8BeONI1TxXo9gl19iGr6h4TeeDxJbaFPd4t7PXpNLGjX0hVbO/n3KKAPov4j/DjwF8X/AXi74XfFHwjoHj34d+PtA1Lwt4z8GeKdNt9X8P+JPD+r2z2uo6Vqun3SPDcW1zBIRyA8ThJoXSaKN0AP8AP1/4NnP2IZvhT/wXb/4KR3Hw3bU9T/Z9/YouP2kf2edG8YTTXV3HqWoat8eo/Bvw00C/1LyLe11LVLnwT8PPFus6lIpdDeaFHdQxyw3VtdKAf0Gf8HWX/KFT9oz/ALHX4Gf+rZ8L0Afaf/BCv/lD7/wTu/7Nh+Hv/pJLQB+sFABQAUAFABQAUAFABQAUAFABQAUAFABQAUAFABQAUAFABQAUAFABQAUAFABQAUAFABQAUAFABQAUAFABQB/FL/wXB/4NWNf/AGz/AI8eN/2xv2EfH/w/8BfFP4oXzeI/jH8EvifJqXh/wV4v8aPAF1bx74C8ZeH9F11vD/iXxZLDFfeJfDniLRTo2teJrvVPE58X6JLqFzYSgH8u/wDwUO/4JF/8FuP2Y/2W9W+MP7dfjDxT4j/Zw+Des+EdK0zS/E/7V5+MWj6PqXivXbXwj4ebwd4Ebxf4gGmAX2vGF5o9L0k2dnPetnY7JKAf2q/8GlP7Hfwc+B3/AASz8AftNeFNMurn4xfti6p4z8S/FjxTqb280yaZ8Kviv8TPhj4D8GeH1htoX0/wxo2maHe69Jbzy3l5feJ/E+vX1xeGx/sjTdKAP6jaACgAoAKACgAoAKACgAoAKACgAoAKACgAoAKACgAoAKACgAoAKACgAoAKACgAoAKACgAoAKACgAoAKACgAoA+Sf2/f+TEf21v+zSf2j//AFTvjKgD+UX/AIMif+TSP21/+zjPBf8A6rO1oA/twoAKACgAoAKACgAoAKACgAoAKACgAoAKAP4tv+DRf/kpX/BaD/s7PwV/6f8A9oSgD+0mgD//0/7Jv+Cgn7CfwV/4KP8A7K3xI/ZS+Otpcr4W8cW1tfaB4q0mG1fxP8OPHmiPJdeEviD4Tmu4pIoda0C9Z0mgbbba3oV7rXhnUy+j63qMEoB/Lf8A8EiPgd/wUg/4N9/E37TX7Nnxp/Ym+N/7av7L/wAUvFWmfEr4S/Gb9iGz8GfETUF8c2Wlv4Yuhr/w98Y+OfAniPw3Z+MfDum+FrbW/wC2Et/+EQ1rw6n2S68WeH9TOvWQB5/+xP8A8ECP2nf25/8Agpj8Tf8Agq1/wVb+Gmm/BTwN4m+NFz8Zvh3+yNqPiHQ/GnjXxPNpF5ZD4VeHfinJok2p6FpHw98C+HdI8N6dq2g6jdJ4n8dXehPpeveF/DXh68uYtQAP7oqAP8lv9uv/AINzf+Cs+mft4fGTwr8O/wBm3x18e/B/xU+M3jXxf8Pfjt4avtAm8DeJPDfjvxhqWt6drfj3xPqWsWdj8PtftYtT8vxhYeM59JNpqltqFzps+saLLpur6gAf0zf8FOP2MP8AguTbf8E4v2Of+CT37CXwaPxS+Fvg/wDZW+GPgj9rX9orw98dvgf8PtS8feINA06fw5qf7P3hXS/ip8Tfh94v034Z6bBo9rf67rUWmSL478Lat4b8HPdWGmaf430PXwD+UP8A4hcv+C6//RjP/mzP7Hf/ANEFQAf8QuX/AAXX/wCjGf8AzZn9jv8A+iCoA/uf/Yj/AOCNXxD0j/g3m1L/AIJg/GmYfAr49/GvwR8VdR+JupWeo6H4xg8G/E7xd8UNT8ZeDv7VvfAviLUND8TaXpOh6L8P9A8TwaD4mvLbVtIstSsoL4ifykAP4iNV/wCDez/gvT+xr8bNL8UfBv8AZ++Itx408C67He+Afjn+zH8WfCk8RuYy8cOt+HNZ07xb4b8c+HredDLDPD4o8P8Ahm8a2klg1CwFpcYuAD+vT9j7/iLD/aF+F9h8HP2jbz9lL9jfw1eabDo+vftY+NvCfh/xx+1p/YTxxWF7qfgn4b/Cz4l6z8ID47MPnS293438FeAYYZDJqUM6Xq2TzgH9BP7A/wCwR8Av+Cc/wA0n4AfALS9VfT21W+8XfEH4g+Lr2PWviT8YPiTraW48SfEn4k+I1t7Ztb8Ua21tbxZjgttP0vTbWx0fSbOz06xt4KAPyh/4Osv+UKn7Rn/Y6/Az/wBWz4XoA+0/+CFf/KH3/gnd/wBmw/D3/wBJJaAP1goAKACgAoAKACgAoAKACgAoAKACgAoAKACgAoAKACgAoAKACgAoAKACgAoAKACgAoAKACgAoAKACgAoAKACgD+bz/g7E/5Qm/tDf9lF/Z5/9XT4OoA9f/4NkP8AlBt+wl/2Bfjr/wCtQ/G6gD95KACgAoAKACgAoAKACgAoAKACgAoAKACgAoAKACgAoAKACgAoAKACgAoAKACgAoAKACgAoAKACgAoAKACgAoA+Sf2/f8AkxH9tb/s0n9o/wD9U74yoA/lF/4Mif8Ak0j9tf8A7OM8F/8Aqs7WgD+zv4keNovhr8PvG/xCn8MeNfGsHgfwrr3iubwh8N/DN74z+IPieLQdNudTfQfBHhDTf+Jh4n8VaqtsbLQdBsf9L1bUp7axt/3syUAfzofEL/g6+/4Jf/CPxfrHw++K3hL9s74Y+PfDs6W3iDwR8Qv2Z9X8F+L9CuZIkmjt9Y8NeJPEmm6zpk7wyRzJFfWUEjRSJIFKMrUAW/h1/wAHWH/BM34wa1P4a+Evgb9tn4o+I7Wwm1W50D4dfsv65421q30u3kiiuNSn0rw14i1O+hsIJZ4IprySBbeKSaJHkDSIKAOp8Nf8HUX/AAR7v/Fsngn4g/Fb4yfAnxDb3UNjeWnxl/Z3+K2htpl7Pt8u21eLwzoHi660YjejS3Gq21nZ28Tiee5igDyoAfuj8Df2gfgf+018PNK+LP7PXxZ+H/xn+G2tM8On+M/hx4o0nxXoTXkMcUl1pd1d6TdXI07WrATwrqeiaitpq+lzOINQsrafMdAB8d/j/wDBT9mD4X+JvjT+0J8T/B3wg+Fng+2W58QeNvHGs22jaPaNKSlpYW7TN9o1TWtTnxZ6LoGkwX2t63qEkOnaRp97fTw27AH8xfir/g8w/wCCUegeOP8AhGNF8Bftg+OPDMd3c2s/xH8O/Cr4fWHhyWOObyrXUdO0bxf8YfC/ja4065VWuJP7Q8MaTqltbtF/xK5rlpLWIA/oI/Yi/wCCgX7JX/BRL4Ur8YP2S/i9oPxN8OWb2Np4r0SPztI8dfDzWb+GaaDQPiF4J1SO28QeFdTlFreCwkvrT+ytdisrq/8ADep61paLfuAfZdABQAUAFABQAUAfxbf8Gi//ACUr/gtB/wBnZ+Cv/T/+0JQB/aTQB//U/v4oAKACgAoAKACgAoAKACgAoAKACgD+cz/g6y/5QqftGf8AY6/Az/1bPhegD7T/AOCFf/KH3/gnd/2bD8Pf/SSWgD9YKACgAoAKACgAoAKACgAoAKACgAoAKACgAoAKACgAoAKACgAoAKACgAoAKACgAoAKACgAoAKACgAoAKACgAoA/m8/4OxP+UJv7Q3/AGUX9nn/ANXT4OoA9f8A+DZD/lBt+wl/2Bfjr/61D8bqAP3koA/Az9rH/g4z/Yb/AGIviXrnwt/aa+E/7bvwr1vS/Enifw7o2teKv2XfEugeD/iDH4V1abSbzxN8MvE3iDWNH0/x34OvniivtH8R6Cbmwv8ATbyyu1ZFuUSgD5u0T/g7r/4JK+JdY0zw94cg/au8Qa/rd/a6Xo2h6J8AZdV1jV9Tvpkt7LTtM0yx8Wz3t/f3lxIkFraWkMtxcTOkUUbOyrQB6h4k/wCDpD/gmF8OvENj4a+NmmftffADUb/5oU+M37KXxJ8JS/ZwsbNeDTIYdU1y4to1liLtZ6XdSASxkRsHQ0Afq9+x9/wUa/Yf/b50e+1j9kT9pT4b/GmTSLSLUNc8NaJqF5onxA8O6fM8UUOoeI/hr4tsfD/xB8P6dNPOlrDqOseGbKxmu91rDcPcJIigH2tQB8d/te/8FAv2Mv2DPCP/AAmf7Wv7RHw5+DNhPaTXmj6Hr+rm/wDHnimGAusv/CG/DjQIdW8e+MGjkQxS/wDCN+HNUW2fm5eBNz0AeQ/8EzP+CoPwA/4KsfCv4qfGn9m7QPiRo3w9+GPxp1n4K/b/AImaLo3h7VPFWqaL4O8FeMZfEujaRpHiHxDNZ+Hr6z8bWUGnprcum64zWs73+j6e7LDQB+kVABQAUAFABQAUAFABQAUAFABQAUAFABQAUAFABQAUAFABQAUAFABQAUAFABQAUAFAHyT+37/yYj+2t/2aT+0f/wCqd8ZUAfyi/wDBkT/yaR+2v/2cZ4L/APVZ2tAH9uFAH+aH/wAHsnhnRdP/AG9f2VvFVnYW1trXiT9k5dO1q9hghin1GHw58WvH50l7yWNFkuZrWPWru3jknaR0tlhgQrFEiKAfSH/BjhY2Unj/AP4KP6lJaWr6jaeD/wBl6xtb94Imvbay1DWvjrPf2lvdFDPDa3s+mabNdwRusVzLp9lJMjvawMgB9Rf8Hrv7Knw4vf2av2Y/20NM8M6VYfFrwx8dLf8AZ88TeJ9O0y0ttX8UfD7x74A8d+ONFtfE+pxRpd6ra+C/EPw1ki8LxXjzrpTeN/EC2nkpqNwrgH893/Bqh+2N8Tv2d/8Agqz8Ivgno/iPVB8Hv2s4PFPwv+J3go3kzaHfazp3grxL4r+HPi6LTHL2aeJfD/ivQrLSrfV0ijvovDXiLxNpkdx5GoyxOAf1Zftk/sB/GH/g4b/bR+LHhf4i/G3xv8B/+CXn7CfxCvvgr4I0rwRo9qPF/wC0d+05oWjpb/G7x3oL+Ira58PwaL8Ndb1Sf4XaZ451fSfF2mRnRNe0rwVpEV74i8ealYAH4p/8Fn/+DUPwf+xJ+yv45/a5/Yo+MfxY+J3hn4L2P/CTfF/4VfGhfCet+ME+Hyz2VtrHjbwX4r8BeEPBGmXCeCEmn17xToWs+GYQfCMGq61aa+t3oA0nXAD8rP8Ag2G/ao8ffs3/APBXn9m7wroPibU9N+Hf7Seqax8Cvix4Vgcy6V4usfEnhnX5/AD31myyRJf+GfiXb+FtZ07V4Ui1CxtF1jTI7qLS9d1m3uwD/XooAKACgAoAKACgD+Lb/g0X/wCSlf8ABaD/ALOz8Ff+n/8AaEoA/tJoA//V/v4oAKACgAoAKACgAoAKACgAoAKACgD+cz/g6y/5QqftGf8AY6/Az/1bPhegD7T/AOCFf/KH3/gnd/2bD8Pf/SSWgD9YKACgAoAKACgAoAKACgAoAKACgAoAKACgAoAKACgAoAKACgAoAKACgAoAKACgAoAKACgAoAKACgAoAKACgAoA/m8/4OxP+UJv7Q3/AGUX9nn/ANXT4OoA9f8A+DZD/lBt+wl/2Bfjr/61D8bqAP3koA/lB/4PIfDOi6z/AMElfD+uX9hbT6r4R/ax+EOo6DfyQQvd6fNqnhX4maDqCW1yyGaCK80/UpkuY4nRJzFbmUP5EewA/iT/AODaqxstQ/4Le/sGQX9pa3sEfjD4r30cN3BFcxJe6Z+z18XNS027SOZHRbrT9RtLW/sp1Altby2t7qB0nhjdAD/Se/4L4/sqfDj9q7/glD+2dovjjwzpWseIfhD8DPiP+0H8LNduNMtLvXvCXxB+CfhTU/iLp114Y1CaM3Wj3XiWx8O3/gnWZbKaFr/w34k1fTLnzba6kjYA/wAhj9lP9p34ufsa/tCfCr9pb4HeJtQ8LfEf4T+LdK8T6RdWV3Pa22sWlpcxtrHhTX4oWCan4W8WaV9r8P8AibR7pJ7PVNF1C8s7mCWOUrQB/tRfHn4X/Ff9r74R/DKP4M/tX/E79kbwj410zT/FfjnxH8HfCXw+1b4v+KPBvijw7aX2l+G/B/j34haP4q0n4WX8D3ourvxVpHgvW/EDlYodKu9FMctxOAf5cP8Awcpf8E//AA1/wT1/4KGaV4E8J/GL44fHLS/jP8BfBnx4u/HH7RXjiP4kfFhvEGt+NPiP4A13TvEPjkaVo1x4kQ3fw5XWrG+vbBLuG21tdNlmujYC5lAP61P+DKH/AJRs/tJ/9nw+MP8A1Qv7P1AH9jdABQAUAFABQAUAFABQAUAFABQAUAFABQAUAFABQAUAFABQAUAFABQAUAFABQAUAFAHyT+37/yYj+2t/wBmk/tH/wDqnfGVAH8ov/BkT/yaR+2v/wBnGeC//VZ2tAH9uFAH+bF/we4f8npfsc/9mva5/wCrX8T0Aekf8GUHxH+Hvw48Tf8ABSDUfiH488GeA9PufDH7LZt77xn4o0PwvZ3AtNT+Pz3ZhutcvrGGUWqTQtcGN28lZYjJtDpuAOs/4O/v+Cp/7MH7QPwo+A37DX7N3xd8C/G/WvDvxgHx4+MPij4YeJNL8ZeDvB83hbwZ4t8CeC/Bkni/QLnUPD2qeItWk+IHinVdb0bTNSurvw0vh7S01uKyudUtLegDwf8A4NNf+CQfx28XftU+DP8AgpP8Z/AfiH4efAP4L6H4mvvgZceLdMv9EvfjX8RfGvhfVfB1nr/hPTL+1gn1X4deDvD3iDXNWn8YxvFpWo+Lv+Eb0zw/LrYsfFP9igH+lDQB+WX/AAW3+N/gn4Af8Emv2/PG3jueyTT9e/Zj+Kvwk0OxvmhKa141+N3hbUPhH4J0hLaZgb5bnxN4z02W+tYVeUaVBqFyVWG2mliAP4KP+DR7/gnN42/aO/by0/8AbW8RaJd2nwE/Y3Oq6hba7dRzQWHjD47eJ/DOo6L4N8H6RKUjXUJfB+la3d/EPxHJZ3Df2JPZeC7PVImt/FlokoB/qSUAFABQAUAFABQB/Ft/waL/APJSv+C0H/Z2fgr/ANP/AO0JQB/aTQB//9b+/igAoAKACgAoAKACgAoAKACgAoAKAP5zP+DrL/lCp+0Z/wBjr8DP/Vs+F6APtP8A4IV/8off+Cd3/ZsPw9/9JJaAP1goAKACgAoAKACgAoAKACgAoAKACgAoAKACgAoAKACgAoAKACgAoAKACgAoAKACgAoAKACgAoAKACgAoAKACgD+bz/g7E/5Qm/tDf8AZRf2ef8A1dPg6gD1/wD4NkP+UG37CX/YF+Ov/rUPxuoA/eSgD+WD/g8M/wCUP83/AGdD8Ev/AEg8d0Afw1f8G3GuaL4b/wCC1/7DWt+ItY0vQNFsPEfxikv9X1rULTStLso5P2c/jDBG93qF9Nb2lskk8sUKNNMgaWSONcu6KwB/fX/wX+/4K8/scfs+f8E6v2pPhD4U/aB+E3xJ/aG/aE+EXjf4BeBPhR8OfHnhrxx4ush8WdBvvA/ibxf4m0/wxqOqS+DtB8K+E9Z1/W7fV/Ea6bbaprGn2Oh6VJd6leJCgB/nb/8ABIv/AIJLftDf8FUf2kfBfgPwN4M8S6b8ANE8V6TN+0D8dptMvrTwR8PvBNncW1/4g0m08SSWkmmah8Std0bzbDwT4OtJJ9TvdTvbXU9Rh0/wvY63rmmgH+0FpemWGiaZp2jaVbR2Wl6RYWemabZw5ENpYWFvHa2dtEGLMI4LeKOJNzMdqDJJ5oA/zJv+D1v/AJSafs6f9mJ+Av8A1oD9pCgD9zv+DKH/AJRsftJ/9nxeMf8A1Qv7PtAH9jVABQAUAFABQAUAFABQAUAFABQAUAFABQAUAFABQAUAFABQAUAFABQAUAFABQAUAFAHyT+37/yYj+2t/wBmk/tH/wDqnfGVAH8ov/BkT/yaR+2v/wBnGeC//VZ2tAH9uFAH+bF/we4f8npfsc/9mva5/wCrX8T0Aeef8Gjv7Av7HX7dHir9uy1/a3+APgj4623wy0D9nW68BweNE1Z4/DVx4s1H40xeI5bBdM1TTQW1aPw7oqXP2gTjGnweWI/3m8A/vM+Dn/BI3/gmH8Adah8S/Cb9g/8AZf8AC/ia1MbWPiab4S+FfEniPTHibckuka94ssNc1bSJiSDJNpl5ZyzbUEzPsRVAP0RjjjijSKJEiiiRY4441VI440UKiIigKiIoCqqgKqgAAAAUAOZgoLMQqqCzMxACgDJJJ4AA5JPAHJoA/iX/AG79N+MP/BzH+2hpv7GX7MHinUfBn/BKr9iv4hm7/aU/ar0uJLvw58ZfjpZWs1hfeHPhBLOkmmeOdV8H6DqOp+HfBV1D9o8M6a3iDxH8SvEMmr6BqPwxsvEIB/WR8Efgl+zR/wAE9f2XdG+F/wAMdH8L/BL9nL9n3wJq2rX15qF5BY6Xofh3w9YXWv8AjLx9448R3pjfUNUu0t9T8UeM/FmszPdX95JfanfTncdgB9A+E/FXh3x14V8M+N/CGrWmv+E/GXh/RvFXhfXbBmex1rw74h0621fRNWsndUd7TUtNvLa8tmZEZoZkLKpOKAOgoAKACgAoAKAP4tv+DRf/AJKV/wAFoP8As7PwV/6f/wBoSgD+0mgD/9f+/igAoAKACgAoAKACgAoAKACgAoAKAP5zP+DrL/lCp+0Z/wBjr8DP/Vs+F6APtP8A4IV/8off+Cd3/ZsPw9/9JJaAP1goAKACgAoAKACgAoAKACgAoAKACgAoAKACgAoAKACgAoAKACgAoAKACgAoAKACgAoAKACgAoAKACgAoAKACgD+bz/g7E/5Qm/tDf8AZRf2ef8A1dPg6gD1/wD4NkP+UG37CX/YF+Ov/rUPxuoA/eSgD+WD/g8M/wCUP83/AGdD8Ev/AEg8d0AfwRf8EFfgN8IP2nP+Ctf7HvwM+PfgPRfid8JPHuv/ABRtvGHgXxD9s/sbX4NF+BXxQ8TaXFe/YLqyuytlr2i6XqUQiuos3FlEH3x70YA/1JfBf/BDf/gkN4B1ez13w9/wTy/Zhl1HT5luLRvE/wAO7Dx1Zxzp/q5W0vxw/iLS5nibEkRns5fKlVJo9syo6AH6a+FPCHhPwJoOn+FfA/hfw74N8MaTF5GleHPCmiab4d0HTIM58nT9H0i1s9Ps4s8+Xb28SZ5xzQB0VAH+Yv8A8Hrf/KTT9nT/ALMT8Bf+tAftIUAfud/wZQ/8o2P2k/8As+Lxj/6oX9n2gD+xqgAoAKACgAoAKACgAoAKACgAoAKACgAoAKACgAoAKACgAoAKACgAoAKACgAoAKACgD5J/b9/5MR/bW/7NJ/aP/8AVO+MqAP5Rf8AgyJ/5NI/bX/7OM8F/wDqs7WgD+3CgD/Mq/4PU/iL4R8Tf8FBv2c/AWha3puq+Ivhv+yzZDxpY2F5DdzeHdQ8XfEvxvquk6PrEcLOdP1WbRLWz1z7BclLr+ydY0m/MS22oWsk4B71/wAGQPxG8I6N8dv29fhbqWt6dZ+NPHvww+B/i/wrodzeQQajrWjfDfxL8SNO8WXGm2khEt8NIl+Inhp737Pua2ivY5ZF8os6AH+i3QAUAfwff8HP3/BwRH4MsvHf/BND9iTxtu8aahDf+E/2tfjX4Wv/AJfB+nXEclprXwD8DaxZy8+LNRieWw+LGuWUu3wvp73PgG1mfxLe+KE8JgH4Vfs7f8HU/wDwUC/ZQ+DPgL9n/wDZ/wDgV+wt8NfhP8NtEg0Pwr4V0L4LfEqKCCFCZbzUtSu3+OL3uteIdbvpLjV/EXiLVZ7vWdf1q8vdW1a9u7+6uLhwDH+L3/Ben/gqt/wV71T4a/sBeNPHnw9+H/w//aj+Lfwv+DfiPwz8Dfh7/wAIheeMU8e+PNA8O6doeteINY1vxX4nbQX1LULSXUdH03V9Osdagi+wa5HqOmTXFpKAf6y3h7QNI8K6BofhfQLKLTdB8N6PpmgaJp0AxBYaRo9lDp+m2UIOSIrWzt4YIwTwiAc0AbFABQAUAFABQB/Ft/waL/8AJSv+C0H/AGdn4K/9P/7QlAH9pNAH/9D+/igAoAKACgAoAKACgAoAKACgAoAKAP5zP+DrL/lCp+0Z/wBjr8DP/Vs+F6APtP8A4IV/8off+Cd3/ZsPw9/9JJaAP1goAKACgAoAKACgAoAKACgAoAKACgAoAKACgAoAKACgAoAKACgAoAKACgAoAKACgAoAKACgAoAKACgAoAKACgD+bz/g7E/5Qm/tDf8AZRf2ef8A1dPg6gD1/wD4NkP+UG37CX/YF+Ov/rUPxuoA/eSgD+Sj/g8q+IvhHw5/wSx8E/D/AFPW9Ng8YfEf9qb4anwt4de8hXWNT0/wl4W+IGs+JNYtdO3G6n0rRVbS7PU79I/stne67o1tPKk+o2cc4B/D7/wbx/Ebwj8K/wDgs7+wX4u8ca3p3h7w8/xP8T+EG1bVryDT7CHWfiR8KfH/AMOfC1vPeXJWCE6j4p8V6Np0HmsqvcXcUe5S4agD/ZZoAKACgD/LP/4PJfir4K+If/BVrwR4W8I67pmuaj8Gv2Rvhl8O/H8em3kV2/h/xve/En4y/ER/DuoiEsttqVt4T8c+EtTntWczQpq8SzJFIGRQD94P+DJX4g+Fb79h79rX4VW+r2D+NvC/7Vi/EHVtAF3EdUtvCvjz4RfDrw54e1eSxz562F7q3w58T2UN3tMT3Gnzw5V48MAf2oUAFABQAUAFABQAUAFABQAUAFABQAUAFABQAUAFABQAUAFABQAUAFABQAUAFABQAUAfJP7fv/JiP7a3/ZpP7R//AKp3xlQB/KL/AMGRP/JpH7a//Zxngv8A9Vna0Af2d/Ej4feFviz8PvG3wv8AHFrqd74M+IfhXXfBfiuz0XxL4m8G6vd+HvEum3OkaxbaZ4s8Gax4f8XeGr6awu547XXPDOu6PrumTMl3pep2V5FDcRAH4ian/wAGwv8AwQ61rULzVtY/YqvtW1XUbmW81DU9T/ak/bLv9Qv7udzJPdXl7dftDzXN1czSMXlnnleWR2LOzE5UAn0P/g2P/wCCInhjVrHX/DX7GWq+Htd0uYXOma1of7VX7Z+k6tp1wFZBPY6lYftEW95aTBHdBLbzI+1mXJBIoA/b/wAC+C/D/wAN/BHg74d+EoNRtfCvgLwr4e8F+GbbV9f1/wAVatb+H/C2kWeh6NBqfijxXqeteKfEmoxadY20d7r/AIl1nVtf1i5WXUNY1O/1G4ubqUA6eSNZY3ifdskRo22u8bbXUq22RCro2CcOjK6nlSCAaAPwLuf+DXv/AIIYXtzcXl5+xDPd3d3PLc3V1c/tPftjz3NzczyNLPcXE8v7QjSzTzSu0kssjM8kjM7sWYlgCD/iFy/4IUf9GM/+bM/tif8A0QVAHq3wM/4N3/8Agjr+zb8X/h18evgx+x3B4R+K/wAJ/FOmeNvh/wCKLj48ftOeK4/D/inRpfP0rV18PeNPjT4i8L6nPYXAW5totZ0XUbaO5SK4EAmhidQD9qKACgAoAKACgAoA/i2/4NF/+Slf8FoP+zs/BX/p/wD2hKAP7SaAP//R/v4oAKACgAoAKACgAoAKACgAoAKACgD+cz/g6y/5QqftGf8AY6/Az/1bPhegD7T/AOCFf/KH3/gnd/2bD8Pf/SSWgD9YKACgAoAKACgAoAKACgAoAKACgAoAKACgAoAKACgAoAKACgAoAKACgAoAKACgAoAKACgAoAKACgAoAKACgAoA/m8/4OxP+UJv7Q3/AGUX9nn/ANXT4OoA9f8A+DZD/lBt+wl/2Bfjr/61D8bqAP3koA/Fr43f8G8//BIb9pD4meLvjD8cv2WfEPxJ+I/jnxDrvijxH4k8Q/tRftgO8+reI9Xvdd1VdM0uz+PtponhzSG1PULqWw8OeG9M0jw7o0EiWOjaVp9hDb2sQB5N/wAQuX/BCj/oxn/zZn9sT/6IKgD9av2Vv2RvgL+xV8MZvg5+zl4Y8TeD/h1L4jvfFa6F4o+K3xb+L1xa6xqGl6No1yNN8QfGXx18QPEulaR9g0DTEtvDemaza+HLGeO7vrLS4L/U9TubsA+lKAPmX9qH9kD4EftkeEtD8DfH7RfHuveGPDusy6/pth4E+OPxz+B076lNYT6a51bVfgX8R/hvrHiCx+yXEyppGv6hqWkRzlLyOxS8iiuEAPyiuf8Ag17/AOCGF7c3F5efsQz3d3dzy3N1dXP7T37Y89zc3M7tLPcXE8v7QjSzTzSs0kssjM8jszuxYksAdN4L/wCDa/8A4IxfDbXI/E3w6/ZO8W+AfEkUEtrF4g8F/teftt+Ftcitp2jaa3j1bQ/2j7C/SCZoomliW4WORooy6kopoA/anwR4O0L4d+C/CHw/8LR6pF4Z8C+F9A8HeHYtc8ReIvF+tR6F4Y0q00XSI9X8WeL9V13xZ4o1RNPsrddQ8ReKNb1nxFrV2JdS1rVdQ1K5ubucA6igAoAKACgAoAKACgAoAKACgAoAKACgAoAKACgAoAKACgAoAKACgAoAKACgAoAKAPkn9v3/AJMR/bW/7NJ/aP8A/VO+MqAP5Rf+DIn/AJNI/bX/AOzjPBf/AKrO1oA/twoAKACgAoAKACgAoAKACgAoAKACgAoAKAP4tv8Ag0X/AOSlf8FoP+zs/BX/AKf/ANoSgD+0mgD/0v7+KACgAoAKACgAoAKACgAoAKACgAoA/nM/4Osv+UKn7Rn/AGOvwM/9Wz4XoA+0/wDghX/yh9/4J3f9mw/D3/0kloA/WCgAoAKACgAoAKACgAoAKACgAoAKACgAoAKACgAoAKACgAoAKACgAoAKACgAoAKACgAoAKACgAoAKACgAoAKAP5vP+DsT/lCb+0N/wBlF/Z5/wDV0+DqAPX/APg2Q/5QbfsJf9gX46/+tQ/G6gD95KACgAoAKACgAoAKACgAoAKACgAoAKACgAoAKACgAoAKACgAoAKACgAoAKACgAoAKACgAoAKACgAoAKACgAoA+Sf2/f+TEf21v8As0n9o/8A9U74yoA/lF/4Mif+TSP21/8As4zwX/6rO1oA/twoAKACgAoAKACgAoAKACgAoAKACgAoAKAP4tv+DRf/AJKV/wAFoP8As7PwV/6f/wBoSgD+0mgD/9P+/igAoAKACgAoAKACgAoAKACgAoAKAP5zP+DrL/lCp+0Z/wBjr8DP/Vs+F6APtP8A4IV/8off+Cd3/ZsPw9/9JJaAP1goAKACgAoAKACgAoAKACgAoAKACgAoAKACgAoAKACgAoAKACgAoAKACgAoAKACgAoAKACgAoAKACgAoAKACgD+bz/g7E/5Qm/tDf8AZRf2ef8A1dPg6gD1/wD4NkP+UG37CX/YF+Ov/rUPxuoA/eSgAoAKACgAoAKACgAoAKACgAoAKACgAoAKACgAoAKACgAoAKACgAoAKACgAoAKACgAoAKACgAoAKACgAoAKAPkn9v3/kxH9tb/ALNJ/aP/APVO+MqAP5Rf+DIn/k0j9tf/ALOM8F/+qztaAP7cKACgAoAKACgAoAKACgAoAKACgAoAKACgD+Lb/g0X/wCSlf8ABaD/ALOz8Ff+n/8AaEoA/tJoA//U/v4oAKACgAoAKACgAoAKACgAoAKACgD+cz/g6y/5QqftGf8AY6/Az/1bPhegD7T/AOCFf/KH3/gnd/2bD8Pf/SSWgD9YKACgAoAKACgAoAKACgAoAKACgAoAKACgAoAKACgAoAKACgAoAKACgAoAKACgAoAKACgAoAKACgAoAKACgAoA/m8/4OxP+UJv7Q3/AGUX9nn/ANXT4OoA9f8A+DZD/lBt+wl/2Bfjr/61D8bqAP3koAKACgAoAKACgAoAKACgAoAKACgAoAKACgAoAKACgAoAKACgAoAKACgAoAKACgAoAKACgAoAKACgAoAKACgD5J/b9/5MR/bW/wCzSf2j/wD1TvjKgD+UX/gyJ/5NI/bX/wCzjPBf/qs7WgD+3CgAoAKACgAoAKACgAoAKACgAoAKACgAoA/i2/4NF/8AkpX/AAWg/wCzs/BX/p//AGhKAP7SaAP/1f7+KACgAoAKACgAoAKACgAoAKACgAoA/nM/4Osv+UKn7Rn/AGOvwM/9Wz4XoA+0/wDghX/yh9/4J3f9mw/D3/0kloA/WCgAoAKACgAoAKACgAoAKACgAoAKACgAoAKACgAoAKACgAoAKACgAoAKACgAoAKACgAoAKACgAoAKACgAoAKAP5vP+DsT/lCb+0N/wBlF/Z5/wDV0+DqAPX/APg2Q/5QbfsJf9gX46/+tQ/G6gD95KACgAoAKACgAoAKACgAoAKACgAoAKACgAoAKACgAoAKACgAoAKACgAoAKACgAoAKACgAoAKACgAoAKACgAoA+Sf2/f+TEf21v8As0n9o/8A9U74yoA/lF/4Mif+TSP21/8As4zwX/6rO1oA/twoAKACgAoAKACgAoAKACgAoAKACgAoAKAP4tv+DRf/AJKV/wAFoP8As7PwV/6f/wBoSgD+0mgD/9b+/igAoAKACgAoAKACgAoAKACgAoAKAP5zP+DrL/lCp+0Z/wBjr8DP/Vs+F6APtP8A4IV/8off+Cd3/ZsPw9/9JJaAP1goAKACgAoAKACgAoAKACgAoAKACgAoAKACgAoAKACgAoAKACgAoAKACgAoAKACgAoAKACgAoAKACgAoAKACgD+bz/g7E/5Qm/tDf8AZRf2ef8A1dPg6gD1/wD4NkP+UG37CX/YF+Ov/rUPxuoA/eSgAoAKACgAoAKACgAoAKACgAoAKACgAoAKACgAoAKACgAoAKACgAoAKACgAoAKACgAoAKACgAoAKACgAoAKAPkn9v3/kxH9tb/ALNJ/aP/APVO+MqAP5Rf+DIn/k0j9tf/ALOM8F/+qztaAP7cKACgAoAKACgAoAKACgAoAKACgAoAKACgD+Lb/g0X/wCSlf8ABaD/ALOz8Ff+n/8AaEoA/tJoA//X/v4oAKACgAoAKACgAoAKACgAoAKACgD+cz/g6y/5QqftGf8AY6/Az/1bPhegD7T/AOCFf/KH3/gnd/2bD8Pf/SSWgD9YKACgAoAKACgAoAKACgAoAKACgAoAKACgAoAKACgAoAKACgAoAKACgAoAKACgAoAKACgAoAKACgAoAKACgAoA/m8/4OxP+UJv7Q3/AGUX9nn/ANXT4OoA9f8A+DZD/lBt+wl/2Bfjr/61D8bqAP3koAKACgAoAKACgAoAKACgAoAKACgAoAKACgAoAKACgAoAKACgAoAKACgAoAKACgAoAKACgAoAKACgAoAKACgD5J/b9/5MR/bW/wCzSf2j/wD1TvjKgD+UX/gyJ/5NI/bX/wCzjPBf/qs7WgD+3CgAoAKACgAoAKACgAoAKACgAoAKACgAoA/i2/4NF/8AkpX/AAWg/wCzs/BX/p//AGhKAP7SaAP/0P7+KACgAoAKACgAoAKACgAoAKACgAoA/nM/4Osv+UKn7Rn/AGOvwM/9Wz4XoA+0/wDghX/yh9/4J3f9mw/D3/0kloA/WCgAoAKACgAoAKACgAoAKACgAoAKACgAoAKACgAoAKACgAoAKACgAoAKACgAoAKACgAoAKACgAoAKACgAoAKAP5vP+DsT/lCb+0N/wBlF/Z5/wDV0+DqAPX/APg2Q/5QbfsJf9gX46/+tQ/G6gD95KACgAoAKACgAoAKACgAoAKACgAoAKACgAoAKACgAoAKACgAoAKACgAoAKACgAoAKACgAoAKACgAoAKACgAoA+Sf2/f+TEf21v8As0n9o/8A9U74yoA/lF/4Mif+TSP21/8As4zwX/6rO1oA/twoAKACgAoAKACgAoAKACgAoAKACgAoAKAP4tv+DRf/AJKV/wAFoP8As7PwV/6f/wBoSgD+0mgD/9H+/igAoAKACgAoAKACgAoAKACgAoAKAP5zP+DrL/lCp+0Z/wBjr8DP/Vs+F6APtP8A4IV/8off+Cd3/ZsPw9/9JJaAP1goAKACgAoAKACgAoAKACgAoAKACgAoAKACgAoAKACgAoAKACgAoAKACgAoAKACgAoAKACgAoAKACgAoAKACgD+bz/g7E/5Qm/tDf8AZRf2ef8A1dPg6gD1/wD4NkP+UG37CX/YF+Ov/rUPxuoA/eSgAoAKACgAoAKACgAoAKACgAoAKACgAoAKACgAoAKACgAoAKACgAoAKACgAoAKACgAoAKACgAoAKACgAoAKAPkn9v3/kxH9tb/ALNJ/aP/APVO+MqAP5Rf+DIn/k0j9tf/ALOM8F/+qztaAP7cKACgAoAKACgAoAKACgAoAKACgAoAKACgD+Lb/g0X/wCSlf8ABaD/ALOz8Ff+n/8AaEoA/tJoA//S/v4oAKACgAoAKACgAoAKACgAoAKACgD+cz/g6y/5QqftGf8AY6/Az/1bPhegD7T/AOCFf/KH3/gnd/2bD8Pf/SSWgD9YKACgAoAKACgAoAKACgAoAKACgAoAKACgAoAKACgAoAKACgAoAKACgAoAKACgAoAKACgAoAKACgAoAKACgAoA/m8/4OxP+UJv7Q3/AGUX9nn/ANXT4OoA9f8A+DZD/lBt+wl/2Bfjr/61D8bqAP3koAKACgAoAKACgAoAKACgAoAKACgAoAKACgAoAKACgAoAKACgAoAKACgAoAKACgAoAKACgAoAKACgAoAKACgD5J/b9/5MR/bW/wCzSf2j/wD1TvjKgD+UX/gyJ/5NI/bX/wCzjPBf/qs7WgD+3CgAoAKACgAoAKACgAoAKACgAoAKACgAoA/i2/4NF/8AkpX/AAWg/wCzs/BX/p//AGhKAP7SaAP/0/7+KACgAoAKACgAoAKACgAoAKACgAoA/nM/4Osv+UKn7Rn/AGOvwM/9Wz4XoA+0/wDghX/yh9/4J3f9mw/D3/0kloA/WCgAoAKACgAoAKACgAoAKACgAoAKACgAoAKACgAoAKACgAoAKACgAoAKACgAoAKACgAoAKACgAoAKACgAoAKAP5vP+DsT/lCb+0N/wBlF/Z5/wDV0+DqAPX/APg2Q/5QbfsJf9gX46/+tQ/G6gD95KACgAoAKACgAoAKACgAoAKACgAoAKACgAoAKACgAoAKACgAoAKACgAoAKACgAoAKACgAoAKACgAoAKACgAoA+Sf2/f+TEf21v8As0n9o/8A9U74yoA/lF/4Mif+TSP21/8As4zwX/6rO1oA/twoAKACgAoAKACgAoAKACgAoAKACgAoAKAP4tv+DRf/AJKV/wAFoP8As7PwV/6f/wBoSgD+0mgD/9T+/igAoAKACgAoAKACgAoAKACgAoAKAP5zP+DrL/lCp+0Z/wBjr8DP/Vs+F6APtP8A4IV/8off+Cd3/ZsPw9/9JJaAP1goAKACgAoAKACgAoAKACgAoAKACgAoAKACgAoAKACgAoAKACgAoAKACgAoAKACgAoAKACgAoAKACgAoAKACgD+bz/g7E/5Qm/tDf8AZRf2ef8A1dPg6gD1/wD4NkP+UG37CX/YF+Ov/rUPxuoA/eSgAoAKACgAoAKACgAoAKACgAoAKACgAoAKACgAoAKACgAoAKACgAoAKACgAoAKACgAoAKACgAoAKACgAoAKAPkn9v3/kxH9tb/ALNJ/aP/APVO+MqAP5Rf+DIn/k0j9tf/ALOM8F/+qztaAP7cKACgAoAKACgAoAKACgAoAKACgAoAKACgD+Lb/g0X/wCSlf8ABaD/ALOz8Ff+n/8AaEoA/tJoA//V/v4oAKACgAoAKACgAoAKACgAoAKACgD+cz/g6y/5QqftGf8AY6/Az/1bPhegD7T/AOCFf/KH3/gnd/2bD8Pf/SSWgD9YKACgAoAKACgAoAKACgAoAKACgAoAKACgAoAKACgAoAKACgAoAKACgAoAKACgAoAKACgAoAKACgAoAKACgAoA/m8/4OxP+UJv7Q3/AGUX9nn/ANXT4OoA9f8A+DZD/lBt+wl/2Bfjr/61D8bqAP3koAKACgAoAKACgAoAKACgAoAKACgAoAKACgAoAKACgAoAKACgAoAKACgAoAKACgAoAKACgAoAKACgAoAKACgD5J/b9/5MR/bW/wCzSf2j/wD1TvjKgD+UX/gyJ/5NI/bX/wCzjPBf/qs7WgD+3CgAoAKACgAoAKACgAoAKACgAoAKACgAoA/i2/4NF/8AkpX/AAWg/wCzs/BX/p//AGhKAP7SaAP/1v7+KACgAoAKACgAoAKACgAoAKACgAoA/nM/4Osv+UKn7Rn/AGOvwM/9Wz4XoA+0/wDghX/yh9/4J3f9mw/D3/0kloA/WCgAoAKACgAoAKACgAoAKACgAoAKACgAoAKACgAoAKACgAoAKACgAoAKACgAoAKACgAoAKACgAoAKACgAoAKAP5vP+DsT/lCb+0N/wBlF/Z5/wDV0+DqAPX/APg2Q/5QbfsJf9gX46/+tQ/G6gD95KACgAoAKACgAoAKACgAoAKACgAoAKACgAoAKACgAoAKACgAoAKACgAoAKACgAoAKACgAoAKACgAoAKACgAoA+Sf2/f+TEf21v8As0n9o/8A9U74yoA/lF/4Mif+TSP21/8As4zwX/6rO1oA/twoAKACgAoAKACgAoAKACgAoAKACgAoAKAP4tv+DRf/AJKV/wAFoP8As7PwV/6f/wBoSgD+0mgD/9f+/igAoAKACgAoAKACgAoAKACgAoAKAP5zP+DrL/lCp+0Z/wBjr8DP/Vs+F6APtP8A4IV/8off+Cd3/ZsPw9/9JJaAP1goAKACgAoAKACgAoAKACgAoAKACgAoAKACgAoAKACgAoAKACgAoAKACgAoAKACgAoAKACgAoAKACgAoAKACgD+bz/g7E/5Qm/tDf8AZRf2ef8A1dPg6gD1/wD4NkP+UG37CX/YF+Ov/rUPxuoA/eSgAoAKACgAoAKACgAoAKACgAoAKACgAoAKACgAoAKACgAoAKACgAoAKACgAoAKACgAoAKACgAoAKACgAoAKAPkn9v3/kxH9tb/ALNJ/aP/APVO+MqAP5Rf+DIn/k0j9tf/ALOM8F/+qztaAP7cKACgAoAKACgAoAKACgAoAKACgAoAKACgD+Lb/g0X/wCSlf8ABaD/ALOz8Ff+n/8AaEoA/tJoA//Q/v4oAKACgAoAKACgAoAKACgAoAKACgD+cz/g6y/5QqftGf8AY6/Az/1bPhegD7T/AOCFf/KH3/gnd/2bD8Pf/SSWgD9YKACgAoAKACgAoAKACgAoAKACgAoAKACgAoAKACgAoAKACgAoAKACgAoAKACgAoAKACgAoAKACgAoAKACgAoA/m8/4OxP+UJv7Q3/AGUX9nn/ANXT4OoA9f8A+DZD/lBt+wl/2Bfjr/61D8bqAP3koAKACgAoAKACgAoAKACgAoAKACgAoAKACgAoAKACgAoAKACgAoAKACgAoAKACgAoAKACgAoAKACgAoAKACgD5J/b9/5MR/bW/wCzSf2j/wD1TvjKgD+UX/gyJ/5NI/bX/wCzjPBf/qs7WgD+3CgAoAKACgAoAKACgAoAKACgAoAKACgAoA/i2/4NF/8AkpX/AAWg/wCzs/BX/p//AGhKAP7SaAP/0f7+KACgAoAKACgAoAKACgAoAKACgAoA/nM/4Osv+UKn7Rn/AGOvwM/9Wz4XoA+0/wDghX/yh9/4J3f9mw/D3/0kloA/WCgAoAKACgAoAKACgAoAKACgAoAKACgAoAKACgAoAKACgAoAKACgAoAKACgAoAKACgAoAKACgAoAKACgAoAKAP5vP+DsT/lCb+0N/wBlF/Z5/wDV0+DqAPX/APg2Q/5QbfsJf9gX46/+tQ/G6gD95KACgAoAKACgAoAKACgAoAKACgAoAKACgAoAKACgAoAKACgAoAKACgAoAKACgAoAKACgAoAKACgAoAKACgAoA+Sf2/f+TEf21v8As0n9o/8A9U74yoA/lF/4Mif+TSP21/8As4zwX/6rO1oA/twoAKACgAoAKACgAoAKACgAoAKACgAoAKAP4tv+DRf/AJKV/wAFoP8As7PwV/6f/wBoSgD+0mgD/9L+/igAoAKACgAoAKACgAoAKACgAoAKAP5zP+DrL/lCp+0Z/wBjr8DP/Vs+F6APtP8A4IV/8off+Cd3/ZsPw9/9JJaAP1goAKACgAoAKACgAoAKACgAoAKACgAoAKACgAoAKACgAoAKACgAoAKACgAoAKACgAoAKACgAoAKACgAoAKACgD+bz/g7E/5Qm/tDf8AZRf2ef8A1dPg6gD1/wD4NkP+UG37CX/YF+Ov/rUPxuoA/eSgAoAKACgAoAKACgAoAKACgAoAKACgAoAKACgAoAKACgAoAKACgAoAKACgAoAKACgAoAKACgAoAKACgAoAKAPkn9v3/kxH9tb/ALNJ/aP/APVO+MqAP5Rf+DIn/k0j9tf/ALOM8F/+qztaAP7cKACgAoAKACgAoAKACgAoAKACgAoAKACgD+Lb/g0X/wCSlf8ABaD/ALOz8Ff+n/8AaEoA/tJoA//T/v4oAKACgAoAKACgAoAKACgAoAKACgD+cz/g6y/5QqftGf8AY6/Az/1bPhegD7T/AOCFf/KH3/gnd/2bD8Pf/SSWgD9YKACgAoAKACgAoAKACgAoAKACgAoAKACgAoAKACgAoAKACgAoAKACgAoAKACgAoAKACgAoAKACgAoAKACgAoA/m8/4OxP+UJv7Q3/AGUX9nn/ANXT4OoA9f8A+DZD/lBt+wl/2Bfjr/61D8bqAP3koAKACgAoAKACgAoAKACgAoAKACgAoAKACgAoAKACgAoAKACgAoAKACgAoAKACgAoAKACgAoAKACgAoAKACgD5J/b9/5MR/bW/wCzSf2j/wD1TvjKgD+UX/gyJ/5NI/bX/wCzjPBf/qs7WgD+3CgAoAKACgAoAKACgAoAKACgAoAKACgAoA/i2/4NF/8AkpX/AAWg/wCzs/BX/p//AGhKAP7SaAP/1P7+KACgAoAKACgAoAKACgAoAKACgAoA/nM/4Osv+UKn7Rn/AGOvwM/9Wz4XoA+0/wDghX/yh9/4J3f9mw/D3/0kloA/WCgAoAKACgAoAKACgAoAKACgAoAKACgAoAKACgAoAKACgAoAKACgAoAKACgAoAKACgAoAKACgAoAKACgAoAKAP5vP+DsT/lCb+0N/wBlF/Z5/wDV0+DqAPX/APg2Q/5QbfsJf9gX46/+tQ/G6gD95KACgAoAKACgAoAKACgAoAKACgAoAKACgAoAKACgAoAKACgAoAKACgAoAKACgAoAKACgAoAKACgAoAKACgAoA+Sf2/f+TEf21v8As0n9o/8A9U74yoA/lF/4Mif+TSP21/8As4zwX/6rO1oA/twoAKACgAoAKACgAoAKACgAoAKACgAoAKAP4tv+DRf/AJKV/wAFoP8As7PwV/6f/wBoSgD+0mgD/9X+/igAoAKACgAoAKACgAoAKACgAoAKAP5zP+DrL/lCp+0Z/wBjr8DP/Vs+F6APtP8A4IV/8off+Cd3/ZsPw9/9JJaAP1goAKACgAoAKACgAoAKACgAoAKACgAoAKACgAoAKACgAoAKACgAoAKACgAoAKACgAoAKACgAoAKACgAoAKACgD+bz/g7E/5Qm/tDf8AZRf2ef8A1dPg6gD1/wD4NkP+UG37CX/YF+Ov/rUPxuoA/eSgAoAKACgAoAKACgAoAKACgAoAKACgAoAKACgAoAKACgAoAKACgAoAKACgAoAKACgAoAKACgAoAKACgAoAKAPkn9v3/kxH9tb/ALNJ/aP/APVO+MqAP5Rf+DIn/k0j9tf/ALOM8F/+qztaAP7cKACgAoAKACgAoAKACgAoAKACgAoAKACgD+Lb/g0X/wCSlf8ABaD/ALOz8Ff+n/8AaEoA/tJoA//W/v4oAKACgAoAKACgAoAKACgAoAKACgD+cz/g6y/5QqftGf8AY6/Az/1bPhegD7T/AOCFf/KH3/gnd/2bD8Pf/SSWgD9YKACgAoAKACgAoAKACgAoAKACgAoAKACgAoAKACgAoAKACgAoAKACgAoAKACgAoAKACgAoAKACgAoAKACgAoA/m8/4OxP+UJv7Q3/AGUX9nn/ANXT4OoA9f8A+DZD/lBt+wl/2Bfjr/61D8bqAP3koAKACgAoAKACgAoAKACgAoAKACgAoAKACgAoAKACgAoAKACgAoAKACgAoAKACgAoAKACgAoAKACgAoAKACgD5J/b9/5MR/bW/wCzSf2j/wD1TvjKgD+UX/gyJ/5NI/bX/wCzjPBf/qs7WgD+3CgAoAKACgAoAKACgAoAKACgAoAKACgAoA/i2/4NF/8AkpX/AAWg/wCzs/BX/p//AGhKAP7SaAP/1/7+KACgAoAKACgAoAKACgAoAKACgAoA/nM/4Osv+UKn7Rn/AGOvwM/9Wz4XoA+0/wDghX/yh9/4J3f9mw/D3/0kloA/WCgAoAKACgAoAKACgAoAKACgAoAKACgAoAKACgAoAKACgAoAKACgAoAKACgAoAKACgAoAKACgAoAKACgAoAKAP5vP+DsT/lCb+0N/wBlF/Z5/wDV0+DqAPX/APg2Q/5QbfsJf9gX46/+tQ/G6gD95KACgAoAKACgAoAKACgAoAKACgAoAKACgAoAKACgAoAKACgAoAKACgAoAKACgAoAKACgAoAKACgAoAKACgAoA+Sf2/f+TEf21v8As0n9o/8A9U74yoA/lF/4Mif+TSP21/8As4zwX/6rO1oA/twoAKACgAoAKACgAoAKACgAoAKACgAoAKAP4tv+DRf/AJKV/wAFoP8As7PwV/6f/wBoSgD+0mgD/9D+/igAoAKACgAoAKACgAoAKACgAoAKAP5zP+DrL/lCp+0Z/wBjr8DP/Vs+F6APtP8A4IV/8off+Cd3/ZsPw9/9JJaAP1goAKACgAoAKACgAoAKACgAoAKACgAoAKACgAoAKACgAoAKACgAoAKACgAoAKACgAoAKACgAoAKACgAoAKACgD+bz/g7E/5Qm/tDf8AZRf2ef8A1dPg6gD1/wD4NkP+UG37CX/YF+Ov/rUPxuoA/eSgAoAKACgAoAKACgAoAKACgAoAKACgAoAKACgAoAKACgAoAKACgAoAKACgAoAKACgAoAKACgAoAKACgAoAKAPkn9v3/kxH9tb/ALNJ/aP/APVO+MqAP5Rf+DIn/k0j9tf/ALOM8F/+qztaAP7cKACgAoAKACgAoAKACgAoAKACgAoAKACgD+Lb/g0X/wCSlf8ABaD/ALOz8Ff+n/8AaEoA/tJoA//R/v4oAKACgAoAKACgAoAKACgAoAKACgD+cz/g6y/5QqftGf8AY6/Az/1bPhegD7T/AOCFf/KH3/gnd/2bD8Pf/SSWgD9YKACgAoAKACgAoAKACgAoAKACgAoAKACgAoAKACgAoAKACgAoAKACgAoAKACgAoAKACgAoAKACgAoAKACgAoA/m8/4OxP+UJv7Q3/AGUX9nn/ANXT4OoA9f8A+DZD/lBt+wl/2Bfjr/61D8bqAP3koAKACgAoAKACgAoAKACgAoAKACgAoAKACgAoAKACgAoAKACgAoAKACgAoAKACgAoAKACgAoAKACgAoAKACgD5J/b9/5MR/bW/wCzSf2j/wD1TvjKgD+UX/gyJ/5NI/bX/wCzjPBf/qs7WgD+3CgAoAKACgAoAKACgAoAKACgAoAKACgAoA/i2/4NF/8AkpX/AAWg/wCzs/BX/p//AGhKAP7SaAP/0v7+KACgAoAKACgAoAKACgAoAKACgAoA/nM/4Osv+UKn7Rn/AGOvwM/9Wz4XoA+0/wDghX/yh9/4J3f9mw/D3/0kloA/WCgAoAKACgAoAKACgAoAKACgAoAKACgAoAKACgAoAKACgAoAKACgAoAKACgAoAKACgAoAKACgAoAKACgAoAKAP5vP+DsT/lCb+0N/wBlF/Z5/wDV0+DqAPX/APg2Q/5QbfsJf9gX46/+tQ/G6gD95KACgAoAKACgAoAKACgAoAKACgAoAKACgAoAKACgAoAKACgAoAKACgAoAKACgAoAKACgAoAKACgAoAKACgAoA+Sf2/f+TEf21v8As0n9o/8A9U74yoA/lF/4Mif+TSP21/8As4zwX/6rO1oA/twoAKACgAoAKACgAoAKACgAoAKACgAoAKAP4tv+DRf/AJKV/wAFoP8As7PwV/6f/wBoSgD+0mgD/9P+/igAoAKACgAoAKACgAoAKACgAoAKAP5zP+DrL/lCp+0Z/wBjr8DP/Vs+F6APtP8A4IV/8off+Cd3/ZsPw9/9JJaAP1goAKACgAoAKACgAoAKACgAoAKACgAoAKACgAoAKACgAoAKACgAoAKACgAoAKACgAoAKACgAoAKACgAoAKACgD+bz/g7E/5Qm/tDf8AZRf2ef8A1dPg6gD1/wD4NkP+UG37CX/YF+Ov/rUPxuoA/eSgAoAKACgAoAKACgAoAKACgAoAKACgAoAKACgAoAKACgAoAKACgAoAKACgAoAKACgAoAKACgAoAKACgAoAKAPkn9v3/kxH9tb/ALNJ/aP/APVO+MqAP5Rf+DIn/k0j9tf/ALOM8F/+qztaAP7cKACgAoAKACgAoAKACgAoAKACgAoAKACgD+Lb/g0X/wCSlf8ABaD/ALOz8Ff+n/8AaEoA/tJoA//U/v4oAKACgAoAKACgAoAKACgAoAKACgD+cz/g6y/5QqftGf8AY6/Az/1bPhegD7T/AOCFf/KH3/gnd/2bD8Pf/SSWgD9YKACgAoAKACgAoAKACgAoAKACgAoAKACgAoAKACgAoAKACgAoAKACgAoAKACgAoAKACgAoAKACgAoAKACgAoA/m8/4OxP+UJv7Q3/AGUX9nn/ANXT4OoA9f8A+DZD/lBt+wl/2Bfjr/61D8bqAP3koAKACgAoAKACgAoAKACgAoAKACgAoAKACgAoAKACgAoAKACgAoAKACgAoAKACgAoAKACgAoAKACgAoAKACgD5J/b9/5MR/bW/wCzSf2j/wD1TvjKgD+UX/gyJ/5NI/bX/wCzjPBf/qs7WgD+3CgAoAKACgAoAKACgAoAKACgAoAKACgAoA/i2/4NF/8AkpX/AAWg/wCzs/BX/p//AGhKAP7SaAP/1f7+KACgAoAKACgAoAKACgAoA/nO/wCCz3/Bwd8L/wDgmR4q8NfszfBj4eJ+03+3D4+j0M6R8JrXVZrDwn8OYPFc1rbeEbr4l6jpcdxrF14h8WyXltceE/hzoKW+t6xpbx6xq+s+FNL1Lwzd+IQD5p/bS/4Kff8ABbX/AIJM/C34M/tVftwfBT9hD9oL9n7x94o0Pwj8YvA37M1v8afhx8SvgV4t8TaddanpGhQeNfG/jf4heF/EWkPb6dqenjxA/hjULG58V2sWhNqWn2OqaJrGpAH9CX7EH7bXwA/4KEfs5eBv2n/2bfFEniP4eeNI7i1ubDUobew8WeCPFemeVH4h8B+O9Egur0aF4u8PTyxLfWS3d3ZXtlc6dr2h6hqvh3WNI1e/APyB/wCDrL/lCp+0Z/2OvwM/9Wz4XoA+0/8AghX/AMoff+Cd3/ZsPw9/9JJaAP1goAKACgAoAKACgAoAKACgAoAKACgAoAKACgAoAKACgAoAKACgAoAKACgAoAKACgAoAKACgAoAKACgAoAKACgD+bz/AIOxP+UJv7Q3/ZRf2ef/AFdPg6gD1/8A4NkP+UG37CX/AGBfjr/61D8bqAP3koAKACgAoAKACgAoAKACgAoAKACgAoAKACgAoAKACgAoAKACgAoAKACgAoAKACgAoAKACgAoAKACgAoAKACgD5J/b9/5MR/bW/7NJ/aP/wDVO+MqAP5Rf+DIn/k0j9tf/s4zwX/6rO1oA/twoAKACgAoAKACgAoAKACgAoAKACgAoAKAP4tv+DRf/kpX/BaD/s7PwV/6f/2hKAP7SaAP/9b+/igAoAKACgAoAKACgAoA8f8A2hPjN4c/Zz+Anxs/aB8YRyz+FPgd8JfiL8XfElvBLHDcXWifDjwjq/i/U7S1ll/drd3dno81ta7wQbiWJdrEhWAP8d39gz4peO/2zv8AguD+x78Z/jhq83i3x18bP+Ch/wACfiP47vL1pbiC9urn41+GPEU2jW0M8sn2bw9p9lZw+H9G0mNhaaV4ftLLSrKKKztLeFQD/SG/4OhfDdl4i/4IdftqtdQpJc+H1+AXiTS5mQO1pe6d+0x8HYppoum15dKutSsWcHKw3kv3uVYA/kN/4M4f23vEXwf/AG9PGH7FmtazdS/DL9rfwF4i1nw5oMsu600343fB/Qb7xrp2t2aylo7H+2fhdpXxB0jWxarFNrV1p3g5bqSYaJZRoAf1d/8AB1l/yhU/aM/7HX4Gf+rZ8L0AfYP/AAQw1rR4P+CQX/BPGGfVdNhlj/Zj+HyyRS39tHIjC0myrozhlYdwwyO+KAP1c/t/Qv8AoNaT/wCDK0/+OUAH9v6F/wBBrSf/AAZWn/xygA/t/Qv+g1pP/gytP/jlAB/b+hf9BrSf/Blaf/HKAD+39C/6DWk/+DK0/wDjlAB/b+hf9BrSf/Blaf8AxygA/t/Qv+g1pP8A4MrT/wCOUAH9v6F/0GtJ/wDBlaf/ABygA/t/Qv8AoNaT/wCDK0/+OUAH9v6F/wBBrSf/AAZWn/xygA/t/Qv+g1pP/gytP/jlAB/b+hf9BrSf/Blaf/HKAD+39C/6DWk/+DK0/wDjlAB/b+hf9BrSf/Blaf8AxygA/t/Qv+g1pP8A4MrT/wCOUAH9v6F/0GtJ/wDBlaf/ABygA/t/Qv8AoNaT/wCDK0/+OUAH9v6F/wBBrSf/AAZWn/xygA/t/Qv+g1pP/gytP/jlAB/b+hf9BrSf/Blaf/HKAD+39C/6DWk/+DK0/wDjlAB/b+hf9BrSf/Blaf8AxygA/t/Qv+g1pP8A4MrT/wCOUAH9v6F/0GtJ/wDBlaf/ABygA/t/Qv8AoNaT/wCDK0/+OUAH9v6F/wBBrSf/AAZWn/xygA/t/Qv+g1pP/gytP/jlAB/b+hf9BrSf/Blaf/HKAD+39C/6DWk/+DK0/wDjlAB/b+hf9BrSf/Blaf8AxygA/t/Qv+g1pP8A4MrT/wCOUAH9v6F/0GtJ/wDBlaf/ABygA/t/Qv8AoNaT/wCDK0/+OUAH9v6F/wBBrSf/AAZWn/xygA/t/Qv+g1pP/gytP/jlAB/b+hf9BrSf/Blaf/HKAP5wv+DrzVtKu/8Agil+0JBa6np9zM3xE/Z6KwwXtvNKwX40eD2YrHG5YhVBYkA4AycAEqAevf8ABstrGk23/BDv9hWC51TTreaPRfjoHhnvraKVN37UHxsYb43cMuVZWGRyrAjINAH7v/2/oX/Qa0n/AMGVp/8AHKAD+39C/wCg1pP/AIMrT/45QAf2/oX/AEGtJ/8ABlaf/HKAD+39C/6DWk/+DK0/+OUAH9v6F/0GtJ/8GVp/8coAP7f0L/oNaT/4MrT/AOOUAH9v6F/0GtJ/8GVp/wDHKAD+39C/6DWk/wDgytP/AI5QAf2/oX/Qa0n/AMGVp/8AHKAD+39C/wCg1pP/AIMrT/45QAf2/oX/AEGtJ/8ABlaf/HKAD+39C/6DWk/+DK0/+OUAH9v6F/0GtJ/8GVp/8coAP7f0L/oNaT/4MrT/AOOUAH9v6F/0GtJ/8GVp/wDHKAD+39C/6DWk/wDgytP/AI5QAf2/oX/Qa0n/AMGVp/8AHKAD+39C/wCg1pP/AIMrT/45QAf2/oX/AEGtJ/8ABlaf/HKAD+39C/6DWk/+DK0/+OUAH9v6F/0GtJ/8GVp/8coAP7f0L/oNaT/4MrT/AOOUAH9v6F/0GtJ/8GVp/wDHKAD+39C/6DWk/wDgytP/AI5QAf2/oX/Qa0n/AMGVp/8AHKAD+39C/wCg1pP/AIMrT/45QAf2/oX/AEGtJ/8ABlaf/HKAD+39C/6DWk/+DK0/+OUAH9v6F/0GtJ/8GVp/8coAP7f0L/oNaT/4MrT/AOOUAH9v6F/0GtJ/8GVp/wDHKAD+39C/6DWk/wDgytP/AI5QAf2/oX/Qa0n/AMGVp/8AHKAD+39C/wCg1pP/AIMrT/45QAf2/oX/AEGtJ/8ABlaf/HKAD+39C/6DWk/+DK0/+OUAfJf7fWuaJJ+wp+2pGmr6W7v+yX+0ciImoWrM7N8HvGIVVUSZZmJACjkk4HUUAfymf8GSepadZfslftqJe39laO/7RXgtkS5uobdnUfDS1BZVlZSygjGQMZ44/iAP7Z/7f0L/AKDWk/8AgytP/jlAB/b+hf8AQa0n/wAGVp/8coAP7f0L/oNaT/4MrT/45QAf2/oX/Qa0n/wZWn/xygA/t/Qv+g1pP/gytP8A45QAf2/oX/Qa0n/wZWn/AMcoAP7f0L/oNaT/AODK0/8AjlAB/b+hf9BrSf8AwZWn/wAcoAP7f0L/AKDWk/8AgytP/jlAB/b+hf8AQa0n/wAGVp/8coAP7f0L/oNaT/4MrT/45QAf2/oX/Qa0n/wZWn/xygA/t/Qv+g1pP/gytP8A45QAf2/oX/Qa0n/wZWn/AMcoA/jL/wCDRVlb4k/8FnmUhlb9rLwUyspBVlOvftBkEEZBBGCCDgjkZoA/tKoA/9f+/igAoAKACgAoAKACgAoA/Gr/AIOEtev/AA3/AMEYf+Cgeoac1wtxcfBa30GQ2zOshsPFXjrwh4Y1RWKYP2d9M1i7S7U/I1q0yyZQsKAP8tj/AIIq/wDKW7/gnJ/2eF8C/wD1OtJoA/06P+Dlz/lB/wDt4/8AYq/CD/1oz4PUAf5qP/BBHWdS0L/gsb/wT0vdKM63U/7RHhzRpTbuY5P7N8Radq/h/WQzKQTA2kanfLcp0ktjLGwKswYA/wBXz/gqJ+wLov8AwU0/Yv8Aid+x/rnxL1b4Q2/xB1HwRq1r8QNH8N2Xi+fQ77wX4x0XxXELjwzfapoUesWeoxaVPpk8EWu6PcQG7jvorxvsrWl0Afyf6b/wY4/DiK6V9Y/4KNeNr6y2OGt9N/Zn0LSroyEfu2W8uvjVrMSop5eM2LM44WSPBagDo/8AiB7+Bf8A0f8A/Fn/AMMf4P8A/m6oAP8AiB7+Bf8A0f8A/Fn/AMMf4P8A/m6oAP8AiB7+Bf8A0f8A/Fn/AMMf4P8A/m6oAP8AiB7+Bf8A0f8A/Fn/AMMf4P8A/m6oAP8AiB7+Bf8A0f8A/Fn/AMMf4P8A/m6oAP8AiB7+Bf8A0f8A/Fn/AMMf4P8A/m6oAP8AiB7+Bf8A0f8A/Fn/AMMf4P8A/m6oAP8AiB7+Bf8A0f8A/Fn/AMMf4P8A/m6oAP8AiB7+Bf8A0f8A/Fn/AMMf4P8A/m6oAP8AiB7+Bf8A0f8A/Fn/AMMf4P8A/m6oAP8AiB7+Bf8A0f8A/Fn/AMMf4P8A/m6oAP8AiB7+Bf8A0f8A/Fn/AMMf4P8A/m6oAP8AiB7+Bf8A0f8A/Fn/AMMf4P8A/m6oAP8AiB7+Bf8A0f8A/Fn/AMMf4P8A/m6oAP8AiB7+Bf8A0f8A/Fn/AMMf4P8A/m6oAP8AiB7+Bf8A0f8A/Fn/AMMf4P8A/m6oAP8AiB7+Bf8A0f8A/Fn/AMMf4P8A/m6oAP8AiB7+Bf8A0f8A/Fn/AMMf4P8A/m6oAP8AiB7+Bf8A0f8A/Fn/AMMf4P8A/m6oAP8AiB7+Bf8A0f8A/Fn/AMMf4P8A/m6oAP8AiB7+Bf8A0f8A/Fn/AMMf4P8A/m6oAP8AiB7+Bf8A0f8A/Fn/AMMf4P8A/m6oAP8AiB7+Bf8A0f8A/Fn/AMMf4P8A/m6oAP8AiB7+Bf8A0f8A/Fn/AMMf4P8A/m6oAP8AiB7+Bf8A0f8A/Fn/AMMf4P8A/m6oAP8AiB7+Bf8A0f8A/Fn/AMMf4P8A/m6oAP8AiB7+Bf8A0f8A/Fn/AMMf4P8A/m6oAP8AiB7+Bf8A0f8A/Fn/AMMf4P8A/m6oAP8AiB7+Bf8A0f8A/Fn/AMMf4P8A/m6oAP8AiB7+Bf8A0f8A/Fn/AMMf4P8A/m6oAP8AiB7+Bf8A0f8A/Fn/AMMf4P8A/m6oAP8AiB7+Bf8A0f8A/Fn/AMMf4P8A/m6oAP8AiB7+Bf8A0f8A/Fn/AMMf4P8A/m6oAP8AiB7+Bf8A0f8A/Fn/AMMf4P8A/m6oAP8AiB7+Bf8A0f8A/Fn/AMMf4P8A/m6oAP8AiB7+Bf8A0f8A/Fn/AMMf4P8A/m6oAD/wY9/AvHH7f/xZz2z8D/B+P/U6H8/yoAB/wY9/Avv+3/8AFnPt8D/B/wD83R/n+dAB/wAQPfwL/wCj/wD4s/8Ahj/B/wD83VAB/wAQPfwL/wCj/wD4s/8Ahj/B/wD83VAB/wAQPfwL/wCj/wD4s/8Ahj/B/wD83VAB/wAQPfwL/wCj/wD4s/8Ahj/B/wD83VAB/wAQPfwL/wCj/wD4s/8Ahj/B/wD83VAB/wAQPfwL/wCj/wD4s/8Ahj/B/wD83VAB/wAQPfwL/wCj/wD4s/8Ahj/B/wD83VAB/wAQPfwL/wCj/wD4s/8Ahj/B/wD83VAB/wAQPfwL/wCj/wD4s/8Ahj/B/wD83VAB/wAQPfwL/wCj/wD4s/8Ahj/B/wD83VAB/wAQPfwL/wCj/wD4s/8Ahj/B/wD83VAB/wAQPfwL/wCj/wD4s/8Ahj/B/wD83VAB/wAQPfwL/wCj/wD4s/8Ahj/B/wD83VAB/wAQPfwL/wCj/wD4s/8Ahj/B/wD83VAB/wAQPfwL/wCj/wD4s/8Ahj/B/wD83VAB/wAQPfwL/wCj/wD4s/8Ahj/B/wD83VAB/wAQPfwL/wCj/wD4s/8Ahj/B/wD83VAB/wAQPfwL/wCj/wD4s/8Ahj/B/wD83VAB/wAQPfwL/wCj/wD4s/8Ahj/B/wD83VAB/wAQPfwL/wCj/wD4s/8Ahj/B/wD83VAB/wAQPfwL/wCj/wD4s/8Ahj/B/wD83VAB/wAQPfwL/wCj/wD4s/8Ahj/B/wD83VAB/wAQPfwL/wCj/wD4s/8Ahj/B/wD83VAB/wAQPfwL/wCj/wD4s/8Ahj/B/wD83VAB/wAQPfwL/wCj/wD4s/8Ahj/B/wD83VAB/wAQPfwL/wCj/wD4s/8Ahj/B/wD83VAB/wAQPfwL/wCj/wD4s/8Ahj/B/wD83VAB/wAQPfwL/wCj/wD4s/8Ahj/B/wD83VAB/wAQPfwL/wCj/wD4s/8Ahj/B/wD83VAB/wAQPfwL/wCj/wD4s/8Ahj/B/wD83VAB/wAQPfwL/wCj/wD4s/8Ahj/B/wD83VAB/wAQPfwL/wCj/wD4s/8Ahj/B/wD83VAB/wAQPfwL/wCj/wD4s/8Ahj/B/wD83VAB/wAQPfwL/wCj/wD4s/8Ahj/B/wD83VAB/wAQPfwL/wCj/wD4s/8Ahj/B/wD83VAB/wAQPfwL/wCj/wD4s/8Ahj/B/wD83VAB/wAQPfwL/wCj/wD4s/8Ahj/B/wD83VACD/gx7+Bnf9v/AOLGcnp8D/B447f8z0ecdfXrxnFAC/8AED38C/8Ao/8A+LP/AIY/wf8A/N1QAf8AED38C/8Ao/8A+LP/AIY/wf8A/N1QAf8AED38C/8Ao/8A+LP/AIY/wf8A/N1QAf8AED38C/8Ao/8A+LP/AIY/wf8A/N1QAf8AED38C/8Ao/8A+LP/AIY/wf8A/N1QAf8AED38C/8Ao/8A+LP/AIY/wf8A/N1QAf8AED38C/8Ao/8A+LP/AIY/wf8A/N1QAf8AED38C/8Ao/8A+LP/AIY/wf8A/N1QAf8AED38C/8Ao/8A+LP/AIY/wf8A/N1QAf8AED38C/8Ao/8A+LP/AIY/wf8A/N1QAf8AED38C/8Ao/8A+LP/AIY/wf8A/N1QAf8AED38C/8Ao/8A+LP/AIY/wf8A/N1QAf8AED38C/8Ao/8A+LP/AIY/wf8A/N1QAf8AED38C/8Ao/8A+LP/AIY/wf8A/N1QB+9v/BGH/giv4H/4I3eG/j94d8F/Hnxd8ck+PeufD3WtRuPFPgzRPBy+G2+H1h4tsbWGwg0nVtYe+bVB4tuHu5bq5jSEWFqlvApe4eUA/bagD//Q/v4oAKACgAoAKACgAoAKAPz3/wCCsXwM1j9pT/gml+3J8FPDdlLqXirxt+zT8VE8H6XBFJPNqvjTw/4ZvPFXg7SoYog0rS6n4n0PSrCMxpK6PcB1imZREwB/kh/8EXrmK1/4K1f8E4pZmCo37ZXwBtgSQP3t58RNCtIF5xy006KB1JbAySBQB/p0/wDBzLcR2v8AwQ7/AG75JThW8OfBa3H/AF0u/wBpb4M2kQ7dZZ0H+PSgD/Ps/wCDXn4Fat8bv+C0H7Ll3a2F1deH/gnZ/Ev46eM7q2QsNJ0rwf4A13RvDV9ctgrHbXHxM8U+AtHkd8AnVERSZHQUAf691ABQAUAFABQAUAFABQAUAFABQAUAFABQAUAFABQAUAFABQAUAFABQAUAFABQAUAFABQAUAFABQAUAFABQAUAFABQAUAFABQAUAFABQAUAFABQAUAFABQAUAFABQAUAFABQAUAFABQAUAFABQAUAFABQAUAFABQAUAFABQAUAFABQAUAFABQAUAFABQAUAFABQAUAFABQAUAFABQAUAFABQAUAFAH/9H+/igAoAKACgAoAKACgAoAKAP8x7/gsj/wSW+Kf/BIP/gpP8Mf+CmP7PXww8ReNv2JNM/ac+Gv7TmzwRpdzqrfALxd4Q+JXh74ieJvht4wit4Bb+HPBOq63YXR+GPiTUWtvDy6XqNp4I1K+j1fSIbjXAD9k/8Ag5B/4Ktfsm/tXf8ABMTwj+y/+xR8ZvCH7UXxg/bh+IfwftvD3wt+CWqxfEH4j6T4M8I+KtI+KE7+MPAvhhtR8T+EvEk/jHwt4P8ACdj4J8R6Vp/irUNZvtThstHn/wCEd1t7AA+yf+DZT/gjF4p/4Jofs/8Ai744/tG6Fb6T+1z+0vY6MuueGGmiu7v4NfCPTWXVPD3w1vp4Glt18Ya3rEreJ/iGlncz2trdWnhXw5k3vhW9u78A/bz4s/8ABRT9gP4C+OD8M/jb+2x+yl8JfiJFKkV54I+Ivx/+Fng/xVpbSBmibW9C13xRY6locM21hDcaxBYwTOpjikdwVoA+rPDPijw1418P6R4s8G+ItC8W+FfEFjDqeg+JfDOr6fr3h/W9NuV3W+oaRrOlXF3p2pWM6/NDd2dzNBKvKSECgDdoAKACgAoAKACgAoAKACgAoAKACgAoAKACgAoAKACgAoAKACgAoAKACgAoAKACgAoAKACgAoAKAPjb4s/8FFP2A/gL44Pwz+Nv7bH7KXwl+IkUqRXngj4i/H/4WeD/ABVpbSBmibW9C13xRY6locM21hDcaxBYwTOpjikdwVoA+rPDPijw1418P6R4s8G+ItC8W+FfEFjDqeg+JfDOr6fr3h/W9NuV3W+oaRrOlXF3p2pWM6/NDd2dzNBKvKSECgDdoAKACgD5f+OX7bf7G37MeoQaP+0Z+1b+zn8C9buorS4tdB+LXxo+HfgDX7u2vnMdrdWuheJ/EWl6tc2kxV2F1BaSW6xRTTvKkMMjoAes/C34xfCP45eFYfHXwU+Kfw4+MPgi4uZLODxj8LfHHhn4g+FZ7uGOGaa1h8Q+EtT1fSJLmKG4t5ZIEuzKkc8MjKElRmAPR6APMfiL8bfgz8H20hfi38XPhj8LW8Qi/bQF+Ivj7wr4JbW10s2Y1NtIHibVtLOpDTjqGni/NkJxZm+sxceX9pg3gHmf/Dav7G3/AEdr+zL/AOH5+Fn/AM1dAHZ+BP2jv2efilrv/CL/AAx+PPwY+I3ib7Fcal/wjvgT4o+CPF+u/wBnWjRJd3/9keH9d1G/+xWzXEC3F19n8iFpohJIplQMAez0AFABQAUAFABQAUAFABQAUAFABQAUAFABQAUAFABQAUAFABQAUAFABQAUAFABQAUAFAHxD4h/4KY/8E6PCXxCl+E3in9vH9j3w58S7a/Ok3fgjW/2kPhDpniOw1jzY4F0TUtMvPF0M+na5JNLHFBot+INUnd0ENm5ZQwB9r2t1a31rbX1jcwXlleQQ3VpeWs0dxa3VrcRrNb3NtcQs8U8E8TpLDNE7xyxurozKwNAE9ABQAjMqKzOwVVBZmYgKqgZLMTgAADJJOAOTjFAHzN/w2r+xt/0dr+zL/4fn4Wf/NXQAf8ADav7G3/R2v7Mv/h+fhZ/81dAH0B4d8SeHfGGhaV4o8Ja9ovijw1rtlDqWieIvDuqWOt6FrGnXC77e/0rV9NnurDULKdTuhurS4mglXlJGBBoA2qACgAoAKACgAoAKACgAoAKACgAoA//0v7+KACgAoAKACgAoAKACgAoAgurW1vrW5sr22gvLK8gmtbu0uoY7i1urW4jaK4trmCVXingnid4poZUeOSNmR1ZWYUAeT+CP2e/gH8MvEOoeLvhv8D/AIQfD7xZqyzJqvifwR8NPBfhTxDqaXHliddQ1rQdFsNSvFnEUQmW5uZRJ5ce/O1RQB/MZ/wdNf8ABZfxx/wT/wDgv4M/ZN/Zm8VXnhH9qD9pbw/qeva54/0af7N4h+D3wLhu73w7d694ZvEdLnR/HPxD1+11Pw54Q8R2ay3XhvTvDfjTV9Om0rxNB4Y1a1AOR/4Nj/8Agmh+yp8Rf+CR0fxo/aB+B3w7+Nvjz9uTxP8AGrUPiZ4o+KXhjS/GPie88C+HviH4p+FOmeF7LX9atbrWNFtJL/wXrHjYX2k3llq03iTxB/b737X1jpE9kAfzi/8ABJT/AIKd+Pv+CJ3/AAVP+Mn7DfxE8f63rP7DCftYfFX9nL4keHPE+p3F5o/wv1jwx8Uda+G+ifHzw1E7mHQL/SrrR9Pn+JQ0uBbXxX4LOpTXen6hrui+E7rSwD/U6oAKACgAoAKACgAoAKACgAoAKACgAoAKACgAoAKACgAoAKACgAoAKACgAoAKACgAoAKACgAoA/kt/wCDpr/gsv44/wCCf/wX8Gfsm/szeKrzwj+1B+0t4f1PXtc8f6NP9m8Q/B74Fw3d74du9e8M3iOlzo/jn4h6/a6n4c8IeI7NZbrw3p3hvxpq+nTaV4mg8MatagHI/wDBsf8A8E0P2VPiL/wSOj+NH7QPwO+Hfxt8eftyeJ/jVqHxM8UfFLwxpfjHxPeeBfD3xD8U/CnTPC9lr+tWt1rGi2kl/wCC9Y8bC+0m8stWm8SeIP7fe/a+sdInsgD+cX/gkp/wU78ff8ETv+Cp/wAZP2G/iJ4/1vWf2GE/aw+Kv7OXxI8OeJ9TuLzR/hfrHhj4o618N9E+PnhqJ3MOgX+lXWj6fP8AEoaXAtr4r8FnUprvT9Q13RfCd1pYB/qdUAFAH4ff8Fsf25f2k/2fPh18LP2Tf2AfAeo/Ez/goR+29f8AjDwT8CdN0ltMZvhZ4N8J6VaXfxO+OmsPq80Oh6XD4MsdY0u08Pap4rutN8K6frWoyeJdXur/AE7wlqOg6qAfwv8A7Wv/AAazf8FofCvgXx9+1N8RNX+F37Unjya11Lx78SdA8DfGDx98Tv2hNZmiIn1rUrpPHXgPw9H8QPEMdmst9JYeHfF/ifxBqkdq9lo1pquovZWNwAfj9/wTI/4KW/tBf8Evv2mvBXx5+DXiTXp/CkGuabF8Yfg6Nf1DT/BPxm8BB5LbWvDHifSkkk0uXVotNvL+fwb4lu9Pvb3wf4k+xa1YxyrDcWd2Af7ZPhzX9K8V+HtC8U6FdJfaH4l0bS9f0a9j/wBXeaVrNjBqOnXSdfkuLS5hlXno/egD/O3/AODkP9nz9uL/AIK0f8FQPGnwe/Yp+BXi748eCv8Agnz8IvhT8NPiGfDOr+E9O0nw58T/AI5WmtfF7UpjdeK/EWg213qOp+GJfCuhaja6U95Jps/gzytTWzmmhSUA/Br/AIhyv+C13/RgvxM/8LD4P/8AzxaAP7AP+DUf/gjp+0r+wj4s/ao/aQ/bN+DGp/B34p+KtB8J/Bb4RaBr+p+FtW1ZfAkt9/wm3xM1zzfDGt6/aw2Wva7pXw506wElza3Ql8MawJIZIZoXUA/tGoAKACgAoAKACgAoAKACgAoAKACgAoAKACgAoAKACgAoAKACgAoAKACgAoAKACgAoA/g5/4O0f8AgtP8R/hN4gh/4JjfsteN9X8Da5qXhTTPE/7Wfj/wrqE2leJotD8YWEGp+DfgjoutWU0OpaHBr3hq4g8X/Eaay8i41vwz4g8J+GotR/sXUvGOk6kAfp9/wTs/4IufsfePP+CCXwm+B/ir4FfDfWfiJ+1f+yho3xp8UfFTVfCWh3fxNtPi78aPAg+IPgLxTYeNJ7Fte0nUfhfJ4k8PaP4YtbK+t7Cy0/Q5bG5tbiHVteTUgD+cn/g1Q/4LQfEX4IftD+CP+Cbn7QfjfU/Ef7PHx01P/hFfgBc+KNQur6b4J/Ge9eWXw74O8O3N1LLNZeA/itqLv4aXwrEj2Gl/EPUfDuq6PDpMWt+MZ9SAP9L6gAoA/MH/AILPftL3f7Jf/BMD9sn4w6HcXEHjU/CLVfhn8MxY731Z/if8aruy+EPw/n0e1hzcXuo6V4n8bafrqWtujyG30q4lZRBDM6gH+Xv/AMQ5f/Ba7/owX4mf+Fh8Hx+h+IuR+NAHS+DP+Da//gs34m8YeFPDmtfsU+OvBuj+IPEuhaJq3i/WfFnwpm0fwrpmq6pa2F/4k1WKx+IE97Lpuh2txLqd9HZwTXT2trKtvFJMURgD/XZ+Dfwq8IfAn4RfC74JfD6x/szwJ8IPh54M+GPgzT8Jmz8L+BPDuneF9Bt3MaRo0semaXbLLIqL5koaQgFjuAPSKACgAoAKACgAoAKAOW8c/wDCbf8ACE+MP+FaHwsPiN/wi3iD/hAD45GrN4JHjb+ybv8A4RU+MF0Arrp8LDXfsH/CQDRWXVjpP2sacReGA0AfwN/8Ft/+CxX/AAcKf8Eyvit4L+F/xI8afsXeAtG+LvhPVfFvww+Jn7Mfwg1vxNo2pWeh6ouj+INFu4P2kLrxzd2Hi/w3LdaNeaxZSaLqGjGy8Q6JdWGpXRubuysAD9udL/4OBfBnhP8A4I+/siftr654MvvjL+17+1T4Vufhp8If2X/hrZ3eoeMPjR+034F1bUvh58Q49G8NeH9P1DW9I8B2HjPQLnxHrM+n6Vf3OlaNr3hzw7o8Wq6/4h8O22pAH5Cf8EXP+C6X/BYv9rf/AIK26R+yn+1Z8PrWT4YeKbH4m3fxV+FcXwAPwv1X9mKw8P8Ag3XvEXh3xAdRu7Kx8d6Rp8Xi/TvDngeeD4sa34ml1RPFC2NmzeJrnSJGAP7z6AP/0/7+KACgAoAKACgAoAKACgAoAKACgD/Ho/4OXvjVq3xr/wCC0P7Y1ze3VzLpHww13wT8FfCtjPO00ekaT8N/h94Z0rV7W0Bd1httQ8by+LvERgjCKl1rlyWQSs7MAf6KX/BtpEkP/BEf9gpIxhT4G+JcpA/vz/Hn4rTyH6tJIzH3PvQB/l4/8Fjokh/4Kw/8FIkjGFP7bP7Skp/35/iz4pnkP4ySMfxoA/1wP+CR3xr1j9on/gmL+wl8YPEl5c6l4o8V/sx/CiDxbqt5L513rHi7wv4YsvB/ivWriQsxabWfEWgalqkm5mZWuyrHcp3AH6J0AFABQAUAFABQAUAFABQAUAFABQAUAFABQAUAFABQAUAFABQAUAFABQAUAFABQAUAFABQB/j0f8HL3xq1b41/8Fof2xrm9urmXSPhhrvgn4K+FbGedpo9I0n4b/D7wzpWr2toC7rDbah43l8XeIjBGEVLrXLksglZ2YA/0Uv+DbSJIf8AgiP+wUkYwp8DfEuUgf35/jz8Vp5D9WkkZj7n3oA/y8f+Cx0SQ/8ABWH/AIKRJGMKf22f2lJT/vz/ABZ8UzyH8ZJGP40Af64H/BI7416x+0T/AMExf2EvjB4kvLnUvFHiv9mP4UQeLdVvJfOu9Y8XeF/DFl4P8V61cSFmLTaz4i0DUtUk3MzK12VY7lO4A/ROgDx5PgD8IF+PU/7TzeCLCf48T/Cu1+CKfEW7vNXvNUsPhXa+KbvxqfBujWN3qM+h6Fp9/wCKbw6zrVxoul2Go+ILm00ldcvdQg0TR4bIA9hoA/xNv2ufgcf2gP8Agrx+1F+z3+yf4dh8QR/FP9vz44/Df4JeH/Dtup0aW08QfHXxTpHhxdKTTYXhsfBunWsqXcF6sQtNJ8J2n9oXbJbWc8igH+zZ4C8O+G/2d/gL4L8J6rrsUPhD4GfCLw54d1HxNqO+CGLw38MvBtnpt5rt9vkuHhij0zRJNQut0s7xoH3SSld7AH+Vp+zt/wAHOf7af7IPxj/bF+IHwV+GP7OfjHRv2vP2qfiP+0p4s/4XV4N+IGu+LrN/Fs9vYeGvCFhr3gr4r+Bo7Tw54M8Ladp+l+H9MuLLUl0+WXUpDcXMdysSAH9BH7Ff/B6r8JfGviPw94M/bs/Zj1D4LWeozRWep/Gz4JeIdT+IPg3SppiFGo658KdW0uPxzpGg2pBe7n8N+KPiLrmxh9k8PXToysAf2zfDH4nfD340fD3wb8WPhR4x0D4gfDb4heHtN8V+CvGnhfUIdU0DxH4f1e3W5sNT02+gJSSKaJwHjYRz206y2t1DBcwzQoAd1QAUAFABQAUAFABQAUAFABQAUAFABQAUAFABQAUAFABQAUAFABQAUAFABQAUAFABQB/h0/8ABTL41at+0T/wUM/bW+NGsXVzdSePP2m/jLqGlC7na4lsPCtj451nRvBWiiZnkLQeH/B+m6HodoFbYlrp0McYSNUSgD/ZQ/4J2RJB/wAE/P2FoIxtjh/Y5/ZjijUdFSP4KeCEUD6KAKAP8RpPFviD4ZfGVfHXgrUp9D8VfD74mjxb4S1i0YpdaP4g8KeKv7Y0HUrZ1Ksk+n6jYWt1CyspWSJSCMA0Af7uHwt8c2nxP+GPw5+JdhAbWw+IfgTwh45srZnEjW9p4t8P6fr9tAzjIcww6gkZcHDFcjORQB3dAH8Xv/B4P+3Zq/7OPgr/AIJ+/BzwNH4e1rxfc/tI2P7W2teGvEtrPqnhvVNL/Zqn0xfAnh/xzo9rf6Zdar4O8X+NfGdxdXmmQX9nJqP/AAg1zGt9ZPDHIwB+S/wd/wCD2j9t7QdasD8ef2Sv2X/id4YiKpqFp8L734o/BzxRdx5XMsWveJfGHxo0SGcLuJVfCPku20BYgCzAH9ff/BKT/gvH+xR/wVjguvCPws1DXfhT+0RoWiT+IPE/7PHxNFnD4q/sazlht7/xD4F8Q6e8nh74h+G7Oa4iF3PpU1l4k0qGSK78ReE9DtbqznuAD9r6ACgAoAKACgAoAKACgAoA/i8/4PX/AIIHxZ+w7+yx8fbSyN1ffBj9pDUfAl9Oke6TTvDHxr8Aard6heySYwlo/iX4U+DdPkGcvd39iArAFkAPkj/gy5/Z8+E/xKtvj/8AtReOtY1bx18av2bdR0z4I/BPwz4huH1Hw58Cvh18VbPXPG/i3xP4Esbqe4h0jxF8UPEUvijR9Sv7G0sJ7PS9M8RW0N1cx+M9ciUA/v3EUayPMI0E0iRxyShFEjxxGVoo3cDcyRNNM0asSqGWUqAXYsAPoA//1P7+KACgAoAKACgAoAKACgAoAKACgD/F2/4Ly+GtQ8J/8Fif+Chul6kJhcXX7R/i7xLGJ/v/ANn+NLfTfGOklen7k6Vrtmbf/pgYsZwDQB/pkf8ABtz/AMoSf2Cf+xC+Iv8A6vP4pUAf5eP/AAWT/wCUsn/BSD/s9X9o7/1afiagD/VU/wCCBfhe/wDCH/BG/wD4J66TqME9vcXf7Pmh+KI47gMJGsPHGsa3400udd2T5F1pmv2lzakfKbaaIphCBQB+vdABQAUAFABQAUAFABQAUAFABQAUAFABQAUAFABQAUAFABQAUAFABQAUAFABQAUAFABQAUAf4u3/AAXl8Nah4T/4LE/8FDdL1ITC4uv2j/F3iWMT/f8A7P8AGlvpvjHSSvT9ydK12zNv/wBMDFjOAaAP9Mj/AINuf+UJP7BP/YhfEX/1efxSoA/y8f8Agsn/AMpZP+CkH/Z6v7R3/q0/E1AH+qp/wQL8L3/hD/gjf/wT10nUYJ7e4u/2fND8URx3AYSNYeONY1vxppc67snyLrTNftLm1I+U200RTCECgD9e6ACgD8Q/+C7f/BT+L/gnP+yTd6L8LDd+J/20v2nHvvg5+yR8NPDVrca14yvfG/iJLfRL34jWHh/TorrU7+1+HY1qxvNJtbexuz4g8e3/AIM8JrA0et3NxaAH54f8G53/AAb+f8O/NHtv2zf2v9MtNc/bh8f6JeDw34YubuLWbT9m7wp4os2TWNM+3o9xa6r8YfFVjdz2PjrxJa3N3baBpVxd+DfDt7PBfeKdT8RAH9RPxa+F/g743/Cz4kfBn4iWV/qXgD4s+BPFnw28cabpetax4b1DUvCHjfQr7w34k0+z8QeHr7TNd0W4vtG1K8tY9T0fUbHU7IzefZXdvcIkqgH8yfxg/wCDPH/gkr8QNGv7b4cyftGfAjXZI2bS9W8H/FkeMdPs7kZMX2/Rvih4e8ZzalYZIE9tb6xpN5KihYdTtnJloA/kt/4K4f8ABr/+1b/wTY+H2u/tDfC7x1YftY/s0eGIzeeOfE/h7wld+Dfid8K9LMjbtd8cfD4av4ntL7wXYK9vDqHjXwv4j1FbA/aNT8SeHPCuiw/2hQB+6n/Bkv8AtTeNvFfwp/bF/ZA8T6xNqXg/4Q+IPhz8ZPhTZXU09xNoMXxRPi/QviXo9i00jrZ6CdY8H+EdfstMtFitote8ReKtTZDdaxcSSgH91lABQAUAFABQAUAFABQAUAFABQAUAFABQAUAFABQAUAFABQAUAFABQAUAFABQAUAFAH+Dv8AtN+GtQ8F/tJftB+DtWEw1Xwn8cPix4a1IXH+vGoaF491/S7wT5wfOFxayiTI+/npQB/tjf8ABPL/AJMC/Yb/AOzPf2Z//VLeCqAP8PPx1/yO/jH/ALGrxD/6d7ygD/dS/ZT8L3/gf9l39m3wXqkE9rqfhD4B/B7wvqNtdBhc29/4f+Hnh3SbyC4DZYTw3FpJHMGO4SK2cnNAHvlAH5If8FA/+CIf/BPz/gpr8RtA+Lf7VvgDx74j+I3hbwHZfDXw74l8K/Frx54PTSPCOn654g8R2tha+HNN1d/CBuRrPijWbyfU5vD8mo3vnwQX1zdWtjZW9uAfzn/tbf8ABk58Ede07Wdd/Yj/AGr/AB/8OvEaWlzdaR8Pf2iNH0n4heDdT1MRN9m0ofEHwPpfg/xP4P0mSbYH1K68H/EnULZN+bW8LLsAP4sPE/gH9sr/AIIzft7+Dz4/8Lap8I/2lf2ZPiJ4W+I3h5JLp7jw94s03TtS+16bq2h65psq2XjH4Y/ELSrfUNEvp7G4ey1nRL3XfDesW9rfQ6zpFqAf7Z3hPxJp/jHwt4a8XaQxfSvFXh/RvEmmO2Nz6frmnW2p2TNjjLW11ETjjJ4oA6CgAoAKACgAoAKACgD8o/23f+C2P/BOX/gnd8bvAn7Pv7V/xvvfAPxG8d+GbTxolnpfw+8e+ONO8KeEtT1PVNG0XXvGd94M8P62dFtta1PRNXtrG0hgv9VSGxfU7+wsdHntNRnAP5wP+CzP7Q3iX/gu98PP2jvgV/wTw8ejxZ+xX/wT5+Avi39rL9o74zaJousjQfj78fvDXhzX9V+FP7Ovw9l1C20u61y30Pw1pXjDxlqGoW8F5oura5DaRxRrf6H4TvdcAPye/wCDO/8Abc+GX7M/7Zf7RHwR+MnxG8I/DDwT+0l8GdF1TQvEHjrxLpPhXw3efE74L+Iby/8AD2gS6vrt5YaXbX2o+CvHnxIvLHz7lHuptJFhAslzd28bAH+h1+x1+2f8Pf23/D3xQ+I3wY8P+Kbn4J+Dfiprnww+G/xq1OLToPA37QkXhKy0+28X+PvhE0V4+rav8PdH8bSa94GsfFd5p9ro/inUPDWoal4YvdV00vLAAfYVAH//1f7+KACgAoAKACgAoAKACgAoAKACgD/M3/4PJP2C/FPwr/bL8Eft6+HNDurn4V/tQeE/DXgXx5r9ta7rTQfjp8LvDyeHbHTtWuIh5dr/AMJh8KdD8M3XhsXP7/UrjwX4zMbNHpu1QD+tD/g1/wDF1j4t/wCCH/7FgtZ45LvwxD8c/COrwI257K+0f9oz4sm2gm/uyT6LdaRqKr2hvovWgD/N4/ae+Cnj3/goJ/wXD/al+CPwGsZPEXiv9on/AIKI/tEeHfBc9vGbuztdA1H43eNprnxlqTwtti8N+F/B9pfeMfEF6JRDYeH9K1C7aXy4C7AH+xx8Hfhd4X+B3wj+FnwV8Dwy23gv4P8Aw48D/C7whbzsrzweF/h/4Z0zwn4fhmdFRGli0nSLRJGVEVnUlVUHFAHo9ABQAUAFABQAUAFABQAUAFABQAUAFABQAUAFABQAUAFABQAUAFABQAUAFABQAUAFABQAUAf5m/8AweSfsF+KfhX+2X4I/b18OaHdXPwr/ag8J+GvAvjzX7a13Wmg/HT4XeHk8O2OnatcRDy7X/hMPhTofhm68Ni5/f6lceC/GZjZo9N2qAf1of8ABr/4usfFv/BD/wDYsFrPHJd+GIfjn4R1eBG3PZX2j/tGfFk20E392SfRbrSNRVe0N9F60Af5vH7T3wU8e/8ABQT/AILh/tS/BH4DWMniLxX+0T/wUR/aI8O+C57eM3dna6BqPxu8bTXPjLUnhbbF4b8L+D7S+8Y+IL0SiGw8P6VqF20vlwF2AP8AYc8CeEvh1+y3+z94N8C6feL4d+Ev7Onwc8O+ErK/1JmdNC+HXwi8FWej215ftbxFnXTPDXh5JrpoICzCCQxxElUoA/jC0r/g9o+Dd3+05D4S1L9jjxTpf7Jtx4tTw8PjGfiXHdfFmy8MPe/ZV+I178J4PBn9jSQrCUv7rwLZ+OZtVt7ASvbeIdQ1JU0iUA/qy/b3/wCCif7OH/BO/wDZS8SftafG7xRbzeDrfTLVfh14a0W7tX8T/GLxjrmnS3/hDwP4AtZmAv8AVPEUUZvJb4r/AGdoHh+31PxPrUttouk31xEAfwL/ALHX/Bw5+xBo/wC1n8R/+CkX/BQr4G/tKftB/tx+KL/U/DXwbtfBmifC2/8AgT+yF8E7Wa+tfDHw++A2neMfihousN4kutLvbybxb8Q9U0XTtau7vWNbh02K2udd8Y674zAP1m+JH/B7j+yRZeGNYk+EH7G37RniXxmLC4Hh+y+JGv8Aw08D+GG1RonFq2san4Y8TfELVY7CKfZJcJZaTJcTxK8Ucls7rMoB9s/sWf8ABTIfsI/8ELfDv/BT/wDb71f4g/En4hftSfGT4nfGm48IeG2fUdY1zxf8b/ip4stPhf8ADv4d23ifWodI8IeBNP8Ahp4R0nXtO06TUrXRvCnhGw1CPSrXVL+Gz0/VQD3z/gm5/wAHMH/BOj/goj4psfhSdd8Q/sv/AB01W5t7Hw58N/j9ceHNG0rx9f3O1Y7D4c/ETStYvvCmvaq88kNnaeG9dl8J+MNZvJfL8P8AhzVooppkAP26/aF8Y/CD4f8AwI+MfjT9oG/8Pab8DfDnw08a6l8W7rxWLd/Dh+HkXh+/XxZaavb3IaG+tNQ0Z7vT200pNJqb3SafBBPPcxwOAfyVf8Gb/wCwZ47+A/7Mvx6/bL+I3h3VfCsf7XWteCtH+DGia9FJBq8/wb+F7eK54PHTQyWtpINM8feJPF91DotzLEi6tpHg6x8R6bENF13Tbu9AP7NqACgAoAKACgAoAKACgAoAKACgAoAKACgAoAKACgAoAKACgAoAKACgAoAKACgAoAKAP8jj/g6B/YL8U/sb/wDBUT4ufEi30O6h+Df7ZGr6x+0P8NfEaWuzTLrxX4luYLr42eFnuYgLb+3NA+JGoajrtzYrtng8NeMvCV5OC2oh2AP9LT/gmb8TfDt//wAEpv2E/ind6hBFoGnfsI/s769r975ieTp3/CL/AAM8KjxVHNKzKgbSL3StTtblnZVWS0k3MACVAP8AJm/4JC/sSeKP+Ckf/BSL4C/A2y0K81TwVf8AxDsvil8d72GMvaeHfgh4M16x8Q/EW81G8KmKyOtWbQeCdDuZ1aOfxX4q8P2XlSveJGwB/sb/ALTn7RPw2/ZJ/Z8+MP7S/wAX72+sPht8E/AWv/EDxZJpdoL/AFi6sNDtGmi0jRLFpbeO813Xb42ui6JazXNrb3Gq6hZxXN3aQNLcRAH8j37D3/B4v8N/2m/2xfAH7PHxe/ZHvfgb8MvjN8QNI+G3w5+KmmfFj/hPdW8O+JPFesW3h/wQPiN4YfwJ4Zs4tI1/Vr6xtdZ1nQtamTwe92sstnrum293qtuAfaH7Xv8AwdcfsH/scftqePP2QPGvwr+PvjS0+EviYeBPil8X/AemeDrvQPDvje3NsmvaXpHhfW/FOi6/4k0vwjc3E2m+JdViOn3g1XTNVtvD2ieI7aKyvdQAP37/AGXf2t/2bf20/hVpHxr/AGXPjD4M+Mvw31fbENb8J6iZbvRtRMMc8mg+LfD17HZ+I/Bnia1ilikvPDXivStH120jliknsEilidwD+Qb/AIOb/wBlbTP+CkX/AAUq/wCCV37EPwJtLXWP2i9T0L4tan+0BrehwRXN78Jf2ada8U/DG40Lxt8RL2GzuTpuh6CNH+L2teGLXU7iIzare/2Zp9jdan430SK9AP7cNE0bTvDui6R4f0i3FppOhaXp+jaZaqSVttO0y0isrK3BYliIbaCKMEkkhcknOaANSgAoAKACgAoAKACgD+bv/grR/wAG1/7N/wDwVY/aP8MftP6/8cfib8CviDB4T0PwN8RLfwjoXh/xbo3j7QPC8l5/wj19a22vTWcvhTxVZWV++kXOrRT6zo99pdjpKnw1Bf215qOpAH66fsM/sC/s1f8ABPL9mzQP2Wf2cvBh0r4c6a2oah4lvfEc0OveKfiV4q1y2t7TxL4z+ImrSWttDr3iDxBBaWtpdIllZ6Np+kWen+HdC0nSfDul6bpNoAfz0w/8Gb//AATif9p/VPjLqnxG+Nt98DbzxXN4ts/2WbS90TRvC9p9pvJb+XwVL8RdOs4/Gz/DuKaUWVhpWnPo/i600WKKxfx1Pdg6lQB/V94J8E+D/hr4P8L/AA9+H3hnQ/BfgbwToOleFvCHhHwzptro/h7w14c0Oyh07R9E0XSrGKCz0/TdNsbeC1s7S3hjihhiREUAUAdRQB//1v7+KACgAoAKACgAoAKACgAoAKACgD52/at/ZU+Bf7a3wG8f/s2/tG+B7Dx98KviNpZ0/WNKuv3GoaZfQN5+j+J/DGrRo134f8WeG9QSHVfD2vWBS606/gjcebbvcW84B/Pt+yp/wR0/4Kj/APBMTwD8a/2cf+Cd37d/7O2t/s1fFnxFrnibwcv7WHwZ8eax8Xv2ftd8RaNaaLqHif4far8OPFdn4K8SeJPsthp088XiPw5Z+C9Q1zS7PxCvgzTZLnXNO1oA+rP+CPH/AAQN/Zx/4JPHxF8UH8W6r+0b+1p48sLnTfF/7QfjPQ7fRX0fSdSuRe6v4e+GnhdtS8QT+FNP1u7WGfxPrOo+I/EHijxPcQL9r1ez0lk0O3AP3moAKACgAoAKACgAoAKACgAoAKACgAoAKACgAoAKACgAoAKACgAoAKACgAoAKACgAoAKACgAoA+dv2rf2VPgX+2t8BvH/wCzb+0b4HsPH3wq+I2lnT9Y0q6/cahpl9A3n6P4n8MatGjXfh/xZ4b1BIdV8Pa9YFLrTr+CNx5tu9xbzgH8+37Kn/BHT/gqP/wTE8A/Gv8AZx/4J3ft3/s7a3+zV8WfEWueJvBy/tYfBnx5rHxe/Z+13xFo1pouoeJ/h9qvw48V2fgrxJ4k+y2GnTzxeI/Dln4L1DXNLs/EK+DNNkudc07WgD6s/wCCPH/BA39nH/gk8fEXxQfxbqv7Rv7WnjywudN8X/tB+M9Dt9FfR9J1K5F7q/h74aeF21LxBP4U0/W7tYZ/E+s6j4j8QeKPE9xAv2vV7PSWTQ7cA/cLxl4R8P8AxA8IeK/Afi3T01bwr428N654R8TaVK8kcWp+H/Eml3Wjazp8kkLxzRpe6de3Ns7xOkirIWjdXAagD+CHSv8AgyRv4P2nIbzVv2y9Evv2PoPFqau+lQeCdXt/2gL/AMGJefbP+EGmmEo8CWesS2YGgy/EG3vpYwS/iOHwFFIU8PIAfqv/AMFZv+DbT4o/8FUPj5o3xG1z/gpDf/CD4IfDXwf4c8CfAD9mu3/Zd/4Trwt8GfDum+HNC03xH/Z/iCL9ovwNH4i1vxj4g0mfXNU8RX3hWy1hdK/4R7wlNd3+k+EtHkQA/K7/AIgYv+sov/mk/wD+VrQAf8QMX/WUX/zSf/8AK1oA/rF+MP8AwSm/Zt/aB/4Jr+BP+CZPxcTWdW+Efw9+D3wl+GPhnxh4ZaLwx4w0DxB8G/C+keH/AAj8TfD3mNrNlYeJIrvSTqtzY6oNe0rUo9R1PSNci1nT9QvVuAD+QHxr/wAGPfxLi8U3Q+HP/BQLwNd+Cpb2d7GXxr8DNf03xTYaezbra3uoNC8farpOrXtuhEM95Dc6LBdsn2mOxshKLS3AP3L/AGSv+Dbfwx4E0bwRov7f37eH7V//AAUe8GfDy+0rWPBv7OfxU8eeOdB/ZG0bVdJb7Rpk2p/BHV/iD8Qf+EvXQ7sRHS7PU/Eth4WuoEmtda8H39jdPYxAH9L+n6fYaTYWOlaVY2mmaXplpbafpum6fbQ2Vhp9hZQpbWdjY2dskdvaWlpbxRwW1tBHHDBDGkUSKiKqgFugAoAKACgAoAKACgAoAKACgAoAKACgAoAKACgAoAKACgAoAKACgAoAKACgAoAKACgD4R/4KIf8E6P2af8Agpx+zzrH7O37S3hu7vNGku117wR468NyWOn/ABD+FnjK3hkgs/F/gPXL6w1O3sNRFvNNYanp9/Y3+ia/pNxcaXrOnXltInlAH4i/D/8A4I9/8FfPgX+xN41/4JhfCD/goV+zBf8A7Ini3TfGngTRPi/47+BHxRT9qf4Y/CH4halqM3i7wF4Mg0X4kyfD27ttS0/Wtbs7a71i8bVdBg1jUrLwxrGhw/8ACPS+GAD9Pv8Agkz/AMEcv2Xv+CRnwm1fwb8Gl1Lx78VvHo0+b4v/AB88ZWNhbeNPHk+mqzWOi6dY2PnWng7wFpFzNc3OieDtPu70xT3Ml7rus+I9XA1RQD7h/a3/AGZvh9+2V+zR8bf2W/im2ow+A/jj8Ptd8Ba7f6NLFDrOjf2pBu0zxFosk8c9sNY8N6xBp2v6Ut5BcWT6hptul7a3No09u4B/Gx+wr/wZxa5+z7+2d8Ofjj+0H+1Z4J+KPwT+CXxH0L4l+D/BfgXwP4i0Dxj8SdW8Fa5a694O07x3/bV9caN4M0Q6rYWF94nsdC1PxncarZW1xoFpf6cNROt2QB9x/wDBW3/g1R+Cf/BQ349+MP2qvgh8etU/Zn+M/wASbm01X4o6Hq/gv/hZHww8deI7e0jsJvFVpYQ+JPC+v+CfEWrW1vaPr89hf65oWqXdp9vj8OWGq6jq2p3oB8Nfsff8GhP7VX7N3j1/GWj/APBXT4ifs/reRR2fiG7/AGRfDPxD+H/jjxNpMckgGkzeMo/ip4Xi0+Lyri5eGW/8P+KLa2nlfbpkvmPJQB/V7+w3/wAE3f2Y/wDgn/ofisfBrR/Fniv4o/Ey7g1P4z/tHfGfxVe/E/8AaJ+NesW5Jg1H4k/E/WYo9Q1KK2JL2Wg6Ra6J4Xsbh57600SLUb2/vLoA+9aACgAoAKACgAoAKACgAoAKACgAoAKAP//X/v4oAKACgAoAKACgAoAKACgAoAKACgAoAKACgAoAKACgAoAKACgAoAKACgAoAKACgAoAKACgAoAKACgAoAKACgAoAKACgAoAKACgAoAKACgAoAKACgAoAKACgAoAKACgAoAKACgAoAKACgAoAKACgAoAKACgAoAKACgAoAKACgAoAKACgAoAKACgAoAKACgAoAKACgAoAKACgAoAKACgAoAKACgAoAKACgAoAKACgAoAKACgAoAKACgAoA//0P7+KACgAoAKACgAoAKACgAoAKACgAoAKACgAoAKACgAoAKACgAoAKACgAoAKACgAoAKACgAoAKACgAoAKACgAoAKACgAoAKACgAoAKACgAoAKACgAoAKACgAoAKACgAoAKACgAoAKACgAoAKACgAoAKACgAoAKACgAoAKACgAoAKACgAoAKACgAoAKACgAoAKACgAoAKACgAoAKACgAoAKACgAoAKACgAoAKACgAoAKACgAoAKACgAoAKAP/9k=</file>
    </questiontext>
    <generalfeedback format="html">
      <text><![CDATA[<br>]]></text>
<file name="pdr_neregularni.jpg" path="/" encoding="base64">/9j/4AAQSkZJRgABAQAASABIAAD/4QBMRXhpZgAATU0AKgAAAAgAAgESAAMAAAABAAEAAIdpAAQAAAABAAAAJgAAAAAAAqACAAQAAAABAAABLKADAAQAAAABAAAAjQAAAAD/4QkhaHR0cDovL25zLmFkb2JlLmNvbS94YXAvMS4wLwA8P3hwYWNrZXQgYmVnaW49Iu+7vyIgaWQ9Ilc1TTBNcENlaGlIenJlU3pOVGN6a2M5ZCI/PiA8eDp4bXBtZXRhIHhtbG5zOng9ImFkb2JlOm5zOm1ldGEvIiB4OnhtcHRrPSJYTVAgQ29yZSA1LjQuMCI+IDxyZGY6UkRGIHhtbG5zOnJkZj0iaHR0cDovL3d3dy53My5vcmcvMTk5OS8wMi8yMi1yZGYtc3ludGF4LW5zIyI+IDxyZGY6RGVzY3JpcHRpb24gcmRmOmFib3V0PSIiLz4gPC9yZGY6UkRGPiA8L3g6eG1wbWV0YT4gICAgICAgICAgICAgICAgICAgICAgICAgICAgICAgICAgICAgICAgICAgICAgICAgICAgICAgICAgICAgICAgICAgICAgICAgICAgICAgICAgICAgICAgICAgICAgICAgICAgICAgICAgICAgICAgICAgICAgICAgICAgICAgICAgICAgICAgICAgICAgICAgICAgICAgICAgICAgICAgICAgICAgICAgICAgICAgICAgICAgICAgICAgICAgICAgICAgICAgICAgICAgICAgICAgICAgICAgICAgICAgICAgICAgICAgICAgICAgICAgICAgICAgICAgICAgICAgICAgICAgICAgICAgICAgICAgICAgICAgICAgICAgICAgICAgICAgICAgICAgICAgICAgICAgICAgICAgICAgICAgICAgICAgICAgICAgICAgICAgICAgICAgICAgICAgICAgICAgICAgICAgICAgICAgICAgICAgICAgICAgICAgICAgICAgICAgICAgICAgICAgICAgICAgICAgICAgICAgICAgICAgICAgICAgICAgICAgICAgICAgICAgICAgICAgICAgICAgICAgICAgICAgICAgICAgICAgICAgICAgICAgICAgICAgICAgICAgICAgICAgICAgICAgICAgICAgICAgICAgICAgICAgICAgICAgICAgICAgICAgICAgICAgICAgICAgICAgICAgICAgICAgICAgICAgICAgICAgICAgICAgICAgICAgICAgICAgICAgICAgICAgICAgICAgICAgICAgICAgICAgICAgICAgICAgICAgICAgICAgICAgICAgICAgICAgICAgICAgICAgICAgICAgICAgICAgICAgICAgICAgICAgICAgICAgICAgICAgICAgICAgICAgICAgICAgICAgICAgICAgICAgICAgICAgICAgICAgICAgICAgICAgICAgICAgICAgICAgICAgICAgICAgICAgICAgICAgICAgICAgICAgICAgICAgICAgICAgICAgICAgICAgICAgICAgICAgICAgICAgICAgICAgICAgICAgICAgICAgICAgICAgICAgICAgICAgICAgICAgICAgICAgICAgICAgICAgICAgICAgICAgICAgICAgICAgICAgICAgICAgICAgICAgICAgICAgICAgICAgICAgICAgICAgICAgICAgICAgICAgICAgICAgICAgICAgICAgICAgICAgICAgICAgICAgICAgICAgICAgICAgICAgICAgICAgICAgICAgICAgICAgICAgICAgICAgICAgICAgICAgICAgICAgICAgICAgICAgICAgICAgICAgICAgICAgICAgICAgICAgICAgICAgICAgICAgICAgICAgICAgICAgICAgICAgICAgICAgICAgICAgICAgICAgICAgICAgICAgICAgICAgICAgICAgICAgICAgICAgICAgICAgICAgICAgICAgICAgICAgICAgICAgICAgICAgICAgICAgICAgICAgICAgICAgICAgICAgICAgICAgICAgICAgICAgICAgICAgICAgICAgICAgICAgICAgICAgICAgICAgICAgICAgICAgICAgICAgICAgICAgICAgICAgICAgICAgICAgICAgICAgICAgICAgICAgICAgICAgICAgICAgICAgICAgICAgICAgICAgICAgICAgICAgICAgICAgICAgICAgICAgICAgICAgICAgICAgICAgICAgICAgICAgICAgICAgICAgICAgICAgICAgICAgICAgICAgICAgICAgICAgICAgICAgICAgICAgICAgICAgICAgICAgICAgICAgICAgICAgICAgICAgICAgICAgICAgICAgICAgICAgICAgICAgICAgICAgICAgICAgICAgICAgICAgICAgICAgICAgICAgICAgICAgICAgICAgICAgICAgICAgICAgICAgICAgICAgICAgICAgICAgICAgICAgICAgICAgICAgICAgICAgICAgICAgICAgICAgICAgICAgICAgICAgICAgICAgICAgICAgICAgICAgICAgICAgICAgICAgICAgICAgICAgICAgICAgICAgICAgICAgICAgICAgICAgICAgICAgICAgICAgICAgICAgICAgICAgICAgICAgICAgICAgICAgICAgICAgICAgICAgICAgICAgICAgICAgICAgICAgICAgICAgICAgICAgICAgICAgICAgICAgICAgICAgICAgICAgICAgICAgICAgICAgICAgICAgICAgICAgICAgICAgICAgICAgICAgICAgICAgICAgICAgICAgICAgICAgICAgICAgICAgICAgICAgICAgICAgICAgICAgICAgICAgICAgICAgICAgICAgICAgICAgICAgICAgICAgICAgICAgICAgICAgICAgICAgICAgICAgICAgICAgICAgICAgICAgICAgICAgICAgICAgICAgICAgICAgICAgICAgICAgICAgICAgICAgICAgICAgICAgICAgICAgICAgICAgICAgICAgICAgICAgICAgICAgICAgICAgICAgICAgICAgICAgICAgICAgICAgICAgICAgICAgICAgICAgICAgICAgICAgICAgICA8P3hwYWNrZXQgZW5kPSJ3Ij8+AP/tADhQaG90b3Nob3AgMy4wADhCSU0EBAAAAAAAADhCSU0EJQAAAAAAENQdjNmPALIE6YAJmOz4Qn7/4htESUNDX1BST0ZJTEUAAQEAABs0YXBwbAIQAABtbnRyUkdCIFhZWiAH5AABAAEACAAyADRhY3NwQVBQTAAAAABBUFBMAAAAAAAAAAAAAAAAAAAAAAAA9tYAAQAAAADTLWFwcGwAAAAAAAAAAAAAAAAAAAAAAAAAAAAAAAAAAAAAAAAAAAAAAAAAAAAAAAAAAAAAABFkZXNjAAABUAAAAGJkc2NtAAABtAAABDZjcHJ0AAAF7AAAACN3dHB0AAAGEAAAABRyWFlaAAAGJAAAABRnWFlaAAAGOAAAABRiWFlaAAAGTAAAABRyVFJDAAAGYAAACAxhYXJnAAAObAAAACB2Y2d0AAAOjAAABhJuZGluAAAUoAAABj5jaGFkAAAa4AAAACxtbW9kAAAbDAAAAChiVFJDAAAGYAAACAxnVFJDAAAGYAAACAxhYWJnAAAObAAAACBhYWdnAAAObAAAACBkZXNjAAAAAAAAAAhEaXNwbGF5AAAAAAAAAAAAAAAAAAAAAAAAAAAAAAAAAAAAAAAAAAAAAAAAAAAAAAAAAAAAAAAAAAAAAAAAAAAAAAAAAAAAAAAAAAAAAAAAAAAAAAAAAAAAbWx1YwAAAAAAAAAjAAAADGhySFIAAAAUAAABtGtvS1IAAAAMAAAByG5iTk8AAAASAAAB1GlkAAAAAAASAAAB5mh1SFUAAAAUAAAB+GNzQ1oAAAAWAAACDGRhREsAAAAcAAACIm5sTkwAAAAWAAACPmZpRkkAAAAQAAACVGl0SVQAAAAUAAACZHJvUk8AAAASAAACeGVzRVMAAAASAAACeGFyAAAAAAAUAAACinVrVUEAAAAcAAACnmhlSUwAAAAWAAACunpoVFcAAAAMAAAC0HZpVk4AAAAOAAAC3HNrU0sAAAAWAAAC6npoQ04AAAAMAAAC0HJ1UlUAAAAkAAADAGZyRlIAAAAWAAADJG1zAAAAAAASAAADOmhpSU4AAAASAAADTHRoVEgAAAAMAAADXmNhRVMAAAAYAAADamVzWEwAAAASAAACeGRlREUAAAAQAAADgmVuVVMAAAASAAADknB0QlIAAAAYAAADpHBsUEwAAAASAAADvGVsR1IAAAAiAAADznN2U0UAAAAQAAAD8HRyVFIAAAAUAAAEAHB0UFQAAAAWAAAEFGphSlAAAAAMAAAEKgBMAEMARAAgAHUAIABiAG8AagBpzuy37AAgAEwAQwBEAEYAYQByAGcAZQAtAEwAQwBEAEwAQwBEACAAVwBhAHIAbgBhAFMAegDtAG4AZQBzACAATABDAEQAQgBhAHIAZQB2AG4A/QAgAEwAQwBEAEwAQwBEAC0AZgBhAHIAdgBlAHMAawDmAHIAbQBLAGwAZQB1AHIAZQBuAC0ATABDAEQAVgDkAHIAaQAtAEwAQwBEAEwAQwBEACAAYwBvAGwAbwByAGkATABDAEQAIABjAG8AbABvAHIgDwBMAEMARAAgBkUGRAZIBkYGKQQaBD4EOwRMBD4EQAQ+BDIEOAQ5ACAATABDAEQgDwBMAEMARAAgBeYF0QXiBdUF4AXZX2mCcgAgAEwAQwBEAEwAQwBEACAATQDgAHUARgBhAHIAZQBiAG4A/QAgAEwAQwBEBCYEMgQ1BEIEPQQ+BDkAIAQWBBoALQQ0BDgEQQQ/BDsENQQ5AEwAQwBEACAAYwBvAHUAbABlAHUAcgBXAGEAcgBuAGEAIABMAEMARAkwCQIJFwlACSgAIABMAEMARABMAEMARAAgDioONQBMAEMARAAgAGUAbgAgAGMAbwBsAG8AcgBGAGEAcgBiAC0ATABDAEQAQwBvAGwAbwByACAATABDAEQATABDAEQAIABDAG8AbABvAHIAaQBkAG8ASwBvAGwAbwByACAATABDAEQDiAOzA8cDwQPJA7wDtwAgA78DuAPMA70DtwAgAEwAQwBEAEYA5AByAGcALQBMAEMARABSAGUAbgBrAGwAaQAgAEwAQwBEAEwAQwBEACAAYQAgAEMAbwByAGUAczCrMOkw/ABMAEMARAAAdGV4dAAAAABDb3B5cmlnaHQgQXBwbGUgSW5jLiwgMjAyMAAAWFlaIAAAAAAAAPNSAAEAAAABFs9YWVogAAAAAAAAYWwAADgyAAAKQlhZWiAAAAAAAABvHAAArpUAABaZWFlaIAAAAAAAACZOAAAZOQAAslJjdXJ2AAAAAAAABAAAAAAFAAoADwAUABkAHgAjACgALQAyADYAOwBAAEUASgBPAFQAWQBeAGMAaABtAHIAdwB8AIEAhgCLAJAAlQCaAJ8AowCoAK0AsgC3ALwAwQDGAMsA0ADVANsA4ADlAOsA8AD2APsBAQEHAQ0BEwEZAR8BJQErATIBOAE+AUUBTAFSAVkBYAFnAW4BdQF8AYMBiwGSAZoBoQGpAbEBuQHBAckB0QHZAeEB6QHyAfoCAwIMAhQCHQImAi8COAJBAksCVAJdAmcCcQJ6AoQCjgKYAqICrAK2AsECywLVAuAC6wL1AwADCwMWAyEDLQM4A0MDTwNaA2YDcgN+A4oDlgOiA64DugPHA9MD4APsA/kEBgQTBCAELQQ7BEgEVQRjBHEEfgSMBJoEqAS2BMQE0wThBPAE/gUNBRwFKwU6BUkFWAVnBXcFhgWWBaYFtQXFBdUF5QX2BgYGFgYnBjcGSAZZBmoGewaMBp0GrwbABtEG4wb1BwcHGQcrBz0HTwdhB3QHhgeZB6wHvwfSB+UH+AgLCB8IMghGCFoIbgiCCJYIqgi+CNII5wj7CRAJJQk6CU8JZAl5CY8JpAm6Cc8J5Qn7ChEKJwo9ClQKagqBCpgKrgrFCtwK8wsLCyILOQtRC2kLgAuYC7ALyAvhC/kMEgwqDEMMXAx1DI4MpwzADNkM8w0NDSYNQA1aDXQNjg2pDcMN3g34DhMOLg5JDmQOfw6bDrYO0g7uDwkPJQ9BD14Peg+WD7MPzw/sEAkQJhBDEGEQfhCbELkQ1xD1ERMRMRFPEW0RjBGqEckR6BIHEiYSRRJkEoQSoxLDEuMTAxMjE0MTYxODE6QTxRPlFAYUJxRJFGoUixStFM4U8BUSFTQVVhV4FZsVvRXgFgMWJhZJFmwWjxayFtYW+hcdF0EXZReJF64X0hf3GBsYQBhlGIoYrxjVGPoZIBlFGWsZkRm3Gd0aBBoqGlEadxqeGsUa7BsUGzsbYxuKG7Ib2hwCHCocUhx7HKMczBz1HR4dRx1wHZkdwx3sHhYeQB5qHpQevh7pHxMfPh9pH5Qfvx/qIBUgQSBsIJggxCDwIRwhSCF1IaEhziH7IiciVSKCIq8i3SMKIzgjZiOUI8Ij8CQfJE0kfCSrJNolCSU4JWgllyXHJfcmJyZXJocmtyboJxgnSSd6J6sn3CgNKD8ocSiiKNQpBik4KWspnSnQKgIqNSpoKpsqzysCKzYraSudK9EsBSw5LG4soizXLQwtQS12Last4S4WLkwugi63Lu4vJC9aL5Evxy/+MDUwbDCkMNsxEjFKMYIxujHyMioyYzKbMtQzDTNGM38zuDPxNCs0ZTSeNNg1EzVNNYc1wjX9Njc2cjauNuk3JDdgN5w31zgUOFA4jDjIOQU5Qjl/Obw5+To2OnQ6sjrvOy07azuqO+g8JzxlPKQ84z0iPWE9oT3gPiA+YD6gPuA/IT9hP6I/4kAjQGRApkDnQSlBakGsQe5CMEJyQrVC90M6Q31DwEQDREdEikTORRJFVUWaRd5GIkZnRqtG8Ec1R3tHwEgFSEtIkUjXSR1JY0mpSfBKN0p9SsRLDEtTS5pL4kwqTHJMuk0CTUpNk03cTiVObk63TwBPSU+TT91QJ1BxULtRBlFQUZtR5lIxUnxSx1MTU19TqlP2VEJUj1TbVShVdVXCVg9WXFapVvdXRFeSV+BYL1h9WMtZGllpWbhaB1pWWqZa9VtFW5Vb5Vw1XIZc1l0nXXhdyV4aXmxevV8PX2Ffs2AFYFdgqmD8YU9homH1YklinGLwY0Njl2PrZEBklGTpZT1lkmXnZj1mkmboZz1nk2fpaD9olmjsaUNpmmnxakhqn2r3a09rp2v/bFdsr20IbWBtuW4SbmtuxG8eb3hv0XArcIZw4HE6cZVx8HJLcqZzAXNdc7h0FHRwdMx1KHWFdeF2Pnabdvh3VnezeBF4bnjMeSp5iXnnekZ6pXsEe2N7wnwhfIF84X1BfaF+AX5ifsJ/I3+Ef+WAR4CogQqBa4HNgjCCkoL0g1eDuoQdhICE44VHhauGDoZyhteHO4efiASIaYjOiTOJmYn+imSKyoswi5aL/IxjjMqNMY2Yjf+OZo7OjzaPnpAGkG6Q1pE/kaiSEZJ6kuOTTZO2lCCUipT0lV+VyZY0lp+XCpd1l+CYTJi4mSSZkJn8mmia1ZtCm6+cHJyJnPedZJ3SnkCerp8dn4uf+qBpoNihR6G2oiailqMGo3aj5qRWpMelOKWpphqmi6b9p26n4KhSqMSpN6mpqhyqj6sCq3Wr6axcrNCtRK24ri2uoa8Wr4uwALB1sOqxYLHWskuywrM4s660JbSctRO1irYBtnm28Ldot+C4WbjRuUq5wro7urW7LrunvCG8m70VvY++Cr6Evv+/er/1wHDA7MFnwePCX8Lbw1jD1MRRxM7FS8XIxkbGw8dBx7/IPci8yTrJuco4yrfLNsu2zDXMtc01zbXONs62zzfPuNA50LrRPNG+0j/SwdNE08bUSdTL1U7V0dZV1tjXXNfg2GTY6Nls2fHadtr724DcBdyK3RDdlt4c3qLfKd+v4DbgveFE4cziU+Lb42Pj6+Rz5PzlhOYN5pbnH+ep6DLovOlG6dDqW+rl63Dr++yG7RHtnO4o7rTvQO/M8Fjw5fFy8f/yjPMZ86f0NPTC9VD13vZt9vv3ivgZ+Kj5OPnH+lf65/t3/Af8mP0p/br+S/7c/23//3BhcmEAAAAAAAMAAAACZmYAAPKnAAANWQAAE9AAAApbdmNndAAAAAAAAAAAAAMBAAACAAAAVgEuAesCxAODBFMFQAYnBxoIGAkfCj0LTgxrDZAOuQ/sES0SZROjFOMWKhd5GL8aDxtXHKQd8x88IIQhzSMRJFIljSbLKAApMypmK5csyi33LygwUTGAMqsz1TUCNjE3XTiKObY64TwNPTg+YD+JQLFB3EMIRDZFY0aQR7hI3koBSyRMR01qTo9PtFDYUfhTFlQzVU9WbVeNWK5Zy1rhW/Bc9137XwBgCmEZYi1jQWRSZV9mZWdhaFNpPGogawFr4Gy/baBug29ocFBxOHIgcwhz73TWdb52qHeTeH55bHpZe0l8PX03fjZ/OYBBgUuCV4NlhHSFhYaUh6SIs4nAisyL1ozfjeeO7Y/ykPWR9pL1k/WU+pYElxWYLJlHmmObf5yYna6ev5/LoNSh2qLgo+mk9KYDpxWoKqlCqlyrd6yUrbKu0a/xsRGyM7NTtHO1kLapt7q4wbnDusC7u7y1va++qb+jwJ3BlcKKw3zEasVTxjbHGMf5yODJz8rGy8PMwc28zq/PmNBz0UPSDdLT05vUZtU11gXW19eo2HbZQNoG2sfbgNw13Ofdkd473uPfjeA74Ovhn+JS4wPjr+RV5PnllOYs5r/nUufk6IXpL+nk6qjrbuwz7PXtr+5j7xHvtfBQ8ObxfPIX8sbzj/Ru9WH2ZveK+OT6xf0u//8AAABWASMBsAJqAzID6ASxBYAGWAc9CC0JJwonCyIMMA06DlEPYxB+EZ8SvhPpFRAWOBdhGIgZtBreHAsdMx5bH4AgoSG/Itsj9SULJh8nNShJKWAqeSuTLLEtzC7oMAQxITI8M1o0dDWLNqQ3uTjNOeI69DwGPRs+MT9NQGxBj0KwQ9BE7UYIRx1IMklFSlVLY0xuTXhOfk+DUIVRhlKIU4pUjFWKVoRXeVhoWVRaRFs/XEZdWl53X5VgsGHCYspjxWS1ZZxme2dXaDBpDGnsatBrumypbZtuj2+CcHJxXHJAcx9z+3TVda12hndieEV5MHokex18GX0VfhB/Bn/2gOKByoKxg5WEd4VdhkqHRIhMiWGKgYuljMaN3o7uj/WQ95H1kvOT8JTtleyW7pf4mRCaOZtunKadzp7jn+mg5aHfotmj0aTIpb6mvKfKqO2qIatdrJyt2a8UsE6xiLLCs/m1LrZkt5u40roFuzS8X72Fvqa/vMC+warCkMN9xHfFgMaPx53Io8meyo7LdcxTzS3OBM7az7LQi9Fq0lHTRdRF1VHWYtd12ITZh9p922bcQ90a3ezeud+H4FjhLeII4ubjw+Sd5XHmQOcM59Too+l/6mnrZOxo7W3ucO9w8HDxcvJ283n0d/Vp9kf3D/ez+EX4y/la+e360PwM/dr//wAAACsAxAFLAdgCZQMGA48EKwTPBXoGLwbpB6UIaAkvCfkKygufDHcNUg4yDw4P9hDZEcASqROTFH0VZxZSFz0YKRkVGfwa6BvSHL4drh6jH5sgliGUIo8jhiR2JWEmRScgJ/gozCmfKnMrSCwhLQIt6S7XL8gwujGqMpgzgDRgNTk2BjbPN5U4WDkZOdk6nTtkPDI9Bj3ePrY/j0BoQURCJkMQRABE80XnRtZHu0iWSWVKJUrgS5hMT00HTcNOg09JUBhQ6lG+UpNTaFQ7VQ1V3latV3xYSlkVWd9aqFtvXDVc+V29XoBfQ2AIYNFhnGJrYzxkDGTaZadmcWc4Z/xov2mAakBrAGvAbIFtQ24EbsVvhXBBcPhxq3JZcwFzqXRPdPR1mHY8dt53gHgdeL15YHoWetp7q3yDfVh+KH72f8OAk4FngkSDKoQYhQuGAIb0h+OIzYmvioyLYYw0jQeN2o6wj4qQa5FHkhKSxpNbk+yUepVBlkKXiJkImoqb5J0ZnjKfOaA5oTWiL6MopCGlGaYRpwqoCakPqiGrPaxgrYeura/TsPyyKLNatJK10bcUuFm5nLrXvAW9Kb5Hv2LAf8Gewr7D38T/xiHHQ8hnyYzKscvWzP3OKc9b0JfR3tMy1I3V7tdT2LnaIduV3S/fDuF35Ivoee1O8vb5Uf//AABuZGluAAAAAAAABjYAAJOVAABWjQAAVukAAJG3AAAmuwAAFwoAAFANAABUOQACh64AAkeuAAFrhQADAQAAAgAAAAEABAAIAA8AFgAfACkANABAAEwAWgBpAHgAiQCaAKwAvgDSAOYA/AESASkBQAFZAXMBjQGpAcUB4wIBAiECQgJkAocCrALSAvoDIwNNA3oDqAPXBAgEOgRtBKME2QUSBUsFhgXDBgEGQAaABsIHBQdKB5AH2AghCGwIuQkHCVcJqAn6Ck0KoQr3C04LqAwEDGIMww0lDYkN7g5UDrwPJQ+REAAQcRDkEVkRzxJGEr0TOBO2FDoUwxVSFeMWdRcGF5YYJhi4GU4Z6BqIGzEb4xyfHWIeKx74H8YglSFkIjQjBiPbJLMljyZsJ0soKykNKfAq1Su7LJ4tfi5cLzkwFDDwMc0yqjOJNGg1SjYuNxU3/zjtOd460jvKPMU9xD7HP85A2kHoQvZEAEUGRghHCEgISQlKDEsUTCFNNE5OT25QlFG8UuVUDVU0VllXfVigWcRa51wLXTBeVl98YKRhzmL4ZCRlU2aFZ7xo+mpDa5ls+W5jb9JxRnK8dDR1r3cteLF6PHvQfW9/HIDWgpSETIX2h5SJLIrFjGWOFY/fkc2T3ZX/mCCaOZxMnl+geaKgpNqnLamgrDCu4LGhtF63C7muvF2/K8IfxUbIoswMzyjR9tSR1yjZ0dye35fi0uZg6fntEu+s8gD0MPY59//5ivq4+9T8u/2j/nD/N///AAAAAQAFAAoAEgAbACYAMgA/AE0AXABtAH4AkQCkALkAzwDlAP0BFgEvAUoBZgGDAaIBwQHiAgQCJwJMAnICmgLDAu8DHANLA3wDrwPkBBoEUgSLBMUFAQU9BXsFuwX8Bj8GgwbJBxAHWQelB/IIQQiTCOYJOwmTCewKRgqhCvwLWAu0DBIMcgzUDTkNoA4LDngO5w9ZD84QRhDAET4RvxJDEsoTUxPdFGoU+hWPFioWyxdxGBYYthlRGeYaeRsNG6QcQBzkHZEeSh8OH90gsyGOImkjQiQYJOslvSaQJ2YoQiklKhIrCCwFLQguDi8SMBExCDH5Mugz1zTKNcE2wTfKONs58jsOPDA9UT5pP3RAckFoQlhDR0Q5RTRGOEdHSF9JfkqhS8dM8E4bT0VQa1GGUpRTl1SVVZRWoFe/WPFaNVuAXM1eHl90YM9iI2NmZJVltWbOZ+Ro+2oWazNsVG12bppvwHDqchdzRnR2dad22ngQeU16j3vYfSZ+fX/jgWeDEITKhnSIBomHiwSMiI4bj8ORgpNYlUOXO5k7mzudOZ8poQSixqR2phunvaliqxWs3a7FsM+y9bUxt3y5y7wPvkTAcsKmxOnHQsmyzDHOnNDd0vTU8dbn2OPa6Nz03wHhCuMU5STnSOmW7DfvivOm92z5zvuE/MP99P75//8AAAACAAgAEQAeAC0APgBRAGYAfQCWALAAzADqAQkBKwFNAXIBmAHAAeoCFgJEAnQCpgLaAxEDSQOEA8AD/QQ7BHoEugT8BUEFigXXBikGgQbdBz4HoggICG8I1Ak5CZ0KAgpqCtULRAu7DDkMwQ1QDeYOgg8hD8AQXBD2EZASLRLNE24UDRSoFUIV3BZ5Fx4XzhiOGWIaQhsqHBQc+x3dHrgfkiBtIUwiMCMYJAYk+SXxJu8n8yj9Kg4rJCxALWAugC+dMLgx0zLzNBo1STaCN8M5DDpcO7A9Bz5gP75BIkKTRBZFrkdaSRFK0UyaTm9QVVIyU9pVWlbMWEhZ01tmXPheg2ABYXBi1WQ3ZZxnCWiBagpro21NbwBwt3JvdB51w3d1eWR77n6kgHmB1oL8hAKFCIYQhzOIc4nUi1WM6Y6IkC6R2ZOIlTuW8Zipml6cCp2nnzegvaI/o8ClRKbKqFCp1KtUrNCuRq+5sSiyl7QItX22/LiJuia70L2CvzbA6cKcxE/GBMe7yXPLK8zkzp7QWNIU09LVj9dK2P/arNxP3ejfdeD94oLkA+WC5wLog+oE63/s7u5G73nwnfGN8nXzRPP39Kr1TvXb9mj29vd29+n4XPjP+UP5q/oN+nD60vs1+5j78fxJ/KL8+/1U/a3+A/5Y/qz/Af9V/6r//wAAc2YzMgAAAAAAAQxCAAAF3v//8yYAAAeSAAD9kf//+6L///2jAAAD3AAAwGxtbW9kAAAAAAAABhAAAJzfAAAAAMoq1YAAAAAAAAAAAAAAAAAAAAAA/8AAEQgAjQEsAwERAAIRAQMRAf/EAB8AAAEFAQEBAQEBAAAAAAAAAAABAgMEBQYHCAkKC//EALUQAAIBAwMCBAMFBQQEAAABfQECAwAEEQUSITFBBhNRYQcicRQygZGhCCNCscEVUtHwJDNicoIJChYXGBkaJSYnKCkqNDU2Nzg5OkNERUZHSElKU1RVVldYWVpjZGVmZ2hpanN0dXZ3eHl6g4SFhoeIiYqSk5SVlpeYmZqio6Slpqeoqaqys7S1tre4ubrCw8TFxsfIycrS09TV1tfY2drh4uPk5ebn6Onq8fLz9PX29/j5+v/EAB8BAAMBAQEBAQEBAQEAAAAAAAABAgMEBQYHCAkKC//EALURAAIBAgQEAwQHBQQEAAECdwABAgMRBAUhMQYSQVEHYXETIjKBCBRCkaGxwQkjM1LwFWJy0QoWJDThJfEXGBkaJicoKSo1Njc4OTpDREVGR0hJSlNUVVZXWFlaY2RlZmdoaWpzdHV2d3h5eoKDhIWGh4iJipKTlJWWl5iZmqKjpKWmp6ipqrKztLW2t7i5usLDxMXGx8jJytLT1NXW19jZ2uLj5OXm5+jp6vLz9PX29/j5+v/bAEMAAQEBAQEBAQEBAQEBAQEBAQEBAQEBAQEBAQEBAQEBAQEBAQEBAQEBAQEBAQEBAQEBAQEBAQEBAQEBAQEBAQEBAf/bAEMBAQEBAQEBAQEBAQEBAQEBAQEBAQEBAQEBAQEBAQEBAQEBAQEBAQEBAQEBAQEBAQEBAQEBAQEBAQEBAQEBAQEBAf/dAAQAJv/aAAwDAQACEQMRAD8A/v4oAKACgAoAKACgAoAKACgAoA/M/wCAvwG+HHxO1b9o3Wde0Z7Hxbof7Xnxj1jRfGOgXVxoviXT9Xt38T6Bo2oSajp81vJqn9h6f4s1aTSbLV1v9PtbmeOdLUtGoX77ju3Jwe0rX4K4fvbq1hIq+y107s+P4Rb5uJU23binOd+l8S3b8f6+GPta6V+1B8F4o/7J1mz/AGhvAWkWtvG2m+IVTS/i1beH/CXwvmNw9trNsI7Hxx478f8AxG02JV/tCCwsdPtNcwPltd1fAn2B3vgj9pv4beK9Zbwhrdxe/D3x9b3y6LeeDvG8DaNevr8Hg3RfHOt6Vol9cLFYeIx4c0PXrF9av9JlmsrOcXELyh4JdgB9DI6SKskbK6OoZHRgyurDKsrDIZWHIIOCORnIoAdQAUAFABQAUAFABQAUAFABQAUAFABQAUAFABQAUAFABQAUAFABQAUAFAH/0P7+KAIbieG1gnurmRYbe2hknnmc4SKGFDJLI55wqIpZjjgDPNVCEqk4U4RcpzlGEIreUpNKMVvq20lp95M5xpwlUm1GEIynKT2jGKvJvySV2eU/B/48/B34/wCiav4j+DPxC8O/EXQ9A1248M6zqfhy5kubbTtetILe5udLuWkihK3UNvdW8rIFI2TRkO2Rt+g4k4S4k4QxWGwXE2T4zJsVi8LDHYahjYRhOthKk5whXgoyknTlOnOKejvF37R8Hh3ivhzi3DYjGcN5vg84wuExU8Fia+DnKcKOLpwhOdCblGNqkYVISaV9JJ6XsR6B8f8A4M+Kfip4o+CPh74i+G9W+LPguxXUvFXgOzupH17Q7BjbqtzfW5hSOOMm6th8srkecmQMks8XwjxLgMhwPFGMybG4fh/M6ro4DNqlNLCYqqua8KU+ZtytCe8V8Ls3qThOLeG8dnuO4YwecYLEZ/ltL22PyqnNvF4Wk+T95Vhayj+8hs38Svv7vk8n7ZXwxk/a5j/Y10uz1zWfiZb+B38d6/fafbpLoPhnTdlrLFbavdbi0V3Pb3+nzIgUYF7Ah+YsU+gXhrnkfDx+JVerhcNkc80WVYSlWlKOLx1e9SMp4eG0qcJUa0W3v7ObXQ8B+I+SS8QV4cUKeKxOdwyt5ri6tGKlhMFQtTcYYie8ako1qMktf4kU7N3MjxZ/wUR/Yi8DeKdb8E+Lv2lfhjoPivw3qt3oeu6Hf6vOl7pmrWMzW95Y3SpaSRrPbzo0UgV3CupGTiujL/BvxRzXAYXNMu4Iz3F5fjaFPFYXFUsNF0q+HqxU6dWneqm4Ti1KLfLdO9nY58f4weGOV4/FZZmHGuSYTMMFiKmFxWFq4iaq0MRSlyVKU0qdlOEk4y6J+h6f4q/aT+GWj/Afxh+0N4U1e3+J3gHwf4cv/E91ceArq21ma90/S0Wa/Fp5UjKs9pbGS6nimETxQQyO6DFeHgOCc8xPFmW8HZhhp5Fm2ZY2lgacM2pzw0adau+Wi58yu41J2pwlFyUpzST6y9zH8aZJhuFcx4wwGIjnmU5dg6uNnPKakMTKrSoJSq+z5dOanBupNSScYRcmlY2v2fPjp4I/aU+D3gf41/Dyeebwp460iPVLCO7VUvrGUO8N7pl/GpIivtOu45bS7j42TROMcVy8YcK5pwTxHmvDGcwjHH5ViHQqyptulVjZSpV6Mmk5Uq1OUalOVtYyW508I8U5Zxpw7lfE2TynLAZrh1XpKokqtKV3GpRqxWkatGopU6kdbSi9tj2avmj6QKAPjT9kP5dW/anT+7+1R8VW/wC/t9bzfr5mfxr7/jrWhwY+/BmSr/wGlKP6dvvPjuEv4vFC7cUZp+M4S7vv2XlezPsuvgD7E4P4g/DDwB8VNDvvDvxA8K6R4m0y+0jXdCf7fbD7faaZ4n02XR9ft9K1aAw6ro7arpkr2V5caVeWdxLAQjSkKm0A+fNT+DHxm+GP9r6x+z/8TJdWsz/wmOtWnwk+LMsus+FLnV9Q0jwxpvgzwzonimFV17wV4M8My6Nq159itV1G5up9bl825KxIFANNP2p9H8Kaxe6B8bfB3iT4RTWs/jOa08T6xB/aHgTU/DXg3WvDnh4eLpPEtkr22hWPinVPFGmr4X0nVturXsTTZjJt5ioB9O6dqmm6vAbrStQs9Rt1lkgeayuYbqOOeFtk1vI0LuI54XBSaB9ssTgpIisCKAL9ABQAUAFABQAUAFABQAUAFABQAUAFABQAUAFABQAUAFABQAUAFAH/0f7+KAOa8Z/8if4r/wCxa13/ANNd1Xblv/IxwH/Ybhf/AE/TOLMv+Rdj/wDsCxX/AKYqH4Qf8G8f/JuH7RX/AGc94l/9QzwbX9YfTG/5LXg3/shsH/6tM0P5V+iB/wAkbxj/ANlvi/8A1WZaYH7J/wDynT/bU/7Jxd/+lvgyuvxA/wCUVPDL/sdUv/TWaHJwB/ylL4lf9iet/wCnctJ/+CS903xf/bo/4KQftA67GbvVJvHtl4P8OXkx3yaXoo17xLNNpdu5yVt1sLPQIAikAR2MI24Cmp+kHT/1c8KvBbhDCv2dCOU1MxxtOPurEYr6pglCvUS0dT2tXGTbtvVltdl+AFR8ReKXjLxbil7WvLNaeXYKrLV0MN9bxspUIPW0PZUsJBK+1GO1mj8yvg78ZP2LvhB+1v8A8FIbr9sf4b3XxG0jXPiRqVr4Ks7fwVeeKhaXdv4r8dLrkcl/bPHH4dOopeaTDFeXEqLK8WUJNswr9w4k4a8TOI/DvwVh4bZ1DJsThMkw1TNKk8zp4B1ac8tyh4RxpTUnjfYypYmcqUFeKlrfmSPxPh3iPw14d8QPGafiNk085w+KzrEQyylDLamOVOpDMM2+tRdWDUcG6yq0IxqzcVJx0fuM/T3/AIIb/AbxdF+zx+0FrHi3SbnSPgZ+0D4h1T/hWfg7UL6K/wA+D9R0u80fVNQ8uKWeK3i1Kzu49PaI+XLI1g8s0Qd8V+GfSm4sy58ZcIYfLsRDEcVcIYSh/beZUaUqVsyoV6WJoUeaSjKcqFWnKsmlKK9soxk+U/b/AKL3CmYLg/i3E5jh54fhfi7F1/7Ey2tVVZf2dWo1cPXrcqdoRrU6kaPLdN+xcpJNpnSf8ECfFeqL8Ev2gfg/q11I4+E3x+8TWGiWDMSml6JrFpZX72sKn7kb62dXuMDALStwMYrh+lvl+HfFHCPEeHgk+IeEcDWxVZb18VhqlWkpy7tYX6tDfaPW52/ROx9dcM8XcO4ipKX9gcW42jhaLd1QwuIp0qjhHspYr6xOyS1k9re9++FfyUf1eFAHxn+yT8viP9rCP+5+1F8QW/7/AEGlz+3XzM/j3619/wAca4TgmXfg3K1/4DKtHu+3ZHx/Cn+8cVL/AKqbH/jGk/18/wBI/ZlfAH2AUAFAGfqukaVrthcaVremafrOl3fli603VbK21CwuRDNHcQi4s7uKa3m8q4iinj8yNvLmjjlXa6K1AHy7rX7K1ho17fa/8CfHnif4I+I9QuNSu7qDSXHiPwPe6h4o+JGl/EHxzr+peCtblktLvxN4kFvrGgpqy3sCaVp+u3IsrRfJgVQCjH8bvjL8MZrOw+Onwmn1jT7u+s7GD4gfBpbvxJoxv/FXxPu/BvgvQ7rwrdqviO3u4fDU2heKPGOuc6Jo0d1qHls0NkTQB9A+Avin8O/ihpdvrPgDxhofimwuY7qaGTTLxHnaCz1K80e5uDZyeTeLbRapp99YfaXtxbvdWdxFHIzRPQB39ABQAUAFABQAUAFABQAUAFABQAUAFAFa1vLS+i+0WN1bXkBd4xNazxXEReJzHInmRM6b43Vkdc5V1KnkGrnTqU5ctSE6crJ8s4uMrNJp2kk7NNNO2qaavcmM4TXNCUZxu1zRkpK60aurq6ej+7S1izUFBQAUAFABQAUAf//S/v4oAguraG8trizuYxLb3cE1tcRN92SGeNopYz04eN2U89D2q4TlTnCpBuM6c4zhJbxlBqUWvNNJkzhGpCdOa5oTjKEovZxkrST9U7H8yfwB8K/t5f8ABKvx38cPhp4I/Zd1v9pj4LfEfx5e+NvBniXwfexpNbahdwx6daNfjzFNtLd6bZ6bFf2MyB7WW2LxO3mtt/uLi7H+E/j5lPC+eZpx3huCOJslymjleZYHMacnGdGnKVar7FWanGFerWlRqxklNVLNe7Y/iThPA+K3gPmnE+SZZwNieNuG86zWrmmW47LqkYyhWqKNGm61pNwlUoU6EatGSvTlC6k+ax9df8E0P2Wf2ibP9oD9ob9uL9qXwvbfDr4g/HSQWHhz4cRTJPfeG9AkvjfXSamQ7tbFRBptjaW0haZorFriU/vUC/nfjfx7wbU4Q4P8LeA8dPOcn4WXtcZnTXLSxuLjS9lTdHRe0vz16tSaUY81XlXwPm/QvBXgTjClxbxf4n8dYGnk+b8UP2WDyZOM6uCwkqvtZqtaUvZv3KNKEHJzapOcklJc3jH/AASetm+Df7ev/BRz9nnXpDaam3jWz8aeF7OX5JNU0NNe8RJPqsEZxmF9O1Lw5cB1yDHexcDg19N9IGouJfCbwY4xwi9pQWWVMsx1SOqoYp4TBOGHm9bTVahjYNN6Ok0r3bl834BQfDnit4ycIYp+zrvM6eZYGlLR18MsXjFLERX8ro18JNPTSqtFsb/7CH7FHjMftIf8FNh+0V8GLyy+GPxy8TJZeC9W8U6VYT2fiXSL7xB8RJL/AFDw3cSG4khkisdY0y8iu41t5Y3ktZVy6ALx+K/idlv+pXga+DeJadTPOFcC6mZ4fAYirCrgsRRwWSRo0cbBcilGVXDYim4ScotKommmzq8K/DPMf9c/G3/XHhupTyTijHezy3EY7D0pU8bh62MzmVWtgpvnlGUaWJo1I1IqMouUJKzSR0n/AAS18GftC/sVab+1d8Ffjz4L8UaX8DfhRrHiX4hfC34laosZ8Naj4csV1OfXbXR7gzu6WMtlpltrtrF5SAyX96xCnArj8ecy4P8AE6twBxPwnmeBxHFXEGGwOT59ktBtY2jjaroRwk8THkS9rGrXqYWo05JRpUlsmdngVl3F/hrQ4+4Z4qyzHYfhfIMRjc3yLOq6j9SrYOkq8sVDDzc7xpSpUIYqEbL3qtXbQ5//AIIBeENVb4M/tB/GTVEkEXxZ+Ouv3Oi3DKRHqOk6JbW9rLexMQCy/wBsS6nbHGRutzznNdf0usxoLiXg/hqg1zcP8K4SGKh1o4jEznONKS7/AFaNCp00n5Jy5fomZfiHw3xdxHiFK2f8U4qeGm9q2Hw0IQdWP/cxKvT3l8Hqfv7X8in9ZhQB8Z/snZXxj+11H/d/ac8Wt/3+0Lw7N/7Pn8fevv8AjbXAcDPvwfgV/wCA4nFR/Tt958fwr/vfFi7cTYv8aGHflv26ee59mV8AfYBQAUAFABQAUAfP/i39mX4T+KNdsPFdno934K8WWF14Pl/4SPwFfS+FtQvtN8D67q/iXRPDOppYBbO78MPrWu6te6rpItol1V72YXc5BUUAecaXL+1V8Go9J07Xl0n9pLwhC3g7SLvxPYC28G/E21SSDxZeePvGmv6O4bw7qVnpxtfC1loOgeH5Tqd+1/dmRg0I3AHpvwy/aS+FPxRSytNO1m48MeKrjS/Cep3vgHx3ZS+EvGujP420ebX/AA7pWp6Lqnl7dbvtJtrq9/sqzub28ihtbhpYkELlQD3qgAoAKACgAoAKACgAoAKACgAoA+J/GXwN8e/CHWdU+KP7MWoTmS5uptX8afA3W9Rnn8H+NxI5m1C48LzXTzSeFfFc3zzWzwudNvrktFcRRGYNX6FgOI8sz2hRybjClFKEI0Mv4jw9GEcdl1ly0o4yMeVY3BLRTUk6tKGsG+VKXxeMyTHZTWq5nwzOV5TdXGZJXqSlg8bd81SWFc2/qmKau4OMvZzk7SS5lI9/+DXxi8LfGzwfF4q8N/arK5trqfSPEnhvVIvsuveFPEdg3lanoGuWTYktr6ynDIdyqk0eyeItHIhr5nP8gxvD2OeCxfJUhOEa+ExdF8+GxuFqK9HE4aorqdOpHXR+67xd2j38nzfC51hFisNzQlGcqWJw1VctfC4im7VaFaG8ZwlpslJWkrqSUfWa8M9UKACgAoAKAP/T/v4oAKACgAoA+Up/2PPhQ37V1r+2JYnXNI+Kw8FSeBNYXTb/AOz6H4j0llt44pdasBF/pV1BDZWEKSGTlbG1JwUy338PEjiBeH9Tw3q/VcRw/wD2os2wzrUufFYPEe+5Rw1W7UKcpVa0nG29Wpa10j4KXh1kD49h4i0vrWHz7+zHlWJVGry4XGYe0YxliaXKuepCNOklK/8Ay6p78p9W18Afenmnxk+F2i/Gv4W+OfhN4jv9X0zQPH/h+88N6ze6Fd/YtVj02/CpeR2l1sk8s3MAe2myjB7eaWMghzt9zhrPcTwxn2VcQYKjh6+LyjGU8bhqWLp+1w7r0dabqQur8krVI66TjGWtjxOJMiw3E2RZpkGMrYihhM2wlTBYmrhansq8aNWyqKnPW3PFOE/5oSlHS9zI+APwM8Bfs2/CTwZ8F/hpYzWPg/wRpa6bpy3UgmvruRnae81HULgKv2jUNQu5Jru8nIzJPK7cZxXRxdxVm3GvEOZ8TZ3VjVzHNK7r1vZrlpU0koU6NGGvJRo04xp04X92EUtbM5+E+Fsp4L4fy3hvJKUqWXZZQVGjzvmq1G251K1af26tapKVSpLrKTfU9ir5s+jCgD48/Zb+yL48/a8jtvtPmJ+0frDXfniIJ9om8HeE5j9m8v5jCUkQ5lw+8t2wW+84y9o8t4Fc+Sz4ToKHLzawjj8bFc19OZNNPlurWe7aj8hwxyrHcWqPNdcR1nO9rKUsJhJe7bpZp3bvfpG3vfYdfBn14UAFABQAUAFABQAUAeY/ED4OfDf4nLZv4w8L6fqGpaXdXWpaJr0UYtNe0LWbnw7rHhVdc0nVINlxb6xZaFr2rWWnXrmZ7FLyQ24RuVAPGbD4W/GX4N2dy/wu8eXvxJ8JaPpsA0b4X/EKaJtXXTfCPw0GiaH4U0Hx3MTI2p+LvGenWmta94k8Sqwgk1S+IXyY1FAGj4e/ao8IxatB4T+Leia78E/GMt5faZBZ+Obf7P4a1u+0DwToXjfxZdeGfGUO/Q9U8PeHLDWxa3XiC6n06ylu9P1COHcbZ1YA+nLa5try3gu7O4hurW5ijntrm2lSe3uIJVDxTQzRM0csUiEOkkbMjKQVYg5YAnoAKACgAoAKACgAoAKACgD4q+I2mWvwG+PnhD4z6NHcWnhH426/4e+FHxZ0+1EUWkQeK9Vmay8AfEC+Q48q6lvmj8K6reIiiZb3TJbqRjEGr9ByqtPiXhnHcP4hxnjuHsNis7ySrNydeWCoR9pmeV03reCpqWNo03flcKyhbmUY/GZhShkWfYTOaKlHCZ1Xw+VZrCFlSjiqsnDAY+ouknNrC1ZpRvzUpTn7p9qAhgGBBBAII6EHkEdeCPf86/PmradVofZi0AFABQAUAf/U/v4oAKACgAoAKACgAoAKACgAoA+M/wBlr5fiZ+2dH/c/aQkb/v8AfDXwHN/7U9vfsW+/4z/5E/AD78Jrr2zfMo/L4e/lpY+O4Y/5GXGK7cRP8ctwL/W+q1v1ufZlfAH2IUAFABQAUAFABQAUAFABQBzPi7wZ4U8feH9X8K+NPD+leJvDuvaXqWiaxpGsWcV5Z3+k6xavY6pp86SAk21/ZyvbXUalfOhZo3ypIoA+Z9e/Zu8W+EJ9d8Rfs5fE3Ufh9reoDxprEfgvxS114k+F+q+MPEuneFdK0O+1XTGZ9R0rQPB1l4blGi+H/D729mJtY1CV4yzCgB+oftI+JfhXc6pF+0D8Ndb8I+GNNfxbfp8U/DEcvizwKvhfRPEnhrw14Y1HX5NKin1HQ/EPjaXxJFqFn4aFjcTWFrY6i1zKsdszUAfTXhvxZ4Y8Y2MmpeFdf0jxDYQXl5p1xdaPf21/Fbajp1xJaahp9y1tJJ9nvrC7imtby0m2T21xFJDNGkiMiAHQ0AFABQAUAFABQAUAeHftL/D64+KfwB+LvgXTy8et654E8Qf8IxcxHE1j4v06xl1XwjqFu4yyT2HiSy0u7idPnDw/LjJNfR8IZpDJuJ8jzKrZ4fD5lhfrkZfDUwNWoqOOpTWicamEqVoSTdmn00PE4ly+WaZDm2BptqvXwOI+rSWjhi6cPa4SonrZ08TClNWX2epY/Z08et8T/gb8LPHUrKbvxD4L0O81FR/yx1IWUUOoQMOSHhu45Y3B5DKc46VHFeWLJ+I85y2Kap4XMMRTpP8Amo+0bpSXlKDTW2nfRlcPY/8AtPJMrxzd5YjB0J1PKooKNRPzU00/M9pr589kKACgAoA//9X+/igD5B/bs+NPjX9n39mXx98U/h7JpsPizw/JoUemS6vYLqVhH/aOt2VjcNNZO8azH7PPIEBddrkNzjFeHxFj8RlmU4nGYZxVak6XI5xU4+9UjF3i7X0b6/dofhP0k/ELiHwu8H+JuNOFpYSGd5XLLI4SeOwyxeGj9bzHD4aq6mHlKKqfuqklG8lZtS1skdl8GPih4m8c/sreAPjBrpsm8XeIvgzpvjrUja2ot9PbW7rwuNXlMNorERWpu/uwBsLH8mRXRgMXVxGT4bHVOV1quAhiJcqtH2kqPO7R6K/Q9/w/4yzjiPwW4Y48zJ4eWeZrwBhOJMW6NFUsK8xrZMsdP2dBSahRdfampaR0utD5W/Yi/bB8dfFz9mP4u/G/4yTaLPd/DXX/ABwC2i6bHo9tJonhfQYdZit2gjklVrqQs8AlzmRmTjJxXjcP55icblOOzDHOm5YSriF+7goJ06NNTSsnK7eqv/6Vdxj+LfR28eOJOOfB/jrxF4+qZfUr8IZpxGr5fg44ClPLsmy2GPhSdKM6ilWm+amp815OUVvqeQ/safFz4wyfsc/tHftYeLfEt74k8QeItR+JPjDwJp+szPcaPoth4Wt7uys7S1sS2IrRdatLt2gRlSS3SKM5Hzrx5Fjcc8izXOa1aVWrWni6+GjUfNCnGjFxikr/AAqopO2mmjTsfC+APHHHsvATxY8bs8zfEZtmma4ri7PuGcLmFSVbAZfhclpV6GHo0cP7qhQWYUMRJ0krTpRhH3U/eof8E5/+Ci3xB/aD8e6x8J/j3b6FpvizVdEg8U/DvUdK0saJba5pyJuv9OFv5ssc9wkDxX1pJE5eaFbwOF+zHdHC3FOJzPEzwWZKnCtUpqthJQjyKpBfFC19ZJWkmndq+j5W5cv0UPpW8UeKPEuO4I8TaWW4TO8dl1POuFMXgsGsvpZjhFG+JwnsuecalWNOUMTQlCXNOCxCkl7GSPQ/h98cfjP+0n4s/wCCiHwNn1q10X/hU15rHhj4S6n4as/7J1zT7tLzxXb6X9s1GOSSS7mkudB06KSYrG2yW4AB3gr04bMcfm1fijLnOMPqUqlHBSpR5KkZKVZQ5pptybdKKvZPV73PquFvEbxA8XM7+lT4cVMwoZd/qPiMfk3BGMyjD/UcxwteOIzung/rGLjUnKvOdXLMLCdRxhJQnVS5ua8fVv8Agmb8dta+OX7MukSeLdSuNX8b/DnXNU+HnizUrt/Nub680Zo5dPvLiU/NLcXOjXWnzXEjAbp2k64zXbwnmM8wymHtpueIwtSeFrTbu5Sp25JN6Xcqbi27LW+92fa/RA8Scw8RvB/ASzvF1cdxFwpmON4VzvF15OdbEYjL5Rnha9Wo9alWtgK2FqVZverKXmfQ/wAR7H9p2bxHJN8Kdd+Dtl4U+y2wjtPG2neKZ9aF4Ix9rZp9IU2ht3kyYADvVOHBIG79OympwfHCKOd4bPqmN55808uq4OOH9m37lo12p8ySSlra7ur6n9DZjDiV4hvKq2UQwvJG0MbTxTr89vevKknDlb21ulunZc3T/Ew/G1dM0M/CNfh5Jq4eX/hIR44fW47Fk8mDyDpR0hJJQ32j7T5n2kYEXlbcsX28eULh51sT/bjzVULR+q/2csM6l+aXN7b27Ufg5eXkfxKV76HVmX9tKnQ/sn+znVTf1j6866g1yrl9l7FOXxc1+ZrS1r6nx3+zNcfGW2v/ANtUrp/gG7+MCfHLR7hNPN5rNv4Flvp/hx8OhOGu/LOrpbDThcPGwj3m6WJSBGzmvvOL4ZBOl4fXq5nTyF8O14Or7PDyzJUo5rmvK1C/sHL2vKmr8qg2/ekvd+P4alnEanGf7vATzf8AtulNU+etHAucsuy7mvO3teX2fM07X5lFNNXPsD4YX/xyvLXWj8XtA+HmjXsRi/sBPA2ra1qVvcgxyGb+0m1aKJ4SJRGsfkg5QuWwQBXwmcUuHKc8P/YWKzXEU3zfWXmVDD0ZQ1XL7JUJSUtL35utrXv7v12WVM7nGt/a+Hy+jNW9gsDVrVYy0fN7R1UmtbWstu5zfgLXf2l7zxWlr8RvAfwy0XwcUuy+q+GfFOq6lq6yJ/x5KLG7t44isoz553fIfu5AxXXmeG4Rp4JzynM84xGPvC1HF4GhQoWf8S9WFWcrx+zZanPgK/Ek8Uo5jgcto4S071cNiqlSqn9hezlFLX7WunS9iPxH4m/aWtPHraf4a+GXw+1f4d/2np8SeIb7xpcWGvjS5WgGpXb6R9nMX2m1VrhoIFkIn8uMZUsaeEwnCM8tVXGZvmlDNfY1ZPC08BCrhvbJS9jTVbmjLknaClJ/DzPa15TicTxJDH+zw2WZfVy72tNLETxsoV/ZPl9rN0eVLmj7zjFS1ta6vc1/iv4l+PGhXekJ8Ivhp4V8eWc9pLJrM3iDxlH4YlsbsSERQWqSQyi6jeLDtJhdrfLznKY5JhOGsTCu89zfG5bOM0qEcLgJYyNSnbWU5KUORqWiVvuubZric9oSorKctwuOhKDdZ18ZHCuE76Rinzcya1b17eZoeIPEnxjsfhro2t6B8NtE1z4m3EWltrfgiTxfaabpOnTTwO+qpa+JJ4jb3i2E4SKAhF+1K+9du07ssNhMhqZviMPic3xGHyeEq31fMVgalavVjGVqDnhItTpurG8pK75LWbV2zTEYnN6eW0a2Hy6jXzKSpe3wTxcKdKm5Rbq8uJkuWapyslZLnTurCeBfFXxd1bwV4i1jx58MNP8ACXjLThqTaD4T07xdYa9b68LbTluNPVtYt40trBr/AFDdYHzgwt1AuH+Q4ozLBZHQzDC0MszmrjsBV9ksTjauBqYWWG56vLVaoS9+oqVK1X3fi+FapBgcVm1XBYitjssp4XGU/aewwtPF068a/LTUqf76K5aftKl6fvL3bczVnYxPhX8QfjR4r1u+0/4j/BFvhrpUFibi01n/AITPRfEiXt2JUQWQtdOVZoiY2aXznATCbepFdGdZXw/gsPTq5VxEs2ryqKM8P9Qr4V06fK37Tnq3jLX3eVWfW72McrzDOMVWnTzHJXl1KMOaNb65RxCnO9uTkprmV1d8zstNndcuZB8W/jE3xEPhSf8AZz8RxeEf7en0xfiEvjHw1Jp39lRyypDrzaTxqIgnjVJRa489A4VsFWreWR5B/ZX12PFeFeO+rRrPKngMWqvtmk5YZV7ex54tuPPdxdrrR+7jHNs4eYPCy4dxCwnt3SWPWMwzh7JN2rulpPlkknyfGr213L3xS+LnxJ8Ca/BpXhP9n7xp8UdMlsIbuTxB4d13w/p9pBcySSo+nvbanIty00KosjSD92RKoGOTWWTZHlOZYWVfHcUZfk9ZVZQWFxWFxNapKCSaqqdFqCjJtqzu1a7WppmebZjgcRGlhcgxmZ0nTUniMPXw9OEZNu9Nxqe9dJXva2ttToPiJ8SPF3grw1oOuaF8IvF/xB1LVXjS/wDDfhu60xNS0IPbLO73st5JHbyrHITbHyTzIpIwpBrlyrKcDmGLxOHxOeYDK6VBN0sXi4VnSxNpuKVNU05Jte/73Tu01LozDMcXg8NQr0MpxmPq1WvaYbDSp+0oe7dubm+V2b5fd5rvba4uk/EzxPf/AAuvPiBe/CTxtpPiC1S8dPhncf2fN4uuza35s4kthDP9hdryEfb4MzAfZj83zDDFfKMHSzmnldPPMur4Wbpp5vD2qwMOelztz5kqiUJP2ctPj2sncKWZYmplk8fPKsbSxEVNrLZezeLlyz5Eo2k4vnj+8jt7u6bVit8Jfit4j+JUutx6/wDB74h/Cz+yY7F7eTxza2VvHrBvGullj01rOeYSPZfZ0a537dq3EOOp3XnmSYTKFh3hs+yvOvbuopLLZ1Juh7NQadZThGyqc9oWcr8kr2t705TmuIzJ1lXyjMMr9koOLx0YRVbn5rqny7uHLeV1pzK17s5bwh8d9Z8Z+MovBeqfAL4w+FbG6lvoH8T+KvDlpB4WRLNJZEknulu5j5N4YlW1Jjbe8kedua68w4Zw2Cy+WOp8S5BjpxjTl9RwmKnPGS9o43SpunG7pqV5roou8tLS5sFn1fF42OEnkWcYSLc19axGHjHDLkTd3UVR2Ure77t3dJtXPkn9oyw8DfDvxL4sv/hv8Mfjz8PvHGi6LdXUfxG+DHh5rfwdexa14u0z4s+LxdwJONBmuvFWrWl1o/izxHc6XLqlpYaprMdvcAnNY4ThmWMyipmsc7yHCuFHE1fqWNx6oYpfV1UspU3F2dXkvT1fNGUX7rcYnncTcXS4fwub1YZNmmMnl2XYnG06tPDN4GrOjhJ4iMZ4hO8KSlFQrVLXppTaUuU9L+E3xv8A2lovh/8AD/xx43+G9r8WPC3jzQvCutWuu/DMJa+KNMvviH8Qrmw0zSNR8J3Uqr/YPgD4fX+h6z4s8Vi5b7XcWmryQW52xq3yOEr/AFnC0MRZL21KFS0XzRXMr2T6rszq4I4jfF/CHDXFDw8cK8/yXL82eGhN1I0HjcPCv7KM3rNQ5+VSdua17K7R9OfC/wCPXwp+MNpbz+BfFtlf3k+mrrDaDerNpHiW10uTV9W0GG/vfD2px2urWlpc6toWr2VrcT2qR3MlhcGFpEXdXQfUnsNABQAUAFABQAUAfG/7En/En+Gvjf4dvxL8LPjX8XfA4X+FNPsvG+rXeirGv8MY0e7sTH0BQqRwQW+98Q/3+b5dmqXu5zw9keY36urUy6hTxDfduvTqX1eumlry+P4L/c5bjcv65XnWbYL0pwxtWdBLyVGcLflHY+yK+CPsAoAKACgD/9b+/igD8+f+CpOk32rfsQfGVbCCS5ksIPDWpTxxKzyC0tvFOji4lVFDEiFZfNkOMJEkkjYVSV+Z4wpyqcPY9RTbiqU2lvZVqd38r3fZXfQ/lz6ZuBxOO+jpx/HC0pVZ4allGLqQgnKXsKOdYBVZqKUm1TjPnnpaMIyk7qL5cn9mz4wfDa3/AOCdvgPWbjxl4ft7Twv+z3HomtrNqtlHcWOsaJ4Rl02902W3eZZxeC9ha3ig8sSTOyeWrBlqMqx2EXC+GqOvSUaWWKnUTqRvGdOi4Sg0+VqXMrJNat6W+1weEfHnCNL6KnDWYVc/yulQybwtjl2YqpjcPGrhsfl2RTweIwk6UqiqKusTTdKFPl56k3HkUuZOX56/so6VrVt/wSh/al1S2gnjTxHqvjvVdJl2SIbrSom0awvpo+FLRbLK/RmHybVbOQGFfMZLGouDM4mk17WpiZw84Xpxk1tde7Lp62R/Lfgngswo/Ql8Z8dRp1YRzbHcS43AzUZp1sFCeAw2JqQ+FuHLh8TFtXXLF3urqX0l+zs1g3/BHzWDp4xGPg/8U1uOn/H+t3rovzx63fmnnJ9cdK9bKuX/AFHly7fUcXf/ABXqc3/k1+34Jy/W/Cl4Z/QOx/1X4P8AULjRVbf9BKrZmsT8/b8/67s+Dbv4PeI9C/Ye/ZS/bR+FULwfET4Dz3D+ImtFZZNT8H/8JZqBiku/KAeW3sZ7ifTr4fM0ml6tIrMsNtivm/qNWnw9k2fYNWxWXN+0a3lQ9vO3No7qLbg9vdn2Vz+aa3AWbZb9HLwS+kFwVTlT4r8NKlWeaugpc+MyFZ3i3CdfkV50sNUqVMJiE+aUsHjpJ+5RSPrX/gk58QLH4rfH79uT4l6fFJBYeOvFfhrxTbQzgLJFDrOseNL4JIvIVlE2GGeMY5xXtcF4mOMzPiHFx0jia9Ksk+iqVK8tfS/+R+4fQi4nw3Gvid9I7i/CQlTwvEmd5RnVGnU0lTp5hj+IMSoT6JxVSz387WsdD/wRuuGfT/2pIdODDw0PjPcz6YcEL9oksY0mA/h3C0issgDIGMlgV27cCv3c4UP4X19uHq4a7abcvT1sep9Aaq5YXxmhhU1lH/EQK1TB78vtZ4anGok/huqEMPe2tmvI/bCvvj/Q0KAPjT9nD5Pjp+2jD/1WPwtPjt+++E/gc5/HHPr+Ar7/AIsV+G/D+X/Uhxsf/Ac7zHrr3tZ29Ha58dw7/wAjzjNf9TjCv78qwP8AW7v5WaPsuvgD7EKACgAoAKACgAoAKACgAoAKACgAoA5Px9bfbPAvjS0xn7V4T8R22PXz9HvIsfjvxWOJXNhsRH+ajVX3wkjxOJqP1jhviCha/t8kzajbv7TAYiFvnzHiv7G9z9q/ZX+AUhOWX4XeEoZD/wBNINKgifuf4kP/ANfq3n5E+bJstf8A1B0V90bfofnvgFW9t4LeGM73a4NyOnJ7+/TwVKEvxidt4/8AgN8K/iXf2es+J/Clm3iKw1bwnrNv4n0l5tD8SG78D6pe614Xgutb0qS01C/0vTNT1LULldHvbifS5mvboXFrKsrV6x+unjOm+Ef2nPgymkWXhvxjb/tAeCbNfBmjXVn8QpItO+JFjpmn2Piq78e+MJfE9nFFD4q1/Wb3/hFdP8P+H3tLa1tY/tzvKeCwB1ngH9qj4f8Aii8sPDXjKz1r4Q/EO4j8HW174D+Itt/Y+oWviLxr4Vu/GeneFLHU2/4lOva7Z6Dp2o3Wq22kXN0NONhdJcsrRMFAPphHSVFkjdZI3UMkiMHR1IyGVlJVlIwQQSCOQT1oAdQAUAFAHxt+z9/xIP2hP2xPBf8Ayyk+Ifgv4hWo6DyvG3w58NSXZQc/KdUsL/cflzN5h5yTX33E6+s8LcB5g17yyvMMrm99cuzbFqmn0uqNSlb+7bsfH5B/s+f8X4Po8wwWYR9Mbl2Hc7eXtac++va9j7Jr4E+wCgAoAKAP/9f+/igDL1vRNI8S6Pqnh/X9OtdW0TWrG60zVdMvolntL+wvYWgurW4ibh45onZGGQRnKsrAMsVKcKsJ0qkVOnUi4ThJXjKMlZprs1c4sxy7A5vgMZleZ4WjjsuzDDVsHjcHiIKpQxOGrwlTrUasHdOE4SafVbqzVz82bz/gkj+yNdaxc3sWn+PrDRby+OoXXg/T/G2oW3hiW484TLGNOCOgtVICCAljsAAcEA18rLgrJHOUlHEwpyk5SoQxE40W27/BZq3S19l005f5Jr/Qc8DK2PrYmGF4nw2X4jEPFVshwvEWKpZNOq586j9UUOVUVblVN68uilFpOX3HL8GfAlt8HtV+CHh3Q7Hw74Ev/BuseCrbSNOhEdtY6bq+mXWnSPGhyXmUXLTmWQvJJOPMdy53V9C8BhlgZ5fSpxpYaVCdBQgrKMJwcW1vd63u9W9dNz+jZ8AcNUeA8b4dZVl2GyrhvE5Bj+HqOBwtPlo4bCY7B1cJKUI3blUj7Z1XUlLnnVXPJuTbPz2/4J+/BrxzpP7O3xn/AGU/jn4R1/RfDuieL/GnhXSL87rKDX/Bnivzbi6utD1Ab2cm+u9RliuFB2Ry27AAkhfmOGsDiYZXjsmzGhVp0qdfEUYS+FVKFa8m6ctftSnZ9tUlqj+WvovcAcR4Lwq8QfBTxIyLM8vyrLs+4hyTA4h3w9PNOH879pVrVsuxS5pO+Jr4qVOqorljKm0l9n74+HXwC+G/wy+Ddp8B9B0u4vfhzbaLqmgPpWu3R1Sa80zWTcnUILy5kRGm8/7XON21WTcChDIHr6TC5bhMJgVl1KDeFVOdPkqPnbhUvzKTe97s/prhTwx4S4P4BoeGmWYKriOE6OX4zLJYLMq7xtSvg8f7b61SxFaUIup7T29RcyjFxunHVXj81aH+yx8OP2LfhH8ffEv7N/hPxXf+MvFnhK9ltdIfVJtfvbvWrS01G38O2+l27xQmG3sr7VnupIkLHyUk5O0V5VPJ8JkOCzKrlVCtKvWoSahzurKVSMZKkoX5bKMptvTbXWy5vyPLfBbhL6PnA3idm3hNkmd4rP8APMjxE6OBljamZ4ivmFChiqWVUsFSlCn7OlhsTjpVpQTk/Zxk+bRctP8A4Jn/AAC1/wCAv7NWmW3jTTJtH8d/EHXdU+IHizTLlBHdafd6wY4dPsbpOWjurXSLWxiuoyzBLhZVHTNTwnltXLcphHEQdPE4qpPFVoS+KEqmkYy7SUIxuruz7auXP9ELwxzPwz8I8JS4gwdTAcS8U5njeKM8wdZctfDV8e4wwuHrRaThWo4GjhqdaGvLVjJLe5+hNfTH9ShQB8Z/s+fu/wBor9tCH/qpPgC4x/13+Engs5x77evH9W+/4o14V8P5f9SnM4f+A53mGn9fqfH5BpxDxkv+pjl7+/KcH+fp06H2ZXwB9gFABQAUAFABQAUAFABQAUAFABQAUAUdTtvtmm6haYz9qsbu2x6+fBJFjt13ev5VM1zRlHvFr71Y5sZS+sYTFUN/bYavSt39pSlDy79/uPlf9ha4+0fspfBvnP2bwwlj9PsV1cW2Pw8rHf8Aovj8Ou+TYDyoqP8A4C2ra/19x+MfRure28FOAdb+yyeOG/8ACatVo28rcltVH0PravaP3AKAOQ8Z+APBfxD0z+x/G3hnR/EtgiagtsmqWUVxPp76rpN/oV/daVeYW80m+n0fVdR086hps9tfR215cRxToJSaAPmmb4CfE74TrJf/ALOnxJvYtIsYDJbfB/4kTz+I/Bk9j4Y+Fn/CI+CfBXhrW7hn1zwXplz4q03RvEPibWludV1C9Muq9HnU0AXIP2pR4HvJNF/aF8Eav8Jri2fW408aFZNW+G2s2Pg3wLoXjLxr4ug16BC3h3wnpkurXmjWNx4j8i61G80e9ECtgGgD6k0fXNG8Q2UWo6HqdjqtjMkbpc2FzFcx7ZokniDGNiY3eGWOTy5AkgRlJUZAoA1aAPjbwx/xI/26vixYHhfHHwC+FfiWMdml8PeJ/Hfh24k9CxiitEbjIVE6AivvsZ/tHhvklX/oX8T51hH5LFYPLMVFfe5tO3WS0sz4/DfuOOM1hssbkOVYlLu6GKx+Hb6LZRV9X0srpn2TXwJ9gFABQAUAf//Q/v4oAKACgAoAKACgAoAKACgAoA+M/gT+7/af/bOg6f8AFW/Cq4x7T/CPwiQep/ukdB7Zya+/4k14O4Al/wBQWdQ36xzzHL+ux8fkenE3GK/6i8qf35Thbvpvvs/U+zK+APsAoAKACgAoAKACgAoAKACgAoAKACgAoA+PP2Dh5f7Mnge1/wCgfqPjDTcen2DxbrFrt/Dyse1eHw5/yKcOv5J14f8AgNaouy7f8NtH8G+jT7vg/wAOUV/zC4vPsJ6fVs8x9G3y5Lfh0PsOvcP3kKACgAoAoarpWl67pt9o2t6bYaxpGp2s1jqWlapZ2+oabqFlcI0dxaX1jdRy213bTxs0c0E8TxSIxV0ZSQwB8u+LP2WLC3u9a8UfArxv4g+BfjrU5PG2sm50E/214I1Xxn42i8MW9z4o8WeBdVll07W59MtfC9va6PZ29xptjpyX+oSQWwebbQBasPij8bfA3iNdC+K/wwXxB4a1HW9bg0b4i/DGWbUrex0q58b+FfB/w80/xV4bvBHqI8T+JIfEz61rU2kM2haDYaJqtzNKYokDAHNa432X9vT4fTYZBr/7MvjG2IYYLf8ACPeP9IukRv8Aaj/4SJsr238dWr77DfvPDTM47/VuL8BNeX1vK68W/n9UXXp0Pj6/ucdYB/8AP/hvGR/8JsfSl/7sd36dY/ZlfAn2AUAFABQB/9H+/igAoAKAKOqanYaLpmo6zqt3DYaXpNjd6nqV9cuI7aysLC3kury7uJGwscNtbxSzSuThURmOMVFWrTo06larONOlShOrUnJ2jCnTi5TnJ9Ixim2+iR1YHA4vM8dg8twGHq4vH5hisPgcFhaMXOticXi60KGGw9KC1nVrVqkKdOK1lOSS3R4b8F/2oPgj8ffhve/F34b+NtPv/h1p+sanod14q1VhoWkxX+kXn2C+DXeqPBbiCO8It1uDKsUkpEYIf5a8TJuJslz7LZ5tl2Np1Mvp1qtCWKqtUKSqUZ+znedTljyqfu817N6atLm/UvErwM8TvCbjTDeHvGfDGMwnGOLy7BZpQyHAJ5rmE8JmGH+tYZrD4GNWq6s8P+9lRUJTjBOT91KUvR9E+J/w08S3qad4c+IfgbX9QkyY7DRPFugarevgZOy1sL+edsAZOE4HJzjFejRzPLcTNU8PmGCr1HtTo4vD1Zv0hTqc34P5aKXxmZ8Dca5JhpYzOeD+KcpwkLc2KzPh/NsBho3dlzV8VhKVNXeivNXenU89b9pn4NR/tAD9mGfxZFbfGd/Cf/CbW3hW5tpoTe+Hv9HLXVjeOq291IguEZ4ImeRVWUnHlOF858S5Os//ANWZYtRzl4T67HCyjJc+H9334TceWTXMrxUr7/ytH18fBHxIn4R/8RxpZBOt4bR4gfDNbPqNelUWGzf97ahicNF+2oQk6MlGrUSg3Kml/Ehze917x+TmRquiWGsvpMl6LgtourRa1Y+RczWwF9DaXtkhnELoLmDyL+4DW0weFn8qQoXiRl3oYmph1XVPltiKDw9TmhGX7uU6dR8ralyS5qUbTiuZK61Uny41aFOu6TqKT9jVVaHLKUffjGcFzcrXNHlqS92V4t6tOycfFfiP+zN8L/ip4kk8VeLF8WnVpLW2s2Oj+NPEehWfk2kYji22OmX9vbLJtHzyCPfIeWycFvocp4vzjJcIsFgngfYKc6i+sZfhMTU5pu8r1K1Kc7X2V7LoeNmPDWWZpiHisV9b9q4xg/Y4zEUIWgrL3KdSEb23dm35any1oPwT8D/Ff9qD9rDRPFy6+bLQNW+Dd1po0XxLrOgzbrn4OeErWU3U+lXVtLeDbZptFwXCNuYfM7M32WJ4hzLJODeCcRgfqyniaGfwq/WMJh8VFqGfY6aUIVoSjDWo2+VX2XvJJx+YoZNgs14m4qoYt4jkoVcnnTVHE1aDvLJ8JFuUqU4ud1BfE7J30T1l9lp8E/A8fwul+ECjX/8AhDZovJcHxJrB1zZ/aUeq8eIDdf2srfa41+YXIPk5g/1ZKN8C+IcxecLPf9l+vp3X+yYdYe/svY64X2boP929uRe97695H2CyXBLLHlH+0fU2rP8A2mt7f+IqumI5/a/Guk/h92/KR/DH4H+BfhFaa1ZeD18QCDXzEdQ/tvxNrWvv+5jkiT7NJqt1cva/JI27yGTJwxyQCrzjiPMs8nh6mP8AqvNhb+y+r4PD4Ve803zqhCCnqlbmTtqla4ssyTA5TCtDCfWLV7e09tia1d6JpcrqTm4aP7LXzsjlvAP7L/wu+G3i5PG3hk+MhrUcV5Eq6r438SaxppW/wZ92mahfz2bMCv7pjFmL+DGcV25nxjnObYF5fi/qDw8nTbdHLsJh616fw2rUqcKnquvXqjmwHDOWZdi1jcN9c9slNfvcdia9O1T4v3dSbh6aO3S1kR+Jf2W/hd4s8fH4k6tL41HiQ6pp2r7bHxz4ksNI+16W9u9qBo1tfx6eLfdbRedb+R5U43iRWDsKeD4yznA5Z/ZNCOXPCexq0P3uW4SrX5Kykp/7ROlKrzWm+WfNzR0tdq8ZxPDGWYrH/wBpVXjfrPtadX93jsTTo89JxcP3MZez5bxV42alrfe0dz4r/s9/D74zXek3vjJ/FST6LaSWVl/wj3i7XfDcZhllMrfaYtJu7ZLmTeTtkmDOq/KOK58k4pzTIIV6eAWCccRNVKn1vAYbFvmiuVcrr05uCt0jo99Ptb5rkGX5xKlPGPFJ0YuEPq+Lr4ZWbu+ZUZRU3d6OSutla/vaHiD4HeB/E3w00b4Uak/iUeFNBi0uGway8T6xZa4U0e3e2s/tWvW90mp3TGKRvtDTXDG4fDyksAaywvEeY4PN8RndFYP67iXWdRVMHh6mGvXmp1OTCzpyowXNFcqjGKgtFZOxpiMkwWJy2jlVR4n6rQVKNNwxNaFe1GLjDmxEX7WTs3zOTfM9X0cfGP7T/Zi/Zt1vwB+y5rHxBuvDvjD9qa88eaf8M/CPibxXr2reKPHN54c8Kw3XjSDwzqV5Lc3NpJo3h1o79wlzb/Z8tcQZmJKmZcR5jm2YYXM8UsGsVg/Zex9hg8Ph6P7mr7aHtKFKnCnU99vm51Lnj7r0VgwOSYHLsHiMDh3ifYYr2ntfbYqtWq/vafspclWpJzh7i93la5Ze8tW2emfCz9m/4cfB3Wr7X/B8ni99Q1CxOn3A8QeMtf8AEVr9nMqTExWuq3txBDNvQfvo0V9uVBAJDdGdcWZtn2Hp4XHrAKlSqe1j9Vy/C4SfPyuPvVKFOEpKzfutyV9fMxyvhzLsor1MRg3i/aVIezksRjMRiIcrkpe7GrKUU7rdK9tNfs5cH7LHwst/iGfifHJ42/4SdteuPEZV/HXiV9G/tG5lklkA0Rr86d9j3yvss/I+zou1VUBQa3lxpnU8q/sdxy76n9WjhLrLcGsT7KEVFf7T7L23tLJXqc3M9by1bMlwvlccw/tNPG/WfbyxFnjsS6PtJNt/uOf2fJd6QtyrotkaXxO/Zt+G/wAWvEEHibxZL4xj1O3sIdNjGgeNPEHh+z+zQySyIWsdMvILd5t0rbp2TzGG0MxAArHJ+Lc2yPCyweCjgHRlVdV/Wsvw2Kqc8kk7VKsHNR91Wje3Wy3NMz4by7NsQsTi3jFVjTVJfV8ZiKEOWLbV4UqkFfXV638rHRePvgt4M+JHhrRPCniObxKmleH3iewbRvEuraLfsYbcWyfa9Q0+eK6ux5SjcJncM/znLHNcmWcQY/KcXicbhY4R1sVf2qxGEo4il70+d8lKrGUab5n9m1lpqtDpx+TYPMsNRwuJeJVKg04OjiatGppHlXPUpvmnpvzXu9WkGl/BbwbpHwzu/hNZzeJT4UvUu0mkuPE2rXGvhb2//tGfyvEEs51OI/aDiMrPmKH9ymI/korcQY+vm9PO5xwf12m4OMY4SjHDfu6Xso3wqSpNcurTXvS952eoqWTYOjlssqg8R9Vnz3csTVlX9+p7SVsQ/wB4ve2tay0WjblX+FXwM8EfByXWpvB83iiVtejso77/AISLxTrHiRVWwa5aD7Kuq3E4tCTdS+aYAvnARiQny0FVnXEeYZ8sPHHRwcVhnUdP6pgqGEu6igpc7oqLn8C5VJe7ra1/enK8jwWTus8G8U3XUFP6xiq2IX7vm5eVVXaL953slfS7dko834O/Zi+Gngbxlb+OtEuPGz65bT3txGmqeOPEOqaWZL+OWKcPpV5dSWToFnfykaMiJthTaVBrrx/GGb5jgJ5diIZcsPONOEnRy7DUa1qTjKNq1OEZp3iru93qne75ufB8NZbgcZHHUZY114ucl7XHYirSvNNO9KTcGrS01dt9Le78c/so/swfDfx/8P5PHGvX/j2DXrT4p/E+ye30bx1r+j6MjeGPiPr2nWiro9ldR2SKY7CI3KiPFy5keXcZHrxODeMc2yzhxZVh6WWSw9PFZrTUq+W4aviEquNxDnetOMptpzfJeUuVWSskon4J9H3hnLsdwC8VXqY6NfDcZcc4Xlo42tRor+z+L82w8EqUJcq92lHmVnzbvdqP3H8VvgL4I+Ma6Gni288X2o8PR3EVh/wjPizWPDZdboQiT7adMuITeMBAnlmYsY8vt+81enkvEuYZC8S8FTwFT61KEqv1zBUMXZw5uX2ftYy9mvfd1F66XvZcv9BZpkOCzhUFip4uCw6kqf1bFVcPdStfn9nKPPaytzbdLXfNZ1D4IeDdT+F9n8I7i78Vr4VsorSGG5g8U6tB4jKWUvmwmXxCk39pSsX/ANazTAyr8rEjFRS4ix9HOKmeRp4L65Uc5ShLB0ZYS9RcsuXCuPslp8No+7utdSqmSYOplkMplPFLCwUIqUcTVWItB3V8RzKo7ve7d1ps0zz6Tw58E/2Tfhj4sv8AXfFPiPR/Bmt3kNnqF74m8Ta74m1a51XXIYtE0/SfD5na81JtS1FzHDYWOnIZWuWM42KkkqGbcR4/OcVhcZi6eChVwiiqSwuDo4ak+So6q9pTpRUaj5nZ8yd42jsLLsjweV4fEYbDTxUqeJcnUdfE1a81zQ9m/ZznKTh7q05Vvrrb3flH9l340/sMv+0frPwf+G/xN8f6X+0XB4UvdRk+Enxa1vxnYeINQ8KXVxZ3Nzr+heHvFOLPVLOKSG3Av9Nlne2R5Y8KDMqdWccXZpneDjgcZSy2FGFWFZSwuX4bC1nOnCcI3q0oxk4tVHzRvaTs9Le9hlnDeX5TiZYvC1MdKrOnOk1iMbWxFPlnKMm1TqNx5rxVpWTSuup618L/AA9+yf8AtE/E74peP/hT8TvEvjfxd8G/jXrPgX4oWOgfEDxKuieD/i14Wls9R1rwfqehNJDp8cmn/a7R7jT445LQwzqgJViF0p8Z5vSytZRGjlf1VYV4NTlluFlifZODg39YcPaOrZ39o25J63/lifC+W1MweZyqY/6x9Y+s8qx1dUPaKfPb2Knyezvp7O3K1pazse+/Ff8AZ08AfGTWdO1zxbe+NbW90vTBpNsnhnxnrfhu0a1W6ubwNcWul3EMM9x5t1KPtEgMnleXHkoihMMk4qzPIcPVw2CpZdUp1q3t5vGYDD4uanyQp2jOrGUow5YL3E7Xu9W3y65rw7gM4rU6+LqY2E6VP2UVhsZWw8HFTlO8oU5KLleb9562stbI8a/bd0rTfAP7GfxS8UWFhrutj4D/AA31z4iaHpcXi7XNDvNTHgHw9fXkkGra9pki6ncwtpcV5LcFy/mzJHLICV3L8znPG+b8IZdxJxdluFy/F5hhMsx+OlhsZhKVXCTVKP1qqo0ZRcaVo0m4uCTirpaNo/YfBHwm4d8Y/Frwo8JOI81zTJck41434c4Tq5pltZ/2hhJZ1jKeVYWpCU5xVabxOKowcakrS5rq8kjyvwZ4a8L+EP2gv2P9Q8HXWtXWi+Nfgx8ZtQim17Xb/wAQ3rf2s/wy15ol1HUJJbh7eN5SIYy+1AOFGK/SsDn9firw+4lzTExwsZ1MdwpioxwlCnhqKVTDZpBNU6dotu9nLeVr62bPxfibhOPAnibh+GE8U5ZRW4uymq8XWnWrueCx2Dg+ec7yT/d83L8KvZWv7v6ZV+bH0gUAFABQB//S/v4oA8P/AGkvjv4U/Zm+CHxE+OPjQSy6B4A0J9UmtLfb9o1C8muILDTNOg3cB73Ubu1gaTBEMTSzsCkTV4nEee4XhrJMwzvG3eHwFD2soR+KpOUo06VNb6zqTjFu2ibetmfqPgv4VZ/42+KHB/hdw04Qzbi3NY4GliKt/Y4PD0qNXF47GVbXvHDYPD16sY/8vKkYUlZzTPxyl/4KEftu6rov7ONr4a+Hvw0vviP+2WniTxv8HfBMVwbYeD/hn4b0ODXbaTX9a1NksdR1rxJZLeXEEcix/Yt1naNundzX5A/EDjWrR4djhsvy2pmPGCxGOyjAqTh9Ty3DUI14OvXq+5UrYmCnKKajyXhBrm5j/RuH0Qvow4DMvGavnfF/G2F4N+jdPJeGPEbiadFV3xFxtnWa1cqrwynLcEnisFluS4mWGpVakPafWbYnEJKjGHN51+0X/wAFOb34vf8ABMf9q26utGl+H/x38Iy6V8GfHXhkedb3Gi6h4u1g6Pq7SQSYmtXm07TPFOkSxltjzQPc2wNpNBXncQ+Jc838NOKZSovAZ7hHSyfHYbWMqM8XW9lWvFpSg3TpYqlbW7jzR91xZ9l4O/Qgwvh39N7wFo0Mxhxb4VcQU8w8SeFc7/d1qWZYTh7LVmOXqNWF6VeNPG43I8whNJuNOrGhWtXpVkYPx/8AhxZfB7/g3k8O+G9Gjl06fUfhn8KPFGu+UzRST6/4z8V6F4j8QvKybGkWfVNQuHxITldobO0Vz59l0Mo+j9hsPRTpyq5blWKr20csRjMVQxGIbs9VKrUk+vppaPqeE3GeK8Rf2wGc5zmU4YylguNeP8iyr2iVSFLKeG8hzTJsojTUk4xlSwOEoxvDl15mrN2PzA/aH+DP7LvwH/YA/Y4/aF/Z6+It94T/AGzPFdh8J9T1bS/Bfjya/wBb1a/1bwy+peJJ77w9p1zJPpt1Za9HpiLb3Cr+8u2sXt5fN2V+Z8QZPwxkXAXB/EHD2YzwvGOKhlVWrSwWOdSvVqVcM6mJlUoU5uVKUK6pLlkt58nI7uJ/cnhB4keOnir9LX6R3hB4v8G4XP8A6N2Q4vj/AAWXY/ibhOlhMswGEy7O4YLJaOFzfG0o0sbQxWVTxs3VouVoYf61GtBxUj9M/wDgoPrPjH4SftA/8EhP2s9VjOk/FHxBqOgfC34pXKp5Eb6ZqsvhS31i2vYuA7eR4+8RsqzH5Xtoj/yxTb+leIFbGZTn/hJxXVTo5piKmHyvNJJOK9nVeFjWjNaXfLj8S7NPWMX7vKj+JPoiZdw54geEf7Q76P8AgJ/X+Bsowma8dcCUHJVZxxuBhn1XLa2Fk78q9rwpkqbptc0K1Ve97WTP6aYpFmijlQ5SVEkQ+quoZT+IINf0ommk1s0mvRn+I9SEqc505K0qc5Qku0otxa+TQ+mQFAHxP8KNR0/Tf2vv2vkv7+zsjdf8KQaAXd3BbedIfhnpcWyITOnmP+5+6m5unHIr9BzyE6nAvAvJCc+R8RJ8sXLlX9r1pa2WnxPd/fpy/G5TKMeLeLVKUYuX9itXaV/+E2krJO38vRv0PtcEMAykEEZBByCD3BHBB9q/Pj7IWgAoAKACgAoA/mI/4Lc/FfxJ8E/+Cln/AARG+I3g34Y+JvjL4w0bxz+15ZeFfhn4RMEet+K/EHiH4Q6B4d0myS6uStvp+nW95qkWoa1qU58rTtGtL+9YMINrAH2p+y1/wUm/aR1z9tZf2Ev25P2XPDn7Onxb8a/B/UPjp8GdZ8A/ENPiN4M8ZeC9H1uPQ9a0i/1UwQNZ+LNKuZ0+02cKG3P2e8KOVRHYA/aOgAoAKACgAoAjmmhtopbi4ljgghRpZpppFiiiijUs8ksjlUjRFBZnYhVUEnjNNJyajFNtuySV22+iS1bfkJtJNtpJbt6Jeb2/P7j8+/2MPi/8KrHw5498CzfEjwNBr9v8ePjU1ho0vinRYr+8s9S+I2v3tlcWVu94sl1DeR3AltWtxKJkYPHkNurz8gy3MPqOMmsFipUaOa5nSnUWHq8sJRxdVyUmouzi3Z35LbO1rH8+/R8xuDo8N8V5a8Vh1Vwfih4j0Y0nWpqTU+Lc0rR5YuV2mqiatvfr8R+hAIIBByDyCOhHqOvX6/nXef0GFAHwx/wUM1b4H6d+z49v8avHuvfDuXUfHPgqH4Ra/wCCYBqXxJj+NkOswy/DxPh14fGZPEniRtVHlPom37NqGkS6naX0sFpNLKoB+cv7MH7Yt0f2zvhT+zn/AMFJP2ePC3w2/bUvvBfiif8AZP8A2jxodhBpvxz+HTFpda0zTLkb7rwR8Qv7OsE1HxT4Anup4bGYXiWEuBI1wAfmv/wTs/aY/bV+Hfxu/wCCwfwy/Yu/Y9sP2hfEdp/wU5/aL+Ini/xf8QfHsPw3+G+l6fPbeHtNsvB+i6r5Vxea949vv7FurtNKgjSC2tbrTZLiUC6G0A/o4/4Jv/tyeH/+ChX7LXhP9obSfCGpfDvWrrWvFPgrx58PtXnS6v8Awb4+8C69feGvFOitcxgLc2sWp6fPLp9zw09jLbysqszCgD6Z+PXgr/hZXwN+M/w6MXnjx98KPiL4K8nG7zv+Eq8IaxoflbeM+Z9u24zzu7Zrys9wX9pZJnOXWv8AX8qzHBW7/WsJVoW67+07feff+FHE3+pfil4bcY+09l/qnx9wdxN7VO3s/wCwuIsuzT2l+nJ9V5vkfmf+zX4mPi7Rv+CWPiJpd943wX+K3h7ViTk/2lpPhn4c2d9Dk/MTHe6fOpBORtwcEV9L4R4v674L5zN+9KOC4PU+tq1CeZ0Kut+kk1qtGraWfN7f0zch/wBWvpecb5fTioYeXG3HeLwaWieAzOrg8wwUktnz0K0JaPrpzXTP2Irzz8lCgAoAKAP/0/7+KAPib/gop+zpr/7Vf7HPxp+CvhKWGLxh4j0Kzv8Awl9ona3tp9e8P6tY63a2E8o4VdTisrjTEZ8RxzXkUsnyRsG+L8Q+Ha/FPB+c5LhGljMTQhPCcz5Yyr4erTrRpyfaqoSpq7ilKSbeh/Tf0OvGPKfAb6Rvhr4l8QQqT4cyfNcRhOIPY0lWrUsqzfAYrLK+KpQdnKWBqYmjjZKD55U8POnC0pI/nP8AC37W1j8OP2gv+CZ2kfF34ZfFTwj4v/ZX+GvxJ+HPjfwpH4F1rUNY1Caw8Mah4e0Gbw9BbQH+3GvhbQteSacJ4bMyGZ38kfL/ADxheK6eXcQeGtHNsszTCYvhfLcyy7G4VYKtUrVJQw1TD0JYeMY/vuflTm6akobt2SP9kc++j7iuM/CL6bWYeHnG/AfEPD/jxxrwVxlwxn0+KctwmXYSlis7wmcZtTzetXqpZYsJ9YqRw0MY6NXEKCpxhKo4l349/spfFXW/2C/+CiX7XPjfwVrPgHW/2ivjp4d+Neh/DjVI9mt6P8PNJ8XajDp99qlko82zvrs+NLy+lgmw66dbRXMix7mRbz3hXNK/AniFxbjcFWwFfiHPKGdUMuqq1ajl9HF1FTnVgleE5fXJzaktKcVJrVo5fCjx84Cyz6Vv0PPo9cL8TZbxblng74WZz4ZZpxlgKl8szHjDMOHsHUxeFwOJf7vEYah/q1hsLCrTcovGV6lGEpWTPuH9qTU9R+Mv/BA7whqXg/Tr/wAUarrHwb+BxfTPD1hc6tf/AG/T9T8NQ6tax2OnxT3Dy6fcQTx3SRxEwmKTeFCtX23FFWpnHgRg6mEp1MVVrZPkd6WHhKtU9pTqYaNWChTjOTdOSkppKVrO9rWh/L3gXgsH4cftYuIsFxFjMJkeAy/xG8UVDHZviqOX4T6ri8DnVTAV5YnF1KNGNPGUatKdCU6kfaKpBRu5JS92/wCCcH/BNP8AZJ8Lfs/fszfG3XvgHoz/ABu1D4VeAvFev6t4utL251PTfGV9oVjeandnR9R2Q2F/HfPI/kz2pe1m+6iOle74deG/CeFyDhrOq+RUnnVTK8DisRVxcJyqU8ZOhTlVn7GpyqnUVRt8rinCWq1Vz8r+mb9Nb6QOe+Lvjb4Y5T4r5jHwxwfHnFeQ5TgOHq+Fo4LG8N4XNcVh8Fh/7RwV6mLwk8LGEfaUsQo1qe8pRlLm+dP+C5nm+OvjP/wTa+B2gFbjXvEvx6bWLnT4BuurTSP7e8B2FvqXlJ86WkMVrrs0jgBQlhKRjyjXzvjffHZx4c5JQtKvic9dWdOPxQpe3wMI1LLVRShXbaW0Ha9j9j/Zbqnwv4a/TQ8Uc2UqOVZL4VRy6hi6ulDEZj/ZPFeLq4L2kvdliKs6+V04Qak3PF00175/RNY25tLK0tSdxtrW3ty3qYYkjz+O3Nf0LCPLCEf5Yxj9yt+h/jtiqvt8TiK6VlWr1qqXb2lSU7fLmLVUYHwH/wAFJf2yB+xL+zPrvxO0qxg1Xx3r2p2vgr4daZcjfav4o1e3upotRvohzLY6RaWlxeSR5AmuBa2zYSdzX2HA/DL4qz2hl8pShhacXicZOPxOhCUY+zg+k6spRin0jzSWsUfN8VZ6uH8oq4yKUq85Khhoy1iqs1J881peNOMZSeur5Vpc/il8X+N/jX8XdfvviF8Tvi544vfHPiG4/tHWNR03XL7S2efaqWUTf2fNaRsmmWqpZ2S+UBbwII422iv7vyzgjKcLlOBy14XD08Pg4VFRoxo05qn7eftal3U5pScpO83dc0tdLty/kvG8UZjXzHGY5YitOtipwdWpKpOLn7KPJC0YSiklFJKzTSS7n6jf8EtP+CiPxj+CXx88C/s5fGbxvrfxG+DvxZ1S28L+EdV8TXs2pa14K8U3bi30iO31C5klurjT9SvXg0+6tZpZWSe8triNwocV+H+LfhhgaOX4jOMsw9LD4vCU54mToQjTp4rD09a8alOPLCNalF+0Uopc0Va2qR+p+HXHeLnjKOW4+tOth8ROFCPtZOc6FWelKUJt8zp1Je44yekno9Gz+xCv5QP6FCgAoAKACgD8F/8Agoz4U8U6x/wV4/4IZeItI8N69qvh/wAL+Ov2x5fEuuadpGoX2keHY9R+Btja6fJrmpW1vLZ6THfXP+j2b381utzP+5hLyDaoAv7UPhPxRe/8F7f+Cdni2x8Na9d+GdJ/ZP8A2hNO1jxNaaPqE+haZd3PiO1ktbHUtYht30+zubjeslva3VxFLKDvijYEtQB+89ABQAUAFABQB/LN/wAFvf2zPiZqHxi0z9iv4X+JdT8GeHNH8O6T4r+LWsaLdzWOrazPrlrDqelaELy2kjmh0y30q6sLmWKN0N3c3jLMTDAEb9CwGNyvgLgfG+IWZYOlmOPq4p5ZkGCrJOjLFv2sfa1E01aLo1pSlyycY0kopSnFn8nfSh8aJeFnC+LxNGLqVovD4TDYeNR03jMyxtOpVw9KpONpRw1GhSnXq8usrcmt0j8GLz4daTO1leWt7q2na3plvbQ6frlnfzwajbSWkYjt7hbiN0lE643GRZFcsSdwJJr8LyDx641yLHYytBZficuzHNcZmuPyqrhY/V6tXH154jFQpy5nKlGU5vk0mopLR6xP8jeF/pLeInDGbYzHYergK2CzLOsdnePyyWF5Kc8TmWJnicWqFeM/a0Oac5cklzOOi5ep/UD/AMEOv20viN8ZvDnxF/Zt+Mes3Pibxh8E4NJvfC/izUJnuNT1vwZqcl1aQ2Oo3En7y6udFntFEd3KWlls7y1jkd3iZ2/c+LsPlGa5RkHHOQUvq2X8S4d1K+ESssNjYKLqwUVorycoyUbJThJpK6R/th4D+JVLxI4Py7NqcqkqeKwOHxlB1XzVacKnNTrYWtLTmqYWtTlScrO6td3TP3/r8+P3M/BH/gs54M+JGh/HL/glx+1zp/hjxD44+An7JH7THjHxF+0P4c8M6Zda9f6NoHxI8FWvgzwx8SrjQLGOe81LS/AGp/bb/UZ7a3uLjTI7pJ4Y8zOygFH9rjwpoH/BRj9t3/gmdqv7Pklz4n8J/smfE3xv+0F8W/jDaaTq2l6J4V0DUvC2maT4W8BWWr6lZWL6h4i8b6vGs11pFp5qWejaXdy3zRvMiMAan/BEDwp4p8L+NP8Agr1J4l8N694ej8Q/8FXf2hte0B9c0jUNKTW9Du9F8GJa6zpD31vAupaVcvFKlvqNkZ7OZo5BHM5VtoAv/Bvl4T8UeD/2W/2g9O8VeGte8L3dz+21+0zqNlY6/o+oaLcT6bd/EC/ktb61ttRt7aSWxulzJbXMSNbzId8UjqQ7AH7A/tEfG3w5+zf8EPib8dPFtjqOqeHfhh4U1DxVqem6QsZ1LUIrLYkVlZ+biJJrq4mhhEsv7qEOZZMojCvG4hzrD8OZJmeeYunUq4fLMLUxVWnSt7SooWShC+ilKTUbvRXu9mfpPg94Y5z4z+J/BHhZw/i8Hgc444z7CZFgcbmDmsFg54nmlUxOJ9mnUlToUadWq6dNc9RwVOFpSR/Ml/wTi/4KE+Bvip8Yf2SvgVY+APF3h2TwJ8RPj7Lo+u6jc6fcafe+H/irNrGu+FdKht7YCeOXRNO0iCx1CZmNu8yiS3HljFfNfR64+weaeH/iFkX9nY3CrB1cjrYevWcHSq0cyzvOKuDp04xSadGlF06kr8t9Y3TP73/adfRI4j4H8U+AfFWfGnDWey4kyXGYHOMoy+GJp47A5rwPwbwhl/EONxNSo5U+XM8diXi8JRfLXjTlyVkpu5/WnX3x/l+FABQAUAf/1P7+KACgD4M+N/7K/i34mftqfsl/tI6Tq2h2nhf4D6R8SbLxPpt6kx1fUZPFWky6fpS6WYwYyElvZpZjMdsaQOBh5Ur4XO+F8XmXGfCnEdGrQhhcio5lDE05qTrVHiqTp0lStpo5ttt+7yvSXMuX+rvDDx44f4I+jP8ASB8GMfl+aYjPfFbMeC8TkeNwsqay/BwyHMIYzHyx3O1Nc1PDU6dONNOVSVWLfu05I+vfiT4A8O/FX4f+NPhr4ttFvfDPjvwxrXhTW7YhSX07W7CawuHi3AhZ4Vn8+3kxmKeOKRcMor63MsBh80wGNy3Fx58NjsNWwteO96dem6cmtveSleLvpJJ6WP534L4tzjgLi7hrjXh+u8NnfCueZZn2WVk2lHGZZi6WLoxnbV0qkqXsq0Np0pzg9JM+bv2GP2UJP2MPgJpnwGTx9f8AxD0TQNf8Sal4f1DU9PhsZ9N0nX9WudWTRfLieRZYrOe6mEchP3GCLhFUL85wPwq+DchpZEsfUzCjh6+JqYepUgoSp0sRVlV9jZbqEpuzvtolFfF+0fSl8fYfST8WMb4rPhPC8H5nm2U5Lgs3wmCxdTFUsbmGU4Cjl7zLnnGm6dTEUsPS54JfFHmbcpSZ6Z8S/gT/AMLI16LXR8Vvi34K8qxhsf7J8D+Ko9F0hxC8jfaXtGsbjN0+/bJL5nzKqgKMGv1bKOJf7JwssL/YuR5herKr7fMcE8RXXMkuRVFVhaCtdRtu2fypmWR/2liFX/tXNsHaCh7LBYv2NJ2153Dkbc3fWTetlotWfDHiL/gljovjH9pbwz+0D4u+PvxZ19/Afhn+yPAdvf6lazeLPDGpSGfzr6x8Vm23Jav9v1VxZ/YGIfUGPmjyY2XzcRmlDGcSYbP8XwnwPiPqOG9jgY1MgbxeFqPmvUp4v61dR/eVny8j1qdbRP2TJuP804c8FM78I+HuKPEjKI8VZ4sx4qq4TjOdLh/PMFD2Xs8JishWBalXX1TAReJ+t2ccIl7J881L6i/4ZIk/6OJ/aOH/AHUCH/5Vt/P8/wCH6f8A14X/AESvCi/7pb/SrH+u2vN+FPhO+3EPES/7qEfz9j+Fvn0D/hkiT/o4r9o7/wAL+H+ukkfp+dP/AF5X/RKcJ+v9mS/+Xh/qn/1UHEV+/wDaC/8AlTX4fcflh/wV7/Yp8bXH7Ksvj7wR43+K/wAYNU+FvirTvFeqeFfG+ujxNbw+GDbXVrrOs6TY29hayjUdMkawmkdPNK2H2uXYREQ33/hrx/hafEcMPick4eyyGNoujTxGEwboSeIjOM6VOdSVWS5ZrnS0+Pk3u4nx3HHBuInks6+HzXOsdLC1FUnRxGKVWKouLjOpGKp3coNxbs/g5m72P5j9E8TaNrNhFdW+oxRtsUT2880UM9vKB88UschRgyNkE4x34ziv7PwuYYXFUYVIVacbxTcZTinF9V/X4by/mOvgsRQqShL2ujdmoXTV9Gv+HfyteX0L+xn8IfE37Un7Xnwf+HfgCG8msPCXifTfHPjXxrpyNnwXo/h2/tdTbULLUlVorLVHubK3tNMmbfnUJ4nSOVLaTb+Z+JvGGXZJkWNqTp4TFydCthqNDER9pDEYjEQ9l7JR93mgotyrW05E0+VtOX3PAnDONzXNsNGNbFYdRrU69SrRlyTo0aElU9o3a0ZOSUad7XlK+iVpf2df8Ml3Y6ftH/tHf+F3bD/3Dt/P88/L/Hf+u8P+iT4Tt/2Lan/y8/pX/VWX/RRcR/8AhfH/AOUL8/uF/wCGTLz/AKOQ/aN/8Lm0/wDlTT/13pf9Enwp/wCG2p/8vF/qpU/6KTiL/wALY/8AysT/AIZMvu37SX7RwHp/wnNp/wDKn/P4Uf670v8Aok+FP/DbU/8Al4/9VZ/9FHxHfv8AXo/l7F/n91w/4ZNvx/zcn+0d/wCFzaf/ACoP8vyo/wBd6X/RJ8Kf+G2p/wDLxf6qVP8AopOIv/C2P/ysX/hk/UO37Sf7Ro/7ni0/+U6/z/L+I/13pf8ARJ8Kf+G2p/8ALw/1Uqf9FJxF/wCFsf8A5WNP7JupEgn9pX9o0lfuk+N7IkZ64P8AY3GeOlH+u9L/AKJLhR/902p/80L8/uD/AFVqf9FJxF/4Wx/+Vv8AL7xf+GTtSBDf8NK/tG7gCA3/AAm1iSAeoB/sbIBwMgDnjOMUf670f+iQ4TXpl1VflX/r7x/6rVX/AM1JxD/4Wwf50P6+SHH9lHVf+jl/2jh7/wDCbWX/AMpqP9d6P/RI8Kf+EFb/AOXi/wBVat/+Sl4ht2+t0/z9l/7b5eY3/hlDVv8Ao5n9o7/wtbL/AOU1P/Xag/8AmkeFf/DfVf51/wCvkilwtVW3EnEP/hbD/wCUr8/vshf+GUdX/wCjmP2jf/C1sf66NS/11w//AESHCn/huqf/AC8l8K1m2/8AWXiH/wAK6b/9xr+u9rif8Mo6x2/aa/aNX/udLDn/AMo1H+uuH/6JDhT/AMN1T/5eC4VrL/mpeIvli6a/OlL+u+8V/wCGUta/6Oc/aN/8LPTz/PSF/l+WRuP9dcP/ANEhwp/4bqn/AMvB8K12/wDkpuIf/Cum/wAqUfy+77X80n/BYn9k/wAf/s9/GzRP2ho7nxh8TPht4/0TStC8XfETXn/tjxNoPiLR7aLSrXT9dvraGGKPT5NMstPOlyyQRxuiSWglM0Cef93hc1wnHfBWM4dw/DvCc88yvESzDKcpx+Dn/ZuKvzzmqdNV4SjWn7SrFzVSXLJptcspOH8u/SS8Jcx4g4dxE8FChxFi4exxeBhxJF4vCSx2FpypKhWdN0nSlVw8nDD1m3GM/dkrOTPyauPH/g+3smvj4jilQIWSKKTfcSMBny0i2ht59DgenT5vxHCZPx7i8zjla8EOEKFV1fZzxGIyetTwlKN7OrOu8dyqmkr8yu3daO9j/MzA8C+JmMzeGT/8QW4ew9Z1VTqYnE5VUpYKjG+tapifrXJ7JLXmWr7SukfvV/wRg/Yt+JHjPQviL+0p4o8RfEH4Kaf43ez8O+AJvCNyNA8ReJ9B06aea/1XVWvrW4abSZLh7e20wrDF5r2txOrvC8e79u4q4kyrhnKci4PwvD/DGMqZZQ9rmNKlhJ/2fh8ZWSlUhhKarTcPflOTUpyaUknyvQ/1r8EfC/EcOcKYLDvGYjJVRwtKhGjkq+p4SdVuVXGToUqvtZRw8sROXsk5X+J3aaR+6v8Awyp4hP8AzdF+0cP+5v03+uk/5/KvhP8AXTCf9Ebwp/4Q1X+VaP5fdZ837X/qtiP+in4h/wDCumvyoy/P77vlRv2U/EDIyN+1B+0W6MpVlfxbpbqysMMrKdGbcpBIIOQRweMil/rphf8AojeE/wDwhrf/AC8P9VsR/wBFNxD/AOFdP9aK/P7ytZfsj6vpsC2unftL/tBWFspZlt7LxJo9rArMSzFYoNGjjBZiWYheSSTnrT/10wn/AERvCn/hDW/+Xi/1WxH/AEU/EX/hVR/+Vlofsq+JFzj9qP8AaMGTk48WaUMk9z/xJiSfcnP1o/10wn/RG8Kf+ENb/wCXh/qtiP8Aop+Iv/Cqj/8AKwX9lbxKudv7Un7Ri5JJ2+K9KGSTkk40bqTyT3P1o/1zwb/5o3hT/wAIay/Kv/XzYf6rYj/op+Iv/Cqj/wDKzyX48/sF+I/jN8HPiL8Lpv2nvjVeJ428M32ipaeMNYsNZ8LzzyhJbaPXtMt9Ntrm90w3MMP2uGCeKYx5aJt6qG8nPeIcFnGT5jlcuCuDKixuGnR5MZluIrYWUnrFV6UcVCU6XNFc0Yyi7ba6S/QPCnHY7w38R+DuOqXF/HeGlwznmFzN1+Hc3wuW57SpU3KFeeVY6thcRRw2OVGpP2FSrRnS57KolByZ+OHwJ/4JB/EP9nv9rX4F6B4i+OOgvJe6N408YaXrHwt0XVNE8ReG9N8FW1jpeIbrWRcQRvf3Pi+GGKZYpBFFBeI4zLE6rw8w08j4S4ux+N4S8OqFCni+FcBhMNkuTY7DUq8acs5ryp4pV8XL2joLknheRx5JSrOTlzRjH9y+kn485B4p53wrgeGuKvpAYjHYrCcc47PcT4icZZDnMZ4vNlwtRhisBHK8toeyVeOCxFPMo1V+/wCXA+z5fY1ZS/fnSv2ZfFGm6pp2oSftOftBajFYX9neyabf+JtLlsdQjtbiOd7K9jXSY2ktLpUMFyisrNDI6hlJBr0q3F+Cq0atL/U/hinKpTqU41qeFrxqUXODiqlNuu0pwb54Nr4kt7H8o0uG8TTq06j4l4gqKFSE3TqYqk6c1GSbhUXsdYStaSXLeLt5n1eBgAZJwAMnqcdz7nqa+JZ9ULQAUAf/1f7+KACgAoAKACgAoAKAOW8deNfDPw28E+MfiL411WDQvBvgHwt4h8a+Ldbut32bRvDPhXSbvXde1W52Bn8jTtKsLq7m2KzeXC20E4FAHxn+zD/wU3/Yj/bE8XHwB8APjjoXjHxs/hj/AITWw8LT2GsaFrGteDvOit/+Ep0G21qwsRrehCe4hi/tHTZLmDdKuCVJagD7wngguoJrW6hiuba5ikguLeeNJoJ4JkMcsM0UgaOWKWNmSSN1ZHRirAqSKabi1KLcZRacZJ2aa1TTVmmnqmnp5CaTTTSaaaaaumno009Gmt0/1Pyo+KX/AARa/YE+K3i+68aal8M9Z8LalqF499qNj4E8T3nhrRb65lcyzyTaXFDcRJ9olJeVITHGSzBUQHNfoGX+J/F+XYZYWnjqdeEY8kZYuiq9WMdklUck3ZaK8b972vL47GcB8N42s688JOlKUueUcPVdKEpPduHK1q9X+EVf3ftL9nf9lD4Bfsq+G5vDHwO+HejeDLS9ZJNV1C3j+063rMqcJJqurzg3d2UBOyPckCFmZIUZnZ/mM64hzfiCuq+a4yriZR0pwb5aVJdqdNe7H7r+cvs+9lmTZbk9J0svw0KClbnktalRrZzm9Zfgt9Fe8voqvFPUCgAoAKACgAoAKACgAoAKACgD550L9qz4BeJfAni34k6F8RtE1Lwb4F1q38P+K9Xt3kKaNq13qFjpdtbXcJQTL9ovdSsoopBG0beeCGOHVPMp5zltbDVsXTxVOVDDzVOtNX/dzcowipLfWU429fU/K8t8a/DHN+Gs84uy3izLsZkHDeYUsrzvHUXOUcvxtfFYbB0aVenZVF7XEYvDwhNR5Ze0TV7SR7J4g8OeF/Hfh660HxRomk+J/DWt2ipeaTrVhb6jpt9azoGUTWl1HJE/ysHjYrvjbDoyuAy+xh8RWw1SniMNWqUasGp06tKcoTi+jUlZr9eqex+muNDGYdc8IV8PXpxnyzipQnCaUotpprVNNafdY+LtH/4JhfsE6D4oTxhpn7Mnw3h1uG6F9bySWN5c2lvdh/M8+Kwub2Wz3Fzko9u8R6eWAAF+oq8d8XVqDw088xrpcvI0pxUpR2s5qMZbdU7+mjPEp8J8O063t45VhVUT5k3GTSe91FzcVr3Ul0s18P3RY2Fjpdnbadptna6fp9lBHbWdlZQRWtpa28KhIoLe3hVIoYY0ULHHGioigAAACvlJzlUlKc5SnObcpSk3KUpPdtu7bb3bf36n0MYxhFRjFRjFJRjFJJJbJJWSSXl9xbqRhQAUAFABQAUAfG8J/wCEn/buv5YP3lv8Kv2ddL0+7btBq3xJ8Z6rfvCOuGfSvC2mTMOG2uhIKlTX3sr4Pw3pRlpLOuKq1WC6yoZTl9Ckpeir42tFX7PsfHr/AGnjmclrHK+HqdOT/lq5jjKtRr1dLDUm9dmr2ujuv2of2s/gJ+xr8O9O+Kn7RXju0+H/AIJ1jxjofw/0jVLmzv8AUJdU8ZeJINSudD8PafY6bb3N5d6lqUOkai1rbwwu8ptmVQzlVb4I+wJ/2bf2rv2fv2uvBV98QP2efiXofxI8N6Rrl34Z16bSvtVvf+HfEmnrG99oGv6TqEFrqWkataLNE01ne20Miq6sAysDQB9D0AFAH//W/v23r6/pQAb19f0oAN6+v6UAG9fX9KADevr+lABvX1/SgA3r6/pQB8jf8FALG+1f9g79tnSdJsrzU9V1T9kb9pHTtN03T7Wa8v8AUNQvfg34ztrOxsbS3SS4ury7uJYoLa2gjkmnmkSKJGdlVgD+Xj/gkn8EfjT8Ef2w/wDgmT4o/antfFfj7Q/iF/wTF0bwp+zB4m0/4f3ng6y+A+v6dbaPrfjr4N/FC0sLAm+199ES0utG8ReJbmzkMVpNaG2+33DooB/aBvX1/SgA3r6/pQAb19f0oAN6+v6UAG9fX9KADevr+lABvX1/SgA3r6/pQAb19f0oAN6+v6UAG9fX9KADevr+lABvX1/SgA3r6/pQB/L/AKt8H/id8NP2Z/D/AI28FeE/Ed7pHx9uE+H3xd8KwaVqP23TfEfhb4x2/iHwV41k0wW5uY1n0PS7vR7iUW6oyiC4mc+YhX8jqYDGYXKaWIw9GrKnmT+rY6ioz5oVaWO9rQr8llJXpxlTfu22baumf4443gHjLhDwhyriHh7Is2xGB8TqkeF+Oclp4LE/WMJmuS8e0s04f4hnhFSdaKq5dg6+AqzVOMWlTqVJvmjI/pu0U7NH0lHBVl02xVlZSGVltYgVIOCCCMEEZB64r9Zp/wAOH+CP5H+wWXxccBgYyTUo4PDRkmrNNUYJpp6pp6NP9DS3r6/pVnYG9fX9KADevr+lABvX1/SgA3r6/pQAb19f0oAN6+v6UART3VvawTXNzNHb29vFJPcTzMscMMEKGSWWWRiqxxxxqzu7MqqqliQATVRjKcowhFynOSjGMU3KUpO0YxSu222kkldvRXFKUYxcpNRjFOUpN2UYpXbbdkklq2391j4y/ZIlk8e6v8cf2hp0kFl8X/iJLa+CZJUZGm+HHgCyg8H+F7tUbBEOrnTLzXICPleLU1kGd+a++44Syyhw5wtFr2mRZUp5ilZqObZnUlj8ZC/WVD21PDS7OjbofHcJt4+rnXEEk1DN8wcME3pzZdgIRwmGmlbRVfZzrLVpqpe7vc/OH/g4S8F/FDx7+zx+xPo/wc0+S88e2v8AwVD/AGP9W0i/k8M6l4r0bwzLZS/EFYPFPirSNLhmnk8K6JfXFnca5JJ5NuLQmKWeIzIW/Pz7I+yP+CdP7BusfsYW/wC0T40+IfxK034o/Gv9qn406t8bvixr3hnwvD4K8D2Wvahp1hpNvo3g7wtA7jT9Js7PTon8y4LXc88shldlVDQB+lG9fX9KADevr+lAH//X/vvyvqPzoAMr6j86ADK+o/OgAyvqPzoAMr6j86ADK+o/OgAyvqPzoAMr6j86AE+Xj7vHTpx9PT8KAFyvqPzoAMr6j86ADK+o/OgAyvqPzoAMr6j86ADK+o/OgAyvqPzoAMr6j86ADK+o/OgAyvqPzoAMr6j86ADK+o/OgAyvqPzoAMr6j86ADK+o/P8AwoAMr6j86ADK+o/OgAyvqPzoAMr6j86ADK+o/OgAyvqPzoA+QfgL4l1nwT8Tfij+zx421W+1O/0jU7v4j/DHWtXu3ubvxH8NPF1/cXX2UXE2HuLrwfrbX2gXaL/qLSLTpAAk6Ffu+JsLhsxyjJuKcuo0qNKvRhlWcYehBQhhc3wNOEOflimlDH4f2eKg21zTlVWriz5LIsTWwWZZnw9jas6lSjVnmGW1qsuaeIy7FzlPl5ndznhKznQmr+7CNOzal7319lfUfnXwh9afFP7RPjSb4q6/B+yb8O7u4uNW8bwCL41+I9HuGj/4Vv8ACm7/AHOvQtfwkra+LPFlk02jaHaF0uIYri5v5ERIkdv0HhXARyXDT42zSEIUcuk5cPYSvFP+1s7hrhpKnLWeCwNRRxGJqW5ZOMKS5nJo+M4hxks0rrhXL5ylVxsVHOcRRlb+zsrnpXXtFdQxWKg3SoweqUpTdrKR9beFPDOieCvDWheEvDlnDp2heHNLstH0qxgASK2sbCBLe3jVRkcRoMnOSck5zXxGNxmIzDF4nHYupKricXWqV61STu5VKsnOT+96LofV4XDUcFhqGEw8FToYelCjShFWUYU4qMV9y363OgJU9ccHPJzz/Q+9cp0BlfUfnQAZX1H50AGV9R+dAH//0P76KACgAoAKACgAoAKACgAoAKACgAoAKACgAoAKACgAoAKACgAoAKACgAoAKACgAoAKACgAoA+RP2u/BOfBcHxw8N6tN4Y+JnwLg1DxT4W162tluk1DTHSJde8H65ama2+3aBr8Eca3ELTbrW5hhvLcCaP5vueBsxtmEuHcXQjjMo4jlTweMw05uDpVlzPDY7Dz5Z+zxOGk24S5Jc8JSpy5YybPkuLcF/sSzvDVpYXMsjjUxWFrwjzKpTsvb4SvHmhz4fERSUld8skqkbOK5vlvVP20PiN8VZfg/wDDbwdY2Hwu1j4v6ZHNq3ji2mPijUdBhZIkul8PaXd2uk2kF5KJXa2vb24vfsbbGFtKybq+yocAZVkyz3NsfUqZzQyOry0MunH6nSxMvfcHiq0J1pyhHlSnTpxp+0V7zjdI+Zq8Y5jmksny3Bwp5ZWzimnVx0W8VUw8Wvf+r0pqlFTd/dnOUuR2912P0F+D/wAGPBfwW8PS6L4Vt7m4vtTuW1LxN4o1idtQ8TeK9Zm5uNW17VZcz3lzKxOxCwgt0PlQRogAr8wz7P8AMM/xar42cI0qMfY4PB0IKlhMFh4/DQw1GLcYQStd/FJq8mz77KMmweTYd0MLGUp1JuricTWl7TE4qs/iq16rblOb6bKK0SsketV4Z6oUAFABQAUAf//Z</file>
<file name="pdr_regularni.jpg" path="/" encoding="base64">/9j/4AAQSkZJRgABAQAASABIAAD/4QBMRXhpZgAATU0AKgAAAAgAAgESAAMAAAABAAEAAIdpAAQAAAABAAAAJgAAAAAAAqACAAQAAAABAAAAiaADAAQAAAABAAAAggAAAAD/4QkhaHR0cDovL25zLmFkb2JlLmNvbS94YXAvMS4wLwA8P3hwYWNrZXQgYmVnaW49Iu+7vyIgaWQ9Ilc1TTBNcENlaGlIenJlU3pOVGN6a2M5ZCI/PiA8eDp4bXBtZXRhIHhtbG5zOng9ImFkb2JlOm5zOm1ldGEvIiB4OnhtcHRrPSJYTVAgQ29yZSA1LjQuMCI+IDxyZGY6UkRGIHhtbG5zOnJkZj0iaHR0cDovL3d3dy53My5vcmcvMTk5OS8wMi8yMi1yZGYtc3ludGF4LW5zIyI+IDxyZGY6RGVzY3JpcHRpb24gcmRmOmFib3V0PSIiLz4gPC9yZGY6UkRGPiA8L3g6eG1wbWV0YT4gICAgICAgICAgICAgICAgICAgICAgICAgICAgICAgICAgICAgICAgICAgICAgICAgICAgICAgICAgICAgICAgICAgICAgICAgICAgICAgICAgICAgICAgICAgICAgICAgICAgICAgICAgICAgICAgICAgICAgICAgICAgICAgICAgICAgICAgICAgICAgICAgICAgICAgICAgICAgICAgICAgICAgICAgICAgICAgICAgICAgICAgICAgICAgICAgICAgICAgICAgICAgICAgICAgICAgICAgICAgICAgICAgICAgICAgICAgICAgICAgICAgICAgICAgICAgICAgICAgICAgICAgICAgICAgICAgICAgICAgICAgICAgICAgICAgICAgICAgICAgICAgICAgICAgICAgICAgICAgICAgICAgICAgICAgICAgICAgICAgICAgICAgICAgICAgICAgICAgICAgICAgICAgICAgICAgICAgICAgICAgICAgICAgICAgICAgICAgICAgICAgICAgICAgICAgICAgICAgICAgICAgICAgICAgICAgICAgICAgICAgICAgICAgICAgICAgICAgICAgICAgICAgICAgICAgICAgICAgICAgICAgICAgICAgICAgICAgICAgICAgICAgICAgICAgICAgICAgICAgICAgICAgICAgICAgICAgICAgICAgICAgICAgICAgICAgICAgICAgICAgICAgICAgICAgICAgICAgICAgICAgICAgICAgICAgICAgICAgICAgICAgICAgICAgICAgICAgICAgICAgICAgICAgICAgICAgICAgICAgICAgICAgICAgICAgICAgICAgICAgICAgICAgICAgICAgICAgICAgICAgICAgICAgICAgICAgICAgICAgICAgICAgICAgICAgICAgICAgICAgICAgICAgICAgICAgICAgICAgICAgICAgICAgICAgICAgICAgICAgICAgICAgICAgICAgICAgICAgICAgICAgICAgICAgICAgICAgICAgICAgICAgICAgICAgICAgICAgICAgICAgICAgICAgICAgICAgICAgICAgICAgICAgICAgICAgICAgICAgICAgICAgICAgICAgICAgICAgICAgICAgICAgICAgICAgICAgICAgICAgICAgICAgICAgICAgICAgICAgICAgICAgICAgICAgICAgICAgICAgICAgICAgICAgICAgICAgICAgICAgICAgICAgICAgICAgICAgICAgICAgICAgICAgICAgICAgICAgICAgICAgICAgICAgICAgICAgICAgICAgICAgICAgICAgICAgICAgICAgICAgICAgICAgICAgICAgICAgICAgICAgICAgICAgICAgICAgICAgICAgICAgICAgICAgICAgICAgICAgICAgICAgICAgICAgICAgICAgICAgICAgICAgICAgICAgICAgICAgICAgICAgICAgICAgICAgICAgICAgICAgICAgICAgICAgICAgICAgICAgICAgICAgICAgICAgICAgICAgICAgICAgICAgICAgICAgICAgICAgICAgICAgICAgICAgICAgICAgICAgICAgICAgICAgICAgICAgICAgICAgICAgICAgICAgICAgICAgICAgICAgICAgICAgICAgICAgICAgICAgICAgICAgICAgICAgICAgICAgICAgICAgICAgICAgICAgICAgICAgICAgICAgICAgICAgICAgICAgICAgICAgICAgICAgICAgICAgICAgICAgICAgICAgICAgICAgICAgICAgICAgICAgICAgICAgICAgICAgICAgICAgICAgICAgICAgICAgICAgICAgICAgICAgICAgICAgICAgICAgICAgICAgICAgICAgICAgICAgICAgICAgICAgICAgICAgICAgICAgICAgICAgICAgICAgICAgICAgICAgICAgICAgICAgICAgICAgICAgICAgICAgICAgICAgICAgICAgICAgICAgICAgICAgICAgICAgICAgICAgICAgICAgICAgICAgICAgICAgICAgICAgICAgICAgICAgICAgICAgICAgICAgICAgICAgICAgICAgICAgICAgICAgICAgICAgICAgICAgICAgICAgICAgICAgICAgICAgICAgICAgICAgICAgICAgICAgICAgICAgICAgICAgICAgICAgICAgICAgICAgICAgICAgICAgICAgICAgICAgICAgICAgICAgICAgICAgICAgICAgICAgICAgICAgICAgICAgICAgICAgICAgICAgICAgICAgICAgICAgICAgICAgICAgICAgICAgICAgICAgICAgICAgICAgICAgICAgICAgICAgICAgICAgICAgICAgICAgICAgICAgICAgICAgICAgICAgICAgICAgICAgICAgICAgICAgICAgICAgICAgICAgICAgICAgICAgICAgICAgICAgICAgICAgICAgICAgICAgICAgICAgICAgICAgICAgICAgICAgICAgICAgICAgICAgICAgICAgICAgICAgICAgICAgICAgICAgICAgICAgICAgICAgICAgICAgICAgICAgICAgICAgICAgICAgICAgICAgICAgICAgICAgICAgICA8P3hwYWNrZXQgZW5kPSJ3Ij8+AP/tADhQaG90b3Nob3AgMy4wADhCSU0EBAAAAAAAADhCSU0EJQAAAAAAENQdjNmPALIE6YAJmOz4Qn7/4htESUNDX1BST0ZJTEUAAQEAABs0YXBwbAIQAABtbnRyUkdCIFhZWiAH5AABAAEACAAyADRhY3NwQVBQTAAAAABBUFBMAAAAAAAAAAAAAAAAAAAAAAAA9tYAAQAAAADTLWFwcGwAAAAAAAAAAAAAAAAAAAAAAAAAAAAAAAAAAAAAAAAAAAAAAAAAAAAAAAAAAAAAABFkZXNjAAABUAAAAGJkc2NtAAABtAAABDZjcHJ0AAAF7AAAACN3dHB0AAAGEAAAABRyWFlaAAAGJAAAABRnWFlaAAAGOAAAABRiWFlaAAAGTAAAABRyVFJDAAAGYAAACAxhYXJnAAAObAAAACB2Y2d0AAAOjAAABhJuZGluAAAUoAAABj5jaGFkAAAa4AAAACxtbW9kAAAbDAAAAChiVFJDAAAGYAAACAxnVFJDAAAGYAAACAxhYWJnAAAObAAAACBhYWdnAAAObAAAACBkZXNjAAAAAAAAAAhEaXNwbGF5AAAAAAAAAAAAAAAAAAAAAAAAAAAAAAAAAAAAAAAAAAAAAAAAAAAAAAAAAAAAAAAAAAAAAAAAAAAAAAAAAAAAAAAAAAAAAAAAAAAAAAAAAAAAbWx1YwAAAAAAAAAjAAAADGhySFIAAAAUAAABtGtvS1IAAAAMAAAByG5iTk8AAAASAAAB1GlkAAAAAAASAAAB5mh1SFUAAAAUAAAB+GNzQ1oAAAAWAAACDGRhREsAAAAcAAACIm5sTkwAAAAWAAACPmZpRkkAAAAQAAACVGl0SVQAAAAUAAACZHJvUk8AAAASAAACeGVzRVMAAAASAAACeGFyAAAAAAAUAAACinVrVUEAAAAcAAACnmhlSUwAAAAWAAACunpoVFcAAAAMAAAC0HZpVk4AAAAOAAAC3HNrU0sAAAAWAAAC6npoQ04AAAAMAAAC0HJ1UlUAAAAkAAADAGZyRlIAAAAWAAADJG1zAAAAAAASAAADOmhpSU4AAAASAAADTHRoVEgAAAAMAAADXmNhRVMAAAAYAAADamVzWEwAAAASAAACeGRlREUAAAAQAAADgmVuVVMAAAASAAADknB0QlIAAAAYAAADpHBsUEwAAAASAAADvGVsR1IAAAAiAAADznN2U0UAAAAQAAAD8HRyVFIAAAAUAAAEAHB0UFQAAAAWAAAEFGphSlAAAAAMAAAEKgBMAEMARAAgAHUAIABiAG8AagBpzuy37AAgAEwAQwBEAEYAYQByAGcAZQAtAEwAQwBEAEwAQwBEACAAVwBhAHIAbgBhAFMAegDtAG4AZQBzACAATABDAEQAQgBhAHIAZQB2AG4A/QAgAEwAQwBEAEwAQwBEAC0AZgBhAHIAdgBlAHMAawDmAHIAbQBLAGwAZQB1AHIAZQBuAC0ATABDAEQAVgDkAHIAaQAtAEwAQwBEAEwAQwBEACAAYwBvAGwAbwByAGkATABDAEQAIABjAG8AbABvAHIgDwBMAEMARAAgBkUGRAZIBkYGKQQaBD4EOwRMBD4EQAQ+BDIEOAQ5ACAATABDAEQgDwBMAEMARAAgBeYF0QXiBdUF4AXZX2mCcgAgAEwAQwBEAEwAQwBEACAATQDgAHUARgBhAHIAZQBiAG4A/QAgAEwAQwBEBCYEMgQ1BEIEPQQ+BDkAIAQWBBoALQQ0BDgEQQQ/BDsENQQ5AEwAQwBEACAAYwBvAHUAbABlAHUAcgBXAGEAcgBuAGEAIABMAEMARAkwCQIJFwlACSgAIABMAEMARABMAEMARAAgDioONQBMAEMARAAgAGUAbgAgAGMAbwBsAG8AcgBGAGEAcgBiAC0ATABDAEQAQwBvAGwAbwByACAATABDAEQATABDAEQAIABDAG8AbABvAHIAaQBkAG8ASwBvAGwAbwByACAATABDAEQDiAOzA8cDwQPJA7wDtwAgA78DuAPMA70DtwAgAEwAQwBEAEYA5AByAGcALQBMAEMARABSAGUAbgBrAGwAaQAgAEwAQwBEAEwAQwBEACAAYQAgAEMAbwByAGUAczCrMOkw/ABMAEMARAAAdGV4dAAAAABDb3B5cmlnaHQgQXBwbGUgSW5jLiwgMjAyMAAAWFlaIAAAAAAAAPNSAAEAAAABFs9YWVogAAAAAAAAYWwAADgyAAAKQlhZWiAAAAAAAABvHAAArpUAABaZWFlaIAAAAAAAACZOAAAZOQAAslJjdXJ2AAAAAAAABAAAAAAFAAoADwAUABkAHgAjACgALQAyADYAOwBAAEUASgBPAFQAWQBeAGMAaABtAHIAdwB8AIEAhgCLAJAAlQCaAJ8AowCoAK0AsgC3ALwAwQDGAMsA0ADVANsA4ADlAOsA8AD2APsBAQEHAQ0BEwEZAR8BJQErATIBOAE+AUUBTAFSAVkBYAFnAW4BdQF8AYMBiwGSAZoBoQGpAbEBuQHBAckB0QHZAeEB6QHyAfoCAwIMAhQCHQImAi8COAJBAksCVAJdAmcCcQJ6AoQCjgKYAqICrAK2AsECywLVAuAC6wL1AwADCwMWAyEDLQM4A0MDTwNaA2YDcgN+A4oDlgOiA64DugPHA9MD4APsA/kEBgQTBCAELQQ7BEgEVQRjBHEEfgSMBJoEqAS2BMQE0wThBPAE/gUNBRwFKwU6BUkFWAVnBXcFhgWWBaYFtQXFBdUF5QX2BgYGFgYnBjcGSAZZBmoGewaMBp0GrwbABtEG4wb1BwcHGQcrBz0HTwdhB3QHhgeZB6wHvwfSB+UH+AgLCB8IMghGCFoIbgiCCJYIqgi+CNII5wj7CRAJJQk6CU8JZAl5CY8JpAm6Cc8J5Qn7ChEKJwo9ClQKagqBCpgKrgrFCtwK8wsLCyILOQtRC2kLgAuYC7ALyAvhC/kMEgwqDEMMXAx1DI4MpwzADNkM8w0NDSYNQA1aDXQNjg2pDcMN3g34DhMOLg5JDmQOfw6bDrYO0g7uDwkPJQ9BD14Peg+WD7MPzw/sEAkQJhBDEGEQfhCbELkQ1xD1ERMRMRFPEW0RjBGqEckR6BIHEiYSRRJkEoQSoxLDEuMTAxMjE0MTYxODE6QTxRPlFAYUJxRJFGoUixStFM4U8BUSFTQVVhV4FZsVvRXgFgMWJhZJFmwWjxayFtYW+hcdF0EXZReJF64X0hf3GBsYQBhlGIoYrxjVGPoZIBlFGWsZkRm3Gd0aBBoqGlEadxqeGsUa7BsUGzsbYxuKG7Ib2hwCHCocUhx7HKMczBz1HR4dRx1wHZkdwx3sHhYeQB5qHpQevh7pHxMfPh9pH5Qfvx/qIBUgQSBsIJggxCDwIRwhSCF1IaEhziH7IiciVSKCIq8i3SMKIzgjZiOUI8Ij8CQfJE0kfCSrJNolCSU4JWgllyXHJfcmJyZXJocmtyboJxgnSSd6J6sn3CgNKD8ocSiiKNQpBik4KWspnSnQKgIqNSpoKpsqzysCKzYraSudK9EsBSw5LG4soizXLQwtQS12Last4S4WLkwugi63Lu4vJC9aL5Evxy/+MDUwbDCkMNsxEjFKMYIxujHyMioyYzKbMtQzDTNGM38zuDPxNCs0ZTSeNNg1EzVNNYc1wjX9Njc2cjauNuk3JDdgN5w31zgUOFA4jDjIOQU5Qjl/Obw5+To2OnQ6sjrvOy07azuqO+g8JzxlPKQ84z0iPWE9oT3gPiA+YD6gPuA/IT9hP6I/4kAjQGRApkDnQSlBakGsQe5CMEJyQrVC90M6Q31DwEQDREdEikTORRJFVUWaRd5GIkZnRqtG8Ec1R3tHwEgFSEtIkUjXSR1JY0mpSfBKN0p9SsRLDEtTS5pL4kwqTHJMuk0CTUpNk03cTiVObk63TwBPSU+TT91QJ1BxULtRBlFQUZtR5lIxUnxSx1MTU19TqlP2VEJUj1TbVShVdVXCVg9WXFapVvdXRFeSV+BYL1h9WMtZGllpWbhaB1pWWqZa9VtFW5Vb5Vw1XIZc1l0nXXhdyV4aXmxevV8PX2Ffs2AFYFdgqmD8YU9homH1YklinGLwY0Njl2PrZEBklGTpZT1lkmXnZj1mkmboZz1nk2fpaD9olmjsaUNpmmnxakhqn2r3a09rp2v/bFdsr20IbWBtuW4SbmtuxG8eb3hv0XArcIZw4HE6cZVx8HJLcqZzAXNdc7h0FHRwdMx1KHWFdeF2Pnabdvh3VnezeBF4bnjMeSp5iXnnekZ6pXsEe2N7wnwhfIF84X1BfaF+AX5ifsJ/I3+Ef+WAR4CogQqBa4HNgjCCkoL0g1eDuoQdhICE44VHhauGDoZyhteHO4efiASIaYjOiTOJmYn+imSKyoswi5aL/IxjjMqNMY2Yjf+OZo7OjzaPnpAGkG6Q1pE/kaiSEZJ6kuOTTZO2lCCUipT0lV+VyZY0lp+XCpd1l+CYTJi4mSSZkJn8mmia1ZtCm6+cHJyJnPedZJ3SnkCerp8dn4uf+qBpoNihR6G2oiailqMGo3aj5qRWpMelOKWpphqmi6b9p26n4KhSqMSpN6mpqhyqj6sCq3Wr6axcrNCtRK24ri2uoa8Wr4uwALB1sOqxYLHWskuywrM4s660JbSctRO1irYBtnm28Ldot+C4WbjRuUq5wro7urW7LrunvCG8m70VvY++Cr6Evv+/er/1wHDA7MFnwePCX8Lbw1jD1MRRxM7FS8XIxkbGw8dBx7/IPci8yTrJuco4yrfLNsu2zDXMtc01zbXONs62zzfPuNA50LrRPNG+0j/SwdNE08bUSdTL1U7V0dZV1tjXXNfg2GTY6Nls2fHadtr724DcBdyK3RDdlt4c3qLfKd+v4DbgveFE4cziU+Lb42Pj6+Rz5PzlhOYN5pbnH+ep6DLovOlG6dDqW+rl63Dr++yG7RHtnO4o7rTvQO/M8Fjw5fFy8f/yjPMZ86f0NPTC9VD13vZt9vv3ivgZ+Kj5OPnH+lf65/t3/Af8mP0p/br+S/7c/23//3BhcmEAAAAAAAMAAAACZmYAAPKnAAANWQAAE9AAAApbdmNndAAAAAAAAAAAAAMBAAACAAAAVgEuAesCxAODBFMFQAYnBxoIGAkfCj0LTgxrDZAOuQ/sES0SZROjFOMWKhd5GL8aDxtXHKQd8x88IIQhzSMRJFIljSbLKAApMypmK5csyi33LygwUTGAMqsz1TUCNjE3XTiKObY64TwNPTg+YD+JQLFB3EMIRDZFY0aQR7hI3koBSyRMR01qTo9PtFDYUfhTFlQzVU9WbVeNWK5Zy1rhW/Bc9137XwBgCmEZYi1jQWRSZV9mZWdhaFNpPGogawFr4Gy/baBug29ocFBxOHIgcwhz73TWdb52qHeTeH55bHpZe0l8PX03fjZ/OYBBgUuCV4NlhHSFhYaUh6SIs4nAisyL1ozfjeeO7Y/ykPWR9pL1k/WU+pYElxWYLJlHmmObf5yYna6ev5/LoNSh2qLgo+mk9KYDpxWoKqlCqlyrd6yUrbKu0a/xsRGyM7NTtHO1kLapt7q4wbnDusC7u7y1va++qb+jwJ3BlcKKw3zEasVTxjbHGMf5yODJz8rGy8PMwc28zq/PmNBz0UPSDdLT05vUZtU11gXW19eo2HbZQNoG2sfbgNw13Ofdkd473uPfjeA74Ovhn+JS4wPjr+RV5PnllOYs5r/nUufk6IXpL+nk6qjrbuwz7PXtr+5j7xHvtfBQ8ObxfPIX8sbzj/Ru9WH2ZveK+OT6xf0u//8AAABWASMBsAJqAzID6ASxBYAGWAc9CC0JJwonCyIMMA06DlEPYxB+EZ8SvhPpFRAWOBdhGIgZtBreHAsdMx5bH4AgoSG/Itsj9SULJh8nNShJKWAqeSuTLLEtzC7oMAQxITI8M1o0dDWLNqQ3uTjNOeI69DwGPRs+MT9NQGxBj0KwQ9BE7UYIRx1IMklFSlVLY0xuTXhOfk+DUIVRhlKIU4pUjFWKVoRXeVhoWVRaRFs/XEZdWl53X5VgsGHCYspjxWS1ZZxme2dXaDBpDGnsatBrumypbZtuj2+CcHJxXHJAcx9z+3TVda12hndieEV5MHokex18GX0VfhB/Bn/2gOKByoKxg5WEd4VdhkqHRIhMiWGKgYuljMaN3o7uj/WQ95H1kvOT8JTtleyW7pf4mRCaOZtunKadzp7jn+mg5aHfotmj0aTIpb6mvKfKqO2qIatdrJyt2a8UsE6xiLLCs/m1LrZkt5u40roFuzS8X72Fvqa/vMC+warCkMN9xHfFgMaPx53Io8meyo7LdcxTzS3OBM7az7LQi9Fq0lHTRdRF1VHWYtd12ITZh9p922bcQ90a3ezeud+H4FjhLeII4ubjw+Sd5XHmQOcM59Too+l/6mnrZOxo7W3ucO9w8HDxcvJ283n0d/Vp9kf3D/ez+EX4y/la+e360PwM/dr//wAAACsAxAFLAdgCZQMGA48EKwTPBXoGLwbpB6UIaAkvCfkKygufDHcNUg4yDw4P9hDZEcASqROTFH0VZxZSFz0YKRkVGfwa6BvSHL4drh6jH5sgliGUIo8jhiR2JWEmRScgJ/gozCmfKnMrSCwhLQIt6S7XL8gwujGqMpgzgDRgNTk2BjbPN5U4WDkZOdk6nTtkPDI9Bj3ePrY/j0BoQURCJkMQRABE80XnRtZHu0iWSWVKJUrgS5hMT00HTcNOg09JUBhQ6lG+UpNTaFQ7VQ1V3latV3xYSlkVWd9aqFtvXDVc+V29XoBfQ2AIYNFhnGJrYzxkDGTaZadmcWc4Z/xov2mAakBrAGvAbIFtQ24EbsVvhXBBcPhxq3JZcwFzqXRPdPR1mHY8dt53gHgdeL15YHoWetp7q3yDfVh+KH72f8OAk4FngkSDKoQYhQuGAIb0h+OIzYmvioyLYYw0jQeN2o6wj4qQa5FHkhKSxpNbk+yUepVBlkKXiJkImoqb5J0ZnjKfOaA5oTWiL6MopCGlGaYRpwqoCakPqiGrPaxgrYeura/TsPyyKLNatJK10bcUuFm5nLrXvAW9Kb5Hv2LAf8Gewr7D38T/xiHHQ8hnyYzKscvWzP3OKc9b0JfR3tMy1I3V7tdT2LnaIduV3S/fDuF35Ivoee1O8vb5Uf//AABuZGluAAAAAAAABjYAAJOVAABWjQAAVukAAJG3AAAmuwAAFwoAAFANAABUOQACh64AAkeuAAFrhQADAQAAAgAAAAEABAAIAA8AFgAfACkANABAAEwAWgBpAHgAiQCaAKwAvgDSAOYA/AESASkBQAFZAXMBjQGpAcUB4wIBAiECQgJkAocCrALSAvoDIwNNA3oDqAPXBAgEOgRtBKME2QUSBUsFhgXDBgEGQAaABsIHBQdKB5AH2AghCGwIuQkHCVcJqAn6Ck0KoQr3C04LqAwEDGIMww0lDYkN7g5UDrwPJQ+REAAQcRDkEVkRzxJGEr0TOBO2FDoUwxVSFeMWdRcGF5YYJhi4GU4Z6BqIGzEb4xyfHWIeKx74H8YglSFkIjQjBiPbJLMljyZsJ0soKykNKfAq1Su7LJ4tfi5cLzkwFDDwMc0yqjOJNGg1SjYuNxU3/zjtOd460jvKPMU9xD7HP85A2kHoQvZEAEUGRghHCEgISQlKDEsUTCFNNE5OT25QlFG8UuVUDVU0VllXfVigWcRa51wLXTBeVl98YKRhzmL4ZCRlU2aFZ7xo+mpDa5ls+W5jb9JxRnK8dDR1r3cteLF6PHvQfW9/HIDWgpSETIX2h5SJLIrFjGWOFY/fkc2T3ZX/mCCaOZxMnl+geaKgpNqnLamgrDCu4LGhtF63C7muvF2/K8IfxUbIoswMzyjR9tSR1yjZ0dye35fi0uZg6fntEu+s8gD0MPY59//5ivq4+9T8u/2j/nD/N///AAAAAQAFAAoAEgAbACYAMgA/AE0AXABtAH4AkQCkALkAzwDlAP0BFgEvAUoBZgGDAaIBwQHiAgQCJwJMAnICmgLDAu8DHANLA3wDrwPkBBoEUgSLBMUFAQU9BXsFuwX8Bj8GgwbJBxAHWQelB/IIQQiTCOYJOwmTCewKRgqhCvwLWAu0DBIMcgzUDTkNoA4LDngO5w9ZD84QRhDAET4RvxJDEsoTUxPdFGoU+hWPFioWyxdxGBYYthlRGeYaeRsNG6QcQBzkHZEeSh8OH90gsyGOImkjQiQYJOslvSaQJ2YoQiklKhIrCCwFLQguDi8SMBExCDH5Mugz1zTKNcE2wTfKONs58jsOPDA9UT5pP3RAckFoQlhDR0Q5RTRGOEdHSF9JfkqhS8dM8E4bT0VQa1GGUpRTl1SVVZRWoFe/WPFaNVuAXM1eHl90YM9iI2NmZJVltWbOZ+Ro+2oWazNsVG12bppvwHDqchdzRnR2dad22ngQeU16j3vYfSZ+fX/jgWeDEITKhnSIBomHiwSMiI4bj8ORgpNYlUOXO5k7mzudOZ8poQSixqR2phunvaliqxWs3a7FsM+y9bUxt3y5y7wPvkTAcsKmxOnHQsmyzDHOnNDd0vTU8dbn2OPa6Nz03wHhCuMU5STnSOmW7DfvivOm92z5zvuE/MP99P75//8AAAACAAgAEQAeAC0APgBRAGYAfQCWALAAzADqAQkBKwFNAXIBmAHAAeoCFgJEAnQCpgLaAxEDSQOEA8AD/QQ7BHoEugT8BUEFigXXBikGgQbdBz4HoggICG8I1Ak5CZ0KAgpqCtULRAu7DDkMwQ1QDeYOgg8hD8AQXBD2EZASLRLNE24UDRSoFUIV3BZ5Fx4XzhiOGWIaQhsqHBQc+x3dHrgfkiBtIUwiMCMYJAYk+SXxJu8n8yj9Kg4rJCxALWAugC+dMLgx0zLzNBo1STaCN8M5DDpcO7A9Bz5gP75BIkKTRBZFrkdaSRFK0UyaTm9QVVIyU9pVWlbMWEhZ01tmXPheg2ABYXBi1WQ3ZZxnCWiBagpro21NbwBwt3JvdB51w3d1eWR77n6kgHmB1oL8hAKFCIYQhzOIc4nUi1WM6Y6IkC6R2ZOIlTuW8Zipml6cCp2nnzegvaI/o8ClRKbKqFCp1KtUrNCuRq+5sSiyl7QItX22/LiJuia70L2CvzbA6cKcxE/GBMe7yXPLK8zkzp7QWNIU09LVj9dK2P/arNxP3ejfdeD94oLkA+WC5wLog+oE63/s7u5G73nwnfGN8nXzRPP39Kr1TvXb9mj29vd29+n4XPjP+UP5q/oN+nD60vs1+5j78fxJ/KL8+/1U/a3+A/5Y/qz/Af9V/6r//wAAc2YzMgAAAAAAAQxCAAAF3v//8yYAAAeSAAD9kf//+6L///2jAAAD3AAAwGxtbW9kAAAAAAAABhAAAJzfAAAAAMoq1YAAAAAAAAAAAAAAAAAAAAAA/8AAEQgAggCJAwERAAIRAQMRAf/EAB8AAAEFAQEBAQEBAAAAAAAAAAABAgMEBQYHCAkKC//EALUQAAIBAwMCBAMFBQQEAAABfQECAwAEEQUSITFBBhNRYQcicRQygZGhCCNCscEVUtHwJDNicoIJChYXGBkaJSYnKCkqNDU2Nzg5OkNERUZHSElKU1RVVldYWVpjZGVmZ2hpanN0dXZ3eHl6g4SFhoeIiYqSk5SVlpeYmZqio6Slpqeoqaqys7S1tre4ubrCw8TFxsfIycrS09TV1tfY2drh4uPk5ebn6Onq8fLz9PX29/j5+v/EAB8BAAMBAQEBAQEBAQEAAAAAAAABAgMEBQYHCAkKC//EALURAAIBAgQEAwQHBQQEAAECdwABAgMRBAUhMQYSQVEHYXETIjKBCBRCkaGxwQkjM1LwFWJy0QoWJDThJfEXGBkaJicoKSo1Njc4OTpDREVGR0hJSlNUVVZXWFlaY2RlZmdoaWpzdHV2d3h5eoKDhIWGh4iJipKTlJWWl5iZmqKjpKWmp6ipqrKztLW2t7i5usLDxMXGx8jJytLT1NXW19jZ2uLj5OXm5+jp6vLz9PX29/j5+v/bAEMAAQEBAQEBAQEBAQEBAQEBAQEBAQEBAQEBAQEBAQEBAQEBAQEBAQEBAQEBAQEBAQEBAQEBAQEBAQEBAQEBAQEBAf/bAEMBAQEBAQEBAQEBAQEBAQEBAQEBAQEBAQEBAQEBAQEBAQEBAQEBAQEBAQEBAQEBAQEBAQEBAQEBAQEBAQEBAQEBAf/dAAQAEv/aAAwDAQACEQMRAD8A/v4oAKACgAoAKACgAoAKACgAoAKACgAoAKACgAoAKACgD//Q/v4oAKACgAoAKAPgbwP/AMFKP2W/iH+3b8Sv+Cc3hrX/ABVP+018J/AjfEXxfolz4Tv7XwrB4bjTwvJLJYeK3lNjfXkS+MdD8y0iiDqZ5Rk+S5oAX4x/8FKP2W/gT+2d8Bf2CviDr3iqz/aG/aR8Oz+KPhjpGneE77UvDV5pUEniqMvrHiWF/smkTu/gzXVignjdn8mHlfPTcAffFABQAUAFABQAUAFABQAUAFABQB//0f7+KACgAoAKACgD/PN+Lv7S/wC0j+yp/wAHR/7bnxL/AGWv2WPEf7X3xJu/gTb+Frr4V+F7trPUrPwvqegfBS91Pxc8quhNrpN7pWl2EqZ5fWIjg4yoBgeIf2qv2pP2tf8Ag5I/4JU+Of2r/wBkLxR+xr438P8AhXUfC+geAPFV497e+I/DEWnfHLVIvFsEju5W2m1PUtR0kICAJdLlPOaAP9FGgAoAKACgAoAKACgAoAKACgAoA//S/v4oAKACgAoAKAP5xv2fv+CZ/wC1B8Ov+Dhr9qb/AIKOeJNJ8IR/szfFb9n27+Hvg/V7TxZZXXiu58S3kHwhQW974VWIXtlbRP4K1oPdSSFMLbMBidaAF/bj/wCCaH7UHx5/4Lq/8E7P29/h/pPhC5/Z6/Zx+Gd34Z+J+q6n4sstO8TWOrfavjDNHFpXhmWJrvVoZV8baGBNbyIoL3WcfZm3gH5Xf8F+/wDgup8dv2X/AI7ax8GPgt4m1zwT4a8Ea7F4XmbwrJaWWv8AibxJpltbXniW9v8AVLuKbydM0y5uoLGzsYUHmsi3EjnzHWv1/LMBw3wtwvlnEGe5Z/bOOzupU+q4WcuWlRw8LPnWsU5KnKMm73bqJaKD5vzjHYvO+IM/x2T5TjnlmEyqEPrFeMb1KteV0o9+VyUklomoXe9pfr3/AMECP+CnHjz/AIKA/BrxPpfxVvn17xj4H0vwr4h07xXcQRW2o634Z8UpfQwW2tRwBYZda0q/0q8hu7qJUSaKW2byw+814/HWRZThcNkvEOR05YfLc+ozqLCSlzfVq8FCU4Rd37rVSK5fsyjJK6s5elwnm2YV6+aZNms41sdlNaNP6xFW9vSk5xjJ95J0272TakrpO5/QdX5wfahQAUAFABQAUAFABQAUAf/T/v4oAKACgAoAKACgAoA/jL/4L2/8EUvEX7RPxl0/45eAbDQ9b0L4peMdA0y60u4u4LLW9H+JXiBY9OkjtI7llj1Cx8VGz+0yzb4zY3CMrBkWIt+y8L4rJOLeH6fDefPF0a/D9HE5hhsVh1zRjl9FReI5l9lwg4wkm/eSi1ZxPzLPqGacO5xLO8pWHqUs4q0MFWoV3ZvG1m1Rt1fPNOSts3JPRn68f8ET/wDgmFq//BO34PeIV8dQ6NZfELxzb6DpsuhaJcC+tPDHhfw5HdNpelTaipMd5qMt3qF/d3ssQEaiWKEl3iZ6+Y414jy3NIZXk+RwrRybJaMqWGnW0nWnNRjOo4vVLlpwS5tW+Z6J8sfe4WyTG4CWPzLNZU5ZnmlVVK8aWsKUIuTjC+qcuacndacvKtLWP28r4E+vCgAoAKACgAoAKACgAoA//9T+/igAoAKACgAoAKACgD4z/bW/5FP4I/8AZz3wY/8ATpqNffeH3++8Rf8AZH5//wCmqJ8dxn/uuSf9lPkv/p2ofZlfAn2IUAFABQAUAFABQAUAFABQB//V/v4oAKAD/P8An/P86ACgAoAKAPBfCX7TPwX8c/Hz4u/sx+GfGNrqXxq+BegeAvE3xO8GpBOl14a0X4mabPq/gy8nndRBKur6fbS3EaxMzRqMPgnFAHlv7a3/ACKfwR/7Oe+DH/p01GvvvD7/AH3iL/sj8/8A/TVE+O4z/wB1yT/sp8l/9O1D7Mr4E+xCgAoAKACgAoAKACgAoAKAP//W/v4oAKAP48v+Dfn4y/ETxL/wU6/4L02PxE+I3jbxV4S+H3xc8P3Xh/R/EvifW9d0jwpp8HxF+PKXsfh7TNSvLm00eBrDSrSF7fTIraJ4rO2j8vESFqhCVScKcVeU5RhFd5SdkvvZM5KEZTlpGEXKT7KKu/wR+Pn7f3/Bxx+1Pon7Wqab4N8e+LvAng+HxDnQvDXhSewtNJ8PaA+ry2WmPq8U9vLJrmoT2ka3GqO7qksLlIkVxX7niqPBfBtTK+H8yyRZtjMbh8NUzLH1JWdD6y1FOkudWUP4nKk2o295t2j+UYarxRxNDH5zgs0/s7DYWtXhgsHBe7V9hrao0teZe65Svrd2Sfvf2KfsDf8ABUr4WfHj9mXwH43+NnjLSPCfxRWK70bxdZJpurPb39/pVw9rHrlslhY3UNvFrNskOoG1ErG2e4aEDCA185xH4ZZ5h83xMMhy+vjsrn7OrhaqqUFKEKsIz9jL2tSnJypOXJzW9613e95e3k3HeVVcuoSzfGUsLj1zU69NwqNSlTk4+0jyUpxSqW5rX0enRH2b/wANw/srn/mr2jf+CzxGP/cN/n8K8P8A4h1xp/0IsR/4Nwn/AMvPU/134X/6GtH/AMF1/wD5QfyKftR6z8VPFX/BTr/gr3+0N+zP+2Z4t/Zm02D9lT9nLxV8Ndf8AeH7DUL748/EL4V/BbUZtK+HUl1rlhNLoeiwa5Y32kau9xaWX22fWrKWK6EFm70f8Q640/6EWI/8G4T/AOXW/H5dQ/134X/6GtH/AMF1/wD5Qfnb/wAFFv8Agvr+1Frnwi/ZaTxLf6p4e1+z8CfDPWPFeh+HJbXSptS+NOheGNH1Hxx4rv7uJZ1jbSfEWo3VtoVtayNbpGfMO/e9foGCw+A8M8hwmPzfK5YzPc9WKwlbDznFQw+CtT+sYZuLcHzwnTU7SfNNuzUY2j8fia+L46zfEYTLcdHDZTlLoYmnXjBuVXFe/wCxrJSUWnGcZ8l4rlir/E7H9Jn/AARH/wCCxGn/ALRnwAv7X9qD4iRweJvD1t4f1nwx4v8AEFvdyat4k8N+JLa4kjs9WbSrC5jl1bRLy0uLe4uDDCs1tLakAuH2+XxPwJPNaeV59wdllWeBzfBwxFbB0504rB1XGLSXtZK0ZqWylK0oTfu3Sl6ORcWwy6WPynibMKcMXl2JlRp4qcJt4mmm1f8Adxm24tXu4q8JQu200frv8U/+ChX7Mngb4a+O/GGj/FLQNb1rw74U13VtD0SO11qOXWdctNOuJNG0mN7nS4LdX1LUxa2SmWWJAZ+SOleTkPhVxfmud5VluJyfFYbDYzMMLh8VinOg44fC1K0FicQ1CpKTVGh7So+WDfu/M6s98ReHMryXNcxw2ZYfFYnB5fisRhcLGNVSxOKp0ZvDYdOdKnFOtX9nSXNJJc2t9pfzF/sKftM/Fr4Cfta/BP4y/GX4veJ/EXw7/aJ0/wAbW/xJ0nXde8Qahpnw+k1jxFqw0NrjT7+SWwS6B03w7qcMmjxyiDS9ekgUDbsr+5fFbhThTi3w94n4a4ayPL8HnPB1bK5ZLiMJhMLRr5x9WwWG+tKnVpRjWlD9/jaEliJR56+EU29fd/iLwsz3jPhPj/hniPiTNcyxmT8X0czhnWHxeLxFWhlLxGLxCwrnSq1JUlNexwleEsOpctDFONk1yy/pV+Pn/BRv9nT4YfBf4meP/CPxH8P+K/FXhbwjq2p+GvDsVtranVteWAw6RayNNpcEa251Ca3e6LSofsyS7SX2iv4Qyzw14rxOYYOhjcnxWEwdTEU44nEylh2qNDmvUlaNZtvlTUbL4mtrs/ujHcdcPUsHiauEzKhicTCjN4ego1k6lW3uR96jFJc1m7taJn+ey/8AwXu/bKH7bTab/wALb8eDUU8VtYC9OssdBGoW1xLqEuhSeF/K/s9/DhkibS9gUXT27ZMoUhl/Q/rvB64jfAj4aw7winPL/wC0L2xP1yFKSlVbSnK3PFpTTvze89LHx7w3EjyRcWf23X+scscZ9Tf8B4ZzjywtdK/LK7VmnH3VsnP/AErv2VfjQf2iP2dfg78ansRplz8RvAfh/wAS3+nKSUstR1Cwhkv7aNj9+OG7MyRuOGQAjrX4lxBln9jZ1meVqftI4LGV6EJ7c0ITahJ7auNun3H6lk+O/tPK8Dj3HkeKw1KrKPaUormXyd+999L2P5Sv+DpTxD8TdY/ai/4JD/ALwl8Yfif8KPB/x5+O8/w88b3Hwz8Ya14R1C407xn8QfhX4Qur9ptGvrA3V5p2m6zdyaeLt5IYZjkKu+Qt456R85afH+0L/wAEcv8AguT+xf8Asb/BD9sr4wftS/Az9qTR7CT4l/Cv4teLJfGur+Fl1S88W6VM88s15qV1p15o8Xh638V2F2ZredtOe6tp4WglSWgD+8KgAoA//9f+/igAoA/zuf8AgmD/AMFLf2Pf+Cbv/BUv/gt3J+2L4z1TwRpfxm+OY0PwnDbeGtR106s3hf4kfGaTxHbXUNoA9qkVp4m0zBlGJluGCZ2NVRlKEozi7ShJSi10lF3T+TQpRUk4yV1JOLT6pqzXTdPv9xnfFH/ggfq/7ePjzwH+1j+yP9n+K/7OHxPuF8U/C3xpd6zF4UuLvwrPqs9/ZWHjXRdSj+12M2kTvJZTzoXS+hgxHtjZDX7bLiHgXiWOV5vxHLF4TN8toUaeJw9CDnSxjw7vDVW5oykr2SjLkfI7WcpflqybizI3j8uySOHxGW46rVnQrVZxVTCqsrTbUnpJJvXRKXvJM/tn/wCCf/7FPh39jT9mfwV8GdQTRvE/iez+1634x106fbzQXniTWJftN9FYtcxPN/Z2ngpp9iXO9ra2idwHYlvz3izijEcRZ1iMwoyrYXC2hRwtCNSUXDD0YqFPnUZRXPJLmnvaUrJtK8vsOHsgo5NldHB1o0sRXvOriKsoRlzVqj5p8rcZPlXwryjfVt8v2n/wi/hk9fDuhf8AgpsD/wC0P8/hXzf13F/9BWJ/8KKx7n1bDf8AQNQ/8FU//lZ4Nf8A7HX7MWp+LfjT46vvgv4LufFn7RHgnTfhx8Z9aexmFz498E6PoN94Y03QNURbpbe3tbTQdSvtNjk0yGxujDOzvO8qo6n13F/9BWJ/8KKwfVsN/wBA1D/wVT/+Vn8kf/BZ/wD4N7vC3izXvh3r37O/hzRdC+E+ra/4K+Hvhj4d6Xqz6NdeBfE2oWcOg2GnaRcX73b3fh3WYNLiknkuJ5LiwuE3TNKixFv2HhjH5LxhkUOHeJFiY1uH8Ni8zoY6i25vAYdQeIjKTu3NQcY8rXvqMJK8otS/Nc+wmZ8NZs85ySWH9lnWIw+ArYWqkorGV3JUXFbKLkpSUlblcpppKUUfuR/wRy/4JY2v/BPb4JarpPj+28O6t8RfGUWhWmoafZpBrGmeFvDvhu2mh0Tw/b31xEUvrqKa7v7u+v4VRJ5roRgFIUNfLcZ8W4fNJZdluQ/WMJk2TYf6thPenSqVrqMZVZqM7q8YRilJt+620pSk5fQcM8O1svjjcbm3scTmeZ1vb4n3Y1IUlq404NqS0c5uTirO9ldRXL5p/wAFxvE0l38OPgb+yP8ADDSdKtfiN+058UdH0lTYadawTweHtKvbW1X7XJbQrNDYXetapZ3c06N8kGhXRICK5r90+izl1OGdcVeIee1q1TJuBsixOIftas5xnjMRSqzfs1OfLKtTwuHq04Qd05YqmrptH4H9J/Mq08m4X8P8jpU4ZxxvnuGw6dKChKGEoVacEqjhBSjSqYqvTqSknpHC1HrZn5+ft3fsS/8ABQfwn+yt4f8AFPxM8VfA7WPAf7L1tomseHLD4aeEW0PxhpNjBLpGiJOdSjdm1GCy8vT7m+WdWG21a6OAj7v1/wAKPE3wdzDj7GYDJMu4mw+bcdzxWGxtXO8esVluIqzWIxTh7CSUaMqt60KTi/8Al4qaSuj8k8VPDjxiwHAmEx2d5nw3icq4GhhsTgqWS4J4TMcPSg8PhVP20W3WjTtRnVU7/wAPn0tJH9APwan+FX7f/wCxHoOv6t4b0Oz0n47fC+60jxMulaVp0NzoOuXlpLputR2MyWylLzQNcila2fcB9os0J+Ustfxtxtleb+GviFm2SLF4qpLIM2vhJVq1VxxOD5lWwlScXN3hicNOEmmvhn1sj+xOCM4yzxE4CyjPVhsPTWeZYvrUaVKmnh8XZ0sVShJQ0lh8RGcNH8UN9bn8nlx/warfFxf2s4/iDBrngeTwnJqpuJPiJ/bzobe0kL202ojwQ8RvJdfbTiybvP8As5u5DOSEZgn00eMuA/7QfFry7HriNQc/qX/MK8W6fs3X59ad5Xd3v7zdlJpx818M8WrBrh5Y3CPJXJKWJ/5iFh1UU1RSbUrK2iSadknZI/tw+Dnwu8OfBP4V+APhJ4RiaHw38PPCmi+E9HWTBlaz0axhs45ZmH3ppvK82Rjks7EnkkL+OZlj6+aZhjMxxLvXxmIq4ip25qk3JpLoleyWvq9z9MwOEpYDB4bBUValhaNOjDvy04qKb83a7P40f+Dr/wCHlt8Wv2xP+CMXwtvtV1zQNP8AiV8fZPAN7r/hq7m07xDolp4u+Jnwk0G61bQdRgeOaw1nTLfUHvtNvIXSW0vIYbiN1aMNXCdR+6v7C/8AwQk/Ym/YV+L8n7RPhofE34zftAjTpdK0/wCLPx18can8QPEWg2dxb/Zbn/hHm1Zpzplzc2u61luxPNP9lZreJoo2dWAP2joAKAP/0P7+KACgDw7W/wBmL9mzxLq2o6/4j/Z6+B3iDXdXu5r/AFbWtb+E3gLVdW1S+uHMlxe6jqV9oE95e3c8jNJNcXM0s0rsWkkZiWoA9W8O+GvDng/RbDw34S0DRPC/h3SoBbaXoPh3SrHRNF022Xlbew0vTYLaxs4FJJEVvBHGM8KMncAbdABQAUAfGf7a3/Ip/BH/ALOe+DH/AKdNRr77w+/33iL/ALI/P/8A01RPjuM/91yT/sp8l/8ATtQ+zK+BPsTm9U8G+Edc1fSfEGteFvDur69oJZtD1rU9F06+1XR2cksdL1C5tpruwLFmJNrLFyxPJYle2hmWY4XD4jB4bH4zD4TFpLFYWhia1LD4m23t6NOap1bWX8SMtltY4q+W5fisRh8XicDg8Ri8I28Lia+Go1cRh2739hWnF1KV7t+5Ja373NbU9M03WrC70rWNPstV0u/he2vtN1K0gvrC9t5BiSC6s7lJLe4hccPFKjo3cHArnoV6+FrU8Rhq1XD16M1UpV6FSdKrSnHadOpBxnCS6Si010OivQoYmjUw+Jo0sRQrRcKtGtThVpVIPeFSnNShOL6xkmn1Kfh/w34e8J6VbaF4W0LR/DeiWZkNppGhabZ6TplsZpHmmMFjYRQWsTTTO8srJEpkld5Hy7E1rjMbjMwxE8Xj8XicbiqnL7TE4uvUxFefJHljz1asp1JcsUoxu9IpJaIzwmCweX4eGFwOFw+CwtPm9nh8LRp4ehT5pOUuSlSjGnHmk3KVoq8m27t3NquU6QoA4nxT8NPhz451Lw5rPjXwD4M8X6x4PvhqnhPVfE/hfRNe1HwxqSyQzLf+H73VLK5udHvFmt7eYXOny28wmgglDb4Y2UA7agAoAKAP/9H+/igAoAKACgAoAKACgD4z/bW/5FP4I/8AZz3wY/8ATpqNffeH3++8Rf8AZH5//wCmqJ8dxn/uuSf9lPkv/p2ofZlfAn2IUAFABQAUAFABQAUAFABQB//S/v4oAKACgAoAKACgAoA/O7/gov8AF74W/CnwF8JNS+JHxA8L+DItO+Onw88Ypba5qKW+oapo3hO8vLrWjpFiqyXF9c28M8ZSJEVZGOwSBgdv6J4dYbF18fnUcNhMTifrHDua5fGVCk5whiMZCnGgqsrqMIScHeTem+p8XxtWw9PCZVKtiKFD2GeZdjZKrUUJSoYWc5VnTj70pyUZK0UtdtdOX6k+BP7RvwV/aW8Jv42+CPxA0Px74fgujY31xpFxun02+VA7Weo2kqx3FpcBWDbZYwrDlHccr8hm2SZpkeIWFzTB1cJWceaCqR92cduaE03Ga9Hp1sfS5dmmAzWi6+AxNPE04y5ZOD1hL+WUXZp/0r7ntteUd4UAFABQAUAFABQAUAFAH//T/v4oAKACgAoAKACgAoA/zvP+Ds7xn8edO/aI1u20G58Q2/h7SfC/w0tfCj6eLkm38JaloL3fiW70xI1YKJfGTXltfXUCmVSgid1VAF/aMsq4zA+FbxWQOcMfVzepDNKuGV8TToc9aMdY3nFOmsOvKMr6c1z8xx1PC4rj9Uc45JYSnl0ZZfTxDSozquFJytze7fndfe95RtuouP0D/wAGj/jL436t438T2HiyTXZvDmqfCHWb/wAUvfrOkbalpni/T7XwFd6hE6IkeoXej3GtrDIypNcwwsX3bAKnimpisZ4b8PYzO3J5x/aFSnQnXjbE1cG/rHvTTtK3JHDyba+0m7N2HkEKGG43znC5Xb+zfqcJ1oUnzUKeK/c2UbXinzSrxVpfZa0Ssf3hV+Mn6aFABQAUAFABQAUAFABQB//U/v4oAKACgAoAKAPjH/got8TPGvwa/YP/AGvPit8ONam8N+PfAH7PnxR8UeEPEFskb3WieINK8K6jcaZqtqsqvEbqwuljubcyI6LNFGzKwBFAH8hn/BOfwL/wcBftwfsB+D/29Pgp/wAFUNT1bxZ4nm+JS6P8CPij4asL/TdZu/h1401/wpFpMWs2mlWtpBc69LoRlhlvJFtoRcpDJjG+gD9Bf+CbXxi+E/8AwcJfs5+NPCn7c/wrt/C37Wn7JPjS5+GvxG1PwU76BPNHdmV7DV7IMk5h0/Vbizv4NS0CcPbWurWF5JaOsMq7/puHeLM44YnW/s2rB0cTb2+GxFNVsPUa0UnTbilNLTmvqrJ2subw854ey3PY01jacva0b+yr0ZezrQT3iprVxe9naz1V7yR/QP8Ask/sTfAD9irwdf8Ag/4HeFpdKTWriK68Q6/qt0dT8Ra9PbqyWw1DUnjjZrazR2SztI0jht0ZgqMzO7ZcQ8T5txNiIYjM66kqMXChQpRVOhQi91TprRN2XM3zN230sXk2Q5dkVGdLAUpRdWXNVq1Je0rVWtuebSbSu7K2nnc+ta+ePZCgAoAKACgAoAKACgAoA//V/v4oAKACgAoAKAPz1/4Kzf8AKMv9u3/s134wf+ofqVAH85f/AAQI/wCCq/7Bf7EH/BEP4NWX7QX7RfgHwl448C6r8ftZv/hidTF18QdQe8+L/jfWNG03TfD0Mb3E1/rdldWkunI7RpLHdRSFwmdoB2f/AAah/CL4k64n/BQH9vPxh4O1bwT4R/bE+N8d98NbDVoJrB9V8PeGtX8V6xc61Y6fMkbDT31LxbdabBeqgju306Qws8KI7AH9hdABQAUAFABQAUAFABQAUAFAH//W/v4oAKACgAoAKAOU8deBvCPxN8F+Kvh34+0DT/FXgjxx4f1Xwr4t8NatEZtM13w9rllNp2raVfRK8bPbX1lcTW8oSSNwjko6uAygH5n+Ev8Aghr/AMEj/A2rwa94W/YJ+AemarbSxTQ3TaDqd+EkhcSRt9n1PV721fa4DbXhKt0ZSOKAP1E0Hw/oXhXR9P8AD3hnRdK8PaDpNtFZaXouiafa6XpWnWkKhIray0+yigtbWCNQFSKGJUUdAMkUAa9ABQAUAFABQAUAFABQAUAFAH//1/7+KACgAoAKACgAoAKACgAoAKACgAoAKACgAoAKACgAoA//2Q==</file>
    </generalfeedback>
    <defaultgrade>4.0000000</defaultgrade>
    <penalty>0.0000000</penalty>
    <hidden>0</hidden>
    <idnumber></idnumber>
    <correctfeedback format="html">
      <text>Vaše odpověď je správná.</text>
    </correctfeedback>
    <partiallycorrectfeedback format="html">
      <text>Vaše odpověď je částečně správná.</text>
    </partiallycorrectfeedback>
    <incorrectfeedback format="html">
      <text>Vaše odpověď je chybná.</text>
    </incorrectfeedback>
    <shownumcorrect/>
<varsrandom><text>a={0, 1,2,3,4,5}; b={ 0, 1,2,3,4,5};
h={0.25, 0.4, 0.5, 0.6}</text>
</varsrandom>
<varsglobal><text>X=[a,a+h,a+2*h, a+2*h+0.5*h];
Y=[b,b+h,b+2*h, b+2*h+0.25*h];
#f=2x
#okraj x+y</text>
</varsglobal>
<answernumbering><text>abc</text>
</answernumbering>
<answers>
 <partindex>
  <text>0</text>
 </partindex>
 <placeholder>
  <text></text>
 </placeholder>
 <answermark>
  <text>1</text>
 </answermark>
 <answertype>
  <text>10</text>
 </answertype>
 <numbox>
  <text>12</text>
 </numbox>
 <vars1>
  <text></text>
 </vars1>
 <answer>
  <text>[X[1], Y[0], 0, X[1], Y[1], 1, X[1], Y[2], 2, X[1], Y[3], 0]</text>
 </answer>
 <vars2>
  <text></text>
 </vars2>
 <correctness>
  <text><![CDATA[_relerr < 0.01]]></text>
 </correctness>
 <unitpenalty>
  <text>1</text>
 </unitpenalty>
 <postunit>
  <text></text>
 </postunit>
 <ruleid>
  <text>1</text>
 </ruleid>
 <otherrule>
  <text></text>
 </otherrule>
 <subqtext format="html">
<text><![CDATA[<p><br></p><p><br></p><p><b>a)</b> Doplňte souřadnice bodů \(Q_1,\ P_1,\ P_2,\ Q_2\) a u každého bodu uveďte, zda je regulárním, neregulárním nebo hraničním uzlem sítě.</p><p>Pro hraniční uzel zadejte 0, pro regulární uzel zadejte 1, pro neregulární uzel zadejte 2.<br></p><p>\(Q_1 = \)[{_0}, {_1}], typ {_2}</p><p>\(P_1 = \)[{_3}, {_4}], typ {_5}</p><p>\(P_2 = \)[{_6}, {_7}], typ {_8}</p><p>\(Q_2 = \)[{_9}, {_10}], typ {_11}<br></p>]]></text>
 </subqtext>
 <feedback format="html">
<text></text>
 </feedback>
 <correctfeedback format="html">
<text></text>
 </correctfeedback>
 <partiallycorrectfeedback format="html">
<text></text>
 </partiallycorrectfeedback>
 <incorrectfeedback format="html">
<text></text>
 </incorrectfeedback>
</answers>
<answers>
 <partindex>
  <text>1</text>
 </partindex>
 <placeholder>
  <text></text>
 </placeholder>
 <answermark>
  <text>1</text>
 </answermark>
 <answertype>
  <text>0</text>
 </answertype>
 <numbox>
  <text>5</text>
 </numbox>
 <vars1>
  <text></text>
 </vars1>
 <answer>
  <text>[4, -1, -1, 0 ,2*X[1]*h*h+X[1]+Y[0]+X[0]+Y[1]]</text>
 </answer>
 <vars2>
  <text></text>
 </vars2>
 <correctness>
  <text><![CDATA[_relerr < 0.01]]></text>
 </correctness>
 <unitpenalty>
  <text>1</text>
 </unitpenalty>
 <postunit>
  <text></text>
 </postunit>
 <ruleid>
  <text>1</text>
 </ruleid>
 <otherrule>
  <text></text>
 </otherrule>
 <subqtext format="html">
<text><![CDATA[<p><b><br></b></p><p><b>b)</b> Doplňte koeficienty do tří uvedených rovnic pro řešení úlohy metodou sítí. V rovnicích je použito označení neznámých U\(_i\) tak, že neznámá U\(_i\) odpovídá hledané hodnotě aproximace řešení v bodě \(P_i, i=1,\dots 4\),&nbsp;</p><p>1. <b>rovnice&nbsp; pro uzel</b> \(P_1\):&nbsp;&nbsp; {_0}U\(_1 +\)({_1})U\(_2 +\)({_2})U\(_3 +\){_3}U\(_4=\) {_4}<br></p>]]></text>
 </subqtext>
 <feedback format="html">
<text></text>
 </feedback>
 <correctfeedback format="html">
<text></text>
 </correctfeedback>
 <partiallycorrectfeedback format="html">
<text></text>
 </partiallycorrectfeedback>
 <incorrectfeedback format="html">
<text></text>
 </incorrectfeedback>
</answers>
<answers>
 <partindex>
  <text>2</text>
 </partindex>
 <placeholder>
  <text></text>
 </placeholder>
 <answermark>
  <text>1</text>
 </answermark>
 <answertype>
  <text>0</text>
 </answertype>
 <numbox>
  <text>5</text>
 </numbox>
 <vars1>
  <text></text>
 </vars1>
 <answer>
  <text>[-0.25, 1.25 , 0, 0, X[1]+Y[3]]</text>
 </answer>
 <vars2>
  <text></text>
 </vars2>
 <correctness>
  <text><![CDATA[_relerr < 0.01]]></text>
 </correctness>
 <unitpenalty>
  <text>1</text>
 </unitpenalty>
 <postunit>
  <text></text>
 </postunit>
 <ruleid>
  <text>1</text>
 </ruleid>
 <otherrule>
  <text></text>
 </otherrule>
 <subqtext format="html">
<text><![CDATA[<p>2. <b>rovnice pro uzel \(P_2\)</b>:&nbsp;&nbsp; {_0}U\(_1 +\)({_1})U\(_2 +\)({_2})U\(_3 +\){_3}U\(_4=\) {_4}<br></p>]]></text>
 </subqtext>
 <feedback format="html">
<text></text>
 </feedback>
 <correctfeedback format="html">
<text></text>
 </correctfeedback>
 <partiallycorrectfeedback format="html">
<text></text>
 </partiallycorrectfeedback>
 <incorrectfeedback format="html">
<text></text>
 </incorrectfeedback>
</answers>
<answers>
 <partindex>
  <text>3</text>
 </partindex>
 <placeholder>
  <text></text>
 </placeholder>
 <answermark>
  <text>1</text>
 </answermark>
 <answertype>
  <text>0</text>
 </answertype>
 <numbox>
  <text>5</text>
 </numbox>
 <vars1>
  <text></text>
 </vars1>
 <answer>
  <text>[-0.5, 0, 1.5, 0, X[3] +Y[1] ]</text>
 </answer>
 <vars2>
  <text></text>
 </vars2>
 <correctness>
  <text><![CDATA[_relerr < 0.01]]></text>
 </correctness>
 <unitpenalty>
  <text>1</text>
 </unitpenalty>
 <postunit>
  <text></text>
 </postunit>
 <ruleid>
  <text>1</text>
 </ruleid>
 <otherrule>
  <text></text>
 </otherrule>
 <subqtext format="html">
<text><![CDATA[<p>3. <b>rovnice pro uzel</b> \(P_3\):&nbsp;&nbsp; {_0}U\(_1 +\)({_1})U\(_2 +\)({_2})U\(_3 +\){_3}U\(_4=\) {_4}<br></p>]]></text>
 </subqtext>
 <feedback format="html">
<text></text>
 </feedback>
 <correctfeedback format="html">
<text></text>
 </correctfeedback>
 <partiallycorrectfeedback format="html">
<text></text>
 </partiallycorrectfeedback>
 <incorrectfeedback format="html">
<text></text>
 </incorrectfeedback>
</answers>
    <hint format="html">
      <text><![CDATA[<p>--<br></p>]]></text>
    </hint>
    <hint format="html">
      <text><![CDATA[<p>--<br></p>]]></text>
    </hint>
  </question>

<!-- question: 152480  -->
  <question type="formulas">
    <name>
      <text>Rovnice vedení tepla explicitní  (bez ověřování souhlasu) (od Marty Čertíkové)</text>
    </name>
    <questiontext format="html">
      <text><![CDATA[<p>Je dána <b>smíšená úloha pro rovnici vedení tepla:</b> $$\frac{\partial u}{\partial t} ={{p}}\frac{\partial^2 u}{\partial x^2} + {{f}} \ \mbox{ v oblasti } \Omega = \{[x,t]:\ x\in({a},{b}),\ t&gt;0\}$$ s počáteční podmínkou \( u(x,0) = 2(x-{a}),\ x\in\langle {a},\ {b}\rangle \) <br></p><p>a okrajovými podmínkami \( u({a},t) = {{alpha}},\ u({b},t) = {h10}-{{alpha}},\ t\geq 0\).</p><p><b>a) </b>Ověřte, zda jsou splněny <b>podmínky souhlasu</b>. Do odevzdávaného postupu řešení zapište jaké podmínky ověřujete, uveďte, jaké hodnoty porovnáváte a zda jsou podmínky souhlasu splněny.<br></p>]]></text>
    </questiontext>
    <generalfeedback format="html">
      <text><![CDATA[<p>Přibližnou hodnotu řešení \(U_A\) v bodě \(A\) určíme pomocí explicitního schématu <br></p><p>$$U_A = \frac{p\tau}{h^2}U_B + \left(1 - 2 \frac{p\tau}{h^2}\right) U_C + \frac{p\tau}{h^2}U_D + \tau f(C),$$</p><p>kde \(U_B,\ U_C,\ U_D\) jsou hodnoty na nulté časové vrstvě. Ty určíme z počáteční podmínky \(U_i^0 = 2(x-{a})\).<br></p><p>Pro zadanou úlohu je \(p={p}\), jsou zvolené kroky \(h={h}, \tau = {tau}\), tedy \(\displaystyle \frac{p\tau}{h^2} = {sig}\). <br></p>]]></text>
<file name="explicitni1_moodle.jpg" path="/" encoding="base64">/9j/4AAQSkZJRgABAQAASABIAAD/4QBMRXhpZgAATU0AKgAAAAgAAgESAAMAAAABAAEAAIdpAAQAAAABAAAAJgAAAAAAAqACAAQAAAABAAAB/6ADAAQAAAABAAAA6AAAAAD/4QkhaHR0cDovL25zLmFkb2JlLmNvbS94YXAvMS4wLwA8P3hwYWNrZXQgYmVnaW49Iu+7vyIgaWQ9Ilc1TTBNcENlaGlIenJlU3pOVGN6a2M5ZCI/PiA8eDp4bXBtZXRhIHhtbG5zOng9ImFkb2JlOm5zOm1ldGEvIiB4OnhtcHRrPSJYTVAgQ29yZSA1LjQuMCI+IDxyZGY6UkRGIHhtbG5zOnJkZj0iaHR0cDovL3d3dy53My5vcmcvMTk5OS8wMi8yMi1yZGYtc3ludGF4LW5zIyI+IDxyZGY6RGVzY3JpcHRpb24gcmRmOmFib3V0PSIiLz4gPC9yZGY6UkRGPiA8L3g6eG1wbWV0YT4gICAgICAgICAgICAgICAgICAgICAgICAgICAgICAgICAgICAgICAgICAgICAgICAgICAgICAgICAgICAgICAgICAgICAgICAgICAgICAgICAgICAgICAgICAgICAgICAgICAgICAgICAgICAgICAgICAgICAgICAgICAgICAgICAgICAgICAgICAgICAgICAgICAgICAgICAgICAgICAgICAgICAgICAgICAgICAgICAgICAgICAgICAgICAgICAgICAgICAgICAgICAgICAgICAgICAgICAgICAgICAgICAgICAgICAgICAgICAgICAgICAgICAgICAgICAgICAgICAgICAgICAgICAgICAgICAgICAgICAgICAgICAgICAgICAgICAgICAgICAgICAgICAgICAgICAgICAgICAgICAgICAgICAgICAgICAgICAgICAgICAgICAgICAgICAgICAgICAgICAgICAgICAgICAgICAgICAgICAgICAgICAgICAgICAgICAgICAgICAgICAgICAgICAgICAgICAgICAgICAgICAgICAgICAgICAgICAgICAgICAgICAgICAgICAgICAgICAgICAgICAgICAgICAgICAgICAgICAgICAgICAgICAgICAgICAgICAgICAgICAgICAgICAgICAgICAgICAgICAgICAgICAgICAgICAgICAgICAgICAgICAgICAgICAgICAgICAgICAgICAgICAgICAgICAgICAgICAgICAgICAgICAgICAgICAgICAgICAgICAgICAgICAgICAgICAgICAgICAgICAgICAgICAgICAgICAgICAgICAgICAgICAgICAgICAgICAgICAgICAgICAgICAgICAgICAgICAgICAgICAgICAgICAgICAgICAgICAgICAgICAgICAgICAgICAgICAgICAgICAgICAgICAgICAgICAgICAgICAgICAgICAgICAgICAgICAgICAgICAgICAgICAgICAgICAgICAgICAgICAgICAgICAgICAgICAgICAgICAgICAgICAgICAgICAgICAgICAgICAgICAgICAgICAgICAgICAgICAgICAgICAgICAgICAgICAgICAgICAgICAgICAgICAgICAgICAgICAgICAgICAgICAgICAgICAgICAgICAgICAgICAgICAgICAgICAgICAgICAgICAgICAgICAgICAgICAgICAgICAgICAgICAgICAgICAgICAgICAgICAgICAgICAgICAgICAgICAgICAgICAgICAgICAgICAgICAgICAgICAgICAgICAgICAgICAgICAgICAgICAgICAgICAgICAgICAgICAgICAgICAgICAgICAgICAgICAgICAgICAgICAgICAgICAgICAgICAgICAgICAgICAgICAgICAgICAgICAgICAgICAgICAgICAgICAgICAgICAgICAgICAgICAgICAgICAgICAgICAgICAgICAgICAgICAgICAgICAgICAgICAgICAgICAgICAgICAgICAgICAgICAgICAgICAgICAgICAgICAgICAgICAgICAgICAgICAgICAgICAgICAgICAgICAgICAgICAgICAgICAgICAgICAgICAgICAgICAgICAgICAgICAgICAgICAgICAgICAgICAgICAgICAgICAgICAgICAgICAgICAgICAgICAgICAgICAgICAgICAgICAgICAgICAgICAgICAgICAgICAgICAgICAgICAgICAgICAgICAgICAgICAgICAgICAgICAgICAgICAgICAgICAgICAgICAgICAgICAgICAgICAgICAgICAgICAgICAgICAgICAgICAgICAgICAgICAgICAgICAgICAgICAgICAgICAgICAgICAgICAgICAgICAgICAgICAgICAgICAgICAgICAgICAgICAgICAgICAgICAgICAgICAgICAgICAgICAgICAgICAgICAgICAgICAgICAgICAgICAgICAgICAgICAgICAgICAgICAgICAgICAgICAgICAgICAgICAgICAgICAgICAgICAgICAgICAgICAgICAgICAgICAgICAgICAgICAgICAgICAgICAgICAgICAgICAgICAgICAgICAgICAgICAgICAgICAgICAgICAgICAgICAgICAgICAgICAgICAgICAgICAgICAgICAgICAgICAgICAgICAgICAgICAgICAgICAgICAgICAgICAgICAgICAgICAgICAgICAgICAgICAgICAgICAgICAgICAgICAgICAgICAgICAgICAgICAgICAgICAgICAgICAgICAgICAgICAgICAgICAgICAgICAgICAgICAgICAgICAgICAgICAgICAgICAgICAgICAgICAgICAgICAgICAgICAgICAgICAgICAgICAgICAgICAgICAgICAgICAgICAgICAgICAgICAgICAgICAgICAgICAgICAgICAgICAgICAgICAgICAgICAgICAgICAgICAgICAgICAgICAgICAgICAgICAgICAgICAgICAgICAgICAgICAgICAgICAgICAgICAgICAgICAgICAgICAgICAgICAgICAgICAgICAgICAgICAgICAgICAgICAgICAgICAgICAgICAgICAgICAgICAgICAgICAgICA8P3hwYWNrZXQgZW5kPSJ3Ij8+AP/tADhQaG90b3Nob3AgMy4wADhCSU0EBAAAAAAAADhCSU0EJQAAAAAAENQdjNmPALIE6YAJmOz4Qn7/4htESUNDX1BST0ZJTEUAAQEAABs0YXBwbAIQAABtbnRyUkdCIFhZWiAH5AABAAEACAAyADRhY3NwQVBQTAAAAABBUFBMAAAAAAAAAAAAAAAAAAAAAAAA9tYAAQAAAADTLWFwcGwAAAAAAAAAAAAAAAAAAAAAAAAAAAAAAAAAAAAAAAAAAAAAAAAAAAAAAAAAAAAAABFkZXNjAAABUAAAAGJkc2NtAAABtAAABDZjcHJ0AAAF7AAAACN3dHB0AAAGEAAAABRyWFlaAAAGJAAAABRnWFlaAAAGOAAAABRiWFlaAAAGTAAAABRyVFJDAAAGYAAACAxhYXJnAAAObAAAACB2Y2d0AAAOjAAABhJuZGluAAAUoAAABj5jaGFkAAAa4AAAACxtbW9kAAAbDAAAAChiVFJDAAAGYAAACAxnVFJDAAAGYAAACAxhYWJnAAAObAAAACBhYWdnAAAObAAAACBkZXNjAAAAAAAAAAhEaXNwbGF5AAAAAAAAAAAAAAAAAAAAAAAAAAAAAAAAAAAAAAAAAAAAAAAAAAAAAAAAAAAAAAAAAAAAAAAAAAAAAAAAAAAAAAAAAAAAAAAAAAAAAAAAAAAAbWx1YwAAAAAAAAAjAAAADGhySFIAAAAUAAABtGtvS1IAAAAMAAAByG5iTk8AAAASAAAB1GlkAAAAAAASAAAB5mh1SFUAAAAUAAAB+GNzQ1oAAAAWAAACDGRhREsAAAAcAAACIm5sTkwAAAAWAAACPmZpRkkAAAAQAAACVGl0SVQAAAAUAAACZHJvUk8AAAASAAACeGVzRVMAAAASAAACeGFyAAAAAAAUAAACinVrVUEAAAAcAAACnmhlSUwAAAAWAAACunpoVFcAAAAMAAAC0HZpVk4AAAAOAAAC3HNrU0sAAAAWAAAC6npoQ04AAAAMAAAC0HJ1UlUAAAAkAAADAGZyRlIAAAAWAAADJG1zAAAAAAASAAADOmhpSU4AAAASAAADTHRoVEgAAAAMAAADXmNhRVMAAAAYAAADamVzWEwAAAASAAACeGRlREUAAAAQAAADgmVuVVMAAAASAAADknB0QlIAAAAYAAADpHBsUEwAAAASAAADvGVsR1IAAAAiAAADznN2U0UAAAAQAAAD8HRyVFIAAAAUAAAEAHB0UFQAAAAWAAAEFGphSlAAAAAMAAAEKgBMAEMARAAgAHUAIABiAG8AagBpzuy37AAgAEwAQwBEAEYAYQByAGcAZQAtAEwAQwBEAEwAQwBEACAAVwBhAHIAbgBhAFMAegDtAG4AZQBzACAATABDAEQAQgBhAHIAZQB2AG4A/QAgAEwAQwBEAEwAQwBEAC0AZgBhAHIAdgBlAHMAawDmAHIAbQBLAGwAZQB1AHIAZQBuAC0ATABDAEQAVgDkAHIAaQAtAEwAQwBEAEwAQwBEACAAYwBvAGwAbwByAGkATABDAEQAIABjAG8AbABvAHIgDwBMAEMARAAgBkUGRAZIBkYGKQQaBD4EOwRMBD4EQAQ+BDIEOAQ5ACAATABDAEQgDwBMAEMARAAgBeYF0QXiBdUF4AXZX2mCcgAgAEwAQwBEAEwAQwBEACAATQDgAHUARgBhAHIAZQBiAG4A/QAgAEwAQwBEBCYEMgQ1BEIEPQQ+BDkAIAQWBBoALQQ0BDgEQQQ/BDsENQQ5AEwAQwBEACAAYwBvAHUAbABlAHUAcgBXAGEAcgBuAGEAIABMAEMARAkwCQIJFwlACSgAIABMAEMARABMAEMARAAgDioONQBMAEMARAAgAGUAbgAgAGMAbwBsAG8AcgBGAGEAcgBiAC0ATABDAEQAQwBvAGwAbwByACAATABDAEQATABDAEQAIABDAG8AbABvAHIAaQBkAG8ASwBvAGwAbwByACAATABDAEQDiAOzA8cDwQPJA7wDtwAgA78DuAPMA70DtwAgAEwAQwBEAEYA5AByAGcALQBMAEMARABSAGUAbgBrAGwAaQAgAEwAQwBEAEwAQwBEACAAYQAgAEMAbwByAGUAczCrMOkw/ABMAEMARAAAdGV4dAAAAABDb3B5cmlnaHQgQXBwbGUgSW5jLiwgMjAyMAAAWFlaIAAAAAAAAPNSAAEAAAABFs9YWVogAAAAAAAAYWwAADgyAAAKQlhZWiAAAAAAAABvHAAArpUAABaZWFlaIAAAAAAAACZOAAAZOQAAslJjdXJ2AAAAAAAABAAAAAAFAAoADwAUABkAHgAjACgALQAyADYAOwBAAEUASgBPAFQAWQBeAGMAaABtAHIAdwB8AIEAhgCLAJAAlQCaAJ8AowCoAK0AsgC3ALwAwQDGAMsA0ADVANsA4ADlAOsA8AD2APsBAQEHAQ0BEwEZAR8BJQErATIBOAE+AUUBTAFSAVkBYAFnAW4BdQF8AYMBiwGSAZoBoQGpAbEBuQHBAckB0QHZAeEB6QHyAfoCAwIMAhQCHQImAi8COAJBAksCVAJdAmcCcQJ6AoQCjgKYAqICrAK2AsECywLVAuAC6wL1AwADCwMWAyEDLQM4A0MDTwNaA2YDcgN+A4oDlgOiA64DugPHA9MD4APsA/kEBgQTBCAELQQ7BEgEVQRjBHEEfgSMBJoEqAS2BMQE0wThBPAE/gUNBRwFKwU6BUkFWAVnBXcFhgWWBaYFtQXFBdUF5QX2BgYGFgYnBjcGSAZZBmoGewaMBp0GrwbABtEG4wb1BwcHGQcrBz0HTwdhB3QHhgeZB6wHvwfSB+UH+AgLCB8IMghGCFoIbgiCCJYIqgi+CNII5wj7CRAJJQk6CU8JZAl5CY8JpAm6Cc8J5Qn7ChEKJwo9ClQKagqBCpgKrgrFCtwK8wsLCyILOQtRC2kLgAuYC7ALyAvhC/kMEgwqDEMMXAx1DI4MpwzADNkM8w0NDSYNQA1aDXQNjg2pDcMN3g34DhMOLg5JDmQOfw6bDrYO0g7uDwkPJQ9BD14Peg+WD7MPzw/sEAkQJhBDEGEQfhCbELkQ1xD1ERMRMRFPEW0RjBGqEckR6BIHEiYSRRJkEoQSoxLDEuMTAxMjE0MTYxODE6QTxRPlFAYUJxRJFGoUixStFM4U8BUSFTQVVhV4FZsVvRXgFgMWJhZJFmwWjxayFtYW+hcdF0EXZReJF64X0hf3GBsYQBhlGIoYrxjVGPoZIBlFGWsZkRm3Gd0aBBoqGlEadxqeGsUa7BsUGzsbYxuKG7Ib2hwCHCocUhx7HKMczBz1HR4dRx1wHZkdwx3sHhYeQB5qHpQevh7pHxMfPh9pH5Qfvx/qIBUgQSBsIJggxCDwIRwhSCF1IaEhziH7IiciVSKCIq8i3SMKIzgjZiOUI8Ij8CQfJE0kfCSrJNolCSU4JWgllyXHJfcmJyZXJocmtyboJxgnSSd6J6sn3CgNKD8ocSiiKNQpBik4KWspnSnQKgIqNSpoKpsqzysCKzYraSudK9EsBSw5LG4soizXLQwtQS12Last4S4WLkwugi63Lu4vJC9aL5Evxy/+MDUwbDCkMNsxEjFKMYIxujHyMioyYzKbMtQzDTNGM38zuDPxNCs0ZTSeNNg1EzVNNYc1wjX9Njc2cjauNuk3JDdgN5w31zgUOFA4jDjIOQU5Qjl/Obw5+To2OnQ6sjrvOy07azuqO+g8JzxlPKQ84z0iPWE9oT3gPiA+YD6gPuA/IT9hP6I/4kAjQGRApkDnQSlBakGsQe5CMEJyQrVC90M6Q31DwEQDREdEikTORRJFVUWaRd5GIkZnRqtG8Ec1R3tHwEgFSEtIkUjXSR1JY0mpSfBKN0p9SsRLDEtTS5pL4kwqTHJMuk0CTUpNk03cTiVObk63TwBPSU+TT91QJ1BxULtRBlFQUZtR5lIxUnxSx1MTU19TqlP2VEJUj1TbVShVdVXCVg9WXFapVvdXRFeSV+BYL1h9WMtZGllpWbhaB1pWWqZa9VtFW5Vb5Vw1XIZc1l0nXXhdyV4aXmxevV8PX2Ffs2AFYFdgqmD8YU9homH1YklinGLwY0Njl2PrZEBklGTpZT1lkmXnZj1mkmboZz1nk2fpaD9olmjsaUNpmmnxakhqn2r3a09rp2v/bFdsr20IbWBtuW4SbmtuxG8eb3hv0XArcIZw4HE6cZVx8HJLcqZzAXNdc7h0FHRwdMx1KHWFdeF2Pnabdvh3VnezeBF4bnjMeSp5iXnnekZ6pXsEe2N7wnwhfIF84X1BfaF+AX5ifsJ/I3+Ef+WAR4CogQqBa4HNgjCCkoL0g1eDuoQdhICE44VHhauGDoZyhteHO4efiASIaYjOiTOJmYn+imSKyoswi5aL/IxjjMqNMY2Yjf+OZo7OjzaPnpAGkG6Q1pE/kaiSEZJ6kuOTTZO2lCCUipT0lV+VyZY0lp+XCpd1l+CYTJi4mSSZkJn8mmia1ZtCm6+cHJyJnPedZJ3SnkCerp8dn4uf+qBpoNihR6G2oiailqMGo3aj5qRWpMelOKWpphqmi6b9p26n4KhSqMSpN6mpqhyqj6sCq3Wr6axcrNCtRK24ri2uoa8Wr4uwALB1sOqxYLHWskuywrM4s660JbSctRO1irYBtnm28Ldot+C4WbjRuUq5wro7urW7LrunvCG8m70VvY++Cr6Evv+/er/1wHDA7MFnwePCX8Lbw1jD1MRRxM7FS8XIxkbGw8dBx7/IPci8yTrJuco4yrfLNsu2zDXMtc01zbXONs62zzfPuNA50LrRPNG+0j/SwdNE08bUSdTL1U7V0dZV1tjXXNfg2GTY6Nls2fHadtr724DcBdyK3RDdlt4c3qLfKd+v4DbgveFE4cziU+Lb42Pj6+Rz5PzlhOYN5pbnH+ep6DLovOlG6dDqW+rl63Dr++yG7RHtnO4o7rTvQO/M8Fjw5fFy8f/yjPMZ86f0NPTC9VD13vZt9vv3ivgZ+Kj5OPnH+lf65/t3/Af8mP0p/br+S/7c/23//3BhcmEAAAAAAAMAAAACZmYAAPKnAAANWQAAE9AAAApbdmNndAAAAAAAAAAAAAMBAAACAAAAVgEuAesCxAODBFMFQAYnBxoIGAkfCj0LTgxrDZAOuQ/sES0SZROjFOMWKhd5GL8aDxtXHKQd8x88IIQhzSMRJFIljSbLKAApMypmK5csyi33LygwUTGAMqsz1TUCNjE3XTiKObY64TwNPTg+YD+JQLFB3EMIRDZFY0aQR7hI3koBSyRMR01qTo9PtFDYUfhTFlQzVU9WbVeNWK5Zy1rhW/Bc9137XwBgCmEZYi1jQWRSZV9mZWdhaFNpPGogawFr4Gy/baBug29ocFBxOHIgcwhz73TWdb52qHeTeH55bHpZe0l8PX03fjZ/OYBBgUuCV4NlhHSFhYaUh6SIs4nAisyL1ozfjeeO7Y/ykPWR9pL1k/WU+pYElxWYLJlHmmObf5yYna6ev5/LoNSh2qLgo+mk9KYDpxWoKqlCqlyrd6yUrbKu0a/xsRGyM7NTtHO1kLapt7q4wbnDusC7u7y1va++qb+jwJ3BlcKKw3zEasVTxjbHGMf5yODJz8rGy8PMwc28zq/PmNBz0UPSDdLT05vUZtU11gXW19eo2HbZQNoG2sfbgNw13Ofdkd473uPfjeA74Ovhn+JS4wPjr+RV5PnllOYs5r/nUufk6IXpL+nk6qjrbuwz7PXtr+5j7xHvtfBQ8ObxfPIX8sbzj/Ru9WH2ZveK+OT6xf0u//8AAABWASMBsAJqAzID6ASxBYAGWAc9CC0JJwonCyIMMA06DlEPYxB+EZ8SvhPpFRAWOBdhGIgZtBreHAsdMx5bH4AgoSG/Itsj9SULJh8nNShJKWAqeSuTLLEtzC7oMAQxITI8M1o0dDWLNqQ3uTjNOeI69DwGPRs+MT9NQGxBj0KwQ9BE7UYIRx1IMklFSlVLY0xuTXhOfk+DUIVRhlKIU4pUjFWKVoRXeVhoWVRaRFs/XEZdWl53X5VgsGHCYspjxWS1ZZxme2dXaDBpDGnsatBrumypbZtuj2+CcHJxXHJAcx9z+3TVda12hndieEV5MHokex18GX0VfhB/Bn/2gOKByoKxg5WEd4VdhkqHRIhMiWGKgYuljMaN3o7uj/WQ95H1kvOT8JTtleyW7pf4mRCaOZtunKadzp7jn+mg5aHfotmj0aTIpb6mvKfKqO2qIatdrJyt2a8UsE6xiLLCs/m1LrZkt5u40roFuzS8X72Fvqa/vMC+warCkMN9xHfFgMaPx53Io8meyo7LdcxTzS3OBM7az7LQi9Fq0lHTRdRF1VHWYtd12ITZh9p922bcQ90a3ezeud+H4FjhLeII4ubjw+Sd5XHmQOcM59Too+l/6mnrZOxo7W3ucO9w8HDxcvJ283n0d/Vp9kf3D/ez+EX4y/la+e360PwM/dr//wAAACsAxAFLAdgCZQMGA48EKwTPBXoGLwbpB6UIaAkvCfkKygufDHcNUg4yDw4P9hDZEcASqROTFH0VZxZSFz0YKRkVGfwa6BvSHL4drh6jH5sgliGUIo8jhiR2JWEmRScgJ/gozCmfKnMrSCwhLQIt6S7XL8gwujGqMpgzgDRgNTk2BjbPN5U4WDkZOdk6nTtkPDI9Bj3ePrY/j0BoQURCJkMQRABE80XnRtZHu0iWSWVKJUrgS5hMT00HTcNOg09JUBhQ6lG+UpNTaFQ7VQ1V3latV3xYSlkVWd9aqFtvXDVc+V29XoBfQ2AIYNFhnGJrYzxkDGTaZadmcWc4Z/xov2mAakBrAGvAbIFtQ24EbsVvhXBBcPhxq3JZcwFzqXRPdPR1mHY8dt53gHgdeL15YHoWetp7q3yDfVh+KH72f8OAk4FngkSDKoQYhQuGAIb0h+OIzYmvioyLYYw0jQeN2o6wj4qQa5FHkhKSxpNbk+yUepVBlkKXiJkImoqb5J0ZnjKfOaA5oTWiL6MopCGlGaYRpwqoCakPqiGrPaxgrYeura/TsPyyKLNatJK10bcUuFm5nLrXvAW9Kb5Hv2LAf8Gewr7D38T/xiHHQ8hnyYzKscvWzP3OKc9b0JfR3tMy1I3V7tdT2LnaIduV3S/fDuF35Ivoee1O8vb5Uf//AABuZGluAAAAAAAABjYAAJOVAABWjQAAVukAAJG3AAAmuwAAFwoAAFANAABUOQACh64AAkeuAAFrhQADAQAAAgAAAAEABAAIAA8AFgAfACkANABAAEwAWgBpAHgAiQCaAKwAvgDSAOYA/AESASkBQAFZAXMBjQGpAcUB4wIBAiECQgJkAocCrALSAvoDIwNNA3oDqAPXBAgEOgRtBKME2QUSBUsFhgXDBgEGQAaABsIHBQdKB5AH2AghCGwIuQkHCVcJqAn6Ck0KoQr3C04LqAwEDGIMww0lDYkN7g5UDrwPJQ+REAAQcRDkEVkRzxJGEr0TOBO2FDoUwxVSFeMWdRcGF5YYJhi4GU4Z6BqIGzEb4xyfHWIeKx74H8YglSFkIjQjBiPbJLMljyZsJ0soKykNKfAq1Su7LJ4tfi5cLzkwFDDwMc0yqjOJNGg1SjYuNxU3/zjtOd460jvKPMU9xD7HP85A2kHoQvZEAEUGRghHCEgISQlKDEsUTCFNNE5OT25QlFG8UuVUDVU0VllXfVigWcRa51wLXTBeVl98YKRhzmL4ZCRlU2aFZ7xo+mpDa5ls+W5jb9JxRnK8dDR1r3cteLF6PHvQfW9/HIDWgpSETIX2h5SJLIrFjGWOFY/fkc2T3ZX/mCCaOZxMnl+geaKgpNqnLamgrDCu4LGhtF63C7muvF2/K8IfxUbIoswMzyjR9tSR1yjZ0dye35fi0uZg6fntEu+s8gD0MPY59//5ivq4+9T8u/2j/nD/N///AAAAAQAFAAoAEgAbACYAMgA/AE0AXABtAH4AkQCkALkAzwDlAP0BFgEvAUoBZgGDAaIBwQHiAgQCJwJMAnICmgLDAu8DHANLA3wDrwPkBBoEUgSLBMUFAQU9BXsFuwX8Bj8GgwbJBxAHWQelB/IIQQiTCOYJOwmTCewKRgqhCvwLWAu0DBIMcgzUDTkNoA4LDngO5w9ZD84QRhDAET4RvxJDEsoTUxPdFGoU+hWPFioWyxdxGBYYthlRGeYaeRsNG6QcQBzkHZEeSh8OH90gsyGOImkjQiQYJOslvSaQJ2YoQiklKhIrCCwFLQguDi8SMBExCDH5Mugz1zTKNcE2wTfKONs58jsOPDA9UT5pP3RAckFoQlhDR0Q5RTRGOEdHSF9JfkqhS8dM8E4bT0VQa1GGUpRTl1SVVZRWoFe/WPFaNVuAXM1eHl90YM9iI2NmZJVltWbOZ+Ro+2oWazNsVG12bppvwHDqchdzRnR2dad22ngQeU16j3vYfSZ+fX/jgWeDEITKhnSIBomHiwSMiI4bj8ORgpNYlUOXO5k7mzudOZ8poQSixqR2phunvaliqxWs3a7FsM+y9bUxt3y5y7wPvkTAcsKmxOnHQsmyzDHOnNDd0vTU8dbn2OPa6Nz03wHhCuMU5STnSOmW7DfvivOm92z5zvuE/MP99P75//8AAAACAAgAEQAeAC0APgBRAGYAfQCWALAAzADqAQkBKwFNAXIBmAHAAeoCFgJEAnQCpgLaAxEDSQOEA8AD/QQ7BHoEugT8BUEFigXXBikGgQbdBz4HoggICG8I1Ak5CZ0KAgpqCtULRAu7DDkMwQ1QDeYOgg8hD8AQXBD2EZASLRLNE24UDRSoFUIV3BZ5Fx4XzhiOGWIaQhsqHBQc+x3dHrgfkiBtIUwiMCMYJAYk+SXxJu8n8yj9Kg4rJCxALWAugC+dMLgx0zLzNBo1STaCN8M5DDpcO7A9Bz5gP75BIkKTRBZFrkdaSRFK0UyaTm9QVVIyU9pVWlbMWEhZ01tmXPheg2ABYXBi1WQ3ZZxnCWiBagpro21NbwBwt3JvdB51w3d1eWR77n6kgHmB1oL8hAKFCIYQhzOIc4nUi1WM6Y6IkC6R2ZOIlTuW8Zipml6cCp2nnzegvaI/o8ClRKbKqFCp1KtUrNCuRq+5sSiyl7QItX22/LiJuia70L2CvzbA6cKcxE/GBMe7yXPLK8zkzp7QWNIU09LVj9dK2P/arNxP3ejfdeD94oLkA+WC5wLog+oE63/s7u5G73nwnfGN8nXzRPP39Kr1TvXb9mj29vd29+n4XPjP+UP5q/oN+nD60vs1+5j78fxJ/KL8+/1U/a3+A/5Y/qz/Af9V/6r//wAAc2YzMgAAAAAAAQxCAAAF3v//8yYAAAeSAAD9kf//+6L///2jAAAD3AAAwGxtbW9kAAAAAAAABhAAAJzfAAAAAMoq1YAAAAAAAAAAAAAAAAAAAAAA/8AAEQgA6AH/AwERAAIRAQMRAf/EAB8AAAEFAQEBAQEBAAAAAAAAAAABAgMEBQYHCAkKC//EALUQAAIBAwMCBAMFBQQEAAABfQECAwAEEQUSITFBBhNRYQcicRQygZGhCCNCscEVUtHwJDNicoIJChYXGBkaJSYnKCkqNDU2Nzg5OkNERUZHSElKU1RVVldYWVpjZGVmZ2hpanN0dXZ3eHl6g4SFhoeIiYqSk5SVlpeYmZqio6Slpqeoqaqys7S1tre4ubrCw8TFxsfIycrS09TV1tfY2drh4uPk5ebn6Onq8fLz9PX29/j5+v/EAB8BAAMBAQEBAQEBAQEAAAAAAAABAgMEBQYHCAkKC//EALURAAIBAgQEAwQHBQQEAAECdwABAgMRBAUhMQYSQVEHYXETIjKBCBRCkaGxwQkjM1LwFWJy0QoWJDThJfEXGBkaJicoKSo1Njc4OTpDREVGR0hJSlNUVVZXWFlaY2RlZmdoaWpzdHV2d3h5eoKDhIWGh4iJipKTlJWWl5iZmqKjpKWmp6ipqrKztLW2t7i5usLDxMXGx8jJytLT1NXW19jZ2uLj5OXm5+jp6vLz9PX29/j5+v/bAEMAAQEBAQEBAQEBAQEBAQEBAQEBAQEBAQEBAQEBAQEBAQEBAQEBAQEBAQEBAQEBAQEBAQEBAQEBAQEBAQEBAQEBAf/bAEMBAQEBAQEBAQEBAQEBAQEBAQEBAQEBAQEBAQEBAQEBAQEBAQEBAQEBAQEBAQEBAQEBAQEBAQEBAQEBAQEBAQEBAf/dAAQAQP/aAAwDAQACEQMRAD8A/v4oAKACgAoAKACgAoA8N+N7/E5P+FS/8Kz/ALS+b4x+GV8e/wBnRWcv/FvDofik619u+1o/l2H9pjQ/Okttt0JPIEbBGkVgD3KgAoAKACgAoAKACgAoAKACgAoAKACgAoAKACgAoA+X/H/wu8eeIP2tf2a/i5o9zbx/Dv4afCn9pvwn44tH1WW3ubnxD8T9S+AFz4Flg0dVMWpx20Hw+8YCe7lZX0s3ESxhv7RfaAfUFABQAUAFABQAUAFABQAUAFABQAUAFABQAUAFABQB4d4T8CeMtI+O3xb8e6nqUc/gvxf4d+H+m+F9NXUrqeWxv/D1nqEOuSyaZJGtpYC6luIGSW3kd7vYWmCFF3AHuNABQAUAFABQAUAFABQAUAFABQAUAFABQAUAFABQAUAFABQB/9D+/igAoAKACgAoAKACgDw343/E/W/hl/wqX+xNO0/UP+E++Mfhn4d6r/aCXT/YtH1rQ/FOp3N9ZfZZ4Nl9FPodrHE9wJ7YRzTB4Gco6gHuVABQAUAFABQAUAFABQAUAFABQAUAFABQAUAFABQB8yePdf8AjLZ/tX/s4eHPC8Guv8Ddc+Fn7S2ofF24tPDdrfeH4PG2g6l8BE+D0et+KZNLuLvw9fz2esfFA6Hpltq+mReI0h1eS5tdTOh27WAB9N0AFABQAUAFABQAUAFABQAUAFABQAUAFABQAUAFAHhvhPVPidcfHf4t6Vr0OpL8LtP8O/D6bwDNPpFrbaZJq93Z6i3ixbHWI7OK71OZLhLT7VBcXt0lkxRIY4A7BwD3KgAoAKACgAoAKACgAoAKACgAoAKACgAoAKACgAoAKACgAoA//9H+/igAoAKACgAoAKACgDy/4nfFLSvhf/wgH9q6dqGo/wDCwfiLovw407+zzbD7DqWt6XrmqQX979pmhzYwxaFcRy+R5tx5k0JSF1DlQD1CgAoAKACgAoAKACgAoAKACgAoAKACgAoAKACgAoA+bPHXxr13wr+1N+zv8B7TSNMufD3xj+GH7R/jnW9auDdf2tpWofBjUfgVZ6HZaaI5Vsza6snxV1d9TNzDLMG02w+yvEDcCUA+k6ACgAoAKACgAoAKACgAoAKACgAoAKACgAoAKACgDxTwt8UtQ8QfHD4rfCqbSbW3074e+HvAWs2WrRzTPd6lL4vtNQubmG4hZRDElm1mqQtEzNIHJkC4XcAe10AFABQAUAFABQAUAFABQAUAFABQAUAFABQAUAFABQAUAFAH/9L+/igAoAKACgAoAKACgDzH4mXfwytf+EC/4WWunN9o+Iei23gL+0La8udvxDfTNcfRWsvskU32e/GmR655Nxc+XapGZkklV3jDAHp1ABQAUAFABQAUAFABQAUAFABQAUAFABQAUAFABQB4l4r+K/gbw78e/g18HdW8P6hefEH4oeBPjV4v8FeJIdM0i403QtA+Fd78KLXxxpt/q1zfQ61ptzr8/wARfCMlha6Vp17Z6kui3ratcWL2GmrdgHttABQAUAFABQAUAFABQAUAFABQAUAFABQAUAFABQB5joPxG8L638UvH/w2sNMv4PFPgfR/Ceq+INTms7GLT7+z8UW93PpMNnexXcl/dS2kdrMtzHd2dtFAXUW7zBnZQD06gAoAKACgAoAKACgAoAKACgAoAKACgAoAKACgAoAKACgAoA//0/7+KACgAoAKACgAoAKAPMfiZ8OvC3xE/wCEC/4SjUtQ07/hCPiHo3jzw/8AYL6wsvt3iTSNM1zTrGwvPt1nefarGW11m/lltLP7LeySQRSRXUccUqSgHp1ABQAUAFABQAUAFABQAUAFABQAUAFABQAUAFABQB4f4st/gm/x/wDgvc+KjY/8L6g8B/G2P4NiW71yO/PgWe9+Ex+NBsrO0mXQLqAXkPwp+2za1BNf2rG0GiSQpcasJQD3CgAoAKACgAoA/Bj9iH/gs/4Y/az/AOCoH7aP7CMmm6bo/hr4R2un6r+zt4o+z3dtd/FPSPB7w+Ffi5qcF9cTCx1nSrbxcbfU/C9/pcCJeaHqvlnzm06a4lAP3noAKACgAoAKACgAoAKACgAoAKAPMdBg+GKfFHx9caCdNPxRm0fwmvj8QXV5JqS6PHb3g8J/brWWd7K3iNubv7K9rBE8q7jOzkIaAPTqACgAoAKACgAoAKACgAoAKACgAoAKACgAoAKACgAoAKACgD//1P7+KACgAoAKACgAoAKAPFPjR8K774pf8Kr+w6raaX/wr34ueHPiRd/aoZpv7Rs9D0XxPpUum23lf6q5nk16KWOaXMSpbyK3LIVAPa6ACgAoAKACgAoAKACgAoAKACgAoAKACgAoAKACgDxLxX8FNG8VfHz4NfHm61u/tNc+DngT41eBdI0CGK2bTtZsfjPefCi81i+vppP9KiuNFf4VaWliltmKVdWvPtPKQFQD22gAoAKACgD88P8AgqR+1JD+yh+x3498W6f4v0DwP8QviVqXh/4DfCHxJ4m1iy0DRtD+JXxevv8AhFtJ8VX+r6jdWVjp9j4A0q41r4iahc3l1BbpYeE7kSSruVXAP5O/+Cr3iD9kf9gnxH/wSv8A2/P2Hv2ifgJ8Q/Gn7E2p+EvgJ8a/Bnwu+MHw78YeNPiD8GNVtrl9W1W90Pwz4gub7Wrporzxza6prl/aXnl6nrPha4nbdZwlQD+5r4ZfETwt8XPh34H+KPgjVLTW/CHxB8LaH4v8N6tYzLcWd/o+v6db6lY3NvOuFljkguFw6jDYyMUAdzQAUAFABQAUAFABQAUAFABQB5hoHwv0fQPil4/+KdtqN/PrPxA0fwlo+p6bMbb+z7GDwjb3dvYy2YSJbnzbpbx2ufPmkTKL5SqN1AHp9ABQAUAFABQAUAFABQAUAFABQAUAFABQAUAFABQAUAFABQB//9X+/igAoAKACgAoAKACgDw3436P8TdX/wCFS/8ACtJtQh/sz4x+GdU8ef2frFno/mfD230PxTDrMV79rvbL+07FtTuNEaXSrb7VdXEiwzR2kiW0jxAHuVABQAUAFABQAUAFABQAUAFABQAUAFABQAUAFABQB8zePPgr4l8VftW/s4/Hew1PRIPCvwd+Fn7SvgbxFpV3Pfpr+o6p8ZtS+At54butGt4dPn06aw02P4Va6utyX2pWFxC9/pIsLfUFlvWsgD6ZoAKACgAoA/AT4h/EG5/a2/4K3fC34afFL9lv9pyb9k79mL4Z+Mr7wP44+If7H/x3HwL+KH7Tvju4sdG1DVrnxR4g+GL+EP8AhH/AHgW0u9H8N+IfEktn4cv9V17xDeaNq1xbyWVxdAH2B/wUE/Ym/ZP+Jn7F37SPw71j9nLwmw8Z/CrxXomjTfCP9np/GXxCsfFj6bNd+DtS8OaB8LPA2u+Nry707xTaaReldI06XckDQ3TxW0srqAfmB/wbLfF39qnwp+yPbfsVftifsy/tY/Bjxl8AdW1jSfhD40+M/wCzj8a/AXhDxt8HJbk3fh6xi8beK/BWleFtM1fwm1xLoFn4bv8AUbK/l0Kz0y4s4r2T7aLQA/p6oAKACgAoAKACgAoAKACgAoA8O8KfC/WtA+Ovxa+Kd1qWnT6J8QPDvw/0fStNhe7OpWNx4Ss9Qt7+W9SS2S0SK6e7ja2Nvczuyo3nJEQooA9xoAKACgAoAKACgAoAKACgAoAKACgAoAKAAkAZJwB1J4FABQAUAICCMggg9xyP0oAWgAoA/9b+/igAoAKACgAoAKACgDw343+OfGfgf/hUv/CG6dDqP/CW/GPwz4O8Uebpt3qX2Lwnqeh+Kb7Ub6P7LLF9hlivdL0yNb+4320ImaJ42eZGUA9yoAKACgAoAKACgAoAKACgAoAKACgAoAKACgAoA8f+O/x/+C37MPww8SfGb9oD4l+EvhN8L/CVus+veMvGerW+k6TaGVtltaQvK3nX+p30uINN0nT4LvU9SuWS2sLSe4dI2AP5Qvin/wAHb3/BOa1/a5+C994K8S/tLa9+z/4O8G/HPw18UtV0D4YQ2XhXxZ4r8W6l8Im+Fnie00DxB4o0TxVqdh4TtPDHxGE1zeeHbDUbFPEkA0/TdQ+33X2IA/ph/Y2/bx/ZP/b++GMfxb/ZP+Mnhn4r+FI5IrXWYNOa603xR4T1KWJZhpHjHwfrNvp/iXwtqnlsJEtNa0y1a4hKXNo89tIk0oB9eUAFABQAUAFABQAUAFABQAUAFABQAUAFABQAUAeG+E4vicvx2+Lc2vNqJ+F0nh34fL4BWeSzOmjWEs9R/wCEsNjFETepKbg2n2o3QWNm2+RkBqAPcqACgAoAKACgAoAKACgAoAKAPzy/4Kbft3R/8E9P2aLj44xfDfxN8Tta1Pxz4H+Hfh3RtE0q/vdI0/V/HHiPT9Ch1vxbfWI8yy0jToruWa3sbZjqniDVBZaLpyRfarjULAA+0Phh46i+JXgXw740h0PxP4dXXLCK5bSPGHhfW/B2vWsuNsv2nw/4htrXVrKGSRWks2uoV+0WrRTxs8ciOwB4dr37eH7EPhXWtV8N+Jv2wv2YPDviLQr+50vWtC1v48/C/StY0jU7KVoLzT9T02+8TwXljfWsyPDc2t1DFPDKjJJGjhlUA9E+FH7SX7PHx4utZsfgj8dvg98YL3w7BZ3Ov2nww+JPg7x5c6Jbai9xFYXGrweF9Y1OTTob2S0uo7SW8SJLl7a4WEsYX2gH5fftK/F7xf8AHL/grL+zx/wT0sPF/ibwr8FvC/7M3jb9rb46WngbxVrvg7WviPq8XjK0+H/w9+GniDxF4XvNK8S2XhKyEt74v1PStK1nTrfxJJJY2OuC+0uB7KUAn/ZL+OXjP4V/8FPv2v8A/gnZ4h8WeK/Gnwu0f4Z/DP8AaX/Z1uPHHiXWfGnivwZ4f8a2x074kfDy48W+J72/8Sav4X0PxfGt94Lj1bUtZvNH0rVG0T7cthp1hAgBe/4Ka/Hn4gJ+0l/wTm/YR+HPjPXvh/B+2T8YfHt78YvF/gvXL7w344sPg38E/BR8aar4W0HxDpLwa14aX4j6xLZ+H9Q8QeH77TNfstMs7630vVLGS8eZQDm0+K/iL9j3/grh8HP2SNH8UeMta/Zx/bE/Z08U+MvC/g3xr4z8T+Ppfhr8cfhNrLWmpv4K1nxrq2s65pPhHxl4INteav4aTWLrTbTxHpsup6Xp1l/at+XAOc0Pxn8YNC/4OB7v4Pap8dfix4y+EWqf8E9dS+KWmfC/xJrWj2/gPwt4qvfi7aeH5bvQ/DPhbQfDWlTTrp2lwxQ6v4gt9b8SKk1xC+tvbuIaAP3doA//1/7pPE3x0+CngrxRZeCPGPxd+GfhTxnqL2EWn+E/EfjnwzoviS+k1SVIdMS00TUtTttSuH1CaSOKyWG2c3UjokIdmUMAX/H3xf8AhP8ACmLS5/if8TfAHw6h1xrlNGl8ceL/AA/4Vj1Z7JYHu1019c1CwW+a1W5t2uBbeaYVnhMm0SpuALeufFD4a+GfCFt8QfEfxA8F6B4DvYrKez8aaz4n0XTPCt1DqSb9Plt/EF5ewaVNHfJ89m8d2yXK8wlxzQAaB8UPht4r8IXXxB8MfEDwX4i8B2MGpXV5400PxRomq+FbS20YTHV7i58QWN7PpUEOli3nOoSy3apZiGU3DRhH2gFPwB8YfhN8Vl1Fvhf8TvAHxGXRzAurN4G8X+H/ABWNMa5Dm2F+dD1G/FmbgRyGEXAj80I5TdsbaAUPDXx1+CfjPxTd+BvCHxe+GfinxpYLeNfeEfD3jrwzrPiWzXTpUg1BrrQ9O1O51KAWM0kcV2ZbZBbyukcpR2UUAGr/AB1+CmgeNIfhvrvxe+GWjfEO4nsLWDwLqvjnwxYeL57nVYop9Mt4vDd1qkWsST6jDPDLYxLaF7qKWKSBXR0NAHnX7RP7Vnwo/Zpn+GVr8RfFvgvQbn4k+PtK8G2lv4n8b+H/AAlPY6fqGn65e3PigRazPG97pemzaOlldGMRRLPfQh7uJgqOAeweLvih8NvAHhy08YeOviB4L8GeE9QntLWx8T+KfE+i6BoF7c38EtzY29rq+q31rp9xPeW1vPPaxRXDvPDDLLErJGzKAFl8UPhrqXgmT4lad8QPBd98Oorae9l8eWfifRbnwdHZ2sxt7m7k8Sw30mjpb286tDPM14I4pVMcjI4IoAj8BfFX4YfFSyvtS+GPxF8D/ETT9MulstSvvBHirQ/FNnYXjRJOtre3OiX19DbXJgkjmEMzpIYnSQKEYFgDJ8FfHX4KfEnWbzw58PPi78M/HXiDToJbq/0Pwf458M+JNXsba3mW3nuLvTtH1O8vLeGG4dIJZZYVSOVljch2AoAST46/BOLxwvwyl+L3wyj+I73Z09fAL+OvDK+MmvhC1ybMeGW1NdZN0LdHnNuLMy+SjSbdik0AP8cfHH4L/DLV9P0D4j/Fv4a+Add1a1jvtL0bxn448NeGdU1KyluZbKK7sbDWtTsrq6tpLyCe1SeCJ4nuIpYQ5kjZVANXxx8VPhj8MtLsNb+I/wARPBHgHRtUmFvpmq+MvFWh+GdN1C4MQnENle6zfWdtdSmEiURwSu/lt5mCpBYAfN8UPhtb+Bv+Fnz/ABA8Fw/Db7Fban/wn8vifRY/Bf8AZ15PFa2l/wD8JO96NF+x3NzcW9vb3P2zyZpp4oo3d5UDADfB3xS+GfxD0G+8U+AfiF4J8beGdMluIdS8Q+E/FOieIdE0+a0gW6u4r3VdJvryxtZLa2dbidJ5kaGFhLIFRg1AGb4E+Nnwc+KN9qWmfDT4r/Dj4g6jo8Uc2rWHgrxr4b8UXmmQzSSRRS6hbaLqN7NaRySwyxxvcJErvG6qSUdaAILD46/BPVPG8/wz034vfDLUPiNa3t7ptz4CsvHPhm68ZW+o6aJG1Gwm8Mw6m+sxXlgsMzXls9mJrYRSmZECPtAHeKvjn8FfA3iWy8GeNfi78NPCPi/UjZDTvC3iXxz4Z0PxDfHUphb6eLPRtS1O11G5N9Oyw2fk27/aZWEcO9yFoAv+Pvi98KfhVb6Xd/E74l+Avh3a649zFotx448XaB4Vg1aSzSCS7j02XXL+xjvntY7m2e4W2MhhSeFpNiyx7wC1rHxQ+G3h7wdb/ETXviB4L0XwBdwWV1aeN9V8UaJp/hK6tdSCtp1xb+Irq+i0iaC+VlNnLHeMlyGUws+RQAeHPih8NfF/hO78e+E/iB4L8TeB9Ph1G4v/ABjoHifRdY8L2Vvo6Sy6tPda7p97PpdvFpkcE0moSS3apaJFI1wYhG5oAo+APjH8JPisdTX4X/E/4ffEY6N9n/tceBvGPh7xWdL+1+aLX+0BoeoX32P7SYJvI+0eX53lS+XnY1AH8M3/AAVYv9W/4LTf8F7/AII/8Er4viVNp/7JX7PemW3if4lxeDvEEZg8Satb+HLTxX8Qr63a2nu7K68WwTajpfwzspbiDf4cgi1PU7SAXJvEvQD999X/AGXP+CU37O/x7/Zw/wCCfmifso/sDWnw2+Jvwn+Ot1490Px98PPht4k+Ko8UeDJ/gXafCyzvPE3ime78T3OteOLP4jeLr2K68Spq3iXXJtH0678L6lp39l3f2gA/nE/aG+DXhn/g3X/4Lv8A7K/jz9mHXbjwR+x7+2tNonhj4gfCvU/El7c+HvCmjeKvFv8Awh2v6Zez6pd+ZJ4d8FeIbvTfG/hbWtYmvL3QNIl1PRTqM8bajcXQB/fV4o+KPw18D+GLPxt40+IHgvwj4O1GSyisPFXibxPouheHb2XUYJbqwitdZ1S9tdPnlvbeGae1jjuGe4iikeJSqOygC6d8UPhrrHgqX4k6T8QPBep/DuG2u7ybx3p/ijRbzwfFaWErwX11J4kt72TR0t7OeOSG6ma78uCVHjlZWUigCHwD8WPhd8VbW+vvhj8RvA3xEstLuEtNSu/A/ivQvFVtp91JGsyW17Pod9fRWs7xOsqRTMjtGwcLtwaAMrwb8dfgp8RdevPC/gD4vfDLxv4l0+Ce6v8Aw94S8deGPEWt2VtazR211cXel6Rqd3fW8NtcSxQTyywIkM0iRSMrsoYALj46/BO08bp8M7r4vfDK2+I0l0lingKfx14Yi8ZPevCbhLNfDUmpprLXT24My24szK0QMgVk5UAk8dfHD4MfC/UrDRviV8Wvht8PtX1W1W+0zS/Gvjfw14X1HUbNriW1W7sbPWtSsri6tjdQy24ngieLz4pItzOrKoBq+N/in8M/hppNjr/xF+IXgnwHoepzpbadrPjHxTonhrS7+4ki8+OCzv8AWb2ztbmZ4AZkjhmZ2iHmAFOaAHN8UPhsvgb/AIWc3xA8Fr8NxZxaifH7eJ9FXwYNPnnitoL7/hJzff2L9kmuZobeO5+2iF5pY4lcu6LQA3wX8U/hl8SNEv8AxL8PfiH4I8deHdKnntdT13wh4p0TxHo+nXNtbx3dxb32paPfXlnaTwWssdzNFPMjxwSJM6hGVqAMvwN8bvg18T9Q1DSfht8WPhv8QNV0iJZ9V03wX428N+J7/TYXkeFZr+00XU72e0iaWOSISTxopkRkB3KwoAitPjr8E77xxJ8MbL4vfDK8+JEV7d6bL4BtfHXhifxnHqNhHLLfWEnhmLU31lLyzit5pbq1azWa3jikeVFVHoAd4t+OXwV8A+IrHwj45+Lnw08G+K9TW0bTvDXinxz4Z0DXr9b+b7NYtZ6Rqmp2t/creXH7i1MNu4nm/dxFnwtAGj48+Lfwr+Flppl98TfiT4D+HllrUk8Wj3fjfxboPha21WW2SGS4j06fXL+yjvZII7iCSZLZ5GiSaJn2h03AFjVPih8NdE8F2/xI1n4geC9J+Hl3a2N/a+OtR8UaLZeELmy1PZ/Z15B4kub2LR5ra/8AMj+xzx3jRXO9PJZ9wFACeGfij8NfGnha88ceD/iD4K8VeC9Ojv5b/wAW+HfFGiaz4asotKjebU5LvXNOvbjTLdNOijllvnluVW0jR3nKKpKgFHwD8ZPhF8VpNUi+GHxR+HvxFl0QWzazH4H8ZeHvFb6St40y2jaiuh6hfNZLdNb3C27XIiExglEefLcUAeGfDv8Aav8AAvj39pn4t/APTviB8LNUn8CaJ4RvND0vQ/FOl3vjG+1TULe+bxZZX1jDrdw07aBc20ENxBa6Zbz6a0pj1As7IaAPZ9e+OvwT8K+MLX4e+Jvi98MvD3j29n021s/BWt+OvDGleK7u51jyv7Jt7fw/fanBq002pm4gGnxR2jPeedELdX3oWALnj/4y/CL4UtpyfFD4o/D34dPrCztpKeOfGXh7wo2prbFBctYLrmoWJvBAZIxMYPMERdA+N4oAv+Jvih8NvBfhe18b+MPiB4L8K+DL5rNLLxb4j8T6Lovhu7fUIpJ7BLbW9RvbfTZ2vYIpZrRYrljcRRvJDuVWNABpXxQ+G2veC5fiRonxA8F6x8PILe+u5/HWl+KNFv8AwhDa6ZLLBqVzL4ktbybR44LCaGaK9la7CWskUkczIyPtAK/gH4tfCz4rW9/dfDD4k+BPiLa6VNHb6nc+B/Fmg+KoNOnlTzIoL6XQ7++jtZZIyJI452R3T5lBUZoAzPCHx1+CfxA8RXnhDwJ8Xvhl408V6fBdXV/4a8K+OvDHiDX7K2sZ4ra9uLrSNK1O7v7eG0uJ4YLmWWBEgmljilZXdAwAXnx1+CeneNk+Gl/8XvhnZfEWW6hso/Ad3458M2/jGS8uYRcW9onhqXU01l7meAiaGBbMySxESIrIQVAJPHnxv+DPwsvrHTPib8Wfht8PNS1O2N7pth438b+GvC17qFmJntzdWVtrepWU1zbCeKSEzwpJGJUeMtvUqoB6bFLFPFFPBJHNBNGksM0TrJFLFIoeOSORSVeN0YMjqSrKQQSCDQBJQB+In/BwtpmpXH/BM/x54itLC8vtM+Hvxg/Z7+IfiySxt5bubS/CHhj4u+F7jXtZe3gV55LbTLeZbi6MSOYrdZJ3CwxSuoB+r3wI+Knw8+M/wn8E/EL4V+LdH8deBtc0HTm0TxZ4euRf6BrUMFrDBJdaPqkQNnqtl5sbpHfafNcWcxUmGeRRuYA/Gn4rfs8ftZav8S/HeqaD/wAEbf8AgkV8RtE1DxVrV3pXj34g/FDSLHxx4wsJ7+aS28ReLbOT9jXxI9t4g1WIrd6pC+v6w0d3LKp1C6/1rAH2H+wP8LfjZ8PNc+I9x8Wf2Cv2HP2N7XU9M8ORaLq37IvjGx8Uar45ntrnWHvdP8axWnwE+DRs7HQ0mt59Fd7vXRNPqepAW9j5ZkugD5O/aA8In9m7/gtz+z7+2Z4zWPw/8A/jx+yL4w/ZW8TfEa/YWnhjwl8bdE8dWPjXwPZeM9dm2aZ4cs/GPhRLvSvDNzrN1Ywarrmlz6XZTz3rx29AHBfCLxH4K1X/AIKff8FEv+Cn+t6gP+GTv2eP2aPAvwJ8P/GTSrPUvEOieL73wJpt546+O134Jh0Swv7zxXpHgzUY7Hw9PqHhyHVbbUtesNR0/TXuLizmjUAk/bo1nwt48+P/APwRy/4KwfDGa+8TfsyeA/FnjTT/AImeP00PXNLbw58IP2k/hxHpvw3+IviTS9X02x1nwv4Q0vxXJbxeKdT8R6dptv4dj1uyl1p9OQu1AHXeJtG0z9sP/gtv+zv8U/hZeaZ49+Df7Dn7Mvj6Xxx8TvDl/Dq/g+w+Nnxl1lbPw58PNN1uy+0aVqviS08BQXHiHXrXTr64k0Sz1bSYtTS3nvYFYA8qf42fCCf/AIOXINKi+Jngdr+z/wCCbsnw/uLf/hJdJBj8dP8AGiLVl8HeY10sTeJ203ULS8GhJK+pGGYMLY7XVAD+kGgD/9D+9u98LeGdTvo9U1Hw7oWoalCYmh1C90jT7u+iMDBoDHdz28lxGYWVWiKSKY2UFMEAqAS6t4d8P68sC65oej60tqXNsuraZZaituZAokMAvIJxEZAiBzGF3BVBztFAEl1oei32nppF7o+l3elRrGsemXWn2lxp8awjEKpZSwvbKsQ4jCxAIOFxgCgAtND0Ww099IsdH0uy0mVZkl0y00+0ttPkS53C4R7KGJLZ1nDsJlaIiXcwcNlqAI9J8O+H9BEw0LQtH0UXBU3A0nTLLThOUzsMws4IRKUydu/dtycdTtAIrLwt4Z02+k1TTvDmhWGpyiQS6jZaRp9rfSCZg0oku4LaK4cSsA0gaRt7AFskZoAS48LeGLvUl1m78OaDdawjxSJq1xpGnzaksluqrA630ls90rwqirEyygxqqhMBQKAPOfi7J8HLVvAD/Fvwv4Z8RPrPj7SPDPgV/EPhCx8VtZeNb/TtavNLlsWu9N1A6NcCwsdYCaqhthbq8kJnU3IRwD1DUND0XVrOPTtV0fS9TsIXjkisdQ0+0vbOJ4kZInjtrmKWBHjR2SNlQFEdlUgFgwARaHosGmHRYdH0uLRmR4m0mLT7SPTDG7b3jNgsItSjuSzp5JVm5IyaAG6VoOh6DFLDoei6To0M7+bNFpWnWenRTSbQnmSx2cMKyPtULvcM21QM4ACgEGm+FvDOi3Mt5o/hzQtJvJlZJrrTdI0+xuZUdt7JLPa20Usis4DsruQWG45NACHwt4YbVBrbeHNBbWRJ5o1c6Rp51QS7Snmi/wDsxuxJsJTf527aSuQCRQA7VPDHhrW7iG71rw9oer3VugigudU0nT7+4giV2kWOGa7t5pI0WR2kCIyqHZmADMSwBPqeg6HrcEVrrOjaVq9tA2+C31PTrO/ghfbt3RQ3cM0cbbQFyiqdvGccMAK2h6K+l/2G+kaW2i+UkH9kNp9odL8mNleOH+zzCbTyo3RXSPydisqsoBUGgBNO0LRNHtZbHSdH0rS7Kdnaaz07TrOxtZmkUJI0tvaxRRSNIg2OXQllAUkgYUAh0rwz4b0OWafRPD+iaPNcqFuJtK0mw0+WdVJZVmktLeBpVVmLASFgCxIwSaAGxeFvDMGptrcPhzQodZeWWZ9Xi0jT49Teabd50rX6263bSyhmEshmLSbm3FsmgAv/AAv4Z1S9i1LU/DuhajqMPl+Tf3+kafeXsPktuhMV1cW8k8flMA0eyRdjDKYIyoBLq3h7QNeSCPXND0fWUtS7WyatpllqKW7SBBIYFvIJ1iMgjQOYwu4IgOdooAkuND0W705NHu9H0u60iNI449LuNPtJtOjjhGIUSxlie1VIgAI1WICMfdA6UAFnoei6dYSaVp+j6XY6XKsyS6bZ6faWthIlwGFwklnDEls6zh2EytERKGYSBsmgCLSfDnh7QfOOhaFo2i/adn2j+ydLsdO+0eXny/O+xwQebs3Ns8wNt3HGMmgD+Fb/AILK6H8Tf+CPX/BbL4Jf8FkPCfw4v/Gf7M3xgsNJ8DfGi18NWS40XU4/Ddp4Q8YaLIyrFbadretaVpml+PvDc+oXFrZ+IdZstS0hbmFLe+ltQD91tJ/4OBv+CPPjTVvhL4tt/wBpD4DR6B4++H/xF8d+IfGPjTWdD8M+N/hZqnw5Pw7TQ/BnivwJr1jF4+HivxinjLVv+EUsrGxknvv+EG18aOmqR27yW4B/OVr/AMXtW/4OSf8AguT+zprvwA8Ea4v7Cv7Bep6B4o1z4k+I9JudMtvEtp4V8VN4yj1jUbDUIcWt58QvF9npeh+HvCV28Op3PgzTbvVtQ0+1uYNRs1AP9Ay90HQ9SsItL1HRtK1DTIDEYNOvtPtLuxhMCGOEx2lxDJAhhRmSMrGCisVXAJoAWHQ9Ft9MOi2+kaXBo7JJG2kw6faRaY0crFpYzYJEtqUkZmaRTFtdiSwJOWAG6ToGhaDHLFoei6To0U7iSaPSdNs9OjmkA2h5Us4IVkcKAoZwzADA4HygEGneFvDOj3Ul9pPh3QtLvZldJrzTtI0+xupUkYO6SXFtbxTSK7qHdWdgzKGIBAoAR/C3hiTUxrcnhzQX1kSCUas+kae2piVV2LIL82zXYkCZUOJdwX5RlSQoA7VPDHhrXJornWvD2h6xcW6eVBPqmk2GoTQxhzII4pbu3meNA7M+xCF3sWwCcuAT6noWia1bxWms6NpWrWsDB4bbU9Os7+3hcLsDxQ3UMscbBflDIgIXgYBNACnQ9FOl/wBiHR9LOi+WsP8AZB0+0Ol+SjB1i/s/yfsnlq6q6x+VsVlDDBClQBNN0LQ9GtpbLSNG0rSrOdmee003TrOxtpndBG7ywWsMMUjPGAjM6sWQBSSAAoBBpfhnw3ocs1xovh7Q9HnuFCTz6XpNhp8s6hiwWaS0t4nlUMSwEjMAxJHJNACR+FvDMWqHW4vDmhR600kkzavHpGnpqjTShlllOoLbC7MkiswkczbnDMGLZO4ANQ8L+GdWvItQ1Tw7oWpX8HliG+1DSNPvLyERNviEVzc28s0flv8APHsddjfMMHBoAm1Xw/oOvRwxa5omkazFbMzW8eq6bZ6jHbs4VXaFLyGVYmdUUMUVSwVQegoAfPoei3Ompo1zpGl3GjxxxRJpU+n2kumpFBjyY0sZImtVjiwPKQRbY8DaBigAstD0TTbGTS9O0fS9P02YSrNp1lp9paWMqzgrOJLSCKO3kEysVlDR/vAxD7gaAItJ8OeHtBM7aHoOjaK1zsFy2k6XY6cbgR7jGJzZwQmXyy7lPML7dzYxuJoA8n8K+KvA+pfGf4jfD/TPBGnaZ4n8A6P4U1vUvFEWmaRC+qJ41t7y6jjguLeFdQEsP2NheNO+JmZSC3O0A9UuvC3hi+1FNXvfDmhXmrRPC8eqXWkafcajG9vt+zul7NbyXKPBsXyWWRTFtXYRhdoBJq3hzw9rxhOu6Do2tG33C3OraXY6iYA+N4h+2QTeVvwN2zbuwM9PmAJb3Q9F1Kxj0vUdH0u/02IxmLTr3T7S6sYzCpSIx2k8UluhiVmWPbH8ikhdoJoALfQ9FtdNbRrXR9LttHdJY30q30+0h01o52LTo1jHClqyTMzNKpiIkZiWySTQAzSfD+g6Ckseh6JpGixzsHnTSdNs9OSZ1GFaVbOGFZGUcBnDEDgHAwoBDp/hbwzpF5JqGleHNC0y/mV45b7T9I0+yvJUkZXkSS5traKd1kdVd1aRgzKrNkgGgBJPC3hibUxrUvhzQZdZV1lGrSaRp76mJEXYkgv2tzdh1T5VcTBlX5QcUAO1Xwx4b12WKfW/D2h6zNAnlwTarpNhqMsMe4v5cUl5bzPGm9i21Cq7mLYycsAbaqqKqooVVAVVUAKqgYCqBgAADAAGAOBjFAC0AMkjjljeKVElilRo5I5FV45I3Uq6OjAq6OpKsrAqykgggkUAOVVRQqqFVQFVVACqBwAAMAADgADHpjFAC0AFAFe7tLW/tp7K+tre9s7qJ4Lq0u4Y7i2uIJF2yQzwTK8U0Uikq8ciMjKcEEGgBsNjZW1mmn29na2+nxwfZo7GG3his47bZ5f2dLaNFgWAR/J5SxiPYdu3HFAE/lRiPyRGnlbPL8rYvl+Xjbs2Y27Nvy7cbccYxxQBU07S9N0e0jsNI06x0uxiLGKy060t7G0jLsXcx29tHFChd2ZmKoCzEs2ScqAXqACgD//R/v4oAKACgAoAKACgAoA8x+JnhPwF4r/4QH/hPL+Gw/4Rz4iaL4m8H+dq8Ok/bPGthpmuWml2MfnEf2lLLYahq0i6XFmadYmmUEW7FQD06gAoAKACgAoAKACgAoAKACgAoAKACgAoAKACgDhfiZ8MPhz8ZvA3iP4ZfFnwP4W+I/w98X6dNpXibwZ4z0Sw8Q+HdasJh80F/pepQXFrKUYLNbzbFntLmOK5tZYbiKOVAD+b/wCIH/Bs3/wQll+P/grwrqnwe8feEvGnxU0r4geOfCfwn8M/Fn4sW/gnXdC+Gl54Nj8eTR3RuNTuPD9npNx8QfCcS6Z/wmWi3FzHq23QIJ4tPvjYAH77/s0fspfs5/sc/DLTvg7+zF8IPBnwa+HWmyvdJ4e8H6cbc3+oSIkc2ra9q13Lda34k1q4SKNbnWdf1LU9UuFSNJrtkRFoA+g6ACgAoAKACgAoAKACgAoAKACgAoAKACgAoAKAPMdB1P4ZT/FHx9pmgx6cvxQsNI8JzePpYdMvINRfSLq3u28Ji+1OS1js7+JbdbsWsNtdXElou9ZkiLqtAHp1ABQAUAFABQAUAFABQAUAFABQAUAFABQAUAFABQAUAFABQB//0v7+KACgAoAKACgAoAKAPH/i78KR8VP+FaZ13+wv+Fd/FPw/8Sh/xLf7S/tc6Ho/iLSv7G/4/wCw+w/av7f8/wC3/wCl+V9l8r7HJ53mRAHsFABQAUAFABQAUAFABQAUAFABQAUAFABQAUAFABQB4h4s+Gnw7174/fBj4q634hurL4m/DnwH8bPC3gDwzHrOk2tpr/hr4k3vwmufiFqVzodzZS6zq8vh+48B+CY7W+0q/s7PRxrdwmqwXr6pprWgB7fQAUAFABQAUAFABQAUAFABQAUAFABQAUAFABQAUAeY6D4C8H6P8UfH3xA03Ubmfxl4x0fwnpvibTZNRs5raxsPDlveQ6JLBp0Vul7ZPdRXM7Sy3VxNHclA0CxBWDAHp1ABQAUAFABQAUAFABQAUAFABQAUAFABQAUAFABQAUAFABQB/9P+/igAoAKACgAoAKACgDw743+EfHni3/hUv/CCahPp/wDwjfxj8M+KPGHk6xNo/wBs8F2Gh+KbTVLGXyZYv7Thlv8AUNJkbSpd8Nw0KTNGTbKaAPcaACgAoAKACgAoAKACgAoAKACgAoAKACgAoAKACgD5y8cfBHVPFf7T/wCz78fLfW7C00n4NfDP9onwJqWgTW9w+o6zd/GrUPgfeaZfWNyn+jQW+ir8KNQS+jnzJO2rWZt+IZioB9G0AFABQAUAFABQAUAFABQAUAFABQAUAFABQAUAFAHjHhf4VXPh741/FP4sSaxBc2vxE0DwJosGjJayRz6Y/g+0v7aWea7MrR3C3xvA8aJDGYQhDM24UAez0AFABQAUAFABQAUAFABQAUAFABQAUAFABQAUAFABQAUAFAH/1P7+KACgAoAKACgAoAKAPDfjf4g+I/h//hUv/CurHUL7+2fjH4Z0Pxx9g0N9b+yeArvQ/FNxq95e7bW6/smxi1Kz0WOXWG8hbaSWGA3CG5COAe5UAQXUMlxbXNvFdT2Us8E0Md7ai2a5tJJY2RLq2W8t7q0ae3ZhLCLq1ubYyIont5ot8bgH8h/xL/aB/wCCjVt/wX20T/gmh4e/4KSfHPw7+zr4v+D6fFi31GD4J/sTan8StDuX8K2+qzaBZ+ItS/Zel0WfTV1aSY2s994au7+LTBFaT3F5dq+pOAe7f8FDP20P2/8A/gi748/Zu+LfxM/aG0b9uL9jP4zfFXSPhD8S9G+KHwk+H3wx+O3wwv8AUxHJb+JPCnjH4KaV4H8EeJo5rM3+ovY6z8PbdT/Y8mlILZtQi1e3AP6cdJ1KDWdK0zV7UMLXVdPs9Stg4AcQX1tFdQhwMgN5cq7gDgHpmgDQoAKACgAoAKACgAoAKACgAoAKACgD5k8e+F/jBqH7V/7OHi3wzd61H8EvDXws/aW0n4s2dr4oi0/Qbrxp4n1L4CS/CKbWPCTapbzeJb60tPD/AMTV0bVotI1JPDCXOqxS3el/8JBGmoAH03QBDcXFvZ2893dzw2trawy3Fzc3EiQwW9vAjSTTzzSFY4oYo1aSSR2VERSzEKCaAP5kfgv/AMFC/wBsX/gsj+1N8cPhh+wH8S7D9kf9hT9mLxX/AMIV8Qf2tbfwJ4Z+JPxq+OPjPyrhZvDfwg0b4h6N4h+Gng3RI4lTVLjV9f8AD2u+ILbSbzQtSS2t7jVpNM00A+l/2y/2Vv8AgqB8Cf2a/iJ49/YT/wCCkvxu+J/xP8E+DPEHiKT4ZftVfDT9mj4i2XjuPTtIubnUofBXizwB8EPhX4n8KeMfJinvvDlpql14q8PXmrR2ulHTrCCfzqAP1E/Yx8c+KviZ+yZ+zl8QfHN9can4z8ZfBzwD4i8Vahdxww3V54g1Tw9Y3OrT3EVukcEU0l7JMZI4Y0iRsqihQAoB9M0AFABQAUAFABQAUAFABQAUAFABQB4b4T0H4k2fx2+LfiDXLvUJPhnrHhz4fW3gWzm1xLvTrbVtOs9RTxS9loQu5H0mWaeW0NzcvZ241BlVxJN5WVAPcqAPjL/goAnxU039kb4/ePfgx8cvHXwF+Ifwq+DvxR+J3hnxT4I8O/CbxR9v1nwN4H1rxNpekeItG+Lnw3+JGj3egXd5pUUF/HpVpo2rGCeU2+rwOqFQD8H/APgiB4z/AOClf/BSP9hfQP2rvit/wVH+MHhzx7rvjz4h+GLXwvon7N37Gdx8PbWx8G+I7/w7Zy6hp0fwI0jxbqVxdvYG8uWsvGeiJsl+zRKjJ9ocA9o8Wf8ABUX9rn/gmR+1P8H/ANm//gqdpnws+JP7PX7RfiOXwz8Ev2/Pg9oWp/C/RtL1/fBCnhX46fCnVdV8Wab4c1OK8vtPhu9d8O+KItGsbHULHU3tryxTV73SwD+j+3uILu3gurWaO4trmGO4t7iF1khngmRZIZopFLLJHLGyvG6sysjBgSCDQBNQAUAFABQAUAFABQAUAFABQAUAFABQAUAFAH//1f7+KACgAoAKACgAoAKAPGvjH8VLn4W/8Kv+zaLFrX/Cwvix4d+G0/m3r2X9lQa5o3iTVX1ePZa3P2qS2bQUgW0byEkF0XNwhiCOAey0AFAH8S/7WWl/G7WP+DsD4e2P7PXjT4ZeAPibJ+ybZNpfiT4u/DrxN8UvBNtZp4PtzfwX3hDwl8SfhPrV3c3EW1LS6g8ZWsdo4MktpeKRGoBy/wDwWS0j9sL9n741fsr/ALT3/BY5PBP7Zf8AwTt+Gfxh0JdD8I/sdC6+AWjfD34sX0k2paP4n+LXwm+IUfxM8X/Faym0/wAPyy6ZoVj8ZtO0cJpd9Y3eo2o1SfTNcAP7VPhd488F/FL4b+BPiP8ADnUbfVvAPjjwnoPijwdqVpGYra88N6zptvfaRPDEwUxxtZTQ7YyBsxt7CgDvKACgAoAKACgAoAKACgAoAKACgAoA+XviB8RPiPon7W37NXwy0OB3+F/j/wCFH7TniX4hXA0Y3SQ+Jvh7qX7P9v8ADqN9d8sjRzPb+NvHJSxMiHWfJZwr/wBlnYAfUNAHyr+3VD4nuP2Jf2wYPBUkkPi6b9l/49xeGpYXkjuI9bk+FnipdNe0kixJHeLdGI2cin5LnymOADQB/Ot/wZx3vh+f/gmV8RLOwDf8JVpn7TvxCt/H7yMrSSa/NpXh+7smkwA4f+wJ9KDeYWYlSwwpUUAf1pkZ4PIPBB70AV7S0tLC2gsrG1t7KztY1htrS0hjt7a3hQYSKCCFUiijQDCxxoqKOAAKALFABQAUAFABQAUAFABQAUAFABQAUAeG+E/GPjnU/jt8W/BmraeYfAfhfw78Pr/wjqJ0q4txe6jrlnqMviGIas5+z6j9mmgt1MEID2e7bKSXUKAe5UAfK37dX/JkX7Y//Zq37Qv/AKqTxfQB+IH/AAaU/wDKHr4c/wDZYPjp/wCrL1+gDgv+Dwe08HT/APBJi2m8RJZnxBb/ALSfwuHgh5BD/aH9sTaF46W+hsS3+kGKXS1uGvI4NyO0Vq0ykxxFQD+gT9iWDxna/sf/ALMlv8RPtn/CdQ/A34aR+K/7RMpvv7cXwppgv/tZnJmM/nbvM8w792c4zQB9Q0AFABQAUAFABQAUAFABQAUAFABQAUAFABQB/9b+/igAoAKACgAoAKACgDzH4meOvBngb/hAf+Ey06TUf+Eu+Imi+DfC/l6Za6l9h8Wanpeu32nX7/anT7CkVlpWpRHULfdcwmdYkUpNIVAPTqAILqWSC2uJ4bWa9lhgmlisrZrZLi7kjjZ0tbd7ye1tEmuGURRNdXNvbK7qZ54Yg8igH8h3xW/Zx/4KZz/8F7vD/wDwUz8If8E2/ip4q/Z88JfCiD4TJosn7RH7EuhfErWUXwrDpN34j07QdQ/aWbRY7b+14mNjY6n4i067uNLZLm7WxvN2noAe1/8ABUf9mn/gqJ/wWY8A+BP2QIf2U9H/AGDv2aJfiRoHj74wfF747fHH4O/Er4maxYeGo7y1s/D/AIM+Hf7PPjL4paRFII9W1HUANb8VRwatfwaZDNqHh23tLh9QAP6MfgH8G/DH7PHwT+FHwJ8FNcv4S+EXgHwv8PfDsl55f2qTSfCukWukWclx5KRxCWSK2V3EaKilsDIGaAPXKACgAoAKACgAoAKACgAoAKACgAoA8B8ZfHH/AIRL9o/4Ffs//wDCM/bx8afh38evHv8Awlf9sfZv+Ec/4Ujf/Bqy/sr+xP7MuP7W/wCEl/4W15v23+1tN/sj+wdn2XUv7T32AB79QBBdWtrfWtzZXttBeWV5BNa3dpdQx3FrdWtxG0VxbXMEqvFPBPE7xTQyo8ckbMjqyswoA/l2+E3/AATy/bn/AOCOH7WHxs+KP/BO/wCFvh79sD9hb9p/xbP45+IP7JP/AAsPwr8IPix8DfFZkJfXPhZrvxF1fT/AvjDT49OkGmQ6dqGtabrGr2Gn6VpV0bGTS49X1IA/VDTP2s/24fjfpyeHfg5/wTy+LP7PfiHUE+x6h8Uv20PGvwL0H4eeB5JAVn1fT/BHwP8AjF8XPiX8TbvTwHlsdATS/AWj61N5EF1430SCSW6iAP0Z8FaR4g0Hwj4b0XxZ4puPHHibS9G0+y1/xhdaZpmi3HiTVoLdEvtYk0jRre00rTTfXAknFlYW8VtbqwijUhQzAHT0AFABQAUAFABQAUAFABQAUAFABQB5D4b+Ky+IfjF8S/hMNDa0b4daH4K1ptdOoCZdW/4TG1vbkWw077FEbI6f9j2GU3119p8zIig24cA9eoA+Mv8AgoAvxc1f9kb4++APgf8AAzxj8e/iN8Vvg98T/hh4a8L+EvFfwk8Gx6dq/jrwTrPhjTda8Q638X/iN8OdGt9BsbrVkub86Veavq/kW8q2+lTO6bgD8Jf+CI3gD/gpv/wTX/Yc0D9lH4r/APBLv4p+KfGuh+PfiD4mtfFvhn9p39iVfAU9h4z8RX3iK2TU7mX9oafxZp89nLftZ3Caf4R1tTHCLmJ3ZzbqAfQ3iv8A4Jv/ALYf/BSf9qn4L/H3/gpwPg98LP2Zf2avEUnjT4L/ALCnwl8Wax8Wj4o8dgwtbeMfj/8AE2/8PeDvD2uTafcWlncWPhzwzoeoaO9tbw6fNNBDLro8QgH9DsMMNvDFb28UcEEEccMEMSLHFDDEoSOKKNcLHHGihERRtVQFGABQBJQAUAFABQAUAFABQAUAFABQAUAFABQAUAFAH//X/v4oAKACgAoAKACgDgfil8Uvh38Evh74u+K/xa8ZaB8Pvhx4D0W78Q+LvGPijUYNK0PQtJs1Blury8uCEDO7Jb2tvGJLm9vJreys4Z7u4ghcA/jn/ag/4PA/+CeUnjnSPDPw5/Zf+P8A+0d4Y+Hfjez8UaJ8Qzf6V8LNBn8R6Nbalp1nr/hjTLvUrzxLq1lHZatqKQ23izRvD8dz5/mTaaNlvOgB+0v/AATF/wCC+P7Bn/BUnUZfAXwl8ReJvhf8d7PT5dSvPgV8YrDTfD/jO/sbRU+36l4P1DSdV1rw14y020kY+eukax/bllb+VdatoWmxTRMwB+2NABQAUAFABQAUAFABQAUAFABQAUAFABQAUAfLn7X37Z/7Nv7CXwb1r47/ALUPxO0T4ZfD7SWNpb3Ooedd6z4k1qSGWaz8N+EvD1hHcav4k8QX4hf7Pp2l2szpGsl3dtbWEFxdwAH8l/jH/g85/YYPxW0nXND/AGG/jv4z0fwqniDRPDXxX1j/AIVbpXxA0zw74in0hvE6+F9In1HVrjTNO8SHQNAudW0tfGmlR6s2j6L/AGxGsunWn2cA/pZ/4J1/8FVP2N/+CoXw6vvHf7LnxBl1HVfDv2ePx18L/F9nF4c+KPgG4ut/2ZfEnhg3d4r2N2Y5Vsde0S+1jw9fvDNFaarLPb3EMQB+jVABQAUAFABQAUAFABQAUAFABQAUAFABQAUAfm1/wUb/AOCsH7GX/BLfwDpnjL9qPx9eWmu+J0um8B/CnwTp0fib4pePHs8i4bQfDhvLC1s9NhkHkzeIfEuqaB4bhucWkmrrdOkLAH83nhD/AIPRP2JX+JF1e+Jv2I/2gvB3hfXZ7HT9U+JekS/DLWvGNxplq7Q6dc69oKanoxu7TTIpXkFpb+LtWmtIGnTTre6mKwSgH9ZX7In7ZH7OX7dXwX8P/H39mD4laP8AEz4b+IN8Av7Bbiy1bQtWgVDe+HvFXh/UYrbWfDXiHTy6reaRq9na3cYaOVY3glimlAPp6gAoAKACgAoAKACgAoAKACgAoAKACgAoAKACgAoAKACgD//Q/s5/4b6/Y9/6Lz4K/wC/uo//ACDQAf8ADfX7Hv8A0XnwV/391H/5BoAP+G+v2Pf+i8+Cv+/uo/8AyDQAf8N9fse/9F58Ff8Af3Uf/kGgA/4b6/Y9/wCi8+Cv+/uo/wDyDQAf8N9fse/9F58Ff9/dR/8AkGgD+O3/AIOff2z/AA5+1z8ZP2Bv+Cdfwk+NdjpfwV+MXjzQ/Fnxw8W6Jd30OnJDq3jSLwZpTa0rxIl5F4L0m08Q+JLTTpLaeC7vdQtzMjyQ25iAP6Avgb4A/wCCSn7M3wW+C/wP+Avjj4TfDHwz8JPF3hjxlealpGipdeJviTrWgaFrujXVz4/8SXOmJrHiS91ttfu7y9v9UubuZCiW0EUVqFhQA/me/wCDkP4f/sc/AHxj+zf/AMFRv+Cdfiz4efDP9pHwH8btBsfH2jfCux/4RvS/F+pPb33iHw540u/D+mWel6ZHqEh0TWtB8cT28ar4s0rV7eHVopp5b64vQD+yD4I/8FMf2TviX8Hfhf8AEHV/jJ4T0PVfGfgPwt4k1PR7ua+N1puoavo9peXtnP5enrH5sFzLIjBFVQRgDA+UA9R/4b6/Y9/6Lz4K/wC/uo//ACDQAf8ADfX7Hv8A0XnwV/391H/5BoAP+G+v2Pf+i8+Cv+/uo/8AyDQAf8N9fse/9F58Ff8Af3Uf/kGgA/4b6/Y9/wCi8+Cv+/uo/wDyDQAf8N9fse/9F58Ff9/dR/8AkGgA/wCG+v2Pf+i8+Cv+/uo//INAB/w31+x7/wBF58Ff9/dR/wDkGgA/4b6/Y9/6Lz4K/wC/uo//ACDQAf8ADfX7Hv8A0XnwV/391H/5BoAP+G+v2Pf+i8+Cv+/uo/8AyDQAf8N9fse/9F58Ff8Af3Uf/kGgA/4b6/Y9/wCi8+Cv+/uo/wDyDQAf8N9fse/9F58Ff9/dR/8AkGgD+IL/AIKSfFX4Pf8ABWr/AIOCvhF+yz8Zvi/b2v7BX7NPhPS9dv4IdQ1Cw0TxfOnhvSfFnjS3hFssV1BqfirxTqemeEr7VIQl8fCej7bSa0uUt5YgD+rrSPFf/BIDwXrHwb8P+GfEfwA8Gab8MPht8Wfh78OfhLomk6TpPgnUfAvxBk+GP/CxY77wCNC+x+KFhfwJ4GS51C5t7g2TXTG/aeTVUZgD+RP9re+/Zp/4JJ/8F0/2Ov2ov+CfHjzRPDXwD/aa8Q6L4X+Ovwr8FS3Nl4I8OWfi/wAX23hDx5pdvo3kwrD4OMV/ovxD03R4E8jStd06S00iG20+2t7RgD+61P2/P2PHVXHx58F4dQwzJqIOGGRkfYeDg9P8KAHf8N9fse/9F58Ff9/dR/8AkGgA/wCG+v2Pf+i8+Cv+/uo//INAB/w31+x7/wBF58Ff9/dR/wDkGgA/4b6/Y9/6Lz4K/wC/uo//ACDQAf8ADfX7Hv8A0XnwV/391H/5BoAP+G+v2Pf+i8+Cv+/uo/8AyDQAf8N9fse/9F58Ff8Af3Uf/kGgA/4b6/Y9/wCi8+Cv+/uo/wDyDQAf8N9fse/9F58Ff9/dR/8AkGgA/wCG+v2Pf+i8+Cv+/uo//INAB/w31+x7/wBF58Ff9/dR/wDkGgA/4b6/Y9/6Lz4K/wC/uo//ACDQAf8ADfX7Hv8A0XnwV/391H/5BoAP+G+v2Pf+i8+Cv+/uo/8AyDQB/Cb+w5f/ALMf/BWP/gt9+2l+2J/wUG8YeHPEvwX/AGfPEEFh8B/hT48lu7/wVrNnH4h1vQvh5pl7oMsV9Zan4d8IaB4ak1TWNEubW10vxFr+tw6pqUF04vbecA/qh+O/7Zf/AAQl8Jy+Lvhp+0H8Wv2Y10j4neCdA0TXPhb4y0Ial4QfwjoVvf6RoS6V4Tj8OXGleG2tYprpbK70uDT7+2kSG8spYZobe4QA/kq/4Jf/ALcH7Gn/AASi/wCC2P7Qvws+C/7UXhzV/wDgmH8ddAutR0jxhdavr2o+DvCmtPpVj4s8Hxzyz2KXp1jwhJd678Pb/UW0qOfWALBp55reztHoA/sn/wCH+X/BH3/o/L4L/wDgR4j/APlFQAf8P8v+CPv/AEfl8F//AAI8R/8AyioAP+H+X/BH3/o/L4L/APgR4j/+UVAB/wAP8v8Agj7/ANH5fBf/AMCPEf8A8oqAD/h/l/wR9/6Py+C//gR4j/8AlFQAf8P8v+CPv/R+XwX/APAjxH/8oqAD/h/l/wAEff8Ao/L4L/8AgR4j/wDlFQB+gn7OP7UHwD/a5+HFv8XP2cPid4e+LXw4utU1LRbfxb4Ye7fTJdU0i4a11KzU3traTebaXCNFLmLbuXgkYLAHvVABQAUAFABQAUAFABQAUAFABQB//9H+/igAoAKACgAoAKAP5LP+Dov9gr4+/E7wt+zb/wAFHP2SdGv/ABF8c/2E/E0HibXfD2kWVzqutX3gLRvENl430bxDpmj2Qju9Vs/BPiWxv7vxPpdvNJPe6Brk9wIUstN1GegDmfhH/wAHPH/BOr9qj4NfAjV/jl8Ypv2SPjd8MfiV4R8a/GL4e+P/AAh8UNX07UoPDfh3xRpHiAeA/Evw68GeLtN8SWup6pqlreaXo+rNoesfZ0ZdQ0y2uYoklAPy2/4KRftx+K/+DmX9qf4Cf8E6f+Cengvxvd/ss/D7x3Z/EP4x/HPxDoN/4et7m1Rv7K1Hx5eaZqUDN4Z8OeFtAn1i18E2viOGw17xR4k1iS0m0y0heNIAD/QM+GvgTRfhd8PfBHw48NwJbaD4F8K6F4T0iBNwSOw0LTbbTrYKGLMAY7cHBJIzigDtqACgAoAKACgAoAKACgAoAKACgAoAKACgD+Gv/gu18Jv2g/8AgmB/wVR+CP8AwXQ+AHgHV/iT8JdQtPD3g39pfQNHhcW+lPY6JB4GvdP16aGK8Oj6P418KW+lXmh+I5beOyt/HekiPVPllt01AA+7bb/g4z/4IvfFjxv8Bv2x9e/a18R/C/xD8FPhT8dvBuo/s+eKPgT8UtS+IOo6l8brn4O6hJbJqvhnRdX8NyXfh2b4Sx2lvJod94g0PVf+Eh8+81zQk0qYXAB+Snwc8Z/FT/g5S/4LUfBr9qDwx8MPGfw9/wCCfP7CGpaDrPh7XPGGnxwtrOqeEdcbxd4esry4tZJNJm8eeNPGf2HXb/QdOvdVTw14P0u2sdUvZJpbC41AA/0EQAAAAAAMADgADoAOwAoAWgAoAKACgAoAKACgAoAKACgAoAKACgAoA/z6vif4u+Lv/Bs5/wAFkvjV+0R4n+F3inx3/wAE6/289cutQ1HxD4Rg+0y6CLvWtQ8SW+nWcrfZdMbxn8LNX13XLYeGNXvLOfxD4W1T+2LGcyvapOAfsP4g/wCDlH/gjH8LJ/in+1B4Y/aj8R/FXxT8R/Bvg+y0n4D+F/gx8TtM8djU/B2m38dtpU2o+J/DukeG9Nn1Ce7EV1ea5qmlaXZFGe2vtSUorgHwL/wQX+Cn7Sf/AAUn/wCCmXx1/wCC7P7S3gC8+G3w612w1jwd+zj4e1D7Ug1YTWdh4Y0+fw7LfW0Fzq3hrwB4J0mLww3iOO3t7DXdZ1HUUtCZNNuo0AP7iKACgAoAKACgAoAKACgAoAKACgAoAKACgAoAKACgAoAKAP/S/v4oAKACgAoAKACgAoA/Dr9uD/giV/wTs/aE8b/DP4j337DPwn1vxrrnxq8OP8Vdd8F6PqngKXWPBM+jeJ5vEOpeKbT4f6t4X0/UXudYj0OTUtcubWXWbi4dTNfuLm480A/UT9nX9lL9mz9kfwUPh5+zN8EPht8EfB5kWe60j4e+F9N0E6rdKNovte1G3h/tXxDqO07TqWuX2o3zL8rXGBhgD6BoAKACgAoAKACgAoAKACgAoAKACgAoAKACgDM1rRNG8SaTqWgeItI0zXtC1myuNO1fRNasLXVNJ1XTruNobqw1LTb6KezvrK5hdori1uYZYJo2aOSNlJWgD8Fvil/wb2f8E1vGf7XXwX+Kum/sM/A+z+FVn4M+Ocvxl8P6Rca/4W8Pax8QdU1L4RT/AAcvYvh7oPiHTfDklrpltY/FRbu30vR7XSR/aUSaxZXm/TTAAft78MPhR8Mfgn4J0P4a/B74e+C/hb8PfDNsLPw/4J+H/hrR/CXhfR7bJYx6foeh2dlp1t5jlpJmjg3zSs8srvIzuwB39ABQAUAFABQAUAFABQAUAFABQAUAFABQAUAeffFH4S/C743+CdZ+G3xj+Hfgr4p/D/xDD5Gt+DPiB4Z0fxb4a1JArKjXWj65aXti88G9ntbnyVubSXE1tLFMqOoB+M3w0/4N8P8Agl74F/aQ8ffFVv2G/gbd+EprLwZd/DvQtZl8U+LNA0jxDYx3cnii4m8AeJtf1XwettdXhspLe1udJu7FVj221pboHRwD9yNH0bSPD2ladoWgaVpuh6HpFnb6dpOjaPY22maVpen2kSw2tjp2nWUUNpZWdtCiRW9rbQxQQxKsccaooVQDSoAKACgAoAKACgAoAKACgAoAKACgAoAKACgAoAKACgAoA//T/v4oAKACgAoAKACgAoA8P+NvxQ1j4Y/8Kn/sjTbDUv8AhP8A4w+Gvh1qX277T/oOl61ofijVLi/tPs0kf+mwzaFbRRefvg8uaXfGzbCoB7hQAUAFABQAUAFABQAUAFABQAUAFABQAUAFABQAUAfMnj3xD8Y7L9q/9nDwz4Ytddk+B+v/AAr/AGltS+Ll3aeGob/w9beNvD+pfASP4Pxa34qbS7ifw7qFzaa38TzoelQ6vpsfiRLfV5ZrTVDoEL6eAfTdABQAUAFABQAUAFABQAUAFABQAUAFABQAUAFABQB4b4T1n4l3Xx2+Lei67a6lH8MdL8O/D6fwHdT6LFa6bcavfWeov4rSx1tbSOXVJYriO0F1byXlyLFiqLHDvwwB7lQAUAFABQAUAFABQAUAFABQAUAFABQAUAFABQAUAFABQAUAf//U/v4oAKACgAoAKACgAoA8w+JvxP0T4Y/8ID/bWm6jqP8Awn3xE0X4daV/ZyWj/YdX1rS9c1O2v737VcW+ywhg0O6ime28+5WSaER28iGQoAen0AFABQAUAFABQAUAFABQAUAFABQAUAFABQAUAFAHzh44+NmseFf2ov2evgLbaLp91onxk+GX7RfjrVtemmuV1LR734L6j8DbPSLGwhT/AEWW31lPitqb373H72JtKshbcS3FAH0fQAUAFABQAUAFABQAUAFABQAUAFABQAUAFABQAUAeLeF/ine+IPjb8VPhRLpFvbWPw98P+A9ZtNYS5le51OTxfaX9xcQTWzRLFAtk1mqRvHM7ShyXVMDcAe00AFABQAUAFABQAUAFABQAUAFABQAUAFABQAUAFABQAUAFAH//1f7+KACgAoAKACgAoAKAPMfiZL8MYv8AhAv+FmDTjv8AiHosfgL+0UvHx8Q20zXDopsfsYbZf/2YuueS90Psoj84SZcxbQD06gAoAKACgAoAKACgAoAKACgAoAKACgAoAKACgAoA8P8AFnxQ8AeH/j98GPhJrPhy7vviP8SvAfxs8V+BfE8ekaPc2fh/w78Mb34TW3j3TLrWrm8i1vSpvEU/xA8GyWlnpNld2WrDQ7l9Xms303TFugD3CgAoAKACgAoAKACgAoAKACgAoAKACgAoAKACgAoA8w0H4g+E9Z+KXj/4d6dpt1B4u8F6P4T1TxHqclhZQ2l/ZeJbe7n0aK3v4rh728e1itplmjuraGO3LBYHkDOVAPT6ACgAoAKACgAoAKACgAoAKACgAoAKACgAoAKACgAoAKACgD//1v7+KACgAoAKACgAoAKAPMfiZ8NfDnxI/wCEB/4SLUdQ07/hBfiJovxA0P8As+5s7f7dr2j6Zrmm2dhe/bLW68+xmttavZJoLXyLt5IYWjuY0WRJQD06gAoAKACgAoAKACgAoAKACgAoAKACgAoAKACgAoA8R8V2PwUm+PnwZ1DxU2nj482XgT41QfBxJtS1mDUm8C3t78KD8aDYaXa3Ueh6hbLeWnwq/tC51ezur7TmayXR5rVL7VFuAD26gAoAKACgAoAKACgAoAKACgAoAKACgAoAKACgAoA8x0Gy+GMXxR8fX2gvpp+KN1o/hOPx+kGoXk2pLo8FveDwmb7TpbqSysojbtd/ZZbW0t5LldzTyTFVKgHp1ABQAUAFABQAUAFABQAUAFABQAUAFABQAUAFABQAUAFABQB//9f+/igAoAKACgAoAKACgDxL41fCzUfij/wqn+z9TstM/wCFffF/w38SL77bHPJ9vsND0TxPpc2nWnkI+y8mk16GWN5tsISCUO4ZkoA9toAKACgAoAKACgCOaaK3iknnljhhiVnllldY440UZZ3dyFVVAyzMQAOSRgGgCppuqaZrFpFf6RqFlqljMN0N5p91Be2so9Y57d5InH+65/HFAF5mVQWYhVAyzMQAAOpJOAAPXP5UAZela7omuxzTaJq+mavFbXEtpcSaZf2t/HBdQP5c1tM9rLKsc8TgpJE5DowKsARQBdlu7WBts1zbwtjO2WaKNseuHZTj3x+WTuAEs7y01C1t76wure9srqJJ7W7tJo7i2uYZBmOaCeFmilideUkjZlYcg8/MAWaACgAoAKACgDw7xb8E9L8VftAfBb49XGvXdnq/wb8BfG7wLpnh2K1gkstctPjTe/CW91PULu7eVbi2m0JvhTp8dpFBDLHcjWLkztEYId4B7jQAUAFABQAUAFAGdqer6Vo1uLrWNTsNKtWligW41G8t7KBppnEcMIluZI0MssjLHGgbc7sFVWJAoAvo6SKrxsro4DI6MGVlPIZWXIYEcgg4PvQAkkkcSl5ZEiQdXkZUUZ6ZZiAMn3/OgCrDqenXN1LZW9/ZXF5BBFdTWkN1BLcxW08ksUFxLBG7SRwzS288cUrKEkeGVFJaNgoBdoAKACgAoAKACgAoA8t0D4XaVoHxV+IPxUt9TvZ9W+IOjeEdG1HS5VtxY2EPhG2vLezmtWRRcNJdreO04mYoCq+WBzQB6lQAUAFABQAUAFAGbf61o+lyWcOp6rp2nTahP9msYr69trWS9uCpfyLVJ5EaebYrN5cQd9qscABjQBpA55HIPII70AV5bu1gbZNc28LYztlmiRseuHcHHvj8+aAHxTwTKzwzRTKpwzRSI6qcZwxRmAODnntzzxtAKj6tpUcttBJqdgk97cfZbOFry2WW6ufKln+z28Zk3zz+RbzzeVGGfyoZZMbInNAGhQAUAFABQAUAFABQAUAFAH//0P7+KACgAoAKACgAoAKACgAoAjmaRIpXij86VY3aOLeI/NkVSUj3t8qb2wu9uFzk8CgD8erL/gr74Yn+KH7QHwD1D9mb40aF+0P8CPiR8M/hvafA3V9d+E1v48+MUvxWku5/C/i/4RRJ49m0fXvA76Bp2q+Lr3xDquraHDY+F9E13U7yKAaZLCwB+u+j3V/faVp15qmly6JqV1Z2899o811aX02mXUsSvPYy3lhJNZXUlrIWiee0llt5GUtDI6EPQB+YHjv/AILWf8E1Phr4z8UfD7xp+0PeaR4t8Ga7qXhvxJpa/Bv48aiun6zpF1JZ6haC/wBK+GV7pt4ILmKSMXFjd3NrLt3wzyoVdgD6D/ZX/wCCgv7JP7aup+MNH/Zq+KU/xD1HwFZaRqPiuCbwF8SfBo0yz16bULfSpVm8d+EPDEF8bqXS75THp0l3JB5G65SJZYWcA/Pf/gqd491D4h/tp/8ABLD9gifUZh8Kv2i/i58UPiV+0F4YheaKHxx4G+B3gVvEfgzwZryxSxx6r4O13xvIJvFHhy+WfStbg0izttStbm1DwOAYvi3xFZ/sc/8ABbf9m74T/CjS9M8EfBb9uf8AZu8e2/jv4YeGbO30HwZJ8afg3qb32gfEzTfD+nwxaRp3iO88CH/hGPEEum2NlLrlppmj3Op3NzcaejMAfrn+0V8CbL9o3wXpvwv8T+IdZ0r4a6p4jtLz4qeHdB1LVtDvfiT4LtLHUhL8PLzX9B1HSdb0jw9resT6Te+I/wCzL+CXWtK0qfwzfCfRdc1a2nAPwj+E/wCxJ8Kf2M/+C4/w08L/ALA3ha8+Cvwo8Zfse+MfH37YPwo8H32u3PweuLn/AITWPw58IdeudDvtR1DS/Dnj/W7rT9cXS1tlsjPo2havd2tuH1DUZroA+Av299D+FeiftjfFH45f8Fsf+CQXjz4h/szeKvida+DPhR+2/wCEPj3q/j/wZ8Gvg9bSWnhrwBpfj/4S/CTxZokvw30CeSI+IfFGs61qt5qd74k13V7iz0y5jeG1QA/sg+Gtj4E0z4e+CdP+F9to9n8OLPwtodv4GtfDwQaHb+FI9Ot10KLSRGWT7AmnfZxb4Zj5e0sSxY0AdtQAUAFABQAUAfM3jz4L+KPFP7Vv7OPx10/U9Et/CPwf+Fn7SvgfxLpN3c6imv6lq3xk1L4C3nhi60a1g06fTLiw0yL4WeIF1uXUNT0+5tnv9JGn22orPetYAH0zQBla7ealp2janf6Po83iHVLOyuLiw0O3vLLT59Xuoo2eHT4L7UprbT7Wa6ZRFFPfXEFpG7K1xNFEGdQD8jvgR/wV88L/ALQ15H4N8Dfs0fGaz+N1l+0N41/Z68a/s/eJNd+FGk/FX4a6h8O9Nt9T8Y/ETx1pp8d3Oj6T8NtEgv8AR0m1yDWr67up/Efhq107Tb281m3t1AP14vNQt9N0y71XUWNpa6fYz6hfttec21va273N0223SSSYwxxyHbCjvJtxGjMyrQB+TF1/wXa/4JaWV1c2dz+0rex3NpcTW1xH/wAKQ/aEfy54JGilTenwpZH2yIy7kZkbGVJBBoA+1/2XP2yf2c/2z/CviLxt+zf4/l+IPhrwp4g/4RbXtRm8IeOPBxstd/s2y1b7ELLx14b8NX90P7P1Gzn+1WdrcWeZfK+0edHLGgB+VHwk1LRv20v+C0H7dfhf4v6Zo/xH+En7DPwh+Bfwy+Dnw+8WaVaeIPBWleN/i9omseJfi/4wuvC+sR3uhXXi+4lt7Hwva+IZtPfU7bw3bNpdvcRWdzdQzgHSf8Ej/ibrvhr9ob/gpf8AsK3Oo3l/4A/ZJ/aT+1fArT768ubtvAvwZ+K2mf8ACT+Gvhtp73b3FyfD3g6/XVbDw2kl0yWGifYdKtoILWwhRgCf/gt34J/aV+KPw3+EPgX4b/sGah+39+zda+KdY8a/tQfBbQ/j7o/wM8Q+LdL0LTfs3gbQtMl+1Dxb4utLLVL/AFLxRe+F/DVobvVtY0fwtHHdKsFzEwBZ/wCCGl5/wTb1r4DfEnWv2AP2bNT/AGTdeg+Ic3hf9pf4FeOV8Vp8WPh38WfDmn2tpceGfGyeMvEnijVEis7JoZdINjfw6VPBPJdCxs9Rmv4EAP3BoAKACgAoAKACgAoA8O8KfDPxDoXx1+LXxOvNT06fw7498O/D/SNF0yC4vX1GwuvClnqFvqU19by2kdjDFdvdxNavaXlxJIqMbiOFlUMAe40AfMf7YH7Rep/sn/ALx/8AtAWnwX+I3x10j4ZaLeeKPFngr4USeF38cx+FtLhNzrWuaVpvizX/AA1YatDolkk2palaW+pi/TTra5ure2uBA6UAeM/st/t/eF/2vvEPhuD4N/DXxN4h+HmrfCTwD8U/EHxfsfE/gK/8D+C734i6Q2u6F8Mdb+xeIptdufiRDor2Gt6ro2j6RqFlpWi6xo9/f6pB/aVpDKAfT/x6+P3wn/Zk+GOu/GL42eKH8HfDrw3JYRa1r8eg+I/Ej2kmp3kVjZKNI8KaRrmuXHnXU0cWbXTZ1j3b5jHGC6gH5y/8P4/+CV3/AEcxe/8Ahjv2h/8A51FAH6ffCv4oeB/jV8OvBnxY+Gust4h8BfEDw/pvinwlrj6Zq2jNqmhavbJd6fetpWu2OmaxYGe3kST7LqWn2d5Fu2T28bgrQB+Ef/BPPw/4C/4KK/HP/gqn8bf2j/C3h/4xaJpX7U3jn9jz4Q6P4z0q31vR/A/wC+GPh7R7CKw8GWepLdR+EtV8U65qeq+IfE2r+HV07VNS1oWeoXF49zp1jJbgHuH/AAQm+P8A8QvjF+yN42+HvxS8Tap428afsr/tC/F/9mu48Y67dzX2u+IfD/w+8TXEfgy41q5uDJc3OqWnhK60fTry9urm6utQmtGvriYzTutAHp/7TH/BIb/gnL+0f8SviP8AtP8A7Zvwc0344eMbnR4p7vxP8QvF3jrT9B+Hnw98F6IEtdA8NaD4Z8VaHoek6NptjZXesatfyWdxquq6rd6nqN5eeXNBaWoB+c/7EH7NPxE+Cn/BHn9oTxX/AME9/wBnPTLH4pftoeN/iT8XPhT8GtP8eab8N7fQPhj8TPECeHPBVnp3j7x7qk39hatonwJtNPTRtW1W/v7q18Umy1CSGdEnVgDy7/gjd4W/4Jv+C/2w9Z+Fuuf8Eu/E3/BNn/gpt4E+H+qa7H4Y+Jnj/wAafFWz+IPgLU7iysfFHjb4Q/EbV/Elz4R8ZQTagsKatqmkeGdNuYUu5YtIvryxl1DYAf1i0AFABQAUAFABQAUAFABQB//R/v4oAKACgAoAKACgAoAKACgCG5uEtLa4upFneO2hluJEtra4vLl0hRpHW3tLSKa6up2VSIra2hluJ3KxQxPIyIwB/Ll+214R/aY8Y/Frwz/wWX/Z0+B/xl/4Wj+yR8SY/gZ4R/ZcuP2cviFp/wAZ/wBpb9lefxDNofxR1W+8J6j4Dg+JEfiLXtZ1C78Z/CZ2gs/Dul+C9K0q91k2+q3mp6ZcAH9KHwo+Itn8Wfh34T+Ilj4a8deDYPFWj2mq/wDCLfEvwN4s+G/jnQZp4lafS/Efgzxvo+g+JdF1Czm3wSwahpduZCnnQ74XR2APzy8dfCb/AILE3/jLxRe/Dv8AbI/Yh8O+BLvXNSuPCGg+J/2Ovil4i8RaP4elupH0rTta16x/ad0Oz1jU7S0MUN5qNto+mwXcyPNHZW6sI1APoT9ljwT+3f4T1PxhL+2J8ev2ePjHpN7ZaOnge0+CHwH8ZfB280O/hmv21y48QXfin4wfE6LXLa+gk0yPT7ezttJexktruSaa6W5jSAA+PP8Agpb+z98RLv8AaV/4J0ft1fDTwX4g+Iifsb/F/wAeWXxf8FeCtHvPEXjfUvg58bfBZ8F6r4p8PeG9MSbWvE7fDrWorDX7/wAPeHbTU/EN7pV5qFxpmk37WUqIAcc/w98S/tX/APBWP4ZftfaL4H8cWP7OX7Gv7MXjTwd4c8U+LvAfijwZqXxP+OXxR1s6jqlp8N9E8Yafoesa3onhDwZZW+manr66ZBpt34k1iXRtNvrt9Ov2iAPo3xh/wUT8QaX+xJJ+1l4c/Yn/AG2b/wAb6xrGseFPCX7MM/7O3jfWvj6+u2Ov6n4ftNc8T+AvAlv4svPD/gOeLTZPFKeJr25gt7zw3LYi0Y6xq2nabOAfIH7FX7bx1D4jW/grw9/wTq/4Kdaf8bv2gfGA8SfGz9ov9pT9kHxV8CPhn9r0/SXlurzX/HXijU76Dw34U8N6FpkPg/4V+BNPiv1gP9haLutoptS1yAA9c+Mv7T+lft/fsiftM/s7fD79mD9qnw98X/id4P8AH/wGi+Gf7RP7NXxJ+GGneGNc8U6ddeHbHx/4m8fa5ok/wlh8JeGor2Px/p+p6f4+v7zVotIg0/QLS98SzWuksAfpt+z58Lf+FIfAz4RfB7+0pNZPwy+HXhHwQ2qzbzJqD+HNEs9Lku2Msk0h897dnHmSu+CNzMeVAPYKACgAoAKACgD5e8fn4wf8Nbfs1Dwz/wAJF/wpI/Cj9pz/AIWybKNT4Z/4TQan+z9/wqL+35CpaPUjaf8ACzf+EfVXUSRjW9wbYu0A+oaAMDxT4jsvCHhzW/FGo2ev6jY6Dpt1ql1Y+FvDWv8AjHxHdw2kTSvb6J4V8K6brHiPX9SlA2Wul6Lpd9qF1KVjt7aRzigD+XbxroX7T/7Pn7W/wd/4LKfD39nz45eKLb9rvxDB8Ef2s/2PvAf7N/xB1r4w/D/4Bxwi3+D/AMU9b8KeHPAlz45g+JXw/tdKS++K6eIUkguZdZuNB8KwanHHpz2QB/UPZarL4l8LQazoC3ulXGt6IL7R18T+H9Y0a/064vrPzbH+3fDGswaPrunz2sskR1DR9Qg07UYWSW1mW2mBKAH5WXXwd/4LZtc3LWf7bv7BMNo08zWsU/7EvxbmnitjIxgjmmX9q6JZZUiKrJIsUau4LCNAQqgH2v8Asu+Ff2uPCnhXxDaftffF34L/ABg8ZXPiH7T4Y1n4KfCPxN8IND0vwz/ZtjF/ZmraN4o+JXxMutT1b+1Y9Quv7Tt9T0+3+x3Fta/YDJbvcSgH5w+Hfhp4l/Yr/wCCr37Wv7SfiXwf401f9nD9uL4PfBq/i8eeBfBHirx9ZfDf4xfA7TtT8Ma74V8aaT4I0nX/ABBo3/Ce6PqGn+IPDmu3ujroWp6gl5oMGqHWhBpzgHmP7KVv8Sv2RvD3/BRz/gpT8TP2av2g/G2uftWftNweMvhx+zx8LPhrc+If2kH+B2m3mi/Dz4bz6v8ADi/1HS73Ttfu7J7zxxrPh+/u7O/8P6NeGDUbW21GC6tkAP0z+Kf7cXg34N/GD4b/AAl8cfBD9q57b4n+CovFmi/FTwP+zp8Rvir8KtI1aSa6jPw58Wa58LtK8Ya34Z+IKQ2j3jaTqvh2309raW28vVnnuYIHAPJP2Jv2ete8MftHftzftcax4Sv/AIb6X+1r8RfAGo+CfAOr6fJoviFPCfw0+HeheCo/Hni3w/KyXPh3xL8RtZsNW8VT6Fq9nZeJdN0++0+38TWlhra3um2gB+mNABQAUAFABQAUAFAHhvhP/hZ3/C9/i3/b39o/8Ku/4Rz4ff8ACA+etmNN/tj7HqH/AAln2FolF60v2j7J9q+1M0Ybb5AUbtwB7lQB80ftYfGbxB8FfhHqmseC/hb46+MHj7xReWHgfwL4O8G/Dbx18RdNbxJ4rvLfRLLW/iIngjQNdk8NfDXw39vbxB4417V/sVrH4c03UraxludWmsrKcA/FL/gnd8N/jT/wSv8A2wviB+wlffDr42fF/wDY9+PtnaftAfCP49+B/wBnnx5feAPgp8Y/GM0n/C0vg/8AEDxN4D8Ct4J8LeH9W1yK58TeD7q6ubey8P6fcfZPEGpWdxe2tjagH7w/HrRfjp4g+GWuaX+zh47+H3w2+LVxLYHw94u+KPgXWPiR4M06KO7ifUk1PwloPi7wNqeovc2QlgtXg8SWItp3SeRZ0QxOAfnP/wAKb/4Lef8AR8P7An/iEHxc/wDosqAP09+Fmn/EnSfh14M034w+JfC3jH4o2Xh/Tbbx34p8EeGr/wAHeEde8TRWyLqup+HvC2qa74n1HQtKu7oSS2emXniHWLi0hZYpb+5Zd9AH4tfsk+Hdf/4JpfHb/gpF4U+JXw2+KuvfCr48/tE+JP2wP2efFvwv+F3jf4maf4wtviT4e0xPEXwZsE8CaLrzaR8RPDPinRbqwsdA8Sroc2u2Go2WsaVLe6Wl7fW4BT/4J7eG/ih/wTW/Y/8Ahe3xl/Z3+NvxF+M/7Y/7XPiTxZ8S/CPwJ8Ex+Pb34J3/AMfvF2ta5pmvfFd49XtYtE8H/Dnw6uk6b498SQ3GoxaXcwTtbw3UMaCgD7X/AOCqDfE/Xv2P/Ffwa+D3h/xdrXjj9pnxZ4G/ZuGo+EdG1PV5fBPg34r69Bo/xR8da6+mW1w+j+H/AA/8L4fGLXGs3ht7O11G50y3ecT3dvFOAeo/GX4y+D/2CPgF8ObqP4L/AB0+JvgHwrdeC/hc+ifs2/CnWPi54h8D6BHpUtonjTWvBXhuSTxN/wAINocWlhdZv9B0vW9QtJLuyji0qdp1FAHzHq3w1P7Xn7en7JX7Vvg/wV408IfDP9lr4ZfGWC78ffEL4e+MvhX4l+I3ib4yReEbHQvA2jeFPiDo/hXxreeGvB2maFq/iLVNdvdBXw1LqniWzsdDvNR1C11pdNAP1joAKACgAoAKACgAoAKACgD/0v7+KACgAoAKACgAoAKACgAoAKACgAoAKACgAoAKACgAoAKACgAoAKACgAoAKACgAoAKACgAoAKACgAoAKACgAoAKACgAoAKACgAoAKACgAoAKACgAoAKACgAoAKACgAoAKACgAoAKACgAoAKACgAoAKAP/T/v4oAKACgAoAKACgAoAKACgAoAKACgAoAKACgAoAKACgAoAKACgAoAKACgAoAKACgAoAKACgAoAKACgAoAKACgAoAKACgAoAKACgAoAKACgAoAKACgAoAKACgAoAKACgAoAKACgAoAKACgAoAKACgAoA/9k=</file>
    </generalfeedback>
    <defaultgrade>3.0000000</defaultgrade>
    <penalty>0.3333333</penalty>
    <hidden>0</hidden>
    <idnumber></idnumber>
    <correctfeedback format="html">
      <text>Vaše odpověď je správná.</text>
    </correctfeedback>
    <partiallycorrectfeedback format="html">
      <text>Vaše odpověď je částečně správná.</text>
    </partiallycorrectfeedback>
    <incorrectfeedback format="html">
      <text>Vaše odpověď je chybná.</text>
    </incorrectfeedback>
    <shownumcorrect/>
<varsrandom><text>h = {0.2, 0.4, 0.6, 0.8, 1};
a = {1, 2, 3};
sig = {0.5, 0.4, 0.3};
k = {1, 2, 3, 4};</text>
</varsrandom>
<varsglobal><text><![CDATA[b=a+5*h;
tau = 0.5*h; p = 2*sig*h;
x = [a, a+h, a+2*h, a+3*h, a+4*h, a+5*h];
u0 = [2*(x[0] -a), 2*(x[1] -a), 2*(x[2] -a), 2*(x[3] -a), 2*(x[4] -a),2*(x[5] -a)];

uA=sig*(u0[k-1] + u0[k+1]) + (1-2*sig)*u0[k] + tau*3*x[k];

f="3(x+t)";
xB=x[k-1]; xA=x[k]; xD=x[k+1];


left = ["\\ln(t+1)", "t", "\\sin(t)", "xt", "5t"];
#right = {"ln(t+1)", "t", "sin(t)", "xt", "5t"};
alpha=left[k];
h10=10*h;

# formulace úlohy (parametry jsou v {}):
#u_t = {p} u_xx + 3(x+t), \Omega = ({x[0]}, {x[5]})x(0, T)
 #u(x,0) = 2(x-{a})
 #u({x[0]},t) = {left}
#u({x[5]},t) = {10*h} - {right}
#Určete přibližnou hodnotu v bodě A = [{x[k]}, {tau}] explicitní metodou, volte
#h = {h} a tau = {tau}.
]]></text>
</varsglobal>
<answernumbering><text>abc</text>
</answernumbering>
<answers>
 <partindex>
  <text>0</text>
 </partindex>
 <placeholder>
  <text></text>
 </placeholder>
 <answermark>
  <text>1</text>
 </answermark>
 <answertype>
  <text>10</text>
 </answertype>
 <numbox>
  <text>2</text>
 </numbox>
 <vars1>
  <text></text>
 </vars1>
 <answer>
  <text>[sig, 1]</text>
 </answer>
 <vars2>
  <text></text>
 </vars2>
 <correctness>
  <text><![CDATA[_relerr < 0.01 || _relerr < 0.01]]></text>
 </correctness>
 <unitpenalty>
  <text>1</text>
 </unitpenalty>
 <postunit>
  <text></text>
 </postunit>
 <ruleid>
  <text>1</text>
 </ruleid>
 <otherrule>
  <text></text>
 </otherrule>
 <subqtext format="html">
<text><![CDATA[<p><b>b)</b> Volte prostorový krok \(h = {h}\), časový krok \(\tau = {tau}\).<br></p><p>Je explicitní schéma pro zadanou úlohu&nbsp; s vybranými kroky \(h\) a \(\tau\) <b>stabilní</b>?</p><p>Uveďte hodnotu, podle které rozhodujete o stabilitě explicitního schématu: {_0}</p><p>Je-li podmínka stability <b>splněna, zadejte 1</b>, pokud <b>není splněna, zadejte 0</b>.</p><p>Je podmínka stability splněna? {_1}</p><b>Dále použijte uvedené kroky </b>\(h = {h}\) a \(\tau = {tau}\) bez ohledu na předcházející výsledek. <br>]]></text>
 </subqtext>
 <feedback format="html">
<text></text>
 </feedback>
 <correctfeedback format="html">
<text></text>
 </correctfeedback>
 <partiallycorrectfeedback format="html">
<text></text>
 </partiallycorrectfeedback>
 <incorrectfeedback format="html">
<text></text>
 </incorrectfeedback>
</answers>
<answers>
 <partindex>
  <text>1</text>
 </partindex>
 <placeholder>
  <text></text>
 </placeholder>
 <answermark>
  <text>1</text>
 </answermark>
 <answertype>
  <text>10</text>
 </answertype>
 <numbox>
  <text>3</text>
 </numbox>
 <vars1>
  <text></text>
 </vars1>
 <answer>
  <text>[u0[k-1], u0[k], u0[k+1]]</text>
 </answer>
 <vars2>
  <text></text>
 </vars2>
 <correctness>
  <text><![CDATA[_relerr < 0.01]]></text>
 </correctness>
 <unitpenalty>
  <text>1</text>
 </unitpenalty>
 <postunit>
  <text></text>
 </postunit>
 <ruleid>
  <text>1</text>
 </ruleid>
 <otherrule>
  <text></text>
 </otherrule>
 <subqtext format="html">
<text><![CDATA[<p><b>c)</b> Určete aproximované hodnoty řešení v bodech \(B=[{xB},\ 0],\ C=[{xA},\ 0],\ D=[{xD},\ 0] \).</p><p>U\(_B = \){_0}, U\(_C = \){_1}, U\(_D = \){_2}</p><br><p></p>]]></text>
 </subqtext>
 <feedback format="html">
<text></text>
 </feedback>
 <correctfeedback format="html">
<text></text>
 </correctfeedback>
 <partiallycorrectfeedback format="html">
<text></text>
 </partiallycorrectfeedback>
 <incorrectfeedback format="html">
<text></text>
 </incorrectfeedback>
</answers>
<answers>
 <partindex>
  <text>2</text>
 </partindex>
 <placeholder>
  <text></text>
 </placeholder>
 <answermark>
  <text>1</text>
 </answermark>
 <answertype>
  <text>10</text>
 </answertype>
 <numbox>
  <text>1</text>
 </numbox>
 <vars1>
  <text></text>
 </vars1>
 <answer>
  <text>uA</text>
 </answer>
 <vars2>
  <text></text>
 </vars2>
 <correctness>
  <text><![CDATA[_relerr < 0.01]]></text>
 </correctness>
 <unitpenalty>
  <text>1</text>
 </unitpenalty>
 <postunit>
  <text></text>
 </postunit>
 <ruleid>
  <text>1</text>
 </ruleid>
 <otherrule>
  <text></text>
 </otherrule>
 <subqtext format="html">
<text><![CDATA[<p><b>d)</b> Určete přibližnou hodnotu řešení v bodě \(A = [{xA},\ {tau}]\) užitím explicitního schématu.</p><p>U\(_A =\) {_0}</p><br>]]></text>
 </subqtext>
 <feedback format="html">
<text></text>
 </feedback>
 <correctfeedback format="html">
<text></text>
 </correctfeedback>
 <partiallycorrectfeedback format="html">
<text></text>
 </partiallycorrectfeedback>
 <incorrectfeedback format="html">
<text></text>
 </incorrectfeedback>
</answers>
  </question>

<!-- question: 152511  -->
  <question type="formulas">
    <name>
      <text>Vlnová rovnice (bez podmínek souhlasu a stability) od Marty Čertíkové (kopie)</text>
    </name>
    <questiontext format="html">
      <text><![CDATA[<p>Je dána <b>smíšená úloha pro vlnovou rovnici</b></p><p>$$
\frac{\partial^{2} u}{\partial t^{2}}={c2}\frac{\partial^{2} u}{\partial x^{2}}+{xt}\quad \mbox{ v oblasti&nbsp; }\Omega=\{[x,t]:x\in({a},\ {b}),\ t&gt;0\},$$</p><p>s <b>počátečními</b> podmínkami: \( u(x,0) =2x,\quad \frac{\partial u}{\partial t}(x,0) =x-{a},\quad x \in \langle {a},\ {b} \rangle\)<br></p><p>a <b>okrajovými</b> podmínkami: \(u({a},\ t) ={a2},\quad u({b},\ t) = {b2} +{h5}t,\quad t \in \langle 0,\ \infty)\).<br></p>]]></text>
    </questiontext>
    <generalfeedback format="html">
      <text><![CDATA[<p>Při řešení smíšené úlohy pro vlnovou rovnici </p><p>$$
\frac{\partial^{2} u}{\partial t^{2}}=\mathbf{c^2}\frac{\partial^{2} u}{\partial
 x^{2}}+f(x,t)\quad \mbox{ v oblasti&nbsp; }\Omega=\{[x,t]:x\in(a,\ b),\ 
t&gt;0\},$$ s počátečními a okrajovými podmínkami</p><p>
$$\left.
\begin{array}{rcl}
u(x,0) &amp;=&amp; \varphi(x) \\
\frac{\partial u}{\partial t}(x,0) &amp;=&amp; \psi(x)
\end{array}
\right\} x \in \langle a,\ b \rangle, \quad&nbsp; \left.
\begin{array}{rcl}
u(a,\ t) &amp;=&amp;\alpha(t) \\ u(b,\ t)&amp;=&amp; \beta(t)
\end{array}
\right\} t \in \langle 0,\ \infty ) $$ se zvolenými kroky \(h\) a \(\tau\) tak, že platí \(\displaystyle \frac{\mathbf{\ c} \tau}{\ h}\leq 1\) lze použít explicitní schéma. <br></p><p></p><p>Hodnoty v nulté časové vrstvě \(U_i^0\) počítáme z počáteční podmínky pro polohu: \(U_i^0 = \varphi(x_i)\).</p><p>Hodnoty v první časové vrstvě \(U_i^1\) lze počítat z počátečních podmínek pro polohu a pro rychlost: \(U_i^1 = \varphi(x_i) + \tau\psi(x_i)\).</p><p>Hodnoty v dalších časových vrstvách \(k+1 = 2,3,\dots \) počítáme:<br></p><p>$$U_i^{k+1} = \frac{c^2\tau^2}{h^2} U_{i-1}^k +2 \left( 1-\frac{c^2\tau^2}{h^2}\right)U_i^k + \frac{c^2\tau^2}{h^2}U_{i+1}^k - U_i^{k-1} + \tau^2 f(x_i,\ t^k)$$</p><p>Hodnoty v krajních bodech \(x_0=a, x_n=b\) počítáme pro všechna \(t\) z okrajových podmínek \(U_0^k = \alpha(t^k), U_n^k = \beta(t^k)\)<br></p>]]></text>
    </generalfeedback>
    <defaultgrade>6.0000000</defaultgrade>
    <penalty>0.0000000</penalty>
    <hidden>0</hidden>
    <idnumber></idnumber>
    <correctfeedback format="html">
      <text>Vaše odpověď je správná.</text>
    </correctfeedback>
    <partiallycorrectfeedback format="html">
      <text>Vaše odpověď je částečně správná.</text>
    </partiallycorrectfeedback>
    <incorrectfeedback format="html">
      <text>Vaše odpověď je chybná.</text>
    </incorrectfeedback>
    <shownumcorrect/>
<varsrandom><text>h = {0.4, 0.8};
a = {0, 1, 2, 3};
k = {1, 2, 3, 4};
c = {1,2};
tau = {0.1, 0.2};</text>
</varsrandom>
<varsglobal><text>c2=c*c;   tau2=2*tau; h5=5*h;
sigma = c*tau/h; sigma2 = sigma*sigma;
x = [a, a+h, a+2*h, a+3*h, a+4*h, a+5*h];
u0 = [2*x[0], 2*x[1], 2*x[2], 2*x[3], 2*x[4], 2*x[5]];
u1 = [2*x[0], 2*x[1]+tau*h, 2*x[2]+2*tau*h, 2*x[3]+3*tau*h, 2*x[4]+4*tau*h, 2*x[5]+5*tau*h];
uA=sigma2*(u1[k-1] + u1[k+1]) + 2*(1-sigma2)*u1[k] - u0[k] + tau*tau*x[k]*tau;
a2=2*a; b=x[5]; b2=2*x[5]; xk=x[k];
#a=x[0];b=x[5];
#u_tt = {c^2} u_xx + xt, \Omega = ({x[0]}, {x[5]})x(0, T)
#u(x,0) = 2x
#u'(x,0) = x-{a}
#u({x[0]},t) = {2*a}
#u({x[5]},t) = {2*x[5]+5*h}t
#Určete přibližnou hodnotu v bodě A = [{x[k]}, {2*tau}] explicitní metodou, volte
</text>
</varsglobal>
<answernumbering><text>abc</text>
</answernumbering>
<answers>
 <partindex>
  <text>0</text>
 </partindex>
 <placeholder>
  <text></text>
 </placeholder>
 <answermark>
  <text>1</text>
 </answermark>
 <answertype>
  <text>10</text>
 </answertype>
 <numbox>
  <text>1</text>
 </numbox>
 <vars1>
  <text></text>
 </vars1>
 <answer>
  <text>1</text>
 </answer>
 <vars2>
  <text></text>
 </vars2>
 <correctness>
  <text><![CDATA[_relerr < 0.01]]></text>
 </correctness>
 <unitpenalty>
  <text>1</text>
 </unitpenalty>
 <postunit>
  <text></text>
 </postunit>
 <ruleid>
  <text>1</text>
 </ruleid>
 <otherrule>
  <text></text>
 </otherrule>
 <subqtext format="html">
<text><![CDATA[<p><b>a)</b> Ověřte, zda jsou splněny <b>podmínky souhlasu</b>. Podmínky, které ověřujete, zapište do odevzdávaného popisu řešení.&nbsp; Tam také zapište, které hodnoty v jakých bodech porovnáváte.<br></p>Jsou-li podmínky souhlasu <b>splněny, zadejte 1</b>, pokud <b>nejsou splněny, zadejte 0</b>.<p>Jsou podmínky souhlasu splněny? {_0}</p><p>Dále pokračujte nezávisle na odpovědi na tuto otázku.<br></p>]]></text>
 </subqtext>
 <feedback format="html">
<text></text>
 </feedback>
 <correctfeedback format="html">
<text></text>
 </correctfeedback>
 <partiallycorrectfeedback format="html">
<text></text>
 </partiallycorrectfeedback>
 <incorrectfeedback format="html">
<text></text>
 </incorrectfeedback>
</answers>
<answers>
 <partindex>
  <text>1</text>
 </partindex>
 <placeholder>
  <text></text>
 </placeholder>
 <answermark>
  <text>1</text>
 </answermark>
 <answertype>
  <text>10</text>
 </answertype>
 <numbox>
  <text>6</text>
 </numbox>
 <vars1>
  <text></text>
 </vars1>
 <answer>
  <text>u0</text>
 </answer>
 <vars2>
  <text></text>
 </vars2>
 <correctness>
  <text><![CDATA[_relerr < 0.01]]></text>
 </correctness>
 <unitpenalty>
  <text>1</text>
 </unitpenalty>
 <postunit>
  <text></text>
 </postunit>
 <ruleid>
  <text>1</text>
 </ruleid>
 <otherrule>
  <text></text>
 </otherrule>
 <subqtext format="html">
<text><![CDATA[<p><b>b)</b> Jsou zadané kroky: prostorový \(h = {h}\) a časový \(\tau = {tau}\).<br></p><p>Určete aproximované hodnoty \(\rm U_i^0,\ i=0,\dots 5\) v <b>nulté časové vrstvě:</b></p><p></p><p>U\(_0^0 = \){_0}</p><p>U\(_1^0 = \){_1}<br></p><p> U\(_2^0 = \){_2} <br></p><p>U\(_3^0 = \){_3}</p><p>U\(_4^0 = \){_4} <br></p><p>U\(_5^0 = \){_5}<br></p>]]></text>
 </subqtext>
 <feedback format="html">
<text></text>
 </feedback>
 <correctfeedback format="html">
<text></text>
 </correctfeedback>
 <partiallycorrectfeedback format="html">
<text></text>
 </partiallycorrectfeedback>
 <incorrectfeedback format="html">
<text></text>
 </incorrectfeedback>
</answers>
<answers>
 <partindex>
  <text>2</text>
 </partindex>
 <placeholder>
  <text></text>
 </placeholder>
 <answermark>
  <text>0.5</text>
 </answermark>
 <answertype>
  <text>10</text>
 </answertype>
 <numbox>
  <text>1</text>
 </numbox>
 <vars1>
  <text></text>
 </vars1>
 <answer>
  <text>u1[0]</text>
 </answer>
 <vars2>
  <text></text>
 </vars2>
 <correctness>
  <text><![CDATA[_relerr < 0.01]]></text>
 </correctness>
 <unitpenalty>
  <text>1</text>
 </unitpenalty>
 <postunit>
  <text></text>
 </postunit>
 <ruleid>
  <text>1</text>
 </ruleid>
 <otherrule>
  <text></text>
 </otherrule>
 <subqtext format="html">
<text><![CDATA[<p><b>c)</b> Určete aproximované hodnoty \(\rm U_i^1,\ i=0,\dots 5\) v <b>první časové vrstvě</b>.</p><p>U\(_0^1 =\){_0}</p>]]></text>
 </subqtext>
 <feedback format="html">
<text></text>
 </feedback>
 <correctfeedback format="html">
<text></text>
 </correctfeedback>
 <partiallycorrectfeedback format="html">
<text></text>
 </partiallycorrectfeedback>
 <incorrectfeedback format="html">
<text></text>
 </incorrectfeedback>
</answers>
<answers>
 <partindex>
  <text>3</text>
 </partindex>
 <placeholder>
  <text></text>
 </placeholder>
 <answermark>
  <text>1</text>
 </answermark>
 <answertype>
  <text>10</text>
 </answertype>
 <numbox>
  <text>4</text>
 </numbox>
 <vars1>
  <text></text>
 </vars1>
 <answer>
  <text>[u1[1],u1[2],u1[3],u1[4]]</text>
 </answer>
 <vars2>
  <text></text>
 </vars2>
 <correctness>
  <text><![CDATA[_relerr < 0.01]]></text>
 </correctness>
 <unitpenalty>
  <text>1</text>
 </unitpenalty>
 <postunit>
  <text></text>
 </postunit>
 <ruleid>
  <text>1</text>
 </ruleid>
 <otherrule>
  <text></text>
 </otherrule>
 <subqtext format="html">
<text><![CDATA[<p>U\(_1^1 = \){_0}<br></p><p></p><p> U\(_2^1 = \){_1} <br></p><p>U\(_3^1 = \){_2}</p><p>U\(_4^1= \){_3} <br></p>]]></text>
 </subqtext>
 <feedback format="html">
<text></text>
 </feedback>
 <correctfeedback format="html">
<text></text>
 </correctfeedback>
 <partiallycorrectfeedback format="html">
<text></text>
 </partiallycorrectfeedback>
 <incorrectfeedback format="html">
<text></text>
 </incorrectfeedback>
</answers>
<answers>
 <partindex>
  <text>4</text>
 </partindex>
 <placeholder>
  <text></text>
 </placeholder>
 <answermark>
  <text>0.5</text>
 </answermark>
 <answertype>
  <text>10</text>
 </answertype>
 <numbox>
  <text>1</text>
 </numbox>
 <vars1>
  <text></text>
 </vars1>
 <answer>
  <text>u1[5]</text>
 </answer>
 <vars2>
  <text></text>
 </vars2>
 <correctness>
  <text><![CDATA[_relerr < 0.01]]></text>
 </correctness>
 <unitpenalty>
  <text>1</text>
 </unitpenalty>
 <postunit>
  <text></text>
 </postunit>
 <ruleid>
  <text>1</text>
 </ruleid>
 <otherrule>
  <text></text>
 </otherrule>
 <subqtext format="html">
<text><![CDATA[<p>U\(_5^1 = \){_0}</p>]]></text>
 </subqtext>
 <feedback format="html">
<text></text>
 </feedback>
 <correctfeedback format="html">
<text></text>
 </correctfeedback>
 <partiallycorrectfeedback format="html">
<text></text>
 </partiallycorrectfeedback>
 <incorrectfeedback format="html">
<text></text>
 </incorrectfeedback>
</answers>
<answers>
 <partindex>
  <text>5</text>
 </partindex>
 <placeholder>
  <text></text>
 </placeholder>
 <answermark>
  <text>1</text>
 </answermark>
 <answertype>
  <text>0</text>
 </answertype>
 <numbox>
  <text>1</text>
 </numbox>
 <vars1>
  <text></text>
 </vars1>
 <answer>
  <text>1</text>
 </answer>
 <vars2>
  <text></text>
 </vars2>
 <correctness>
  <text><![CDATA[_relerr < 0.01]]></text>
 </correctness>
 <unitpenalty>
  <text>1</text>
 </unitpenalty>
 <postunit>
  <text></text>
 </postunit>
 <ruleid>
  <text>1</text>
 </ruleid>
 <otherrule>
  <text></text>
 </otherrule>
 <subqtext format="html">
<text><![CDATA[<p><b>d)</b> Rozhodněte, zda je explicitní schéma při zadané volbě kroků \(h={h},\ \tau = {tau}\) pro zadanou vlnovou rovnici <b>stabilní. </b>Zdůvodnění zapište do odevzdávaného postupu řešení.<br></p><p>Je-li <b>stabilní, zadejte 1,</b> pokud <b>není stabilní, zadejte 0</b>.</p><p>Je explicitní schéma stabilní? {_0}&nbsp;</p><p>Dále pokračujte nezávisle na odpovědi na tuto otázku.<br></p>]]></text>
 </subqtext>
 <feedback format="html">
<text></text>
 </feedback>
 <correctfeedback format="html">
<text></text>
 </correctfeedback>
 <partiallycorrectfeedback format="html">
<text></text>
 </partiallycorrectfeedback>
 <incorrectfeedback format="html">
<text></text>
 </incorrectfeedback>
</answers>
<answers>
 <partindex>
  <text>6</text>
 </partindex>
 <placeholder>
  <text></text>
 </placeholder>
 <answermark>
  <text>1</text>
 </answermark>
 <answertype>
  <text>10</text>
 </answertype>
 <numbox>
  <text>1</text>
 </numbox>
 <vars1>
  <text></text>
 </vars1>
 <answer>
  <text>uA</text>
 </answer>
 <vars2>
  <text></text>
 </vars2>
 <correctness>
  <text><![CDATA[_relerr < 0.01]]></text>
 </correctness>
 <unitpenalty>
  <text>1</text>
 </unitpenalty>
 <postunit>
  <text></text>
 </postunit>
 <ruleid>
  <text>1</text>
 </ruleid>
 <otherrule>
  <text></text>
 </otherrule>
 <subqtext format="html">
<text><![CDATA[<p>Určete aproximovanou hodnotu \(\rm{U}\)&nbsp; v bodě \(A = [{xk}, {tau2}]\) použitím explicitního schématu.</p><p>\( \rm U_A = \) {_0}<br></p>]]></text>
 </subqtext>
 <feedback format="html">
<text></text>
 </feedback>
 <correctfeedback format="html">
<text></text>
 </correctfeedback>
 <partiallycorrectfeedback format="html">
<text></text>
 </partiallycorrectfeedback>
 <incorrectfeedback format="html">
<text></text>
 </incorrectfeedback>
</answers>
  </question>

<!-- question: 0  -->
  <question type="category">
    <category>
      <text>$course$/top/Zkouska NMA BETA/B1</text>
    </category>
    <info format="html">
      <text></text>
    </info>
    <idnumber></idnumber>
  </question>

<!-- question: 177963  -->
  <question type="formulas">
    <name>
      <text>B1 - GS - SPD</text>
    </name>
    <questiontext format="html">
      <text><![CDATA[<p>Je dána soustava rovnic \( \mathbb A \boldsymbol{x} = \boldsymbol{b} \), kde<br></p><p>\[ \mathbb A =&nbsp; \left( \begin{array}{rrr} {a11} &amp; {a12} &amp; {a13} \\ {a21} &amp; {a22} &amp; {a23} \\ {a31} &amp; {a32} &amp; {a33} \end{array} \right) , \qquad&nbsp; \boldsymbol{b} = \left( \begin{array}{r} {b1} \\&nbsp; {b2} \\&nbsp; {b3} \end{array} \right) \]</p><p><br></p><p><br></p>]]></text>
    </questiontext>
    <generalfeedback format="html">
      <text></text>
    </generalfeedback>
    <defaultgrade>17.0000000</defaultgrade>
    <penalty>0.3333333</penalty>
    <hidden>0</hidden>
    <idnumber></idnumber>
    <correctfeedback format="html">
      <text>Vaše odpověď je správná.</text>
    </correctfeedback>
    <partiallycorrectfeedback format="html">
      <text>Vaše odpověď je částečně správná.</text>
    </partiallycorrectfeedback>
    <incorrectfeedback format="html">
      <text>Vaše odpověď je chybná.</text>
    </incorrectfeedback>
    <shownumcorrect/>
<varsrandom><text><![CDATA[a12 = { 0.5, -0.5, -1, -1.5, -2, -2.5,  1, 1.5, 2, 2.5}; 
a23 = { -0.5, 0.5, 1, -1, 1.5 };
naznor = { "řádková", "sloupcová", "Frobeniova"};

X01 = { -2, -1, 1, 2 } ;
X02 = { -1, 2, 3, 1 } ;
X03 = {  -1, 1, 1, 2 } ;

XS = { -4:4:0.5};
XS1 = { -4:4:0.5};
XS3 = { -6:7:0.5};

sort1=shuffle([0:4]);]]></text>
</varsrandom>
<varsglobal><text><![CDATA[a11 = 4;
a13 = a11 - abs(a12);
a22= ceil(abs(a12) + abs(a23)); 
a33= 1 + ceil(4-abs(a12) + abs(a23)); 

a21 = a12;
a31 = a13;
a32 = a23;

det = a11 * a22 * a33 + a12 * a23 * a31 + a13 * a21 * a32 - a13 * a22 * a31 - a11 * a23 * a32 -a12 * a21 * a33;

b1 = a11 * XS + a12 * X02 +  a13 * X03;
b2 = a21 * XS + a22 * XS1 +  a23 * X03;
b3 = a31 * XS + a32 * XS1 +  a33 * XS3;

answers0=["je konvergentní", "není konvergentní"];
answers=[  "matice A je symetrická a pozitivně definitní",  "z jiného důvodu (důvod uveďte)",  "matice A je ostře diagonálně dominantní v řádcích", "matice A je ostře diagonálně dominantní ve sloupcích", "matice A má spektrální poloměr menší než 1"];
answersOLD=[ "je konvergentní (matice je symetrická a pozitivně definitní) ", 
"je konvergentní (matice je ostře diagonálně dominantní v řádcích)",
"je konvergentní (matice je ostře diagonálně dominantní ve sloupcích)",
"není konvergentní",
"je konvergentní (přesto, že matice není ani symetrická pozitivně definitní, ani ostře diagonálně dominantní)"];
otazky1=sublist(answers,sort1);
invsort1=inv(sort1);
ans1 = invsort1[0];

XGS1 = (b1 - a12 * X02    - a13 * X03) / a11;
XGS2 = (b2 - a21 * XGS1 - a23 * X03) / a22;
XGS3 = (b3 - a31 * XGS1 - a32 * XGS2) / a33;

X2GS1 = (b1 - a12 * XGS2  - a13 * XGS3) / a11;
X2GS2 = (b2 - a21 * X2GS1 - a23 * XGS3) / a22;
X2GS3 = (b3 - a31 * X2GS1 - a32 * X2GS2) / a33;


XJ1 = (b1 - a12 * X02    - a13 * X03) / a11;
XJ2 = (b2 - a21 * X01 - a23 * X03) / a22;
XJ3 = (b3 - a31 * X01 - a32 * X02) / a33;

theory1=["\\( \\rho(\\mathbb B) < \\| \\mathbb B\\| \\)", "\\( \\rho(\\mathbb B) = \\| \\mathbb B\\| \\)", "\\( \\rho(\\mathbb B) > \\| \\mathbb B\\| \\)", "\\( \\rho(\\mathbb B) \\ge \\| \\mathbb B\\| \\)", "\\( \\rho(\\mathbb B) \\le \\| \\mathbb B \\| \\)"];


]]></text>
</varsglobal>
<answernumbering><text>abc</text>
</answernumbering>
<answers>
 <partindex>
  <text>0</text>
 </partindex>
 <placeholder>
  <text></text>
 </placeholder>
 <answermark>
  <text>2</text>
 </answermark>
 <answertype>
  <text>0</text>
 </answertype>
 <numbox>
  <text>1</text>
 </numbox>
 <vars1>
  <text></text>
 </vars1>
 <answer>
  <text>0</text>
 </answer>
 <vars2>
  <text></text>
 </vars2>
 <correctness>
  <text><![CDATA[_relerr < 0.01]]></text>
 </correctness>
 <unitpenalty>
  <text>1</text>
 </unitpenalty>
 <postunit>
  <text></text>
 </postunit>
 <ruleid>
  <text>1</text>
 </ruleid>
 <otherrule>
  <text></text>
 </otherrule>
 <subqtext format="html">
<text><![CDATA[<p><b>a) </b>Určete, zda pro danou soustavu rovnic je Gaussova-Seidelova iterační metoda konvergentní:</p><p> Gauss-Seidelova metoda {_0:answers0:MCE}. <br></p>]]></text>
 </subqtext>
 <feedback format="html">
<text></text>
 </feedback>
 <correctfeedback format="html">
<text></text>
 </correctfeedback>
 <partiallycorrectfeedback format="html">
<text></text>
 </partiallycorrectfeedback>
 <incorrectfeedback format="html">
<text></text>
 </incorrectfeedback>
</answers>
<answers>
 <partindex>
  <text>1</text>
 </partindex>
 <placeholder>
  <text></text>
 </placeholder>
 <answermark>
  <text>3</text>
 </answermark>
 <answertype>
  <text>0</text>
 </answertype>
 <numbox>
  <text>1</text>
 </numbox>
 <vars1>
  <text></text>
 </vars1>
 <answer>
  <text>ans1</text>
 </answer>
 <vars2>
  <text></text>
 </vars2>
 <correctness>
  <text><![CDATA[_relerr < 0.01]]></text>
 </correctness>
 <unitpenalty>
  <text>1</text>
 </unitpenalty>
 <postunit>
  <text></text>
 </postunit>
 <ruleid>
  <text>1</text>
 </ruleid>
 <otherrule>
  <text></text>
 </otherrule>
 <subqtext format="html">
<text>Metoda konverguje/nekonverguje neboť {_0:otazky1:MCE}</text>
 </subqtext>
 <feedback format="html">
<text></text>
 </feedback>
 <correctfeedback format="html">
<text></text>
 </correctfeedback>
 <partiallycorrectfeedback format="html">
<text></text>
 </partiallycorrectfeedback>
 <incorrectfeedback format="html">
<text></text>
 </incorrectfeedback>
</answers>
<answers>
 <partindex>
  <text>2</text>
 </partindex>
 <placeholder>
  <text></text>
 </placeholder>
 <answermark>
  <text>6</text>
 </answermark>
 <answertype>
  <text>100</text>
 </answertype>
 <numbox>
  <text>3</text>
 </numbox>
 <vars1>
  <text></text>
 </vars1>
 <answer>
  <text>[XGS1,XGS2,XGS3]</text>
 </answer>
 <vars2>
  <text></text>
 </vars2>
 <correctness>
  <text><![CDATA[_relerr < 0.01]]></text>
 </correctness>
 <unitpenalty>
  <text>1</text>
 </unitpenalty>
 <postunit>
  <text></text>
 </postunit>
 <ruleid>
  <text>1</text>
 </ruleid>
 <otherrule>
  <text></text>
 </otherrule>
 <subqtext format="html">
<text><![CDATA[<b>b)</b> Volte \( X^{(0)} = ( {X01}, {X02}, {X03})^T\) a určete první iteraci pomocí Gauss-Seidelovy iterační metody <br>
\( X^{(1)} = ( \) {_0} , {_1}, {_2} \( )^T \).]]></text>
 </subqtext>
 <feedback format="html">
<text></text>
 </feedback>
 <correctfeedback format="html">
<text></text>
 </correctfeedback>
 <partiallycorrectfeedback format="html">
<text></text>
 </partiallycorrectfeedback>
 <incorrectfeedback format="html">
<text></text>
 </incorrectfeedback>
</answers>
<answers>
 <partindex>
  <text>3</text>
 </partindex>
 <placeholder>
  <text></text>
 </placeholder>
 <answermark>
  <text>6</text>
 </answermark>
 <answertype>
  <text>100</text>
 </answertype>
 <numbox>
  <text>3</text>
 </numbox>
 <vars1>
  <text></text>
 </vars1>
 <answer>
  <text>[X2GS1,X2GS2,X2GS3]</text>
 </answer>
 <vars2>
  <text></text>
 </vars2>
 <correctness>
  <text><![CDATA[_relerr < 0.01]]></text>
 </correctness>
 <unitpenalty>
  <text>1</text>
 </unitpenalty>
 <postunit>
  <text></text>
 </postunit>
 <ruleid>
  <text>1</text>
 </ruleid>
 <otherrule>
  <text></text>
 </otherrule>
 <subqtext format="html">
<text><![CDATA[<p><b></b></p><b>c)</b> Volte \( X^{(0)} = ({X01}, {X02}, {X03})^T \) a určete druhou iteraci pomocí Gauss-Seidelovy iterační metody<br>
\( X^{(2)} = ( \){_0},  {_1}, {_2} \( )^T \).<p><br></p>]]></text>
 </subqtext>
 <feedback format="html">
<text></text>
 </feedback>
 <correctfeedback format="html">
<text></text>
 </correctfeedback>
 <partiallycorrectfeedback format="html">
<text></text>
 </partiallycorrectfeedback>
 <incorrectfeedback format="html">
<text></text>
 </incorrectfeedback>
</answers>
  </question>

<!-- question: 177964  -->
  <question type="formulas">
    <name>
      <text>B1 - GS metoda, nutná a postačující podmínka</text>
    </name>
    <questiontext format="html">
      <text><![CDATA[<p>Je dána soustava rovnic \( \mathbb A \boldsymbol{x} = \boldsymbol{b} \), kde <br></p><p>\[ \mathbb A = \left(\begin{array}{rrr} {a11} &amp; {a12} &amp; {a13} \\ {a21} &amp; {a22} &amp; {a23} \\ {a31} &amp; {a32} &amp; {a33} \end{array}\right),\qquad \boldsymbol b = \left(\begin{array}{r} {b1}&nbsp; \\ 
{b2}&nbsp; \\ {b3} 
\end{array}\right), \]</p><p><br></p>]]></text>
    </questiontext>
    <generalfeedback format="html">
      <text><![CDATA[<br><p><br></p>]]></text>
    </generalfeedback>
    <defaultgrade>17.0000000</defaultgrade>
    <penalty>0.3333333</penalty>
    <hidden>0</hidden>
    <idnumber></idnumber>
    <correctfeedback format="html">
      <text>Vaše odpověď je správná.</text>
    </correctfeedback>
    <partiallycorrectfeedback format="html">
      <text>Vaše odpověď je částečně správná.</text>
    </partiallycorrectfeedback>
    <incorrectfeedback format="html">
      <text>Vaše odpověď je chybná.</text>
    </incorrectfeedback>
<varsrandom><text>a12 = {-3, 3, -2, -1,-0.5, -0.4, 0.4, 0.5, 1, 2}; 
a13 = {3, -3, -2, -1,-0.5, 0.5, 1, 2, 1.5}; 
a23 ={-2, -1,-0.5, 1.5, 0.5, 1, 2, 1.5, -1.5}; 

X01 = { -10:10 } ;
X02 = { -10:10 } ;
X03 = { -10:10 } ;

XS1 = { -4:4:0.5};
XS2 = { -4:4:0.5};
XS3 = { -8:8:0.5};

sort1 = shuffle([0:4]);
sort2 = shuffle([0:5]);</text>
</varsrandom>
<varsglobal><text><![CDATA[answers0=["je konvergentní", "není konvergentní"];
answers=[ "z jiného důvodu (důvod uveďte)",   "matice A je symetrická a pozitivně definitní",  "matice A je ostře diagonálně dominantní v řádcích", "matice A je ostře diagonálně dominantní ve sloupcích", "matice A má spektrální poloměr menší než 1"];
otazky1=sublist(answers,sort1);
invsort1=inv(sort1);
ans1 = invsort1[0];

answers2=[   "\\( U_{GS} = -(L + D)^{-1} R \\)",
                        "\\( U_{GS} = -D^{-1} (L + R) \\)",
                       "\\( U_{GS} = (L + D)^{-1} R \\)",
                        "\\( U_{GS} = -(L + R)^{-1} D \\)",
                        "\\( U_{GS} = -(R + D)^{-1} L \\)"];

answersAlt=[  "Je-li matice \\( \\mathbb A \\) ostře diagonálně dominantní v řádcích, pak řádková norma matice \\( \\mathbb U_J \\)  je ostře menší než jedna.",
    "Pokud konverguje Gauss-Seidelova iterační metoda,  konverguje také Jacobiho iterační metoda.", 
    "Pokud konverguje Jacobiho iterační metoda,  konverguje také Gauss-Seidelova iterační metoda.",
    "Jacobiho iterační metoda konverguje právě když konverguje Gauss-Seidelova iterační metoda.",
    "Je-li matice \\( \\mathbb A \\) ostře diagonálně dominantní ve sloupcích pak Euklidovská norma matice \\( \\mathbb U_J \\)  je ostře menší než jedna."];
otazky2=sublist(answers2, sort2);
invsort2=inv(sort2);
ans2 = invsort2[0];



a21 =  a12;  a31 = -a13;  a32 = a23;

a11 = abs(a12) + abs(a13);
a22 = abs(a21) + abs(a23);
a33 = abs(a31) + abs(a32);

aaa = a11 * a22 * a33; 
bbb = a21 * a32 * a13 - a13 * a22 * a31 - a23 * a32 * a11 - a12 * a21 * a33; 
ccc = a31 * a12* a23;

ddd = bbb*bbb - 4*aaa*ccc;

rhoGS =(ddd>0 ? round(max(abs((sqrt(ddd)-bbb)/(2*aaa)), abs((sqrt(ddd)+bbb)/(2*aaa))),4) : round(sqrt(bbb*bbb+ abs(ddd))/abs(2*aaa) , 4));

b1 = a11 * X01 + a12 * XS2 +  a13 * XS3;
b2 = a21 * X01 + a22 * X02  +  a23 * XS3;
b3 = a31 * X01 + a32 * X02 +  a33 * X03;

XGS1 = (b1 - a12 * XS2 - a13 * XS3) / a11;
XGS2 = (b2 - a21 * XGS1 - a23 * XS3) / a22;
XGS3 = (b3 - a31 * XGS1 - a32 * XGS2) / a33;

X2GS1 = (b1 - a12 * XGS2 - a13 * XGS3) / a11;
X2GS2 = (b2 - a21 * X2GS1 - a23 * XGS3) / a22;
X2GS3 = (b3 - a31 * X2GS1 - a32 * X2GS2) / a33;

]]></text>
</varsglobal>
<answernumbering><text>abc</text>
</answernumbering>
<answers>
 <partindex>
  <text>0</text>
 </partindex>
 <placeholder>
  <text></text>
 </placeholder>
 <answermark>
  <text>1</text>
 </answermark>
 <answertype>
  <text>0</text>
 </answertype>
 <numbox>
  <text>1</text>
 </numbox>
 <vars1>
  <text></text>
 </vars1>
 <answer>
  <text>0</text>
 </answer>
 <vars2>
  <text></text>
 </vars2>
 <correctness>
  <text><![CDATA[_err < 0.01]]></text>
 </correctness>
 <unitpenalty>
  <text>1</text>
 </unitpenalty>
 <postunit>
  <text></text>
 </postunit>
 <ruleid>
  <text>1</text>
 </ruleid>
 <otherrule>
  <text></text>
 </otherrule>
 <subqtext format="html">
<text><![CDATA[<p><b>a) Rozhodněte, zda pro danou soustavu rovnic je Gaussova-Seidelova metoda konvergentní. Zdůvodněte!</b> <br>
Gauss-Seidelova metoda {_0:answers0:MCE}.<br></p>]]></text>
 </subqtext>
 <feedback format="html">
<text><![CDATA[<p></p><p><br></p><br><p></p>]]></text>
 </feedback>
 <correctfeedback format="html">
<text><![CDATA[<p>správně<br></p>]]></text>
 </correctfeedback>
 <partiallycorrectfeedback format="html">
<text></text>
 </partiallycorrectfeedback>
 <incorrectfeedback format="html">
<text><![CDATA[<p>chybně;</p><p>Spektrální poloměr Jacobiho iterační matice ( \(\rho(U_J) \) ) určíme z matice&nbsp; ( \(\mathbf{A}\) ).</p><p>Nejprve určíme \(\lambda_1, \lambda_2, \lambda_3 \) pro které platí</p><p>det
 \( \left( \begin{array}{rrr}{a11} \lambda &amp; {a12} &amp;{a13}\\ 
{a21}&amp; {a22}&nbsp;\lambda &amp;{a23} \\{a31}&amp;{a32}&amp; {a33} 
\lambda\end{array}\right) = 0\)</p><p>\(\rho(U_J) = \max \{ | \lambda_1|, |\lambda_2|, |\lambda_3| \}&nbsp; \) </p><br><p></p>]]></text>
 </incorrectfeedback>
</answers>
<answers>
 <partindex>
  <text>1</text>
 </partindex>
 <placeholder>
  <text></text>
 </placeholder>
 <answermark>
  <text>1</text>
 </answermark>
 <answertype>
  <text>0</text>
 </answertype>
 <numbox>
  <text>1</text>
 </numbox>
 <vars1>
  <text></text>
 </vars1>
 <answer>
  <text>ans1</text>
 </answer>
 <vars2>
  <text></text>
 </vars2>
 <correctness>
  <text><![CDATA[_relerr < 0.01]]></text>
 </correctness>
 <unitpenalty>
  <text>1</text>
 </unitpenalty>
 <postunit>
  <text></text>
 </postunit>
 <ruleid>
  <text>1</text>
 </ruleid>
 <otherrule>
  <text></text>
 </otherrule>
 <subqtext format="html">
<text><![CDATA[Tato metoda je konvergentní/divergentní neboť&nbsp; {_0:otazky1:MCE}.<br>]]></text>
 </subqtext>
 <feedback format="html">
<text></text>
 </feedback>
 <correctfeedback format="html">
<text></text>
 </correctfeedback>
 <partiallycorrectfeedback format="html">
<text></text>
 </partiallycorrectfeedback>
 <incorrectfeedback format="html">
<text></text>
 </incorrectfeedback>
</answers>
<answers>
 <partindex>
  <text>2</text>
 </partindex>
 <placeholder>
  <text></text>
 </placeholder>
 <answermark>
  <text>3</text>
 </answermark>
 <answertype>
  <text>100</text>
 </answertype>
 <numbox>
  <text>1</text>
 </numbox>
 <vars1>
  <text></text>
 </vars1>
 <answer>
  <text>rhoGS</text>
 </answer>
 <vars2>
  <text></text>
 </vars2>
 <correctness>
  <text><![CDATA[_relerr < 0.01]]></text>
 </correctness>
 <unitpenalty>
  <text>1</text>
 </unitpenalty>
 <postunit>
  <text></text>
 </postunit>
 <ruleid>
  <text>1</text>
 </ruleid>
 <otherrule>
  <text></text>
 </otherrule>
 <subqtext format="html">
<text><![CDATA[<p></p><p><b>b) Určete spektrální poloměr Gauss-Seidlovy iterační matice</b> \( U_{GS} \). <br></p><p>\(\rho(U_{GS}) \) = {_0}</p><br><p></p>]]></text>
 </subqtext>
 <feedback format="html">
<text></text>
 </feedback>
 <correctfeedback format="html">
<text></text>
 </correctfeedback>
 <partiallycorrectfeedback format="html">
<text></text>
 </partiallycorrectfeedback>
 <incorrectfeedback format="html">
<text></text>
 </incorrectfeedback>
</answers>
<answers>
 <partindex>
  <text>3</text>
 </partindex>
 <placeholder>
  <text></text>
 </placeholder>
 <answermark>
  <text>6</text>
 </answermark>
 <answertype>
  <text>100</text>
 </answertype>
 <numbox>
  <text>3</text>
 </numbox>
 <vars1>
  <text></text>
 </vars1>
 <answer>
  <text>[XGS1,XGS2,XGS3]</text>
 </answer>
 <vars2>
  <text></text>
 </vars2>
 <correctness>
  <text><![CDATA[_relerr < 0.01]]></text>
 </correctness>
 <unitpenalty>
  <text>1</text>
 </unitpenalty>
 <postunit>
  <text></text>
 </postunit>
 <ruleid>
  <text>1</text>
 </ruleid>
 <otherrule>
  <text></text>
 </otherrule>
 <subqtext format="html">
<text><![CDATA[<b>c) </b>Volte \( X^{(0)} = ( {XS1} ,  {XS2}, {XS3} )^T \) a určete první iteraci pomocí Gauss-Seidlovy iterační metody <br>
\( X^{(1)} = ( \) {_0}, {_1}, {_2} \( )^T \).<br>]]></text>
 </subqtext>
 <feedback format="html">
<text></text>
 </feedback>
 <correctfeedback format="html">
<text></text>
 </correctfeedback>
 <partiallycorrectfeedback format="html">
<text></text>
 </partiallycorrectfeedback>
 <incorrectfeedback format="html">
<text></text>
 </incorrectfeedback>
</answers>
<answers>
 <partindex>
  <text>4</text>
 </partindex>
 <placeholder>
  <text></text>
 </placeholder>
 <answermark>
  <text>6</text>
 </answermark>
 <answertype>
  <text>100</text>
 </answertype>
 <numbox>
  <text>3</text>
 </numbox>
 <vars1>
  <text></text>
 </vars1>
 <answer>
  <text>[X2GS1,X2GS2,X2GS3]</text>
 </answer>
 <vars2>
  <text></text>
 </vars2>
 <correctness>
  <text><![CDATA[_relerr < 0.01]]></text>
 </correctness>
 <unitpenalty>
  <text>1</text>
 </unitpenalty>
 <postunit>
  <text></text>
 </postunit>
 <ruleid>
  <text>1</text>
 </ruleid>
 <otherrule>
  <text></text>
 </otherrule>
 <subqtext format="html">
<text><![CDATA[<p><b></b></p><p>Určete druhou iteraci pomocí Gauss-Seidelovy iterační metody:</p><p>\( X^{(2)} = ( \) {_0}, {_1}, {_2} \( )^T \).</p><p><br></p>]]></text>
 </subqtext>
 <feedback format="html">
<text></text>
 </feedback>
 <correctfeedback format="html">
<text></text>
 </correctfeedback>
 <partiallycorrectfeedback format="html">
<text></text>
 </partiallycorrectfeedback>
 <incorrectfeedback format="html">
<text></text>
 </incorrectfeedback>
</answers>
    <hint format="html">
      <text></text>
      <clearwrong/>
    </hint>
  </question>

<!-- question: 177965  -->
  <question type="formulas">
    <name>
      <text>B1 - GS/Jacobi - ODD radky</text>
    </name>
    <questiontext format="html">
      <text><![CDATA[<p>Je dána soustava rovnic \( \mathbb A \boldsymbol{x} = \boldsymbol{b} \), kde<br></p><p>\[ \mathbb A =&nbsp; \left( \begin{array}{rrr} {a11} &amp; {a12} &amp; {a13} \\ {a21} &amp; {a22} &amp; {a23} \\ {a31} &amp; {a32} &amp; {a33} \end{array} \right) , \qquad&nbsp; \boldsymbol{b} = \left( \begin{array}{r} {b1} \\&nbsp; {b2} \\&nbsp; {b3} \end{array} \right) \]<br></p>]]></text>
    </questiontext>
    <generalfeedback format="html">
      <text></text>
    </generalfeedback>
    <defaultgrade>17.0000000</defaultgrade>
    <penalty>0.3333333</penalty>
    <hidden>0</hidden>
    <idnumber></idnumber>
    <correctfeedback format="html">
      <text>Vaše odpověď je správná.</text>
    </correctfeedback>
    <partiallycorrectfeedback format="html">
      <text>Vaše odpověď je částečně správná.</text>
    </partiallycorrectfeedback>
    <incorrectfeedback format="html">
      <text>Vaše odpověď je chybná.</text>
    </incorrectfeedback>
    <shownumcorrect/>
<varsrandom><text><![CDATA[a12 = { -1, 1, 2, -2, 3, -3 };
a21 = { 1, 0, -1, -2, 2, 3, -3 };
a13 = { -1, 1, 0.5, -0.5}; 
a23 = { -1, 1, 2, -2, 3, -3 };
a31 = { 0, -1.5, 1.5, 2, -2, 2.5, -2.5}; 
naznor = { "řádková", "sloupcová", "Frobeniova"};
sort1=shuffle([0:4]);

X01 = { -10:10 } ;
X02 = { -10:10 } ;
X03 = { -10:10 } ;

XS = { -4:4:0.5};
XS1 = { -4:4:0.5};
XS3 = { -6:7:0.25};

bS3 = { -2:2:0.5};]]></text>
</varsrandom>
<varsglobal><text><![CDATA[a11=ceil(abs(a12)+abs(a13)+0.1);
a22=-ceil(abs(a21) + abs(a23) + 0.1);
a32 = abs(a22) - abs(a12);
a33=ceil(abs(a31) + abs(a32) + 0.05);

b1 = a11 * XS + a12 * X02 +  a13 * X03;
b2 = a21 * XS + a22 * XS1 +  a23 * X03;
b3 = a31 * XS + a32 * XS1 +  a33 * XS3;

answersOLD=[ "Obě metody jsou konvergentní", "Jacobiho metoda je konvergentní,  Gauss-Seidelova metoda není konvergentní", "Jacobiho metoda je konvergentní, Gauss-Seidelova metoda není konvergentní", "Ani jedna z metod není konvergentní"];
answers0=["je konvergentní", "není konvergentní"];
answersGS0=["je konvergentní", "není konvergentní"];
answers=[  "matice A je symetrická a pozitivně definitní",  "z jiného důvodu (důvod uveďte)",  "matice A je ostře diagonálně dominantní v řádcích", "matice A je ostře diagonálně dominantní ve sloupcích", "matice A má spektrální poloměr menší než 1"];
answersGS=[  "matice A je symetrická a pozitivně definitní",  "z jiného důvodu (důvod uveďte)",  "matice A je ostře diagonálně dominantní v řádcích", "matice A je ostře diagonálně dominantní ve sloupcích", "matice A má spektrální poloměr menší než 1"];
ans = 0;
otazky1=sublist(answers,sort1);
invsort1=inv(sort1);
ans1 = invsort1[2];
ans2 = invsort1[2];
otazky2=sublist(answersGS,sort1);

XGS1 = (b1 - a12 * X02    - a13 * X03) / a11;
XGS2 = (b2 - a21 * XGS1 - a23 * X03) / a22;
XGS3 = (b3 - a31 * XGS1 - a32 * XGS2) / a33;


XJ1 = (b1 - a12 * X02    - a13 * X03) / a11;
XJ2 = (b2 - a21 * X01 - a23 * X03) / a22;
XJ3 = (b3 - a31 * X01 - a32 * X02) / a33;

theory1=["\\( \\rho(\\mathbb B) < \\| \\mathbb B\\| \\)", "\\( \\rho(\\mathbb B) = \\| \\mathbb B\\| \\)", "\\( \\rho(\\mathbb B) > \\| \\mathbb B\\| \\)", "\\( \\rho(\\mathbb B) \\ge \\| \\mathbb B\\| \\)", "\\( \\rho(\\mathbb B) \\le \\| \\mathbb B \\| \\)"];


]]></text>
</varsglobal>
<answernumbering><text>abc</text>
</answernumbering>
<answers>
 <partindex>
  <text>0</text>
 </partindex>
 <placeholder>
  <text></text>
 </placeholder>
 <answermark>
  <text>2.5</text>
 </answermark>
 <answertype>
  <text>0</text>
 </answertype>
 <numbox>
  <text>2</text>
 </numbox>
 <vars1>
  <text></text>
 </vars1>
 <answer>
  <text>[0,ans1]</text>
 </answer>
 <vars2>
  <text></text>
 </vars2>
 <correctness>
  <text><![CDATA[_relerr < 0.01]]></text>
 </correctness>
 <unitpenalty>
  <text>1</text>
 </unitpenalty>
 <postunit>
  <text></text>
 </postunit>
 <ruleid>
  <text>1</text>
 </ruleid>
 <otherrule>
  <text></text>
 </otherrule>
 <subqtext format="html">
<text><![CDATA[<b>a) Rozhodněte, zda pro danou soustavu rovnic jsou Jacobiho a Gaussova-Seidelova metoda konvergentní. Zdůvodněte!</b> <br>
Jacobiho metoda {_0:answers0:MCE} neboť {_1:otazky1:MCE}]]></text>
 </subqtext>
 <feedback format="html">
<text></text>
 </feedback>
 <correctfeedback format="html">
<text></text>
 </correctfeedback>
 <partiallycorrectfeedback format="html">
<text></text>
 </partiallycorrectfeedback>
 <incorrectfeedback format="html">
<text></text>
 </incorrectfeedback>
</answers>
<answers>
 <partindex>
  <text>1</text>
 </partindex>
 <placeholder>
  <text></text>
 </placeholder>
 <answermark>
  <text>2.5</text>
 </answermark>
 <answertype>
  <text>0</text>
 </answertype>
 <numbox>
  <text>2</text>
 </numbox>
 <vars1>
  <text></text>
 </vars1>
 <answer>
  <text>[0,ans2]</text>
 </answer>
 <vars2>
  <text></text>
 </vars2>
 <correctness>
  <text><![CDATA[_relerr < 0.01]]></text>
 </correctness>
 <unitpenalty>
  <text>1</text>
 </unitpenalty>
 <postunit>
  <text></text>
 </postunit>
 <ruleid>
  <text>1</text>
 </ruleid>
 <otherrule>
  <text></text>
 </otherrule>
 <subqtext format="html">
<text><![CDATA[Gauss-Seidelova metoda {_0:answersGS0:MCE} neboť {_1:otazky2:MCE}<br>]]></text>
 </subqtext>
 <feedback format="html">
<text></text>
 </feedback>
 <correctfeedback format="html">
<text></text>
 </correctfeedback>
 <partiallycorrectfeedback format="html">
<text></text>
 </partiallycorrectfeedback>
 <incorrectfeedback format="html">
<text></text>
 </incorrectfeedback>
</answers>
<answers>
 <partindex>
  <text>2</text>
 </partindex>
 <placeholder>
  <text></text>
 </placeholder>
 <answermark>
  <text>6</text>
 </answermark>
 <answertype>
  <text>100</text>
 </answertype>
 <numbox>
  <text>3</text>
 </numbox>
 <vars1>
  <text></text>
 </vars1>
 <answer>
  <text>[XGS1,XGS2,XGS3]</text>
 </answer>
 <vars2>
  <text></text>
 </vars2>
 <correctness>
  <text><![CDATA[_relerr < 0.01]]></text>
 </correctness>
 <unitpenalty>
  <text>1</text>
 </unitpenalty>
 <postunit>
  <text></text>
 </postunit>
 <ruleid>
  <text>1</text>
 </ruleid>
 <otherrule>
  <text></text>
 </otherrule>
 <subqtext format="html">
<text><![CDATA[<b>b) Volte</b> \( X^{(0)} = ({X01}, {X02}, {X03})^T\) a určete první iteraci pomocí Gauss-Seidelovy iterační metody<br>
\( X^{(1)} = ( \) {_0}, {_1}, {_2} \( )^T \)]]></text>
 </subqtext>
 <feedback format="html">
<text></text>
 </feedback>
 <correctfeedback format="html">
<text></text>
 </correctfeedback>
 <partiallycorrectfeedback format="html">
<text></text>
 </partiallycorrectfeedback>
 <incorrectfeedback format="html">
<text></text>
 </incorrectfeedback>
</answers>
<answers>
 <partindex>
  <text>3</text>
 </partindex>
 <placeholder>
  <text></text>
 </placeholder>
 <answermark>
  <text>6</text>
 </answermark>
 <answertype>
  <text>100</text>
 </answertype>
 <numbox>
  <text>3</text>
 </numbox>
 <vars1>
  <text></text>
 </vars1>
 <answer>
  <text>[XJ1,XJ2,XJ3]</text>
 </answer>
 <vars2>
  <text></text>
 </vars2>
 <correctness>
  <text><![CDATA[_relerr < 0.01]]></text>
 </correctness>
 <unitpenalty>
  <text>1</text>
 </unitpenalty>
 <postunit>
  <text></text>
 </postunit>
 <ruleid>
  <text>1</text>
 </ruleid>
 <otherrule>
  <text></text>
 </otherrule>
 <subqtext format="html">
<text><![CDATA[<b></b><p><b>c)</b> Volte \( X^{(0)} = ( {X01} ,  {X02}, {X03} )^T \) a určete první iteraci pomocí Jacobiho iterační metody </p>
\( X^{(1)} = ( \) {_0}, {_1}, {_2} \( )^T \).]]></text>
 </subqtext>
 <feedback format="html">
<text></text>
 </feedback>
 <correctfeedback format="html">
<text></text>
 </correctfeedback>
 <partiallycorrectfeedback format="html">
<text></text>
 </partiallycorrectfeedback>
 <incorrectfeedback format="html">
<text></text>
 </incorrectfeedback>
</answers>
  </question>

<!-- question: 177966  -->
  <question type="formulas">
    <name>
      <text>B1 - GS/Jacobi - ODD sloupce</text>
    </name>
    <questiontext format="html">
      <text><![CDATA[<p>Je dána soustava rovnic \( \mathbb A x = \boldsymbol{b} \), kde<br></p><p>\[ \mathbb A =&nbsp; \left( \begin{array}{rrr} {a11} &amp; {a12} &amp; {a13} \\ {a21} &amp; {a22} &amp; {a23} \\ {a31} &amp; {a32} &amp; {a33} \end{array} \right) , \qquad&nbsp; \boldsymbol{b} = \left( \begin{array}{r} {b1} \\&nbsp; {b2} \\&nbsp; {b3} \end{array} \right) \]<br></p>]]></text>
    </questiontext>
    <generalfeedback format="html">
      <text></text>
    </generalfeedback>
    <defaultgrade>16.0000000</defaultgrade>
    <penalty>0.3333333</penalty>
    <hidden>0</hidden>
    <idnumber></idnumber>
    <correctfeedback format="html">
      <text>Vaše odpověď je správná.</text>
    </correctfeedback>
    <partiallycorrectfeedback format="html">
      <text>Vaše odpověď je částečně správná.</text>
    </partiallycorrectfeedback>
    <incorrectfeedback format="html">
      <text>Vaše odpověď je chybná.</text>
    </incorrectfeedback>
    <shownumcorrect/>
<varsrandom><text><![CDATA[a12 = { -1, 1, 2, -2, 3, -3 };
a21 = { 1, 0, -1, -2, 2, 3, -3 };
a13 = { -1, 1, 0.5, -0.5}; 
a23 = { -1, 1, 2, -2, 3, -3 };
a31 = { 0, -1.5, 1.5, 2, -2, 2.5, -2.5}; 
naznor = { "řádková", "sloupcová", "Frobeniova"};

X01 = { -10:10 } ;
X02 = { -10:10 } ;
X03 = { -10:10 } ;

XS = { -4:4:0.5};
XS1 = { -4:4:0.5};
XS3 = { -6:7:0.25};
sort1=shuffle([0:4]);]]></text>
</varsrandom>
<varsglobal><text><![CDATA[a11=ceil(abs(a21)+abs(a31)+0.1);
a33=ceil(abs(a13) + abs(a23) + 0.05);
a32 = abs(a33) - abs(a13);
a22=-ceil(abs(a12) + abs(a32) + 0.1);

b1 = a11 * XS + a12 * X02 +  a13 * X03;
b2 = a21 * XS + a22 * XS1 +  a23 * X03;
b3 = a31 * XS + a32 * XS1 +  a33 * XS3;

answersGS=[ "Obě metody jsou konvergentní", "Jacobiho metoda je konvergentní,  Gauss-Seidelova metoda není konvergentní", "Jacobiho metoda je konvergentní, Gauss-Seidelova metoda není konvergentní", "Ani jedna z metod není konvergentní"];
answers0=["je konvergentní", "není konvergentní"];
answersGS0=["je konvergentní", "není konvergentní"];
answers=[  "matice A je symetrická a pozitivně definitní",  "z jiného důvodu (důvod uveďte)",  "matice A je ostře diagonálně dominantní v řádcích", "matice A je ostře diagonálně dominantní ve sloupcích", "matice A má spektrální poloměr menší než 1"];
answersGS=[  "matice A je symetrická a pozitivně definitní",  "z jiného důvodu (důvod uveďte)",  "matice A je ostře diagonálně dominantní v řádcích", "matice A je ostře diagonálně dominantní ve sloupcích", "matice A má spektrální poloměr menší než 1"];
ans = 0;
otazky1=sublist(answers,sort1);
invsort1=inv(sort1);
ans1 = invsort1[3];
ans2 = invsort1[3];
otazky2=sublist(answersGS,sort1);


ans = 0;

XGS1 = (b1 - a12 * X02    - a13 * X03) / a11;
XGS2 = (b2 - a21 * XGS1 - a23 * X03) / a22;
XGS3 = (b3 - a31 * XGS1 - a32 * XGS2) / a33;


XJ1 = (b1 - a12 * X02    - a13 * X03) / a11;
XJ2 = (b2 - a21 * X01 - a23 * X03) / a22;
XJ3 = (b3 - a31 * X01 - a32 * X02) / a33;

theory1=["\\( \\rho(\\mathbb B) < \\| \\mathbb B\\| \\)", "\\( \\rho(\\mathbb B) = \\| \\mathbb B\\| \\)", "\\( \\rho(\\mathbb B) > \\| \\mathbb B\\| \\)", "\\( \\rho(\\mathbb B) \\ge \\| \\mathbb B\\| \\)", "\\( \\rho(\\mathbb B) \\le \\| \\mathbb B \\| \\)"];


]]></text>
</varsglobal>
<answernumbering><text>abc</text>
</answernumbering>
<answers>
 <partindex>
  <text>0</text>
 </partindex>
 <placeholder>
  <text></text>
 </placeholder>
 <answermark>
  <text>2</text>
 </answermark>
 <answertype>
  <text>0</text>
 </answertype>
 <numbox>
  <text>2</text>
 </numbox>
 <vars1>
  <text></text>
 </vars1>
 <answer>
  <text>[0,ans1]</text>
 </answer>
 <vars2>
  <text></text>
 </vars2>
 <correctness>
  <text><![CDATA[_relerr < 0.01]]></text>
 </correctness>
 <unitpenalty>
  <text>1</text>
 </unitpenalty>
 <postunit>
  <text></text>
 </postunit>
 <ruleid>
  <text>1</text>
 </ruleid>
 <otherrule>
  <text></text>
 </otherrule>
 <subqtext format="html">
<text><![CDATA[<p><b></b><b>a) Rozhodněte, zda pro danou soustavu rovnic jsou Jacobiho a Gaussova-Seidelova metoda konvergentní. Zdůvodněte!</b> <br>
Jacobiho metoda {_0:answers0:MCE} neboť {_1:otazky1:MCE}</p>]]></text>
 </subqtext>
 <feedback format="html">
<text></text>
 </feedback>
 <correctfeedback format="html">
<text></text>
 </correctfeedback>
 <partiallycorrectfeedback format="html">
<text></text>
 </partiallycorrectfeedback>
 <incorrectfeedback format="html">
<text></text>
 </incorrectfeedback>
</answers>
<answers>
 <partindex>
  <text>1</text>
 </partindex>
 <placeholder>
  <text></text>
 </placeholder>
 <answermark>
  <text>2</text>
 </answermark>
 <answertype>
  <text>100</text>
 </answertype>
 <numbox>
  <text>2</text>
 </numbox>
 <vars1>
  <text></text>
 </vars1>
 <answer>
  <text>[0,ans2]</text>
 </answer>
 <vars2>
  <text></text>
 </vars2>
 <correctness>
  <text><![CDATA[_relerr < 0.01]]></text>
 </correctness>
 <unitpenalty>
  <text>1</text>
 </unitpenalty>
 <postunit>
  <text></text>
 </postunit>
 <ruleid>
  <text>1</text>
 </ruleid>
 <otherrule>
  <text></text>
 </otherrule>
 <subqtext format="html">
<text>Gauss-Seidelova metoda {_0:answersGS0:MCE} neboť {_1:otazky2:MCE}</text>
 </subqtext>
 <feedback format="html">
<text></text>
 </feedback>
 <correctfeedback format="html">
<text></text>
 </correctfeedback>
 <partiallycorrectfeedback format="html">
<text></text>
 </partiallycorrectfeedback>
 <incorrectfeedback format="html">
<text></text>
 </incorrectfeedback>
</answers>
<answers>
 <partindex>
  <text>2</text>
 </partindex>
 <placeholder>
  <text></text>
 </placeholder>
 <answermark>
  <text>6</text>
 </answermark>
 <answertype>
  <text>100</text>
 </answertype>
 <numbox>
  <text>3</text>
 </numbox>
 <vars1>
  <text></text>
 </vars1>
 <answer>
  <text>[XGS1,XGS2,XGS3]</text>
 </answer>
 <vars2>
  <text></text>
 </vars2>
 <correctness>
  <text><![CDATA[_relerr < 0.01]]></text>
 </correctness>
 <unitpenalty>
  <text>1</text>
 </unitpenalty>
 <postunit>
  <text></text>
 </postunit>
 <ruleid>
  <text>1</text>
 </ruleid>
 <otherrule>
  <text></text>
 </otherrule>
 <subqtext format="html">
<text><![CDATA[<b>b)</b> Volte \( X^{(0)} = ( {X01}, {X02}, {X03})^T \)a určete první iteraci pomocí Gauss-Seidelovy iterační metody <br>
\( X^{(1)} = ( \) {_0}, {_1}, {_2}\( )^T \).]]></text>
 </subqtext>
 <feedback format="html">
<text></text>
 </feedback>
 <correctfeedback format="html">
<text></text>
 </correctfeedback>
 <partiallycorrectfeedback format="html">
<text></text>
 </partiallycorrectfeedback>
 <incorrectfeedback format="html">
<text></text>
 </incorrectfeedback>
</answers>
<answers>
 <partindex>
  <text>3</text>
 </partindex>
 <placeholder>
  <text></text>
 </placeholder>
 <answermark>
  <text>6</text>
 </answermark>
 <answertype>
  <text>100</text>
 </answertype>
 <numbox>
  <text>3</text>
 </numbox>
 <vars1>
  <text></text>
 </vars1>
 <answer>
  <text>[XJ1,XJ2,XJ3]</text>
 </answer>
 <vars2>
  <text></text>
 </vars2>
 <correctness>
  <text><![CDATA[_relerr < 0.01]]></text>
 </correctness>
 <unitpenalty>
  <text>1</text>
 </unitpenalty>
 <postunit>
  <text></text>
 </postunit>
 <ruleid>
  <text>1</text>
 </ruleid>
 <otherrule>
  <text></text>
 </otherrule>
 <subqtext format="html">
<text><![CDATA[<b>c) </b>Volte \( X^{(0)} = (&nbsp;&nbsp; {X01}&nbsp;&nbsp; ,&nbsp;&nbsp; {X02}&nbsp; , &nbsp; &nbsp; {X03}&nbsp;&nbsp; )^T \)a určete první iteraci pomocí Jacobiho iterační metody <br><p></p><p>\( X^{(1)} = ( \)&nbsp; {_0},&nbsp;&nbsp; {_1}, &nbsp; {_2}&nbsp; \( )^T \).</p>]]></text>
 </subqtext>
 <feedback format="html">
<text></text>
 </feedback>
 <correctfeedback format="html">
<text></text>
 </correctfeedback>
 <partiallycorrectfeedback format="html">
<text></text>
 </partiallycorrectfeedback>
 <incorrectfeedback format="html">
<text></text>
 </incorrectfeedback>
</answers>
  </question>

<!-- question: 177967  -->
  <question type="formulas">
    <name>
      <text>B1 - Jacobiho metoda, nutná a postačující podmínka</text>
    </name>
    <questiontext format="html">
      <text><![CDATA[<p>Je dána soustava rovnic \( \mathbb A \boldsymbol{x} = \boldsymbol{b} \), kde <br></p><p>\[ \mathbb A = \left(\begin{array}{rrr} {a11} &amp; {a12} &amp; {a13} \\ {a21} &amp; {a22} &amp; {a23} \\ {a31} &amp; {a32} &amp; {a33} \end{array}\right),\qquad \boldsymbol b = \left(\begin{array}{r} {b1}&nbsp; \\ 
{b2}&nbsp; \\ {b3} 
\end{array}\right), \]</p><p><br></p>]]></text>
    </questiontext>
    <generalfeedback format="html">
      <text><![CDATA[<br><p><br></p>]]></text>
    </generalfeedback>
    <defaultgrade>16.0000000</defaultgrade>
    <penalty>0.3333333</penalty>
    <hidden>0</hidden>
    <idnumber></idnumber>
    <correctfeedback format="html">
      <text>Vaše odpověď je správná.</text>
    </correctfeedback>
    <partiallycorrectfeedback format="html">
      <text>Vaše odpověď je částečně správná.</text>
    </partiallycorrectfeedback>
    <incorrectfeedback format="html">
      <text>Vaše odpověď je chybná.</text>
    </incorrectfeedback>
<varsrandom><text>a12 = {-2, -1,-0.5, -0.4, 0.4, 0.5, 1, 2}; 
a13 = {-2, -1,-0.5, 0.5, 1, 2, 1.5}; 
a23 ={-2, -1,-0.5, 1.5, 0.5, 1, 2}; 

X01 = { -10:10 } ;
X02 = { -10:10 } ;
X03 = { -10:10 } ;

XS1 = { -4:4:0.5};
XS2 = { -4:4:0.5};
XS3 = { -8:8:0.5};

sort1 = shuffle([0:4]);
sort2 = shuffle([0:4]);</text>
</varsrandom>
<varsglobal><text><![CDATA[answers0=["je konvergentní", "není konvergentní"];
answers=[ "z jiného důvodu (důvod uveďte)",   "matice A je symetrická a pozitivně definitní",  "matice A je ostře diagonálně dominantní v řádcích", "matice A je ostře diagonálně dominantní ve sloupcích", "matice A má spektrální poloměr menší než 1"];
otazky1=sublist(answers,sort1);
invsort1=inv(sort1);
ans1 = invsort1[0];

answersGS=[  "Je-li matice \\( \\mathbb A \\) ostře diagonálně dominantní v řádcích, pak řádková norma matice \\( \\mathbb U_J \\)  je ostře menší než jedna.",
    "Pokud konverguje Gauss-Seidelova iterační metoda,  konverguje také Jacobiho iterační metoda.", 
    "Pokud konverguje Jacobiho iterační metoda,  konverguje také Gauss-Seidelova iterační metoda.",
    "Jacobiho iterační metoda konverguje právě když konverguje Gauss-Seidelova iterační metoda.",
    "Je-li matice \\( \\mathbb A \\) ostře diagonálně dominantní ve sloupcích pak Euklidovská norma matice \\( \\mathbb U_J \\)  je ostře menší než jedna."];

answers2=[   "\\( U_J = -D^{-1} (L + R) \\)",
                        "\\( U_J = -(L + D)^{-1} R \\)",
                       "\\( U_J = D^{-1} (L + R) \\)",
                        "\\( U_J = -(L + R)^{-1} D \\)",
                        "\\( U_J = -(R + D)^{-1} L \\)"];

otazky2=sublist(answers2, sort2);
invsort2=inv(sort2);
ans2 = invsort2[0];


a21 =  a12;  a31 = -a13;  a32 = a23;

a11 = abs(a12) + abs(a13);
a22 = abs(a21) + abs(a23);
a33 = abs(a31) + abs(a32);

rhoJ = round(sqrt(abs( (a13*a22*a31 + a23*a32*a11 +a33*a21*a12 )/ (a11 * a22 * a33) ) ),4);

b1 = a11 * X01 + a12 * XS2 +  a13 * XS3;
b2 = a21 * XS1 + a22 * X02  +  a23 * XS3;
b3 = a31 * XS1 + a32 * XS2 +  a33 * X03;

XJ1 = (b1 - a12 * XS2 - a13 * XS3) / a11;
XJ2 = (b2 - a21 * XS1 - a23 * XS3) / a22;
XJ3 = (b3 - a31 * XS1 - a32 * XS2) / a33;

X2J1 = (b1 - a12 * XJ2    - a13 * XJ3) / a11;
X2J2 = (b2 - a21 * XJ1 - a23 * XJ3) / a22;
X2J3 = (b3 - a31 * XJ1 - a32 * XJ2) / a33;]]></text>
</varsglobal>
<answernumbering><text>abc</text>
</answernumbering>
<answers>
 <partindex>
  <text>0</text>
 </partindex>
 <placeholder>
  <text></text>
 </placeholder>
 <answermark>
  <text>1</text>
 </answermark>
 <answertype>
  <text>0</text>
 </answertype>
 <numbox>
  <text>1</text>
 </numbox>
 <vars1>
  <text></text>
 </vars1>
 <answer>
  <text>0</text>
 </answer>
 <vars2>
  <text></text>
 </vars2>
 <correctness>
  <text><![CDATA[_err < 0.01]]></text>
 </correctness>
 <unitpenalty>
  <text>1</text>
 </unitpenalty>
 <postunit>
  <text></text>
 </postunit>
 <ruleid>
  <text>1</text>
 </ruleid>
 <otherrule>
  <text></text>
 </otherrule>
 <subqtext format="html">
<text><![CDATA[<p><b>a) Rozhodněte, zda pro danou soustavu rovnic je Jacobiho iterační metoda konvergentní. Zdůvodněte!</b> 
<br>Jacobiho metoda {_0:answers0:MCE}. <br></p>]]></text>
 </subqtext>
 <feedback format="html">
<text><![CDATA[<p></p><p><br></p><br><p></p>]]></text>
 </feedback>
 <correctfeedback format="html">
<text><![CDATA[<p>správně<br></p>]]></text>
 </correctfeedback>
 <partiallycorrectfeedback format="html">
<text></text>
 </partiallycorrectfeedback>
 <incorrectfeedback format="html">
<text><![CDATA[<p>chybně;</p><p>Spektrální poloměr Jacobiho iterační matice ( \(\rho(U_J) \) ) určíme z matice&nbsp; ( \(\mathbf{A}\) ).</p><p>Nejprve určíme \(\lambda_1, \lambda_2, \lambda_3 \) pro které platí</p><p>det
 \( \left( \begin{array}{rrr}{a11} \lambda &amp; {a12} &amp;{a13}\\ 
{a21}&amp; {a22}&nbsp;\lambda &amp;{a23} \\{a31}&amp;{a32}&amp; {a33} 
\lambda\end{array}\right) = 0\)</p><p>\(\rho(U_J) = \max \{ | \lambda_1|, |\lambda_2|, |\lambda_3| \}&nbsp; \) </p><br><p></p>]]></text>
 </incorrectfeedback>
</answers>
<answers>
 <partindex>
  <text>1</text>
 </partindex>
 <placeholder>
  <text></text>
 </placeholder>
 <answermark>
  <text>2</text>
 </answermark>
 <answertype>
  <text>0</text>
 </answertype>
 <numbox>
  <text>1</text>
 </numbox>
 <vars1>
  <text></text>
 </vars1>
 <answer>
  <text>ans1</text>
 </answer>
 <vars2>
  <text></text>
 </vars2>
 <correctness>
  <text><![CDATA[_relerr < 0.01]]></text>
 </correctness>
 <unitpenalty>
  <text>1</text>
 </unitpenalty>
 <postunit>
  <text></text>
 </postunit>
 <ruleid>
  <text>1</text>
 </ruleid>
 <otherrule>
  <text></text>
 </otherrule>
 <subqtext format="html">
<text><![CDATA[Neboť {_0:otazky1:MCE}.<br>]]></text>
 </subqtext>
 <feedback format="html">
<text></text>
 </feedback>
 <correctfeedback format="html">
<text></text>
 </correctfeedback>
 <partiallycorrectfeedback format="html">
<text></text>
 </partiallycorrectfeedback>
 <incorrectfeedback format="html">
<text></text>
 </incorrectfeedback>
</answers>
<answers>
 <partindex>
  <text>2</text>
 </partindex>
 <placeholder>
  <text></text>
 </placeholder>
 <answermark>
  <text>3</text>
 </answermark>
 <answertype>
  <text>10</text>
 </answertype>
 <numbox>
  <text>1</text>
 </numbox>
 <vars1>
  <text></text>
 </vars1>
 <answer>
  <text>rhoJ</text>
 </answer>
 <vars2>
  <text></text>
 </vars2>
 <correctness>
  <text><![CDATA[_relerr < 0.01]]></text>
 </correctness>
 <unitpenalty>
  <text>1</text>
 </unitpenalty>
 <postunit>
  <text></text>
 </postunit>
 <ruleid>
  <text>1</text>
 </ruleid>
 <otherrule>
  <text></text>
 </otherrule>
 <subqtext format="html">
<text><![CDATA[<p><p><b>b) Určete spektrální poloměr Jacobiho iterační matice</b> \( U_J \). <br></p><p>\(\rho(U_J) \) = {_0}</p><br></p>]]></text>
 </subqtext>
 <feedback format="html">
<text></text>
 </feedback>
 <correctfeedback format="html">
<text></text>
 </correctfeedback>
 <partiallycorrectfeedback format="html">
<text></text>
 </partiallycorrectfeedback>
 <incorrectfeedback format="html">
<text></text>
 </incorrectfeedback>
</answers>
<answers>
 <partindex>
  <text>3</text>
 </partindex>
 <placeholder>
  <text></text>
 </placeholder>
 <answermark>
  <text>5</text>
 </answermark>
 <answertype>
  <text>100</text>
 </answertype>
 <numbox>
  <text>3</text>
 </numbox>
 <vars1>
  <text></text>
 </vars1>
 <answer>
  <text>[XJ1,XJ2,XJ3]</text>
 </answer>
 <vars2>
  <text></text>
 </vars2>
 <correctness>
  <text><![CDATA[_relerr < 0.01]]></text>
 </correctness>
 <unitpenalty>
  <text>1</text>
 </unitpenalty>
 <postunit>
  <text></text>
 </postunit>
 <ruleid>
  <text>1</text>
 </ruleid>
 <otherrule>
  <text></text>
 </otherrule>
 <subqtext format="html">
<text><![CDATA[<b>c) </b>Volte \( X^0 = ( {XS1} ,  {XS2}, {XS3} )^T \) a určete první iteraci pomocí Jacobiho iterační metody <br>
\( X^{1} = ( \) {_0}, {_1}, {_2} \( )^T \).<br>]]></text>
 </subqtext>
 <feedback format="html">
<text></text>
 </feedback>
 <correctfeedback format="html">
<text></text>
 </correctfeedback>
 <partiallycorrectfeedback format="html">
<text></text>
 </partiallycorrectfeedback>
 <incorrectfeedback format="html">
<text></text>
 </incorrectfeedback>
</answers>
<answers>
 <partindex>
  <text>4</text>
 </partindex>
 <placeholder>
  <text></text>
 </placeholder>
 <answermark>
  <text>5</text>
 </answermark>
 <answertype>
  <text>100</text>
 </answertype>
 <numbox>
  <text>3</text>
 </numbox>
 <vars1>
  <text></text>
 </vars1>
 <answer>
  <text>[X2J1,X2J2,X2J3]</text>
 </answer>
 <vars2>
  <text></text>
 </vars2>
 <correctness>
  <text><![CDATA[_relerr < 0.01]]></text>
 </correctness>
 <unitpenalty>
  <text>1</text>
 </unitpenalty>
 <postunit>
  <text></text>
 </postunit>
 <ruleid>
  <text>1</text>
 </ruleid>
 <otherrule>
  <text></text>
 </otherrule>
 <subqtext format="html">
<text><![CDATA[<p><b></b><p>Určete druhou iteraci pomocí Jacobiho iterační metody:</p><p>\( X^{2} = ( \) {_0}, {_1}, {_2} \( )^T \).</p></p>]]></text>
 </subqtext>
 <feedback format="html">
<text></text>
 </feedback>
 <correctfeedback format="html">
<text></text>
 </correctfeedback>
 <partiallycorrectfeedback format="html">
<text></text>
 </partiallycorrectfeedback>
 <incorrectfeedback format="html">
<text></text>
 </incorrectfeedback>
</answers>
    <hint format="html">
      <text></text>
      <clearwrong/>
    </hint>
  </question>

<!-- question: 0  -->
  <question type="category">
    <category>
      <text>$course$/top/Zkouska NMA BETA/B2</text>
    </category>
    <info format="html">
      <text></text>
    </info>
    <idnumber></idnumber>
  </question>

<!-- question: 177972  -->
  <question type="formulas">
    <name>
      <text>B2 - Newton</text>
    </name>
    <questiontext format="html">
      <text><![CDATA[<p>Je dána soustava nelineárních rovnic \( f(x,y) = 0 \) a \( g(x,y) = 0 \), kde <br></p><p>\[ f(x,y) = x^2 + {A} y^2 - {A} \]</p><p>\[ g(x,y) = x^2 (y + {B}) - 1 \]</p><br>]]></text>
    </questiontext>
    <generalfeedback format="html">
      <text></text>
    </generalfeedback>
    <defaultgrade>16.0000000</defaultgrade>
    <penalty>0.3333333</penalty>
    <hidden>0</hidden>
    <idnumber></idnumber>
    <correctfeedback format="html">
      <text>Vaše odpověď je správná.</text>
    </correctfeedback>
    <partiallycorrectfeedback format="html">
      <text>Vaše odpověď je částečně správná.</text>
    </partiallycorrectfeedback>
    <incorrectfeedback format="html">
      <text>Vaše odpověď je chybná.</text>
    </incorrectfeedback>
    <shownumcorrect/>
<varsrandom><text>A = {4, 5, 3, 6, 9 };
B = { 1, 0.5, 2 };

k = { 0, 1, 2, 3, 4, 5, 6, 7};</text>
</varsrandom>
<varsglobal><text>listx = [ -1, -1, -1, 1, 1, 1, 2, 2 ];
listy = [ -1,  1,  0, 1, -1, 0, 1, -1];
x0 = listx[k];  y0 = listy[k];

fval = x0 * x0 + A * y0 * y0 - A;
gval = x0 * x0 * (y0 + B) - 1;

fx = 2 * x0;
fy = 2 * A * y0;
gx = 2 * x0 * (y0 + B);
gy = x0 * x0;

det = fx * gy - fy * gx;

dx = -(gy * fval - fy *gval) / det;
dy = -(-gx * fval + fx *gval) / det;
x1 = x0 + dx;
y1 = y0 + dy;

velikost = sqrt(dx *dx + dy *dy);
</text>
</varsglobal>
<answernumbering><text>abc</text>
</answernumbering>
<answers>
 <partindex>
  <text>0</text>
 </partindex>
 <placeholder>
  <text></text>
 </placeholder>
 <answermark>
  <text>3</text>
 </answermark>
 <answertype>
  <text>10</text>
 </answertype>
 <numbox>
  <text>3</text>
 </numbox>
 <vars1>
  <text></text>
 </vars1>
 <answer>
  <text>[fx, fy, -fval]</text>
 </answer>
 <vars2>
  <text></text>
 </vars2>
 <correctness>
  <text><![CDATA[_relerr < 0.01]]></text>
 </correctness>
 <unitpenalty>
  <text>1</text>
 </unitpenalty>
 <postunit>
  <text></text>
 </postunit>
 <ruleid>
  <text>1</text>
 </ruleid>
 <otherrule>
  <text></text>
 </otherrule>
 <subqtext format="html">
<text><![CDATA[<b>a)</b> Volte počáteční přiblížení \( X^{(0)} = ({x0}, {y0})^T \) a sestavte soustavu rovnic, která vznikne při použítí Newtonovy iterační metody při výpočtu přírůstku \( ( \Delta x, \Delta y)^T = X^{(1)} - X^{(0)} \). <br>
({_0}) \( \Delta x  + \) ({_1}) \( \Delta y \) =   {_2}]]></text>
 </subqtext>
 <feedback format="html">
<text></text>
 </feedback>
 <correctfeedback format="html">
<text></text>
 </correctfeedback>
 <partiallycorrectfeedback format="html">
<text></text>
 </partiallycorrectfeedback>
 <incorrectfeedback format="html">
<text></text>
 </incorrectfeedback>
</answers>
<answers>
 <partindex>
  <text>1</text>
 </partindex>
 <placeholder>
  <text></text>
 </placeholder>
 <answermark>
  <text>3</text>
 </answermark>
 <answertype>
  <text>10</text>
 </answertype>
 <numbox>
  <text>3</text>
 </numbox>
 <vars1>
  <text></text>
 </vars1>
 <answer>
  <text>[gx, gy, -gval]</text>
 </answer>
 <vars2>
  <text></text>
 </vars2>
 <correctness>
  <text><![CDATA[_relerr < 0.01]]></text>
 </correctness>
 <unitpenalty>
  <text>1</text>
 </unitpenalty>
 <postunit>
  <text></text>
 </postunit>
 <ruleid>
  <text>1</text>
 </ruleid>
 <otherrule>
  <text></text>
 </otherrule>
 <subqtext format="html">
<text>({_0}) \( \Delta x  + \) ({_1}) \( \Delta y \) =   {_2}</text>
 </subqtext>
 <feedback format="html">
<text></text>
 </feedback>
 <correctfeedback format="html">
<text></text>
 </correctfeedback>
 <partiallycorrectfeedback format="html">
<text></text>
 </partiallycorrectfeedback>
 <incorrectfeedback format="html">
<text></text>
 </incorrectfeedback>
</answers>
<answers>
 <partindex>
  <text>2</text>
 </partindex>
 <placeholder>
  <text></text>
 </placeholder>
 <answermark>
  <text>6</text>
 </answermark>
 <answertype>
  <text>10</text>
 </answertype>
 <numbox>
  <text>2</text>
 </numbox>
 <vars1>
  <text></text>
 </vars1>
 <answer>
  <text>[x1,y1]</text>
 </answer>
 <vars2>
  <text></text>
 </vars2>
 <correctness>
  <text><![CDATA[_relerr < 0.01]]></text>
 </correctness>
 <unitpenalty>
  <text>1</text>
 </unitpenalty>
 <postunit>
  <text></text>
 </postunit>
 <ruleid>
  <text>1</text>
 </ruleid>
 <otherrule>
  <text></text>
 </otherrule>
 <subqtext format="html">
<text>b) Pro počáteční přiblížení \( X^{(0)} = ({x0}, {y0})^T \) vypočtěte nové přiblížení \( X^{(1)} \):

\( X^{(1)} = ( \) {_0}, {_1} \( )^T. \)</text>
 </subqtext>
 <feedback format="html">
<text></text>
 </feedback>
 <correctfeedback format="html">
<text></text>
 </correctfeedback>
 <partiallycorrectfeedback format="html">
<text></text>
 </partiallycorrectfeedback>
 <incorrectfeedback format="html">
<text></text>
 </incorrectfeedback>
</answers>
<answers>
 <partindex>
  <text>3</text>
 </partindex>
 <placeholder>
  <text></text>
 </placeholder>
 <answermark>
  <text>4</text>
 </answermark>
 <answertype>
  <text>100</text>
 </answertype>
 <numbox>
  <text>1</text>
 </numbox>
 <vars1>
  <text></text>
 </vars1>
 <answer>
  <text>velikost</text>
 </answer>
 <vars2>
  <text></text>
 </vars2>
 <correctness>
  <text><![CDATA[_relerr < 0.01]]></text>
 </correctness>
 <unitpenalty>
  <text>1</text>
 </unitpenalty>
 <postunit>
  <text></text>
 </postunit>
 <ruleid>
  <text>1</text>
 </ruleid>
 <otherrule>
  <text></text>
 </otherrule>
 <subqtext format="html">
<text><![CDATA[c) Spočtěte Euklidovskou normu rozdílu \( X^{(1)} - X^{(0)} \)<br>]]></text>
 </subqtext>
 <feedback format="html">
<text></text>
 </feedback>
 <correctfeedback format="html">
<text></text>
 </correctfeedback>
 <partiallycorrectfeedback format="html">
<text></text>
 </partiallycorrectfeedback>
 <incorrectfeedback format="html">
<text></text>
 </incorrectfeedback>
</answers>
  </question>

<!-- question: 177971  -->
  <question type="formulas">
    <name>
      <text>B2 MNČ stupeň 1</text>
    </name>
    <questiontext format="html">
      <text><![CDATA[<b>Je zadaná tabulka hodnot:</b><p></p><table border="1">
<tbody>
<tr>
<td>  &nbsp; &nbsp; \( {x_i} \) &nbsp; &nbsp; </td>
<td> &nbsp; &nbsp; {x[0]} &nbsp; &nbsp; </td>
<td> &nbsp; &nbsp; {x[1]} &nbsp; &nbsp; </td>
<td> &nbsp; &nbsp; {x[2]} &nbsp; &nbsp; </td>
<td> &nbsp; &nbsp; {x[3]} &nbsp; &nbsp; </td>
<td> &nbsp; &nbsp; {x[4]} &nbsp; &nbsp; </td>
<td> &nbsp; &nbsp; {x[5]} &nbsp; &nbsp; </td>
<td> &nbsp; &nbsp; {x[6]} &nbsp; &nbsp; </td>
</tr>
<tr>
<td> &nbsp; &nbsp; \( {y_i}\)  &nbsp; &nbsp; </td>
<td align="center">{y[0]}</td>
<td align="center">{y[1]}</td>
<td align="center">{y[2]}</td>
<td align="center">{y[3]}</td>
<td align="center">{y[4]}</td>
<td align="center">{y[5]}</td>
<td align="center">{y[6]}</td>
</tr>
</tbody>
</table>
<br><p></p>]]></text>
    </questiontext>
    <generalfeedback format="html">
      <text></text>
    </generalfeedback>
    <defaultgrade>16.0000000</defaultgrade>
    <penalty>0.3333333</penalty>
    <hidden>0</hidden>
    <idnumber></idnumber>
    <correctfeedback format="html">
      <text>Vaše odpověď je správná.</text>
    </correctfeedback>
    <partiallycorrectfeedback format="html">
      <text>Vaše odpověď je částečně správná.</text>
    </partiallycorrectfeedback>
    <incorrectfeedback format="html">
      <text>Vaše odpověď je chybná.</text>
    </incorrectfeedback>
    <shownumcorrect/>
<varsrandom><text>x= {[-2,0,0,0,1,2,3], [-1,0,0,0,1,1.5,2],[-1,0,0,0,1,2,3]};
a0 = { 1, 2, 1.25, 0.7, 0.8, 0.5, -0.5, -1, -2, -3};
a1 = { 2, 3, 1, 1.5, 0.5, -0.5, -1, -2, -4};

posuv = {0, 0}; #-1, -2, 1, 2};
del1 = {0.1, 0.2, -0.1, -0.2, 0.3, 0.5, -0.5};
del2 = {0.1, 0.2, -0.1, -0.2, 0.3, 0.5, -0.5};</text>
</varsrandom>
<varsglobal><text><![CDATA[
y=[0,0,0,0,0,0,0,0];
for (i:[0:7])
{
    xx=x[i]; y[i]= a0 + a1 * xx;
    x[i] = x[i] + posuv;
}
y[1] = y[1] -  del1;
y[2] = y[2]  + del1 - del2;
y[3] = y[3] + del2;





x0sum = 7;
x1sum = sum(x);
x2sum = sum(map("pow",x,2));
ysum = sum(y);
xysum = sum(map("*",x,y));
res = [x0sum,x1sum,ysum,x1sum,x2sum,xysum];



det = x0sum * x2sum - x1sum * x1sum;
aa0 = (x2sum * ysum - x1sum * xysum) / det;
aa1 = (-x1sum * ysum + x0sum * xysum) / det;]]></text>
</varsglobal>
<answernumbering><text>abc</text>
</answernumbering>
<answers>
 <partindex>
  <text>0</text>
 </partindex>
 <placeholder>
  <text></text>
 </placeholder>
 <answermark>
  <text>5</text>
 </answermark>
 <answertype>
  <text>100</text>
 </answertype>
 <numbox>
  <text>3</text>
 </numbox>
 <vars1>
  <text></text>
 </vars1>
 <answer>
  <text>[x0sum,x1sum,ysum]</text>
 </answer>
 <vars2>
  <text></text>
 </vars2>
 <correctness>
  <text><![CDATA[_relerr < 0.01]]></text>
 </correctness>
 <unitpenalty>
  <text>1</text>
 </unitpenalty>
 <postunit>
  <text></text>
 </postunit>
 <ruleid>
  <text>1</text>
 </ruleid>
 <otherrule>
  <text></text>
 </otherrule>
 <subqtext format="html">
<text><![CDATA[<p>a) <b>Sestavte soustavu normálních rovnic pro zadanou tabulku hodnot </b>(rovnice
 uveďte ve standardním pořadí).</p><p>{_0} \( a_0 \) + {_1} \( a_1 =&nbsp; \) {_2}<br></p>]]></text>
 </subqtext>
 <feedback format="html">
<text></text>
 </feedback>
 <correctfeedback format="html">
<text></text>
 </correctfeedback>
 <partiallycorrectfeedback format="html">
<text></text>
 </partiallycorrectfeedback>
 <incorrectfeedback format="html">
<text></text>
 </incorrectfeedback>
</answers>
<answers>
 <partindex>
  <text>1</text>
 </partindex>
 <placeholder>
  <text></text>
 </placeholder>
 <answermark>
  <text>5</text>
 </answermark>
 <answertype>
  <text>100</text>
 </answertype>
 <numbox>
  <text>3</text>
 </numbox>
 <vars1>
  <text></text>
 </vars1>
 <answer>
  <text>[x1sum,x2sum,xysum]</text>
 </answer>
 <vars2>
  <text></text>
 </vars2>
 <correctness>
  <text><![CDATA[_relerr < 0.01]]></text>
 </correctness>
 <unitpenalty>
  <text>1</text>
 </unitpenalty>
 <postunit>
  <text></text>
 </postunit>
 <ruleid>
  <text>1</text>
 </ruleid>
 <otherrule>
  <text></text>
 </otherrule>
 <subqtext format="html">
<text>{_0} \( a_0 \) + {_1} \( a_1 = \) {_2}</text>
 </subqtext>
 <feedback format="html">
<text></text>
 </feedback>
 <correctfeedback format="html">
<text></text>
 </correctfeedback>
 <partiallycorrectfeedback format="html">
<text></text>
 </partiallycorrectfeedback>
 <incorrectfeedback format="html">
<text></text>
 </incorrectfeedback>
</answers>
<answers>
 <partindex>
  <text>2</text>
 </partindex>
 <placeholder>
  <text></text>
 </placeholder>
 <answermark>
  <text>6</text>
 </answermark>
 <answertype>
  <text>100</text>
 </answertype>
 <numbox>
  <text>2</text>
 </numbox>
 <vars1>
  <text></text>
 </vars1>
 <answer>
  <text>[aa0,aa1]</text>
 </answer>
 <vars2>
  <text></text>
 </vars2>
 <correctness>
  <text><![CDATA[_relerr < 0.01]]></text>
 </correctness>
 <unitpenalty>
  <text>1</text>
 </unitpenalty>
 <postunit>
  <text></text>
 </postunit>
 <ruleid>
  <text>1</text>
 </ruleid>
 <otherrule>
  <text></text>
 </otherrule>
 <subqtext format="html">
<text><![CDATA[<b>d) Určete optimální polynom</b> nejvýše 1. stupně \( p_1^*(x) \), který aproximuje danou tabulku hodnot nejlépe ve smyslu metody nejmenších čtverců.<br>\( p_1^*(x) = \) {_0} + ({_1}) \( x \)<br><p></p>]]></text>
 </subqtext>
 <feedback format="html">
<text></text>
 </feedback>
 <correctfeedback format="html">
<text></text>
 </correctfeedback>
 <partiallycorrectfeedback format="html">
<text></text>
 </partiallycorrectfeedback>
 <incorrectfeedback format="html">
<text></text>
 </incorrectfeedback>
</answers>
  </question>

<!-- question: 177970  -->
  <question type="formulas">
    <name>
      <text>B2 MNČ, polynom st. 2</text>
    </name>
    <questiontext format="html">
      <text><![CDATA[<p></p><p><b>Je zadaná tabulka hodnot:</b></p><table border="1">
<tbody>
<tr>
<td>  &nbsp; &nbsp; \( {x_i} \) &nbsp; &nbsp; </td>
<td> &nbsp; &nbsp; {x[0]} &nbsp; &nbsp; </td>
<td> &nbsp; &nbsp; {x[1]} &nbsp; &nbsp; </td>
<td> &nbsp; &nbsp; {x[2]} &nbsp; &nbsp; </td>
<td> &nbsp; &nbsp; {x[3]} &nbsp; &nbsp; </td>
<td> &nbsp; &nbsp; {x[4]} &nbsp; &nbsp; </td>
<td> &nbsp; &nbsp; {x[5]} &nbsp; &nbsp; </td>
<td> &nbsp; &nbsp; {x[6]} &nbsp; &nbsp; </td>
</tr>
<tr>
<td> &nbsp; &nbsp; \( {y_i}\)  &nbsp; &nbsp; </td>
<td align="center">{y[0]}</td>
<td align="center">{y[1]}</td>
<td align="center">{y[2]}</td>
<td align="center">{y[3]}</td>
<td align="center">{y[4]}</td>
<td align="center">{y[5]}</td>
<td align="center">{y[6]}</td>
</tr>
</tbody>
</table>
<br><p></p>]]></text>
    </questiontext>
    <generalfeedback format="html">
      <text><![CDATA[<p></p><br><p></p>]]></text>
    </generalfeedback>
    <defaultgrade>16.0000000</defaultgrade>
    <penalty>0.0000000</penalty>
    <hidden>0</hidden>
    <idnumber></idnumber>
    <correctfeedback format="html">
      <text>Vaše odpověď je správná.</text>
    </correctfeedback>
    <partiallycorrectfeedback format="html">
      <text>Vaše odpověď je částečně správná.</text>
    </partiallycorrectfeedback>
    <incorrectfeedback format="html">
      <text>Vaše odpověď je chybná.</text>
    </incorrectfeedback>
    <shownumcorrect/>
<varsrandom><text>x= {[-3,-2,0,0,0,2,3], [-2,-1,0,0,0,1,2],[-3,-1,0,0,0,1, 3]};
a0 = { 0.5, -0.5};
a1 = { 2, 3, 1, -1, -2};
a2 = { 1, 1.5, 2.5, 0.75};
posuv = {0, 0}; #-1, -2, 1, 2};
del1 = {0.1, 0.2, -0.1, -0.2, 0.3, 0.5, -0.5};
del2 = {0.1, 0.2, -0.1, -0.2, 0.3, 0.5, -0.5};

ansord1=shuffle([0:5]);
ansord2=shuffle([0:5]);</text>
</varsrandom>
<varsglobal><text><![CDATA[answers2 = [ 
" \\( \\delta^2(p^*(x)) \\le \\delta^2(p(x)) \\) pro libovolný polynom \\( p(x) \\) stupně nejvýše 2",
" \\( \\delta^2(p^*(x)) \\le \\delta^2(p(x)) \\) pro libovolný polynom \\( p(x) \\) ",
" \\( \\delta^2(p^*(x)) \\ge \\delta^2(p(x)) \\) pro libovolný polynom \\( p(x) \\) ",
" \\( \\delta^2(p^*(x)) < \\delta^2(p(x)) \\) pro libovolný polynom \\( p(x) \\) stupně 2",
" \\( \\delta^2(p^*(x)) \\neq \\delta^2(p(x)) \\) pro libovolný polynom \\( p(x) \\) stupně 2"  ];

answers1=[ "\\( \\sum_{i=1}^n \\left( y_i - p(x_i) \\right)^2 \\)",
                     "\\( \\sum_{i=1}^n \\left[ y^2_i - p(x_i)^2 \\right] \\)" ,
                     "\\( \\left[ \\sum_{i=1}^n ( y_i - p(x_i)) \\right]^2 \\)" ,
                     "\\( \\left( \\sum_{i=1}^n y_i \\right)^2 -  \\left(\\sum_{i=1}^n  p(x_i) \\right)^2 \\)",
                     "\\( \\sum_{i=1}^n \\left( y_i - p(x_i) \\right)^4 \\)"  ];

ans_permuted1=sublist(answers1, ansord1);
ans_inv1   = inv(ansord1);
ans_permuted2=sublist(answers2, ansord2);
ans_inv2   = inv(ansord2);






y=[0,0,0,0,0,0,0,0];
for (i:[0:7])
{
    xx=x[i]; y[i]= a0 + a1 * xx  + a2 * xx * xx;
    x[i] = x[i] + posuv;
}
y[2] = y[2] -  del1;
y[3] = y[3]  + del1 - del2;
y[4] = y[4] + del2;





x0sum = 7;
x1sum = sum(x);
x2sum = sum(map("pow",x,2));
x3sum = sum(map("pow",x,3));
x4sum = sum(map("pow",x,4));
ysum = sum(y);
xysum = sum(map("*",x,y));
x2ysum = sum(map("*",map("*",x,x),y));
res = [x0sum,x1sum,x2sum,ysum,x1sum,x2sum,x3sum,xysum,x2sum,x3sum,x4sum,x2ysum];

aa1 = xysum / x2sum ;

det = x0sum * x4sum - x2sum * x2sum;
aa0 = (x4sum * ysum - x2sum * x2ysum) / det;
aa2 = (-x2sum * ysum + x0sum * x2ysum) / det;
]]></text>
</varsglobal>
<answernumbering><text>abc</text>
</answernumbering>
<answers>
 <partindex>
  <text>0</text>
 </partindex>
 <placeholder>
  <text></text>
 </placeholder>
 <answermark>
  <text>4</text>
 </answermark>
 <answertype>
  <text>10</text>
 </answertype>
 <numbox>
  <text>4</text>
 </numbox>
 <vars1>
  <text></text>
 </vars1>
 <answer>
  <text>[x0sum,x1sum,x2sum,ysum]</text>
 </answer>
 <vars2>
  <text></text>
 </vars2>
 <correctness>
  <text><![CDATA[_relerr < 0.01]]></text>
 </correctness>
 <unitpenalty>
  <text>1</text>
 </unitpenalty>
 <postunit>
  <text></text>
 </postunit>
 <ruleid>
  <text>1</text>
 </ruleid>
 <otherrule>
  <text></text>
 </otherrule>
 <subqtext format="html">
<text><![CDATA[<b>a)</b><b> Sestavte soustavu normálních rovnic pro zadanou tabulku hodnot </b>(rovnice
 uveďte ve standardním pořadí).<p>{_0} \( a_0 \) + {_1} \( a_1 \)+ {_2} \( a_2 = \) {_3}</p><p><br></p>]]></text>
 </subqtext>
 <feedback format="html">
<text></text>
 </feedback>
 <correctfeedback format="html">
<text></text>
 </correctfeedback>
 <partiallycorrectfeedback format="html">
<text></text>
 </partiallycorrectfeedback>
 <incorrectfeedback format="html">
<text><![CDATA[<p></p><p>Nápověda:<br></p><p>\( a_0 \sum\limits_i 1 + a_1 \sum\limits_i {x_i} + a_2 \sum\limits_i {x_i}^2&nbsp; =&nbsp;\sum\limits_i {y_i} \)</p><p>\( a_0 \sum\limits_i {x_i} + a_1 \sum\limits_i {x_i}^2+ a_2 \sum\limits_i {x_i}^3 =&nbsp;\sum\limits_i {x_i y_i} \)</p><p>\( a_0 \sum\limits_i {x_i}^2 + a_1 \sum\limits_i {x_i}^3+ a_2 \sum\limits_i {x_i}^4 =&nbsp;\sum\limits_i {{x_i}^2 y_i} \)</p><br><p></p>]]></text>
 </incorrectfeedback>
</answers>
<answers>
 <partindex>
  <text>1</text>
 </partindex>
 <placeholder>
  <text></text>
 </placeholder>
 <answermark>
  <text>4</text>
 </answermark>
 <answertype>
  <text>10</text>
 </answertype>
 <numbox>
  <text>4</text>
 </numbox>
 <vars1>
  <text></text>
 </vars1>
 <answer>
  <text>[x1sum,x2sum,x3sum,xysum]</text>
 </answer>
 <vars2>
  <text></text>
 </vars2>
 <correctness>
  <text><![CDATA[_relerr < 0.01]]></text>
 </correctness>
 <unitpenalty>
  <text>1</text>
 </unitpenalty>
 <postunit>
  <text></text>
 </postunit>
 <ruleid>
  <text>1</text>
 </ruleid>
 <otherrule>
  <text></text>
 </otherrule>
 <subqtext format="html">
<text><![CDATA[<b>{_0} \( a_0 \) + {_1} \( a_1 \)+ {_2} \( a_2 = \) {_3}</b><br>]]></text>
 </subqtext>
 <feedback format="html">
<text></text>
 </feedback>
 <correctfeedback format="html">
<text></text>
 </correctfeedback>
 <partiallycorrectfeedback format="html">
<text></text>
 </partiallycorrectfeedback>
 <incorrectfeedback format="html">
<text></text>
 </incorrectfeedback>
</answers>
<answers>
 <partindex>
  <text>2</text>
 </partindex>
 <placeholder>
  <text></text>
 </placeholder>
 <answermark>
  <text>4</text>
 </answermark>
 <answertype>
  <text>10</text>
 </answertype>
 <numbox>
  <text>4</text>
 </numbox>
 <vars1>
  <text></text>
 </vars1>
 <answer>
  <text>[x2sum,x3sum,x4sum,x2ysum]</text>
 </answer>
 <vars2>
  <text></text>
 </vars2>
 <correctness>
  <text><![CDATA[_relerr < 0.01]]></text>
 </correctness>
 <unitpenalty>
  <text>1</text>
 </unitpenalty>
 <postunit>
  <text></text>
 </postunit>
 <ruleid>
  <text>1</text>
 </ruleid>
 <otherrule>
  <text></text>
 </otherrule>
 <subqtext format="html">
<text><![CDATA[<p></p>{_0} \( a_0 \) + {_1} \( a_1 \)+ {_2} \( a_2 = \) {_3}<br><p></p>]]></text>
 </subqtext>
 <feedback format="html">
<text></text>
 </feedback>
 <correctfeedback format="html">
<text></text>
 </correctfeedback>
 <partiallycorrectfeedback format="html">
<text></text>
 </partiallycorrectfeedback>
 <incorrectfeedback format="html">
<text></text>
 </incorrectfeedback>
</answers>
<answers>
 <partindex>
  <text>3</text>
 </partindex>
 <placeholder>
  <text></text>
 </placeholder>
 <answermark>
  <text>3</text>
 </answermark>
 <answertype>
  <text>10</text>
 </answertype>
 <numbox>
  <text>3</text>
 </numbox>
 <vars1>
  <text></text>
 </vars1>
 <answer>
  <text>[aa0,aa1,aa2]</text>
 </answer>
 <vars2>
  <text></text>
 </vars2>
 <correctness>
  <text><![CDATA[_relerr < 0.01]]></text>
 </correctness>
 <unitpenalty>
  <text>1</text>
 </unitpenalty>
 <postunit>
  <text></text>
 </postunit>
 <ruleid>
  <text>1</text>
 </ruleid>
 <otherrule>
  <text></text>
 </otherrule>
 <subqtext format="html">
<text><![CDATA[<p></p><b>b) Určete optimální polynom</b> nejvýše druhého stupně \( p_2^*(x) \), který aproximuje danou tabulku hodnot nejlépe ve smyslu metody nejmenších čtverců.<br>\( p_2^*(x) = \) {_0} + ({_1}) \( x + \) ({_2}) \( x^2\).<p></p><br><p></p>]]></text>
 </subqtext>
 <feedback format="html">
<text></text>
 </feedback>
 <correctfeedback format="html">
<text></text>
 </correctfeedback>
 <partiallycorrectfeedback format="html">
<text></text>
 </partiallycorrectfeedback>
 <incorrectfeedback format="html">
<text></text>
 </incorrectfeedback>
</answers>
<answers>
 <partindex>
  <text>4</text>
 </partindex>
 <placeholder>
  <text></text>
 </placeholder>
 <answermark>
  <text>1</text>
 </answermark>
 <answertype>
  <text>10</text>
 </answertype>
 <numbox>
  <text>1</text>
 </numbox>
 <vars1>
  <text></text>
 </vars1>
 <answer>
  <text>aa0</text>
 </answer>
 <vars2>
  <text></text>
 </vars2>
 <correctness>
  <text><![CDATA[_relerr < 0.01]]></text>
 </correctness>
 <unitpenalty>
  <text>1</text>
 </unitpenalty>
 <postunit>
  <text></text>
 </postunit>
 <ruleid>
  <text>1</text>
 </ruleid>
 <otherrule>
  <text></text>
 </otherrule>
 <subqtext format="html">
<text><![CDATA[Určete hodnotu \( p^*_2(0) = \) {_0}<br><p></p>]]></text>
 </subqtext>
 <feedback format="html">
<text></text>
 </feedback>
 <correctfeedback format="html">
<text></text>
 </correctfeedback>
 <partiallycorrectfeedback format="html">
<text></text>
 </partiallycorrectfeedback>
 <incorrectfeedback format="html">
<text></text>
 </incorrectfeedback>
</answers>
    <hint format="html">
      <text><![CDATA[<p>--<br></p>]]></text>
    </hint>
    <hint format="html">
      <text><![CDATA[<p>--<br></p>]]></text>
    </hint>
  </question>

<!-- question: 0  -->
  <question type="category">
    <category>
      <text>$course$/top/Zkouska NMA BETA/B3</text>
    </category>
    <info format="html">
      <text></text>
    </info>
    <idnumber></idnumber>
  </question>

<!-- question: 178078  -->
  <question type="formulas">
    <name>
      <text>B3 - Cauchy, system 2DOF, var C</text>
    </name>
    <questiontext format="html">
      <text><![CDATA[<p><b> Je dána Cauchyova úloha pro soustavu obyčejných diferenciálních rovnic</b>
\[ y’_1&nbsp; =&nbsp;{a12} y_2 - {a11} y_1 + x (y_2 - {b1} y_1), \qquad y_1({x0}) = {y01} \]
\[&nbsp; y’_2 = {a21} y_1 -&nbsp; {a22} y_2&nbsp; + x (y_1  -  {b2} y_2) \qquad y_2({x0}) = {y02} \]<br></p>]]></text>
    </questiontext>
    <generalfeedback format="html">
      <text></text>
    </generalfeedback>
    <defaultgrade>17.0000000</defaultgrade>
    <penalty>0.3333333</penalty>
    <hidden>0</hidden>
    <idnumber></idnumber>
    <correctfeedback format="html">
      <text>Vaše odpověď je správná.</text>
    </correctfeedback>
    <partiallycorrectfeedback format="html">
      <text>Vaše odpověď je částečně správná.</text>
    </partiallycorrectfeedback>
    <incorrectfeedback format="html">
      <text>Vaše odpověď je chybná.</text>
    </incorrectfeedback>
    <shownumcorrect/>
<varsrandom><text>x0 = {0, 1, 2};
h = {0.2, 0.4, 0.6, 0.3};

a11 = {4, 2, 6};  
a12 = {2, 0.7, 0.5, 0.2};

a21 = {0.8, 0.6, 0.4, 0.1};
a22 = {2, 3, 4};
 
b1 = {1,2,3,4};
b2 = {1,2,3,4};

y01 = {1, 0.5, 2};
y02 = {1, 2, 3};

kmet = {0, 1, 2, 3, 4};
ansord=shuffle([0:5]);
ktaylor={0,1,2};</text>
</varsrandom>
<varsglobal><text><![CDATA[aa="";
bb="";
hhh = h / 2;
metodanazvy=["explicitni Eulerova metoda", "Collatzova metoda", "dvoustupňová metoda Runge-Kutty", "třístupňová metoda Runge-Kutty", "čtyřstupňová metoda Runge-Kutty"];
rad = [ 1, 2, 2, 3, 4 ];
VOLMETODA=metodanazvy[kmet];
Ohp=rad[kmet];
prirustek  = ["\\( \\Phi(x,y,h) = f(x,y) \\)", "\\( \\Phi(x,y,h) = f(x + h, y + h  f(x,y))\\)",  "\\( \\Phi(x,y,h) = f(x + h / 2, y + 1 /2  f(x,y) )\\)", "\\( \\Phi(x,y,h) = f(x + h / 2, y + h /2  f(x,y) )\\)",  "\\( \\Phi(x,y,h) = h f(x + h / 2, y + h /2 f(x,y) ) \\)" ];
ans_prirustek=sublist(prirustek, ansord);
ans_inv   = inv(ansord);
priok = ans_inv[0]; 

#########################################
# Euler
y1 = y01;
y2 = y02;
x   = x0;

# {aa} y’_1 + {a11} y_1 - {a12} y_2 = x (y_2 - {b1} y_1)
# {bb} y’_2 - {a21} y_1 + {a22} y_2 =x (y_1  -  {b2} y_2)
kk_1 = (-a11 * y1   + a12 * y2 + x * (y2 - b1 * y1) ) ;
kk_2 = ( a21 * y1   -  a22 * y2 + x * (y1 - b2 * y2) );
yE1  = y1 +  hhh * kk_1;
yE2  = y2 +  hhh * kk_2;
xE    = x0 + hhh;

#########################################
# Collatz

y1 = y01;
y2 = y02;
x   = x0;

k1_1 = (-a11 * y1   + a12 * y2 + x * (y2 - b1 * y1) );
k1_2 = ( a21 * y1   -  a22 * y2 + x * (y1 - b2 * y2) );

ypom1 = y1 + h / 2 * k1_1;
ypom2 = y2 + h / 2 * k1_2;
xpom   = x   + h / 2;

y1 = ypom1;
y2 = ypom2;
x    = xpom;

k2_1 = (-a11 * y1   + a12 * y2 + x * (y2 - b1 * y1) );
k2_2 = ( a21 * y1   -  a22 * y2 + x * (y1 - b2 * y2) );

x1    = x0   + h;
yC1 = y01 + h * k2_1;
yC2 = y02 + h * k2_2;

poptaylor=["\\varphi(x + h) + \\varphi(x - h)", "\\varphi(x + h) - \\varphi(x - h)",  "\\varphi(x + h/2) + \\varphi(x - h/2)", "\\varphi(x + h/2) - \\varphi(x - h/2)"];
popisekTaylor=poptaylor[ktaylor];
mult0   = [ 2.,    0,          2,          0 ];
mult1   = [ 0,      2,          0,     1/2 ];
mult2   = [ 1,      0,   1. / 4.,         0 ];
mult3   = [ 0,  1./3.,        0,     1/24 ];
coefs=[mult0[ktaylor], mult1[ktaylor], mult2[ktaylor], mult3[ktaylor]];
popshort=["\\varphi(x \\pm h)", "\\varphi(x \\pm h)",  "\\varphi(x \\pm h/2)", "\\varphi(x \\pm h/2)"];
popisekShort = popshort[ktaylor];]]></text>
</varsglobal>
<answernumbering><text>abc</text>
</answernumbering>
<answers>
 <partindex>
  <text>0</text>
 </partindex>
 <placeholder>
  <text></text>
 </placeholder>
 <answermark>
  <text>2.5</text>
 </answermark>
 <answertype>
  <text>100</text>
 </answertype>
 <numbox>
  <text>1</text>
 </numbox>
 <vars1>
  <text></text>
 </vars1>
 <answer>
  <text>yE1</text>
 </answer>
 <vars2>
  <text></text>
 </vars2>
 <correctness>
  <text><![CDATA[_relerr < 0.01]]></text>
 </correctness>
 <unitpenalty>
  <text>1</text>
 </unitpenalty>
 <postunit>
  <text></text>
 </postunit>
 <ruleid>
  <text>1</text>
 </ruleid>
 <otherrule>
  <text></text>
 </otherrule>
 <subqtext format="html">
<text><![CDATA[<p><b>a) </b> Volte \(h = {hhh} \) a určete hodnotu aproximace řešení v bodě \(x = \) {xE} užitím<b> explicitní Eulerovy metody</b><br>
\( y_1({xE}) \doteq \) {_0}<br></p>]]></text>
 </subqtext>
 <feedback format="html">
<text></text>
 </feedback>
 <correctfeedback format="html">
<text></text>
 </correctfeedback>
 <partiallycorrectfeedback format="html">
<text></text>
 </partiallycorrectfeedback>
 <incorrectfeedback format="html">
<text></text>
 </incorrectfeedback>
</answers>
<answers>
 <partindex>
  <text>1</text>
 </partindex>
 <placeholder>
  <text></text>
 </placeholder>
 <answermark>
  <text>2.5</text>
 </answermark>
 <answertype>
  <text>100</text>
 </answertype>
 <numbox>
  <text>1</text>
 </numbox>
 <vars1>
  <text></text>
 </vars1>
 <answer>
  <text>yE2</text>
 </answer>
 <vars2>
  <text></text>
 </vars2>
 <correctness>
  <text><![CDATA[_relerr < 0.01]]></text>
 </correctness>
 <unitpenalty>
  <text>1</text>
 </unitpenalty>
 <postunit>
  <text></text>
 </postunit>
 <ruleid>
  <text>1</text>
 </ruleid>
 <otherrule>
  <text></text>
 </otherrule>
 <subqtext format="html">
<text><![CDATA[<p>\( y_2({xE}) \doteq \) {_0}<br></p>]]></text>
 </subqtext>
 <feedback format="html">
<text></text>
 </feedback>
 <correctfeedback format="html">
<text></text>
 </correctfeedback>
 <partiallycorrectfeedback format="html">
<text></text>
 </partiallycorrectfeedback>
 <incorrectfeedback format="html">
<text></text>
 </incorrectfeedback>
</answers>
<answers>
 <partindex>
  <text>2</text>
 </partindex>
 <placeholder>
  <text></text>
 </placeholder>
 <answermark>
  <text>3</text>
 </answermark>
 <answertype>
  <text>100</text>
 </answertype>
 <numbox>
  <text>1</text>
 </numbox>
 <vars1>
  <text></text>
 </vars1>
 <answer>
  <text>yC1</text>
 </answer>
 <vars2>
  <text></text>
 </vars2>
 <correctness>
  <text><![CDATA[_relerr < 0.01]]></text>
 </correctness>
 <unitpenalty>
  <text>1</text>
 </unitpenalty>
 <postunit>
  <text></text>
 </postunit>
 <ruleid>
  <text>1</text>
 </ruleid>
 <otherrule>
  <text></text>
 </otherrule>
 <subqtext format="html">
<text><![CDATA[<p><b>b)</b> Volte \( h = {h} \) a určete hodnotu aproximace řešení v bodě \(x =\) {x1} užitím <b>Collatzovy metody</b> <br>
\( y_1({x1}) \doteq \) {_0}<br></p>]]></text>
 </subqtext>
 <feedback format="html">
<text></text>
 </feedback>
 <correctfeedback format="html">
<text></text>
 </correctfeedback>
 <partiallycorrectfeedback format="html">
<text></text>
 </partiallycorrectfeedback>
 <incorrectfeedback format="html">
<text></text>
 </incorrectfeedback>
</answers>
<answers>
 <partindex>
  <text>3</text>
 </partindex>
 <placeholder>
  <text></text>
 </placeholder>
 <answermark>
  <text>3</text>
 </answermark>
 <answertype>
  <text>100</text>
 </answertype>
 <numbox>
  <text>1</text>
 </numbox>
 <vars1>
  <text></text>
 </vars1>
 <answer>
  <text>yC2</text>
 </answer>
 <vars2>
  <text></text>
 </vars2>
 <correctness>
  <text><![CDATA[_relerr < 0.01]]></text>
 </correctness>
 <unitpenalty>
  <text>1</text>
 </unitpenalty>
 <postunit>
  <text></text>
 </postunit>
 <ruleid>
  <text>1</text>
 </ruleid>
 <otherrule>
  <text></text>
 </otherrule>
 <subqtext format="html">
<text><![CDATA[<p>\( y_2({x1}) \doteq \) {_0}<br></p>]]></text>
 </subqtext>
 <feedback format="html">
<text></text>
 </feedback>
 <correctfeedback format="html">
<text></text>
 </correctfeedback>
 <partiallycorrectfeedback format="html">
<text></text>
 </partiallycorrectfeedback>
 <incorrectfeedback format="html">
<text></text>
 </incorrectfeedback>
</answers>
<answers>
 <partindex>
  <text>4</text>
 </partindex>
 <placeholder>
  <text></text>
 </placeholder>
 <answermark>
  <text>3</text>
 </answermark>
 <answertype>
  <text>100</text>
 </answertype>
 <numbox>
  <text>2</text>
 </numbox>
 <vars1>
  <text></text>
 </vars1>
 <answer>
  <text>[k1_1,k1_2]</text>
 </answer>
 <vars2>
  <text></text>
 </vars2>
 <correctness>
  <text><![CDATA[_relerr < 0.01]]></text>
 </correctness>
 <unitpenalty>
  <text>1</text>
 </unitpenalty>
 <postunit>
  <text></text>
 </postunit>
 <ruleid>
  <text>1</text>
 </ruleid>
 <otherrule>
  <text></text>
 </otherrule>
 <subqtext format="html">
<text><![CDATA[<p><p>V postupu řešení uveďte vzorce pro výpočet včetně vzorců pro 
mezivýsledky obvykle označované jako \( \boldsymbol{k}_1, 
\boldsymbol{k}_2\). Tyto mezivýsledky zde také uveďte</p><p>\(\boldsymbol{k}_1=\) ({_0}, {_1})\(^T\)</p><br></p>]]></text>
 </subqtext>
 <feedback format="html">
<text></text>
 </feedback>
 <correctfeedback format="html">
<text></text>
 </correctfeedback>
 <partiallycorrectfeedback format="html">
<text></text>
 </partiallycorrectfeedback>
 <incorrectfeedback format="html">
<text></text>
 </incorrectfeedback>
</answers>
<answers>
 <partindex>
  <text>5</text>
 </partindex>
 <placeholder>
  <text></text>
 </placeholder>
 <answermark>
  <text>3</text>
 </answermark>
 <answertype>
  <text>100</text>
 </answertype>
 <numbox>
  <text>2</text>
 </numbox>
 <vars1>
  <text></text>
 </vars1>
 <answer>
  <text>[k2_1,k2_2]</text>
 </answer>
 <vars2>
  <text></text>
 </vars2>
 <correctness>
  <text><![CDATA[_relerr < 0.01]]></text>
 </correctness>
 <unitpenalty>
  <text>1</text>
 </unitpenalty>
 <postunit>
  <text></text>
 </postunit>
 <ruleid>
  <text>1</text>
 </ruleid>
 <otherrule>
  <text></text>
 </otherrule>
 <subqtext format="html">
<text><![CDATA[<p>\(\boldsymbol{k}_2=\) ({_0}, {_1})\(^T\)<br></p>]]></text>
 </subqtext>
 <feedback format="html">
<text></text>
 </feedback>
 <correctfeedback format="html">
<text></text>
 </correctfeedback>
 <partiallycorrectfeedback format="html">
<text></text>
 </partiallycorrectfeedback>
 <incorrectfeedback format="html">
<text></text>
 </incorrectfeedback>
</answers>
  </question>

<!-- question: 178079  -->
  <question type="formulas">
    <name>
      <text>B3 - rovnice 3. řád převod</text>
    </name>
    <questiontext format="html">
      <text><![CDATA[<p><b>Je dána Cauchyova úloha</b> <br></p><p>\[ y^{\prime\prime\prime}={a}y^{\prime\prime}-{b}y^\prime+{c}y,\qquad&nbsp;
y({x0})={Y0[0]},y^\prime({x0})={Y0[1]},\ y^{\prime\prime}({x0})={Y0[2]} \] </p><p></p><p><b>Danou r</b><b>ovnici</b> <b>převeďte na soustavu</b> tří rovnic 1. řádu. 
Postup převodu a soustavu rovnic zapište do odevzdávaného textu řešení.</p>]]></text>
    </questiontext>
    <generalfeedback format="html">
      <text></text>
    </generalfeedback>
    <defaultgrade>17.0000000</defaultgrade>
    <penalty>0.0000000</penalty>
    <hidden>0</hidden>
    <idnumber></idnumber>
    <correctfeedback format="html">
      <text>Vaše odpověď je správná.</text>
    </correctfeedback>
    <partiallycorrectfeedback format="html">
      <text>Vaše odpověď je částečně správná.</text>
    </partiallycorrectfeedback>
    <incorrectfeedback format="html">
      <text>Vaše odpověď je chybná.</text>
    </incorrectfeedback>
    <shownumcorrect/>
<varsrandom><text>h={ 0.1, 0.2, 0.4, 0.5, 0.6};
x0 = {-4:4};
yx= {-4:4}; yy ={-4:4};  yz={-4:4};
a={2:6};b={2:6};c={2:6};
nasobek={2, 3, 4, 5};</text>
</varsrandom>
<varsglobal><text>chybapodil= 1/(nasobek*nasobek);

x0h=x0+h/2; x1 = x0+h; x1h = x1+h/2; x2 = x1+h; hpul=h/2;
Y0 = [yx,yy,yz];

k11 = [Y0[1], Y0[2],a*Y0[2]-b*Y0[1] +c*Y0[0]];
Ypom1 = [Y0[0] +( h/2*k11[0]), Y0[1] + (h/2*k11[1]), Y0[2] +( h/2*k11[2]) ];
k21 = [Ypom1[1], Ypom1[2], a*Ypom1[2]-b*Ypom1[1] +c*Ypom1[0]];
Y2E = [Ypom1[0] + (hpul*k21[0]), Ypom1[1] + (hpul*k21[1]), Ypom1[2]+(hpul*k21[2])];
Y1 = [Y0[0] + (h*k21[0]), Y0[1] + (h*k21[1]), Y0[2]+(h*k21[2])];
#k12 = [Y1[1], Y1[2],a*Y1[2]-b*Y1[1] +c*Y1[0]];
#Ypom2 = [Y1[0] + (h/2*k12[0]), Y1[1] + (h/2*k12[1]), Y1[2]+ (h/2*k12[2])];
#k22 = [Ypom2[1], Ypom2[2],a*Ypom2[2]-b*Ypom2[1] +c*Ypom2[0]];
#Y2 = [Y1[0] + (h*k22[0]), Y1[1] + (h*k22[1]) , Y1[2]  +(h*k22[2] )];</text>
</varsglobal>
<answernumbering><text>abc</text>
</answernumbering>
<answers>
 <partindex>
  <text>0</text>
 </partindex>
 <placeholder>
  <text></text>
 </placeholder>
 <answermark>
  <text>4</text>
 </answermark>
 <answertype>
  <text>100</text>
 </answertype>
 <numbox>
  <text>3</text>
 </numbox>
 <vars1>
  <text></text>
 </vars1>
 <answer>
  <text>Ypom1</text>
 </answer>
 <vars2>
  <text></text>
 </vars2>
 <correctness>
  <text><![CDATA[_relerr < 0.01]]></text>
 </correctness>
 <unitpenalty>
  <text>1</text>
 </unitpenalty>
 <postunit>
  <text></text>
 </postunit>
 <ruleid>
  <text>1</text>
 </ruleid>
 <otherrule>
  <text></text>
 </otherrule>
 <subqtext format="html">
<text><![CDATA[<b>a) </b>Volte krok \(h = \) {hpul} a určete přibližné hodnoty \(y({x0h}), y^\prime({x0h}),&nbsp;y^{\prime\prime}({x0h})\) <b> Eulerovou explicitní metodou</b><br>
\( y({x0h}) \doteq \) {_0} <br>
\( y^\prime({x0h}) \doteq \) {_1}<br>
\( y^{\prime\prime}({x0h}) \doteq \){_2}]]></text>
 </subqtext>
 <feedback format="html">
<text></text>
 </feedback>
 <correctfeedback format="html">
<text><![CDATA[<p>ok<br></p>]]></text>
 </correctfeedback>
 <partiallycorrectfeedback format="html">
<text></text>
 </partiallycorrectfeedback>
 <incorrectfeedback format="html">
<text><![CDATA[<p>chybně<br></p>]]></text>
 </incorrectfeedback>
</answers>
<answers>
 <partindex>
  <text>1</text>
 </partindex>
 <placeholder>
  <text></text>
 </placeholder>
 <answermark>
  <text>2.5</text>
 </answermark>
 <answertype>
  <text>10</text>
 </answertype>
 <numbox>
  <text>3</text>
 </numbox>
 <vars1>
  <text></text>
 </vars1>
 <answer>
  <text>[k11[0], k11[1], k11[2]]</text>
 </answer>
 <vars2>
  <text></text>
 </vars2>
 <correctness>
  <text><![CDATA[_relerr < 0.01]]></text>
 </correctness>
 <unitpenalty>
  <text>1</text>
 </unitpenalty>
 <postunit>
  <text></text>
 </postunit>
 <ruleid>
  <text>1</text>
 </ruleid>
 <otherrule>
  <text></text>
 </otherrule>
 <subqtext format="html">
<text><![CDATA[<b>b) Volte krok \(h=\){h} a určete přibližné hodnoty </b> \(y({x1}), y^\prime({x1}), y^{\prime\prime}({x1})\) <b>Collatzovou metodou</b>.
 V postupu řešení uveďte vzorce pro výpočet včetně vzorců pro 
mezivýsledky obvykle označované jako \(\boldsymbol{k}_1, \boldsymbol{k}_2\). Tyto mezivýsledky zde
 také uveďte <br> \( \boldsymbol{k}_1=\) ({_0}, {_1}, {_2})\(^T\)]]></text>
 </subqtext>
 <feedback format="html">
<text></text>
 </feedback>
 <correctfeedback format="html">
<text><![CDATA[<p>ok<br></p>]]></text>
 </correctfeedback>
 <partiallycorrectfeedback format="html">
<text></text>
 </partiallycorrectfeedback>
 <incorrectfeedback format="html">
<text><![CDATA[<p>chybně<br></p>]]></text>
 </incorrectfeedback>
</answers>
<answers>
 <partindex>
  <text>2</text>
 </partindex>
 <placeholder>
  <text></text>
 </placeholder>
 <answermark>
  <text>2.5</text>
 </answermark>
 <answertype>
  <text>10</text>
 </answertype>
 <numbox>
  <text>3</text>
 </numbox>
 <vars1>
  <text></text>
 </vars1>
 <answer>
  <text>[ k21[0],k21[1],k21[2]]</text>
 </answer>
 <vars2>
  <text></text>
 </vars2>
 <correctness>
  <text><![CDATA[_relerr < 0.01]]></text>
 </correctness>
 <unitpenalty>
  <text>1</text>
 </unitpenalty>
 <postunit>
  <text></text>
 </postunit>
 <ruleid>
  <text>1</text>
 </ruleid>
 <otherrule>
  <text></text>
 </otherrule>
 <subqtext format="html">
<text>\( \boldsymbol{k}_2=\) ({_0}, {_1}, {_2})\(^T\)</text>
 </subqtext>
 <feedback format="html">
<text></text>
 </feedback>
 <correctfeedback format="html">
<text><![CDATA[<p>ok<br></p>]]></text>
 </correctfeedback>
 <partiallycorrectfeedback format="html">
<text></text>
 </partiallycorrectfeedback>
 <incorrectfeedback format="html">
<text><![CDATA[<p>chybně<br></p>]]></text>
 </incorrectfeedback>
</answers>
<answers>
 <partindex>
  <text>3</text>
 </partindex>
 <placeholder>
  <text></text>
 </placeholder>
 <answermark>
  <text>5</text>
 </answermark>
 <answertype>
  <text>100</text>
 </answertype>
 <numbox>
  <text>2</text>
 </numbox>
 <vars1>
  <text></text>
 </vars1>
 <answer>
  <text>[Y1[0], Y1[1]]</text>
 </answer>
 <vars2>
  <text></text>
 </vars2>
 <correctness>
  <text><![CDATA[_relerr < 0.01]]></text>
 </correctness>
 <unitpenalty>
  <text>1</text>
 </unitpenalty>
 <postunit>
  <text></text>
 </postunit>
 <ruleid>
  <text>1</text>
 </ruleid>
 <otherrule>
  <text></text>
 </otherrule>
 <subqtext format="html">
<text><![CDATA[\( y({x1}) \doteq \) {_0} <br>
\( y^\prime({x1}) \doteq \) {_1}]]></text>
 </subqtext>
 <feedback format="html">
<text></text>
 </feedback>
 <correctfeedback format="html">
<text></text>
 </correctfeedback>
 <partiallycorrectfeedback format="html">
<text></text>
 </partiallycorrectfeedback>
 <incorrectfeedback format="html">
<text></text>
 </incorrectfeedback>
</answers>
<answers>
 <partindex>
  <text>4</text>
 </partindex>
 <placeholder>
  <text></text>
 </placeholder>
 <answermark>
  <text>3</text>
 </answermark>
 <answertype>
  <text>100</text>
 </answertype>
 <numbox>
  <text>1</text>
 </numbox>
 <vars1>
  <text></text>
 </vars1>
 <answer>
  <text>Y1[2]</text>
 </answer>
 <vars2>
  <text></text>
 </vars2>
 <correctness>
  <text><![CDATA[_relerr < 0.01]]></text>
 </correctness>
 <unitpenalty>
  <text>1</text>
 </unitpenalty>
 <postunit>
  <text></text>
 </postunit>
 <ruleid>
  <text>1</text>
 </ruleid>
 <otherrule>
  <text></text>
 </otherrule>
 <subqtext format="html">
<text><![CDATA[\( y^{\prime\prime}({x1}) \doteq \){_0}<br>]]></text>
 </subqtext>
 <feedback format="html">
<text></text>
 </feedback>
 <correctfeedback format="html">
<text></text>
 </correctfeedback>
 <partiallycorrectfeedback format="html">
<text></text>
 </partiallycorrectfeedback>
 <incorrectfeedback format="html">
<text></text>
 </incorrectfeedback>
</answers>
    <hint format="html">
      <text><![CDATA[<p>--<br></p>]]></text>
    </hint>
    <hint format="html">
      <text><![CDATA[<p>--<br></p>]]></text>
    </hint>
  </question>

<!-- question: 178080  -->
  <question type="formulas">
    <name>
      <text>B3 - rovnice 3. řád převod, varianta B</text>
    </name>
    <questiontext format="html">
      <text><![CDATA[<p><b>Je dána Cauchyova úloha</b> <br></p><p>\[ {c} y^{\prime\prime\prime} + {a} y \, y^{\prime\prime} + {b} - y^3 = 0, \qquad&nbsp;
y({x0})={Y0[0]},y^\prime({x0})={Y0[1]},\ y^{\prime\prime}({x0})={Y0[2]} \] </p><p></p><p><b>Určete oblast, kde je zaručena existence a jednoznačnost řešení dané úlohy. Danou r</b><b>ovnici</b> <b>převeďte na soustavu</b> tří rovnic 1. řádu. 
Postup převodu a soustavu rovnic zapište do odevzdávaného textu řešení.</p>]]></text>
    </questiontext>
    <generalfeedback format="html">
      <text></text>
    </generalfeedback>
    <defaultgrade>17.0000000</defaultgrade>
    <penalty>0.0000000</penalty>
    <hidden>0</hidden>
    <idnumber></idnumber>
    <correctfeedback format="html">
      <text>Vaše odpověď je správná.</text>
    </correctfeedback>
    <partiallycorrectfeedback format="html">
      <text>Vaše odpověď je částečně správná.</text>
    </partiallycorrectfeedback>
    <incorrectfeedback format="html">
      <text>Vaše odpověď je chybná.</text>
    </incorrectfeedback>
    <shownumcorrect/>
<varsrandom><text>h   = { 0.2, 0.4, 0.8, 0.6};
x0 = {0, 1, 2, -1};
a   = {1, 4, 2};
b   = {1, 2, 3, 4};
c   = {1, 2, 4};

nasobek = {2, 3, 4, 5};
kmetoda = {0, 1, 2, 3};

y01 = {0.5, 1, 2, -1, -2, -0.5, 0};
y02 = {1.5, 1, 2, -1, -2, -1.5, 0};
y03 = {1.5, 1, 2, -1, -2, -1.5, 0};
</text>
</varsrandom>
<varsglobal><text><![CDATA[nazvymetod=[ "explicitní Eulerovou metodou", "Collatzovou metodou", "(optimální) třístupňovou metodou Runge-Kutta", "(optimální) čtyřstupňovou metodou Runge-Kutta"];

seznammetod=[ "explicitní Eulerovy metody", "Collatzovy metody", "(optimální) třístupňové metody Runge-Kutta", "(optimální) čtyřstupňové metody Runge-Kutta"];

metodanazev = nazvymetod[kmetoda];

tetometody = seznammetod[kmetoda];

chybapodil= 1 / nasobek;
chybapodil= (kmetoda > 0) ? chybapodil / nasobek : chybapodil;
chybapodil= (kmetoda > 1) ? chybapodil / nasobek : chybapodil;
chybapodil= (kmetoda > 2) ? chybapodil / nasobek : chybapodil;

x0h  = x0 + h / 2; 
x1    = x0 + h; 
hpul =  h / 2;
Y0 = [y01, y02, y03];

k1          = [Y0[1], Y0[2],   - a / c * Y0[0] *Y0[2] - b / c + Y0[0] * Y0[0] * Y0[0] / c ];
Ypom    = [Y0[0] + (h / 2 * k1[0]), Y0[1] + (h / 2 * k1[1]), Y0[2] + ( h / 2 * k1[2]) ];
k2          = [Ypom[1], Ypom[2],   - a / c * Ypom[0] *Ypom[2] - b / c + Ypom[0] * Ypom[0] * Ypom[0] / c];
Y1         = [Y0[0] + (h * k2[0]), Y0[1] + (h * k2[1]), Y0[2] + (h * k2[2]) ];

]]></text>
</varsglobal>
<answernumbering><text>abc</text>
</answernumbering>
<answers>
 <partindex>
  <text>0</text>
 </partindex>
 <placeholder>
  <text></text>
 </placeholder>
 <answermark>
  <text>4</text>
 </answermark>
 <answertype>
  <text>100</text>
 </answertype>
 <numbox>
  <text>3</text>
 </numbox>
 <vars1>
  <text></text>
 </vars1>
 <answer>
  <text>Ypom</text>
 </answer>
 <vars2>
  <text></text>
 </vars2>
 <correctness>
  <text><![CDATA[_relerr < 0.01]]></text>
 </correctness>
 <unitpenalty>
  <text>1</text>
 </unitpenalty>
 <postunit>
  <text></text>
 </postunit>
 <ruleid>
  <text>1</text>
 </ruleid>
 <otherrule>
  <text></text>
 </otherrule>
 <subqtext format="html">
<text><![CDATA[<b>a) </b>Volte krok \(h = \) {hpul} a určete přibližné hodnoty \(y({x0h}), y^\prime({x0h}),&nbsp;y^{\prime\prime}({x0h})\)&nbsp;<b> Eulerovou explicitní metodou</b><b>.<br></b><p></p><p>\(y({x0h}) \doteq\)&nbsp;&nbsp; {_0} <br>\(y^\prime({x0h})\doteq\) {_1}<br></p><p>\(y^{\prime\prime}({x0h}) \doteq\){_2}</p>]]></text>
 </subqtext>
 <feedback format="html">
<text></text>
 </feedback>
 <correctfeedback format="html">
<text><![CDATA[<p>ok<br></p>]]></text>
 </correctfeedback>
 <partiallycorrectfeedback format="html">
<text></text>
 </partiallycorrectfeedback>
 <incorrectfeedback format="html">
<text><![CDATA[<p>chybně<br></p>]]></text>
 </incorrectfeedback>
</answers>
<answers>
 <partindex>
  <text>1</text>
 </partindex>
 <placeholder>
  <text></text>
 </placeholder>
 <answermark>
  <text>2.5</text>
 </answermark>
 <answertype>
  <text>10</text>
 </answertype>
 <numbox>
  <text>3</text>
 </numbox>
 <vars1>
  <text></text>
 </vars1>
 <answer>
  <text>[k1[0], k1[1], k1[2]]</text>
 </answer>
 <vars2>
  <text></text>
 </vars2>
 <correctness>
  <text><![CDATA[_relerr < 0.01]]></text>
 </correctness>
 <unitpenalty>
  <text>1</text>
 </unitpenalty>
 <postunit>
  <text></text>
 </postunit>
 <ruleid>
  <text>1</text>
 </ruleid>
 <otherrule>
  <text></text>
 </otherrule>
 <subqtext format="html">
<text><![CDATA[<b>b) Volte krok \(h=\){h} a určete přibližné hodnoty </b> \(y({x1}), y^\prime({x1}), y^{\prime\prime}({x1})\) <b>Collatzovou metodou</b>.
 V postupu řešení uveďte vzorce pro výpočet včetně vzorců pro 
mezivýsledky obvykle označované jako \(\boldsymbol{k}_1, \boldsymbol{k}_2\). Tyto mezivýsledky zde
 také uveďte <br> \(\boldsymbol{k}_1=\) ({_0}, {_1}, {_2})\(^T\)]]></text>
 </subqtext>
 <feedback format="html">
<text></text>
 </feedback>
 <correctfeedback format="html">
<text><![CDATA[<p>ok<br></p>]]></text>
 </correctfeedback>
 <partiallycorrectfeedback format="html">
<text></text>
 </partiallycorrectfeedback>
 <incorrectfeedback format="html">
<text><![CDATA[<p>chybně<br></p>]]></text>
 </incorrectfeedback>
</answers>
<answers>
 <partindex>
  <text>2</text>
 </partindex>
 <placeholder>
  <text></text>
 </placeholder>
 <answermark>
  <text>2.5</text>
 </answermark>
 <answertype>
  <text>10</text>
 </answertype>
 <numbox>
  <text>3</text>
 </numbox>
 <vars1>
  <text></text>
 </vars1>
 <answer>
  <text>[ k2[0],k2[1],k2[2]]</text>
 </answer>
 <vars2>
  <text></text>
 </vars2>
 <correctness>
  <text><![CDATA[_relerr < 0.01]]></text>
 </correctness>
 <unitpenalty>
  <text>1</text>
 </unitpenalty>
 <postunit>
  <text></text>
 </postunit>
 <ruleid>
  <text>1</text>
 </ruleid>
 <otherrule>
  <text></text>
 </otherrule>
 <subqtext format="html">
<text>\(\boldsymbol{k}_2=\) ({_0}, {_1}, {_2})\(^T\)</text>
 </subqtext>
 <feedback format="html">
<text></text>
 </feedback>
 <correctfeedback format="html">
<text><![CDATA[<p>ok<br></p>]]></text>
 </correctfeedback>
 <partiallycorrectfeedback format="html">
<text></text>
 </partiallycorrectfeedback>
 <incorrectfeedback format="html">
<text><![CDATA[<p>chybně<br></p>]]></text>
 </incorrectfeedback>
</answers>
<answers>
 <partindex>
  <text>3</text>
 </partindex>
 <placeholder>
  <text></text>
 </placeholder>
 <answermark>
  <text>5</text>
 </answermark>
 <answertype>
  <text>100</text>
 </answertype>
 <numbox>
  <text>2</text>
 </numbox>
 <vars1>
  <text></text>
 </vars1>
 <answer>
  <text>[Y1[0], Y1[1]]</text>
 </answer>
 <vars2>
  <text></text>
 </vars2>
 <correctness>
  <text><![CDATA[_relerr < 0.01]]></text>
 </correctness>
 <unitpenalty>
  <text>1</text>
 </unitpenalty>
 <postunit>
  <text></text>
 </postunit>
 <ruleid>
  <text>1</text>
 </ruleid>
 <otherrule>
  <text></text>
 </otherrule>
 <subqtext format="html">
<text><![CDATA[\( y({x1})  \doteq \)&nbsp; {_0} <br> \(y^\prime({x1})\doteq\) {_1}<br>]]></text>
 </subqtext>
 <feedback format="html">
<text></text>
 </feedback>
 <correctfeedback format="html">
<text></text>
 </correctfeedback>
 <partiallycorrectfeedback format="html">
<text></text>
 </partiallycorrectfeedback>
 <incorrectfeedback format="html">
<text></text>
 </incorrectfeedback>
</answers>
<answers>
 <partindex>
  <text>4</text>
 </partindex>
 <placeholder>
  <text></text>
 </placeholder>
 <answermark>
  <text>3</text>
 </answermark>
 <answertype>
  <text>100</text>
 </answertype>
 <numbox>
  <text>1</text>
 </numbox>
 <vars1>
  <text></text>
 </vars1>
 <answer>
  <text>Y1[2]</text>
 </answer>
 <vars2>
  <text></text>
 </vars2>
 <correctness>
  <text><![CDATA[_relerr < 0.01]]></text>
 </correctness>
 <unitpenalty>
  <text>1</text>
 </unitpenalty>
 <postunit>
  <text></text>
 </postunit>
 <ruleid>
  <text>1</text>
 </ruleid>
 <otherrule>
  <text></text>
 </otherrule>
 <subqtext format="html">
<text><![CDATA[\(y^{\prime\prime}({x1}) \doteq\){_0}<br>]]></text>
 </subqtext>
 <feedback format="html">
<text></text>
 </feedback>
 <correctfeedback format="html">
<text></text>
 </correctfeedback>
 <partiallycorrectfeedback format="html">
<text></text>
 </partiallycorrectfeedback>
 <incorrectfeedback format="html">
<text></text>
 </incorrectfeedback>
</answers>
    <hint format="html">
      <text><![CDATA[<p>--<br></p>]]></text>
    </hint>
    <hint format="html">
      <text><![CDATA[<p>--<br></p>]]></text>
    </hint>
  </question>

<!-- question: 0  -->
  <question type="category">
    <category>
      <text>$course$/top/Zkouska NMA BETA/B4</text>
    </category>
    <info format="html">
      <text></text>
    </info>
    <idnumber></idnumber>
  </question>

<!-- question: 177974  -->
  <question type="formulas">
    <name>
      <text>B4 - Okrajova uloha pro ODR</text>
    </name>
    <questiontext format="html">
      <text><![CDATA[<p>Je dána okrajová úloha: \[ -\left({px} y^\prime\right)^\prime + {qx} y = {fx}, \quad  y({a}) = {ya}, \ y({b}) = {yb} \]<br></p>]]></text>
    </questiontext>
    <generalfeedback format="html">
      <text></text>
    </generalfeedback>
    <defaultgrade>16.0000000</defaultgrade>
    <penalty>0.3333333</penalty>
    <hidden>0</hidden>
    <idnumber></idnumber>
    <correctfeedback format="html">
      <text>Vaše odpověď je správná.</text>
    </correctfeedback>
    <partiallycorrectfeedback format="html">
      <text>Vaše odpověď je částečně správná.</text>
    </partiallycorrectfeedback>
    <incorrectfeedback format="html">
      <text>Vaše odpověď je chybná.</text>
    </incorrectfeedback>
    <shownumcorrect/>
<varsrandom><text>a = {1, 2, 3, 4};
W = {1, 2, 4};
ya = {3, 2, 4, 1, 5};
yb = {1, 4, -2, 2};

kp = {0, 1, 2};
kq = {0, 1, 2};
kf = {0, 1, 2};
sort1=shuffle([0:5]);
sort2=shuffle([0:5]);
sort3=shuffle([0:5]);
sort4=shuffle([0:5]);

ktaylor={0,1,2};</text>
</varsrandom>
<varsglobal><text><![CDATA[hhh =  W / 4;
b = a + W;    
x=[a, a + hhh, a + 2 * hhh, a + 3 * hhh,  b];
xpul=[ a + hhh / 2, a + 3 * hhh /2, a + 5 * hhh /2, a + 7 * hhh / 2 ];

pxlist = [ "x^2", "(x + 1)", "\\sqrt x"];
qxlist = ["(x+2)", "x", "(2 x - 1)"];
fxlist  =  ["-x", "4", "2" ];
px = pxlist[kp];
qx = qxlist[kq];
fx  = fxlist[kf];

q = [0, 0, 0, 0, 0];
f = [0, 0, 0, 0, 0];
for (i:[0:5]) {
  fval_list = [ -x[i], 4, 2];
  qval_list = [x[i] + 2, x[i], 2 * x[i] - 1];
   q[i] = qval_list[kq];
   f[i]  = fval_list[kf];
}

p = [0, 0, 0, 0];
for (i:[0:4]) {
   pval_list = [ xpul[i] * xpul[i], xpul[i] + 1, sqrt(xpul[i])];
   p[i] = pval_list[kp];
}

poptaylor=[ "x + h/2", "x - h/2", "x - h"];
popisekTaylor=poptaylor[ktaylor];
mult   = [ 1./2., -1./2., -1];
mult2 = [ 1./4,  1./4.,  1];
mult3 = [ 1./8,  -1./8,  -1];
mult4 = [ 1./16,  1./16,  1];
coefs=[1, mult[ktaylor], mult2[ktaylor] / 2, mult3[ktaylor]  / 6, mult4[ktaylor] /24 ];]]></text>
</varsglobal>
<answernumbering><text>abc</text>
</answernumbering>
<answers>
 <partindex>
  <text>0</text>
 </partindex>
 <placeholder>
  <text></text>
 </placeholder>
 <answermark>
  <text>5.4</text>
 </answermark>
 <answertype>
  <text>100</text>
 </answertype>
 <numbox>
  <text>4</text>
 </numbox>
 <vars1>
  <text></text>
 </vars1>
 <answer>
  <text>[(p[0] + p[1]) + hhh * hhh * q[1], -p[1], 0,  hhh * hhh * f[1] + p[0] * ya ]</text>
 </answer>
 <vars2>
  <text></text>
 </vars2>
 <correctness>
  <text><![CDATA[_relerr < 0.01]]></text>
 </correctness>
 <unitpenalty>
  <text>1</text>
 </unitpenalty>
 <postunit>
  <text></text>
 </postunit>
 <ruleid>
  <text>1</text>
 </ruleid>
 <otherrule>
  <text></text>
 </otherrule>
 <subqtext format="html">
<text><![CDATA[<p>a) <b>Volte krok</b> \(h= {hhh}\) <b>a sestavte soustavu lineárních rovnic získanou aproximaci této úlohy metodou sítí</b> s krokem \( h = {hhh} \). <br>
Rovnice v bodě \( x = {x[1]} \)<br>
({_0})\( Y_1 + \)({_1})\(Y_2 + \)({_2})\(Y_3 =\) {_3}<br></p>]]></text>
 </subqtext>
 <feedback format="html">
<text></text>
 </feedback>
 <correctfeedback format="html">
<text></text>
 </correctfeedback>
 <partiallycorrectfeedback format="html">
<text></text>
 </partiallycorrectfeedback>
 <incorrectfeedback format="html">
<text></text>
 </incorrectfeedback>
</answers>
<answers>
 <partindex>
  <text>1</text>
 </partindex>
 <placeholder>
  <text></text>
 </placeholder>
 <answermark>
  <text>5.3</text>
 </answermark>
 <answertype>
  <text>100</text>
 </answertype>
 <numbox>
  <text>4</text>
 </numbox>
 <vars1>
  <text></text>
 </vars1>
 <answer>
  <text>[-p[1], (p[1] + p[2]) + hhh * hhh * q[2], -p[2],  hhh * hhh * f[2]]</text>
 </answer>
 <vars2>
  <text></text>
 </vars2>
 <correctness>
  <text><![CDATA[_relerr < 0.01]]></text>
 </correctness>
 <unitpenalty>
  <text>1</text>
 </unitpenalty>
 <postunit>
  <text></text>
 </postunit>
 <ruleid>
  <text>1</text>
 </ruleid>
 <otherrule>
  <text></text>
 </otherrule>
 <subqtext format="html">
<text><![CDATA[<p>Rovnice v bodě \( x = {x[2]} \)<br>
({_0})\( Y_1 + \)({_1})\(Y_2 + \)({_2})\(Y_3 =\) {_3}<br></p>]]></text>
 </subqtext>
 <feedback format="html">
<text></text>
 </feedback>
 <correctfeedback format="html">
<text></text>
 </correctfeedback>
 <partiallycorrectfeedback format="html">
<text></text>
 </partiallycorrectfeedback>
 <incorrectfeedback format="html">
<text></text>
 </incorrectfeedback>
</answers>
<answers>
 <partindex>
  <text>2</text>
 </partindex>
 <placeholder>
  <text></text>
 </placeholder>
 <answermark>
  <text>5.3</text>
 </answermark>
 <answertype>
  <text>100</text>
 </answertype>
 <numbox>
  <text>4</text>
 </numbox>
 <vars1>
  <text></text>
 </vars1>
 <answer>
  <text>[0,-p[2], (p[2] + p[3]) + hhh * hhh * q[3], hhh * hhh * f[3] + p[3] * yb]</text>
 </answer>
 <vars2>
  <text></text>
 </vars2>
 <correctness>
  <text><![CDATA[_relerr < 0.01]]></text>
 </correctness>
 <unitpenalty>
  <text>1</text>
 </unitpenalty>
 <postunit>
  <text></text>
 </postunit>
 <ruleid>
  <text>1</text>
 </ruleid>
 <otherrule>
  <text></text>
 </otherrule>
 <subqtext format="html">
<text><![CDATA[<p>Rovnice v bodě \( x = {x[3]} \)<br>
({_0})\( Y_1 + \)({_1})\(Y_2 + \)({_2})\(Y_3 =\) {_3}<br></p>]]></text>
 </subqtext>
 <feedback format="html">
<text></text>
 </feedback>
 <correctfeedback format="html">
<text></text>
 </correctfeedback>
 <partiallycorrectfeedback format="html">
<text></text>
 </partiallycorrectfeedback>
 <incorrectfeedback format="html">
<text></text>
 </incorrectfeedback>
</answers>
  </question>

<!-- question: 177973  -->
  <question type="formulas">
    <name>
      <text>B4 Poisson var C</text>
    </name>
    <questiontext format="html">
      <text><![CDATA[V oblasti \( \Omega \subset \mathbb R^2\) je dána úloha \[  -\Delta u = {fff}, \]
na hranici oblasti \(\partial \Omega\) je zadána okrajová podmínka \(u(x,y) = {fifi} \). <br><p>
Oblast \( \Omega \) je dána jako čtyřúhelník s vrcholy ABCD, kde <br>
 \[ A=[ {A[0]}, {A[1]} ], \qquad  B=[ {B[0]}, {B[1]}], \qquad C=[ {C[0]}, {C[1]}], \qquad D=[ {D[0]}, {D[1]}] \]</p>]]></text>
<file name="om_pdr5.jpg" path="/" encoding="base64">/9j/4AAQSkZJRgABAQAAlgCWAAD/4QB0RXhpZgAATU0AKgAAAAgABAEaAAUAAAABAAAAPgEbAAUAAAABAAAARgEoAAMAAAABAAIAAIdpAAQAAAABAAAATgAAAAAAAACWAAAAAQAAAJYAAAABAAKgAgAEAAAAAQAAA02gAwAEAAAAAQAAA0kAAAAA/+0AOFBob3Rvc2hvcCAzLjAAOEJJTQQEAAAAAAAAOEJJTQQlAAAAAAAQ1B2M2Y8AsgTpgAmY7PhCfv/iAkBJQ0NfUFJPRklMRQABAQAAAjBBREJFAhAAAG1udHJSR0IgWFlaIAfQAAgACwATADMAO2Fjc3BBUFBMAAAAAG5vbmUAAAAAAAAAAAAAAAAAAAAAAAD21gABAAAAANMtQURCRQAAAAAAAAAAAAAAAAAAAAAAAAAAAAAAAAAAAAAAAAAAAAAAAAAAAAAAAAAAAAAACmNwcnQAAAD8AAAAMmRlc2MAAAEwAAAAa3d0cHQAAAGcAAAAFGJrcHQAAAGwAAAAFHJUUkMAAAHEAAAADmdUUkMAAAHUAAAADmJUUkMAAAHkAAAADnJYWVoAAAH0AAAAFGdYWVoAAAIIAAAAFGJYWVoAAAIcAAAAFHRleHQAAAAAQ29weXJpZ2h0IDIwMDAgQWRvYmUgU3lzdGVtcyBJbmNvcnBvcmF0ZWQAAABkZXNjAAAAAAAAABFBZG9iZSBSR0IgKDE5OTgpAAAAAAAAAAAAAAAAAAAAAAAAAAAAAAAAAAAAAAAAAAAAAAAAAAAAAAAAAAAAAAAAAAAAAAAAAAAAAAAAAAAAAAAAAAAAAAAAAAAAAAAAAABYWVogAAAAAAAA81EAAQAAAAEWzFhZWiAAAAAAAAAAAAAAAAAAAAAAY3VydgAAAAAAAAABAjMAAGN1cnYAAAAAAAAAAQIzAABjdXJ2AAAAAAAAAAECMwAAWFlaIAAAAAAAAJwYAABPpQAABPxYWVogAAAAAAAANI0AAKAsAAAPlVhZWiAAAAAAAAAmMQAAEC8AAL6c/8AAEQgDSQNNAwERAAIRAQMRAf/EAB8AAAEFAQEBAQEBAAAAAAAAAAABAgMEBQYHCAkKC//EALUQAAIBAwMCBAMFBQQEAAABfQECAwAEEQUSITFBBhNRYQcicRQygZGhCCNCscEVUtHwJDNicoIJChYXGBkaJSYnKCkqNDU2Nzg5OkNERUZHSElKU1RVVldYWVpjZGVmZ2hpanN0dXZ3eHl6g4SFhoeIiYqSk5SVlpeYmZqio6Slpqeoqaqys7S1tre4ubrCw8TFxsfIycrS09TV1tfY2drh4uPk5ebn6Onq8fLz9PX29/j5+v/EAB8BAAMBAQEBAQEBAQEAAAAAAAABAgMEBQYHCAkKC//EALURAAIBAgQEAwQHBQQEAAECdwABAgMRBAUhMQYSQVEHYXETIjKBCBRCkaGxwQkjM1LwFWJy0QoWJDThJfEXGBkaJicoKSo1Njc4OTpDREVGR0hJSlNUVVZXWFlaY2RlZmdoaWpzdHV2d3h5eoKDhIWGh4iJipKTlJWWl5iZmqKjpKWmp6ipqrKztLW2t7i5usLDxMXGx8jJytLT1NXW19jZ2uLj5OXm5+jp6vLz9PX29/j5+v/bAEMAAQEBAQEBAQEBAQEBAQEBAQEBAQEBAQEBAQEBAQEBAQEBAQEBAQEBAQEBAQEBAQEBAQEBAQEBAQEBAQEBAQEBAf/bAEMBAQEBAQEBAQEBAQEBAQEBAQEBAQEBAQEBAQEBAQEBAQEBAQEBAQEBAQEBAQEBAQEBAQEBAQEBAQEBAQEBAQEBAf/dAAQAav/aAAwDAQACEQMRAD8A/v4oAKACgAoAKACgAoAKACgAoAKACgAoAKACgAoAKACgAoAKACgAoAKACgAoAKACgAoAKACgAoAKACgAoAKACgAoAKACgAoAKACgAoAKACgAoAKACgAoAKACgAoAKACgAoAKACgAoAKACgAoAKACgAoAKACgAoAKACgAoAKACgAoAKACgAoAKACgAoAKACgAoAKACgAoAKACgAoAKACgAoAKACgAoAKACgAoAKACgAoAKACgAoAKACgAoA//0P7+KACgAoAKACgAoAKACgAoAKACgAoAKACgAoAKACgAoAKACgAoAKACgAoAKACgAoAKACgAoAKACgAoAKACgAoAKACgAoAKACgAoAKACgAoAKACgAoAKACgAoAKACgAoAKACgAoAKACgAoAKACgAoAKACgAoAKACgAoAKACgAoAKACgAoAKACgAoAKACgAoAKACgAoAKACgAoAKACgAoAKACgAoAKACgAoAKACgAoAKACgAoAKACgAoAKAP/9H+/igAoAKACgAoAKACgAoAKACgAoAKACgAoAKACgAoAKACgAoAKACgAoAKACgAoAKACgAoAKACgAoAKACgAoAKACgAoAKACgAoAKACgAoAKACgAoAKACgAoAKACgAoAKACgAoAKACgAoAKACgAoAKACgAoAKACgAoAKACgAoAKACgAoAKACgAoAKACgAoAKACgAoAKACgAoAKACgAoAKACgAoAKACgAoAKACgAoAKACgAoAKACgAoAKACgD//S/v4oAKACgAoAKACgAoAKACgAoAKACgAoAKACgAoAKACgAoAKACgAoAKACgAoAKACgAoAKACgAoAKACgAoAKACgAoAKACgAoAKACgAoAKACgAoAKACgAoAKACgAoAKACgAoAKACgAoAKACgAoAKACgAoAKACgAoAKACgAoAKACgAoAKACgAoAKACgAoAKACgAoAKACgAoAKACgAoAKACgAoAKACgAoAKACgAoAKACgAoAKACgAoAKACgAoA//0/7+KACgAoAKACgAoAKACgAoAKACgAoA+Wv2yv2yPgV+wV8AvE/7S/7R+u6z4b+E3g/U/DGk69q+g+HNW8V6la3Pi3X7Hw5pTR6JokFzqVzCNQ1GBrp7eCV4bdZZBHI6ojAH4t/8RZP/AARQ/wCi+/Ev/wAR8+MX/wAylAB/xFk/8EUP+i+/Ev8A8R8+MX/zKUAH/EWT/wAEUP8AovvxL/8AEfPjF/8AMpQAf8RZP/BFD/ovvxL/APEfPjF/8ylAB/xFk/8ABFD/AKL78S//ABHz4xf/ADKUAH/EWT/wRQ/6L78S/wDxHz4xf/MpQAf8RZP/AARQ/wCi+/Ev/wAR8+MX/wAylAB/xFk/8EUP+i+/Ev8A8R8+MX/zKUAH/EWT/wAEUP8AovvxL/8AEfPjF/8AMpQAf8RZP/BFD/ovvxL/APEfPjF/8ylAB/xFk/8ABFD/AKL78S//ABHz4xf/ADKUAH/EWT/wRQ/6L78S/wDxHz4xf/MpQAf8RZP/AARQ/wCi+/Ev/wAR8+MX/wAylAB/xFk/8EUP+i+/Ev8A8R8+MX/zKUAH/EWT/wAEUP8AovvxL/8AEfPjF/8AMpQAf8RZP/BFD/ovvxL/APEfPjF/8ylAB/xFk/8ABFD/AKL78S//ABHz4xf/ADKUAH/EWT/wRQ/6L78S/wDxHz4xf/MpQAf8RZP/AARQ/wCi+/Ev/wAR8+MX/wAylAB/xFk/8EUP+i+/Ev8A8R8+MX/zKUAH/EWT/wAEUP8AovvxL/8AEfPjF/8AMpQAf8RZP/BFD/ovvxL/APEfPjF/8ylAB/xFk/8ABFD/AKL78S//ABHz4xf/ADKUAH/EWT/wRQ/6L78S/wDxHz4xf/MpQAf8RZP/AARQ/wCi+/Ev/wAR8+MX/wAylAB/xFk/8EUP+i+/Ev8A8R8+MX/zKUAH/EWT/wAEUP8AovvxL/8AEfPjF/8AMpQAf8RZP/BFD/ovvxL/APEfPjF/8ylAB/xFk/8ABFD/AKL78S//ABHz4xf/ADKUAH/EWT/wRQ/6L78S/wDxHz4xf/MpQAf8RZP/AARQ/wCi+/Ev/wAR8+MX/wAylAB/xFk/8EUP+i+/Ev8A8R8+MX/zKUAH/EWT/wAEUP8AovvxL/8AEfPjF/8AMpQAf8RZP/BFD/ovvxL/APEfPjF/8ylAB/xFk/8ABFD/AKL78S//ABHz4xf/ADKUAH/EWT/wRQ/6L78S/wDxHz4xf/MpQAf8RZP/AARQ/wCi+/Ev/wAR8+MX/wAylAEcv/B2Z/wRTjQunx3+KFwwIxFF+z78XA7ZOCQbjw1bxfKOTmUHHQMeKACL/g7M/wCCKUkau/x4+J8DNnMUv7PvxdMiYJA3GDwzPFyBuGyV+CM7WyqgEn/EWT/wRQ/6L78S/wDxHz4xf/MpQAf8RZP/AARQ/wCi+/Ev/wAR8+MX/wAylAB/xFk/8EUP+i+/Ev8A8R8+MX/zKUAH/EWT/wAEUP8AovvxL/8AEfPjF/8AMpQAf8RZP/BFD/ovvxL/APEfPjF/8ylAB/xFk/8ABFD/AKL78S//ABHz4xf/ADKUAH/EWT/wRQ/6L78S/wDxHz4xf/MpQAf8RZP/AARQ/wCi+/Ev/wAR8+MX/wAylAB/xFk/8EUP+i+/Ev8A8R8+MX/zKUAH/EWT/wAEUP8AovvxL/8AEfPjF/8AMpQAf8RZP/BFD/ovvxL/APEfPjF/8ylAB/xFk/8ABFD/AKL78S//ABHz4xf/ADKUAH/EWT/wRQ/6L78S/wDxHz4xf/MpQAf8RZP/AARQ/wCi+/Ev/wAR8+MX/wAylAB/xFk/8EUP+i+/Ev8A8R8+MX/zKUAH/EWT/wAEUP8AovvxL/8AEfPjF/8AMpQAf8RZP/BFD/ovvxL/APEfPjF/8ylAB/xFk/8ABFD/AKL78S//ABHz4xf/ADKUAH/EWT/wRQ/6L78S/wDxHz4xf/MpQAf8RZP/AARQ/wCi+/Ev/wAR8+MX/wAylAB/xFk/8EUP+i+/Ev8A8R8+MX/zKUAH/EWT/wAEUP8AovvxL/8AEfPjF/8AMpQB96fsG/8ABar/AIJy/wDBSXxv4l+GP7Knx3/4Sf4l+FtG/wCElvPAHi/wd4w+HPijU/DiSrBd654YsfGmi6RH4qsdKneKLW18P3F/eaGtxaXGr2lnZ31lc3AB+qtABQAUAFABQAUAFABQAUAFABQAUAFABQAUAFABQAUAFABQAUAFABQAUAFABQAUAFABQAUAFAH/1P7+KACgAoAKACgAoAKACgAoAKACgAoA/nM/4Osv+UKn7Rn/AGOvwM/9Wz4XoA6T/gi3+wb+w38Q/wDglL+wV438f/sY/soeOfGnif8AZx8Cav4l8X+MP2dvhB4m8UeIdVurWVrnU9c1/WvB97q2rahcMAZ72/u7i5lIzJK38IB+nn/Dtr/gnZ/0YP8AsWf+ItfAz/5haAD/AIdtf8E7P+jB/wBiz/xFr4Gf/MLQAf8ADtr/AIJ2f9GD/sWf+ItfAz/5haAD/h21/wAE7P8Aowf9iz/xFr4Gf/MLQAf8O2v+Cdn/AEYP+xZ/4i18DP8A5haAD/h21/wTs/6MH/Ys/wDEWvgZ/wDMLQAf8O2v+Cdn/Rg/7Fn/AIi18DP/AJhaAD/h21/wTs/6MH/Ys/8AEWvgZ/8AMLQAf8O2v+Cdn/Rg/wCxZ/4i18DP/mFoAP8Ah21/wTs/6MH/AGLP/EWvgZ/8wtAB/wAO2v8AgnZ/0YP+xZ/4i18DP/mFoAP+HbX/AATs/wCjB/2LP/EWvgZ/8wtAB/w7a/4J2f8ARg/7Fn/iLXwM/wDmFoAP+HbX/BOz/owf9iz/AMRa+Bn/AMwtAB/w7a/4J2f9GD/sWf8AiLXwM/8AmFoAP+HbX/BOz/owf9iz/wARa+Bn/wAwtAB/w7a/4J2f9GD/ALFn/iLXwM/+YWgA/wCHbX/BOz/owf8AYs/8Ra+Bn/zC0AH/AA7a/wCCdn/Rg/7Fn/iLXwM/+YWgA/4dtf8ABOz/AKMH/Ys/8Ra+Bn/zC0AH/Dtr/gnZ/wBGD/sWf+ItfAz/AOYWgA/4dtf8E7P+jB/2LP8AxFr4Gf8AzC0AH/Dtr/gnZ/0YP+xZ/wCItfAz/wCYWgA/4dtf8E7P+jB/2LP/ABFr4Gf/ADC0AH/Dtr/gnZ/0YP8AsWf+ItfAz/5haAD/AIdtf8E7P+jB/wBiz/xFr4Gf/MLQAf8ADtr/AIJ2f9GD/sWf+ItfAz/5haAD/h21/wAE7P8Aowf9iz/xFr4Gf/MLQAf8O2v+Cdn/AEYP+xZ/4i18DP8A5haAD/h21/wTs/6MH/Ys/wDEWvgZ/wDMLQAf8O2v+Cdn/Rg/7Fn/AIi18DP/AJhaAD/h21/wTs/6MH/Ys/8AEWvgZ/8AMLQAf8O2v+Cdn/Rg/wCxZ/4i18DP/mFoAP8Ah21/wTs/6MH/AGLP/EWvgZ/8wtAB/wAO2v8AgnZ/0YP+xZ/4i18DP/mFoAP+HbX/AATs/wCjB/2LP/EWvgZ/8wtAH8/H/Bz3+xb+x18Gf+CPXx48ffB/9k39mj4U+O9M8ffAe103xr8NvgR8LfA3i3T7bU/i94TsNSt7HxH4X8K6XrFpBqFjPPZX0MF5HHd2k0ttcLJDI6MAeq/8G6H7EH7FvxZ/4Iy/sV/EL4qfshfsvfEzx94i0j40yeIPHHxA+APwo8ZeL9dk079pH4xaRp76x4l8R+E9S1rU3sdJ0+w0uza9vZzbadZWllB5dtbQxIAftl/w7a/4J2f9GD/sWf8AiLXwM/8AmFoAP+HbX/BOz/owf9iz/wARa+Bn/wAwtAB/w7a/4J2f9GD/ALFn/iLXwM/+YWgA/wCHbX/BOz/owf8AYs/8Ra+Bn/zC0AH/AA7a/wCCdn/Rg/7Fn/iLXwM/+YWgA/4dtf8ABOz/AKMH/Ys/8Ra+Bn/zC0AH/Dtr/gnZ/wBGD/sWf+ItfAz/AOYWgA/4dtf8E7P+jB/2LP8AxFr4Gf8AzC0AH/Dtr/gnZ/0YP+xZ/wCItfAz/wCYWgA/4dtf8E7P+jB/2LP/ABFr4Gf/ADC0AH/Dtr/gnZ/0YP8AsWf+ItfAz/5haAD/AIdtf8E7P+jB/wBiz/xFr4Gf/MLQAf8ADtr/AIJ2f9GD/sWf+ItfAz/5haAD/h21/wAE7P8Aowf9iz/xFr4Gf/MLQAf8O2v+Cdn/AEYP+xZ/4i18DP8A5haAD/h21/wTs/6MH/Ys/wDEWvgZ/wDMLQAf8O2v+Cdn/Rg/7Fn/AIi18DP/AJhaAD/h21/wTs/6MH/Ys/8AEWvgZ/8AMLQAf8O2v+Cdn/Rg/wCxZ/4i18DP/mFoAP8Ah21/wTs/6MH/AGLP/EWvgZ/8wtAB/wAO2v8AgnZ/0YP+xZ/4i18DP/mFoA8z+Mn/AASF/wCCZfxw+F3jj4TeKf2Hf2YfD+hePNAvNBvfEHw4+B/ww+HPj3QTchWtdb8H+OPCPhTTPEPhrxBpN3HBf6ZqWn3a7Lm3SK8gvbCW6spwD/L8/wCCmP8AwTO/bI/4IG/tkeCvHngPxr4vtvBVt4vk8Y/snftY+DopNJk1CTSZHuR4a8Sm3SXTtD+I+h6dM2n+MfB2oLPonivRLi6vLK21Twrqt7ZW4B/f9/wQa/4Ly/DD/gq98MIvhr8SpfD/AMN/24Phv4fiuPiN8OLeVbHRfihotgsNtcfFn4TW9zK8txo9xK8TeLvCKzXOp+BdTukSRrzw9e6Rq90Af0SUAFABQAUAFABQAUAFABQAUAFABQAUAFABQAUAFABQAUAFABQAUAFABQAUAFABQAUAFABQB//V/v4oAKACgAoAKACgAoAKACgAoAKACgD+cz/g6y/5QqftGf8AY6/Az/1bPhegD7T/AOCFf/KH3/gnd/2bD8Pf/SSWgD9YKACgAoAKACgAoAKACgAoAKACgAoAKACgAoAKACgAoAKACgAoAKACgAoAKACgAoAKACgAoAKACgAoAKACgAoA/m8/4OxP+UJv7Q3/AGUX9nn/ANXT4OoA9f8A+DZD/lBt+wl/2Bfjr/61D8bqAP3koAKACgAoAKACgAoAKACgAoAKACgAoAKACgAoAKACgAoAKACgAoA+b/2tP2S/gL+2/wDAbx1+zd+0j4F0/wAf/C3x9p5ttQ0+5CwaroeqwK7aP4u8I6ysb3fhvxh4bu3F/oOvWG25s7hWilW4sLm9tJwD/Ju/4KY/8Ezv2yP+CBv7ZHgrx54D8a+MLbwVbeMJfGP7J37WPg6N9Kl1CXSZGuR4a8Stbxy6dofxH0PTpmsPGPg6/WfRPFmhz3V7Z2uqeFtVvbK1AP7/AH/gg1/wXl+GH/BV74YRfDX4lS+H/hv+3B8N/D8Vx8RvhxbyrY6L8UNFsFhtrj4s/Ca3uZXluNHuJXibxd4RWa51PwLqd0iSNeeHr3SNXugD+iSgAoAKACgAoAKACgAoAKACgAoAKACgAoAKACgAoAKACgAoAKACgAoAKACgAoAKACgAoA//1v7+KACgAoAKACgAoAKACgAoAKACgAoA/nM/4Osv+UKn7Rn/AGOvwM/9Wz4XoA+0/wDghX/yh9/4J3f9mw/D3/0kloA/WCgAoAKACgAoAKACgAoAKACgAoAKACgAoAKACgAoAKACgAoAKACgAoAKACgAoAKACgAoAKACgAoAKACgAoAKAP5vP+DsT/lCb+0N/wBlF/Z5/wDV0+DqAPX/APg2Q/5QbfsJf9gX46/+tQ/G6gD95KACgAoAKACgAoAKACgAoAKACgAoAKACgAoAKACgAoAKACgAoAKACgD5v/az/ZM+A37b3wG8dfs3ftI+BdP8f/C3x/p5ttQ0+5xBquh6rArto/i3wlrKxyXfhvxh4bu3F/oOvWBW4s7lWilE9jc3tncAH+Td/wAFMf8Agmd+2R/wQN/bI8FePPAfjXxhbeCrbxhL4x/ZO/ax8HRvpUuoS6TI1yPDXiVreOXTtD+I+h6dM1h4x8HX6z6J4s0Oe6vbO11Twtqt7ZWoB/f7/wAEGv8AgvL8MP8Agq98MIvhr8SpfD/w3/bg+G/h+K4+I3w4t5VsdF+KGi2Cw21x8WfhNb3Mry3Gj3ErxN4u8IrNc6n4F1O6RJGvPD17pGr3QB/RJQAUAFABQAUAFABQAUAFABQAUAFABQAUAFABQAUAFABQAUAFABQAUAFABQAUAFABQB//1/7+KACgAoAKACgAoAKACgAoAKACgAoA/nM/4Osv+UKn7Rn/AGOvwM/9Wz4XoA+0/wDghX/yh9/4J3f9mw/D3/0kloA/WCgAoAKACgAoAKACgAoAKACgAoAKACgAoAKACgAoAKACgAoAKACgAoAKACgAoAKACgAoAKACgAoAKACgAoAKAP5vP+DsT/lCb+0N/wBlF/Z5/wDV0+DqAPX/APg2Q/5QbfsJf9gX46/+tQ/G6gD95KACgAoAKACgAoAKACgAoAKACgAoAKACgAoAKACgAoAKACgAoAKACgAoA+b/ANrP9kz4DftvfAbx1+zd+0j4F0/x/wDC3x/p5ttQ0+5xBquh6rArto/i3wlrKxyXfhvxh4bu3F/oOvWBW4s7lWilE9jc3tncAH+Td/wUx/4Jnftkf8EDf2yPBXjzwH418YW3gq28YS+Mf2Tv2sfB0b6VLqEukyNcjw14la3jl07Q/iPoenTNYeMfB1+s+ieLNDnur2ztdU8Lare2VqAf3+/8EGv+C8vww/4KvfDCL4a/EqXw/wDDf9uD4b+H4rj4jfDi3lWx0X4oaLYLDbXHxZ+E1vcyvLcaPcSvE3i7wis1zqfgXU7pEka88PXukavdAH9ElABQAUAFABQAUAFABQAUAFABQAUAFABQAUAFABQAUAFABQAUAFABQAUAFABQAUAf/9D+/igAoAKACgD/ADRPAn/BbX/g5J/ax/4KXeNf2ZP2bryx8K+OIPij400N/wBlrxD8CfhFH4B+DfhXwlq99BqFv8UfG/irwK3xA0bR/DFlbxrr/i/VvHdrqes6pLBYeH/Nu9Y0Hw9OAf05eG/+Cw/7dH7Fsljo/wDwWh/4J7eJfhB8P1kgtr39uL9jh9R+PP7MumRuEjbWvib4M0O98W/Eb4R6KkiSh7/Ur/XdVv7qVI7DwfBZqt0wB++nwW+OXwc/aN+HWgfFz4C/E7wP8X/hn4og8/Q/G/w+8R6Z4n8P3pVUNxaG+0u4uEtdUsGkEGqaRei21XSbsSWWp2VpeRSQKAeq0AFABQAUAFAH85n/AAdZf8oVP2jP+x1+Bn/q2fC9AH2n/wAEK/8AlD7/AME7v+zYfh7/AOkktAH6wUAFABQAUAFABQAUAFABQAUAFABQAUAFABQAUAFABQAUAFABQAUAFABQAUAFABQAUAFABQAUAFABQAUAFABQB/N5/wAHYn/KE39ob/sov7PP/q6fB1AHr/8AwbIf8oNv2Ev+wL8df/WofjdQB+8lABQAUAFABQAUAFABQAUAFABQAUAFABQAUAFABQAUAFABQAUAFABQAUAFAHzf+1n+yZ8Bv23vgN46/Zu/aR8C6f4/+Fvj/Tzbahp9ziDVdD1WBXbR/FvhLWVjku/DfjDw3duL/QdesCtxZ3KtFKJ7G5vbO4AP8m7/AIKY/wDBM79sj/ggb+2R4K8eeA/GvjC28FW3jCXxj+yd+1j4OjfSpdQl0mRrkeGvErW8cunaH8R9D06ZrDxj4Ov1n0TxZoc91e2drqnhbVb2ytQD+/3/AIINf8F5fhh/wVe+GEXw1+JUvh/4b/twfDfw/FcfEb4cW8q2Oi/FDRbBYba4+LPwmt7mV5bjR7iV4m8XeEVmudT8C6ndIkjXnh690jV7oA/okoAKACgAoAKACgAoAKACgAoAKACgAoAKACgAoAKACgAoAKACgAoAKACgAoAKAP/R/v4oAKACgAoA/kq/ae/4O+v+CXnwF8Q+LdH+Cfw7+Of7Sfj2C8k0vVNZ8M+ALD4SeDtRv9AefT0s9c8VfE+40H4gA2EoltbRh8MdWjgi8/yzCmxLgA/Cf9oH/g9b/bL8brqWl/s+/slfs5/B/QdQiuLRpPijq3jj47eIo7SdHiPlXOnX3wh8LtLJGxWaLUvB+r2To0kL20gIdgD8A/gB/wAFUP8AgoP8Jv2sPEX7SH7JXiSH4TfE34iavbat4z+Ef7O/wq0Lwx8EfH5tnAls/EX7PHg7RR4A1qK6WWZZdQbw62v2t1e3WraZrFjrs7anQB/o4f8ABJD/AIOEfhh+3XrHhz9mr9rH4d6n+xj+3Zd6fA2n/C3x5puv+FvA3xsYQhpNT+DGo+M4bTVoNXu9j3n/AArLxJJceIorVwfDOueO7ex1i+00A/o5oAKACgAoA/nM/wCDrL/lCp+0Z/2OvwM/9Wz4XoA+0/8AghX/AMoff+Cd3/ZsPw9/9JJaAP1goAKACgAoAKACgAoAKACgAoAKACgAoAKACgAoAKACgAoAKACgAoAKACgAoAKACgAoAKACgAoAKACgAoAKACgD+bz/AIOxP+UJv7Q3/ZRf2ef/AFdPg6gD1/8A4NkP+UG37CX/AGBfjr/61D8bqAP3koAKACgAoAKACgAoAKACgAoAKACgAoAKACgAoAKACgAoAKACgAoAKACgAoAKAPnD9rP9kz4C/tvfAbx1+zd+0j4E0/x/8LfH+nm21DT7nEGq6JqsAdtH8W+EtZSOS78N+MPDl24v9B16wK3NncK0Ugnsbm9s7gA/ybf+CmX/AATO/bI/4IG/tkeCvHvgLxr4wtvBNt4wk8Y/snftY+Do30qW/l0l3uR4Z8TG3ik07Q/iPoenStYeMPB9+J9D8WaHPdXtla6p4W1W9srcA/v9/wCCDX/BeX4Yf8FXvhhF8NfiVL4f+G/7cHw38PxXHxG+HFvKtjovxQ0WwWG2uPiz8Jre5leW40e4leJvF3hFZrnU/Aup3SJI154evdI1e6AP6JKACgAoAKACgAoAKACgAoAKACgAoAKACgAoAKACgAoAKACgAoAKACgAoAKAP//S/v4oAKACgAoA/g5/Z5/4NI/CX7RP7Vf7c3xp/bZ8XfFr4T/CWX9tT48w/s8/Cn4XS+DNE1n4jfBq78Y3Xivwb8S9V8aarp/jaLS/C/iHT/EkGgWPhuw8PaX4hil8O6xczarpyXGnGgD+hz4Cf8G7n/BG39nmOxk8M/sOfC/x7q9n5bza58dp/EXx2uNRuY8Yu7rRviprHinwhbyMVBMGk+GdLsAw3JZqzM9AH63fD/4WfDH4TaLH4b+Ffw58B/DPw7EsaxaD8P8Awh4f8GaLGsQ2xLHpfhzTtNsUWNSVjCwgIDheCaAPzx/4LF/s/wD7H/xq/YK+P/iP9sTT9O0jwj8E/hp4x+K3hD4x2NvDbfE74I+OPC+kvqvhjxt8I/EsBt9d0nxr/wAJFYaLZado2kX9vH42upbXwlqdrqVlqj2UoB+eP/BsX/wVh8ef8FLf2OPFngr49avJ4j/aU/ZM1fwn4G8feM5ypv8A4leAvF2m6vP8LviFrz5Uy+ML5fCni3w14uuFjb+1dR8Lw+KLmc33iW6t7cA/pYoAKACgD+cz/g6y/wCUKn7Rn/Y6/Az/ANWz4XoA+0/+CFf/ACh9/wCCd3/ZsPw9/wDSSWgD9YKACgAoAKACgAoAKACgAoAKACgAoAKACgAoAKACgAoAKACgAoAKACgAoAKACgAoAKACgAoAKACgAoAKACgAoA/m8/4OxP8AlCb+0N/2UX9nn/1dPg6gD1//AINkP+UG37CX/YF+Ov8A61D8bqAP3koAKACgAoAKACgAoAKACgAoAKACgAoAKACgAoAKACgAoAKACgAoAKACgAoAKACgD5w/az/ZM+A37b3wG8dfs3ftI+BdP8f/AAt8f6ebbUdOuQINV0TVYA7aP4t8Jawsb3fhzxh4cu2F/oOvWBW5srlWjkW5sbm9s7gA/wAm3/gpl/wTO/bI/wCCBv7ZHgrx74C8a+MLbwTbeMJPGP7J37WPg6N9Klv5dJd7keGfExt4pNO0P4j6Hp0rWHjDwffifQ/Fmhz3V7ZWuqeFtVvbK3AP7/f+CDX/AAXl+GH/AAVe+GEXw1+JUvh/4b/twfDfw/FcfEb4cW8q2Oi/FDRbBYba4+LPwmt7mV5bjR7iV4m8XeEVmudT8C6ndIkjXnh690jV7oA/okoAKACgAoAKACgAoAKACgAoAKACgAoAKACgAoAKACgAoAKACgAoAKACgD//0/7+KACgAoAKACgAoAKAPjT/AIKE/saeFP8AgoP+xn8e/wBjrxp4n1PwVonxu8J2WjR+MdIs/wC0r3wr4h8PeJdC8beDvEQ0k32lrrdpo3i/wxoWoajoT6npseuadb3WkSX9kl41wgB+c3/BDX/gh14R/wCCNPgn43Rt8a7349/Fb4/ap4Mbxh4vXwavgDw1o3hj4dp4n/4RLw34c8Mv4j8W3v2j7X4y8Qahr+uXuuE6pJLpdpb6Xp0WkGa/AP3koAKACgD+cz/g6y/5QqftGf8AY6/Az/1bPhegD7T/AOCFf/KH3/gnd/2bD8Pf/SSWgD9YKACgAoAKACgAoAKACgAoAKACgAoAKACgAoAKACgAoAKACgAoAKACgAoAKACgAoAKACgAoAKACgAoAKACgAoA/m8/4OxP+UJv7Q3/AGUX9nn/ANXT4OoA9f8A+DZD/lBt+wl/2Bfjr/61D8bqAP3koAKACgAoAKACgAoAKACgAoAKACgAoAKACgAoAKACgAoAKACgAoAKACgAoAKACgAoA+cP2s/2TPgN+298BvHX7N37SPgXT/H/AMLfH+nm21HTrkCDVdE1WAO2j+LfCWsLG934c8YeHLthf6Dr1gVubK5Vo5FubG5vbO4AP8m3/gpl/wAEzv2yP+CBv7ZHgrx74C8a+MLbwTbeMJPGP7J37WPg6N9Klv5dJd7keGfExt4pNO0P4j6Hp0rWHjDwffifQ/Fmhz3V7ZWuqeFtVvbK3AP7/f8Agg1/wXl+GH/BV74YRfDX4lS+H/hv+3B8N/D8Vx8RvhxbyrY6L8UNFsFhtrj4s/Ca3uZXluNHuJXibxd4RWa51PwLqd0iSNeeHr3SNXugD+iSgAoAKACgAoAKACgAoAKACgAoAKACgAoAKACgAoAKACgAoAKACgAoA//U/v4oAKACgAoAKACgAoAKACgAoAKACgD+cz/g6y/5QqftGf8AY6/Az/1bPhegD7T/AOCFf/KH3/gnd/2bD8Pf/SSWgD9YKACgAoAKACgAoAKACgAoAKACgAoAKACgAoAKACgAoAKACgAoAKACgAoAKACgAoAKACgAoAKACgAoAKACgAoA/m8/4OxP+UJv7Q3/AGUX9nn/ANXT4OoA9f8A+DZD/lBt+wl/2Bfjr/61D8bqAP3koAKACgAoAKACgAoAKACgAoAKACgAoAKACgAoAKACgAoAKACgAoAKACgAoAKACgAoAKAPnD9rP9kz4DftvfAbx1+zd+0j4F0/x/8AC3x/p5ttR065Ag1XRNVgDto/i3wlrCxvd+HPGHhy7YX+g69YFbmyuVaORbmxub2zuAD/ACbf+CmX/BM79sj/AIIG/tkeCvHvgLxr4wtvBNt4wk8Y/snftY+Do30qW/l0l3uR4Z8TG3ik07Q/iPoenStYeMPB9+J9D8WaHPdXtla6p4W1W9srcA/v9/4INf8ABeX4Yf8ABV74YRfDX4lS+H/hv+3B8N/D8Vx8RvhxbyrY6L8UNFsFhtrj4s/Ca3uZXluNHuJXibxd4RWa51PwLqd0iSNeeHr3SNXugD+iSgAoAKACgAoAKACgAoAKACgAoAKACgAoAKACgAoAKACgAoAKACgD/9X+/igAoAKACgAoAKACgAoAKACgAoAKAP5zP+DrL/lCp+0Z/wBjr8DP/Vs+F6APtP8A4IV/8off+Cd3/ZsPw9/9JJaAP1goAKACgAoAKACgAoAKACgAoAKACgAoAKACgAoAKACgAoAKACgAoAKACgAoAKACgAoAKACgAoAKACgAoAKACgD+bz/g7E/5Qm/tDf8AZRf2ef8A1dPg6gD1/wD4NkP+UG37CX/YF+Ov/rUPxuoA/eSgAoAKACgAoAKACgAoAKACgAoAKACgAoAKACgAoAKACgAoAKACgAoAKACgAoAKACgAoAKAPnD9rP8AZM+A37b3wG8dfs3ftI+BdP8AH/wt8f6ebbUdOuQINV0TVYA7aP4t8Jawsb3fhzxh4cu2F/oOvWBW5srlWjkW5sbm9s7gA/ybv+CmX/BM39sj/ggb+2R4K8e+AvGvjC28E23jCTxh+yd+1j4PjfSZb+XSXe5HhnxM1skunaH8SND06VrDxh4Pv0n0Pxboc91e2NtqnhbVb+wtQD+/z/gg1/wXl+GH/BV74YRfDX4lS+H/AIb/ALcHw38PxXHxG+HFvKtjovxQ0WwWG2uPiz8Jre5leW40e4leJvF3hFZrnU/Aup3SJI154evdI1e6AP6JKACgAoAKACgAoAKACgAoAKACgAoAKACgAoAKACgAoAKACgAoA//W/v4oAKACgAoAKACgAoAKACgAoAKACgD+cz/g6y/5QqftGf8AY6/Az/1bPhegD7T/AOCFf/KH3/gnd/2bD8Pf/SSWgD9YKACgAoAKACgAoAKACgAoAKACgAoAKACgAoAKACgAoAKACgAoAKACgAoAKACgAoAKACgAoAKACgAoAKACgAoA/m8/4OxP+UJv7Q3/AGUX9nn/ANXT4OoA9f8A+DZD/lBt+wl/2Bfjr/61D8bqAP3koAKACgAoAKACgAoAKACgAoAKACgAoAKACgAoAKACgAoAKACgAoAKACgAoAKACgAoAKACgAoA+cP2s/2TPgN+278BvHf7N37SPgTT/H/wt8f6ebbUdOuQINU0TVIA7aP4t8JawiNd+HPGHhu7cahoOvaeVubK5UxyLcWU95aXAB/k3f8ABTL/AIJm/tkf8EDf2yPBXj3wF418YW3gm28YSeMP2Tv2sfB8b6TLfy6S73I8M+Jmtkl07Q/iRoenStYeMPB9+k+h+LdDnur2xttU8Larf2FqAf3+f8EGv+C8vww/4KvfDCL4a/EqXw/8N/24Phv4fiuPiN8OLeVbHRfihotgsNtcfFn4TW9zK8txo9xK8TeLvCKzXOp+BdTukSRrzw9e6Rq90Af0SUAFABQAUAFABQAUAFABQAUAFABQAUAFABQAUAFABQAUAFAH/9f+/igAoAKACgAoAKACgAoAKACgAoAKAP5zP+DrL/lCp+0Z/wBjr8DP/Vs+F6APtP8A4IV/8off+Cd3/ZsPw9/9JJaAP1goAKACgAoAKACgAoAKACgAoAKACgAoAKACgAoAKACgAoAKACgAoAKACgAoAKACgAoAKACgAoAKACgAoAKACgD+bz/g7E/5Qm/tDf8AZRf2ef8A1dPg6gD1/wD4NkP+UG37CX/YF+Ov/rUPxuoA/eSgAoAKACgAoAKACgAoAKACgAoAKACgAoAKACgAoAKACgAoAKACgAoAKACgAoAKACgAoAKACgAoA+cP2s/2TPgN+278BvHf7N37SPgTT/H/AMLfH+nm21HTrkCDVNE1SAO2j+LfCWsIjXfhzxh4bu3GoaDr2nlbmyuVMci3FlPeWlwAf5N3/BTL/gmb+2R/wQN/bI8FePfAXjXxhbeCbbxhJ4w/ZO/ax8HxvpMt/LpLvcjwz4ma2SXTtD+JGh6dK1h4w8H36T6H4t0Oe6vbG21Twtqt/YWoB/f5/wAEGv8AgvL8MP8Agq98MIvhr8SpfD/w3/bg+G/h+K4+I3w4t5VsdF+KGi2Cw21x8WfhNb3Mry3Gj3ErxN4u8IrNc6n4F1O6RJGvPD17pGr3QB/RJQAUAFABQAUAFABQAUAFABQAUAFABQAUAFABQAUAFABQB//Q/v4oAKACgAoACccngDkk9qAKOn6npurQNc6XqFjqVsk0tu1xp93BeQLPA2yaBpbeSSMTQuCksZbfG3yuqkYoAvUAFABQAUAFABQB/OZ/wdZf8oVP2jP+x1+Bn/q2fC9AH2n/AMEK/wDlD7/wTu/7Nh+Hv/pJLQB+sFABQAUAFABQAUAFABQAUAFABQAUAFABQAUAFABQAUAFABQAUAFABQAUAFABQAUAFABQAUAFABQAUAFABQAUAfzef8HYn/KE39ob/sov7PP/AKunwdQB6/8A8GyH/KDb9hL/ALAvx1/9ah+N1AH7yUAFABQAUAFABQAUAFABQAUAFABQAUAFABQAUAFABQAUAFABQAUAFABQAUAFABQAUAFABQAUAFABQB84ftZ/smfAb9t34DeO/wBm79pHwJp/j/4W+P8ATzbajp1yBBqmiapAHbR/FvhLWERrvw54w8N3bjUNB17TytzZXKmORbiynvLS4AP8m7/gpl/wTN/bI/4IG/tkeCvHvgLxr4wtvBNt4wk8YfsnftY+D430mW/l0l3uR4Z8TNbJLp2h/EjQ9Olaw8YeD79J9D8W6HPdXtjbap4W1W/sLUA/v8/4INf8F5fhh/wVe+GEXw1+JUvh/wCG/wC3B8N/D8Vx8RvhxbyrY6L8UNFsFhtrj4s/Ca3uZXluNHuJXibxd4RWa51PwLqd0iSNeeHr3SNXugD+iSgAoAKACgAoAKACgAoAKACgAoAKACgAoAKACgAoAKAP/9H+/igAoAKAMvXNc0fwzomseJPEWp2OieH/AA9peoa5rus6ncxWWm6Ro+k2k1/qep6heTskFpY2Flbz3d3czOkUFvFJLIyohNAH+bD8Vv8AgpZ8Yf8Ag4n/AOCxPwK/YI8L/Efx98L/APgm94l+LuvaLD8MvAms6r4M1P4y/Cf4W+HPFfxC8d+Ovihe2L2mpalrnxF8HeCdXj8N+HdXE2g/Diw1HSY7TRZ/FNtrmva4AfXv/Bw1+xp4Z/4Ikwfsj/8ABQX/AIJO3XiP9i7xBP8AExPgR8T/AA38L/E/iSTwJ47u4/Cmr+Ovh3e+LfCXiLVdb0TxOk2neB/GuleMdH8S22saL4ygk0291bTZNUtb2/1AA/qC/wCCK3/BUnwp/wAFYf2LPDPx3jsNK8LfGTwdqR+G37Qvw/0udms/DXxM0nT7O8fWtBt7mabUI/BPjvSru08UeFWu3umsBdan4Vl1TVtS8L6nesAfrnQAUAfw1/8AB3/8ef2ifF3i79j39hz9k/TPjT4n8d23h3x5+1Z8VvDvwJ0zxzrXi2Dwouo2vwj+GOsajY/D6C51mLw8mrXHxOs7y6vol00ajcaNFvFzLAGAP4s/+FJ/8Fbv+iR/8FGP/CC/aY/+VNAH9K//AAay/sY/tweL/wDgo1dfG/8Aao0L9qzwT8L/ANmz4VeKPFWiWPxvs/i74a8PeL/ij48hf4feE9Ji0zx5HYafr66R4e1jxx4tLRRXp0jWPD/h+5eKKae1uEAP6Vv+DrL/AJQqftGf9jr8DP8A1bPhegD7T/4IV/8AKH3/AIJ3f9mw/D3/ANJJaAP1goAKACgAoAKACgAoAKACgAoAKACgAoAKACgAoAKACgAoAKACgAoAKACgAoAKACgAoAKACgAoAKACgAoAKAP8n3/grB/wWc/4Km/Bj/gpb+3P8J/hZ+3F8d/A/wAOPh3+058W/CPgjwfoPiO2ttG8NeGtE8WahZaTo2l27WEjQ2VhaRRwW8bOxWNACx5NAH5I/tAf8FXv+Cjf7VPwx1j4L/tE/tgfGX4u/CvxBe6PqOteBvGOvW9/oOpXvh/U7bWdFubm2jsoGeXTdUtLa+tiJBsnhRiDjFAH+oZ/wbIf8oNv2Ev+wL8df/WofjdQB+8lABQAUAFABQAUAFABQAUAFABQAUAFABQAUAFABQAUAFABQAUAFABQAUAFABQAUAFABQAUAFABQAUAFAHzh+1n+yZ8Bv23fgN47/Zu/aR8Caf4/wDhb4/0822o6dcgQapomqQB20fxb4S1hEa78OeMPDd241DQde08rc2VypjkW4sp7y0uAD/Jv/4KZf8ABM39sj/ggb+2R4K8feAfGvjC38EW3jCTxh+yd+1j4OjfSZr6bSXe5HhnxMbZJdO0P4kaJp0r2Hi/wffrNofi3Qp7u9sbXVfC2q39jaAH9/f/AAQa/wCC8vww/wCCr3wwi+GvxKl8P/Df9uD4b+H4rj4jfDi3lWx0X4oaLYLDbXHxZ+E1vcyvLcaPcSvE3i7wis1zqfgXU7pEka88PXukavdAH9ElABQAUAFABQAUAFABQAUAFABQAUAFABQAUAFABQB//9L+/igAoAKAPwZ/4OX/ANoTWP2d/wDgjR+1tqnhnUrrSfFHxX0zwZ8A9Iu7VijnTvi34z0bw74+s3kX5o49R+Fh8dWG5cNvuY1BGdygH8D/APwakWsVx/wW7/ZilkVWex8F/tF3UBIBKSv8APiJZFlP8LGC7mTIwdrsvRiGAP66v+Dzy1iuP+CUHwxlkVWey/be+Ed1ASoJSV/hD+0FZFlJ5VjDdzJuHO1mXoxoA/AH/gy2/aF1nwL/AMFAvjz+zrNqEyeDvj9+znfeKDpalmiuPiJ8F/FmiX3hi9Zc7IxbeCvG3xPikkA3yPcWqHKqNoB/ptUAFAH+cT8df+DjbTf2HP8AguP/AMFK/jlYfs12H7T+n3cngb9jrwFdS/GCX4YT+APA37N95qOkfEOy8P6lH8N/iLba1p/xC+LlvqnixpDa2dtAun2TWxvUvGuIgD9fv2Tv+Dyj/gnp8Z9c0fwr+0d8K/jL+yVq+sX8NkPFV/8A2V8YvhLpQuJBDFNrfivwnFovjuxj8x4/NuE+FFzp1pCZbi+v7e3heRQD+sf4ffEPwF8WfBPhn4k/C7xn4X+Inw98aaTba74R8b+Ctd03xN4V8S6NeAm21PQ9e0e6vNM1OymwyrcWlzLHvR42IkR0UA/n6/4OtXWP/gil+0YznAPjj4EID/tSfF3wpGg/F3Ufj7UAfBv/AASp/wCDjj/gkX+zF/wTm/Y4/Z9+M/7R/iLwv8VfhH8DPB/grx54etvgV8dvEFvpHiPSbeSO+sotb8PfDrU9E1NImZQLvTNQu7STrHM/O0A/QH/iKu/4Iff9HW+Kf/Ecv2jv/nWUAH/EVd/wQ+/6Ot8U/wDiOX7R3/zrKAD/AIirv+CH3/R1vin/AMRy/aO/+dZQAf8AEVd/wQ+/6Ot8U/8AiOX7R3/zrKAD/iKu/wCCH3/R1vin/wARy/aO/wDnWUAH/EVd/wAEPv8Ao63xT/4jl+0d/wDOsoAP+Iq7/gh9/wBHW+Kf/Ecv2jv/AJ1lAB/xFXf8EPv+jrfFP/iOX7R3/wA6ygA/4irv+CH3/R1vin/xHL9o7/51lAB/xFXf8EPv+jrfFP8A4jl+0d/86ygA/wCIq7/gh9/0db4p/wDEcv2jv/nWUAH/ABFXf8EPv+jrfFP/AIjl+0d/86ygA/4irv8Agh9/0db4p/8AEcv2jv8A51lAB/xFXf8ABD7/AKOt8U/+I5ftHf8AzrKAD/iKu/4Iff8AR1vin/xHL9o7/wCdZQAf8RV3/BD7/o63xT/4jl+0d/8AOsoAP+Iq7/gh9/0db4p/8Ry/aO/+dZQAf8RV3/BD7/o63xT/AOI5ftHf/OsoAP8AiKu/4Iff9HW+Kf8AxHL9o7/51lAB/wARV3/BD7/o63xT/wCI5ftHf/OsoAP+Iq7/AIIff9HW+Kf/ABHL9o7/AOdZQAf8RV3/AAQ+/wCjrfFP/iOX7R3/AM6ygA/4irv+CH3/AEdb4p/8Ry/aO/8AnWUAH/EVd/wQ+/6Ot8U/+I5ftHf/ADrKAD/iKu/4Iff9HW+Kf/Ecv2jv/nWUAH/EVd/wQ+/6Ot8U/wDiOX7R3/zrKAD/AIirv+CH3/R1vin/AMRy/aO/+dZQAf8AEVd/wQ+/6Ot8U/8AiOX7R3/zrKAD/iKu/wCCH3/R1vin/wARy/aO/wDnWUAH/EVd/wAEPv8Ao63xT/4jl+0d/wDOsoAP+Iq7/gh9/wBHW+Kf/Ecv2jv/AJ1lAB/xFXf8EPv+jrfFP/iOX7R3/wA6ygA/4irv+CH3/R1vin/xHL9o7/51lAB/xFXf8EPv+jrfFP8A4jl+0d/86ygA/wCIq7/gh9/0db4p/wDEcv2jv/nWUAf5i/8AwU5+Nfw5/aQ/4KGftnfHz4Q63P4k+F3xf/aM+KPxA8A6/c6Tq2gz6x4V8TeKL/UtG1CbRtestO1rTJLqznilay1Sws723LeXcW8UgZFAPhagD/Rw/wCCHH/BwX/wSo/Yu/4JY/spfsy/tE/tCa/4K+Mvwv0z4q23jTwxZfBP42+K7bS5vE/x2+KHjbRVi8QeFPh/rPh/UPtXhvxLo98zafqV0tu9y1pcGO7guIYgD9Yf+Iq7/gh9/wBHW+Kf/Ecv2jv/AJ1lAB/xFXf8EPv+jrfFP/iOX7R3/wA6ygA/4irv+CH3/R1vin/xHL9o7/51lAB/xFXf8EPv+jrfFP8A4jl+0d/86ygA/wCIq7/gh9/0db4p/wDEcv2jv/nWUAH/ABFXf8EPv+jrfFP/AIjl+0d/86ygA/4irv8Agh9/0db4p/8AEcv2jv8A51lAB/xFXf8ABD7/AKOt8U/+I5ftHf8AzrKAD/iKu/4Iff8AR1vin/xHL9o7/wCdZQAf8RV3/BD7/o63xT/4jl+0d/8AOsoAP+Iq7/gh9/0db4p/8Ry/aO/+dZQAf8RV3/BD7/o63xT/AOI5ftHf/OsoAP8AiKu/4Iff9HW+Kf8AxHL9o7/51lAB/wARV3/BD7/o63xT/wCI5ftHf/OsoAP+Iq7/AIIff9HW+Kf/ABHL9o7/AOdZQAf8RV3/AAQ+/wCjrfFP/iOX7R3/AM6ygA/4irv+CH3/AEdb4p/8Ry/aO/8AnWUAH/EVd/wQ+/6Ot8U/+I5ftHf/ADrKAD/iKu/4Iff9HW+Kf/Ecv2jv/nWUAH/EVd/wQ+/6Ot8U/wDiOX7R3/zrKAD/AIirv+CH3/R1vin/AMRy/aO/+dZQAf8AEVd/wQ+/6Ot8U/8AiOX7R3/zrKAD/iKu/wCCH3/R1vin/wARy/aO/wDnWUAH/EVd/wAEPv8Ao63xT/4jl+0d/wDOsoAP+Iq7/gh9/wBHW+Kf/Ecv2jv/AJ1lAB/xFXf8EPv+jrfFP/iOX7R3/wA6ygA/4irv+CH3/R1vin/xHL9o7/51lAB/xFXf8EPv+jrfFP8A4jl+0d/86ygA/wCIq7/gh9/0db4p/wDEcv2jv/nWUAH/ABFXf8EPv+jrfFP/AIjl+0d/86ygA/4irv8Agh9/0db4p/8AEcv2jv8A51lAB/xFXf8ABD7/AKOt8U/+I5ftHf8AzrKAD/iKu/4Iff8AR1vin/xHL9o7/wCdZQAf8RV3/BD7/o63xT/4jl+0d/8AOsoAP+Iq7/gh9/0db4p/8Ry/aO/+dZQB84/tZf8ABfz/AINxf23fgN47/Zu/aR+OWs+P/hb4/wBPNrqOnXX7OP7RsGqaLqkAdtH8WeEtYX4Utd+G/GHhy7ZdQ0HX9PZLmyuUMcgnsri7tLgA/wA4j4i+I/Cv7G37YLeP/wDgn5+1drvxG8O/DDxla+MvgF+0P4e8KeN/hX43s7ZZJJtNs/E/hbxz4c8PXdr4l060eTRPF1jb2OreCfE9nNdQpJeaPq17o9qAf6hH/BBr/gvL8MP+Cr3wwi+GvxKl8P8Aw3/bg+G/h+K4+I3w4t5VsdF+KGi2Cw21x8WfhNb3Mry3Gj3ErxN4u8IrNc6n4F1O6RJGvPD17pGr3QB/RJQAUAFABQAUAFABQAUAFABQAUAFABQAUAFABQB//9P+/igAoAKAP5Zv+DwfS9T1D/gj5f3dgZBa6H+038ENU1rYpZTpk0HjTRYhKRwkf9s6xpJDHAMoiTq4DAH8bf8Awag/8ptv2bv+xC/aJ/8AVGeOqAP66v8Ag81/5RN/D3/s9X4Qf+qs+PFAH8pv/BorpN9qX/BZj4eXlp532fQPgV8edW1PylJT7DN4Vt9Cj+0EAhYf7S1rTtrMVH2jyFyWZVYA/wBYWgBkqs8UiJI0LujqkyKjPEzKQsirIrxs0ZIZVkR0JGHVlJFAH8Snxq/4Mo/2evHV34o8SfD39vD9oHQ/G3iPUNW1651r4seAfh98T4dQ1/VrubULy+1mPws/wmurh76+nmmvJ7e5ifzJnmSJtvlOAfzFf8FKf+Dab/goh/wTi8D698adS07wZ+0d+z94aWe88TfE74HXOuX+p+AtFiZVTWviT8PNe0fSvEvh7Sgpkm1DXfD/APwmXhPQLeIzeIfEmlpJAZQD9mP+DLX9uj4j2/xo+PP/AAT38V+INS1r4Vaz8L9T/aD+E2mapqU1zaeAPGnhPxZ4a8PePND8L2cpb7Fp/wAQ9K8dWvibVrOB1soNV8Dy6lb20V/r+sXF2Af0Lf8AB1qiv/wRT/aMVxkDxv8AAhwOR80fxc8KyIeMfddVb0OMHIJFAHxb/wAEoP8Ag3i/4I9ftLf8E3v2Mvj58bP2Qj40+LPxY+BPg7xn4/8AFf8Awv79qHw5/b/iTVbeSS/1L+wvCfxp0Lw1pfnuoP2PRdH06wi6Q2sQyGAP0I/4hcf+CFH/AEY2f/Emf2wv/n/0AH/ELj/wQo/6MbP/AIkz+2F/8/8AoAP+IXH/AIIUf9GNn/xJn9sL/wCf/QAf8QuP/BCj/oxs/wDiTP7YX/z/AOgA/wCIXH/ghR/0Y2f/ABJn9sL/AOf/AEAH/ELj/wAEKP8Aoxs/+JM/thf/AD/6AD/iFx/4IUf9GNn/AMSZ/bC/+f8A0AH/ABC4/wDBCj/oxs/+JM/thf8Az/6AD/iFx/4IUf8ARjZ/8SZ/bC/+f/QAf8QuP/BCj/oxs/8AiTP7YX/z/wCgA/4hcf8AghR/0Y2f/Emf2wv/AJ/9AB/xC4/8EKP+jGz/AOJM/thf/P8A6AD/AIhcf+CFH/RjZ/8AEmf2wv8A5/8AQAf8QuP/AAQo/wCjGz/4kz+2F/8AP/oAP+IXH/ghR/0Y2f8AxJn9sL/5/wDQAf8AELj/AMEKP+jGz/4kz+2F/wDP/oAP+IXH/ghR/wBGNn/xJn9sL/5/9AB/xC4/8EKP+jGz/wCJM/thf/P/AKAD/iFx/wCCFH/RjZ/8SZ/bC/8An/0AH/ELj/wQo/6MbP8A4kz+2F/8/wDoAP8AiFx/4IUf9GNn/wASZ/bC/wDn/wBAB/xC4/8ABCj/AKMbP/iTP7YX/wA/+gA/4hcf+CFH/RjZ/wDEmf2wv/n/ANAB/wAQuP8AwQo/6MbP/iTP7YX/AM/+gA/4hcf+CFH/AEY2f/Emf2wv/n/0AH/ELj/wQo/6MbP/AIkz+2F/8/8AoAP+IXH/AIIUf9GNn/xJn9sL/wCf/QAf8QuP/BCj/oxs/wDiTP7YX/z/AOgA/wCIXH/ghR/0Y2f/ABJn9sL/AOf/AEAH/ELj/wAEKP8Aoxs/+JM/thf/AD/6AD/iFx/4IUf9GNn/AMSZ/bC/+f8A0AH/ABC4/wDBCj/oxs/+JM/thf8Az/6AD/iFx/4IUf8ARjZ/8SZ/bC/+f/QAf8QuP/BCj/oxs/8AiTP7YX/z/wCgA/4hcf8AghR/0Y2f/Emf2wv/AJ/9AB/xC4/8EKP+jGz/AOJM/thf/P8A6APxN/4OE/8AghV/wSu/Yc/4JdfGT9ov9lz9lw/DD4yeFPGnwa0nQPGH/C7f2i/Gv2DT/FfxP8N+Hdft/wDhH/iH8W/Fnha6+36PqF3Z+beaJcT2vm/aLKS3uo450APR/wDghZ/wQM/4JMftkf8ABKn9k79pP9pD9lE/Eb40/EzTPixceN/Gf/C9P2lPCH9tTeGfjz8UvBeiP/wjvgT4w+GPCmm/YvDXhzRtN26Rodglz9j+2Xaz39zd3U4B+tf/ABC4/wDBCj/oxs/+JM/thf8Az/6AD/iFx/4IUf8ARjZ/8SZ/bC/+f/QAf8QuP/BCj/oxs/8AiTP7YX/z/wCgA/4hcf8AghR/0Y2f/Emf2wv/AJ/9AB/xC4/8EKP+jGz/AOJM/thf/P8A6AD/AIhcf+CFH/RjZ/8AEmf2wv8A5/8AQAf8QuP/AAQo/wCjGz/4kz+2F/8AP/oAP+IXH/ghR/0Y2f8AxJn9sL/5/wDQAf8AELj/AMEKP+jGz/4kz+2F/wDP/oAP+IXH/ghR/wBGNn/xJn9sL/5/9AB/xC4/8EKP+jGz/wCJM/thf/P/AKAD/iFx/wCCFH/RjZ/8SZ/bC/8An/0AH/ELj/wQo/6MbP8A4kz+2F/8/wDoAP8AiFx/4IUf9GNn/wASZ/bC/wDn/wBAB/xC4/8ABCj/AKMbP/iTP7YX/wA/+gA/4hcf+CFH/RjZ/wDEmf2wv/n/ANAB/wAQuP8AwQo/6MbP/iTP7YX/AM/+gA/4hcf+CFH/AEY2f/Emf2wv/n/0AH/ELj/wQo/6MbP/AIkz+2F/8/8AoAP+IXH/AIIUf9GNn/xJn9sL/wCf/QAf8QuP/BCj/oxs/wDiTP7YX/z/AOgA/wCIXH/ghR/0Y2f/ABJn9sL/AOf/AEAH/ELj/wAEKP8Aoxs/+JM/thf/AD/6AD/iFx/4IUf9GNn/AMSZ/bC/+f8A0AH/ABC4/wDBCj/oxs/+JM/thf8Az/6AD/iFx/4IUf8ARjZ/8SZ/bC/+f/QAf8QuP/BCj/oxs/8AiTP7YX/z/wCgA/4hcf8AghR/0Y2f/Emf2wv/AJ/9AB/xC4/8EKP+jGz/AOJM/thf/P8A6AD/AIhcf+CFH/RjZ/8AEmf2wv8A5/8AQAf8QuP/AAQo/wCjGz/4kz+2F/8AP/oAP+IXH/ghR/0Y2f8AxJn9sL/5/wDQAf8AELj/AMEKP+jGz/4kz+2F/wDP/oAP+IXH/ghR/wBGNn/xJn9sL/5/9AB/xC4/8EKP+jGz/wCJM/thf/P/AKAD/iFx/wCCFH/RjZ/8SZ/bC/8An/0AfOX7Yn/BtR/wRV+Gf7I/7U3xH8A/sbTeGvHXw/8A2cvjf438F+I4f2iv2q9Vm0DxZ4U+GfifXvDmtxaZ4g+N2r6DqMulaxYWd/HYa3pOqaRePALfUtOvbKSe2lAP8wb4ReJ/2gP2fNX8AftZfBnUvHPw41PwD8ShpvgT4z+FRc2kGgfEvQtKsvED6CurpHLYjUbnw/qiT3Ph/Vkez8S+HrjV7G5sdU0pdYt4gD/Vh/4INf8ABeX4Yf8ABV74YRfDX4lS+H/hv+3B8N/D8Vx8RvhxbyrY6L8UNFsFhtrj4s/Ca3uZXluNHuJXibxd4RWa51PwLqd0iSNeeHr3SNXugD+iSgAoAKACgAoAKACgAoAKACgAoAKACgAoAKAP/9T+/igAoAKAPzF/4LL/ALH2r/t3f8EzP2t/2avCtgmpePvFfw3/AOEp+GNjt/f6h8TPhdrmkfE7wPotpMMNaz+J9f8ACVn4Ve5GVS21y4WZXt3lRwD/ADYf+DW3VD4Q/wCC537J+j65DPpV7qmn/tHeEri11CJ7K4stXT9nT4tXY0+8guFimtrw32j/ANn/AGaVFmF88ds0ayErQB/XH/wela/aad/wS3+CmhPMov8AxF+3B8NRb23/AC0ls9J+Cv7QV7fXAH/PK3nbTopCOQ93CMEMSoB+a3/Bk3+x14hPjD9rD9vPxDpV3ZeGbfwnpv7L/wAL9QubRxa+IdT1nXNA+JPxYutPmlVQf+EZi8LfDHTvtVqZEmk8SapZGRJLK5iYA/q6/wCCq3/BZL9kv/gkZ4E8D+I/2hP+E18Y+OPild6vbfDX4Q/C/TtH1Txx4ltfD/2AeIPEd4+v634e0Lw94U0SbVdLtrzV9U1Vbq7u75LXQdL1u5ttQisgDhv2H/8AgvF+wB+3D+yr8cv2svDvjXX/AIOeDv2X9L/tr9ovwr8YdLtNP8ZfC7Rbi01C70TXp7DwjqXi618U6L4uGkapZ+DZPCl5q2ra/rFjN4dj0a38RlNIYA1P2Hv+C9H/AAS//wCCgnjv/hVHwE/aItbD4s3E0sehfDP4r+HNc+FnirxiqSvHEfAv/CV2trofjO+uI4nu18O+Gta1LxXbWCSXt/oNlbxyOgB+v1/YWOq2N7peqWVpqWmalaXNhqOnX9tDeWN/Y3kL293ZXtpcJJb3VpdW8kkFzbTxyQzwyPFKjIzKwB/A3/wbR/sP6Hp//BZn/gqH+0z8GdMjj/ZA/Zx+IX7SP7NvwM8QaeFm8N61qPi743x3PhPRvCer/arqLW9N8IfCPwl5l9c2s07jT/FvgvULqSBNat4ZQD9vP+DrL/lCp+0Z/wBjr8DP/Vs+F6APtP8A4IV/8off+Cd3/ZsPw9/9JJaAP1goAKACgAoAKACgAoAKACgAoAKACgAoAKACgAoAKACgAoAKACgAoAKACgAoAKACgAoAKACgAoAKACgAoAKACgD+bz/g7E/5Qm/tDf8AZRf2ef8A1dPg6gD1/wD4NkP+UG37CX/YF+Ov/rUPxuoA/eSgAoAKACgAoAKACgAoAKACgAoAKACgAoAKACgAoAKACgAoAKACgAoAKACgAoAKACgAoAKACgAoAKACgAoAKAPkn9v3/kxH9tb/ALNJ/aP/APVO+MqAP4t/+DTv9k34Dftu/wDBM/8A4KI/s3ftI+BdP8f/AAt8f/HzwZa6jp10BBqmiapB8MoH0fxb4S1hEa78OeMPDl4w1DQdf08rc2VyhjkFxZT3lncAH873/BTL/gmb+2R/wQN/bI8FePvAPjXxhb+CLfxhJ4w/ZO/ax8HxvpU19NpLvcr4Y8TNbRyadofxI0PTpXsPF/g+/SbQ/Fuhz3V7Y2uqeFtUv7G0AP7+/wDgg1/wXl+GH/BV74YRfDX4lS+H/hv+3B8N/D8Vx8RvhxbyrY6L8UNFsFhtrj4s/Ca3uZXluNHuJXibxd4RWa51PwLqd0iSNeeHr3SNXugD+iSgAoAKACgAoAKACgAoAKACgAoAKACgAoA//9X+/igAoAKACgD+Sf8A4KIf8G8vxOT9vLwJ/wAFWf8AglP4x+Gnwx/aa8LfFHSfi98QvgP8UjqmjfCv4n+NYtTe48WeJNC8TaLZ6pN4XvviNp11qWmfEPwtd6ZBo/iSTWNY8Qaf4l8MazeXUeqAHJ/8FDP+CX//AAVU/wCC7PxN/Zy8Kfta+BPgp/wTt/ZO+AVxrOueKNC8I/HKH9pz4q/Efxn4mXTrLXfEXhdNA8DeEPCdlFbaNpC6H4Pt/FV3pb+GLfXNc17Ul8XXN+nhjTQD+oT9ln9mD4MfsZ/AH4Z/sz/s++E4fBnwn+FHh9NB8M6QsrXd9cvLcz6jrOv69qTqk2r+JvE+uXuo+IfEmsTqsup61qV7dlIllSFAD+cD/g5d/wCCGXx//wCCpi/An45fspa94Tu/jD8E/D3iTwDr3wv8d+IB4W03xv4K1/WLXXtM1Dwl4iurebRNL8U+H9YOqLqFj4gm03Tde0fUopI9a0++8P21hrgB4Z/wR1/4Nm/GXwH/AGLP26/g/wDt6eLdM03xj+3l4C8LfC298IfCXX7fxGfg/wCFPAupax4k8PeJ5/ENzp3/AAjmu/EA+OL3S/ENtYWVvrHh3SbHwzp9sdW1KbX9Xs9NAPwo+LX/AAZsf8FQvh/46uI/gp8Tv2bfi74RtNTim8MeNF8d+J/hf4qjghm8y01HW/C2teFb2Dw/qltJGkzQaB4w8VpA3lSW2pTSB0iAP6K/2Pv+CSv/AAXy8QfC+w+BX7e3/BYbWvB/7OLabDo2u+A/2eYtK8f/ALRnibwoI4rG78I3P7Vfjv4X+F/iH4G+26ekkEut6b4h+Itw1o5s3iKXc32cA/pi/Zj/AGYPgV+xx8EvBH7O/wCzh8PdG+GXwl+H2ntY+H/DWjieZ5J55GuNS1vXNWvpbnVvEXiXXL15tR17xFrV5e6vq9/NLc3t3M5BUA/Ej/g6y/5QqftGf9jr8DP/AFbPhegD7T/4IV/8off+Cd3/AGbD8Pf/AEkloA/WCgAoAKACgAoAKACgAoAKACgAoAKACgAoAKACgAoAKACgAoAKACgAoAKACgAoAKACgAoAKACgAoAKACgAoAKAP5vP+DsT/lCb+0N/2UX9nn/1dPg6gD1//g2Q/wCUG37CX/YF+Ov/AK1D8bqAP06/a++HX7WPxL+GFrpH7HH7Sfg39mL4r6f4gi1eXxh48+CGmfHXw54l0KDR9Ytn8GXmgaj4p8LN4cXUNYu9H1JvF1hJrN9p0Wky2kehX8eoSBAD/N9/aO/4OZv+C6/7L3x/+NH7OPxJ+LPwJPj34GfE/wAbfCrxbNo3wK8CXmjXeueBvEN/4evtQ0W7lsbWa60fUpbA3+lXE9rbTzafcW0k9tBMzxIAf0K/8Ex/i9/wcT/8FL/2MvD/AO2N4R/bo/Y++FWl+N/EfjXRvh94F8ZfsuaZrcuu2fgTxLfeDtV1XxD4g8OAv4ZguPEuja5Y2lpbaLrt49pYRX7+Sl7DGoB+YfxO/wCDoT/gsR/wTY/at8efssft/wD7PP7MPxY1/wCFmu2Vn4usfCmneKfhzrniTQtVsrHXfD3ifwD8Q9D8Ra74Sfw94q8M6jZaxo13qnwtvNQgjvIrTWdN0nWbHVdIgAP7Qv8AgmR/wUy/Z5/4Ko/s22H7RHwBn1bSTYavJ4Q+Jnw08VfY4/Gnwu8e2ljZ6hd+HdcSynns9R0+8sr611Tw14m02RtN8QaTcJIFsNXs9a0PSAD8kP27f+Cwv7fXxT8a/Ez9n/8A4Ibfsb6p+1frHwi1vUfBXxj/AGvvEOnWEvwC8JePdKRjrvw8+El5r3ibwb4S+JnjXww6SWviHU7jxReaTpGrJHptp4T8VW19Z6pQB/In8Tf+DiH/AIOLv2NPj5qfgb9qH4naj4W8d+Hrux1LXPgf8b/2Xfgj4X0a+0h7mWSwMA8L/DbwZ4oufCmsQw3FvZeJPCHjOJNasle50/xDczxRXsQB/eR/wRA/4LBeDP8Agr/+zNrnxH/4RC3+Gfx0+EWu6b4O+PPw20+6udR8PaXq2t2l7f8AhXxf4M1K8Z7648G+NrDTNUk06z1V21jQtY0XxBoF3Nq1tptj4j1wA/aSgAoAKACgAoAKACgAoAKACgAoAKACgAoAKACgAoAKACgAoAKACgAoAKACgAoAKACgD5J/b9/5MR/bW/7NJ/aP/wDVO+MqAP5Rf+DIn/k0j9tf/s4zwX/6rO1oA/ri/ay/ZN+A37bvwG8d/s3ftI+BdP8AH/wt8f6ebXUdOugINU0TVIA76P4t8JawiNd+HPGHhy8YahoOv6eVubK5QxyC4sp7yzuAD/Ju/wCCmf8AwTM/bI/4IG/tkeCvH3gHxt4wt/BFv4wk8YfsnftY+D430ma+m0p3uR4Y8Tm2jk07Q/iRoenStYeL/CF+s+heLtCnu72xtdT8L6pqFhaAH9/f/BBr/gvL8MP+Cr3wwi+GvxKl8P8Aw3/bg+G/h+K4+I3w4t5VsdF+KGi2Cw21x8WfhNb3Mry3Gj3ErxN4u8IrNc6n4F1O6RJGvPD17pGr3QB/RJQAUAFABQAUAFABQAUAFABQAUAFABQB/9b+/igAoAKACgAoAKACgAoAKACgAoAKAP5zP+DrL/lCp+0Z/wBjr8DP/Vs+F6APtP8A4IV/8off+Cd3/ZsPw9/9JJaAP1goAKACgAoAKACgAoAKACgAoAKACgAoAKACgAoAKACgAoAKACgAoAKACgAoAKACgAoAKACgAoAKACgAoAKACgD+bz/g7E/5Qm/tDf8AZRf2ef8A1dPg6gD1/wD4NkP+UG37CX/YF+Ov/rUPxuoA/eSgD/Fj/wCC54A/4K//APBRIAAD/hqL4jnAGOW1BCx7ckkknuTk55NAH+jx/wAGqf8Ayg9/ZO/7Gb9o/wD9aS+K1AH8kH/B6VpPh6w/4Kk/BW/0sW0Ws63+xB8NLzxPHbxwq815a/Gr9oLTNNv76SP95JfTaRZWdh+//eJp+l6cFJhMYUA+uf8Agym8OeKfG9x/wU98C3OoeKdK+Ffi/wCGPwO8OeINV8Na1qnh3VNK8U6+/wAatH0zUPC+vac0VxoPim38OXfiS4s9a0y4g1TTbi10u9iYvbWrxAH99vwE+BPwr/Zk+Dfw5+AXwS8I6d4F+Ffwq8L6d4R8G+GdMjxFZ6bp8fz3V7ctm41TW9XvJLnWPEOu6hJPqviDXr/Udb1a6utS1C6uHAP4LP8Ag+B8T/Bu8+IH7AvhLS5NAuvj7onhb46ax4y/s6bTT4k0n4U65qXw2g8A23iuOJTqraXqvinSvH114JS8kWztJ7DxxLZRCTU7uRwD9Gv+DP8A/wCCc3x5/ZI/Z2/aG/aX/aA8H+Ifhpqf7Wuo/Cu1+Gnw+8W6feaH4pg+GvwstvHV3a+O9b0C+jt77SYPHeq/ES6Xw3a6tbW2ozaF4cg8QW9uuj+JdNur8A/sWoAKACgAoAKACgAoAKACgAoAKACgAoAKACgAoAKACgAoAKACgAoAKACgAoAKACgAoA+Sf2/f+TEf21v+zSf2j/8A1TvjKgD+UX/gyJ/5NI/bX/7OM8F/+qztaAP7cKAPnH9rL9k34Dftu/Abx3+zd+0j4E0/x/8AC3x/p5tdR026Ag1TRdUgDvo/izwnrCI134b8X+HLthqGga/p5W5srlSjieznu7S4AP8AJu/4KZ/8EzP2yP8Aggb+2R4K8feAfGvjC38D2/jCTxh+yd+1j4PjfSpr6bSne5Xwx4na2jk07Q/iRoenStYeL/CF+s+heLtCnu72xtdT8L6pqFhaAH9/f/BBr/gvL8MP+Cr3wwi+GvxKl8P/AA3/AG4Phv4fiuPiN8OLeVbHRfihotgsNtcfFn4TW9zK8txo9xK8TeLvCKzXOp+BdTukSRrzw9e6Rq90Af0SUAFABQAUAFABQAUAFABQAUAFABQB/9f+/igAoAKACgAoAKACgAoAKACgAoAKAP5zP+DrL/lCp+0Z/wBjr8DP/Vs+F6APtP8A4IV/8off+Cd3/ZsPw9/9JJaAP1goAKACgAoAKACgAoAKACgAoAKACgAoAKACgAoAKACgAoAKACgAoAKACgAoAKACgAoAKACgAoAKACgAoAKACgD+bz/g7E/5Qm/tDf8AZRf2ef8A1dPg6gD1/wD4NkP+UG37CX/YF+Ov/rUPxuoA/eSgD/Fk/wCC6H/KYD/gol/2dD8Rv/S+OgD+vL/gg7/wUj/a3/Z3/wCCSfwA+FXwE/4JI/tbfteReHdZ+OE+ifFXwZ4i8C+Cfg94tu9c+NvxC1yez07xNqP/AAkWvW40G+1GXw9rc8vhRxBqum34t0nhSN5QD87f2gf+CHP/AAXa/wCC1H7Z3jD9rP8Aap+D3w0/ZB0fx9f6FoOmQfEj4kaBf2Hwz+F/heGPStF8MeFfA/gfU/HHjrVbvSNOW61G4fxFp/hKHxb4s1LVtYe60Oz1ZvsQB/cd/wAEqf8Agl/8D/8AglB+y7pn7O3wfvb7xdrmq6vL4z+L3xa1yxi03xD8VPiFeWdrp9zrtxpcN1f2/hzQNM06ys9G8KeErK/vbXQtJtd91fax4g1HXvEOsgH0B+2n8PP2r/ij+z94t8H/ALFn7QXhH9mX4+3zW8nhn4p+Nfhdp/xZ0aytYo7kXmkDQNVu007SLzVJJLUQ+KrrRPGK6HHBM8fhHVpp42tQD/I3/wCCv3/BPH/gp9+x78ddc+JH/BRa18XfFDW/it4gdbH9qmPxVq3xP+HfxS1W3sj9m07TvHt/a2d/omoWOk6e9vo3gHxbo3g7XdM8PaQF0XwvD4a0+1lQA/pf/wCDTz/gtZ8evH3x0tv+CaP7UvxF8Q/Fnw94w8GeJNd/Zh8b+ONXv/EPjnwl4g+HWgS+I9d+Elxr+otcajrPgm++Hui+I/EfhkavfTT+D7rwhJoGlNLpGvWVloYB/oLUAFABQAUAFABQAUAFABQAUAFABQAUAFABQAUAFABQAUAFABQAUAFABQAUAFABQAUAfJP7fv8AyYj+2t/2aT+0f/6p3xlQB/KL/wAGRP8AyaR+2v8A9nGeC/8A1WdrQB/bhQAUAfOP7WX7JvwG/bd+A3jv9m79pHwJp/j/AOFvj/Tza6jpt0BBqmi6pAHfR/FnhPWERrvw34v8OXbDUNA1/TytzZXKlHE9nPd2lwAf5N3/AAUz/wCCZn7ZH/BA39sjwV4+8A+NfGFv4Ht/GEnjD9k79rHwfG+lTX02lO9yvhjxO1tHJp2h/EjQ9Olaw8X+EL9Z9C8XaFPd3tja6n4X1TULC0AP7+/+CDX/AAXl+GH/AAVe+GEXw1+JUvh/4b/twfDfw/FcfEb4cW8q2Oi/FDRbBYba4+LPwmt7mV5bjR7iV4m8XeEVmudT8C6ndIkjXnh690jV7oA/okoAKACgAoAKACgAoAKACgAoAKAP/9D+/igAoAKACgAoAKACgAoAKACgAoAKAP5zP+DrL/lCp+0Z/wBjr8DP/Vs+F6APtP8A4IV/8off+Cd3/ZsPw9/9JJaAP1goAKACgAoAKACgAoAKACgAoAKACgAoAKACgAoAKACgAoAKACgAoAKACgAoAKACgAoAKACgAoAKACgAoAKACgD+bz/g7E/5Qm/tDf8AZRf2ef8A1dPg6gD1/wD4NkP+UG37CX/YF+Ov/rUPxuoA/eSgD/Fk/wCC6H/KYD/gol/2dD8Rv/S+OgD/AEd/+DVP/lB7+yd/2M37R/8A60l8VqAP6JKACgCtZ3tnqEC3Vhd219bM8sa3NnPFcwNJbyvBPGs0DyRl4Z4pIZVDbo5Y3jcK6MqgHzb+2T+yn8Lv23P2Y/jL+y78YtFsdY8E/F3wVq/hqSa8tEu5/DWvyW7T+FPG2i7trW3iLwV4ki0zxPoN3E6PDqel2+4mFpUlAP8ALT/4NZ/gX40+J3/Bav8AZ41nQrS4m0P9n/RfjL8VfiNq2nySSW2leHrP4Z+K/hzpjteWwMDwav488d+E9E2tKkV3Z6lclPNRWjcA/wBcegAoAKACgAoAKACgAoAKACgAoAKACgAoAKACgAoAKACgAoAKACgAoAKACgAoAKACgD5J/b9/5MR/bW/7NJ/aP/8AVO+MqAP5Rf8AgyJ/5NI/bX/7OM8F/wDqs7WgD+3CgAoAKAPnH9rL9k34Dftu/Abx3+zd+0j4E0/x/wDC3x/p5tdR026Ag1TRdUgDvo/izwnrCI134b8X+HLthqGga/p5W5srlSjieznu7S4AP8m7/gpn/wAEzP2yP+CBv7ZHgrx94B8a+MLfwPb+MJPGH7J37WPg+N9KmvptKd7lfDHidraOTTtD+JGh6dK1h4v8IX6z6F4u0Ke7vbG11PwvqmoWFoAf39/8EGv+C8vww/4KvfDCL4a/EqXw/wDDf9uD4b+H4rj4jfDi3lWx0X4oaLYLDbXHxZ+E1vcyvLcaPcSvE3i7wis1zqfgXU7pEka88PXukavdAH9ElABQAUAFABQAUAFABQAUAFAH/9H+/igAoAKACgAoAKACgAoAKACgAoAKAP5zP+DrL/lCp+0Z/wBjr8DP/Vs+F6APtP8A4IV/8off+Cd3/ZsPw9/9JJaAP1goAKACgAoAKACgAoAKACgAoAKACgAoAKACgAoAKACgAoAKACgAoAKACgAoAKACgAoAKACgAoAKACgAoAKACgD+bz/g7E/5Qm/tDf8AZRf2ef8A1dPg6gD1/wD4NkP+UG37CX/YF+Ov/rUPxuoA/Tz9rv8Aaq0/9kP4Y2vxKvvgN+1L+0XJqGvx+G9P+Hv7JHwJ8WfH74ky302j6xrEV9feGvCyoug+HNmjSafP4n8QX+maFbatf6Rps98l1qdojgH+Sl+27+xb/wAFUv2wf2wP2mP2o5P+CW//AAUE8MRfHv41/EP4oad4ZuP2Qf2iL258OaL4r8SX+paDoF1ex/DZYr270XRZrDTbq7hSKG6uLWWeGKGKRIlAP7M/+Daz9qv9ob9lX9lj4X/8E9P2r/8Agm//AMFJvhV4j0r4yeItO+HHxgvv2MPjZ/wpVPDPxf8AGf8AwkK3PxJ8X6n4a0mX4bw+GvF3iPxBL4g17V9Mfwlp3hg2uuX2vWxh1K3tQD+yKgD8zv8AgsZ+z1+0b+1X/wAE0/2r/gF+yd4ln8M/Hn4heBNLsvBr22vr4Wm8TWWleM/DPiDxl8PI/Eck1tBpDfEvwPpPiPwCtze3lhpUjeIhaa1qFjo1xf3UQB/lufsd/tCf8Fav+CJX7R6a34Q+FP7QHws1CHVrbTviX+z/APFj4a/ES0+GPxZ0tJlc6V4g8L3mn2tnfTXNvuk8M+O/Cdxb6/p8Vwbzw34gbTr+8t78A/vH0D/gs3+3B/wUa/Z11f4c/sBf8EtP2uvhX+0J8T/BepeFJ/j3+0vYaF8Lf2T/AIEanr9rJo+rePfD/wAXNUvINc+Leo+CYLuXWdC8OaH4A0vxDeanDYTz+Hb63gn0q/APvH/gi3/wRq+Dn/BIL4B6p4Q0HWIfiZ+0F8U20nVfjz8a5NNfTF8RXujpdHQ/Bng7S55bifQvh74QbUtRGlW9xPJquv6pfal4j1toGu9N0TQQD9nKACgAoAKACgAoAKACgAoAKACgAoAKACgAoAKACgAoAKACgAoAKACgAoAKACgAoAKAPkn9v3/kxH9tb/s0n9o//wBU74yoA/lF/wCDIn/k0j9tf/s4zwX/AOqztaAP7cKACgAoAKAPnH9rL9k34Dftu/Abx3+zd+0j4E0/x/8AC3x/p5tdR026Ag1TRdUgDvo/izwnrCI134b8X+HLthqGga/p5W5srlSjieznu7S4AP8AJv8A+Cmf/BMz9sj/AIIG/tj+CvH/AIB8a+MLfwPb+MJPGH7J37WPg+N9KmvZtJd7lfC/ic20cunaH8SNE06VrDxf4Qv1m0LxdoU93fWNrqnhfVNQ0+yAP7+v+CDX/BeX4Yf8FXvhhF8NfiVL4f8Ahv8AtwfDfw/FcfEb4cW8q2Oi/FDRbBYba4+LPwmt7mV5bjR7iV4m8XeEVmudT8C6ndIkjXnh690jV7oA/okoAKACgAoAKACgAoAKACgD/9L+/igAoAKACgAoAKACgAoAKACgAoAKAP5zP+DrL/lCp+0Z/wBjr8DP/Vs+F6APtP8A4IV/8off+Cd3/ZsPw9/9JJaAP1goAKACgAoAKACgAoAKACgAoAKACgAoAKACgAoAKACgAoAKACgAoAKACgAoAKACgAoAKACgAoAKACgAoAKACgD+bz/g7E/5Qm/tDf8AZRf2ef8A1dPg6gD1/wD4NkP+UG37CX/YF+Ov/rUPxuoA/eSgAoAKACgAoAKACgAoAKACgAoAKACgAoAKACgAoAKACgAoAKACgAoAKACgAoAKACgAoAKACgAoAKACgAoAKAPkn9v3/kxH9tb/ALNJ/aP/APVO+MqAP5Rf+DIn/k0j9tf/ALOM8F/+qztaAP7cKACgAoAKACgD5x/ax/ZO+A37bnwG8d/s3ftI+BNP+IHwt8f6ebXUtNugINU0XU4A76P4s8J6wiNeeHPF/hy8YahoGv6eUurK6TY4ns57u1nAP8m//gpn/wAEzP2yP+CBv7ZHgrx/4A8a+MLfwPb+MJPGH7J37WPg+N9KmvZtJd7lfC/idraKTTtD+JGh6dK9h4v8IX6S6F4u0Ke7vrG11TwvqmoadZAH9/X/AAQa/wCC8vww/wCCr3wwi+GvxKl8P/Df9uD4b+H4rj4jfDi3lWx0X4oaLYLDbXHxZ+E1vcyvLcaPcSvE3i7wis1zqfgXU7pEka88PXukavdAH9ElABQAUAFABQAUAFABQB//0/7+KACgAoAKACgAoAKACgAoAKACgAoA/nM/4Osv+UKn7Rn/AGOvwM/9Wz4XoA+0/wDghX/yh9/4J3f9mw/D3/0kloA/WCgAoAKACgAoAKACgAoAKACgAoAKACgAoAKACgAoAKACgAoAKACgAoAKACgAoAKACgAoAKACgAoAKACgAoAKAP5vP+DsT/lCb+0N/wBlF/Z5/wDV0+DqAPX/APg2Q/5QbfsJf9gX46/+tQ/G6gD95KACgAoAKACgAoAKACgAoAKACgAoAKACgAoAKACgAoAKACgAoAKACgAoAKACgAoAKACgAoAKACgAoAKACgAoA+Sf2/f+TEf21v8As0n9o/8A9U74yoA/lF/4Mif+TSP21/8As4zwX/6rO1oA/twoAKACgAoAKACgD5x/ax/ZO+A37bnwG8d/s3ftI+BNP+IHwt8f6ebXUtNugINU0XU4A76P4s8J6wiNeeHPF/hy8YahoGv6eUurK6TY4ns57u1nAP8AJv8A+Cmf/BMz9sj/AIIG/tkeCvH/AIA8a+MLfwPb+MJPGH7J37WPg+N9KmvZtJd7lfC/idraKTTtD+JGh6dK9h4v8IX6S6F4u0Ke7vrG11TwvqmoadZAH9/X/BBr/gvL8MP+Cr3wwi+GvxKl8P8Aw3/bg+G/h+K4+I3w4t5VsdF+KGi2Cw21x8WfhNb3Mry3Gj3ErxN4u8IrNc6n4F1O6RJGvPD17pGr3QB/RJQAUAFABQAUAFABQB//1P7+KACgAoAKACgAoAKACgAoAKACgAoA/nM/4Osv+UKn7Rn/AGOvwM/9Wz4XoA+0/wDghX/yh9/4J3f9mw/D3/0kloA/WCgAoAKACgAoAKACgAoAKACgAoAKACgAoAKACgAoAKACgAoAKACgAoAKACgAoAKACgAoAKACgAoAKACgAoAKAP5vP+DsT/lCb+0N/wBlF/Z5/wDV0+DqAPX/APg2Q/5QbfsJf9gX46/+tQ/G6gD95KACgAoAKACgAoAKACgAoAKACgAoAKACgAoAKACgAoAKACgAoAKACgAoAKACgAoAKACgAoAKACgAoAKACgAoA+Sf2/f+TEf21v8As0n9o/8A9U74yoA/lF/4Mif+TSP21/8As4zwX/6rO1oA/twoAKACgAoAKACgAoA+cf2sf2TvgN+258BvHf7N37SPgTT/AIgfC3x/p5tdS026Ag1TRdTgDvo/izwnrCI154c8X+HLxhqGga/p5S6srpNjieznu7WcA/yb/wDgpn/wTM/bI/4IG/tkeCvH/gDxr4wt/A9v4wk8YfsnftY+D430qa9m0l3uV8L+J2topNO0P4kaHp0r2Hi/whfpLoXi7Qp7u+sbXVPC+qahp1kAf39f8EGv+C8vww/4KvfDCL4a/EqXw/8ADf8Abg+G/h+K4+I3w4t5VsdF+KGi2Cw21x8WfhNb3Mry3Gj3ErxN4u8IrNc6n4F1O6RJGvPD17pGr3QB/RJQAUAFABQAUAFAH//V/v4oAKACgAoAKACgAoAKACgAoAKACgD+cz/g6y/5QqftGf8AY6/Az/1bPhegD7T/AOCFf/KH3/gnd/2bD8Pf/SSWgD9YKACgAoAKACgAoAKACgAoAKACgAoAKACgAoAKACgAoAKACgAoAKACgAoAKACgAoAKACgAoAKACgAoAKACgAoA/m8/4OxP+UJv7Q3/AGUX9nn/ANXT4OoA9f8A+DZD/lBt+wl/2Bfjr/61D8bqAP3koAKACgAoAKACgAoAKACgAoAKACgAoAKACgAoAKACgAoAKACgAoAKACgAoAKACgAoAKACgAoAKACgAoAKACgD5J/b9/5MR/bW/wCzSf2j/wD1TvjKgD+UX/gyJ/5NI/bX/wCzjPBf/qs7WgD+3CgAoAKACgAoAKACgAoA+cf2sf2TvgN+258BvHf7N37SPgTT/iB8LfH+nm11LTboCDVNF1OAO+j+LPCesIjXnhzxf4cvGGoaBr+nlLqyuk2OJ7Oe7tZwD/Jv/wCCmf8AwTM/bI/4IG/tj+CvH/gDxr4wt/A9v4wk8YfsnftY+D430qa9n0p3uV8L+KGto5NO0P4kaJp0r2Hi7whfpNoXi/Qpru+sbXU/C+qahp1kAf39f8EGv+C8vww/4KvfDCL4a/EqXw/8N/24Phv4fiuPiN8OLeVbHRfihotgsNtcfFn4TW9zK8txo9xK8TeLvCKzXOp+BdTukSRrzw9e6Rq90Af0SUAFABQAUAFAH//W/v4oAKACgAoAKACgAoAKACgAoAKACgD+cz/g6y/5QqftGf8AY6/Az/1bPhegD7T/AOCFf/KH3/gnd/2bD8Pf/SSWgD9YKACgAoAKACgAoAKACgAoAKACgAoAKACgAoAKACgAoAKACgAoAKACgAoAKACgAoAKACgAoAKACgAoAKACgAoA/m8/4OxP+UJv7Q3/AGUX9nn/ANXT4OoA9f8A+DZD/lBt+wl/2Bfjr/61D8bqAP3koAKACgAoAKACgAoAKACgAoAKACgAoAKACgAoAKACgAoAKACgAoAKACgAoAKACgAoAKACgAoAKACgAoAKACgD5J/b9/5MR/bW/wCzSf2j/wD1TvjKgD+UX/gyJ/5NI/bX/wCzjPBf/qs7WgD+3CgAoAKACgAoAKACgAoAKAPnL9rH9k74D/tufAfx3+zd+0h4E074gfC34gacbXUtNugINT0bU4A76P4s8J6wiNeeHPF/hy8ZdQ0DX9PZLqxukKuJ7Oe7s7gA/wAm/wD4Kaf8Ey/2x/8Aggb+2P4K8f8AgDxr4wt/A1v4wk8YfsnftY+D430qe9n0p3uV8L+KGto5NO0T4kaJp0r2Hi7wjfxy6F4v0Ka7vrG11TwvqmoafZAH9/P/AAQa/wCC8vww/wCCr3wwi+GvxKl8P/Df9uD4b+H4rj4jfDi3lWx0X4oaLYLDbXHxZ+E1vcyvLcaPcSvE3i7wis1zqfgXU7pEka88PXukavdAH9ElABQAUAFAH//X/v4oAKACgAoAKACgAoAKACgAoAKACgD+cz/g6y/5QqftGf8AY6/Az/1bPhegD7T/AOCFf/KH3/gnd/2bD8Pf/SSWgD9YKACgAoAKACgAoAKACgAoAKACgAoAKACgAoAKACgAoAKACgAoAKACgAoAKACgAoAKACgAoAKACgAoAKACgAoA/m8/4OxP+UJv7Q3/AGUX9nn/ANXT4OoA9f8A+DZD/lBt+wl/2Bfjr/61D8bqAP3koAKACgAoAKACgAoAKACgAoAKACgAoAKACgAoAKACgAoAKACgAoAKACgAoAKACgAoAKACgAoAKACgAoAKACgD5J/b9/5MR/bW/wCzSf2j/wD1TvjKgD+UX/gyJ/5NI/bX/wCzjPBf/qs7WgD+3CgAoAKACgAoAKACgAoAKACgD5y/ax/ZO+A/7bnwH8d/s3ftIeBNO+IHwt+IGnG11LTboCDU9G1OAO+j+LPCesIjXnhzxf4cvGXUNA1/T2S6sbpCrieznu7O4AP8m/8A4Kaf8Ey/2x/+CBv7Y/grx/4A8a+MLfwNb+MJPGH7J37WPg+N9KnvZ9Kd7lfC/ihraOTTtE+JGiadK9h4u8I38cuheL9Cmu76xtdU8L6pqGn2QB/fz/wQa/4Ly/DD/gq98MIvhr8SpfD/AMN/24Phv4fiuPiN8OLeVbHRfihotgsNtcfFn4TW9zK8txo9xK8TeLvCKzXOp+BdTukSRrzw9e6Rq90Af0SUAFABQB//0P7+KACgAoAKACgAoAKACgAoAKACgAoA/nM/4Osv+UKn7Rn/AGOvwM/9Wz4XoA+0/wDghX/yh9/4J3f9mw/D3/0kloA/WCgAoAKACgAoAKACgAoAKACgAoAKACgAoAKACgAoAKACgAoAKACgAoAKACgAoAKACgAoAKACgAoAKACgAoAKAP5vP+DsT/lCb+0N/wBlF/Z5/wDV0+DqAPX/APg2Q/5QbfsJf9gX46/+tQ/G6gD95KACgAoAKACgAoAKACgAoAKACgAoAKACgAoAKACgAoAKACgAoAKACgAoAKACgAoAKACgAoAKACgAoAKACgAoA+Sf2/f+TEf21v8As0n9o/8A9U74yoA/lF/4Mif+TSP21/8As4zwX/6rO1oA/twoAKACgAoAKACgAoAKACgAoAKAPnL9rH9k74D/ALbnwH8d/s3ftIeBNO+IHwt+IGnG11LTboCDU9G1OAO+j+LPCesIjXnhzxf4cvGXUNA1/T2S6sbpCrieznu7O4AP8m//AIKaf8Ey/wBsf/ggb+2P4K8f+APGvjC38DW/jCTxh+yd+1j4PjfSp72fSne5Xwv4oa2jk07RPiRomnSvYeLvCN/HLoXi/Qpru+sbXVPC+qahp9kAf38/8EGv+C8vww/4KvfDCL4a/EqXw/8ADf8Abg+G/h+K4+I3w4t5VsdF+KGi2Cw21x8WfhNb3Mry3Gj3ErxN4u8IrNc6n4F1O6RJGvPD17pGr3QB/RJQAUAf/9H+/igAoAKACgAoAKACgAoAKACgAoAKAP5zP+DrL/lCp+0Z/wBjr8DP/Vs+F6APtP8A4IV/8off+Cd3/ZsPw9/9JJaAP1goAKACgAoAKACgAoAKACgAoAKACgAoAKACgAoAKACgAoAKACgAoAKACgAoAKACgAoAKACgAoAKACgAoAKACgD+bz/g7E/5Qm/tDf8AZRf2ef8A1dPg6gD1/wD4NkP+UG37CX/YF+Ov/rUPxuoA/eSgAoAKACgAoAKACgAoAKACgAoAKACgAoAKACgAoAKACgAoAKACgAoAKACgAoAKACgAoAKACgAoAKACgAoAKAPkn9v3/kxH9tb/ALNJ/aP/APVO+MqAP5Rf+DIn/k0j9tf/ALOM8F/+qztaAP7cKACgAoAKACgAoAKACgAoAKACgAoA+cv2sf2TvgP+258B/Hf7N37SHgTTviB8LfiBpxtdS026Ag1PRtTgDvo/izwnrCI154c8X+HLxl1DQNf09kurG6Qq4ns57uzuAD/Jv/4Kaf8ABMv9sj/ggb+2P4K+IHgDxr4wt/A1v4wk8YfsnftY+D430qa8n0p5LlfC/ihraOTTtD+JGiadK9h4u8I38cuheL9Cmu76xtdU8L6nqGn2QB/ohf8ABAr/AILCJ/wV1/ZZ1/xP408Ip4L/AGifgJqXhnwP8eLDSLaSPwT4k1PxBpd/eeGfiF4Jd5JnsNM8YQaHrMmoeFrqWS88La1p1/ZJPe6PPo2pXoB+7dAH/9L+/igAoAKACgAoAKACgAoAKACgAoAKAP5zP+DrL/lCp+0Z/wBjr8DP/Vs+F6APtP8A4IV/8off+Cd3/ZsPw9/9JJaAP1goAKACgAoAKACgAoAKACgAoAKACgAoAKACgAoAKACgAoAKACgAoAKACgAoAKACgAoAKACgAoAKACgAoAKACgD+bz/g7E/5Qm/tDf8AZRf2ef8A1dPg6gD1/wD4NkP+UG37CX/YF+Ov/rUPxuoA/eSgAoAKACgAoAKACgAoAKACgAoAKACgAoAKACgAoAKACgAoAKACgAoAKACgAoAKACgAoAKACgAoAKACgAoAKAPkn9v3/kxH9tb/ALNJ/aP/APVO+MqAP5Rf+DIn/k0j9tf/ALOM8F/+qztaAP7cKACgAoAKACgAoAKACgAoAKACgAoAKAPnL9rH9k74D/tt/Afx3+zf+0h4E074gfCz4gacbTUtMuwINT0bU4Az6P4r8KawiNeeHPF/hy8ZdQ0DX9PKXVjdJtbzrOe7tbgA/kU/4M1fBth8Ob3/AIK0fD3Srq8vdL8CftCfCXwbpt7qBha/u7DwxL8d9Es7q+a2ht7c3lxb2Mctybe3ghMzOYoYkKooB/bxQB//0/7+KACgAoAKACgAoAKACgAoAKACgAoA/nM/4Osv+UKn7Rn/AGOvwM/9Wz4XoA+0/wDghX/yh9/4J3f9mw/D3/0kloA/WCgAoAKACgAoAKACgAoAKACgAoAKACgAoAKACgAoAKACgAoAKACgAoAKACgAoAKACgAoAKACgAoAKACgAoAKAP5vP+DsT/lCb+0N/wBlF/Z5/wDV0+DqAPX/APg2Q/5QbfsJf9gX46/+tQ/G6gD95KACgAoAKACgAoAKACgAoAKACgAoAKACgAoAKACgAoAKACgAoAKACgAoAKACgAoAKACgAoAKACgAoAKACgAoA+Sf2/f+TEf21v8As0n9o/8A9U74yoA/lF/4Mif+TSP21/8As4zwX/6rO1oA/twoAKACgAoAKACgAoAKACgAoAKACgAoAKAP4tv+DRf/AJKV/wAFoP8As7PwV/6f/wBoSgD+0mgD/9T+/igAoAKACgAoAKACgAoAKACgAoAKAP5zP+DrL/lCp+0Z/wBjr8DP/Vs+F6APtP8A4IV/8off+Cd3/ZsPw9/9JJaAP1goAKACgAoAKACgAoAKACgAoAKACgAoAKACgAoAKACgAoAKACgAoAKACgAoAKACgAoAKACgAoAKACgAoAKACgD+bz/g7E/5Qm/tDf8AZRf2ef8A1dPg6gD1/wD4NkP+UG37CX/YF+Ov/rUPxuoA/eSgAoAKACgAoAKACgAoAKACgAoAKACgAoAKACgAoAKACgAoAKACgAoAKACgAoAKACgAoAKACgAoAKACgAoAKAPkn9v3/kxH9tb/ALNJ/aP/APVO+MqAP5Rf+DIn/k0j9tf/ALOM8F/+qztaAP7cKACgAoAKACgAoAKACgAoAKACgAoAKACgD+Lb/g0X/wCSlf8ABaD/ALOz8Ff+n/8AaEoA/tJoA//V/v4oAKACgAoAKACgAoAKACgAoAKACgD+cz/g6y/5QqftGf8AY6/Az/1bPhegD7T/AOCFf/KH3/gnd/2bD8Pf/SSWgD9YKACgAoAKACgAoAKACgAoAKACgAoAKACgAoAKACgAoAKACgAoAKACgAoAKACgAoAKACgAoAKACgAoAKACgAoA/m8/4OxP+UJv7Q3/AGUX9nn/ANXT4OoA9f8A+DZD/lBt+wl/2Bfjr/61D8bqAP3koAKACgAoAKACgAoAKACgAoAKACgAoAKACgAoAKACgAoAKACgAoAKACgAoAKACgAoAKACgAoAKACgAoAKACgD5J/b9/5MR/bW/wCzSf2j/wD1TvjKgD+UX/gyJ/5NI/bX/wCzjPBf/qs7WgD+3CgAoAKACgAoAKACgAoAKACgAoAKACgAoA/i2/4NF/8AkpX/AAWg/wCzs/BX/p//AGhKAP7SaAP/1v7+KACgAoAKACgAoAKACgAoAKACgAoA/nM/4Osv+UKn7Rn/AGOvwM/9Wz4XoA+0/wDghX/yh9/4J3f9mw/D3/0kloA/WCgAoAKACgAoAKACgAoAKACgAoAKACgAoAKACgAoAKACgAoAKACgAoAKACgAoAKACgAoAKACgAoAKACgAoAKAP5vP+DsT/lCb+0N/wBlF/Z5/wDV0+DqAPX/APg2Q/5QbfsJf9gX46/+tQ/G6gD95KACgAoAKACgAoAKACgAoAKACgAoAKACgAoAKACgAoAKACgAoAKACgAoAKACgAoAKACgAoAKACgAoAKACgAoA+Sf2/f+TEf21v8As0n9o/8A9U74yoA/lF/4Mif+TSP21/8As4zwX/6rO1oA/twoAKACgAoAKACgAoAKACgAoAKACgAoAKAP4tv+DRf/AJKV/wAFoP8As7PwV/6f/wBoSgD+0mgD/9f+/igAoAKACgAoAKACgAoAKACgAoAKAP5zP+DrL/lCp+0Z/wBjr8DP/Vs+F6APtP8A4IV/8off+Cd3/ZsPw9/9JJaAP1goAKACgAoAKACgAoAKACgAoAKACgAoAKACgAoAKACgAoAKACgAoAKACgAoAKACgAoAKACgAoAKACgAoAKACgD+bz/g7E/5Qm/tDf8AZRf2ef8A1dPg6gD1/wD4NkP+UG37CX/YF+Ov/rUPxuoA/eSgAoAKACgAoAKACgAoAKACgAoAKACgAoAKACgAoAKACgAoAKACgAoAKACgAoAKACgAoAKACgAoAKACgAoAKAPkn9v3/kxH9tb/ALNJ/aP/APVO+MqAP5Rf+DIn/k0j9tf/ALOM8F/+qztaAP7cKACgAoAKACgAoAKACgAoAKACgAoAKACgD+Lb/g0X/wCSlf8ABaD/ALOz8Ff+n/8AaEoA/tJoA//Q/v4oAKACgAoAKACgAoAKACgAoAKACgD+cz/g6y/5QqftGf8AY6/Az/1bPhegD7T/AOCFf/KH3/gnd/2bD8Pf/SSWgD9YKACgAoAKACgAoAKACgAoAKACgAoAKACgAoAKACgAoAKACgAoAKACgAoAKACgAoAKACgAoAKACgAoAKACgAoA/m8/4OxP+UJv7Q3/AGUX9nn/ANXT4OoA9f8A+DZD/lBt+wl/2Bfjr/61D8bqAP3koAKACgAoAKACgAoAKACgAoAKACgAoAKACgAoAKACgAoAKACgAoAKACgAoAKACgAoAKACgAoAKACgAoAKACgD5J/b9/5MR/bW/wCzSf2j/wD1TvjKgD+UX/gyJ/5NI/bX/wCzjPBf/qs7WgD+3CgAoAKACgAoAKACgAoAKACgAoAKACgAoA/i2/4NF/8AkpX/AAWg/wCzs/BX/p//AGhKAP7SaAP/0f7+KACgAoAKACgAoAKACgAoAKACgAoA/nM/4Osv+UKn7Rn/AGOvwM/9Wz4XoA+0/wDghX/yh9/4J3f9mw/D3/0kloA/WCgAoAKACgAoAKACgAoAKACgAoAKACgAoAKACgAoAKACgAoAKACgAoAKACgAoAKACgAoAKACgAoAKACgAoAKAP5vP+DsT/lCb+0N/wBlF/Z5/wDV0+DqAPX/APg2Q/5QbfsJf9gX46/+tQ/G6gD95KACgAoAKACgAoAKACgAoAKACgAoAKACgAoAKACgAoAKACgAoAKACgAoAKACgAoAKACgAoAKACgAoAKACgAoA+Sf2/f+TEf21v8As0n9o/8A9U74yoA/lF/4Mif+TSP21/8As4zwX/6rO1oA/twoAKACgAoAKACgAoAKACgAoAKACgAoAKAP4tv+DRf/AJKV/wAFoP8As7PwV/6f/wBoSgD+0mgD/9L+/igAoAKACgAoAKACgAoAKACgAoAKAP5zP+DrL/lCp+0Z/wBjr8DP/Vs+F6APtP8A4IV/8off+Cd3/ZsPw9/9JJaAP1goAKACgAoAKACgAoAKACgAoAKACgAoAKACgAoAKACgAoAKACgAoAKACgAoAKACgAoAKACgAoAKACgAoAKACgD+bz/g7E/5Qm/tDf8AZRf2ef8A1dPg6gD1/wD4NkP+UG37CX/YF+Ov/rUPxuoA/eSgAoAKACgAoAKACgAoAKACgAoAKACgAoAKACgAoAKACgAoAKACgAoAKACgAoAKACgAoAKACgAoAKACgAoAKAPkn9v3/kxH9tb/ALNJ/aP/APVO+MqAP5Rf+DIn/k0j9tf/ALOM8F/+qztaAP7cKACgAoAKACgAoAKACgAoAKACgAoAKACgD+Lb/g0X/wCSlf8ABaD/ALOz8Ff+n/8AaEoA/tJoA//T/v4oAKACgAoAKACgAoAKACgAoAKACgD+cz/g6y/5QqftGf8AY6/Az/1bPhegD7T/AOCFf/KH3/gnd/2bD8Pf/SSWgD9YKACgAoAKACgAoAKACgAoAKACgAoAKACgAoAKACgAoAKACgAoAKACgAoAKACgAoAKACgAoAKACgAoAKACgAoA/m8/4OxP+UJv7Q3/AGUX9nn/ANXT4OoA9f8A+DZD/lBt+wl/2Bfjr/61D8bqAP3koAKACgAoAKACgAoAKACgAoAKACgAoAKACgAoAKACgAoAKACgAoAKACgAoAKACgAoAKACgAoAKACgAoAKACgD5J/b9/5MR/bW/wCzSf2j/wD1TvjKgD+UX/gyJ/5NI/bX/wCzjPBf/qs7WgD+3CgAoAKACgAoAKACgAoAKACgAoAKACgAoA/i2/4NF/8AkpX/AAWg/wCzs/BX/p//AGhKAP7SaAP/1P7+KACgAoAKACgAoAKACgAoAKACgAoA/nM/4Osv+UKn7Rn/AGOvwM/9Wz4XoA+0/wDghX/yh9/4J3f9mw/D3/0kloA/WCgAoAKACgAoAKACgAoAKACgAoAKACgAoAKACgAoAKACgAoAKACgAoAKACgAoAKACgAoAKACgAoAKACgAoAKAP5vP+DsT/lCb+0N/wBlF/Z5/wDV0+DqAPX/APg2Q/5QbfsJf9gX46/+tQ/G6gD95KACgAoAKACgAoAKACgAoAKACgAoAKACgAoAKACgAoAKACgAoAKACgAoAKACgAoAKACgAoAKACgAoAKACgAoA+Sf2/f+TEf21v8As0n9o/8A9U74yoA/lF/4Mif+TSP21/8As4zwX/6rO1oA/twoAKACgAoAKACgAoAKACgAoAKACgAoAKAP4tv+DRf/AJKV/wAFoP8As7PwV/6f/wBoSgD+0mgD/9X+/igAoAKACgAoAKACgAoAKACgAoAKAP5zP+DrL/lCp+0Z/wBjr8DP/Vs+F6APtP8A4IV/8off+Cd3/ZsPw9/9JJaAP1goAKACgAoAKACgAoAKACgAoAKACgAoAKACgAoAKACgAoAKACgAoAKACgAoAKACgAoAKACgAoAKACgAoAKACgD+bz/g7E/5Qm/tDf8AZRf2ef8A1dPg6gD1/wD4NkP+UG37CX/YF+Ov/rUPxuoA/eSgAoAKACgAoAKACgAoAKACgAoAKACgAoAKACgAoAKACgAoAKACgAoAKACgAoAKACgAoAKACgAoAKACgAoAKAPkn9v3/kxH9tb/ALNJ/aP/APVO+MqAP5Rf+DIn/k0j9tf/ALOM8F/+qztaAP7cKACgAoAKACgAoAKACgAoAKACgAoAKACgD+Lb/g0X/wCSlf8ABaD/ALOz8Ff+n/8AaEoA/tJoA//W/v4oAKACgAoAKACgAoAKACgAoAKACgD+cz/g6y/5QqftGf8AY6/Az/1bPhegD7T/AOCFf/KH3/gnd/2bD8Pf/SSWgD9YKACgAoAKACgAoAKACgAoAKACgAoAKACgAoAKACgAoAKACgAoAKACgAoAKACgAoAKACgAoAKACgAoAKACgAoA/m8/4OxP+UJv7Q3/AGUX9nn/ANXT4OoA9f8A+DZD/lBt+wl/2Bfjr/61D8bqAP3koAKACgAoAKACgAoAKACgAoAKACgAoAKACgAoAKACgAoAKACgAoAKACgAoAKACgAoAKACgAoAKACgAoAKACgD5J/b9/5MR/bW/wCzSf2j/wD1TvjKgD+UX/gyJ/5NI/bX/wCzjPBf/qs7WgD+3CgAoAKACgAoAKACgAoAKACgAoAKACgAoA/i2/4NF/8AkpX/AAWg/wCzs/BX/p//AGhKAP7SaAP/1/7+KACgAoAKACgAoAKACgAoAKACgAoA/nM/4Osv+UKn7Rn/AGOvwM/9Wz4XoA+0/wDghX/yh9/4J3f9mw/D3/0kloA/WCgAoAKACgAoAKACgAoAKACgAoAKACgAoAKACgAoAKACgAoAKACgAoAKACgAoAKACgAoAKACgAoAKACgAoAKAP5vP+DsT/lCb+0N/wBlF/Z5/wDV0+DqAPX/APg2Q/5QbfsJf9gX46/+tQ/G6gD95KACgAoAKACgAoAKACgAoAKACgAoAKACgAoAKACgAoAKACgAoAKACgAoAKACgAoAKACgAoAKACgAoAKACgAoA+Sf2/f+TEf21v8As0n9o/8A9U74yoA/lF/4Mif+TSP21/8As4zwX/6rO1oA/twoAKACgAoAKACgAoAKACgAoAKACgAoAKAP4tv+DRf/AJKV/wAFoP8As7PwV/6f/wBoSgD+0mgD/9D+/igAoAKACgAoAKACgAoAKACgAoAKAP5zP+DrL/lCp+0Z/wBjr8DP/Vs+F6APtP8A4IV/8off+Cd3/ZsPw9/9JJaAP1goAKACgAoAKACgAoAKACgAoAKACgAoAKACgAoAKACgAoAKACgAoAKACgAoAKACgAoAKACgAoAKACgAoAKACgD+bz/g7E/5Qm/tDf8AZRf2ef8A1dPg6gD1/wD4NkP+UG37CX/YF+Ov/rUPxuoA/eSgAoAKACgAoAKACgAoAKACgAoAKACgAoAKACgAoAKACgAoAKACgAoAKACgAoAKACgAoAKACgAoAKACgAoAKAPkn9v3/kxH9tb/ALNJ/aP/APVO+MqAP5Rf+DIn/k0j9tf/ALOM8F/+qztaAP7cKACgAoAKACgAoAKACgAoAKACgAoAKACgD+Lb/g0X/wCSlf8ABaD/ALOz8Ff+n/8AaEoA/tJoA//R/v4oAKACgAoAKACgAoAKACgAoAKACgD+cz/g6y/5QqftGf8AY6/Az/1bPhegD7T/AOCFf/KH3/gnd/2bD8Pf/SSWgD9YKACgAoAKACgAoAKACgAoAKACgAoAKACgAoAKACgAoAKACgAoAKACgAoAKACgAoAKACgAoAKACgAoAKACgAoA/m8/4OxP+UJv7Q3/AGUX9nn/ANXT4OoA9f8A+DZD/lBt+wl/2Bfjr/61D8bqAP3koAKACgAoAKACgAoAKACgAoAKACgAoAKACgAoAKACgAoAKACgAoAKACgAoAKACgAoAKACgAoAKACgAoAKACgD5J/b9/5MR/bW/wCzSf2j/wD1TvjKgD+UX/gyJ/5NI/bX/wCzjPBf/qs7WgD+3CgAoAKACgAoAKACgAoAKACgAoAKACgAoA/i2/4NF/8AkpX/AAWg/wCzs/BX/p//AGhKAP7SaAP/0v7+KACgAoAKACgAoAKACgAoAKACgAoA/nM/4Osv+UKn7Rn/AGOvwM/9Wz4XoA+0/wDghX/yh9/4J3f9mw/D3/0kloA/WCgAoAKACgAoAKACgAoAKACgAoAKACgAoAKACgAoAKACgAoAKACgAoAKACgAoAKACgAoAKACgAoAKACgAoAKAP5vP+DsT/lCb+0N/wBlF/Z5/wDV0+DqAPX/APg2Q/5QbfsJf9gX46/+tQ/G6gD95KACgAoAKACgAoAKACgAoAKACgAoAKACgAoAKACgAoAKACgAoAKACgAoAKACgAoAKACgAoAKACgAoAKACgAoA+Sf2/f+TEf21v8As0n9o/8A9U74yoA/lF/4Mif+TSP21/8As4zwX/6rO1oA/twoAKACgAoAKACgAoAKACgAoAKACgAoAKAP4tv+DRf/AJKV/wAFoP8As7PwV/6f/wBoSgD+0mgD/9P+/igAoAKACgAoAKACgAoAKACgAoAKAP5zP+DrL/lCp+0Z/wBjr8DP/Vs+F6APtP8A4IV/8off+Cd3/ZsPw9/9JJaAP1goAKACgAoAKACgAoAKACgAoAKACgAoAKACgAoAKACgAoAKACgAoAKACgAoAKACgAoAKACgAoAKACgAoAKACgD+bz/g7E/5Qm/tDf8AZRf2ef8A1dPg6gD1/wD4NkP+UG37CX/YF+Ov/rUPxuoA/eSgAoAKACgAoAKACgAoAKACgAoAKACgAoAKACgAoAKACgAoAKACgAoAKACgAoAKACgAoAKACgAoAKACgAoAKAPkn9v3/kxH9tb/ALNJ/aP/APVO+MqAP5Rf+DIn/k0j9tf/ALOM8F/+qztaAP7cKACgAoAKACgAoAKACgAoAKACgAoAKACgD+Lb/g0X/wCSlf8ABaD/ALOz8Ff+n/8AaEoA/tJoA//U/v4oAKACgAoAKACgAoAKACgAoAKACgD+cz/g6y/5QqftGf8AY6/Az/1bPhegD7T/AOCFf/KH3/gnd/2bD8Pf/SSWgD9YKACgAoAKACgAoAKACgAoAKACgAoAKACgAoAKACgAoAKACgAoAKACgAoAKACgAoAKACgAoAKACgAoAKACgAoA/m8/4OxP+UJv7Q3/AGUX9nn/ANXT4OoA9f8A+DZD/lBt+wl/2Bfjr/61D8bqAP3koAKACgAoAKACgAoAKACgAoAKACgAoAKACgAoAKACgAoAKACgAoAKACgAoAKACgAoAKACgAoAKACgAoAKACgD5J/b9/5MR/bW/wCzSf2j/wD1TvjKgD+UX/gyJ/5NI/bX/wCzjPBf/qs7WgD+3CgAoAKACgAoAKACgAoAKACgAoAKACgAoA/i2/4NF/8AkpX/AAWg/wCzs/BX/p//AGhKAP7SaAP/1f7+KACgAoAKACgAoAKACgAoAKACgAoA/nM/4Osv+UKn7Rn/AGOvwM/9Wz4XoA+0/wDghX/yh9/4J3f9mw/D3/0kloA/WCgAoAKACgAoAKACgAoAKACgAoAKACgAoAKACgAoAKACgAoAKACgAoAKACgAoAKACgAoAKACgAoAKACgAoAKAP5vP+DsT/lCb+0N/wBlF/Z5/wDV0+DqAPX/APg2Q/5QbfsJf9gX46/+tQ/G6gD95KACgAoAKACgAoAKACgAoAKACgAoAKACgAoAKACgAoAKACgAoAKACgAoAKACgAoAKACgAoAKACgAoAKACgAoA+Sf2/f+TEf21v8As0n9o/8A9U74yoA/lF/4Mif+TSP21/8As4zwX/6rO1oA/twoAKACgAoAKACgAoAKACgAoAKACgAoAKAP4tv+DRf/AJKV/wAFoP8As7PwV/6f/wBoSgD+0mgD/9b+/igAoAKACgAoAKACgAoAKACgAoAKAP5zP+DrL/lCp+0Z/wBjr8DP/Vs+F6APtP8A4IV/8off+Cd3/ZsPw9/9JJaAP1goAKACgAoAKACgAoAKACgAoAKACgAoAKACgAoAKACgAoAKACgAoAKACgAoAKACgAoAKACgAoAKACgAoAKACgD+bz/g7E/5Qm/tDf8AZRf2ef8A1dPg6gD1/wD4NkP+UG37CX/YF+Ov/rUPxuoA/eSgAoAKACgAoAKACgAoAKACgAoAKACgAoAKACgAoAKACgAoAKACgAoAKACgAoAKACgAoAKACgAoAKACgAoA8a8Y/tGfs9/DzXrrwr8QPjv8GvA3ieyjtpr3w54x+KHgjwzr1pDe28d1Zy3Wj61rtjqFvHd2ssVzbSS26rPbyxzRFo3VmAPi79uv9rL9lfWP2Iv2x9I0j9pf9n/VNV1T9lb9oXTtM0zTvjL8Or7UNR1C++Efi+2srCwsrbxJLc3l7eXMsVva2tvFJPcTyJFFG7uqsAfzi/8ABkT/AMmkftr/APZxngv/ANVna0Af24UAFABQAUAFABQAUAFABQAUAFABQAUAFAH8W3/Bov8A8lK/4LQf9nZ+Cv8A0/8A7QlAH9pNAH//1/68f+Cnn/BRT4Q/8Evf2RPH37U3xZibXZdIktPC/wAMvhzZ6jb6ZrXxV+KWvR3R8MeCNJu54rgWcUkdnqGu+JNXW0vX0DwhofiDXItP1OfT4dMvQD+Wz/gjCv7af/BwRf8A7T/7YP7a/wC23+1b8Ifgt4D8dwfCT4MfAj9i/wCM3iv9mbwFoPjW48PWXi/XNSm/4Qy5k1HXR8PND1/wWfDNz4tvPE+vapq2t3d54i1m9sbJdN1AA8e/ZJ/4LiftRf8ABKb/AIKl/Fj/AIJcf8FI/jt4l/aY/Zm8L/GNPhd4T/aQ+K0yah8YvhZpPiiHT9a+FfxE8ZeMpnGqeMfBmv8AhrxN4ZvfiVa+Lb7XtX8KJeXGv+F9ebTtDuvDfiEA/v6VldVZGDKwDKykFWUjIZSMggg5BBwRyM5oAWgD5R/bc/bL+Cv7AX7MvxQ/ap+PuszaX8P/AIZ6Ot0dP05I7jxF4w8S6jMmn+FfAvhOxkkiS+8TeLdcntNI0xJpbewsvPm1bWb3TtD07U9StQD/ADM/29P+Csf/AAcJftkWGtftHWnhL9tj9lD9kOewvNQ8Jxfs4/Dr47fCn4NaP4HeE6lDqHiX44+H9F0i+8fTXOiG3vNa8Sa/4uXw7dILm60PQvDmi3L6agB5Z/wTd/4OXf8Ago3+xV8VvC0vxk+N/wARf2uP2eb3V9FsviT8NPjr4o1b4k+LoPCkd7FHqepfDD4h+K9Un8W+GfF+m6VLdnRLS88QXXgu/uRb2+v+H7qOKyvLAA/1ivhH8VPA/wAc/hV8NPjV8MtZXxF8OPi74C8I/EzwFr6W9xaDWfB3jnQNP8TeG9TNneRQXlm97o+p2lxJZ3cEF3aSO1vcwxTxuigH8hP/AAdwf8FSP2hv2LNI/ZB+A/7Jvxt8ZfBT4nfETUfH/wAXPiJ4j+H2rro3iNPAfhi2sPBvgzRLq6WOWZ9E8U+INd8X38tuqpG9/wCBbSRy7woEAP4pP+H7H/BYT/pIh+01/wCF7N/8iUAf0Zf8Gw/7Y/8AwVF/4KBf8FGBD8cf20v2hfiN+zz+z98LPF3xP+JnhLxL4xubzwp4t1rWoU8A/DrwjrMcdvG0jy+IPElx44tbVnjiu4fh/fQzu0Je3uAD+i//AIOsv+UKn7Rn/Y6/Az/1bPhegD7T/wCCFf8Ayh9/4J3f9mw/D3/0kloA/WCgAoAKACgAoAKACgAoAKACgAoAKACgAoAKACgAoAKACgAoAKACgAoAKACgAoAKACgAoAKACgAoAKACgAoA8A/aL/ar/Zs/ZF8ED4kftO/HL4ZfAvwVNcyWNhrnxK8XaR4Zj1rUooTcPpHhyzv7mPUfE2tC3DTro3h+z1LVXhVpUtGRSygH8fP/AAcR/wDBaL/gmL+2h/wSw+O37P8A+zJ+1h4U+Knxf1bxv8FNS0rwXp/g34qaBdapY+G/ir4W1rXLnTdT8XeA/D+hXyadpVrc30wtdUmZoYJTErurIoB+0P8AwbIf8oNv2Ev+wL8dv0/ah+N1AH7yUAFABQAUAFABQAUAFABQAUAFABQAUAFABQAUAFABQAUAFABQAUAFABQAUAFABQAUAFABQAUAFABQAUAFAH+SL/wdgf8AKbT9o3/sn/7O/wD6o/wRQB/ODQB/pEf8GRP/ACaR+2v/ANnGeC//AFWdrQB/bhQAUAFABQAUAFABQAUAFABQAUAFABQAUAfxbf8ABov/AMlK/wCC0H/Z2fgr/wBP/wC0JQB/aTQB/9D5U/4PV/2nta8Yfti/s0/sl6fqrN4L+CfwQl+LOtaZA7Rxv8SfjH4n1nSZBqcavtup9H8DfD7wxc6RJKm6xh8W6wtuyjULoOAfup/wZm6fBZf8EmfHtzCirJq37aPxg1C6YdZJ4/hj8C9KV29WFrpltH/uxqO1AH8d/wDwdRafBZf8Fx/2v54UVG1TRP2b9QuNvG+df2Yvg/p5cjpuMVhEDjGcbj8zMWAP9EL/AIN8v2n9a/a1/wCCQ37G3xI8Wak2q+N/C3gTU/gn4xvJ5nub+51P4HeJ9Z+GGkalq1zIzS3Wr+IPB3hrwx4m1O6md5rm81qWed2mkdmAP2doA+Ef2u/2EfBX7afxQ/ZP1/4z+IxrnwS/Zh+JevfG2+/Z4v8AwzZ6r4R+MXxet/DreHvhN4k8ealealsl0D4SnVfFmuWPg86DfWPinXNasZNbvBpWkzaRq4B9zT2lrc2s1jc21vcWVxbyWk9nPDHLaz2ssZhltprd1aGS3kiZopIXRo3jYoylCRQB/jN/8F/f2ZPhj+yH/wAFdP2yPgn8GtK07w78NbPxd4M+IHhrwppMUFrpng5fjH8LvBHxb1fwppem2sMFpo+haFr3jXVLLwxo1pGtrpfhdNFs7cLFCiIAf6j/APwRE8GePPh//wAEkv8Agn34W+JUN7beLbP9mj4f6hPY6jF9nv8ATdD8QWcviLwdpN5bMTJa3Ok+DtV0DTZrScR3Nq9q1vdQwXMcsKAH8sPxy/4Lq/sQfsu/8F7P+ChXxU/aw+EXxV+Omh/Dn4cfDD9hn4HP8NPCPwx8dQ+CtJ+F+s6h4s/aCj1jS/iT488E2cN3efHGe8t9KfSLm4mFrpmqLfGGV4o5wD9pv2Tv+C//APwQg/az1zR/CGmeLPAfwJ8d6/fw6do/hH9pX4L6F8LxeXVzIIbaL/hPYbTxH8IrWa5naK3tbS9+I1te3U80UVtbSuStAH9DPhfwd4G8MRzXfgvwt4T8PRatDayXFz4X0PR9Jj1O3jWSSyeabSbW3W9hRbiWS1Z2lRVnkaIgSsXAP59/+DrMgf8ABFP9ozJA/wCK2+BY545Pxa8LAD6kkAep470Aeq/8ETv2sf2WPB3/AASb/YC8L+Lv2lvgB4W8TaF+zb4C07W/DviP4yfDrQ9d0fUILWUT2Oq6RqfiS11DT7yEnEttd28M0Z4eNc4oA/UX/htX9jb/AKO1/Zl/8Pz8LP8A5q6AD/htX9jb/o7X9mX/AMPz8LP/AJq6AD/htX9jb/o7X9mX/wAPz8LP/mroAP8AhtX9jb/o7X9mX/w/Pws/+augA/4bV/Y2/wCjtf2Zf/D8/Cz/AOaugA/4bV/Y2/6O1/Zl/wDD8/Cz/wCaugA/4bV/Y2/6O1/Zl/8AD8/Cz/5q6AD/AIbV/Y2/6O1/Zl/8Pz8LP/mroAP+G1f2Nv8Ao7X9mX/w/Pws/wDmroAP+G1f2Nv+jtf2Zf8Aw/Pws/8AmroAP+G1f2Nv+jtf2Zf/AA/Pws/+augA/wCG1f2Nv+jtf2Zf/D8/Cz/5q6AD/htX9jb/AKO1/Zl/8Pz8LP8A5q6AD/htX9jb/o7X9mX/AMPz8LP/AJq6AD/htX9jb/o7X9mX/wAPz8LP/mroAP8AhtX9jb/o7X9mX/w/Pws/+augA/4bV/Y2/wCjtf2Zf/D8/Cz/AOaugA/4bV/Y2/6O1/Zl/wDD8/Cz/wCaugA/4bV/Y2/6O1/Zl/8AD8/Cz/5q6AD/AIbV/Y2/6O1/Zl/8Pz8LP/mroAP+G1f2Nv8Ao7X9mX/w/Pws/wDmroAP+G1f2Nv+jtf2Zf8Aw/Pws/8AmroAP+G1f2Nv+jtf2Zf/AA/Pws/+augA/wCG1f2Nv+jtf2Zf/D8/Cz/5q6AD/htX9jb/AKO1/Zl/8Pz8LP8A5q6AD/htX9jb/o7X9mX/AMPz8LP/AJq6AD/htX9jb/o7X9mX/wAPz8LP/mroAP8AhtX9jb/o7X9mX/w/Pws/+augA/4bV/Y2/wCjtf2Zf/D8/Cz/AOaugA/4bV/Y2/6O1/Zl/wDD8/Cz/wCaugA/4bV/Y2/6O1/Zl/8AD8/Cz/5q6AD/AIbV/Y2/6O1/Zl/8Pz8LP/mroAP+G1f2Nv8Ao7X9mX/w/Pws/wDmroAP+G1f2Nv+jtf2Zf8Aw/Pws/8AmroAguv23/2L7K2uby5/a4/Zljt7SCa5uJP+F7/C59kMEbSyvsTxS7ttjVm2oju2MKrEgUAf5PHx8+OPxX/4ODP+CuVt/wAJj8XtD+Cnw6+KHjnV/C3wu1f4v+JrHTPh3+zV+zj4RttT1i2M8Oq65pGgR67/AMIxo9xrutabY6rpX/Cf/FXWprS3vrWXXLR7UA/RH/grx/wQj/4Jr/sOfsO6x+0X+yv/AMFDJvjv8YvBPiTwDpGu/DbVviT8BPGlt43sPFviW18Napf+FPD/AMOYdJ8UeGG0Ialb65L9svvGsIsNOvre5eH7Sl/ZAH1P/wAGhX/BWIfCTxl8S/8Agnx+0X8T9H8O/A/WfDWtfF34B+I/iN4y0nw94Z+GXjTStTin+IXgLT9S8T6nZWOnaJ8RrTWpvGdnpVrcQ2tn4s8PeIL+3sZtQ8a6teqAf3rf8Nq/sbf9Ha/sy/8Ah+fhZ/8ANXQAf8Nq/sbf9Ha/sy/+H5+Fn/zV0AH/AA2r+xt/0dr+zL/4fn4Wf/NXQAf8Nq/sbf8AR2v7Mv8A4fn4Wf8AzV0AH/Dav7G3/R2v7Mv/AIfn4Wf/ADV0AH/Dav7G3/R2v7Mv/h+fhZ/81dAB/wANq/sbf9Ha/sy/+H5+Fn/zV0AH/Dav7G3/AEdr+zL/AOH5+Fn/AM1dAB/w2r+xt/0dr+zL/wCH5+Fn/wA1dAB/w2r+xt/0dr+zL/4fn4Wf/NXQAf8ADav7G3/R2v7Mv/h+fhZ/81dAB/w2r+xt/wBHa/sy/wDh+fhZ/wDNXQAf8Nq/sbf9Ha/sy/8Ah+fhZ/8ANXQAf8Nq/sbf9Ha/sy/+H5+Fn/zV0AH/AA2r+xt/0dr+zL/4fn4Wf/NXQAf8Nq/sbf8AR2v7Mv8A4fn4Wf8AzV0AH/Dav7G3/R2v7Mv/AIfn4Wf/ADV0AH/Dav7G3/R2v7Mv/h+fhZ/81dAB/wANq/sbf9Ha/sy/+H5+Fn/zV0AH/Dav7G3/AEdr+zL/AOH5+Fn/AM1dAB/w2r+xt/0dr+zL/wCH5+Fn/wA1dAB/w2r+xt/0dr+zL/4fn4Wf/NXQAf8ADav7G3/R2v7Mv/h+fhZ/81dAB/w2r+xt/wBHa/sy/wDh+fhZ/wDNXQAf8Nq/sbf9Ha/sy/8Ah+fhZ/8ANXQAf8Nq/sbf9Ha/sy/+H5+Fn/zV0AH/AA2r+xt/0dr+zL/4fn4Wf/NXQAf8Nq/sbf8AR2v7Mv8A4fn4Wf8AzV0AH/Dav7G3/R2v7Mv/AIfn4Wf/ADV0AH/Dav7G3/R2v7Mv/h+fhZ/81dAB/wANq/sbf9Ha/sy/+H5+Fn/zV0AH/Dav7G3/AEdr+zL/AOH5+Fn/AM1dAB/w2r+xt/0dr+zL/wCH5+Fn/wA1dAB/w2r+xt/0dr+zL/4fn4Wf/NXQAf8ADav7G3/R2v7Mv/h+fhZ/81dAH+dp/wAHCH/BP/8AaJ/bh/4Kj/Gr9oz9lzUP2Zfif8GvFvg/4M6X4f8AGP8Aw3P+w/4K/tC/8KfCvwt4b1+D/hHviJ+0T4S8VWn2DWtOvbLzb3Q7aG68n7RZSXNpLFcOAfhh4s/4I3ft7eCPCvibxn4i8J/s5w+H/CPh/WfE+uzaZ+3z+wD4i1KLR9A0651XU5NP8P8Ahz9p7VvEOuX0dlaTtaaPoWlalrOpziOy0vT72+mgt3AP67P+DMz48/A34RfsrftjaZ8V/jP8J/hhqWrftA+D7/StP+IfxF8IeC77U7GL4c2tvLe6faeJNZ0y4vbSKcGCS4to5IUmBjZw4KqAf2Xf8Nq/sbf9Ha/sy/8Ah+fhZ/8ANXQAf8Nq/sbf9Ha/sy/+H5+Fn/zV0AH/AA2r+xt/0dr+zL/4fn4Wf/NXQAf8Nq/sbf8AR2v7Mv8A4fn4Wf8AzV0AH/Dav7G3/R2v7Mv/AIfn4Wf/ADV0AH/Dav7G3/R2v7Mv/h+fhZ/81dAB/wANq/sbf9Ha/sy/+H5+Fn/zV0AH/Dav7G3/AEdr+zL/AOH5+Fn/AM1dAB/w2r+xt/0dr+zL/wCH5+Fn/wA1dAB/w2r+xt/0dr+zL/4fn4Wf/NXQAf8ADav7G3/R2v7Mv/h+fhZ/81dAB/w2r+xt/wBHa/sy/wDh+fhZ/wDNXQAf8Nq/sbf9Ha/sy/8Ah+fhZ/8ANXQAf8Nq/sbf9Ha/sy/+H5+Fn/zV0Afyi/8ABoVf2GpfEL/gsteade2l/Z3n7VHgG/s7uyuYbq2urC91v9oSWyvbaeCSSKe0u4syWtzEzwzxjfFI680Af2qUAf/R/Fz/AIO2E1Nf+C0nxia/GLWT4QfAB9F+9zpg+HGmRykZ4/5DCasPlyvHPzbgoB/W3/wZs/8AKJHxR/2eF8ZP/UF+DtAH8d//AAdX/wDKcD9qv/sVf2cf/Wc/hdQB/aF/waAQX8P/AAR20KS8Ytb3X7SHxxn0oEEbLBZvDFtIoJJDA6pb6k+RgZcrglSaAP6jqACgDx79oH48/C79l74J/E/9oX41eJrbwh8LPhD4O1jxv401+52u1tpOj25l+yafal0k1PXNXu2ttG8PaLalr7XNdv8ATtH0+Ka+vreFwD/OY/4Jc/8ABMv4vf8ABwF/wUd+Mn/BUr9rXwffeEf2MdW+O+qfEG80bWobmRfjZdaBqUFn4L/Z+8H3NwIm1X4f+BPDOjeHvCHxL8ZwsYG0zR38HaLJ/wAJHqmo6h4RAP8AS+jto7OySz02G1sorW1W2sLeOBY7K0jgiEVrClrAYVS1gVY0WCExKsSCOMoApUA/ztP2jP8AgzD/AG0vG/iv4ifFLwn+3R8A/ir8Q/HninxT491x/iH4B+IXwrTxD4o8Vaxe+INZuZ7/AEOf4uGym1LU7+7m3SQXSJLKBLMELzIAfzOft4/8Ebf+Cin/AATetY/EP7Un7PWuaB8NrrUl0rTvjH4M1TR/iL8KLu8nlWCxt77xd4SvNRj8JXuqysY9H0jx5Z+FNb1Zo5jp+mXCwyMgB/XV/wAGbv8AwU2+KnxJuPiv/wAE2PjD4o1fxloPwx+Gf/C5/wBm3U9bn+2XngzwdoninRfC3xE+F66ncO97d6DFqHjfwn4i8DaS5dPDtrB4xsraVNJOkadp4B+y/wDwdbxiX/gij+0WpJGPHPwGkyMg5h+L/hOUDjHDFAp7EHByCRQB/PN/wT7/AODRv4D/ALZv7FP7NH7VPiH9sX4ueCNb+PHwo8N/EXU/CWi/DfwbqmleH7vXYXll02w1C+1iG8vLe3KYjnuIo5XzlkXpQB9h/wDEED+zd/0fd8b/APw1HgL/AOXtAB/xBA/s3f8AR93xv/8ADUeAv/l7QAf8QQP7N3/R93xv/wDDUeAv/l7QAf8AEED+zd/0fd8b/wDw1HgL/wCXtAB/xBA/s3f9H3fG/wD8NR4C/wDl7QAf8QQP7N3/AEfd8b//AA1HgL/5e0AH/EED+zd/0fd8b/8Aw1HgL/5e0AH/ABBA/s3f9H3fG/8A8NR4C/8Al7QAf8QQP7N3/R93xv8A/DUeAv8A5e0AH/EED+zd/wBH3fG//wANR4C/+XtAB/xBA/s3f9H3fG//AMNR4C/+XtAB/wAQQP7N3/R93xv/APDUeAv/AJe0AH/EED+zd/0fd8b/APw1HgL/AOXtAB/xBA/s3f8AR93xv/8ADUeAv/l7QAf8QQP7N3/R93xv/wDDUeAv/l7QAf8AEED+zd/0fd8b/wDw1HgL/wCXtAB/xBA/s3f9H3fG/wD8NR4C/wDl7QAf8QQP7N3/AEfd8b//AA1HgL/5e0AH/EED+zd/0fd8b/8Aw1HgL/5e0AH/ABBA/s3f9H3fG/8A8NR4C/8Al7QAf8QQP7N3/R93xv8A/DUeAv8A5e0AH/EED+zd/wBH3fG//wANR4C/+XtAB/xBA/s3f9H3fG//AMNR4C/+XtAB/wAQQP7N3/R93xv/APDUeAv/AJe0AH/EED+zd/0fd8b/APw1HgL/AOXtAB/xBA/s3f8AR93xv/8ADUeAv/l7QAf8QQP7N3/R93xv/wDDUeAv/l7QAf8AEED+zd/0fd8b/wDw1HgL/wCXtAB/xBA/s3f9H3fG/wD8NR4C/wDl7QAf8QQP7N3/AEfd8b//AA1HgL/5e0AH/EED+zd/0fd8b/8Aw1HgL/5e0AH/ABBA/s3f9H3fG/8A8NR4C/8Al7QAf8QQP7N3/R93xv8A/DUeAv8A5e0AH/EED+zd/wBH3fG//wANR4C/+XtAGbrH/BkJ8A4tI1WTQ/26PjJc63Hpt8+j21/8LPAsVjcaoltK2nwXssWuiWO0luxDHcyRnekLOyYYCgD+LP8A4J0fsj/CT9p79vP4Z/seftW/FTxJ+y9onj7xT4p+Gmo+NZNE0t9T8H/FTTtP1aHwz4R8RaZ4nutMt9Mm1/xpptv4FlF3JHPY6/qtjDOkafaHgAP6Gv8AgsX/AMGwXwU/4JjfsIfEb9rzwh+1d8Tfih4h8FeKfhr4dsPBfinwH4S8P6Tqg8deN9H8LXcsmo6XqtzfLPp1nqNxqEEUMDiVrXEm2Le6gH4qf8ETf+CXn/D2f9stv2b9Y8ZeKvhr4C0D4X+M/ib47+IfhTw5aeI7zw7Y6E+laPoNq1vqVxaaXC2u+Kdf0fTkN1cCR4Gu2tYpHhdogD+u/wD4ggf2bv8Ao+743/8AhqPAX/y9oAP+IIH9m7/o+743/wDhqPAX/wAvaAD/AIggf2bv+j7vjf8A+Go8Bf8Ay9oAP+IIH9m7/o+743/+Go8Bf/L2gA/4ggf2bv8Ao+743/8AhqPAX/y9oAP+IIH9m7/o+743/wDhqPAX/wAvaAD/AIggf2bv+j7vjf8A+Go8Bf8Ay9oAP+IIH9m7/o+743/+Go8Bf/L2gA/4ggf2bv8Ao+743/8AhqPAX/y9oAP+IIH9m7/o+743/wDhqPAX/wAvaAD/AIggf2bv+j7vjf8A+Go8Bf8Ay9oAP+IIH9m7/o+743/+Go8Bf/L2gA/4ggf2bv8Ao+743/8AhqPAX/y9oAP+IIH9m7/o+743/wDhqPAX/wAvaAD/AIggf2bv+j7vjf8A+Go8Bf8Ay9oAP+IIH9m7/o+743/+Go8Bf/L2gA/4ggf2bv8Ao+743/8AhqPAX/y9oAP+IIH9m7/o+743/wDhqPAX/wAvaAD/AIggf2bv+j7vjf8A+Go8Bf8Ay9oAP+IIH9m7/o+743/+Go8Bf/L2gA/4ggf2bv8Ao+743/8AhqPAX/y9oAP+IIH9m7/o+743/wDhqPAX/wAvaAD/AIggf2bv+j7vjf8A+Go8Bf8Ay9oAP+IIH9m7/o+743/+Go8Bf/L2gA/4ggf2bv8Ao+743/8AhqPAX/y9oAP+IIH9m7/o+743/wDhqPAX/wAvaAD/AIggf2bv+j7vjf8A+Go8Bf8Ay9oAP+IIH9m7/o+743/+Go8Bf/L2gA/4ggf2bv8Ao+743/8AhqPAX/y9oAP+IIH9m7/o+743/wDhqPAX/wAvaAD/AIggf2bv+j7vjf8A+Go8Bf8Ay9oAP+IIH9m7/o+743/+Go8Bf/L2gA/4ggf2bv8Ao+743/8AhqPAX/y9oAP+IIH9m7/o+743/wDhqPAX/wAvaAD/AIggf2bv+j7vjf8A+Go8Bf8Ay9oAP+IIH9m7/o+743/+Go8Bf/L2gDxr9oz/AIM0f2e/gh+z38d/jRpv7bPxl13UfhD8Gvif8ULDQ774YeCLSy1m98AeCNc8V2ulXl1b6289ta6jPpKWdxcQo80MUzyRqzqooA/Hz/ggp/wQC+Fv/BYT4NfHf4oeP/2h/H/wYvfhD8TtC8BWGleD/B3hzxNa6za6v4Vh8QyaheXGtajZy21xDLKbZIYUeNoxvLBiRQB+9H/EED+zd/0fd8b/APw1HgL/AOXtAB/xBA/s3f8AR93xv/8ADUeAv/l7QAf8QQP7N3/R93xv/wDDUeAv/l7QAf8AEED+zd/0fd8b/wDw1HgL/wCXtAB/xBA/s3f9H3fG/wD8NR4C/wDl7QAf8QQP7N3/AEfd8b//AA1HgL/5e0AH/EED+zd/0fd8b/8Aw1HgL/5e0AH/ABBA/s3f9H3fG/8A8NR4C/8Al7QAf8QQP7N3/R93xv8A/DUeAv8A5e0AH/EED+zd/wBH3fG//wANR4C/+XtAB/xBA/s3f9H3fG//AMNR4C/+XtAB/wAQQP7N3/R93xv/APDUeAv/AJe0AH/EED+zd/0fd8b/APw1HgL/AOXtAB/xBA/s3f8AR93xv/8ADUeAv/l7QA//AIMy/h/a/DTVv+Ctfgyz1G41S38GfHL4JfD+3vrmGOCa+tfBFz+0PpVtqM0URZIri/jfzp4UZo4nG2MkEmgD+4qgD//S+dP+D1z9lTXvDH7UH7MP7Zel6XO3gn4sfCOf4F+KNTgRntLD4i/CzxDr/irRhqUhXFteeKfBfjnyNIi3lbu38AaxIkaPaTvKAftZ/wAGZGrW+o/8EnviNZQyK02g/trfFzTLpB96OW4+FPwG1qMMOuGt9WhZWxg8gZKtQB/Hh/wdOarb6n/wXH/bEit5Y5RpGl/s5aVK0ZDKtxH+zD8HryaIsODJC96YpACSkiNG210dFAP9HL/ghB+yzrf7HX/BJr9jH4M+LdNbSfHM3w0n+KXjvT54Ht9R07xT8bPEmt/Fq70PWYpArJrHhSy8Y6f4P1CMjEM3h/yFaRIlkYAwf2g/+C/v/BJz9l79o27/AGV/jJ+1bougfFnRNah8NeM4tK8F/ELxZ4P+HniOeeO2/sLx3488LeGNX8KeH9Usrl/I8QW0uqSHwhLHOPGDaB9nn8oA/Xi28SeHbzw7B4vtNe0a68JXWixeJLbxRb6pZTeHrjw7PYrqkOvQ61HO2nS6NLprLqEeqJctZPYst2s5gIegD+In9rb9vb9iz/gtx+1pdfAL40/t2/Ar9mT/AIJH/sm+PrC98aaV4p+Nnhb4b/FD/goT8ZdCYzwJ4cs9R1rT9b0P9nDwkXaHTfFxihfxJcTz614ae68R3Wi6x8IwD+g7QP8Agr//AMETP2e/hn4d8EeBP26P2MfBnwz+HPhqy0Dwn4H+GPxE8K6xp/h3w3odqttYaP4e8I+Azq98Yra3iWO3sNO06a6nfJSGaaQswBzH/BLv/gqbZ/8ABQnw5+3h+1pPqnhr4f8A7C/wZ+OE3wt+AXjHxpaR+Br6TwP8Kfhb4d8XfF34vfEfXfEN/bW+m6B4g1HxZaa7pK6pb6JH4P8ADFkNP1tF1m01t4gD7p/Zj/4KA/sTftnXOu2H7LH7UXwW+OWseGI5LjxD4c8BeONI1TxXo9gl19iGr6h4TeeDxJbaFPd4t7PXpNLGjX0hVbO/n3KKAPov4j/DjwF8X/AXi74XfFHwjoHj34d+PtA1Lwt4z8GeKdNt9X8P+JPD+r2z2uo6Vqun3SPDcW1zBIRyA8ThJoXSaKN0AP8AP1/4NnP2IZvhT/wXb/4KR3Hw3bU9T/Z9/YouP2kf2edG8YTTXV3HqWoat8eo/Bvw00C/1LyLe11LVLnwT8PPFus6lIpdDeaFHdQxyw3VtdKAf0Gf8HWX/KFT9oz/ALHX4Gf+rZ8L0Afaf/BCv/lD7/wTu/7Nh+Hv/pJLQB+sFABQAUAFABQAUAFABQAUAFABQAUAFABQAUAFABQAUAFABQAUAFABQAUAFABQAUAFABQAUAFABQAUAFABQB/FL/wXB/4NWNf/AGz/AI8eN/2xv2EfH/w/8BfFP4oXzeI/jH8EvifJqXh/wV4v8aPAF1bx74C8ZeH9F11vD/iXxZLDFfeJfDniLRTo2teJrvVPE58X6JLqFzYSgH8u/wDwUO/4JF/8FuP2Y/2W9W+MP7dfjDxT4j/Zw+Des+EdK0zS/E/7V5+MWj6PqXivXbXwj4ebwd4Ebxf4gGmAX2vGF5o9L0k2dnPetnY7JKAf2q/8GlP7Hfwc+B3/AASz8AftNeFNMurn4xfti6p4z8S/FjxTqb280yaZ8Kviv8TPhj4D8GeH1htoX0/wxo2maHe69Jbzy3l5feJ/E+vX1xeGx/sjTdKAP6jaACgAoAKACgAoAKACgAoAKACgAoAKACgAoAKACgAoAKACgAoAKACgAoAKACgAoAKACgAoAKACgAoAKACgAoA+Sf2/f+TEf21v+zSf2j//AFTvjKgD+UX/AIMif+TSP21/+zjPBf8A6rO1oA/twoAKACgAoAKACgAoAKACgAoAKACgAoAKAP4tv+DRf/kpX/BaD/s7PwV/6f8A9oSgD+0mgD//0/7Jv+Cgn7CfwV/4KP8A7K3xI/ZS+Otpcr4W8cW1tfaB4q0mG1fxP8OPHmiPJdeEviD4Tmu4pIoda0C9Z0mgbbba3oV7rXhnUy+j63qMEoB/Lf8A8EiPgd/wUg/4N9/E37TX7Nnxp/Ym+N/7av7L/wAUvFWmfEr4S/Gb9iGz8GfETUF8c2Wlv4Yuhr/w98Y+OfAniPw3Z+MfDum+FrbW/wC2Et/+EQ1rw6n2S68WeH9TOvWQB5/+xP8A8ECP2nf25/8Agpj8Tf8Agq1/wVb+Gmm/BTwN4m+NFz8Zvh3+yNqPiHQ/GnjXxPNpF5ZD4VeHfinJok2p6FpHw98C+HdI8N6dq2g6jdJ4n8dXehPpeveF/DXh68uYtQAP7oqAP8lv9uv/AINzf+Cs+mft4fGTwr8O/wBm3x18e/B/xU+M3jXxf8Pfjt4avtAm8DeJPDfjvxhqWt6drfj3xPqWsWdj8PtftYtT8vxhYeM59JNpqltqFzps+saLLpur6gAf0zf8FOP2MP8AguTbf8E4v2Of+CT37CXwaPxS+Fvg/wDZW+GPgj9rX9orw98dvgf8PtS8feINA06fw5qf7P3hXS/ip8Tfh94v034Z6bBo9rf67rUWmSL478Lat4b8HPdWGmaf430PXwD+UP8A4hcv+C6//RjP/mzP7Hf/ANEFQAf8QuX/AAXX/wCjGf8AzZn9jv8A+iCoA/uf/Yj/AOCNXxD0j/g3m1L/AIJg/GmYfAr49/GvwR8VdR+JupWeo6H4xg8G/E7xd8UNT8ZeDv7VvfAviLUND8TaXpOh6L8P9A8TwaD4mvLbVtIstSsoL4ifykAP4iNV/wCDez/gvT+xr8bNL8UfBv8AZ++Itx408C67He+Afjn+zH8WfCk8RuYy8cOt+HNZ07xb4b8c+HredDLDPD4o8P8Ahm8a2klg1CwFpcYuAD+vT9j7/iLD/aF+F9h8HP2jbz9lL9jfw1eabDo+vftY+NvCfh/xx+1p/YTxxWF7qfgn4b/Cz4l6z8ID47MPnS293438FeAYYZDJqUM6Xq2TzgH9BP7A/wCwR8Av+Cc/wA0n4AfALS9VfT21W+8XfEH4g+Lr2PWviT8YPiTraW48SfEn4k+I1t7Ztb8Ua21tbxZjgttP0vTbWx0fSbOz06xt4KAPyh/4Osv+UKn7Rn/Y6/Az/wBWz4XoA+0/+CFf/KH3/gnd/wBmw/D3/wBJJaAP1goAKACgAoAKACgAoAKACgAoAKACgAoAKACgAoAKACgAoAKACgAoAKACgAoAKACgAoAKACgAoAKACgAoAKACgD+bz/g7E/5Qm/tDf9lF/Z5/9XT4OoA9f/4NkP8AlBt+wl/2Bfjr/wCtQ/G6gD95KACgAoAKACgAoAKACgAoAKACgAoAKACgAoAKACgAoAKACgAoAKACgAoAKACgAoAKACgAoAKACgAoAKACgAoA+Sf2/f8AkxH9tb/s0n9o/wD9U74yoA/lF/4Mif8Ak0j9tf8A7OM8F/8Aqs7WgD+zv4keNovhr8PvG/xCn8MeNfGsHgfwrr3iubwh8N/DN74z+IPieLQdNudTfQfBHhDTf+Jh4n8VaqtsbLQdBsf9L1bUp7axt/3syUAfzofEL/g6+/4Jf/CPxfrHw++K3hL9s74Y+PfDs6W3iDwR8Qv2Z9X8F+L9CuZIkmjt9Y8NeJPEmm6zpk7wyRzJFfWUEjRSJIFKMrUAW/h1/wAHWH/BM34wa1P4a+Evgb9tn4o+I7Wwm1W50D4dfsv65421q30u3kiiuNSn0rw14i1O+hsIJZ4IprySBbeKSaJHkDSIKAOp8Nf8HUX/AAR7v/Fsngn4g/Fb4yfAnxDb3UNjeWnxl/Z3+K2htpl7Pt8u21eLwzoHi660YjejS3Gq21nZ28Tiee5igDyoAfuj8Df2gfgf+018PNK+LP7PXxZ+H/xn+G2tM8On+M/hx4o0nxXoTXkMcUl1pd1d6TdXI07WrATwrqeiaitpq+lzOINQsrafMdAB8d/j/wDBT9mD4X+JvjT+0J8T/B3wg+Fng+2W58QeNvHGs22jaPaNKSlpYW7TN9o1TWtTnxZ6LoGkwX2t63qEkOnaRp97fTw27AH8xfir/g8w/wCCUegeOP8AhGNF8Bftg+OPDMd3c2s/xH8O/Cr4fWHhyWOObyrXUdO0bxf8YfC/ja4065VWuJP7Q8MaTqltbtF/xK5rlpLWIA/oI/Yi/wCCgX7JX/BRL4Ur8YP2S/i9oPxN8OWb2Np4r0SPztI8dfDzWb+GaaDQPiF4J1SO28QeFdTlFreCwkvrT+ytdisrq/8ADep61paLfuAfZdABQAUAFABQAUAfxbf8Gi//ACUr/gtB/wBnZ+Cv/T/+0JQB/aTQB//U/v4oAKACgAoAKACgAoAKACgAoAKACgD+cz/g6y/5QqftGf8AY6/Az/1bPhegD7T/AOCFf/KH3/gnd/2bD8Pf/SSWgD9YKACgAoAKACgAoAKACgAoAKACgAoAKACgAoAKACgAoAKACgAoAKACgAoAKACgAoAKACgAoAKACgAoAKACgAoA/m8/4OxP+UJv7Q3/AGUX9nn/ANXT4OoA9f8A+DZD/lBt+wl/2Bfjr/61D8bqAP3koA/Az9rH/g4z/Yb/AGIviXrnwt/aa+E/7bvwr1vS/Enifw7o2teKv2XfEugeD/iDH4V1abSbzxN8MvE3iDWNH0/x34OvniivtH8R6Cbmwv8ATbyyu1ZFuUSgD5u0T/g7r/4JK+JdY0zw94cg/au8Qa/rd/a6Xo2h6J8AZdV1jV9Tvpkt7LTtM0yx8Wz3t/f3lxIkFraWkMtxcTOkUUbOyrQB6h4k/wCDpD/gmF8OvENj4a+NmmftffADUb/5oU+M37KXxJ8JS/ZwsbNeDTIYdU1y4to1liLtZ6XdSASxkRsHQ0Afq9+x9/wUa/Yf/b50e+1j9kT9pT4b/GmTSLSLUNc8NaJqF5onxA8O6fM8UUOoeI/hr4tsfD/xB8P6dNPOlrDqOseGbKxmu91rDcPcJIigH2tQB8d/te/8FAv2Mv2DPCP/AAmf7Wv7RHw5+DNhPaTXmj6Hr+rm/wDHnimGAusv/CG/DjQIdW8e+MGjkQxS/wDCN+HNUW2fm5eBNz0AeQ/8EzP+CoPwA/4KsfCv4qfGn9m7QPiRo3w9+GPxp1n4K/b/AImaLo3h7VPFWqaL4O8FeMZfEujaRpHiHxDNZ+Hr6z8bWUGnprcum64zWs73+j6e7LDQB+kVABQAUAFABQAUAFABQAUAFABQAUAFABQAUAFABQAUAFABQAUAFABQAUAFABQAUAFAHyT+37/yYj+2t/2aT+0f/wCqd8ZUAfyi/wDBkT/yaR+2v/2cZ4L/APVZ2tAH9uFAH+aH/wAHsnhnRdP/AG9f2VvFVnYW1trXiT9k5dO1q9hghin1GHw58WvH50l7yWNFkuZrWPWru3jknaR0tlhgQrFEiKAfSH/BjhY2Unj/AP4KP6lJaWr6jaeD/wBl6xtb94Imvbay1DWvjrPf2lvdFDPDa3s+mabNdwRusVzLp9lJMjvawMgB9Rf8Hrv7Knw4vf2av2Y/20NM8M6VYfFrwx8dLf8AZ88TeJ9O0y0ttX8UfD7x74A8d+ONFtfE+pxRpd6ra+C/EPw1ki8LxXjzrpTeN/EC2nkpqNwrgH893/Bqh+2N8Tv2d/8Agqz8Ivgno/iPVB8Hv2s4PFPwv+J3go3kzaHfazp3grxL4r+HPi6LTHL2aeJfD/ivQrLSrfV0ijvovDXiLxNpkdx5GoyxOAf1Zftk/sB/GH/g4b/bR+LHhf4i/G3xv8B/+CXn7CfxCvvgr4I0rwRo9qPF/wC0d+05oWjpb/G7x3oL+Ira58PwaL8Ndb1Sf4XaZ451fSfF2mRnRNe0rwVpEV74i8ealYAH4p/8Fn/+DUPwf+xJ+yv45/a5/Yo+MfxY+J3hn4L2P/CTfF/4VfGhfCet+ME+Hyz2VtrHjbwX4r8BeEPBGmXCeCEmn17xToWs+GYQfCMGq61aa+t3oA0nXAD8rP8Ag2G/ao8ffs3/APBXn9m7wroPibU9N+Hf7Seqax8Cvix4Vgcy6V4usfEnhnX5/AD31myyRJf+GfiXb+FtZ07V4Ui1CxtF1jTI7qLS9d1m3uwD/XooAKACgAoAKACgD+Lb/g0X/wCSlf8ABaD/ALOz8Ff+n/8AaEoA/tJoA//V/v4oAKACgAoAKACgAoAKACgAoAKACgD+cz/g6y/5QqftGf8AY6/Az/1bPhegD7T/AOCFf/KH3/gnd/2bD8Pf/SSWgD9YKACgAoAKACgAoAKACgAoAKACgAoAKACgAoAKACgAoAKACgAoAKACgAoAKACgAoAKACgAoAKACgAoAKACgAoA/m8/4OxP+UJv7Q3/AGUX9nn/ANXT4OoA9f8A+DZD/lBt+wl/2Bfjr/61D8bqAP3koA/lB/4PIfDOi6z/AMElfD+uX9hbT6r4R/ax+EOo6DfyQQvd6fNqnhX4maDqCW1yyGaCK80/UpkuY4nRJzFbmUP5EewA/iT/AODaqxstQ/4Le/sGQX9pa3sEfjD4r30cN3BFcxJe6Z+z18XNS027SOZHRbrT9RtLW/sp1Altby2t7qB0nhjdAD/Se/4L4/sqfDj9q7/glD+2dovjjwzpWseIfhD8DPiP+0H8LNduNMtLvXvCXxB+CfhTU/iLp114Y1CaM3Wj3XiWx8O3/gnWZbKaFr/w34k1fTLnzba6kjYA/wAhj9lP9p34ufsa/tCfCr9pb4HeJtQ8LfEf4T+LdK8T6RdWV3Pa22sWlpcxtrHhTX4oWCan4W8WaV9r8P8AibR7pJ7PVNF1C8s7mCWOUrQB/tRfHn4X/Ff9r74R/DKP4M/tX/E79kbwj410zT/FfjnxH8HfCXw+1b4v+KPBvijw7aX2l+G/B/j34haP4q0n4WX8D3ourvxVpHgvW/EDlYodKu9FMctxOAf5cP8Awcpf8E//AA1/wT1/4KGaV4E8J/GL44fHLS/jP8BfBnx4u/HH7RXjiP4kfFhvEGt+NPiP4A13TvEPjkaVo1x4kQ3fw5XWrG+vbBLuG21tdNlmujYC5lAP61P+DKH/AJRs/tJ/9nw+MP8A1Qv7P1AH9jdABQAUAFABQAUAFABQAUAFABQAUAFABQAUAFABQAUAFABQAUAFABQAUAFABQAUAFAHyT+37/yYj+2t/wBmk/tH/wDqnfGVAH8ov/BkT/yaR+2v/wBnGeC//VZ2tAH9uFAH+bF/we4f8npfsc/9mva5/wCrX8T0Aekf8GUHxH+Hvw48Tf8ABSDUfiH488GeA9PufDH7LZt77xn4o0PwvZ3AtNT+Pz3ZhutcvrGGUWqTQtcGN28lZYjJtDpuAOs/4O/v+Cp/7MH7QPwo+A37DX7N3xd8C/G/WvDvxgHx4+MPij4YeJNL8ZeDvB83hbwZ4t8CeC/Bkni/QLnUPD2qeItWk+IHinVdb0bTNSurvw0vh7S01uKyudUtLegDwf8A4NNf+CQfx28XftU+DP8AgpP8Z/AfiH4efAP4L6H4mvvgZceLdMv9EvfjX8RfGvhfVfB1nr/hPTL+1gn1X4deDvD3iDXNWn8YxvFpWo+Lv+Eb0zw/LrYsfFP9igH+lDQB+WX/AAW3+N/gn4Af8Emv2/PG3jueyTT9e/Zj+Kvwk0OxvmhKa141+N3hbUPhH4J0hLaZgb5bnxN4z02W+tYVeUaVBqFyVWG2mliAP4KP+DR7/gnN42/aO/by0/8AbW8RaJd2nwE/Y3Oq6hba7dRzQWHjD47eJ/DOo6L4N8H6RKUjXUJfB+la3d/EPxHJZ3Df2JPZeC7PVImt/FlokoB/qSUAFABQAUAFABQB/Ft/waL/APJSv+C0H/Z2fgr/ANP/AO0JQB/aTQB//9b+/igAoAKACgAoAKACgAoAKACgAoAKAP5zP+DrL/lCp+0Z/wBjr8DP/Vs+F6APtP8A4IV/8off+Cd3/ZsPw9/9JJaAP1goAKACgAoAKACgAoAKACgAoAKACgAoAKACgAoAKACgAoAKACgAoAKACgAoAKACgAoAKACgAoAKACgAoAKACgD+bz/g7E/5Qm/tDf8AZRf2ef8A1dPg6gD1/wD4NkP+UG37CX/YF+Ov/rUPxuoA/eSgD+WD/g8M/wCUP83/AGdD8Ev/AEg8d0Afw1f8G3GuaL4b/wCC1/7DWt+ItY0vQNFsPEfxikv9X1rULTStLso5P2c/jDBG93qF9Nb2lskk8sUKNNMgaWSONcu6KwB/fX/wX+/4K8/scfs+f8E6v2pPhD4U/aB+E3xJ/aG/aE+EXjf4BeBPhR8OfHnhrxx4ush8WdBvvA/ibxf4m0/wxqOqS+DtB8K+E9Z1/W7fV/Ea6bbaprGn2Oh6VJd6leJCgB/nb/8ABIv/AIJLftDf8FUf2kfBfgPwN4M8S6b8ANE8V6TN+0D8dptMvrTwR8PvBNncW1/4g0m08SSWkmmah8Std0bzbDwT4OtJJ9TvdTvbXU9Rh0/wvY63rmmgH+0FpemWGiaZp2jaVbR2Wl6RYWemabZw5ENpYWFvHa2dtEGLMI4LeKOJNzMdqDJJ5oA/zJv+D1v/AJSafs6f9mJ+Av8A1oD9pCgD9zv+DKH/AJRsftJ/9nxeMf8A1Qv7PtAH9jVABQAUAFABQAUAFABQAUAFABQAUAFABQAUAFABQAUAFABQAUAFABQAUAFABQAUAFAHyT+37/yYj+2t/wBmk/tH/wDqnfGVAH8ov/BkT/yaR+2v/wBnGeC//VZ2tAH9uFAH+bF/we4f8npfsc/9mva5/wCrX8T0Aeef8Gjv7Av7HX7dHir9uy1/a3+APgj4623wy0D9nW68BweNE1Z4/DVx4s1H40xeI5bBdM1TTQW1aPw7oqXP2gTjGnweWI/3m8A/vM+Dn/BI3/gmH8Adah8S/Cb9g/8AZf8AC/ia1MbWPiab4S+FfEniPTHibckuka94ssNc1bSJiSDJNpl5ZyzbUEzPsRVAP0RjjjijSKJEiiiRY4441VI440UKiIigKiIoCqqgKqgAAAAUAOZgoLMQqqCzMxACgDJJJ4AA5JPAHJoA/iX/AG79N+MP/BzH+2hpv7GX7MHinUfBn/BKr9iv4hm7/aU/ar0uJLvw58ZfjpZWs1hfeHPhBLOkmmeOdV8H6DqOp+HfBV1D9o8M6a3iDxH8SvEMmr6BqPwxsvEIB/WR8Efgl+zR/wAE9f2XdG+F/wAMdH8L/BL9nL9n3wJq2rX15qF5BY6Xofh3w9YXWv8AjLx9448R3pjfUNUu0t9T8UeM/FmszPdX95JfanfTncdgB9A+E/FXh3x14V8M+N/CGrWmv+E/GXh/RvFXhfXbBmex1rw74h0621fRNWsndUd7TUtNvLa8tmZEZoZkLKpOKAOgoAKACgAoAKAP4tv+DRf/AJKV/wAFoP8As7PwV/6f/wBoSgD+0mgD/9f+/igAoAKACgAoAKACgAoAKACgAoAKAP5zP+DrL/lCp+0Z/wBjr8DP/Vs+F6APtP8A4IV/8off+Cd3/ZsPw9/9JJaAP1goAKACgAoAKACgAoAKACgAoAKACgAoAKACgAoAKACgAoAKACgAoAKACgAoAKACgAoAKACgAoAKACgAoAKACgD+bz/g7E/5Qm/tDf8AZRf2ef8A1dPg6gD1/wD4NkP+UG37CX/YF+Ov/rUPxuoA/eSgD+WD/g8M/wCUP83/AGdD8Ev/AEg8d0AfwRf8EFfgN8IP2nP+Ctf7HvwM+PfgPRfid8JPHuv/ABRtvGHgXxD9s/sbX4NF+BXxQ8TaXFe/YLqyuytlr2i6XqUQiuos3FlEH3x70YA/1JfBf/BDf/gkN4B1ez13w9/wTy/Zhl1HT5luLRvE/wAO7Dx1Zxzp/q5W0vxw/iLS5nibEkRns5fKlVJo9syo6AH6a+FPCHhPwJoOn+FfA/hfw74N8MaTF5GleHPCmiab4d0HTIM58nT9H0i1s9Ps4s8+Xb28SZ5xzQB0VAH+Yv8A8Hrf/KTT9nT/ALMT8Bf+tAftIUAfud/wZQ/8o2P2k/8As+Lxj/6oX9n2gD+xqgAoAKACgAoAKACgAoAKACgAoAKACgAoAKACgAoAKACgAoAKACgAoAKACgAoAKACgD5J/b9/5MR/bW/7NJ/aP/8AVO+MqAP5Rf8AgyJ/5NI/bX/7OM8F/wDqs7WgD+3CgD/Mq/4PU/iL4R8Tf8FBv2c/AWha3puq+Ivhv+yzZDxpY2F5DdzeHdQ8XfEvxvquk6PrEcLOdP1WbRLWz1z7BclLr+ydY0m/MS22oWsk4B71/wAGQPxG8I6N8dv29fhbqWt6dZ+NPHvww+B/i/wrodzeQQajrWjfDfxL8SNO8WXGm2khEt8NIl+Inhp737Pua2ivY5ZF8os6AH+i3QAUAfwff8HP3/BwRH4MsvHf/BND9iTxtu8aahDf+E/2tfjX4Wv/AJfB+nXEclprXwD8DaxZy8+LNRieWw+LGuWUu3wvp73PgG1mfxLe+KE8JgH4Vfs7f8HU/wDwUC/ZQ+DPgL9n/wDZ/wDgV+wt8NfhP8NtEg0Pwr4V0L4LfEqKCCFCZbzUtSu3+OL3uteIdbvpLjV/EXiLVZ7vWdf1q8vdW1a9u7+6uLhwDH+L3/Ben/gqt/wV71T4a/sBeNPHnw9+H/w//aj+Lfwv+DfiPwz8Dfh7/wAIheeMU8e+PNA8O6doeteINY1vxX4nbQX1LULSXUdH03V9Osdagi+wa5HqOmTXFpKAf6y3h7QNI8K6BofhfQLKLTdB8N6PpmgaJp0AxBYaRo9lDp+m2UIOSIrWzt4YIwTwiAc0AbFABQAUAFABQB/Ft/waL/8AJSv+C0H/AGdn4K/9P/7QlAH9pNAH/9D+/igAoAKACgAoAKACgAoAKACgAoAKAP5zP+DrL/lCp+0Z/wBjr8DP/Vs+F6APtP8A4IV/8off+Cd3/ZsPw9/9JJaAP1goAKACgAoAKACgAoAKACgAoAKACgAoAKACgAoAKACgAoAKACgAoAKACgAoAKACgAoAKACgAoAKACgAoAKACgD+bz/g7E/5Qm/tDf8AZRf2ef8A1dPg6gD1/wD4NkP+UG37CX/YF+Ov/rUPxuoA/eSgD+Sj/g8q+IvhHw5/wSx8E/D/AFPW9Ng8YfEf9qb4anwt4de8hXWNT0/wl4W+IGs+JNYtdO3G6n0rRVbS7PU79I/stne67o1tPKk+o2cc4B/D7/wbx/Ebwj8K/wDgs7+wX4u8ca3p3h7w8/xP8T+EG1bVryDT7CHWfiR8KfH/AMOfC1vPeXJWCE6j4p8V6Np0HmsqvcXcUe5S4agD/ZZoAKACgD/LP/4PJfir4K+If/BVrwR4W8I67pmuaj8Gv2Rvhl8O/H8em3kV2/h/xve/En4y/ER/DuoiEsttqVt4T8c+EtTntWczQpq8SzJFIGRQD94P+DJX4g+Fb79h79rX4VW+r2D+NvC/7Vi/EHVtAF3EdUtvCvjz4RfDrw54e1eSxz562F7q3w58T2UN3tMT3Gnzw5V48MAf2oUAFABQAUAFABQAUAFABQAUAFABQAUAFABQAUAFABQAUAFABQAUAFABQAUAFABQAUAfJP7fv/JiP7a3/ZpP7R//AKp3xlQB/KL/AMGRP/JpH7a//Zxngv8A9Vna0Af2d/Ej4feFviz8PvG3wv8AHFrqd74M+IfhXXfBfiuz0XxL4m8G6vd+HvEum3OkaxbaZ4s8Gax4f8XeGr6awu547XXPDOu6PrumTMl3pep2V5FDcRAH4ian/wAGwv8AwQ61rULzVtY/YqvtW1XUbmW81DU9T/ak/bLv9Qv7udzJPdXl7dftDzXN1czSMXlnnleWR2LOzE5UAn0P/g2P/wCCInhjVrHX/DX7GWq+Htd0uYXOma1of7VX7Z+k6tp1wFZBPY6lYftEW95aTBHdBLbzI+1mXJBIoA/b/wAC+C/D/wAN/BHg74d+EoNRtfCvgLwr4e8F+GbbV9f1/wAVatb+H/C2kWeh6NBqfijxXqeteKfEmoxadY20d7r/AIl1nVtf1i5WXUNY1O/1G4ubqUA6eSNZY3ifdskRo22u8bbXUq22RCro2CcOjK6nlSCAaAPwLuf+DXv/AIIYXtzcXl5+xDPd3d3PLc3V1c/tPftjz3NzczyNLPcXE8v7QjSzTzSu0kssjM8kjM7sWYlgCD/iFy/4IUf9GM/+bM/tif8A0QVAHq3wM/4N3/8Agjr+zb8X/h18evgx+x3B4R+K/wAJ/FOmeNvh/wCKLj48ftOeK4/D/inRpfP0rV18PeNPjT4i8L6nPYXAW5totZ0XUbaO5SK4EAmhidQD9qKACgAoAKACgAoA/i2/4NF/+Slf8FoP+zs/BX/p/wD2hKAP7SaAP//R/v4oAKACgAoAKACgAoAKACgAoAKACgD+cz/g6y/5QqftGf8AY6/Az/1bPhegD7T/AOCFf/KH3/gnd/2bD8Pf/SSWgD9YKACgAoAKACgAoAKACgAoAKACgAoAKACgAoAKACgAoAKACgAoAKACgAoAKACgAoAKACgAoAKACgAoAKACgAoA/m8/4OxP+UJv7Q3/AGUX9nn/ANXT4OoA9f8A+DZD/lBt+wl/2Bfjr/61D8bqAP3koA/Fr43f8G8//BIb9pD4meLvjD8cv2WfEPxJ+I/jnxDrvijxH4k8Q/tRftgO8+reI9Xvdd1VdM0uz+PtponhzSG1PULqWw8OeG9M0jw7o0EiWOjaVp9hDb2sQB5N/wAQuX/BCj/oxn/zZn9sT/6IKgD9av2Vv2RvgL+xV8MZvg5+zl4Y8TeD/h1L4jvfFa6F4o+K3xb+L1xa6xqGl6No1yNN8QfGXx18QPEulaR9g0DTEtvDemaza+HLGeO7vrLS4L/U9TubsA+lKAPmX9qH9kD4EftkeEtD8DfH7RfHuveGPDusy6/pth4E+OPxz+B076lNYT6a51bVfgX8R/hvrHiCx+yXEyppGv6hqWkRzlLyOxS8iiuEAPyiuf8Ag17/AOCGF7c3F5efsQz3d3dzy3N1dXP7T37Y89zc3M7tLPcXE8v7QjSzTzSs0kssjM8jszuxYksAdN4L/wCDa/8A4IxfDbXI/E3w6/ZO8W+AfEkUEtrF4g8F/teftt+Ftcitp2jaa3j1bQ/2j7C/SCZoomliW4WORooy6kopoA/anwR4O0L4d+C/CHw/8LR6pF4Z8C+F9A8HeHYtc8ReIvF+tR6F4Y0q00XSI9X8WeL9V13xZ4o1RNPsrddQ8ReKNb1nxFrV2JdS1rVdQ1K5ubucA6igAoAKACgAoAKACgAoAKACgAoAKACgAoAKACgAoAKACgAoAKACgAoAKACgAoAKAPkn9v3/AJMR/bW/7NJ/aP8A/VO+MqAP5Rf+DIn/AJNI/bX/AOzjPBf/AKrO1oA/twoAKACgAoAKACgAoAKACgAoAKACgAoAKAP4tv8Ag0X/AOSlf8FoP+zs/BX/AKf/ANoSgD+0mgD/0v7+KACgAoAKACgAoAKACgAoAKACgAoA/nM/4Osv+UKn7Rn/AGOvwM/9Wz4XoA+0/wDghX/yh9/4J3f9mw/D3/0kloA/WCgAoAKACgAoAKACgAoAKACgAoAKACgAoAKACgAoAKACgAoAKACgAoAKACgAoAKACgAoAKACgAoAKACgAoAKAP5vP+DsT/lCb+0N/wBlF/Z5/wDV0+DqAPX/APg2Q/5QbfsJf9gX46/+tQ/G6gD95KACgAoAKACgAoAKACgAoAKACgAoAKACgAoAKACgAoAKACgAoAKACgAoAKACgAoAKACgAoAKACgAoAKACgAoA+Sf2/f+TEf21v8As0n9o/8A9U74yoA/lF/4Mif+TSP21/8As4zwX/6rO1oA/twoAKACgAoAKACgAoAKACgAoAKACgAoAKAP4tv+DRf/AJKV/wAFoP8As7PwV/6f/wBoSgD+0mgD/9P+/igAoAKACgAoAKACgAoAKACgAoAKAP5zP+DrL/lCp+0Z/wBjr8DP/Vs+F6APtP8A4IV/8off+Cd3/ZsPw9/9JJaAP1goAKACgAoAKACgAoAKACgAoAKACgAoAKACgAoAKACgAoAKACgAoAKACgAoAKACgAoAKACgAoAKACgAoAKACgD+bz/g7E/5Qm/tDf8AZRf2ef8A1dPg6gD1/wD4NkP+UG37CX/YF+Ov/rUPxuoA/eSgAoAKACgAoAKACgAoAKACgAoAKACgAoAKACgAoAKACgAoAKACgAoAKACgAoAKACgAoAKACgAoAKACgAoAKAPkn9v3/kxH9tb/ALNJ/aP/APVO+MqAP5Rf+DIn/k0j9tf/ALOM8F/+qztaAP7cKACgAoAKACgAoAKACgAoAKACgAoAKACgD+Lb/g0X/wCSlf8ABaD/ALOz8Ff+n/8AaEoA/tJoA//U/v4oAKACgAoAKACgAoAKACgAoAKACgD+cz/g6y/5QqftGf8AY6/Az/1bPhegD7T/AOCFf/KH3/gnd/2bD8Pf/SSWgD9YKACgAoAKACgAoAKACgAoAKACgAoAKACgAoAKACgAoAKACgAoAKACgAoAKACgAoAKACgAoAKACgAoAKACgAoA/m8/4OxP+UJv7Q3/AGUX9nn/ANXT4OoA9f8A+DZD/lBt+wl/2Bfjr/61D8bqAP3koAKACgAoAKACgAoAKACgAoAKACgAoAKACgAoAKACgAoAKACgAoAKACgAoAKACgAoAKACgAoAKACgAoAKACgD5J/b9/5MR/bW/wCzSf2j/wD1TvjKgD+UX/gyJ/5NI/bX/wCzjPBf/qs7WgD+3CgAoAKACgAoAKACgAoAKACgAoAKACgAoA/i2/4NF/8AkpX/AAWg/wCzs/BX/p//AGhKAP7SaAP/1f7+KACgAoAKACgAoAKACgAoAKACgAoA/nM/4Osv+UKn7Rn/AGOvwM/9Wz4XoA+0/wDghX/yh9/4J3f9mw/D3/0kloA/WCgAoAKACgAoAKACgAoAKACgAoAKACgAoAKACgAoAKACgAoAKACgAoAKACgAoAKACgAoAKACgAoAKACgAoAKAP5vP+DsT/lCb+0N/wBlF/Z5/wDV0+DqAPX/APg2Q/5QbfsJf9gX46/+tQ/G6gD95KACgAoAKACgAoAKACgAoAKACgAoAKACgAoAKACgAoAKACgAoAKACgAoAKACgAoAKACgAoAKACgAoAKACgAoA+Sf2/f+TEf21v8As0n9o/8A9U74yoA/lF/4Mif+TSP21/8As4zwX/6rO1oA/twoAKACgAoAKACgAoAKACgAoAKACgAoAKAP4tv+DRf/AJKV/wAFoP8As7PwV/6f/wBoSgD+0mgD/9b+/igAoAKACgAoAKACgAoAKACgAoAKAP5zP+DrL/lCp+0Z/wBjr8DP/Vs+F6APtP8A4IV/8off+Cd3/ZsPw9/9JJaAP1goAKACgAoAKACgAoAKACgAoAKACgAoAKACgAoAKACgAoAKACgAoAKACgAoAKACgAoAKACgAoAKACgAoAKACgD+bz/g7E/5Qm/tDf8AZRf2ef8A1dPg6gD1/wD4NkP+UG37CX/YF+Ov/rUPxuoA/eSgAoAKACgAoAKACgAoAKACgAoAKACgAoAKACgAoAKACgAoAKACgAoAKACgAoAKACgAoAKACgAoAKACgAoAKAPkn9v3/kxH9tb/ALNJ/aP/APVO+MqAP5Rf+DIn/k0j9tf/ALOM8F/+qztaAP7cKACgAoAKACgAoAKACgAoAKACgAoAKACgD+Lb/g0X/wCSlf8ABaD/ALOz8Ff+n/8AaEoA/tJoA//X/v4oAKACgAoAKACgAoAKACgAoAKACgD+cz/g6y/5QqftGf8AY6/Az/1bPhegD7T/AOCFf/KH3/gnd/2bD8Pf/SSWgD9YKACgAoAKACgAoAKACgAoAKACgAoAKACgAoAKACgAoAKACgAoAKACgAoAKACgAoAKACgAoAKACgAoAKACgAoA/m8/4OxP+UJv7Q3/AGUX9nn/ANXT4OoA9f8A+DZD/lBt+wl/2Bfjr/61D8bqAP3koAKACgAoAKACgAoAKACgAoAKACgAoAKACgAoAKACgAoAKACgAoAKACgAoAKACgAoAKACgAoAKACgAoAKACgD5J/b9/5MR/bW/wCzSf2j/wD1TvjKgD+UX/gyJ/5NI/bX/wCzjPBf/qs7WgD+3CgAoAKACgAoAKACgAoAKACgAoAKACgAoA/i2/4NF/8AkpX/AAWg/wCzs/BX/p//AGhKAP7SaAP/0P7+KACgAoAKACgAoAKACgAoAKACgAoA/nM/4Osv+UKn7Rn/AGOvwM/9Wz4XoA+0/wDghX/yh9/4J3f9mw/D3/0kloA/WCgAoAKACgAoAKACgAoAKACgAoAKACgAoAKACgAoAKACgAoAKACgAoAKACgAoAKACgAoAKACgAoAKACgAoAKAP5vP+DsT/lCb+0N/wBlF/Z5/wDV0+DqAPX/APg2Q/5QbfsJf9gX46/+tQ/G6gD95KACgAoAKACgAoAKACgAoAKACgAoAKACgAoAKACgAoAKACgAoAKACgAoAKACgAoAKACgAoAKACgAoAKACgAoA+Sf2/f+TEf21v8As0n9o/8A9U74yoA/lF/4Mif+TSP21/8As4zwX/6rO1oA/twoAKACgAoAKACgAoAKACgAoAKACgAoAKAP4tv+DRf/AJKV/wAFoP8As7PwV/6f/wBoSgD+0mgD/9H+/igAoAKACgAoAKACgAoAKACgAoAKAP5zP+DrL/lCp+0Z/wBjr8DP/Vs+F6APtP8A4IV/8off+Cd3/ZsPw9/9JJaAP1goAKACgAoAKACgAoAKACgAoAKACgAoAKACgAoAKACgAoAKACgAoAKACgAoAKACgAoAKACgAoAKACgAoAKACgD+bz/g7E/5Qm/tDf8AZRf2ef8A1dPg6gD1/wD4NkP+UG37CX/YF+Ov/rUPxuoA/eSgAoAKACgAoAKACgAoAKACgAoAKACgAoAKACgAoAKACgAoAKACgAoAKACgAoAKACgAoAKACgAoAKACgAoAKAPkn9v3/kxH9tb/ALNJ/aP/APVO+MqAP5Rf+DIn/k0j9tf/ALOM8F/+qztaAP7cKACgAoAKACgAoAKACgAoAKACgAoAKACgD+Lb/g0X/wCSlf8ABaD/ALOz8Ff+n/8AaEoA/tJoA//S/v4oAKACgAoAKACgAoAKACgAoAKACgD+cz/g6y/5QqftGf8AY6/Az/1bPhegD7T/AOCFf/KH3/gnd/2bD8Pf/SSWgD9YKACgAoAKACgAoAKACgAoAKACgAoAKACgAoAKACgAoAKACgAoAKACgAoAKACgAoAKACgAoAKACgAoAKACgAoA/m8/4OxP+UJv7Q3/AGUX9nn/ANXT4OoA9f8A+DZD/lBt+wl/2Bfjr/61D8bqAP3koAKACgAoAKACgAoAKACgAoAKACgAoAKACgAoAKACgAoAKACgAoAKACgAoAKACgAoAKACgAoAKACgAoAKACgD5J/b9/5MR/bW/wCzSf2j/wD1TvjKgD+UX/gyJ/5NI/bX/wCzjPBf/qs7WgD+3CgAoAKACgAoAKACgAoAKACgAoAKACgAoA/i2/4NF/8AkpX/AAWg/wCzs/BX/p//AGhKAP7SaAP/0/7+KACgAoAKACgAoAKACgAoAKACgAoA/nM/4Osv+UKn7Rn/AGOvwM/9Wz4XoA+0/wDghX/yh9/4J3f9mw/D3/0kloA/WCgAoAKACgAoAKACgAoAKACgAoAKACgAoAKACgAoAKACgAoAKACgAoAKACgAoAKACgAoAKACgAoAKACgAoAKAP5vP+DsT/lCb+0N/wBlF/Z5/wDV0+DqAPX/APg2Q/5QbfsJf9gX46/+tQ/G6gD95KACgAoAKACgAoAKACgAoAKACgAoAKACgAoAKACgAoAKACgAoAKACgAoAKACgAoAKACgAoAKACgAoAKACgAoA+Sf2/f+TEf21v8As0n9o/8A9U74yoA/lF/4Mif+TSP21/8As4zwX/6rO1oA/twoAKACgAoAKACgAoAKACgAoAKACgAoAKAP4tv+DRf/AJKV/wAFoP8As7PwV/6f/wBoSgD+0mgD/9T+/igAoAKACgAoAKACgAoAKACgAoAKAP5zP+DrL/lCp+0Z/wBjr8DP/Vs+F6APtP8A4IV/8off+Cd3/ZsPw9/9JJaAP1goAKACgAoAKACgAoAKACgAoAKACgAoAKACgAoAKACgAoAKACgAoAKACgAoAKACgAoAKACgAoAKACgAoAKACgD+bz/g7E/5Qm/tDf8AZRf2ef8A1dPg6gD1/wD4NkP+UG37CX/YF+Ov/rUPxuoA/eSgAoAKACgAoAKACgAoAKACgAoAKACgAoAKACgAoAKACgAoAKACgAoAKACgAoAKACgAoAKACgAoAKACgAoAKAPkn9v3/kxH9tb/ALNJ/aP/APVO+MqAP5Rf+DIn/k0j9tf/ALOM8F/+qztaAP7cKACgAoAKACgAoAKACgAoAKACgAoAKACgD+Lb/g0X/wCSlf8ABaD/ALOz8Ff+n/8AaEoA/tJoA//V/v4oAKACgAoAKACgAoAKACgAoAKACgD+cz/g6y/5QqftGf8AY6/Az/1bPhegD7T/AOCFf/KH3/gnd/2bD8Pf/SSWgD9YKACgAoAKACgAoAKACgAoAKACgAoAKACgAoAKACgAoAKACgAoAKACgAoAKACgAoAKACgAoAKACgAoAKACgAoA/m8/4OxP+UJv7Q3/AGUX9nn/ANXT4OoA9f8A+DZD/lBt+wl/2Bfjr/61D8bqAP3koAKACgAoAKACgAoAKACgAoAKACgAoAKACgAoAKACgAoAKACgAoAKACgAoAKACgAoAKACgAoAKACgAoAKACgD5J/b9/5MR/bW/wCzSf2j/wD1TvjKgD+UX/gyJ/5NI/bX/wCzjPBf/qs7WgD+3CgAoAKACgAoAKACgAoAKACgAoAKACgAoA/i2/4NF/8AkpX/AAWg/wCzs/BX/p//AGhKAP7SaAP/1v7+KACgAoAKACgAoAKACgAoAKACgAoA/nM/4Osv+UKn7Rn/AGOvwM/9Wz4XoA+0/wDghX/yh9/4J3f9mw/D3/0kloA/WCgAoAKACgAoAKACgAoAKACgAoAKACgAoAKACgAoAKACgAoAKACgAoAKACgAoAKACgAoAKACgAoAKACgAoAKAP5vP+DsT/lCb+0N/wBlF/Z5/wDV0+DqAPX/APg2Q/5QbfsJf9gX46/+tQ/G6gD95KACgAoAKACgAoAKACgAoAKACgAoAKACgAoAKACgAoAKACgAoAKACgAoAKACgAoAKACgAoAKACgAoAKACgAoA+Sf2/f+TEf21v8As0n9o/8A9U74yoA/lF/4Mif+TSP21/8As4zwX/6rO1oA/twoAKACgAoAKACgAoAKACgAoAKACgAoAKAP4tv+DRf/AJKV/wAFoP8As7PwV/6f/wBoSgD+0mgD/9f+/igAoAKACgAoAKACgAoAKACgAoAKAP5zP+DrL/lCp+0Z/wBjr8DP/Vs+F6APtP8A4IV/8off+Cd3/ZsPw9/9JJaAP1goAKACgAoAKACgAoAKACgAoAKACgAoAKACgAoAKACgAoAKACgAoAKACgAoAKACgAoAKACgAoAKACgAoAKACgD+bz/g7E/5Qm/tDf8AZRf2ef8A1dPg6gD1/wD4NkP+UG37CX/YF+Ov/rUPxuoA/eSgAoAKACgAoAKACgAoAKACgAoAKACgAoAKACgAoAKACgAoAKACgAoAKACgAoAKACgAoAKACgAoAKACgAoAKAPkn9v3/kxH9tb/ALNJ/aP/APVO+MqAP5Rf+DIn/k0j9tf/ALOM8F/+qztaAP7cKACgAoAKACgAoAKACgAoAKACgAoAKACgD+Lb/g0X/wCSlf8ABaD/ALOz8Ff+n/8AaEoA/tJoA//Q/v4oAKACgAoAKACgAoAKACgAoAKACgD+cz/g6y/5QqftGf8AY6/Az/1bPhegD7T/AOCFf/KH3/gnd/2bD8Pf/SSWgD9YKACgAoAKACgAoAKACgAoAKACgAoAKACgAoAKACgAoAKACgAoAKACgAoAKACgAoAKACgAoAKACgAoAKACgAoA/m8/4OxP+UJv7Q3/AGUX9nn/ANXT4OoA9f8A+DZD/lBt+wl/2Bfjr/61D8bqAP3koAKACgAoAKACgAoAKACgAoAKACgAoAKACgAoAKACgAoAKACgAoAKACgAoAKACgAoAKACgAoAKACgAoAKACgD5J/b9/5MR/bW/wCzSf2j/wD1TvjKgD+UX/gyJ/5NI/bX/wCzjPBf/qs7WgD+3CgAoAKACgAoAKACgAoAKACgAoAKACgAoA/i2/4NF/8AkpX/AAWg/wCzs/BX/p//AGhKAP7SaAP/0f7+KACgAoAKACgAoAKACgAoAKACgAoA/nM/4Osv+UKn7Rn/AGOvwM/9Wz4XoA+0/wDghX/yh9/4J3f9mw/D3/0kloA/WCgAoAKACgAoAKACgAoAKACgAoAKACgAoAKACgAoAKACgAoAKACgAoAKACgAoAKACgAoAKACgAoAKACgAoAKAP5vP+DsT/lCb+0N/wBlF/Z5/wDV0+DqAPX/APg2Q/5QbfsJf9gX46/+tQ/G6gD95KACgAoAKACgAoAKACgAoAKACgAoAKACgAoAKACgAoAKACgAoAKACgAoAKACgAoAKACgAoAKACgAoAKACgAoA+Sf2/f+TEf21v8As0n9o/8A9U74yoA/lF/4Mif+TSP21/8As4zwX/6rO1oA/twoAKACgAoAKACgAoAKACgAoAKACgAoAKAP4tv+DRf/AJKV/wAFoP8As7PwV/6f/wBoSgD+0mgD/9L+/igAoAKACgAoAKACgAoAKACgAoAKAP5zP+DrL/lCp+0Z/wBjr8DP/Vs+F6APtP8A4IV/8off+Cd3/ZsPw9/9JJaAP1goAKACgAoAKACgAoAKACgAoAKACgAoAKACgAoAKACgAoAKACgAoAKACgAoAKACgAoAKACgAoAKACgAoAKACgD+bz/g7E/5Qm/tDf8AZRf2ef8A1dPg6gD1/wD4NkP+UG37CX/YF+Ov/rUPxuoA/eSgAoAKACgAoAKACgAoAKACgAoAKACgAoAKACgAoAKACgAoAKACgAoAKACgAoAKACgAoAKACgAoAKACgAoAKAPkn9v3/kxH9tb/ALNJ/aP/APVO+MqAP5Rf+DIn/k0j9tf/ALOM8F/+qztaAP7cKACgAoAKACgAoAKACgAoAKACgAoAKACgD+Lb/g0X/wCSlf8ABaD/ALOz8Ff+n/8AaEoA/tJoA//T/v4oAKACgAoAKACgAoAKACgAoAKACgD+cz/g6y/5QqftGf8AY6/Az/1bPhegD7T/AOCFf/KH3/gnd/2bD8Pf/SSWgD9YKACgAoAKACgAoAKACgAoAKACgAoAKACgAoAKACgAoAKACgAoAKACgAoAKACgAoAKACgAoAKACgAoAKACgAoA/m8/4OxP+UJv7Q3/AGUX9nn/ANXT4OoA9f8A+DZD/lBt+wl/2Bfjr/61D8bqAP3koAKACgAoAKACgAoAKACgAoAKACgAoAKACgAoAKACgAoAKACgAoAKACgAoAKACgAoAKACgAoAKACgAoAKACgD5J/b9/5MR/bW/wCzSf2j/wD1TvjKgD+UX/gyJ/5NI/bX/wCzjPBf/qs7WgD+3CgAoAKACgAoAKACgAoAKACgAoAKACgAoA/i2/4NF/8AkpX/AAWg/wCzs/BX/p//AGhKAP7SaAP/1P7+KACgAoAKACgAoAKACgAoAKACgAoA/nM/4Osv+UKn7Rn/AGOvwM/9Wz4XoA+0/wDghX/yh9/4J3f9mw/D3/0kloA/WCgAoAKACgAoAKACgAoAKACgAoAKACgAoAKACgAoAKACgAoAKACgAoAKACgAoAKACgAoAKACgAoAKACgAoAKAP5vP+DsT/lCb+0N/wBlF/Z5/wDV0+DqAPX/APg2Q/5QbfsJf9gX46/+tQ/G6gD95KACgAoAKACgAoAKACgAoAKACgAoAKACgAoAKACgAoAKACgAoAKACgAoAKACgAoAKACgAoAKACgAoAKACgAoA+Sf2/f+TEf21v8As0n9o/8A9U74yoA/lF/4Mif+TSP21/8As4zwX/6rO1oA/twoAKACgAoAKACgAoAKACgAoAKACgAoAKAP4tv+DRf/AJKV/wAFoP8As7PwV/6f/wBoSgD+0mgD/9X+/igAoAKACgAoAKACgAoAKACgAoAKAP5zP+DrL/lCp+0Z/wBjr8DP/Vs+F6APtP8A4IV/8off+Cd3/ZsPw9/9JJaAP1goAKACgAoAKACgAoAKACgAoAKACgAoAKACgAoAKACgAoAKACgAoAKACgAoAKACgAoAKACgAoAKACgAoAKACgD+bz/g7E/5Qm/tDf8AZRf2ef8A1dPg6gD1/wD4NkP+UG37CX/YF+Ov/rUPxuoA/eSgAoAKACgAoAKACgAoAKACgAoAKACgAoAKACgAoAKACgAoAKACgAoAKACgAoAKACgAoAKACgAoAKACgAoAKAPkn9v3/kxH9tb/ALNJ/aP/APVO+MqAP5Rf+DIn/k0j9tf/ALOM8F/+qztaAP7cKACgAoAKACgAoAKACgAoAKACgAoAKACgD+Lb/g0X/wCSlf8ABaD/ALOz8Ff+n/8AaEoA/tJoA//W/v4oAKACgAoAKACgAoAKACgAoAKACgD+cz/g6y/5QqftGf8AY6/Az/1bPhegD7T/AOCFf/KH3/gnd/2bD8Pf/SSWgD9YKACgAoAKACgAoAKACgAoAKACgAoAKACgAoAKACgAoAKACgAoAKACgAoAKACgAoAKACgAoAKACgAoAKACgAoA/m8/4OxP+UJv7Q3/AGUX9nn/ANXT4OoA9f8A+DZD/lBt+wl/2Bfjr/61D8bqAP3koAKACgAoAKACgAoAKACgAoAKACgAoAKACgAoAKACgAoAKACgAoAKACgAoAKACgAoAKACgAoAKACgAoAKACgD5J/b9/5MR/bW/wCzSf2j/wD1TvjKgD+UX/gyJ/5NI/bX/wCzjPBf/qs7WgD+3CgAoAKACgAoAKACgAoAKACgAoAKACgAoA/i2/4NF/8AkpX/AAWg/wCzs/BX/p//AGhKAP7SaAP/1/7+KACgAoAKACgAoAKACgAoAKACgAoA/nM/4Osv+UKn7Rn/AGOvwM/9Wz4XoA+0/wDghX/yh9/4J3f9mw/D3/0kloA/WCgAoAKACgAoAKACgAoAKACgAoAKACgAoAKACgAoAKACgAoAKACgAoAKACgAoAKACgAoAKACgAoAKACgAoAKAP5vP+DsT/lCb+0N/wBlF/Z5/wDV0+DqAPX/APg2Q/5QbfsJf9gX46/+tQ/G6gD95KACgAoAKACgAoAKACgAoAKACgAoAKACgAoAKACgAoAKACgAoAKACgAoAKACgAoAKACgAoAKACgAoAKACgAoA+Sf2/f+TEf21v8As0n9o/8A9U74yoA/lF/4Mif+TSP21/8As4zwX/6rO1oA/twoAKACgAoAKACgAoAKACgAoAKACgAoAKAP4tv+DRf/AJKV/wAFoP8As7PwV/6f/wBoSgD+0mgD/9D+/igAoAKACgAoAKACgAoAKACgAoAKAP5zP+DrL/lCp+0Z/wBjr8DP/Vs+F6APtP8A4IV/8off+Cd3/ZsPw9/9JJaAP1goAKACgAoAKACgAoAKACgAoAKACgAoAKACgAoAKACgAoAKACgAoAKACgAoAKACgAoAKACgAoAKACgAoAKACgD+bz/g7E/5Qm/tDf8AZRf2ef8A1dPg6gD1/wD4NkP+UG37CX/YF+Ov/rUPxuoA/eSgAoAKACgAoAKACgAoAKACgAoAKACgAoAKACgAoAKACgAoAKACgAoAKACgAoAKACgAoAKACgAoAKACgAoAKAPkn9v3/kxH9tb/ALNJ/aP/APVO+MqAP5Rf+DIn/k0j9tf/ALOM8F/+qztaAP7cKACgAoAKACgAoAKACgAoAKACgAoAKACgD+Lb/g0X/wCSlf8ABaD/ALOz8Ff+n/8AaEoA/tJoA//R/v4oAKACgAoAKACgAoAKACgAoAKACgD+cz/g6y/5QqftGf8AY6/Az/1bPhegD7T/AOCFf/KH3/gnd/2bD8Pf/SSWgD9YKACgAoAKACgAoAKACgAoAKACgAoAKACgAoAKACgAoAKACgAoAKACgAoAKACgAoAKACgAoAKACgAoAKACgAoA/m8/4OxP+UJv7Q3/AGUX9nn/ANXT4OoA9f8A+DZD/lBt+wl/2Bfjr/61D8bqAP3koAKACgAoAKACgAoAKACgAoAKACgAoAKACgAoAKACgAoAKACgAoAKACgAoAKACgAoAKACgAoAKACgAoAKACgD5J/b9/5MR/bW/wCzSf2j/wD1TvjKgD+UX/gyJ/5NI/bX/wCzjPBf/qs7WgD+3CgAoAKACgAoAKACgAoAKACgAoAKACgAoA/i2/4NF/8AkpX/AAWg/wCzs/BX/p//AGhKAP7SaAP/0v7+KACgAoAKACgAoAKACgAoAKACgAoA/nM/4Osv+UKn7Rn/AGOvwM/9Wz4XoA+0/wDghX/yh9/4J3f9mw/D3/0kloA/WCgAoAKACgAoAKACgAoAKACgAoAKACgAoAKACgAoAKACgAoAKACgAoAKACgAoAKACgAoAKACgAoAKACgAoAKAP5vP+DsT/lCb+0N/wBlF/Z5/wDV0+DqAPX/APg2Q/5QbfsJf9gX46/+tQ/G6gD95KACgAoAKACgAoAKACgAoAKACgAoAKACgAoAKACgAoAKACgAoAKACgAoAKACgAoAKACgAoAKACgAoAKACgAoA+Sf2/f+TEf21v8As0n9o/8A9U74yoA/lF/4Mif+TSP21/8As4zwX/6rO1oA/twoAKACgAoAKACgAoAKACgAoAKACgAoAKAP4tv+DRf/AJKV/wAFoP8As7PwV/6f/wBoSgD+0mgD/9P+/igAoAKACgAoAKACgAoAKACgAoAKAP5zP+DrL/lCp+0Z/wBjr8DP/Vs+F6APtP8A4IV/8off+Cd3/ZsPw9/9JJaAP1goAKACgAoAKACgAoAKACgAoAKACgAoAKACgAoAKACgAoAKACgAoAKACgAoAKACgAoAKACgAoAKACgAoAKACgD+bz/g7E/5Qm/tDf8AZRf2ef8A1dPg6gD1/wD4NkP+UG37CX/YF+Ov/rUPxuoA/eSgAoAKACgAoAKACgAoAKACgAoAKACgAoAKACgAoAKACgAoAKACgAoAKACgAoAKACgAoAKACgAoAKACgAoAKAPkn9v3/kxH9tb/ALNJ/aP/APVO+MqAP5Rf+DIn/k0j9tf/ALOM8F/+qztaAP7cKACgAoAKACgAoAKACgAoAKACgAoAKACgD+Lb/g0X/wCSlf8ABaD/ALOz8Ff+n/8AaEoA/tJoA//U/v4oAKACgAoAKACgAoAKACgAoAKACgD+cz/g6y/5QqftGf8AY6/Az/1bPhegD7T/AOCFf/KH3/gnd/2bD8Pf/SSWgD9YKACgAoAKACgAoAKACgAoAKACgAoAKACgAoAKACgAoAKACgAoAKACgAoAKACgAoAKACgAoAKACgAoAKACgAoA/m8/4OxP+UJv7Q3/AGUX9nn/ANXT4OoA9f8A+DZD/lBt+wl/2Bfjr/61D8bqAP3koAKACgAoAKACgAoAKACgAoAKACgAoAKACgAoAKACgAoAKACgAoAKACgAoAKACgAoAKACgAoAKACgAoAKACgD5J/b9/5MR/bW/wCzSf2j/wD1TvjKgD+UX/gyJ/5NI/bX/wCzjPBf/qs7WgD+3CgAoAKACgAoAKACgAoAKACgAoAKACgAoA/i2/4NF/8AkpX/AAWg/wCzs/BX/p//AGhKAP7SaAP/1f7+KACgAoAKACgAoAKACgAoA/nO/wCCz3/Bwd8L/wDgmR4q8NfszfBj4eJ+03+3D4+j0M6R8JrXVZrDwn8OYPFc1rbeEbr4l6jpcdxrF14h8WyXltceE/hzoKW+t6xpbx6xq+s+FNL1Lwzd+IQD5p/bS/4Kff8ABbX/AIJM/C34M/tVftwfBT9hD9oL9n7x94o0Pwj8YvA37M1v8afhx8SvgV4t8TaddanpGhQeNfG/jf4heF/EWkPb6dqenjxA/hjULG58V2sWhNqWn2OqaJrGpAH9CX7EH7bXwA/4KEfs5eBv2n/2bfFEniP4eeNI7i1ubDUobew8WeCPFemeVH4h8B+O9Egur0aF4u8PTyxLfWS3d3ZXtlc6dr2h6hqvh3WNI1e/APyB/wCDrL/lCp+0Z/2OvwM/9Wz4XoA+0/8AghX/AMoff+Cd3/ZsPw9/9JJaAP1goAKACgAoAKACgAoAKACgAoAKACgAoAKACgAoAKACgAoAKACgAoAKACgAoAKACgAoAKACgAoAKACgAoAKACgD+bz/AIOxP+UJv7Q3/ZRf2ef/AFdPg6gD1/8A4NkP+UG37CX/AGBfjr/61D8bqAP3koAKACgAoAKACgAoAKACgAoAKACgAoAKACgAoAKACgAoAKACgAoAKACgAoAKACgAoAKACgAoAKACgAoAKACgD5J/b9/5MR/bW/7NJ/aP/wDVO+MqAP5Rf+DIn/k0j9tf/s4zwX/6rO1oA/twoAKACgAoAKACgAoAKACgAoAKACgAoAKAP4tv+DRf/kpX/BaD/s7PwV/6f/2hKAP7SaAP/9b+/igAoAKACgAoAKACgAoA8f8A2hPjN4c/Zz+Anxs/aB8YRyz+FPgd8JfiL8XfElvBLHDcXWifDjwjq/i/U7S1ll/drd3dno81ta7wQbiWJdrEhWAP8d39gz4peO/2zv8AguD+x78Z/jhq83i3x18bP+Ch/wACfiP47vL1pbiC9urn41+GPEU2jW0M8sn2bw9p9lZw+H9G0mNhaaV4ftLLSrKKKztLeFQD/SG/4OhfDdl4i/4IdftqtdQpJc+H1+AXiTS5mQO1pe6d+0x8HYppoum15dKutSsWcHKw3kv3uVYA/kN/4M4f23vEXwf/AG9PGH7FmtazdS/DL9rfwF4i1nw5oMsu600343fB/Qb7xrp2t2aylo7H+2fhdpXxB0jWxarFNrV1p3g5bqSYaJZRoAf1d/8AB1l/yhU/aM/7HX4Gf+rZ8L0AfYP/AAQw1rR4P+CQX/BPGGfVdNhlj/Zj+HyyRS39tHIjC0myrozhlYdwwyO+KAP1c/t/Qv8AoNaT/wCDK0/+OUAH9v6F/wBBrSf/AAZWn/xygA/t/Qv+g1pP/gytP/jlAB/b+hf9BrSf/Blaf/HKAD+39C/6DWk/+DK0/wDjlAB/b+hf9BrSf/Blaf8AxygA/t/Qv+g1pP8A4MrT/wCOUAH9v6F/0GtJ/wDBlaf/ABygA/t/Qv8AoNaT/wCDK0/+OUAH9v6F/wBBrSf/AAZWn/xygA/t/Qv+g1pP/gytP/jlAB/b+hf9BrSf/Blaf/HKAD+39C/6DWk/+DK0/wDjlAB/b+hf9BrSf/Blaf8AxygA/t/Qv+g1pP8A4MrT/wCOUAH9v6F/0GtJ/wDBlaf/ABygA/t/Qv8AoNaT/wCDK0/+OUAH9v6F/wBBrSf/AAZWn/xygA/t/Qv+g1pP/gytP/jlAB/b+hf9BrSf/Blaf/HKAD+39C/6DWk/+DK0/wDjlAB/b+hf9BrSf/Blaf8AxygA/t/Qv+g1pP8A4MrT/wCOUAH9v6F/0GtJ/wDBlaf/ABygA/t/Qv8AoNaT/wCDK0/+OUAH9v6F/wBBrSf/AAZWn/xygA/t/Qv+g1pP/gytP/jlAB/b+hf9BrSf/Blaf/HKAD+39C/6DWk/+DK0/wDjlAB/b+hf9BrSf/Blaf8AxygA/t/Qv+g1pP8A4MrT/wCOUAH9v6F/0GtJ/wDBlaf/ABygA/t/Qv8AoNaT/wCDK0/+OUAH9v6F/wBBrSf/AAZWn/xygA/t/Qv+g1pP/gytP/jlAB/b+hf9BrSf/Blaf/HKAP5wv+DrzVtKu/8Agil+0JBa6np9zM3xE/Z6KwwXtvNKwX40eD2YrHG5YhVBYkA4AycAEqAevf8ABstrGk23/BDv9hWC51TTreaPRfjoHhnvraKVN37UHxsYb43cMuVZWGRyrAjINAH7v/2/oX/Qa0n/AMGVp/8AHKAD+39C/wCg1pP/AIMrT/45QAf2/oX/AEGtJ/8ABlaf/HKAD+39C/6DWk/+DK0/+OUAH9v6F/0GtJ/8GVp/8coAP7f0L/oNaT/4MrT/AOOUAH9v6F/0GtJ/8GVp/wDHKAD+39C/6DWk/wDgytP/AI5QAf2/oX/Qa0n/AMGVp/8AHKAD+39C/wCg1pP/AIMrT/45QAf2/oX/AEGtJ/8ABlaf/HKAD+39C/6DWk/+DK0/+OUAH9v6F/0GtJ/8GVp/8coAP7f0L/oNaT/4MrT/AOOUAH9v6F/0GtJ/8GVp/wDHKAD+39C/6DWk/wDgytP/AI5QAf2/oX/Qa0n/AMGVp/8AHKAD+39C/wCg1pP/AIMrT/45QAf2/oX/AEGtJ/8ABlaf/HKAD+39C/6DWk/+DK0/+OUAH9v6F/0GtJ/8GVp/8coAP7f0L/oNaT/4MrT/AOOUAH9v6F/0GtJ/8GVp/wDHKAD+39C/6DWk/wDgytP/AI5QAf2/oX/Qa0n/AMGVp/8AHKAD+39C/wCg1pP/AIMrT/45QAf2/oX/AEGtJ/8ABlaf/HKAD+39C/6DWk/+DK0/+OUAH9v6F/0GtJ/8GVp/8coAP7f0L/oNaT/4MrT/AOOUAH9v6F/0GtJ/8GVp/wDHKAD+39C/6DWk/wDgytP/AI5QAf2/oX/Qa0n/AMGVp/8AHKAD+39C/wCg1pP/AIMrT/45QAf2/oX/AEGtJ/8ABlaf/HKAD+39C/6DWk/+DK0/+OUAfJf7fWuaJJ+wp+2pGmr6W7v+yX+0ciImoWrM7N8HvGIVVUSZZmJACjkk4HUUAfymf8GSepadZfslftqJe39laO/7RXgtkS5uobdnUfDS1BZVlZSygjGQMZ44/iAP7Z/7f0L/AKDWk/8AgytP/jlAB/b+hf8AQa0n/wAGVp/8coAP7f0L/oNaT/4MrT/45QAf2/oX/Qa0n/wZWn/xygA/t/Qv+g1pP/gytP8A45QAf2/oX/Qa0n/wZWn/AMcoAP7f0L/oNaT/AODK0/8AjlAB/b+hf9BrSf8AwZWn/wAcoAP7f0L/AKDWk/8AgytP/jlAB/b+hf8AQa0n/wAGVp/8coAP7f0L/oNaT/4MrT/45QAf2/oX/Qa0n/wZWn/xygA/t/Qv+g1pP/gytP8A45QAf2/oX/Qa0n/wZWn/AMcoA/jL/wCDRVlb4k/8FnmUhlb9rLwUyspBVlOvftBkEEZBBGCCDgjkZoA/tKoA/9f+/igAoAKACgAoAKACgAoA/Gr/AIOEtev/AA3/AMEYf+Cgeoac1wtxcfBa30GQ2zOshsPFXjrwh4Y1RWKYP2d9M1i7S7U/I1q0yyZQsKAP8tj/AIIq/wDKW7/gnJ/2eF8C/wD1OtJoA/06P+Dlz/lB/wDt4/8AYq/CD/1oz4PUAf5qP/BBHWdS0L/gsb/wT0vdKM63U/7RHhzRpTbuY5P7N8Radq/h/WQzKQTA2kanfLcp0ktjLGwKswYA/wBXz/gqJ+wLov8AwU0/Yv8Aid+x/rnxL1b4Q2/xB1HwRq1r8QNH8N2Xi+fQ77wX4x0XxXELjwzfapoUesWeoxaVPpk8EWu6PcQG7jvorxvsrWl0Afyf6b/wY4/DiK6V9Y/4KNeNr6y2OGt9N/Zn0LSroyEfu2W8uvjVrMSop5eM2LM44WSPBagDo/8AiB7+Bf8A0f8A/Fn/AMMf4P8A/m6oAP8AiB7+Bf8A0f8A/Fn/AMMf4P8A/m6oAP8AiB7+Bf8A0f8A/Fn/AMMf4P8A/m6oAP8AiB7+Bf8A0f8A/Fn/AMMf4P8A/m6oAP8AiB7+Bf8A0f8A/Fn/AMMf4P8A/m6oAP8AiB7+Bf8A0f8A/Fn/AMMf4P8A/m6oAP8AiB7+Bf8A0f8A/Fn/AMMf4P8A/m6oAP8AiB7+Bf8A0f8A/Fn/AMMf4P8A/m6oAP8AiB7+Bf8A0f8A/Fn/AMMf4P8A/m6oAP8AiB7+Bf8A0f8A/Fn/AMMf4P8A/m6oAP8AiB7+Bf8A0f8A/Fn/AMMf4P8A/m6oAP8AiB7+Bf8A0f8A/Fn/AMMf4P8A/m6oAP8AiB7+Bf8A0f8A/Fn/AMMf4P8A/m6oAP8AiB7+Bf8A0f8A/Fn/AMMf4P8A/m6oAP8AiB7+Bf8A0f8A/Fn/AMMf4P8A/m6oAP8AiB7+Bf8A0f8A/Fn/AMMf4P8A/m6oAP8AiB7+Bf8A0f8A/Fn/AMMf4P8A/m6oAP8AiB7+Bf8A0f8A/Fn/AMMf4P8A/m6oAP8AiB7+Bf8A0f8A/Fn/AMMf4P8A/m6oAP8AiB7+Bf8A0f8A/Fn/AMMf4P8A/m6oAP8AiB7+Bf8A0f8A/Fn/AMMf4P8A/m6oAP8AiB7+Bf8A0f8A/Fn/AMMf4P8A/m6oAP8AiB7+Bf8A0f8A/Fn/AMMf4P8A/m6oAP8AiB7+Bf8A0f8A/Fn/AMMf4P8A/m6oAP8AiB7+Bf8A0f8A/Fn/AMMf4P8A/m6oAP8AiB7+Bf8A0f8A/Fn/AMMf4P8A/m6oAP8AiB7+Bf8A0f8A/Fn/AMMf4P8A/m6oAP8AiB7+Bf8A0f8A/Fn/AMMf4P8A/m6oAP8AiB7+Bf8A0f8A/Fn/AMMf4P8A/m6oAP8AiB7+Bf8A0f8A/Fn/AMMf4P8A/m6oAP8AiB7+Bf8A0f8A/Fn/AMMf4P8A/m6oAP8AiB7+Bf8A0f8A/Fn/AMMf4P8A/m6oAP8AiB7+Bf8A0f8A/Fn/AMMf4P8A/m6oAP8AiB7+Bf8A0f8A/Fn/AMMf4P8A/m6oAP8AiB7+Bf8A0f8A/Fn/AMMf4P8A/m6oAP8AiB7+Bf8A0f8A/Fn/AMMf4P8A/m6oAD/wY9/AvHH7f/xZz2z8D/B+P/U6H8/yoAB/wY9/Avv+3/8AFnPt8D/B/wD83R/n+dAB/wAQPfwL/wCj/wD4s/8Ahj/B/wD83VAB/wAQPfwL/wCj/wD4s/8Ahj/B/wD83VAB/wAQPfwL/wCj/wD4s/8Ahj/B/wD83VAB/wAQPfwL/wCj/wD4s/8Ahj/B/wD83VAB/wAQPfwL/wCj/wD4s/8Ahj/B/wD83VAB/wAQPfwL/wCj/wD4s/8Ahj/B/wD83VAB/wAQPfwL/wCj/wD4s/8Ahj/B/wD83VAB/wAQPfwL/wCj/wD4s/8Ahj/B/wD83VAB/wAQPfwL/wCj/wD4s/8Ahj/B/wD83VAB/wAQPfwL/wCj/wD4s/8Ahj/B/wD83VAB/wAQPfwL/wCj/wD4s/8Ahj/B/wD83VAB/wAQPfwL/wCj/wD4s/8Ahj/B/wD83VAB/wAQPfwL/wCj/wD4s/8Ahj/B/wD83VAB/wAQPfwL/wCj/wD4s/8Ahj/B/wD83VAB/wAQPfwL/wCj/wD4s/8Ahj/B/wD83VAB/wAQPfwL/wCj/wD4s/8Ahj/B/wD83VAB/wAQPfwL/wCj/wD4s/8Ahj/B/wD83VAB/wAQPfwL/wCj/wD4s/8Ahj/B/wD83VAB/wAQPfwL/wCj/wD4s/8Ahj/B/wD83VAB/wAQPfwL/wCj/wD4s/8Ahj/B/wD83VAB/wAQPfwL/wCj/wD4s/8Ahj/B/wD83VAB/wAQPfwL/wCj/wD4s/8Ahj/B/wD83VAB/wAQPfwL/wCj/wD4s/8Ahj/B/wD83VAB/wAQPfwL/wCj/wD4s/8Ahj/B/wD83VAB/wAQPfwL/wCj/wD4s/8Ahj/B/wD83VAB/wAQPfwL/wCj/wD4s/8Ahj/B/wD83VAB/wAQPfwL/wCj/wD4s/8Ahj/B/wD83VAB/wAQPfwL/wCj/wD4s/8Ahj/B/wD83VAB/wAQPfwL/wCj/wD4s/8Ahj/B/wD83VAB/wAQPfwL/wCj/wD4s/8Ahj/B/wD83VAB/wAQPfwL/wCj/wD4s/8Ahj/B/wD83VAB/wAQPfwL/wCj/wD4s/8Ahj/B/wD83VAB/wAQPfwL/wCj/wD4s/8Ahj/B/wD83VAB/wAQPfwL/wCj/wD4s/8Ahj/B/wD83VAB/wAQPfwL/wCj/wD4s/8Ahj/B/wD83VAB/wAQPfwL/wCj/wD4s/8Ahj/B/wD83VAB/wAQPfwL/wCj/wD4s/8Ahj/B/wD83VACD/gx7+Bnf9v/AOLGcnp8D/B447f8z0ecdfXrxnFAC/8AED38C/8Ao/8A+LP/AIY/wf8A/N1QAf8AED38C/8Ao/8A+LP/AIY/wf8A/N1QAf8AED38C/8Ao/8A+LP/AIY/wf8A/N1QAf8AED38C/8Ao/8A+LP/AIY/wf8A/N1QAf8AED38C/8Ao/8A+LP/AIY/wf8A/N1QAf8AED38C/8Ao/8A+LP/AIY/wf8A/N1QAf8AED38C/8Ao/8A+LP/AIY/wf8A/N1QAf8AED38C/8Ao/8A+LP/AIY/wf8A/N1QAf8AED38C/8Ao/8A+LP/AIY/wf8A/N1QAf8AED38C/8Ao/8A+LP/AIY/wf8A/N1QAf8AED38C/8Ao/8A+LP/AIY/wf8A/N1QAf8AED38C/8Ao/8A+LP/AIY/wf8A/N1QAf8AED38C/8Ao/8A+LP/AIY/wf8A/N1QAf8AED38C/8Ao/8A+LP/AIY/wf8A/N1QB+9v/BGH/giv4H/4I3eG/j94d8F/Hnxd8ck+PeufD3WtRuPFPgzRPBy+G2+H1h4tsbWGwg0nVtYe+bVB4tuHu5bq5jSEWFqlvApe4eUA/bagD//Q/v4oAKACgAoAKACgAoAKAPz3/wCCsXwM1j9pT/gml+3J8FPDdlLqXirxt+zT8VE8H6XBFJPNqvjTw/4ZvPFXg7SoYog0rS6n4n0PSrCMxpK6PcB1imZREwB/kh/8EXrmK1/4K1f8E4pZmCo37ZXwBtgSQP3t58RNCtIF5xy006KB1JbAySBQB/p0/wDBzLcR2v8AwQ7/AG75JThW8OfBa3H/AF0u/wBpb4M2kQ7dZZ0H+PSgD/Ps/wCDXn4Fat8bv+C0H7Ll3a2F1deH/gnZ/Ev46eM7q2QsNJ0rwf4A13RvDV9ctgrHbXHxM8U+AtHkd8AnVERSZHQUAf691ABQAUAFABQAUAFABQAUAFABQAUAFABQAUAFABQAUAFABQAUAFABQAUAFABQAUAFABQAUAFABQAUAFABQAUAFABQAUAFABQAUAFABQAUAFABQAUAFABQAUAFABQAUAFABQAUAFABQAUAFABQAUAFABQAUAFABQAUAFABQAUAFABQAUAFABQAUAFABQAUAFABQAUAFABQAUAFABQAUAFABQAUAFAH/9H+/igAoAKACgAoAKACgAoAKAP8x7/gsj/wSW+Kf/BIP/gpP8Mf+CmP7PXww8ReNv2JNM/ac+Gv7TmzwRpdzqrfALxd4Q+JXh74ieJvht4wit4Bb+HPBOq63YXR+GPiTUWtvDy6XqNp4I1K+j1fSIbjXAD9k/8Ag5B/4Ktfsm/tXf8ABMTwj+y/+xR8ZvCH7UXxg/bh+IfwftvD3wt+CWqxfEH4j6T4M8I+KtI+KE7+MPAvhhtR8T+EvEk/jHwt4P8ACdj4J8R6Vp/irUNZvtThstHn/wCEd1t7AA+yf+DZT/gjF4p/4Jofs/8Ai744/tG6Fb6T+1z+0vY6MuueGGmiu7v4NfCPTWXVPD3w1vp4Glt18Ya3rEreJ/iGlncz2trdWnhXw5k3vhW9u78A/bz4s/8ABRT9gP4C+OD8M/jb+2x+yl8JfiJFKkV54I+Ivx/+Fng/xVpbSBmibW9C13xRY6locM21hDcaxBYwTOpjikdwVoA+rPDPijw1418P6R4s8G+ItC8W+FfEFjDqeg+JfDOr6fr3h/W9NuV3W+oaRrOlXF3p2pWM6/NDd2dzNBKvKSECgDdoAKACgAoAKACgAoAKACgAoAKACgAoAKACgAoAKACgAoAKACgAoAKACgAoAKACgAoAKACgAoAKAPjb4s/8FFP2A/gL44Pwz+Nv7bH7KXwl+IkUqRXngj4i/H/4WeD/ABVpbSBmibW9C13xRY6locM21hDcaxBYwTOpjikdwVoA+rPDPijw1418P6R4s8G+ItC8W+FfEFjDqeg+JfDOr6fr3h/W9NuV3W+oaRrOlXF3p2pWM6/NDd2dzNBKvKSECgDdoAKACgD5f+OX7bf7G37MeoQaP+0Z+1b+zn8C9buorS4tdB+LXxo+HfgDX7u2vnMdrdWuheJ/EWl6tc2kxV2F1BaSW6xRTTvKkMMjoAes/C34xfCP45eFYfHXwU+Kfw4+MPgi4uZLODxj8LfHHhn4g+FZ7uGOGaa1h8Q+EtT1fSJLmKG4t5ZIEuzKkc8MjKElRmAPR6APMfiL8bfgz8H20hfi38XPhj8LW8Qi/bQF+Ivj7wr4JbW10s2Y1NtIHibVtLOpDTjqGni/NkJxZm+sxceX9pg3gHmf/Dav7G3/AEdr+zL/AOH5+Fn/AM1dAHZ+BP2jv2efilrv/CL/AAx+PPwY+I3ib7Fcal/wjvgT4o+CPF+u/wBnWjRJd3/9keH9d1G/+xWzXEC3F19n8iFpohJIplQMAez0AFABQAUAFABQAUAFABQAUAFABQAUAFABQAUAFABQAUAFABQAUAFABQAUAFABQAUAFAHxD4h/4KY/8E6PCXxCl+E3in9vH9j3w58S7a/Ok3fgjW/2kPhDpniOw1jzY4F0TUtMvPF0M+na5JNLHFBot+INUnd0ENm5ZQwB9r2t1a31rbX1jcwXlleQQ3VpeWs0dxa3VrcRrNb3NtcQs8U8E8TpLDNE7xyxurozKwNAE9ABQAjMqKzOwVVBZmYgKqgZLMTgAADJJOAOTjFAHzN/w2r+xt/0dr+zL/4fn4Wf/NXQAf8ADav7G3/R2v7Mv/h+fhZ/81dAH0B4d8SeHfGGhaV4o8Ja9ovijw1rtlDqWieIvDuqWOt6FrGnXC77e/0rV9NnurDULKdTuhurS4mglXlJGBBoA2qACgAoAKACgAoAKACgAoAKACgAoA//0v7+KACgAoAKACgAoAKACgAoAgurW1vrW5sr22gvLK8gmtbu0uoY7i1urW4jaK4trmCVXingnid4poZUeOSNmR1ZWYUAeT+CP2e/gH8MvEOoeLvhv8D/AIQfD7xZqyzJqvifwR8NPBfhTxDqaXHliddQ1rQdFsNSvFnEUQmW5uZRJ5ce/O1RQB/MZ/wdNf8ABZfxx/wT/wDgv4M/ZN/Zm8VXnhH9qD9pbw/qeva54/0af7N4h+D3wLhu73w7d694ZvEdLnR/HPxD1+11Pw54Q8R2ay3XhvTvDfjTV9Om0rxNB4Y1a1AOR/4Nj/8Agmh+yp8Rf+CR0fxo/aB+B3w7+Nvjz9uTxP8AGrUPiZ4o+KXhjS/GPie88C+HviH4p+FOmeF7LX9atbrWNFtJL/wXrHjYX2k3llq03iTxB/b737X1jpE9kAfzi/8ABJT/AIKd+Pv+CJ3/AAVP+Mn7DfxE8f63rP7DCftYfFX9nL4keHPE+p3F5o/wv1jwx8Uda+G+ifHzw1E7mHQL/SrrR9Pn+JQ0uBbXxX4LOpTXen6hrui+E7rSwD/U6oAKACgAoAKACgAoAKACgAoAKACgAoAKACgAoAKACgAoAKACgAoAKACgAoAKACgAoAKACgAoA/kt/wCDpr/gsv44/wCCf/wX8Gfsm/szeKrzwj+1B+0t4f1PXtc8f6NP9m8Q/B74Fw3d74du9e8M3iOlzo/jn4h6/a6n4c8IeI7NZbrw3p3hvxpq+nTaV4mg8MatagHI/wDBsf8A8E0P2VPiL/wSOj+NH7QPwO+Hfxt8eftyeJ/jVqHxM8UfFLwxpfjHxPeeBfD3xD8U/CnTPC9lr+tWt1rGi2kl/wCC9Y8bC+0m8stWm8SeIP7fe/a+sdInsgD+cX/gkp/wU78ff8ETv+Cp/wAZP2G/iJ4/1vWf2GE/aw+Kv7OXxI8OeJ9TuLzR/hfrHhj4o618N9E+PnhqJ3MOgX+lXWj6fP8AEoaXAtr4r8FnUprvT9Q13RfCd1pYB/qdUAFAH4ff8Fsf25f2k/2fPh18LP2Tf2AfAeo/Ez/goR+29f8AjDwT8CdN0ltMZvhZ4N8J6VaXfxO+OmsPq80Oh6XD4MsdY0u08Pap4rutN8K6frWoyeJdXur/AE7wlqOg6qAfwv8A7Wv/AAazf8FofCvgXx9+1N8RNX+F37Unjya11Lx78SdA8DfGDx98Tv2hNZmiIn1rUrpPHXgPw9H8QPEMdmst9JYeHfF/ifxBqkdq9lo1pquovZWNwAfj9/wTI/4KW/tBf8Evv2mvBXx5+DXiTXp/CkGuabF8Yfg6Nf1DT/BPxm8BB5LbWvDHifSkkk0uXVotNvL+fwb4lu9Pvb3wf4k+xa1YxyrDcWd2Af7ZPhzX9K8V+HtC8U6FdJfaH4l0bS9f0a9j/wBXeaVrNjBqOnXSdfkuLS5hlXno/egD/O3/AODkP9nz9uL/AIK0f8FQPGnwe/Yp+BXi748eCv8Agnz8IvhT8NPiGfDOr+E9O0nw58T/AI5WmtfF7UpjdeK/EWg213qOp+GJfCuhaja6U95Jps/gzytTWzmmhSUA/Br/AIhyv+C13/RgvxM/8LD4P/8AzxaAP7AP+DUf/gjp+0r+wj4s/ao/aQ/bN+DGp/B34p+KtB8J/Bb4RaBr+p+FtW1ZfAkt9/wm3xM1zzfDGt6/aw2Wva7pXw506wElza3Ql8MawJIZIZoXUA/tGoAKACgAoAKACgAoAKACgAoAKACgAoAKACgAoAKACgAoAKACgAoAKACgAoAKACgAoA/g5/4O0f8AgtP8R/hN4gh/4JjfsteN9X8Da5qXhTTPE/7Wfj/wrqE2leJotD8YWEGp+DfgjoutWU0OpaHBr3hq4g8X/Eaay8i41vwz4g8J+GotR/sXUvGOk6kAfp9/wTs/4IufsfePP+CCXwm+B/ir4FfDfWfiJ+1f+yho3xp8UfFTVfCWh3fxNtPi78aPAg+IPgLxTYeNJ7Fte0nUfhfJ4k8PaP4YtbK+t7Cy0/Q5bG5tbiHVteTUgD+cn/g1Q/4LQfEX4IftD+CP+Cbn7QfjfU/Ef7PHx01P/hFfgBc+KNQur6b4J/Ge9eWXw74O8O3N1LLNZeA/itqLv4aXwrEj2Gl/EPUfDuq6PDpMWt+MZ9SAP9L6gAoA/MH/AILPftL3f7Jf/BMD9sn4w6HcXEHjU/CLVfhn8MxY731Z/if8aruy+EPw/n0e1hzcXuo6V4n8bafrqWtujyG30q4lZRBDM6gH+Xv/AMQ5f/Ba7/owX4mf+Fh8Hx+h+IuR+NAHS+DP+Da//gs34m8YeFPDmtfsU+OvBuj+IPEuhaJq3i/WfFnwpm0fwrpmq6pa2F/4k1WKx+IE97Lpuh2txLqd9HZwTXT2trKtvFJMURgD/XZ+Dfwq8IfAn4RfC74JfD6x/szwJ8IPh54M+GPgzT8Jmz8L+BPDuneF9Bt3MaRo0semaXbLLIqL5koaQgFjuAPSKACgAoAKACgAoAKAOW8c/wDCbf8ACE+MP+FaHwsPiN/wi3iD/hAD45GrN4JHjb+ybv8A4RU+MF0Arrp8LDXfsH/CQDRWXVjpP2sacReGA0AfwN/8Ft/+CxX/AAcKf8Eyvit4L+F/xI8afsXeAtG+LvhPVfFvww+Jn7Mfwg1vxNo2pWeh6ouj+INFu4P2kLrxzd2Hi/w3LdaNeaxZSaLqGjGy8Q6JdWGpXRubuysAD9udL/4OBfBnhP8A4I+/siftr654MvvjL+17+1T4Vufhp8If2X/hrZ3eoeMPjR+034F1bUvh58Q49G8NeH9P1DW9I8B2HjPQLnxHrM+n6Vf3OlaNr3hzw7o8Wq6/4h8O22pAH5Cf8EXP+C6X/BYv9rf/AIK26R+yn+1Z8PrWT4YeKbH4m3fxV+FcXwAPwv1X9mKw8P8Ag3XvEXh3xAdRu7Kx8d6Rp8Xi/TvDngeeD4sa34ml1RPFC2NmzeJrnSJGAP7z6AP/0/7+KACgAoAKACgAoAKACgAoAKACgD/Ho/4OXvjVq3xr/wCC0P7Y1ze3VzLpHww13wT8FfCtjPO00ekaT8N/h94Z0rV7W0Bd1httQ8by+LvERgjCKl1rlyWQSs7MAf6KX/BtpEkP/BEf9gpIxhT4G+JcpA/vz/Hn4rTyH6tJIzH3PvQB/l4/8Fjokh/4Kw/8FIkjGFP7bP7Skp/35/iz4pnkP4ySMfxoA/1wP+CR3xr1j9on/gmL+wl8YPEl5c6l4o8V/sx/CiDxbqt5L513rHi7wv4YsvB/ivWriQsxabWfEWgalqkm5mZWuyrHcp3AH6J0AFABQAUAFABQAUAFABQAUAFABQAUAFABQAUAFABQAUAFABQAUAFABQAUAFABQAUAFABQB/j0f8HL3xq1b41/8Fof2xrm9urmXSPhhrvgn4K+FbGedpo9I0n4b/D7wzpWr2toC7rDbah43l8XeIjBGEVLrXLksglZ2YA/0Uv+DbSJIf8AgiP+wUkYwp8DfEuUgf35/jz8Vp5D9WkkZj7n3oA/y8f+Cx0SQ/8ABWH/AIKRJGMKf22f2lJT/vz/ABZ8UzyH8ZJGP40Af64H/BI7416x+0T/AMExf2EvjB4kvLnUvFHiv9mP4UQeLdVvJfOu9Y8XeF/DFl4P8V61cSFmLTaz4i0DUtUk3MzK12VY7lO4A/ROgDx5PgD8IF+PU/7TzeCLCf48T/Cu1+CKfEW7vNXvNUsPhXa+KbvxqfBujWN3qM+h6Fp9/wCKbw6zrVxoul2Go+ILm00ldcvdQg0TR4bIA9hoA/xNv2ufgcf2gP8Agrx+1F+z3+yf4dh8QR/FP9vz44/Df4JeH/Dtup0aW08QfHXxTpHhxdKTTYXhsfBunWsqXcF6sQtNJ8J2n9oXbJbWc8igH+zZ4C8O+G/2d/gL4L8J6rrsUPhD4GfCLw54d1HxNqO+CGLw38MvBtnpt5rt9vkuHhij0zRJNQut0s7xoH3SSld7AH+Vp+zt/wAHOf7af7IPxj/bF+IHwV+GP7OfjHRv2vP2qfiP+0p4s/4XV4N+IGu+LrN/Fs9vYeGvCFhr3gr4r+Bo7Tw54M8Ladp+l+H9MuLLUl0+WXUpDcXMdysSAH9BH7Ff/B6r8JfGviPw94M/bs/Zj1D4LWeozRWep/Gz4JeIdT+IPg3SppiFGo658KdW0uPxzpGg2pBe7n8N+KPiLrmxh9k8PXToysAf2zfDH4nfD340fD3wb8WPhR4x0D4gfDb4heHtN8V+CvGnhfUIdU0DxH4f1e3W5sNT02+gJSSKaJwHjYRz206y2t1DBcwzQoAd1QAUAFABQAUAFABQAUAFABQAUAFABQAUAFABQAUAFABQAUAFABQAUAFABQAUAFABQB/h0/8ABTL41at+0T/wUM/bW+NGsXVzdSePP2m/jLqGlC7na4lsPCtj451nRvBWiiZnkLQeH/B+m6HodoFbYlrp0McYSNUSgD/ZQ/4J2RJB/wAE/P2FoIxtjh/Y5/ZjijUdFSP4KeCEUD6KAKAP8RpPFviD4ZfGVfHXgrUp9D8VfD74mjxb4S1i0YpdaP4g8KeKv7Y0HUrZ1Ksk+n6jYWt1CyspWSJSCMA0Af7uHwt8c2nxP+GPw5+JdhAbWw+IfgTwh45srZnEjW9p4t8P6fr9tAzjIcww6gkZcHDFcjORQB3dAH8Xv/B4P+3Zq/7OPgr/AIJ+/BzwNH4e1rxfc/tI2P7W2teGvEtrPqnhvVNL/Zqn0xfAnh/xzo9rf6Zdar4O8X+NfGdxdXmmQX9nJqP/AAg1zGt9ZPDHIwB+S/wd/wCD2j9t7QdasD8ef2Sv2X/id4YiKpqFp8L734o/BzxRdx5XMsWveJfGHxo0SGcLuJVfCPku20BYgCzAH9ff/BKT/gvH+xR/wVjguvCPws1DXfhT+0RoWiT+IPE/7PHxNFnD4q/sazlht7/xD4F8Q6e8nh74h+G7Oa4iF3PpU1l4k0qGSK78ReE9DtbqznuAD9r6ACgAoAKACgAoAKACgAoA/i8/4PX/AIIHxZ+w7+yx8fbSyN1ffBj9pDUfAl9Oke6TTvDHxr8Aard6heySYwlo/iX4U+DdPkGcvd39iArAFkAPkj/gy5/Z8+E/xKtvj/8AtReOtY1bx18av2bdR0z4I/BPwz4huH1Hw58Cvh18VbPXPG/i3xP4Esbqe4h0jxF8UPEUvijR9Sv7G0sJ7PS9M8RW0N1cx+M9ciUA/v3EUayPMI0E0iRxyShFEjxxGVoo3cDcyRNNM0asSqGWUqAXYsAPoA//1P7+KACgAoAKACgAoAKACgAoAKACgD/F2/4Ly+GtQ8J/8Fif+Chul6kJhcXX7R/i7xLGJ/v/ANn+NLfTfGOklen7k6Vrtmbf/pgYsZwDQB/pkf8ABtz/AMoSf2Cf+xC+Iv8A6vP4pUAf5eP/AAWT/wCUsn/BSD/s9X9o7/1afiagD/VU/wCCBfhe/wDCH/BG/wD4J66TqME9vcXf7Pmh+KI47gMJGsPHGsa3400udd2T5F1pmv2lzakfKbaaIphCBQB+vdABQAUAFABQAUAFABQAUAFABQAUAFABQAUAFABQAUAFABQAUAFABQAUAFABQAUAFABQAUAf4u3/AAXl8Nah4T/4LE/8FDdL1ITC4uv2j/F3iWMT/f8A7P8AGlvpvjHSSvT9ydK12zNv/wBMDFjOAaAP9Mj/AINuf+UJP7BP/YhfEX/1efxSoA/y8f8Agsn/AMpZP+CkH/Z6v7R3/q0/E1AH+qp/wQL8L3/hD/gjf/wT10nUYJ7e4u/2fND8URx3AYSNYeONY1vxppc67snyLrTNftLm1I+U200RTCECgD9e6ACgD8Q/+C7f/BT+L/gnP+yTd6L8LDd+J/20v2nHvvg5+yR8NPDVrca14yvfG/iJLfRL34jWHh/TorrU7+1+HY1qxvNJtbexuz4g8e3/AIM8JrA0et3NxaAH54f8G53/AAb+f8O/NHtv2zf2v9MtNc/bh8f6JeDw34YubuLWbT9m7wp4os2TWNM+3o9xa6r8YfFVjdz2PjrxJa3N3baBpVxd+DfDt7PBfeKdT8RAH9RPxa+F/g743/Cz4kfBn4iWV/qXgD4s+BPFnw28cabpetax4b1DUvCHjfQr7w34k0+z8QeHr7TNd0W4vtG1K8tY9T0fUbHU7IzefZXdvcIkqgH8yfxg/wCDPH/gkr8QNGv7b4cyftGfAjXZI2bS9W8H/FkeMdPs7kZMX2/Rvih4e8ZzalYZIE9tb6xpN5KihYdTtnJloA/kt/4K4f8ABr/+1b/wTY+H2u/tDfC7x1YftY/s0eGIzeeOfE/h7wld+Dfid8K9LMjbtd8cfD4av4ntL7wXYK9vDqHjXwv4j1FbA/aNT8SeHPCuiw/2hQB+6n/Bkv8AtTeNvFfwp/bF/ZA8T6xNqXg/4Q+IPhz8ZPhTZXU09xNoMXxRPi/QviXo9i00jrZ6CdY8H+EdfstMtFitote8ReKtTZDdaxcSSgH91lABQAUAFABQAUAFABQAUAFABQAUAFABQAUAFABQAUAFABQAUAFABQAUAFABQAUAFAH+Dv8AtN+GtQ8F/tJftB+DtWEw1Xwn8cPix4a1IXH+vGoaF491/S7wT5wfOFxayiTI+/npQB/tjf8ABPL/AJMC/Yb/AOzPf2Z//VLeCqAP8PPx1/yO/jH/ALGrxD/6d7ygD/dS/ZT8L3/gf9l39m3wXqkE9rqfhD4B/B7wvqNtdBhc29/4f+Hnh3SbyC4DZYTw3FpJHMGO4SK2cnNAHvlAH5If8FA/+CIf/BPz/gpr8RtA+Lf7VvgDx74j+I3hbwHZfDXw74l8K/Frx54PTSPCOn654g8R2tha+HNN1d/CBuRrPijWbyfU5vD8mo3vnwQX1zdWtjZW9uAfzn/tbf8ABk58Ede07Wdd/Yj/AGr/AB/8OvEaWlzdaR8Pf2iNH0n4heDdT1MRN9m0ofEHwPpfg/xP4P0mSbYH1K68H/EnULZN+bW8LLsAP4sPE/gH9sr/AIIzft7+Dz4/8Lap8I/2lf2ZPiJ4W+I3h5JLp7jw94s03TtS+16bq2h65psq2XjH4Y/ELSrfUNEvp7G4ey1nRL3XfDesW9rfQ6zpFqAf7Z3hPxJp/jHwt4a8XaQxfSvFXh/RvEmmO2Nz6frmnW2p2TNjjLW11ETjjJ4oA6CgAoAKACgAoAKACgD8o/23f+C2P/BOX/gnd8bvAn7Pv7V/xvvfAPxG8d+GbTxolnpfw+8e+ONO8KeEtT1PVNG0XXvGd94M8P62dFtta1PRNXtrG0hgv9VSGxfU7+wsdHntNRnAP5wP+CzP7Q3iX/gu98PP2jvgV/wTw8ejxZ+xX/wT5+Avi39rL9o74zaJousjQfj78fvDXhzX9V+FP7Ovw9l1C20u61y30Pw1pXjDxlqGoW8F5oura5DaRxRrf6H4TvdcAPye/wCDO/8Abc+GX7M/7Zf7RHwR+MnxG8I/DDwT+0l8GdF1TQvEHjrxLpPhXw3efE74L+Iby/8AD2gS6vrt5YaXbX2o+CvHnxIvLHz7lHuptJFhAslzd28bAH+h1+x1+2f8Pf23/D3xQ+I3wY8P+Kbn4J+Dfiprnww+G/xq1OLToPA37QkXhKy0+28X+PvhE0V4+rav8PdH8bSa94GsfFd5p9ro/inUPDWoal4YvdV00vLAAfYVAH//1f7+KACgAoAKACgAoAKACgAoAKACgD/M3/4PJP2C/FPwr/bL8Eft6+HNDurn4V/tQeE/DXgXx5r9ta7rTQfjp8LvDyeHbHTtWuIh5dr/AMJh8KdD8M3XhsXP7/UrjwX4zMbNHpu1QD+tD/g1/wDF1j4t/wCCH/7FgtZ45LvwxD8c/COrwI257K+0f9oz4sm2gm/uyT6LdaRqKr2hvovWgD/N4/ae+Cnj3/goJ/wXD/al+CPwGsZPEXiv9on/AIKI/tEeHfBc9vGbuztdA1H43eNprnxlqTwtti8N+F/B9pfeMfEF6JRDYeH9K1C7aXy4C7AH+xx8Hfhd4X+B3wj+FnwV8Dwy23gv4P8Aw48D/C7whbzsrzweF/h/4Z0zwn4fhmdFRGli0nSLRJGVEVnUlVUHFAHo9ABQAUAFABQAUAFABQAUAFABQAUAFABQAUAFABQAUAFABQAUAFABQAUAFABQAUAFABQAUAf5m/8AweSfsF+KfhX+2X4I/b18OaHdXPwr/ag8J+GvAvjzX7a13Wmg/HT4XeHk8O2OnatcRDy7X/hMPhTofhm68Ni5/f6lceC/GZjZo9N2qAf1of8ABr/4usfFv/BD/wDYsFrPHJd+GIfjn4R1eBG3PZX2j/tGfFk20E392SfRbrSNRVe0N9F60Af5vH7T3wU8e/8ABQT/AILh/tS/BH4DWMniLxX+0T/wUR/aI8O+C57eM3dna6BqPxu8bTXPjLUnhbbF4b8L+D7S+8Y+IL0SiGw8P6VqF20vlwF2AP8AYc8CeEvh1+y3+z94N8C6feL4d+Ev7Onwc8O+ErK/1JmdNC+HXwi8FWej215ftbxFnXTPDXh5JrpoICzCCQxxElUoA/jC0r/g9o+Dd3+05D4S1L9jjxTpf7Jtx4tTw8PjGfiXHdfFmy8MPe/ZV+I178J4PBn9jSQrCUv7rwLZ+OZtVt7ASvbeIdQ1JU0iUA/qy/b3/wCCif7OH/BO/wDZS8SftafG7xRbzeDrfTLVfh14a0W7tX8T/GLxjrmnS3/hDwP4AtZmAv8AVPEUUZvJb4r/AGdoHh+31PxPrUttouk31xEAfwL/ALHX/Bw5+xBo/wC1n8R/+CkX/BQr4G/tKftB/tx+KL/U/DXwbtfBmifC2/8AgT+yF8E7Wa+tfDHw++A2neMfihousN4kutLvbybxb8Q9U0XTtau7vWNbh02K2udd8Y674zAP1m+JH/B7j+yRZeGNYk+EH7G37RniXxmLC4Hh+y+JGv8Aw08D+GG1RonFq2san4Y8TfELVY7CKfZJcJZaTJcTxK8Ucls7rMoB9s/sWf8ABTIfsI/8ELfDv/BT/wDb71f4g/En4hftSfGT4nfGm48IeG2fUdY1zxf8b/ip4stPhf8ADv4d23ifWodI8IeBNP8Ahp4R0nXtO06TUrXRvCnhGw1CPSrXVL+Gz0/VQD3z/gm5/wAHMH/BOj/goj4psfhSdd8Q/sv/AB01W5t7Hw58N/j9ceHNG0rx9f3O1Y7D4c/ETStYvvCmvaq88kNnaeG9dl8J+MNZvJfL8P8AhzVooppkAP26/aF8Y/CD4f8AwI+MfjT9oG/8Pab8DfDnw08a6l8W7rxWLd/Dh+HkXh+/XxZaavb3IaG+tNQ0Z7vT200pNJqb3SafBBPPcxwOAfyVf8Gb/wCwZ47+A/7Mvx6/bL+I3h3VfCsf7XWteCtH+DGia9FJBq8/wb+F7eK54PHTQyWtpINM8feJPF91DotzLEi6tpHg6x8R6bENF13Tbu9AP7NqACgAoAKACgAoAKACgAoAKACgAoAKACgAoAKACgAoAKACgAoAKACgAoAKACgAoAKAP8jj/g6B/YL8U/sb/wDBUT4ufEi30O6h+Df7ZGr6x+0P8NfEaWuzTLrxX4luYLr42eFnuYgLb+3NA+JGoajrtzYrtng8NeMvCV5OC2oh2AP9LT/gmb8TfDt//wAEpv2E/ind6hBFoGnfsI/s769r975ieTp3/CL/AAM8KjxVHNKzKgbSL3StTtblnZVWS0k3MACVAP8AJm/4JC/sSeKP+Ckf/BSL4C/A2y0K81TwVf8AxDsvil8d72GMvaeHfgh4M16x8Q/EW81G8KmKyOtWbQeCdDuZ1aOfxX4q8P2XlSveJGwB/sb/ALTn7RPw2/ZJ/Z8+MP7S/wAX72+sPht8E/AWv/EDxZJpdoL/AFi6sNDtGmi0jRLFpbeO813Xb42ui6JazXNrb3Gq6hZxXN3aQNLcRAH8j37D3/B4v8N/2m/2xfAH7PHxe/ZHvfgb8MvjN8QNI+G3w5+KmmfFj/hPdW8O+JPFesW3h/wQPiN4YfwJ4Zs4tI1/Vr6xtdZ1nQtamTwe92sstnrum293qtuAfaH7Xv8AwdcfsH/scftqePP2QPGvwr+PvjS0+EviYeBPil8X/AemeDrvQPDvje3NsmvaXpHhfW/FOi6/4k0vwjc3E2m+JdViOn3g1XTNVtvD2ieI7aKyvdQAP37/AGXf2t/2bf20/hVpHxr/AGXPjD4M+Mvw31fbENb8J6iZbvRtRMMc8mg+LfD17HZ+I/Bnia1ilikvPDXivStH120jliknsEilidwD+Qb/AIOb/wBlbTP+CkX/AAUq/wCCV37EPwJtLXWP2i9T0L4tan+0BrehwRXN78Jf2ada8U/DG40Lxt8RL2GzuTpuh6CNH+L2teGLXU7iIzare/2Zp9jdan430SK9AP7cNE0bTvDui6R4f0i3FppOhaXp+jaZaqSVttO0y0isrK3BYliIbaCKMEkkhcknOaANSgAoAKACgAoAKACgD+bv/grR/wAG1/7N/wDwVY/aP8MftP6/8cfib8CviDB4T0PwN8RLfwjoXh/xbo3j7QPC8l5/wj19a22vTWcvhTxVZWV++kXOrRT6zo99pdjpKnw1Bf215qOpAH66fsM/sC/s1f8ABPL9mzQP2Wf2cvBh0r4c6a2oah4lvfEc0OveKfiV4q1y2t7TxL4z+ImrSWttDr3iDxBBaWtpdIllZ6Np+kWen+HdC0nSfDul6bpNoAfz0w/8Gb//AATif9p/VPjLqnxG+Nt98DbzxXN4ts/2WbS90TRvC9p9pvJb+XwVL8RdOs4/Gz/DuKaUWVhpWnPo/i600WKKxfx1Pdg6lQB/V94J8E+D/hr4P8L/AA9+H3hnQ/BfgbwToOleFvCHhHwzptro/h7w14c0Oyh07R9E0XSrGKCz0/TdNsbeC1s7S3hjihhiREUAUAdRQB//1v7+KACgAoAKACgAoAKACgAoAKACgD52/at/ZU+Bf7a3wG8f/s2/tG+B7Dx98KviNpZ0/WNKuv3GoaZfQN5+j+J/DGrRo134f8WeG9QSHVfD2vWBS606/gjcebbvcW84B/Pt+yp/wR0/4Kj/APBMTwD8a/2cf+Cd37d/7O2t/s1fFnxFrnibwcv7WHwZ8eax8Xv2ftd8RaNaaLqHif4far8OPFdn4K8SeJPsthp088XiPw5Z+C9Q1zS7PxCvgzTZLnXNO1oA+rP+CPH/AAQN/Zx/4JPHxF8UH8W6r+0b+1p48sLnTfF/7QfjPQ7fRX0fSdSuRe6v4e+GnhdtS8QT+FNP1u7WGfxPrOo+I/EHijxPcQL9r1ez0lk0O3AP3moAKACgAoAKACgAoAKACgAoAKACgAoAKACgAoAKACgAoAKACgAoAKACgAoAKACgAoAKACgAoA+dv2rf2VPgX+2t8BvH/wCzb+0b4HsPH3wq+I2lnT9Y0q6/cahpl9A3n6P4n8MatGjXfh/xZ4b1BIdV8Pa9YFLrTr+CNx5tu9xbzgH8+37Kn/BHT/gqP/wTE8A/Gv8AZx/4J3ft3/s7a3+zV8WfEWueJvBy/tYfBnx5rHxe/Z+13xFo1pouoeJ/h9qvw48V2fgrxJ4k+y2GnTzxeI/Dln4L1DXNLs/EK+DNNkudc07WgD6s/wCCPH/BA39nH/gk8fEXxQfxbqv7Rv7WnjywudN8X/tB+M9Dt9FfR9J1K5F7q/h74aeF21LxBP4U0/W7tYZ/E+s6j4j8QeKPE9xAv2vV7PSWTQ7cA/cLxl4R8P8AxA8IeK/Afi3T01bwr428N654R8TaVK8kcWp+H/Eml3Wjazp8kkLxzRpe6de3Ns7xOkirIWjdXAagD+CHSv8AgyRv4P2nIbzVv2y9Evv2PoPFqau+lQeCdXt/2gL/AMGJefbP+EGmmEo8CWesS2YGgy/EG3vpYwS/iOHwFFIU8PIAfqv/AMFZv+DbT4o/8FUPj5o3xG1z/gpDf/CD4IfDXwf4c8CfAD9mu3/Zd/4Trwt8GfDum+HNC03xH/Z/iCL9ovwNH4i1vxj4g0mfXNU8RX3hWy1hdK/4R7wlNd3+k+EtHkQA/K7/AIgYv+sov/mk/wD+VrQAf8QMX/WUX/zSf/8AK1oA/rF+MP8AwSm/Zt/aB/4Jr+BP+CZPxcTWdW+Efw9+D3wl+GPhnxh4ZaLwx4w0DxB8G/C+keH/AAj8TfD3mNrNlYeJIrvSTqtzY6oNe0rUo9R1PSNci1nT9QvVuAD+QHxr/wAGPfxLi8U3Q+HP/BQLwNd+Cpb2d7GXxr8DNf03xTYaezbra3uoNC8farpOrXtuhEM95Dc6LBdsn2mOxshKLS3AP3L/AGSv+Dbfwx4E0bwRov7f37eH7V//AAUe8GfDy+0rWPBv7OfxU8eeOdB/ZG0bVdJb7Rpk2p/BHV/iD8Qf+EvXQ7sRHS7PU/Eth4WuoEmtda8H39jdPYxAH9L+n6fYaTYWOlaVY2mmaXplpbafpum6fbQ2Vhp9hZQpbWdjY2dskdvaWlpbxRwW1tBHHDBDGkUSKiKqgFugAoAKACgAoAKACgAoAKACgAoAKACgAoAKACgAoAKACgAoAKACgAoAKACgAoAKACgD4R/4KIf8E6P2af8Agpx+zzrH7O37S3hu7vNGku117wR468NyWOn/ABD+FnjK3hkgs/F/gPXL6w1O3sNRFvNNYanp9/Y3+ia/pNxcaXrOnXltInlAH4i/D/8A4I9/8FfPgX+xN41/4JhfCD/goV+zBf8A7Ini3TfGngTRPi/47+BHxRT9qf4Y/CH4halqM3i7wF4Mg0X4kyfD27ttS0/Wtbs7a71i8bVdBg1jUrLwxrGhw/8ACPS+GAD9Pv8Agkz/AMEcv2Xv+CRnwm1fwb8Gl1Lx78VvHo0+b4v/AB88ZWNhbeNPHk+mqzWOi6dY2PnWng7wFpFzNc3OieDtPu70xT3Ml7rus+I9XA1RQD7h/a3/AGZvh9+2V+zR8bf2W/im2ow+A/jj8Ptd8Ba7f6NLFDrOjf2pBu0zxFosk8c9sNY8N6xBp2v6Ut5BcWT6hptul7a3No09u4B/Gx+wr/wZxa5+z7+2d8Ofjj+0H+1Z4J+KPwT+CXxH0L4l+D/BfgXwP4i0Dxj8SdW8Fa5a694O07x3/bV9caN4M0Q6rYWF94nsdC1PxncarZW1xoFpf6cNROt2QB9x/wDBW3/g1R+Cf/BQ349+MP2qvgh8etU/Zn+M/wASbm01X4o6Hq/gv/hZHww8deI7e0jsJvFVpYQ+JPC+v+CfEWrW1vaPr89hf65oWqXdp9vj8OWGq6jq2p3oB8Nfsff8GhP7VX7N3j1/GWj/APBXT4ifs/reRR2fiG7/AGRfDPxD+H/jjxNpMckgGkzeMo/ip4Xi0+Lyri5eGW/8P+KLa2nlfbpkvmPJQB/V7+w3/wAE3f2Y/wDgn/ofisfBrR/Fniv4o/Ey7g1P4z/tHfGfxVe/E/8AaJ+NesW5Jg1H4k/E/WYo9Q1KK2JL2Wg6Ra6J4Xsbh57600SLUb2/vLoA+9aACgAoAKACgAoAKACgAoAKACgAoAKAP//X/v4oAKACgAoAKACgAoAKACgAoAKACgAoAKACgAoAKACgAoAKACgAoAKACgAoAKACgAoAKACgAoAKACgAoAKACgAoAKACgAoAKACgAoAKACgAoAKACgAoAKACgAoAKACgAoAKACgAoAKACgAoAKACgAoAKACgAoAKACgAoAKACgAoAKACgAoAKACgAoAKACgAoAKACgAoAKACgAoAKACgAoAKACgAoAKACgAoAKACgAoAKACgAoAKACgAoA//0P7+KACgAoAKACgAoAKACgAoAKACgAoAKACgAoAKACgAoAKACgAoAKACgAoAKACgAoAKACgAoAKACgAoAKACgAoAKACgAoAKACgAoAKACgAoAKACgAoAKACgAoAKACgAoAKACgAoAKACgAoAKACgAoAKACgAoAKACgAoAKACgAoAKACgAoAKACgAoAKACgAoAKACgAoAKACgAoAKACgAoAKACgAoAKACgAoAKACgAoAKACgAoAKACgAoAKAP/9k=</file>
    </questiontext>
    <generalfeedback format="html">
      <text><![CDATA[<br>]]></text>
<file name="pdr_neregularni.jpg" path="/" encoding="base64">/9j/4AAQSkZJRgABAQAASABIAAD/4QBMRXhpZgAATU0AKgAAAAgAAgESAAMAAAABAAEAAIdpAAQAAAABAAAAJgAAAAAAAqACAAQAAAABAAABLKADAAQAAAABAAAAjQAAAAD/4QkhaHR0cDovL25zLmFkb2JlLmNvbS94YXAvMS4wLwA8P3hwYWNrZXQgYmVnaW49Iu+7vyIgaWQ9Ilc1TTBNcENlaGlIenJlU3pOVGN6a2M5ZCI/PiA8eDp4bXBtZXRhIHhtbG5zOng9ImFkb2JlOm5zOm1ldGEvIiB4OnhtcHRrPSJYTVAgQ29yZSA1LjQuMCI+IDxyZGY6UkRGIHhtbG5zOnJkZj0iaHR0cDovL3d3dy53My5vcmcvMTk5OS8wMi8yMi1yZGYtc3ludGF4LW5zIyI+IDxyZGY6RGVzY3JpcHRpb24gcmRmOmFib3V0PSIiLz4gPC9yZGY6UkRGPiA8L3g6eG1wbWV0YT4gICAgICAgICAgICAgICAgICAgICAgICAgICAgICAgICAgICAgICAgICAgICAgICAgICAgICAgICAgICAgICAgICAgICAgICAgICAgICAgICAgICAgICAgICAgICAgICAgICAgICAgICAgICAgICAgICAgICAgICAgICAgICAgICAgICAgICAgICAgICAgICAgICAgICAgICAgICAgICAgICAgICAgICAgICAgICAgICAgICAgICAgICAgICAgICAgICAgICAgICAgICAgICAgICAgICAgICAgICAgICAgICAgICAgICAgICAgICAgICAgICAgICAgICAgICAgICAgICAgICAgICAgICAgICAgICAgICAgICAgICAgICAgICAgICAgICAgICAgICAgICAgICAgICAgICAgICAgICAgICAgICAgICAgICAgICAgICAgICAgICAgICAgICAgICAgICAgICAgICAgICAgICAgICAgICAgICAgICAgICAgICAgICAgICAgICAgICAgICAgICAgICAgICAgICAgICAgICAgICAgICAgICAgICAgICAgICAgICAgICAgICAgICAgICAgICAgICAgICAgICAgICAgICAgICAgICAgICAgICAgICAgICAgICAgICAgICAgICAgICAgICAgICAgICAgICAgICAgICAgICAgICAgICAgICAgICAgICAgICAgICAgICAgICAgICAgICAgICAgICAgICAgICAgICAgICAgICAgICAgICAgICAgICAgICAgICAgICAgICAgICAgICAgICAgICAgICAgICAgICAgICAgICAgICAgICAgICAgICAgICAgICAgICAgICAgICAgICAgICAgICAgICAgICAgICAgICAgICAgICAgICAgICAgICAgICAgICAgICAgICAgICAgICAgICAgICAgICAgICAgICAgICAgICAgICAgICAgICAgICAgICAgICAgICAgICAgICAgICAgICAgICAgICAgICAgICAgICAgICAgICAgICAgICAgICAgICAgICAgICAgICAgICAgICAgICAgICAgICAgICAgICAgICAgICAgICAgICAgICAgICAgICAgICAgICAgICAgICAgICAgICAgICAgICAgICAgICAgICAgICAgICAgICAgICAgICAgICAgICAgICAgICAgICAgICAgICAgICAgICAgICAgICAgICAgICAgICAgICAgICAgICAgICAgICAgICAgICAgICAgICAgICAgICAgICAgICAgICAgICAgICAgICAgICAgICAgICAgICAgICAgICAgICAgICAgICAgICAgICAgICAgICAgICAgICAgICAgICAgICAgICAgICAgICAgICAgICAgICAgICAgICAgICAgICAgICAgICAgICAgICAgICAgICAgICAgICAgICAgICAgICAgICAgICAgICAgICAgICAgICAgICAgICAgICAgICAgICAgICAgICAgICAgICAgICAgICAgICAgICAgICAgICAgICAgICAgICAgICAgICAgICAgICAgICAgICAgICAgICAgICAgICAgICAgICAgICAgICAgICAgICAgICAgICAgICAgICAgICAgICAgICAgICAgICAgICAgICAgICAgICAgICAgICAgICAgICAgICAgICAgICAgICAgICAgICAgICAgICAgICAgICAgICAgICAgICAgICAgICAgICAgICAgICAgICAgICAgICAgICAgICAgICAgICAgICAgICAgICAgICAgICAgICAgICAgICAgICAgICAgICAgICAgICAgICAgICAgICAgICAgICAgICAgICAgICAgICAgICAgICAgICAgICAgICAgICAgICAgICAgICAgICAgICAgICAgICAgICAgICAgICAgICAgICAgICAgICAgICAgICAgICAgICAgICAgICAgICAgICAgICAgICAgICAgICAgICAgICAgICAgICAgICAgICAgICAgICAgICAgICAgICAgICAgICAgICAgICAgICAgICAgICAgICAgICAgICAgICAgICAgICAgICAgICAgICAgICAgICAgICAgICAgICAgICAgICAgICAgICAgICAgICAgICAgICAgICAgICAgICAgICAgICAgICAgICAgICAgICAgICAgICAgICAgICAgICAgICAgICAgICAgICAgICAgICAgICAgICAgICAgICAgICAgICAgICAgICAgICAgICAgICAgICAgICAgICAgICAgICAgICAgICAgICAgICAgICAgICAgICAgICAgICAgICAgICAgICAgICAgICAgICAgICAgICAgICAgICAgICAgICAgICAgICAgICAgICAgICAgICAgICAgICAgICAgICAgICAgICAgICAgICAgICAgICAgICAgICAgICAgICAgICAgICAgICAgICAgICAgICAgICAgICAgICAgICAgICAgICAgICAgICAgICAgICAgICAgICAgICAgICAgICAgICAgICAgICAgICAgICAgICAgICAgICAgICAgICAgICAgICAgICAgICAgICAgICAgICAgICAgICAgICAgICAgICAgICAgICAgICAgICAgICAgICAgICAgICAgICAgICAgICAgICAgICAgICAgICAgICAgICAgICAgICA8P3hwYWNrZXQgZW5kPSJ3Ij8+AP/tADhQaG90b3Nob3AgMy4wADhCSU0EBAAAAAAAADhCSU0EJQAAAAAAENQdjNmPALIE6YAJmOz4Qn7/4htESUNDX1BST0ZJTEUAAQEAABs0YXBwbAIQAABtbnRyUkdCIFhZWiAH5AABAAEACAAyADRhY3NwQVBQTAAAAABBUFBMAAAAAAAAAAAAAAAAAAAAAAAA9tYAAQAAAADTLWFwcGwAAAAAAAAAAAAAAAAAAAAAAAAAAAAAAAAAAAAAAAAAAAAAAAAAAAAAAAAAAAAAABFkZXNjAAABUAAAAGJkc2NtAAABtAAABDZjcHJ0AAAF7AAAACN3dHB0AAAGEAAAABRyWFlaAAAGJAAAABRnWFlaAAAGOAAAABRiWFlaAAAGTAAAABRyVFJDAAAGYAAACAxhYXJnAAAObAAAACB2Y2d0AAAOjAAABhJuZGluAAAUoAAABj5jaGFkAAAa4AAAACxtbW9kAAAbDAAAAChiVFJDAAAGYAAACAxnVFJDAAAGYAAACAxhYWJnAAAObAAAACBhYWdnAAAObAAAACBkZXNjAAAAAAAAAAhEaXNwbGF5AAAAAAAAAAAAAAAAAAAAAAAAAAAAAAAAAAAAAAAAAAAAAAAAAAAAAAAAAAAAAAAAAAAAAAAAAAAAAAAAAAAAAAAAAAAAAAAAAAAAAAAAAAAAbWx1YwAAAAAAAAAjAAAADGhySFIAAAAUAAABtGtvS1IAAAAMAAAByG5iTk8AAAASAAAB1GlkAAAAAAASAAAB5mh1SFUAAAAUAAAB+GNzQ1oAAAAWAAACDGRhREsAAAAcAAACIm5sTkwAAAAWAAACPmZpRkkAAAAQAAACVGl0SVQAAAAUAAACZHJvUk8AAAASAAACeGVzRVMAAAASAAACeGFyAAAAAAAUAAACinVrVUEAAAAcAAACnmhlSUwAAAAWAAACunpoVFcAAAAMAAAC0HZpVk4AAAAOAAAC3HNrU0sAAAAWAAAC6npoQ04AAAAMAAAC0HJ1UlUAAAAkAAADAGZyRlIAAAAWAAADJG1zAAAAAAASAAADOmhpSU4AAAASAAADTHRoVEgAAAAMAAADXmNhRVMAAAAYAAADamVzWEwAAAASAAACeGRlREUAAAAQAAADgmVuVVMAAAASAAADknB0QlIAAAAYAAADpHBsUEwAAAASAAADvGVsR1IAAAAiAAADznN2U0UAAAAQAAAD8HRyVFIAAAAUAAAEAHB0UFQAAAAWAAAEFGphSlAAAAAMAAAEKgBMAEMARAAgAHUAIABiAG8AagBpzuy37AAgAEwAQwBEAEYAYQByAGcAZQAtAEwAQwBEAEwAQwBEACAAVwBhAHIAbgBhAFMAegDtAG4AZQBzACAATABDAEQAQgBhAHIAZQB2AG4A/QAgAEwAQwBEAEwAQwBEAC0AZgBhAHIAdgBlAHMAawDmAHIAbQBLAGwAZQB1AHIAZQBuAC0ATABDAEQAVgDkAHIAaQAtAEwAQwBEAEwAQwBEACAAYwBvAGwAbwByAGkATABDAEQAIABjAG8AbABvAHIgDwBMAEMARAAgBkUGRAZIBkYGKQQaBD4EOwRMBD4EQAQ+BDIEOAQ5ACAATABDAEQgDwBMAEMARAAgBeYF0QXiBdUF4AXZX2mCcgAgAEwAQwBEAEwAQwBEACAATQDgAHUARgBhAHIAZQBiAG4A/QAgAEwAQwBEBCYEMgQ1BEIEPQQ+BDkAIAQWBBoALQQ0BDgEQQQ/BDsENQQ5AEwAQwBEACAAYwBvAHUAbABlAHUAcgBXAGEAcgBuAGEAIABMAEMARAkwCQIJFwlACSgAIABMAEMARABMAEMARAAgDioONQBMAEMARAAgAGUAbgAgAGMAbwBsAG8AcgBGAGEAcgBiAC0ATABDAEQAQwBvAGwAbwByACAATABDAEQATABDAEQAIABDAG8AbABvAHIAaQBkAG8ASwBvAGwAbwByACAATABDAEQDiAOzA8cDwQPJA7wDtwAgA78DuAPMA70DtwAgAEwAQwBEAEYA5AByAGcALQBMAEMARABSAGUAbgBrAGwAaQAgAEwAQwBEAEwAQwBEACAAYQAgAEMAbwByAGUAczCrMOkw/ABMAEMARAAAdGV4dAAAAABDb3B5cmlnaHQgQXBwbGUgSW5jLiwgMjAyMAAAWFlaIAAAAAAAAPNSAAEAAAABFs9YWVogAAAAAAAAYWwAADgyAAAKQlhZWiAAAAAAAABvHAAArpUAABaZWFlaIAAAAAAAACZOAAAZOQAAslJjdXJ2AAAAAAAABAAAAAAFAAoADwAUABkAHgAjACgALQAyADYAOwBAAEUASgBPAFQAWQBeAGMAaABtAHIAdwB8AIEAhgCLAJAAlQCaAJ8AowCoAK0AsgC3ALwAwQDGAMsA0ADVANsA4ADlAOsA8AD2APsBAQEHAQ0BEwEZAR8BJQErATIBOAE+AUUBTAFSAVkBYAFnAW4BdQF8AYMBiwGSAZoBoQGpAbEBuQHBAckB0QHZAeEB6QHyAfoCAwIMAhQCHQImAi8COAJBAksCVAJdAmcCcQJ6AoQCjgKYAqICrAK2AsECywLVAuAC6wL1AwADCwMWAyEDLQM4A0MDTwNaA2YDcgN+A4oDlgOiA64DugPHA9MD4APsA/kEBgQTBCAELQQ7BEgEVQRjBHEEfgSMBJoEqAS2BMQE0wThBPAE/gUNBRwFKwU6BUkFWAVnBXcFhgWWBaYFtQXFBdUF5QX2BgYGFgYnBjcGSAZZBmoGewaMBp0GrwbABtEG4wb1BwcHGQcrBz0HTwdhB3QHhgeZB6wHvwfSB+UH+AgLCB8IMghGCFoIbgiCCJYIqgi+CNII5wj7CRAJJQk6CU8JZAl5CY8JpAm6Cc8J5Qn7ChEKJwo9ClQKagqBCpgKrgrFCtwK8wsLCyILOQtRC2kLgAuYC7ALyAvhC/kMEgwqDEMMXAx1DI4MpwzADNkM8w0NDSYNQA1aDXQNjg2pDcMN3g34DhMOLg5JDmQOfw6bDrYO0g7uDwkPJQ9BD14Peg+WD7MPzw/sEAkQJhBDEGEQfhCbELkQ1xD1ERMRMRFPEW0RjBGqEckR6BIHEiYSRRJkEoQSoxLDEuMTAxMjE0MTYxODE6QTxRPlFAYUJxRJFGoUixStFM4U8BUSFTQVVhV4FZsVvRXgFgMWJhZJFmwWjxayFtYW+hcdF0EXZReJF64X0hf3GBsYQBhlGIoYrxjVGPoZIBlFGWsZkRm3Gd0aBBoqGlEadxqeGsUa7BsUGzsbYxuKG7Ib2hwCHCocUhx7HKMczBz1HR4dRx1wHZkdwx3sHhYeQB5qHpQevh7pHxMfPh9pH5Qfvx/qIBUgQSBsIJggxCDwIRwhSCF1IaEhziH7IiciVSKCIq8i3SMKIzgjZiOUI8Ij8CQfJE0kfCSrJNolCSU4JWgllyXHJfcmJyZXJocmtyboJxgnSSd6J6sn3CgNKD8ocSiiKNQpBik4KWspnSnQKgIqNSpoKpsqzysCKzYraSudK9EsBSw5LG4soizXLQwtQS12Last4S4WLkwugi63Lu4vJC9aL5Evxy/+MDUwbDCkMNsxEjFKMYIxujHyMioyYzKbMtQzDTNGM38zuDPxNCs0ZTSeNNg1EzVNNYc1wjX9Njc2cjauNuk3JDdgN5w31zgUOFA4jDjIOQU5Qjl/Obw5+To2OnQ6sjrvOy07azuqO+g8JzxlPKQ84z0iPWE9oT3gPiA+YD6gPuA/IT9hP6I/4kAjQGRApkDnQSlBakGsQe5CMEJyQrVC90M6Q31DwEQDREdEikTORRJFVUWaRd5GIkZnRqtG8Ec1R3tHwEgFSEtIkUjXSR1JY0mpSfBKN0p9SsRLDEtTS5pL4kwqTHJMuk0CTUpNk03cTiVObk63TwBPSU+TT91QJ1BxULtRBlFQUZtR5lIxUnxSx1MTU19TqlP2VEJUj1TbVShVdVXCVg9WXFapVvdXRFeSV+BYL1h9WMtZGllpWbhaB1pWWqZa9VtFW5Vb5Vw1XIZc1l0nXXhdyV4aXmxevV8PX2Ffs2AFYFdgqmD8YU9homH1YklinGLwY0Njl2PrZEBklGTpZT1lkmXnZj1mkmboZz1nk2fpaD9olmjsaUNpmmnxakhqn2r3a09rp2v/bFdsr20IbWBtuW4SbmtuxG8eb3hv0XArcIZw4HE6cZVx8HJLcqZzAXNdc7h0FHRwdMx1KHWFdeF2Pnabdvh3VnezeBF4bnjMeSp5iXnnekZ6pXsEe2N7wnwhfIF84X1BfaF+AX5ifsJ/I3+Ef+WAR4CogQqBa4HNgjCCkoL0g1eDuoQdhICE44VHhauGDoZyhteHO4efiASIaYjOiTOJmYn+imSKyoswi5aL/IxjjMqNMY2Yjf+OZo7OjzaPnpAGkG6Q1pE/kaiSEZJ6kuOTTZO2lCCUipT0lV+VyZY0lp+XCpd1l+CYTJi4mSSZkJn8mmia1ZtCm6+cHJyJnPedZJ3SnkCerp8dn4uf+qBpoNihR6G2oiailqMGo3aj5qRWpMelOKWpphqmi6b9p26n4KhSqMSpN6mpqhyqj6sCq3Wr6axcrNCtRK24ri2uoa8Wr4uwALB1sOqxYLHWskuywrM4s660JbSctRO1irYBtnm28Ldot+C4WbjRuUq5wro7urW7LrunvCG8m70VvY++Cr6Evv+/er/1wHDA7MFnwePCX8Lbw1jD1MRRxM7FS8XIxkbGw8dBx7/IPci8yTrJuco4yrfLNsu2zDXMtc01zbXONs62zzfPuNA50LrRPNG+0j/SwdNE08bUSdTL1U7V0dZV1tjXXNfg2GTY6Nls2fHadtr724DcBdyK3RDdlt4c3qLfKd+v4DbgveFE4cziU+Lb42Pj6+Rz5PzlhOYN5pbnH+ep6DLovOlG6dDqW+rl63Dr++yG7RHtnO4o7rTvQO/M8Fjw5fFy8f/yjPMZ86f0NPTC9VD13vZt9vv3ivgZ+Kj5OPnH+lf65/t3/Af8mP0p/br+S/7c/23//3BhcmEAAAAAAAMAAAACZmYAAPKnAAANWQAAE9AAAApbdmNndAAAAAAAAAAAAAMBAAACAAAAVgEuAesCxAODBFMFQAYnBxoIGAkfCj0LTgxrDZAOuQ/sES0SZROjFOMWKhd5GL8aDxtXHKQd8x88IIQhzSMRJFIljSbLKAApMypmK5csyi33LygwUTGAMqsz1TUCNjE3XTiKObY64TwNPTg+YD+JQLFB3EMIRDZFY0aQR7hI3koBSyRMR01qTo9PtFDYUfhTFlQzVU9WbVeNWK5Zy1rhW/Bc9137XwBgCmEZYi1jQWRSZV9mZWdhaFNpPGogawFr4Gy/baBug29ocFBxOHIgcwhz73TWdb52qHeTeH55bHpZe0l8PX03fjZ/OYBBgUuCV4NlhHSFhYaUh6SIs4nAisyL1ozfjeeO7Y/ykPWR9pL1k/WU+pYElxWYLJlHmmObf5yYna6ev5/LoNSh2qLgo+mk9KYDpxWoKqlCqlyrd6yUrbKu0a/xsRGyM7NTtHO1kLapt7q4wbnDusC7u7y1va++qb+jwJ3BlcKKw3zEasVTxjbHGMf5yODJz8rGy8PMwc28zq/PmNBz0UPSDdLT05vUZtU11gXW19eo2HbZQNoG2sfbgNw13Ofdkd473uPfjeA74Ovhn+JS4wPjr+RV5PnllOYs5r/nUufk6IXpL+nk6qjrbuwz7PXtr+5j7xHvtfBQ8ObxfPIX8sbzj/Ru9WH2ZveK+OT6xf0u//8AAABWASMBsAJqAzID6ASxBYAGWAc9CC0JJwonCyIMMA06DlEPYxB+EZ8SvhPpFRAWOBdhGIgZtBreHAsdMx5bH4AgoSG/Itsj9SULJh8nNShJKWAqeSuTLLEtzC7oMAQxITI8M1o0dDWLNqQ3uTjNOeI69DwGPRs+MT9NQGxBj0KwQ9BE7UYIRx1IMklFSlVLY0xuTXhOfk+DUIVRhlKIU4pUjFWKVoRXeVhoWVRaRFs/XEZdWl53X5VgsGHCYspjxWS1ZZxme2dXaDBpDGnsatBrumypbZtuj2+CcHJxXHJAcx9z+3TVda12hndieEV5MHokex18GX0VfhB/Bn/2gOKByoKxg5WEd4VdhkqHRIhMiWGKgYuljMaN3o7uj/WQ95H1kvOT8JTtleyW7pf4mRCaOZtunKadzp7jn+mg5aHfotmj0aTIpb6mvKfKqO2qIatdrJyt2a8UsE6xiLLCs/m1LrZkt5u40roFuzS8X72Fvqa/vMC+warCkMN9xHfFgMaPx53Io8meyo7LdcxTzS3OBM7az7LQi9Fq0lHTRdRF1VHWYtd12ITZh9p922bcQ90a3ezeud+H4FjhLeII4ubjw+Sd5XHmQOcM59Too+l/6mnrZOxo7W3ucO9w8HDxcvJ283n0d/Vp9kf3D/ez+EX4y/la+e360PwM/dr//wAAACsAxAFLAdgCZQMGA48EKwTPBXoGLwbpB6UIaAkvCfkKygufDHcNUg4yDw4P9hDZEcASqROTFH0VZxZSFz0YKRkVGfwa6BvSHL4drh6jH5sgliGUIo8jhiR2JWEmRScgJ/gozCmfKnMrSCwhLQIt6S7XL8gwujGqMpgzgDRgNTk2BjbPN5U4WDkZOdk6nTtkPDI9Bj3ePrY/j0BoQURCJkMQRABE80XnRtZHu0iWSWVKJUrgS5hMT00HTcNOg09JUBhQ6lG+UpNTaFQ7VQ1V3latV3xYSlkVWd9aqFtvXDVc+V29XoBfQ2AIYNFhnGJrYzxkDGTaZadmcWc4Z/xov2mAakBrAGvAbIFtQ24EbsVvhXBBcPhxq3JZcwFzqXRPdPR1mHY8dt53gHgdeL15YHoWetp7q3yDfVh+KH72f8OAk4FngkSDKoQYhQuGAIb0h+OIzYmvioyLYYw0jQeN2o6wj4qQa5FHkhKSxpNbk+yUepVBlkKXiJkImoqb5J0ZnjKfOaA5oTWiL6MopCGlGaYRpwqoCakPqiGrPaxgrYeura/TsPyyKLNatJK10bcUuFm5nLrXvAW9Kb5Hv2LAf8Gewr7D38T/xiHHQ8hnyYzKscvWzP3OKc9b0JfR3tMy1I3V7tdT2LnaIduV3S/fDuF35Ivoee1O8vb5Uf//AABuZGluAAAAAAAABjYAAJOVAABWjQAAVukAAJG3AAAmuwAAFwoAAFANAABUOQACh64AAkeuAAFrhQADAQAAAgAAAAEABAAIAA8AFgAfACkANABAAEwAWgBpAHgAiQCaAKwAvgDSAOYA/AESASkBQAFZAXMBjQGpAcUB4wIBAiECQgJkAocCrALSAvoDIwNNA3oDqAPXBAgEOgRtBKME2QUSBUsFhgXDBgEGQAaABsIHBQdKB5AH2AghCGwIuQkHCVcJqAn6Ck0KoQr3C04LqAwEDGIMww0lDYkN7g5UDrwPJQ+REAAQcRDkEVkRzxJGEr0TOBO2FDoUwxVSFeMWdRcGF5YYJhi4GU4Z6BqIGzEb4xyfHWIeKx74H8YglSFkIjQjBiPbJLMljyZsJ0soKykNKfAq1Su7LJ4tfi5cLzkwFDDwMc0yqjOJNGg1SjYuNxU3/zjtOd460jvKPMU9xD7HP85A2kHoQvZEAEUGRghHCEgISQlKDEsUTCFNNE5OT25QlFG8UuVUDVU0VllXfVigWcRa51wLXTBeVl98YKRhzmL4ZCRlU2aFZ7xo+mpDa5ls+W5jb9JxRnK8dDR1r3cteLF6PHvQfW9/HIDWgpSETIX2h5SJLIrFjGWOFY/fkc2T3ZX/mCCaOZxMnl+geaKgpNqnLamgrDCu4LGhtF63C7muvF2/K8IfxUbIoswMzyjR9tSR1yjZ0dye35fi0uZg6fntEu+s8gD0MPY59//5ivq4+9T8u/2j/nD/N///AAAAAQAFAAoAEgAbACYAMgA/AE0AXABtAH4AkQCkALkAzwDlAP0BFgEvAUoBZgGDAaIBwQHiAgQCJwJMAnICmgLDAu8DHANLA3wDrwPkBBoEUgSLBMUFAQU9BXsFuwX8Bj8GgwbJBxAHWQelB/IIQQiTCOYJOwmTCewKRgqhCvwLWAu0DBIMcgzUDTkNoA4LDngO5w9ZD84QRhDAET4RvxJDEsoTUxPdFGoU+hWPFioWyxdxGBYYthlRGeYaeRsNG6QcQBzkHZEeSh8OH90gsyGOImkjQiQYJOslvSaQJ2YoQiklKhIrCCwFLQguDi8SMBExCDH5Mugz1zTKNcE2wTfKONs58jsOPDA9UT5pP3RAckFoQlhDR0Q5RTRGOEdHSF9JfkqhS8dM8E4bT0VQa1GGUpRTl1SVVZRWoFe/WPFaNVuAXM1eHl90YM9iI2NmZJVltWbOZ+Ro+2oWazNsVG12bppvwHDqchdzRnR2dad22ngQeU16j3vYfSZ+fX/jgWeDEITKhnSIBomHiwSMiI4bj8ORgpNYlUOXO5k7mzudOZ8poQSixqR2phunvaliqxWs3a7FsM+y9bUxt3y5y7wPvkTAcsKmxOnHQsmyzDHOnNDd0vTU8dbn2OPa6Nz03wHhCuMU5STnSOmW7DfvivOm92z5zvuE/MP99P75//8AAAACAAgAEQAeAC0APgBRAGYAfQCWALAAzADqAQkBKwFNAXIBmAHAAeoCFgJEAnQCpgLaAxEDSQOEA8AD/QQ7BHoEugT8BUEFigXXBikGgQbdBz4HoggICG8I1Ak5CZ0KAgpqCtULRAu7DDkMwQ1QDeYOgg8hD8AQXBD2EZASLRLNE24UDRSoFUIV3BZ5Fx4XzhiOGWIaQhsqHBQc+x3dHrgfkiBtIUwiMCMYJAYk+SXxJu8n8yj9Kg4rJCxALWAugC+dMLgx0zLzNBo1STaCN8M5DDpcO7A9Bz5gP75BIkKTRBZFrkdaSRFK0UyaTm9QVVIyU9pVWlbMWEhZ01tmXPheg2ABYXBi1WQ3ZZxnCWiBagpro21NbwBwt3JvdB51w3d1eWR77n6kgHmB1oL8hAKFCIYQhzOIc4nUi1WM6Y6IkC6R2ZOIlTuW8Zipml6cCp2nnzegvaI/o8ClRKbKqFCp1KtUrNCuRq+5sSiyl7QItX22/LiJuia70L2CvzbA6cKcxE/GBMe7yXPLK8zkzp7QWNIU09LVj9dK2P/arNxP3ejfdeD94oLkA+WC5wLog+oE63/s7u5G73nwnfGN8nXzRPP39Kr1TvXb9mj29vd29+n4XPjP+UP5q/oN+nD60vs1+5j78fxJ/KL8+/1U/a3+A/5Y/qz/Af9V/6r//wAAc2YzMgAAAAAAAQxCAAAF3v//8yYAAAeSAAD9kf//+6L///2jAAAD3AAAwGxtbW9kAAAAAAAABhAAAJzfAAAAAMoq1YAAAAAAAAAAAAAAAAAAAAAA/8AAEQgAjQEsAwERAAIRAQMRAf/EAB8AAAEFAQEBAQEBAAAAAAAAAAABAgMEBQYHCAkKC//EALUQAAIBAwMCBAMFBQQEAAABfQECAwAEEQUSITFBBhNRYQcicRQygZGhCCNCscEVUtHwJDNicoIJChYXGBkaJSYnKCkqNDU2Nzg5OkNERUZHSElKU1RVVldYWVpjZGVmZ2hpanN0dXZ3eHl6g4SFhoeIiYqSk5SVlpeYmZqio6Slpqeoqaqys7S1tre4ubrCw8TFxsfIycrS09TV1tfY2drh4uPk5ebn6Onq8fLz9PX29/j5+v/EAB8BAAMBAQEBAQEBAQEAAAAAAAABAgMEBQYHCAkKC//EALURAAIBAgQEAwQHBQQEAAECdwABAgMRBAUhMQYSQVEHYXETIjKBCBRCkaGxwQkjM1LwFWJy0QoWJDThJfEXGBkaJicoKSo1Njc4OTpDREVGR0hJSlNUVVZXWFlaY2RlZmdoaWpzdHV2d3h5eoKDhIWGh4iJipKTlJWWl5iZmqKjpKWmp6ipqrKztLW2t7i5usLDxMXGx8jJytLT1NXW19jZ2uLj5OXm5+jp6vLz9PX29/j5+v/bAEMAAQEBAQEBAQEBAQEBAQEBAQEBAQEBAQEBAQEBAQEBAQEBAQEBAQEBAQEBAQEBAQEBAQEBAQEBAQEBAQEBAQEBAf/bAEMBAQEBAQEBAQEBAQEBAQEBAQEBAQEBAQEBAQEBAQEBAQEBAQEBAQEBAQEBAQEBAQEBAQEBAQEBAQEBAQEBAQEBAf/dAAQAJv/aAAwDAQACEQMRAD8A/v4oAKACgAoAKACgAoAKACgAoA/M/wCAvwG+HHxO1b9o3Wde0Z7Hxbof7Xnxj1jRfGOgXVxoviXT9Xt38T6Bo2oSajp81vJqn9h6f4s1aTSbLV1v9PtbmeOdLUtGoX77ju3Jwe0rX4K4fvbq1hIq+y107s+P4Rb5uJU23binOd+l8S3b8f6+GPta6V+1B8F4o/7J1mz/AGhvAWkWtvG2m+IVTS/i1beH/CXwvmNw9trNsI7Hxx478f8AxG02JV/tCCwsdPtNcwPltd1fAn2B3vgj9pv4beK9Zbwhrdxe/D3x9b3y6LeeDvG8DaNevr8Hg3RfHOt6Vol9cLFYeIx4c0PXrF9av9JlmsrOcXELyh4JdgB9DI6SKskbK6OoZHRgyurDKsrDIZWHIIOCORnIoAdQAUAFABQAUAFABQAUAFABQAUAFABQAUAFABQAUAFABQAUAFABQAUAFAH/0P7+KAIbieG1gnurmRYbe2hknnmc4SKGFDJLI55wqIpZjjgDPNVCEqk4U4RcpzlGEIreUpNKMVvq20lp95M5xpwlUm1GEIynKT2jGKvJvySV2eU/B/48/B34/wCiav4j+DPxC8O/EXQ9A1248M6zqfhy5kubbTtetILe5udLuWkihK3UNvdW8rIFI2TRkO2Rt+g4k4S4k4QxWGwXE2T4zJsVi8LDHYahjYRhOthKk5whXgoyknTlOnOKejvF37R8Hh3ivhzi3DYjGcN5vg84wuExU8Fia+DnKcKOLpwhOdCblGNqkYVISaV9JJ6XsR6B8f8A4M+Kfip4o+CPh74i+G9W+LPguxXUvFXgOzupH17Q7BjbqtzfW5hSOOMm6th8srkecmQMks8XwjxLgMhwPFGMybG4fh/M6ro4DNqlNLCYqqua8KU+ZtytCe8V8Ls3qThOLeG8dnuO4YwecYLEZ/ltL22PyqnNvF4Wk+T95Vhayj+8hs38Svv7vk8n7ZXwxk/a5j/Y10uz1zWfiZb+B38d6/fafbpLoPhnTdlrLFbavdbi0V3Pb3+nzIgUYF7Ah+YsU+gXhrnkfDx+JVerhcNkc80WVYSlWlKOLx1e9SMp4eG0qcJUa0W3v7ObXQ8B+I+SS8QV4cUKeKxOdwyt5ri6tGKlhMFQtTcYYie8ako1qMktf4kU7N3MjxZ/wUR/Yi8DeKdb8E+Lv2lfhjoPivw3qt3oeu6Hf6vOl7pmrWMzW95Y3SpaSRrPbzo0UgV3CupGTiujL/BvxRzXAYXNMu4Iz3F5fjaFPFYXFUsNF0q+HqxU6dWneqm4Ti1KLfLdO9nY58f4weGOV4/FZZmHGuSYTMMFiKmFxWFq4iaq0MRSlyVKU0qdlOEk4y6J+h6f4q/aT+GWj/Afxh+0N4U1e3+J3gHwf4cv/E91ceArq21ma90/S0Wa/Fp5UjKs9pbGS6nimETxQQyO6DFeHgOCc8xPFmW8HZhhp5Fm2ZY2lgacM2pzw0adau+Wi58yu41J2pwlFyUpzST6y9zH8aZJhuFcx4wwGIjnmU5dg6uNnPKakMTKrSoJSq+z5dOanBupNSScYRcmlY2v2fPjp4I/aU+D3gf41/Dyeebwp460iPVLCO7VUvrGUO8N7pl/GpIivtOu45bS7j42TROMcVy8YcK5pwTxHmvDGcwjHH5ViHQqyptulVjZSpV6Mmk5Uq1OUalOVtYyW508I8U5Zxpw7lfE2TynLAZrh1XpKokqtKV3GpRqxWkatGopU6kdbSi9tj2avmj6QKAPjT9kP5dW/anT+7+1R8VW/wC/t9bzfr5mfxr7/jrWhwY+/BmSr/wGlKP6dvvPjuEv4vFC7cUZp+M4S7vv2XlezPsuvgD7E4P4g/DDwB8VNDvvDvxA8K6R4m0y+0jXdCf7fbD7faaZ4n02XR9ft9K1aAw6ro7arpkr2V5caVeWdxLAQjSkKm0A+fNT+DHxm+GP9r6x+z/8TJdWsz/wmOtWnwk+LMsus+FLnV9Q0jwxpvgzwzonimFV17wV4M8My6Nq159itV1G5up9bl825KxIFANNP2p9H8Kaxe6B8bfB3iT4RTWs/jOa08T6xB/aHgTU/DXg3WvDnh4eLpPEtkr22hWPinVPFGmr4X0nVturXsTTZjJt5ioB9O6dqmm6vAbrStQs9Rt1lkgeayuYbqOOeFtk1vI0LuI54XBSaB9ssTgpIisCKAL9ABQAUAFABQAUAFABQAUAFABQAUAFABQAUAFABQAUAFABQAUAFAH/0f7+KAOa8Z/8if4r/wCxa13/ANNd1Xblv/IxwH/Ybhf/AE/TOLMv+Rdj/wDsCxX/AKYqH4Qf8G8f/JuH7RX/AGc94l/9QzwbX9YfTG/5LXg3/shsH/6tM0P5V+iB/wAkbxj/ANlvi/8A1WZaYH7J/wDynT/bU/7Jxd/+lvgyuvxA/wCUVPDL/sdUv/TWaHJwB/ylL4lf9iet/wCnctJ/+CS903xf/bo/4KQftA67GbvVJvHtl4P8OXkx3yaXoo17xLNNpdu5yVt1sLPQIAikAR2MI24Cmp+kHT/1c8KvBbhDCv2dCOU1MxxtOPurEYr6pglCvUS0dT2tXGTbtvVltdl+AFR8ReKXjLxbil7WvLNaeXYKrLV0MN9bxspUIPW0PZUsJBK+1GO1mj8yvg78ZP2LvhB+1v8A8FIbr9sf4b3XxG0jXPiRqVr4Ks7fwVeeKhaXdv4r8dLrkcl/bPHH4dOopeaTDFeXEqLK8WUJNswr9w4k4a8TOI/DvwVh4bZ1DJsThMkw1TNKk8zp4B1ac8tyh4RxpTUnjfYypYmcqUFeKlrfmSPxPh3iPw14d8QPGafiNk085w+KzrEQyylDLamOVOpDMM2+tRdWDUcG6yq0IxqzcVJx0fuM/T3/AIIb/AbxdF+zx+0FrHi3SbnSPgZ+0D4h1T/hWfg7UL6K/wA+D9R0u80fVNQ8uKWeK3i1Kzu49PaI+XLI1g8s0Qd8V+GfSm4sy58ZcIYfLsRDEcVcIYSh/beZUaUqVsyoV6WJoUeaSjKcqFWnKsmlKK9soxk+U/b/AKL3CmYLg/i3E5jh54fhfi7F1/7Ey2tVVZf2dWo1cPXrcqdoRrU6kaPLdN+xcpJNpnSf8ECfFeqL8Ev2gfg/q11I4+E3x+8TWGiWDMSml6JrFpZX72sKn7kb62dXuMDALStwMYrh+lvl+HfFHCPEeHgk+IeEcDWxVZb18VhqlWkpy7tYX6tDfaPW52/ROx9dcM8XcO4ipKX9gcW42jhaLd1QwuIp0qjhHspYr6xOyS1k9re9++FfyUf1eFAHxn+yT8viP9rCP+5+1F8QW/7/AEGlz+3XzM/j3619/wAca4TgmXfg3K1/4DKtHu+3ZHx/Cn+8cVL/AKqbH/jGk/18/wBI/ZlfAH2AUAFAGfqukaVrthcaVremafrOl3fli603VbK21CwuRDNHcQi4s7uKa3m8q4iinj8yNvLmjjlXa6K1AHy7rX7K1ho17fa/8CfHnif4I+I9QuNSu7qDSXHiPwPe6h4o+JGl/EHxzr+peCtblktLvxN4kFvrGgpqy3sCaVp+u3IsrRfJgVQCjH8bvjL8MZrOw+Onwmn1jT7u+s7GD4gfBpbvxJoxv/FXxPu/BvgvQ7rwrdqviO3u4fDU2heKPGOuc6Jo0d1qHls0NkTQB9A+Avin8O/ihpdvrPgDxhofimwuY7qaGTTLxHnaCz1K80e5uDZyeTeLbRapp99YfaXtxbvdWdxFHIzRPQB39ABQAUAFABQAUAFABQAUAFABQAUAFAFa1vLS+i+0WN1bXkBd4xNazxXEReJzHInmRM6b43Vkdc5V1KnkGrnTqU5ctSE6crJ8s4uMrNJp2kk7NNNO2qaavcmM4TXNCUZxu1zRkpK60aurq6ej+7S1izUFBQAUAFABQAUAf//S/v4oAguraG8trizuYxLb3cE1tcRN92SGeNopYz04eN2U89D2q4TlTnCpBuM6c4zhJbxlBqUWvNNJkzhGpCdOa5oTjKEovZxkrST9U7H8yfwB8K/t5f8ABKvx38cPhp4I/Zd1v9pj4LfEfx5e+NvBniXwfexpNbahdwx6daNfjzFNtLd6bZ6bFf2MyB7WW2LxO3mtt/uLi7H+E/j5lPC+eZpx3huCOJslymjleZYHMacnGdGnKVar7FWanGFerWlRqxklNVLNe7Y/iThPA+K3gPmnE+SZZwNieNuG86zWrmmW47LqkYyhWqKNGm61pNwlUoU6EatGSvTlC6k+ax9df8E0P2Wf2ibP9oD9ob9uL9qXwvbfDr4g/HSQWHhz4cRTJPfeG9AkvjfXSamQ7tbFRBptjaW0haZorFriU/vUC/nfjfx7wbU4Q4P8LeA8dPOcn4WXtcZnTXLSxuLjS9lTdHRe0vz16tSaUY81XlXwPm/QvBXgTjClxbxf4n8dYGnk+b8UP2WDyZOM6uCwkqvtZqtaUvZv3KNKEHJzapOcklJc3jH/AASetm+Df7ev/BRz9nnXpDaam3jWz8aeF7OX5JNU0NNe8RJPqsEZxmF9O1Lw5cB1yDHexcDg19N9IGouJfCbwY4xwi9pQWWVMsx1SOqoYp4TBOGHm9bTVahjYNN6Ok0r3bl834BQfDnit4ycIYp+zrvM6eZYGlLR18MsXjFLERX8ro18JNPTSqtFsb/7CH7FHjMftIf8FNh+0V8GLyy+GPxy8TJZeC9W8U6VYT2fiXSL7xB8RJL/AFDw3cSG4khkisdY0y8iu41t5Y3ktZVy6ALx+K/idlv+pXga+DeJadTPOFcC6mZ4fAYirCrgsRRwWSRo0cbBcilGVXDYim4ScotKommmzq8K/DPMf9c/G3/XHhupTyTijHezy3EY7D0pU8bh62MzmVWtgpvnlGUaWJo1I1IqMouUJKzSR0n/AAS18GftC/sVab+1d8Ffjz4L8UaX8DfhRrHiX4hfC34laosZ8Naj4csV1OfXbXR7gzu6WMtlpltrtrF5SAyX96xCnArj8ecy4P8AE6twBxPwnmeBxHFXEGGwOT59ktBtY2jjaroRwk8THkS9rGrXqYWo05JRpUlsmdngVl3F/hrQ4+4Z4qyzHYfhfIMRjc3yLOq6j9SrYOkq8sVDDzc7xpSpUIYqEbL3qtXbQ5//AIIBeENVb4M/tB/GTVEkEXxZ+Ouv3Oi3DKRHqOk6JbW9rLexMQCy/wBsS6nbHGRutzznNdf0usxoLiXg/hqg1zcP8K4SGKh1o4jEznONKS7/AFaNCp00n5Jy5fomZfiHw3xdxHiFK2f8U4qeGm9q2Hw0IQdWP/cxKvT3l8Hqfv7X8in9ZhQB8Z/snZXxj+11H/d/ac8Wt/3+0Lw7N/7Pn8fevv8AjbXAcDPvwfgV/wCA4nFR/Tt958fwr/vfFi7cTYv8aGHflv26ee59mV8AfYBQAUAFABQAUAfP/i39mX4T+KNdsPFdno934K8WWF14Pl/4SPwFfS+FtQvtN8D67q/iXRPDOppYBbO78MPrWu6te6rpItol1V72YXc5BUUAecaXL+1V8Go9J07Xl0n9pLwhC3g7SLvxPYC28G/E21SSDxZeePvGmv6O4bw7qVnpxtfC1loOgeH5Tqd+1/dmRg0I3AHpvwy/aS+FPxRSytNO1m48MeKrjS/Cep3vgHx3ZS+EvGujP420ebX/AA7pWp6Lqnl7dbvtJtrq9/sqzub28ihtbhpYkELlQD3qgAoAKACgAoAKACgAoAKACgAoA+J/GXwN8e/CHWdU+KP7MWoTmS5uptX8afA3W9Rnn8H+NxI5m1C48LzXTzSeFfFc3zzWzwudNvrktFcRRGYNX6FgOI8sz2hRybjClFKEI0Mv4jw9GEcdl1ly0o4yMeVY3BLRTUk6tKGsG+VKXxeMyTHZTWq5nwzOV5TdXGZJXqSlg8bd81SWFc2/qmKau4OMvZzk7SS5lI9/+DXxi8LfGzwfF4q8N/arK5trqfSPEnhvVIvsuveFPEdg3lanoGuWTYktr6ynDIdyqk0eyeItHIhr5nP8gxvD2OeCxfJUhOEa+ExdF8+GxuFqK9HE4aorqdOpHXR+67xd2j38nzfC51hFisNzQlGcqWJw1VctfC4im7VaFaG8ZwlpslJWkrqSUfWa8M9UKACgAoAKAP/T/v4oAKACgAoA+Up/2PPhQ37V1r+2JYnXNI+Kw8FSeBNYXTb/AOz6H4j0llt44pdasBF/pV1BDZWEKSGTlbG1JwUy338PEjiBeH9Tw3q/VcRw/wD2os2wzrUufFYPEe+5Rw1W7UKcpVa0nG29Wpa10j4KXh1kD49h4i0vrWHz7+zHlWJVGry4XGYe0YxliaXKuepCNOklK/8Ay6p78p9W18Afenmnxk+F2i/Gv4W+OfhN4jv9X0zQPH/h+88N6ze6Fd/YtVj02/CpeR2l1sk8s3MAe2myjB7eaWMghzt9zhrPcTwxn2VcQYKjh6+LyjGU8bhqWLp+1w7r0dabqQur8krVI66TjGWtjxOJMiw3E2RZpkGMrYihhM2wlTBYmrhansq8aNWyqKnPW3PFOE/5oSlHS9zI+APwM8Bfs2/CTwZ8F/hpYzWPg/wRpa6bpy3UgmvruRnae81HULgKv2jUNQu5Jru8nIzJPK7cZxXRxdxVm3GvEOZ8TZ3VjVzHNK7r1vZrlpU0koU6NGGvJRo04xp04X92EUtbM5+E+Fsp4L4fy3hvJKUqWXZZQVGjzvmq1G251K1af26tapKVSpLrKTfU9ir5s+jCgD48/Zb+yL48/a8jtvtPmJ+0frDXfniIJ9om8HeE5j9m8v5jCUkQ5lw+8t2wW+84y9o8t4Fc+Sz4ToKHLzawjj8bFc19OZNNPlurWe7aj8hwxyrHcWqPNdcR1nO9rKUsJhJe7bpZp3bvfpG3vfYdfBn14UAFABQAUAFABQAUAeY/ED4OfDf4nLZv4w8L6fqGpaXdXWpaJr0UYtNe0LWbnw7rHhVdc0nVINlxb6xZaFr2rWWnXrmZ7FLyQ24RuVAPGbD4W/GX4N2dy/wu8eXvxJ8JaPpsA0b4X/EKaJtXXTfCPw0GiaH4U0Hx3MTI2p+LvGenWmta94k8Sqwgk1S+IXyY1FAGj4e/ao8IxatB4T+Leia78E/GMt5faZBZ+Obf7P4a1u+0DwToXjfxZdeGfGUO/Q9U8PeHLDWxa3XiC6n06ylu9P1COHcbZ1YA+nLa5try3gu7O4hurW5ijntrm2lSe3uIJVDxTQzRM0csUiEOkkbMjKQVYg5YAnoAKACgAoAKACgAoAKACgD4q+I2mWvwG+PnhD4z6NHcWnhH426/4e+FHxZ0+1EUWkQeK9Vmay8AfEC+Q48q6lvmj8K6reIiiZb3TJbqRjEGr9ByqtPiXhnHcP4hxnjuHsNis7ySrNydeWCoR9pmeV03reCpqWNo03flcKyhbmUY/GZhShkWfYTOaKlHCZ1Xw+VZrCFlSjiqsnDAY+ouknNrC1ZpRvzUpTn7p9qAhgGBBBAII6EHkEdeCPf86/PmradVofZi0AFABQAUAf/U/v4oAKACgAoAKACgAoAKACgAoA+M/wBlr5fiZ+2dH/c/aQkb/v8AfDXwHN/7U9vfsW+/4z/5E/AD78Jrr2zfMo/L4e/lpY+O4Y/5GXGK7cRP8ctwL/W+q1v1ufZlfAH2IUAFABQAUAFABQAUAFABQBzPi7wZ4U8feH9X8K+NPD+leJvDuvaXqWiaxpGsWcV5Z3+k6xavY6pp86SAk21/ZyvbXUalfOhZo3ypIoA+Z9e/Zu8W+EJ9d8Rfs5fE3Ufh9reoDxprEfgvxS114k+F+q+MPEuneFdK0O+1XTGZ9R0rQPB1l4blGi+H/D729mJtY1CV4yzCgB+oftI+JfhXc6pF+0D8Ndb8I+GNNfxbfp8U/DEcvizwKvhfRPEnhrw14Y1HX5NKin1HQ/EPjaXxJFqFn4aFjcTWFrY6i1zKsdszUAfTXhvxZ4Y8Y2MmpeFdf0jxDYQXl5p1xdaPf21/Fbajp1xJaahp9y1tJJ9nvrC7imtby0m2T21xFJDNGkiMiAHQ0AFABQAUAFABQAUAeHftL/D64+KfwB+LvgXTy8et654E8Qf8IxcxHE1j4v06xl1XwjqFu4yyT2HiSy0u7idPnDw/LjJNfR8IZpDJuJ8jzKrZ4fD5lhfrkZfDUwNWoqOOpTWicamEqVoSTdmn00PE4ly+WaZDm2BptqvXwOI+rSWjhi6cPa4SonrZ08TClNWX2epY/Z08et8T/gb8LPHUrKbvxD4L0O81FR/yx1IWUUOoQMOSHhu45Y3B5DKc46VHFeWLJ+I85y2Kap4XMMRTpP8Amo+0bpSXlKDTW2nfRlcPY/8AtPJMrxzd5YjB0J1PKooKNRPzU00/M9pr589kKACgAoA//9X+/igD5B/bs+NPjX9n39mXx98U/h7JpsPizw/JoUemS6vYLqVhH/aOt2VjcNNZO8azH7PPIEBddrkNzjFeHxFj8RlmU4nGYZxVak6XI5xU4+9UjF3i7X0b6/dofhP0k/ELiHwu8H+JuNOFpYSGd5XLLI4SeOwyxeGj9bzHD4aq6mHlKKqfuqklG8lZtS1skdl8GPih4m8c/sreAPjBrpsm8XeIvgzpvjrUja2ot9PbW7rwuNXlMNorERWpu/uwBsLH8mRXRgMXVxGT4bHVOV1quAhiJcqtH2kqPO7R6K/Q9/w/4yzjiPwW4Y48zJ4eWeZrwBhOJMW6NFUsK8xrZMsdP2dBSahRdfampaR0utD5W/Yi/bB8dfFz9mP4u/G/4yTaLPd/DXX/ABwC2i6bHo9tJonhfQYdZit2gjklVrqQs8AlzmRmTjJxXjcP55icblOOzDHOm5YSriF+7goJ06NNTSsnK7eqv/6Vdxj+LfR28eOJOOfB/jrxF4+qZfUr8IZpxGr5fg44ClPLsmy2GPhSdKM6ilWm+amp815OUVvqeQ/safFz4wyfsc/tHftYeLfEt74k8QeItR+JPjDwJp+szPcaPoth4Wt7uys7S1sS2IrRdatLt2gRlSS3SKM5Hzrx5Fjcc8izXOa1aVWrWni6+GjUfNCnGjFxikr/AAqopO2mmjTsfC+APHHHsvATxY8bs8zfEZtmma4ri7PuGcLmFSVbAZfhclpV6GHo0cP7qhQWYUMRJ0krTpRhH3U/eof8E5/+Ci3xB/aD8e6x8J/j3b6FpvizVdEg8U/DvUdK0saJba5pyJuv9OFv5ssc9wkDxX1pJE5eaFbwOF+zHdHC3FOJzPEzwWZKnCtUpqthJQjyKpBfFC19ZJWkmndq+j5W5cv0UPpW8UeKPEuO4I8TaWW4TO8dl1POuFMXgsGsvpZjhFG+JwnsuecalWNOUMTQlCXNOCxCkl7GSPQ/h98cfjP+0n4s/wCCiHwNn1q10X/hU15rHhj4S6n4as/7J1zT7tLzxXb6X9s1GOSSS7mkudB06KSYrG2yW4AB3gr04bMcfm1fijLnOMPqUqlHBSpR5KkZKVZQ5pptybdKKvZPV73PquFvEbxA8XM7+lT4cVMwoZd/qPiMfk3BGMyjD/UcxwteOIzung/rGLjUnKvOdXLMLCdRxhJQnVS5ua8fVv8Agmb8dta+OX7MukSeLdSuNX8b/DnXNU+HnizUrt/Nub680Zo5dPvLiU/NLcXOjXWnzXEjAbp2k64zXbwnmM8wymHtpueIwtSeFrTbu5Sp25JN6Xcqbi27LW+92fa/RA8Scw8RvB/ASzvF1cdxFwpmON4VzvF15OdbEYjL5Rnha9Wo9alWtgK2FqVZverKXmfQ/wAR7H9p2bxHJN8Kdd+Dtl4U+y2wjtPG2neKZ9aF4Ix9rZp9IU2ht3kyYADvVOHBIG79OympwfHCKOd4bPqmN55808uq4OOH9m37lo12p8ySSlra7ur6n9DZjDiV4hvKq2UQwvJG0MbTxTr89vevKknDlb21ulunZc3T/Ew/G1dM0M/CNfh5Jq4eX/hIR44fW47Fk8mDyDpR0hJJQ32j7T5n2kYEXlbcsX28eULh51sT/bjzVULR+q/2csM6l+aXN7b27Ufg5eXkfxKV76HVmX9tKnQ/sn+znVTf1j6866g1yrl9l7FOXxc1+ZrS1r6nx3+zNcfGW2v/ANtUrp/gG7+MCfHLR7hNPN5rNv4Flvp/hx8OhOGu/LOrpbDThcPGwj3m6WJSBGzmvvOL4ZBOl4fXq5nTyF8O14Or7PDyzJUo5rmvK1C/sHL2vKmr8qg2/ekvd+P4alnEanGf7vATzf8AtulNU+etHAucsuy7mvO3teX2fM07X5lFNNXPsD4YX/xyvLXWj8XtA+HmjXsRi/sBPA2ra1qVvcgxyGb+0m1aKJ4SJRGsfkg5QuWwQBXwmcUuHKc8P/YWKzXEU3zfWXmVDD0ZQ1XL7JUJSUtL35utrXv7v12WVM7nGt/a+Hy+jNW9gsDVrVYy0fN7R1UmtbWstu5zfgLXf2l7zxWlr8RvAfwy0XwcUuy+q+GfFOq6lq6yJ/x5KLG7t44isoz553fIfu5AxXXmeG4Rp4JzynM84xGPvC1HF4GhQoWf8S9WFWcrx+zZanPgK/Ek8Uo5jgcto4S071cNiqlSqn9hezlFLX7WunS9iPxH4m/aWtPHraf4a+GXw+1f4d/2np8SeIb7xpcWGvjS5WgGpXb6R9nMX2m1VrhoIFkIn8uMZUsaeEwnCM8tVXGZvmlDNfY1ZPC08BCrhvbJS9jTVbmjLknaClJ/DzPa15TicTxJDH+zw2WZfVy72tNLETxsoV/ZPl9rN0eVLmj7zjFS1ta6vc1/iv4l+PGhXekJ8Ivhp4V8eWc9pLJrM3iDxlH4YlsbsSERQWqSQyi6jeLDtJhdrfLznKY5JhOGsTCu89zfG5bOM0qEcLgJYyNSnbWU5KUORqWiVvuubZric9oSorKctwuOhKDdZ18ZHCuE76Rinzcya1b17eZoeIPEnxjsfhro2t6B8NtE1z4m3EWltrfgiTxfaabpOnTTwO+qpa+JJ4jb3i2E4SKAhF+1K+9du07ssNhMhqZviMPic3xGHyeEq31fMVgalavVjGVqDnhItTpurG8pK75LWbV2zTEYnN6eW0a2Hy6jXzKSpe3wTxcKdKm5Rbq8uJkuWapyslZLnTurCeBfFXxd1bwV4i1jx58MNP8ACXjLThqTaD4T07xdYa9b68LbTluNPVtYt40trBr/AFDdYHzgwt1AuH+Q4ozLBZHQzDC0MszmrjsBV9ksTjauBqYWWG56vLVaoS9+oqVK1X3fi+FapBgcVm1XBYitjssp4XGU/aewwtPF068a/LTUqf76K5aftKl6fvL3bczVnYxPhX8QfjR4r1u+0/4j/BFvhrpUFibi01n/AITPRfEiXt2JUQWQtdOVZoiY2aXznATCbepFdGdZXw/gsPTq5VxEs2ryqKM8P9Qr4V06fK37Tnq3jLX3eVWfW72McrzDOMVWnTzHJXl1KMOaNb65RxCnO9uTkprmV1d8zstNndcuZB8W/jE3xEPhSf8AZz8RxeEf7en0xfiEvjHw1Jp39lRyypDrzaTxqIgnjVJRa489A4VsFWreWR5B/ZX12PFeFeO+rRrPKngMWqvtmk5YZV7ex54tuPPdxdrrR+7jHNs4eYPCy4dxCwnt3SWPWMwzh7JN2rulpPlkknyfGr213L3xS+LnxJ8Ca/BpXhP9n7xp8UdMlsIbuTxB4d13w/p9pBcySSo+nvbanIty00KosjSD92RKoGOTWWTZHlOZYWVfHcUZfk9ZVZQWFxWFxNapKCSaqqdFqCjJtqzu1a7WppmebZjgcRGlhcgxmZ0nTUniMPXw9OEZNu9Nxqe9dJXva2ttToPiJ8SPF3grw1oOuaF8IvF/xB1LVXjS/wDDfhu60xNS0IPbLO73st5JHbyrHITbHyTzIpIwpBrlyrKcDmGLxOHxOeYDK6VBN0sXi4VnSxNpuKVNU05Jte/73Tu01LozDMcXg8NQr0MpxmPq1WvaYbDSp+0oe7dubm+V2b5fd5rvba4uk/EzxPf/AAuvPiBe/CTxtpPiC1S8dPhncf2fN4uuza35s4kthDP9hdryEfb4MzAfZj83zDDFfKMHSzmnldPPMur4Wbpp5vD2qwMOelztz5kqiUJP2ctPj2sncKWZYmplk8fPKsbSxEVNrLZezeLlyz5Eo2k4vnj+8jt7u6bVit8Jfit4j+JUutx6/wDB74h/Cz+yY7F7eTxza2VvHrBvGullj01rOeYSPZfZ0a537dq3EOOp3XnmSYTKFh3hs+yvOvbuopLLZ1Juh7NQadZThGyqc9oWcr8kr2t705TmuIzJ1lXyjMMr9koOLx0YRVbn5rqny7uHLeV1pzK17s5bwh8d9Z8Z+MovBeqfAL4w+FbG6lvoH8T+KvDlpB4WRLNJZEknulu5j5N4YlW1Jjbe8kedua68w4Zw2Cy+WOp8S5BjpxjTl9RwmKnPGS9o43SpunG7pqV5roou8tLS5sFn1fF42OEnkWcYSLc19axGHjHDLkTd3UVR2Ure77t3dJtXPkn9oyw8DfDvxL4sv/hv8Mfjz8PvHGi6LdXUfxG+DHh5rfwdexa14u0z4s+LxdwJONBmuvFWrWl1o/izxHc6XLqlpYaprMdvcAnNY4ThmWMyipmsc7yHCuFHE1fqWNx6oYpfV1UspU3F2dXkvT1fNGUX7rcYnncTcXS4fwub1YZNmmMnl2XYnG06tPDN4GrOjhJ4iMZ4hO8KSlFQrVLXppTaUuU9L+E3xv8A2lovh/8AD/xx43+G9r8WPC3jzQvCutWuu/DMJa+KNMvviH8Qrmw0zSNR8J3Uqr/YPgD4fX+h6z4s8Vi5b7XcWmryQW52xq3yOEr/AFnC0MRZL21KFS0XzRXMr2T6rszq4I4jfF/CHDXFDw8cK8/yXL82eGhN1I0HjcPCv7KM3rNQ5+VSdua17K7R9OfC/wCPXwp+MNpbz+BfFtlf3k+mrrDaDerNpHiW10uTV9W0GG/vfD2px2urWlpc6toWr2VrcT2qR3MlhcGFpEXdXQfUnsNABQAUAFABQAUAfG/7En/En+Gvjf4dvxL8LPjX8XfA4X+FNPsvG+rXeirGv8MY0e7sTH0BQqRwQW+98Q/3+b5dmqXu5zw9keY36urUy6hTxDfduvTqX1eumlry+P4L/c5bjcv65XnWbYL0pwxtWdBLyVGcLflHY+yK+CPsAoAKACgD/9b+/igD8+f+CpOk32rfsQfGVbCCS5ksIPDWpTxxKzyC0tvFOji4lVFDEiFZfNkOMJEkkjYVSV+Z4wpyqcPY9RTbiqU2lvZVqd38r3fZXfQ/lz6ZuBxOO+jpx/HC0pVZ4allGLqQgnKXsKOdYBVZqKUm1TjPnnpaMIyk7qL5cn9mz4wfDa3/AOCdvgPWbjxl4ft7Twv+z3HomtrNqtlHcWOsaJ4Rl02902W3eZZxeC9ha3ig8sSTOyeWrBlqMqx2EXC+GqOvSUaWWKnUTqRvGdOi4Sg0+VqXMrJNat6W+1weEfHnCNL6KnDWYVc/yulQybwtjl2YqpjcPGrhsfl2RTweIwk6UqiqKusTTdKFPl56k3HkUuZOX56/so6VrVt/wSh/al1S2gnjTxHqvjvVdJl2SIbrSom0awvpo+FLRbLK/RmHybVbOQGFfMZLGouDM4mk17WpiZw84Xpxk1tde7Lp62R/Lfgngswo/Ql8Z8dRp1YRzbHcS43AzUZp1sFCeAw2JqQ+FuHLh8TFtXXLF3urqX0l+zs1g3/BHzWDp4xGPg/8U1uOn/H+t3rovzx63fmnnJ9cdK9bKuX/AFHly7fUcXf/ABXqc3/k1+34Jy/W/Cl4Z/QOx/1X4P8AULjRVbf9BKrZmsT8/b8/67s+Dbv4PeI9C/Ye/ZS/bR+FULwfET4Dz3D+ImtFZZNT8H/8JZqBiku/KAeW3sZ7ifTr4fM0ml6tIrMsNtivm/qNWnw9k2fYNWxWXN+0a3lQ9vO3No7qLbg9vdn2Vz+aa3AWbZb9HLwS+kFwVTlT4r8NKlWeaugpc+MyFZ3i3CdfkV50sNUqVMJiE+aUsHjpJ+5RSPrX/gk58QLH4rfH79uT4l6fFJBYeOvFfhrxTbQzgLJFDrOseNL4JIvIVlE2GGeMY5xXtcF4mOMzPiHFx0jia9Ksk+iqVK8tfS/+R+4fQi4nw3Gvid9I7i/CQlTwvEmd5RnVGnU0lTp5hj+IMSoT6JxVSz387WsdD/wRuuGfT/2pIdODDw0PjPcz6YcEL9oksY0mA/h3C0issgDIGMlgV27cCv3c4UP4X19uHq4a7abcvT1sep9Aaq5YXxmhhU1lH/EQK1TB78vtZ4anGok/huqEMPe2tmvI/bCvvj/Q0KAPjT9nD5Pjp+2jD/1WPwtPjt+++E/gc5/HHPr+Ar7/AIsV+G/D+X/Uhxsf/Ac7zHrr3tZ29Ha58dw7/wAjzjNf9TjCv78qwP8AW7v5WaPsuvgD7EKACgAoAKACgAoAKACgAoAKACgAoA5Px9bfbPAvjS0xn7V4T8R22PXz9HvIsfjvxWOJXNhsRH+ajVX3wkjxOJqP1jhviCha/t8kzajbv7TAYiFvnzHiv7G9z9q/ZX+AUhOWX4XeEoZD/wBNINKgifuf4kP/ANfq3n5E+bJstf8A1B0V90bfofnvgFW9t4LeGM73a4NyOnJ7+/TwVKEvxidt4/8AgN8K/iXf2es+J/Clm3iKw1bwnrNv4n0l5tD8SG78D6pe614Xgutb0qS01C/0vTNT1LULldHvbifS5mvboXFrKsrV6x+unjOm+Ef2nPgymkWXhvxjb/tAeCbNfBmjXVn8QpItO+JFjpmn2Piq78e+MJfE9nFFD4q1/Wb3/hFdP8P+H3tLa1tY/tzvKeCwB1ngH9qj4f8Aii8sPDXjKz1r4Q/EO4j8HW174D+Itt/Y+oWviLxr4Vu/GeneFLHU2/4lOva7Z6Dp2o3Wq22kXN0NONhdJcsrRMFAPphHSVFkjdZI3UMkiMHR1IyGVlJVlIwQQSCOQT1oAdQAUAFAHxt+z9/xIP2hP2xPBf8Ayyk+Ifgv4hWo6DyvG3w58NSXZQc/KdUsL/cflzN5h5yTX33E6+s8LcB5g17yyvMMrm99cuzbFqmn0uqNSlb+7bsfH5B/s+f8X4Po8wwWYR9Mbl2Hc7eXtac++va9j7Jr4E+wCgAoAKAP/9f+/igDL1vRNI8S6Pqnh/X9OtdW0TWrG60zVdMvolntL+wvYWgurW4ibh45onZGGQRnKsrAMsVKcKsJ0qkVOnUi4ThJXjKMlZprs1c4sxy7A5vgMZleZ4WjjsuzDDVsHjcHiIKpQxOGrwlTrUasHdOE4SafVbqzVz82bz/gkj+yNdaxc3sWn+PrDRby+OoXXg/T/G2oW3hiW484TLGNOCOgtVICCAljsAAcEA18rLgrJHOUlHEwpyk5SoQxE40W27/BZq3S19l005f5Jr/Qc8DK2PrYmGF4nw2X4jEPFVshwvEWKpZNOq586j9UUOVUVblVN68uilFpOX3HL8GfAlt8HtV+CHh3Q7Hw74Ev/BuseCrbSNOhEdtY6bq+mXWnSPGhyXmUXLTmWQvJJOPMdy53V9C8BhlgZ5fSpxpYaVCdBQgrKMJwcW1vd63u9W9dNz+jZ8AcNUeA8b4dZVl2GyrhvE5Bj+HqOBwtPlo4bCY7B1cJKUI3blUj7Z1XUlLnnVXPJuTbPz2/4J+/BrxzpP7O3xn/AGU/jn4R1/RfDuieL/GnhXSL87rKDX/Bnivzbi6utD1Ab2cm+u9RliuFB2Ry27AAkhfmOGsDiYZXjsmzGhVp0qdfEUYS+FVKFa8m6ctftSnZ9tUlqj+WvovcAcR4Lwq8QfBTxIyLM8vyrLs+4hyTA4h3w9PNOH879pVrVsuxS5pO+Jr4qVOqorljKm0l9n74+HXwC+G/wy+Ddp8B9B0u4vfhzbaLqmgPpWu3R1Sa80zWTcnUILy5kRGm8/7XON21WTcChDIHr6TC5bhMJgVl1KDeFVOdPkqPnbhUvzKTe97s/prhTwx4S4P4BoeGmWYKriOE6OX4zLJYLMq7xtSvg8f7b61SxFaUIup7T29RcyjFxunHVXj81aH+yx8OP2LfhH8ffEv7N/hPxXf+MvFnhK9ltdIfVJtfvbvWrS01G38O2+l27xQmG3sr7VnupIkLHyUk5O0V5VPJ8JkOCzKrlVCtKvWoSahzurKVSMZKkoX5bKMptvTbXWy5vyPLfBbhL6PnA3idm3hNkmd4rP8APMjxE6OBljamZ4ivmFChiqWVUsFSlCn7OlhsTjpVpQTk/Zxk+bRctP8A4Jn/AAC1/wCAv7NWmW3jTTJtH8d/EHXdU+IHizTLlBHdafd6wY4dPsbpOWjurXSLWxiuoyzBLhZVHTNTwnltXLcphHEQdPE4qpPFVoS+KEqmkYy7SUIxuruz7auXP9ELwxzPwz8I8JS4gwdTAcS8U5njeKM8wdZctfDV8e4wwuHrRaThWo4GjhqdaGvLVjJLe5+hNfTH9ShQB8Z/s+fu/wBor9tCH/qpPgC4x/13+Engs5x77evH9W+/4o14V8P5f9SnM4f+A53mGn9fqfH5BpxDxkv+pjl7+/KcH+fp06H2ZXwB9gFABQAUAFABQAUAFABQAUAFABQAUAUdTtvtmm6haYz9qsbu2x6+fBJFjt13ev5VM1zRlHvFr71Y5sZS+sYTFUN/bYavSt39pSlDy79/uPlf9ha4+0fspfBvnP2bwwlj9PsV1cW2Pw8rHf8Aovj8Ou+TYDyoqP8A4C2ra/19x+MfRure28FOAdb+yyeOG/8ACatVo28rcltVH0PravaP3AKAOQ8Z+APBfxD0z+x/G3hnR/EtgiagtsmqWUVxPp76rpN/oV/daVeYW80m+n0fVdR086hps9tfR215cRxToJSaAPmmb4CfE74TrJf/ALOnxJvYtIsYDJbfB/4kTz+I/Bk9j4Y+Fn/CI+CfBXhrW7hn1zwXplz4q03RvEPibWludV1C9Muq9HnU0AXIP2pR4HvJNF/aF8Eav8Jri2fW408aFZNW+G2s2Pg3wLoXjLxr4ug16BC3h3wnpkurXmjWNx4j8i61G80e9ECtgGgD6k0fXNG8Q2UWo6HqdjqtjMkbpc2FzFcx7ZokniDGNiY3eGWOTy5AkgRlJUZAoA1aAPjbwx/xI/26vixYHhfHHwC+FfiWMdml8PeJ/Hfh24k9CxiitEbjIVE6AivvsZ/tHhvklX/oX8T51hH5LFYPLMVFfe5tO3WS0sz4/DfuOOM1hssbkOVYlLu6GKx+Hb6LZRV9X0srpn2TXwJ9gFABQAUAf//Q/v4oAKACgAoAKACgAoAKACgAoA+M/gT+7/af/bOg6f8AFW/Cq4x7T/CPwiQep/ukdB7Zya+/4k14O4Al/wBQWdQ36xzzHL+ux8fkenE3GK/6i8qf35Thbvpvvs/U+zK+APsAoAKACgAoAKACgAoAKACgAoAKACgAoA+PP2Dh5f7Mnge1/wCgfqPjDTcen2DxbrFrt/Dyse1eHw5/yKcOv5J14f8AgNaouy7f8NtH8G+jT7vg/wAOUV/zC4vPsJ6fVs8x9G3y5Lfh0PsOvcP3kKACgAoAoarpWl67pt9o2t6bYaxpGp2s1jqWlapZ2+oabqFlcI0dxaX1jdRy213bTxs0c0E8TxSIxV0ZSQwB8u+LP2WLC3u9a8UfArxv4g+BfjrU5PG2sm50E/214I1Xxn42i8MW9z4o8WeBdVll07W59MtfC9va6PZ29xptjpyX+oSQWwebbQBasPij8bfA3iNdC+K/wwXxB4a1HW9bg0b4i/DGWbUrex0q58b+FfB/w80/xV4bvBHqI8T+JIfEz61rU2kM2haDYaJqtzNKYokDAHNa432X9vT4fTYZBr/7MvjG2IYYLf8ACPeP9IukRv8Aaj/4SJsr238dWr77DfvPDTM47/VuL8BNeX1vK68W/n9UXXp0Pj6/ucdYB/8AP/hvGR/8JsfSl/7sd36dY/ZlfAn2AUAFABQB/9H+/igAoAKAKOqanYaLpmo6zqt3DYaXpNjd6nqV9cuI7aysLC3kury7uJGwscNtbxSzSuThURmOMVFWrTo06larONOlShOrUnJ2jCnTi5TnJ9Ixim2+iR1YHA4vM8dg8twGHq4vH5hisPgcFhaMXOticXi60KGGw9KC1nVrVqkKdOK1lOSS3R4b8F/2oPgj8ffhve/F34b+NtPv/h1p+sanod14q1VhoWkxX+kXn2C+DXeqPBbiCO8It1uDKsUkpEYIf5a8TJuJslz7LZ5tl2Np1Mvp1qtCWKqtUKSqUZ+znedTljyqfu817N6atLm/UvErwM8TvCbjTDeHvGfDGMwnGOLy7BZpQyHAJ5rmE8JmGH+tYZrD4GNWq6s8P+9lRUJTjBOT91KUvR9E+J/w08S3qad4c+IfgbX9QkyY7DRPFugarevgZOy1sL+edsAZOE4HJzjFejRzPLcTNU8PmGCr1HtTo4vD1Zv0hTqc34P5aKXxmZ8Dca5JhpYzOeD+KcpwkLc2KzPh/NsBho3dlzV8VhKVNXeivNXenU89b9pn4NR/tAD9mGfxZFbfGd/Cf/CbW3hW5tpoTe+Hv9HLXVjeOq291IguEZ4ImeRVWUnHlOF858S5Os//ANWZYtRzl4T67HCyjJc+H9334TceWTXMrxUr7/ytH18fBHxIn4R/8RxpZBOt4bR4gfDNbPqNelUWGzf97ahicNF+2oQk6MlGrUSg3Kml/Ehze917x+TmRquiWGsvpMl6LgtourRa1Y+RczWwF9DaXtkhnELoLmDyL+4DW0weFn8qQoXiRl3oYmph1XVPltiKDw9TmhGX7uU6dR8ralyS5qUbTiuZK61Uny41aFOu6TqKT9jVVaHLKUffjGcFzcrXNHlqS92V4t6tOycfFfiP+zN8L/ip4kk8VeLF8WnVpLW2s2Oj+NPEehWfk2kYji22OmX9vbLJtHzyCPfIeWycFvocp4vzjJcIsFgngfYKc6i+sZfhMTU5pu8r1K1Kc7X2V7LoeNmPDWWZpiHisV9b9q4xg/Y4zEUIWgrL3KdSEb23dm35any1oPwT8D/Ff9qD9rDRPFy6+bLQNW+Dd1po0XxLrOgzbrn4OeErWU3U+lXVtLeDbZptFwXCNuYfM7M32WJ4hzLJODeCcRgfqyniaGfwq/WMJh8VFqGfY6aUIVoSjDWo2+VX2XvJJx+YoZNgs14m4qoYt4jkoVcnnTVHE1aDvLJ8JFuUqU4ud1BfE7J30T1l9lp8E/A8fwul+ECjX/8AhDZovJcHxJrB1zZ/aUeq8eIDdf2srfa41+YXIPk5g/1ZKN8C+IcxecLPf9l+vp3X+yYdYe/svY64X2boP929uRe97695H2CyXBLLHlH+0fU2rP8A2mt7f+IqumI5/a/Guk/h92/KR/DH4H+BfhFaa1ZeD18QCDXzEdQ/tvxNrWvv+5jkiT7NJqt1cva/JI27yGTJwxyQCrzjiPMs8nh6mP8AqvNhb+y+r4PD4Ve803zqhCCnqlbmTtqla4ssyTA5TCtDCfWLV7e09tia1d6JpcrqTm4aP7LXzsjlvAP7L/wu+G3i5PG3hk+MhrUcV5Eq6r438SaxppW/wZ92mahfz2bMCv7pjFmL+DGcV25nxjnObYF5fi/qDw8nTbdHLsJh616fw2rUqcKnquvXqjmwHDOWZdi1jcN9c9slNfvcdia9O1T4v3dSbh6aO3S1kR+Jf2W/hd4s8fH4k6tL41HiQ6pp2r7bHxz4ksNI+16W9u9qBo1tfx6eLfdbRedb+R5U43iRWDsKeD4yznA5Z/ZNCOXPCexq0P3uW4SrX5Kykp/7ROlKrzWm+WfNzR0tdq8ZxPDGWYrH/wBpVXjfrPtadX93jsTTo89JxcP3MZez5bxV42alrfe0dz4r/s9/D74zXek3vjJ/FST6LaSWVl/wj3i7XfDcZhllMrfaYtJu7ZLmTeTtkmDOq/KOK58k4pzTIIV6eAWCccRNVKn1vAYbFvmiuVcrr05uCt0jo99Ptb5rkGX5xKlPGPFJ0YuEPq+Lr4ZWbu+ZUZRU3d6OSutla/vaHiD4HeB/E3w00b4Uak/iUeFNBi0uGway8T6xZa4U0e3e2s/tWvW90mp3TGKRvtDTXDG4fDyksAaywvEeY4PN8RndFYP67iXWdRVMHh6mGvXmp1OTCzpyowXNFcqjGKgtFZOxpiMkwWJy2jlVR4n6rQVKNNwxNaFe1GLjDmxEX7WTs3zOTfM9X0cfGP7T/Zi/Zt1vwB+y5rHxBuvDvjD9qa88eaf8M/CPibxXr2reKPHN54c8Kw3XjSDwzqV5Lc3NpJo3h1o79wlzb/Z8tcQZmJKmZcR5jm2YYXM8UsGsVg/Zex9hg8Ph6P7mr7aHtKFKnCnU99vm51Lnj7r0VgwOSYHLsHiMDh3ifYYr2ntfbYqtWq/vafspclWpJzh7i93la5Ze8tW2emfCz9m/4cfB3Wr7X/B8ni99Q1CxOn3A8QeMtf8AEVr9nMqTExWuq3txBDNvQfvo0V9uVBAJDdGdcWZtn2Hp4XHrAKlSqe1j9Vy/C4SfPyuPvVKFOEpKzfutyV9fMxyvhzLsor1MRg3i/aVIezksRjMRiIcrkpe7GrKUU7rdK9tNfs5cH7LHwst/iGfifHJ42/4SdteuPEZV/HXiV9G/tG5lklkA0Rr86d9j3yvss/I+zou1VUBQa3lxpnU8q/sdxy76n9WjhLrLcGsT7KEVFf7T7L23tLJXqc3M9by1bMlwvlccw/tNPG/WfbyxFnjsS6PtJNt/uOf2fJd6QtyrotkaXxO/Zt+G/wAWvEEHibxZL4xj1O3sIdNjGgeNPEHh+z+zQySyIWsdMvILd5t0rbp2TzGG0MxAArHJ+Lc2yPCyweCjgHRlVdV/Wsvw2Kqc8kk7VKsHNR91Wje3Wy3NMz4by7NsQsTi3jFVjTVJfV8ZiKEOWLbV4UqkFfXV638rHRePvgt4M+JHhrRPCniObxKmleH3iewbRvEuraLfsYbcWyfa9Q0+eK6ux5SjcJncM/znLHNcmWcQY/KcXicbhY4R1sVf2qxGEo4il70+d8lKrGUab5n9m1lpqtDpx+TYPMsNRwuJeJVKg04OjiatGppHlXPUpvmnpvzXu9WkGl/BbwbpHwzu/hNZzeJT4UvUu0mkuPE2rXGvhb2//tGfyvEEs51OI/aDiMrPmKH9ymI/korcQY+vm9PO5xwf12m4OMY4SjHDfu6Xso3wqSpNcurTXvS952eoqWTYOjlssqg8R9Vnz3csTVlX9+p7SVsQ/wB4ve2tay0WjblX+FXwM8EfByXWpvB83iiVtejso77/AISLxTrHiRVWwa5aD7Kuq3E4tCTdS+aYAvnARiQny0FVnXEeYZ8sPHHRwcVhnUdP6pgqGEu6igpc7oqLn8C5VJe7ra1/enK8jwWTus8G8U3XUFP6xiq2IX7vm5eVVXaL953slfS7dko834O/Zi+Gngbxlb+OtEuPGz65bT3txGmqeOPEOqaWZL+OWKcPpV5dSWToFnfykaMiJthTaVBrrx/GGb5jgJ5diIZcsPONOEnRy7DUa1qTjKNq1OEZp3iru93qne75ufB8NZbgcZHHUZY114ucl7XHYirSvNNO9KTcGrS01dt9Le78c/so/swfDfx/8P5PHGvX/j2DXrT4p/E+ye30bx1r+j6MjeGPiPr2nWiro9ldR2SKY7CI3KiPFy5keXcZHrxODeMc2yzhxZVh6WWSw9PFZrTUq+W4aviEquNxDnetOMptpzfJeUuVWSskon4J9H3hnLsdwC8VXqY6NfDcZcc4Xlo42tRor+z+L82w8EqUJcq92lHmVnzbvdqP3H8VvgL4I+Ma6Gni288X2o8PR3EVh/wjPizWPDZdboQiT7adMuITeMBAnlmYsY8vt+81enkvEuYZC8S8FTwFT61KEqv1zBUMXZw5uX2ftYy9mvfd1F66XvZcv9BZpkOCzhUFip4uCw6kqf1bFVcPdStfn9nKPPaytzbdLXfNZ1D4IeDdT+F9n8I7i78Vr4VsorSGG5g8U6tB4jKWUvmwmXxCk39pSsX/ANazTAyr8rEjFRS4ix9HOKmeRp4L65Uc5ShLB0ZYS9RcsuXCuPslp8No+7utdSqmSYOplkMplPFLCwUIqUcTVWItB3V8RzKo7ve7d1ps0zz6Tw58E/2Tfhj4sv8AXfFPiPR/Bmt3kNnqF74m8Ta74m1a51XXIYtE0/SfD5na81JtS1FzHDYWOnIZWuWM42KkkqGbcR4/OcVhcZi6eChVwiiqSwuDo4ak+So6q9pTpRUaj5nZ8yd42jsLLsjweV4fEYbDTxUqeJcnUdfE1a81zQ9m/ZznKTh7q05Vvrrb3flH9l340/sMv+0frPwf+G/xN8f6X+0XB4UvdRk+Enxa1vxnYeINQ8KXVxZ3Nzr+heHvFOLPVLOKSG3Av9Nlne2R5Y8KDMqdWccXZpneDjgcZSy2FGFWFZSwuX4bC1nOnCcI3q0oxk4tVHzRvaTs9Le9hlnDeX5TiZYvC1MdKrOnOk1iMbWxFPlnKMm1TqNx5rxVpWTSuup618L/AA9+yf8AtE/E74peP/hT8TvEvjfxd8G/jXrPgX4oWOgfEDxKuieD/i14Wls9R1rwfqehNJDp8cmn/a7R7jT445LQwzqgJViF0p8Z5vSytZRGjlf1VYV4NTlluFlifZODg39YcPaOrZ39o25J63/lifC+W1MweZyqY/6x9Y+s8qx1dUPaKfPb2Knyezvp7O3K1pazse+/Ff8AZ08AfGTWdO1zxbe+NbW90vTBpNsnhnxnrfhu0a1W6ubwNcWul3EMM9x5t1KPtEgMnleXHkoihMMk4qzPIcPVw2CpZdUp1q3t5vGYDD4uanyQp2jOrGUow5YL3E7Xu9W3y65rw7gM4rU6+LqY2E6VP2UVhsZWw8HFTlO8oU5KLleb9562stbI8a/bd0rTfAP7GfxS8UWFhrutj4D/AA31z4iaHpcXi7XNDvNTHgHw9fXkkGra9pki6ncwtpcV5LcFy/mzJHLICV3L8znPG+b8IZdxJxdluFy/F5hhMsx+OlhsZhKVXCTVKP1qqo0ZRcaVo0m4uCTirpaNo/YfBHwm4d8Y/Frwo8JOI81zTJck41434c4Tq5pltZ/2hhJZ1jKeVYWpCU5xVabxOKowcakrS5rq8kjyvwZ4a8L+EP2gv2P9Q8HXWtXWi+Nfgx8ZtQim17Xb/wAQ3rf2s/wy15ol1HUJJbh7eN5SIYy+1AOFGK/SsDn9firw+4lzTExwsZ1MdwpioxwlCnhqKVTDZpBNU6dotu9nLeVr62bPxfibhOPAnibh+GE8U5ZRW4uymq8XWnWrueCx2Dg+ec7yT/d83L8KvZWv7v6ZV+bH0gUAFABQB//S/v4oA8P/AGkvjv4U/Zm+CHxE+OPjQSy6B4A0J9UmtLfb9o1C8muILDTNOg3cB73Ubu1gaTBEMTSzsCkTV4nEee4XhrJMwzvG3eHwFD2soR+KpOUo06VNb6zqTjFu2ibetmfqPgv4VZ/42+KHB/hdw04Qzbi3NY4GliKt/Y4PD0qNXF47GVbXvHDYPD16sY/8vKkYUlZzTPxyl/4KEftu6rov7ONr4a+Hvw0vviP+2WniTxv8HfBMVwbYeD/hn4b0ODXbaTX9a1NksdR1rxJZLeXEEcix/Yt1naNundzX5A/EDjWrR4djhsvy2pmPGCxGOyjAqTh9Ty3DUI14OvXq+5UrYmCnKKajyXhBrm5j/RuH0Qvow4DMvGavnfF/G2F4N+jdPJeGPEbiadFV3xFxtnWa1cqrwynLcEnisFluS4mWGpVakPafWbYnEJKjGHN51+0X/wAFOb34vf8ABMf9q26utGl+H/x38Iy6V8GfHXhkedb3Gi6h4u1g6Pq7SQSYmtXm07TPFOkSxltjzQPc2wNpNBXncQ+Jc838NOKZSovAZ7hHSyfHYbWMqM8XW9lWvFpSg3TpYqlbW7jzR91xZ9l4O/Qgwvh39N7wFo0Mxhxb4VcQU8w8SeFc7/d1qWZYTh7LVmOXqNWF6VeNPG43I8whNJuNOrGhWtXpVkYPx/8AhxZfB7/g3k8O+G9Gjl06fUfhn8KPFGu+UzRST6/4z8V6F4j8QvKybGkWfVNQuHxITldobO0Vz59l0Mo+j9hsPRTpyq5blWKr20csRjMVQxGIbs9VKrUk+vppaPqeE3GeK8Rf2wGc5zmU4YylguNeP8iyr2iVSFLKeG8hzTJsojTUk4xlSwOEoxvDl15mrN2PzA/aH+DP7LvwH/YA/Y4/aF/Z6+It94T/AGzPFdh8J9T1bS/Bfjya/wBb1a/1bwy+peJJ77w9p1zJPpt1Za9HpiLb3Cr+8u2sXt5fN2V+Z8QZPwxkXAXB/EHD2YzwvGOKhlVWrSwWOdSvVqVcM6mJlUoU5uVKUK6pLlkt58nI7uJ/cnhB4keOnir9LX6R3hB4v8G4XP8A6N2Q4vj/AAWXY/ibhOlhMswGEy7O4YLJaOFzfG0o0sbQxWVTxs3VouVoYf61GtBxUj9M/wDgoPrPjH4SftA/8EhP2s9VjOk/FHxBqOgfC34pXKp5Eb6ZqsvhS31i2vYuA7eR4+8RsqzH5Xtoj/yxTb+leIFbGZTn/hJxXVTo5piKmHyvNJJOK9nVeFjWjNaXfLj8S7NPWMX7vKj+JPoiZdw54geEf7Q76P8AgJ/X+Bsowma8dcCUHJVZxxuBhn1XLa2Fk78q9rwpkqbptc0K1Ve97WTP6aYpFmijlQ5SVEkQ+quoZT+IINf0ommk1s0mvRn+I9SEqc505K0qc5Qku0otxa+TQ+mQFAHxP8KNR0/Tf2vv2vkv7+zsjdf8KQaAXd3BbedIfhnpcWyITOnmP+5+6m5unHIr9BzyE6nAvAvJCc+R8RJ8sXLlX9r1pa2WnxPd/fpy/G5TKMeLeLVKUYuX9itXaV/+E2krJO38vRv0PtcEMAykEEZBByCD3BHBB9q/Pj7IWgAoAKACgAoA/mI/4Lc/FfxJ8E/+Cln/AARG+I3g34Y+JvjL4w0bxz+15ZeFfhn4RMEet+K/EHiH4Q6B4d0myS6uStvp+nW95qkWoa1qU58rTtGtL+9YMINrAH2p+y1/wUm/aR1z9tZf2Ev25P2XPDn7Onxb8a/B/UPjp8GdZ8A/ENPiN4M8ZeC9H1uPQ9a0i/1UwQNZ+LNKuZ0+02cKG3P2e8KOVRHYA/aOgAoAKACgAoAjmmhtopbi4ljgghRpZpppFiiiijUs8ksjlUjRFBZnYhVUEnjNNJyajFNtuySV22+iS1bfkJtJNtpJbt6Jeb2/P7j8+/2MPi/8KrHw5498CzfEjwNBr9v8ePjU1ho0vinRYr+8s9S+I2v3tlcWVu94sl1DeR3AltWtxKJkYPHkNurz8gy3MPqOMmsFipUaOa5nSnUWHq8sJRxdVyUmouzi3Z35LbO1rH8+/R8xuDo8N8V5a8Vh1Vwfih4j0Y0nWpqTU+Lc0rR5YuV2mqiatvfr8R+hAIIBByDyCOhHqOvX6/nXef0GFAHwx/wUM1b4H6d+z49v8avHuvfDuXUfHPgqH4Ra/wCCYBqXxJj+NkOswy/DxPh14fGZPEniRtVHlPom37NqGkS6naX0sFpNLKoB+cv7MH7Yt0f2zvhT+zn/AMFJP2ePC3w2/bUvvBfiif8AZP8A2jxodhBpvxz+HTFpda0zTLkb7rwR8Qv7OsE1HxT4Anup4bGYXiWEuBI1wAfmv/wTs/aY/bV+Hfxu/wCCwfwy/Yu/Y9sP2hfEdp/wU5/aL+Ini/xf8QfHsPw3+G+l6fPbeHtNsvB+i6r5Vxea949vv7FurtNKgjSC2tbrTZLiUC6G0A/o4/4Jv/tyeH/+ChX7LXhP9obSfCGpfDvWrrWvFPgrx58PtXnS6v8Awb4+8C69feGvFOitcxgLc2sWp6fPLp9zw09jLbysqszCgD6Z+PXgr/hZXwN+M/w6MXnjx98KPiL4K8nG7zv+Eq8IaxoflbeM+Z9u24zzu7Zrys9wX9pZJnOXWv8AX8qzHBW7/WsJVoW67+07feff+FHE3+pfil4bcY+09l/qnx9wdxN7VO3s/wCwuIsuzT2l+nJ9V5vkfmf+zX4mPi7Rv+CWPiJpd943wX+K3h7ViTk/2lpPhn4c2d9Dk/MTHe6fOpBORtwcEV9L4R4v674L5zN+9KOC4PU+tq1CeZ0Kut+kk1qtGraWfN7f0zch/wBWvpecb5fTioYeXG3HeLwaWieAzOrg8wwUktnz0K0JaPrpzXTP2Irzz8lCgAoAKAP/0/7+KAPib/gop+zpr/7Vf7HPxp+CvhKWGLxh4j0Kzv8Awl9ona3tp9e8P6tY63a2E8o4VdTisrjTEZ8RxzXkUsnyRsG+L8Q+Ha/FPB+c5LhGljMTQhPCcz5Yyr4erTrRpyfaqoSpq7ilKSbeh/Tf0OvGPKfAb6Rvhr4l8QQqT4cyfNcRhOIPY0lWrUsqzfAYrLK+KpQdnKWBqYmjjZKD55U8POnC0pI/nP8AC37W1j8OP2gv+CZ2kfF34ZfFTwj4v/ZX+GvxJ+HPjfwpH4F1rUNY1Caw8Mah4e0Gbw9BbQH+3GvhbQteSacJ4bMyGZ38kfL/ADxheK6eXcQeGtHNsszTCYvhfLcyy7G4VYKtUrVJQw1TD0JYeMY/vuflTm6akobt2SP9kc++j7iuM/CL6bWYeHnG/AfEPD/jxxrwVxlwxn0+KctwmXYSlis7wmcZtTzetXqpZYsJ9YqRw0MY6NXEKCpxhKo4l349/spfFXW/2C/+CiX7XPjfwVrPgHW/2ivjp4d+Neh/DjVI9mt6P8PNJ8XajDp99qlko82zvrs+NLy+lgmw66dbRXMix7mRbz3hXNK/AniFxbjcFWwFfiHPKGdUMuqq1ajl9HF1FTnVgleE5fXJzaktKcVJrVo5fCjx84Cyz6Vv0PPo9cL8TZbxblng74WZz4ZZpxlgKl8szHjDMOHsHUxeFwOJf7vEYah/q1hsLCrTcovGV6lGEpWTPuH9qTU9R+Mv/BA7whqXg/Tr/wAUarrHwb+BxfTPD1hc6tf/AG/T9T8NQ6tax2OnxT3Dy6fcQTx3SRxEwmKTeFCtX23FFWpnHgRg6mEp1MVVrZPkd6WHhKtU9pTqYaNWChTjOTdOSkppKVrO9rWh/L3gXgsH4cftYuIsFxFjMJkeAy/xG8UVDHZviqOX4T6ri8DnVTAV5YnF1KNGNPGUatKdCU6kfaKpBRu5JS92/wCCcH/BNP8AZJ8Lfs/fszfG3XvgHoz/ABu1D4VeAvFev6t4utL251PTfGV9oVjeandnR9R2Q2F/HfPI/kz2pe1m+6iOle74deG/CeFyDhrOq+RUnnVTK8DisRVxcJyqU8ZOhTlVn7GpyqnUVRt8rinCWq1Vz8r+mb9Nb6QOe+Lvjb4Y5T4r5jHwxwfHnFeQ5TgOHq+Fo4LG8N4XNcVh8Fh/7RwV6mLwk8LGEfaUsQo1qe8pRlLm+dP+C5nm+OvjP/wTa+B2gFbjXvEvx6bWLnT4BuurTSP7e8B2FvqXlJ86WkMVrrs0jgBQlhKRjyjXzvjffHZx4c5JQtKvic9dWdOPxQpe3wMI1LLVRShXbaW0Ha9j9j/Zbqnwv4a/TQ8Uc2UqOVZL4VRy6hi6ulDEZj/ZPFeLq4L2kvdliKs6+V04Qak3PF00175/RNY25tLK0tSdxtrW3ty3qYYkjz+O3Nf0LCPLCEf5Yxj9yt+h/jtiqvt8TiK6VlWr1qqXb2lSU7fLmLVUYHwH/wAFJf2yB+xL+zPrvxO0qxg1Xx3r2p2vgr4daZcjfav4o1e3upotRvohzLY6RaWlxeSR5AmuBa2zYSdzX2HA/DL4qz2hl8pShhacXicZOPxOhCUY+zg+k6spRin0jzSWsUfN8VZ6uH8oq4yKUq85Khhoy1iqs1J881peNOMZSeur5Vpc/il8X+N/jX8XdfvviF8Tvi544vfHPiG4/tHWNR03XL7S2efaqWUTf2fNaRsmmWqpZ2S+UBbwII422iv7vyzgjKcLlOBy14XD08Pg4VFRoxo05qn7eftal3U5pScpO83dc0tdLty/kvG8UZjXzHGY5YitOtipwdWpKpOLn7KPJC0YSiklFJKzTSS7n6jf8EtP+CiPxj+CXx88C/s5fGbxvrfxG+DvxZ1S28L+EdV8TXs2pa14K8U3bi30iO31C5klurjT9SvXg0+6tZpZWSe8triNwocV+H+LfhhgaOX4jOMsw9LD4vCU54mToQjTp4rD09a8alOPLCNalF+0Uopc0Va2qR+p+HXHeLnjKOW4+tOth8ROFCPtZOc6FWelKUJt8zp1Je44yekno9Gz+xCv5QP6FCgAoAKACgD8F/8Agoz4U8U6x/wV4/4IZeItI8N69qvh/wAL+Ov2x5fEuuadpGoX2keHY9R+Btja6fJrmpW1vLZ6THfXP+j2b381utzP+5hLyDaoAv7UPhPxRe/8F7f+Cdni2x8Na9d+GdJ/ZP8A2hNO1jxNaaPqE+haZd3PiO1ktbHUtYht30+zubjeslva3VxFLKDvijYEtQB+89ABQAUAFABQB/LN/wAFvf2zPiZqHxi0z9iv4X+JdT8GeHNH8O6T4r+LWsaLdzWOrazPrlrDqelaELy2kjmh0y30q6sLmWKN0N3c3jLMTDAEb9CwGNyvgLgfG+IWZYOlmOPq4p5ZkGCrJOjLFv2sfa1E01aLo1pSlyycY0kopSnFn8nfSh8aJeFnC+LxNGLqVovD4TDYeNR03jMyxtOpVw9KpONpRw1GhSnXq8usrcmt0j8GLz4daTO1leWt7q2na3plvbQ6frlnfzwajbSWkYjt7hbiN0lE643GRZFcsSdwJJr8LyDx641yLHYytBZficuzHNcZmuPyqrhY/V6tXH154jFQpy5nKlGU5vk0mopLR6xP8jeF/pLeInDGbYzHYergK2CzLOsdnePyyWF5Kc8TmWJnicWqFeM/a0Oac5cklzOOi5ep/UD/AMEOv20viN8ZvDnxF/Zt+Mes3Pibxh8E4NJvfC/izUJnuNT1vwZqcl1aQ2Oo3En7y6udFntFEd3KWlls7y1jkd3iZ2/c+LsPlGa5RkHHOQUvq2X8S4d1K+ESssNjYKLqwUVorycoyUbJThJpK6R/th4D+JVLxI4Py7NqcqkqeKwOHxlB1XzVacKnNTrYWtLTmqYWtTlScrO6td3TP3/r8+P3M/BH/gs54M+JGh/HL/glx+1zp/hjxD44+An7JH7THjHxF+0P4c8M6Zda9f6NoHxI8FWvgzwx8SrjQLGOe81LS/AGp/bb/UZ7a3uLjTI7pJ4Y8zOygFH9rjwpoH/BRj9t3/gmdqv7Pklz4n8J/smfE3xv+0F8W/jDaaTq2l6J4V0DUvC2maT4W8BWWr6lZWL6h4i8b6vGs11pFp5qWejaXdy3zRvMiMAan/BEDwp4p8L+NP8Agr1J4l8N694ej8Q/8FXf2hte0B9c0jUNKTW9Du9F8GJa6zpD31vAupaVcvFKlvqNkZ7OZo5BHM5VtoAv/Bvl4T8UeD/2W/2g9O8VeGte8L3dz+21+0zqNlY6/o+oaLcT6bd/EC/ktb61ttRt7aSWxulzJbXMSNbzId8UjqQ7AH7A/tEfG3w5+zf8EPib8dPFtjqOqeHfhh4U1DxVqem6QsZ1LUIrLYkVlZ+biJJrq4mhhEsv7qEOZZMojCvG4hzrD8OZJmeeYunUq4fLMLUxVWnSt7SooWShC+ilKTUbvRXu9mfpPg94Y5z4z+J/BHhZw/i8Hgc444z7CZFgcbmDmsFg54nmlUxOJ9mnUlToUadWq6dNc9RwVOFpSR/Ml/wTi/4KE+Bvip8Yf2SvgVY+APF3h2TwJ8RPj7Lo+u6jc6fcafe+H/irNrGu+FdKht7YCeOXRNO0iCx1CZmNu8yiS3HljFfNfR64+weaeH/iFkX9nY3CrB1cjrYevWcHSq0cyzvOKuDp04xSadGlF06kr8t9Y3TP73/adfRI4j4H8U+AfFWfGnDWey4kyXGYHOMoy+GJp47A5rwPwbwhl/EONxNSo5U+XM8diXi8JRfLXjTlyVkpu5/WnX3x/l+FABQAUAf/1P7+KACgD4M+N/7K/i34mftqfsl/tI6Tq2h2nhf4D6R8SbLxPpt6kx1fUZPFWky6fpS6WYwYyElvZpZjMdsaQOBh5Ur4XO+F8XmXGfCnEdGrQhhcio5lDE05qTrVHiqTp0lStpo5ttt+7yvSXMuX+rvDDx44f4I+jP8ASB8GMfl+aYjPfFbMeC8TkeNwsqay/BwyHMIYzHyx3O1Nc1PDU6dONNOVSVWLfu05I+vfiT4A8O/FX4f+NPhr4ttFvfDPjvwxrXhTW7YhSX07W7CawuHi3AhZ4Vn8+3kxmKeOKRcMor63MsBh80wGNy3Fx58NjsNWwteO96dem6cmtveSleLvpJJ6WP534L4tzjgLi7hrjXh+u8NnfCueZZn2WVk2lHGZZi6WLoxnbV0qkqXsq0Np0pzg9JM+bv2GP2UJP2MPgJpnwGTx9f8AxD0TQNf8Sal4f1DU9PhsZ9N0nX9WudWTRfLieRZYrOe6mEchP3GCLhFUL85wPwq+DchpZEsfUzCjh6+JqYepUgoSp0sRVlV9jZbqEpuzvtolFfF+0fSl8fYfST8WMb4rPhPC8H5nm2U5Lgs3wmCxdTFUsbmGU4Cjl7zLnnGm6dTEUsPS54JfFHmbcpSZ6Z8S/gT/AMLI16LXR8Vvi34K8qxhsf7J8D+Ko9F0hxC8jfaXtGsbjN0+/bJL5nzKqgKMGv1bKOJf7JwssL/YuR5herKr7fMcE8RXXMkuRVFVhaCtdRtu2fypmWR/2liFX/tXNsHaCh7LBYv2NJ2153Dkbc3fWTetlotWfDHiL/gljovjH9pbwz+0D4u+PvxZ19/Afhn+yPAdvf6lazeLPDGpSGfzr6x8Vm23Jav9v1VxZ/YGIfUGPmjyY2XzcRmlDGcSYbP8XwnwPiPqOG9jgY1MgbxeFqPmvUp4v61dR/eVny8j1qdbRP2TJuP804c8FM78I+HuKPEjKI8VZ4sx4qq4TjOdLh/PMFD2Xs8JishWBalXX1TAReJ+t2ccIl7J881L6i/4ZIk/6OJ/aOH/AHUCH/5Vt/P8/wCH6f8A14X/AESvCi/7pb/SrH+u2vN+FPhO+3EPES/7qEfz9j+Fvn0D/hkiT/o4r9o7/wAL+H+ukkfp+dP/AF5X/RKcJ+v9mS/+Xh/qn/1UHEV+/wDaC/8AlTX4fcflh/wV7/Yp8bXH7Ksvj7wR43+K/wAYNU+FvirTvFeqeFfG+ujxNbw+GDbXVrrOs6TY29hayjUdMkawmkdPNK2H2uXYREQ33/hrx/hafEcMPick4eyyGNoujTxGEwboSeIjOM6VOdSVWS5ZrnS0+Pk3u4nx3HHBuInks6+HzXOsdLC1FUnRxGKVWKouLjOpGKp3coNxbs/g5m72P5j9E8TaNrNhFdW+oxRtsUT2880UM9vKB88UschRgyNkE4x34ziv7PwuYYXFUYVIVacbxTcZTinF9V/X4by/mOvgsRQqShL2ujdmoXTV9Gv+HfyteX0L+xn8IfE37Un7Xnwf+HfgCG8msPCXifTfHPjXxrpyNnwXo/h2/tdTbULLUlVorLVHubK3tNMmbfnUJ4nSOVLaTb+Z+JvGGXZJkWNqTp4TFydCthqNDER9pDEYjEQ9l7JR93mgotyrW05E0+VtOX3PAnDONzXNsNGNbFYdRrU69SrRlyTo0aElU9o3a0ZOSUad7XlK+iVpf2df8Ml3Y6ftH/tHf+F3bD/3Dt/P88/L/Hf+u8P+iT4Tt/2Lan/y8/pX/VWX/RRcR/8AhfH/AOUL8/uF/wCGTLz/AKOQ/aN/8Lm0/wDlTT/13pf9Enwp/wCG2p/8vF/qpU/6KTiL/wALY/8AysT/AIZMvu37SX7RwHp/wnNp/wDKn/P4Uf670v8Aok+FP/DbU/8Al4/9VZ/9FHxHfv8AXo/l7F/n91w/4ZNvx/zcn+0d/wCFzaf/ACoP8vyo/wBd6X/RJ8Kf+G2p/wDLxf6qVP8AopOIv/C2P/ysX/hk/UO37Sf7Ro/7ni0/+U6/z/L+I/13pf8ARJ8Kf+G2p/8ALw/1Uqf9FJxF/wCFsf8A5WNP7JupEgn9pX9o0lfuk+N7IkZ64P8AY3GeOlH+u9L/AKJLhR/902p/80L8/uD/AFVqf9FJxF/4Wx/+Vv8AL7xf+GTtSBDf8NK/tG7gCA3/AAm1iSAeoB/sbIBwMgDnjOMUf670f+iQ4TXpl1VflX/r7x/6rVX/AM1JxD/4Wwf50P6+SHH9lHVf+jl/2jh7/wDCbWX/AMpqP9d6P/RI8Kf+EFb/AOXi/wBVat/+Sl4ht2+t0/z9l/7b5eY3/hlDVv8Ao5n9o7/wtbL/AOU1P/Xag/8AmkeFf/DfVf51/wCvkilwtVW3EnEP/hbD/wCUr8/vshf+GUdX/wCjmP2jf/C1sf66NS/11w//AESHCn/huqf/AC8l8K1m2/8AWXiH/wAK6b/9xr+u9rif8Mo6x2/aa/aNX/udLDn/AMo1H+uuH/6JDhT/AMN1T/5eC4VrL/mpeIvli6a/OlL+u+8V/wCGUta/6Oc/aN/8LPTz/PSF/l+WRuP9dcP/ANEhwp/4bqn/AMvB8K12/wDkpuIf/Cum/wAqUfy+77X80n/BYn9k/wAf/s9/GzRP2ho7nxh8TPht4/0TStC8XfETXn/tjxNoPiLR7aLSrXT9dvraGGKPT5NMstPOlyyQRxuiSWglM0Cef93hc1wnHfBWM4dw/DvCc88yvESzDKcpx+Dn/ZuKvzzmqdNV4SjWn7SrFzVSXLJptcspOH8u/SS8Jcx4g4dxE8FChxFi4exxeBhxJF4vCSx2FpypKhWdN0nSlVw8nDD1m3GM/dkrOTPyauPH/g+3smvj4jilQIWSKKTfcSMBny0i2ht59DgenT5vxHCZPx7i8zjla8EOEKFV1fZzxGIyetTwlKN7OrOu8dyqmkr8yu3daO9j/MzA8C+JmMzeGT/8QW4ew9Z1VTqYnE5VUpYKjG+tapifrXJ7JLXmWr7SukfvV/wRg/Yt+JHjPQviL+0p4o8RfEH4Kaf43ez8O+AJvCNyNA8ReJ9B06aea/1XVWvrW4abSZLh7e20wrDF5r2txOrvC8e79u4q4kyrhnKci4PwvD/DGMqZZQ9rmNKlhJ/2fh8ZWSlUhhKarTcPflOTUpyaUknyvQ/1r8EfC/EcOcKYLDvGYjJVRwtKhGjkq+p4SdVuVXGToUqvtZRw8sROXsk5X+J3aaR+6v8Awyp4hP8AzdF+0cP+5v03+uk/5/KvhP8AXTCf9Ebwp/4Q1X+VaP5fdZ837X/qtiP+in4h/wDCumvyoy/P77vlRv2U/EDIyN+1B+0W6MpVlfxbpbqysMMrKdGbcpBIIOQRweMil/rphf8AojeE/wDwhrf/AC8P9VsR/wBFNxD/AOFdP9aK/P7ytZfsj6vpsC2unftL/tBWFspZlt7LxJo9rArMSzFYoNGjjBZiWYheSSTnrT/10wn/AERvCn/hDW/+Xi/1WxH/AEU/EX/hVR/+Vlofsq+JFzj9qP8AaMGTk48WaUMk9z/xJiSfcnP1o/10wn/RG8Kf+ENb/wCXh/qtiP8Aop+Iv/Cqj/8AKwX9lbxKudv7Un7Ri5JJ2+K9KGSTkk40bqTyT3P1o/1zwb/5o3hT/wAIay/Kv/XzYf6rYj/op+Iv/Cqj/wDKzyX48/sF+I/jN8HPiL8Lpv2nvjVeJ428M32ipaeMNYsNZ8LzzyhJbaPXtMt9Ntrm90w3MMP2uGCeKYx5aJt6qG8nPeIcFnGT5jlcuCuDKixuGnR5MZluIrYWUnrFV6UcVCU6XNFc0Yyi7ba6S/QPCnHY7w38R+DuOqXF/HeGlwznmFzN1+Hc3wuW57SpU3KFeeVY6thcRRw2OVGpP2FSrRnS57KolByZ+OHwJ/4JB/EP9nv9rX4F6B4i+OOgvJe6N408YaXrHwt0XVNE8ReG9N8FW1jpeIbrWRcQRvf3Pi+GGKZYpBFFBeI4zLE6rw8w08j4S4ux+N4S8OqFCni+FcBhMNkuTY7DUq8acs5ryp4pV8XL2joLknheRx5JSrOTlzRjH9y+kn485B4p53wrgeGuKvpAYjHYrCcc47PcT4icZZDnMZ4vNlwtRhisBHK8toeyVeOCxFPMo1V+/wCXA+z5fY1ZS/fnSv2ZfFGm6pp2oSftOftBajFYX9neyabf+JtLlsdQjtbiOd7K9jXSY2ktLpUMFyisrNDI6hlJBr0q3F+Cq0atL/U/hinKpTqU41qeFrxqUXODiqlNuu0pwb54Nr4kt7H8o0uG8TTq06j4l4gqKFSE3TqYqk6c1GSbhUXsdYStaSXLeLt5n1eBgAZJwAMnqcdz7nqa+JZ9ULQAUAf/1f7+KACgAoAKACgAoAKAOW8deNfDPw28E+MfiL411WDQvBvgHwt4h8a+Ldbut32bRvDPhXSbvXde1W52Bn8jTtKsLq7m2KzeXC20E4FAHxn+zD/wU3/Yj/bE8XHwB8APjjoXjHxs/hj/AITWw8LT2GsaFrGteDvOit/+Ep0G21qwsRrehCe4hi/tHTZLmDdKuCVJagD7wngguoJrW6hiuba5ikguLeeNJoJ4JkMcsM0UgaOWKWNmSSN1ZHRirAqSKabi1KLcZRacZJ2aa1TTVmmnqmnp5CaTTTSaaaaaumno009Gmt0/1Pyo+KX/AARa/YE+K3i+68aal8M9Z8LalqF499qNj4E8T3nhrRb65lcyzyTaXFDcRJ9olJeVITHGSzBUQHNfoGX+J/F+XYZYWnjqdeEY8kZYuiq9WMdklUck3ZaK8b972vL47GcB8N42s688JOlKUueUcPVdKEpPduHK1q9X+EVf3ftL9nf9lD4Bfsq+G5vDHwO+HejeDLS9ZJNV1C3j+063rMqcJJqurzg3d2UBOyPckCFmZIUZnZ/mM64hzfiCuq+a4yriZR0pwb5aVJdqdNe7H7r+cvs+9lmTZbk9J0svw0KClbnktalRrZzm9Zfgt9Fe8voqvFPUCgAoAKACgAoAKACgAoAKACgD550L9qz4BeJfAni34k6F8RtE1Lwb4F1q38P+K9Xt3kKaNq13qFjpdtbXcJQTL9ovdSsoopBG0beeCGOHVPMp5zltbDVsXTxVOVDDzVOtNX/dzcowipLfWU429fU/K8t8a/DHN+Gs84uy3izLsZkHDeYUsrzvHUXOUcvxtfFYbB0aVenZVF7XEYvDwhNR5Ze0TV7SR7J4g8OeF/Hfh660HxRomk+J/DWt2ipeaTrVhb6jpt9azoGUTWl1HJE/ysHjYrvjbDoyuAy+xh8RWw1SniMNWqUasGp06tKcoTi+jUlZr9eqex+muNDGYdc8IV8PXpxnyzipQnCaUotpprVNNafdY+LtH/4JhfsE6D4oTxhpn7Mnw3h1uG6F9bySWN5c2lvdh/M8+Kwub2Wz3Fzko9u8R6eWAAF+oq8d8XVqDw088xrpcvI0pxUpR2s5qMZbdU7+mjPEp8J8O063t45VhVUT5k3GTSe91FzcVr3Ul0s18P3RY2Fjpdnbadptna6fp9lBHbWdlZQRWtpa28KhIoLe3hVIoYY0ULHHGioigAAACvlJzlUlKc5SnObcpSk3KUpPdtu7bb3bf36n0MYxhFRjFRjFJRjFJJJbJJWSSXl9xbqRhQAUAFABQAUAfG8J/wCEn/buv5YP3lv8Kv2ddL0+7btBq3xJ8Z6rfvCOuGfSvC2mTMOG2uhIKlTX3sr4Pw3pRlpLOuKq1WC6yoZTl9Ckpeir42tFX7PsfHr/AGnjmclrHK+HqdOT/lq5jjKtRr1dLDUm9dmr2ujuv2of2s/gJ+xr8O9O+Kn7RXju0+H/AIJ1jxjofw/0jVLmzv8AUJdU8ZeJINSudD8PafY6bb3N5d6lqUOkai1rbwwu8ptmVQzlVb4I+wJ/2bf2rv2fv2uvBV98QP2efiXofxI8N6Rrl34Z16bSvtVvf+HfEmnrG99oGv6TqEFrqWkataLNE01ne20Miq6sAysDQB9D0AFAH//W/v23r6/pQAb19f0oAN6+v6UAG9fX9KADevr+lABvX1/SgA3r6/pQB8jf8FALG+1f9g79tnSdJsrzU9V1T9kb9pHTtN03T7Wa8v8AUNQvfg34ztrOxsbS3SS4ury7uJYoLa2gjkmnmkSKJGdlVgD+Xj/gkn8EfjT8Ef2w/wDgmT4o/antfFfj7Q/iF/wTF0bwp+zB4m0/4f3ng6y+A+v6dbaPrfjr4N/FC0sLAm+199ES0utG8ReJbmzkMVpNaG2+33DooB/aBvX1/SgA3r6/pQAb19f0oAN6+v6UAG9fX9KADevr+lABvX1/SgA3r6/pQAb19f0oAN6+v6UAG9fX9KADevr+lABvX1/SgA3r6/pQB/L/AKt8H/id8NP2Z/D/AI28FeE/Ed7pHx9uE+H3xd8KwaVqP23TfEfhb4x2/iHwV41k0wW5uY1n0PS7vR7iUW6oyiC4mc+YhX8jqYDGYXKaWIw9GrKnmT+rY6ioz5oVaWO9rQr8llJXpxlTfu22baumf4443gHjLhDwhyriHh7Is2xGB8TqkeF+Oclp4LE/WMJmuS8e0s04f4hnhFSdaKq5dg6+AqzVOMWlTqVJvmjI/pu0U7NH0lHBVl02xVlZSGVltYgVIOCCCMEEZB64r9Zp/wAOH+CP5H+wWXxccBgYyTUo4PDRkmrNNUYJpp6pp6NP9DS3r6/pVnYG9fX9KADevr+lABvX1/SgA3r6/pQAb19f0oAN6+v6UART3VvawTXNzNHb29vFJPcTzMscMMEKGSWWWRiqxxxxqzu7MqqqliQATVRjKcowhFynOSjGMU3KUpO0YxSu222kkldvRXFKUYxcpNRjFOUpN2UYpXbbdkklq2391j4y/ZIlk8e6v8cf2hp0kFl8X/iJLa+CZJUZGm+HHgCyg8H+F7tUbBEOrnTLzXICPleLU1kGd+a++44Syyhw5wtFr2mRZUp5ilZqObZnUlj8ZC/WVD21PDS7OjbofHcJt4+rnXEEk1DN8wcME3pzZdgIRwmGmlbRVfZzrLVpqpe7vc/OH/g4S8F/FDx7+zx+xPo/wc0+S88e2v8AwVD/AGP9W0i/k8M6l4r0bwzLZS/EFYPFPirSNLhmnk8K6JfXFnca5JJ5NuLQmKWeIzIW/Pz7I+yP+CdP7BusfsYW/wC0T40+IfxK034o/Gv9qn406t8bvixr3hnwvD4K8D2Wvahp1hpNvo3g7wtA7jT9Js7PTon8y4LXc88shldlVDQB+lG9fX9KADevr+lAH//X/vvyvqPzoAMr6j86ADK+o/OgAyvqPzoAMr6j86ADK+o/OgAyvqPzoAMr6j86AE+Xj7vHTpx9PT8KAFyvqPzoAMr6j86ADK+o/OgAyvqPzoAMr6j86ADK+o/OgAyvqPzoAMr6j86ADK+o/OgAyvqPzoAMr6j86ADK+o/OgAyvqPzoAMr6j86ADK+o/P8AwoAMr6j86ADK+o/OgAyvqPzoAMr6j86ADK+o/OgAyvqPzoA+QfgL4l1nwT8Tfij+zx421W+1O/0jU7v4j/DHWtXu3ubvxH8NPF1/cXX2UXE2HuLrwfrbX2gXaL/qLSLTpAAk6Ffu+JsLhsxyjJuKcuo0qNKvRhlWcYehBQhhc3wNOEOflimlDH4f2eKg21zTlVWriz5LIsTWwWZZnw9jas6lSjVnmGW1qsuaeIy7FzlPl5ndznhKznQmr+7CNOzal7319lfUfnXwh9afFP7RPjSb4q6/B+yb8O7u4uNW8bwCL41+I9HuGj/4Vv8ACm7/AHOvQtfwkra+LPFlk02jaHaF0uIYri5v5ERIkdv0HhXARyXDT42zSEIUcuk5cPYSvFP+1s7hrhpKnLWeCwNRRxGJqW5ZOMKS5nJo+M4hxks0rrhXL5ylVxsVHOcRRlb+zsrnpXXtFdQxWKg3SoweqUpTdrKR9beFPDOieCvDWheEvDlnDp2heHNLstH0qxgASK2sbCBLe3jVRkcRoMnOSck5zXxGNxmIzDF4nHYupKricXWqV61STu5VKsnOT+96LofV4XDUcFhqGEw8FToYelCjShFWUYU4qMV9y363OgJU9ccHPJzz/Q+9cp0BlfUfnQAZX1H50AGV9R+dAH//0P76KACgAoAKACgAoAKACgAoAKACgAoAKACgAoAKACgAoAKACgAoAKACgAoAKACgAoAKACgAoA+RP2u/BOfBcHxw8N6tN4Y+JnwLg1DxT4W162tluk1DTHSJde8H65ama2+3aBr8Eca3ELTbrW5hhvLcCaP5vueBsxtmEuHcXQjjMo4jlTweMw05uDpVlzPDY7Dz5Z+zxOGk24S5Jc8JSpy5YybPkuLcF/sSzvDVpYXMsjjUxWFrwjzKpTsvb4SvHmhz4fERSUld8skqkbOK5vlvVP20PiN8VZfg/wDDbwdY2Hwu1j4v6ZHNq3ji2mPijUdBhZIkul8PaXd2uk2kF5KJXa2vb24vfsbbGFtKybq+yocAZVkyz3NsfUqZzQyOry0MunH6nSxMvfcHiq0J1pyhHlSnTpxp+0V7zjdI+Zq8Y5jmksny3Bwp5ZWzimnVx0W8VUw8Wvf+r0pqlFTd/dnOUuR2912P0F+D/wAGPBfwW8PS6L4Vt7m4vtTuW1LxN4o1idtQ8TeK9Zm5uNW17VZcz3lzKxOxCwgt0PlQRogAr8wz7P8AMM/xar42cI0qMfY4PB0IKlhMFh4/DQw1GLcYQStd/FJq8mz77KMmweTYd0MLGUp1JuricTWl7TE4qs/iq16rblOb6bKK0SsketV4Z6oUAFABQAUAf//Z</file>
<file name="pdr_regularni.jpg" path="/" encoding="base64">/9j/4AAQSkZJRgABAQAASABIAAD/4QBMRXhpZgAATU0AKgAAAAgAAgESAAMAAAABAAEAAIdpAAQAAAABAAAAJgAAAAAAAqACAAQAAAABAAAAiaADAAQAAAABAAAAggAAAAD/4QkhaHR0cDovL25zLmFkb2JlLmNvbS94YXAvMS4wLwA8P3hwYWNrZXQgYmVnaW49Iu+7vyIgaWQ9Ilc1TTBNcENlaGlIenJlU3pOVGN6a2M5ZCI/PiA8eDp4bXBtZXRhIHhtbG5zOng9ImFkb2JlOm5zOm1ldGEvIiB4OnhtcHRrPSJYTVAgQ29yZSA1LjQuMCI+IDxyZGY6UkRGIHhtbG5zOnJkZj0iaHR0cDovL3d3dy53My5vcmcvMTk5OS8wMi8yMi1yZGYtc3ludGF4LW5zIyI+IDxyZGY6RGVzY3JpcHRpb24gcmRmOmFib3V0PSIiLz4gPC9yZGY6UkRGPiA8L3g6eG1wbWV0YT4gICAgICAgICAgICAgICAgICAgICAgICAgICAgICAgICAgICAgICAgICAgICAgICAgICAgICAgICAgICAgICAgICAgICAgICAgICAgICAgICAgICAgICAgICAgICAgICAgICAgICAgICAgICAgICAgICAgICAgICAgICAgICAgICAgICAgICAgICAgICAgICAgICAgICAgICAgICAgICAgICAgICAgICAgICAgICAgICAgICAgICAgICAgICAgICAgICAgICAgICAgICAgICAgICAgICAgICAgICAgICAgICAgICAgICAgICAgICAgICAgICAgICAgICAgICAgICAgICAgICAgICAgICAgICAgICAgICAgICAgICAgICAgICAgICAgICAgICAgICAgICAgICAgICAgICAgICAgICAgICAgICAgICAgICAgICAgICAgICAgICAgICAgICAgICAgICAgICAgICAgICAgICAgICAgICAgICAgICAgICAgICAgICAgICAgICAgICAgICAgICAgICAgICAgICAgICAgICAgICAgICAgICAgICAgICAgICAgICAgICAgICAgICAgICAgICAgICAgICAgICAgICAgICAgICAgICAgICAgICAgICAgICAgICAgICAgICAgICAgICAgICAgICAgICAgICAgICAgICAgICAgICAgICAgICAgICAgICAgICAgICAgICAgICAgICAgICAgICAgICAgICAgICAgICAgICAgICAgICAgICAgICAgICAgICAgICAgICAgICAgICAgICAgICAgICAgICAgICAgICAgICAgICAgICAgICAgICAgICAgICAgICAgICAgICAgICAgICAgICAgICAgICAgICAgICAgICAgICAgICAgICAgICAgICAgICAgICAgICAgICAgICAgICAgICAgICAgICAgICAgICAgICAgICAgICAgICAgICAgICAgICAgICAgICAgICAgICAgICAgICAgICAgICAgICAgICAgICAgICAgICAgICAgICAgICAgICAgICAgICAgICAgICAgICAgICAgICAgICAgICAgICAgICAgICAgICAgICAgICAgICAgICAgICAgICAgICAgICAgICAgICAgICAgICAgICAgICAgICAgICAgICAgICAgICAgICAgICAgICAgICAgICAgICAgICAgICAgICAgICAgICAgICAgICAgICAgICAgICAgICAgICAgICAgICAgICAgICAgICAgICAgICAgICAgICAgICAgICAgICAgICAgICAgICAgICAgICAgICAgICAgICAgICAgICAgICAgICAgICAgICAgICAgICAgICAgICAgICAgICAgICAgICAgICAgICAgICAgICAgICAgICAgICAgICAgICAgICAgICAgICAgICAgICAgICAgICAgICAgICAgICAgICAgICAgICAgICAgICAgICAgICAgICAgICAgICAgICAgICAgICAgICAgICAgICAgICAgICAgICAgICAgICAgICAgICAgICAgICAgICAgICAgICAgICAgICAgICAgICAgICAgICAgICAgICAgICAgICAgICAgICAgICAgICAgICAgICAgICAgICAgICAgICAgICAgICAgICAgICAgICAgICAgICAgICAgICAgICAgICAgICAgICAgICAgICAgICAgICAgICAgICAgICAgICAgICAgICAgICAgICAgICAgICAgICAgICAgICAgICAgICAgICAgICAgICAgICAgICAgICAgICAgICAgICAgICAgICAgICAgICAgICAgICAgICAgICAgICAgICAgICAgICAgICAgICAgICAgICAgICAgICAgICAgICAgICAgICAgICAgICAgICAgICAgICAgICAgICAgICAgICAgICAgICAgICAgICAgICAgICAgICAgICAgICAgICAgICAgICAgICAgICAgICAgICAgICAgICAgICAgICAgICAgICAgICAgICAgICAgICAgICAgICAgICAgICAgICAgICAgICAgICAgICAgICAgICAgICAgICAgICAgICAgICAgICAgICAgICAgICAgICAgICAgICAgICAgICAgICAgICAgICAgICAgICAgICAgICAgICAgICAgICAgICAgICAgICAgICAgICAgICAgICAgICAgICAgICAgICAgICAgICAgICAgICAgICAgICAgICAgICAgICAgICAgICAgICAgICAgICAgICAgICAgICAgICAgICAgICAgICAgICAgICAgICAgICAgICAgICAgICAgICAgICAgICAgICAgICAgICAgICAgICAgICAgICAgICAgICAgICAgICAgICAgICAgICAgICAgICAgICAgICAgICAgICAgICAgICAgICAgICAgICAgICAgICAgICAgICAgICAgICAgICAgICAgICAgICAgICAgICAgICAgICAgICAgICAgICAgICAgICAgICAgICAgICAgICAgICAgICAgICAgICAgICAgICAgICAgICAgICAgICAgICAgICAgICAgICAgICAgICAgICAgICAgICAgICAgICAgICAgICAgICAgICAgICAgICAgICAgICAgICAgICAgICAgICAgICAgICAgICAgICAgICAgICAgICAgICAgICAgICAgICA8P3hwYWNrZXQgZW5kPSJ3Ij8+AP/tADhQaG90b3Nob3AgMy4wADhCSU0EBAAAAAAAADhCSU0EJQAAAAAAENQdjNmPALIE6YAJmOz4Qn7/4htESUNDX1BST0ZJTEUAAQEAABs0YXBwbAIQAABtbnRyUkdCIFhZWiAH5AABAAEACAAyADRhY3NwQVBQTAAAAABBUFBMAAAAAAAAAAAAAAAAAAAAAAAA9tYAAQAAAADTLWFwcGwAAAAAAAAAAAAAAAAAAAAAAAAAAAAAAAAAAAAAAAAAAAAAAAAAAAAAAAAAAAAAABFkZXNjAAABUAAAAGJkc2NtAAABtAAABDZjcHJ0AAAF7AAAACN3dHB0AAAGEAAAABRyWFlaAAAGJAAAABRnWFlaAAAGOAAAABRiWFlaAAAGTAAAABRyVFJDAAAGYAAACAxhYXJnAAAObAAAACB2Y2d0AAAOjAAABhJuZGluAAAUoAAABj5jaGFkAAAa4AAAACxtbW9kAAAbDAAAAChiVFJDAAAGYAAACAxnVFJDAAAGYAAACAxhYWJnAAAObAAAACBhYWdnAAAObAAAACBkZXNjAAAAAAAAAAhEaXNwbGF5AAAAAAAAAAAAAAAAAAAAAAAAAAAAAAAAAAAAAAAAAAAAAAAAAAAAAAAAAAAAAAAAAAAAAAAAAAAAAAAAAAAAAAAAAAAAAAAAAAAAAAAAAAAAbWx1YwAAAAAAAAAjAAAADGhySFIAAAAUAAABtGtvS1IAAAAMAAAByG5iTk8AAAASAAAB1GlkAAAAAAASAAAB5mh1SFUAAAAUAAAB+GNzQ1oAAAAWAAACDGRhREsAAAAcAAACIm5sTkwAAAAWAAACPmZpRkkAAAAQAAACVGl0SVQAAAAUAAACZHJvUk8AAAASAAACeGVzRVMAAAASAAACeGFyAAAAAAAUAAACinVrVUEAAAAcAAACnmhlSUwAAAAWAAACunpoVFcAAAAMAAAC0HZpVk4AAAAOAAAC3HNrU0sAAAAWAAAC6npoQ04AAAAMAAAC0HJ1UlUAAAAkAAADAGZyRlIAAAAWAAADJG1zAAAAAAASAAADOmhpSU4AAAASAAADTHRoVEgAAAAMAAADXmNhRVMAAAAYAAADamVzWEwAAAASAAACeGRlREUAAAAQAAADgmVuVVMAAAASAAADknB0QlIAAAAYAAADpHBsUEwAAAASAAADvGVsR1IAAAAiAAADznN2U0UAAAAQAAAD8HRyVFIAAAAUAAAEAHB0UFQAAAAWAAAEFGphSlAAAAAMAAAEKgBMAEMARAAgAHUAIABiAG8AagBpzuy37AAgAEwAQwBEAEYAYQByAGcAZQAtAEwAQwBEAEwAQwBEACAAVwBhAHIAbgBhAFMAegDtAG4AZQBzACAATABDAEQAQgBhAHIAZQB2AG4A/QAgAEwAQwBEAEwAQwBEAC0AZgBhAHIAdgBlAHMAawDmAHIAbQBLAGwAZQB1AHIAZQBuAC0ATABDAEQAVgDkAHIAaQAtAEwAQwBEAEwAQwBEACAAYwBvAGwAbwByAGkATABDAEQAIABjAG8AbABvAHIgDwBMAEMARAAgBkUGRAZIBkYGKQQaBD4EOwRMBD4EQAQ+BDIEOAQ5ACAATABDAEQgDwBMAEMARAAgBeYF0QXiBdUF4AXZX2mCcgAgAEwAQwBEAEwAQwBEACAATQDgAHUARgBhAHIAZQBiAG4A/QAgAEwAQwBEBCYEMgQ1BEIEPQQ+BDkAIAQWBBoALQQ0BDgEQQQ/BDsENQQ5AEwAQwBEACAAYwBvAHUAbABlAHUAcgBXAGEAcgBuAGEAIABMAEMARAkwCQIJFwlACSgAIABMAEMARABMAEMARAAgDioONQBMAEMARAAgAGUAbgAgAGMAbwBsAG8AcgBGAGEAcgBiAC0ATABDAEQAQwBvAGwAbwByACAATABDAEQATABDAEQAIABDAG8AbABvAHIAaQBkAG8ASwBvAGwAbwByACAATABDAEQDiAOzA8cDwQPJA7wDtwAgA78DuAPMA70DtwAgAEwAQwBEAEYA5AByAGcALQBMAEMARABSAGUAbgBrAGwAaQAgAEwAQwBEAEwAQwBEACAAYQAgAEMAbwByAGUAczCrMOkw/ABMAEMARAAAdGV4dAAAAABDb3B5cmlnaHQgQXBwbGUgSW5jLiwgMjAyMAAAWFlaIAAAAAAAAPNSAAEAAAABFs9YWVogAAAAAAAAYWwAADgyAAAKQlhZWiAAAAAAAABvHAAArpUAABaZWFlaIAAAAAAAACZOAAAZOQAAslJjdXJ2AAAAAAAABAAAAAAFAAoADwAUABkAHgAjACgALQAyADYAOwBAAEUASgBPAFQAWQBeAGMAaABtAHIAdwB8AIEAhgCLAJAAlQCaAJ8AowCoAK0AsgC3ALwAwQDGAMsA0ADVANsA4ADlAOsA8AD2APsBAQEHAQ0BEwEZAR8BJQErATIBOAE+AUUBTAFSAVkBYAFnAW4BdQF8AYMBiwGSAZoBoQGpAbEBuQHBAckB0QHZAeEB6QHyAfoCAwIMAhQCHQImAi8COAJBAksCVAJdAmcCcQJ6AoQCjgKYAqICrAK2AsECywLVAuAC6wL1AwADCwMWAyEDLQM4A0MDTwNaA2YDcgN+A4oDlgOiA64DugPHA9MD4APsA/kEBgQTBCAELQQ7BEgEVQRjBHEEfgSMBJoEqAS2BMQE0wThBPAE/gUNBRwFKwU6BUkFWAVnBXcFhgWWBaYFtQXFBdUF5QX2BgYGFgYnBjcGSAZZBmoGewaMBp0GrwbABtEG4wb1BwcHGQcrBz0HTwdhB3QHhgeZB6wHvwfSB+UH+AgLCB8IMghGCFoIbgiCCJYIqgi+CNII5wj7CRAJJQk6CU8JZAl5CY8JpAm6Cc8J5Qn7ChEKJwo9ClQKagqBCpgKrgrFCtwK8wsLCyILOQtRC2kLgAuYC7ALyAvhC/kMEgwqDEMMXAx1DI4MpwzADNkM8w0NDSYNQA1aDXQNjg2pDcMN3g34DhMOLg5JDmQOfw6bDrYO0g7uDwkPJQ9BD14Peg+WD7MPzw/sEAkQJhBDEGEQfhCbELkQ1xD1ERMRMRFPEW0RjBGqEckR6BIHEiYSRRJkEoQSoxLDEuMTAxMjE0MTYxODE6QTxRPlFAYUJxRJFGoUixStFM4U8BUSFTQVVhV4FZsVvRXgFgMWJhZJFmwWjxayFtYW+hcdF0EXZReJF64X0hf3GBsYQBhlGIoYrxjVGPoZIBlFGWsZkRm3Gd0aBBoqGlEadxqeGsUa7BsUGzsbYxuKG7Ib2hwCHCocUhx7HKMczBz1HR4dRx1wHZkdwx3sHhYeQB5qHpQevh7pHxMfPh9pH5Qfvx/qIBUgQSBsIJggxCDwIRwhSCF1IaEhziH7IiciVSKCIq8i3SMKIzgjZiOUI8Ij8CQfJE0kfCSrJNolCSU4JWgllyXHJfcmJyZXJocmtyboJxgnSSd6J6sn3CgNKD8ocSiiKNQpBik4KWspnSnQKgIqNSpoKpsqzysCKzYraSudK9EsBSw5LG4soizXLQwtQS12Last4S4WLkwugi63Lu4vJC9aL5Evxy/+MDUwbDCkMNsxEjFKMYIxujHyMioyYzKbMtQzDTNGM38zuDPxNCs0ZTSeNNg1EzVNNYc1wjX9Njc2cjauNuk3JDdgN5w31zgUOFA4jDjIOQU5Qjl/Obw5+To2OnQ6sjrvOy07azuqO+g8JzxlPKQ84z0iPWE9oT3gPiA+YD6gPuA/IT9hP6I/4kAjQGRApkDnQSlBakGsQe5CMEJyQrVC90M6Q31DwEQDREdEikTORRJFVUWaRd5GIkZnRqtG8Ec1R3tHwEgFSEtIkUjXSR1JY0mpSfBKN0p9SsRLDEtTS5pL4kwqTHJMuk0CTUpNk03cTiVObk63TwBPSU+TT91QJ1BxULtRBlFQUZtR5lIxUnxSx1MTU19TqlP2VEJUj1TbVShVdVXCVg9WXFapVvdXRFeSV+BYL1h9WMtZGllpWbhaB1pWWqZa9VtFW5Vb5Vw1XIZc1l0nXXhdyV4aXmxevV8PX2Ffs2AFYFdgqmD8YU9homH1YklinGLwY0Njl2PrZEBklGTpZT1lkmXnZj1mkmboZz1nk2fpaD9olmjsaUNpmmnxakhqn2r3a09rp2v/bFdsr20IbWBtuW4SbmtuxG8eb3hv0XArcIZw4HE6cZVx8HJLcqZzAXNdc7h0FHRwdMx1KHWFdeF2Pnabdvh3VnezeBF4bnjMeSp5iXnnekZ6pXsEe2N7wnwhfIF84X1BfaF+AX5ifsJ/I3+Ef+WAR4CogQqBa4HNgjCCkoL0g1eDuoQdhICE44VHhauGDoZyhteHO4efiASIaYjOiTOJmYn+imSKyoswi5aL/IxjjMqNMY2Yjf+OZo7OjzaPnpAGkG6Q1pE/kaiSEZJ6kuOTTZO2lCCUipT0lV+VyZY0lp+XCpd1l+CYTJi4mSSZkJn8mmia1ZtCm6+cHJyJnPedZJ3SnkCerp8dn4uf+qBpoNihR6G2oiailqMGo3aj5qRWpMelOKWpphqmi6b9p26n4KhSqMSpN6mpqhyqj6sCq3Wr6axcrNCtRK24ri2uoa8Wr4uwALB1sOqxYLHWskuywrM4s660JbSctRO1irYBtnm28Ldot+C4WbjRuUq5wro7urW7LrunvCG8m70VvY++Cr6Evv+/er/1wHDA7MFnwePCX8Lbw1jD1MRRxM7FS8XIxkbGw8dBx7/IPci8yTrJuco4yrfLNsu2zDXMtc01zbXONs62zzfPuNA50LrRPNG+0j/SwdNE08bUSdTL1U7V0dZV1tjXXNfg2GTY6Nls2fHadtr724DcBdyK3RDdlt4c3qLfKd+v4DbgveFE4cziU+Lb42Pj6+Rz5PzlhOYN5pbnH+ep6DLovOlG6dDqW+rl63Dr++yG7RHtnO4o7rTvQO/M8Fjw5fFy8f/yjPMZ86f0NPTC9VD13vZt9vv3ivgZ+Kj5OPnH+lf65/t3/Af8mP0p/br+S/7c/23//3BhcmEAAAAAAAMAAAACZmYAAPKnAAANWQAAE9AAAApbdmNndAAAAAAAAAAAAAMBAAACAAAAVgEuAesCxAODBFMFQAYnBxoIGAkfCj0LTgxrDZAOuQ/sES0SZROjFOMWKhd5GL8aDxtXHKQd8x88IIQhzSMRJFIljSbLKAApMypmK5csyi33LygwUTGAMqsz1TUCNjE3XTiKObY64TwNPTg+YD+JQLFB3EMIRDZFY0aQR7hI3koBSyRMR01qTo9PtFDYUfhTFlQzVU9WbVeNWK5Zy1rhW/Bc9137XwBgCmEZYi1jQWRSZV9mZWdhaFNpPGogawFr4Gy/baBug29ocFBxOHIgcwhz73TWdb52qHeTeH55bHpZe0l8PX03fjZ/OYBBgUuCV4NlhHSFhYaUh6SIs4nAisyL1ozfjeeO7Y/ykPWR9pL1k/WU+pYElxWYLJlHmmObf5yYna6ev5/LoNSh2qLgo+mk9KYDpxWoKqlCqlyrd6yUrbKu0a/xsRGyM7NTtHO1kLapt7q4wbnDusC7u7y1va++qb+jwJ3BlcKKw3zEasVTxjbHGMf5yODJz8rGy8PMwc28zq/PmNBz0UPSDdLT05vUZtU11gXW19eo2HbZQNoG2sfbgNw13Ofdkd473uPfjeA74Ovhn+JS4wPjr+RV5PnllOYs5r/nUufk6IXpL+nk6qjrbuwz7PXtr+5j7xHvtfBQ8ObxfPIX8sbzj/Ru9WH2ZveK+OT6xf0u//8AAABWASMBsAJqAzID6ASxBYAGWAc9CC0JJwonCyIMMA06DlEPYxB+EZ8SvhPpFRAWOBdhGIgZtBreHAsdMx5bH4AgoSG/Itsj9SULJh8nNShJKWAqeSuTLLEtzC7oMAQxITI8M1o0dDWLNqQ3uTjNOeI69DwGPRs+MT9NQGxBj0KwQ9BE7UYIRx1IMklFSlVLY0xuTXhOfk+DUIVRhlKIU4pUjFWKVoRXeVhoWVRaRFs/XEZdWl53X5VgsGHCYspjxWS1ZZxme2dXaDBpDGnsatBrumypbZtuj2+CcHJxXHJAcx9z+3TVda12hndieEV5MHokex18GX0VfhB/Bn/2gOKByoKxg5WEd4VdhkqHRIhMiWGKgYuljMaN3o7uj/WQ95H1kvOT8JTtleyW7pf4mRCaOZtunKadzp7jn+mg5aHfotmj0aTIpb6mvKfKqO2qIatdrJyt2a8UsE6xiLLCs/m1LrZkt5u40roFuzS8X72Fvqa/vMC+warCkMN9xHfFgMaPx53Io8meyo7LdcxTzS3OBM7az7LQi9Fq0lHTRdRF1VHWYtd12ITZh9p922bcQ90a3ezeud+H4FjhLeII4ubjw+Sd5XHmQOcM59Too+l/6mnrZOxo7W3ucO9w8HDxcvJ283n0d/Vp9kf3D/ez+EX4y/la+e360PwM/dr//wAAACsAxAFLAdgCZQMGA48EKwTPBXoGLwbpB6UIaAkvCfkKygufDHcNUg4yDw4P9hDZEcASqROTFH0VZxZSFz0YKRkVGfwa6BvSHL4drh6jH5sgliGUIo8jhiR2JWEmRScgJ/gozCmfKnMrSCwhLQIt6S7XL8gwujGqMpgzgDRgNTk2BjbPN5U4WDkZOdk6nTtkPDI9Bj3ePrY/j0BoQURCJkMQRABE80XnRtZHu0iWSWVKJUrgS5hMT00HTcNOg09JUBhQ6lG+UpNTaFQ7VQ1V3latV3xYSlkVWd9aqFtvXDVc+V29XoBfQ2AIYNFhnGJrYzxkDGTaZadmcWc4Z/xov2mAakBrAGvAbIFtQ24EbsVvhXBBcPhxq3JZcwFzqXRPdPR1mHY8dt53gHgdeL15YHoWetp7q3yDfVh+KH72f8OAk4FngkSDKoQYhQuGAIb0h+OIzYmvioyLYYw0jQeN2o6wj4qQa5FHkhKSxpNbk+yUepVBlkKXiJkImoqb5J0ZnjKfOaA5oTWiL6MopCGlGaYRpwqoCakPqiGrPaxgrYeura/TsPyyKLNatJK10bcUuFm5nLrXvAW9Kb5Hv2LAf8Gewr7D38T/xiHHQ8hnyYzKscvWzP3OKc9b0JfR3tMy1I3V7tdT2LnaIduV3S/fDuF35Ivoee1O8vb5Uf//AABuZGluAAAAAAAABjYAAJOVAABWjQAAVukAAJG3AAAmuwAAFwoAAFANAABUOQACh64AAkeuAAFrhQADAQAAAgAAAAEABAAIAA8AFgAfACkANABAAEwAWgBpAHgAiQCaAKwAvgDSAOYA/AESASkBQAFZAXMBjQGpAcUB4wIBAiECQgJkAocCrALSAvoDIwNNA3oDqAPXBAgEOgRtBKME2QUSBUsFhgXDBgEGQAaABsIHBQdKB5AH2AghCGwIuQkHCVcJqAn6Ck0KoQr3C04LqAwEDGIMww0lDYkN7g5UDrwPJQ+REAAQcRDkEVkRzxJGEr0TOBO2FDoUwxVSFeMWdRcGF5YYJhi4GU4Z6BqIGzEb4xyfHWIeKx74H8YglSFkIjQjBiPbJLMljyZsJ0soKykNKfAq1Su7LJ4tfi5cLzkwFDDwMc0yqjOJNGg1SjYuNxU3/zjtOd460jvKPMU9xD7HP85A2kHoQvZEAEUGRghHCEgISQlKDEsUTCFNNE5OT25QlFG8UuVUDVU0VllXfVigWcRa51wLXTBeVl98YKRhzmL4ZCRlU2aFZ7xo+mpDa5ls+W5jb9JxRnK8dDR1r3cteLF6PHvQfW9/HIDWgpSETIX2h5SJLIrFjGWOFY/fkc2T3ZX/mCCaOZxMnl+geaKgpNqnLamgrDCu4LGhtF63C7muvF2/K8IfxUbIoswMzyjR9tSR1yjZ0dye35fi0uZg6fntEu+s8gD0MPY59//5ivq4+9T8u/2j/nD/N///AAAAAQAFAAoAEgAbACYAMgA/AE0AXABtAH4AkQCkALkAzwDlAP0BFgEvAUoBZgGDAaIBwQHiAgQCJwJMAnICmgLDAu8DHANLA3wDrwPkBBoEUgSLBMUFAQU9BXsFuwX8Bj8GgwbJBxAHWQelB/IIQQiTCOYJOwmTCewKRgqhCvwLWAu0DBIMcgzUDTkNoA4LDngO5w9ZD84QRhDAET4RvxJDEsoTUxPdFGoU+hWPFioWyxdxGBYYthlRGeYaeRsNG6QcQBzkHZEeSh8OH90gsyGOImkjQiQYJOslvSaQJ2YoQiklKhIrCCwFLQguDi8SMBExCDH5Mugz1zTKNcE2wTfKONs58jsOPDA9UT5pP3RAckFoQlhDR0Q5RTRGOEdHSF9JfkqhS8dM8E4bT0VQa1GGUpRTl1SVVZRWoFe/WPFaNVuAXM1eHl90YM9iI2NmZJVltWbOZ+Ro+2oWazNsVG12bppvwHDqchdzRnR2dad22ngQeU16j3vYfSZ+fX/jgWeDEITKhnSIBomHiwSMiI4bj8ORgpNYlUOXO5k7mzudOZ8poQSixqR2phunvaliqxWs3a7FsM+y9bUxt3y5y7wPvkTAcsKmxOnHQsmyzDHOnNDd0vTU8dbn2OPa6Nz03wHhCuMU5STnSOmW7DfvivOm92z5zvuE/MP99P75//8AAAACAAgAEQAeAC0APgBRAGYAfQCWALAAzADqAQkBKwFNAXIBmAHAAeoCFgJEAnQCpgLaAxEDSQOEA8AD/QQ7BHoEugT8BUEFigXXBikGgQbdBz4HoggICG8I1Ak5CZ0KAgpqCtULRAu7DDkMwQ1QDeYOgg8hD8AQXBD2EZASLRLNE24UDRSoFUIV3BZ5Fx4XzhiOGWIaQhsqHBQc+x3dHrgfkiBtIUwiMCMYJAYk+SXxJu8n8yj9Kg4rJCxALWAugC+dMLgx0zLzNBo1STaCN8M5DDpcO7A9Bz5gP75BIkKTRBZFrkdaSRFK0UyaTm9QVVIyU9pVWlbMWEhZ01tmXPheg2ABYXBi1WQ3ZZxnCWiBagpro21NbwBwt3JvdB51w3d1eWR77n6kgHmB1oL8hAKFCIYQhzOIc4nUi1WM6Y6IkC6R2ZOIlTuW8Zipml6cCp2nnzegvaI/o8ClRKbKqFCp1KtUrNCuRq+5sSiyl7QItX22/LiJuia70L2CvzbA6cKcxE/GBMe7yXPLK8zkzp7QWNIU09LVj9dK2P/arNxP3ejfdeD94oLkA+WC5wLog+oE63/s7u5G73nwnfGN8nXzRPP39Kr1TvXb9mj29vd29+n4XPjP+UP5q/oN+nD60vs1+5j78fxJ/KL8+/1U/a3+A/5Y/qz/Af9V/6r//wAAc2YzMgAAAAAAAQxCAAAF3v//8yYAAAeSAAD9kf//+6L///2jAAAD3AAAwGxtbW9kAAAAAAAABhAAAJzfAAAAAMoq1YAAAAAAAAAAAAAAAAAAAAAA/8AAEQgAggCJAwERAAIRAQMRAf/EAB8AAAEFAQEBAQEBAAAAAAAAAAABAgMEBQYHCAkKC//EALUQAAIBAwMCBAMFBQQEAAABfQECAwAEEQUSITFBBhNRYQcicRQygZGhCCNCscEVUtHwJDNicoIJChYXGBkaJSYnKCkqNDU2Nzg5OkNERUZHSElKU1RVVldYWVpjZGVmZ2hpanN0dXZ3eHl6g4SFhoeIiYqSk5SVlpeYmZqio6Slpqeoqaqys7S1tre4ubrCw8TFxsfIycrS09TV1tfY2drh4uPk5ebn6Onq8fLz9PX29/j5+v/EAB8BAAMBAQEBAQEBAQEAAAAAAAABAgMEBQYHCAkKC//EALURAAIBAgQEAwQHBQQEAAECdwABAgMRBAUhMQYSQVEHYXETIjKBCBRCkaGxwQkjM1LwFWJy0QoWJDThJfEXGBkaJicoKSo1Njc4OTpDREVGR0hJSlNUVVZXWFlaY2RlZmdoaWpzdHV2d3h5eoKDhIWGh4iJipKTlJWWl5iZmqKjpKWmp6ipqrKztLW2t7i5usLDxMXGx8jJytLT1NXW19jZ2uLj5OXm5+jp6vLz9PX29/j5+v/bAEMAAQEBAQEBAQEBAQEBAQEBAQEBAQEBAQEBAQEBAQEBAQEBAQEBAQEBAQEBAQEBAQEBAQEBAQEBAQEBAQEBAQEBAf/bAEMBAQEBAQEBAQEBAQEBAQEBAQEBAQEBAQEBAQEBAQEBAQEBAQEBAQEBAQEBAQEBAQEBAQEBAQEBAQEBAQEBAQEBAf/dAAQAEv/aAAwDAQACEQMRAD8A/v4oAKACgAoAKACgAoAKACgAoAKACgAoAKACgAoAKACgD//Q/v4oAKACgAoAKAPgbwP/AMFKP2W/iH+3b8Sv+Cc3hrX/ABVP+018J/AjfEXxfolz4Tv7XwrB4bjTwvJLJYeK3lNjfXkS+MdD8y0iiDqZ5Rk+S5oAX4x/8FKP2W/gT+2d8Bf2CviDr3iqz/aG/aR8Oz+KPhjpGneE77UvDV5pUEniqMvrHiWF/smkTu/gzXVignjdn8mHlfPTcAffFABQAUAFABQAUAFABQAUAFABQB//0f7+KACgAoAKACgD/PN+Lv7S/wC0j+yp/wAHR/7bnxL/AGWv2WPEf7X3xJu/gTb+Frr4V+F7trPUrPwvqegfBS91Pxc8quhNrpN7pWl2EqZ5fWIjg4yoBgeIf2qv2pP2tf8Ag5I/4JU+Of2r/wBkLxR+xr438P8AhXUfC+geAPFV497e+I/DEWnfHLVIvFsEju5W2m1PUtR0kICAJdLlPOaAP9FGgAoAKACgAoAKACgAoAKACgAoA//S/v4oAKACgAoAKAP5xv2fv+CZ/wC1B8Ov+Dhr9qb/AIKOeJNJ8IR/szfFb9n27+Hvg/V7TxZZXXiu58S3kHwhQW974VWIXtlbRP4K1oPdSSFMLbMBidaAF/bj/wCCaH7UHx5/4Lq/8E7P29/h/pPhC5/Z6/Zx+Gd34Z+J+q6n4sstO8TWOrfavjDNHFpXhmWJrvVoZV8baGBNbyIoL3WcfZm3gH5Xf8F+/wDgup8dv2X/AI7ax8GPgt4m1zwT4a8Ea7F4XmbwrJaWWv8AibxJpltbXniW9v8AVLuKbydM0y5uoLGzsYUHmsi3EjnzHWv1/LMBw3wtwvlnEGe5Z/bOOzupU+q4WcuWlRw8LPnWsU5KnKMm73bqJaKD5vzjHYvO+IM/x2T5TjnlmEyqEPrFeMb1KteV0o9+VyUklomoXe9pfr3/AMECP+CnHjz/AIKA/BrxPpfxVvn17xj4H0vwr4h07xXcQRW2o634Z8UpfQwW2tRwBYZda0q/0q8hu7qJUSaKW2byw+814/HWRZThcNkvEOR05YfLc+ozqLCSlzfVq8FCU4Rd37rVSK5fsyjJK6s5elwnm2YV6+aZNms41sdlNaNP6xFW9vSk5xjJ95J0272TakrpO5/QdX5wfahQAUAFABQAUAFABQAUAf/T/v4oAKACgAoAKACgAoA/jL/4L2/8EUvEX7RPxl0/45eAbDQ9b0L4peMdA0y60u4u4LLW9H+JXiBY9OkjtI7llj1Cx8VGz+0yzb4zY3CMrBkWIt+y8L4rJOLeH6fDefPF0a/D9HE5hhsVh1zRjl9FReI5l9lwg4wkm/eSi1ZxPzLPqGacO5xLO8pWHqUs4q0MFWoV3ZvG1m1Rt1fPNOSts3JPRn68f8ET/wDgmFq//BO34PeIV8dQ6NZfELxzb6DpsuhaJcC+tPDHhfw5HdNpelTaipMd5qMt3qF/d3ssQEaiWKEl3iZ6+Y414jy3NIZXk+RwrRybJaMqWGnW0nWnNRjOo4vVLlpwS5tW+Z6J8sfe4WyTG4CWPzLNZU5ZnmlVVK8aWsKUIuTjC+qcuacndacvKtLWP28r4E+vCgAoAKACgAoAKACgAoA//9T+/igAoAKACgAoAKACgD4z/bW/5FP4I/8AZz3wY/8ATpqNffeH3++8Rf8AZH5//wCmqJ8dxn/uuSf9lPkv/p2ofZlfAn2IUAFABQAUAFABQAUAFABQB//V/v4oAKAD/P8An/P86ACgAoAKAPBfCX7TPwX8c/Hz4u/sx+GfGNrqXxq+BegeAvE3xO8GpBOl14a0X4mabPq/gy8nndRBKur6fbS3EaxMzRqMPgnFAHlv7a3/ACKfwR/7Oe+DH/p01GvvvD7/AH3iL/sj8/8A/TVE+O4z/wB1yT/sp8l/9O1D7Mr4E+xCgAoAKACgAoAKACgAoAKAP//W/v4oAKAP48v+Dfn4y/ETxL/wU6/4L02PxE+I3jbxV4S+H3xc8P3Xh/R/EvifW9d0jwpp8HxF+PKXsfh7TNSvLm00eBrDSrSF7fTIraJ4rO2j8vESFqhCVScKcVeU5RhFd5SdkvvZM5KEZTlpGEXKT7KKu/wR+Pn7f3/Bxx+1Pon7Wqab4N8e+LvAng+HxDnQvDXhSewtNJ8PaA+ry2WmPq8U9vLJrmoT2ka3GqO7qksLlIkVxX7niqPBfBtTK+H8yyRZtjMbh8NUzLH1JWdD6y1FOkudWUP4nKk2o295t2j+UYarxRxNDH5zgs0/s7DYWtXhgsHBe7V9hrao0teZe65Svrd2Sfvf2KfsDf8ABUr4WfHj9mXwH43+NnjLSPCfxRWK70bxdZJpurPb39/pVw9rHrlslhY3UNvFrNskOoG1ErG2e4aEDCA185xH4ZZ5h83xMMhy+vjsrn7OrhaqqUFKEKsIz9jL2tSnJypOXJzW9613e95e3k3HeVVcuoSzfGUsLj1zU69NwqNSlTk4+0jyUpxSqW5rX0enRH2b/wANw/srn/mr2jf+CzxGP/cN/n8K8P8A4h1xp/0IsR/4Nwn/AMvPU/134X/6GtH/AMF1/wD5QfyKftR6z8VPFX/BTr/gr3+0N+zP+2Z4t/Zm02D9lT9nLxV8Ndf8AeH7DUL748/EL4V/BbUZtK+HUl1rlhNLoeiwa5Y32kau9xaWX22fWrKWK6EFm70f8Q640/6EWI/8G4T/AOXW/H5dQ/134X/6GtH/AMF1/wD5Qfnb/wAFFv8Agvr+1Frnwi/ZaTxLf6p4e1+z8CfDPWPFeh+HJbXSptS+NOheGNH1Hxx4rv7uJZ1jbSfEWo3VtoVtayNbpGfMO/e9foGCw+A8M8hwmPzfK5YzPc9WKwlbDznFQw+CtT+sYZuLcHzwnTU7SfNNuzUY2j8fia+L46zfEYTLcdHDZTlLoYmnXjBuVXFe/wCxrJSUWnGcZ8l4rlir/E7H9Jn/AARH/wCCxGn/ALRnwAv7X9qD4iRweJvD1t4f1nwx4v8AEFvdyat4k8N+JLa4kjs9WbSrC5jl1bRLy0uLe4uDDCs1tLakAuH2+XxPwJPNaeV59wdllWeBzfBwxFbB0504rB1XGLSXtZK0ZqWylK0oTfu3Sl6ORcWwy6WPynibMKcMXl2JlRp4qcJt4mmm1f8Adxm24tXu4q8JQu200frv8U/+ChX7Mngb4a+O/GGj/FLQNb1rw74U13VtD0SO11qOXWdctNOuJNG0mN7nS4LdX1LUxa2SmWWJAZ+SOleTkPhVxfmud5VluJyfFYbDYzMMLh8VinOg44fC1K0FicQ1CpKTVGh7So+WDfu/M6s98ReHMryXNcxw2ZYfFYnB5fisRhcLGNVSxOKp0ZvDYdOdKnFOtX9nSXNJJc2t9pfzF/sKftM/Fr4Cfta/BP4y/GX4veJ/EXw7/aJ0/wAbW/xJ0nXde8Qahpnw+k1jxFqw0NrjT7+SWwS6B03w7qcMmjxyiDS9ekgUDbsr+5fFbhThTi3w94n4a4ayPL8HnPB1bK5ZLiMJhMLRr5x9WwWG+tKnVpRjWlD9/jaEliJR56+EU29fd/iLwsz3jPhPj/hniPiTNcyxmT8X0czhnWHxeLxFWhlLxGLxCwrnSq1JUlNexwleEsOpctDFONk1yy/pV+Pn/BRv9nT4YfBf4meP/CPxH8P+K/FXhbwjq2p+GvDsVtranVteWAw6RayNNpcEa251Ca3e6LSofsyS7SX2iv4Qyzw14rxOYYOhjcnxWEwdTEU44nEylh2qNDmvUlaNZtvlTUbL4mtrs/ujHcdcPUsHiauEzKhicTCjN4ego1k6lW3uR96jFJc1m7taJn+ey/8AwXu/bKH7bTab/wALb8eDUU8VtYC9OssdBGoW1xLqEuhSeF/K/s9/DhkibS9gUXT27ZMoUhl/Q/rvB64jfAj4aw7winPL/wC0L2xP1yFKSlVbSnK3PFpTTvze89LHx7w3EjyRcWf23X+scscZ9Tf8B4ZzjywtdK/LK7VmnH3VsnP/AErv2VfjQf2iP2dfg78ansRplz8RvAfh/wAS3+nKSUstR1Cwhkv7aNj9+OG7MyRuOGQAjrX4lxBln9jZ1meVqftI4LGV6EJ7c0ITahJ7auNun3H6lk+O/tPK8Dj3HkeKw1KrKPaUormXyd+999L2P5Sv+DpTxD8TdY/ai/4JD/ALwl8Yfif8KPB/x5+O8/w88b3Hwz8Ya14R1C407xn8QfhX4Qur9ptGvrA3V5p2m6zdyaeLt5IYZjkKu+Qt456R85afH+0L/wAEcv8AguT+xf8Asb/BD9sr4wftS/Az9qTR7CT4l/Cv4teLJfGur+Fl1S88W6VM88s15qV1p15o8Xh638V2F2ZredtOe6tp4WglSWgD+8KgAoA//9f+/igAoA/zuf8AgmD/AMFLf2Pf+Cbv/BUv/gt3J+2L4z1TwRpfxm+OY0PwnDbeGtR106s3hf4kfGaTxHbXUNoA9qkVp4m0zBlGJluGCZ2NVRlKEozi7ShJSi10lF3T+TQpRUk4yV1JOLT6pqzXTdPv9xnfFH/ggfq/7ePjzwH+1j+yP9n+K/7OHxPuF8U/C3xpd6zF4UuLvwrPqs9/ZWHjXRdSj+12M2kTvJZTzoXS+hgxHtjZDX7bLiHgXiWOV5vxHLF4TN8toUaeJw9CDnSxjw7vDVW5oykr2SjLkfI7WcpflqybizI3j8uySOHxGW46rVnQrVZxVTCqsrTbUnpJJvXRKXvJM/tn/wCCf/7FPh39jT9mfwV8GdQTRvE/iez+1634x106fbzQXniTWJftN9FYtcxPN/Z2ngpp9iXO9ra2idwHYlvz3izijEcRZ1iMwoyrYXC2hRwtCNSUXDD0YqFPnUZRXPJLmnvaUrJtK8vsOHsgo5NldHB1o0sRXvOriKsoRlzVqj5p8rcZPlXwryjfVt8v2n/wi/hk9fDuhf8AgpsD/wC0P8/hXzf13F/9BWJ/8KKx7n1bDf8AQNQ/8FU//lZ4Nf8A7HX7MWp+LfjT46vvgv4LufFn7RHgnTfhx8Z9aexmFz498E6PoN94Y03QNURbpbe3tbTQdSvtNjk0yGxujDOzvO8qo6n13F/9BWJ/8KKwfVsN/wBA1D/wVT/+Vn8kf/BZ/wD4N7vC3izXvh3r37O/hzRdC+E+ra/4K+Hvhj4d6Xqz6NdeBfE2oWcOg2GnaRcX73b3fh3WYNLiknkuJ5LiwuE3TNKixFv2HhjH5LxhkUOHeJFiY1uH8Ni8zoY6i25vAYdQeIjKTu3NQcY8rXvqMJK8otS/Nc+wmZ8NZs85ySWH9lnWIw+ArYWqkorGV3JUXFbKLkpSUlblcpppKUUfuR/wRy/4JY2v/BPb4JarpPj+28O6t8RfGUWhWmoafZpBrGmeFvDvhu2mh0Tw/b31xEUvrqKa7v7u+v4VRJ5roRgFIUNfLcZ8W4fNJZdluQ/WMJk2TYf6thPenSqVrqMZVZqM7q8YRilJt+620pSk5fQcM8O1svjjcbm3scTmeZ1vb4n3Y1IUlq404NqS0c5uTirO9ldRXL5p/wAFxvE0l38OPgb+yP8ADDSdKtfiN+058UdH0lTYadawTweHtKvbW1X7XJbQrNDYXetapZ3c06N8kGhXRICK5r90+izl1OGdcVeIee1q1TJuBsixOIftas5xnjMRSqzfs1OfLKtTwuHq04Qd05YqmrptH4H9J/Mq08m4X8P8jpU4ZxxvnuGw6dKChKGEoVacEqjhBSjSqYqvTqSknpHC1HrZn5+ft3fsS/8ABQfwn+yt4f8AFPxM8VfA7WPAf7L1tomseHLD4aeEW0PxhpNjBLpGiJOdSjdm1GCy8vT7m+WdWG21a6OAj7v1/wAKPE3wdzDj7GYDJMu4mw+bcdzxWGxtXO8esVluIqzWIxTh7CSUaMqt60KTi/8Al4qaSuj8k8VPDjxiwHAmEx2d5nw3icq4GhhsTgqWS4J4TMcPSg8PhVP20W3WjTtRnVU7/wAPn0tJH9APwan+FX7f/wCxHoOv6t4b0Oz0n47fC+60jxMulaVp0NzoOuXlpLputR2MyWylLzQNcila2fcB9os0J+Ustfxtxtleb+GviFm2SLF4qpLIM2vhJVq1VxxOD5lWwlScXN3hicNOEmmvhn1sj+xOCM4yzxE4CyjPVhsPTWeZYvrUaVKmnh8XZ0sVShJQ0lh8RGcNH8UN9bn8nlx/warfFxf2s4/iDBrngeTwnJqpuJPiJ/bzobe0kL202ojwQ8RvJdfbTiybvP8As5u5DOSEZgn00eMuA/7QfFry7HriNQc/qX/MK8W6fs3X59ad5Xd3v7zdlJpx818M8WrBrh5Y3CPJXJKWJ/5iFh1UU1RSbUrK2iSadknZI/tw+Dnwu8OfBP4V+APhJ4RiaHw38PPCmi+E9HWTBlaz0axhs45ZmH3ppvK82Rjks7EnkkL+OZlj6+aZhjMxxLvXxmIq4ip25qk3JpLoleyWvq9z9MwOEpYDB4bBUValhaNOjDvy04qKb83a7P40f+Dr/wCHlt8Wv2xP+CMXwtvtV1zQNP8AiV8fZPAN7r/hq7m07xDolp4u+Jnwk0G61bQdRgeOaw1nTLfUHvtNvIXSW0vIYbiN1aMNXCdR+6v7C/8AwQk/Ym/YV+L8n7RPhofE34zftAjTpdK0/wCLPx18can8QPEWg2dxb/Zbn/hHm1Zpzplzc2u61luxPNP9lZreJoo2dWAP2joAKAP/0P7+KACgDw7W/wBmL9mzxLq2o6/4j/Z6+B3iDXdXu5r/AFbWtb+E3gLVdW1S+uHMlxe6jqV9oE95e3c8jNJNcXM0s0rsWkkZiWoA9W8O+GvDng/RbDw34S0DRPC/h3SoBbaXoPh3SrHRNF022Xlbew0vTYLaxs4FJJEVvBHGM8KMncAbdABQAUAfGf7a3/Ip/BH/ALOe+DH/AKdNRr77w+/33iL/ALI/P/8A01RPjuM/91yT/sp8l/8ATtQ+zK+BPsTm9U8G+Edc1fSfEGteFvDur69oJZtD1rU9F06+1XR2cksdL1C5tpruwLFmJNrLFyxPJYle2hmWY4XD4jB4bH4zD4TFpLFYWhia1LD4m23t6NOap1bWX8SMtltY4q+W5fisRh8XicDg8Ri8I28Lia+Go1cRh2739hWnF1KV7t+5Ja373NbU9M03WrC70rWNPstV0u/he2vtN1K0gvrC9t5BiSC6s7lJLe4hccPFKjo3cHArnoV6+FrU8Rhq1XD16M1UpV6FSdKrSnHadOpBxnCS6Si010OivQoYmjUw+Jo0sRQrRcKtGtThVpVIPeFSnNShOL6xkmn1Kfh/w34e8J6VbaF4W0LR/DeiWZkNppGhabZ6TplsZpHmmMFjYRQWsTTTO8srJEpkld5Hy7E1rjMbjMwxE8Xj8XicbiqnL7TE4uvUxFefJHljz1asp1JcsUoxu9IpJaIzwmCweX4eGFwOFw+CwtPm9nh8LRp4ehT5pOUuSlSjGnHmk3KVoq8m27t3NquU6QoA4nxT8NPhz451Lw5rPjXwD4M8X6x4PvhqnhPVfE/hfRNe1HwxqSyQzLf+H73VLK5udHvFmt7eYXOny28wmgglDb4Y2UA7agAoAKAP/9H+/igAoAKACgAoAKACgD4z/bW/5FP4I/8AZz3wY/8ATpqNffeH3++8Rf8AZH5//wCmqJ8dxn/uuSf9lPkv/p2ofZlfAn2IUAFABQAUAFABQAUAFABQB//S/v4oAKACgAoAKACgAoA/O7/gov8AF74W/CnwF8JNS+JHxA8L+DItO+Onw88Ypba5qKW+oapo3hO8vLrWjpFiqyXF9c28M8ZSJEVZGOwSBgdv6J4dYbF18fnUcNhMTifrHDua5fGVCk5whiMZCnGgqsrqMIScHeTem+p8XxtWw9PCZVKtiKFD2GeZdjZKrUUJSoYWc5VnTj70pyUZK0UtdtdOX6k+BP7RvwV/aW8Jv42+CPxA0Px74fgujY31xpFxun02+VA7Weo2kqx3FpcBWDbZYwrDlHccr8hm2SZpkeIWFzTB1cJWceaCqR92cduaE03Ga9Hp1sfS5dmmAzWi6+AxNPE04y5ZOD1hL+WUXZp/0r7ntteUd4UAFABQAUAFABQAUAFAH//T/v4oAKACgAoAKACgAoA/zvP+Ds7xn8edO/aI1u20G58Q2/h7SfC/w0tfCj6eLkm38JaloL3fiW70xI1YKJfGTXltfXUCmVSgid1VAF/aMsq4zA+FbxWQOcMfVzepDNKuGV8TToc9aMdY3nFOmsOvKMr6c1z8xx1PC4rj9Uc45JYSnl0ZZfTxDSozquFJytze7fndfe95RtuouP0D/wAGj/jL436t438T2HiyTXZvDmqfCHWb/wAUvfrOkbalpni/T7XwFd6hE6IkeoXej3GtrDIypNcwwsX3bAKnimpisZ4b8PYzO3J5x/aFSnQnXjbE1cG/rHvTTtK3JHDyba+0m7N2HkEKGG43znC5Xb+zfqcJ1oUnzUKeK/c2UbXinzSrxVpfZa0Ssf3hV+Mn6aFABQAUAFABQAUAFABQB//U/v4oAKACgAoAKAPjH/got8TPGvwa/YP/AGvPit8ONam8N+PfAH7PnxR8UeEPEFskb3WieINK8K6jcaZqtqsqvEbqwuljubcyI6LNFGzKwBFAH8hn/BOfwL/wcBftwfsB+D/29Pgp/wAFUNT1bxZ4nm+JS6P8CPij4asL/TdZu/h1401/wpFpMWs2mlWtpBc69LoRlhlvJFtoRcpDJjG+gD9Bf+CbXxi+E/8AwcJfs5+NPCn7c/wrt/C37Wn7JPjS5+GvxG1PwU76BPNHdmV7DV7IMk5h0/Vbizv4NS0CcPbWurWF5JaOsMq7/puHeLM44YnW/s2rB0cTb2+GxFNVsPUa0UnTbilNLTmvqrJ2subw854ey3PY01jacva0b+yr0ZezrQT3iprVxe9naz1V7yR/QP8Ask/sTfAD9irwdf8Ag/4HeFpdKTWriK68Q6/qt0dT8Ra9PbqyWw1DUnjjZrazR2SztI0jht0ZgqMzO7ZcQ8T5txNiIYjM66kqMXChQpRVOhQi91TprRN2XM3zN230sXk2Q5dkVGdLAUpRdWXNVq1Je0rVWtuebSbSu7K2nnc+ta+ePZCgAoAKACgAoAKACgAoA//V/v4oAKACgAoAKAPz1/4Kzf8AKMv9u3/s134wf+ofqVAH85f/AAQI/wCCq/7Bf7EH/BEP4NWX7QX7RfgHwl448C6r8ftZv/hidTF18QdQe8+L/jfWNG03TfD0Mb3E1/rdldWkunI7RpLHdRSFwmdoB2f/AAah/CL4k64n/BQH9vPxh4O1bwT4R/bE+N8d98NbDVoJrB9V8PeGtX8V6xc61Y6fMkbDT31LxbdabBeqgju306Qws8KI7AH9hdABQAUAFABQAUAFABQAUAFAH//W/v4oAKACgAoAKAOU8deBvCPxN8F+Kvh34+0DT/FXgjxx4f1Xwr4t8NatEZtM13w9rllNp2raVfRK8bPbX1lcTW8oSSNwjko6uAygH5n+Ev8Aghr/AMEj/A2rwa94W/YJ+AemarbSxTQ3TaDqd+EkhcSRt9n1PV721fa4DbXhKt0ZSOKAP1E0Hw/oXhXR9P8AD3hnRdK8PaDpNtFZaXouiafa6XpWnWkKhIray0+yigtbWCNQFSKGJUUdAMkUAa9ABQAUAFABQAUAFABQAUAFAH//1/7+KACgAoAKACgAoAKACgAoAKACgAoAKACgAoAKACgAoA//2Q==</file>
    </generalfeedback>
    <defaultgrade>16.0000000</defaultgrade>
    <penalty>0.0000000</penalty>
    <hidden>0</hidden>
    <idnumber></idnumber>
    <correctfeedback format="html">
      <text>Vaše odpověď je správná.</text>
    </correctfeedback>
    <partiallycorrectfeedback format="html">
      <text>Vaše odpověď je částečně správná.</text>
    </partiallycorrectfeedback>
    <incorrectfeedback format="html">
      <text>Vaše odpověď je chybná.</text>
    </incorrectfeedback>
    <shownumcorrect/>
<varsrandom><text>a = {0, 1, 2}; 
b = {0, 1, 2}; 
h = {0.4, 0.5, 0.6, 1};
delta = {0.05, 0.1, 0.2, 0.3, 0.25, 0.15};

krhs={0,1,2};
kokr={0,1,2};

otazka1=shuffle([0:4]);
otazka2=shuffle([0:5]);
otazka3=shuffle([0:4]);

ktaylor={0,1,2,3};</text>
</varsrandom>
<varsglobal><text><![CDATA[jakarovnice = ["parciální diferenciální rovnici", "lineární algebraickou rovnici", "obyčejnou diferenciální rovnici", "soustavu obyčejných diferenciálních rovnic"];
rovnice = ["eliptická", "hyperbolická", "rotační", "parabolická", "obyčejná"];
laplace = ["Laplaceův operátor", "operátor nabla", "diference ve směru x a y", "diferenciál"];

jakarovnice1=sublist(jakarovnice, otazka1);
invotazka1=inv(otazka1);
rovnice1=sublist(rovnice,otazka2);
invotazka2=inv(otazka2);
laplace1=sublist(laplace,otazka3);
invotazka3=inv(otazka3);

A = [ a, b ];
B = [ a + 2 * h, b];
C = [ a + (2 + 3 * delta)  * h, b + 3 * h];
D = [ a, b + 3 * h];
X=[a, a + h, a + 2 * h, a + 3 * h];
Y=[b, b + h, b + 2 * h, b + 3 * h];
fcef =["2x", "x - y", "x + y"];
fcefi= ["x+y", "x - y", "x y"];

fff=fcef[krhs];
fifi=fcefi[kokr];

fcefP1 = [ 2 * X[1], X[1] - Y[1], X[1] + Y[1]];
fcefP3 = [ 2 * X[1], X[1] - Y[2], X[1] + Y[2]];

fcefiQ0 = [  X[1] + Y[0], X[1] - Y[0], X[1] * Y[0]];

xQ1 = X[0];
fcefiQ1 = [  X[0] + Y[1], X[0] - Y[1], X[0] * Y[1]];
xQ2 = X[2] + 1 * delta * h;  
fcefiQ2 = [  xQ2 + Y[1], xQ2 - Y[1],  xQ2 * Y[1]];
fcefiQ3 = [  X[0] + Y[2], X[0] - Y[2], X[0] * Y[2]];
xQ4 = X[2] + 2 * delta * h; 
fcefiQ4 = [  xQ4 + Y[2], xQ4 - Y[2],  xQ4 * Y[2]];
fcefiQ5 = [  X[1] + Y[3], X[1] - Y[3], X[1] * Y[3]];

fP1 = fcefP1[krhs];
fP3 = fcefP3[krhs];

fiQ0 = fcefiQ0[kokr];
fiQ1 = fcefiQ1[kokr];
fiQ2 = fcefiQ2[kokr];
fiQ3 = fcefiQ3[kokr];
fiQ4 = fcefiQ4[kokr];
fiQ5 = fcefiQ5[kokr];

poptaylor=["\\varphi(x + h) + \\varphi(x - h)", "\\varphi(x + h) - \\varphi(x - h)",  "\\varphi(x + h/2) + \\varphi(x - h/2)", "\\varphi(x + h/2) - \\varphi(x - h/2)"];
popisekTaylor=poptaylor[ktaylor];
mult0   = [ 2.,    0,          2,          0 ];
mult1   = [ 0,      2,          0,     1/2 ];
mult2   = [ 1,      0,   1. / 4.,         0 ];
mult3   = [ 0,  1./3.,        0,     1/24 ];
coefs=[mult0[ktaylor], mult1[ktaylor], mult2[ktaylor], mult3[ktaylor]];
popshort = ["\\varphi(x \\pm h)", "\\varphi(x \\pm h)", "\\varphi(x \\pm h/2)", "\\varphi(x \\pm h/2)"];
popisekRozv=popshort[ktaylor];]]></text>
</varsglobal>
<answernumbering><text>abc</text>
</answernumbering>
<answers>
 <partindex>
  <text>0</text>
 </partindex>
 <placeholder>
  <text></text>
 </placeholder>
 <answermark>
  <text>1</text>
 </answermark>
 <answertype>
  <text>10</text>
 </answertype>
 <numbox>
  <text>6</text>
 </numbox>
 <vars1>
  <text></text>
 </vars1>
 <answer>
  <text>[xQ1, Y[1], 0, X[1], Y[1], 1]</text>
 </answer>
 <vars2>
  <text></text>
 </vars2>
 <correctness>
  <text><![CDATA[_relerr < 0.01]]></text>
 </correctness>
 <unitpenalty>
  <text>1</text>
 </unitpenalty>
 <postunit>
  <text></text>
 </postunit>
 <ruleid>
  <text>1</text>
 </ruleid>
 <otherrule>
  <text></text>
 </otherrule>
 <subqtext format="html">
<text><![CDATA[<p></p><b>a) Volte krok </b> \(h={h}\) <b> a síť tak, aby bod </b> \( A \) <b> byl uzlem sítě. Nakreslete obrázek sítě a vyznačte všechny</b> regulární, neregulární a hraniční <b>uzly:</b><br> 
<b>Uzly na</b> síťové <b>přímce</b> \(y = \){Y[1]} označte jako \(Q_1,\ P_1,\ P_2,\ Q_2\), uspořádejte je dle velikosti jejich x-ové souřadnice. <br>
<b>Uzly na</b> síťové <b>přímce</b> \(y = \){Y[2]} označte jako \(Q_3,\ P_3,\ P_4,\ Q_4\), uspořádejte je dle velikosti jejich x-ové souřadnice.<br><br>
Doplňte souřadnice bodů \(Q_1,\ P_1,\ P_2,\ Q_2\) a u každého bodu 
uveďte, zda je regulárním, neregulárním nebo hraničním uzlem sítě. Pro 
hraniční uzel zadejte 0, pro regulární uzel zadejte 1, pro neregulární 
uzel zadejte 2.<br> \(Q_1 = \)[{_0}, {_1}], typ {_2}<br>\(P_1 = \)[{_3}, {_4}], typ {_5}<br><p><br></p>]]></text>
 </subqtext>
 <feedback format="html">
<text></text>
 </feedback>
 <correctfeedback format="html">
<text></text>
 </correctfeedback>
 <partiallycorrectfeedback format="html">
<text></text>
 </partiallycorrectfeedback>
 <incorrectfeedback format="html">
<text></text>
 </incorrectfeedback>
</answers>
<answers>
 <partindex>
  <text>1</text>
 </partindex>
 <placeholder>
  <text></text>
 </placeholder>
 <answermark>
  <text>1.5</text>
 </answermark>
 <answertype>
  <text>10</text>
 </answertype>
 <numbox>
  <text>3</text>
 </numbox>
 <vars1>
  <text></text>
 </vars1>
 <answer>
  <text>[X[2], Y[1], 2]</text>
 </answer>
 <vars2>
  <text></text>
 </vars2>
 <correctness>
  <text><![CDATA[_relerr < 0.01]]></text>
 </correctness>
 <unitpenalty>
  <text>1</text>
 </unitpenalty>
 <postunit>
  <text></text>
 </postunit>
 <ruleid>
  <text>1</text>
 </ruleid>
 <otherrule>
  <text></text>
 </otherrule>
 <subqtext format="html">
<text><![CDATA[\(P_2 = \)[{_0}, {_1}], typ {_2}<br><br>]]></text>
 </subqtext>
 <feedback format="html">
<text></text>
 </feedback>
 <correctfeedback format="html">
<text></text>
 </correctfeedback>
 <partiallycorrectfeedback format="html">
<text></text>
 </partiallycorrectfeedback>
 <incorrectfeedback format="html">
<text></text>
 </incorrectfeedback>
</answers>
<answers>
 <partindex>
  <text>2</text>
 </partindex>
 <placeholder>
  <text></text>
 </placeholder>
 <answermark>
  <text>1.5</text>
 </answermark>
 <answertype>
  <text>10</text>
 </answertype>
 <numbox>
  <text>3</text>
 </numbox>
 <vars1>
  <text></text>
 </vars1>
 <answer>
  <text>[xQ2, Y[1], 0]</text>
 </answer>
 <vars2>
  <text></text>
 </vars2>
 <correctness>
  <text><![CDATA[_relerr < 0.01]]></text>
 </correctness>
 <unitpenalty>
  <text>1</text>
 </unitpenalty>
 <postunit>
  <text></text>
 </postunit>
 <ruleid>
  <text>1</text>
 </ruleid>
 <otherrule>
  <text></text>
 </otherrule>
 <subqtext format="html">
<text><![CDATA[\(Q_2 = \)[{_0}, {_1}], typ {_2}<br><p></p><p></p>]]></text>
 </subqtext>
 <feedback format="html">
<text></text>
 </feedback>
 <correctfeedback format="html">
<text></text>
 </correctfeedback>
 <partiallycorrectfeedback format="html">
<text></text>
 </partiallycorrectfeedback>
 <incorrectfeedback format="html">
<text></text>
 </incorrectfeedback>
</answers>
<answers>
 <partindex>
  <text>3</text>
 </partindex>
 <placeholder>
  <text></text>
 </placeholder>
 <answermark>
  <text>3</text>
 </answermark>
 <answertype>
  <text>10</text>
 </answertype>
 <numbox>
  <text>5</text>
 </numbox>
 <vars1>
  <text></text>
 </vars1>
 <answer>
  <text>[4, -1, -1, 0 , fP1 * h * h + fiQ1 + fiQ0 ]</text>
 </answer>
 <vars2>
  <text></text>
 </vars2>
 <correctness>
  <text><![CDATA[_relerr < 0.01]]></text>
 </correctness>
 <unitpenalty>
  <text>1</text>
 </unitpenalty>
 <postunit>
  <text></text>
 </postunit>
 <ruleid>
  <text>1</text>
 </ruleid>
 <otherrule>
  <text></text>
 </otherrule>
 <subqtext format="html">
<text><![CDATA[<p>b<b>)</b>
Sestavte rovnice pro aproximaci dané úlohy metodou 
sítí se zvoleným krokem \( h = {h} \) na zvolené síti, viz <b>b).</b> V rovnicích je použito označení neznámých tak, že neznámá \(U_i\) odpovídá hledané hodnotě aproximace řešení v bodě \(P_i, 
i=1,\dots 4\), tedy \( U_i \approx u(P_i) \). V neregulárních uzlech užijte lineární interpolaci.<br><b>Rovnice v </b>\(P_1\): ({_0})\(U_1 +\) ({_1})\(U_2 +\)({_2}) \(U_3 +\) ({_3})\(U_4=\) {_4}<br></p>]]></text>
 </subqtext>
 <feedback format="html">
<text></text>
 </feedback>
 <correctfeedback format="html">
<text></text>
 </correctfeedback>
 <partiallycorrectfeedback format="html">
<text></text>
 </partiallycorrectfeedback>
 <incorrectfeedback format="html">
<text></text>
 </incorrectfeedback>
</answers>
<answers>
 <partindex>
  <text>4</text>
 </partindex>
 <placeholder>
  <text></text>
 </placeholder>
 <answermark>
  <text>3</text>
 </answermark>
 <answertype>
  <text>10</text>
 </answertype>
 <numbox>
  <text>5</text>
 </numbox>
 <vars1>
  <text></text>
 </vars1>
 <answer>
  <text>[  -delta, (1 + delta) , 0, 0, fiQ2 ]</text>
 </answer>
 <vars2>
  <text></text>
 </vars2>
 <correctness>
  <text><![CDATA[_relerr < 0.01]]></text>
 </correctness>
 <unitpenalty>
  <text>1</text>
 </unitpenalty>
 <postunit>
  <text></text>
 </postunit>
 <ruleid>
  <text>1</text>
 </ruleid>
 <otherrule>
  <text></text>
 </otherrule>
 <subqtext format="html">
<text><![CDATA[<p><b>Rovnice v \(P_2\)</b>:&nbsp;&nbsp;({_0})\(U_1 +\) ({_1})\(U_2 +\)({_2}) \(U_3 +\) ({_3})\(U_4=\) {_4}<br></p>]]></text>
 </subqtext>
 <feedback format="html">
<text></text>
 </feedback>
 <correctfeedback format="html">
<text></text>
 </correctfeedback>
 <partiallycorrectfeedback format="html">
<text></text>
 </partiallycorrectfeedback>
 <incorrectfeedback format="html">
<text></text>
 </incorrectfeedback>
</answers>
<answers>
 <partindex>
  <text>5</text>
 </partindex>
 <placeholder>
  <text></text>
 </placeholder>
 <answermark>
  <text>3</text>
 </answermark>
 <answertype>
  <text>10</text>
 </answertype>
 <numbox>
  <text>5</text>
 </numbox>
 <vars1>
  <text></text>
 </vars1>
 <answer>
  <text>[-1, 0, 4 , -1, h * h * fP3 + fiQ3 + fiQ5]</text>
 </answer>
 <vars2>
  <text></text>
 </vars2>
 <correctness>
  <text><![CDATA[_relerr < 0.01]]></text>
 </correctness>
 <unitpenalty>
  <text>1</text>
 </unitpenalty>
 <postunit>
  <text></text>
 </postunit>
 <ruleid>
  <text>1</text>
 </ruleid>
 <otherrule>
  <text></text>
 </otherrule>
 <subqtext format="html">
<text><![CDATA[<b>Rovnice v</b> \(P_3\):&nbsp;&nbsp;({_0})\(U_1 +\) ({_1})\(U_2 +\)({_2}) \(U_3 +\) ({_3})\(U_4=\) {_4}]]></text>
 </subqtext>
 <feedback format="html">
<text></text>
 </feedback>
 <correctfeedback format="html">
<text></text>
 </correctfeedback>
 <partiallycorrectfeedback format="html">
<text></text>
 </partiallycorrectfeedback>
 <incorrectfeedback format="html">
<text></text>
 </incorrectfeedback>
</answers>
<answers>
 <partindex>
  <text>6</text>
 </partindex>
 <placeholder>
  <text></text>
 </placeholder>
 <answermark>
  <text>3</text>
 </answermark>
 <answertype>
  <text>10</text>
 </answertype>
 <numbox>
  <text>5</text>
 </numbox>
 <vars1>
  <text></text>
 </vars1>
 <answer>
  <text>[  0, 0, -2 * delta, (1 + 2 * delta), fiQ4 ]</text>
 </answer>
 <vars2>
  <text></text>
 </vars2>
 <correctness>
  <text><![CDATA[_relerr < 0.01]]></text>
 </correctness>
 <unitpenalty>
  <text>1</text>
 </unitpenalty>
 <postunit>
  <text></text>
 </postunit>
 <ruleid>
  <text>1</text>
 </ruleid>
 <otherrule>
  <text></text>
 </otherrule>
 <subqtext format="html">
<text><![CDATA[<b>Rovnice v \(P_4\)</b>:&nbsp; ({_0})\(U_1 +\) ({_1})\(U_2 +\)({_2}) \(U_3 +\) ({_3})\(U_4=\) {_4}]]></text>
 </subqtext>
 <feedback format="html">
<text></text>
 </feedback>
 <correctfeedback format="html">
<text></text>
 </correctfeedback>
 <partiallycorrectfeedback format="html">
<text></text>
 </partiallycorrectfeedback>
 <incorrectfeedback format="html">
<text></text>
 </incorrectfeedback>
</answers>
    <hint format="html">
      <text><![CDATA[<p>--<br></p>]]></text>
    </hint>
    <hint format="html">
      <text><![CDATA[<p>--<br></p>]]></text>
    </hint>
  </question>

<!-- question: 0  -->
  <question type="category">
    <category>
      <text>$course$/top/Zkouska NMA BETA/B5</text>
    </category>
    <info format="html">
      <text></text>
    </info>
    <idnumber></idnumber>
  </question>

<!-- question: 177969  -->
  <question type="formulas">
    <name>
      <text>B5 Vedení tepla - explicitní schema</text>
    </name>
    <questiontext format="html">
      <text><![CDATA[Je dána smíšená úloha pro rovnici vedení tepla:<p></p><p>\[ \frac{\partial u}{\partial t} = \frac{{pnum}}{{pdenom}} \, \frac{\partial^2 u}{\partial x^2}
 + {{f}} \ \mbox{ v oblasti } \Omega = \{[x,t] \in \mathbb E_2:\ x\in({a},{b}),\ 
t&gt;0\} \] s počáteční podmínkou \( u(x,0) = {aterm} + {b} x -&nbsp; x^2&nbsp; \)&nbsp; pro&nbsp; \( x\in\langle 
{a},\ {b}\rangle, \) a okrajovými podmínkami \( u({a},t) = {{alpha}} \) a \( u({b},t) = {{beta}} \) pro libovolné \( t\geq 0 \).<br></p>]]></text>
    </questiontext>
    <generalfeedback format="html">
      <text></text>
    </generalfeedback>
    <defaultgrade>17.0000000</defaultgrade>
    <penalty>0.3333333</penalty>
    <hidden>0</hidden>
    <idnumber></idnumber>
    <correctfeedback format="html">
      <text>Vaše odpověď je správná.</text>
    </correctfeedback>
    <partiallycorrectfeedback format="html">
      <text>Vaše odpověď je částečně správná.</text>
    </partiallycorrectfeedback>
    <incorrectfeedback format="html">
      <text>Vaše odpověď je chybná.</text>
    </incorrectfeedback>
    <shownumcorrect/>
<varsrandom><text>n = { 4, 5, 8};
a = {0, 1, 2, 3};
W = { 2,  4,  5};
sig = {0.50, 0.45, 0.40, 0.35, 0.30, 0.25, 0.20, 0.15, 0.10};
tau = { 0.5, 0.2, 0.4, 0.1, 0.3};

kpom={0,1,2};
aterm = {0, 1, 2, -1, -2};
kf = {0, 1, 2};</text>
</varsrandom>
<varsglobal><text><![CDATA[b = a + W;
kappa = 1 / b; 
h = W / n;
p = sig * h * h / tau;

pzapis = "{p}";

pdenom = 20 * tau * n * n;
pnum     = p * pdenom;


 

dvetau = 2 * tau;
left   = ["G+\\ln(t+1)", "G + t", "\\frac{G}{1 + t}"];
right = ["H + \\ln(t+1)", "H + t", "H + \\sin(t)"];
alpha=left[kpom];
beta = right[kpom];
GG = b * a - a * a + aterm;
HH = aterm; 
LVAL = [ GG + log(1 + tau), GG + tau, GG / (1 + tau) ];
RVAL = [ log(1 + tau),  tau, sin(tau)];

fvol = [ "3(x+t)", "2 (x - t)", "(4 x + 2 t)" ];
f = fvol[kf];

pomfx = [ 3, 2, 4]; kfx = pomfx[kf];
pomft = [ 3, -2, 2]; kft = pomft[kf];

x = [a, a+h, a+2*h, a+3*h, a+4*h];
u0 = [ ( b * x[0] - x[0] *x[0]+aterm), (b * x[1]- x[1] *x[1]+aterm), (b * x[2] - x[2] *x[2]+aterm), (b * x[3] - x[3] *x[3]+aterm), (b * x[4]- x[4] *x[4] +aterm)   ];

uC = LVAL[kpom];
uD = sig*(u0[0] + u0[2]) + (1-2*sig)*u0[1] + tau * kfx * x[1];
uE = sig*(u0[1] + u0[3]) + (1-2*sig)*u0[2] + tau * kfx *x[2];
uF = sig*(u0[2] + u0[4]) + (1-2*sig)*u0[3] + tau * kfx * x[3];

uA = sig*(uC + uE) + (1-2*sig)*uD + tau*(kfx * x[1] +kft * tau);
uB = sig*(uD + uF) + (1-2*sig)*uE + tau*(kfx * x[2] + kft * tau);

xA=x[1]; 
xB=x[2];
xF=x[3];

]]></text>
</varsglobal>
<answernumbering><text>abc</text>
</answernumbering>
<answers>
 <partindex>
  <text>0</text>
 </partindex>
 <placeholder>
  <text></text>
 </placeholder>
 <answermark>
  <text>2</text>
 </answermark>
 <answertype>
  <text>10</text>
 </answertype>
 <numbox>
  <text>2</text>
 </numbox>
 <vars1>
  <text></text>
 </vars1>
 <answer>
  <text>[GG, HH]</text>
 </answer>
 <vars2>
  <text></text>
 </vars2>
 <correctness>
  <text><![CDATA[_relerr < 0.01]]></text>
 </correctness>
 <unitpenalty>
  <text>1</text>
 </unitpenalty>
 <postunit>
  <text></text>
 </postunit>
 <ruleid>
  <text>1</text>
 </ruleid>
 <otherrule>
  <text></text>
 </otherrule>
 <subqtext format="html">
<text><![CDATA[<p><b>a) Určete hodnoty parametrů G a H, pro které jsou splněny podmínky souhlasu</b>. <br></p><p>G = {_0}, H = {_1}</p><p><b>Výsledek si pečlivě zkontrolujte!</b> (závisí na nich další výpočty) <br></p>]]></text>
 </subqtext>
 <feedback format="html">
<text></text>
 </feedback>
 <correctfeedback format="html">
<text></text>
 </correctfeedback>
 <partiallycorrectfeedback format="html">
<text></text>
 </partiallycorrectfeedback>
 <incorrectfeedback format="html">
<text></text>
 </incorrectfeedback>
</answers>
<answers>
 <partindex>
  <text>1</text>
 </partindex>
 <placeholder>
  <text></text>
 </placeholder>
 <answermark>
  <text>3</text>
 </answermark>
 <answertype>
  <text>100</text>
 </answertype>
 <numbox>
  <text>4</text>
 </numbox>
 <vars1>
  <text></text>
 </vars1>
 <answer>
  <text>[sig, u0[0], u0[1], u0[2]]</text>
 </answer>
 <vars2>
  <text></text>
 </vars2>
 <correctness>
  <text><![CDATA[_relerr < 0.01]]></text>
 </correctness>
 <unitpenalty>
  <text>1</text>
 </unitpenalty>
 <postunit>
  <text></text>
 </postunit>
 <ruleid>
  <text>1</text>
 </ruleid>
 <otherrule>
  <text></text>
 </otherrule>
 <subqtext format="html">
<text><![CDATA[<p><b>b) </b>Volte \( h = {h}, \tau ={tau} \) a ověřte zda je splněna <b>podmínka stability explicitní metody</b>. Určete \( \sigma \).<br></p><p>\(\sigma = \) {_0} <br></p><p>V postupu řešení uveďte vzorec pro \( \sigma \) a ověření, zda&nbsp; podmínka stability je nebo není splněna. Určete hodnoty řešení v bodech sítě:</p><p>\( u({a}, 0) = \) {_1}&nbsp; \( u({x[1]}, 0) = \) {_2} &nbsp; \( u({x[2]}, 0) = \) {_3}<br></p>]]></text>
 </subqtext>
 <feedback format="html">
<text></text>
 </feedback>
 <correctfeedback format="html">
<text></text>
 </correctfeedback>
 <partiallycorrectfeedback format="html">
<text></text>
 </partiallycorrectfeedback>
 <incorrectfeedback format="html">
<text></text>
 </incorrectfeedback>
</answers>
<answers>
 <partindex>
  <text>2</text>
 </partindex>
 <placeholder>
  <text></text>
 </placeholder>
 <answermark>
  <text>4</text>
 </answermark>
 <answertype>
  <text>100</text>
 </answertype>
 <numbox>
  <text>3</text>
 </numbox>
 <vars1>
  <text></text>
 </vars1>
 <answer>
  <text>[uC, uD, uE]</text>
 </answer>
 <vars2>
  <text></text>
 </vars2>
 <correctness>
  <text><![CDATA[_relerr < 0.01]]></text>
 </correctness>
 <unitpenalty>
  <text>1</text>
 </unitpenalty>
 <postunit>
  <text></text>
 </postunit>
 <ruleid>
  <text>1</text>
 </ruleid>
 <otherrule>
  <text></text>
 </otherrule>
 <subqtext format="html">
<text><![CDATA[<p><b>c)</b> Pro volbu \( h = {h}, \tau ={tau} \) a určete hodnotu aproximace řešení \( u \) v bodech \(C, D, E\). Užijte&nbsp; explicitní metodu<br></p><p>\( C = [ {a}, {tau} ], \qquad\)&nbsp; \( U_C\) = {_0},<br></p><p>\( D = [ {x[1]}, {tau} ], \qquad \) \( U_D \) = {_1},<br></p><p>\( E =&nbsp; [{x[2]}, {tau}], \qquad\)&nbsp; \( U_E \) = {_2}.<br></p>]]></text>
 </subqtext>
 <feedback format="html">
<text></text>
 </feedback>
 <correctfeedback format="html">
<text></text>
 </correctfeedback>
 <partiallycorrectfeedback format="html">
<text></text>
 </partiallycorrectfeedback>
 <incorrectfeedback format="html">
<text></text>
 </incorrectfeedback>
</answers>
<answers>
 <partindex>
  <text>3</text>
 </partindex>
 <placeholder>
  <text></text>
 </placeholder>
 <answermark>
  <text>8</text>
 </answermark>
 <answertype>
  <text>100</text>
 </answertype>
 <numbox>
  <text>1</text>
 </numbox>
 <vars1>
  <text></text>
 </vars1>
 <answer>
  <text>uA</text>
 </answer>
 <vars2>
  <text></text>
 </vars2>
 <correctness>
  <text><![CDATA[_relerr < 0.01]]></text>
 </correctness>
 <unitpenalty>
  <text>1</text>
 </unitpenalty>
 <postunit>
  <text></text>
 </postunit>
 <ruleid>
  <text>1</text>
 </ruleid>
 <otherrule>
  <text></text>
 </otherrule>
 <subqtext format="html">
<text><![CDATA[<p><b>d)</b> Pro volbu&nbsp; \( h = {h}, \tau ={tau} \) a určete hodnotu aproximace řešení \( u \) v bodě \(A\) explicitní metodou<br></p><p>\( A = [ {x[1]}, {dvetau} ], \qquad\)&nbsp; \( U_A \) = {_0},</p><p></p><p></p><p></p>]]></text>
 </subqtext>
 <feedback format="html">
<text></text>
 </feedback>
 <correctfeedback format="html">
<text></text>
 </correctfeedback>
 <partiallycorrectfeedback format="html">
<text></text>
 </partiallycorrectfeedback>
 <incorrectfeedback format="html">
<text></text>
 </incorrectfeedback>
</answers>
  </question>

<!-- question: 0  -->
  <question type="category">
    <category>
      <text>$course$/top/Zkouska NMA BETA/B6</text>
    </category>
    <info format="html">
      <text></text>
    </info>
    <idnumber></idnumber>
  </question>

<!-- question: 177968  -->
  <question type="formulas">
    <name>
      <text>B6 Vlnová rovnice - explicitní schema</text>
    </name>
    <questiontext format="html">
      <text><![CDATA[<p>Je dána <b>smíšená úloha pro vlnovou rovnici</b></p><p>$$
\frac{\partial^{2} u}{\partial t^{2}}= {c2} \frac{\partial^{2} u}{\partial x^{2}}+ ({{f}}) \quad \mbox{ v oblasti&nbsp; }\Omega=\{[x,t] \in \mathbb E_2 :x\in({a},\ {b}),\ t&gt;0\},$$</p><p>s <b>počátečními</b> podmínkami: \( u(x,0) ={coef1} x + {coef2} x^2, \quad \frac{\partial u}{\partial t}(x,0) ={coefD} (x-{a}),\quad x \in \langle {a},\ {b} \rangle\)<br></p><p>a <b>okrajovými</b> podmínkami: \(u({a},\ t) = A_0 + A_1 t,\quad u({b},\ t) = B_0 + B_1 t,\quad t \in \langle 0,\ \infty)\).<br></p>]]></text>
    </questiontext>
    <generalfeedback format="html">
      <text><![CDATA[<br>]]></text>
    </generalfeedback>
    <defaultgrade>17.0000000</defaultgrade>
    <penalty>0.0000000</penalty>
    <hidden>0</hidden>
    <idnumber></idnumber>
    <correctfeedback format="html">
      <text>Vaše odpověď je správná.</text>
    </correctfeedback>
    <partiallycorrectfeedback format="html">
      <text>Vaše odpověď je částečně správná.</text>
    </partiallycorrectfeedback>
    <incorrectfeedback format="html">
      <text>Vaše odpověď je chybná.</text>
    </incorrectfeedback>
    <shownumcorrect/>
<varsrandom><text>n = { 4, 5, 10};
a = {0, 1, 2, 3};
W = { 1, 2,  4};
c2 = {4, 9, 25, 36, 2.25};

kpom={0,1,2};
aterm = {0, 1, 2, -1, -2};
kf = {0, 1, 2};

coef1={1, 2, -1};
coef2={1, 2};
coefD={1, 2};

k = {1, 2, 3};
losrhs = {0, 1, 2};
u0los = {0, 1, 2};
taurand = {0.1, 0.05, 0.02, 0.04};
</text>
</varsrandom>
<varsglobal><text><![CDATA[pomrhs = [ "x + t", "2 x - t" , "3 x - 2 t" ];    f = pomrhs[losrhs];
pomrhs1 = [1, 2, 3];    RHS1 = pomrhs1[losrhs];
pomrhs2 = [1, -1, -2 ]; RHS2 = pomrhs2[losrhs];

b = a + W; 
h = W / n;
# c2 = (h * h * sig2) / (tau * tau); 
taumax = sqrt(h * h / c2);
tau = (taurand < taumax) ? taurand : (floor(taumax * 100) / 100);
sig2 = c2 * tau * tau / (h * h);
tau2 = 2 * tau;
x = [a, a+h, a+2*h, a+3*h, a+4*h, a+5*h];
u0 = [coef1 * x[0] + coef2 * x[0] * x[0], coef1 * x[1] + coef2 * x[1] * x[1], coef1 * x[2] + coef2 * x[2] * x[2], coef1 * x[3] + coef2 * x[3] * x[3],coef1 * x[4] + coef2 * x[4] * x[4]];
u1 = [ u0[0] + coefD * tau * (x[0] - a), u0[1] + coefD * tau * (x[1] - a), u0[2] + coefD * tau * (x[2] - a), u0[3] + coefD * tau * (x[3] - a), u0[4] + coefD * tau * (x[4] - a)  ];

uA=sig2*(u1[k-1] + u1[k+1]) + 2*(1-sig2)*u1[k] - u0[k] + tau * tau * (RHS1 * x[k] + RHS2 * tau);

xk = x[k];
xk0 = x[k-1];
xk1 = x[k+1];



A0 = coef1 * a + coef2 * a * a;
B0 = coef1 * b + coef2 * b * b;
A1 = 0;
B1 = coefD * (b - a);]]></text>
</varsglobal>
<answernumbering><text>abc</text>
</answernumbering>
<answers>
 <partindex>
  <text>0</text>
 </partindex>
 <placeholder>
  <text></text>
 </placeholder>
 <answermark>
  <text>1</text>
 </answermark>
 <answertype>
  <text>10</text>
 </answertype>
 <numbox>
  <text>2</text>
 </numbox>
 <vars1>
  <text></text>
 </vars1>
 <answer>
  <text>[A0, B0]</text>
 </answer>
 <vars2>
  <text></text>
 </vars2>
 <correctness>
  <text><![CDATA[_relerr < 0.01]]></text>
 </correctness>
 <unitpenalty>
  <text>1</text>
 </unitpenalty>
 <postunit>
  <text></text>
 </postunit>
 <ruleid>
  <text>1</text>
 </ruleid>
 <otherrule>
  <text></text>
 </otherrule>
 <subqtext format="html">
<text><![CDATA[<b>a)</b> Určete konstanty \( A_0 , A_1 \) a \( B_0,&nbsp; B_1\) tak, aby byly splněny <b>podmínky souhlasu</b>.&nbsp; <br><p></p><p>\( A_0 = \) &nbsp; {_0},&nbsp; \( B_0 = \) &nbsp; {_1}, <br></p>]]></text>
 </subqtext>
 <feedback format="html">
<text></text>
 </feedback>
 <correctfeedback format="html">
<text></text>
 </correctfeedback>
 <partiallycorrectfeedback format="html">
<text></text>
 </partiallycorrectfeedback>
 <incorrectfeedback format="html">
<text></text>
 </incorrectfeedback>
</answers>
<answers>
 <partindex>
  <text>1</text>
 </partindex>
 <placeholder>
  <text></text>
 </placeholder>
 <answermark>
  <text>1</text>
 </answermark>
 <answertype>
  <text>10</text>
 </answertype>
 <numbox>
  <text>2</text>
 </numbox>
 <vars1>
  <text></text>
 </vars1>
 <answer>
  <text>[A1, B1]</text>
 </answer>
 <vars2>
  <text></text>
 </vars2>
 <correctness>
  <text><![CDATA[_relerr < 0.01]]></text>
 </correctness>
 <unitpenalty>
  <text>1</text>
 </unitpenalty>
 <postunit>
  <text></text>
 </postunit>
 <ruleid>
  <text>1</text>
 </ruleid>
 <otherrule>
  <text></text>
 </otherrule>
 <subqtext format="html">
<text><![CDATA[\( A_1 = \)&nbsp; {_0}&nbsp;&nbsp;&nbsp;&nbsp;&nbsp; \( B_1 = \)&nbsp; {_1}<br><br><b>Výsledky si pečlivě zkontrolujte.</b> (Závisí na nich další výpočty!)]]></text>
 </subqtext>
 <feedback format="html">
<text></text>
 </feedback>
 <correctfeedback format="html">
<text></text>
 </correctfeedback>
 <partiallycorrectfeedback format="html">
<text></text>
 </partiallycorrectfeedback>
 <incorrectfeedback format="html">
<text></text>
 </incorrectfeedback>
</answers>
<answers>
 <partindex>
  <text>2</text>
 </partindex>
 <placeholder>
  <text></text>
 </placeholder>
 <answermark>
  <text>3</text>
 </answermark>
 <answertype>
  <text>100</text>
 </answertype>
 <numbox>
  <text>1</text>
 </numbox>
 <vars1>
  <text></text>
 </vars1>
 <answer>
  <text>sig2</text>
 </answer>
 <vars2>
  <text></text>
 </vars2>
 <correctness>
  <text><![CDATA[_relerr < 0.01]]></text>
 </correctness>
 <unitpenalty>
  <text>1</text>
 </unitpenalty>
 <postunit>
  <text></text>
 </postunit>
 <ruleid>
  <text>1</text>
 </ruleid>
 <otherrule>
  <text></text>
 </otherrule>
 <subqtext format="html">
<text><![CDATA[<p><b>b) <span style="font-weight: normal;">Volte prostorový krok \( h = {h} \), časový krok </span><span style="font-weight: normal;">\( \tau = {tau} \). Určete \( \sigma^2 \) a rozhodněte, zda použité schéma je stabilní</span></b></p><p><b><span style="font-weight: normal;">\( \sigma^2 = \) {_0} <br></span></b></p><b><b></b></b><p></p><b><b><span style="font-weight: normal;"><span></span></span><b><span></span></b></b></b>]]></text>
 </subqtext>
 <feedback format="html">
<text></text>
 </feedback>
 <correctfeedback format="html">
<text></text>
 </correctfeedback>
 <partiallycorrectfeedback format="html">
<text></text>
 </partiallycorrectfeedback>
 <incorrectfeedback format="html">
<text></text>
 </incorrectfeedback>
</answers>
<answers>
 <partindex>
  <text>3</text>
 </partindex>
 <placeholder>
  <text></text>
 </placeholder>
 <answermark>
  <text>2</text>
 </answermark>
 <answertype>
  <text>100</text>
 </answertype>
 <numbox>
  <text>3</text>
 </numbox>
 <vars1>
  <text></text>
 </vars1>
 <answer>
  <text>[u0[k-1],u0[k],u0[k+1]]</text>
 </answer>
 <vars2>
  <text></text>
 </vars2>
 <correctness>
  <text><![CDATA[_relerr < 0.01]]></text>
 </correctness>
 <unitpenalty>
  <text>1</text>
 </unitpenalty>
 <postunit>
  <text></text>
 </postunit>
 <ruleid>
  <text>1</text>
 </ruleid>
 <otherrule>
  <text></text>
 </otherrule>
 <subqtext format="html">
<text><![CDATA[<p></p><p><b>c)</b><b> U</b>rčete hodnoty aproximací řešení v <b>nulté časové vrstvě</b> v bodech E, F, G<br></p><p>\( E = [{{xk0}},0] \qquad&nbsp; U_E =\) {_0}</p><p></p><p>\( F = [{{xk}},0] \qquad&nbsp; U_F =\) {_1}</p><p></p><p></p><p>\( G = [{{xk1}},0] \qquad&nbsp; U_G =\) {_2}</p><p></p><p></p><br>]]></text>
 </subqtext>
 <feedback format="html">
<text></text>
 </feedback>
 <correctfeedback format="html">
<text></text>
 </correctfeedback>
 <partiallycorrectfeedback format="html">
<text></text>
 </partiallycorrectfeedback>
 <incorrectfeedback format="html">
<text></text>
 </incorrectfeedback>
</answers>
<answers>
 <partindex>
  <text>4</text>
 </partindex>
 <placeholder>
  <text></text>
 </placeholder>
 <answermark>
  <text>1</text>
 </answermark>
 <answertype>
  <text>100</text>
 </answertype>
 <numbox>
  <text>1</text>
 </numbox>
 <vars1>
  <text></text>
 </vars1>
 <answer>
  <text>u1[k-1]</text>
 </answer>
 <vars2>
  <text></text>
 </vars2>
 <correctness>
  <text><![CDATA[_relerr < 0.01]]></text>
 </correctness>
 <unitpenalty>
  <text>1</text>
 </unitpenalty>
 <postunit>
  <text></text>
 </postunit>
 <ruleid>
  <text>1</text>
 </ruleid>
 <otherrule>
  <text></text>
 </otherrule>
 <subqtext format="html">
<text><![CDATA[<p></p><p></p><p><b>d)</b><b> </b>Pro zvolené hodnoty <span>\( h = {h} \) a </span><span>\( \tau = {tau} \)</span><b><span> </span></b>určete hodnoty aproximací v <b>první&nbsp; časové vrstvě</b> v bodech B, C, D<br></p><p>\( B = [{xk0},{tau}] \qquad&nbsp; U_B =\) {_0}</p><p></p><p></p><p></p>]]></text>
 </subqtext>
 <feedback format="html">
<text></text>
 </feedback>
 <correctfeedback format="html">
<text></text>
 </correctfeedback>
 <partiallycorrectfeedback format="html">
<text></text>
 </partiallycorrectfeedback>
 <incorrectfeedback format="html">
<text></text>
 </incorrectfeedback>
</answers>
<answers>
 <partindex>
  <text>5</text>
 </partindex>
 <placeholder>
  <text></text>
 </placeholder>
 <answermark>
  <text>2</text>
 </answermark>
 <answertype>
  <text>100</text>
 </answertype>
 <numbox>
  <text>2</text>
 </numbox>
 <vars1>
  <text></text>
 </vars1>
 <answer>
  <text>[u1[k],u1[k+1]]</text>
 </answer>
 <vars2>
  <text></text>
 </vars2>
 <correctness>
  <text><![CDATA[_relerr < 0.01]]></text>
 </correctness>
 <unitpenalty>
  <text>1</text>
 </unitpenalty>
 <postunit>
  <text></text>
 </postunit>
 <ruleid>
  <text>1</text>
 </ruleid>
 <otherrule>
  <text></text>
 </otherrule>
 <subqtext format="html">
<text><![CDATA[<p></p><p>\( C = [{xk},{tau}] \qquad&nbsp; U_C =\) {_0}</p><p>\( D = [{xk1},{tau}] \qquad&nbsp; U_D =\) {_1}</p><p></p>]]></text>
 </subqtext>
 <feedback format="html">
<text></text>
 </feedback>
 <correctfeedback format="html">
<text></text>
 </correctfeedback>
 <partiallycorrectfeedback format="html">
<text></text>
 </partiallycorrectfeedback>
 <incorrectfeedback format="html">
<text></text>
 </incorrectfeedback>
</answers>
<answers>
 <partindex>
  <text>6</text>
 </partindex>
 <placeholder>
  <text></text>
 </placeholder>
 <answermark>
  <text>7</text>
 </answermark>
 <answertype>
  <text>100</text>
 </answertype>
 <numbox>
  <text>1</text>
 </numbox>
 <vars1>
  <text></text>
 </vars1>
 <answer>
  <text>uA</text>
 </answer>
 <vars2>
  <text></text>
 </vars2>
 <correctness>
  <text><![CDATA[_relerr < 0.01]]></text>
 </correctness>
 <unitpenalty>
  <text>1</text>
 </unitpenalty>
 <postunit>
  <text></text>
 </postunit>
 <ruleid>
  <text>1</text>
 </ruleid>
 <otherrule>
  <text></text>
 </otherrule>
 <subqtext format="html">
<text><![CDATA[<p><b>e) </b>Určete&nbsp; hodnotu aproximace \( U_A \)&nbsp; v bodě \(A = [{xk}, {tau2}]\) použitím explicitního schématu.</p><p>\( U_A = \) {_0}<br></p>]]></text>
 </subqtext>
 <feedback format="html">
<text></text>
 </feedback>
 <correctfeedback format="html">
<text></text>
 </correctfeedback>
 <partiallycorrectfeedback format="html">
<text></text>
 </partiallycorrectfeedback>
 <incorrectfeedback format="html">
<text></text>
 </incorrectfeedback>
</answers>
  </question>

</quiz>