<?xml version="1.0" encoding="UTF-8"?>
<quiz>
<!-- question: 0  -->
  <question type="category">
    <category>
      <text>$course$/top/Výchozí v B192-2011049/okrajová pro ODR</text>
    </category>
    <info format="html">
      <text><![CDATA[<p>Dirichletova (okrajová) úloha pro ODR 2. řádu<br></p>]]></text>
    </info>
    <idnumber></idnumber>
  </question>

<!-- question: 135577  -->
  <question type="formulas">
    <name>
      <text>okrajová pro ODR 1.</text>
    </name>
    <questiontext format="html">
      <text><![CDATA[Je dána okrajová úloha :<br><p>$$ -\left(2y^\prime\right)^\prime +4x y = 2,\quad  y(1)=0,\ y(3)=-1$$</p><p>Volte krok \(h=0.5\) a sestavte soustavu lineárních rovnic pro řešení této úlohy metodou sítí.<br></p>]]></text>
    </questiontext>
    <generalfeedback format="html">
      <text><![CDATA[<p>Soustavu rovnic sestavujeme podle schématu</p><p>$$-p_{i-\frac12}{\rm Y}_{i-1}+\left(p_{i-\frac12}+p_{i+\frac12}+h^2q_i\right){\rm Y}_i-p_{i+\frac12}{\rm Y}_{i+1}=h^2f_i,$$
kde \( p(x) = 2,\ q(x) = 4x,\ f(x) = 2\), <br></p><p>\( x_0 = 1,\ x_1 = 1.5,\ x_2 = 2,\ x_3 = 2.5,\ x_4 = 3\)</p><p>Y\(_0 = 0\), Y\(_4 = -1\), Y\(_1\), Y\(_2\), Y\(_3\), jsou neznámé.<br></p>]]></text>
    </generalfeedback>
    <defaultgrade>3.0000000</defaultgrade>
    <penalty>0.0000000</penalty>
    <hidden>0</hidden>
    <idnumber></idnumber>
    <correctfeedback format="html">
      <text>Vaše odpověď je správná.</text>
    </correctfeedback>
    <partiallycorrectfeedback format="html">
      <text>Vaše odpověď je částečně správná.</text>
    </partiallycorrectfeedback>
    <incorrectfeedback format="html">
      <text>Vaše odpověď je chybná.</text>
    </incorrectfeedback>
    <shownumcorrect/>
<varsrandom><text></text>
</varsrandom>
<varsglobal><text>a11 = 5.5; a12 = -2; f1 = 0.5;
a21 = -2; a22 = 6; a23 = -2; f2 = 0.5;
a32 = -2; a33 = 6.5; f3 =-1.5;</text>
</varsglobal>
<answernumbering><text>abc</text>
</answernumbering>
<answers>
 <partindex>
  <text>0</text>
 </partindex>
 <placeholder>
  <text></text>
 </placeholder>
 <answermark>
  <text>1</text>
 </answermark>
 <answertype>
  <text>10</text>
 </answertype>
 <numbox>
  <text>3</text>
 </numbox>
 <vars1>
  <text></text>
 </vars1>
 <answer>
  <text>[a11, a12, f1]</text>
 </answer>
 <vars2>
  <text></text>
 </vars2>
 <correctness>
  <text><![CDATA[_relerr < 0.01]]></text>
 </correctness>
 <unitpenalty>
  <text>1</text>
 </unitpenalty>
 <postunit>
  <text></text>
 </postunit>
 <ruleid>
  <text>1</text>
 </ruleid>
 <otherrule>
  <text></text>
 </otherrule>
 <subqtext format="html">
<text><![CDATA[<p>1. rovnice : {_0}Y\(_1 +\) {_1}Y\(_2 =\) {_2}<br></p>]]></text>
 </subqtext>
 <feedback format="html">
<text></text>
 </feedback>
 <correctfeedback format="html">
<text></text>
 </correctfeedback>
 <partiallycorrectfeedback format="html">
<text></text>
 </partiallycorrectfeedback>
 <incorrectfeedback format="html">
<text></text>
 </incorrectfeedback>
</answers>
<answers>
 <partindex>
  <text>1</text>
 </partindex>
 <placeholder>
  <text></text>
 </placeholder>
 <answermark>
  <text>1</text>
 </answermark>
 <answertype>
  <text>10</text>
 </answertype>
 <numbox>
  <text>4</text>
 </numbox>
 <vars1>
  <text></text>
 </vars1>
 <answer>
  <text>[a21, a22, a23, f2]</text>
 </answer>
 <vars2>
  <text></text>
 </vars2>
 <correctness>
  <text><![CDATA[_relerr < 0.01]]></text>
 </correctness>
 <unitpenalty>
  <text>1</text>
 </unitpenalty>
 <postunit>
  <text></text>
 </postunit>
 <ruleid>
  <text>1</text>
 </ruleid>
 <otherrule>
  <text></text>
 </otherrule>
 <subqtext format="html">
<text><![CDATA[<p>2. rovnice : {_0}Y\(_1 +\) {_1}Y\(_2 + \) {_2}Y\(_3 =\) {_3}<br></p>]]></text>
 </subqtext>
 <feedback format="html">
<text></text>
 </feedback>
 <correctfeedback format="html">
<text></text>
 </correctfeedback>
 <partiallycorrectfeedback format="html">
<text></text>
 </partiallycorrectfeedback>
 <incorrectfeedback format="html">
<text></text>
 </incorrectfeedback>
</answers>
<answers>
 <partindex>
  <text>2</text>
 </partindex>
 <placeholder>
  <text></text>
 </placeholder>
 <answermark>
  <text>1</text>
 </answermark>
 <answertype>
  <text>10</text>
 </answertype>
 <numbox>
  <text>3</text>
 </numbox>
 <vars1>
  <text></text>
 </vars1>
 <answer>
  <text>[a32, a33, f3]</text>
 </answer>
 <vars2>
  <text></text>
 </vars2>
 <correctness>
  <text><![CDATA[_relerr < 0.01]]></text>
 </correctness>
 <unitpenalty>
  <text>1</text>
 </unitpenalty>
 <postunit>
  <text></text>
 </postunit>
 <ruleid>
  <text>1</text>
 </ruleid>
 <otherrule>
  <text></text>
 </otherrule>
 <subqtext format="html">
<text><![CDATA[<p>3. rovnice: {_0}Y\(_2 +\) {_1}Y\(_3 =\) {_2}<br></p>]]></text>
 </subqtext>
 <feedback format="html">
<text></text>
 </feedback>
 <correctfeedback format="html">
<text></text>
 </correctfeedback>
 <partiallycorrectfeedback format="html">
<text></text>
 </partiallycorrectfeedback>
 <incorrectfeedback format="html">
<text></text>
 </incorrectfeedback>
</answers>
    <hint format="html">
      <text><![CDATA[<p>--<br></p>]]></text>
    </hint>
    <hint format="html">
      <text><![CDATA[<p>--<br></p>]]></text>
    </hint>
  </question>

<!-- question: 135578  -->
  <question type="formulas">
    <name>
      <text>okrajová pro ODR 2.</text>
    </name>
    <questiontext format="html">
      <text><![CDATA[Je dána okrajová úloha :<br><p>$$ -\left(xy^\prime\right)^\prime +(x-1) y = 4,\quad  y(1)=2,\ y(5)=0$$</p><p>Volte krok \(h=1\) a sestavte soustavu lineárních rovnic pro řešení této úlohy metodou sítí.<br></p>]]></text>
    </questiontext>
    <generalfeedback format="html">
      <text><![CDATA[<p>Soustavu rovnic sestavujeme podle schématu</p><p>$$-p_{i-\frac12}{\rm Y}_{i-1}+\left(p_{i-\frac12}+p_{i+\frac12}+h^2q_i\right){\rm Y}_i-p_{i+\frac12}{\rm Y}_{i+1}=h^2f_i,$$
kde \( p(x) = x,\ q(x) = x-1,\ f(x) = 4\), <br></p><p>\( x_0 = 1,\ x_1 = 2,\ x_2 = 3,\ x_3 = 4,\ x_5 = 5\)</p><p>Y\(_0 = 2\), Y\(_4 = 0\), Y\(_1\), Y\(_2\), Y\(_3\), jsou neznámé.<br></p>]]></text>
    </generalfeedback>
    <defaultgrade>3.0000000</defaultgrade>
    <penalty>0.0000000</penalty>
    <hidden>0</hidden>
    <idnumber></idnumber>
    <correctfeedback format="html">
      <text>Vaše odpověď je správná.</text>
    </correctfeedback>
    <partiallycorrectfeedback format="html">
      <text>Vaše odpověď je částečně správná.</text>
    </partiallycorrectfeedback>
    <incorrectfeedback format="html">
      <text>Vaše odpověď je chybná.</text>
    </incorrectfeedback>
    <shownumcorrect/>
<varsrandom><text></text>
</varsrandom>
<varsglobal><text>a11 = 5; a12 = -2.5; f1 = 7;
a21 = -2.5; a22 = 8; a23 = -3.5; f2 = 4;
a32 = -3.5; a33 = 11; f3 =4;</text>
</varsglobal>
<answernumbering><text>abc</text>
</answernumbering>
<answers>
 <partindex>
  <text>0</text>
 </partindex>
 <placeholder>
  <text></text>
 </placeholder>
 <answermark>
  <text>1</text>
 </answermark>
 <answertype>
  <text>10</text>
 </answertype>
 <numbox>
  <text>3</text>
 </numbox>
 <vars1>
  <text></text>
 </vars1>
 <answer>
  <text>[a11, a12, f1]</text>
 </answer>
 <vars2>
  <text></text>
 </vars2>
 <correctness>
  <text><![CDATA[_relerr < 0.01]]></text>
 </correctness>
 <unitpenalty>
  <text>1</text>
 </unitpenalty>
 <postunit>
  <text></text>
 </postunit>
 <ruleid>
  <text>1</text>
 </ruleid>
 <otherrule>
  <text></text>
 </otherrule>
 <subqtext format="html">
<text><![CDATA[<p>1. rovnice : {_0}Y\(_1 +\) {_1}Y\(_2 =\) {_2}<br></p>]]></text>
 </subqtext>
 <feedback format="html">
<text></text>
 </feedback>
 <correctfeedback format="html">
<text></text>
 </correctfeedback>
 <partiallycorrectfeedback format="html">
<text></text>
 </partiallycorrectfeedback>
 <incorrectfeedback format="html">
<text></text>
 </incorrectfeedback>
</answers>
<answers>
 <partindex>
  <text>1</text>
 </partindex>
 <placeholder>
  <text></text>
 </placeholder>
 <answermark>
  <text>1</text>
 </answermark>
 <answertype>
  <text>10</text>
 </answertype>
 <numbox>
  <text>4</text>
 </numbox>
 <vars1>
  <text></text>
 </vars1>
 <answer>
  <text>[a21, a22, a23, f2]</text>
 </answer>
 <vars2>
  <text></text>
 </vars2>
 <correctness>
  <text><![CDATA[_relerr < 0.01]]></text>
 </correctness>
 <unitpenalty>
  <text>1</text>
 </unitpenalty>
 <postunit>
  <text></text>
 </postunit>
 <ruleid>
  <text>1</text>
 </ruleid>
 <otherrule>
  <text></text>
 </otherrule>
 <subqtext format="html">
<text><![CDATA[<p>2. rovnice : {_0}Y\(_1 +\) {_1}Y\(_2 + \) {_2}Y\(_3 =\) {_3}<br></p>]]></text>
 </subqtext>
 <feedback format="html">
<text></text>
 </feedback>
 <correctfeedback format="html">
<text></text>
 </correctfeedback>
 <partiallycorrectfeedback format="html">
<text></text>
 </partiallycorrectfeedback>
 <incorrectfeedback format="html">
<text></text>
 </incorrectfeedback>
</answers>
<answers>
 <partindex>
  <text>2</text>
 </partindex>
 <placeholder>
  <text></text>
 </placeholder>
 <answermark>
  <text>1</text>
 </answermark>
 <answertype>
  <text>10</text>
 </answertype>
 <numbox>
  <text>3</text>
 </numbox>
 <vars1>
  <text></text>
 </vars1>
 <answer>
  <text>[a32, a33, f3]</text>
 </answer>
 <vars2>
  <text></text>
 </vars2>
 <correctness>
  <text><![CDATA[_relerr < 0.01]]></text>
 </correctness>
 <unitpenalty>
  <text>1</text>
 </unitpenalty>
 <postunit>
  <text></text>
 </postunit>
 <ruleid>
  <text>1</text>
 </ruleid>
 <otherrule>
  <text></text>
 </otherrule>
 <subqtext format="html">
<text><![CDATA[<p>3. rovnice: {_0}Y\(_2 +\) {_1}Y\(_3 =\) {_2}<br></p>]]></text>
 </subqtext>
 <feedback format="html">
<text></text>
 </feedback>
 <correctfeedback format="html">
<text></text>
 </correctfeedback>
 <partiallycorrectfeedback format="html">
<text></text>
 </partiallycorrectfeedback>
 <incorrectfeedback format="html">
<text></text>
 </incorrectfeedback>
</answers>
    <hint format="html">
      <text><![CDATA[<p>--<br></p>]]></text>
    </hint>
    <hint format="html">
      <text><![CDATA[<p>--<br></p>]]></text>
    </hint>
  </question>

<!-- question: 135579  -->
  <question type="formulas">
    <name>
      <text>okrajová pro ODR 3.</text>
    </name>
    <questiontext format="html">
      <text><![CDATA[Je dána okrajová úloha :<br><p>$$ -\left(x^2y^\prime\right)^\prime +(x+1) y = -x^3,\quad  y(1)=0,\ y(5)=0$$</p><p>Volte krok \(h=1\) a sestavte soustavu lineárních rovnic pro řešení této úlohy metodou sítí.<br></p>]]></text>
    </questiontext>
    <generalfeedback format="html">
      <text><![CDATA[<p>Soustavu rovnic sestavujeme podle schématu</p><p>$$-p_{i-\frac12}{\rm Y}_{i-1}+\left(p_{i-\frac12}+p_{i+\frac12}+h^2q_i\right){\rm Y}_i-p_{i+\frac12}{\rm Y}_{i+1}=h^2f_i,$$
kde \( p(x) = x^2,\ q(x) = x+1,\ f(x) = -x^3\), <br></p><p>\( x_0 = 1,\ x_1 = 2,\ x_2 = 3,\ x_3 = 4,\ x_5 = 5\)</p><p>Y\(_0 = 0\), Y\(_4 = 0\), Y\(_1\), Y\(_2\), Y\(_3\), jsou neznámé.<br></p>]]></text>
    </generalfeedback>
    <defaultgrade>3.0000000</defaultgrade>
    <penalty>0.0000000</penalty>
    <hidden>0</hidden>
    <idnumber></idnumber>
    <correctfeedback format="html">
      <text>Vaše odpověď je správná.</text>
    </correctfeedback>
    <partiallycorrectfeedback format="html">
      <text>Vaše odpověď je částečně správná.</text>
    </partiallycorrectfeedback>
    <incorrectfeedback format="html">
      <text>Vaše odpověď je chybná.</text>
    </incorrectfeedback>
    <shownumcorrect/>
<varsrandom><text></text>
</varsrandom>
<varsglobal><text>a11 = 11.5; a12 = -6.25; f1 = -8;
a21 = -6.25; a22 = 22.5; a23 = -12.25; f2 = -27;
a32 = -12.25; a33 = 37.5; f3 =-64;</text>
</varsglobal>
<answernumbering><text>abc</text>
</answernumbering>
<answers>
 <partindex>
  <text>0</text>
 </partindex>
 <placeholder>
  <text></text>
 </placeholder>
 <answermark>
  <text>1</text>
 </answermark>
 <answertype>
  <text>10</text>
 </answertype>
 <numbox>
  <text>3</text>
 </numbox>
 <vars1>
  <text></text>
 </vars1>
 <answer>
  <text>[a11, a12, f1]</text>
 </answer>
 <vars2>
  <text></text>
 </vars2>
 <correctness>
  <text><![CDATA[_relerr < 0.01]]></text>
 </correctness>
 <unitpenalty>
  <text>1</text>
 </unitpenalty>
 <postunit>
  <text></text>
 </postunit>
 <ruleid>
  <text>1</text>
 </ruleid>
 <otherrule>
  <text></text>
 </otherrule>
 <subqtext format="html">
<text><![CDATA[<p>1. rovnice : {_0}Y\(_1 +\) {_1}Y\(_2 =\) {_2}<br></p>]]></text>
 </subqtext>
 <feedback format="html">
<text></text>
 </feedback>
 <correctfeedback format="html">
<text></text>
 </correctfeedback>
 <partiallycorrectfeedback format="html">
<text></text>
 </partiallycorrectfeedback>
 <incorrectfeedback format="html">
<text></text>
 </incorrectfeedback>
</answers>
<answers>
 <partindex>
  <text>1</text>
 </partindex>
 <placeholder>
  <text></text>
 </placeholder>
 <answermark>
  <text>1</text>
 </answermark>
 <answertype>
  <text>10</text>
 </answertype>
 <numbox>
  <text>4</text>
 </numbox>
 <vars1>
  <text></text>
 </vars1>
 <answer>
  <text>[a21, a22, a23, f2]</text>
 </answer>
 <vars2>
  <text></text>
 </vars2>
 <correctness>
  <text><![CDATA[_relerr < 0.01]]></text>
 </correctness>
 <unitpenalty>
  <text>1</text>
 </unitpenalty>
 <postunit>
  <text></text>
 </postunit>
 <ruleid>
  <text>1</text>
 </ruleid>
 <otherrule>
  <text></text>
 </otherrule>
 <subqtext format="html">
<text><![CDATA[<p>2. rovnice : {_0}Y\(_1 +\) {_1}Y\(_2 + \) {_2}Y\(_3 =\) {_3}<br></p>]]></text>
 </subqtext>
 <feedback format="html">
<text></text>
 </feedback>
 <correctfeedback format="html">
<text></text>
 </correctfeedback>
 <partiallycorrectfeedback format="html">
<text></text>
 </partiallycorrectfeedback>
 <incorrectfeedback format="html">
<text></text>
 </incorrectfeedback>
</answers>
<answers>
 <partindex>
  <text>2</text>
 </partindex>
 <placeholder>
  <text></text>
 </placeholder>
 <answermark>
  <text>1</text>
 </answermark>
 <answertype>
  <text>10</text>
 </answertype>
 <numbox>
  <text>3</text>
 </numbox>
 <vars1>
  <text></text>
 </vars1>
 <answer>
  <text>[a32, a33, f3]</text>
 </answer>
 <vars2>
  <text></text>
 </vars2>
 <correctness>
  <text><![CDATA[_relerr < 0.01]]></text>
 </correctness>
 <unitpenalty>
  <text>1</text>
 </unitpenalty>
 <postunit>
  <text></text>
 </postunit>
 <ruleid>
  <text>1</text>
 </ruleid>
 <otherrule>
  <text></text>
 </otherrule>
 <subqtext format="html">
<text><![CDATA[<p>3. rovnice: {_0}Y\(_2 +\) {_1}Y\(_3 =\) {_2}<br></p>]]></text>
 </subqtext>
 <feedback format="html">
<text></text>
 </feedback>
 <correctfeedback format="html">
<text></text>
 </correctfeedback>
 <partiallycorrectfeedback format="html">
<text></text>
 </partiallycorrectfeedback>
 <incorrectfeedback format="html">
<text></text>
 </incorrectfeedback>
</answers>
    <hint format="html">
      <text><![CDATA[<p>--<br></p>]]></text>
    </hint>
    <hint format="html">
      <text><![CDATA[<p>--<br></p>]]></text>
    </hint>
  </question>

<!-- question: 135584  -->
  <question type="formulas">
    <name>
      <text>okrajová pro ODR 4.</text>
    </name>
    <questiontext format="html">
      <text><![CDATA[Je dána okrajová úloha :<br><p>$$ -\left(2y^\prime\right)^\prime +x y = 2x-1,\quad  y(1)=-2,\ y(3)=1$$</p><p>Volte krok \(h=0.5\) a sestavte soustavu lineárních rovnic pro řešení této úlohy metodou sítí.<br></p>]]></text>
    </questiontext>
    <generalfeedback format="html">
      <text><![CDATA[<p>Soustavu rovnic sestavujeme podle schématu</p><p>$$-p_{i-\frac12}{\rm Y}_{i-1}+\left(p_{i-\frac12}+p_{i+\frac12}+h^2q_i\right){\rm Y}_i-p_{i+\frac12}{\rm Y}_{i+1}=h^2f_i,$$
kde \( p(x) = 2,\ q(x) = x,\ f(x) = 2x-1\), <br></p><p>\( x_0 = 1,\ x_1 = 1.5,\ x_2 = 2,\ x_3 = 2.5,\ x_4 = 3\)</p><p>Y\(_0 = -2\), Y\(_4 = 1\), Y\(_1\), Y\(_2\), Y\(_3\), jsou neznámé.<br></p>]]></text>
    </generalfeedback>
    <defaultgrade>3.0000000</defaultgrade>
    <penalty>0.0000000</penalty>
    <hidden>0</hidden>
    <idnumber></idnumber>
    <correctfeedback format="html">
      <text>Vaše odpověď je správná.</text>
    </correctfeedback>
    <partiallycorrectfeedback format="html">
      <text>Vaše odpověď je částečně správná.</text>
    </partiallycorrectfeedback>
    <incorrectfeedback format="html">
      <text>Vaše odpověď je chybná.</text>
    </incorrectfeedback>
    <shownumcorrect/>
<varsrandom><text></text>
</varsrandom>
<varsglobal><text>a11 = 4+3/8; a12 = -2; f1 = -3.5;
a21 = -2; a22 = 4.5; a23 = -2; f2 = 0.75;
a32 = -2; a33 = 4+5/8; f3 =3;</text>
</varsglobal>
<answernumbering><text>abc</text>
</answernumbering>
<answers>
 <partindex>
  <text>0</text>
 </partindex>
 <placeholder>
  <text></text>
 </placeholder>
 <answermark>
  <text>1</text>
 </answermark>
 <answertype>
  <text>10</text>
 </answertype>
 <numbox>
  <text>3</text>
 </numbox>
 <vars1>
  <text></text>
 </vars1>
 <answer>
  <text>[a11, a12, f1]</text>
 </answer>
 <vars2>
  <text></text>
 </vars2>
 <correctness>
  <text><![CDATA[_relerr < 0.01]]></text>
 </correctness>
 <unitpenalty>
  <text>1</text>
 </unitpenalty>
 <postunit>
  <text></text>
 </postunit>
 <ruleid>
  <text>1</text>
 </ruleid>
 <otherrule>
  <text></text>
 </otherrule>
 <subqtext format="html">
<text><![CDATA[<p>1. rovnice : {_0}Y\(_1 +\) {_1}Y\(_2 =\) {_2}<br></p>]]></text>
 </subqtext>
 <feedback format="html">
<text></text>
 </feedback>
 <correctfeedback format="html">
<text></text>
 </correctfeedback>
 <partiallycorrectfeedback format="html">
<text></text>
 </partiallycorrectfeedback>
 <incorrectfeedback format="html">
<text></text>
 </incorrectfeedback>
</answers>
<answers>
 <partindex>
  <text>1</text>
 </partindex>
 <placeholder>
  <text></text>
 </placeholder>
 <answermark>
  <text>1</text>
 </answermark>
 <answertype>
  <text>10</text>
 </answertype>
 <numbox>
  <text>4</text>
 </numbox>
 <vars1>
  <text></text>
 </vars1>
 <answer>
  <text>[a21, a22, a23, f2]</text>
 </answer>
 <vars2>
  <text></text>
 </vars2>
 <correctness>
  <text><![CDATA[_relerr < 0.01]]></text>
 </correctness>
 <unitpenalty>
  <text>1</text>
 </unitpenalty>
 <postunit>
  <text></text>
 </postunit>
 <ruleid>
  <text>1</text>
 </ruleid>
 <otherrule>
  <text></text>
 </otherrule>
 <subqtext format="html">
<text><![CDATA[<p>2. rovnice : {_0}Y\(_1 +\) {_1}Y\(_2 + \) {_2}Y\(_3 =\) {_3}<br></p>]]></text>
 </subqtext>
 <feedback format="html">
<text></text>
 </feedback>
 <correctfeedback format="html">
<text></text>
 </correctfeedback>
 <partiallycorrectfeedback format="html">
<text></text>
 </partiallycorrectfeedback>
 <incorrectfeedback format="html">
<text></text>
 </incorrectfeedback>
</answers>
<answers>
 <partindex>
  <text>2</text>
 </partindex>
 <placeholder>
  <text></text>
 </placeholder>
 <answermark>
  <text>1</text>
 </answermark>
 <answertype>
  <text>10</text>
 </answertype>
 <numbox>
  <text>3</text>
 </numbox>
 <vars1>
  <text></text>
 </vars1>
 <answer>
  <text>[a32, a33, f3]</text>
 </answer>
 <vars2>
  <text></text>
 </vars2>
 <correctness>
  <text><![CDATA[_relerr < 0.01]]></text>
 </correctness>
 <unitpenalty>
  <text>1</text>
 </unitpenalty>
 <postunit>
  <text></text>
 </postunit>
 <ruleid>
  <text>1</text>
 </ruleid>
 <otherrule>
  <text></text>
 </otherrule>
 <subqtext format="html">
<text><![CDATA[<p>3. rovnice: {_0}Y\(_2 +\) {_1}Y\(_3 =\) {_2}<br></p>]]></text>
 </subqtext>
 <feedback format="html">
<text></text>
 </feedback>
 <correctfeedback format="html">
<text></text>
 </correctfeedback>
 <partiallycorrectfeedback format="html">
<text></text>
 </partiallycorrectfeedback>
 <incorrectfeedback format="html">
<text></text>
 </incorrectfeedback>
</answers>
    <hint format="html">
      <text><![CDATA[<p>--<br></p>]]></text>
    </hint>
    <hint format="html">
      <text><![CDATA[<p>--<br></p>]]></text>
    </hint>
  </question>

<!-- question: 135585  -->
  <question type="formulas">
    <name>
      <text>okrajová pro ODR 5.</text>
    </name>
    <questiontext format="html">
      <text><![CDATA[Je dána okrajová úloha :<br><p>$$ -\left(xy^\prime\right)^\prime +(x-1) y = -1,\quad  y(1)=1,\ y(5)=2$$</p><p>Volte krok \(h=1\) a sestavte soustavu lineárních rovnic pro řešení této úlohy metodou sítí.<br></p>]]></text>
    </questiontext>
    <generalfeedback format="html">
      <text><![CDATA[<p>Soustavu rovnic sestavujeme podle schématu</p><p>$$-p_{i-\frac12}{\rm Y}_{i-1}+\left(p_{i-\frac12}+p_{i+\frac12}+h^2q_i\right){\rm Y}_i-p_{i+\frac12}{\rm Y}_{i+1}=h^2f_i,$$
kde \( p(x) = x,\ q(x) = x-1,\ f(x) = -1\), <br></p><p>\( x_0 = 1,\ x_1 = 2,\ x_2 = 3,\ x_3 = 4,\ x_4 = 5\)</p><p>Y\(_0 = 1\), Y\(_4 = 2\), Y\(_1\), Y\(_2\), Y\(_3\), jsou neznámé.<br></p>]]></text>
    </generalfeedback>
    <defaultgrade>3.0000000</defaultgrade>
    <penalty>0.0000000</penalty>
    <hidden>0</hidden>
    <idnumber></idnumber>
    <correctfeedback format="html">
      <text>Vaše odpověď je správná.</text>
    </correctfeedback>
    <partiallycorrectfeedback format="html">
      <text>Vaše odpověď je částečně správná.</text>
    </partiallycorrectfeedback>
    <incorrectfeedback format="html">
      <text>Vaše odpověď je chybná.</text>
    </incorrectfeedback>
    <shownumcorrect/>
<varsrandom><text></text>
</varsrandom>
<varsglobal><text>a11 = 5; a12 = -2.5; f1 = 0.5;
a21 = -2.5; a22 = 8; a23 = -3.5; f2 = -1;
a32 = -3.5; a33 = 11; f3 =8;</text>
</varsglobal>
<answernumbering><text>abc</text>
</answernumbering>
<answers>
 <partindex>
  <text>0</text>
 </partindex>
 <placeholder>
  <text></text>
 </placeholder>
 <answermark>
  <text>1</text>
 </answermark>
 <answertype>
  <text>10</text>
 </answertype>
 <numbox>
  <text>3</text>
 </numbox>
 <vars1>
  <text></text>
 </vars1>
 <answer>
  <text>[a11, a12, f1]</text>
 </answer>
 <vars2>
  <text></text>
 </vars2>
 <correctness>
  <text><![CDATA[_relerr < 0.01]]></text>
 </correctness>
 <unitpenalty>
  <text>1</text>
 </unitpenalty>
 <postunit>
  <text></text>
 </postunit>
 <ruleid>
  <text>1</text>
 </ruleid>
 <otherrule>
  <text></text>
 </otherrule>
 <subqtext format="html">
<text><![CDATA[<p>1. rovnice : {_0}Y\(_1 +\) {_1}Y\(_2 =\) {_2}<br></p>]]></text>
 </subqtext>
 <feedback format="html">
<text></text>
 </feedback>
 <correctfeedback format="html">
<text></text>
 </correctfeedback>
 <partiallycorrectfeedback format="html">
<text></text>
 </partiallycorrectfeedback>
 <incorrectfeedback format="html">
<text></text>
 </incorrectfeedback>
</answers>
<answers>
 <partindex>
  <text>1</text>
 </partindex>
 <placeholder>
  <text></text>
 </placeholder>
 <answermark>
  <text>1</text>
 </answermark>
 <answertype>
  <text>10</text>
 </answertype>
 <numbox>
  <text>4</text>
 </numbox>
 <vars1>
  <text></text>
 </vars1>
 <answer>
  <text>[a21, a22, a23, f2]</text>
 </answer>
 <vars2>
  <text></text>
 </vars2>
 <correctness>
  <text><![CDATA[_relerr < 0.01]]></text>
 </correctness>
 <unitpenalty>
  <text>1</text>
 </unitpenalty>
 <postunit>
  <text></text>
 </postunit>
 <ruleid>
  <text>1</text>
 </ruleid>
 <otherrule>
  <text></text>
 </otherrule>
 <subqtext format="html">
<text><![CDATA[<p>2. rovnice : {_0}Y\(_1 +\) {_1}Y\(_2 + \) {_2}Y\(_3 =\) {_3}<br></p>]]></text>
 </subqtext>
 <feedback format="html">
<text></text>
 </feedback>
 <correctfeedback format="html">
<text></text>
 </correctfeedback>
 <partiallycorrectfeedback format="html">
<text></text>
 </partiallycorrectfeedback>
 <incorrectfeedback format="html">
<text></text>
 </incorrectfeedback>
</answers>
<answers>
 <partindex>
  <text>2</text>
 </partindex>
 <placeholder>
  <text></text>
 </placeholder>
 <answermark>
  <text>1</text>
 </answermark>
 <answertype>
  <text>10</text>
 </answertype>
 <numbox>
  <text>3</text>
 </numbox>
 <vars1>
  <text></text>
 </vars1>
 <answer>
  <text>[a32, a33, f3]</text>
 </answer>
 <vars2>
  <text></text>
 </vars2>
 <correctness>
  <text><![CDATA[_relerr < 0.01]]></text>
 </correctness>
 <unitpenalty>
  <text>1</text>
 </unitpenalty>
 <postunit>
  <text></text>
 </postunit>
 <ruleid>
  <text>1</text>
 </ruleid>
 <otherrule>
  <text></text>
 </otherrule>
 <subqtext format="html">
<text><![CDATA[<p>3. rovnice: {_0}Y\(_2 +\) {_1}Y\(_3 =\) {_2}<br></p>]]></text>
 </subqtext>
 <feedback format="html">
<text></text>
 </feedback>
 <correctfeedback format="html">
<text></text>
 </correctfeedback>
 <partiallycorrectfeedback format="html">
<text></text>
 </partiallycorrectfeedback>
 <incorrectfeedback format="html">
<text></text>
 </incorrectfeedback>
</answers>
    <hint format="html">
      <text><![CDATA[<p>--<br></p>]]></text>
    </hint>
    <hint format="html">
      <text><![CDATA[<p>--<br></p>]]></text>
    </hint>
  </question>

<!-- question: 135588  -->
  <question type="formulas">
    <name>
      <text>okrajová pro ODR 7.</text>
    </name>
    <questiontext format="html">
      <text><![CDATA[Je dána okrajová úloha :<br><p>$$ -\left((x-1)y^\prime\right)^\prime +x y = |3-x|,\quad  y(2)=1,\ y(4)=0$$</p><p>Volte krok \(h=0.5\) a sestavte soustavu lineárních rovnic pro řešení této úlohy metodou sítí.<br></p>]]></text>
    </questiontext>
    <generalfeedback format="html">
      <text><![CDATA[<p>Soustavu rovnic sestavujeme podle schématu</p><p>$$-p_{i-\frac12}{\rm Y}_{i-1}+\left(p_{i-\frac12}+p_{i+\frac12}+h^2q_i\right){\rm Y}_i-p_{i+\frac12}{\rm Y}_{i+1}=h^2f_i,$$
kde \( p(x) = x-1,\ q(x) = x,\ f(x) = |x-3|\), <br></p><p>\( x_0 = 2,\ x_1 = 2.5,\ x_2 = 3,\ x_3 = 3.5,\ x_5 = 4\)</p><p>Y\(_0 = 1\), Y\(_4 = 0\), Y\(_1\), Y\(_2\), Y\(_3\), jsou neznámé.<br></p>]]></text>
    </generalfeedback>
    <defaultgrade>3.0000000</defaultgrade>
    <penalty>0.0000000</penalty>
    <hidden>0</hidden>
    <idnumber></idnumber>
    <correctfeedback format="html">
      <text>Vaše odpověď je správná.</text>
    </correctfeedback>
    <partiallycorrectfeedback format="html">
      <text>Vaše odpověď je částečně správná.</text>
    </partiallycorrectfeedback>
    <incorrectfeedback format="html">
      <text>Vaše odpověď je chybná.</text>
    </incorrectfeedback>
    <shownumcorrect/>
<varsrandom><text></text>
</varsrandom>
<varsglobal><text>a11 = 3.625; a12 = -1.75; f1 = 1.375;
a21 = -1.75; a22 = 4.75; a23 = -2.25; f2 = 0;
a32 = -2.25; a33 = 5.875; f3 =0.125;</text>
</varsglobal>
<answernumbering><text>abc</text>
</answernumbering>
<answers>
 <partindex>
  <text>0</text>
 </partindex>
 <placeholder>
  <text></text>
 </placeholder>
 <answermark>
  <text>1</text>
 </answermark>
 <answertype>
  <text>10</text>
 </answertype>
 <numbox>
  <text>3</text>
 </numbox>
 <vars1>
  <text></text>
 </vars1>
 <answer>
  <text>[a11, a12, f1]</text>
 </answer>
 <vars2>
  <text></text>
 </vars2>
 <correctness>
  <text><![CDATA[_relerr < 0.01]]></text>
 </correctness>
 <unitpenalty>
  <text>1</text>
 </unitpenalty>
 <postunit>
  <text></text>
 </postunit>
 <ruleid>
  <text>1</text>
 </ruleid>
 <otherrule>
  <text></text>
 </otherrule>
 <subqtext format="html">
<text><![CDATA[<p>1. rovnice : {_0}Y\(_1 +\) {_1}Y\(_2 =\) {_2}<br></p>]]></text>
 </subqtext>
 <feedback format="html">
<text></text>
 </feedback>
 <correctfeedback format="html">
<text></text>
 </correctfeedback>
 <partiallycorrectfeedback format="html">
<text></text>
 </partiallycorrectfeedback>
 <incorrectfeedback format="html">
<text></text>
 </incorrectfeedback>
</answers>
<answers>
 <partindex>
  <text>1</text>
 </partindex>
 <placeholder>
  <text></text>
 </placeholder>
 <answermark>
  <text>1</text>
 </answermark>
 <answertype>
  <text>10</text>
 </answertype>
 <numbox>
  <text>4</text>
 </numbox>
 <vars1>
  <text></text>
 </vars1>
 <answer>
  <text>[a21, a22, a23, f2]</text>
 </answer>
 <vars2>
  <text></text>
 </vars2>
 <correctness>
  <text><![CDATA[_relerr < 0.01]]></text>
 </correctness>
 <unitpenalty>
  <text>1</text>
 </unitpenalty>
 <postunit>
  <text></text>
 </postunit>
 <ruleid>
  <text>1</text>
 </ruleid>
 <otherrule>
  <text></text>
 </otherrule>
 <subqtext format="html">
<text><![CDATA[<p>2. rovnice : {_0}Y\(_1 +\) {_1}Y\(_2 + \) {_2}Y\(_3 =\) {_3}<br></p>]]></text>
 </subqtext>
 <feedback format="html">
<text></text>
 </feedback>
 <correctfeedback format="html">
<text></text>
 </correctfeedback>
 <partiallycorrectfeedback format="html">
<text></text>
 </partiallycorrectfeedback>
 <incorrectfeedback format="html">
<text></text>
 </incorrectfeedback>
</answers>
<answers>
 <partindex>
  <text>2</text>
 </partindex>
 <placeholder>
  <text></text>
 </placeholder>
 <answermark>
  <text>1</text>
 </answermark>
 <answertype>
  <text>10</text>
 </answertype>
 <numbox>
  <text>3</text>
 </numbox>
 <vars1>
  <text></text>
 </vars1>
 <answer>
  <text>[a32, a33, f3]</text>
 </answer>
 <vars2>
  <text></text>
 </vars2>
 <correctness>
  <text><![CDATA[_relerr < 0.01]]></text>
 </correctness>
 <unitpenalty>
  <text>1</text>
 </unitpenalty>
 <postunit>
  <text></text>
 </postunit>
 <ruleid>
  <text>1</text>
 </ruleid>
 <otherrule>
  <text></text>
 </otherrule>
 <subqtext format="html">
<text><![CDATA[<p>3. rovnice: {_0}Y\(_2 +\) {_1}Y\(_3 =\) {_2}<br></p>]]></text>
 </subqtext>
 <feedback format="html">
<text></text>
 </feedback>
 <correctfeedback format="html">
<text></text>
 </correctfeedback>
 <partiallycorrectfeedback format="html">
<text></text>
 </partiallycorrectfeedback>
 <incorrectfeedback format="html">
<text></text>
 </incorrectfeedback>
</answers>
    <hint format="html">
      <text><![CDATA[<p>--<br></p>]]></text>
    </hint>
    <hint format="html">
      <text><![CDATA[<p>--<br></p>]]></text>
    </hint>
  </question>

<!-- question: 0  -->
  <question type="category">
    <category>
      <text>$course$/top/Výchozí v B192-2011049/okrajová pro ODR/nekorektni interval</text>
    </category>
    <info format="html">
      <text></text>
    </info>
    <idnumber></idnumber>
  </question>

<!-- question: 135586  -->
  <question type="formulas">
    <name>
      <text>okrajová pro ODR 6.</text>
    </name>
    <questiontext format="html">
      <text><![CDATA[Je dána okrajová úloha :<br><p>$$ -\left(x^2y^\prime\right)^\prime +(x+2) y = -x,\quad  y(-1)=3,\ y(3)=1$$</p><p>Volte krok \(h=1\) a sestavte soustavu lineárních rovnic pro řešení této úlohy metodou sítí.<br></p>]]></text>
    </questiontext>
    <generalfeedback format="html">
      <text><![CDATA[<p>Soustavu rovnic sestavujeme podle schématu</p><p>$$-p_{i-\frac12}{\rm Y}_{i-1}+\left(p_{i-\frac12}+p_{i+\frac12}+h^2q_i\right){\rm Y}_i-p_{i+\frac12}{\rm Y}_{i+1}=h^2f_i,$$
kde \( p(x) = x^2,\ q(x) = x+2,\ f(x) = -x\), <br></p><p>\( x_0 = -1,\ x_1 = 0,\ x_2 = 1,\ x_3 = 2,\ x_5 = 3\)</p><p>Y\(_0 = 3\), Y\(_4 = 1\), Y\(_1\), Y\(_2\), Y\(_3\), jsou neznámé.<br></p>]]></text>
    </generalfeedback>
    <defaultgrade>3.0000000</defaultgrade>
    <penalty>0.0000000</penalty>
    <hidden>0</hidden>
    <idnumber></idnumber>
    <correctfeedback format="html">
      <text>Vaše odpověď je správná.</text>
    </correctfeedback>
    <partiallycorrectfeedback format="html">
      <text>Vaše odpověď je částečně správná.</text>
    </partiallycorrectfeedback>
    <incorrectfeedback format="html">
      <text>Vaše odpověď je chybná.</text>
    </incorrectfeedback>
    <shownumcorrect/>
<varsrandom><text></text>
</varsrandom>
<varsglobal><text>a11 = 2.5; a12 = -0.25; f1 = 0.75;
a21 = -0.25; a22 = 5.5; a23 = -2.25; f2 = -1;
a32 = -2.25; a33 = 12.5; f3 =4.25;</text>
</varsglobal>
<answernumbering><text>abc</text>
</answernumbering>
<answers>
 <partindex>
  <text>0</text>
 </partindex>
 <placeholder>
  <text></text>
 </placeholder>
 <answermark>
  <text>1</text>
 </answermark>
 <answertype>
  <text>10</text>
 </answertype>
 <numbox>
  <text>3</text>
 </numbox>
 <vars1>
  <text></text>
 </vars1>
 <answer>
  <text>[a11, a12, f1]</text>
 </answer>
 <vars2>
  <text></text>
 </vars2>
 <correctness>
  <text><![CDATA[_relerr < 0.01]]></text>
 </correctness>
 <unitpenalty>
  <text>1</text>
 </unitpenalty>
 <postunit>
  <text></text>
 </postunit>
 <ruleid>
  <text>1</text>
 </ruleid>
 <otherrule>
  <text></text>
 </otherrule>
 <subqtext format="html">
<text><![CDATA[<p>1. rovnice : {_0}Y\(_1 +\) {_1}Y\(_2 =\) {_2}<br></p>]]></text>
 </subqtext>
 <feedback format="html">
<text></text>
 </feedback>
 <correctfeedback format="html">
<text></text>
 </correctfeedback>
 <partiallycorrectfeedback format="html">
<text></text>
 </partiallycorrectfeedback>
 <incorrectfeedback format="html">
<text></text>
 </incorrectfeedback>
</answers>
<answers>
 <partindex>
  <text>1</text>
 </partindex>
 <placeholder>
  <text></text>
 </placeholder>
 <answermark>
  <text>1</text>
 </answermark>
 <answertype>
  <text>10</text>
 </answertype>
 <numbox>
  <text>4</text>
 </numbox>
 <vars1>
  <text></text>
 </vars1>
 <answer>
  <text>[a21, a22, a23, f2]</text>
 </answer>
 <vars2>
  <text></text>
 </vars2>
 <correctness>
  <text><![CDATA[_relerr < 0.01]]></text>
 </correctness>
 <unitpenalty>
  <text>1</text>
 </unitpenalty>
 <postunit>
  <text></text>
 </postunit>
 <ruleid>
  <text>1</text>
 </ruleid>
 <otherrule>
  <text></text>
 </otherrule>
 <subqtext format="html">
<text><![CDATA[<p>2. rovnice : {_0}Y\(_1 +\) {_1}Y\(_2 + \) {_2}Y\(_3 =\) {_3}<br></p>]]></text>
 </subqtext>
 <feedback format="html">
<text></text>
 </feedback>
 <correctfeedback format="html">
<text></text>
 </correctfeedback>
 <partiallycorrectfeedback format="html">
<text></text>
 </partiallycorrectfeedback>
 <incorrectfeedback format="html">
<text></text>
 </incorrectfeedback>
</answers>
<answers>
 <partindex>
  <text>2</text>
 </partindex>
 <placeholder>
  <text></text>
 </placeholder>
 <answermark>
  <text>1</text>
 </answermark>
 <answertype>
  <text>10</text>
 </answertype>
 <numbox>
  <text>3</text>
 </numbox>
 <vars1>
  <text></text>
 </vars1>
 <answer>
  <text>[a32, a33, f3]</text>
 </answer>
 <vars2>
  <text></text>
 </vars2>
 <correctness>
  <text><![CDATA[_relerr < 0.01]]></text>
 </correctness>
 <unitpenalty>
  <text>1</text>
 </unitpenalty>
 <postunit>
  <text></text>
 </postunit>
 <ruleid>
  <text>1</text>
 </ruleid>
 <otherrule>
  <text></text>
 </otherrule>
 <subqtext format="html">
<text><![CDATA[<p>3. rovnice: {_0}Y\(_2 +\) {_1}Y\(_3 =\) {_2}<br></p>]]></text>
 </subqtext>
 <feedback format="html">
<text></text>
 </feedback>
 <correctfeedback format="html">
<text></text>
 </correctfeedback>
 <partiallycorrectfeedback format="html">
<text></text>
 </partiallycorrectfeedback>
 <incorrectfeedback format="html">
<text></text>
 </incorrectfeedback>
</answers>
    <hint format="html">
      <text><![CDATA[<p>--<br></p>]]></text>
    </hint>
    <hint format="html">
      <text><![CDATA[<p>--<br></p>]]></text>
    </hint>
  </question>

<!-- question: 143375  -->
  <question type="formulas">
    <name>
      <text>okrajová pro ODR 6. Z</text>
    </name>
    <questiontext format="html">
      <text><![CDATA[Je dána okrajová úloha :<br><p>$$ -\left(x^2y^\prime\right)^\prime +(x+2) y = -x,\quad  y(-1)=3,\ y(3)=1$$</p><p>Volte krok \(h=1\) a sestavte soustavu lineárních rovnic pro řešení této úlohy metodou sítí.<br></p>]]></text>
    </questiontext>
    <generalfeedback format="html">
      <text><![CDATA[<p>Soustavu rovnic sestavujeme podle schématu</p><p>$$-p_{i-\frac12}{\rm Y}_{i-1}+\left(p_{i-\frac12}+p_{i+\frac12}+h^2q_i\right){\rm Y}_i-p_{i+\frac12}{\rm Y}_{i+1}=h^2f_i,$$
kde \( p(x) = x^2,\ q(x) = x+2,\ f(x) = -x\), <br></p><p>\( x_0 = -1,\ x_1 = 0,\ x_2 = 1,\ x_3 = 2,\ x_5 = 3\)</p><p>Y\(_0 = 3\), Y\(_4 = 1\), Y\(_1\), Y\(_2\), Y\(_3\), jsou neznámé.<br></p>]]></text>
    </generalfeedback>
    <defaultgrade>3.0000000</defaultgrade>
    <penalty>0.0000000</penalty>
    <hidden>0</hidden>
    <idnumber></idnumber>
    <correctfeedback format="html">
      <text>Vaše odpověď je správná.</text>
    </correctfeedback>
    <partiallycorrectfeedback format="html">
      <text>Vaše odpověď je částečně správná.</text>
    </partiallycorrectfeedback>
    <incorrectfeedback format="html">
      <text>Vaše odpověď je chybná.</text>
    </incorrectfeedback>
    <shownumcorrect/>
<varsrandom><text></text>
</varsrandom>
<varsglobal><text>a11 = 2.5; a12 = -0.25; f1 = 0.75;
a21 = -0.25; a22 = 5.5; a23 = -2.25; f2 = -1;
a32 = -2.25; a33 = 12.5; f3 =4.25;</text>
</varsglobal>
<answernumbering><text>abc</text>
</answernumbering>
<answers>
 <partindex>
  <text>0</text>
 </partindex>
 <placeholder>
  <text></text>
 </placeholder>
 <answermark>
  <text>1</text>
 </answermark>
 <answertype>
  <text>10</text>
 </answertype>
 <numbox>
  <text>3</text>
 </numbox>
 <vars1>
  <text></text>
 </vars1>
 <answer>
  <text>[a11, a12, f1]</text>
 </answer>
 <vars2>
  <text></text>
 </vars2>
 <correctness>
  <text><![CDATA[_relerr < 0.01]]></text>
 </correctness>
 <unitpenalty>
  <text>1</text>
 </unitpenalty>
 <postunit>
  <text></text>
 </postunit>
 <ruleid>
  <text>1</text>
 </ruleid>
 <otherrule>
  <text></text>
 </otherrule>
 <subqtext format="html">
<text><![CDATA[<p>1. rovnice : {_0}Y\(_1 +\) {_1}Y\(_2 =\) {_2}<br></p>]]></text>
 </subqtext>
 <feedback format="html">
<text></text>
 </feedback>
 <correctfeedback format="html">
<text></text>
 </correctfeedback>
 <partiallycorrectfeedback format="html">
<text></text>
 </partiallycorrectfeedback>
 <incorrectfeedback format="html">
<text></text>
 </incorrectfeedback>
</answers>
<answers>
 <partindex>
  <text>1</text>
 </partindex>
 <placeholder>
  <text></text>
 </placeholder>
 <answermark>
  <text>1</text>
 </answermark>
 <answertype>
  <text>10</text>
 </answertype>
 <numbox>
  <text>4</text>
 </numbox>
 <vars1>
  <text></text>
 </vars1>
 <answer>
  <text>[a21, a22, a23, f2]</text>
 </answer>
 <vars2>
  <text></text>
 </vars2>
 <correctness>
  <text><![CDATA[_relerr < 0.01]]></text>
 </correctness>
 <unitpenalty>
  <text>1</text>
 </unitpenalty>
 <postunit>
  <text></text>
 </postunit>
 <ruleid>
  <text>1</text>
 </ruleid>
 <otherrule>
  <text></text>
 </otherrule>
 <subqtext format="html">
<text><![CDATA[<p>2. rovnice : {_0}Y\(_1 +\) {_1}Y\(_2 + \) {_2}Y\(_3 =\) {_3}<br></p>]]></text>
 </subqtext>
 <feedback format="html">
<text></text>
 </feedback>
 <correctfeedback format="html">
<text></text>
 </correctfeedback>
 <partiallycorrectfeedback format="html">
<text></text>
 </partiallycorrectfeedback>
 <incorrectfeedback format="html">
<text></text>
 </incorrectfeedback>
</answers>
<answers>
 <partindex>
  <text>2</text>
 </partindex>
 <placeholder>
  <text></text>
 </placeholder>
 <answermark>
  <text>1</text>
 </answermark>
 <answertype>
  <text>10</text>
 </answertype>
 <numbox>
  <text>3</text>
 </numbox>
 <vars1>
  <text></text>
 </vars1>
 <answer>
  <text>[a32, a33, f3]</text>
 </answer>
 <vars2>
  <text></text>
 </vars2>
 <correctness>
  <text><![CDATA[_relerr < 0.01]]></text>
 </correctness>
 <unitpenalty>
  <text>1</text>
 </unitpenalty>
 <postunit>
  <text></text>
 </postunit>
 <ruleid>
  <text>1</text>
 </ruleid>
 <otherrule>
  <text></text>
 </otherrule>
 <subqtext format="html">
<text><![CDATA[<p>3. rovnice: {_0}Y\(_2 +\) {_1}Y\(_3 =\) {_2}<br></p>]]></text>
 </subqtext>
 <feedback format="html">
<text></text>
 </feedback>
 <correctfeedback format="html">
<text></text>
 </correctfeedback>
 <partiallycorrectfeedback format="html">
<text></text>
 </partiallycorrectfeedback>
 <incorrectfeedback format="html">
<text></text>
 </incorrectfeedback>
</answers>
    <hint format="html">
      <text><![CDATA[<p>--<br></p>]]></text>
    </hint>
    <hint format="html">
      <text><![CDATA[<p>--<br></p>]]></text>
    </hint>
  </question>

</quiz>