<?xml version="1.0" encoding="UTF-8"?>
<quiz>
<!-- question: 0  -->
  <question type="category">
    <category>
      <text>$course$/top/Výchozí v B192-2011049/zápočet</text>
    </category>
    <info format="html">
      <text><![CDATA[<p>pokusný zápočtový test<br></p>]]></text>
    </info>
    <idnumber></idnumber>
  </question>

<!-- question: 0  -->
  <question type="category">
    <category>
      <text>$course$/top/Výchozí v B192-2011049/zápočet/druhý příklad</text>
    </category>
    <info format="html">
      <text><![CDATA[<p>Cauchyova úloha<br></p>]]></text>
    </info>
    <idnumber></idnumber>
  </question>

<!-- question: 143409  -->
  <question type="formulas">
    <name>
      <text>Collatz - soustava, 2 kroky a. Z</text>
    </name>
    <questiontext format="html">
      <text><![CDATA[<p>Je zadaná Cauchyova úloha pro soustavu rovnic:</p><p>\(\begin{array}{lcllcr}y_1^\prime&amp;=&amp;\displaystyle \frac{y_1}{x+y_3},&amp;y_1({x0}) &amp;=&amp; {Y0[0]}\\y_2^\prime&amp;=&amp;\displaystyle \sqrt{y_2+1},&amp;y_2({x0}) &amp;=&amp; {Y0[1]}\\y_3^\prime&amp;=&amp;y_1 -2y_3,&amp;y_3({x0}) &amp;=&amp; {Y0[2]}\end{array}\)</p><p>Volte krok \(h = \){h} a počítejte Collatzovou metodou. Dílčí výpočty zapisujte do řádků.<br></p>]]></text>
    </questiontext>
    <generalfeedback format="html">
      <text></text>
    </generalfeedback>
    <defaultgrade>9.0000000</defaultgrade>
    <penalty>0.0000000</penalty>
    <hidden>0</hidden>
    <idnumber></idnumber>
    <correctfeedback format="html">
      <text>Vaše odpověď je správná.</text>
    </correctfeedback>
    <partiallycorrectfeedback format="html">
      <text>Vaše odpověď je částečně správná.</text>
    </partiallycorrectfeedback>
    <incorrectfeedback format="html">
      <text>Vaše odpověď je chybná.</text>
    </incorrectfeedback>
    <shownumcorrect/>
<varsrandom><text>h={ -0.2, 0.2, 0.4}</text>
</varsrandom>
<varsglobal><text>x0=-3;
Y0 = [-1,0,1];
k11 = [Y0[0]/(x0 + Y0[2]), sqrt(Y0[1] +1), Y0[0]-2*Y0[2]];
Ypom1 = [Y0[0] + h/2*k11[0], Y0[1] + h/2*k11[1], Y0[2] + h/2*k11[2]];
x0h = x0+h/2;
k21 = [Ypom1[0]/(x0h + Ypom1[2]), sqrt(Ypom1[1] +1), Ypom1[0]-2*Ypom1[2]];
Y1 =  [Y0[0] + h*k21[0], Y0[1] + h*k21[1], Y0[2] + h*k21[2]];
x1=x0+h; x1h = x1+h/2;
k12 = [Y1[0]/(x1 + Y1[2]), sqrt(Y1[1] +1), Y1[0]-2*Y1[2]];
Ypom2 = [Y1[0] + h/2*k12[0], Y1[1] + h/2*k12[1], Y1[2] + h/2*k12[2]];
k22 = [Ypom2[0]/(x1h + Ypom2[2]), sqrt(Ypom2[1] +1), Ypom2[0]-2*Ypom2[2]];
Y2 =  [Y1[0] + h*k22[0], Y1[1] + h*k22[1], Y1[2] + h*k22[2]];
x2 = x1+h;

</text>
</varsglobal>
<answernumbering><text>abc</text>
</answernumbering>
<answers>
 <partindex>
  <text>0</text>
 </partindex>
 <placeholder>
  <text></text>
 </placeholder>
 <answermark>
  <text>1</text>
 </answermark>
 <answertype>
  <text>10</text>
 </answertype>
 <numbox>
  <text>3</text>
 </numbox>
 <vars1>
  <text></text>
 </vars1>
 <answer>
  <text>k11</text>
 </answer>
 <vars2>
  <text></text>
 </vars2>
 <correctness>
  <text><![CDATA[_err < 0.1]]></text>
 </correctness>
 <unitpenalty>
  <text>1</text>
 </unitpenalty>
 <postunit>
  <text></text>
 </postunit>
 <ruleid>
  <text>1</text>
 </ruleid>
 <otherrule>
  <text></text>
 </otherrule>
 <subqtext format="html">
<text><![CDATA[<p><b>První krok:</b><br></p><p>Určete \(k_1 = F(x_0, Y_0),\quad k_1 = \) ({_0}, {_1}, {_2})</p>]]></text>
 </subqtext>
 <feedback format="html">
<text></text>
 </feedback>
 <correctfeedback format="html">
<text><![CDATA[<p>ok<br></p>]]></text>
 </correctfeedback>
 <partiallycorrectfeedback format="html">
<text></text>
 </partiallycorrectfeedback>
 <incorrectfeedback format="html">
<text><![CDATA[<p>chybně<br></p>]]></text>
 </incorrectfeedback>
</answers>
<answers>
 <partindex>
  <text>1</text>
 </partindex>
 <placeholder>
  <text></text>
 </placeholder>
 <answermark>
  <text>1</text>
 </answermark>
 <answertype>
  <text>10</text>
 </answertype>
 <numbox>
  <text>3</text>
 </numbox>
 <vars1>
  <text></text>
 </vars1>
 <answer>
  <text>Ypom1</text>
 </answer>
 <vars2>
  <text></text>
 </vars2>
 <correctness>
  <text><![CDATA[_err < 0.1]]></text>
 </correctness>
 <unitpenalty>
  <text>1</text>
 </unitpenalty>
 <postunit>
  <text></text>
 </postunit>
 <ruleid>
  <text>1</text>
 </ruleid>
 <otherrule>
  <text></text>
 </otherrule>
 <subqtext format="html">
<text><![CDATA[<p>Určete \( \displaystyle Y_{pom} = Y_0 + \frac h2 \cdot k_1 ,\quad Y_{pom} =\) ({_0}, {_1}, {_2})</p>]]></text>
 </subqtext>
 <feedback format="html">
<text></text>
 </feedback>
 <correctfeedback format="html">
<text><![CDATA[<p>ok<br></p>]]></text>
 </correctfeedback>
 <partiallycorrectfeedback format="html">
<text></text>
 </partiallycorrectfeedback>
 <incorrectfeedback format="html">
<text><![CDATA[<p>chybně<br></p>]]></text>
 </incorrectfeedback>
</answers>
<answers>
 <partindex>
  <text>2</text>
 </partindex>
 <placeholder>
  <text></text>
 </placeholder>
 <answermark>
  <text>1</text>
 </answermark>
 <answertype>
  <text>10</text>
 </answertype>
 <numbox>
  <text>3</text>
 </numbox>
 <vars1>
  <text></text>
 </vars1>
 <answer>
  <text>k21</text>
 </answer>
 <vars2>
  <text></text>
 </vars2>
 <correctness>
  <text><![CDATA[_err < 0.1]]></text>
 </correctness>
 <unitpenalty>
  <text>1</text>
 </unitpenalty>
 <postunit>
  <text></text>
 </postunit>
 <ruleid>
  <text>1</text>
 </ruleid>
 <otherrule>
  <text></text>
 </otherrule>
 <subqtext format="html">
<text><![CDATA[<p>Určete \(k_2 = F(x_0 +\frac h2, Y_{pom}) ,\quad k_2 = \) ({_0}, {_1}, {_2})</p>]]></text>
 </subqtext>
 <feedback format="html">
<text></text>
 </feedback>
 <correctfeedback format="html">
<text><![CDATA[<p>ok<br></p>]]></text>
 </correctfeedback>
 <partiallycorrectfeedback format="html">
<text></text>
 </partiallycorrectfeedback>
 <incorrectfeedback format="html">
<text><![CDATA[<p>chybně<br></p>]]></text>
 </incorrectfeedback>
</answers>
<answers>
 <partindex>
  <text>3</text>
 </partindex>
 <placeholder>
  <text></text>
 </placeholder>
 <answermark>
  <text>1</text>
 </answermark>
 <answertype>
  <text>10</text>
 </answertype>
 <numbox>
  <text>3</text>
 </numbox>
 <vars1>
  <text></text>
 </vars1>
 <answer>
  <text>Y1</text>
 </answer>
 <vars2>
  <text></text>
 </vars2>
 <correctness>
  <text><![CDATA[_err < 0.1]]></text>
 </correctness>
 <unitpenalty>
  <text>1</text>
 </unitpenalty>
 <postunit>
  <text></text>
 </postunit>
 <ruleid>
  <text>1</text>
 </ruleid>
 <otherrule>
  <text></text>
 </otherrule>
 <subqtext format="html">
<text>Určete \(Y_1 = Y_0 + h\cdot k_2,\quad Y_{1} =\) ({_0}, {_1}, {_2})</text>
 </subqtext>
 <feedback format="html">
<text></text>
 </feedback>
 <correctfeedback format="html">
<text><![CDATA[<p>ok<br></p>]]></text>
 </correctfeedback>
 <partiallycorrectfeedback format="html">
<text></text>
 </partiallycorrectfeedback>
 <incorrectfeedback format="html">
<text><![CDATA[<p>chybně<br></p>]]></text>
 </incorrectfeedback>
</answers>
<answers>
 <partindex>
  <text>4</text>
 </partindex>
 <placeholder>
  <text></text>
 </placeholder>
 <answermark>
  <text>1</text>
 </answermark>
 <answertype>
  <text>10</text>
 </answertype>
 <numbox>
  <text>3</text>
 </numbox>
 <vars1>
  <text></text>
 </vars1>
 <answer>
  <text>k12</text>
 </answer>
 <vars2>
  <text></text>
 </vars2>
 <correctness>
  <text><![CDATA[_err < 0.1]]></text>
 </correctness>
 <unitpenalty>
  <text>1</text>
 </unitpenalty>
 <postunit>
  <text></text>
 </postunit>
 <ruleid>
  <text>1</text>
 </ruleid>
 <otherrule>
  <text></text>
 </otherrule>
 <subqtext format="html">
<text><![CDATA[<p></p><p><b>Druhý krok: </b>\( x_1\) = {x1}.<br></p><p>Určete \(k_1 = F(x_1, Y_1),\quad k_1 = \) ({_0}, {_1}, {_2})</p><br><p></p>]]></text>
 </subqtext>
 <feedback format="html">
<text></text>
 </feedback>
 <correctfeedback format="html">
<text><![CDATA[<p>ok<br></p>]]></text>
 </correctfeedback>
 <partiallycorrectfeedback format="html">
<text></text>
 </partiallycorrectfeedback>
 <incorrectfeedback format="html">
<text><![CDATA[<p>chybně<br></p>]]></text>
 </incorrectfeedback>
</answers>
<answers>
 <partindex>
  <text>5</text>
 </partindex>
 <placeholder>
  <text></text>
 </placeholder>
 <answermark>
  <text>1</text>
 </answermark>
 <answertype>
  <text>10</text>
 </answertype>
 <numbox>
  <text>3</text>
 </numbox>
 <vars1>
  <text></text>
 </vars1>
 <answer>
  <text>Ypom2</text>
 </answer>
 <vars2>
  <text></text>
 </vars2>
 <correctness>
  <text><![CDATA[_err < 0.1]]></text>
 </correctness>
 <unitpenalty>
  <text>1</text>
 </unitpenalty>
 <postunit>
  <text></text>
 </postunit>
 <ruleid>
  <text>1</text>
 </ruleid>
 <otherrule>
  <text></text>
 </otherrule>
 <subqtext format="html">
<text><![CDATA[<p>Určete \( \displaystyle Y_{pom} = Y_1 + \frac h2 \cdot k_1 ,\quad Y_{pom} =\) ({_0}, {_1}, {_2})<br></p>]]></text>
 </subqtext>
 <feedback format="html">
<text></text>
 </feedback>
 <correctfeedback format="html">
<text><![CDATA[<p>ok<br></p>]]></text>
 </correctfeedback>
 <partiallycorrectfeedback format="html">
<text></text>
 </partiallycorrectfeedback>
 <incorrectfeedback format="html">
<text><![CDATA[<p>chybně<br></p>]]></text>
 </incorrectfeedback>
</answers>
<answers>
 <partindex>
  <text>6</text>
 </partindex>
 <placeholder>
  <text></text>
 </placeholder>
 <answermark>
  <text>1</text>
 </answermark>
 <answertype>
  <text>10</text>
 </answertype>
 <numbox>
  <text>3</text>
 </numbox>
 <vars1>
  <text></text>
 </vars1>
 <answer>
  <text>k22</text>
 </answer>
 <vars2>
  <text></text>
 </vars2>
 <correctness>
  <text><![CDATA[_err < 0.1]]></text>
 </correctness>
 <unitpenalty>
  <text>1</text>
 </unitpenalty>
 <postunit>
  <text></text>
 </postunit>
 <ruleid>
  <text>1</text>
 </ruleid>
 <otherrule>
  <text></text>
 </otherrule>
 <subqtext format="html">
<text><![CDATA[<p>Určete \(k_2 = F(x_1 +\frac h2, Y_{pom}) ,\quad k_2 = \) ({_0}, {_1}, {_2})<br></p>]]></text>
 </subqtext>
 <feedback format="html">
<text></text>
 </feedback>
 <correctfeedback format="html">
<text><![CDATA[<p>ok<br></p>]]></text>
 </correctfeedback>
 <partiallycorrectfeedback format="html">
<text></text>
 </partiallycorrectfeedback>
 <incorrectfeedback format="html">
<text><![CDATA[<p>chybně<br></p>]]></text>
 </incorrectfeedback>
</answers>
<answers>
 <partindex>
  <text>7</text>
 </partindex>
 <placeholder>
  <text></text>
 </placeholder>
 <answermark>
  <text>1</text>
 </answermark>
 <answertype>
  <text>10</text>
 </answertype>
 <numbox>
  <text>3</text>
 </numbox>
 <vars1>
  <text></text>
 </vars1>
 <answer>
  <text>Y2</text>
 </answer>
 <vars2>
  <text></text>
 </vars2>
 <correctness>
  <text><![CDATA[_err < 0.1]]></text>
 </correctness>
 <unitpenalty>
  <text>1</text>
 </unitpenalty>
 <postunit>
  <text></text>
 </postunit>
 <ruleid>
  <text>1</text>
 </ruleid>
 <otherrule>
  <text></text>
 </otherrule>
 <subqtext format="html">
<text><![CDATA[<p>Určete \(Y_2 = Y_1 + h\cdot k_2,\quad Y_{2} =\) ({_0}, {_1}, {_2})<br></p>]]></text>
 </subqtext>
 <feedback format="html">
<text></text>
 </feedback>
 <correctfeedback format="html">
<text><![CDATA[<p>ok<br></p>]]></text>
 </correctfeedback>
 <partiallycorrectfeedback format="html">
<text></text>
 </partiallycorrectfeedback>
 <incorrectfeedback format="html">
<text><![CDATA[<p>chybně<br></p>]]></text>
 </incorrectfeedback>
</answers>
<answers>
 <partindex>
  <text>8</text>
 </partindex>
 <placeholder>
  <text></text>
 </placeholder>
 <answermark>
  <text>1</text>
 </answermark>
 <answertype>
  <text>10</text>
 </answertype>
 <numbox>
  <text>2</text>
 </numbox>
 <vars1>
  <text></text>
 </vars1>
 <answer>
  <text>[Y1[0], Y2[2]]</text>
 </answer>
 <vars2>
  <text></text>
 </vars2>
 <correctness>
  <text><![CDATA[_err < 0.1]]></text>
 </correctness>
 <unitpenalty>
  <text>1</text>
 </unitpenalty>
 <postunit>
  <text></text>
 </postunit>
 <ruleid>
  <text>1</text>
 </ruleid>
 <otherrule>
  <text></text>
 </otherrule>
 <subqtext format="html">
<text><![CDATA[<p><b>Interpretace výsledků:</b> Z vypočítaných hodnot&nbsp; uveďte :<br></p><p>a) přibližnou hodnotu y\(_1\) v bodě {x1}: {_0}</p><p>b) přibližnou hodnotu y\(_3\) v bodě {x2}: {_1}</p><p><br></p><p></p><br><p></p>]]></text>
 </subqtext>
 <feedback format="html">
<text></text>
 </feedback>
 <correctfeedback format="html">
<text><![CDATA[<p>ok<br></p>]]></text>
 </correctfeedback>
 <partiallycorrectfeedback format="html">
<text></text>
 </partiallycorrectfeedback>
 <incorrectfeedback format="html">
<text><![CDATA[<p>chybně<br></p>]]></text>
 </incorrectfeedback>
</answers>
    <hint format="html">
      <text><![CDATA[<p>--<br></p>]]></text>
    </hint>
    <hint format="html">
      <text><![CDATA[<p>--<br></p>]]></text>
    </hint>
  </question>

<!-- question: 143411  -->
  <question type="formulas">
    <name>
      <text>Collatz-převod a. Z</text>
    </name>
    <questiontext format="html">
      <text><![CDATA[<p>Je dána Cauchyova úloha pro neznámou funkci \(y(x)\).
$$y^{\prime\prime}=\frac{10}{x}-\frac{y^\prime}{x}-4\frac{y}{x^2}, \quad y({x0}) ={Y0[0]},\ y^\prime({x0}) ={Y0[1]} $$
Rovnici <b>převeďte na soustavu</b> 2 rovnic 1. řádu.</p>
Volte krok \(h = \) {h} a počítejte <b>Collatzovou metodou.</b> (výsledky zapisujte do řádků)]]></text>
    </questiontext>
    <generalfeedback format="html">
      <text></text>
    </generalfeedback>
    <defaultgrade>9.0000000</defaultgrade>
    <penalty>0.0000000</penalty>
    <hidden>0</hidden>
    <idnumber></idnumber>
    <correctfeedback format="html">
      <text>Vaše odpověď je správná.</text>
    </correctfeedback>
    <partiallycorrectfeedback format="html">
      <text>Vaše odpověď je částečně správná.</text>
    </partiallycorrectfeedback>
    <incorrectfeedback format="html">
      <text>Vaše odpověď je chybná.</text>
    </incorrectfeedback>
    <shownumcorrect/>
<varsrandom><text>h={ 0.2, 0.4,0.5};
x0={-2,1,2};yx={-3,-2,-1,0,1,2,3};yy={-3,-2,-1,0,1,2,3};</text>
</varsrandom>
<varsglobal><text>x0 = 1; x0h=x0+(h/2); x1 = x0+h; x1h = x1+(h/2); x2 = x1+h;
Y0 = [yx, yy];
k11 = [Y0[1], 10/x0-Y0[1]/x0-4*Y0[0]/(x0*x0)];
Ypom1 = [Y0[0] + (h/2)*k11[0], Y0[1] + (h/2)*k11[1]];
k21 = [Ypom1[1], 10/x0h-Ypom1[1]/x0h-4*Ypom1[0]/(x0h*x0h)];
Y1 = [Y0[0] + (h*k21[0]), Y0[1] + (h*k21[1])];
k12 = [Y1[1], 10/x1-Y1[1]/x1-4*Y1[0]/(x1*x1)];
Ypom2 = [Y1[0] + (h/2*k12[0]), Y1[1] + (h/2*k12[1])];
k22 = [Ypom2[1], 10/x1h-Ypom2[1]/x1h-4*Ypom2[0]/(x1h*x1h)];
Y2 = [Y1[0] + (h*k22[0]), Y1[1] + (h*k22[1])];</text>
</varsglobal>
<answernumbering><text>abc</text>
</answernumbering>
<answers>
 <partindex>
  <text>0</text>
 </partindex>
 <placeholder>
  <text></text>
 </placeholder>
 <answermark>
  <text>1</text>
 </answermark>
 <answertype>
  <text>10</text>
 </answertype>
 <numbox>
  <text>2</text>
 </numbox>
 <vars1>
  <text></text>
 </vars1>
 <answer>
  <text>k11</text>
 </answer>
 <vars2>
  <text></text>
 </vars2>
 <correctness>
  <text><![CDATA[_err < 0.1]]></text>
 </correctness>
 <unitpenalty>
  <text>1</text>
 </unitpenalty>
 <postunit>
  <text></text>
 </postunit>
 <ruleid>
  <text>1</text>
 </ruleid>
 <otherrule>
  <text></text>
 </otherrule>
 <subqtext format="html">
<text><![CDATA[<p><b>První krok.</b><br><br>Určete \(k_1 = F(x_0, Y_0), \quad k_1 = \) ({_0}, {_1})<br><br></p>]]></text>
 </subqtext>
 <feedback format="html">
<text></text>
 </feedback>
 <correctfeedback format="html">
<text><![CDATA[<p>ok<br></p>]]></text>
 </correctfeedback>
 <partiallycorrectfeedback format="html">
<text></text>
 </partiallycorrectfeedback>
 <incorrectfeedback format="html">
<text><![CDATA[<p>chybně<br></p>]]></text>
 </incorrectfeedback>
</answers>
<answers>
 <partindex>
  <text>1</text>
 </partindex>
 <placeholder>
  <text></text>
 </placeholder>
 <answermark>
  <text>1</text>
 </answermark>
 <answertype>
  <text>10</text>
 </answertype>
 <numbox>
  <text>2</text>
 </numbox>
 <vars1>
  <text></text>
 </vars1>
 <answer>
  <text>Ypom1</text>
 </answer>
 <vars2>
  <text></text>
 </vars2>
 <correctness>
  <text><![CDATA[_err < 0.1]]></text>
 </correctness>
 <unitpenalty>
  <text>1</text>
 </unitpenalty>
 <postunit>
  <text></text>
 </postunit>
 <ruleid>
  <text>1</text>
 </ruleid>
 <otherrule>
  <text></text>
 </otherrule>
 <subqtext format="html">
<text><![CDATA[<p>Určete \( Y_{pom} = Y_0 + \frac h2 k_1,\quad Y_{pom = }\) ({_0}, {_1})<br></p>]]></text>
 </subqtext>
 <feedback format="html">
<text></text>
 </feedback>
 <correctfeedback format="html">
<text><![CDATA[<p>ok<br></p>]]></text>
 </correctfeedback>
 <partiallycorrectfeedback format="html">
<text></text>
 </partiallycorrectfeedback>
 <incorrectfeedback format="html">
<text><![CDATA[<p>chybně<br></p>]]></text>
 </incorrectfeedback>
</answers>
<answers>
 <partindex>
  <text>2</text>
 </partindex>
 <placeholder>
  <text></text>
 </placeholder>
 <answermark>
  <text>1</text>
 </answermark>
 <answertype>
  <text>10</text>
 </answertype>
 <numbox>
  <text>2</text>
 </numbox>
 <vars1>
  <text></text>
 </vars1>
 <answer>
  <text>k21</text>
 </answer>
 <vars2>
  <text></text>
 </vars2>
 <correctness>
  <text><![CDATA[_err < 0.1]]></text>
 </correctness>
 <unitpenalty>
  <text>1</text>
 </unitpenalty>
 <postunit>
  <text></text>
 </postunit>
 <ruleid>
  <text>1</text>
 </ruleid>
 <otherrule>
  <text></text>
 </otherrule>
 <subqtext format="html">
<text><![CDATA[<p>Určete \(k_2 = F(x_0 + \frac h2,\ Y_{pom}),\quad k_2 = \) ({_0}, {_1})<br></p>]]></text>
 </subqtext>
 <feedback format="html">
<text></text>
 </feedback>
 <correctfeedback format="html">
<text><![CDATA[<p>ok<br></p>]]></text>
 </correctfeedback>
 <partiallycorrectfeedback format="html">
<text></text>
 </partiallycorrectfeedback>
 <incorrectfeedback format="html">
<text><![CDATA[<p>chybně<br></p>]]></text>
 </incorrectfeedback>
</answers>
<answers>
 <partindex>
  <text>3</text>
 </partindex>
 <placeholder>
  <text></text>
 </placeholder>
 <answermark>
  <text>1</text>
 </answermark>
 <answertype>
  <text>10</text>
 </answertype>
 <numbox>
  <text>2</text>
 </numbox>
 <vars1>
  <text></text>
 </vars1>
 <answer>
  <text>Y1</text>
 </answer>
 <vars2>
  <text></text>
 </vars2>
 <correctness>
  <text><![CDATA[_err < 0.1]]></text>
 </correctness>
 <unitpenalty>
  <text>1</text>
 </unitpenalty>
 <postunit>
  <text></text>
 </postunit>
 <ruleid>
  <text>1</text>
 </ruleid>
 <otherrule>
  <text></text>
 </otherrule>
 <subqtext format="html">
<text>Určete \(Y_1 = Y_0 + h\cdot k_2,\quad Y_1 = \) ({_0}, {_1})</text>
 </subqtext>
 <feedback format="html">
<text></text>
 </feedback>
 <correctfeedback format="html">
<text><![CDATA[<p>ok<br></p>]]></text>
 </correctfeedback>
 <partiallycorrectfeedback format="html">
<text></text>
 </partiallycorrectfeedback>
 <incorrectfeedback format="html">
<text><![CDATA[<p>chybně<br></p>]]></text>
 </incorrectfeedback>
</answers>
<answers>
 <partindex>
  <text>4</text>
 </partindex>
 <placeholder>
  <text></text>
 </placeholder>
 <answermark>
  <text>1</text>
 </answermark>
 <answertype>
  <text>10</text>
 </answertype>
 <numbox>
  <text>2</text>
 </numbox>
 <vars1>
  <text></text>
 </vars1>
 <answer>
  <text>k12</text>
 </answer>
 <vars2>
  <text></text>
 </vars2>
 <correctness>
  <text><![CDATA[_err < 0.1]]></text>
 </correctness>
 <unitpenalty>
  <text>1</text>
 </unitpenalty>
 <postunit>
  <text></text>
 </postunit>
 <ruleid>
  <text>1</text>
 </ruleid>
 <otherrule>
  <text></text>
 </otherrule>
 <subqtext format="html">
<text><![CDATA[<p><b>Druhý krok.</b> \(x_1 =\) {x1}<br><br>Určete \(k_1 = F(x_1, Y_1), \quad k_1 = \) ({_0}, {_1})<br><br></p>]]></text>
 </subqtext>
 <feedback format="html">
<text></text>
 </feedback>
 <correctfeedback format="html">
<text><![CDATA[<p>ok<br></p>]]></text>
 </correctfeedback>
 <partiallycorrectfeedback format="html">
<text></text>
 </partiallycorrectfeedback>
 <incorrectfeedback format="html">
<text><![CDATA[<p>chybně<br></p>]]></text>
 </incorrectfeedback>
</answers>
<answers>
 <partindex>
  <text>5</text>
 </partindex>
 <placeholder>
  <text></text>
 </placeholder>
 <answermark>
  <text>1</text>
 </answermark>
 <answertype>
  <text>10</text>
 </answertype>
 <numbox>
  <text>2</text>
 </numbox>
 <vars1>
  <text></text>
 </vars1>
 <answer>
  <text>Ypom2</text>
 </answer>
 <vars2>
  <text></text>
 </vars2>
 <correctness>
  <text><![CDATA[_err < 0.1]]></text>
 </correctness>
 <unitpenalty>
  <text>1</text>
 </unitpenalty>
 <postunit>
  <text></text>
 </postunit>
 <ruleid>
  <text>1</text>
 </ruleid>
 <otherrule>
  <text></text>
 </otherrule>
 <subqtext format="html">
<text><![CDATA[<p>Určete \( Y_{pom} = Y_1 + \frac h2 k_1,\quad Y_{pom = }\) ({_0}, {_1})<br></p>]]></text>
 </subqtext>
 <feedback format="html">
<text></text>
 </feedback>
 <correctfeedback format="html">
<text><![CDATA[<p>ok<br></p>]]></text>
 </correctfeedback>
 <partiallycorrectfeedback format="html">
<text></text>
 </partiallycorrectfeedback>
 <incorrectfeedback format="html">
<text><![CDATA[<p>chybně<br></p>]]></text>
 </incorrectfeedback>
</answers>
<answers>
 <partindex>
  <text>6</text>
 </partindex>
 <placeholder>
  <text></text>
 </placeholder>
 <answermark>
  <text>1</text>
 </answermark>
 <answertype>
  <text>10</text>
 </answertype>
 <numbox>
  <text>2</text>
 </numbox>
 <vars1>
  <text></text>
 </vars1>
 <answer>
  <text>k22</text>
 </answer>
 <vars2>
  <text></text>
 </vars2>
 <correctness>
  <text><![CDATA[_err < 0.1]]></text>
 </correctness>
 <unitpenalty>
  <text>1</text>
 </unitpenalty>
 <postunit>
  <text></text>
 </postunit>
 <ruleid>
  <text>1</text>
 </ruleid>
 <otherrule>
  <text></text>
 </otherrule>
 <subqtext format="html">
<text><![CDATA[<p>Určete \(k_2 = F(x_1 + \frac h2,\ Y_{pom}),\quad k_2 = \) ({_0}, {_1})<br></p>]]></text>
 </subqtext>
 <feedback format="html">
<text></text>
 </feedback>
 <correctfeedback format="html">
<text><![CDATA[<p>ok<br></p>]]></text>
 </correctfeedback>
 <partiallycorrectfeedback format="html">
<text></text>
 </partiallycorrectfeedback>
 <incorrectfeedback format="html">
<text><![CDATA[<p>chybně<br></p>]]></text>
 </incorrectfeedback>
</answers>
<answers>
 <partindex>
  <text>7</text>
 </partindex>
 <placeholder>
  <text></text>
 </placeholder>
 <answermark>
  <text>1</text>
 </answermark>
 <answertype>
  <text>10</text>
 </answertype>
 <numbox>
  <text>2</text>
 </numbox>
 <vars1>
  <text></text>
 </vars1>
 <answer>
  <text>Y2</text>
 </answer>
 <vars2>
  <text></text>
 </vars2>
 <correctness>
  <text><![CDATA[_err < 0.1]]></text>
 </correctness>
 <unitpenalty>
  <text>1</text>
 </unitpenalty>
 <postunit>
  <text></text>
 </postunit>
 <ruleid>
  <text>1</text>
 </ruleid>
 <otherrule>
  <text></text>
 </otherrule>
 <subqtext format="html">
<text><![CDATA[<p>Určete \(Y_2 = Y_1 + h\cdot k_2,\quad Y_2 = \) ({_0}, {_1})<br></p>]]></text>
 </subqtext>
 <feedback format="html">
<text></text>
 </feedback>
 <correctfeedback format="html">
<text><![CDATA[<p>ok<br></p>]]></text>
 </correctfeedback>
 <partiallycorrectfeedback format="html">
<text></text>
 </partiallycorrectfeedback>
 <incorrectfeedback format="html">
<text><![CDATA[<p>chybně<br></p>]]></text>
 </incorrectfeedback>
</answers>
<answers>
 <partindex>
  <text>8</text>
 </partindex>
 <placeholder>
  <text></text>
 </placeholder>
 <answermark>
  <text>1</text>
 </answermark>
 <answertype>
  <text>10</text>
 </answertype>
 <numbox>
  <text>2</text>
 </numbox>
 <vars1>
  <text></text>
 </vars1>
 <answer>
  <text>[Y1[0], Y2[1]]</text>
 </answer>
 <vars2>
  <text></text>
 </vars2>
 <correctness>
  <text><![CDATA[_err < 0.1]]></text>
 </correctness>
 <unitpenalty>
  <text>1</text>
 </unitpenalty>
 <postunit>
  <text></text>
 </postunit>
 <ruleid>
  <text>1</text>
 </ruleid>
 <otherrule>
  <text></text>
 </otherrule>
 <subqtext format="html">
<text><![CDATA[<p>Interpretace výsledků. Z uvedených výsledků uveďte<br><br>a) přibližnou hodnotu \(y\) v bodě {x1} {_0}<br><br>b) přibližnou hodnotu \(y^\prime\) v bodě {x2} {_1}<br></p>]]></text>
 </subqtext>
 <feedback format="html">
<text></text>
 </feedback>
 <correctfeedback format="html">
<text><![CDATA[<p>ok<br></p>]]></text>
 </correctfeedback>
 <partiallycorrectfeedback format="html">
<text></text>
 </partiallycorrectfeedback>
 <incorrectfeedback format="html">
<text><![CDATA[<p>chybně<br></p>]]></text>
 </incorrectfeedback>
</answers>
    <hint format="html">
      <text><![CDATA[<p>--<br></p>]]></text>
    </hint>
    <hint format="html">
      <text><![CDATA[<p>--<br></p>]]></text>
    </hint>
  </question>

<!-- question: 143412  -->
  <question type="formulas">
    <name>
      <text>Collatz-převod a1 Z</text>
    </name>
    <questiontext format="html">
      <text><![CDATA[<p>Je dána Cauchyova úloha pro neznámou funkci \(y(x)\).
$$y^{\prime\prime\prime}=3y^{\prime\prime}-2y^\prime+y,\ y({x0})={Y0[0]},y^\prime({x0})={Y0[1]},\ y^{\prime\prime}({x0})={Y0[2]} $$
Rovnici <b>převeďte na soustavu</b> tří rovnic 1. řádu.</p>
Volte krok \(h = \) {h} a počítejte <b>Collatzovou metodou.</b> (výsledky zapisujte do řádků)]]></text>
    </questiontext>
    <generalfeedback format="html">
      <text></text>
    </generalfeedback>
    <defaultgrade>9.0000000</defaultgrade>
    <penalty>0.0000000</penalty>
    <hidden>0</hidden>
    <idnumber></idnumber>
    <correctfeedback format="html">
      <text>Vaše odpověď je správná.</text>
    </correctfeedback>
    <partiallycorrectfeedback format="html">
      <text>Vaše odpověď je částečně správná.</text>
    </partiallycorrectfeedback>
    <incorrectfeedback format="html">
      <text>Vaše odpověď je chybná.</text>
    </incorrectfeedback>
    <shownumcorrect/>
<varsrandom><text>h={ -0.4, -0.2, 0.2, 0.4,0.5};
x0 = {-4:4};
yx= {-4:4}; yy ={-4:4};  yz={-4:4};</text>
</varsrandom>
<varsglobal><text>x0h=x0+h/2; x1 = x0+h; x1h = x1+h/2; x2 = x1+h;
Y0 = [yx,yy,yz];
k11 = [Y0[1], Y0[2],3*Y0[2]-2*Y0[1] +Y0[0]];
Ypom1 = [Y0[0] +( h/2*k11[0]), Y0[1] + (h/2*k11[1]), Y0[2] +( h/2*k11[2]) ];
k21 = [Ypom1[1], Ypom1[2], 3*Ypom1[2]-2*Ypom1[1] +Ypom1[0]];
Y1 = [Y0[0] + (h*k21[0]), Y0[1] + (h*k21[1]), Y0[2]+(h*k21[2])];
k12 = [Y1[1], Y1[2],3*Y1[2]-2*Y1[1] +Y1[0]];
Ypom2 = [Y1[0] + (h/2*k12[0]), Y1[1] + (h/2*k12[1]), Y1[2]+ (h/2*k12[2])];
k22 = [Ypom2[1], Ypom2[2],3*Ypom2[2]-2*Ypom2[1] +Ypom2[0]];
Y2 = [Y1[0] + (h*k22[0]), Y1[1] + (h*k22[1]) , Y1[2]  +(h*k22[2] )];</text>
</varsglobal>
<answernumbering><text>abc</text>
</answernumbering>
<answers>
 <partindex>
  <text>0</text>
 </partindex>
 <placeholder>
  <text></text>
 </placeholder>
 <answermark>
  <text>1</text>
 </answermark>
 <answertype>
  <text>10</text>
 </answertype>
 <numbox>
  <text>3</text>
 </numbox>
 <vars1>
  <text></text>
 </vars1>
 <answer>
  <text>k11</text>
 </answer>
 <vars2>
  <text></text>
 </vars2>
 <correctness>
  <text><![CDATA[_err < 0.1]]></text>
 </correctness>
 <unitpenalty>
  <text>1</text>
 </unitpenalty>
 <postunit>
  <text></text>
 </postunit>
 <ruleid>
  <text>1</text>
 </ruleid>
 <otherrule>
  <text></text>
 </otherrule>
 <subqtext format="html">
<text><![CDATA[<p><b>První krok.</b><br><br>Určete \(k_1 = F(x_0, Y_0), \quad k_1 = \) ({_0}, {_1}, {_2})<br><br></p>]]></text>
 </subqtext>
 <feedback format="html">
<text></text>
 </feedback>
 <correctfeedback format="html">
<text><![CDATA[<p>ok<br></p>]]></text>
 </correctfeedback>
 <partiallycorrectfeedback format="html">
<text></text>
 </partiallycorrectfeedback>
 <incorrectfeedback format="html">
<text><![CDATA[<p>chybně<br></p>]]></text>
 </incorrectfeedback>
</answers>
<answers>
 <partindex>
  <text>1</text>
 </partindex>
 <placeholder>
  <text></text>
 </placeholder>
 <answermark>
  <text>1</text>
 </answermark>
 <answertype>
  <text>10</text>
 </answertype>
 <numbox>
  <text>3</text>
 </numbox>
 <vars1>
  <text></text>
 </vars1>
 <answer>
  <text>Ypom1</text>
 </answer>
 <vars2>
  <text></text>
 </vars2>
 <correctness>
  <text><![CDATA[_err < 0.1]]></text>
 </correctness>
 <unitpenalty>
  <text>1</text>
 </unitpenalty>
 <postunit>
  <text></text>
 </postunit>
 <ruleid>
  <text>1</text>
 </ruleid>
 <otherrule>
  <text></text>
 </otherrule>
 <subqtext format="html">
<text><![CDATA[<p>Určete \( Y_{pom} = Y_0 + \frac h2 k_1,\quad Y_{pom = }\) ({_0}, {_1}, {_2})<br></p>]]></text>
 </subqtext>
 <feedback format="html">
<text></text>
 </feedback>
 <correctfeedback format="html">
<text><![CDATA[<p>ok<br></p>]]></text>
 </correctfeedback>
 <partiallycorrectfeedback format="html">
<text></text>
 </partiallycorrectfeedback>
 <incorrectfeedback format="html">
<text><![CDATA[<p>chybně<br></p>]]></text>
 </incorrectfeedback>
</answers>
<answers>
 <partindex>
  <text>2</text>
 </partindex>
 <placeholder>
  <text></text>
 </placeholder>
 <answermark>
  <text>1</text>
 </answermark>
 <answertype>
  <text>10</text>
 </answertype>
 <numbox>
  <text>3</text>
 </numbox>
 <vars1>
  <text></text>
 </vars1>
 <answer>
  <text>k21</text>
 </answer>
 <vars2>
  <text></text>
 </vars2>
 <correctness>
  <text><![CDATA[_err < 0.1]]></text>
 </correctness>
 <unitpenalty>
  <text>1</text>
 </unitpenalty>
 <postunit>
  <text></text>
 </postunit>
 <ruleid>
  <text>1</text>
 </ruleid>
 <otherrule>
  <text></text>
 </otherrule>
 <subqtext format="html">
<text><![CDATA[<p>Určete \(k_2 = F(x_0 + \frac h2,\ Y_{pom}),\quad k_2 = \) ({_0}, {_1}, {_2})<br></p>]]></text>
 </subqtext>
 <feedback format="html">
<text></text>
 </feedback>
 <correctfeedback format="html">
<text><![CDATA[<p>ok<br></p>]]></text>
 </correctfeedback>
 <partiallycorrectfeedback format="html">
<text></text>
 </partiallycorrectfeedback>
 <incorrectfeedback format="html">
<text><![CDATA[<p>chybně<br></p>]]></text>
 </incorrectfeedback>
</answers>
<answers>
 <partindex>
  <text>3</text>
 </partindex>
 <placeholder>
  <text></text>
 </placeholder>
 <answermark>
  <text>1</text>
 </answermark>
 <answertype>
  <text>10</text>
 </answertype>
 <numbox>
  <text>3</text>
 </numbox>
 <vars1>
  <text></text>
 </vars1>
 <answer>
  <text>Y1</text>
 </answer>
 <vars2>
  <text></text>
 </vars2>
 <correctness>
  <text><![CDATA[_err < 0.1]]></text>
 </correctness>
 <unitpenalty>
  <text>1</text>
 </unitpenalty>
 <postunit>
  <text></text>
 </postunit>
 <ruleid>
  <text>1</text>
 </ruleid>
 <otherrule>
  <text></text>
 </otherrule>
 <subqtext format="html">
<text>Určete \(Y_1 = Y_0 + h\cdot k_2,\quad Y_1 = \) ({_0}, {_1},{_2})</text>
 </subqtext>
 <feedback format="html">
<text></text>
 </feedback>
 <correctfeedback format="html">
<text><![CDATA[<p>ok<br></p>]]></text>
 </correctfeedback>
 <partiallycorrectfeedback format="html">
<text></text>
 </partiallycorrectfeedback>
 <incorrectfeedback format="html">
<text><![CDATA[<p>chybně<br></p>]]></text>
 </incorrectfeedback>
</answers>
<answers>
 <partindex>
  <text>4</text>
 </partindex>
 <placeholder>
  <text></text>
 </placeholder>
 <answermark>
  <text>1</text>
 </answermark>
 <answertype>
  <text>10</text>
 </answertype>
 <numbox>
  <text>3</text>
 </numbox>
 <vars1>
  <text></text>
 </vars1>
 <answer>
  <text>k12</text>
 </answer>
 <vars2>
  <text></text>
 </vars2>
 <correctness>
  <text><![CDATA[_err < 0.1]]></text>
 </correctness>
 <unitpenalty>
  <text>1</text>
 </unitpenalty>
 <postunit>
  <text></text>
 </postunit>
 <ruleid>
  <text>1</text>
 </ruleid>
 <otherrule>
  <text></text>
 </otherrule>
 <subqtext format="html">
<text><![CDATA[<p><b>Druhý krok.</b> \(x_1 =\) {x1}<br><br>Určete \(k_1 = F(x_1, Y_1), \quad k_1 = \) ({_0}, {_1}, {_2})<br><br></p>]]></text>
 </subqtext>
 <feedback format="html">
<text></text>
 </feedback>
 <correctfeedback format="html">
<text><![CDATA[<p>ok<br></p>]]></text>
 </correctfeedback>
 <partiallycorrectfeedback format="html">
<text></text>
 </partiallycorrectfeedback>
 <incorrectfeedback format="html">
<text><![CDATA[<p>chybně<br></p>]]></text>
 </incorrectfeedback>
</answers>
<answers>
 <partindex>
  <text>5</text>
 </partindex>
 <placeholder>
  <text></text>
 </placeholder>
 <answermark>
  <text>1</text>
 </answermark>
 <answertype>
  <text>10</text>
 </answertype>
 <numbox>
  <text>3</text>
 </numbox>
 <vars1>
  <text></text>
 </vars1>
 <answer>
  <text>Ypom2</text>
 </answer>
 <vars2>
  <text></text>
 </vars2>
 <correctness>
  <text><![CDATA[_err < 0.1]]></text>
 </correctness>
 <unitpenalty>
  <text>1</text>
 </unitpenalty>
 <postunit>
  <text></text>
 </postunit>
 <ruleid>
  <text>1</text>
 </ruleid>
 <otherrule>
  <text></text>
 </otherrule>
 <subqtext format="html">
<text><![CDATA[<p>Určete \( Y_{pom} = Y_1 + \frac h2 k_1,\quad Y_{pom = }\) ({_0}, {_1},{_2})<br></p>]]></text>
 </subqtext>
 <feedback format="html">
<text></text>
 </feedback>
 <correctfeedback format="html">
<text><![CDATA[<p>ok<br></p>]]></text>
 </correctfeedback>
 <partiallycorrectfeedback format="html">
<text></text>
 </partiallycorrectfeedback>
 <incorrectfeedback format="html">
<text><![CDATA[<p>chybně<br></p>]]></text>
 </incorrectfeedback>
</answers>
<answers>
 <partindex>
  <text>6</text>
 </partindex>
 <placeholder>
  <text></text>
 </placeholder>
 <answermark>
  <text>1</text>
 </answermark>
 <answertype>
  <text>10</text>
 </answertype>
 <numbox>
  <text>3</text>
 </numbox>
 <vars1>
  <text></text>
 </vars1>
 <answer>
  <text>k22</text>
 </answer>
 <vars2>
  <text></text>
 </vars2>
 <correctness>
  <text><![CDATA[_err < 0.1]]></text>
 </correctness>
 <unitpenalty>
  <text>1</text>
 </unitpenalty>
 <postunit>
  <text></text>
 </postunit>
 <ruleid>
  <text>1</text>
 </ruleid>
 <otherrule>
  <text></text>
 </otherrule>
 <subqtext format="html">
<text><![CDATA[<p>Určete \(k_2 = F(x_1 + \frac h2,\ Y_{pom}),\quad k_2 = \) ({_0}, {_1}, {_2})<br></p>]]></text>
 </subqtext>
 <feedback format="html">
<text></text>
 </feedback>
 <correctfeedback format="html">
<text><![CDATA[<p>ok<br></p>]]></text>
 </correctfeedback>
 <partiallycorrectfeedback format="html">
<text></text>
 </partiallycorrectfeedback>
 <incorrectfeedback format="html">
<text><![CDATA[<p>chybně<br></p>]]></text>
 </incorrectfeedback>
</answers>
<answers>
 <partindex>
  <text>7</text>
 </partindex>
 <placeholder>
  <text></text>
 </placeholder>
 <answermark>
  <text>1</text>
 </answermark>
 <answertype>
  <text>10</text>
 </answertype>
 <numbox>
  <text>3</text>
 </numbox>
 <vars1>
  <text></text>
 </vars1>
 <answer>
  <text>Y2</text>
 </answer>
 <vars2>
  <text></text>
 </vars2>
 <correctness>
  <text><![CDATA[_err < 0.1]]></text>
 </correctness>
 <unitpenalty>
  <text>1</text>
 </unitpenalty>
 <postunit>
  <text></text>
 </postunit>
 <ruleid>
  <text>1</text>
 </ruleid>
 <otherrule>
  <text></text>
 </otherrule>
 <subqtext format="html">
<text><![CDATA[<p>Určete \(Y_2 = Y_1 + h\cdot k_2,\quad Y_2 = \) ({_0}, {_1}, {_2})<br></p>]]></text>
 </subqtext>
 <feedback format="html">
<text></text>
 </feedback>
 <correctfeedback format="html">
<text><![CDATA[<p>ok<br></p>]]></text>
 </correctfeedback>
 <partiallycorrectfeedback format="html">
<text></text>
 </partiallycorrectfeedback>
 <incorrectfeedback format="html">
<text><![CDATA[<p>chybně<br></p>]]></text>
 </incorrectfeedback>
</answers>
<answers>
 <partindex>
  <text>8</text>
 </partindex>
 <placeholder>
  <text></text>
 </placeholder>
 <answermark>
  <text>1</text>
 </answermark>
 <answertype>
  <text>10</text>
 </answertype>
 <numbox>
  <text>3</text>
 </numbox>
 <vars1>
  <text></text>
 </vars1>
 <answer>
  <text>[Y1[2], Y2[1], Y2[0]]</text>
 </answer>
 <vars2>
  <text></text>
 </vars2>
 <correctness>
  <text><![CDATA[_err < 0.1]]></text>
 </correctness>
 <unitpenalty>
  <text>1</text>
 </unitpenalty>
 <postunit>
  <text></text>
 </postunit>
 <ruleid>
  <text>1</text>
 </ruleid>
 <otherrule>
  <text></text>
 </otherrule>
 <subqtext format="html">
<text><![CDATA[<p>Interpretace výsledků. Z uvedených výsledků uveďte<br><br>a) přibližnou hodnotu \(y^{\prime\prime}\) v bodě {x1} {_0}<br><br>b) přibližnou hodnotu \(y^\prime\) v bodě {x2} {_1}</p><p>c) přibližnou hodnotu \(y\) v bodě {x2} {_2}<br></p>]]></text>
 </subqtext>
 <feedback format="html">
<text></text>
 </feedback>
 <correctfeedback format="html">
<text><![CDATA[<p>ok<br></p>]]></text>
 </correctfeedback>
 <partiallycorrectfeedback format="html">
<text></text>
 </partiallycorrectfeedback>
 <incorrectfeedback format="html">
<text><![CDATA[<p>chybně<br></p>]]></text>
 </incorrectfeedback>
</answers>
    <hint format="html">
      <text><![CDATA[<p>--<br></p>]]></text>
    </hint>
    <hint format="html">
      <text><![CDATA[<p>--<br></p>]]></text>
    </hint>
  </question>

<!-- question: 152021  -->
  <question type="formulas">
    <name>
      <text>Collatz-převod-se vzorci (do bety)</text>
    </name>
    <questiontext format="html">
      <text><![CDATA[<p>Je dána <b>Cauchyova úloha</b> pro neznámou funkci \(y(x)\).
$$y^{\prime\prime\prime}=3y^{\prime\prime}-2y^\prime+y,\ y({x0})={Y0[0]},y^\prime({x0})={Y0[1]},\ y^{\prime\prime}({x0})={Y0[2]} $$
Rovnici <b>převeďte na soustavu</b> tří rovnic 1. řádu.</p>
Volte krok \(h = \) {h} a počítejte <b>Collatzovou metodou.</b> (výsledky zapisujte do řádků)]]></text>
    </questiontext>
    <generalfeedback format="html">
      <text></text>
    </generalfeedback>
    <defaultgrade>5.0000000</defaultgrade>
    <penalty>0.0000000</penalty>
    <hidden>0</hidden>
    <idnumber></idnumber>
    <correctfeedback format="html">
      <text>Vaše odpověď je správná.</text>
    </correctfeedback>
    <partiallycorrectfeedback format="html">
      <text>Vaše odpověď je částečně správná.</text>
    </partiallycorrectfeedback>
    <incorrectfeedback format="html">
      <text>Vaše odpověď je chybná.</text>
    </incorrectfeedback>
    <shownumcorrect/>
<varsrandom><text>h={ -0.4, -0.2, 0.2, 0.4,0.5};
x0 = {-4:4};
yx= {-4:4}; yy ={-4:4};  yz={-4:4};</text>
</varsrandom>
<varsglobal><text>x0h=x0+h/2; x1 = x0+h; x1h = x1+h/2; x2 = x1+h;
Y0 = [yx,yy,yz];
k11 = [Y0[1], Y0[2],3*Y0[2]-2*Y0[1] +Y0[0]];
Ypom1 = [Y0[0] +( h/2*k11[0]), Y0[1] + (h/2*k11[1]), Y0[2] +( h/2*k11[2]) ];
k21 = [Ypom1[1], Ypom1[2], 3*Ypom1[2]-2*Ypom1[1] +Ypom1[0]];
Y1 = [Y0[0] + (h*k21[0]), Y0[1] + (h*k21[1]), Y0[2]+(h*k21[2])];
#k12 = [Y1[1], Y1[2],3*Y1[2]-2*Y1[1] +Y1[0]];
#Ypom2 = [Y1[0] + (h/2*k12[0]), Y1[1] + (h/2*k12[1]), Y1[2]+ (h/2*k12[2])];
#k22 = [Ypom2[1], Ypom2[2],3*Ypom2[2]-2*Ypom2[1] +Ypom2[0]];
#Y2 = [Y1[0] + (h*k22[0]), Y1[1] + (h*k22[1]) , Y1[2]  +(h*k22[2] )];</text>
</varsglobal>
<answernumbering><text>abc</text>
</answernumbering>
<answers>
 <partindex>
  <text>0</text>
 </partindex>
 <placeholder>
  <text></text>
 </placeholder>
 <answermark>
  <text>1</text>
 </answermark>
 <answertype>
  <text>10</text>
 </answertype>
 <numbox>
  <text>3</text>
 </numbox>
 <vars1>
  <text></text>
 </vars1>
 <answer>
  <text>k11</text>
 </answer>
 <vars2>
  <text></text>
 </vars2>
 <correctness>
  <text><![CDATA[_err < 0.1]]></text>
 </correctness>
 <unitpenalty>
  <text>1</text>
 </unitpenalty>
 <postunit>
  <text></text>
 </postunit>
 <ruleid>
  <text>1</text>
 </ruleid>
 <otherrule>
  <text></text>
 </otherrule>
 <subqtext format="html">
<text><![CDATA[<p><b>První krok.</b><br><br>Určete \(k_1 = F(x_0, Y_0), \quad k_1 = \) ({_0}, {_1}, {_2})<br><br></p>]]></text>
 </subqtext>
 <feedback format="html">
<text></text>
 </feedback>
 <correctfeedback format="html">
<text><![CDATA[<p>ok<br></p>]]></text>
 </correctfeedback>
 <partiallycorrectfeedback format="html">
<text></text>
 </partiallycorrectfeedback>
 <incorrectfeedback format="html">
<text><![CDATA[<p>chybně<br></p>]]></text>
 </incorrectfeedback>
</answers>
<answers>
 <partindex>
  <text>1</text>
 </partindex>
 <placeholder>
  <text></text>
 </placeholder>
 <answermark>
  <text>1</text>
 </answermark>
 <answertype>
  <text>10</text>
 </answertype>
 <numbox>
  <text>3</text>
 </numbox>
 <vars1>
  <text></text>
 </vars1>
 <answer>
  <text>Ypom1</text>
 </answer>
 <vars2>
  <text></text>
 </vars2>
 <correctness>
  <text><![CDATA[_err < 0.1]]></text>
 </correctness>
 <unitpenalty>
  <text>1</text>
 </unitpenalty>
 <postunit>
  <text></text>
 </postunit>
 <ruleid>
  <text>1</text>
 </ruleid>
 <otherrule>
  <text></text>
 </otherrule>
 <subqtext format="html">
<text><![CDATA[<p>Určete \( Y_{pom} = Y_0 + \frac h2 k_1,\quad Y_{pom = }\) ({_0}, {_1}, {_2})<br></p>]]></text>
 </subqtext>
 <feedback format="html">
<text></text>
 </feedback>
 <correctfeedback format="html">
<text><![CDATA[<p>ok<br></p>]]></text>
 </correctfeedback>
 <partiallycorrectfeedback format="html">
<text></text>
 </partiallycorrectfeedback>
 <incorrectfeedback format="html">
<text><![CDATA[<p>chybně<br></p>]]></text>
 </incorrectfeedback>
</answers>
<answers>
 <partindex>
  <text>2</text>
 </partindex>
 <placeholder>
  <text></text>
 </placeholder>
 <answermark>
  <text>1</text>
 </answermark>
 <answertype>
  <text>10</text>
 </answertype>
 <numbox>
  <text>3</text>
 </numbox>
 <vars1>
  <text></text>
 </vars1>
 <answer>
  <text>k21</text>
 </answer>
 <vars2>
  <text></text>
 </vars2>
 <correctness>
  <text><![CDATA[_err < 0.1]]></text>
 </correctness>
 <unitpenalty>
  <text>1</text>
 </unitpenalty>
 <postunit>
  <text></text>
 </postunit>
 <ruleid>
  <text>1</text>
 </ruleid>
 <otherrule>
  <text></text>
 </otherrule>
 <subqtext format="html">
<text><![CDATA[<p>Určete \(k_2 = F(x_0 + \frac h2,\ Y_{pom}),\quad k_2 = \) ({_0}, {_1}, {_2})<br></p>]]></text>
 </subqtext>
 <feedback format="html">
<text></text>
 </feedback>
 <correctfeedback format="html">
<text><![CDATA[<p>ok<br></p>]]></text>
 </correctfeedback>
 <partiallycorrectfeedback format="html">
<text></text>
 </partiallycorrectfeedback>
 <incorrectfeedback format="html">
<text><![CDATA[<p>chybně<br></p>]]></text>
 </incorrectfeedback>
</answers>
<answers>
 <partindex>
  <text>3</text>
 </partindex>
 <placeholder>
  <text></text>
 </placeholder>
 <answermark>
  <text>1</text>
 </answermark>
 <answertype>
  <text>10</text>
 </answertype>
 <numbox>
  <text>3</text>
 </numbox>
 <vars1>
  <text></text>
 </vars1>
 <answer>
  <text>Y1</text>
 </answer>
 <vars2>
  <text></text>
 </vars2>
 <correctness>
  <text><![CDATA[_err < 0.1]]></text>
 </correctness>
 <unitpenalty>
  <text>1</text>
 </unitpenalty>
 <postunit>
  <text></text>
 </postunit>
 <ruleid>
  <text>1</text>
 </ruleid>
 <otherrule>
  <text></text>
 </otherrule>
 <subqtext format="html">
<text>Určete \(Y_1 = Y_0 + h\cdot k_2,\quad Y_1 = \) ({_0}, {_1},{_2})</text>
 </subqtext>
 <feedback format="html">
<text></text>
 </feedback>
 <correctfeedback format="html">
<text><![CDATA[<p>ok<br></p>]]></text>
 </correctfeedback>
 <partiallycorrectfeedback format="html">
<text></text>
 </partiallycorrectfeedback>
 <incorrectfeedback format="html">
<text><![CDATA[<p>chybně<br></p>]]></text>
 </incorrectfeedback>
</answers>
<answers>
 <partindex>
  <text>4</text>
 </partindex>
 <placeholder>
  <text></text>
 </placeholder>
 <answermark>
  <text>1</text>
 </answermark>
 <answertype>
  <text>10</text>
 </answertype>
 <numbox>
  <text>2</text>
 </numbox>
 <vars1>
  <text></text>
 </vars1>
 <answer>
  <text>[Y1[1], Y1[0]]</text>
 </answer>
 <vars2>
  <text></text>
 </vars2>
 <correctness>
  <text><![CDATA[_err < 0.1]]></text>
 </correctness>
 <unitpenalty>
  <text>1</text>
 </unitpenalty>
 <postunit>
  <text></text>
 </postunit>
 <ruleid>
  <text>1</text>
 </ruleid>
 <otherrule>
  <text></text>
 </otherrule>
 <subqtext format="html">
<text><![CDATA[<p>Interpretace výsledků. Z uvedených výsledků uveďte<br>a) přibližnou hodnotu \(y^\prime\) v bodě {x1} {_0}</p><p>b) přibližnou hodnotu \(y\) v bodě {x1} {_1}<br></p>]]></text>
 </subqtext>
 <feedback format="html">
<text></text>
 </feedback>
 <correctfeedback format="html">
<text><![CDATA[<p>ok<br></p>]]></text>
 </correctfeedback>
 <partiallycorrectfeedback format="html">
<text></text>
 </partiallycorrectfeedback>
 <incorrectfeedback format="html">
<text><![CDATA[<p>chybně<br></p>]]></text>
 </incorrectfeedback>
</answers>
    <hint format="html">
      <text><![CDATA[<p>--<br></p>]]></text>
    </hint>
    <hint format="html">
      <text><![CDATA[<p>--<br></p>]]></text>
    </hint>
  </question>

<!-- question: 143410  -->
  <question type="formulas">
    <name>
      <text>Collatz-soustava, 2 kroky. Z</text>
    </name>
    <questiontext format="html">
      <text><![CDATA[<p>Je zadaná Cauchyova úloha pro soustavu rovnic:</p><p>\(\begin{array}{lcllcr}
y_1^\prime&amp;=&amp;\displaystyle \frac{y_1}{x},&amp;y_1(-3) &amp;=&amp; -1\\
y_2^\prime&amp;=&amp;\displaystyle \sqrt{y_2+1},&amp;y_2(-3) &amp;=&amp; 0\\
y_3^\prime&amp;=&amp;y_1 -2y_3,&amp;y_3(-3) &amp;=&amp; 1
\end{array}\)</p><p>Volte krok \( h =\){h} a počítejte<b> Collatzovou metodou.</b> Výsledky zapisujte do řádků.<br></p>]]></text>
    </questiontext>
    <generalfeedback format="html">
      <text></text>
    </generalfeedback>
    <defaultgrade>9.0000000</defaultgrade>
    <penalty>0.0000000</penalty>
    <hidden>0</hidden>
    <idnumber></idnumber>
    <correctfeedback format="html">
      <text>Vaše odpověď je správná.</text>
    </correctfeedback>
    <partiallycorrectfeedback format="html">
      <text>Vaše odpověď je částečně správná.</text>
    </partiallycorrectfeedback>
    <incorrectfeedback format="html">
      <text>Vaše odpověď je chybná.</text>
    </incorrectfeedback>
    <shownumcorrect/>
<varsrandom><text>h={-0.4, -0.2, 0.2, 0.4}</text>
</varsrandom>
<varsglobal><text>x0 = -3; x0h=x0+h/2; x1 = x0+h; x1h = x1+h/2; x2 = x1+h;
Y0 = [-1 ,0, 1];
k11 = [Y0[0]/x0, sqrt(Y0[1] + 1), Y0[0] -2*Y0[2]];
Ypom1 = [Y0[0] + h/2*k11[0], Y0[1] + h/2*k11[1], Y0[2] + h/2*k11[2]];
k21 = [Ypom1[0]/x0h, sqrt(Ypom1[1] + 1), Ypom1[0] -2*Ypom1[2]];
Y1 = [Y0[0] + h*k21[0], Y0[1] + h*k21[1], Y0[2] + h*k21[2]];
k12 = [Y1[0]/x1, sqrt(Y1[1] + 1), Y1[0] -2*Y1[2]];
Ypom2 = [Y1[0] + h/2*k12[0], Y1[1] + h/2*k12[1], Y1[2] + h/2*k12[2]];
k22 = [Ypom2[0]/x1h, sqrt(Ypom2[1] + 1), Ypom2[0] -2*Ypom2[2]];
Y2 = [Y1[0] + h*k22[0], Y1[1] + h*k22[1], Y1[2] + h*k22[2]];


</text>
</varsglobal>
<answernumbering><text>abc</text>
</answernumbering>
<answers>
 <partindex>
  <text>0</text>
 </partindex>
 <placeholder>
  <text></text>
 </placeholder>
 <answermark>
  <text>1</text>
 </answermark>
 <answertype>
  <text>10</text>
 </answertype>
 <numbox>
  <text>3</text>
 </numbox>
 <vars1>
  <text></text>
 </vars1>
 <answer>
  <text>k11</text>
 </answer>
 <vars2>
  <text></text>
 </vars2>
 <correctness>
  <text><![CDATA[_err < 0.1]]></text>
 </correctness>
 <unitpenalty>
  <text>1</text>
 </unitpenalty>
 <postunit>
  <text></text>
 </postunit>
 <ruleid>
  <text>1</text>
 </ruleid>
 <otherrule>
  <text></text>
 </otherrule>
 <subqtext format="html">
<text><![CDATA[<p><b>První krok.</b></p><p>Určete \(k_1 = F(x_0, Y_0), \quad k_1 = \) ({_0}, {_1}, {_2})<br></p>]]></text>
 </subqtext>
 <feedback format="html">
<text></text>
 </feedback>
 <correctfeedback format="html">
<text></text>
 </correctfeedback>
 <partiallycorrectfeedback format="html">
<text></text>
 </partiallycorrectfeedback>
 <incorrectfeedback format="html">
<text></text>
 </incorrectfeedback>
</answers>
<answers>
 <partindex>
  <text>1</text>
 </partindex>
 <placeholder>
  <text></text>
 </placeholder>
 <answermark>
  <text>1</text>
 </answermark>
 <answertype>
  <text>10</text>
 </answertype>
 <numbox>
  <text>3</text>
 </numbox>
 <vars1>
  <text></text>
 </vars1>
 <answer>
  <text>Ypom1</text>
 </answer>
 <vars2>
  <text></text>
 </vars2>
 <correctness>
  <text><![CDATA[_err < 0.1]]></text>
 </correctness>
 <unitpenalty>
  <text>1</text>
 </unitpenalty>
 <postunit>
  <text></text>
 </postunit>
 <ruleid>
  <text>1</text>
 </ruleid>
 <otherrule>
  <text></text>
 </otherrule>
 <subqtext format="html">
<text><![CDATA[<p>Určete \( Y_{pom} = Y_0 + \frac h2,\quad Y_{pom = }\) ({_0}, {_1}, {_2})<br></p>]]></text>
 </subqtext>
 <feedback format="html">
<text></text>
 </feedback>
 <correctfeedback format="html">
<text></text>
 </correctfeedback>
 <partiallycorrectfeedback format="html">
<text></text>
 </partiallycorrectfeedback>
 <incorrectfeedback format="html">
<text></text>
 </incorrectfeedback>
</answers>
<answers>
 <partindex>
  <text>2</text>
 </partindex>
 <placeholder>
  <text></text>
 </placeholder>
 <answermark>
  <text>1</text>
 </answermark>
 <answertype>
  <text>10</text>
 </answertype>
 <numbox>
  <text>3</text>
 </numbox>
 <vars1>
  <text></text>
 </vars1>
 <answer>
  <text>k21</text>
 </answer>
 <vars2>
  <text></text>
 </vars2>
 <correctness>
  <text><![CDATA[_err < 0.1]]></text>
 </correctness>
 <unitpenalty>
  <text>1</text>
 </unitpenalty>
 <postunit>
  <text></text>
 </postunit>
 <ruleid>
  <text>1</text>
 </ruleid>
 <otherrule>
  <text></text>
 </otherrule>
 <subqtext format="html">
<text><![CDATA[<p>Určete \(k_2 = F(x_0 + \frac h2,\ Y_{pom}),\quad k_2 = \) ({_0}, {_1}, {_2})<br></p>]]></text>
 </subqtext>
 <feedback format="html">
<text></text>
 </feedback>
 <correctfeedback format="html">
<text></text>
 </correctfeedback>
 <partiallycorrectfeedback format="html">
<text></text>
 </partiallycorrectfeedback>
 <incorrectfeedback format="html">
<text></text>
 </incorrectfeedback>
</answers>
<answers>
 <partindex>
  <text>3</text>
 </partindex>
 <placeholder>
  <text></text>
 </placeholder>
 <answermark>
  <text>1</text>
 </answermark>
 <answertype>
  <text>10</text>
 </answertype>
 <numbox>
  <text>3</text>
 </numbox>
 <vars1>
  <text></text>
 </vars1>
 <answer>
  <text>Y1</text>
 </answer>
 <vars2>
  <text></text>
 </vars2>
 <correctness>
  <text><![CDATA[_err < 0.1]]></text>
 </correctness>
 <unitpenalty>
  <text>1</text>
 </unitpenalty>
 <postunit>
  <text></text>
 </postunit>
 <ruleid>
  <text>1</text>
 </ruleid>
 <otherrule>
  <text></text>
 </otherrule>
 <subqtext format="html">
<text><![CDATA[<p>Určete \(Y_1 = Y_0 + h\cdot k_2,\quad Y_1 = \) ({_0}, {_1}, {_2})<br></p>]]></text>
 </subqtext>
 <feedback format="html">
<text></text>
 </feedback>
 <correctfeedback format="html">
<text></text>
 </correctfeedback>
 <partiallycorrectfeedback format="html">
<text></text>
 </partiallycorrectfeedback>
 <incorrectfeedback format="html">
<text></text>
 </incorrectfeedback>
</answers>
<answers>
 <partindex>
  <text>4</text>
 </partindex>
 <placeholder>
  <text></text>
 </placeholder>
 <answermark>
  <text>1</text>
 </answermark>
 <answertype>
  <text>10</text>
 </answertype>
 <numbox>
  <text>3</text>
 </numbox>
 <vars1>
  <text></text>
 </vars1>
 <answer>
  <text>k12</text>
 </answer>
 <vars2>
  <text></text>
 </vars2>
 <correctness>
  <text><![CDATA[_err < 0.1]]></text>
 </correctness>
 <unitpenalty>
  <text>1</text>
 </unitpenalty>
 <postunit>
  <text></text>
 </postunit>
 <ruleid>
  <text>1</text>
 </ruleid>
 <otherrule>
  <text></text>
 </otherrule>
 <subqtext format="html">
<text><![CDATA[<p></p><p><b>Druhý krok. </b>\(x_1 =\) {x1}<b><br></b></p><p>Určete \(k_1 = F(x_1, Y_1), \quad k_1 = \) ({_0}, {_1}, {_2})</p><br><p></p>]]></text>
 </subqtext>
 <feedback format="html">
<text></text>
 </feedback>
 <correctfeedback format="html">
<text></text>
 </correctfeedback>
 <partiallycorrectfeedback format="html">
<text></text>
 </partiallycorrectfeedback>
 <incorrectfeedback format="html">
<text></text>
 </incorrectfeedback>
</answers>
<answers>
 <partindex>
  <text>5</text>
 </partindex>
 <placeholder>
  <text></text>
 </placeholder>
 <answermark>
  <text>1</text>
 </answermark>
 <answertype>
  <text>10</text>
 </answertype>
 <numbox>
  <text>3</text>
 </numbox>
 <vars1>
  <text></text>
 </vars1>
 <answer>
  <text>Ypom2</text>
 </answer>
 <vars2>
  <text></text>
 </vars2>
 <correctness>
  <text><![CDATA[_err < 0.1]]></text>
 </correctness>
 <unitpenalty>
  <text>1</text>
 </unitpenalty>
 <postunit>
  <text></text>
 </postunit>
 <ruleid>
  <text>1</text>
 </ruleid>
 <otherrule>
  <text></text>
 </otherrule>
 <subqtext format="html">
<text><![CDATA[<p>Určete \( Y_{pom} = Y_1 + \frac h2,\quad Y_{pom = }\) ({_0}, {_1}, {_2})<br></p>]]></text>
 </subqtext>
 <feedback format="html">
<text></text>
 </feedback>
 <correctfeedback format="html">
<text></text>
 </correctfeedback>
 <partiallycorrectfeedback format="html">
<text></text>
 </partiallycorrectfeedback>
 <incorrectfeedback format="html">
<text></text>
 </incorrectfeedback>
</answers>
<answers>
 <partindex>
  <text>6</text>
 </partindex>
 <placeholder>
  <text></text>
 </placeholder>
 <answermark>
  <text>1</text>
 </answermark>
 <answertype>
  <text>10</text>
 </answertype>
 <numbox>
  <text>3</text>
 </numbox>
 <vars1>
  <text></text>
 </vars1>
 <answer>
  <text>k22</text>
 </answer>
 <vars2>
  <text></text>
 </vars2>
 <correctness>
  <text><![CDATA[_err < 0.1]]></text>
 </correctness>
 <unitpenalty>
  <text>1</text>
 </unitpenalty>
 <postunit>
  <text></text>
 </postunit>
 <ruleid>
  <text>1</text>
 </ruleid>
 <otherrule>
  <text></text>
 </otherrule>
 <subqtext format="html">
<text><![CDATA[<p>Určete \(k_2 = F(x_1 + \frac h2,\ Y_{pom}),\quad k_2 = \) ({_0}, {_1}, {_2})<br></p>]]></text>
 </subqtext>
 <feedback format="html">
<text></text>
 </feedback>
 <correctfeedback format="html">
<text></text>
 </correctfeedback>
 <partiallycorrectfeedback format="html">
<text></text>
 </partiallycorrectfeedback>
 <incorrectfeedback format="html">
<text></text>
 </incorrectfeedback>
</answers>
<answers>
 <partindex>
  <text>7</text>
 </partindex>
 <placeholder>
  <text></text>
 </placeholder>
 <answermark>
  <text>1</text>
 </answermark>
 <answertype>
  <text>10</text>
 </answertype>
 <numbox>
  <text>3</text>
 </numbox>
 <vars1>
  <text></text>
 </vars1>
 <answer>
  <text>Y2</text>
 </answer>
 <vars2>
  <text></text>
 </vars2>
 <correctness>
  <text><![CDATA[_err < 0.1]]></text>
 </correctness>
 <unitpenalty>
  <text>1</text>
 </unitpenalty>
 <postunit>
  <text></text>
 </postunit>
 <ruleid>
  <text>1</text>
 </ruleid>
 <otherrule>
  <text></text>
 </otherrule>
 <subqtext format="html">
<text><![CDATA[<p>Určete \(Y_2 = Y_1 + h\cdot k_2,\quad Y_2 = \) ({_0}, {_1}, {_2})<br></p>]]></text>
 </subqtext>
 <feedback format="html">
<text></text>
 </feedback>
 <correctfeedback format="html">
<text></text>
 </correctfeedback>
 <partiallycorrectfeedback format="html">
<text></text>
 </partiallycorrectfeedback>
 <incorrectfeedback format="html">
<text></text>
 </incorrectfeedback>
</answers>
<answers>
 <partindex>
  <text>8</text>
 </partindex>
 <placeholder>
  <text></text>
 </placeholder>
 <answermark>
  <text>1</text>
 </answermark>
 <answertype>
  <text>10</text>
 </answertype>
 <numbox>
  <text>2</text>
 </numbox>
 <vars1>
  <text></text>
 </vars1>
 <answer>
  <text>[Y1[0], Y2[2]]</text>
 </answer>
 <vars2>
  <text></text>
 </vars2>
 <correctness>
  <text><![CDATA[_err < 0.1]]></text>
 </correctness>
 <unitpenalty>
  <text>1</text>
 </unitpenalty>
 <postunit>
  <text></text>
 </postunit>
 <ruleid>
  <text>1</text>
 </ruleid>
 <otherrule>
  <text></text>
 </otherrule>
 <subqtext format="html">
<text><![CDATA[<p><b>Interpretace výsledků.</b> Z uvedených výsledků uveďte</p><p>a) přibližnou hodnotu \(y_1\) v bodě {x1} {_0}<br></p><p>b) přibližnou hodnotu \(y_3\) v bodě {x2} {_1}<br></p>]]></text>
 </subqtext>
 <feedback format="html">
<text></text>
 </feedback>
 <correctfeedback format="html">
<text></text>
 </correctfeedback>
 <partiallycorrectfeedback format="html">
<text></text>
 </partiallycorrectfeedback>
 <incorrectfeedback format="html">
<text></text>
 </incorrectfeedback>
</answers>
    <hint format="html">
      <text><![CDATA[<p>--<br></p>]]></text>
    </hint>
    <hint format="html">
      <text><![CDATA[<p>--<br></p>]]></text>
    </hint>
  </question>

</quiz>